<?xml version="1.0" encoding="UTF-8"?>
<testsuite xmlns:xsi="http://www.w3.org/2001/XMLSchema-instance" xsi:noNamespaceSchemaLocation="https://maven.apache.org/surefire/maven-surefire-plugin/xsd/surefire-test-report.xsd" name="org.apache.hadoop.ozone.client.rpc.TestMultiBlockWritesWithDnFailures" time="66.498" tests="2" errors="2" skipped="0" failures="0">
  <properties>
    <property name="awt.toolkit" value="sun.awt.X11.XToolkit"/>
    <property name="file.encoding.pkg" value="sun.io"/>
    <property name="java.specification.version" value="1.8"/>
    <property name="sun.cpu.isalist" value=""/>
    <property name="sun.jnu.encoding" value="UTF-8"/>
    <property name="java.class.path" value="/workdir/hadoop-ozone/integration-test/target/test-classes:/workdir/hadoop-ozone/integration-test/target/classes:/home/user/.m2/repository/org/apache/hadoop/hadoop-ozone-common/0.5.0-SNAPSHOT/hadoop-ozone-common-0.5.0-SNAPSHOT.jar:/home/user/.m2/repository/org/apache/commons/commons-compress/1.4.1/commons-compress-1.4.1.jar:/home/user/.m2/repository/org/tukaani/xz/1.0/xz-1.0.jar:/home/user/.m2/repository/org/apache/hadoop/hadoop-common/3.2.0/hadoop-common-3.2.0.jar:/home/user/.m2/repository/org/apache/hadoop/hadoop-hdfs/3.2.0/hadoop-hdfs-3.2.0.jar:/home/user/.m2/repository/org/apache/hadoop/hadoop-hdfs-client/3.2.0/hadoop-hdfs-client-3.2.0.jar:/home/user/.m2/repository/com/fasterxml/jackson/core/jackson-annotations/2.9.5/jackson-annotations-2.9.5.jar:/home/user/.m2/repository/org/apache/hadoop/hadoop-hdds-common/0.5.0-SNAPSHOT/hadoop-hdds-common-0.5.0-SNAPSHOT.jar:/home/user/.m2/repository/javax/annotation/javax.annotation-api/1.2/javax.annotation-api-1.2.jar:/home/user/.m2/repository/org/apache/ratis/ratis-server/0.4.0-2337318-SNAPSHOT/ratis-server-0.4.0-2337318-SNAPSHOT.jar:/home/user/.m2/repository/org/apache/ratis/ratis-thirdparty-misc/0.2.0/ratis-thirdparty-misc-0.2.0.jar:/home/user/.m2/repository/org/apache/ratis/ratis-proto/0.4.0-2337318-SNAPSHOT/ratis-proto-0.4.0-2337318-SNAPSHOT.jar:/home/user/.m2/repository/org/apache/ratis/ratis-common/0.4.0-2337318-SNAPSHOT/ratis-common-0.4.0-2337318-SNAPSHOT.jar:/home/user/.m2/repository/org/apache/ratis/ratis-client/0.4.0-2337318-SNAPSHOT/ratis-client-0.4.0-2337318-SNAPSHOT.jar:/home/user/.m2/repository/org/apache/ratis/ratis-metrics/0.4.0-2337318-SNAPSHOT/ratis-metrics-0.4.0-2337318-SNAPSHOT.jar:/home/user/.m2/repository/org/apache/ratis/ratis-netty/0.4.0-2337318-SNAPSHOT/ratis-netty-0.4.0-2337318-SNAPSHOT.jar:/home/user/.m2/repository/org/apache/ratis/ratis-grpc/0.4.0-2337318-SNAPSHOT/ratis-grpc-0.4.0-2337318-SNAPSHOT.jar:/home/user/.m2/repository/org/rocksdb/rocksdbjni/6.0.1/rocksdbjni-6.0.1.jar:/home/user/.m2/repository/org/apache/logging/log4j/log4j-api/2.11.0/log4j-api-2.11.0.jar:/home/user/.m2/repository/org/apache/logging/log4j/log4j-core/2.11.0/log4j-core-2.11.0.jar:/home/user/.m2/repository/com/lmax/disruptor/3.4.2/disruptor-3.4.2.jar:/home/user/.m2/repository/org/apache/commons/commons-pool2/2.6.0/commons-pool2-2.6.0.jar:/home/user/.m2/repository/org/bouncycastle/bcpkix-jdk15on/1.60/bcpkix-jdk15on-1.60.jar:/home/user/.m2/repository/commons-validator/commons-validator/1.6/commons-validator-1.6.jar:/home/user/.m2/repository/commons-digester/commons-digester/1.8.1/commons-digester-1.8.1.jar:/home/user/.m2/repository/io/jaegertracing/jaeger-client/0.33.1/jaeger-client-0.33.1.jar:/home/user/.m2/repository/io/jaegertracing/jaeger-thrift/0.33.1/jaeger-thrift-0.33.1.jar:/home/user/.m2/repository/org/apache/thrift/libthrift/0.11.0/libthrift-0.11.0.jar:/home/user/.m2/repository/com/squareup/okhttp3/okhttp/3.9.0/okhttp-3.9.0.jar:/home/user/.m2/repository/com/squareup/okio/okio/1.13.0/okio-1.13.0.jar:/home/user/.m2/repository/io/jaegertracing/jaeger-core/0.33.1/jaeger-core-0.33.1.jar:/home/user/.m2/repository/io/jaegertracing/jaeger-tracerresolver/0.33.1/jaeger-tracerresolver-0.33.1.jar:/home/user/.m2/repository/io/opentracing/contrib/opentracing-tracerresolver/0.1.5/opentracing-tracerresolver-0.1.5.jar:/home/user/.m2/repository/io/opentracing/opentracing-util/0.31.0/opentracing-util-0.31.0.jar:/home/user/.m2/repository/io/opentracing/opentracing-api/0.31.0/opentracing-api-0.31.0.jar:/home/user/.m2/repository/io/opentracing/opentracing-noop/0.31.0/opentracing-noop-0.31.0.jar:/home/user/.m2/repository/org/apache/hadoop/hadoop-hdds-server-framework/0.5.0-SNAPSHOT/hadoop-hdds-server-framework-0.5.0-SNAPSHOT.jar:/home/user/.m2/repository/org/apache/hadoop/hadoop-hdds-container-service/0.5.0-SNAPSHOT/hadoop-hdds-container-service-0.5.0-SNAPSHOT.jar:/home/user/.m2/repository/org/apache/hadoop/hadoop-hdds-client/0.5.0-SNAPSHOT/hadoop-hdds-client-0.5.0-SNAPSHOT.jar:/home/user/.m2/repository/org/apache/hadoop/hadoop-hdds-tools/0.5.0-SNAPSHOT/hadoop-hdds-tools-0.5.0-SNAPSHOT.jar:/home/user/.m2/repository/org/apache/hadoop/hadoop-hdds-server-scm/0.5.0-SNAPSHOT/hadoop-hdds-server-scm-0.5.0-SNAPSHOT.jar:/home/user/.m2/repository/org/apache/hadoop/hadoop-hdds-docs/0.5.0-SNAPSHOT/hadoop-hdds-docs-0.5.0-SNAPSHOT.jar:/home/user/.m2/repository/io/dropwizard/metrics/metrics-core/3.2.4/metrics-core-3.2.4.jar:/home/user/.m2/repository/org/hamcrest/hamcrest-all/1.3/hamcrest-all-1.3.jar:/home/user/.m2/repository/org/bouncycastle/bcprov-jdk15on/1.60/bcprov-jdk15on-1.60.jar:/home/user/.m2/repository/info/picocli/picocli/3.9.6/picocli-3.9.6.jar:/home/user/.m2/repository/com/google/protobuf/protobuf-java/2.5.0/protobuf-java-2.5.0.jar:/home/user/.m2/repository/com/google/guava/guava/11.0.2/guava-11.0.2.jar:/home/user/.m2/repository/org/apache/hadoop/hadoop-ozone-ozone-manager/0.5.0-SNAPSHOT/hadoop-ozone-ozone-manager-0.5.0-SNAPSHOT.jar:/home/user/.m2/repository/org/apache/hadoop/hadoop-minikdc/3.2.0/hadoop-minikdc-3.2.0.jar:/home/user/.m2/repository/commons-io/commons-io/2.5/commons-io-2.5.jar:/home/user/.m2/repository/org/apache/kerby/kerb-simplekdc/1.0.1/kerb-simplekdc-1.0.1.jar:/home/user/.m2/repository/org/apache/kerby/kerb-client/1.0.1/kerb-client-1.0.1.jar:/home/user/.m2/repository/org/apache/kerby/kerby-config/1.0.1/kerby-config-1.0.1.jar:/home/user/.m2/repository/org/apache/kerby/kerb-core/1.0.1/kerb-core-1.0.1.jar:/home/user/.m2/repository/org/apache/kerby/kerby-pkix/1.0.1/kerby-pkix-1.0.1.jar:/home/user/.m2/repository/org/apache/kerby/kerby-asn1/1.0.1/kerby-asn1-1.0.1.jar:/home/user/.m2/repository/org/apache/kerby/kerby-util/1.0.1/kerby-util-1.0.1.jar:/home/user/.m2/repository/org/apache/kerby/kerb-common/1.0.1/kerb-common-1.0.1.jar:/home/user/.m2/repository/org/apache/kerby/kerb-crypto/1.0.1/kerb-crypto-1.0.1.jar:/home/user/.m2/repository/org/apache/kerby/kerb-util/1.0.1/kerb-util-1.0.1.jar:/home/user/.m2/repository/org/apache/kerby/token-provider/1.0.1/token-provider-1.0.1.jar:/home/user/.m2/repository/org/apache/kerby/kerb-admin/1.0.1/kerb-admin-1.0.1.jar:/home/user/.m2/repository/org/apache/kerby/kerb-server/1.0.1/kerb-server-1.0.1.jar:/home/user/.m2/repository/org/apache/kerby/kerb-identity/1.0.1/kerb-identity-1.0.1.jar:/home/user/.m2/repository/org/apache/kerby/kerby-xdr/1.0.1/kerby-xdr-1.0.1.jar:/home/user/.m2/repository/org/slf4j/slf4j-log4j12/1.7.25/slf4j-log4j12-1.7.25.jar:/home/user/.m2/repository/org/apache/hadoop/hadoop-ozone-objectstore-service/0.5.0-SNAPSHOT/hadoop-ozone-objectstore-service-0.5.0-SNAPSHOT.jar:/home/user/.m2/repository/org/apache/hadoop/hadoop-ozone-s3gateway/0.5.0-SNAPSHOT/hadoop-ozone-s3gateway-0.5.0-SNAPSHOT.jar:/home/user/.m2/repository/org/jboss/weld/servlet/weld-servlet/2.4.7.Final/weld-servlet-2.4.7.Final.jar:/home/user/.m2/repository/org/glassfish/jersey/containers/jersey-container-servlet-core/2.27/jersey-container-servlet-core-2.27.jar:/home/user/.m2/repository/org/glassfish/hk2/external/javax.inject/2.5.0-b42/javax.inject-2.5.0-b42.jar:/home/user/.m2/repository/org/glassfish/jersey/core/jersey-common/2.27/jersey-common-2.27.jar:/home/user/.m2/repository/org/glassfish/hk2/osgi-resource-locator/1.0.1/osgi-resource-locator-1.0.1.jar:/home/user/.m2/repository/javax/ws/rs/javax.ws.rs-api/2.1/javax.ws.rs-api-2.1.jar:/home/user/.m2/repository/org/glassfish/jersey/ext/cdi/jersey-cdi1x/2.27/jersey-cdi1x-2.27.jar:/home/user/.m2/repository/org/glassfish/jersey/inject/jersey-hk2/2.27/jersey-hk2-2.27.jar:/home/user/.m2/repository/org/glassfish/hk2/hk2-locator/2.5.0-b42/hk2-locator-2.5.0-b42.jar:/home/user/.m2/repository/org/javassist/javassist/3.22.0-CR2/javassist-3.22.0-CR2.jar:/home/user/.m2/repository/org/glassfish/hk2/hk2-api/2.5.0/hk2-api-2.5.0.jar:/home/user/.m2/repository/org/glassfish/hk2/external/jakarta.inject/2.5.0/jakarta.inject-2.5.0.jar:/home/user/.m2/repository/org/glassfish/hk2/hk2-utils/2.5.0/hk2-utils-2.5.0.jar:/home/user/.m2/repository/jakarta/annotation/jakarta.annotation-api/1.3.4/jakarta.annotation-api-1.3.4.jar:/home/user/.m2/repository/org/glassfish/hk2/external/aopalliance-repackaged/2.5.0/aopalliance-repackaged-2.5.0.jar:/home/user/.m2/repository/com/fasterxml/jackson/dataformat/jackson-dataformat-xml/2.9.0/jackson-dataformat-xml-2.9.0.jar:/home/user/.m2/repository/com/fasterxml/jackson/core/jackson-core/2.9.5/jackson-core-2.9.5.jar:/home/user/.m2/repository/com/fasterxml/jackson/module/jackson-module-jaxb-annotations/2.9.5/jackson-module-jaxb-annotations-2.9.5.jar:/home/user/.m2/repository/javax/enterprise/cdi-api/1.2/cdi-api-1.2.jar:/home/user/.m2/repository/javax/el/javax.el-api/3.0.0/javax.el-api-3.0.0.jar:/home/user/.m2/repository/javax/interceptor/javax.interceptor-api/1.2/javax.interceptor-api-1.2.jar:/home/user/.m2/repository/javax/inject/javax.inject/1/javax.inject-1.jar:/home/user/.m2/repository/com/sun/xml/bind/jaxb-impl/2.3.0.1/jaxb-impl-2.3.0.1.jar:/home/user/.m2/repository/com/sun/xml/bind/jaxb-core/2.3.0.1/jaxb-core-2.3.0.1.jar:/home/user/.m2/repository/javax/xml/bind/jaxb-api/2.3.0/jaxb-api-2.3.0.jar:/home/user/.m2/repository/javax/activation/activation/1.1.1/activation-1.1.1.jar:/home/user/.m2/repository/org/apache/hadoop/hadoop-ozone-csi/0.5.0-SNAPSHOT/hadoop-ozone-csi-0.5.0-SNAPSHOT.jar:/home/user/.m2/repository/com/google/protobuf/protobuf-java-util/3.5.1/protobuf-java-util-3.5.1.jar:/home/user/.m2/repository/org/apache/hadoop/hadoop-hdds-config/0.5.0-SNAPSHOT/hadoop-hdds-config-0.5.0-SNAPSHOT.jar:/home/user/.m2/repository/io/grpc/grpc-netty/1.17.1/grpc-netty-1.17.1.jar:/home/user/.m2/repository/io/grpc/grpc-core/1.17.1/grpc-core-1.17.1.jar:/home/user/.m2/repository/io/grpc/grpc-context/1.17.1/grpc-context-1.17.1.jar:/home/user/.m2/repository/com/google/errorprone/error_prone_annotations/2.2.0/error_prone_annotations-2.2.0.jar:/home/user/.m2/repository/org/codehaus/mojo/animal-sniffer-annotations/1.17/animal-sniffer-annotations-1.17.jar:/home/user/.m2/repository/io/opencensus/opencensus-api/0.17.0/opencensus-api-0.17.0.jar:/home/user/.m2/repository/io/opencensus/opencensus-contrib-grpc-metrics/0.17.0/opencensus-contrib-grpc-metrics-0.17.0.jar:/home/user/.m2/repository/io/netty/netty-codec-http2/4.1.30.Final/netty-codec-http2-4.1.30.Final.jar:/home/user/.m2/repository/io/netty/netty-codec-http/4.1.30.Final/netty-codec-http-4.1.30.Final.jar:/home/user/.m2/repository/io/netty/netty-codec/4.1.30.Final/netty-codec-4.1.30.Final.jar:/home/user/.m2/repository/io/netty/netty-handler/4.1.30.Final/netty-handler-4.1.30.Final.jar:/home/user/.m2/repository/io/netty/netty-handler-proxy/4.1.30.Final/netty-handler-proxy-4.1.30.Final.jar:/home/user/.m2/repository/io/netty/netty-codec-socks/4.1.30.Final/netty-codec-socks-4.1.30.Final.jar:/home/user/.m2/repository/io/netty/netty-transport-native-epoll/4.1.30.Final/netty-transport-native-epoll-4.1.30.Final.jar:/home/user/.m2/repository/io/netty/netty-common/4.1.30.Final/netty-common-4.1.30.Final.jar:/home/user/.m2/repository/io/netty/netty-buffer/4.1.30.Final/netty-buffer-4.1.30.Final.jar:/home/user/.m2/repository/io/netty/netty-transport/4.1.30.Final/netty-transport-4.1.30.Final.jar:/home/user/.m2/repository/io/netty/netty-resolver/4.1.30.Final/netty-resolver-4.1.30.Final.jar:/home/user/.m2/repository/io/netty/netty-transport-native-unix-common/4.1.30.Final/netty-transport-native-unix-common-4.1.30.Final.jar:/home/user/.m2/repository/io/grpc/grpc-protobuf/1.17.1/grpc-protobuf-1.17.1.jar:/home/user/.m2/repository/com/google/api/grpc/proto-google-common-protos/1.0.0/proto-google-common-protos-1.0.0.jar:/home/user/.m2/repository/io/grpc/grpc-protobuf-lite/1.17.1/grpc-protobuf-lite-1.17.1.jar:/home/user/.m2/repository/io/grpc/grpc-stub/1.17.1/grpc-stub-1.17.1.jar:/home/user/.m2/repository/org/apache/hadoop/hadoop-ozone-recon/0.5.0-SNAPSHOT/hadoop-ozone-recon-0.5.0-SNAPSHOT.jar:/home/user/.m2/repository/org/apache/hadoop/hadoop-ozone-reconcodegen/0.5.0-SNAPSHOT/hadoop-ozone-reconcodegen-0.5.0-SNAPSHOT.jar:/home/user/.m2/repository/com/google/inject/extensions/guice-multibindings/4.0/guice-multibindings-4.0.jar:/home/user/.m2/repository/com/google/inject/guice/4.0/guice-4.0.jar:/home/user/.m2/repository/aopalliance/aopalliance/1.0/aopalliance-1.0.jar:/home/user/.m2/repository/com/google/inject/extensions/guice-servlet/4.0/guice-servlet-4.0.jar:/home/user/.m2/repository/org/glassfish/jersey/containers/jersey-container-servlet/2.27/jersey-container-servlet-2.27.jar:/home/user/.m2/repository/org/glassfish/hk2/guice-bridge/2.5.0/guice-bridge-2.5.0.jar:/home/user/.m2/repository/org/glassfish/jersey/core/jersey-server/2.27/jersey-server-2.27.jar:/home/user/.m2/repository/org/glassfish/jersey/core/jersey-client/2.27/jersey-client-2.27.jar:/home/user/.m2/repository/org/glassfish/jersey/media/jersey-media-jaxb/2.27/jersey-media-jaxb-2.27.jar:/home/user/.m2/repository/javax/validation/validation-api/1.1.0.Final/validation-api-1.1.0.Final.jar:/home/user/.m2/repository/org/glassfish/jersey/media/jersey-media-json-jackson/2.27/jersey-media-json-jackson-2.27.jar:/home/user/.m2/repository/org/glassfish/jersey/ext/jersey-entity-filtering/2.27/jersey-entity-filtering-2.27.jar:/home/user/.m2/repository/com/google/inject/extensions/guice-assistedinject/4.0/guice-assistedinject-4.0.jar:/home/user/.m2/repository/org/jooq/jooq/3.11.10/jooq-3.11.10.jar:/home/user/.m2/repository/org/jooq/jooq-meta/3.11.10/jooq-meta-3.11.10.jar:/home/user/.m2/repository/org/jooq/jooq-codegen/3.11.10/jooq-codegen-3.11.10.jar:/home/user/.m2/repository/com/jolbox/bonecp/0.8.0.RELEASE/bonecp-0.8.0.RELEASE.jar:/home/user/.m2/repository/org/xerial/sqlite-jdbc/3.25.2/sqlite-jdbc-3.25.2.jar:/home/user/.m2/repository/org/springframework/spring-jdbc/5.1.3.RELEASE/spring-jdbc-5.1.3.RELEASE.jar:/home/user/.m2/repository/org/springframework/spring-beans/5.1.3.RELEASE/spring-beans-5.1.3.RELEASE.jar:/home/user/.m2/repository/org/springframework/spring-core/5.1.3.RELEASE/spring-core-5.1.3.RELEASE.jar:/home/user/.m2/repository/org/springframework/spring-jcl/5.1.3.RELEASE/spring-jcl-5.1.3.RELEASE.jar:/home/user/.m2/repository/org/springframework/spring-tx/5.1.3.RELEASE/spring-tx-5.1.3.RELEASE.jar:/home/user/.m2/repository/org/apache/hadoop/hadoop-ozone-client/0.5.0-SNAPSHOT/hadoop-ozone-client-0.5.0-SNAPSHOT.jar:/home/user/.m2/repository/commons-lang/commons-lang/2.6/commons-lang-2.6.jar:/home/user/.m2/repository/org/apache/hadoop/hadoop-ozone-ozone-manager/0.5.0-SNAPSHOT/hadoop-ozone-ozone-manager-0.5.0-SNAPSHOT-tests.jar:/home/user/.m2/repository/junit/junit/4.11/junit-4.11.jar:/home/user/.m2/repository/org/hamcrest/hamcrest-core/1.3/hamcrest-core-1.3.jar:/home/user/.m2/repository/org/openjdk/jmh/jmh-core/1.19/jmh-core-1.19.jar:/home/user/.m2/repository/net/sf/jopt-simple/jopt-simple/4.6/jopt-simple-4.6.jar:/home/user/.m2/repository/org/apache/commons/commons-math3/3.1.1/commons-math3-3.1.1.jar:/home/user/.m2/repository/org/openjdk/jmh/jmh-generator-annprocess/1.19/jmh-generator-annprocess-1.19.jar:/home/user/.m2/repository/org/mockito/mockito-all/1.8.5/mockito-all-1.8.5.jar:/home/user/.m2/repository/org/apache/hadoop/hadoop-kms/3.2.0/hadoop-kms-3.2.0.jar:/home/user/.m2/repository/org/apache/hadoop/hadoop-auth/3.2.0/hadoop-auth-3.2.0.jar:/home/user/.m2/repository/com/nimbusds/nimbus-jose-jwt/4.41.1/nimbus-jose-jwt-4.41.1.jar:/home/user/.m2/repository/com/github/stephenc/jcip/jcip-annotations/1.0-1/jcip-annotations-1.0-1.jar:/home/user/.m2/repository/net/minidev/json-smart/2.3/json-smart-2.3.jar:/home/user/.m2/repository/net/minidev/accessors-smart/1.2/accessors-smart-1.2.jar:/home/user/.m2/repository/org/ow2/asm/asm/5.0.4/asm-5.0.4.jar:/home/user/.m2/repository/org/apache/curator/curator-framework/2.12.0/curator-framework-2.12.0.jar:/home/user/.m2/repository/com/sun/jersey/jersey-core/1.19/jersey-core-1.19.jar:/home/user/.m2/repository/javax/ws/rs/jsr311-api/1.1.1/jsr311-api-1.1.1.jar:/home/user/.m2/repository/com/sun/jersey/jersey-server/1.19/jersey-server-1.19.jar:/home/user/.m2/repository/javax/servlet/javax.servlet-api/3.1.0/javax.servlet-api-3.1.0.jar:/home/user/.m2/repository/org/eclipse/jetty/jetty-server/9.3.24.v20180605/jetty-server-9.3.24.v20180605.jar:/home/user/.m2/repository/org/eclipse/jetty/jetty-http/9.3.24.v20180605/jetty-http-9.3.24.v20180605.jar:/home/user/.m2/repository/org/eclipse/jetty/jetty-io/9.3.24.v20180605/jetty-io-9.3.24.v20180605.jar:/home/user/.m2/repository/org/eclipse/jetty/jetty-webapp/9.3.24.v20180605/jetty-webapp-9.3.24.v20180605.jar:/home/user/.m2/repository/org/eclipse/jetty/jetty-xml/9.3.24.v20180605/jetty-xml-9.3.24.v20180605.jar:/home/user/.m2/repository/log4j/log4j/1.2.17/log4j-1.2.17.jar:/home/user/.m2/repository/org/slf4j/slf4j-api/1.7.25/slf4j-api-1.7.25.jar:/home/user/.m2/repository/org/slf4j/jul-to-slf4j/1.7.25/jul-to-slf4j-1.7.25.jar:/home/user/.m2/repository/org/eclipse/jetty/jetty-util/9.3.24.v20180605/jetty-util-9.3.24.v20180605.jar:/home/user/.m2/repository/com/fasterxml/jackson/core/jackson-databind/2.9.5/jackson-databind-2.9.5.jar:/home/user/.m2/repository/org/apache/hadoop/hadoop-kms/3.2.0/hadoop-kms-3.2.0-tests.jar:/home/user/.m2/repository/org/apache/hadoop/hadoop-hdds-server-scm/0.5.0-SNAPSHOT/hadoop-hdds-server-scm-0.5.0-SNAPSHOT-tests.jar:/home/user/.m2/repository/org/apache/hadoop/hadoop-hdds-container-service/0.5.0-SNAPSHOT/hadoop-hdds-container-service-0.5.0-SNAPSHOT-tests.jar:/home/user/.m2/repository/org/yaml/snakeyaml/1.16/snakeyaml-1.16.jar:/home/user/.m2/repository/org/apache/hadoop/hadoop-common/3.2.0/hadoop-common-3.2.0-tests.jar:/home/user/.m2/repository/org/apache/hadoop/hadoop-annotations/3.2.0/hadoop-annotations-3.2.0.jar:/usr/lib/jvm/java-1.8-openjdk/jre/../lib/tools.jar:/home/user/.m2/repository/commons-cli/commons-cli/1.2/commons-cli-1.2.jar:/home/user/.m2/repository/org/apache/httpcomponents/httpclient/4.5.2/httpclient-4.5.2.jar:/home/user/.m2/repository/org/apache/httpcomponents/httpcore/4.4.4/httpcore-4.4.4.jar:/home/user/.m2/repository/commons-codec/commons-codec/1.11/commons-codec-1.11.jar:/home/user/.m2/repository/commons-net/commons-net/3.6/commons-net-3.6.jar:/home/user/.m2/repository/commons-collections/commons-collections/3.2.2/commons-collections-3.2.2.jar:/home/user/.m2/repository/org/eclipse/jetty/jetty-servlet/9.3.24.v20180605/jetty-servlet-9.3.24.v20180605.jar:/home/user/.m2/repository/org/eclipse/jetty/jetty-security/9.3.24.v20180605/jetty-security-9.3.24.v20180605.jar:/home/user/.m2/repository/javax/servlet/jsp/jsp-api/2.1/jsp-api-2.1.jar:/home/user/.m2/repository/com/sun/jersey/jersey-servlet/1.19/jersey-servlet-1.19.jar:/home/user/.m2/repository/com/sun/jersey/jersey-json/1.19/jersey-json-1.19.jar:/home/user/.m2/repository/org/codehaus/jettison/jettison/1.1/jettison-1.1.jar:/home/user/.m2/repository/org/codehaus/jackson/jackson-core-asl/1.9.13/jackson-core-asl-1.9.13.jar:/home/user/.m2/repository/org/codehaus/jackson/jackson-mapper-asl/1.9.13/jackson-mapper-asl-1.9.13.jar:/home/user/.m2/repository/org/codehaus/jackson/jackson-jaxrs/1.9.13/jackson-jaxrs-1.9.13.jar:/home/user/.m2/repository/org/codehaus/jackson/jackson-xc/1.9.13/jackson-xc-1.9.13.jar:/home/user/.m2/repository/commons-logging/commons-logging/1.1.3/commons-logging-1.1.3.jar:/home/user/.m2/repository/commons-beanutils/commons-beanutils/1.9.3/commons-beanutils-1.9.3.jar:/home/user/.m2/repository/org/apache/commons/commons-configuration2/2.1.1/commons-configuration2-2.1.1.jar:/home/user/.m2/repository/org/apache/commons/commons-lang3/3.7/commons-lang3-3.7.jar:/home/user/.m2/repository/org/apache/commons/commons-text/1.4/commons-text-1.4.jar:/home/user/.m2/repository/org/apache/avro/avro/1.7.7/avro-1.7.7.jar:/home/user/.m2/repository/com/thoughtworks/paranamer/paranamer/2.3/paranamer-2.3.jar:/home/user/.m2/repository/org/xerial/snappy/snappy-java/1.0.5/snappy-java-1.0.5.jar:/home/user/.m2/repository/com/google/re2j/re2j/1.1/re2j-1.1.jar:/home/user/.m2/repository/com/google/code/gson/gson/2.2.4/gson-2.2.4.jar:/home/user/.m2/repository/com/jcraft/jsch/0.1.54/jsch-0.1.54.jar:/home/user/.m2/repository/org/apache/curator/curator-client/2.12.0/curator-client-2.12.0.jar:/home/user/.m2/repository/org/apache/curator/curator-recipes/2.12.0/curator-recipes-2.12.0.jar:/home/user/.m2/repository/com/google/code/findbugs/jsr305/3.0.0/jsr305-3.0.0.jar:/home/user/.m2/repository/org/apache/htrace/htrace-core4/4.1.0-incubating/htrace-core4-4.1.0-incubating.jar:/home/user/.m2/repository/org/apache/zookeeper/zookeeper/3.4.13/zookeeper-3.4.13.jar:/home/user/.m2/repository/org/apache/yetus/audience-annotations/0.5.0/audience-annotations-0.5.0.jar:/home/user/.m2/repository/org/codehaus/woodstox/stax2-api/3.1.4/stax2-api-3.1.4.jar:/home/user/.m2/repository/com/fasterxml/woodstox/woodstox-core/5.0.3/woodstox-core-5.0.3.jar:/home/user/.m2/repository/dnsjava/dnsjava/2.1.7/dnsjava-2.1.7.jar:/home/user/.m2/repository/org/apache/hadoop/hadoop-hdfs/3.2.0/hadoop-hdfs-3.2.0-tests.jar:/home/user/.m2/repository/org/eclipse/jetty/jetty-util-ajax/9.3.24.v20180605/jetty-util-ajax-9.3.24.v20180605.jar:/home/user/.m2/repository/commons-daemon/commons-daemon/1.0.13/commons-daemon-1.0.13.jar:/home/user/.m2/repository/io/netty/netty/3.10.5.Final/netty-3.10.5.Final.jar:/home/user/.m2/repository/io/netty/netty-all/4.0.52.Final/netty-all-4.0.52.Final.jar:/home/user/.m2/repository/org/fusesource/leveldbjni/leveldbjni-all/1.8/leveldbjni-all-1.8.jar:"/>
    <property name="java.vm.vendor" value="IcedTea"/>
    <property name="sun.arch.data.model" value="64"/>
    <property name="test.build.dir" value="/workdir/hadoop-ozone/integration-test/target/test-dir"/>
    <property name="test.cache.data" value=""/>
    <property name="java.vendor.url" value="https://icedtea.classpath.org"/>
    <property name="user.timezone" value=""/>
    <property name="java.vm.specification.version" value="1.8"/>
    <property name="os.name" value="Linux"/>
    <property name="test.build.data" value="/workdir/hadoop-ozone/integration-test/target/test-dir"/>
    <property name="user.country" value="US"/>
    <property name="sun.java.launcher" value="SUN_STANDARD"/>
    <property name="sun.boot.library.path" value="/usr/lib/jvm/java-1.8-openjdk/jre/lib/amd64"/>
    <property name="sun.java.command" value="/workdir/hadoop-ozone/integration-test/target/surefire/surefirebooter3998922474934790249.jar /workdir/hadoop-ozone/integration-test/target/surefire 2019-09-12T10-13-21_360-jvmRun1 surefire2638231291834439102tmp surefire_394155490155399448731tmp"/>
    <property name="test" value="!TestMiniChaosOzoneCluster"/>
    <property name="surefire.test.class.path" value="/workdir/hadoop-ozone/integration-test/target/test-classes:/workdir/hadoop-ozone/integration-test/target/classes:/home/user/.m2/repository/org/apache/hadoop/hadoop-ozone-common/0.5.0-SNAPSHOT/hadoop-ozone-common-0.5.0-SNAPSHOT.jar:/home/user/.m2/repository/org/apache/commons/commons-compress/1.4.1/commons-compress-1.4.1.jar:/home/user/.m2/repository/org/tukaani/xz/1.0/xz-1.0.jar:/home/user/.m2/repository/org/apache/hadoop/hadoop-common/3.2.0/hadoop-common-3.2.0.jar:/home/user/.m2/repository/org/apache/hadoop/hadoop-hdfs/3.2.0/hadoop-hdfs-3.2.0.jar:/home/user/.m2/repository/org/apache/hadoop/hadoop-hdfs-client/3.2.0/hadoop-hdfs-client-3.2.0.jar:/home/user/.m2/repository/com/fasterxml/jackson/core/jackson-annotations/2.9.5/jackson-annotations-2.9.5.jar:/home/user/.m2/repository/org/apache/hadoop/hadoop-hdds-common/0.5.0-SNAPSHOT/hadoop-hdds-common-0.5.0-SNAPSHOT.jar:/home/user/.m2/repository/javax/annotation/javax.annotation-api/1.2/javax.annotation-api-1.2.jar:/home/user/.m2/repository/org/apache/ratis/ratis-server/0.4.0-2337318-SNAPSHOT/ratis-server-0.4.0-2337318-SNAPSHOT.jar:/home/user/.m2/repository/org/apache/ratis/ratis-thirdparty-misc/0.2.0/ratis-thirdparty-misc-0.2.0.jar:/home/user/.m2/repository/org/apache/ratis/ratis-proto/0.4.0-2337318-SNAPSHOT/ratis-proto-0.4.0-2337318-SNAPSHOT.jar:/home/user/.m2/repository/org/apache/ratis/ratis-common/0.4.0-2337318-SNAPSHOT/ratis-common-0.4.0-2337318-SNAPSHOT.jar:/home/user/.m2/repository/org/apache/ratis/ratis-client/0.4.0-2337318-SNAPSHOT/ratis-client-0.4.0-2337318-SNAPSHOT.jar:/home/user/.m2/repository/org/apache/ratis/ratis-metrics/0.4.0-2337318-SNAPSHOT/ratis-metrics-0.4.0-2337318-SNAPSHOT.jar:/home/user/.m2/repository/org/apache/ratis/ratis-netty/0.4.0-2337318-SNAPSHOT/ratis-netty-0.4.0-2337318-SNAPSHOT.jar:/home/user/.m2/repository/org/apache/ratis/ratis-grpc/0.4.0-2337318-SNAPSHOT/ratis-grpc-0.4.0-2337318-SNAPSHOT.jar:/home/user/.m2/repository/org/rocksdb/rocksdbjni/6.0.1/rocksdbjni-6.0.1.jar:/home/user/.m2/repository/org/apache/logging/log4j/log4j-api/2.11.0/log4j-api-2.11.0.jar:/home/user/.m2/repository/org/apache/logging/log4j/log4j-core/2.11.0/log4j-core-2.11.0.jar:/home/user/.m2/repository/com/lmax/disruptor/3.4.2/disruptor-3.4.2.jar:/home/user/.m2/repository/org/apache/commons/commons-pool2/2.6.0/commons-pool2-2.6.0.jar:/home/user/.m2/repository/org/bouncycastle/bcpkix-jdk15on/1.60/bcpkix-jdk15on-1.60.jar:/home/user/.m2/repository/commons-validator/commons-validator/1.6/commons-validator-1.6.jar:/home/user/.m2/repository/commons-digester/commons-digester/1.8.1/commons-digester-1.8.1.jar:/home/user/.m2/repository/io/jaegertracing/jaeger-client/0.33.1/jaeger-client-0.33.1.jar:/home/user/.m2/repository/io/jaegertracing/jaeger-thrift/0.33.1/jaeger-thrift-0.33.1.jar:/home/user/.m2/repository/org/apache/thrift/libthrift/0.11.0/libthrift-0.11.0.jar:/home/user/.m2/repository/com/squareup/okhttp3/okhttp/3.9.0/okhttp-3.9.0.jar:/home/user/.m2/repository/com/squareup/okio/okio/1.13.0/okio-1.13.0.jar:/home/user/.m2/repository/io/jaegertracing/jaeger-core/0.33.1/jaeger-core-0.33.1.jar:/home/user/.m2/repository/io/jaegertracing/jaeger-tracerresolver/0.33.1/jaeger-tracerresolver-0.33.1.jar:/home/user/.m2/repository/io/opentracing/contrib/opentracing-tracerresolver/0.1.5/opentracing-tracerresolver-0.1.5.jar:/home/user/.m2/repository/io/opentracing/opentracing-util/0.31.0/opentracing-util-0.31.0.jar:/home/user/.m2/repository/io/opentracing/opentracing-api/0.31.0/opentracing-api-0.31.0.jar:/home/user/.m2/repository/io/opentracing/opentracing-noop/0.31.0/opentracing-noop-0.31.0.jar:/home/user/.m2/repository/org/apache/hadoop/hadoop-hdds-server-framework/0.5.0-SNAPSHOT/hadoop-hdds-server-framework-0.5.0-SNAPSHOT.jar:/home/user/.m2/repository/org/apache/hadoop/hadoop-hdds-container-service/0.5.0-SNAPSHOT/hadoop-hdds-container-service-0.5.0-SNAPSHOT.jar:/home/user/.m2/repository/org/apache/hadoop/hadoop-hdds-client/0.5.0-SNAPSHOT/hadoop-hdds-client-0.5.0-SNAPSHOT.jar:/home/user/.m2/repository/org/apache/hadoop/hadoop-hdds-tools/0.5.0-SNAPSHOT/hadoop-hdds-tools-0.5.0-SNAPSHOT.jar:/home/user/.m2/repository/org/apache/hadoop/hadoop-hdds-server-scm/0.5.0-SNAPSHOT/hadoop-hdds-server-scm-0.5.0-SNAPSHOT.jar:/home/user/.m2/repository/org/apache/hadoop/hadoop-hdds-docs/0.5.0-SNAPSHOT/hadoop-hdds-docs-0.5.0-SNAPSHOT.jar:/home/user/.m2/repository/io/dropwizard/metrics/metrics-core/3.2.4/metrics-core-3.2.4.jar:/home/user/.m2/repository/org/hamcrest/hamcrest-all/1.3/hamcrest-all-1.3.jar:/home/user/.m2/repository/org/bouncycastle/bcprov-jdk15on/1.60/bcprov-jdk15on-1.60.jar:/home/user/.m2/repository/info/picocli/picocli/3.9.6/picocli-3.9.6.jar:/home/user/.m2/repository/com/google/protobuf/protobuf-java/2.5.0/protobuf-java-2.5.0.jar:/home/user/.m2/repository/com/google/guava/guava/11.0.2/guava-11.0.2.jar:/home/user/.m2/repository/org/apache/hadoop/hadoop-ozone-ozone-manager/0.5.0-SNAPSHOT/hadoop-ozone-ozone-manager-0.5.0-SNAPSHOT.jar:/home/user/.m2/repository/org/apache/hadoop/hadoop-minikdc/3.2.0/hadoop-minikdc-3.2.0.jar:/home/user/.m2/repository/commons-io/commons-io/2.5/commons-io-2.5.jar:/home/user/.m2/repository/org/apache/kerby/kerb-simplekdc/1.0.1/kerb-simplekdc-1.0.1.jar:/home/user/.m2/repository/org/apache/kerby/kerb-client/1.0.1/kerb-client-1.0.1.jar:/home/user/.m2/repository/org/apache/kerby/kerby-config/1.0.1/kerby-config-1.0.1.jar:/home/user/.m2/repository/org/apache/kerby/kerb-core/1.0.1/kerb-core-1.0.1.jar:/home/user/.m2/repository/org/apache/kerby/kerby-pkix/1.0.1/kerby-pkix-1.0.1.jar:/home/user/.m2/repository/org/apache/kerby/kerby-asn1/1.0.1/kerby-asn1-1.0.1.jar:/home/user/.m2/repository/org/apache/kerby/kerby-util/1.0.1/kerby-util-1.0.1.jar:/home/user/.m2/repository/org/apache/kerby/kerb-common/1.0.1/kerb-common-1.0.1.jar:/home/user/.m2/repository/org/apache/kerby/kerb-crypto/1.0.1/kerb-crypto-1.0.1.jar:/home/user/.m2/repository/org/apache/kerby/kerb-util/1.0.1/kerb-util-1.0.1.jar:/home/user/.m2/repository/org/apache/kerby/token-provider/1.0.1/token-provider-1.0.1.jar:/home/user/.m2/repository/org/apache/kerby/kerb-admin/1.0.1/kerb-admin-1.0.1.jar:/home/user/.m2/repository/org/apache/kerby/kerb-server/1.0.1/kerb-server-1.0.1.jar:/home/user/.m2/repository/org/apache/kerby/kerb-identity/1.0.1/kerb-identity-1.0.1.jar:/home/user/.m2/repository/org/apache/kerby/kerby-xdr/1.0.1/kerby-xdr-1.0.1.jar:/home/user/.m2/repository/org/slf4j/slf4j-log4j12/1.7.25/slf4j-log4j12-1.7.25.jar:/home/user/.m2/repository/org/apache/hadoop/hadoop-ozone-objectstore-service/0.5.0-SNAPSHOT/hadoop-ozone-objectstore-service-0.5.0-SNAPSHOT.jar:/home/user/.m2/repository/org/apache/hadoop/hadoop-ozone-s3gateway/0.5.0-SNAPSHOT/hadoop-ozone-s3gateway-0.5.0-SNAPSHOT.jar:/home/user/.m2/repository/org/jboss/weld/servlet/weld-servlet/2.4.7.Final/weld-servlet-2.4.7.Final.jar:/home/user/.m2/repository/org/glassfish/jersey/containers/jersey-container-servlet-core/2.27/jersey-container-servlet-core-2.27.jar:/home/user/.m2/repository/org/glassfish/hk2/external/javax.inject/2.5.0-b42/javax.inject-2.5.0-b42.jar:/home/user/.m2/repository/org/glassfish/jersey/core/jersey-common/2.27/jersey-common-2.27.jar:/home/user/.m2/repository/org/glassfish/hk2/osgi-resource-locator/1.0.1/osgi-resource-locator-1.0.1.jar:/home/user/.m2/repository/javax/ws/rs/javax.ws.rs-api/2.1/javax.ws.rs-api-2.1.jar:/home/user/.m2/repository/org/glassfish/jersey/ext/cdi/jersey-cdi1x/2.27/jersey-cdi1x-2.27.jar:/home/user/.m2/repository/org/glassfish/jersey/inject/jersey-hk2/2.27/jersey-hk2-2.27.jar:/home/user/.m2/repository/org/glassfish/hk2/hk2-locator/2.5.0-b42/hk2-locator-2.5.0-b42.jar:/home/user/.m2/repository/org/javassist/javassist/3.22.0-CR2/javassist-3.22.0-CR2.jar:/home/user/.m2/repository/org/glassfish/hk2/hk2-api/2.5.0/hk2-api-2.5.0.jar:/home/user/.m2/repository/org/glassfish/hk2/external/jakarta.inject/2.5.0/jakarta.inject-2.5.0.jar:/home/user/.m2/repository/org/glassfish/hk2/hk2-utils/2.5.0/hk2-utils-2.5.0.jar:/home/user/.m2/repository/jakarta/annotation/jakarta.annotation-api/1.3.4/jakarta.annotation-api-1.3.4.jar:/home/user/.m2/repository/org/glassfish/hk2/external/aopalliance-repackaged/2.5.0/aopalliance-repackaged-2.5.0.jar:/home/user/.m2/repository/com/fasterxml/jackson/dataformat/jackson-dataformat-xml/2.9.0/jackson-dataformat-xml-2.9.0.jar:/home/user/.m2/repository/com/fasterxml/jackson/core/jackson-core/2.9.5/jackson-core-2.9.5.jar:/home/user/.m2/repository/com/fasterxml/jackson/module/jackson-module-jaxb-annotations/2.9.5/jackson-module-jaxb-annotations-2.9.5.jar:/home/user/.m2/repository/javax/enterprise/cdi-api/1.2/cdi-api-1.2.jar:/home/user/.m2/repository/javax/el/javax.el-api/3.0.0/javax.el-api-3.0.0.jar:/home/user/.m2/repository/javax/interceptor/javax.interceptor-api/1.2/javax.interceptor-api-1.2.jar:/home/user/.m2/repository/javax/inject/javax.inject/1/javax.inject-1.jar:/home/user/.m2/repository/com/sun/xml/bind/jaxb-impl/2.3.0.1/jaxb-impl-2.3.0.1.jar:/home/user/.m2/repository/com/sun/xml/bind/jaxb-core/2.3.0.1/jaxb-core-2.3.0.1.jar:/home/user/.m2/repository/javax/xml/bind/jaxb-api/2.3.0/jaxb-api-2.3.0.jar:/home/user/.m2/repository/javax/activation/activation/1.1.1/activation-1.1.1.jar:/home/user/.m2/repository/org/apache/hadoop/hadoop-ozone-csi/0.5.0-SNAPSHOT/hadoop-ozone-csi-0.5.0-SNAPSHOT.jar:/home/user/.m2/repository/com/google/protobuf/protobuf-java-util/3.5.1/protobuf-java-util-3.5.1.jar:/home/user/.m2/repository/org/apache/hadoop/hadoop-hdds-config/0.5.0-SNAPSHOT/hadoop-hdds-config-0.5.0-SNAPSHOT.jar:/home/user/.m2/repository/io/grpc/grpc-netty/1.17.1/grpc-netty-1.17.1.jar:/home/user/.m2/repository/io/grpc/grpc-core/1.17.1/grpc-core-1.17.1.jar:/home/user/.m2/repository/io/grpc/grpc-context/1.17.1/grpc-context-1.17.1.jar:/home/user/.m2/repository/com/google/errorprone/error_prone_annotations/2.2.0/error_prone_annotations-2.2.0.jar:/home/user/.m2/repository/org/codehaus/mojo/animal-sniffer-annotations/1.17/animal-sniffer-annotations-1.17.jar:/home/user/.m2/repository/io/opencensus/opencensus-api/0.17.0/opencensus-api-0.17.0.jar:/home/user/.m2/repository/io/opencensus/opencensus-contrib-grpc-metrics/0.17.0/opencensus-contrib-grpc-metrics-0.17.0.jar:/home/user/.m2/repository/io/netty/netty-codec-http2/4.1.30.Final/netty-codec-http2-4.1.30.Final.jar:/home/user/.m2/repository/io/netty/netty-codec-http/4.1.30.Final/netty-codec-http-4.1.30.Final.jar:/home/user/.m2/repository/io/netty/netty-codec/4.1.30.Final/netty-codec-4.1.30.Final.jar:/home/user/.m2/repository/io/netty/netty-handler/4.1.30.Final/netty-handler-4.1.30.Final.jar:/home/user/.m2/repository/io/netty/netty-handler-proxy/4.1.30.Final/netty-handler-proxy-4.1.30.Final.jar:/home/user/.m2/repository/io/netty/netty-codec-socks/4.1.30.Final/netty-codec-socks-4.1.30.Final.jar:/home/user/.m2/repository/io/netty/netty-transport-native-epoll/4.1.30.Final/netty-transport-native-epoll-4.1.30.Final.jar:/home/user/.m2/repository/io/netty/netty-common/4.1.30.Final/netty-common-4.1.30.Final.jar:/home/user/.m2/repository/io/netty/netty-buffer/4.1.30.Final/netty-buffer-4.1.30.Final.jar:/home/user/.m2/repository/io/netty/netty-transport/4.1.30.Final/netty-transport-4.1.30.Final.jar:/home/user/.m2/repository/io/netty/netty-resolver/4.1.30.Final/netty-resolver-4.1.30.Final.jar:/home/user/.m2/repository/io/netty/netty-transport-native-unix-common/4.1.30.Final/netty-transport-native-unix-common-4.1.30.Final.jar:/home/user/.m2/repository/io/grpc/grpc-protobuf/1.17.1/grpc-protobuf-1.17.1.jar:/home/user/.m2/repository/com/google/api/grpc/proto-google-common-protos/1.0.0/proto-google-common-protos-1.0.0.jar:/home/user/.m2/repository/io/grpc/grpc-protobuf-lite/1.17.1/grpc-protobuf-lite-1.17.1.jar:/home/user/.m2/repository/io/grpc/grpc-stub/1.17.1/grpc-stub-1.17.1.jar:/home/user/.m2/repository/org/apache/hadoop/hadoop-ozone-recon/0.5.0-SNAPSHOT/hadoop-ozone-recon-0.5.0-SNAPSHOT.jar:/home/user/.m2/repository/org/apache/hadoop/hadoop-ozone-reconcodegen/0.5.0-SNAPSHOT/hadoop-ozone-reconcodegen-0.5.0-SNAPSHOT.jar:/home/user/.m2/repository/com/google/inject/extensions/guice-multibindings/4.0/guice-multibindings-4.0.jar:/home/user/.m2/repository/com/google/inject/guice/4.0/guice-4.0.jar:/home/user/.m2/repository/aopalliance/aopalliance/1.0/aopalliance-1.0.jar:/home/user/.m2/repository/com/google/inject/extensions/guice-servlet/4.0/guice-servlet-4.0.jar:/home/user/.m2/repository/org/glassfish/jersey/containers/jersey-container-servlet/2.27/jersey-container-servlet-2.27.jar:/home/user/.m2/repository/org/glassfish/hk2/guice-bridge/2.5.0/guice-bridge-2.5.0.jar:/home/user/.m2/repository/org/glassfish/jersey/core/jersey-server/2.27/jersey-server-2.27.jar:/home/user/.m2/repository/org/glassfish/jersey/core/jersey-client/2.27/jersey-client-2.27.jar:/home/user/.m2/repository/org/glassfish/jersey/media/jersey-media-jaxb/2.27/jersey-media-jaxb-2.27.jar:/home/user/.m2/repository/javax/validation/validation-api/1.1.0.Final/validation-api-1.1.0.Final.jar:/home/user/.m2/repository/org/glassfish/jersey/media/jersey-media-json-jackson/2.27/jersey-media-json-jackson-2.27.jar:/home/user/.m2/repository/org/glassfish/jersey/ext/jersey-entity-filtering/2.27/jersey-entity-filtering-2.27.jar:/home/user/.m2/repository/com/google/inject/extensions/guice-assistedinject/4.0/guice-assistedinject-4.0.jar:/home/user/.m2/repository/org/jooq/jooq/3.11.10/jooq-3.11.10.jar:/home/user/.m2/repository/org/jooq/jooq-meta/3.11.10/jooq-meta-3.11.10.jar:/home/user/.m2/repository/org/jooq/jooq-codegen/3.11.10/jooq-codegen-3.11.10.jar:/home/user/.m2/repository/com/jolbox/bonecp/0.8.0.RELEASE/bonecp-0.8.0.RELEASE.jar:/home/user/.m2/repository/org/xerial/sqlite-jdbc/3.25.2/sqlite-jdbc-3.25.2.jar:/home/user/.m2/repository/org/springframework/spring-jdbc/5.1.3.RELEASE/spring-jdbc-5.1.3.RELEASE.jar:/home/user/.m2/repository/org/springframework/spring-beans/5.1.3.RELEASE/spring-beans-5.1.3.RELEASE.jar:/home/user/.m2/repository/org/springframework/spring-core/5.1.3.RELEASE/spring-core-5.1.3.RELEASE.jar:/home/user/.m2/repository/org/springframework/spring-jcl/5.1.3.RELEASE/spring-jcl-5.1.3.RELEASE.jar:/home/user/.m2/repository/org/springframework/spring-tx/5.1.3.RELEASE/spring-tx-5.1.3.RELEASE.jar:/home/user/.m2/repository/org/apache/hadoop/hadoop-ozone-client/0.5.0-SNAPSHOT/hadoop-ozone-client-0.5.0-SNAPSHOT.jar:/home/user/.m2/repository/commons-lang/commons-lang/2.6/commons-lang-2.6.jar:/home/user/.m2/repository/org/apache/hadoop/hadoop-ozone-ozone-manager/0.5.0-SNAPSHOT/hadoop-ozone-ozone-manager-0.5.0-SNAPSHOT-tests.jar:/home/user/.m2/repository/junit/junit/4.11/junit-4.11.jar:/home/user/.m2/repository/org/hamcrest/hamcrest-core/1.3/hamcrest-core-1.3.jar:/home/user/.m2/repository/org/openjdk/jmh/jmh-core/1.19/jmh-core-1.19.jar:/home/user/.m2/repository/net/sf/jopt-simple/jopt-simple/4.6/jopt-simple-4.6.jar:/home/user/.m2/repository/org/apache/commons/commons-math3/3.1.1/commons-math3-3.1.1.jar:/home/user/.m2/repository/org/openjdk/jmh/jmh-generator-annprocess/1.19/jmh-generator-annprocess-1.19.jar:/home/user/.m2/repository/org/mockito/mockito-all/1.8.5/mockito-all-1.8.5.jar:/home/user/.m2/repository/org/apache/hadoop/hadoop-kms/3.2.0/hadoop-kms-3.2.0.jar:/home/user/.m2/repository/org/apache/hadoop/hadoop-auth/3.2.0/hadoop-auth-3.2.0.jar:/home/user/.m2/repository/com/nimbusds/nimbus-jose-jwt/4.41.1/nimbus-jose-jwt-4.41.1.jar:/home/user/.m2/repository/com/github/stephenc/jcip/jcip-annotations/1.0-1/jcip-annotations-1.0-1.jar:/home/user/.m2/repository/net/minidev/json-smart/2.3/json-smart-2.3.jar:/home/user/.m2/repository/net/minidev/accessors-smart/1.2/accessors-smart-1.2.jar:/home/user/.m2/repository/org/ow2/asm/asm/5.0.4/asm-5.0.4.jar:/home/user/.m2/repository/org/apache/curator/curator-framework/2.12.0/curator-framework-2.12.0.jar:/home/user/.m2/repository/com/sun/jersey/jersey-core/1.19/jersey-core-1.19.jar:/home/user/.m2/repository/javax/ws/rs/jsr311-api/1.1.1/jsr311-api-1.1.1.jar:/home/user/.m2/repository/com/sun/jersey/jersey-server/1.19/jersey-server-1.19.jar:/home/user/.m2/repository/javax/servlet/javax.servlet-api/3.1.0/javax.servlet-api-3.1.0.jar:/home/user/.m2/repository/org/eclipse/jetty/jetty-server/9.3.24.v20180605/jetty-server-9.3.24.v20180605.jar:/home/user/.m2/repository/org/eclipse/jetty/jetty-http/9.3.24.v20180605/jetty-http-9.3.24.v20180605.jar:/home/user/.m2/repository/org/eclipse/jetty/jetty-io/9.3.24.v20180605/jetty-io-9.3.24.v20180605.jar:/home/user/.m2/repository/org/eclipse/jetty/jetty-webapp/9.3.24.v20180605/jetty-webapp-9.3.24.v20180605.jar:/home/user/.m2/repository/org/eclipse/jetty/jetty-xml/9.3.24.v20180605/jetty-xml-9.3.24.v20180605.jar:/home/user/.m2/repository/log4j/log4j/1.2.17/log4j-1.2.17.jar:/home/user/.m2/repository/org/slf4j/slf4j-api/1.7.25/slf4j-api-1.7.25.jar:/home/user/.m2/repository/org/slf4j/jul-to-slf4j/1.7.25/jul-to-slf4j-1.7.25.jar:/home/user/.m2/repository/org/eclipse/jetty/jetty-util/9.3.24.v20180605/jetty-util-9.3.24.v20180605.jar:/home/user/.m2/repository/com/fasterxml/jackson/core/jackson-databind/2.9.5/jackson-databind-2.9.5.jar:/home/user/.m2/repository/org/apache/hadoop/hadoop-kms/3.2.0/hadoop-kms-3.2.0-tests.jar:/home/user/.m2/repository/org/apache/hadoop/hadoop-hdds-server-scm/0.5.0-SNAPSHOT/hadoop-hdds-server-scm-0.5.0-SNAPSHOT-tests.jar:/home/user/.m2/repository/org/apache/hadoop/hadoop-hdds-container-service/0.5.0-SNAPSHOT/hadoop-hdds-container-service-0.5.0-SNAPSHOT-tests.jar:/home/user/.m2/repository/org/yaml/snakeyaml/1.16/snakeyaml-1.16.jar:/home/user/.m2/repository/org/apache/hadoop/hadoop-common/3.2.0/hadoop-common-3.2.0-tests.jar:/home/user/.m2/repository/org/apache/hadoop/hadoop-annotations/3.2.0/hadoop-annotations-3.2.0.jar:/usr/lib/jvm/java-1.8-openjdk/jre/../lib/tools.jar:/home/user/.m2/repository/commons-cli/commons-cli/1.2/commons-cli-1.2.jar:/home/user/.m2/repository/org/apache/httpcomponents/httpclient/4.5.2/httpclient-4.5.2.jar:/home/user/.m2/repository/org/apache/httpcomponents/httpcore/4.4.4/httpcore-4.4.4.jar:/home/user/.m2/repository/commons-codec/commons-codec/1.11/commons-codec-1.11.jar:/home/user/.m2/repository/commons-net/commons-net/3.6/commons-net-3.6.jar:/home/user/.m2/repository/commons-collections/commons-collections/3.2.2/commons-collections-3.2.2.jar:/home/user/.m2/repository/org/eclipse/jetty/jetty-servlet/9.3.24.v20180605/jetty-servlet-9.3.24.v20180605.jar:/home/user/.m2/repository/org/eclipse/jetty/jetty-security/9.3.24.v20180605/jetty-security-9.3.24.v20180605.jar:/home/user/.m2/repository/javax/servlet/jsp/jsp-api/2.1/jsp-api-2.1.jar:/home/user/.m2/repository/com/sun/jersey/jersey-servlet/1.19/jersey-servlet-1.19.jar:/home/user/.m2/repository/com/sun/jersey/jersey-json/1.19/jersey-json-1.19.jar:/home/user/.m2/repository/org/codehaus/jettison/jettison/1.1/jettison-1.1.jar:/home/user/.m2/repository/org/codehaus/jackson/jackson-core-asl/1.9.13/jackson-core-asl-1.9.13.jar:/home/user/.m2/repository/org/codehaus/jackson/jackson-mapper-asl/1.9.13/jackson-mapper-asl-1.9.13.jar:/home/user/.m2/repository/org/codehaus/jackson/jackson-jaxrs/1.9.13/jackson-jaxrs-1.9.13.jar:/home/user/.m2/repository/org/codehaus/jackson/jackson-xc/1.9.13/jackson-xc-1.9.13.jar:/home/user/.m2/repository/commons-logging/commons-logging/1.1.3/commons-logging-1.1.3.jar:/home/user/.m2/repository/commons-beanutils/commons-beanutils/1.9.3/commons-beanutils-1.9.3.jar:/home/user/.m2/repository/org/apache/commons/commons-configuration2/2.1.1/commons-configuration2-2.1.1.jar:/home/user/.m2/repository/org/apache/commons/commons-lang3/3.7/commons-lang3-3.7.jar:/home/user/.m2/repository/org/apache/commons/commons-text/1.4/commons-text-1.4.jar:/home/user/.m2/repository/org/apache/avro/avro/1.7.7/avro-1.7.7.jar:/home/user/.m2/repository/com/thoughtworks/paranamer/paranamer/2.3/paranamer-2.3.jar:/home/user/.m2/repository/org/xerial/snappy/snappy-java/1.0.5/snappy-java-1.0.5.jar:/home/user/.m2/repository/com/google/re2j/re2j/1.1/re2j-1.1.jar:/home/user/.m2/repository/com/google/code/gson/gson/2.2.4/gson-2.2.4.jar:/home/user/.m2/repository/com/jcraft/jsch/0.1.54/jsch-0.1.54.jar:/home/user/.m2/repository/org/apache/curator/curator-client/2.12.0/curator-client-2.12.0.jar:/home/user/.m2/repository/org/apache/curator/curator-recipes/2.12.0/curator-recipes-2.12.0.jar:/home/user/.m2/repository/com/google/code/findbugs/jsr305/3.0.0/jsr305-3.0.0.jar:/home/user/.m2/repository/org/apache/htrace/htrace-core4/4.1.0-incubating/htrace-core4-4.1.0-incubating.jar:/home/user/.m2/repository/org/apache/zookeeper/zookeeper/3.4.13/zookeeper-3.4.13.jar:/home/user/.m2/repository/org/apache/yetus/audience-annotations/0.5.0/audience-annotations-0.5.0.jar:/home/user/.m2/repository/org/codehaus/woodstox/stax2-api/3.1.4/stax2-api-3.1.4.jar:/home/user/.m2/repository/com/fasterxml/woodstox/woodstox-core/5.0.3/woodstox-core-5.0.3.jar:/home/user/.m2/repository/dnsjava/dnsjava/2.1.7/dnsjava-2.1.7.jar:/home/user/.m2/repository/org/apache/hadoop/hadoop-hdfs/3.2.0/hadoop-hdfs-3.2.0-tests.jar:/home/user/.m2/repository/org/eclipse/jetty/jetty-util-ajax/9.3.24.v20180605/jetty-util-ajax-9.3.24.v20180605.jar:/home/user/.m2/repository/commons-daemon/commons-daemon/1.0.13/commons-daemon-1.0.13.jar:/home/user/.m2/repository/io/netty/netty/3.10.5.Final/netty-3.10.5.Final.jar:/home/user/.m2/repository/io/netty/netty-all/4.0.52.Final/netty-all-4.0.52.Final.jar:/home/user/.m2/repository/org/fusesource/leveldbjni/leveldbjni-all/1.8/leveldbjni-all-1.8.jar:"/>
    <property name="sun.cpu.endian" value="little"/>
    <property name="user.home" value="/home/user"/>
    <property name="user.language" value="en"/>
    <property name="java.specification.vendor" value="Oracle Corporation"/>
    <property name="java.home" value="/usr/lib/jvm/java-1.8-openjdk/jre"/>
    <property name="java.security.krb5.conf" value="/workdir/hadoop-ozone/integration-test/target/test-classes/krb5.conf"/>
    <property name="basedir" value="/workdir/hadoop-ozone/integration-test"/>
    <property name="file.separator" value="/"/>
    <property name="line.separator" value="&#10;"/>
    <property name="java.vm.specification.vendor" value="Oracle Corporation"/>
    <property name="java.specification.name" value="Java Platform API Specification"/>
    <property name="java.awt.graphicsenv" value="sun.awt.X11GraphicsEnvironment"/>
    <property name="surefire.real.class.path" value="/workdir/hadoop-ozone/integration-test/target/surefire/surefirebooter3998922474934790249.jar"/>
    <property name="hadoop.log.dir" value="/workdir/hadoop-ozone/integration-test/target/log"/>
    <property name="sun.boot.class.path" value="/usr/lib/jvm/java-1.8-openjdk/jre/lib/resources.jar:/usr/lib/jvm/java-1.8-openjdk/jre/lib/rt.jar:/usr/lib/jvm/java-1.8-openjdk/jre/lib/sunrsasign.jar:/usr/lib/jvm/java-1.8-openjdk/jre/lib/jsse.jar:/usr/lib/jvm/java-1.8-openjdk/jre/lib/jce.jar:/usr/lib/jvm/java-1.8-openjdk/jre/lib/charsets.jar:/usr/lib/jvm/java-1.8-openjdk/jre/lib/jfr.jar:/usr/lib/jvm/java-1.8-openjdk/jre/classes"/>
    <property name="sun.management.compiler" value="HotSpot 64-Bit Tiered Compilers"/>
    <property name="java.runtime.version" value="1.8.0_212-b04"/>
    <property name="java.net.preferIPv4Stack" value="true"/>
    <property name="user.name" value="jenkins1000"/>
    <property name="path.separator" value=":"/>
    <property name="java.security.egd" value="file:///dev/urandom"/>
    <property name="os.version" value="3.10.0-957.12.2.el7.x86_64"/>
    <property name="java.endorsed.dirs" value="/usr/lib/jvm/java-1.8-openjdk/jre/lib/endorsed"/>
    <property name="java.runtime.name" value="OpenJDK Runtime Environment"/>
    <property name="file.encoding" value="UTF-8"/>
    <property name="java.vm.name" value="OpenJDK 64-Bit Server VM"/>
    <property name="test.build.webapps" value=""/>
    <property name="localRepository" value="/home/user/.m2/repository"/>
    <property name="java.vendor.url.bug" value="https://icedtea.classpath.org/bugzilla"/>
    <property name="java.io.tmpdir" value="/tmp"/>
    <property name="require.test.libhadoop" value=""/>
    <property name="java.version" value="1.8.0_212"/>
    <property name="user.dir" value="/workdir/hadoop-ozone/integration-test"/>
    <property name="os.arch" value="amd64"/>
    <property name="java.vm.specification.name" value="Java Virtual Machine Specification"/>
    <property name="test.build.classes" value="/workdir/hadoop-ozone/integration-test/target/test-classes"/>
    <property name="java.awt.printerjob" value="sun.print.PSPrinterJob"/>
    <property name="sun.os.patch.level" value="unknown"/>
    <property name="hadoop.tmp.dir" value="/workdir/hadoop-ozone/integration-test/target/tmp"/>
    <property name="java.library.path" value="/usr/lib/jvm/java-1.8-openjdk/jre/lib/amd64/server:/usr/lib/jvm/java-1.8-openjdk/jre/lib/amd64:/usr/lib/jvm/java-1.8-openjdk/jre/../lib/amd64:/workdir/hadoop-ozone/integration-test/target/native/target/usr/local/lib:/workdir/hadoop-ozone/integration-test/../../hadoop-common-project/hadoop-common/target/native/target/usr/local/lib:/usr/java/packages/lib/amd64:/usr/lib64:/lib64:/lib:/usr/lib"/>
    <property name="java.vm.info" value="mixed mode"/>
    <property name="java.vendor" value="IcedTea"/>
    <property name="java.vm.version" value="25.212-b04"/>
    <property name="java.ext.dirs" value="/usr/lib/jvm/java-1.8-openjdk/jre/lib/ext:/usr/java/packages/lib/ext"/>
    <property name="sun.io.unicode.encoding" value="UnicodeLittle"/>
    <property name="java.class.version" value="52.0"/>
  </properties>
  <testcase name="testMultiBlockWritesWithIntermittentDnFailures" classname="org.apache.hadoop.ozone.client.rpc.TestMultiBlockWritesWithDnFailures" time="43.153">
    <error message="Allocated 0 blocks. Requested 6 blocks" type="INTERNAL_ERROR org.apache.hadoop.ozone.om.exceptions.OMException">INTERNAL_ERROR org.apache.hadoop.ozone.om.exceptions.OMException: Allocated 0 blocks. Requested 6 blocks
	at org.apache.hadoop.ozone.om.protocolPB.OzoneManagerProtocolClientSideTranslatorPB.handleError(OzoneManagerProtocolClientSideTranslatorPB.java:725)
	at org.apache.hadoop.ozone.om.protocolPB.OzoneManagerProtocolClientSideTranslatorPB.openKey(OzoneManagerProtocolClientSideTranslatorPB.java:716)
	at org.apache.hadoop.ozone.client.rpc.RpcClient.createKey(RpcClient.java:615)
	at org.apache.hadoop.ozone.client.OzoneBucket.createKey(OzoneBucket.java:323)
	at org.apache.hadoop.ozone.container.ContainerTestHelper.createKey(ContainerTestHelper.java:694)
	at org.apache.hadoop.ozone.client.rpc.TestMultiBlockWritesWithDnFailures.createKey(TestMultiBlockWritesWithDnFailures.java:212)
	at org.apache.hadoop.ozone.client.rpc.TestMultiBlockWritesWithDnFailures.testMultiBlockWritesWithIntermittentDnFailures(TestMultiBlockWritesWithDnFailures.java:163)
	at sun.reflect.NativeMethodAccessorImpl.invoke0(Native Method)
	at sun.reflect.NativeMethodAccessorImpl.invoke(NativeMethodAccessorImpl.java:62)
	at sun.reflect.DelegatingMethodAccessorImpl.invoke(DelegatingMethodAccessorImpl.java:43)
	at java.lang.reflect.Method.invoke(Method.java:498)
	at org.junit.runners.model.FrameworkMethod$1.runReflectiveCall(FrameworkMethod.java:47)
	at org.junit.internal.runners.model.ReflectiveCallable.run(ReflectiveCallable.java:12)
	at org.junit.runners.model.FrameworkMethod.invokeExplosively(FrameworkMethod.java:44)
	at org.junit.internal.runners.statements.InvokeMethod.evaluate(InvokeMethod.java:17)
	at org.junit.internal.runners.statements.RunAfters.evaluate(RunAfters.java:27)
	at org.junit.runners.ParentRunner.runLeaf(ParentRunner.java:271)
	at org.junit.runners.BlockJUnit4ClassRunner.runChild(BlockJUnit4ClassRunner.java:70)
	at org.junit.runners.BlockJUnit4ClassRunner.runChild(BlockJUnit4ClassRunner.java:50)
	at org.junit.runners.ParentRunner$3.run(ParentRunner.java:238)
	at org.junit.runners.ParentRunner$1.schedule(ParentRunner.java:63)
	at org.junit.runners.ParentRunner.runChildren(ParentRunner.java:236)
	at org.junit.runners.ParentRunner.access$000(ParentRunner.java:53)
	at org.junit.runners.ParentRunner$2.evaluate(ParentRunner.java:229)
	at org.junit.runners.ParentRunner.run(ParentRunner.java:309)
	at org.apache.maven.surefire.junit4.JUnit4Provider.execute(JUnit4Provider.java:365)
	at org.apache.maven.surefire.junit4.JUnit4Provider.executeWithRerun(JUnit4Provider.java:273)
	at org.apache.maven.surefire.junit4.JUnit4Provider.executeTestSet(JUnit4Provider.java:238)
	at org.apache.maven.surefire.junit4.JUnit4Provider.invoke(JUnit4Provider.java:159)
	at org.apache.maven.surefire.booter.ForkedBooter.invokeProviderInSameClassLoader(ForkedBooter.java:384)
	at org.apache.maven.surefire.booter.ForkedBooter.runSuitesInProcess(ForkedBooter.java:345)
	at org.apache.maven.surefire.booter.ForkedBooter.execute(ForkedBooter.java:126)
	at org.apache.maven.surefire.booter.ForkedBooter.main(ForkedBooter.java:418)
</error>
    <system-out><![CDATA[2019-09-12 10:52:47,826 [main] WARN  server.ServerUtils (ServerUtils.java:getScmDbDir(145)) - ozone.scm.db.dirs is not configured. We recommend adding this setting. Falling back to ozone.metadata.dirs instead.
2019-09-12 10:52:47,928 [main] WARN  server.ServerUtils (ServerUtils.java:getScmDbDir(145)) - ozone.scm.db.dirs is not configured. We recommend adding this setting. Falling back to ozone.metadata.dirs instead.
2019-09-12 10:52:47,931 [main] WARN  server.ServerUtils (ServerUtils.java:getScmDbDir(145)) - ozone.scm.db.dirs is not configured. We recommend adding this setting. Falling back to ozone.metadata.dirs instead.
2019-09-12 10:52:47,949 [main] INFO  util.log (Log.java:initialized(192)) - Logging initialized @927ms
2019-09-12 10:52:48,056 [main] INFO  db.DBStoreBuilder (DBStoreBuilder.java:addTable(110)) - using custom profile for table: deletedBlocks
2019-09-12 10:52:48,057 [main] INFO  db.DBStoreBuilder (DBStoreBuilder.java:processTables(161)) - Using default column profile:DBProfile.DISK for Table:deletedBlocks
2019-09-12 10:52:48,058 [main] INFO  db.DBStoreBuilder (DBStoreBuilder.java:addTable(110)) - using custom profile for table: validCerts
2019-09-12 10:52:48,058 [main] INFO  db.DBStoreBuilder (DBStoreBuilder.java:processTables(161)) - Using default column profile:DBProfile.DISK for Table:validCerts
2019-09-12 10:52:48,058 [main] INFO  db.DBStoreBuilder (DBStoreBuilder.java:addTable(110)) - using custom profile for table: revokedCerts
2019-09-12 10:52:48,059 [main] INFO  db.DBStoreBuilder (DBStoreBuilder.java:processTables(161)) - Using default column profile:DBProfile.DISK for Table:revokedCerts
2019-09-12 10:52:48,072 [main] INFO  db.DBStoreBuilder (DBStoreBuilder.java:addTable(110)) - using custom profile for table: default
2019-09-12 10:52:48,072 [main] INFO  db.DBStoreBuilder (DBStoreBuilder.java:processTables(167)) - Using default column profile:DBProfile.DISK for Table:default
2019-09-12 10:52:48,073 [main] INFO  db.DBStoreBuilder (DBStoreBuilder.java:getDbProfile(198)) - Using default options. DBProfile.DISK
2019-09-12 10:52:48,332 [main] INFO  net.NodeSchemaLoader (NodeSchemaLoader.java:loadSchemaFromFile(125)) - Loading file from sun.misc.CompoundEnumeration@56620197
2019-09-12 10:52:48,335 [main] INFO  net.NodeSchemaLoader (NodeSchemaLoader.java:loadSchema(171)) - Loading network topology layer schema file
2019-09-12 10:52:48,414 [main] INFO  node.SCMNodeManager (SCMNodeManager.java:<init>(121)) - Entering startup safe mode.
2019-09-12 10:52:48,489 [main] INFO  algorithms.ContainerPlacementPolicyFactory (ContainerPlacementPolicyFactory.java:getPolicy(56)) - Create container placement policy of type org.apache.hadoop.hdds.scm.container.placement.algorithms.SCMContainerPlacementRandom
2019-09-12 10:52:48,504 [main] WARN  server.ServerUtils (ServerUtils.java:getScmDbDir(145)) - ozone.scm.db.dirs is not configured. We recommend adding this setting. Falling back to ozone.metadata.dirs instead.
2019-09-12 10:52:48,609 [main] INFO  pipeline.SCMPipelineManager (SCMPipelineManager.java:initializePipelineState(126)) - No pipeline exists in current db
2019-09-12 10:52:48,612 [main] WARN  server.ServerUtils (ServerUtils.java:getScmDbDir(145)) - ozone.scm.db.dirs is not configured. We recommend adding this setting. Falling back to ozone.metadata.dirs instead.
2019-09-12 10:52:48,776 [main] WARN  events.EventQueue (EventQueue.java:fireEvent(175)) - No event handler registered for event TypedEvent{payloadType=SafeModeStatus, name='SafeModeStatus'}
2019-09-12 10:52:49,344 [main] INFO  ipc.CallQueueManager (CallQueueManager.java:<init>(84)) - Using callQueue: class java.util.concurrent.LinkedBlockingQueue, queueCapacity: 2000, scheduler: class org.apache.hadoop.ipc.DefaultRpcScheduler, ipcBackoff: false.
2019-09-12 10:52:49,637 [Socket Reader #1 for port 36029] INFO  ipc.Server (Server.java:run(1074)) - Starting Socket Reader #1 for port 36029
2019-09-12 10:52:49,660 [main] INFO  ipc.CallQueueManager (CallQueueManager.java:<init>(84)) - Using callQueue: class java.util.concurrent.LinkedBlockingQueue, queueCapacity: 2000, scheduler: class org.apache.hadoop.ipc.DefaultRpcScheduler, ipcBackoff: false.
2019-09-12 10:52:49,661 [Socket Reader #1 for port 37510] INFO  ipc.Server (Server.java:run(1074)) - Starting Socket Reader #1 for port 37510
2019-09-12 10:52:49,668 [main] INFO  ipc.CallQueueManager (CallQueueManager.java:<init>(84)) - Using callQueue: class java.util.concurrent.LinkedBlockingQueue, queueCapacity: 2000, scheduler: class org.apache.hadoop.ipc.DefaultRpcScheduler, ipcBackoff: false.
2019-09-12 10:52:49,669 [Socket Reader #1 for port 38248] INFO  ipc.Server (Server.java:run(1074)) - Starting Socket Reader #1 for port 38248
2019-09-12 10:52:49,690 [main] INFO  hdfs.DFSUtil (DFSUtil.java:httpServerTemplateForNNAndJN(1641)) - Starting Web-server for scm at: http://0.0.0.0:0
2019-09-12 10:52:49,829 [main] INFO  server.AuthenticationFilter (AuthenticationFilter.java:constructSecretProvider(240)) - Unable to initialize FileSignerSecretProvider, falling back to use random secrets.
2019-09-12 10:52:49,837 [main] WARN  http.HttpRequestLog (HttpRequestLog.java:getRequestLog(97)) - Jetty request log can only be enabled using Log4j
2019-09-12 10:52:49,846 [main] INFO  http.HttpServer2 (HttpServer2.java:addGlobalFilter(975)) - Added global filter 'safety' (class=org.apache.hadoop.http.HttpServer2$QuotingInputFilter)
2019-09-12 10:52:49,849 [main] INFO  http.HttpServer2 (HttpServer2.java:addFilter(948)) - Added filter static_user_filter (class=org.apache.hadoop.http.lib.StaticUserWebFilter$StaticUserFilter) to context scm
2019-09-12 10:52:49,850 [main] INFO  http.HttpServer2 (HttpServer2.java:addFilter(958)) - Added filter static_user_filter (class=org.apache.hadoop.http.lib.StaticUserWebFilter$StaticUserFilter) to context static
2019-09-12 10:52:49,850 [main] INFO  http.HttpServer2 (HttpServer2.java:addFilter(958)) - Added filter static_user_filter (class=org.apache.hadoop.http.lib.StaticUserWebFilter$StaticUserFilter) to context logs
2019-09-12 10:52:49,881 [main] INFO  server.StorageContainerManager (StorageContainerManager.java:start(759)) - StorageContainerLocationProtocol RPC server is listening at /0.0.0.0:38248
2019-09-12 10:52:49,943 [main] WARN  impl.MetricsConfig (MetricsConfig.java:loadFirst(134)) - Cannot locate configuration: tried hadoop-metrics2-storagecontainermanager.properties,hadoop-metrics2.properties
2019-09-12 10:52:49,956 [main] INFO  impl.MetricsSystemImpl (MetricsSystemImpl.java:startTimer(374)) - Scheduled Metric snapshot period at 10 second(s).
2019-09-12 10:52:49,956 [main] INFO  impl.MetricsSystemImpl (MetricsSystemImpl.java:start(191)) - StorageContainerManager metrics system started
2019-09-12 10:52:50,175 [main] INFO  server.SCMClientProtocolServer (SCMClientProtocolServer.java:start(151)) - RPC server for Client  is listening at /0.0.0.0:38248
2019-09-12 10:52:50,176 [IPC Server Responder] INFO  ipc.Server (Server.java:run(1314)) - IPC Server Responder: starting
2019-09-12 10:52:50,176 [IPC Server listener on 38248] INFO  ipc.Server (Server.java:run(1153)) - IPC Server listener on 38248: starting
2019-09-12 10:52:50,179 [main] INFO  server.StorageContainerManager (StorageContainerManager.java:start(769)) - ScmBlockLocationProtocol RPC server is listening at /0.0.0.0:37510
2019-09-12 10:52:50,179 [main] INFO  server.SCMBlockProtocolServer (SCMBlockProtocolServer.java:start(140)) - RPC server for Block Protocol is listening at /0.0.0.0:37510
2019-09-12 10:52:50,179 [IPC Server Responder] INFO  ipc.Server (Server.java:run(1314)) - IPC Server Responder: starting
2019-09-12 10:52:50,180 [IPC Server listener on 37510] INFO  ipc.Server (Server.java:run(1153)) - IPC Server listener on 37510: starting
2019-09-12 10:52:50,182 [main] INFO  server.StorageContainerManager (StorageContainerManager.java:start(773)) - ScmDatanodeProtocl RPC server is listening at /0.0.0.0:36029
2019-09-12 10:52:50,182 [main] INFO  server.SCMDatanodeProtocolServer (SCMDatanodeProtocolServer.java:start(191)) - RPC server for DataNodes is listening at /0.0.0.0:36029
2019-09-12 10:52:50,182 [IPC Server Responder] INFO  ipc.Server (Server.java:run(1314)) - IPC Server Responder: starting
2019-09-12 10:52:50,182 [IPC Server listener on 36029] INFO  ipc.Server (Server.java:run(1153)) - IPC Server listener on 36029: starting
2019-09-12 10:52:50,186 [main] INFO  http.HttpServer2 (HttpServer2.java:bindListener(1191)) - Jetty bound to port 43874
2019-09-12 10:52:50,187 [main] INFO  server.Server (Server.java:doStart(351)) - jetty-9.3.24.v20180605, build timestamp: 2018-06-05T17:11:56Z, git hash: 84205aa28f11a4f31f2a3b86d1bba2cc8ab69827
2019-09-12 10:52:50,217 [main] INFO  handler.ContextHandler (ContextHandler.java:doStart(781)) - Started o.e.j.s.ServletContextHandler@38f116f6{/logs,file:///workdir/hadoop-ozone/integration-test/target/log,AVAILABLE}
2019-09-12 10:52:50,218 [main] INFO  handler.ContextHandler (ContextHandler.java:doStart(781)) - Started o.e.j.s.ServletContextHandler@6e6d5d29{/static,file:///workdir/hadoop-ozone/integration-test/target/test-classes/webapps/static,AVAILABLE}
2019-09-12 10:52:50,249 [main] INFO  handler.ContextHandler (ContextHandler.java:doStart(781)) - Started o.e.j.w.WebAppContext@62f87c44{/,file:///workdir/hadoop-ozone/integration-test/target/test-classes/webapps/scm/,AVAILABLE}{/scm}
2019-09-12 10:52:50,254 [main] INFO  server.AbstractConnector (AbstractConnector.java:doStart(278)) - Started ServerConnector@72efb5c1{HTTP/1.1,[http/1.1]}{0.0.0.0:43874}
2019-09-12 10:52:50,254 [main] INFO  server.Server (Server.java:doStart(419)) - Started @3233ms
2019-09-12 10:52:50,256 [main] INFO  server.BaseHttpServer (BaseHttpServer.java:updateConnectorAddress(213)) - HTTP server of SCM is listening at http://0.0.0.0:43874
2019-09-12 10:52:50,261 [org.apache.hadoop.util.JvmPauseMonitor$Monitor@70e29e14] INFO  util.JvmPauseMonitor (JvmPauseMonitor.java:run(188)) - Starting JVM pause monitor
2019-09-12 10:52:50,263 [main] WARN  server.ServerUtils (ServerUtils.java:getDBPath(222)) - ozone.om.db.dirs is not configured. We recommend adding this setting. Falling back to ozone.metadata.dirs instead.
2019-09-12 10:52:50,379 [main] WARN  server.ServerUtils (ServerUtils.java:getDBPath(222)) - ozone.om.db.dirs is not configured. We recommend adding this setting. Falling back to ozone.metadata.dirs instead.
2019-09-12 10:52:50,380 [main] WARN  server.ServerUtils (ServerUtils.java:getDBPath(222)) - ozone.om.db.dirs is not configured. We recommend adding this setting. Falling back to ozone.metadata.dirs instead.
2019-09-12 10:52:50,381 [main] INFO  om.OzoneManager (OzoneManager.java:setOMNodeDetails(645)) - OM Service ID is not set. Setting it to the default ID: omServiceIdDefault
2019-09-12 10:52:50,381 [main] INFO  om.OzoneManager (OzoneManager.java:setOMNodeDetails(651)) - OM Node ID is not set. Setting it to the OmStorage's OmID: f0e996fc-8a46-40a7-8c1d-6241d5f4651b
2019-09-12 10:52:50,382 [main] INFO  om.OzoneManager (OzoneManager.java:loadOMHAConfigs(602)) - Found matching OM address with OMServiceId: null, OMNodeId: null, RPC Address: localhost:0 and Ratis port: 9872
2019-09-12 10:52:50,669 | INFO  | SCMAudit | user=jenkins1000 | ip=192.168.157.195 | op=GET_SCM_INFO null | ret=SUCCESS |  
2019-09-12 10:52:51,175 [main] WARN  server.ServerUtils (ServerUtils.java:getDBPath(222)) - ozone.om.db.dirs is not configured. We recommend adding this setting. Falling back to ozone.metadata.dirs instead.
2019-09-12 10:52:51,182 [main] INFO  db.DBStoreBuilder (DBStoreBuilder.java:addTable(110)) - using custom profile for table: userTable
2019-09-12 10:52:51,183 [main] INFO  db.DBStoreBuilder (DBStoreBuilder.java:processTables(161)) - Using default column profile:DBProfile.DISK for Table:userTable
2019-09-12 10:52:51,183 [main] INFO  db.DBStoreBuilder (DBStoreBuilder.java:addTable(110)) - using custom profile for table: volumeTable
2019-09-12 10:52:51,183 [main] INFO  db.DBStoreBuilder (DBStoreBuilder.java:processTables(161)) - Using default column profile:DBProfile.DISK for Table:volumeTable
2019-09-12 10:52:51,184 [main] INFO  db.DBStoreBuilder (DBStoreBuilder.java:addTable(110)) - using custom profile for table: bucketTable
2019-09-12 10:52:51,184 [main] INFO  db.DBStoreBuilder (DBStoreBuilder.java:processTables(161)) - Using default column profile:DBProfile.DISK for Table:bucketTable
2019-09-12 10:52:51,184 [main] INFO  db.DBStoreBuilder (DBStoreBuilder.java:addTable(110)) - using custom profile for table: keyTable
2019-09-12 10:52:51,184 [main] INFO  db.DBStoreBuilder (DBStoreBuilder.java:processTables(161)) - Using default column profile:DBProfile.DISK for Table:keyTable
2019-09-12 10:52:51,185 [main] INFO  db.DBStoreBuilder (DBStoreBuilder.java:addTable(110)) - using custom profile for table: deletedTable
2019-09-12 10:52:51,185 [main] INFO  db.DBStoreBuilder (DBStoreBuilder.java:processTables(161)) - Using default column profile:DBProfile.DISK for Table:deletedTable
2019-09-12 10:52:51,185 [main] INFO  db.DBStoreBuilder (DBStoreBuilder.java:addTable(110)) - using custom profile for table: openKeyTable
2019-09-12 10:52:51,185 [main] INFO  db.DBStoreBuilder (DBStoreBuilder.java:processTables(161)) - Using default column profile:DBProfile.DISK for Table:openKeyTable
2019-09-12 10:52:51,186 [main] INFO  db.DBStoreBuilder (DBStoreBuilder.java:addTable(110)) - using custom profile for table: s3Table
2019-09-12 10:52:51,186 [main] INFO  db.DBStoreBuilder (DBStoreBuilder.java:processTables(161)) - Using default column profile:DBProfile.DISK for Table:s3Table
2019-09-12 10:52:51,186 [main] INFO  db.DBStoreBuilder (DBStoreBuilder.java:addTable(110)) - using custom profile for table: multipartInfoTable
2019-09-12 10:52:51,186 [main] INFO  db.DBStoreBuilder (DBStoreBuilder.java:processTables(161)) - Using default column profile:DBProfile.DISK for Table:multipartInfoTable
2019-09-12 10:52:51,187 [main] INFO  db.DBStoreBuilder (DBStoreBuilder.java:addTable(110)) - using custom profile for table: dTokenTable
2019-09-12 10:52:51,187 [main] INFO  db.DBStoreBuilder (DBStoreBuilder.java:processTables(161)) - Using default column profile:DBProfile.DISK for Table:dTokenTable
2019-09-12 10:52:51,187 [main] INFO  db.DBStoreBuilder (DBStoreBuilder.java:addTable(110)) - using custom profile for table: s3SecretTable
2019-09-12 10:52:51,188 [main] INFO  db.DBStoreBuilder (DBStoreBuilder.java:processTables(161)) - Using default column profile:DBProfile.DISK for Table:s3SecretTable
2019-09-12 10:52:51,188 [main] INFO  db.DBStoreBuilder (DBStoreBuilder.java:addTable(110)) - using custom profile for table: prefixTable
2019-09-12 10:52:51,188 [main] INFO  db.DBStoreBuilder (DBStoreBuilder.java:processTables(161)) - Using default column profile:DBProfile.DISK for Table:prefixTable
2019-09-12 10:52:51,188 [main] INFO  db.DBStoreBuilder (DBStoreBuilder.java:addTable(110)) - using custom profile for table: default
2019-09-12 10:52:51,189 [main] INFO  db.DBStoreBuilder (DBStoreBuilder.java:processTables(167)) - Using default column profile:DBProfile.DISK for Table:default
2019-09-12 10:52:51,189 [main] INFO  db.DBStoreBuilder (DBStoreBuilder.java:getDbProfile(198)) - Using default options. DBProfile.DISK
2019-09-12 10:52:51,722 [main] INFO  ipc.CallQueueManager (CallQueueManager.java:<init>(84)) - Using callQueue: class java.util.concurrent.LinkedBlockingQueue, queueCapacity: 2000, scheduler: class org.apache.hadoop.ipc.DefaultRpcScheduler, ipcBackoff: false.
2019-09-12 10:52:51,723 [Socket Reader #1 for port 42047] INFO  ipc.Server (Server.java:run(1074)) - Starting Socket Reader #1 for port 42047
2019-09-12 10:52:51,743 [main] INFO  om.OzoneManager (OzoneManager.java:start(1256)) - OzoneManager RPC server is listening at localhost/127.0.0.1:42047
2019-09-12 10:52:51,743 [main] INFO  impl.MetricsSystemImpl (MetricsSystemImpl.java:init(158)) - OzoneManager metrics system started (again)
2019-09-12 10:52:51,744 [IPC Server Responder] INFO  ipc.Server (Server.java:run(1314)) - IPC Server Responder: starting
2019-09-12 10:52:51,745 [IPC Server listener on 42047] INFO  ipc.Server (Server.java:run(1153)) - IPC Server listener on 42047: starting
2019-09-12 10:52:51,992 [main] INFO  hdfs.DFSUtil (DFSUtil.java:httpServerTemplateForNNAndJN(1641)) - Starting Web-server for ozoneManager at: http://0.0.0.0:0
2019-09-12 10:52:51,995 [main] INFO  server.AuthenticationFilter (AuthenticationFilter.java:constructSecretProvider(240)) - Unable to initialize FileSignerSecretProvider, falling back to use random secrets.
2019-09-12 10:52:51,997 [main] WARN  http.HttpRequestLog (HttpRequestLog.java:getRequestLog(97)) - Jetty request log can only be enabled using Log4j
2019-09-12 10:52:52,003 [main] INFO  http.HttpServer2 (HttpServer2.java:addGlobalFilter(975)) - Added global filter 'safety' (class=org.apache.hadoop.http.HttpServer2$QuotingInputFilter)
2019-09-12 10:52:52,005 [main] INFO  http.HttpServer2 (HttpServer2.java:addFilter(948)) - Added filter static_user_filter (class=org.apache.hadoop.http.lib.StaticUserWebFilter$StaticUserFilter) to context ozoneManager
2019-09-12 10:52:52,005 [main] INFO  http.HttpServer2 (HttpServer2.java:addFilter(958)) - Added filter static_user_filter (class=org.apache.hadoop.http.lib.StaticUserWebFilter$StaticUserFilter) to context static
2019-09-12 10:52:52,006 [main] INFO  http.HttpServer2 (HttpServer2.java:addFilter(958)) - Added filter static_user_filter (class=org.apache.hadoop.http.lib.StaticUserWebFilter$StaticUserFilter) to context logs
2019-09-12 10:52:52,009 [main] INFO  http.HttpServer2 (HttpServer2.java:bindListener(1191)) - Jetty bound to port 42471
2019-09-12 10:52:52,010 [main] INFO  server.Server (Server.java:doStart(351)) - jetty-9.3.24.v20180605, build timestamp: 2018-06-05T17:11:56Z, git hash: 84205aa28f11a4f31f2a3b86d1bba2cc8ab69827
2019-09-12 10:52:52,013 [main] INFO  handler.ContextHandler (ContextHandler.java:doStart(781)) - Started o.e.j.s.ServletContextHandler@64138b0c{/logs,file:///workdir/hadoop-ozone/integration-test/target/log,AVAILABLE}
2019-09-12 10:52:52,014 [main] INFO  handler.ContextHandler (ContextHandler.java:doStart(781)) - Started o.e.j.s.ServletContextHandler@22d9c961{/static,file:///workdir/hadoop-ozone/integration-test/target/test-classes/webapps/static,AVAILABLE}
2019-09-12 10:52:52,022 [main] INFO  handler.ContextHandler (ContextHandler.java:doStart(781)) - Started o.e.j.w.WebAppContext@173373b4{/,file:///workdir/hadoop-ozone/integration-test/target/test-classes/webapps/ozoneManager/,AVAILABLE}{/ozoneManager}
2019-09-12 10:52:52,023 [main] INFO  server.AbstractConnector (AbstractConnector.java:doStart(278)) - Started ServerConnector@40d10481{HTTP/1.1,[http/1.1]}{0.0.0.0:42471}
2019-09-12 10:52:52,024 [main] INFO  server.Server (Server.java:doStart(419)) - Started @5002ms
2019-09-12 10:52:52,026 [main] INFO  server.BaseHttpServer (BaseHttpServer.java:updateConnectorAddress(213)) - HTTP server of OZONEMANAGER is listening at http://0.0.0.0:42471
2019-09-12 10:52:52,215 [main] INFO  impl.MetricsSystemImpl (MetricsSystemImpl.java:init(158)) - HddsDatanode metrics system started (again)
2019-09-12 10:52:52,331 [main] INFO  ozone.HddsDatanodeService (HddsDatanodeService.java:start(184)) - HddsDatanodeService host:pr-hdds-1569-xtfnx-3545843844 ip:192.168.157.195
2019-09-12 10:52:52,366 [main] INFO  volume.HddsVolume (HddsVolume.java:<init>(176)) - Creating Volume: /workdir/hadoop-ozone/integration-test/target/test-dir/MiniOzoneClusterImpl-838a7ec2-4afb-4d68-8138-46fa65bc7e11/datanode-0/data/containers/hdds of  storage type : DISK and capacity : 1482555576320
2019-09-12 10:52:52,368 [main] INFO  volume.VolumeSet (VolumeSet.java:initializeVolumeSet(170)) - Added Volume : /workdir/hadoop-ozone/integration-test/target/test-dir/MiniOzoneClusterImpl-838a7ec2-4afb-4d68-8138-46fa65bc7e11/datanode-0/data/containers/hdds to VolumeSet
2019-09-12 10:52:52,370 [main] INFO  volume.ThrottledAsyncChecker (ThrottledAsyncChecker.java:schedule(140)) - Scheduling a check for org.apache.hadoop.ozone.container.common.volume.HddsVolume@7c1c5936
2019-09-12 10:52:52,389 [main] INFO  volume.HddsVolumeChecker (HddsVolumeChecker.java:checkAllVolumes(203)) - Scheduled health check for volume org.apache.hadoop.ozone.container.common.volume.HddsVolume@7c1c5936
2019-09-12 10:52:52,554 [main] INFO  impl.RaftServerProxy (ConfUtils.java:logGet(43)) - raft.rpc.type = GRPC (default)
2019-09-12 10:52:52,622 [main] INFO  grpc.GrpcFactory (GrpcFactory.java:checkPooledByteBufAllocatorUseCacheForAllThreads(45)) - PERFORMANCE WARNING: useCacheForAllThreads is true that may cause Netty to create a lot garbage objects and, as a result, trigger GC.
	It is recommended to disable useCacheForAllThreads by setting -Dorg.apache.ratis.thirdparty.io.netty.allocator.useCacheForAllThreads=false in command line.
2019-09-12 10:52:52,627 [main] INFO  grpc.GrpcConfigKeys$Server (ConfUtils.java:logGet(43)) - raft.grpc.server.port = 0 (default)
2019-09-12 10:52:52,628 [main] INFO  server.GrpcService (ConfUtils.java:logGet(43)) - raft.grpc.message.size.max = 33570816 (custom)
2019-09-12 10:52:52,630 [main] INFO  server.RaftServerConfigKeys (ConfUtils.java:logGet(43)) - raft.server.log.appender.buffer.byte-limit = 33554432 (custom)
2019-09-12 10:52:52,630 [main] INFO  server.GrpcService (ConfUtils.java:logGet(43)) - raft.grpc.flow.control.window = 1MB (=1048576) (default)
2019-09-12 10:52:52,631 [main] INFO  server.RaftServerConfigKeys (ConfUtils.java:logGet(43)) - raft.server.rpc.request.timeout = 3000ms (default)
2019-09-12 10:52:52,806 [main] INFO  server.RaftServerConfigKeys (ConfUtils.java:logGet(43)) - raft.server.storage.dir = [/workdir/hadoop-ozone/integration-test/target/test-dir/MiniOzoneClusterImpl-838a7ec2-4afb-4d68-8138-46fa65bc7e11/datanode-0/data/ratis] (custom)
2019-09-12 10:52:52,847 [main] INFO  replication.SimpleContainerDownloader (SimpleContainerDownloader.java:<init>(72)) - Starting container downloader service to copy containers to replicate.
2019-09-12 10:52:52,863 [main] INFO  hdfs.DFSUtil (DFSUtil.java:httpServerTemplateForNNAndJN(1641)) - Starting Web-server for hddsDatanode at: http://0.0.0.0:0
2019-09-12 10:52:52,866 [main] INFO  server.AuthenticationFilter (AuthenticationFilter.java:constructSecretProvider(240)) - Unable to initialize FileSignerSecretProvider, falling back to use random secrets.
2019-09-12 10:52:52,868 [main] WARN  http.HttpRequestLog (HttpRequestLog.java:getRequestLog(97)) - Jetty request log can only be enabled using Log4j
2019-09-12 10:52:52,871 [main] INFO  http.HttpServer2 (HttpServer2.java:addGlobalFilter(975)) - Added global filter 'safety' (class=org.apache.hadoop.http.HttpServer2$QuotingInputFilter)
2019-09-12 10:52:52,872 [main] INFO  http.HttpServer2 (HttpServer2.java:addFilter(948)) - Added filter static_user_filter (class=org.apache.hadoop.http.lib.StaticUserWebFilter$StaticUserFilter) to context hddsDatanode
2019-09-12 10:52:52,872 [main] INFO  http.HttpServer2 (HttpServer2.java:addFilter(958)) - Added filter static_user_filter (class=org.apache.hadoop.http.lib.StaticUserWebFilter$StaticUserFilter) to context logs
2019-09-12 10:52:52,872 [main] INFO  http.HttpServer2 (HttpServer2.java:addFilter(958)) - Added filter static_user_filter (class=org.apache.hadoop.http.lib.StaticUserWebFilter$StaticUserFilter) to context static
2019-09-12 10:52:52,874 [main] INFO  http.HttpServer2 (HttpServer2.java:bindListener(1191)) - Jetty bound to port 39150
2019-09-12 10:52:52,874 [main] INFO  server.Server (Server.java:doStart(351)) - jetty-9.3.24.v20180605, build timestamp: 2018-06-05T17:11:56Z, git hash: 84205aa28f11a4f31f2a3b86d1bba2cc8ab69827
2019-09-12 10:52:52,877 [main] INFO  handler.ContextHandler (ContextHandler.java:doStart(781)) - Started o.e.j.s.ServletContextHandler@68b9834c{/logs,file:///workdir/hadoop-ozone/integration-test/target/log,AVAILABLE}
2019-09-12 10:52:52,878 [main] INFO  handler.ContextHandler (ContextHandler.java:doStart(781)) - Started o.e.j.s.ServletContextHandler@671d1157{/static,jar:file:/home/user/.m2/repository/org/apache/hadoop/hadoop-hdds-container-service/0.5.0-SNAPSHOT/hadoop-hdds-container-service-0.5.0-SNAPSHOT.jar!/webapps/static,AVAILABLE}
2019-09-12 10:52:52,919 [main] INFO  handler.ContextHandler (ContextHandler.java:doStart(781)) - Started o.e.j.w.WebAppContext@5ea4300e{/,file:///tmp/jetty-0.0.0.0-39150-hddsDatanode-_-any-1895724005145605742.dir/webapp/,AVAILABLE}{/hddsDatanode}
2019-09-12 10:52:52,920 [main] INFO  server.AbstractConnector (AbstractConnector.java:doStart(278)) - Started ServerConnector@5a1c3cb4{HTTP/1.1,[http/1.1]}{0.0.0.0:39150}
2019-09-12 10:52:52,921 [main] INFO  server.Server (Server.java:doStart(419)) - Started @5899ms
2019-09-12 10:52:52,922 [main] INFO  server.BaseHttpServer (BaseHttpServer.java:updateConnectorAddress(213)) - HTTP server of HDDSDATANODE is listening at http://0.0.0.0:39150
2019-09-12 10:52:54,097 | INFO  | ObjectStoreRestHttpServer | Listening HDDS REST traffic on /0.0.0.0:44499 |  
2019-09-12 10:52:54,099 [main] INFO  ozone.HddsDatanodeService (HddsDatanodeService.java:startPlugins(395)) - Started plug-in org.apache.hadoop.ozone.web.OzoneHddsDatanodeService@5e50df2e
2019-09-12 10:52:54,100 [main] INFO  impl.MetricsSystemImpl (MetricsSystemImpl.java:init(158)) - HddsDatanode metrics system started (again)
2019-09-12 10:52:54,103 [main] INFO  ozone.HddsDatanodeService (HddsDatanodeService.java:start(184)) - HddsDatanodeService host:pr-hdds-1569-xtfnx-3545843844 ip:192.168.157.195
2019-09-12 10:52:54,107 [org.apache.hadoop.util.JvmPauseMonitor$Monitor@1a85c6fa] INFO  util.JvmPauseMonitor (JvmPauseMonitor.java:run(188)) - Starting JVM pause monitor
2019-09-12 10:52:54,111 [main] INFO  volume.HddsVolume (HddsVolume.java:<init>(176)) - Creating Volume: /workdir/hadoop-ozone/integration-test/target/test-dir/MiniOzoneClusterImpl-838a7ec2-4afb-4d68-8138-46fa65bc7e11/datanode-1/data/containers/hdds of  storage type : DISK and capacity : 1482555576320
2019-09-12 10:52:54,112 [main] INFO  volume.VolumeSet (VolumeSet.java:initializeVolumeSet(170)) - Added Volume : /workdir/hadoop-ozone/integration-test/target/test-dir/MiniOzoneClusterImpl-838a7ec2-4afb-4d68-8138-46fa65bc7e11/datanode-1/data/containers/hdds to VolumeSet
2019-09-12 10:52:54,112 [main] INFO  volume.ThrottledAsyncChecker (ThrottledAsyncChecker.java:schedule(140)) - Scheduling a check for org.apache.hadoop.ozone.container.common.volume.HddsVolume@2c3158e0
2019-09-12 10:52:54,114 [main] INFO  volume.HddsVolumeChecker (HddsVolumeChecker.java:checkAllVolumes(203)) - Scheduled health check for volume org.apache.hadoop.ozone.container.common.volume.HddsVolume@2c3158e0
2019-09-12 10:52:54,135 [main] INFO  impl.RaftServerProxy (ConfUtils.java:logGet(43)) - raft.rpc.type = GRPC (default)
2019-09-12 10:52:54,135 [main] INFO  grpc.GrpcFactory (GrpcFactory.java:checkPooledByteBufAllocatorUseCacheForAllThreads(45)) - PERFORMANCE WARNING: useCacheForAllThreads is true that may cause Netty to create a lot garbage objects and, as a result, trigger GC.
	It is recommended to disable useCacheForAllThreads by setting -Dorg.apache.ratis.thirdparty.io.netty.allocator.useCacheForAllThreads=false in command line.
2019-09-12 10:52:54,136 [main] INFO  grpc.GrpcConfigKeys$Server (ConfUtils.java:logGet(43)) - raft.grpc.server.port = 0 (default)
2019-09-12 10:52:54,136 [main] INFO  server.GrpcService (ConfUtils.java:logGet(43)) - raft.grpc.message.size.max = 33570816 (custom)
2019-09-12 10:52:54,136 [main] INFO  server.RaftServerConfigKeys (ConfUtils.java:logGet(43)) - raft.server.log.appender.buffer.byte-limit = 33554432 (custom)
2019-09-12 10:52:54,137 [main] INFO  server.GrpcService (ConfUtils.java:logGet(43)) - raft.grpc.flow.control.window = 1MB (=1048576) (default)
2019-09-12 10:52:54,137 [main] INFO  server.RaftServerConfigKeys (ConfUtils.java:logGet(43)) - raft.server.rpc.request.timeout = 3000ms (default)
2019-09-12 10:52:54,138 [main] INFO  server.RaftServerConfigKeys (ConfUtils.java:logGet(43)) - raft.server.storage.dir = [/workdir/hadoop-ozone/integration-test/target/test-dir/MiniOzoneClusterImpl-838a7ec2-4afb-4d68-8138-46fa65bc7e11/datanode-1/data/ratis] (custom)
2019-09-12 10:52:54,138 [main] INFO  replication.SimpleContainerDownloader (SimpleContainerDownloader.java:<init>(72)) - Starting container downloader service to copy containers to replicate.
2019-09-12 10:52:54,140 [main] INFO  hdfs.DFSUtil (DFSUtil.java:httpServerTemplateForNNAndJN(1641)) - Starting Web-server for hddsDatanode at: http://0.0.0.0:0
2019-09-12 10:52:54,143 [main] INFO  server.AuthenticationFilter (AuthenticationFilter.java:constructSecretProvider(240)) - Unable to initialize FileSignerSecretProvider, falling back to use random secrets.
2019-09-12 10:52:54,144 [main] WARN  http.HttpRequestLog (HttpRequestLog.java:getRequestLog(97)) - Jetty request log can only be enabled using Log4j
2019-09-12 10:52:54,147 [main] INFO  http.HttpServer2 (HttpServer2.java:addGlobalFilter(975)) - Added global filter 'safety' (class=org.apache.hadoop.http.HttpServer2$QuotingInputFilter)
2019-09-12 10:52:54,148 [main] INFO  http.HttpServer2 (HttpServer2.java:addFilter(948)) - Added filter static_user_filter (class=org.apache.hadoop.http.lib.StaticUserWebFilter$StaticUserFilter) to context hddsDatanode
2019-09-12 10:52:54,148 [main] INFO  http.HttpServer2 (HttpServer2.java:addFilter(958)) - Added filter static_user_filter (class=org.apache.hadoop.http.lib.StaticUserWebFilter$StaticUserFilter) to context static
2019-09-12 10:52:54,149 [main] INFO  http.HttpServer2 (HttpServer2.java:addFilter(958)) - Added filter static_user_filter (class=org.apache.hadoop.http.lib.StaticUserWebFilter$StaticUserFilter) to context logs
2019-09-12 10:52:54,150 [main] INFO  http.HttpServer2 (HttpServer2.java:bindListener(1191)) - Jetty bound to port 36570
2019-09-12 10:52:54,150 [main] INFO  server.Server (Server.java:doStart(351)) - jetty-9.3.24.v20180605, build timestamp: 2018-06-05T17:11:56Z, git hash: 84205aa28f11a4f31f2a3b86d1bba2cc8ab69827
2019-09-12 10:52:54,154 [main] INFO  handler.ContextHandler (ContextHandler.java:doStart(781)) - Started o.e.j.s.ServletContextHandler@7418d76e{/logs,file:///workdir/hadoop-ozone/integration-test/target/log,AVAILABLE}
2019-09-12 10:52:54,155 [main] INFO  handler.ContextHandler (ContextHandler.java:doStart(781)) - Started o.e.j.s.ServletContextHandler@11ede87f{/static,jar:file:/home/user/.m2/repository/org/apache/hadoop/hadoop-hdds-container-service/0.5.0-SNAPSHOT/hadoop-hdds-container-service-0.5.0-SNAPSHOT.jar!/webapps/static,AVAILABLE}
2019-09-12 10:52:54,198 [main] INFO  handler.ContextHandler (ContextHandler.java:doStart(781)) - Started o.e.j.w.WebAppContext@50b734c4{/,file:///tmp/jetty-0.0.0.0-36570-hddsDatanode-_-any-7299385951672367759.dir/webapp/,AVAILABLE}{/hddsDatanode}
2019-09-12 10:52:54,198 [main] INFO  server.AbstractConnector (AbstractConnector.java:doStart(278)) - Started ServerConnector@2744dcae{HTTP/1.1,[http/1.1]}{0.0.0.0:36570}
2019-09-12 10:52:54,200 [main] INFO  server.Server (Server.java:doStart(419)) - Started @7178ms
2019-09-12 10:52:54,201 [main] INFO  server.BaseHttpServer (BaseHttpServer.java:updateConnectorAddress(213)) - HTTP server of HDDSDATANODE is listening at http://0.0.0.0:36570
2019-09-12 10:52:54,247 [Datanode State Machine Thread - 0] INFO  datanode.InitDatanodeState (InitDatanodeState.java:persistContainerDatanodeDetails(140)) - DatanodeDetails is persisted to /workdir/hadoop-ozone/integration-test/target/test-dir/MiniOzoneClusterImpl-838a7ec2-4afb-4d68-8138-46fa65bc7e11/datanode-0/meta/datanode.id
2019-09-12 10:52:54,366 | INFO  | ObjectStoreRestHttpServer | Listening HDDS REST traffic on /0.0.0.0:40574 |  
2019-09-12 10:52:54,366 [main] INFO  ozone.HddsDatanodeService (HddsDatanodeService.java:startPlugins(395)) - Started plug-in org.apache.hadoop.ozone.web.OzoneHddsDatanodeService@6c742b84
2019-09-12 10:52:54,367 [main] INFO  impl.MetricsSystemImpl (MetricsSystemImpl.java:init(158)) - HddsDatanode metrics system started (again)
2019-09-12 10:52:54,370 [org.apache.hadoop.util.JvmPauseMonitor$Monitor@414f0ee2] INFO  util.JvmPauseMonitor (JvmPauseMonitor.java:run(188)) - Starting JVM pause monitor
2019-09-12 10:52:54,370 [main] INFO  ozone.HddsDatanodeService (HddsDatanodeService.java:start(184)) - HddsDatanodeService host:pr-hdds-1569-xtfnx-3545843844 ip:192.168.157.195
2019-09-12 10:52:54,376 [Datanode State Machine Thread - 0] INFO  datanode.InitDatanodeState (InitDatanodeState.java:persistContainerDatanodeDetails(140)) - DatanodeDetails is persisted to /workdir/hadoop-ozone/integration-test/target/test-dir/MiniOzoneClusterImpl-838a7ec2-4afb-4d68-8138-46fa65bc7e11/datanode-1/meta/datanode.id
2019-09-12 10:52:54,387 [main] INFO  volume.HddsVolume (HddsVolume.java:<init>(176)) - Creating Volume: /workdir/hadoop-ozone/integration-test/target/test-dir/MiniOzoneClusterImpl-838a7ec2-4afb-4d68-8138-46fa65bc7e11/datanode-2/data/containers/hdds of  storage type : DISK and capacity : 1482555576320
2019-09-12 10:52:54,388 [main] INFO  volume.VolumeSet (VolumeSet.java:initializeVolumeSet(170)) - Added Volume : /workdir/hadoop-ozone/integration-test/target/test-dir/MiniOzoneClusterImpl-838a7ec2-4afb-4d68-8138-46fa65bc7e11/datanode-2/data/containers/hdds to VolumeSet
2019-09-12 10:52:54,389 [main] INFO  volume.ThrottledAsyncChecker (ThrottledAsyncChecker.java:schedule(140)) - Scheduling a check for org.apache.hadoop.ozone.container.common.volume.HddsVolume@f882465
2019-09-12 10:52:54,389 [main] INFO  volume.HddsVolumeChecker (HddsVolumeChecker.java:checkAllVolumes(203)) - Scheduled health check for volume org.apache.hadoop.ozone.container.common.volume.HddsVolume@f882465
2019-09-12 10:52:54,413 [main] INFO  impl.RaftServerProxy (ConfUtils.java:logGet(43)) - raft.rpc.type = GRPC (default)
2019-09-12 10:52:54,413 [main] INFO  grpc.GrpcFactory (GrpcFactory.java:checkPooledByteBufAllocatorUseCacheForAllThreads(45)) - PERFORMANCE WARNING: useCacheForAllThreads is true that may cause Netty to create a lot garbage objects and, as a result, trigger GC.
	It is recommended to disable useCacheForAllThreads by setting -Dorg.apache.ratis.thirdparty.io.netty.allocator.useCacheForAllThreads=false in command line.
2019-09-12 10:52:54,414 [main] INFO  grpc.GrpcConfigKeys$Server (ConfUtils.java:logGet(43)) - raft.grpc.server.port = 0 (default)
2019-09-12 10:52:54,414 [main] INFO  server.GrpcService (ConfUtils.java:logGet(43)) - raft.grpc.message.size.max = 33570816 (custom)
2019-09-12 10:52:54,414 [main] INFO  server.RaftServerConfigKeys (ConfUtils.java:logGet(43)) - raft.server.log.appender.buffer.byte-limit = 33554432 (custom)
2019-09-12 10:52:54,415 [main] INFO  server.GrpcService (ConfUtils.java:logGet(43)) - raft.grpc.flow.control.window = 1MB (=1048576) (default)
2019-09-12 10:52:54,415 [main] INFO  server.RaftServerConfigKeys (ConfUtils.java:logGet(43)) - raft.server.rpc.request.timeout = 3000ms (default)
2019-09-12 10:52:54,416 [main] INFO  server.RaftServerConfigKeys (ConfUtils.java:logGet(43)) - raft.server.storage.dir = [/workdir/hadoop-ozone/integration-test/target/test-dir/MiniOzoneClusterImpl-838a7ec2-4afb-4d68-8138-46fa65bc7e11/datanode-2/data/ratis] (custom)
2019-09-12 10:52:54,417 [main] INFO  replication.SimpleContainerDownloader (SimpleContainerDownloader.java:<init>(72)) - Starting container downloader service to copy containers to replicate.
2019-09-12 10:52:54,419 [main] INFO  hdfs.DFSUtil (DFSUtil.java:httpServerTemplateForNNAndJN(1641)) - Starting Web-server for hddsDatanode at: http://0.0.0.0:0
2019-09-12 10:52:54,421 [main] INFO  server.AuthenticationFilter (AuthenticationFilter.java:constructSecretProvider(240)) - Unable to initialize FileSignerSecretProvider, falling back to use random secrets.
2019-09-12 10:52:54,422 [main] WARN  http.HttpRequestLog (HttpRequestLog.java:getRequestLog(97)) - Jetty request log can only be enabled using Log4j
2019-09-12 10:52:54,425 [main] INFO  http.HttpServer2 (HttpServer2.java:addGlobalFilter(975)) - Added global filter 'safety' (class=org.apache.hadoop.http.HttpServer2$QuotingInputFilter)
2019-09-12 10:52:54,426 [main] INFO  http.HttpServer2 (HttpServer2.java:addFilter(948)) - Added filter static_user_filter (class=org.apache.hadoop.http.lib.StaticUserWebFilter$StaticUserFilter) to context hddsDatanode
2019-09-12 10:52:54,427 [main] INFO  http.HttpServer2 (HttpServer2.java:addFilter(958)) - Added filter static_user_filter (class=org.apache.hadoop.http.lib.StaticUserWebFilter$StaticUserFilter) to context static
2019-09-12 10:52:54,427 [main] INFO  http.HttpServer2 (HttpServer2.java:addFilter(958)) - Added filter static_user_filter (class=org.apache.hadoop.http.lib.StaticUserWebFilter$StaticUserFilter) to context logs
2019-09-12 10:52:54,428 [main] INFO  http.HttpServer2 (HttpServer2.java:bindListener(1191)) - Jetty bound to port 41787
2019-09-12 10:52:54,429 [main] INFO  server.Server (Server.java:doStart(351)) - jetty-9.3.24.v20180605, build timestamp: 2018-06-05T17:11:56Z, git hash: 84205aa28f11a4f31f2a3b86d1bba2cc8ab69827
2019-09-12 10:52:54,432 [main] INFO  handler.ContextHandler (ContextHandler.java:doStart(781)) - Started o.e.j.s.ServletContextHandler@5a05dd30{/logs,file:///workdir/hadoop-ozone/integration-test/target/log,AVAILABLE}
2019-09-12 10:52:54,433 [main] INFO  handler.ContextHandler (ContextHandler.java:doStart(781)) - Started o.e.j.s.ServletContextHandler@dbed7fd{/static,jar:file:/home/user/.m2/repository/org/apache/hadoop/hadoop-hdds-container-service/0.5.0-SNAPSHOT/hadoop-hdds-container-service-0.5.0-SNAPSHOT.jar!/webapps/static,AVAILABLE}
2019-09-12 10:52:54,477 [main] INFO  handler.ContextHandler (ContextHandler.java:doStart(781)) - Started o.e.j.w.WebAppContext@6a1568d6{/,file:///tmp/jetty-0.0.0.0-41787-hddsDatanode-_-any-4619815947185759036.dir/webapp/,AVAILABLE}{/hddsDatanode}
2019-09-12 10:52:54,478 [main] INFO  server.AbstractConnector (AbstractConnector.java:doStart(278)) - Started ServerConnector@11c88cca{HTTP/1.1,[http/1.1]}{0.0.0.0:41787}
2019-09-12 10:52:54,479 [main] INFO  server.Server (Server.java:doStart(419)) - Started @7457ms
2019-09-12 10:52:54,483 [main] INFO  server.BaseHttpServer (BaseHttpServer.java:updateConnectorAddress(213)) - HTTP server of HDDSDATANODE is listening at http://0.0.0.0:41787
2019-09-12 10:52:54,649 | INFO  | ObjectStoreRestHttpServer | Listening HDDS REST traffic on /0.0.0.0:34793 |  
2019-09-12 10:52:54,649 [main] INFO  ozone.HddsDatanodeService (HddsDatanodeService.java:startPlugins(395)) - Started plug-in org.apache.hadoop.ozone.web.OzoneHddsDatanodeService@fddd7ae
2019-09-12 10:52:54,650 [main] INFO  impl.MetricsSystemImpl (MetricsSystemImpl.java:init(158)) - HddsDatanode metrics system started (again)
2019-09-12 10:52:54,654 [org.apache.hadoop.util.JvmPauseMonitor$Monitor@5288fc8] INFO  util.JvmPauseMonitor (JvmPauseMonitor.java:run(188)) - Starting JVM pause monitor
2019-09-12 10:52:54,654 [main] INFO  ozone.HddsDatanodeService (HddsDatanodeService.java:start(184)) - HddsDatanodeService host:pr-hdds-1569-xtfnx-3545843844 ip:192.168.157.195
2019-09-12 10:52:54,657 [Datanode State Machine Thread - 0] INFO  datanode.InitDatanodeState (InitDatanodeState.java:persistContainerDatanodeDetails(140)) - DatanodeDetails is persisted to /workdir/hadoop-ozone/integration-test/target/test-dir/MiniOzoneClusterImpl-838a7ec2-4afb-4d68-8138-46fa65bc7e11/datanode-2/meta/datanode.id
2019-09-12 10:52:54,666 [main] INFO  volume.HddsVolume (HddsVolume.java:<init>(176)) - Creating Volume: /workdir/hadoop-ozone/integration-test/target/test-dir/MiniOzoneClusterImpl-838a7ec2-4afb-4d68-8138-46fa65bc7e11/datanode-3/data/containers/hdds of  storage type : DISK and capacity : 1482555576320
2019-09-12 10:52:54,666 [main] INFO  volume.VolumeSet (VolumeSet.java:initializeVolumeSet(170)) - Added Volume : /workdir/hadoop-ozone/integration-test/target/test-dir/MiniOzoneClusterImpl-838a7ec2-4afb-4d68-8138-46fa65bc7e11/datanode-3/data/containers/hdds to VolumeSet
2019-09-12 10:52:54,666 [main] INFO  volume.ThrottledAsyncChecker (ThrottledAsyncChecker.java:schedule(140)) - Scheduling a check for org.apache.hadoop.ozone.container.common.volume.HddsVolume@6ac45c0c
2019-09-12 10:52:54,667 [main] INFO  volume.HddsVolumeChecker (HddsVolumeChecker.java:checkAllVolumes(203)) - Scheduled health check for volume org.apache.hadoop.ozone.container.common.volume.HddsVolume@6ac45c0c
2019-09-12 10:52:54,683 [main] INFO  impl.RaftServerProxy (ConfUtils.java:logGet(43)) - raft.rpc.type = GRPC (default)
2019-09-12 10:52:54,684 [main] INFO  grpc.GrpcFactory (GrpcFactory.java:checkPooledByteBufAllocatorUseCacheForAllThreads(45)) - PERFORMANCE WARNING: useCacheForAllThreads is true that may cause Netty to create a lot garbage objects and, as a result, trigger GC.
	It is recommended to disable useCacheForAllThreads by setting -Dorg.apache.ratis.thirdparty.io.netty.allocator.useCacheForAllThreads=false in command line.
2019-09-12 10:52:54,684 [main] INFO  grpc.GrpcConfigKeys$Server (ConfUtils.java:logGet(43)) - raft.grpc.server.port = 0 (default)
2019-09-12 10:52:54,684 [main] INFO  server.GrpcService (ConfUtils.java:logGet(43)) - raft.grpc.message.size.max = 33570816 (custom)
2019-09-12 10:52:54,684 [main] INFO  server.RaftServerConfigKeys (ConfUtils.java:logGet(43)) - raft.server.log.appender.buffer.byte-limit = 33554432 (custom)
2019-09-12 10:52:54,685 [main] INFO  server.GrpcService (ConfUtils.java:logGet(43)) - raft.grpc.flow.control.window = 1MB (=1048576) (default)
2019-09-12 10:52:54,685 [main] INFO  server.RaftServerConfigKeys (ConfUtils.java:logGet(43)) - raft.server.rpc.request.timeout = 3000ms (default)
2019-09-12 10:52:54,686 [main] INFO  server.RaftServerConfigKeys (ConfUtils.java:logGet(43)) - raft.server.storage.dir = [/workdir/hadoop-ozone/integration-test/target/test-dir/MiniOzoneClusterImpl-838a7ec2-4afb-4d68-8138-46fa65bc7e11/datanode-3/data/ratis] (custom)
2019-09-12 10:52:54,686 [main] INFO  replication.SimpleContainerDownloader (SimpleContainerDownloader.java:<init>(72)) - Starting container downloader service to copy containers to replicate.
2019-09-12 10:52:54,687 [main] INFO  hdfs.DFSUtil (DFSUtil.java:httpServerTemplateForNNAndJN(1641)) - Starting Web-server for hddsDatanode at: http://0.0.0.0:0
2019-09-12 10:52:54,689 [main] INFO  server.AuthenticationFilter (AuthenticationFilter.java:constructSecretProvider(240)) - Unable to initialize FileSignerSecretProvider, falling back to use random secrets.
2019-09-12 10:52:54,690 [main] WARN  http.HttpRequestLog (HttpRequestLog.java:getRequestLog(97)) - Jetty request log can only be enabled using Log4j
2019-09-12 10:52:54,692 [main] INFO  http.HttpServer2 (HttpServer2.java:addGlobalFilter(975)) - Added global filter 'safety' (class=org.apache.hadoop.http.HttpServer2$QuotingInputFilter)
2019-09-12 10:52:54,692 [main] INFO  http.HttpServer2 (HttpServer2.java:addFilter(948)) - Added filter static_user_filter (class=org.apache.hadoop.http.lib.StaticUserWebFilter$StaticUserFilter) to context hddsDatanode
2019-09-12 10:52:54,693 [main] INFO  http.HttpServer2 (HttpServer2.java:addFilter(958)) - Added filter static_user_filter (class=org.apache.hadoop.http.lib.StaticUserWebFilter$StaticUserFilter) to context logs
2019-09-12 10:52:54,693 [main] INFO  http.HttpServer2 (HttpServer2.java:addFilter(958)) - Added filter static_user_filter (class=org.apache.hadoop.http.lib.StaticUserWebFilter$StaticUserFilter) to context static
2019-09-12 10:52:54,694 [main] INFO  http.HttpServer2 (HttpServer2.java:bindListener(1191)) - Jetty bound to port 39046
2019-09-12 10:52:54,694 [main] INFO  server.Server (Server.java:doStart(351)) - jetty-9.3.24.v20180605, build timestamp: 2018-06-05T17:11:56Z, git hash: 84205aa28f11a4f31f2a3b86d1bba2cc8ab69827
2019-09-12 10:52:54,698 [main] INFO  handler.ContextHandler (ContextHandler.java:doStart(781)) - Started o.e.j.s.ServletContextHandler@55361f03{/logs,file:///workdir/hadoop-ozone/integration-test/target/log,AVAILABLE}
2019-09-12 10:52:54,699 [main] INFO  handler.ContextHandler (ContextHandler.java:doStart(781)) - Started o.e.j.s.ServletContextHandler@138f0661{/static,jar:file:/home/user/.m2/repository/org/apache/hadoop/hadoop-hdds-container-service/0.5.0-SNAPSHOT/hadoop-hdds-container-service-0.5.0-SNAPSHOT.jar!/webapps/static,AVAILABLE}
2019-09-12 10:52:54,726 [main] INFO  handler.ContextHandler (ContextHandler.java:doStart(781)) - Started o.e.j.w.WebAppContext@5ec9eefa{/,file:///tmp/jetty-0.0.0.0-39046-hddsDatanode-_-any-5778583960292011835.dir/webapp/,AVAILABLE}{/hddsDatanode}
2019-09-12 10:52:54,728 [main] INFO  server.AbstractConnector (AbstractConnector.java:doStart(278)) - Started ServerConnector@28b8f98a{HTTP/1.1,[http/1.1]}{0.0.0.0:39046}
2019-09-12 10:52:54,728 [main] INFO  server.Server (Server.java:doStart(419)) - Started @7706ms
2019-09-12 10:52:54,729 [main] INFO  server.BaseHttpServer (BaseHttpServer.java:updateConnectorAddress(213)) - HTTP server of HDDSDATANODE is listening at http://0.0.0.0:39046
2019-09-12 10:52:54,877 | INFO  | ObjectStoreRestHttpServer | Listening HDDS REST traffic on /0.0.0.0:46734 |  
2019-09-12 10:52:54,877 [main] INFO  ozone.HddsDatanodeService (HddsDatanodeService.java:startPlugins(395)) - Started plug-in org.apache.hadoop.ozone.web.OzoneHddsDatanodeService@646d810b
2019-09-12 10:52:54,877 [main] INFO  impl.MetricsSystemImpl (MetricsSystemImpl.java:init(158)) - HddsDatanode metrics system started (again)
2019-09-12 10:52:54,881 [org.apache.hadoop.util.JvmPauseMonitor$Monitor@4983dcaa] INFO  util.JvmPauseMonitor (JvmPauseMonitor.java:run(188)) - Starting JVM pause monitor
2019-09-12 10:52:54,881 [main] INFO  ozone.HddsDatanodeService (HddsDatanodeService.java:start(184)) - HddsDatanodeService host:pr-hdds-1569-xtfnx-3545843844 ip:192.168.157.195
2019-09-12 10:52:54,884 [Datanode State Machine Thread - 0] INFO  datanode.InitDatanodeState (InitDatanodeState.java:persistContainerDatanodeDetails(140)) - DatanodeDetails is persisted to /workdir/hadoop-ozone/integration-test/target/test-dir/MiniOzoneClusterImpl-838a7ec2-4afb-4d68-8138-46fa65bc7e11/datanode-3/meta/datanode.id
2019-09-12 10:52:54,889 [main] INFO  volume.HddsVolume (HddsVolume.java:<init>(176)) - Creating Volume: /workdir/hadoop-ozone/integration-test/target/test-dir/MiniOzoneClusterImpl-838a7ec2-4afb-4d68-8138-46fa65bc7e11/datanode-4/data/containers/hdds of  storage type : DISK and capacity : 1482555576320
2019-09-12 10:52:54,889 [main] INFO  volume.VolumeSet (VolumeSet.java:initializeVolumeSet(170)) - Added Volume : /workdir/hadoop-ozone/integration-test/target/test-dir/MiniOzoneClusterImpl-838a7ec2-4afb-4d68-8138-46fa65bc7e11/datanode-4/data/containers/hdds to VolumeSet
2019-09-12 10:52:54,889 [main] INFO  volume.ThrottledAsyncChecker (ThrottledAsyncChecker.java:schedule(140)) - Scheduling a check for org.apache.hadoop.ozone.container.common.volume.HddsVolume@7911cc15
2019-09-12 10:52:54,890 [main] INFO  volume.HddsVolumeChecker (HddsVolumeChecker.java:checkAllVolumes(203)) - Scheduled health check for volume org.apache.hadoop.ozone.container.common.volume.HddsVolume@7911cc15
2019-09-12 10:52:54,904 [main] INFO  impl.RaftServerProxy (ConfUtils.java:logGet(43)) - raft.rpc.type = GRPC (default)
2019-09-12 10:52:54,904 [main] INFO  grpc.GrpcFactory (GrpcFactory.java:checkPooledByteBufAllocatorUseCacheForAllThreads(45)) - PERFORMANCE WARNING: useCacheForAllThreads is true that may cause Netty to create a lot garbage objects and, as a result, trigger GC.
	It is recommended to disable useCacheForAllThreads by setting -Dorg.apache.ratis.thirdparty.io.netty.allocator.useCacheForAllThreads=false in command line.
2019-09-12 10:52:54,905 [main] INFO  grpc.GrpcConfigKeys$Server (ConfUtils.java:logGet(43)) - raft.grpc.server.port = 0 (default)
2019-09-12 10:52:54,905 [main] INFO  server.GrpcService (ConfUtils.java:logGet(43)) - raft.grpc.message.size.max = 33570816 (custom)
2019-09-12 10:52:54,905 [main] INFO  server.RaftServerConfigKeys (ConfUtils.java:logGet(43)) - raft.server.log.appender.buffer.byte-limit = 33554432 (custom)
2019-09-12 10:52:54,905 [main] INFO  server.GrpcService (ConfUtils.java:logGet(43)) - raft.grpc.flow.control.window = 1MB (=1048576) (default)
2019-09-12 10:52:54,906 [main] INFO  server.RaftServerConfigKeys (ConfUtils.java:logGet(43)) - raft.server.rpc.request.timeout = 3000ms (default)
2019-09-12 10:52:54,906 [main] INFO  server.RaftServerConfigKeys (ConfUtils.java:logGet(43)) - raft.server.storage.dir = [/workdir/hadoop-ozone/integration-test/target/test-dir/MiniOzoneClusterImpl-838a7ec2-4afb-4d68-8138-46fa65bc7e11/datanode-4/data/ratis] (custom)
2019-09-12 10:52:54,907 [main] INFO  replication.SimpleContainerDownloader (SimpleContainerDownloader.java:<init>(72)) - Starting container downloader service to copy containers to replicate.
2019-09-12 10:52:54,908 [main] INFO  hdfs.DFSUtil (DFSUtil.java:httpServerTemplateForNNAndJN(1641)) - Starting Web-server for hddsDatanode at: http://0.0.0.0:0
2019-09-12 10:52:54,909 [main] INFO  server.AuthenticationFilter (AuthenticationFilter.java:constructSecretProvider(240)) - Unable to initialize FileSignerSecretProvider, falling back to use random secrets.
2019-09-12 10:52:54,910 [main] WARN  http.HttpRequestLog (HttpRequestLog.java:getRequestLog(97)) - Jetty request log can only be enabled using Log4j
2019-09-12 10:52:54,911 [main] INFO  http.HttpServer2 (HttpServer2.java:addGlobalFilter(975)) - Added global filter 'safety' (class=org.apache.hadoop.http.HttpServer2$QuotingInputFilter)
2019-09-12 10:52:54,912 [main] INFO  http.HttpServer2 (HttpServer2.java:addFilter(948)) - Added filter static_user_filter (class=org.apache.hadoop.http.lib.StaticUserWebFilter$StaticUserFilter) to context hddsDatanode
2019-09-12 10:52:54,912 [main] INFO  http.HttpServer2 (HttpServer2.java:addFilter(958)) - Added filter static_user_filter (class=org.apache.hadoop.http.lib.StaticUserWebFilter$StaticUserFilter) to context logs
2019-09-12 10:52:54,912 [main] INFO  http.HttpServer2 (HttpServer2.java:addFilter(958)) - Added filter static_user_filter (class=org.apache.hadoop.http.lib.StaticUserWebFilter$StaticUserFilter) to context static
2019-09-12 10:52:54,913 [main] INFO  http.HttpServer2 (HttpServer2.java:bindListener(1191)) - Jetty bound to port 38559
2019-09-12 10:52:54,913 [main] INFO  server.Server (Server.java:doStart(351)) - jetty-9.3.24.v20180605, build timestamp: 2018-06-05T17:11:56Z, git hash: 84205aa28f11a4f31f2a3b86d1bba2cc8ab69827
2019-09-12 10:52:54,915 [main] INFO  handler.ContextHandler (ContextHandler.java:doStart(781)) - Started o.e.j.s.ServletContextHandler@1b7554d4{/logs,file:///workdir/hadoop-ozone/integration-test/target/log,AVAILABLE}
2019-09-12 10:52:54,916 [main] INFO  handler.ContextHandler (ContextHandler.java:doStart(781)) - Started o.e.j.s.ServletContextHandler@1ea930eb{/static,jar:file:/home/user/.m2/repository/org/apache/hadoop/hadoop-hdds-container-service/0.5.0-SNAPSHOT/hadoop-hdds-container-service-0.5.0-SNAPSHOT.jar!/webapps/static,AVAILABLE}
2019-09-12 10:52:54,944 [main] INFO  handler.ContextHandler (ContextHandler.java:doStart(781)) - Started o.e.j.w.WebAppContext@2f4d32bf{/,file:///tmp/jetty-0.0.0.0-38559-hddsDatanode-_-any-7881857270592001928.dir/webapp/,AVAILABLE}{/hddsDatanode}
2019-09-12 10:52:54,944 [main] INFO  server.AbstractConnector (AbstractConnector.java:doStart(278)) - Started ServerConnector@774d8276{HTTP/1.1,[http/1.1]}{0.0.0.0:38559}
2019-09-12 10:52:54,945 [main] INFO  server.Server (Server.java:doStart(419)) - Started @7924ms
2019-09-12 10:52:54,946 [main] INFO  server.BaseHttpServer (BaseHttpServer.java:updateConnectorAddress(213)) - HTTP server of HDDSDATANODE is listening at http://0.0.0.0:38559
2019-09-12 10:52:55,143 | INFO  | ObjectStoreRestHttpServer | Listening HDDS REST traffic on /0.0.0.0:36879 |  
2019-09-12 10:52:55,144 [main] INFO  ozone.HddsDatanodeService (HddsDatanodeService.java:startPlugins(395)) - Started plug-in org.apache.hadoop.ozone.web.OzoneHddsDatanodeService@21d9cd04
2019-09-12 10:52:55,145 [main] INFO  impl.MetricsSystemImpl (MetricsSystemImpl.java:init(158)) - HddsDatanode metrics system started (again)
2019-09-12 10:52:55,150 [main] INFO  ozone.HddsDatanodeService (HddsDatanodeService.java:start(184)) - HddsDatanodeService host:pr-hdds-1569-xtfnx-3545843844 ip:192.168.157.195
2019-09-12 10:52:55,152 [org.apache.hadoop.util.JvmPauseMonitor$Monitor@39bfe6b8] INFO  util.JvmPauseMonitor (JvmPauseMonitor.java:run(188)) - Starting JVM pause monitor
2019-09-12 10:52:55,156 [Datanode State Machine Thread - 0] INFO  datanode.InitDatanodeState (InitDatanodeState.java:persistContainerDatanodeDetails(140)) - DatanodeDetails is persisted to /workdir/hadoop-ozone/integration-test/target/test-dir/MiniOzoneClusterImpl-838a7ec2-4afb-4d68-8138-46fa65bc7e11/datanode-4/meta/datanode.id
2019-09-12 10:52:55,171 [main] INFO  volume.HddsVolume (HddsVolume.java:<init>(176)) - Creating Volume: /workdir/hadoop-ozone/integration-test/target/test-dir/MiniOzoneClusterImpl-838a7ec2-4afb-4d68-8138-46fa65bc7e11/datanode-5/data/containers/hdds of  storage type : DISK and capacity : 1482555576320
2019-09-12 10:52:55,176 [main] INFO  volume.VolumeSet (VolumeSet.java:initializeVolumeSet(170)) - Added Volume : /workdir/hadoop-ozone/integration-test/target/test-dir/MiniOzoneClusterImpl-838a7ec2-4afb-4d68-8138-46fa65bc7e11/datanode-5/data/containers/hdds to VolumeSet
2019-09-12 10:52:55,177 [main] INFO  volume.ThrottledAsyncChecker (ThrottledAsyncChecker.java:schedule(140)) - Scheduling a check for org.apache.hadoop.ozone.container.common.volume.HddsVolume@6c5ca0b6
2019-09-12 10:52:55,178 [main] INFO  volume.HddsVolumeChecker (HddsVolumeChecker.java:checkAllVolumes(203)) - Scheduled health check for volume org.apache.hadoop.ozone.container.common.volume.HddsVolume@6c5ca0b6
2019-09-12 10:52:55,200 [main] INFO  impl.RaftServerProxy (ConfUtils.java:logGet(43)) - raft.rpc.type = GRPC (default)
2019-09-12 10:52:55,200 [main] INFO  grpc.GrpcFactory (GrpcFactory.java:checkPooledByteBufAllocatorUseCacheForAllThreads(45)) - PERFORMANCE WARNING: useCacheForAllThreads is true that may cause Netty to create a lot garbage objects and, as a result, trigger GC.
	It is recommended to disable useCacheForAllThreads by setting -Dorg.apache.ratis.thirdparty.io.netty.allocator.useCacheForAllThreads=false in command line.
2019-09-12 10:52:55,200 [main] INFO  grpc.GrpcConfigKeys$Server (ConfUtils.java:logGet(43)) - raft.grpc.server.port = 0 (default)
2019-09-12 10:52:55,201 [main] INFO  server.GrpcService (ConfUtils.java:logGet(43)) - raft.grpc.message.size.max = 33570816 (custom)
2019-09-12 10:52:55,201 [main] INFO  server.RaftServerConfigKeys (ConfUtils.java:logGet(43)) - raft.server.log.appender.buffer.byte-limit = 33554432 (custom)
2019-09-12 10:52:55,202 [main] INFO  server.GrpcService (ConfUtils.java:logGet(43)) - raft.grpc.flow.control.window = 1MB (=1048576) (default)
2019-09-12 10:52:55,202 [main] INFO  server.RaftServerConfigKeys (ConfUtils.java:logGet(43)) - raft.server.rpc.request.timeout = 3000ms (default)
2019-09-12 10:52:55,203 [main] INFO  server.RaftServerConfigKeys (ConfUtils.java:logGet(43)) - raft.server.storage.dir = [/workdir/hadoop-ozone/integration-test/target/test-dir/MiniOzoneClusterImpl-838a7ec2-4afb-4d68-8138-46fa65bc7e11/datanode-5/data/ratis] (custom)
2019-09-12 10:52:55,203 [main] INFO  replication.SimpleContainerDownloader (SimpleContainerDownloader.java:<init>(72)) - Starting container downloader service to copy containers to replicate.
2019-09-12 10:52:55,205 [main] INFO  hdfs.DFSUtil (DFSUtil.java:httpServerTemplateForNNAndJN(1641)) - Starting Web-server for hddsDatanode at: http://0.0.0.0:0
2019-09-12 10:52:55,207 [main] INFO  server.AuthenticationFilter (AuthenticationFilter.java:constructSecretProvider(240)) - Unable to initialize FileSignerSecretProvider, falling back to use random secrets.
2019-09-12 10:52:55,208 [main] WARN  http.HttpRequestLog (HttpRequestLog.java:getRequestLog(97)) - Jetty request log can only be enabled using Log4j
2019-09-12 10:52:55,210 [main] INFO  http.HttpServer2 (HttpServer2.java:addGlobalFilter(975)) - Added global filter 'safety' (class=org.apache.hadoop.http.HttpServer2$QuotingInputFilter)
2019-09-12 10:52:55,211 [main] INFO  http.HttpServer2 (HttpServer2.java:addFilter(948)) - Added filter static_user_filter (class=org.apache.hadoop.http.lib.StaticUserWebFilter$StaticUserFilter) to context hddsDatanode
2019-09-12 10:52:55,212 [main] INFO  http.HttpServer2 (HttpServer2.java:addFilter(958)) - Added filter static_user_filter (class=org.apache.hadoop.http.lib.StaticUserWebFilter$StaticUserFilter) to context logs
2019-09-12 10:52:55,212 [main] INFO  http.HttpServer2 (HttpServer2.java:addFilter(958)) - Added filter static_user_filter (class=org.apache.hadoop.http.lib.StaticUserWebFilter$StaticUserFilter) to context static
2019-09-12 10:52:55,213 [main] INFO  http.HttpServer2 (HttpServer2.java:bindListener(1191)) - Jetty bound to port 36003
2019-09-12 10:52:55,213 [main] INFO  server.Server (Server.java:doStart(351)) - jetty-9.3.24.v20180605, build timestamp: 2018-06-05T17:11:56Z, git hash: 84205aa28f11a4f31f2a3b86d1bba2cc8ab69827
2019-09-12 10:52:55,215 [main] INFO  handler.ContextHandler (ContextHandler.java:doStart(781)) - Started o.e.j.s.ServletContextHandler@5c234920{/logs,file:///workdir/hadoop-ozone/integration-test/target/log,AVAILABLE}
2019-09-12 10:52:55,216 [main] INFO  handler.ContextHandler (ContextHandler.java:doStart(781)) - Started o.e.j.s.ServletContextHandler@38087342{/static,jar:file:/home/user/.m2/repository/org/apache/hadoop/hadoop-hdds-container-service/0.5.0-SNAPSHOT/hadoop-hdds-container-service-0.5.0-SNAPSHOT.jar!/webapps/static,AVAILABLE}
2019-09-12 10:52:55,258 [main] INFO  handler.ContextHandler (ContextHandler.java:doStart(781)) - Started o.e.j.w.WebAppContext@3cc3f13e{/,file:///tmp/jetty-0.0.0.0-36003-hddsDatanode-_-any-6744713551968220481.dir/webapp/,AVAILABLE}{/hddsDatanode}
2019-09-12 10:52:55,258 [main] INFO  server.AbstractConnector (AbstractConnector.java:doStart(278)) - Started ServerConnector@69b3886f{HTTP/1.1,[http/1.1]}{0.0.0.0:36003}
2019-09-12 10:52:55,260 [main] INFO  server.Server (Server.java:doStart(419)) - Started @8238ms
2019-09-12 10:52:55,262 [main] INFO  server.BaseHttpServer (BaseHttpServer.java:updateConnectorAddress(213)) - HTTP server of HDDSDATANODE is listening at http://0.0.0.0:36003
2019-09-12 10:52:55,410 | INFO  | ObjectStoreRestHttpServer | Listening HDDS REST traffic on /0.0.0.0:42325 |  
2019-09-12 10:52:55,411 [main] INFO  ozone.HddsDatanodeService (HddsDatanodeService.java:startPlugins(395)) - Started plug-in org.apache.hadoop.ozone.web.OzoneHddsDatanodeService@63e4484d
2019-09-12 10:52:55,411 [main] INFO  impl.MetricsSystemImpl (MetricsSystemImpl.java:init(158)) - HddsDatanode metrics system started (again)
2019-09-12 10:52:55,415 [main] INFO  ozone.HddsDatanodeService (HddsDatanodeService.java:start(184)) - HddsDatanodeService host:pr-hdds-1569-xtfnx-3545843844 ip:192.168.157.195
2019-09-12 10:52:55,415 [org.apache.hadoop.util.JvmPauseMonitor$Monitor@2f2cd441] INFO  util.JvmPauseMonitor (JvmPauseMonitor.java:run(188)) - Starting JVM pause monitor
2019-09-12 10:52:55,418 [Datanode State Machine Thread - 0] INFO  datanode.InitDatanodeState (InitDatanodeState.java:persistContainerDatanodeDetails(140)) - DatanodeDetails is persisted to /workdir/hadoop-ozone/integration-test/target/test-dir/MiniOzoneClusterImpl-838a7ec2-4afb-4d68-8138-46fa65bc7e11/datanode-5/meta/datanode.id
2019-09-12 10:52:55,425 [main] INFO  volume.HddsVolume (HddsVolume.java:<init>(176)) - Creating Volume: /workdir/hadoop-ozone/integration-test/target/test-dir/MiniOzoneClusterImpl-838a7ec2-4afb-4d68-8138-46fa65bc7e11/datanode-6/data/containers/hdds of  storage type : DISK and capacity : 1482555576320
2019-09-12 10:52:55,425 [main] INFO  volume.VolumeSet (VolumeSet.java:initializeVolumeSet(170)) - Added Volume : /workdir/hadoop-ozone/integration-test/target/test-dir/MiniOzoneClusterImpl-838a7ec2-4afb-4d68-8138-46fa65bc7e11/datanode-6/data/containers/hdds to VolumeSet
2019-09-12 10:52:55,425 [main] INFO  volume.ThrottledAsyncChecker (ThrottledAsyncChecker.java:schedule(140)) - Scheduling a check for org.apache.hadoop.ozone.container.common.volume.HddsVolume@163e8949
2019-09-12 10:52:55,426 [main] INFO  volume.HddsVolumeChecker (HddsVolumeChecker.java:checkAllVolumes(203)) - Scheduled health check for volume org.apache.hadoop.ozone.container.common.volume.HddsVolume@163e8949
2019-09-12 10:52:55,448 [main] INFO  impl.RaftServerProxy (ConfUtils.java:logGet(43)) - raft.rpc.type = GRPC (default)
2019-09-12 10:52:55,449 [main] INFO  grpc.GrpcFactory (GrpcFactory.java:checkPooledByteBufAllocatorUseCacheForAllThreads(45)) - PERFORMANCE WARNING: useCacheForAllThreads is true that may cause Netty to create a lot garbage objects and, as a result, trigger GC.
	It is recommended to disable useCacheForAllThreads by setting -Dorg.apache.ratis.thirdparty.io.netty.allocator.useCacheForAllThreads=false in command line.
2019-09-12 10:52:55,449 [main] INFO  grpc.GrpcConfigKeys$Server (ConfUtils.java:logGet(43)) - raft.grpc.server.port = 0 (default)
2019-09-12 10:52:55,449 [main] INFO  server.GrpcService (ConfUtils.java:logGet(43)) - raft.grpc.message.size.max = 33570816 (custom)
2019-09-12 10:52:55,450 [main] INFO  server.RaftServerConfigKeys (ConfUtils.java:logGet(43)) - raft.server.log.appender.buffer.byte-limit = 33554432 (custom)
2019-09-12 10:52:55,450 [main] INFO  server.GrpcService (ConfUtils.java:logGet(43)) - raft.grpc.flow.control.window = 1MB (=1048576) (default)
2019-09-12 10:52:55,451 [main] INFO  server.RaftServerConfigKeys (ConfUtils.java:logGet(43)) - raft.server.rpc.request.timeout = 3000ms (default)
2019-09-12 10:52:55,451 [main] INFO  server.RaftServerConfigKeys (ConfUtils.java:logGet(43)) - raft.server.storage.dir = [/workdir/hadoop-ozone/integration-test/target/test-dir/MiniOzoneClusterImpl-838a7ec2-4afb-4d68-8138-46fa65bc7e11/datanode-6/data/ratis] (custom)
2019-09-12 10:52:55,452 [main] INFO  replication.SimpleContainerDownloader (SimpleContainerDownloader.java:<init>(72)) - Starting container downloader service to copy containers to replicate.
2019-09-12 10:52:55,454 [main] INFO  hdfs.DFSUtil (DFSUtil.java:httpServerTemplateForNNAndJN(1641)) - Starting Web-server for hddsDatanode at: http://0.0.0.0:0
2019-09-12 10:52:55,456 [main] INFO  server.AuthenticationFilter (AuthenticationFilter.java:constructSecretProvider(240)) - Unable to initialize FileSignerSecretProvider, falling back to use random secrets.
2019-09-12 10:52:55,456 [main] WARN  http.HttpRequestLog (HttpRequestLog.java:getRequestLog(97)) - Jetty request log can only be enabled using Log4j
2019-09-12 10:52:55,459 [main] INFO  http.HttpServer2 (HttpServer2.java:addGlobalFilter(975)) - Added global filter 'safety' (class=org.apache.hadoop.http.HttpServer2$QuotingInputFilter)
2019-09-12 10:52:55,460 [main] INFO  http.HttpServer2 (HttpServer2.java:addFilter(948)) - Added filter static_user_filter (class=org.apache.hadoop.http.lib.StaticUserWebFilter$StaticUserFilter) to context hddsDatanode
2019-09-12 10:52:55,460 [main] INFO  http.HttpServer2 (HttpServer2.java:addFilter(958)) - Added filter static_user_filter (class=org.apache.hadoop.http.lib.StaticUserWebFilter$StaticUserFilter) to context logs
2019-09-12 10:52:55,460 [main] INFO  http.HttpServer2 (HttpServer2.java:addFilter(958)) - Added filter static_user_filter (class=org.apache.hadoop.http.lib.StaticUserWebFilter$StaticUserFilter) to context static
2019-09-12 10:52:55,462 [main] INFO  http.HttpServer2 (HttpServer2.java:bindListener(1191)) - Jetty bound to port 44405
2019-09-12 10:52:55,462 [main] INFO  server.Server (Server.java:doStart(351)) - jetty-9.3.24.v20180605, build timestamp: 2018-06-05T17:11:56Z, git hash: 84205aa28f11a4f31f2a3b86d1bba2cc8ab69827
2019-09-12 10:52:55,464 [main] INFO  handler.ContextHandler (ContextHandler.java:doStart(781)) - Started o.e.j.s.ServletContextHandler@22da200e{/logs,file:///workdir/hadoop-ozone/integration-test/target/log,AVAILABLE}
2019-09-12 10:52:55,465 [main] INFO  handler.ContextHandler (ContextHandler.java:doStart(781)) - Started o.e.j.s.ServletContextHandler@f03ee8f{/static,jar:file:/home/user/.m2/repository/org/apache/hadoop/hadoop-hdds-container-service/0.5.0-SNAPSHOT/hadoop-hdds-container-service-0.5.0-SNAPSHOT.jar!/webapps/static,AVAILABLE}
2019-09-12 10:52:55,509 [main] INFO  handler.ContextHandler (ContextHandler.java:doStart(781)) - Started o.e.j.w.WebAppContext@3dea226b{/,file:///tmp/jetty-0.0.0.0-44405-hddsDatanode-_-any-8317137829182066513.dir/webapp/,AVAILABLE}{/hddsDatanode}
2019-09-12 10:52:55,511 [main] INFO  server.AbstractConnector (AbstractConnector.java:doStart(278)) - Started ServerConnector@74500e4f{HTTP/1.1,[http/1.1]}{0.0.0.0:44405}
2019-09-12 10:52:55,511 [main] INFO  server.Server (Server.java:doStart(419)) - Started @8489ms
2019-09-12 10:52:55,512 [main] INFO  server.BaseHttpServer (BaseHttpServer.java:updateConnectorAddress(213)) - HTTP server of HDDSDATANODE is listening at http://0.0.0.0:44405
2019-09-12 10:52:55,655 | INFO  | ObjectStoreRestHttpServer | Listening HDDS REST traffic on /0.0.0.0:33815 |  
2019-09-12 10:52:55,655 [main] INFO  ozone.HddsDatanodeService (HddsDatanodeService.java:startPlugins(395)) - Started plug-in org.apache.hadoop.ozone.web.OzoneHddsDatanodeService@184751f3
2019-09-12 10:52:55,655 [main] INFO  impl.MetricsSystemImpl (MetricsSystemImpl.java:init(158)) - HddsDatanode metrics system started (again)
2019-09-12 10:52:55,659 [org.apache.hadoop.util.JvmPauseMonitor$Monitor@20798366] INFO  util.JvmPauseMonitor (JvmPauseMonitor.java:run(188)) - Starting JVM pause monitor
2019-09-12 10:52:55,659 [main] INFO  ozone.HddsDatanodeService (HddsDatanodeService.java:start(184)) - HddsDatanodeService host:pr-hdds-1569-xtfnx-3545843844 ip:192.168.157.195
2019-09-12 10:52:55,662 [Datanode State Machine Thread - 0] INFO  datanode.InitDatanodeState (InitDatanodeState.java:persistContainerDatanodeDetails(140)) - DatanodeDetails is persisted to /workdir/hadoop-ozone/integration-test/target/test-dir/MiniOzoneClusterImpl-838a7ec2-4afb-4d68-8138-46fa65bc7e11/datanode-6/meta/datanode.id
2019-09-12 10:52:55,677 [main] INFO  volume.HddsVolume (HddsVolume.java:<init>(176)) - Creating Volume: /workdir/hadoop-ozone/integration-test/target/test-dir/MiniOzoneClusterImpl-838a7ec2-4afb-4d68-8138-46fa65bc7e11/datanode-7/data/containers/hdds of  storage type : DISK and capacity : 1482555576320
2019-09-12 10:52:55,677 [main] INFO  volume.VolumeSet (VolumeSet.java:initializeVolumeSet(170)) - Added Volume : /workdir/hadoop-ozone/integration-test/target/test-dir/MiniOzoneClusterImpl-838a7ec2-4afb-4d68-8138-46fa65bc7e11/datanode-7/data/containers/hdds to VolumeSet
2019-09-12 10:52:55,678 [main] INFO  volume.ThrottledAsyncChecker (ThrottledAsyncChecker.java:schedule(140)) - Scheduling a check for org.apache.hadoop.ozone.container.common.volume.HddsVolume@6136e1fc
2019-09-12 10:52:55,678 [main] INFO  volume.HddsVolumeChecker (HddsVolumeChecker.java:checkAllVolumes(203)) - Scheduled health check for volume org.apache.hadoop.ozone.container.common.volume.HddsVolume@6136e1fc
2019-09-12 10:52:55,698 [main] INFO  impl.RaftServerProxy (ConfUtils.java:logGet(43)) - raft.rpc.type = GRPC (default)
2019-09-12 10:52:55,698 [main] INFO  grpc.GrpcFactory (GrpcFactory.java:checkPooledByteBufAllocatorUseCacheForAllThreads(45)) - PERFORMANCE WARNING: useCacheForAllThreads is true that may cause Netty to create a lot garbage objects and, as a result, trigger GC.
	It is recommended to disable useCacheForAllThreads by setting -Dorg.apache.ratis.thirdparty.io.netty.allocator.useCacheForAllThreads=false in command line.
2019-09-12 10:52:55,699 [main] INFO  grpc.GrpcConfigKeys$Server (ConfUtils.java:logGet(43)) - raft.grpc.server.port = 0 (default)
2019-09-12 10:52:55,699 [main] INFO  server.GrpcService (ConfUtils.java:logGet(43)) - raft.grpc.message.size.max = 33570816 (custom)
2019-09-12 10:52:55,699 [main] INFO  server.RaftServerConfigKeys (ConfUtils.java:logGet(43)) - raft.server.log.appender.buffer.byte-limit = 33554432 (custom)
2019-09-12 10:52:55,700 [main] INFO  server.GrpcService (ConfUtils.java:logGet(43)) - raft.grpc.flow.control.window = 1MB (=1048576) (default)
2019-09-12 10:52:55,700 [main] INFO  server.RaftServerConfigKeys (ConfUtils.java:logGet(43)) - raft.server.rpc.request.timeout = 3000ms (default)
2019-09-12 10:52:55,701 [main] INFO  server.RaftServerConfigKeys (ConfUtils.java:logGet(43)) - raft.server.storage.dir = [/workdir/hadoop-ozone/integration-test/target/test-dir/MiniOzoneClusterImpl-838a7ec2-4afb-4d68-8138-46fa65bc7e11/datanode-7/data/ratis] (custom)
2019-09-12 10:52:55,701 [main] INFO  replication.SimpleContainerDownloader (SimpleContainerDownloader.java:<init>(72)) - Starting container downloader service to copy containers to replicate.
2019-09-12 10:52:55,703 [main] INFO  hdfs.DFSUtil (DFSUtil.java:httpServerTemplateForNNAndJN(1641)) - Starting Web-server for hddsDatanode at: http://0.0.0.0:0
2019-09-12 10:52:55,705 [main] INFO  server.AuthenticationFilter (AuthenticationFilter.java:constructSecretProvider(240)) - Unable to initialize FileSignerSecretProvider, falling back to use random secrets.
2019-09-12 10:52:55,706 [main] WARN  http.HttpRequestLog (HttpRequestLog.java:getRequestLog(97)) - Jetty request log can only be enabled using Log4j
2019-09-12 10:52:55,708 [main] INFO  http.HttpServer2 (HttpServer2.java:addGlobalFilter(975)) - Added global filter 'safety' (class=org.apache.hadoop.http.HttpServer2$QuotingInputFilter)
2019-09-12 10:52:55,709 [main] INFO  http.HttpServer2 (HttpServer2.java:addFilter(948)) - Added filter static_user_filter (class=org.apache.hadoop.http.lib.StaticUserWebFilter$StaticUserFilter) to context hddsDatanode
2019-09-12 10:52:55,710 [main] INFO  http.HttpServer2 (HttpServer2.java:addFilter(958)) - Added filter static_user_filter (class=org.apache.hadoop.http.lib.StaticUserWebFilter$StaticUserFilter) to context logs
2019-09-12 10:52:55,710 [main] INFO  http.HttpServer2 (HttpServer2.java:addFilter(958)) - Added filter static_user_filter (class=org.apache.hadoop.http.lib.StaticUserWebFilter$StaticUserFilter) to context static
2019-09-12 10:52:55,711 [main] INFO  http.HttpServer2 (HttpServer2.java:bindListener(1191)) - Jetty bound to port 34470
2019-09-12 10:52:55,712 [main] INFO  server.Server (Server.java:doStart(351)) - jetty-9.3.24.v20180605, build timestamp: 2018-06-05T17:11:56Z, git hash: 84205aa28f11a4f31f2a3b86d1bba2cc8ab69827
2019-09-12 10:52:55,714 [main] INFO  handler.ContextHandler (ContextHandler.java:doStart(781)) - Started o.e.j.s.ServletContextHandler@1552da16{/logs,file:///workdir/hadoop-ozone/integration-test/target/log,AVAILABLE}
2019-09-12 10:52:55,715 [main] INFO  handler.ContextHandler (ContextHandler.java:doStart(781)) - Started o.e.j.s.ServletContextHandler@77ce88c4{/static,jar:file:/home/user/.m2/repository/org/apache/hadoop/hadoop-hdds-container-service/0.5.0-SNAPSHOT/hadoop-hdds-container-service-0.5.0-SNAPSHOT.jar!/webapps/static,AVAILABLE}
2019-09-12 10:52:55,761 [main] INFO  handler.ContextHandler (ContextHandler.java:doStart(781)) - Started o.e.j.w.WebAppContext@2a6fb62f{/,file:///tmp/jetty-0.0.0.0-34470-hddsDatanode-_-any-5439150354288004749.dir/webapp/,AVAILABLE}{/hddsDatanode}
2019-09-12 10:52:55,762 [main] INFO  server.AbstractConnector (AbstractConnector.java:doStart(278)) - Started ServerConnector@65e4cb84{HTTP/1.1,[http/1.1]}{0.0.0.0:34470}
2019-09-12 10:52:55,763 [main] INFO  server.Server (Server.java:doStart(419)) - Started @8741ms
2019-09-12 10:52:55,764 [main] INFO  server.BaseHttpServer (BaseHttpServer.java:updateConnectorAddress(213)) - HTTP server of HDDSDATANODE is listening at http://0.0.0.0:34470
2019-09-12 10:52:55,894 | INFO  | ObjectStoreRestHttpServer | Listening HDDS REST traffic on /0.0.0.0:42815 |  
2019-09-12 10:52:55,894 [main] INFO  ozone.HddsDatanodeService (HddsDatanodeService.java:startPlugins(395)) - Started plug-in org.apache.hadoop.ozone.web.OzoneHddsDatanodeService@7d61468c
2019-09-12 10:52:55,895 [main] INFO  impl.MetricsSystemImpl (MetricsSystemImpl.java:init(158)) - HddsDatanode metrics system started (again)
2019-09-12 10:52:55,899 [main] INFO  ozone.HddsDatanodeService (HddsDatanodeService.java:start(184)) - HddsDatanodeService host:pr-hdds-1569-xtfnx-3545843844 ip:192.168.157.195
2019-09-12 10:52:55,900 [org.apache.hadoop.util.JvmPauseMonitor$Monitor@2d65ab45] INFO  util.JvmPauseMonitor (JvmPauseMonitor.java:run(188)) - Starting JVM pause monitor
2019-09-12 10:52:55,902 [Datanode State Machine Thread - 0] INFO  datanode.InitDatanodeState (InitDatanodeState.java:persistContainerDatanodeDetails(140)) - DatanodeDetails is persisted to /workdir/hadoop-ozone/integration-test/target/test-dir/MiniOzoneClusterImpl-838a7ec2-4afb-4d68-8138-46fa65bc7e11/datanode-7/meta/datanode.id
2019-09-12 10:52:55,909 [main] INFO  volume.HddsVolume (HddsVolume.java:<init>(176)) - Creating Volume: /workdir/hadoop-ozone/integration-test/target/test-dir/MiniOzoneClusterImpl-838a7ec2-4afb-4d68-8138-46fa65bc7e11/datanode-8/data/containers/hdds of  storage type : DISK and capacity : 1482555576320
2019-09-12 10:52:55,909 [main] INFO  volume.VolumeSet (VolumeSet.java:initializeVolumeSet(170)) - Added Volume : /workdir/hadoop-ozone/integration-test/target/test-dir/MiniOzoneClusterImpl-838a7ec2-4afb-4d68-8138-46fa65bc7e11/datanode-8/data/containers/hdds to VolumeSet
2019-09-12 10:52:55,909 [main] INFO  volume.ThrottledAsyncChecker (ThrottledAsyncChecker.java:schedule(140)) - Scheduling a check for org.apache.hadoop.ozone.container.common.volume.HddsVolume@1a4083f6
2019-09-12 10:52:55,910 [main] INFO  volume.HddsVolumeChecker (HddsVolumeChecker.java:checkAllVolumes(203)) - Scheduled health check for volume org.apache.hadoop.ozone.container.common.volume.HddsVolume@1a4083f6
2019-09-12 10:52:55,924 [main] INFO  impl.RaftServerProxy (ConfUtils.java:logGet(43)) - raft.rpc.type = GRPC (default)
2019-09-12 10:52:55,924 [main] INFO  grpc.GrpcFactory (GrpcFactory.java:checkPooledByteBufAllocatorUseCacheForAllThreads(45)) - PERFORMANCE WARNING: useCacheForAllThreads is true that may cause Netty to create a lot garbage objects and, as a result, trigger GC.
	It is recommended to disable useCacheForAllThreads by setting -Dorg.apache.ratis.thirdparty.io.netty.allocator.useCacheForAllThreads=false in command line.
2019-09-12 10:52:55,924 [main] INFO  grpc.GrpcConfigKeys$Server (ConfUtils.java:logGet(43)) - raft.grpc.server.port = 0 (default)
2019-09-12 10:52:55,924 [main] INFO  server.GrpcService (ConfUtils.java:logGet(43)) - raft.grpc.message.size.max = 33570816 (custom)
2019-09-12 10:52:55,925 [main] INFO  server.RaftServerConfigKeys (ConfUtils.java:logGet(43)) - raft.server.log.appender.buffer.byte-limit = 33554432 (custom)
2019-09-12 10:52:55,925 [main] INFO  server.GrpcService (ConfUtils.java:logGet(43)) - raft.grpc.flow.control.window = 1MB (=1048576) (default)
2019-09-12 10:52:55,925 [main] INFO  server.RaftServerConfigKeys (ConfUtils.java:logGet(43)) - raft.server.rpc.request.timeout = 3000ms (default)
2019-09-12 10:52:55,926 [main] INFO  server.RaftServerConfigKeys (ConfUtils.java:logGet(43)) - raft.server.storage.dir = [/workdir/hadoop-ozone/integration-test/target/test-dir/MiniOzoneClusterImpl-838a7ec2-4afb-4d68-8138-46fa65bc7e11/datanode-8/data/ratis] (custom)
2019-09-12 10:52:55,926 [main] INFO  replication.SimpleContainerDownloader (SimpleContainerDownloader.java:<init>(72)) - Starting container downloader service to copy containers to replicate.
2019-09-12 10:52:55,927 [main] INFO  hdfs.DFSUtil (DFSUtil.java:httpServerTemplateForNNAndJN(1641)) - Starting Web-server for hddsDatanode at: http://0.0.0.0:0
2019-09-12 10:52:55,928 [main] INFO  server.AuthenticationFilter (AuthenticationFilter.java:constructSecretProvider(240)) - Unable to initialize FileSignerSecretProvider, falling back to use random secrets.
2019-09-12 10:52:55,929 [main] WARN  http.HttpRequestLog (HttpRequestLog.java:getRequestLog(97)) - Jetty request log can only be enabled using Log4j
2019-09-12 10:52:55,930 [main] INFO  http.HttpServer2 (HttpServer2.java:addGlobalFilter(975)) - Added global filter 'safety' (class=org.apache.hadoop.http.HttpServer2$QuotingInputFilter)
2019-09-12 10:52:55,931 [main] INFO  http.HttpServer2 (HttpServer2.java:addFilter(948)) - Added filter static_user_filter (class=org.apache.hadoop.http.lib.StaticUserWebFilter$StaticUserFilter) to context hddsDatanode
2019-09-12 10:52:55,931 [main] INFO  http.HttpServer2 (HttpServer2.java:addFilter(958)) - Added filter static_user_filter (class=org.apache.hadoop.http.lib.StaticUserWebFilter$StaticUserFilter) to context logs
2019-09-12 10:52:55,931 [main] INFO  http.HttpServer2 (HttpServer2.java:addFilter(958)) - Added filter static_user_filter (class=org.apache.hadoop.http.lib.StaticUserWebFilter$StaticUserFilter) to context static
2019-09-12 10:52:55,932 [main] INFO  http.HttpServer2 (HttpServer2.java:bindListener(1191)) - Jetty bound to port 34855
2019-09-12 10:52:55,932 [main] INFO  server.Server (Server.java:doStart(351)) - jetty-9.3.24.v20180605, build timestamp: 2018-06-05T17:11:56Z, git hash: 84205aa28f11a4f31f2a3b86d1bba2cc8ab69827
2019-09-12 10:52:55,934 [main] INFO  handler.ContextHandler (ContextHandler.java:doStart(781)) - Started o.e.j.s.ServletContextHandler@78545d40{/logs,file:///workdir/hadoop-ozone/integration-test/target/log,AVAILABLE}
2019-09-12 10:52:55,934 [main] INFO  handler.ContextHandler (ContextHandler.java:doStart(781)) - Started o.e.j.s.ServletContextHandler@144a5e6e{/static,jar:file:/home/user/.m2/repository/org/apache/hadoop/hadoop-hdds-container-service/0.5.0-SNAPSHOT/hadoop-hdds-container-service-0.5.0-SNAPSHOT.jar!/webapps/static,AVAILABLE}
2019-09-12 10:52:55,961 [main] INFO  handler.ContextHandler (ContextHandler.java:doStart(781)) - Started o.e.j.w.WebAppContext@592a1882{/,file:///tmp/jetty-0.0.0.0-34855-hddsDatanode-_-any-2148908751975575697.dir/webapp/,AVAILABLE}{/hddsDatanode}
2019-09-12 10:52:55,962 [main] INFO  server.AbstractConnector (AbstractConnector.java:doStart(278)) - Started ServerConnector@48368a08{HTTP/1.1,[http/1.1]}{0.0.0.0:34855}
2019-09-12 10:52:55,963 [main] INFO  server.Server (Server.java:doStart(419)) - Started @8941ms
2019-09-12 10:52:55,964 [main] INFO  server.BaseHttpServer (BaseHttpServer.java:updateConnectorAddress(213)) - HTTP server of HDDSDATANODE is listening at http://0.0.0.0:34855
2019-09-12 10:52:56,093 | INFO  | ObjectStoreRestHttpServer | Listening HDDS REST traffic on /0.0.0.0:45991 |  
2019-09-12 10:52:56,093 [main] INFO  ozone.HddsDatanodeService (HddsDatanodeService.java:startPlugins(395)) - Started plug-in org.apache.hadoop.ozone.web.OzoneHddsDatanodeService@a69f9d
2019-09-12 10:52:56,093 [main] INFO  impl.MetricsSystemImpl (MetricsSystemImpl.java:init(158)) - HddsDatanode metrics system started (again)
2019-09-12 10:52:56,098 [main] INFO  ozone.HddsDatanodeService (HddsDatanodeService.java:start(184)) - HddsDatanodeService host:pr-hdds-1569-xtfnx-3545843844 ip:192.168.157.195
2019-09-12 10:52:56,098 [org.apache.hadoop.util.JvmPauseMonitor$Monitor@6bad9bdc] INFO  util.JvmPauseMonitor (JvmPauseMonitor.java:run(188)) - Starting JVM pause monitor
2019-09-12 10:52:56,101 [Datanode State Machine Thread - 0] INFO  datanode.InitDatanodeState (InitDatanodeState.java:persistContainerDatanodeDetails(140)) - DatanodeDetails is persisted to /workdir/hadoop-ozone/integration-test/target/test-dir/MiniOzoneClusterImpl-838a7ec2-4afb-4d68-8138-46fa65bc7e11/datanode-8/meta/datanode.id
2019-09-12 10:52:56,109 [main] INFO  volume.HddsVolume (HddsVolume.java:<init>(176)) - Creating Volume: /workdir/hadoop-ozone/integration-test/target/test-dir/MiniOzoneClusterImpl-838a7ec2-4afb-4d68-8138-46fa65bc7e11/datanode-9/data/containers/hdds of  storage type : DISK and capacity : 1482555576320
2019-09-12 10:52:56,109 [main] INFO  volume.VolumeSet (VolumeSet.java:initializeVolumeSet(170)) - Added Volume : /workdir/hadoop-ozone/integration-test/target/test-dir/MiniOzoneClusterImpl-838a7ec2-4afb-4d68-8138-46fa65bc7e11/datanode-9/data/containers/hdds to VolumeSet
2019-09-12 10:52:56,109 [main] INFO  volume.ThrottledAsyncChecker (ThrottledAsyncChecker.java:schedule(140)) - Scheduling a check for org.apache.hadoop.ozone.container.common.volume.HddsVolume@44aed6a4
2019-09-12 10:52:56,110 [main] INFO  volume.HddsVolumeChecker (HddsVolumeChecker.java:checkAllVolumes(203)) - Scheduled health check for volume org.apache.hadoop.ozone.container.common.volume.HddsVolume@44aed6a4
2019-09-12 10:52:56,129 [main] INFO  impl.RaftServerProxy (ConfUtils.java:logGet(43)) - raft.rpc.type = GRPC (default)
2019-09-12 10:52:56,129 [main] INFO  grpc.GrpcFactory (GrpcFactory.java:checkPooledByteBufAllocatorUseCacheForAllThreads(45)) - PERFORMANCE WARNING: useCacheForAllThreads is true that may cause Netty to create a lot garbage objects and, as a result, trigger GC.
	It is recommended to disable useCacheForAllThreads by setting -Dorg.apache.ratis.thirdparty.io.netty.allocator.useCacheForAllThreads=false in command line.
2019-09-12 10:52:56,130 [main] INFO  grpc.GrpcConfigKeys$Server (ConfUtils.java:logGet(43)) - raft.grpc.server.port = 0 (default)
2019-09-12 10:52:56,130 [main] INFO  server.GrpcService (ConfUtils.java:logGet(43)) - raft.grpc.message.size.max = 33570816 (custom)
2019-09-12 10:52:56,130 [main] INFO  server.RaftServerConfigKeys (ConfUtils.java:logGet(43)) - raft.server.log.appender.buffer.byte-limit = 33554432 (custom)
2019-09-12 10:52:56,130 [main] INFO  server.GrpcService (ConfUtils.java:logGet(43)) - raft.grpc.flow.control.window = 1MB (=1048576) (default)
2019-09-12 10:52:56,131 [main] INFO  server.RaftServerConfigKeys (ConfUtils.java:logGet(43)) - raft.server.rpc.request.timeout = 3000ms (default)
2019-09-12 10:52:56,131 [main] INFO  server.RaftServerConfigKeys (ConfUtils.java:logGet(43)) - raft.server.storage.dir = [/workdir/hadoop-ozone/integration-test/target/test-dir/MiniOzoneClusterImpl-838a7ec2-4afb-4d68-8138-46fa65bc7e11/datanode-9/data/ratis] (custom)
2019-09-12 10:52:56,131 [main] INFO  replication.SimpleContainerDownloader (SimpleContainerDownloader.java:<init>(72)) - Starting container downloader service to copy containers to replicate.
2019-09-12 10:52:56,133 [main] INFO  hdfs.DFSUtil (DFSUtil.java:httpServerTemplateForNNAndJN(1641)) - Starting Web-server for hddsDatanode at: http://0.0.0.0:0
2019-09-12 10:52:56,134 [main] INFO  server.AuthenticationFilter (AuthenticationFilter.java:constructSecretProvider(240)) - Unable to initialize FileSignerSecretProvider, falling back to use random secrets.
2019-09-12 10:52:56,134 [main] WARN  http.HttpRequestLog (HttpRequestLog.java:getRequestLog(97)) - Jetty request log can only be enabled using Log4j
2019-09-12 10:52:56,136 [main] INFO  http.HttpServer2 (HttpServer2.java:addGlobalFilter(975)) - Added global filter 'safety' (class=org.apache.hadoop.http.HttpServer2$QuotingInputFilter)
2019-09-12 10:52:56,136 [main] INFO  http.HttpServer2 (HttpServer2.java:addFilter(948)) - Added filter static_user_filter (class=org.apache.hadoop.http.lib.StaticUserWebFilter$StaticUserFilter) to context hddsDatanode
2019-09-12 10:52:56,136 [main] INFO  http.HttpServer2 (HttpServer2.java:addFilter(958)) - Added filter static_user_filter (class=org.apache.hadoop.http.lib.StaticUserWebFilter$StaticUserFilter) to context static
2019-09-12 10:52:56,136 [main] INFO  http.HttpServer2 (HttpServer2.java:addFilter(958)) - Added filter static_user_filter (class=org.apache.hadoop.http.lib.StaticUserWebFilter$StaticUserFilter) to context logs
2019-09-12 10:52:56,137 [main] INFO  http.HttpServer2 (HttpServer2.java:bindListener(1191)) - Jetty bound to port 34367
2019-09-12 10:52:56,137 [main] INFO  server.Server (Server.java:doStart(351)) - jetty-9.3.24.v20180605, build timestamp: 2018-06-05T17:11:56Z, git hash: 84205aa28f11a4f31f2a3b86d1bba2cc8ab69827
2019-09-12 10:52:56,139 [main] INFO  handler.ContextHandler (ContextHandler.java:doStart(781)) - Started o.e.j.s.ServletContextHandler@213835b6{/logs,file:///workdir/hadoop-ozone/integration-test/target/log,AVAILABLE}
2019-09-12 10:52:56,139 [main] INFO  handler.ContextHandler (ContextHandler.java:doStart(781)) - Started o.e.j.s.ServletContextHandler@37e55819{/static,jar:file:/home/user/.m2/repository/org/apache/hadoop/hadoop-hdds-container-service/0.5.0-SNAPSHOT/hadoop-hdds-container-service-0.5.0-SNAPSHOT.jar!/webapps/static,AVAILABLE}
2019-09-12 10:52:56,144 | INFO  | SCMAudit | user=jenkins1000 | ip=192.168.157.195 | op=GET_VERSION null | ret=SUCCESS |  
2019-09-12 10:52:56,167 [main] INFO  handler.ContextHandler (ContextHandler.java:doStart(781)) - Started o.e.j.w.WebAppContext@6f8ac8d5{/,file:///tmp/jetty-0.0.0.0-34367-hddsDatanode-_-any-6315900702539169967.dir/webapp/,AVAILABLE}{/hddsDatanode}
2019-09-12 10:52:56,167 [main] INFO  server.AbstractConnector (AbstractConnector.java:doStart(278)) - Started ServerConnector@370225c7{HTTP/1.1,[http/1.1]}{0.0.0.0:34367}
2019-09-12 10:52:56,169 [main] INFO  server.Server (Server.java:doStart(419)) - Started @9147ms
2019-09-12 10:52:56,170 [main] INFO  server.BaseHttpServer (BaseHttpServer.java:updateConnectorAddress(213)) - HTTP server of HDDSDATANODE is listening at http://0.0.0.0:34367
2019-09-12 10:52:56,192 [Datanode State Machine Thread - 0] INFO  ozoneimpl.OzoneContainer (OzoneContainer.java:start(186)) - Attempting to start container services.
2019-09-12 10:52:56,198 [Datanode State Machine Thread - 0] INFO  ozoneimpl.OzoneContainer (OzoneContainer.java:startContainerScrub(160)) - Background container scrubber has been disabled by hdds.containerscrub.enabled
2019-09-12 10:52:56,198 [Datanode State Machine Thread - 0] INFO  ratis.XceiverServerRatis (XceiverServerRatis.java:start(404)) - Starting XceiverServerRatis da20f580-5b10-4303-a8d6-74672b88192d at port 0
2019-09-12 10:52:56,217 [Datanode State Machine Thread - 0] INFO  impl.RaftServerProxy (RaftServerProxy.java:lambda$start$3(299)) - da20f580-5b10-4303-a8d6-74672b88192d: start RPC server
2019-09-12 10:52:56,299 | INFO  | ObjectStoreRestHttpServer | Listening HDDS REST traffic on /0.0.0.0:46650 |  
2019-09-12 10:52:56,299 [main] INFO  ozone.HddsDatanodeService (HddsDatanodeService.java:startPlugins(395)) - Started plug-in org.apache.hadoop.ozone.web.OzoneHddsDatanodeService@3f9f8d23
2019-09-12 10:52:56,303 [main] INFO  ozone.MiniOzoneClusterImpl (MiniOzoneClusterImpl.java:lambda$waitForClusterToBeReady$0(142)) - Waiting for cluster to be ready. Got 0 of 10 DN Heartbeats.
2019-09-12 10:52:56,304 [org.apache.hadoop.util.JvmPauseMonitor$Monitor@4fe7898] INFO  util.JvmPauseMonitor (JvmPauseMonitor.java:run(188)) - Starting JVM pause monitor
2019-09-12 10:52:56,306 [Datanode State Machine Thread - 0] INFO  datanode.InitDatanodeState (InitDatanodeState.java:persistContainerDatanodeDetails(140)) - DatanodeDetails is persisted to /workdir/hadoop-ozone/integration-test/target/test-dir/MiniOzoneClusterImpl-838a7ec2-4afb-4d68-8138-46fa65bc7e11/datanode-9/meta/datanode.id
2019-09-12 10:52:56,344 [Datanode State Machine Thread - 0] INFO  server.GrpcService (GrpcService.java:startImpl(149)) - da20f580-5b10-4303-a8d6-74672b88192d: GrpcService started, listening on 0.0.0.0/0.0.0.0:33557
2019-09-12 10:52:56,345 [Datanode State Machine Thread - 0] INFO  ratis.XceiverServerRatis (XceiverServerRatis.java:start(414)) - XceiverServerRatis da20f580-5b10-4303-a8d6-74672b88192d is started using port 33557
2019-09-12 10:52:56,348 [Datanode State Machine Thread - 0] INFO  server.XceiverServerGrpc (XceiverServerGrpc.java:start(163)) - XceiverServerGrpc da20f580-5b10-4303-a8d6-74672b88192d is started using port 44872
2019-09-12 10:52:56,372 | INFO  | SCMAudit | user=jenkins1000 | ip=192.168.157.195 | op=GET_VERSION null | ret=SUCCESS |  
2019-09-12 10:52:56,394 [Datanode State Machine Thread - 0] INFO  ozoneimpl.OzoneContainer (OzoneContainer.java:start(186)) - Attempting to start container services.
2019-09-12 10:52:56,396 [Datanode State Machine Thread - 0] INFO  ozoneimpl.OzoneContainer (OzoneContainer.java:startContainerScrub(160)) - Background container scrubber has been disabled by hdds.containerscrub.enabled
2019-09-12 10:52:56,396 [Datanode State Machine Thread - 0] INFO  ratis.XceiverServerRatis (XceiverServerRatis.java:start(404)) - Starting XceiverServerRatis 9dc3d9e1-35df-4da5-a2c1-5b39dd910295 at port 0
2019-09-12 10:52:56,405 [Datanode State Machine Thread - 0] INFO  impl.RaftServerProxy (RaftServerProxy.java:lambda$start$3(299)) - 9dc3d9e1-35df-4da5-a2c1-5b39dd910295: start RPC server
2019-09-12 10:52:56,409 [Datanode State Machine Thread - 0] INFO  server.GrpcService (GrpcService.java:startImpl(149)) - 9dc3d9e1-35df-4da5-a2c1-5b39dd910295: GrpcService started, listening on 0.0.0.0/0.0.0.0:42873
2019-09-12 10:52:56,409 [Datanode State Machine Thread - 0] INFO  ratis.XceiverServerRatis (XceiverServerRatis.java:start(414)) - XceiverServerRatis 9dc3d9e1-35df-4da5-a2c1-5b39dd910295 is started using port 42873
2019-09-12 10:52:56,412 [Datanode State Machine Thread - 0] INFO  server.XceiverServerGrpc (XceiverServerGrpc.java:start(163)) - XceiverServerGrpc 9dc3d9e1-35df-4da5-a2c1-5b39dd910295 is started using port 37887
2019-09-12 10:52:56,657 | INFO  | SCMAudit | user=jenkins1000 | ip=192.168.157.195 | op=GET_VERSION null | ret=SUCCESS |  
2019-09-12 10:52:56,674 [Datanode State Machine Thread - 0] INFO  ozoneimpl.OzoneContainer (OzoneContainer.java:start(186)) - Attempting to start container services.
2019-09-12 10:52:56,675 [Datanode State Machine Thread - 0] INFO  ozoneimpl.OzoneContainer (OzoneContainer.java:startContainerScrub(160)) - Background container scrubber has been disabled by hdds.containerscrub.enabled
2019-09-12 10:52:56,675 [Datanode State Machine Thread - 0] INFO  ratis.XceiverServerRatis (XceiverServerRatis.java:start(404)) - Starting XceiverServerRatis 250b6484-39fc-4c26-8a98-91f8d9b3befa at port 0
2019-09-12 10:52:56,683 [Datanode State Machine Thread - 0] INFO  impl.RaftServerProxy (RaftServerProxy.java:lambda$start$3(299)) - 250b6484-39fc-4c26-8a98-91f8d9b3befa: start RPC server
2019-09-12 10:52:56,690 [Datanode State Machine Thread - 0] INFO  server.GrpcService (GrpcService.java:startImpl(149)) - 250b6484-39fc-4c26-8a98-91f8d9b3befa: GrpcService started, listening on 0.0.0.0/0.0.0.0:34503
2019-09-12 10:52:56,690 [Datanode State Machine Thread - 0] INFO  ratis.XceiverServerRatis (XceiverServerRatis.java:start(414)) - XceiverServerRatis 250b6484-39fc-4c26-8a98-91f8d9b3befa is started using port 34503
2019-09-12 10:52:56,694 [Datanode State Machine Thread - 0] INFO  server.XceiverServerGrpc (XceiverServerGrpc.java:start(163)) - XceiverServerGrpc 250b6484-39fc-4c26-8a98-91f8d9b3befa is started using port 42831
2019-09-12 10:52:56,884 | INFO  | SCMAudit | user=jenkins1000 | ip=192.168.157.195 | op=GET_VERSION null | ret=SUCCESS |  
2019-09-12 10:52:56,900 [Datanode State Machine Thread - 0] INFO  ozoneimpl.OzoneContainer (OzoneContainer.java:start(186)) - Attempting to start container services.
2019-09-12 10:52:56,900 [Datanode State Machine Thread - 0] INFO  ozoneimpl.OzoneContainer (OzoneContainer.java:startContainerScrub(160)) - Background container scrubber has been disabled by hdds.containerscrub.enabled
2019-09-12 10:52:56,900 [Datanode State Machine Thread - 0] INFO  ratis.XceiverServerRatis (XceiverServerRatis.java:start(404)) - Starting XceiverServerRatis e4f93bd3-fff9-4926-9bf8-61056d59521f at port 0
2019-09-12 10:52:56,908 [Datanode State Machine Thread - 0] INFO  impl.RaftServerProxy (RaftServerProxy.java:lambda$start$3(299)) - e4f93bd3-fff9-4926-9bf8-61056d59521f: start RPC server
2019-09-12 10:52:56,913 [Datanode State Machine Thread - 0] INFO  server.GrpcService (GrpcService.java:startImpl(149)) - e4f93bd3-fff9-4926-9bf8-61056d59521f: GrpcService started, listening on 0.0.0.0/0.0.0.0:41370
2019-09-12 10:52:56,913 [Datanode State Machine Thread - 0] INFO  ratis.XceiverServerRatis (XceiverServerRatis.java:start(414)) - XceiverServerRatis e4f93bd3-fff9-4926-9bf8-61056d59521f is started using port 41370
2019-09-12 10:52:56,916 [Datanode State Machine Thread - 0] INFO  server.XceiverServerGrpc (XceiverServerGrpc.java:start(163)) - XceiverServerGrpc e4f93bd3-fff9-4926-9bf8-61056d59521f is started using port 37911
2019-09-12 10:52:57,155 | INFO  | SCMAudit | user=jenkins1000 | ip=192.168.157.195 | op=GET_VERSION null | ret=SUCCESS |  
2019-09-12 10:52:57,179 [Datanode State Machine Thread - 0] INFO  ozoneimpl.OzoneContainer (OzoneContainer.java:start(186)) - Attempting to start container services.
2019-09-12 10:52:57,179 [Datanode State Machine Thread - 0] INFO  ozoneimpl.OzoneContainer (OzoneContainer.java:startContainerScrub(160)) - Background container scrubber has been disabled by hdds.containerscrub.enabled
2019-09-12 10:52:57,180 [Datanode State Machine Thread - 0] INFO  ratis.XceiverServerRatis (XceiverServerRatis.java:start(404)) - Starting XceiverServerRatis 8d69d0c9-c816-414c-ba1a-8b3ab85fb900 at port 0
2019-09-12 10:52:57,186 [Datanode State Machine Thread - 0] INFO  impl.RaftServerProxy (RaftServerProxy.java:lambda$start$3(299)) - 8d69d0c9-c816-414c-ba1a-8b3ab85fb900: start RPC server
2019-09-12 10:52:57,190 [Datanode State Machine Thread - 0] INFO  server.GrpcService (GrpcService.java:startImpl(149)) - 8d69d0c9-c816-414c-ba1a-8b3ab85fb900: GrpcService started, listening on 0.0.0.0/0.0.0.0:38566
2019-09-12 10:52:57,191 [Datanode State Machine Thread - 0] INFO  ratis.XceiverServerRatis (XceiverServerRatis.java:start(414)) - XceiverServerRatis 8d69d0c9-c816-414c-ba1a-8b3ab85fb900 is started using port 38566
2019-09-12 10:52:57,194 [Datanode State Machine Thread - 0] INFO  server.XceiverServerGrpc (XceiverServerGrpc.java:start(163)) - XceiverServerGrpc 8d69d0c9-c816-414c-ba1a-8b3ab85fb900 is started using port 36898
2019-09-12 10:52:57,303 [main] INFO  ozone.MiniOzoneClusterImpl (MiniOzoneClusterImpl.java:lambda$waitForClusterToBeReady$0(142)) - Waiting for cluster to be ready. Got 0 of 10 DN Heartbeats.
2019-09-12 10:52:57,420 | INFO  | SCMAudit | user=jenkins1000 | ip=192.168.157.195 | op=GET_VERSION null | ret=SUCCESS |  
2019-09-12 10:52:57,469 [Datanode State Machine Thread - 0] INFO  ozoneimpl.OzoneContainer (OzoneContainer.java:start(186)) - Attempting to start container services.
2019-09-12 10:52:57,469 [Datanode State Machine Thread - 0] INFO  ozoneimpl.OzoneContainer (OzoneContainer.java:startContainerScrub(160)) - Background container scrubber has been disabled by hdds.containerscrub.enabled
2019-09-12 10:52:57,469 [Datanode State Machine Thread - 0] INFO  ratis.XceiverServerRatis (XceiverServerRatis.java:start(404)) - Starting XceiverServerRatis 3aa8f21e-cbc0-493e-b8ca-fbb3b21697d5 at port 0
2019-09-12 10:52:57,475 [Datanode State Machine Thread - 0] INFO  impl.RaftServerProxy (RaftServerProxy.java:lambda$start$3(299)) - 3aa8f21e-cbc0-493e-b8ca-fbb3b21697d5: start RPC server
2019-09-12 10:52:57,480 [Datanode State Machine Thread - 0] INFO  server.GrpcService (GrpcService.java:startImpl(149)) - 3aa8f21e-cbc0-493e-b8ca-fbb3b21697d5: GrpcService started, listening on 0.0.0.0/0.0.0.0:34525
2019-09-12 10:52:57,480 [Datanode State Machine Thread - 0] INFO  ratis.XceiverServerRatis (XceiverServerRatis.java:start(414)) - XceiverServerRatis 3aa8f21e-cbc0-493e-b8ca-fbb3b21697d5 is started using port 34525
2019-09-12 10:52:57,484 [Datanode State Machine Thread - 0] INFO  server.XceiverServerGrpc (XceiverServerGrpc.java:start(163)) - XceiverServerGrpc 3aa8f21e-cbc0-493e-b8ca-fbb3b21697d5 is started using port 43326
2019-09-12 10:52:57,663 | INFO  | SCMAudit | user=jenkins1000 | ip=192.168.157.195 | op=GET_VERSION null | ret=SUCCESS |  
2019-09-12 10:52:57,679 [Datanode State Machine Thread - 0] INFO  ozoneimpl.OzoneContainer (OzoneContainer.java:start(186)) - Attempting to start container services.
2019-09-12 10:52:57,679 [Datanode State Machine Thread - 0] INFO  ozoneimpl.OzoneContainer (OzoneContainer.java:startContainerScrub(160)) - Background container scrubber has been disabled by hdds.containerscrub.enabled
2019-09-12 10:52:57,679 [Datanode State Machine Thread - 0] INFO  ratis.XceiverServerRatis (XceiverServerRatis.java:start(404)) - Starting XceiverServerRatis 005a1424-1186-4d58-b0b5-fdf3e953d666 at port 0
2019-09-12 10:52:57,686 [Datanode State Machine Thread - 0] INFO  impl.RaftServerProxy (RaftServerProxy.java:lambda$start$3(299)) - 005a1424-1186-4d58-b0b5-fdf3e953d666: start RPC server
2019-09-12 10:52:57,691 [Datanode State Machine Thread - 0] INFO  server.GrpcService (GrpcService.java:startImpl(149)) - 005a1424-1186-4d58-b0b5-fdf3e953d666: GrpcService started, listening on 0.0.0.0/0.0.0.0:33930
2019-09-12 10:52:57,691 [Datanode State Machine Thread - 0] INFO  ratis.XceiverServerRatis (XceiverServerRatis.java:start(414)) - XceiverServerRatis 005a1424-1186-4d58-b0b5-fdf3e953d666 is started using port 33930
2019-09-12 10:52:57,696 [Datanode State Machine Thread - 0] INFO  server.XceiverServerGrpc (XceiverServerGrpc.java:start(163)) - XceiverServerGrpc 005a1424-1186-4d58-b0b5-fdf3e953d666 is started using port 33795
2019-09-12 10:52:57,904 | INFO  | SCMAudit | user=jenkins1000 | ip=192.168.157.195 | op=GET_VERSION null | ret=SUCCESS |  
2019-09-12 10:52:57,930 [Datanode State Machine Thread - 0] INFO  ozoneimpl.OzoneContainer (OzoneContainer.java:start(186)) - Attempting to start container services.
2019-09-12 10:52:57,930 [Datanode State Machine Thread - 0] INFO  ozoneimpl.OzoneContainer (OzoneContainer.java:startContainerScrub(160)) - Background container scrubber has been disabled by hdds.containerscrub.enabled
2019-09-12 10:52:57,930 [Datanode State Machine Thread - 0] INFO  ratis.XceiverServerRatis (XceiverServerRatis.java:start(404)) - Starting XceiverServerRatis 35ed61f3-e470-497f-b63f-7decb4cef9e0 at port 0
2019-09-12 10:52:57,937 [Datanode State Machine Thread - 0] INFO  impl.RaftServerProxy (RaftServerProxy.java:lambda$start$3(299)) - 35ed61f3-e470-497f-b63f-7decb4cef9e0: start RPC server
2019-09-12 10:52:57,942 [Datanode State Machine Thread - 0] INFO  server.GrpcService (GrpcService.java:startImpl(149)) - 35ed61f3-e470-497f-b63f-7decb4cef9e0: GrpcService started, listening on 0.0.0.0/0.0.0.0:33043
2019-09-12 10:52:57,942 [Datanode State Machine Thread - 0] INFO  ratis.XceiverServerRatis (XceiverServerRatis.java:start(414)) - XceiverServerRatis 35ed61f3-e470-497f-b63f-7decb4cef9e0 is started using port 33043
2019-09-12 10:52:57,946 [Datanode State Machine Thread - 0] INFO  server.XceiverServerGrpc (XceiverServerGrpc.java:start(163)) - XceiverServerGrpc 35ed61f3-e470-497f-b63f-7decb4cef9e0 is started using port 41619
2019-09-12 10:52:58,103 | INFO  | SCMAudit | user=jenkins1000 | ip=192.168.157.195 | op=GET_VERSION null | ret=SUCCESS |  
2019-09-12 10:52:58,117 [Datanode State Machine Thread - 0] INFO  ozoneimpl.OzoneContainer (OzoneContainer.java:start(186)) - Attempting to start container services.
2019-09-12 10:52:58,117 [Datanode State Machine Thread - 0] INFO  ozoneimpl.OzoneContainer (OzoneContainer.java:startContainerScrub(160)) - Background container scrubber has been disabled by hdds.containerscrub.enabled
2019-09-12 10:52:58,117 [Datanode State Machine Thread - 0] INFO  ratis.XceiverServerRatis (XceiverServerRatis.java:start(404)) - Starting XceiverServerRatis c17d4de2-caaf-4ec0-b997-c9cf8b2a9041 at port 0
2019-09-12 10:52:58,122 [Datanode State Machine Thread - 0] INFO  impl.RaftServerProxy (RaftServerProxy.java:lambda$start$3(299)) - c17d4de2-caaf-4ec0-b997-c9cf8b2a9041: start RPC server
2019-09-12 10:52:58,130 [Datanode State Machine Thread - 0] INFO  server.GrpcService (GrpcService.java:startImpl(149)) - c17d4de2-caaf-4ec0-b997-c9cf8b2a9041: GrpcService started, listening on 0.0.0.0/0.0.0.0:41944
2019-09-12 10:52:58,131 [Datanode State Machine Thread - 0] INFO  ratis.XceiverServerRatis (XceiverServerRatis.java:start(414)) - XceiverServerRatis c17d4de2-caaf-4ec0-b997-c9cf8b2a9041 is started using port 41944
2019-09-12 10:52:58,137 [Datanode State Machine Thread - 0] INFO  server.XceiverServerGrpc (XceiverServerGrpc.java:start(163)) - XceiverServerGrpc c17d4de2-caaf-4ec0-b997-c9cf8b2a9041 is started using port 45265
2019-09-12 10:52:58,161 [IPC Server handler 4 on 36029] INFO  net.NetworkTopology (NetworkTopologyImpl.java:add(110)) - Added a new node: /default-rack/da20f580-5b10-4303-a8d6-74672b88192d
2019-09-12 10:52:58,162 [IPC Server handler 4 on 36029] INFO  node.SCMNodeManager (SCMNodeManager.java:register(273)) - Registered Data node : da20f580-5b10-4303-a8d6-74672b88192d{ip: 192.168.157.195, host: pr-hdds-1569-xtfnx-3545843844, networkLocation: /default-rack, certSerialId: null}
2019-09-12 10:52:58,169 [EventQueue-NodeRegistrationContainerReportForDataNodeSafeModeRule] INFO  safemode.SCMSafeModeManager (DataNodeSafeModeRule.java:process(71)) - SCM in safe mode. 1 DataNodes registered, 1 required.
2019-09-12 10:52:58,169 [EventQueue-NodeRegistrationContainerReportForDataNodeSafeModeRule] INFO  safemode.SCMSafeModeManager (SCMSafeModeManager.java:validateSafeModeExitRules(177)) - ScmSafeModeManager, all rules are successfully validated
2019-09-12 10:52:58,169 [EventQueue-NodeRegistrationContainerReportForDataNodeSafeModeRule] INFO  safemode.SCMSafeModeManager (SCMSafeModeManager.java:exitSafeMode(193)) - SCM exiting safe mode.
2019-09-12 10:52:58,180 | INFO  | SCMAudit | user=jenkins1000 | ip=192.168.157.195 | op=REGISTER {datanodeDetails=da20f580-5b10-4303-a8d6-74672b88192d{ip: 192.168.157.195, host: pr-hdds-1569-xtfnx-3545843844, networkLocation: /default-rack, certSerialId: null}} | ret=SUCCESS |  
2019-09-12 10:52:58,304 [main] INFO  ozone.MiniOzoneClusterImpl (MiniOzoneClusterImpl.java:lambda$waitForClusterToBeReady$0(142)) - Waiting for cluster to be ready. Got 1 of 10 DN Heartbeats.
2019-09-12 10:52:58,308 | INFO  | SCMAudit | user=jenkins1000 | ip=192.168.157.195 | op=GET_VERSION null | ret=SUCCESS |  
2019-09-12 10:52:58,323 [Datanode State Machine Thread - 0] INFO  ozoneimpl.OzoneContainer (OzoneContainer.java:start(186)) - Attempting to start container services.
2019-09-12 10:52:58,323 [Datanode State Machine Thread - 0] INFO  ozoneimpl.OzoneContainer (OzoneContainer.java:startContainerScrub(160)) - Background container scrubber has been disabled by hdds.containerscrub.enabled
2019-09-12 10:52:58,324 [Datanode State Machine Thread - 0] INFO  ratis.XceiverServerRatis (XceiverServerRatis.java:start(404)) - Starting XceiverServerRatis 02d2c735-5a91-4cfc-b37b-8234c14e6879 at port 0
2019-09-12 10:52:58,334 [Datanode State Machine Thread - 0] INFO  impl.RaftServerProxy (RaftServerProxy.java:lambda$start$3(299)) - 02d2c735-5a91-4cfc-b37b-8234c14e6879: start RPC server
2019-09-12 10:52:58,356 [Datanode State Machine Thread - 0] INFO  server.GrpcService (GrpcService.java:startImpl(149)) - 02d2c735-5a91-4cfc-b37b-8234c14e6879: GrpcService started, listening on 0.0.0.0/0.0.0.0:36291
2019-09-12 10:52:58,356 [Datanode State Machine Thread - 0] INFO  ratis.XceiverServerRatis (XceiverServerRatis.java:start(414)) - XceiverServerRatis 02d2c735-5a91-4cfc-b37b-8234c14e6879 is started using port 36291
2019-09-12 10:52:58,381 [Datanode State Machine Thread - 0] INFO  server.XceiverServerGrpc (XceiverServerGrpc.java:start(163)) - XceiverServerGrpc 02d2c735-5a91-4cfc-b37b-8234c14e6879 is started using port 44035
2019-09-12 10:52:58,384 [IPC Server handler 1 on 36029] INFO  net.NetworkTopology (NetworkTopologyImpl.java:add(110)) - Added a new node: /default-rack/9dc3d9e1-35df-4da5-a2c1-5b39dd910295
2019-09-12 10:52:58,385 [IPC Server handler 1 on 36029] INFO  node.SCMNodeManager (SCMNodeManager.java:register(273)) - Registered Data node : 9dc3d9e1-35df-4da5-a2c1-5b39dd910295{ip: 192.168.157.195, host: pr-hdds-1569-xtfnx-3545843844, networkLocation: /default-rack, certSerialId: null}
2019-09-12 10:52:58,385 | INFO  | SCMAudit | user=jenkins1000 | ip=192.168.157.195 | op=REGISTER {datanodeDetails=9dc3d9e1-35df-4da5-a2c1-5b39dd910295{ip: 192.168.157.195, host: pr-hdds-1569-xtfnx-3545843844, networkLocation: /default-rack, certSerialId: null}} | ret=SUCCESS |  
2019-09-12 10:52:59,097 [IPC Server handler 5 on 36029] INFO  net.NetworkTopology (NetworkTopologyImpl.java:add(110)) - Added a new node: /default-rack/e4f93bd3-fff9-4926-9bf8-61056d59521f
2019-09-12 10:52:59,097 [IPC Server handler 4 on 36029] INFO  net.NetworkTopology (NetworkTopologyImpl.java:add(110)) - Added a new node: /default-rack/250b6484-39fc-4c26-8a98-91f8d9b3befa
2019-09-12 10:52:59,098 [IPC Server handler 5 on 36029] INFO  node.SCMNodeManager (SCMNodeManager.java:register(273)) - Registered Data node : e4f93bd3-fff9-4926-9bf8-61056d59521f{ip: 192.168.157.195, host: pr-hdds-1569-xtfnx-3545843844, networkLocation: /default-rack, certSerialId: null}
2019-09-12 10:52:59,098 [IPC Server handler 4 on 36029] INFO  node.SCMNodeManager (SCMNodeManager.java:register(273)) - Registered Data node : 250b6484-39fc-4c26-8a98-91f8d9b3befa{ip: 192.168.157.195, host: pr-hdds-1569-xtfnx-3545843844, networkLocation: /default-rack, certSerialId: null}
2019-09-12 10:52:59,098 | INFO  | SCMAudit | user=jenkins1000 | ip=192.168.157.195 | op=REGISTER {datanodeDetails=e4f93bd3-fff9-4926-9bf8-61056d59521f{ip: 192.168.157.195, host: pr-hdds-1569-xtfnx-3545843844, networkLocation: /default-rack, certSerialId: null}} | ret=SUCCESS |  
2019-09-12 10:52:59,098 | INFO  | SCMAudit | user=jenkins1000 | ip=192.168.157.195 | op=REGISTER {datanodeDetails=250b6484-39fc-4c26-8a98-91f8d9b3befa{ip: 192.168.157.195, host: pr-hdds-1569-xtfnx-3545843844, networkLocation: /default-rack, certSerialId: null}} | ret=SUCCESS |  
2019-09-12 10:52:59,187 [IPC Server handler 7 on 36029] INFO  net.NetworkTopology (NetworkTopologyImpl.java:add(110)) - Added a new node: /default-rack/8d69d0c9-c816-414c-ba1a-8b3ab85fb900
2019-09-12 10:52:59,189 [IPC Server handler 7 on 36029] INFO  node.SCMNodeManager (SCMNodeManager.java:register(273)) - Registered Data node : 8d69d0c9-c816-414c-ba1a-8b3ab85fb900{ip: 192.168.157.195, host: pr-hdds-1569-xtfnx-3545843844, networkLocation: /default-rack, certSerialId: null}
2019-09-12 10:52:59,190 | INFO  | SCMAudit | user=jenkins1000 | ip=192.168.157.195 | op=REGISTER {datanodeDetails=8d69d0c9-c816-414c-ba1a-8b3ab85fb900{ip: 192.168.157.195, host: pr-hdds-1569-xtfnx-3545843844, networkLocation: /default-rack, certSerialId: null}} | ret=SUCCESS |  
2019-09-12 10:52:59,308 [main] INFO  ozone.MiniOzoneClusterImpl (MiniOzoneClusterImpl.java:lambda$waitForClusterToBeReady$0(142)) - Waiting for cluster to be ready. Got 5 of 10 DN Heartbeats.
2019-09-12 10:52:59,420 [IPC Server handler 2 on 36029] INFO  net.NetworkTopology (NetworkTopologyImpl.java:add(110)) - Added a new node: /default-rack/3aa8f21e-cbc0-493e-b8ca-fbb3b21697d5
2019-09-12 10:52:59,421 [IPC Server handler 2 on 36029] INFO  node.SCMNodeManager (SCMNodeManager.java:register(273)) - Registered Data node : 3aa8f21e-cbc0-493e-b8ca-fbb3b21697d5{ip: 192.168.157.195, host: pr-hdds-1569-xtfnx-3545843844, networkLocation: /default-rack, certSerialId: null}
2019-09-12 10:52:59,421 | INFO  | SCMAudit | user=jenkins1000 | ip=192.168.157.195 | op=REGISTER {datanodeDetails=3aa8f21e-cbc0-493e-b8ca-fbb3b21697d5{ip: 192.168.157.195, host: pr-hdds-1569-xtfnx-3545843844, networkLocation: /default-rack, certSerialId: null}} | ret=SUCCESS |  
2019-09-12 10:52:59,438 [grpc-default-executor-0] INFO  impl.RaftServerProxy (RaftServerProxy.java:addNew(89)) - da20f580-5b10-4303-a8d6-74672b88192d: addNew group-A3353F768107:[da20f580-5b10-4303-a8d6-74672b88192d:192.168.157.195:33557] returns group-A3353F768107:java.util.concurrent.CompletableFuture@40c33021[Not completed]
2019-09-12 10:52:59,462 [pool-27-thread-1] INFO  impl.RaftServerImpl (RaftServerImpl.java:<init>(93)) - da20f580-5b10-4303-a8d6-74672b88192d: new RaftServerImpl for group-A3353F768107:[da20f580-5b10-4303-a8d6-74672b88192d:192.168.157.195:33557] with ContainerStateMachine:uninitialized
2019-09-12 10:52:59,464 [pool-27-thread-1] INFO  server.RaftServerConfigKeys (ConfUtils.java:logGet(43)) - raft.server.rpc.timeout.min = 1s (custom)
2019-09-12 10:52:59,466 [pool-27-thread-1] INFO  server.RaftServerConfigKeys (ConfUtils.java:logGet(43)) - raft.server.rpc.timeout.max = 1200ms (custom)
2019-09-12 10:52:59,466 [pool-27-thread-1] INFO  server.RaftServerConfigKeys (ConfUtils.java:logGet(43)) - raft.server.rpcslowness.timeout = 120s (custom)
2019-09-12 10:52:59,467 [pool-27-thread-1] INFO  server.RaftServerConfigKeys (ConfUtils.java:logGet(43)) - raft.server.sleep.deviation.threshold = 300 (default)
2019-09-12 10:52:59,468 [pool-27-thread-1] INFO  server.RaftServerConfigKeys (ConfUtils.java:logGet(43)) - raft.server.log.appender.install.snapshot.enabled = false (custom)
2019-09-12 10:52:59,477 [pool-27-thread-1] INFO  impl.RaftServerImpl (ServerState.java:<init>(105)) - da20f580-5b10-4303-a8d6-74672b88192d:group-A3353F768107 ConfigurationManager, init=-1: [da20f580-5b10-4303-a8d6-74672b88192d:192.168.157.195:33557], old=null, confs=<EMPTY_MAP>
2019-09-12 10:52:59,478 [pool-27-thread-1] INFO  server.RaftServerConfigKeys (ConfUtils.java:logGet(43)) - raft.server.storage.dir = [/workdir/hadoop-ozone/integration-test/target/test-dir/MiniOzoneClusterImpl-838a7ec2-4afb-4d68-8138-46fa65bc7e11/datanode-0/data/ratis] (custom)
2019-09-12 10:52:59,487 [pool-27-thread-1] INFO  storage.RaftStorageDirectory (RaftStorageDirectory.java:analyzeStorage(246)) - The storage directory /workdir/hadoop-ozone/integration-test/target/test-dir/MiniOzoneClusterImpl-838a7ec2-4afb-4d68-8138-46fa65bc7e11/datanode-0/data/ratis/5215026f-09c0-4783-ac7a-a3353f768107 does not exist. Creating ...
2019-09-12 10:52:59,517 [pool-27-thread-1] INFO  storage.RaftStorageDirectory (RaftStorageDirectory.java:tryLock(328)) - Lock on /workdir/hadoop-ozone/integration-test/target/test-dir/MiniOzoneClusterImpl-838a7ec2-4afb-4d68-8138-46fa65bc7e11/datanode-0/data/ratis/5215026f-09c0-4783-ac7a-a3353f768107/in_use.lock acquired by nodename 620@pr-hdds-1569-xtfnx-3545843844
2019-09-12 10:52:59,532 [pool-27-thread-1] INFO  storage.RaftStorage (RaftStorage.java:format(72)) - Storage directory /workdir/hadoop-ozone/integration-test/target/test-dir/MiniOzoneClusterImpl-838a7ec2-4afb-4d68-8138-46fa65bc7e11/datanode-0/data/ratis/5215026f-09c0-4783-ac7a-a3353f768107 has been successfully formatted.
2019-09-12 10:52:59,535 [pool-27-thread-1] INFO  ratis.ContainerStateMachine (ContainerStateMachine.java:loadSnapshot(226)) - group-A3353F768107: The snapshot info is null. Setting the last applied indexto:(t:0, i:~)
2019-09-12 10:52:59,535 [pool-27-thread-1] INFO  server.RaftServerConfigKeys (ConfUtils.java:logGet(43)) - raft.server.leader.election.timeout = 120s (custom)
2019-09-12 10:52:59,537 [pool-27-thread-1] INFO  server.RaftServerConfigKeys (ConfUtils.java:logGet(43)) - raft.server.log.use.memory = false (default)
2019-09-12 10:52:59,542 [pool-27-thread-1] INFO  server.RaftServerConfigKeys (ConfUtils.java:logGet(43)) - raft.server.log.purge.gap = 1000000 (custom)
2019-09-12 10:52:59,543 [pool-27-thread-1] INFO  server.RaftServerConfigKeys (ConfUtils.java:logGet(43)) - raft.server.log.appender.buffer.byte-limit = 33554432 (custom)
2019-09-12 10:52:59,544 [pool-27-thread-1] INFO  server.RaftServerConfigKeys (ConfUtils.java:logGet(43)) - raft.server.log.segment.size.max = 1048576 (custom)
2019-09-12 10:52:59,548 [pool-27-thread-1] INFO  server.RaftServerConfigKeys (ConfUtils.java:logGet(43)) - raft.server.log.segment.cache.num.max = 2 (custom)
2019-09-12 10:52:59,554 [pool-27-thread-1] INFO  segmented.SegmentedRaftLogWorker (SegmentedRaftLogWorker.java:<init>(172)) - new da20f580-5b10-4303-a8d6-74672b88192d-SegmentedRaftLogWorker:Storage Directory /workdir/hadoop-ozone/integration-test/target/test-dir/MiniOzoneClusterImpl-838a7ec2-4afb-4d68-8138-46fa65bc7e11/datanode-0/data/ratis/5215026f-09c0-4783-ac7a-a3353f768107 for RaftStorage:Storage Directory /workdir/hadoop-ozone/integration-test/target/test-dir/MiniOzoneClusterImpl-838a7ec2-4afb-4d68-8138-46fa65bc7e11/datanode-0/data/ratis/5215026f-09c0-4783-ac7a-a3353f768107
2019-09-12 10:52:59,565 [pool-27-thread-1] INFO  server.RaftServerConfigKeys (ConfUtils.java:logGet(43)) - raft.server.log.queue.byte-limit = 2147483647 (custom)
2019-09-12 10:52:59,565 [pool-27-thread-1] INFO  server.RaftServerConfigKeys (ConfUtils.java:logGet(43)) - raft.server.log.queue.element-limit = 1024 (custom)
2019-09-12 10:52:59,570 [pool-27-thread-1] INFO  server.RaftServerConfigKeys (ConfUtils.java:logGet(43)) - raft.server.log.segment.size.max = 1048576 (custom)
2019-09-12 10:52:59,570 [pool-27-thread-1] INFO  server.RaftServerConfigKeys (ConfUtils.java:logGet(43)) - raft.server.log.preallocated.size = 16384 (custom)
2019-09-12 10:52:59,571 [pool-27-thread-1] INFO  server.RaftServerConfigKeys (ConfUtils.java:logGet(43)) - raft.server.log.write.buffer.size = 33554432 (custom)
2019-09-12 10:52:59,571 [pool-27-thread-1] INFO  server.RaftServerConfigKeys (ConfUtils.java:logGet(43)) - raft.server.log.force.sync.num = 128 (default)
2019-09-12 10:52:59,572 [pool-27-thread-1] INFO  server.RaftServerConfigKeys (ConfUtils.java:logGet(43)) - raft.server.log.statemachine.data.sync = true (default)
2019-09-12 10:52:59,572 [pool-27-thread-1] INFO  server.RaftServerConfigKeys (ConfUtils.java:logGet(43)) - raft.server.log.statemachine.data.sync.timeout = 10s (default)
2019-09-12 10:52:59,573 [pool-27-thread-1] INFO  server.RaftServerConfigKeys (ConfUtils.java:logGet(43)) - raft.server.log.statemachine.data.sync.timeout.retry = -1 (default)
2019-09-12 10:52:59,581 [pool-27-thread-1] INFO  server.RaftServerConfigKeys (ConfUtils.java:logGet(43)) - raft.server.log.statemachine.data.caching.enabled = true (custom)
2019-09-12 10:52:59,586 [pool-27-thread-1] INFO  segmented.SegmentedRaftLogWorker (SegmentedRaftLogWorker.java:lambda$new$0(132)) - da20f580-5b10-4303-a8d6-74672b88192d-SegmentedRaftLogWorker:Storage Directory /workdir/hadoop-ozone/integration-test/target/test-dir/MiniOzoneClusterImpl-838a7ec2-4afb-4d68-8138-46fa65bc7e11/datanode-0/data/ratis/5215026f-09c0-4783-ac7a-a3353f768107: flushIndex: setUnconditionally 0 -> -1
2019-09-12 10:52:59,590 [pool-27-thread-1] INFO  server.RaftServerConfigKeys (ConfUtils.java:logGet(43)) - raft.server.snapshot.auto.trigger.enabled = true (custom)
2019-09-12 10:52:59,591 [pool-27-thread-1] INFO  server.RaftServerConfigKeys (ConfUtils.java:logGet(43)) - raft.server.snapshot.auto.trigger.threshold = 10000 (custom)
2019-09-12 10:52:59,591 [pool-27-thread-1] INFO  server.RaftServerConfigKeys (ConfUtils.java:logGet(43)) - raft.server.retrycache.expirytime = 600000ms (custom)
2019-09-12 10:52:59,624 [pool-27-thread-1] INFO  impl.RaftServerImpl (RaftServerImpl.java:start(180)) - da20f580-5b10-4303-a8d6-74672b88192d: start group-A3353F768107
2019-09-12 10:52:59,626 [pool-27-thread-1] INFO  impl.RaftServerImpl (RaftServerImpl.java:setRole(171)) - da20f580-5b10-4303-a8d6-74672b88192d:group-A3353F768107 changes role from null to FOLLOWER at term 0 for startAsFollower
2019-09-12 10:52:59,628 [pool-27-thread-1] INFO  impl.RoleInfo (RoleInfo.java:updateAndGet(143)) - da20f580-5b10-4303-a8d6-74672b88192d: start FollowerState
2019-09-12 10:52:59,630 [pool-27-thread-1] INFO  util.JmxRegister (JmxRegister.java:tryRegister(44)) - Successfully registered JMX Bean with object name Ratis:service=RaftServer,group=group-A3353F768107,id=da20f580-5b10-4303-a8d6-74672b88192d
2019-09-12 10:52:59,666 [IPC Server handler 3 on 36029] INFO  net.NetworkTopology (NetworkTopologyImpl.java:add(110)) - Added a new node: /default-rack/005a1424-1186-4d58-b0b5-fdf3e953d666
2019-09-12 10:52:59,668 [IPC Server handler 3 on 36029] INFO  node.SCMNodeManager (SCMNodeManager.java:register(273)) - Registered Data node : 005a1424-1186-4d58-b0b5-fdf3e953d666{ip: 192.168.157.195, host: pr-hdds-1569-xtfnx-3545843844, networkLocation: /default-rack, certSerialId: null}
2019-09-12 10:52:59,668 | INFO  | SCMAudit | user=jenkins1000 | ip=192.168.157.195 | op=REGISTER {datanodeDetails=005a1424-1186-4d58-b0b5-fdf3e953d666{ip: 192.168.157.195, host: pr-hdds-1569-xtfnx-3545843844, networkLocation: /default-rack, certSerialId: null}} | ret=SUCCESS |  
2019-09-12 10:52:59,692 [RatisPipelineUtilsThread] INFO  pipeline.PipelineStateManager (PipelineStateManager.java:addPipeline(56)) - Created pipeline Pipeline[ Id: 5215026f-09c0-4783-ac7a-a3353f768107, Nodes: da20f580-5b10-4303-a8d6-74672b88192d{ip: 192.168.157.195, host: pr-hdds-1569-xtfnx-3545843844, networkLocation: /default-rack, certSerialId: null}, Type:RATIS, Factor:ONE, State:OPEN]
2019-09-12 10:52:59,727 [grpc-default-executor-0] INFO  impl.RaftServerProxy (RaftServerProxy.java:addNew(89)) - e4f93bd3-fff9-4926-9bf8-61056d59521f: addNew group-EF72FC0375A0:[e4f93bd3-fff9-4926-9bf8-61056d59521f:192.168.157.195:41370] returns group-EF72FC0375A0:java.util.concurrent.CompletableFuture@317f96c7[Not completed]
2019-09-12 10:52:59,790 [pool-60-thread-1] INFO  impl.RaftServerImpl (RaftServerImpl.java:<init>(93)) - e4f93bd3-fff9-4926-9bf8-61056d59521f: new RaftServerImpl for group-EF72FC0375A0:[e4f93bd3-fff9-4926-9bf8-61056d59521f:192.168.157.195:41370] with ContainerStateMachine:uninitialized
2019-09-12 10:52:59,792 [pool-60-thread-1] INFO  server.RaftServerConfigKeys (ConfUtils.java:logGet(43)) - raft.server.rpc.timeout.min = 1s (custom)
2019-09-12 10:52:59,792 [pool-60-thread-1] INFO  server.RaftServerConfigKeys (ConfUtils.java:logGet(43)) - raft.server.rpc.timeout.max = 1200ms (custom)
2019-09-12 10:52:59,792 [pool-60-thread-1] INFO  server.RaftServerConfigKeys (ConfUtils.java:logGet(43)) - raft.server.rpcslowness.timeout = 120s (custom)
2019-09-12 10:52:59,792 [pool-60-thread-1] INFO  server.RaftServerConfigKeys (ConfUtils.java:logGet(43)) - raft.server.sleep.deviation.threshold = 300 (default)
2019-09-12 10:52:59,792 [pool-60-thread-1] INFO  server.RaftServerConfigKeys (ConfUtils.java:logGet(43)) - raft.server.log.appender.install.snapshot.enabled = false (custom)
2019-09-12 10:52:59,792 [pool-60-thread-1] INFO  impl.RaftServerImpl (ServerState.java:<init>(105)) - e4f93bd3-fff9-4926-9bf8-61056d59521f:group-EF72FC0375A0 ConfigurationManager, init=-1: [e4f93bd3-fff9-4926-9bf8-61056d59521f:192.168.157.195:41370], old=null, confs=<EMPTY_MAP>
2019-09-12 10:52:59,793 [pool-60-thread-1] INFO  server.RaftServerConfigKeys (ConfUtils.java:logGet(43)) - raft.server.storage.dir = [/workdir/hadoop-ozone/integration-test/target/test-dir/MiniOzoneClusterImpl-838a7ec2-4afb-4d68-8138-46fa65bc7e11/datanode-3/data/ratis] (custom)
2019-09-12 10:52:59,793 [pool-60-thread-1] INFO  storage.RaftStorageDirectory (RaftStorageDirectory.java:analyzeStorage(246)) - The storage directory /workdir/hadoop-ozone/integration-test/target/test-dir/MiniOzoneClusterImpl-838a7ec2-4afb-4d68-8138-46fa65bc7e11/datanode-3/data/ratis/a35c9cc6-01a4-4c9a-8d7d-ef72fc0375a0 does not exist. Creating ...
2019-09-12 10:52:59,811 [pool-60-thread-1] INFO  storage.RaftStorageDirectory (RaftStorageDirectory.java:tryLock(328)) - Lock on /workdir/hadoop-ozone/integration-test/target/test-dir/MiniOzoneClusterImpl-838a7ec2-4afb-4d68-8138-46fa65bc7e11/datanode-3/data/ratis/a35c9cc6-01a4-4c9a-8d7d-ef72fc0375a0/in_use.lock acquired by nodename 620@pr-hdds-1569-xtfnx-3545843844
2019-09-12 10:52:59,825 [pool-60-thread-1] INFO  storage.RaftStorage (RaftStorage.java:format(72)) - Storage directory /workdir/hadoop-ozone/integration-test/target/test-dir/MiniOzoneClusterImpl-838a7ec2-4afb-4d68-8138-46fa65bc7e11/datanode-3/data/ratis/a35c9cc6-01a4-4c9a-8d7d-ef72fc0375a0 has been successfully formatted.
2019-09-12 10:52:59,827 [pool-60-thread-1] INFO  ratis.ContainerStateMachine (ContainerStateMachine.java:loadSnapshot(226)) - group-EF72FC0375A0: The snapshot info is null. Setting the last applied indexto:(t:0, i:~)
2019-09-12 10:52:59,828 [pool-60-thread-1] INFO  server.RaftServerConfigKeys (ConfUtils.java:logGet(43)) - raft.server.leader.election.timeout = 120s (custom)
2019-09-12 10:52:59,829 [pool-60-thread-1] INFO  server.RaftServerConfigKeys (ConfUtils.java:logGet(43)) - raft.server.log.use.memory = false (default)
2019-09-12 10:52:59,829 [pool-60-thread-1] INFO  server.RaftServerConfigKeys (ConfUtils.java:logGet(43)) - raft.server.log.purge.gap = 1000000 (custom)
2019-09-12 10:52:59,829 [pool-60-thread-1] INFO  server.RaftServerConfigKeys (ConfUtils.java:logGet(43)) - raft.server.log.appender.buffer.byte-limit = 33554432 (custom)
2019-09-12 10:52:59,829 [pool-60-thread-1] INFO  server.RaftServerConfigKeys (ConfUtils.java:logGet(43)) - raft.server.log.segment.size.max = 1048576 (custom)
2019-09-12 10:52:59,829 [pool-60-thread-1] INFO  server.RaftServerConfigKeys (ConfUtils.java:logGet(43)) - raft.server.log.segment.cache.num.max = 2 (custom)
2019-09-12 10:52:59,829 [pool-60-thread-1] INFO  segmented.SegmentedRaftLogWorker (SegmentedRaftLogWorker.java:<init>(172)) - new e4f93bd3-fff9-4926-9bf8-61056d59521f-SegmentedRaftLogWorker:Storage Directory /workdir/hadoop-ozone/integration-test/target/test-dir/MiniOzoneClusterImpl-838a7ec2-4afb-4d68-8138-46fa65bc7e11/datanode-3/data/ratis/a35c9cc6-01a4-4c9a-8d7d-ef72fc0375a0 for RaftStorage:Storage Directory /workdir/hadoop-ozone/integration-test/target/test-dir/MiniOzoneClusterImpl-838a7ec2-4afb-4d68-8138-46fa65bc7e11/datanode-3/data/ratis/a35c9cc6-01a4-4c9a-8d7d-ef72fc0375a0
2019-09-12 10:52:59,831 [pool-60-thread-1] INFO  server.RaftServerConfigKeys (ConfUtils.java:logGet(43)) - raft.server.log.queue.byte-limit = 2147483647 (custom)
2019-09-12 10:52:59,831 [pool-60-thread-1] INFO  server.RaftServerConfigKeys (ConfUtils.java:logGet(43)) - raft.server.log.queue.element-limit = 1024 (custom)
2019-09-12 10:52:59,831 [pool-60-thread-1] INFO  server.RaftServerConfigKeys (ConfUtils.java:logGet(43)) - raft.server.log.segment.size.max = 1048576 (custom)
2019-09-12 10:52:59,831 [pool-60-thread-1] INFO  server.RaftServerConfigKeys (ConfUtils.java:logGet(43)) - raft.server.log.preallocated.size = 16384 (custom)
2019-09-12 10:52:59,831 [pool-60-thread-1] INFO  server.RaftServerConfigKeys (ConfUtils.java:logGet(43)) - raft.server.log.write.buffer.size = 33554432 (custom)
2019-09-12 10:52:59,831 [pool-60-thread-1] INFO  server.RaftServerConfigKeys (ConfUtils.java:logGet(43)) - raft.server.log.force.sync.num = 128 (default)
2019-09-12 10:52:59,831 [pool-60-thread-1] INFO  server.RaftServerConfigKeys (ConfUtils.java:logGet(43)) - raft.server.log.statemachine.data.sync = true (default)
2019-09-12 10:52:59,832 [pool-60-thread-1] INFO  server.RaftServerConfigKeys (ConfUtils.java:logGet(43)) - raft.server.log.statemachine.data.sync.timeout = 10s (default)
2019-09-12 10:52:59,832 [pool-60-thread-1] INFO  server.RaftServerConfigKeys (ConfUtils.java:logGet(43)) - raft.server.log.statemachine.data.sync.timeout.retry = -1 (default)
2019-09-12 10:52:59,832 [pool-60-thread-1] INFO  server.RaftServerConfigKeys (ConfUtils.java:logGet(43)) - raft.server.log.statemachine.data.caching.enabled = true (custom)
2019-09-12 10:52:59,832 [pool-60-thread-1] INFO  segmented.SegmentedRaftLogWorker (SegmentedRaftLogWorker.java:lambda$new$0(132)) - e4f93bd3-fff9-4926-9bf8-61056d59521f-SegmentedRaftLogWorker:Storage Directory /workdir/hadoop-ozone/integration-test/target/test-dir/MiniOzoneClusterImpl-838a7ec2-4afb-4d68-8138-46fa65bc7e11/datanode-3/data/ratis/a35c9cc6-01a4-4c9a-8d7d-ef72fc0375a0: flushIndex: setUnconditionally 0 -> -1
2019-09-12 10:52:59,833 [pool-60-thread-1] INFO  server.RaftServerConfigKeys (ConfUtils.java:logGet(43)) - raft.server.snapshot.auto.trigger.enabled = true (custom)
2019-09-12 10:52:59,833 [pool-60-thread-1] INFO  server.RaftServerConfigKeys (ConfUtils.java:logGet(43)) - raft.server.snapshot.auto.trigger.threshold = 10000 (custom)
2019-09-12 10:52:59,833 [pool-60-thread-1] INFO  server.RaftServerConfigKeys (ConfUtils.java:logGet(43)) - raft.server.retrycache.expirytime = 600000ms (custom)
2019-09-12 10:52:59,833 [pool-60-thread-1] INFO  impl.RaftServerImpl (RaftServerImpl.java:start(180)) - e4f93bd3-fff9-4926-9bf8-61056d59521f: start group-EF72FC0375A0
2019-09-12 10:52:59,833 [pool-60-thread-1] INFO  impl.RaftServerImpl (RaftServerImpl.java:setRole(171)) - e4f93bd3-fff9-4926-9bf8-61056d59521f:group-EF72FC0375A0 changes role from null to FOLLOWER at term 0 for startAsFollower
2019-09-12 10:52:59,833 [pool-60-thread-1] INFO  impl.RoleInfo (RoleInfo.java:updateAndGet(143)) - e4f93bd3-fff9-4926-9bf8-61056d59521f: start FollowerState
2019-09-12 10:52:59,835 [pool-60-thread-1] INFO  util.JmxRegister (JmxRegister.java:tryRegister(44)) - Successfully registered JMX Bean with object name Ratis:service=RaftServer,group=group-EF72FC0375A0,id=e4f93bd3-fff9-4926-9bf8-61056d59521f
2019-09-12 10:52:59,849 [RatisPipelineUtilsThread] INFO  pipeline.PipelineStateManager (PipelineStateManager.java:addPipeline(56)) - Created pipeline Pipeline[ Id: a35c9cc6-01a4-4c9a-8d7d-ef72fc0375a0, Nodes: e4f93bd3-fff9-4926-9bf8-61056d59521f{ip: 192.168.157.195, host: pr-hdds-1569-xtfnx-3545843844, networkLocation: /default-rack, certSerialId: null}, Type:RATIS, Factor:ONE, State:OPEN]
2019-09-12 10:52:59,874 [grpc-default-executor-0] INFO  impl.RaftServerProxy (RaftServerProxy.java:addNew(89)) - 250b6484-39fc-4c26-8a98-91f8d9b3befa: addNew group-EDD7D578CFF2:[250b6484-39fc-4c26-8a98-91f8d9b3befa:192.168.157.195:34503] returns group-EDD7D578CFF2:java.util.concurrent.CompletableFuture@18055f3d[Not completed]
2019-09-12 10:52:59,889 [pool-49-thread-1] INFO  impl.RaftServerImpl (RaftServerImpl.java:<init>(93)) - 250b6484-39fc-4c26-8a98-91f8d9b3befa: new RaftServerImpl for group-EDD7D578CFF2:[250b6484-39fc-4c26-8a98-91f8d9b3befa:192.168.157.195:34503] with ContainerStateMachine:uninitialized
2019-09-12 10:52:59,889 [pool-49-thread-1] INFO  server.RaftServerConfigKeys (ConfUtils.java:logGet(43)) - raft.server.rpc.timeout.min = 1s (custom)
2019-09-12 10:52:59,889 [pool-49-thread-1] INFO  server.RaftServerConfigKeys (ConfUtils.java:logGet(43)) - raft.server.rpc.timeout.max = 1200ms (custom)
2019-09-12 10:52:59,889 [pool-49-thread-1] INFO  server.RaftServerConfigKeys (ConfUtils.java:logGet(43)) - raft.server.rpcslowness.timeout = 120s (custom)
2019-09-12 10:52:59,889 [pool-49-thread-1] INFO  server.RaftServerConfigKeys (ConfUtils.java:logGet(43)) - raft.server.sleep.deviation.threshold = 300 (default)
2019-09-12 10:52:59,889 [pool-49-thread-1] INFO  server.RaftServerConfigKeys (ConfUtils.java:logGet(43)) - raft.server.log.appender.install.snapshot.enabled = false (custom)
2019-09-12 10:52:59,889 [pool-49-thread-1] INFO  impl.RaftServerImpl (ServerState.java:<init>(105)) - 250b6484-39fc-4c26-8a98-91f8d9b3befa:group-EDD7D578CFF2 ConfigurationManager, init=-1: [250b6484-39fc-4c26-8a98-91f8d9b3befa:192.168.157.195:34503], old=null, confs=<EMPTY_MAP>
2019-09-12 10:52:59,890 [pool-49-thread-1] INFO  server.RaftServerConfigKeys (ConfUtils.java:logGet(43)) - raft.server.storage.dir = [/workdir/hadoop-ozone/integration-test/target/test-dir/MiniOzoneClusterImpl-838a7ec2-4afb-4d68-8138-46fa65bc7e11/datanode-2/data/ratis] (custom)
2019-09-12 10:52:59,890 [pool-49-thread-1] INFO  storage.RaftStorageDirectory (RaftStorageDirectory.java:analyzeStorage(246)) - The storage directory /workdir/hadoop-ozone/integration-test/target/test-dir/MiniOzoneClusterImpl-838a7ec2-4afb-4d68-8138-46fa65bc7e11/datanode-2/data/ratis/edc222c0-f826-42a4-b28c-edd7d578cff2 does not exist. Creating ...
2019-09-12 10:52:59,903 [IPC Server handler 5 on 36029] INFO  net.NetworkTopology (NetworkTopologyImpl.java:add(110)) - Added a new node: /default-rack/35ed61f3-e470-497f-b63f-7decb4cef9e0
2019-09-12 10:52:59,903 [IPC Server handler 5 on 36029] INFO  node.SCMNodeManager (SCMNodeManager.java:register(273)) - Registered Data node : 35ed61f3-e470-497f-b63f-7decb4cef9e0{ip: 192.168.157.195, host: pr-hdds-1569-xtfnx-3545843844, networkLocation: /default-rack, certSerialId: null}
2019-09-12 10:52:59,903 [pool-49-thread-1] INFO  storage.RaftStorageDirectory (RaftStorageDirectory.java:tryLock(328)) - Lock on /workdir/hadoop-ozone/integration-test/target/test-dir/MiniOzoneClusterImpl-838a7ec2-4afb-4d68-8138-46fa65bc7e11/datanode-2/data/ratis/edc222c0-f826-42a4-b28c-edd7d578cff2/in_use.lock acquired by nodename 620@pr-hdds-1569-xtfnx-3545843844
2019-09-12 10:52:59,903 | INFO  | SCMAudit | user=jenkins1000 | ip=192.168.157.195 | op=REGISTER {datanodeDetails=35ed61f3-e470-497f-b63f-7decb4cef9e0{ip: 192.168.157.195, host: pr-hdds-1569-xtfnx-3545843844, networkLocation: /default-rack, certSerialId: null}} | ret=SUCCESS |  
2019-09-12 10:52:59,916 [pool-49-thread-1] INFO  storage.RaftStorage (RaftStorage.java:format(72)) - Storage directory /workdir/hadoop-ozone/integration-test/target/test-dir/MiniOzoneClusterImpl-838a7ec2-4afb-4d68-8138-46fa65bc7e11/datanode-2/data/ratis/edc222c0-f826-42a4-b28c-edd7d578cff2 has been successfully formatted.
2019-09-12 10:52:59,916 [pool-49-thread-1] INFO  ratis.ContainerStateMachine (ContainerStateMachine.java:loadSnapshot(226)) - group-EDD7D578CFF2: The snapshot info is null. Setting the last applied indexto:(t:0, i:~)
2019-09-12 10:52:59,916 [pool-49-thread-1] INFO  server.RaftServerConfigKeys (ConfUtils.java:logGet(43)) - raft.server.leader.election.timeout = 120s (custom)
2019-09-12 10:52:59,916 [pool-49-thread-1] INFO  server.RaftServerConfigKeys (ConfUtils.java:logGet(43)) - raft.server.log.use.memory = false (default)
2019-09-12 10:52:59,916 [pool-49-thread-1] INFO  server.RaftServerConfigKeys (ConfUtils.java:logGet(43)) - raft.server.log.purge.gap = 1000000 (custom)
2019-09-12 10:52:59,917 [pool-49-thread-1] INFO  server.RaftServerConfigKeys (ConfUtils.java:logGet(43)) - raft.server.log.appender.buffer.byte-limit = 33554432 (custom)
2019-09-12 10:52:59,917 [pool-49-thread-1] INFO  server.RaftServerConfigKeys (ConfUtils.java:logGet(43)) - raft.server.log.segment.size.max = 1048576 (custom)
2019-09-12 10:52:59,917 [pool-49-thread-1] INFO  server.RaftServerConfigKeys (ConfUtils.java:logGet(43)) - raft.server.log.segment.cache.num.max = 2 (custom)
2019-09-12 10:52:59,917 [pool-49-thread-1] INFO  segmented.SegmentedRaftLogWorker (SegmentedRaftLogWorker.java:<init>(172)) - new 250b6484-39fc-4c26-8a98-91f8d9b3befa-SegmentedRaftLogWorker:Storage Directory /workdir/hadoop-ozone/integration-test/target/test-dir/MiniOzoneClusterImpl-838a7ec2-4afb-4d68-8138-46fa65bc7e11/datanode-2/data/ratis/edc222c0-f826-42a4-b28c-edd7d578cff2 for RaftStorage:Storage Directory /workdir/hadoop-ozone/integration-test/target/test-dir/MiniOzoneClusterImpl-838a7ec2-4afb-4d68-8138-46fa65bc7e11/datanode-2/data/ratis/edc222c0-f826-42a4-b28c-edd7d578cff2
2019-09-12 10:52:59,917 [pool-49-thread-1] INFO  server.RaftServerConfigKeys (ConfUtils.java:logGet(43)) - raft.server.log.queue.byte-limit = 2147483647 (custom)
2019-09-12 10:52:59,917 [pool-49-thread-1] INFO  server.RaftServerConfigKeys (ConfUtils.java:logGet(43)) - raft.server.log.queue.element-limit = 1024 (custom)
2019-09-12 10:52:59,917 [pool-49-thread-1] INFO  server.RaftServerConfigKeys (ConfUtils.java:logGet(43)) - raft.server.log.segment.size.max = 1048576 (custom)
2019-09-12 10:52:59,918 [pool-49-thread-1] INFO  server.RaftServerConfigKeys (ConfUtils.java:logGet(43)) - raft.server.log.preallocated.size = 16384 (custom)
2019-09-12 10:52:59,918 [pool-49-thread-1] INFO  server.RaftServerConfigKeys (ConfUtils.java:logGet(43)) - raft.server.log.write.buffer.size = 33554432 (custom)
2019-09-12 10:52:59,918 [pool-49-thread-1] INFO  server.RaftServerConfigKeys (ConfUtils.java:logGet(43)) - raft.server.log.force.sync.num = 128 (default)
2019-09-12 10:52:59,918 [pool-49-thread-1] INFO  server.RaftServerConfigKeys (ConfUtils.java:logGet(43)) - raft.server.log.statemachine.data.sync = true (default)
2019-09-12 10:52:59,918 [pool-49-thread-1] INFO  server.RaftServerConfigKeys (ConfUtils.java:logGet(43)) - raft.server.log.statemachine.data.sync.timeout = 10s (default)
2019-09-12 10:52:59,918 [pool-49-thread-1] INFO  server.RaftServerConfigKeys (ConfUtils.java:logGet(43)) - raft.server.log.statemachine.data.sync.timeout.retry = -1 (default)
2019-09-12 10:52:59,918 [pool-49-thread-1] INFO  server.RaftServerConfigKeys (ConfUtils.java:logGet(43)) - raft.server.log.statemachine.data.caching.enabled = true (custom)
2019-09-12 10:52:59,919 [pool-49-thread-1] INFO  segmented.SegmentedRaftLogWorker (SegmentedRaftLogWorker.java:lambda$new$0(132)) - 250b6484-39fc-4c26-8a98-91f8d9b3befa-SegmentedRaftLogWorker:Storage Directory /workdir/hadoop-ozone/integration-test/target/test-dir/MiniOzoneClusterImpl-838a7ec2-4afb-4d68-8138-46fa65bc7e11/datanode-2/data/ratis/edc222c0-f826-42a4-b28c-edd7d578cff2: flushIndex: setUnconditionally 0 -> -1
2019-09-12 10:52:59,919 [pool-49-thread-1] INFO  server.RaftServerConfigKeys (ConfUtils.java:logGet(43)) - raft.server.snapshot.auto.trigger.enabled = true (custom)
2019-09-12 10:52:59,919 [pool-49-thread-1] INFO  server.RaftServerConfigKeys (ConfUtils.java:logGet(43)) - raft.server.snapshot.auto.trigger.threshold = 10000 (custom)
2019-09-12 10:52:59,919 [pool-49-thread-1] INFO  server.RaftServerConfigKeys (ConfUtils.java:logGet(43)) - raft.server.retrycache.expirytime = 600000ms (custom)
2019-09-12 10:52:59,919 [pool-49-thread-1] INFO  impl.RaftServerImpl (RaftServerImpl.java:start(180)) - 250b6484-39fc-4c26-8a98-91f8d9b3befa: start group-EDD7D578CFF2
2019-09-12 10:52:59,919 [pool-49-thread-1] INFO  impl.RaftServerImpl (RaftServerImpl.java:setRole(171)) - 250b6484-39fc-4c26-8a98-91f8d9b3befa:group-EDD7D578CFF2 changes role from null to FOLLOWER at term 0 for startAsFollower
2019-09-12 10:52:59,920 [pool-49-thread-1] INFO  impl.RoleInfo (RoleInfo.java:updateAndGet(143)) - 250b6484-39fc-4c26-8a98-91f8d9b3befa: start FollowerState
2019-09-12 10:52:59,920 [pool-49-thread-1] INFO  util.JmxRegister (JmxRegister.java:tryRegister(44)) - Successfully registered JMX Bean with object name Ratis:service=RaftServer,group=group-EDD7D578CFF2,id=250b6484-39fc-4c26-8a98-91f8d9b3befa
2019-09-12 10:52:59,933 [RatisPipelineUtilsThread] INFO  pipeline.PipelineStateManager (PipelineStateManager.java:addPipeline(56)) - Created pipeline Pipeline[ Id: edc222c0-f826-42a4-b28c-edd7d578cff2, Nodes: 250b6484-39fc-4c26-8a98-91f8d9b3befa{ip: 192.168.157.195, host: pr-hdds-1569-xtfnx-3545843844, networkLocation: /default-rack, certSerialId: null}, Type:RATIS, Factor:ONE, State:OPEN]
2019-09-12 10:52:59,962 [grpc-default-executor-0] INFO  impl.RaftServerProxy (RaftServerProxy.java:addNew(89)) - da20f580-5b10-4303-a8d6-74672b88192d: addNew group-C5409F144083:[da20f580-5b10-4303-a8d6-74672b88192d:192.168.157.195:33557] returns group-C5409F144083:java.util.concurrent.CompletableFuture@55cbd91a[Not completed]
2019-09-12 10:52:59,965 [pool-27-thread-1] INFO  impl.RaftServerImpl (RaftServerImpl.java:<init>(93)) - da20f580-5b10-4303-a8d6-74672b88192d: new RaftServerImpl for group-C5409F144083:[da20f580-5b10-4303-a8d6-74672b88192d:192.168.157.195:33557] with ContainerStateMachine:uninitialized
2019-09-12 10:52:59,965 [pool-27-thread-1] INFO  server.RaftServerConfigKeys (ConfUtils.java:logGet(43)) - raft.server.rpc.timeout.min = 1s (custom)
2019-09-12 10:52:59,965 [pool-27-thread-1] INFO  server.RaftServerConfigKeys (ConfUtils.java:logGet(43)) - raft.server.rpc.timeout.max = 1200ms (custom)
2019-09-12 10:52:59,965 [pool-27-thread-1] INFO  server.RaftServerConfigKeys (ConfUtils.java:logGet(43)) - raft.server.rpcslowness.timeout = 120s (custom)
2019-09-12 10:52:59,965 [pool-27-thread-1] INFO  server.RaftServerConfigKeys (ConfUtils.java:logGet(43)) - raft.server.sleep.deviation.threshold = 300 (default)
2019-09-12 10:52:59,966 [pool-27-thread-1] INFO  server.RaftServerConfigKeys (ConfUtils.java:logGet(43)) - raft.server.log.appender.install.snapshot.enabled = false (custom)
2019-09-12 10:52:59,966 [pool-27-thread-1] INFO  impl.RaftServerImpl (ServerState.java:<init>(105)) - da20f580-5b10-4303-a8d6-74672b88192d:group-C5409F144083 ConfigurationManager, init=-1: [da20f580-5b10-4303-a8d6-74672b88192d:192.168.157.195:33557], old=null, confs=<EMPTY_MAP>
2019-09-12 10:52:59,966 [pool-27-thread-1] INFO  server.RaftServerConfigKeys (ConfUtils.java:logGet(43)) - raft.server.storage.dir = [/workdir/hadoop-ozone/integration-test/target/test-dir/MiniOzoneClusterImpl-838a7ec2-4afb-4d68-8138-46fa65bc7e11/datanode-0/data/ratis] (custom)
2019-09-12 10:52:59,966 [pool-27-thread-1] INFO  storage.RaftStorageDirectory (RaftStorageDirectory.java:analyzeStorage(246)) - The storage directory /workdir/hadoop-ozone/integration-test/target/test-dir/MiniOzoneClusterImpl-838a7ec2-4afb-4d68-8138-46fa65bc7e11/datanode-0/data/ratis/24bdc074-dd1d-4d22-b51a-c5409f144083 does not exist. Creating ...
2019-09-12 10:52:59,981 [pool-27-thread-1] INFO  storage.RaftStorageDirectory (RaftStorageDirectory.java:tryLock(328)) - Lock on /workdir/hadoop-ozone/integration-test/target/test-dir/MiniOzoneClusterImpl-838a7ec2-4afb-4d68-8138-46fa65bc7e11/datanode-0/data/ratis/24bdc074-dd1d-4d22-b51a-c5409f144083/in_use.lock acquired by nodename 620@pr-hdds-1569-xtfnx-3545843844
2019-09-12 10:52:59,993 [pool-27-thread-1] INFO  storage.RaftStorage (RaftStorage.java:format(72)) - Storage directory /workdir/hadoop-ozone/integration-test/target/test-dir/MiniOzoneClusterImpl-838a7ec2-4afb-4d68-8138-46fa65bc7e11/datanode-0/data/ratis/24bdc074-dd1d-4d22-b51a-c5409f144083 has been successfully formatted.
2019-09-12 10:52:59,994 [pool-27-thread-1] INFO  ratis.ContainerStateMachine (ContainerStateMachine.java:loadSnapshot(226)) - group-C5409F144083: The snapshot info is null. Setting the last applied indexto:(t:0, i:~)
2019-09-12 10:52:59,994 [pool-27-thread-1] INFO  server.RaftServerConfigKeys (ConfUtils.java:logGet(43)) - raft.server.leader.election.timeout = 120s (custom)
2019-09-12 10:52:59,994 [pool-27-thread-1] INFO  server.RaftServerConfigKeys (ConfUtils.java:logGet(43)) - raft.server.log.use.memory = false (default)
2019-09-12 10:52:59,994 [pool-27-thread-1] INFO  server.RaftServerConfigKeys (ConfUtils.java:logGet(43)) - raft.server.log.purge.gap = 1000000 (custom)
2019-09-12 10:52:59,994 [pool-27-thread-1] INFO  server.RaftServerConfigKeys (ConfUtils.java:logGet(43)) - raft.server.log.appender.buffer.byte-limit = 33554432 (custom)
2019-09-12 10:52:59,994 [pool-27-thread-1] INFO  server.RaftServerConfigKeys (ConfUtils.java:logGet(43)) - raft.server.log.segment.size.max = 1048576 (custom)
2019-09-12 10:52:59,995 [pool-27-thread-1] INFO  server.RaftServerConfigKeys (ConfUtils.java:logGet(43)) - raft.server.log.segment.cache.num.max = 2 (custom)
2019-09-12 10:52:59,995 [pool-27-thread-1] INFO  segmented.SegmentedRaftLogWorker (SegmentedRaftLogWorker.java:<init>(172)) - new da20f580-5b10-4303-a8d6-74672b88192d-SegmentedRaftLogWorker:Storage Directory /workdir/hadoop-ozone/integration-test/target/test-dir/MiniOzoneClusterImpl-838a7ec2-4afb-4d68-8138-46fa65bc7e11/datanode-0/data/ratis/24bdc074-dd1d-4d22-b51a-c5409f144083 for RaftStorage:Storage Directory /workdir/hadoop-ozone/integration-test/target/test-dir/MiniOzoneClusterImpl-838a7ec2-4afb-4d68-8138-46fa65bc7e11/datanode-0/data/ratis/24bdc074-dd1d-4d22-b51a-c5409f144083
2019-09-12 10:52:59,995 [pool-27-thread-1] INFO  server.RaftServerConfigKeys (ConfUtils.java:logGet(43)) - raft.server.log.queue.byte-limit = 2147483647 (custom)
2019-09-12 10:52:59,995 [pool-27-thread-1] INFO  server.RaftServerConfigKeys (ConfUtils.java:logGet(43)) - raft.server.log.queue.element-limit = 1024 (custom)
2019-09-12 10:52:59,995 [pool-27-thread-1] INFO  server.RaftServerConfigKeys (ConfUtils.java:logGet(43)) - raft.server.log.segment.size.max = 1048576 (custom)
2019-09-12 10:52:59,995 [pool-27-thread-1] INFO  server.RaftServerConfigKeys (ConfUtils.java:logGet(43)) - raft.server.log.preallocated.size = 16384 (custom)
2019-09-12 10:52:59,995 [pool-27-thread-1] INFO  server.RaftServerConfigKeys (ConfUtils.java:logGet(43)) - raft.server.log.write.buffer.size = 33554432 (custom)
2019-09-12 10:52:59,995 [pool-27-thread-1] INFO  server.RaftServerConfigKeys (ConfUtils.java:logGet(43)) - raft.server.log.force.sync.num = 128 (default)
2019-09-12 10:52:59,996 [pool-27-thread-1] INFO  server.RaftServerConfigKeys (ConfUtils.java:logGet(43)) - raft.server.log.statemachine.data.sync = true (default)
2019-09-12 10:52:59,996 [pool-27-thread-1] INFO  server.RaftServerConfigKeys (ConfUtils.java:logGet(43)) - raft.server.log.statemachine.data.sync.timeout = 10s (default)
2019-09-12 10:52:59,996 [pool-27-thread-1] INFO  server.RaftServerConfigKeys (ConfUtils.java:logGet(43)) - raft.server.log.statemachine.data.sync.timeout.retry = -1 (default)
2019-09-12 10:52:59,996 [pool-27-thread-1] INFO  server.RaftServerConfigKeys (ConfUtils.java:logGet(43)) - raft.server.log.statemachine.data.caching.enabled = true (custom)
2019-09-12 10:52:59,996 [pool-27-thread-1] INFO  segmented.SegmentedRaftLogWorker (SegmentedRaftLogWorker.java:lambda$new$0(132)) - da20f580-5b10-4303-a8d6-74672b88192d-SegmentedRaftLogWorker:Storage Directory /workdir/hadoop-ozone/integration-test/target/test-dir/MiniOzoneClusterImpl-838a7ec2-4afb-4d68-8138-46fa65bc7e11/datanode-0/data/ratis/24bdc074-dd1d-4d22-b51a-c5409f144083: flushIndex: setUnconditionally 0 -> -1
2019-09-12 10:52:59,997 [pool-27-thread-1] INFO  server.RaftServerConfigKeys (ConfUtils.java:logGet(43)) - raft.server.snapshot.auto.trigger.enabled = true (custom)
2019-09-12 10:52:59,997 [pool-27-thread-1] INFO  server.RaftServerConfigKeys (ConfUtils.java:logGet(43)) - raft.server.snapshot.auto.trigger.threshold = 10000 (custom)
2019-09-12 10:52:59,997 [pool-27-thread-1] INFO  server.RaftServerConfigKeys (ConfUtils.java:logGet(43)) - raft.server.retrycache.expirytime = 600000ms (custom)
2019-09-12 10:52:59,997 [pool-27-thread-1] INFO  impl.RaftServerImpl (RaftServerImpl.java:start(180)) - da20f580-5b10-4303-a8d6-74672b88192d: start group-C5409F144083
2019-09-12 10:52:59,997 [pool-27-thread-1] INFO  impl.RaftServerImpl (RaftServerImpl.java:setRole(171)) - da20f580-5b10-4303-a8d6-74672b88192d:group-C5409F144083 changes role from null to FOLLOWER at term 0 for startAsFollower
2019-09-12 10:52:59,998 [pool-27-thread-1] INFO  impl.RoleInfo (RoleInfo.java:updateAndGet(143)) - da20f580-5b10-4303-a8d6-74672b88192d: start FollowerState
2019-09-12 10:52:59,998 [pool-27-thread-1] INFO  util.JmxRegister (JmxRegister.java:tryRegister(44)) - Successfully registered JMX Bean with object name Ratis:service=RaftServer,group=group-C5409F144083,id=da20f580-5b10-4303-a8d6-74672b88192d
2019-09-12 10:53:00,021 [RatisPipelineUtilsThread] INFO  pipeline.PipelineStateManager (PipelineStateManager.java:addPipeline(56)) - Created pipeline Pipeline[ Id: 24bdc074-dd1d-4d22-b51a-c5409f144083, Nodes: da20f580-5b10-4303-a8d6-74672b88192d{ip: 192.168.157.195, host: pr-hdds-1569-xtfnx-3545843844, networkLocation: /default-rack, certSerialId: null}, Type:RATIS, Factor:ONE, State:OPEN]
2019-09-12 10:53:00,038 [grpc-default-executor-0] INFO  impl.RaftServerProxy (RaftServerProxy.java:addNew(89)) - 3aa8f21e-cbc0-493e-b8ca-fbb3b21697d5: addNew group-C4A7EAA2225E:[3aa8f21e-cbc0-493e-b8ca-fbb3b21697d5:192.168.157.195:34525] returns group-C4A7EAA2225E:java.util.concurrent.CompletableFuture@2a1305a6[Not completed]
2019-09-12 10:53:00,042 [pool-82-thread-1] INFO  impl.RaftServerImpl (RaftServerImpl.java:<init>(93)) - 3aa8f21e-cbc0-493e-b8ca-fbb3b21697d5: new RaftServerImpl for group-C4A7EAA2225E:[3aa8f21e-cbc0-493e-b8ca-fbb3b21697d5:192.168.157.195:34525] with ContainerStateMachine:uninitialized
2019-09-12 10:53:00,043 [pool-82-thread-1] INFO  server.RaftServerConfigKeys (ConfUtils.java:logGet(43)) - raft.server.rpc.timeout.min = 1s (custom)
2019-09-12 10:53:00,043 [pool-82-thread-1] INFO  server.RaftServerConfigKeys (ConfUtils.java:logGet(43)) - raft.server.rpc.timeout.max = 1200ms (custom)
2019-09-12 10:53:00,043 [pool-82-thread-1] INFO  server.RaftServerConfigKeys (ConfUtils.java:logGet(43)) - raft.server.rpcslowness.timeout = 120s (custom)
2019-09-12 10:53:00,043 [pool-82-thread-1] INFO  server.RaftServerConfigKeys (ConfUtils.java:logGet(43)) - raft.server.sleep.deviation.threshold = 300 (default)
2019-09-12 10:53:00,043 [pool-82-thread-1] INFO  server.RaftServerConfigKeys (ConfUtils.java:logGet(43)) - raft.server.log.appender.install.snapshot.enabled = false (custom)
2019-09-12 10:53:00,044 [pool-82-thread-1] INFO  impl.RaftServerImpl (ServerState.java:<init>(105)) - 3aa8f21e-cbc0-493e-b8ca-fbb3b21697d5:group-C4A7EAA2225E ConfigurationManager, init=-1: [3aa8f21e-cbc0-493e-b8ca-fbb3b21697d5:192.168.157.195:34525], old=null, confs=<EMPTY_MAP>
2019-09-12 10:53:00,044 [pool-82-thread-1] INFO  server.RaftServerConfigKeys (ConfUtils.java:logGet(43)) - raft.server.storage.dir = [/workdir/hadoop-ozone/integration-test/target/test-dir/MiniOzoneClusterImpl-838a7ec2-4afb-4d68-8138-46fa65bc7e11/datanode-5/data/ratis] (custom)
2019-09-12 10:53:00,044 [pool-82-thread-1] INFO  storage.RaftStorageDirectory (RaftStorageDirectory.java:analyzeStorage(246)) - The storage directory /workdir/hadoop-ozone/integration-test/target/test-dir/MiniOzoneClusterImpl-838a7ec2-4afb-4d68-8138-46fa65bc7e11/datanode-5/data/ratis/62e99d04-8fa4-4b00-b01e-c4a7eaa2225e does not exist. Creating ...
2019-09-12 10:53:00,056 [pool-82-thread-1] INFO  storage.RaftStorageDirectory (RaftStorageDirectory.java:tryLock(328)) - Lock on /workdir/hadoop-ozone/integration-test/target/test-dir/MiniOzoneClusterImpl-838a7ec2-4afb-4d68-8138-46fa65bc7e11/datanode-5/data/ratis/62e99d04-8fa4-4b00-b01e-c4a7eaa2225e/in_use.lock acquired by nodename 620@pr-hdds-1569-xtfnx-3545843844
2019-09-12 10:53:00,069 [pool-82-thread-1] INFO  storage.RaftStorage (RaftStorage.java:format(72)) - Storage directory /workdir/hadoop-ozone/integration-test/target/test-dir/MiniOzoneClusterImpl-838a7ec2-4afb-4d68-8138-46fa65bc7e11/datanode-5/data/ratis/62e99d04-8fa4-4b00-b01e-c4a7eaa2225e has been successfully formatted.
2019-09-12 10:53:00,069 [pool-82-thread-1] INFO  ratis.ContainerStateMachine (ContainerStateMachine.java:loadSnapshot(226)) - group-C4A7EAA2225E: The snapshot info is null. Setting the last applied indexto:(t:0, i:~)
2019-09-12 10:53:00,070 [pool-82-thread-1] INFO  server.RaftServerConfigKeys (ConfUtils.java:logGet(43)) - raft.server.leader.election.timeout = 120s (custom)
2019-09-12 10:53:00,070 [pool-82-thread-1] INFO  server.RaftServerConfigKeys (ConfUtils.java:logGet(43)) - raft.server.log.use.memory = false (default)
2019-09-12 10:53:00,070 [pool-82-thread-1] INFO  server.RaftServerConfigKeys (ConfUtils.java:logGet(43)) - raft.server.log.purge.gap = 1000000 (custom)
2019-09-12 10:53:00,070 [pool-82-thread-1] INFO  server.RaftServerConfigKeys (ConfUtils.java:logGet(43)) - raft.server.log.appender.buffer.byte-limit = 33554432 (custom)
2019-09-12 10:53:00,071 [pool-82-thread-1] INFO  server.RaftServerConfigKeys (ConfUtils.java:logGet(43)) - raft.server.log.segment.size.max = 1048576 (custom)
2019-09-12 10:53:00,071 [pool-82-thread-1] INFO  server.RaftServerConfigKeys (ConfUtils.java:logGet(43)) - raft.server.log.segment.cache.num.max = 2 (custom)
2019-09-12 10:53:00,071 [pool-82-thread-1] INFO  segmented.SegmentedRaftLogWorker (SegmentedRaftLogWorker.java:<init>(172)) - new 3aa8f21e-cbc0-493e-b8ca-fbb3b21697d5-SegmentedRaftLogWorker:Storage Directory /workdir/hadoop-ozone/integration-test/target/test-dir/MiniOzoneClusterImpl-838a7ec2-4afb-4d68-8138-46fa65bc7e11/datanode-5/data/ratis/62e99d04-8fa4-4b00-b01e-c4a7eaa2225e for RaftStorage:Storage Directory /workdir/hadoop-ozone/integration-test/target/test-dir/MiniOzoneClusterImpl-838a7ec2-4afb-4d68-8138-46fa65bc7e11/datanode-5/data/ratis/62e99d04-8fa4-4b00-b01e-c4a7eaa2225e
2019-09-12 10:53:00,071 [pool-82-thread-1] INFO  server.RaftServerConfigKeys (ConfUtils.java:logGet(43)) - raft.server.log.queue.byte-limit = 2147483647 (custom)
2019-09-12 10:53:00,072 [pool-82-thread-1] INFO  server.RaftServerConfigKeys (ConfUtils.java:logGet(43)) - raft.server.log.queue.element-limit = 1024 (custom)
2019-09-12 10:53:00,072 [pool-82-thread-1] INFO  server.RaftServerConfigKeys (ConfUtils.java:logGet(43)) - raft.server.log.segment.size.max = 1048576 (custom)
2019-09-12 10:53:00,072 [pool-82-thread-1] INFO  server.RaftServerConfigKeys (ConfUtils.java:logGet(43)) - raft.server.log.preallocated.size = 16384 (custom)
2019-09-12 10:53:00,072 [pool-82-thread-1] INFO  server.RaftServerConfigKeys (ConfUtils.java:logGet(43)) - raft.server.log.write.buffer.size = 33554432 (custom)
2019-09-12 10:53:00,073 [pool-82-thread-1] INFO  server.RaftServerConfigKeys (ConfUtils.java:logGet(43)) - raft.server.log.force.sync.num = 128 (default)
2019-09-12 10:53:00,073 [pool-82-thread-1] INFO  server.RaftServerConfigKeys (ConfUtils.java:logGet(43)) - raft.server.log.statemachine.data.sync = true (default)
2019-09-12 10:53:00,073 [pool-82-thread-1] INFO  server.RaftServerConfigKeys (ConfUtils.java:logGet(43)) - raft.server.log.statemachine.data.sync.timeout = 10s (default)
2019-09-12 10:53:00,073 [pool-82-thread-1] INFO  server.RaftServerConfigKeys (ConfUtils.java:logGet(43)) - raft.server.log.statemachine.data.sync.timeout.retry = -1 (default)
2019-09-12 10:53:00,074 [pool-82-thread-1] INFO  server.RaftServerConfigKeys (ConfUtils.java:logGet(43)) - raft.server.log.statemachine.data.caching.enabled = true (custom)
2019-09-12 10:53:00,074 [pool-82-thread-1] INFO  segmented.SegmentedRaftLogWorker (SegmentedRaftLogWorker.java:lambda$new$0(132)) - 3aa8f21e-cbc0-493e-b8ca-fbb3b21697d5-SegmentedRaftLogWorker:Storage Directory /workdir/hadoop-ozone/integration-test/target/test-dir/MiniOzoneClusterImpl-838a7ec2-4afb-4d68-8138-46fa65bc7e11/datanode-5/data/ratis/62e99d04-8fa4-4b00-b01e-c4a7eaa2225e: flushIndex: setUnconditionally 0 -> -1
2019-09-12 10:53:00,075 [pool-82-thread-1] INFO  server.RaftServerConfigKeys (ConfUtils.java:logGet(43)) - raft.server.snapshot.auto.trigger.enabled = true (custom)
2019-09-12 10:53:00,075 [pool-82-thread-1] INFO  server.RaftServerConfigKeys (ConfUtils.java:logGet(43)) - raft.server.snapshot.auto.trigger.threshold = 10000 (custom)
2019-09-12 10:53:00,075 [pool-82-thread-1] INFO  server.RaftServerConfigKeys (ConfUtils.java:logGet(43)) - raft.server.retrycache.expirytime = 600000ms (custom)
2019-09-12 10:53:00,076 [pool-82-thread-1] INFO  impl.RaftServerImpl (RaftServerImpl.java:start(180)) - 3aa8f21e-cbc0-493e-b8ca-fbb3b21697d5: start group-C4A7EAA2225E
2019-09-12 10:53:00,076 [pool-82-thread-1] INFO  impl.RaftServerImpl (RaftServerImpl.java:setRole(171)) - 3aa8f21e-cbc0-493e-b8ca-fbb3b21697d5:group-C4A7EAA2225E changes role from null to FOLLOWER at term 0 for startAsFollower
2019-09-12 10:53:00,076 [pool-82-thread-1] INFO  impl.RoleInfo (RoleInfo.java:updateAndGet(143)) - 3aa8f21e-cbc0-493e-b8ca-fbb3b21697d5: start FollowerState
2019-09-12 10:53:00,077 [pool-82-thread-1] INFO  util.JmxRegister (JmxRegister.java:tryRegister(44)) - Successfully registered JMX Bean with object name Ratis:service=RaftServer,group=group-C4A7EAA2225E,id=3aa8f21e-cbc0-493e-b8ca-fbb3b21697d5
2019-09-12 10:53:00,089 [RatisPipelineUtilsThread] INFO  pipeline.PipelineStateManager (PipelineStateManager.java:addPipeline(56)) - Created pipeline Pipeline[ Id: 62e99d04-8fa4-4b00-b01e-c4a7eaa2225e, Nodes: 3aa8f21e-cbc0-493e-b8ca-fbb3b21697d5{ip: 192.168.157.195, host: pr-hdds-1569-xtfnx-3545843844, networkLocation: /default-rack, certSerialId: null}, Type:RATIS, Factor:ONE, State:OPEN]
2019-09-12 10:53:00,102 [IPC Server handler 19 on 36029] INFO  net.NetworkTopology (NetworkTopologyImpl.java:add(110)) - Added a new node: /default-rack/c17d4de2-caaf-4ec0-b997-c9cf8b2a9041
2019-09-12 10:53:00,103 [IPC Server handler 19 on 36029] INFO  node.SCMNodeManager (SCMNodeManager.java:register(273)) - Registered Data node : c17d4de2-caaf-4ec0-b997-c9cf8b2a9041{ip: 192.168.157.195, host: pr-hdds-1569-xtfnx-3545843844, networkLocation: /default-rack, certSerialId: null}
2019-09-12 10:53:00,103 | INFO  | SCMAudit | user=jenkins1000 | ip=192.168.157.195 | op=REGISTER {datanodeDetails=c17d4de2-caaf-4ec0-b997-c9cf8b2a9041{ip: 192.168.157.195, host: pr-hdds-1569-xtfnx-3545843844, networkLocation: /default-rack, certSerialId: null}} | ret=SUCCESS |  
2019-09-12 10:53:00,108 [grpc-default-executor-0] INFO  impl.RaftServerProxy (RaftServerProxy.java:addNew(89)) - 9dc3d9e1-35df-4da5-a2c1-5b39dd910295: addNew group-19670A01408F:[9dc3d9e1-35df-4da5-a2c1-5b39dd910295:192.168.157.195:42873] returns group-19670A01408F:java.util.concurrent.CompletableFuture@610d15ac[Not completed]
2019-09-12 10:53:00,112 [pool-38-thread-1] INFO  impl.RaftServerImpl (RaftServerImpl.java:<init>(93)) - 9dc3d9e1-35df-4da5-a2c1-5b39dd910295: new RaftServerImpl for group-19670A01408F:[9dc3d9e1-35df-4da5-a2c1-5b39dd910295:192.168.157.195:42873] with ContainerStateMachine:uninitialized
2019-09-12 10:53:00,112 [pool-38-thread-1] INFO  server.RaftServerConfigKeys (ConfUtils.java:logGet(43)) - raft.server.rpc.timeout.min = 1s (custom)
2019-09-12 10:53:00,112 [pool-38-thread-1] INFO  server.RaftServerConfigKeys (ConfUtils.java:logGet(43)) - raft.server.rpc.timeout.max = 1200ms (custom)
2019-09-12 10:53:00,112 [pool-38-thread-1] INFO  server.RaftServerConfigKeys (ConfUtils.java:logGet(43)) - raft.server.rpcslowness.timeout = 120s (custom)
2019-09-12 10:53:00,112 [pool-38-thread-1] INFO  server.RaftServerConfigKeys (ConfUtils.java:logGet(43)) - raft.server.sleep.deviation.threshold = 300 (default)
2019-09-12 10:53:00,112 [pool-38-thread-1] INFO  server.RaftServerConfigKeys (ConfUtils.java:logGet(43)) - raft.server.log.appender.install.snapshot.enabled = false (custom)
2019-09-12 10:53:00,112 [pool-38-thread-1] INFO  impl.RaftServerImpl (ServerState.java:<init>(105)) - 9dc3d9e1-35df-4da5-a2c1-5b39dd910295:group-19670A01408F ConfigurationManager, init=-1: [9dc3d9e1-35df-4da5-a2c1-5b39dd910295:192.168.157.195:42873], old=null, confs=<EMPTY_MAP>
2019-09-12 10:53:00,113 [pool-38-thread-1] INFO  server.RaftServerConfigKeys (ConfUtils.java:logGet(43)) - raft.server.storage.dir = [/workdir/hadoop-ozone/integration-test/target/test-dir/MiniOzoneClusterImpl-838a7ec2-4afb-4d68-8138-46fa65bc7e11/datanode-1/data/ratis] (custom)
2019-09-12 10:53:00,113 [pool-38-thread-1] INFO  storage.RaftStorageDirectory (RaftStorageDirectory.java:analyzeStorage(246)) - The storage directory /workdir/hadoop-ozone/integration-test/target/test-dir/MiniOzoneClusterImpl-838a7ec2-4afb-4d68-8138-46fa65bc7e11/datanode-1/data/ratis/e06c43e5-6adb-454b-8589-19670a01408f does not exist. Creating ...
2019-09-12 10:53:00,126 [pool-38-thread-1] INFO  storage.RaftStorageDirectory (RaftStorageDirectory.java:tryLock(328)) - Lock on /workdir/hadoop-ozone/integration-test/target/test-dir/MiniOzoneClusterImpl-838a7ec2-4afb-4d68-8138-46fa65bc7e11/datanode-1/data/ratis/e06c43e5-6adb-454b-8589-19670a01408f/in_use.lock acquired by nodename 620@pr-hdds-1569-xtfnx-3545843844
2019-09-12 10:53:00,140 | INFO  | SCMAudit | user=jenkins1000 | ip=192.168.157.195 | op=SEND_HEARTBEAT {datanodeUUID=da20f580-5b10-4303-a8d6-74672b88192d, command=[]} | ret=SUCCESS |  
2019-09-12 10:53:00,145 [pool-38-thread-1] INFO  storage.RaftStorage (RaftStorage.java:format(72)) - Storage directory /workdir/hadoop-ozone/integration-test/target/test-dir/MiniOzoneClusterImpl-838a7ec2-4afb-4d68-8138-46fa65bc7e11/datanode-1/data/ratis/e06c43e5-6adb-454b-8589-19670a01408f has been successfully formatted.
2019-09-12 10:53:00,145 [pool-38-thread-1] INFO  ratis.ContainerStateMachine (ContainerStateMachine.java:loadSnapshot(226)) - group-19670A01408F: The snapshot info is null. Setting the last applied indexto:(t:0, i:~)
2019-09-12 10:53:00,145 [pool-38-thread-1] INFO  server.RaftServerConfigKeys (ConfUtils.java:logGet(43)) - raft.server.leader.election.timeout = 120s (custom)
2019-09-12 10:53:00,145 [pool-38-thread-1] INFO  server.RaftServerConfigKeys (ConfUtils.java:logGet(43)) - raft.server.log.use.memory = false (default)
2019-09-12 10:53:00,146 [pool-38-thread-1] INFO  server.RaftServerConfigKeys (ConfUtils.java:logGet(43)) - raft.server.log.purge.gap = 1000000 (custom)
2019-09-12 10:53:00,146 [pool-38-thread-1] INFO  server.RaftServerConfigKeys (ConfUtils.java:logGet(43)) - raft.server.log.appender.buffer.byte-limit = 33554432 (custom)
2019-09-12 10:53:00,146 [pool-38-thread-1] INFO  server.RaftServerConfigKeys (ConfUtils.java:logGet(43)) - raft.server.log.segment.size.max = 1048576 (custom)
2019-09-12 10:53:00,146 [pool-38-thread-1] INFO  server.RaftServerConfigKeys (ConfUtils.java:logGet(43)) - raft.server.log.segment.cache.num.max = 2 (custom)
2019-09-12 10:53:00,146 [pool-38-thread-1] INFO  segmented.SegmentedRaftLogWorker (SegmentedRaftLogWorker.java:<init>(172)) - new 9dc3d9e1-35df-4da5-a2c1-5b39dd910295-SegmentedRaftLogWorker:Storage Directory /workdir/hadoop-ozone/integration-test/target/test-dir/MiniOzoneClusterImpl-838a7ec2-4afb-4d68-8138-46fa65bc7e11/datanode-1/data/ratis/e06c43e5-6adb-454b-8589-19670a01408f for RaftStorage:Storage Directory /workdir/hadoop-ozone/integration-test/target/test-dir/MiniOzoneClusterImpl-838a7ec2-4afb-4d68-8138-46fa65bc7e11/datanode-1/data/ratis/e06c43e5-6adb-454b-8589-19670a01408f
2019-09-12 10:53:00,146 [pool-38-thread-1] INFO  server.RaftServerConfigKeys (ConfUtils.java:logGet(43)) - raft.server.log.queue.byte-limit = 2147483647 (custom)
2019-09-12 10:53:00,146 [pool-38-thread-1] INFO  server.RaftServerConfigKeys (ConfUtils.java:logGet(43)) - raft.server.log.queue.element-limit = 1024 (custom)
2019-09-12 10:53:00,147 [pool-38-thread-1] INFO  server.RaftServerConfigKeys (ConfUtils.java:logGet(43)) - raft.server.log.segment.size.max = 1048576 (custom)
2019-09-12 10:53:00,147 [pool-38-thread-1] INFO  server.RaftServerConfigKeys (ConfUtils.java:logGet(43)) - raft.server.log.preallocated.size = 16384 (custom)
2019-09-12 10:53:00,147 [pool-38-thread-1] INFO  server.RaftServerConfigKeys (ConfUtils.java:logGet(43)) - raft.server.log.write.buffer.size = 33554432 (custom)
2019-09-12 10:53:00,147 [pool-38-thread-1] INFO  server.RaftServerConfigKeys (ConfUtils.java:logGet(43)) - raft.server.log.force.sync.num = 128 (default)
2019-09-12 10:53:00,147 [pool-38-thread-1] INFO  server.RaftServerConfigKeys (ConfUtils.java:logGet(43)) - raft.server.log.statemachine.data.sync = true (default)
2019-09-12 10:53:00,147 [pool-38-thread-1] INFO  server.RaftServerConfigKeys (ConfUtils.java:logGet(43)) - raft.server.log.statemachine.data.sync.timeout = 10s (default)
2019-09-12 10:53:00,147 [pool-38-thread-1] INFO  server.RaftServerConfigKeys (ConfUtils.java:logGet(43)) - raft.server.log.statemachine.data.sync.timeout.retry = -1 (default)
2019-09-12 10:53:00,148 [pool-38-thread-1] INFO  server.RaftServerConfigKeys (ConfUtils.java:logGet(43)) - raft.server.log.statemachine.data.caching.enabled = true (custom)
2019-09-12 10:53:00,148 [pool-38-thread-1] INFO  segmented.SegmentedRaftLogWorker (SegmentedRaftLogWorker.java:lambda$new$0(132)) - 9dc3d9e1-35df-4da5-a2c1-5b39dd910295-SegmentedRaftLogWorker:Storage Directory /workdir/hadoop-ozone/integration-test/target/test-dir/MiniOzoneClusterImpl-838a7ec2-4afb-4d68-8138-46fa65bc7e11/datanode-1/data/ratis/e06c43e5-6adb-454b-8589-19670a01408f: flushIndex: setUnconditionally 0 -> -1
2019-09-12 10:53:00,148 [pool-38-thread-1] INFO  server.RaftServerConfigKeys (ConfUtils.java:logGet(43)) - raft.server.snapshot.auto.trigger.enabled = true (custom)
2019-09-12 10:53:00,148 [pool-38-thread-1] INFO  server.RaftServerConfigKeys (ConfUtils.java:logGet(43)) - raft.server.snapshot.auto.trigger.threshold = 10000 (custom)
2019-09-12 10:53:00,148 [pool-38-thread-1] INFO  server.RaftServerConfigKeys (ConfUtils.java:logGet(43)) - raft.server.retrycache.expirytime = 600000ms (custom)
2019-09-12 10:53:00,149 [pool-38-thread-1] INFO  impl.RaftServerImpl (RaftServerImpl.java:start(180)) - 9dc3d9e1-35df-4da5-a2c1-5b39dd910295: start group-19670A01408F
2019-09-12 10:53:00,149 [pool-38-thread-1] INFO  impl.RaftServerImpl (RaftServerImpl.java:setRole(171)) - 9dc3d9e1-35df-4da5-a2c1-5b39dd910295:group-19670A01408F changes role from null to FOLLOWER at term 0 for startAsFollower
2019-09-12 10:53:00,149 [pool-38-thread-1] INFO  impl.RoleInfo (RoleInfo.java:updateAndGet(143)) - 9dc3d9e1-35df-4da5-a2c1-5b39dd910295: start FollowerState
2019-09-12 10:53:00,149 [pool-38-thread-1] INFO  util.JmxRegister (JmxRegister.java:tryRegister(44)) - Successfully registered JMX Bean with object name Ratis:service=RaftServer,group=group-19670A01408F,id=9dc3d9e1-35df-4da5-a2c1-5b39dd910295
2019-09-12 10:53:00,161 [RatisPipelineUtilsThread] INFO  pipeline.PipelineStateManager (PipelineStateManager.java:addPipeline(56)) - Created pipeline Pipeline[ Id: e06c43e5-6adb-454b-8589-19670a01408f, Nodes: 9dc3d9e1-35df-4da5-a2c1-5b39dd910295{ip: 192.168.157.195, host: pr-hdds-1569-xtfnx-3545843844, networkLocation: /default-rack, certSerialId: null}, Type:RATIS, Factor:ONE, State:OPEN]
2019-09-12 10:53:00,178 [grpc-default-executor-0] INFO  impl.RaftServerProxy (RaftServerProxy.java:addNew(89)) - 3aa8f21e-cbc0-493e-b8ca-fbb3b21697d5: addNew group-1B70AA8355DA:[3aa8f21e-cbc0-493e-b8ca-fbb3b21697d5:192.168.157.195:34525] returns group-1B70AA8355DA:java.util.concurrent.CompletableFuture@2ab4f62b[Not completed]
2019-09-12 10:53:00,180 [pool-82-thread-1] INFO  impl.RaftServerImpl (RaftServerImpl.java:<init>(93)) - 3aa8f21e-cbc0-493e-b8ca-fbb3b21697d5: new RaftServerImpl for group-1B70AA8355DA:[3aa8f21e-cbc0-493e-b8ca-fbb3b21697d5:192.168.157.195:34525] with ContainerStateMachine:uninitialized
2019-09-12 10:53:00,180 [pool-82-thread-1] INFO  server.RaftServerConfigKeys (ConfUtils.java:logGet(43)) - raft.server.rpc.timeout.min = 1s (custom)
2019-09-12 10:53:00,180 [pool-82-thread-1] INFO  server.RaftServerConfigKeys (ConfUtils.java:logGet(43)) - raft.server.rpc.timeout.max = 1200ms (custom)
2019-09-12 10:53:00,180 [pool-82-thread-1] INFO  server.RaftServerConfigKeys (ConfUtils.java:logGet(43)) - raft.server.rpcslowness.timeout = 120s (custom)
2019-09-12 10:53:00,180 [pool-82-thread-1] INFO  server.RaftServerConfigKeys (ConfUtils.java:logGet(43)) - raft.server.sleep.deviation.threshold = 300 (default)
2019-09-12 10:53:00,181 [pool-82-thread-1] INFO  server.RaftServerConfigKeys (ConfUtils.java:logGet(43)) - raft.server.log.appender.install.snapshot.enabled = false (custom)
2019-09-12 10:53:00,181 [pool-82-thread-1] INFO  impl.RaftServerImpl (ServerState.java:<init>(105)) - 3aa8f21e-cbc0-493e-b8ca-fbb3b21697d5:group-1B70AA8355DA ConfigurationManager, init=-1: [3aa8f21e-cbc0-493e-b8ca-fbb3b21697d5:192.168.157.195:34525], old=null, confs=<EMPTY_MAP>
2019-09-12 10:53:00,181 [pool-82-thread-1] INFO  server.RaftServerConfigKeys (ConfUtils.java:logGet(43)) - raft.server.storage.dir = [/workdir/hadoop-ozone/integration-test/target/test-dir/MiniOzoneClusterImpl-838a7ec2-4afb-4d68-8138-46fa65bc7e11/datanode-5/data/ratis] (custom)
2019-09-12 10:53:00,181 [pool-82-thread-1] INFO  storage.RaftStorageDirectory (RaftStorageDirectory.java:analyzeStorage(246)) - The storage directory /workdir/hadoop-ozone/integration-test/target/test-dir/MiniOzoneClusterImpl-838a7ec2-4afb-4d68-8138-46fa65bc7e11/datanode-5/data/ratis/60145ef4-8100-4150-9701-1b70aa8355da does not exist. Creating ...
2019-09-12 10:53:00,195 [pool-82-thread-1] INFO  storage.RaftStorageDirectory (RaftStorageDirectory.java:tryLock(328)) - Lock on /workdir/hadoop-ozone/integration-test/target/test-dir/MiniOzoneClusterImpl-838a7ec2-4afb-4d68-8138-46fa65bc7e11/datanode-5/data/ratis/60145ef4-8100-4150-9701-1b70aa8355da/in_use.lock acquired by nodename 620@pr-hdds-1569-xtfnx-3545843844
2019-09-12 10:53:00,208 [pool-82-thread-1] INFO  storage.RaftStorage (RaftStorage.java:format(72)) - Storage directory /workdir/hadoop-ozone/integration-test/target/test-dir/MiniOzoneClusterImpl-838a7ec2-4afb-4d68-8138-46fa65bc7e11/datanode-5/data/ratis/60145ef4-8100-4150-9701-1b70aa8355da has been successfully formatted.
2019-09-12 10:53:00,209 [pool-82-thread-1] INFO  ratis.ContainerStateMachine (ContainerStateMachine.java:loadSnapshot(226)) - group-1B70AA8355DA: The snapshot info is null. Setting the last applied indexto:(t:0, i:~)
2019-09-12 10:53:00,209 [pool-82-thread-1] INFO  server.RaftServerConfigKeys (ConfUtils.java:logGet(43)) - raft.server.leader.election.timeout = 120s (custom)
2019-09-12 10:53:00,209 [pool-82-thread-1] INFO  server.RaftServerConfigKeys (ConfUtils.java:logGet(43)) - raft.server.log.use.memory = false (default)
2019-09-12 10:53:00,210 [pool-82-thread-1] INFO  server.RaftServerConfigKeys (ConfUtils.java:logGet(43)) - raft.server.log.purge.gap = 1000000 (custom)
2019-09-12 10:53:00,210 [pool-82-thread-1] INFO  server.RaftServerConfigKeys (ConfUtils.java:logGet(43)) - raft.server.log.appender.buffer.byte-limit = 33554432 (custom)
2019-09-12 10:53:00,210 [pool-82-thread-1] INFO  server.RaftServerConfigKeys (ConfUtils.java:logGet(43)) - raft.server.log.segment.size.max = 1048576 (custom)
2019-09-12 10:53:00,210 [pool-82-thread-1] INFO  server.RaftServerConfigKeys (ConfUtils.java:logGet(43)) - raft.server.log.segment.cache.num.max = 2 (custom)
2019-09-12 10:53:00,210 [pool-82-thread-1] INFO  segmented.SegmentedRaftLogWorker (SegmentedRaftLogWorker.java:<init>(172)) - new 3aa8f21e-cbc0-493e-b8ca-fbb3b21697d5-SegmentedRaftLogWorker:Storage Directory /workdir/hadoop-ozone/integration-test/target/test-dir/MiniOzoneClusterImpl-838a7ec2-4afb-4d68-8138-46fa65bc7e11/datanode-5/data/ratis/60145ef4-8100-4150-9701-1b70aa8355da for RaftStorage:Storage Directory /workdir/hadoop-ozone/integration-test/target/test-dir/MiniOzoneClusterImpl-838a7ec2-4afb-4d68-8138-46fa65bc7e11/datanode-5/data/ratis/60145ef4-8100-4150-9701-1b70aa8355da
2019-09-12 10:53:00,211 [pool-82-thread-1] INFO  server.RaftServerConfigKeys (ConfUtils.java:logGet(43)) - raft.server.log.queue.byte-limit = 2147483647 (custom)
2019-09-12 10:53:00,211 [pool-82-thread-1] INFO  server.RaftServerConfigKeys (ConfUtils.java:logGet(43)) - raft.server.log.queue.element-limit = 1024 (custom)
2019-09-12 10:53:00,211 [pool-82-thread-1] INFO  server.RaftServerConfigKeys (ConfUtils.java:logGet(43)) - raft.server.log.segment.size.max = 1048576 (custom)
2019-09-12 10:53:00,211 [pool-82-thread-1] INFO  server.RaftServerConfigKeys (ConfUtils.java:logGet(43)) - raft.server.log.preallocated.size = 16384 (custom)
2019-09-12 10:53:00,212 [pool-82-thread-1] INFO  server.RaftServerConfigKeys (ConfUtils.java:logGet(43)) - raft.server.log.write.buffer.size = 33554432 (custom)
2019-09-12 10:53:00,212 [pool-82-thread-1] INFO  server.RaftServerConfigKeys (ConfUtils.java:logGet(43)) - raft.server.log.force.sync.num = 128 (default)
2019-09-12 10:53:00,212 [pool-82-thread-1] INFO  server.RaftServerConfigKeys (ConfUtils.java:logGet(43)) - raft.server.log.statemachine.data.sync = true (default)
2019-09-12 10:53:00,212 [pool-82-thread-1] INFO  server.RaftServerConfigKeys (ConfUtils.java:logGet(43)) - raft.server.log.statemachine.data.sync.timeout = 10s (default)
2019-09-12 10:53:00,212 [pool-82-thread-1] INFO  server.RaftServerConfigKeys (ConfUtils.java:logGet(43)) - raft.server.log.statemachine.data.sync.timeout.retry = -1 (default)
2019-09-12 10:53:00,213 [pool-82-thread-1] INFO  server.RaftServerConfigKeys (ConfUtils.java:logGet(43)) - raft.server.log.statemachine.data.caching.enabled = true (custom)
2019-09-12 10:53:00,213 [pool-82-thread-1] INFO  segmented.SegmentedRaftLogWorker (SegmentedRaftLogWorker.java:lambda$new$0(132)) - 3aa8f21e-cbc0-493e-b8ca-fbb3b21697d5-SegmentedRaftLogWorker:Storage Directory /workdir/hadoop-ozone/integration-test/target/test-dir/MiniOzoneClusterImpl-838a7ec2-4afb-4d68-8138-46fa65bc7e11/datanode-5/data/ratis/60145ef4-8100-4150-9701-1b70aa8355da: flushIndex: setUnconditionally 0 -> -1
2019-09-12 10:53:00,213 [pool-82-thread-1] INFO  server.RaftServerConfigKeys (ConfUtils.java:logGet(43)) - raft.server.snapshot.auto.trigger.enabled = true (custom)
2019-09-12 10:53:00,214 [pool-82-thread-1] INFO  server.RaftServerConfigKeys (ConfUtils.java:logGet(43)) - raft.server.snapshot.auto.trigger.threshold = 10000 (custom)
2019-09-12 10:53:00,214 [pool-82-thread-1] INFO  server.RaftServerConfigKeys (ConfUtils.java:logGet(43)) - raft.server.retrycache.expirytime = 600000ms (custom)
2019-09-12 10:53:00,214 [pool-82-thread-1] INFO  impl.RaftServerImpl (RaftServerImpl.java:start(180)) - 3aa8f21e-cbc0-493e-b8ca-fbb3b21697d5: start group-1B70AA8355DA
2019-09-12 10:53:00,214 [pool-82-thread-1] INFO  impl.RaftServerImpl (RaftServerImpl.java:setRole(171)) - 3aa8f21e-cbc0-493e-b8ca-fbb3b21697d5:group-1B70AA8355DA changes role from null to FOLLOWER at term 0 for startAsFollower
2019-09-12 10:53:00,215 [pool-82-thread-1] INFO  impl.RoleInfo (RoleInfo.java:updateAndGet(143)) - 3aa8f21e-cbc0-493e-b8ca-fbb3b21697d5: start FollowerState
2019-09-12 10:53:00,215 [pool-82-thread-1] INFO  util.JmxRegister (JmxRegister.java:tryRegister(44)) - Successfully registered JMX Bean with object name Ratis:service=RaftServer,group=group-1B70AA8355DA,id=3aa8f21e-cbc0-493e-b8ca-fbb3b21697d5
2019-09-12 10:53:00,237 [RatisPipelineUtilsThread] INFO  pipeline.PipelineStateManager (PipelineStateManager.java:addPipeline(56)) - Created pipeline Pipeline[ Id: 60145ef4-8100-4150-9701-1b70aa8355da, Nodes: 3aa8f21e-cbc0-493e-b8ca-fbb3b21697d5{ip: 192.168.157.195, host: pr-hdds-1569-xtfnx-3545843844, networkLocation: /default-rack, certSerialId: null}, Type:RATIS, Factor:ONE, State:OPEN]
2019-09-12 10:53:00,252 [grpc-default-executor-0] INFO  impl.RaftServerProxy (RaftServerProxy.java:addNew(89)) - da20f580-5b10-4303-a8d6-74672b88192d: addNew group-076991192578:[da20f580-5b10-4303-a8d6-74672b88192d:192.168.157.195:33557] returns group-076991192578:java.util.concurrent.CompletableFuture@305395c4[Not completed]
2019-09-12 10:53:00,254 [pool-27-thread-1] INFO  impl.RaftServerImpl (RaftServerImpl.java:<init>(93)) - da20f580-5b10-4303-a8d6-74672b88192d: new RaftServerImpl for group-076991192578:[da20f580-5b10-4303-a8d6-74672b88192d:192.168.157.195:33557] with ContainerStateMachine:uninitialized
2019-09-12 10:53:00,256 [pool-27-thread-1] INFO  server.RaftServerConfigKeys (ConfUtils.java:logGet(43)) - raft.server.rpc.timeout.min = 1s (custom)
2019-09-12 10:53:00,256 [pool-27-thread-1] INFO  server.RaftServerConfigKeys (ConfUtils.java:logGet(43)) - raft.server.rpc.timeout.max = 1200ms (custom)
2019-09-12 10:53:00,256 [pool-27-thread-1] INFO  server.RaftServerConfigKeys (ConfUtils.java:logGet(43)) - raft.server.rpcslowness.timeout = 120s (custom)
2019-09-12 10:53:00,256 [pool-27-thread-1] INFO  server.RaftServerConfigKeys (ConfUtils.java:logGet(43)) - raft.server.sleep.deviation.threshold = 300 (default)
2019-09-12 10:53:00,256 [pool-27-thread-1] INFO  server.RaftServerConfigKeys (ConfUtils.java:logGet(43)) - raft.server.log.appender.install.snapshot.enabled = false (custom)
2019-09-12 10:53:00,257 [pool-27-thread-1] INFO  impl.RaftServerImpl (ServerState.java:<init>(105)) - da20f580-5b10-4303-a8d6-74672b88192d:group-076991192578 ConfigurationManager, init=-1: [da20f580-5b10-4303-a8d6-74672b88192d:192.168.157.195:33557], old=null, confs=<EMPTY_MAP>
2019-09-12 10:53:00,257 [pool-27-thread-1] INFO  server.RaftServerConfigKeys (ConfUtils.java:logGet(43)) - raft.server.storage.dir = [/workdir/hadoop-ozone/integration-test/target/test-dir/MiniOzoneClusterImpl-838a7ec2-4afb-4d68-8138-46fa65bc7e11/datanode-0/data/ratis] (custom)
2019-09-12 10:53:00,257 [pool-27-thread-1] INFO  storage.RaftStorageDirectory (RaftStorageDirectory.java:analyzeStorage(246)) - The storage directory /workdir/hadoop-ozone/integration-test/target/test-dir/MiniOzoneClusterImpl-838a7ec2-4afb-4d68-8138-46fa65bc7e11/datanode-0/data/ratis/8456c8a0-a29b-4f78-b1e3-076991192578 does not exist. Creating ...
2019-09-12 10:53:00,270 [pool-27-thread-1] INFO  storage.RaftStorageDirectory (RaftStorageDirectory.java:tryLock(328)) - Lock on /workdir/hadoop-ozone/integration-test/target/test-dir/MiniOzoneClusterImpl-838a7ec2-4afb-4d68-8138-46fa65bc7e11/datanode-0/data/ratis/8456c8a0-a29b-4f78-b1e3-076991192578/in_use.lock acquired by nodename 620@pr-hdds-1569-xtfnx-3545843844
2019-09-12 10:53:00,285 [pool-27-thread-1] INFO  storage.RaftStorage (RaftStorage.java:format(72)) - Storage directory /workdir/hadoop-ozone/integration-test/target/test-dir/MiniOzoneClusterImpl-838a7ec2-4afb-4d68-8138-46fa65bc7e11/datanode-0/data/ratis/8456c8a0-a29b-4f78-b1e3-076991192578 has been successfully formatted.
2019-09-12 10:53:00,285 [pool-27-thread-1] INFO  ratis.ContainerStateMachine (ContainerStateMachine.java:loadSnapshot(226)) - group-076991192578: The snapshot info is null. Setting the last applied indexto:(t:0, i:~)
2019-09-12 10:53:00,285 [pool-27-thread-1] INFO  server.RaftServerConfigKeys (ConfUtils.java:logGet(43)) - raft.server.leader.election.timeout = 120s (custom)
2019-09-12 10:53:00,286 [pool-27-thread-1] INFO  server.RaftServerConfigKeys (ConfUtils.java:logGet(43)) - raft.server.log.use.memory = false (default)
2019-09-12 10:53:00,286 [pool-27-thread-1] INFO  server.RaftServerConfigKeys (ConfUtils.java:logGet(43)) - raft.server.log.purge.gap = 1000000 (custom)
2019-09-12 10:53:00,286 [pool-27-thread-1] INFO  server.RaftServerConfigKeys (ConfUtils.java:logGet(43)) - raft.server.log.appender.buffer.byte-limit = 33554432 (custom)
2019-09-12 10:53:00,286 [pool-27-thread-1] INFO  server.RaftServerConfigKeys (ConfUtils.java:logGet(43)) - raft.server.log.segment.size.max = 1048576 (custom)
2019-09-12 10:53:00,286 [pool-27-thread-1] INFO  server.RaftServerConfigKeys (ConfUtils.java:logGet(43)) - raft.server.log.segment.cache.num.max = 2 (custom)
2019-09-12 10:53:00,287 [pool-27-thread-1] INFO  segmented.SegmentedRaftLogWorker (SegmentedRaftLogWorker.java:<init>(172)) - new da20f580-5b10-4303-a8d6-74672b88192d-SegmentedRaftLogWorker:Storage Directory /workdir/hadoop-ozone/integration-test/target/test-dir/MiniOzoneClusterImpl-838a7ec2-4afb-4d68-8138-46fa65bc7e11/datanode-0/data/ratis/8456c8a0-a29b-4f78-b1e3-076991192578 for RaftStorage:Storage Directory /workdir/hadoop-ozone/integration-test/target/test-dir/MiniOzoneClusterImpl-838a7ec2-4afb-4d68-8138-46fa65bc7e11/datanode-0/data/ratis/8456c8a0-a29b-4f78-b1e3-076991192578
2019-09-12 10:53:00,287 [pool-27-thread-1] INFO  server.RaftServerConfigKeys (ConfUtils.java:logGet(43)) - raft.server.log.queue.byte-limit = 2147483647 (custom)
2019-09-12 10:53:00,287 [pool-27-thread-1] INFO  server.RaftServerConfigKeys (ConfUtils.java:logGet(43)) - raft.server.log.queue.element-limit = 1024 (custom)
2019-09-12 10:53:00,287 [pool-27-thread-1] INFO  server.RaftServerConfigKeys (ConfUtils.java:logGet(43)) - raft.server.log.segment.size.max = 1048576 (custom)
2019-09-12 10:53:00,287 [pool-27-thread-1] INFO  server.RaftServerConfigKeys (ConfUtils.java:logGet(43)) - raft.server.log.preallocated.size = 16384 (custom)
2019-09-12 10:53:00,288 [pool-27-thread-1] INFO  server.RaftServerConfigKeys (ConfUtils.java:logGet(43)) - raft.server.log.write.buffer.size = 33554432 (custom)
2019-09-12 10:53:00,288 [pool-27-thread-1] INFO  server.RaftServerConfigKeys (ConfUtils.java:logGet(43)) - raft.server.log.force.sync.num = 128 (default)
2019-09-12 10:53:00,288 [pool-27-thread-1] INFO  server.RaftServerConfigKeys (ConfUtils.java:logGet(43)) - raft.server.log.statemachine.data.sync = true (default)
2019-09-12 10:53:00,288 [pool-27-thread-1] INFO  server.RaftServerConfigKeys (ConfUtils.java:logGet(43)) - raft.server.log.statemachine.data.sync.timeout = 10s (default)
2019-09-12 10:53:00,289 [pool-27-thread-1] INFO  server.RaftServerConfigKeys (ConfUtils.java:logGet(43)) - raft.server.log.statemachine.data.sync.timeout.retry = -1 (default)
2019-09-12 10:53:00,289 [pool-27-thread-1] INFO  server.RaftServerConfigKeys (ConfUtils.java:logGet(43)) - raft.server.log.statemachine.data.caching.enabled = true (custom)
2019-09-12 10:53:00,290 [pool-27-thread-1] INFO  segmented.SegmentedRaftLogWorker (SegmentedRaftLogWorker.java:lambda$new$0(132)) - da20f580-5b10-4303-a8d6-74672b88192d-SegmentedRaftLogWorker:Storage Directory /workdir/hadoop-ozone/integration-test/target/test-dir/MiniOzoneClusterImpl-838a7ec2-4afb-4d68-8138-46fa65bc7e11/datanode-0/data/ratis/8456c8a0-a29b-4f78-b1e3-076991192578: flushIndex: setUnconditionally 0 -> -1
2019-09-12 10:53:00,290 [pool-27-thread-1] INFO  server.RaftServerConfigKeys (ConfUtils.java:logGet(43)) - raft.server.snapshot.auto.trigger.enabled = true (custom)
2019-09-12 10:53:00,290 [pool-27-thread-1] INFO  server.RaftServerConfigKeys (ConfUtils.java:logGet(43)) - raft.server.snapshot.auto.trigger.threshold = 10000 (custom)
2019-09-12 10:53:00,291 [pool-27-thread-1] INFO  server.RaftServerConfigKeys (ConfUtils.java:logGet(43)) - raft.server.retrycache.expirytime = 600000ms (custom)
2019-09-12 10:53:00,291 [pool-27-thread-1] INFO  impl.RaftServerImpl (RaftServerImpl.java:start(180)) - da20f580-5b10-4303-a8d6-74672b88192d: start group-076991192578
2019-09-12 10:53:00,291 [pool-27-thread-1] INFO  impl.RaftServerImpl (RaftServerImpl.java:setRole(171)) - da20f580-5b10-4303-a8d6-74672b88192d:group-076991192578 changes role from null to FOLLOWER at term 0 for startAsFollower
2019-09-12 10:53:00,291 [pool-27-thread-1] INFO  impl.RoleInfo (RoleInfo.java:updateAndGet(143)) - da20f580-5b10-4303-a8d6-74672b88192d: start FollowerState
2019-09-12 10:53:00,292 [pool-27-thread-1] INFO  util.JmxRegister (JmxRegister.java:tryRegister(44)) - Successfully registered JMX Bean with object name Ratis:service=RaftServer,group=group-076991192578,id=da20f580-5b10-4303-a8d6-74672b88192d
2019-09-12 10:53:00,305 [RatisPipelineUtilsThread] INFO  pipeline.PipelineStateManager (PipelineStateManager.java:addPipeline(56)) - Created pipeline Pipeline[ Id: 8456c8a0-a29b-4f78-b1e3-076991192578, Nodes: da20f580-5b10-4303-a8d6-74672b88192d{ip: 192.168.157.195, host: pr-hdds-1569-xtfnx-3545843844, networkLocation: /default-rack, certSerialId: null}, Type:RATIS, Factor:ONE, State:OPEN]
2019-09-12 10:53:00,309 [main] INFO  ozone.MiniOzoneClusterImpl (MiniOzoneClusterImpl.java:lambda$waitForClusterToBeReady$0(142)) - Waiting for cluster to be ready. Got 9 of 10 DN Heartbeats.
2019-09-12 10:53:00,310 [IPC Server handler 1 on 36029] INFO  net.NetworkTopology (NetworkTopologyImpl.java:add(110)) - Added a new node: /default-rack/02d2c735-5a91-4cfc-b37b-8234c14e6879
2019-09-12 10:53:00,310 [IPC Server handler 1 on 36029] INFO  node.SCMNodeManager (SCMNodeManager.java:register(273)) - Registered Data node : 02d2c735-5a91-4cfc-b37b-8234c14e6879{ip: 192.168.157.195, host: pr-hdds-1569-xtfnx-3545843844, networkLocation: /default-rack, certSerialId: null}
2019-09-12 10:53:00,310 | INFO  | SCMAudit | user=jenkins1000 | ip=192.168.157.195 | op=REGISTER {datanodeDetails=02d2c735-5a91-4cfc-b37b-8234c14e6879{ip: 192.168.157.195, host: pr-hdds-1569-xtfnx-3545843844, networkLocation: /default-rack, certSerialId: null}} | ret=SUCCESS |  
2019-09-12 10:53:00,323 [grpc-default-executor-0] INFO  impl.RaftServerProxy (RaftServerProxy.java:addNew(89)) - da20f580-5b10-4303-a8d6-74672b88192d: addNew group-0A3278521B0F:[da20f580-5b10-4303-a8d6-74672b88192d:192.168.157.195:33557] returns group-0A3278521B0F:java.util.concurrent.CompletableFuture@6611c6d4[Not completed]
2019-09-12 10:53:00,325 [pool-27-thread-1] INFO  impl.RaftServerImpl (RaftServerImpl.java:<init>(93)) - da20f580-5b10-4303-a8d6-74672b88192d: new RaftServerImpl for group-0A3278521B0F:[da20f580-5b10-4303-a8d6-74672b88192d:192.168.157.195:33557] with ContainerStateMachine:uninitialized
2019-09-12 10:53:00,325 [pool-27-thread-1] INFO  server.RaftServerConfigKeys (ConfUtils.java:logGet(43)) - raft.server.rpc.timeout.min = 1s (custom)
2019-09-12 10:53:00,325 [pool-27-thread-1] INFO  server.RaftServerConfigKeys (ConfUtils.java:logGet(43)) - raft.server.rpc.timeout.max = 1200ms (custom)
2019-09-12 10:53:00,325 [pool-27-thread-1] INFO  server.RaftServerConfigKeys (ConfUtils.java:logGet(43)) - raft.server.rpcslowness.timeout = 120s (custom)
2019-09-12 10:53:00,325 [pool-27-thread-1] INFO  server.RaftServerConfigKeys (ConfUtils.java:logGet(43)) - raft.server.sleep.deviation.threshold = 300 (default)
2019-09-12 10:53:00,325 [pool-27-thread-1] INFO  server.RaftServerConfigKeys (ConfUtils.java:logGet(43)) - raft.server.log.appender.install.snapshot.enabled = false (custom)
2019-09-12 10:53:00,326 [pool-27-thread-1] INFO  impl.RaftServerImpl (ServerState.java:<init>(105)) - da20f580-5b10-4303-a8d6-74672b88192d:group-0A3278521B0F ConfigurationManager, init=-1: [da20f580-5b10-4303-a8d6-74672b88192d:192.168.157.195:33557], old=null, confs=<EMPTY_MAP>
2019-09-12 10:53:00,326 [pool-27-thread-1] INFO  server.RaftServerConfigKeys (ConfUtils.java:logGet(43)) - raft.server.storage.dir = [/workdir/hadoop-ozone/integration-test/target/test-dir/MiniOzoneClusterImpl-838a7ec2-4afb-4d68-8138-46fa65bc7e11/datanode-0/data/ratis] (custom)
2019-09-12 10:53:00,326 [pool-27-thread-1] INFO  storage.RaftStorageDirectory (RaftStorageDirectory.java:analyzeStorage(246)) - The storage directory /workdir/hadoop-ozone/integration-test/target/test-dir/MiniOzoneClusterImpl-838a7ec2-4afb-4d68-8138-46fa65bc7e11/datanode-0/data/ratis/d4c39b10-4a04-4d75-8a11-0a3278521b0f does not exist. Creating ...
2019-09-12 10:53:00,339 [pool-27-thread-1] INFO  storage.RaftStorageDirectory (RaftStorageDirectory.java:tryLock(328)) - Lock on /workdir/hadoop-ozone/integration-test/target/test-dir/MiniOzoneClusterImpl-838a7ec2-4afb-4d68-8138-46fa65bc7e11/datanode-0/data/ratis/d4c39b10-4a04-4d75-8a11-0a3278521b0f/in_use.lock acquired by nodename 620@pr-hdds-1569-xtfnx-3545843844
2019-09-12 10:53:00,361 [pool-27-thread-1] INFO  storage.RaftStorage (RaftStorage.java:format(72)) - Storage directory /workdir/hadoop-ozone/integration-test/target/test-dir/MiniOzoneClusterImpl-838a7ec2-4afb-4d68-8138-46fa65bc7e11/datanode-0/data/ratis/d4c39b10-4a04-4d75-8a11-0a3278521b0f has been successfully formatted.
2019-09-12 10:53:00,362 [pool-27-thread-1] INFO  ratis.ContainerStateMachine (ContainerStateMachine.java:loadSnapshot(226)) - group-0A3278521B0F: The snapshot info is null. Setting the last applied indexto:(t:0, i:~)
2019-09-12 10:53:00,362 [pool-27-thread-1] INFO  server.RaftServerConfigKeys (ConfUtils.java:logGet(43)) - raft.server.leader.election.timeout = 120s (custom)
2019-09-12 10:53:00,362 [pool-27-thread-1] INFO  server.RaftServerConfigKeys (ConfUtils.java:logGet(43)) - raft.server.log.use.memory = false (default)
2019-09-12 10:53:00,362 [pool-27-thread-1] INFO  server.RaftServerConfigKeys (ConfUtils.java:logGet(43)) - raft.server.log.purge.gap = 1000000 (custom)
2019-09-12 10:53:00,363 [pool-27-thread-1] INFO  server.RaftServerConfigKeys (ConfUtils.java:logGet(43)) - raft.server.log.appender.buffer.byte-limit = 33554432 (custom)
2019-09-12 10:53:00,363 [pool-27-thread-1] INFO  server.RaftServerConfigKeys (ConfUtils.java:logGet(43)) - raft.server.log.segment.size.max = 1048576 (custom)
2019-09-12 10:53:00,363 [pool-27-thread-1] INFO  server.RaftServerConfigKeys (ConfUtils.java:logGet(43)) - raft.server.log.segment.cache.num.max = 2 (custom)
2019-09-12 10:53:00,363 [pool-27-thread-1] INFO  segmented.SegmentedRaftLogWorker (SegmentedRaftLogWorker.java:<init>(172)) - new da20f580-5b10-4303-a8d6-74672b88192d-SegmentedRaftLogWorker:Storage Directory /workdir/hadoop-ozone/integration-test/target/test-dir/MiniOzoneClusterImpl-838a7ec2-4afb-4d68-8138-46fa65bc7e11/datanode-0/data/ratis/d4c39b10-4a04-4d75-8a11-0a3278521b0f for RaftStorage:Storage Directory /workdir/hadoop-ozone/integration-test/target/test-dir/MiniOzoneClusterImpl-838a7ec2-4afb-4d68-8138-46fa65bc7e11/datanode-0/data/ratis/d4c39b10-4a04-4d75-8a11-0a3278521b0f
2019-09-12 10:53:00,363 [pool-27-thread-1] INFO  server.RaftServerConfigKeys (ConfUtils.java:logGet(43)) - raft.server.log.queue.byte-limit = 2147483647 (custom)
2019-09-12 10:53:00,363 [pool-27-thread-1] INFO  server.RaftServerConfigKeys (ConfUtils.java:logGet(43)) - raft.server.log.queue.element-limit = 1024 (custom)
2019-09-12 10:53:00,363 [pool-27-thread-1] INFO  server.RaftServerConfigKeys (ConfUtils.java:logGet(43)) - raft.server.log.segment.size.max = 1048576 (custom)
2019-09-12 10:53:00,364 [pool-27-thread-1] INFO  server.RaftServerConfigKeys (ConfUtils.java:logGet(43)) - raft.server.log.preallocated.size = 16384 (custom)
2019-09-12 10:53:00,364 [pool-27-thread-1] INFO  server.RaftServerConfigKeys (ConfUtils.java:logGet(43)) - raft.server.log.write.buffer.size = 33554432 (custom)
2019-09-12 10:53:00,364 [pool-27-thread-1] INFO  server.RaftServerConfigKeys (ConfUtils.java:logGet(43)) - raft.server.log.force.sync.num = 128 (default)
2019-09-12 10:53:00,364 [pool-27-thread-1] INFO  server.RaftServerConfigKeys (ConfUtils.java:logGet(43)) - raft.server.log.statemachine.data.sync = true (default)
2019-09-12 10:53:00,364 [pool-27-thread-1] INFO  server.RaftServerConfigKeys (ConfUtils.java:logGet(43)) - raft.server.log.statemachine.data.sync.timeout = 10s (default)
2019-09-12 10:53:00,364 [pool-27-thread-1] INFO  server.RaftServerConfigKeys (ConfUtils.java:logGet(43)) - raft.server.log.statemachine.data.sync.timeout.retry = -1 (default)
2019-09-12 10:53:00,365 [pool-27-thread-1] INFO  server.RaftServerConfigKeys (ConfUtils.java:logGet(43)) - raft.server.log.statemachine.data.caching.enabled = true (custom)
2019-09-12 10:53:00,365 [pool-27-thread-1] INFO  segmented.SegmentedRaftLogWorker (SegmentedRaftLogWorker.java:lambda$new$0(132)) - da20f580-5b10-4303-a8d6-74672b88192d-SegmentedRaftLogWorker:Storage Directory /workdir/hadoop-ozone/integration-test/target/test-dir/MiniOzoneClusterImpl-838a7ec2-4afb-4d68-8138-46fa65bc7e11/datanode-0/data/ratis/d4c39b10-4a04-4d75-8a11-0a3278521b0f: flushIndex: setUnconditionally 0 -> -1
2019-09-12 10:53:00,365 [pool-27-thread-1] INFO  server.RaftServerConfigKeys (ConfUtils.java:logGet(43)) - raft.server.snapshot.auto.trigger.enabled = true (custom)
2019-09-12 10:53:00,365 [pool-27-thread-1] INFO  server.RaftServerConfigKeys (ConfUtils.java:logGet(43)) - raft.server.snapshot.auto.trigger.threshold = 10000 (custom)
2019-09-12 10:53:00,366 [pool-27-thread-1] INFO  server.RaftServerConfigKeys (ConfUtils.java:logGet(43)) - raft.server.retrycache.expirytime = 600000ms (custom)
2019-09-12 10:53:00,366 [pool-27-thread-1] INFO  impl.RaftServerImpl (RaftServerImpl.java:start(180)) - da20f580-5b10-4303-a8d6-74672b88192d: start group-0A3278521B0F
2019-09-12 10:53:00,366 [pool-27-thread-1] INFO  impl.RaftServerImpl (RaftServerImpl.java:setRole(171)) - da20f580-5b10-4303-a8d6-74672b88192d:group-0A3278521B0F changes role from null to FOLLOWER at term 0 for startAsFollower
2019-09-12 10:53:00,366 [pool-27-thread-1] INFO  impl.RoleInfo (RoleInfo.java:updateAndGet(143)) - da20f580-5b10-4303-a8d6-74672b88192d: start FollowerState
2019-09-12 10:53:00,367 [pool-27-thread-1] INFO  util.JmxRegister (JmxRegister.java:tryRegister(44)) - Successfully registered JMX Bean with object name Ratis:service=RaftServer,group=group-0A3278521B0F,id=da20f580-5b10-4303-a8d6-74672b88192d
2019-09-12 10:53:00,386 | INFO  | SCMAudit | user=jenkins1000 | ip=192.168.157.195 | op=SEND_HEARTBEAT {datanodeUUID=9dc3d9e1-35df-4da5-a2c1-5b39dd910295, command=[]} | ret=SUCCESS |  
2019-09-12 10:53:00,386 [RatisPipelineUtilsThread] INFO  pipeline.PipelineStateManager (PipelineStateManager.java:addPipeline(56)) - Created pipeline Pipeline[ Id: d4c39b10-4a04-4d75-8a11-0a3278521b0f, Nodes: da20f580-5b10-4303-a8d6-74672b88192d{ip: 192.168.157.195, host: pr-hdds-1569-xtfnx-3545843844, networkLocation: /default-rack, certSerialId: null}, Type:RATIS, Factor:ONE, State:OPEN]
2019-09-12 10:53:00,410 [grpc-default-executor-0] INFO  impl.RaftServerProxy (RaftServerProxy.java:addNew(89)) - 250b6484-39fc-4c26-8a98-91f8d9b3befa: addNew group-336BF3CA7D95:[250b6484-39fc-4c26-8a98-91f8d9b3befa:192.168.157.195:34503] returns group-336BF3CA7D95:java.util.concurrent.CompletableFuture@21680735[Not completed]
2019-09-12 10:53:00,412 [pool-49-thread-1] INFO  impl.RaftServerImpl (RaftServerImpl.java:<init>(93)) - 250b6484-39fc-4c26-8a98-91f8d9b3befa: new RaftServerImpl for group-336BF3CA7D95:[250b6484-39fc-4c26-8a98-91f8d9b3befa:192.168.157.195:34503] with ContainerStateMachine:uninitialized
2019-09-12 10:53:00,412 [pool-49-thread-1] INFO  server.RaftServerConfigKeys (ConfUtils.java:logGet(43)) - raft.server.rpc.timeout.min = 1s (custom)
2019-09-12 10:53:00,412 [pool-49-thread-1] INFO  server.RaftServerConfigKeys (ConfUtils.java:logGet(43)) - raft.server.rpc.timeout.max = 1200ms (custom)
2019-09-12 10:53:00,412 [pool-49-thread-1] INFO  server.RaftServerConfigKeys (ConfUtils.java:logGet(43)) - raft.server.rpcslowness.timeout = 120s (custom)
2019-09-12 10:53:00,412 [pool-49-thread-1] INFO  server.RaftServerConfigKeys (ConfUtils.java:logGet(43)) - raft.server.sleep.deviation.threshold = 300 (default)
2019-09-12 10:53:00,412 [pool-49-thread-1] INFO  server.RaftServerConfigKeys (ConfUtils.java:logGet(43)) - raft.server.log.appender.install.snapshot.enabled = false (custom)
2019-09-12 10:53:00,412 [pool-49-thread-1] INFO  impl.RaftServerImpl (ServerState.java:<init>(105)) - 250b6484-39fc-4c26-8a98-91f8d9b3befa:group-336BF3CA7D95 ConfigurationManager, init=-1: [250b6484-39fc-4c26-8a98-91f8d9b3befa:192.168.157.195:34503], old=null, confs=<EMPTY_MAP>
2019-09-12 10:53:00,413 [pool-49-thread-1] INFO  server.RaftServerConfigKeys (ConfUtils.java:logGet(43)) - raft.server.storage.dir = [/workdir/hadoop-ozone/integration-test/target/test-dir/MiniOzoneClusterImpl-838a7ec2-4afb-4d68-8138-46fa65bc7e11/datanode-2/data/ratis] (custom)
2019-09-12 10:53:00,413 [pool-49-thread-1] INFO  storage.RaftStorageDirectory (RaftStorageDirectory.java:analyzeStorage(246)) - The storage directory /workdir/hadoop-ozone/integration-test/target/test-dir/MiniOzoneClusterImpl-838a7ec2-4afb-4d68-8138-46fa65bc7e11/datanode-2/data/ratis/949f596b-d69e-4538-911f-336bf3ca7d95 does not exist. Creating ...
2019-09-12 10:53:00,427 [pool-49-thread-1] INFO  storage.RaftStorageDirectory (RaftStorageDirectory.java:tryLock(328)) - Lock on /workdir/hadoop-ozone/integration-test/target/test-dir/MiniOzoneClusterImpl-838a7ec2-4afb-4d68-8138-46fa65bc7e11/datanode-2/data/ratis/949f596b-d69e-4538-911f-336bf3ca7d95/in_use.lock acquired by nodename 620@pr-hdds-1569-xtfnx-3545843844
2019-09-12 10:53:00,440 [pool-49-thread-1] INFO  storage.RaftStorage (RaftStorage.java:format(72)) - Storage directory /workdir/hadoop-ozone/integration-test/target/test-dir/MiniOzoneClusterImpl-838a7ec2-4afb-4d68-8138-46fa65bc7e11/datanode-2/data/ratis/949f596b-d69e-4538-911f-336bf3ca7d95 has been successfully formatted.
2019-09-12 10:53:00,440 [pool-49-thread-1] INFO  ratis.ContainerStateMachine (ContainerStateMachine.java:loadSnapshot(226)) - group-336BF3CA7D95: The snapshot info is null. Setting the last applied indexto:(t:0, i:~)
2019-09-12 10:53:00,440 [pool-49-thread-1] INFO  server.RaftServerConfigKeys (ConfUtils.java:logGet(43)) - raft.server.leader.election.timeout = 120s (custom)
2019-09-12 10:53:00,440 [pool-49-thread-1] INFO  server.RaftServerConfigKeys (ConfUtils.java:logGet(43)) - raft.server.log.use.memory = false (default)
2019-09-12 10:53:00,440 [pool-49-thread-1] INFO  server.RaftServerConfigKeys (ConfUtils.java:logGet(43)) - raft.server.log.purge.gap = 1000000 (custom)
2019-09-12 10:53:00,440 [pool-49-thread-1] INFO  server.RaftServerConfigKeys (ConfUtils.java:logGet(43)) - raft.server.log.appender.buffer.byte-limit = 33554432 (custom)
2019-09-12 10:53:00,441 [pool-49-thread-1] INFO  server.RaftServerConfigKeys (ConfUtils.java:logGet(43)) - raft.server.log.segment.size.max = 1048576 (custom)
2019-09-12 10:53:00,441 [pool-49-thread-1] INFO  server.RaftServerConfigKeys (ConfUtils.java:logGet(43)) - raft.server.log.segment.cache.num.max = 2 (custom)
2019-09-12 10:53:00,441 [pool-49-thread-1] INFO  segmented.SegmentedRaftLogWorker (SegmentedRaftLogWorker.java:<init>(172)) - new 250b6484-39fc-4c26-8a98-91f8d9b3befa-SegmentedRaftLogWorker:Storage Directory /workdir/hadoop-ozone/integration-test/target/test-dir/MiniOzoneClusterImpl-838a7ec2-4afb-4d68-8138-46fa65bc7e11/datanode-2/data/ratis/949f596b-d69e-4538-911f-336bf3ca7d95 for RaftStorage:Storage Directory /workdir/hadoop-ozone/integration-test/target/test-dir/MiniOzoneClusterImpl-838a7ec2-4afb-4d68-8138-46fa65bc7e11/datanode-2/data/ratis/949f596b-d69e-4538-911f-336bf3ca7d95
2019-09-12 10:53:00,441 [pool-49-thread-1] INFO  server.RaftServerConfigKeys (ConfUtils.java:logGet(43)) - raft.server.log.queue.byte-limit = 2147483647 (custom)
2019-09-12 10:53:00,441 [pool-49-thread-1] INFO  server.RaftServerConfigKeys (ConfUtils.java:logGet(43)) - raft.server.log.queue.element-limit = 1024 (custom)
2019-09-12 10:53:00,441 [pool-49-thread-1] INFO  server.RaftServerConfigKeys (ConfUtils.java:logGet(43)) - raft.server.log.segment.size.max = 1048576 (custom)
2019-09-12 10:53:00,441 [pool-49-thread-1] INFO  server.RaftServerConfigKeys (ConfUtils.java:logGet(43)) - raft.server.log.preallocated.size = 16384 (custom)
2019-09-12 10:53:00,441 [pool-49-thread-1] INFO  server.RaftServerConfigKeys (ConfUtils.java:logGet(43)) - raft.server.log.write.buffer.size = 33554432 (custom)
2019-09-12 10:53:00,442 [pool-49-thread-1] INFO  server.RaftServerConfigKeys (ConfUtils.java:logGet(43)) - raft.server.log.force.sync.num = 128 (default)
2019-09-12 10:53:00,442 [pool-49-thread-1] INFO  server.RaftServerConfigKeys (ConfUtils.java:logGet(43)) - raft.server.log.statemachine.data.sync = true (default)
2019-09-12 10:53:00,442 [pool-49-thread-1] INFO  server.RaftServerConfigKeys (ConfUtils.java:logGet(43)) - raft.server.log.statemachine.data.sync.timeout = 10s (default)
2019-09-12 10:53:00,442 [pool-49-thread-1] INFO  server.RaftServerConfigKeys (ConfUtils.java:logGet(43)) - raft.server.log.statemachine.data.sync.timeout.retry = -1 (default)
2019-09-12 10:53:00,442 [pool-49-thread-1] INFO  server.RaftServerConfigKeys (ConfUtils.java:logGet(43)) - raft.server.log.statemachine.data.caching.enabled = true (custom)
2019-09-12 10:53:00,442 [pool-49-thread-1] INFO  segmented.SegmentedRaftLogWorker (SegmentedRaftLogWorker.java:lambda$new$0(132)) - 250b6484-39fc-4c26-8a98-91f8d9b3befa-SegmentedRaftLogWorker:Storage Directory /workdir/hadoop-ozone/integration-test/target/test-dir/MiniOzoneClusterImpl-838a7ec2-4afb-4d68-8138-46fa65bc7e11/datanode-2/data/ratis/949f596b-d69e-4538-911f-336bf3ca7d95: flushIndex: setUnconditionally 0 -> -1
2019-09-12 10:53:00,443 [pool-49-thread-1] INFO  server.RaftServerConfigKeys (ConfUtils.java:logGet(43)) - raft.server.snapshot.auto.trigger.enabled = true (custom)
2019-09-12 10:53:00,443 [pool-49-thread-1] INFO  server.RaftServerConfigKeys (ConfUtils.java:logGet(43)) - raft.server.snapshot.auto.trigger.threshold = 10000 (custom)
2019-09-12 10:53:00,443 [pool-49-thread-1] INFO  server.RaftServerConfigKeys (ConfUtils.java:logGet(43)) - raft.server.retrycache.expirytime = 600000ms (custom)
2019-09-12 10:53:00,443 [pool-49-thread-1] INFO  impl.RaftServerImpl (RaftServerImpl.java:start(180)) - 250b6484-39fc-4c26-8a98-91f8d9b3befa: start group-336BF3CA7D95
2019-09-12 10:53:00,443 [pool-49-thread-1] INFO  impl.RaftServerImpl (RaftServerImpl.java:setRole(171)) - 250b6484-39fc-4c26-8a98-91f8d9b3befa:group-336BF3CA7D95 changes role from null to FOLLOWER at term 0 for startAsFollower
2019-09-12 10:53:00,443 [pool-49-thread-1] INFO  impl.RoleInfo (RoleInfo.java:updateAndGet(143)) - 250b6484-39fc-4c26-8a98-91f8d9b3befa: start FollowerState
2019-09-12 10:53:00,444 [pool-49-thread-1] INFO  util.JmxRegister (JmxRegister.java:tryRegister(44)) - Successfully registered JMX Bean with object name Ratis:service=RaftServer,group=group-336BF3CA7D95,id=250b6484-39fc-4c26-8a98-91f8d9b3befa
2019-09-12 10:53:00,458 [RatisPipelineUtilsThread] INFO  pipeline.PipelineStateManager (PipelineStateManager.java:addPipeline(56)) - Created pipeline Pipeline[ Id: 949f596b-d69e-4538-911f-336bf3ca7d95, Nodes: 250b6484-39fc-4c26-8a98-91f8d9b3befa{ip: 192.168.157.195, host: pr-hdds-1569-xtfnx-3545843844, networkLocation: /default-rack, certSerialId: null}, Type:RATIS, Factor:ONE, State:OPEN]
2019-09-12 10:53:00,470 [grpc-default-executor-0] INFO  impl.RaftServerProxy (RaftServerProxy.java:addNew(89)) - 9dc3d9e1-35df-4da5-a2c1-5b39dd910295: addNew group-EAE66D85883B:[9dc3d9e1-35df-4da5-a2c1-5b39dd910295:192.168.157.195:42873] returns group-EAE66D85883B:java.util.concurrent.CompletableFuture@691fbad2[Not completed]
2019-09-12 10:53:00,473 [pool-38-thread-1] INFO  impl.RaftServerImpl (RaftServerImpl.java:<init>(93)) - 9dc3d9e1-35df-4da5-a2c1-5b39dd910295: new RaftServerImpl for group-EAE66D85883B:[9dc3d9e1-35df-4da5-a2c1-5b39dd910295:192.168.157.195:42873] with ContainerStateMachine:uninitialized
2019-09-12 10:53:00,474 [pool-38-thread-1] INFO  server.RaftServerConfigKeys (ConfUtils.java:logGet(43)) - raft.server.rpc.timeout.min = 1s (custom)
2019-09-12 10:53:00,474 [pool-38-thread-1] INFO  server.RaftServerConfigKeys (ConfUtils.java:logGet(43)) - raft.server.rpc.timeout.max = 1200ms (custom)
2019-09-12 10:53:00,474 [pool-38-thread-1] INFO  server.RaftServerConfigKeys (ConfUtils.java:logGet(43)) - raft.server.rpcslowness.timeout = 120s (custom)
2019-09-12 10:53:00,474 [pool-38-thread-1] INFO  server.RaftServerConfigKeys (ConfUtils.java:logGet(43)) - raft.server.sleep.deviation.threshold = 300 (default)
2019-09-12 10:53:00,474 [pool-38-thread-1] INFO  server.RaftServerConfigKeys (ConfUtils.java:logGet(43)) - raft.server.log.appender.install.snapshot.enabled = false (custom)
2019-09-12 10:53:00,475 [pool-38-thread-1] INFO  impl.RaftServerImpl (ServerState.java:<init>(105)) - 9dc3d9e1-35df-4da5-a2c1-5b39dd910295:group-EAE66D85883B ConfigurationManager, init=-1: [9dc3d9e1-35df-4da5-a2c1-5b39dd910295:192.168.157.195:42873], old=null, confs=<EMPTY_MAP>
2019-09-12 10:53:00,475 [pool-38-thread-1] INFO  server.RaftServerConfigKeys (ConfUtils.java:logGet(43)) - raft.server.storage.dir = [/workdir/hadoop-ozone/integration-test/target/test-dir/MiniOzoneClusterImpl-838a7ec2-4afb-4d68-8138-46fa65bc7e11/datanode-1/data/ratis] (custom)
2019-09-12 10:53:00,476 [pool-38-thread-1] INFO  storage.RaftStorageDirectory (RaftStorageDirectory.java:analyzeStorage(246)) - The storage directory /workdir/hadoop-ozone/integration-test/target/test-dir/MiniOzoneClusterImpl-838a7ec2-4afb-4d68-8138-46fa65bc7e11/datanode-1/data/ratis/c1497cb5-c2a7-40d0-b683-eae66d85883b does not exist. Creating ...
2019-09-12 10:53:00,489 [pool-38-thread-1] INFO  storage.RaftStorageDirectory (RaftStorageDirectory.java:tryLock(328)) - Lock on /workdir/hadoop-ozone/integration-test/target/test-dir/MiniOzoneClusterImpl-838a7ec2-4afb-4d68-8138-46fa65bc7e11/datanode-1/data/ratis/c1497cb5-c2a7-40d0-b683-eae66d85883b/in_use.lock acquired by nodename 620@pr-hdds-1569-xtfnx-3545843844
2019-09-12 10:53:00,502 [pool-38-thread-1] INFO  storage.RaftStorage (RaftStorage.java:format(72)) - Storage directory /workdir/hadoop-ozone/integration-test/target/test-dir/MiniOzoneClusterImpl-838a7ec2-4afb-4d68-8138-46fa65bc7e11/datanode-1/data/ratis/c1497cb5-c2a7-40d0-b683-eae66d85883b has been successfully formatted.
2019-09-12 10:53:00,502 [pool-38-thread-1] INFO  ratis.ContainerStateMachine (ContainerStateMachine.java:loadSnapshot(226)) - group-EAE66D85883B: The snapshot info is null. Setting the last applied indexto:(t:0, i:~)
2019-09-12 10:53:00,503 [pool-38-thread-1] INFO  server.RaftServerConfigKeys (ConfUtils.java:logGet(43)) - raft.server.leader.election.timeout = 120s (custom)
2019-09-12 10:53:00,503 [pool-38-thread-1] INFO  server.RaftServerConfigKeys (ConfUtils.java:logGet(43)) - raft.server.log.use.memory = false (default)
2019-09-12 10:53:00,503 [pool-38-thread-1] INFO  server.RaftServerConfigKeys (ConfUtils.java:logGet(43)) - raft.server.log.purge.gap = 1000000 (custom)
2019-09-12 10:53:00,503 [pool-38-thread-1] INFO  server.RaftServerConfigKeys (ConfUtils.java:logGet(43)) - raft.server.log.appender.buffer.byte-limit = 33554432 (custom)
2019-09-12 10:53:00,503 [pool-38-thread-1] INFO  server.RaftServerConfigKeys (ConfUtils.java:logGet(43)) - raft.server.log.segment.size.max = 1048576 (custom)
2019-09-12 10:53:00,504 [pool-38-thread-1] INFO  server.RaftServerConfigKeys (ConfUtils.java:logGet(43)) - raft.server.log.segment.cache.num.max = 2 (custom)
2019-09-12 10:53:00,504 [pool-38-thread-1] INFO  segmented.SegmentedRaftLogWorker (SegmentedRaftLogWorker.java:<init>(172)) - new 9dc3d9e1-35df-4da5-a2c1-5b39dd910295-SegmentedRaftLogWorker:Storage Directory /workdir/hadoop-ozone/integration-test/target/test-dir/MiniOzoneClusterImpl-838a7ec2-4afb-4d68-8138-46fa65bc7e11/datanode-1/data/ratis/c1497cb5-c2a7-40d0-b683-eae66d85883b for RaftStorage:Storage Directory /workdir/hadoop-ozone/integration-test/target/test-dir/MiniOzoneClusterImpl-838a7ec2-4afb-4d68-8138-46fa65bc7e11/datanode-1/data/ratis/c1497cb5-c2a7-40d0-b683-eae66d85883b
2019-09-12 10:53:00,504 [pool-38-thread-1] INFO  server.RaftServerConfigKeys (ConfUtils.java:logGet(43)) - raft.server.log.queue.byte-limit = 2147483647 (custom)
2019-09-12 10:53:00,504 [pool-38-thread-1] INFO  server.RaftServerConfigKeys (ConfUtils.java:logGet(43)) - raft.server.log.queue.element-limit = 1024 (custom)
2019-09-12 10:53:00,504 [pool-38-thread-1] INFO  server.RaftServerConfigKeys (ConfUtils.java:logGet(43)) - raft.server.log.segment.size.max = 1048576 (custom)
2019-09-12 10:53:00,505 [pool-38-thread-1] INFO  server.RaftServerConfigKeys (ConfUtils.java:logGet(43)) - raft.server.log.preallocated.size = 16384 (custom)
2019-09-12 10:53:00,505 [pool-38-thread-1] INFO  server.RaftServerConfigKeys (ConfUtils.java:logGet(43)) - raft.server.log.write.buffer.size = 33554432 (custom)
2019-09-12 10:53:00,505 [pool-38-thread-1] INFO  server.RaftServerConfigKeys (ConfUtils.java:logGet(43)) - raft.server.log.force.sync.num = 128 (default)
2019-09-12 10:53:00,505 [pool-38-thread-1] INFO  server.RaftServerConfigKeys (ConfUtils.java:logGet(43)) - raft.server.log.statemachine.data.sync = true (default)
2019-09-12 10:53:00,505 [pool-38-thread-1] INFO  server.RaftServerConfigKeys (ConfUtils.java:logGet(43)) - raft.server.log.statemachine.data.sync.timeout = 10s (default)
2019-09-12 10:53:00,506 [pool-38-thread-1] INFO  server.RaftServerConfigKeys (ConfUtils.java:logGet(43)) - raft.server.log.statemachine.data.sync.timeout.retry = -1 (default)
2019-09-12 10:53:00,506 [pool-38-thread-1] INFO  server.RaftServerConfigKeys (ConfUtils.java:logGet(43)) - raft.server.log.statemachine.data.caching.enabled = true (custom)
2019-09-12 10:53:00,506 [pool-38-thread-1] INFO  segmented.SegmentedRaftLogWorker (SegmentedRaftLogWorker.java:lambda$new$0(132)) - 9dc3d9e1-35df-4da5-a2c1-5b39dd910295-SegmentedRaftLogWorker:Storage Directory /workdir/hadoop-ozone/integration-test/target/test-dir/MiniOzoneClusterImpl-838a7ec2-4afb-4d68-8138-46fa65bc7e11/datanode-1/data/ratis/c1497cb5-c2a7-40d0-b683-eae66d85883b: flushIndex: setUnconditionally 0 -> -1
2019-09-12 10:53:00,507 [pool-38-thread-1] INFO  server.RaftServerConfigKeys (ConfUtils.java:logGet(43)) - raft.server.snapshot.auto.trigger.enabled = true (custom)
2019-09-12 10:53:00,507 [pool-38-thread-1] INFO  server.RaftServerConfigKeys (ConfUtils.java:logGet(43)) - raft.server.snapshot.auto.trigger.threshold = 10000 (custom)
2019-09-12 10:53:00,507 [pool-38-thread-1] INFO  server.RaftServerConfigKeys (ConfUtils.java:logGet(43)) - raft.server.retrycache.expirytime = 600000ms (custom)
2019-09-12 10:53:00,507 [pool-38-thread-1] INFO  impl.RaftServerImpl (RaftServerImpl.java:start(180)) - 9dc3d9e1-35df-4da5-a2c1-5b39dd910295: start group-EAE66D85883B
2019-09-12 10:53:00,507 [pool-38-thread-1] INFO  impl.RaftServerImpl (RaftServerImpl.java:setRole(171)) - 9dc3d9e1-35df-4da5-a2c1-5b39dd910295:group-EAE66D85883B changes role from null to FOLLOWER at term 0 for startAsFollower
2019-09-12 10:53:00,507 [pool-38-thread-1] INFO  impl.RoleInfo (RoleInfo.java:updateAndGet(143)) - 9dc3d9e1-35df-4da5-a2c1-5b39dd910295: start FollowerState
2019-09-12 10:53:00,508 [pool-38-thread-1] INFO  util.JmxRegister (JmxRegister.java:tryRegister(44)) - Successfully registered JMX Bean with object name Ratis:service=RaftServer,group=group-EAE66D85883B,id=9dc3d9e1-35df-4da5-a2c1-5b39dd910295
2019-09-12 10:53:00,520 [RatisPipelineUtilsThread] INFO  pipeline.PipelineStateManager (PipelineStateManager.java:addPipeline(56)) - Created pipeline Pipeline[ Id: c1497cb5-c2a7-40d0-b683-eae66d85883b, Nodes: 9dc3d9e1-35df-4da5-a2c1-5b39dd910295{ip: 192.168.157.195, host: pr-hdds-1569-xtfnx-3545843844, networkLocation: /default-rack, certSerialId: null}, Type:RATIS, Factor:ONE, State:OPEN]
2019-09-12 10:53:00,532 [grpc-default-executor-0] INFO  impl.RaftServerProxy (RaftServerProxy.java:addNew(89)) - da20f580-5b10-4303-a8d6-74672b88192d: addNew group-F512806148B7:[da20f580-5b10-4303-a8d6-74672b88192d:192.168.157.195:33557] returns group-F512806148B7:java.util.concurrent.CompletableFuture@4f26448c[Not completed]
2019-09-12 10:53:00,534 [pool-27-thread-1] INFO  impl.RaftServerImpl (RaftServerImpl.java:<init>(93)) - da20f580-5b10-4303-a8d6-74672b88192d: new RaftServerImpl for group-F512806148B7:[da20f580-5b10-4303-a8d6-74672b88192d:192.168.157.195:33557] with ContainerStateMachine:uninitialized
2019-09-12 10:53:00,534 [pool-27-thread-1] INFO  server.RaftServerConfigKeys (ConfUtils.java:logGet(43)) - raft.server.rpc.timeout.min = 1s (custom)
2019-09-12 10:53:00,534 [pool-27-thread-1] INFO  server.RaftServerConfigKeys (ConfUtils.java:logGet(43)) - raft.server.rpc.timeout.max = 1200ms (custom)
2019-09-12 10:53:00,534 [pool-27-thread-1] INFO  server.RaftServerConfigKeys (ConfUtils.java:logGet(43)) - raft.server.rpcslowness.timeout = 120s (custom)
2019-09-12 10:53:00,534 [pool-27-thread-1] INFO  server.RaftServerConfigKeys (ConfUtils.java:logGet(43)) - raft.server.sleep.deviation.threshold = 300 (default)
2019-09-12 10:53:00,535 [pool-27-thread-1] INFO  server.RaftServerConfigKeys (ConfUtils.java:logGet(43)) - raft.server.log.appender.install.snapshot.enabled = false (custom)
2019-09-12 10:53:00,535 [pool-27-thread-1] INFO  impl.RaftServerImpl (ServerState.java:<init>(105)) - da20f580-5b10-4303-a8d6-74672b88192d:group-F512806148B7 ConfigurationManager, init=-1: [da20f580-5b10-4303-a8d6-74672b88192d:192.168.157.195:33557], old=null, confs=<EMPTY_MAP>
2019-09-12 10:53:00,535 [pool-27-thread-1] INFO  server.RaftServerConfigKeys (ConfUtils.java:logGet(43)) - raft.server.storage.dir = [/workdir/hadoop-ozone/integration-test/target/test-dir/MiniOzoneClusterImpl-838a7ec2-4afb-4d68-8138-46fa65bc7e11/datanode-0/data/ratis] (custom)
2019-09-12 10:53:00,535 [pool-27-thread-1] INFO  storage.RaftStorageDirectory (RaftStorageDirectory.java:analyzeStorage(246)) - The storage directory /workdir/hadoop-ozone/integration-test/target/test-dir/MiniOzoneClusterImpl-838a7ec2-4afb-4d68-8138-46fa65bc7e11/datanode-0/data/ratis/a5230eda-c800-4ec9-aa90-f512806148b7 does not exist. Creating ...
2019-09-12 10:53:00,548 [pool-27-thread-1] INFO  storage.RaftStorageDirectory (RaftStorageDirectory.java:tryLock(328)) - Lock on /workdir/hadoop-ozone/integration-test/target/test-dir/MiniOzoneClusterImpl-838a7ec2-4afb-4d68-8138-46fa65bc7e11/datanode-0/data/ratis/a5230eda-c800-4ec9-aa90-f512806148b7/in_use.lock acquired by nodename 620@pr-hdds-1569-xtfnx-3545843844
2019-09-12 10:53:00,562 [pool-27-thread-1] INFO  storage.RaftStorage (RaftStorage.java:format(72)) - Storage directory /workdir/hadoop-ozone/integration-test/target/test-dir/MiniOzoneClusterImpl-838a7ec2-4afb-4d68-8138-46fa65bc7e11/datanode-0/data/ratis/a5230eda-c800-4ec9-aa90-f512806148b7 has been successfully formatted.
2019-09-12 10:53:00,562 [pool-27-thread-1] INFO  ratis.ContainerStateMachine (ContainerStateMachine.java:loadSnapshot(226)) - group-F512806148B7: The snapshot info is null. Setting the last applied indexto:(t:0, i:~)
2019-09-12 10:53:00,563 [pool-27-thread-1] INFO  server.RaftServerConfigKeys (ConfUtils.java:logGet(43)) - raft.server.leader.election.timeout = 120s (custom)
2019-09-12 10:53:00,563 [pool-27-thread-1] INFO  server.RaftServerConfigKeys (ConfUtils.java:logGet(43)) - raft.server.log.use.memory = false (default)
2019-09-12 10:53:00,563 [pool-27-thread-1] INFO  server.RaftServerConfigKeys (ConfUtils.java:logGet(43)) - raft.server.log.purge.gap = 1000000 (custom)
2019-09-12 10:53:00,563 [pool-27-thread-1] INFO  server.RaftServerConfigKeys (ConfUtils.java:logGet(43)) - raft.server.log.appender.buffer.byte-limit = 33554432 (custom)
2019-09-12 10:53:00,563 [pool-27-thread-1] INFO  server.RaftServerConfigKeys (ConfUtils.java:logGet(43)) - raft.server.log.segment.size.max = 1048576 (custom)
2019-09-12 10:53:00,563 [pool-27-thread-1] INFO  server.RaftServerConfigKeys (ConfUtils.java:logGet(43)) - raft.server.log.segment.cache.num.max = 2 (custom)
2019-09-12 10:53:00,564 [pool-27-thread-1] INFO  segmented.SegmentedRaftLogWorker (SegmentedRaftLogWorker.java:<init>(172)) - new da20f580-5b10-4303-a8d6-74672b88192d-SegmentedRaftLogWorker:Storage Directory /workdir/hadoop-ozone/integration-test/target/test-dir/MiniOzoneClusterImpl-838a7ec2-4afb-4d68-8138-46fa65bc7e11/datanode-0/data/ratis/a5230eda-c800-4ec9-aa90-f512806148b7 for RaftStorage:Storage Directory /workdir/hadoop-ozone/integration-test/target/test-dir/MiniOzoneClusterImpl-838a7ec2-4afb-4d68-8138-46fa65bc7e11/datanode-0/data/ratis/a5230eda-c800-4ec9-aa90-f512806148b7
2019-09-12 10:53:00,564 [pool-27-thread-1] INFO  server.RaftServerConfigKeys (ConfUtils.java:logGet(43)) - raft.server.log.queue.byte-limit = 2147483647 (custom)
2019-09-12 10:53:00,564 [pool-27-thread-1] INFO  server.RaftServerConfigKeys (ConfUtils.java:logGet(43)) - raft.server.log.queue.element-limit = 1024 (custom)
2019-09-12 10:53:00,564 [pool-27-thread-1] INFO  server.RaftServerConfigKeys (ConfUtils.java:logGet(43)) - raft.server.log.segment.size.max = 1048576 (custom)
2019-09-12 10:53:00,564 [pool-27-thread-1] INFO  server.RaftServerConfigKeys (ConfUtils.java:logGet(43)) - raft.server.log.preallocated.size = 16384 (custom)
2019-09-12 10:53:00,564 [pool-27-thread-1] INFO  server.RaftServerConfigKeys (ConfUtils.java:logGet(43)) - raft.server.log.write.buffer.size = 33554432 (custom)
2019-09-12 10:53:00,564 [pool-27-thread-1] INFO  server.RaftServerConfigKeys (ConfUtils.java:logGet(43)) - raft.server.log.force.sync.num = 128 (default)
2019-09-12 10:53:00,565 [pool-27-thread-1] INFO  server.RaftServerConfigKeys (ConfUtils.java:logGet(43)) - raft.server.log.statemachine.data.sync = true (default)
2019-09-12 10:53:00,565 [pool-27-thread-1] INFO  server.RaftServerConfigKeys (ConfUtils.java:logGet(43)) - raft.server.log.statemachine.data.sync.timeout = 10s (default)
2019-09-12 10:53:00,565 [pool-27-thread-1] INFO  server.RaftServerConfigKeys (ConfUtils.java:logGet(43)) - raft.server.log.statemachine.data.sync.timeout.retry = -1 (default)
2019-09-12 10:53:00,565 [pool-27-thread-1] INFO  server.RaftServerConfigKeys (ConfUtils.java:logGet(43)) - raft.server.log.statemachine.data.caching.enabled = true (custom)
2019-09-12 10:53:00,565 [pool-27-thread-1] INFO  segmented.SegmentedRaftLogWorker (SegmentedRaftLogWorker.java:lambda$new$0(132)) - da20f580-5b10-4303-a8d6-74672b88192d-SegmentedRaftLogWorker:Storage Directory /workdir/hadoop-ozone/integration-test/target/test-dir/MiniOzoneClusterImpl-838a7ec2-4afb-4d68-8138-46fa65bc7e11/datanode-0/data/ratis/a5230eda-c800-4ec9-aa90-f512806148b7: flushIndex: setUnconditionally 0 -> -1
2019-09-12 10:53:00,566 [pool-27-thread-1] INFO  server.RaftServerConfigKeys (ConfUtils.java:logGet(43)) - raft.server.snapshot.auto.trigger.enabled = true (custom)
2019-09-12 10:53:00,566 [pool-27-thread-1] INFO  server.RaftServerConfigKeys (ConfUtils.java:logGet(43)) - raft.server.snapshot.auto.trigger.threshold = 10000 (custom)
2019-09-12 10:53:00,566 [pool-27-thread-1] INFO  server.RaftServerConfigKeys (ConfUtils.java:logGet(43)) - raft.server.retrycache.expirytime = 600000ms (custom)
2019-09-12 10:53:00,566 [pool-27-thread-1] INFO  impl.RaftServerImpl (RaftServerImpl.java:start(180)) - da20f580-5b10-4303-a8d6-74672b88192d: start group-F512806148B7
2019-09-12 10:53:00,567 [pool-27-thread-1] INFO  impl.RaftServerImpl (RaftServerImpl.java:setRole(171)) - da20f580-5b10-4303-a8d6-74672b88192d:group-F512806148B7 changes role from null to FOLLOWER at term 0 for startAsFollower
2019-09-12 10:53:00,567 [pool-27-thread-1] INFO  impl.RoleInfo (RoleInfo.java:updateAndGet(143)) - da20f580-5b10-4303-a8d6-74672b88192d: start FollowerState
2019-09-12 10:53:00,567 [pool-27-thread-1] INFO  util.JmxRegister (JmxRegister.java:tryRegister(44)) - Successfully registered JMX Bean with object name Ratis:service=RaftServer,group=group-F512806148B7,id=da20f580-5b10-4303-a8d6-74672b88192d
2019-09-12 10:53:00,581 [RatisPipelineUtilsThread] INFO  pipeline.PipelineStateManager (PipelineStateManager.java:addPipeline(56)) - Created pipeline Pipeline[ Id: a5230eda-c800-4ec9-aa90-f512806148b7, Nodes: da20f580-5b10-4303-a8d6-74672b88192d{ip: 192.168.157.195, host: pr-hdds-1569-xtfnx-3545843844, networkLocation: /default-rack, certSerialId: null}, Type:RATIS, Factor:ONE, State:OPEN]
2019-09-12 10:53:00,591 [grpc-default-executor-0] INFO  impl.RaftServerProxy (RaftServerProxy.java:addNew(89)) - 9dc3d9e1-35df-4da5-a2c1-5b39dd910295: addNew group-62DB443BC412:[9dc3d9e1-35df-4da5-a2c1-5b39dd910295:192.168.157.195:42873] returns group-62DB443BC412:java.util.concurrent.CompletableFuture@5df71644[Not completed]
2019-09-12 10:53:00,593 [pool-38-thread-1] INFO  impl.RaftServerImpl (RaftServerImpl.java:<init>(93)) - 9dc3d9e1-35df-4da5-a2c1-5b39dd910295: new RaftServerImpl for group-62DB443BC412:[9dc3d9e1-35df-4da5-a2c1-5b39dd910295:192.168.157.195:42873] with ContainerStateMachine:uninitialized
2019-09-12 10:53:00,593 [pool-38-thread-1] INFO  server.RaftServerConfigKeys (ConfUtils.java:logGet(43)) - raft.server.rpc.timeout.min = 1s (custom)
2019-09-12 10:53:00,593 [pool-38-thread-1] INFO  server.RaftServerConfigKeys (ConfUtils.java:logGet(43)) - raft.server.rpc.timeout.max = 1200ms (custom)
2019-09-12 10:53:00,594 [pool-38-thread-1] INFO  server.RaftServerConfigKeys (ConfUtils.java:logGet(43)) - raft.server.rpcslowness.timeout = 120s (custom)
2019-09-12 10:53:00,594 [pool-38-thread-1] INFO  server.RaftServerConfigKeys (ConfUtils.java:logGet(43)) - raft.server.sleep.deviation.threshold = 300 (default)
2019-09-12 10:53:00,594 [pool-38-thread-1] INFO  server.RaftServerConfigKeys (ConfUtils.java:logGet(43)) - raft.server.log.appender.install.snapshot.enabled = false (custom)
2019-09-12 10:53:00,594 [pool-38-thread-1] INFO  impl.RaftServerImpl (ServerState.java:<init>(105)) - 9dc3d9e1-35df-4da5-a2c1-5b39dd910295:group-62DB443BC412 ConfigurationManager, init=-1: [9dc3d9e1-35df-4da5-a2c1-5b39dd910295:192.168.157.195:42873], old=null, confs=<EMPTY_MAP>
2019-09-12 10:53:00,594 [pool-38-thread-1] INFO  server.RaftServerConfigKeys (ConfUtils.java:logGet(43)) - raft.server.storage.dir = [/workdir/hadoop-ozone/integration-test/target/test-dir/MiniOzoneClusterImpl-838a7ec2-4afb-4d68-8138-46fa65bc7e11/datanode-1/data/ratis] (custom)
2019-09-12 10:53:00,595 [pool-38-thread-1] INFO  storage.RaftStorageDirectory (RaftStorageDirectory.java:analyzeStorage(246)) - The storage directory /workdir/hadoop-ozone/integration-test/target/test-dir/MiniOzoneClusterImpl-838a7ec2-4afb-4d68-8138-46fa65bc7e11/datanode-1/data/ratis/e91d609c-988a-4cfe-8599-62db443bc412 does not exist. Creating ...
2019-09-12 10:53:00,623 [pool-38-thread-1] INFO  storage.RaftStorageDirectory (RaftStorageDirectory.java:tryLock(328)) - Lock on /workdir/hadoop-ozone/integration-test/target/test-dir/MiniOzoneClusterImpl-838a7ec2-4afb-4d68-8138-46fa65bc7e11/datanode-1/data/ratis/e91d609c-988a-4cfe-8599-62db443bc412/in_use.lock acquired by nodename 620@pr-hdds-1569-xtfnx-3545843844
2019-09-12 10:53:00,635 [pool-38-thread-1] INFO  storage.RaftStorage (RaftStorage.java:format(72)) - Storage directory /workdir/hadoop-ozone/integration-test/target/test-dir/MiniOzoneClusterImpl-838a7ec2-4afb-4d68-8138-46fa65bc7e11/datanode-1/data/ratis/e91d609c-988a-4cfe-8599-62db443bc412 has been successfully formatted.
2019-09-12 10:53:00,636 [pool-38-thread-1] INFO  ratis.ContainerStateMachine (ContainerStateMachine.java:loadSnapshot(226)) - group-62DB443BC412: The snapshot info is null. Setting the last applied indexto:(t:0, i:~)
2019-09-12 10:53:00,636 [pool-38-thread-1] INFO  server.RaftServerConfigKeys (ConfUtils.java:logGet(43)) - raft.server.leader.election.timeout = 120s (custom)
2019-09-12 10:53:00,636 [pool-38-thread-1] INFO  server.RaftServerConfigKeys (ConfUtils.java:logGet(43)) - raft.server.log.use.memory = false (default)
2019-09-12 10:53:00,636 [pool-38-thread-1] INFO  server.RaftServerConfigKeys (ConfUtils.java:logGet(43)) - raft.server.log.purge.gap = 1000000 (custom)
2019-09-12 10:53:00,636 [pool-38-thread-1] INFO  server.RaftServerConfigKeys (ConfUtils.java:logGet(43)) - raft.server.log.appender.buffer.byte-limit = 33554432 (custom)
2019-09-12 10:53:00,637 [pool-38-thread-1] INFO  server.RaftServerConfigKeys (ConfUtils.java:logGet(43)) - raft.server.log.segment.size.max = 1048576 (custom)
2019-09-12 10:53:00,637 [pool-38-thread-1] INFO  server.RaftServerConfigKeys (ConfUtils.java:logGet(43)) - raft.server.log.segment.cache.num.max = 2 (custom)
2019-09-12 10:53:00,637 [pool-38-thread-1] INFO  segmented.SegmentedRaftLogWorker (SegmentedRaftLogWorker.java:<init>(172)) - new 9dc3d9e1-35df-4da5-a2c1-5b39dd910295-SegmentedRaftLogWorker:Storage Directory /workdir/hadoop-ozone/integration-test/target/test-dir/MiniOzoneClusterImpl-838a7ec2-4afb-4d68-8138-46fa65bc7e11/datanode-1/data/ratis/e91d609c-988a-4cfe-8599-62db443bc412 for RaftStorage:Storage Directory /workdir/hadoop-ozone/integration-test/target/test-dir/MiniOzoneClusterImpl-838a7ec2-4afb-4d68-8138-46fa65bc7e11/datanode-1/data/ratis/e91d609c-988a-4cfe-8599-62db443bc412
2019-09-12 10:53:00,637 [pool-38-thread-1] INFO  server.RaftServerConfigKeys (ConfUtils.java:logGet(43)) - raft.server.log.queue.byte-limit = 2147483647 (custom)
2019-09-12 10:53:00,637 [pool-38-thread-1] INFO  server.RaftServerConfigKeys (ConfUtils.java:logGet(43)) - raft.server.log.queue.element-limit = 1024 (custom)
2019-09-12 10:53:00,637 [pool-38-thread-1] INFO  server.RaftServerConfigKeys (ConfUtils.java:logGet(43)) - raft.server.log.segment.size.max = 1048576 (custom)
2019-09-12 10:53:00,637 [pool-38-thread-1] INFO  server.RaftServerConfigKeys (ConfUtils.java:logGet(43)) - raft.server.log.preallocated.size = 16384 (custom)
2019-09-12 10:53:00,638 [pool-38-thread-1] INFO  server.RaftServerConfigKeys (ConfUtils.java:logGet(43)) - raft.server.log.write.buffer.size = 33554432 (custom)
2019-09-12 10:53:00,638 [pool-38-thread-1] INFO  server.RaftServerConfigKeys (ConfUtils.java:logGet(43)) - raft.server.log.force.sync.num = 128 (default)
2019-09-12 10:53:00,638 [pool-38-thread-1] INFO  server.RaftServerConfigKeys (ConfUtils.java:logGet(43)) - raft.server.log.statemachine.data.sync = true (default)
2019-09-12 10:53:00,638 [pool-38-thread-1] INFO  server.RaftServerConfigKeys (ConfUtils.java:logGet(43)) - raft.server.log.statemachine.data.sync.timeout = 10s (default)
2019-09-12 10:53:00,638 [pool-38-thread-1] INFO  server.RaftServerConfigKeys (ConfUtils.java:logGet(43)) - raft.server.log.statemachine.data.sync.timeout.retry = -1 (default)
2019-09-12 10:53:00,638 [pool-38-thread-1] INFO  server.RaftServerConfigKeys (ConfUtils.java:logGet(43)) - raft.server.log.statemachine.data.caching.enabled = true (custom)
2019-09-12 10:53:00,639 [pool-38-thread-1] INFO  segmented.SegmentedRaftLogWorker (SegmentedRaftLogWorker.java:lambda$new$0(132)) - 9dc3d9e1-35df-4da5-a2c1-5b39dd910295-SegmentedRaftLogWorker:Storage Directory /workdir/hadoop-ozone/integration-test/target/test-dir/MiniOzoneClusterImpl-838a7ec2-4afb-4d68-8138-46fa65bc7e11/datanode-1/data/ratis/e91d609c-988a-4cfe-8599-62db443bc412: flushIndex: setUnconditionally 0 -> -1
2019-09-12 10:53:00,639 [pool-38-thread-1] INFO  server.RaftServerConfigKeys (ConfUtils.java:logGet(43)) - raft.server.snapshot.auto.trigger.enabled = true (custom)
2019-09-12 10:53:00,639 [pool-38-thread-1] INFO  server.RaftServerConfigKeys (ConfUtils.java:logGet(43)) - raft.server.snapshot.auto.trigger.threshold = 10000 (custom)
2019-09-12 10:53:00,639 [pool-38-thread-1] INFO  server.RaftServerConfigKeys (ConfUtils.java:logGet(43)) - raft.server.retrycache.expirytime = 600000ms (custom)
2019-09-12 10:53:00,639 [pool-38-thread-1] INFO  impl.RaftServerImpl (RaftServerImpl.java:start(180)) - 9dc3d9e1-35df-4da5-a2c1-5b39dd910295: start group-62DB443BC412
2019-09-12 10:53:00,640 [pool-38-thread-1] INFO  impl.RaftServerImpl (RaftServerImpl.java:setRole(171)) - 9dc3d9e1-35df-4da5-a2c1-5b39dd910295:group-62DB443BC412 changes role from null to FOLLOWER at term 0 for startAsFollower
2019-09-12 10:53:00,640 [pool-38-thread-1] INFO  impl.RoleInfo (RoleInfo.java:updateAndGet(143)) - 9dc3d9e1-35df-4da5-a2c1-5b39dd910295: start FollowerState
2019-09-12 10:53:00,640 [pool-38-thread-1] INFO  util.JmxRegister (JmxRegister.java:tryRegister(44)) - Successfully registered JMX Bean with object name Ratis:service=RaftServer,group=group-62DB443BC412,id=9dc3d9e1-35df-4da5-a2c1-5b39dd910295
2019-09-12 10:53:00,653 [RatisPipelineUtilsThread] INFO  pipeline.PipelineStateManager (PipelineStateManager.java:addPipeline(56)) - Created pipeline Pipeline[ Id: e91d609c-988a-4cfe-8599-62db443bc412, Nodes: 9dc3d9e1-35df-4da5-a2c1-5b39dd910295{ip: 192.168.157.195, host: pr-hdds-1569-xtfnx-3545843844, networkLocation: /default-rack, certSerialId: null}, Type:RATIS, Factor:ONE, State:OPEN]
2019-09-12 10:53:00,664 [grpc-default-executor-0] INFO  impl.RaftServerProxy (RaftServerProxy.java:addNew(89)) - 3aa8f21e-cbc0-493e-b8ca-fbb3b21697d5: addNew group-6AEA2E23A4CD:[3aa8f21e-cbc0-493e-b8ca-fbb3b21697d5:192.168.157.195:34525] returns group-6AEA2E23A4CD:java.util.concurrent.CompletableFuture@3bfbd449[Not completed]
2019-09-12 10:53:00,666 [pool-82-thread-1] INFO  impl.RaftServerImpl (RaftServerImpl.java:<init>(93)) - 3aa8f21e-cbc0-493e-b8ca-fbb3b21697d5: new RaftServerImpl for group-6AEA2E23A4CD:[3aa8f21e-cbc0-493e-b8ca-fbb3b21697d5:192.168.157.195:34525] with ContainerStateMachine:uninitialized
2019-09-12 10:53:00,667 [pool-82-thread-1] INFO  server.RaftServerConfigKeys (ConfUtils.java:logGet(43)) - raft.server.rpc.timeout.min = 1s (custom)
2019-09-12 10:53:00,667 [pool-82-thread-1] INFO  server.RaftServerConfigKeys (ConfUtils.java:logGet(43)) - raft.server.rpc.timeout.max = 1200ms (custom)
2019-09-12 10:53:00,667 [pool-82-thread-1] INFO  server.RaftServerConfigKeys (ConfUtils.java:logGet(43)) - raft.server.rpcslowness.timeout = 120s (custom)
2019-09-12 10:53:00,667 [pool-82-thread-1] INFO  server.RaftServerConfigKeys (ConfUtils.java:logGet(43)) - raft.server.sleep.deviation.threshold = 300 (default)
2019-09-12 10:53:00,667 [pool-82-thread-1] INFO  server.RaftServerConfigKeys (ConfUtils.java:logGet(43)) - raft.server.log.appender.install.snapshot.enabled = false (custom)
2019-09-12 10:53:00,667 [pool-82-thread-1] INFO  impl.RaftServerImpl (ServerState.java:<init>(105)) - 3aa8f21e-cbc0-493e-b8ca-fbb3b21697d5:group-6AEA2E23A4CD ConfigurationManager, init=-1: [3aa8f21e-cbc0-493e-b8ca-fbb3b21697d5:192.168.157.195:34525], old=null, confs=<EMPTY_MAP>
2019-09-12 10:53:00,668 [pool-82-thread-1] INFO  server.RaftServerConfigKeys (ConfUtils.java:logGet(43)) - raft.server.storage.dir = [/workdir/hadoop-ozone/integration-test/target/test-dir/MiniOzoneClusterImpl-838a7ec2-4afb-4d68-8138-46fa65bc7e11/datanode-5/data/ratis] (custom)
2019-09-12 10:53:00,668 [pool-82-thread-1] INFO  storage.RaftStorageDirectory (RaftStorageDirectory.java:analyzeStorage(246)) - The storage directory /workdir/hadoop-ozone/integration-test/target/test-dir/MiniOzoneClusterImpl-838a7ec2-4afb-4d68-8138-46fa65bc7e11/datanode-5/data/ratis/2e566ff7-6896-490d-b6e0-6aea2e23a4cd does not exist. Creating ...
2019-09-12 10:53:00,682 [pool-82-thread-1] INFO  storage.RaftStorageDirectory (RaftStorageDirectory.java:tryLock(328)) - Lock on /workdir/hadoop-ozone/integration-test/target/test-dir/MiniOzoneClusterImpl-838a7ec2-4afb-4d68-8138-46fa65bc7e11/datanode-5/data/ratis/2e566ff7-6896-490d-b6e0-6aea2e23a4cd/in_use.lock acquired by nodename 620@pr-hdds-1569-xtfnx-3545843844
2019-09-12 10:53:00,695 [pool-82-thread-1] INFO  storage.RaftStorage (RaftStorage.java:format(72)) - Storage directory /workdir/hadoop-ozone/integration-test/target/test-dir/MiniOzoneClusterImpl-838a7ec2-4afb-4d68-8138-46fa65bc7e11/datanode-5/data/ratis/2e566ff7-6896-490d-b6e0-6aea2e23a4cd has been successfully formatted.
2019-09-12 10:53:00,695 [pool-82-thread-1] INFO  ratis.ContainerStateMachine (ContainerStateMachine.java:loadSnapshot(226)) - group-6AEA2E23A4CD: The snapshot info is null. Setting the last applied indexto:(t:0, i:~)
2019-09-12 10:53:00,696 [pool-82-thread-1] INFO  server.RaftServerConfigKeys (ConfUtils.java:logGet(43)) - raft.server.leader.election.timeout = 120s (custom)
2019-09-12 10:53:00,696 [pool-82-thread-1] INFO  server.RaftServerConfigKeys (ConfUtils.java:logGet(43)) - raft.server.log.use.memory = false (default)
2019-09-12 10:53:00,696 [pool-82-thread-1] INFO  server.RaftServerConfigKeys (ConfUtils.java:logGet(43)) - raft.server.log.purge.gap = 1000000 (custom)
2019-09-12 10:53:00,696 [pool-82-thread-1] INFO  server.RaftServerConfigKeys (ConfUtils.java:logGet(43)) - raft.server.log.appender.buffer.byte-limit = 33554432 (custom)
2019-09-12 10:53:00,696 [pool-82-thread-1] INFO  server.RaftServerConfigKeys (ConfUtils.java:logGet(43)) - raft.server.log.segment.size.max = 1048576 (custom)
2019-09-12 10:53:00,697 [pool-82-thread-1] INFO  server.RaftServerConfigKeys (ConfUtils.java:logGet(43)) - raft.server.log.segment.cache.num.max = 2 (custom)
2019-09-12 10:53:00,697 [pool-82-thread-1] INFO  segmented.SegmentedRaftLogWorker (SegmentedRaftLogWorker.java:<init>(172)) - new 3aa8f21e-cbc0-493e-b8ca-fbb3b21697d5-SegmentedRaftLogWorker:Storage Directory /workdir/hadoop-ozone/integration-test/target/test-dir/MiniOzoneClusterImpl-838a7ec2-4afb-4d68-8138-46fa65bc7e11/datanode-5/data/ratis/2e566ff7-6896-490d-b6e0-6aea2e23a4cd for RaftStorage:Storage Directory /workdir/hadoop-ozone/integration-test/target/test-dir/MiniOzoneClusterImpl-838a7ec2-4afb-4d68-8138-46fa65bc7e11/datanode-5/data/ratis/2e566ff7-6896-490d-b6e0-6aea2e23a4cd
2019-09-12 10:53:00,697 [pool-82-thread-1] INFO  server.RaftServerConfigKeys (ConfUtils.java:logGet(43)) - raft.server.log.queue.byte-limit = 2147483647 (custom)
2019-09-12 10:53:00,697 [pool-82-thread-1] INFO  server.RaftServerConfigKeys (ConfUtils.java:logGet(43)) - raft.server.log.queue.element-limit = 1024 (custom)
2019-09-12 10:53:00,697 [pool-82-thread-1] INFO  server.RaftServerConfigKeys (ConfUtils.java:logGet(43)) - raft.server.log.segment.size.max = 1048576 (custom)
2019-09-12 10:53:00,697 [pool-82-thread-1] INFO  server.RaftServerConfigKeys (ConfUtils.java:logGet(43)) - raft.server.log.preallocated.size = 16384 (custom)
2019-09-12 10:53:00,698 [pool-82-thread-1] INFO  server.RaftServerConfigKeys (ConfUtils.java:logGet(43)) - raft.server.log.write.buffer.size = 33554432 (custom)
2019-09-12 10:53:00,698 [pool-82-thread-1] INFO  server.RaftServerConfigKeys (ConfUtils.java:logGet(43)) - raft.server.log.force.sync.num = 128 (default)
2019-09-12 10:53:00,698 [pool-82-thread-1] INFO  server.RaftServerConfigKeys (ConfUtils.java:logGet(43)) - raft.server.log.statemachine.data.sync = true (default)
2019-09-12 10:53:00,698 [pool-82-thread-1] INFO  server.RaftServerConfigKeys (ConfUtils.java:logGet(43)) - raft.server.log.statemachine.data.sync.timeout = 10s (default)
2019-09-12 10:53:00,698 [pool-82-thread-1] INFO  server.RaftServerConfigKeys (ConfUtils.java:logGet(43)) - raft.server.log.statemachine.data.sync.timeout.retry = -1 (default)
2019-09-12 10:53:00,699 [pool-82-thread-1] INFO  server.RaftServerConfigKeys (ConfUtils.java:logGet(43)) - raft.server.log.statemachine.data.caching.enabled = true (custom)
2019-09-12 10:53:00,699 [pool-82-thread-1] INFO  segmented.SegmentedRaftLogWorker (SegmentedRaftLogWorker.java:lambda$new$0(132)) - 3aa8f21e-cbc0-493e-b8ca-fbb3b21697d5-SegmentedRaftLogWorker:Storage Directory /workdir/hadoop-ozone/integration-test/target/test-dir/MiniOzoneClusterImpl-838a7ec2-4afb-4d68-8138-46fa65bc7e11/datanode-5/data/ratis/2e566ff7-6896-490d-b6e0-6aea2e23a4cd: flushIndex: setUnconditionally 0 -> -1
2019-09-12 10:53:00,699 [pool-82-thread-1] INFO  server.RaftServerConfigKeys (ConfUtils.java:logGet(43)) - raft.server.snapshot.auto.trigger.enabled = true (custom)
2019-09-12 10:53:00,699 [pool-82-thread-1] INFO  server.RaftServerConfigKeys (ConfUtils.java:logGet(43)) - raft.server.snapshot.auto.trigger.threshold = 10000 (custom)
2019-09-12 10:53:00,700 [pool-82-thread-1] INFO  server.RaftServerConfigKeys (ConfUtils.java:logGet(43)) - raft.server.retrycache.expirytime = 600000ms (custom)
2019-09-12 10:53:00,700 [pool-82-thread-1] INFO  impl.RaftServerImpl (RaftServerImpl.java:start(180)) - 3aa8f21e-cbc0-493e-b8ca-fbb3b21697d5: start group-6AEA2E23A4CD
2019-09-12 10:53:00,700 [pool-82-thread-1] INFO  impl.RaftServerImpl (RaftServerImpl.java:setRole(171)) - 3aa8f21e-cbc0-493e-b8ca-fbb3b21697d5:group-6AEA2E23A4CD changes role from null to FOLLOWER at term 0 for startAsFollower
2019-09-12 10:53:00,700 [pool-82-thread-1] INFO  impl.RoleInfo (RoleInfo.java:updateAndGet(143)) - 3aa8f21e-cbc0-493e-b8ca-fbb3b21697d5: start FollowerState
2019-09-12 10:53:00,701 [pool-82-thread-1] INFO  util.JmxRegister (JmxRegister.java:tryRegister(44)) - Successfully registered JMX Bean with object name Ratis:service=RaftServer,group=group-6AEA2E23A4CD,id=3aa8f21e-cbc0-493e-b8ca-fbb3b21697d5
2019-09-12 10:53:00,715 [RatisPipelineUtilsThread] INFO  pipeline.PipelineStateManager (PipelineStateManager.java:addPipeline(56)) - Created pipeline Pipeline[ Id: 2e566ff7-6896-490d-b6e0-6aea2e23a4cd, Nodes: 3aa8f21e-cbc0-493e-b8ca-fbb3b21697d5{ip: 192.168.157.195, host: pr-hdds-1569-xtfnx-3545843844, networkLocation: /default-rack, certSerialId: null}, Type:RATIS, Factor:ONE, State:OPEN]
2019-09-12 10:53:00,730 [grpc-default-executor-0] INFO  impl.RaftServerProxy (RaftServerProxy.java:addNew(89)) - da20f580-5b10-4303-a8d6-74672b88192d: addNew group-93602375EDC9:[da20f580-5b10-4303-a8d6-74672b88192d:192.168.157.195:33557] returns group-93602375EDC9:java.util.concurrent.CompletableFuture@408b5e4c[Not completed]
2019-09-12 10:53:00,731 [pool-27-thread-1] INFO  impl.RaftServerImpl (RaftServerImpl.java:<init>(93)) - da20f580-5b10-4303-a8d6-74672b88192d: new RaftServerImpl for group-93602375EDC9:[da20f580-5b10-4303-a8d6-74672b88192d:192.168.157.195:33557] with ContainerStateMachine:uninitialized
2019-09-12 10:53:00,731 [pool-27-thread-1] INFO  server.RaftServerConfigKeys (ConfUtils.java:logGet(43)) - raft.server.rpc.timeout.min = 1s (custom)
2019-09-12 10:53:00,732 [pool-27-thread-1] INFO  server.RaftServerConfigKeys (ConfUtils.java:logGet(43)) - raft.server.rpc.timeout.max = 1200ms (custom)
2019-09-12 10:53:00,732 [pool-27-thread-1] INFO  server.RaftServerConfigKeys (ConfUtils.java:logGet(43)) - raft.server.rpcslowness.timeout = 120s (custom)
2019-09-12 10:53:00,732 [pool-27-thread-1] INFO  server.RaftServerConfigKeys (ConfUtils.java:logGet(43)) - raft.server.sleep.deviation.threshold = 300 (default)
2019-09-12 10:53:00,732 [pool-27-thread-1] INFO  server.RaftServerConfigKeys (ConfUtils.java:logGet(43)) - raft.server.log.appender.install.snapshot.enabled = false (custom)
2019-09-12 10:53:00,732 [pool-27-thread-1] INFO  impl.RaftServerImpl (ServerState.java:<init>(105)) - da20f580-5b10-4303-a8d6-74672b88192d:group-93602375EDC9 ConfigurationManager, init=-1: [da20f580-5b10-4303-a8d6-74672b88192d:192.168.157.195:33557], old=null, confs=<EMPTY_MAP>
2019-09-12 10:53:00,732 [pool-27-thread-1] INFO  server.RaftServerConfigKeys (ConfUtils.java:logGet(43)) - raft.server.storage.dir = [/workdir/hadoop-ozone/integration-test/target/test-dir/MiniOzoneClusterImpl-838a7ec2-4afb-4d68-8138-46fa65bc7e11/datanode-0/data/ratis] (custom)
2019-09-12 10:53:00,733 [pool-27-thread-1] INFO  storage.RaftStorageDirectory (RaftStorageDirectory.java:analyzeStorage(246)) - The storage directory /workdir/hadoop-ozone/integration-test/target/test-dir/MiniOzoneClusterImpl-838a7ec2-4afb-4d68-8138-46fa65bc7e11/datanode-0/data/ratis/a3ff4cf3-0459-49f1-a9b0-93602375edc9 does not exist. Creating ...
2019-09-12 10:53:00,746 [pool-27-thread-1] INFO  storage.RaftStorageDirectory (RaftStorageDirectory.java:tryLock(328)) - Lock on /workdir/hadoop-ozone/integration-test/target/test-dir/MiniOzoneClusterImpl-838a7ec2-4afb-4d68-8138-46fa65bc7e11/datanode-0/data/ratis/a3ff4cf3-0459-49f1-a9b0-93602375edc9/in_use.lock acquired by nodename 620@pr-hdds-1569-xtfnx-3545843844
2019-09-12 10:53:00,759 [pool-27-thread-1] INFO  storage.RaftStorage (RaftStorage.java:format(72)) - Storage directory /workdir/hadoop-ozone/integration-test/target/test-dir/MiniOzoneClusterImpl-838a7ec2-4afb-4d68-8138-46fa65bc7e11/datanode-0/data/ratis/a3ff4cf3-0459-49f1-a9b0-93602375edc9 has been successfully formatted.
2019-09-12 10:53:00,759 [pool-27-thread-1] INFO  ratis.ContainerStateMachine (ContainerStateMachine.java:loadSnapshot(226)) - group-93602375EDC9: The snapshot info is null. Setting the last applied indexto:(t:0, i:~)
2019-09-12 10:53:00,760 [pool-27-thread-1] INFO  server.RaftServerConfigKeys (ConfUtils.java:logGet(43)) - raft.server.leader.election.timeout = 120s (custom)
2019-09-12 10:53:00,760 [pool-27-thread-1] INFO  server.RaftServerConfigKeys (ConfUtils.java:logGet(43)) - raft.server.log.use.memory = false (default)
2019-09-12 10:53:00,760 [pool-27-thread-1] INFO  server.RaftServerConfigKeys (ConfUtils.java:logGet(43)) - raft.server.log.purge.gap = 1000000 (custom)
2019-09-12 10:53:00,760 [pool-27-thread-1] INFO  server.RaftServerConfigKeys (ConfUtils.java:logGet(43)) - raft.server.log.appender.buffer.byte-limit = 33554432 (custom)
2019-09-12 10:53:00,760 [pool-27-thread-1] INFO  server.RaftServerConfigKeys (ConfUtils.java:logGet(43)) - raft.server.log.segment.size.max = 1048576 (custom)
2019-09-12 10:53:00,760 [pool-27-thread-1] INFO  server.RaftServerConfigKeys (ConfUtils.java:logGet(43)) - raft.server.log.segment.cache.num.max = 2 (custom)
2019-09-12 10:53:00,760 [pool-27-thread-1] INFO  segmented.SegmentedRaftLogWorker (SegmentedRaftLogWorker.java:<init>(172)) - new da20f580-5b10-4303-a8d6-74672b88192d-SegmentedRaftLogWorker:Storage Directory /workdir/hadoop-ozone/integration-test/target/test-dir/MiniOzoneClusterImpl-838a7ec2-4afb-4d68-8138-46fa65bc7e11/datanode-0/data/ratis/a3ff4cf3-0459-49f1-a9b0-93602375edc9 for RaftStorage:Storage Directory /workdir/hadoop-ozone/integration-test/target/test-dir/MiniOzoneClusterImpl-838a7ec2-4afb-4d68-8138-46fa65bc7e11/datanode-0/data/ratis/a3ff4cf3-0459-49f1-a9b0-93602375edc9
2019-09-12 10:53:00,760 [pool-27-thread-1] INFO  server.RaftServerConfigKeys (ConfUtils.java:logGet(43)) - raft.server.log.queue.byte-limit = 2147483647 (custom)
2019-09-12 10:53:00,761 [pool-27-thread-1] INFO  server.RaftServerConfigKeys (ConfUtils.java:logGet(43)) - raft.server.log.queue.element-limit = 1024 (custom)
2019-09-12 10:53:00,761 [pool-27-thread-1] INFO  server.RaftServerConfigKeys (ConfUtils.java:logGet(43)) - raft.server.log.segment.size.max = 1048576 (custom)
2019-09-12 10:53:00,761 [pool-27-thread-1] INFO  server.RaftServerConfigKeys (ConfUtils.java:logGet(43)) - raft.server.log.preallocated.size = 16384 (custom)
2019-09-12 10:53:00,761 [pool-27-thread-1] INFO  server.RaftServerConfigKeys (ConfUtils.java:logGet(43)) - raft.server.log.write.buffer.size = 33554432 (custom)
2019-09-12 10:53:00,761 [pool-27-thread-1] INFO  server.RaftServerConfigKeys (ConfUtils.java:logGet(43)) - raft.server.log.force.sync.num = 128 (default)
2019-09-12 10:53:00,761 [pool-27-thread-1] INFO  server.RaftServerConfigKeys (ConfUtils.java:logGet(43)) - raft.server.log.statemachine.data.sync = true (default)
2019-09-12 10:53:00,761 [pool-27-thread-1] INFO  server.RaftServerConfigKeys (ConfUtils.java:logGet(43)) - raft.server.log.statemachine.data.sync.timeout = 10s (default)
2019-09-12 10:53:00,761 [pool-27-thread-1] INFO  server.RaftServerConfigKeys (ConfUtils.java:logGet(43)) - raft.server.log.statemachine.data.sync.timeout.retry = -1 (default)
2019-09-12 10:53:00,762 [pool-27-thread-1] INFO  server.RaftServerConfigKeys (ConfUtils.java:logGet(43)) - raft.server.log.statemachine.data.caching.enabled = true (custom)
2019-09-12 10:53:00,762 [pool-27-thread-1] INFO  segmented.SegmentedRaftLogWorker (SegmentedRaftLogWorker.java:lambda$new$0(132)) - da20f580-5b10-4303-a8d6-74672b88192d-SegmentedRaftLogWorker:Storage Directory /workdir/hadoop-ozone/integration-test/target/test-dir/MiniOzoneClusterImpl-838a7ec2-4afb-4d68-8138-46fa65bc7e11/datanode-0/data/ratis/a3ff4cf3-0459-49f1-a9b0-93602375edc9: flushIndex: setUnconditionally 0 -> -1
2019-09-12 10:53:00,762 [pool-27-thread-1] INFO  server.RaftServerConfigKeys (ConfUtils.java:logGet(43)) - raft.server.snapshot.auto.trigger.enabled = true (custom)
2019-09-12 10:53:00,762 [pool-27-thread-1] INFO  server.RaftServerConfigKeys (ConfUtils.java:logGet(43)) - raft.server.snapshot.auto.trigger.threshold = 10000 (custom)
2019-09-12 10:53:00,762 [pool-27-thread-1] INFO  server.RaftServerConfigKeys (ConfUtils.java:logGet(43)) - raft.server.retrycache.expirytime = 600000ms (custom)
2019-09-12 10:53:00,763 [pool-27-thread-1] INFO  impl.RaftServerImpl (RaftServerImpl.java:start(180)) - da20f580-5b10-4303-a8d6-74672b88192d: start group-93602375EDC9
2019-09-12 10:53:00,763 [pool-27-thread-1] INFO  impl.RaftServerImpl (RaftServerImpl.java:setRole(171)) - da20f580-5b10-4303-a8d6-74672b88192d:group-93602375EDC9 changes role from null to FOLLOWER at term 0 for startAsFollower
2019-09-12 10:53:00,763 [pool-27-thread-1] INFO  impl.RoleInfo (RoleInfo.java:updateAndGet(143)) - da20f580-5b10-4303-a8d6-74672b88192d: start FollowerState
2019-09-12 10:53:00,763 [pool-27-thread-1] INFO  util.JmxRegister (JmxRegister.java:tryRegister(44)) - Successfully registered JMX Bean with object name Ratis:service=RaftServer,group=group-93602375EDC9,id=da20f580-5b10-4303-a8d6-74672b88192d
2019-09-12 10:53:00,771 [RatisPipelineUtilsThread] INFO  pipeline.PipelineStateManager (PipelineStateManager.java:addPipeline(56)) - Created pipeline Pipeline[ Id: a3ff4cf3-0459-49f1-a9b0-93602375edc9, Nodes: da20f580-5b10-4303-a8d6-74672b88192d{ip: 192.168.157.195, host: pr-hdds-1569-xtfnx-3545843844, networkLocation: /default-rack, certSerialId: null}, Type:RATIS, Factor:ONE, State:OPEN]
2019-09-12 10:53:00,774 [RatisPipelineUtilsThread] ERROR pipeline.PipelinePlacementPolicy (PipelinePlacementPolicy.java:meetCriteria(91)) - Pipeline Placement: Doesn't meet the criteria to be viable node. Heaviness: 6
2019-09-12 10:53:00,789 [grpc-default-executor-0] INFO  impl.RaftServerProxy (RaftServerProxy.java:addNew(89)) - 9dc3d9e1-35df-4da5-a2c1-5b39dd910295: addNew group-D80FE09C38AA:[9dc3d9e1-35df-4da5-a2c1-5b39dd910295:192.168.157.195:42873] returns group-D80FE09C38AA:java.util.concurrent.CompletableFuture@22fb6e67[Not completed]
2019-09-12 10:53:00,790 [pool-38-thread-1] INFO  impl.RaftServerImpl (RaftServerImpl.java:<init>(93)) - 9dc3d9e1-35df-4da5-a2c1-5b39dd910295: new RaftServerImpl for group-D80FE09C38AA:[9dc3d9e1-35df-4da5-a2c1-5b39dd910295:192.168.157.195:42873] with ContainerStateMachine:uninitialized
2019-09-12 10:53:00,791 [pool-38-thread-1] INFO  server.RaftServerConfigKeys (ConfUtils.java:logGet(43)) - raft.server.rpc.timeout.min = 1s (custom)
2019-09-12 10:53:00,791 [pool-38-thread-1] INFO  server.RaftServerConfigKeys (ConfUtils.java:logGet(43)) - raft.server.rpc.timeout.max = 1200ms (custom)
2019-09-12 10:53:00,791 [pool-38-thread-1] INFO  server.RaftServerConfigKeys (ConfUtils.java:logGet(43)) - raft.server.rpcslowness.timeout = 120s (custom)
2019-09-12 10:53:00,791 [pool-38-thread-1] INFO  server.RaftServerConfigKeys (ConfUtils.java:logGet(43)) - raft.server.sleep.deviation.threshold = 300 (default)
2019-09-12 10:53:00,791 [pool-38-thread-1] INFO  server.RaftServerConfigKeys (ConfUtils.java:logGet(43)) - raft.server.log.appender.install.snapshot.enabled = false (custom)
2019-09-12 10:53:00,791 [pool-38-thread-1] INFO  impl.RaftServerImpl (ServerState.java:<init>(105)) - 9dc3d9e1-35df-4da5-a2c1-5b39dd910295:group-D80FE09C38AA ConfigurationManager, init=-1: [9dc3d9e1-35df-4da5-a2c1-5b39dd910295:192.168.157.195:42873], old=null, confs=<EMPTY_MAP>
2019-09-12 10:53:00,792 [pool-38-thread-1] INFO  server.RaftServerConfigKeys (ConfUtils.java:logGet(43)) - raft.server.storage.dir = [/workdir/hadoop-ozone/integration-test/target/test-dir/MiniOzoneClusterImpl-838a7ec2-4afb-4d68-8138-46fa65bc7e11/datanode-1/data/ratis] (custom)
2019-09-12 10:53:00,792 [pool-38-thread-1] INFO  storage.RaftStorageDirectory (RaftStorageDirectory.java:analyzeStorage(246)) - The storage directory /workdir/hadoop-ozone/integration-test/target/test-dir/MiniOzoneClusterImpl-838a7ec2-4afb-4d68-8138-46fa65bc7e11/datanode-1/data/ratis/34036bfd-a36b-4a16-b60e-d80fe09c38aa does not exist. Creating ...
2019-09-12 10:53:00,805 [pool-38-thread-1] INFO  storage.RaftStorageDirectory (RaftStorageDirectory.java:tryLock(328)) - Lock on /workdir/hadoop-ozone/integration-test/target/test-dir/MiniOzoneClusterImpl-838a7ec2-4afb-4d68-8138-46fa65bc7e11/datanode-1/data/ratis/34036bfd-a36b-4a16-b60e-d80fe09c38aa/in_use.lock acquired by nodename 620@pr-hdds-1569-xtfnx-3545843844
2019-09-12 10:53:00,818 [pool-38-thread-1] INFO  storage.RaftStorage (RaftStorage.java:format(72)) - Storage directory /workdir/hadoop-ozone/integration-test/target/test-dir/MiniOzoneClusterImpl-838a7ec2-4afb-4d68-8138-46fa65bc7e11/datanode-1/data/ratis/34036bfd-a36b-4a16-b60e-d80fe09c38aa has been successfully formatted.
2019-09-12 10:53:00,818 [pool-38-thread-1] INFO  ratis.ContainerStateMachine (ContainerStateMachine.java:loadSnapshot(226)) - group-D80FE09C38AA: The snapshot info is null. Setting the last applied indexto:(t:0, i:~)
2019-09-12 10:53:00,818 [pool-38-thread-1] INFO  server.RaftServerConfigKeys (ConfUtils.java:logGet(43)) - raft.server.leader.election.timeout = 120s (custom)
2019-09-12 10:53:00,818 [pool-38-thread-1] INFO  server.RaftServerConfigKeys (ConfUtils.java:logGet(43)) - raft.server.log.use.memory = false (default)
2019-09-12 10:53:00,819 [pool-38-thread-1] INFO  server.RaftServerConfigKeys (ConfUtils.java:logGet(43)) - raft.server.log.purge.gap = 1000000 (custom)
2019-09-12 10:53:00,819 [pool-38-thread-1] INFO  server.RaftServerConfigKeys (ConfUtils.java:logGet(43)) - raft.server.log.appender.buffer.byte-limit = 33554432 (custom)
2019-09-12 10:53:00,819 [pool-38-thread-1] INFO  server.RaftServerConfigKeys (ConfUtils.java:logGet(43)) - raft.server.log.segment.size.max = 1048576 (custom)
2019-09-12 10:53:00,819 [pool-38-thread-1] INFO  server.RaftServerConfigKeys (ConfUtils.java:logGet(43)) - raft.server.log.segment.cache.num.max = 2 (custom)
2019-09-12 10:53:00,819 [pool-38-thread-1] INFO  segmented.SegmentedRaftLogWorker (SegmentedRaftLogWorker.java:<init>(172)) - new 9dc3d9e1-35df-4da5-a2c1-5b39dd910295-SegmentedRaftLogWorker:Storage Directory /workdir/hadoop-ozone/integration-test/target/test-dir/MiniOzoneClusterImpl-838a7ec2-4afb-4d68-8138-46fa65bc7e11/datanode-1/data/ratis/34036bfd-a36b-4a16-b60e-d80fe09c38aa for RaftStorage:Storage Directory /workdir/hadoop-ozone/integration-test/target/test-dir/MiniOzoneClusterImpl-838a7ec2-4afb-4d68-8138-46fa65bc7e11/datanode-1/data/ratis/34036bfd-a36b-4a16-b60e-d80fe09c38aa
2019-09-12 10:53:00,819 [pool-38-thread-1] INFO  server.RaftServerConfigKeys (ConfUtils.java:logGet(43)) - raft.server.log.queue.byte-limit = 2147483647 (custom)
2019-09-12 10:53:00,820 [pool-38-thread-1] INFO  server.RaftServerConfigKeys (ConfUtils.java:logGet(43)) - raft.server.log.queue.element-limit = 1024 (custom)
2019-09-12 10:53:00,820 [pool-38-thread-1] INFO  server.RaftServerConfigKeys (ConfUtils.java:logGet(43)) - raft.server.log.segment.size.max = 1048576 (custom)
2019-09-12 10:53:00,820 [pool-38-thread-1] INFO  server.RaftServerConfigKeys (ConfUtils.java:logGet(43)) - raft.server.log.preallocated.size = 16384 (custom)
2019-09-12 10:53:00,820 [pool-38-thread-1] INFO  server.RaftServerConfigKeys (ConfUtils.java:logGet(43)) - raft.server.log.write.buffer.size = 33554432 (custom)
2019-09-12 10:53:00,820 [pool-38-thread-1] INFO  server.RaftServerConfigKeys (ConfUtils.java:logGet(43)) - raft.server.log.force.sync.num = 128 (default)
2019-09-12 10:53:00,820 [pool-38-thread-1] INFO  server.RaftServerConfigKeys (ConfUtils.java:logGet(43)) - raft.server.log.statemachine.data.sync = true (default)
2019-09-12 10:53:00,820 [Thread-284] INFO  impl.FollowerState (FollowerState.java:run(106)) - da20f580-5b10-4303-a8d6-74672b88192d:group-A3353F768107 changes to CANDIDATE, lastRpcTime:1193, electionTimeout:1192ms
2019-09-12 10:53:00,820 [pool-38-thread-1] INFO  server.RaftServerConfigKeys (ConfUtils.java:logGet(43)) - raft.server.log.statemachine.data.sync.timeout = 10s (default)
2019-09-12 10:53:00,824 [Thread-284] INFO  impl.RoleInfo (RoleInfo.java:shutdownFollowerState(121)) - da20f580-5b10-4303-a8d6-74672b88192d: shutdown FollowerState
2019-09-12 10:53:00,825 [pool-38-thread-1] INFO  server.RaftServerConfigKeys (ConfUtils.java:logGet(43)) - raft.server.log.statemachine.data.sync.timeout.retry = -1 (default)
2019-09-12 10:53:00,825 [Thread-284] INFO  impl.RaftServerImpl (RaftServerImpl.java:setRole(171)) - da20f580-5b10-4303-a8d6-74672b88192d:group-A3353F768107 changes role from FOLLOWER to CANDIDATE at term 0 for changeToCandidate
2019-09-12 10:53:00,825 [pool-38-thread-1] INFO  server.RaftServerConfigKeys (ConfUtils.java:logGet(43)) - raft.server.log.statemachine.data.caching.enabled = true (custom)
2019-09-12 10:53:00,825 [pool-38-thread-1] INFO  segmented.SegmentedRaftLogWorker (SegmentedRaftLogWorker.java:lambda$new$0(132)) - 9dc3d9e1-35df-4da5-a2c1-5b39dd910295-SegmentedRaftLogWorker:Storage Directory /workdir/hadoop-ozone/integration-test/target/test-dir/MiniOzoneClusterImpl-838a7ec2-4afb-4d68-8138-46fa65bc7e11/datanode-1/data/ratis/34036bfd-a36b-4a16-b60e-d80fe09c38aa: flushIndex: setUnconditionally 0 -> -1
2019-09-12 10:53:00,826 [pool-38-thread-1] INFO  server.RaftServerConfigKeys (ConfUtils.java:logGet(43)) - raft.server.snapshot.auto.trigger.enabled = true (custom)
2019-09-12 10:53:00,826 [pool-38-thread-1] INFO  server.RaftServerConfigKeys (ConfUtils.java:logGet(43)) - raft.server.snapshot.auto.trigger.threshold = 10000 (custom)
2019-09-12 10:53:00,826 [pool-38-thread-1] INFO  server.RaftServerConfigKeys (ConfUtils.java:logGet(43)) - raft.server.retrycache.expirytime = 600000ms (custom)
2019-09-12 10:53:00,826 [pool-38-thread-1] INFO  impl.RaftServerImpl (RaftServerImpl.java:start(180)) - 9dc3d9e1-35df-4da5-a2c1-5b39dd910295: start group-D80FE09C38AA
2019-09-12 10:53:00,826 [pool-38-thread-1] INFO  impl.RaftServerImpl (RaftServerImpl.java:setRole(171)) - 9dc3d9e1-35df-4da5-a2c1-5b39dd910295:group-D80FE09C38AA changes role from null to FOLLOWER at term 0 for startAsFollower
2019-09-12 10:53:00,827 [pool-38-thread-1] INFO  impl.RoleInfo (RoleInfo.java:updateAndGet(143)) - 9dc3d9e1-35df-4da5-a2c1-5b39dd910295: start FollowerState
2019-09-12 10:53:00,827 [pool-38-thread-1] INFO  util.JmxRegister (JmxRegister.java:tryRegister(44)) - Successfully registered JMX Bean with object name Ratis:service=RaftServer,group=group-D80FE09C38AA,id=9dc3d9e1-35df-4da5-a2c1-5b39dd910295
2019-09-12 10:53:00,833 [Thread-284] INFO  impl.RoleInfo (RoleInfo.java:updateAndGet(143)) - da20f580-5b10-4303-a8d6-74672b88192d: start LeaderElection
2019-09-12 10:53:00,843 [RatisPipelineUtilsThread] INFO  pipeline.PipelineStateManager (PipelineStateManager.java:addPipeline(56)) - Created pipeline Pipeline[ Id: 34036bfd-a36b-4a16-b60e-d80fe09c38aa, Nodes: 9dc3d9e1-35df-4da5-a2c1-5b39dd910295{ip: 192.168.157.195, host: pr-hdds-1569-xtfnx-3545843844, networkLocation: /default-rack, certSerialId: null}, Type:RATIS, Factor:ONE, State:OPEN]
2019-09-12 10:53:00,843 [RatisPipelineUtilsThread] ERROR pipeline.PipelinePlacementPolicy (PipelinePlacementPolicy.java:meetCriteria(91)) - Pipeline Placement: Doesn't meet the criteria to be viable node. Heaviness: 6
2019-09-12 10:53:00,856 [da20f580-5b10-4303-a8d6-74672b88192d:group-A3353F768107:LeaderElection1] INFO  impl.LeaderElection (LeaderElection.java:askForVotes(181)) - da20f580-5b10-4303-a8d6-74672b88192d:group-A3353F768107:LeaderElection1: begin an election at term 1 for -1: [da20f580-5b10-4303-a8d6-74672b88192d:192.168.157.195:33557], old=null
2019-09-12 10:53:00,856 [grpc-default-executor-0] INFO  impl.RaftServerProxy (RaftServerProxy.java:addNew(89)) - 250b6484-39fc-4c26-8a98-91f8d9b3befa: addNew group-12BB3AFF3F90:[250b6484-39fc-4c26-8a98-91f8d9b3befa:192.168.157.195:34503] returns group-12BB3AFF3F90:java.util.concurrent.CompletableFuture@21cb1799[Not completed]
2019-09-12 10:53:00,858 [da20f580-5b10-4303-a8d6-74672b88192d:group-A3353F768107:LeaderElection1] INFO  impl.RoleInfo (RoleInfo.java:shutdownLeaderElection(134)) - da20f580-5b10-4303-a8d6-74672b88192d: shutdown LeaderElection
2019-09-12 10:53:00,858 [da20f580-5b10-4303-a8d6-74672b88192d:group-A3353F768107:LeaderElection1] INFO  impl.RaftServerImpl (RaftServerImpl.java:setRole(171)) - da20f580-5b10-4303-a8d6-74672b88192d:group-A3353F768107 changes role from CANDIDATE to LEADER at term 1 for changeToLeader
2019-09-12 10:53:00,859 [da20f580-5b10-4303-a8d6-74672b88192d:group-A3353F768107:LeaderElection1] INFO  impl.RaftServerImpl (ServerState.java:setLeader(263)) - da20f580-5b10-4303-a8d6-74672b88192d:group-A3353F768107 change Leader from null to da20f580-5b10-4303-a8d6-74672b88192d at term 1 for becomeLeader, leader elected after 1323ms
2019-09-12 10:53:00,859 [pool-49-thread-1] INFO  impl.RaftServerImpl (RaftServerImpl.java:<init>(93)) - 250b6484-39fc-4c26-8a98-91f8d9b3befa: new RaftServerImpl for group-12BB3AFF3F90:[250b6484-39fc-4c26-8a98-91f8d9b3befa:192.168.157.195:34503] with ContainerStateMachine:uninitialized
2019-09-12 10:53:00,859 [pool-49-thread-1] INFO  server.RaftServerConfigKeys (ConfUtils.java:logGet(43)) - raft.server.rpc.timeout.min = 1s (custom)
2019-09-12 10:53:00,859 [pool-49-thread-1] INFO  server.RaftServerConfigKeys (ConfUtils.java:logGet(43)) - raft.server.rpc.timeout.max = 1200ms (custom)
2019-09-12 10:53:00,859 [pool-49-thread-1] INFO  server.RaftServerConfigKeys (ConfUtils.java:logGet(43)) - raft.server.rpcslowness.timeout = 120s (custom)
2019-09-12 10:53:00,859 [pool-49-thread-1] INFO  server.RaftServerConfigKeys (ConfUtils.java:logGet(43)) - raft.server.sleep.deviation.threshold = 300 (default)
2019-09-12 10:53:00,860 [pool-49-thread-1] INFO  server.RaftServerConfigKeys (ConfUtils.java:logGet(43)) - raft.server.log.appender.install.snapshot.enabled = false (custom)
2019-09-12 10:53:00,860 [pool-49-thread-1] INFO  impl.RaftServerImpl (ServerState.java:<init>(105)) - 250b6484-39fc-4c26-8a98-91f8d9b3befa:group-12BB3AFF3F90 ConfigurationManager, init=-1: [250b6484-39fc-4c26-8a98-91f8d9b3befa:192.168.157.195:34503], old=null, confs=<EMPTY_MAP>
2019-09-12 10:53:00,860 [pool-49-thread-1] INFO  server.RaftServerConfigKeys (ConfUtils.java:logGet(43)) - raft.server.storage.dir = [/workdir/hadoop-ozone/integration-test/target/test-dir/MiniOzoneClusterImpl-838a7ec2-4afb-4d68-8138-46fa65bc7e11/datanode-2/data/ratis] (custom)
2019-09-12 10:53:00,860 [pool-49-thread-1] INFO  storage.RaftStorageDirectory (RaftStorageDirectory.java:analyzeStorage(246)) - The storage directory /workdir/hadoop-ozone/integration-test/target/test-dir/MiniOzoneClusterImpl-838a7ec2-4afb-4d68-8138-46fa65bc7e11/datanode-2/data/ratis/d9b8b5c1-1d43-401e-a077-12bb3aff3f90 does not exist. Creating ...
2019-09-12 10:53:00,861 [Thread-287] INFO  impl.FollowerState (FollowerState.java:run(106)) - e4f93bd3-fff9-4926-9bf8-61056d59521f:group-EF72FC0375A0 changes to CANDIDATE, lastRpcTime:1028, electionTimeout:1025ms
2019-09-12 10:53:00,866 [Thread-287] INFO  impl.RoleInfo (RoleInfo.java:shutdownFollowerState(121)) - e4f93bd3-fff9-4926-9bf8-61056d59521f: shutdown FollowerState
2019-09-12 10:53:00,866 [Thread-287] INFO  impl.RaftServerImpl (RaftServerImpl.java:setRole(171)) - e4f93bd3-fff9-4926-9bf8-61056d59521f:group-EF72FC0375A0 changes role from FOLLOWER to CANDIDATE at term 0 for changeToCandidate
2019-09-12 10:53:00,866 [Thread-287] INFO  impl.RoleInfo (RoleInfo.java:updateAndGet(143)) - e4f93bd3-fff9-4926-9bf8-61056d59521f: start LeaderElection
2019-09-12 10:53:00,877 [pool-49-thread-1] INFO  storage.RaftStorageDirectory (RaftStorageDirectory.java:tryLock(328)) - Lock on /workdir/hadoop-ozone/integration-test/target/test-dir/MiniOzoneClusterImpl-838a7ec2-4afb-4d68-8138-46fa65bc7e11/datanode-2/data/ratis/d9b8b5c1-1d43-401e-a077-12bb3aff3f90/in_use.lock acquired by nodename 620@pr-hdds-1569-xtfnx-3545843844
2019-09-12 10:53:00,877 [da20f580-5b10-4303-a8d6-74672b88192d:group-A3353F768107:LeaderElection1] INFO  server.RaftServerConfigKeys (ConfUtils.java:logGet(43)) - raft.server.staging.catchup.gap = 1000 (default)
2019-09-12 10:53:00,877 [e4f93bd3-fff9-4926-9bf8-61056d59521f:group-EF72FC0375A0:LeaderElection2] INFO  impl.LeaderElection (LeaderElection.java:askForVotes(181)) - e4f93bd3-fff9-4926-9bf8-61056d59521f:group-EF72FC0375A0:LeaderElection2: begin an election at term 1 for -1: [e4f93bd3-fff9-4926-9bf8-61056d59521f:192.168.157.195:41370], old=null
2019-09-12 10:53:00,879 [da20f580-5b10-4303-a8d6-74672b88192d:group-A3353F768107:LeaderElection1] INFO  server.RaftServerConfigKeys (ConfUtils.java:logGet(43)) - raft.server.rpc.sleep.time = 25ms (default)
2019-09-12 10:53:00,879 [e4f93bd3-fff9-4926-9bf8-61056d59521f:group-EF72FC0375A0:LeaderElection2] INFO  impl.RoleInfo (RoleInfo.java:shutdownLeaderElection(134)) - e4f93bd3-fff9-4926-9bf8-61056d59521f: shutdown LeaderElection
2019-09-12 10:53:00,880 [e4f93bd3-fff9-4926-9bf8-61056d59521f:group-EF72FC0375A0:LeaderElection2] INFO  impl.RaftServerImpl (RaftServerImpl.java:setRole(171)) - e4f93bd3-fff9-4926-9bf8-61056d59521f:group-EF72FC0375A0 changes role from CANDIDATE to LEADER at term 1 for changeToLeader
2019-09-12 10:53:00,880 [e4f93bd3-fff9-4926-9bf8-61056d59521f:group-EF72FC0375A0:LeaderElection2] INFO  impl.RaftServerImpl (ServerState.java:setLeader(263)) - e4f93bd3-fff9-4926-9bf8-61056d59521f:group-EF72FC0375A0 change Leader from null to e4f93bd3-fff9-4926-9bf8-61056d59521f at term 1 for becomeLeader, leader elected after 1051ms
2019-09-12 10:53:00,881 [e4f93bd3-fff9-4926-9bf8-61056d59521f:group-EF72FC0375A0:LeaderElection2] INFO  server.RaftServerConfigKeys (ConfUtils.java:logGet(43)) - raft.server.staging.catchup.gap = 1000 (default)
2019-09-12 10:53:00,882 [e4f93bd3-fff9-4926-9bf8-61056d59521f:group-EF72FC0375A0:LeaderElection2] INFO  server.RaftServerConfigKeys (ConfUtils.java:logGet(43)) - raft.server.rpc.sleep.time = 25ms (default)
2019-09-12 10:53:00,885 [e4f93bd3-fff9-4926-9bf8-61056d59521f:group-EF72FC0375A0:LeaderElection2] INFO  server.RaftServerConfigKeys (ConfUtils.java:logGet(43)) - raft.server.write.element-limit = 4096 (default)
2019-09-12 10:53:00,885 [da20f580-5b10-4303-a8d6-74672b88192d:group-A3353F768107:LeaderElection1] INFO  server.RaftServerConfigKeys (ConfUtils.java:logGet(43)) - raft.server.write.element-limit = 4096 (default)
2019-09-12 10:53:00,888 [e4f93bd3-fff9-4926-9bf8-61056d59521f:group-EF72FC0375A0:LeaderElection2] INFO  server.RaftServerConfigKeys (ConfUtils.java:logGet(43)) - raft.server.watch.timeout = 10s (default)
2019-09-12 10:53:00,888 [da20f580-5b10-4303-a8d6-74672b88192d:group-A3353F768107:LeaderElection1] INFO  server.RaftServerConfigKeys (ConfUtils.java:logGet(43)) - raft.server.watch.timeout = 10s (default)
2019-09-12 10:53:00,888 [e4f93bd3-fff9-4926-9bf8-61056d59521f:group-EF72FC0375A0:LeaderElection2] INFO  server.RaftServerConfigKeys (ConfUtils.java:logGet(43)) - raft.server.watch.timeout.denomination = 1s (default)
2019-09-12 10:53:00,888 [da20f580-5b10-4303-a8d6-74672b88192d:group-A3353F768107:LeaderElection1] INFO  server.RaftServerConfigKeys (ConfUtils.java:logGet(43)) - raft.server.watch.timeout.denomination = 1s (default)
2019-09-12 10:53:00,889 [e4f93bd3-fff9-4926-9bf8-61056d59521f:group-EF72FC0375A0:LeaderElection2] INFO  server.RaftServerConfigKeys (ConfUtils.java:logGet(43)) - raft.server.watch.element-limit = 65536 (default)
2019-09-12 10:53:00,889 [da20f580-5b10-4303-a8d6-74672b88192d:group-A3353F768107:LeaderElection1] INFO  server.RaftServerConfigKeys (ConfUtils.java:logGet(43)) - raft.server.watch.element-limit = 65536 (default)
2019-09-12 10:53:00,896 [pool-49-thread-1] INFO  storage.RaftStorage (RaftStorage.java:format(72)) - Storage directory /workdir/hadoop-ozone/integration-test/target/test-dir/MiniOzoneClusterImpl-838a7ec2-4afb-4d68-8138-46fa65bc7e11/datanode-2/data/ratis/d9b8b5c1-1d43-401e-a077-12bb3aff3f90 has been successfully formatted.
2019-09-12 10:53:00,896 [pool-49-thread-1] INFO  ratis.ContainerStateMachine (ContainerStateMachine.java:loadSnapshot(226)) - group-12BB3AFF3F90: The snapshot info is null. Setting the last applied indexto:(t:0, i:~)
2019-09-12 10:53:00,896 [pool-49-thread-1] INFO  server.RaftServerConfigKeys (ConfUtils.java:logGet(43)) - raft.server.leader.election.timeout = 120s (custom)
2019-09-12 10:53:00,896 [pool-49-thread-1] INFO  server.RaftServerConfigKeys (ConfUtils.java:logGet(43)) - raft.server.log.use.memory = false (default)
2019-09-12 10:53:00,896 [pool-49-thread-1] INFO  server.RaftServerConfigKeys (ConfUtils.java:logGet(43)) - raft.server.log.purge.gap = 1000000 (custom)
2019-09-12 10:53:00,897 [pool-49-thread-1] INFO  server.RaftServerConfigKeys (ConfUtils.java:logGet(43)) - raft.server.log.appender.buffer.byte-limit = 33554432 (custom)
2019-09-12 10:53:00,897 [pool-49-thread-1] INFO  server.RaftServerConfigKeys (ConfUtils.java:logGet(43)) - raft.server.log.segment.size.max = 1048576 (custom)
2019-09-12 10:53:00,897 [pool-49-thread-1] INFO  server.RaftServerConfigKeys (ConfUtils.java:logGet(43)) - raft.server.log.segment.cache.num.max = 2 (custom)
2019-09-12 10:53:00,897 [pool-49-thread-1] INFO  segmented.SegmentedRaftLogWorker (SegmentedRaftLogWorker.java:<init>(172)) - new 250b6484-39fc-4c26-8a98-91f8d9b3befa-SegmentedRaftLogWorker:Storage Directory /workdir/hadoop-ozone/integration-test/target/test-dir/MiniOzoneClusterImpl-838a7ec2-4afb-4d68-8138-46fa65bc7e11/datanode-2/data/ratis/d9b8b5c1-1d43-401e-a077-12bb3aff3f90 for RaftStorage:Storage Directory /workdir/hadoop-ozone/integration-test/target/test-dir/MiniOzoneClusterImpl-838a7ec2-4afb-4d68-8138-46fa65bc7e11/datanode-2/data/ratis/d9b8b5c1-1d43-401e-a077-12bb3aff3f90
2019-09-12 10:53:00,897 [pool-49-thread-1] INFO  server.RaftServerConfigKeys (ConfUtils.java:logGet(43)) - raft.server.log.queue.byte-limit = 2147483647 (custom)
2019-09-12 10:53:00,897 [pool-49-thread-1] INFO  server.RaftServerConfigKeys (ConfUtils.java:logGet(43)) - raft.server.log.queue.element-limit = 1024 (custom)
2019-09-12 10:53:00,900 [pool-49-thread-1] INFO  server.RaftServerConfigKeys (ConfUtils.java:logGet(43)) - raft.server.log.segment.size.max = 1048576 (custom)
2019-09-12 10:53:00,900 [pool-49-thread-1] INFO  server.RaftServerConfigKeys (ConfUtils.java:logGet(43)) - raft.server.log.preallocated.size = 16384 (custom)
2019-09-12 10:53:00,900 [pool-49-thread-1] INFO  server.RaftServerConfigKeys (ConfUtils.java:logGet(43)) - raft.server.log.write.buffer.size = 33554432 (custom)
2019-09-12 10:53:00,900 [pool-49-thread-1] INFO  server.RaftServerConfigKeys (ConfUtils.java:logGet(43)) - raft.server.log.force.sync.num = 128 (default)
2019-09-12 10:53:00,900 [pool-49-thread-1] INFO  server.RaftServerConfigKeys (ConfUtils.java:logGet(43)) - raft.server.log.statemachine.data.sync = true (default)
2019-09-12 10:53:00,902 [pool-49-thread-1] INFO  server.RaftServerConfigKeys (ConfUtils.java:logGet(43)) - raft.server.log.statemachine.data.sync.timeout = 10s (default)
2019-09-12 10:53:00,903 [pool-49-thread-1] INFO  server.RaftServerConfigKeys (ConfUtils.java:logGet(43)) - raft.server.log.statemachine.data.sync.timeout.retry = -1 (default)
2019-09-12 10:53:00,906 [pool-49-thread-1] INFO  server.RaftServerConfigKeys (ConfUtils.java:logGet(43)) - raft.server.log.statemachine.data.caching.enabled = true (custom)
2019-09-12 10:53:00,907 [pool-49-thread-1] INFO  segmented.SegmentedRaftLogWorker (SegmentedRaftLogWorker.java:lambda$new$0(132)) - 250b6484-39fc-4c26-8a98-91f8d9b3befa-SegmentedRaftLogWorker:Storage Directory /workdir/hadoop-ozone/integration-test/target/test-dir/MiniOzoneClusterImpl-838a7ec2-4afb-4d68-8138-46fa65bc7e11/datanode-2/data/ratis/d9b8b5c1-1d43-401e-a077-12bb3aff3f90: flushIndex: setUnconditionally 0 -> -1
2019-09-12 10:53:00,907 [pool-49-thread-1] INFO  server.RaftServerConfigKeys (ConfUtils.java:logGet(43)) - raft.server.snapshot.auto.trigger.enabled = true (custom)
2019-09-12 10:53:00,907 [pool-49-thread-1] INFO  server.RaftServerConfigKeys (ConfUtils.java:logGet(43)) - raft.server.snapshot.auto.trigger.threshold = 10000 (custom)
2019-09-12 10:53:00,907 [pool-49-thread-1] INFO  server.RaftServerConfigKeys (ConfUtils.java:logGet(43)) - raft.server.retrycache.expirytime = 600000ms (custom)
2019-09-12 10:53:00,908 [pool-49-thread-1] INFO  impl.RaftServerImpl (RaftServerImpl.java:start(180)) - 250b6484-39fc-4c26-8a98-91f8d9b3befa: start group-12BB3AFF3F90
2019-09-12 10:53:00,908 [pool-49-thread-1] INFO  impl.RaftServerImpl (RaftServerImpl.java:setRole(171)) - 250b6484-39fc-4c26-8a98-91f8d9b3befa:group-12BB3AFF3F90 changes role from null to FOLLOWER at term 0 for startAsFollower
2019-09-12 10:53:00,908 [pool-49-thread-1] INFO  impl.RoleInfo (RoleInfo.java:updateAndGet(143)) - 250b6484-39fc-4c26-8a98-91f8d9b3befa: start FollowerState
2019-09-12 10:53:00,908 [pool-49-thread-1] INFO  util.JmxRegister (JmxRegister.java:tryRegister(44)) - Successfully registered JMX Bean with object name Ratis:service=RaftServer,group=group-12BB3AFF3F90,id=250b6484-39fc-4c26-8a98-91f8d9b3befa
2019-09-12 10:53:00,909 [e4f93bd3-fff9-4926-9bf8-61056d59521f:group-EF72FC0375A0:LeaderElection2] INFO  impl.RoleInfo (RoleInfo.java:updateAndGet(143)) - e4f93bd3-fff9-4926-9bf8-61056d59521f: start LeaderState
2019-09-12 10:53:00,911 [da20f580-5b10-4303-a8d6-74672b88192d:group-A3353F768107:LeaderElection1] INFO  impl.RoleInfo (RoleInfo.java:updateAndGet(143)) - da20f580-5b10-4303-a8d6-74672b88192d: start LeaderState
2019-09-12 10:53:00,917 [RatisPipelineUtilsThread] INFO  pipeline.PipelineStateManager (PipelineStateManager.java:addPipeline(56)) - Created pipeline Pipeline[ Id: d9b8b5c1-1d43-401e-a077-12bb3aff3f90, Nodes: 250b6484-39fc-4c26-8a98-91f8d9b3befa{ip: 192.168.157.195, host: pr-hdds-1569-xtfnx-3545843844, networkLocation: /default-rack, certSerialId: null}, Type:RATIS, Factor:ONE, State:OPEN]
2019-09-12 10:53:00,917 [RatisPipelineUtilsThread] ERROR pipeline.PipelinePlacementPolicy (PipelinePlacementPolicy.java:meetCriteria(91)) - Pipeline Placement: Doesn't meet the criteria to be viable node. Heaviness: 6
2019-09-12 10:53:00,929 [grpc-default-executor-0] INFO  impl.RaftServerProxy (RaftServerProxy.java:addNew(89)) - 9dc3d9e1-35df-4da5-a2c1-5b39dd910295: addNew group-D2EBA9E0223F:[9dc3d9e1-35df-4da5-a2c1-5b39dd910295:192.168.157.195:42873] returns group-D2EBA9E0223F:java.util.concurrent.CompletableFuture@21ab2092[Not completed]
2019-09-12 10:53:00,931 [pool-38-thread-1] INFO  impl.RaftServerImpl (RaftServerImpl.java:<init>(93)) - 9dc3d9e1-35df-4da5-a2c1-5b39dd910295: new RaftServerImpl for group-D2EBA9E0223F:[9dc3d9e1-35df-4da5-a2c1-5b39dd910295:192.168.157.195:42873] with ContainerStateMachine:uninitialized
2019-09-12 10:53:00,931 [pool-38-thread-1] INFO  server.RaftServerConfigKeys (ConfUtils.java:logGet(43)) - raft.server.rpc.timeout.min = 1s (custom)
2019-09-12 10:53:00,931 [pool-38-thread-1] INFO  server.RaftServerConfigKeys (ConfUtils.java:logGet(43)) - raft.server.rpc.timeout.max = 1200ms (custom)
2019-09-12 10:53:00,931 [pool-38-thread-1] INFO  server.RaftServerConfigKeys (ConfUtils.java:logGet(43)) - raft.server.rpcslowness.timeout = 120s (custom)
2019-09-12 10:53:00,931 [pool-38-thread-1] INFO  server.RaftServerConfigKeys (ConfUtils.java:logGet(43)) - raft.server.sleep.deviation.threshold = 300 (default)
2019-09-12 10:53:00,931 [pool-38-thread-1] INFO  server.RaftServerConfigKeys (ConfUtils.java:logGet(43)) - raft.server.log.appender.install.snapshot.enabled = false (custom)
2019-09-12 10:53:00,931 [pool-38-thread-1] INFO  impl.RaftServerImpl (ServerState.java:<init>(105)) - 9dc3d9e1-35df-4da5-a2c1-5b39dd910295:group-D2EBA9E0223F ConfigurationManager, init=-1: [9dc3d9e1-35df-4da5-a2c1-5b39dd910295:192.168.157.195:42873], old=null, confs=<EMPTY_MAP>
2019-09-12 10:53:00,932 [pool-38-thread-1] INFO  server.RaftServerConfigKeys (ConfUtils.java:logGet(43)) - raft.server.storage.dir = [/workdir/hadoop-ozone/integration-test/target/test-dir/MiniOzoneClusterImpl-838a7ec2-4afb-4d68-8138-46fa65bc7e11/datanode-1/data/ratis] (custom)
2019-09-12 10:53:00,932 [pool-38-thread-1] INFO  storage.RaftStorageDirectory (RaftStorageDirectory.java:analyzeStorage(246)) - The storage directory /workdir/hadoop-ozone/integration-test/target/test-dir/MiniOzoneClusterImpl-838a7ec2-4afb-4d68-8138-46fa65bc7e11/datanode-1/data/ratis/e31323ed-a14f-4dcf-81b0-d2eba9e0223f does not exist. Creating ...
2019-09-12 10:53:00,945 [pool-38-thread-1] INFO  storage.RaftStorageDirectory (RaftStorageDirectory.java:tryLock(328)) - Lock on /workdir/hadoop-ozone/integration-test/target/test-dir/MiniOzoneClusterImpl-838a7ec2-4afb-4d68-8138-46fa65bc7e11/datanode-1/data/ratis/e31323ed-a14f-4dcf-81b0-d2eba9e0223f/in_use.lock acquired by nodename 620@pr-hdds-1569-xtfnx-3545843844
2019-09-12 10:53:00,945 [da20f580-5b10-4303-a8d6-74672b88192d:group-A3353F768107:LeaderElection1] INFO  segmented.SegmentedRaftLogWorker (SegmentedRaftLogWorker.java:startLogSegment(380)) - da20f580-5b10-4303-a8d6-74672b88192d-SegmentedRaftLogWorker:Storage Directory /workdir/hadoop-ozone/integration-test/target/test-dir/MiniOzoneClusterImpl-838a7ec2-4afb-4d68-8138-46fa65bc7e11/datanode-0/data/ratis/5215026f-09c0-4783-ac7a-a3353f768107: Starting segment from index:0
2019-09-12 10:53:00,945 [e4f93bd3-fff9-4926-9bf8-61056d59521f:group-EF72FC0375A0:LeaderElection2] INFO  segmented.SegmentedRaftLogWorker (SegmentedRaftLogWorker.java:startLogSegment(380)) - e4f93bd3-fff9-4926-9bf8-61056d59521f-SegmentedRaftLogWorker:Storage Directory /workdir/hadoop-ozone/integration-test/target/test-dir/MiniOzoneClusterImpl-838a7ec2-4afb-4d68-8138-46fa65bc7e11/datanode-3/data/ratis/a35c9cc6-01a4-4c9a-8d7d-ef72fc0375a0: Starting segment from index:0
2019-09-12 10:53:00,955 [da20f580-5b10-4303-a8d6-74672b88192d:group-A3353F768107:LeaderElection1] INFO  impl.RaftServerImpl (ServerState.java:setRaftConf(361)) - da20f580-5b10-4303-a8d6-74672b88192d:group-A3353F768107 set configuration 0: [da20f580-5b10-4303-a8d6-74672b88192d:192.168.157.195:33557], old=null at 0
2019-09-12 10:53:00,955 [e4f93bd3-fff9-4926-9bf8-61056d59521f:group-EF72FC0375A0:LeaderElection2] INFO  impl.RaftServerImpl (ServerState.java:setRaftConf(361)) - e4f93bd3-fff9-4926-9bf8-61056d59521f:group-EF72FC0375A0 set configuration 0: [e4f93bd3-fff9-4926-9bf8-61056d59521f:192.168.157.195:41370], old=null at 0
2019-09-12 10:53:00,960 [pool-38-thread-1] INFO  storage.RaftStorage (RaftStorage.java:format(72)) - Storage directory /workdir/hadoop-ozone/integration-test/target/test-dir/MiniOzoneClusterImpl-838a7ec2-4afb-4d68-8138-46fa65bc7e11/datanode-1/data/ratis/e31323ed-a14f-4dcf-81b0-d2eba9e0223f has been successfully formatted.
2019-09-12 10:53:00,961 [pool-38-thread-1] INFO  ratis.ContainerStateMachine (ContainerStateMachine.java:loadSnapshot(226)) - group-D2EBA9E0223F: The snapshot info is null. Setting the last applied indexto:(t:0, i:~)
2019-09-12 10:53:00,961 [pool-38-thread-1] INFO  server.RaftServerConfigKeys (ConfUtils.java:logGet(43)) - raft.server.leader.election.timeout = 120s (custom)
2019-09-12 10:53:00,961 [pool-38-thread-1] INFO  server.RaftServerConfigKeys (ConfUtils.java:logGet(43)) - raft.server.log.use.memory = false (default)
2019-09-12 10:53:00,961 [pool-38-thread-1] INFO  server.RaftServerConfigKeys (ConfUtils.java:logGet(43)) - raft.server.log.purge.gap = 1000000 (custom)
2019-09-12 10:53:00,961 [pool-38-thread-1] INFO  server.RaftServerConfigKeys (ConfUtils.java:logGet(43)) - raft.server.log.appender.buffer.byte-limit = 33554432 (custom)
2019-09-12 10:53:00,961 [pool-38-thread-1] INFO  server.RaftServerConfigKeys (ConfUtils.java:logGet(43)) - raft.server.log.segment.size.max = 1048576 (custom)
2019-09-12 10:53:00,961 [pool-38-thread-1] INFO  server.RaftServerConfigKeys (ConfUtils.java:logGet(43)) - raft.server.log.segment.cache.num.max = 2 (custom)
2019-09-12 10:53:00,962 [pool-38-thread-1] INFO  segmented.SegmentedRaftLogWorker (SegmentedRaftLogWorker.java:<init>(172)) - new 9dc3d9e1-35df-4da5-a2c1-5b39dd910295-SegmentedRaftLogWorker:Storage Directory /workdir/hadoop-ozone/integration-test/target/test-dir/MiniOzoneClusterImpl-838a7ec2-4afb-4d68-8138-46fa65bc7e11/datanode-1/data/ratis/e31323ed-a14f-4dcf-81b0-d2eba9e0223f for RaftStorage:Storage Directory /workdir/hadoop-ozone/integration-test/target/test-dir/MiniOzoneClusterImpl-838a7ec2-4afb-4d68-8138-46fa65bc7e11/datanode-1/data/ratis/e31323ed-a14f-4dcf-81b0-d2eba9e0223f
2019-09-12 10:53:00,962 [pool-38-thread-1] INFO  server.RaftServerConfigKeys (ConfUtils.java:logGet(43)) - raft.server.log.queue.byte-limit = 2147483647 (custom)
2019-09-12 10:53:00,962 [pool-38-thread-1] INFO  server.RaftServerConfigKeys (ConfUtils.java:logGet(43)) - raft.server.log.queue.element-limit = 1024 (custom)
2019-09-12 10:53:00,962 [pool-38-thread-1] INFO  server.RaftServerConfigKeys (ConfUtils.java:logGet(43)) - raft.server.log.segment.size.max = 1048576 (custom)
2019-09-12 10:53:00,962 [pool-38-thread-1] INFO  server.RaftServerConfigKeys (ConfUtils.java:logGet(43)) - raft.server.log.preallocated.size = 16384 (custom)
2019-09-12 10:53:00,962 [pool-38-thread-1] INFO  server.RaftServerConfigKeys (ConfUtils.java:logGet(43)) - raft.server.log.write.buffer.size = 33554432 (custom)
2019-09-12 10:53:00,962 [pool-38-thread-1] INFO  server.RaftServerConfigKeys (ConfUtils.java:logGet(43)) - raft.server.log.force.sync.num = 128 (default)
2019-09-12 10:53:00,962 [pool-38-thread-1] INFO  server.RaftServerConfigKeys (ConfUtils.java:logGet(43)) - raft.server.log.statemachine.data.sync = true (default)
2019-09-12 10:53:00,963 [pool-38-thread-1] INFO  server.RaftServerConfigKeys (ConfUtils.java:logGet(43)) - raft.server.log.statemachine.data.sync.timeout = 10s (default)
2019-09-12 10:53:00,963 [pool-38-thread-1] INFO  server.RaftServerConfigKeys (ConfUtils.java:logGet(43)) - raft.server.log.statemachine.data.sync.timeout.retry = -1 (default)
2019-09-12 10:53:00,963 [pool-38-thread-1] INFO  server.RaftServerConfigKeys (ConfUtils.java:logGet(43)) - raft.server.log.statemachine.data.caching.enabled = true (custom)
2019-09-12 10:53:00,963 [pool-38-thread-1] INFO  segmented.SegmentedRaftLogWorker (SegmentedRaftLogWorker.java:lambda$new$0(132)) - 9dc3d9e1-35df-4da5-a2c1-5b39dd910295-SegmentedRaftLogWorker:Storage Directory /workdir/hadoop-ozone/integration-test/target/test-dir/MiniOzoneClusterImpl-838a7ec2-4afb-4d68-8138-46fa65bc7e11/datanode-1/data/ratis/e31323ed-a14f-4dcf-81b0-d2eba9e0223f: flushIndex: setUnconditionally 0 -> -1
2019-09-12 10:53:00,963 [pool-38-thread-1] INFO  server.RaftServerConfigKeys (ConfUtils.java:logGet(43)) - raft.server.snapshot.auto.trigger.enabled = true (custom)
2019-09-12 10:53:00,964 [pool-38-thread-1] INFO  server.RaftServerConfigKeys (ConfUtils.java:logGet(43)) - raft.server.snapshot.auto.trigger.threshold = 10000 (custom)
2019-09-12 10:53:00,964 [pool-38-thread-1] INFO  server.RaftServerConfigKeys (ConfUtils.java:logGet(43)) - raft.server.retrycache.expirytime = 600000ms (custom)
2019-09-12 10:53:00,964 [pool-38-thread-1] INFO  impl.RaftServerImpl (RaftServerImpl.java:start(180)) - 9dc3d9e1-35df-4da5-a2c1-5b39dd910295: start group-D2EBA9E0223F
2019-09-12 10:53:00,964 [pool-38-thread-1] INFO  impl.RaftServerImpl (RaftServerImpl.java:setRole(171)) - 9dc3d9e1-35df-4da5-a2c1-5b39dd910295:group-D2EBA9E0223F changes role from null to FOLLOWER at term 0 for startAsFollower
2019-09-12 10:53:00,964 [pool-38-thread-1] INFO  impl.RoleInfo (RoleInfo.java:updateAndGet(143)) - 9dc3d9e1-35df-4da5-a2c1-5b39dd910295: start FollowerState
2019-09-12 10:53:00,965 [pool-38-thread-1] INFO  util.JmxRegister (JmxRegister.java:tryRegister(44)) - Successfully registered JMX Bean with object name Ratis:service=RaftServer,group=group-D2EBA9E0223F,id=9dc3d9e1-35df-4da5-a2c1-5b39dd910295
2019-09-12 10:53:00,970 [RatisPipelineUtilsThread] INFO  pipeline.PipelineStateManager (PipelineStateManager.java:addPipeline(56)) - Created pipeline Pipeline[ Id: e31323ed-a14f-4dcf-81b0-d2eba9e0223f, Nodes: 9dc3d9e1-35df-4da5-a2c1-5b39dd910295{ip: 192.168.157.195, host: pr-hdds-1569-xtfnx-3545843844, networkLocation: /default-rack, certSerialId: null}, Type:RATIS, Factor:ONE, State:OPEN]
2019-09-12 10:53:00,972 [RatisPipelineUtilsThread] ERROR pipeline.PipelinePlacementPolicy (PipelinePlacementPolicy.java:meetCriteria(91)) - Pipeline Placement: Doesn't meet the criteria to be viable node. Heaviness: 6
2019-09-12 10:53:00,981 [grpc-default-executor-0] INFO  impl.RaftServerProxy (RaftServerProxy.java:addNew(89)) - e4f93bd3-fff9-4926-9bf8-61056d59521f: addNew group-3C75CF9DA2C3:[e4f93bd3-fff9-4926-9bf8-61056d59521f:192.168.157.195:41370] returns group-3C75CF9DA2C3:java.util.concurrent.CompletableFuture@36bc96d4[Not completed]
2019-09-12 10:53:00,984 [pool-60-thread-1] INFO  impl.RaftServerImpl (RaftServerImpl.java:<init>(93)) - e4f93bd3-fff9-4926-9bf8-61056d59521f: new RaftServerImpl for group-3C75CF9DA2C3:[e4f93bd3-fff9-4926-9bf8-61056d59521f:192.168.157.195:41370] with ContainerStateMachine:uninitialized
2019-09-12 10:53:00,984 [pool-60-thread-1] INFO  server.RaftServerConfigKeys (ConfUtils.java:logGet(43)) - raft.server.rpc.timeout.min = 1s (custom)
2019-09-12 10:53:00,984 [pool-60-thread-1] INFO  server.RaftServerConfigKeys (ConfUtils.java:logGet(43)) - raft.server.rpc.timeout.max = 1200ms (custom)
2019-09-12 10:53:00,984 [pool-60-thread-1] INFO  server.RaftServerConfigKeys (ConfUtils.java:logGet(43)) - raft.server.rpcslowness.timeout = 120s (custom)
2019-09-12 10:53:00,985 [pool-60-thread-1] INFO  server.RaftServerConfigKeys (ConfUtils.java:logGet(43)) - raft.server.sleep.deviation.threshold = 300 (default)
2019-09-12 10:53:00,985 [pool-60-thread-1] INFO  server.RaftServerConfigKeys (ConfUtils.java:logGet(43)) - raft.server.log.appender.install.snapshot.enabled = false (custom)
2019-09-12 10:53:00,985 [pool-60-thread-1] INFO  impl.RaftServerImpl (ServerState.java:<init>(105)) - e4f93bd3-fff9-4926-9bf8-61056d59521f:group-3C75CF9DA2C3 ConfigurationManager, init=-1: [e4f93bd3-fff9-4926-9bf8-61056d59521f:192.168.157.195:41370], old=null, confs=<EMPTY_MAP>
2019-09-12 10:53:00,985 [pool-60-thread-1] INFO  server.RaftServerConfigKeys (ConfUtils.java:logGet(43)) - raft.server.storage.dir = [/workdir/hadoop-ozone/integration-test/target/test-dir/MiniOzoneClusterImpl-838a7ec2-4afb-4d68-8138-46fa65bc7e11/datanode-3/data/ratis] (custom)
2019-09-12 10:53:00,986 [pool-60-thread-1] INFO  storage.RaftStorageDirectory (RaftStorageDirectory.java:analyzeStorage(246)) - The storage directory /workdir/hadoop-ozone/integration-test/target/test-dir/MiniOzoneClusterImpl-838a7ec2-4afb-4d68-8138-46fa65bc7e11/datanode-3/data/ratis/6cc9a72a-ec3d-4fb7-9820-3c75cf9da2c3 does not exist. Creating ...
2019-09-12 10:53:00,999 [pool-60-thread-1] INFO  storage.RaftStorageDirectory (RaftStorageDirectory.java:tryLock(328)) - Lock on /workdir/hadoop-ozone/integration-test/target/test-dir/MiniOzoneClusterImpl-838a7ec2-4afb-4d68-8138-46fa65bc7e11/datanode-3/data/ratis/6cc9a72a-ec3d-4fb7-9820-3c75cf9da2c3/in_use.lock acquired by nodename 620@pr-hdds-1569-xtfnx-3545843844
2019-09-12 10:53:01,011 [Thread-293] INFO  impl.FollowerState (FollowerState.java:run(106)) - da20f580-5b10-4303-a8d6-74672b88192d:group-C5409F144083 changes to CANDIDATE, lastRpcTime:1013, electionTimeout:1013ms
2019-09-12 10:53:01,011 [Thread-293] INFO  impl.RoleInfo (RoleInfo.java:shutdownFollowerState(121)) - da20f580-5b10-4303-a8d6-74672b88192d: shutdown FollowerState
2019-09-12 10:53:01,011 [Thread-293] INFO  impl.RaftServerImpl (RaftServerImpl.java:setRole(171)) - da20f580-5b10-4303-a8d6-74672b88192d:group-C5409F144083 changes role from FOLLOWER to CANDIDATE at term 0 for changeToCandidate
2019-09-12 10:53:01,011 [Thread-293] INFO  impl.RoleInfo (RoleInfo.java:updateAndGet(143)) - da20f580-5b10-4303-a8d6-74672b88192d: start LeaderElection
2019-09-12 10:53:01,016 [pool-60-thread-1] INFO  storage.RaftStorage (RaftStorage.java:format(72)) - Storage directory /workdir/hadoop-ozone/integration-test/target/test-dir/MiniOzoneClusterImpl-838a7ec2-4afb-4d68-8138-46fa65bc7e11/datanode-3/data/ratis/6cc9a72a-ec3d-4fb7-9820-3c75cf9da2c3 has been successfully formatted.
2019-09-12 10:53:01,018 [pool-60-thread-1] INFO  ratis.ContainerStateMachine (ContainerStateMachine.java:loadSnapshot(226)) - group-3C75CF9DA2C3: The snapshot info is null. Setting the last applied indexto:(t:0, i:~)
2019-09-12 10:53:01,018 [pool-60-thread-1] INFO  server.RaftServerConfigKeys (ConfUtils.java:logGet(43)) - raft.server.leader.election.timeout = 120s (custom)
2019-09-12 10:53:01,018 [pool-60-thread-1] INFO  server.RaftServerConfigKeys (ConfUtils.java:logGet(43)) - raft.server.log.use.memory = false (default)
2019-09-12 10:53:01,018 [pool-60-thread-1] INFO  server.RaftServerConfigKeys (ConfUtils.java:logGet(43)) - raft.server.log.purge.gap = 1000000 (custom)
2019-09-12 10:53:01,018 [pool-60-thread-1] INFO  server.RaftServerConfigKeys (ConfUtils.java:logGet(43)) - raft.server.log.appender.buffer.byte-limit = 33554432 (custom)
2019-09-12 10:53:01,018 [pool-60-thread-1] INFO  server.RaftServerConfigKeys (ConfUtils.java:logGet(43)) - raft.server.log.segment.size.max = 1048576 (custom)
2019-09-12 10:53:01,018 [pool-60-thread-1] INFO  server.RaftServerConfigKeys (ConfUtils.java:logGet(43)) - raft.server.log.segment.cache.num.max = 2 (custom)
2019-09-12 10:53:01,019 [pool-60-thread-1] INFO  segmented.SegmentedRaftLogWorker (SegmentedRaftLogWorker.java:<init>(172)) - new e4f93bd3-fff9-4926-9bf8-61056d59521f-SegmentedRaftLogWorker:Storage Directory /workdir/hadoop-ozone/integration-test/target/test-dir/MiniOzoneClusterImpl-838a7ec2-4afb-4d68-8138-46fa65bc7e11/datanode-3/data/ratis/6cc9a72a-ec3d-4fb7-9820-3c75cf9da2c3 for RaftStorage:Storage Directory /workdir/hadoop-ozone/integration-test/target/test-dir/MiniOzoneClusterImpl-838a7ec2-4afb-4d68-8138-46fa65bc7e11/datanode-3/data/ratis/6cc9a72a-ec3d-4fb7-9820-3c75cf9da2c3
2019-09-12 10:53:01,019 [pool-60-thread-1] INFO  server.RaftServerConfigKeys (ConfUtils.java:logGet(43)) - raft.server.log.queue.byte-limit = 2147483647 (custom)
2019-09-12 10:53:01,019 [pool-60-thread-1] INFO  server.RaftServerConfigKeys (ConfUtils.java:logGet(43)) - raft.server.log.queue.element-limit = 1024 (custom)
2019-09-12 10:53:01,019 [pool-60-thread-1] INFO  server.RaftServerConfigKeys (ConfUtils.java:logGet(43)) - raft.server.log.segment.size.max = 1048576 (custom)
2019-09-12 10:53:01,019 [pool-60-thread-1] INFO  server.RaftServerConfigKeys (ConfUtils.java:logGet(43)) - raft.server.log.preallocated.size = 16384 (custom)
2019-09-12 10:53:01,019 [pool-60-thread-1] INFO  server.RaftServerConfigKeys (ConfUtils.java:logGet(43)) - raft.server.log.write.buffer.size = 33554432 (custom)
2019-09-12 10:53:01,019 [pool-60-thread-1] INFO  server.RaftServerConfigKeys (ConfUtils.java:logGet(43)) - raft.server.log.force.sync.num = 128 (default)
2019-09-12 10:53:01,019 [pool-60-thread-1] INFO  server.RaftServerConfigKeys (ConfUtils.java:logGet(43)) - raft.server.log.statemachine.data.sync = true (default)
2019-09-12 10:53:01,019 [pool-60-thread-1] INFO  server.RaftServerConfigKeys (ConfUtils.java:logGet(43)) - raft.server.log.statemachine.data.sync.timeout = 10s (default)
2019-09-12 10:53:01,020 [pool-60-thread-1] INFO  server.RaftServerConfigKeys (ConfUtils.java:logGet(43)) - raft.server.log.statemachine.data.sync.timeout.retry = -1 (default)
2019-09-12 10:53:01,020 [pool-60-thread-1] INFO  server.RaftServerConfigKeys (ConfUtils.java:logGet(43)) - raft.server.log.statemachine.data.caching.enabled = true (custom)
2019-09-12 10:53:01,020 [pool-60-thread-1] INFO  segmented.SegmentedRaftLogWorker (SegmentedRaftLogWorker.java:lambda$new$0(132)) - e4f93bd3-fff9-4926-9bf8-61056d59521f-SegmentedRaftLogWorker:Storage Directory /workdir/hadoop-ozone/integration-test/target/test-dir/MiniOzoneClusterImpl-838a7ec2-4afb-4d68-8138-46fa65bc7e11/datanode-3/data/ratis/6cc9a72a-ec3d-4fb7-9820-3c75cf9da2c3: flushIndex: setUnconditionally 0 -> -1
2019-09-12 10:53:01,020 [pool-60-thread-1] INFO  server.RaftServerConfigKeys (ConfUtils.java:logGet(43)) - raft.server.snapshot.auto.trigger.enabled = true (custom)
2019-09-12 10:53:01,020 [pool-60-thread-1] INFO  server.RaftServerConfigKeys (ConfUtils.java:logGet(43)) - raft.server.snapshot.auto.trigger.threshold = 10000 (custom)
2019-09-12 10:53:01,020 [pool-60-thread-1] INFO  server.RaftServerConfigKeys (ConfUtils.java:logGet(43)) - raft.server.retrycache.expirytime = 600000ms (custom)
2019-09-12 10:53:01,021 [pool-60-thread-1] INFO  impl.RaftServerImpl (RaftServerImpl.java:start(180)) - e4f93bd3-fff9-4926-9bf8-61056d59521f: start group-3C75CF9DA2C3
2019-09-12 10:53:01,021 [pool-60-thread-1] INFO  impl.RaftServerImpl (RaftServerImpl.java:setRole(171)) - e4f93bd3-fff9-4926-9bf8-61056d59521f:group-3C75CF9DA2C3 changes role from null to FOLLOWER at term 0 for startAsFollower
2019-09-12 10:53:01,021 [pool-60-thread-1] INFO  impl.RoleInfo (RoleInfo.java:updateAndGet(143)) - e4f93bd3-fff9-4926-9bf8-61056d59521f: start FollowerState
2019-09-12 10:53:01,021 [pool-60-thread-1] INFO  util.JmxRegister (JmxRegister.java:tryRegister(44)) - Successfully registered JMX Bean with object name Ratis:service=RaftServer,group=group-3C75CF9DA2C3,id=e4f93bd3-fff9-4926-9bf8-61056d59521f
2019-09-12 10:53:01,026 [RatisPipelineUtilsThread] INFO  pipeline.PipelineStateManager (PipelineStateManager.java:addPipeline(56)) - Created pipeline Pipeline[ Id: 6cc9a72a-ec3d-4fb7-9820-3c75cf9da2c3, Nodes: e4f93bd3-fff9-4926-9bf8-61056d59521f{ip: 192.168.157.195, host: pr-hdds-1569-xtfnx-3545843844, networkLocation: /default-rack, certSerialId: null}, Type:RATIS, Factor:ONE, State:OPEN]
2019-09-12 10:53:01,028 [RatisPipelineUtilsThread] ERROR pipeline.PipelinePlacementPolicy (PipelinePlacementPolicy.java:meetCriteria(91)) - Pipeline Placement: Doesn't meet the criteria to be viable node. Heaviness: 6
2019-09-12 10:53:01,036 [da20f580-5b10-4303-a8d6-74672b88192d:group-C5409F144083:LeaderElection3] INFO  impl.LeaderElection (LeaderElection.java:askForVotes(181)) - da20f580-5b10-4303-a8d6-74672b88192d:group-C5409F144083:LeaderElection3: begin an election at term 1 for -1: [da20f580-5b10-4303-a8d6-74672b88192d:192.168.157.195:33557], old=null
2019-09-12 10:53:01,036 [da20f580-5b10-4303-a8d6-74672b88192d:group-C5409F144083:LeaderElection3] INFO  impl.RoleInfo (RoleInfo.java:shutdownLeaderElection(134)) - da20f580-5b10-4303-a8d6-74672b88192d: shutdown LeaderElection
2019-09-12 10:53:01,036 [da20f580-5b10-4303-a8d6-74672b88192d:group-C5409F144083:LeaderElection3] INFO  impl.RaftServerImpl (RaftServerImpl.java:setRole(171)) - da20f580-5b10-4303-a8d6-74672b88192d:group-C5409F144083 changes role from CANDIDATE to LEADER at term 1 for changeToLeader
2019-09-12 10:53:01,036 [da20f580-5b10-4303-a8d6-74672b88192d:group-C5409F144083:LeaderElection3] INFO  impl.RaftServerImpl (ServerState.java:setLeader(263)) - da20f580-5b10-4303-a8d6-74672b88192d:group-C5409F144083 change Leader from null to da20f580-5b10-4303-a8d6-74672b88192d at term 1 for becomeLeader, leader elected after 1042ms
2019-09-12 10:53:01,037 [da20f580-5b10-4303-a8d6-74672b88192d:group-C5409F144083:LeaderElection3] INFO  server.RaftServerConfigKeys (ConfUtils.java:logGet(43)) - raft.server.staging.catchup.gap = 1000 (default)
2019-09-12 10:53:01,037 [da20f580-5b10-4303-a8d6-74672b88192d:group-C5409F144083:LeaderElection3] INFO  server.RaftServerConfigKeys (ConfUtils.java:logGet(43)) - raft.server.rpc.sleep.time = 25ms (default)
2019-09-12 10:53:01,037 [da20f580-5b10-4303-a8d6-74672b88192d:group-C5409F144083:LeaderElection3] INFO  server.RaftServerConfigKeys (ConfUtils.java:logGet(43)) - raft.server.write.element-limit = 4096 (default)
2019-09-12 10:53:01,044 [da20f580-5b10-4303-a8d6-74672b88192d:group-C5409F144083:LeaderElection3] INFO  server.RaftServerConfigKeys (ConfUtils.java:logGet(43)) - raft.server.watch.timeout = 10s (default)
2019-09-12 10:53:01,044 [da20f580-5b10-4303-a8d6-74672b88192d:group-C5409F144083:LeaderElection3] INFO  server.RaftServerConfigKeys (ConfUtils.java:logGet(43)) - raft.server.watch.timeout.denomination = 1s (default)
2019-09-12 10:53:01,044 [da20f580-5b10-4303-a8d6-74672b88192d:group-C5409F144083:LeaderElection3] INFO  server.RaftServerConfigKeys (ConfUtils.java:logGet(43)) - raft.server.watch.element-limit = 65536 (default)
2019-09-12 10:53:01,044 [da20f580-5b10-4303-a8d6-74672b88192d:group-C5409F144083:LeaderElection3] INFO  impl.RoleInfo (RoleInfo.java:updateAndGet(143)) - da20f580-5b10-4303-a8d6-74672b88192d: start LeaderState
2019-09-12 10:53:01,045 [da20f580-5b10-4303-a8d6-74672b88192d:group-C5409F144083:LeaderElection3] INFO  segmented.SegmentedRaftLogWorker (SegmentedRaftLogWorker.java:startLogSegment(380)) - da20f580-5b10-4303-a8d6-74672b88192d-SegmentedRaftLogWorker:Storage Directory /workdir/hadoop-ozone/integration-test/target/test-dir/MiniOzoneClusterImpl-838a7ec2-4afb-4d68-8138-46fa65bc7e11/datanode-0/data/ratis/24bdc074-dd1d-4d22-b51a-c5409f144083: Starting segment from index:0
2019-09-12 10:53:01,046 [da20f580-5b10-4303-a8d6-74672b88192d:group-C5409F144083:LeaderElection3] INFO  impl.RaftServerImpl (ServerState.java:setRaftConf(361)) - da20f580-5b10-4303-a8d6-74672b88192d:group-C5409F144083 set configuration 0: [da20f580-5b10-4303-a8d6-74672b88192d:192.168.157.195:33557], old=null at 0
2019-09-12 10:53:01,051 [Thread-290] INFO  impl.FollowerState (FollowerState.java:run(106)) - 250b6484-39fc-4c26-8a98-91f8d9b3befa:group-EDD7D578CFF2 changes to CANDIDATE, lastRpcTime:1131, electionTimeout:1131ms
2019-09-12 10:53:01,051 [Thread-290] INFO  impl.RoleInfo (RoleInfo.java:shutdownFollowerState(121)) - 250b6484-39fc-4c26-8a98-91f8d9b3befa: shutdown FollowerState
2019-09-12 10:53:01,051 [Thread-290] INFO  impl.RaftServerImpl (RaftServerImpl.java:setRole(171)) - 250b6484-39fc-4c26-8a98-91f8d9b3befa:group-EDD7D578CFF2 changes role from FOLLOWER to CANDIDATE at term 0 for changeToCandidate
2019-09-12 10:53:01,052 [Thread-290] INFO  impl.RoleInfo (RoleInfo.java:updateAndGet(143)) - 250b6484-39fc-4c26-8a98-91f8d9b3befa: start LeaderElection
2019-09-12 10:53:01,065 [grpc-default-executor-0] INFO  impl.RaftServerProxy (RaftServerProxy.java:addNew(89)) - e4f93bd3-fff9-4926-9bf8-61056d59521f: addNew group-00465F3C11D2:[e4f93bd3-fff9-4926-9bf8-61056d59521f:192.168.157.195:41370] returns group-00465F3C11D2:java.util.concurrent.CompletableFuture@4113da84[Not completed]
2019-09-12 10:53:01,066 [pool-60-thread-1] INFO  impl.RaftServerImpl (RaftServerImpl.java:<init>(93)) - e4f93bd3-fff9-4926-9bf8-61056d59521f: new RaftServerImpl for group-00465F3C11D2:[e4f93bd3-fff9-4926-9bf8-61056d59521f:192.168.157.195:41370] with ContainerStateMachine:uninitialized
2019-09-12 10:53:01,067 [pool-60-thread-1] INFO  server.RaftServerConfigKeys (ConfUtils.java:logGet(43)) - raft.server.rpc.timeout.min = 1s (custom)
2019-09-12 10:53:01,067 [pool-60-thread-1] INFO  server.RaftServerConfigKeys (ConfUtils.java:logGet(43)) - raft.server.rpc.timeout.max = 1200ms (custom)
2019-09-12 10:53:01,067 [pool-60-thread-1] INFO  server.RaftServerConfigKeys (ConfUtils.java:logGet(43)) - raft.server.rpcslowness.timeout = 120s (custom)
2019-09-12 10:53:01,067 [pool-60-thread-1] INFO  server.RaftServerConfigKeys (ConfUtils.java:logGet(43)) - raft.server.sleep.deviation.threshold = 300 (default)
2019-09-12 10:53:01,067 [pool-60-thread-1] INFO  server.RaftServerConfigKeys (ConfUtils.java:logGet(43)) - raft.server.log.appender.install.snapshot.enabled = false (custom)
2019-09-12 10:53:01,067 [pool-60-thread-1] INFO  impl.RaftServerImpl (ServerState.java:<init>(105)) - e4f93bd3-fff9-4926-9bf8-61056d59521f:group-00465F3C11D2 ConfigurationManager, init=-1: [e4f93bd3-fff9-4926-9bf8-61056d59521f:192.168.157.195:41370], old=null, confs=<EMPTY_MAP>
2019-09-12 10:53:01,067 [pool-60-thread-1] INFO  server.RaftServerConfigKeys (ConfUtils.java:logGet(43)) - raft.server.storage.dir = [/workdir/hadoop-ozone/integration-test/target/test-dir/MiniOzoneClusterImpl-838a7ec2-4afb-4d68-8138-46fa65bc7e11/datanode-3/data/ratis] (custom)
2019-09-12 10:53:01,068 [pool-60-thread-1] INFO  storage.RaftStorageDirectory (RaftStorageDirectory.java:analyzeStorage(246)) - The storage directory /workdir/hadoop-ozone/integration-test/target/test-dir/MiniOzoneClusterImpl-838a7ec2-4afb-4d68-8138-46fa65bc7e11/datanode-3/data/ratis/7e0cd569-3b75-4906-acf0-00465f3c11d2 does not exist. Creating ...
2019-09-12 10:53:01,080 [Thread-296] INFO  impl.FollowerState (FollowerState.java:run(106)) - 3aa8f21e-cbc0-493e-b8ca-fbb3b21697d5:group-C4A7EAA2225E changes to CANDIDATE, lastRpcTime:1003, electionTimeout:1003ms
2019-09-12 10:53:01,080 [Thread-296] INFO  impl.RoleInfo (RoleInfo.java:shutdownFollowerState(121)) - 3aa8f21e-cbc0-493e-b8ca-fbb3b21697d5: shutdown FollowerState
2019-09-12 10:53:01,080 [Thread-296] INFO  impl.RaftServerImpl (RaftServerImpl.java:setRole(171)) - 3aa8f21e-cbc0-493e-b8ca-fbb3b21697d5:group-C4A7EAA2225E changes role from FOLLOWER to CANDIDATE at term 0 for changeToCandidate
2019-09-12 10:53:01,080 [Thread-296] INFO  impl.RoleInfo (RoleInfo.java:updateAndGet(143)) - 3aa8f21e-cbc0-493e-b8ca-fbb3b21697d5: start LeaderElection
2019-09-12 10:53:01,089 [pool-60-thread-1] INFO  storage.RaftStorageDirectory (RaftStorageDirectory.java:tryLock(328)) - Lock on /workdir/hadoop-ozone/integration-test/target/test-dir/MiniOzoneClusterImpl-838a7ec2-4afb-4d68-8138-46fa65bc7e11/datanode-3/data/ratis/7e0cd569-3b75-4906-acf0-00465f3c11d2/in_use.lock acquired by nodename 620@pr-hdds-1569-xtfnx-3545843844
2019-09-12 10:53:01,089 [250b6484-39fc-4c26-8a98-91f8d9b3befa:group-EDD7D578CFF2:LeaderElection4] INFO  impl.LeaderElection (LeaderElection.java:askForVotes(181)) - 250b6484-39fc-4c26-8a98-91f8d9b3befa:group-EDD7D578CFF2:LeaderElection4: begin an election at term 1 for -1: [250b6484-39fc-4c26-8a98-91f8d9b3befa:192.168.157.195:34503], old=null
2019-09-12 10:53:01,089 [250b6484-39fc-4c26-8a98-91f8d9b3befa:group-EDD7D578CFF2:LeaderElection4] INFO  impl.RoleInfo (RoleInfo.java:shutdownLeaderElection(134)) - 250b6484-39fc-4c26-8a98-91f8d9b3befa: shutdown LeaderElection
2019-09-12 10:53:01,090 [250b6484-39fc-4c26-8a98-91f8d9b3befa:group-EDD7D578CFF2:LeaderElection4] INFO  impl.RaftServerImpl (RaftServerImpl.java:setRole(171)) - 250b6484-39fc-4c26-8a98-91f8d9b3befa:group-EDD7D578CFF2 changes role from CANDIDATE to LEADER at term 1 for changeToLeader
2019-09-12 10:53:01,090 [250b6484-39fc-4c26-8a98-91f8d9b3befa:group-EDD7D578CFF2:LeaderElection4] INFO  impl.RaftServerImpl (ServerState.java:setLeader(263)) - 250b6484-39fc-4c26-8a98-91f8d9b3befa:group-EDD7D578CFF2 change Leader from null to 250b6484-39fc-4c26-8a98-91f8d9b3befa at term 1 for becomeLeader, leader elected after 1173ms
2019-09-12 10:53:01,092 [250b6484-39fc-4c26-8a98-91f8d9b3befa:group-EDD7D578CFF2:LeaderElection4] INFO  server.RaftServerConfigKeys (ConfUtils.java:logGet(43)) - raft.server.staging.catchup.gap = 1000 (default)
2019-09-12 10:53:01,092 [250b6484-39fc-4c26-8a98-91f8d9b3befa:group-EDD7D578CFF2:LeaderElection4] INFO  server.RaftServerConfigKeys (ConfUtils.java:logGet(43)) - raft.server.rpc.sleep.time = 25ms (default)
2019-09-12 10:53:01,093 [250b6484-39fc-4c26-8a98-91f8d9b3befa:group-EDD7D578CFF2:LeaderElection4] INFO  server.RaftServerConfigKeys (ConfUtils.java:logGet(43)) - raft.server.write.element-limit = 4096 (default)
2019-09-12 10:53:01,093 [250b6484-39fc-4c26-8a98-91f8d9b3befa:group-EDD7D578CFF2:LeaderElection4] INFO  server.RaftServerConfigKeys (ConfUtils.java:logGet(43)) - raft.server.watch.timeout = 10s (default)
2019-09-12 10:53:01,093 [3aa8f21e-cbc0-493e-b8ca-fbb3b21697d5:group-C4A7EAA2225E:LeaderElection5] INFO  impl.LeaderElection (LeaderElection.java:askForVotes(181)) - 3aa8f21e-cbc0-493e-b8ca-fbb3b21697d5:group-C4A7EAA2225E:LeaderElection5: begin an election at term 1 for -1: [3aa8f21e-cbc0-493e-b8ca-fbb3b21697d5:192.168.157.195:34525], old=null
2019-09-12 10:53:01,093 [250b6484-39fc-4c26-8a98-91f8d9b3befa:group-EDD7D578CFF2:LeaderElection4] INFO  server.RaftServerConfigKeys (ConfUtils.java:logGet(43)) - raft.server.watch.timeout.denomination = 1s (default)
2019-09-12 10:53:01,093 [3aa8f21e-cbc0-493e-b8ca-fbb3b21697d5:group-C4A7EAA2225E:LeaderElection5] INFO  impl.RoleInfo (RoleInfo.java:shutdownLeaderElection(134)) - 3aa8f21e-cbc0-493e-b8ca-fbb3b21697d5: shutdown LeaderElection
2019-09-12 10:53:01,093 [250b6484-39fc-4c26-8a98-91f8d9b3befa:group-EDD7D578CFF2:LeaderElection4] INFO  server.RaftServerConfigKeys (ConfUtils.java:logGet(43)) - raft.server.watch.element-limit = 65536 (default)
2019-09-12 10:53:01,096 [3aa8f21e-cbc0-493e-b8ca-fbb3b21697d5:group-C4A7EAA2225E:LeaderElection5] INFO  impl.RaftServerImpl (RaftServerImpl.java:setRole(171)) - 3aa8f21e-cbc0-493e-b8ca-fbb3b21697d5:group-C4A7EAA2225E changes role from CANDIDATE to LEADER at term 1 for changeToLeader
2019-09-12 10:53:01,099 [3aa8f21e-cbc0-493e-b8ca-fbb3b21697d5:group-C4A7EAA2225E:LeaderElection5] INFO  impl.RaftServerImpl (ServerState.java:setLeader(263)) - 3aa8f21e-cbc0-493e-b8ca-fbb3b21697d5:group-C4A7EAA2225E change Leader from null to 3aa8f21e-cbc0-493e-b8ca-fbb3b21697d5 at term 1 for becomeLeader, leader elected after 1029ms
2019-09-12 10:53:01,099 [250b6484-39fc-4c26-8a98-91f8d9b3befa:group-EDD7D578CFF2:LeaderElection4] INFO  impl.RoleInfo (RoleInfo.java:updateAndGet(143)) - 250b6484-39fc-4c26-8a98-91f8d9b3befa: start LeaderState
2019-09-12 10:53:01,102 [3aa8f21e-cbc0-493e-b8ca-fbb3b21697d5:group-C4A7EAA2225E:LeaderElection5] INFO  server.RaftServerConfigKeys (ConfUtils.java:logGet(43)) - raft.server.staging.catchup.gap = 1000 (default)
2019-09-12 10:53:01,102 | INFO  | SCMAudit | user=jenkins1000 | ip=192.168.157.195 | op=SEND_HEARTBEAT {datanodeUUID=250b6484-39fc-4c26-8a98-91f8d9b3befa, command=[]} | ret=SUCCESS |  
2019-09-12 10:53:01,102 [3aa8f21e-cbc0-493e-b8ca-fbb3b21697d5:group-C4A7EAA2225E:LeaderElection5] INFO  server.RaftServerConfigKeys (ConfUtils.java:logGet(43)) - raft.server.rpc.sleep.time = 25ms (default)
2019-09-12 10:53:01,102 | INFO  | SCMAudit | user=jenkins1000 | ip=192.168.157.195 | op=SEND_HEARTBEAT {datanodeUUID=e4f93bd3-fff9-4926-9bf8-61056d59521f, command=[]} | ret=SUCCESS |  
2019-09-12 10:53:01,102 [250b6484-39fc-4c26-8a98-91f8d9b3befa:group-EDD7D578CFF2:LeaderElection4] INFO  segmented.SegmentedRaftLogWorker (SegmentedRaftLogWorker.java:startLogSegment(380)) - 250b6484-39fc-4c26-8a98-91f8d9b3befa-SegmentedRaftLogWorker:Storage Directory /workdir/hadoop-ozone/integration-test/target/test-dir/MiniOzoneClusterImpl-838a7ec2-4afb-4d68-8138-46fa65bc7e11/datanode-2/data/ratis/edc222c0-f826-42a4-b28c-edd7d578cff2: Starting segment from index:0
2019-09-12 10:53:01,102 [3aa8f21e-cbc0-493e-b8ca-fbb3b21697d5:group-C4A7EAA2225E:LeaderElection5] INFO  server.RaftServerConfigKeys (ConfUtils.java:logGet(43)) - raft.server.write.element-limit = 4096 (default)
2019-09-12 10:53:01,103 [3aa8f21e-cbc0-493e-b8ca-fbb3b21697d5:group-C4A7EAA2225E:LeaderElection5] INFO  server.RaftServerConfigKeys (ConfUtils.java:logGet(43)) - raft.server.watch.timeout = 10s (default)
2019-09-12 10:53:01,103 [3aa8f21e-cbc0-493e-b8ca-fbb3b21697d5:group-C4A7EAA2225E:LeaderElection5] INFO  server.RaftServerConfigKeys (ConfUtils.java:logGet(43)) - raft.server.watch.timeout.denomination = 1s (default)
2019-09-12 10:53:01,103 [250b6484-39fc-4c26-8a98-91f8d9b3befa:group-EDD7D578CFF2:LeaderElection4] INFO  impl.RaftServerImpl (ServerState.java:setRaftConf(361)) - 250b6484-39fc-4c26-8a98-91f8d9b3befa:group-EDD7D578CFF2 set configuration 0: [250b6484-39fc-4c26-8a98-91f8d9b3befa:192.168.157.195:34503], old=null at 0
2019-09-12 10:53:01,103 [3aa8f21e-cbc0-493e-b8ca-fbb3b21697d5:group-C4A7EAA2225E:LeaderElection5] INFO  server.RaftServerConfigKeys (ConfUtils.java:logGet(43)) - raft.server.watch.element-limit = 65536 (default)
2019-09-12 10:53:01,106 [3aa8f21e-cbc0-493e-b8ca-fbb3b21697d5:group-C4A7EAA2225E:LeaderElection5] INFO  impl.RoleInfo (RoleInfo.java:updateAndGet(143)) - 3aa8f21e-cbc0-493e-b8ca-fbb3b21697d5: start LeaderState
2019-09-12 10:53:01,106 [3aa8f21e-cbc0-493e-b8ca-fbb3b21697d5:group-C4A7EAA2225E:LeaderElection5] INFO  segmented.SegmentedRaftLogWorker (SegmentedRaftLogWorker.java:startLogSegment(380)) - 3aa8f21e-cbc0-493e-b8ca-fbb3b21697d5-SegmentedRaftLogWorker:Storage Directory /workdir/hadoop-ozone/integration-test/target/test-dir/MiniOzoneClusterImpl-838a7ec2-4afb-4d68-8138-46fa65bc7e11/datanode-5/data/ratis/62e99d04-8fa4-4b00-b01e-c4a7eaa2225e: Starting segment from index:0
2019-09-12 10:53:01,107 [3aa8f21e-cbc0-493e-b8ca-fbb3b21697d5:group-C4A7EAA2225E:LeaderElection5] INFO  impl.RaftServerImpl (ServerState.java:setRaftConf(361)) - 3aa8f21e-cbc0-493e-b8ca-fbb3b21697d5:group-C4A7EAA2225E set configuration 0: [3aa8f21e-cbc0-493e-b8ca-fbb3b21697d5:192.168.157.195:34525], old=null at 0
2019-09-12 10:53:01,114 | INFO  | SCMAudit | user=jenkins1000 | ip=192.168.157.195 | op=SEND_HEARTBEAT {datanodeUUID=da20f580-5b10-4303-a8d6-74672b88192d, command=[]} | ret=SUCCESS |  
2019-09-12 10:53:01,117 [pool-60-thread-1] INFO  storage.RaftStorage (RaftStorage.java:format(72)) - Storage directory /workdir/hadoop-ozone/integration-test/target/test-dir/MiniOzoneClusterImpl-838a7ec2-4afb-4d68-8138-46fa65bc7e11/datanode-3/data/ratis/7e0cd569-3b75-4906-acf0-00465f3c11d2 has been successfully formatted.
2019-09-12 10:53:01,117 [pool-60-thread-1] INFO  ratis.ContainerStateMachine (ContainerStateMachine.java:loadSnapshot(226)) - group-00465F3C11D2: The snapshot info is null. Setting the last applied indexto:(t:0, i:~)
2019-09-12 10:53:01,117 [pool-60-thread-1] INFO  server.RaftServerConfigKeys (ConfUtils.java:logGet(43)) - raft.server.leader.election.timeout = 120s (custom)
2019-09-12 10:53:01,117 [pool-60-thread-1] INFO  server.RaftServerConfigKeys (ConfUtils.java:logGet(43)) - raft.server.log.use.memory = false (default)
2019-09-12 10:53:01,117 [pool-60-thread-1] INFO  server.RaftServerConfigKeys (ConfUtils.java:logGet(43)) - raft.server.log.purge.gap = 1000000 (custom)
2019-09-12 10:53:01,118 [pool-60-thread-1] INFO  server.RaftServerConfigKeys (ConfUtils.java:logGet(43)) - raft.server.log.appender.buffer.byte-limit = 33554432 (custom)
2019-09-12 10:53:01,118 [pool-60-thread-1] INFO  server.RaftServerConfigKeys (ConfUtils.java:logGet(43)) - raft.server.log.segment.size.max = 1048576 (custom)
2019-09-12 10:53:01,118 [pool-60-thread-1] INFO  server.RaftServerConfigKeys (ConfUtils.java:logGet(43)) - raft.server.log.segment.cache.num.max = 2 (custom)
2019-09-12 10:53:01,118 [pool-60-thread-1] INFO  segmented.SegmentedRaftLogWorker (SegmentedRaftLogWorker.java:<init>(172)) - new e4f93bd3-fff9-4926-9bf8-61056d59521f-SegmentedRaftLogWorker:Storage Directory /workdir/hadoop-ozone/integration-test/target/test-dir/MiniOzoneClusterImpl-838a7ec2-4afb-4d68-8138-46fa65bc7e11/datanode-3/data/ratis/7e0cd569-3b75-4906-acf0-00465f3c11d2 for RaftStorage:Storage Directory /workdir/hadoop-ozone/integration-test/target/test-dir/MiniOzoneClusterImpl-838a7ec2-4afb-4d68-8138-46fa65bc7e11/datanode-3/data/ratis/7e0cd569-3b75-4906-acf0-00465f3c11d2
2019-09-12 10:53:01,118 [pool-60-thread-1] INFO  server.RaftServerConfigKeys (ConfUtils.java:logGet(43)) - raft.server.log.queue.byte-limit = 2147483647 (custom)
2019-09-12 10:53:01,118 [pool-60-thread-1] INFO  server.RaftServerConfigKeys (ConfUtils.java:logGet(43)) - raft.server.log.queue.element-limit = 1024 (custom)
2019-09-12 10:53:01,118 [pool-60-thread-1] INFO  server.RaftServerConfigKeys (ConfUtils.java:logGet(43)) - raft.server.log.segment.size.max = 1048576 (custom)
2019-09-12 10:53:01,118 [pool-60-thread-1] INFO  server.RaftServerConfigKeys (ConfUtils.java:logGet(43)) - raft.server.log.preallocated.size = 16384 (custom)
2019-09-12 10:53:01,119 [pool-60-thread-1] INFO  server.RaftServerConfigKeys (ConfUtils.java:logGet(43)) - raft.server.log.write.buffer.size = 33554432 (custom)
2019-09-12 10:53:01,119 [pool-60-thread-1] INFO  server.RaftServerConfigKeys (ConfUtils.java:logGet(43)) - raft.server.log.force.sync.num = 128 (default)
2019-09-12 10:53:01,119 [pool-60-thread-1] INFO  server.RaftServerConfigKeys (ConfUtils.java:logGet(43)) - raft.server.log.statemachine.data.sync = true (default)
2019-09-12 10:53:01,119 [pool-60-thread-1] INFO  server.RaftServerConfigKeys (ConfUtils.java:logGet(43)) - raft.server.log.statemachine.data.sync.timeout = 10s (default)
2019-09-12 10:53:01,119 [pool-60-thread-1] INFO  server.RaftServerConfigKeys (ConfUtils.java:logGet(43)) - raft.server.log.statemachine.data.sync.timeout.retry = -1 (default)
2019-09-12 10:53:01,119 [pool-60-thread-1] INFO  server.RaftServerConfigKeys (ConfUtils.java:logGet(43)) - raft.server.log.statemachine.data.caching.enabled = true (custom)
2019-09-12 10:53:01,119 [pool-60-thread-1] INFO  segmented.SegmentedRaftLogWorker (SegmentedRaftLogWorker.java:lambda$new$0(132)) - e4f93bd3-fff9-4926-9bf8-61056d59521f-SegmentedRaftLogWorker:Storage Directory /workdir/hadoop-ozone/integration-test/target/test-dir/MiniOzoneClusterImpl-838a7ec2-4afb-4d68-8138-46fa65bc7e11/datanode-3/data/ratis/7e0cd569-3b75-4906-acf0-00465f3c11d2: flushIndex: setUnconditionally 0 -> -1
2019-09-12 10:53:01,120 [pool-60-thread-1] INFO  server.RaftServerConfigKeys (ConfUtils.java:logGet(43)) - raft.server.snapshot.auto.trigger.enabled = true (custom)
2019-09-12 10:53:01,120 [pool-60-thread-1] INFO  server.RaftServerConfigKeys (ConfUtils.java:logGet(43)) - raft.server.snapshot.auto.trigger.threshold = 10000 (custom)
2019-09-12 10:53:01,120 [pool-60-thread-1] INFO  server.RaftServerConfigKeys (ConfUtils.java:logGet(43)) - raft.server.retrycache.expirytime = 600000ms (custom)
2019-09-12 10:53:01,120 [pool-60-thread-1] INFO  impl.RaftServerImpl (RaftServerImpl.java:start(180)) - e4f93bd3-fff9-4926-9bf8-61056d59521f: start group-00465F3C11D2
2019-09-12 10:53:01,120 [pool-60-thread-1] INFO  impl.RaftServerImpl (RaftServerImpl.java:setRole(171)) - e4f93bd3-fff9-4926-9bf8-61056d59521f:group-00465F3C11D2 changes role from null to FOLLOWER at term 0 for startAsFollower
2019-09-12 10:53:01,120 [pool-60-thread-1] INFO  impl.RoleInfo (RoleInfo.java:updateAndGet(143)) - e4f93bd3-fff9-4926-9bf8-61056d59521f: start FollowerState
2019-09-12 10:53:01,131 [pool-60-thread-1] INFO  util.JmxRegister (JmxRegister.java:tryRegister(44)) - Successfully registered JMX Bean with object name Ratis:service=RaftServer,group=group-00465F3C11D2,id=e4f93bd3-fff9-4926-9bf8-61056d59521f
2019-09-12 10:53:01,154 [RatisPipelineUtilsThread] INFO  pipeline.PipelineStateManager (PipelineStateManager.java:addPipeline(56)) - Created pipeline Pipeline[ Id: 7e0cd569-3b75-4906-acf0-00465f3c11d2, Nodes: e4f93bd3-fff9-4926-9bf8-61056d59521f{ip: 192.168.157.195, host: pr-hdds-1569-xtfnx-3545843844, networkLocation: /default-rack, certSerialId: null}, Type:RATIS, Factor:ONE, State:OPEN]
2019-09-12 10:53:01,162 [RatisPipelineUtilsThread] ERROR pipeline.PipelinePlacementPolicy (PipelinePlacementPolicy.java:meetCriteria(91)) - Pipeline Placement: Doesn't meet the criteria to be viable node. Heaviness: 6
2019-09-12 10:53:01,167 | INFO  | SCMAudit | user=jenkins1000 | ip=192.168.157.195 | op=SEND_HEARTBEAT {datanodeUUID=8d69d0c9-c816-414c-ba1a-8b3ab85fb900, command=[]} | ret=SUCCESS |  
2019-09-12 10:53:01,170 [Thread-282] INFO  container.ReplicationManager (ReplicationManager.java:start(151)) - Starting Replication Monitor Thread.
2019-09-12 10:53:01,173 [Thread-299] INFO  impl.FollowerState (FollowerState.java:run(106)) - 9dc3d9e1-35df-4da5-a2c1-5b39dd910295:group-19670A01408F changes to CANDIDATE, lastRpcTime:1024, electionTimeout:1024ms
2019-09-12 10:53:01,174 [Thread-299] INFO  impl.RoleInfo (RoleInfo.java:shutdownFollowerState(121)) - 9dc3d9e1-35df-4da5-a2c1-5b39dd910295: shutdown FollowerState
2019-09-12 10:53:01,174 [Thread-299] INFO  impl.RaftServerImpl (RaftServerImpl.java:setRole(171)) - 9dc3d9e1-35df-4da5-a2c1-5b39dd910295:group-19670A01408F changes role from FOLLOWER to CANDIDATE at term 0 for changeToCandidate
2019-09-12 10:53:01,174 [Thread-299] INFO  impl.RoleInfo (RoleInfo.java:updateAndGet(143)) - 9dc3d9e1-35df-4da5-a2c1-5b39dd910295: start LeaderElection
2019-09-12 10:53:01,196 [ReplicationMonitor] INFO  container.ReplicationManager (ReplicationManager.java:run(214)) - Replication Monitor Thread took 23 milliseconds for processing 0 containers.
2019-09-12 10:53:01,204 [grpc-default-executor-0] INFO  impl.RaftServerProxy (RaftServerProxy.java:addNew(89)) - c17d4de2-caaf-4ec0-b997-c9cf8b2a9041: addNew group-82C6F8A9D109:[c17d4de2-caaf-4ec0-b997-c9cf8b2a9041:192.168.157.195:41944] returns group-82C6F8A9D109:java.util.concurrent.CompletableFuture@525308d0[Not completed]
2019-09-12 10:53:01,208 [pool-115-thread-1] INFO  impl.RaftServerImpl (RaftServerImpl.java:<init>(93)) - c17d4de2-caaf-4ec0-b997-c9cf8b2a9041: new RaftServerImpl for group-82C6F8A9D109:[c17d4de2-caaf-4ec0-b997-c9cf8b2a9041:192.168.157.195:41944] with ContainerStateMachine:uninitialized
2019-09-12 10:53:01,208 [pool-115-thread-1] INFO  server.RaftServerConfigKeys (ConfUtils.java:logGet(43)) - raft.server.rpc.timeout.min = 1s (custom)
2019-09-12 10:53:01,208 [pool-115-thread-1] INFO  server.RaftServerConfigKeys (ConfUtils.java:logGet(43)) - raft.server.rpc.timeout.max = 1200ms (custom)
2019-09-12 10:53:01,209 [pool-115-thread-1] INFO  server.RaftServerConfigKeys (ConfUtils.java:logGet(43)) - raft.server.rpcslowness.timeout = 120s (custom)
2019-09-12 10:53:01,209 [pool-115-thread-1] INFO  server.RaftServerConfigKeys (ConfUtils.java:logGet(43)) - raft.server.sleep.deviation.threshold = 300 (default)
2019-09-12 10:53:01,209 [pool-115-thread-1] INFO  server.RaftServerConfigKeys (ConfUtils.java:logGet(43)) - raft.server.log.appender.install.snapshot.enabled = false (custom)
2019-09-12 10:53:01,209 [pool-115-thread-1] INFO  impl.RaftServerImpl (ServerState.java:<init>(105)) - c17d4de2-caaf-4ec0-b997-c9cf8b2a9041:group-82C6F8A9D109 ConfigurationManager, init=-1: [c17d4de2-caaf-4ec0-b997-c9cf8b2a9041:192.168.157.195:41944], old=null, confs=<EMPTY_MAP>
2019-09-12 10:53:01,209 [pool-115-thread-1] INFO  server.RaftServerConfigKeys (ConfUtils.java:logGet(43)) - raft.server.storage.dir = [/workdir/hadoop-ozone/integration-test/target/test-dir/MiniOzoneClusterImpl-838a7ec2-4afb-4d68-8138-46fa65bc7e11/datanode-8/data/ratis] (custom)
2019-09-12 10:53:01,209 [pool-115-thread-1] INFO  storage.RaftStorageDirectory (RaftStorageDirectory.java:analyzeStorage(246)) - The storage directory /workdir/hadoop-ozone/integration-test/target/test-dir/MiniOzoneClusterImpl-838a7ec2-4afb-4d68-8138-46fa65bc7e11/datanode-8/data/ratis/a8ab20be-451a-4106-9c8d-82c6f8a9d109 does not exist. Creating ...
2019-09-12 10:53:01,211 [9dc3d9e1-35df-4da5-a2c1-5b39dd910295:group-19670A01408F:LeaderElection6] INFO  impl.LeaderElection (LeaderElection.java:askForVotes(181)) - 9dc3d9e1-35df-4da5-a2c1-5b39dd910295:group-19670A01408F:LeaderElection6: begin an election at term 1 for -1: [9dc3d9e1-35df-4da5-a2c1-5b39dd910295:192.168.157.195:42873], old=null
2019-09-12 10:53:01,211 [9dc3d9e1-35df-4da5-a2c1-5b39dd910295:group-19670A01408F:LeaderElection6] INFO  impl.RoleInfo (RoleInfo.java:shutdownLeaderElection(134)) - 9dc3d9e1-35df-4da5-a2c1-5b39dd910295: shutdown LeaderElection
2019-09-12 10:53:01,211 [9dc3d9e1-35df-4da5-a2c1-5b39dd910295:group-19670A01408F:LeaderElection6] INFO  impl.RaftServerImpl (RaftServerImpl.java:setRole(171)) - 9dc3d9e1-35df-4da5-a2c1-5b39dd910295:group-19670A01408F changes role from CANDIDATE to LEADER at term 1 for changeToLeader
2019-09-12 10:53:01,211 [9dc3d9e1-35df-4da5-a2c1-5b39dd910295:group-19670A01408F:LeaderElection6] INFO  impl.RaftServerImpl (ServerState.java:setLeader(263)) - 9dc3d9e1-35df-4da5-a2c1-5b39dd910295:group-19670A01408F change Leader from null to 9dc3d9e1-35df-4da5-a2c1-5b39dd910295 at term 1 for becomeLeader, leader elected after 1065ms
2019-09-12 10:53:01,213 [9dc3d9e1-35df-4da5-a2c1-5b39dd910295:group-19670A01408F:LeaderElection6] INFO  server.RaftServerConfigKeys (ConfUtils.java:logGet(43)) - raft.server.staging.catchup.gap = 1000 (default)
2019-09-12 10:53:01,213 [9dc3d9e1-35df-4da5-a2c1-5b39dd910295:group-19670A01408F:LeaderElection6] INFO  server.RaftServerConfigKeys (ConfUtils.java:logGet(43)) - raft.server.rpc.sleep.time = 25ms (default)
2019-09-12 10:53:01,213 [9dc3d9e1-35df-4da5-a2c1-5b39dd910295:group-19670A01408F:LeaderElection6] INFO  server.RaftServerConfigKeys (ConfUtils.java:logGet(43)) - raft.server.write.element-limit = 4096 (default)
2019-09-12 10:53:01,213 [9dc3d9e1-35df-4da5-a2c1-5b39dd910295:group-19670A01408F:LeaderElection6] INFO  server.RaftServerConfigKeys (ConfUtils.java:logGet(43)) - raft.server.watch.timeout = 10s (default)
2019-09-12 10:53:01,213 [9dc3d9e1-35df-4da5-a2c1-5b39dd910295:group-19670A01408F:LeaderElection6] INFO  server.RaftServerConfigKeys (ConfUtils.java:logGet(43)) - raft.server.watch.timeout.denomination = 1s (default)
2019-09-12 10:53:01,214 [9dc3d9e1-35df-4da5-a2c1-5b39dd910295:group-19670A01408F:LeaderElection6] INFO  server.RaftServerConfigKeys (ConfUtils.java:logGet(43)) - raft.server.watch.element-limit = 65536 (default)
2019-09-12 10:53:01,214 [9dc3d9e1-35df-4da5-a2c1-5b39dd910295:group-19670A01408F:LeaderElection6] INFO  impl.RoleInfo (RoleInfo.java:updateAndGet(143)) - 9dc3d9e1-35df-4da5-a2c1-5b39dd910295: start LeaderState
2019-09-12 10:53:01,214 [9dc3d9e1-35df-4da5-a2c1-5b39dd910295:group-19670A01408F:LeaderElection6] INFO  segmented.SegmentedRaftLogWorker (SegmentedRaftLogWorker.java:startLogSegment(380)) - 9dc3d9e1-35df-4da5-a2c1-5b39dd910295-SegmentedRaftLogWorker:Storage Directory /workdir/hadoop-ozone/integration-test/target/test-dir/MiniOzoneClusterImpl-838a7ec2-4afb-4d68-8138-46fa65bc7e11/datanode-1/data/ratis/e06c43e5-6adb-454b-8589-19670a01408f: Starting segment from index:0
2019-09-12 10:53:01,215 [9dc3d9e1-35df-4da5-a2c1-5b39dd910295:group-19670A01408F:LeaderElection6] INFO  impl.RaftServerImpl (ServerState.java:setRaftConf(361)) - 9dc3d9e1-35df-4da5-a2c1-5b39dd910295:group-19670A01408F set configuration 0: [9dc3d9e1-35df-4da5-a2c1-5b39dd910295:192.168.157.195:42873], old=null at 0
2019-09-12 10:53:01,223 [pool-115-thread-1] INFO  storage.RaftStorageDirectory (RaftStorageDirectory.java:tryLock(328)) - Lock on /workdir/hadoop-ozone/integration-test/target/test-dir/MiniOzoneClusterImpl-838a7ec2-4afb-4d68-8138-46fa65bc7e11/datanode-8/data/ratis/a8ab20be-451a-4106-9c8d-82c6f8a9d109/in_use.lock acquired by nodename 620@pr-hdds-1569-xtfnx-3545843844
2019-09-12 10:53:01,236 [pool-115-thread-1] INFO  storage.RaftStorage (RaftStorage.java:format(72)) - Storage directory /workdir/hadoop-ozone/integration-test/target/test-dir/MiniOzoneClusterImpl-838a7ec2-4afb-4d68-8138-46fa65bc7e11/datanode-8/data/ratis/a8ab20be-451a-4106-9c8d-82c6f8a9d109 has been successfully formatted.
2019-09-12 10:53:01,236 [pool-115-thread-1] INFO  ratis.ContainerStateMachine (ContainerStateMachine.java:loadSnapshot(226)) - group-82C6F8A9D109: The snapshot info is null. Setting the last applied indexto:(t:0, i:~)
2019-09-12 10:53:01,236 [pool-115-thread-1] INFO  server.RaftServerConfigKeys (ConfUtils.java:logGet(43)) - raft.server.leader.election.timeout = 120s (custom)
2019-09-12 10:53:01,236 [pool-115-thread-1] INFO  server.RaftServerConfigKeys (ConfUtils.java:logGet(43)) - raft.server.log.use.memory = false (default)
2019-09-12 10:53:01,236 [pool-115-thread-1] INFO  server.RaftServerConfigKeys (ConfUtils.java:logGet(43)) - raft.server.log.purge.gap = 1000000 (custom)
2019-09-12 10:53:01,237 [pool-115-thread-1] INFO  server.RaftServerConfigKeys (ConfUtils.java:logGet(43)) - raft.server.log.appender.buffer.byte-limit = 33554432 (custom)
2019-09-12 10:53:01,237 [pool-115-thread-1] INFO  server.RaftServerConfigKeys (ConfUtils.java:logGet(43)) - raft.server.log.segment.size.max = 1048576 (custom)
2019-09-12 10:53:01,237 [pool-115-thread-1] INFO  server.RaftServerConfigKeys (ConfUtils.java:logGet(43)) - raft.server.log.segment.cache.num.max = 2 (custom)
2019-09-12 10:53:01,237 [pool-115-thread-1] INFO  segmented.SegmentedRaftLogWorker (SegmentedRaftLogWorker.java:<init>(172)) - new c17d4de2-caaf-4ec0-b997-c9cf8b2a9041-SegmentedRaftLogWorker:Storage Directory /workdir/hadoop-ozone/integration-test/target/test-dir/MiniOzoneClusterImpl-838a7ec2-4afb-4d68-8138-46fa65bc7e11/datanode-8/data/ratis/a8ab20be-451a-4106-9c8d-82c6f8a9d109 for RaftStorage:Storage Directory /workdir/hadoop-ozone/integration-test/target/test-dir/MiniOzoneClusterImpl-838a7ec2-4afb-4d68-8138-46fa65bc7e11/datanode-8/data/ratis/a8ab20be-451a-4106-9c8d-82c6f8a9d109
2019-09-12 10:53:01,237 [pool-115-thread-1] INFO  server.RaftServerConfigKeys (ConfUtils.java:logGet(43)) - raft.server.log.queue.byte-limit = 2147483647 (custom)
2019-09-12 10:53:01,237 [pool-115-thread-1] INFO  server.RaftServerConfigKeys (ConfUtils.java:logGet(43)) - raft.server.log.queue.element-limit = 1024 (custom)
2019-09-12 10:53:01,238 [pool-115-thread-1] INFO  server.RaftServerConfigKeys (ConfUtils.java:logGet(43)) - raft.server.log.segment.size.max = 1048576 (custom)
2019-09-12 10:53:01,238 [pool-115-thread-1] INFO  server.RaftServerConfigKeys (ConfUtils.java:logGet(43)) - raft.server.log.preallocated.size = 16384 (custom)
2019-09-12 10:53:01,238 [pool-115-thread-1] INFO  server.RaftServerConfigKeys (ConfUtils.java:logGet(43)) - raft.server.log.write.buffer.size = 33554432 (custom)
2019-09-12 10:53:01,238 [pool-115-thread-1] INFO  server.RaftServerConfigKeys (ConfUtils.java:logGet(43)) - raft.server.log.force.sync.num = 128 (default)
2019-09-12 10:53:01,238 [pool-115-thread-1] INFO  server.RaftServerConfigKeys (ConfUtils.java:logGet(43)) - raft.server.log.statemachine.data.sync = true (default)
2019-09-12 10:53:01,238 [pool-115-thread-1] INFO  server.RaftServerConfigKeys (ConfUtils.java:logGet(43)) - raft.server.log.statemachine.data.sync.timeout = 10s (default)
2019-09-12 10:53:01,238 [pool-115-thread-1] INFO  server.RaftServerConfigKeys (ConfUtils.java:logGet(43)) - raft.server.log.statemachine.data.sync.timeout.retry = -1 (default)
2019-09-12 10:53:01,239 [pool-115-thread-1] INFO  server.RaftServerConfigKeys (ConfUtils.java:logGet(43)) - raft.server.log.statemachine.data.caching.enabled = true (custom)
2019-09-12 10:53:01,239 [pool-115-thread-1] INFO  segmented.SegmentedRaftLogWorker (SegmentedRaftLogWorker.java:lambda$new$0(132)) - c17d4de2-caaf-4ec0-b997-c9cf8b2a9041-SegmentedRaftLogWorker:Storage Directory /workdir/hadoop-ozone/integration-test/target/test-dir/MiniOzoneClusterImpl-838a7ec2-4afb-4d68-8138-46fa65bc7e11/datanode-8/data/ratis/a8ab20be-451a-4106-9c8d-82c6f8a9d109: flushIndex: setUnconditionally 0 -> -1
2019-09-12 10:53:01,239 [pool-115-thread-1] INFO  server.RaftServerConfigKeys (ConfUtils.java:logGet(43)) - raft.server.snapshot.auto.trigger.enabled = true (custom)
2019-09-12 10:53:01,239 [pool-115-thread-1] INFO  server.RaftServerConfigKeys (ConfUtils.java:logGet(43)) - raft.server.snapshot.auto.trigger.threshold = 10000 (custom)
2019-09-12 10:53:01,239 [pool-115-thread-1] INFO  server.RaftServerConfigKeys (ConfUtils.java:logGet(43)) - raft.server.retrycache.expirytime = 600000ms (custom)
2019-09-12 10:53:01,240 [pool-115-thread-1] INFO  impl.RaftServerImpl (RaftServerImpl.java:start(180)) - c17d4de2-caaf-4ec0-b997-c9cf8b2a9041: start group-82C6F8A9D109
2019-09-12 10:53:01,240 [pool-115-thread-1] INFO  impl.RaftServerImpl (RaftServerImpl.java:setRole(171)) - c17d4de2-caaf-4ec0-b997-c9cf8b2a9041:group-82C6F8A9D109 changes role from null to FOLLOWER at term 0 for startAsFollower
2019-09-12 10:53:01,240 [pool-115-thread-1] INFO  impl.RoleInfo (RoleInfo.java:updateAndGet(143)) - c17d4de2-caaf-4ec0-b997-c9cf8b2a9041: start FollowerState
2019-09-12 10:53:01,240 [pool-115-thread-1] INFO  util.JmxRegister (JmxRegister.java:tryRegister(44)) - Successfully registered JMX Bean with object name Ratis:service=RaftServer,group=group-82C6F8A9D109,id=c17d4de2-caaf-4ec0-b997-c9cf8b2a9041
2019-09-12 10:53:01,246 [RatisPipelineUtilsThread] INFO  pipeline.PipelineStateManager (PipelineStateManager.java:addPipeline(56)) - Created pipeline Pipeline[ Id: a8ab20be-451a-4106-9c8d-82c6f8a9d109, Nodes: c17d4de2-caaf-4ec0-b997-c9cf8b2a9041{ip: 192.168.157.195, host: pr-hdds-1569-xtfnx-3545843844, networkLocation: /default-rack, certSerialId: null}, Type:RATIS, Factor:ONE, State:OPEN]
2019-09-12 10:53:01,282 [RatisPipelineUtilsThread] ERROR pipeline.PipelinePlacementPolicy (PipelinePlacementPolicy.java:meetCriteria(91)) - Pipeline Placement: Doesn't meet the criteria to be viable node. Heaviness: 6
2019-09-12 10:53:01,291 [Thread-302] INFO  impl.FollowerState (FollowerState.java:run(106)) - 3aa8f21e-cbc0-493e-b8ca-fbb3b21697d5:group-1B70AA8355DA changes to CANDIDATE, lastRpcTime:1076, electionTimeout:1076ms
2019-09-12 10:53:01,291 [Thread-302] INFO  impl.RoleInfo (RoleInfo.java:shutdownFollowerState(121)) - 3aa8f21e-cbc0-493e-b8ca-fbb3b21697d5: shutdown FollowerState
2019-09-12 10:53:01,292 [Thread-302] INFO  impl.RaftServerImpl (RaftServerImpl.java:setRole(171)) - 3aa8f21e-cbc0-493e-b8ca-fbb3b21697d5:group-1B70AA8355DA changes role from FOLLOWER to CANDIDATE at term 0 for changeToCandidate
2019-09-12 10:53:01,292 [Thread-302] INFO  impl.RoleInfo (RoleInfo.java:updateAndGet(143)) - 3aa8f21e-cbc0-493e-b8ca-fbb3b21697d5: start LeaderElection
2019-09-12 10:53:01,302 [3aa8f21e-cbc0-493e-b8ca-fbb3b21697d5-SegmentedRaftLogWorker:Storage Directory /workdir/hadoop-ozone/integration-test/target/test-dir/MiniOzoneClusterImpl-838a7ec2-4afb-4d68-8138-46fa65bc7e11/datanode-5/data/ratis/62e99d04-8fa4-4b00-b01e-c4a7eaa2225e] INFO  segmented.SegmentedRaftLogWorker (SegmentedRaftLogWorker.java:execute(569)) - 3aa8f21e-cbc0-493e-b8ca-fbb3b21697d5-SegmentedRaftLogWorker:Storage Directory /workdir/hadoop-ozone/integration-test/target/test-dir/MiniOzoneClusterImpl-838a7ec2-4afb-4d68-8138-46fa65bc7e11/datanode-5/data/ratis/62e99d04-8fa4-4b00-b01e-c4a7eaa2225e: created new log segment /workdir/hadoop-ozone/integration-test/target/test-dir/MiniOzoneClusterImpl-838a7ec2-4afb-4d68-8138-46fa65bc7e11/datanode-5/data/ratis/62e99d04-8fa4-4b00-b01e-c4a7eaa2225e/current/log_inprogress_0
2019-09-12 10:53:01,302 [250b6484-39fc-4c26-8a98-91f8d9b3befa-SegmentedRaftLogWorker:Storage Directory /workdir/hadoop-ozone/integration-test/target/test-dir/MiniOzoneClusterImpl-838a7ec2-4afb-4d68-8138-46fa65bc7e11/datanode-2/data/ratis/edc222c0-f826-42a4-b28c-edd7d578cff2] INFO  segmented.SegmentedRaftLogWorker (SegmentedRaftLogWorker.java:execute(569)) - 250b6484-39fc-4c26-8a98-91f8d9b3befa-SegmentedRaftLogWorker:Storage Directory /workdir/hadoop-ozone/integration-test/target/test-dir/MiniOzoneClusterImpl-838a7ec2-4afb-4d68-8138-46fa65bc7e11/datanode-2/data/ratis/edc222c0-f826-42a4-b28c-edd7d578cff2: created new log segment /workdir/hadoop-ozone/integration-test/target/test-dir/MiniOzoneClusterImpl-838a7ec2-4afb-4d68-8138-46fa65bc7e11/datanode-2/data/ratis/edc222c0-f826-42a4-b28c-edd7d578cff2/current/log_inprogress_0
2019-09-12 10:53:01,302 [e4f93bd3-fff9-4926-9bf8-61056d59521f-SegmentedRaftLogWorker:Storage Directory /workdir/hadoop-ozone/integration-test/target/test-dir/MiniOzoneClusterImpl-838a7ec2-4afb-4d68-8138-46fa65bc7e11/datanode-3/data/ratis/a35c9cc6-01a4-4c9a-8d7d-ef72fc0375a0] INFO  segmented.SegmentedRaftLogWorker (SegmentedRaftLogWorker.java:execute(569)) - e4f93bd3-fff9-4926-9bf8-61056d59521f-SegmentedRaftLogWorker:Storage Directory /workdir/hadoop-ozone/integration-test/target/test-dir/MiniOzoneClusterImpl-838a7ec2-4afb-4d68-8138-46fa65bc7e11/datanode-3/data/ratis/a35c9cc6-01a4-4c9a-8d7d-ef72fc0375a0: created new log segment /workdir/hadoop-ozone/integration-test/target/test-dir/MiniOzoneClusterImpl-838a7ec2-4afb-4d68-8138-46fa65bc7e11/datanode-3/data/ratis/a35c9cc6-01a4-4c9a-8d7d-ef72fc0375a0/current/log_inprogress_0
2019-09-12 10:53:01,302 [da20f580-5b10-4303-a8d6-74672b88192d-SegmentedRaftLogWorker:Storage Directory /workdir/hadoop-ozone/integration-test/target/test-dir/MiniOzoneClusterImpl-838a7ec2-4afb-4d68-8138-46fa65bc7e11/datanode-0/data/ratis/24bdc074-dd1d-4d22-b51a-c5409f144083] INFO  segmented.SegmentedRaftLogWorker (SegmentedRaftLogWorker.java:execute(569)) - da20f580-5b10-4303-a8d6-74672b88192d-SegmentedRaftLogWorker:Storage Directory /workdir/hadoop-ozone/integration-test/target/test-dir/MiniOzoneClusterImpl-838a7ec2-4afb-4d68-8138-46fa65bc7e11/datanode-0/data/ratis/24bdc074-dd1d-4d22-b51a-c5409f144083: created new log segment /workdir/hadoop-ozone/integration-test/target/test-dir/MiniOzoneClusterImpl-838a7ec2-4afb-4d68-8138-46fa65bc7e11/datanode-0/data/ratis/24bdc074-dd1d-4d22-b51a-c5409f144083/current/log_inprogress_0
2019-09-12 10:53:01,302 [9dc3d9e1-35df-4da5-a2c1-5b39dd910295-SegmentedRaftLogWorker:Storage Directory /workdir/hadoop-ozone/integration-test/target/test-dir/MiniOzoneClusterImpl-838a7ec2-4afb-4d68-8138-46fa65bc7e11/datanode-1/data/ratis/e06c43e5-6adb-454b-8589-19670a01408f] INFO  segmented.SegmentedRaftLogWorker (SegmentedRaftLogWorker.java:execute(569)) - 9dc3d9e1-35df-4da5-a2c1-5b39dd910295-SegmentedRaftLogWorker:Storage Directory /workdir/hadoop-ozone/integration-test/target/test-dir/MiniOzoneClusterImpl-838a7ec2-4afb-4d68-8138-46fa65bc7e11/datanode-1/data/ratis/e06c43e5-6adb-454b-8589-19670a01408f: created new log segment /workdir/hadoop-ozone/integration-test/target/test-dir/MiniOzoneClusterImpl-838a7ec2-4afb-4d68-8138-46fa65bc7e11/datanode-1/data/ratis/e06c43e5-6adb-454b-8589-19670a01408f/current/log_inprogress_0
2019-09-12 10:53:01,302 [da20f580-5b10-4303-a8d6-74672b88192d-SegmentedRaftLogWorker:Storage Directory /workdir/hadoop-ozone/integration-test/target/test-dir/MiniOzoneClusterImpl-838a7ec2-4afb-4d68-8138-46fa65bc7e11/datanode-0/data/ratis/5215026f-09c0-4783-ac7a-a3353f768107] INFO  segmented.SegmentedRaftLogWorker (SegmentedRaftLogWorker.java:execute(569)) - da20f580-5b10-4303-a8d6-74672b88192d-SegmentedRaftLogWorker:Storage Directory /workdir/hadoop-ozone/integration-test/target/test-dir/MiniOzoneClusterImpl-838a7ec2-4afb-4d68-8138-46fa65bc7e11/datanode-0/data/ratis/5215026f-09c0-4783-ac7a-a3353f768107: created new log segment /workdir/hadoop-ozone/integration-test/target/test-dir/MiniOzoneClusterImpl-838a7ec2-4afb-4d68-8138-46fa65bc7e11/datanode-0/data/ratis/5215026f-09c0-4783-ac7a-a3353f768107/current/log_inprogress_0
2019-09-12 10:53:01,309 [main] INFO  ozone.MiniOzoneClusterImpl (MiniOzoneClusterImpl.java:lambda$waitForClusterToBeReady$0(142)) - Cluster is ready. Got 10 of 10 DN Heartbeats.
2019-09-12 10:53:01,314 [grpc-default-executor-0] INFO  impl.RaftServerProxy (RaftServerProxy.java:addNew(89)) - 9dc3d9e1-35df-4da5-a2c1-5b39dd910295: addNew group-EF214DC12147:[9dc3d9e1-35df-4da5-a2c1-5b39dd910295:192.168.157.195:42873] returns group-EF214DC12147:java.util.concurrent.CompletableFuture@34546cec[Not completed]
2019-09-12 10:53:01,319 [pool-38-thread-1] INFO  impl.RaftServerImpl (RaftServerImpl.java:<init>(93)) - 9dc3d9e1-35df-4da5-a2c1-5b39dd910295: new RaftServerImpl for group-EF214DC12147:[9dc3d9e1-35df-4da5-a2c1-5b39dd910295:192.168.157.195:42873] with ContainerStateMachine:uninitialized
2019-09-12 10:53:01,319 [pool-38-thread-1] INFO  server.RaftServerConfigKeys (ConfUtils.java:logGet(43)) - raft.server.rpc.timeout.min = 1s (custom)
2019-09-12 10:53:01,319 [pool-38-thread-1] INFO  server.RaftServerConfigKeys (ConfUtils.java:logGet(43)) - raft.server.rpc.timeout.max = 1200ms (custom)
2019-09-12 10:53:01,320 [pool-38-thread-1] INFO  server.RaftServerConfigKeys (ConfUtils.java:logGet(43)) - raft.server.rpcslowness.timeout = 120s (custom)
2019-09-12 10:53:01,320 [pool-38-thread-1] INFO  server.RaftServerConfigKeys (ConfUtils.java:logGet(43)) - raft.server.sleep.deviation.threshold = 300 (default)
2019-09-12 10:53:01,320 [pool-38-thread-1] INFO  server.RaftServerConfigKeys (ConfUtils.java:logGet(43)) - raft.server.log.appender.install.snapshot.enabled = false (custom)
2019-09-12 10:53:01,320 [pool-38-thread-1] INFO  impl.RaftServerImpl (ServerState.java:<init>(105)) - 9dc3d9e1-35df-4da5-a2c1-5b39dd910295:group-EF214DC12147 ConfigurationManager, init=-1: [9dc3d9e1-35df-4da5-a2c1-5b39dd910295:192.168.157.195:42873], old=null, confs=<EMPTY_MAP>
2019-09-12 10:53:01,321 [pool-38-thread-1] INFO  server.RaftServerConfigKeys (ConfUtils.java:logGet(43)) - raft.server.storage.dir = [/workdir/hadoop-ozone/integration-test/target/test-dir/MiniOzoneClusterImpl-838a7ec2-4afb-4d68-8138-46fa65bc7e11/datanode-1/data/ratis] (custom)
2019-09-12 10:53:01,321 [pool-38-thread-1] INFO  storage.RaftStorageDirectory (RaftStorageDirectory.java:analyzeStorage(246)) - The storage directory /workdir/hadoop-ozone/integration-test/target/test-dir/MiniOzoneClusterImpl-838a7ec2-4afb-4d68-8138-46fa65bc7e11/datanode-1/data/ratis/4db3094b-cc55-4064-b463-ef214dc12147 does not exist. Creating ...
2019-09-12 10:53:01,330 [3aa8f21e-cbc0-493e-b8ca-fbb3b21697d5:group-1B70AA8355DA:LeaderElection7] INFO  impl.LeaderElection (LeaderElection.java:askForVotes(181)) - 3aa8f21e-cbc0-493e-b8ca-fbb3b21697d5:group-1B70AA8355DA:LeaderElection7: begin an election at term 1 for -1: [3aa8f21e-cbc0-493e-b8ca-fbb3b21697d5:192.168.157.195:34525], old=null
2019-09-12 10:53:01,330 [3aa8f21e-cbc0-493e-b8ca-fbb3b21697d5:group-1B70AA8355DA:LeaderElection7] INFO  impl.RoleInfo (RoleInfo.java:shutdownLeaderElection(134)) - 3aa8f21e-cbc0-493e-b8ca-fbb3b21697d5: shutdown LeaderElection
2019-09-12 10:53:01,330 [3aa8f21e-cbc0-493e-b8ca-fbb3b21697d5:group-1B70AA8355DA:LeaderElection7] INFO  impl.RaftServerImpl (RaftServerImpl.java:setRole(171)) - 3aa8f21e-cbc0-493e-b8ca-fbb3b21697d5:group-1B70AA8355DA changes role from CANDIDATE to LEADER at term 1 for changeToLeader
2019-09-12 10:53:01,331 [3aa8f21e-cbc0-493e-b8ca-fbb3b21697d5:group-1B70AA8355DA:LeaderElection7] INFO  impl.RaftServerImpl (ServerState.java:setLeader(263)) - 3aa8f21e-cbc0-493e-b8ca-fbb3b21697d5:group-1B70AA8355DA change Leader from null to 3aa8f21e-cbc0-493e-b8ca-fbb3b21697d5 at term 1 for becomeLeader, leader elected after 1121ms
2019-09-12 10:53:01,331 [3aa8f21e-cbc0-493e-b8ca-fbb3b21697d5:group-1B70AA8355DA:LeaderElection7] INFO  server.RaftServerConfigKeys (ConfUtils.java:logGet(43)) - raft.server.staging.catchup.gap = 1000 (default)
2019-09-12 10:53:01,331 [3aa8f21e-cbc0-493e-b8ca-fbb3b21697d5:group-1B70AA8355DA:LeaderElection7] INFO  server.RaftServerConfigKeys (ConfUtils.java:logGet(43)) - raft.server.rpc.sleep.time = 25ms (default)
2019-09-12 10:53:01,331 [3aa8f21e-cbc0-493e-b8ca-fbb3b21697d5:group-1B70AA8355DA:LeaderElection7] INFO  server.RaftServerConfigKeys (ConfUtils.java:logGet(43)) - raft.server.write.element-limit = 4096 (default)
2019-09-12 10:53:01,331 [3aa8f21e-cbc0-493e-b8ca-fbb3b21697d5:group-1B70AA8355DA:LeaderElection7] INFO  server.RaftServerConfigKeys (ConfUtils.java:logGet(43)) - raft.server.watch.timeout = 10s (default)
2019-09-12 10:53:01,332 [3aa8f21e-cbc0-493e-b8ca-fbb3b21697d5:group-1B70AA8355DA:LeaderElection7] INFO  server.RaftServerConfigKeys (ConfUtils.java:logGet(43)) - raft.server.watch.timeout.denomination = 1s (default)
2019-09-12 10:53:01,332 [3aa8f21e-cbc0-493e-b8ca-fbb3b21697d5:group-1B70AA8355DA:LeaderElection7] INFO  server.RaftServerConfigKeys (ConfUtils.java:logGet(43)) - raft.server.watch.element-limit = 65536 (default)
2019-09-12 10:53:01,332 [pool-38-thread-1] INFO  storage.RaftStorageDirectory (RaftStorageDirectory.java:tryLock(328)) - Lock on /workdir/hadoop-ozone/integration-test/target/test-dir/MiniOzoneClusterImpl-838a7ec2-4afb-4d68-8138-46fa65bc7e11/datanode-1/data/ratis/4db3094b-cc55-4064-b463-ef214dc12147/in_use.lock acquired by nodename 620@pr-hdds-1569-xtfnx-3545843844
2019-09-12 10:53:01,332 [3aa8f21e-cbc0-493e-b8ca-fbb3b21697d5:group-1B70AA8355DA:LeaderElection7] INFO  impl.RoleInfo (RoleInfo.java:updateAndGet(143)) - 3aa8f21e-cbc0-493e-b8ca-fbb3b21697d5: start LeaderState
2019-09-12 10:53:01,332 [3aa8f21e-cbc0-493e-b8ca-fbb3b21697d5:group-1B70AA8355DA:LeaderElection7] INFO  segmented.SegmentedRaftLogWorker (SegmentedRaftLogWorker.java:startLogSegment(380)) - 3aa8f21e-cbc0-493e-b8ca-fbb3b21697d5-SegmentedRaftLogWorker:Storage Directory /workdir/hadoop-ozone/integration-test/target/test-dir/MiniOzoneClusterImpl-838a7ec2-4afb-4d68-8138-46fa65bc7e11/datanode-5/data/ratis/60145ef4-8100-4150-9701-1b70aa8355da: Starting segment from index:0
2019-09-12 10:53:01,333 [3aa8f21e-cbc0-493e-b8ca-fbb3b21697d5:group-1B70AA8355DA:LeaderElection7] INFO  impl.RaftServerImpl (ServerState.java:setRaftConf(361)) - 3aa8f21e-cbc0-493e-b8ca-fbb3b21697d5:group-1B70AA8355DA set configuration 0: [3aa8f21e-cbc0-493e-b8ca-fbb3b21697d5:192.168.157.195:34525], old=null at 0
2019-09-12 10:53:01,366 [pool-38-thread-1] INFO  storage.RaftStorage (RaftStorage.java:format(72)) - Storage directory /workdir/hadoop-ozone/integration-test/target/test-dir/MiniOzoneClusterImpl-838a7ec2-4afb-4d68-8138-46fa65bc7e11/datanode-1/data/ratis/4db3094b-cc55-4064-b463-ef214dc12147 has been successfully formatted.
2019-09-12 10:53:01,367 [pool-38-thread-1] INFO  ratis.ContainerStateMachine (ContainerStateMachine.java:loadSnapshot(226)) - group-EF214DC12147: The snapshot info is null. Setting the last applied indexto:(t:0, i:~)
2019-09-12 10:53:01,367 [pool-38-thread-1] INFO  server.RaftServerConfigKeys (ConfUtils.java:logGet(43)) - raft.server.leader.election.timeout = 120s (custom)
2019-09-12 10:53:01,367 [pool-38-thread-1] INFO  server.RaftServerConfigKeys (ConfUtils.java:logGet(43)) - raft.server.log.use.memory = false (default)
2019-09-12 10:53:01,367 [pool-38-thread-1] INFO  server.RaftServerConfigKeys (ConfUtils.java:logGet(43)) - raft.server.log.purge.gap = 1000000 (custom)
2019-09-12 10:53:01,367 [pool-38-thread-1] INFO  server.RaftServerConfigKeys (ConfUtils.java:logGet(43)) - raft.server.log.appender.buffer.byte-limit = 33554432 (custom)
2019-09-12 10:53:01,367 [pool-38-thread-1] INFO  server.RaftServerConfigKeys (ConfUtils.java:logGet(43)) - raft.server.log.segment.size.max = 1048576 (custom)
2019-09-12 10:53:01,367 [pool-38-thread-1] INFO  server.RaftServerConfigKeys (ConfUtils.java:logGet(43)) - raft.server.log.segment.cache.num.max = 2 (custom)
2019-09-12 10:53:01,368 [pool-38-thread-1] INFO  segmented.SegmentedRaftLogWorker (SegmentedRaftLogWorker.java:<init>(172)) - new 9dc3d9e1-35df-4da5-a2c1-5b39dd910295-SegmentedRaftLogWorker:Storage Directory /workdir/hadoop-ozone/integration-test/target/test-dir/MiniOzoneClusterImpl-838a7ec2-4afb-4d68-8138-46fa65bc7e11/datanode-1/data/ratis/4db3094b-cc55-4064-b463-ef214dc12147 for RaftStorage:Storage Directory /workdir/hadoop-ozone/integration-test/target/test-dir/MiniOzoneClusterImpl-838a7ec2-4afb-4d68-8138-46fa65bc7e11/datanode-1/data/ratis/4db3094b-cc55-4064-b463-ef214dc12147
2019-09-12 10:53:01,368 [pool-38-thread-1] INFO  server.RaftServerConfigKeys (ConfUtils.java:logGet(43)) - raft.server.log.queue.byte-limit = 2147483647 (custom)
2019-09-12 10:53:01,368 [pool-38-thread-1] INFO  server.RaftServerConfigKeys (ConfUtils.java:logGet(43)) - raft.server.log.queue.element-limit = 1024 (custom)
2019-09-12 10:53:01,368 [pool-38-thread-1] INFO  server.RaftServerConfigKeys (ConfUtils.java:logGet(43)) - raft.server.log.segment.size.max = 1048576 (custom)
2019-09-12 10:53:01,368 [pool-38-thread-1] INFO  server.RaftServerConfigKeys (ConfUtils.java:logGet(43)) - raft.server.log.preallocated.size = 16384 (custom)
2019-09-12 10:53:01,368 [pool-38-thread-1] INFO  server.RaftServerConfigKeys (ConfUtils.java:logGet(43)) - raft.server.log.write.buffer.size = 33554432 (custom)
2019-09-12 10:53:01,368 [pool-38-thread-1] INFO  server.RaftServerConfigKeys (ConfUtils.java:logGet(43)) - raft.server.log.force.sync.num = 128 (default)
2019-09-12 10:53:01,369 [pool-38-thread-1] INFO  server.RaftServerConfigKeys (ConfUtils.java:logGet(43)) - raft.server.log.statemachine.data.sync = true (default)
2019-09-12 10:53:01,369 [pool-38-thread-1] INFO  server.RaftServerConfigKeys (ConfUtils.java:logGet(43)) - raft.server.log.statemachine.data.sync.timeout = 10s (default)
2019-09-12 10:53:01,369 [pool-38-thread-1] INFO  server.RaftServerConfigKeys (ConfUtils.java:logGet(43)) - raft.server.log.statemachine.data.sync.timeout.retry = -1 (default)
2019-09-12 10:53:01,369 [pool-38-thread-1] INFO  server.RaftServerConfigKeys (ConfUtils.java:logGet(43)) - raft.server.log.statemachine.data.caching.enabled = true (custom)
2019-09-12 10:53:01,369 [pool-38-thread-1] INFO  segmented.SegmentedRaftLogWorker (SegmentedRaftLogWorker.java:lambda$new$0(132)) - 9dc3d9e1-35df-4da5-a2c1-5b39dd910295-SegmentedRaftLogWorker:Storage Directory /workdir/hadoop-ozone/integration-test/target/test-dir/MiniOzoneClusterImpl-838a7ec2-4afb-4d68-8138-46fa65bc7e11/datanode-1/data/ratis/4db3094b-cc55-4064-b463-ef214dc12147: flushIndex: setUnconditionally 0 -> -1
2019-09-12 10:53:01,369 [pool-38-thread-1] INFO  server.RaftServerConfigKeys (ConfUtils.java:logGet(43)) - raft.server.snapshot.auto.trigger.enabled = true (custom)
2019-09-12 10:53:01,370 [pool-38-thread-1] INFO  server.RaftServerConfigKeys (ConfUtils.java:logGet(43)) - raft.server.snapshot.auto.trigger.threshold = 10000 (custom)
2019-09-12 10:53:01,370 [pool-38-thread-1] INFO  server.RaftServerConfigKeys (ConfUtils.java:logGet(43)) - raft.server.retrycache.expirytime = 600000ms (custom)
2019-09-12 10:53:01,370 [pool-38-thread-1] INFO  impl.RaftServerImpl (RaftServerImpl.java:start(180)) - 9dc3d9e1-35df-4da5-a2c1-5b39dd910295: start group-EF214DC12147
2019-09-12 10:53:01,370 [pool-38-thread-1] INFO  impl.RaftServerImpl (RaftServerImpl.java:setRole(171)) - 9dc3d9e1-35df-4da5-a2c1-5b39dd910295:group-EF214DC12147 changes role from null to FOLLOWER at term 0 for startAsFollower
2019-09-12 10:53:01,370 [pool-38-thread-1] INFO  impl.RoleInfo (RoleInfo.java:updateAndGet(143)) - 9dc3d9e1-35df-4da5-a2c1-5b39dd910295: start FollowerState
2019-09-12 10:53:01,371 [pool-38-thread-1] INFO  util.JmxRegister (JmxRegister.java:tryRegister(44)) - Successfully registered JMX Bean with object name Ratis:service=RaftServer,group=group-EF214DC12147,id=9dc3d9e1-35df-4da5-a2c1-5b39dd910295
2019-09-12 10:53:01,379 | INFO  | SCMAudit | user=jenkins1000 | ip=192.168.157.195 | op=SEND_HEARTBEAT {datanodeUUID=9dc3d9e1-35df-4da5-a2c1-5b39dd910295, command=[]} | ret=SUCCESS |  
2019-09-12 10:53:01,380 [RatisPipelineUtilsThread] INFO  pipeline.PipelineStateManager (PipelineStateManager.java:addPipeline(56)) - Created pipeline Pipeline[ Id: 4db3094b-cc55-4064-b463-ef214dc12147, Nodes: 9dc3d9e1-35df-4da5-a2c1-5b39dd910295{ip: 192.168.157.195, host: pr-hdds-1569-xtfnx-3545843844, networkLocation: /default-rack, certSerialId: null}, Type:RATIS, Factor:ONE, State:OPEN]
2019-09-12 10:53:01,383 [RatisPipelineUtilsThread] ERROR pipeline.PipelinePlacementPolicy (PipelinePlacementPolicy.java:meetCriteria(91)) - Pipeline Placement: Doesn't meet the criteria to be viable node. Heaviness: 6
2019-09-12 10:53:01,383 [RatisPipelineUtilsThread] ERROR pipeline.PipelinePlacementPolicy (PipelinePlacementPolicy.java:meetCriteria(91)) - Pipeline Placement: Doesn't meet the criteria to be viable node. Heaviness: 6
2019-09-12 10:53:01,392 [3aa8f21e-cbc0-493e-b8ca-fbb3b21697d5-SegmentedRaftLogWorker:Storage Directory /workdir/hadoop-ozone/integration-test/target/test-dir/MiniOzoneClusterImpl-838a7ec2-4afb-4d68-8138-46fa65bc7e11/datanode-5/data/ratis/60145ef4-8100-4150-9701-1b70aa8355da] INFO  segmented.SegmentedRaftLogWorker (SegmentedRaftLogWorker.java:execute(569)) - 3aa8f21e-cbc0-493e-b8ca-fbb3b21697d5-SegmentedRaftLogWorker:Storage Directory /workdir/hadoop-ozone/integration-test/target/test-dir/MiniOzoneClusterImpl-838a7ec2-4afb-4d68-8138-46fa65bc7e11/datanode-5/data/ratis/60145ef4-8100-4150-9701-1b70aa8355da: created new log segment /workdir/hadoop-ozone/integration-test/target/test-dir/MiniOzoneClusterImpl-838a7ec2-4afb-4d68-8138-46fa65bc7e11/datanode-5/data/ratis/60145ef4-8100-4150-9701-1b70aa8355da/current/log_inprogress_0
2019-09-12 10:53:01,407 [grpc-default-executor-0] INFO  impl.RaftServerProxy (RaftServerProxy.java:addNew(89)) - 8d69d0c9-c816-414c-ba1a-8b3ab85fb900: addNew group-E63E8C9D367A:[8d69d0c9-c816-414c-ba1a-8b3ab85fb900:192.168.157.195:38566] returns group-E63E8C9D367A:java.util.concurrent.CompletableFuture@47584a[Not completed]
2019-09-12 10:53:01,422 [pool-71-thread-1] INFO  impl.RaftServerImpl (RaftServerImpl.java:<init>(93)) - 8d69d0c9-c816-414c-ba1a-8b3ab85fb900: new RaftServerImpl for group-E63E8C9D367A:[8d69d0c9-c816-414c-ba1a-8b3ab85fb900:192.168.157.195:38566] with ContainerStateMachine:uninitialized
2019-09-12 10:53:01,424 [pool-71-thread-1] INFO  server.RaftServerConfigKeys (ConfUtils.java:logGet(43)) - raft.server.rpc.timeout.min = 1s (custom)
2019-09-12 10:53:01,427 [pool-71-thread-1] INFO  server.RaftServerConfigKeys (ConfUtils.java:logGet(43)) - raft.server.rpc.timeout.max = 1200ms (custom)
2019-09-12 10:53:01,427 [pool-71-thread-1] INFO  server.RaftServerConfigKeys (ConfUtils.java:logGet(43)) - raft.server.rpcslowness.timeout = 120s (custom)
2019-09-12 10:53:01,428 [pool-71-thread-1] INFO  server.RaftServerConfigKeys (ConfUtils.java:logGet(43)) - raft.server.sleep.deviation.threshold = 300 (default)
2019-09-12 10:53:01,428 [pool-71-thread-1] INFO  server.RaftServerConfigKeys (ConfUtils.java:logGet(43)) - raft.server.log.appender.install.snapshot.enabled = false (custom)
2019-09-12 10:53:01,428 | INFO  | SCMAudit | user=jenkins1000 | ip=192.168.157.195 | op=SEND_HEARTBEAT {datanodeUUID=3aa8f21e-cbc0-493e-b8ca-fbb3b21697d5, command=[]} | ret=SUCCESS |  
2019-09-12 10:53:01,428 [pool-71-thread-1] INFO  impl.RaftServerImpl (ServerState.java:<init>(105)) - 8d69d0c9-c816-414c-ba1a-8b3ab85fb900:group-E63E8C9D367A ConfigurationManager, init=-1: [8d69d0c9-c816-414c-ba1a-8b3ab85fb900:192.168.157.195:38566], old=null, confs=<EMPTY_MAP>
2019-09-12 10:53:01,428 [pool-71-thread-1] INFO  server.RaftServerConfigKeys (ConfUtils.java:logGet(43)) - raft.server.storage.dir = [/workdir/hadoop-ozone/integration-test/target/test-dir/MiniOzoneClusterImpl-838a7ec2-4afb-4d68-8138-46fa65bc7e11/datanode-4/data/ratis] (custom)
2019-09-12 10:53:01,429 [pool-71-thread-1] INFO  storage.RaftStorageDirectory (RaftStorageDirectory.java:analyzeStorage(246)) - The storage directory /workdir/hadoop-ozone/integration-test/target/test-dir/MiniOzoneClusterImpl-838a7ec2-4afb-4d68-8138-46fa65bc7e11/datanode-4/data/ratis/6fdf573e-0611-4621-8925-e63e8c9d367a does not exist. Creating ...
2019-09-12 10:53:01,443 [pool-71-thread-1] INFO  storage.RaftStorageDirectory (RaftStorageDirectory.java:tryLock(328)) - Lock on /workdir/hadoop-ozone/integration-test/target/test-dir/MiniOzoneClusterImpl-838a7ec2-4afb-4d68-8138-46fa65bc7e11/datanode-4/data/ratis/6fdf573e-0611-4621-8925-e63e8c9d367a/in_use.lock acquired by nodename 620@pr-hdds-1569-xtfnx-3545843844
2019-09-12 10:53:01,449 [Thread-308] INFO  impl.FollowerState (FollowerState.java:run(106)) - da20f580-5b10-4303-a8d6-74672b88192d:group-0A3278521B0F changes to CANDIDATE, lastRpcTime:1083, electionTimeout:1081ms
2019-09-12 10:53:01,450 [Thread-308] INFO  impl.RoleInfo (RoleInfo.java:shutdownFollowerState(121)) - da20f580-5b10-4303-a8d6-74672b88192d: shutdown FollowerState
2019-09-12 10:53:01,450 [Thread-308] INFO  impl.RaftServerImpl (RaftServerImpl.java:setRole(171)) - da20f580-5b10-4303-a8d6-74672b88192d:group-0A3278521B0F changes role from FOLLOWER to CANDIDATE at term 0 for changeToCandidate
2019-09-12 10:53:01,450 [Thread-308] INFO  impl.RoleInfo (RoleInfo.java:updateAndGet(143)) - da20f580-5b10-4303-a8d6-74672b88192d: start LeaderElection
2019-09-12 10:53:01,457 [pool-71-thread-1] INFO  storage.RaftStorage (RaftStorage.java:format(72)) - Storage directory /workdir/hadoop-ozone/integration-test/target/test-dir/MiniOzoneClusterImpl-838a7ec2-4afb-4d68-8138-46fa65bc7e11/datanode-4/data/ratis/6fdf573e-0611-4621-8925-e63e8c9d367a has been successfully formatted.
2019-09-12 10:53:01,457 [pool-71-thread-1] INFO  ratis.ContainerStateMachine (ContainerStateMachine.java:loadSnapshot(226)) - group-E63E8C9D367A: The snapshot info is null. Setting the last applied indexto:(t:0, i:~)
2019-09-12 10:53:01,457 [pool-71-thread-1] INFO  server.RaftServerConfigKeys (ConfUtils.java:logGet(43)) - raft.server.leader.election.timeout = 120s (custom)
2019-09-12 10:53:01,457 [pool-71-thread-1] INFO  server.RaftServerConfigKeys (ConfUtils.java:logGet(43)) - raft.server.log.use.memory = false (default)
2019-09-12 10:53:01,457 [pool-71-thread-1] INFO  server.RaftServerConfigKeys (ConfUtils.java:logGet(43)) - raft.server.log.purge.gap = 1000000 (custom)
2019-09-12 10:53:01,458 [pool-71-thread-1] INFO  server.RaftServerConfigKeys (ConfUtils.java:logGet(43)) - raft.server.log.appender.buffer.byte-limit = 33554432 (custom)
2019-09-12 10:53:01,458 [pool-71-thread-1] INFO  server.RaftServerConfigKeys (ConfUtils.java:logGet(43)) - raft.server.log.segment.size.max = 1048576 (custom)
2019-09-12 10:53:01,458 [pool-71-thread-1] INFO  server.RaftServerConfigKeys (ConfUtils.java:logGet(43)) - raft.server.log.segment.cache.num.max = 2 (custom)
2019-09-12 10:53:01,458 [pool-71-thread-1] INFO  segmented.SegmentedRaftLogWorker (SegmentedRaftLogWorker.java:<init>(172)) - new 8d69d0c9-c816-414c-ba1a-8b3ab85fb900-SegmentedRaftLogWorker:Storage Directory /workdir/hadoop-ozone/integration-test/target/test-dir/MiniOzoneClusterImpl-838a7ec2-4afb-4d68-8138-46fa65bc7e11/datanode-4/data/ratis/6fdf573e-0611-4621-8925-e63e8c9d367a for RaftStorage:Storage Directory /workdir/hadoop-ozone/integration-test/target/test-dir/MiniOzoneClusterImpl-838a7ec2-4afb-4d68-8138-46fa65bc7e11/datanode-4/data/ratis/6fdf573e-0611-4621-8925-e63e8c9d367a
2019-09-12 10:53:01,458 [pool-71-thread-1] INFO  server.RaftServerConfigKeys (ConfUtils.java:logGet(43)) - raft.server.log.queue.byte-limit = 2147483647 (custom)
2019-09-12 10:53:01,459 [pool-71-thread-1] INFO  server.RaftServerConfigKeys (ConfUtils.java:logGet(43)) - raft.server.log.queue.element-limit = 1024 (custom)
2019-09-12 10:53:01,459 [pool-71-thread-1] INFO  server.RaftServerConfigKeys (ConfUtils.java:logGet(43)) - raft.server.log.segment.size.max = 1048576 (custom)
2019-09-12 10:53:01,459 [pool-71-thread-1] INFO  server.RaftServerConfigKeys (ConfUtils.java:logGet(43)) - raft.server.log.preallocated.size = 16384 (custom)
2019-09-12 10:53:01,459 [pool-71-thread-1] INFO  server.RaftServerConfigKeys (ConfUtils.java:logGet(43)) - raft.server.log.write.buffer.size = 33554432 (custom)
2019-09-12 10:53:01,460 [pool-71-thread-1] INFO  server.RaftServerConfigKeys (ConfUtils.java:logGet(43)) - raft.server.log.force.sync.num = 128 (default)
2019-09-12 10:53:01,460 [pool-71-thread-1] INFO  server.RaftServerConfigKeys (ConfUtils.java:logGet(43)) - raft.server.log.statemachine.data.sync = true (default)
2019-09-12 10:53:01,460 [pool-71-thread-1] INFO  server.RaftServerConfigKeys (ConfUtils.java:logGet(43)) - raft.server.log.statemachine.data.sync.timeout = 10s (default)
2019-09-12 10:53:01,460 [pool-71-thread-1] INFO  server.RaftServerConfigKeys (ConfUtils.java:logGet(43)) - raft.server.log.statemachine.data.sync.timeout.retry = -1 (default)
2019-09-12 10:53:01,460 [pool-71-thread-1] INFO  server.RaftServerConfigKeys (ConfUtils.java:logGet(43)) - raft.server.log.statemachine.data.caching.enabled = true (custom)
2019-09-12 10:53:01,461 [pool-71-thread-1] INFO  segmented.SegmentedRaftLogWorker (SegmentedRaftLogWorker.java:lambda$new$0(132)) - 8d69d0c9-c816-414c-ba1a-8b3ab85fb900-SegmentedRaftLogWorker:Storage Directory /workdir/hadoop-ozone/integration-test/target/test-dir/MiniOzoneClusterImpl-838a7ec2-4afb-4d68-8138-46fa65bc7e11/datanode-4/data/ratis/6fdf573e-0611-4621-8925-e63e8c9d367a: flushIndex: setUnconditionally 0 -> -1
2019-09-12 10:53:01,461 [pool-71-thread-1] INFO  server.RaftServerConfigKeys (ConfUtils.java:logGet(43)) - raft.server.snapshot.auto.trigger.enabled = true (custom)
2019-09-12 10:53:01,461 [pool-71-thread-1] INFO  server.RaftServerConfigKeys (ConfUtils.java:logGet(43)) - raft.server.snapshot.auto.trigger.threshold = 10000 (custom)
2019-09-12 10:53:01,462 [pool-71-thread-1] INFO  server.RaftServerConfigKeys (ConfUtils.java:logGet(43)) - raft.server.retrycache.expirytime = 600000ms (custom)
2019-09-12 10:53:01,462 [pool-71-thread-1] INFO  impl.RaftServerImpl (RaftServerImpl.java:start(180)) - 8d69d0c9-c816-414c-ba1a-8b3ab85fb900: start group-E63E8C9D367A
2019-09-12 10:53:01,462 [pool-71-thread-1] INFO  impl.RaftServerImpl (RaftServerImpl.java:setRole(171)) - 8d69d0c9-c816-414c-ba1a-8b3ab85fb900:group-E63E8C9D367A changes role from null to FOLLOWER at term 0 for startAsFollower
2019-09-12 10:53:01,462 [pool-71-thread-1] INFO  impl.RoleInfo (RoleInfo.java:updateAndGet(143)) - 8d69d0c9-c816-414c-ba1a-8b3ab85fb900: start FollowerState
2019-09-12 10:53:01,463 [pool-71-thread-1] INFO  util.JmxRegister (JmxRegister.java:tryRegister(44)) - Successfully registered JMX Bean with object name Ratis:service=RaftServer,group=group-E63E8C9D367A,id=8d69d0c9-c816-414c-ba1a-8b3ab85fb900
2019-09-12 10:53:01,469 [RatisPipelineUtilsThread] INFO  pipeline.PipelineStateManager (PipelineStateManager.java:addPipeline(56)) - Created pipeline Pipeline[ Id: 6fdf573e-0611-4621-8925-e63e8c9d367a, Nodes: 8d69d0c9-c816-414c-ba1a-8b3ab85fb900{ip: 192.168.157.195, host: pr-hdds-1569-xtfnx-3545843844, networkLocation: /default-rack, certSerialId: null}, Type:RATIS, Factor:ONE, State:OPEN]
2019-09-12 10:53:01,475 [Thread-305] INFO  impl.FollowerState (FollowerState.java:run(106)) - da20f580-5b10-4303-a8d6-74672b88192d:group-076991192578 changes to CANDIDATE, lastRpcTime:1183, electionTimeout:1178ms
2019-09-12 10:53:01,475 [da20f580-5b10-4303-a8d6-74672b88192d:group-0A3278521B0F:LeaderElection8] INFO  impl.LeaderElection (LeaderElection.java:askForVotes(181)) - da20f580-5b10-4303-a8d6-74672b88192d:group-0A3278521B0F:LeaderElection8: begin an election at term 1 for -1: [da20f580-5b10-4303-a8d6-74672b88192d:192.168.157.195:33557], old=null
2019-09-12 10:53:01,475 [RatisPipelineUtilsThread] ERROR pipeline.PipelinePlacementPolicy (PipelinePlacementPolicy.java:meetCriteria(91)) - Pipeline Placement: Doesn't meet the criteria to be viable node. Heaviness: 6
2019-09-12 10:53:01,476 [RatisPipelineUtilsThread] ERROR pipeline.PipelinePlacementPolicy (PipelinePlacementPolicy.java:meetCriteria(91)) - Pipeline Placement: Doesn't meet the criteria to be viable node. Heaviness: 6
2019-09-12 10:53:01,475 [Thread-305] INFO  impl.RoleInfo (RoleInfo.java:shutdownFollowerState(121)) - da20f580-5b10-4303-a8d6-74672b88192d: shutdown FollowerState
2019-09-12 10:53:01,475 [da20f580-5b10-4303-a8d6-74672b88192d:group-0A3278521B0F:LeaderElection8] INFO  impl.RoleInfo (RoleInfo.java:shutdownLeaderElection(134)) - da20f580-5b10-4303-a8d6-74672b88192d: shutdown LeaderElection
2019-09-12 10:53:01,476 [Thread-305] INFO  impl.RaftServerImpl (RaftServerImpl.java:setRole(171)) - da20f580-5b10-4303-a8d6-74672b88192d:group-076991192578 changes role from FOLLOWER to CANDIDATE at term 0 for changeToCandidate
2019-09-12 10:53:01,476 [da20f580-5b10-4303-a8d6-74672b88192d:group-0A3278521B0F:LeaderElection8] INFO  impl.RaftServerImpl (RaftServerImpl.java:setRole(171)) - da20f580-5b10-4303-a8d6-74672b88192d:group-0A3278521B0F changes role from CANDIDATE to LEADER at term 1 for changeToLeader
2019-09-12 10:53:01,476 [da20f580-5b10-4303-a8d6-74672b88192d:group-0A3278521B0F:LeaderElection8] INFO  impl.RaftServerImpl (ServerState.java:setLeader(263)) - da20f580-5b10-4303-a8d6-74672b88192d:group-0A3278521B0F change Leader from null to da20f580-5b10-4303-a8d6-74672b88192d at term 1 for becomeLeader, leader elected after 1114ms
2019-09-12 10:53:01,476 [Thread-305] INFO  impl.RoleInfo (RoleInfo.java:updateAndGet(143)) - da20f580-5b10-4303-a8d6-74672b88192d: start LeaderElection
2019-09-12 10:53:01,476 [da20f580-5b10-4303-a8d6-74672b88192d:group-0A3278521B0F:LeaderElection8] INFO  server.RaftServerConfigKeys (ConfUtils.java:logGet(43)) - raft.server.staging.catchup.gap = 1000 (default)
2019-09-12 10:53:01,477 [da20f580-5b10-4303-a8d6-74672b88192d:group-0A3278521B0F:LeaderElection8] INFO  server.RaftServerConfigKeys (ConfUtils.java:logGet(43)) - raft.server.rpc.sleep.time = 25ms (default)
2019-09-12 10:53:01,479 [da20f580-5b10-4303-a8d6-74672b88192d:group-0A3278521B0F:LeaderElection8] INFO  server.RaftServerConfigKeys (ConfUtils.java:logGet(43)) - raft.server.write.element-limit = 4096 (default)
2019-09-12 10:53:01,483 [da20f580-5b10-4303-a8d6-74672b88192d:group-0A3278521B0F:LeaderElection8] INFO  server.RaftServerConfigKeys (ConfUtils.java:logGet(43)) - raft.server.watch.timeout = 10s (default)
2019-09-12 10:53:01,483 [da20f580-5b10-4303-a8d6-74672b88192d:group-0A3278521B0F:LeaderElection8] INFO  server.RaftServerConfigKeys (ConfUtils.java:logGet(43)) - raft.server.watch.timeout.denomination = 1s (default)
2019-09-12 10:53:01,483 [da20f580-5b10-4303-a8d6-74672b88192d:group-0A3278521B0F:LeaderElection8] INFO  server.RaftServerConfigKeys (ConfUtils.java:logGet(43)) - raft.server.watch.element-limit = 65536 (default)
2019-09-12 10:53:01,485 [da20f580-5b10-4303-a8d6-74672b88192d:group-0A3278521B0F:LeaderElection8] INFO  impl.RoleInfo (RoleInfo.java:updateAndGet(143)) - da20f580-5b10-4303-a8d6-74672b88192d: start LeaderState
2019-09-12 10:53:01,486 [da20f580-5b10-4303-a8d6-74672b88192d:group-0A3278521B0F:LeaderElection8] INFO  segmented.SegmentedRaftLogWorker (SegmentedRaftLogWorker.java:startLogSegment(380)) - da20f580-5b10-4303-a8d6-74672b88192d-SegmentedRaftLogWorker:Storage Directory /workdir/hadoop-ozone/integration-test/target/test-dir/MiniOzoneClusterImpl-838a7ec2-4afb-4d68-8138-46fa65bc7e11/datanode-0/data/ratis/d4c39b10-4a04-4d75-8a11-0a3278521b0f: Starting segment from index:0
2019-09-12 10:53:01,486 [da20f580-5b10-4303-a8d6-74672b88192d:group-0A3278521B0F:LeaderElection8] INFO  impl.RaftServerImpl (ServerState.java:setRaftConf(361)) - da20f580-5b10-4303-a8d6-74672b88192d:group-0A3278521B0F set configuration 0: [da20f580-5b10-4303-a8d6-74672b88192d:192.168.157.195:33557], old=null at 0
2019-09-12 10:53:01,518 [da20f580-5b10-4303-a8d6-74672b88192d:group-076991192578:LeaderElection9] INFO  impl.LeaderElection (LeaderElection.java:askForVotes(181)) - da20f580-5b10-4303-a8d6-74672b88192d:group-076991192578:LeaderElection9: begin an election at term 1 for -1: [da20f580-5b10-4303-a8d6-74672b88192d:192.168.157.195:33557], old=null
2019-09-12 10:53:01,518 [da20f580-5b10-4303-a8d6-74672b88192d:group-076991192578:LeaderElection9] INFO  impl.RoleInfo (RoleInfo.java:shutdownLeaderElection(134)) - da20f580-5b10-4303-a8d6-74672b88192d: shutdown LeaderElection
2019-09-12 10:53:01,519 [da20f580-5b10-4303-a8d6-74672b88192d:group-076991192578:LeaderElection9] INFO  impl.RaftServerImpl (RaftServerImpl.java:setRole(171)) - da20f580-5b10-4303-a8d6-74672b88192d:group-076991192578 changes role from CANDIDATE to LEADER at term 1 for changeToLeader
2019-09-12 10:53:01,519 [da20f580-5b10-4303-a8d6-74672b88192d:group-076991192578:LeaderElection9] INFO  impl.RaftServerImpl (ServerState.java:setLeader(263)) - da20f580-5b10-4303-a8d6-74672b88192d:group-076991192578 change Leader from null to da20f580-5b10-4303-a8d6-74672b88192d at term 1 for becomeLeader, leader elected after 1233ms
2019-09-12 10:53:01,519 [da20f580-5b10-4303-a8d6-74672b88192d:group-076991192578:LeaderElection9] INFO  server.RaftServerConfigKeys (ConfUtils.java:logGet(43)) - raft.server.staging.catchup.gap = 1000 (default)
2019-09-12 10:53:01,519 [da20f580-5b10-4303-a8d6-74672b88192d:group-076991192578:LeaderElection9] INFO  server.RaftServerConfigKeys (ConfUtils.java:logGet(43)) - raft.server.rpc.sleep.time = 25ms (default)
2019-09-12 10:53:01,519 [da20f580-5b10-4303-a8d6-74672b88192d:group-076991192578:LeaderElection9] INFO  server.RaftServerConfigKeys (ConfUtils.java:logGet(43)) - raft.server.write.element-limit = 4096 (default)
2019-09-12 10:53:01,520 [da20f580-5b10-4303-a8d6-74672b88192d:group-076991192578:LeaderElection9] INFO  server.RaftServerConfigKeys (ConfUtils.java:logGet(43)) - raft.server.watch.timeout = 10s (default)
2019-09-12 10:53:01,520 [da20f580-5b10-4303-a8d6-74672b88192d:group-076991192578:LeaderElection9] INFO  server.RaftServerConfigKeys (ConfUtils.java:logGet(43)) - raft.server.watch.timeout.denomination = 1s (default)
2019-09-12 10:53:01,520 [da20f580-5b10-4303-a8d6-74672b88192d:group-076991192578:LeaderElection9] INFO  server.RaftServerConfigKeys (ConfUtils.java:logGet(43)) - raft.server.watch.element-limit = 65536 (default)
2019-09-12 10:53:01,520 [da20f580-5b10-4303-a8d6-74672b88192d:group-076991192578:LeaderElection9] INFO  impl.RoleInfo (RoleInfo.java:updateAndGet(143)) - da20f580-5b10-4303-a8d6-74672b88192d: start LeaderState
2019-09-12 10:53:01,520 [da20f580-5b10-4303-a8d6-74672b88192d:group-076991192578:LeaderElection9] INFO  segmented.SegmentedRaftLogWorker (SegmentedRaftLogWorker.java:startLogSegment(380)) - da20f580-5b10-4303-a8d6-74672b88192d-SegmentedRaftLogWorker:Storage Directory /workdir/hadoop-ozone/integration-test/target/test-dir/MiniOzoneClusterImpl-838a7ec2-4afb-4d68-8138-46fa65bc7e11/datanode-0/data/ratis/8456c8a0-a29b-4f78-b1e3-076991192578: Starting segment from index:0
2019-09-12 10:53:01,521 [da20f580-5b10-4303-a8d6-74672b88192d:group-076991192578:LeaderElection9] INFO  impl.RaftServerImpl (ServerState.java:setRaftConf(361)) - da20f580-5b10-4303-a8d6-74672b88192d:group-076991192578 set configuration 0: [da20f580-5b10-4303-a8d6-74672b88192d:192.168.157.195:33557], old=null at 0
2019-09-12 10:53:01,559 [da20f580-5b10-4303-a8d6-74672b88192d-SegmentedRaftLogWorker:Storage Directory /workdir/hadoop-ozone/integration-test/target/test-dir/MiniOzoneClusterImpl-838a7ec2-4afb-4d68-8138-46fa65bc7e11/datanode-0/data/ratis/d4c39b10-4a04-4d75-8a11-0a3278521b0f] INFO  segmented.SegmentedRaftLogWorker (SegmentedRaftLogWorker.java:execute(569)) - da20f580-5b10-4303-a8d6-74672b88192d-SegmentedRaftLogWorker:Storage Directory /workdir/hadoop-ozone/integration-test/target/test-dir/MiniOzoneClusterImpl-838a7ec2-4afb-4d68-8138-46fa65bc7e11/datanode-0/data/ratis/d4c39b10-4a04-4d75-8a11-0a3278521b0f: created new log segment /workdir/hadoop-ozone/integration-test/target/test-dir/MiniOzoneClusterImpl-838a7ec2-4afb-4d68-8138-46fa65bc7e11/datanode-0/data/ratis/d4c39b10-4a04-4d75-8a11-0a3278521b0f/current/log_inprogress_0
2019-09-12 10:53:01,565 [grpc-default-executor-0] INFO  impl.RaftServerProxy (RaftServerProxy.java:addNew(89)) - 250b6484-39fc-4c26-8a98-91f8d9b3befa: addNew group-D3EE1D9960FD:[250b6484-39fc-4c26-8a98-91f8d9b3befa:192.168.157.195:34503] returns group-D3EE1D9960FD:java.util.concurrent.CompletableFuture@4eff578b[Not completed]
2019-09-12 10:53:01,566 [pool-49-thread-1] INFO  impl.RaftServerImpl (RaftServerImpl.java:<init>(93)) - 250b6484-39fc-4c26-8a98-91f8d9b3befa: new RaftServerImpl for group-D3EE1D9960FD:[250b6484-39fc-4c26-8a98-91f8d9b3befa:192.168.157.195:34503] with ContainerStateMachine:uninitialized
2019-09-12 10:53:01,569 [pool-49-thread-1] INFO  server.RaftServerConfigKeys (ConfUtils.java:logGet(43)) - raft.server.rpc.timeout.min = 1s (custom)
2019-09-12 10:53:01,569 [pool-49-thread-1] INFO  server.RaftServerConfigKeys (ConfUtils.java:logGet(43)) - raft.server.rpc.timeout.max = 1200ms (custom)
2019-09-12 10:53:01,569 [pool-49-thread-1] INFO  server.RaftServerConfigKeys (ConfUtils.java:logGet(43)) - raft.server.rpcslowness.timeout = 120s (custom)
2019-09-12 10:53:01,570 [pool-49-thread-1] INFO  server.RaftServerConfigKeys (ConfUtils.java:logGet(43)) - raft.server.sleep.deviation.threshold = 300 (default)
2019-09-12 10:53:01,570 [pool-49-thread-1] INFO  server.RaftServerConfigKeys (ConfUtils.java:logGet(43)) - raft.server.log.appender.install.snapshot.enabled = false (custom)
2019-09-12 10:53:01,570 [pool-49-thread-1] INFO  impl.RaftServerImpl (ServerState.java:<init>(105)) - 250b6484-39fc-4c26-8a98-91f8d9b3befa:group-D3EE1D9960FD ConfigurationManager, init=-1: [250b6484-39fc-4c26-8a98-91f8d9b3befa:192.168.157.195:34503], old=null, confs=<EMPTY_MAP>
2019-09-12 10:53:01,570 [pool-49-thread-1] INFO  server.RaftServerConfigKeys (ConfUtils.java:logGet(43)) - raft.server.storage.dir = [/workdir/hadoop-ozone/integration-test/target/test-dir/MiniOzoneClusterImpl-838a7ec2-4afb-4d68-8138-46fa65bc7e11/datanode-2/data/ratis] (custom)
2019-09-12 10:53:01,571 [pool-49-thread-1] INFO  storage.RaftStorageDirectory (RaftStorageDirectory.java:analyzeStorage(246)) - The storage directory /workdir/hadoop-ozone/integration-test/target/test-dir/MiniOzoneClusterImpl-838a7ec2-4afb-4d68-8138-46fa65bc7e11/datanode-2/data/ratis/5e82b356-296b-4f9b-afa6-d3ee1d9960fd does not exist. Creating ...
2019-09-12 10:53:01,573 [Thread-317] INFO  impl.FollowerState (FollowerState.java:run(106)) - da20f580-5b10-4303-a8d6-74672b88192d:group-F512806148B7 changes to CANDIDATE, lastRpcTime:1006, electionTimeout:1006ms
2019-09-12 10:53:01,573 [Thread-317] INFO  impl.RoleInfo (RoleInfo.java:shutdownFollowerState(121)) - da20f580-5b10-4303-a8d6-74672b88192d: shutdown FollowerState
2019-09-12 10:53:01,573 [Thread-317] INFO  impl.RaftServerImpl (RaftServerImpl.java:setRole(171)) - da20f580-5b10-4303-a8d6-74672b88192d:group-F512806148B7 changes role from FOLLOWER to CANDIDATE at term 0 for changeToCandidate
2019-09-12 10:53:01,574 [Thread-317] INFO  impl.RoleInfo (RoleInfo.java:updateAndGet(143)) - da20f580-5b10-4303-a8d6-74672b88192d: start LeaderElection
2019-09-12 10:53:01,581 [da20f580-5b10-4303-a8d6-74672b88192d-SegmentedRaftLogWorker:Storage Directory /workdir/hadoop-ozone/integration-test/target/test-dir/MiniOzoneClusterImpl-838a7ec2-4afb-4d68-8138-46fa65bc7e11/datanode-0/data/ratis/8456c8a0-a29b-4f78-b1e3-076991192578] INFO  segmented.SegmentedRaftLogWorker (SegmentedRaftLogWorker.java:execute(569)) - da20f580-5b10-4303-a8d6-74672b88192d-SegmentedRaftLogWorker:Storage Directory /workdir/hadoop-ozone/integration-test/target/test-dir/MiniOzoneClusterImpl-838a7ec2-4afb-4d68-8138-46fa65bc7e11/datanode-0/data/ratis/8456c8a0-a29b-4f78-b1e3-076991192578: created new log segment /workdir/hadoop-ozone/integration-test/target/test-dir/MiniOzoneClusterImpl-838a7ec2-4afb-4d68-8138-46fa65bc7e11/datanode-0/data/ratis/8456c8a0-a29b-4f78-b1e3-076991192578/current/log_inprogress_0
2019-09-12 10:53:01,585 [pool-49-thread-1] INFO  storage.RaftStorageDirectory (RaftStorageDirectory.java:tryLock(328)) - Lock on /workdir/hadoop-ozone/integration-test/target/test-dir/MiniOzoneClusterImpl-838a7ec2-4afb-4d68-8138-46fa65bc7e11/datanode-2/data/ratis/5e82b356-296b-4f9b-afa6-d3ee1d9960fd/in_use.lock acquired by nodename 620@pr-hdds-1569-xtfnx-3545843844
2019-09-12 10:53:01,586 [da20f580-5b10-4303-a8d6-74672b88192d:group-F512806148B7:LeaderElection10] INFO  impl.LeaderElection (LeaderElection.java:askForVotes(181)) - da20f580-5b10-4303-a8d6-74672b88192d:group-F512806148B7:LeaderElection10: begin an election at term 1 for -1: [da20f580-5b10-4303-a8d6-74672b88192d:192.168.157.195:33557], old=null
2019-09-12 10:53:01,588 [da20f580-5b10-4303-a8d6-74672b88192d:group-F512806148B7:LeaderElection10] INFO  impl.RoleInfo (RoleInfo.java:shutdownLeaderElection(134)) - da20f580-5b10-4303-a8d6-74672b88192d: shutdown LeaderElection
2019-09-12 10:53:01,588 [da20f580-5b10-4303-a8d6-74672b88192d:group-F512806148B7:LeaderElection10] INFO  impl.RaftServerImpl (RaftServerImpl.java:setRole(171)) - da20f580-5b10-4303-a8d6-74672b88192d:group-F512806148B7 changes role from CANDIDATE to LEADER at term 1 for changeToLeader
2019-09-12 10:53:01,589 [da20f580-5b10-4303-a8d6-74672b88192d:group-F512806148B7:LeaderElection10] INFO  impl.RaftServerImpl (ServerState.java:setLeader(263)) - da20f580-5b10-4303-a8d6-74672b88192d:group-F512806148B7 change Leader from null to da20f580-5b10-4303-a8d6-74672b88192d at term 1 for becomeLeader, leader elected after 1025ms
2019-09-12 10:53:01,589 [da20f580-5b10-4303-a8d6-74672b88192d:group-F512806148B7:LeaderElection10] INFO  server.RaftServerConfigKeys (ConfUtils.java:logGet(43)) - raft.server.staging.catchup.gap = 1000 (default)
2019-09-12 10:53:01,589 [da20f580-5b10-4303-a8d6-74672b88192d:group-F512806148B7:LeaderElection10] INFO  server.RaftServerConfigKeys (ConfUtils.java:logGet(43)) - raft.server.rpc.sleep.time = 25ms (default)
2019-09-12 10:53:01,589 [da20f580-5b10-4303-a8d6-74672b88192d:group-F512806148B7:LeaderElection10] INFO  server.RaftServerConfigKeys (ConfUtils.java:logGet(43)) - raft.server.write.element-limit = 4096 (default)
2019-09-12 10:53:01,589 [da20f580-5b10-4303-a8d6-74672b88192d:group-F512806148B7:LeaderElection10] INFO  server.RaftServerConfigKeys (ConfUtils.java:logGet(43)) - raft.server.watch.timeout = 10s (default)
2019-09-12 10:53:01,589 [da20f580-5b10-4303-a8d6-74672b88192d:group-F512806148B7:LeaderElection10] INFO  server.RaftServerConfigKeys (ConfUtils.java:logGet(43)) - raft.server.watch.timeout.denomination = 1s (default)
2019-09-12 10:53:01,590 [da20f580-5b10-4303-a8d6-74672b88192d:group-F512806148B7:LeaderElection10] INFO  server.RaftServerConfigKeys (ConfUtils.java:logGet(43)) - raft.server.watch.element-limit = 65536 (default)
2019-09-12 10:53:01,590 [da20f580-5b10-4303-a8d6-74672b88192d:group-F512806148B7:LeaderElection10] INFO  impl.RoleInfo (RoleInfo.java:updateAndGet(143)) - da20f580-5b10-4303-a8d6-74672b88192d: start LeaderState
2019-09-12 10:53:01,590 [da20f580-5b10-4303-a8d6-74672b88192d:group-F512806148B7:LeaderElection10] INFO  segmented.SegmentedRaftLogWorker (SegmentedRaftLogWorker.java:startLogSegment(380)) - da20f580-5b10-4303-a8d6-74672b88192d-SegmentedRaftLogWorker:Storage Directory /workdir/hadoop-ozone/integration-test/target/test-dir/MiniOzoneClusterImpl-838a7ec2-4afb-4d68-8138-46fa65bc7e11/datanode-0/data/ratis/a5230eda-c800-4ec9-aa90-f512806148b7: Starting segment from index:0
2019-09-12 10:53:01,591 [da20f580-5b10-4303-a8d6-74672b88192d:group-F512806148B7:LeaderElection10] INFO  impl.RaftServerImpl (ServerState.java:setRaftConf(361)) - da20f580-5b10-4303-a8d6-74672b88192d:group-F512806148B7 set configuration 0: [da20f580-5b10-4303-a8d6-74672b88192d:192.168.157.195:33557], old=null at 0
2019-09-12 10:53:01,624 [Thread-311] INFO  impl.FollowerState (FollowerState.java:run(106)) - 250b6484-39fc-4c26-8a98-91f8d9b3befa:group-336BF3CA7D95 changes to CANDIDATE, lastRpcTime:1181, electionTimeout:1163ms
2019-09-12 10:53:01,625 [Thread-311] INFO  impl.RoleInfo (RoleInfo.java:shutdownFollowerState(121)) - 250b6484-39fc-4c26-8a98-91f8d9b3befa: shutdown FollowerState
2019-09-12 10:53:01,625 [Thread-311] INFO  impl.RaftServerImpl (RaftServerImpl.java:setRole(171)) - 250b6484-39fc-4c26-8a98-91f8d9b3befa:group-336BF3CA7D95 changes role from FOLLOWER to CANDIDATE at term 0 for changeToCandidate
2019-09-12 10:53:01,625 [Thread-311] INFO  impl.RoleInfo (RoleInfo.java:updateAndGet(143)) - 250b6484-39fc-4c26-8a98-91f8d9b3befa: start LeaderElection
2019-09-12 10:53:01,625 [pool-49-thread-1] INFO  storage.RaftStorage (RaftStorage.java:format(72)) - Storage directory /workdir/hadoop-ozone/integration-test/target/test-dir/MiniOzoneClusterImpl-838a7ec2-4afb-4d68-8138-46fa65bc7e11/datanode-2/data/ratis/5e82b356-296b-4f9b-afa6-d3ee1d9960fd has been successfully formatted.
2019-09-12 10:53:01,636 [pool-49-thread-1] INFO  ratis.ContainerStateMachine (ContainerStateMachine.java:loadSnapshot(226)) - group-D3EE1D9960FD: The snapshot info is null. Setting the last applied indexto:(t:0, i:~)
2019-09-12 10:53:01,636 [pool-49-thread-1] INFO  server.RaftServerConfigKeys (ConfUtils.java:logGet(43)) - raft.server.leader.election.timeout = 120s (custom)
2019-09-12 10:53:01,636 [pool-49-thread-1] INFO  server.RaftServerConfigKeys (ConfUtils.java:logGet(43)) - raft.server.log.use.memory = false (default)
2019-09-12 10:53:01,636 [pool-49-thread-1] INFO  server.RaftServerConfigKeys (ConfUtils.java:logGet(43)) - raft.server.log.purge.gap = 1000000 (custom)
2019-09-12 10:53:01,637 [pool-49-thread-1] INFO  server.RaftServerConfigKeys (ConfUtils.java:logGet(43)) - raft.server.log.appender.buffer.byte-limit = 33554432 (custom)
2019-09-12 10:53:01,637 [pool-49-thread-1] INFO  server.RaftServerConfigKeys (ConfUtils.java:logGet(43)) - raft.server.log.segment.size.max = 1048576 (custom)
2019-09-12 10:53:01,637 [pool-49-thread-1] INFO  server.RaftServerConfigKeys (ConfUtils.java:logGet(43)) - raft.server.log.segment.cache.num.max = 2 (custom)
2019-09-12 10:53:01,637 [pool-49-thread-1] INFO  segmented.SegmentedRaftLogWorker (SegmentedRaftLogWorker.java:<init>(172)) - new 250b6484-39fc-4c26-8a98-91f8d9b3befa-SegmentedRaftLogWorker:Storage Directory /workdir/hadoop-ozone/integration-test/target/test-dir/MiniOzoneClusterImpl-838a7ec2-4afb-4d68-8138-46fa65bc7e11/datanode-2/data/ratis/5e82b356-296b-4f9b-afa6-d3ee1d9960fd for RaftStorage:Storage Directory /workdir/hadoop-ozone/integration-test/target/test-dir/MiniOzoneClusterImpl-838a7ec2-4afb-4d68-8138-46fa65bc7e11/datanode-2/data/ratis/5e82b356-296b-4f9b-afa6-d3ee1d9960fd
2019-09-12 10:53:01,637 [pool-49-thread-1] INFO  server.RaftServerConfigKeys (ConfUtils.java:logGet(43)) - raft.server.log.queue.byte-limit = 2147483647 (custom)
2019-09-12 10:53:01,637 [pool-49-thread-1] INFO  server.RaftServerConfigKeys (ConfUtils.java:logGet(43)) - raft.server.log.queue.element-limit = 1024 (custom)
2019-09-12 10:53:01,637 [da20f580-5b10-4303-a8d6-74672b88192d-SegmentedRaftLogWorker:Storage Directory /workdir/hadoop-ozone/integration-test/target/test-dir/MiniOzoneClusterImpl-838a7ec2-4afb-4d68-8138-46fa65bc7e11/datanode-0/data/ratis/a5230eda-c800-4ec9-aa90-f512806148b7] INFO  segmented.SegmentedRaftLogWorker (SegmentedRaftLogWorker.java:execute(569)) - da20f580-5b10-4303-a8d6-74672b88192d-SegmentedRaftLogWorker:Storage Directory /workdir/hadoop-ozone/integration-test/target/test-dir/MiniOzoneClusterImpl-838a7ec2-4afb-4d68-8138-46fa65bc7e11/datanode-0/data/ratis/a5230eda-c800-4ec9-aa90-f512806148b7: created new log segment /workdir/hadoop-ozone/integration-test/target/test-dir/MiniOzoneClusterImpl-838a7ec2-4afb-4d68-8138-46fa65bc7e11/datanode-0/data/ratis/a5230eda-c800-4ec9-aa90-f512806148b7/current/log_inprogress_0
2019-09-12 10:53:01,640 [pool-49-thread-1] INFO  server.RaftServerConfigKeys (ConfUtils.java:logGet(43)) - raft.server.log.segment.size.max = 1048576 (custom)
2019-09-12 10:53:01,640 [250b6484-39fc-4c26-8a98-91f8d9b3befa:group-336BF3CA7D95:LeaderElection11] INFO  impl.LeaderElection (LeaderElection.java:askForVotes(181)) - 250b6484-39fc-4c26-8a98-91f8d9b3befa:group-336BF3CA7D95:LeaderElection11: begin an election at term 1 for -1: [250b6484-39fc-4c26-8a98-91f8d9b3befa:192.168.157.195:34503], old=null
2019-09-12 10:53:01,640 [pool-49-thread-1] INFO  server.RaftServerConfigKeys (ConfUtils.java:logGet(43)) - raft.server.log.preallocated.size = 16384 (custom)
2019-09-12 10:53:01,643 [250b6484-39fc-4c26-8a98-91f8d9b3befa:group-336BF3CA7D95:LeaderElection11] INFO  impl.RoleInfo (RoleInfo.java:shutdownLeaderElection(134)) - 250b6484-39fc-4c26-8a98-91f8d9b3befa: shutdown LeaderElection
2019-09-12 10:53:01,643 [pool-49-thread-1] INFO  server.RaftServerConfigKeys (ConfUtils.java:logGet(43)) - raft.server.log.write.buffer.size = 33554432 (custom)
2019-09-12 10:53:01,643 [250b6484-39fc-4c26-8a98-91f8d9b3befa:group-336BF3CA7D95:LeaderElection11] INFO  impl.RaftServerImpl (RaftServerImpl.java:setRole(171)) - 250b6484-39fc-4c26-8a98-91f8d9b3befa:group-336BF3CA7D95 changes role from CANDIDATE to LEADER at term 1 for changeToLeader
2019-09-12 10:53:01,643 [pool-49-thread-1] INFO  server.RaftServerConfigKeys (ConfUtils.java:logGet(43)) - raft.server.log.force.sync.num = 128 (default)
2019-09-12 10:53:01,643 [250b6484-39fc-4c26-8a98-91f8d9b3befa:group-336BF3CA7D95:LeaderElection11] INFO  impl.RaftServerImpl (ServerState.java:setLeader(263)) - 250b6484-39fc-4c26-8a98-91f8d9b3befa:group-336BF3CA7D95 change Leader from null to 250b6484-39fc-4c26-8a98-91f8d9b3befa at term 1 for becomeLeader, leader elected after 1203ms
2019-09-12 10:53:01,643 [pool-49-thread-1] INFO  server.RaftServerConfigKeys (ConfUtils.java:logGet(43)) - raft.server.log.statemachine.data.sync = true (default)
2019-09-12 10:53:01,643 [250b6484-39fc-4c26-8a98-91f8d9b3befa:group-336BF3CA7D95:LeaderElection11] INFO  server.RaftServerConfigKeys (ConfUtils.java:logGet(43)) - raft.server.staging.catchup.gap = 1000 (default)
2019-09-12 10:53:01,644 [pool-49-thread-1] INFO  server.RaftServerConfigKeys (ConfUtils.java:logGet(43)) - raft.server.log.statemachine.data.sync.timeout = 10s (default)
2019-09-12 10:53:01,644 [250b6484-39fc-4c26-8a98-91f8d9b3befa:group-336BF3CA7D95:LeaderElection11] INFO  server.RaftServerConfigKeys (ConfUtils.java:logGet(43)) - raft.server.rpc.sleep.time = 25ms (default)
2019-09-12 10:53:01,644 [pool-49-thread-1] INFO  server.RaftServerConfigKeys (ConfUtils.java:logGet(43)) - raft.server.log.statemachine.data.sync.timeout.retry = -1 (default)
2019-09-12 10:53:01,644 [250b6484-39fc-4c26-8a98-91f8d9b3befa:group-336BF3CA7D95:LeaderElection11] INFO  server.RaftServerConfigKeys (ConfUtils.java:logGet(43)) - raft.server.write.element-limit = 4096 (default)
2019-09-12 10:53:01,644 [pool-49-thread-1] INFO  server.RaftServerConfigKeys (ConfUtils.java:logGet(43)) - raft.server.log.statemachine.data.caching.enabled = true (custom)
2019-09-12 10:53:01,644 [250b6484-39fc-4c26-8a98-91f8d9b3befa:group-336BF3CA7D95:LeaderElection11] INFO  server.RaftServerConfigKeys (ConfUtils.java:logGet(43)) - raft.server.watch.timeout = 10s (default)
2019-09-12 10:53:01,644 [pool-49-thread-1] INFO  segmented.SegmentedRaftLogWorker (SegmentedRaftLogWorker.java:lambda$new$0(132)) - 250b6484-39fc-4c26-8a98-91f8d9b3befa-SegmentedRaftLogWorker:Storage Directory /workdir/hadoop-ozone/integration-test/target/test-dir/MiniOzoneClusterImpl-838a7ec2-4afb-4d68-8138-46fa65bc7e11/datanode-2/data/ratis/5e82b356-296b-4f9b-afa6-d3ee1d9960fd: flushIndex: setUnconditionally 0 -> -1
2019-09-12 10:53:01,644 [250b6484-39fc-4c26-8a98-91f8d9b3befa:group-336BF3CA7D95:LeaderElection11] INFO  server.RaftServerConfigKeys (ConfUtils.java:logGet(43)) - raft.server.watch.timeout.denomination = 1s (default)
2019-09-12 10:53:01,645 [pool-49-thread-1] INFO  server.RaftServerConfigKeys (ConfUtils.java:logGet(43)) - raft.server.snapshot.auto.trigger.enabled = true (custom)
2019-09-12 10:53:01,645 [250b6484-39fc-4c26-8a98-91f8d9b3befa:group-336BF3CA7D95:LeaderElection11] INFO  server.RaftServerConfigKeys (ConfUtils.java:logGet(43)) - raft.server.watch.element-limit = 65536 (default)
2019-09-12 10:53:01,645 [pool-49-thread-1] INFO  server.RaftServerConfigKeys (ConfUtils.java:logGet(43)) - raft.server.snapshot.auto.trigger.threshold = 10000 (custom)
2019-09-12 10:53:01,645 [pool-49-thread-1] INFO  server.RaftServerConfigKeys (ConfUtils.java:logGet(43)) - raft.server.retrycache.expirytime = 600000ms (custom)
2019-09-12 10:53:01,645 [250b6484-39fc-4c26-8a98-91f8d9b3befa:group-336BF3CA7D95:LeaderElection11] INFO  impl.RoleInfo (RoleInfo.java:updateAndGet(143)) - 250b6484-39fc-4c26-8a98-91f8d9b3befa: start LeaderState
2019-09-12 10:53:01,645 [pool-49-thread-1] INFO  impl.RaftServerImpl (RaftServerImpl.java:start(180)) - 250b6484-39fc-4c26-8a98-91f8d9b3befa: start group-D3EE1D9960FD
2019-09-12 10:53:01,646 [pool-49-thread-1] INFO  impl.RaftServerImpl (RaftServerImpl.java:setRole(171)) - 250b6484-39fc-4c26-8a98-91f8d9b3befa:group-D3EE1D9960FD changes role from null to FOLLOWER at term 0 for startAsFollower
2019-09-12 10:53:01,646 [250b6484-39fc-4c26-8a98-91f8d9b3befa:group-336BF3CA7D95:LeaderElection11] INFO  segmented.SegmentedRaftLogWorker (SegmentedRaftLogWorker.java:startLogSegment(380)) - 250b6484-39fc-4c26-8a98-91f8d9b3befa-SegmentedRaftLogWorker:Storage Directory /workdir/hadoop-ozone/integration-test/target/test-dir/MiniOzoneClusterImpl-838a7ec2-4afb-4d68-8138-46fa65bc7e11/datanode-2/data/ratis/949f596b-d69e-4538-911f-336bf3ca7d95: Starting segment from index:0
2019-09-12 10:53:01,646 [pool-49-thread-1] INFO  impl.RoleInfo (RoleInfo.java:updateAndGet(143)) - 250b6484-39fc-4c26-8a98-91f8d9b3befa: start FollowerState
2019-09-12 10:53:01,646 [pool-49-thread-1] INFO  util.JmxRegister (JmxRegister.java:tryRegister(44)) - Successfully registered JMX Bean with object name Ratis:service=RaftServer,group=group-D3EE1D9960FD,id=250b6484-39fc-4c26-8a98-91f8d9b3befa
2019-09-12 10:53:01,646 [250b6484-39fc-4c26-8a98-91f8d9b3befa:group-336BF3CA7D95:LeaderElection11] INFO  impl.RaftServerImpl (ServerState.java:setRaftConf(361)) - 250b6484-39fc-4c26-8a98-91f8d9b3befa:group-336BF3CA7D95 set configuration 0: [250b6484-39fc-4c26-8a98-91f8d9b3befa:192.168.157.195:34503], old=null at 0
2019-09-12 10:53:01,683 [Thread-314] INFO  impl.FollowerState (FollowerState.java:run(106)) - 9dc3d9e1-35df-4da5-a2c1-5b39dd910295:group-EAE66D85883B changes to CANDIDATE, lastRpcTime:1175, electionTimeout:1165ms
2019-09-12 10:53:01,683 [Thread-314] INFO  impl.RoleInfo (RoleInfo.java:shutdownFollowerState(121)) - 9dc3d9e1-35df-4da5-a2c1-5b39dd910295: shutdown FollowerState
2019-09-12 10:53:01,683 [Thread-314] INFO  impl.RaftServerImpl (RaftServerImpl.java:setRole(171)) - 9dc3d9e1-35df-4da5-a2c1-5b39dd910295:group-EAE66D85883B changes role from FOLLOWER to CANDIDATE at term 0 for changeToCandidate
2019-09-12 10:53:01,683 [Thread-314] INFO  impl.RoleInfo (RoleInfo.java:updateAndGet(143)) - 9dc3d9e1-35df-4da5-a2c1-5b39dd910295: start LeaderElection
2019-09-12 10:53:01,696 | INFO  | SCMAudit | user=jenkins1000 | ip=192.168.157.195 | op=SEND_HEARTBEAT {datanodeUUID=005a1424-1186-4d58-b0b5-fdf3e953d666, command=[]} | ret=SUCCESS |  
2019-09-12 10:53:01,701 [RatisPipelineUtilsThread] INFO  pipeline.PipelineStateManager (PipelineStateManager.java:addPipeline(56)) - Created pipeline Pipeline[ Id: 5e82b356-296b-4f9b-afa6-d3ee1d9960fd, Nodes: 250b6484-39fc-4c26-8a98-91f8d9b3befa{ip: 192.168.157.195, host: pr-hdds-1569-xtfnx-3545843844, networkLocation: /default-rack, certSerialId: null}, Type:RATIS, Factor:ONE, State:OPEN]
2019-09-12 10:53:01,701 [RatisPipelineUtilsThread] ERROR pipeline.PipelinePlacementPolicy (PipelinePlacementPolicy.java:meetCriteria(91)) - Pipeline Placement: Doesn't meet the criteria to be viable node. Heaviness: 6
2019-09-12 10:53:01,701 [RatisPipelineUtilsThread] ERROR pipeline.PipelinePlacementPolicy (PipelinePlacementPolicy.java:meetCriteria(91)) - Pipeline Placement: Doesn't meet the criteria to be viable node. Heaviness: 6
2019-09-12 10:53:01,707 [250b6484-39fc-4c26-8a98-91f8d9b3befa-SegmentedRaftLogWorker:Storage Directory /workdir/hadoop-ozone/integration-test/target/test-dir/MiniOzoneClusterImpl-838a7ec2-4afb-4d68-8138-46fa65bc7e11/datanode-2/data/ratis/949f596b-d69e-4538-911f-336bf3ca7d95] INFO  segmented.SegmentedRaftLogWorker (SegmentedRaftLogWorker.java:execute(569)) - 250b6484-39fc-4c26-8a98-91f8d9b3befa-SegmentedRaftLogWorker:Storage Directory /workdir/hadoop-ozone/integration-test/target/test-dir/MiniOzoneClusterImpl-838a7ec2-4afb-4d68-8138-46fa65bc7e11/datanode-2/data/ratis/949f596b-d69e-4538-911f-336bf3ca7d95: created new log segment /workdir/hadoop-ozone/integration-test/target/test-dir/MiniOzoneClusterImpl-838a7ec2-4afb-4d68-8138-46fa65bc7e11/datanode-2/data/ratis/949f596b-d69e-4538-911f-336bf3ca7d95/current/log_inprogress_0
2019-09-12 10:53:01,720 [9dc3d9e1-35df-4da5-a2c1-5b39dd910295:group-EAE66D85883B:LeaderElection12] INFO  impl.LeaderElection (LeaderElection.java:askForVotes(181)) - 9dc3d9e1-35df-4da5-a2c1-5b39dd910295:group-EAE66D85883B:LeaderElection12: begin an election at term 1 for -1: [9dc3d9e1-35df-4da5-a2c1-5b39dd910295:192.168.157.195:42873], old=null
2019-09-12 10:53:01,720 [grpc-default-executor-0] INFO  impl.RaftServerProxy (RaftServerProxy.java:addNew(89)) - 8d69d0c9-c816-414c-ba1a-8b3ab85fb900: addNew group-5F804FB35A26:[8d69d0c9-c816-414c-ba1a-8b3ab85fb900:192.168.157.195:38566] returns group-5F804FB35A26:java.util.concurrent.CompletableFuture@1bc1e8dd[Not completed]
2019-09-12 10:53:01,723 [9dc3d9e1-35df-4da5-a2c1-5b39dd910295:group-EAE66D85883B:LeaderElection12] INFO  impl.RoleInfo (RoleInfo.java:shutdownLeaderElection(134)) - 9dc3d9e1-35df-4da5-a2c1-5b39dd910295: shutdown LeaderElection
2019-09-12 10:53:01,723 [9dc3d9e1-35df-4da5-a2c1-5b39dd910295:group-EAE66D85883B:LeaderElection12] INFO  impl.RaftServerImpl (RaftServerImpl.java:setRole(171)) - 9dc3d9e1-35df-4da5-a2c1-5b39dd910295:group-EAE66D85883B changes role from CANDIDATE to LEADER at term 1 for changeToLeader
2019-09-12 10:53:01,723 [9dc3d9e1-35df-4da5-a2c1-5b39dd910295:group-EAE66D85883B:LeaderElection12] INFO  impl.RaftServerImpl (ServerState.java:setLeader(263)) - 9dc3d9e1-35df-4da5-a2c1-5b39dd910295:group-EAE66D85883B change Leader from null to 9dc3d9e1-35df-4da5-a2c1-5b39dd910295 at term 1 for becomeLeader, leader elected after 1220ms
2019-09-12 10:53:01,723 [9dc3d9e1-35df-4da5-a2c1-5b39dd910295:group-EAE66D85883B:LeaderElection12] INFO  server.RaftServerConfigKeys (ConfUtils.java:logGet(43)) - raft.server.staging.catchup.gap = 1000 (default)
2019-09-12 10:53:01,724 [9dc3d9e1-35df-4da5-a2c1-5b39dd910295:group-EAE66D85883B:LeaderElection12] INFO  server.RaftServerConfigKeys (ConfUtils.java:logGet(43)) - raft.server.rpc.sleep.time = 25ms (default)
2019-09-12 10:53:01,724 [9dc3d9e1-35df-4da5-a2c1-5b39dd910295:group-EAE66D85883B:LeaderElection12] INFO  server.RaftServerConfigKeys (ConfUtils.java:logGet(43)) - raft.server.write.element-limit = 4096 (default)
2019-09-12 10:53:01,724 [9dc3d9e1-35df-4da5-a2c1-5b39dd910295:group-EAE66D85883B:LeaderElection12] INFO  server.RaftServerConfigKeys (ConfUtils.java:logGet(43)) - raft.server.watch.timeout = 10s (default)
2019-09-12 10:53:01,724 [9dc3d9e1-35df-4da5-a2c1-5b39dd910295:group-EAE66D85883B:LeaderElection12] INFO  server.RaftServerConfigKeys (ConfUtils.java:logGet(43)) - raft.server.watch.timeout.denomination = 1s (default)
2019-09-12 10:53:01,724 [9dc3d9e1-35df-4da5-a2c1-5b39dd910295:group-EAE66D85883B:LeaderElection12] INFO  server.RaftServerConfigKeys (ConfUtils.java:logGet(43)) - raft.server.watch.element-limit = 65536 (default)
2019-09-12 10:53:01,725 [9dc3d9e1-35df-4da5-a2c1-5b39dd910295:group-EAE66D85883B:LeaderElection12] INFO  impl.RoleInfo (RoleInfo.java:updateAndGet(143)) - 9dc3d9e1-35df-4da5-a2c1-5b39dd910295: start LeaderState
2019-09-12 10:53:01,725 [9dc3d9e1-35df-4da5-a2c1-5b39dd910295:group-EAE66D85883B:LeaderElection12] INFO  segmented.SegmentedRaftLogWorker (SegmentedRaftLogWorker.java:startLogSegment(380)) - 9dc3d9e1-35df-4da5-a2c1-5b39dd910295-SegmentedRaftLogWorker:Storage Directory /workdir/hadoop-ozone/integration-test/target/test-dir/MiniOzoneClusterImpl-838a7ec2-4afb-4d68-8138-46fa65bc7e11/datanode-1/data/ratis/c1497cb5-c2a7-40d0-b683-eae66d85883b: Starting segment from index:0
2019-09-12 10:53:01,725 [pool-71-thread-1] INFO  impl.RaftServerImpl (RaftServerImpl.java:<init>(93)) - 8d69d0c9-c816-414c-ba1a-8b3ab85fb900: new RaftServerImpl for group-5F804FB35A26:[8d69d0c9-c816-414c-ba1a-8b3ab85fb900:192.168.157.195:38566] with ContainerStateMachine:uninitialized
2019-09-12 10:53:01,725 [pool-71-thread-1] INFO  server.RaftServerConfigKeys (ConfUtils.java:logGet(43)) - raft.server.rpc.timeout.min = 1s (custom)
2019-09-12 10:53:01,725 [pool-71-thread-1] INFO  server.RaftServerConfigKeys (ConfUtils.java:logGet(43)) - raft.server.rpc.timeout.max = 1200ms (custom)
2019-09-12 10:53:01,725 [9dc3d9e1-35df-4da5-a2c1-5b39dd910295:group-EAE66D85883B:LeaderElection12] INFO  impl.RaftServerImpl (ServerState.java:setRaftConf(361)) - 9dc3d9e1-35df-4da5-a2c1-5b39dd910295:group-EAE66D85883B set configuration 0: [9dc3d9e1-35df-4da5-a2c1-5b39dd910295:192.168.157.195:42873], old=null at 0
2019-09-12 10:53:01,726 [pool-71-thread-1] INFO  server.RaftServerConfigKeys (ConfUtils.java:logGet(43)) - raft.server.rpcslowness.timeout = 120s (custom)
2019-09-12 10:53:01,753 [pool-71-thread-1] INFO  server.RaftServerConfigKeys (ConfUtils.java:logGet(43)) - raft.server.sleep.deviation.threshold = 300 (default)
2019-09-12 10:53:01,754 [pool-71-thread-1] INFO  server.RaftServerConfigKeys (ConfUtils.java:logGet(43)) - raft.server.log.appender.install.snapshot.enabled = false (custom)
2019-09-12 10:53:01,754 [pool-71-thread-1] INFO  impl.RaftServerImpl (ServerState.java:<init>(105)) - 8d69d0c9-c816-414c-ba1a-8b3ab85fb900:group-5F804FB35A26 ConfigurationManager, init=-1: [8d69d0c9-c816-414c-ba1a-8b3ab85fb900:192.168.157.195:38566], old=null, confs=<EMPTY_MAP>
2019-09-12 10:53:01,754 [pool-71-thread-1] INFO  server.RaftServerConfigKeys (ConfUtils.java:logGet(43)) - raft.server.storage.dir = [/workdir/hadoop-ozone/integration-test/target/test-dir/MiniOzoneClusterImpl-838a7ec2-4afb-4d68-8138-46fa65bc7e11/datanode-4/data/ratis] (custom)
2019-09-12 10:53:01,754 [pool-71-thread-1] INFO  storage.RaftStorageDirectory (RaftStorageDirectory.java:analyzeStorage(246)) - The storage directory /workdir/hadoop-ozone/integration-test/target/test-dir/MiniOzoneClusterImpl-838a7ec2-4afb-4d68-8138-46fa65bc7e11/datanode-4/data/ratis/f2551d0a-4135-4ebf-bbb0-5f804fb35a26 does not exist. Creating ...
2019-09-12 10:53:01,777 [pool-71-thread-1] INFO  storage.RaftStorageDirectory (RaftStorageDirectory.java:tryLock(328)) - Lock on /workdir/hadoop-ozone/integration-test/target/test-dir/MiniOzoneClusterImpl-838a7ec2-4afb-4d68-8138-46fa65bc7e11/datanode-4/data/ratis/f2551d0a-4135-4ebf-bbb0-5f804fb35a26/in_use.lock acquired by nodename 620@pr-hdds-1569-xtfnx-3545843844
2019-09-12 10:53:01,777 [9dc3d9e1-35df-4da5-a2c1-5b39dd910295-SegmentedRaftLogWorker:Storage Directory /workdir/hadoop-ozone/integration-test/target/test-dir/MiniOzoneClusterImpl-838a7ec2-4afb-4d68-8138-46fa65bc7e11/datanode-1/data/ratis/c1497cb5-c2a7-40d0-b683-eae66d85883b] INFO  segmented.SegmentedRaftLogWorker (SegmentedRaftLogWorker.java:execute(569)) - 9dc3d9e1-35df-4da5-a2c1-5b39dd910295-SegmentedRaftLogWorker:Storage Directory /workdir/hadoop-ozone/integration-test/target/test-dir/MiniOzoneClusterImpl-838a7ec2-4afb-4d68-8138-46fa65bc7e11/datanode-1/data/ratis/c1497cb5-c2a7-40d0-b683-eae66d85883b: created new log segment /workdir/hadoop-ozone/integration-test/target/test-dir/MiniOzoneClusterImpl-838a7ec2-4afb-4d68-8138-46fa65bc7e11/datanode-1/data/ratis/c1497cb5-c2a7-40d0-b683-eae66d85883b/current/log_inprogress_0
2019-09-12 10:53:01,781 [Thread-320] INFO  impl.FollowerState (FollowerState.java:run(106)) - 9dc3d9e1-35df-4da5-a2c1-5b39dd910295:group-62DB443BC412 changes to CANDIDATE, lastRpcTime:1141, electionTimeout:1141ms
2019-09-12 10:53:01,781 [Thread-320] INFO  impl.RoleInfo (RoleInfo.java:shutdownFollowerState(121)) - 9dc3d9e1-35df-4da5-a2c1-5b39dd910295: shutdown FollowerState
2019-09-12 10:53:01,781 [Thread-320] INFO  impl.RaftServerImpl (RaftServerImpl.java:setRole(171)) - 9dc3d9e1-35df-4da5-a2c1-5b39dd910295:group-62DB443BC412 changes role from FOLLOWER to CANDIDATE at term 0 for changeToCandidate
2019-09-12 10:53:01,782 [Thread-320] INFO  impl.RoleInfo (RoleInfo.java:updateAndGet(143)) - 9dc3d9e1-35df-4da5-a2c1-5b39dd910295: start LeaderElection
2019-09-12 10:53:01,791 [pool-71-thread-1] INFO  storage.RaftStorage (RaftStorage.java:format(72)) - Storage directory /workdir/hadoop-ozone/integration-test/target/test-dir/MiniOzoneClusterImpl-838a7ec2-4afb-4d68-8138-46fa65bc7e11/datanode-4/data/ratis/f2551d0a-4135-4ebf-bbb0-5f804fb35a26 has been successfully formatted.
2019-09-12 10:53:01,794 [pool-71-thread-1] INFO  ratis.ContainerStateMachine (ContainerStateMachine.java:loadSnapshot(226)) - group-5F804FB35A26: The snapshot info is null. Setting the last applied indexto:(t:0, i:~)
2019-09-12 10:53:01,794 [pool-71-thread-1] INFO  server.RaftServerConfigKeys (ConfUtils.java:logGet(43)) - raft.server.leader.election.timeout = 120s (custom)
2019-09-12 10:53:01,794 [pool-71-thread-1] INFO  server.RaftServerConfigKeys (ConfUtils.java:logGet(43)) - raft.server.log.use.memory = false (default)
2019-09-12 10:53:01,794 [pool-71-thread-1] INFO  server.RaftServerConfigKeys (ConfUtils.java:logGet(43)) - raft.server.log.purge.gap = 1000000 (custom)
2019-09-12 10:53:01,795 [pool-71-thread-1] INFO  server.RaftServerConfigKeys (ConfUtils.java:logGet(43)) - raft.server.log.appender.buffer.byte-limit = 33554432 (custom)
2019-09-12 10:53:01,795 [pool-71-thread-1] INFO  server.RaftServerConfigKeys (ConfUtils.java:logGet(43)) - raft.server.log.segment.size.max = 1048576 (custom)
2019-09-12 10:53:01,795 [pool-71-thread-1] INFO  server.RaftServerConfigKeys (ConfUtils.java:logGet(43)) - raft.server.log.segment.cache.num.max = 2 (custom)
2019-09-12 10:53:01,795 [pool-71-thread-1] INFO  segmented.SegmentedRaftLogWorker (SegmentedRaftLogWorker.java:<init>(172)) - new 8d69d0c9-c816-414c-ba1a-8b3ab85fb900-SegmentedRaftLogWorker:Storage Directory /workdir/hadoop-ozone/integration-test/target/test-dir/MiniOzoneClusterImpl-838a7ec2-4afb-4d68-8138-46fa65bc7e11/datanode-4/data/ratis/f2551d0a-4135-4ebf-bbb0-5f804fb35a26 for RaftStorage:Storage Directory /workdir/hadoop-ozone/integration-test/target/test-dir/MiniOzoneClusterImpl-838a7ec2-4afb-4d68-8138-46fa65bc7e11/datanode-4/data/ratis/f2551d0a-4135-4ebf-bbb0-5f804fb35a26
2019-09-12 10:53:01,795 [pool-71-thread-1] INFO  server.RaftServerConfigKeys (ConfUtils.java:logGet(43)) - raft.server.log.queue.byte-limit = 2147483647 (custom)
2019-09-12 10:53:01,796 [pool-71-thread-1] INFO  server.RaftServerConfigKeys (ConfUtils.java:logGet(43)) - raft.server.log.queue.element-limit = 1024 (custom)
2019-09-12 10:53:01,796 [pool-71-thread-1] INFO  server.RaftServerConfigKeys (ConfUtils.java:logGet(43)) - raft.server.log.segment.size.max = 1048576 (custom)
2019-09-12 10:53:01,796 [pool-71-thread-1] INFO  server.RaftServerConfigKeys (ConfUtils.java:logGet(43)) - raft.server.log.preallocated.size = 16384 (custom)
2019-09-12 10:53:01,796 [pool-71-thread-1] INFO  server.RaftServerConfigKeys (ConfUtils.java:logGet(43)) - raft.server.log.write.buffer.size = 33554432 (custom)
2019-09-12 10:53:01,796 [pool-71-thread-1] INFO  server.RaftServerConfigKeys (ConfUtils.java:logGet(43)) - raft.server.log.force.sync.num = 128 (default)
2019-09-12 10:53:01,796 [pool-71-thread-1] INFO  server.RaftServerConfigKeys (ConfUtils.java:logGet(43)) - raft.server.log.statemachine.data.sync = true (default)
2019-09-12 10:53:01,797 [pool-71-thread-1] INFO  server.RaftServerConfigKeys (ConfUtils.java:logGet(43)) - raft.server.log.statemachine.data.sync.timeout = 10s (default)
2019-09-12 10:53:01,797 [pool-71-thread-1] INFO  server.RaftServerConfigKeys (ConfUtils.java:logGet(43)) - raft.server.log.statemachine.data.sync.timeout.retry = -1 (default)
2019-09-12 10:53:01,797 [pool-71-thread-1] INFO  server.RaftServerConfigKeys (ConfUtils.java:logGet(43)) - raft.server.log.statemachine.data.caching.enabled = true (custom)
2019-09-12 10:53:01,797 [pool-71-thread-1] INFO  segmented.SegmentedRaftLogWorker (SegmentedRaftLogWorker.java:lambda$new$0(132)) - 8d69d0c9-c816-414c-ba1a-8b3ab85fb900-SegmentedRaftLogWorker:Storage Directory /workdir/hadoop-ozone/integration-test/target/test-dir/MiniOzoneClusterImpl-838a7ec2-4afb-4d68-8138-46fa65bc7e11/datanode-4/data/ratis/f2551d0a-4135-4ebf-bbb0-5f804fb35a26: flushIndex: setUnconditionally 0 -> -1
2019-09-12 10:53:01,798 [pool-71-thread-1] INFO  server.RaftServerConfigKeys (ConfUtils.java:logGet(43)) - raft.server.snapshot.auto.trigger.enabled = true (custom)
2019-09-12 10:53:01,798 [pool-71-thread-1] INFO  server.RaftServerConfigKeys (ConfUtils.java:logGet(43)) - raft.server.snapshot.auto.trigger.threshold = 10000 (custom)
2019-09-12 10:53:01,798 [pool-71-thread-1] INFO  server.RaftServerConfigKeys (ConfUtils.java:logGet(43)) - raft.server.retrycache.expirytime = 600000ms (custom)
2019-09-12 10:53:01,798 [pool-71-thread-1] INFO  impl.RaftServerImpl (RaftServerImpl.java:start(180)) - 8d69d0c9-c816-414c-ba1a-8b3ab85fb900: start group-5F804FB35A26
2019-09-12 10:53:01,799 [pool-71-thread-1] INFO  impl.RaftServerImpl (RaftServerImpl.java:setRole(171)) - 8d69d0c9-c816-414c-ba1a-8b3ab85fb900:group-5F804FB35A26 changes role from null to FOLLOWER at term 0 for startAsFollower
2019-09-12 10:53:01,799 [pool-71-thread-1] INFO  impl.RoleInfo (RoleInfo.java:updateAndGet(143)) - 8d69d0c9-c816-414c-ba1a-8b3ab85fb900: start FollowerState
2019-09-12 10:53:01,799 [pool-71-thread-1] INFO  util.JmxRegister (JmxRegister.java:tryRegister(44)) - Successfully registered JMX Bean with object name Ratis:service=RaftServer,group=group-5F804FB35A26,id=8d69d0c9-c816-414c-ba1a-8b3ab85fb900
2019-09-12 10:53:01,806 [9dc3d9e1-35df-4da5-a2c1-5b39dd910295:group-62DB443BC412:LeaderElection13] INFO  impl.LeaderElection (LeaderElection.java:askForVotes(181)) - 9dc3d9e1-35df-4da5-a2c1-5b39dd910295:group-62DB443BC412:LeaderElection13: begin an election at term 1 for -1: [9dc3d9e1-35df-4da5-a2c1-5b39dd910295:192.168.157.195:42873], old=null
2019-09-12 10:53:01,810 [9dc3d9e1-35df-4da5-a2c1-5b39dd910295:group-62DB443BC412:LeaderElection13] INFO  impl.RoleInfo (RoleInfo.java:shutdownLeaderElection(134)) - 9dc3d9e1-35df-4da5-a2c1-5b39dd910295: shutdown LeaderElection
2019-09-12 10:53:01,811 [9dc3d9e1-35df-4da5-a2c1-5b39dd910295:group-62DB443BC412:LeaderElection13] INFO  impl.RaftServerImpl (RaftServerImpl.java:setRole(171)) - 9dc3d9e1-35df-4da5-a2c1-5b39dd910295:group-62DB443BC412 changes role from CANDIDATE to LEADER at term 1 for changeToLeader
2019-09-12 10:53:01,811 [9dc3d9e1-35df-4da5-a2c1-5b39dd910295:group-62DB443BC412:LeaderElection13] INFO  impl.RaftServerImpl (ServerState.java:setLeader(263)) - 9dc3d9e1-35df-4da5-a2c1-5b39dd910295:group-62DB443BC412 change Leader from null to 9dc3d9e1-35df-4da5-a2c1-5b39dd910295 at term 1 for becomeLeader, leader elected after 1174ms
2019-09-12 10:53:01,811 [RatisPipelineUtilsThread] INFO  pipeline.PipelineStateManager (PipelineStateManager.java:addPipeline(56)) - Created pipeline Pipeline[ Id: f2551d0a-4135-4ebf-bbb0-5f804fb35a26, Nodes: 8d69d0c9-c816-414c-ba1a-8b3ab85fb900{ip: 192.168.157.195, host: pr-hdds-1569-xtfnx-3545843844, networkLocation: /default-rack, certSerialId: null}, Type:RATIS, Factor:ONE, State:OPEN]
2019-09-12 10:53:01,811 [9dc3d9e1-35df-4da5-a2c1-5b39dd910295:group-62DB443BC412:LeaderElection13] INFO  server.RaftServerConfigKeys (ConfUtils.java:logGet(43)) - raft.server.staging.catchup.gap = 1000 (default)
2019-09-12 10:53:01,811 [9dc3d9e1-35df-4da5-a2c1-5b39dd910295:group-62DB443BC412:LeaderElection13] INFO  server.RaftServerConfigKeys (ConfUtils.java:logGet(43)) - raft.server.rpc.sleep.time = 25ms (default)
2019-09-12 10:53:01,811 [RatisPipelineUtilsThread] ERROR pipeline.PipelinePlacementPolicy (PipelinePlacementPolicy.java:meetCriteria(91)) - Pipeline Placement: Doesn't meet the criteria to be viable node. Heaviness: 6
2019-09-12 10:53:01,812 [9dc3d9e1-35df-4da5-a2c1-5b39dd910295:group-62DB443BC412:LeaderElection13] INFO  server.RaftServerConfigKeys (ConfUtils.java:logGet(43)) - raft.server.write.element-limit = 4096 (default)
2019-09-12 10:53:01,812 [RatisPipelineUtilsThread] ERROR pipeline.PipelinePlacementPolicy (PipelinePlacementPolicy.java:meetCriteria(91)) - Pipeline Placement: Doesn't meet the criteria to be viable node. Heaviness: 6
2019-09-12 10:53:01,812 [9dc3d9e1-35df-4da5-a2c1-5b39dd910295:group-62DB443BC412:LeaderElection13] INFO  server.RaftServerConfigKeys (ConfUtils.java:logGet(43)) - raft.server.watch.timeout = 10s (default)
2019-09-12 10:53:01,812 [9dc3d9e1-35df-4da5-a2c1-5b39dd910295:group-62DB443BC412:LeaderElection13] INFO  server.RaftServerConfigKeys (ConfUtils.java:logGet(43)) - raft.server.watch.timeout.denomination = 1s (default)
2019-09-12 10:53:01,813 [9dc3d9e1-35df-4da5-a2c1-5b39dd910295:group-62DB443BC412:LeaderElection13] INFO  server.RaftServerConfigKeys (ConfUtils.java:logGet(43)) - raft.server.watch.element-limit = 65536 (default)
2019-09-12 10:53:01,813 [9dc3d9e1-35df-4da5-a2c1-5b39dd910295:group-62DB443BC412:LeaderElection13] INFO  impl.RoleInfo (RoleInfo.java:updateAndGet(143)) - 9dc3d9e1-35df-4da5-a2c1-5b39dd910295: start LeaderState
2019-09-12 10:53:01,813 [9dc3d9e1-35df-4da5-a2c1-5b39dd910295:group-62DB443BC412:LeaderElection13] INFO  segmented.SegmentedRaftLogWorker (SegmentedRaftLogWorker.java:startLogSegment(380)) - 9dc3d9e1-35df-4da5-a2c1-5b39dd910295-SegmentedRaftLogWorker:Storage Directory /workdir/hadoop-ozone/integration-test/target/test-dir/MiniOzoneClusterImpl-838a7ec2-4afb-4d68-8138-46fa65bc7e11/datanode-1/data/ratis/e91d609c-988a-4cfe-8599-62db443bc412: Starting segment from index:0
2019-09-12 10:53:01,814 [9dc3d9e1-35df-4da5-a2c1-5b39dd910295:group-62DB443BC412:LeaderElection13] INFO  impl.RaftServerImpl (ServerState.java:setRaftConf(361)) - 9dc3d9e1-35df-4da5-a2c1-5b39dd910295:group-62DB443BC412 set configuration 0: [9dc3d9e1-35df-4da5-a2c1-5b39dd910295:192.168.157.195:42873], old=null at 0
2019-09-12 10:53:01,852 [grpc-default-executor-0] INFO  impl.RaftServerProxy (RaftServerProxy.java:addNew(89)) - c17d4de2-caaf-4ec0-b997-c9cf8b2a9041: addNew group-7E1816D4F368:[c17d4de2-caaf-4ec0-b997-c9cf8b2a9041:192.168.157.195:41944] returns group-7E1816D4F368:java.util.concurrent.CompletableFuture@23e41c06[Not completed]
2019-09-12 10:53:01,853 [9dc3d9e1-35df-4da5-a2c1-5b39dd910295-SegmentedRaftLogWorker:Storage Directory /workdir/hadoop-ozone/integration-test/target/test-dir/MiniOzoneClusterImpl-838a7ec2-4afb-4d68-8138-46fa65bc7e11/datanode-1/data/ratis/e91d609c-988a-4cfe-8599-62db443bc412] INFO  segmented.SegmentedRaftLogWorker (SegmentedRaftLogWorker.java:execute(569)) - 9dc3d9e1-35df-4da5-a2c1-5b39dd910295-SegmentedRaftLogWorker:Storage Directory /workdir/hadoop-ozone/integration-test/target/test-dir/MiniOzoneClusterImpl-838a7ec2-4afb-4d68-8138-46fa65bc7e11/datanode-1/data/ratis/e91d609c-988a-4cfe-8599-62db443bc412: created new log segment /workdir/hadoop-ozone/integration-test/target/test-dir/MiniOzoneClusterImpl-838a7ec2-4afb-4d68-8138-46fa65bc7e11/datanode-1/data/ratis/e91d609c-988a-4cfe-8599-62db443bc412/current/log_inprogress_0
2019-09-12 10:53:01,854 [pool-115-thread-1] INFO  impl.RaftServerImpl (RaftServerImpl.java:<init>(93)) - c17d4de2-caaf-4ec0-b997-c9cf8b2a9041: new RaftServerImpl for group-7E1816D4F368:[c17d4de2-caaf-4ec0-b997-c9cf8b2a9041:192.168.157.195:41944] with ContainerStateMachine:uninitialized
2019-09-12 10:53:01,854 [pool-115-thread-1] INFO  server.RaftServerConfigKeys (ConfUtils.java:logGet(43)) - raft.server.rpc.timeout.min = 1s (custom)
2019-09-12 10:53:01,854 [pool-115-thread-1] INFO  server.RaftServerConfigKeys (ConfUtils.java:logGet(43)) - raft.server.rpc.timeout.max = 1200ms (custom)
2019-09-12 10:53:01,854 [pool-115-thread-1] INFO  server.RaftServerConfigKeys (ConfUtils.java:logGet(43)) - raft.server.rpcslowness.timeout = 120s (custom)
2019-09-12 10:53:01,854 [pool-115-thread-1] INFO  server.RaftServerConfigKeys (ConfUtils.java:logGet(43)) - raft.server.sleep.deviation.threshold = 300 (default)
2019-09-12 10:53:01,854 [pool-115-thread-1] INFO  server.RaftServerConfigKeys (ConfUtils.java:logGet(43)) - raft.server.log.appender.install.snapshot.enabled = false (custom)
2019-09-12 10:53:01,854 [pool-115-thread-1] INFO  impl.RaftServerImpl (ServerState.java:<init>(105)) - c17d4de2-caaf-4ec0-b997-c9cf8b2a9041:group-7E1816D4F368 ConfigurationManager, init=-1: [c17d4de2-caaf-4ec0-b997-c9cf8b2a9041:192.168.157.195:41944], old=null, confs=<EMPTY_MAP>
2019-09-12 10:53:01,855 [pool-115-thread-1] INFO  server.RaftServerConfigKeys (ConfUtils.java:logGet(43)) - raft.server.storage.dir = [/workdir/hadoop-ozone/integration-test/target/test-dir/MiniOzoneClusterImpl-838a7ec2-4afb-4d68-8138-46fa65bc7e11/datanode-8/data/ratis] (custom)
2019-09-12 10:53:01,855 [pool-115-thread-1] INFO  storage.RaftStorageDirectory (RaftStorageDirectory.java:analyzeStorage(246)) - The storage directory /workdir/hadoop-ozone/integration-test/target/test-dir/MiniOzoneClusterImpl-838a7ec2-4afb-4d68-8138-46fa65bc7e11/datanode-8/data/ratis/9087a0ec-f71a-4087-9870-7e1816d4f368 does not exist. Creating ...
2019-09-12 10:53:01,867 [pool-115-thread-1] INFO  storage.RaftStorageDirectory (RaftStorageDirectory.java:tryLock(328)) - Lock on /workdir/hadoop-ozone/integration-test/target/test-dir/MiniOzoneClusterImpl-838a7ec2-4afb-4d68-8138-46fa65bc7e11/datanode-8/data/ratis/9087a0ec-f71a-4087-9870-7e1816d4f368/in_use.lock acquired by nodename 620@pr-hdds-1569-xtfnx-3545843844
2019-09-12 10:53:01,869 [Thread-323] INFO  impl.FollowerState (FollowerState.java:run(106)) - 3aa8f21e-cbc0-493e-b8ca-fbb3b21697d5:group-6AEA2E23A4CD changes to CANDIDATE, lastRpcTime:1168, electionTimeout:1168ms
2019-09-12 10:53:01,872 [Thread-323] INFO  impl.RoleInfo (RoleInfo.java:shutdownFollowerState(121)) - 3aa8f21e-cbc0-493e-b8ca-fbb3b21697d5: shutdown FollowerState
2019-09-12 10:53:01,872 [Thread-323] INFO  impl.RaftServerImpl (RaftServerImpl.java:setRole(171)) - 3aa8f21e-cbc0-493e-b8ca-fbb3b21697d5:group-6AEA2E23A4CD changes role from FOLLOWER to CANDIDATE at term 0 for changeToCandidate
2019-09-12 10:53:01,872 [Thread-323] INFO  impl.RoleInfo (RoleInfo.java:updateAndGet(143)) - 3aa8f21e-cbc0-493e-b8ca-fbb3b21697d5: start LeaderElection
2019-09-12 10:53:01,879 [pool-115-thread-1] INFO  storage.RaftStorage (RaftStorage.java:format(72)) - Storage directory /workdir/hadoop-ozone/integration-test/target/test-dir/MiniOzoneClusterImpl-838a7ec2-4afb-4d68-8138-46fa65bc7e11/datanode-8/data/ratis/9087a0ec-f71a-4087-9870-7e1816d4f368 has been successfully formatted.
2019-09-12 10:53:01,880 [pool-115-thread-1] INFO  ratis.ContainerStateMachine (ContainerStateMachine.java:loadSnapshot(226)) - group-7E1816D4F368: The snapshot info is null. Setting the last applied indexto:(t:0, i:~)
2019-09-12 10:53:01,880 [pool-115-thread-1] INFO  server.RaftServerConfigKeys (ConfUtils.java:logGet(43)) - raft.server.leader.election.timeout = 120s (custom)
2019-09-12 10:53:01,880 [pool-115-thread-1] INFO  server.RaftServerConfigKeys (ConfUtils.java:logGet(43)) - raft.server.log.use.memory = false (default)
2019-09-12 10:53:01,880 [pool-115-thread-1] INFO  server.RaftServerConfigKeys (ConfUtils.java:logGet(43)) - raft.server.log.purge.gap = 1000000 (custom)
2019-09-12 10:53:01,880 [pool-115-thread-1] INFO  server.RaftServerConfigKeys (ConfUtils.java:logGet(43)) - raft.server.log.appender.buffer.byte-limit = 33554432 (custom)
2019-09-12 10:53:01,880 [pool-115-thread-1] INFO  server.RaftServerConfigKeys (ConfUtils.java:logGet(43)) - raft.server.log.segment.size.max = 1048576 (custom)
2019-09-12 10:53:01,880 [pool-115-thread-1] INFO  server.RaftServerConfigKeys (ConfUtils.java:logGet(43)) - raft.server.log.segment.cache.num.max = 2 (custom)
2019-09-12 10:53:01,880 [pool-115-thread-1] INFO  segmented.SegmentedRaftLogWorker (SegmentedRaftLogWorker.java:<init>(172)) - new c17d4de2-caaf-4ec0-b997-c9cf8b2a9041-SegmentedRaftLogWorker:Storage Directory /workdir/hadoop-ozone/integration-test/target/test-dir/MiniOzoneClusterImpl-838a7ec2-4afb-4d68-8138-46fa65bc7e11/datanode-8/data/ratis/9087a0ec-f71a-4087-9870-7e1816d4f368 for RaftStorage:Storage Directory /workdir/hadoop-ozone/integration-test/target/test-dir/MiniOzoneClusterImpl-838a7ec2-4afb-4d68-8138-46fa65bc7e11/datanode-8/data/ratis/9087a0ec-f71a-4087-9870-7e1816d4f368
2019-09-12 10:53:01,881 [pool-115-thread-1] INFO  server.RaftServerConfigKeys (ConfUtils.java:logGet(43)) - raft.server.log.queue.byte-limit = 2147483647 (custom)
2019-09-12 10:53:01,881 [pool-115-thread-1] INFO  server.RaftServerConfigKeys (ConfUtils.java:logGet(43)) - raft.server.log.queue.element-limit = 1024 (custom)
2019-09-12 10:53:01,881 [pool-115-thread-1] INFO  server.RaftServerConfigKeys (ConfUtils.java:logGet(43)) - raft.server.log.segment.size.max = 1048576 (custom)
2019-09-12 10:53:01,881 [pool-115-thread-1] INFO  server.RaftServerConfigKeys (ConfUtils.java:logGet(43)) - raft.server.log.preallocated.size = 16384 (custom)
2019-09-12 10:53:01,881 [pool-115-thread-1] INFO  server.RaftServerConfigKeys (ConfUtils.java:logGet(43)) - raft.server.log.write.buffer.size = 33554432 (custom)
2019-09-12 10:53:01,881 [pool-115-thread-1] INFO  server.RaftServerConfigKeys (ConfUtils.java:logGet(43)) - raft.server.log.force.sync.num = 128 (default)
2019-09-12 10:53:01,881 [pool-115-thread-1] INFO  server.RaftServerConfigKeys (ConfUtils.java:logGet(43)) - raft.server.log.statemachine.data.sync = true (default)
2019-09-12 10:53:01,881 [pool-115-thread-1] INFO  server.RaftServerConfigKeys (ConfUtils.java:logGet(43)) - raft.server.log.statemachine.data.sync.timeout = 10s (default)
2019-09-12 10:53:01,882 [pool-115-thread-1] INFO  server.RaftServerConfigKeys (ConfUtils.java:logGet(43)) - raft.server.log.statemachine.data.sync.timeout.retry = -1 (default)
2019-09-12 10:53:01,882 [pool-115-thread-1] INFO  server.RaftServerConfigKeys (ConfUtils.java:logGet(43)) - raft.server.log.statemachine.data.caching.enabled = true (custom)
2019-09-12 10:53:01,882 [3aa8f21e-cbc0-493e-b8ca-fbb3b21697d5:group-6AEA2E23A4CD:LeaderElection14] INFO  impl.LeaderElection (LeaderElection.java:askForVotes(181)) - 3aa8f21e-cbc0-493e-b8ca-fbb3b21697d5:group-6AEA2E23A4CD:LeaderElection14: begin an election at term 1 for -1: [3aa8f21e-cbc0-493e-b8ca-fbb3b21697d5:192.168.157.195:34525], old=null
2019-09-12 10:53:01,891 [pool-115-thread-1] INFO  segmented.SegmentedRaftLogWorker (SegmentedRaftLogWorker.java:lambda$new$0(132)) - c17d4de2-caaf-4ec0-b997-c9cf8b2a9041-SegmentedRaftLogWorker:Storage Directory /workdir/hadoop-ozone/integration-test/target/test-dir/MiniOzoneClusterImpl-838a7ec2-4afb-4d68-8138-46fa65bc7e11/datanode-8/data/ratis/9087a0ec-f71a-4087-9870-7e1816d4f368: flushIndex: setUnconditionally 0 -> -1
2019-09-12 10:53:01,891 [3aa8f21e-cbc0-493e-b8ca-fbb3b21697d5:group-6AEA2E23A4CD:LeaderElection14] INFO  impl.RoleInfo (RoleInfo.java:shutdownLeaderElection(134)) - 3aa8f21e-cbc0-493e-b8ca-fbb3b21697d5: shutdown LeaderElection
2019-09-12 10:53:01,891 [pool-115-thread-1] INFO  server.RaftServerConfigKeys (ConfUtils.java:logGet(43)) - raft.server.snapshot.auto.trigger.enabled = true (custom)
2019-09-12 10:53:01,891 [3aa8f21e-cbc0-493e-b8ca-fbb3b21697d5:group-6AEA2E23A4CD:LeaderElection14] INFO  impl.RaftServerImpl (RaftServerImpl.java:setRole(171)) - 3aa8f21e-cbc0-493e-b8ca-fbb3b21697d5:group-6AEA2E23A4CD changes role from CANDIDATE to LEADER at term 1 for changeToLeader
2019-09-12 10:53:01,891 [pool-115-thread-1] INFO  server.RaftServerConfigKeys (ConfUtils.java:logGet(43)) - raft.server.snapshot.auto.trigger.threshold = 10000 (custom)
2019-09-12 10:53:01,891 [3aa8f21e-cbc0-493e-b8ca-fbb3b21697d5:group-6AEA2E23A4CD:LeaderElection14] INFO  impl.RaftServerImpl (ServerState.java:setLeader(263)) - 3aa8f21e-cbc0-493e-b8ca-fbb3b21697d5:group-6AEA2E23A4CD change Leader from null to 3aa8f21e-cbc0-493e-b8ca-fbb3b21697d5 at term 1 for becomeLeader, leader elected after 1195ms
2019-09-12 10:53:01,891 [pool-115-thread-1] INFO  server.RaftServerConfigKeys (ConfUtils.java:logGet(43)) - raft.server.retrycache.expirytime = 600000ms (custom)
2019-09-12 10:53:01,892 [3aa8f21e-cbc0-493e-b8ca-fbb3b21697d5:group-6AEA2E23A4CD:LeaderElection14] INFO  server.RaftServerConfigKeys (ConfUtils.java:logGet(43)) - raft.server.staging.catchup.gap = 1000 (default)
2019-09-12 10:53:01,892 [pool-115-thread-1] INFO  impl.RaftServerImpl (RaftServerImpl.java:start(180)) - c17d4de2-caaf-4ec0-b997-c9cf8b2a9041: start group-7E1816D4F368
2019-09-12 10:53:01,892 [3aa8f21e-cbc0-493e-b8ca-fbb3b21697d5:group-6AEA2E23A4CD:LeaderElection14] INFO  server.RaftServerConfigKeys (ConfUtils.java:logGet(43)) - raft.server.rpc.sleep.time = 25ms (default)
2019-09-12 10:53:01,892 [pool-115-thread-1] INFO  impl.RaftServerImpl (RaftServerImpl.java:setRole(171)) - c17d4de2-caaf-4ec0-b997-c9cf8b2a9041:group-7E1816D4F368 changes role from null to FOLLOWER at term 0 for startAsFollower
2019-09-12 10:53:01,892 [3aa8f21e-cbc0-493e-b8ca-fbb3b21697d5:group-6AEA2E23A4CD:LeaderElection14] INFO  server.RaftServerConfigKeys (ConfUtils.java:logGet(43)) - raft.server.write.element-limit = 4096 (default)
2019-09-12 10:53:01,892 [pool-115-thread-1] INFO  impl.RoleInfo (RoleInfo.java:updateAndGet(143)) - c17d4de2-caaf-4ec0-b997-c9cf8b2a9041: start FollowerState
2019-09-12 10:53:01,892 [3aa8f21e-cbc0-493e-b8ca-fbb3b21697d5:group-6AEA2E23A4CD:LeaderElection14] INFO  server.RaftServerConfigKeys (ConfUtils.java:logGet(43)) - raft.server.watch.timeout = 10s (default)
2019-09-12 10:53:01,893 [3aa8f21e-cbc0-493e-b8ca-fbb3b21697d5:group-6AEA2E23A4CD:LeaderElection14] INFO  server.RaftServerConfigKeys (ConfUtils.java:logGet(43)) - raft.server.watch.timeout.denomination = 1s (default)
2019-09-12 10:53:01,893 [pool-115-thread-1] INFO  util.JmxRegister (JmxRegister.java:tryRegister(44)) - Successfully registered JMX Bean with object name Ratis:service=RaftServer,group=group-7E1816D4F368,id=c17d4de2-caaf-4ec0-b997-c9cf8b2a9041
2019-09-12 10:53:01,893 [3aa8f21e-cbc0-493e-b8ca-fbb3b21697d5:group-6AEA2E23A4CD:LeaderElection14] INFO  server.RaftServerConfigKeys (ConfUtils.java:logGet(43)) - raft.server.watch.element-limit = 65536 (default)
2019-09-12 10:53:01,893 [3aa8f21e-cbc0-493e-b8ca-fbb3b21697d5:group-6AEA2E23A4CD:LeaderElection14] INFO  impl.RoleInfo (RoleInfo.java:updateAndGet(143)) - 3aa8f21e-cbc0-493e-b8ca-fbb3b21697d5: start LeaderState
2019-09-12 10:53:01,894 [3aa8f21e-cbc0-493e-b8ca-fbb3b21697d5:group-6AEA2E23A4CD:LeaderElection14] INFO  segmented.SegmentedRaftLogWorker (SegmentedRaftLogWorker.java:startLogSegment(380)) - 3aa8f21e-cbc0-493e-b8ca-fbb3b21697d5-SegmentedRaftLogWorker:Storage Directory /workdir/hadoop-ozone/integration-test/target/test-dir/MiniOzoneClusterImpl-838a7ec2-4afb-4d68-8138-46fa65bc7e11/datanode-5/data/ratis/2e566ff7-6896-490d-b6e0-6aea2e23a4cd: Starting segment from index:0
2019-09-12 10:53:01,895 [3aa8f21e-cbc0-493e-b8ca-fbb3b21697d5:group-6AEA2E23A4CD:LeaderElection14] INFO  impl.RaftServerImpl (ServerState.java:setRaftConf(361)) - 3aa8f21e-cbc0-493e-b8ca-fbb3b21697d5:group-6AEA2E23A4CD set configuration 0: [3aa8f21e-cbc0-493e-b8ca-fbb3b21697d5:192.168.157.195:34525], old=null at 0
2019-09-12 10:53:01,925 [Thread-329] INFO  impl.FollowerState (FollowerState.java:run(106)) - 9dc3d9e1-35df-4da5-a2c1-5b39dd910295:group-D80FE09C38AA changes to CANDIDATE, lastRpcTime:1097, electionTimeout:1096ms
2019-09-12 10:53:01,927 [Thread-329] INFO  impl.RoleInfo (RoleInfo.java:shutdownFollowerState(121)) - 9dc3d9e1-35df-4da5-a2c1-5b39dd910295: shutdown FollowerState
2019-09-12 10:53:01,927 [Thread-329] INFO  impl.RaftServerImpl (RaftServerImpl.java:setRole(171)) - 9dc3d9e1-35df-4da5-a2c1-5b39dd910295:group-D80FE09C38AA changes role from FOLLOWER to CANDIDATE at term 0 for changeToCandidate
2019-09-12 10:53:01,927 [Thread-329] INFO  impl.RoleInfo (RoleInfo.java:updateAndGet(143)) - 9dc3d9e1-35df-4da5-a2c1-5b39dd910295: start LeaderElection
2019-09-12 10:53:01,930 | INFO  | SCMAudit | user=jenkins1000 | ip=192.168.157.195 | op=SEND_HEARTBEAT {datanodeUUID=35ed61f3-e470-497f-b63f-7decb4cef9e0, command=[]} | ret=SUCCESS |  
2019-09-12 10:53:01,934 [RatisPipelineUtilsThread] INFO  pipeline.PipelineStateManager (PipelineStateManager.java:addPipeline(56)) - Created pipeline Pipeline[ Id: 9087a0ec-f71a-4087-9870-7e1816d4f368, Nodes: c17d4de2-caaf-4ec0-b997-c9cf8b2a9041{ip: 192.168.157.195, host: pr-hdds-1569-xtfnx-3545843844, networkLocation: /default-rack, certSerialId: null}, Type:RATIS, Factor:ONE, State:OPEN]
2019-09-12 10:53:01,934 [RatisPipelineUtilsThread] ERROR pipeline.PipelinePlacementPolicy (PipelinePlacementPolicy.java:meetCriteria(91)) - Pipeline Placement: Doesn't meet the criteria to be viable node. Heaviness: 6
2019-09-12 10:53:01,934 [RatisPipelineUtilsThread] ERROR pipeline.PipelinePlacementPolicy (PipelinePlacementPolicy.java:meetCriteria(91)) - Pipeline Placement: Doesn't meet the criteria to be viable node. Heaviness: 6
2019-09-12 10:53:01,944 [grpc-default-executor-0] INFO  impl.RaftServerProxy (RaftServerProxy.java:addNew(89)) - 250b6484-39fc-4c26-8a98-91f8d9b3befa: addNew group-AB716CCE50A1:[250b6484-39fc-4c26-8a98-91f8d9b3befa:192.168.157.195:34503] returns group-AB716CCE50A1:java.util.concurrent.CompletableFuture@655693ce[Not completed]
2019-09-12 10:53:01,944 [Thread-326] INFO  impl.FollowerState (FollowerState.java:run(106)) - da20f580-5b10-4303-a8d6-74672b88192d:group-93602375EDC9 changes to CANDIDATE, lastRpcTime:1181, electionTimeout:1181ms
2019-09-12 10:53:01,945 [Thread-326] INFO  impl.RoleInfo (RoleInfo.java:shutdownFollowerState(121)) - da20f580-5b10-4303-a8d6-74672b88192d: shutdown FollowerState
2019-09-12 10:53:01,945 [Thread-326] INFO  impl.RaftServerImpl (RaftServerImpl.java:setRole(171)) - da20f580-5b10-4303-a8d6-74672b88192d:group-93602375EDC9 changes role from FOLLOWER to CANDIDATE at term 0 for changeToCandidate
2019-09-12 10:53:01,945 [Thread-326] INFO  impl.RoleInfo (RoleInfo.java:updateAndGet(143)) - da20f580-5b10-4303-a8d6-74672b88192d: start LeaderElection
2019-09-12 10:53:01,947 [3aa8f21e-cbc0-493e-b8ca-fbb3b21697d5-SegmentedRaftLogWorker:Storage Directory /workdir/hadoop-ozone/integration-test/target/test-dir/MiniOzoneClusterImpl-838a7ec2-4afb-4d68-8138-46fa65bc7e11/datanode-5/data/ratis/2e566ff7-6896-490d-b6e0-6aea2e23a4cd] INFO  segmented.SegmentedRaftLogWorker (SegmentedRaftLogWorker.java:execute(569)) - 3aa8f21e-cbc0-493e-b8ca-fbb3b21697d5-SegmentedRaftLogWorker:Storage Directory /workdir/hadoop-ozone/integration-test/target/test-dir/MiniOzoneClusterImpl-838a7ec2-4afb-4d68-8138-46fa65bc7e11/datanode-5/data/ratis/2e566ff7-6896-490d-b6e0-6aea2e23a4cd: created new log segment /workdir/hadoop-ozone/integration-test/target/test-dir/MiniOzoneClusterImpl-838a7ec2-4afb-4d68-8138-46fa65bc7e11/datanode-5/data/ratis/2e566ff7-6896-490d-b6e0-6aea2e23a4cd/current/log_inprogress_0
2019-09-12 10:53:01,950 [pool-49-thread-1] INFO  impl.RaftServerImpl (RaftServerImpl.java:<init>(93)) - 250b6484-39fc-4c26-8a98-91f8d9b3befa: new RaftServerImpl for group-AB716CCE50A1:[250b6484-39fc-4c26-8a98-91f8d9b3befa:192.168.157.195:34503] with ContainerStateMachine:uninitialized
2019-09-12 10:53:01,950 [9dc3d9e1-35df-4da5-a2c1-5b39dd910295:group-D80FE09C38AA:LeaderElection15] INFO  impl.LeaderElection (LeaderElection.java:askForVotes(181)) - 9dc3d9e1-35df-4da5-a2c1-5b39dd910295:group-D80FE09C38AA:LeaderElection15: begin an election at term 1 for -1: [9dc3d9e1-35df-4da5-a2c1-5b39dd910295:192.168.157.195:42873], old=null
2019-09-12 10:53:01,950 [pool-49-thread-1] INFO  server.RaftServerConfigKeys (ConfUtils.java:logGet(43)) - raft.server.rpc.timeout.min = 1s (custom)
2019-09-12 10:53:01,950 [9dc3d9e1-35df-4da5-a2c1-5b39dd910295:group-D80FE09C38AA:LeaderElection15] INFO  impl.RoleInfo (RoleInfo.java:shutdownLeaderElection(134)) - 9dc3d9e1-35df-4da5-a2c1-5b39dd910295: shutdown LeaderElection
2019-09-12 10:53:01,950 [pool-49-thread-1] INFO  server.RaftServerConfigKeys (ConfUtils.java:logGet(43)) - raft.server.rpc.timeout.max = 1200ms (custom)
2019-09-12 10:53:01,951 [9dc3d9e1-35df-4da5-a2c1-5b39dd910295:group-D80FE09C38AA:LeaderElection15] INFO  impl.RaftServerImpl (RaftServerImpl.java:setRole(171)) - 9dc3d9e1-35df-4da5-a2c1-5b39dd910295:group-D80FE09C38AA changes role from CANDIDATE to LEADER at term 1 for changeToLeader
2019-09-12 10:53:01,951 [pool-49-thread-1] INFO  server.RaftServerConfigKeys (ConfUtils.java:logGet(43)) - raft.server.rpcslowness.timeout = 120s (custom)
2019-09-12 10:53:01,951 [9dc3d9e1-35df-4da5-a2c1-5b39dd910295:group-D80FE09C38AA:LeaderElection15] INFO  impl.RaftServerImpl (ServerState.java:setLeader(263)) - 9dc3d9e1-35df-4da5-a2c1-5b39dd910295:group-D80FE09C38AA change Leader from null to 9dc3d9e1-35df-4da5-a2c1-5b39dd910295 at term 1 for becomeLeader, leader elected after 1132ms
2019-09-12 10:53:01,951 [pool-49-thread-1] INFO  server.RaftServerConfigKeys (ConfUtils.java:logGet(43)) - raft.server.sleep.deviation.threshold = 300 (default)
2019-09-12 10:53:01,951 [pool-49-thread-1] INFO  server.RaftServerConfigKeys (ConfUtils.java:logGet(43)) - raft.server.log.appender.install.snapshot.enabled = false (custom)
2019-09-12 10:53:01,951 [9dc3d9e1-35df-4da5-a2c1-5b39dd910295:group-D80FE09C38AA:LeaderElection15] INFO  server.RaftServerConfigKeys (ConfUtils.java:logGet(43)) - raft.server.staging.catchup.gap = 1000 (default)
2019-09-12 10:53:01,951 [pool-49-thread-1] INFO  impl.RaftServerImpl (ServerState.java:<init>(105)) - 250b6484-39fc-4c26-8a98-91f8d9b3befa:group-AB716CCE50A1 ConfigurationManager, init=-1: [250b6484-39fc-4c26-8a98-91f8d9b3befa:192.168.157.195:34503], old=null, confs=<EMPTY_MAP>
2019-09-12 10:53:01,951 [9dc3d9e1-35df-4da5-a2c1-5b39dd910295:group-D80FE09C38AA:LeaderElection15] INFO  server.RaftServerConfigKeys (ConfUtils.java:logGet(43)) - raft.server.rpc.sleep.time = 25ms (default)
2019-09-12 10:53:01,952 [pool-49-thread-1] INFO  server.RaftServerConfigKeys (ConfUtils.java:logGet(43)) - raft.server.storage.dir = [/workdir/hadoop-ozone/integration-test/target/test-dir/MiniOzoneClusterImpl-838a7ec2-4afb-4d68-8138-46fa65bc7e11/datanode-2/data/ratis] (custom)
2019-09-12 10:53:01,952 [9dc3d9e1-35df-4da5-a2c1-5b39dd910295:group-D80FE09C38AA:LeaderElection15] INFO  server.RaftServerConfigKeys (ConfUtils.java:logGet(43)) - raft.server.write.element-limit = 4096 (default)
2019-09-12 10:53:01,952 [pool-49-thread-1] INFO  storage.RaftStorageDirectory (RaftStorageDirectory.java:analyzeStorage(246)) - The storage directory /workdir/hadoop-ozone/integration-test/target/test-dir/MiniOzoneClusterImpl-838a7ec2-4afb-4d68-8138-46fa65bc7e11/datanode-2/data/ratis/0397ca89-11fe-4ed9-8f30-ab716cce50a1 does not exist. Creating ...
2019-09-12 10:53:01,952 [9dc3d9e1-35df-4da5-a2c1-5b39dd910295:group-D80FE09C38AA:LeaderElection15] INFO  server.RaftServerConfigKeys (ConfUtils.java:logGet(43)) - raft.server.watch.timeout = 10s (default)
2019-09-12 10:53:01,952 [9dc3d9e1-35df-4da5-a2c1-5b39dd910295:group-D80FE09C38AA:LeaderElection15] INFO  server.RaftServerConfigKeys (ConfUtils.java:logGet(43)) - raft.server.watch.timeout.denomination = 1s (default)
2019-09-12 10:53:01,953 [9dc3d9e1-35df-4da5-a2c1-5b39dd910295:group-D80FE09C38AA:LeaderElection15] INFO  server.RaftServerConfigKeys (ConfUtils.java:logGet(43)) - raft.server.watch.element-limit = 65536 (default)
2019-09-12 10:53:01,953 [9dc3d9e1-35df-4da5-a2c1-5b39dd910295:group-D80FE09C38AA:LeaderElection15] INFO  impl.RoleInfo (RoleInfo.java:updateAndGet(143)) - 9dc3d9e1-35df-4da5-a2c1-5b39dd910295: start LeaderState
2019-09-12 10:53:01,953 [9dc3d9e1-35df-4da5-a2c1-5b39dd910295:group-D80FE09C38AA:LeaderElection15] INFO  segmented.SegmentedRaftLogWorker (SegmentedRaftLogWorker.java:startLogSegment(380)) - 9dc3d9e1-35df-4da5-a2c1-5b39dd910295-SegmentedRaftLogWorker:Storage Directory /workdir/hadoop-ozone/integration-test/target/test-dir/MiniOzoneClusterImpl-838a7ec2-4afb-4d68-8138-46fa65bc7e11/datanode-1/data/ratis/34036bfd-a36b-4a16-b60e-d80fe09c38aa: Starting segment from index:0
2019-09-12 10:53:01,954 [9dc3d9e1-35df-4da5-a2c1-5b39dd910295:group-D80FE09C38AA:LeaderElection15] INFO  impl.RaftServerImpl (ServerState.java:setRaftConf(361)) - 9dc3d9e1-35df-4da5-a2c1-5b39dd910295:group-D80FE09C38AA set configuration 0: [9dc3d9e1-35df-4da5-a2c1-5b39dd910295:192.168.157.195:42873], old=null at 0
2019-09-12 10:53:01,981 [pool-49-thread-1] INFO  storage.RaftStorageDirectory (RaftStorageDirectory.java:tryLock(328)) - Lock on /workdir/hadoop-ozone/integration-test/target/test-dir/MiniOzoneClusterImpl-838a7ec2-4afb-4d68-8138-46fa65bc7e11/datanode-2/data/ratis/0397ca89-11fe-4ed9-8f30-ab716cce50a1/in_use.lock acquired by nodename 620@pr-hdds-1569-xtfnx-3545843844
2019-09-12 10:53:01,981 [da20f580-5b10-4303-a8d6-74672b88192d:group-93602375EDC9:LeaderElection16] INFO  impl.LeaderElection (LeaderElection.java:askForVotes(181)) - da20f580-5b10-4303-a8d6-74672b88192d:group-93602375EDC9:LeaderElection16: begin an election at term 1 for -1: [da20f580-5b10-4303-a8d6-74672b88192d:192.168.157.195:33557], old=null
2019-09-12 10:53:01,981 [da20f580-5b10-4303-a8d6-74672b88192d:group-93602375EDC9:LeaderElection16] INFO  impl.RoleInfo (RoleInfo.java:shutdownLeaderElection(134)) - da20f580-5b10-4303-a8d6-74672b88192d: shutdown LeaderElection
2019-09-12 10:53:01,981 [da20f580-5b10-4303-a8d6-74672b88192d:group-93602375EDC9:LeaderElection16] INFO  impl.RaftServerImpl (RaftServerImpl.java:setRole(171)) - da20f580-5b10-4303-a8d6-74672b88192d:group-93602375EDC9 changes role from CANDIDATE to LEADER at term 1 for changeToLeader
2019-09-12 10:53:01,982 [da20f580-5b10-4303-a8d6-74672b88192d:group-93602375EDC9:LeaderElection16] INFO  impl.RaftServerImpl (ServerState.java:setLeader(263)) - da20f580-5b10-4303-a8d6-74672b88192d:group-93602375EDC9 change Leader from null to da20f580-5b10-4303-a8d6-74672b88192d at term 1 for becomeLeader, leader elected after 1222ms
2019-09-12 10:53:01,982 [da20f580-5b10-4303-a8d6-74672b88192d:group-93602375EDC9:LeaderElection16] INFO  server.RaftServerConfigKeys (ConfUtils.java:logGet(43)) - raft.server.staging.catchup.gap = 1000 (default)
2019-09-12 10:53:01,982 [da20f580-5b10-4303-a8d6-74672b88192d:group-93602375EDC9:LeaderElection16] INFO  server.RaftServerConfigKeys (ConfUtils.java:logGet(43)) - raft.server.rpc.sleep.time = 25ms (default)
2019-09-12 10:53:01,982 [da20f580-5b10-4303-a8d6-74672b88192d:group-93602375EDC9:LeaderElection16] INFO  server.RaftServerConfigKeys (ConfUtils.java:logGet(43)) - raft.server.write.element-limit = 4096 (default)
2019-09-12 10:53:01,982 [da20f580-5b10-4303-a8d6-74672b88192d:group-93602375EDC9:LeaderElection16] INFO  server.RaftServerConfigKeys (ConfUtils.java:logGet(43)) - raft.server.watch.timeout = 10s (default)
2019-09-12 10:53:01,983 [da20f580-5b10-4303-a8d6-74672b88192d:group-93602375EDC9:LeaderElection16] INFO  server.RaftServerConfigKeys (ConfUtils.java:logGet(43)) - raft.server.watch.timeout.denomination = 1s (default)
2019-09-12 10:53:01,983 [da20f580-5b10-4303-a8d6-74672b88192d:group-93602375EDC9:LeaderElection16] INFO  server.RaftServerConfigKeys (ConfUtils.java:logGet(43)) - raft.server.watch.element-limit = 65536 (default)
2019-09-12 10:53:01,983 [da20f580-5b10-4303-a8d6-74672b88192d:group-93602375EDC9:LeaderElection16] INFO  impl.RoleInfo (RoleInfo.java:updateAndGet(143)) - da20f580-5b10-4303-a8d6-74672b88192d: start LeaderState
2019-09-12 10:53:01,983 [da20f580-5b10-4303-a8d6-74672b88192d:group-93602375EDC9:LeaderElection16] INFO  segmented.SegmentedRaftLogWorker (SegmentedRaftLogWorker.java:startLogSegment(380)) - da20f580-5b10-4303-a8d6-74672b88192d-SegmentedRaftLogWorker:Storage Directory /workdir/hadoop-ozone/integration-test/target/test-dir/MiniOzoneClusterImpl-838a7ec2-4afb-4d68-8138-46fa65bc7e11/datanode-0/data/ratis/a3ff4cf3-0459-49f1-a9b0-93602375edc9: Starting segment from index:0
2019-09-12 10:53:01,984 [da20f580-5b10-4303-a8d6-74672b88192d:group-93602375EDC9:LeaderElection16] INFO  impl.RaftServerImpl (ServerState.java:setRaftConf(361)) - da20f580-5b10-4303-a8d6-74672b88192d:group-93602375EDC9 set configuration 0: [da20f580-5b10-4303-a8d6-74672b88192d:192.168.157.195:33557], old=null at 0
2019-09-12 10:53:02,022 [9dc3d9e1-35df-4da5-a2c1-5b39dd910295-SegmentedRaftLogWorker:Storage Directory /workdir/hadoop-ozone/integration-test/target/test-dir/MiniOzoneClusterImpl-838a7ec2-4afb-4d68-8138-46fa65bc7e11/datanode-1/data/ratis/34036bfd-a36b-4a16-b60e-d80fe09c38aa] INFO  segmented.SegmentedRaftLogWorker (SegmentedRaftLogWorker.java:execute(569)) - 9dc3d9e1-35df-4da5-a2c1-5b39dd910295-SegmentedRaftLogWorker:Storage Directory /workdir/hadoop-ozone/integration-test/target/test-dir/MiniOzoneClusterImpl-838a7ec2-4afb-4d68-8138-46fa65bc7e11/datanode-1/data/ratis/34036bfd-a36b-4a16-b60e-d80fe09c38aa: created new log segment /workdir/hadoop-ozone/integration-test/target/test-dir/MiniOzoneClusterImpl-838a7ec2-4afb-4d68-8138-46fa65bc7e11/datanode-1/data/ratis/34036bfd-a36b-4a16-b60e-d80fe09c38aa/current/log_inprogress_0
2019-09-12 10:53:02,022 [pool-49-thread-1] INFO  storage.RaftStorage (RaftStorage.java:format(72)) - Storage directory /workdir/hadoop-ozone/integration-test/target/test-dir/MiniOzoneClusterImpl-838a7ec2-4afb-4d68-8138-46fa65bc7e11/datanode-2/data/ratis/0397ca89-11fe-4ed9-8f30-ab716cce50a1 has been successfully formatted.
2019-09-12 10:53:02,022 [Thread-339] INFO  impl.FollowerState (FollowerState.java:run(106)) - 9dc3d9e1-35df-4da5-a2c1-5b39dd910295:group-D2EBA9E0223F changes to CANDIDATE, lastRpcTime:1057, electionTimeout:1022ms
2019-09-12 10:53:02,023 [Thread-339] INFO  impl.RoleInfo (RoleInfo.java:shutdownFollowerState(121)) - 9dc3d9e1-35df-4da5-a2c1-5b39dd910295: shutdown FollowerState
2019-09-12 10:53:02,023 [pool-49-thread-1] INFO  ratis.ContainerStateMachine (ContainerStateMachine.java:loadSnapshot(226)) - group-AB716CCE50A1: The snapshot info is null. Setting the last applied indexto:(t:0, i:~)
2019-09-12 10:53:02,023 [Thread-339] INFO  impl.RaftServerImpl (RaftServerImpl.java:setRole(171)) - 9dc3d9e1-35df-4da5-a2c1-5b39dd910295:group-D2EBA9E0223F changes role from FOLLOWER to CANDIDATE at term 0 for changeToCandidate
2019-09-12 10:53:02,023 [pool-49-thread-1] INFO  server.RaftServerConfigKeys (ConfUtils.java:logGet(43)) - raft.server.leader.election.timeout = 120s (custom)
2019-09-12 10:53:02,023 [Thread-339] INFO  impl.RoleInfo (RoleInfo.java:updateAndGet(143)) - 9dc3d9e1-35df-4da5-a2c1-5b39dd910295: start LeaderElection
2019-09-12 10:53:02,023 [pool-49-thread-1] INFO  server.RaftServerConfigKeys (ConfUtils.java:logGet(43)) - raft.server.log.use.memory = false (default)
2019-09-12 10:53:02,025 [pool-49-thread-1] INFO  server.RaftServerConfigKeys (ConfUtils.java:logGet(43)) - raft.server.log.purge.gap = 1000000 (custom)
2019-09-12 10:53:02,029 [pool-49-thread-1] INFO  server.RaftServerConfigKeys (ConfUtils.java:logGet(43)) - raft.server.log.appender.buffer.byte-limit = 33554432 (custom)
2019-09-12 10:53:02,029 [pool-49-thread-1] INFO  server.RaftServerConfigKeys (ConfUtils.java:logGet(43)) - raft.server.log.segment.size.max = 1048576 (custom)
2019-09-12 10:53:02,029 [pool-49-thread-1] INFO  server.RaftServerConfigKeys (ConfUtils.java:logGet(43)) - raft.server.log.segment.cache.num.max = 2 (custom)
2019-09-12 10:53:02,029 [pool-49-thread-1] INFO  segmented.SegmentedRaftLogWorker (SegmentedRaftLogWorker.java:<init>(172)) - new 250b6484-39fc-4c26-8a98-91f8d9b3befa-SegmentedRaftLogWorker:Storage Directory /workdir/hadoop-ozone/integration-test/target/test-dir/MiniOzoneClusterImpl-838a7ec2-4afb-4d68-8138-46fa65bc7e11/datanode-2/data/ratis/0397ca89-11fe-4ed9-8f30-ab716cce50a1 for RaftStorage:Storage Directory /workdir/hadoop-ozone/integration-test/target/test-dir/MiniOzoneClusterImpl-838a7ec2-4afb-4d68-8138-46fa65bc7e11/datanode-2/data/ratis/0397ca89-11fe-4ed9-8f30-ab716cce50a1
2019-09-12 10:53:02,029 [pool-49-thread-1] INFO  server.RaftServerConfigKeys (ConfUtils.java:logGet(43)) - raft.server.log.queue.byte-limit = 2147483647 (custom)
2019-09-12 10:53:02,029 [pool-49-thread-1] INFO  server.RaftServerConfigKeys (ConfUtils.java:logGet(43)) - raft.server.log.queue.element-limit = 1024 (custom)
2019-09-12 10:53:02,030 [pool-49-thread-1] INFO  server.RaftServerConfigKeys (ConfUtils.java:logGet(43)) - raft.server.log.segment.size.max = 1048576 (custom)
2019-09-12 10:53:02,030 [pool-49-thread-1] INFO  server.RaftServerConfigKeys (ConfUtils.java:logGet(43)) - raft.server.log.preallocated.size = 16384 (custom)
2019-09-12 10:53:02,030 [pool-49-thread-1] INFO  server.RaftServerConfigKeys (ConfUtils.java:logGet(43)) - raft.server.log.write.buffer.size = 33554432 (custom)
2019-09-12 10:53:02,030 [pool-49-thread-1] INFO  server.RaftServerConfigKeys (ConfUtils.java:logGet(43)) - raft.server.log.force.sync.num = 128 (default)
2019-09-12 10:53:02,030 [pool-49-thread-1] INFO  server.RaftServerConfigKeys (ConfUtils.java:logGet(43)) - raft.server.log.statemachine.data.sync = true (default)
2019-09-12 10:53:02,030 [pool-49-thread-1] INFO  server.RaftServerConfigKeys (ConfUtils.java:logGet(43)) - raft.server.log.statemachine.data.sync.timeout = 10s (default)
2019-09-12 10:53:02,031 [pool-49-thread-1] INFO  server.RaftServerConfigKeys (ConfUtils.java:logGet(43)) - raft.server.log.statemachine.data.sync.timeout.retry = -1 (default)
2019-09-12 10:53:02,031 [pool-49-thread-1] INFO  server.RaftServerConfigKeys (ConfUtils.java:logGet(43)) - raft.server.log.statemachine.data.caching.enabled = true (custom)
2019-09-12 10:53:02,031 [pool-49-thread-1] INFO  segmented.SegmentedRaftLogWorker (SegmentedRaftLogWorker.java:lambda$new$0(132)) - 250b6484-39fc-4c26-8a98-91f8d9b3befa-SegmentedRaftLogWorker:Storage Directory /workdir/hadoop-ozone/integration-test/target/test-dir/MiniOzoneClusterImpl-838a7ec2-4afb-4d68-8138-46fa65bc7e11/datanode-2/data/ratis/0397ca89-11fe-4ed9-8f30-ab716cce50a1: flushIndex: setUnconditionally 0 -> -1
2019-09-12 10:53:02,032 [pool-49-thread-1] INFO  server.RaftServerConfigKeys (ConfUtils.java:logGet(43)) - raft.server.snapshot.auto.trigger.enabled = true (custom)
2019-09-12 10:53:02,032 [pool-49-thread-1] INFO  server.RaftServerConfigKeys (ConfUtils.java:logGet(43)) - raft.server.snapshot.auto.trigger.threshold = 10000 (custom)
2019-09-12 10:53:02,032 [pool-49-thread-1] INFO  server.RaftServerConfigKeys (ConfUtils.java:logGet(43)) - raft.server.retrycache.expirytime = 600000ms (custom)
2019-09-12 10:53:02,033 [pool-49-thread-1] INFO  impl.RaftServerImpl (RaftServerImpl.java:start(180)) - 250b6484-39fc-4c26-8a98-91f8d9b3befa: start group-AB716CCE50A1
2019-09-12 10:53:02,033 [pool-49-thread-1] INFO  impl.RaftServerImpl (RaftServerImpl.java:setRole(171)) - 250b6484-39fc-4c26-8a98-91f8d9b3befa:group-AB716CCE50A1 changes role from null to FOLLOWER at term 0 for startAsFollower
2019-09-12 10:53:02,033 [pool-49-thread-1] INFO  impl.RoleInfo (RoleInfo.java:updateAndGet(143)) - 250b6484-39fc-4c26-8a98-91f8d9b3befa: start FollowerState
2019-09-12 10:53:02,033 [pool-49-thread-1] INFO  util.JmxRegister (JmxRegister.java:tryRegister(44)) - Successfully registered JMX Bean with object name Ratis:service=RaftServer,group=group-AB716CCE50A1,id=250b6484-39fc-4c26-8a98-91f8d9b3befa
2019-09-12 10:53:02,035 [da20f580-5b10-4303-a8d6-74672b88192d-SegmentedRaftLogWorker:Storage Directory /workdir/hadoop-ozone/integration-test/target/test-dir/MiniOzoneClusterImpl-838a7ec2-4afb-4d68-8138-46fa65bc7e11/datanode-0/data/ratis/a3ff4cf3-0459-49f1-a9b0-93602375edc9] INFO  segmented.SegmentedRaftLogWorker (SegmentedRaftLogWorker.java:execute(569)) - da20f580-5b10-4303-a8d6-74672b88192d-SegmentedRaftLogWorker:Storage Directory /workdir/hadoop-ozone/integration-test/target/test-dir/MiniOzoneClusterImpl-838a7ec2-4afb-4d68-8138-46fa65bc7e11/datanode-0/data/ratis/a3ff4cf3-0459-49f1-a9b0-93602375edc9: created new log segment /workdir/hadoop-ozone/integration-test/target/test-dir/MiniOzoneClusterImpl-838a7ec2-4afb-4d68-8138-46fa65bc7e11/datanode-0/data/ratis/a3ff4cf3-0459-49f1-a9b0-93602375edc9/current/log_inprogress_0
2019-09-12 10:53:02,035 [9dc3d9e1-35df-4da5-a2c1-5b39dd910295:group-D2EBA9E0223F:LeaderElection17] INFO  impl.LeaderElection (LeaderElection.java:askForVotes(181)) - 9dc3d9e1-35df-4da5-a2c1-5b39dd910295:group-D2EBA9E0223F:LeaderElection17: begin an election at term 1 for -1: [9dc3d9e1-35df-4da5-a2c1-5b39dd910295:192.168.157.195:42873], old=null
2019-09-12 10:53:02,035 [9dc3d9e1-35df-4da5-a2c1-5b39dd910295:group-D2EBA9E0223F:LeaderElection17] INFO  impl.RoleInfo (RoleInfo.java:shutdownLeaderElection(134)) - 9dc3d9e1-35df-4da5-a2c1-5b39dd910295: shutdown LeaderElection
2019-09-12 10:53:02,035 [9dc3d9e1-35df-4da5-a2c1-5b39dd910295:group-D2EBA9E0223F:LeaderElection17] INFO  impl.RaftServerImpl (RaftServerImpl.java:setRole(171)) - 9dc3d9e1-35df-4da5-a2c1-5b39dd910295:group-D2EBA9E0223F changes role from CANDIDATE to LEADER at term 1 for changeToLeader
2019-09-12 10:53:02,035 [9dc3d9e1-35df-4da5-a2c1-5b39dd910295:group-D2EBA9E0223F:LeaderElection17] INFO  impl.RaftServerImpl (ServerState.java:setLeader(263)) - 9dc3d9e1-35df-4da5-a2c1-5b39dd910295:group-D2EBA9E0223F change Leader from null to 9dc3d9e1-35df-4da5-a2c1-5b39dd910295 at term 1 for becomeLeader, leader elected after 1074ms
2019-09-12 10:53:02,040 [9dc3d9e1-35df-4da5-a2c1-5b39dd910295:group-D2EBA9E0223F:LeaderElection17] INFO  server.RaftServerConfigKeys (ConfUtils.java:logGet(43)) - raft.server.staging.catchup.gap = 1000 (default)
2019-09-12 10:53:02,040 [9dc3d9e1-35df-4da5-a2c1-5b39dd910295:group-D2EBA9E0223F:LeaderElection17] INFO  server.RaftServerConfigKeys (ConfUtils.java:logGet(43)) - raft.server.rpc.sleep.time = 25ms (default)
2019-09-12 10:53:02,040 [9dc3d9e1-35df-4da5-a2c1-5b39dd910295:group-D2EBA9E0223F:LeaderElection17] INFO  server.RaftServerConfigKeys (ConfUtils.java:logGet(43)) - raft.server.write.element-limit = 4096 (default)
2019-09-12 10:53:02,040 [9dc3d9e1-35df-4da5-a2c1-5b39dd910295:group-D2EBA9E0223F:LeaderElection17] INFO  server.RaftServerConfigKeys (ConfUtils.java:logGet(43)) - raft.server.watch.timeout = 10s (default)
2019-09-12 10:53:02,040 [9dc3d9e1-35df-4da5-a2c1-5b39dd910295:group-D2EBA9E0223F:LeaderElection17] INFO  server.RaftServerConfigKeys (ConfUtils.java:logGet(43)) - raft.server.watch.timeout.denomination = 1s (default)
2019-09-12 10:53:02,040 [9dc3d9e1-35df-4da5-a2c1-5b39dd910295:group-D2EBA9E0223F:LeaderElection17] INFO  server.RaftServerConfigKeys (ConfUtils.java:logGet(43)) - raft.server.watch.element-limit = 65536 (default)
2019-09-12 10:53:02,041 [9dc3d9e1-35df-4da5-a2c1-5b39dd910295:group-D2EBA9E0223F:LeaderElection17] INFO  impl.RoleInfo (RoleInfo.java:updateAndGet(143)) - 9dc3d9e1-35df-4da5-a2c1-5b39dd910295: start LeaderState
2019-09-12 10:53:02,041 [9dc3d9e1-35df-4da5-a2c1-5b39dd910295:group-D2EBA9E0223F:LeaderElection17] INFO  segmented.SegmentedRaftLogWorker (SegmentedRaftLogWorker.java:startLogSegment(380)) - 9dc3d9e1-35df-4da5-a2c1-5b39dd910295-SegmentedRaftLogWorker:Storage Directory /workdir/hadoop-ozone/integration-test/target/test-dir/MiniOzoneClusterImpl-838a7ec2-4afb-4d68-8138-46fa65bc7e11/datanode-1/data/ratis/e31323ed-a14f-4dcf-81b0-d2eba9e0223f: Starting segment from index:0
2019-09-12 10:53:02,041 [9dc3d9e1-35df-4da5-a2c1-5b39dd910295:group-D2EBA9E0223F:LeaderElection17] INFO  impl.RaftServerImpl (ServerState.java:setRaftConf(361)) - 9dc3d9e1-35df-4da5-a2c1-5b39dd910295:group-D2EBA9E0223F set configuration 0: [9dc3d9e1-35df-4da5-a2c1-5b39dd910295:192.168.157.195:42873], old=null at 0
2019-09-12 10:53:02,078 [RatisPipelineUtilsThread] INFO  pipeline.PipelineStateManager (PipelineStateManager.java:addPipeline(56)) - Created pipeline Pipeline[ Id: 0397ca89-11fe-4ed9-8f30-ab716cce50a1, Nodes: 250b6484-39fc-4c26-8a98-91f8d9b3befa{ip: 192.168.157.195, host: pr-hdds-1569-xtfnx-3545843844, networkLocation: /default-rack, certSerialId: null}, Type:RATIS, Factor:ONE, State:OPEN]
2019-09-12 10:53:02,079 [RatisPipelineUtilsThread] ERROR pipeline.PipelinePlacementPolicy (PipelinePlacementPolicy.java:meetCriteria(91)) - Pipeline Placement: Doesn't meet the criteria to be viable node. Heaviness: 6
2019-09-12 10:53:02,079 [RatisPipelineUtilsThread] ERROR pipeline.PipelinePlacementPolicy (PipelinePlacementPolicy.java:meetCriteria(91)) - Pipeline Placement: Doesn't meet the criteria to be viable node. Heaviness: 6
2019-09-12 10:53:02,094 [9dc3d9e1-35df-4da5-a2c1-5b39dd910295-SegmentedRaftLogWorker:Storage Directory /workdir/hadoop-ozone/integration-test/target/test-dir/MiniOzoneClusterImpl-838a7ec2-4afb-4d68-8138-46fa65bc7e11/datanode-1/data/ratis/e31323ed-a14f-4dcf-81b0-d2eba9e0223f] INFO  segmented.SegmentedRaftLogWorker (SegmentedRaftLogWorker.java:execute(569)) - 9dc3d9e1-35df-4da5-a2c1-5b39dd910295-SegmentedRaftLogWorker:Storage Directory /workdir/hadoop-ozone/integration-test/target/test-dir/MiniOzoneClusterImpl-838a7ec2-4afb-4d68-8138-46fa65bc7e11/datanode-1/data/ratis/e31323ed-a14f-4dcf-81b0-d2eba9e0223f: created new log segment /workdir/hadoop-ozone/integration-test/target/test-dir/MiniOzoneClusterImpl-838a7ec2-4afb-4d68-8138-46fa65bc7e11/datanode-1/data/ratis/e31323ed-a14f-4dcf-81b0-d2eba9e0223f/current/log_inprogress_0
2019-09-12 10:53:02,098 [Thread-343] INFO  impl.FollowerState (FollowerState.java:run(106)) - e4f93bd3-fff9-4926-9bf8-61056d59521f:group-3C75CF9DA2C3 changes to CANDIDATE, lastRpcTime:1077, electionTimeout:1073ms
2019-09-12 10:53:02,104 [Thread-336] INFO  impl.FollowerState (FollowerState.java:run(106)) - 250b6484-39fc-4c26-8a98-91f8d9b3befa:group-12BB3AFF3F90 changes to CANDIDATE, lastRpcTime:1196, electionTimeout:1196ms
2019-09-12 10:53:02,104 [Thread-343] INFO  impl.RoleInfo (RoleInfo.java:shutdownFollowerState(121)) - e4f93bd3-fff9-4926-9bf8-61056d59521f: shutdown FollowerState
2019-09-12 10:53:02,105 [Thread-336] INFO  impl.RoleInfo (RoleInfo.java:shutdownFollowerState(121)) - 250b6484-39fc-4c26-8a98-91f8d9b3befa: shutdown FollowerState
2019-09-12 10:53:02,106 [Thread-343] INFO  impl.RaftServerImpl (RaftServerImpl.java:setRole(171)) - e4f93bd3-fff9-4926-9bf8-61056d59521f:group-3C75CF9DA2C3 changes role from FOLLOWER to CANDIDATE at term 0 for changeToCandidate
2019-09-12 10:53:02,107 | INFO  | SCMAudit | user=jenkins1000 | ip=192.168.157.195 | op=SEND_HEARTBEAT {datanodeUUID=250b6484-39fc-4c26-8a98-91f8d9b3befa, command=[]} | ret=SUCCESS |  
2019-09-12 10:53:02,107 | INFO  | SCMAudit | user=jenkins1000 | ip=192.168.157.195 | op=SEND_HEARTBEAT {datanodeUUID=e4f93bd3-fff9-4926-9bf8-61056d59521f, command=[]} | ret=SUCCESS |  
2019-09-12 10:53:02,107 [Thread-336] INFO  impl.RaftServerImpl (RaftServerImpl.java:setRole(171)) - 250b6484-39fc-4c26-8a98-91f8d9b3befa:group-12BB3AFF3F90 changes role from FOLLOWER to CANDIDATE at term 0 for changeToCandidate
2019-09-12 10:53:02,107 [Thread-343] INFO  impl.RoleInfo (RoleInfo.java:updateAndGet(143)) - e4f93bd3-fff9-4926-9bf8-61056d59521f: start LeaderElection
2019-09-12 10:53:02,107 | INFO  | SCMAudit | user=jenkins1000 | ip=192.168.157.195 | op=SEND_HEARTBEAT {datanodeUUID=c17d4de2-caaf-4ec0-b997-c9cf8b2a9041, command=[]} | ret=SUCCESS |  
2019-09-12 10:53:02,107 [Thread-336] INFO  impl.RoleInfo (RoleInfo.java:updateAndGet(143)) - 250b6484-39fc-4c26-8a98-91f8d9b3befa: start LeaderElection
2019-09-12 10:53:02,120 | INFO  | SCMAudit | user=jenkins1000 | ip=192.168.157.195 | op=SEND_HEARTBEAT {datanodeUUID=da20f580-5b10-4303-a8d6-74672b88192d, command=[]} | ret=SUCCESS |  
2019-09-12 10:53:02,124 [grpc-default-executor-0] INFO  impl.RaftServerProxy (RaftServerProxy.java:addNew(89)) - 005a1424-1186-4d58-b0b5-fdf3e953d666: addNew group-A97877FF3E2C:[005a1424-1186-4d58-b0b5-fdf3e953d666:192.168.157.195:33930] returns group-A97877FF3E2C:java.util.concurrent.CompletableFuture@32112375[Not completed]
2019-09-12 10:53:02,125 [pool-93-thread-1] INFO  impl.RaftServerImpl (RaftServerImpl.java:<init>(93)) - 005a1424-1186-4d58-b0b5-fdf3e953d666: new RaftServerImpl for group-A97877FF3E2C:[005a1424-1186-4d58-b0b5-fdf3e953d666:192.168.157.195:33930] with ContainerStateMachine:uninitialized
2019-09-12 10:53:02,125 [pool-93-thread-1] INFO  server.RaftServerConfigKeys (ConfUtils.java:logGet(43)) - raft.server.rpc.timeout.min = 1s (custom)
2019-09-12 10:53:02,126 [pool-93-thread-1] INFO  server.RaftServerConfigKeys (ConfUtils.java:logGet(43)) - raft.server.rpc.timeout.max = 1200ms (custom)
2019-09-12 10:53:02,126 [pool-93-thread-1] INFO  server.RaftServerConfigKeys (ConfUtils.java:logGet(43)) - raft.server.rpcslowness.timeout = 120s (custom)
2019-09-12 10:53:02,126 [pool-93-thread-1] INFO  server.RaftServerConfigKeys (ConfUtils.java:logGet(43)) - raft.server.sleep.deviation.threshold = 300 (default)
2019-09-12 10:53:02,126 [pool-93-thread-1] INFO  server.RaftServerConfigKeys (ConfUtils.java:logGet(43)) - raft.server.log.appender.install.snapshot.enabled = false (custom)
2019-09-12 10:53:02,126 [pool-93-thread-1] INFO  impl.RaftServerImpl (ServerState.java:<init>(105)) - 005a1424-1186-4d58-b0b5-fdf3e953d666:group-A97877FF3E2C ConfigurationManager, init=-1: [005a1424-1186-4d58-b0b5-fdf3e953d666:192.168.157.195:33930], old=null, confs=<EMPTY_MAP>
2019-09-12 10:53:02,126 [pool-93-thread-1] INFO  server.RaftServerConfigKeys (ConfUtils.java:logGet(43)) - raft.server.storage.dir = [/workdir/hadoop-ozone/integration-test/target/test-dir/MiniOzoneClusterImpl-838a7ec2-4afb-4d68-8138-46fa65bc7e11/datanode-6/data/ratis] (custom)
2019-09-12 10:53:02,126 [pool-93-thread-1] INFO  storage.RaftStorageDirectory (RaftStorageDirectory.java:analyzeStorage(246)) - The storage directory /workdir/hadoop-ozone/integration-test/target/test-dir/MiniOzoneClusterImpl-838a7ec2-4afb-4d68-8138-46fa65bc7e11/datanode-6/data/ratis/a0032d9c-af02-40fb-bc55-a97877ff3e2c does not exist. Creating ...
2019-09-12 10:53:02,132 [e4f93bd3-fff9-4926-9bf8-61056d59521f:group-3C75CF9DA2C3:LeaderElection18] INFO  impl.LeaderElection (LeaderElection.java:askForVotes(181)) - e4f93bd3-fff9-4926-9bf8-61056d59521f:group-3C75CF9DA2C3:LeaderElection18: begin an election at term 1 for -1: [e4f93bd3-fff9-4926-9bf8-61056d59521f:192.168.157.195:41370], old=null
2019-09-12 10:53:02,132 [250b6484-39fc-4c26-8a98-91f8d9b3befa:group-12BB3AFF3F90:LeaderElection19] INFO  impl.LeaderElection (LeaderElection.java:askForVotes(181)) - 250b6484-39fc-4c26-8a98-91f8d9b3befa:group-12BB3AFF3F90:LeaderElection19: begin an election at term 1 for -1: [250b6484-39fc-4c26-8a98-91f8d9b3befa:192.168.157.195:34503], old=null
2019-09-12 10:53:02,132 [e4f93bd3-fff9-4926-9bf8-61056d59521f:group-3C75CF9DA2C3:LeaderElection18] INFO  impl.RoleInfo (RoleInfo.java:shutdownLeaderElection(134)) - e4f93bd3-fff9-4926-9bf8-61056d59521f: shutdown LeaderElection
2019-09-12 10:53:02,132 [250b6484-39fc-4c26-8a98-91f8d9b3befa:group-12BB3AFF3F90:LeaderElection19] INFO  impl.RoleInfo (RoleInfo.java:shutdownLeaderElection(134)) - 250b6484-39fc-4c26-8a98-91f8d9b3befa: shutdown LeaderElection
2019-09-12 10:53:02,132 [e4f93bd3-fff9-4926-9bf8-61056d59521f:group-3C75CF9DA2C3:LeaderElection18] INFO  impl.RaftServerImpl (RaftServerImpl.java:setRole(171)) - e4f93bd3-fff9-4926-9bf8-61056d59521f:group-3C75CF9DA2C3 changes role from CANDIDATE to LEADER at term 1 for changeToLeader
2019-09-12 10:53:02,132 [250b6484-39fc-4c26-8a98-91f8d9b3befa:group-12BB3AFF3F90:LeaderElection19] INFO  impl.RaftServerImpl (RaftServerImpl.java:setRole(171)) - 250b6484-39fc-4c26-8a98-91f8d9b3befa:group-12BB3AFF3F90 changes role from CANDIDATE to LEADER at term 1 for changeToLeader
2019-09-12 10:53:02,132 [e4f93bd3-fff9-4926-9bf8-61056d59521f:group-3C75CF9DA2C3:LeaderElection18] INFO  impl.RaftServerImpl (ServerState.java:setLeader(263)) - e4f93bd3-fff9-4926-9bf8-61056d59521f:group-3C75CF9DA2C3 change Leader from null to e4f93bd3-fff9-4926-9bf8-61056d59521f at term 1 for becomeLeader, leader elected after 1114ms
2019-09-12 10:53:02,133 [250b6484-39fc-4c26-8a98-91f8d9b3befa:group-12BB3AFF3F90:LeaderElection19] INFO  impl.RaftServerImpl (ServerState.java:setLeader(263)) - 250b6484-39fc-4c26-8a98-91f8d9b3befa:group-12BB3AFF3F90 change Leader from null to 250b6484-39fc-4c26-8a98-91f8d9b3befa at term 1 for becomeLeader, leader elected after 1236ms
2019-09-12 10:53:02,133 [e4f93bd3-fff9-4926-9bf8-61056d59521f:group-3C75CF9DA2C3:LeaderElection18] INFO  server.RaftServerConfigKeys (ConfUtils.java:logGet(43)) - raft.server.staging.catchup.gap = 1000 (default)
2019-09-12 10:53:02,133 [250b6484-39fc-4c26-8a98-91f8d9b3befa:group-12BB3AFF3F90:LeaderElection19] INFO  server.RaftServerConfigKeys (ConfUtils.java:logGet(43)) - raft.server.staging.catchup.gap = 1000 (default)
2019-09-12 10:53:02,133 [e4f93bd3-fff9-4926-9bf8-61056d59521f:group-3C75CF9DA2C3:LeaderElection18] INFO  server.RaftServerConfigKeys (ConfUtils.java:logGet(43)) - raft.server.rpc.sleep.time = 25ms (default)
2019-09-12 10:53:02,133 [250b6484-39fc-4c26-8a98-91f8d9b3befa:group-12BB3AFF3F90:LeaderElection19] INFO  server.RaftServerConfigKeys (ConfUtils.java:logGet(43)) - raft.server.rpc.sleep.time = 25ms (default)
2019-09-12 10:53:02,133 [e4f93bd3-fff9-4926-9bf8-61056d59521f:group-3C75CF9DA2C3:LeaderElection18] INFO  server.RaftServerConfigKeys (ConfUtils.java:logGet(43)) - raft.server.write.element-limit = 4096 (default)
2019-09-12 10:53:02,133 [e4f93bd3-fff9-4926-9bf8-61056d59521f:group-3C75CF9DA2C3:LeaderElection18] INFO  server.RaftServerConfigKeys (ConfUtils.java:logGet(43)) - raft.server.watch.timeout = 10s (default)
2019-09-12 10:53:02,133 [250b6484-39fc-4c26-8a98-91f8d9b3befa:group-12BB3AFF3F90:LeaderElection19] INFO  server.RaftServerConfigKeys (ConfUtils.java:logGet(43)) - raft.server.write.element-limit = 4096 (default)
2019-09-12 10:53:02,134 [pool-93-thread-1] INFO  storage.RaftStorageDirectory (RaftStorageDirectory.java:tryLock(328)) - Lock on /workdir/hadoop-ozone/integration-test/target/test-dir/MiniOzoneClusterImpl-838a7ec2-4afb-4d68-8138-46fa65bc7e11/datanode-6/data/ratis/a0032d9c-af02-40fb-bc55-a97877ff3e2c/in_use.lock acquired by nodename 620@pr-hdds-1569-xtfnx-3545843844
2019-09-12 10:53:02,133 [e4f93bd3-fff9-4926-9bf8-61056d59521f:group-3C75CF9DA2C3:LeaderElection18] INFO  server.RaftServerConfigKeys (ConfUtils.java:logGet(43)) - raft.server.watch.timeout.denomination = 1s (default)
2019-09-12 10:53:02,134 [250b6484-39fc-4c26-8a98-91f8d9b3befa:group-12BB3AFF3F90:LeaderElection19] INFO  server.RaftServerConfigKeys (ConfUtils.java:logGet(43)) - raft.server.watch.timeout = 10s (default)
2019-09-12 10:53:02,134 [e4f93bd3-fff9-4926-9bf8-61056d59521f:group-3C75CF9DA2C3:LeaderElection18] INFO  server.RaftServerConfigKeys (ConfUtils.java:logGet(43)) - raft.server.watch.element-limit = 65536 (default)
2019-09-12 10:53:02,134 [250b6484-39fc-4c26-8a98-91f8d9b3befa:group-12BB3AFF3F90:LeaderElection19] INFO  server.RaftServerConfigKeys (ConfUtils.java:logGet(43)) - raft.server.watch.timeout.denomination = 1s (default)
2019-09-12 10:53:02,134 [250b6484-39fc-4c26-8a98-91f8d9b3befa:group-12BB3AFF3F90:LeaderElection19] INFO  server.RaftServerConfigKeys (ConfUtils.java:logGet(43)) - raft.server.watch.element-limit = 65536 (default)
2019-09-12 10:53:02,134 [e4f93bd3-fff9-4926-9bf8-61056d59521f:group-3C75CF9DA2C3:LeaderElection18] INFO  impl.RoleInfo (RoleInfo.java:updateAndGet(143)) - e4f93bd3-fff9-4926-9bf8-61056d59521f: start LeaderState
2019-09-12 10:53:02,135 [250b6484-39fc-4c26-8a98-91f8d9b3befa:group-12BB3AFF3F90:LeaderElection19] INFO  impl.RoleInfo (RoleInfo.java:updateAndGet(143)) - 250b6484-39fc-4c26-8a98-91f8d9b3befa: start LeaderState
2019-09-12 10:53:02,135 [e4f93bd3-fff9-4926-9bf8-61056d59521f:group-3C75CF9DA2C3:LeaderElection18] INFO  segmented.SegmentedRaftLogWorker (SegmentedRaftLogWorker.java:startLogSegment(380)) - e4f93bd3-fff9-4926-9bf8-61056d59521f-SegmentedRaftLogWorker:Storage Directory /workdir/hadoop-ozone/integration-test/target/test-dir/MiniOzoneClusterImpl-838a7ec2-4afb-4d68-8138-46fa65bc7e11/datanode-3/data/ratis/6cc9a72a-ec3d-4fb7-9820-3c75cf9da2c3: Starting segment from index:0
2019-09-12 10:53:02,135 [250b6484-39fc-4c26-8a98-91f8d9b3befa:group-12BB3AFF3F90:LeaderElection19] INFO  segmented.SegmentedRaftLogWorker (SegmentedRaftLogWorker.java:startLogSegment(380)) - 250b6484-39fc-4c26-8a98-91f8d9b3befa-SegmentedRaftLogWorker:Storage Directory /workdir/hadoop-ozone/integration-test/target/test-dir/MiniOzoneClusterImpl-838a7ec2-4afb-4d68-8138-46fa65bc7e11/datanode-2/data/ratis/d9b8b5c1-1d43-401e-a077-12bb3aff3f90: Starting segment from index:0
2019-09-12 10:53:02,135 [e4f93bd3-fff9-4926-9bf8-61056d59521f:group-3C75CF9DA2C3:LeaderElection18] INFO  impl.RaftServerImpl (ServerState.java:setRaftConf(361)) - e4f93bd3-fff9-4926-9bf8-61056d59521f:group-3C75CF9DA2C3 set configuration 0: [e4f93bd3-fff9-4926-9bf8-61056d59521f:192.168.157.195:41370], old=null at 0
2019-09-12 10:53:02,161 [250b6484-39fc-4c26-8a98-91f8d9b3befa:group-12BB3AFF3F90:LeaderElection19] INFO  impl.RaftServerImpl (ServerState.java:setRaftConf(361)) - 250b6484-39fc-4c26-8a98-91f8d9b3befa:group-12BB3AFF3F90 set configuration 0: [250b6484-39fc-4c26-8a98-91f8d9b3befa:192.168.157.195:34503], old=null at 0
2019-09-12 10:53:02,197 [pool-93-thread-1] INFO  storage.RaftStorage (RaftStorage.java:format(72)) - Storage directory /workdir/hadoop-ozone/integration-test/target/test-dir/MiniOzoneClusterImpl-838a7ec2-4afb-4d68-8138-46fa65bc7e11/datanode-6/data/ratis/a0032d9c-af02-40fb-bc55-a97877ff3e2c has been successfully formatted.
2019-09-12 10:53:02,197 [pool-93-thread-1] INFO  ratis.ContainerStateMachine (ContainerStateMachine.java:loadSnapshot(226)) - group-A97877FF3E2C: The snapshot info is null. Setting the last applied indexto:(t:0, i:~)
2019-09-12 10:53:02,200 [pool-93-thread-1] INFO  server.RaftServerConfigKeys (ConfUtils.java:logGet(43)) - raft.server.leader.election.timeout = 120s (custom)
2019-09-12 10:53:02,200 [pool-93-thread-1] INFO  server.RaftServerConfigKeys (ConfUtils.java:logGet(43)) - raft.server.log.use.memory = false (default)
2019-09-12 10:53:02,200 [pool-93-thread-1] INFO  server.RaftServerConfigKeys (ConfUtils.java:logGet(43)) - raft.server.log.purge.gap = 1000000 (custom)
2019-09-12 10:53:02,201 [pool-93-thread-1] INFO  server.RaftServerConfigKeys (ConfUtils.java:logGet(43)) - raft.server.log.appender.buffer.byte-limit = 33554432 (custom)
2019-09-12 10:53:02,201 | INFO  | SCMAudit | user=jenkins1000 | ip=192.168.157.195 | op=SEND_HEARTBEAT {datanodeUUID=8d69d0c9-c816-414c-ba1a-8b3ab85fb900, command=[]} | ret=SUCCESS |  
2019-09-12 10:53:02,201 [pool-93-thread-1] INFO  server.RaftServerConfigKeys (ConfUtils.java:logGet(43)) - raft.server.log.segment.size.max = 1048576 (custom)
2019-09-12 10:53:02,201 [pool-93-thread-1] INFO  server.RaftServerConfigKeys (ConfUtils.java:logGet(43)) - raft.server.log.segment.cache.num.max = 2 (custom)
2019-09-12 10:53:02,201 [pool-93-thread-1] INFO  segmented.SegmentedRaftLogWorker (SegmentedRaftLogWorker.java:<init>(172)) - new 005a1424-1186-4d58-b0b5-fdf3e953d666-SegmentedRaftLogWorker:Storage Directory /workdir/hadoop-ozone/integration-test/target/test-dir/MiniOzoneClusterImpl-838a7ec2-4afb-4d68-8138-46fa65bc7e11/datanode-6/data/ratis/a0032d9c-af02-40fb-bc55-a97877ff3e2c for RaftStorage:Storage Directory /workdir/hadoop-ozone/integration-test/target/test-dir/MiniOzoneClusterImpl-838a7ec2-4afb-4d68-8138-46fa65bc7e11/datanode-6/data/ratis/a0032d9c-af02-40fb-bc55-a97877ff3e2c
2019-09-12 10:53:02,201 [pool-93-thread-1] INFO  server.RaftServerConfigKeys (ConfUtils.java:logGet(43)) - raft.server.log.queue.byte-limit = 2147483647 (custom)
2019-09-12 10:53:02,202 [pool-93-thread-1] INFO  server.RaftServerConfigKeys (ConfUtils.java:logGet(43)) - raft.server.log.queue.element-limit = 1024 (custom)
2019-09-12 10:53:02,202 [pool-93-thread-1] INFO  server.RaftServerConfigKeys (ConfUtils.java:logGet(43)) - raft.server.log.segment.size.max = 1048576 (custom)
2019-09-12 10:53:02,202 [pool-93-thread-1] INFO  server.RaftServerConfigKeys (ConfUtils.java:logGet(43)) - raft.server.log.preallocated.size = 16384 (custom)
2019-09-12 10:53:02,202 [pool-93-thread-1] INFO  server.RaftServerConfigKeys (ConfUtils.java:logGet(43)) - raft.server.log.write.buffer.size = 33554432 (custom)
2019-09-12 10:53:02,202 [pool-93-thread-1] INFO  server.RaftServerConfigKeys (ConfUtils.java:logGet(43)) - raft.server.log.force.sync.num = 128 (default)
2019-09-12 10:53:02,203 [pool-93-thread-1] INFO  server.RaftServerConfigKeys (ConfUtils.java:logGet(43)) - raft.server.log.statemachine.data.sync = true (default)
2019-09-12 10:53:02,203 [pool-93-thread-1] INFO  server.RaftServerConfigKeys (ConfUtils.java:logGet(43)) - raft.server.log.statemachine.data.sync.timeout = 10s (default)
2019-09-12 10:53:02,203 [pool-93-thread-1] INFO  server.RaftServerConfigKeys (ConfUtils.java:logGet(43)) - raft.server.log.statemachine.data.sync.timeout.retry = -1 (default)
2019-09-12 10:53:02,203 [pool-93-thread-1] INFO  server.RaftServerConfigKeys (ConfUtils.java:logGet(43)) - raft.server.log.statemachine.data.caching.enabled = true (custom)
2019-09-12 10:53:02,204 [pool-93-thread-1] INFO  segmented.SegmentedRaftLogWorker (SegmentedRaftLogWorker.java:lambda$new$0(132)) - 005a1424-1186-4d58-b0b5-fdf3e953d666-SegmentedRaftLogWorker:Storage Directory /workdir/hadoop-ozone/integration-test/target/test-dir/MiniOzoneClusterImpl-838a7ec2-4afb-4d68-8138-46fa65bc7e11/datanode-6/data/ratis/a0032d9c-af02-40fb-bc55-a97877ff3e2c: flushIndex: setUnconditionally 0 -> -1
2019-09-12 10:53:02,204 [pool-93-thread-1] INFO  server.RaftServerConfigKeys (ConfUtils.java:logGet(43)) - raft.server.snapshot.auto.trigger.enabled = true (custom)
2019-09-12 10:53:02,205 [pool-93-thread-1] INFO  server.RaftServerConfigKeys (ConfUtils.java:logGet(43)) - raft.server.snapshot.auto.trigger.threshold = 10000 (custom)
2019-09-12 10:53:02,205 [pool-93-thread-1] INFO  server.RaftServerConfigKeys (ConfUtils.java:logGet(43)) - raft.server.retrycache.expirytime = 600000ms (custom)
2019-09-12 10:53:02,205 [pool-93-thread-1] INFO  impl.RaftServerImpl (RaftServerImpl.java:start(180)) - 005a1424-1186-4d58-b0b5-fdf3e953d666: start group-A97877FF3E2C
2019-09-12 10:53:02,205 [pool-93-thread-1] INFO  impl.RaftServerImpl (RaftServerImpl.java:setRole(171)) - 005a1424-1186-4d58-b0b5-fdf3e953d666:group-A97877FF3E2C changes role from null to FOLLOWER at term 0 for startAsFollower
2019-09-12 10:53:02,205 [pool-93-thread-1] INFO  impl.RoleInfo (RoleInfo.java:updateAndGet(143)) - 005a1424-1186-4d58-b0b5-fdf3e953d666: start FollowerState
2019-09-12 10:53:02,206 [pool-93-thread-1] INFO  util.JmxRegister (JmxRegister.java:tryRegister(44)) - Successfully registered JMX Bean with object name Ratis:service=RaftServer,group=group-A97877FF3E2C,id=005a1424-1186-4d58-b0b5-fdf3e953d666
2019-09-12 10:53:02,216 [RatisPipelineUtilsThread] INFO  pipeline.PipelineStateManager (PipelineStateManager.java:addPipeline(56)) - Created pipeline Pipeline[ Id: a0032d9c-af02-40fb-bc55-a97877ff3e2c, Nodes: 005a1424-1186-4d58-b0b5-fdf3e953d666{ip: 192.168.157.195, host: pr-hdds-1569-xtfnx-3545843844, networkLocation: /default-rack, certSerialId: null}, Type:RATIS, Factor:ONE, State:OPEN]
2019-09-12 10:53:02,217 [RatisPipelineUtilsThread] ERROR pipeline.PipelinePlacementPolicy (PipelinePlacementPolicy.java:meetCriteria(91)) - Pipeline Placement: Doesn't meet the criteria to be viable node. Heaviness: 6
2019-09-12 10:53:02,217 [RatisPipelineUtilsThread] ERROR pipeline.PipelinePlacementPolicy (PipelinePlacementPolicy.java:meetCriteria(91)) - Pipeline Placement: Doesn't meet the criteria to be viable node. Heaviness: 6
2019-09-12 10:53:02,221 [e4f93bd3-fff9-4926-9bf8-61056d59521f-SegmentedRaftLogWorker:Storage Directory /workdir/hadoop-ozone/integration-test/target/test-dir/MiniOzoneClusterImpl-838a7ec2-4afb-4d68-8138-46fa65bc7e11/datanode-3/data/ratis/6cc9a72a-ec3d-4fb7-9820-3c75cf9da2c3] INFO  segmented.SegmentedRaftLogWorker (SegmentedRaftLogWorker.java:execute(569)) - e4f93bd3-fff9-4926-9bf8-61056d59521f-SegmentedRaftLogWorker:Storage Directory /workdir/hadoop-ozone/integration-test/target/test-dir/MiniOzoneClusterImpl-838a7ec2-4afb-4d68-8138-46fa65bc7e11/datanode-3/data/ratis/6cc9a72a-ec3d-4fb7-9820-3c75cf9da2c3: created new log segment /workdir/hadoop-ozone/integration-test/target/test-dir/MiniOzoneClusterImpl-838a7ec2-4afb-4d68-8138-46fa65bc7e11/datanode-3/data/ratis/6cc9a72a-ec3d-4fb7-9820-3c75cf9da2c3/current/log_inprogress_0
2019-09-12 10:53:02,221 [250b6484-39fc-4c26-8a98-91f8d9b3befa-SegmentedRaftLogWorker:Storage Directory /workdir/hadoop-ozone/integration-test/target/test-dir/MiniOzoneClusterImpl-838a7ec2-4afb-4d68-8138-46fa65bc7e11/datanode-2/data/ratis/d9b8b5c1-1d43-401e-a077-12bb3aff3f90] INFO  segmented.SegmentedRaftLogWorker (SegmentedRaftLogWorker.java:execute(569)) - 250b6484-39fc-4c26-8a98-91f8d9b3befa-SegmentedRaftLogWorker:Storage Directory /workdir/hadoop-ozone/integration-test/target/test-dir/MiniOzoneClusterImpl-838a7ec2-4afb-4d68-8138-46fa65bc7e11/datanode-2/data/ratis/d9b8b5c1-1d43-401e-a077-12bb3aff3f90: created new log segment /workdir/hadoop-ozone/integration-test/target/test-dir/MiniOzoneClusterImpl-838a7ec2-4afb-4d68-8138-46fa65bc7e11/datanode-2/data/ratis/d9b8b5c1-1d43-401e-a077-12bb3aff3f90/current/log_inprogress_0
2019-09-12 10:53:02,231 [grpc-default-executor-0] INFO  impl.RaftServerProxy (RaftServerProxy.java:addNew(89)) - e4f93bd3-fff9-4926-9bf8-61056d59521f: addNew group-B2799D490CB8:[e4f93bd3-fff9-4926-9bf8-61056d59521f:192.168.157.195:41370] returns group-B2799D490CB8:java.util.concurrent.CompletableFuture@510f5ac0[Not completed]
2019-09-12 10:53:02,232 [pool-60-thread-1] INFO  impl.RaftServerImpl (RaftServerImpl.java:<init>(93)) - e4f93bd3-fff9-4926-9bf8-61056d59521f: new RaftServerImpl for group-B2799D490CB8:[e4f93bd3-fff9-4926-9bf8-61056d59521f:192.168.157.195:41370] with ContainerStateMachine:uninitialized
2019-09-12 10:53:02,233 [pool-60-thread-1] INFO  server.RaftServerConfigKeys (ConfUtils.java:logGet(43)) - raft.server.rpc.timeout.min = 1s (custom)
2019-09-12 10:53:02,233 [pool-60-thread-1] INFO  server.RaftServerConfigKeys (ConfUtils.java:logGet(43)) - raft.server.rpc.timeout.max = 1200ms (custom)
2019-09-12 10:53:02,233 [pool-60-thread-1] INFO  server.RaftServerConfigKeys (ConfUtils.java:logGet(43)) - raft.server.rpcslowness.timeout = 120s (custom)
2019-09-12 10:53:02,233 [pool-60-thread-1] INFO  server.RaftServerConfigKeys (ConfUtils.java:logGet(43)) - raft.server.sleep.deviation.threshold = 300 (default)
2019-09-12 10:53:02,233 [pool-60-thread-1] INFO  server.RaftServerConfigKeys (ConfUtils.java:logGet(43)) - raft.server.log.appender.install.snapshot.enabled = false (custom)
2019-09-12 10:53:02,233 [pool-60-thread-1] INFO  impl.RaftServerImpl (ServerState.java:<init>(105)) - e4f93bd3-fff9-4926-9bf8-61056d59521f:group-B2799D490CB8 ConfigurationManager, init=-1: [e4f93bd3-fff9-4926-9bf8-61056d59521f:192.168.157.195:41370], old=null, confs=<EMPTY_MAP>
2019-09-12 10:53:02,233 [pool-60-thread-1] INFO  server.RaftServerConfigKeys (ConfUtils.java:logGet(43)) - raft.server.storage.dir = [/workdir/hadoop-ozone/integration-test/target/test-dir/MiniOzoneClusterImpl-838a7ec2-4afb-4d68-8138-46fa65bc7e11/datanode-3/data/ratis] (custom)
2019-09-12 10:53:02,234 [pool-60-thread-1] INFO  storage.RaftStorageDirectory (RaftStorageDirectory.java:analyzeStorage(246)) - The storage directory /workdir/hadoop-ozone/integration-test/target/test-dir/MiniOzoneClusterImpl-838a7ec2-4afb-4d68-8138-46fa65bc7e11/datanode-3/data/ratis/7d9ef399-e0a1-40d8-bc0c-b2799d490cb8 does not exist. Creating ...
2019-09-12 10:53:02,238 [pool-60-thread-1] INFO  storage.RaftStorageDirectory (RaftStorageDirectory.java:tryLock(328)) - Lock on /workdir/hadoop-ozone/integration-test/target/test-dir/MiniOzoneClusterImpl-838a7ec2-4afb-4d68-8138-46fa65bc7e11/datanode-3/data/ratis/7d9ef399-e0a1-40d8-bc0c-b2799d490cb8/in_use.lock acquired by nodename 620@pr-hdds-1569-xtfnx-3545843844
2019-09-12 10:53:02,252 [pool-60-thread-1] INFO  storage.RaftStorage (RaftStorage.java:format(72)) - Storage directory /workdir/hadoop-ozone/integration-test/target/test-dir/MiniOzoneClusterImpl-838a7ec2-4afb-4d68-8138-46fa65bc7e11/datanode-3/data/ratis/7d9ef399-e0a1-40d8-bc0c-b2799d490cb8 has been successfully formatted.
2019-09-12 10:53:02,253 [pool-60-thread-1] INFO  ratis.ContainerStateMachine (ContainerStateMachine.java:loadSnapshot(226)) - group-B2799D490CB8: The snapshot info is null. Setting the last applied indexto:(t:0, i:~)
2019-09-12 10:53:02,253 [pool-60-thread-1] INFO  server.RaftServerConfigKeys (ConfUtils.java:logGet(43)) - raft.server.leader.election.timeout = 120s (custom)
2019-09-12 10:53:02,253 [pool-60-thread-1] INFO  server.RaftServerConfigKeys (ConfUtils.java:logGet(43)) - raft.server.log.use.memory = false (default)
2019-09-12 10:53:02,253 [pool-60-thread-1] INFO  server.RaftServerConfigKeys (ConfUtils.java:logGet(43)) - raft.server.log.purge.gap = 1000000 (custom)
2019-09-12 10:53:02,253 [pool-60-thread-1] INFO  server.RaftServerConfigKeys (ConfUtils.java:logGet(43)) - raft.server.log.appender.buffer.byte-limit = 33554432 (custom)
2019-09-12 10:53:02,253 [pool-60-thread-1] INFO  server.RaftServerConfigKeys (ConfUtils.java:logGet(43)) - raft.server.log.segment.size.max = 1048576 (custom)
2019-09-12 10:53:02,253 [pool-60-thread-1] INFO  server.RaftServerConfigKeys (ConfUtils.java:logGet(43)) - raft.server.log.segment.cache.num.max = 2 (custom)
2019-09-12 10:53:02,254 [pool-60-thread-1] INFO  segmented.SegmentedRaftLogWorker (SegmentedRaftLogWorker.java:<init>(172)) - new e4f93bd3-fff9-4926-9bf8-61056d59521f-SegmentedRaftLogWorker:Storage Directory /workdir/hadoop-ozone/integration-test/target/test-dir/MiniOzoneClusterImpl-838a7ec2-4afb-4d68-8138-46fa65bc7e11/datanode-3/data/ratis/7d9ef399-e0a1-40d8-bc0c-b2799d490cb8 for RaftStorage:Storage Directory /workdir/hadoop-ozone/integration-test/target/test-dir/MiniOzoneClusterImpl-838a7ec2-4afb-4d68-8138-46fa65bc7e11/datanode-3/data/ratis/7d9ef399-e0a1-40d8-bc0c-b2799d490cb8
2019-09-12 10:53:02,254 [pool-60-thread-1] INFO  server.RaftServerConfigKeys (ConfUtils.java:logGet(43)) - raft.server.log.queue.byte-limit = 2147483647 (custom)
2019-09-12 10:53:02,254 [pool-60-thread-1] INFO  server.RaftServerConfigKeys (ConfUtils.java:logGet(43)) - raft.server.log.queue.element-limit = 1024 (custom)
2019-09-12 10:53:02,254 [pool-60-thread-1] INFO  server.RaftServerConfigKeys (ConfUtils.java:logGet(43)) - raft.server.log.segment.size.max = 1048576 (custom)
2019-09-12 10:53:02,254 [pool-60-thread-1] INFO  server.RaftServerConfigKeys (ConfUtils.java:logGet(43)) - raft.server.log.preallocated.size = 16384 (custom)
2019-09-12 10:53:02,254 [pool-60-thread-1] INFO  server.RaftServerConfigKeys (ConfUtils.java:logGet(43)) - raft.server.log.write.buffer.size = 33554432 (custom)
2019-09-12 10:53:02,254 [pool-60-thread-1] INFO  server.RaftServerConfigKeys (ConfUtils.java:logGet(43)) - raft.server.log.force.sync.num = 128 (default)
2019-09-12 10:53:02,254 [pool-60-thread-1] INFO  server.RaftServerConfigKeys (ConfUtils.java:logGet(43)) - raft.server.log.statemachine.data.sync = true (default)
2019-09-12 10:53:02,254 [pool-60-thread-1] INFO  server.RaftServerConfigKeys (ConfUtils.java:logGet(43)) - raft.server.log.statemachine.data.sync.timeout = 10s (default)
2019-09-12 10:53:02,254 [pool-60-thread-1] INFO  server.RaftServerConfigKeys (ConfUtils.java:logGet(43)) - raft.server.log.statemachine.data.sync.timeout.retry = -1 (default)
2019-09-12 10:53:02,255 [pool-60-thread-1] INFO  server.RaftServerConfigKeys (ConfUtils.java:logGet(43)) - raft.server.log.statemachine.data.caching.enabled = true (custom)
2019-09-12 10:53:02,255 [pool-60-thread-1] INFO  segmented.SegmentedRaftLogWorker (SegmentedRaftLogWorker.java:lambda$new$0(132)) - e4f93bd3-fff9-4926-9bf8-61056d59521f-SegmentedRaftLogWorker:Storage Directory /workdir/hadoop-ozone/integration-test/target/test-dir/MiniOzoneClusterImpl-838a7ec2-4afb-4d68-8138-46fa65bc7e11/datanode-3/data/ratis/7d9ef399-e0a1-40d8-bc0c-b2799d490cb8: flushIndex: setUnconditionally 0 -> -1
2019-09-12 10:53:02,255 [pool-60-thread-1] INFO  server.RaftServerConfigKeys (ConfUtils.java:logGet(43)) - raft.server.snapshot.auto.trigger.enabled = true (custom)
2019-09-12 10:53:02,255 [pool-60-thread-1] INFO  server.RaftServerConfigKeys (ConfUtils.java:logGet(43)) - raft.server.snapshot.auto.trigger.threshold = 10000 (custom)
2019-09-12 10:53:02,255 [pool-60-thread-1] INFO  server.RaftServerConfigKeys (ConfUtils.java:logGet(43)) - raft.server.retrycache.expirytime = 600000ms (custom)
2019-09-12 10:53:02,256 [pool-60-thread-1] INFO  impl.RaftServerImpl (RaftServerImpl.java:start(180)) - e4f93bd3-fff9-4926-9bf8-61056d59521f: start group-B2799D490CB8
2019-09-12 10:53:02,256 [pool-60-thread-1] INFO  impl.RaftServerImpl (RaftServerImpl.java:setRole(171)) - e4f93bd3-fff9-4926-9bf8-61056d59521f:group-B2799D490CB8 changes role from null to FOLLOWER at term 0 for startAsFollower
2019-09-12 10:53:02,256 [pool-60-thread-1] INFO  impl.RoleInfo (RoleInfo.java:updateAndGet(143)) - e4f93bd3-fff9-4926-9bf8-61056d59521f: start FollowerState
2019-09-12 10:53:02,256 [pool-60-thread-1] INFO  util.JmxRegister (JmxRegister.java:tryRegister(44)) - Successfully registered JMX Bean with object name Ratis:service=RaftServer,group=group-B2799D490CB8,id=e4f93bd3-fff9-4926-9bf8-61056d59521f
2019-09-12 10:53:02,263 [RatisPipelineUtilsThread] INFO  pipeline.PipelineStateManager (PipelineStateManager.java:addPipeline(56)) - Created pipeline Pipeline[ Id: 7d9ef399-e0a1-40d8-bc0c-b2799d490cb8, Nodes: e4f93bd3-fff9-4926-9bf8-61056d59521f{ip: 192.168.157.195, host: pr-hdds-1569-xtfnx-3545843844, networkLocation: /default-rack, certSerialId: null}, Type:RATIS, Factor:ONE, State:OPEN]
2019-09-12 10:53:02,263 [RatisPipelineUtilsThread] ERROR pipeline.PipelinePlacementPolicy (PipelinePlacementPolicy.java:meetCriteria(91)) - Pipeline Placement: Doesn't meet the criteria to be viable node. Heaviness: 6
2019-09-12 10:53:02,263 [RatisPipelineUtilsThread] ERROR pipeline.PipelinePlacementPolicy (PipelinePlacementPolicy.java:meetCriteria(91)) - Pipeline Placement: Doesn't meet the criteria to be viable node. Heaviness: 6
2019-09-12 10:53:02,281 [grpc-default-executor-0] INFO  impl.RaftServerProxy (RaftServerProxy.java:addNew(89)) - 8d69d0c9-c816-414c-ba1a-8b3ab85fb900: addNew group-9BD9CAC188D2:[8d69d0c9-c816-414c-ba1a-8b3ab85fb900:192.168.157.195:38566] returns group-9BD9CAC188D2:java.util.concurrent.CompletableFuture@622d111b[Not completed]
2019-09-12 10:53:02,288 [pool-71-thread-1] INFO  impl.RaftServerImpl (RaftServerImpl.java:<init>(93)) - 8d69d0c9-c816-414c-ba1a-8b3ab85fb900: new RaftServerImpl for group-9BD9CAC188D2:[8d69d0c9-c816-414c-ba1a-8b3ab85fb900:192.168.157.195:38566] with ContainerStateMachine:uninitialized
2019-09-12 10:53:02,288 [pool-71-thread-1] INFO  server.RaftServerConfigKeys (ConfUtils.java:logGet(43)) - raft.server.rpc.timeout.min = 1s (custom)
2019-09-12 10:53:02,288 [pool-71-thread-1] INFO  server.RaftServerConfigKeys (ConfUtils.java:logGet(43)) - raft.server.rpc.timeout.max = 1200ms (custom)
2019-09-12 10:53:02,288 [pool-71-thread-1] INFO  server.RaftServerConfigKeys (ConfUtils.java:logGet(43)) - raft.server.rpcslowness.timeout = 120s (custom)
2019-09-12 10:53:02,289 [pool-71-thread-1] INFO  server.RaftServerConfigKeys (ConfUtils.java:logGet(43)) - raft.server.sleep.deviation.threshold = 300 (default)
2019-09-12 10:53:02,289 [pool-71-thread-1] INFO  server.RaftServerConfigKeys (ConfUtils.java:logGet(43)) - raft.server.log.appender.install.snapshot.enabled = false (custom)
2019-09-12 10:53:02,289 [pool-71-thread-1] INFO  impl.RaftServerImpl (ServerState.java:<init>(105)) - 8d69d0c9-c816-414c-ba1a-8b3ab85fb900:group-9BD9CAC188D2 ConfigurationManager, init=-1: [8d69d0c9-c816-414c-ba1a-8b3ab85fb900:192.168.157.195:38566], old=null, confs=<EMPTY_MAP>
2019-09-12 10:53:02,289 [pool-71-thread-1] INFO  server.RaftServerConfigKeys (ConfUtils.java:logGet(43)) - raft.server.storage.dir = [/workdir/hadoop-ozone/integration-test/target/test-dir/MiniOzoneClusterImpl-838a7ec2-4afb-4d68-8138-46fa65bc7e11/datanode-4/data/ratis] (custom)
2019-09-12 10:53:02,290 [pool-71-thread-1] INFO  storage.RaftStorageDirectory (RaftStorageDirectory.java:analyzeStorage(246)) - The storage directory /workdir/hadoop-ozone/integration-test/target/test-dir/MiniOzoneClusterImpl-838a7ec2-4afb-4d68-8138-46fa65bc7e11/datanode-4/data/ratis/fba8167c-1b87-4e2d-a3eb-9bd9cac188d2 does not exist. Creating ...
2019-09-12 10:53:02,290 [main] INFO  rpc.RpcClient (RpcClient.java:createVolume(293)) - Creating Volume: datanodefailurehandlingtest, with jenkins1000 as owner.
2019-09-12 10:53:02,302 [pool-71-thread-1] INFO  storage.RaftStorageDirectory (RaftStorageDirectory.java:tryLock(328)) - Lock on /workdir/hadoop-ozone/integration-test/target/test-dir/MiniOzoneClusterImpl-838a7ec2-4afb-4d68-8138-46fa65bc7e11/datanode-4/data/ratis/fba8167c-1b87-4e2d-a3eb-9bd9cac188d2/in_use.lock acquired by nodename 620@pr-hdds-1569-xtfnx-3545843844
2019-09-12 10:53:02,312 [Thread-351] INFO  impl.FollowerState (FollowerState.java:run(106)) - e4f93bd3-fff9-4926-9bf8-61056d59521f:group-00465F3C11D2 changes to CANDIDATE, lastRpcTime:1192, electionTimeout:1191ms
2019-09-12 10:53:02,313 [Thread-351] INFO  impl.RoleInfo (RoleInfo.java:shutdownFollowerState(121)) - e4f93bd3-fff9-4926-9bf8-61056d59521f: shutdown FollowerState
2019-09-12 10:53:02,313 [Thread-351] INFO  impl.RaftServerImpl (RaftServerImpl.java:setRole(171)) - e4f93bd3-fff9-4926-9bf8-61056d59521f:group-00465F3C11D2 changes role from FOLLOWER to CANDIDATE at term 0 for changeToCandidate
2019-09-12 10:53:02,313 [Thread-351] INFO  impl.RoleInfo (RoleInfo.java:updateAndGet(143)) - e4f93bd3-fff9-4926-9bf8-61056d59521f: start LeaderElection
2019-09-12 10:53:02,322 [pool-71-thread-1] INFO  storage.RaftStorage (RaftStorage.java:format(72)) - Storage directory /workdir/hadoop-ozone/integration-test/target/test-dir/MiniOzoneClusterImpl-838a7ec2-4afb-4d68-8138-46fa65bc7e11/datanode-4/data/ratis/fba8167c-1b87-4e2d-a3eb-9bd9cac188d2 has been successfully formatted.
2019-09-12 10:53:02,322 | INFO  | SCMAudit | user=jenkins1000 | ip=192.168.157.195 | op=SEND_HEARTBEAT {datanodeUUID=02d2c735-5a91-4cfc-b37b-8234c14e6879, command=[]} | ret=SUCCESS |  
2019-09-12 10:53:02,335 [pool-71-thread-1] INFO  ratis.ContainerStateMachine (ContainerStateMachine.java:loadSnapshot(226)) - group-9BD9CAC188D2: The snapshot info is null. Setting the last applied indexto:(t:0, i:~)
2019-09-12 10:53:02,335 [pool-71-thread-1] INFO  server.RaftServerConfigKeys (ConfUtils.java:logGet(43)) - raft.server.leader.election.timeout = 120s (custom)
2019-09-12 10:53:02,335 [pool-71-thread-1] INFO  server.RaftServerConfigKeys (ConfUtils.java:logGet(43)) - raft.server.log.use.memory = false (default)
2019-09-12 10:53:02,336 [pool-71-thread-1] INFO  server.RaftServerConfigKeys (ConfUtils.java:logGet(43)) - raft.server.log.purge.gap = 1000000 (custom)
2019-09-12 10:53:02,336 [pool-71-thread-1] INFO  server.RaftServerConfigKeys (ConfUtils.java:logGet(43)) - raft.server.log.appender.buffer.byte-limit = 33554432 (custom)
2019-09-12 10:53:02,336 [pool-71-thread-1] INFO  server.RaftServerConfigKeys (ConfUtils.java:logGet(43)) - raft.server.log.segment.size.max = 1048576 (custom)
2019-09-12 10:53:02,336 [pool-71-thread-1] INFO  server.RaftServerConfigKeys (ConfUtils.java:logGet(43)) - raft.server.log.segment.cache.num.max = 2 (custom)
2019-09-12 10:53:02,336 [pool-71-thread-1] INFO  segmented.SegmentedRaftLogWorker (SegmentedRaftLogWorker.java:<init>(172)) - new 8d69d0c9-c816-414c-ba1a-8b3ab85fb900-SegmentedRaftLogWorker:Storage Directory /workdir/hadoop-ozone/integration-test/target/test-dir/MiniOzoneClusterImpl-838a7ec2-4afb-4d68-8138-46fa65bc7e11/datanode-4/data/ratis/fba8167c-1b87-4e2d-a3eb-9bd9cac188d2 for RaftStorage:Storage Directory /workdir/hadoop-ozone/integration-test/target/test-dir/MiniOzoneClusterImpl-838a7ec2-4afb-4d68-8138-46fa65bc7e11/datanode-4/data/ratis/fba8167c-1b87-4e2d-a3eb-9bd9cac188d2
2019-09-12 10:53:02,337 [pool-71-thread-1] INFO  server.RaftServerConfigKeys (ConfUtils.java:logGet(43)) - raft.server.log.queue.byte-limit = 2147483647 (custom)
2019-09-12 10:53:02,337 [pool-71-thread-1] INFO  server.RaftServerConfigKeys (ConfUtils.java:logGet(43)) - raft.server.log.queue.element-limit = 1024 (custom)
2019-09-12 10:53:02,337 [pool-71-thread-1] INFO  server.RaftServerConfigKeys (ConfUtils.java:logGet(43)) - raft.server.log.segment.size.max = 1048576 (custom)
2019-09-12 10:53:02,337 [pool-71-thread-1] INFO  server.RaftServerConfigKeys (ConfUtils.java:logGet(43)) - raft.server.log.preallocated.size = 16384 (custom)
2019-09-12 10:53:02,338 [pool-71-thread-1] INFO  server.RaftServerConfigKeys (ConfUtils.java:logGet(43)) - raft.server.log.write.buffer.size = 33554432 (custom)
2019-09-12 10:53:02,338 [pool-71-thread-1] INFO  server.RaftServerConfigKeys (ConfUtils.java:logGet(43)) - raft.server.log.force.sync.num = 128 (default)
2019-09-12 10:53:02,338 [pool-71-thread-1] INFO  server.RaftServerConfigKeys (ConfUtils.java:logGet(43)) - raft.server.log.statemachine.data.sync = true (default)
2019-09-12 10:53:02,338 [pool-71-thread-1] INFO  server.RaftServerConfigKeys (ConfUtils.java:logGet(43)) - raft.server.log.statemachine.data.sync.timeout = 10s (default)
2019-09-12 10:53:02,338 [pool-71-thread-1] INFO  server.RaftServerConfigKeys (ConfUtils.java:logGet(43)) - raft.server.log.statemachine.data.sync.timeout.retry = -1 (default)
2019-09-12 10:53:02,339 [pool-71-thread-1] INFO  server.RaftServerConfigKeys (ConfUtils.java:logGet(43)) - raft.server.log.statemachine.data.caching.enabled = true (custom)
2019-09-12 10:53:02,339 [pool-71-thread-1] INFO  segmented.SegmentedRaftLogWorker (SegmentedRaftLogWorker.java:lambda$new$0(132)) - 8d69d0c9-c816-414c-ba1a-8b3ab85fb900-SegmentedRaftLogWorker:Storage Directory /workdir/hadoop-ozone/integration-test/target/test-dir/MiniOzoneClusterImpl-838a7ec2-4afb-4d68-8138-46fa65bc7e11/datanode-4/data/ratis/fba8167c-1b87-4e2d-a3eb-9bd9cac188d2: flushIndex: setUnconditionally 0 -> -1
2019-09-12 10:53:02,339 [pool-71-thread-1] INFO  server.RaftServerConfigKeys (ConfUtils.java:logGet(43)) - raft.server.snapshot.auto.trigger.enabled = true (custom)
2019-09-12 10:53:02,340 [pool-71-thread-1] INFO  server.RaftServerConfigKeys (ConfUtils.java:logGet(43)) - raft.server.snapshot.auto.trigger.threshold = 10000 (custom)
2019-09-12 10:53:02,340 [pool-71-thread-1] INFO  server.RaftServerConfigKeys (ConfUtils.java:logGet(43)) - raft.server.retrycache.expirytime = 600000ms (custom)
2019-09-12 10:53:02,340 [pool-71-thread-1] INFO  impl.RaftServerImpl (RaftServerImpl.java:start(180)) - 8d69d0c9-c816-414c-ba1a-8b3ab85fb900: start group-9BD9CAC188D2
2019-09-12 10:53:02,340 [pool-71-thread-1] INFO  impl.RaftServerImpl (RaftServerImpl.java:setRole(171)) - 8d69d0c9-c816-414c-ba1a-8b3ab85fb900:group-9BD9CAC188D2 changes role from null to FOLLOWER at term 0 for startAsFollower
2019-09-12 10:53:02,341 [pool-71-thread-1] INFO  impl.RoleInfo (RoleInfo.java:updateAndGet(143)) - 8d69d0c9-c816-414c-ba1a-8b3ab85fb900: start FollowerState
2019-09-12 10:53:02,341 [pool-71-thread-1] INFO  util.JmxRegister (JmxRegister.java:tryRegister(44)) - Successfully registered JMX Bean with object name Ratis:service=RaftServer,group=group-9BD9CAC188D2,id=8d69d0c9-c816-414c-ba1a-8b3ab85fb900
2019-09-12 10:53:02,346 [RatisPipelineUtilsThread] INFO  pipeline.PipelineStateManager (PipelineStateManager.java:addPipeline(56)) - Created pipeline Pipeline[ Id: fba8167c-1b87-4e2d-a3eb-9bd9cac188d2, Nodes: 8d69d0c9-c816-414c-ba1a-8b3ab85fb900{ip: 192.168.157.195, host: pr-hdds-1569-xtfnx-3545843844, networkLocation: /default-rack, certSerialId: null}, Type:RATIS, Factor:ONE, State:OPEN]
2019-09-12 10:53:02,347 [RatisPipelineUtilsThread] ERROR pipeline.PipelinePlacementPolicy (PipelinePlacementPolicy.java:meetCriteria(91)) - Pipeline Placement: Doesn't meet the criteria to be viable node. Heaviness: 6
2019-09-12 10:53:02,347 [RatisPipelineUtilsThread] ERROR pipeline.PipelinePlacementPolicy (PipelinePlacementPolicy.java:meetCriteria(91)) - Pipeline Placement: Doesn't meet the criteria to be viable node. Heaviness: 6
2019-09-12 10:53:02,357 [grpc-default-executor-0] INFO  impl.RaftServerProxy (RaftServerProxy.java:addNew(89)) - 005a1424-1186-4d58-b0b5-fdf3e953d666: addNew group-61037248A5F4:[005a1424-1186-4d58-b0b5-fdf3e953d666:192.168.157.195:33930] returns group-61037248A5F4:java.util.concurrent.CompletableFuture@6a84b03e[Not completed]
2019-09-12 10:53:02,353 | INFO  | OMAudit | user=jenkins1000 | ip=127.0.0.1 | op=CREATE_VOLUME {admin=jenkins1000, owner=jenkins1000, volume=datanodefailurehandlingtest, creationTime=1568285582342, quotaInBytes=1152921504606846976} | ret=SUCCESS |  
2019-09-12 10:53:02,358 [pool-93-thread-1] INFO  impl.RaftServerImpl (RaftServerImpl.java:<init>(93)) - 005a1424-1186-4d58-b0b5-fdf3e953d666: new RaftServerImpl for group-61037248A5F4:[005a1424-1186-4d58-b0b5-fdf3e953d666:192.168.157.195:33930] with ContainerStateMachine:uninitialized
2019-09-12 10:53:02,358 [pool-93-thread-1] INFO  server.RaftServerConfigKeys (ConfUtils.java:logGet(43)) - raft.server.rpc.timeout.min = 1s (custom)
2019-09-12 10:53:02,358 [pool-93-thread-1] INFO  server.RaftServerConfigKeys (ConfUtils.java:logGet(43)) - raft.server.rpc.timeout.max = 1200ms (custom)
2019-09-12 10:53:02,359 [pool-93-thread-1] INFO  server.RaftServerConfigKeys (ConfUtils.java:logGet(43)) - raft.server.rpcslowness.timeout = 120s (custom)
2019-09-12 10:53:02,359 [pool-93-thread-1] INFO  server.RaftServerConfigKeys (ConfUtils.java:logGet(43)) - raft.server.sleep.deviation.threshold = 300 (default)
2019-09-12 10:53:02,359 [pool-93-thread-1] INFO  server.RaftServerConfigKeys (ConfUtils.java:logGet(43)) - raft.server.log.appender.install.snapshot.enabled = false (custom)
2019-09-12 10:53:02,359 [pool-93-thread-1] INFO  impl.RaftServerImpl (ServerState.java:<init>(105)) - 005a1424-1186-4d58-b0b5-fdf3e953d666:group-61037248A5F4 ConfigurationManager, init=-1: [005a1424-1186-4d58-b0b5-fdf3e953d666:192.168.157.195:33930], old=null, confs=<EMPTY_MAP>
2019-09-12 10:53:02,361 [pool-93-thread-1] INFO  server.RaftServerConfigKeys (ConfUtils.java:logGet(43)) - raft.server.storage.dir = [/workdir/hadoop-ozone/integration-test/target/test-dir/MiniOzoneClusterImpl-838a7ec2-4afb-4d68-8138-46fa65bc7e11/datanode-6/data/ratis] (custom)
2019-09-12 10:53:02,361 [e4f93bd3-fff9-4926-9bf8-61056d59521f:group-00465F3C11D2:LeaderElection20] INFO  impl.LeaderElection (LeaderElection.java:askForVotes(181)) - e4f93bd3-fff9-4926-9bf8-61056d59521f:group-00465F3C11D2:LeaderElection20: begin an election at term 1 for -1: [e4f93bd3-fff9-4926-9bf8-61056d59521f:192.168.157.195:41370], old=null
2019-09-12 10:53:02,361 [pool-93-thread-1] INFO  storage.RaftStorageDirectory (RaftStorageDirectory.java:analyzeStorage(246)) - The storage directory /workdir/hadoop-ozone/integration-test/target/test-dir/MiniOzoneClusterImpl-838a7ec2-4afb-4d68-8138-46fa65bc7e11/datanode-6/data/ratis/65541501-b917-4c4b-8c65-61037248a5f4 does not exist. Creating ...
2019-09-12 10:53:02,361 [e4f93bd3-fff9-4926-9bf8-61056d59521f:group-00465F3C11D2:LeaderElection20] INFO  impl.RoleInfo (RoleInfo.java:shutdownLeaderElection(134)) - e4f93bd3-fff9-4926-9bf8-61056d59521f: shutdown LeaderElection
2019-09-12 10:53:02,361 [e4f93bd3-fff9-4926-9bf8-61056d59521f:group-00465F3C11D2:LeaderElection20] INFO  impl.RaftServerImpl (RaftServerImpl.java:setRole(171)) - e4f93bd3-fff9-4926-9bf8-61056d59521f:group-00465F3C11D2 changes role from CANDIDATE to LEADER at term 1 for changeToLeader
2019-09-12 10:53:02,362 [e4f93bd3-fff9-4926-9bf8-61056d59521f:group-00465F3C11D2:LeaderElection20] INFO  impl.RaftServerImpl (ServerState.java:setLeader(263)) - e4f93bd3-fff9-4926-9bf8-61056d59521f:group-00465F3C11D2 change Leader from null to e4f93bd3-fff9-4926-9bf8-61056d59521f at term 1 for becomeLeader, leader elected after 1244ms
2019-09-12 10:53:02,362 [e4f93bd3-fff9-4926-9bf8-61056d59521f:group-00465F3C11D2:LeaderElection20] INFO  server.RaftServerConfigKeys (ConfUtils.java:logGet(43)) - raft.server.staging.catchup.gap = 1000 (default)
2019-09-12 10:53:02,362 [e4f93bd3-fff9-4926-9bf8-61056d59521f:group-00465F3C11D2:LeaderElection20] INFO  server.RaftServerConfigKeys (ConfUtils.java:logGet(43)) - raft.server.rpc.sleep.time = 25ms (default)
2019-09-12 10:53:02,362 [e4f93bd3-fff9-4926-9bf8-61056d59521f:group-00465F3C11D2:LeaderElection20] INFO  server.RaftServerConfigKeys (ConfUtils.java:logGet(43)) - raft.server.write.element-limit = 4096 (default)
2019-09-12 10:53:02,362 [e4f93bd3-fff9-4926-9bf8-61056d59521f:group-00465F3C11D2:LeaderElection20] INFO  server.RaftServerConfigKeys (ConfUtils.java:logGet(43)) - raft.server.watch.timeout = 10s (default)
2019-09-12 10:53:02,362 [e4f93bd3-fff9-4926-9bf8-61056d59521f:group-00465F3C11D2:LeaderElection20] INFO  server.RaftServerConfigKeys (ConfUtils.java:logGet(43)) - raft.server.watch.timeout.denomination = 1s (default)
2019-09-12 10:53:02,363 [e4f93bd3-fff9-4926-9bf8-61056d59521f:group-00465F3C11D2:LeaderElection20] INFO  server.RaftServerConfigKeys (ConfUtils.java:logGet(43)) - raft.server.watch.element-limit = 65536 (default)
2019-09-12 10:53:02,363 [e4f93bd3-fff9-4926-9bf8-61056d59521f:group-00465F3C11D2:LeaderElection20] INFO  impl.RoleInfo (RoleInfo.java:updateAndGet(143)) - e4f93bd3-fff9-4926-9bf8-61056d59521f: start LeaderState
2019-09-12 10:53:02,363 [e4f93bd3-fff9-4926-9bf8-61056d59521f:group-00465F3C11D2:LeaderElection20] INFO  segmented.SegmentedRaftLogWorker (SegmentedRaftLogWorker.java:startLogSegment(380)) - e4f93bd3-fff9-4926-9bf8-61056d59521f-SegmentedRaftLogWorker:Storage Directory /workdir/hadoop-ozone/integration-test/target/test-dir/MiniOzoneClusterImpl-838a7ec2-4afb-4d68-8138-46fa65bc7e11/datanode-3/data/ratis/7e0cd569-3b75-4906-acf0-00465f3c11d2: Starting segment from index:0
2019-09-12 10:53:02,364 [e4f93bd3-fff9-4926-9bf8-61056d59521f:group-00465F3C11D2:LeaderElection20] INFO  impl.RaftServerImpl (ServerState.java:setRaftConf(361)) - e4f93bd3-fff9-4926-9bf8-61056d59521f:group-00465F3C11D2 set configuration 0: [e4f93bd3-fff9-4926-9bf8-61056d59521f:192.168.157.195:41370], old=null at 0
2019-09-12 10:53:02,390 [pool-93-thread-1] INFO  storage.RaftStorageDirectory (RaftStorageDirectory.java:tryLock(328)) - Lock on /workdir/hadoop-ozone/integration-test/target/test-dir/MiniOzoneClusterImpl-838a7ec2-4afb-4d68-8138-46fa65bc7e11/datanode-6/data/ratis/65541501-b917-4c4b-8c65-61037248a5f4/in_use.lock acquired by nodename 620@pr-hdds-1569-xtfnx-3545843844
2019-09-12 10:53:02,407 [e4f93bd3-fff9-4926-9bf8-61056d59521f-SegmentedRaftLogWorker:Storage Directory /workdir/hadoop-ozone/integration-test/target/test-dir/MiniOzoneClusterImpl-838a7ec2-4afb-4d68-8138-46fa65bc7e11/datanode-3/data/ratis/7e0cd569-3b75-4906-acf0-00465f3c11d2] INFO  segmented.SegmentedRaftLogWorker (SegmentedRaftLogWorker.java:execute(569)) - e4f93bd3-fff9-4926-9bf8-61056d59521f-SegmentedRaftLogWorker:Storage Directory /workdir/hadoop-ozone/integration-test/target/test-dir/MiniOzoneClusterImpl-838a7ec2-4afb-4d68-8138-46fa65bc7e11/datanode-3/data/ratis/7e0cd569-3b75-4906-acf0-00465f3c11d2: created new log segment /workdir/hadoop-ozone/integration-test/target/test-dir/MiniOzoneClusterImpl-838a7ec2-4afb-4d68-8138-46fa65bc7e11/datanode-3/data/ratis/7e0cd569-3b75-4906-acf0-00465f3c11d2/current/log_inprogress_0
2019-09-12 10:53:02,417 | INFO  | SCMAudit | user=jenkins1000 | ip=192.168.157.195 | op=SEND_HEARTBEAT {datanodeUUID=9dc3d9e1-35df-4da5-a2c1-5b39dd910295, command=[]} | ret=SUCCESS |  
2019-09-12 10:53:02,428 [Thread-357] INFO  impl.FollowerState (FollowerState.java:run(106)) - c17d4de2-caaf-4ec0-b997-c9cf8b2a9041:group-82C6F8A9D109 changes to CANDIDATE, lastRpcTime:1182, electionTimeout:1181ms
2019-09-12 10:53:02,428 [Thread-357] INFO  impl.RoleInfo (RoleInfo.java:shutdownFollowerState(121)) - c17d4de2-caaf-4ec0-b997-c9cf8b2a9041: shutdown FollowerState
2019-09-12 10:53:02,428 [pool-93-thread-1] INFO  storage.RaftStorage (RaftStorage.java:format(72)) - Storage directory /workdir/hadoop-ozone/integration-test/target/test-dir/MiniOzoneClusterImpl-838a7ec2-4afb-4d68-8138-46fa65bc7e11/datanode-6/data/ratis/65541501-b917-4c4b-8c65-61037248a5f4 has been successfully formatted.
2019-09-12 10:53:02,432 | INFO  | OMAudit | user=jenkins1000 | ip=127.0.0.1 | op=READ_VOLUME {volume=datanodefailurehandlingtest} | ret=SUCCESS |  
2019-09-12 10:53:02,428 [Thread-357] INFO  impl.RaftServerImpl (RaftServerImpl.java:setRole(171)) - c17d4de2-caaf-4ec0-b997-c9cf8b2a9041:group-82C6F8A9D109 changes role from FOLLOWER to CANDIDATE at term 0 for changeToCandidate
2019-09-12 10:53:02,433 [Thread-357] INFO  impl.RoleInfo (RoleInfo.java:updateAndGet(143)) - c17d4de2-caaf-4ec0-b997-c9cf8b2a9041: start LeaderElection
2019-09-12 10:53:02,433 [pool-93-thread-1] INFO  ratis.ContainerStateMachine (ContainerStateMachine.java:loadSnapshot(226)) - group-61037248A5F4: The snapshot info is null. Setting the last applied indexto:(t:0, i:~)
2019-09-12 10:53:02,436 | INFO  | SCMAudit | user=jenkins1000 | ip=192.168.157.195 | op=SEND_HEARTBEAT {datanodeUUID=3aa8f21e-cbc0-493e-b8ca-fbb3b21697d5, command=[]} | ret=SUCCESS |  
2019-09-12 10:53:02,436 [pool-93-thread-1] INFO  server.RaftServerConfigKeys (ConfUtils.java:logGet(43)) - raft.server.leader.election.timeout = 120s (custom)
2019-09-12 10:53:02,437 [pool-93-thread-1] INFO  server.RaftServerConfigKeys (ConfUtils.java:logGet(43)) - raft.server.log.use.memory = false (default)
2019-09-12 10:53:02,437 [pool-93-thread-1] INFO  server.RaftServerConfigKeys (ConfUtils.java:logGet(43)) - raft.server.log.purge.gap = 1000000 (custom)
2019-09-12 10:53:02,437 [pool-93-thread-1] INFO  server.RaftServerConfigKeys (ConfUtils.java:logGet(43)) - raft.server.log.appender.buffer.byte-limit = 33554432 (custom)
2019-09-12 10:53:02,437 [pool-93-thread-1] INFO  server.RaftServerConfigKeys (ConfUtils.java:logGet(43)) - raft.server.log.segment.size.max = 1048576 (custom)
2019-09-12 10:53:02,437 [pool-93-thread-1] INFO  server.RaftServerConfigKeys (ConfUtils.java:logGet(43)) - raft.server.log.segment.cache.num.max = 2 (custom)
2019-09-12 10:53:02,438 [pool-93-thread-1] INFO  segmented.SegmentedRaftLogWorker (SegmentedRaftLogWorker.java:<init>(172)) - new 005a1424-1186-4d58-b0b5-fdf3e953d666-SegmentedRaftLogWorker:Storage Directory /workdir/hadoop-ozone/integration-test/target/test-dir/MiniOzoneClusterImpl-838a7ec2-4afb-4d68-8138-46fa65bc7e11/datanode-6/data/ratis/65541501-b917-4c4b-8c65-61037248a5f4 for RaftStorage:Storage Directory /workdir/hadoop-ozone/integration-test/target/test-dir/MiniOzoneClusterImpl-838a7ec2-4afb-4d68-8138-46fa65bc7e11/datanode-6/data/ratis/65541501-b917-4c4b-8c65-61037248a5f4
2019-09-12 10:53:02,438 [pool-93-thread-1] INFO  server.RaftServerConfigKeys (ConfUtils.java:logGet(43)) - raft.server.log.queue.byte-limit = 2147483647 (custom)
2019-09-12 10:53:02,438 [pool-93-thread-1] INFO  server.RaftServerConfigKeys (ConfUtils.java:logGet(43)) - raft.server.log.queue.element-limit = 1024 (custom)
2019-09-12 10:53:02,438 [pool-93-thread-1] INFO  server.RaftServerConfigKeys (ConfUtils.java:logGet(43)) - raft.server.log.segment.size.max = 1048576 (custom)
2019-09-12 10:53:02,438 [pool-93-thread-1] INFO  server.RaftServerConfigKeys (ConfUtils.java:logGet(43)) - raft.server.log.preallocated.size = 16384 (custom)
2019-09-12 10:53:02,439 [pool-93-thread-1] INFO  server.RaftServerConfigKeys (ConfUtils.java:logGet(43)) - raft.server.log.write.buffer.size = 33554432 (custom)
2019-09-12 10:53:02,439 [pool-93-thread-1] INFO  server.RaftServerConfigKeys (ConfUtils.java:logGet(43)) - raft.server.log.force.sync.num = 128 (default)
2019-09-12 10:53:02,439 [pool-93-thread-1] INFO  server.RaftServerConfigKeys (ConfUtils.java:logGet(43)) - raft.server.log.statemachine.data.sync = true (default)
2019-09-12 10:53:02,439 [pool-93-thread-1] INFO  server.RaftServerConfigKeys (ConfUtils.java:logGet(43)) - raft.server.log.statemachine.data.sync.timeout = 10s (default)
2019-09-12 10:53:02,439 [pool-93-thread-1] INFO  server.RaftServerConfigKeys (ConfUtils.java:logGet(43)) - raft.server.log.statemachine.data.sync.timeout.retry = -1 (default)
2019-09-12 10:53:02,440 [pool-93-thread-1] INFO  server.RaftServerConfigKeys (ConfUtils.java:logGet(43)) - raft.server.log.statemachine.data.caching.enabled = true (custom)
2019-09-12 10:53:02,440 [pool-93-thread-1] INFO  segmented.SegmentedRaftLogWorker (SegmentedRaftLogWorker.java:lambda$new$0(132)) - 005a1424-1186-4d58-b0b5-fdf3e953d666-SegmentedRaftLogWorker:Storage Directory /workdir/hadoop-ozone/integration-test/target/test-dir/MiniOzoneClusterImpl-838a7ec2-4afb-4d68-8138-46fa65bc7e11/datanode-6/data/ratis/65541501-b917-4c4b-8c65-61037248a5f4: flushIndex: setUnconditionally 0 -> -1
2019-09-12 10:53:02,440 [pool-93-thread-1] INFO  server.RaftServerConfigKeys (ConfUtils.java:logGet(43)) - raft.server.snapshot.auto.trigger.enabled = true (custom)
2019-09-12 10:53:02,440 [pool-93-thread-1] INFO  server.RaftServerConfigKeys (ConfUtils.java:logGet(43)) - raft.server.snapshot.auto.trigger.threshold = 10000 (custom)
2019-09-12 10:53:02,441 [pool-93-thread-1] INFO  server.RaftServerConfigKeys (ConfUtils.java:logGet(43)) - raft.server.retrycache.expirytime = 600000ms (custom)
2019-09-12 10:53:02,441 [pool-93-thread-1] INFO  impl.RaftServerImpl (RaftServerImpl.java:start(180)) - 005a1424-1186-4d58-b0b5-fdf3e953d666: start group-61037248A5F4
2019-09-12 10:53:02,441 [pool-93-thread-1] INFO  impl.RaftServerImpl (RaftServerImpl.java:setRole(171)) - 005a1424-1186-4d58-b0b5-fdf3e953d666:group-61037248A5F4 changes role from null to FOLLOWER at term 0 for startAsFollower
2019-09-12 10:53:02,441 [pool-93-thread-1] INFO  impl.RoleInfo (RoleInfo.java:updateAndGet(143)) - 005a1424-1186-4d58-b0b5-fdf3e953d666: start FollowerState
2019-09-12 10:53:02,442 [pool-93-thread-1] INFO  util.JmxRegister (JmxRegister.java:tryRegister(44)) - Successfully registered JMX Bean with object name Ratis:service=RaftServer,group=group-61037248A5F4,id=005a1424-1186-4d58-b0b5-fdf3e953d666
2019-09-12 10:53:02,442 [main] INFO  rpc.RpcClient (RpcClient.java:createBucket(432)) - Creating Bucket: datanodefailurehandlingtest/datanodefailurehandlingtest, with Versioning false and Storage Type set to DISK and Encryption set to false 
2019-09-12 10:53:02,448 [RatisPipelineUtilsThread] INFO  pipeline.PipelineStateManager (PipelineStateManager.java:addPipeline(56)) - Created pipeline Pipeline[ Id: 65541501-b917-4c4b-8c65-61037248a5f4, Nodes: 005a1424-1186-4d58-b0b5-fdf3e953d666{ip: 192.168.157.195, host: pr-hdds-1569-xtfnx-3545843844, networkLocation: /default-rack, certSerialId: null}, Type:RATIS, Factor:ONE, State:OPEN]
2019-09-12 10:53:02,448 [RatisPipelineUtilsThread] ERROR pipeline.PipelinePlacementPolicy (PipelinePlacementPolicy.java:meetCriteria(91)) - Pipeline Placement: Doesn't meet the criteria to be viable node. Heaviness: 6
2019-09-12 10:53:02,448 [RatisPipelineUtilsThread] ERROR pipeline.PipelinePlacementPolicy (PipelinePlacementPolicy.java:meetCriteria(91)) - Pipeline Placement: Doesn't meet the criteria to be viable node. Heaviness: 6
2019-09-12 10:53:02,450 [c17d4de2-caaf-4ec0-b997-c9cf8b2a9041:group-82C6F8A9D109:LeaderElection21] INFO  impl.LeaderElection (LeaderElection.java:askForVotes(181)) - c17d4de2-caaf-4ec0-b997-c9cf8b2a9041:group-82C6F8A9D109:LeaderElection21: begin an election at term 1 for -1: [c17d4de2-caaf-4ec0-b997-c9cf8b2a9041:192.168.157.195:41944], old=null
2019-09-12 10:53:02,453 [c17d4de2-caaf-4ec0-b997-c9cf8b2a9041:group-82C6F8A9D109:LeaderElection21] INFO  impl.RoleInfo (RoleInfo.java:shutdownLeaderElection(134)) - c17d4de2-caaf-4ec0-b997-c9cf8b2a9041: shutdown LeaderElection
2019-09-12 10:53:02,453 [c17d4de2-caaf-4ec0-b997-c9cf8b2a9041:group-82C6F8A9D109:LeaderElection21] INFO  impl.RaftServerImpl (RaftServerImpl.java:setRole(171)) - c17d4de2-caaf-4ec0-b997-c9cf8b2a9041:group-82C6F8A9D109 changes role from CANDIDATE to LEADER at term 1 for changeToLeader
2019-09-12 10:53:02,453 [c17d4de2-caaf-4ec0-b997-c9cf8b2a9041:group-82C6F8A9D109:LeaderElection21] INFO  impl.RaftServerImpl (ServerState.java:setLeader(263)) - c17d4de2-caaf-4ec0-b997-c9cf8b2a9041:group-82C6F8A9D109 change Leader from null to c17d4de2-caaf-4ec0-b997-c9cf8b2a9041 at term 1 for becomeLeader, leader elected after 1217ms
2019-09-12 10:53:02,453 [c17d4de2-caaf-4ec0-b997-c9cf8b2a9041:group-82C6F8A9D109:LeaderElection21] INFO  server.RaftServerConfigKeys (ConfUtils.java:logGet(43)) - raft.server.staging.catchup.gap = 1000 (default)
2019-09-12 10:53:02,454 [c17d4de2-caaf-4ec0-b997-c9cf8b2a9041:group-82C6F8A9D109:LeaderElection21] INFO  server.RaftServerConfigKeys (ConfUtils.java:logGet(43)) - raft.server.rpc.sleep.time = 25ms (default)
2019-09-12 10:53:02,454 [c17d4de2-caaf-4ec0-b997-c9cf8b2a9041:group-82C6F8A9D109:LeaderElection21] INFO  server.RaftServerConfigKeys (ConfUtils.java:logGet(43)) - raft.server.write.element-limit = 4096 (default)
2019-09-12 10:53:02,454 [c17d4de2-caaf-4ec0-b997-c9cf8b2a9041:group-82C6F8A9D109:LeaderElection21] INFO  server.RaftServerConfigKeys (ConfUtils.java:logGet(43)) - raft.server.watch.timeout = 10s (default)
2019-09-12 10:53:02,454 [c17d4de2-caaf-4ec0-b997-c9cf8b2a9041:group-82C6F8A9D109:LeaderElection21] INFO  server.RaftServerConfigKeys (ConfUtils.java:logGet(43)) - raft.server.watch.timeout.denomination = 1s (default)
2019-09-12 10:53:02,454 [c17d4de2-caaf-4ec0-b997-c9cf8b2a9041:group-82C6F8A9D109:LeaderElection21] INFO  server.RaftServerConfigKeys (ConfUtils.java:logGet(43)) - raft.server.watch.element-limit = 65536 (default)
2019-09-12 10:53:02,455 [c17d4de2-caaf-4ec0-b997-c9cf8b2a9041:group-82C6F8A9D109:LeaderElection21] INFO  impl.RoleInfo (RoleInfo.java:updateAndGet(143)) - c17d4de2-caaf-4ec0-b997-c9cf8b2a9041: start LeaderState
2019-09-12 10:53:02,455 [c17d4de2-caaf-4ec0-b997-c9cf8b2a9041:group-82C6F8A9D109:LeaderElection21] INFO  segmented.SegmentedRaftLogWorker (SegmentedRaftLogWorker.java:startLogSegment(380)) - c17d4de2-caaf-4ec0-b997-c9cf8b2a9041-SegmentedRaftLogWorker:Storage Directory /workdir/hadoop-ozone/integration-test/target/test-dir/MiniOzoneClusterImpl-838a7ec2-4afb-4d68-8138-46fa65bc7e11/datanode-8/data/ratis/a8ab20be-451a-4106-9c8d-82c6f8a9d109: Starting segment from index:0
2019-09-12 10:53:02,455 [c17d4de2-caaf-4ec0-b997-c9cf8b2a9041:group-82C6F8A9D109:LeaderElection21] INFO  impl.RaftServerImpl (ServerState.java:setRaftConf(361)) - c17d4de2-caaf-4ec0-b997-c9cf8b2a9041:group-82C6F8A9D109 set configuration 0: [c17d4de2-caaf-4ec0-b997-c9cf8b2a9041:192.168.157.195:41944], old=null at 0
2019-09-12 10:53:02,497 [grpc-default-executor-0] INFO  impl.RaftServerProxy (RaftServerProxy.java:addNew(89)) - 35ed61f3-e470-497f-b63f-7decb4cef9e0: addNew group-C645397DD5C0:[35ed61f3-e470-497f-b63f-7decb4cef9e0:192.168.157.195:33043] returns group-C645397DD5C0:java.util.concurrent.CompletableFuture@2d8ef865[Not completed]
2019-09-12 10:53:02,500 [pool-104-thread-1] INFO  impl.RaftServerImpl (RaftServerImpl.java:<init>(93)) - 35ed61f3-e470-497f-b63f-7decb4cef9e0: new RaftServerImpl for group-C645397DD5C0:[35ed61f3-e470-497f-b63f-7decb4cef9e0:192.168.157.195:33043] with ContainerStateMachine:uninitialized
2019-09-12 10:53:02,501 [pool-104-thread-1] INFO  server.RaftServerConfigKeys (ConfUtils.java:logGet(43)) - raft.server.rpc.timeout.min = 1s (custom)
2019-09-12 10:53:02,501 [pool-104-thread-1] INFO  server.RaftServerConfigKeys (ConfUtils.java:logGet(43)) - raft.server.rpc.timeout.max = 1200ms (custom)
2019-09-12 10:53:02,501 [pool-104-thread-1] INFO  server.RaftServerConfigKeys (ConfUtils.java:logGet(43)) - raft.server.rpcslowness.timeout = 120s (custom)
2019-09-12 10:53:02,501 [pool-104-thread-1] INFO  server.RaftServerConfigKeys (ConfUtils.java:logGet(43)) - raft.server.sleep.deviation.threshold = 300 (default)
2019-09-12 10:53:02,501 [pool-104-thread-1] INFO  server.RaftServerConfigKeys (ConfUtils.java:logGet(43)) - raft.server.log.appender.install.snapshot.enabled = false (custom)
2019-09-12 10:53:02,501 [pool-104-thread-1] INFO  impl.RaftServerImpl (ServerState.java:<init>(105)) - 35ed61f3-e470-497f-b63f-7decb4cef9e0:group-C645397DD5C0 ConfigurationManager, init=-1: [35ed61f3-e470-497f-b63f-7decb4cef9e0:192.168.157.195:33043], old=null, confs=<EMPTY_MAP>
2019-09-12 10:53:02,501 [pool-104-thread-1] INFO  server.RaftServerConfigKeys (ConfUtils.java:logGet(43)) - raft.server.storage.dir = [/workdir/hadoop-ozone/integration-test/target/test-dir/MiniOzoneClusterImpl-838a7ec2-4afb-4d68-8138-46fa65bc7e11/datanode-7/data/ratis] (custom)
2019-09-12 10:53:02,502 [pool-104-thread-1] INFO  storage.RaftStorageDirectory (RaftStorageDirectory.java:analyzeStorage(246)) - The storage directory /workdir/hadoop-ozone/integration-test/target/test-dir/MiniOzoneClusterImpl-838a7ec2-4afb-4d68-8138-46fa65bc7e11/datanode-7/data/ratis/5dd38eab-0993-4c8a-ac97-c645397dd5c0 does not exist. Creating ...
2019-09-12 10:53:02,506 | INFO  | OMAudit | user=jenkins1000 | ip=127.0.0.1 | op=CREATE_BUCKET {volume=datanodefailurehandlingtest, bucket=datanodefailurehandlingtest, acls=[user:jenkins1000:a[ACCESS], group:default:a[ACCESS]], isVersionEnabled=false, storageType=DISK, creationTime=0} | ret=SUCCESS |  
2019-09-12 10:53:02,513 [c17d4de2-caaf-4ec0-b997-c9cf8b2a9041-SegmentedRaftLogWorker:Storage Directory /workdir/hadoop-ozone/integration-test/target/test-dir/MiniOzoneClusterImpl-838a7ec2-4afb-4d68-8138-46fa65bc7e11/datanode-8/data/ratis/a8ab20be-451a-4106-9c8d-82c6f8a9d109] INFO  segmented.SegmentedRaftLogWorker (SegmentedRaftLogWorker.java:execute(569)) - c17d4de2-caaf-4ec0-b997-c9cf8b2a9041-SegmentedRaftLogWorker:Storage Directory /workdir/hadoop-ozone/integration-test/target/test-dir/MiniOzoneClusterImpl-838a7ec2-4afb-4d68-8138-46fa65bc7e11/datanode-8/data/ratis/a8ab20be-451a-4106-9c8d-82c6f8a9d109: created new log segment /workdir/hadoop-ozone/integration-test/target/test-dir/MiniOzoneClusterImpl-838a7ec2-4afb-4d68-8138-46fa65bc7e11/datanode-8/data/ratis/a8ab20be-451a-4106-9c8d-82c6f8a9d109/current/log_inprogress_0
2019-09-12 10:53:02,514 | INFO  | OMAudit | user=jenkins1000 | ip=127.0.0.1 | op=READ_VOLUME {volume=datanodefailurehandlingtest} | ret=SUCCESS |  
2019-09-12 10:53:02,520 | INFO  | OMAudit | user=jenkins1000 | ip=127.0.0.1 | op=READ_BUCKET {volume=datanodefailurehandlingtest, bucket=datanodefailurehandlingtest} | ret=SUCCESS |  
2019-09-12 10:53:02,528 [pool-104-thread-1] INFO  storage.RaftStorageDirectory (RaftStorageDirectory.java:tryLock(328)) - Lock on /workdir/hadoop-ozone/integration-test/target/test-dir/MiniOzoneClusterImpl-838a7ec2-4afb-4d68-8138-46fa65bc7e11/datanode-7/data/ratis/5dd38eab-0993-4c8a-ac97-c645397dd5c0/in_use.lock acquired by nodename 620@pr-hdds-1569-xtfnx-3545843844
2019-09-12 10:53:02,531 [Thread-362] INFO  impl.FollowerState (FollowerState.java:run(106)) - 9dc3d9e1-35df-4da5-a2c1-5b39dd910295:group-EF214DC12147 changes to CANDIDATE, lastRpcTime:1160, electionTimeout:1160ms
2019-09-12 10:53:02,531 [Thread-362] INFO  impl.RoleInfo (RoleInfo.java:shutdownFollowerState(121)) - 9dc3d9e1-35df-4da5-a2c1-5b39dd910295: shutdown FollowerState
2019-09-12 10:53:02,531 [Thread-362] INFO  impl.RaftServerImpl (RaftServerImpl.java:setRole(171)) - 9dc3d9e1-35df-4da5-a2c1-5b39dd910295:group-EF214DC12147 changes role from FOLLOWER to CANDIDATE at term 0 for changeToCandidate
2019-09-12 10:53:02,531 [Thread-362] INFO  impl.RoleInfo (RoleInfo.java:updateAndGet(143)) - 9dc3d9e1-35df-4da5-a2c1-5b39dd910295: start LeaderElection
2019-09-12 10:53:02,545 [Thread-367] INFO  impl.FollowerState (FollowerState.java:run(106)) - 8d69d0c9-c816-414c-ba1a-8b3ab85fb900:group-E63E8C9D367A changes to CANDIDATE, lastRpcTime:1082, electionTimeout:1082ms
2019-09-12 10:53:02,545 [Thread-367] INFO  impl.RoleInfo (RoleInfo.java:shutdownFollowerState(121)) - 8d69d0c9-c816-414c-ba1a-8b3ab85fb900: shutdown FollowerState
2019-09-12 10:53:02,545 [Thread-367] INFO  impl.RaftServerImpl (RaftServerImpl.java:setRole(171)) - 8d69d0c9-c816-414c-ba1a-8b3ab85fb900:group-E63E8C9D367A changes role from FOLLOWER to CANDIDATE at term 0 for changeToCandidate
2019-09-12 10:53:02,545 [Thread-367] INFO  impl.RoleInfo (RoleInfo.java:updateAndGet(143)) - 8d69d0c9-c816-414c-ba1a-8b3ab85fb900: start LeaderElection
2019-09-12 10:53:02,553 [pool-104-thread-1] INFO  storage.RaftStorage (RaftStorage.java:format(72)) - Storage directory /workdir/hadoop-ozone/integration-test/target/test-dir/MiniOzoneClusterImpl-838a7ec2-4afb-4d68-8138-46fa65bc7e11/datanode-7/data/ratis/5dd38eab-0993-4c8a-ac97-c645397dd5c0 has been successfully formatted.
2019-09-12 10:53:02,553 [9dc3d9e1-35df-4da5-a2c1-5b39dd910295:group-EF214DC12147:LeaderElection22] INFO  impl.LeaderElection (LeaderElection.java:askForVotes(181)) - 9dc3d9e1-35df-4da5-a2c1-5b39dd910295:group-EF214DC12147:LeaderElection22: begin an election at term 1 for -1: [9dc3d9e1-35df-4da5-a2c1-5b39dd910295:192.168.157.195:42873], old=null
2019-09-12 10:53:02,553 [9dc3d9e1-35df-4da5-a2c1-5b39dd910295:group-EF214DC12147:LeaderElection22] INFO  impl.RoleInfo (RoleInfo.java:shutdownLeaderElection(134)) - 9dc3d9e1-35df-4da5-a2c1-5b39dd910295: shutdown LeaderElection
2019-09-12 10:53:02,553 [pool-104-thread-1] INFO  ratis.ContainerStateMachine (ContainerStateMachine.java:loadSnapshot(226)) - group-C645397DD5C0: The snapshot info is null. Setting the last applied indexto:(t:0, i:~)
2019-09-12 10:53:02,553 [9dc3d9e1-35df-4da5-a2c1-5b39dd910295:group-EF214DC12147:LeaderElection22] INFO  impl.RaftServerImpl (RaftServerImpl.java:setRole(171)) - 9dc3d9e1-35df-4da5-a2c1-5b39dd910295:group-EF214DC12147 changes role from CANDIDATE to LEADER at term 1 for changeToLeader
2019-09-12 10:53:02,554 [pool-104-thread-1] INFO  server.RaftServerConfigKeys (ConfUtils.java:logGet(43)) - raft.server.leader.election.timeout = 120s (custom)
2019-09-12 10:53:02,554 [9dc3d9e1-35df-4da5-a2c1-5b39dd910295:group-EF214DC12147:LeaderElection22] INFO  impl.RaftServerImpl (ServerState.java:setLeader(263)) - 9dc3d9e1-35df-4da5-a2c1-5b39dd910295:group-EF214DC12147 change Leader from null to 9dc3d9e1-35df-4da5-a2c1-5b39dd910295 at term 1 for becomeLeader, leader elected after 1186ms
2019-09-12 10:53:02,554 [pool-104-thread-1] INFO  server.RaftServerConfigKeys (ConfUtils.java:logGet(43)) - raft.server.log.use.memory = false (default)
2019-09-12 10:53:02,554 [9dc3d9e1-35df-4da5-a2c1-5b39dd910295:group-EF214DC12147:LeaderElection22] INFO  server.RaftServerConfigKeys (ConfUtils.java:logGet(43)) - raft.server.staging.catchup.gap = 1000 (default)
2019-09-12 10:53:02,554 [pool-104-thread-1] INFO  server.RaftServerConfigKeys (ConfUtils.java:logGet(43)) - raft.server.log.purge.gap = 1000000 (custom)
2019-09-12 10:53:02,554 [9dc3d9e1-35df-4da5-a2c1-5b39dd910295:group-EF214DC12147:LeaderElection22] INFO  server.RaftServerConfigKeys (ConfUtils.java:logGet(43)) - raft.server.rpc.sleep.time = 25ms (default)
2019-09-12 10:53:02,554 [pool-104-thread-1] INFO  server.RaftServerConfigKeys (ConfUtils.java:logGet(43)) - raft.server.log.appender.buffer.byte-limit = 33554432 (custom)
2019-09-12 10:53:02,554 [9dc3d9e1-35df-4da5-a2c1-5b39dd910295:group-EF214DC12147:LeaderElection22] INFO  server.RaftServerConfigKeys (ConfUtils.java:logGet(43)) - raft.server.write.element-limit = 4096 (default)
2019-09-12 10:53:02,554 [pool-104-thread-1] INFO  server.RaftServerConfigKeys (ConfUtils.java:logGet(43)) - raft.server.log.segment.size.max = 1048576 (custom)
2019-09-12 10:53:02,554 [9dc3d9e1-35df-4da5-a2c1-5b39dd910295:group-EF214DC12147:LeaderElection22] INFO  server.RaftServerConfigKeys (ConfUtils.java:logGet(43)) - raft.server.watch.timeout = 10s (default)
2019-09-12 10:53:02,554 [pool-104-thread-1] INFO  server.RaftServerConfigKeys (ConfUtils.java:logGet(43)) - raft.server.log.segment.cache.num.max = 2 (custom)
2019-09-12 10:53:02,554 [9dc3d9e1-35df-4da5-a2c1-5b39dd910295:group-EF214DC12147:LeaderElection22] INFO  server.RaftServerConfigKeys (ConfUtils.java:logGet(43)) - raft.server.watch.timeout.denomination = 1s (default)
2019-09-12 10:53:02,555 [pool-104-thread-1] INFO  segmented.SegmentedRaftLogWorker (SegmentedRaftLogWorker.java:<init>(172)) - new 35ed61f3-e470-497f-b63f-7decb4cef9e0-SegmentedRaftLogWorker:Storage Directory /workdir/hadoop-ozone/integration-test/target/test-dir/MiniOzoneClusterImpl-838a7ec2-4afb-4d68-8138-46fa65bc7e11/datanode-7/data/ratis/5dd38eab-0993-4c8a-ac97-c645397dd5c0 for RaftStorage:Storage Directory /workdir/hadoop-ozone/integration-test/target/test-dir/MiniOzoneClusterImpl-838a7ec2-4afb-4d68-8138-46fa65bc7e11/datanode-7/data/ratis/5dd38eab-0993-4c8a-ac97-c645397dd5c0
2019-09-12 10:53:02,555 [9dc3d9e1-35df-4da5-a2c1-5b39dd910295:group-EF214DC12147:LeaderElection22] INFO  server.RaftServerConfigKeys (ConfUtils.java:logGet(43)) - raft.server.watch.element-limit = 65536 (default)
2019-09-12 10:53:02,555 [pool-104-thread-1] INFO  server.RaftServerConfigKeys (ConfUtils.java:logGet(43)) - raft.server.log.queue.byte-limit = 2147483647 (custom)
2019-09-12 10:53:02,555 [8d69d0c9-c816-414c-ba1a-8b3ab85fb900:group-E63E8C9D367A:LeaderElection23] INFO  impl.LeaderElection (LeaderElection.java:askForVotes(181)) - 8d69d0c9-c816-414c-ba1a-8b3ab85fb900:group-E63E8C9D367A:LeaderElection23: begin an election at term 1 for -1: [8d69d0c9-c816-414c-ba1a-8b3ab85fb900:192.168.157.195:38566], old=null
2019-09-12 10:53:02,555 [9dc3d9e1-35df-4da5-a2c1-5b39dd910295:group-EF214DC12147:LeaderElection22] INFO  impl.RoleInfo (RoleInfo.java:updateAndGet(143)) - 9dc3d9e1-35df-4da5-a2c1-5b39dd910295: start LeaderState
2019-09-12 10:53:02,555 [pool-104-thread-1] INFO  server.RaftServerConfigKeys (ConfUtils.java:logGet(43)) - raft.server.log.queue.element-limit = 1024 (custom)
2019-09-12 10:53:02,555 [8d69d0c9-c816-414c-ba1a-8b3ab85fb900:group-E63E8C9D367A:LeaderElection23] INFO  impl.RoleInfo (RoleInfo.java:shutdownLeaderElection(134)) - 8d69d0c9-c816-414c-ba1a-8b3ab85fb900: shutdown LeaderElection
2019-09-12 10:53:02,555 [9dc3d9e1-35df-4da5-a2c1-5b39dd910295:group-EF214DC12147:LeaderElection22] INFO  segmented.SegmentedRaftLogWorker (SegmentedRaftLogWorker.java:startLogSegment(380)) - 9dc3d9e1-35df-4da5-a2c1-5b39dd910295-SegmentedRaftLogWorker:Storage Directory /workdir/hadoop-ozone/integration-test/target/test-dir/MiniOzoneClusterImpl-838a7ec2-4afb-4d68-8138-46fa65bc7e11/datanode-1/data/ratis/4db3094b-cc55-4064-b463-ef214dc12147: Starting segment from index:0
2019-09-12 10:53:02,555 [pool-104-thread-1] INFO  server.RaftServerConfigKeys (ConfUtils.java:logGet(43)) - raft.server.log.segment.size.max = 1048576 (custom)
2019-09-12 10:53:02,555 [8d69d0c9-c816-414c-ba1a-8b3ab85fb900:group-E63E8C9D367A:LeaderElection23] INFO  impl.RaftServerImpl (RaftServerImpl.java:setRole(171)) - 8d69d0c9-c816-414c-ba1a-8b3ab85fb900:group-E63E8C9D367A changes role from CANDIDATE to LEADER at term 1 for changeToLeader
2019-09-12 10:53:02,556 [pool-104-thread-1] INFO  server.RaftServerConfigKeys (ConfUtils.java:logGet(43)) - raft.server.log.preallocated.size = 16384 (custom)
2019-09-12 10:53:02,556 [8d69d0c9-c816-414c-ba1a-8b3ab85fb900:group-E63E8C9D367A:LeaderElection23] INFO  impl.RaftServerImpl (ServerState.java:setLeader(263)) - 8d69d0c9-c816-414c-ba1a-8b3ab85fb900:group-E63E8C9D367A change Leader from null to 8d69d0c9-c816-414c-ba1a-8b3ab85fb900 at term 1 for becomeLeader, leader elected after 1098ms
2019-09-12 10:53:02,556 [9dc3d9e1-35df-4da5-a2c1-5b39dd910295:group-EF214DC12147:LeaderElection22] INFO  impl.RaftServerImpl (ServerState.java:setRaftConf(361)) - 9dc3d9e1-35df-4da5-a2c1-5b39dd910295:group-EF214DC12147 set configuration 0: [9dc3d9e1-35df-4da5-a2c1-5b39dd910295:192.168.157.195:42873], old=null at 0
2019-09-12 10:53:02,556 [pool-104-thread-1] INFO  server.RaftServerConfigKeys (ConfUtils.java:logGet(43)) - raft.server.log.write.buffer.size = 33554432 (custom)
2019-09-12 10:53:02,556 [8d69d0c9-c816-414c-ba1a-8b3ab85fb900:group-E63E8C9D367A:LeaderElection23] INFO  server.RaftServerConfigKeys (ConfUtils.java:logGet(43)) - raft.server.staging.catchup.gap = 1000 (default)
2019-09-12 10:53:02,583 [pool-104-thread-1] INFO  server.RaftServerConfigKeys (ConfUtils.java:logGet(43)) - raft.server.log.force.sync.num = 128 (default)
2019-09-12 10:53:02,584 [8d69d0c9-c816-414c-ba1a-8b3ab85fb900:group-E63E8C9D367A:LeaderElection23] INFO  server.RaftServerConfigKeys (ConfUtils.java:logGet(43)) - raft.server.rpc.sleep.time = 25ms (default)
2019-09-12 10:53:02,584 [pool-104-thread-1] INFO  server.RaftServerConfigKeys (ConfUtils.java:logGet(43)) - raft.server.log.statemachine.data.sync = true (default)
2019-09-12 10:53:02,584 [8d69d0c9-c816-414c-ba1a-8b3ab85fb900:group-E63E8C9D367A:LeaderElection23] INFO  server.RaftServerConfigKeys (ConfUtils.java:logGet(43)) - raft.server.write.element-limit = 4096 (default)
2019-09-12 10:53:02,584 [pool-104-thread-1] INFO  server.RaftServerConfigKeys (ConfUtils.java:logGet(43)) - raft.server.log.statemachine.data.sync.timeout = 10s (default)
2019-09-12 10:53:02,584 [8d69d0c9-c816-414c-ba1a-8b3ab85fb900:group-E63E8C9D367A:LeaderElection23] INFO  server.RaftServerConfigKeys (ConfUtils.java:logGet(43)) - raft.server.watch.timeout = 10s (default)
2019-09-12 10:53:02,584 [pool-104-thread-1] INFO  server.RaftServerConfigKeys (ConfUtils.java:logGet(43)) - raft.server.log.statemachine.data.sync.timeout.retry = -1 (default)
2019-09-12 10:53:02,584 [8d69d0c9-c816-414c-ba1a-8b3ab85fb900:group-E63E8C9D367A:LeaderElection23] INFO  server.RaftServerConfigKeys (ConfUtils.java:logGet(43)) - raft.server.watch.timeout.denomination = 1s (default)
2019-09-12 10:53:02,584 [8d69d0c9-c816-414c-ba1a-8b3ab85fb900:group-E63E8C9D367A:LeaderElection23] INFO  server.RaftServerConfigKeys (ConfUtils.java:logGet(43)) - raft.server.watch.element-limit = 65536 (default)
2019-09-12 10:53:02,585 [pool-104-thread-1] INFO  server.RaftServerConfigKeys (ConfUtils.java:logGet(43)) - raft.server.log.statemachine.data.caching.enabled = true (custom)
2019-09-12 10:53:02,585 [8d69d0c9-c816-414c-ba1a-8b3ab85fb900:group-E63E8C9D367A:LeaderElection23] INFO  impl.RoleInfo (RoleInfo.java:updateAndGet(143)) - 8d69d0c9-c816-414c-ba1a-8b3ab85fb900: start LeaderState
2019-09-12 10:53:02,585 [pool-104-thread-1] INFO  segmented.SegmentedRaftLogWorker (SegmentedRaftLogWorker.java:lambda$new$0(132)) - 35ed61f3-e470-497f-b63f-7decb4cef9e0-SegmentedRaftLogWorker:Storage Directory /workdir/hadoop-ozone/integration-test/target/test-dir/MiniOzoneClusterImpl-838a7ec2-4afb-4d68-8138-46fa65bc7e11/datanode-7/data/ratis/5dd38eab-0993-4c8a-ac97-c645397dd5c0: flushIndex: setUnconditionally 0 -> -1
2019-09-12 10:53:02,585 [8d69d0c9-c816-414c-ba1a-8b3ab85fb900:group-E63E8C9D367A:LeaderElection23] INFO  segmented.SegmentedRaftLogWorker (SegmentedRaftLogWorker.java:startLogSegment(380)) - 8d69d0c9-c816-414c-ba1a-8b3ab85fb900-SegmentedRaftLogWorker:Storage Directory /workdir/hadoop-ozone/integration-test/target/test-dir/MiniOzoneClusterImpl-838a7ec2-4afb-4d68-8138-46fa65bc7e11/datanode-4/data/ratis/6fdf573e-0611-4621-8925-e63e8c9d367a: Starting segment from index:0
2019-09-12 10:53:02,585 [pool-104-thread-1] INFO  server.RaftServerConfigKeys (ConfUtils.java:logGet(43)) - raft.server.snapshot.auto.trigger.enabled = true (custom)
2019-09-12 10:53:02,585 [pool-104-thread-1] INFO  server.RaftServerConfigKeys (ConfUtils.java:logGet(43)) - raft.server.snapshot.auto.trigger.threshold = 10000 (custom)
2019-09-12 10:53:02,585 [8d69d0c9-c816-414c-ba1a-8b3ab85fb900:group-E63E8C9D367A:LeaderElection23] INFO  impl.RaftServerImpl (ServerState.java:setRaftConf(361)) - 8d69d0c9-c816-414c-ba1a-8b3ab85fb900:group-E63E8C9D367A set configuration 0: [8d69d0c9-c816-414c-ba1a-8b3ab85fb900:192.168.157.195:38566], old=null at 0
2019-09-12 10:53:02,585 [pool-104-thread-1] INFO  server.RaftServerConfigKeys (ConfUtils.java:logGet(43)) - raft.server.retrycache.expirytime = 600000ms (custom)
2019-09-12 10:53:02,613 [9dc3d9e1-35df-4da5-a2c1-5b39dd910295-SegmentedRaftLogWorker:Storage Directory /workdir/hadoop-ozone/integration-test/target/test-dir/MiniOzoneClusterImpl-838a7ec2-4afb-4d68-8138-46fa65bc7e11/datanode-1/data/ratis/4db3094b-cc55-4064-b463-ef214dc12147] INFO  segmented.SegmentedRaftLogWorker (SegmentedRaftLogWorker.java:execute(569)) - 9dc3d9e1-35df-4da5-a2c1-5b39dd910295-SegmentedRaftLogWorker:Storage Directory /workdir/hadoop-ozone/integration-test/target/test-dir/MiniOzoneClusterImpl-838a7ec2-4afb-4d68-8138-46fa65bc7e11/datanode-1/data/ratis/4db3094b-cc55-4064-b463-ef214dc12147: created new log segment /workdir/hadoop-ozone/integration-test/target/test-dir/MiniOzoneClusterImpl-838a7ec2-4afb-4d68-8138-46fa65bc7e11/datanode-1/data/ratis/4db3094b-cc55-4064-b463-ef214dc12147/current/log_inprogress_0
2019-09-12 10:53:02,616 [pool-104-thread-1] INFO  impl.RaftServerImpl (RaftServerImpl.java:start(180)) - 35ed61f3-e470-497f-b63f-7decb4cef9e0: start group-C645397DD5C0
2019-09-12 10:53:02,616 [pool-104-thread-1] INFO  impl.RaftServerImpl (RaftServerImpl.java:setRole(171)) - 35ed61f3-e470-497f-b63f-7decb4cef9e0:group-C645397DD5C0 changes role from null to FOLLOWER at term 0 for startAsFollower
2019-09-12 10:53:02,616 [pool-104-thread-1] INFO  impl.RoleInfo (RoleInfo.java:updateAndGet(143)) - 35ed61f3-e470-497f-b63f-7decb4cef9e0: start FollowerState
2019-09-12 10:53:02,617 [pool-104-thread-1] INFO  util.JmxRegister (JmxRegister.java:tryRegister(44)) - Successfully registered JMX Bean with object name Ratis:service=RaftServer,group=group-C645397DD5C0,id=35ed61f3-e470-497f-b63f-7decb4cef9e0
2019-09-12 10:53:02,626 [8d69d0c9-c816-414c-ba1a-8b3ab85fb900-SegmentedRaftLogWorker:Storage Directory /workdir/hadoop-ozone/integration-test/target/test-dir/MiniOzoneClusterImpl-838a7ec2-4afb-4d68-8138-46fa65bc7e11/datanode-4/data/ratis/6fdf573e-0611-4621-8925-e63e8c9d367a] INFO  segmented.SegmentedRaftLogWorker (SegmentedRaftLogWorker.java:execute(569)) - 8d69d0c9-c816-414c-ba1a-8b3ab85fb900-SegmentedRaftLogWorker:Storage Directory /workdir/hadoop-ozone/integration-test/target/test-dir/MiniOzoneClusterImpl-838a7ec2-4afb-4d68-8138-46fa65bc7e11/datanode-4/data/ratis/6fdf573e-0611-4621-8925-e63e8c9d367a: created new log segment /workdir/hadoop-ozone/integration-test/target/test-dir/MiniOzoneClusterImpl-838a7ec2-4afb-4d68-8138-46fa65bc7e11/datanode-4/data/ratis/6fdf573e-0611-4621-8925-e63e8c9d367a/current/log_inprogress_0
2019-09-12 10:53:02,628 [RatisPipelineUtilsThread] INFO  pipeline.PipelineStateManager (PipelineStateManager.java:addPipeline(56)) - Created pipeline Pipeline[ Id: 5dd38eab-0993-4c8a-ac97-c645397dd5c0, Nodes: 35ed61f3-e470-497f-b63f-7decb4cef9e0{ip: 192.168.157.195, host: pr-hdds-1569-xtfnx-3545843844, networkLocation: /default-rack, certSerialId: null}, Type:RATIS, Factor:ONE, State:OPEN]
2019-09-12 10:53:02,628 [RatisPipelineUtilsThread] ERROR pipeline.PipelinePlacementPolicy (PipelinePlacementPolicy.java:meetCriteria(91)) - Pipeline Placement: Doesn't meet the criteria to be viable node. Heaviness: 6
2019-09-12 10:53:02,629 [RatisPipelineUtilsThread] ERROR pipeline.PipelinePlacementPolicy (PipelinePlacementPolicy.java:meetCriteria(91)) - Pipeline Placement: Doesn't meet the criteria to be viable node. Heaviness: 6
2019-09-12 10:53:02,640 [grpc-default-executor-0] INFO  impl.RaftServerProxy (RaftServerProxy.java:addNew(89)) - 8d69d0c9-c816-414c-ba1a-8b3ab85fb900: addNew group-FDCF1CA8C3EF:[8d69d0c9-c816-414c-ba1a-8b3ab85fb900:192.168.157.195:38566] returns group-FDCF1CA8C3EF:java.util.concurrent.CompletableFuture@6b12272d[Not completed]
2019-09-12 10:53:02,642 [pool-71-thread-1] INFO  impl.RaftServerImpl (RaftServerImpl.java:<init>(93)) - 8d69d0c9-c816-414c-ba1a-8b3ab85fb900: new RaftServerImpl for group-FDCF1CA8C3EF:[8d69d0c9-c816-414c-ba1a-8b3ab85fb900:192.168.157.195:38566] with ContainerStateMachine:uninitialized
2019-09-12 10:53:02,643 [pool-71-thread-1] INFO  server.RaftServerConfigKeys (ConfUtils.java:logGet(43)) - raft.server.rpc.timeout.min = 1s (custom)
2019-09-12 10:53:02,643 [pool-71-thread-1] INFO  server.RaftServerConfigKeys (ConfUtils.java:logGet(43)) - raft.server.rpc.timeout.max = 1200ms (custom)
2019-09-12 10:53:02,643 [pool-71-thread-1] INFO  server.RaftServerConfigKeys (ConfUtils.java:logGet(43)) - raft.server.rpcslowness.timeout = 120s (custom)
2019-09-12 10:53:02,643 [pool-71-thread-1] INFO  server.RaftServerConfigKeys (ConfUtils.java:logGet(43)) - raft.server.sleep.deviation.threshold = 300 (default)
2019-09-12 10:53:02,643 [pool-71-thread-1] INFO  server.RaftServerConfigKeys (ConfUtils.java:logGet(43)) - raft.server.log.appender.install.snapshot.enabled = false (custom)
2019-09-12 10:53:02,643 [pool-71-thread-1] INFO  impl.RaftServerImpl (ServerState.java:<init>(105)) - 8d69d0c9-c816-414c-ba1a-8b3ab85fb900:group-FDCF1CA8C3EF ConfigurationManager, init=-1: [8d69d0c9-c816-414c-ba1a-8b3ab85fb900:192.168.157.195:38566], old=null, confs=<EMPTY_MAP>
2019-09-12 10:53:02,643 [pool-71-thread-1] INFO  server.RaftServerConfigKeys (ConfUtils.java:logGet(43)) - raft.server.storage.dir = [/workdir/hadoop-ozone/integration-test/target/test-dir/MiniOzoneClusterImpl-838a7ec2-4afb-4d68-8138-46fa65bc7e11/datanode-4/data/ratis] (custom)
2019-09-12 10:53:02,644 [pool-71-thread-1] INFO  storage.RaftStorageDirectory (RaftStorageDirectory.java:analyzeStorage(246)) - The storage directory /workdir/hadoop-ozone/integration-test/target/test-dir/MiniOzoneClusterImpl-838a7ec2-4afb-4d68-8138-46fa65bc7e11/datanode-4/data/ratis/6161d23e-e11d-4c9f-9bbc-fdcf1ca8c3ef does not exist. Creating ...
2019-09-12 10:53:02,656 [pool-71-thread-1] INFO  storage.RaftStorageDirectory (RaftStorageDirectory.java:tryLock(328)) - Lock on /workdir/hadoop-ozone/integration-test/target/test-dir/MiniOzoneClusterImpl-838a7ec2-4afb-4d68-8138-46fa65bc7e11/datanode-4/data/ratis/6161d23e-e11d-4c9f-9bbc-fdcf1ca8c3ef/in_use.lock acquired by nodename 620@pr-hdds-1569-xtfnx-3545843844
2019-09-12 10:53:02,684 | INFO  | SCMAudit | user=jenkins1000 | ip=192.168.157.195 | op=SEND_HEARTBEAT {datanodeUUID=005a1424-1186-4d58-b0b5-fdf3e953d666, command=[]} | ret=SUCCESS |  
2019-09-12 10:53:02,686 [pool-71-thread-1] INFO  storage.RaftStorage (RaftStorage.java:format(72)) - Storage directory /workdir/hadoop-ozone/integration-test/target/test-dir/MiniOzoneClusterImpl-838a7ec2-4afb-4d68-8138-46fa65bc7e11/datanode-4/data/ratis/6161d23e-e11d-4c9f-9bbc-fdcf1ca8c3ef has been successfully formatted.
2019-09-12 10:53:02,686 [pool-71-thread-1] INFO  ratis.ContainerStateMachine (ContainerStateMachine.java:loadSnapshot(226)) - group-FDCF1CA8C3EF: The snapshot info is null. Setting the last applied indexto:(t:0, i:~)
2019-09-12 10:53:02,687 [pool-71-thread-1] INFO  server.RaftServerConfigKeys (ConfUtils.java:logGet(43)) - raft.server.leader.election.timeout = 120s (custom)
2019-09-12 10:53:02,687 [pool-71-thread-1] INFO  server.RaftServerConfigKeys (ConfUtils.java:logGet(43)) - raft.server.log.use.memory = false (default)
2019-09-12 10:53:02,687 [pool-71-thread-1] INFO  server.RaftServerConfigKeys (ConfUtils.java:logGet(43)) - raft.server.log.purge.gap = 1000000 (custom)
2019-09-12 10:53:02,687 [pool-71-thread-1] INFO  server.RaftServerConfigKeys (ConfUtils.java:logGet(43)) - raft.server.log.appender.buffer.byte-limit = 33554432 (custom)
2019-09-12 10:53:02,687 [pool-71-thread-1] INFO  server.RaftServerConfigKeys (ConfUtils.java:logGet(43)) - raft.server.log.segment.size.max = 1048576 (custom)
2019-09-12 10:53:02,687 [pool-71-thread-1] INFO  server.RaftServerConfigKeys (ConfUtils.java:logGet(43)) - raft.server.log.segment.cache.num.max = 2 (custom)
2019-09-12 10:53:02,687 [pool-71-thread-1] INFO  segmented.SegmentedRaftLogWorker (SegmentedRaftLogWorker.java:<init>(172)) - new 8d69d0c9-c816-414c-ba1a-8b3ab85fb900-SegmentedRaftLogWorker:Storage Directory /workdir/hadoop-ozone/integration-test/target/test-dir/MiniOzoneClusterImpl-838a7ec2-4afb-4d68-8138-46fa65bc7e11/datanode-4/data/ratis/6161d23e-e11d-4c9f-9bbc-fdcf1ca8c3ef for RaftStorage:Storage Directory /workdir/hadoop-ozone/integration-test/target/test-dir/MiniOzoneClusterImpl-838a7ec2-4afb-4d68-8138-46fa65bc7e11/datanode-4/data/ratis/6161d23e-e11d-4c9f-9bbc-fdcf1ca8c3ef
2019-09-12 10:53:02,688 [pool-71-thread-1] INFO  server.RaftServerConfigKeys (ConfUtils.java:logGet(43)) - raft.server.log.queue.byte-limit = 2147483647 (custom)
2019-09-12 10:53:02,688 [pool-71-thread-1] INFO  server.RaftServerConfigKeys (ConfUtils.java:logGet(43)) - raft.server.log.queue.element-limit = 1024 (custom)
2019-09-12 10:53:02,688 [pool-71-thread-1] INFO  server.RaftServerConfigKeys (ConfUtils.java:logGet(43)) - raft.server.log.segment.size.max = 1048576 (custom)
2019-09-12 10:53:02,688 [pool-71-thread-1] INFO  server.RaftServerConfigKeys (ConfUtils.java:logGet(43)) - raft.server.log.preallocated.size = 16384 (custom)
2019-09-12 10:53:02,688 [pool-71-thread-1] INFO  server.RaftServerConfigKeys (ConfUtils.java:logGet(43)) - raft.server.log.write.buffer.size = 33554432 (custom)
2019-09-12 10:53:02,688 [pool-71-thread-1] INFO  server.RaftServerConfigKeys (ConfUtils.java:logGet(43)) - raft.server.log.force.sync.num = 128 (default)
2019-09-12 10:53:02,688 [pool-71-thread-1] INFO  server.RaftServerConfigKeys (ConfUtils.java:logGet(43)) - raft.server.log.statemachine.data.sync = true (default)
2019-09-12 10:53:02,688 [pool-71-thread-1] INFO  server.RaftServerConfigKeys (ConfUtils.java:logGet(43)) - raft.server.log.statemachine.data.sync.timeout = 10s (default)
2019-09-12 10:53:02,689 [pool-71-thread-1] INFO  server.RaftServerConfigKeys (ConfUtils.java:logGet(43)) - raft.server.log.statemachine.data.sync.timeout.retry = -1 (default)
2019-09-12 10:53:02,689 [pool-71-thread-1] INFO  server.RaftServerConfigKeys (ConfUtils.java:logGet(43)) - raft.server.log.statemachine.data.caching.enabled = true (custom)
2019-09-12 10:53:02,689 [pool-71-thread-1] INFO  segmented.SegmentedRaftLogWorker (SegmentedRaftLogWorker.java:lambda$new$0(132)) - 8d69d0c9-c816-414c-ba1a-8b3ab85fb900-SegmentedRaftLogWorker:Storage Directory /workdir/hadoop-ozone/integration-test/target/test-dir/MiniOzoneClusterImpl-838a7ec2-4afb-4d68-8138-46fa65bc7e11/datanode-4/data/ratis/6161d23e-e11d-4c9f-9bbc-fdcf1ca8c3ef: flushIndex: setUnconditionally 0 -> -1
2019-09-12 10:53:02,689 [pool-71-thread-1] INFO  server.RaftServerConfigKeys (ConfUtils.java:logGet(43)) - raft.server.snapshot.auto.trigger.enabled = true (custom)
2019-09-12 10:53:02,690 [pool-71-thread-1] INFO  server.RaftServerConfigKeys (ConfUtils.java:logGet(43)) - raft.server.snapshot.auto.trigger.threshold = 10000 (custom)
2019-09-12 10:53:02,690 [pool-71-thread-1] INFO  server.RaftServerConfigKeys (ConfUtils.java:logGet(43)) - raft.server.retrycache.expirytime = 600000ms (custom)
2019-09-12 10:53:02,690 [pool-71-thread-1] INFO  impl.RaftServerImpl (RaftServerImpl.java:start(180)) - 8d69d0c9-c816-414c-ba1a-8b3ab85fb900: start group-FDCF1CA8C3EF
2019-09-12 10:53:02,690 [pool-71-thread-1] INFO  impl.RaftServerImpl (RaftServerImpl.java:setRole(171)) - 8d69d0c9-c816-414c-ba1a-8b3ab85fb900:group-FDCF1CA8C3EF changes role from null to FOLLOWER at term 0 for startAsFollower
2019-09-12 10:53:02,690 [pool-71-thread-1] INFO  impl.RoleInfo (RoleInfo.java:updateAndGet(143)) - 8d69d0c9-c816-414c-ba1a-8b3ab85fb900: start FollowerState
2019-09-12 10:53:02,691 [pool-71-thread-1] INFO  util.JmxRegister (JmxRegister.java:tryRegister(44)) - Successfully registered JMX Bean with object name Ratis:service=RaftServer,group=group-FDCF1CA8C3EF,id=8d69d0c9-c816-414c-ba1a-8b3ab85fb900
2019-09-12 10:53:02,697 [RatisPipelineUtilsThread] INFO  pipeline.PipelineStateManager (PipelineStateManager.java:addPipeline(56)) - Created pipeline Pipeline[ Id: 6161d23e-e11d-4c9f-9bbc-fdcf1ca8c3ef, Nodes: 8d69d0c9-c816-414c-ba1a-8b3ab85fb900{ip: 192.168.157.195, host: pr-hdds-1569-xtfnx-3545843844, networkLocation: /default-rack, certSerialId: null}, Type:RATIS, Factor:ONE, State:OPEN]
2019-09-12 10:53:02,698 [RatisPipelineUtilsThread] ERROR pipeline.PipelinePlacementPolicy (PipelinePlacementPolicy.java:meetCriteria(91)) - Pipeline Placement: Doesn't meet the criteria to be viable node. Heaviness: 6
2019-09-12 10:53:02,698 [RatisPipelineUtilsThread] ERROR pipeline.PipelinePlacementPolicy (PipelinePlacementPolicy.java:meetCriteria(91)) - Pipeline Placement: Doesn't meet the criteria to be viable node. Heaviness: 6
2019-09-12 10:53:02,708 [grpc-default-executor-0] INFO  impl.RaftServerProxy (RaftServerProxy.java:addNew(89)) - 3aa8f21e-cbc0-493e-b8ca-fbb3b21697d5: addNew group-E025F30FECE6:[3aa8f21e-cbc0-493e-b8ca-fbb3b21697d5:192.168.157.195:34525] returns group-E025F30FECE6:java.util.concurrent.CompletableFuture@49bc36f3[Not completed]
2019-09-12 10:53:02,710 [pool-82-thread-1] INFO  impl.RaftServerImpl (RaftServerImpl.java:<init>(93)) - 3aa8f21e-cbc0-493e-b8ca-fbb3b21697d5: new RaftServerImpl for group-E025F30FECE6:[3aa8f21e-cbc0-493e-b8ca-fbb3b21697d5:192.168.157.195:34525] with ContainerStateMachine:uninitialized
2019-09-12 10:53:02,710 [pool-82-thread-1] INFO  server.RaftServerConfigKeys (ConfUtils.java:logGet(43)) - raft.server.rpc.timeout.min = 1s (custom)
2019-09-12 10:53:02,710 [pool-82-thread-1] INFO  server.RaftServerConfigKeys (ConfUtils.java:logGet(43)) - raft.server.rpc.timeout.max = 1200ms (custom)
2019-09-12 10:53:02,711 [pool-82-thread-1] INFO  server.RaftServerConfigKeys (ConfUtils.java:logGet(43)) - raft.server.rpcslowness.timeout = 120s (custom)
2019-09-12 10:53:02,711 [pool-82-thread-1] INFO  server.RaftServerConfigKeys (ConfUtils.java:logGet(43)) - raft.server.sleep.deviation.threshold = 300 (default)
2019-09-12 10:53:02,711 [pool-82-thread-1] INFO  server.RaftServerConfigKeys (ConfUtils.java:logGet(43)) - raft.server.log.appender.install.snapshot.enabled = false (custom)
2019-09-12 10:53:02,711 [pool-82-thread-1] INFO  impl.RaftServerImpl (ServerState.java:<init>(105)) - 3aa8f21e-cbc0-493e-b8ca-fbb3b21697d5:group-E025F30FECE6 ConfigurationManager, init=-1: [3aa8f21e-cbc0-493e-b8ca-fbb3b21697d5:192.168.157.195:34525], old=null, confs=<EMPTY_MAP>
2019-09-12 10:53:02,711 [pool-82-thread-1] INFO  server.RaftServerConfigKeys (ConfUtils.java:logGet(43)) - raft.server.storage.dir = [/workdir/hadoop-ozone/integration-test/target/test-dir/MiniOzoneClusterImpl-838a7ec2-4afb-4d68-8138-46fa65bc7e11/datanode-5/data/ratis] (custom)
2019-09-12 10:53:02,712 [pool-82-thread-1] INFO  storage.RaftStorageDirectory (RaftStorageDirectory.java:analyzeStorage(246)) - The storage directory /workdir/hadoop-ozone/integration-test/target/test-dir/MiniOzoneClusterImpl-838a7ec2-4afb-4d68-8138-46fa65bc7e11/datanode-5/data/ratis/3a1f267f-a173-4bf7-9cbd-e025f30fece6 does not exist. Creating ...
2019-09-12 10:53:02,733 [pool-82-thread-1] INFO  storage.RaftStorageDirectory (RaftStorageDirectory.java:tryLock(328)) - Lock on /workdir/hadoop-ozone/integration-test/target/test-dir/MiniOzoneClusterImpl-838a7ec2-4afb-4d68-8138-46fa65bc7e11/datanode-5/data/ratis/3a1f267f-a173-4bf7-9cbd-e025f30fece6/in_use.lock acquired by nodename 620@pr-hdds-1569-xtfnx-3545843844
2019-09-12 10:53:02,747 [pool-82-thread-1] INFO  storage.RaftStorage (RaftStorage.java:format(72)) - Storage directory /workdir/hadoop-ozone/integration-test/target/test-dir/MiniOzoneClusterImpl-838a7ec2-4afb-4d68-8138-46fa65bc7e11/datanode-5/data/ratis/3a1f267f-a173-4bf7-9cbd-e025f30fece6 has been successfully formatted.
2019-09-12 10:53:02,747 [pool-82-thread-1] INFO  ratis.ContainerStateMachine (ContainerStateMachine.java:loadSnapshot(226)) - group-E025F30FECE6: The snapshot info is null. Setting the last applied indexto:(t:0, i:~)
2019-09-12 10:53:02,747 [pool-82-thread-1] INFO  server.RaftServerConfigKeys (ConfUtils.java:logGet(43)) - raft.server.leader.election.timeout = 120s (custom)
2019-09-12 10:53:02,748 [pool-82-thread-1] INFO  server.RaftServerConfigKeys (ConfUtils.java:logGet(43)) - raft.server.log.use.memory = false (default)
2019-09-12 10:53:02,748 [pool-82-thread-1] INFO  server.RaftServerConfigKeys (ConfUtils.java:logGet(43)) - raft.server.log.purge.gap = 1000000 (custom)
2019-09-12 10:53:02,748 [pool-82-thread-1] INFO  server.RaftServerConfigKeys (ConfUtils.java:logGet(43)) - raft.server.log.appender.buffer.byte-limit = 33554432 (custom)
2019-09-12 10:53:02,748 [pool-82-thread-1] INFO  server.RaftServerConfigKeys (ConfUtils.java:logGet(43)) - raft.server.log.segment.size.max = 1048576 (custom)
2019-09-12 10:53:02,748 [pool-82-thread-1] INFO  server.RaftServerConfigKeys (ConfUtils.java:logGet(43)) - raft.server.log.segment.cache.num.max = 2 (custom)
2019-09-12 10:53:02,749 [pool-82-thread-1] INFO  segmented.SegmentedRaftLogWorker (SegmentedRaftLogWorker.java:<init>(172)) - new 3aa8f21e-cbc0-493e-b8ca-fbb3b21697d5-SegmentedRaftLogWorker:Storage Directory /workdir/hadoop-ozone/integration-test/target/test-dir/MiniOzoneClusterImpl-838a7ec2-4afb-4d68-8138-46fa65bc7e11/datanode-5/data/ratis/3a1f267f-a173-4bf7-9cbd-e025f30fece6 for RaftStorage:Storage Directory /workdir/hadoop-ozone/integration-test/target/test-dir/MiniOzoneClusterImpl-838a7ec2-4afb-4d68-8138-46fa65bc7e11/datanode-5/data/ratis/3a1f267f-a173-4bf7-9cbd-e025f30fece6
2019-09-12 10:53:02,749 [pool-82-thread-1] INFO  server.RaftServerConfigKeys (ConfUtils.java:logGet(43)) - raft.server.log.queue.byte-limit = 2147483647 (custom)
2019-09-12 10:53:02,749 [pool-82-thread-1] INFO  server.RaftServerConfigKeys (ConfUtils.java:logGet(43)) - raft.server.log.queue.element-limit = 1024 (custom)
2019-09-12 10:53:02,749 [pool-82-thread-1] INFO  server.RaftServerConfigKeys (ConfUtils.java:logGet(43)) - raft.server.log.segment.size.max = 1048576 (custom)
2019-09-12 10:53:02,749 [pool-82-thread-1] INFO  server.RaftServerConfigKeys (ConfUtils.java:logGet(43)) - raft.server.log.preallocated.size = 16384 (custom)
2019-09-12 10:53:02,749 [pool-82-thread-1] INFO  server.RaftServerConfigKeys (ConfUtils.java:logGet(43)) - raft.server.log.write.buffer.size = 33554432 (custom)
2019-09-12 10:53:02,750 [pool-82-thread-1] INFO  server.RaftServerConfigKeys (ConfUtils.java:logGet(43)) - raft.server.log.force.sync.num = 128 (default)
2019-09-12 10:53:02,750 [pool-82-thread-1] INFO  server.RaftServerConfigKeys (ConfUtils.java:logGet(43)) - raft.server.log.statemachine.data.sync = true (default)
2019-09-12 10:53:02,750 [pool-82-thread-1] INFO  server.RaftServerConfigKeys (ConfUtils.java:logGet(43)) - raft.server.log.statemachine.data.sync.timeout = 10s (default)
2019-09-12 10:53:02,750 [pool-82-thread-1] INFO  server.RaftServerConfigKeys (ConfUtils.java:logGet(43)) - raft.server.log.statemachine.data.sync.timeout.retry = -1 (default)
2019-09-12 10:53:02,750 [pool-82-thread-1] INFO  server.RaftServerConfigKeys (ConfUtils.java:logGet(43)) - raft.server.log.statemachine.data.caching.enabled = true (custom)
2019-09-12 10:53:02,751 [pool-82-thread-1] INFO  segmented.SegmentedRaftLogWorker (SegmentedRaftLogWorker.java:lambda$new$0(132)) - 3aa8f21e-cbc0-493e-b8ca-fbb3b21697d5-SegmentedRaftLogWorker:Storage Directory /workdir/hadoop-ozone/integration-test/target/test-dir/MiniOzoneClusterImpl-838a7ec2-4afb-4d68-8138-46fa65bc7e11/datanode-5/data/ratis/3a1f267f-a173-4bf7-9cbd-e025f30fece6: flushIndex: setUnconditionally 0 -> -1
2019-09-12 10:53:02,751 [pool-82-thread-1] INFO  server.RaftServerConfigKeys (ConfUtils.java:logGet(43)) - raft.server.snapshot.auto.trigger.enabled = true (custom)
2019-09-12 10:53:02,751 [pool-82-thread-1] INFO  server.RaftServerConfigKeys (ConfUtils.java:logGet(43)) - raft.server.snapshot.auto.trigger.threshold = 10000 (custom)
2019-09-12 10:53:02,751 [pool-82-thread-1] INFO  server.RaftServerConfigKeys (ConfUtils.java:logGet(43)) - raft.server.retrycache.expirytime = 600000ms (custom)
2019-09-12 10:53:02,752 [pool-82-thread-1] INFO  impl.RaftServerImpl (RaftServerImpl.java:start(180)) - 3aa8f21e-cbc0-493e-b8ca-fbb3b21697d5: start group-E025F30FECE6
2019-09-12 10:53:02,752 [pool-82-thread-1] INFO  impl.RaftServerImpl (RaftServerImpl.java:setRole(171)) - 3aa8f21e-cbc0-493e-b8ca-fbb3b21697d5:group-E025F30FECE6 changes role from null to FOLLOWER at term 0 for startAsFollower
2019-09-12 10:53:02,752 [pool-82-thread-1] INFO  impl.RoleInfo (RoleInfo.java:updateAndGet(143)) - 3aa8f21e-cbc0-493e-b8ca-fbb3b21697d5: start FollowerState
2019-09-12 10:53:02,753 [pool-82-thread-1] INFO  util.JmxRegister (JmxRegister.java:tryRegister(44)) - Successfully registered JMX Bean with object name Ratis:service=RaftServer,group=group-E025F30FECE6,id=3aa8f21e-cbc0-493e-b8ca-fbb3b21697d5
2019-09-12 10:53:02,758 [RatisPipelineUtilsThread] INFO  pipeline.PipelineStateManager (PipelineStateManager.java:addPipeline(56)) - Created pipeline Pipeline[ Id: 3a1f267f-a173-4bf7-9cbd-e025f30fece6, Nodes: 3aa8f21e-cbc0-493e-b8ca-fbb3b21697d5{ip: 192.168.157.195, host: pr-hdds-1569-xtfnx-3545843844, networkLocation: /default-rack, certSerialId: null}, Type:RATIS, Factor:ONE, State:OPEN]
2019-09-12 10:53:02,759 [RatisPipelineUtilsThread] ERROR pipeline.PipelinePlacementPolicy (PipelinePlacementPolicy.java:meetCriteria(91)) - Pipeline Placement: Doesn't meet the criteria to be viable node. Heaviness: 6
2019-09-12 10:53:02,759 [RatisPipelineUtilsThread] ERROR pipeline.PipelinePlacementPolicy (PipelinePlacementPolicy.java:meetCriteria(91)) - Pipeline Placement: Doesn't meet the criteria to be viable node. Heaviness: 6
2019-09-12 10:53:02,771 [grpc-default-executor-0] INFO  impl.RaftServerProxy (RaftServerProxy.java:addNew(89)) - 8d69d0c9-c816-414c-ba1a-8b3ab85fb900: addNew group-B6C7779A16A9:[8d69d0c9-c816-414c-ba1a-8b3ab85fb900:192.168.157.195:38566] returns group-B6C7779A16A9:java.util.concurrent.CompletableFuture@742bb33b[Not completed]
2019-09-12 10:53:02,773 [pool-71-thread-1] INFO  impl.RaftServerImpl (RaftServerImpl.java:<init>(93)) - 8d69d0c9-c816-414c-ba1a-8b3ab85fb900: new RaftServerImpl for group-B6C7779A16A9:[8d69d0c9-c816-414c-ba1a-8b3ab85fb900:192.168.157.195:38566] with ContainerStateMachine:uninitialized
2019-09-12 10:53:02,773 [pool-71-thread-1] INFO  server.RaftServerConfigKeys (ConfUtils.java:logGet(43)) - raft.server.rpc.timeout.min = 1s (custom)
2019-09-12 10:53:02,773 [pool-71-thread-1] INFO  server.RaftServerConfigKeys (ConfUtils.java:logGet(43)) - raft.server.rpc.timeout.max = 1200ms (custom)
2019-09-12 10:53:02,773 [pool-71-thread-1] INFO  server.RaftServerConfigKeys (ConfUtils.java:logGet(43)) - raft.server.rpcslowness.timeout = 120s (custom)
2019-09-12 10:53:02,773 [pool-71-thread-1] INFO  server.RaftServerConfigKeys (ConfUtils.java:logGet(43)) - raft.server.sleep.deviation.threshold = 300 (default)
2019-09-12 10:53:02,774 [pool-71-thread-1] INFO  server.RaftServerConfigKeys (ConfUtils.java:logGet(43)) - raft.server.log.appender.install.snapshot.enabled = false (custom)
2019-09-12 10:53:02,774 [pool-71-thread-1] INFO  impl.RaftServerImpl (ServerState.java:<init>(105)) - 8d69d0c9-c816-414c-ba1a-8b3ab85fb900:group-B6C7779A16A9 ConfigurationManager, init=-1: [8d69d0c9-c816-414c-ba1a-8b3ab85fb900:192.168.157.195:38566], old=null, confs=<EMPTY_MAP>
2019-09-12 10:53:02,774 [pool-71-thread-1] INFO  server.RaftServerConfigKeys (ConfUtils.java:logGet(43)) - raft.server.storage.dir = [/workdir/hadoop-ozone/integration-test/target/test-dir/MiniOzoneClusterImpl-838a7ec2-4afb-4d68-8138-46fa65bc7e11/datanode-4/data/ratis] (custom)
2019-09-12 10:53:02,774 [pool-71-thread-1] INFO  storage.RaftStorageDirectory (RaftStorageDirectory.java:analyzeStorage(246)) - The storage directory /workdir/hadoop-ozone/integration-test/target/test-dir/MiniOzoneClusterImpl-838a7ec2-4afb-4d68-8138-46fa65bc7e11/datanode-4/data/ratis/8d51b53a-d3d3-454f-a91d-b6c7779a16a9 does not exist. Creating ...
2019-09-12 10:53:02,787 [pool-71-thread-1] INFO  storage.RaftStorageDirectory (RaftStorageDirectory.java:tryLock(328)) - Lock on /workdir/hadoop-ozone/integration-test/target/test-dir/MiniOzoneClusterImpl-838a7ec2-4afb-4d68-8138-46fa65bc7e11/datanode-4/data/ratis/8d51b53a-d3d3-454f-a91d-b6c7779a16a9/in_use.lock acquired by nodename 620@pr-hdds-1569-xtfnx-3545843844
2019-09-12 10:53:02,800 [pool-71-thread-1] INFO  storage.RaftStorage (RaftStorage.java:format(72)) - Storage directory /workdir/hadoop-ozone/integration-test/target/test-dir/MiniOzoneClusterImpl-838a7ec2-4afb-4d68-8138-46fa65bc7e11/datanode-4/data/ratis/8d51b53a-d3d3-454f-a91d-b6c7779a16a9 has been successfully formatted.
2019-09-12 10:53:02,801 [pool-71-thread-1] INFO  ratis.ContainerStateMachine (ContainerStateMachine.java:loadSnapshot(226)) - group-B6C7779A16A9: The snapshot info is null. Setting the last applied indexto:(t:0, i:~)
2019-09-12 10:53:02,801 [pool-71-thread-1] INFO  server.RaftServerConfigKeys (ConfUtils.java:logGet(43)) - raft.server.leader.election.timeout = 120s (custom)
2019-09-12 10:53:02,801 [pool-71-thread-1] INFO  server.RaftServerConfigKeys (ConfUtils.java:logGet(43)) - raft.server.log.use.memory = false (default)
2019-09-12 10:53:02,801 [pool-71-thread-1] INFO  server.RaftServerConfigKeys (ConfUtils.java:logGet(43)) - raft.server.log.purge.gap = 1000000 (custom)
2019-09-12 10:53:02,801 [pool-71-thread-1] INFO  server.RaftServerConfigKeys (ConfUtils.java:logGet(43)) - raft.server.log.appender.buffer.byte-limit = 33554432 (custom)
2019-09-12 10:53:02,801 [pool-71-thread-1] INFO  server.RaftServerConfigKeys (ConfUtils.java:logGet(43)) - raft.server.log.segment.size.max = 1048576 (custom)
2019-09-12 10:53:02,802 [pool-71-thread-1] INFO  server.RaftServerConfigKeys (ConfUtils.java:logGet(43)) - raft.server.log.segment.cache.num.max = 2 (custom)
2019-09-12 10:53:02,802 [pool-71-thread-1] INFO  segmented.SegmentedRaftLogWorker (SegmentedRaftLogWorker.java:<init>(172)) - new 8d69d0c9-c816-414c-ba1a-8b3ab85fb900-SegmentedRaftLogWorker:Storage Directory /workdir/hadoop-ozone/integration-test/target/test-dir/MiniOzoneClusterImpl-838a7ec2-4afb-4d68-8138-46fa65bc7e11/datanode-4/data/ratis/8d51b53a-d3d3-454f-a91d-b6c7779a16a9 for RaftStorage:Storage Directory /workdir/hadoop-ozone/integration-test/target/test-dir/MiniOzoneClusterImpl-838a7ec2-4afb-4d68-8138-46fa65bc7e11/datanode-4/data/ratis/8d51b53a-d3d3-454f-a91d-b6c7779a16a9
2019-09-12 10:53:02,802 [pool-71-thread-1] INFO  server.RaftServerConfigKeys (ConfUtils.java:logGet(43)) - raft.server.log.queue.byte-limit = 2147483647 (custom)
2019-09-12 10:53:02,802 [pool-71-thread-1] INFO  server.RaftServerConfigKeys (ConfUtils.java:logGet(43)) - raft.server.log.queue.element-limit = 1024 (custom)
2019-09-12 10:53:02,802 [pool-71-thread-1] INFO  server.RaftServerConfigKeys (ConfUtils.java:logGet(43)) - raft.server.log.segment.size.max = 1048576 (custom)
2019-09-12 10:53:02,802 [pool-71-thread-1] INFO  server.RaftServerConfigKeys (ConfUtils.java:logGet(43)) - raft.server.log.preallocated.size = 16384 (custom)
2019-09-12 10:53:02,802 [pool-71-thread-1] INFO  server.RaftServerConfigKeys (ConfUtils.java:logGet(43)) - raft.server.log.write.buffer.size = 33554432 (custom)
2019-09-12 10:53:02,803 [pool-71-thread-1] INFO  server.RaftServerConfigKeys (ConfUtils.java:logGet(43)) - raft.server.log.force.sync.num = 128 (default)
2019-09-12 10:53:02,803 [pool-71-thread-1] INFO  server.RaftServerConfigKeys (ConfUtils.java:logGet(43)) - raft.server.log.statemachine.data.sync = true (default)
2019-09-12 10:53:02,803 [pool-71-thread-1] INFO  server.RaftServerConfigKeys (ConfUtils.java:logGet(43)) - raft.server.log.statemachine.data.sync.timeout = 10s (default)
2019-09-12 10:53:02,803 [pool-71-thread-1] INFO  server.RaftServerConfigKeys (ConfUtils.java:logGet(43)) - raft.server.log.statemachine.data.sync.timeout.retry = -1 (default)
2019-09-12 10:53:02,803 [pool-71-thread-1] INFO  server.RaftServerConfigKeys (ConfUtils.java:logGet(43)) - raft.server.log.statemachine.data.caching.enabled = true (custom)
2019-09-12 10:53:02,803 [pool-71-thread-1] INFO  segmented.SegmentedRaftLogWorker (SegmentedRaftLogWorker.java:lambda$new$0(132)) - 8d69d0c9-c816-414c-ba1a-8b3ab85fb900-SegmentedRaftLogWorker:Storage Directory /workdir/hadoop-ozone/integration-test/target/test-dir/MiniOzoneClusterImpl-838a7ec2-4afb-4d68-8138-46fa65bc7e11/datanode-4/data/ratis/8d51b53a-d3d3-454f-a91d-b6c7779a16a9: flushIndex: setUnconditionally 0 -> -1
2019-09-12 10:53:02,804 [pool-71-thread-1] INFO  server.RaftServerConfigKeys (ConfUtils.java:logGet(43)) - raft.server.snapshot.auto.trigger.enabled = true (custom)
2019-09-12 10:53:02,804 [pool-71-thread-1] INFO  server.RaftServerConfigKeys (ConfUtils.java:logGet(43)) - raft.server.snapshot.auto.trigger.threshold = 10000 (custom)
2019-09-12 10:53:02,804 [pool-71-thread-1] INFO  server.RaftServerConfigKeys (ConfUtils.java:logGet(43)) - raft.server.retrycache.expirytime = 600000ms (custom)
2019-09-12 10:53:02,804 [pool-71-thread-1] INFO  impl.RaftServerImpl (RaftServerImpl.java:start(180)) - 8d69d0c9-c816-414c-ba1a-8b3ab85fb900: start group-B6C7779A16A9
2019-09-12 10:53:02,805 [pool-71-thread-1] INFO  impl.RaftServerImpl (RaftServerImpl.java:setRole(171)) - 8d69d0c9-c816-414c-ba1a-8b3ab85fb900:group-B6C7779A16A9 changes role from null to FOLLOWER at term 0 for startAsFollower
2019-09-12 10:53:02,805 [pool-71-thread-1] INFO  impl.RoleInfo (RoleInfo.java:updateAndGet(143)) - 8d69d0c9-c816-414c-ba1a-8b3ab85fb900: start FollowerState
2019-09-12 10:53:02,805 [pool-71-thread-1] INFO  util.JmxRegister (JmxRegister.java:tryRegister(44)) - Successfully registered JMX Bean with object name Ratis:service=RaftServer,group=group-B6C7779A16A9,id=8d69d0c9-c816-414c-ba1a-8b3ab85fb900
2019-09-12 10:53:02,811 [Thread-377] INFO  impl.FollowerState (FollowerState.java:run(106)) - 250b6484-39fc-4c26-8a98-91f8d9b3befa:group-D3EE1D9960FD changes to CANDIDATE, lastRpcTime:1165, electionTimeout:1165ms
2019-09-12 10:53:02,811 [Thread-377] INFO  impl.RoleInfo (RoleInfo.java:shutdownFollowerState(121)) - 250b6484-39fc-4c26-8a98-91f8d9b3befa: shutdown FollowerState
2019-09-12 10:53:02,812 [Thread-377] INFO  impl.RaftServerImpl (RaftServerImpl.java:setRole(171)) - 250b6484-39fc-4c26-8a98-91f8d9b3befa:group-D3EE1D9960FD changes role from FOLLOWER to CANDIDATE at term 0 for changeToCandidate
2019-09-12 10:53:02,812 [Thread-377] INFO  impl.RoleInfo (RoleInfo.java:updateAndGet(143)) - 250b6484-39fc-4c26-8a98-91f8d9b3befa: start LeaderElection
2019-09-12 10:53:02,812 [RatisPipelineUtilsThread] INFO  pipeline.PipelineStateManager (PipelineStateManager.java:addPipeline(56)) - Created pipeline Pipeline[ Id: 8d51b53a-d3d3-454f-a91d-b6c7779a16a9, Nodes: 8d69d0c9-c816-414c-ba1a-8b3ab85fb900{ip: 192.168.157.195, host: pr-hdds-1569-xtfnx-3545843844, networkLocation: /default-rack, certSerialId: null}, Type:RATIS, Factor:ONE, State:OPEN]
2019-09-12 10:53:02,815 [RatisPipelineUtilsThread] ERROR pipeline.PipelinePlacementPolicy (PipelinePlacementPolicy.java:meetCriteria(91)) - Pipeline Placement: Doesn't meet the criteria to be viable node. Heaviness: 6
2019-09-12 10:53:02,815 [RatisPipelineUtilsThread] ERROR pipeline.PipelinePlacementPolicy (PipelinePlacementPolicy.java:meetCriteria(91)) - Pipeline Placement: Doesn't meet the criteria to be viable node. Heaviness: 6
2019-09-12 10:53:02,827 [Thread-383] INFO  impl.FollowerState (FollowerState.java:run(106)) - 8d69d0c9-c816-414c-ba1a-8b3ab85fb900:group-5F804FB35A26 changes to CANDIDATE, lastRpcTime:1028, electionTimeout:1026ms
2019-09-12 10:53:02,827 [Thread-383] INFO  impl.RoleInfo (RoleInfo.java:shutdownFollowerState(121)) - 8d69d0c9-c816-414c-ba1a-8b3ab85fb900: shutdown FollowerState
2019-09-12 10:53:02,827 [Thread-383] INFO  impl.RaftServerImpl (RaftServerImpl.java:setRole(171)) - 8d69d0c9-c816-414c-ba1a-8b3ab85fb900:group-5F804FB35A26 changes role from FOLLOWER to CANDIDATE at term 0 for changeToCandidate
2019-09-12 10:53:02,827 [Thread-383] INFO  impl.RoleInfo (RoleInfo.java:updateAndGet(143)) - 8d69d0c9-c816-414c-ba1a-8b3ab85fb900: start LeaderElection
2019-09-12 10:53:02,827 [grpc-default-executor-0] INFO  impl.RaftServerProxy (RaftServerProxy.java:addNew(89)) - 250b6484-39fc-4c26-8a98-91f8d9b3befa: addNew group-9D75080D72F4:[250b6484-39fc-4c26-8a98-91f8d9b3befa:192.168.157.195:34503] returns group-9D75080D72F4:java.util.concurrent.CompletableFuture@12a44ca1[Not completed]
2019-09-12 10:53:02,830 [250b6484-39fc-4c26-8a98-91f8d9b3befa:group-D3EE1D9960FD:LeaderElection24] INFO  impl.LeaderElection (LeaderElection.java:askForVotes(181)) - 250b6484-39fc-4c26-8a98-91f8d9b3befa:group-D3EE1D9960FD:LeaderElection24: begin an election at term 1 for -1: [250b6484-39fc-4c26-8a98-91f8d9b3befa:192.168.157.195:34503], old=null
2019-09-12 10:53:02,830 [250b6484-39fc-4c26-8a98-91f8d9b3befa:group-D3EE1D9960FD:LeaderElection24] INFO  impl.RoleInfo (RoleInfo.java:shutdownLeaderElection(134)) - 250b6484-39fc-4c26-8a98-91f8d9b3befa: shutdown LeaderElection
2019-09-12 10:53:02,830 [250b6484-39fc-4c26-8a98-91f8d9b3befa:group-D3EE1D9960FD:LeaderElection24] INFO  impl.RaftServerImpl (RaftServerImpl.java:setRole(171)) - 250b6484-39fc-4c26-8a98-91f8d9b3befa:group-D3EE1D9960FD changes role from CANDIDATE to LEADER at term 1 for changeToLeader
2019-09-12 10:53:02,830 [250b6484-39fc-4c26-8a98-91f8d9b3befa:group-D3EE1D9960FD:LeaderElection24] INFO  impl.RaftServerImpl (ServerState.java:setLeader(263)) - 250b6484-39fc-4c26-8a98-91f8d9b3befa:group-D3EE1D9960FD change Leader from null to 250b6484-39fc-4c26-8a98-91f8d9b3befa at term 1 for becomeLeader, leader elected after 1194ms
2019-09-12 10:53:02,831 [250b6484-39fc-4c26-8a98-91f8d9b3befa:group-D3EE1D9960FD:LeaderElection24] INFO  server.RaftServerConfigKeys (ConfUtils.java:logGet(43)) - raft.server.staging.catchup.gap = 1000 (default)
2019-09-12 10:53:02,831 [250b6484-39fc-4c26-8a98-91f8d9b3befa:group-D3EE1D9960FD:LeaderElection24] INFO  server.RaftServerConfigKeys (ConfUtils.java:logGet(43)) - raft.server.rpc.sleep.time = 25ms (default)
2019-09-12 10:53:02,831 [250b6484-39fc-4c26-8a98-91f8d9b3befa:group-D3EE1D9960FD:LeaderElection24] INFO  server.RaftServerConfigKeys (ConfUtils.java:logGet(43)) - raft.server.write.element-limit = 4096 (default)
2019-09-12 10:53:02,831 [pool-49-thread-1] INFO  impl.RaftServerImpl (RaftServerImpl.java:<init>(93)) - 250b6484-39fc-4c26-8a98-91f8d9b3befa: new RaftServerImpl for group-9D75080D72F4:[250b6484-39fc-4c26-8a98-91f8d9b3befa:192.168.157.195:34503] with ContainerStateMachine:uninitialized
2019-09-12 10:53:02,831 [250b6484-39fc-4c26-8a98-91f8d9b3befa:group-D3EE1D9960FD:LeaderElection24] INFO  server.RaftServerConfigKeys (ConfUtils.java:logGet(43)) - raft.server.watch.timeout = 10s (default)
2019-09-12 10:53:02,832 [pool-49-thread-1] INFO  server.RaftServerConfigKeys (ConfUtils.java:logGet(43)) - raft.server.rpc.timeout.min = 1s (custom)
2019-09-12 10:53:02,832 [250b6484-39fc-4c26-8a98-91f8d9b3befa:group-D3EE1D9960FD:LeaderElection24] INFO  server.RaftServerConfigKeys (ConfUtils.java:logGet(43)) - raft.server.watch.timeout.denomination = 1s (default)
2019-09-12 10:53:02,832 [pool-49-thread-1] INFO  server.RaftServerConfigKeys (ConfUtils.java:logGet(43)) - raft.server.rpc.timeout.max = 1200ms (custom)
2019-09-12 10:53:02,832 [250b6484-39fc-4c26-8a98-91f8d9b3befa:group-D3EE1D9960FD:LeaderElection24] INFO  server.RaftServerConfigKeys (ConfUtils.java:logGet(43)) - raft.server.watch.element-limit = 65536 (default)
2019-09-12 10:53:02,832 [pool-49-thread-1] INFO  server.RaftServerConfigKeys (ConfUtils.java:logGet(43)) - raft.server.rpcslowness.timeout = 120s (custom)
2019-09-12 10:53:02,832 [pool-49-thread-1] INFO  server.RaftServerConfigKeys (ConfUtils.java:logGet(43)) - raft.server.sleep.deviation.threshold = 300 (default)
2019-09-12 10:53:02,832 [250b6484-39fc-4c26-8a98-91f8d9b3befa:group-D3EE1D9960FD:LeaderElection24] INFO  impl.RoleInfo (RoleInfo.java:updateAndGet(143)) - 250b6484-39fc-4c26-8a98-91f8d9b3befa: start LeaderState
2019-09-12 10:53:02,832 [pool-49-thread-1] INFO  server.RaftServerConfigKeys (ConfUtils.java:logGet(43)) - raft.server.log.appender.install.snapshot.enabled = false (custom)
2019-09-12 10:53:02,833 [pool-49-thread-1] INFO  impl.RaftServerImpl (ServerState.java:<init>(105)) - 250b6484-39fc-4c26-8a98-91f8d9b3befa:group-9D75080D72F4 ConfigurationManager, init=-1: [250b6484-39fc-4c26-8a98-91f8d9b3befa:192.168.157.195:34503], old=null, confs=<EMPTY_MAP>
2019-09-12 10:53:02,833 [250b6484-39fc-4c26-8a98-91f8d9b3befa:group-D3EE1D9960FD:LeaderElection24] INFO  segmented.SegmentedRaftLogWorker (SegmentedRaftLogWorker.java:startLogSegment(380)) - 250b6484-39fc-4c26-8a98-91f8d9b3befa-SegmentedRaftLogWorker:Storage Directory /workdir/hadoop-ozone/integration-test/target/test-dir/MiniOzoneClusterImpl-838a7ec2-4afb-4d68-8138-46fa65bc7e11/datanode-2/data/ratis/5e82b356-296b-4f9b-afa6-d3ee1d9960fd: Starting segment from index:0
2019-09-12 10:53:02,833 [pool-49-thread-1] INFO  server.RaftServerConfigKeys (ConfUtils.java:logGet(43)) - raft.server.storage.dir = [/workdir/hadoop-ozone/integration-test/target/test-dir/MiniOzoneClusterImpl-838a7ec2-4afb-4d68-8138-46fa65bc7e11/datanode-2/data/ratis] (custom)
2019-09-12 10:53:02,834 [pool-49-thread-1] INFO  storage.RaftStorageDirectory (RaftStorageDirectory.java:analyzeStorage(246)) - The storage directory /workdir/hadoop-ozone/integration-test/target/test-dir/MiniOzoneClusterImpl-838a7ec2-4afb-4d68-8138-46fa65bc7e11/datanode-2/data/ratis/cc0dc345-a140-4347-96ce-9d75080d72f4 does not exist. Creating ...
2019-09-12 10:53:02,834 [250b6484-39fc-4c26-8a98-91f8d9b3befa:group-D3EE1D9960FD:LeaderElection24] INFO  impl.RaftServerImpl (ServerState.java:setRaftConf(361)) - 250b6484-39fc-4c26-8a98-91f8d9b3befa:group-D3EE1D9960FD set configuration 0: [250b6484-39fc-4c26-8a98-91f8d9b3befa:192.168.157.195:34503], old=null at 0
2019-09-12 10:53:02,863 [8d69d0c9-c816-414c-ba1a-8b3ab85fb900:group-5F804FB35A26:LeaderElection25] INFO  impl.LeaderElection (LeaderElection.java:askForVotes(181)) - 8d69d0c9-c816-414c-ba1a-8b3ab85fb900:group-5F804FB35A26:LeaderElection25: begin an election at term 1 for -1: [8d69d0c9-c816-414c-ba1a-8b3ab85fb900:192.168.157.195:38566], old=null
2019-09-12 10:53:02,863 [8d69d0c9-c816-414c-ba1a-8b3ab85fb900:group-5F804FB35A26:LeaderElection25] INFO  impl.RoleInfo (RoleInfo.java:shutdownLeaderElection(134)) - 8d69d0c9-c816-414c-ba1a-8b3ab85fb900: shutdown LeaderElection
2019-09-12 10:53:02,863 [8d69d0c9-c816-414c-ba1a-8b3ab85fb900:group-5F804FB35A26:LeaderElection25] INFO  impl.RaftServerImpl (RaftServerImpl.java:setRole(171)) - 8d69d0c9-c816-414c-ba1a-8b3ab85fb900:group-5F804FB35A26 changes role from CANDIDATE to LEADER at term 1 for changeToLeader
2019-09-12 10:53:02,863 [8d69d0c9-c816-414c-ba1a-8b3ab85fb900:group-5F804FB35A26:LeaderElection25] INFO  impl.RaftServerImpl (ServerState.java:setLeader(263)) - 8d69d0c9-c816-414c-ba1a-8b3ab85fb900:group-5F804FB35A26 change Leader from null to 8d69d0c9-c816-414c-ba1a-8b3ab85fb900 at term 1 for becomeLeader, leader elected after 1069ms
2019-09-12 10:53:02,864 [8d69d0c9-c816-414c-ba1a-8b3ab85fb900:group-5F804FB35A26:LeaderElection25] INFO  server.RaftServerConfigKeys (ConfUtils.java:logGet(43)) - raft.server.staging.catchup.gap = 1000 (default)
2019-09-12 10:53:02,864 [8d69d0c9-c816-414c-ba1a-8b3ab85fb900:group-5F804FB35A26:LeaderElection25] INFO  server.RaftServerConfigKeys (ConfUtils.java:logGet(43)) - raft.server.rpc.sleep.time = 25ms (default)
2019-09-12 10:53:02,864 [8d69d0c9-c816-414c-ba1a-8b3ab85fb900:group-5F804FB35A26:LeaderElection25] INFO  server.RaftServerConfigKeys (ConfUtils.java:logGet(43)) - raft.server.write.element-limit = 4096 (default)
2019-09-12 10:53:02,864 [8d69d0c9-c816-414c-ba1a-8b3ab85fb900:group-5F804FB35A26:LeaderElection25] INFO  server.RaftServerConfigKeys (ConfUtils.java:logGet(43)) - raft.server.watch.timeout = 10s (default)
2019-09-12 10:53:02,865 [8d69d0c9-c816-414c-ba1a-8b3ab85fb900:group-5F804FB35A26:LeaderElection25] INFO  server.RaftServerConfigKeys (ConfUtils.java:logGet(43)) - raft.server.watch.timeout.denomination = 1s (default)
2019-09-12 10:53:02,865 [8d69d0c9-c816-414c-ba1a-8b3ab85fb900:group-5F804FB35A26:LeaderElection25] INFO  server.RaftServerConfigKeys (ConfUtils.java:logGet(43)) - raft.server.watch.element-limit = 65536 (default)
2019-09-12 10:53:02,865 [8d69d0c9-c816-414c-ba1a-8b3ab85fb900:group-5F804FB35A26:LeaderElection25] INFO  impl.RoleInfo (RoleInfo.java:updateAndGet(143)) - 8d69d0c9-c816-414c-ba1a-8b3ab85fb900: start LeaderState
2019-09-12 10:53:02,865 [8d69d0c9-c816-414c-ba1a-8b3ab85fb900:group-5F804FB35A26:LeaderElection25] INFO  segmented.SegmentedRaftLogWorker (SegmentedRaftLogWorker.java:startLogSegment(380)) - 8d69d0c9-c816-414c-ba1a-8b3ab85fb900-SegmentedRaftLogWorker:Storage Directory /workdir/hadoop-ozone/integration-test/target/test-dir/MiniOzoneClusterImpl-838a7ec2-4afb-4d68-8138-46fa65bc7e11/datanode-4/data/ratis/f2551d0a-4135-4ebf-bbb0-5f804fb35a26: Starting segment from index:0
2019-09-12 10:53:02,866 [8d69d0c9-c816-414c-ba1a-8b3ab85fb900:group-5F804FB35A26:LeaderElection25] INFO  impl.RaftServerImpl (ServerState.java:setRaftConf(361)) - 8d69d0c9-c816-414c-ba1a-8b3ab85fb900:group-5F804FB35A26 set configuration 0: [8d69d0c9-c816-414c-ba1a-8b3ab85fb900:192.168.157.195:38566], old=null at 0
2019-09-12 10:53:02,892 [pool-49-thread-1] INFO  storage.RaftStorageDirectory (RaftStorageDirectory.java:tryLock(328)) - Lock on /workdir/hadoop-ozone/integration-test/target/test-dir/MiniOzoneClusterImpl-838a7ec2-4afb-4d68-8138-46fa65bc7e11/datanode-2/data/ratis/cc0dc345-a140-4347-96ce-9d75080d72f4/in_use.lock acquired by nodename 620@pr-hdds-1569-xtfnx-3545843844
2019-09-12 10:53:02,893 [250b6484-39fc-4c26-8a98-91f8d9b3befa-SegmentedRaftLogWorker:Storage Directory /workdir/hadoop-ozone/integration-test/target/test-dir/MiniOzoneClusterImpl-838a7ec2-4afb-4d68-8138-46fa65bc7e11/datanode-2/data/ratis/5e82b356-296b-4f9b-afa6-d3ee1d9960fd] INFO  segmented.SegmentedRaftLogWorker (SegmentedRaftLogWorker.java:execute(569)) - 250b6484-39fc-4c26-8a98-91f8d9b3befa-SegmentedRaftLogWorker:Storage Directory /workdir/hadoop-ozone/integration-test/target/test-dir/MiniOzoneClusterImpl-838a7ec2-4afb-4d68-8138-46fa65bc7e11/datanode-2/data/ratis/5e82b356-296b-4f9b-afa6-d3ee1d9960fd: created new log segment /workdir/hadoop-ozone/integration-test/target/test-dir/MiniOzoneClusterImpl-838a7ec2-4afb-4d68-8138-46fa65bc7e11/datanode-2/data/ratis/5e82b356-296b-4f9b-afa6-d3ee1d9960fd/current/log_inprogress_0
2019-09-12 10:53:02,905 [8d69d0c9-c816-414c-ba1a-8b3ab85fb900-SegmentedRaftLogWorker:Storage Directory /workdir/hadoop-ozone/integration-test/target/test-dir/MiniOzoneClusterImpl-838a7ec2-4afb-4d68-8138-46fa65bc7e11/datanode-4/data/ratis/f2551d0a-4135-4ebf-bbb0-5f804fb35a26] INFO  segmented.SegmentedRaftLogWorker (SegmentedRaftLogWorker.java:execute(569)) - 8d69d0c9-c816-414c-ba1a-8b3ab85fb900-SegmentedRaftLogWorker:Storage Directory /workdir/hadoop-ozone/integration-test/target/test-dir/MiniOzoneClusterImpl-838a7ec2-4afb-4d68-8138-46fa65bc7e11/datanode-4/data/ratis/f2551d0a-4135-4ebf-bbb0-5f804fb35a26: created new log segment /workdir/hadoop-ozone/integration-test/target/test-dir/MiniOzoneClusterImpl-838a7ec2-4afb-4d68-8138-46fa65bc7e11/datanode-4/data/ratis/f2551d0a-4135-4ebf-bbb0-5f804fb35a26/current/log_inprogress_0
2019-09-12 10:53:02,905 [pool-49-thread-1] INFO  storage.RaftStorage (RaftStorage.java:format(72)) - Storage directory /workdir/hadoop-ozone/integration-test/target/test-dir/MiniOzoneClusterImpl-838a7ec2-4afb-4d68-8138-46fa65bc7e11/datanode-2/data/ratis/cc0dc345-a140-4347-96ce-9d75080d72f4 has been successfully formatted.
2019-09-12 10:53:02,906 [pool-49-thread-1] INFO  ratis.ContainerStateMachine (ContainerStateMachine.java:loadSnapshot(226)) - group-9D75080D72F4: The snapshot info is null. Setting the last applied indexto:(t:0, i:~)
2019-09-12 10:53:02,906 [pool-49-thread-1] INFO  server.RaftServerConfigKeys (ConfUtils.java:logGet(43)) - raft.server.leader.election.timeout = 120s (custom)
2019-09-12 10:53:02,906 [pool-49-thread-1] INFO  server.RaftServerConfigKeys (ConfUtils.java:logGet(43)) - raft.server.log.use.memory = false (default)
2019-09-12 10:53:02,906 [pool-49-thread-1] INFO  server.RaftServerConfigKeys (ConfUtils.java:logGet(43)) - raft.server.log.purge.gap = 1000000 (custom)
2019-09-12 10:53:02,906 [pool-49-thread-1] INFO  server.RaftServerConfigKeys (ConfUtils.java:logGet(43)) - raft.server.log.appender.buffer.byte-limit = 33554432 (custom)
2019-09-12 10:53:02,907 [pool-49-thread-1] INFO  server.RaftServerConfigKeys (ConfUtils.java:logGet(43)) - raft.server.log.segment.size.max = 1048576 (custom)
2019-09-12 10:53:02,907 [pool-49-thread-1] INFO  server.RaftServerConfigKeys (ConfUtils.java:logGet(43)) - raft.server.log.segment.cache.num.max = 2 (custom)
2019-09-12 10:53:02,907 [pool-49-thread-1] INFO  segmented.SegmentedRaftLogWorker (SegmentedRaftLogWorker.java:<init>(172)) - new 250b6484-39fc-4c26-8a98-91f8d9b3befa-SegmentedRaftLogWorker:Storage Directory /workdir/hadoop-ozone/integration-test/target/test-dir/MiniOzoneClusterImpl-838a7ec2-4afb-4d68-8138-46fa65bc7e11/datanode-2/data/ratis/cc0dc345-a140-4347-96ce-9d75080d72f4 for RaftStorage:Storage Directory /workdir/hadoop-ozone/integration-test/target/test-dir/MiniOzoneClusterImpl-838a7ec2-4afb-4d68-8138-46fa65bc7e11/datanode-2/data/ratis/cc0dc345-a140-4347-96ce-9d75080d72f4
2019-09-12 10:53:02,907 [pool-49-thread-1] INFO  server.RaftServerConfigKeys (ConfUtils.java:logGet(43)) - raft.server.log.queue.byte-limit = 2147483647 (custom)
2019-09-12 10:53:02,907 [pool-49-thread-1] INFO  server.RaftServerConfigKeys (ConfUtils.java:logGet(43)) - raft.server.log.queue.element-limit = 1024 (custom)
2019-09-12 10:53:02,907 [pool-49-thread-1] INFO  server.RaftServerConfigKeys (ConfUtils.java:logGet(43)) - raft.server.log.segment.size.max = 1048576 (custom)
2019-09-12 10:53:02,908 [pool-49-thread-1] INFO  server.RaftServerConfigKeys (ConfUtils.java:logGet(43)) - raft.server.log.preallocated.size = 16384 (custom)
2019-09-12 10:53:02,908 [pool-49-thread-1] INFO  server.RaftServerConfigKeys (ConfUtils.java:logGet(43)) - raft.server.log.write.buffer.size = 33554432 (custom)
2019-09-12 10:53:02,908 [pool-49-thread-1] INFO  server.RaftServerConfigKeys (ConfUtils.java:logGet(43)) - raft.server.log.force.sync.num = 128 (default)
2019-09-12 10:53:02,908 [pool-49-thread-1] INFO  server.RaftServerConfigKeys (ConfUtils.java:logGet(43)) - raft.server.log.statemachine.data.sync = true (default)
2019-09-12 10:53:02,908 [pool-49-thread-1] INFO  server.RaftServerConfigKeys (ConfUtils.java:logGet(43)) - raft.server.log.statemachine.data.sync.timeout = 10s (default)
2019-09-12 10:53:02,908 [pool-49-thread-1] INFO  server.RaftServerConfigKeys (ConfUtils.java:logGet(43)) - raft.server.log.statemachine.data.sync.timeout.retry = -1 (default)
2019-09-12 10:53:02,909 [pool-49-thread-1] INFO  server.RaftServerConfigKeys (ConfUtils.java:logGet(43)) - raft.server.log.statemachine.data.caching.enabled = true (custom)
2019-09-12 10:53:02,909 [pool-49-thread-1] INFO  segmented.SegmentedRaftLogWorker (SegmentedRaftLogWorker.java:lambda$new$0(132)) - 250b6484-39fc-4c26-8a98-91f8d9b3befa-SegmentedRaftLogWorker:Storage Directory /workdir/hadoop-ozone/integration-test/target/test-dir/MiniOzoneClusterImpl-838a7ec2-4afb-4d68-8138-46fa65bc7e11/datanode-2/data/ratis/cc0dc345-a140-4347-96ce-9d75080d72f4: flushIndex: setUnconditionally 0 -> -1
2019-09-12 10:53:02,909 [pool-49-thread-1] INFO  server.RaftServerConfigKeys (ConfUtils.java:logGet(43)) - raft.server.snapshot.auto.trigger.enabled = true (custom)
2019-09-12 10:53:02,910 [pool-49-thread-1] INFO  server.RaftServerConfigKeys (ConfUtils.java:logGet(43)) - raft.server.snapshot.auto.trigger.threshold = 10000 (custom)
2019-09-12 10:53:02,910 [pool-49-thread-1] INFO  server.RaftServerConfigKeys (ConfUtils.java:logGet(43)) - raft.server.retrycache.expirytime = 600000ms (custom)
2019-09-12 10:53:02,910 [pool-49-thread-1] INFO  impl.RaftServerImpl (RaftServerImpl.java:start(180)) - 250b6484-39fc-4c26-8a98-91f8d9b3befa: start group-9D75080D72F4
2019-09-12 10:53:02,910 [pool-49-thread-1] INFO  impl.RaftServerImpl (RaftServerImpl.java:setRole(171)) - 250b6484-39fc-4c26-8a98-91f8d9b3befa:group-9D75080D72F4 changes role from null to FOLLOWER at term 0 for startAsFollower
2019-09-12 10:53:02,910 [pool-49-thread-1] INFO  impl.RoleInfo (RoleInfo.java:updateAndGet(143)) - 250b6484-39fc-4c26-8a98-91f8d9b3befa: start FollowerState
2019-09-12 10:53:02,911 [pool-49-thread-1] INFO  util.JmxRegister (JmxRegister.java:tryRegister(44)) - Successfully registered JMX Bean with object name Ratis:service=RaftServer,group=group-9D75080D72F4,id=250b6484-39fc-4c26-8a98-91f8d9b3befa
2019-09-12 10:53:02,917 [RatisPipelineUtilsThread] INFO  pipeline.PipelineStateManager (PipelineStateManager.java:addPipeline(56)) - Created pipeline Pipeline[ Id: cc0dc345-a140-4347-96ce-9d75080d72f4, Nodes: 250b6484-39fc-4c26-8a98-91f8d9b3befa{ip: 192.168.157.195, host: pr-hdds-1569-xtfnx-3545843844, networkLocation: /default-rack, certSerialId: null}, Type:RATIS, Factor:ONE, State:OPEN]
2019-09-12 10:53:02,918 [RatisPipelineUtilsThread] ERROR pipeline.PipelinePlacementPolicy (PipelinePlacementPolicy.java:meetCriteria(91)) - Pipeline Placement: Doesn't meet the criteria to be viable node. Heaviness: 6
2019-09-12 10:53:02,918 [RatisPipelineUtilsThread] ERROR pipeline.PipelinePlacementPolicy (PipelinePlacementPolicy.java:meetCriteria(91)) - Pipeline Placement: Doesn't meet the criteria to be viable node. Heaviness: 6
2019-09-12 10:53:02,918 [RatisPipelineUtilsThread] ERROR pipeline.PipelinePlacementPolicy (PipelinePlacementPolicy.java:meetCriteria(91)) - Pipeline Placement: Doesn't meet the criteria to be viable node. Heaviness: 6
2019-09-12 10:53:02,923 | INFO  | SCMAudit | user=jenkins1000 | ip=192.168.157.195 | op=SEND_HEARTBEAT {datanodeUUID=35ed61f3-e470-497f-b63f-7decb4cef9e0, command=[]} | ret=SUCCESS |  
2019-09-12 10:53:02,929 [grpc-default-executor-0] INFO  impl.RaftServerProxy (RaftServerProxy.java:addNew(89)) - 3aa8f21e-cbc0-493e-b8ca-fbb3b21697d5: addNew group-823A722CFDEA:[3aa8f21e-cbc0-493e-b8ca-fbb3b21697d5:192.168.157.195:34525] returns group-823A722CFDEA:java.util.concurrent.CompletableFuture@63a9a693[Not completed]
2019-09-12 10:53:02,930 [pool-82-thread-1] INFO  impl.RaftServerImpl (RaftServerImpl.java:<init>(93)) - 3aa8f21e-cbc0-493e-b8ca-fbb3b21697d5: new RaftServerImpl for group-823A722CFDEA:[3aa8f21e-cbc0-493e-b8ca-fbb3b21697d5:192.168.157.195:34525] with ContainerStateMachine:uninitialized
2019-09-12 10:53:02,930 [pool-82-thread-1] INFO  server.RaftServerConfigKeys (ConfUtils.java:logGet(43)) - raft.server.rpc.timeout.min = 1s (custom)
2019-09-12 10:53:02,931 [pool-82-thread-1] INFO  server.RaftServerConfigKeys (ConfUtils.java:logGet(43)) - raft.server.rpc.timeout.max = 1200ms (custom)
2019-09-12 10:53:02,931 [pool-82-thread-1] INFO  server.RaftServerConfigKeys (ConfUtils.java:logGet(43)) - raft.server.rpcslowness.timeout = 120s (custom)
2019-09-12 10:53:02,931 [pool-82-thread-1] INFO  server.RaftServerConfigKeys (ConfUtils.java:logGet(43)) - raft.server.sleep.deviation.threshold = 300 (default)
2019-09-12 10:53:02,931 [pool-82-thread-1] INFO  server.RaftServerConfigKeys (ConfUtils.java:logGet(43)) - raft.server.log.appender.install.snapshot.enabled = false (custom)
2019-09-12 10:53:02,931 [pool-82-thread-1] INFO  impl.RaftServerImpl (ServerState.java:<init>(105)) - 3aa8f21e-cbc0-493e-b8ca-fbb3b21697d5:group-823A722CFDEA ConfigurationManager, init=-1: [3aa8f21e-cbc0-493e-b8ca-fbb3b21697d5:192.168.157.195:34525], old=null, confs=<EMPTY_MAP>
2019-09-12 10:53:02,931 [pool-82-thread-1] INFO  server.RaftServerConfigKeys (ConfUtils.java:logGet(43)) - raft.server.storage.dir = [/workdir/hadoop-ozone/integration-test/target/test-dir/MiniOzoneClusterImpl-838a7ec2-4afb-4d68-8138-46fa65bc7e11/datanode-5/data/ratis] (custom)
2019-09-12 10:53:02,932 [pool-82-thread-1] INFO  storage.RaftStorageDirectory (RaftStorageDirectory.java:analyzeStorage(246)) - The storage directory /workdir/hadoop-ozone/integration-test/target/test-dir/MiniOzoneClusterImpl-838a7ec2-4afb-4d68-8138-46fa65bc7e11/datanode-5/data/ratis/d682cc82-0cb8-4648-ab37-823a722cfdea does not exist. Creating ...
2019-09-12 10:53:02,945 [pool-82-thread-1] INFO  storage.RaftStorageDirectory (RaftStorageDirectory.java:tryLock(328)) - Lock on /workdir/hadoop-ozone/integration-test/target/test-dir/MiniOzoneClusterImpl-838a7ec2-4afb-4d68-8138-46fa65bc7e11/datanode-5/data/ratis/d682cc82-0cb8-4648-ab37-823a722cfdea/in_use.lock acquired by nodename 620@pr-hdds-1569-xtfnx-3545843844
2019-09-12 10:53:02,958 [pool-82-thread-1] INFO  storage.RaftStorage (RaftStorage.java:format(72)) - Storage directory /workdir/hadoop-ozone/integration-test/target/test-dir/MiniOzoneClusterImpl-838a7ec2-4afb-4d68-8138-46fa65bc7e11/datanode-5/data/ratis/d682cc82-0cb8-4648-ab37-823a722cfdea has been successfully formatted.
2019-09-12 10:53:02,959 [pool-82-thread-1] INFO  ratis.ContainerStateMachine (ContainerStateMachine.java:loadSnapshot(226)) - group-823A722CFDEA: The snapshot info is null. Setting the last applied indexto:(t:0, i:~)
2019-09-12 10:53:02,959 [pool-82-thread-1] INFO  server.RaftServerConfigKeys (ConfUtils.java:logGet(43)) - raft.server.leader.election.timeout = 120s (custom)
2019-09-12 10:53:02,959 [pool-82-thread-1] INFO  server.RaftServerConfigKeys (ConfUtils.java:logGet(43)) - raft.server.log.use.memory = false (default)
2019-09-12 10:53:02,959 [pool-82-thread-1] INFO  server.RaftServerConfigKeys (ConfUtils.java:logGet(43)) - raft.server.log.purge.gap = 1000000 (custom)
2019-09-12 10:53:02,959 [pool-82-thread-1] INFO  server.RaftServerConfigKeys (ConfUtils.java:logGet(43)) - raft.server.log.appender.buffer.byte-limit = 33554432 (custom)
2019-09-12 10:53:02,959 [pool-82-thread-1] INFO  server.RaftServerConfigKeys (ConfUtils.java:logGet(43)) - raft.server.log.segment.size.max = 1048576 (custom)
2019-09-12 10:53:02,959 [pool-82-thread-1] INFO  server.RaftServerConfigKeys (ConfUtils.java:logGet(43)) - raft.server.log.segment.cache.num.max = 2 (custom)
2019-09-12 10:53:02,959 [pool-82-thread-1] INFO  segmented.SegmentedRaftLogWorker (SegmentedRaftLogWorker.java:<init>(172)) - new 3aa8f21e-cbc0-493e-b8ca-fbb3b21697d5-SegmentedRaftLogWorker:Storage Directory /workdir/hadoop-ozone/integration-test/target/test-dir/MiniOzoneClusterImpl-838a7ec2-4afb-4d68-8138-46fa65bc7e11/datanode-5/data/ratis/d682cc82-0cb8-4648-ab37-823a722cfdea for RaftStorage:Storage Directory /workdir/hadoop-ozone/integration-test/target/test-dir/MiniOzoneClusterImpl-838a7ec2-4afb-4d68-8138-46fa65bc7e11/datanode-5/data/ratis/d682cc82-0cb8-4648-ab37-823a722cfdea
2019-09-12 10:53:02,960 [pool-82-thread-1] INFO  server.RaftServerConfigKeys (ConfUtils.java:logGet(43)) - raft.server.log.queue.byte-limit = 2147483647 (custom)
2019-09-12 10:53:02,960 [pool-82-thread-1] INFO  server.RaftServerConfigKeys (ConfUtils.java:logGet(43)) - raft.server.log.queue.element-limit = 1024 (custom)
2019-09-12 10:53:02,960 [pool-82-thread-1] INFO  server.RaftServerConfigKeys (ConfUtils.java:logGet(43)) - raft.server.log.segment.size.max = 1048576 (custom)
2019-09-12 10:53:02,960 [pool-82-thread-1] INFO  server.RaftServerConfigKeys (ConfUtils.java:logGet(43)) - raft.server.log.preallocated.size = 16384 (custom)
2019-09-12 10:53:02,960 [pool-82-thread-1] INFO  server.RaftServerConfigKeys (ConfUtils.java:logGet(43)) - raft.server.log.write.buffer.size = 33554432 (custom)
2019-09-12 10:53:02,960 [pool-82-thread-1] INFO  server.RaftServerConfigKeys (ConfUtils.java:logGet(43)) - raft.server.log.force.sync.num = 128 (default)
2019-09-12 10:53:02,960 [pool-82-thread-1] INFO  server.RaftServerConfigKeys (ConfUtils.java:logGet(43)) - raft.server.log.statemachine.data.sync = true (default)
2019-09-12 10:53:02,960 [pool-82-thread-1] INFO  server.RaftServerConfigKeys (ConfUtils.java:logGet(43)) - raft.server.log.statemachine.data.sync.timeout = 10s (default)
2019-09-12 10:53:02,961 [pool-82-thread-1] INFO  server.RaftServerConfigKeys (ConfUtils.java:logGet(43)) - raft.server.log.statemachine.data.sync.timeout.retry = -1 (default)
2019-09-12 10:53:02,961 [pool-82-thread-1] INFO  server.RaftServerConfigKeys (ConfUtils.java:logGet(43)) - raft.server.log.statemachine.data.caching.enabled = true (custom)
2019-09-12 10:53:02,961 [pool-82-thread-1] INFO  segmented.SegmentedRaftLogWorker (SegmentedRaftLogWorker.java:lambda$new$0(132)) - 3aa8f21e-cbc0-493e-b8ca-fbb3b21697d5-SegmentedRaftLogWorker:Storage Directory /workdir/hadoop-ozone/integration-test/target/test-dir/MiniOzoneClusterImpl-838a7ec2-4afb-4d68-8138-46fa65bc7e11/datanode-5/data/ratis/d682cc82-0cb8-4648-ab37-823a722cfdea: flushIndex: setUnconditionally 0 -> -1
2019-09-12 10:53:02,961 [pool-82-thread-1] INFO  server.RaftServerConfigKeys (ConfUtils.java:logGet(43)) - raft.server.snapshot.auto.trigger.enabled = true (custom)
2019-09-12 10:53:02,962 [pool-82-thread-1] INFO  server.RaftServerConfigKeys (ConfUtils.java:logGet(43)) - raft.server.snapshot.auto.trigger.threshold = 10000 (custom)
2019-09-12 10:53:02,962 [pool-82-thread-1] INFO  server.RaftServerConfigKeys (ConfUtils.java:logGet(43)) - raft.server.retrycache.expirytime = 600000ms (custom)
2019-09-12 10:53:02,962 [pool-82-thread-1] INFO  impl.RaftServerImpl (RaftServerImpl.java:start(180)) - 3aa8f21e-cbc0-493e-b8ca-fbb3b21697d5: start group-823A722CFDEA
2019-09-12 10:53:02,962 [pool-82-thread-1] INFO  impl.RaftServerImpl (RaftServerImpl.java:setRole(171)) - 3aa8f21e-cbc0-493e-b8ca-fbb3b21697d5:group-823A722CFDEA changes role from null to FOLLOWER at term 0 for startAsFollower
2019-09-12 10:53:02,962 [pool-82-thread-1] INFO  impl.RoleInfo (RoleInfo.java:updateAndGet(143)) - 3aa8f21e-cbc0-493e-b8ca-fbb3b21697d5: start FollowerState
2019-09-12 10:53:02,963 [pool-82-thread-1] INFO  util.JmxRegister (JmxRegister.java:tryRegister(44)) - Successfully registered JMX Bean with object name Ratis:service=RaftServer,group=group-823A722CFDEA,id=3aa8f21e-cbc0-493e-b8ca-fbb3b21697d5
2019-09-12 10:53:02,969 [RatisPipelineUtilsThread] INFO  pipeline.PipelineStateManager (PipelineStateManager.java:addPipeline(56)) - Created pipeline Pipeline[ Id: d682cc82-0cb8-4648-ab37-823a722cfdea, Nodes: 3aa8f21e-cbc0-493e-b8ca-fbb3b21697d5{ip: 192.168.157.195, host: pr-hdds-1569-xtfnx-3545843844, networkLocation: /default-rack, certSerialId: null}, Type:RATIS, Factor:ONE, State:OPEN]
2019-09-12 10:53:02,969 [RatisPipelineUtilsThread] ERROR pipeline.PipelinePlacementPolicy (PipelinePlacementPolicy.java:meetCriteria(91)) - Pipeline Placement: Doesn't meet the criteria to be viable node. Heaviness: 6
2019-09-12 10:53:02,969 [RatisPipelineUtilsThread] ERROR pipeline.PipelinePlacementPolicy (PipelinePlacementPolicy.java:meetCriteria(91)) - Pipeline Placement: Doesn't meet the criteria to be viable node. Heaviness: 6
2019-09-12 10:53:02,969 [RatisPipelineUtilsThread] ERROR pipeline.PipelinePlacementPolicy (PipelinePlacementPolicy.java:meetCriteria(91)) - Pipeline Placement: Doesn't meet the criteria to be viable node. Heaviness: 6
2019-09-12 10:53:02,978 [grpc-default-executor-0] INFO  impl.RaftServerProxy (RaftServerProxy.java:addNew(89)) - e4f93bd3-fff9-4926-9bf8-61056d59521f: addNew group-6EFE78430D78:[e4f93bd3-fff9-4926-9bf8-61056d59521f:192.168.157.195:41370] returns group-6EFE78430D78:java.util.concurrent.CompletableFuture@562fdffa[Not completed]
2019-09-12 10:53:02,980 [pool-60-thread-1] INFO  impl.RaftServerImpl (RaftServerImpl.java:<init>(93)) - e4f93bd3-fff9-4926-9bf8-61056d59521f: new RaftServerImpl for group-6EFE78430D78:[e4f93bd3-fff9-4926-9bf8-61056d59521f:192.168.157.195:41370] with ContainerStateMachine:uninitialized
2019-09-12 10:53:02,980 [pool-60-thread-1] INFO  server.RaftServerConfigKeys (ConfUtils.java:logGet(43)) - raft.server.rpc.timeout.min = 1s (custom)
2019-09-12 10:53:02,980 [pool-60-thread-1] INFO  server.RaftServerConfigKeys (ConfUtils.java:logGet(43)) - raft.server.rpc.timeout.max = 1200ms (custom)
2019-09-12 10:53:02,980 [pool-60-thread-1] INFO  server.RaftServerConfigKeys (ConfUtils.java:logGet(43)) - raft.server.rpcslowness.timeout = 120s (custom)
2019-09-12 10:53:02,980 [pool-60-thread-1] INFO  server.RaftServerConfigKeys (ConfUtils.java:logGet(43)) - raft.server.sleep.deviation.threshold = 300 (default)
2019-09-12 10:53:02,980 [pool-60-thread-1] INFO  server.RaftServerConfigKeys (ConfUtils.java:logGet(43)) - raft.server.log.appender.install.snapshot.enabled = false (custom)
2019-09-12 10:53:02,980 [pool-60-thread-1] INFO  impl.RaftServerImpl (ServerState.java:<init>(105)) - e4f93bd3-fff9-4926-9bf8-61056d59521f:group-6EFE78430D78 ConfigurationManager, init=-1: [e4f93bd3-fff9-4926-9bf8-61056d59521f:192.168.157.195:41370], old=null, confs=<EMPTY_MAP>
2019-09-12 10:53:02,980 [pool-60-thread-1] INFO  server.RaftServerConfigKeys (ConfUtils.java:logGet(43)) - raft.server.storage.dir = [/workdir/hadoop-ozone/integration-test/target/test-dir/MiniOzoneClusterImpl-838a7ec2-4afb-4d68-8138-46fa65bc7e11/datanode-3/data/ratis] (custom)
2019-09-12 10:53:02,981 [pool-60-thread-1] INFO  storage.RaftStorageDirectory (RaftStorageDirectory.java:analyzeStorage(246)) - The storage directory /workdir/hadoop-ozone/integration-test/target/test-dir/MiniOzoneClusterImpl-838a7ec2-4afb-4d68-8138-46fa65bc7e11/datanode-3/data/ratis/a04451dd-2442-4c36-993e-6efe78430d78 does not exist. Creating ...
2019-09-12 10:53:02,993 [pool-60-thread-1] INFO  storage.RaftStorageDirectory (RaftStorageDirectory.java:tryLock(328)) - Lock on /workdir/hadoop-ozone/integration-test/target/test-dir/MiniOzoneClusterImpl-838a7ec2-4afb-4d68-8138-46fa65bc7e11/datanode-3/data/ratis/a04451dd-2442-4c36-993e-6efe78430d78/in_use.lock acquired by nodename 620@pr-hdds-1569-xtfnx-3545843844
2019-09-12 10:53:03,007 [pool-60-thread-1] INFO  storage.RaftStorage (RaftStorage.java:format(72)) - Storage directory /workdir/hadoop-ozone/integration-test/target/test-dir/MiniOzoneClusterImpl-838a7ec2-4afb-4d68-8138-46fa65bc7e11/datanode-3/data/ratis/a04451dd-2442-4c36-993e-6efe78430d78 has been successfully formatted.
2019-09-12 10:53:03,007 [pool-60-thread-1] INFO  ratis.ContainerStateMachine (ContainerStateMachine.java:loadSnapshot(226)) - group-6EFE78430D78: The snapshot info is null. Setting the last applied indexto:(t:0, i:~)
2019-09-12 10:53:03,007 [pool-60-thread-1] INFO  server.RaftServerConfigKeys (ConfUtils.java:logGet(43)) - raft.server.leader.election.timeout = 120s (custom)
2019-09-12 10:53:03,007 [pool-60-thread-1] INFO  server.RaftServerConfigKeys (ConfUtils.java:logGet(43)) - raft.server.log.use.memory = false (default)
2019-09-12 10:53:03,008 [pool-60-thread-1] INFO  server.RaftServerConfigKeys (ConfUtils.java:logGet(43)) - raft.server.log.purge.gap = 1000000 (custom)
2019-09-12 10:53:03,008 [pool-60-thread-1] INFO  server.RaftServerConfigKeys (ConfUtils.java:logGet(43)) - raft.server.log.appender.buffer.byte-limit = 33554432 (custom)
2019-09-12 10:53:03,008 [pool-60-thread-1] INFO  server.RaftServerConfigKeys (ConfUtils.java:logGet(43)) - raft.server.log.segment.size.max = 1048576 (custom)
2019-09-12 10:53:03,008 [pool-60-thread-1] INFO  server.RaftServerConfigKeys (ConfUtils.java:logGet(43)) - raft.server.log.segment.cache.num.max = 2 (custom)
2019-09-12 10:53:03,008 [pool-60-thread-1] INFO  segmented.SegmentedRaftLogWorker (SegmentedRaftLogWorker.java:<init>(172)) - new e4f93bd3-fff9-4926-9bf8-61056d59521f-SegmentedRaftLogWorker:Storage Directory /workdir/hadoop-ozone/integration-test/target/test-dir/MiniOzoneClusterImpl-838a7ec2-4afb-4d68-8138-46fa65bc7e11/datanode-3/data/ratis/a04451dd-2442-4c36-993e-6efe78430d78 for RaftStorage:Storage Directory /workdir/hadoop-ozone/integration-test/target/test-dir/MiniOzoneClusterImpl-838a7ec2-4afb-4d68-8138-46fa65bc7e11/datanode-3/data/ratis/a04451dd-2442-4c36-993e-6efe78430d78
2019-09-12 10:53:03,008 [pool-60-thread-1] INFO  server.RaftServerConfigKeys (ConfUtils.java:logGet(43)) - raft.server.log.queue.byte-limit = 2147483647 (custom)
2019-09-12 10:53:03,009 [pool-60-thread-1] INFO  server.RaftServerConfigKeys (ConfUtils.java:logGet(43)) - raft.server.log.queue.element-limit = 1024 (custom)
2019-09-12 10:53:03,009 [pool-60-thread-1] INFO  server.RaftServerConfigKeys (ConfUtils.java:logGet(43)) - raft.server.log.segment.size.max = 1048576 (custom)
2019-09-12 10:53:03,009 [pool-60-thread-1] INFO  server.RaftServerConfigKeys (ConfUtils.java:logGet(43)) - raft.server.log.preallocated.size = 16384 (custom)
2019-09-12 10:53:03,009 [pool-60-thread-1] INFO  server.RaftServerConfigKeys (ConfUtils.java:logGet(43)) - raft.server.log.write.buffer.size = 33554432 (custom)
2019-09-12 10:53:03,009 [pool-60-thread-1] INFO  server.RaftServerConfigKeys (ConfUtils.java:logGet(43)) - raft.server.log.force.sync.num = 128 (default)
2019-09-12 10:53:03,009 [pool-60-thread-1] INFO  server.RaftServerConfigKeys (ConfUtils.java:logGet(43)) - raft.server.log.statemachine.data.sync = true (default)
2019-09-12 10:53:03,009 [pool-60-thread-1] INFO  server.RaftServerConfigKeys (ConfUtils.java:logGet(43)) - raft.server.log.statemachine.data.sync.timeout = 10s (default)
2019-09-12 10:53:03,009 [pool-60-thread-1] INFO  server.RaftServerConfigKeys (ConfUtils.java:logGet(43)) - raft.server.log.statemachine.data.sync.timeout.retry = -1 (default)
2019-09-12 10:53:03,010 [pool-60-thread-1] INFO  server.RaftServerConfigKeys (ConfUtils.java:logGet(43)) - raft.server.log.statemachine.data.caching.enabled = true (custom)
2019-09-12 10:53:03,010 [pool-60-thread-1] INFO  segmented.SegmentedRaftLogWorker (SegmentedRaftLogWorker.java:lambda$new$0(132)) - e4f93bd3-fff9-4926-9bf8-61056d59521f-SegmentedRaftLogWorker:Storage Directory /workdir/hadoop-ozone/integration-test/target/test-dir/MiniOzoneClusterImpl-838a7ec2-4afb-4d68-8138-46fa65bc7e11/datanode-3/data/ratis/a04451dd-2442-4c36-993e-6efe78430d78: flushIndex: setUnconditionally 0 -> -1
2019-09-12 10:53:03,010 [pool-60-thread-1] INFO  server.RaftServerConfigKeys (ConfUtils.java:logGet(43)) - raft.server.snapshot.auto.trigger.enabled = true (custom)
2019-09-12 10:53:03,010 [pool-60-thread-1] INFO  server.RaftServerConfigKeys (ConfUtils.java:logGet(43)) - raft.server.snapshot.auto.trigger.threshold = 10000 (custom)
2019-09-12 10:53:03,011 [pool-60-thread-1] INFO  server.RaftServerConfigKeys (ConfUtils.java:logGet(43)) - raft.server.retrycache.expirytime = 600000ms (custom)
2019-09-12 10:53:03,011 [pool-60-thread-1] INFO  impl.RaftServerImpl (RaftServerImpl.java:start(180)) - e4f93bd3-fff9-4926-9bf8-61056d59521f: start group-6EFE78430D78
2019-09-12 10:53:03,011 [pool-60-thread-1] INFO  impl.RaftServerImpl (RaftServerImpl.java:setRole(171)) - e4f93bd3-fff9-4926-9bf8-61056d59521f:group-6EFE78430D78 changes role from null to FOLLOWER at term 0 for startAsFollower
2019-09-12 10:53:03,011 [pool-60-thread-1] INFO  impl.RoleInfo (RoleInfo.java:updateAndGet(143)) - e4f93bd3-fff9-4926-9bf8-61056d59521f: start FollowerState
2019-09-12 10:53:03,012 [pool-60-thread-1] INFO  util.JmxRegister (JmxRegister.java:tryRegister(44)) - Successfully registered JMX Bean with object name Ratis:service=RaftServer,group=group-6EFE78430D78,id=e4f93bd3-fff9-4926-9bf8-61056d59521f
2019-09-12 10:53:03,020 [RatisPipelineUtilsThread] INFO  pipeline.PipelineStateManager (PipelineStateManager.java:addPipeline(56)) - Created pipeline Pipeline[ Id: a04451dd-2442-4c36-993e-6efe78430d78, Nodes: e4f93bd3-fff9-4926-9bf8-61056d59521f{ip: 192.168.157.195, host: pr-hdds-1569-xtfnx-3545843844, networkLocation: /default-rack, certSerialId: null}, Type:RATIS, Factor:ONE, State:OPEN]
2019-09-12 10:53:03,020 [RatisPipelineUtilsThread] ERROR pipeline.PipelinePlacementPolicy (PipelinePlacementPolicy.java:meetCriteria(91)) - Pipeline Placement: Doesn't meet the criteria to be viable node. Heaviness: 6
2019-09-12 10:53:03,020 [RatisPipelineUtilsThread] ERROR pipeline.PipelinePlacementPolicy (PipelinePlacementPolicy.java:meetCriteria(91)) - Pipeline Placement: Doesn't meet the criteria to be viable node. Heaviness: 6
2019-09-12 10:53:03,020 [RatisPipelineUtilsThread] ERROR pipeline.PipelinePlacementPolicy (PipelinePlacementPolicy.java:meetCriteria(91)) - Pipeline Placement: Doesn't meet the criteria to be viable node. Heaviness: 6
2019-09-12 10:53:03,039 [Thread-397] INFO  impl.FollowerState (FollowerState.java:run(106)) - 250b6484-39fc-4c26-8a98-91f8d9b3befa:group-AB716CCE50A1 changes to CANDIDATE, lastRpcTime:1005, electionTimeout:1004ms
2019-09-12 10:53:03,039 [Thread-397] INFO  impl.RoleInfo (RoleInfo.java:shutdownFollowerState(121)) - 250b6484-39fc-4c26-8a98-91f8d9b3befa: shutdown FollowerState
2019-09-12 10:53:03,039 [Thread-397] INFO  impl.RaftServerImpl (RaftServerImpl.java:setRole(171)) - 250b6484-39fc-4c26-8a98-91f8d9b3befa:group-AB716CCE50A1 changes role from FOLLOWER to CANDIDATE at term 0 for changeToCandidate
2019-09-12 10:53:03,039 [Thread-397] INFO  impl.RoleInfo (RoleInfo.java:updateAndGet(143)) - 250b6484-39fc-4c26-8a98-91f8d9b3befa: start LeaderElection
2019-09-12 10:53:03,047 [grpc-default-executor-0] INFO  impl.RaftServerProxy (RaftServerProxy.java:addNew(89)) - e4f93bd3-fff9-4926-9bf8-61056d59521f: addNew group-D680AEF4E21E:[e4f93bd3-fff9-4926-9bf8-61056d59521f:192.168.157.195:41370] returns group-D680AEF4E21E:java.util.concurrent.CompletableFuture@21433fb7[Not completed]
2019-09-12 10:53:03,049 [pool-60-thread-1] INFO  impl.RaftServerImpl (RaftServerImpl.java:<init>(93)) - e4f93bd3-fff9-4926-9bf8-61056d59521f: new RaftServerImpl for group-D680AEF4E21E:[e4f93bd3-fff9-4926-9bf8-61056d59521f:192.168.157.195:41370] with ContainerStateMachine:uninitialized
2019-09-12 10:53:03,049 [pool-60-thread-1] INFO  server.RaftServerConfigKeys (ConfUtils.java:logGet(43)) - raft.server.rpc.timeout.min = 1s (custom)
2019-09-12 10:53:03,049 [pool-60-thread-1] INFO  server.RaftServerConfigKeys (ConfUtils.java:logGet(43)) - raft.server.rpc.timeout.max = 1200ms (custom)
2019-09-12 10:53:03,049 [pool-60-thread-1] INFO  server.RaftServerConfigKeys (ConfUtils.java:logGet(43)) - raft.server.rpcslowness.timeout = 120s (custom)
2019-09-12 10:53:03,049 [pool-60-thread-1] INFO  server.RaftServerConfigKeys (ConfUtils.java:logGet(43)) - raft.server.sleep.deviation.threshold = 300 (default)
2019-09-12 10:53:03,049 [pool-60-thread-1] INFO  server.RaftServerConfigKeys (ConfUtils.java:logGet(43)) - raft.server.log.appender.install.snapshot.enabled = false (custom)
2019-09-12 10:53:03,049 [pool-60-thread-1] INFO  impl.RaftServerImpl (ServerState.java:<init>(105)) - e4f93bd3-fff9-4926-9bf8-61056d59521f:group-D680AEF4E21E ConfigurationManager, init=-1: [e4f93bd3-fff9-4926-9bf8-61056d59521f:192.168.157.195:41370], old=null, confs=<EMPTY_MAP>
2019-09-12 10:53:03,050 [pool-60-thread-1] INFO  server.RaftServerConfigKeys (ConfUtils.java:logGet(43)) - raft.server.storage.dir = [/workdir/hadoop-ozone/integration-test/target/test-dir/MiniOzoneClusterImpl-838a7ec2-4afb-4d68-8138-46fa65bc7e11/datanode-3/data/ratis] (custom)
2019-09-12 10:53:03,050 [pool-60-thread-1] INFO  storage.RaftStorageDirectory (RaftStorageDirectory.java:analyzeStorage(246)) - The storage directory /workdir/hadoop-ozone/integration-test/target/test-dir/MiniOzoneClusterImpl-838a7ec2-4afb-4d68-8138-46fa65bc7e11/datanode-3/data/ratis/36682389-77b3-4463-916d-d680aef4e21e does not exist. Creating ...
2019-09-12 10:53:03,054 [Thread-389] INFO  impl.FollowerState (FollowerState.java:run(106)) - c17d4de2-caaf-4ec0-b997-c9cf8b2a9041:group-7E1816D4F368 changes to CANDIDATE, lastRpcTime:1161, electionTimeout:1161ms
2019-09-12 10:53:03,054 [Thread-389] INFO  impl.RoleInfo (RoleInfo.java:shutdownFollowerState(121)) - c17d4de2-caaf-4ec0-b997-c9cf8b2a9041: shutdown FollowerState
2019-09-12 10:53:03,054 [Thread-389] INFO  impl.RaftServerImpl (RaftServerImpl.java:setRole(171)) - c17d4de2-caaf-4ec0-b997-c9cf8b2a9041:group-7E1816D4F368 changes role from FOLLOWER to CANDIDATE at term 0 for changeToCandidate
2019-09-12 10:53:03,054 [Thread-389] INFO  impl.RoleInfo (RoleInfo.java:updateAndGet(143)) - c17d4de2-caaf-4ec0-b997-c9cf8b2a9041: start LeaderElection
2019-09-12 10:53:03,060 [pool-60-thread-1] INFO  storage.RaftStorageDirectory (RaftStorageDirectory.java:tryLock(328)) - Lock on /workdir/hadoop-ozone/integration-test/target/test-dir/MiniOzoneClusterImpl-838a7ec2-4afb-4d68-8138-46fa65bc7e11/datanode-3/data/ratis/36682389-77b3-4463-916d-d680aef4e21e/in_use.lock acquired by nodename 620@pr-hdds-1569-xtfnx-3545843844
2019-09-12 10:53:03,061 [250b6484-39fc-4c26-8a98-91f8d9b3befa:group-AB716CCE50A1:LeaderElection26] INFO  impl.LeaderElection (LeaderElection.java:askForVotes(181)) - 250b6484-39fc-4c26-8a98-91f8d9b3befa:group-AB716CCE50A1:LeaderElection26: begin an election at term 1 for -1: [250b6484-39fc-4c26-8a98-91f8d9b3befa:192.168.157.195:34503], old=null
2019-09-12 10:53:03,061 [250b6484-39fc-4c26-8a98-91f8d9b3befa:group-AB716CCE50A1:LeaderElection26] INFO  impl.RoleInfo (RoleInfo.java:shutdownLeaderElection(134)) - 250b6484-39fc-4c26-8a98-91f8d9b3befa: shutdown LeaderElection
2019-09-12 10:53:03,061 [250b6484-39fc-4c26-8a98-91f8d9b3befa:group-AB716CCE50A1:LeaderElection26] INFO  impl.RaftServerImpl (RaftServerImpl.java:setRole(171)) - 250b6484-39fc-4c26-8a98-91f8d9b3befa:group-AB716CCE50A1 changes role from CANDIDATE to LEADER at term 1 for changeToLeader
2019-09-12 10:53:03,061 [250b6484-39fc-4c26-8a98-91f8d9b3befa:group-AB716CCE50A1:LeaderElection26] INFO  impl.RaftServerImpl (ServerState.java:setLeader(263)) - 250b6484-39fc-4c26-8a98-91f8d9b3befa:group-AB716CCE50A1 change Leader from null to 250b6484-39fc-4c26-8a98-91f8d9b3befa at term 1 for becomeLeader, leader elected after 1038ms
2019-09-12 10:53:03,061 [250b6484-39fc-4c26-8a98-91f8d9b3befa:group-AB716CCE50A1:LeaderElection26] INFO  server.RaftServerConfigKeys (ConfUtils.java:logGet(43)) - raft.server.staging.catchup.gap = 1000 (default)
2019-09-12 10:53:03,062 [250b6484-39fc-4c26-8a98-91f8d9b3befa:group-AB716CCE50A1:LeaderElection26] INFO  server.RaftServerConfigKeys (ConfUtils.java:logGet(43)) - raft.server.rpc.sleep.time = 25ms (default)
2019-09-12 10:53:03,062 [250b6484-39fc-4c26-8a98-91f8d9b3befa:group-AB716CCE50A1:LeaderElection26] INFO  server.RaftServerConfigKeys (ConfUtils.java:logGet(43)) - raft.server.write.element-limit = 4096 (default)
2019-09-12 10:53:03,062 [250b6484-39fc-4c26-8a98-91f8d9b3befa:group-AB716CCE50A1:LeaderElection26] INFO  server.RaftServerConfigKeys (ConfUtils.java:logGet(43)) - raft.server.watch.timeout = 10s (default)
2019-09-12 10:53:03,062 [250b6484-39fc-4c26-8a98-91f8d9b3befa:group-AB716CCE50A1:LeaderElection26] INFO  server.RaftServerConfigKeys (ConfUtils.java:logGet(43)) - raft.server.watch.timeout.denomination = 1s (default)
2019-09-12 10:53:03,062 [250b6484-39fc-4c26-8a98-91f8d9b3befa:group-AB716CCE50A1:LeaderElection26] INFO  server.RaftServerConfigKeys (ConfUtils.java:logGet(43)) - raft.server.watch.element-limit = 65536 (default)
2019-09-12 10:53:03,062 [250b6484-39fc-4c26-8a98-91f8d9b3befa:group-AB716CCE50A1:LeaderElection26] INFO  impl.RoleInfo (RoleInfo.java:updateAndGet(143)) - 250b6484-39fc-4c26-8a98-91f8d9b3befa: start LeaderState
2019-09-12 10:53:03,063 [250b6484-39fc-4c26-8a98-91f8d9b3befa:group-AB716CCE50A1:LeaderElection26] INFO  segmented.SegmentedRaftLogWorker (SegmentedRaftLogWorker.java:startLogSegment(380)) - 250b6484-39fc-4c26-8a98-91f8d9b3befa-SegmentedRaftLogWorker:Storage Directory /workdir/hadoop-ozone/integration-test/target/test-dir/MiniOzoneClusterImpl-838a7ec2-4afb-4d68-8138-46fa65bc7e11/datanode-2/data/ratis/0397ca89-11fe-4ed9-8f30-ab716cce50a1: Starting segment from index:0
2019-09-12 10:53:03,063 [250b6484-39fc-4c26-8a98-91f8d9b3befa:group-AB716CCE50A1:LeaderElection26] INFO  impl.RaftServerImpl (ServerState.java:setRaftConf(361)) - 250b6484-39fc-4c26-8a98-91f8d9b3befa:group-AB716CCE50A1 set configuration 0: [250b6484-39fc-4c26-8a98-91f8d9b3befa:192.168.157.195:34503], old=null at 0
2019-09-12 10:53:03,064 [pool-60-thread-1] INFO  storage.RaftStorage (RaftStorage.java:format(72)) - Storage directory /workdir/hadoop-ozone/integration-test/target/test-dir/MiniOzoneClusterImpl-838a7ec2-4afb-4d68-8138-46fa65bc7e11/datanode-3/data/ratis/36682389-77b3-4463-916d-d680aef4e21e has been successfully formatted.
2019-09-12 10:53:03,064 [c17d4de2-caaf-4ec0-b997-c9cf8b2a9041:group-7E1816D4F368:LeaderElection27] INFO  impl.LeaderElection (LeaderElection.java:askForVotes(181)) - c17d4de2-caaf-4ec0-b997-c9cf8b2a9041:group-7E1816D4F368:LeaderElection27: begin an election at term 1 for -1: [c17d4de2-caaf-4ec0-b997-c9cf8b2a9041:192.168.157.195:41944], old=null
2019-09-12 10:53:03,091 [pool-60-thread-1] INFO  ratis.ContainerStateMachine (ContainerStateMachine.java:loadSnapshot(226)) - group-D680AEF4E21E: The snapshot info is null. Setting the last applied indexto:(t:0, i:~)
2019-09-12 10:53:03,091 [c17d4de2-caaf-4ec0-b997-c9cf8b2a9041:group-7E1816D4F368:LeaderElection27] INFO  impl.RoleInfo (RoleInfo.java:shutdownLeaderElection(134)) - c17d4de2-caaf-4ec0-b997-c9cf8b2a9041: shutdown LeaderElection
2019-09-12 10:53:03,091 [pool-60-thread-1] INFO  server.RaftServerConfigKeys (ConfUtils.java:logGet(43)) - raft.server.leader.election.timeout = 120s (custom)
2019-09-12 10:53:03,091 [c17d4de2-caaf-4ec0-b997-c9cf8b2a9041:group-7E1816D4F368:LeaderElection27] INFO  impl.RaftServerImpl (RaftServerImpl.java:setRole(171)) - c17d4de2-caaf-4ec0-b997-c9cf8b2a9041:group-7E1816D4F368 changes role from CANDIDATE to LEADER at term 1 for changeToLeader
2019-09-12 10:53:03,092 [pool-60-thread-1] INFO  server.RaftServerConfigKeys (ConfUtils.java:logGet(43)) - raft.server.log.use.memory = false (default)
2019-09-12 10:53:03,092 [c17d4de2-caaf-4ec0-b997-c9cf8b2a9041:group-7E1816D4F368:LeaderElection27] INFO  impl.RaftServerImpl (ServerState.java:setLeader(263)) - c17d4de2-caaf-4ec0-b997-c9cf8b2a9041:group-7E1816D4F368 change Leader from null to c17d4de2-caaf-4ec0-b997-c9cf8b2a9041 at term 1 for becomeLeader, leader elected after 1211ms
2019-09-12 10:53:03,092 [pool-60-thread-1] INFO  server.RaftServerConfigKeys (ConfUtils.java:logGet(43)) - raft.server.log.purge.gap = 1000000 (custom)
2019-09-12 10:53:03,092 [c17d4de2-caaf-4ec0-b997-c9cf8b2a9041:group-7E1816D4F368:LeaderElection27] INFO  server.RaftServerConfigKeys (ConfUtils.java:logGet(43)) - raft.server.staging.catchup.gap = 1000 (default)
2019-09-12 10:53:03,092 [pool-60-thread-1] INFO  server.RaftServerConfigKeys (ConfUtils.java:logGet(43)) - raft.server.log.appender.buffer.byte-limit = 33554432 (custom)
2019-09-12 10:53:03,092 [c17d4de2-caaf-4ec0-b997-c9cf8b2a9041:group-7E1816D4F368:LeaderElection27] INFO  server.RaftServerConfigKeys (ConfUtils.java:logGet(43)) - raft.server.rpc.sleep.time = 25ms (default)
2019-09-12 10:53:03,092 [pool-60-thread-1] INFO  server.RaftServerConfigKeys (ConfUtils.java:logGet(43)) - raft.server.log.segment.size.max = 1048576 (custom)
2019-09-12 10:53:03,092 [c17d4de2-caaf-4ec0-b997-c9cf8b2a9041:group-7E1816D4F368:LeaderElection27] INFO  server.RaftServerConfigKeys (ConfUtils.java:logGet(43)) - raft.server.write.element-limit = 4096 (default)
2019-09-12 10:53:03,092 [pool-60-thread-1] INFO  server.RaftServerConfigKeys (ConfUtils.java:logGet(43)) - raft.server.log.segment.cache.num.max = 2 (custom)
2019-09-12 10:53:03,092 [c17d4de2-caaf-4ec0-b997-c9cf8b2a9041:group-7E1816D4F368:LeaderElection27] INFO  server.RaftServerConfigKeys (ConfUtils.java:logGet(43)) - raft.server.watch.timeout = 10s (default)
2019-09-12 10:53:03,092 [pool-60-thread-1] INFO  segmented.SegmentedRaftLogWorker (SegmentedRaftLogWorker.java:<init>(172)) - new e4f93bd3-fff9-4926-9bf8-61056d59521f-SegmentedRaftLogWorker:Storage Directory /workdir/hadoop-ozone/integration-test/target/test-dir/MiniOzoneClusterImpl-838a7ec2-4afb-4d68-8138-46fa65bc7e11/datanode-3/data/ratis/36682389-77b3-4463-916d-d680aef4e21e for RaftStorage:Storage Directory /workdir/hadoop-ozone/integration-test/target/test-dir/MiniOzoneClusterImpl-838a7ec2-4afb-4d68-8138-46fa65bc7e11/datanode-3/data/ratis/36682389-77b3-4463-916d-d680aef4e21e
2019-09-12 10:53:03,092 [c17d4de2-caaf-4ec0-b997-c9cf8b2a9041:group-7E1816D4F368:LeaderElection27] INFO  server.RaftServerConfigKeys (ConfUtils.java:logGet(43)) - raft.server.watch.timeout.denomination = 1s (default)
2019-09-12 10:53:03,093 [pool-60-thread-1] INFO  server.RaftServerConfigKeys (ConfUtils.java:logGet(43)) - raft.server.log.queue.byte-limit = 2147483647 (custom)
2019-09-12 10:53:03,093 [c17d4de2-caaf-4ec0-b997-c9cf8b2a9041:group-7E1816D4F368:LeaderElection27] INFO  server.RaftServerConfigKeys (ConfUtils.java:logGet(43)) - raft.server.watch.element-limit = 65536 (default)
2019-09-12 10:53:03,093 [pool-60-thread-1] INFO  server.RaftServerConfigKeys (ConfUtils.java:logGet(43)) - raft.server.log.queue.element-limit = 1024 (custom)
2019-09-12 10:53:03,093 [pool-60-thread-1] INFO  server.RaftServerConfigKeys (ConfUtils.java:logGet(43)) - raft.server.log.segment.size.max = 1048576 (custom)
2019-09-12 10:53:03,093 [c17d4de2-caaf-4ec0-b997-c9cf8b2a9041:group-7E1816D4F368:LeaderElection27] INFO  impl.RoleInfo (RoleInfo.java:updateAndGet(143)) - c17d4de2-caaf-4ec0-b997-c9cf8b2a9041: start LeaderState
2019-09-12 10:53:03,093 [pool-60-thread-1] INFO  server.RaftServerConfigKeys (ConfUtils.java:logGet(43)) - raft.server.log.preallocated.size = 16384 (custom)
2019-09-12 10:53:03,093 [pool-60-thread-1] INFO  server.RaftServerConfigKeys (ConfUtils.java:logGet(43)) - raft.server.log.write.buffer.size = 33554432 (custom)
2019-09-12 10:53:03,093 [c17d4de2-caaf-4ec0-b997-c9cf8b2a9041:group-7E1816D4F368:LeaderElection27] INFO  segmented.SegmentedRaftLogWorker (SegmentedRaftLogWorker.java:startLogSegment(380)) - c17d4de2-caaf-4ec0-b997-c9cf8b2a9041-SegmentedRaftLogWorker:Storage Directory /workdir/hadoop-ozone/integration-test/target/test-dir/MiniOzoneClusterImpl-838a7ec2-4afb-4d68-8138-46fa65bc7e11/datanode-8/data/ratis/9087a0ec-f71a-4087-9870-7e1816d4f368: Starting segment from index:0
2019-09-12 10:53:03,093 [pool-60-thread-1] INFO  server.RaftServerConfigKeys (ConfUtils.java:logGet(43)) - raft.server.log.force.sync.num = 128 (default)
2019-09-12 10:53:03,093 [pool-60-thread-1] INFO  server.RaftServerConfigKeys (ConfUtils.java:logGet(43)) - raft.server.log.statemachine.data.sync = true (default)
2019-09-12 10:53:03,094 [pool-60-thread-1] INFO  server.RaftServerConfigKeys (ConfUtils.java:logGet(43)) - raft.server.log.statemachine.data.sync.timeout = 10s (default)
2019-09-12 10:53:03,094 [pool-60-thread-1] INFO  server.RaftServerConfigKeys (ConfUtils.java:logGet(43)) - raft.server.log.statemachine.data.sync.timeout.retry = -1 (default)
2019-09-12 10:53:03,094 [c17d4de2-caaf-4ec0-b997-c9cf8b2a9041:group-7E1816D4F368:LeaderElection27] INFO  impl.RaftServerImpl (ServerState.java:setRaftConf(361)) - c17d4de2-caaf-4ec0-b997-c9cf8b2a9041:group-7E1816D4F368 set configuration 0: [c17d4de2-caaf-4ec0-b997-c9cf8b2a9041:192.168.157.195:41944], old=null at 0
2019-09-12 10:53:03,094 [pool-60-thread-1] INFO  server.RaftServerConfigKeys (ConfUtils.java:logGet(43)) - raft.server.log.statemachine.data.caching.enabled = true (custom)
2019-09-12 10:53:03,122 [250b6484-39fc-4c26-8a98-91f8d9b3befa-SegmentedRaftLogWorker:Storage Directory /workdir/hadoop-ozone/integration-test/target/test-dir/MiniOzoneClusterImpl-838a7ec2-4afb-4d68-8138-46fa65bc7e11/datanode-2/data/ratis/0397ca89-11fe-4ed9-8f30-ab716cce50a1] INFO  segmented.SegmentedRaftLogWorker (SegmentedRaftLogWorker.java:execute(569)) - 250b6484-39fc-4c26-8a98-91f8d9b3befa-SegmentedRaftLogWorker:Storage Directory /workdir/hadoop-ozone/integration-test/target/test-dir/MiniOzoneClusterImpl-838a7ec2-4afb-4d68-8138-46fa65bc7e11/datanode-2/data/ratis/0397ca89-11fe-4ed9-8f30-ab716cce50a1: created new log segment /workdir/hadoop-ozone/integration-test/target/test-dir/MiniOzoneClusterImpl-838a7ec2-4afb-4d68-8138-46fa65bc7e11/datanode-2/data/ratis/0397ca89-11fe-4ed9-8f30-ab716cce50a1/current/log_inprogress_0
2019-09-12 10:53:03,122 [pool-60-thread-1] INFO  segmented.SegmentedRaftLogWorker (SegmentedRaftLogWorker.java:lambda$new$0(132)) - e4f93bd3-fff9-4926-9bf8-61056d59521f-SegmentedRaftLogWorker:Storage Directory /workdir/hadoop-ozone/integration-test/target/test-dir/MiniOzoneClusterImpl-838a7ec2-4afb-4d68-8138-46fa65bc7e11/datanode-3/data/ratis/36682389-77b3-4463-916d-d680aef4e21e: flushIndex: setUnconditionally 0 -> -1
2019-09-12 10:53:03,123 [pool-60-thread-1] INFO  server.RaftServerConfigKeys (ConfUtils.java:logGet(43)) - raft.server.snapshot.auto.trigger.enabled = true (custom)
2019-09-12 10:53:03,123 | INFO  | SCMAudit | user=jenkins1000 | ip=192.168.157.195 | op=SEND_HEARTBEAT {datanodeUUID=250b6484-39fc-4c26-8a98-91f8d9b3befa, command=[]} | ret=SUCCESS |  
2019-09-12 10:53:03,123 | INFO  | SCMAudit | user=jenkins1000 | ip=192.168.157.195 | op=SEND_HEARTBEAT {datanodeUUID=e4f93bd3-fff9-4926-9bf8-61056d59521f, command=[]} | ret=SUCCESS |  
2019-09-12 10:53:03,123 [pool-60-thread-1] INFO  server.RaftServerConfigKeys (ConfUtils.java:logGet(43)) - raft.server.snapshot.auto.trigger.threshold = 10000 (custom)
2019-09-12 10:53:03,123 | INFO  | SCMAudit | user=jenkins1000 | ip=192.168.157.195 | op=SEND_HEARTBEAT {datanodeUUID=c17d4de2-caaf-4ec0-b997-c9cf8b2a9041, command=[]} | ret=SUCCESS |  
2019-09-12 10:53:03,123 [pool-60-thread-1] INFO  server.RaftServerConfigKeys (ConfUtils.java:logGet(43)) - raft.server.retrycache.expirytime = 600000ms (custom)
2019-09-12 10:53:03,123 | INFO  | SCMAudit | user=jenkins1000 | ip=192.168.157.195 | op=SEND_HEARTBEAT {datanodeUUID=da20f580-5b10-4303-a8d6-74672b88192d, command=[]} | ret=SUCCESS |  
2019-09-12 10:53:03,124 [pool-60-thread-1] INFO  impl.RaftServerImpl (RaftServerImpl.java:start(180)) - e4f93bd3-fff9-4926-9bf8-61056d59521f: start group-D680AEF4E21E
2019-09-12 10:53:03,124 [pool-60-thread-1] INFO  impl.RaftServerImpl (RaftServerImpl.java:setRole(171)) - e4f93bd3-fff9-4926-9bf8-61056d59521f:group-D680AEF4E21E changes role from null to FOLLOWER at term 0 for startAsFollower
2019-09-12 10:53:03,124 [pool-60-thread-1] INFO  impl.RoleInfo (RoleInfo.java:updateAndGet(143)) - e4f93bd3-fff9-4926-9bf8-61056d59521f: start FollowerState
2019-09-12 10:53:03,124 [pool-60-thread-1] INFO  util.JmxRegister (JmxRegister.java:tryRegister(44)) - Successfully registered JMX Bean with object name Ratis:service=RaftServer,group=group-D680AEF4E21E,id=e4f93bd3-fff9-4926-9bf8-61056d59521f
2019-09-12 10:53:03,131 [RatisPipelineUtilsThread] INFO  pipeline.PipelineStateManager (PipelineStateManager.java:addPipeline(56)) - Created pipeline Pipeline[ Id: 36682389-77b3-4463-916d-d680aef4e21e, Nodes: e4f93bd3-fff9-4926-9bf8-61056d59521f{ip: 192.168.157.195, host: pr-hdds-1569-xtfnx-3545843844, networkLocation: /default-rack, certSerialId: null}, Type:RATIS, Factor:ONE, State:OPEN]
2019-09-12 10:53:03,132 [RatisPipelineUtilsThread] ERROR pipeline.PipelinePlacementPolicy (PipelinePlacementPolicy.java:meetCriteria(91)) - Pipeline Placement: Doesn't meet the criteria to be viable node. Heaviness: 6
2019-09-12 10:53:03,132 [RatisPipelineUtilsThread] ERROR pipeline.PipelinePlacementPolicy (PipelinePlacementPolicy.java:meetCriteria(91)) - Pipeline Placement: Doesn't meet the criteria to be viable node. Heaviness: 6
2019-09-12 10:53:03,132 [RatisPipelineUtilsThread] ERROR pipeline.PipelinePlacementPolicy (PipelinePlacementPolicy.java:meetCriteria(91)) - Pipeline Placement: Doesn't meet the criteria to be viable node. Heaviness: 6
2019-09-12 10:53:03,132 [RatisPipelineUtilsThread] ERROR pipeline.PipelinePlacementPolicy (PipelinePlacementPolicy.java:meetCriteria(91)) - Pipeline Placement: Doesn't meet the criteria to be viable node. Heaviness: 6
2019-09-12 10:53:03,144 [c17d4de2-caaf-4ec0-b997-c9cf8b2a9041-SegmentedRaftLogWorker:Storage Directory /workdir/hadoop-ozone/integration-test/target/test-dir/MiniOzoneClusterImpl-838a7ec2-4afb-4d68-8138-46fa65bc7e11/datanode-8/data/ratis/9087a0ec-f71a-4087-9870-7e1816d4f368] INFO  segmented.SegmentedRaftLogWorker (SegmentedRaftLogWorker.java:execute(569)) - c17d4de2-caaf-4ec0-b997-c9cf8b2a9041-SegmentedRaftLogWorker:Storage Directory /workdir/hadoop-ozone/integration-test/target/test-dir/MiniOzoneClusterImpl-838a7ec2-4afb-4d68-8138-46fa65bc7e11/datanode-8/data/ratis/9087a0ec-f71a-4087-9870-7e1816d4f368: created new log segment /workdir/hadoop-ozone/integration-test/target/test-dir/MiniOzoneClusterImpl-838a7ec2-4afb-4d68-8138-46fa65bc7e11/datanode-8/data/ratis/9087a0ec-f71a-4087-9870-7e1816d4f368/current/log_inprogress_0
2019-09-12 10:53:03,164 [grpc-default-executor-0] INFO  impl.RaftServerProxy (RaftServerProxy.java:addNew(89)) - 02d2c735-5a91-4cfc-b37b-8234c14e6879: addNew group-E47F59E89625:[02d2c735-5a91-4cfc-b37b-8234c14e6879:192.168.157.195:36291] returns group-E47F59E89625:java.util.concurrent.CompletableFuture@1653dd9e[Not completed]
2019-09-12 10:53:03,166 [pool-126-thread-1] INFO  impl.RaftServerImpl (RaftServerImpl.java:<init>(93)) - 02d2c735-5a91-4cfc-b37b-8234c14e6879: new RaftServerImpl for group-E47F59E89625:[02d2c735-5a91-4cfc-b37b-8234c14e6879:192.168.157.195:36291] with ContainerStateMachine:uninitialized
2019-09-12 10:53:03,167 [pool-126-thread-1] INFO  server.RaftServerConfigKeys (ConfUtils.java:logGet(43)) - raft.server.rpc.timeout.min = 1s (custom)
2019-09-12 10:53:03,167 [pool-126-thread-1] INFO  server.RaftServerConfigKeys (ConfUtils.java:logGet(43)) - raft.server.rpc.timeout.max = 1200ms (custom)
2019-09-12 10:53:03,167 [pool-126-thread-1] INFO  server.RaftServerConfigKeys (ConfUtils.java:logGet(43)) - raft.server.rpcslowness.timeout = 120s (custom)
2019-09-12 10:53:03,167 [pool-126-thread-1] INFO  server.RaftServerConfigKeys (ConfUtils.java:logGet(43)) - raft.server.sleep.deviation.threshold = 300 (default)
2019-09-12 10:53:03,167 [pool-126-thread-1] INFO  server.RaftServerConfigKeys (ConfUtils.java:logGet(43)) - raft.server.log.appender.install.snapshot.enabled = false (custom)
2019-09-12 10:53:03,167 [pool-126-thread-1] INFO  impl.RaftServerImpl (ServerState.java:<init>(105)) - 02d2c735-5a91-4cfc-b37b-8234c14e6879:group-E47F59E89625 ConfigurationManager, init=-1: [02d2c735-5a91-4cfc-b37b-8234c14e6879:192.168.157.195:36291], old=null, confs=<EMPTY_MAP>
2019-09-12 10:53:03,168 [pool-126-thread-1] INFO  server.RaftServerConfigKeys (ConfUtils.java:logGet(43)) - raft.server.storage.dir = [/workdir/hadoop-ozone/integration-test/target/test-dir/MiniOzoneClusterImpl-838a7ec2-4afb-4d68-8138-46fa65bc7e11/datanode-9/data/ratis] (custom)
2019-09-12 10:53:03,168 [pool-126-thread-1] INFO  storage.RaftStorageDirectory (RaftStorageDirectory.java:analyzeStorage(246)) - The storage directory /workdir/hadoop-ozone/integration-test/target/test-dir/MiniOzoneClusterImpl-838a7ec2-4afb-4d68-8138-46fa65bc7e11/datanode-9/data/ratis/d1244fc5-f91c-422b-b8eb-e47f59e89625 does not exist. Creating ...
2019-09-12 10:53:03,181 [pool-126-thread-1] INFO  storage.RaftStorageDirectory (RaftStorageDirectory.java:tryLock(328)) - Lock on /workdir/hadoop-ozone/integration-test/target/test-dir/MiniOzoneClusterImpl-838a7ec2-4afb-4d68-8138-46fa65bc7e11/datanode-9/data/ratis/d1244fc5-f91c-422b-b8eb-e47f59e89625/in_use.lock acquired by nodename 620@pr-hdds-1569-xtfnx-3545843844
2019-09-12 10:53:03,198 | INFO  | SCMAudit | user=jenkins1000 | ip=192.168.157.195 | op=SEND_HEARTBEAT {datanodeUUID=8d69d0c9-c816-414c-ba1a-8b3ab85fb900, command=[]} | ret=SUCCESS |  
2019-09-12 10:53:03,198 [pool-126-thread-1] INFO  storage.RaftStorage (RaftStorage.java:format(72)) - Storage directory /workdir/hadoop-ozone/integration-test/target/test-dir/MiniOzoneClusterImpl-838a7ec2-4afb-4d68-8138-46fa65bc7e11/datanode-9/data/ratis/d1244fc5-f91c-422b-b8eb-e47f59e89625 has been successfully formatted.
2019-09-12 10:53:03,199 [pool-126-thread-1] INFO  ratis.ContainerStateMachine (ContainerStateMachine.java:loadSnapshot(226)) - group-E47F59E89625: The snapshot info is null. Setting the last applied indexto:(t:0, i:~)
2019-09-12 10:53:03,199 [pool-126-thread-1] INFO  server.RaftServerConfigKeys (ConfUtils.java:logGet(43)) - raft.server.leader.election.timeout = 120s (custom)
2019-09-12 10:53:03,199 [pool-126-thread-1] INFO  server.RaftServerConfigKeys (ConfUtils.java:logGet(43)) - raft.server.log.use.memory = false (default)
2019-09-12 10:53:03,199 [pool-126-thread-1] INFO  server.RaftServerConfigKeys (ConfUtils.java:logGet(43)) - raft.server.log.purge.gap = 1000000 (custom)
2019-09-12 10:53:03,199 [pool-126-thread-1] INFO  server.RaftServerConfigKeys (ConfUtils.java:logGet(43)) - raft.server.log.appender.buffer.byte-limit = 33554432 (custom)
2019-09-12 10:53:03,199 [pool-126-thread-1] INFO  server.RaftServerConfigKeys (ConfUtils.java:logGet(43)) - raft.server.log.segment.size.max = 1048576 (custom)
2019-09-12 10:53:03,199 [pool-126-thread-1] INFO  server.RaftServerConfigKeys (ConfUtils.java:logGet(43)) - raft.server.log.segment.cache.num.max = 2 (custom)
2019-09-12 10:53:03,200 [pool-126-thread-1] INFO  segmented.SegmentedRaftLogWorker (SegmentedRaftLogWorker.java:<init>(172)) - new 02d2c735-5a91-4cfc-b37b-8234c14e6879-SegmentedRaftLogWorker:Storage Directory /workdir/hadoop-ozone/integration-test/target/test-dir/MiniOzoneClusterImpl-838a7ec2-4afb-4d68-8138-46fa65bc7e11/datanode-9/data/ratis/d1244fc5-f91c-422b-b8eb-e47f59e89625 for RaftStorage:Storage Directory /workdir/hadoop-ozone/integration-test/target/test-dir/MiniOzoneClusterImpl-838a7ec2-4afb-4d68-8138-46fa65bc7e11/datanode-9/data/ratis/d1244fc5-f91c-422b-b8eb-e47f59e89625
2019-09-12 10:53:03,200 [pool-126-thread-1] INFO  server.RaftServerConfigKeys (ConfUtils.java:logGet(43)) - raft.server.log.queue.byte-limit = 2147483647 (custom)
2019-09-12 10:53:03,200 [pool-126-thread-1] INFO  server.RaftServerConfigKeys (ConfUtils.java:logGet(43)) - raft.server.log.queue.element-limit = 1024 (custom)
2019-09-12 10:53:03,200 [pool-126-thread-1] INFO  server.RaftServerConfigKeys (ConfUtils.java:logGet(43)) - raft.server.log.segment.size.max = 1048576 (custom)
2019-09-12 10:53:03,200 [pool-126-thread-1] INFO  server.RaftServerConfigKeys (ConfUtils.java:logGet(43)) - raft.server.log.preallocated.size = 16384 (custom)
2019-09-12 10:53:03,200 [pool-126-thread-1] INFO  server.RaftServerConfigKeys (ConfUtils.java:logGet(43)) - raft.server.log.write.buffer.size = 33554432 (custom)
2019-09-12 10:53:03,200 [pool-126-thread-1] INFO  server.RaftServerConfigKeys (ConfUtils.java:logGet(43)) - raft.server.log.force.sync.num = 128 (default)
2019-09-12 10:53:03,201 [pool-126-thread-1] INFO  server.RaftServerConfigKeys (ConfUtils.java:logGet(43)) - raft.server.log.statemachine.data.sync = true (default)
2019-09-12 10:53:03,201 [pool-126-thread-1] INFO  server.RaftServerConfigKeys (ConfUtils.java:logGet(43)) - raft.server.log.statemachine.data.sync.timeout = 10s (default)
2019-09-12 10:53:03,201 [pool-126-thread-1] INFO  server.RaftServerConfigKeys (ConfUtils.java:logGet(43)) - raft.server.log.statemachine.data.sync.timeout.retry = -1 (default)
2019-09-12 10:53:03,201 [pool-126-thread-1] INFO  server.RaftServerConfigKeys (ConfUtils.java:logGet(43)) - raft.server.log.statemachine.data.caching.enabled = true (custom)
2019-09-12 10:53:03,201 [pool-126-thread-1] INFO  segmented.SegmentedRaftLogWorker (SegmentedRaftLogWorker.java:lambda$new$0(132)) - 02d2c735-5a91-4cfc-b37b-8234c14e6879-SegmentedRaftLogWorker:Storage Directory /workdir/hadoop-ozone/integration-test/target/test-dir/MiniOzoneClusterImpl-838a7ec2-4afb-4d68-8138-46fa65bc7e11/datanode-9/data/ratis/d1244fc5-f91c-422b-b8eb-e47f59e89625: flushIndex: setUnconditionally 0 -> -1
2019-09-12 10:53:03,202 [pool-126-thread-1] INFO  server.RaftServerConfigKeys (ConfUtils.java:logGet(43)) - raft.server.snapshot.auto.trigger.enabled = true (custom)
2019-09-12 10:53:03,202 [pool-126-thread-1] INFO  server.RaftServerConfigKeys (ConfUtils.java:logGet(43)) - raft.server.snapshot.auto.trigger.threshold = 10000 (custom)
2019-09-12 10:53:03,202 [pool-126-thread-1] INFO  server.RaftServerConfigKeys (ConfUtils.java:logGet(43)) - raft.server.retrycache.expirytime = 600000ms (custom)
2019-09-12 10:53:03,202 [pool-126-thread-1] INFO  impl.RaftServerImpl (RaftServerImpl.java:start(180)) - 02d2c735-5a91-4cfc-b37b-8234c14e6879: start group-E47F59E89625
2019-09-12 10:53:03,202 [pool-126-thread-1] INFO  impl.RaftServerImpl (RaftServerImpl.java:setRole(171)) - 02d2c735-5a91-4cfc-b37b-8234c14e6879:group-E47F59E89625 changes role from null to FOLLOWER at term 0 for startAsFollower
2019-09-12 10:53:03,202 [pool-126-thread-1] INFO  impl.RoleInfo (RoleInfo.java:updateAndGet(143)) - 02d2c735-5a91-4cfc-b37b-8234c14e6879: start FollowerState
2019-09-12 10:53:03,213 [pool-126-thread-1] INFO  util.JmxRegister (JmxRegister.java:tryRegister(44)) - Successfully registered JMX Bean with object name Ratis:service=RaftServer,group=group-E47F59E89625,id=02d2c735-5a91-4cfc-b37b-8234c14e6879
2019-09-12 10:53:03,221 [Thread-406] INFO  impl.FollowerState (FollowerState.java:run(106)) - 005a1424-1186-4d58-b0b5-fdf3e953d666:group-A97877FF3E2C changes to CANDIDATE, lastRpcTime:1015, electionTimeout:1009ms
2019-09-12 10:53:03,221 [Thread-406] INFO  impl.RoleInfo (RoleInfo.java:shutdownFollowerState(121)) - 005a1424-1186-4d58-b0b5-fdf3e953d666: shutdown FollowerState
2019-09-12 10:53:03,221 [Thread-406] INFO  impl.RaftServerImpl (RaftServerImpl.java:setRole(171)) - 005a1424-1186-4d58-b0b5-fdf3e953d666:group-A97877FF3E2C changes role from FOLLOWER to CANDIDATE at term 0 for changeToCandidate
2019-09-12 10:53:03,222 [Thread-406] INFO  impl.RoleInfo (RoleInfo.java:updateAndGet(143)) - 005a1424-1186-4d58-b0b5-fdf3e953d666: start LeaderElection
2019-09-12 10:53:03,235 [RatisPipelineUtilsThread] INFO  pipeline.PipelineStateManager (PipelineStateManager.java:addPipeline(56)) - Created pipeline Pipeline[ Id: d1244fc5-f91c-422b-b8eb-e47f59e89625, Nodes: 02d2c735-5a91-4cfc-b37b-8234c14e6879{ip: 192.168.157.195, host: pr-hdds-1569-xtfnx-3545843844, networkLocation: /default-rack, certSerialId: null}, Type:RATIS, Factor:ONE, State:OPEN]
2019-09-12 10:53:03,236 [RatisPipelineUtilsThread] ERROR pipeline.PipelinePlacementPolicy (PipelinePlacementPolicy.java:meetCriteria(91)) - Pipeline Placement: Doesn't meet the criteria to be viable node. Heaviness: 6
2019-09-12 10:53:03,236 [RatisPipelineUtilsThread] ERROR pipeline.PipelinePlacementPolicy (PipelinePlacementPolicy.java:meetCriteria(91)) - Pipeline Placement: Doesn't meet the criteria to be viable node. Heaviness: 6
2019-09-12 10:53:03,236 [RatisPipelineUtilsThread] ERROR pipeline.PipelinePlacementPolicy (PipelinePlacementPolicy.java:meetCriteria(91)) - Pipeline Placement: Doesn't meet the criteria to be viable node. Heaviness: 6
2019-09-12 10:53:03,236 [RatisPipelineUtilsThread] ERROR pipeline.PipelinePlacementPolicy (PipelinePlacementPolicy.java:meetCriteria(91)) - Pipeline Placement: Doesn't meet the criteria to be viable node. Heaviness: 6
2019-09-12 10:53:03,241 [grpc-default-executor-0] INFO  impl.RaftServerProxy (RaftServerProxy.java:addNew(89)) - 3aa8f21e-cbc0-493e-b8ca-fbb3b21697d5: addNew group-F57BFE1248A2:[3aa8f21e-cbc0-493e-b8ca-fbb3b21697d5:192.168.157.195:34525] returns group-F57BFE1248A2:java.util.concurrent.CompletableFuture@628b3cce[Not completed]
2019-09-12 10:53:03,242 [pool-82-thread-1] INFO  impl.RaftServerImpl (RaftServerImpl.java:<init>(93)) - 3aa8f21e-cbc0-493e-b8ca-fbb3b21697d5: new RaftServerImpl for group-F57BFE1248A2:[3aa8f21e-cbc0-493e-b8ca-fbb3b21697d5:192.168.157.195:34525] with ContainerStateMachine:uninitialized
2019-09-12 10:53:03,242 [pool-82-thread-1] INFO  server.RaftServerConfigKeys (ConfUtils.java:logGet(43)) - raft.server.rpc.timeout.min = 1s (custom)
2019-09-12 10:53:03,242 [pool-82-thread-1] INFO  server.RaftServerConfigKeys (ConfUtils.java:logGet(43)) - raft.server.rpc.timeout.max = 1200ms (custom)
2019-09-12 10:53:03,242 [pool-82-thread-1] INFO  server.RaftServerConfigKeys (ConfUtils.java:logGet(43)) - raft.server.rpcslowness.timeout = 120s (custom)
2019-09-12 10:53:03,243 [pool-82-thread-1] INFO  server.RaftServerConfigKeys (ConfUtils.java:logGet(43)) - raft.server.sleep.deviation.threshold = 300 (default)
2019-09-12 10:53:03,243 [pool-82-thread-1] INFO  server.RaftServerConfigKeys (ConfUtils.java:logGet(43)) - raft.server.log.appender.install.snapshot.enabled = false (custom)
2019-09-12 10:53:03,243 [pool-82-thread-1] INFO  impl.RaftServerImpl (ServerState.java:<init>(105)) - 3aa8f21e-cbc0-493e-b8ca-fbb3b21697d5:group-F57BFE1248A2 ConfigurationManager, init=-1: [3aa8f21e-cbc0-493e-b8ca-fbb3b21697d5:192.168.157.195:34525], old=null, confs=<EMPTY_MAP>
2019-09-12 10:53:03,243 [pool-82-thread-1] INFO  server.RaftServerConfigKeys (ConfUtils.java:logGet(43)) - raft.server.storage.dir = [/workdir/hadoop-ozone/integration-test/target/test-dir/MiniOzoneClusterImpl-838a7ec2-4afb-4d68-8138-46fa65bc7e11/datanode-5/data/ratis] (custom)
2019-09-12 10:53:03,243 [pool-82-thread-1] INFO  storage.RaftStorageDirectory (RaftStorageDirectory.java:analyzeStorage(246)) - The storage directory /workdir/hadoop-ozone/integration-test/target/test-dir/MiniOzoneClusterImpl-838a7ec2-4afb-4d68-8138-46fa65bc7e11/datanode-5/data/ratis/bbc420fb-991e-4c0c-9ed2-f57bfe1248a2 does not exist. Creating ...
2019-09-12 10:53:03,247 [pool-82-thread-1] INFO  storage.RaftStorageDirectory (RaftStorageDirectory.java:tryLock(328)) - Lock on /workdir/hadoop-ozone/integration-test/target/test-dir/MiniOzoneClusterImpl-838a7ec2-4afb-4d68-8138-46fa65bc7e11/datanode-5/data/ratis/bbc420fb-991e-4c0c-9ed2-f57bfe1248a2/in_use.lock acquired by nodename 620@pr-hdds-1569-xtfnx-3545843844
2019-09-12 10:53:03,247 [005a1424-1186-4d58-b0b5-fdf3e953d666:group-A97877FF3E2C:LeaderElection28] INFO  impl.LeaderElection (LeaderElection.java:askForVotes(181)) - 005a1424-1186-4d58-b0b5-fdf3e953d666:group-A97877FF3E2C:LeaderElection28: begin an election at term 1 for -1: [005a1424-1186-4d58-b0b5-fdf3e953d666:192.168.157.195:33930], old=null
2019-09-12 10:53:03,247 [005a1424-1186-4d58-b0b5-fdf3e953d666:group-A97877FF3E2C:LeaderElection28] INFO  impl.RoleInfo (RoleInfo.java:shutdownLeaderElection(134)) - 005a1424-1186-4d58-b0b5-fdf3e953d666: shutdown LeaderElection
2019-09-12 10:53:03,247 [005a1424-1186-4d58-b0b5-fdf3e953d666:group-A97877FF3E2C:LeaderElection28] INFO  impl.RaftServerImpl (RaftServerImpl.java:setRole(171)) - 005a1424-1186-4d58-b0b5-fdf3e953d666:group-A97877FF3E2C changes role from CANDIDATE to LEADER at term 1 for changeToLeader
2019-09-12 10:53:03,247 [005a1424-1186-4d58-b0b5-fdf3e953d666:group-A97877FF3E2C:LeaderElection28] INFO  impl.RaftServerImpl (ServerState.java:setLeader(263)) - 005a1424-1186-4d58-b0b5-fdf3e953d666:group-A97877FF3E2C change Leader from null to 005a1424-1186-4d58-b0b5-fdf3e953d666 at term 1 for becomeLeader, leader elected after 1047ms
2019-09-12 10:53:03,247 [005a1424-1186-4d58-b0b5-fdf3e953d666:group-A97877FF3E2C:LeaderElection28] INFO  server.RaftServerConfigKeys (ConfUtils.java:logGet(43)) - raft.server.staging.catchup.gap = 1000 (default)
2019-09-12 10:53:03,247 [005a1424-1186-4d58-b0b5-fdf3e953d666:group-A97877FF3E2C:LeaderElection28] INFO  server.RaftServerConfigKeys (ConfUtils.java:logGet(43)) - raft.server.rpc.sleep.time = 25ms (default)
2019-09-12 10:53:03,247 [005a1424-1186-4d58-b0b5-fdf3e953d666:group-A97877FF3E2C:LeaderElection28] INFO  server.RaftServerConfigKeys (ConfUtils.java:logGet(43)) - raft.server.write.element-limit = 4096 (default)
2019-09-12 10:53:03,248 [005a1424-1186-4d58-b0b5-fdf3e953d666:group-A97877FF3E2C:LeaderElection28] INFO  server.RaftServerConfigKeys (ConfUtils.java:logGet(43)) - raft.server.watch.timeout = 10s (default)
2019-09-12 10:53:03,248 [005a1424-1186-4d58-b0b5-fdf3e953d666:group-A97877FF3E2C:LeaderElection28] INFO  server.RaftServerConfigKeys (ConfUtils.java:logGet(43)) - raft.server.watch.timeout.denomination = 1s (default)
2019-09-12 10:53:03,248 [005a1424-1186-4d58-b0b5-fdf3e953d666:group-A97877FF3E2C:LeaderElection28] INFO  server.RaftServerConfigKeys (ConfUtils.java:logGet(43)) - raft.server.watch.element-limit = 65536 (default)
2019-09-12 10:53:03,248 [005a1424-1186-4d58-b0b5-fdf3e953d666:group-A97877FF3E2C:LeaderElection28] INFO  impl.RoleInfo (RoleInfo.java:updateAndGet(143)) - 005a1424-1186-4d58-b0b5-fdf3e953d666: start LeaderState
2019-09-12 10:53:03,248 [005a1424-1186-4d58-b0b5-fdf3e953d666:group-A97877FF3E2C:LeaderElection28] INFO  segmented.SegmentedRaftLogWorker (SegmentedRaftLogWorker.java:startLogSegment(380)) - 005a1424-1186-4d58-b0b5-fdf3e953d666-SegmentedRaftLogWorker:Storage Directory /workdir/hadoop-ozone/integration-test/target/test-dir/MiniOzoneClusterImpl-838a7ec2-4afb-4d68-8138-46fa65bc7e11/datanode-6/data/ratis/a0032d9c-af02-40fb-bc55-a97877ff3e2c: Starting segment from index:0
2019-09-12 10:53:03,249 [005a1424-1186-4d58-b0b5-fdf3e953d666:group-A97877FF3E2C:LeaderElection28] INFO  impl.RaftServerImpl (ServerState.java:setRaftConf(361)) - 005a1424-1186-4d58-b0b5-fdf3e953d666:group-A97877FF3E2C set configuration 0: [005a1424-1186-4d58-b0b5-fdf3e953d666:192.168.157.195:33930], old=null at 0
2019-09-12 10:53:03,275 [pool-82-thread-1] INFO  storage.RaftStorage (RaftStorage.java:format(72)) - Storage directory /workdir/hadoop-ozone/integration-test/target/test-dir/MiniOzoneClusterImpl-838a7ec2-4afb-4d68-8138-46fa65bc7e11/datanode-5/data/ratis/bbc420fb-991e-4c0c-9ed2-f57bfe1248a2 has been successfully formatted.
2019-09-12 10:53:03,275 [pool-82-thread-1] INFO  ratis.ContainerStateMachine (ContainerStateMachine.java:loadSnapshot(226)) - group-F57BFE1248A2: The snapshot info is null. Setting the last applied indexto:(t:0, i:~)
2019-09-12 10:53:03,275 [pool-82-thread-1] INFO  server.RaftServerConfigKeys (ConfUtils.java:logGet(43)) - raft.server.leader.election.timeout = 120s (custom)
2019-09-12 10:53:03,276 [pool-82-thread-1] INFO  server.RaftServerConfigKeys (ConfUtils.java:logGet(43)) - raft.server.log.use.memory = false (default)
2019-09-12 10:53:03,276 [pool-82-thread-1] INFO  server.RaftServerConfigKeys (ConfUtils.java:logGet(43)) - raft.server.log.purge.gap = 1000000 (custom)
2019-09-12 10:53:03,276 [pool-82-thread-1] INFO  server.RaftServerConfigKeys (ConfUtils.java:logGet(43)) - raft.server.log.appender.buffer.byte-limit = 33554432 (custom)
2019-09-12 10:53:03,276 [pool-82-thread-1] INFO  server.RaftServerConfigKeys (ConfUtils.java:logGet(43)) - raft.server.log.segment.size.max = 1048576 (custom)
2019-09-12 10:53:03,276 [pool-82-thread-1] INFO  server.RaftServerConfigKeys (ConfUtils.java:logGet(43)) - raft.server.log.segment.cache.num.max = 2 (custom)
2019-09-12 10:53:03,276 [pool-82-thread-1] INFO  segmented.SegmentedRaftLogWorker (SegmentedRaftLogWorker.java:<init>(172)) - new 3aa8f21e-cbc0-493e-b8ca-fbb3b21697d5-SegmentedRaftLogWorker:Storage Directory /workdir/hadoop-ozone/integration-test/target/test-dir/MiniOzoneClusterImpl-838a7ec2-4afb-4d68-8138-46fa65bc7e11/datanode-5/data/ratis/bbc420fb-991e-4c0c-9ed2-f57bfe1248a2 for RaftStorage:Storage Directory /workdir/hadoop-ozone/integration-test/target/test-dir/MiniOzoneClusterImpl-838a7ec2-4afb-4d68-8138-46fa65bc7e11/datanode-5/data/ratis/bbc420fb-991e-4c0c-9ed2-f57bfe1248a2
2019-09-12 10:53:03,276 [pool-82-thread-1] INFO  server.RaftServerConfigKeys (ConfUtils.java:logGet(43)) - raft.server.log.queue.byte-limit = 2147483647 (custom)
2019-09-12 10:53:03,276 [pool-82-thread-1] INFO  server.RaftServerConfigKeys (ConfUtils.java:logGet(43)) - raft.server.log.queue.element-limit = 1024 (custom)
2019-09-12 10:53:03,276 [pool-82-thread-1] INFO  server.RaftServerConfigKeys (ConfUtils.java:logGet(43)) - raft.server.log.segment.size.max = 1048576 (custom)
2019-09-12 10:53:03,277 [pool-82-thread-1] INFO  server.RaftServerConfigKeys (ConfUtils.java:logGet(43)) - raft.server.log.preallocated.size = 16384 (custom)
2019-09-12 10:53:03,277 [pool-82-thread-1] INFO  server.RaftServerConfigKeys (ConfUtils.java:logGet(43)) - raft.server.log.write.buffer.size = 33554432 (custom)
2019-09-12 10:53:03,277 [pool-82-thread-1] INFO  server.RaftServerConfigKeys (ConfUtils.java:logGet(43)) - raft.server.log.force.sync.num = 128 (default)
2019-09-12 10:53:03,277 [pool-82-thread-1] INFO  server.RaftServerConfigKeys (ConfUtils.java:logGet(43)) - raft.server.log.statemachine.data.sync = true (default)
2019-09-12 10:53:03,277 [pool-82-thread-1] INFO  server.RaftServerConfigKeys (ConfUtils.java:logGet(43)) - raft.server.log.statemachine.data.sync.timeout = 10s (default)
2019-09-12 10:53:03,277 [pool-82-thread-1] INFO  server.RaftServerConfigKeys (ConfUtils.java:logGet(43)) - raft.server.log.statemachine.data.sync.timeout.retry = -1 (default)
2019-09-12 10:53:03,277 [pool-82-thread-1] INFO  server.RaftServerConfigKeys (ConfUtils.java:logGet(43)) - raft.server.log.statemachine.data.caching.enabled = true (custom)
2019-09-12 10:53:03,278 [pool-82-thread-1] INFO  segmented.SegmentedRaftLogWorker (SegmentedRaftLogWorker.java:lambda$new$0(132)) - 3aa8f21e-cbc0-493e-b8ca-fbb3b21697d5-SegmentedRaftLogWorker:Storage Directory /workdir/hadoop-ozone/integration-test/target/test-dir/MiniOzoneClusterImpl-838a7ec2-4afb-4d68-8138-46fa65bc7e11/datanode-5/data/ratis/bbc420fb-991e-4c0c-9ed2-f57bfe1248a2: flushIndex: setUnconditionally 0 -> -1
2019-09-12 10:53:03,278 [pool-82-thread-1] INFO  server.RaftServerConfigKeys (ConfUtils.java:logGet(43)) - raft.server.snapshot.auto.trigger.enabled = true (custom)
2019-09-12 10:53:03,278 [pool-82-thread-1] INFO  server.RaftServerConfigKeys (ConfUtils.java:logGet(43)) - raft.server.snapshot.auto.trigger.threshold = 10000 (custom)
2019-09-12 10:53:03,278 [pool-82-thread-1] INFO  server.RaftServerConfigKeys (ConfUtils.java:logGet(43)) - raft.server.retrycache.expirytime = 600000ms (custom)
2019-09-12 10:53:03,278 [pool-82-thread-1] INFO  impl.RaftServerImpl (RaftServerImpl.java:start(180)) - 3aa8f21e-cbc0-493e-b8ca-fbb3b21697d5: start group-F57BFE1248A2
2019-09-12 10:53:03,278 [pool-82-thread-1] INFO  impl.RaftServerImpl (RaftServerImpl.java:setRole(171)) - 3aa8f21e-cbc0-493e-b8ca-fbb3b21697d5:group-F57BFE1248A2 changes role from null to FOLLOWER at term 0 for startAsFollower
2019-09-12 10:53:03,278 [pool-82-thread-1] INFO  impl.RoleInfo (RoleInfo.java:updateAndGet(143)) - 3aa8f21e-cbc0-493e-b8ca-fbb3b21697d5: start FollowerState
2019-09-12 10:53:03,279 [pool-82-thread-1] INFO  util.JmxRegister (JmxRegister.java:tryRegister(44)) - Successfully registered JMX Bean with object name Ratis:service=RaftServer,group=group-F57BFE1248A2,id=3aa8f21e-cbc0-493e-b8ca-fbb3b21697d5
2019-09-12 10:53:03,282 [RatisPipelineUtilsThread] INFO  pipeline.PipelineStateManager (PipelineStateManager.java:addPipeline(56)) - Created pipeline Pipeline[ Id: bbc420fb-991e-4c0c-9ed2-f57bfe1248a2, Nodes: 3aa8f21e-cbc0-493e-b8ca-fbb3b21697d5{ip: 192.168.157.195, host: pr-hdds-1569-xtfnx-3545843844, networkLocation: /default-rack, certSerialId: null}, Type:RATIS, Factor:ONE, State:OPEN]
2019-09-12 10:53:03,283 [RatisPipelineUtilsThread] ERROR pipeline.PipelinePlacementPolicy (PipelinePlacementPolicy.java:meetCriteria(91)) - Pipeline Placement: Doesn't meet the criteria to be viable node. Heaviness: 6
2019-09-12 10:53:03,283 [RatisPipelineUtilsThread] ERROR pipeline.PipelinePlacementPolicy (PipelinePlacementPolicy.java:meetCriteria(91)) - Pipeline Placement: Doesn't meet the criteria to be viable node. Heaviness: 6
2019-09-12 10:53:03,283 [RatisPipelineUtilsThread] ERROR pipeline.PipelinePlacementPolicy (PipelinePlacementPolicy.java:meetCriteria(91)) - Pipeline Placement: Doesn't meet the criteria to be viable node. Heaviness: 6
2019-09-12 10:53:03,283 [RatisPipelineUtilsThread] ERROR pipeline.PipelinePlacementPolicy (PipelinePlacementPolicy.java:meetCriteria(91)) - Pipeline Placement: Doesn't meet the criteria to be viable node. Heaviness: 6
2019-09-12 10:53:03,283 [RatisPipelineUtilsThread] ERROR pipeline.PipelinePlacementPolicy (PipelinePlacementPolicy.java:meetCriteria(91)) - Pipeline Placement: Doesn't meet the criteria to be viable node. Heaviness: 6
2019-09-12 10:53:03,287 [005a1424-1186-4d58-b0b5-fdf3e953d666-SegmentedRaftLogWorker:Storage Directory /workdir/hadoop-ozone/integration-test/target/test-dir/MiniOzoneClusterImpl-838a7ec2-4afb-4d68-8138-46fa65bc7e11/datanode-6/data/ratis/a0032d9c-af02-40fb-bc55-a97877ff3e2c] INFO  segmented.SegmentedRaftLogWorker (SegmentedRaftLogWorker.java:execute(569)) - 005a1424-1186-4d58-b0b5-fdf3e953d666-SegmentedRaftLogWorker:Storage Directory /workdir/hadoop-ozone/integration-test/target/test-dir/MiniOzoneClusterImpl-838a7ec2-4afb-4d68-8138-46fa65bc7e11/datanode-6/data/ratis/a0032d9c-af02-40fb-bc55-a97877ff3e2c: created new log segment /workdir/hadoop-ozone/integration-test/target/test-dir/MiniOzoneClusterImpl-838a7ec2-4afb-4d68-8138-46fa65bc7e11/datanode-6/data/ratis/a0032d9c-af02-40fb-bc55-a97877ff3e2c/current/log_inprogress_0
2019-09-12 10:53:03,289 [grpc-default-executor-0] INFO  impl.RaftServerProxy (RaftServerProxy.java:addNew(89)) - 02d2c735-5a91-4cfc-b37b-8234c14e6879: addNew group-C096732CDEC7:[02d2c735-5a91-4cfc-b37b-8234c14e6879:192.168.157.195:36291] returns group-C096732CDEC7:java.util.concurrent.CompletableFuture@48be1e46[Not completed]
2019-09-12 10:53:03,291 [pool-126-thread-1] INFO  impl.RaftServerImpl (RaftServerImpl.java:<init>(93)) - 02d2c735-5a91-4cfc-b37b-8234c14e6879: new RaftServerImpl for group-C096732CDEC7:[02d2c735-5a91-4cfc-b37b-8234c14e6879:192.168.157.195:36291] with ContainerStateMachine:uninitialized
2019-09-12 10:53:03,291 [pool-126-thread-1] INFO  server.RaftServerConfigKeys (ConfUtils.java:logGet(43)) - raft.server.rpc.timeout.min = 1s (custom)
2019-09-12 10:53:03,291 [pool-126-thread-1] INFO  server.RaftServerConfigKeys (ConfUtils.java:logGet(43)) - raft.server.rpc.timeout.max = 1200ms (custom)
2019-09-12 10:53:03,291 [pool-126-thread-1] INFO  server.RaftServerConfigKeys (ConfUtils.java:logGet(43)) - raft.server.rpcslowness.timeout = 120s (custom)
2019-09-12 10:53:03,291 [pool-126-thread-1] INFO  server.RaftServerConfigKeys (ConfUtils.java:logGet(43)) - raft.server.sleep.deviation.threshold = 300 (default)
2019-09-12 10:53:03,291 [pool-126-thread-1] INFO  server.RaftServerConfigKeys (ConfUtils.java:logGet(43)) - raft.server.log.appender.install.snapshot.enabled = false (custom)
2019-09-12 10:53:03,291 [pool-126-thread-1] INFO  impl.RaftServerImpl (ServerState.java:<init>(105)) - 02d2c735-5a91-4cfc-b37b-8234c14e6879:group-C096732CDEC7 ConfigurationManager, init=-1: [02d2c735-5a91-4cfc-b37b-8234c14e6879:192.168.157.195:36291], old=null, confs=<EMPTY_MAP>
2019-09-12 10:53:03,292 [pool-126-thread-1] INFO  server.RaftServerConfigKeys (ConfUtils.java:logGet(43)) - raft.server.storage.dir = [/workdir/hadoop-ozone/integration-test/target/test-dir/MiniOzoneClusterImpl-838a7ec2-4afb-4d68-8138-46fa65bc7e11/datanode-9/data/ratis] (custom)
2019-09-12 10:53:03,292 [pool-126-thread-1] INFO  storage.RaftStorageDirectory (RaftStorageDirectory.java:analyzeStorage(246)) - The storage directory /workdir/hadoop-ozone/integration-test/target/test-dir/MiniOzoneClusterImpl-838a7ec2-4afb-4d68-8138-46fa65bc7e11/datanode-9/data/ratis/a4ea00f3-dbeb-42a9-9a86-c096732cdec7 does not exist. Creating ...
2019-09-12 10:53:03,304 [pool-126-thread-1] INFO  storage.RaftStorageDirectory (RaftStorageDirectory.java:tryLock(328)) - Lock on /workdir/hadoop-ozone/integration-test/target/test-dir/MiniOzoneClusterImpl-838a7ec2-4afb-4d68-8138-46fa65bc7e11/datanode-9/data/ratis/a4ea00f3-dbeb-42a9-9a86-c096732cdec7/in_use.lock acquired by nodename 620@pr-hdds-1569-xtfnx-3545843844
2019-09-12 10:53:03,306 | INFO  | SCMAudit | user=jenkins1000 | ip=192.168.157.195 | op=SEND_HEARTBEAT {datanodeUUID=02d2c735-5a91-4cfc-b37b-8234c14e6879, command=[]} | ret=SUCCESS |  
2019-09-12 10:53:03,317 [pool-126-thread-1] INFO  storage.RaftStorage (RaftStorage.java:format(72)) - Storage directory /workdir/hadoop-ozone/integration-test/target/test-dir/MiniOzoneClusterImpl-838a7ec2-4afb-4d68-8138-46fa65bc7e11/datanode-9/data/ratis/a4ea00f3-dbeb-42a9-9a86-c096732cdec7 has been successfully formatted.
2019-09-12 10:53:03,318 [pool-126-thread-1] INFO  ratis.ContainerStateMachine (ContainerStateMachine.java:loadSnapshot(226)) - group-C096732CDEC7: The snapshot info is null. Setting the last applied indexto:(t:0, i:~)
2019-09-12 10:53:03,318 [pool-126-thread-1] INFO  server.RaftServerConfigKeys (ConfUtils.java:logGet(43)) - raft.server.leader.election.timeout = 120s (custom)
2019-09-12 10:53:03,318 [pool-126-thread-1] INFO  server.RaftServerConfigKeys (ConfUtils.java:logGet(43)) - raft.server.log.use.memory = false (default)
2019-09-12 10:53:03,318 [pool-126-thread-1] INFO  server.RaftServerConfigKeys (ConfUtils.java:logGet(43)) - raft.server.log.purge.gap = 1000000 (custom)
2019-09-12 10:53:03,318 [pool-126-thread-1] INFO  server.RaftServerConfigKeys (ConfUtils.java:logGet(43)) - raft.server.log.appender.buffer.byte-limit = 33554432 (custom)
2019-09-12 10:53:03,318 [pool-126-thread-1] INFO  server.RaftServerConfigKeys (ConfUtils.java:logGet(43)) - raft.server.log.segment.size.max = 1048576 (custom)
2019-09-12 10:53:03,319 [pool-126-thread-1] INFO  server.RaftServerConfigKeys (ConfUtils.java:logGet(43)) - raft.server.log.segment.cache.num.max = 2 (custom)
2019-09-12 10:53:03,319 [pool-126-thread-1] INFO  segmented.SegmentedRaftLogWorker (SegmentedRaftLogWorker.java:<init>(172)) - new 02d2c735-5a91-4cfc-b37b-8234c14e6879-SegmentedRaftLogWorker:Storage Directory /workdir/hadoop-ozone/integration-test/target/test-dir/MiniOzoneClusterImpl-838a7ec2-4afb-4d68-8138-46fa65bc7e11/datanode-9/data/ratis/a4ea00f3-dbeb-42a9-9a86-c096732cdec7 for RaftStorage:Storage Directory /workdir/hadoop-ozone/integration-test/target/test-dir/MiniOzoneClusterImpl-838a7ec2-4afb-4d68-8138-46fa65bc7e11/datanode-9/data/ratis/a4ea00f3-dbeb-42a9-9a86-c096732cdec7
2019-09-12 10:53:03,319 [pool-126-thread-1] INFO  server.RaftServerConfigKeys (ConfUtils.java:logGet(43)) - raft.server.log.queue.byte-limit = 2147483647 (custom)
2019-09-12 10:53:03,319 [pool-126-thread-1] INFO  server.RaftServerConfigKeys (ConfUtils.java:logGet(43)) - raft.server.log.queue.element-limit = 1024 (custom)
2019-09-12 10:53:03,319 [pool-126-thread-1] INFO  server.RaftServerConfigKeys (ConfUtils.java:logGet(43)) - raft.server.log.segment.size.max = 1048576 (custom)
2019-09-12 10:53:03,319 [pool-126-thread-1] INFO  server.RaftServerConfigKeys (ConfUtils.java:logGet(43)) - raft.server.log.preallocated.size = 16384 (custom)
2019-09-12 10:53:03,319 [pool-126-thread-1] INFO  server.RaftServerConfigKeys (ConfUtils.java:logGet(43)) - raft.server.log.write.buffer.size = 33554432 (custom)
2019-09-12 10:53:03,320 [pool-126-thread-1] INFO  server.RaftServerConfigKeys (ConfUtils.java:logGet(43)) - raft.server.log.force.sync.num = 128 (default)
2019-09-12 10:53:03,320 [pool-126-thread-1] INFO  server.RaftServerConfigKeys (ConfUtils.java:logGet(43)) - raft.server.log.statemachine.data.sync = true (default)
2019-09-12 10:53:03,320 [pool-126-thread-1] INFO  server.RaftServerConfigKeys (ConfUtils.java:logGet(43)) - raft.server.log.statemachine.data.sync.timeout = 10s (default)
2019-09-12 10:53:03,320 [pool-126-thread-1] INFO  server.RaftServerConfigKeys (ConfUtils.java:logGet(43)) - raft.server.log.statemachine.data.sync.timeout.retry = -1 (default)
2019-09-12 10:53:03,320 [pool-126-thread-1] INFO  server.RaftServerConfigKeys (ConfUtils.java:logGet(43)) - raft.server.log.statemachine.data.caching.enabled = true (custom)
2019-09-12 10:53:03,320 [pool-126-thread-1] INFO  segmented.SegmentedRaftLogWorker (SegmentedRaftLogWorker.java:lambda$new$0(132)) - 02d2c735-5a91-4cfc-b37b-8234c14e6879-SegmentedRaftLogWorker:Storage Directory /workdir/hadoop-ozone/integration-test/target/test-dir/MiniOzoneClusterImpl-838a7ec2-4afb-4d68-8138-46fa65bc7e11/datanode-9/data/ratis/a4ea00f3-dbeb-42a9-9a86-c096732cdec7: flushIndex: setUnconditionally 0 -> -1
2019-09-12 10:53:03,321 [pool-126-thread-1] INFO  server.RaftServerConfigKeys (ConfUtils.java:logGet(43)) - raft.server.snapshot.auto.trigger.enabled = true (custom)
2019-09-12 10:53:03,321 [pool-126-thread-1] INFO  server.RaftServerConfigKeys (ConfUtils.java:logGet(43)) - raft.server.snapshot.auto.trigger.threshold = 10000 (custom)
2019-09-12 10:53:03,321 [pool-126-thread-1] INFO  server.RaftServerConfigKeys (ConfUtils.java:logGet(43)) - raft.server.retrycache.expirytime = 600000ms (custom)
2019-09-12 10:53:03,321 [pool-126-thread-1] INFO  impl.RaftServerImpl (RaftServerImpl.java:start(180)) - 02d2c735-5a91-4cfc-b37b-8234c14e6879: start group-C096732CDEC7
2019-09-12 10:53:03,321 [pool-126-thread-1] INFO  impl.RaftServerImpl (RaftServerImpl.java:setRole(171)) - 02d2c735-5a91-4cfc-b37b-8234c14e6879:group-C096732CDEC7 changes role from null to FOLLOWER at term 0 for startAsFollower
2019-09-12 10:53:03,321 [pool-126-thread-1] INFO  impl.RoleInfo (RoleInfo.java:updateAndGet(143)) - 02d2c735-5a91-4cfc-b37b-8234c14e6879: start FollowerState
2019-09-12 10:53:03,322 [pool-126-thread-1] INFO  util.JmxRegister (JmxRegister.java:tryRegister(44)) - Successfully registered JMX Bean with object name Ratis:service=RaftServer,group=group-C096732CDEC7,id=02d2c735-5a91-4cfc-b37b-8234c14e6879
2019-09-12 10:53:03,325 [RatisPipelineUtilsThread] INFO  pipeline.PipelineStateManager (PipelineStateManager.java:addPipeline(56)) - Created pipeline Pipeline[ Id: a4ea00f3-dbeb-42a9-9a86-c096732cdec7, Nodes: 02d2c735-5a91-4cfc-b37b-8234c14e6879{ip: 192.168.157.195, host: pr-hdds-1569-xtfnx-3545843844, networkLocation: /default-rack, certSerialId: null}, Type:RATIS, Factor:ONE, State:OPEN]
2019-09-12 10:53:03,325 [RatisPipelineUtilsThread] ERROR pipeline.PipelinePlacementPolicy (PipelinePlacementPolicy.java:meetCriteria(91)) - Pipeline Placement: Doesn't meet the criteria to be viable node. Heaviness: 6
2019-09-12 10:53:03,325 [RatisPipelineUtilsThread] ERROR pipeline.PipelinePlacementPolicy (PipelinePlacementPolicy.java:meetCriteria(91)) - Pipeline Placement: Doesn't meet the criteria to be viable node. Heaviness: 6
2019-09-12 10:53:03,326 [RatisPipelineUtilsThread] ERROR pipeline.PipelinePlacementPolicy (PipelinePlacementPolicy.java:meetCriteria(91)) - Pipeline Placement: Doesn't meet the criteria to be viable node. Heaviness: 6
2019-09-12 10:53:03,326 [RatisPipelineUtilsThread] ERROR pipeline.PipelinePlacementPolicy (PipelinePlacementPolicy.java:meetCriteria(91)) - Pipeline Placement: Doesn't meet the criteria to be viable node. Heaviness: 6
2019-09-12 10:53:03,326 [RatisPipelineUtilsThread] ERROR pipeline.PipelinePlacementPolicy (PipelinePlacementPolicy.java:meetCriteria(91)) - Pipeline Placement: Doesn't meet the criteria to be viable node. Heaviness: 6
2019-09-12 10:53:03,332 [grpc-default-executor-0] INFO  impl.RaftServerProxy (RaftServerProxy.java:addNew(89)) - 005a1424-1186-4d58-b0b5-fdf3e953d666: addNew group-FC9C41026EA7:[005a1424-1186-4d58-b0b5-fdf3e953d666:192.168.157.195:33930] returns group-FC9C41026EA7:java.util.concurrent.CompletableFuture@728f0f4a[Not completed]
2019-09-12 10:53:03,334 [pool-93-thread-1] INFO  impl.RaftServerImpl (RaftServerImpl.java:<init>(93)) - 005a1424-1186-4d58-b0b5-fdf3e953d666: new RaftServerImpl for group-FC9C41026EA7:[005a1424-1186-4d58-b0b5-fdf3e953d666:192.168.157.195:33930] with ContainerStateMachine:uninitialized
2019-09-12 10:53:03,334 [pool-93-thread-1] INFO  server.RaftServerConfigKeys (ConfUtils.java:logGet(43)) - raft.server.rpc.timeout.min = 1s (custom)
2019-09-12 10:53:03,334 [pool-93-thread-1] INFO  server.RaftServerConfigKeys (ConfUtils.java:logGet(43)) - raft.server.rpc.timeout.max = 1200ms (custom)
2019-09-12 10:53:03,334 [pool-93-thread-1] INFO  server.RaftServerConfigKeys (ConfUtils.java:logGet(43)) - raft.server.rpcslowness.timeout = 120s (custom)
2019-09-12 10:53:03,334 [pool-93-thread-1] INFO  server.RaftServerConfigKeys (ConfUtils.java:logGet(43)) - raft.server.sleep.deviation.threshold = 300 (default)
2019-09-12 10:53:03,334 [pool-93-thread-1] INFO  server.RaftServerConfigKeys (ConfUtils.java:logGet(43)) - raft.server.log.appender.install.snapshot.enabled = false (custom)
2019-09-12 10:53:03,334 [pool-93-thread-1] INFO  impl.RaftServerImpl (ServerState.java:<init>(105)) - 005a1424-1186-4d58-b0b5-fdf3e953d666:group-FC9C41026EA7 ConfigurationManager, init=-1: [005a1424-1186-4d58-b0b5-fdf3e953d666:192.168.157.195:33930], old=null, confs=<EMPTY_MAP>
2019-09-12 10:53:03,335 [pool-93-thread-1] INFO  server.RaftServerConfigKeys (ConfUtils.java:logGet(43)) - raft.server.storage.dir = [/workdir/hadoop-ozone/integration-test/target/test-dir/MiniOzoneClusterImpl-838a7ec2-4afb-4d68-8138-46fa65bc7e11/datanode-6/data/ratis] (custom)
2019-09-12 10:53:03,335 [pool-93-thread-1] INFO  storage.RaftStorageDirectory (RaftStorageDirectory.java:analyzeStorage(246)) - The storage directory /workdir/hadoop-ozone/integration-test/target/test-dir/MiniOzoneClusterImpl-838a7ec2-4afb-4d68-8138-46fa65bc7e11/datanode-6/data/ratis/5774af74-f54a-4be2-a18e-fc9c41026ea7 does not exist. Creating ...
2019-09-12 10:53:03,344 [Thread-414] INFO  impl.FollowerState (FollowerState.java:run(106)) - 8d69d0c9-c816-414c-ba1a-8b3ab85fb900:group-9BD9CAC188D2 changes to CANDIDATE, lastRpcTime:1003, electionTimeout:1003ms
2019-09-12 10:53:03,344 [Thread-414] INFO  impl.RoleInfo (RoleInfo.java:shutdownFollowerState(121)) - 8d69d0c9-c816-414c-ba1a-8b3ab85fb900: shutdown FollowerState
2019-09-12 10:53:03,344 [Thread-414] INFO  impl.RaftServerImpl (RaftServerImpl.java:setRole(171)) - 8d69d0c9-c816-414c-ba1a-8b3ab85fb900:group-9BD9CAC188D2 changes role from FOLLOWER to CANDIDATE at term 0 for changeToCandidate
2019-09-12 10:53:03,345 [Thread-414] INFO  impl.RoleInfo (RoleInfo.java:updateAndGet(143)) - 8d69d0c9-c816-414c-ba1a-8b3ab85fb900: start LeaderElection
2019-09-12 10:53:03,348 [pool-93-thread-1] INFO  storage.RaftStorageDirectory (RaftStorageDirectory.java:tryLock(328)) - Lock on /workdir/hadoop-ozone/integration-test/target/test-dir/MiniOzoneClusterImpl-838a7ec2-4afb-4d68-8138-46fa65bc7e11/datanode-6/data/ratis/5774af74-f54a-4be2-a18e-fc9c41026ea7/in_use.lock acquired by nodename 620@pr-hdds-1569-xtfnx-3545843844
2019-09-12 10:53:03,352 [Thread-409] INFO  impl.FollowerState (FollowerState.java:run(106)) - e4f93bd3-fff9-4926-9bf8-61056d59521f:group-B2799D490CB8 changes to CANDIDATE, lastRpcTime:1096, electionTimeout:1096ms
2019-09-12 10:53:03,353 [Thread-409] INFO  impl.RoleInfo (RoleInfo.java:shutdownFollowerState(121)) - e4f93bd3-fff9-4926-9bf8-61056d59521f: shutdown FollowerState
2019-09-12 10:53:03,353 [Thread-409] INFO  impl.RaftServerImpl (RaftServerImpl.java:setRole(171)) - e4f93bd3-fff9-4926-9bf8-61056d59521f:group-B2799D490CB8 changes role from FOLLOWER to CANDIDATE at term 0 for changeToCandidate
2019-09-12 10:53:03,353 [Thread-409] INFO  impl.RoleInfo (RoleInfo.java:updateAndGet(143)) - e4f93bd3-fff9-4926-9bf8-61056d59521f: start LeaderElection
2019-09-12 10:53:03,365 [pool-93-thread-1] INFO  storage.RaftStorage (RaftStorage.java:format(72)) - Storage directory /workdir/hadoop-ozone/integration-test/target/test-dir/MiniOzoneClusterImpl-838a7ec2-4afb-4d68-8138-46fa65bc7e11/datanode-6/data/ratis/5774af74-f54a-4be2-a18e-fc9c41026ea7 has been successfully formatted.
2019-09-12 10:53:03,365 [8d69d0c9-c816-414c-ba1a-8b3ab85fb900:group-9BD9CAC188D2:LeaderElection29] INFO  impl.LeaderElection (LeaderElection.java:askForVotes(181)) - 8d69d0c9-c816-414c-ba1a-8b3ab85fb900:group-9BD9CAC188D2:LeaderElection29: begin an election at term 1 for -1: [8d69d0c9-c816-414c-ba1a-8b3ab85fb900:192.168.157.195:38566], old=null
2019-09-12 10:53:03,365 [e4f93bd3-fff9-4926-9bf8-61056d59521f:group-B2799D490CB8:LeaderElection30] INFO  impl.LeaderElection (LeaderElection.java:askForVotes(181)) - e4f93bd3-fff9-4926-9bf8-61056d59521f:group-B2799D490CB8:LeaderElection30: begin an election at term 1 for -1: [e4f93bd3-fff9-4926-9bf8-61056d59521f:192.168.157.195:41370], old=null
2019-09-12 10:53:03,366 [pool-93-thread-1] INFO  ratis.ContainerStateMachine (ContainerStateMachine.java:loadSnapshot(226)) - group-FC9C41026EA7: The snapshot info is null. Setting the last applied indexto:(t:0, i:~)
2019-09-12 10:53:03,365 [8d69d0c9-c816-414c-ba1a-8b3ab85fb900:group-9BD9CAC188D2:LeaderElection29] INFO  impl.RoleInfo (RoleInfo.java:shutdownLeaderElection(134)) - 8d69d0c9-c816-414c-ba1a-8b3ab85fb900: shutdown LeaderElection
2019-09-12 10:53:03,366 [pool-93-thread-1] INFO  server.RaftServerConfigKeys (ConfUtils.java:logGet(43)) - raft.server.leader.election.timeout = 120s (custom)
2019-09-12 10:53:03,366 [e4f93bd3-fff9-4926-9bf8-61056d59521f:group-B2799D490CB8:LeaderElection30] INFO  impl.RoleInfo (RoleInfo.java:shutdownLeaderElection(134)) - e4f93bd3-fff9-4926-9bf8-61056d59521f: shutdown LeaderElection
2019-09-12 10:53:03,366 [pool-93-thread-1] INFO  server.RaftServerConfigKeys (ConfUtils.java:logGet(43)) - raft.server.log.use.memory = false (default)
2019-09-12 10:53:03,366 [8d69d0c9-c816-414c-ba1a-8b3ab85fb900:group-9BD9CAC188D2:LeaderElection29] INFO  impl.RaftServerImpl (RaftServerImpl.java:setRole(171)) - 8d69d0c9-c816-414c-ba1a-8b3ab85fb900:group-9BD9CAC188D2 changes role from CANDIDATE to LEADER at term 1 for changeToLeader
2019-09-12 10:53:03,366 [pool-93-thread-1] INFO  server.RaftServerConfigKeys (ConfUtils.java:logGet(43)) - raft.server.log.purge.gap = 1000000 (custom)
2019-09-12 10:53:03,366 [pool-93-thread-1] INFO  server.RaftServerConfigKeys (ConfUtils.java:logGet(43)) - raft.server.log.appender.buffer.byte-limit = 33554432 (custom)
2019-09-12 10:53:03,366 [e4f93bd3-fff9-4926-9bf8-61056d59521f:group-B2799D490CB8:LeaderElection30] INFO  impl.RaftServerImpl (RaftServerImpl.java:setRole(171)) - e4f93bd3-fff9-4926-9bf8-61056d59521f:group-B2799D490CB8 changes role from CANDIDATE to LEADER at term 1 for changeToLeader
2019-09-12 10:53:03,367 [pool-93-thread-1] INFO  server.RaftServerConfigKeys (ConfUtils.java:logGet(43)) - raft.server.log.segment.size.max = 1048576 (custom)
2019-09-12 10:53:03,366 [8d69d0c9-c816-414c-ba1a-8b3ab85fb900:group-9BD9CAC188D2:LeaderElection29] INFO  impl.RaftServerImpl (ServerState.java:setLeader(263)) - 8d69d0c9-c816-414c-ba1a-8b3ab85fb900:group-9BD9CAC188D2 change Leader from null to 8d69d0c9-c816-414c-ba1a-8b3ab85fb900 at term 1 for becomeLeader, leader elected after 1031ms
2019-09-12 10:53:03,367 [pool-93-thread-1] INFO  server.RaftServerConfigKeys (ConfUtils.java:logGet(43)) - raft.server.log.segment.cache.num.max = 2 (custom)
2019-09-12 10:53:03,367 [e4f93bd3-fff9-4926-9bf8-61056d59521f:group-B2799D490CB8:LeaderElection30] INFO  impl.RaftServerImpl (ServerState.java:setLeader(263)) - e4f93bd3-fff9-4926-9bf8-61056d59521f:group-B2799D490CB8 change Leader from null to e4f93bd3-fff9-4926-9bf8-61056d59521f at term 1 for becomeLeader, leader elected after 1114ms
2019-09-12 10:53:03,367 [pool-93-thread-1] INFO  segmented.SegmentedRaftLogWorker (SegmentedRaftLogWorker.java:<init>(172)) - new 005a1424-1186-4d58-b0b5-fdf3e953d666-SegmentedRaftLogWorker:Storage Directory /workdir/hadoop-ozone/integration-test/target/test-dir/MiniOzoneClusterImpl-838a7ec2-4afb-4d68-8138-46fa65bc7e11/datanode-6/data/ratis/5774af74-f54a-4be2-a18e-fc9c41026ea7 for RaftStorage:Storage Directory /workdir/hadoop-ozone/integration-test/target/test-dir/MiniOzoneClusterImpl-838a7ec2-4afb-4d68-8138-46fa65bc7e11/datanode-6/data/ratis/5774af74-f54a-4be2-a18e-fc9c41026ea7
2019-09-12 10:53:03,367 [8d69d0c9-c816-414c-ba1a-8b3ab85fb900:group-9BD9CAC188D2:LeaderElection29] INFO  server.RaftServerConfigKeys (ConfUtils.java:logGet(43)) - raft.server.staging.catchup.gap = 1000 (default)
2019-09-12 10:53:03,367 [pool-93-thread-1] INFO  server.RaftServerConfigKeys (ConfUtils.java:logGet(43)) - raft.server.log.queue.byte-limit = 2147483647 (custom)
2019-09-12 10:53:03,368 [pool-93-thread-1] INFO  server.RaftServerConfigKeys (ConfUtils.java:logGet(43)) - raft.server.log.queue.element-limit = 1024 (custom)
2019-09-12 10:53:03,367 [e4f93bd3-fff9-4926-9bf8-61056d59521f:group-B2799D490CB8:LeaderElection30] INFO  server.RaftServerConfigKeys (ConfUtils.java:logGet(43)) - raft.server.staging.catchup.gap = 1000 (default)
2019-09-12 10:53:03,368 [pool-93-thread-1] INFO  server.RaftServerConfigKeys (ConfUtils.java:logGet(43)) - raft.server.log.segment.size.max = 1048576 (custom)
2019-09-12 10:53:03,368 [8d69d0c9-c816-414c-ba1a-8b3ab85fb900:group-9BD9CAC188D2:LeaderElection29] INFO  server.RaftServerConfigKeys (ConfUtils.java:logGet(43)) - raft.server.rpc.sleep.time = 25ms (default)
2019-09-12 10:53:03,368 [pool-93-thread-1] INFO  server.RaftServerConfigKeys (ConfUtils.java:logGet(43)) - raft.server.log.preallocated.size = 16384 (custom)
2019-09-12 10:53:03,368 [8d69d0c9-c816-414c-ba1a-8b3ab85fb900:group-9BD9CAC188D2:LeaderElection29] INFO  server.RaftServerConfigKeys (ConfUtils.java:logGet(43)) - raft.server.write.element-limit = 4096 (default)
2019-09-12 10:53:03,368 [e4f93bd3-fff9-4926-9bf8-61056d59521f:group-B2799D490CB8:LeaderElection30] INFO  server.RaftServerConfigKeys (ConfUtils.java:logGet(43)) - raft.server.rpc.sleep.time = 25ms (default)
2019-09-12 10:53:03,368 [8d69d0c9-c816-414c-ba1a-8b3ab85fb900:group-9BD9CAC188D2:LeaderElection29] INFO  server.RaftServerConfigKeys (ConfUtils.java:logGet(43)) - raft.server.watch.timeout = 10s (default)
2019-09-12 10:53:03,368 [pool-93-thread-1] INFO  server.RaftServerConfigKeys (ConfUtils.java:logGet(43)) - raft.server.log.write.buffer.size = 33554432 (custom)
2019-09-12 10:53:03,369 [8d69d0c9-c816-414c-ba1a-8b3ab85fb900:group-9BD9CAC188D2:LeaderElection29] INFO  server.RaftServerConfigKeys (ConfUtils.java:logGet(43)) - raft.server.watch.timeout.denomination = 1s (default)
2019-09-12 10:53:03,369 [e4f93bd3-fff9-4926-9bf8-61056d59521f:group-B2799D490CB8:LeaderElection30] INFO  server.RaftServerConfigKeys (ConfUtils.java:logGet(43)) - raft.server.write.element-limit = 4096 (default)
2019-09-12 10:53:03,369 [8d69d0c9-c816-414c-ba1a-8b3ab85fb900:group-9BD9CAC188D2:LeaderElection29] INFO  server.RaftServerConfigKeys (ConfUtils.java:logGet(43)) - raft.server.watch.element-limit = 65536 (default)
2019-09-12 10:53:03,369 [pool-93-thread-1] INFO  server.RaftServerConfigKeys (ConfUtils.java:logGet(43)) - raft.server.log.force.sync.num = 128 (default)
2019-09-12 10:53:03,369 [e4f93bd3-fff9-4926-9bf8-61056d59521f:group-B2799D490CB8:LeaderElection30] INFO  server.RaftServerConfigKeys (ConfUtils.java:logGet(43)) - raft.server.watch.timeout = 10s (default)
2019-09-12 10:53:03,369 [pool-93-thread-1] INFO  server.RaftServerConfigKeys (ConfUtils.java:logGet(43)) - raft.server.log.statemachine.data.sync = true (default)
2019-09-12 10:53:03,369 [8d69d0c9-c816-414c-ba1a-8b3ab85fb900:group-9BD9CAC188D2:LeaderElection29] INFO  impl.RoleInfo (RoleInfo.java:updateAndGet(143)) - 8d69d0c9-c816-414c-ba1a-8b3ab85fb900: start LeaderState
2019-09-12 10:53:03,369 [e4f93bd3-fff9-4926-9bf8-61056d59521f:group-B2799D490CB8:LeaderElection30] INFO  server.RaftServerConfigKeys (ConfUtils.java:logGet(43)) - raft.server.watch.timeout.denomination = 1s (default)
2019-09-12 10:53:03,370 [pool-93-thread-1] INFO  server.RaftServerConfigKeys (ConfUtils.java:logGet(43)) - raft.server.log.statemachine.data.sync.timeout = 10s (default)
2019-09-12 10:53:03,370 [8d69d0c9-c816-414c-ba1a-8b3ab85fb900:group-9BD9CAC188D2:LeaderElection29] INFO  segmented.SegmentedRaftLogWorker (SegmentedRaftLogWorker.java:startLogSegment(380)) - 8d69d0c9-c816-414c-ba1a-8b3ab85fb900-SegmentedRaftLogWorker:Storage Directory /workdir/hadoop-ozone/integration-test/target/test-dir/MiniOzoneClusterImpl-838a7ec2-4afb-4d68-8138-46fa65bc7e11/datanode-4/data/ratis/fba8167c-1b87-4e2d-a3eb-9bd9cac188d2: Starting segment from index:0
2019-09-12 10:53:03,370 [e4f93bd3-fff9-4926-9bf8-61056d59521f:group-B2799D490CB8:LeaderElection30] INFO  server.RaftServerConfigKeys (ConfUtils.java:logGet(43)) - raft.server.watch.element-limit = 65536 (default)
2019-09-12 10:53:03,370 [pool-93-thread-1] INFO  server.RaftServerConfigKeys (ConfUtils.java:logGet(43)) - raft.server.log.statemachine.data.sync.timeout.retry = -1 (default)
2019-09-12 10:53:03,370 [e4f93bd3-fff9-4926-9bf8-61056d59521f:group-B2799D490CB8:LeaderElection30] INFO  impl.RoleInfo (RoleInfo.java:updateAndGet(143)) - e4f93bd3-fff9-4926-9bf8-61056d59521f: start LeaderState
2019-09-12 10:53:03,370 [8d69d0c9-c816-414c-ba1a-8b3ab85fb900:group-9BD9CAC188D2:LeaderElection29] INFO  impl.RaftServerImpl (ServerState.java:setRaftConf(361)) - 8d69d0c9-c816-414c-ba1a-8b3ab85fb900:group-9BD9CAC188D2 set configuration 0: [8d69d0c9-c816-414c-ba1a-8b3ab85fb900:192.168.157.195:38566], old=null at 0
2019-09-12 10:53:03,370 [e4f93bd3-fff9-4926-9bf8-61056d59521f:group-B2799D490CB8:LeaderElection30] INFO  segmented.SegmentedRaftLogWorker (SegmentedRaftLogWorker.java:startLogSegment(380)) - e4f93bd3-fff9-4926-9bf8-61056d59521f-SegmentedRaftLogWorker:Storage Directory /workdir/hadoop-ozone/integration-test/target/test-dir/MiniOzoneClusterImpl-838a7ec2-4afb-4d68-8138-46fa65bc7e11/datanode-3/data/ratis/7d9ef399-e0a1-40d8-bc0c-b2799d490cb8: Starting segment from index:0
2019-09-12 10:53:03,370 [pool-93-thread-1] INFO  server.RaftServerConfigKeys (ConfUtils.java:logGet(43)) - raft.server.log.statemachine.data.caching.enabled = true (custom)
2019-09-12 10:53:03,399 [pool-93-thread-1] INFO  segmented.SegmentedRaftLogWorker (SegmentedRaftLogWorker.java:lambda$new$0(132)) - 005a1424-1186-4d58-b0b5-fdf3e953d666-SegmentedRaftLogWorker:Storage Directory /workdir/hadoop-ozone/integration-test/target/test-dir/MiniOzoneClusterImpl-838a7ec2-4afb-4d68-8138-46fa65bc7e11/datanode-6/data/ratis/5774af74-f54a-4be2-a18e-fc9c41026ea7: flushIndex: setUnconditionally 0 -> -1
2019-09-12 10:53:03,399 [e4f93bd3-fff9-4926-9bf8-61056d59521f:group-B2799D490CB8:LeaderElection30] INFO  impl.RaftServerImpl (ServerState.java:setRaftConf(361)) - e4f93bd3-fff9-4926-9bf8-61056d59521f:group-B2799D490CB8 set configuration 0: [e4f93bd3-fff9-4926-9bf8-61056d59521f:192.168.157.195:41370], old=null at 0
2019-09-12 10:53:03,399 [pool-93-thread-1] INFO  server.RaftServerConfigKeys (ConfUtils.java:logGet(43)) - raft.server.snapshot.auto.trigger.enabled = true (custom)
2019-09-12 10:53:03,426 [8d69d0c9-c816-414c-ba1a-8b3ab85fb900-SegmentedRaftLogWorker:Storage Directory /workdir/hadoop-ozone/integration-test/target/test-dir/MiniOzoneClusterImpl-838a7ec2-4afb-4d68-8138-46fa65bc7e11/datanode-4/data/ratis/fba8167c-1b87-4e2d-a3eb-9bd9cac188d2] INFO  segmented.SegmentedRaftLogWorker (SegmentedRaftLogWorker.java:execute(569)) - 8d69d0c9-c816-414c-ba1a-8b3ab85fb900-SegmentedRaftLogWorker:Storage Directory /workdir/hadoop-ozone/integration-test/target/test-dir/MiniOzoneClusterImpl-838a7ec2-4afb-4d68-8138-46fa65bc7e11/datanode-4/data/ratis/fba8167c-1b87-4e2d-a3eb-9bd9cac188d2: created new log segment /workdir/hadoop-ozone/integration-test/target/test-dir/MiniOzoneClusterImpl-838a7ec2-4afb-4d68-8138-46fa65bc7e11/datanode-4/data/ratis/fba8167c-1b87-4e2d-a3eb-9bd9cac188d2/current/log_inprogress_0
2019-09-12 10:53:03,426 [pool-93-thread-1] INFO  server.RaftServerConfigKeys (ConfUtils.java:logGet(43)) - raft.server.snapshot.auto.trigger.threshold = 10000 (custom)
2019-09-12 10:53:03,426 | INFO  | SCMAudit | user=jenkins1000 | ip=192.168.157.195 | op=SEND_HEARTBEAT {datanodeUUID=9dc3d9e1-35df-4da5-a2c1-5b39dd910295, command=[]} | ret=SUCCESS |  
2019-09-12 10:53:03,427 [pool-93-thread-1] INFO  server.RaftServerConfigKeys (ConfUtils.java:logGet(43)) - raft.server.retrycache.expirytime = 600000ms (custom)
2019-09-12 10:53:03,427 | INFO  | SCMAudit | user=jenkins1000 | ip=192.168.157.195 | op=SEND_HEARTBEAT {datanodeUUID=3aa8f21e-cbc0-493e-b8ca-fbb3b21697d5, command=[]} | ret=SUCCESS |  
2019-09-12 10:53:03,427 [pool-93-thread-1] INFO  impl.RaftServerImpl (RaftServerImpl.java:start(180)) - 005a1424-1186-4d58-b0b5-fdf3e953d666: start group-FC9C41026EA7
2019-09-12 10:53:03,427 [pool-93-thread-1] INFO  impl.RaftServerImpl (RaftServerImpl.java:setRole(171)) - 005a1424-1186-4d58-b0b5-fdf3e953d666:group-FC9C41026EA7 changes role from null to FOLLOWER at term 0 for startAsFollower
2019-09-12 10:53:03,427 [pool-93-thread-1] INFO  impl.RoleInfo (RoleInfo.java:updateAndGet(143)) - 005a1424-1186-4d58-b0b5-fdf3e953d666: start FollowerState
2019-09-12 10:53:03,428 [pool-93-thread-1] INFO  util.JmxRegister (JmxRegister.java:tryRegister(44)) - Successfully registered JMX Bean with object name Ratis:service=RaftServer,group=group-FC9C41026EA7,id=005a1424-1186-4d58-b0b5-fdf3e953d666
2019-09-12 10:53:03,431 [RatisPipelineUtilsThread] INFO  pipeline.PipelineStateManager (PipelineStateManager.java:addPipeline(56)) - Created pipeline Pipeline[ Id: 5774af74-f54a-4be2-a18e-fc9c41026ea7, Nodes: 005a1424-1186-4d58-b0b5-fdf3e953d666{ip: 192.168.157.195, host: pr-hdds-1569-xtfnx-3545843844, networkLocation: /default-rack, certSerialId: null}, Type:RATIS, Factor:ONE, State:OPEN]
2019-09-12 10:53:03,431 [RatisPipelineUtilsThread] ERROR pipeline.PipelinePlacementPolicy (PipelinePlacementPolicy.java:meetCriteria(91)) - Pipeline Placement: Doesn't meet the criteria to be viable node. Heaviness: 6
2019-09-12 10:53:03,432 [RatisPipelineUtilsThread] ERROR pipeline.PipelinePlacementPolicy (PipelinePlacementPolicy.java:meetCriteria(91)) - Pipeline Placement: Doesn't meet the criteria to be viable node. Heaviness: 6
2019-09-12 10:53:03,432 [RatisPipelineUtilsThread] ERROR pipeline.PipelinePlacementPolicy (PipelinePlacementPolicy.java:meetCriteria(91)) - Pipeline Placement: Doesn't meet the criteria to be viable node. Heaviness: 6
2019-09-12 10:53:03,432 [RatisPipelineUtilsThread] ERROR pipeline.PipelinePlacementPolicy (PipelinePlacementPolicy.java:meetCriteria(91)) - Pipeline Placement: Doesn't meet the criteria to be viable node. Heaviness: 6
2019-09-12 10:53:03,432 [RatisPipelineUtilsThread] ERROR pipeline.PipelinePlacementPolicy (PipelinePlacementPolicy.java:meetCriteria(91)) - Pipeline Placement: Doesn't meet the criteria to be viable node. Heaviness: 6
2019-09-12 10:53:03,438 [grpc-default-executor-0] INFO  impl.RaftServerProxy (RaftServerProxy.java:addNew(89)) - 35ed61f3-e470-497f-b63f-7decb4cef9e0: addNew group-8E361D47D408:[35ed61f3-e470-497f-b63f-7decb4cef9e0:192.168.157.195:33043] returns group-8E361D47D408:java.util.concurrent.CompletableFuture@465966f6[Not completed]
2019-09-12 10:53:03,439 [e4f93bd3-fff9-4926-9bf8-61056d59521f-SegmentedRaftLogWorker:Storage Directory /workdir/hadoop-ozone/integration-test/target/test-dir/MiniOzoneClusterImpl-838a7ec2-4afb-4d68-8138-46fa65bc7e11/datanode-3/data/ratis/7d9ef399-e0a1-40d8-bc0c-b2799d490cb8] INFO  segmented.SegmentedRaftLogWorker (SegmentedRaftLogWorker.java:execute(569)) - e4f93bd3-fff9-4926-9bf8-61056d59521f-SegmentedRaftLogWorker:Storage Directory /workdir/hadoop-ozone/integration-test/target/test-dir/MiniOzoneClusterImpl-838a7ec2-4afb-4d68-8138-46fa65bc7e11/datanode-3/data/ratis/7d9ef399-e0a1-40d8-bc0c-b2799d490cb8: created new log segment /workdir/hadoop-ozone/integration-test/target/test-dir/MiniOzoneClusterImpl-838a7ec2-4afb-4d68-8138-46fa65bc7e11/datanode-3/data/ratis/7d9ef399-e0a1-40d8-bc0c-b2799d490cb8/current/log_inprogress_0
2019-09-12 10:53:03,440 [pool-104-thread-1] INFO  impl.RaftServerImpl (RaftServerImpl.java:<init>(93)) - 35ed61f3-e470-497f-b63f-7decb4cef9e0: new RaftServerImpl for group-8E361D47D408:[35ed61f3-e470-497f-b63f-7decb4cef9e0:192.168.157.195:33043] with ContainerStateMachine:uninitialized
2019-09-12 10:53:03,440 [pool-104-thread-1] INFO  server.RaftServerConfigKeys (ConfUtils.java:logGet(43)) - raft.server.rpc.timeout.min = 1s (custom)
2019-09-12 10:53:03,440 [pool-104-thread-1] INFO  server.RaftServerConfigKeys (ConfUtils.java:logGet(43)) - raft.server.rpc.timeout.max = 1200ms (custom)
2019-09-12 10:53:03,441 [pool-104-thread-1] INFO  server.RaftServerConfigKeys (ConfUtils.java:logGet(43)) - raft.server.rpcslowness.timeout = 120s (custom)
2019-09-12 10:53:03,441 [pool-104-thread-1] INFO  server.RaftServerConfigKeys (ConfUtils.java:logGet(43)) - raft.server.sleep.deviation.threshold = 300 (default)
2019-09-12 10:53:03,441 [pool-104-thread-1] INFO  server.RaftServerConfigKeys (ConfUtils.java:logGet(43)) - raft.server.log.appender.install.snapshot.enabled = false (custom)
2019-09-12 10:53:03,441 [pool-104-thread-1] INFO  impl.RaftServerImpl (ServerState.java:<init>(105)) - 35ed61f3-e470-497f-b63f-7decb4cef9e0:group-8E361D47D408 ConfigurationManager, init=-1: [35ed61f3-e470-497f-b63f-7decb4cef9e0:192.168.157.195:33043], old=null, confs=<EMPTY_MAP>
2019-09-12 10:53:03,441 [pool-104-thread-1] INFO  server.RaftServerConfigKeys (ConfUtils.java:logGet(43)) - raft.server.storage.dir = [/workdir/hadoop-ozone/integration-test/target/test-dir/MiniOzoneClusterImpl-838a7ec2-4afb-4d68-8138-46fa65bc7e11/datanode-7/data/ratis] (custom)
2019-09-12 10:53:03,442 [pool-104-thread-1] INFO  storage.RaftStorageDirectory (RaftStorageDirectory.java:analyzeStorage(246)) - The storage directory /workdir/hadoop-ozone/integration-test/target/test-dir/MiniOzoneClusterImpl-838a7ec2-4afb-4d68-8138-46fa65bc7e11/datanode-7/data/ratis/8f2241cf-fead-445a-b0f0-8e361d47d408 does not exist. Creating ...
2019-09-12 10:53:03,460 [pool-104-thread-1] INFO  storage.RaftStorageDirectory (RaftStorageDirectory.java:tryLock(328)) - Lock on /workdir/hadoop-ozone/integration-test/target/test-dir/MiniOzoneClusterImpl-838a7ec2-4afb-4d68-8138-46fa65bc7e11/datanode-7/data/ratis/8f2241cf-fead-445a-b0f0-8e361d47d408/in_use.lock acquired by nodename 620@pr-hdds-1569-xtfnx-3545843844
2019-09-12 10:53:03,469 [pool-104-thread-1] INFO  storage.RaftStorage (RaftStorage.java:format(72)) - Storage directory /workdir/hadoop-ozone/integration-test/target/test-dir/MiniOzoneClusterImpl-838a7ec2-4afb-4d68-8138-46fa65bc7e11/datanode-7/data/ratis/8f2241cf-fead-445a-b0f0-8e361d47d408 has been successfully formatted.
2019-09-12 10:53:03,469 [pool-104-thread-1] INFO  ratis.ContainerStateMachine (ContainerStateMachine.java:loadSnapshot(226)) - group-8E361D47D408: The snapshot info is null. Setting the last applied indexto:(t:0, i:~)
2019-09-12 10:53:03,469 [pool-104-thread-1] INFO  server.RaftServerConfigKeys (ConfUtils.java:logGet(43)) - raft.server.leader.election.timeout = 120s (custom)
2019-09-12 10:53:03,469 [pool-104-thread-1] INFO  server.RaftServerConfigKeys (ConfUtils.java:logGet(43)) - raft.server.log.use.memory = false (default)
2019-09-12 10:53:03,469 [pool-104-thread-1] INFO  server.RaftServerConfigKeys (ConfUtils.java:logGet(43)) - raft.server.log.purge.gap = 1000000 (custom)
2019-09-12 10:53:03,470 [pool-104-thread-1] INFO  server.RaftServerConfigKeys (ConfUtils.java:logGet(43)) - raft.server.log.appender.buffer.byte-limit = 33554432 (custom)
2019-09-12 10:53:03,470 [pool-104-thread-1] INFO  server.RaftServerConfigKeys (ConfUtils.java:logGet(43)) - raft.server.log.segment.size.max = 1048576 (custom)
2019-09-12 10:53:03,470 [pool-104-thread-1] INFO  server.RaftServerConfigKeys (ConfUtils.java:logGet(43)) - raft.server.log.segment.cache.num.max = 2 (custom)
2019-09-12 10:53:03,470 [pool-104-thread-1] INFO  segmented.SegmentedRaftLogWorker (SegmentedRaftLogWorker.java:<init>(172)) - new 35ed61f3-e470-497f-b63f-7decb4cef9e0-SegmentedRaftLogWorker:Storage Directory /workdir/hadoop-ozone/integration-test/target/test-dir/MiniOzoneClusterImpl-838a7ec2-4afb-4d68-8138-46fa65bc7e11/datanode-7/data/ratis/8f2241cf-fead-445a-b0f0-8e361d47d408 for RaftStorage:Storage Directory /workdir/hadoop-ozone/integration-test/target/test-dir/MiniOzoneClusterImpl-838a7ec2-4afb-4d68-8138-46fa65bc7e11/datanode-7/data/ratis/8f2241cf-fead-445a-b0f0-8e361d47d408
2019-09-12 10:53:03,470 [pool-104-thread-1] INFO  server.RaftServerConfigKeys (ConfUtils.java:logGet(43)) - raft.server.log.queue.byte-limit = 2147483647 (custom)
2019-09-12 10:53:03,470 [pool-104-thread-1] INFO  server.RaftServerConfigKeys (ConfUtils.java:logGet(43)) - raft.server.log.queue.element-limit = 1024 (custom)
2019-09-12 10:53:03,470 [pool-104-thread-1] INFO  server.RaftServerConfigKeys (ConfUtils.java:logGet(43)) - raft.server.log.segment.size.max = 1048576 (custom)
2019-09-12 10:53:03,471 [pool-104-thread-1] INFO  server.RaftServerConfigKeys (ConfUtils.java:logGet(43)) - raft.server.log.preallocated.size = 16384 (custom)
2019-09-12 10:53:03,471 [pool-104-thread-1] INFO  server.RaftServerConfigKeys (ConfUtils.java:logGet(43)) - raft.server.log.write.buffer.size = 33554432 (custom)
2019-09-12 10:53:03,471 [pool-104-thread-1] INFO  server.RaftServerConfigKeys (ConfUtils.java:logGet(43)) - raft.server.log.force.sync.num = 128 (default)
2019-09-12 10:53:03,471 [pool-104-thread-1] INFO  server.RaftServerConfigKeys (ConfUtils.java:logGet(43)) - raft.server.log.statemachine.data.sync = true (default)
2019-09-12 10:53:03,471 [pool-104-thread-1] INFO  server.RaftServerConfigKeys (ConfUtils.java:logGet(43)) - raft.server.log.statemachine.data.sync.timeout = 10s (default)
2019-09-12 10:53:03,471 [pool-104-thread-1] INFO  server.RaftServerConfigKeys (ConfUtils.java:logGet(43)) - raft.server.log.statemachine.data.sync.timeout.retry = -1 (default)
2019-09-12 10:53:03,472 [pool-104-thread-1] INFO  server.RaftServerConfigKeys (ConfUtils.java:logGet(43)) - raft.server.log.statemachine.data.caching.enabled = true (custom)
2019-09-12 10:53:03,472 [pool-104-thread-1] INFO  segmented.SegmentedRaftLogWorker (SegmentedRaftLogWorker.java:lambda$new$0(132)) - 35ed61f3-e470-497f-b63f-7decb4cef9e0-SegmentedRaftLogWorker:Storage Directory /workdir/hadoop-ozone/integration-test/target/test-dir/MiniOzoneClusterImpl-838a7ec2-4afb-4d68-8138-46fa65bc7e11/datanode-7/data/ratis/8f2241cf-fead-445a-b0f0-8e361d47d408: flushIndex: setUnconditionally 0 -> -1
2019-09-12 10:53:03,472 [pool-104-thread-1] INFO  server.RaftServerConfigKeys (ConfUtils.java:logGet(43)) - raft.server.snapshot.auto.trigger.enabled = true (custom)
2019-09-12 10:53:03,472 [pool-104-thread-1] INFO  server.RaftServerConfigKeys (ConfUtils.java:logGet(43)) - raft.server.snapshot.auto.trigger.threshold = 10000 (custom)
2019-09-12 10:53:03,473 [pool-104-thread-1] INFO  server.RaftServerConfigKeys (ConfUtils.java:logGet(43)) - raft.server.retrycache.expirytime = 600000ms (custom)
2019-09-12 10:53:03,473 [pool-104-thread-1] INFO  impl.RaftServerImpl (RaftServerImpl.java:start(180)) - 35ed61f3-e470-497f-b63f-7decb4cef9e0: start group-8E361D47D408
2019-09-12 10:53:03,473 [pool-104-thread-1] INFO  impl.RaftServerImpl (RaftServerImpl.java:setRole(171)) - 35ed61f3-e470-497f-b63f-7decb4cef9e0:group-8E361D47D408 changes role from null to FOLLOWER at term 0 for startAsFollower
2019-09-12 10:53:03,473 [pool-104-thread-1] INFO  impl.RoleInfo (RoleInfo.java:updateAndGet(143)) - 35ed61f3-e470-497f-b63f-7decb4cef9e0: start FollowerState
2019-09-12 10:53:03,474 [pool-104-thread-1] INFO  util.JmxRegister (JmxRegister.java:tryRegister(44)) - Successfully registered JMX Bean with object name Ratis:service=RaftServer,group=group-8E361D47D408,id=35ed61f3-e470-497f-b63f-7decb4cef9e0
2019-09-12 10:53:03,477 [Thread-419] INFO  impl.FollowerState (FollowerState.java:run(106)) - 005a1424-1186-4d58-b0b5-fdf3e953d666:group-61037248A5F4 changes to CANDIDATE, lastRpcTime:1035, electionTimeout:1035ms
2019-09-12 10:53:03,477 [RatisPipelineUtilsThread] INFO  pipeline.PipelineStateManager (PipelineStateManager.java:addPipeline(56)) - Created pipeline Pipeline[ Id: 8f2241cf-fead-445a-b0f0-8e361d47d408, Nodes: 35ed61f3-e470-497f-b63f-7decb4cef9e0{ip: 192.168.157.195, host: pr-hdds-1569-xtfnx-3545843844, networkLocation: /default-rack, certSerialId: null}, Type:RATIS, Factor:ONE, State:OPEN]
2019-09-12 10:53:03,477 [Thread-419] INFO  impl.RoleInfo (RoleInfo.java:shutdownFollowerState(121)) - 005a1424-1186-4d58-b0b5-fdf3e953d666: shutdown FollowerState
2019-09-12 10:53:03,477 [Thread-419] INFO  impl.RaftServerImpl (RaftServerImpl.java:setRole(171)) - 005a1424-1186-4d58-b0b5-fdf3e953d666:group-61037248A5F4 changes role from FOLLOWER to CANDIDATE at term 0 for changeToCandidate
2019-09-12 10:53:03,477 [RatisPipelineUtilsThread] ERROR pipeline.PipelinePlacementPolicy (PipelinePlacementPolicy.java:meetCriteria(91)) - Pipeline Placement: Doesn't meet the criteria to be viable node. Heaviness: 6
2019-09-12 10:53:03,477 [Thread-419] INFO  impl.RoleInfo (RoleInfo.java:updateAndGet(143)) - 005a1424-1186-4d58-b0b5-fdf3e953d666: start LeaderElection
2019-09-12 10:53:03,478 [RatisPipelineUtilsThread] ERROR pipeline.PipelinePlacementPolicy (PipelinePlacementPolicy.java:meetCriteria(91)) - Pipeline Placement: Doesn't meet the criteria to be viable node. Heaviness: 6
2019-09-12 10:53:03,478 [RatisPipelineUtilsThread] ERROR pipeline.PipelinePlacementPolicy (PipelinePlacementPolicy.java:meetCriteria(91)) - Pipeline Placement: Doesn't meet the criteria to be viable node. Heaviness: 6
2019-09-12 10:53:03,488 [RatisPipelineUtilsThread] ERROR pipeline.PipelinePlacementPolicy (PipelinePlacementPolicy.java:meetCriteria(91)) - Pipeline Placement: Doesn't meet the criteria to be viable node. Heaviness: 6
2019-09-12 10:53:03,488 [RatisPipelineUtilsThread] ERROR pipeline.PipelinePlacementPolicy (PipelinePlacementPolicy.java:meetCriteria(91)) - Pipeline Placement: Doesn't meet the criteria to be viable node. Heaviness: 6
2019-09-12 10:53:03,494 [grpc-default-executor-0] INFO  impl.RaftServerProxy (RaftServerProxy.java:addNew(89)) - 005a1424-1186-4d58-b0b5-fdf3e953d666: addNew group-C80B24847DFC:[005a1424-1186-4d58-b0b5-fdf3e953d666:192.168.157.195:33930] returns group-C80B24847DFC:java.util.concurrent.CompletableFuture@4cc085a3[Not completed]
2019-09-12 10:53:03,496 [pool-93-thread-1] INFO  impl.RaftServerImpl (RaftServerImpl.java:<init>(93)) - 005a1424-1186-4d58-b0b5-fdf3e953d666: new RaftServerImpl for group-C80B24847DFC:[005a1424-1186-4d58-b0b5-fdf3e953d666:192.168.157.195:33930] with ContainerStateMachine:uninitialized
2019-09-12 10:53:03,496 [pool-93-thread-1] INFO  server.RaftServerConfigKeys (ConfUtils.java:logGet(43)) - raft.server.rpc.timeout.min = 1s (custom)
2019-09-12 10:53:03,497 [pool-93-thread-1] INFO  server.RaftServerConfigKeys (ConfUtils.java:logGet(43)) - raft.server.rpc.timeout.max = 1200ms (custom)
2019-09-12 10:53:03,497 [pool-93-thread-1] INFO  server.RaftServerConfigKeys (ConfUtils.java:logGet(43)) - raft.server.rpcslowness.timeout = 120s (custom)
2019-09-12 10:53:03,497 [pool-93-thread-1] INFO  server.RaftServerConfigKeys (ConfUtils.java:logGet(43)) - raft.server.sleep.deviation.threshold = 300 (default)
2019-09-12 10:53:03,497 [pool-93-thread-1] INFO  server.RaftServerConfigKeys (ConfUtils.java:logGet(43)) - raft.server.log.appender.install.snapshot.enabled = false (custom)
2019-09-12 10:53:03,497 [pool-93-thread-1] INFO  impl.RaftServerImpl (ServerState.java:<init>(105)) - 005a1424-1186-4d58-b0b5-fdf3e953d666:group-C80B24847DFC ConfigurationManager, init=-1: [005a1424-1186-4d58-b0b5-fdf3e953d666:192.168.157.195:33930], old=null, confs=<EMPTY_MAP>
2019-09-12 10:53:03,498 [pool-93-thread-1] INFO  server.RaftServerConfigKeys (ConfUtils.java:logGet(43)) - raft.server.storage.dir = [/workdir/hadoop-ozone/integration-test/target/test-dir/MiniOzoneClusterImpl-838a7ec2-4afb-4d68-8138-46fa65bc7e11/datanode-6/data/ratis] (custom)
2019-09-12 10:53:03,498 [pool-93-thread-1] INFO  storage.RaftStorageDirectory (RaftStorageDirectory.java:analyzeStorage(246)) - The storage directory /workdir/hadoop-ozone/integration-test/target/test-dir/MiniOzoneClusterImpl-838a7ec2-4afb-4d68-8138-46fa65bc7e11/datanode-6/data/ratis/f5b7e39c-8e41-41b1-9134-c80b24847dfc does not exist. Creating ...
2019-09-12 10:53:03,501 [pool-93-thread-1] INFO  storage.RaftStorageDirectory (RaftStorageDirectory.java:tryLock(328)) - Lock on /workdir/hadoop-ozone/integration-test/target/test-dir/MiniOzoneClusterImpl-838a7ec2-4afb-4d68-8138-46fa65bc7e11/datanode-6/data/ratis/f5b7e39c-8e41-41b1-9134-c80b24847dfc/in_use.lock acquired by nodename 620@pr-hdds-1569-xtfnx-3545843844
2019-09-12 10:53:03,501 [005a1424-1186-4d58-b0b5-fdf3e953d666:group-61037248A5F4:LeaderElection31] INFO  impl.LeaderElection (LeaderElection.java:askForVotes(181)) - 005a1424-1186-4d58-b0b5-fdf3e953d666:group-61037248A5F4:LeaderElection31: begin an election at term 1 for -1: [005a1424-1186-4d58-b0b5-fdf3e953d666:192.168.157.195:33930], old=null
2019-09-12 10:53:03,501 [005a1424-1186-4d58-b0b5-fdf3e953d666:group-61037248A5F4:LeaderElection31] INFO  impl.RoleInfo (RoleInfo.java:shutdownLeaderElection(134)) - 005a1424-1186-4d58-b0b5-fdf3e953d666: shutdown LeaderElection
2019-09-12 10:53:03,502 [005a1424-1186-4d58-b0b5-fdf3e953d666:group-61037248A5F4:LeaderElection31] INFO  impl.RaftServerImpl (RaftServerImpl.java:setRole(171)) - 005a1424-1186-4d58-b0b5-fdf3e953d666:group-61037248A5F4 changes role from CANDIDATE to LEADER at term 1 for changeToLeader
2019-09-12 10:53:03,502 [005a1424-1186-4d58-b0b5-fdf3e953d666:group-61037248A5F4:LeaderElection31] INFO  impl.RaftServerImpl (ServerState.java:setLeader(263)) - 005a1424-1186-4d58-b0b5-fdf3e953d666:group-61037248A5F4 change Leader from null to 005a1424-1186-4d58-b0b5-fdf3e953d666 at term 1 for becomeLeader, leader elected after 1068ms
2019-09-12 10:53:03,502 [005a1424-1186-4d58-b0b5-fdf3e953d666:group-61037248A5F4:LeaderElection31] INFO  server.RaftServerConfigKeys (ConfUtils.java:logGet(43)) - raft.server.staging.catchup.gap = 1000 (default)
2019-09-12 10:53:03,502 [005a1424-1186-4d58-b0b5-fdf3e953d666:group-61037248A5F4:LeaderElection31] INFO  server.RaftServerConfigKeys (ConfUtils.java:logGet(43)) - raft.server.rpc.sleep.time = 25ms (default)
2019-09-12 10:53:03,502 [005a1424-1186-4d58-b0b5-fdf3e953d666:group-61037248A5F4:LeaderElection31] INFO  server.RaftServerConfigKeys (ConfUtils.java:logGet(43)) - raft.server.write.element-limit = 4096 (default)
2019-09-12 10:53:03,502 [005a1424-1186-4d58-b0b5-fdf3e953d666:group-61037248A5F4:LeaderElection31] INFO  server.RaftServerConfigKeys (ConfUtils.java:logGet(43)) - raft.server.watch.timeout = 10s (default)
2019-09-12 10:53:03,503 [005a1424-1186-4d58-b0b5-fdf3e953d666:group-61037248A5F4:LeaderElection31] INFO  server.RaftServerConfigKeys (ConfUtils.java:logGet(43)) - raft.server.watch.timeout.denomination = 1s (default)
2019-09-12 10:53:03,503 [005a1424-1186-4d58-b0b5-fdf3e953d666:group-61037248A5F4:LeaderElection31] INFO  server.RaftServerConfigKeys (ConfUtils.java:logGet(43)) - raft.server.watch.element-limit = 65536 (default)
2019-09-12 10:53:03,503 [005a1424-1186-4d58-b0b5-fdf3e953d666:group-61037248A5F4:LeaderElection31] INFO  impl.RoleInfo (RoleInfo.java:updateAndGet(143)) - 005a1424-1186-4d58-b0b5-fdf3e953d666: start LeaderState
2019-09-12 10:53:03,503 [005a1424-1186-4d58-b0b5-fdf3e953d666:group-61037248A5F4:LeaderElection31] INFO  segmented.SegmentedRaftLogWorker (SegmentedRaftLogWorker.java:startLogSegment(380)) - 005a1424-1186-4d58-b0b5-fdf3e953d666-SegmentedRaftLogWorker:Storage Directory /workdir/hadoop-ozone/integration-test/target/test-dir/MiniOzoneClusterImpl-838a7ec2-4afb-4d68-8138-46fa65bc7e11/datanode-6/data/ratis/65541501-b917-4c4b-8c65-61037248a5f4: Starting segment from index:0
2019-09-12 10:53:03,504 [005a1424-1186-4d58-b0b5-fdf3e953d666:group-61037248A5F4:LeaderElection31] INFO  impl.RaftServerImpl (ServerState.java:setRaftConf(361)) - 005a1424-1186-4d58-b0b5-fdf3e953d666:group-61037248A5F4 set configuration 0: [005a1424-1186-4d58-b0b5-fdf3e953d666:192.168.157.195:33930], old=null at 0
2019-09-12 10:53:03,537 [pool-93-thread-1] INFO  storage.RaftStorage (RaftStorage.java:format(72)) - Storage directory /workdir/hadoop-ozone/integration-test/target/test-dir/MiniOzoneClusterImpl-838a7ec2-4afb-4d68-8138-46fa65bc7e11/datanode-6/data/ratis/f5b7e39c-8e41-41b1-9134-c80b24847dfc has been successfully formatted.
2019-09-12 10:53:03,538 [pool-93-thread-1] INFO  ratis.ContainerStateMachine (ContainerStateMachine.java:loadSnapshot(226)) - group-C80B24847DFC: The snapshot info is null. Setting the last applied indexto:(t:0, i:~)
2019-09-12 10:53:03,538 [pool-93-thread-1] INFO  server.RaftServerConfigKeys (ConfUtils.java:logGet(43)) - raft.server.leader.election.timeout = 120s (custom)
2019-09-12 10:53:03,538 [pool-93-thread-1] INFO  server.RaftServerConfigKeys (ConfUtils.java:logGet(43)) - raft.server.log.use.memory = false (default)
2019-09-12 10:53:03,538 [pool-93-thread-1] INFO  server.RaftServerConfigKeys (ConfUtils.java:logGet(43)) - raft.server.log.purge.gap = 1000000 (custom)
2019-09-12 10:53:03,539 [pool-93-thread-1] INFO  server.RaftServerConfigKeys (ConfUtils.java:logGet(43)) - raft.server.log.appender.buffer.byte-limit = 33554432 (custom)
2019-09-12 10:53:03,539 [pool-93-thread-1] INFO  server.RaftServerConfigKeys (ConfUtils.java:logGet(43)) - raft.server.log.segment.size.max = 1048576 (custom)
2019-09-12 10:53:03,539 [pool-93-thread-1] INFO  server.RaftServerConfigKeys (ConfUtils.java:logGet(43)) - raft.server.log.segment.cache.num.max = 2 (custom)
2019-09-12 10:53:03,539 [pool-93-thread-1] INFO  segmented.SegmentedRaftLogWorker (SegmentedRaftLogWorker.java:<init>(172)) - new 005a1424-1186-4d58-b0b5-fdf3e953d666-SegmentedRaftLogWorker:Storage Directory /workdir/hadoop-ozone/integration-test/target/test-dir/MiniOzoneClusterImpl-838a7ec2-4afb-4d68-8138-46fa65bc7e11/datanode-6/data/ratis/f5b7e39c-8e41-41b1-9134-c80b24847dfc for RaftStorage:Storage Directory /workdir/hadoop-ozone/integration-test/target/test-dir/MiniOzoneClusterImpl-838a7ec2-4afb-4d68-8138-46fa65bc7e11/datanode-6/data/ratis/f5b7e39c-8e41-41b1-9134-c80b24847dfc
2019-09-12 10:53:03,539 [pool-93-thread-1] INFO  server.RaftServerConfigKeys (ConfUtils.java:logGet(43)) - raft.server.log.queue.byte-limit = 2147483647 (custom)
2019-09-12 10:53:03,539 [pool-93-thread-1] INFO  server.RaftServerConfigKeys (ConfUtils.java:logGet(43)) - raft.server.log.queue.element-limit = 1024 (custom)
2019-09-12 10:53:03,540 [pool-93-thread-1] INFO  server.RaftServerConfigKeys (ConfUtils.java:logGet(43)) - raft.server.log.segment.size.max = 1048576 (custom)
2019-09-12 10:53:03,540 [pool-93-thread-1] INFO  server.RaftServerConfigKeys (ConfUtils.java:logGet(43)) - raft.server.log.preallocated.size = 16384 (custom)
2019-09-12 10:53:03,540 [pool-93-thread-1] INFO  server.RaftServerConfigKeys (ConfUtils.java:logGet(43)) - raft.server.log.write.buffer.size = 33554432 (custom)
2019-09-12 10:53:03,540 [pool-93-thread-1] INFO  server.RaftServerConfigKeys (ConfUtils.java:logGet(43)) - raft.server.log.force.sync.num = 128 (default)
2019-09-12 10:53:03,540 [pool-93-thread-1] INFO  server.RaftServerConfigKeys (ConfUtils.java:logGet(43)) - raft.server.log.statemachine.data.sync = true (default)
2019-09-12 10:53:03,540 [pool-93-thread-1] INFO  server.RaftServerConfigKeys (ConfUtils.java:logGet(43)) - raft.server.log.statemachine.data.sync.timeout = 10s (default)
2019-09-12 10:53:03,540 [pool-93-thread-1] INFO  server.RaftServerConfigKeys (ConfUtils.java:logGet(43)) - raft.server.log.statemachine.data.sync.timeout.retry = -1 (default)
2019-09-12 10:53:03,541 [pool-93-thread-1] INFO  server.RaftServerConfigKeys (ConfUtils.java:logGet(43)) - raft.server.log.statemachine.data.caching.enabled = true (custom)
2019-09-12 10:53:03,541 [pool-93-thread-1] INFO  segmented.SegmentedRaftLogWorker (SegmentedRaftLogWorker.java:lambda$new$0(132)) - 005a1424-1186-4d58-b0b5-fdf3e953d666-SegmentedRaftLogWorker:Storage Directory /workdir/hadoop-ozone/integration-test/target/test-dir/MiniOzoneClusterImpl-838a7ec2-4afb-4d68-8138-46fa65bc7e11/datanode-6/data/ratis/f5b7e39c-8e41-41b1-9134-c80b24847dfc: flushIndex: setUnconditionally 0 -> -1
2019-09-12 10:53:03,541 [pool-93-thread-1] INFO  server.RaftServerConfigKeys (ConfUtils.java:logGet(43)) - raft.server.snapshot.auto.trigger.enabled = true (custom)
2019-09-12 10:53:03,542 [pool-93-thread-1] INFO  server.RaftServerConfigKeys (ConfUtils.java:logGet(43)) - raft.server.snapshot.auto.trigger.threshold = 10000 (custom)
2019-09-12 10:53:03,542 [pool-93-thread-1] INFO  server.RaftServerConfigKeys (ConfUtils.java:logGet(43)) - raft.server.retrycache.expirytime = 600000ms (custom)
2019-09-12 10:53:03,542 [pool-93-thread-1] INFO  impl.RaftServerImpl (RaftServerImpl.java:start(180)) - 005a1424-1186-4d58-b0b5-fdf3e953d666: start group-C80B24847DFC
2019-09-12 10:53:03,542 [pool-93-thread-1] INFO  impl.RaftServerImpl (RaftServerImpl.java:setRole(171)) - 005a1424-1186-4d58-b0b5-fdf3e953d666:group-C80B24847DFC changes role from null to FOLLOWER at term 0 for startAsFollower
2019-09-12 10:53:03,542 [pool-93-thread-1] INFO  impl.RoleInfo (RoleInfo.java:updateAndGet(143)) - 005a1424-1186-4d58-b0b5-fdf3e953d666: start FollowerState
2019-09-12 10:53:03,543 [pool-93-thread-1] INFO  util.JmxRegister (JmxRegister.java:tryRegister(44)) - Successfully registered JMX Bean with object name Ratis:service=RaftServer,group=group-C80B24847DFC,id=005a1424-1186-4d58-b0b5-fdf3e953d666
2019-09-12 10:53:03,546 [RatisPipelineUtilsThread] INFO  pipeline.PipelineStateManager (PipelineStateManager.java:addPipeline(56)) - Created pipeline Pipeline[ Id: f5b7e39c-8e41-41b1-9134-c80b24847dfc, Nodes: 005a1424-1186-4d58-b0b5-fdf3e953d666{ip: 192.168.157.195, host: pr-hdds-1569-xtfnx-3545843844, networkLocation: /default-rack, certSerialId: null}, Type:RATIS, Factor:ONE, State:OPEN]
2019-09-12 10:53:03,547 [RatisPipelineUtilsThread] ERROR pipeline.PipelinePlacementPolicy (PipelinePlacementPolicy.java:meetCriteria(91)) - Pipeline Placement: Doesn't meet the criteria to be viable node. Heaviness: 6
2019-09-12 10:53:03,547 [RatisPipelineUtilsThread] ERROR pipeline.PipelinePlacementPolicy (PipelinePlacementPolicy.java:meetCriteria(91)) - Pipeline Placement: Doesn't meet the criteria to be viable node. Heaviness: 6
2019-09-12 10:53:03,547 [RatisPipelineUtilsThread] ERROR pipeline.PipelinePlacementPolicy (PipelinePlacementPolicy.java:meetCriteria(91)) - Pipeline Placement: Doesn't meet the criteria to be viable node. Heaviness: 6
2019-09-12 10:53:03,547 [RatisPipelineUtilsThread] ERROR pipeline.PipelinePlacementPolicy (PipelinePlacementPolicy.java:meetCriteria(91)) - Pipeline Placement: Doesn't meet the criteria to be viable node. Heaviness: 6
2019-09-12 10:53:03,548 [RatisPipelineUtilsThread] ERROR pipeline.PipelinePlacementPolicy (PipelinePlacementPolicy.java:meetCriteria(91)) - Pipeline Placement: Doesn't meet the criteria to be viable node. Heaviness: 6
2019-09-12 10:53:03,549 [005a1424-1186-4d58-b0b5-fdf3e953d666-SegmentedRaftLogWorker:Storage Directory /workdir/hadoop-ozone/integration-test/target/test-dir/MiniOzoneClusterImpl-838a7ec2-4afb-4d68-8138-46fa65bc7e11/datanode-6/data/ratis/65541501-b917-4c4b-8c65-61037248a5f4] INFO  segmented.SegmentedRaftLogWorker (SegmentedRaftLogWorker.java:execute(569)) - 005a1424-1186-4d58-b0b5-fdf3e953d666-SegmentedRaftLogWorker:Storage Directory /workdir/hadoop-ozone/integration-test/target/test-dir/MiniOzoneClusterImpl-838a7ec2-4afb-4d68-8138-46fa65bc7e11/datanode-6/data/ratis/65541501-b917-4c4b-8c65-61037248a5f4: created new log segment /workdir/hadoop-ozone/integration-test/target/test-dir/MiniOzoneClusterImpl-838a7ec2-4afb-4d68-8138-46fa65bc7e11/datanode-6/data/ratis/65541501-b917-4c4b-8c65-61037248a5f4/current/log_inprogress_0
2019-09-12 10:53:03,553 [grpc-default-executor-0] INFO  impl.RaftServerProxy (RaftServerProxy.java:addNew(89)) - 35ed61f3-e470-497f-b63f-7decb4cef9e0: addNew group-547F00331E10:[35ed61f3-e470-497f-b63f-7decb4cef9e0:192.168.157.195:33043] returns group-547F00331E10:java.util.concurrent.CompletableFuture@57429bc7[Not completed]
2019-09-12 10:53:03,555 [pool-104-thread-1] INFO  impl.RaftServerImpl (RaftServerImpl.java:<init>(93)) - 35ed61f3-e470-497f-b63f-7decb4cef9e0: new RaftServerImpl for group-547F00331E10:[35ed61f3-e470-497f-b63f-7decb4cef9e0:192.168.157.195:33043] with ContainerStateMachine:uninitialized
2019-09-12 10:53:03,555 [pool-104-thread-1] INFO  server.RaftServerConfigKeys (ConfUtils.java:logGet(43)) - raft.server.rpc.timeout.min = 1s (custom)
2019-09-12 10:53:03,556 [pool-104-thread-1] INFO  server.RaftServerConfigKeys (ConfUtils.java:logGet(43)) - raft.server.rpc.timeout.max = 1200ms (custom)
2019-09-12 10:53:03,556 [pool-104-thread-1] INFO  server.RaftServerConfigKeys (ConfUtils.java:logGet(43)) - raft.server.rpcslowness.timeout = 120s (custom)
2019-09-12 10:53:03,556 [pool-104-thread-1] INFO  server.RaftServerConfigKeys (ConfUtils.java:logGet(43)) - raft.server.sleep.deviation.threshold = 300 (default)
2019-09-12 10:53:03,556 [pool-104-thread-1] INFO  server.RaftServerConfigKeys (ConfUtils.java:logGet(43)) - raft.server.log.appender.install.snapshot.enabled = false (custom)
2019-09-12 10:53:03,556 [pool-104-thread-1] INFO  impl.RaftServerImpl (ServerState.java:<init>(105)) - 35ed61f3-e470-497f-b63f-7decb4cef9e0:group-547F00331E10 ConfigurationManager, init=-1: [35ed61f3-e470-497f-b63f-7decb4cef9e0:192.168.157.195:33043], old=null, confs=<EMPTY_MAP>
2019-09-12 10:53:03,556 [pool-104-thread-1] INFO  server.RaftServerConfigKeys (ConfUtils.java:logGet(43)) - raft.server.storage.dir = [/workdir/hadoop-ozone/integration-test/target/test-dir/MiniOzoneClusterImpl-838a7ec2-4afb-4d68-8138-46fa65bc7e11/datanode-7/data/ratis] (custom)
2019-09-12 10:53:03,557 [pool-104-thread-1] INFO  storage.RaftStorageDirectory (RaftStorageDirectory.java:analyzeStorage(246)) - The storage directory /workdir/hadoop-ozone/integration-test/target/test-dir/MiniOzoneClusterImpl-838a7ec2-4afb-4d68-8138-46fa65bc7e11/datanode-7/data/ratis/3a1f184c-2d01-4a1d-bf75-547f00331e10 does not exist. Creating ...
2019-09-12 10:53:03,571 [pool-104-thread-1] INFO  storage.RaftStorageDirectory (RaftStorageDirectory.java:tryLock(328)) - Lock on /workdir/hadoop-ozone/integration-test/target/test-dir/MiniOzoneClusterImpl-838a7ec2-4afb-4d68-8138-46fa65bc7e11/datanode-7/data/ratis/3a1f184c-2d01-4a1d-bf75-547f00331e10/in_use.lock acquired by nodename 620@pr-hdds-1569-xtfnx-3545843844
2019-09-12 10:53:03,584 [pool-104-thread-1] INFO  storage.RaftStorage (RaftStorage.java:format(72)) - Storage directory /workdir/hadoop-ozone/integration-test/target/test-dir/MiniOzoneClusterImpl-838a7ec2-4afb-4d68-8138-46fa65bc7e11/datanode-7/data/ratis/3a1f184c-2d01-4a1d-bf75-547f00331e10 has been successfully formatted.
2019-09-12 10:53:03,585 [pool-104-thread-1] INFO  ratis.ContainerStateMachine (ContainerStateMachine.java:loadSnapshot(226)) - group-547F00331E10: The snapshot info is null. Setting the last applied indexto:(t:0, i:~)
2019-09-12 10:53:03,585 [pool-104-thread-1] INFO  server.RaftServerConfigKeys (ConfUtils.java:logGet(43)) - raft.server.leader.election.timeout = 120s (custom)
2019-09-12 10:53:03,585 [pool-104-thread-1] INFO  server.RaftServerConfigKeys (ConfUtils.java:logGet(43)) - raft.server.log.use.memory = false (default)
2019-09-12 10:53:03,585 [pool-104-thread-1] INFO  server.RaftServerConfigKeys (ConfUtils.java:logGet(43)) - raft.server.log.purge.gap = 1000000 (custom)
2019-09-12 10:53:03,585 [pool-104-thread-1] INFO  server.RaftServerConfigKeys (ConfUtils.java:logGet(43)) - raft.server.log.appender.buffer.byte-limit = 33554432 (custom)
2019-09-12 10:53:03,586 [pool-104-thread-1] INFO  server.RaftServerConfigKeys (ConfUtils.java:logGet(43)) - raft.server.log.segment.size.max = 1048576 (custom)
2019-09-12 10:53:03,586 [pool-104-thread-1] INFO  server.RaftServerConfigKeys (ConfUtils.java:logGet(43)) - raft.server.log.segment.cache.num.max = 2 (custom)
2019-09-12 10:53:03,586 [pool-104-thread-1] INFO  segmented.SegmentedRaftLogWorker (SegmentedRaftLogWorker.java:<init>(172)) - new 35ed61f3-e470-497f-b63f-7decb4cef9e0-SegmentedRaftLogWorker:Storage Directory /workdir/hadoop-ozone/integration-test/target/test-dir/MiniOzoneClusterImpl-838a7ec2-4afb-4d68-8138-46fa65bc7e11/datanode-7/data/ratis/3a1f184c-2d01-4a1d-bf75-547f00331e10 for RaftStorage:Storage Directory /workdir/hadoop-ozone/integration-test/target/test-dir/MiniOzoneClusterImpl-838a7ec2-4afb-4d68-8138-46fa65bc7e11/datanode-7/data/ratis/3a1f184c-2d01-4a1d-bf75-547f00331e10
2019-09-12 10:53:03,586 [pool-104-thread-1] INFO  server.RaftServerConfigKeys (ConfUtils.java:logGet(43)) - raft.server.log.queue.byte-limit = 2147483647 (custom)
2019-09-12 10:53:03,586 [pool-104-thread-1] INFO  server.RaftServerConfigKeys (ConfUtils.java:logGet(43)) - raft.server.log.queue.element-limit = 1024 (custom)
2019-09-12 10:53:03,587 [pool-104-thread-1] INFO  server.RaftServerConfigKeys (ConfUtils.java:logGet(43)) - raft.server.log.segment.size.max = 1048576 (custom)
2019-09-12 10:53:03,587 [pool-104-thread-1] INFO  server.RaftServerConfigKeys (ConfUtils.java:logGet(43)) - raft.server.log.preallocated.size = 16384 (custom)
2019-09-12 10:53:03,587 [pool-104-thread-1] INFO  server.RaftServerConfigKeys (ConfUtils.java:logGet(43)) - raft.server.log.write.buffer.size = 33554432 (custom)
2019-09-12 10:53:03,587 [pool-104-thread-1] INFO  server.RaftServerConfigKeys (ConfUtils.java:logGet(43)) - raft.server.log.force.sync.num = 128 (default)
2019-09-12 10:53:03,587 [pool-104-thread-1] INFO  server.RaftServerConfigKeys (ConfUtils.java:logGet(43)) - raft.server.log.statemachine.data.sync = true (default)
2019-09-12 10:53:03,587 [pool-104-thread-1] INFO  server.RaftServerConfigKeys (ConfUtils.java:logGet(43)) - raft.server.log.statemachine.data.sync.timeout = 10s (default)
2019-09-12 10:53:03,588 [pool-104-thread-1] INFO  server.RaftServerConfigKeys (ConfUtils.java:logGet(43)) - raft.server.log.statemachine.data.sync.timeout.retry = -1 (default)
2019-09-12 10:53:03,588 [pool-104-thread-1] INFO  server.RaftServerConfigKeys (ConfUtils.java:logGet(43)) - raft.server.log.statemachine.data.caching.enabled = true (custom)
2019-09-12 10:53:03,588 [pool-104-thread-1] INFO  segmented.SegmentedRaftLogWorker (SegmentedRaftLogWorker.java:lambda$new$0(132)) - 35ed61f3-e470-497f-b63f-7decb4cef9e0-SegmentedRaftLogWorker:Storage Directory /workdir/hadoop-ozone/integration-test/target/test-dir/MiniOzoneClusterImpl-838a7ec2-4afb-4d68-8138-46fa65bc7e11/datanode-7/data/ratis/3a1f184c-2d01-4a1d-bf75-547f00331e10: flushIndex: setUnconditionally 0 -> -1
2019-09-12 10:53:03,589 [pool-104-thread-1] INFO  server.RaftServerConfigKeys (ConfUtils.java:logGet(43)) - raft.server.snapshot.auto.trigger.enabled = true (custom)
2019-09-12 10:53:03,589 [pool-104-thread-1] INFO  server.RaftServerConfigKeys (ConfUtils.java:logGet(43)) - raft.server.snapshot.auto.trigger.threshold = 10000 (custom)
2019-09-12 10:53:03,589 [pool-104-thread-1] INFO  server.RaftServerConfigKeys (ConfUtils.java:logGet(43)) - raft.server.retrycache.expirytime = 600000ms (custom)
2019-09-12 10:53:03,589 [pool-104-thread-1] INFO  impl.RaftServerImpl (RaftServerImpl.java:start(180)) - 35ed61f3-e470-497f-b63f-7decb4cef9e0: start group-547F00331E10
2019-09-12 10:53:03,589 [pool-104-thread-1] INFO  impl.RaftServerImpl (RaftServerImpl.java:setRole(171)) - 35ed61f3-e470-497f-b63f-7decb4cef9e0:group-547F00331E10 changes role from null to FOLLOWER at term 0 for startAsFollower
2019-09-12 10:53:03,590 [pool-104-thread-1] INFO  impl.RoleInfo (RoleInfo.java:updateAndGet(143)) - 35ed61f3-e470-497f-b63f-7decb4cef9e0: start FollowerState
2019-09-12 10:53:03,590 [pool-104-thread-1] INFO  util.JmxRegister (JmxRegister.java:tryRegister(44)) - Successfully registered JMX Bean with object name Ratis:service=RaftServer,group=group-547F00331E10,id=35ed61f3-e470-497f-b63f-7decb4cef9e0
2019-09-12 10:53:03,594 [RatisPipelineUtilsThread] INFO  pipeline.PipelineStateManager (PipelineStateManager.java:addPipeline(56)) - Created pipeline Pipeline[ Id: 3a1f184c-2d01-4a1d-bf75-547f00331e10, Nodes: 35ed61f3-e470-497f-b63f-7decb4cef9e0{ip: 192.168.157.195, host: pr-hdds-1569-xtfnx-3545843844, networkLocation: /default-rack, certSerialId: null}, Type:RATIS, Factor:ONE, State:OPEN]
2019-09-12 10:53:03,594 [RatisPipelineUtilsThread] ERROR pipeline.PipelinePlacementPolicy (PipelinePlacementPolicy.java:meetCriteria(91)) - Pipeline Placement: Doesn't meet the criteria to be viable node. Heaviness: 6
2019-09-12 10:53:03,594 [RatisPipelineUtilsThread] ERROR pipeline.PipelinePlacementPolicy (PipelinePlacementPolicy.java:meetCriteria(91)) - Pipeline Placement: Doesn't meet the criteria to be viable node. Heaviness: 6
2019-09-12 10:53:03,594 [RatisPipelineUtilsThread] ERROR pipeline.PipelinePlacementPolicy (PipelinePlacementPolicy.java:meetCriteria(91)) - Pipeline Placement: Doesn't meet the criteria to be viable node. Heaviness: 6
2019-09-12 10:53:03,594 [RatisPipelineUtilsThread] ERROR pipeline.PipelinePlacementPolicy (PipelinePlacementPolicy.java:meetCriteria(91)) - Pipeline Placement: Doesn't meet the criteria to be viable node. Heaviness: 6
2019-09-12 10:53:03,594 [RatisPipelineUtilsThread] ERROR pipeline.PipelinePlacementPolicy (PipelinePlacementPolicy.java:meetCriteria(91)) - Pipeline Placement: Doesn't meet the criteria to be viable node. Heaviness: 6
2019-09-12 10:53:03,600 [grpc-default-executor-0] INFO  impl.RaftServerProxy (RaftServerProxy.java:addNew(89)) - 8d69d0c9-c816-414c-ba1a-8b3ab85fb900: addNew group-9DA89C718906:[8d69d0c9-c816-414c-ba1a-8b3ab85fb900:192.168.157.195:38566] returns group-9DA89C718906:java.util.concurrent.CompletableFuture@20dcd7c0[Not completed]
2019-09-12 10:53:03,602 [pool-71-thread-1] INFO  impl.RaftServerImpl (RaftServerImpl.java:<init>(93)) - 8d69d0c9-c816-414c-ba1a-8b3ab85fb900: new RaftServerImpl for group-9DA89C718906:[8d69d0c9-c816-414c-ba1a-8b3ab85fb900:192.168.157.195:38566] with ContainerStateMachine:uninitialized
2019-09-12 10:53:03,602 [pool-71-thread-1] INFO  server.RaftServerConfigKeys (ConfUtils.java:logGet(43)) - raft.server.rpc.timeout.min = 1s (custom)
2019-09-12 10:53:03,602 [pool-71-thread-1] INFO  server.RaftServerConfigKeys (ConfUtils.java:logGet(43)) - raft.server.rpc.timeout.max = 1200ms (custom)
2019-09-12 10:53:03,602 [pool-71-thread-1] INFO  server.RaftServerConfigKeys (ConfUtils.java:logGet(43)) - raft.server.rpcslowness.timeout = 120s (custom)
2019-09-12 10:53:03,602 [pool-71-thread-1] INFO  server.RaftServerConfigKeys (ConfUtils.java:logGet(43)) - raft.server.sleep.deviation.threshold = 300 (default)
2019-09-12 10:53:03,603 [pool-71-thread-1] INFO  server.RaftServerConfigKeys (ConfUtils.java:logGet(43)) - raft.server.log.appender.install.snapshot.enabled = false (custom)
2019-09-12 10:53:03,603 [pool-71-thread-1] INFO  impl.RaftServerImpl (ServerState.java:<init>(105)) - 8d69d0c9-c816-414c-ba1a-8b3ab85fb900:group-9DA89C718906 ConfigurationManager, init=-1: [8d69d0c9-c816-414c-ba1a-8b3ab85fb900:192.168.157.195:38566], old=null, confs=<EMPTY_MAP>
2019-09-12 10:53:03,603 [pool-71-thread-1] INFO  server.RaftServerConfigKeys (ConfUtils.java:logGet(43)) - raft.server.storage.dir = [/workdir/hadoop-ozone/integration-test/target/test-dir/MiniOzoneClusterImpl-838a7ec2-4afb-4d68-8138-46fa65bc7e11/datanode-4/data/ratis] (custom)
2019-09-12 10:53:03,603 [pool-71-thread-1] INFO  storage.RaftStorageDirectory (RaftStorageDirectory.java:analyzeStorage(246)) - The storage directory /workdir/hadoop-ozone/integration-test/target/test-dir/MiniOzoneClusterImpl-838a7ec2-4afb-4d68-8138-46fa65bc7e11/datanode-4/data/ratis/bdb5d784-6b1e-4d9c-b61f-9da89c718906 does not exist. Creating ...
2019-09-12 10:53:03,617 [Thread-428] INFO  impl.FollowerState (FollowerState.java:run(106)) - 35ed61f3-e470-497f-b63f-7decb4cef9e0:group-C645397DD5C0 changes to CANDIDATE, lastRpcTime:1000, electionTimeout:1000ms
2019-09-12 10:53:03,617 [Thread-428] INFO  impl.RoleInfo (RoleInfo.java:shutdownFollowerState(121)) - 35ed61f3-e470-497f-b63f-7decb4cef9e0: shutdown FollowerState
2019-09-12 10:53:03,617 [Thread-428] INFO  impl.RaftServerImpl (RaftServerImpl.java:setRole(171)) - 35ed61f3-e470-497f-b63f-7decb4cef9e0:group-C645397DD5C0 changes role from FOLLOWER to CANDIDATE at term 0 for changeToCandidate
2019-09-12 10:53:03,617 [Thread-428] INFO  impl.RoleInfo (RoleInfo.java:updateAndGet(143)) - 35ed61f3-e470-497f-b63f-7decb4cef9e0: start LeaderElection
2019-09-12 10:53:03,624 [pool-71-thread-1] INFO  storage.RaftStorageDirectory (RaftStorageDirectory.java:tryLock(328)) - Lock on /workdir/hadoop-ozone/integration-test/target/test-dir/MiniOzoneClusterImpl-838a7ec2-4afb-4d68-8138-46fa65bc7e11/datanode-4/data/ratis/bdb5d784-6b1e-4d9c-b61f-9da89c718906/in_use.lock acquired by nodename 620@pr-hdds-1569-xtfnx-3545843844
2019-09-12 10:53:03,641 [pool-71-thread-1] INFO  storage.RaftStorage (RaftStorage.java:format(72)) - Storage directory /workdir/hadoop-ozone/integration-test/target/test-dir/MiniOzoneClusterImpl-838a7ec2-4afb-4d68-8138-46fa65bc7e11/datanode-4/data/ratis/bdb5d784-6b1e-4d9c-b61f-9da89c718906 has been successfully formatted.
2019-09-12 10:53:03,641 [35ed61f3-e470-497f-b63f-7decb4cef9e0:group-C645397DD5C0:LeaderElection32] INFO  impl.LeaderElection (LeaderElection.java:askForVotes(181)) - 35ed61f3-e470-497f-b63f-7decb4cef9e0:group-C645397DD5C0:LeaderElection32: begin an election at term 1 for -1: [35ed61f3-e470-497f-b63f-7decb4cef9e0:192.168.157.195:33043], old=null
2019-09-12 10:53:03,641 [35ed61f3-e470-497f-b63f-7decb4cef9e0:group-C645397DD5C0:LeaderElection32] INFO  impl.RoleInfo (RoleInfo.java:shutdownLeaderElection(134)) - 35ed61f3-e470-497f-b63f-7decb4cef9e0: shutdown LeaderElection
2019-09-12 10:53:03,642 [pool-71-thread-1] INFO  ratis.ContainerStateMachine (ContainerStateMachine.java:loadSnapshot(226)) - group-9DA89C718906: The snapshot info is null. Setting the last applied indexto:(t:0, i:~)
2019-09-12 10:53:03,642 [35ed61f3-e470-497f-b63f-7decb4cef9e0:group-C645397DD5C0:LeaderElection32] INFO  impl.RaftServerImpl (RaftServerImpl.java:setRole(171)) - 35ed61f3-e470-497f-b63f-7decb4cef9e0:group-C645397DD5C0 changes role from CANDIDATE to LEADER at term 1 for changeToLeader
2019-09-12 10:53:03,642 [pool-71-thread-1] INFO  server.RaftServerConfigKeys (ConfUtils.java:logGet(43)) - raft.server.leader.election.timeout = 120s (custom)
2019-09-12 10:53:03,642 [35ed61f3-e470-497f-b63f-7decb4cef9e0:group-C645397DD5C0:LeaderElection32] INFO  impl.RaftServerImpl (ServerState.java:setLeader(263)) - 35ed61f3-e470-497f-b63f-7decb4cef9e0:group-C645397DD5C0 change Leader from null to 35ed61f3-e470-497f-b63f-7decb4cef9e0 at term 1 for becomeLeader, leader elected after 1088ms
2019-09-12 10:53:03,642 [pool-71-thread-1] INFO  server.RaftServerConfigKeys (ConfUtils.java:logGet(43)) - raft.server.log.use.memory = false (default)
2019-09-12 10:53:03,642 [35ed61f3-e470-497f-b63f-7decb4cef9e0:group-C645397DD5C0:LeaderElection32] INFO  server.RaftServerConfigKeys (ConfUtils.java:logGet(43)) - raft.server.staging.catchup.gap = 1000 (default)
2019-09-12 10:53:03,642 [pool-71-thread-1] INFO  server.RaftServerConfigKeys (ConfUtils.java:logGet(43)) - raft.server.log.purge.gap = 1000000 (custom)
2019-09-12 10:53:03,642 [35ed61f3-e470-497f-b63f-7decb4cef9e0:group-C645397DD5C0:LeaderElection32] INFO  server.RaftServerConfigKeys (ConfUtils.java:logGet(43)) - raft.server.rpc.sleep.time = 25ms (default)
2019-09-12 10:53:03,643 [pool-71-thread-1] INFO  server.RaftServerConfigKeys (ConfUtils.java:logGet(43)) - raft.server.log.appender.buffer.byte-limit = 33554432 (custom)
2019-09-12 10:53:03,643 [35ed61f3-e470-497f-b63f-7decb4cef9e0:group-C645397DD5C0:LeaderElection32] INFO  server.RaftServerConfigKeys (ConfUtils.java:logGet(43)) - raft.server.write.element-limit = 4096 (default)
2019-09-12 10:53:03,643 [pool-71-thread-1] INFO  server.RaftServerConfigKeys (ConfUtils.java:logGet(43)) - raft.server.log.segment.size.max = 1048576 (custom)
2019-09-12 10:53:03,643 [35ed61f3-e470-497f-b63f-7decb4cef9e0:group-C645397DD5C0:LeaderElection32] INFO  server.RaftServerConfigKeys (ConfUtils.java:logGet(43)) - raft.server.watch.timeout = 10s (default)
2019-09-12 10:53:03,643 [35ed61f3-e470-497f-b63f-7decb4cef9e0:group-C645397DD5C0:LeaderElection32] INFO  server.RaftServerConfigKeys (ConfUtils.java:logGet(43)) - raft.server.watch.timeout.denomination = 1s (default)
2019-09-12 10:53:03,643 [pool-71-thread-1] INFO  server.RaftServerConfigKeys (ConfUtils.java:logGet(43)) - raft.server.log.segment.cache.num.max = 2 (custom)
2019-09-12 10:53:03,643 [35ed61f3-e470-497f-b63f-7decb4cef9e0:group-C645397DD5C0:LeaderElection32] INFO  server.RaftServerConfigKeys (ConfUtils.java:logGet(43)) - raft.server.watch.element-limit = 65536 (default)
2019-09-12 10:53:03,644 [pool-71-thread-1] INFO  segmented.SegmentedRaftLogWorker (SegmentedRaftLogWorker.java:<init>(172)) - new 8d69d0c9-c816-414c-ba1a-8b3ab85fb900-SegmentedRaftLogWorker:Storage Directory /workdir/hadoop-ozone/integration-test/target/test-dir/MiniOzoneClusterImpl-838a7ec2-4afb-4d68-8138-46fa65bc7e11/datanode-4/data/ratis/bdb5d784-6b1e-4d9c-b61f-9da89c718906 for RaftStorage:Storage Directory /workdir/hadoop-ozone/integration-test/target/test-dir/MiniOzoneClusterImpl-838a7ec2-4afb-4d68-8138-46fa65bc7e11/datanode-4/data/ratis/bdb5d784-6b1e-4d9c-b61f-9da89c718906
2019-09-12 10:53:03,644 [35ed61f3-e470-497f-b63f-7decb4cef9e0:group-C645397DD5C0:LeaderElection32] INFO  impl.RoleInfo (RoleInfo.java:updateAndGet(143)) - 35ed61f3-e470-497f-b63f-7decb4cef9e0: start LeaderState
2019-09-12 10:53:03,644 [pool-71-thread-1] INFO  server.RaftServerConfigKeys (ConfUtils.java:logGet(43)) - raft.server.log.queue.byte-limit = 2147483647 (custom)
2019-09-12 10:53:03,644 [35ed61f3-e470-497f-b63f-7decb4cef9e0:group-C645397DD5C0:LeaderElection32] INFO  segmented.SegmentedRaftLogWorker (SegmentedRaftLogWorker.java:startLogSegment(380)) - 35ed61f3-e470-497f-b63f-7decb4cef9e0-SegmentedRaftLogWorker:Storage Directory /workdir/hadoop-ozone/integration-test/target/test-dir/MiniOzoneClusterImpl-838a7ec2-4afb-4d68-8138-46fa65bc7e11/datanode-7/data/ratis/5dd38eab-0993-4c8a-ac97-c645397dd5c0: Starting segment from index:0
2019-09-12 10:53:03,644 [pool-71-thread-1] INFO  server.RaftServerConfigKeys (ConfUtils.java:logGet(43)) - raft.server.log.queue.element-limit = 1024 (custom)
2019-09-12 10:53:03,644 [pool-71-thread-1] INFO  server.RaftServerConfigKeys (ConfUtils.java:logGet(43)) - raft.server.log.segment.size.max = 1048576 (custom)
2019-09-12 10:53:03,644 [35ed61f3-e470-497f-b63f-7decb4cef9e0:group-C645397DD5C0:LeaderElection32] INFO  impl.RaftServerImpl (ServerState.java:setRaftConf(361)) - 35ed61f3-e470-497f-b63f-7decb4cef9e0:group-C645397DD5C0 set configuration 0: [35ed61f3-e470-497f-b63f-7decb4cef9e0:192.168.157.195:33043], old=null at 0
2019-09-12 10:53:03,645 [pool-71-thread-1] INFO  server.RaftServerConfigKeys (ConfUtils.java:logGet(43)) - raft.server.log.preallocated.size = 16384 (custom)
2019-09-12 10:53:03,677 [pool-71-thread-1] INFO  server.RaftServerConfigKeys (ConfUtils.java:logGet(43)) - raft.server.log.write.buffer.size = 33554432 (custom)
2019-09-12 10:53:03,678 [pool-71-thread-1] INFO  server.RaftServerConfigKeys (ConfUtils.java:logGet(43)) - raft.server.log.force.sync.num = 128 (default)
2019-09-12 10:53:03,678 [pool-71-thread-1] INFO  server.RaftServerConfigKeys (ConfUtils.java:logGet(43)) - raft.server.log.statemachine.data.sync = true (default)
2019-09-12 10:53:03,678 [pool-71-thread-1] INFO  server.RaftServerConfigKeys (ConfUtils.java:logGet(43)) - raft.server.log.statemachine.data.sync.timeout = 10s (default)
2019-09-12 10:53:03,678 [pool-71-thread-1] INFO  server.RaftServerConfigKeys (ConfUtils.java:logGet(43)) - raft.server.log.statemachine.data.sync.timeout.retry = -1 (default)
2019-09-12 10:53:03,678 [pool-71-thread-1] INFO  server.RaftServerConfigKeys (ConfUtils.java:logGet(43)) - raft.server.log.statemachine.data.caching.enabled = true (custom)
2019-09-12 10:53:03,679 [pool-71-thread-1] INFO  segmented.SegmentedRaftLogWorker (SegmentedRaftLogWorker.java:lambda$new$0(132)) - 8d69d0c9-c816-414c-ba1a-8b3ab85fb900-SegmentedRaftLogWorker:Storage Directory /workdir/hadoop-ozone/integration-test/target/test-dir/MiniOzoneClusterImpl-838a7ec2-4afb-4d68-8138-46fa65bc7e11/datanode-4/data/ratis/bdb5d784-6b1e-4d9c-b61f-9da89c718906: flushIndex: setUnconditionally 0 -> -1
2019-09-12 10:53:03,679 [pool-71-thread-1] INFO  server.RaftServerConfigKeys (ConfUtils.java:logGet(43)) - raft.server.snapshot.auto.trigger.enabled = true (custom)
2019-09-12 10:53:03,679 [pool-71-thread-1] INFO  server.RaftServerConfigKeys (ConfUtils.java:logGet(43)) - raft.server.snapshot.auto.trigger.threshold = 10000 (custom)
2019-09-12 10:53:03,680 [pool-71-thread-1] INFO  server.RaftServerConfigKeys (ConfUtils.java:logGet(43)) - raft.server.retrycache.expirytime = 600000ms (custom)
2019-09-12 10:53:03,680 [pool-71-thread-1] INFO  impl.RaftServerImpl (RaftServerImpl.java:start(180)) - 8d69d0c9-c816-414c-ba1a-8b3ab85fb900: start group-9DA89C718906
2019-09-12 10:53:03,680 [pool-71-thread-1] INFO  impl.RaftServerImpl (RaftServerImpl.java:setRole(171)) - 8d69d0c9-c816-414c-ba1a-8b3ab85fb900:group-9DA89C718906 changes role from null to FOLLOWER at term 0 for startAsFollower
2019-09-12 10:53:03,680 [pool-71-thread-1] INFO  impl.RoleInfo (RoleInfo.java:updateAndGet(143)) - 8d69d0c9-c816-414c-ba1a-8b3ab85fb900: start FollowerState
2019-09-12 10:53:03,681 [pool-71-thread-1] INFO  util.JmxRegister (JmxRegister.java:tryRegister(44)) - Successfully registered JMX Bean with object name Ratis:service=RaftServer,group=group-9DA89C718906,id=8d69d0c9-c816-414c-ba1a-8b3ab85fb900
2019-09-12 10:53:03,684 | INFO  | SCMAudit | user=jenkins1000 | ip=192.168.157.195 | op=SEND_HEARTBEAT {datanodeUUID=005a1424-1186-4d58-b0b5-fdf3e953d666, command=[]} | ret=SUCCESS |  
2019-09-12 10:53:03,684 [RatisPipelineUtilsThread] INFO  pipeline.PipelineStateManager (PipelineStateManager.java:addPipeline(56)) - Created pipeline Pipeline[ Id: bdb5d784-6b1e-4d9c-b61f-9da89c718906, Nodes: 8d69d0c9-c816-414c-ba1a-8b3ab85fb900{ip: 192.168.157.195, host: pr-hdds-1569-xtfnx-3545843844, networkLocation: /default-rack, certSerialId: null}, Type:RATIS, Factor:ONE, State:OPEN]
2019-09-12 10:53:03,685 [RatisPipelineUtilsThread] ERROR pipeline.PipelinePlacementPolicy (PipelinePlacementPolicy.java:meetCriteria(91)) - Pipeline Placement: Doesn't meet the criteria to be viable node. Heaviness: 6
2019-09-12 10:53:03,685 [RatisPipelineUtilsThread] ERROR pipeline.PipelinePlacementPolicy (PipelinePlacementPolicy.java:meetCriteria(91)) - Pipeline Placement: Doesn't meet the criteria to be viable node. Heaviness: 6
2019-09-12 10:53:03,685 [RatisPipelineUtilsThread] ERROR pipeline.PipelinePlacementPolicy (PipelinePlacementPolicy.java:meetCriteria(91)) - Pipeline Placement: Doesn't meet the criteria to be viable node. Heaviness: 6
2019-09-12 10:53:03,685 [RatisPipelineUtilsThread] ERROR pipeline.PipelinePlacementPolicy (PipelinePlacementPolicy.java:meetCriteria(91)) - Pipeline Placement: Doesn't meet the criteria to be viable node. Heaviness: 6
2019-09-12 10:53:03,685 [RatisPipelineUtilsThread] ERROR pipeline.PipelinePlacementPolicy (PipelinePlacementPolicy.java:meetCriteria(91)) - Pipeline Placement: Doesn't meet the criteria to be viable node. Heaviness: 6
2019-09-12 10:53:03,685 [RatisPipelineUtilsThread] ERROR pipeline.PipelinePlacementPolicy (PipelinePlacementPolicy.java:meetCriteria(91)) - Pipeline Placement: Doesn't meet the criteria to be viable node. Heaviness: 6
2019-09-12 10:53:03,691 [grpc-default-executor-0] INFO  impl.RaftServerProxy (RaftServerProxy.java:addNew(89)) - 35ed61f3-e470-497f-b63f-7decb4cef9e0: addNew group-2A1D320EDCC8:[35ed61f3-e470-497f-b63f-7decb4cef9e0:192.168.157.195:33043] returns group-2A1D320EDCC8:java.util.concurrent.CompletableFuture@30b436c1[Not completed]
2019-09-12 10:53:03,694 [pool-104-thread-1] INFO  impl.RaftServerImpl (RaftServerImpl.java:<init>(93)) - 35ed61f3-e470-497f-b63f-7decb4cef9e0: new RaftServerImpl for group-2A1D320EDCC8:[35ed61f3-e470-497f-b63f-7decb4cef9e0:192.168.157.195:33043] with ContainerStateMachine:uninitialized
2019-09-12 10:53:03,694 [pool-104-thread-1] INFO  server.RaftServerConfigKeys (ConfUtils.java:logGet(43)) - raft.server.rpc.timeout.min = 1s (custom)
2019-09-12 10:53:03,694 [pool-104-thread-1] INFO  server.RaftServerConfigKeys (ConfUtils.java:logGet(43)) - raft.server.rpc.timeout.max = 1200ms (custom)
2019-09-12 10:53:03,694 [pool-104-thread-1] INFO  server.RaftServerConfigKeys (ConfUtils.java:logGet(43)) - raft.server.rpcslowness.timeout = 120s (custom)
2019-09-12 10:53:03,694 [pool-104-thread-1] INFO  server.RaftServerConfigKeys (ConfUtils.java:logGet(43)) - raft.server.sleep.deviation.threshold = 300 (default)
2019-09-12 10:53:03,695 [pool-104-thread-1] INFO  server.RaftServerConfigKeys (ConfUtils.java:logGet(43)) - raft.server.log.appender.install.snapshot.enabled = false (custom)
2019-09-12 10:53:03,695 [pool-104-thread-1] INFO  impl.RaftServerImpl (ServerState.java:<init>(105)) - 35ed61f3-e470-497f-b63f-7decb4cef9e0:group-2A1D320EDCC8 ConfigurationManager, init=-1: [35ed61f3-e470-497f-b63f-7decb4cef9e0:192.168.157.195:33043], old=null, confs=<EMPTY_MAP>
2019-09-12 10:53:03,695 [pool-104-thread-1] INFO  server.RaftServerConfigKeys (ConfUtils.java:logGet(43)) - raft.server.storage.dir = [/workdir/hadoop-ozone/integration-test/target/test-dir/MiniOzoneClusterImpl-838a7ec2-4afb-4d68-8138-46fa65bc7e11/datanode-7/data/ratis] (custom)
2019-09-12 10:53:03,696 [pool-104-thread-1] INFO  storage.RaftStorageDirectory (RaftStorageDirectory.java:analyzeStorage(246)) - The storage directory /workdir/hadoop-ozone/integration-test/target/test-dir/MiniOzoneClusterImpl-838a7ec2-4afb-4d68-8138-46fa65bc7e11/datanode-7/data/ratis/3dbf7e14-e54c-4e9c-86a3-2a1d320edcc8 does not exist. Creating ...
2019-09-12 10:53:03,701 [35ed61f3-e470-497f-b63f-7decb4cef9e0-SegmentedRaftLogWorker:Storage Directory /workdir/hadoop-ozone/integration-test/target/test-dir/MiniOzoneClusterImpl-838a7ec2-4afb-4d68-8138-46fa65bc7e11/datanode-7/data/ratis/5dd38eab-0993-4c8a-ac97-c645397dd5c0] INFO  segmented.SegmentedRaftLogWorker (SegmentedRaftLogWorker.java:execute(569)) - 35ed61f3-e470-497f-b63f-7decb4cef9e0-SegmentedRaftLogWorker:Storage Directory /workdir/hadoop-ozone/integration-test/target/test-dir/MiniOzoneClusterImpl-838a7ec2-4afb-4d68-8138-46fa65bc7e11/datanode-7/data/ratis/5dd38eab-0993-4c8a-ac97-c645397dd5c0: created new log segment /workdir/hadoop-ozone/integration-test/target/test-dir/MiniOzoneClusterImpl-838a7ec2-4afb-4d68-8138-46fa65bc7e11/datanode-7/data/ratis/5dd38eab-0993-4c8a-ac97-c645397dd5c0/current/log_inprogress_0
2019-09-12 10:53:03,703 [pool-104-thread-1] INFO  storage.RaftStorageDirectory (RaftStorageDirectory.java:tryLock(328)) - Lock on /workdir/hadoop-ozone/integration-test/target/test-dir/MiniOzoneClusterImpl-838a7ec2-4afb-4d68-8138-46fa65bc7e11/datanode-7/data/ratis/3dbf7e14-e54c-4e9c-86a3-2a1d320edcc8/in_use.lock acquired by nodename 620@pr-hdds-1569-xtfnx-3545843844
2019-09-12 10:53:03,725 [pool-104-thread-1] INFO  storage.RaftStorage (RaftStorage.java:format(72)) - Storage directory /workdir/hadoop-ozone/integration-test/target/test-dir/MiniOzoneClusterImpl-838a7ec2-4afb-4d68-8138-46fa65bc7e11/datanode-7/data/ratis/3dbf7e14-e54c-4e9c-86a3-2a1d320edcc8 has been successfully formatted.
2019-09-12 10:53:03,725 [pool-104-thread-1] INFO  ratis.ContainerStateMachine (ContainerStateMachine.java:loadSnapshot(226)) - group-2A1D320EDCC8: The snapshot info is null. Setting the last applied indexto:(t:0, i:~)
2019-09-12 10:53:03,726 [pool-104-thread-1] INFO  server.RaftServerConfigKeys (ConfUtils.java:logGet(43)) - raft.server.leader.election.timeout = 120s (custom)
2019-09-12 10:53:03,726 [pool-104-thread-1] INFO  server.RaftServerConfigKeys (ConfUtils.java:logGet(43)) - raft.server.log.use.memory = false (default)
2019-09-12 10:53:03,726 [pool-104-thread-1] INFO  server.RaftServerConfigKeys (ConfUtils.java:logGet(43)) - raft.server.log.purge.gap = 1000000 (custom)
2019-09-12 10:53:03,726 [pool-104-thread-1] INFO  server.RaftServerConfigKeys (ConfUtils.java:logGet(43)) - raft.server.log.appender.buffer.byte-limit = 33554432 (custom)
2019-09-12 10:53:03,726 [pool-104-thread-1] INFO  server.RaftServerConfigKeys (ConfUtils.java:logGet(43)) - raft.server.log.segment.size.max = 1048576 (custom)
2019-09-12 10:53:03,727 [pool-104-thread-1] INFO  server.RaftServerConfigKeys (ConfUtils.java:logGet(43)) - raft.server.log.segment.cache.num.max = 2 (custom)
2019-09-12 10:53:03,727 [pool-104-thread-1] INFO  segmented.SegmentedRaftLogWorker (SegmentedRaftLogWorker.java:<init>(172)) - new 35ed61f3-e470-497f-b63f-7decb4cef9e0-SegmentedRaftLogWorker:Storage Directory /workdir/hadoop-ozone/integration-test/target/test-dir/MiniOzoneClusterImpl-838a7ec2-4afb-4d68-8138-46fa65bc7e11/datanode-7/data/ratis/3dbf7e14-e54c-4e9c-86a3-2a1d320edcc8 for RaftStorage:Storage Directory /workdir/hadoop-ozone/integration-test/target/test-dir/MiniOzoneClusterImpl-838a7ec2-4afb-4d68-8138-46fa65bc7e11/datanode-7/data/ratis/3dbf7e14-e54c-4e9c-86a3-2a1d320edcc8
2019-09-12 10:53:03,727 [pool-104-thread-1] INFO  server.RaftServerConfigKeys (ConfUtils.java:logGet(43)) - raft.server.log.queue.byte-limit = 2147483647 (custom)
2019-09-12 10:53:03,727 [pool-104-thread-1] INFO  server.RaftServerConfigKeys (ConfUtils.java:logGet(43)) - raft.server.log.queue.element-limit = 1024 (custom)
2019-09-12 10:53:03,728 [pool-104-thread-1] INFO  server.RaftServerConfigKeys (ConfUtils.java:logGet(43)) - raft.server.log.segment.size.max = 1048576 (custom)
2019-09-12 10:53:03,728 [pool-104-thread-1] INFO  server.RaftServerConfigKeys (ConfUtils.java:logGet(43)) - raft.server.log.preallocated.size = 16384 (custom)
2019-09-12 10:53:03,728 [pool-104-thread-1] INFO  server.RaftServerConfigKeys (ConfUtils.java:logGet(43)) - raft.server.log.write.buffer.size = 33554432 (custom)
2019-09-12 10:53:03,728 [pool-104-thread-1] INFO  server.RaftServerConfigKeys (ConfUtils.java:logGet(43)) - raft.server.log.force.sync.num = 128 (default)
2019-09-12 10:53:03,728 [pool-104-thread-1] INFO  server.RaftServerConfigKeys (ConfUtils.java:logGet(43)) - raft.server.log.statemachine.data.sync = true (default)
2019-09-12 10:53:03,729 [pool-104-thread-1] INFO  server.RaftServerConfigKeys (ConfUtils.java:logGet(43)) - raft.server.log.statemachine.data.sync.timeout = 10s (default)
2019-09-12 10:53:03,729 [pool-104-thread-1] INFO  server.RaftServerConfigKeys (ConfUtils.java:logGet(43)) - raft.server.log.statemachine.data.sync.timeout.retry = -1 (default)
2019-09-12 10:53:03,729 [pool-104-thread-1] INFO  server.RaftServerConfigKeys (ConfUtils.java:logGet(43)) - raft.server.log.statemachine.data.caching.enabled = true (custom)
2019-09-12 10:53:03,729 [pool-104-thread-1] INFO  segmented.SegmentedRaftLogWorker (SegmentedRaftLogWorker.java:lambda$new$0(132)) - 35ed61f3-e470-497f-b63f-7decb4cef9e0-SegmentedRaftLogWorker:Storage Directory /workdir/hadoop-ozone/integration-test/target/test-dir/MiniOzoneClusterImpl-838a7ec2-4afb-4d68-8138-46fa65bc7e11/datanode-7/data/ratis/3dbf7e14-e54c-4e9c-86a3-2a1d320edcc8: flushIndex: setUnconditionally 0 -> -1
2019-09-12 10:53:03,730 [pool-104-thread-1] INFO  server.RaftServerConfigKeys (ConfUtils.java:logGet(43)) - raft.server.snapshot.auto.trigger.enabled = true (custom)
2019-09-12 10:53:03,730 [pool-104-thread-1] INFO  server.RaftServerConfigKeys (ConfUtils.java:logGet(43)) - raft.server.snapshot.auto.trigger.threshold = 10000 (custom)
2019-09-12 10:53:03,730 [pool-104-thread-1] INFO  server.RaftServerConfigKeys (ConfUtils.java:logGet(43)) - raft.server.retrycache.expirytime = 600000ms (custom)
2019-09-12 10:53:03,731 [pool-104-thread-1] INFO  impl.RaftServerImpl (RaftServerImpl.java:start(180)) - 35ed61f3-e470-497f-b63f-7decb4cef9e0: start group-2A1D320EDCC8
2019-09-12 10:53:03,731 [pool-104-thread-1] INFO  impl.RaftServerImpl (RaftServerImpl.java:setRole(171)) - 35ed61f3-e470-497f-b63f-7decb4cef9e0:group-2A1D320EDCC8 changes role from null to FOLLOWER at term 0 for startAsFollower
2019-09-12 10:53:03,731 [pool-104-thread-1] INFO  impl.RoleInfo (RoleInfo.java:updateAndGet(143)) - 35ed61f3-e470-497f-b63f-7decb4cef9e0: start FollowerState
2019-09-12 10:53:03,731 [pool-104-thread-1] INFO  util.JmxRegister (JmxRegister.java:tryRegister(44)) - Successfully registered JMX Bean with object name Ratis:service=RaftServer,group=group-2A1D320EDCC8,id=35ed61f3-e470-497f-b63f-7decb4cef9e0
2019-09-12 10:53:03,735 [RatisPipelineUtilsThread] INFO  pipeline.PipelineStateManager (PipelineStateManager.java:addPipeline(56)) - Created pipeline Pipeline[ Id: 3dbf7e14-e54c-4e9c-86a3-2a1d320edcc8, Nodes: 35ed61f3-e470-497f-b63f-7decb4cef9e0{ip: 192.168.157.195, host: pr-hdds-1569-xtfnx-3545843844, networkLocation: /default-rack, certSerialId: null}, Type:RATIS, Factor:ONE, State:OPEN]
2019-09-12 10:53:03,735 [RatisPipelineUtilsThread] ERROR pipeline.PipelinePlacementPolicy (PipelinePlacementPolicy.java:meetCriteria(91)) - Pipeline Placement: Doesn't meet the criteria to be viable node. Heaviness: 6
2019-09-12 10:53:03,735 [RatisPipelineUtilsThread] ERROR pipeline.PipelinePlacementPolicy (PipelinePlacementPolicy.java:meetCriteria(91)) - Pipeline Placement: Doesn't meet the criteria to be viable node. Heaviness: 6
2019-09-12 10:53:03,736 [RatisPipelineUtilsThread] ERROR pipeline.PipelinePlacementPolicy (PipelinePlacementPolicy.java:meetCriteria(91)) - Pipeline Placement: Doesn't meet the criteria to be viable node. Heaviness: 6
2019-09-12 10:53:03,736 [RatisPipelineUtilsThread] ERROR pipeline.PipelinePlacementPolicy (PipelinePlacementPolicy.java:meetCriteria(91)) - Pipeline Placement: Doesn't meet the criteria to be viable node. Heaviness: 6
2019-09-12 10:53:03,736 [RatisPipelineUtilsThread] ERROR pipeline.PipelinePlacementPolicy (PipelinePlacementPolicy.java:meetCriteria(91)) - Pipeline Placement: Doesn't meet the criteria to be viable node. Heaviness: 6
2019-09-12 10:53:03,736 [RatisPipelineUtilsThread] ERROR pipeline.PipelinePlacementPolicy (PipelinePlacementPolicy.java:meetCriteria(91)) - Pipeline Placement: Doesn't meet the criteria to be viable node. Heaviness: 6
2019-09-12 10:53:03,742 [grpc-default-executor-0] INFO  impl.RaftServerProxy (RaftServerProxy.java:addNew(89)) - 02d2c735-5a91-4cfc-b37b-8234c14e6879: addNew group-89B8107AC77B:[02d2c735-5a91-4cfc-b37b-8234c14e6879:192.168.157.195:36291] returns group-89B8107AC77B:java.util.concurrent.CompletableFuture@539b9b34[Not completed]
2019-09-12 10:53:03,744 [pool-126-thread-1] INFO  impl.RaftServerImpl (RaftServerImpl.java:<init>(93)) - 02d2c735-5a91-4cfc-b37b-8234c14e6879: new RaftServerImpl for group-89B8107AC77B:[02d2c735-5a91-4cfc-b37b-8234c14e6879:192.168.157.195:36291] with ContainerStateMachine:uninitialized
2019-09-12 10:53:03,744 [pool-126-thread-1] INFO  server.RaftServerConfigKeys (ConfUtils.java:logGet(43)) - raft.server.rpc.timeout.min = 1s (custom)
2019-09-12 10:53:03,744 [pool-126-thread-1] INFO  server.RaftServerConfigKeys (ConfUtils.java:logGet(43)) - raft.server.rpc.timeout.max = 1200ms (custom)
2019-09-12 10:53:03,744 [pool-126-thread-1] INFO  server.RaftServerConfigKeys (ConfUtils.java:logGet(43)) - raft.server.rpcslowness.timeout = 120s (custom)
2019-09-12 10:53:03,744 [pool-126-thread-1] INFO  server.RaftServerConfigKeys (ConfUtils.java:logGet(43)) - raft.server.sleep.deviation.threshold = 300 (default)
2019-09-12 10:53:03,744 [pool-126-thread-1] INFO  server.RaftServerConfigKeys (ConfUtils.java:logGet(43)) - raft.server.log.appender.install.snapshot.enabled = false (custom)
2019-09-12 10:53:03,745 [pool-126-thread-1] INFO  impl.RaftServerImpl (ServerState.java:<init>(105)) - 02d2c735-5a91-4cfc-b37b-8234c14e6879:group-89B8107AC77B ConfigurationManager, init=-1: [02d2c735-5a91-4cfc-b37b-8234c14e6879:192.168.157.195:36291], old=null, confs=<EMPTY_MAP>
2019-09-12 10:53:03,745 [pool-126-thread-1] INFO  server.RaftServerConfigKeys (ConfUtils.java:logGet(43)) - raft.server.storage.dir = [/workdir/hadoop-ozone/integration-test/target/test-dir/MiniOzoneClusterImpl-838a7ec2-4afb-4d68-8138-46fa65bc7e11/datanode-9/data/ratis] (custom)
2019-09-12 10:53:03,745 [pool-126-thread-1] INFO  storage.RaftStorageDirectory (RaftStorageDirectory.java:analyzeStorage(246)) - The storage directory /workdir/hadoop-ozone/integration-test/target/test-dir/MiniOzoneClusterImpl-838a7ec2-4afb-4d68-8138-46fa65bc7e11/datanode-9/data/ratis/65221899-23c2-4124-817a-89b8107ac77b does not exist. Creating ...
2019-09-12 10:53:03,752 [Thread-431] INFO  impl.FollowerState (FollowerState.java:run(106)) - 8d69d0c9-c816-414c-ba1a-8b3ab85fb900:group-FDCF1CA8C3EF changes to CANDIDATE, lastRpcTime:1061, electionTimeout:1061ms
2019-09-12 10:53:03,752 [Thread-431] INFO  impl.RoleInfo (RoleInfo.java:shutdownFollowerState(121)) - 8d69d0c9-c816-414c-ba1a-8b3ab85fb900: shutdown FollowerState
2019-09-12 10:53:03,752 [Thread-431] INFO  impl.RaftServerImpl (RaftServerImpl.java:setRole(171)) - 8d69d0c9-c816-414c-ba1a-8b3ab85fb900:group-FDCF1CA8C3EF changes role from FOLLOWER to CANDIDATE at term 0 for changeToCandidate
2019-09-12 10:53:03,752 [Thread-431] INFO  impl.RoleInfo (RoleInfo.java:updateAndGet(143)) - 8d69d0c9-c816-414c-ba1a-8b3ab85fb900: start LeaderElection
2019-09-12 10:53:03,760 [pool-126-thread-1] INFO  storage.RaftStorageDirectory (RaftStorageDirectory.java:tryLock(328)) - Lock on /workdir/hadoop-ozone/integration-test/target/test-dir/MiniOzoneClusterImpl-838a7ec2-4afb-4d68-8138-46fa65bc7e11/datanode-9/data/ratis/65221899-23c2-4124-817a-89b8107ac77b/in_use.lock acquired by nodename 620@pr-hdds-1569-xtfnx-3545843844
2019-09-12 10:53:03,768 [Thread-434] INFO  impl.FollowerState (FollowerState.java:run(106)) - 3aa8f21e-cbc0-493e-b8ca-fbb3b21697d5:group-E025F30FECE6 changes to CANDIDATE, lastRpcTime:1015, electionTimeout:1015ms
2019-09-12 10:53:03,768 [Thread-434] INFO  impl.RoleInfo (RoleInfo.java:shutdownFollowerState(121)) - 3aa8f21e-cbc0-493e-b8ca-fbb3b21697d5: shutdown FollowerState
2019-09-12 10:53:03,768 [Thread-434] INFO  impl.RaftServerImpl (RaftServerImpl.java:setRole(171)) - 3aa8f21e-cbc0-493e-b8ca-fbb3b21697d5:group-E025F30FECE6 changes role from FOLLOWER to CANDIDATE at term 0 for changeToCandidate
2019-09-12 10:53:03,768 [Thread-434] INFO  impl.RoleInfo (RoleInfo.java:updateAndGet(143)) - 3aa8f21e-cbc0-493e-b8ca-fbb3b21697d5: start LeaderElection
2019-09-12 10:53:03,776 [pool-126-thread-1] INFO  storage.RaftStorage (RaftStorage.java:format(72)) - Storage directory /workdir/hadoop-ozone/integration-test/target/test-dir/MiniOzoneClusterImpl-838a7ec2-4afb-4d68-8138-46fa65bc7e11/datanode-9/data/ratis/65221899-23c2-4124-817a-89b8107ac77b has been successfully formatted.
2019-09-12 10:53:03,776 [8d69d0c9-c816-414c-ba1a-8b3ab85fb900:group-FDCF1CA8C3EF:LeaderElection33] INFO  impl.LeaderElection (LeaderElection.java:askForVotes(181)) - 8d69d0c9-c816-414c-ba1a-8b3ab85fb900:group-FDCF1CA8C3EF:LeaderElection33: begin an election at term 1 for -1: [8d69d0c9-c816-414c-ba1a-8b3ab85fb900:192.168.157.195:38566], old=null
2019-09-12 10:53:03,776 [8d69d0c9-c816-414c-ba1a-8b3ab85fb900:group-FDCF1CA8C3EF:LeaderElection33] INFO  impl.RoleInfo (RoleInfo.java:shutdownLeaderElection(134)) - 8d69d0c9-c816-414c-ba1a-8b3ab85fb900: shutdown LeaderElection
2019-09-12 10:53:03,776 [8d69d0c9-c816-414c-ba1a-8b3ab85fb900:group-FDCF1CA8C3EF:LeaderElection33] INFO  impl.RaftServerImpl (RaftServerImpl.java:setRole(171)) - 8d69d0c9-c816-414c-ba1a-8b3ab85fb900:group-FDCF1CA8C3EF changes role from CANDIDATE to LEADER at term 1 for changeToLeader
2019-09-12 10:53:03,777 [8d69d0c9-c816-414c-ba1a-8b3ab85fb900:group-FDCF1CA8C3EF:LeaderElection33] INFO  impl.RaftServerImpl (ServerState.java:setLeader(263)) - 8d69d0c9-c816-414c-ba1a-8b3ab85fb900:group-FDCF1CA8C3EF change Leader from null to 8d69d0c9-c816-414c-ba1a-8b3ab85fb900 at term 1 for becomeLeader, leader elected after 1090ms
2019-09-12 10:53:03,777 [8d69d0c9-c816-414c-ba1a-8b3ab85fb900:group-FDCF1CA8C3EF:LeaderElection33] INFO  server.RaftServerConfigKeys (ConfUtils.java:logGet(43)) - raft.server.staging.catchup.gap = 1000 (default)
2019-09-12 10:53:03,777 [pool-126-thread-1] INFO  ratis.ContainerStateMachine (ContainerStateMachine.java:loadSnapshot(226)) - group-89B8107AC77B: The snapshot info is null. Setting the last applied indexto:(t:0, i:~)
2019-09-12 10:53:03,777 [8d69d0c9-c816-414c-ba1a-8b3ab85fb900:group-FDCF1CA8C3EF:LeaderElection33] INFO  server.RaftServerConfigKeys (ConfUtils.java:logGet(43)) - raft.server.rpc.sleep.time = 25ms (default)
2019-09-12 10:53:03,777 [pool-126-thread-1] INFO  server.RaftServerConfigKeys (ConfUtils.java:logGet(43)) - raft.server.leader.election.timeout = 120s (custom)
2019-09-12 10:53:03,777 [8d69d0c9-c816-414c-ba1a-8b3ab85fb900:group-FDCF1CA8C3EF:LeaderElection33] INFO  server.RaftServerConfigKeys (ConfUtils.java:logGet(43)) - raft.server.write.element-limit = 4096 (default)
2019-09-12 10:53:03,777 [pool-126-thread-1] INFO  server.RaftServerConfigKeys (ConfUtils.java:logGet(43)) - raft.server.log.use.memory = false (default)
2019-09-12 10:53:03,778 [8d69d0c9-c816-414c-ba1a-8b3ab85fb900:group-FDCF1CA8C3EF:LeaderElection33] INFO  server.RaftServerConfigKeys (ConfUtils.java:logGet(43)) - raft.server.watch.timeout = 10s (default)
2019-09-12 10:53:03,778 [pool-126-thread-1] INFO  server.RaftServerConfigKeys (ConfUtils.java:logGet(43)) - raft.server.log.purge.gap = 1000000 (custom)
2019-09-12 10:53:03,778 [8d69d0c9-c816-414c-ba1a-8b3ab85fb900:group-FDCF1CA8C3EF:LeaderElection33] INFO  server.RaftServerConfigKeys (ConfUtils.java:logGet(43)) - raft.server.watch.timeout.denomination = 1s (default)
2019-09-12 10:53:03,778 [pool-126-thread-1] INFO  server.RaftServerConfigKeys (ConfUtils.java:logGet(43)) - raft.server.log.appender.buffer.byte-limit = 33554432 (custom)
2019-09-12 10:53:03,778 [8d69d0c9-c816-414c-ba1a-8b3ab85fb900:group-FDCF1CA8C3EF:LeaderElection33] INFO  server.RaftServerConfigKeys (ConfUtils.java:logGet(43)) - raft.server.watch.element-limit = 65536 (default)
2019-09-12 10:53:03,778 [pool-126-thread-1] INFO  server.RaftServerConfigKeys (ConfUtils.java:logGet(43)) - raft.server.log.segment.size.max = 1048576 (custom)
2019-09-12 10:53:03,778 [8d69d0c9-c816-414c-ba1a-8b3ab85fb900:group-FDCF1CA8C3EF:LeaderElection33] INFO  impl.RoleInfo (RoleInfo.java:updateAndGet(143)) - 8d69d0c9-c816-414c-ba1a-8b3ab85fb900: start LeaderState
2019-09-12 10:53:03,778 [pool-126-thread-1] INFO  server.RaftServerConfigKeys (ConfUtils.java:logGet(43)) - raft.server.log.segment.cache.num.max = 2 (custom)
2019-09-12 10:53:03,779 [8d69d0c9-c816-414c-ba1a-8b3ab85fb900:group-FDCF1CA8C3EF:LeaderElection33] INFO  segmented.SegmentedRaftLogWorker (SegmentedRaftLogWorker.java:startLogSegment(380)) - 8d69d0c9-c816-414c-ba1a-8b3ab85fb900-SegmentedRaftLogWorker:Storage Directory /workdir/hadoop-ozone/integration-test/target/test-dir/MiniOzoneClusterImpl-838a7ec2-4afb-4d68-8138-46fa65bc7e11/datanode-4/data/ratis/6161d23e-e11d-4c9f-9bbc-fdcf1ca8c3ef: Starting segment from index:0
2019-09-12 10:53:03,779 [pool-126-thread-1] INFO  segmented.SegmentedRaftLogWorker (SegmentedRaftLogWorker.java:<init>(172)) - new 02d2c735-5a91-4cfc-b37b-8234c14e6879-SegmentedRaftLogWorker:Storage Directory /workdir/hadoop-ozone/integration-test/target/test-dir/MiniOzoneClusterImpl-838a7ec2-4afb-4d68-8138-46fa65bc7e11/datanode-9/data/ratis/65221899-23c2-4124-817a-89b8107ac77b for RaftStorage:Storage Directory /workdir/hadoop-ozone/integration-test/target/test-dir/MiniOzoneClusterImpl-838a7ec2-4afb-4d68-8138-46fa65bc7e11/datanode-9/data/ratis/65221899-23c2-4124-817a-89b8107ac77b
2019-09-12 10:53:03,779 [pool-126-thread-1] INFO  server.RaftServerConfigKeys (ConfUtils.java:logGet(43)) - raft.server.log.queue.byte-limit = 2147483647 (custom)
2019-09-12 10:53:03,779 [pool-126-thread-1] INFO  server.RaftServerConfigKeys (ConfUtils.java:logGet(43)) - raft.server.log.queue.element-limit = 1024 (custom)
2019-09-12 10:53:03,779 [8d69d0c9-c816-414c-ba1a-8b3ab85fb900:group-FDCF1CA8C3EF:LeaderElection33] INFO  impl.RaftServerImpl (ServerState.java:setRaftConf(361)) - 8d69d0c9-c816-414c-ba1a-8b3ab85fb900:group-FDCF1CA8C3EF set configuration 0: [8d69d0c9-c816-414c-ba1a-8b3ab85fb900:192.168.157.195:38566], old=null at 0
2019-09-12 10:53:03,779 [pool-126-thread-1] INFO  server.RaftServerConfigKeys (ConfUtils.java:logGet(43)) - raft.server.log.segment.size.max = 1048576 (custom)
2019-09-12 10:53:03,817 [3aa8f21e-cbc0-493e-b8ca-fbb3b21697d5:group-E025F30FECE6:LeaderElection34] INFO  impl.LeaderElection (LeaderElection.java:askForVotes(181)) - 3aa8f21e-cbc0-493e-b8ca-fbb3b21697d5:group-E025F30FECE6:LeaderElection34: begin an election at term 1 for -1: [3aa8f21e-cbc0-493e-b8ca-fbb3b21697d5:192.168.157.195:34525], old=null
2019-09-12 10:53:03,817 [pool-126-thread-1] INFO  server.RaftServerConfigKeys (ConfUtils.java:logGet(43)) - raft.server.log.preallocated.size = 16384 (custom)
2019-09-12 10:53:03,817 [3aa8f21e-cbc0-493e-b8ca-fbb3b21697d5:group-E025F30FECE6:LeaderElection34] INFO  impl.RoleInfo (RoleInfo.java:shutdownLeaderElection(134)) - 3aa8f21e-cbc0-493e-b8ca-fbb3b21697d5: shutdown LeaderElection
2019-09-12 10:53:03,817 [pool-126-thread-1] INFO  server.RaftServerConfigKeys (ConfUtils.java:logGet(43)) - raft.server.log.write.buffer.size = 33554432 (custom)
2019-09-12 10:53:03,817 [3aa8f21e-cbc0-493e-b8ca-fbb3b21697d5:group-E025F30FECE6:LeaderElection34] INFO  impl.RaftServerImpl (RaftServerImpl.java:setRole(171)) - 3aa8f21e-cbc0-493e-b8ca-fbb3b21697d5:group-E025F30FECE6 changes role from CANDIDATE to LEADER at term 1 for changeToLeader
2019-09-12 10:53:03,817 [pool-126-thread-1] INFO  server.RaftServerConfigKeys (ConfUtils.java:logGet(43)) - raft.server.log.force.sync.num = 128 (default)
2019-09-12 10:53:03,818 [3aa8f21e-cbc0-493e-b8ca-fbb3b21697d5:group-E025F30FECE6:LeaderElection34] INFO  impl.RaftServerImpl (ServerState.java:setLeader(263)) - 3aa8f21e-cbc0-493e-b8ca-fbb3b21697d5:group-E025F30FECE6 change Leader from null to 3aa8f21e-cbc0-493e-b8ca-fbb3b21697d5 at term 1 for becomeLeader, leader elected after 1070ms
2019-09-12 10:53:03,818 [pool-126-thread-1] INFO  server.RaftServerConfigKeys (ConfUtils.java:logGet(43)) - raft.server.log.statemachine.data.sync = true (default)
2019-09-12 10:53:03,818 [3aa8f21e-cbc0-493e-b8ca-fbb3b21697d5:group-E025F30FECE6:LeaderElection34] INFO  server.RaftServerConfigKeys (ConfUtils.java:logGet(43)) - raft.server.staging.catchup.gap = 1000 (default)
2019-09-12 10:53:03,818 [pool-126-thread-1] INFO  server.RaftServerConfigKeys (ConfUtils.java:logGet(43)) - raft.server.log.statemachine.data.sync.timeout = 10s (default)
2019-09-12 10:53:03,818 [3aa8f21e-cbc0-493e-b8ca-fbb3b21697d5:group-E025F30FECE6:LeaderElection34] INFO  server.RaftServerConfigKeys (ConfUtils.java:logGet(43)) - raft.server.rpc.sleep.time = 25ms (default)
2019-09-12 10:53:03,818 [pool-126-thread-1] INFO  server.RaftServerConfigKeys (ConfUtils.java:logGet(43)) - raft.server.log.statemachine.data.sync.timeout.retry = -1 (default)
2019-09-12 10:53:03,819 [3aa8f21e-cbc0-493e-b8ca-fbb3b21697d5:group-E025F30FECE6:LeaderElection34] INFO  server.RaftServerConfigKeys (ConfUtils.java:logGet(43)) - raft.server.write.element-limit = 4096 (default)
2019-09-12 10:53:03,819 [pool-126-thread-1] INFO  server.RaftServerConfigKeys (ConfUtils.java:logGet(43)) - raft.server.log.statemachine.data.caching.enabled = true (custom)
2019-09-12 10:53:03,819 [3aa8f21e-cbc0-493e-b8ca-fbb3b21697d5:group-E025F30FECE6:LeaderElection34] INFO  server.RaftServerConfigKeys (ConfUtils.java:logGet(43)) - raft.server.watch.timeout = 10s (default)
2019-09-12 10:53:03,819 [3aa8f21e-cbc0-493e-b8ca-fbb3b21697d5:group-E025F30FECE6:LeaderElection34] INFO  server.RaftServerConfigKeys (ConfUtils.java:logGet(43)) - raft.server.watch.timeout.denomination = 1s (default)
2019-09-12 10:53:03,819 [pool-126-thread-1] INFO  segmented.SegmentedRaftLogWorker (SegmentedRaftLogWorker.java:lambda$new$0(132)) - 02d2c735-5a91-4cfc-b37b-8234c14e6879-SegmentedRaftLogWorker:Storage Directory /workdir/hadoop-ozone/integration-test/target/test-dir/MiniOzoneClusterImpl-838a7ec2-4afb-4d68-8138-46fa65bc7e11/datanode-9/data/ratis/65221899-23c2-4124-817a-89b8107ac77b: flushIndex: setUnconditionally 0 -> -1
2019-09-12 10:53:03,819 [3aa8f21e-cbc0-493e-b8ca-fbb3b21697d5:group-E025F30FECE6:LeaderElection34] INFO  server.RaftServerConfigKeys (ConfUtils.java:logGet(43)) - raft.server.watch.element-limit = 65536 (default)
2019-09-12 10:53:03,820 [pool-126-thread-1] INFO  server.RaftServerConfigKeys (ConfUtils.java:logGet(43)) - raft.server.snapshot.auto.trigger.enabled = true (custom)
2019-09-12 10:53:03,820 [3aa8f21e-cbc0-493e-b8ca-fbb3b21697d5:group-E025F30FECE6:LeaderElection34] INFO  impl.RoleInfo (RoleInfo.java:updateAndGet(143)) - 3aa8f21e-cbc0-493e-b8ca-fbb3b21697d5: start LeaderState
2019-09-12 10:53:03,820 [pool-126-thread-1] INFO  server.RaftServerConfigKeys (ConfUtils.java:logGet(43)) - raft.server.snapshot.auto.trigger.threshold = 10000 (custom)
2019-09-12 10:53:03,820 [3aa8f21e-cbc0-493e-b8ca-fbb3b21697d5:group-E025F30FECE6:LeaderElection34] INFO  segmented.SegmentedRaftLogWorker (SegmentedRaftLogWorker.java:startLogSegment(380)) - 3aa8f21e-cbc0-493e-b8ca-fbb3b21697d5-SegmentedRaftLogWorker:Storage Directory /workdir/hadoop-ozone/integration-test/target/test-dir/MiniOzoneClusterImpl-838a7ec2-4afb-4d68-8138-46fa65bc7e11/datanode-5/data/ratis/3a1f267f-a173-4bf7-9cbd-e025f30fece6: Starting segment from index:0
2019-09-12 10:53:03,820 [pool-126-thread-1] INFO  server.RaftServerConfigKeys (ConfUtils.java:logGet(43)) - raft.server.retrycache.expirytime = 600000ms (custom)
2019-09-12 10:53:03,821 [pool-126-thread-1] INFO  impl.RaftServerImpl (RaftServerImpl.java:start(180)) - 02d2c735-5a91-4cfc-b37b-8234c14e6879: start group-89B8107AC77B
2019-09-12 10:53:03,821 [3aa8f21e-cbc0-493e-b8ca-fbb3b21697d5:group-E025F30FECE6:LeaderElection34] INFO  impl.RaftServerImpl (ServerState.java:setRaftConf(361)) - 3aa8f21e-cbc0-493e-b8ca-fbb3b21697d5:group-E025F30FECE6 set configuration 0: [3aa8f21e-cbc0-493e-b8ca-fbb3b21697d5:192.168.157.195:34525], old=null at 0
2019-09-12 10:53:03,821 [pool-126-thread-1] INFO  impl.RaftServerImpl (RaftServerImpl.java:setRole(171)) - 02d2c735-5a91-4cfc-b37b-8234c14e6879:group-89B8107AC77B changes role from null to FOLLOWER at term 0 for startAsFollower
2019-09-12 10:53:03,847 [8d69d0c9-c816-414c-ba1a-8b3ab85fb900-SegmentedRaftLogWorker:Storage Directory /workdir/hadoop-ozone/integration-test/target/test-dir/MiniOzoneClusterImpl-838a7ec2-4afb-4d68-8138-46fa65bc7e11/datanode-4/data/ratis/6161d23e-e11d-4c9f-9bbc-fdcf1ca8c3ef] INFO  segmented.SegmentedRaftLogWorker (SegmentedRaftLogWorker.java:execute(569)) - 8d69d0c9-c816-414c-ba1a-8b3ab85fb900-SegmentedRaftLogWorker:Storage Directory /workdir/hadoop-ozone/integration-test/target/test-dir/MiniOzoneClusterImpl-838a7ec2-4afb-4d68-8138-46fa65bc7e11/datanode-4/data/ratis/6161d23e-e11d-4c9f-9bbc-fdcf1ca8c3ef: created new log segment /workdir/hadoop-ozone/integration-test/target/test-dir/MiniOzoneClusterImpl-838a7ec2-4afb-4d68-8138-46fa65bc7e11/datanode-4/data/ratis/6161d23e-e11d-4c9f-9bbc-fdcf1ca8c3ef/current/log_inprogress_0
2019-09-12 10:53:03,847 [pool-126-thread-1] INFO  impl.RoleInfo (RoleInfo.java:updateAndGet(143)) - 02d2c735-5a91-4cfc-b37b-8234c14e6879: start FollowerState
2019-09-12 10:53:03,848 [pool-126-thread-1] INFO  util.JmxRegister (JmxRegister.java:tryRegister(44)) - Successfully registered JMX Bean with object name Ratis:service=RaftServer,group=group-89B8107AC77B,id=02d2c735-5a91-4cfc-b37b-8234c14e6879
2019-09-12 10:53:03,851 [RatisPipelineUtilsThread] INFO  pipeline.PipelineStateManager (PipelineStateManager.java:addPipeline(56)) - Created pipeline Pipeline[ Id: 65221899-23c2-4124-817a-89b8107ac77b, Nodes: 02d2c735-5a91-4cfc-b37b-8234c14e6879{ip: 192.168.157.195, host: pr-hdds-1569-xtfnx-3545843844, networkLocation: /default-rack, certSerialId: null}, Type:RATIS, Factor:ONE, State:OPEN]
2019-09-12 10:53:03,851 [RatisPipelineUtilsThread] ERROR pipeline.PipelinePlacementPolicy (PipelinePlacementPolicy.java:meetCriteria(91)) - Pipeline Placement: Doesn't meet the criteria to be viable node. Heaviness: 6
2019-09-12 10:53:03,851 [RatisPipelineUtilsThread] ERROR pipeline.PipelinePlacementPolicy (PipelinePlacementPolicy.java:meetCriteria(91)) - Pipeline Placement: Doesn't meet the criteria to be viable node. Heaviness: 6
2019-09-12 10:53:03,852 [RatisPipelineUtilsThread] ERROR pipeline.PipelinePlacementPolicy (PipelinePlacementPolicy.java:meetCriteria(91)) - Pipeline Placement: Doesn't meet the criteria to be viable node. Heaviness: 6
2019-09-12 10:53:03,852 [RatisPipelineUtilsThread] ERROR pipeline.PipelinePlacementPolicy (PipelinePlacementPolicy.java:meetCriteria(91)) - Pipeline Placement: Doesn't meet the criteria to be viable node. Heaviness: 6
2019-09-12 10:53:03,852 [RatisPipelineUtilsThread] ERROR pipeline.PipelinePlacementPolicy (PipelinePlacementPolicy.java:meetCriteria(91)) - Pipeline Placement: Doesn't meet the criteria to be viable node. Heaviness: 6
2019-09-12 10:53:03,852 [RatisPipelineUtilsThread] ERROR pipeline.PipelinePlacementPolicy (PipelinePlacementPolicy.java:meetCriteria(91)) - Pipeline Placement: Doesn't meet the criteria to be viable node. Heaviness: 6
2019-09-12 10:53:03,857 [grpc-default-executor-0] INFO  impl.RaftServerProxy (RaftServerProxy.java:addNew(89)) - 005a1424-1186-4d58-b0b5-fdf3e953d666: addNew group-924E852ACC2D:[005a1424-1186-4d58-b0b5-fdf3e953d666:192.168.157.195:33930] returns group-924E852ACC2D:java.util.concurrent.CompletableFuture@6976b02b[Not completed]
2019-09-12 10:53:03,859 [3aa8f21e-cbc0-493e-b8ca-fbb3b21697d5-SegmentedRaftLogWorker:Storage Directory /workdir/hadoop-ozone/integration-test/target/test-dir/MiniOzoneClusterImpl-838a7ec2-4afb-4d68-8138-46fa65bc7e11/datanode-5/data/ratis/3a1f267f-a173-4bf7-9cbd-e025f30fece6] INFO  segmented.SegmentedRaftLogWorker (SegmentedRaftLogWorker.java:execute(569)) - 3aa8f21e-cbc0-493e-b8ca-fbb3b21697d5-SegmentedRaftLogWorker:Storage Directory /workdir/hadoop-ozone/integration-test/target/test-dir/MiniOzoneClusterImpl-838a7ec2-4afb-4d68-8138-46fa65bc7e11/datanode-5/data/ratis/3a1f267f-a173-4bf7-9cbd-e025f30fece6: created new log segment /workdir/hadoop-ozone/integration-test/target/test-dir/MiniOzoneClusterImpl-838a7ec2-4afb-4d68-8138-46fa65bc7e11/datanode-5/data/ratis/3a1f267f-a173-4bf7-9cbd-e025f30fece6/current/log_inprogress_0
2019-09-12 10:53:03,860 [pool-93-thread-1] INFO  impl.RaftServerImpl (RaftServerImpl.java:<init>(93)) - 005a1424-1186-4d58-b0b5-fdf3e953d666: new RaftServerImpl for group-924E852ACC2D:[005a1424-1186-4d58-b0b5-fdf3e953d666:192.168.157.195:33930] with ContainerStateMachine:uninitialized
2019-09-12 10:53:03,860 [pool-93-thread-1] INFO  server.RaftServerConfigKeys (ConfUtils.java:logGet(43)) - raft.server.rpc.timeout.min = 1s (custom)
2019-09-12 10:53:03,860 [pool-93-thread-1] INFO  server.RaftServerConfigKeys (ConfUtils.java:logGet(43)) - raft.server.rpc.timeout.max = 1200ms (custom)
2019-09-12 10:53:03,860 [pool-93-thread-1] INFO  server.RaftServerConfigKeys (ConfUtils.java:logGet(43)) - raft.server.rpcslowness.timeout = 120s (custom)
2019-09-12 10:53:03,860 [pool-93-thread-1] INFO  server.RaftServerConfigKeys (ConfUtils.java:logGet(43)) - raft.server.sleep.deviation.threshold = 300 (default)
2019-09-12 10:53:03,860 [pool-93-thread-1] INFO  server.RaftServerConfigKeys (ConfUtils.java:logGet(43)) - raft.server.log.appender.install.snapshot.enabled = false (custom)
2019-09-12 10:53:03,861 [pool-93-thread-1] INFO  impl.RaftServerImpl (ServerState.java:<init>(105)) - 005a1424-1186-4d58-b0b5-fdf3e953d666:group-924E852ACC2D ConfigurationManager, init=-1: [005a1424-1186-4d58-b0b5-fdf3e953d666:192.168.157.195:33930], old=null, confs=<EMPTY_MAP>
2019-09-12 10:53:03,861 [pool-93-thread-1] INFO  server.RaftServerConfigKeys (ConfUtils.java:logGet(43)) - raft.server.storage.dir = [/workdir/hadoop-ozone/integration-test/target/test-dir/MiniOzoneClusterImpl-838a7ec2-4afb-4d68-8138-46fa65bc7e11/datanode-6/data/ratis] (custom)
2019-09-12 10:53:03,861 [pool-93-thread-1] INFO  storage.RaftStorageDirectory (RaftStorageDirectory.java:analyzeStorage(246)) - The storage directory /workdir/hadoop-ozone/integration-test/target/test-dir/MiniOzoneClusterImpl-838a7ec2-4afb-4d68-8138-46fa65bc7e11/datanode-6/data/ratis/4b43ec56-a29e-4f31-b2fe-924e852acc2d does not exist. Creating ...
2019-09-12 10:53:03,875 [pool-93-thread-1] INFO  storage.RaftStorageDirectory (RaftStorageDirectory.java:tryLock(328)) - Lock on /workdir/hadoop-ozone/integration-test/target/test-dir/MiniOzoneClusterImpl-838a7ec2-4afb-4d68-8138-46fa65bc7e11/datanode-6/data/ratis/4b43ec56-a29e-4f31-b2fe-924e852acc2d/in_use.lock acquired by nodename 620@pr-hdds-1569-xtfnx-3545843844
2019-09-12 10:53:03,888 [pool-93-thread-1] INFO  storage.RaftStorage (RaftStorage.java:format(72)) - Storage directory /workdir/hadoop-ozone/integration-test/target/test-dir/MiniOzoneClusterImpl-838a7ec2-4afb-4d68-8138-46fa65bc7e11/datanode-6/data/ratis/4b43ec56-a29e-4f31-b2fe-924e852acc2d has been successfully formatted.
2019-09-12 10:53:03,888 [pool-93-thread-1] INFO  ratis.ContainerStateMachine (ContainerStateMachine.java:loadSnapshot(226)) - group-924E852ACC2D: The snapshot info is null. Setting the last applied indexto:(t:0, i:~)
2019-09-12 10:53:03,888 [pool-93-thread-1] INFO  server.RaftServerConfigKeys (ConfUtils.java:logGet(43)) - raft.server.leader.election.timeout = 120s (custom)
2019-09-12 10:53:03,888 [pool-93-thread-1] INFO  server.RaftServerConfigKeys (ConfUtils.java:logGet(43)) - raft.server.log.use.memory = false (default)
2019-09-12 10:53:03,889 [pool-93-thread-1] INFO  server.RaftServerConfigKeys (ConfUtils.java:logGet(43)) - raft.server.log.purge.gap = 1000000 (custom)
2019-09-12 10:53:03,889 [pool-93-thread-1] INFO  server.RaftServerConfigKeys (ConfUtils.java:logGet(43)) - raft.server.log.appender.buffer.byte-limit = 33554432 (custom)
2019-09-12 10:53:03,889 [pool-93-thread-1] INFO  server.RaftServerConfigKeys (ConfUtils.java:logGet(43)) - raft.server.log.segment.size.max = 1048576 (custom)
2019-09-12 10:53:03,889 [pool-93-thread-1] INFO  server.RaftServerConfigKeys (ConfUtils.java:logGet(43)) - raft.server.log.segment.cache.num.max = 2 (custom)
2019-09-12 10:53:03,889 [pool-93-thread-1] INFO  segmented.SegmentedRaftLogWorker (SegmentedRaftLogWorker.java:<init>(172)) - new 005a1424-1186-4d58-b0b5-fdf3e953d666-SegmentedRaftLogWorker:Storage Directory /workdir/hadoop-ozone/integration-test/target/test-dir/MiniOzoneClusterImpl-838a7ec2-4afb-4d68-8138-46fa65bc7e11/datanode-6/data/ratis/4b43ec56-a29e-4f31-b2fe-924e852acc2d for RaftStorage:Storage Directory /workdir/hadoop-ozone/integration-test/target/test-dir/MiniOzoneClusterImpl-838a7ec2-4afb-4d68-8138-46fa65bc7e11/datanode-6/data/ratis/4b43ec56-a29e-4f31-b2fe-924e852acc2d
2019-09-12 10:53:03,890 [pool-93-thread-1] INFO  server.RaftServerConfigKeys (ConfUtils.java:logGet(43)) - raft.server.log.queue.byte-limit = 2147483647 (custom)
2019-09-12 10:53:03,890 [pool-93-thread-1] INFO  server.RaftServerConfigKeys (ConfUtils.java:logGet(43)) - raft.server.log.queue.element-limit = 1024 (custom)
2019-09-12 10:53:03,890 [pool-93-thread-1] INFO  server.RaftServerConfigKeys (ConfUtils.java:logGet(43)) - raft.server.log.segment.size.max = 1048576 (custom)
2019-09-12 10:53:03,890 [pool-93-thread-1] INFO  server.RaftServerConfigKeys (ConfUtils.java:logGet(43)) - raft.server.log.preallocated.size = 16384 (custom)
2019-09-12 10:53:03,890 [pool-93-thread-1] INFO  server.RaftServerConfigKeys (ConfUtils.java:logGet(43)) - raft.server.log.write.buffer.size = 33554432 (custom)
2019-09-12 10:53:03,890 [pool-93-thread-1] INFO  server.RaftServerConfigKeys (ConfUtils.java:logGet(43)) - raft.server.log.force.sync.num = 128 (default)
2019-09-12 10:53:03,891 [pool-93-thread-1] INFO  server.RaftServerConfigKeys (ConfUtils.java:logGet(43)) - raft.server.log.statemachine.data.sync = true (default)
2019-09-12 10:53:03,891 [pool-93-thread-1] INFO  server.RaftServerConfigKeys (ConfUtils.java:logGet(43)) - raft.server.log.statemachine.data.sync.timeout = 10s (default)
2019-09-12 10:53:03,891 [pool-93-thread-1] INFO  server.RaftServerConfigKeys (ConfUtils.java:logGet(43)) - raft.server.log.statemachine.data.sync.timeout.retry = -1 (default)
2019-09-12 10:53:03,891 [pool-93-thread-1] INFO  server.RaftServerConfigKeys (ConfUtils.java:logGet(43)) - raft.server.log.statemachine.data.caching.enabled = true (custom)
2019-09-12 10:53:03,892 [pool-93-thread-1] INFO  segmented.SegmentedRaftLogWorker (SegmentedRaftLogWorker.java:lambda$new$0(132)) - 005a1424-1186-4d58-b0b5-fdf3e953d666-SegmentedRaftLogWorker:Storage Directory /workdir/hadoop-ozone/integration-test/target/test-dir/MiniOzoneClusterImpl-838a7ec2-4afb-4d68-8138-46fa65bc7e11/datanode-6/data/ratis/4b43ec56-a29e-4f31-b2fe-924e852acc2d: flushIndex: setUnconditionally 0 -> -1
2019-09-12 10:53:03,892 [pool-93-thread-1] INFO  server.RaftServerConfigKeys (ConfUtils.java:logGet(43)) - raft.server.snapshot.auto.trigger.enabled = true (custom)
2019-09-12 10:53:03,892 [pool-93-thread-1] INFO  server.RaftServerConfigKeys (ConfUtils.java:logGet(43)) - raft.server.snapshot.auto.trigger.threshold = 10000 (custom)
2019-09-12 10:53:03,892 [pool-93-thread-1] INFO  server.RaftServerConfigKeys (ConfUtils.java:logGet(43)) - raft.server.retrycache.expirytime = 600000ms (custom)
2019-09-12 10:53:03,893 [pool-93-thread-1] INFO  impl.RaftServerImpl (RaftServerImpl.java:start(180)) - 005a1424-1186-4d58-b0b5-fdf3e953d666: start group-924E852ACC2D
2019-09-12 10:53:03,893 [pool-93-thread-1] INFO  impl.RaftServerImpl (RaftServerImpl.java:setRole(171)) - 005a1424-1186-4d58-b0b5-fdf3e953d666:group-924E852ACC2D changes role from null to FOLLOWER at term 0 for startAsFollower
2019-09-12 10:53:03,893 [pool-93-thread-1] INFO  impl.RoleInfo (RoleInfo.java:updateAndGet(143)) - 005a1424-1186-4d58-b0b5-fdf3e953d666: start FollowerState
2019-09-12 10:53:03,893 [pool-93-thread-1] INFO  util.JmxRegister (JmxRegister.java:tryRegister(44)) - Successfully registered JMX Bean with object name Ratis:service=RaftServer,group=group-924E852ACC2D,id=005a1424-1186-4d58-b0b5-fdf3e953d666
2019-09-12 10:53:03,897 [RatisPipelineUtilsThread] INFO  pipeline.PipelineStateManager (PipelineStateManager.java:addPipeline(56)) - Created pipeline Pipeline[ Id: 4b43ec56-a29e-4f31-b2fe-924e852acc2d, Nodes: 005a1424-1186-4d58-b0b5-fdf3e953d666{ip: 192.168.157.195, host: pr-hdds-1569-xtfnx-3545843844, networkLocation: /default-rack, certSerialId: null}, Type:RATIS, Factor:ONE, State:OPEN]
2019-09-12 10:53:03,897 [RatisPipelineUtilsThread] ERROR pipeline.PipelinePlacementPolicy (PipelinePlacementPolicy.java:meetCriteria(91)) - Pipeline Placement: Doesn't meet the criteria to be viable node. Heaviness: 6
2019-09-12 10:53:03,898 [RatisPipelineUtilsThread] ERROR pipeline.PipelinePlacementPolicy (PipelinePlacementPolicy.java:meetCriteria(91)) - Pipeline Placement: Doesn't meet the criteria to be viable node. Heaviness: 6
2019-09-12 10:53:03,898 [RatisPipelineUtilsThread] ERROR pipeline.PipelinePlacementPolicy (PipelinePlacementPolicy.java:meetCriteria(91)) - Pipeline Placement: Doesn't meet the criteria to be viable node. Heaviness: 6
2019-09-12 10:53:03,898 [RatisPipelineUtilsThread] ERROR pipeline.PipelinePlacementPolicy (PipelinePlacementPolicy.java:meetCriteria(91)) - Pipeline Placement: Doesn't meet the criteria to be viable node. Heaviness: 6
2019-09-12 10:53:03,898 [RatisPipelineUtilsThread] ERROR pipeline.PipelinePlacementPolicy (PipelinePlacementPolicy.java:meetCriteria(91)) - Pipeline Placement: Doesn't meet the criteria to be viable node. Heaviness: 6
2019-09-12 10:53:03,898 [RatisPipelineUtilsThread] ERROR pipeline.PipelinePlacementPolicy (PipelinePlacementPolicy.java:meetCriteria(91)) - Pipeline Placement: Doesn't meet the criteria to be viable node. Heaviness: 6
2019-09-12 10:53:03,904 [grpc-default-executor-0] INFO  impl.RaftServerProxy (RaftServerProxy.java:addNew(89)) - 005a1424-1186-4d58-b0b5-fdf3e953d666: addNew group-BF738946CCBF:[005a1424-1186-4d58-b0b5-fdf3e953d666:192.168.157.195:33930] returns group-BF738946CCBF:java.util.concurrent.CompletableFuture@a0c03aa[Not completed]
2019-09-12 10:53:03,906 [pool-93-thread-1] INFO  impl.RaftServerImpl (RaftServerImpl.java:<init>(93)) - 005a1424-1186-4d58-b0b5-fdf3e953d666: new RaftServerImpl for group-BF738946CCBF:[005a1424-1186-4d58-b0b5-fdf3e953d666:192.168.157.195:33930] with ContainerStateMachine:uninitialized
2019-09-12 10:53:03,906 [pool-93-thread-1] INFO  server.RaftServerConfigKeys (ConfUtils.java:logGet(43)) - raft.server.rpc.timeout.min = 1s (custom)
2019-09-12 10:53:03,906 [pool-93-thread-1] INFO  server.RaftServerConfigKeys (ConfUtils.java:logGet(43)) - raft.server.rpc.timeout.max = 1200ms (custom)
2019-09-12 10:53:03,906 [pool-93-thread-1] INFO  server.RaftServerConfigKeys (ConfUtils.java:logGet(43)) - raft.server.rpcslowness.timeout = 120s (custom)
2019-09-12 10:53:03,906 [pool-93-thread-1] INFO  server.RaftServerConfigKeys (ConfUtils.java:logGet(43)) - raft.server.sleep.deviation.threshold = 300 (default)
2019-09-12 10:53:03,906 [pool-93-thread-1] INFO  server.RaftServerConfigKeys (ConfUtils.java:logGet(43)) - raft.server.log.appender.install.snapshot.enabled = false (custom)
2019-09-12 10:53:03,907 [pool-93-thread-1] INFO  impl.RaftServerImpl (ServerState.java:<init>(105)) - 005a1424-1186-4d58-b0b5-fdf3e953d666:group-BF738946CCBF ConfigurationManager, init=-1: [005a1424-1186-4d58-b0b5-fdf3e953d666:192.168.157.195:33930], old=null, confs=<EMPTY_MAP>
2019-09-12 10:53:03,907 [pool-93-thread-1] INFO  server.RaftServerConfigKeys (ConfUtils.java:logGet(43)) - raft.server.storage.dir = [/workdir/hadoop-ozone/integration-test/target/test-dir/MiniOzoneClusterImpl-838a7ec2-4afb-4d68-8138-46fa65bc7e11/datanode-6/data/ratis] (custom)
2019-09-12 10:53:03,907 [pool-93-thread-1] INFO  storage.RaftStorageDirectory (RaftStorageDirectory.java:analyzeStorage(246)) - The storage directory /workdir/hadoop-ozone/integration-test/target/test-dir/MiniOzoneClusterImpl-838a7ec2-4afb-4d68-8138-46fa65bc7e11/datanode-6/data/ratis/b89b6cc7-8ecf-4efd-85c0-bf738946ccbf does not exist. Creating ...
2019-09-12 10:53:03,920 [pool-93-thread-1] INFO  storage.RaftStorageDirectory (RaftStorageDirectory.java:tryLock(328)) - Lock on /workdir/hadoop-ozone/integration-test/target/test-dir/MiniOzoneClusterImpl-838a7ec2-4afb-4d68-8138-46fa65bc7e11/datanode-6/data/ratis/b89b6cc7-8ecf-4efd-85c0-bf738946ccbf/in_use.lock acquired by nodename 620@pr-hdds-1569-xtfnx-3545843844
2019-09-12 10:53:03,923 | INFO  | SCMAudit | user=jenkins1000 | ip=192.168.157.195 | op=SEND_HEARTBEAT {datanodeUUID=35ed61f3-e470-497f-b63f-7decb4cef9e0, command=[]} | ret=SUCCESS |  
2019-09-12 10:53:03,933 [pool-93-thread-1] INFO  storage.RaftStorage (RaftStorage.java:format(72)) - Storage directory /workdir/hadoop-ozone/integration-test/target/test-dir/MiniOzoneClusterImpl-838a7ec2-4afb-4d68-8138-46fa65bc7e11/datanode-6/data/ratis/b89b6cc7-8ecf-4efd-85c0-bf738946ccbf has been successfully formatted.
2019-09-12 10:53:03,933 [pool-93-thread-1] INFO  ratis.ContainerStateMachine (ContainerStateMachine.java:loadSnapshot(226)) - group-BF738946CCBF: The snapshot info is null. Setting the last applied indexto:(t:0, i:~)
2019-09-12 10:53:03,933 [pool-93-thread-1] INFO  server.RaftServerConfigKeys (ConfUtils.java:logGet(43)) - raft.server.leader.election.timeout = 120s (custom)
2019-09-12 10:53:03,933 [pool-93-thread-1] INFO  server.RaftServerConfigKeys (ConfUtils.java:logGet(43)) - raft.server.log.use.memory = false (default)
2019-09-12 10:53:03,933 [pool-93-thread-1] INFO  server.RaftServerConfigKeys (ConfUtils.java:logGet(43)) - raft.server.log.purge.gap = 1000000 (custom)
2019-09-12 10:53:03,934 [pool-93-thread-1] INFO  server.RaftServerConfigKeys (ConfUtils.java:logGet(43)) - raft.server.log.appender.buffer.byte-limit = 33554432 (custom)
2019-09-12 10:53:03,934 [pool-93-thread-1] INFO  server.RaftServerConfigKeys (ConfUtils.java:logGet(43)) - raft.server.log.segment.size.max = 1048576 (custom)
2019-09-12 10:53:03,934 [pool-93-thread-1] INFO  server.RaftServerConfigKeys (ConfUtils.java:logGet(43)) - raft.server.log.segment.cache.num.max = 2 (custom)
2019-09-12 10:53:03,934 [pool-93-thread-1] INFO  segmented.SegmentedRaftLogWorker (SegmentedRaftLogWorker.java:<init>(172)) - new 005a1424-1186-4d58-b0b5-fdf3e953d666-SegmentedRaftLogWorker:Storage Directory /workdir/hadoop-ozone/integration-test/target/test-dir/MiniOzoneClusterImpl-838a7ec2-4afb-4d68-8138-46fa65bc7e11/datanode-6/data/ratis/b89b6cc7-8ecf-4efd-85c0-bf738946ccbf for RaftStorage:Storage Directory /workdir/hadoop-ozone/integration-test/target/test-dir/MiniOzoneClusterImpl-838a7ec2-4afb-4d68-8138-46fa65bc7e11/datanode-6/data/ratis/b89b6cc7-8ecf-4efd-85c0-bf738946ccbf
2019-09-12 10:53:03,934 [pool-93-thread-1] INFO  server.RaftServerConfigKeys (ConfUtils.java:logGet(43)) - raft.server.log.queue.byte-limit = 2147483647 (custom)
2019-09-12 10:53:03,934 [pool-93-thread-1] INFO  server.RaftServerConfigKeys (ConfUtils.java:logGet(43)) - raft.server.log.queue.element-limit = 1024 (custom)
2019-09-12 10:53:03,934 [pool-93-thread-1] INFO  server.RaftServerConfigKeys (ConfUtils.java:logGet(43)) - raft.server.log.segment.size.max = 1048576 (custom)
2019-09-12 10:53:03,935 [pool-93-thread-1] INFO  server.RaftServerConfigKeys (ConfUtils.java:logGet(43)) - raft.server.log.preallocated.size = 16384 (custom)
2019-09-12 10:53:03,935 [pool-93-thread-1] INFO  server.RaftServerConfigKeys (ConfUtils.java:logGet(43)) - raft.server.log.write.buffer.size = 33554432 (custom)
2019-09-12 10:53:03,935 [pool-93-thread-1] INFO  server.RaftServerConfigKeys (ConfUtils.java:logGet(43)) - raft.server.log.force.sync.num = 128 (default)
2019-09-12 10:53:03,935 [pool-93-thread-1] INFO  server.RaftServerConfigKeys (ConfUtils.java:logGet(43)) - raft.server.log.statemachine.data.sync = true (default)
2019-09-12 10:53:03,935 [pool-93-thread-1] INFO  server.RaftServerConfigKeys (ConfUtils.java:logGet(43)) - raft.server.log.statemachine.data.sync.timeout = 10s (default)
2019-09-12 10:53:03,935 [pool-93-thread-1] INFO  server.RaftServerConfigKeys (ConfUtils.java:logGet(43)) - raft.server.log.statemachine.data.sync.timeout.retry = -1 (default)
2019-09-12 10:53:03,936 [pool-93-thread-1] INFO  server.RaftServerConfigKeys (ConfUtils.java:logGet(43)) - raft.server.log.statemachine.data.caching.enabled = true (custom)
2019-09-12 10:53:03,936 [pool-93-thread-1] INFO  segmented.SegmentedRaftLogWorker (SegmentedRaftLogWorker.java:lambda$new$0(132)) - 005a1424-1186-4d58-b0b5-fdf3e953d666-SegmentedRaftLogWorker:Storage Directory /workdir/hadoop-ozone/integration-test/target/test-dir/MiniOzoneClusterImpl-838a7ec2-4afb-4d68-8138-46fa65bc7e11/datanode-6/data/ratis/b89b6cc7-8ecf-4efd-85c0-bf738946ccbf: flushIndex: setUnconditionally 0 -> -1
2019-09-12 10:53:03,936 [pool-93-thread-1] INFO  server.RaftServerConfigKeys (ConfUtils.java:logGet(43)) - raft.server.snapshot.auto.trigger.enabled = true (custom)
2019-09-12 10:53:03,936 [pool-93-thread-1] INFO  server.RaftServerConfigKeys (ConfUtils.java:logGet(43)) - raft.server.snapshot.auto.trigger.threshold = 10000 (custom)
2019-09-12 10:53:03,936 [pool-93-thread-1] INFO  server.RaftServerConfigKeys (ConfUtils.java:logGet(43)) - raft.server.retrycache.expirytime = 600000ms (custom)
2019-09-12 10:53:03,937 [pool-93-thread-1] INFO  impl.RaftServerImpl (RaftServerImpl.java:start(180)) - 005a1424-1186-4d58-b0b5-fdf3e953d666: start group-BF738946CCBF
2019-09-12 10:53:03,937 [pool-93-thread-1] INFO  impl.RaftServerImpl (RaftServerImpl.java:setRole(171)) - 005a1424-1186-4d58-b0b5-fdf3e953d666:group-BF738946CCBF changes role from null to FOLLOWER at term 0 for startAsFollower
2019-09-12 10:53:03,937 [pool-93-thread-1] INFO  impl.RoleInfo (RoleInfo.java:updateAndGet(143)) - 005a1424-1186-4d58-b0b5-fdf3e953d666: start FollowerState
2019-09-12 10:53:03,937 [pool-93-thread-1] INFO  util.JmxRegister (JmxRegister.java:tryRegister(44)) - Successfully registered JMX Bean with object name Ratis:service=RaftServer,group=group-BF738946CCBF,id=005a1424-1186-4d58-b0b5-fdf3e953d666
2019-09-12 10:53:03,941 [RatisPipelineUtilsThread] INFO  pipeline.PipelineStateManager (PipelineStateManager.java:addPipeline(56)) - Created pipeline Pipeline[ Id: b89b6cc7-8ecf-4efd-85c0-bf738946ccbf, Nodes: 005a1424-1186-4d58-b0b5-fdf3e953d666{ip: 192.168.157.195, host: pr-hdds-1569-xtfnx-3545843844, networkLocation: /default-rack, certSerialId: null}, Type:RATIS, Factor:ONE, State:OPEN]
2019-09-12 10:53:03,941 [RatisPipelineUtilsThread] ERROR pipeline.PipelinePlacementPolicy (PipelinePlacementPolicy.java:meetCriteria(91)) - Pipeline Placement: Doesn't meet the criteria to be viable node. Heaviness: 6
2019-09-12 10:53:03,941 [RatisPipelineUtilsThread] ERROR pipeline.PipelinePlacementPolicy (PipelinePlacementPolicy.java:meetCriteria(91)) - Pipeline Placement: Doesn't meet the criteria to be viable node. Heaviness: 6
2019-09-12 10:53:03,941 [RatisPipelineUtilsThread] ERROR pipeline.PipelinePlacementPolicy (PipelinePlacementPolicy.java:meetCriteria(91)) - Pipeline Placement: Doesn't meet the criteria to be viable node. Heaviness: 6
2019-09-12 10:53:03,942 [RatisPipelineUtilsThread] ERROR pipeline.PipelinePlacementPolicy (PipelinePlacementPolicy.java:meetCriteria(91)) - Pipeline Placement: Doesn't meet the criteria to be viable node. Heaviness: 6
2019-09-12 10:53:03,942 [RatisPipelineUtilsThread] ERROR pipeline.PipelinePlacementPolicy (PipelinePlacementPolicy.java:meetCriteria(91)) - Pipeline Placement: Doesn't meet the criteria to be viable node. Heaviness: 6
2019-09-12 10:53:03,942 [RatisPipelineUtilsThread] ERROR pipeline.PipelinePlacementPolicy (PipelinePlacementPolicy.java:meetCriteria(91)) - Pipeline Placement: Doesn't meet the criteria to be viable node. Heaviness: 6
2019-09-12 10:53:03,942 [RatisPipelineUtilsThread] ERROR pipeline.PipelinePlacementPolicy (PipelinePlacementPolicy.java:meetCriteria(91)) - Pipeline Placement: Doesn't meet the criteria to be viable node. Heaviness: 6
2019-09-12 10:53:03,945 [Thread-437] INFO  impl.FollowerState (FollowerState.java:run(106)) - 8d69d0c9-c816-414c-ba1a-8b3ab85fb900:group-B6C7779A16A9 changes to CANDIDATE, lastRpcTime:1140, electionTimeout:1140ms
2019-09-12 10:53:03,945 [Thread-437] INFO  impl.RoleInfo (RoleInfo.java:shutdownFollowerState(121)) - 8d69d0c9-c816-414c-ba1a-8b3ab85fb900: shutdown FollowerState
2019-09-12 10:53:03,946 [Thread-437] INFO  impl.RaftServerImpl (RaftServerImpl.java:setRole(171)) - 8d69d0c9-c816-414c-ba1a-8b3ab85fb900:group-B6C7779A16A9 changes role from FOLLOWER to CANDIDATE at term 0 for changeToCandidate
2019-09-12 10:53:03,946 [Thread-437] INFO  impl.RoleInfo (RoleInfo.java:updateAndGet(143)) - 8d69d0c9-c816-414c-ba1a-8b3ab85fb900: start LeaderElection
2019-09-12 10:53:03,958 [grpc-default-executor-0] INFO  impl.RaftServerProxy (RaftServerProxy.java:addNew(89)) - 02d2c735-5a91-4cfc-b37b-8234c14e6879: addNew group-2DD5FE2E832D:[02d2c735-5a91-4cfc-b37b-8234c14e6879:192.168.157.195:36291] returns group-2DD5FE2E832D:java.util.concurrent.CompletableFuture@288aee7[Not completed]
2019-09-12 10:53:03,960 [pool-126-thread-1] INFO  impl.RaftServerImpl (RaftServerImpl.java:<init>(93)) - 02d2c735-5a91-4cfc-b37b-8234c14e6879: new RaftServerImpl for group-2DD5FE2E832D:[02d2c735-5a91-4cfc-b37b-8234c14e6879:192.168.157.195:36291] with ContainerStateMachine:uninitialized
2019-09-12 10:53:03,960 [pool-126-thread-1] INFO  server.RaftServerConfigKeys (ConfUtils.java:logGet(43)) - raft.server.rpc.timeout.min = 1s (custom)
2019-09-12 10:53:03,960 [pool-126-thread-1] INFO  server.RaftServerConfigKeys (ConfUtils.java:logGet(43)) - raft.server.rpc.timeout.max = 1200ms (custom)
2019-09-12 10:53:03,961 [pool-126-thread-1] INFO  server.RaftServerConfigKeys (ConfUtils.java:logGet(43)) - raft.server.rpcslowness.timeout = 120s (custom)
2019-09-12 10:53:03,961 [pool-126-thread-1] INFO  server.RaftServerConfigKeys (ConfUtils.java:logGet(43)) - raft.server.sleep.deviation.threshold = 300 (default)
2019-09-12 10:53:03,961 [pool-126-thread-1] INFO  server.RaftServerConfigKeys (ConfUtils.java:logGet(43)) - raft.server.log.appender.install.snapshot.enabled = false (custom)
2019-09-12 10:53:03,961 [pool-126-thread-1] INFO  impl.RaftServerImpl (ServerState.java:<init>(105)) - 02d2c735-5a91-4cfc-b37b-8234c14e6879:group-2DD5FE2E832D ConfigurationManager, init=-1: [02d2c735-5a91-4cfc-b37b-8234c14e6879:192.168.157.195:36291], old=null, confs=<EMPTY_MAP>
2019-09-12 10:53:03,961 [pool-126-thread-1] INFO  server.RaftServerConfigKeys (ConfUtils.java:logGet(43)) - raft.server.storage.dir = [/workdir/hadoop-ozone/integration-test/target/test-dir/MiniOzoneClusterImpl-838a7ec2-4afb-4d68-8138-46fa65bc7e11/datanode-9/data/ratis] (custom)
2019-09-12 10:53:03,962 [pool-126-thread-1] INFO  storage.RaftStorageDirectory (RaftStorageDirectory.java:analyzeStorage(246)) - The storage directory /workdir/hadoop-ozone/integration-test/target/test-dir/MiniOzoneClusterImpl-838a7ec2-4afb-4d68-8138-46fa65bc7e11/datanode-9/data/ratis/f5e1db78-d192-457a-b6e8-2dd5fe2e832d does not exist. Creating ...
2019-09-12 10:53:03,964 [8d69d0c9-c816-414c-ba1a-8b3ab85fb900:group-B6C7779A16A9:LeaderElection35] INFO  impl.LeaderElection (LeaderElection.java:askForVotes(181)) - 8d69d0c9-c816-414c-ba1a-8b3ab85fb900:group-B6C7779A16A9:LeaderElection35: begin an election at term 1 for -1: [8d69d0c9-c816-414c-ba1a-8b3ab85fb900:192.168.157.195:38566], old=null
2019-09-12 10:53:03,964 [8d69d0c9-c816-414c-ba1a-8b3ab85fb900:group-B6C7779A16A9:LeaderElection35] INFO  impl.RoleInfo (RoleInfo.java:shutdownLeaderElection(134)) - 8d69d0c9-c816-414c-ba1a-8b3ab85fb900: shutdown LeaderElection
2019-09-12 10:53:03,964 [8d69d0c9-c816-414c-ba1a-8b3ab85fb900:group-B6C7779A16A9:LeaderElection35] INFO  impl.RaftServerImpl (RaftServerImpl.java:setRole(171)) - 8d69d0c9-c816-414c-ba1a-8b3ab85fb900:group-B6C7779A16A9 changes role from CANDIDATE to LEADER at term 1 for changeToLeader
2019-09-12 10:53:03,964 [8d69d0c9-c816-414c-ba1a-8b3ab85fb900:group-B6C7779A16A9:LeaderElection35] INFO  impl.RaftServerImpl (ServerState.java:setLeader(263)) - 8d69d0c9-c816-414c-ba1a-8b3ab85fb900:group-B6C7779A16A9 change Leader from null to 8d69d0c9-c816-414c-ba1a-8b3ab85fb900 at term 1 for becomeLeader, leader elected after 1163ms
2019-09-12 10:53:03,965 [8d69d0c9-c816-414c-ba1a-8b3ab85fb900:group-B6C7779A16A9:LeaderElection35] INFO  server.RaftServerConfigKeys (ConfUtils.java:logGet(43)) - raft.server.staging.catchup.gap = 1000 (default)
2019-09-12 10:53:03,965 [8d69d0c9-c816-414c-ba1a-8b3ab85fb900:group-B6C7779A16A9:LeaderElection35] INFO  server.RaftServerConfigKeys (ConfUtils.java:logGet(43)) - raft.server.rpc.sleep.time = 25ms (default)
2019-09-12 10:53:03,965 [8d69d0c9-c816-414c-ba1a-8b3ab85fb900:group-B6C7779A16A9:LeaderElection35] INFO  server.RaftServerConfigKeys (ConfUtils.java:logGet(43)) - raft.server.write.element-limit = 4096 (default)
2019-09-12 10:53:03,965 [8d69d0c9-c816-414c-ba1a-8b3ab85fb900:group-B6C7779A16A9:LeaderElection35] INFO  server.RaftServerConfigKeys (ConfUtils.java:logGet(43)) - raft.server.watch.timeout = 10s (default)
2019-09-12 10:53:03,965 [8d69d0c9-c816-414c-ba1a-8b3ab85fb900:group-B6C7779A16A9:LeaderElection35] INFO  server.RaftServerConfigKeys (ConfUtils.java:logGet(43)) - raft.server.watch.timeout.denomination = 1s (default)
2019-09-12 10:53:03,965 [8d69d0c9-c816-414c-ba1a-8b3ab85fb900:group-B6C7779A16A9:LeaderElection35] INFO  server.RaftServerConfigKeys (ConfUtils.java:logGet(43)) - raft.server.watch.element-limit = 65536 (default)
2019-09-12 10:53:03,966 [8d69d0c9-c816-414c-ba1a-8b3ab85fb900:group-B6C7779A16A9:LeaderElection35] INFO  impl.RoleInfo (RoleInfo.java:updateAndGet(143)) - 8d69d0c9-c816-414c-ba1a-8b3ab85fb900: start LeaderState
2019-09-12 10:53:03,966 [8d69d0c9-c816-414c-ba1a-8b3ab85fb900:group-B6C7779A16A9:LeaderElection35] INFO  segmented.SegmentedRaftLogWorker (SegmentedRaftLogWorker.java:startLogSegment(380)) - 8d69d0c9-c816-414c-ba1a-8b3ab85fb900-SegmentedRaftLogWorker:Storage Directory /workdir/hadoop-ozone/integration-test/target/test-dir/MiniOzoneClusterImpl-838a7ec2-4afb-4d68-8138-46fa65bc7e11/datanode-4/data/ratis/8d51b53a-d3d3-454f-a91d-b6c7779a16a9: Starting segment from index:0
2019-09-12 10:53:03,967 [8d69d0c9-c816-414c-ba1a-8b3ab85fb900:group-B6C7779A16A9:LeaderElection35] INFO  impl.RaftServerImpl (ServerState.java:setRaftConf(361)) - 8d69d0c9-c816-414c-ba1a-8b3ab85fb900:group-B6C7779A16A9 set configuration 0: [8d69d0c9-c816-414c-ba1a-8b3ab85fb900:192.168.157.195:38566], old=null at 0
2019-09-12 10:53:03,967 [pool-126-thread-1] INFO  storage.RaftStorageDirectory (RaftStorageDirectory.java:tryLock(328)) - Lock on /workdir/hadoop-ozone/integration-test/target/test-dir/MiniOzoneClusterImpl-838a7ec2-4afb-4d68-8138-46fa65bc7e11/datanode-9/data/ratis/f5e1db78-d192-457a-b6e8-2dd5fe2e832d/in_use.lock acquired by nodename 620@pr-hdds-1569-xtfnx-3545843844
2019-09-12 10:53:04,001 [Thread-447] INFO  impl.FollowerState (FollowerState.java:run(106)) - 3aa8f21e-cbc0-493e-b8ca-fbb3b21697d5:group-823A722CFDEA changes to CANDIDATE, lastRpcTime:1038, electionTimeout:1021ms
2019-09-12 10:53:04,001 [Thread-447] INFO  impl.RoleInfo (RoleInfo.java:shutdownFollowerState(121)) - 3aa8f21e-cbc0-493e-b8ca-fbb3b21697d5: shutdown FollowerState
2019-09-12 10:53:04,001 [Thread-447] INFO  impl.RaftServerImpl (RaftServerImpl.java:setRole(171)) - 3aa8f21e-cbc0-493e-b8ca-fbb3b21697d5:group-823A722CFDEA changes role from FOLLOWER to CANDIDATE at term 0 for changeToCandidate
2019-09-12 10:53:04,002 [Thread-447] INFO  impl.RoleInfo (RoleInfo.java:updateAndGet(143)) - 3aa8f21e-cbc0-493e-b8ca-fbb3b21697d5: start LeaderElection
2019-09-12 10:53:04,010 [Thread-444] INFO  impl.FollowerState (FollowerState.java:run(106)) - 250b6484-39fc-4c26-8a98-91f8d9b3befa:group-9D75080D72F4 changes to CANDIDATE, lastRpcTime:1099, electionTimeout:1099ms
2019-09-12 10:53:04,010 [Thread-444] INFO  impl.RoleInfo (RoleInfo.java:shutdownFollowerState(121)) - 250b6484-39fc-4c26-8a98-91f8d9b3befa: shutdown FollowerState
2019-09-12 10:53:04,010 [Thread-444] INFO  impl.RaftServerImpl (RaftServerImpl.java:setRole(171)) - 250b6484-39fc-4c26-8a98-91f8d9b3befa:group-9D75080D72F4 changes role from FOLLOWER to CANDIDATE at term 0 for changeToCandidate
2019-09-12 10:53:04,010 [Thread-444] INFO  impl.RoleInfo (RoleInfo.java:updateAndGet(143)) - 250b6484-39fc-4c26-8a98-91f8d9b3befa: start LeaderElection
2019-09-12 10:53:04,029 [8d69d0c9-c816-414c-ba1a-8b3ab85fb900-SegmentedRaftLogWorker:Storage Directory /workdir/hadoop-ozone/integration-test/target/test-dir/MiniOzoneClusterImpl-838a7ec2-4afb-4d68-8138-46fa65bc7e11/datanode-4/data/ratis/8d51b53a-d3d3-454f-a91d-b6c7779a16a9] INFO  segmented.SegmentedRaftLogWorker (SegmentedRaftLogWorker.java:execute(569)) - 8d69d0c9-c816-414c-ba1a-8b3ab85fb900-SegmentedRaftLogWorker:Storage Directory /workdir/hadoop-ozone/integration-test/target/test-dir/MiniOzoneClusterImpl-838a7ec2-4afb-4d68-8138-46fa65bc7e11/datanode-4/data/ratis/8d51b53a-d3d3-454f-a91d-b6c7779a16a9: created new log segment /workdir/hadoop-ozone/integration-test/target/test-dir/MiniOzoneClusterImpl-838a7ec2-4afb-4d68-8138-46fa65bc7e11/datanode-4/data/ratis/8d51b53a-d3d3-454f-a91d-b6c7779a16a9/current/log_inprogress_0
2019-09-12 10:53:04,030 [pool-126-thread-1] INFO  storage.RaftStorage (RaftStorage.java:format(72)) - Storage directory /workdir/hadoop-ozone/integration-test/target/test-dir/MiniOzoneClusterImpl-838a7ec2-4afb-4d68-8138-46fa65bc7e11/datanode-9/data/ratis/f5e1db78-d192-457a-b6e8-2dd5fe2e832d has been successfully formatted.
2019-09-12 10:53:04,030 [3aa8f21e-cbc0-493e-b8ca-fbb3b21697d5:group-823A722CFDEA:LeaderElection36] INFO  impl.LeaderElection (LeaderElection.java:askForVotes(181)) - 3aa8f21e-cbc0-493e-b8ca-fbb3b21697d5:group-823A722CFDEA:LeaderElection36: begin an election at term 1 for -1: [3aa8f21e-cbc0-493e-b8ca-fbb3b21697d5:192.168.157.195:34525], old=null
2019-09-12 10:53:04,030 [3aa8f21e-cbc0-493e-b8ca-fbb3b21697d5:group-823A722CFDEA:LeaderElection36] INFO  impl.RoleInfo (RoleInfo.java:shutdownLeaderElection(134)) - 3aa8f21e-cbc0-493e-b8ca-fbb3b21697d5: shutdown LeaderElection
2019-09-12 10:53:04,030 [pool-126-thread-1] INFO  ratis.ContainerStateMachine (ContainerStateMachine.java:loadSnapshot(226)) - group-2DD5FE2E832D: The snapshot info is null. Setting the last applied indexto:(t:0, i:~)
2019-09-12 10:53:04,030 [3aa8f21e-cbc0-493e-b8ca-fbb3b21697d5:group-823A722CFDEA:LeaderElection36] INFO  impl.RaftServerImpl (RaftServerImpl.java:setRole(171)) - 3aa8f21e-cbc0-493e-b8ca-fbb3b21697d5:group-823A722CFDEA changes role from CANDIDATE to LEADER at term 1 for changeToLeader
2019-09-12 10:53:04,030 [pool-126-thread-1] INFO  server.RaftServerConfigKeys (ConfUtils.java:logGet(43)) - raft.server.leader.election.timeout = 120s (custom)
2019-09-12 10:53:04,030 [250b6484-39fc-4c26-8a98-91f8d9b3befa:group-9D75080D72F4:LeaderElection37] INFO  impl.LeaderElection (LeaderElection.java:askForVotes(181)) - 250b6484-39fc-4c26-8a98-91f8d9b3befa:group-9D75080D72F4:LeaderElection37: begin an election at term 1 for -1: [250b6484-39fc-4c26-8a98-91f8d9b3befa:192.168.157.195:34503], old=null
2019-09-12 10:53:04,030 [3aa8f21e-cbc0-493e-b8ca-fbb3b21697d5:group-823A722CFDEA:LeaderElection36] INFO  impl.RaftServerImpl (ServerState.java:setLeader(263)) - 3aa8f21e-cbc0-493e-b8ca-fbb3b21697d5:group-823A722CFDEA change Leader from null to 3aa8f21e-cbc0-493e-b8ca-fbb3b21697d5 at term 1 for becomeLeader, leader elected after 1071ms
2019-09-12 10:53:04,031 [250b6484-39fc-4c26-8a98-91f8d9b3befa:group-9D75080D72F4:LeaderElection37] INFO  impl.RoleInfo (RoleInfo.java:shutdownLeaderElection(134)) - 250b6484-39fc-4c26-8a98-91f8d9b3befa: shutdown LeaderElection
2019-09-12 10:53:04,031 [pool-126-thread-1] INFO  server.RaftServerConfigKeys (ConfUtils.java:logGet(43)) - raft.server.log.use.memory = false (default)
2019-09-12 10:53:04,031 [250b6484-39fc-4c26-8a98-91f8d9b3befa:group-9D75080D72F4:LeaderElection37] INFO  impl.RaftServerImpl (RaftServerImpl.java:setRole(171)) - 250b6484-39fc-4c26-8a98-91f8d9b3befa:group-9D75080D72F4 changes role from CANDIDATE to LEADER at term 1 for changeToLeader
2019-09-12 10:53:04,031 [3aa8f21e-cbc0-493e-b8ca-fbb3b21697d5:group-823A722CFDEA:LeaderElection36] INFO  server.RaftServerConfigKeys (ConfUtils.java:logGet(43)) - raft.server.staging.catchup.gap = 1000 (default)
2019-09-12 10:53:04,031 [250b6484-39fc-4c26-8a98-91f8d9b3befa:group-9D75080D72F4:LeaderElection37] INFO  impl.RaftServerImpl (ServerState.java:setLeader(263)) - 250b6484-39fc-4c26-8a98-91f8d9b3befa:group-9D75080D72F4 change Leader from null to 250b6484-39fc-4c26-8a98-91f8d9b3befa at term 1 for becomeLeader, leader elected after 1125ms
2019-09-12 10:53:04,031 [pool-126-thread-1] INFO  server.RaftServerConfigKeys (ConfUtils.java:logGet(43)) - raft.server.log.purge.gap = 1000000 (custom)
2019-09-12 10:53:04,032 [250b6484-39fc-4c26-8a98-91f8d9b3befa:group-9D75080D72F4:LeaderElection37] INFO  server.RaftServerConfigKeys (ConfUtils.java:logGet(43)) - raft.server.staging.catchup.gap = 1000 (default)
2019-09-12 10:53:04,031 [3aa8f21e-cbc0-493e-b8ca-fbb3b21697d5:group-823A722CFDEA:LeaderElection36] INFO  server.RaftServerConfigKeys (ConfUtils.java:logGet(43)) - raft.server.rpc.sleep.time = 25ms (default)
2019-09-12 10:53:04,032 [250b6484-39fc-4c26-8a98-91f8d9b3befa:group-9D75080D72F4:LeaderElection37] INFO  server.RaftServerConfigKeys (ConfUtils.java:logGet(43)) - raft.server.rpc.sleep.time = 25ms (default)
2019-09-12 10:53:04,032 [pool-126-thread-1] INFO  server.RaftServerConfigKeys (ConfUtils.java:logGet(43)) - raft.server.log.appender.buffer.byte-limit = 33554432 (custom)
2019-09-12 10:53:04,032 [250b6484-39fc-4c26-8a98-91f8d9b3befa:group-9D75080D72F4:LeaderElection37] INFO  server.RaftServerConfigKeys (ConfUtils.java:logGet(43)) - raft.server.write.element-limit = 4096 (default)
2019-09-12 10:53:04,032 [pool-126-thread-1] INFO  server.RaftServerConfigKeys (ConfUtils.java:logGet(43)) - raft.server.log.segment.size.max = 1048576 (custom)
2019-09-12 10:53:04,032 [3aa8f21e-cbc0-493e-b8ca-fbb3b21697d5:group-823A722CFDEA:LeaderElection36] INFO  server.RaftServerConfigKeys (ConfUtils.java:logGet(43)) - raft.server.write.element-limit = 4096 (default)
2019-09-12 10:53:04,033 [pool-126-thread-1] INFO  server.RaftServerConfigKeys (ConfUtils.java:logGet(43)) - raft.server.log.segment.cache.num.max = 2 (custom)
2019-09-12 10:53:04,032 [250b6484-39fc-4c26-8a98-91f8d9b3befa:group-9D75080D72F4:LeaderElection37] INFO  server.RaftServerConfigKeys (ConfUtils.java:logGet(43)) - raft.server.watch.timeout = 10s (default)
2019-09-12 10:53:04,033 [pool-126-thread-1] INFO  segmented.SegmentedRaftLogWorker (SegmentedRaftLogWorker.java:<init>(172)) - new 02d2c735-5a91-4cfc-b37b-8234c14e6879-SegmentedRaftLogWorker:Storage Directory /workdir/hadoop-ozone/integration-test/target/test-dir/MiniOzoneClusterImpl-838a7ec2-4afb-4d68-8138-46fa65bc7e11/datanode-9/data/ratis/f5e1db78-d192-457a-b6e8-2dd5fe2e832d for RaftStorage:Storage Directory /workdir/hadoop-ozone/integration-test/target/test-dir/MiniOzoneClusterImpl-838a7ec2-4afb-4d68-8138-46fa65bc7e11/datanode-9/data/ratis/f5e1db78-d192-457a-b6e8-2dd5fe2e832d
2019-09-12 10:53:04,033 [3aa8f21e-cbc0-493e-b8ca-fbb3b21697d5:group-823A722CFDEA:LeaderElection36] INFO  server.RaftServerConfigKeys (ConfUtils.java:logGet(43)) - raft.server.watch.timeout = 10s (default)
2019-09-12 10:53:04,033 [pool-126-thread-1] INFO  server.RaftServerConfigKeys (ConfUtils.java:logGet(43)) - raft.server.log.queue.byte-limit = 2147483647 (custom)
2019-09-12 10:53:04,033 [250b6484-39fc-4c26-8a98-91f8d9b3befa:group-9D75080D72F4:LeaderElection37] INFO  server.RaftServerConfigKeys (ConfUtils.java:logGet(43)) - raft.server.watch.timeout.denomination = 1s (default)
2019-09-12 10:53:04,033 [pool-126-thread-1] INFO  server.RaftServerConfigKeys (ConfUtils.java:logGet(43)) - raft.server.log.queue.element-limit = 1024 (custom)
2019-09-12 10:53:04,033 [3aa8f21e-cbc0-493e-b8ca-fbb3b21697d5:group-823A722CFDEA:LeaderElection36] INFO  server.RaftServerConfigKeys (ConfUtils.java:logGet(43)) - raft.server.watch.timeout.denomination = 1s (default)
2019-09-12 10:53:04,034 [pool-126-thread-1] INFO  server.RaftServerConfigKeys (ConfUtils.java:logGet(43)) - raft.server.log.segment.size.max = 1048576 (custom)
2019-09-12 10:53:04,034 [250b6484-39fc-4c26-8a98-91f8d9b3befa:group-9D75080D72F4:LeaderElection37] INFO  server.RaftServerConfigKeys (ConfUtils.java:logGet(43)) - raft.server.watch.element-limit = 65536 (default)
2019-09-12 10:53:04,034 [pool-126-thread-1] INFO  server.RaftServerConfigKeys (ConfUtils.java:logGet(43)) - raft.server.log.preallocated.size = 16384 (custom)
2019-09-12 10:53:04,034 [3aa8f21e-cbc0-493e-b8ca-fbb3b21697d5:group-823A722CFDEA:LeaderElection36] INFO  server.RaftServerConfigKeys (ConfUtils.java:logGet(43)) - raft.server.watch.element-limit = 65536 (default)
2019-09-12 10:53:04,034 [250b6484-39fc-4c26-8a98-91f8d9b3befa:group-9D75080D72F4:LeaderElection37] INFO  impl.RoleInfo (RoleInfo.java:updateAndGet(143)) - 250b6484-39fc-4c26-8a98-91f8d9b3befa: start LeaderState
2019-09-12 10:53:04,034 [pool-126-thread-1] INFO  server.RaftServerConfigKeys (ConfUtils.java:logGet(43)) - raft.server.log.write.buffer.size = 33554432 (custom)
2019-09-12 10:53:04,035 [Thread-450] INFO  impl.FollowerState (FollowerState.java:run(106)) - e4f93bd3-fff9-4926-9bf8-61056d59521f:group-6EFE78430D78 changes to CANDIDATE, lastRpcTime:1023, electionTimeout:1023ms
2019-09-12 10:53:04,035 [Thread-450] INFO  impl.RoleInfo (RoleInfo.java:shutdownFollowerState(121)) - e4f93bd3-fff9-4926-9bf8-61056d59521f: shutdown FollowerState
2019-09-12 10:53:04,034 [3aa8f21e-cbc0-493e-b8ca-fbb3b21697d5:group-823A722CFDEA:LeaderElection36] INFO  impl.RoleInfo (RoleInfo.java:updateAndGet(143)) - 3aa8f21e-cbc0-493e-b8ca-fbb3b21697d5: start LeaderState
2019-09-12 10:53:04,035 [Thread-450] INFO  impl.RaftServerImpl (RaftServerImpl.java:setRole(171)) - e4f93bd3-fff9-4926-9bf8-61056d59521f:group-6EFE78430D78 changes role from FOLLOWER to CANDIDATE at term 0 for changeToCandidate
2019-09-12 10:53:04,035 [250b6484-39fc-4c26-8a98-91f8d9b3befa:group-9D75080D72F4:LeaderElection37] INFO  segmented.SegmentedRaftLogWorker (SegmentedRaftLogWorker.java:startLogSegment(380)) - 250b6484-39fc-4c26-8a98-91f8d9b3befa-SegmentedRaftLogWorker:Storage Directory /workdir/hadoop-ozone/integration-test/target/test-dir/MiniOzoneClusterImpl-838a7ec2-4afb-4d68-8138-46fa65bc7e11/datanode-2/data/ratis/cc0dc345-a140-4347-96ce-9d75080d72f4: Starting segment from index:0
2019-09-12 10:53:04,035 [pool-126-thread-1] INFO  server.RaftServerConfigKeys (ConfUtils.java:logGet(43)) - raft.server.log.force.sync.num = 128 (default)
2019-09-12 10:53:04,035 [pool-126-thread-1] INFO  server.RaftServerConfigKeys (ConfUtils.java:logGet(43)) - raft.server.log.statemachine.data.sync = true (default)
2019-09-12 10:53:04,035 [Thread-450] INFO  impl.RoleInfo (RoleInfo.java:updateAndGet(143)) - e4f93bd3-fff9-4926-9bf8-61056d59521f: start LeaderElection
2019-09-12 10:53:04,036 [250b6484-39fc-4c26-8a98-91f8d9b3befa:group-9D75080D72F4:LeaderElection37] INFO  impl.RaftServerImpl (ServerState.java:setRaftConf(361)) - 250b6484-39fc-4c26-8a98-91f8d9b3befa:group-9D75080D72F4 set configuration 0: [250b6484-39fc-4c26-8a98-91f8d9b3befa:192.168.157.195:34503], old=null at 0
2019-09-12 10:53:04,035 [3aa8f21e-cbc0-493e-b8ca-fbb3b21697d5:group-823A722CFDEA:LeaderElection36] INFO  segmented.SegmentedRaftLogWorker (SegmentedRaftLogWorker.java:startLogSegment(380)) - 3aa8f21e-cbc0-493e-b8ca-fbb3b21697d5-SegmentedRaftLogWorker:Storage Directory /workdir/hadoop-ozone/integration-test/target/test-dir/MiniOzoneClusterImpl-838a7ec2-4afb-4d68-8138-46fa65bc7e11/datanode-5/data/ratis/d682cc82-0cb8-4648-ab37-823a722cfdea: Starting segment from index:0
2019-09-12 10:53:04,036 [pool-126-thread-1] INFO  server.RaftServerConfigKeys (ConfUtils.java:logGet(43)) - raft.server.log.statemachine.data.sync.timeout = 10s (default)
2019-09-12 10:53:04,077 [pool-126-thread-1] INFO  server.RaftServerConfigKeys (ConfUtils.java:logGet(43)) - raft.server.log.statemachine.data.sync.timeout.retry = -1 (default)
2019-09-12 10:53:04,077 [3aa8f21e-cbc0-493e-b8ca-fbb3b21697d5:group-823A722CFDEA:LeaderElection36] INFO  impl.RaftServerImpl (ServerState.java:setRaftConf(361)) - 3aa8f21e-cbc0-493e-b8ca-fbb3b21697d5:group-823A722CFDEA set configuration 0: [3aa8f21e-cbc0-493e-b8ca-fbb3b21697d5:192.168.157.195:34525], old=null at 0
2019-09-12 10:53:04,077 [pool-126-thread-1] INFO  server.RaftServerConfigKeys (ConfUtils.java:logGet(43)) - raft.server.log.statemachine.data.caching.enabled = true (custom)
2019-09-12 10:53:04,117 [250b6484-39fc-4c26-8a98-91f8d9b3befa-SegmentedRaftLogWorker:Storage Directory /workdir/hadoop-ozone/integration-test/target/test-dir/MiniOzoneClusterImpl-838a7ec2-4afb-4d68-8138-46fa65bc7e11/datanode-2/data/ratis/cc0dc345-a140-4347-96ce-9d75080d72f4] INFO  segmented.SegmentedRaftLogWorker (SegmentedRaftLogWorker.java:execute(569)) - 250b6484-39fc-4c26-8a98-91f8d9b3befa-SegmentedRaftLogWorker:Storage Directory /workdir/hadoop-ozone/integration-test/target/test-dir/MiniOzoneClusterImpl-838a7ec2-4afb-4d68-8138-46fa65bc7e11/datanode-2/data/ratis/cc0dc345-a140-4347-96ce-9d75080d72f4: created new log segment /workdir/hadoop-ozone/integration-test/target/test-dir/MiniOzoneClusterImpl-838a7ec2-4afb-4d68-8138-46fa65bc7e11/datanode-2/data/ratis/cc0dc345-a140-4347-96ce-9d75080d72f4/current/log_inprogress_0
2019-09-12 10:53:04,118 [pool-126-thread-1] INFO  segmented.SegmentedRaftLogWorker (SegmentedRaftLogWorker.java:lambda$new$0(132)) - 02d2c735-5a91-4cfc-b37b-8234c14e6879-SegmentedRaftLogWorker:Storage Directory /workdir/hadoop-ozone/integration-test/target/test-dir/MiniOzoneClusterImpl-838a7ec2-4afb-4d68-8138-46fa65bc7e11/datanode-9/data/ratis/f5e1db78-d192-457a-b6e8-2dd5fe2e832d: flushIndex: setUnconditionally 0 -> -1
2019-09-12 10:53:04,118 [pool-126-thread-1] INFO  server.RaftServerConfigKeys (ConfUtils.java:logGet(43)) - raft.server.snapshot.auto.trigger.enabled = true (custom)
2019-09-12 10:53:04,118 [pool-126-thread-1] INFO  server.RaftServerConfigKeys (ConfUtils.java:logGet(43)) - raft.server.snapshot.auto.trigger.threshold = 10000 (custom)
2019-09-12 10:53:04,118 [pool-126-thread-1] INFO  server.RaftServerConfigKeys (ConfUtils.java:logGet(43)) - raft.server.retrycache.expirytime = 600000ms (custom)
2019-09-12 10:53:04,118 | INFO  | SCMAudit | user=jenkins1000 | ip=192.168.157.195 | op=SEND_HEARTBEAT {datanodeUUID=e4f93bd3-fff9-4926-9bf8-61056d59521f, command=[]} | ret=SUCCESS |  
2019-09-12 10:53:04,118 | INFO  | SCMAudit | user=jenkins1000 | ip=192.168.157.195 | op=SEND_HEARTBEAT {datanodeUUID=250b6484-39fc-4c26-8a98-91f8d9b3befa, command=[]} | ret=SUCCESS |  
2019-09-12 10:53:04,119 [pool-126-thread-1] INFO  impl.RaftServerImpl (RaftServerImpl.java:start(180)) - 02d2c735-5a91-4cfc-b37b-8234c14e6879: start group-2DD5FE2E832D
2019-09-12 10:53:04,119 [pool-126-thread-1] INFO  impl.RaftServerImpl (RaftServerImpl.java:setRole(171)) - 02d2c735-5a91-4cfc-b37b-8234c14e6879:group-2DD5FE2E832D changes role from null to FOLLOWER at term 0 for startAsFollower
2019-09-12 10:53:04,119 [pool-126-thread-1] INFO  impl.RoleInfo (RoleInfo.java:updateAndGet(143)) - 02d2c735-5a91-4cfc-b37b-8234c14e6879: start FollowerState
2019-09-12 10:53:04,119 [pool-126-thread-1] INFO  util.JmxRegister (JmxRegister.java:tryRegister(44)) - Successfully registered JMX Bean with object name Ratis:service=RaftServer,group=group-2DD5FE2E832D,id=02d2c735-5a91-4cfc-b37b-8234c14e6879
2019-09-12 10:53:04,122 [RatisPipelineUtilsThread] INFO  pipeline.PipelineStateManager (PipelineStateManager.java:addPipeline(56)) - Created pipeline Pipeline[ Id: f5e1db78-d192-457a-b6e8-2dd5fe2e832d, Nodes: 02d2c735-5a91-4cfc-b37b-8234c14e6879{ip: 192.168.157.195, host: pr-hdds-1569-xtfnx-3545843844, networkLocation: /default-rack, certSerialId: null}, Type:RATIS, Factor:ONE, State:OPEN]
2019-09-12 10:53:04,122 [RatisPipelineUtilsThread] ERROR pipeline.PipelinePlacementPolicy (PipelinePlacementPolicy.java:meetCriteria(91)) - Pipeline Placement: Doesn't meet the criteria to be viable node. Heaviness: 6
2019-09-12 10:53:04,122 [RatisPipelineUtilsThread] ERROR pipeline.PipelinePlacementPolicy (PipelinePlacementPolicy.java:meetCriteria(91)) - Pipeline Placement: Doesn't meet the criteria to be viable node. Heaviness: 6
2019-09-12 10:53:04,122 [RatisPipelineUtilsThread] ERROR pipeline.PipelinePlacementPolicy (PipelinePlacementPolicy.java:meetCriteria(91)) - Pipeline Placement: Doesn't meet the criteria to be viable node. Heaviness: 6
2019-09-12 10:53:04,122 [RatisPipelineUtilsThread] ERROR pipeline.PipelinePlacementPolicy (PipelinePlacementPolicy.java:meetCriteria(91)) - Pipeline Placement: Doesn't meet the criteria to be viable node. Heaviness: 6
2019-09-12 10:53:04,122 [RatisPipelineUtilsThread] ERROR pipeline.PipelinePlacementPolicy (PipelinePlacementPolicy.java:meetCriteria(91)) - Pipeline Placement: Doesn't meet the criteria to be viable node. Heaviness: 6
2019-09-12 10:53:04,122 [RatisPipelineUtilsThread] ERROR pipeline.PipelinePlacementPolicy (PipelinePlacementPolicy.java:meetCriteria(91)) - Pipeline Placement: Doesn't meet the criteria to be viable node. Heaviness: 6
2019-09-12 10:53:04,123 [RatisPipelineUtilsThread] ERROR pipeline.PipelinePlacementPolicy (PipelinePlacementPolicy.java:meetCriteria(91)) - Pipeline Placement: Doesn't meet the criteria to be viable node. Heaviness: 6
2019-09-12 10:53:04,123 | INFO  | SCMAudit | user=jenkins1000 | ip=192.168.157.195 | op=SEND_HEARTBEAT {datanodeUUID=da20f580-5b10-4303-a8d6-74672b88192d, command=[]} | ret=SUCCESS |  
2019-09-12 10:53:04,124 | INFO  | SCMAudit | user=jenkins1000 | ip=192.168.157.195 | op=SEND_HEARTBEAT {datanodeUUID=c17d4de2-caaf-4ec0-b997-c9cf8b2a9041, command=[]} | ret=SUCCESS |  
2019-09-12 10:53:04,129 [grpc-default-executor-0] INFO  impl.RaftServerProxy (RaftServerProxy.java:addNew(89)) - 35ed61f3-e470-497f-b63f-7decb4cef9e0: addNew group-2DB1D469BC19:[35ed61f3-e470-497f-b63f-7decb4cef9e0:192.168.157.195:33043] returns group-2DB1D469BC19:java.util.concurrent.CompletableFuture@666c6ed2[Not completed]
2019-09-12 10:53:04,130 [3aa8f21e-cbc0-493e-b8ca-fbb3b21697d5-SegmentedRaftLogWorker:Storage Directory /workdir/hadoop-ozone/integration-test/target/test-dir/MiniOzoneClusterImpl-838a7ec2-4afb-4d68-8138-46fa65bc7e11/datanode-5/data/ratis/d682cc82-0cb8-4648-ab37-823a722cfdea] INFO  segmented.SegmentedRaftLogWorker (SegmentedRaftLogWorker.java:execute(569)) - 3aa8f21e-cbc0-493e-b8ca-fbb3b21697d5-SegmentedRaftLogWorker:Storage Directory /workdir/hadoop-ozone/integration-test/target/test-dir/MiniOzoneClusterImpl-838a7ec2-4afb-4d68-8138-46fa65bc7e11/datanode-5/data/ratis/d682cc82-0cb8-4648-ab37-823a722cfdea: created new log segment /workdir/hadoop-ozone/integration-test/target/test-dir/MiniOzoneClusterImpl-838a7ec2-4afb-4d68-8138-46fa65bc7e11/datanode-5/data/ratis/d682cc82-0cb8-4648-ab37-823a722cfdea/current/log_inprogress_0
2019-09-12 10:53:04,130 [e4f93bd3-fff9-4926-9bf8-61056d59521f:group-6EFE78430D78:LeaderElection38] INFO  impl.LeaderElection (LeaderElection.java:askForVotes(181)) - e4f93bd3-fff9-4926-9bf8-61056d59521f:group-6EFE78430D78:LeaderElection38: begin an election at term 1 for -1: [e4f93bd3-fff9-4926-9bf8-61056d59521f:192.168.157.195:41370], old=null
2019-09-12 10:53:04,130 [pool-104-thread-1] INFO  impl.RaftServerImpl (RaftServerImpl.java:<init>(93)) - 35ed61f3-e470-497f-b63f-7decb4cef9e0: new RaftServerImpl for group-2DB1D469BC19:[35ed61f3-e470-497f-b63f-7decb4cef9e0:192.168.157.195:33043] with ContainerStateMachine:uninitialized
2019-09-12 10:53:04,130 [e4f93bd3-fff9-4926-9bf8-61056d59521f:group-6EFE78430D78:LeaderElection38] INFO  impl.RoleInfo (RoleInfo.java:shutdownLeaderElection(134)) - e4f93bd3-fff9-4926-9bf8-61056d59521f: shutdown LeaderElection
2019-09-12 10:53:04,131 [pool-104-thread-1] INFO  server.RaftServerConfigKeys (ConfUtils.java:logGet(43)) - raft.server.rpc.timeout.min = 1s (custom)
2019-09-12 10:53:04,131 [e4f93bd3-fff9-4926-9bf8-61056d59521f:group-6EFE78430D78:LeaderElection38] INFO  impl.RaftServerImpl (RaftServerImpl.java:setRole(171)) - e4f93bd3-fff9-4926-9bf8-61056d59521f:group-6EFE78430D78 changes role from CANDIDATE to LEADER at term 1 for changeToLeader
2019-09-12 10:53:04,131 [pool-104-thread-1] INFO  server.RaftServerConfigKeys (ConfUtils.java:logGet(43)) - raft.server.rpc.timeout.max = 1200ms (custom)
2019-09-12 10:53:04,131 [e4f93bd3-fff9-4926-9bf8-61056d59521f:group-6EFE78430D78:LeaderElection38] INFO  impl.RaftServerImpl (ServerState.java:setLeader(263)) - e4f93bd3-fff9-4926-9bf8-61056d59521f:group-6EFE78430D78 change Leader from null to e4f93bd3-fff9-4926-9bf8-61056d59521f at term 1 for becomeLeader, leader elected after 1123ms
2019-09-12 10:53:04,131 [pool-104-thread-1] INFO  server.RaftServerConfigKeys (ConfUtils.java:logGet(43)) - raft.server.rpcslowness.timeout = 120s (custom)
2019-09-12 10:53:04,131 [e4f93bd3-fff9-4926-9bf8-61056d59521f:group-6EFE78430D78:LeaderElection38] INFO  server.RaftServerConfigKeys (ConfUtils.java:logGet(43)) - raft.server.staging.catchup.gap = 1000 (default)
2019-09-12 10:53:04,131 [pool-104-thread-1] INFO  server.RaftServerConfigKeys (ConfUtils.java:logGet(43)) - raft.server.sleep.deviation.threshold = 300 (default)
2019-09-12 10:53:04,132 [e4f93bd3-fff9-4926-9bf8-61056d59521f:group-6EFE78430D78:LeaderElection38] INFO  server.RaftServerConfigKeys (ConfUtils.java:logGet(43)) - raft.server.rpc.sleep.time = 25ms (default)
2019-09-12 10:53:04,132 [pool-104-thread-1] INFO  server.RaftServerConfigKeys (ConfUtils.java:logGet(43)) - raft.server.log.appender.install.snapshot.enabled = false (custom)
2019-09-12 10:53:04,132 [pool-104-thread-1] INFO  impl.RaftServerImpl (ServerState.java:<init>(105)) - 35ed61f3-e470-497f-b63f-7decb4cef9e0:group-2DB1D469BC19 ConfigurationManager, init=-1: [35ed61f3-e470-497f-b63f-7decb4cef9e0:192.168.157.195:33043], old=null, confs=<EMPTY_MAP>
2019-09-12 10:53:04,132 [e4f93bd3-fff9-4926-9bf8-61056d59521f:group-6EFE78430D78:LeaderElection38] INFO  server.RaftServerConfigKeys (ConfUtils.java:logGet(43)) - raft.server.write.element-limit = 4096 (default)
2019-09-12 10:53:04,132 [pool-104-thread-1] INFO  server.RaftServerConfigKeys (ConfUtils.java:logGet(43)) - raft.server.storage.dir = [/workdir/hadoop-ozone/integration-test/target/test-dir/MiniOzoneClusterImpl-838a7ec2-4afb-4d68-8138-46fa65bc7e11/datanode-7/data/ratis] (custom)
2019-09-12 10:53:04,132 [e4f93bd3-fff9-4926-9bf8-61056d59521f:group-6EFE78430D78:LeaderElection38] INFO  server.RaftServerConfigKeys (ConfUtils.java:logGet(43)) - raft.server.watch.timeout = 10s (default)
2019-09-12 10:53:04,133 [e4f93bd3-fff9-4926-9bf8-61056d59521f:group-6EFE78430D78:LeaderElection38] INFO  server.RaftServerConfigKeys (ConfUtils.java:logGet(43)) - raft.server.watch.timeout.denomination = 1s (default)
2019-09-12 10:53:04,133 [pool-104-thread-1] INFO  storage.RaftStorageDirectory (RaftStorageDirectory.java:analyzeStorage(246)) - The storage directory /workdir/hadoop-ozone/integration-test/target/test-dir/MiniOzoneClusterImpl-838a7ec2-4afb-4d68-8138-46fa65bc7e11/datanode-7/data/ratis/d9263888-84e7-486d-9406-2db1d469bc19 does not exist. Creating ...
2019-09-12 10:53:04,133 [e4f93bd3-fff9-4926-9bf8-61056d59521f:group-6EFE78430D78:LeaderElection38] INFO  server.RaftServerConfigKeys (ConfUtils.java:logGet(43)) - raft.server.watch.element-limit = 65536 (default)
2019-09-12 10:53:04,133 [e4f93bd3-fff9-4926-9bf8-61056d59521f:group-6EFE78430D78:LeaderElection38] INFO  impl.RoleInfo (RoleInfo.java:updateAndGet(143)) - e4f93bd3-fff9-4926-9bf8-61056d59521f: start LeaderState
2019-09-12 10:53:04,134 [e4f93bd3-fff9-4926-9bf8-61056d59521f:group-6EFE78430D78:LeaderElection38] INFO  segmented.SegmentedRaftLogWorker (SegmentedRaftLogWorker.java:startLogSegment(380)) - e4f93bd3-fff9-4926-9bf8-61056d59521f-SegmentedRaftLogWorker:Storage Directory /workdir/hadoop-ozone/integration-test/target/test-dir/MiniOzoneClusterImpl-838a7ec2-4afb-4d68-8138-46fa65bc7e11/datanode-3/data/ratis/a04451dd-2442-4c36-993e-6efe78430d78: Starting segment from index:0
2019-09-12 10:53:04,134 [e4f93bd3-fff9-4926-9bf8-61056d59521f:group-6EFE78430D78:LeaderElection38] INFO  impl.RaftServerImpl (ServerState.java:setRaftConf(361)) - e4f93bd3-fff9-4926-9bf8-61056d59521f:group-6EFE78430D78 set configuration 0: [e4f93bd3-fff9-4926-9bf8-61056d59521f:192.168.157.195:41370], old=null at 0
2019-09-12 10:53:04,159 [pool-104-thread-1] INFO  storage.RaftStorageDirectory (RaftStorageDirectory.java:tryLock(328)) - Lock on /workdir/hadoop-ozone/integration-test/target/test-dir/MiniOzoneClusterImpl-838a7ec2-4afb-4d68-8138-46fa65bc7e11/datanode-7/data/ratis/d9263888-84e7-486d-9406-2db1d469bc19/in_use.lock acquired by nodename 620@pr-hdds-1569-xtfnx-3545843844
2019-09-12 10:53:04,172 [e4f93bd3-fff9-4926-9bf8-61056d59521f-SegmentedRaftLogWorker:Storage Directory /workdir/hadoop-ozone/integration-test/target/test-dir/MiniOzoneClusterImpl-838a7ec2-4afb-4d68-8138-46fa65bc7e11/datanode-3/data/ratis/a04451dd-2442-4c36-993e-6efe78430d78] INFO  segmented.SegmentedRaftLogWorker (SegmentedRaftLogWorker.java:execute(569)) - e4f93bd3-fff9-4926-9bf8-61056d59521f-SegmentedRaftLogWorker:Storage Directory /workdir/hadoop-ozone/integration-test/target/test-dir/MiniOzoneClusterImpl-838a7ec2-4afb-4d68-8138-46fa65bc7e11/datanode-3/data/ratis/a04451dd-2442-4c36-993e-6efe78430d78: created new log segment /workdir/hadoop-ozone/integration-test/target/test-dir/MiniOzoneClusterImpl-838a7ec2-4afb-4d68-8138-46fa65bc7e11/datanode-3/data/ratis/a04451dd-2442-4c36-993e-6efe78430d78/current/log_inprogress_0
2019-09-12 10:53:04,172 [pool-104-thread-1] INFO  storage.RaftStorage (RaftStorage.java:format(72)) - Storage directory /workdir/hadoop-ozone/integration-test/target/test-dir/MiniOzoneClusterImpl-838a7ec2-4afb-4d68-8138-46fa65bc7e11/datanode-7/data/ratis/d9263888-84e7-486d-9406-2db1d469bc19 has been successfully formatted.
2019-09-12 10:53:04,173 [pool-104-thread-1] INFO  ratis.ContainerStateMachine (ContainerStateMachine.java:loadSnapshot(226)) - group-2DB1D469BC19: The snapshot info is null. Setting the last applied indexto:(t:0, i:~)
2019-09-12 10:53:04,173 [pool-104-thread-1] INFO  server.RaftServerConfigKeys (ConfUtils.java:logGet(43)) - raft.server.leader.election.timeout = 120s (custom)
2019-09-12 10:53:04,173 [pool-104-thread-1] INFO  server.RaftServerConfigKeys (ConfUtils.java:logGet(43)) - raft.server.log.use.memory = false (default)
2019-09-12 10:53:04,173 [pool-104-thread-1] INFO  server.RaftServerConfigKeys (ConfUtils.java:logGet(43)) - raft.server.log.purge.gap = 1000000 (custom)
2019-09-12 10:53:04,173 [pool-104-thread-1] INFO  server.RaftServerConfigKeys (ConfUtils.java:logGet(43)) - raft.server.log.appender.buffer.byte-limit = 33554432 (custom)
2019-09-12 10:53:04,174 [pool-104-thread-1] INFO  server.RaftServerConfigKeys (ConfUtils.java:logGet(43)) - raft.server.log.segment.size.max = 1048576 (custom)
2019-09-12 10:53:04,174 [pool-104-thread-1] INFO  server.RaftServerConfigKeys (ConfUtils.java:logGet(43)) - raft.server.log.segment.cache.num.max = 2 (custom)
2019-09-12 10:53:04,174 [pool-104-thread-1] INFO  segmented.SegmentedRaftLogWorker (SegmentedRaftLogWorker.java:<init>(172)) - new 35ed61f3-e470-497f-b63f-7decb4cef9e0-SegmentedRaftLogWorker:Storage Directory /workdir/hadoop-ozone/integration-test/target/test-dir/MiniOzoneClusterImpl-838a7ec2-4afb-4d68-8138-46fa65bc7e11/datanode-7/data/ratis/d9263888-84e7-486d-9406-2db1d469bc19 for RaftStorage:Storage Directory /workdir/hadoop-ozone/integration-test/target/test-dir/MiniOzoneClusterImpl-838a7ec2-4afb-4d68-8138-46fa65bc7e11/datanode-7/data/ratis/d9263888-84e7-486d-9406-2db1d469bc19
2019-09-12 10:53:04,174 [pool-104-thread-1] INFO  server.RaftServerConfigKeys (ConfUtils.java:logGet(43)) - raft.server.log.queue.byte-limit = 2147483647 (custom)
2019-09-12 10:53:04,175 [pool-104-thread-1] INFO  server.RaftServerConfigKeys (ConfUtils.java:logGet(43)) - raft.server.log.queue.element-limit = 1024 (custom)
2019-09-12 10:53:04,175 [pool-104-thread-1] INFO  server.RaftServerConfigKeys (ConfUtils.java:logGet(43)) - raft.server.log.segment.size.max = 1048576 (custom)
2019-09-12 10:53:04,175 [pool-104-thread-1] INFO  server.RaftServerConfigKeys (ConfUtils.java:logGet(43)) - raft.server.log.preallocated.size = 16384 (custom)
2019-09-12 10:53:04,175 [pool-104-thread-1] INFO  server.RaftServerConfigKeys (ConfUtils.java:logGet(43)) - raft.server.log.write.buffer.size = 33554432 (custom)
2019-09-12 10:53:04,175 [pool-104-thread-1] INFO  server.RaftServerConfigKeys (ConfUtils.java:logGet(43)) - raft.server.log.force.sync.num = 128 (default)
2019-09-12 10:53:04,176 [pool-104-thread-1] INFO  server.RaftServerConfigKeys (ConfUtils.java:logGet(43)) - raft.server.log.statemachine.data.sync = true (default)
2019-09-12 10:53:04,176 [pool-104-thread-1] INFO  server.RaftServerConfigKeys (ConfUtils.java:logGet(43)) - raft.server.log.statemachine.data.sync.timeout = 10s (default)
2019-09-12 10:53:04,176 [pool-104-thread-1] INFO  server.RaftServerConfigKeys (ConfUtils.java:logGet(43)) - raft.server.log.statemachine.data.sync.timeout.retry = -1 (default)
2019-09-12 10:53:04,176 [pool-104-thread-1] INFO  server.RaftServerConfigKeys (ConfUtils.java:logGet(43)) - raft.server.log.statemachine.data.caching.enabled = true (custom)
2019-09-12 10:53:04,177 [pool-104-thread-1] INFO  segmented.SegmentedRaftLogWorker (SegmentedRaftLogWorker.java:lambda$new$0(132)) - 35ed61f3-e470-497f-b63f-7decb4cef9e0-SegmentedRaftLogWorker:Storage Directory /workdir/hadoop-ozone/integration-test/target/test-dir/MiniOzoneClusterImpl-838a7ec2-4afb-4d68-8138-46fa65bc7e11/datanode-7/data/ratis/d9263888-84e7-486d-9406-2db1d469bc19: flushIndex: setUnconditionally 0 -> -1
2019-09-12 10:53:04,177 [pool-104-thread-1] INFO  server.RaftServerConfigKeys (ConfUtils.java:logGet(43)) - raft.server.snapshot.auto.trigger.enabled = true (custom)
2019-09-12 10:53:04,178 [pool-104-thread-1] INFO  server.RaftServerConfigKeys (ConfUtils.java:logGet(43)) - raft.server.snapshot.auto.trigger.threshold = 10000 (custom)
2019-09-12 10:53:04,178 [pool-104-thread-1] INFO  server.RaftServerConfigKeys (ConfUtils.java:logGet(43)) - raft.server.retrycache.expirytime = 600000ms (custom)
2019-09-12 10:53:04,178 [pool-104-thread-1] INFO  impl.RaftServerImpl (RaftServerImpl.java:start(180)) - 35ed61f3-e470-497f-b63f-7decb4cef9e0: start group-2DB1D469BC19
2019-09-12 10:53:04,178 [pool-104-thread-1] INFO  impl.RaftServerImpl (RaftServerImpl.java:setRole(171)) - 35ed61f3-e470-497f-b63f-7decb4cef9e0:group-2DB1D469BC19 changes role from null to FOLLOWER at term 0 for startAsFollower
2019-09-12 10:53:04,179 [pool-104-thread-1] INFO  impl.RoleInfo (RoleInfo.java:updateAndGet(143)) - 35ed61f3-e470-497f-b63f-7decb4cef9e0: start FollowerState
2019-09-12 10:53:04,179 [pool-104-thread-1] INFO  util.JmxRegister (JmxRegister.java:tryRegister(44)) - Successfully registered JMX Bean with object name Ratis:service=RaftServer,group=group-2DB1D469BC19,id=35ed61f3-e470-497f-b63f-7decb4cef9e0
2019-09-12 10:53:04,182 [RatisPipelineUtilsThread] INFO  pipeline.PipelineStateManager (PipelineStateManager.java:addPipeline(56)) - Created pipeline Pipeline[ Id: d9263888-84e7-486d-9406-2db1d469bc19, Nodes: 35ed61f3-e470-497f-b63f-7decb4cef9e0{ip: 192.168.157.195, host: pr-hdds-1569-xtfnx-3545843844, networkLocation: /default-rack, certSerialId: null}, Type:RATIS, Factor:ONE, State:OPEN]
2019-09-12 10:53:04,182 [RatisPipelineUtilsThread] ERROR pipeline.PipelinePlacementPolicy (PipelinePlacementPolicy.java:meetCriteria(91)) - Pipeline Placement: Doesn't meet the criteria to be viable node. Heaviness: 6
2019-09-12 10:53:04,183 [RatisPipelineUtilsThread] ERROR pipeline.PipelinePlacementPolicy (PipelinePlacementPolicy.java:meetCriteria(91)) - Pipeline Placement: Doesn't meet the criteria to be viable node. Heaviness: 6
2019-09-12 10:53:04,183 [RatisPipelineUtilsThread] ERROR pipeline.PipelinePlacementPolicy (PipelinePlacementPolicy.java:meetCriteria(91)) - Pipeline Placement: Doesn't meet the criteria to be viable node. Heaviness: 6
2019-09-12 10:53:04,183 [RatisPipelineUtilsThread] ERROR pipeline.PipelinePlacementPolicy (PipelinePlacementPolicy.java:meetCriteria(91)) - Pipeline Placement: Doesn't meet the criteria to be viable node. Heaviness: 6
2019-09-12 10:53:04,183 [RatisPipelineUtilsThread] ERROR pipeline.PipelinePlacementPolicy (PipelinePlacementPolicy.java:meetCriteria(91)) - Pipeline Placement: Doesn't meet the criteria to be viable node. Heaviness: 6
2019-09-12 10:53:04,183 [RatisPipelineUtilsThread] ERROR pipeline.PipelinePlacementPolicy (PipelinePlacementPolicy.java:meetCriteria(91)) - Pipeline Placement: Doesn't meet the criteria to be viable node. Heaviness: 6
2019-09-12 10:53:04,183 [RatisPipelineUtilsThread] ERROR pipeline.PipelinePlacementPolicy (PipelinePlacementPolicy.java:meetCriteria(91)) - Pipeline Placement: Doesn't meet the criteria to be viable node. Heaviness: 6
2019-09-12 10:53:04,189 [grpc-default-executor-0] INFO  impl.RaftServerProxy (RaftServerProxy.java:addNew(89)) - 35ed61f3-e470-497f-b63f-7decb4cef9e0: addNew group-271D603D1663:[35ed61f3-e470-497f-b63f-7decb4cef9e0:192.168.157.195:33043] returns group-271D603D1663:java.util.concurrent.CompletableFuture@62e3c11f[Not completed]
2019-09-12 10:53:04,191 [pool-104-thread-1] INFO  impl.RaftServerImpl (RaftServerImpl.java:<init>(93)) - 35ed61f3-e470-497f-b63f-7decb4cef9e0: new RaftServerImpl for group-271D603D1663:[35ed61f3-e470-497f-b63f-7decb4cef9e0:192.168.157.195:33043] with ContainerStateMachine:uninitialized
2019-09-12 10:53:04,191 [pool-104-thread-1] INFO  server.RaftServerConfigKeys (ConfUtils.java:logGet(43)) - raft.server.rpc.timeout.min = 1s (custom)
2019-09-12 10:53:04,191 [pool-104-thread-1] INFO  server.RaftServerConfigKeys (ConfUtils.java:logGet(43)) - raft.server.rpc.timeout.max = 1200ms (custom)
2019-09-12 10:53:04,192 [pool-104-thread-1] INFO  server.RaftServerConfigKeys (ConfUtils.java:logGet(43)) - raft.server.rpcslowness.timeout = 120s (custom)
2019-09-12 10:53:04,192 [pool-104-thread-1] INFO  server.RaftServerConfigKeys (ConfUtils.java:logGet(43)) - raft.server.sleep.deviation.threshold = 300 (default)
2019-09-12 10:53:04,192 [pool-104-thread-1] INFO  server.RaftServerConfigKeys (ConfUtils.java:logGet(43)) - raft.server.log.appender.install.snapshot.enabled = false (custom)
2019-09-12 10:53:04,192 [pool-104-thread-1] INFO  impl.RaftServerImpl (ServerState.java:<init>(105)) - 35ed61f3-e470-497f-b63f-7decb4cef9e0:group-271D603D1663 ConfigurationManager, init=-1: [35ed61f3-e470-497f-b63f-7decb4cef9e0:192.168.157.195:33043], old=null, confs=<EMPTY_MAP>
2019-09-12 10:53:04,192 [pool-104-thread-1] INFO  server.RaftServerConfigKeys (ConfUtils.java:logGet(43)) - raft.server.storage.dir = [/workdir/hadoop-ozone/integration-test/target/test-dir/MiniOzoneClusterImpl-838a7ec2-4afb-4d68-8138-46fa65bc7e11/datanode-7/data/ratis] (custom)
2019-09-12 10:53:04,193 [pool-104-thread-1] INFO  storage.RaftStorageDirectory (RaftStorageDirectory.java:analyzeStorage(246)) - The storage directory /workdir/hadoop-ozone/integration-test/target/test-dir/MiniOzoneClusterImpl-838a7ec2-4afb-4d68-8138-46fa65bc7e11/datanode-7/data/ratis/b93c9841-be61-4767-aeb3-271d603d1663 does not exist. Creating ...
2019-09-12 10:53:04,198 | INFO  | SCMAudit | user=jenkins1000 | ip=192.168.157.195 | op=SEND_HEARTBEAT {datanodeUUID=8d69d0c9-c816-414c-ba1a-8b3ab85fb900, command=[]} | ret=SUCCESS |  
2019-09-12 10:53:04,205 [pool-104-thread-1] INFO  storage.RaftStorageDirectory (RaftStorageDirectory.java:tryLock(328)) - Lock on /workdir/hadoop-ozone/integration-test/target/test-dir/MiniOzoneClusterImpl-838a7ec2-4afb-4d68-8138-46fa65bc7e11/datanode-7/data/ratis/b93c9841-be61-4767-aeb3-271d603d1663/in_use.lock acquired by nodename 620@pr-hdds-1569-xtfnx-3545843844
2019-09-12 10:53:04,221 [pool-104-thread-1] INFO  storage.RaftStorage (RaftStorage.java:format(72)) - Storage directory /workdir/hadoop-ozone/integration-test/target/test-dir/MiniOzoneClusterImpl-838a7ec2-4afb-4d68-8138-46fa65bc7e11/datanode-7/data/ratis/b93c9841-be61-4767-aeb3-271d603d1663 has been successfully formatted.
2019-09-12 10:53:04,221 [pool-104-thread-1] INFO  ratis.ContainerStateMachine (ContainerStateMachine.java:loadSnapshot(226)) - group-271D603D1663: The snapshot info is null. Setting the last applied indexto:(t:0, i:~)
2019-09-12 10:53:04,222 [pool-104-thread-1] INFO  server.RaftServerConfigKeys (ConfUtils.java:logGet(43)) - raft.server.leader.election.timeout = 120s (custom)
2019-09-12 10:53:04,222 [pool-104-thread-1] INFO  server.RaftServerConfigKeys (ConfUtils.java:logGet(43)) - raft.server.log.use.memory = false (default)
2019-09-12 10:53:04,222 [pool-104-thread-1] INFO  server.RaftServerConfigKeys (ConfUtils.java:logGet(43)) - raft.server.log.purge.gap = 1000000 (custom)
2019-09-12 10:53:04,222 [pool-104-thread-1] INFO  server.RaftServerConfigKeys (ConfUtils.java:logGet(43)) - raft.server.log.appender.buffer.byte-limit = 33554432 (custom)
2019-09-12 10:53:04,222 [pool-104-thread-1] INFO  server.RaftServerConfigKeys (ConfUtils.java:logGet(43)) - raft.server.log.segment.size.max = 1048576 (custom)
2019-09-12 10:53:04,223 [pool-104-thread-1] INFO  server.RaftServerConfigKeys (ConfUtils.java:logGet(43)) - raft.server.log.segment.cache.num.max = 2 (custom)
2019-09-12 10:53:04,223 [pool-104-thread-1] INFO  segmented.SegmentedRaftLogWorker (SegmentedRaftLogWorker.java:<init>(172)) - new 35ed61f3-e470-497f-b63f-7decb4cef9e0-SegmentedRaftLogWorker:Storage Directory /workdir/hadoop-ozone/integration-test/target/test-dir/MiniOzoneClusterImpl-838a7ec2-4afb-4d68-8138-46fa65bc7e11/datanode-7/data/ratis/b93c9841-be61-4767-aeb3-271d603d1663 for RaftStorage:Storage Directory /workdir/hadoop-ozone/integration-test/target/test-dir/MiniOzoneClusterImpl-838a7ec2-4afb-4d68-8138-46fa65bc7e11/datanode-7/data/ratis/b93c9841-be61-4767-aeb3-271d603d1663
2019-09-12 10:53:04,223 [pool-104-thread-1] INFO  server.RaftServerConfigKeys (ConfUtils.java:logGet(43)) - raft.server.log.queue.byte-limit = 2147483647 (custom)
2019-09-12 10:53:04,223 [pool-104-thread-1] INFO  server.RaftServerConfigKeys (ConfUtils.java:logGet(43)) - raft.server.log.queue.element-limit = 1024 (custom)
2019-09-12 10:53:04,223 [pool-104-thread-1] INFO  server.RaftServerConfigKeys (ConfUtils.java:logGet(43)) - raft.server.log.segment.size.max = 1048576 (custom)
2019-09-12 10:53:04,223 [pool-104-thread-1] INFO  server.RaftServerConfigKeys (ConfUtils.java:logGet(43)) - raft.server.log.preallocated.size = 16384 (custom)
2019-09-12 10:53:04,224 [pool-104-thread-1] INFO  server.RaftServerConfigKeys (ConfUtils.java:logGet(43)) - raft.server.log.write.buffer.size = 33554432 (custom)
2019-09-12 10:53:04,224 [pool-104-thread-1] INFO  server.RaftServerConfigKeys (ConfUtils.java:logGet(43)) - raft.server.log.force.sync.num = 128 (default)
2019-09-12 10:53:04,224 [pool-104-thread-1] INFO  server.RaftServerConfigKeys (ConfUtils.java:logGet(43)) - raft.server.log.statemachine.data.sync = true (default)
2019-09-12 10:53:04,224 [pool-104-thread-1] INFO  server.RaftServerConfigKeys (ConfUtils.java:logGet(43)) - raft.server.log.statemachine.data.sync.timeout = 10s (default)
2019-09-12 10:53:04,224 [pool-104-thread-1] INFO  server.RaftServerConfigKeys (ConfUtils.java:logGet(43)) - raft.server.log.statemachine.data.sync.timeout.retry = -1 (default)
2019-09-12 10:53:04,225 [pool-104-thread-1] INFO  server.RaftServerConfigKeys (ConfUtils.java:logGet(43)) - raft.server.log.statemachine.data.caching.enabled = true (custom)
2019-09-12 10:53:04,225 [pool-104-thread-1] INFO  segmented.SegmentedRaftLogWorker (SegmentedRaftLogWorker.java:lambda$new$0(132)) - 35ed61f3-e470-497f-b63f-7decb4cef9e0-SegmentedRaftLogWorker:Storage Directory /workdir/hadoop-ozone/integration-test/target/test-dir/MiniOzoneClusterImpl-838a7ec2-4afb-4d68-8138-46fa65bc7e11/datanode-7/data/ratis/b93c9841-be61-4767-aeb3-271d603d1663: flushIndex: setUnconditionally 0 -> -1
2019-09-12 10:53:04,225 [pool-104-thread-1] INFO  server.RaftServerConfigKeys (ConfUtils.java:logGet(43)) - raft.server.snapshot.auto.trigger.enabled = true (custom)
2019-09-12 10:53:04,225 [pool-104-thread-1] INFO  server.RaftServerConfigKeys (ConfUtils.java:logGet(43)) - raft.server.snapshot.auto.trigger.threshold = 10000 (custom)
2019-09-12 10:53:04,226 [pool-104-thread-1] INFO  server.RaftServerConfigKeys (ConfUtils.java:logGet(43)) - raft.server.retrycache.expirytime = 600000ms (custom)
2019-09-12 10:53:04,226 [pool-104-thread-1] INFO  impl.RaftServerImpl (RaftServerImpl.java:start(180)) - 35ed61f3-e470-497f-b63f-7decb4cef9e0: start group-271D603D1663
2019-09-12 10:53:04,226 [pool-104-thread-1] INFO  impl.RaftServerImpl (RaftServerImpl.java:setRole(171)) - 35ed61f3-e470-497f-b63f-7decb4cef9e0:group-271D603D1663 changes role from null to FOLLOWER at term 0 for startAsFollower
2019-09-12 10:53:04,226 [pool-104-thread-1] INFO  impl.RoleInfo (RoleInfo.java:updateAndGet(143)) - 35ed61f3-e470-497f-b63f-7decb4cef9e0: start FollowerState
2019-09-12 10:53:04,227 [pool-104-thread-1] INFO  util.JmxRegister (JmxRegister.java:tryRegister(44)) - Successfully registered JMX Bean with object name Ratis:service=RaftServer,group=group-271D603D1663,id=35ed61f3-e470-497f-b63f-7decb4cef9e0
2019-09-12 10:53:04,230 [RatisPipelineUtilsThread] INFO  pipeline.PipelineStateManager (PipelineStateManager.java:addPipeline(56)) - Created pipeline Pipeline[ Id: b93c9841-be61-4767-aeb3-271d603d1663, Nodes: 35ed61f3-e470-497f-b63f-7decb4cef9e0{ip: 192.168.157.195, host: pr-hdds-1569-xtfnx-3545843844, networkLocation: /default-rack, certSerialId: null}, Type:RATIS, Factor:ONE, State:OPEN]
2019-09-12 10:53:04,230 [RatisPipelineUtilsThread] ERROR pipeline.PipelinePlacementPolicy (PipelinePlacementPolicy.java:meetCriteria(91)) - Pipeline Placement: Doesn't meet the criteria to be viable node. Heaviness: 6
2019-09-12 10:53:04,230 [RatisPipelineUtilsThread] ERROR pipeline.PipelinePlacementPolicy (PipelinePlacementPolicy.java:meetCriteria(91)) - Pipeline Placement: Doesn't meet the criteria to be viable node. Heaviness: 6
2019-09-12 10:53:04,230 [RatisPipelineUtilsThread] ERROR pipeline.PipelinePlacementPolicy (PipelinePlacementPolicy.java:meetCriteria(91)) - Pipeline Placement: Doesn't meet the criteria to be viable node. Heaviness: 6
2019-09-12 10:53:04,230 [RatisPipelineUtilsThread] ERROR pipeline.PipelinePlacementPolicy (PipelinePlacementPolicy.java:meetCriteria(91)) - Pipeline Placement: Doesn't meet the criteria to be viable node. Heaviness: 6
2019-09-12 10:53:04,230 [RatisPipelineUtilsThread] ERROR pipeline.PipelinePlacementPolicy (PipelinePlacementPolicy.java:meetCriteria(91)) - Pipeline Placement: Doesn't meet the criteria to be viable node. Heaviness: 6
2019-09-12 10:53:04,231 [RatisPipelineUtilsThread] ERROR pipeline.PipelinePlacementPolicy (PipelinePlacementPolicy.java:meetCriteria(91)) - Pipeline Placement: Doesn't meet the criteria to be viable node. Heaviness: 6
2019-09-12 10:53:04,231 [RatisPipelineUtilsThread] ERROR pipeline.PipelinePlacementPolicy (PipelinePlacementPolicy.java:meetCriteria(91)) - Pipeline Placement: Doesn't meet the criteria to be viable node. Heaviness: 6
2019-09-12 10:53:04,231 [RatisPipelineUtilsThread] ERROR pipeline.PipelinePlacementPolicy (PipelinePlacementPolicy.java:meetCriteria(91)) - Pipeline Placement: Doesn't meet the criteria to be viable node. Heaviness: 6
2019-09-12 10:53:04,237 [grpc-default-executor-0] INFO  impl.RaftServerProxy (RaftServerProxy.java:addNew(89)) - 02d2c735-5a91-4cfc-b37b-8234c14e6879: addNew group-70B4718549F0:[02d2c735-5a91-4cfc-b37b-8234c14e6879:192.168.157.195:36291] returns group-70B4718549F0:java.util.concurrent.CompletableFuture@52332c46[Not completed]
2019-09-12 10:53:04,238 [pool-126-thread-1] INFO  impl.RaftServerImpl (RaftServerImpl.java:<init>(93)) - 02d2c735-5a91-4cfc-b37b-8234c14e6879: new RaftServerImpl for group-70B4718549F0:[02d2c735-5a91-4cfc-b37b-8234c14e6879:192.168.157.195:36291] with ContainerStateMachine:uninitialized
2019-09-12 10:53:04,238 [pool-126-thread-1] INFO  server.RaftServerConfigKeys (ConfUtils.java:logGet(43)) - raft.server.rpc.timeout.min = 1s (custom)
2019-09-12 10:53:04,239 [pool-126-thread-1] INFO  server.RaftServerConfigKeys (ConfUtils.java:logGet(43)) - raft.server.rpc.timeout.max = 1200ms (custom)
2019-09-12 10:53:04,239 [pool-126-thread-1] INFO  server.RaftServerConfigKeys (ConfUtils.java:logGet(43)) - raft.server.rpcslowness.timeout = 120s (custom)
2019-09-12 10:53:04,239 [pool-126-thread-1] INFO  server.RaftServerConfigKeys (ConfUtils.java:logGet(43)) - raft.server.sleep.deviation.threshold = 300 (default)
2019-09-12 10:53:04,246 [pool-126-thread-1] INFO  server.RaftServerConfigKeys (ConfUtils.java:logGet(43)) - raft.server.log.appender.install.snapshot.enabled = false (custom)
2019-09-12 10:53:04,246 [pool-126-thread-1] INFO  impl.RaftServerImpl (ServerState.java:<init>(105)) - 02d2c735-5a91-4cfc-b37b-8234c14e6879:group-70B4718549F0 ConfigurationManager, init=-1: [02d2c735-5a91-4cfc-b37b-8234c14e6879:192.168.157.195:36291], old=null, confs=<EMPTY_MAP>
2019-09-12 10:53:04,246 [pool-126-thread-1] INFO  server.RaftServerConfigKeys (ConfUtils.java:logGet(43)) - raft.server.storage.dir = [/workdir/hadoop-ozone/integration-test/target/test-dir/MiniOzoneClusterImpl-838a7ec2-4afb-4d68-8138-46fa65bc7e11/datanode-9/data/ratis] (custom)
2019-09-12 10:53:04,247 [pool-126-thread-1] INFO  storage.RaftStorageDirectory (RaftStorageDirectory.java:analyzeStorage(246)) - The storage directory /workdir/hadoop-ozone/integration-test/target/test-dir/MiniOzoneClusterImpl-838a7ec2-4afb-4d68-8138-46fa65bc7e11/datanode-9/data/ratis/d12d7bb4-e5c5-4d5e-b213-70b4718549f0 does not exist. Creating ...
2019-09-12 10:53:04,254 [Thread-457] INFO  impl.FollowerState (FollowerState.java:run(106)) - e4f93bd3-fff9-4926-9bf8-61056d59521f:group-D680AEF4E21E changes to CANDIDATE, lastRpcTime:1130, electionTimeout:1130ms
2019-09-12 10:53:04,254 [Thread-457] INFO  impl.RoleInfo (RoleInfo.java:shutdownFollowerState(121)) - e4f93bd3-fff9-4926-9bf8-61056d59521f: shutdown FollowerState
2019-09-12 10:53:04,255 [Thread-457] INFO  impl.RaftServerImpl (RaftServerImpl.java:setRole(171)) - e4f93bd3-fff9-4926-9bf8-61056d59521f:group-D680AEF4E21E changes role from FOLLOWER to CANDIDATE at term 0 for changeToCandidate
2019-09-12 10:53:04,255 [Thread-457] INFO  impl.RoleInfo (RoleInfo.java:updateAndGet(143)) - e4f93bd3-fff9-4926-9bf8-61056d59521f: start LeaderElection
2019-09-12 10:53:04,281 [pool-126-thread-1] INFO  storage.RaftStorageDirectory (RaftStorageDirectory.java:tryLock(328)) - Lock on /workdir/hadoop-ozone/integration-test/target/test-dir/MiniOzoneClusterImpl-838a7ec2-4afb-4d68-8138-46fa65bc7e11/datanode-9/data/ratis/d12d7bb4-e5c5-4d5e-b213-70b4718549f0/in_use.lock acquired by nodename 620@pr-hdds-1569-xtfnx-3545843844
2019-09-12 10:53:04,294 [pool-126-thread-1] INFO  storage.RaftStorage (RaftStorage.java:format(72)) - Storage directory /workdir/hadoop-ozone/integration-test/target/test-dir/MiniOzoneClusterImpl-838a7ec2-4afb-4d68-8138-46fa65bc7e11/datanode-9/data/ratis/d12d7bb4-e5c5-4d5e-b213-70b4718549f0 has been successfully formatted.
2019-09-12 10:53:04,294 [e4f93bd3-fff9-4926-9bf8-61056d59521f:group-D680AEF4E21E:LeaderElection39] INFO  impl.LeaderElection (LeaderElection.java:askForVotes(181)) - e4f93bd3-fff9-4926-9bf8-61056d59521f:group-D680AEF4E21E:LeaderElection39: begin an election at term 1 for -1: [e4f93bd3-fff9-4926-9bf8-61056d59521f:192.168.157.195:41370], old=null
2019-09-12 10:53:04,294 [e4f93bd3-fff9-4926-9bf8-61056d59521f:group-D680AEF4E21E:LeaderElection39] INFO  impl.RoleInfo (RoleInfo.java:shutdownLeaderElection(134)) - e4f93bd3-fff9-4926-9bf8-61056d59521f: shutdown LeaderElection
2019-09-12 10:53:04,294 [pool-126-thread-1] INFO  ratis.ContainerStateMachine (ContainerStateMachine.java:loadSnapshot(226)) - group-70B4718549F0: The snapshot info is null. Setting the last applied indexto:(t:0, i:~)
2019-09-12 10:53:04,294 [e4f93bd3-fff9-4926-9bf8-61056d59521f:group-D680AEF4E21E:LeaderElection39] INFO  impl.RaftServerImpl (RaftServerImpl.java:setRole(171)) - e4f93bd3-fff9-4926-9bf8-61056d59521f:group-D680AEF4E21E changes role from CANDIDATE to LEADER at term 1 for changeToLeader
2019-09-12 10:53:04,294 [pool-126-thread-1] INFO  server.RaftServerConfigKeys (ConfUtils.java:logGet(43)) - raft.server.leader.election.timeout = 120s (custom)
2019-09-12 10:53:04,294 [e4f93bd3-fff9-4926-9bf8-61056d59521f:group-D680AEF4E21E:LeaderElection39] INFO  impl.RaftServerImpl (ServerState.java:setLeader(263)) - e4f93bd3-fff9-4926-9bf8-61056d59521f:group-D680AEF4E21E change Leader from null to e4f93bd3-fff9-4926-9bf8-61056d59521f at term 1 for becomeLeader, leader elected after 1202ms
2019-09-12 10:53:04,294 [pool-126-thread-1] INFO  server.RaftServerConfigKeys (ConfUtils.java:logGet(43)) - raft.server.log.use.memory = false (default)
2019-09-12 10:53:04,294 [e4f93bd3-fff9-4926-9bf8-61056d59521f:group-D680AEF4E21E:LeaderElection39] INFO  server.RaftServerConfigKeys (ConfUtils.java:logGet(43)) - raft.server.staging.catchup.gap = 1000 (default)
2019-09-12 10:53:04,295 [pool-126-thread-1] INFO  server.RaftServerConfigKeys (ConfUtils.java:logGet(43)) - raft.server.log.purge.gap = 1000000 (custom)
2019-09-12 10:53:04,295 [e4f93bd3-fff9-4926-9bf8-61056d59521f:group-D680AEF4E21E:LeaderElection39] INFO  server.RaftServerConfigKeys (ConfUtils.java:logGet(43)) - raft.server.rpc.sleep.time = 25ms (default)
2019-09-12 10:53:04,295 [pool-126-thread-1] INFO  server.RaftServerConfigKeys (ConfUtils.java:logGet(43)) - raft.server.log.appender.buffer.byte-limit = 33554432 (custom)
2019-09-12 10:53:04,295 [e4f93bd3-fff9-4926-9bf8-61056d59521f:group-D680AEF4E21E:LeaderElection39] INFO  server.RaftServerConfigKeys (ConfUtils.java:logGet(43)) - raft.server.write.element-limit = 4096 (default)
2019-09-12 10:53:04,295 [pool-126-thread-1] INFO  server.RaftServerConfigKeys (ConfUtils.java:logGet(43)) - raft.server.log.segment.size.max = 1048576 (custom)
2019-09-12 10:53:04,295 [e4f93bd3-fff9-4926-9bf8-61056d59521f:group-D680AEF4E21E:LeaderElection39] INFO  server.RaftServerConfigKeys (ConfUtils.java:logGet(43)) - raft.server.watch.timeout = 10s (default)
2019-09-12 10:53:04,295 [pool-126-thread-1] INFO  server.RaftServerConfigKeys (ConfUtils.java:logGet(43)) - raft.server.log.segment.cache.num.max = 2 (custom)
2019-09-12 10:53:04,295 [e4f93bd3-fff9-4926-9bf8-61056d59521f:group-D680AEF4E21E:LeaderElection39] INFO  server.RaftServerConfigKeys (ConfUtils.java:logGet(43)) - raft.server.watch.timeout.denomination = 1s (default)
2019-09-12 10:53:04,296 [pool-126-thread-1] INFO  segmented.SegmentedRaftLogWorker (SegmentedRaftLogWorker.java:<init>(172)) - new 02d2c735-5a91-4cfc-b37b-8234c14e6879-SegmentedRaftLogWorker:Storage Directory /workdir/hadoop-ozone/integration-test/target/test-dir/MiniOzoneClusterImpl-838a7ec2-4afb-4d68-8138-46fa65bc7e11/datanode-9/data/ratis/d12d7bb4-e5c5-4d5e-b213-70b4718549f0 for RaftStorage:Storage Directory /workdir/hadoop-ozone/integration-test/target/test-dir/MiniOzoneClusterImpl-838a7ec2-4afb-4d68-8138-46fa65bc7e11/datanode-9/data/ratis/d12d7bb4-e5c5-4d5e-b213-70b4718549f0
2019-09-12 10:53:04,296 [e4f93bd3-fff9-4926-9bf8-61056d59521f:group-D680AEF4E21E:LeaderElection39] INFO  server.RaftServerConfigKeys (ConfUtils.java:logGet(43)) - raft.server.watch.element-limit = 65536 (default)
2019-09-12 10:53:04,296 [pool-126-thread-1] INFO  server.RaftServerConfigKeys (ConfUtils.java:logGet(43)) - raft.server.log.queue.byte-limit = 2147483647 (custom)
2019-09-12 10:53:04,296 [pool-126-thread-1] INFO  server.RaftServerConfigKeys (ConfUtils.java:logGet(43)) - raft.server.log.queue.element-limit = 1024 (custom)
2019-09-12 10:53:04,296 [e4f93bd3-fff9-4926-9bf8-61056d59521f:group-D680AEF4E21E:LeaderElection39] INFO  impl.RoleInfo (RoleInfo.java:updateAndGet(143)) - e4f93bd3-fff9-4926-9bf8-61056d59521f: start LeaderState
2019-09-12 10:53:04,296 [pool-126-thread-1] INFO  server.RaftServerConfigKeys (ConfUtils.java:logGet(43)) - raft.server.log.segment.size.max = 1048576 (custom)
2019-09-12 10:53:04,296 [pool-126-thread-1] INFO  server.RaftServerConfigKeys (ConfUtils.java:logGet(43)) - raft.server.log.preallocated.size = 16384 (custom)
2019-09-12 10:53:04,296 [e4f93bd3-fff9-4926-9bf8-61056d59521f:group-D680AEF4E21E:LeaderElection39] INFO  segmented.SegmentedRaftLogWorker (SegmentedRaftLogWorker.java:startLogSegment(380)) - e4f93bd3-fff9-4926-9bf8-61056d59521f-SegmentedRaftLogWorker:Storage Directory /workdir/hadoop-ozone/integration-test/target/test-dir/MiniOzoneClusterImpl-838a7ec2-4afb-4d68-8138-46fa65bc7e11/datanode-3/data/ratis/36682389-77b3-4463-916d-d680aef4e21e: Starting segment from index:0
2019-09-12 10:53:04,296 [pool-126-thread-1] INFO  server.RaftServerConfigKeys (ConfUtils.java:logGet(43)) - raft.server.log.write.buffer.size = 33554432 (custom)
2019-09-12 10:53:04,297 [pool-126-thread-1] INFO  server.RaftServerConfigKeys (ConfUtils.java:logGet(43)) - raft.server.log.force.sync.num = 128 (default)
2019-09-12 10:53:04,297 [pool-126-thread-1] INFO  server.RaftServerConfigKeys (ConfUtils.java:logGet(43)) - raft.server.log.statemachine.data.sync = true (default)
2019-09-12 10:53:04,297 [e4f93bd3-fff9-4926-9bf8-61056d59521f:group-D680AEF4E21E:LeaderElection39] INFO  impl.RaftServerImpl (ServerState.java:setRaftConf(361)) - e4f93bd3-fff9-4926-9bf8-61056d59521f:group-D680AEF4E21E set configuration 0: [e4f93bd3-fff9-4926-9bf8-61056d59521f:192.168.157.195:41370], old=null at 0
2019-09-12 10:53:04,297 [pool-126-thread-1] INFO  server.RaftServerConfigKeys (ConfUtils.java:logGet(43)) - raft.server.log.statemachine.data.sync.timeout = 10s (default)
2019-09-12 10:53:04,333 [Thread-468] INFO  impl.FollowerState (FollowerState.java:run(106)) - 02d2c735-5a91-4cfc-b37b-8234c14e6879:group-C096732CDEC7 changes to CANDIDATE, lastRpcTime:1011, electionTimeout:1010ms
2019-09-12 10:53:04,333 [Thread-460] INFO  impl.FollowerState (FollowerState.java:run(106)) - 02d2c735-5a91-4cfc-b37b-8234c14e6879:group-E47F59E89625 changes to CANDIDATE, lastRpcTime:1131, electionTimeout:1120ms
2019-09-12 10:53:04,334 [Thread-468] INFO  impl.RoleInfo (RoleInfo.java:shutdownFollowerState(121)) - 02d2c735-5a91-4cfc-b37b-8234c14e6879: shutdown FollowerState
2019-09-12 10:53:04,334 [pool-126-thread-1] INFO  server.RaftServerConfigKeys (ConfUtils.java:logGet(43)) - raft.server.log.statemachine.data.sync.timeout.retry = -1 (default)
2019-09-12 10:53:04,334 [Thread-468] INFO  impl.RaftServerImpl (RaftServerImpl.java:setRole(171)) - 02d2c735-5a91-4cfc-b37b-8234c14e6879:group-C096732CDEC7 changes role from FOLLOWER to CANDIDATE at term 0 for changeToCandidate
2019-09-12 10:53:04,334 [Thread-460] INFO  impl.RoleInfo (RoleInfo.java:shutdownFollowerState(121)) - 02d2c735-5a91-4cfc-b37b-8234c14e6879: shutdown FollowerState
2019-09-12 10:53:04,335 [Thread-468] INFO  impl.RoleInfo (RoleInfo.java:updateAndGet(143)) - 02d2c735-5a91-4cfc-b37b-8234c14e6879: start LeaderElection
2019-09-12 10:53:04,335 [pool-126-thread-1] INFO  server.RaftServerConfigKeys (ConfUtils.java:logGet(43)) - raft.server.log.statemachine.data.caching.enabled = true (custom)
2019-09-12 10:53:04,335 | INFO  | SCMAudit | user=jenkins1000 | ip=192.168.157.195 | op=SEND_HEARTBEAT {datanodeUUID=02d2c735-5a91-4cfc-b37b-8234c14e6879, command=[]} | ret=SUCCESS |  
2019-09-12 10:53:04,335 [Thread-460] INFO  impl.RaftServerImpl (RaftServerImpl.java:setRole(171)) - 02d2c735-5a91-4cfc-b37b-8234c14e6879:group-E47F59E89625 changes role from FOLLOWER to CANDIDATE at term 0 for changeToCandidate
2019-09-12 10:53:04,338 [Thread-460] INFO  impl.RoleInfo (RoleInfo.java:updateAndGet(143)) - 02d2c735-5a91-4cfc-b37b-8234c14e6879: start LeaderElection
2019-09-12 10:53:04,338 [pool-126-thread-1] INFO  segmented.SegmentedRaftLogWorker (SegmentedRaftLogWorker.java:lambda$new$0(132)) - 02d2c735-5a91-4cfc-b37b-8234c14e6879-SegmentedRaftLogWorker:Storage Directory /workdir/hadoop-ozone/integration-test/target/test-dir/MiniOzoneClusterImpl-838a7ec2-4afb-4d68-8138-46fa65bc7e11/datanode-9/data/ratis/d12d7bb4-e5c5-4d5e-b213-70b4718549f0: flushIndex: setUnconditionally 0 -> -1
2019-09-12 10:53:04,341 [pool-126-thread-1] INFO  server.RaftServerConfigKeys (ConfUtils.java:logGet(43)) - raft.server.snapshot.auto.trigger.enabled = true (custom)
2019-09-12 10:53:04,341 [pool-126-thread-1] INFO  server.RaftServerConfigKeys (ConfUtils.java:logGet(43)) - raft.server.snapshot.auto.trigger.threshold = 10000 (custom)
2019-09-12 10:53:04,341 [pool-126-thread-1] INFO  server.RaftServerConfigKeys (ConfUtils.java:logGet(43)) - raft.server.retrycache.expirytime = 600000ms (custom)
2019-09-12 10:53:04,342 [pool-126-thread-1] INFO  impl.RaftServerImpl (RaftServerImpl.java:start(180)) - 02d2c735-5a91-4cfc-b37b-8234c14e6879: start group-70B4718549F0
2019-09-12 10:53:04,342 [pool-126-thread-1] INFO  impl.RaftServerImpl (RaftServerImpl.java:setRole(171)) - 02d2c735-5a91-4cfc-b37b-8234c14e6879:group-70B4718549F0 changes role from null to FOLLOWER at term 0 for startAsFollower
2019-09-12 10:53:04,342 [pool-126-thread-1] INFO  impl.RoleInfo (RoleInfo.java:updateAndGet(143)) - 02d2c735-5a91-4cfc-b37b-8234c14e6879: start FollowerState
2019-09-12 10:53:04,343 [pool-126-thread-1] INFO  util.JmxRegister (JmxRegister.java:tryRegister(44)) - Successfully registered JMX Bean with object name Ratis:service=RaftServer,group=group-70B4718549F0,id=02d2c735-5a91-4cfc-b37b-8234c14e6879
2019-09-12 10:53:04,346 [RatisPipelineUtilsThread] INFO  pipeline.PipelineStateManager (PipelineStateManager.java:addPipeline(56)) - Created pipeline Pipeline[ Id: d12d7bb4-e5c5-4d5e-b213-70b4718549f0, Nodes: 02d2c735-5a91-4cfc-b37b-8234c14e6879{ip: 192.168.157.195, host: pr-hdds-1569-xtfnx-3545843844, networkLocation: /default-rack, certSerialId: null}, Type:RATIS, Factor:ONE, State:OPEN]
2019-09-12 10:53:04,346 [RatisPipelineUtilsThread] ERROR pipeline.PipelinePlacementPolicy (PipelinePlacementPolicy.java:meetCriteria(91)) - Pipeline Placement: Doesn't meet the criteria to be viable node. Heaviness: 6
2019-09-12 10:53:04,346 [e4f93bd3-fff9-4926-9bf8-61056d59521f-SegmentedRaftLogWorker:Storage Directory /workdir/hadoop-ozone/integration-test/target/test-dir/MiniOzoneClusterImpl-838a7ec2-4afb-4d68-8138-46fa65bc7e11/datanode-3/data/ratis/36682389-77b3-4463-916d-d680aef4e21e] INFO  segmented.SegmentedRaftLogWorker (SegmentedRaftLogWorker.java:execute(569)) - e4f93bd3-fff9-4926-9bf8-61056d59521f-SegmentedRaftLogWorker:Storage Directory /workdir/hadoop-ozone/integration-test/target/test-dir/MiniOzoneClusterImpl-838a7ec2-4afb-4d68-8138-46fa65bc7e11/datanode-3/data/ratis/36682389-77b3-4463-916d-d680aef4e21e: created new log segment /workdir/hadoop-ozone/integration-test/target/test-dir/MiniOzoneClusterImpl-838a7ec2-4afb-4d68-8138-46fa65bc7e11/datanode-3/data/ratis/36682389-77b3-4463-916d-d680aef4e21e/current/log_inprogress_0
2019-09-12 10:53:04,346 [02d2c735-5a91-4cfc-b37b-8234c14e6879:group-E47F59E89625:LeaderElection41] INFO  impl.LeaderElection (LeaderElection.java:askForVotes(181)) - 02d2c735-5a91-4cfc-b37b-8234c14e6879:group-E47F59E89625:LeaderElection41: begin an election at term 1 for -1: [02d2c735-5a91-4cfc-b37b-8234c14e6879:192.168.157.195:36291], old=null
2019-09-12 10:53:04,346 [02d2c735-5a91-4cfc-b37b-8234c14e6879:group-C096732CDEC7:LeaderElection40] INFO  impl.LeaderElection (LeaderElection.java:askForVotes(181)) - 02d2c735-5a91-4cfc-b37b-8234c14e6879:group-C096732CDEC7:LeaderElection40: begin an election at term 1 for -1: [02d2c735-5a91-4cfc-b37b-8234c14e6879:192.168.157.195:36291], old=null
2019-09-12 10:53:04,346 [RatisPipelineUtilsThread] ERROR pipeline.PipelinePlacementPolicy (PipelinePlacementPolicy.java:meetCriteria(91)) - Pipeline Placement: Doesn't meet the criteria to be viable node. Heaviness: 6
2019-09-12 10:53:04,347 [02d2c735-5a91-4cfc-b37b-8234c14e6879:group-C096732CDEC7:LeaderElection40] INFO  impl.RoleInfo (RoleInfo.java:shutdownLeaderElection(134)) - 02d2c735-5a91-4cfc-b37b-8234c14e6879: shutdown LeaderElection
2019-09-12 10:53:04,347 [02d2c735-5a91-4cfc-b37b-8234c14e6879:group-E47F59E89625:LeaderElection41] INFO  impl.RoleInfo (RoleInfo.java:shutdownLeaderElection(134)) - 02d2c735-5a91-4cfc-b37b-8234c14e6879: shutdown LeaderElection
2019-09-12 10:53:04,347 [02d2c735-5a91-4cfc-b37b-8234c14e6879:group-C096732CDEC7:LeaderElection40] INFO  impl.RaftServerImpl (RaftServerImpl.java:setRole(171)) - 02d2c735-5a91-4cfc-b37b-8234c14e6879:group-C096732CDEC7 changes role from CANDIDATE to LEADER at term 1 for changeToLeader
2019-09-12 10:53:04,347 [RatisPipelineUtilsThread] ERROR pipeline.PipelinePlacementPolicy (PipelinePlacementPolicy.java:meetCriteria(91)) - Pipeline Placement: Doesn't meet the criteria to be viable node. Heaviness: 6
2019-09-12 10:53:04,348 [RatisPipelineUtilsThread] ERROR pipeline.PipelinePlacementPolicy (PipelinePlacementPolicy.java:meetCriteria(91)) - Pipeline Placement: Doesn't meet the criteria to be viable node. Heaviness: 6
2019-09-12 10:53:04,347 [02d2c735-5a91-4cfc-b37b-8234c14e6879:group-C096732CDEC7:LeaderElection40] INFO  impl.RaftServerImpl (ServerState.java:setLeader(263)) - 02d2c735-5a91-4cfc-b37b-8234c14e6879:group-C096732CDEC7 change Leader from null to 02d2c735-5a91-4cfc-b37b-8234c14e6879 at term 1 for becomeLeader, leader elected after 1029ms
2019-09-12 10:53:04,347 [02d2c735-5a91-4cfc-b37b-8234c14e6879:group-E47F59E89625:LeaderElection41] INFO  impl.RaftServerImpl (RaftServerImpl.java:setRole(171)) - 02d2c735-5a91-4cfc-b37b-8234c14e6879:group-E47F59E89625 changes role from CANDIDATE to LEADER at term 1 for changeToLeader
2019-09-12 10:53:04,348 [02d2c735-5a91-4cfc-b37b-8234c14e6879:group-C096732CDEC7:LeaderElection40] INFO  server.RaftServerConfigKeys (ConfUtils.java:logGet(43)) - raft.server.staging.catchup.gap = 1000 (default)
2019-09-12 10:53:04,348 [RatisPipelineUtilsThread] ERROR pipeline.PipelinePlacementPolicy (PipelinePlacementPolicy.java:meetCriteria(91)) - Pipeline Placement: Doesn't meet the criteria to be viable node. Heaviness: 6
2019-09-12 10:53:04,348 [02d2c735-5a91-4cfc-b37b-8234c14e6879:group-C096732CDEC7:LeaderElection40] INFO  server.RaftServerConfigKeys (ConfUtils.java:logGet(43)) - raft.server.rpc.sleep.time = 25ms (default)
2019-09-12 10:53:04,348 [02d2c735-5a91-4cfc-b37b-8234c14e6879:group-E47F59E89625:LeaderElection41] INFO  impl.RaftServerImpl (ServerState.java:setLeader(263)) - 02d2c735-5a91-4cfc-b37b-8234c14e6879:group-E47F59E89625 change Leader from null to 02d2c735-5a91-4cfc-b37b-8234c14e6879 at term 1 for becomeLeader, leader elected after 1149ms
2019-09-12 10:53:04,349 [02d2c735-5a91-4cfc-b37b-8234c14e6879:group-C096732CDEC7:LeaderElection40] INFO  server.RaftServerConfigKeys (ConfUtils.java:logGet(43)) - raft.server.write.element-limit = 4096 (default)
2019-09-12 10:53:04,349 [RatisPipelineUtilsThread] ERROR pipeline.PipelinePlacementPolicy (PipelinePlacementPolicy.java:meetCriteria(91)) - Pipeline Placement: Doesn't meet the criteria to be viable node. Heaviness: 6
2019-09-12 10:53:04,349 [02d2c735-5a91-4cfc-b37b-8234c14e6879:group-C096732CDEC7:LeaderElection40] INFO  server.RaftServerConfigKeys (ConfUtils.java:logGet(43)) - raft.server.watch.timeout = 10s (default)
2019-09-12 10:53:04,349 [02d2c735-5a91-4cfc-b37b-8234c14e6879:group-E47F59E89625:LeaderElection41] INFO  server.RaftServerConfigKeys (ConfUtils.java:logGet(43)) - raft.server.staging.catchup.gap = 1000 (default)
2019-09-12 10:53:04,349 [02d2c735-5a91-4cfc-b37b-8234c14e6879:group-C096732CDEC7:LeaderElection40] INFO  server.RaftServerConfigKeys (ConfUtils.java:logGet(43)) - raft.server.watch.timeout.denomination = 1s (default)
2019-09-12 10:53:04,349 [RatisPipelineUtilsThread] ERROR pipeline.PipelinePlacementPolicy (PipelinePlacementPolicy.java:meetCriteria(91)) - Pipeline Placement: Doesn't meet the criteria to be viable node. Heaviness: 6
2019-09-12 10:53:04,350 [02d2c735-5a91-4cfc-b37b-8234c14e6879:group-C096732CDEC7:LeaderElection40] INFO  server.RaftServerConfigKeys (ConfUtils.java:logGet(43)) - raft.server.watch.element-limit = 65536 (default)
2019-09-12 10:53:04,349 [02d2c735-5a91-4cfc-b37b-8234c14e6879:group-E47F59E89625:LeaderElection41] INFO  server.RaftServerConfigKeys (ConfUtils.java:logGet(43)) - raft.server.rpc.sleep.time = 25ms (default)
2019-09-12 10:53:04,350 [RatisPipelineUtilsThread] ERROR pipeline.PipelinePlacementPolicy (PipelinePlacementPolicy.java:meetCriteria(91)) - Pipeline Placement: Doesn't meet the criteria to be viable node. Heaviness: 6
2019-09-12 10:53:04,350 [02d2c735-5a91-4cfc-b37b-8234c14e6879:group-E47F59E89625:LeaderElection41] INFO  server.RaftServerConfigKeys (ConfUtils.java:logGet(43)) - raft.server.write.element-limit = 4096 (default)
2019-09-12 10:53:04,350 [02d2c735-5a91-4cfc-b37b-8234c14e6879:group-C096732CDEC7:LeaderElection40] INFO  impl.RoleInfo (RoleInfo.java:updateAndGet(143)) - 02d2c735-5a91-4cfc-b37b-8234c14e6879: start LeaderState
2019-09-12 10:53:04,350 [02d2c735-5a91-4cfc-b37b-8234c14e6879:group-E47F59E89625:LeaderElection41] INFO  server.RaftServerConfigKeys (ConfUtils.java:logGet(43)) - raft.server.watch.timeout = 10s (default)
2019-09-12 10:53:04,351 [02d2c735-5a91-4cfc-b37b-8234c14e6879:group-C096732CDEC7:LeaderElection40] INFO  segmented.SegmentedRaftLogWorker (SegmentedRaftLogWorker.java:startLogSegment(380)) - 02d2c735-5a91-4cfc-b37b-8234c14e6879-SegmentedRaftLogWorker:Storage Directory /workdir/hadoop-ozone/integration-test/target/test-dir/MiniOzoneClusterImpl-838a7ec2-4afb-4d68-8138-46fa65bc7e11/datanode-9/data/ratis/a4ea00f3-dbeb-42a9-9a86-c096732cdec7: Starting segment from index:0
2019-09-12 10:53:04,351 [02d2c735-5a91-4cfc-b37b-8234c14e6879:group-E47F59E89625:LeaderElection41] INFO  server.RaftServerConfigKeys (ConfUtils.java:logGet(43)) - raft.server.watch.timeout.denomination = 1s (default)
2019-09-12 10:53:04,351 [02d2c735-5a91-4cfc-b37b-8234c14e6879:group-E47F59E89625:LeaderElection41] INFO  server.RaftServerConfigKeys (ConfUtils.java:logGet(43)) - raft.server.watch.element-limit = 65536 (default)
2019-09-12 10:53:04,351 [02d2c735-5a91-4cfc-b37b-8234c14e6879:group-C096732CDEC7:LeaderElection40] INFO  impl.RaftServerImpl (ServerState.java:setRaftConf(361)) - 02d2c735-5a91-4cfc-b37b-8234c14e6879:group-C096732CDEC7 set configuration 0: [02d2c735-5a91-4cfc-b37b-8234c14e6879:192.168.157.195:36291], old=null at 0
2019-09-12 10:53:04,351 [02d2c735-5a91-4cfc-b37b-8234c14e6879:group-E47F59E89625:LeaderElection41] INFO  impl.RoleInfo (RoleInfo.java:updateAndGet(143)) - 02d2c735-5a91-4cfc-b37b-8234c14e6879: start LeaderState
2019-09-12 10:53:04,396 [02d2c735-5a91-4cfc-b37b-8234c14e6879:group-E47F59E89625:LeaderElection41] INFO  segmented.SegmentedRaftLogWorker (SegmentedRaftLogWorker.java:startLogSegment(380)) - 02d2c735-5a91-4cfc-b37b-8234c14e6879-SegmentedRaftLogWorker:Storage Directory /workdir/hadoop-ozone/integration-test/target/test-dir/MiniOzoneClusterImpl-838a7ec2-4afb-4d68-8138-46fa65bc7e11/datanode-9/data/ratis/d1244fc5-f91c-422b-b8eb-e47f59e89625: Starting segment from index:0
2019-09-12 10:53:04,397 [Thread-465] INFO  impl.FollowerState (FollowerState.java:run(106)) - 3aa8f21e-cbc0-493e-b8ca-fbb3b21697d5:group-F57BFE1248A2 changes to CANDIDATE, lastRpcTime:1118, electionTimeout:1118ms
2019-09-12 10:53:04,397 [02d2c735-5a91-4cfc-b37b-8234c14e6879:group-E47F59E89625:LeaderElection41] INFO  impl.RaftServerImpl (ServerState.java:setRaftConf(361)) - 02d2c735-5a91-4cfc-b37b-8234c14e6879:group-E47F59E89625 set configuration 0: [02d2c735-5a91-4cfc-b37b-8234c14e6879:192.168.157.195:36291], old=null at 0
2019-09-12 10:53:04,397 [Thread-465] INFO  impl.RoleInfo (RoleInfo.java:shutdownFollowerState(121)) - 3aa8f21e-cbc0-493e-b8ca-fbb3b21697d5: shutdown FollowerState
2019-09-12 10:53:04,397 [Thread-465] INFO  impl.RaftServerImpl (RaftServerImpl.java:setRole(171)) - 3aa8f21e-cbc0-493e-b8ca-fbb3b21697d5:group-F57BFE1248A2 changes role from FOLLOWER to CANDIDATE at term 0 for changeToCandidate
2019-09-12 10:53:04,398 [Thread-465] INFO  impl.RoleInfo (RoleInfo.java:updateAndGet(143)) - 3aa8f21e-cbc0-493e-b8ca-fbb3b21697d5: start LeaderElection
2019-09-12 10:53:04,437 [02d2c735-5a91-4cfc-b37b-8234c14e6879-SegmentedRaftLogWorker:Storage Directory /workdir/hadoop-ozone/integration-test/target/test-dir/MiniOzoneClusterImpl-838a7ec2-4afb-4d68-8138-46fa65bc7e11/datanode-9/data/ratis/a4ea00f3-dbeb-42a9-9a86-c096732cdec7] INFO  segmented.SegmentedRaftLogWorker (SegmentedRaftLogWorker.java:execute(569)) - 02d2c735-5a91-4cfc-b37b-8234c14e6879-SegmentedRaftLogWorker:Storage Directory /workdir/hadoop-ozone/integration-test/target/test-dir/MiniOzoneClusterImpl-838a7ec2-4afb-4d68-8138-46fa65bc7e11/datanode-9/data/ratis/a4ea00f3-dbeb-42a9-9a86-c096732cdec7: created new log segment /workdir/hadoop-ozone/integration-test/target/test-dir/MiniOzoneClusterImpl-838a7ec2-4afb-4d68-8138-46fa65bc7e11/datanode-9/data/ratis/a4ea00f3-dbeb-42a9-9a86-c096732cdec7/current/log_inprogress_0
2019-09-12 10:53:04,438 | INFO  | SCMAudit | user=jenkins1000 | ip=192.168.157.195 | op=SEND_HEARTBEAT {datanodeUUID=3aa8f21e-cbc0-493e-b8ca-fbb3b21697d5, command=[]} | ret=SUCCESS |  
2019-09-12 10:53:04,438 | INFO  | SCMAudit | user=jenkins1000 | ip=192.168.157.195 | op=SEND_HEARTBEAT {datanodeUUID=9dc3d9e1-35df-4da5-a2c1-5b39dd910295, command=[]} | ret=SUCCESS |  
2019-09-12 10:53:04,440 [Thread-475] INFO  impl.FollowerState (FollowerState.java:run(106)) - 005a1424-1186-4d58-b0b5-fdf3e953d666:group-FC9C41026EA7 changes to CANDIDATE, lastRpcTime:1012, electionTimeout:1012ms
2019-09-12 10:53:04,440 [Thread-475] INFO  impl.RoleInfo (RoleInfo.java:shutdownFollowerState(121)) - 005a1424-1186-4d58-b0b5-fdf3e953d666: shutdown FollowerState
2019-09-12 10:53:04,440 [Thread-475] INFO  impl.RaftServerImpl (RaftServerImpl.java:setRole(171)) - 005a1424-1186-4d58-b0b5-fdf3e953d666:group-FC9C41026EA7 changes role from FOLLOWER to CANDIDATE at term 0 for changeToCandidate
2019-09-12 10:53:04,440 [Thread-475] INFO  impl.RoleInfo (RoleInfo.java:updateAndGet(143)) - 005a1424-1186-4d58-b0b5-fdf3e953d666: start LeaderElection
2019-09-12 10:53:04,446 [grpc-default-executor-0] INFO  impl.RaftServerProxy (RaftServerProxy.java:addNew(89)) - c17d4de2-caaf-4ec0-b997-c9cf8b2a9041: addNew group-2509437EBB9E:[c17d4de2-caaf-4ec0-b997-c9cf8b2a9041:192.168.157.195:41944] returns group-2509437EBB9E:java.util.concurrent.CompletableFuture@56e1d829[Not completed]
2019-09-12 10:53:04,448 [pool-115-thread-1] INFO  impl.RaftServerImpl (RaftServerImpl.java:<init>(93)) - c17d4de2-caaf-4ec0-b997-c9cf8b2a9041: new RaftServerImpl for group-2509437EBB9E:[c17d4de2-caaf-4ec0-b997-c9cf8b2a9041:192.168.157.195:41944] with ContainerStateMachine:uninitialized
2019-09-12 10:53:04,448 [pool-115-thread-1] INFO  server.RaftServerConfigKeys (ConfUtils.java:logGet(43)) - raft.server.rpc.timeout.min = 1s (custom)
2019-09-12 10:53:04,448 [pool-115-thread-1] INFO  server.RaftServerConfigKeys (ConfUtils.java:logGet(43)) - raft.server.rpc.timeout.max = 1200ms (custom)
2019-09-12 10:53:04,448 [pool-115-thread-1] INFO  server.RaftServerConfigKeys (ConfUtils.java:logGet(43)) - raft.server.rpcslowness.timeout = 120s (custom)
2019-09-12 10:53:04,448 [pool-115-thread-1] INFO  server.RaftServerConfigKeys (ConfUtils.java:logGet(43)) - raft.server.sleep.deviation.threshold = 300 (default)
2019-09-12 10:53:04,448 [pool-115-thread-1] INFO  server.RaftServerConfigKeys (ConfUtils.java:logGet(43)) - raft.server.log.appender.install.snapshot.enabled = false (custom)
2019-09-12 10:53:04,449 [02d2c735-5a91-4cfc-b37b-8234c14e6879-SegmentedRaftLogWorker:Storage Directory /workdir/hadoop-ozone/integration-test/target/test-dir/MiniOzoneClusterImpl-838a7ec2-4afb-4d68-8138-46fa65bc7e11/datanode-9/data/ratis/d1244fc5-f91c-422b-b8eb-e47f59e89625] INFO  segmented.SegmentedRaftLogWorker (SegmentedRaftLogWorker.java:execute(569)) - 02d2c735-5a91-4cfc-b37b-8234c14e6879-SegmentedRaftLogWorker:Storage Directory /workdir/hadoop-ozone/integration-test/target/test-dir/MiniOzoneClusterImpl-838a7ec2-4afb-4d68-8138-46fa65bc7e11/datanode-9/data/ratis/d1244fc5-f91c-422b-b8eb-e47f59e89625: created new log segment /workdir/hadoop-ozone/integration-test/target/test-dir/MiniOzoneClusterImpl-838a7ec2-4afb-4d68-8138-46fa65bc7e11/datanode-9/data/ratis/d1244fc5-f91c-422b-b8eb-e47f59e89625/current/log_inprogress_0
2019-09-12 10:53:04,449 [3aa8f21e-cbc0-493e-b8ca-fbb3b21697d5:group-F57BFE1248A2:LeaderElection42] INFO  impl.LeaderElection (LeaderElection.java:askForVotes(181)) - 3aa8f21e-cbc0-493e-b8ca-fbb3b21697d5:group-F57BFE1248A2:LeaderElection42: begin an election at term 1 for -1: [3aa8f21e-cbc0-493e-b8ca-fbb3b21697d5:192.168.157.195:34525], old=null
2019-09-12 10:53:04,449 [pool-115-thread-1] INFO  impl.RaftServerImpl (ServerState.java:<init>(105)) - c17d4de2-caaf-4ec0-b997-c9cf8b2a9041:group-2509437EBB9E ConfigurationManager, init=-1: [c17d4de2-caaf-4ec0-b997-c9cf8b2a9041:192.168.157.195:41944], old=null, confs=<EMPTY_MAP>
2019-09-12 10:53:04,449 [3aa8f21e-cbc0-493e-b8ca-fbb3b21697d5:group-F57BFE1248A2:LeaderElection42] INFO  impl.RoleInfo (RoleInfo.java:shutdownLeaderElection(134)) - 3aa8f21e-cbc0-493e-b8ca-fbb3b21697d5: shutdown LeaderElection
2019-09-12 10:53:04,449 [pool-115-thread-1] INFO  server.RaftServerConfigKeys (ConfUtils.java:logGet(43)) - raft.server.storage.dir = [/workdir/hadoop-ozone/integration-test/target/test-dir/MiniOzoneClusterImpl-838a7ec2-4afb-4d68-8138-46fa65bc7e11/datanode-8/data/ratis] (custom)
2019-09-12 10:53:04,449 [3aa8f21e-cbc0-493e-b8ca-fbb3b21697d5:group-F57BFE1248A2:LeaderElection42] INFO  impl.RaftServerImpl (RaftServerImpl.java:setRole(171)) - 3aa8f21e-cbc0-493e-b8ca-fbb3b21697d5:group-F57BFE1248A2 changes role from CANDIDATE to LEADER at term 1 for changeToLeader
2019-09-12 10:53:04,449 [3aa8f21e-cbc0-493e-b8ca-fbb3b21697d5:group-F57BFE1248A2:LeaderElection42] INFO  impl.RaftServerImpl (ServerState.java:setLeader(263)) - 3aa8f21e-cbc0-493e-b8ca-fbb3b21697d5:group-F57BFE1248A2 change Leader from null to 3aa8f21e-cbc0-493e-b8ca-fbb3b21697d5 at term 1 for becomeLeader, leader elected after 1173ms
2019-09-12 10:53:04,449 [3aa8f21e-cbc0-493e-b8ca-fbb3b21697d5:group-F57BFE1248A2:LeaderElection42] INFO  server.RaftServerConfigKeys (ConfUtils.java:logGet(43)) - raft.server.staging.catchup.gap = 1000 (default)
2019-09-12 10:53:04,449 [pool-115-thread-1] INFO  storage.RaftStorageDirectory (RaftStorageDirectory.java:analyzeStorage(246)) - The storage directory /workdir/hadoop-ozone/integration-test/target/test-dir/MiniOzoneClusterImpl-838a7ec2-4afb-4d68-8138-46fa65bc7e11/datanode-8/data/ratis/6a2fd8ec-259b-434e-bcc1-2509437ebb9e does not exist. Creating ...
2019-09-12 10:53:04,450 [3aa8f21e-cbc0-493e-b8ca-fbb3b21697d5:group-F57BFE1248A2:LeaderElection42] INFO  server.RaftServerConfigKeys (ConfUtils.java:logGet(43)) - raft.server.rpc.sleep.time = 25ms (default)
2019-09-12 10:53:04,450 [3aa8f21e-cbc0-493e-b8ca-fbb3b21697d5:group-F57BFE1248A2:LeaderElection42] INFO  server.RaftServerConfigKeys (ConfUtils.java:logGet(43)) - raft.server.write.element-limit = 4096 (default)
2019-09-12 10:53:04,450 [3aa8f21e-cbc0-493e-b8ca-fbb3b21697d5:group-F57BFE1248A2:LeaderElection42] INFO  server.RaftServerConfigKeys (ConfUtils.java:logGet(43)) - raft.server.watch.timeout = 10s (default)
2019-09-12 10:53:04,450 [3aa8f21e-cbc0-493e-b8ca-fbb3b21697d5:group-F57BFE1248A2:LeaderElection42] INFO  server.RaftServerConfigKeys (ConfUtils.java:logGet(43)) - raft.server.watch.timeout.denomination = 1s (default)
2019-09-12 10:53:04,450 [3aa8f21e-cbc0-493e-b8ca-fbb3b21697d5:group-F57BFE1248A2:LeaderElection42] INFO  server.RaftServerConfigKeys (ConfUtils.java:logGet(43)) - raft.server.watch.element-limit = 65536 (default)
2019-09-12 10:53:04,451 [3aa8f21e-cbc0-493e-b8ca-fbb3b21697d5:group-F57BFE1248A2:LeaderElection42] INFO  impl.RoleInfo (RoleInfo.java:updateAndGet(143)) - 3aa8f21e-cbc0-493e-b8ca-fbb3b21697d5: start LeaderState
2019-09-12 10:53:04,451 [3aa8f21e-cbc0-493e-b8ca-fbb3b21697d5:group-F57BFE1248A2:LeaderElection42] INFO  segmented.SegmentedRaftLogWorker (SegmentedRaftLogWorker.java:startLogSegment(380)) - 3aa8f21e-cbc0-493e-b8ca-fbb3b21697d5-SegmentedRaftLogWorker:Storage Directory /workdir/hadoop-ozone/integration-test/target/test-dir/MiniOzoneClusterImpl-838a7ec2-4afb-4d68-8138-46fa65bc7e11/datanode-5/data/ratis/bbc420fb-991e-4c0c-9ed2-f57bfe1248a2: Starting segment from index:0
2019-09-12 10:53:04,451 [005a1424-1186-4d58-b0b5-fdf3e953d666:group-FC9C41026EA7:LeaderElection43] INFO  impl.LeaderElection (LeaderElection.java:askForVotes(181)) - 005a1424-1186-4d58-b0b5-fdf3e953d666:group-FC9C41026EA7:LeaderElection43: begin an election at term 1 for -1: [005a1424-1186-4d58-b0b5-fdf3e953d666:192.168.157.195:33930], old=null
2019-09-12 10:53:04,451 [005a1424-1186-4d58-b0b5-fdf3e953d666:group-FC9C41026EA7:LeaderElection43] INFO  impl.RoleInfo (RoleInfo.java:shutdownLeaderElection(134)) - 005a1424-1186-4d58-b0b5-fdf3e953d666: shutdown LeaderElection
2019-09-12 10:53:04,451 [005a1424-1186-4d58-b0b5-fdf3e953d666:group-FC9C41026EA7:LeaderElection43] INFO  impl.RaftServerImpl (RaftServerImpl.java:setRole(171)) - 005a1424-1186-4d58-b0b5-fdf3e953d666:group-FC9C41026EA7 changes role from CANDIDATE to LEADER at term 1 for changeToLeader
2019-09-12 10:53:04,451 [3aa8f21e-cbc0-493e-b8ca-fbb3b21697d5:group-F57BFE1248A2:LeaderElection42] INFO  impl.RaftServerImpl (ServerState.java:setRaftConf(361)) - 3aa8f21e-cbc0-493e-b8ca-fbb3b21697d5:group-F57BFE1248A2 set configuration 0: [3aa8f21e-cbc0-493e-b8ca-fbb3b21697d5:192.168.157.195:34525], old=null at 0
2019-09-12 10:53:04,451 [005a1424-1186-4d58-b0b5-fdf3e953d666:group-FC9C41026EA7:LeaderElection43] INFO  impl.RaftServerImpl (ServerState.java:setLeader(263)) - 005a1424-1186-4d58-b0b5-fdf3e953d666:group-FC9C41026EA7 change Leader from null to 005a1424-1186-4d58-b0b5-fdf3e953d666 at term 1 for becomeLeader, leader elected after 1085ms
2019-09-12 10:53:04,452 [005a1424-1186-4d58-b0b5-fdf3e953d666:group-FC9C41026EA7:LeaderElection43] INFO  server.RaftServerConfigKeys (ConfUtils.java:logGet(43)) - raft.server.staging.catchup.gap = 1000 (default)
2019-09-12 10:53:04,452 [005a1424-1186-4d58-b0b5-fdf3e953d666:group-FC9C41026EA7:LeaderElection43] INFO  server.RaftServerConfigKeys (ConfUtils.java:logGet(43)) - raft.server.rpc.sleep.time = 25ms (default)
2019-09-12 10:53:04,452 [005a1424-1186-4d58-b0b5-fdf3e953d666:group-FC9C41026EA7:LeaderElection43] INFO  server.RaftServerConfigKeys (ConfUtils.java:logGet(43)) - raft.server.write.element-limit = 4096 (default)
2019-09-12 10:53:04,452 [005a1424-1186-4d58-b0b5-fdf3e953d666:group-FC9C41026EA7:LeaderElection43] INFO  server.RaftServerConfigKeys (ConfUtils.java:logGet(43)) - raft.server.watch.timeout = 10s (default)
2019-09-12 10:53:04,452 [005a1424-1186-4d58-b0b5-fdf3e953d666:group-FC9C41026EA7:LeaderElection43] INFO  server.RaftServerConfigKeys (ConfUtils.java:logGet(43)) - raft.server.watch.timeout.denomination = 1s (default)
2019-09-12 10:53:04,452 [005a1424-1186-4d58-b0b5-fdf3e953d666:group-FC9C41026EA7:LeaderElection43] INFO  server.RaftServerConfigKeys (ConfUtils.java:logGet(43)) - raft.server.watch.element-limit = 65536 (default)
2019-09-12 10:53:04,453 [005a1424-1186-4d58-b0b5-fdf3e953d666:group-FC9C41026EA7:LeaderElection43] INFO  impl.RoleInfo (RoleInfo.java:updateAndGet(143)) - 005a1424-1186-4d58-b0b5-fdf3e953d666: start LeaderState
2019-09-12 10:53:04,453 [pool-115-thread-1] INFO  storage.RaftStorageDirectory (RaftStorageDirectory.java:tryLock(328)) - Lock on /workdir/hadoop-ozone/integration-test/target/test-dir/MiniOzoneClusterImpl-838a7ec2-4afb-4d68-8138-46fa65bc7e11/datanode-8/data/ratis/6a2fd8ec-259b-434e-bcc1-2509437ebb9e/in_use.lock acquired by nodename 620@pr-hdds-1569-xtfnx-3545843844
2019-09-12 10:53:04,453 [005a1424-1186-4d58-b0b5-fdf3e953d666:group-FC9C41026EA7:LeaderElection43] INFO  segmented.SegmentedRaftLogWorker (SegmentedRaftLogWorker.java:startLogSegment(380)) - 005a1424-1186-4d58-b0b5-fdf3e953d666-SegmentedRaftLogWorker:Storage Directory /workdir/hadoop-ozone/integration-test/target/test-dir/MiniOzoneClusterImpl-838a7ec2-4afb-4d68-8138-46fa65bc7e11/datanode-6/data/ratis/5774af74-f54a-4be2-a18e-fc9c41026ea7: Starting segment from index:0
2019-09-12 10:53:04,454 [005a1424-1186-4d58-b0b5-fdf3e953d666:group-FC9C41026EA7:LeaderElection43] INFO  impl.RaftServerImpl (ServerState.java:setRaftConf(361)) - 005a1424-1186-4d58-b0b5-fdf3e953d666:group-FC9C41026EA7 set configuration 0: [005a1424-1186-4d58-b0b5-fdf3e953d666:192.168.157.195:33930], old=null at 0
2019-09-12 10:53:04,475 [pool-115-thread-1] INFO  storage.RaftStorage (RaftStorage.java:format(72)) - Storage directory /workdir/hadoop-ozone/integration-test/target/test-dir/MiniOzoneClusterImpl-838a7ec2-4afb-4d68-8138-46fa65bc7e11/datanode-8/data/ratis/6a2fd8ec-259b-434e-bcc1-2509437ebb9e has been successfully formatted.
2019-09-12 10:53:04,476 [pool-115-thread-1] INFO  ratis.ContainerStateMachine (ContainerStateMachine.java:loadSnapshot(226)) - group-2509437EBB9E: The snapshot info is null. Setting the last applied indexto:(t:0, i:~)
2019-09-12 10:53:04,476 [pool-115-thread-1] INFO  server.RaftServerConfigKeys (ConfUtils.java:logGet(43)) - raft.server.leader.election.timeout = 120s (custom)
2019-09-12 10:53:04,476 [pool-115-thread-1] INFO  server.RaftServerConfigKeys (ConfUtils.java:logGet(43)) - raft.server.log.use.memory = false (default)
2019-09-12 10:53:04,476 [pool-115-thread-1] INFO  server.RaftServerConfigKeys (ConfUtils.java:logGet(43)) - raft.server.log.purge.gap = 1000000 (custom)
2019-09-12 10:53:04,477 [pool-115-thread-1] INFO  server.RaftServerConfigKeys (ConfUtils.java:logGet(43)) - raft.server.log.appender.buffer.byte-limit = 33554432 (custom)
2019-09-12 10:53:04,477 [pool-115-thread-1] INFO  server.RaftServerConfigKeys (ConfUtils.java:logGet(43)) - raft.server.log.segment.size.max = 1048576 (custom)
2019-09-12 10:53:04,477 [pool-115-thread-1] INFO  server.RaftServerConfigKeys (ConfUtils.java:logGet(43)) - raft.server.log.segment.cache.num.max = 2 (custom)
2019-09-12 10:53:04,477 [pool-115-thread-1] INFO  segmented.SegmentedRaftLogWorker (SegmentedRaftLogWorker.java:<init>(172)) - new c17d4de2-caaf-4ec0-b997-c9cf8b2a9041-SegmentedRaftLogWorker:Storage Directory /workdir/hadoop-ozone/integration-test/target/test-dir/MiniOzoneClusterImpl-838a7ec2-4afb-4d68-8138-46fa65bc7e11/datanode-8/data/ratis/6a2fd8ec-259b-434e-bcc1-2509437ebb9e for RaftStorage:Storage Directory /workdir/hadoop-ozone/integration-test/target/test-dir/MiniOzoneClusterImpl-838a7ec2-4afb-4d68-8138-46fa65bc7e11/datanode-8/data/ratis/6a2fd8ec-259b-434e-bcc1-2509437ebb9e
2019-09-12 10:53:04,477 [pool-115-thread-1] INFO  server.RaftServerConfigKeys (ConfUtils.java:logGet(43)) - raft.server.log.queue.byte-limit = 2147483647 (custom)
2019-09-12 10:53:04,478 [pool-115-thread-1] INFO  server.RaftServerConfigKeys (ConfUtils.java:logGet(43)) - raft.server.log.queue.element-limit = 1024 (custom)
2019-09-12 10:53:04,478 [pool-115-thread-1] INFO  server.RaftServerConfigKeys (ConfUtils.java:logGet(43)) - raft.server.log.segment.size.max = 1048576 (custom)
2019-09-12 10:53:04,478 [pool-115-thread-1] INFO  server.RaftServerConfigKeys (ConfUtils.java:logGet(43)) - raft.server.log.preallocated.size = 16384 (custom)
2019-09-12 10:53:04,478 [pool-115-thread-1] INFO  server.RaftServerConfigKeys (ConfUtils.java:logGet(43)) - raft.server.log.write.buffer.size = 33554432 (custom)
2019-09-12 10:53:04,478 [pool-115-thread-1] INFO  server.RaftServerConfigKeys (ConfUtils.java:logGet(43)) - raft.server.log.force.sync.num = 128 (default)
2019-09-12 10:53:04,478 [pool-115-thread-1] INFO  server.RaftServerConfigKeys (ConfUtils.java:logGet(43)) - raft.server.log.statemachine.data.sync = true (default)
2019-09-12 10:53:04,479 [pool-115-thread-1] INFO  server.RaftServerConfigKeys (ConfUtils.java:logGet(43)) - raft.server.log.statemachine.data.sync.timeout = 10s (default)
2019-09-12 10:53:04,479 [pool-115-thread-1] INFO  server.RaftServerConfigKeys (ConfUtils.java:logGet(43)) - raft.server.log.statemachine.data.sync.timeout.retry = -1 (default)
2019-09-12 10:53:04,479 [pool-115-thread-1] INFO  server.RaftServerConfigKeys (ConfUtils.java:logGet(43)) - raft.server.log.statemachine.data.caching.enabled = true (custom)
2019-09-12 10:53:04,479 [pool-115-thread-1] INFO  segmented.SegmentedRaftLogWorker (SegmentedRaftLogWorker.java:lambda$new$0(132)) - c17d4de2-caaf-4ec0-b997-c9cf8b2a9041-SegmentedRaftLogWorker:Storage Directory /workdir/hadoop-ozone/integration-test/target/test-dir/MiniOzoneClusterImpl-838a7ec2-4afb-4d68-8138-46fa65bc7e11/datanode-8/data/ratis/6a2fd8ec-259b-434e-bcc1-2509437ebb9e: flushIndex: setUnconditionally 0 -> -1
2019-09-12 10:53:04,480 [pool-115-thread-1] INFO  server.RaftServerConfigKeys (ConfUtils.java:logGet(43)) - raft.server.snapshot.auto.trigger.enabled = true (custom)
2019-09-12 10:53:04,480 [pool-115-thread-1] INFO  server.RaftServerConfigKeys (ConfUtils.java:logGet(43)) - raft.server.snapshot.auto.trigger.threshold = 10000 (custom)
2019-09-12 10:53:04,480 [pool-115-thread-1] INFO  server.RaftServerConfigKeys (ConfUtils.java:logGet(43)) - raft.server.retrycache.expirytime = 600000ms (custom)
2019-09-12 10:53:04,480 [pool-115-thread-1] INFO  impl.RaftServerImpl (RaftServerImpl.java:start(180)) - c17d4de2-caaf-4ec0-b997-c9cf8b2a9041: start group-2509437EBB9E
2019-09-12 10:53:04,481 [pool-115-thread-1] INFO  impl.RaftServerImpl (RaftServerImpl.java:setRole(171)) - c17d4de2-caaf-4ec0-b997-c9cf8b2a9041:group-2509437EBB9E changes role from null to FOLLOWER at term 0 for startAsFollower
2019-09-12 10:53:04,481 [pool-115-thread-1] INFO  impl.RoleInfo (RoleInfo.java:updateAndGet(143)) - c17d4de2-caaf-4ec0-b997-c9cf8b2a9041: start FollowerState
2019-09-12 10:53:04,481 [pool-115-thread-1] INFO  util.JmxRegister (JmxRegister.java:tryRegister(44)) - Successfully registered JMX Bean with object name Ratis:service=RaftServer,group=group-2509437EBB9E,id=c17d4de2-caaf-4ec0-b997-c9cf8b2a9041
2019-09-12 10:53:04,484 [RatisPipelineUtilsThread] INFO  pipeline.PipelineStateManager (PipelineStateManager.java:addPipeline(56)) - Created pipeline Pipeline[ Id: 6a2fd8ec-259b-434e-bcc1-2509437ebb9e, Nodes: c17d4de2-caaf-4ec0-b997-c9cf8b2a9041{ip: 192.168.157.195, host: pr-hdds-1569-xtfnx-3545843844, networkLocation: /default-rack, certSerialId: null}, Type:RATIS, Factor:ONE, State:OPEN]
2019-09-12 10:53:04,485 [RatisPipelineUtilsThread] ERROR pipeline.PipelinePlacementPolicy (PipelinePlacementPolicy.java:meetCriteria(91)) - Pipeline Placement: Doesn't meet the criteria to be viable node. Heaviness: 6
2019-09-12 10:53:04,485 [RatisPipelineUtilsThread] ERROR pipeline.PipelinePlacementPolicy (PipelinePlacementPolicy.java:meetCriteria(91)) - Pipeline Placement: Doesn't meet the criteria to be viable node. Heaviness: 6
2019-09-12 10:53:04,485 [RatisPipelineUtilsThread] ERROR pipeline.PipelinePlacementPolicy (PipelinePlacementPolicy.java:meetCriteria(91)) - Pipeline Placement: Doesn't meet the criteria to be viable node. Heaviness: 6
2019-09-12 10:53:04,485 [RatisPipelineUtilsThread] ERROR pipeline.PipelinePlacementPolicy (PipelinePlacementPolicy.java:meetCriteria(91)) - Pipeline Placement: Doesn't meet the criteria to be viable node. Heaviness: 6
2019-09-12 10:53:04,485 [RatisPipelineUtilsThread] ERROR pipeline.PipelinePlacementPolicy (PipelinePlacementPolicy.java:meetCriteria(91)) - Pipeline Placement: Doesn't meet the criteria to be viable node. Heaviness: 6
2019-09-12 10:53:04,485 [RatisPipelineUtilsThread] ERROR pipeline.PipelinePlacementPolicy (PipelinePlacementPolicy.java:meetCriteria(91)) - Pipeline Placement: Doesn't meet the criteria to be viable node. Heaviness: 6
2019-09-12 10:53:04,486 [RatisPipelineUtilsThread] ERROR pipeline.PipelinePlacementPolicy (PipelinePlacementPolicy.java:meetCriteria(91)) - Pipeline Placement: Doesn't meet the criteria to be viable node. Heaviness: 6
2019-09-12 10:53:04,486 [RatisPipelineUtilsThread] ERROR pipeline.PipelinePlacementPolicy (PipelinePlacementPolicy.java:meetCriteria(91)) - Pipeline Placement: Doesn't meet the criteria to be viable node. Heaviness: 6
2019-09-12 10:53:04,491 [grpc-default-executor-0] INFO  impl.RaftServerProxy (RaftServerProxy.java:addNew(89)) - c17d4de2-caaf-4ec0-b997-c9cf8b2a9041: addNew group-50A1C28FB449:[c17d4de2-caaf-4ec0-b997-c9cf8b2a9041:192.168.157.195:41944] returns group-50A1C28FB449:java.util.concurrent.CompletableFuture@2c721167[Not completed]
2019-09-12 10:53:04,493 [pool-115-thread-1] INFO  impl.RaftServerImpl (RaftServerImpl.java:<init>(93)) - c17d4de2-caaf-4ec0-b997-c9cf8b2a9041: new RaftServerImpl for group-50A1C28FB449:[c17d4de2-caaf-4ec0-b997-c9cf8b2a9041:192.168.157.195:41944] with ContainerStateMachine:uninitialized
2019-09-12 10:53:04,494 [pool-115-thread-1] INFO  server.RaftServerConfigKeys (ConfUtils.java:logGet(43)) - raft.server.rpc.timeout.min = 1s (custom)
2019-09-12 10:53:04,494 [pool-115-thread-1] INFO  server.RaftServerConfigKeys (ConfUtils.java:logGet(43)) - raft.server.rpc.timeout.max = 1200ms (custom)
2019-09-12 10:53:04,494 [pool-115-thread-1] INFO  server.RaftServerConfigKeys (ConfUtils.java:logGet(43)) - raft.server.rpcslowness.timeout = 120s (custom)
2019-09-12 10:53:04,494 [pool-115-thread-1] INFO  server.RaftServerConfigKeys (ConfUtils.java:logGet(43)) - raft.server.sleep.deviation.threshold = 300 (default)
2019-09-12 10:53:04,494 [pool-115-thread-1] INFO  server.RaftServerConfigKeys (ConfUtils.java:logGet(43)) - raft.server.log.appender.install.snapshot.enabled = false (custom)
2019-09-12 10:53:04,494 [pool-115-thread-1] INFO  impl.RaftServerImpl (ServerState.java:<init>(105)) - c17d4de2-caaf-4ec0-b997-c9cf8b2a9041:group-50A1C28FB449 ConfigurationManager, init=-1: [c17d4de2-caaf-4ec0-b997-c9cf8b2a9041:192.168.157.195:41944], old=null, confs=<EMPTY_MAP>
2019-09-12 10:53:04,495 [pool-115-thread-1] INFO  server.RaftServerConfigKeys (ConfUtils.java:logGet(43)) - raft.server.storage.dir = [/workdir/hadoop-ozone/integration-test/target/test-dir/MiniOzoneClusterImpl-838a7ec2-4afb-4d68-8138-46fa65bc7e11/datanode-8/data/ratis] (custom)
2019-09-12 10:53:04,495 [pool-115-thread-1] INFO  storage.RaftStorageDirectory (RaftStorageDirectory.java:analyzeStorage(246)) - The storage directory /workdir/hadoop-ozone/integration-test/target/test-dir/MiniOzoneClusterImpl-838a7ec2-4afb-4d68-8138-46fa65bc7e11/datanode-8/data/ratis/181e34b9-daa4-4299-8742-50a1c28fb449 does not exist. Creating ...
2019-09-12 10:53:04,496 [Thread-478] INFO  impl.FollowerState (FollowerState.java:run(106)) - 35ed61f3-e470-497f-b63f-7decb4cef9e0:group-8E361D47D408 changes to CANDIDATE, lastRpcTime:1022, electionTimeout:1022ms
2019-09-12 10:53:04,496 [Thread-478] INFO  impl.RoleInfo (RoleInfo.java:shutdownFollowerState(121)) - 35ed61f3-e470-497f-b63f-7decb4cef9e0: shutdown FollowerState
2019-09-12 10:53:04,496 [3aa8f21e-cbc0-493e-b8ca-fbb3b21697d5-SegmentedRaftLogWorker:Storage Directory /workdir/hadoop-ozone/integration-test/target/test-dir/MiniOzoneClusterImpl-838a7ec2-4afb-4d68-8138-46fa65bc7e11/datanode-5/data/ratis/bbc420fb-991e-4c0c-9ed2-f57bfe1248a2] INFO  segmented.SegmentedRaftLogWorker (SegmentedRaftLogWorker.java:execute(569)) - 3aa8f21e-cbc0-493e-b8ca-fbb3b21697d5-SegmentedRaftLogWorker:Storage Directory /workdir/hadoop-ozone/integration-test/target/test-dir/MiniOzoneClusterImpl-838a7ec2-4afb-4d68-8138-46fa65bc7e11/datanode-5/data/ratis/bbc420fb-991e-4c0c-9ed2-f57bfe1248a2: created new log segment /workdir/hadoop-ozone/integration-test/target/test-dir/MiniOzoneClusterImpl-838a7ec2-4afb-4d68-8138-46fa65bc7e11/datanode-5/data/ratis/bbc420fb-991e-4c0c-9ed2-f57bfe1248a2/current/log_inprogress_0
2019-09-12 10:53:04,496 [005a1424-1186-4d58-b0b5-fdf3e953d666-SegmentedRaftLogWorker:Storage Directory /workdir/hadoop-ozone/integration-test/target/test-dir/MiniOzoneClusterImpl-838a7ec2-4afb-4d68-8138-46fa65bc7e11/datanode-6/data/ratis/5774af74-f54a-4be2-a18e-fc9c41026ea7] INFO  segmented.SegmentedRaftLogWorker (SegmentedRaftLogWorker.java:execute(569)) - 005a1424-1186-4d58-b0b5-fdf3e953d666-SegmentedRaftLogWorker:Storage Directory /workdir/hadoop-ozone/integration-test/target/test-dir/MiniOzoneClusterImpl-838a7ec2-4afb-4d68-8138-46fa65bc7e11/datanode-6/data/ratis/5774af74-f54a-4be2-a18e-fc9c41026ea7: created new log segment /workdir/hadoop-ozone/integration-test/target/test-dir/MiniOzoneClusterImpl-838a7ec2-4afb-4d68-8138-46fa65bc7e11/datanode-6/data/ratis/5774af74-f54a-4be2-a18e-fc9c41026ea7/current/log_inprogress_0
2019-09-12 10:53:04,496 [Thread-478] INFO  impl.RaftServerImpl (RaftServerImpl.java:setRole(171)) - 35ed61f3-e470-497f-b63f-7decb4cef9e0:group-8E361D47D408 changes role from FOLLOWER to CANDIDATE at term 0 for changeToCandidate
2019-09-12 10:53:04,496 [Thread-478] INFO  impl.RoleInfo (RoleInfo.java:updateAndGet(143)) - 35ed61f3-e470-497f-b63f-7decb4cef9e0: start LeaderElection
2019-09-12 10:53:04,500 [pool-115-thread-1] INFO  storage.RaftStorageDirectory (RaftStorageDirectory.java:tryLock(328)) - Lock on /workdir/hadoop-ozone/integration-test/target/test-dir/MiniOzoneClusterImpl-838a7ec2-4afb-4d68-8138-46fa65bc7e11/datanode-8/data/ratis/181e34b9-daa4-4299-8742-50a1c28fb449/in_use.lock acquired by nodename 620@pr-hdds-1569-xtfnx-3545843844
2019-09-12 10:53:04,514 [pool-115-thread-1] INFO  storage.RaftStorage (RaftStorage.java:format(72)) - Storage directory /workdir/hadoop-ozone/integration-test/target/test-dir/MiniOzoneClusterImpl-838a7ec2-4afb-4d68-8138-46fa65bc7e11/datanode-8/data/ratis/181e34b9-daa4-4299-8742-50a1c28fb449 has been successfully formatted.
2019-09-12 10:53:04,514 [35ed61f3-e470-497f-b63f-7decb4cef9e0:group-8E361D47D408:LeaderElection44] INFO  impl.LeaderElection (LeaderElection.java:askForVotes(181)) - 35ed61f3-e470-497f-b63f-7decb4cef9e0:group-8E361D47D408:LeaderElection44: begin an election at term 1 for -1: [35ed61f3-e470-497f-b63f-7decb4cef9e0:192.168.157.195:33043], old=null
2019-09-12 10:53:04,514 [35ed61f3-e470-497f-b63f-7decb4cef9e0:group-8E361D47D408:LeaderElection44] INFO  impl.RoleInfo (RoleInfo.java:shutdownLeaderElection(134)) - 35ed61f3-e470-497f-b63f-7decb4cef9e0: shutdown LeaderElection
2019-09-12 10:53:04,514 [pool-115-thread-1] INFO  ratis.ContainerStateMachine (ContainerStateMachine.java:loadSnapshot(226)) - group-50A1C28FB449: The snapshot info is null. Setting the last applied indexto:(t:0, i:~)
2019-09-12 10:53:04,514 [35ed61f3-e470-497f-b63f-7decb4cef9e0:group-8E361D47D408:LeaderElection44] INFO  impl.RaftServerImpl (RaftServerImpl.java:setRole(171)) - 35ed61f3-e470-497f-b63f-7decb4cef9e0:group-8E361D47D408 changes role from CANDIDATE to LEADER at term 1 for changeToLeader
2019-09-12 10:53:04,514 [pool-115-thread-1] INFO  server.RaftServerConfigKeys (ConfUtils.java:logGet(43)) - raft.server.leader.election.timeout = 120s (custom)
2019-09-12 10:53:04,514 [35ed61f3-e470-497f-b63f-7decb4cef9e0:group-8E361D47D408:LeaderElection44] INFO  impl.RaftServerImpl (ServerState.java:setLeader(263)) - 35ed61f3-e470-497f-b63f-7decb4cef9e0:group-8E361D47D408 change Leader from null to 35ed61f3-e470-497f-b63f-7decb4cef9e0 at term 1 for becomeLeader, leader elected after 1045ms
2019-09-12 10:53:04,515 [pool-115-thread-1] INFO  server.RaftServerConfigKeys (ConfUtils.java:logGet(43)) - raft.server.log.use.memory = false (default)
2019-09-12 10:53:04,515 [35ed61f3-e470-497f-b63f-7decb4cef9e0:group-8E361D47D408:LeaderElection44] INFO  server.RaftServerConfigKeys (ConfUtils.java:logGet(43)) - raft.server.staging.catchup.gap = 1000 (default)
2019-09-12 10:53:04,515 [pool-115-thread-1] INFO  server.RaftServerConfigKeys (ConfUtils.java:logGet(43)) - raft.server.log.purge.gap = 1000000 (custom)
2019-09-12 10:53:04,515 [35ed61f3-e470-497f-b63f-7decb4cef9e0:group-8E361D47D408:LeaderElection44] INFO  server.RaftServerConfigKeys (ConfUtils.java:logGet(43)) - raft.server.rpc.sleep.time = 25ms (default)
2019-09-12 10:53:04,515 [pool-115-thread-1] INFO  server.RaftServerConfigKeys (ConfUtils.java:logGet(43)) - raft.server.log.appender.buffer.byte-limit = 33554432 (custom)
2019-09-12 10:53:04,515 [35ed61f3-e470-497f-b63f-7decb4cef9e0:group-8E361D47D408:LeaderElection44] INFO  server.RaftServerConfigKeys (ConfUtils.java:logGet(43)) - raft.server.write.element-limit = 4096 (default)
2019-09-12 10:53:04,515 [pool-115-thread-1] INFO  server.RaftServerConfigKeys (ConfUtils.java:logGet(43)) - raft.server.log.segment.size.max = 1048576 (custom)
2019-09-12 10:53:04,515 [35ed61f3-e470-497f-b63f-7decb4cef9e0:group-8E361D47D408:LeaderElection44] INFO  server.RaftServerConfigKeys (ConfUtils.java:logGet(43)) - raft.server.watch.timeout = 10s (default)
2019-09-12 10:53:04,515 [pool-115-thread-1] INFO  server.RaftServerConfigKeys (ConfUtils.java:logGet(43)) - raft.server.log.segment.cache.num.max = 2 (custom)
2019-09-12 10:53:04,515 [35ed61f3-e470-497f-b63f-7decb4cef9e0:group-8E361D47D408:LeaderElection44] INFO  server.RaftServerConfigKeys (ConfUtils.java:logGet(43)) - raft.server.watch.timeout.denomination = 1s (default)
2019-09-12 10:53:04,516 [pool-115-thread-1] INFO  segmented.SegmentedRaftLogWorker (SegmentedRaftLogWorker.java:<init>(172)) - new c17d4de2-caaf-4ec0-b997-c9cf8b2a9041-SegmentedRaftLogWorker:Storage Directory /workdir/hadoop-ozone/integration-test/target/test-dir/MiniOzoneClusterImpl-838a7ec2-4afb-4d68-8138-46fa65bc7e11/datanode-8/data/ratis/181e34b9-daa4-4299-8742-50a1c28fb449 for RaftStorage:Storage Directory /workdir/hadoop-ozone/integration-test/target/test-dir/MiniOzoneClusterImpl-838a7ec2-4afb-4d68-8138-46fa65bc7e11/datanode-8/data/ratis/181e34b9-daa4-4299-8742-50a1c28fb449
2019-09-12 10:53:04,516 [35ed61f3-e470-497f-b63f-7decb4cef9e0:group-8E361D47D408:LeaderElection44] INFO  server.RaftServerConfigKeys (ConfUtils.java:logGet(43)) - raft.server.watch.element-limit = 65536 (default)
2019-09-12 10:53:04,516 [pool-115-thread-1] INFO  server.RaftServerConfigKeys (ConfUtils.java:logGet(43)) - raft.server.log.queue.byte-limit = 2147483647 (custom)
2019-09-12 10:53:04,516 [35ed61f3-e470-497f-b63f-7decb4cef9e0:group-8E361D47D408:LeaderElection44] INFO  impl.RoleInfo (RoleInfo.java:updateAndGet(143)) - 35ed61f3-e470-497f-b63f-7decb4cef9e0: start LeaderState
2019-09-12 10:53:04,516 [pool-115-thread-1] INFO  server.RaftServerConfigKeys (ConfUtils.java:logGet(43)) - raft.server.log.queue.element-limit = 1024 (custom)
2019-09-12 10:53:04,516 [35ed61f3-e470-497f-b63f-7decb4cef9e0:group-8E361D47D408:LeaderElection44] INFO  segmented.SegmentedRaftLogWorker (SegmentedRaftLogWorker.java:startLogSegment(380)) - 35ed61f3-e470-497f-b63f-7decb4cef9e0-SegmentedRaftLogWorker:Storage Directory /workdir/hadoop-ozone/integration-test/target/test-dir/MiniOzoneClusterImpl-838a7ec2-4afb-4d68-8138-46fa65bc7e11/datanode-7/data/ratis/8f2241cf-fead-445a-b0f0-8e361d47d408: Starting segment from index:0
2019-09-12 10:53:04,516 [pool-115-thread-1] INFO  server.RaftServerConfigKeys (ConfUtils.java:logGet(43)) - raft.server.log.segment.size.max = 1048576 (custom)
2019-09-12 10:53:04,517 [pool-115-thread-1] INFO  server.RaftServerConfigKeys (ConfUtils.java:logGet(43)) - raft.server.log.preallocated.size = 16384 (custom)
2019-09-12 10:53:04,517 [pool-115-thread-1] INFO  server.RaftServerConfigKeys (ConfUtils.java:logGet(43)) - raft.server.log.write.buffer.size = 33554432 (custom)
2019-09-12 10:53:04,517 [35ed61f3-e470-497f-b63f-7decb4cef9e0:group-8E361D47D408:LeaderElection44] INFO  impl.RaftServerImpl (ServerState.java:setRaftConf(361)) - 35ed61f3-e470-497f-b63f-7decb4cef9e0:group-8E361D47D408 set configuration 0: [35ed61f3-e470-497f-b63f-7decb4cef9e0:192.168.157.195:33043], old=null at 0
2019-09-12 10:53:04,517 [pool-115-thread-1] INFO  server.RaftServerConfigKeys (ConfUtils.java:logGet(43)) - raft.server.log.force.sync.num = 128 (default)
2019-09-12 10:53:04,517 [pool-115-thread-1] INFO  server.RaftServerConfigKeys (ConfUtils.java:logGet(43)) - raft.server.log.statemachine.data.sync = true (default)
2019-09-12 10:53:04,517 [pool-115-thread-1] INFO  server.RaftServerConfigKeys (ConfUtils.java:logGet(43)) - raft.server.log.statemachine.data.sync.timeout = 10s (default)
2019-09-12 10:53:04,517 [pool-115-thread-1] INFO  server.RaftServerConfigKeys (ConfUtils.java:logGet(43)) - raft.server.log.statemachine.data.sync.timeout.retry = -1 (default)
2019-09-12 10:53:04,518 [pool-115-thread-1] INFO  server.RaftServerConfigKeys (ConfUtils.java:logGet(43)) - raft.server.log.statemachine.data.caching.enabled = true (custom)
2019-09-12 10:53:04,518 [pool-115-thread-1] INFO  segmented.SegmentedRaftLogWorker (SegmentedRaftLogWorker.java:lambda$new$0(132)) - c17d4de2-caaf-4ec0-b997-c9cf8b2a9041-SegmentedRaftLogWorker:Storage Directory /workdir/hadoop-ozone/integration-test/target/test-dir/MiniOzoneClusterImpl-838a7ec2-4afb-4d68-8138-46fa65bc7e11/datanode-8/data/ratis/181e34b9-daa4-4299-8742-50a1c28fb449: flushIndex: setUnconditionally 0 -> -1
2019-09-12 10:53:04,518 [pool-115-thread-1] INFO  server.RaftServerConfigKeys (ConfUtils.java:logGet(43)) - raft.server.snapshot.auto.trigger.enabled = true (custom)
2019-09-12 10:53:04,518 [pool-115-thread-1] INFO  server.RaftServerConfigKeys (ConfUtils.java:logGet(43)) - raft.server.snapshot.auto.trigger.threshold = 10000 (custom)
2019-09-12 10:53:04,519 [pool-115-thread-1] INFO  server.RaftServerConfigKeys (ConfUtils.java:logGet(43)) - raft.server.retrycache.expirytime = 600000ms (custom)
2019-09-12 10:53:04,519 [pool-115-thread-1] INFO  impl.RaftServerImpl (RaftServerImpl.java:start(180)) - c17d4de2-caaf-4ec0-b997-c9cf8b2a9041: start group-50A1C28FB449
2019-09-12 10:53:04,519 [pool-115-thread-1] INFO  impl.RaftServerImpl (RaftServerImpl.java:setRole(171)) - c17d4de2-caaf-4ec0-b997-c9cf8b2a9041:group-50A1C28FB449 changes role from null to FOLLOWER at term 0 for startAsFollower
2019-09-12 10:53:04,519 [pool-115-thread-1] INFO  impl.RoleInfo (RoleInfo.java:updateAndGet(143)) - c17d4de2-caaf-4ec0-b997-c9cf8b2a9041: start FollowerState
2019-09-12 10:53:04,520 [pool-115-thread-1] INFO  util.JmxRegister (JmxRegister.java:tryRegister(44)) - Successfully registered JMX Bean with object name Ratis:service=RaftServer,group=group-50A1C28FB449,id=c17d4de2-caaf-4ec0-b997-c9cf8b2a9041
2019-09-12 10:53:04,522 [RatisPipelineUtilsThread] INFO  pipeline.PipelineStateManager (PipelineStateManager.java:addPipeline(56)) - Created pipeline Pipeline[ Id: 181e34b9-daa4-4299-8742-50a1c28fb449, Nodes: c17d4de2-caaf-4ec0-b997-c9cf8b2a9041{ip: 192.168.157.195, host: pr-hdds-1569-xtfnx-3545843844, networkLocation: /default-rack, certSerialId: null}, Type:RATIS, Factor:ONE, State:OPEN]
2019-09-12 10:53:04,523 [RatisPipelineUtilsThread] ERROR pipeline.PipelinePlacementPolicy (PipelinePlacementPolicy.java:meetCriteria(91)) - Pipeline Placement: Doesn't meet the criteria to be viable node. Heaviness: 6
2019-09-12 10:53:04,523 [RatisPipelineUtilsThread] ERROR pipeline.PipelinePlacementPolicy (PipelinePlacementPolicy.java:meetCriteria(91)) - Pipeline Placement: Doesn't meet the criteria to be viable node. Heaviness: 6
2019-09-12 10:53:04,523 [RatisPipelineUtilsThread] ERROR pipeline.PipelinePlacementPolicy (PipelinePlacementPolicy.java:meetCriteria(91)) - Pipeline Placement: Doesn't meet the criteria to be viable node. Heaviness: 6
2019-09-12 10:53:04,523 [RatisPipelineUtilsThread] ERROR pipeline.PipelinePlacementPolicy (PipelinePlacementPolicy.java:meetCriteria(91)) - Pipeline Placement: Doesn't meet the criteria to be viable node. Heaviness: 6
2019-09-12 10:53:04,524 [RatisPipelineUtilsThread] ERROR pipeline.PipelinePlacementPolicy (PipelinePlacementPolicy.java:meetCriteria(91)) - Pipeline Placement: Doesn't meet the criteria to be viable node. Heaviness: 6
2019-09-12 10:53:04,524 [RatisPipelineUtilsThread] ERROR pipeline.PipelinePlacementPolicy (PipelinePlacementPolicy.java:meetCriteria(91)) - Pipeline Placement: Doesn't meet the criteria to be viable node. Heaviness: 6
2019-09-12 10:53:04,524 [RatisPipelineUtilsThread] ERROR pipeline.PipelinePlacementPolicy (PipelinePlacementPolicy.java:meetCriteria(91)) - Pipeline Placement: Doesn't meet the criteria to be viable node. Heaviness: 6
2019-09-12 10:53:04,524 [RatisPipelineUtilsThread] ERROR pipeline.PipelinePlacementPolicy (PipelinePlacementPolicy.java:meetCriteria(91)) - Pipeline Placement: Doesn't meet the criteria to be viable node. Heaviness: 6
2019-09-12 10:53:04,529 [grpc-default-executor-0] INFO  impl.RaftServerProxy (RaftServerProxy.java:addNew(89)) - c17d4de2-caaf-4ec0-b997-c9cf8b2a9041: addNew group-10CB25FB2CD0:[c17d4de2-caaf-4ec0-b997-c9cf8b2a9041:192.168.157.195:41944] returns group-10CB25FB2CD0:java.util.concurrent.CompletableFuture@6e9cb94a[Not completed]
2019-09-12 10:53:04,530 [pool-115-thread-1] INFO  impl.RaftServerImpl (RaftServerImpl.java:<init>(93)) - c17d4de2-caaf-4ec0-b997-c9cf8b2a9041: new RaftServerImpl for group-10CB25FB2CD0:[c17d4de2-caaf-4ec0-b997-c9cf8b2a9041:192.168.157.195:41944] with ContainerStateMachine:uninitialized
2019-09-12 10:53:04,530 [pool-115-thread-1] INFO  server.RaftServerConfigKeys (ConfUtils.java:logGet(43)) - raft.server.rpc.timeout.min = 1s (custom)
2019-09-12 10:53:04,531 [pool-115-thread-1] INFO  server.RaftServerConfigKeys (ConfUtils.java:logGet(43)) - raft.server.rpc.timeout.max = 1200ms (custom)
2019-09-12 10:53:04,531 [pool-115-thread-1] INFO  server.RaftServerConfigKeys (ConfUtils.java:logGet(43)) - raft.server.rpcslowness.timeout = 120s (custom)
2019-09-12 10:53:04,531 [pool-115-thread-1] INFO  server.RaftServerConfigKeys (ConfUtils.java:logGet(43)) - raft.server.sleep.deviation.threshold = 300 (default)
2019-09-12 10:53:04,531 [pool-115-thread-1] INFO  server.RaftServerConfigKeys (ConfUtils.java:logGet(43)) - raft.server.log.appender.install.snapshot.enabled = false (custom)
2019-09-12 10:53:04,531 [pool-115-thread-1] INFO  impl.RaftServerImpl (ServerState.java:<init>(105)) - c17d4de2-caaf-4ec0-b997-c9cf8b2a9041:group-10CB25FB2CD0 ConfigurationManager, init=-1: [c17d4de2-caaf-4ec0-b997-c9cf8b2a9041:192.168.157.195:41944], old=null, confs=<EMPTY_MAP>
2019-09-12 10:53:04,531 [pool-115-thread-1] INFO  server.RaftServerConfigKeys (ConfUtils.java:logGet(43)) - raft.server.storage.dir = [/workdir/hadoop-ozone/integration-test/target/test-dir/MiniOzoneClusterImpl-838a7ec2-4afb-4d68-8138-46fa65bc7e11/datanode-8/data/ratis] (custom)
2019-09-12 10:53:04,532 [pool-115-thread-1] INFO  storage.RaftStorageDirectory (RaftStorageDirectory.java:analyzeStorage(246)) - The storage directory /workdir/hadoop-ozone/integration-test/target/test-dir/MiniOzoneClusterImpl-838a7ec2-4afb-4d68-8138-46fa65bc7e11/datanode-8/data/ratis/6641a263-6772-4466-9906-10cb25fb2cd0 does not exist. Creating ...
2019-09-12 10:53:04,545 [pool-115-thread-1] INFO  storage.RaftStorageDirectory (RaftStorageDirectory.java:tryLock(328)) - Lock on /workdir/hadoop-ozone/integration-test/target/test-dir/MiniOzoneClusterImpl-838a7ec2-4afb-4d68-8138-46fa65bc7e11/datanode-8/data/ratis/6641a263-6772-4466-9906-10cb25fb2cd0/in_use.lock acquired by nodename 620@pr-hdds-1569-xtfnx-3545843844
2019-09-12 10:53:04,545 [35ed61f3-e470-497f-b63f-7decb4cef9e0-SegmentedRaftLogWorker:Storage Directory /workdir/hadoop-ozone/integration-test/target/test-dir/MiniOzoneClusterImpl-838a7ec2-4afb-4d68-8138-46fa65bc7e11/datanode-7/data/ratis/8f2241cf-fead-445a-b0f0-8e361d47d408] INFO  segmented.SegmentedRaftLogWorker (SegmentedRaftLogWorker.java:execute(569)) - 35ed61f3-e470-497f-b63f-7decb4cef9e0-SegmentedRaftLogWorker:Storage Directory /workdir/hadoop-ozone/integration-test/target/test-dir/MiniOzoneClusterImpl-838a7ec2-4afb-4d68-8138-46fa65bc7e11/datanode-7/data/ratis/8f2241cf-fead-445a-b0f0-8e361d47d408: created new log segment /workdir/hadoop-ozone/integration-test/target/test-dir/MiniOzoneClusterImpl-838a7ec2-4afb-4d68-8138-46fa65bc7e11/datanode-7/data/ratis/8f2241cf-fead-445a-b0f0-8e361d47d408/current/log_inprogress_0
2019-09-12 10:53:04,558 [pool-115-thread-1] INFO  storage.RaftStorage (RaftStorage.java:format(72)) - Storage directory /workdir/hadoop-ozone/integration-test/target/test-dir/MiniOzoneClusterImpl-838a7ec2-4afb-4d68-8138-46fa65bc7e11/datanode-8/data/ratis/6641a263-6772-4466-9906-10cb25fb2cd0 has been successfully formatted.
2019-09-12 10:53:04,558 [pool-115-thread-1] INFO  ratis.ContainerStateMachine (ContainerStateMachine.java:loadSnapshot(226)) - group-10CB25FB2CD0: The snapshot info is null. Setting the last applied indexto:(t:0, i:~)
2019-09-12 10:53:04,558 [pool-115-thread-1] INFO  server.RaftServerConfigKeys (ConfUtils.java:logGet(43)) - raft.server.leader.election.timeout = 120s (custom)
2019-09-12 10:53:04,559 [pool-115-thread-1] INFO  server.RaftServerConfigKeys (ConfUtils.java:logGet(43)) - raft.server.log.use.memory = false (default)
2019-09-12 10:53:04,559 [pool-115-thread-1] INFO  server.RaftServerConfigKeys (ConfUtils.java:logGet(43)) - raft.server.log.purge.gap = 1000000 (custom)
2019-09-12 10:53:04,559 [pool-115-thread-1] INFO  server.RaftServerConfigKeys (ConfUtils.java:logGet(43)) - raft.server.log.appender.buffer.byte-limit = 33554432 (custom)
2019-09-12 10:53:04,559 [pool-115-thread-1] INFO  server.RaftServerConfigKeys (ConfUtils.java:logGet(43)) - raft.server.log.segment.size.max = 1048576 (custom)
2019-09-12 10:53:04,559 [pool-115-thread-1] INFO  server.RaftServerConfigKeys (ConfUtils.java:logGet(43)) - raft.server.log.segment.cache.num.max = 2 (custom)
2019-09-12 10:53:04,559 [pool-115-thread-1] INFO  segmented.SegmentedRaftLogWorker (SegmentedRaftLogWorker.java:<init>(172)) - new c17d4de2-caaf-4ec0-b997-c9cf8b2a9041-SegmentedRaftLogWorker:Storage Directory /workdir/hadoop-ozone/integration-test/target/test-dir/MiniOzoneClusterImpl-838a7ec2-4afb-4d68-8138-46fa65bc7e11/datanode-8/data/ratis/6641a263-6772-4466-9906-10cb25fb2cd0 for RaftStorage:Storage Directory /workdir/hadoop-ozone/integration-test/target/test-dir/MiniOzoneClusterImpl-838a7ec2-4afb-4d68-8138-46fa65bc7e11/datanode-8/data/ratis/6641a263-6772-4466-9906-10cb25fb2cd0
2019-09-12 10:53:04,559 [pool-115-thread-1] INFO  server.RaftServerConfigKeys (ConfUtils.java:logGet(43)) - raft.server.log.queue.byte-limit = 2147483647 (custom)
2019-09-12 10:53:04,560 [pool-115-thread-1] INFO  server.RaftServerConfigKeys (ConfUtils.java:logGet(43)) - raft.server.log.queue.element-limit = 1024 (custom)
2019-09-12 10:53:04,560 [pool-115-thread-1] INFO  server.RaftServerConfigKeys (ConfUtils.java:logGet(43)) - raft.server.log.segment.size.max = 1048576 (custom)
2019-09-12 10:53:04,560 [pool-115-thread-1] INFO  server.RaftServerConfigKeys (ConfUtils.java:logGet(43)) - raft.server.log.preallocated.size = 16384 (custom)
2019-09-12 10:53:04,560 [pool-115-thread-1] INFO  server.RaftServerConfigKeys (ConfUtils.java:logGet(43)) - raft.server.log.write.buffer.size = 33554432 (custom)
2019-09-12 10:53:04,560 [pool-115-thread-1] INFO  server.RaftServerConfigKeys (ConfUtils.java:logGet(43)) - raft.server.log.force.sync.num = 128 (default)
2019-09-12 10:53:04,560 [pool-115-thread-1] INFO  server.RaftServerConfigKeys (ConfUtils.java:logGet(43)) - raft.server.log.statemachine.data.sync = true (default)
2019-09-12 10:53:04,560 [pool-115-thread-1] INFO  server.RaftServerConfigKeys (ConfUtils.java:logGet(43)) - raft.server.log.statemachine.data.sync.timeout = 10s (default)
2019-09-12 10:53:04,561 [pool-115-thread-1] INFO  server.RaftServerConfigKeys (ConfUtils.java:logGet(43)) - raft.server.log.statemachine.data.sync.timeout.retry = -1 (default)
2019-09-12 10:53:04,561 [pool-115-thread-1] INFO  server.RaftServerConfigKeys (ConfUtils.java:logGet(43)) - raft.server.log.statemachine.data.caching.enabled = true (custom)
2019-09-12 10:53:04,561 [pool-115-thread-1] INFO  segmented.SegmentedRaftLogWorker (SegmentedRaftLogWorker.java:lambda$new$0(132)) - c17d4de2-caaf-4ec0-b997-c9cf8b2a9041-SegmentedRaftLogWorker:Storage Directory /workdir/hadoop-ozone/integration-test/target/test-dir/MiniOzoneClusterImpl-838a7ec2-4afb-4d68-8138-46fa65bc7e11/datanode-8/data/ratis/6641a263-6772-4466-9906-10cb25fb2cd0: flushIndex: setUnconditionally 0 -> -1
2019-09-12 10:53:04,561 [pool-115-thread-1] INFO  server.RaftServerConfigKeys (ConfUtils.java:logGet(43)) - raft.server.snapshot.auto.trigger.enabled = true (custom)
2019-09-12 10:53:04,562 [pool-115-thread-1] INFO  server.RaftServerConfigKeys (ConfUtils.java:logGet(43)) - raft.server.snapshot.auto.trigger.threshold = 10000 (custom)
2019-09-12 10:53:04,562 [pool-115-thread-1] INFO  server.RaftServerConfigKeys (ConfUtils.java:logGet(43)) - raft.server.retrycache.expirytime = 600000ms (custom)
2019-09-12 10:53:04,562 [pool-115-thread-1] INFO  impl.RaftServerImpl (RaftServerImpl.java:start(180)) - c17d4de2-caaf-4ec0-b997-c9cf8b2a9041: start group-10CB25FB2CD0
2019-09-12 10:53:04,562 [pool-115-thread-1] INFO  impl.RaftServerImpl (RaftServerImpl.java:setRole(171)) - c17d4de2-caaf-4ec0-b997-c9cf8b2a9041:group-10CB25FB2CD0 changes role from null to FOLLOWER at term 0 for startAsFollower
2019-09-12 10:53:04,562 [pool-115-thread-1] INFO  impl.RoleInfo (RoleInfo.java:updateAndGet(143)) - c17d4de2-caaf-4ec0-b997-c9cf8b2a9041: start FollowerState
2019-09-12 10:53:04,563 [pool-115-thread-1] INFO  util.JmxRegister (JmxRegister.java:tryRegister(44)) - Successfully registered JMX Bean with object name Ratis:service=RaftServer,group=group-10CB25FB2CD0,id=c17d4de2-caaf-4ec0-b997-c9cf8b2a9041
2019-09-12 10:53:04,565 [RatisPipelineUtilsThread] INFO  pipeline.PipelineStateManager (PipelineStateManager.java:addPipeline(56)) - Created pipeline Pipeline[ Id: 6641a263-6772-4466-9906-10cb25fb2cd0, Nodes: c17d4de2-caaf-4ec0-b997-c9cf8b2a9041{ip: 192.168.157.195, host: pr-hdds-1569-xtfnx-3545843844, networkLocation: /default-rack, certSerialId: null}, Type:RATIS, Factor:ONE, State:OPEN]
2019-09-12 10:53:04,566 [RatisPipelineUtilsThread] ERROR pipeline.PipelinePlacementPolicy (PipelinePlacementPolicy.java:meetCriteria(91)) - Pipeline Placement: Doesn't meet the criteria to be viable node. Heaviness: 6
2019-09-12 10:53:04,566 [RatisPipelineUtilsThread] ERROR pipeline.PipelinePlacementPolicy (PipelinePlacementPolicy.java:meetCriteria(91)) - Pipeline Placement: Doesn't meet the criteria to be viable node. Heaviness: 6
2019-09-12 10:53:04,566 [RatisPipelineUtilsThread] ERROR pipeline.PipelinePlacementPolicy (PipelinePlacementPolicy.java:meetCriteria(91)) - Pipeline Placement: Doesn't meet the criteria to be viable node. Heaviness: 6
2019-09-12 10:53:04,566 [RatisPipelineUtilsThread] ERROR pipeline.PipelinePlacementPolicy (PipelinePlacementPolicy.java:meetCriteria(91)) - Pipeline Placement: Doesn't meet the criteria to be viable node. Heaviness: 6
2019-09-12 10:53:04,566 [RatisPipelineUtilsThread] ERROR pipeline.PipelinePlacementPolicy (PipelinePlacementPolicy.java:meetCriteria(91)) - Pipeline Placement: Doesn't meet the criteria to be viable node. Heaviness: 6
2019-09-12 10:53:04,566 [RatisPipelineUtilsThread] ERROR pipeline.PipelinePlacementPolicy (PipelinePlacementPolicy.java:meetCriteria(91)) - Pipeline Placement: Doesn't meet the criteria to be viable node. Heaviness: 6
2019-09-12 10:53:04,566 [RatisPipelineUtilsThread] ERROR pipeline.PipelinePlacementPolicy (PipelinePlacementPolicy.java:meetCriteria(91)) - Pipeline Placement: Doesn't meet the criteria to be viable node. Heaviness: 6
2019-09-12 10:53:04,566 [RatisPipelineUtilsThread] ERROR pipeline.PipelinePlacementPolicy (PipelinePlacementPolicy.java:meetCriteria(91)) - Pipeline Placement: Doesn't meet the criteria to be viable node. Heaviness: 6
2019-09-12 10:53:04,571 [grpc-default-executor-0] INFO  impl.RaftServerProxy (RaftServerProxy.java:addNew(89)) - c17d4de2-caaf-4ec0-b997-c9cf8b2a9041: addNew group-7ED4B0555276:[c17d4de2-caaf-4ec0-b997-c9cf8b2a9041:192.168.157.195:41944] returns group-7ED4B0555276:java.util.concurrent.CompletableFuture@7792d32d[Not completed]
2019-09-12 10:53:04,572 [pool-115-thread-1] INFO  impl.RaftServerImpl (RaftServerImpl.java:<init>(93)) - c17d4de2-caaf-4ec0-b997-c9cf8b2a9041: new RaftServerImpl for group-7ED4B0555276:[c17d4de2-caaf-4ec0-b997-c9cf8b2a9041:192.168.157.195:41944] with ContainerStateMachine:uninitialized
2019-09-12 10:53:04,572 [pool-115-thread-1] INFO  server.RaftServerConfigKeys (ConfUtils.java:logGet(43)) - raft.server.rpc.timeout.min = 1s (custom)
2019-09-12 10:53:04,573 [pool-115-thread-1] INFO  server.RaftServerConfigKeys (ConfUtils.java:logGet(43)) - raft.server.rpc.timeout.max = 1200ms (custom)
2019-09-12 10:53:04,573 [pool-115-thread-1] INFO  server.RaftServerConfigKeys (ConfUtils.java:logGet(43)) - raft.server.rpcslowness.timeout = 120s (custom)
2019-09-12 10:53:04,573 [pool-115-thread-1] INFO  server.RaftServerConfigKeys (ConfUtils.java:logGet(43)) - raft.server.sleep.deviation.threshold = 300 (default)
2019-09-12 10:53:04,573 [pool-115-thread-1] INFO  server.RaftServerConfigKeys (ConfUtils.java:logGet(43)) - raft.server.log.appender.install.snapshot.enabled = false (custom)
2019-09-12 10:53:04,573 [pool-115-thread-1] INFO  impl.RaftServerImpl (ServerState.java:<init>(105)) - c17d4de2-caaf-4ec0-b997-c9cf8b2a9041:group-7ED4B0555276 ConfigurationManager, init=-1: [c17d4de2-caaf-4ec0-b997-c9cf8b2a9041:192.168.157.195:41944], old=null, confs=<EMPTY_MAP>
2019-09-12 10:53:04,573 [pool-115-thread-1] INFO  server.RaftServerConfigKeys (ConfUtils.java:logGet(43)) - raft.server.storage.dir = [/workdir/hadoop-ozone/integration-test/target/test-dir/MiniOzoneClusterImpl-838a7ec2-4afb-4d68-8138-46fa65bc7e11/datanode-8/data/ratis] (custom)
2019-09-12 10:53:04,574 [pool-115-thread-1] INFO  storage.RaftStorageDirectory (RaftStorageDirectory.java:analyzeStorage(246)) - The storage directory /workdir/hadoop-ozone/integration-test/target/test-dir/MiniOzoneClusterImpl-838a7ec2-4afb-4d68-8138-46fa65bc7e11/datanode-8/data/ratis/40eed077-d66e-4049-8345-7ed4b0555276 does not exist. Creating ...
2019-09-12 10:53:04,587 [pool-115-thread-1] INFO  storage.RaftStorageDirectory (RaftStorageDirectory.java:tryLock(328)) - Lock on /workdir/hadoop-ozone/integration-test/target/test-dir/MiniOzoneClusterImpl-838a7ec2-4afb-4d68-8138-46fa65bc7e11/datanode-8/data/ratis/40eed077-d66e-4049-8345-7ed4b0555276/in_use.lock acquired by nodename 620@pr-hdds-1569-xtfnx-3545843844
2019-09-12 10:53:04,599 [pool-115-thread-1] INFO  storage.RaftStorage (RaftStorage.java:format(72)) - Storage directory /workdir/hadoop-ozone/integration-test/target/test-dir/MiniOzoneClusterImpl-838a7ec2-4afb-4d68-8138-46fa65bc7e11/datanode-8/data/ratis/40eed077-d66e-4049-8345-7ed4b0555276 has been successfully formatted.
2019-09-12 10:53:04,600 [pool-115-thread-1] INFO  ratis.ContainerStateMachine (ContainerStateMachine.java:loadSnapshot(226)) - group-7ED4B0555276: The snapshot info is null. Setting the last applied indexto:(t:0, i:~)
2019-09-12 10:53:04,600 [pool-115-thread-1] INFO  server.RaftServerConfigKeys (ConfUtils.java:logGet(43)) - raft.server.leader.election.timeout = 120s (custom)
2019-09-12 10:53:04,600 [pool-115-thread-1] INFO  server.RaftServerConfigKeys (ConfUtils.java:logGet(43)) - raft.server.log.use.memory = false (default)
2019-09-12 10:53:04,600 [pool-115-thread-1] INFO  server.RaftServerConfigKeys (ConfUtils.java:logGet(43)) - raft.server.log.purge.gap = 1000000 (custom)
2019-09-12 10:53:04,600 [pool-115-thread-1] INFO  server.RaftServerConfigKeys (ConfUtils.java:logGet(43)) - raft.server.log.appender.buffer.byte-limit = 33554432 (custom)
2019-09-12 10:53:04,600 [pool-115-thread-1] INFO  server.RaftServerConfigKeys (ConfUtils.java:logGet(43)) - raft.server.log.segment.size.max = 1048576 (custom)
2019-09-12 10:53:04,601 [pool-115-thread-1] INFO  server.RaftServerConfigKeys (ConfUtils.java:logGet(43)) - raft.server.log.segment.cache.num.max = 2 (custom)
2019-09-12 10:53:04,601 [pool-115-thread-1] INFO  segmented.SegmentedRaftLogWorker (SegmentedRaftLogWorker.java:<init>(172)) - new c17d4de2-caaf-4ec0-b997-c9cf8b2a9041-SegmentedRaftLogWorker:Storage Directory /workdir/hadoop-ozone/integration-test/target/test-dir/MiniOzoneClusterImpl-838a7ec2-4afb-4d68-8138-46fa65bc7e11/datanode-8/data/ratis/40eed077-d66e-4049-8345-7ed4b0555276 for RaftStorage:Storage Directory /workdir/hadoop-ozone/integration-test/target/test-dir/MiniOzoneClusterImpl-838a7ec2-4afb-4d68-8138-46fa65bc7e11/datanode-8/data/ratis/40eed077-d66e-4049-8345-7ed4b0555276
2019-09-12 10:53:04,601 [pool-115-thread-1] INFO  server.RaftServerConfigKeys (ConfUtils.java:logGet(43)) - raft.server.log.queue.byte-limit = 2147483647 (custom)
2019-09-12 10:53:04,601 [pool-115-thread-1] INFO  server.RaftServerConfigKeys (ConfUtils.java:logGet(43)) - raft.server.log.queue.element-limit = 1024 (custom)
2019-09-12 10:53:04,601 [pool-115-thread-1] INFO  server.RaftServerConfigKeys (ConfUtils.java:logGet(43)) - raft.server.log.segment.size.max = 1048576 (custom)
2019-09-12 10:53:04,601 [pool-115-thread-1] INFO  server.RaftServerConfigKeys (ConfUtils.java:logGet(43)) - raft.server.log.preallocated.size = 16384 (custom)
2019-09-12 10:53:04,601 [pool-115-thread-1] INFO  server.RaftServerConfigKeys (ConfUtils.java:logGet(43)) - raft.server.log.write.buffer.size = 33554432 (custom)
2019-09-12 10:53:04,602 [pool-115-thread-1] INFO  server.RaftServerConfigKeys (ConfUtils.java:logGet(43)) - raft.server.log.force.sync.num = 128 (default)
2019-09-12 10:53:04,602 [pool-115-thread-1] INFO  server.RaftServerConfigKeys (ConfUtils.java:logGet(43)) - raft.server.log.statemachine.data.sync = true (default)
2019-09-12 10:53:04,602 [pool-115-thread-1] INFO  server.RaftServerConfigKeys (ConfUtils.java:logGet(43)) - raft.server.log.statemachine.data.sync.timeout = 10s (default)
2019-09-12 10:53:04,602 [pool-115-thread-1] INFO  server.RaftServerConfigKeys (ConfUtils.java:logGet(43)) - raft.server.log.statemachine.data.sync.timeout.retry = -1 (default)
2019-09-12 10:53:04,602 [pool-115-thread-1] INFO  server.RaftServerConfigKeys (ConfUtils.java:logGet(43)) - raft.server.log.statemachine.data.caching.enabled = true (custom)
2019-09-12 10:53:04,602 [pool-115-thread-1] INFO  segmented.SegmentedRaftLogWorker (SegmentedRaftLogWorker.java:lambda$new$0(132)) - c17d4de2-caaf-4ec0-b997-c9cf8b2a9041-SegmentedRaftLogWorker:Storage Directory /workdir/hadoop-ozone/integration-test/target/test-dir/MiniOzoneClusterImpl-838a7ec2-4afb-4d68-8138-46fa65bc7e11/datanode-8/data/ratis/40eed077-d66e-4049-8345-7ed4b0555276: flushIndex: setUnconditionally 0 -> -1
2019-09-12 10:53:04,603 [pool-115-thread-1] INFO  server.RaftServerConfigKeys (ConfUtils.java:logGet(43)) - raft.server.snapshot.auto.trigger.enabled = true (custom)
2019-09-12 10:53:04,603 [pool-115-thread-1] INFO  server.RaftServerConfigKeys (ConfUtils.java:logGet(43)) - raft.server.snapshot.auto.trigger.threshold = 10000 (custom)
2019-09-12 10:53:04,603 [pool-115-thread-1] INFO  server.RaftServerConfigKeys (ConfUtils.java:logGet(43)) - raft.server.retrycache.expirytime = 600000ms (custom)
2019-09-12 10:53:04,603 [pool-115-thread-1] INFO  impl.RaftServerImpl (RaftServerImpl.java:start(180)) - c17d4de2-caaf-4ec0-b997-c9cf8b2a9041: start group-7ED4B0555276
2019-09-12 10:53:04,603 [pool-115-thread-1] INFO  impl.RaftServerImpl (RaftServerImpl.java:setRole(171)) - c17d4de2-caaf-4ec0-b997-c9cf8b2a9041:group-7ED4B0555276 changes role from null to FOLLOWER at term 0 for startAsFollower
2019-09-12 10:53:04,604 [pool-115-thread-1] INFO  impl.RoleInfo (RoleInfo.java:updateAndGet(143)) - c17d4de2-caaf-4ec0-b997-c9cf8b2a9041: start FollowerState
2019-09-12 10:53:04,604 [pool-115-thread-1] INFO  util.JmxRegister (JmxRegister.java:tryRegister(44)) - Successfully registered JMX Bean with object name Ratis:service=RaftServer,group=group-7ED4B0555276,id=c17d4de2-caaf-4ec0-b997-c9cf8b2a9041
2019-09-12 10:53:04,607 [RatisPipelineUtilsThread] INFO  pipeline.PipelineStateManager (PipelineStateManager.java:addPipeline(56)) - Created pipeline Pipeline[ Id: 40eed077-d66e-4049-8345-7ed4b0555276, Nodes: c17d4de2-caaf-4ec0-b997-c9cf8b2a9041{ip: 192.168.157.195, host: pr-hdds-1569-xtfnx-3545843844, networkLocation: /default-rack, certSerialId: null}, Type:RATIS, Factor:ONE, State:OPEN]
2019-09-12 10:53:04,607 [RatisPipelineUtilsThread] ERROR pipeline.PipelinePlacementPolicy (PipelinePlacementPolicy.java:meetCriteria(91)) - Pipeline Placement: Doesn't meet the criteria to be viable node. Heaviness: 6
2019-09-12 10:53:04,607 [RatisPipelineUtilsThread] ERROR pipeline.PipelinePlacementPolicy (PipelinePlacementPolicy.java:meetCriteria(91)) - Pipeline Placement: Doesn't meet the criteria to be viable node. Heaviness: 6
2019-09-12 10:53:04,607 [RatisPipelineUtilsThread] ERROR pipeline.PipelinePlacementPolicy (PipelinePlacementPolicy.java:meetCriteria(91)) - Pipeline Placement: Doesn't meet the criteria to be viable node. Heaviness: 6
2019-09-12 10:53:04,607 [RatisPipelineUtilsThread] ERROR pipeline.PipelinePlacementPolicy (PipelinePlacementPolicy.java:meetCriteria(91)) - Pipeline Placement: Doesn't meet the criteria to be viable node. Heaviness: 6
2019-09-12 10:53:04,607 [RatisPipelineUtilsThread] ERROR pipeline.PipelinePlacementPolicy (PipelinePlacementPolicy.java:meetCriteria(91)) - Pipeline Placement: Doesn't meet the criteria to be viable node. Heaviness: 6
2019-09-12 10:53:04,607 [RatisPipelineUtilsThread] ERROR pipeline.PipelinePlacementPolicy (PipelinePlacementPolicy.java:meetCriteria(91)) - Pipeline Placement: Doesn't meet the criteria to be viable node. Heaviness: 6
2019-09-12 10:53:04,607 [RatisPipelineUtilsThread] ERROR pipeline.PipelinePlacementPolicy (PipelinePlacementPolicy.java:meetCriteria(91)) - Pipeline Placement: Doesn't meet the criteria to be viable node. Heaviness: 6
2019-09-12 10:53:04,608 [RatisPipelineUtilsThread] ERROR pipeline.PipelinePlacementPolicy (PipelinePlacementPolicy.java:meetCriteria(91)) - Pipeline Placement: Doesn't meet the criteria to be viable node. Heaviness: 6
2019-09-12 10:53:04,608 [RatisPipelineUtilsThread] ERROR pipeline.PipelinePlacementPolicy (PipelinePlacementPolicy.java:meetCriteria(91)) - Pipeline Placement: Doesn't meet the criteria to be viable node. Heaviness: 6
2019-09-12 10:53:04,612 [grpc-default-executor-0] INFO  impl.RaftServerProxy (RaftServerProxy.java:addNew(89)) - 02d2c735-5a91-4cfc-b37b-8234c14e6879: addNew group-288EFAB3C6CA:[02d2c735-5a91-4cfc-b37b-8234c14e6879:192.168.157.195:36291] returns group-288EFAB3C6CA:java.util.concurrent.CompletableFuture@6a440497[Not completed]
2019-09-12 10:53:04,613 [pool-126-thread-1] INFO  impl.RaftServerImpl (RaftServerImpl.java:<init>(93)) - 02d2c735-5a91-4cfc-b37b-8234c14e6879: new RaftServerImpl for group-288EFAB3C6CA:[02d2c735-5a91-4cfc-b37b-8234c14e6879:192.168.157.195:36291] with ContainerStateMachine:uninitialized
2019-09-12 10:53:04,613 [pool-126-thread-1] INFO  server.RaftServerConfigKeys (ConfUtils.java:logGet(43)) - raft.server.rpc.timeout.min = 1s (custom)
2019-09-12 10:53:04,613 [pool-126-thread-1] INFO  server.RaftServerConfigKeys (ConfUtils.java:logGet(43)) - raft.server.rpc.timeout.max = 1200ms (custom)
2019-09-12 10:53:04,613 [pool-126-thread-1] INFO  server.RaftServerConfigKeys (ConfUtils.java:logGet(43)) - raft.server.rpcslowness.timeout = 120s (custom)
2019-09-12 10:53:04,613 [pool-126-thread-1] INFO  server.RaftServerConfigKeys (ConfUtils.java:logGet(43)) - raft.server.sleep.deviation.threshold = 300 (default)
2019-09-12 10:53:04,614 [pool-126-thread-1] INFO  server.RaftServerConfigKeys (ConfUtils.java:logGet(43)) - raft.server.log.appender.install.snapshot.enabled = false (custom)
2019-09-12 10:53:04,614 [pool-126-thread-1] INFO  impl.RaftServerImpl (ServerState.java:<init>(105)) - 02d2c735-5a91-4cfc-b37b-8234c14e6879:group-288EFAB3C6CA ConfigurationManager, init=-1: [02d2c735-5a91-4cfc-b37b-8234c14e6879:192.168.157.195:36291], old=null, confs=<EMPTY_MAP>
2019-09-12 10:53:04,614 [pool-126-thread-1] INFO  server.RaftServerConfigKeys (ConfUtils.java:logGet(43)) - raft.server.storage.dir = [/workdir/hadoop-ozone/integration-test/target/test-dir/MiniOzoneClusterImpl-838a7ec2-4afb-4d68-8138-46fa65bc7e11/datanode-9/data/ratis] (custom)
2019-09-12 10:53:04,614 [pool-126-thread-1] INFO  storage.RaftStorageDirectory (RaftStorageDirectory.java:analyzeStorage(246)) - The storage directory /workdir/hadoop-ozone/integration-test/target/test-dir/MiniOzoneClusterImpl-838a7ec2-4afb-4d68-8138-46fa65bc7e11/datanode-9/data/ratis/7f823a2e-4b87-466c-a18c-288efab3c6ca does not exist. Creating ...
2019-09-12 10:53:04,636 [Thread-483] INFO  impl.FollowerState (FollowerState.java:run(106)) - 005a1424-1186-4d58-b0b5-fdf3e953d666:group-C80B24847DFC changes to CANDIDATE, lastRpcTime:1093, electionTimeout:1093ms
2019-09-12 10:53:04,636 [Thread-483] INFO  impl.RoleInfo (RoleInfo.java:shutdownFollowerState(121)) - 005a1424-1186-4d58-b0b5-fdf3e953d666: shutdown FollowerState
2019-09-12 10:53:04,636 [Thread-483] INFO  impl.RaftServerImpl (RaftServerImpl.java:setRole(171)) - 005a1424-1186-4d58-b0b5-fdf3e953d666:group-C80B24847DFC changes role from FOLLOWER to CANDIDATE at term 0 for changeToCandidate
2019-09-12 10:53:04,636 [Thread-483] INFO  impl.RoleInfo (RoleInfo.java:updateAndGet(143)) - 005a1424-1186-4d58-b0b5-fdf3e953d666: start LeaderElection
2019-09-12 10:53:04,640 [pool-126-thread-1] INFO  storage.RaftStorageDirectory (RaftStorageDirectory.java:tryLock(328)) - Lock on /workdir/hadoop-ozone/integration-test/target/test-dir/MiniOzoneClusterImpl-838a7ec2-4afb-4d68-8138-46fa65bc7e11/datanode-9/data/ratis/7f823a2e-4b87-466c-a18c-288efab3c6ca/in_use.lock acquired by nodename 620@pr-hdds-1569-xtfnx-3545843844
2019-09-12 10:53:04,662 [Thread-486] INFO  impl.FollowerState (FollowerState.java:run(106)) - 35ed61f3-e470-497f-b63f-7decb4cef9e0:group-547F00331E10 changes to CANDIDATE, lastRpcTime:1072, electionTimeout:1072ms
2019-09-12 10:53:04,662 [Thread-486] INFO  impl.RoleInfo (RoleInfo.java:shutdownFollowerState(121)) - 35ed61f3-e470-497f-b63f-7decb4cef9e0: shutdown FollowerState
2019-09-12 10:53:04,662 [Thread-486] INFO  impl.RaftServerImpl (RaftServerImpl.java:setRole(171)) - 35ed61f3-e470-497f-b63f-7decb4cef9e0:group-547F00331E10 changes role from FOLLOWER to CANDIDATE at term 0 for changeToCandidate
2019-09-12 10:53:04,663 [Thread-486] INFO  impl.RoleInfo (RoleInfo.java:updateAndGet(143)) - 35ed61f3-e470-497f-b63f-7decb4cef9e0: start LeaderElection
2019-09-12 10:53:04,666 [pool-126-thread-1] INFO  storage.RaftStorage (RaftStorage.java:format(72)) - Storage directory /workdir/hadoop-ozone/integration-test/target/test-dir/MiniOzoneClusterImpl-838a7ec2-4afb-4d68-8138-46fa65bc7e11/datanode-9/data/ratis/7f823a2e-4b87-466c-a18c-288efab3c6ca has been successfully formatted.
2019-09-12 10:53:04,666 [005a1424-1186-4d58-b0b5-fdf3e953d666:group-C80B24847DFC:LeaderElection45] INFO  impl.LeaderElection (LeaderElection.java:askForVotes(181)) - 005a1424-1186-4d58-b0b5-fdf3e953d666:group-C80B24847DFC:LeaderElection45: begin an election at term 1 for -1: [005a1424-1186-4d58-b0b5-fdf3e953d666:192.168.157.195:33930], old=null
2019-09-12 10:53:04,667 [005a1424-1186-4d58-b0b5-fdf3e953d666:group-C80B24847DFC:LeaderElection45] INFO  impl.RoleInfo (RoleInfo.java:shutdownLeaderElection(134)) - 005a1424-1186-4d58-b0b5-fdf3e953d666: shutdown LeaderElection
2019-09-12 10:53:04,667 [pool-126-thread-1] INFO  ratis.ContainerStateMachine (ContainerStateMachine.java:loadSnapshot(226)) - group-288EFAB3C6CA: The snapshot info is null. Setting the last applied indexto:(t:0, i:~)
2019-09-12 10:53:04,667 [005a1424-1186-4d58-b0b5-fdf3e953d666:group-C80B24847DFC:LeaderElection45] INFO  impl.RaftServerImpl (RaftServerImpl.java:setRole(171)) - 005a1424-1186-4d58-b0b5-fdf3e953d666:group-C80B24847DFC changes role from CANDIDATE to LEADER at term 1 for changeToLeader
2019-09-12 10:53:04,667 [pool-126-thread-1] INFO  server.RaftServerConfigKeys (ConfUtils.java:logGet(43)) - raft.server.leader.election.timeout = 120s (custom)
2019-09-12 10:53:04,667 [005a1424-1186-4d58-b0b5-fdf3e953d666:group-C80B24847DFC:LeaderElection45] INFO  impl.RaftServerImpl (ServerState.java:setLeader(263)) - 005a1424-1186-4d58-b0b5-fdf3e953d666:group-C80B24847DFC change Leader from null to 005a1424-1186-4d58-b0b5-fdf3e953d666 at term 1 for becomeLeader, leader elected after 1129ms
2019-09-12 10:53:04,667 [pool-126-thread-1] INFO  server.RaftServerConfigKeys (ConfUtils.java:logGet(43)) - raft.server.log.use.memory = false (default)
2019-09-12 10:53:04,667 [005a1424-1186-4d58-b0b5-fdf3e953d666:group-C80B24847DFC:LeaderElection45] INFO  server.RaftServerConfigKeys (ConfUtils.java:logGet(43)) - raft.server.staging.catchup.gap = 1000 (default)
2019-09-12 10:53:04,668 [pool-126-thread-1] INFO  server.RaftServerConfigKeys (ConfUtils.java:logGet(43)) - raft.server.log.purge.gap = 1000000 (custom)
2019-09-12 10:53:04,668 [005a1424-1186-4d58-b0b5-fdf3e953d666:group-C80B24847DFC:LeaderElection45] INFO  server.RaftServerConfigKeys (ConfUtils.java:logGet(43)) - raft.server.rpc.sleep.time = 25ms (default)
2019-09-12 10:53:04,668 [pool-126-thread-1] INFO  server.RaftServerConfigKeys (ConfUtils.java:logGet(43)) - raft.server.log.appender.buffer.byte-limit = 33554432 (custom)
2019-09-12 10:53:04,668 [005a1424-1186-4d58-b0b5-fdf3e953d666:group-C80B24847DFC:LeaderElection45] INFO  server.RaftServerConfigKeys (ConfUtils.java:logGet(43)) - raft.server.write.element-limit = 4096 (default)
2019-09-12 10:53:04,668 [pool-126-thread-1] INFO  server.RaftServerConfigKeys (ConfUtils.java:logGet(43)) - raft.server.log.segment.size.max = 1048576 (custom)
2019-09-12 10:53:04,668 [005a1424-1186-4d58-b0b5-fdf3e953d666:group-C80B24847DFC:LeaderElection45] INFO  server.RaftServerConfigKeys (ConfUtils.java:logGet(43)) - raft.server.watch.timeout = 10s (default)
2019-09-12 10:53:04,669 [pool-126-thread-1] INFO  server.RaftServerConfigKeys (ConfUtils.java:logGet(43)) - raft.server.log.segment.cache.num.max = 2 (custom)
2019-09-12 10:53:04,669 [005a1424-1186-4d58-b0b5-fdf3e953d666:group-C80B24847DFC:LeaderElection45] INFO  server.RaftServerConfigKeys (ConfUtils.java:logGet(43)) - raft.server.watch.timeout.denomination = 1s (default)
2019-09-12 10:53:04,669 [pool-126-thread-1] INFO  segmented.SegmentedRaftLogWorker (SegmentedRaftLogWorker.java:<init>(172)) - new 02d2c735-5a91-4cfc-b37b-8234c14e6879-SegmentedRaftLogWorker:Storage Directory /workdir/hadoop-ozone/integration-test/target/test-dir/MiniOzoneClusterImpl-838a7ec2-4afb-4d68-8138-46fa65bc7e11/datanode-9/data/ratis/7f823a2e-4b87-466c-a18c-288efab3c6ca for RaftStorage:Storage Directory /workdir/hadoop-ozone/integration-test/target/test-dir/MiniOzoneClusterImpl-838a7ec2-4afb-4d68-8138-46fa65bc7e11/datanode-9/data/ratis/7f823a2e-4b87-466c-a18c-288efab3c6ca
2019-09-12 10:53:04,669 [005a1424-1186-4d58-b0b5-fdf3e953d666:group-C80B24847DFC:LeaderElection45] INFO  server.RaftServerConfigKeys (ConfUtils.java:logGet(43)) - raft.server.watch.element-limit = 65536 (default)
2019-09-12 10:53:04,669 [pool-126-thread-1] INFO  server.RaftServerConfigKeys (ConfUtils.java:logGet(43)) - raft.server.log.queue.byte-limit = 2147483647 (custom)
2019-09-12 10:53:04,669 [005a1424-1186-4d58-b0b5-fdf3e953d666:group-C80B24847DFC:LeaderElection45] INFO  impl.RoleInfo (RoleInfo.java:updateAndGet(143)) - 005a1424-1186-4d58-b0b5-fdf3e953d666: start LeaderState
2019-09-12 10:53:04,669 [pool-126-thread-1] INFO  server.RaftServerConfigKeys (ConfUtils.java:logGet(43)) - raft.server.log.queue.element-limit = 1024 (custom)
2019-09-12 10:53:04,670 [005a1424-1186-4d58-b0b5-fdf3e953d666:group-C80B24847DFC:LeaderElection45] INFO  segmented.SegmentedRaftLogWorker (SegmentedRaftLogWorker.java:startLogSegment(380)) - 005a1424-1186-4d58-b0b5-fdf3e953d666-SegmentedRaftLogWorker:Storage Directory /workdir/hadoop-ozone/integration-test/target/test-dir/MiniOzoneClusterImpl-838a7ec2-4afb-4d68-8138-46fa65bc7e11/datanode-6/data/ratis/f5b7e39c-8e41-41b1-9134-c80b24847dfc: Starting segment from index:0
2019-09-12 10:53:04,670 [pool-126-thread-1] INFO  server.RaftServerConfigKeys (ConfUtils.java:logGet(43)) - raft.server.log.segment.size.max = 1048576 (custom)
2019-09-12 10:53:04,670 [pool-126-thread-1] INFO  server.RaftServerConfigKeys (ConfUtils.java:logGet(43)) - raft.server.log.preallocated.size = 16384 (custom)
2019-09-12 10:53:04,670 [005a1424-1186-4d58-b0b5-fdf3e953d666:group-C80B24847DFC:LeaderElection45] INFO  impl.RaftServerImpl (ServerState.java:setRaftConf(361)) - 005a1424-1186-4d58-b0b5-fdf3e953d666:group-C80B24847DFC set configuration 0: [005a1424-1186-4d58-b0b5-fdf3e953d666:192.168.157.195:33930], old=null at 0
2019-09-12 10:53:04,670 [pool-126-thread-1] INFO  server.RaftServerConfigKeys (ConfUtils.java:logGet(43)) - raft.server.log.write.buffer.size = 33554432 (custom)
2019-09-12 10:53:04,671 [pool-126-thread-1] INFO  server.RaftServerConfigKeys (ConfUtils.java:logGet(43)) - raft.server.log.force.sync.num = 128 (default)
2019-09-12 10:53:04,671 [pool-126-thread-1] INFO  server.RaftServerConfigKeys (ConfUtils.java:logGet(43)) - raft.server.log.statemachine.data.sync = true (default)
2019-09-12 10:53:04,671 [pool-126-thread-1] INFO  server.RaftServerConfigKeys (ConfUtils.java:logGet(43)) - raft.server.log.statemachine.data.sync.timeout = 10s (default)
2019-09-12 10:53:04,671 [pool-126-thread-1] INFO  server.RaftServerConfigKeys (ConfUtils.java:logGet(43)) - raft.server.log.statemachine.data.sync.timeout.retry = -1 (default)
2019-09-12 10:53:04,671 [pool-126-thread-1] INFO  server.RaftServerConfigKeys (ConfUtils.java:logGet(43)) - raft.server.log.statemachine.data.caching.enabled = true (custom)
2019-09-12 10:53:04,672 [pool-126-thread-1] INFO  segmented.SegmentedRaftLogWorker (SegmentedRaftLogWorker.java:lambda$new$0(132)) - 02d2c735-5a91-4cfc-b37b-8234c14e6879-SegmentedRaftLogWorker:Storage Directory /workdir/hadoop-ozone/integration-test/target/test-dir/MiniOzoneClusterImpl-838a7ec2-4afb-4d68-8138-46fa65bc7e11/datanode-9/data/ratis/7f823a2e-4b87-466c-a18c-288efab3c6ca: flushIndex: setUnconditionally 0 -> -1
2019-09-12 10:53:04,672 [pool-126-thread-1] INFO  server.RaftServerConfigKeys (ConfUtils.java:logGet(43)) - raft.server.snapshot.auto.trigger.enabled = true (custom)
2019-09-12 10:53:04,672 [pool-126-thread-1] INFO  server.RaftServerConfigKeys (ConfUtils.java:logGet(43)) - raft.server.snapshot.auto.trigger.threshold = 10000 (custom)
2019-09-12 10:53:04,673 [pool-126-thread-1] INFO  server.RaftServerConfigKeys (ConfUtils.java:logGet(43)) - raft.server.retrycache.expirytime = 600000ms (custom)
2019-09-12 10:53:04,673 [pool-126-thread-1] INFO  impl.RaftServerImpl (RaftServerImpl.java:start(180)) - 02d2c735-5a91-4cfc-b37b-8234c14e6879: start group-288EFAB3C6CA
2019-09-12 10:53:04,673 [pool-126-thread-1] INFO  impl.RaftServerImpl (RaftServerImpl.java:setRole(171)) - 02d2c735-5a91-4cfc-b37b-8234c14e6879:group-288EFAB3C6CA changes role from null to FOLLOWER at term 0 for startAsFollower
2019-09-12 10:53:04,673 [pool-126-thread-1] INFO  impl.RoleInfo (RoleInfo.java:updateAndGet(143)) - 02d2c735-5a91-4cfc-b37b-8234c14e6879: start FollowerState
2019-09-12 10:53:04,674 [pool-126-thread-1] INFO  util.JmxRegister (JmxRegister.java:tryRegister(44)) - Successfully registered JMX Bean with object name Ratis:service=RaftServer,group=group-288EFAB3C6CA,id=02d2c735-5a91-4cfc-b37b-8234c14e6879
2019-09-12 10:53:04,677 [RatisPipelineUtilsThread] INFO  pipeline.PipelineStateManager (PipelineStateManager.java:addPipeline(56)) - Created pipeline Pipeline[ Id: 7f823a2e-4b87-466c-a18c-288efab3c6ca, Nodes: 02d2c735-5a91-4cfc-b37b-8234c14e6879{ip: 192.168.157.195, host: pr-hdds-1569-xtfnx-3545843844, networkLocation: /default-rack, certSerialId: null}, Type:RATIS, Factor:ONE, State:OPEN]
2019-09-12 10:53:04,677 [RatisPipelineUtilsThread] ERROR pipeline.PipelinePlacementPolicy (PipelinePlacementPolicy.java:meetCriteria(91)) - Pipeline Placement: Doesn't meet the criteria to be viable node. Heaviness: 6
2019-09-12 10:53:04,677 [RatisPipelineUtilsThread] ERROR pipeline.PipelinePlacementPolicy (PipelinePlacementPolicy.java:meetCriteria(91)) - Pipeline Placement: Doesn't meet the criteria to be viable node. Heaviness: 6
2019-09-12 10:53:04,677 [RatisPipelineUtilsThread] ERROR pipeline.PipelinePlacementPolicy (PipelinePlacementPolicy.java:meetCriteria(91)) - Pipeline Placement: Doesn't meet the criteria to be viable node. Heaviness: 6
2019-09-12 10:53:04,677 [RatisPipelineUtilsThread] ERROR pipeline.PipelinePlacementPolicy (PipelinePlacementPolicy.java:meetCriteria(91)) - Pipeline Placement: Doesn't meet the criteria to be viable node. Heaviness: 6
2019-09-12 10:53:04,677 [RatisPipelineUtilsThread] ERROR pipeline.PipelinePlacementPolicy (PipelinePlacementPolicy.java:meetCriteria(91)) - Pipeline Placement: Doesn't meet the criteria to be viable node. Heaviness: 6
2019-09-12 10:53:04,678 [RatisPipelineUtilsThread] ERROR pipeline.PipelinePlacementPolicy (PipelinePlacementPolicy.java:meetCriteria(91)) - Pipeline Placement: Doesn't meet the criteria to be viable node. Heaviness: 6
2019-09-12 10:53:04,678 [RatisPipelineUtilsThread] ERROR pipeline.PipelinePlacementPolicy (PipelinePlacementPolicy.java:meetCriteria(91)) - Pipeline Placement: Doesn't meet the criteria to be viable node. Heaviness: 6
2019-09-12 10:53:04,678 [RatisPipelineUtilsThread] ERROR pipeline.PipelinePlacementPolicy (PipelinePlacementPolicy.java:meetCriteria(91)) - Pipeline Placement: Doesn't meet the criteria to be viable node. Heaviness: 6
2019-09-12 10:53:04,678 [RatisPipelineUtilsThread] ERROR pipeline.PipelinePlacementPolicy (PipelinePlacementPolicy.java:meetCriteria(91)) - Pipeline Placement: Doesn't meet the criteria to be viable node. Heaviness: 6
2019-09-12 10:53:04,678 [RatisPipelineUtilsThread] ERROR pipeline.PipelinePlacementPolicy (PipelinePlacementPolicy.java:meetCriteria(91)) - Pipeline Placement: Doesn't meet the criteria to be viable node. Heaviness: 6
2019-09-12 10:53:04,678 [RatisPipelineUtilsThread] ERROR pipeline.PipelinePlacementPolicy (PipelinePlacementPolicy.java:filterViableNodes(146)) - Unable to find enough nodes that meet the criteria that cannot engage in more than 5 pipelines. Nodes required: 1 Found: 0, healthy nodes count inNodeManager: 10.
2019-09-12 10:53:04,679 [RatisPipelineUtilsThread] ERROR pipeline.SCMPipelineManager (SCMPipelineManager.java:createPipeline(161)) - Pipeline creation failed due to exception: Unable to find enough nodes that meet the criteria that cannot engage in more than 5 pipelines. Nodes required: 1 Found: 0, healthy nodes count inNodeManager: 10.
2019-09-12 10:53:04,679 [RatisPipelineUtilsThread] ERROR pipeline.PipelinePlacementPolicy (PipelinePlacementPolicy.java:meetCriteria(91)) - Pipeline Placement: Doesn't meet the criteria to be viable node. Heaviness: 6
2019-09-12 10:53:04,679 [RatisPipelineUtilsThread] ERROR pipeline.PipelinePlacementPolicy (PipelinePlacementPolicy.java:meetCriteria(91)) - Pipeline Placement: Doesn't meet the criteria to be viable node. Heaviness: 6
2019-09-12 10:53:04,679 [RatisPipelineUtilsThread] ERROR pipeline.PipelinePlacementPolicy (PipelinePlacementPolicy.java:meetCriteria(91)) - Pipeline Placement: Doesn't meet the criteria to be viable node. Heaviness: 6
2019-09-12 10:53:04,680 [RatisPipelineUtilsThread] ERROR pipeline.PipelinePlacementPolicy (PipelinePlacementPolicy.java:meetCriteria(91)) - Pipeline Placement: Doesn't meet the criteria to be viable node. Heaviness: 6
2019-09-12 10:53:04,680 [RatisPipelineUtilsThread] ERROR pipeline.PipelinePlacementPolicy (PipelinePlacementPolicy.java:meetCriteria(91)) - Pipeline Placement: Doesn't meet the criteria to be viable node. Heaviness: 6
2019-09-12 10:53:04,680 [RatisPipelineUtilsThread] ERROR pipeline.PipelinePlacementPolicy (PipelinePlacementPolicy.java:meetCriteria(91)) - Pipeline Placement: Doesn't meet the criteria to be viable node. Heaviness: 6
2019-09-12 10:53:04,680 [RatisPipelineUtilsThread] ERROR pipeline.PipelinePlacementPolicy (PipelinePlacementPolicy.java:meetCriteria(91)) - Pipeline Placement: Doesn't meet the criteria to be viable node. Heaviness: 6
2019-09-12 10:53:04,680 [RatisPipelineUtilsThread] ERROR pipeline.PipelinePlacementPolicy (PipelinePlacementPolicy.java:meetCriteria(91)) - Pipeline Placement: Doesn't meet the criteria to be viable node. Heaviness: 6
2019-09-12 10:53:04,680 [RatisPipelineUtilsThread] ERROR pipeline.PipelinePlacementPolicy (PipelinePlacementPolicy.java:meetCriteria(91)) - Pipeline Placement: Doesn't meet the criteria to be viable node. Heaviness: 6
2019-09-12 10:53:04,680 [RatisPipelineUtilsThread] ERROR pipeline.PipelinePlacementPolicy (PipelinePlacementPolicy.java:meetCriteria(91)) - Pipeline Placement: Doesn't meet the criteria to be viable node. Heaviness: 6
2019-09-12 10:53:04,680 [RatisPipelineUtilsThread] ERROR pipeline.PipelinePlacementPolicy (PipelinePlacementPolicy.java:filterViableNodes(146)) - Unable to find enough nodes that meet the criteria that cannot engage in more than 5 pipelines. Nodes required: 3 Found: 0, healthy nodes count inNodeManager: 10.
2019-09-12 10:53:04,680 [RatisPipelineUtilsThread] ERROR pipeline.SCMPipelineManager (SCMPipelineManager.java:createPipeline(161)) - Pipeline creation failed due to exception: Unable to find enough nodes that meet the criteria that cannot engage in more than 5 pipelines. Nodes required: 3 Found: 0, healthy nodes count inNodeManager: 10.
2019-09-12 10:53:04,681 [RatisPipelineUtilsThread] ERROR pipeline.PipelinePlacementPolicy (PipelinePlacementPolicy.java:meetCriteria(91)) - Pipeline Placement: Doesn't meet the criteria to be viable node. Heaviness: 6
2019-09-12 10:53:04,682 [RatisPipelineUtilsThread] ERROR pipeline.PipelinePlacementPolicy (PipelinePlacementPolicy.java:meetCriteria(91)) - Pipeline Placement: Doesn't meet the criteria to be viable node. Heaviness: 6
2019-09-12 10:53:04,682 [RatisPipelineUtilsThread] ERROR pipeline.PipelinePlacementPolicy (PipelinePlacementPolicy.java:meetCriteria(91)) - Pipeline Placement: Doesn't meet the criteria to be viable node. Heaviness: 6
2019-09-12 10:53:04,682 [RatisPipelineUtilsThread] ERROR pipeline.PipelinePlacementPolicy (PipelinePlacementPolicy.java:meetCriteria(91)) - Pipeline Placement: Doesn't meet the criteria to be viable node. Heaviness: 6
2019-09-12 10:53:04,682 [RatisPipelineUtilsThread] ERROR pipeline.PipelinePlacementPolicy (PipelinePlacementPolicy.java:meetCriteria(91)) - Pipeline Placement: Doesn't meet the criteria to be viable node. Heaviness: 6
2019-09-12 10:53:04,682 [RatisPipelineUtilsThread] ERROR pipeline.PipelinePlacementPolicy (PipelinePlacementPolicy.java:meetCriteria(91)) - Pipeline Placement: Doesn't meet the criteria to be viable node. Heaviness: 6
2019-09-12 10:53:04,682 [RatisPipelineUtilsThread] ERROR pipeline.PipelinePlacementPolicy (PipelinePlacementPolicy.java:meetCriteria(91)) - Pipeline Placement: Doesn't meet the criteria to be viable node. Heaviness: 6
2019-09-12 10:53:04,682 [RatisPipelineUtilsThread] ERROR pipeline.PipelinePlacementPolicy (PipelinePlacementPolicy.java:meetCriteria(91)) - Pipeline Placement: Doesn't meet the criteria to be viable node. Heaviness: 6
2019-09-12 10:53:04,682 [RatisPipelineUtilsThread] ERROR pipeline.PipelinePlacementPolicy (PipelinePlacementPolicy.java:meetCriteria(91)) - Pipeline Placement: Doesn't meet the criteria to be viable node. Heaviness: 6
2019-09-12 10:53:04,682 [RatisPipelineUtilsThread] ERROR pipeline.PipelinePlacementPolicy (PipelinePlacementPolicy.java:meetCriteria(91)) - Pipeline Placement: Doesn't meet the criteria to be viable node. Heaviness: 6
2019-09-12 10:53:04,682 [RatisPipelineUtilsThread] ERROR pipeline.PipelinePlacementPolicy (PipelinePlacementPolicy.java:filterViableNodes(146)) - Unable to find enough nodes that meet the criteria that cannot engage in more than 5 pipelines. Nodes required: 1 Found: 0, healthy nodes count inNodeManager: 10.
2019-09-12 10:53:04,682 [RatisPipelineUtilsThread] ERROR pipeline.SCMPipelineManager (SCMPipelineManager.java:createPipeline(161)) - Pipeline creation failed due to exception: Unable to find enough nodes that meet the criteria that cannot engage in more than 5 pipelines. Nodes required: 1 Found: 0, healthy nodes count inNodeManager: 10.
2019-09-12 10:53:04,683 [RatisPipelineUtilsThread] ERROR pipeline.PipelinePlacementPolicy (PipelinePlacementPolicy.java:meetCriteria(91)) - Pipeline Placement: Doesn't meet the criteria to be viable node. Heaviness: 6
2019-09-12 10:53:04,683 [RatisPipelineUtilsThread] ERROR pipeline.PipelinePlacementPolicy (PipelinePlacementPolicy.java:meetCriteria(91)) - Pipeline Placement: Doesn't meet the criteria to be viable node. Heaviness: 6
2019-09-12 10:53:04,683 [RatisPipelineUtilsThread] ERROR pipeline.PipelinePlacementPolicy (PipelinePlacementPolicy.java:meetCriteria(91)) - Pipeline Placement: Doesn't meet the criteria to be viable node. Heaviness: 6
2019-09-12 10:53:04,683 [RatisPipelineUtilsThread] ERROR pipeline.PipelinePlacementPolicy (PipelinePlacementPolicy.java:meetCriteria(91)) - Pipeline Placement: Doesn't meet the criteria to be viable node. Heaviness: 6
2019-09-12 10:53:04,683 [RatisPipelineUtilsThread] ERROR pipeline.PipelinePlacementPolicy (PipelinePlacementPolicy.java:meetCriteria(91)) - Pipeline Placement: Doesn't meet the criteria to be viable node. Heaviness: 6
2019-09-12 10:53:04,683 [RatisPipelineUtilsThread] ERROR pipeline.PipelinePlacementPolicy (PipelinePlacementPolicy.java:meetCriteria(91)) - Pipeline Placement: Doesn't meet the criteria to be viable node. Heaviness: 6
2019-09-12 10:53:04,683 [RatisPipelineUtilsThread] ERROR pipeline.PipelinePlacementPolicy (PipelinePlacementPolicy.java:meetCriteria(91)) - Pipeline Placement: Doesn't meet the criteria to be viable node. Heaviness: 6
2019-09-12 10:53:04,683 [RatisPipelineUtilsThread] ERROR pipeline.PipelinePlacementPolicy (PipelinePlacementPolicy.java:meetCriteria(91)) - Pipeline Placement: Doesn't meet the criteria to be viable node. Heaviness: 6
2019-09-12 10:53:04,683 [RatisPipelineUtilsThread] ERROR pipeline.PipelinePlacementPolicy (PipelinePlacementPolicy.java:meetCriteria(91)) - Pipeline Placement: Doesn't meet the criteria to be viable node. Heaviness: 6
2019-09-12 10:53:04,683 [RatisPipelineUtilsThread] ERROR pipeline.PipelinePlacementPolicy (PipelinePlacementPolicy.java:meetCriteria(91)) - Pipeline Placement: Doesn't meet the criteria to be viable node. Heaviness: 6
2019-09-12 10:53:04,684 [RatisPipelineUtilsThread] ERROR pipeline.PipelinePlacementPolicy (PipelinePlacementPolicy.java:filterViableNodes(146)) - Unable to find enough nodes that meet the criteria that cannot engage in more than 5 pipelines. Nodes required: 3 Found: 0, healthy nodes count inNodeManager: 10.
2019-09-12 10:53:04,684 [RatisPipelineUtilsThread] ERROR pipeline.SCMPipelineManager (SCMPipelineManager.java:createPipeline(161)) - Pipeline creation failed due to exception: Unable to find enough nodes that meet the criteria that cannot engage in more than 5 pipelines. Nodes required: 3 Found: 0, healthy nodes count inNodeManager: 10.
2019-09-12 10:53:04,684 | INFO  | SCMAudit | user=jenkins1000 | ip=192.168.157.195 | op=SEND_HEARTBEAT {datanodeUUID=005a1424-1186-4d58-b0b5-fdf3e953d666, command=[]} | ret=SUCCESS |  
2019-09-12 10:53:04,684 [IPC Server handler 0 on 37510] ERROR pipeline.PipelinePlacementPolicy (PipelinePlacementPolicy.java:meetCriteria(91)) - Pipeline Placement: Doesn't meet the criteria to be viable node. Heaviness: 6
2019-09-12 10:53:04,684 [IPC Server handler 0 on 37510] ERROR pipeline.PipelinePlacementPolicy (PipelinePlacementPolicy.java:meetCriteria(91)) - Pipeline Placement: Doesn't meet the criteria to be viable node. Heaviness: 6
2019-09-12 10:53:04,684 [IPC Server handler 0 on 37510] ERROR pipeline.PipelinePlacementPolicy (PipelinePlacementPolicy.java:meetCriteria(91)) - Pipeline Placement: Doesn't meet the criteria to be viable node. Heaviness: 6
2019-09-12 10:53:04,685 [IPC Server handler 0 on 37510] ERROR pipeline.PipelinePlacementPolicy (PipelinePlacementPolicy.java:meetCriteria(91)) - Pipeline Placement: Doesn't meet the criteria to be viable node. Heaviness: 6
2019-09-12 10:53:04,685 [IPC Server handler 0 on 37510] ERROR pipeline.PipelinePlacementPolicy (PipelinePlacementPolicy.java:meetCriteria(91)) - Pipeline Placement: Doesn't meet the criteria to be viable node. Heaviness: 6
2019-09-12 10:53:04,685 [IPC Server handler 0 on 37510] ERROR pipeline.PipelinePlacementPolicy (PipelinePlacementPolicy.java:meetCriteria(91)) - Pipeline Placement: Doesn't meet the criteria to be viable node. Heaviness: 6
2019-09-12 10:53:04,685 [IPC Server handler 0 on 37510] ERROR pipeline.PipelinePlacementPolicy (PipelinePlacementPolicy.java:meetCriteria(91)) - Pipeline Placement: Doesn't meet the criteria to be viable node. Heaviness: 6
2019-09-12 10:53:04,685 [IPC Server handler 0 on 37510] ERROR pipeline.PipelinePlacementPolicy (PipelinePlacementPolicy.java:meetCriteria(91)) - Pipeline Placement: Doesn't meet the criteria to be viable node. Heaviness: 6
2019-09-12 10:53:04,686 [IPC Server handler 0 on 37510] ERROR pipeline.PipelinePlacementPolicy (PipelinePlacementPolicy.java:meetCriteria(91)) - Pipeline Placement: Doesn't meet the criteria to be viable node. Heaviness: 6
2019-09-12 10:53:04,686 [IPC Server handler 0 on 37510] ERROR pipeline.PipelinePlacementPolicy (PipelinePlacementPolicy.java:meetCriteria(91)) - Pipeline Placement: Doesn't meet the criteria to be viable node. Heaviness: 6
2019-09-12 10:53:04,686 [IPC Server handler 0 on 37510] ERROR pipeline.PipelinePlacementPolicy (PipelinePlacementPolicy.java:filterViableNodes(146)) - Unable to find enough nodes that meet the criteria that cannot engage in more than 5 pipelines. Nodes required: 3 Found: 0, healthy nodes count inNodeManager: 10.
2019-09-12 10:53:04,686 [IPC Server handler 0 on 37510] ERROR pipeline.SCMPipelineManager (SCMPipelineManager.java:createPipeline(161)) - Pipeline creation failed due to exception: Unable to find enough nodes that meet the criteria that cannot engage in more than 5 pipelines. Nodes required: 3 Found: 0, healthy nodes count inNodeManager: 10.
2019-09-12 10:53:04,688 [IPC Server handler 0 on 37510] WARN  block.BlockManagerImpl (BlockManagerImpl.java:allocateBlock(192)) - Pipeline creation failed for type:RATIS factor:THREE. Retrying get pipelines call once.
org.apache.hadoop.hdds.scm.exceptions.SCMException: Unable to find enough nodes that meet the criteria that cannot engage in more than 5 pipelines. Nodes required: 3 Found: 0, healthy nodes count inNodeManager: 10.
	at org.apache.hadoop.hdds.scm.pipeline.PipelinePlacementPolicy.filterViableNodes(PipelinePlacementPolicy.java:147)
	at org.apache.hadoop.hdds.scm.pipeline.PipelinePlacementPolicy.chooseDatanodes(PipelinePlacementPolicy.java:170)
	at org.apache.hadoop.hdds.scm.pipeline.RatisPipelineProvider.create(RatisPipelineProvider.java:92)
	at org.apache.hadoop.hdds.scm.pipeline.PipelineFactory.create(PipelineFactory.java:57)
	at org.apache.hadoop.hdds.scm.pipeline.SCMPipelineManager.createPipeline(SCMPipelineManager.java:149)
	at org.apache.hadoop.hdds.scm.block.BlockManagerImpl.allocateBlock(BlockManagerImpl.java:190)
	at org.apache.hadoop.hdds.scm.server.SCMBlockProtocolServer.allocateBlock(SCMBlockProtocolServer.java:175)
	at org.apache.hadoop.ozone.protocolPB.ScmBlockLocationProtocolServerSideTranslatorPB.allocateScmBlock(ScmBlockLocationProtocolServerSideTranslatorPB.java:153)
	at org.apache.hadoop.ozone.protocolPB.ScmBlockLocationProtocolServerSideTranslatorPB.send(ScmBlockLocationProtocolServerSideTranslatorPB.java:112)
	at org.apache.hadoop.hdds.protocol.proto.ScmBlockLocationProtocolProtos$ScmBlockLocationProtocolService$2.callBlockingMethod(ScmBlockLocationProtocolProtos.java:13157)
	at org.apache.hadoop.ipc.ProtobufRpcEngine$Server$ProtoBufRpcInvoker.call(ProtobufRpcEngine.java:524)
	at org.apache.hadoop.ipc.RPC$Server.call(RPC.java:1025)
	at org.apache.hadoop.ipc.Server$RpcCall.run(Server.java:876)
	at org.apache.hadoop.ipc.Server$RpcCall.run(Server.java:822)
	at java.security.AccessController.doPrivileged(Native Method)
	at javax.security.auth.Subject.doAs(Subject.java:422)
	at org.apache.hadoop.security.UserGroupInformation.doAs(UserGroupInformation.java:1730)
	at org.apache.hadoop.ipc.Server$Handler.run(Server.java:2682)
2019-09-12 10:53:04,690 [IPC Server handler 0 on 37510] INFO  block.BlockManagerImpl (BlockManagerImpl.java:allocateBlock(198)) - Could not find available pipeline of type:RATIS and factor:THREE even after retrying
2019-09-12 10:53:04,691 [IPC Server handler 0 on 37510] ERROR block.BlockManagerImpl (BlockManagerImpl.java:allocateBlock(222)) - Unable to allocate a block for the size: 4194304, type: RATIS, factor: THREE
2019-09-12 10:53:04,691 [IPC Server handler 0 on 37510] ERROR pipeline.PipelinePlacementPolicy (PipelinePlacementPolicy.java:meetCriteria(91)) - Pipeline Placement: Doesn't meet the criteria to be viable node. Heaviness: 6
2019-09-12 10:53:04,691 [IPC Server handler 0 on 37510] ERROR pipeline.PipelinePlacementPolicy (PipelinePlacementPolicy.java:meetCriteria(91)) - Pipeline Placement: Doesn't meet the criteria to be viable node. Heaviness: 6
2019-09-12 10:53:04,691 [IPC Server handler 0 on 37510] ERROR pipeline.PipelinePlacementPolicy (PipelinePlacementPolicy.java:meetCriteria(91)) - Pipeline Placement: Doesn't meet the criteria to be viable node. Heaviness: 6
2019-09-12 10:53:04,692 [IPC Server handler 0 on 37510] ERROR pipeline.PipelinePlacementPolicy (PipelinePlacementPolicy.java:meetCriteria(91)) - Pipeline Placement: Doesn't meet the criteria to be viable node. Heaviness: 6
2019-09-12 10:53:04,692 [IPC Server handler 0 on 37510] ERROR pipeline.PipelinePlacementPolicy (PipelinePlacementPolicy.java:meetCriteria(91)) - Pipeline Placement: Doesn't meet the criteria to be viable node. Heaviness: 6
2019-09-12 10:53:04,692 [IPC Server handler 0 on 37510] ERROR pipeline.PipelinePlacementPolicy (PipelinePlacementPolicy.java:meetCriteria(91)) - Pipeline Placement: Doesn't meet the criteria to be viable node. Heaviness: 6
2019-09-12 10:53:04,692 [IPC Server handler 0 on 37510] ERROR pipeline.PipelinePlacementPolicy (PipelinePlacementPolicy.java:meetCriteria(91)) - Pipeline Placement: Doesn't meet the criteria to be viable node. Heaviness: 6
2019-09-12 10:53:04,693 [IPC Server handler 0 on 37510] ERROR pipeline.PipelinePlacementPolicy (PipelinePlacementPolicy.java:meetCriteria(91)) - Pipeline Placement: Doesn't meet the criteria to be viable node. Heaviness: 6
2019-09-12 10:53:04,693 [IPC Server handler 0 on 37510] ERROR pipeline.PipelinePlacementPolicy (PipelinePlacementPolicy.java:meetCriteria(91)) - Pipeline Placement: Doesn't meet the criteria to be viable node. Heaviness: 6
2019-09-12 10:53:04,693 [IPC Server handler 0 on 37510] ERROR pipeline.PipelinePlacementPolicy (PipelinePlacementPolicy.java:meetCriteria(91)) - Pipeline Placement: Doesn't meet the criteria to be viable node. Heaviness: 6
2019-09-12 10:53:04,693 [35ed61f3-e470-497f-b63f-7decb4cef9e0:group-547F00331E10:LeaderElection46] INFO  impl.LeaderElection (LeaderElection.java:askForVotes(181)) - 35ed61f3-e470-497f-b63f-7decb4cef9e0:group-547F00331E10:LeaderElection46: begin an election at term 1 for -1: [35ed61f3-e470-497f-b63f-7decb4cef9e0:192.168.157.195:33043], old=null
2019-09-12 10:53:04,693 [IPC Server handler 0 on 37510] ERROR pipeline.PipelinePlacementPolicy (PipelinePlacementPolicy.java:filterViableNodes(146)) - Unable to find enough nodes that meet the criteria that cannot engage in more than 5 pipelines. Nodes required: 3 Found: 0, healthy nodes count inNodeManager: 10.
2019-09-12 10:53:04,693 [35ed61f3-e470-497f-b63f-7decb4cef9e0:group-547F00331E10:LeaderElection46] INFO  impl.RoleInfo (RoleInfo.java:shutdownLeaderElection(134)) - 35ed61f3-e470-497f-b63f-7decb4cef9e0: shutdown LeaderElection
2019-09-12 10:53:04,694 [IPC Server handler 0 on 37510] ERROR pipeline.SCMPipelineManager (SCMPipelineManager.java:createPipeline(161)) - Pipeline creation failed due to exception: Unable to find enough nodes that meet the criteria that cannot engage in more than 5 pipelines. Nodes required: 3 Found: 0, healthy nodes count inNodeManager: 10.
2019-09-12 10:53:04,694 [35ed61f3-e470-497f-b63f-7decb4cef9e0:group-547F00331E10:LeaderElection46] INFO  impl.RaftServerImpl (RaftServerImpl.java:setRole(171)) - 35ed61f3-e470-497f-b63f-7decb4cef9e0:group-547F00331E10 changes role from CANDIDATE to LEADER at term 1 for changeToLeader
2019-09-12 10:53:04,694 [IPC Server handler 0 on 37510] WARN  block.BlockManagerImpl (BlockManagerImpl.java:allocateBlock(192)) - Pipeline creation failed for type:RATIS factor:THREE. Retrying get pipelines call once.
org.apache.hadoop.hdds.scm.exceptions.SCMException: Unable to find enough nodes that meet the criteria that cannot engage in more than 5 pipelines. Nodes required: 3 Found: 0, healthy nodes count inNodeManager: 10.
	at org.apache.hadoop.hdds.scm.pipeline.PipelinePlacementPolicy.filterViableNodes(PipelinePlacementPolicy.java:147)
	at org.apache.hadoop.hdds.scm.pipeline.PipelinePlacementPolicy.chooseDatanodes(PipelinePlacementPolicy.java:170)
	at org.apache.hadoop.hdds.scm.pipeline.RatisPipelineProvider.create(RatisPipelineProvider.java:92)
	at org.apache.hadoop.hdds.scm.pipeline.PipelineFactory.create(PipelineFactory.java:57)
	at org.apache.hadoop.hdds.scm.pipeline.SCMPipelineManager.createPipeline(SCMPipelineManager.java:149)
	at org.apache.hadoop.hdds.scm.block.BlockManagerImpl.allocateBlock(BlockManagerImpl.java:190)
	at org.apache.hadoop.hdds.scm.server.SCMBlockProtocolServer.allocateBlock(SCMBlockProtocolServer.java:175)
	at org.apache.hadoop.ozone.protocolPB.ScmBlockLocationProtocolServerSideTranslatorPB.allocateScmBlock(ScmBlockLocationProtocolServerSideTranslatorPB.java:153)
	at org.apache.hadoop.ozone.protocolPB.ScmBlockLocationProtocolServerSideTranslatorPB.send(ScmBlockLocationProtocolServerSideTranslatorPB.java:112)
	at org.apache.hadoop.hdds.protocol.proto.ScmBlockLocationProtocolProtos$ScmBlockLocationProtocolService$2.callBlockingMethod(ScmBlockLocationProtocolProtos.java:13157)
	at org.apache.hadoop.ipc.ProtobufRpcEngine$Server$ProtoBufRpcInvoker.call(ProtobufRpcEngine.java:524)
	at org.apache.hadoop.ipc.RPC$Server.call(RPC.java:1025)
	at org.apache.hadoop.ipc.Server$RpcCall.run(Server.java:876)
	at org.apache.hadoop.ipc.Server$RpcCall.run(Server.java:822)
	at java.security.AccessController.doPrivileged(Native Method)
	at javax.security.auth.Subject.doAs(Subject.java:422)
	at org.apache.hadoop.security.UserGroupInformation.doAs(UserGroupInformation.java:1730)
	at org.apache.hadoop.ipc.Server$Handler.run(Server.java:2682)
2019-09-12 10:53:04,694 [35ed61f3-e470-497f-b63f-7decb4cef9e0:group-547F00331E10:LeaderElection46] INFO  impl.RaftServerImpl (ServerState.java:setLeader(263)) - 35ed61f3-e470-497f-b63f-7decb4cef9e0:group-547F00331E10 change Leader from null to 35ed61f3-e470-497f-b63f-7decb4cef9e0 at term 1 for becomeLeader, leader elected after 1109ms
2019-09-12 10:53:04,694 [IPC Server handler 0 on 37510] INFO  block.BlockManagerImpl (BlockManagerImpl.java:allocateBlock(198)) - Could not find available pipeline of type:RATIS and factor:THREE even after retrying
2019-09-12 10:53:04,695 [35ed61f3-e470-497f-b63f-7decb4cef9e0:group-547F00331E10:LeaderElection46] INFO  server.RaftServerConfigKeys (ConfUtils.java:logGet(43)) - raft.server.staging.catchup.gap = 1000 (default)
2019-09-12 10:53:04,695 [IPC Server handler 0 on 37510] ERROR block.BlockManagerImpl (BlockManagerImpl.java:allocateBlock(222)) - Unable to allocate a block for the size: 4194304, type: RATIS, factor: THREE
2019-09-12 10:53:04,695 [35ed61f3-e470-497f-b63f-7decb4cef9e0:group-547F00331E10:LeaderElection46] INFO  server.RaftServerConfigKeys (ConfUtils.java:logGet(43)) - raft.server.rpc.sleep.time = 25ms (default)
2019-09-12 10:53:04,695 [IPC Server handler 0 on 37510] ERROR pipeline.PipelinePlacementPolicy (PipelinePlacementPolicy.java:meetCriteria(91)) - Pipeline Placement: Doesn't meet the criteria to be viable node. Heaviness: 6
2019-09-12 10:53:04,695 [IPC Server handler 0 on 37510] ERROR pipeline.PipelinePlacementPolicy (PipelinePlacementPolicy.java:meetCriteria(91)) - Pipeline Placement: Doesn't meet the criteria to be viable node. Heaviness: 6
2019-09-12 10:53:04,696 [IPC Server handler 0 on 37510] ERROR pipeline.PipelinePlacementPolicy (PipelinePlacementPolicy.java:meetCriteria(91)) - Pipeline Placement: Doesn't meet the criteria to be viable node. Heaviness: 6
2019-09-12 10:53:04,696 [IPC Server handler 0 on 37510] ERROR pipeline.PipelinePlacementPolicy (PipelinePlacementPolicy.java:meetCriteria(91)) - Pipeline Placement: Doesn't meet the criteria to be viable node. Heaviness: 6
2019-09-12 10:53:04,695 [35ed61f3-e470-497f-b63f-7decb4cef9e0:group-547F00331E10:LeaderElection46] INFO  server.RaftServerConfigKeys (ConfUtils.java:logGet(43)) - raft.server.write.element-limit = 4096 (default)
2019-09-12 10:53:04,696 [IPC Server handler 0 on 37510] ERROR pipeline.PipelinePlacementPolicy (PipelinePlacementPolicy.java:meetCriteria(91)) - Pipeline Placement: Doesn't meet the criteria to be viable node. Heaviness: 6
2019-09-12 10:53:04,696 [35ed61f3-e470-497f-b63f-7decb4cef9e0:group-547F00331E10:LeaderElection46] INFO  server.RaftServerConfigKeys (ConfUtils.java:logGet(43)) - raft.server.watch.timeout = 10s (default)
2019-09-12 10:53:04,696 [IPC Server handler 0 on 37510] ERROR pipeline.PipelinePlacementPolicy (PipelinePlacementPolicy.java:meetCriteria(91)) - Pipeline Placement: Doesn't meet the criteria to be viable node. Heaviness: 6
2019-09-12 10:53:04,697 [35ed61f3-e470-497f-b63f-7decb4cef9e0:group-547F00331E10:LeaderElection46] INFO  server.RaftServerConfigKeys (ConfUtils.java:logGet(43)) - raft.server.watch.timeout.denomination = 1s (default)
2019-09-12 10:53:04,697 [IPC Server handler 0 on 37510] ERROR pipeline.PipelinePlacementPolicy (PipelinePlacementPolicy.java:meetCriteria(91)) - Pipeline Placement: Doesn't meet the criteria to be viable node. Heaviness: 6
2019-09-12 10:53:04,697 [IPC Server handler 0 on 37510] ERROR pipeline.PipelinePlacementPolicy (PipelinePlacementPolicy.java:meetCriteria(91)) - Pipeline Placement: Doesn't meet the criteria to be viable node. Heaviness: 6
2019-09-12 10:53:04,697 [IPC Server handler 0 on 37510] ERROR pipeline.PipelinePlacementPolicy (PipelinePlacementPolicy.java:meetCriteria(91)) - Pipeline Placement: Doesn't meet the criteria to be viable node. Heaviness: 6
2019-09-12 10:53:04,697 [IPC Server handler 0 on 37510] ERROR pipeline.PipelinePlacementPolicy (PipelinePlacementPolicy.java:meetCriteria(91)) - Pipeline Placement: Doesn't meet the criteria to be viable node. Heaviness: 6
2019-09-12 10:53:04,697 [35ed61f3-e470-497f-b63f-7decb4cef9e0:group-547F00331E10:LeaderElection46] INFO  server.RaftServerConfigKeys (ConfUtils.java:logGet(43)) - raft.server.watch.element-limit = 65536 (default)
2019-09-12 10:53:04,697 [IPC Server handler 0 on 37510] ERROR pipeline.PipelinePlacementPolicy (PipelinePlacementPolicy.java:filterViableNodes(146)) - Unable to find enough nodes that meet the criteria that cannot engage in more than 5 pipelines. Nodes required: 3 Found: 0, healthy nodes count inNodeManager: 10.
2019-09-12 10:53:04,697 [IPC Server handler 0 on 37510] ERROR pipeline.SCMPipelineManager (SCMPipelineManager.java:createPipeline(161)) - Pipeline creation failed due to exception: Unable to find enough nodes that meet the criteria that cannot engage in more than 5 pipelines. Nodes required: 3 Found: 0, healthy nodes count inNodeManager: 10.
2019-09-12 10:53:04,698 [35ed61f3-e470-497f-b63f-7decb4cef9e0:group-547F00331E10:LeaderElection46] INFO  impl.RoleInfo (RoleInfo.java:updateAndGet(143)) - 35ed61f3-e470-497f-b63f-7decb4cef9e0: start LeaderState
2019-09-12 10:53:04,698 [IPC Server handler 0 on 37510] WARN  block.BlockManagerImpl (BlockManagerImpl.java:allocateBlock(192)) - Pipeline creation failed for type:RATIS factor:THREE. Retrying get pipelines call once.
org.apache.hadoop.hdds.scm.exceptions.SCMException: Unable to find enough nodes that meet the criteria that cannot engage in more than 5 pipelines. Nodes required: 3 Found: 0, healthy nodes count inNodeManager: 10.
	at org.apache.hadoop.hdds.scm.pipeline.PipelinePlacementPolicy.filterViableNodes(PipelinePlacementPolicy.java:147)
	at org.apache.hadoop.hdds.scm.pipeline.PipelinePlacementPolicy.chooseDatanodes(PipelinePlacementPolicy.java:170)
	at org.apache.hadoop.hdds.scm.pipeline.RatisPipelineProvider.create(RatisPipelineProvider.java:92)
	at org.apache.hadoop.hdds.scm.pipeline.PipelineFactory.create(PipelineFactory.java:57)
	at org.apache.hadoop.hdds.scm.pipeline.SCMPipelineManager.createPipeline(SCMPipelineManager.java:149)
	at org.apache.hadoop.hdds.scm.block.BlockManagerImpl.allocateBlock(BlockManagerImpl.java:190)
	at org.apache.hadoop.hdds.scm.server.SCMBlockProtocolServer.allocateBlock(SCMBlockProtocolServer.java:175)
	at org.apache.hadoop.ozone.protocolPB.ScmBlockLocationProtocolServerSideTranslatorPB.allocateScmBlock(ScmBlockLocationProtocolServerSideTranslatorPB.java:153)
	at org.apache.hadoop.ozone.protocolPB.ScmBlockLocationProtocolServerSideTranslatorPB.send(ScmBlockLocationProtocolServerSideTranslatorPB.java:112)
	at org.apache.hadoop.hdds.protocol.proto.ScmBlockLocationProtocolProtos$ScmBlockLocationProtocolService$2.callBlockingMethod(ScmBlockLocationProtocolProtos.java:13157)
	at org.apache.hadoop.ipc.ProtobufRpcEngine$Server$ProtoBufRpcInvoker.call(ProtobufRpcEngine.java:524)
	at org.apache.hadoop.ipc.RPC$Server.call(RPC.java:1025)
	at org.apache.hadoop.ipc.Server$RpcCall.run(Server.java:876)
	at org.apache.hadoop.ipc.Server$RpcCall.run(Server.java:822)
	at java.security.AccessController.doPrivileged(Native Method)
	at javax.security.auth.Subject.doAs(Subject.java:422)
	at org.apache.hadoop.security.UserGroupInformation.doAs(UserGroupInformation.java:1730)
	at org.apache.hadoop.ipc.Server$Handler.run(Server.java:2682)
2019-09-12 10:53:04,698 [35ed61f3-e470-497f-b63f-7decb4cef9e0:group-547F00331E10:LeaderElection46] INFO  segmented.SegmentedRaftLogWorker (SegmentedRaftLogWorker.java:startLogSegment(380)) - 35ed61f3-e470-497f-b63f-7decb4cef9e0-SegmentedRaftLogWorker:Storage Directory /workdir/hadoop-ozone/integration-test/target/test-dir/MiniOzoneClusterImpl-838a7ec2-4afb-4d68-8138-46fa65bc7e11/datanode-7/data/ratis/3a1f184c-2d01-4a1d-bf75-547f00331e10: Starting segment from index:0
2019-09-12 10:53:04,698 [IPC Server handler 0 on 37510] INFO  block.BlockManagerImpl (BlockManagerImpl.java:allocateBlock(198)) - Could not find available pipeline of type:RATIS and factor:THREE even after retrying
2019-09-12 10:53:04,698 [IPC Server handler 0 on 37510] ERROR block.BlockManagerImpl (BlockManagerImpl.java:allocateBlock(222)) - Unable to allocate a block for the size: 4194304, type: RATIS, factor: THREE
2019-09-12 10:53:04,698 [IPC Server handler 0 on 37510] ERROR pipeline.PipelinePlacementPolicy (PipelinePlacementPolicy.java:meetCriteria(91)) - Pipeline Placement: Doesn't meet the criteria to be viable node. Heaviness: 6
2019-09-12 10:53:04,699 [IPC Server handler 0 on 37510] ERROR pipeline.PipelinePlacementPolicy (PipelinePlacementPolicy.java:meetCriteria(91)) - Pipeline Placement: Doesn't meet the criteria to be viable node. Heaviness: 6
2019-09-12 10:53:04,699 [IPC Server handler 0 on 37510] ERROR pipeline.PipelinePlacementPolicy (PipelinePlacementPolicy.java:meetCriteria(91)) - Pipeline Placement: Doesn't meet the criteria to be viable node. Heaviness: 6
2019-09-12 10:53:04,699 [IPC Server handler 0 on 37510] ERROR pipeline.PipelinePlacementPolicy (PipelinePlacementPolicy.java:meetCriteria(91)) - Pipeline Placement: Doesn't meet the criteria to be viable node. Heaviness: 6
2019-09-12 10:53:04,699 [IPC Server handler 0 on 37510] ERROR pipeline.PipelinePlacementPolicy (PipelinePlacementPolicy.java:meetCriteria(91)) - Pipeline Placement: Doesn't meet the criteria to be viable node. Heaviness: 6
2019-09-12 10:53:04,699 [IPC Server handler 0 on 37510] ERROR pipeline.PipelinePlacementPolicy (PipelinePlacementPolicy.java:meetCriteria(91)) - Pipeline Placement: Doesn't meet the criteria to be viable node. Heaviness: 6
2019-09-12 10:53:04,699 [IPC Server handler 0 on 37510] ERROR pipeline.PipelinePlacementPolicy (PipelinePlacementPolicy.java:meetCriteria(91)) - Pipeline Placement: Doesn't meet the criteria to be viable node. Heaviness: 6
2019-09-12 10:53:04,699 [IPC Server handler 0 on 37510] ERROR pipeline.PipelinePlacementPolicy (PipelinePlacementPolicy.java:meetCriteria(91)) - Pipeline Placement: Doesn't meet the criteria to be viable node. Heaviness: 6
2019-09-12 10:53:04,699 [IPC Server handler 0 on 37510] ERROR pipeline.PipelinePlacementPolicy (PipelinePlacementPolicy.java:meetCriteria(91)) - Pipeline Placement: Doesn't meet the criteria to be viable node. Heaviness: 6
2019-09-12 10:53:04,699 [IPC Server handler 0 on 37510] ERROR pipeline.PipelinePlacementPolicy (PipelinePlacementPolicy.java:meetCriteria(91)) - Pipeline Placement: Doesn't meet the criteria to be viable node. Heaviness: 6
2019-09-12 10:53:04,699 [35ed61f3-e470-497f-b63f-7decb4cef9e0:group-547F00331E10:LeaderElection46] INFO  impl.RaftServerImpl (ServerState.java:setRaftConf(361)) - 35ed61f3-e470-497f-b63f-7decb4cef9e0:group-547F00331E10 set configuration 0: [35ed61f3-e470-497f-b63f-7decb4cef9e0:192.168.157.195:33043], old=null at 0
2019-09-12 10:53:04,700 [IPC Server handler 0 on 37510] ERROR pipeline.PipelinePlacementPolicy (PipelinePlacementPolicy.java:filterViableNodes(146)) - Unable to find enough nodes that meet the criteria that cannot engage in more than 5 pipelines. Nodes required: 3 Found: 0, healthy nodes count inNodeManager: 10.
2019-09-12 10:53:04,700 [IPC Server handler 0 on 37510] ERROR pipeline.SCMPipelineManager (SCMPipelineManager.java:createPipeline(161)) - Pipeline creation failed due to exception: Unable to find enough nodes that meet the criteria that cannot engage in more than 5 pipelines. Nodes required: 3 Found: 0, healthy nodes count inNodeManager: 10.
2019-09-12 10:53:04,700 [IPC Server handler 0 on 37510] WARN  block.BlockManagerImpl (BlockManagerImpl.java:allocateBlock(192)) - Pipeline creation failed for type:RATIS factor:THREE. Retrying get pipelines call once.
org.apache.hadoop.hdds.scm.exceptions.SCMException: Unable to find enough nodes that meet the criteria that cannot engage in more than 5 pipelines. Nodes required: 3 Found: 0, healthy nodes count inNodeManager: 10.
	at org.apache.hadoop.hdds.scm.pipeline.PipelinePlacementPolicy.filterViableNodes(PipelinePlacementPolicy.java:147)
	at org.apache.hadoop.hdds.scm.pipeline.PipelinePlacementPolicy.chooseDatanodes(PipelinePlacementPolicy.java:170)
	at org.apache.hadoop.hdds.scm.pipeline.RatisPipelineProvider.create(RatisPipelineProvider.java:92)
	at org.apache.hadoop.hdds.scm.pipeline.PipelineFactory.create(PipelineFactory.java:57)
	at org.apache.hadoop.hdds.scm.pipeline.SCMPipelineManager.createPipeline(SCMPipelineManager.java:149)
	at org.apache.hadoop.hdds.scm.block.BlockManagerImpl.allocateBlock(BlockManagerImpl.java:190)
	at org.apache.hadoop.hdds.scm.server.SCMBlockProtocolServer.allocateBlock(SCMBlockProtocolServer.java:175)
	at org.apache.hadoop.ozone.protocolPB.ScmBlockLocationProtocolServerSideTranslatorPB.allocateScmBlock(ScmBlockLocationProtocolServerSideTranslatorPB.java:153)
	at org.apache.hadoop.ozone.protocolPB.ScmBlockLocationProtocolServerSideTranslatorPB.send(ScmBlockLocationProtocolServerSideTranslatorPB.java:112)
	at org.apache.hadoop.hdds.protocol.proto.ScmBlockLocationProtocolProtos$ScmBlockLocationProtocolService$2.callBlockingMethod(ScmBlockLocationProtocolProtos.java:13157)
	at org.apache.hadoop.ipc.ProtobufRpcEngine$Server$ProtoBufRpcInvoker.call(ProtobufRpcEngine.java:524)
	at org.apache.hadoop.ipc.RPC$Server.call(RPC.java:1025)
	at org.apache.hadoop.ipc.Server$RpcCall.run(Server.java:876)
	at org.apache.hadoop.ipc.Server$RpcCall.run(Server.java:822)
	at java.security.AccessController.doPrivileged(Native Method)
	at javax.security.auth.Subject.doAs(Subject.java:422)
	at org.apache.hadoop.security.UserGroupInformation.doAs(UserGroupInformation.java:1730)
	at org.apache.hadoop.ipc.Server$Handler.run(Server.java:2682)
2019-09-12 10:53:04,700 [IPC Server handler 0 on 37510] INFO  block.BlockManagerImpl (BlockManagerImpl.java:allocateBlock(198)) - Could not find available pipeline of type:RATIS and factor:THREE even after retrying
2019-09-12 10:53:04,700 [IPC Server handler 0 on 37510] ERROR block.BlockManagerImpl (BlockManagerImpl.java:allocateBlock(222)) - Unable to allocate a block for the size: 4194304, type: RATIS, factor: THREE
2019-09-12 10:53:04,700 [IPC Server handler 0 on 37510] ERROR pipeline.PipelinePlacementPolicy (PipelinePlacementPolicy.java:meetCriteria(91)) - Pipeline Placement: Doesn't meet the criteria to be viable node. Heaviness: 6
2019-09-12 10:53:04,701 [IPC Server handler 0 on 37510] ERROR pipeline.PipelinePlacementPolicy (PipelinePlacementPolicy.java:meetCriteria(91)) - Pipeline Placement: Doesn't meet the criteria to be viable node. Heaviness: 6
2019-09-12 10:53:04,701 [IPC Server handler 0 on 37510] ERROR pipeline.PipelinePlacementPolicy (PipelinePlacementPolicy.java:meetCriteria(91)) - Pipeline Placement: Doesn't meet the criteria to be viable node. Heaviness: 6
2019-09-12 10:53:04,701 [IPC Server handler 0 on 37510] ERROR pipeline.PipelinePlacementPolicy (PipelinePlacementPolicy.java:meetCriteria(91)) - Pipeline Placement: Doesn't meet the criteria to be viable node. Heaviness: 6
2019-09-12 10:53:04,701 [IPC Server handler 0 on 37510] ERROR pipeline.PipelinePlacementPolicy (PipelinePlacementPolicy.java:meetCriteria(91)) - Pipeline Placement: Doesn't meet the criteria to be viable node. Heaviness: 6
2019-09-12 10:53:04,701 [IPC Server handler 0 on 37510] ERROR pipeline.PipelinePlacementPolicy (PipelinePlacementPolicy.java:meetCriteria(91)) - Pipeline Placement: Doesn't meet the criteria to be viable node. Heaviness: 6
2019-09-12 10:53:04,701 [IPC Server handler 0 on 37510] ERROR pipeline.PipelinePlacementPolicy (PipelinePlacementPolicy.java:meetCriteria(91)) - Pipeline Placement: Doesn't meet the criteria to be viable node. Heaviness: 6
2019-09-12 10:53:04,701 [IPC Server handler 0 on 37510] ERROR pipeline.PipelinePlacementPolicy (PipelinePlacementPolicy.java:meetCriteria(91)) - Pipeline Placement: Doesn't meet the criteria to be viable node. Heaviness: 6
2019-09-12 10:53:04,701 [IPC Server handler 0 on 37510] ERROR pipeline.PipelinePlacementPolicy (PipelinePlacementPolicy.java:meetCriteria(91)) - Pipeline Placement: Doesn't meet the criteria to be viable node. Heaviness: 6
2019-09-12 10:53:04,701 [IPC Server handler 0 on 37510] ERROR pipeline.PipelinePlacementPolicy (PipelinePlacementPolicy.java:meetCriteria(91)) - Pipeline Placement: Doesn't meet the criteria to be viable node. Heaviness: 6
2019-09-12 10:53:04,702 [IPC Server handler 0 on 37510] ERROR pipeline.PipelinePlacementPolicy (PipelinePlacementPolicy.java:filterViableNodes(146)) - Unable to find enough nodes that meet the criteria that cannot engage in more than 5 pipelines. Nodes required: 3 Found: 0, healthy nodes count inNodeManager: 10.
2019-09-12 10:53:04,702 [IPC Server handler 0 on 37510] ERROR pipeline.SCMPipelineManager (SCMPipelineManager.java:createPipeline(161)) - Pipeline creation failed due to exception: Unable to find enough nodes that meet the criteria that cannot engage in more than 5 pipelines. Nodes required: 3 Found: 0, healthy nodes count inNodeManager: 10.
2019-09-12 10:53:04,702 [IPC Server handler 0 on 37510] WARN  block.BlockManagerImpl (BlockManagerImpl.java:allocateBlock(192)) - Pipeline creation failed for type:RATIS factor:THREE. Retrying get pipelines call once.
org.apache.hadoop.hdds.scm.exceptions.SCMException: Unable to find enough nodes that meet the criteria that cannot engage in more than 5 pipelines. Nodes required: 3 Found: 0, healthy nodes count inNodeManager: 10.
	at org.apache.hadoop.hdds.scm.pipeline.PipelinePlacementPolicy.filterViableNodes(PipelinePlacementPolicy.java:147)
	at org.apache.hadoop.hdds.scm.pipeline.PipelinePlacementPolicy.chooseDatanodes(PipelinePlacementPolicy.java:170)
	at org.apache.hadoop.hdds.scm.pipeline.RatisPipelineProvider.create(RatisPipelineProvider.java:92)
	at org.apache.hadoop.hdds.scm.pipeline.PipelineFactory.create(PipelineFactory.java:57)
	at org.apache.hadoop.hdds.scm.pipeline.SCMPipelineManager.createPipeline(SCMPipelineManager.java:149)
	at org.apache.hadoop.hdds.scm.block.BlockManagerImpl.allocateBlock(BlockManagerImpl.java:190)
	at org.apache.hadoop.hdds.scm.server.SCMBlockProtocolServer.allocateBlock(SCMBlockProtocolServer.java:175)
	at org.apache.hadoop.ozone.protocolPB.ScmBlockLocationProtocolServerSideTranslatorPB.allocateScmBlock(ScmBlockLocationProtocolServerSideTranslatorPB.java:153)
	at org.apache.hadoop.ozone.protocolPB.ScmBlockLocationProtocolServerSideTranslatorPB.send(ScmBlockLocationProtocolServerSideTranslatorPB.java:112)
	at org.apache.hadoop.hdds.protocol.proto.ScmBlockLocationProtocolProtos$ScmBlockLocationProtocolService$2.callBlockingMethod(ScmBlockLocationProtocolProtos.java:13157)
	at org.apache.hadoop.ipc.ProtobufRpcEngine$Server$ProtoBufRpcInvoker.call(ProtobufRpcEngine.java:524)
	at org.apache.hadoop.ipc.RPC$Server.call(RPC.java:1025)
	at org.apache.hadoop.ipc.Server$RpcCall.run(Server.java:876)
	at org.apache.hadoop.ipc.Server$RpcCall.run(Server.java:822)
	at java.security.AccessController.doPrivileged(Native Method)
	at javax.security.auth.Subject.doAs(Subject.java:422)
	at org.apache.hadoop.security.UserGroupInformation.doAs(UserGroupInformation.java:1730)
	at org.apache.hadoop.ipc.Server$Handler.run(Server.java:2682)
2019-09-12 10:53:04,702 [IPC Server handler 0 on 37510] INFO  block.BlockManagerImpl (BlockManagerImpl.java:allocateBlock(198)) - Could not find available pipeline of type:RATIS and factor:THREE even after retrying
2019-09-12 10:53:04,702 [IPC Server handler 0 on 37510] ERROR block.BlockManagerImpl (BlockManagerImpl.java:allocateBlock(222)) - Unable to allocate a block for the size: 4194304, type: RATIS, factor: THREE
2019-09-12 10:53:04,702 [IPC Server handler 0 on 37510] ERROR pipeline.PipelinePlacementPolicy (PipelinePlacementPolicy.java:meetCriteria(91)) - Pipeline Placement: Doesn't meet the criteria to be viable node. Heaviness: 6
2019-09-12 10:53:04,702 [IPC Server handler 0 on 37510] ERROR pipeline.PipelinePlacementPolicy (PipelinePlacementPolicy.java:meetCriteria(91)) - Pipeline Placement: Doesn't meet the criteria to be viable node. Heaviness: 6
2019-09-12 10:53:04,703 [IPC Server handler 0 on 37510] ERROR pipeline.PipelinePlacementPolicy (PipelinePlacementPolicy.java:meetCriteria(91)) - Pipeline Placement: Doesn't meet the criteria to be viable node. Heaviness: 6
2019-09-12 10:53:04,703 [IPC Server handler 0 on 37510] ERROR pipeline.PipelinePlacementPolicy (PipelinePlacementPolicy.java:meetCriteria(91)) - Pipeline Placement: Doesn't meet the criteria to be viable node. Heaviness: 6
2019-09-12 10:53:04,703 [IPC Server handler 0 on 37510] ERROR pipeline.PipelinePlacementPolicy (PipelinePlacementPolicy.java:meetCriteria(91)) - Pipeline Placement: Doesn't meet the criteria to be viable node. Heaviness: 6
2019-09-12 10:53:04,703 [IPC Server handler 0 on 37510] ERROR pipeline.PipelinePlacementPolicy (PipelinePlacementPolicy.java:meetCriteria(91)) - Pipeline Placement: Doesn't meet the criteria to be viable node. Heaviness: 6
2019-09-12 10:53:04,703 [IPC Server handler 0 on 37510] ERROR pipeline.PipelinePlacementPolicy (PipelinePlacementPolicy.java:meetCriteria(91)) - Pipeline Placement: Doesn't meet the criteria to be viable node. Heaviness: 6
2019-09-12 10:53:04,703 [IPC Server handler 0 on 37510] ERROR pipeline.PipelinePlacementPolicy (PipelinePlacementPolicy.java:meetCriteria(91)) - Pipeline Placement: Doesn't meet the criteria to be viable node. Heaviness: 6
2019-09-12 10:53:04,703 [IPC Server handler 0 on 37510] ERROR pipeline.PipelinePlacementPolicy (PipelinePlacementPolicy.java:meetCriteria(91)) - Pipeline Placement: Doesn't meet the criteria to be viable node. Heaviness: 6
2019-09-12 10:53:04,703 [IPC Server handler 0 on 37510] ERROR pipeline.PipelinePlacementPolicy (PipelinePlacementPolicy.java:meetCriteria(91)) - Pipeline Placement: Doesn't meet the criteria to be viable node. Heaviness: 6
2019-09-12 10:53:04,703 [IPC Server handler 0 on 37510] ERROR pipeline.PipelinePlacementPolicy (PipelinePlacementPolicy.java:filterViableNodes(146)) - Unable to find enough nodes that meet the criteria that cannot engage in more than 5 pipelines. Nodes required: 3 Found: 0, healthy nodes count inNodeManager: 10.
2019-09-12 10:53:04,704 [IPC Server handler 0 on 37510] ERROR pipeline.SCMPipelineManager (SCMPipelineManager.java:createPipeline(161)) - Pipeline creation failed due to exception: Unable to find enough nodes that meet the criteria that cannot engage in more than 5 pipelines. Nodes required: 3 Found: 0, healthy nodes count inNodeManager: 10.
2019-09-12 10:53:04,704 [IPC Server handler 0 on 37510] WARN  block.BlockManagerImpl (BlockManagerImpl.java:allocateBlock(192)) - Pipeline creation failed for type:RATIS factor:THREE. Retrying get pipelines call once.
org.apache.hadoop.hdds.scm.exceptions.SCMException: Unable to find enough nodes that meet the criteria that cannot engage in more than 5 pipelines. Nodes required: 3 Found: 0, healthy nodes count inNodeManager: 10.
	at org.apache.hadoop.hdds.scm.pipeline.PipelinePlacementPolicy.filterViableNodes(PipelinePlacementPolicy.java:147)
	at org.apache.hadoop.hdds.scm.pipeline.PipelinePlacementPolicy.chooseDatanodes(PipelinePlacementPolicy.java:170)
	at org.apache.hadoop.hdds.scm.pipeline.RatisPipelineProvider.create(RatisPipelineProvider.java:92)
	at org.apache.hadoop.hdds.scm.pipeline.PipelineFactory.create(PipelineFactory.java:57)
	at org.apache.hadoop.hdds.scm.pipeline.SCMPipelineManager.createPipeline(SCMPipelineManager.java:149)
	at org.apache.hadoop.hdds.scm.block.BlockManagerImpl.allocateBlock(BlockManagerImpl.java:190)
	at org.apache.hadoop.hdds.scm.server.SCMBlockProtocolServer.allocateBlock(SCMBlockProtocolServer.java:175)
	at org.apache.hadoop.ozone.protocolPB.ScmBlockLocationProtocolServerSideTranslatorPB.allocateScmBlock(ScmBlockLocationProtocolServerSideTranslatorPB.java:153)
	at org.apache.hadoop.ozone.protocolPB.ScmBlockLocationProtocolServerSideTranslatorPB.send(ScmBlockLocationProtocolServerSideTranslatorPB.java:112)
	at org.apache.hadoop.hdds.protocol.proto.ScmBlockLocationProtocolProtos$ScmBlockLocationProtocolService$2.callBlockingMethod(ScmBlockLocationProtocolProtos.java:13157)
	at org.apache.hadoop.ipc.ProtobufRpcEngine$Server$ProtoBufRpcInvoker.call(ProtobufRpcEngine.java:524)
	at org.apache.hadoop.ipc.RPC$Server.call(RPC.java:1025)
	at org.apache.hadoop.ipc.Server$RpcCall.run(Server.java:876)
	at org.apache.hadoop.ipc.Server$RpcCall.run(Server.java:822)
	at java.security.AccessController.doPrivileged(Native Method)
	at javax.security.auth.Subject.doAs(Subject.java:422)
	at org.apache.hadoop.security.UserGroupInformation.doAs(UserGroupInformation.java:1730)
	at org.apache.hadoop.ipc.Server$Handler.run(Server.java:2682)
2019-09-12 10:53:04,704 [IPC Server handler 0 on 37510] INFO  block.BlockManagerImpl (BlockManagerImpl.java:allocateBlock(198)) - Could not find available pipeline of type:RATIS and factor:THREE even after retrying
2019-09-12 10:53:04,704 [IPC Server handler 0 on 37510] ERROR block.BlockManagerImpl (BlockManagerImpl.java:allocateBlock(222)) - Unable to allocate a block for the size: 4194304, type: RATIS, factor: THREE
2019-09-12 10:53:04,704 | INFO  | SCMAudit | user=jenkins1000 | ip=192.168.157.195 | op=ALLOCATE_BLOCK {owner=f0e996fc-8a46-40a7-8c1d-6241d5f4651b, size=4194304, type=RATIS, factor=THREE} | ret=SUCCESS |  
2019-09-12 10:53:04,732 [005a1424-1186-4d58-b0b5-fdf3e953d666-SegmentedRaftLogWorker:Storage Directory /workdir/hadoop-ozone/integration-test/target/test-dir/MiniOzoneClusterImpl-838a7ec2-4afb-4d68-8138-46fa65bc7e11/datanode-6/data/ratis/f5b7e39c-8e41-41b1-9134-c80b24847dfc] INFO  segmented.SegmentedRaftLogWorker (SegmentedRaftLogWorker.java:execute(569)) - 005a1424-1186-4d58-b0b5-fdf3e953d666-SegmentedRaftLogWorker:Storage Directory /workdir/hadoop-ozone/integration-test/target/test-dir/MiniOzoneClusterImpl-838a7ec2-4afb-4d68-8138-46fa65bc7e11/datanode-6/data/ratis/f5b7e39c-8e41-41b1-9134-c80b24847dfc: created new log segment /workdir/hadoop-ozone/integration-test/target/test-dir/MiniOzoneClusterImpl-838a7ec2-4afb-4d68-8138-46fa65bc7e11/datanode-6/data/ratis/f5b7e39c-8e41-41b1-9134-c80b24847dfc/current/log_inprogress_0
2019-09-12 10:53:04,709 | ERROR | OMAudit | user=jenkins1000 | ip=127.0.0.1 | op=ALLOCATE_KEY {volume=datanodefailurehandlingtest, bucket=datanodefailurehandlingtest, key=d38bb847-757d-434c-ac37-37192b94e244, dataSize=25165824, replicationType=RATIS, replicationFactor=THREE, keyLocationInfo=null} | ret=FAILURE | org.apache.hadoop.hdds.scm.exceptions.SCMException: Allocated 0 blocks. Requested 6 blocks
	at org.apache.hadoop.hdds.scm.protocolPB.ScmBlockLocationProtocolClientSideTranslatorPB.handleError(ScmBlockLocationProtocolClientSideTranslatorPB.java:118)
	at org.apache.hadoop.hdds.scm.protocolPB.ScmBlockLocationProtocolClientSideTranslatorPB.allocateBlock(ScmBlockLocationProtocolClientSideTranslatorPB.java:156) 
2019-09-12 10:53:04,735 [main] INFO  ozone.MiniOzoneClusterImpl (MiniOzoneClusterImpl.java:shutdown(321)) - Shutting down the Mini Ozone Cluster
2019-09-12 10:53:04,736 | INFO  | SCMAudit | user=null | ip=null | op=GET_SCM_INFO null | ret=SUCCESS |  
2019-09-12 10:53:04,736 [main] INFO  ozone.MiniOzoneClusterImpl (MiniOzoneClusterImpl.java:stop(336)) - Stopping the Mini Ozone Cluster
2019-09-12 10:53:04,736 [main] INFO  ozone.MiniOzoneClusterImpl (MiniOzoneClusterImpl.java:stop(338)) - Stopping the OzoneManager
2019-09-12 10:53:04,736 [main] INFO  ipc.Server (Server.java:stop(3082)) - Stopping server on 42047
2019-09-12 10:53:04,746 [35ed61f3-e470-497f-b63f-7decb4cef9e0-SegmentedRaftLogWorker:Storage Directory /workdir/hadoop-ozone/integration-test/target/test-dir/MiniOzoneClusterImpl-838a7ec2-4afb-4d68-8138-46fa65bc7e11/datanode-7/data/ratis/3a1f184c-2d01-4a1d-bf75-547f00331e10] INFO  segmented.SegmentedRaftLogWorker (SegmentedRaftLogWorker.java:execute(569)) - 35ed61f3-e470-497f-b63f-7decb4cef9e0-SegmentedRaftLogWorker:Storage Directory /workdir/hadoop-ozone/integration-test/target/test-dir/MiniOzoneClusterImpl-838a7ec2-4afb-4d68-8138-46fa65bc7e11/datanode-7/data/ratis/3a1f184c-2d01-4a1d-bf75-547f00331e10: created new log segment /workdir/hadoop-ozone/integration-test/target/test-dir/MiniOzoneClusterImpl-838a7ec2-4afb-4d68-8138-46fa65bc7e11/datanode-7/data/ratis/3a1f184c-2d01-4a1d-bf75-547f00331e10/current/log_inprogress_0
2019-09-12 10:53:04,756 [main] INFO  ratis.OzoneManagerDoubleBuffer (OzoneManagerDoubleBuffer.java:stop(248)) - Stopping OMDoubleBuffer flush thread
2019-09-12 10:53:04,756 [IPC Server listener on 42047] INFO  ipc.Server (Server.java:run(1185)) - Stopping IPC Server listener on 42047
2019-09-12 10:53:04,756 [IPC Server Responder] INFO  ipc.Server (Server.java:run(1319)) - Stopping IPC Server Responder
2019-09-12 10:53:04,773 [OMDoubleBufferFlushThread] INFO  ratis.OzoneManagerDoubleBuffer (OzoneManagerDoubleBuffer.java:flushTransactions(191)) - OMDoubleBuffer flush thread OMDoubleBufferFlushThread is interrupted and will exit. OMDoubleBufferFlushThread
2019-09-12 10:53:04,776 [main] INFO  utils.BackgroundService (BackgroundService.java:shutdown(148)) - Shutting down service KeyDeletingService
2019-09-12 10:53:04,780 [main] INFO  handler.ContextHandler (ContextHandler.java:doStop(910)) - Stopped o.e.j.w.WebAppContext@173373b4{/,null,UNAVAILABLE}{/ozoneManager}
2019-09-12 10:53:04,785 [main] INFO  server.AbstractConnector (AbstractConnector.java:doStop(318)) - Stopped ServerConnector@40d10481{HTTP/1.1,[http/1.1]}{0.0.0.0:0}
2019-09-12 10:53:04,785 [main] INFO  handler.ContextHandler (ContextHandler.java:doStop(910)) - Stopped o.e.j.s.ServletContextHandler@22d9c961{/static,file:///workdir/hadoop-ozone/integration-test/target/test-classes/webapps/static,UNAVAILABLE}
2019-09-12 10:53:04,785 [main] INFO  handler.ContextHandler (ContextHandler.java:doStop(910)) - Stopped o.e.j.s.ServletContextHandler@64138b0c{/logs,file:///workdir/hadoop-ozone/integration-test/target/log,UNAVAILABLE}
2019-09-12 10:53:04,789 [main] INFO  ozone.MiniOzoneClusterImpl (MiniOzoneClusterImpl.java:stop(344)) - Shutting the HddsDatanodes
2019-09-12 10:53:04,790 [main] INFO  datanode.ObjectStoreHandler (ObjectStoreHandler.java:close(155)) - Closing ObjectStoreHandler.
2019-09-12 10:53:04,790 [ForkJoinPool.commonPool-worker-1] INFO  datanode.ObjectStoreHandler (ObjectStoreHandler.java:close(155)) - Closing ObjectStoreHandler.
2019-09-12 10:53:04,793 [main] INFO  ozone.HddsDatanodeService (HddsDatanodeService.java:stop(451)) - Stopped plug-in org.apache.hadoop.ozone.web.OzoneHddsDatanodeService@63e4484d
2019-09-12 10:53:04,794 [ForkJoinPool.commonPool-worker-1] INFO  ozone.HddsDatanodeService (HddsDatanodeService.java:stop(451)) - Stopped plug-in org.apache.hadoop.ozone.web.OzoneHddsDatanodeService@fddd7ae
2019-09-12 10:53:04,797 [Thread-494] INFO  impl.FollowerState (FollowerState.java:run(106)) - 35ed61f3-e470-497f-b63f-7decb4cef9e0:group-2A1D320EDCC8 changes to CANDIDATE, lastRpcTime:1065, electionTimeout:1065ms
2019-09-12 10:53:04,797 [Thread-494] INFO  impl.RoleInfo (RoleInfo.java:shutdownFollowerState(121)) - 35ed61f3-e470-497f-b63f-7decb4cef9e0: shutdown FollowerState
2019-09-12 10:53:04,797 [Thread-494] INFO  impl.RaftServerImpl (RaftServerImpl.java:setRole(171)) - 35ed61f3-e470-497f-b63f-7decb4cef9e0:group-2A1D320EDCC8 changes role from FOLLOWER to CANDIDATE at term 0 for changeToCandidate
2019-09-12 10:53:04,797 [Thread-494] INFO  impl.RoleInfo (RoleInfo.java:updateAndGet(143)) - 35ed61f3-e470-497f-b63f-7decb4cef9e0: start LeaderElection
2019-09-12 10:53:04,808 [35ed61f3-e470-497f-b63f-7decb4cef9e0:group-2A1D320EDCC8:LeaderElection47] INFO  impl.LeaderElection (LeaderElection.java:askForVotes(181)) - 35ed61f3-e470-497f-b63f-7decb4cef9e0:group-2A1D320EDCC8:LeaderElection47: begin an election at term 1 for -1: [35ed61f3-e470-497f-b63f-7decb4cef9e0:192.168.157.195:33043], old=null
2019-09-12 10:53:04,808 [35ed61f3-e470-497f-b63f-7decb4cef9e0:group-2A1D320EDCC8:LeaderElection47] INFO  impl.RoleInfo (RoleInfo.java:shutdownLeaderElection(134)) - 35ed61f3-e470-497f-b63f-7decb4cef9e0: shutdown LeaderElection
2019-09-12 10:53:04,809 [35ed61f3-e470-497f-b63f-7decb4cef9e0:group-2A1D320EDCC8:LeaderElection47] INFO  impl.RaftServerImpl (RaftServerImpl.java:setRole(171)) - 35ed61f3-e470-497f-b63f-7decb4cef9e0:group-2A1D320EDCC8 changes role from CANDIDATE to LEADER at term 1 for changeToLeader
2019-09-12 10:53:04,809 [35ed61f3-e470-497f-b63f-7decb4cef9e0:group-2A1D320EDCC8:LeaderElection47] INFO  impl.RaftServerImpl (ServerState.java:setLeader(263)) - 35ed61f3-e470-497f-b63f-7decb4cef9e0:group-2A1D320EDCC8 change Leader from null to 35ed61f3-e470-497f-b63f-7decb4cef9e0 at term 1 for becomeLeader, leader elected after 1083ms
2019-09-12 10:53:04,809 [35ed61f3-e470-497f-b63f-7decb4cef9e0:group-2A1D320EDCC8:LeaderElection47] INFO  server.RaftServerConfigKeys (ConfUtils.java:logGet(43)) - raft.server.staging.catchup.gap = 1000 (default)
2019-09-12 10:53:04,809 [35ed61f3-e470-497f-b63f-7decb4cef9e0:group-2A1D320EDCC8:LeaderElection47] INFO  server.RaftServerConfigKeys (ConfUtils.java:logGet(43)) - raft.server.rpc.sleep.time = 25ms (default)
2019-09-12 10:53:04,810 [35ed61f3-e470-497f-b63f-7decb4cef9e0:group-2A1D320EDCC8:LeaderElection47] INFO  server.RaftServerConfigKeys (ConfUtils.java:logGet(43)) - raft.server.write.element-limit = 4096 (default)
2019-09-12 10:53:04,810 [35ed61f3-e470-497f-b63f-7decb4cef9e0:group-2A1D320EDCC8:LeaderElection47] INFO  server.RaftServerConfigKeys (ConfUtils.java:logGet(43)) - raft.server.watch.timeout = 10s (default)
2019-09-12 10:53:04,810 [35ed61f3-e470-497f-b63f-7decb4cef9e0:group-2A1D320EDCC8:LeaderElection47] INFO  server.RaftServerConfigKeys (ConfUtils.java:logGet(43)) - raft.server.watch.timeout.denomination = 1s (default)
2019-09-12 10:53:04,810 [35ed61f3-e470-497f-b63f-7decb4cef9e0:group-2A1D320EDCC8:LeaderElection47] INFO  server.RaftServerConfigKeys (ConfUtils.java:logGet(43)) - raft.server.watch.element-limit = 65536 (default)
2019-09-12 10:53:04,810 [35ed61f3-e470-497f-b63f-7decb4cef9e0:group-2A1D320EDCC8:LeaderElection47] INFO  impl.RoleInfo (RoleInfo.java:updateAndGet(143)) - 35ed61f3-e470-497f-b63f-7decb4cef9e0: start LeaderState
2019-09-12 10:53:04,811 [35ed61f3-e470-497f-b63f-7decb4cef9e0:group-2A1D320EDCC8:LeaderElection47] INFO  segmented.SegmentedRaftLogWorker (SegmentedRaftLogWorker.java:startLogSegment(380)) - 35ed61f3-e470-497f-b63f-7decb4cef9e0-SegmentedRaftLogWorker:Storage Directory /workdir/hadoop-ozone/integration-test/target/test-dir/MiniOzoneClusterImpl-838a7ec2-4afb-4d68-8138-46fa65bc7e11/datanode-7/data/ratis/3dbf7e14-e54c-4e9c-86a3-2a1d320edcc8: Starting segment from index:0
2019-09-12 10:53:04,811 [35ed61f3-e470-497f-b63f-7decb4cef9e0:group-2A1D320EDCC8:LeaderElection47] INFO  impl.RaftServerImpl (ServerState.java:setRaftConf(361)) - 35ed61f3-e470-497f-b63f-7decb4cef9e0:group-2A1D320EDCC8 set configuration 0: [35ed61f3-e470-497f-b63f-7decb4cef9e0:192.168.157.195:33043], old=null at 0
2019-09-12 10:53:04,843 [35ed61f3-e470-497f-b63f-7decb4cef9e0-SegmentedRaftLogWorker:Storage Directory /workdir/hadoop-ozone/integration-test/target/test-dir/MiniOzoneClusterImpl-838a7ec2-4afb-4d68-8138-46fa65bc7e11/datanode-7/data/ratis/3dbf7e14-e54c-4e9c-86a3-2a1d320edcc8] INFO  segmented.SegmentedRaftLogWorker (SegmentedRaftLogWorker.java:execute(569)) - 35ed61f3-e470-497f-b63f-7decb4cef9e0-SegmentedRaftLogWorker:Storage Directory /workdir/hadoop-ozone/integration-test/target/test-dir/MiniOzoneClusterImpl-838a7ec2-4afb-4d68-8138-46fa65bc7e11/datanode-7/data/ratis/3dbf7e14-e54c-4e9c-86a3-2a1d320edcc8: created new log segment /workdir/hadoop-ozone/integration-test/target/test-dir/MiniOzoneClusterImpl-838a7ec2-4afb-4d68-8138-46fa65bc7e11/datanode-7/data/ratis/3dbf7e14-e54c-4e9c-86a3-2a1d320edcc8/current/log_inprogress_0
2019-09-12 10:53:04,852 [Thread-501] INFO  impl.FollowerState (FollowerState.java:run(106)) - 02d2c735-5a91-4cfc-b37b-8234c14e6879:group-89B8107AC77B changes to CANDIDATE, lastRpcTime:1004, electionTimeout:1004ms
2019-09-12 10:53:04,852 [Thread-501] INFO  impl.RoleInfo (RoleInfo.java:shutdownFollowerState(121)) - 02d2c735-5a91-4cfc-b37b-8234c14e6879: shutdown FollowerState
2019-09-12 10:53:04,852 [Thread-501] INFO  impl.RaftServerImpl (RaftServerImpl.java:setRole(171)) - 02d2c735-5a91-4cfc-b37b-8234c14e6879:group-89B8107AC77B changes role from FOLLOWER to CANDIDATE at term 0 for changeToCandidate
2019-09-12 10:53:04,852 [Thread-501] INFO  impl.RoleInfo (RoleInfo.java:updateAndGet(143)) - 02d2c735-5a91-4cfc-b37b-8234c14e6879: start LeaderElection
2019-09-12 10:53:04,864 [02d2c735-5a91-4cfc-b37b-8234c14e6879:group-89B8107AC77B:LeaderElection48] INFO  impl.LeaderElection (LeaderElection.java:askForVotes(181)) - 02d2c735-5a91-4cfc-b37b-8234c14e6879:group-89B8107AC77B:LeaderElection48: begin an election at term 1 for -1: [02d2c735-5a91-4cfc-b37b-8234c14e6879:192.168.157.195:36291], old=null
2019-09-12 10:53:04,865 [02d2c735-5a91-4cfc-b37b-8234c14e6879:group-89B8107AC77B:LeaderElection48] INFO  impl.RoleInfo (RoleInfo.java:shutdownLeaderElection(134)) - 02d2c735-5a91-4cfc-b37b-8234c14e6879: shutdown LeaderElection
2019-09-12 10:53:04,865 [02d2c735-5a91-4cfc-b37b-8234c14e6879:group-89B8107AC77B:LeaderElection48] INFO  impl.RaftServerImpl (RaftServerImpl.java:setRole(171)) - 02d2c735-5a91-4cfc-b37b-8234c14e6879:group-89B8107AC77B changes role from CANDIDATE to LEADER at term 1 for changeToLeader
2019-09-12 10:53:04,865 [02d2c735-5a91-4cfc-b37b-8234c14e6879:group-89B8107AC77B:LeaderElection48] INFO  impl.RaftServerImpl (ServerState.java:setLeader(263)) - 02d2c735-5a91-4cfc-b37b-8234c14e6879:group-89B8107AC77B change Leader from null to 02d2c735-5a91-4cfc-b37b-8234c14e6879 at term 1 for becomeLeader, leader elected after 1087ms
2019-09-12 10:53:04,865 [02d2c735-5a91-4cfc-b37b-8234c14e6879:group-89B8107AC77B:LeaderElection48] INFO  server.RaftServerConfigKeys (ConfUtils.java:logGet(43)) - raft.server.staging.catchup.gap = 1000 (default)
2019-09-12 10:53:04,865 [02d2c735-5a91-4cfc-b37b-8234c14e6879:group-89B8107AC77B:LeaderElection48] INFO  server.RaftServerConfigKeys (ConfUtils.java:logGet(43)) - raft.server.rpc.sleep.time = 25ms (default)
2019-09-12 10:53:04,865 [02d2c735-5a91-4cfc-b37b-8234c14e6879:group-89B8107AC77B:LeaderElection48] INFO  server.RaftServerConfigKeys (ConfUtils.java:logGet(43)) - raft.server.write.element-limit = 4096 (default)
2019-09-12 10:53:04,865 [02d2c735-5a91-4cfc-b37b-8234c14e6879:group-89B8107AC77B:LeaderElection48] INFO  server.RaftServerConfigKeys (ConfUtils.java:logGet(43)) - raft.server.watch.timeout = 10s (default)
2019-09-12 10:53:04,865 [02d2c735-5a91-4cfc-b37b-8234c14e6879:group-89B8107AC77B:LeaderElection48] INFO  server.RaftServerConfigKeys (ConfUtils.java:logGet(43)) - raft.server.watch.timeout.denomination = 1s (default)
2019-09-12 10:53:04,865 [02d2c735-5a91-4cfc-b37b-8234c14e6879:group-89B8107AC77B:LeaderElection48] INFO  server.RaftServerConfigKeys (ConfUtils.java:logGet(43)) - raft.server.watch.element-limit = 65536 (default)
2019-09-12 10:53:04,866 [02d2c735-5a91-4cfc-b37b-8234c14e6879:group-89B8107AC77B:LeaderElection48] INFO  impl.RoleInfo (RoleInfo.java:updateAndGet(143)) - 02d2c735-5a91-4cfc-b37b-8234c14e6879: start LeaderState
2019-09-12 10:53:04,866 [02d2c735-5a91-4cfc-b37b-8234c14e6879:group-89B8107AC77B:LeaderElection48] INFO  segmented.SegmentedRaftLogWorker (SegmentedRaftLogWorker.java:startLogSegment(380)) - 02d2c735-5a91-4cfc-b37b-8234c14e6879-SegmentedRaftLogWorker:Storage Directory /workdir/hadoop-ozone/integration-test/target/test-dir/MiniOzoneClusterImpl-838a7ec2-4afb-4d68-8138-46fa65bc7e11/datanode-9/data/ratis/65221899-23c2-4124-817a-89b8107ac77b: Starting segment from index:0
2019-09-12 10:53:04,866 [02d2c735-5a91-4cfc-b37b-8234c14e6879:group-89B8107AC77B:LeaderElection48] INFO  impl.RaftServerImpl (ServerState.java:setRaftConf(361)) - 02d2c735-5a91-4cfc-b37b-8234c14e6879:group-89B8107AC77B set configuration 0: [02d2c735-5a91-4cfc-b37b-8234c14e6879:192.168.157.195:36291], old=null at 0
2019-09-12 10:53:04,874 [Thread-491] INFO  impl.FollowerState (FollowerState.java:run(106)) - 8d69d0c9-c816-414c-ba1a-8b3ab85fb900:group-9DA89C718906 changes to CANDIDATE, lastRpcTime:1193, electionTimeout:1193ms
2019-09-12 10:53:04,874 [Thread-491] INFO  impl.RoleInfo (RoleInfo.java:shutdownFollowerState(121)) - 8d69d0c9-c816-414c-ba1a-8b3ab85fb900: shutdown FollowerState
2019-09-12 10:53:04,874 [Thread-491] INFO  impl.RaftServerImpl (RaftServerImpl.java:setRole(171)) - 8d69d0c9-c816-414c-ba1a-8b3ab85fb900:group-9DA89C718906 changes role from FOLLOWER to CANDIDATE at term 0 for changeToCandidate
2019-09-12 10:53:04,875 [Thread-491] INFO  impl.RoleInfo (RoleInfo.java:updateAndGet(143)) - 8d69d0c9-c816-414c-ba1a-8b3ab85fb900: start LeaderElection
2019-09-12 10:53:04,913 [02d2c735-5a91-4cfc-b37b-8234c14e6879-SegmentedRaftLogWorker:Storage Directory /workdir/hadoop-ozone/integration-test/target/test-dir/MiniOzoneClusterImpl-838a7ec2-4afb-4d68-8138-46fa65bc7e11/datanode-9/data/ratis/65221899-23c2-4124-817a-89b8107ac77b] INFO  segmented.SegmentedRaftLogWorker (SegmentedRaftLogWorker.java:execute(569)) - 02d2c735-5a91-4cfc-b37b-8234c14e6879-SegmentedRaftLogWorker:Storage Directory /workdir/hadoop-ozone/integration-test/target/test-dir/MiniOzoneClusterImpl-838a7ec2-4afb-4d68-8138-46fa65bc7e11/datanode-9/data/ratis/65221899-23c2-4124-817a-89b8107ac77b: created new log segment /workdir/hadoop-ozone/integration-test/target/test-dir/MiniOzoneClusterImpl-838a7ec2-4afb-4d68-8138-46fa65bc7e11/datanode-9/data/ratis/65221899-23c2-4124-817a-89b8107ac77b/current/log_inprogress_0
2019-09-12 10:53:04,913 [8d69d0c9-c816-414c-ba1a-8b3ab85fb900:group-9DA89C718906:LeaderElection49] INFO  impl.LeaderElection (LeaderElection.java:askForVotes(181)) - 8d69d0c9-c816-414c-ba1a-8b3ab85fb900:group-9DA89C718906:LeaderElection49: begin an election at term 1 for -1: [8d69d0c9-c816-414c-ba1a-8b3ab85fb900:192.168.157.195:38566], old=null
2019-09-12 10:53:04,913 [8d69d0c9-c816-414c-ba1a-8b3ab85fb900:group-9DA89C718906:LeaderElection49] INFO  impl.RoleInfo (RoleInfo.java:shutdownLeaderElection(134)) - 8d69d0c9-c816-414c-ba1a-8b3ab85fb900: shutdown LeaderElection
2019-09-12 10:53:04,914 [8d69d0c9-c816-414c-ba1a-8b3ab85fb900:group-9DA89C718906:LeaderElection49] INFO  impl.RaftServerImpl (RaftServerImpl.java:setRole(171)) - 8d69d0c9-c816-414c-ba1a-8b3ab85fb900:group-9DA89C718906 changes role from CANDIDATE to LEADER at term 1 for changeToLeader
2019-09-12 10:53:04,914 [8d69d0c9-c816-414c-ba1a-8b3ab85fb900:group-9DA89C718906:LeaderElection49] INFO  impl.RaftServerImpl (ServerState.java:setLeader(263)) - 8d69d0c9-c816-414c-ba1a-8b3ab85fb900:group-9DA89C718906 change Leader from null to 8d69d0c9-c816-414c-ba1a-8b3ab85fb900 at term 1 for becomeLeader, leader elected after 1271ms
2019-09-12 10:53:04,914 [8d69d0c9-c816-414c-ba1a-8b3ab85fb900:group-9DA89C718906:LeaderElection49] INFO  server.RaftServerConfigKeys (ConfUtils.java:logGet(43)) - raft.server.staging.catchup.gap = 1000 (default)
2019-09-12 10:53:04,914 [8d69d0c9-c816-414c-ba1a-8b3ab85fb900:group-9DA89C718906:LeaderElection49] INFO  server.RaftServerConfigKeys (ConfUtils.java:logGet(43)) - raft.server.rpc.sleep.time = 25ms (default)
2019-09-12 10:53:04,914 [8d69d0c9-c816-414c-ba1a-8b3ab85fb900:group-9DA89C718906:LeaderElection49] INFO  server.RaftServerConfigKeys (ConfUtils.java:logGet(43)) - raft.server.write.element-limit = 4096 (default)
2019-09-12 10:53:04,914 [8d69d0c9-c816-414c-ba1a-8b3ab85fb900:group-9DA89C718906:LeaderElection49] INFO  server.RaftServerConfigKeys (ConfUtils.java:logGet(43)) - raft.server.watch.timeout = 10s (default)
2019-09-12 10:53:04,915 [8d69d0c9-c816-414c-ba1a-8b3ab85fb900:group-9DA89C718906:LeaderElection49] INFO  server.RaftServerConfigKeys (ConfUtils.java:logGet(43)) - raft.server.watch.timeout.denomination = 1s (default)
2019-09-12 10:53:04,915 [8d69d0c9-c816-414c-ba1a-8b3ab85fb900:group-9DA89C718906:LeaderElection49] INFO  server.RaftServerConfigKeys (ConfUtils.java:logGet(43)) - raft.server.watch.element-limit = 65536 (default)
2019-09-12 10:53:04,915 [8d69d0c9-c816-414c-ba1a-8b3ab85fb900:group-9DA89C718906:LeaderElection49] INFO  impl.RoleInfo (RoleInfo.java:updateAndGet(143)) - 8d69d0c9-c816-414c-ba1a-8b3ab85fb900: start LeaderState
2019-09-12 10:53:04,915 [8d69d0c9-c816-414c-ba1a-8b3ab85fb900:group-9DA89C718906:LeaderElection49] INFO  segmented.SegmentedRaftLogWorker (SegmentedRaftLogWorker.java:startLogSegment(380)) - 8d69d0c9-c816-414c-ba1a-8b3ab85fb900-SegmentedRaftLogWorker:Storage Directory /workdir/hadoop-ozone/integration-test/target/test-dir/MiniOzoneClusterImpl-838a7ec2-4afb-4d68-8138-46fa65bc7e11/datanode-4/data/ratis/bdb5d784-6b1e-4d9c-b61f-9da89c718906: Starting segment from index:0
2019-09-12 10:53:04,916 [8d69d0c9-c816-414c-ba1a-8b3ab85fb900:group-9DA89C718906:LeaderElection49] INFO  impl.RaftServerImpl (ServerState.java:setRaftConf(361)) - 8d69d0c9-c816-414c-ba1a-8b3ab85fb900:group-9DA89C718906 set configuration 0: [8d69d0c9-c816-414c-ba1a-8b3ab85fb900:192.168.157.195:38566], old=null at 0
2019-09-12 10:53:04,923 | INFO  | SCMAudit | user=jenkins1000 | ip=192.168.157.195 | op=SEND_HEARTBEAT {datanodeUUID=35ed61f3-e470-497f-b63f-7decb4cef9e0, command=[]} | ret=SUCCESS |  
2019-09-12 10:53:04,952 [8d69d0c9-c816-414c-ba1a-8b3ab85fb900-SegmentedRaftLogWorker:Storage Directory /workdir/hadoop-ozone/integration-test/target/test-dir/MiniOzoneClusterImpl-838a7ec2-4afb-4d68-8138-46fa65bc7e11/datanode-4/data/ratis/bdb5d784-6b1e-4d9c-b61f-9da89c718906] INFO  segmented.SegmentedRaftLogWorker (SegmentedRaftLogWorker.java:execute(569)) - 8d69d0c9-c816-414c-ba1a-8b3ab85fb900-SegmentedRaftLogWorker:Storage Directory /workdir/hadoop-ozone/integration-test/target/test-dir/MiniOzoneClusterImpl-838a7ec2-4afb-4d68-8138-46fa65bc7e11/datanode-4/data/ratis/bdb5d784-6b1e-4d9c-b61f-9da89c718906: created new log segment /workdir/hadoop-ozone/integration-test/target/test-dir/MiniOzoneClusterImpl-838a7ec2-4afb-4d68-8138-46fa65bc7e11/datanode-4/data/ratis/bdb5d784-6b1e-4d9c-b61f-9da89c718906/current/log_inprogress_0
2019-09-12 10:53:05,053 [Thread-507] INFO  impl.FollowerState (FollowerState.java:run(106)) - 005a1424-1186-4d58-b0b5-fdf3e953d666:group-BF738946CCBF changes to CANDIDATE, lastRpcTime:1115, electionTimeout:1115ms
2019-09-12 10:53:05,053 [Thread-507] INFO  impl.RoleInfo (RoleInfo.java:shutdownFollowerState(121)) - 005a1424-1186-4d58-b0b5-fdf3e953d666: shutdown FollowerState
2019-09-12 10:53:05,053 [Thread-507] INFO  impl.RaftServerImpl (RaftServerImpl.java:setRole(171)) - 005a1424-1186-4d58-b0b5-fdf3e953d666:group-BF738946CCBF changes role from FOLLOWER to CANDIDATE at term 0 for changeToCandidate
2019-09-12 10:53:05,053 [Thread-507] INFO  impl.RoleInfo (RoleInfo.java:updateAndGet(143)) - 005a1424-1186-4d58-b0b5-fdf3e953d666: start LeaderElection
2019-09-12 10:53:05,068 [005a1424-1186-4d58-b0b5-fdf3e953d666:group-BF738946CCBF:LeaderElection50] INFO  impl.LeaderElection (LeaderElection.java:askForVotes(181)) - 005a1424-1186-4d58-b0b5-fdf3e953d666:group-BF738946CCBF:LeaderElection50: begin an election at term 1 for -1: [005a1424-1186-4d58-b0b5-fdf3e953d666:192.168.157.195:33930], old=null
2019-09-12 10:53:05,068 [005a1424-1186-4d58-b0b5-fdf3e953d666:group-BF738946CCBF:LeaderElection50] INFO  impl.RoleInfo (RoleInfo.java:shutdownLeaderElection(134)) - 005a1424-1186-4d58-b0b5-fdf3e953d666: shutdown LeaderElection
2019-09-12 10:53:05,068 [005a1424-1186-4d58-b0b5-fdf3e953d666:group-BF738946CCBF:LeaderElection50] INFO  impl.RaftServerImpl (RaftServerImpl.java:setRole(171)) - 005a1424-1186-4d58-b0b5-fdf3e953d666:group-BF738946CCBF changes role from CANDIDATE to LEADER at term 1 for changeToLeader
2019-09-12 10:53:05,068 [005a1424-1186-4d58-b0b5-fdf3e953d666:group-BF738946CCBF:LeaderElection50] INFO  impl.RaftServerImpl (ServerState.java:setLeader(263)) - 005a1424-1186-4d58-b0b5-fdf3e953d666:group-BF738946CCBF change Leader from null to 005a1424-1186-4d58-b0b5-fdf3e953d666 at term 1 for becomeLeader, leader elected after 1134ms
2019-09-12 10:53:05,068 [005a1424-1186-4d58-b0b5-fdf3e953d666:group-BF738946CCBF:LeaderElection50] INFO  server.RaftServerConfigKeys (ConfUtils.java:logGet(43)) - raft.server.staging.catchup.gap = 1000 (default)
2019-09-12 10:53:05,068 [005a1424-1186-4d58-b0b5-fdf3e953d666:group-BF738946CCBF:LeaderElection50] INFO  server.RaftServerConfigKeys (ConfUtils.java:logGet(43)) - raft.server.rpc.sleep.time = 25ms (default)
2019-09-12 10:53:05,069 [005a1424-1186-4d58-b0b5-fdf3e953d666:group-BF738946CCBF:LeaderElection50] INFO  server.RaftServerConfigKeys (ConfUtils.java:logGet(43)) - raft.server.write.element-limit = 4096 (default)
2019-09-12 10:53:05,069 [005a1424-1186-4d58-b0b5-fdf3e953d666:group-BF738946CCBF:LeaderElection50] INFO  server.RaftServerConfigKeys (ConfUtils.java:logGet(43)) - raft.server.watch.timeout = 10s (default)
2019-09-12 10:53:05,069 [005a1424-1186-4d58-b0b5-fdf3e953d666:group-BF738946CCBF:LeaderElection50] INFO  server.RaftServerConfigKeys (ConfUtils.java:logGet(43)) - raft.server.watch.timeout.denomination = 1s (default)
2019-09-12 10:53:05,069 [005a1424-1186-4d58-b0b5-fdf3e953d666:group-BF738946CCBF:LeaderElection50] INFO  server.RaftServerConfigKeys (ConfUtils.java:logGet(43)) - raft.server.watch.element-limit = 65536 (default)
2019-09-12 10:53:05,069 [005a1424-1186-4d58-b0b5-fdf3e953d666:group-BF738946CCBF:LeaderElection50] INFO  impl.RoleInfo (RoleInfo.java:updateAndGet(143)) - 005a1424-1186-4d58-b0b5-fdf3e953d666: start LeaderState
2019-09-12 10:53:05,070 [005a1424-1186-4d58-b0b5-fdf3e953d666:group-BF738946CCBF:LeaderElection50] INFO  segmented.SegmentedRaftLogWorker (SegmentedRaftLogWorker.java:startLogSegment(380)) - 005a1424-1186-4d58-b0b5-fdf3e953d666-SegmentedRaftLogWorker:Storage Directory /workdir/hadoop-ozone/integration-test/target/test-dir/MiniOzoneClusterImpl-838a7ec2-4afb-4d68-8138-46fa65bc7e11/datanode-6/data/ratis/b89b6cc7-8ecf-4efd-85c0-bf738946ccbf: Starting segment from index:0
2019-09-12 10:53:05,070 [005a1424-1186-4d58-b0b5-fdf3e953d666:group-BF738946CCBF:LeaderElection50] INFO  impl.RaftServerImpl (ServerState.java:setRaftConf(361)) - 005a1424-1186-4d58-b0b5-fdf3e953d666:group-BF738946CCBF set configuration 0: [005a1424-1186-4d58-b0b5-fdf3e953d666:192.168.157.195:33930], old=null at 0
2019-09-12 10:53:05,077 [Thread-504] INFO  impl.FollowerState (FollowerState.java:run(106)) - 005a1424-1186-4d58-b0b5-fdf3e953d666:group-924E852ACC2D changes to CANDIDATE, lastRpcTime:1183, electionTimeout:1183ms
2019-09-12 10:53:05,077 [Thread-504] INFO  impl.RoleInfo (RoleInfo.java:shutdownFollowerState(121)) - 005a1424-1186-4d58-b0b5-fdf3e953d666: shutdown FollowerState
2019-09-12 10:53:05,077 [Thread-504] INFO  impl.RaftServerImpl (RaftServerImpl.java:setRole(171)) - 005a1424-1186-4d58-b0b5-fdf3e953d666:group-924E852ACC2D changes role from FOLLOWER to CANDIDATE at term 0 for changeToCandidate
2019-09-12 10:53:05,077 [Thread-504] INFO  impl.RoleInfo (RoleInfo.java:updateAndGet(143)) - 005a1424-1186-4d58-b0b5-fdf3e953d666: start LeaderElection
2019-09-12 10:53:05,090 [005a1424-1186-4d58-b0b5-fdf3e953d666:group-924E852ACC2D:LeaderElection51] INFO  impl.LeaderElection (LeaderElection.java:askForVotes(181)) - 005a1424-1186-4d58-b0b5-fdf3e953d666:group-924E852ACC2D:LeaderElection51: begin an election at term 1 for -1: [005a1424-1186-4d58-b0b5-fdf3e953d666:192.168.157.195:33930], old=null
2019-09-12 10:53:05,091 [005a1424-1186-4d58-b0b5-fdf3e953d666:group-924E852ACC2D:LeaderElection51] INFO  impl.RoleInfo (RoleInfo.java:shutdownLeaderElection(134)) - 005a1424-1186-4d58-b0b5-fdf3e953d666: shutdown LeaderElection
2019-09-12 10:53:05,091 [005a1424-1186-4d58-b0b5-fdf3e953d666:group-924E852ACC2D:LeaderElection51] INFO  impl.RaftServerImpl (RaftServerImpl.java:setRole(171)) - 005a1424-1186-4d58-b0b5-fdf3e953d666:group-924E852ACC2D changes role from CANDIDATE to LEADER at term 1 for changeToLeader
2019-09-12 10:53:05,091 [005a1424-1186-4d58-b0b5-fdf3e953d666:group-924E852ACC2D:LeaderElection51] INFO  impl.RaftServerImpl (ServerState.java:setLeader(263)) - 005a1424-1186-4d58-b0b5-fdf3e953d666:group-924E852ACC2D change Leader from null to 005a1424-1186-4d58-b0b5-fdf3e953d666 at term 1 for becomeLeader, leader elected after 1202ms
2019-09-12 10:53:05,091 [005a1424-1186-4d58-b0b5-fdf3e953d666:group-924E852ACC2D:LeaderElection51] INFO  server.RaftServerConfigKeys (ConfUtils.java:logGet(43)) - raft.server.staging.catchup.gap = 1000 (default)
2019-09-12 10:53:05,091 [005a1424-1186-4d58-b0b5-fdf3e953d666:group-924E852ACC2D:LeaderElection51] INFO  server.RaftServerConfigKeys (ConfUtils.java:logGet(43)) - raft.server.rpc.sleep.time = 25ms (default)
2019-09-12 10:53:05,092 [005a1424-1186-4d58-b0b5-fdf3e953d666:group-924E852ACC2D:LeaderElection51] INFO  server.RaftServerConfigKeys (ConfUtils.java:logGet(43)) - raft.server.write.element-limit = 4096 (default)
2019-09-12 10:53:05,092 [005a1424-1186-4d58-b0b5-fdf3e953d666:group-924E852ACC2D:LeaderElection51] INFO  server.RaftServerConfigKeys (ConfUtils.java:logGet(43)) - raft.server.watch.timeout = 10s (default)
2019-09-12 10:53:05,092 [005a1424-1186-4d58-b0b5-fdf3e953d666:group-924E852ACC2D:LeaderElection51] INFO  server.RaftServerConfigKeys (ConfUtils.java:logGet(43)) - raft.server.watch.timeout.denomination = 1s (default)
2019-09-12 10:53:05,092 [005a1424-1186-4d58-b0b5-fdf3e953d666:group-924E852ACC2D:LeaderElection51] INFO  server.RaftServerConfigKeys (ConfUtils.java:logGet(43)) - raft.server.watch.element-limit = 65536 (default)
2019-09-12 10:53:05,092 [005a1424-1186-4d58-b0b5-fdf3e953d666:group-924E852ACC2D:LeaderElection51] INFO  impl.RoleInfo (RoleInfo.java:updateAndGet(143)) - 005a1424-1186-4d58-b0b5-fdf3e953d666: start LeaderState
2019-09-12 10:53:05,093 [005a1424-1186-4d58-b0b5-fdf3e953d666:group-924E852ACC2D:LeaderElection51] INFO  segmented.SegmentedRaftLogWorker (SegmentedRaftLogWorker.java:startLogSegment(380)) - 005a1424-1186-4d58-b0b5-fdf3e953d666-SegmentedRaftLogWorker:Storage Directory /workdir/hadoop-ozone/integration-test/target/test-dir/MiniOzoneClusterImpl-838a7ec2-4afb-4d68-8138-46fa65bc7e11/datanode-6/data/ratis/4b43ec56-a29e-4f31-b2fe-924e852acc2d: Starting segment from index:0
2019-09-12 10:53:05,093 [005a1424-1186-4d58-b0b5-fdf3e953d666:group-924E852ACC2D:LeaderElection51] INFO  impl.RaftServerImpl (ServerState.java:setRaftConf(361)) - 005a1424-1186-4d58-b0b5-fdf3e953d666:group-924E852ACC2D set configuration 0: [005a1424-1186-4d58-b0b5-fdf3e953d666:192.168.157.195:33930], old=null at 0
2019-09-12 10:53:05,117 [Datanode State Machine Thread - 0] INFO  statemachine.DatanodeStateMachine (DatanodeStateMachine.java:lambda$startDaemon$0(350)) - Ozone container server started.
2019-09-12 10:53:05,119 | INFO  | SCMAudit | user=jenkins1000 | ip=192.168.157.195 | op=SEND_HEARTBEAT {datanodeUUID=e4f93bd3-fff9-4926-9bf8-61056d59521f, command=[]} | ret=SUCCESS |  
2019-09-12 10:53:05,120 [005a1424-1186-4d58-b0b5-fdf3e953d666-SegmentedRaftLogWorker:Storage Directory /workdir/hadoop-ozone/integration-test/target/test-dir/MiniOzoneClusterImpl-838a7ec2-4afb-4d68-8138-46fa65bc7e11/datanode-6/data/ratis/b89b6cc7-8ecf-4efd-85c0-bf738946ccbf] INFO  segmented.SegmentedRaftLogWorker (SegmentedRaftLogWorker.java:execute(569)) - 005a1424-1186-4d58-b0b5-fdf3e953d666-SegmentedRaftLogWorker:Storage Directory /workdir/hadoop-ozone/integration-test/target/test-dir/MiniOzoneClusterImpl-838a7ec2-4afb-4d68-8138-46fa65bc7e11/datanode-6/data/ratis/b89b6cc7-8ecf-4efd-85c0-bf738946ccbf: created new log segment /workdir/hadoop-ozone/integration-test/target/test-dir/MiniOzoneClusterImpl-838a7ec2-4afb-4d68-8138-46fa65bc7e11/datanode-6/data/ratis/b89b6cc7-8ecf-4efd-85c0-bf738946ccbf/current/log_inprogress_0
2019-09-12 10:53:05,122 [005a1424-1186-4d58-b0b5-fdf3e953d666-SegmentedRaftLogWorker:Storage Directory /workdir/hadoop-ozone/integration-test/target/test-dir/MiniOzoneClusterImpl-838a7ec2-4afb-4d68-8138-46fa65bc7e11/datanode-6/data/ratis/4b43ec56-a29e-4f31-b2fe-924e852acc2d] INFO  segmented.SegmentedRaftLogWorker (SegmentedRaftLogWorker.java:execute(569)) - 005a1424-1186-4d58-b0b5-fdf3e953d666-SegmentedRaftLogWorker:Storage Directory /workdir/hadoop-ozone/integration-test/target/test-dir/MiniOzoneClusterImpl-838a7ec2-4afb-4d68-8138-46fa65bc7e11/datanode-6/data/ratis/4b43ec56-a29e-4f31-b2fe-924e852acc2d: created new log segment /workdir/hadoop-ozone/integration-test/target/test-dir/MiniOzoneClusterImpl-838a7ec2-4afb-4d68-8138-46fa65bc7e11/datanode-6/data/ratis/4b43ec56-a29e-4f31-b2fe-924e852acc2d/current/log_inprogress_0
2019-09-12 10:53:05,123 | INFO  | SCMAudit | user=jenkins1000 | ip=192.168.157.195 | op=SEND_HEARTBEAT {datanodeUUID=c17d4de2-caaf-4ec0-b997-c9cf8b2a9041, command=[]} | ret=SUCCESS |  
2019-09-12 10:53:05,123 | INFO  | SCMAudit | user=jenkins1000 | ip=192.168.157.195 | op=SEND_HEARTBEAT {datanodeUUID=da20f580-5b10-4303-a8d6-74672b88192d, command=[]} | ret=SUCCESS |  
2019-09-12 10:53:05,199 | INFO  | SCMAudit | user=jenkins1000 | ip=192.168.157.195 | op=SEND_HEARTBEAT {datanodeUUID=8d69d0c9-c816-414c-ba1a-8b3ab85fb900, command=[]} | ret=SUCCESS |  
2019-09-12 10:53:05,305 [Thread-517] INFO  impl.FollowerState (FollowerState.java:run(106)) - 02d2c735-5a91-4cfc-b37b-8234c14e6879:group-2DD5FE2E832D changes to CANDIDATE, lastRpcTime:1186, electionTimeout:1186ms
2019-09-12 10:53:05,305 [Thread-517] INFO  impl.RoleInfo (RoleInfo.java:shutdownFollowerState(121)) - 02d2c735-5a91-4cfc-b37b-8234c14e6879: shutdown FollowerState
2019-09-12 10:53:05,305 [Thread-517] INFO  impl.RaftServerImpl (RaftServerImpl.java:setRole(171)) - 02d2c735-5a91-4cfc-b37b-8234c14e6879:group-2DD5FE2E832D changes role from FOLLOWER to CANDIDATE at term 0 for changeToCandidate
2019-09-12 10:53:05,306 [Thread-517] INFO  impl.RoleInfo (RoleInfo.java:updateAndGet(143)) - 02d2c735-5a91-4cfc-b37b-8234c14e6879: start LeaderElection
2019-09-12 10:53:05,319 [Thread-524] INFO  impl.FollowerState (FollowerState.java:run(106)) - 35ed61f3-e470-497f-b63f-7decb4cef9e0:group-271D603D1663 changes to CANDIDATE, lastRpcTime:1092, electionTimeout:1092ms
2019-09-12 10:53:05,319 [Thread-524] INFO  impl.RoleInfo (RoleInfo.java:shutdownFollowerState(121)) - 35ed61f3-e470-497f-b63f-7decb4cef9e0: shutdown FollowerState
2019-09-12 10:53:05,319 [02d2c735-5a91-4cfc-b37b-8234c14e6879:group-2DD5FE2E832D:LeaderElection52] INFO  impl.LeaderElection (LeaderElection.java:askForVotes(181)) - 02d2c735-5a91-4cfc-b37b-8234c14e6879:group-2DD5FE2E832D:LeaderElection52: begin an election at term 1 for -1: [02d2c735-5a91-4cfc-b37b-8234c14e6879:192.168.157.195:36291], old=null
2019-09-12 10:53:05,319 [Thread-524] INFO  impl.RaftServerImpl (RaftServerImpl.java:setRole(171)) - 35ed61f3-e470-497f-b63f-7decb4cef9e0:group-271D603D1663 changes role from FOLLOWER to CANDIDATE at term 0 for changeToCandidate
2019-09-12 10:53:05,319 [02d2c735-5a91-4cfc-b37b-8234c14e6879:group-2DD5FE2E832D:LeaderElection52] INFO  impl.RoleInfo (RoleInfo.java:shutdownLeaderElection(134)) - 02d2c735-5a91-4cfc-b37b-8234c14e6879: shutdown LeaderElection
2019-09-12 10:53:05,320 [Thread-524] INFO  impl.RoleInfo (RoleInfo.java:updateAndGet(143)) - 35ed61f3-e470-497f-b63f-7decb4cef9e0: start LeaderElection
2019-09-12 10:53:05,320 [02d2c735-5a91-4cfc-b37b-8234c14e6879:group-2DD5FE2E832D:LeaderElection52] INFO  impl.RaftServerImpl (RaftServerImpl.java:setRole(171)) - 02d2c735-5a91-4cfc-b37b-8234c14e6879:group-2DD5FE2E832D changes role from CANDIDATE to LEADER at term 1 for changeToLeader
2019-09-12 10:53:05,320 [02d2c735-5a91-4cfc-b37b-8234c14e6879:group-2DD5FE2E832D:LeaderElection52] INFO  impl.RaftServerImpl (ServerState.java:setLeader(263)) - 02d2c735-5a91-4cfc-b37b-8234c14e6879:group-2DD5FE2E832D change Leader from null to 02d2c735-5a91-4cfc-b37b-8234c14e6879 at term 1 for becomeLeader, leader elected after 1289ms
2019-09-12 10:53:05,320 [02d2c735-5a91-4cfc-b37b-8234c14e6879:group-2DD5FE2E832D:LeaderElection52] INFO  server.RaftServerConfigKeys (ConfUtils.java:logGet(43)) - raft.server.staging.catchup.gap = 1000 (default)
2019-09-12 10:53:05,320 [02d2c735-5a91-4cfc-b37b-8234c14e6879:group-2DD5FE2E832D:LeaderElection52] INFO  server.RaftServerConfigKeys (ConfUtils.java:logGet(43)) - raft.server.rpc.sleep.time = 25ms (default)
2019-09-12 10:53:05,321 [02d2c735-5a91-4cfc-b37b-8234c14e6879:group-2DD5FE2E832D:LeaderElection52] INFO  server.RaftServerConfigKeys (ConfUtils.java:logGet(43)) - raft.server.write.element-limit = 4096 (default)
2019-09-12 10:53:05,321 [02d2c735-5a91-4cfc-b37b-8234c14e6879:group-2DD5FE2E832D:LeaderElection52] INFO  server.RaftServerConfigKeys (ConfUtils.java:logGet(43)) - raft.server.watch.timeout = 10s (default)
2019-09-12 10:53:05,321 [02d2c735-5a91-4cfc-b37b-8234c14e6879:group-2DD5FE2E832D:LeaderElection52] INFO  server.RaftServerConfigKeys (ConfUtils.java:logGet(43)) - raft.server.watch.timeout.denomination = 1s (default)
2019-09-12 10:53:05,321 [02d2c735-5a91-4cfc-b37b-8234c14e6879:group-2DD5FE2E832D:LeaderElection52] INFO  server.RaftServerConfigKeys (ConfUtils.java:logGet(43)) - raft.server.watch.element-limit = 65536 (default)
2019-09-12 10:53:05,322 [02d2c735-5a91-4cfc-b37b-8234c14e6879:group-2DD5FE2E832D:LeaderElection52] INFO  impl.RoleInfo (RoleInfo.java:updateAndGet(143)) - 02d2c735-5a91-4cfc-b37b-8234c14e6879: start LeaderState
2019-09-12 10:53:05,322 [02d2c735-5a91-4cfc-b37b-8234c14e6879:group-2DD5FE2E832D:LeaderElection52] INFO  segmented.SegmentedRaftLogWorker (SegmentedRaftLogWorker.java:startLogSegment(380)) - 02d2c735-5a91-4cfc-b37b-8234c14e6879-SegmentedRaftLogWorker:Storage Directory /workdir/hadoop-ozone/integration-test/target/test-dir/MiniOzoneClusterImpl-838a7ec2-4afb-4d68-8138-46fa65bc7e11/datanode-9/data/ratis/f5e1db78-d192-457a-b6e8-2dd5fe2e832d: Starting segment from index:0
2019-09-12 10:53:05,322 [02d2c735-5a91-4cfc-b37b-8234c14e6879:group-2DD5FE2E832D:LeaderElection52] INFO  impl.RaftServerImpl (ServerState.java:setRaftConf(361)) - 02d2c735-5a91-4cfc-b37b-8234c14e6879:group-2DD5FE2E832D set configuration 0: [02d2c735-5a91-4cfc-b37b-8234c14e6879:192.168.157.195:36291], old=null at 0
2019-09-12 10:53:05,334 [35ed61f3-e470-497f-b63f-7decb4cef9e0:group-271D603D1663:LeaderElection53] INFO  impl.LeaderElection (LeaderElection.java:askForVotes(181)) - 35ed61f3-e470-497f-b63f-7decb4cef9e0:group-271D603D1663:LeaderElection53: begin an election at term 1 for -1: [35ed61f3-e470-497f-b63f-7decb4cef9e0:192.168.157.195:33043], old=null
2019-09-12 10:53:05,334 [35ed61f3-e470-497f-b63f-7decb4cef9e0:group-271D603D1663:LeaderElection53] INFO  impl.RoleInfo (RoleInfo.java:shutdownLeaderElection(134)) - 35ed61f3-e470-497f-b63f-7decb4cef9e0: shutdown LeaderElection
2019-09-12 10:53:05,334 [35ed61f3-e470-497f-b63f-7decb4cef9e0:group-271D603D1663:LeaderElection53] INFO  impl.RaftServerImpl (RaftServerImpl.java:setRole(171)) - 35ed61f3-e470-497f-b63f-7decb4cef9e0:group-271D603D1663 changes role from CANDIDATE to LEADER at term 1 for changeToLeader
2019-09-12 10:53:05,335 [35ed61f3-e470-497f-b63f-7decb4cef9e0:group-271D603D1663:LeaderElection53] INFO  impl.RaftServerImpl (ServerState.java:setLeader(263)) - 35ed61f3-e470-497f-b63f-7decb4cef9e0:group-271D603D1663 change Leader from null to 35ed61f3-e470-497f-b63f-7decb4cef9e0 at term 1 for becomeLeader, leader elected after 1113ms
2019-09-12 10:53:05,335 [35ed61f3-e470-497f-b63f-7decb4cef9e0:group-271D603D1663:LeaderElection53] INFO  server.RaftServerConfigKeys (ConfUtils.java:logGet(43)) - raft.server.staging.catchup.gap = 1000 (default)
2019-09-12 10:53:05,335 [35ed61f3-e470-497f-b63f-7decb4cef9e0:group-271D603D1663:LeaderElection53] INFO  server.RaftServerConfigKeys (ConfUtils.java:logGet(43)) - raft.server.rpc.sleep.time = 25ms (default)
2019-09-12 10:53:05,335 | INFO  | SCMAudit | user=jenkins1000 | ip=192.168.157.195 | op=SEND_HEARTBEAT {datanodeUUID=02d2c735-5a91-4cfc-b37b-8234c14e6879, command=[]} | ret=SUCCESS |  
2019-09-12 10:53:05,335 [35ed61f3-e470-497f-b63f-7decb4cef9e0:group-271D603D1663:LeaderElection53] INFO  server.RaftServerConfigKeys (ConfUtils.java:logGet(43)) - raft.server.write.element-limit = 4096 (default)
2019-09-12 10:53:05,336 [35ed61f3-e470-497f-b63f-7decb4cef9e0:group-271D603D1663:LeaderElection53] INFO  server.RaftServerConfigKeys (ConfUtils.java:logGet(43)) - raft.server.watch.timeout = 10s (default)
2019-09-12 10:53:05,336 [35ed61f3-e470-497f-b63f-7decb4cef9e0:group-271D603D1663:LeaderElection53] INFO  server.RaftServerConfigKeys (ConfUtils.java:logGet(43)) - raft.server.watch.timeout.denomination = 1s (default)
2019-09-12 10:53:05,336 [35ed61f3-e470-497f-b63f-7decb4cef9e0:group-271D603D1663:LeaderElection53] INFO  server.RaftServerConfigKeys (ConfUtils.java:logGet(43)) - raft.server.watch.element-limit = 65536 (default)
2019-09-12 10:53:05,336 [35ed61f3-e470-497f-b63f-7decb4cef9e0:group-271D603D1663:LeaderElection53] INFO  impl.RoleInfo (RoleInfo.java:updateAndGet(143)) - 35ed61f3-e470-497f-b63f-7decb4cef9e0: start LeaderState
2019-09-12 10:53:05,337 [35ed61f3-e470-497f-b63f-7decb4cef9e0:group-271D603D1663:LeaderElection53] INFO  segmented.SegmentedRaftLogWorker (SegmentedRaftLogWorker.java:startLogSegment(380)) - 35ed61f3-e470-497f-b63f-7decb4cef9e0-SegmentedRaftLogWorker:Storage Directory /workdir/hadoop-ozone/integration-test/target/test-dir/MiniOzoneClusterImpl-838a7ec2-4afb-4d68-8138-46fa65bc7e11/datanode-7/data/ratis/b93c9841-be61-4767-aeb3-271d603d1663: Starting segment from index:0
2019-09-12 10:53:05,337 [35ed61f3-e470-497f-b63f-7decb4cef9e0:group-271D603D1663:LeaderElection53] INFO  impl.RaftServerImpl (ServerState.java:setRaftConf(361)) - 35ed61f3-e470-497f-b63f-7decb4cef9e0:group-271D603D1663 set configuration 0: [35ed61f3-e470-497f-b63f-7decb4cef9e0:192.168.157.195:33043], old=null at 0
2019-09-12 10:53:05,364 [02d2c735-5a91-4cfc-b37b-8234c14e6879-SegmentedRaftLogWorker:Storage Directory /workdir/hadoop-ozone/integration-test/target/test-dir/MiniOzoneClusterImpl-838a7ec2-4afb-4d68-8138-46fa65bc7e11/datanode-9/data/ratis/f5e1db78-d192-457a-b6e8-2dd5fe2e832d] INFO  segmented.SegmentedRaftLogWorker (SegmentedRaftLogWorker.java:execute(569)) - 02d2c735-5a91-4cfc-b37b-8234c14e6879-SegmentedRaftLogWorker:Storage Directory /workdir/hadoop-ozone/integration-test/target/test-dir/MiniOzoneClusterImpl-838a7ec2-4afb-4d68-8138-46fa65bc7e11/datanode-9/data/ratis/f5e1db78-d192-457a-b6e8-2dd5fe2e832d: created new log segment /workdir/hadoop-ozone/integration-test/target/test-dir/MiniOzoneClusterImpl-838a7ec2-4afb-4d68-8138-46fa65bc7e11/datanode-9/data/ratis/f5e1db78-d192-457a-b6e8-2dd5fe2e832d/current/log_inprogress_0
2019-09-12 10:53:05,376 [Thread-521] INFO  impl.FollowerState (FollowerState.java:run(106)) - 35ed61f3-e470-497f-b63f-7decb4cef9e0:group-2DB1D469BC19 changes to CANDIDATE, lastRpcTime:1197, electionTimeout:1197ms
2019-09-12 10:53:05,376 [Thread-521] INFO  impl.RoleInfo (RoleInfo.java:shutdownFollowerState(121)) - 35ed61f3-e470-497f-b63f-7decb4cef9e0: shutdown FollowerState
2019-09-12 10:53:05,376 [35ed61f3-e470-497f-b63f-7decb4cef9e0-SegmentedRaftLogWorker:Storage Directory /workdir/hadoop-ozone/integration-test/target/test-dir/MiniOzoneClusterImpl-838a7ec2-4afb-4d68-8138-46fa65bc7e11/datanode-7/data/ratis/b93c9841-be61-4767-aeb3-271d603d1663] INFO  segmented.SegmentedRaftLogWorker (SegmentedRaftLogWorker.java:execute(569)) - 35ed61f3-e470-497f-b63f-7decb4cef9e0-SegmentedRaftLogWorker:Storage Directory /workdir/hadoop-ozone/integration-test/target/test-dir/MiniOzoneClusterImpl-838a7ec2-4afb-4d68-8138-46fa65bc7e11/datanode-7/data/ratis/b93c9841-be61-4767-aeb3-271d603d1663: created new log segment /workdir/hadoop-ozone/integration-test/target/test-dir/MiniOzoneClusterImpl-838a7ec2-4afb-4d68-8138-46fa65bc7e11/datanode-7/data/ratis/b93c9841-be61-4767-aeb3-271d603d1663/current/log_inprogress_0
2019-09-12 10:53:05,376 [Thread-521] INFO  impl.RaftServerImpl (RaftServerImpl.java:setRole(171)) - 35ed61f3-e470-497f-b63f-7decb4cef9e0:group-2DB1D469BC19 changes role from FOLLOWER to CANDIDATE at term 0 for changeToCandidate
2019-09-12 10:53:05,377 [Thread-521] INFO  impl.RoleInfo (RoleInfo.java:updateAndGet(143)) - 35ed61f3-e470-497f-b63f-7decb4cef9e0: start LeaderElection
2019-09-12 10:53:05,380 [35ed61f3-e470-497f-b63f-7decb4cef9e0:group-2DB1D469BC19:LeaderElection54] INFO  impl.LeaderElection (LeaderElection.java:askForVotes(181)) - 35ed61f3-e470-497f-b63f-7decb4cef9e0:group-2DB1D469BC19:LeaderElection54: begin an election at term 1 for -1: [35ed61f3-e470-497f-b63f-7decb4cef9e0:192.168.157.195:33043], old=null
2019-09-12 10:53:05,380 [35ed61f3-e470-497f-b63f-7decb4cef9e0:group-2DB1D469BC19:LeaderElection54] INFO  impl.RoleInfo (RoleInfo.java:shutdownLeaderElection(134)) - 35ed61f3-e470-497f-b63f-7decb4cef9e0: shutdown LeaderElection
2019-09-12 10:53:05,381 [35ed61f3-e470-497f-b63f-7decb4cef9e0:group-2DB1D469BC19:LeaderElection54] INFO  impl.RaftServerImpl (RaftServerImpl.java:setRole(171)) - 35ed61f3-e470-497f-b63f-7decb4cef9e0:group-2DB1D469BC19 changes role from CANDIDATE to LEADER at term 1 for changeToLeader
2019-09-12 10:53:05,381 [35ed61f3-e470-497f-b63f-7decb4cef9e0:group-2DB1D469BC19:LeaderElection54] INFO  impl.RaftServerImpl (ServerState.java:setLeader(263)) - 35ed61f3-e470-497f-b63f-7decb4cef9e0:group-2DB1D469BC19 change Leader from null to 35ed61f3-e470-497f-b63f-7decb4cef9e0 at term 1 for becomeLeader, leader elected after 1207ms
2019-09-12 10:53:05,381 [35ed61f3-e470-497f-b63f-7decb4cef9e0:group-2DB1D469BC19:LeaderElection54] INFO  server.RaftServerConfigKeys (ConfUtils.java:logGet(43)) - raft.server.staging.catchup.gap = 1000 (default)
2019-09-12 10:53:05,381 [35ed61f3-e470-497f-b63f-7decb4cef9e0:group-2DB1D469BC19:LeaderElection54] INFO  server.RaftServerConfigKeys (ConfUtils.java:logGet(43)) - raft.server.rpc.sleep.time = 25ms (default)
2019-09-12 10:53:05,381 [35ed61f3-e470-497f-b63f-7decb4cef9e0:group-2DB1D469BC19:LeaderElection54] INFO  server.RaftServerConfigKeys (ConfUtils.java:logGet(43)) - raft.server.write.element-limit = 4096 (default)
2019-09-12 10:53:05,382 [35ed61f3-e470-497f-b63f-7decb4cef9e0:group-2DB1D469BC19:LeaderElection54] INFO  server.RaftServerConfigKeys (ConfUtils.java:logGet(43)) - raft.server.watch.timeout = 10s (default)
2019-09-12 10:53:05,382 [35ed61f3-e470-497f-b63f-7decb4cef9e0:group-2DB1D469BC19:LeaderElection54] INFO  server.RaftServerConfigKeys (ConfUtils.java:logGet(43)) - raft.server.watch.timeout.denomination = 1s (default)
2019-09-12 10:53:05,382 [35ed61f3-e470-497f-b63f-7decb4cef9e0:group-2DB1D469BC19:LeaderElection54] INFO  server.RaftServerConfigKeys (ConfUtils.java:logGet(43)) - raft.server.watch.element-limit = 65536 (default)
2019-09-12 10:53:05,382 [35ed61f3-e470-497f-b63f-7decb4cef9e0:group-2DB1D469BC19:LeaderElection54] INFO  impl.RoleInfo (RoleInfo.java:updateAndGet(143)) - 35ed61f3-e470-497f-b63f-7decb4cef9e0: start LeaderState
2019-09-12 10:53:05,383 [35ed61f3-e470-497f-b63f-7decb4cef9e0:group-2DB1D469BC19:LeaderElection54] INFO  segmented.SegmentedRaftLogWorker (SegmentedRaftLogWorker.java:startLogSegment(380)) - 35ed61f3-e470-497f-b63f-7decb4cef9e0-SegmentedRaftLogWorker:Storage Directory /workdir/hadoop-ozone/integration-test/target/test-dir/MiniOzoneClusterImpl-838a7ec2-4afb-4d68-8138-46fa65bc7e11/datanode-7/data/ratis/d9263888-84e7-486d-9406-2db1d469bc19: Starting segment from index:0
2019-09-12 10:53:05,383 [35ed61f3-e470-497f-b63f-7decb4cef9e0:group-2DB1D469BC19:LeaderElection54] INFO  impl.RaftServerImpl (ServerState.java:setRaftConf(361)) - 35ed61f3-e470-497f-b63f-7decb4cef9e0:group-2DB1D469BC19 set configuration 0: [35ed61f3-e470-497f-b63f-7decb4cef9e0:192.168.157.195:33043], old=null at 0
2019-09-12 10:53:05,417 [35ed61f3-e470-497f-b63f-7decb4cef9e0-SegmentedRaftLogWorker:Storage Directory /workdir/hadoop-ozone/integration-test/target/test-dir/MiniOzoneClusterImpl-838a7ec2-4afb-4d68-8138-46fa65bc7e11/datanode-7/data/ratis/d9263888-84e7-486d-9406-2db1d469bc19] INFO  segmented.SegmentedRaftLogWorker (SegmentedRaftLogWorker.java:execute(569)) - 35ed61f3-e470-497f-b63f-7decb4cef9e0-SegmentedRaftLogWorker:Storage Directory /workdir/hadoop-ozone/integration-test/target/test-dir/MiniOzoneClusterImpl-838a7ec2-4afb-4d68-8138-46fa65bc7e11/datanode-7/data/ratis/d9263888-84e7-486d-9406-2db1d469bc19: created new log segment /workdir/hadoop-ozone/integration-test/target/test-dir/MiniOzoneClusterImpl-838a7ec2-4afb-4d68-8138-46fa65bc7e11/datanode-7/data/ratis/d9263888-84e7-486d-9406-2db1d469bc19/current/log_inprogress_0
2019-09-12 10:53:05,437 [Datanode State Machine Thread - 0] INFO  statemachine.DatanodeStateMachine (DatanodeStateMachine.java:lambda$startDaemon$0(350)) - Ozone container server started.
2019-09-12 10:53:05,452 | INFO  | SCMAudit | user=jenkins1000 | ip=192.168.157.195 | op=SEND_HEARTBEAT {datanodeUUID=9dc3d9e1-35df-4da5-a2c1-5b39dd910295, command=[]} | ret=SUCCESS |  
2019-09-12 10:53:05,455 [Thread-531] INFO  impl.FollowerState (FollowerState.java:run(106)) - 02d2c735-5a91-4cfc-b37b-8234c14e6879:group-70B4718549F0 changes to CANDIDATE, lastRpcTime:1112, electionTimeout:1112ms
2019-09-12 10:53:05,455 [Thread-531] INFO  impl.RoleInfo (RoleInfo.java:shutdownFollowerState(121)) - 02d2c735-5a91-4cfc-b37b-8234c14e6879: shutdown FollowerState
2019-09-12 10:53:05,455 [Thread-531] INFO  impl.RaftServerImpl (RaftServerImpl.java:setRole(171)) - 02d2c735-5a91-4cfc-b37b-8234c14e6879:group-70B4718549F0 changes role from FOLLOWER to CANDIDATE at term 0 for changeToCandidate
2019-09-12 10:53:05,455 [Thread-531] INFO  impl.RoleInfo (RoleInfo.java:updateAndGet(143)) - 02d2c735-5a91-4cfc-b37b-8234c14e6879: start LeaderElection
2019-09-12 10:53:05,459 [02d2c735-5a91-4cfc-b37b-8234c14e6879:group-70B4718549F0:LeaderElection55] INFO  impl.LeaderElection (LeaderElection.java:askForVotes(181)) - 02d2c735-5a91-4cfc-b37b-8234c14e6879:group-70B4718549F0:LeaderElection55: begin an election at term 1 for -1: [02d2c735-5a91-4cfc-b37b-8234c14e6879:192.168.157.195:36291], old=null
2019-09-12 10:53:05,459 [02d2c735-5a91-4cfc-b37b-8234c14e6879:group-70B4718549F0:LeaderElection55] INFO  impl.RoleInfo (RoleInfo.java:shutdownLeaderElection(134)) - 02d2c735-5a91-4cfc-b37b-8234c14e6879: shutdown LeaderElection
2019-09-12 10:53:05,459 [02d2c735-5a91-4cfc-b37b-8234c14e6879:group-70B4718549F0:LeaderElection55] INFO  impl.RaftServerImpl (RaftServerImpl.java:setRole(171)) - 02d2c735-5a91-4cfc-b37b-8234c14e6879:group-70B4718549F0 changes role from CANDIDATE to LEADER at term 1 for changeToLeader
2019-09-12 10:53:05,459 [02d2c735-5a91-4cfc-b37b-8234c14e6879:group-70B4718549F0:LeaderElection55] INFO  impl.RaftServerImpl (ServerState.java:setLeader(263)) - 02d2c735-5a91-4cfc-b37b-8234c14e6879:group-70B4718549F0 change Leader from null to 02d2c735-5a91-4cfc-b37b-8234c14e6879 at term 1 for becomeLeader, leader elected after 1165ms
2019-09-12 10:53:05,459 [02d2c735-5a91-4cfc-b37b-8234c14e6879:group-70B4718549F0:LeaderElection55] INFO  server.RaftServerConfigKeys (ConfUtils.java:logGet(43)) - raft.server.staging.catchup.gap = 1000 (default)
2019-09-12 10:53:05,460 [02d2c735-5a91-4cfc-b37b-8234c14e6879:group-70B4718549F0:LeaderElection55] INFO  server.RaftServerConfigKeys (ConfUtils.java:logGet(43)) - raft.server.rpc.sleep.time = 25ms (default)
2019-09-12 10:53:05,460 [02d2c735-5a91-4cfc-b37b-8234c14e6879:group-70B4718549F0:LeaderElection55] INFO  server.RaftServerConfigKeys (ConfUtils.java:logGet(43)) - raft.server.write.element-limit = 4096 (default)
2019-09-12 10:53:05,460 [02d2c735-5a91-4cfc-b37b-8234c14e6879:group-70B4718549F0:LeaderElection55] INFO  server.RaftServerConfigKeys (ConfUtils.java:logGet(43)) - raft.server.watch.timeout = 10s (default)
2019-09-12 10:53:05,460 [02d2c735-5a91-4cfc-b37b-8234c14e6879:group-70B4718549F0:LeaderElection55] INFO  server.RaftServerConfigKeys (ConfUtils.java:logGet(43)) - raft.server.watch.timeout.denomination = 1s (default)
2019-09-12 10:53:05,460 [02d2c735-5a91-4cfc-b37b-8234c14e6879:group-70B4718549F0:LeaderElection55] INFO  server.RaftServerConfigKeys (ConfUtils.java:logGet(43)) - raft.server.watch.element-limit = 65536 (default)
2019-09-12 10:53:05,461 [02d2c735-5a91-4cfc-b37b-8234c14e6879:group-70B4718549F0:LeaderElection55] INFO  impl.RoleInfo (RoleInfo.java:updateAndGet(143)) - 02d2c735-5a91-4cfc-b37b-8234c14e6879: start LeaderState
2019-09-12 10:53:05,461 [02d2c735-5a91-4cfc-b37b-8234c14e6879:group-70B4718549F0:LeaderElection55] INFO  segmented.SegmentedRaftLogWorker (SegmentedRaftLogWorker.java:startLogSegment(380)) - 02d2c735-5a91-4cfc-b37b-8234c14e6879-SegmentedRaftLogWorker:Storage Directory /workdir/hadoop-ozone/integration-test/target/test-dir/MiniOzoneClusterImpl-838a7ec2-4afb-4d68-8138-46fa65bc7e11/datanode-9/data/ratis/d12d7bb4-e5c5-4d5e-b213-70b4718549f0: Starting segment from index:0
2019-09-12 10:53:05,461 [02d2c735-5a91-4cfc-b37b-8234c14e6879:group-70B4718549F0:LeaderElection55] INFO  impl.RaftServerImpl (ServerState.java:setRaftConf(361)) - 02d2c735-5a91-4cfc-b37b-8234c14e6879:group-70B4718549F0 set configuration 0: [02d2c735-5a91-4cfc-b37b-8234c14e6879:192.168.157.195:36291], old=null at 0
2019-09-12 10:53:05,500 [02d2c735-5a91-4cfc-b37b-8234c14e6879-SegmentedRaftLogWorker:Storage Directory /workdir/hadoop-ozone/integration-test/target/test-dir/MiniOzoneClusterImpl-838a7ec2-4afb-4d68-8138-46fa65bc7e11/datanode-9/data/ratis/d12d7bb4-e5c5-4d5e-b213-70b4718549f0] INFO  segmented.SegmentedRaftLogWorker (SegmentedRaftLogWorker.java:execute(569)) - 02d2c735-5a91-4cfc-b37b-8234c14e6879-SegmentedRaftLogWorker:Storage Directory /workdir/hadoop-ozone/integration-test/target/test-dir/MiniOzoneClusterImpl-838a7ec2-4afb-4d68-8138-46fa65bc7e11/datanode-9/data/ratis/d12d7bb4-e5c5-4d5e-b213-70b4718549f0: created new log segment /workdir/hadoop-ozone/integration-test/target/test-dir/MiniOzoneClusterImpl-838a7ec2-4afb-4d68-8138-46fa65bc7e11/datanode-9/data/ratis/d12d7bb4-e5c5-4d5e-b213-70b4718549f0/current/log_inprogress_0
2019-09-12 10:53:05,587 [Thread-548] INFO  impl.FollowerState (FollowerState.java:run(106)) - c17d4de2-caaf-4ec0-b997-c9cf8b2a9041:group-10CB25FB2CD0 changes to CANDIDATE, lastRpcTime:1024, electionTimeout:1024ms
2019-09-12 10:53:05,587 [Thread-548] INFO  impl.RoleInfo (RoleInfo.java:shutdownFollowerState(121)) - c17d4de2-caaf-4ec0-b997-c9cf8b2a9041: shutdown FollowerState
2019-09-12 10:53:05,587 [Thread-548] INFO  impl.RaftServerImpl (RaftServerImpl.java:setRole(171)) - c17d4de2-caaf-4ec0-b997-c9cf8b2a9041:group-10CB25FB2CD0 changes role from FOLLOWER to CANDIDATE at term 0 for changeToCandidate
2019-09-12 10:53:05,588 [Thread-548] INFO  impl.RoleInfo (RoleInfo.java:updateAndGet(143)) - c17d4de2-caaf-4ec0-b997-c9cf8b2a9041: start LeaderElection
2019-09-12 10:53:05,602 [c17d4de2-caaf-4ec0-b997-c9cf8b2a9041:group-10CB25FB2CD0:LeaderElection56] INFO  impl.LeaderElection (LeaderElection.java:askForVotes(181)) - c17d4de2-caaf-4ec0-b997-c9cf8b2a9041:group-10CB25FB2CD0:LeaderElection56: begin an election at term 1 for -1: [c17d4de2-caaf-4ec0-b997-c9cf8b2a9041:192.168.157.195:41944], old=null
2019-09-12 10:53:05,602 [c17d4de2-caaf-4ec0-b997-c9cf8b2a9041:group-10CB25FB2CD0:LeaderElection56] INFO  impl.RoleInfo (RoleInfo.java:shutdownLeaderElection(134)) - c17d4de2-caaf-4ec0-b997-c9cf8b2a9041: shutdown LeaderElection
2019-09-12 10:53:05,602 [c17d4de2-caaf-4ec0-b997-c9cf8b2a9041:group-10CB25FB2CD0:LeaderElection56] INFO  impl.RaftServerImpl (RaftServerImpl.java:setRole(171)) - c17d4de2-caaf-4ec0-b997-c9cf8b2a9041:group-10CB25FB2CD0 changes role from CANDIDATE to LEADER at term 1 for changeToLeader
2019-09-12 10:53:05,602 [c17d4de2-caaf-4ec0-b997-c9cf8b2a9041:group-10CB25FB2CD0:LeaderElection56] INFO  impl.RaftServerImpl (ServerState.java:setLeader(263)) - c17d4de2-caaf-4ec0-b997-c9cf8b2a9041:group-10CB25FB2CD0 change Leader from null to c17d4de2-caaf-4ec0-b997-c9cf8b2a9041 at term 1 for becomeLeader, leader elected after 1043ms
2019-09-12 10:53:05,602 [c17d4de2-caaf-4ec0-b997-c9cf8b2a9041:group-10CB25FB2CD0:LeaderElection56] INFO  server.RaftServerConfigKeys (ConfUtils.java:logGet(43)) - raft.server.staging.catchup.gap = 1000 (default)
2019-09-12 10:53:05,602 [c17d4de2-caaf-4ec0-b997-c9cf8b2a9041:group-10CB25FB2CD0:LeaderElection56] INFO  server.RaftServerConfigKeys (ConfUtils.java:logGet(43)) - raft.server.rpc.sleep.time = 25ms (default)
2019-09-12 10:53:05,603 [c17d4de2-caaf-4ec0-b997-c9cf8b2a9041:group-10CB25FB2CD0:LeaderElection56] INFO  server.RaftServerConfigKeys (ConfUtils.java:logGet(43)) - raft.server.write.element-limit = 4096 (default)
2019-09-12 10:53:05,603 [c17d4de2-caaf-4ec0-b997-c9cf8b2a9041:group-10CB25FB2CD0:LeaderElection56] INFO  server.RaftServerConfigKeys (ConfUtils.java:logGet(43)) - raft.server.watch.timeout = 10s (default)
2019-09-12 10:53:05,603 [c17d4de2-caaf-4ec0-b997-c9cf8b2a9041:group-10CB25FB2CD0:LeaderElection56] INFO  server.RaftServerConfigKeys (ConfUtils.java:logGet(43)) - raft.server.watch.timeout.denomination = 1s (default)
2019-09-12 10:53:05,603 [c17d4de2-caaf-4ec0-b997-c9cf8b2a9041:group-10CB25FB2CD0:LeaderElection56] INFO  server.RaftServerConfigKeys (ConfUtils.java:logGet(43)) - raft.server.watch.element-limit = 65536 (default)
2019-09-12 10:53:05,604 [c17d4de2-caaf-4ec0-b997-c9cf8b2a9041:group-10CB25FB2CD0:LeaderElection56] INFO  impl.RoleInfo (RoleInfo.java:updateAndGet(143)) - c17d4de2-caaf-4ec0-b997-c9cf8b2a9041: start LeaderState
2019-09-12 10:53:05,604 [c17d4de2-caaf-4ec0-b997-c9cf8b2a9041:group-10CB25FB2CD0:LeaderElection56] INFO  segmented.SegmentedRaftLogWorker (SegmentedRaftLogWorker.java:startLogSegment(380)) - c17d4de2-caaf-4ec0-b997-c9cf8b2a9041-SegmentedRaftLogWorker:Storage Directory /workdir/hadoop-ozone/integration-test/target/test-dir/MiniOzoneClusterImpl-838a7ec2-4afb-4d68-8138-46fa65bc7e11/datanode-8/data/ratis/6641a263-6772-4466-9906-10cb25fb2cd0: Starting segment from index:0
2019-09-12 10:53:05,605 [c17d4de2-caaf-4ec0-b997-c9cf8b2a9041:group-10CB25FB2CD0:LeaderElection56] INFO  impl.RaftServerImpl (ServerState.java:setRaftConf(361)) - c17d4de2-caaf-4ec0-b997-c9cf8b2a9041:group-10CB25FB2CD0 set configuration 0: [c17d4de2-caaf-4ec0-b997-c9cf8b2a9041:192.168.157.195:41944], old=null at 0
2019-09-12 10:53:05,651 [c17d4de2-caaf-4ec0-b997-c9cf8b2a9041-SegmentedRaftLogWorker:Storage Directory /workdir/hadoop-ozone/integration-test/target/test-dir/MiniOzoneClusterImpl-838a7ec2-4afb-4d68-8138-46fa65bc7e11/datanode-8/data/ratis/6641a263-6772-4466-9906-10cb25fb2cd0] INFO  segmented.SegmentedRaftLogWorker (SegmentedRaftLogWorker.java:execute(569)) - c17d4de2-caaf-4ec0-b997-c9cf8b2a9041-SegmentedRaftLogWorker:Storage Directory /workdir/hadoop-ozone/integration-test/target/test-dir/MiniOzoneClusterImpl-838a7ec2-4afb-4d68-8138-46fa65bc7e11/datanode-8/data/ratis/6641a263-6772-4466-9906-10cb25fb2cd0: created new log segment /workdir/hadoop-ozone/integration-test/target/test-dir/MiniOzoneClusterImpl-838a7ec2-4afb-4d68-8138-46fa65bc7e11/datanode-8/data/ratis/6641a263-6772-4466-9906-10cb25fb2cd0/current/log_inprogress_0
2019-09-12 10:53:05,662 [Thread-540] INFO  impl.FollowerState (FollowerState.java:run(106)) - c17d4de2-caaf-4ec0-b997-c9cf8b2a9041:group-2509437EBB9E changes to CANDIDATE, lastRpcTime:1181, electionTimeout:1181ms
2019-09-12 10:53:05,662 [Thread-540] INFO  impl.RoleInfo (RoleInfo.java:shutdownFollowerState(121)) - c17d4de2-caaf-4ec0-b997-c9cf8b2a9041: shutdown FollowerState
2019-09-12 10:53:05,662 [Thread-540] INFO  impl.RaftServerImpl (RaftServerImpl.java:setRole(171)) - c17d4de2-caaf-4ec0-b997-c9cf8b2a9041:group-2509437EBB9E changes role from FOLLOWER to CANDIDATE at term 0 for changeToCandidate
2019-09-12 10:53:05,663 [Thread-540] INFO  impl.RoleInfo (RoleInfo.java:updateAndGet(143)) - c17d4de2-caaf-4ec0-b997-c9cf8b2a9041: start LeaderElection
2019-09-12 10:53:05,676 [c17d4de2-caaf-4ec0-b997-c9cf8b2a9041:group-2509437EBB9E:LeaderElection57] INFO  impl.LeaderElection (LeaderElection.java:askForVotes(181)) - c17d4de2-caaf-4ec0-b997-c9cf8b2a9041:group-2509437EBB9E:LeaderElection57: begin an election at term 1 for -1: [c17d4de2-caaf-4ec0-b997-c9cf8b2a9041:192.168.157.195:41944], old=null
2019-09-12 10:53:05,676 [c17d4de2-caaf-4ec0-b997-c9cf8b2a9041:group-2509437EBB9E:LeaderElection57] INFO  impl.RoleInfo (RoleInfo.java:shutdownLeaderElection(134)) - c17d4de2-caaf-4ec0-b997-c9cf8b2a9041: shutdown LeaderElection
2019-09-12 10:53:05,676 [c17d4de2-caaf-4ec0-b997-c9cf8b2a9041:group-2509437EBB9E:LeaderElection57] INFO  impl.RaftServerImpl (RaftServerImpl.java:setRole(171)) - c17d4de2-caaf-4ec0-b997-c9cf8b2a9041:group-2509437EBB9E changes role from CANDIDATE to LEADER at term 1 for changeToLeader
2019-09-12 10:53:05,676 [c17d4de2-caaf-4ec0-b997-c9cf8b2a9041:group-2509437EBB9E:LeaderElection57] INFO  impl.RaftServerImpl (ServerState.java:setLeader(263)) - c17d4de2-caaf-4ec0-b997-c9cf8b2a9041:group-2509437EBB9E change Leader from null to c17d4de2-caaf-4ec0-b997-c9cf8b2a9041 at term 1 for becomeLeader, leader elected after 1200ms
2019-09-12 10:53:05,676 [c17d4de2-caaf-4ec0-b997-c9cf8b2a9041:group-2509437EBB9E:LeaderElection57] INFO  server.RaftServerConfigKeys (ConfUtils.java:logGet(43)) - raft.server.staging.catchup.gap = 1000 (default)
2019-09-12 10:53:05,677 [c17d4de2-caaf-4ec0-b997-c9cf8b2a9041:group-2509437EBB9E:LeaderElection57] INFO  server.RaftServerConfigKeys (ConfUtils.java:logGet(43)) - raft.server.rpc.sleep.time = 25ms (default)
2019-09-12 10:53:05,677 [c17d4de2-caaf-4ec0-b997-c9cf8b2a9041:group-2509437EBB9E:LeaderElection57] INFO  server.RaftServerConfigKeys (ConfUtils.java:logGet(43)) - raft.server.write.element-limit = 4096 (default)
2019-09-12 10:53:05,677 [c17d4de2-caaf-4ec0-b997-c9cf8b2a9041:group-2509437EBB9E:LeaderElection57] INFO  server.RaftServerConfigKeys (ConfUtils.java:logGet(43)) - raft.server.watch.timeout = 10s (default)
2019-09-12 10:53:05,677 [c17d4de2-caaf-4ec0-b997-c9cf8b2a9041:group-2509437EBB9E:LeaderElection57] INFO  server.RaftServerConfigKeys (ConfUtils.java:logGet(43)) - raft.server.watch.timeout.denomination = 1s (default)
2019-09-12 10:53:05,677 [c17d4de2-caaf-4ec0-b997-c9cf8b2a9041:group-2509437EBB9E:LeaderElection57] INFO  server.RaftServerConfigKeys (ConfUtils.java:logGet(43)) - raft.server.watch.element-limit = 65536 (default)
2019-09-12 10:53:05,677 [c17d4de2-caaf-4ec0-b997-c9cf8b2a9041:group-2509437EBB9E:LeaderElection57] INFO  impl.RoleInfo (RoleInfo.java:updateAndGet(143)) - c17d4de2-caaf-4ec0-b997-c9cf8b2a9041: start LeaderState
2019-09-12 10:53:05,678 [c17d4de2-caaf-4ec0-b997-c9cf8b2a9041:group-2509437EBB9E:LeaderElection57] INFO  segmented.SegmentedRaftLogWorker (SegmentedRaftLogWorker.java:startLogSegment(380)) - c17d4de2-caaf-4ec0-b997-c9cf8b2a9041-SegmentedRaftLogWorker:Storage Directory /workdir/hadoop-ozone/integration-test/target/test-dir/MiniOzoneClusterImpl-838a7ec2-4afb-4d68-8138-46fa65bc7e11/datanode-8/data/ratis/6a2fd8ec-259b-434e-bcc1-2509437ebb9e: Starting segment from index:0
2019-09-12 10:53:05,678 [c17d4de2-caaf-4ec0-b997-c9cf8b2a9041:group-2509437EBB9E:LeaderElection57] INFO  impl.RaftServerImpl (ServerState.java:setRaftConf(361)) - c17d4de2-caaf-4ec0-b997-c9cf8b2a9041:group-2509437EBB9E set configuration 0: [c17d4de2-caaf-4ec0-b997-c9cf8b2a9041:192.168.157.195:41944], old=null at 0
2019-09-12 10:53:05,684 | INFO  | SCMAudit | user=jenkins1000 | ip=192.168.157.195 | op=SEND_HEARTBEAT {datanodeUUID=005a1424-1186-4d58-b0b5-fdf3e953d666, command=[]} | ret=SUCCESS |  
2019-09-12 10:53:05,685 [Thread-551] INFO  impl.FollowerState (FollowerState.java:run(106)) - c17d4de2-caaf-4ec0-b997-c9cf8b2a9041:group-7ED4B0555276 changes to CANDIDATE, lastRpcTime:1081, electionTimeout:1081ms
2019-09-12 10:53:05,685 [Thread-551] INFO  impl.RoleInfo (RoleInfo.java:shutdownFollowerState(121)) - c17d4de2-caaf-4ec0-b997-c9cf8b2a9041: shutdown FollowerState
2019-09-12 10:53:05,685 [Thread-551] INFO  impl.RaftServerImpl (RaftServerImpl.java:setRole(171)) - c17d4de2-caaf-4ec0-b997-c9cf8b2a9041:group-7ED4B0555276 changes role from FOLLOWER to CANDIDATE at term 0 for changeToCandidate
2019-09-12 10:53:05,685 [Thread-551] INFO  impl.RoleInfo (RoleInfo.java:updateAndGet(143)) - c17d4de2-caaf-4ec0-b997-c9cf8b2a9041: start LeaderElection
2019-09-12 10:53:05,697 [c17d4de2-caaf-4ec0-b997-c9cf8b2a9041:group-7ED4B0555276:LeaderElection58] INFO  impl.LeaderElection (LeaderElection.java:askForVotes(181)) - c17d4de2-caaf-4ec0-b997-c9cf8b2a9041:group-7ED4B0555276:LeaderElection58: begin an election at term 1 for -1: [c17d4de2-caaf-4ec0-b997-c9cf8b2a9041:192.168.157.195:41944], old=null
2019-09-12 10:53:05,697 [c17d4de2-caaf-4ec0-b997-c9cf8b2a9041:group-7ED4B0555276:LeaderElection58] INFO  impl.RoleInfo (RoleInfo.java:shutdownLeaderElection(134)) - c17d4de2-caaf-4ec0-b997-c9cf8b2a9041: shutdown LeaderElection
2019-09-12 10:53:05,697 [c17d4de2-caaf-4ec0-b997-c9cf8b2a9041:group-7ED4B0555276:LeaderElection58] INFO  impl.RaftServerImpl (RaftServerImpl.java:setRole(171)) - c17d4de2-caaf-4ec0-b997-c9cf8b2a9041:group-7ED4B0555276 changes role from CANDIDATE to LEADER at term 1 for changeToLeader
2019-09-12 10:53:05,698 [c17d4de2-caaf-4ec0-b997-c9cf8b2a9041:group-7ED4B0555276:LeaderElection58] INFO  impl.RaftServerImpl (ServerState.java:setLeader(263)) - c17d4de2-caaf-4ec0-b997-c9cf8b2a9041:group-7ED4B0555276 change Leader from null to c17d4de2-caaf-4ec0-b997-c9cf8b2a9041 at term 1 for becomeLeader, leader elected after 1097ms
2019-09-12 10:53:05,698 [c17d4de2-caaf-4ec0-b997-c9cf8b2a9041:group-7ED4B0555276:LeaderElection58] INFO  server.RaftServerConfigKeys (ConfUtils.java:logGet(43)) - raft.server.staging.catchup.gap = 1000 (default)
2019-09-12 10:53:05,698 [c17d4de2-caaf-4ec0-b997-c9cf8b2a9041:group-7ED4B0555276:LeaderElection58] INFO  server.RaftServerConfigKeys (ConfUtils.java:logGet(43)) - raft.server.rpc.sleep.time = 25ms (default)
2019-09-12 10:53:05,698 [c17d4de2-caaf-4ec0-b997-c9cf8b2a9041:group-7ED4B0555276:LeaderElection58] INFO  server.RaftServerConfigKeys (ConfUtils.java:logGet(43)) - raft.server.write.element-limit = 4096 (default)
2019-09-12 10:53:05,698 [c17d4de2-caaf-4ec0-b997-c9cf8b2a9041:group-7ED4B0555276:LeaderElection58] INFO  server.RaftServerConfigKeys (ConfUtils.java:logGet(43)) - raft.server.watch.timeout = 10s (default)
2019-09-12 10:53:05,699 [c17d4de2-caaf-4ec0-b997-c9cf8b2a9041:group-7ED4B0555276:LeaderElection58] INFO  server.RaftServerConfigKeys (ConfUtils.java:logGet(43)) - raft.server.watch.timeout.denomination = 1s (default)
2019-09-12 10:53:05,699 [c17d4de2-caaf-4ec0-b997-c9cf8b2a9041:group-7ED4B0555276:LeaderElection58] INFO  server.RaftServerConfigKeys (ConfUtils.java:logGet(43)) - raft.server.watch.element-limit = 65536 (default)
2019-09-12 10:53:05,699 [c17d4de2-caaf-4ec0-b997-c9cf8b2a9041:group-7ED4B0555276:LeaderElection58] INFO  impl.RoleInfo (RoleInfo.java:updateAndGet(143)) - c17d4de2-caaf-4ec0-b997-c9cf8b2a9041: start LeaderState
2019-09-12 10:53:05,699 [c17d4de2-caaf-4ec0-b997-c9cf8b2a9041:group-7ED4B0555276:LeaderElection58] INFO  segmented.SegmentedRaftLogWorker (SegmentedRaftLogWorker.java:startLogSegment(380)) - c17d4de2-caaf-4ec0-b997-c9cf8b2a9041-SegmentedRaftLogWorker:Storage Directory /workdir/hadoop-ozone/integration-test/target/test-dir/MiniOzoneClusterImpl-838a7ec2-4afb-4d68-8138-46fa65bc7e11/datanode-8/data/ratis/40eed077-d66e-4049-8345-7ed4b0555276: Starting segment from index:0
2019-09-12 10:53:05,700 [c17d4de2-caaf-4ec0-b997-c9cf8b2a9041:group-7ED4B0555276:LeaderElection58] INFO  impl.RaftServerImpl (ServerState.java:setRaftConf(361)) - c17d4de2-caaf-4ec0-b997-c9cf8b2a9041:group-7ED4B0555276 set configuration 0: [c17d4de2-caaf-4ec0-b997-c9cf8b2a9041:192.168.157.195:41944], old=null at 0
2019-09-12 10:53:05,700 [Thread-545] INFO  impl.FollowerState (FollowerState.java:run(106)) - c17d4de2-caaf-4ec0-b997-c9cf8b2a9041:group-50A1C28FB449 changes to CANDIDATE, lastRpcTime:1180, electionTimeout:1180ms
2019-09-12 10:53:05,700 [Thread-545] INFO  impl.RoleInfo (RoleInfo.java:shutdownFollowerState(121)) - c17d4de2-caaf-4ec0-b997-c9cf8b2a9041: shutdown FollowerState
2019-09-12 10:53:05,700 [Thread-545] INFO  impl.RaftServerImpl (RaftServerImpl.java:setRole(171)) - c17d4de2-caaf-4ec0-b997-c9cf8b2a9041:group-50A1C28FB449 changes role from FOLLOWER to CANDIDATE at term 0 for changeToCandidate
2019-09-12 10:53:05,700 [Thread-545] INFO  impl.RoleInfo (RoleInfo.java:updateAndGet(143)) - c17d4de2-caaf-4ec0-b997-c9cf8b2a9041: start LeaderElection
2019-09-12 10:53:05,704 [c17d4de2-caaf-4ec0-b997-c9cf8b2a9041:group-50A1C28FB449:LeaderElection59] INFO  impl.LeaderElection (LeaderElection.java:askForVotes(181)) - c17d4de2-caaf-4ec0-b997-c9cf8b2a9041:group-50A1C28FB449:LeaderElection59: begin an election at term 1 for -1: [c17d4de2-caaf-4ec0-b997-c9cf8b2a9041:192.168.157.195:41944], old=null
2019-09-12 10:53:05,704 [c17d4de2-caaf-4ec0-b997-c9cf8b2a9041:group-50A1C28FB449:LeaderElection59] INFO  impl.RoleInfo (RoleInfo.java:shutdownLeaderElection(134)) - c17d4de2-caaf-4ec0-b997-c9cf8b2a9041: shutdown LeaderElection
2019-09-12 10:53:05,704 [c17d4de2-caaf-4ec0-b997-c9cf8b2a9041:group-50A1C28FB449:LeaderElection59] INFO  impl.RaftServerImpl (RaftServerImpl.java:setRole(171)) - c17d4de2-caaf-4ec0-b997-c9cf8b2a9041:group-50A1C28FB449 changes role from CANDIDATE to LEADER at term 1 for changeToLeader
2019-09-12 10:53:05,704 [c17d4de2-caaf-4ec0-b997-c9cf8b2a9041:group-50A1C28FB449:LeaderElection59] INFO  impl.RaftServerImpl (ServerState.java:setLeader(263)) - c17d4de2-caaf-4ec0-b997-c9cf8b2a9041:group-50A1C28FB449 change Leader from null to c17d4de2-caaf-4ec0-b997-c9cf8b2a9041 at term 1 for becomeLeader, leader elected after 1189ms
2019-09-12 10:53:05,704 [c17d4de2-caaf-4ec0-b997-c9cf8b2a9041:group-50A1C28FB449:LeaderElection59] INFO  server.RaftServerConfigKeys (ConfUtils.java:logGet(43)) - raft.server.staging.catchup.gap = 1000 (default)
2019-09-12 10:53:05,705 [c17d4de2-caaf-4ec0-b997-c9cf8b2a9041:group-50A1C28FB449:LeaderElection59] INFO  server.RaftServerConfigKeys (ConfUtils.java:logGet(43)) - raft.server.rpc.sleep.time = 25ms (default)
2019-09-12 10:53:05,705 [c17d4de2-caaf-4ec0-b997-c9cf8b2a9041:group-50A1C28FB449:LeaderElection59] INFO  server.RaftServerConfigKeys (ConfUtils.java:logGet(43)) - raft.server.write.element-limit = 4096 (default)
2019-09-12 10:53:05,705 [c17d4de2-caaf-4ec0-b997-c9cf8b2a9041:group-50A1C28FB449:LeaderElection59] INFO  server.RaftServerConfigKeys (ConfUtils.java:logGet(43)) - raft.server.watch.timeout = 10s (default)
2019-09-12 10:53:05,705 [c17d4de2-caaf-4ec0-b997-c9cf8b2a9041:group-50A1C28FB449:LeaderElection59] INFO  server.RaftServerConfigKeys (ConfUtils.java:logGet(43)) - raft.server.watch.timeout.denomination = 1s (default)
2019-09-12 10:53:05,706 [c17d4de2-caaf-4ec0-b997-c9cf8b2a9041:group-50A1C28FB449:LeaderElection59] INFO  server.RaftServerConfigKeys (ConfUtils.java:logGet(43)) - raft.server.watch.element-limit = 65536 (default)
2019-09-12 10:53:05,706 [c17d4de2-caaf-4ec0-b997-c9cf8b2a9041:group-50A1C28FB449:LeaderElection59] INFO  impl.RoleInfo (RoleInfo.java:updateAndGet(143)) - c17d4de2-caaf-4ec0-b997-c9cf8b2a9041: start LeaderState
2019-09-12 10:53:05,706 [c17d4de2-caaf-4ec0-b997-c9cf8b2a9041:group-50A1C28FB449:LeaderElection59] INFO  segmented.SegmentedRaftLogWorker (SegmentedRaftLogWorker.java:startLogSegment(380)) - c17d4de2-caaf-4ec0-b997-c9cf8b2a9041-SegmentedRaftLogWorker:Storage Directory /workdir/hadoop-ozone/integration-test/target/test-dir/MiniOzoneClusterImpl-838a7ec2-4afb-4d68-8138-46fa65bc7e11/datanode-8/data/ratis/181e34b9-daa4-4299-8742-50a1c28fb449: Starting segment from index:0
2019-09-12 10:53:05,707 [c17d4de2-caaf-4ec0-b997-c9cf8b2a9041:group-50A1C28FB449:LeaderElection59] INFO  impl.RaftServerImpl (ServerState.java:setRaftConf(361)) - c17d4de2-caaf-4ec0-b997-c9cf8b2a9041:group-50A1C28FB449 set configuration 0: [c17d4de2-caaf-4ec0-b997-c9cf8b2a9041:192.168.157.195:41944], old=null at 0
2019-09-12 10:53:05,711 [c17d4de2-caaf-4ec0-b997-c9cf8b2a9041-SegmentedRaftLogWorker:Storage Directory /workdir/hadoop-ozone/integration-test/target/test-dir/MiniOzoneClusterImpl-838a7ec2-4afb-4d68-8138-46fa65bc7e11/datanode-8/data/ratis/6a2fd8ec-259b-434e-bcc1-2509437ebb9e] INFO  segmented.SegmentedRaftLogWorker (SegmentedRaftLogWorker.java:execute(569)) - c17d4de2-caaf-4ec0-b997-c9cf8b2a9041-SegmentedRaftLogWorker:Storage Directory /workdir/hadoop-ozone/integration-test/target/test-dir/MiniOzoneClusterImpl-838a7ec2-4afb-4d68-8138-46fa65bc7e11/datanode-8/data/ratis/6a2fd8ec-259b-434e-bcc1-2509437ebb9e: created new log segment /workdir/hadoop-ozone/integration-test/target/test-dir/MiniOzoneClusterImpl-838a7ec2-4afb-4d68-8138-46fa65bc7e11/datanode-8/data/ratis/6a2fd8ec-259b-434e-bcc1-2509437ebb9e/current/log_inprogress_0
2019-09-12 10:53:05,734 [c17d4de2-caaf-4ec0-b997-c9cf8b2a9041-SegmentedRaftLogWorker:Storage Directory /workdir/hadoop-ozone/integration-test/target/test-dir/MiniOzoneClusterImpl-838a7ec2-4afb-4d68-8138-46fa65bc7e11/datanode-8/data/ratis/40eed077-d66e-4049-8345-7ed4b0555276] INFO  segmented.SegmentedRaftLogWorker (SegmentedRaftLogWorker.java:execute(569)) - c17d4de2-caaf-4ec0-b997-c9cf8b2a9041-SegmentedRaftLogWorker:Storage Directory /workdir/hadoop-ozone/integration-test/target/test-dir/MiniOzoneClusterImpl-838a7ec2-4afb-4d68-8138-46fa65bc7e11/datanode-8/data/ratis/40eed077-d66e-4049-8345-7ed4b0555276: created new log segment /workdir/hadoop-ozone/integration-test/target/test-dir/MiniOzoneClusterImpl-838a7ec2-4afb-4d68-8138-46fa65bc7e11/datanode-8/data/ratis/40eed077-d66e-4049-8345-7ed4b0555276/current/log_inprogress_0
2019-09-12 10:53:05,747 [c17d4de2-caaf-4ec0-b997-c9cf8b2a9041-SegmentedRaftLogWorker:Storage Directory /workdir/hadoop-ozone/integration-test/target/test-dir/MiniOzoneClusterImpl-838a7ec2-4afb-4d68-8138-46fa65bc7e11/datanode-8/data/ratis/181e34b9-daa4-4299-8742-50a1c28fb449] INFO  segmented.SegmentedRaftLogWorker (SegmentedRaftLogWorker.java:execute(569)) - c17d4de2-caaf-4ec0-b997-c9cf8b2a9041-SegmentedRaftLogWorker:Storage Directory /workdir/hadoop-ozone/integration-test/target/test-dir/MiniOzoneClusterImpl-838a7ec2-4afb-4d68-8138-46fa65bc7e11/datanode-8/data/ratis/181e34b9-daa4-4299-8742-50a1c28fb449: created new log segment /workdir/hadoop-ozone/integration-test/target/test-dir/MiniOzoneClusterImpl-838a7ec2-4afb-4d68-8138-46fa65bc7e11/datanode-8/data/ratis/181e34b9-daa4-4299-8742-50a1c28fb449/current/log_inprogress_0
2019-09-12 10:53:05,838 [Thread-557] INFO  impl.FollowerState (FollowerState.java:run(106)) - 02d2c735-5a91-4cfc-b37b-8234c14e6879:group-288EFAB3C6CA changes to CANDIDATE, lastRpcTime:1164, electionTimeout:1164ms
2019-09-12 10:53:05,838 [Thread-557] INFO  impl.RoleInfo (RoleInfo.java:shutdownFollowerState(121)) - 02d2c735-5a91-4cfc-b37b-8234c14e6879: shutdown FollowerState
2019-09-12 10:53:05,838 [Thread-557] INFO  impl.RaftServerImpl (RaftServerImpl.java:setRole(171)) - 02d2c735-5a91-4cfc-b37b-8234c14e6879:group-288EFAB3C6CA changes role from FOLLOWER to CANDIDATE at term 0 for changeToCandidate
2019-09-12 10:53:05,838 [Thread-557] INFO  impl.RoleInfo (RoleInfo.java:updateAndGet(143)) - 02d2c735-5a91-4cfc-b37b-8234c14e6879: start LeaderElection
2019-09-12 10:53:05,851 [02d2c735-5a91-4cfc-b37b-8234c14e6879:group-288EFAB3C6CA:LeaderElection60] INFO  impl.LeaderElection (LeaderElection.java:askForVotes(181)) - 02d2c735-5a91-4cfc-b37b-8234c14e6879:group-288EFAB3C6CA:LeaderElection60: begin an election at term 1 for -1: [02d2c735-5a91-4cfc-b37b-8234c14e6879:192.168.157.195:36291], old=null
2019-09-12 10:53:05,851 [02d2c735-5a91-4cfc-b37b-8234c14e6879:group-288EFAB3C6CA:LeaderElection60] INFO  impl.RoleInfo (RoleInfo.java:shutdownLeaderElection(134)) - 02d2c735-5a91-4cfc-b37b-8234c14e6879: shutdown LeaderElection
2019-09-12 10:53:05,852 [02d2c735-5a91-4cfc-b37b-8234c14e6879:group-288EFAB3C6CA:LeaderElection60] INFO  impl.RaftServerImpl (RaftServerImpl.java:setRole(171)) - 02d2c735-5a91-4cfc-b37b-8234c14e6879:group-288EFAB3C6CA changes role from CANDIDATE to LEADER at term 1 for changeToLeader
2019-09-12 10:53:05,852 [02d2c735-5a91-4cfc-b37b-8234c14e6879:group-288EFAB3C6CA:LeaderElection60] INFO  impl.RaftServerImpl (ServerState.java:setLeader(263)) - 02d2c735-5a91-4cfc-b37b-8234c14e6879:group-288EFAB3C6CA change Leader from null to 02d2c735-5a91-4cfc-b37b-8234c14e6879 at term 1 for becomeLeader, leader elected after 1184ms
2019-09-12 10:53:05,852 [02d2c735-5a91-4cfc-b37b-8234c14e6879:group-288EFAB3C6CA:LeaderElection60] INFO  server.RaftServerConfigKeys (ConfUtils.java:logGet(43)) - raft.server.staging.catchup.gap = 1000 (default)
2019-09-12 10:53:05,852 [02d2c735-5a91-4cfc-b37b-8234c14e6879:group-288EFAB3C6CA:LeaderElection60] INFO  server.RaftServerConfigKeys (ConfUtils.java:logGet(43)) - raft.server.rpc.sleep.time = 25ms (default)
2019-09-12 10:53:05,853 [02d2c735-5a91-4cfc-b37b-8234c14e6879:group-288EFAB3C6CA:LeaderElection60] INFO  server.RaftServerConfigKeys (ConfUtils.java:logGet(43)) - raft.server.write.element-limit = 4096 (default)
2019-09-12 10:53:05,853 [02d2c735-5a91-4cfc-b37b-8234c14e6879:group-288EFAB3C6CA:LeaderElection60] INFO  server.RaftServerConfigKeys (ConfUtils.java:logGet(43)) - raft.server.watch.timeout = 10s (default)
2019-09-12 10:53:05,853 [02d2c735-5a91-4cfc-b37b-8234c14e6879:group-288EFAB3C6CA:LeaderElection60] INFO  server.RaftServerConfigKeys (ConfUtils.java:logGet(43)) - raft.server.watch.timeout.denomination = 1s (default)
2019-09-12 10:53:05,853 [02d2c735-5a91-4cfc-b37b-8234c14e6879:group-288EFAB3C6CA:LeaderElection60] INFO  server.RaftServerConfigKeys (ConfUtils.java:logGet(43)) - raft.server.watch.element-limit = 65536 (default)
2019-09-12 10:53:05,854 [02d2c735-5a91-4cfc-b37b-8234c14e6879:group-288EFAB3C6CA:LeaderElection60] INFO  impl.RoleInfo (RoleInfo.java:updateAndGet(143)) - 02d2c735-5a91-4cfc-b37b-8234c14e6879: start LeaderState
2019-09-12 10:53:05,854 [02d2c735-5a91-4cfc-b37b-8234c14e6879:group-288EFAB3C6CA:LeaderElection60] INFO  segmented.SegmentedRaftLogWorker (SegmentedRaftLogWorker.java:startLogSegment(380)) - 02d2c735-5a91-4cfc-b37b-8234c14e6879-SegmentedRaftLogWorker:Storage Directory /workdir/hadoop-ozone/integration-test/target/test-dir/MiniOzoneClusterImpl-838a7ec2-4afb-4d68-8138-46fa65bc7e11/datanode-9/data/ratis/7f823a2e-4b87-466c-a18c-288efab3c6ca: Starting segment from index:0
2019-09-12 10:53:05,854 [02d2c735-5a91-4cfc-b37b-8234c14e6879:group-288EFAB3C6CA:LeaderElection60] INFO  impl.RaftServerImpl (ServerState.java:setRaftConf(361)) - 02d2c735-5a91-4cfc-b37b-8234c14e6879:group-288EFAB3C6CA set configuration 0: [02d2c735-5a91-4cfc-b37b-8234c14e6879:192.168.157.195:36291], old=null at 0
2019-09-12 10:53:05,893 [02d2c735-5a91-4cfc-b37b-8234c14e6879-SegmentedRaftLogWorker:Storage Directory /workdir/hadoop-ozone/integration-test/target/test-dir/MiniOzoneClusterImpl-838a7ec2-4afb-4d68-8138-46fa65bc7e11/datanode-9/data/ratis/7f823a2e-4b87-466c-a18c-288efab3c6ca] INFO  segmented.SegmentedRaftLogWorker (SegmentedRaftLogWorker.java:execute(569)) - 02d2c735-5a91-4cfc-b37b-8234c14e6879-SegmentedRaftLogWorker:Storage Directory /workdir/hadoop-ozone/integration-test/target/test-dir/MiniOzoneClusterImpl-838a7ec2-4afb-4d68-8138-46fa65bc7e11/datanode-9/data/ratis/7f823a2e-4b87-466c-a18c-288efab3c6ca: created new log segment /workdir/hadoop-ozone/integration-test/target/test-dir/MiniOzoneClusterImpl-838a7ec2-4afb-4d68-8138-46fa65bc7e11/datanode-9/data/ratis/7f823a2e-4b87-466c-a18c-288efab3c6ca/current/log_inprogress_0
2019-09-12 10:53:05,923 | INFO  | SCMAudit | user=jenkins1000 | ip=192.168.157.195 | op=SEND_HEARTBEAT {datanodeUUID=35ed61f3-e470-497f-b63f-7decb4cef9e0, command=[]} | ret=SUCCESS |  
2019-09-12 10:53:06,120 | INFO  | SCMAudit | user=jenkins1000 | ip=192.168.157.195 | op=SEND_HEARTBEAT {datanodeUUID=e4f93bd3-fff9-4926-9bf8-61056d59521f, command=[]} | ret=SUCCESS |  
2019-09-12 10:53:06,123 | INFO  | SCMAudit | user=jenkins1000 | ip=192.168.157.195 | op=SEND_HEARTBEAT {datanodeUUID=da20f580-5b10-4303-a8d6-74672b88192d, command=[]} | ret=SUCCESS |  
2019-09-12 10:53:06,123 | INFO  | SCMAudit | user=jenkins1000 | ip=192.168.157.195 | op=SEND_HEARTBEAT {datanodeUUID=c17d4de2-caaf-4ec0-b997-c9cf8b2a9041, command=[]} | ret=SUCCESS |  
2019-09-12 10:53:06,197 | INFO  | SCMAudit | user=jenkins1000 | ip=192.168.157.195 | op=SEND_HEARTBEAT {datanodeUUID=8d69d0c9-c816-414c-ba1a-8b3ab85fb900, command=[]} | ret=SUCCESS |  
2019-09-12 10:53:06,335 | INFO  | SCMAudit | user=jenkins1000 | ip=192.168.157.195 | op=SEND_HEARTBEAT {datanodeUUID=02d2c735-5a91-4cfc-b37b-8234c14e6879, command=[]} | ret=SUCCESS |  
2019-09-12 10:53:06,452 | INFO  | SCMAudit | user=jenkins1000 | ip=192.168.157.195 | op=SEND_HEARTBEAT {datanodeUUID=9dc3d9e1-35df-4da5-a2c1-5b39dd910295, command=[]} | ret=SUCCESS |  
2019-09-12 10:53:06,684 | INFO  | SCMAudit | user=jenkins1000 | ip=192.168.157.195 | op=SEND_HEARTBEAT {datanodeUUID=005a1424-1186-4d58-b0b5-fdf3e953d666, command=[]} | ret=SUCCESS |  
2019-09-12 10:53:06,922 | INFO  | SCMAudit | user=jenkins1000 | ip=192.168.157.195 | op=SEND_HEARTBEAT {datanodeUUID=35ed61f3-e470-497f-b63f-7decb4cef9e0, command=[]} | ret=SUCCESS |  
2019-09-12 10:53:07,120 | INFO  | SCMAudit | user=jenkins1000 | ip=192.168.157.195 | op=SEND_HEARTBEAT {datanodeUUID=e4f93bd3-fff9-4926-9bf8-61056d59521f, command=[]} | ret=SUCCESS |  
2019-09-12 10:53:07,123 | INFO  | SCMAudit | user=jenkins1000 | ip=192.168.157.195 | op=SEND_HEARTBEAT {datanodeUUID=da20f580-5b10-4303-a8d6-74672b88192d, command=[]} | ret=SUCCESS |  
2019-09-12 10:53:07,123 | INFO  | SCMAudit | user=jenkins1000 | ip=192.168.157.195 | op=SEND_HEARTBEAT {datanodeUUID=c17d4de2-caaf-4ec0-b997-c9cf8b2a9041, command=[]} | ret=SUCCESS |  
2019-09-12 10:53:07,198 | INFO  | SCMAudit | user=jenkins1000 | ip=192.168.157.195 | op=SEND_HEARTBEAT {datanodeUUID=8d69d0c9-c816-414c-ba1a-8b3ab85fb900, command=[]} | ret=SUCCESS |  
2019-09-12 10:53:07,335 | INFO  | SCMAudit | user=jenkins1000 | ip=192.168.157.195 | op=SEND_HEARTBEAT {datanodeUUID=02d2c735-5a91-4cfc-b37b-8234c14e6879, command=[]} | ret=SUCCESS |  
2019-09-12 10:53:07,452 | INFO  | SCMAudit | user=jenkins1000 | ip=192.168.157.195 | op=SEND_HEARTBEAT {datanodeUUID=9dc3d9e1-35df-4da5-a2c1-5b39dd910295, command=[]} | ret=SUCCESS |  
2019-09-12 10:53:07,684 | INFO  | SCMAudit | user=jenkins1000 | ip=192.168.157.195 | op=SEND_HEARTBEAT {datanodeUUID=005a1424-1186-4d58-b0b5-fdf3e953d666, command=[]} | ret=SUCCESS |  
2019-09-12 10:53:07,923 | INFO  | SCMAudit | user=jenkins1000 | ip=192.168.157.195 | op=SEND_HEARTBEAT {datanodeUUID=35ed61f3-e470-497f-b63f-7decb4cef9e0, command=[]} | ret=SUCCESS |  
2019-09-12 10:53:08,120 | INFO  | SCMAudit | user=jenkins1000 | ip=192.168.157.195 | op=SEND_HEARTBEAT {datanodeUUID=e4f93bd3-fff9-4926-9bf8-61056d59521f, command=[]} | ret=SUCCESS |  
2019-09-12 10:53:08,124 | INFO  | SCMAudit | user=jenkins1000 | ip=192.168.157.195 | op=SEND_HEARTBEAT {datanodeUUID=da20f580-5b10-4303-a8d6-74672b88192d, command=[]} | ret=SUCCESS |  
2019-09-12 10:53:08,124 | INFO  | SCMAudit | user=jenkins1000 | ip=192.168.157.195 | op=SEND_HEARTBEAT {datanodeUUID=c17d4de2-caaf-4ec0-b997-c9cf8b2a9041, command=[]} | ret=SUCCESS |  
2019-09-12 10:53:08,198 | INFO  | SCMAudit | user=jenkins1000 | ip=192.168.157.195 | op=SEND_HEARTBEAT {datanodeUUID=8d69d0c9-c816-414c-ba1a-8b3ab85fb900, command=[]} | ret=SUCCESS |  
2019-09-12 10:53:08,335 | INFO  | SCMAudit | user=jenkins1000 | ip=192.168.157.195 | op=SEND_HEARTBEAT {datanodeUUID=02d2c735-5a91-4cfc-b37b-8234c14e6879, command=[]} | ret=SUCCESS |  
2019-09-12 10:53:08,452 | INFO  | SCMAudit | user=jenkins1000 | ip=192.168.157.195 | op=SEND_HEARTBEAT {datanodeUUID=9dc3d9e1-35df-4da5-a2c1-5b39dd910295, command=[]} | ret=SUCCESS |  
2019-09-12 10:53:08,684 | INFO  | SCMAudit | user=jenkins1000 | ip=192.168.157.195 | op=SEND_HEARTBEAT {datanodeUUID=005a1424-1186-4d58-b0b5-fdf3e953d666, command=[]} | ret=SUCCESS |  
2019-09-12 10:53:08,923 | INFO  | SCMAudit | user=jenkins1000 | ip=192.168.157.195 | op=SEND_HEARTBEAT {datanodeUUID=35ed61f3-e470-497f-b63f-7decb4cef9e0, command=[]} | ret=SUCCESS |  
2019-09-12 10:53:09,121 | INFO  | SCMAudit | user=jenkins1000 | ip=192.168.157.195 | op=SEND_HEARTBEAT {datanodeUUID=e4f93bd3-fff9-4926-9bf8-61056d59521f, command=[]} | ret=SUCCESS |  
2019-09-12 10:53:09,124 | INFO  | SCMAudit | user=jenkins1000 | ip=192.168.157.195 | op=SEND_HEARTBEAT {datanodeUUID=c17d4de2-caaf-4ec0-b997-c9cf8b2a9041, command=[]} | ret=SUCCESS |  
2019-09-12 10:53:09,125 | INFO  | SCMAudit | user=jenkins1000 | ip=192.168.157.195 | op=SEND_HEARTBEAT {datanodeUUID=da20f580-5b10-4303-a8d6-74672b88192d, command=[]} | ret=SUCCESS |  
2019-09-12 10:53:09,198 | INFO  | SCMAudit | user=jenkins1000 | ip=192.168.157.195 | op=SEND_HEARTBEAT {datanodeUUID=8d69d0c9-c816-414c-ba1a-8b3ab85fb900, command=[]} | ret=SUCCESS |  
2019-09-12 10:53:09,335 | INFO  | SCMAudit | user=jenkins1000 | ip=192.168.157.195 | op=SEND_HEARTBEAT {datanodeUUID=02d2c735-5a91-4cfc-b37b-8234c14e6879, command=[]} | ret=SUCCESS |  
2019-09-12 10:53:09,452 | INFO  | SCMAudit | user=jenkins1000 | ip=192.168.157.195 | op=SEND_HEARTBEAT {datanodeUUID=9dc3d9e1-35df-4da5-a2c1-5b39dd910295, command=[]} | ret=SUCCESS |  
2019-09-12 10:53:09,684 | INFO  | SCMAudit | user=jenkins1000 | ip=192.168.157.195 | op=SEND_HEARTBEAT {datanodeUUID=005a1424-1186-4d58-b0b5-fdf3e953d666, command=[]} | ret=SUCCESS |  
2019-09-12 10:53:09,977 [ForkJoinPool.commonPool-worker-1] INFO  ozoneimpl.OzoneContainer (OzoneContainer.java:stop(199)) - Attempting to stop container services.
2019-09-12 10:53:09,977 [main] INFO  ozoneimpl.OzoneContainer (OzoneContainer.java:stop(199)) - Attempting to stop container services.
2019-09-12 10:53:09,977 | INFO  | SCMAudit | user=jenkins1000 | ip=192.168.157.195 | op=SEND_HEARTBEAT {datanodeUUID=35ed61f3-e470-497f-b63f-7decb4cef9e0, command=[]} | ret=SUCCESS |  
2019-09-12 10:53:09,977 [ForkJoinPool.commonPool-worker-1] INFO  impl.RaftServerProxy (RaftServerProxy.java:lambda$close$4(314)) - 250b6484-39fc-4c26-8a98-91f8d9b3befa: close
2019-09-12 10:53:09,978 [main] INFO  impl.RaftServerProxy (RaftServerProxy.java:lambda$close$4(314)) - 3aa8f21e-cbc0-493e-b8ca-fbb3b21697d5: close
2019-09-12 10:53:09,979 [ForkJoinPool.commonPool-worker-1] INFO  impl.RaftServerImpl (RaftServerImpl.java:lambda$shutdown$3(245)) - 250b6484-39fc-4c26-8a98-91f8d9b3befa: shutdown group-12BB3AFF3F90
2019-09-12 10:53:09,979 [main] INFO  impl.RaftServerImpl (RaftServerImpl.java:lambda$shutdown$3(245)) - 3aa8f21e-cbc0-493e-b8ca-fbb3b21697d5: shutdown group-F57BFE1248A2
2019-09-12 10:53:09,979 [ForkJoinPool.commonPool-worker-1] INFO  util.JmxRegister (JmxRegister.java:unregister(73)) - Successfully un-registered JMX Bean with object name Ratis:service=RaftServer,group=group-12BB3AFF3F90,id=250b6484-39fc-4c26-8a98-91f8d9b3befa
2019-09-12 10:53:09,979 [main] INFO  util.JmxRegister (JmxRegister.java:unregister(73)) - Successfully un-registered JMX Bean with object name Ratis:service=RaftServer,group=group-F57BFE1248A2,id=3aa8f21e-cbc0-493e-b8ca-fbb3b21697d5
2019-09-12 10:53:09,980 [ForkJoinPool.commonPool-worker-1] INFO  impl.RoleInfo (RoleInfo.java:shutdownLeaderState(104)) - 250b6484-39fc-4c26-8a98-91f8d9b3befa: shutdown LeaderState
2019-09-12 10:53:09,980 [main] INFO  impl.RoleInfo (RoleInfo.java:shutdownLeaderState(104)) - 3aa8f21e-cbc0-493e-b8ca-fbb3b21697d5: shutdown LeaderState
2019-09-12 10:53:09,981 [ForkJoinPool.commonPool-worker-1] INFO  impl.PendingRequests (PendingRequests.java:sendNotLeaderResponses(202)) - 250b6484-39fc-4c26-8a98-91f8d9b3befa-PendingRequests: sendNotLeaderResponses
2019-09-12 10:53:09,981 [main] INFO  impl.PendingRequests (PendingRequests.java:sendNotLeaderResponses(202)) - 3aa8f21e-cbc0-493e-b8ca-fbb3b21697d5-PendingRequests: sendNotLeaderResponses
2019-09-12 10:53:09,986 [main] INFO  impl.StateMachineUpdater (StateMachineUpdater.java:stopAndJoin(115)) - StateMachineUpdater:3aa8f21e-cbc0-493e-b8ca-fbb3b21697d5:group-F57BFE1248A2: set stopIndex = 0
2019-09-12 10:53:09,986 [ForkJoinPool.commonPool-worker-1] INFO  impl.StateMachineUpdater (StateMachineUpdater.java:stopAndJoin(115)) - StateMachineUpdater:250b6484-39fc-4c26-8a98-91f8d9b3befa:group-12BB3AFF3F90: set stopIndex = 0
2019-09-12 10:53:09,988 [main] INFO  impl.RaftServerImpl (ServerState.java:close(394)) - 3aa8f21e-cbc0-493e-b8ca-fbb3b21697d5:group-F57BFE1248A2 closes. The last applied log index is 0
2019-09-12 10:53:09,988 [ForkJoinPool.commonPool-worker-1] INFO  impl.RaftServerImpl (ServerState.java:close(394)) - 250b6484-39fc-4c26-8a98-91f8d9b3befa:group-12BB3AFF3F90 closes. The last applied log index is 0
2019-09-12 10:53:09,990 [250b6484-39fc-4c26-8a98-91f8d9b3befa-SegmentedRaftLogWorker:Storage Directory /workdir/hadoop-ozone/integration-test/target/test-dir/MiniOzoneClusterImpl-838a7ec2-4afb-4d68-8138-46fa65bc7e11/datanode-2/data/ratis/d9b8b5c1-1d43-401e-a077-12bb3aff3f90] INFO  segmented.SegmentedRaftLogWorker (SegmentedRaftLogWorker.java:run(313)) - 250b6484-39fc-4c26-8a98-91f8d9b3befa-SegmentedRaftLogWorker:Storage Directory /workdir/hadoop-ozone/integration-test/target/test-dir/MiniOzoneClusterImpl-838a7ec2-4afb-4d68-8138-46fa65bc7e11/datanode-2/data/ratis/d9b8b5c1-1d43-401e-a077-12bb3aff3f90 was interrupted, exiting. There are 0 tasks remaining in the queue.
2019-09-12 10:53:09,990 [3aa8f21e-cbc0-493e-b8ca-fbb3b21697d5-SegmentedRaftLogWorker:Storage Directory /workdir/hadoop-ozone/integration-test/target/test-dir/MiniOzoneClusterImpl-838a7ec2-4afb-4d68-8138-46fa65bc7e11/datanode-5/data/ratis/bbc420fb-991e-4c0c-9ed2-f57bfe1248a2] INFO  segmented.SegmentedRaftLogWorker (SegmentedRaftLogWorker.java:run(313)) - 3aa8f21e-cbc0-493e-b8ca-fbb3b21697d5-SegmentedRaftLogWorker:Storage Directory /workdir/hadoop-ozone/integration-test/target/test-dir/MiniOzoneClusterImpl-838a7ec2-4afb-4d68-8138-46fa65bc7e11/datanode-5/data/ratis/bbc420fb-991e-4c0c-9ed2-f57bfe1248a2 was interrupted, exiting. There are 0 tasks remaining in the queue.
2019-09-12 10:53:09,994 [main] INFO  segmented.SegmentedRaftLogWorker (SegmentedRaftLogWorker.java:close(228)) - 3aa8f21e-cbc0-493e-b8ca-fbb3b21697d5-SegmentedRaftLogWorker:Storage Directory /workdir/hadoop-ozone/integration-test/target/test-dir/MiniOzoneClusterImpl-838a7ec2-4afb-4d68-8138-46fa65bc7e11/datanode-5/data/ratis/bbc420fb-991e-4c0c-9ed2-f57bfe1248a2 close()
2019-09-12 10:53:09,994 [ForkJoinPool.commonPool-worker-1] INFO  segmented.SegmentedRaftLogWorker (SegmentedRaftLogWorker.java:close(228)) - 250b6484-39fc-4c26-8a98-91f8d9b3befa-SegmentedRaftLogWorker:Storage Directory /workdir/hadoop-ozone/integration-test/target/test-dir/MiniOzoneClusterImpl-838a7ec2-4afb-4d68-8138-46fa65bc7e11/datanode-2/data/ratis/d9b8b5c1-1d43-401e-a077-12bb3aff3f90 close()
2019-09-12 10:53:09,998 [main] INFO  impl.RaftServerImpl (RaftServerImpl.java:lambda$shutdown$3(245)) - 3aa8f21e-cbc0-493e-b8ca-fbb3b21697d5: shutdown group-E025F30FECE6
2019-09-12 10:53:10,002 [ForkJoinPool.commonPool-worker-1] INFO  impl.RaftServerImpl (RaftServerImpl.java:lambda$shutdown$3(245)) - 250b6484-39fc-4c26-8a98-91f8d9b3befa: shutdown group-AB716CCE50A1
2019-09-12 10:53:10,002 [main] INFO  util.JmxRegister (JmxRegister.java:unregister(73)) - Successfully un-registered JMX Bean with object name Ratis:service=RaftServer,group=group-E025F30FECE6,id=3aa8f21e-cbc0-493e-b8ca-fbb3b21697d5
2019-09-12 10:53:10,002 [ForkJoinPool.commonPool-worker-1] INFO  util.JmxRegister (JmxRegister.java:unregister(73)) - Successfully un-registered JMX Bean with object name Ratis:service=RaftServer,group=group-AB716CCE50A1,id=250b6484-39fc-4c26-8a98-91f8d9b3befa
2019-09-12 10:53:10,003 [main] INFO  impl.RoleInfo (RoleInfo.java:shutdownLeaderState(104)) - 3aa8f21e-cbc0-493e-b8ca-fbb3b21697d5: shutdown LeaderState
2019-09-12 10:53:10,003 [ForkJoinPool.commonPool-worker-1] INFO  impl.RoleInfo (RoleInfo.java:shutdownLeaderState(104)) - 250b6484-39fc-4c26-8a98-91f8d9b3befa: shutdown LeaderState
2019-09-12 10:53:10,003 [main] INFO  impl.PendingRequests (PendingRequests.java:sendNotLeaderResponses(202)) - 3aa8f21e-cbc0-493e-b8ca-fbb3b21697d5-PendingRequests: sendNotLeaderResponses
2019-09-12 10:53:10,004 [ForkJoinPool.commonPool-worker-1] INFO  impl.PendingRequests (PendingRequests.java:sendNotLeaderResponses(202)) - 250b6484-39fc-4c26-8a98-91f8d9b3befa-PendingRequests: sendNotLeaderResponses
2019-09-12 10:53:10,004 [main] INFO  impl.StateMachineUpdater (StateMachineUpdater.java:stopAndJoin(115)) - StateMachineUpdater:3aa8f21e-cbc0-493e-b8ca-fbb3b21697d5:group-E025F30FECE6: set stopIndex = 0
2019-09-12 10:53:10,004 [ForkJoinPool.commonPool-worker-1] INFO  impl.StateMachineUpdater (StateMachineUpdater.java:stopAndJoin(115)) - StateMachineUpdater:250b6484-39fc-4c26-8a98-91f8d9b3befa:group-AB716CCE50A1: set stopIndex = 0
2019-09-12 10:53:10,004 [main] INFO  impl.RaftServerImpl (ServerState.java:close(394)) - 3aa8f21e-cbc0-493e-b8ca-fbb3b21697d5:group-E025F30FECE6 closes. The last applied log index is 0
2019-09-12 10:53:10,005 [ForkJoinPool.commonPool-worker-1] INFO  impl.RaftServerImpl (ServerState.java:close(394)) - 250b6484-39fc-4c26-8a98-91f8d9b3befa:group-AB716CCE50A1 closes. The last applied log index is 0
2019-09-12 10:53:10,005 [3aa8f21e-cbc0-493e-b8ca-fbb3b21697d5-SegmentedRaftLogWorker:Storage Directory /workdir/hadoop-ozone/integration-test/target/test-dir/MiniOzoneClusterImpl-838a7ec2-4afb-4d68-8138-46fa65bc7e11/datanode-5/data/ratis/3a1f267f-a173-4bf7-9cbd-e025f30fece6] INFO  segmented.SegmentedRaftLogWorker (SegmentedRaftLogWorker.java:run(313)) - 3aa8f21e-cbc0-493e-b8ca-fbb3b21697d5-SegmentedRaftLogWorker:Storage Directory /workdir/hadoop-ozone/integration-test/target/test-dir/MiniOzoneClusterImpl-838a7ec2-4afb-4d68-8138-46fa65bc7e11/datanode-5/data/ratis/3a1f267f-a173-4bf7-9cbd-e025f30fece6 was interrupted, exiting. There are 0 tasks remaining in the queue.
2019-09-12 10:53:10,005 [250b6484-39fc-4c26-8a98-91f8d9b3befa-SegmentedRaftLogWorker:Storage Directory /workdir/hadoop-ozone/integration-test/target/test-dir/MiniOzoneClusterImpl-838a7ec2-4afb-4d68-8138-46fa65bc7e11/datanode-2/data/ratis/0397ca89-11fe-4ed9-8f30-ab716cce50a1] INFO  segmented.SegmentedRaftLogWorker (SegmentedRaftLogWorker.java:run(313)) - 250b6484-39fc-4c26-8a98-91f8d9b3befa-SegmentedRaftLogWorker:Storage Directory /workdir/hadoop-ozone/integration-test/target/test-dir/MiniOzoneClusterImpl-838a7ec2-4afb-4d68-8138-46fa65bc7e11/datanode-2/data/ratis/0397ca89-11fe-4ed9-8f30-ab716cce50a1 was interrupted, exiting. There are 0 tasks remaining in the queue.
2019-09-12 10:53:10,016 [main] INFO  segmented.SegmentedRaftLogWorker (SegmentedRaftLogWorker.java:close(228)) - 3aa8f21e-cbc0-493e-b8ca-fbb3b21697d5-SegmentedRaftLogWorker:Storage Directory /workdir/hadoop-ozone/integration-test/target/test-dir/MiniOzoneClusterImpl-838a7ec2-4afb-4d68-8138-46fa65bc7e11/datanode-5/data/ratis/3a1f267f-a173-4bf7-9cbd-e025f30fece6 close()
2019-09-12 10:53:10,019 [ForkJoinPool.commonPool-worker-1] INFO  segmented.SegmentedRaftLogWorker (SegmentedRaftLogWorker.java:close(228)) - 250b6484-39fc-4c26-8a98-91f8d9b3befa-SegmentedRaftLogWorker:Storage Directory /workdir/hadoop-ozone/integration-test/target/test-dir/MiniOzoneClusterImpl-838a7ec2-4afb-4d68-8138-46fa65bc7e11/datanode-2/data/ratis/0397ca89-11fe-4ed9-8f30-ab716cce50a1 close()
2019-09-12 10:53:10,026 [main] INFO  impl.RaftServerImpl (RaftServerImpl.java:lambda$shutdown$3(245)) - 3aa8f21e-cbc0-493e-b8ca-fbb3b21697d5: shutdown group-1B70AA8355DA
2019-09-12 10:53:10,026 [ForkJoinPool.commonPool-worker-1] INFO  impl.RaftServerImpl (RaftServerImpl.java:lambda$shutdown$3(245)) - 250b6484-39fc-4c26-8a98-91f8d9b3befa: shutdown group-EDD7D578CFF2
2019-09-12 10:53:10,027 [main] INFO  util.JmxRegister (JmxRegister.java:unregister(73)) - Successfully un-registered JMX Bean with object name Ratis:service=RaftServer,group=group-1B70AA8355DA,id=3aa8f21e-cbc0-493e-b8ca-fbb3b21697d5
2019-09-12 10:53:10,027 [ForkJoinPool.commonPool-worker-1] INFO  util.JmxRegister (JmxRegister.java:unregister(73)) - Successfully un-registered JMX Bean with object name Ratis:service=RaftServer,group=group-EDD7D578CFF2,id=250b6484-39fc-4c26-8a98-91f8d9b3befa
2019-09-12 10:53:10,027 [main] INFO  impl.RoleInfo (RoleInfo.java:shutdownLeaderState(104)) - 3aa8f21e-cbc0-493e-b8ca-fbb3b21697d5: shutdown LeaderState
2019-09-12 10:53:10,028 [ForkJoinPool.commonPool-worker-1] INFO  impl.RoleInfo (RoleInfo.java:shutdownLeaderState(104)) - 250b6484-39fc-4c26-8a98-91f8d9b3befa: shutdown LeaderState
2019-09-12 10:53:10,028 [main] INFO  impl.PendingRequests (PendingRequests.java:sendNotLeaderResponses(202)) - 3aa8f21e-cbc0-493e-b8ca-fbb3b21697d5-PendingRequests: sendNotLeaderResponses
2019-09-12 10:53:10,028 [ForkJoinPool.commonPool-worker-1] INFO  impl.PendingRequests (PendingRequests.java:sendNotLeaderResponses(202)) - 250b6484-39fc-4c26-8a98-91f8d9b3befa-PendingRequests: sendNotLeaderResponses
2019-09-12 10:53:10,029 [main] INFO  impl.StateMachineUpdater (StateMachineUpdater.java:stopAndJoin(115)) - StateMachineUpdater:3aa8f21e-cbc0-493e-b8ca-fbb3b21697d5:group-1B70AA8355DA: set stopIndex = 0
2019-09-12 10:53:10,029 [ForkJoinPool.commonPool-worker-1] INFO  impl.StateMachineUpdater (StateMachineUpdater.java:stopAndJoin(115)) - StateMachineUpdater:250b6484-39fc-4c26-8a98-91f8d9b3befa:group-EDD7D578CFF2: set stopIndex = 0
2019-09-12 10:53:10,029 [main] INFO  impl.RaftServerImpl (ServerState.java:close(394)) - 3aa8f21e-cbc0-493e-b8ca-fbb3b21697d5:group-1B70AA8355DA closes. The last applied log index is 0
2019-09-12 10:53:10,030 [ForkJoinPool.commonPool-worker-1] INFO  impl.RaftServerImpl (ServerState.java:close(394)) - 250b6484-39fc-4c26-8a98-91f8d9b3befa:group-EDD7D578CFF2 closes. The last applied log index is 0
2019-09-12 10:53:10,030 [3aa8f21e-cbc0-493e-b8ca-fbb3b21697d5-SegmentedRaftLogWorker:Storage Directory /workdir/hadoop-ozone/integration-test/target/test-dir/MiniOzoneClusterImpl-838a7ec2-4afb-4d68-8138-46fa65bc7e11/datanode-5/data/ratis/60145ef4-8100-4150-9701-1b70aa8355da] INFO  segmented.SegmentedRaftLogWorker (SegmentedRaftLogWorker.java:run(313)) - 3aa8f21e-cbc0-493e-b8ca-fbb3b21697d5-SegmentedRaftLogWorker:Storage Directory /workdir/hadoop-ozone/integration-test/target/test-dir/MiniOzoneClusterImpl-838a7ec2-4afb-4d68-8138-46fa65bc7e11/datanode-5/data/ratis/60145ef4-8100-4150-9701-1b70aa8355da was interrupted, exiting. There are 0 tasks remaining in the queue.
2019-09-12 10:53:10,030 [250b6484-39fc-4c26-8a98-91f8d9b3befa-SegmentedRaftLogWorker:Storage Directory /workdir/hadoop-ozone/integration-test/target/test-dir/MiniOzoneClusterImpl-838a7ec2-4afb-4d68-8138-46fa65bc7e11/datanode-2/data/ratis/edc222c0-f826-42a4-b28c-edd7d578cff2] INFO  segmented.SegmentedRaftLogWorker (SegmentedRaftLogWorker.java:run(313)) - 250b6484-39fc-4c26-8a98-91f8d9b3befa-SegmentedRaftLogWorker:Storage Directory /workdir/hadoop-ozone/integration-test/target/test-dir/MiniOzoneClusterImpl-838a7ec2-4afb-4d68-8138-46fa65bc7e11/datanode-2/data/ratis/edc222c0-f826-42a4-b28c-edd7d578cff2 was interrupted, exiting. There are 0 tasks remaining in the queue.
2019-09-12 10:53:10,032 [main] INFO  segmented.SegmentedRaftLogWorker (SegmentedRaftLogWorker.java:close(228)) - 3aa8f21e-cbc0-493e-b8ca-fbb3b21697d5-SegmentedRaftLogWorker:Storage Directory /workdir/hadoop-ozone/integration-test/target/test-dir/MiniOzoneClusterImpl-838a7ec2-4afb-4d68-8138-46fa65bc7e11/datanode-5/data/ratis/60145ef4-8100-4150-9701-1b70aa8355da close()
2019-09-12 10:53:10,034 [ForkJoinPool.commonPool-worker-1] INFO  segmented.SegmentedRaftLogWorker (SegmentedRaftLogWorker.java:close(228)) - 250b6484-39fc-4c26-8a98-91f8d9b3befa-SegmentedRaftLogWorker:Storage Directory /workdir/hadoop-ozone/integration-test/target/test-dir/MiniOzoneClusterImpl-838a7ec2-4afb-4d68-8138-46fa65bc7e11/datanode-2/data/ratis/edc222c0-f826-42a4-b28c-edd7d578cff2 close()
2019-09-12 10:53:10,038 [main] INFO  impl.RaftServerImpl (RaftServerImpl.java:lambda$shutdown$3(245)) - 3aa8f21e-cbc0-493e-b8ca-fbb3b21697d5: shutdown group-823A722CFDEA
2019-09-12 10:53:10,041 [ForkJoinPool.commonPool-worker-1] INFO  impl.RaftServerImpl (RaftServerImpl.java:lambda$shutdown$3(245)) - 250b6484-39fc-4c26-8a98-91f8d9b3befa: shutdown group-D3EE1D9960FD
2019-09-12 10:53:10,041 [main] INFO  util.JmxRegister (JmxRegister.java:unregister(73)) - Successfully un-registered JMX Bean with object name Ratis:service=RaftServer,group=group-823A722CFDEA,id=3aa8f21e-cbc0-493e-b8ca-fbb3b21697d5
2019-09-12 10:53:10,041 [ForkJoinPool.commonPool-worker-1] INFO  util.JmxRegister (JmxRegister.java:unregister(73)) - Successfully un-registered JMX Bean with object name Ratis:service=RaftServer,group=group-D3EE1D9960FD,id=250b6484-39fc-4c26-8a98-91f8d9b3befa
2019-09-12 10:53:10,041 [main] INFO  impl.RoleInfo (RoleInfo.java:shutdownLeaderState(104)) - 3aa8f21e-cbc0-493e-b8ca-fbb3b21697d5: shutdown LeaderState
2019-09-12 10:53:10,042 [ForkJoinPool.commonPool-worker-1] INFO  impl.RoleInfo (RoleInfo.java:shutdownLeaderState(104)) - 250b6484-39fc-4c26-8a98-91f8d9b3befa: shutdown LeaderState
2019-09-12 10:53:10,042 [main] INFO  impl.PendingRequests (PendingRequests.java:sendNotLeaderResponses(202)) - 3aa8f21e-cbc0-493e-b8ca-fbb3b21697d5-PendingRequests: sendNotLeaderResponses
2019-09-12 10:53:10,042 [ForkJoinPool.commonPool-worker-1] INFO  impl.PendingRequests (PendingRequests.java:sendNotLeaderResponses(202)) - 250b6484-39fc-4c26-8a98-91f8d9b3befa-PendingRequests: sendNotLeaderResponses
2019-09-12 10:53:10,042 [main] INFO  impl.StateMachineUpdater (StateMachineUpdater.java:stopAndJoin(115)) - StateMachineUpdater:3aa8f21e-cbc0-493e-b8ca-fbb3b21697d5:group-823A722CFDEA: set stopIndex = 0
2019-09-12 10:53:10,043 [ForkJoinPool.commonPool-worker-1] INFO  impl.StateMachineUpdater (StateMachineUpdater.java:stopAndJoin(115)) - StateMachineUpdater:250b6484-39fc-4c26-8a98-91f8d9b3befa:group-D3EE1D9960FD: set stopIndex = 0
2019-09-12 10:53:10,043 [main] INFO  impl.RaftServerImpl (ServerState.java:close(394)) - 3aa8f21e-cbc0-493e-b8ca-fbb3b21697d5:group-823A722CFDEA closes. The last applied log index is 0
2019-09-12 10:53:10,043 [ForkJoinPool.commonPool-worker-1] INFO  impl.RaftServerImpl (ServerState.java:close(394)) - 250b6484-39fc-4c26-8a98-91f8d9b3befa:group-D3EE1D9960FD closes. The last applied log index is 0
2019-09-12 10:53:10,044 [3aa8f21e-cbc0-493e-b8ca-fbb3b21697d5-SegmentedRaftLogWorker:Storage Directory /workdir/hadoop-ozone/integration-test/target/test-dir/MiniOzoneClusterImpl-838a7ec2-4afb-4d68-8138-46fa65bc7e11/datanode-5/data/ratis/d682cc82-0cb8-4648-ab37-823a722cfdea] INFO  segmented.SegmentedRaftLogWorker (SegmentedRaftLogWorker.java:run(313)) - 3aa8f21e-cbc0-493e-b8ca-fbb3b21697d5-SegmentedRaftLogWorker:Storage Directory /workdir/hadoop-ozone/integration-test/target/test-dir/MiniOzoneClusterImpl-838a7ec2-4afb-4d68-8138-46fa65bc7e11/datanode-5/data/ratis/d682cc82-0cb8-4648-ab37-823a722cfdea was interrupted, exiting. There are 0 tasks remaining in the queue.
2019-09-12 10:53:10,044 [250b6484-39fc-4c26-8a98-91f8d9b3befa-SegmentedRaftLogWorker:Storage Directory /workdir/hadoop-ozone/integration-test/target/test-dir/MiniOzoneClusterImpl-838a7ec2-4afb-4d68-8138-46fa65bc7e11/datanode-2/data/ratis/5e82b356-296b-4f9b-afa6-d3ee1d9960fd] INFO  segmented.SegmentedRaftLogWorker (SegmentedRaftLogWorker.java:run(313)) - 250b6484-39fc-4c26-8a98-91f8d9b3befa-SegmentedRaftLogWorker:Storage Directory /workdir/hadoop-ozone/integration-test/target/test-dir/MiniOzoneClusterImpl-838a7ec2-4afb-4d68-8138-46fa65bc7e11/datanode-2/data/ratis/5e82b356-296b-4f9b-afa6-d3ee1d9960fd was interrupted, exiting. There are 0 tasks remaining in the queue.
2019-09-12 10:53:10,045 [main] INFO  segmented.SegmentedRaftLogWorker (SegmentedRaftLogWorker.java:close(228)) - 3aa8f21e-cbc0-493e-b8ca-fbb3b21697d5-SegmentedRaftLogWorker:Storage Directory /workdir/hadoop-ozone/integration-test/target/test-dir/MiniOzoneClusterImpl-838a7ec2-4afb-4d68-8138-46fa65bc7e11/datanode-5/data/ratis/d682cc82-0cb8-4648-ab37-823a722cfdea close()
2019-09-12 10:53:10,047 [ForkJoinPool.commonPool-worker-1] INFO  segmented.SegmentedRaftLogWorker (SegmentedRaftLogWorker.java:close(228)) - 250b6484-39fc-4c26-8a98-91f8d9b3befa-SegmentedRaftLogWorker:Storage Directory /workdir/hadoop-ozone/integration-test/target/test-dir/MiniOzoneClusterImpl-838a7ec2-4afb-4d68-8138-46fa65bc7e11/datanode-2/data/ratis/5e82b356-296b-4f9b-afa6-d3ee1d9960fd close()
2019-09-12 10:53:10,050 [main] INFO  impl.RaftServerImpl (RaftServerImpl.java:lambda$shutdown$3(245)) - 3aa8f21e-cbc0-493e-b8ca-fbb3b21697d5: shutdown group-C4A7EAA2225E
2019-09-12 10:53:10,054 [ForkJoinPool.commonPool-worker-1] INFO  impl.RaftServerImpl (RaftServerImpl.java:lambda$shutdown$3(245)) - 250b6484-39fc-4c26-8a98-91f8d9b3befa: shutdown group-336BF3CA7D95
2019-09-12 10:53:10,054 [main] INFO  util.JmxRegister (JmxRegister.java:unregister(73)) - Successfully un-registered JMX Bean with object name Ratis:service=RaftServer,group=group-C4A7EAA2225E,id=3aa8f21e-cbc0-493e-b8ca-fbb3b21697d5
2019-09-12 10:53:10,054 [ForkJoinPool.commonPool-worker-1] INFO  util.JmxRegister (JmxRegister.java:unregister(73)) - Successfully un-registered JMX Bean with object name Ratis:service=RaftServer,group=group-336BF3CA7D95,id=250b6484-39fc-4c26-8a98-91f8d9b3befa
2019-09-12 10:53:10,055 [main] INFO  impl.RoleInfo (RoleInfo.java:shutdownLeaderState(104)) - 3aa8f21e-cbc0-493e-b8ca-fbb3b21697d5: shutdown LeaderState
2019-09-12 10:53:10,055 [ForkJoinPool.commonPool-worker-1] INFO  impl.RoleInfo (RoleInfo.java:shutdownLeaderState(104)) - 250b6484-39fc-4c26-8a98-91f8d9b3befa: shutdown LeaderState
2019-09-12 10:53:10,055 [main] INFO  impl.PendingRequests (PendingRequests.java:sendNotLeaderResponses(202)) - 3aa8f21e-cbc0-493e-b8ca-fbb3b21697d5-PendingRequests: sendNotLeaderResponses
2019-09-12 10:53:10,055 [ForkJoinPool.commonPool-worker-1] INFO  impl.PendingRequests (PendingRequests.java:sendNotLeaderResponses(202)) - 250b6484-39fc-4c26-8a98-91f8d9b3befa-PendingRequests: sendNotLeaderResponses
2019-09-12 10:53:10,056 [main] INFO  impl.StateMachineUpdater (StateMachineUpdater.java:stopAndJoin(115)) - StateMachineUpdater:3aa8f21e-cbc0-493e-b8ca-fbb3b21697d5:group-C4A7EAA2225E: set stopIndex = 0
2019-09-12 10:53:10,056 [ForkJoinPool.commonPool-worker-1] INFO  impl.StateMachineUpdater (StateMachineUpdater.java:stopAndJoin(115)) - StateMachineUpdater:250b6484-39fc-4c26-8a98-91f8d9b3befa:group-336BF3CA7D95: set stopIndex = 0
2019-09-12 10:53:10,056 [main] INFO  impl.RaftServerImpl (ServerState.java:close(394)) - 3aa8f21e-cbc0-493e-b8ca-fbb3b21697d5:group-C4A7EAA2225E closes. The last applied log index is 0
2019-09-12 10:53:10,056 [ForkJoinPool.commonPool-worker-1] INFO  impl.RaftServerImpl (ServerState.java:close(394)) - 250b6484-39fc-4c26-8a98-91f8d9b3befa:group-336BF3CA7D95 closes. The last applied log index is 0
2019-09-12 10:53:10,057 [3aa8f21e-cbc0-493e-b8ca-fbb3b21697d5-SegmentedRaftLogWorker:Storage Directory /workdir/hadoop-ozone/integration-test/target/test-dir/MiniOzoneClusterImpl-838a7ec2-4afb-4d68-8138-46fa65bc7e11/datanode-5/data/ratis/62e99d04-8fa4-4b00-b01e-c4a7eaa2225e] INFO  segmented.SegmentedRaftLogWorker (SegmentedRaftLogWorker.java:run(313)) - 3aa8f21e-cbc0-493e-b8ca-fbb3b21697d5-SegmentedRaftLogWorker:Storage Directory /workdir/hadoop-ozone/integration-test/target/test-dir/MiniOzoneClusterImpl-838a7ec2-4afb-4d68-8138-46fa65bc7e11/datanode-5/data/ratis/62e99d04-8fa4-4b00-b01e-c4a7eaa2225e was interrupted, exiting. There are 0 tasks remaining in the queue.
2019-09-12 10:53:10,057 [250b6484-39fc-4c26-8a98-91f8d9b3befa-SegmentedRaftLogWorker:Storage Directory /workdir/hadoop-ozone/integration-test/target/test-dir/MiniOzoneClusterImpl-838a7ec2-4afb-4d68-8138-46fa65bc7e11/datanode-2/data/ratis/949f596b-d69e-4538-911f-336bf3ca7d95] INFO  segmented.SegmentedRaftLogWorker (SegmentedRaftLogWorker.java:run(313)) - 250b6484-39fc-4c26-8a98-91f8d9b3befa-SegmentedRaftLogWorker:Storage Directory /workdir/hadoop-ozone/integration-test/target/test-dir/MiniOzoneClusterImpl-838a7ec2-4afb-4d68-8138-46fa65bc7e11/datanode-2/data/ratis/949f596b-d69e-4538-911f-336bf3ca7d95 was interrupted, exiting. There are 0 tasks remaining in the queue.
2019-09-12 10:53:10,059 [main] INFO  segmented.SegmentedRaftLogWorker (SegmentedRaftLogWorker.java:close(228)) - 3aa8f21e-cbc0-493e-b8ca-fbb3b21697d5-SegmentedRaftLogWorker:Storage Directory /workdir/hadoop-ozone/integration-test/target/test-dir/MiniOzoneClusterImpl-838a7ec2-4afb-4d68-8138-46fa65bc7e11/datanode-5/data/ratis/62e99d04-8fa4-4b00-b01e-c4a7eaa2225e close()
2019-09-12 10:53:10,060 [ForkJoinPool.commonPool-worker-1] INFO  segmented.SegmentedRaftLogWorker (SegmentedRaftLogWorker.java:close(228)) - 250b6484-39fc-4c26-8a98-91f8d9b3befa-SegmentedRaftLogWorker:Storage Directory /workdir/hadoop-ozone/integration-test/target/test-dir/MiniOzoneClusterImpl-838a7ec2-4afb-4d68-8138-46fa65bc7e11/datanode-2/data/ratis/949f596b-d69e-4538-911f-336bf3ca7d95 close()
2019-09-12 10:53:10,064 [main] INFO  impl.RaftServerImpl (RaftServerImpl.java:lambda$shutdown$3(245)) - 3aa8f21e-cbc0-493e-b8ca-fbb3b21697d5: shutdown group-6AEA2E23A4CD
2019-09-12 10:53:10,080 [ForkJoinPool.commonPool-worker-1] INFO  impl.RaftServerImpl (RaftServerImpl.java:lambda$shutdown$3(245)) - 250b6484-39fc-4c26-8a98-91f8d9b3befa: shutdown group-9D75080D72F4
2019-09-12 10:53:10,081 [main] INFO  util.JmxRegister (JmxRegister.java:unregister(73)) - Successfully un-registered JMX Bean with object name Ratis:service=RaftServer,group=group-6AEA2E23A4CD,id=3aa8f21e-cbc0-493e-b8ca-fbb3b21697d5
2019-09-12 10:53:10,081 [ForkJoinPool.commonPool-worker-1] INFO  util.JmxRegister (JmxRegister.java:unregister(73)) - Successfully un-registered JMX Bean with object name Ratis:service=RaftServer,group=group-9D75080D72F4,id=250b6484-39fc-4c26-8a98-91f8d9b3befa
2019-09-12 10:53:10,081 [main] INFO  impl.RoleInfo (RoleInfo.java:shutdownLeaderState(104)) - 3aa8f21e-cbc0-493e-b8ca-fbb3b21697d5: shutdown LeaderState
2019-09-12 10:53:10,081 [ForkJoinPool.commonPool-worker-1] INFO  impl.RoleInfo (RoleInfo.java:shutdownLeaderState(104)) - 250b6484-39fc-4c26-8a98-91f8d9b3befa: shutdown LeaderState
2019-09-12 10:53:10,082 [main] INFO  impl.PendingRequests (PendingRequests.java:sendNotLeaderResponses(202)) - 3aa8f21e-cbc0-493e-b8ca-fbb3b21697d5-PendingRequests: sendNotLeaderResponses
2019-09-12 10:53:10,082 [ForkJoinPool.commonPool-worker-1] INFO  impl.PendingRequests (PendingRequests.java:sendNotLeaderResponses(202)) - 250b6484-39fc-4c26-8a98-91f8d9b3befa-PendingRequests: sendNotLeaderResponses
2019-09-12 10:53:10,082 [main] INFO  impl.StateMachineUpdater (StateMachineUpdater.java:stopAndJoin(115)) - StateMachineUpdater:3aa8f21e-cbc0-493e-b8ca-fbb3b21697d5:group-6AEA2E23A4CD: set stopIndex = 0
2019-09-12 10:53:10,083 [ForkJoinPool.commonPool-worker-1] INFO  impl.StateMachineUpdater (StateMachineUpdater.java:stopAndJoin(115)) - StateMachineUpdater:250b6484-39fc-4c26-8a98-91f8d9b3befa:group-9D75080D72F4: set stopIndex = 0
2019-09-12 10:53:10,083 [main] INFO  impl.RaftServerImpl (ServerState.java:close(394)) - 3aa8f21e-cbc0-493e-b8ca-fbb3b21697d5:group-6AEA2E23A4CD closes. The last applied log index is 0
2019-09-12 10:53:10,083 [ForkJoinPool.commonPool-worker-1] INFO  impl.RaftServerImpl (ServerState.java:close(394)) - 250b6484-39fc-4c26-8a98-91f8d9b3befa:group-9D75080D72F4 closes. The last applied log index is 0
2019-09-12 10:53:10,084 [3aa8f21e-cbc0-493e-b8ca-fbb3b21697d5-SegmentedRaftLogWorker:Storage Directory /workdir/hadoop-ozone/integration-test/target/test-dir/MiniOzoneClusterImpl-838a7ec2-4afb-4d68-8138-46fa65bc7e11/datanode-5/data/ratis/2e566ff7-6896-490d-b6e0-6aea2e23a4cd] INFO  segmented.SegmentedRaftLogWorker (SegmentedRaftLogWorker.java:run(313)) - 3aa8f21e-cbc0-493e-b8ca-fbb3b21697d5-SegmentedRaftLogWorker:Storage Directory /workdir/hadoop-ozone/integration-test/target/test-dir/MiniOzoneClusterImpl-838a7ec2-4afb-4d68-8138-46fa65bc7e11/datanode-5/data/ratis/2e566ff7-6896-490d-b6e0-6aea2e23a4cd was interrupted, exiting. There are 0 tasks remaining in the queue.
2019-09-12 10:53:10,084 [250b6484-39fc-4c26-8a98-91f8d9b3befa-SegmentedRaftLogWorker:Storage Directory /workdir/hadoop-ozone/integration-test/target/test-dir/MiniOzoneClusterImpl-838a7ec2-4afb-4d68-8138-46fa65bc7e11/datanode-2/data/ratis/cc0dc345-a140-4347-96ce-9d75080d72f4] INFO  segmented.SegmentedRaftLogWorker (SegmentedRaftLogWorker.java:run(313)) - 250b6484-39fc-4c26-8a98-91f8d9b3befa-SegmentedRaftLogWorker:Storage Directory /workdir/hadoop-ozone/integration-test/target/test-dir/MiniOzoneClusterImpl-838a7ec2-4afb-4d68-8138-46fa65bc7e11/datanode-2/data/ratis/cc0dc345-a140-4347-96ce-9d75080d72f4 was interrupted, exiting. There are 0 tasks remaining in the queue.
2019-09-12 10:53:10,084 [main] INFO  segmented.SegmentedRaftLogWorker (SegmentedRaftLogWorker.java:close(228)) - 3aa8f21e-cbc0-493e-b8ca-fbb3b21697d5-SegmentedRaftLogWorker:Storage Directory /workdir/hadoop-ozone/integration-test/target/test-dir/MiniOzoneClusterImpl-838a7ec2-4afb-4d68-8138-46fa65bc7e11/datanode-5/data/ratis/2e566ff7-6896-490d-b6e0-6aea2e23a4cd close()
2019-09-12 10:53:10,084 [ForkJoinPool.commonPool-worker-1] INFO  segmented.SegmentedRaftLogWorker (SegmentedRaftLogWorker.java:close(228)) - 250b6484-39fc-4c26-8a98-91f8d9b3befa-SegmentedRaftLogWorker:Storage Directory /workdir/hadoop-ozone/integration-test/target/test-dir/MiniOzoneClusterImpl-838a7ec2-4afb-4d68-8138-46fa65bc7e11/datanode-2/data/ratis/cc0dc345-a140-4347-96ce-9d75080d72f4 close()
2019-09-12 10:53:10,089 [main] INFO  server.GrpcService (GrpcService.java:closeImpl(155)) - 3aa8f21e-cbc0-493e-b8ca-fbb3b21697d5: shutdown server with port 34525 now
2019-09-12 10:53:10,089 [ForkJoinPool.commonPool-worker-1] INFO  server.GrpcService (GrpcService.java:closeImpl(155)) - 250b6484-39fc-4c26-8a98-91f8d9b3befa: shutdown server with port 34503 now
2019-09-12 10:53:10,094 [ForkJoinPool.commonPool-worker-1] INFO  server.GrpcService (GrpcService.java:closeImpl(163)) - 250b6484-39fc-4c26-8a98-91f8d9b3befa: shutdown server with port 34503 successfully
2019-09-12 10:53:10,096 [main] INFO  server.GrpcService (GrpcService.java:closeImpl(163)) - 3aa8f21e-cbc0-493e-b8ca-fbb3b21697d5: shutdown server with port 34525 successfully
2019-09-12 10:53:10,098 [main] INFO  utils.BackgroundService (BackgroundService.java:shutdown(148)) - Shutting down service BlockDeletingService
2019-09-12 10:53:10,104 [refreshUsed-/workdir/hadoop-ozone/integration-test/target/test-dir/MiniOzoneClusterImpl-838a7ec2-4afb-4d68-8138-46fa65bc7e11/datanode-5/data/containers] WARN  fs.CachingGetSpaceUsed (CachingGetSpaceUsed.java:run(183)) - Thread Interrupted waiting to refresh disk information: sleep interrupted
2019-09-12 10:53:10,105 [ForkJoinPool.commonPool-worker-1] INFO  utils.BackgroundService (BackgroundService.java:shutdown(148)) - Shutting down service BlockDeletingService
2019-09-12 10:53:10,108 [refreshUsed-/workdir/hadoop-ozone/integration-test/target/test-dir/MiniOzoneClusterImpl-838a7ec2-4afb-4d68-8138-46fa65bc7e11/datanode-2/data/containers] WARN  fs.CachingGetSpaceUsed (CachingGetSpaceUsed.java:run(183)) - Thread Interrupted waiting to refresh disk information: sleep interrupted
2019-09-12 10:53:10,122 | INFO  | SCMAudit | user=jenkins1000 | ip=192.168.157.195 | op=SEND_HEARTBEAT {datanodeUUID=e4f93bd3-fff9-4926-9bf8-61056d59521f, command=[]} | ret=SUCCESS |  
2019-09-12 10:53:10,124 | INFO  | SCMAudit | user=jenkins1000 | ip=192.168.157.195 | op=SEND_HEARTBEAT {datanodeUUID=c17d4de2-caaf-4ec0-b997-c9cf8b2a9041, command=[]} | ret=SUCCESS |  
2019-09-12 10:53:10,128 | INFO  | SCMAudit | user=jenkins1000 | ip=192.168.157.195 | op=SEND_HEARTBEAT {datanodeUUID=da20f580-5b10-4303-a8d6-74672b88192d, command=[]} | ret=SUCCESS |  
2019-09-12 10:53:10,136 [ForkJoinPool.commonPool-worker-1] INFO  statemachine.DatanodeStateMachine (DatanodeStateMachine.java:stopDaemon(395)) - Ozone container server stopped.
2019-09-12 10:53:10,145 [ForkJoinPool.commonPool-worker-1] INFO  handler.ContextHandler (ContextHandler.java:doStop(910)) - Stopped o.e.j.w.WebAppContext@6a1568d6{/,null,UNAVAILABLE}{/hddsDatanode}
2019-09-12 10:53:10,146 [ForkJoinPool.commonPool-worker-1] INFO  server.AbstractConnector (AbstractConnector.java:doStop(318)) - Stopped ServerConnector@11c88cca{HTTP/1.1,[http/1.1]}{0.0.0.0:0}
2019-09-12 10:53:10,148 [ForkJoinPool.commonPool-worker-1] INFO  handler.ContextHandler (ContextHandler.java:doStop(910)) - Stopped o.e.j.s.ServletContextHandler@dbed7fd{/static,jar:file:/home/user/.m2/repository/org/apache/hadoop/hadoop-hdds-container-service/0.5.0-SNAPSHOT/hadoop-hdds-container-service-0.5.0-SNAPSHOT.jar!/webapps/static,UNAVAILABLE}
2019-09-12 10:53:10,150 [ForkJoinPool.commonPool-worker-1] INFO  handler.ContextHandler (ContextHandler.java:doStop(910)) - Stopped o.e.j.s.ServletContextHandler@5a05dd30{/logs,file:///workdir/hadoop-ozone/integration-test/target/log,UNAVAILABLE}
2019-09-12 10:53:10,151 [ForkJoinPool.commonPool-worker-1] INFO  datanode.ObjectStoreHandler (ObjectStoreHandler.java:close(155)) - Closing ObjectStoreHandler.
2019-09-12 10:53:10,156 [main] INFO  statemachine.DatanodeStateMachine (DatanodeStateMachine.java:stopDaemon(395)) - Ozone container server stopped.
2019-09-12 10:53:10,156 [ForkJoinPool.commonPool-worker-1] INFO  ozone.HddsDatanodeService (HddsDatanodeService.java:stop(451)) - Stopped plug-in org.apache.hadoop.ozone.web.OzoneHddsDatanodeService@646d810b
2019-09-12 10:53:10,157 [main] INFO  handler.ContextHandler (ContextHandler.java:doStop(910)) - Stopped o.e.j.w.WebAppContext@3cc3f13e{/,null,UNAVAILABLE}{/hddsDatanode}
2019-09-12 10:53:10,157 [main] INFO  server.AbstractConnector (AbstractConnector.java:doStop(318)) - Stopped ServerConnector@69b3886f{HTTP/1.1,[http/1.1]}{0.0.0.0:0}
2019-09-12 10:53:10,158 [main] INFO  handler.ContextHandler (ContextHandler.java:doStop(910)) - Stopped o.e.j.s.ServletContextHandler@38087342{/static,jar:file:/home/user/.m2/repository/org/apache/hadoop/hadoop-hdds-container-service/0.5.0-SNAPSHOT/hadoop-hdds-container-service-0.5.0-SNAPSHOT.jar!/webapps/static,UNAVAILABLE}
2019-09-12 10:53:10,158 [main] INFO  handler.ContextHandler (ContextHandler.java:doStop(910)) - Stopped o.e.j.s.ServletContextHandler@5c234920{/logs,file:///workdir/hadoop-ozone/integration-test/target/log,UNAVAILABLE}
2019-09-12 10:53:10,159 [main] INFO  datanode.ObjectStoreHandler (ObjectStoreHandler.java:close(155)) - Closing ObjectStoreHandler.
2019-09-12 10:53:10,159 [main] INFO  ozone.HddsDatanodeService (HddsDatanodeService.java:stop(451)) - Stopped plug-in org.apache.hadoop.ozone.web.OzoneHddsDatanodeService@184751f3
2019-09-12 10:53:10,198 | INFO  | SCMAudit | user=jenkins1000 | ip=192.168.157.195 | op=SEND_HEARTBEAT {datanodeUUID=8d69d0c9-c816-414c-ba1a-8b3ab85fb900, command=[]} | ret=SUCCESS |  
2019-09-12 10:53:10,335 | INFO  | SCMAudit | user=jenkins1000 | ip=192.168.157.195 | op=SEND_HEARTBEAT {datanodeUUID=02d2c735-5a91-4cfc-b37b-8234c14e6879, command=[]} | ret=SUCCESS |  
2019-09-12 10:53:10,452 | INFO  | SCMAudit | user=jenkins1000 | ip=192.168.157.195 | op=SEND_HEARTBEAT {datanodeUUID=9dc3d9e1-35df-4da5-a2c1-5b39dd910295, command=[]} | ret=SUCCESS |  
2019-09-12 10:53:10,683 [Datanode State Machine Thread - 0] INFO  statemachine.DatanodeStateMachine (DatanodeStateMachine.java:lambda$startDaemon$0(350)) - Ozone container server started.
2019-09-12 10:53:10,924 | INFO  | SCMAudit | user=jenkins1000 | ip=192.168.157.195 | op=SEND_HEARTBEAT {datanodeUUID=35ed61f3-e470-497f-b63f-7decb4cef9e0, command=[]} | ret=SUCCESS |  
2019-09-12 10:53:11,121 [Datanode State Machine Thread - 0] INFO  statemachine.DatanodeStateMachine (DatanodeStateMachine.java:lambda$startDaemon$0(350)) - Ozone container server started.
2019-09-12 10:53:11,125 | INFO  | SCMAudit | user=jenkins1000 | ip=192.168.157.195 | op=SEND_HEARTBEAT {datanodeUUID=c17d4de2-caaf-4ec0-b997-c9cf8b2a9041, command=[]} | ret=SUCCESS |  
2019-09-12 10:53:11,129 | INFO  | SCMAudit | user=jenkins1000 | ip=192.168.157.195 | op=SEND_HEARTBEAT {datanodeUUID=da20f580-5b10-4303-a8d6-74672b88192d, command=[]} | ret=SUCCESS |  
2019-09-12 10:53:11,199 | INFO  | SCMAudit | user=jenkins1000 | ip=192.168.157.195 | op=SEND_HEARTBEAT {datanodeUUID=8d69d0c9-c816-414c-ba1a-8b3ab85fb900, command=[]} | ret=SUCCESS |  
2019-09-12 10:53:11,336 | INFO  | SCMAudit | user=jenkins1000 | ip=192.168.157.195 | op=SEND_HEARTBEAT {datanodeUUID=02d2c735-5a91-4cfc-b37b-8234c14e6879, command=[]} | ret=SUCCESS |  
2019-09-12 10:53:11,452 | INFO  | SCMAudit | user=jenkins1000 | ip=192.168.157.195 | op=SEND_HEARTBEAT {datanodeUUID=9dc3d9e1-35df-4da5-a2c1-5b39dd910295, command=[]} | ret=SUCCESS |  
2019-09-12 10:53:11,925 | INFO  | SCMAudit | user=jenkins1000 | ip=192.168.157.195 | op=SEND_HEARTBEAT {datanodeUUID=35ed61f3-e470-497f-b63f-7decb4cef9e0, command=[]} | ret=SUCCESS |  
2019-09-12 10:53:12,125 | INFO  | SCMAudit | user=jenkins1000 | ip=192.168.157.195 | op=SEND_HEARTBEAT {datanodeUUID=c17d4de2-caaf-4ec0-b997-c9cf8b2a9041, command=[]} | ret=SUCCESS |  
2019-09-12 10:53:12,128 | INFO  | SCMAudit | user=jenkins1000 | ip=192.168.157.195 | op=SEND_HEARTBEAT {datanodeUUID=da20f580-5b10-4303-a8d6-74672b88192d, command=[]} | ret=SUCCESS |  
2019-09-12 10:53:12,199 | INFO  | SCMAudit | user=jenkins1000 | ip=192.168.157.195 | op=SEND_HEARTBEAT {datanodeUUID=8d69d0c9-c816-414c-ba1a-8b3ab85fb900, command=[]} | ret=SUCCESS |  
2019-09-12 10:53:12,336 | INFO  | SCMAudit | user=jenkins1000 | ip=192.168.157.195 | op=SEND_HEARTBEAT {datanodeUUID=02d2c735-5a91-4cfc-b37b-8234c14e6879, command=[]} | ret=SUCCESS |  
2019-09-12 10:53:12,452 | INFO  | SCMAudit | user=jenkins1000 | ip=192.168.157.195 | op=SEND_HEARTBEAT {datanodeUUID=9dc3d9e1-35df-4da5-a2c1-5b39dd910295, command=[]} | ret=SUCCESS |  
2019-09-12 10:53:12,926 | INFO  | SCMAudit | user=jenkins1000 | ip=192.168.157.195 | op=SEND_HEARTBEAT {datanodeUUID=35ed61f3-e470-497f-b63f-7decb4cef9e0, command=[]} | ret=SUCCESS |  
2019-09-12 10:53:13,124 | INFO  | SCMAudit | user=jenkins1000 | ip=192.168.157.195 | op=SEND_HEARTBEAT {datanodeUUID=c17d4de2-caaf-4ec0-b997-c9cf8b2a9041, command=[]} | ret=SUCCESS |  
2019-09-12 10:53:13,128 | INFO  | SCMAudit | user=jenkins1000 | ip=192.168.157.195 | op=SEND_HEARTBEAT {datanodeUUID=da20f580-5b10-4303-a8d6-74672b88192d, command=[]} | ret=SUCCESS |  
2019-09-12 10:53:13,198 | INFO  | SCMAudit | user=jenkins1000 | ip=192.168.157.195 | op=SEND_HEARTBEAT {datanodeUUID=8d69d0c9-c816-414c-ba1a-8b3ab85fb900, command=[]} | ret=SUCCESS |  
2019-09-12 10:53:13,336 | INFO  | SCMAudit | user=jenkins1000 | ip=192.168.157.195 | op=SEND_HEARTBEAT {datanodeUUID=02d2c735-5a91-4cfc-b37b-8234c14e6879, command=[]} | ret=SUCCESS |  
2019-09-12 10:53:13,452 | INFO  | SCMAudit | user=jenkins1000 | ip=192.168.157.195 | op=SEND_HEARTBEAT {datanodeUUID=9dc3d9e1-35df-4da5-a2c1-5b39dd910295, command=[]} | ret=SUCCESS |  
2019-09-12 10:53:13,926 | INFO  | SCMAudit | user=jenkins1000 | ip=192.168.157.195 | op=SEND_HEARTBEAT {datanodeUUID=35ed61f3-e470-497f-b63f-7decb4cef9e0, command=[]} | ret=SUCCESS |  
2019-09-12 10:53:14,124 | INFO  | SCMAudit | user=jenkins1000 | ip=192.168.157.195 | op=SEND_HEARTBEAT {datanodeUUID=c17d4de2-caaf-4ec0-b997-c9cf8b2a9041, command=[]} | ret=SUCCESS |  
2019-09-12 10:53:14,129 | INFO  | SCMAudit | user=jenkins1000 | ip=192.168.157.195 | op=SEND_HEARTBEAT {datanodeUUID=da20f580-5b10-4303-a8d6-74672b88192d, command=[]} | ret=SUCCESS |  
2019-09-12 10:53:14,198 | INFO  | SCMAudit | user=jenkins1000 | ip=192.168.157.195 | op=SEND_HEARTBEAT {datanodeUUID=8d69d0c9-c816-414c-ba1a-8b3ab85fb900, command=[]} | ret=SUCCESS |  
2019-09-12 10:53:14,336 | INFO  | SCMAudit | user=jenkins1000 | ip=192.168.157.195 | op=SEND_HEARTBEAT {datanodeUUID=02d2c735-5a91-4cfc-b37b-8234c14e6879, command=[]} | ret=SUCCESS |  
2019-09-12 10:53:14,451 | INFO  | SCMAudit | user=jenkins1000 | ip=192.168.157.195 | op=SEND_HEARTBEAT {datanodeUUID=9dc3d9e1-35df-4da5-a2c1-5b39dd910295, command=[]} | ret=SUCCESS |  
2019-09-12 10:53:14,926 | INFO  | SCMAudit | user=jenkins1000 | ip=192.168.157.195 | op=SEND_HEARTBEAT {datanodeUUID=35ed61f3-e470-497f-b63f-7decb4cef9e0, command=[]} | ret=SUCCESS |  
2019-09-12 10:53:15,125 | INFO  | SCMAudit | user=jenkins1000 | ip=192.168.157.195 | op=SEND_HEARTBEAT {datanodeUUID=c17d4de2-caaf-4ec0-b997-c9cf8b2a9041, command=[]} | ret=SUCCESS |  
2019-09-12 10:53:15,128 | INFO  | SCMAudit | user=jenkins1000 | ip=192.168.157.195 | op=SEND_HEARTBEAT {datanodeUUID=da20f580-5b10-4303-a8d6-74672b88192d, command=[]} | ret=SUCCESS |  
2019-09-12 10:53:15,157 [ForkJoinPool.commonPool-worker-1] INFO  ozoneimpl.OzoneContainer (OzoneContainer.java:stop(199)) - Attempting to stop container services.
2019-09-12 10:53:15,157 [ForkJoinPool.commonPool-worker-1] INFO  impl.RaftServerProxy (RaftServerProxy.java:lambda$close$4(314)) - e4f93bd3-fff9-4926-9bf8-61056d59521f: close
2019-09-12 10:53:15,158 [ForkJoinPool.commonPool-worker-1] INFO  impl.RaftServerImpl (RaftServerImpl.java:lambda$shutdown$3(245)) - e4f93bd3-fff9-4926-9bf8-61056d59521f: shutdown group-6EFE78430D78
2019-09-12 10:53:15,158 [ForkJoinPool.commonPool-worker-1] INFO  util.JmxRegister (JmxRegister.java:unregister(73)) - Successfully un-registered JMX Bean with object name Ratis:service=RaftServer,group=group-6EFE78430D78,id=e4f93bd3-fff9-4926-9bf8-61056d59521f
2019-09-12 10:53:15,158 [ForkJoinPool.commonPool-worker-1] INFO  impl.RoleInfo (RoleInfo.java:shutdownLeaderState(104)) - e4f93bd3-fff9-4926-9bf8-61056d59521f: shutdown LeaderState
2019-09-12 10:53:15,159 [ForkJoinPool.commonPool-worker-1] INFO  impl.PendingRequests (PendingRequests.java:sendNotLeaderResponses(202)) - e4f93bd3-fff9-4926-9bf8-61056d59521f-PendingRequests: sendNotLeaderResponses
2019-09-12 10:53:15,159 [ForkJoinPool.commonPool-worker-1] INFO  impl.StateMachineUpdater (StateMachineUpdater.java:stopAndJoin(115)) - StateMachineUpdater:e4f93bd3-fff9-4926-9bf8-61056d59521f:group-6EFE78430D78: set stopIndex = 0
2019-09-12 10:53:15,159 [ForkJoinPool.commonPool-worker-1] INFO  impl.RaftServerImpl (ServerState.java:close(394)) - e4f93bd3-fff9-4926-9bf8-61056d59521f:group-6EFE78430D78 closes. The last applied log index is 0
2019-09-12 10:53:15,160 [main] INFO  ozoneimpl.OzoneContainer (OzoneContainer.java:stop(199)) - Attempting to stop container services.
2019-09-12 10:53:15,160 [e4f93bd3-fff9-4926-9bf8-61056d59521f-SegmentedRaftLogWorker:Storage Directory /workdir/hadoop-ozone/integration-test/target/test-dir/MiniOzoneClusterImpl-838a7ec2-4afb-4d68-8138-46fa65bc7e11/datanode-3/data/ratis/a04451dd-2442-4c36-993e-6efe78430d78] INFO  segmented.SegmentedRaftLogWorker (SegmentedRaftLogWorker.java:run(313)) - e4f93bd3-fff9-4926-9bf8-61056d59521f-SegmentedRaftLogWorker:Storage Directory /workdir/hadoop-ozone/integration-test/target/test-dir/MiniOzoneClusterImpl-838a7ec2-4afb-4d68-8138-46fa65bc7e11/datanode-3/data/ratis/a04451dd-2442-4c36-993e-6efe78430d78 was interrupted, exiting. There are 0 tasks remaining in the queue.
2019-09-12 10:53:15,161 [main] INFO  impl.RaftServerProxy (RaftServerProxy.java:lambda$close$4(314)) - 005a1424-1186-4d58-b0b5-fdf3e953d666: close
2019-09-12 10:53:15,161 [ForkJoinPool.commonPool-worker-1] INFO  segmented.SegmentedRaftLogWorker (SegmentedRaftLogWorker.java:close(228)) - e4f93bd3-fff9-4926-9bf8-61056d59521f-SegmentedRaftLogWorker:Storage Directory /workdir/hadoop-ozone/integration-test/target/test-dir/MiniOzoneClusterImpl-838a7ec2-4afb-4d68-8138-46fa65bc7e11/datanode-3/data/ratis/a04451dd-2442-4c36-993e-6efe78430d78 close()
2019-09-12 10:53:15,161 [main] INFO  impl.RaftServerImpl (RaftServerImpl.java:lambda$shutdown$3(245)) - 005a1424-1186-4d58-b0b5-fdf3e953d666: shutdown group-BF738946CCBF
2019-09-12 10:53:15,165 [ForkJoinPool.commonPool-worker-1] INFO  impl.RaftServerImpl (RaftServerImpl.java:lambda$shutdown$3(245)) - e4f93bd3-fff9-4926-9bf8-61056d59521f: shutdown group-D680AEF4E21E
2019-09-12 10:53:15,165 [main] INFO  util.JmxRegister (JmxRegister.java:unregister(73)) - Successfully un-registered JMX Bean with object name Ratis:service=RaftServer,group=group-BF738946CCBF,id=005a1424-1186-4d58-b0b5-fdf3e953d666
2019-09-12 10:53:15,166 [ForkJoinPool.commonPool-worker-1] INFO  util.JmxRegister (JmxRegister.java:unregister(73)) - Successfully un-registered JMX Bean with object name Ratis:service=RaftServer,group=group-D680AEF4E21E,id=e4f93bd3-fff9-4926-9bf8-61056d59521f
2019-09-12 10:53:15,166 [main] INFO  impl.RoleInfo (RoleInfo.java:shutdownLeaderState(104)) - 005a1424-1186-4d58-b0b5-fdf3e953d666: shutdown LeaderState
2019-09-12 10:53:15,166 [ForkJoinPool.commonPool-worker-1] INFO  impl.RoleInfo (RoleInfo.java:shutdownLeaderState(104)) - e4f93bd3-fff9-4926-9bf8-61056d59521f: shutdown LeaderState
2019-09-12 10:53:15,167 [main] INFO  impl.PendingRequests (PendingRequests.java:sendNotLeaderResponses(202)) - 005a1424-1186-4d58-b0b5-fdf3e953d666-PendingRequests: sendNotLeaderResponses
2019-09-12 10:53:15,167 [ForkJoinPool.commonPool-worker-1] INFO  impl.PendingRequests (PendingRequests.java:sendNotLeaderResponses(202)) - e4f93bd3-fff9-4926-9bf8-61056d59521f-PendingRequests: sendNotLeaderResponses
2019-09-12 10:53:15,168 [main] INFO  impl.StateMachineUpdater (StateMachineUpdater.java:stopAndJoin(115)) - StateMachineUpdater:005a1424-1186-4d58-b0b5-fdf3e953d666:group-BF738946CCBF: set stopIndex = 0
2019-09-12 10:53:15,168 [ForkJoinPool.commonPool-worker-1] INFO  impl.StateMachineUpdater (StateMachineUpdater.java:stopAndJoin(115)) - StateMachineUpdater:e4f93bd3-fff9-4926-9bf8-61056d59521f:group-D680AEF4E21E: set stopIndex = 0
2019-09-12 10:53:15,168 [main] INFO  impl.RaftServerImpl (ServerState.java:close(394)) - 005a1424-1186-4d58-b0b5-fdf3e953d666:group-BF738946CCBF closes. The last applied log index is 0
2019-09-12 10:53:15,169 [ForkJoinPool.commonPool-worker-1] INFO  impl.RaftServerImpl (ServerState.java:close(394)) - e4f93bd3-fff9-4926-9bf8-61056d59521f:group-D680AEF4E21E closes. The last applied log index is 0
2019-09-12 10:53:15,169 [005a1424-1186-4d58-b0b5-fdf3e953d666-SegmentedRaftLogWorker:Storage Directory /workdir/hadoop-ozone/integration-test/target/test-dir/MiniOzoneClusterImpl-838a7ec2-4afb-4d68-8138-46fa65bc7e11/datanode-6/data/ratis/b89b6cc7-8ecf-4efd-85c0-bf738946ccbf] INFO  segmented.SegmentedRaftLogWorker (SegmentedRaftLogWorker.java:run(313)) - 005a1424-1186-4d58-b0b5-fdf3e953d666-SegmentedRaftLogWorker:Storage Directory /workdir/hadoop-ozone/integration-test/target/test-dir/MiniOzoneClusterImpl-838a7ec2-4afb-4d68-8138-46fa65bc7e11/datanode-6/data/ratis/b89b6cc7-8ecf-4efd-85c0-bf738946ccbf was interrupted, exiting. There are 0 tasks remaining in the queue.
2019-09-12 10:53:15,170 [e4f93bd3-fff9-4926-9bf8-61056d59521f-SegmentedRaftLogWorker:Storage Directory /workdir/hadoop-ozone/integration-test/target/test-dir/MiniOzoneClusterImpl-838a7ec2-4afb-4d68-8138-46fa65bc7e11/datanode-3/data/ratis/36682389-77b3-4463-916d-d680aef4e21e] INFO  segmented.SegmentedRaftLogWorker (SegmentedRaftLogWorker.java:run(313)) - e4f93bd3-fff9-4926-9bf8-61056d59521f-SegmentedRaftLogWorker:Storage Directory /workdir/hadoop-ozone/integration-test/target/test-dir/MiniOzoneClusterImpl-838a7ec2-4afb-4d68-8138-46fa65bc7e11/datanode-3/data/ratis/36682389-77b3-4463-916d-d680aef4e21e was interrupted, exiting. There are 0 tasks remaining in the queue.
2019-09-12 10:53:15,170 [main] INFO  segmented.SegmentedRaftLogWorker (SegmentedRaftLogWorker.java:close(228)) - 005a1424-1186-4d58-b0b5-fdf3e953d666-SegmentedRaftLogWorker:Storage Directory /workdir/hadoop-ozone/integration-test/target/test-dir/MiniOzoneClusterImpl-838a7ec2-4afb-4d68-8138-46fa65bc7e11/datanode-6/data/ratis/b89b6cc7-8ecf-4efd-85c0-bf738946ccbf close()
2019-09-12 10:53:15,170 [ForkJoinPool.commonPool-worker-1] INFO  segmented.SegmentedRaftLogWorker (SegmentedRaftLogWorker.java:close(228)) - e4f93bd3-fff9-4926-9bf8-61056d59521f-SegmentedRaftLogWorker:Storage Directory /workdir/hadoop-ozone/integration-test/target/test-dir/MiniOzoneClusterImpl-838a7ec2-4afb-4d68-8138-46fa65bc7e11/datanode-3/data/ratis/36682389-77b3-4463-916d-d680aef4e21e close()
2019-09-12 10:53:15,173 [main] INFO  impl.RaftServerImpl (RaftServerImpl.java:lambda$shutdown$3(245)) - 005a1424-1186-4d58-b0b5-fdf3e953d666: shutdown group-61037248A5F4
2019-09-12 10:53:15,175 [ForkJoinPool.commonPool-worker-1] INFO  impl.RaftServerImpl (RaftServerImpl.java:lambda$shutdown$3(245)) - e4f93bd3-fff9-4926-9bf8-61056d59521f: shutdown group-3C75CF9DA2C3
2019-09-12 10:53:15,176 [main] INFO  util.JmxRegister (JmxRegister.java:unregister(73)) - Successfully un-registered JMX Bean with object name Ratis:service=RaftServer,group=group-61037248A5F4,id=005a1424-1186-4d58-b0b5-fdf3e953d666
2019-09-12 10:53:15,176 [ForkJoinPool.commonPool-worker-1] INFO  util.JmxRegister (JmxRegister.java:unregister(73)) - Successfully un-registered JMX Bean with object name Ratis:service=RaftServer,group=group-3C75CF9DA2C3,id=e4f93bd3-fff9-4926-9bf8-61056d59521f
2019-09-12 10:53:15,176 [main] INFO  impl.RoleInfo (RoleInfo.java:shutdownLeaderState(104)) - 005a1424-1186-4d58-b0b5-fdf3e953d666: shutdown LeaderState
2019-09-12 10:53:15,177 [ForkJoinPool.commonPool-worker-1] INFO  impl.RoleInfo (RoleInfo.java:shutdownLeaderState(104)) - e4f93bd3-fff9-4926-9bf8-61056d59521f: shutdown LeaderState
2019-09-12 10:53:15,177 [main] INFO  impl.PendingRequests (PendingRequests.java:sendNotLeaderResponses(202)) - 005a1424-1186-4d58-b0b5-fdf3e953d666-PendingRequests: sendNotLeaderResponses
2019-09-12 10:53:15,177 [ForkJoinPool.commonPool-worker-1] INFO  impl.PendingRequests (PendingRequests.java:sendNotLeaderResponses(202)) - e4f93bd3-fff9-4926-9bf8-61056d59521f-PendingRequests: sendNotLeaderResponses
2019-09-12 10:53:15,178 [main] INFO  impl.StateMachineUpdater (StateMachineUpdater.java:stopAndJoin(115)) - StateMachineUpdater:005a1424-1186-4d58-b0b5-fdf3e953d666:group-61037248A5F4: set stopIndex = 0
2019-09-12 10:53:15,178 [ForkJoinPool.commonPool-worker-1] INFO  impl.StateMachineUpdater (StateMachineUpdater.java:stopAndJoin(115)) - StateMachineUpdater:e4f93bd3-fff9-4926-9bf8-61056d59521f:group-3C75CF9DA2C3: set stopIndex = 0
2019-09-12 10:53:15,179 [main] INFO  impl.RaftServerImpl (ServerState.java:close(394)) - 005a1424-1186-4d58-b0b5-fdf3e953d666:group-61037248A5F4 closes. The last applied log index is 0
2019-09-12 10:53:15,179 [ForkJoinPool.commonPool-worker-1] INFO  impl.RaftServerImpl (ServerState.java:close(394)) - e4f93bd3-fff9-4926-9bf8-61056d59521f:group-3C75CF9DA2C3 closes. The last applied log index is 0
2019-09-12 10:53:15,180 [005a1424-1186-4d58-b0b5-fdf3e953d666-SegmentedRaftLogWorker:Storage Directory /workdir/hadoop-ozone/integration-test/target/test-dir/MiniOzoneClusterImpl-838a7ec2-4afb-4d68-8138-46fa65bc7e11/datanode-6/data/ratis/65541501-b917-4c4b-8c65-61037248a5f4] INFO  segmented.SegmentedRaftLogWorker (SegmentedRaftLogWorker.java:run(313)) - 005a1424-1186-4d58-b0b5-fdf3e953d666-SegmentedRaftLogWorker:Storage Directory /workdir/hadoop-ozone/integration-test/target/test-dir/MiniOzoneClusterImpl-838a7ec2-4afb-4d68-8138-46fa65bc7e11/datanode-6/data/ratis/65541501-b917-4c4b-8c65-61037248a5f4 was interrupted, exiting. There are 0 tasks remaining in the queue.
2019-09-12 10:53:15,180 [e4f93bd3-fff9-4926-9bf8-61056d59521f-SegmentedRaftLogWorker:Storage Directory /workdir/hadoop-ozone/integration-test/target/test-dir/MiniOzoneClusterImpl-838a7ec2-4afb-4d68-8138-46fa65bc7e11/datanode-3/data/ratis/6cc9a72a-ec3d-4fb7-9820-3c75cf9da2c3] INFO  segmented.SegmentedRaftLogWorker (SegmentedRaftLogWorker.java:run(313)) - e4f93bd3-fff9-4926-9bf8-61056d59521f-SegmentedRaftLogWorker:Storage Directory /workdir/hadoop-ozone/integration-test/target/test-dir/MiniOzoneClusterImpl-838a7ec2-4afb-4d68-8138-46fa65bc7e11/datanode-3/data/ratis/6cc9a72a-ec3d-4fb7-9820-3c75cf9da2c3 was interrupted, exiting. There are 0 tasks remaining in the queue.
2019-09-12 10:53:15,180 [main] INFO  segmented.SegmentedRaftLogWorker (SegmentedRaftLogWorker.java:close(228)) - 005a1424-1186-4d58-b0b5-fdf3e953d666-SegmentedRaftLogWorker:Storage Directory /workdir/hadoop-ozone/integration-test/target/test-dir/MiniOzoneClusterImpl-838a7ec2-4afb-4d68-8138-46fa65bc7e11/datanode-6/data/ratis/65541501-b917-4c4b-8c65-61037248a5f4 close()
2019-09-12 10:53:15,180 [ForkJoinPool.commonPool-worker-1] INFO  segmented.SegmentedRaftLogWorker (SegmentedRaftLogWorker.java:close(228)) - e4f93bd3-fff9-4926-9bf8-61056d59521f-SegmentedRaftLogWorker:Storage Directory /workdir/hadoop-ozone/integration-test/target/test-dir/MiniOzoneClusterImpl-838a7ec2-4afb-4d68-8138-46fa65bc7e11/datanode-3/data/ratis/6cc9a72a-ec3d-4fb7-9820-3c75cf9da2c3 close()
2019-09-12 10:53:15,183 [main] INFO  impl.RaftServerImpl (RaftServerImpl.java:lambda$shutdown$3(245)) - 005a1424-1186-4d58-b0b5-fdf3e953d666: shutdown group-A97877FF3E2C
2019-09-12 10:53:15,185 [ForkJoinPool.commonPool-worker-1] INFO  impl.RaftServerImpl (RaftServerImpl.java:lambda$shutdown$3(245)) - e4f93bd3-fff9-4926-9bf8-61056d59521f: shutdown group-EF72FC0375A0
2019-09-12 10:53:15,185 [main] INFO  util.JmxRegister (JmxRegister.java:unregister(73)) - Successfully un-registered JMX Bean with object name Ratis:service=RaftServer,group=group-A97877FF3E2C,id=005a1424-1186-4d58-b0b5-fdf3e953d666
2019-09-12 10:53:15,186 [ForkJoinPool.commonPool-worker-1] INFO  util.JmxRegister (JmxRegister.java:unregister(73)) - Successfully un-registered JMX Bean with object name Ratis:service=RaftServer,group=group-EF72FC0375A0,id=e4f93bd3-fff9-4926-9bf8-61056d59521f
2019-09-12 10:53:15,186 [main] INFO  impl.RoleInfo (RoleInfo.java:shutdownLeaderState(104)) - 005a1424-1186-4d58-b0b5-fdf3e953d666: shutdown LeaderState
2019-09-12 10:53:15,186 [ForkJoinPool.commonPool-worker-1] INFO  impl.RoleInfo (RoleInfo.java:shutdownLeaderState(104)) - e4f93bd3-fff9-4926-9bf8-61056d59521f: shutdown LeaderState
2019-09-12 10:53:15,187 [main] INFO  impl.PendingRequests (PendingRequests.java:sendNotLeaderResponses(202)) - 005a1424-1186-4d58-b0b5-fdf3e953d666-PendingRequests: sendNotLeaderResponses
2019-09-12 10:53:15,187 [ForkJoinPool.commonPool-worker-1] INFO  impl.PendingRequests (PendingRequests.java:sendNotLeaderResponses(202)) - e4f93bd3-fff9-4926-9bf8-61056d59521f-PendingRequests: sendNotLeaderResponses
2019-09-12 10:53:15,188 [main] INFO  impl.StateMachineUpdater (StateMachineUpdater.java:stopAndJoin(115)) - StateMachineUpdater:005a1424-1186-4d58-b0b5-fdf3e953d666:group-A97877FF3E2C: set stopIndex = 0
2019-09-12 10:53:15,188 [ForkJoinPool.commonPool-worker-1] INFO  impl.StateMachineUpdater (StateMachineUpdater.java:stopAndJoin(115)) - StateMachineUpdater:e4f93bd3-fff9-4926-9bf8-61056d59521f:group-EF72FC0375A0: set stopIndex = 0
2019-09-12 10:53:15,188 [main] INFO  impl.RaftServerImpl (ServerState.java:close(394)) - 005a1424-1186-4d58-b0b5-fdf3e953d666:group-A97877FF3E2C closes. The last applied log index is 0
2019-09-12 10:53:15,189 [ForkJoinPool.commonPool-worker-1] INFO  impl.RaftServerImpl (ServerState.java:close(394)) - e4f93bd3-fff9-4926-9bf8-61056d59521f:group-EF72FC0375A0 closes. The last applied log index is 0
2019-09-12 10:53:15,189 [005a1424-1186-4d58-b0b5-fdf3e953d666-SegmentedRaftLogWorker:Storage Directory /workdir/hadoop-ozone/integration-test/target/test-dir/MiniOzoneClusterImpl-838a7ec2-4afb-4d68-8138-46fa65bc7e11/datanode-6/data/ratis/a0032d9c-af02-40fb-bc55-a97877ff3e2c] INFO  segmented.SegmentedRaftLogWorker (SegmentedRaftLogWorker.java:run(313)) - 005a1424-1186-4d58-b0b5-fdf3e953d666-SegmentedRaftLogWorker:Storage Directory /workdir/hadoop-ozone/integration-test/target/test-dir/MiniOzoneClusterImpl-838a7ec2-4afb-4d68-8138-46fa65bc7e11/datanode-6/data/ratis/a0032d9c-af02-40fb-bc55-a97877ff3e2c was interrupted, exiting. There are 0 tasks remaining in the queue.
2019-09-12 10:53:15,190 [e4f93bd3-fff9-4926-9bf8-61056d59521f-SegmentedRaftLogWorker:Storage Directory /workdir/hadoop-ozone/integration-test/target/test-dir/MiniOzoneClusterImpl-838a7ec2-4afb-4d68-8138-46fa65bc7e11/datanode-3/data/ratis/a35c9cc6-01a4-4c9a-8d7d-ef72fc0375a0] INFO  segmented.SegmentedRaftLogWorker (SegmentedRaftLogWorker.java:run(313)) - e4f93bd3-fff9-4926-9bf8-61056d59521f-SegmentedRaftLogWorker:Storage Directory /workdir/hadoop-ozone/integration-test/target/test-dir/MiniOzoneClusterImpl-838a7ec2-4afb-4d68-8138-46fa65bc7e11/datanode-3/data/ratis/a35c9cc6-01a4-4c9a-8d7d-ef72fc0375a0 was interrupted, exiting. There are 0 tasks remaining in the queue.
2019-09-12 10:53:15,190 [main] INFO  segmented.SegmentedRaftLogWorker (SegmentedRaftLogWorker.java:close(228)) - 005a1424-1186-4d58-b0b5-fdf3e953d666-SegmentedRaftLogWorker:Storage Directory /workdir/hadoop-ozone/integration-test/target/test-dir/MiniOzoneClusterImpl-838a7ec2-4afb-4d68-8138-46fa65bc7e11/datanode-6/data/ratis/a0032d9c-af02-40fb-bc55-a97877ff3e2c close()
2019-09-12 10:53:15,190 [ForkJoinPool.commonPool-worker-1] INFO  segmented.SegmentedRaftLogWorker (SegmentedRaftLogWorker.java:close(228)) - e4f93bd3-fff9-4926-9bf8-61056d59521f-SegmentedRaftLogWorker:Storage Directory /workdir/hadoop-ozone/integration-test/target/test-dir/MiniOzoneClusterImpl-838a7ec2-4afb-4d68-8138-46fa65bc7e11/datanode-3/data/ratis/a35c9cc6-01a4-4c9a-8d7d-ef72fc0375a0 close()
2019-09-12 10:53:15,192 [main] INFO  impl.RaftServerImpl (RaftServerImpl.java:lambda$shutdown$3(245)) - 005a1424-1186-4d58-b0b5-fdf3e953d666: shutdown group-C80B24847DFC
2019-09-12 10:53:15,194 [ForkJoinPool.commonPool-worker-1] INFO  impl.RaftServerImpl (RaftServerImpl.java:lambda$shutdown$3(245)) - e4f93bd3-fff9-4926-9bf8-61056d59521f: shutdown group-B2799D490CB8
2019-09-12 10:53:15,195 [main] INFO  util.JmxRegister (JmxRegister.java:unregister(73)) - Successfully un-registered JMX Bean with object name Ratis:service=RaftServer,group=group-C80B24847DFC,id=005a1424-1186-4d58-b0b5-fdf3e953d666
2019-09-12 10:53:15,195 [ForkJoinPool.commonPool-worker-1] INFO  util.JmxRegister (JmxRegister.java:unregister(73)) - Successfully un-registered JMX Bean with object name Ratis:service=RaftServer,group=group-B2799D490CB8,id=e4f93bd3-fff9-4926-9bf8-61056d59521f
2019-09-12 10:53:15,196 [main] INFO  impl.RoleInfo (RoleInfo.java:shutdownLeaderState(104)) - 005a1424-1186-4d58-b0b5-fdf3e953d666: shutdown LeaderState
2019-09-12 10:53:15,196 [ForkJoinPool.commonPool-worker-1] INFO  impl.RoleInfo (RoleInfo.java:shutdownLeaderState(104)) - e4f93bd3-fff9-4926-9bf8-61056d59521f: shutdown LeaderState
2019-09-12 10:53:15,196 [main] INFO  impl.PendingRequests (PendingRequests.java:sendNotLeaderResponses(202)) - 005a1424-1186-4d58-b0b5-fdf3e953d666-PendingRequests: sendNotLeaderResponses
2019-09-12 10:53:15,196 [ForkJoinPool.commonPool-worker-1] INFO  impl.PendingRequests (PendingRequests.java:sendNotLeaderResponses(202)) - e4f93bd3-fff9-4926-9bf8-61056d59521f-PendingRequests: sendNotLeaderResponses
2019-09-12 10:53:15,197 [main] INFO  impl.StateMachineUpdater (StateMachineUpdater.java:stopAndJoin(115)) - StateMachineUpdater:005a1424-1186-4d58-b0b5-fdf3e953d666:group-C80B24847DFC: set stopIndex = 0
2019-09-12 10:53:15,197 [ForkJoinPool.commonPool-worker-1] INFO  impl.StateMachineUpdater (StateMachineUpdater.java:stopAndJoin(115)) - StateMachineUpdater:e4f93bd3-fff9-4926-9bf8-61056d59521f:group-B2799D490CB8: set stopIndex = 0
2019-09-12 10:53:15,198 [main] INFO  impl.RaftServerImpl (ServerState.java:close(394)) - 005a1424-1186-4d58-b0b5-fdf3e953d666:group-C80B24847DFC closes. The last applied log index is 0
2019-09-12 10:53:15,198 | INFO  | SCMAudit | user=jenkins1000 | ip=192.168.157.195 | op=SEND_HEARTBEAT {datanodeUUID=8d69d0c9-c816-414c-ba1a-8b3ab85fb900, command=[]} | ret=SUCCESS |  
2019-09-12 10:53:15,198 [ForkJoinPool.commonPool-worker-1] INFO  impl.RaftServerImpl (ServerState.java:close(394)) - e4f93bd3-fff9-4926-9bf8-61056d59521f:group-B2799D490CB8 closes. The last applied log index is 0
2019-09-12 10:53:15,198 [005a1424-1186-4d58-b0b5-fdf3e953d666-SegmentedRaftLogWorker:Storage Directory /workdir/hadoop-ozone/integration-test/target/test-dir/MiniOzoneClusterImpl-838a7ec2-4afb-4d68-8138-46fa65bc7e11/datanode-6/data/ratis/f5b7e39c-8e41-41b1-9134-c80b24847dfc] INFO  segmented.SegmentedRaftLogWorker (SegmentedRaftLogWorker.java:run(313)) - 005a1424-1186-4d58-b0b5-fdf3e953d666-SegmentedRaftLogWorker:Storage Directory /workdir/hadoop-ozone/integration-test/target/test-dir/MiniOzoneClusterImpl-838a7ec2-4afb-4d68-8138-46fa65bc7e11/datanode-6/data/ratis/f5b7e39c-8e41-41b1-9134-c80b24847dfc was interrupted, exiting. There are 0 tasks remaining in the queue.
2019-09-12 10:53:15,199 [e4f93bd3-fff9-4926-9bf8-61056d59521f-SegmentedRaftLogWorker:Storage Directory /workdir/hadoop-ozone/integration-test/target/test-dir/MiniOzoneClusterImpl-838a7ec2-4afb-4d68-8138-46fa65bc7e11/datanode-3/data/ratis/7d9ef399-e0a1-40d8-bc0c-b2799d490cb8] INFO  segmented.SegmentedRaftLogWorker (SegmentedRaftLogWorker.java:run(313)) - e4f93bd3-fff9-4926-9bf8-61056d59521f-SegmentedRaftLogWorker:Storage Directory /workdir/hadoop-ozone/integration-test/target/test-dir/MiniOzoneClusterImpl-838a7ec2-4afb-4d68-8138-46fa65bc7e11/datanode-3/data/ratis/7d9ef399-e0a1-40d8-bc0c-b2799d490cb8 was interrupted, exiting. There are 0 tasks remaining in the queue.
2019-09-12 10:53:15,199 [main] INFO  segmented.SegmentedRaftLogWorker (SegmentedRaftLogWorker.java:close(228)) - 005a1424-1186-4d58-b0b5-fdf3e953d666-SegmentedRaftLogWorker:Storage Directory /workdir/hadoop-ozone/integration-test/target/test-dir/MiniOzoneClusterImpl-838a7ec2-4afb-4d68-8138-46fa65bc7e11/datanode-6/data/ratis/f5b7e39c-8e41-41b1-9134-c80b24847dfc close()
2019-09-12 10:53:15,199 [ForkJoinPool.commonPool-worker-1] INFO  segmented.SegmentedRaftLogWorker (SegmentedRaftLogWorker.java:close(228)) - e4f93bd3-fff9-4926-9bf8-61056d59521f-SegmentedRaftLogWorker:Storage Directory /workdir/hadoop-ozone/integration-test/target/test-dir/MiniOzoneClusterImpl-838a7ec2-4afb-4d68-8138-46fa65bc7e11/datanode-3/data/ratis/7d9ef399-e0a1-40d8-bc0c-b2799d490cb8 close()
2019-09-12 10:53:15,212 [main] INFO  impl.RaftServerImpl (RaftServerImpl.java:lambda$shutdown$3(245)) - 005a1424-1186-4d58-b0b5-fdf3e953d666: shutdown group-924E852ACC2D
2019-09-12 10:53:15,215 [ForkJoinPool.commonPool-worker-1] INFO  impl.RaftServerImpl (RaftServerImpl.java:lambda$shutdown$3(245)) - e4f93bd3-fff9-4926-9bf8-61056d59521f: shutdown group-00465F3C11D2
2019-09-12 10:53:15,215 [main] INFO  util.JmxRegister (JmxRegister.java:unregister(73)) - Successfully un-registered JMX Bean with object name Ratis:service=RaftServer,group=group-924E852ACC2D,id=005a1424-1186-4d58-b0b5-fdf3e953d666
2019-09-12 10:53:15,215 [ForkJoinPool.commonPool-worker-1] INFO  util.JmxRegister (JmxRegister.java:unregister(73)) - Successfully un-registered JMX Bean with object name Ratis:service=RaftServer,group=group-00465F3C11D2,id=e4f93bd3-fff9-4926-9bf8-61056d59521f
2019-09-12 10:53:15,216 [main] INFO  impl.RoleInfo (RoleInfo.java:shutdownLeaderState(104)) - 005a1424-1186-4d58-b0b5-fdf3e953d666: shutdown LeaderState
2019-09-12 10:53:15,216 [ForkJoinPool.commonPool-worker-1] INFO  impl.RoleInfo (RoleInfo.java:shutdownLeaderState(104)) - e4f93bd3-fff9-4926-9bf8-61056d59521f: shutdown LeaderState
2019-09-12 10:53:15,216 [main] INFO  impl.PendingRequests (PendingRequests.java:sendNotLeaderResponses(202)) - 005a1424-1186-4d58-b0b5-fdf3e953d666-PendingRequests: sendNotLeaderResponses
2019-09-12 10:53:15,217 [ForkJoinPool.commonPool-worker-1] INFO  impl.PendingRequests (PendingRequests.java:sendNotLeaderResponses(202)) - e4f93bd3-fff9-4926-9bf8-61056d59521f-PendingRequests: sendNotLeaderResponses
2019-09-12 10:53:15,217 [main] INFO  impl.StateMachineUpdater (StateMachineUpdater.java:stopAndJoin(115)) - StateMachineUpdater:005a1424-1186-4d58-b0b5-fdf3e953d666:group-924E852ACC2D: set stopIndex = 0
2019-09-12 10:53:15,218 [ForkJoinPool.commonPool-worker-1] INFO  impl.StateMachineUpdater (StateMachineUpdater.java:stopAndJoin(115)) - StateMachineUpdater:e4f93bd3-fff9-4926-9bf8-61056d59521f:group-00465F3C11D2: set stopIndex = 0
2019-09-12 10:53:15,218 [main] INFO  impl.RaftServerImpl (ServerState.java:close(394)) - 005a1424-1186-4d58-b0b5-fdf3e953d666:group-924E852ACC2D closes. The last applied log index is 0
2019-09-12 10:53:15,218 [ForkJoinPool.commonPool-worker-1] INFO  impl.RaftServerImpl (ServerState.java:close(394)) - e4f93bd3-fff9-4926-9bf8-61056d59521f:group-00465F3C11D2 closes. The last applied log index is 0
2019-09-12 10:53:15,219 [005a1424-1186-4d58-b0b5-fdf3e953d666-SegmentedRaftLogWorker:Storage Directory /workdir/hadoop-ozone/integration-test/target/test-dir/MiniOzoneClusterImpl-838a7ec2-4afb-4d68-8138-46fa65bc7e11/datanode-6/data/ratis/4b43ec56-a29e-4f31-b2fe-924e852acc2d] INFO  segmented.SegmentedRaftLogWorker (SegmentedRaftLogWorker.java:run(313)) - 005a1424-1186-4d58-b0b5-fdf3e953d666-SegmentedRaftLogWorker:Storage Directory /workdir/hadoop-ozone/integration-test/target/test-dir/MiniOzoneClusterImpl-838a7ec2-4afb-4d68-8138-46fa65bc7e11/datanode-6/data/ratis/4b43ec56-a29e-4f31-b2fe-924e852acc2d was interrupted, exiting. There are 0 tasks remaining in the queue.
2019-09-12 10:53:15,219 [e4f93bd3-fff9-4926-9bf8-61056d59521f-SegmentedRaftLogWorker:Storage Directory /workdir/hadoop-ozone/integration-test/target/test-dir/MiniOzoneClusterImpl-838a7ec2-4afb-4d68-8138-46fa65bc7e11/datanode-3/data/ratis/7e0cd569-3b75-4906-acf0-00465f3c11d2] INFO  segmented.SegmentedRaftLogWorker (SegmentedRaftLogWorker.java:run(313)) - e4f93bd3-fff9-4926-9bf8-61056d59521f-SegmentedRaftLogWorker:Storage Directory /workdir/hadoop-ozone/integration-test/target/test-dir/MiniOzoneClusterImpl-838a7ec2-4afb-4d68-8138-46fa65bc7e11/datanode-3/data/ratis/7e0cd569-3b75-4906-acf0-00465f3c11d2 was interrupted, exiting. There are 0 tasks remaining in the queue.
2019-09-12 10:53:15,219 [main] INFO  segmented.SegmentedRaftLogWorker (SegmentedRaftLogWorker.java:close(228)) - 005a1424-1186-4d58-b0b5-fdf3e953d666-SegmentedRaftLogWorker:Storage Directory /workdir/hadoop-ozone/integration-test/target/test-dir/MiniOzoneClusterImpl-838a7ec2-4afb-4d68-8138-46fa65bc7e11/datanode-6/data/ratis/4b43ec56-a29e-4f31-b2fe-924e852acc2d close()
2019-09-12 10:53:15,219 [ForkJoinPool.commonPool-worker-1] INFO  segmented.SegmentedRaftLogWorker (SegmentedRaftLogWorker.java:close(228)) - e4f93bd3-fff9-4926-9bf8-61056d59521f-SegmentedRaftLogWorker:Storage Directory /workdir/hadoop-ozone/integration-test/target/test-dir/MiniOzoneClusterImpl-838a7ec2-4afb-4d68-8138-46fa65bc7e11/datanode-3/data/ratis/7e0cd569-3b75-4906-acf0-00465f3c11d2 close()
2019-09-12 10:53:15,220 [main] INFO  impl.RaftServerImpl (RaftServerImpl.java:lambda$shutdown$3(245)) - 005a1424-1186-4d58-b0b5-fdf3e953d666: shutdown group-FC9C41026EA7
2019-09-12 10:53:15,220 [ForkJoinPool.commonPool-worker-1] INFO  server.GrpcService (GrpcService.java:closeImpl(155)) - e4f93bd3-fff9-4926-9bf8-61056d59521f: shutdown server with port 41370 now
2019-09-12 10:53:15,220 [main] INFO  util.JmxRegister (JmxRegister.java:unregister(73)) - Successfully un-registered JMX Bean with object name Ratis:service=RaftServer,group=group-FC9C41026EA7,id=005a1424-1186-4d58-b0b5-fdf3e953d666
2019-09-12 10:53:15,223 [ForkJoinPool.commonPool-worker-1] INFO  server.GrpcService (GrpcService.java:closeImpl(163)) - e4f93bd3-fff9-4926-9bf8-61056d59521f: shutdown server with port 41370 successfully
2019-09-12 10:53:15,223 [main] INFO  impl.RoleInfo (RoleInfo.java:shutdownLeaderState(104)) - 005a1424-1186-4d58-b0b5-fdf3e953d666: shutdown LeaderState
2019-09-12 10:53:15,223 [main] INFO  impl.PendingRequests (PendingRequests.java:sendNotLeaderResponses(202)) - 005a1424-1186-4d58-b0b5-fdf3e953d666-PendingRequests: sendNotLeaderResponses
2019-09-12 10:53:15,224 [main] INFO  impl.StateMachineUpdater (StateMachineUpdater.java:stopAndJoin(115)) - StateMachineUpdater:005a1424-1186-4d58-b0b5-fdf3e953d666:group-FC9C41026EA7: set stopIndex = 0
2019-09-12 10:53:15,224 [main] INFO  impl.RaftServerImpl (ServerState.java:close(394)) - 005a1424-1186-4d58-b0b5-fdf3e953d666:group-FC9C41026EA7 closes. The last applied log index is 0
2019-09-12 10:53:15,225 [005a1424-1186-4d58-b0b5-fdf3e953d666-SegmentedRaftLogWorker:Storage Directory /workdir/hadoop-ozone/integration-test/target/test-dir/MiniOzoneClusterImpl-838a7ec2-4afb-4d68-8138-46fa65bc7e11/datanode-6/data/ratis/5774af74-f54a-4be2-a18e-fc9c41026ea7] INFO  segmented.SegmentedRaftLogWorker (SegmentedRaftLogWorker.java:run(313)) - 005a1424-1186-4d58-b0b5-fdf3e953d666-SegmentedRaftLogWorker:Storage Directory /workdir/hadoop-ozone/integration-test/target/test-dir/MiniOzoneClusterImpl-838a7ec2-4afb-4d68-8138-46fa65bc7e11/datanode-6/data/ratis/5774af74-f54a-4be2-a18e-fc9c41026ea7 was interrupted, exiting. There are 0 tasks remaining in the queue.
2019-09-12 10:53:15,225 [main] INFO  segmented.SegmentedRaftLogWorker (SegmentedRaftLogWorker.java:close(228)) - 005a1424-1186-4d58-b0b5-fdf3e953d666-SegmentedRaftLogWorker:Storage Directory /workdir/hadoop-ozone/integration-test/target/test-dir/MiniOzoneClusterImpl-838a7ec2-4afb-4d68-8138-46fa65bc7e11/datanode-6/data/ratis/5774af74-f54a-4be2-a18e-fc9c41026ea7 close()
2019-09-12 10:53:15,226 [main] INFO  server.GrpcService (GrpcService.java:closeImpl(155)) - 005a1424-1186-4d58-b0b5-fdf3e953d666: shutdown server with port 33930 now
2019-09-12 10:53:15,228 [main] INFO  server.GrpcService (GrpcService.java:closeImpl(163)) - 005a1424-1186-4d58-b0b5-fdf3e953d666: shutdown server with port 33930 successfully
2019-09-12 10:53:15,230 [ForkJoinPool.commonPool-worker-1] INFO  utils.BackgroundService (BackgroundService.java:shutdown(148)) - Shutting down service BlockDeletingService
2019-09-12 10:53:15,233 [refreshUsed-/workdir/hadoop-ozone/integration-test/target/test-dir/MiniOzoneClusterImpl-838a7ec2-4afb-4d68-8138-46fa65bc7e11/datanode-3/data/containers] WARN  fs.CachingGetSpaceUsed (CachingGetSpaceUsed.java:run(183)) - Thread Interrupted waiting to refresh disk information: sleep interrupted
2019-09-12 10:53:15,236 [main] INFO  utils.BackgroundService (BackgroundService.java:shutdown(148)) - Shutting down service BlockDeletingService
2019-09-12 10:53:15,240 [refreshUsed-/workdir/hadoop-ozone/integration-test/target/test-dir/MiniOzoneClusterImpl-838a7ec2-4afb-4d68-8138-46fa65bc7e11/datanode-6/data/containers] WARN  fs.CachingGetSpaceUsed (CachingGetSpaceUsed.java:run(183)) - Thread Interrupted waiting to refresh disk information: sleep interrupted
2019-09-12 10:53:15,257 [ForkJoinPool.commonPool-worker-1] INFO  statemachine.DatanodeStateMachine (DatanodeStateMachine.java:stopDaemon(395)) - Ozone container server stopped.
2019-09-12 10:53:15,263 [ForkJoinPool.commonPool-worker-1] INFO  handler.ContextHandler (ContextHandler.java:doStop(910)) - Stopped o.e.j.w.WebAppContext@5ec9eefa{/,null,UNAVAILABLE}{/hddsDatanode}
2019-09-12 10:53:15,263 [ForkJoinPool.commonPool-worker-1] INFO  server.AbstractConnector (AbstractConnector.java:doStop(318)) - Stopped ServerConnector@28b8f98a{HTTP/1.1,[http/1.1]}{0.0.0.0:0}
2019-09-12 10:53:15,265 [ForkJoinPool.commonPool-worker-1] INFO  handler.ContextHandler (ContextHandler.java:doStop(910)) - Stopped o.e.j.s.ServletContextHandler@138f0661{/static,jar:file:/home/user/.m2/repository/org/apache/hadoop/hadoop-hdds-container-service/0.5.0-SNAPSHOT/hadoop-hdds-container-service-0.5.0-SNAPSHOT.jar!/webapps/static,UNAVAILABLE}
2019-09-12 10:53:15,267 [ForkJoinPool.commonPool-worker-1] INFO  handler.ContextHandler (ContextHandler.java:doStop(910)) - Stopped o.e.j.s.ServletContextHandler@55361f03{/logs,file:///workdir/hadoop-ozone/integration-test/target/log,UNAVAILABLE}
2019-09-12 10:53:15,268 [ForkJoinPool.commonPool-worker-1] INFO  datanode.ObjectStoreHandler (ObjectStoreHandler.java:close(155)) - Closing ObjectStoreHandler.
2019-09-12 10:53:15,268 [ForkJoinPool.commonPool-worker-1] INFO  ozone.HddsDatanodeService (HddsDatanodeService.java:stop(451)) - Stopped plug-in org.apache.hadoop.ozone.web.OzoneHddsDatanodeService@21d9cd04
2019-09-12 10:53:15,273 [main] INFO  statemachine.DatanodeStateMachine (DatanodeStateMachine.java:stopDaemon(395)) - Ozone container server stopped.
2019-09-12 10:53:15,274 [main] INFO  handler.ContextHandler (ContextHandler.java:doStop(910)) - Stopped o.e.j.w.WebAppContext@3dea226b{/,null,UNAVAILABLE}{/hddsDatanode}
2019-09-12 10:53:15,274 [main] INFO  server.AbstractConnector (AbstractConnector.java:doStop(318)) - Stopped ServerConnector@74500e4f{HTTP/1.1,[http/1.1]}{0.0.0.0:0}
2019-09-12 10:53:15,275 [main] INFO  handler.ContextHandler (ContextHandler.java:doStop(910)) - Stopped o.e.j.s.ServletContextHandler@f03ee8f{/static,jar:file:/home/user/.m2/repository/org/apache/hadoop/hadoop-hdds-container-service/0.5.0-SNAPSHOT/hadoop-hdds-container-service-0.5.0-SNAPSHOT.jar!/webapps/static,UNAVAILABLE}
2019-09-12 10:53:15,275 [main] INFO  handler.ContextHandler (ContextHandler.java:doStop(910)) - Stopped o.e.j.s.ServletContextHandler@22da200e{/logs,file:///workdir/hadoop-ozone/integration-test/target/log,UNAVAILABLE}
2019-09-12 10:53:15,276 [main] INFO  datanode.ObjectStoreHandler (ObjectStoreHandler.java:close(155)) - Closing ObjectStoreHandler.
2019-09-12 10:53:15,277 [main] INFO  ozone.HddsDatanodeService (HddsDatanodeService.java:stop(451)) - Stopped plug-in org.apache.hadoop.ozone.web.OzoneHddsDatanodeService@a69f9d
2019-09-12 10:53:15,336 | INFO  | SCMAudit | user=jenkins1000 | ip=192.168.157.195 | op=SEND_HEARTBEAT {datanodeUUID=02d2c735-5a91-4cfc-b37b-8234c14e6879, command=[]} | ret=SUCCESS |  
2019-09-12 10:53:15,451 | INFO  | SCMAudit | user=jenkins1000 | ip=192.168.157.195 | op=SEND_HEARTBEAT {datanodeUUID=9dc3d9e1-35df-4da5-a2c1-5b39dd910295, command=[]} | ret=SUCCESS |  
2019-09-12 10:53:15,926 | INFO  | SCMAudit | user=jenkins1000 | ip=192.168.157.195 | op=SEND_HEARTBEAT {datanodeUUID=35ed61f3-e470-497f-b63f-7decb4cef9e0, command=[]} | ret=SUCCESS |  
2019-09-12 10:53:16,124 [Datanode State Machine Thread - 0] INFO  statemachine.DatanodeStateMachine (DatanodeStateMachine.java:lambda$startDaemon$0(350)) - Ozone container server started.
2019-09-12 10:53:16,129 | INFO  | SCMAudit | user=jenkins1000 | ip=192.168.157.195 | op=SEND_HEARTBEAT {datanodeUUID=da20f580-5b10-4303-a8d6-74672b88192d, command=[]} | ret=SUCCESS |  
2019-09-12 10:53:16,197 [Datanode State Machine Thread - 0] INFO  statemachine.DatanodeStateMachine (DatanodeStateMachine.java:lambda$startDaemon$0(350)) - Ozone container server started.
2019-09-12 10:53:16,336 | INFO  | SCMAudit | user=jenkins1000 | ip=192.168.157.195 | op=SEND_HEARTBEAT {datanodeUUID=02d2c735-5a91-4cfc-b37b-8234c14e6879, command=[]} | ret=SUCCESS |  
2019-09-12 10:53:16,452 | INFO  | SCMAudit | user=jenkins1000 | ip=192.168.157.195 | op=SEND_HEARTBEAT {datanodeUUID=9dc3d9e1-35df-4da5-a2c1-5b39dd910295, command=[]} | ret=SUCCESS |  
2019-09-12 10:53:16,926 | INFO  | SCMAudit | user=jenkins1000 | ip=192.168.157.195 | op=SEND_HEARTBEAT {datanodeUUID=35ed61f3-e470-497f-b63f-7decb4cef9e0, command=[]} | ret=SUCCESS |  
2019-09-12 10:53:17,129 | INFO  | SCMAudit | user=jenkins1000 | ip=192.168.157.195 | op=SEND_HEARTBEAT {datanodeUUID=da20f580-5b10-4303-a8d6-74672b88192d, command=[]} | ret=SUCCESS |  
2019-09-12 10:53:17,336 | INFO  | SCMAudit | user=jenkins1000 | ip=192.168.157.195 | op=SEND_HEARTBEAT {datanodeUUID=02d2c735-5a91-4cfc-b37b-8234c14e6879, command=[]} | ret=SUCCESS |  
2019-09-12 10:53:17,452 | INFO  | SCMAudit | user=jenkins1000 | ip=192.168.157.195 | op=SEND_HEARTBEAT {datanodeUUID=9dc3d9e1-35df-4da5-a2c1-5b39dd910295, command=[]} | ret=SUCCESS |  
2019-09-12 10:53:17,926 | INFO  | SCMAudit | user=jenkins1000 | ip=192.168.157.195 | op=SEND_HEARTBEAT {datanodeUUID=35ed61f3-e470-497f-b63f-7decb4cef9e0, command=[]} | ret=SUCCESS |  
2019-09-12 10:53:18,129 | INFO  | SCMAudit | user=jenkins1000 | ip=192.168.157.195 | op=SEND_HEARTBEAT {datanodeUUID=da20f580-5b10-4303-a8d6-74672b88192d, command=[]} | ret=SUCCESS |  
2019-09-12 10:53:18,336 | INFO  | SCMAudit | user=jenkins1000 | ip=192.168.157.195 | op=SEND_HEARTBEAT {datanodeUUID=02d2c735-5a91-4cfc-b37b-8234c14e6879, command=[]} | ret=SUCCESS |  
2019-09-12 10:53:18,452 | INFO  | SCMAudit | user=jenkins1000 | ip=192.168.157.195 | op=SEND_HEARTBEAT {datanodeUUID=9dc3d9e1-35df-4da5-a2c1-5b39dd910295, command=[]} | ret=SUCCESS |  
2019-09-12 10:53:18,926 | INFO  | SCMAudit | user=jenkins1000 | ip=192.168.157.195 | op=SEND_HEARTBEAT {datanodeUUID=35ed61f3-e470-497f-b63f-7decb4cef9e0, command=[]} | ret=SUCCESS |  
2019-09-12 10:53:19,129 | INFO  | SCMAudit | user=jenkins1000 | ip=192.168.157.195 | op=SEND_HEARTBEAT {datanodeUUID=da20f580-5b10-4303-a8d6-74672b88192d, command=[]} | ret=SUCCESS |  
2019-09-12 10:53:19,336 | INFO  | SCMAudit | user=jenkins1000 | ip=192.168.157.195 | op=SEND_HEARTBEAT {datanodeUUID=02d2c735-5a91-4cfc-b37b-8234c14e6879, command=[]} | ret=SUCCESS |  
2019-09-12 10:53:19,452 | INFO  | SCMAudit | user=jenkins1000 | ip=192.168.157.195 | op=SEND_HEARTBEAT {datanodeUUID=9dc3d9e1-35df-4da5-a2c1-5b39dd910295, command=[]} | ret=SUCCESS |  
2019-09-12 10:53:19,926 | INFO  | SCMAudit | user=jenkins1000 | ip=192.168.157.195 | op=SEND_HEARTBEAT {datanodeUUID=35ed61f3-e470-497f-b63f-7decb4cef9e0, command=[]} | ret=SUCCESS |  
2019-09-12 10:53:20,129 | INFO  | SCMAudit | user=jenkins1000 | ip=192.168.157.195 | op=SEND_HEARTBEAT {datanodeUUID=da20f580-5b10-4303-a8d6-74672b88192d, command=[]} | ret=SUCCESS |  
2019-09-12 10:53:20,269 [ForkJoinPool.commonPool-worker-1] INFO  ozoneimpl.OzoneContainer (OzoneContainer.java:stop(199)) - Attempting to stop container services.
2019-09-12 10:53:20,269 [ForkJoinPool.commonPool-worker-1] INFO  impl.RaftServerProxy (RaftServerProxy.java:lambda$close$4(314)) - 8d69d0c9-c816-414c-ba1a-8b3ab85fb900: close
2019-09-12 10:53:20,270 [ForkJoinPool.commonPool-worker-1] INFO  impl.RaftServerImpl (RaftServerImpl.java:lambda$shutdown$3(245)) - 8d69d0c9-c816-414c-ba1a-8b3ab85fb900: shutdown group-5F804FB35A26
2019-09-12 10:53:20,270 [ForkJoinPool.commonPool-worker-1] INFO  util.JmxRegister (JmxRegister.java:unregister(73)) - Successfully un-registered JMX Bean with object name Ratis:service=RaftServer,group=group-5F804FB35A26,id=8d69d0c9-c816-414c-ba1a-8b3ab85fb900
2019-09-12 10:53:20,270 [ForkJoinPool.commonPool-worker-1] INFO  impl.RoleInfo (RoleInfo.java:shutdownLeaderState(104)) - 8d69d0c9-c816-414c-ba1a-8b3ab85fb900: shutdown LeaderState
2019-09-12 10:53:20,271 [ForkJoinPool.commonPool-worker-1] INFO  impl.PendingRequests (PendingRequests.java:sendNotLeaderResponses(202)) - 8d69d0c9-c816-414c-ba1a-8b3ab85fb900-PendingRequests: sendNotLeaderResponses
2019-09-12 10:53:20,271 [ForkJoinPool.commonPool-worker-1] INFO  impl.StateMachineUpdater (StateMachineUpdater.java:stopAndJoin(115)) - StateMachineUpdater:8d69d0c9-c816-414c-ba1a-8b3ab85fb900:group-5F804FB35A26: set stopIndex = 0
2019-09-12 10:53:20,271 [ForkJoinPool.commonPool-worker-1] INFO  impl.RaftServerImpl (ServerState.java:close(394)) - 8d69d0c9-c816-414c-ba1a-8b3ab85fb900:group-5F804FB35A26 closes. The last applied log index is 0
2019-09-12 10:53:20,272 [8d69d0c9-c816-414c-ba1a-8b3ab85fb900-SegmentedRaftLogWorker:Storage Directory /workdir/hadoop-ozone/integration-test/target/test-dir/MiniOzoneClusterImpl-838a7ec2-4afb-4d68-8138-46fa65bc7e11/datanode-4/data/ratis/f2551d0a-4135-4ebf-bbb0-5f804fb35a26] INFO  segmented.SegmentedRaftLogWorker (SegmentedRaftLogWorker.java:run(313)) - 8d69d0c9-c816-414c-ba1a-8b3ab85fb900-SegmentedRaftLogWorker:Storage Directory /workdir/hadoop-ozone/integration-test/target/test-dir/MiniOzoneClusterImpl-838a7ec2-4afb-4d68-8138-46fa65bc7e11/datanode-4/data/ratis/f2551d0a-4135-4ebf-bbb0-5f804fb35a26 was interrupted, exiting. There are 0 tasks remaining in the queue.
2019-09-12 10:53:20,272 [ForkJoinPool.commonPool-worker-1] INFO  segmented.SegmentedRaftLogWorker (SegmentedRaftLogWorker.java:close(228)) - 8d69d0c9-c816-414c-ba1a-8b3ab85fb900-SegmentedRaftLogWorker:Storage Directory /workdir/hadoop-ozone/integration-test/target/test-dir/MiniOzoneClusterImpl-838a7ec2-4afb-4d68-8138-46fa65bc7e11/datanode-4/data/ratis/f2551d0a-4135-4ebf-bbb0-5f804fb35a26 close()
2019-09-12 10:53:20,273 [ForkJoinPool.commonPool-worker-1] INFO  impl.RaftServerImpl (RaftServerImpl.java:lambda$shutdown$3(245)) - 8d69d0c9-c816-414c-ba1a-8b3ab85fb900: shutdown group-9DA89C718906
2019-09-12 10:53:20,273 [ForkJoinPool.commonPool-worker-1] INFO  util.JmxRegister (JmxRegister.java:unregister(73)) - Successfully un-registered JMX Bean with object name Ratis:service=RaftServer,group=group-9DA89C718906,id=8d69d0c9-c816-414c-ba1a-8b3ab85fb900
2019-09-12 10:53:20,273 [ForkJoinPool.commonPool-worker-1] INFO  impl.RoleInfo (RoleInfo.java:shutdownLeaderState(104)) - 8d69d0c9-c816-414c-ba1a-8b3ab85fb900: shutdown LeaderState
2019-09-12 10:53:20,274 [ForkJoinPool.commonPool-worker-1] INFO  impl.PendingRequests (PendingRequests.java:sendNotLeaderResponses(202)) - 8d69d0c9-c816-414c-ba1a-8b3ab85fb900-PendingRequests: sendNotLeaderResponses
2019-09-12 10:53:20,274 [ForkJoinPool.commonPool-worker-1] INFO  impl.StateMachineUpdater (StateMachineUpdater.java:stopAndJoin(115)) - StateMachineUpdater:8d69d0c9-c816-414c-ba1a-8b3ab85fb900:group-9DA89C718906: set stopIndex = 0
2019-09-12 10:53:20,274 [ForkJoinPool.commonPool-worker-1] INFO  impl.RaftServerImpl (ServerState.java:close(394)) - 8d69d0c9-c816-414c-ba1a-8b3ab85fb900:group-9DA89C718906 closes. The last applied log index is 0
2019-09-12 10:53:20,275 [8d69d0c9-c816-414c-ba1a-8b3ab85fb900-SegmentedRaftLogWorker:Storage Directory /workdir/hadoop-ozone/integration-test/target/test-dir/MiniOzoneClusterImpl-838a7ec2-4afb-4d68-8138-46fa65bc7e11/datanode-4/data/ratis/bdb5d784-6b1e-4d9c-b61f-9da89c718906] INFO  segmented.SegmentedRaftLogWorker (SegmentedRaftLogWorker.java:run(313)) - 8d69d0c9-c816-414c-ba1a-8b3ab85fb900-SegmentedRaftLogWorker:Storage Directory /workdir/hadoop-ozone/integration-test/target/test-dir/MiniOzoneClusterImpl-838a7ec2-4afb-4d68-8138-46fa65bc7e11/datanode-4/data/ratis/bdb5d784-6b1e-4d9c-b61f-9da89c718906 was interrupted, exiting. There are 0 tasks remaining in the queue.
2019-09-12 10:53:20,275 [ForkJoinPool.commonPool-worker-1] INFO  segmented.SegmentedRaftLogWorker (SegmentedRaftLogWorker.java:close(228)) - 8d69d0c9-c816-414c-ba1a-8b3ab85fb900-SegmentedRaftLogWorker:Storage Directory /workdir/hadoop-ozone/integration-test/target/test-dir/MiniOzoneClusterImpl-838a7ec2-4afb-4d68-8138-46fa65bc7e11/datanode-4/data/ratis/bdb5d784-6b1e-4d9c-b61f-9da89c718906 close()
2019-09-12 10:53:20,275 [ForkJoinPool.commonPool-worker-1] INFO  impl.RaftServerImpl (RaftServerImpl.java:lambda$shutdown$3(245)) - 8d69d0c9-c816-414c-ba1a-8b3ab85fb900: shutdown group-FDCF1CA8C3EF
2019-09-12 10:53:20,276 [ForkJoinPool.commonPool-worker-1] INFO  util.JmxRegister (JmxRegister.java:unregister(73)) - Successfully un-registered JMX Bean with object name Ratis:service=RaftServer,group=group-FDCF1CA8C3EF,id=8d69d0c9-c816-414c-ba1a-8b3ab85fb900
2019-09-12 10:53:20,276 [ForkJoinPool.commonPool-worker-1] INFO  impl.RoleInfo (RoleInfo.java:shutdownLeaderState(104)) - 8d69d0c9-c816-414c-ba1a-8b3ab85fb900: shutdown LeaderState
2019-09-12 10:53:20,276 [ForkJoinPool.commonPool-worker-1] INFO  impl.PendingRequests (PendingRequests.java:sendNotLeaderResponses(202)) - 8d69d0c9-c816-414c-ba1a-8b3ab85fb900-PendingRequests: sendNotLeaderResponses
2019-09-12 10:53:20,277 [ForkJoinPool.commonPool-worker-1] INFO  impl.StateMachineUpdater (StateMachineUpdater.java:stopAndJoin(115)) - StateMachineUpdater:8d69d0c9-c816-414c-ba1a-8b3ab85fb900:group-FDCF1CA8C3EF: set stopIndex = 0
2019-09-12 10:53:20,277 [ForkJoinPool.commonPool-worker-1] INFO  impl.RaftServerImpl (ServerState.java:close(394)) - 8d69d0c9-c816-414c-ba1a-8b3ab85fb900:group-FDCF1CA8C3EF closes. The last applied log index is 0
2019-09-12 10:53:20,277 [8d69d0c9-c816-414c-ba1a-8b3ab85fb900-SegmentedRaftLogWorker:Storage Directory /workdir/hadoop-ozone/integration-test/target/test-dir/MiniOzoneClusterImpl-838a7ec2-4afb-4d68-8138-46fa65bc7e11/datanode-4/data/ratis/6161d23e-e11d-4c9f-9bbc-fdcf1ca8c3ef] INFO  segmented.SegmentedRaftLogWorker (SegmentedRaftLogWorker.java:run(313)) - 8d69d0c9-c816-414c-ba1a-8b3ab85fb900-SegmentedRaftLogWorker:Storage Directory /workdir/hadoop-ozone/integration-test/target/test-dir/MiniOzoneClusterImpl-838a7ec2-4afb-4d68-8138-46fa65bc7e11/datanode-4/data/ratis/6161d23e-e11d-4c9f-9bbc-fdcf1ca8c3ef was interrupted, exiting. There are 0 tasks remaining in the queue.
2019-09-12 10:53:20,278 [ForkJoinPool.commonPool-worker-1] INFO  segmented.SegmentedRaftLogWorker (SegmentedRaftLogWorker.java:close(228)) - 8d69d0c9-c816-414c-ba1a-8b3ab85fb900-SegmentedRaftLogWorker:Storage Directory /workdir/hadoop-ozone/integration-test/target/test-dir/MiniOzoneClusterImpl-838a7ec2-4afb-4d68-8138-46fa65bc7e11/datanode-4/data/ratis/6161d23e-e11d-4c9f-9bbc-fdcf1ca8c3ef close()
2019-09-12 10:53:20,278 [main] INFO  ozoneimpl.OzoneContainer (OzoneContainer.java:stop(199)) - Attempting to stop container services.
2019-09-12 10:53:20,278 [ForkJoinPool.commonPool-worker-1] INFO  impl.RaftServerImpl (RaftServerImpl.java:lambda$shutdown$3(245)) - 8d69d0c9-c816-414c-ba1a-8b3ab85fb900: shutdown group-E63E8C9D367A
2019-09-12 10:53:20,279 [main] INFO  impl.RaftServerProxy (RaftServerProxy.java:lambda$close$4(314)) - c17d4de2-caaf-4ec0-b997-c9cf8b2a9041: close
2019-09-12 10:53:20,279 [ForkJoinPool.commonPool-worker-1] INFO  util.JmxRegister (JmxRegister.java:unregister(73)) - Successfully un-registered JMX Bean with object name Ratis:service=RaftServer,group=group-E63E8C9D367A,id=8d69d0c9-c816-414c-ba1a-8b3ab85fb900
2019-09-12 10:53:20,279 [main] INFO  impl.RaftServerImpl (RaftServerImpl.java:lambda$shutdown$3(245)) - c17d4de2-caaf-4ec0-b997-c9cf8b2a9041: shutdown group-10CB25FB2CD0
2019-09-12 10:53:20,279 [ForkJoinPool.commonPool-worker-1] INFO  impl.RoleInfo (RoleInfo.java:shutdownLeaderState(104)) - 8d69d0c9-c816-414c-ba1a-8b3ab85fb900: shutdown LeaderState
2019-09-12 10:53:20,280 [main] INFO  util.JmxRegister (JmxRegister.java:unregister(73)) - Successfully un-registered JMX Bean with object name Ratis:service=RaftServer,group=group-10CB25FB2CD0,id=c17d4de2-caaf-4ec0-b997-c9cf8b2a9041
2019-09-12 10:53:20,280 [ForkJoinPool.commonPool-worker-1] INFO  impl.PendingRequests (PendingRequests.java:sendNotLeaderResponses(202)) - 8d69d0c9-c816-414c-ba1a-8b3ab85fb900-PendingRequests: sendNotLeaderResponses
2019-09-12 10:53:20,280 [main] INFO  impl.RoleInfo (RoleInfo.java:shutdownLeaderState(104)) - c17d4de2-caaf-4ec0-b997-c9cf8b2a9041: shutdown LeaderState
2019-09-12 10:53:20,281 [ForkJoinPool.commonPool-worker-1] INFO  impl.StateMachineUpdater (StateMachineUpdater.java:stopAndJoin(115)) - StateMachineUpdater:8d69d0c9-c816-414c-ba1a-8b3ab85fb900:group-E63E8C9D367A: set stopIndex = 0
2019-09-12 10:53:20,281 [main] INFO  impl.PendingRequests (PendingRequests.java:sendNotLeaderResponses(202)) - c17d4de2-caaf-4ec0-b997-c9cf8b2a9041-PendingRequests: sendNotLeaderResponses
2019-09-12 10:53:20,281 [ForkJoinPool.commonPool-worker-1] INFO  impl.RaftServerImpl (ServerState.java:close(394)) - 8d69d0c9-c816-414c-ba1a-8b3ab85fb900:group-E63E8C9D367A closes. The last applied log index is 0
2019-09-12 10:53:20,282 [main] INFO  impl.StateMachineUpdater (StateMachineUpdater.java:stopAndJoin(115)) - StateMachineUpdater:c17d4de2-caaf-4ec0-b997-c9cf8b2a9041:group-10CB25FB2CD0: set stopIndex = 0
2019-09-12 10:53:20,283 [main] INFO  impl.RaftServerImpl (ServerState.java:close(394)) - c17d4de2-caaf-4ec0-b997-c9cf8b2a9041:group-10CB25FB2CD0 closes. The last applied log index is 0
2019-09-12 10:53:20,282 [8d69d0c9-c816-414c-ba1a-8b3ab85fb900-SegmentedRaftLogWorker:Storage Directory /workdir/hadoop-ozone/integration-test/target/test-dir/MiniOzoneClusterImpl-838a7ec2-4afb-4d68-8138-46fa65bc7e11/datanode-4/data/ratis/6fdf573e-0611-4621-8925-e63e8c9d367a] INFO  segmented.SegmentedRaftLogWorker (SegmentedRaftLogWorker.java:run(313)) - 8d69d0c9-c816-414c-ba1a-8b3ab85fb900-SegmentedRaftLogWorker:Storage Directory /workdir/hadoop-ozone/integration-test/target/test-dir/MiniOzoneClusterImpl-838a7ec2-4afb-4d68-8138-46fa65bc7e11/datanode-4/data/ratis/6fdf573e-0611-4621-8925-e63e8c9d367a was interrupted, exiting. There are 0 tasks remaining in the queue.
2019-09-12 10:53:20,283 [c17d4de2-caaf-4ec0-b997-c9cf8b2a9041-SegmentedRaftLogWorker:Storage Directory /workdir/hadoop-ozone/integration-test/target/test-dir/MiniOzoneClusterImpl-838a7ec2-4afb-4d68-8138-46fa65bc7e11/datanode-8/data/ratis/6641a263-6772-4466-9906-10cb25fb2cd0] INFO  segmented.SegmentedRaftLogWorker (SegmentedRaftLogWorker.java:run(313)) - c17d4de2-caaf-4ec0-b997-c9cf8b2a9041-SegmentedRaftLogWorker:Storage Directory /workdir/hadoop-ozone/integration-test/target/test-dir/MiniOzoneClusterImpl-838a7ec2-4afb-4d68-8138-46fa65bc7e11/datanode-8/data/ratis/6641a263-6772-4466-9906-10cb25fb2cd0 was interrupted, exiting. There are 0 tasks remaining in the queue.
2019-09-12 10:53:20,283 [ForkJoinPool.commonPool-worker-1] INFO  segmented.SegmentedRaftLogWorker (SegmentedRaftLogWorker.java:close(228)) - 8d69d0c9-c816-414c-ba1a-8b3ab85fb900-SegmentedRaftLogWorker:Storage Directory /workdir/hadoop-ozone/integration-test/target/test-dir/MiniOzoneClusterImpl-838a7ec2-4afb-4d68-8138-46fa65bc7e11/datanode-4/data/ratis/6fdf573e-0611-4621-8925-e63e8c9d367a close()
2019-09-12 10:53:20,284 [main] INFO  segmented.SegmentedRaftLogWorker (SegmentedRaftLogWorker.java:close(228)) - c17d4de2-caaf-4ec0-b997-c9cf8b2a9041-SegmentedRaftLogWorker:Storage Directory /workdir/hadoop-ozone/integration-test/target/test-dir/MiniOzoneClusterImpl-838a7ec2-4afb-4d68-8138-46fa65bc7e11/datanode-8/data/ratis/6641a263-6772-4466-9906-10cb25fb2cd0 close()
2019-09-12 10:53:20,284 [ForkJoinPool.commonPool-worker-1] INFO  impl.RaftServerImpl (RaftServerImpl.java:lambda$shutdown$3(245)) - 8d69d0c9-c816-414c-ba1a-8b3ab85fb900: shutdown group-B6C7779A16A9
2019-09-12 10:53:20,284 [main] INFO  impl.RaftServerImpl (RaftServerImpl.java:lambda$shutdown$3(245)) - c17d4de2-caaf-4ec0-b997-c9cf8b2a9041: shutdown group-82C6F8A9D109
2019-09-12 10:53:20,284 [ForkJoinPool.commonPool-worker-1] INFO  util.JmxRegister (JmxRegister.java:unregister(73)) - Successfully un-registered JMX Bean with object name Ratis:service=RaftServer,group=group-B6C7779A16A9,id=8d69d0c9-c816-414c-ba1a-8b3ab85fb900
2019-09-12 10:53:20,285 [main] INFO  util.JmxRegister (JmxRegister.java:unregister(73)) - Successfully un-registered JMX Bean with object name Ratis:service=RaftServer,group=group-82C6F8A9D109,id=c17d4de2-caaf-4ec0-b997-c9cf8b2a9041
2019-09-12 10:53:20,285 [ForkJoinPool.commonPool-worker-1] INFO  impl.RoleInfo (RoleInfo.java:shutdownLeaderState(104)) - 8d69d0c9-c816-414c-ba1a-8b3ab85fb900: shutdown LeaderState
2019-09-12 10:53:20,286 [main] INFO  impl.RoleInfo (RoleInfo.java:shutdownLeaderState(104)) - c17d4de2-caaf-4ec0-b997-c9cf8b2a9041: shutdown LeaderState
2019-09-12 10:53:20,286 [ForkJoinPool.commonPool-worker-1] INFO  impl.PendingRequests (PendingRequests.java:sendNotLeaderResponses(202)) - 8d69d0c9-c816-414c-ba1a-8b3ab85fb900-PendingRequests: sendNotLeaderResponses
2019-09-12 10:53:20,286 [main] INFO  impl.PendingRequests (PendingRequests.java:sendNotLeaderResponses(202)) - c17d4de2-caaf-4ec0-b997-c9cf8b2a9041-PendingRequests: sendNotLeaderResponses
2019-09-12 10:53:20,287 [ForkJoinPool.commonPool-worker-1] INFO  impl.StateMachineUpdater (StateMachineUpdater.java:stopAndJoin(115)) - StateMachineUpdater:8d69d0c9-c816-414c-ba1a-8b3ab85fb900:group-B6C7779A16A9: set stopIndex = 0
2019-09-12 10:53:20,287 [main] INFO  impl.StateMachineUpdater (StateMachineUpdater.java:stopAndJoin(115)) - StateMachineUpdater:c17d4de2-caaf-4ec0-b997-c9cf8b2a9041:group-82C6F8A9D109: set stopIndex = 0
2019-09-12 10:53:20,287 [ForkJoinPool.commonPool-worker-1] INFO  impl.RaftServerImpl (ServerState.java:close(394)) - 8d69d0c9-c816-414c-ba1a-8b3ab85fb900:group-B6C7779A16A9 closes. The last applied log index is 0
2019-09-12 10:53:20,288 [main] INFO  impl.RaftServerImpl (ServerState.java:close(394)) - c17d4de2-caaf-4ec0-b997-c9cf8b2a9041:group-82C6F8A9D109 closes. The last applied log index is 0
2019-09-12 10:53:20,288 [8d69d0c9-c816-414c-ba1a-8b3ab85fb900-SegmentedRaftLogWorker:Storage Directory /workdir/hadoop-ozone/integration-test/target/test-dir/MiniOzoneClusterImpl-838a7ec2-4afb-4d68-8138-46fa65bc7e11/datanode-4/data/ratis/8d51b53a-d3d3-454f-a91d-b6c7779a16a9] INFO  segmented.SegmentedRaftLogWorker (SegmentedRaftLogWorker.java:run(313)) - 8d69d0c9-c816-414c-ba1a-8b3ab85fb900-SegmentedRaftLogWorker:Storage Directory /workdir/hadoop-ozone/integration-test/target/test-dir/MiniOzoneClusterImpl-838a7ec2-4afb-4d68-8138-46fa65bc7e11/datanode-4/data/ratis/8d51b53a-d3d3-454f-a91d-b6c7779a16a9 was interrupted, exiting. There are 0 tasks remaining in the queue.
2019-09-12 10:53:20,288 [c17d4de2-caaf-4ec0-b997-c9cf8b2a9041-SegmentedRaftLogWorker:Storage Directory /workdir/hadoop-ozone/integration-test/target/test-dir/MiniOzoneClusterImpl-838a7ec2-4afb-4d68-8138-46fa65bc7e11/datanode-8/data/ratis/a8ab20be-451a-4106-9c8d-82c6f8a9d109] INFO  segmented.SegmentedRaftLogWorker (SegmentedRaftLogWorker.java:run(313)) - c17d4de2-caaf-4ec0-b997-c9cf8b2a9041-SegmentedRaftLogWorker:Storage Directory /workdir/hadoop-ozone/integration-test/target/test-dir/MiniOzoneClusterImpl-838a7ec2-4afb-4d68-8138-46fa65bc7e11/datanode-8/data/ratis/a8ab20be-451a-4106-9c8d-82c6f8a9d109 was interrupted, exiting. There are 0 tasks remaining in the queue.
2019-09-12 10:53:20,289 [ForkJoinPool.commonPool-worker-1] INFO  segmented.SegmentedRaftLogWorker (SegmentedRaftLogWorker.java:close(228)) - 8d69d0c9-c816-414c-ba1a-8b3ab85fb900-SegmentedRaftLogWorker:Storage Directory /workdir/hadoop-ozone/integration-test/target/test-dir/MiniOzoneClusterImpl-838a7ec2-4afb-4d68-8138-46fa65bc7e11/datanode-4/data/ratis/8d51b53a-d3d3-454f-a91d-b6c7779a16a9 close()
2019-09-12 10:53:20,289 [main] INFO  segmented.SegmentedRaftLogWorker (SegmentedRaftLogWorker.java:close(228)) - c17d4de2-caaf-4ec0-b997-c9cf8b2a9041-SegmentedRaftLogWorker:Storage Directory /workdir/hadoop-ozone/integration-test/target/test-dir/MiniOzoneClusterImpl-838a7ec2-4afb-4d68-8138-46fa65bc7e11/datanode-8/data/ratis/a8ab20be-451a-4106-9c8d-82c6f8a9d109 close()
2019-09-12 10:53:20,289 [ForkJoinPool.commonPool-worker-1] INFO  impl.RaftServerImpl (RaftServerImpl.java:lambda$shutdown$3(245)) - 8d69d0c9-c816-414c-ba1a-8b3ab85fb900: shutdown group-9BD9CAC188D2
2019-09-12 10:53:20,289 [main] INFO  impl.RaftServerImpl (RaftServerImpl.java:lambda$shutdown$3(245)) - c17d4de2-caaf-4ec0-b997-c9cf8b2a9041: shutdown group-7E1816D4F368
2019-09-12 10:53:20,290 [ForkJoinPool.commonPool-worker-1] INFO  util.JmxRegister (JmxRegister.java:unregister(73)) - Successfully un-registered JMX Bean with object name Ratis:service=RaftServer,group=group-9BD9CAC188D2,id=8d69d0c9-c816-414c-ba1a-8b3ab85fb900
2019-09-12 10:53:20,290 [main] INFO  util.JmxRegister (JmxRegister.java:unregister(73)) - Successfully un-registered JMX Bean with object name Ratis:service=RaftServer,group=group-7E1816D4F368,id=c17d4de2-caaf-4ec0-b997-c9cf8b2a9041
2019-09-12 10:53:20,290 [ForkJoinPool.commonPool-worker-1] INFO  impl.RoleInfo (RoleInfo.java:shutdownLeaderState(104)) - 8d69d0c9-c816-414c-ba1a-8b3ab85fb900: shutdown LeaderState
2019-09-12 10:53:20,291 [main] INFO  impl.RoleInfo (RoleInfo.java:shutdownLeaderState(104)) - c17d4de2-caaf-4ec0-b997-c9cf8b2a9041: shutdown LeaderState
2019-09-12 10:53:20,291 [ForkJoinPool.commonPool-worker-1] INFO  impl.PendingRequests (PendingRequests.java:sendNotLeaderResponses(202)) - 8d69d0c9-c816-414c-ba1a-8b3ab85fb900-PendingRequests: sendNotLeaderResponses
2019-09-12 10:53:20,291 [main] INFO  impl.PendingRequests (PendingRequests.java:sendNotLeaderResponses(202)) - c17d4de2-caaf-4ec0-b997-c9cf8b2a9041-PendingRequests: sendNotLeaderResponses
2019-09-12 10:53:20,292 [ForkJoinPool.commonPool-worker-1] INFO  impl.StateMachineUpdater (StateMachineUpdater.java:stopAndJoin(115)) - StateMachineUpdater:8d69d0c9-c816-414c-ba1a-8b3ab85fb900:group-9BD9CAC188D2: set stopIndex = 0
2019-09-12 10:53:20,292 [main] INFO  impl.StateMachineUpdater (StateMachineUpdater.java:stopAndJoin(115)) - StateMachineUpdater:c17d4de2-caaf-4ec0-b997-c9cf8b2a9041:group-7E1816D4F368: set stopIndex = 0
2019-09-12 10:53:20,292 [ForkJoinPool.commonPool-worker-1] INFO  impl.RaftServerImpl (ServerState.java:close(394)) - 8d69d0c9-c816-414c-ba1a-8b3ab85fb900:group-9BD9CAC188D2 closes. The last applied log index is 0
2019-09-12 10:53:20,293 [main] INFO  impl.RaftServerImpl (ServerState.java:close(394)) - c17d4de2-caaf-4ec0-b997-c9cf8b2a9041:group-7E1816D4F368 closes. The last applied log index is 0
2019-09-12 10:53:20,293 [8d69d0c9-c816-414c-ba1a-8b3ab85fb900-SegmentedRaftLogWorker:Storage Directory /workdir/hadoop-ozone/integration-test/target/test-dir/MiniOzoneClusterImpl-838a7ec2-4afb-4d68-8138-46fa65bc7e11/datanode-4/data/ratis/fba8167c-1b87-4e2d-a3eb-9bd9cac188d2] INFO  segmented.SegmentedRaftLogWorker (SegmentedRaftLogWorker.java:run(313)) - 8d69d0c9-c816-414c-ba1a-8b3ab85fb900-SegmentedRaftLogWorker:Storage Directory /workdir/hadoop-ozone/integration-test/target/test-dir/MiniOzoneClusterImpl-838a7ec2-4afb-4d68-8138-46fa65bc7e11/datanode-4/data/ratis/fba8167c-1b87-4e2d-a3eb-9bd9cac188d2 was interrupted, exiting. There are 0 tasks remaining in the queue.
2019-09-12 10:53:20,293 [c17d4de2-caaf-4ec0-b997-c9cf8b2a9041-SegmentedRaftLogWorker:Storage Directory /workdir/hadoop-ozone/integration-test/target/test-dir/MiniOzoneClusterImpl-838a7ec2-4afb-4d68-8138-46fa65bc7e11/datanode-8/data/ratis/9087a0ec-f71a-4087-9870-7e1816d4f368] INFO  segmented.SegmentedRaftLogWorker (SegmentedRaftLogWorker.java:run(313)) - c17d4de2-caaf-4ec0-b997-c9cf8b2a9041-SegmentedRaftLogWorker:Storage Directory /workdir/hadoop-ozone/integration-test/target/test-dir/MiniOzoneClusterImpl-838a7ec2-4afb-4d68-8138-46fa65bc7e11/datanode-8/data/ratis/9087a0ec-f71a-4087-9870-7e1816d4f368 was interrupted, exiting. There are 0 tasks remaining in the queue.
2019-09-12 10:53:20,294 [ForkJoinPool.commonPool-worker-1] INFO  segmented.SegmentedRaftLogWorker (SegmentedRaftLogWorker.java:close(228)) - 8d69d0c9-c816-414c-ba1a-8b3ab85fb900-SegmentedRaftLogWorker:Storage Directory /workdir/hadoop-ozone/integration-test/target/test-dir/MiniOzoneClusterImpl-838a7ec2-4afb-4d68-8138-46fa65bc7e11/datanode-4/data/ratis/fba8167c-1b87-4e2d-a3eb-9bd9cac188d2 close()
2019-09-12 10:53:20,294 [main] INFO  segmented.SegmentedRaftLogWorker (SegmentedRaftLogWorker.java:close(228)) - c17d4de2-caaf-4ec0-b997-c9cf8b2a9041-SegmentedRaftLogWorker:Storage Directory /workdir/hadoop-ozone/integration-test/target/test-dir/MiniOzoneClusterImpl-838a7ec2-4afb-4d68-8138-46fa65bc7e11/datanode-8/data/ratis/9087a0ec-f71a-4087-9870-7e1816d4f368 close()
2019-09-12 10:53:20,294 [ForkJoinPool.commonPool-worker-1] INFO  server.GrpcService (GrpcService.java:closeImpl(155)) - 8d69d0c9-c816-414c-ba1a-8b3ab85fb900: shutdown server with port 38566 now
2019-09-12 10:53:20,294 [main] INFO  impl.RaftServerImpl (RaftServerImpl.java:lambda$shutdown$3(245)) - c17d4de2-caaf-4ec0-b997-c9cf8b2a9041: shutdown group-7ED4B0555276
2019-09-12 10:53:20,298 [main] INFO  util.JmxRegister (JmxRegister.java:unregister(73)) - Successfully un-registered JMX Bean with object name Ratis:service=RaftServer,group=group-7ED4B0555276,id=c17d4de2-caaf-4ec0-b997-c9cf8b2a9041
2019-09-12 10:53:20,298 [main] INFO  impl.RoleInfo (RoleInfo.java:shutdownLeaderState(104)) - c17d4de2-caaf-4ec0-b997-c9cf8b2a9041: shutdown LeaderState
2019-09-12 10:53:20,298 [ForkJoinPool.commonPool-worker-1] INFO  server.GrpcService (GrpcService.java:closeImpl(163)) - 8d69d0c9-c816-414c-ba1a-8b3ab85fb900: shutdown server with port 38566 successfully
2019-09-12 10:53:20,299 [main] INFO  impl.PendingRequests (PendingRequests.java:sendNotLeaderResponses(202)) - c17d4de2-caaf-4ec0-b997-c9cf8b2a9041-PendingRequests: sendNotLeaderResponses
2019-09-12 10:53:20,299 [main] INFO  impl.StateMachineUpdater (StateMachineUpdater.java:stopAndJoin(115)) - StateMachineUpdater:c17d4de2-caaf-4ec0-b997-c9cf8b2a9041:group-7ED4B0555276: set stopIndex = 0
2019-09-12 10:53:20,300 [ForkJoinPool.commonPool-worker-1] INFO  utils.BackgroundService (BackgroundService.java:shutdown(148)) - Shutting down service BlockDeletingService
2019-09-12 10:53:20,300 [main] INFO  impl.RaftServerImpl (ServerState.java:close(394)) - c17d4de2-caaf-4ec0-b997-c9cf8b2a9041:group-7ED4B0555276 closes. The last applied log index is 0
2019-09-12 10:53:20,300 [c17d4de2-caaf-4ec0-b997-c9cf8b2a9041-SegmentedRaftLogWorker:Storage Directory /workdir/hadoop-ozone/integration-test/target/test-dir/MiniOzoneClusterImpl-838a7ec2-4afb-4d68-8138-46fa65bc7e11/datanode-8/data/ratis/40eed077-d66e-4049-8345-7ed4b0555276] INFO  segmented.SegmentedRaftLogWorker (SegmentedRaftLogWorker.java:run(313)) - c17d4de2-caaf-4ec0-b997-c9cf8b2a9041-SegmentedRaftLogWorker:Storage Directory /workdir/hadoop-ozone/integration-test/target/test-dir/MiniOzoneClusterImpl-838a7ec2-4afb-4d68-8138-46fa65bc7e11/datanode-8/data/ratis/40eed077-d66e-4049-8345-7ed4b0555276 was interrupted, exiting. There are 0 tasks remaining in the queue.
2019-09-12 10:53:20,301 [main] INFO  segmented.SegmentedRaftLogWorker (SegmentedRaftLogWorker.java:close(228)) - c17d4de2-caaf-4ec0-b997-c9cf8b2a9041-SegmentedRaftLogWorker:Storage Directory /workdir/hadoop-ozone/integration-test/target/test-dir/MiniOzoneClusterImpl-838a7ec2-4afb-4d68-8138-46fa65bc7e11/datanode-8/data/ratis/40eed077-d66e-4049-8345-7ed4b0555276 close()
2019-09-12 10:53:20,301 [refreshUsed-/workdir/hadoop-ozone/integration-test/target/test-dir/MiniOzoneClusterImpl-838a7ec2-4afb-4d68-8138-46fa65bc7e11/datanode-4/data/containers] WARN  fs.CachingGetSpaceUsed (CachingGetSpaceUsed.java:run(183)) - Thread Interrupted waiting to refresh disk information: sleep interrupted
2019-09-12 10:53:20,301 [main] INFO  impl.RaftServerImpl (RaftServerImpl.java:lambda$shutdown$3(245)) - c17d4de2-caaf-4ec0-b997-c9cf8b2a9041: shutdown group-2509437EBB9E
2019-09-12 10:53:20,302 [main] INFO  util.JmxRegister (JmxRegister.java:unregister(73)) - Successfully un-registered JMX Bean with object name Ratis:service=RaftServer,group=group-2509437EBB9E,id=c17d4de2-caaf-4ec0-b997-c9cf8b2a9041
2019-09-12 10:53:20,302 [main] INFO  impl.RoleInfo (RoleInfo.java:shutdownLeaderState(104)) - c17d4de2-caaf-4ec0-b997-c9cf8b2a9041: shutdown LeaderState
2019-09-12 10:53:20,303 [main] INFO  impl.PendingRequests (PendingRequests.java:sendNotLeaderResponses(202)) - c17d4de2-caaf-4ec0-b997-c9cf8b2a9041-PendingRequests: sendNotLeaderResponses
2019-09-12 10:53:20,305 [main] INFO  impl.StateMachineUpdater (StateMachineUpdater.java:stopAndJoin(115)) - StateMachineUpdater:c17d4de2-caaf-4ec0-b997-c9cf8b2a9041:group-2509437EBB9E: set stopIndex = 0
2019-09-12 10:53:20,306 [main] INFO  impl.RaftServerImpl (ServerState.java:close(394)) - c17d4de2-caaf-4ec0-b997-c9cf8b2a9041:group-2509437EBB9E closes. The last applied log index is 0
2019-09-12 10:53:20,307 [c17d4de2-caaf-4ec0-b997-c9cf8b2a9041-SegmentedRaftLogWorker:Storage Directory /workdir/hadoop-ozone/integration-test/target/test-dir/MiniOzoneClusterImpl-838a7ec2-4afb-4d68-8138-46fa65bc7e11/datanode-8/data/ratis/6a2fd8ec-259b-434e-bcc1-2509437ebb9e] INFO  segmented.SegmentedRaftLogWorker (SegmentedRaftLogWorker.java:run(313)) - c17d4de2-caaf-4ec0-b997-c9cf8b2a9041-SegmentedRaftLogWorker:Storage Directory /workdir/hadoop-ozone/integration-test/target/test-dir/MiniOzoneClusterImpl-838a7ec2-4afb-4d68-8138-46fa65bc7e11/datanode-8/data/ratis/6a2fd8ec-259b-434e-bcc1-2509437ebb9e was interrupted, exiting. There are 0 tasks remaining in the queue.
2019-09-12 10:53:20,307 [main] INFO  segmented.SegmentedRaftLogWorker (SegmentedRaftLogWorker.java:close(228)) - c17d4de2-caaf-4ec0-b997-c9cf8b2a9041-SegmentedRaftLogWorker:Storage Directory /workdir/hadoop-ozone/integration-test/target/test-dir/MiniOzoneClusterImpl-838a7ec2-4afb-4d68-8138-46fa65bc7e11/datanode-8/data/ratis/6a2fd8ec-259b-434e-bcc1-2509437ebb9e close()
2019-09-12 10:53:20,308 [main] INFO  impl.RaftServerImpl (RaftServerImpl.java:lambda$shutdown$3(245)) - c17d4de2-caaf-4ec0-b997-c9cf8b2a9041: shutdown group-50A1C28FB449
2019-09-12 10:53:20,308 [main] INFO  util.JmxRegister (JmxRegister.java:unregister(73)) - Successfully un-registered JMX Bean with object name Ratis:service=RaftServer,group=group-50A1C28FB449,id=c17d4de2-caaf-4ec0-b997-c9cf8b2a9041
2019-09-12 10:53:20,308 [main] INFO  impl.RoleInfo (RoleInfo.java:shutdownLeaderState(104)) - c17d4de2-caaf-4ec0-b997-c9cf8b2a9041: shutdown LeaderState
2019-09-12 10:53:20,309 [main] INFO  impl.PendingRequests (PendingRequests.java:sendNotLeaderResponses(202)) - c17d4de2-caaf-4ec0-b997-c9cf8b2a9041-PendingRequests: sendNotLeaderResponses
2019-09-12 10:53:20,309 [main] INFO  impl.StateMachineUpdater (StateMachineUpdater.java:stopAndJoin(115)) - StateMachineUpdater:c17d4de2-caaf-4ec0-b997-c9cf8b2a9041:group-50A1C28FB449: set stopIndex = 0
2019-09-12 10:53:20,309 [main] INFO  impl.RaftServerImpl (ServerState.java:close(394)) - c17d4de2-caaf-4ec0-b997-c9cf8b2a9041:group-50A1C28FB449 closes. The last applied log index is 0
2019-09-12 10:53:20,310 [c17d4de2-caaf-4ec0-b997-c9cf8b2a9041-SegmentedRaftLogWorker:Storage Directory /workdir/hadoop-ozone/integration-test/target/test-dir/MiniOzoneClusterImpl-838a7ec2-4afb-4d68-8138-46fa65bc7e11/datanode-8/data/ratis/181e34b9-daa4-4299-8742-50a1c28fb449] INFO  segmented.SegmentedRaftLogWorker (SegmentedRaftLogWorker.java:run(313)) - c17d4de2-caaf-4ec0-b997-c9cf8b2a9041-SegmentedRaftLogWorker:Storage Directory /workdir/hadoop-ozone/integration-test/target/test-dir/MiniOzoneClusterImpl-838a7ec2-4afb-4d68-8138-46fa65bc7e11/datanode-8/data/ratis/181e34b9-daa4-4299-8742-50a1c28fb449 was interrupted, exiting. There are 0 tasks remaining in the queue.
2019-09-12 10:53:20,310 [main] INFO  segmented.SegmentedRaftLogWorker (SegmentedRaftLogWorker.java:close(228)) - c17d4de2-caaf-4ec0-b997-c9cf8b2a9041-SegmentedRaftLogWorker:Storage Directory /workdir/hadoop-ozone/integration-test/target/test-dir/MiniOzoneClusterImpl-838a7ec2-4afb-4d68-8138-46fa65bc7e11/datanode-8/data/ratis/181e34b9-daa4-4299-8742-50a1c28fb449 close()
2019-09-12 10:53:20,311 [main] INFO  server.GrpcService (GrpcService.java:closeImpl(155)) - c17d4de2-caaf-4ec0-b997-c9cf8b2a9041: shutdown server with port 41944 now
2019-09-12 10:53:20,313 [main] INFO  server.GrpcService (GrpcService.java:closeImpl(163)) - c17d4de2-caaf-4ec0-b997-c9cf8b2a9041: shutdown server with port 41944 successfully
2019-09-12 10:53:20,317 [main] INFO  utils.BackgroundService (BackgroundService.java:shutdown(148)) - Shutting down service BlockDeletingService
2019-09-12 10:53:20,321 [refreshUsed-/workdir/hadoop-ozone/integration-test/target/test-dir/MiniOzoneClusterImpl-838a7ec2-4afb-4d68-8138-46fa65bc7e11/datanode-8/data/containers] WARN  fs.CachingGetSpaceUsed (CachingGetSpaceUsed.java:run(183)) - Thread Interrupted waiting to refresh disk information: sleep interrupted
2019-09-12 10:53:20,332 [ForkJoinPool.commonPool-worker-1] INFO  statemachine.DatanodeStateMachine (DatanodeStateMachine.java:stopDaemon(395)) - Ozone container server stopped.
2019-09-12 10:53:20,338 [ForkJoinPool.commonPool-worker-1] INFO  handler.ContextHandler (ContextHandler.java:doStop(910)) - Stopped o.e.j.w.WebAppContext@2f4d32bf{/,null,UNAVAILABLE}{/hddsDatanode}
2019-09-12 10:53:20,338 [ForkJoinPool.commonPool-worker-1] INFO  server.AbstractConnector (AbstractConnector.java:doStop(318)) - Stopped ServerConnector@774d8276{HTTP/1.1,[http/1.1]}{0.0.0.0:0}
2019-09-12 10:53:20,338 | INFO  | SCMAudit | user=jenkins1000 | ip=192.168.157.195 | op=SEND_HEARTBEAT {datanodeUUID=02d2c735-5a91-4cfc-b37b-8234c14e6879, command=[]} | ret=SUCCESS |  
2019-09-12 10:53:20,340 [ForkJoinPool.commonPool-worker-1] INFO  handler.ContextHandler (ContextHandler.java:doStop(910)) - Stopped o.e.j.s.ServletContextHandler@1ea930eb{/static,jar:file:/home/user/.m2/repository/org/apache/hadoop/hadoop-hdds-container-service/0.5.0-SNAPSHOT/hadoop-hdds-container-service-0.5.0-SNAPSHOT.jar!/webapps/static,UNAVAILABLE}
2019-09-12 10:53:20,342 [ForkJoinPool.commonPool-worker-1] INFO  handler.ContextHandler (ContextHandler.java:doStop(910)) - Stopped o.e.j.s.ServletContextHandler@1b7554d4{/logs,file:///workdir/hadoop-ozone/integration-test/target/log,UNAVAILABLE}
2019-09-12 10:53:20,343 [ForkJoinPool.commonPool-worker-1] INFO  datanode.ObjectStoreHandler (ObjectStoreHandler.java:close(155)) - Closing ObjectStoreHandler.
2019-09-12 10:53:20,343 [ForkJoinPool.commonPool-worker-1] INFO  ozone.HddsDatanodeService (HddsDatanodeService.java:stop(451)) - Stopped plug-in org.apache.hadoop.ozone.web.OzoneHddsDatanodeService@5e50df2e
2019-09-12 10:53:20,351 [main] INFO  statemachine.DatanodeStateMachine (DatanodeStateMachine.java:stopDaemon(395)) - Ozone container server stopped.
2019-09-12 10:53:20,352 [main] INFO  handler.ContextHandler (ContextHandler.java:doStop(910)) - Stopped o.e.j.w.WebAppContext@592a1882{/,null,UNAVAILABLE}{/hddsDatanode}
2019-09-12 10:53:20,352 [main] INFO  server.AbstractConnector (AbstractConnector.java:doStop(318)) - Stopped ServerConnector@48368a08{HTTP/1.1,[http/1.1]}{0.0.0.0:0}
2019-09-12 10:53:20,353 [main] INFO  handler.ContextHandler (ContextHandler.java:doStop(910)) - Stopped o.e.j.s.ServletContextHandler@144a5e6e{/static,jar:file:/home/user/.m2/repository/org/apache/hadoop/hadoop-hdds-container-service/0.5.0-SNAPSHOT/hadoop-hdds-container-service-0.5.0-SNAPSHOT.jar!/webapps/static,UNAVAILABLE}
2019-09-12 10:53:20,353 [main] INFO  handler.ContextHandler (ContextHandler.java:doStop(910)) - Stopped o.e.j.s.ServletContextHandler@78545d40{/logs,file:///workdir/hadoop-ozone/integration-test/target/log,UNAVAILABLE}
2019-09-12 10:53:20,354 [main] INFO  datanode.ObjectStoreHandler (ObjectStoreHandler.java:close(155)) - Closing ObjectStoreHandler.
2019-09-12 10:53:20,355 [main] INFO  ozone.HddsDatanodeService (HddsDatanodeService.java:stop(451)) - Stopped plug-in org.apache.hadoop.ozone.web.OzoneHddsDatanodeService@3f9f8d23
2019-09-12 10:53:20,453 | INFO  | SCMAudit | user=jenkins1000 | ip=192.168.157.195 | op=SEND_HEARTBEAT {datanodeUUID=9dc3d9e1-35df-4da5-a2c1-5b39dd910295, command=[]} | ret=SUCCESS |  
2019-09-12 10:53:20,926 | INFO  | SCMAudit | user=jenkins1000 | ip=192.168.157.195 | op=SEND_HEARTBEAT {datanodeUUID=35ed61f3-e470-497f-b63f-7decb4cef9e0, command=[]} | ret=SUCCESS |  
2019-09-12 10:53:21,127 [Datanode State Machine Thread - 0] INFO  statemachine.DatanodeStateMachine (DatanodeStateMachine.java:lambda$startDaemon$0(350)) - Ozone container server started.
2019-09-12 10:53:21,335 [Datanode State Machine Thread - 0] INFO  statemachine.DatanodeStateMachine (DatanodeStateMachine.java:lambda$startDaemon$0(350)) - Ozone container server started.
2019-09-12 10:53:21,453 | INFO  | SCMAudit | user=jenkins1000 | ip=192.168.157.195 | op=SEND_HEARTBEAT {datanodeUUID=9dc3d9e1-35df-4da5-a2c1-5b39dd910295, command=[]} | ret=SUCCESS |  
2019-09-12 10:53:21,926 | INFO  | SCMAudit | user=jenkins1000 | ip=192.168.157.195 | op=SEND_HEARTBEAT {datanodeUUID=35ed61f3-e470-497f-b63f-7decb4cef9e0, command=[]} | ret=SUCCESS |  
2019-09-12 10:53:22,453 | INFO  | SCMAudit | user=jenkins1000 | ip=192.168.157.195 | op=SEND_HEARTBEAT {datanodeUUID=9dc3d9e1-35df-4da5-a2c1-5b39dd910295, command=[]} | ret=SUCCESS |  
2019-09-12 10:53:22,926 | INFO  | SCMAudit | user=jenkins1000 | ip=192.168.157.195 | op=SEND_HEARTBEAT {datanodeUUID=35ed61f3-e470-497f-b63f-7decb4cef9e0, command=[]} | ret=SUCCESS |  
2019-09-12 10:53:23,453 | INFO  | SCMAudit | user=jenkins1000 | ip=192.168.157.195 | op=SEND_HEARTBEAT {datanodeUUID=9dc3d9e1-35df-4da5-a2c1-5b39dd910295, command=[]} | ret=SUCCESS |  
2019-09-12 10:53:23,926 | INFO  | SCMAudit | user=jenkins1000 | ip=192.168.157.195 | op=SEND_HEARTBEAT {datanodeUUID=35ed61f3-e470-497f-b63f-7decb4cef9e0, command=[]} | ret=SUCCESS |  
2019-09-12 10:53:24,453 | INFO  | SCMAudit | user=jenkins1000 | ip=192.168.157.195 | op=SEND_HEARTBEAT {datanodeUUID=9dc3d9e1-35df-4da5-a2c1-5b39dd910295, command=[]} | ret=SUCCESS |  
2019-09-12 10:53:24,926 | INFO  | SCMAudit | user=jenkins1000 | ip=192.168.157.195 | op=SEND_HEARTBEAT {datanodeUUID=35ed61f3-e470-497f-b63f-7decb4cef9e0, command=[]} | ret=SUCCESS |  
2019-09-12 10:53:25,344 [ForkJoinPool.commonPool-worker-1] INFO  ozoneimpl.OzoneContainer (OzoneContainer.java:stop(199)) - Attempting to stop container services.
2019-09-12 10:53:25,344 [ForkJoinPool.commonPool-worker-1] INFO  impl.RaftServerProxy (RaftServerProxy.java:lambda$close$4(314)) - da20f580-5b10-4303-a8d6-74672b88192d: close
2019-09-12 10:53:25,345 [ForkJoinPool.commonPool-worker-1] INFO  impl.RaftServerImpl (RaftServerImpl.java:lambda$shutdown$3(245)) - da20f580-5b10-4303-a8d6-74672b88192d: shutdown group-F512806148B7
2019-09-12 10:53:25,345 [ForkJoinPool.commonPool-worker-1] INFO  util.JmxRegister (JmxRegister.java:unregister(73)) - Successfully un-registered JMX Bean with object name Ratis:service=RaftServer,group=group-F512806148B7,id=da20f580-5b10-4303-a8d6-74672b88192d
2019-09-12 10:53:25,345 [ForkJoinPool.commonPool-worker-1] INFO  impl.RoleInfo (RoleInfo.java:shutdownLeaderState(104)) - da20f580-5b10-4303-a8d6-74672b88192d: shutdown LeaderState
2019-09-12 10:53:25,346 [ForkJoinPool.commonPool-worker-1] INFO  impl.PendingRequests (PendingRequests.java:sendNotLeaderResponses(202)) - da20f580-5b10-4303-a8d6-74672b88192d-PendingRequests: sendNotLeaderResponses
2019-09-12 10:53:25,346 [ForkJoinPool.commonPool-worker-1] INFO  impl.StateMachineUpdater (StateMachineUpdater.java:stopAndJoin(115)) - StateMachineUpdater:da20f580-5b10-4303-a8d6-74672b88192d:group-F512806148B7: set stopIndex = 0
2019-09-12 10:53:25,346 [ForkJoinPool.commonPool-worker-1] INFO  impl.RaftServerImpl (ServerState.java:close(394)) - da20f580-5b10-4303-a8d6-74672b88192d:group-F512806148B7 closes. The last applied log index is 0
2019-09-12 10:53:25,347 [da20f580-5b10-4303-a8d6-74672b88192d-SegmentedRaftLogWorker:Storage Directory /workdir/hadoop-ozone/integration-test/target/test-dir/MiniOzoneClusterImpl-838a7ec2-4afb-4d68-8138-46fa65bc7e11/datanode-0/data/ratis/a5230eda-c800-4ec9-aa90-f512806148b7] INFO  segmented.SegmentedRaftLogWorker (SegmentedRaftLogWorker.java:run(313)) - da20f580-5b10-4303-a8d6-74672b88192d-SegmentedRaftLogWorker:Storage Directory /workdir/hadoop-ozone/integration-test/target/test-dir/MiniOzoneClusterImpl-838a7ec2-4afb-4d68-8138-46fa65bc7e11/datanode-0/data/ratis/a5230eda-c800-4ec9-aa90-f512806148b7 was interrupted, exiting. There are 0 tasks remaining in the queue.
2019-09-12 10:53:25,347 [ForkJoinPool.commonPool-worker-1] INFO  segmented.SegmentedRaftLogWorker (SegmentedRaftLogWorker.java:close(228)) - da20f580-5b10-4303-a8d6-74672b88192d-SegmentedRaftLogWorker:Storage Directory /workdir/hadoop-ozone/integration-test/target/test-dir/MiniOzoneClusterImpl-838a7ec2-4afb-4d68-8138-46fa65bc7e11/datanode-0/data/ratis/a5230eda-c800-4ec9-aa90-f512806148b7 close()
2019-09-12 10:53:25,348 [ForkJoinPool.commonPool-worker-1] INFO  impl.RaftServerImpl (RaftServerImpl.java:lambda$shutdown$3(245)) - da20f580-5b10-4303-a8d6-74672b88192d: shutdown group-A3353F768107
2019-09-12 10:53:25,348 [ForkJoinPool.commonPool-worker-1] INFO  util.JmxRegister (JmxRegister.java:unregister(73)) - Successfully un-registered JMX Bean with object name Ratis:service=RaftServer,group=group-A3353F768107,id=da20f580-5b10-4303-a8d6-74672b88192d
2019-09-12 10:53:25,348 [ForkJoinPool.commonPool-worker-1] INFO  impl.RoleInfo (RoleInfo.java:shutdownLeaderState(104)) - da20f580-5b10-4303-a8d6-74672b88192d: shutdown LeaderState
2019-09-12 10:53:25,349 [ForkJoinPool.commonPool-worker-1] INFO  impl.PendingRequests (PendingRequests.java:sendNotLeaderResponses(202)) - da20f580-5b10-4303-a8d6-74672b88192d-PendingRequests: sendNotLeaderResponses
2019-09-12 10:53:25,349 [ForkJoinPool.commonPool-worker-1] INFO  impl.StateMachineUpdater (StateMachineUpdater.java:stopAndJoin(115)) - StateMachineUpdater:da20f580-5b10-4303-a8d6-74672b88192d:group-A3353F768107: set stopIndex = 0
2019-09-12 10:53:25,349 [ForkJoinPool.commonPool-worker-1] INFO  impl.RaftServerImpl (ServerState.java:close(394)) - da20f580-5b10-4303-a8d6-74672b88192d:group-A3353F768107 closes. The last applied log index is 0
2019-09-12 10:53:25,350 [da20f580-5b10-4303-a8d6-74672b88192d-SegmentedRaftLogWorker:Storage Directory /workdir/hadoop-ozone/integration-test/target/test-dir/MiniOzoneClusterImpl-838a7ec2-4afb-4d68-8138-46fa65bc7e11/datanode-0/data/ratis/5215026f-09c0-4783-ac7a-a3353f768107] INFO  segmented.SegmentedRaftLogWorker (SegmentedRaftLogWorker.java:run(313)) - da20f580-5b10-4303-a8d6-74672b88192d-SegmentedRaftLogWorker:Storage Directory /workdir/hadoop-ozone/integration-test/target/test-dir/MiniOzoneClusterImpl-838a7ec2-4afb-4d68-8138-46fa65bc7e11/datanode-0/data/ratis/5215026f-09c0-4783-ac7a-a3353f768107 was interrupted, exiting. There are 0 tasks remaining in the queue.
2019-09-12 10:53:25,350 [ForkJoinPool.commonPool-worker-1] INFO  segmented.SegmentedRaftLogWorker (SegmentedRaftLogWorker.java:close(228)) - da20f580-5b10-4303-a8d6-74672b88192d-SegmentedRaftLogWorker:Storage Directory /workdir/hadoop-ozone/integration-test/target/test-dir/MiniOzoneClusterImpl-838a7ec2-4afb-4d68-8138-46fa65bc7e11/datanode-0/data/ratis/5215026f-09c0-4783-ac7a-a3353f768107 close()
2019-09-12 10:53:25,350 [ForkJoinPool.commonPool-worker-1] INFO  impl.RaftServerImpl (RaftServerImpl.java:lambda$shutdown$3(245)) - da20f580-5b10-4303-a8d6-74672b88192d: shutdown group-93602375EDC9
2019-09-12 10:53:25,351 [ForkJoinPool.commonPool-worker-1] INFO  util.JmxRegister (JmxRegister.java:unregister(73)) - Successfully un-registered JMX Bean with object name Ratis:service=RaftServer,group=group-93602375EDC9,id=da20f580-5b10-4303-a8d6-74672b88192d
2019-09-12 10:53:25,351 [ForkJoinPool.commonPool-worker-1] INFO  impl.RoleInfo (RoleInfo.java:shutdownLeaderState(104)) - da20f580-5b10-4303-a8d6-74672b88192d: shutdown LeaderState
2019-09-12 10:53:25,351 [ForkJoinPool.commonPool-worker-1] INFO  impl.PendingRequests (PendingRequests.java:sendNotLeaderResponses(202)) - da20f580-5b10-4303-a8d6-74672b88192d-PendingRequests: sendNotLeaderResponses
2019-09-12 10:53:25,351 [ForkJoinPool.commonPool-worker-1] INFO  impl.StateMachineUpdater (StateMachineUpdater.java:stopAndJoin(115)) - StateMachineUpdater:da20f580-5b10-4303-a8d6-74672b88192d:group-93602375EDC9: set stopIndex = 0
2019-09-12 10:53:25,352 [ForkJoinPool.commonPool-worker-1] INFO  impl.RaftServerImpl (ServerState.java:close(394)) - da20f580-5b10-4303-a8d6-74672b88192d:group-93602375EDC9 closes. The last applied log index is 0
2019-09-12 10:53:25,352 [da20f580-5b10-4303-a8d6-74672b88192d-SegmentedRaftLogWorker:Storage Directory /workdir/hadoop-ozone/integration-test/target/test-dir/MiniOzoneClusterImpl-838a7ec2-4afb-4d68-8138-46fa65bc7e11/datanode-0/data/ratis/a3ff4cf3-0459-49f1-a9b0-93602375edc9] INFO  segmented.SegmentedRaftLogWorker (SegmentedRaftLogWorker.java:run(313)) - da20f580-5b10-4303-a8d6-74672b88192d-SegmentedRaftLogWorker:Storage Directory /workdir/hadoop-ozone/integration-test/target/test-dir/MiniOzoneClusterImpl-838a7ec2-4afb-4d68-8138-46fa65bc7e11/datanode-0/data/ratis/a3ff4cf3-0459-49f1-a9b0-93602375edc9 was interrupted, exiting. There are 0 tasks remaining in the queue.
2019-09-12 10:53:25,353 [ForkJoinPool.commonPool-worker-1] INFO  segmented.SegmentedRaftLogWorker (SegmentedRaftLogWorker.java:close(228)) - da20f580-5b10-4303-a8d6-74672b88192d-SegmentedRaftLogWorker:Storage Directory /workdir/hadoop-ozone/integration-test/target/test-dir/MiniOzoneClusterImpl-838a7ec2-4afb-4d68-8138-46fa65bc7e11/datanode-0/data/ratis/a3ff4cf3-0459-49f1-a9b0-93602375edc9 close()
2019-09-12 10:53:25,353 [ForkJoinPool.commonPool-worker-1] INFO  impl.RaftServerImpl (RaftServerImpl.java:lambda$shutdown$3(245)) - da20f580-5b10-4303-a8d6-74672b88192d: shutdown group-C5409F144083
2019-09-12 10:53:25,353 [ForkJoinPool.commonPool-worker-1] INFO  util.JmxRegister (JmxRegister.java:unregister(73)) - Successfully un-registered JMX Bean with object name Ratis:service=RaftServer,group=group-C5409F144083,id=da20f580-5b10-4303-a8d6-74672b88192d
2019-09-12 10:53:25,353 [ForkJoinPool.commonPool-worker-1] INFO  impl.RoleInfo (RoleInfo.java:shutdownLeaderState(104)) - da20f580-5b10-4303-a8d6-74672b88192d: shutdown LeaderState
2019-09-12 10:53:25,354 [ForkJoinPool.commonPool-worker-1] INFO  impl.PendingRequests (PendingRequests.java:sendNotLeaderResponses(202)) - da20f580-5b10-4303-a8d6-74672b88192d-PendingRequests: sendNotLeaderResponses
2019-09-12 10:53:25,354 [ForkJoinPool.commonPool-worker-1] INFO  impl.StateMachineUpdater (StateMachineUpdater.java:stopAndJoin(115)) - StateMachineUpdater:da20f580-5b10-4303-a8d6-74672b88192d:group-C5409F144083: set stopIndex = 0
2019-09-12 10:53:25,354 [ForkJoinPool.commonPool-worker-1] INFO  impl.RaftServerImpl (ServerState.java:close(394)) - da20f580-5b10-4303-a8d6-74672b88192d:group-C5409F144083 closes. The last applied log index is 0
2019-09-12 10:53:25,355 [da20f580-5b10-4303-a8d6-74672b88192d-SegmentedRaftLogWorker:Storage Directory /workdir/hadoop-ozone/integration-test/target/test-dir/MiniOzoneClusterImpl-838a7ec2-4afb-4d68-8138-46fa65bc7e11/datanode-0/data/ratis/24bdc074-dd1d-4d22-b51a-c5409f144083] INFO  segmented.SegmentedRaftLogWorker (SegmentedRaftLogWorker.java:run(313)) - da20f580-5b10-4303-a8d6-74672b88192d-SegmentedRaftLogWorker:Storage Directory /workdir/hadoop-ozone/integration-test/target/test-dir/MiniOzoneClusterImpl-838a7ec2-4afb-4d68-8138-46fa65bc7e11/datanode-0/data/ratis/24bdc074-dd1d-4d22-b51a-c5409f144083 was interrupted, exiting. There are 0 tasks remaining in the queue.
2019-09-12 10:53:25,355 [ForkJoinPool.commonPool-worker-1] INFO  segmented.SegmentedRaftLogWorker (SegmentedRaftLogWorker.java:close(228)) - da20f580-5b10-4303-a8d6-74672b88192d-SegmentedRaftLogWorker:Storage Directory /workdir/hadoop-ozone/integration-test/target/test-dir/MiniOzoneClusterImpl-838a7ec2-4afb-4d68-8138-46fa65bc7e11/datanode-0/data/ratis/24bdc074-dd1d-4d22-b51a-c5409f144083 close()
2019-09-12 10:53:25,355 [ForkJoinPool.commonPool-worker-1] INFO  impl.RaftServerImpl (RaftServerImpl.java:lambda$shutdown$3(245)) - da20f580-5b10-4303-a8d6-74672b88192d: shutdown group-0A3278521B0F
2019-09-12 10:53:25,356 [main] INFO  ozoneimpl.OzoneContainer (OzoneContainer.java:stop(199)) - Attempting to stop container services.
2019-09-12 10:53:25,356 [ForkJoinPool.commonPool-worker-1] INFO  util.JmxRegister (JmxRegister.java:unregister(73)) - Successfully un-registered JMX Bean with object name Ratis:service=RaftServer,group=group-0A3278521B0F,id=da20f580-5b10-4303-a8d6-74672b88192d
2019-09-12 10:53:25,356 [main] INFO  impl.RaftServerProxy (RaftServerProxy.java:lambda$close$4(314)) - 02d2c735-5a91-4cfc-b37b-8234c14e6879: close
2019-09-12 10:53:25,356 [ForkJoinPool.commonPool-worker-1] INFO  impl.RoleInfo (RoleInfo.java:shutdownLeaderState(104)) - da20f580-5b10-4303-a8d6-74672b88192d: shutdown LeaderState
2019-09-12 10:53:25,357 [main] INFO  impl.RaftServerImpl (RaftServerImpl.java:lambda$shutdown$3(245)) - 02d2c735-5a91-4cfc-b37b-8234c14e6879: shutdown group-C096732CDEC7
2019-09-12 10:53:25,357 [ForkJoinPool.commonPool-worker-1] INFO  impl.PendingRequests (PendingRequests.java:sendNotLeaderResponses(202)) - da20f580-5b10-4303-a8d6-74672b88192d-PendingRequests: sendNotLeaderResponses
2019-09-12 10:53:25,357 [main] INFO  util.JmxRegister (JmxRegister.java:unregister(73)) - Successfully un-registered JMX Bean with object name Ratis:service=RaftServer,group=group-C096732CDEC7,id=02d2c735-5a91-4cfc-b37b-8234c14e6879
2019-09-12 10:53:25,358 [ForkJoinPool.commonPool-worker-1] INFO  impl.StateMachineUpdater (StateMachineUpdater.java:stopAndJoin(115)) - StateMachineUpdater:da20f580-5b10-4303-a8d6-74672b88192d:group-0A3278521B0F: set stopIndex = 0
2019-09-12 10:53:25,358 [main] INFO  impl.RoleInfo (RoleInfo.java:shutdownLeaderState(104)) - 02d2c735-5a91-4cfc-b37b-8234c14e6879: shutdown LeaderState
2019-09-12 10:53:25,358 [ForkJoinPool.commonPool-worker-1] INFO  impl.RaftServerImpl (ServerState.java:close(394)) - da20f580-5b10-4303-a8d6-74672b88192d:group-0A3278521B0F closes. The last applied log index is 0
2019-09-12 10:53:25,359 [main] INFO  impl.PendingRequests (PendingRequests.java:sendNotLeaderResponses(202)) - 02d2c735-5a91-4cfc-b37b-8234c14e6879-PendingRequests: sendNotLeaderResponses
2019-09-12 10:53:25,359 [da20f580-5b10-4303-a8d6-74672b88192d-SegmentedRaftLogWorker:Storage Directory /workdir/hadoop-ozone/integration-test/target/test-dir/MiniOzoneClusterImpl-838a7ec2-4afb-4d68-8138-46fa65bc7e11/datanode-0/data/ratis/d4c39b10-4a04-4d75-8a11-0a3278521b0f] INFO  segmented.SegmentedRaftLogWorker (SegmentedRaftLogWorker.java:run(313)) - da20f580-5b10-4303-a8d6-74672b88192d-SegmentedRaftLogWorker:Storage Directory /workdir/hadoop-ozone/integration-test/target/test-dir/MiniOzoneClusterImpl-838a7ec2-4afb-4d68-8138-46fa65bc7e11/datanode-0/data/ratis/d4c39b10-4a04-4d75-8a11-0a3278521b0f was interrupted, exiting. There are 0 tasks remaining in the queue.
2019-09-12 10:53:25,359 [main] INFO  impl.StateMachineUpdater (StateMachineUpdater.java:stopAndJoin(115)) - StateMachineUpdater:02d2c735-5a91-4cfc-b37b-8234c14e6879:group-C096732CDEC7: set stopIndex = 0
2019-09-12 10:53:25,360 [ForkJoinPool.commonPool-worker-1] INFO  segmented.SegmentedRaftLogWorker (SegmentedRaftLogWorker.java:close(228)) - da20f580-5b10-4303-a8d6-74672b88192d-SegmentedRaftLogWorker:Storage Directory /workdir/hadoop-ozone/integration-test/target/test-dir/MiniOzoneClusterImpl-838a7ec2-4afb-4d68-8138-46fa65bc7e11/datanode-0/data/ratis/d4c39b10-4a04-4d75-8a11-0a3278521b0f close()
2019-09-12 10:53:25,360 [main] INFO  impl.RaftServerImpl (ServerState.java:close(394)) - 02d2c735-5a91-4cfc-b37b-8234c14e6879:group-C096732CDEC7 closes. The last applied log index is 0
2019-09-12 10:53:25,360 [ForkJoinPool.commonPool-worker-1] INFO  impl.RaftServerImpl (RaftServerImpl.java:lambda$shutdown$3(245)) - da20f580-5b10-4303-a8d6-74672b88192d: shutdown group-076991192578
2019-09-12 10:53:25,361 [02d2c735-5a91-4cfc-b37b-8234c14e6879-SegmentedRaftLogWorker:Storage Directory /workdir/hadoop-ozone/integration-test/target/test-dir/MiniOzoneClusterImpl-838a7ec2-4afb-4d68-8138-46fa65bc7e11/datanode-9/data/ratis/a4ea00f3-dbeb-42a9-9a86-c096732cdec7] INFO  segmented.SegmentedRaftLogWorker (SegmentedRaftLogWorker.java:run(313)) - 02d2c735-5a91-4cfc-b37b-8234c14e6879-SegmentedRaftLogWorker:Storage Directory /workdir/hadoop-ozone/integration-test/target/test-dir/MiniOzoneClusterImpl-838a7ec2-4afb-4d68-8138-46fa65bc7e11/datanode-9/data/ratis/a4ea00f3-dbeb-42a9-9a86-c096732cdec7 was interrupted, exiting. There are 0 tasks remaining in the queue.
2019-09-12 10:53:25,361 [ForkJoinPool.commonPool-worker-1] INFO  util.JmxRegister (JmxRegister.java:unregister(73)) - Successfully un-registered JMX Bean with object name Ratis:service=RaftServer,group=group-076991192578,id=da20f580-5b10-4303-a8d6-74672b88192d
2019-09-12 10:53:25,361 [main] INFO  segmented.SegmentedRaftLogWorker (SegmentedRaftLogWorker.java:close(228)) - 02d2c735-5a91-4cfc-b37b-8234c14e6879-SegmentedRaftLogWorker:Storage Directory /workdir/hadoop-ozone/integration-test/target/test-dir/MiniOzoneClusterImpl-838a7ec2-4afb-4d68-8138-46fa65bc7e11/datanode-9/data/ratis/a4ea00f3-dbeb-42a9-9a86-c096732cdec7 close()
2019-09-12 10:53:25,361 [ForkJoinPool.commonPool-worker-1] INFO  impl.RoleInfo (RoleInfo.java:shutdownLeaderState(104)) - da20f580-5b10-4303-a8d6-74672b88192d: shutdown LeaderState
2019-09-12 10:53:25,362 [main] INFO  impl.RaftServerImpl (RaftServerImpl.java:lambda$shutdown$3(245)) - 02d2c735-5a91-4cfc-b37b-8234c14e6879: shutdown group-70B4718549F0
2019-09-12 10:53:25,362 [ForkJoinPool.commonPool-worker-1] INFO  impl.PendingRequests (PendingRequests.java:sendNotLeaderResponses(202)) - da20f580-5b10-4303-a8d6-74672b88192d-PendingRequests: sendNotLeaderResponses
2019-09-12 10:53:25,362 [main] INFO  util.JmxRegister (JmxRegister.java:unregister(73)) - Successfully un-registered JMX Bean with object name Ratis:service=RaftServer,group=group-70B4718549F0,id=02d2c735-5a91-4cfc-b37b-8234c14e6879
2019-09-12 10:53:25,363 [ForkJoinPool.commonPool-worker-1] INFO  impl.StateMachineUpdater (StateMachineUpdater.java:stopAndJoin(115)) - StateMachineUpdater:da20f580-5b10-4303-a8d6-74672b88192d:group-076991192578: set stopIndex = 0
2019-09-12 10:53:25,363 [main] INFO  impl.RoleInfo (RoleInfo.java:shutdownLeaderState(104)) - 02d2c735-5a91-4cfc-b37b-8234c14e6879: shutdown LeaderState
2019-09-12 10:53:25,363 [ForkJoinPool.commonPool-worker-1] INFO  impl.RaftServerImpl (ServerState.java:close(394)) - da20f580-5b10-4303-a8d6-74672b88192d:group-076991192578 closes. The last applied log index is 0
2019-09-12 10:53:25,364 [main] INFO  impl.PendingRequests (PendingRequests.java:sendNotLeaderResponses(202)) - 02d2c735-5a91-4cfc-b37b-8234c14e6879-PendingRequests: sendNotLeaderResponses
2019-09-12 10:53:25,364 [da20f580-5b10-4303-a8d6-74672b88192d-SegmentedRaftLogWorker:Storage Directory /workdir/hadoop-ozone/integration-test/target/test-dir/MiniOzoneClusterImpl-838a7ec2-4afb-4d68-8138-46fa65bc7e11/datanode-0/data/ratis/8456c8a0-a29b-4f78-b1e3-076991192578] INFO  segmented.SegmentedRaftLogWorker (SegmentedRaftLogWorker.java:run(313)) - da20f580-5b10-4303-a8d6-74672b88192d-SegmentedRaftLogWorker:Storage Directory /workdir/hadoop-ozone/integration-test/target/test-dir/MiniOzoneClusterImpl-838a7ec2-4afb-4d68-8138-46fa65bc7e11/datanode-0/data/ratis/8456c8a0-a29b-4f78-b1e3-076991192578 was interrupted, exiting. There are 0 tasks remaining in the queue.
2019-09-12 10:53:25,364 [main] INFO  impl.StateMachineUpdater (StateMachineUpdater.java:stopAndJoin(115)) - StateMachineUpdater:02d2c735-5a91-4cfc-b37b-8234c14e6879:group-70B4718549F0: set stopIndex = 0
2019-09-12 10:53:25,365 [ForkJoinPool.commonPool-worker-1] INFO  segmented.SegmentedRaftLogWorker (SegmentedRaftLogWorker.java:close(228)) - da20f580-5b10-4303-a8d6-74672b88192d-SegmentedRaftLogWorker:Storage Directory /workdir/hadoop-ozone/integration-test/target/test-dir/MiniOzoneClusterImpl-838a7ec2-4afb-4d68-8138-46fa65bc7e11/datanode-0/data/ratis/8456c8a0-a29b-4f78-b1e3-076991192578 close()
2019-09-12 10:53:25,365 [main] INFO  impl.RaftServerImpl (ServerState.java:close(394)) - 02d2c735-5a91-4cfc-b37b-8234c14e6879:group-70B4718549F0 closes. The last applied log index is 0
2019-09-12 10:53:25,365 [ForkJoinPool.commonPool-worker-1] INFO  server.GrpcService (GrpcService.java:closeImpl(155)) - da20f580-5b10-4303-a8d6-74672b88192d: shutdown server with port 33557 now
2019-09-12 10:53:25,366 [02d2c735-5a91-4cfc-b37b-8234c14e6879-SegmentedRaftLogWorker:Storage Directory /workdir/hadoop-ozone/integration-test/target/test-dir/MiniOzoneClusterImpl-838a7ec2-4afb-4d68-8138-46fa65bc7e11/datanode-9/data/ratis/d12d7bb4-e5c5-4d5e-b213-70b4718549f0] INFO  segmented.SegmentedRaftLogWorker (SegmentedRaftLogWorker.java:run(313)) - 02d2c735-5a91-4cfc-b37b-8234c14e6879-SegmentedRaftLogWorker:Storage Directory /workdir/hadoop-ozone/integration-test/target/test-dir/MiniOzoneClusterImpl-838a7ec2-4afb-4d68-8138-46fa65bc7e11/datanode-9/data/ratis/d12d7bb4-e5c5-4d5e-b213-70b4718549f0 was interrupted, exiting. There are 0 tasks remaining in the queue.
2019-09-12 10:53:25,368 [main] INFO  segmented.SegmentedRaftLogWorker (SegmentedRaftLogWorker.java:close(228)) - 02d2c735-5a91-4cfc-b37b-8234c14e6879-SegmentedRaftLogWorker:Storage Directory /workdir/hadoop-ozone/integration-test/target/test-dir/MiniOzoneClusterImpl-838a7ec2-4afb-4d68-8138-46fa65bc7e11/datanode-9/data/ratis/d12d7bb4-e5c5-4d5e-b213-70b4718549f0 close()
2019-09-12 10:53:25,368 [ForkJoinPool.commonPool-worker-1] INFO  server.GrpcService (GrpcService.java:closeImpl(163)) - da20f580-5b10-4303-a8d6-74672b88192d: shutdown server with port 33557 successfully
2019-09-12 10:53:25,369 [main] INFO  impl.RaftServerImpl (RaftServerImpl.java:lambda$shutdown$3(245)) - 02d2c735-5a91-4cfc-b37b-8234c14e6879: shutdown group-288EFAB3C6CA
2019-09-12 10:53:25,369 [main] INFO  util.JmxRegister (JmxRegister.java:unregister(73)) - Successfully un-registered JMX Bean with object name Ratis:service=RaftServer,group=group-288EFAB3C6CA,id=02d2c735-5a91-4cfc-b37b-8234c14e6879
2019-09-12 10:53:25,369 [main] INFO  impl.RoleInfo (RoleInfo.java:shutdownLeaderState(104)) - 02d2c735-5a91-4cfc-b37b-8234c14e6879: shutdown LeaderState
2019-09-12 10:53:25,370 [ForkJoinPool.commonPool-worker-1] INFO  utils.BackgroundService (BackgroundService.java:shutdown(148)) - Shutting down service BlockDeletingService
2019-09-12 10:53:25,370 [main] INFO  impl.PendingRequests (PendingRequests.java:sendNotLeaderResponses(202)) - 02d2c735-5a91-4cfc-b37b-8234c14e6879-PendingRequests: sendNotLeaderResponses
2019-09-12 10:53:25,370 [main] INFO  impl.StateMachineUpdater (StateMachineUpdater.java:stopAndJoin(115)) - StateMachineUpdater:02d2c735-5a91-4cfc-b37b-8234c14e6879:group-288EFAB3C6CA: set stopIndex = 0
2019-09-12 10:53:25,371 [main] INFO  impl.RaftServerImpl (ServerState.java:close(394)) - 02d2c735-5a91-4cfc-b37b-8234c14e6879:group-288EFAB3C6CA closes. The last applied log index is 0
2019-09-12 10:53:25,372 [refreshUsed-/workdir/hadoop-ozone/integration-test/target/test-dir/MiniOzoneClusterImpl-838a7ec2-4afb-4d68-8138-46fa65bc7e11/datanode-0/data/containers] WARN  fs.CachingGetSpaceUsed (CachingGetSpaceUsed.java:run(183)) - Thread Interrupted waiting to refresh disk information: sleep interrupted
2019-09-12 10:53:25,372 [02d2c735-5a91-4cfc-b37b-8234c14e6879-SegmentedRaftLogWorker:Storage Directory /workdir/hadoop-ozone/integration-test/target/test-dir/MiniOzoneClusterImpl-838a7ec2-4afb-4d68-8138-46fa65bc7e11/datanode-9/data/ratis/7f823a2e-4b87-466c-a18c-288efab3c6ca] INFO  segmented.SegmentedRaftLogWorker (SegmentedRaftLogWorker.java:run(313)) - 02d2c735-5a91-4cfc-b37b-8234c14e6879-SegmentedRaftLogWorker:Storage Directory /workdir/hadoop-ozone/integration-test/target/test-dir/MiniOzoneClusterImpl-838a7ec2-4afb-4d68-8138-46fa65bc7e11/datanode-9/data/ratis/7f823a2e-4b87-466c-a18c-288efab3c6ca was interrupted, exiting. There are 0 tasks remaining in the queue.
2019-09-12 10:53:25,372 [main] INFO  segmented.SegmentedRaftLogWorker (SegmentedRaftLogWorker.java:close(228)) - 02d2c735-5a91-4cfc-b37b-8234c14e6879-SegmentedRaftLogWorker:Storage Directory /workdir/hadoop-ozone/integration-test/target/test-dir/MiniOzoneClusterImpl-838a7ec2-4afb-4d68-8138-46fa65bc7e11/datanode-9/data/ratis/7f823a2e-4b87-466c-a18c-288efab3c6ca close()
2019-09-12 10:53:25,373 [main] INFO  impl.RaftServerImpl (RaftServerImpl.java:lambda$shutdown$3(245)) - 02d2c735-5a91-4cfc-b37b-8234c14e6879: shutdown group-89B8107AC77B
2019-09-12 10:53:25,373 [main] INFO  util.JmxRegister (JmxRegister.java:unregister(73)) - Successfully un-registered JMX Bean with object name Ratis:service=RaftServer,group=group-89B8107AC77B,id=02d2c735-5a91-4cfc-b37b-8234c14e6879
2019-09-12 10:53:25,373 [main] INFO  impl.RoleInfo (RoleInfo.java:shutdownLeaderState(104)) - 02d2c735-5a91-4cfc-b37b-8234c14e6879: shutdown LeaderState
2019-09-12 10:53:25,374 [main] INFO  impl.PendingRequests (PendingRequests.java:sendNotLeaderResponses(202)) - 02d2c735-5a91-4cfc-b37b-8234c14e6879-PendingRequests: sendNotLeaderResponses
2019-09-12 10:53:25,377 [main] INFO  impl.StateMachineUpdater (StateMachineUpdater.java:stopAndJoin(115)) - StateMachineUpdater:02d2c735-5a91-4cfc-b37b-8234c14e6879:group-89B8107AC77B: set stopIndex = 0
2019-09-12 10:53:25,378 [main] INFO  impl.RaftServerImpl (ServerState.java:close(394)) - 02d2c735-5a91-4cfc-b37b-8234c14e6879:group-89B8107AC77B closes. The last applied log index is 0
2019-09-12 10:53:25,378 [02d2c735-5a91-4cfc-b37b-8234c14e6879-SegmentedRaftLogWorker:Storage Directory /workdir/hadoop-ozone/integration-test/target/test-dir/MiniOzoneClusterImpl-838a7ec2-4afb-4d68-8138-46fa65bc7e11/datanode-9/data/ratis/65221899-23c2-4124-817a-89b8107ac77b] INFO  segmented.SegmentedRaftLogWorker (SegmentedRaftLogWorker.java:run(313)) - 02d2c735-5a91-4cfc-b37b-8234c14e6879-SegmentedRaftLogWorker:Storage Directory /workdir/hadoop-ozone/integration-test/target/test-dir/MiniOzoneClusterImpl-838a7ec2-4afb-4d68-8138-46fa65bc7e11/datanode-9/data/ratis/65221899-23c2-4124-817a-89b8107ac77b was interrupted, exiting. There are 0 tasks remaining in the queue.
2019-09-12 10:53:25,378 [main] INFO  segmented.SegmentedRaftLogWorker (SegmentedRaftLogWorker.java:close(228)) - 02d2c735-5a91-4cfc-b37b-8234c14e6879-SegmentedRaftLogWorker:Storage Directory /workdir/hadoop-ozone/integration-test/target/test-dir/MiniOzoneClusterImpl-838a7ec2-4afb-4d68-8138-46fa65bc7e11/datanode-9/data/ratis/65221899-23c2-4124-817a-89b8107ac77b close()
2019-09-12 10:53:25,379 [main] INFO  impl.RaftServerImpl (RaftServerImpl.java:lambda$shutdown$3(245)) - 02d2c735-5a91-4cfc-b37b-8234c14e6879: shutdown group-E47F59E89625
2019-09-12 10:53:25,379 [main] INFO  util.JmxRegister (JmxRegister.java:unregister(73)) - Successfully un-registered JMX Bean with object name Ratis:service=RaftServer,group=group-E47F59E89625,id=02d2c735-5a91-4cfc-b37b-8234c14e6879
2019-09-12 10:53:25,380 [main] INFO  impl.RoleInfo (RoleInfo.java:shutdownLeaderState(104)) - 02d2c735-5a91-4cfc-b37b-8234c14e6879: shutdown LeaderState
2019-09-12 10:53:25,380 [main] INFO  impl.PendingRequests (PendingRequests.java:sendNotLeaderResponses(202)) - 02d2c735-5a91-4cfc-b37b-8234c14e6879-PendingRequests: sendNotLeaderResponses
2019-09-12 10:53:25,380 [main] INFO  impl.StateMachineUpdater (StateMachineUpdater.java:stopAndJoin(115)) - StateMachineUpdater:02d2c735-5a91-4cfc-b37b-8234c14e6879:group-E47F59E89625: set stopIndex = 0
2019-09-12 10:53:25,381 [main] INFO  impl.RaftServerImpl (ServerState.java:close(394)) - 02d2c735-5a91-4cfc-b37b-8234c14e6879:group-E47F59E89625 closes. The last applied log index is 0
2019-09-12 10:53:25,381 [02d2c735-5a91-4cfc-b37b-8234c14e6879-SegmentedRaftLogWorker:Storage Directory /workdir/hadoop-ozone/integration-test/target/test-dir/MiniOzoneClusterImpl-838a7ec2-4afb-4d68-8138-46fa65bc7e11/datanode-9/data/ratis/d1244fc5-f91c-422b-b8eb-e47f59e89625] INFO  segmented.SegmentedRaftLogWorker (SegmentedRaftLogWorker.java:run(313)) - 02d2c735-5a91-4cfc-b37b-8234c14e6879-SegmentedRaftLogWorker:Storage Directory /workdir/hadoop-ozone/integration-test/target/test-dir/MiniOzoneClusterImpl-838a7ec2-4afb-4d68-8138-46fa65bc7e11/datanode-9/data/ratis/d1244fc5-f91c-422b-b8eb-e47f59e89625 was interrupted, exiting. There are 0 tasks remaining in the queue.
2019-09-12 10:53:25,382 [main] INFO  segmented.SegmentedRaftLogWorker (SegmentedRaftLogWorker.java:close(228)) - 02d2c735-5a91-4cfc-b37b-8234c14e6879-SegmentedRaftLogWorker:Storage Directory /workdir/hadoop-ozone/integration-test/target/test-dir/MiniOzoneClusterImpl-838a7ec2-4afb-4d68-8138-46fa65bc7e11/datanode-9/data/ratis/d1244fc5-f91c-422b-b8eb-e47f59e89625 close()
2019-09-12 10:53:25,382 [main] INFO  impl.RaftServerImpl (RaftServerImpl.java:lambda$shutdown$3(245)) - 02d2c735-5a91-4cfc-b37b-8234c14e6879: shutdown group-2DD5FE2E832D
2019-09-12 10:53:25,382 [main] INFO  util.JmxRegister (JmxRegister.java:unregister(73)) - Successfully un-registered JMX Bean with object name Ratis:service=RaftServer,group=group-2DD5FE2E832D,id=02d2c735-5a91-4cfc-b37b-8234c14e6879
2019-09-12 10:53:25,383 [main] INFO  impl.RoleInfo (RoleInfo.java:shutdownLeaderState(104)) - 02d2c735-5a91-4cfc-b37b-8234c14e6879: shutdown LeaderState
2019-09-12 10:53:25,383 [main] INFO  impl.PendingRequests (PendingRequests.java:sendNotLeaderResponses(202)) - 02d2c735-5a91-4cfc-b37b-8234c14e6879-PendingRequests: sendNotLeaderResponses
2019-09-12 10:53:25,384 [main] INFO  impl.StateMachineUpdater (StateMachineUpdater.java:stopAndJoin(115)) - StateMachineUpdater:02d2c735-5a91-4cfc-b37b-8234c14e6879:group-2DD5FE2E832D: set stopIndex = 0
2019-09-12 10:53:25,384 [main] INFO  impl.RaftServerImpl (ServerState.java:close(394)) - 02d2c735-5a91-4cfc-b37b-8234c14e6879:group-2DD5FE2E832D closes. The last applied log index is 0
2019-09-12 10:53:25,384 [02d2c735-5a91-4cfc-b37b-8234c14e6879-SegmentedRaftLogWorker:Storage Directory /workdir/hadoop-ozone/integration-test/target/test-dir/MiniOzoneClusterImpl-838a7ec2-4afb-4d68-8138-46fa65bc7e11/datanode-9/data/ratis/f5e1db78-d192-457a-b6e8-2dd5fe2e832d] INFO  segmented.SegmentedRaftLogWorker (SegmentedRaftLogWorker.java:run(313)) - 02d2c735-5a91-4cfc-b37b-8234c14e6879-SegmentedRaftLogWorker:Storage Directory /workdir/hadoop-ozone/integration-test/target/test-dir/MiniOzoneClusterImpl-838a7ec2-4afb-4d68-8138-46fa65bc7e11/datanode-9/data/ratis/f5e1db78-d192-457a-b6e8-2dd5fe2e832d was interrupted, exiting. There are 0 tasks remaining in the queue.
2019-09-12 10:53:25,385 [main] INFO  segmented.SegmentedRaftLogWorker (SegmentedRaftLogWorker.java:close(228)) - 02d2c735-5a91-4cfc-b37b-8234c14e6879-SegmentedRaftLogWorker:Storage Directory /workdir/hadoop-ozone/integration-test/target/test-dir/MiniOzoneClusterImpl-838a7ec2-4afb-4d68-8138-46fa65bc7e11/datanode-9/data/ratis/f5e1db78-d192-457a-b6e8-2dd5fe2e832d close()
2019-09-12 10:53:25,385 [main] INFO  server.GrpcService (GrpcService.java:closeImpl(155)) - 02d2c735-5a91-4cfc-b37b-8234c14e6879: shutdown server with port 36291 now
2019-09-12 10:53:25,387 [main] INFO  server.GrpcService (GrpcService.java:closeImpl(163)) - 02d2c735-5a91-4cfc-b37b-8234c14e6879: shutdown server with port 36291 successfully
2019-09-12 10:53:25,394 [ForkJoinPool.commonPool-worker-1] INFO  statemachine.DatanodeStateMachine (DatanodeStateMachine.java:stopDaemon(395)) - Ozone container server stopped.
2019-09-12 10:53:25,399 [ForkJoinPool.commonPool-worker-1] INFO  handler.ContextHandler (ContextHandler.java:doStop(910)) - Stopped o.e.j.w.WebAppContext@5ea4300e{/,null,UNAVAILABLE}{/hddsDatanode}
2019-09-12 10:53:25,399 [ForkJoinPool.commonPool-worker-1] INFO  server.AbstractConnector (AbstractConnector.java:doStop(318)) - Stopped ServerConnector@5a1c3cb4{HTTP/1.1,[http/1.1]}{0.0.0.0:0}
2019-09-12 10:53:25,401 [main] INFO  utils.BackgroundService (BackgroundService.java:shutdown(148)) - Shutting down service BlockDeletingService
2019-09-12 10:53:25,401 [ForkJoinPool.commonPool-worker-1] INFO  handler.ContextHandler (ContextHandler.java:doStop(910)) - Stopped o.e.j.s.ServletContextHandler@671d1157{/static,jar:file:/home/user/.m2/repository/org/apache/hadoop/hadoop-hdds-container-service/0.5.0-SNAPSHOT/hadoop-hdds-container-service-0.5.0-SNAPSHOT.jar!/webapps/static,UNAVAILABLE}
2019-09-12 10:53:25,404 [ForkJoinPool.commonPool-worker-1] INFO  handler.ContextHandler (ContextHandler.java:doStop(910)) - Stopped o.e.j.s.ServletContextHandler@68b9834c{/logs,file:///workdir/hadoop-ozone/integration-test/target/log,UNAVAILABLE}
2019-09-12 10:53:25,404 [refreshUsed-/workdir/hadoop-ozone/integration-test/target/test-dir/MiniOzoneClusterImpl-838a7ec2-4afb-4d68-8138-46fa65bc7e11/datanode-9/data/containers] WARN  fs.CachingGetSpaceUsed (CachingGetSpaceUsed.java:run(183)) - Thread Interrupted waiting to refresh disk information: sleep interrupted
2019-09-12 10:53:25,405 [ForkJoinPool.commonPool-worker-1] INFO  datanode.ObjectStoreHandler (ObjectStoreHandler.java:close(155)) - Closing ObjectStoreHandler.
2019-09-12 10:53:25,406 [ForkJoinPool.commonPool-worker-1] INFO  ozone.HddsDatanodeService (HddsDatanodeService.java:stop(451)) - Stopped plug-in org.apache.hadoop.ozone.web.OzoneHddsDatanodeService@6c742b84
2019-09-12 10:53:25,421 [main] INFO  statemachine.DatanodeStateMachine (DatanodeStateMachine.java:stopDaemon(395)) - Ozone container server stopped.
2019-09-12 10:53:25,422 [main] INFO  handler.ContextHandler (ContextHandler.java:doStop(910)) - Stopped o.e.j.w.WebAppContext@6f8ac8d5{/,null,UNAVAILABLE}{/hddsDatanode}
2019-09-12 10:53:25,422 [main] INFO  server.AbstractConnector (AbstractConnector.java:doStop(318)) - Stopped ServerConnector@370225c7{HTTP/1.1,[http/1.1]}{0.0.0.0:0}
2019-09-12 10:53:25,423 [main] INFO  handler.ContextHandler (ContextHandler.java:doStop(910)) - Stopped o.e.j.s.ServletContextHandler@37e55819{/static,jar:file:/home/user/.m2/repository/org/apache/hadoop/hadoop-hdds-container-service/0.5.0-SNAPSHOT/hadoop-hdds-container-service-0.5.0-SNAPSHOT.jar!/webapps/static,UNAVAILABLE}
2019-09-12 10:53:25,423 [main] INFO  handler.ContextHandler (ContextHandler.java:doStop(910)) - Stopped o.e.j.s.ServletContextHandler@213835b6{/logs,file:///workdir/hadoop-ozone/integration-test/target/log,UNAVAILABLE}
2019-09-12 10:53:25,424 [main] INFO  datanode.ObjectStoreHandler (ObjectStoreHandler.java:close(155)) - Closing ObjectStoreHandler.
2019-09-12 10:53:25,424 [main] INFO  ozone.HddsDatanodeService (HddsDatanodeService.java:stop(451)) - Stopped plug-in org.apache.hadoop.ozone.web.OzoneHddsDatanodeService@7d61468c
2019-09-12 10:53:25,451 [Datanode State Machine Thread - 0] INFO  statemachine.DatanodeStateMachine (DatanodeStateMachine.java:lambda$startDaemon$0(350)) - Ozone container server started.
2019-09-12 10:53:25,924 [Datanode State Machine Thread - 0] INFO  statemachine.DatanodeStateMachine (DatanodeStateMachine.java:lambda$startDaemon$0(350)) - Ozone container server started.
2019-09-12 10:53:30,407 [ForkJoinPool.commonPool-worker-1] INFO  ozoneimpl.OzoneContainer (OzoneContainer.java:stop(199)) - Attempting to stop container services.
2019-09-12 10:53:30,407 [ForkJoinPool.commonPool-worker-1] INFO  impl.RaftServerProxy (RaftServerProxy.java:lambda$close$4(314)) - 9dc3d9e1-35df-4da5-a2c1-5b39dd910295: close
2019-09-12 10:53:30,407 [ForkJoinPool.commonPool-worker-1] INFO  impl.RaftServerImpl (RaftServerImpl.java:lambda$shutdown$3(245)) - 9dc3d9e1-35df-4da5-a2c1-5b39dd910295: shutdown group-D80FE09C38AA
2019-09-12 10:53:30,408 [ForkJoinPool.commonPool-worker-1] INFO  util.JmxRegister (JmxRegister.java:unregister(73)) - Successfully un-registered JMX Bean with object name Ratis:service=RaftServer,group=group-D80FE09C38AA,id=9dc3d9e1-35df-4da5-a2c1-5b39dd910295
2019-09-12 10:53:30,408 [ForkJoinPool.commonPool-worker-1] INFO  impl.RoleInfo (RoleInfo.java:shutdownLeaderState(104)) - 9dc3d9e1-35df-4da5-a2c1-5b39dd910295: shutdown LeaderState
2019-09-12 10:53:30,408 [ForkJoinPool.commonPool-worker-1] INFO  impl.PendingRequests (PendingRequests.java:sendNotLeaderResponses(202)) - 9dc3d9e1-35df-4da5-a2c1-5b39dd910295-PendingRequests: sendNotLeaderResponses
2019-09-12 10:53:30,409 [ForkJoinPool.commonPool-worker-1] INFO  impl.StateMachineUpdater (StateMachineUpdater.java:stopAndJoin(115)) - StateMachineUpdater:9dc3d9e1-35df-4da5-a2c1-5b39dd910295:group-D80FE09C38AA: set stopIndex = 0
2019-09-12 10:53:30,409 [ForkJoinPool.commonPool-worker-1] INFO  impl.RaftServerImpl (ServerState.java:close(394)) - 9dc3d9e1-35df-4da5-a2c1-5b39dd910295:group-D80FE09C38AA closes. The last applied log index is 0
2019-09-12 10:53:30,410 [9dc3d9e1-35df-4da5-a2c1-5b39dd910295-SegmentedRaftLogWorker:Storage Directory /workdir/hadoop-ozone/integration-test/target/test-dir/MiniOzoneClusterImpl-838a7ec2-4afb-4d68-8138-46fa65bc7e11/datanode-1/data/ratis/34036bfd-a36b-4a16-b60e-d80fe09c38aa] INFO  segmented.SegmentedRaftLogWorker (SegmentedRaftLogWorker.java:run(313)) - 9dc3d9e1-35df-4da5-a2c1-5b39dd910295-SegmentedRaftLogWorker:Storage Directory /workdir/hadoop-ozone/integration-test/target/test-dir/MiniOzoneClusterImpl-838a7ec2-4afb-4d68-8138-46fa65bc7e11/datanode-1/data/ratis/34036bfd-a36b-4a16-b60e-d80fe09c38aa was interrupted, exiting. There are 0 tasks remaining in the queue.
2019-09-12 10:53:30,410 [ForkJoinPool.commonPool-worker-1] INFO  segmented.SegmentedRaftLogWorker (SegmentedRaftLogWorker.java:close(228)) - 9dc3d9e1-35df-4da5-a2c1-5b39dd910295-SegmentedRaftLogWorker:Storage Directory /workdir/hadoop-ozone/integration-test/target/test-dir/MiniOzoneClusterImpl-838a7ec2-4afb-4d68-8138-46fa65bc7e11/datanode-1/data/ratis/34036bfd-a36b-4a16-b60e-d80fe09c38aa close()
2019-09-12 10:53:30,410 [ForkJoinPool.commonPool-worker-1] INFO  impl.RaftServerImpl (RaftServerImpl.java:lambda$shutdown$3(245)) - 9dc3d9e1-35df-4da5-a2c1-5b39dd910295: shutdown group-EAE66D85883B
2019-09-12 10:53:30,411 [ForkJoinPool.commonPool-worker-1] INFO  util.JmxRegister (JmxRegister.java:unregister(73)) - Successfully un-registered JMX Bean with object name Ratis:service=RaftServer,group=group-EAE66D85883B,id=9dc3d9e1-35df-4da5-a2c1-5b39dd910295
2019-09-12 10:53:30,411 [ForkJoinPool.commonPool-worker-1] INFO  impl.RoleInfo (RoleInfo.java:shutdownLeaderState(104)) - 9dc3d9e1-35df-4da5-a2c1-5b39dd910295: shutdown LeaderState
2019-09-12 10:53:30,411 [ForkJoinPool.commonPool-worker-1] INFO  impl.PendingRequests (PendingRequests.java:sendNotLeaderResponses(202)) - 9dc3d9e1-35df-4da5-a2c1-5b39dd910295-PendingRequests: sendNotLeaderResponses
2019-09-12 10:53:30,412 [ForkJoinPool.commonPool-worker-1] INFO  impl.StateMachineUpdater (StateMachineUpdater.java:stopAndJoin(115)) - StateMachineUpdater:9dc3d9e1-35df-4da5-a2c1-5b39dd910295:group-EAE66D85883B: set stopIndex = 0
2019-09-12 10:53:30,412 [ForkJoinPool.commonPool-worker-1] INFO  impl.RaftServerImpl (ServerState.java:close(394)) - 9dc3d9e1-35df-4da5-a2c1-5b39dd910295:group-EAE66D85883B closes. The last applied log index is 0
2019-09-12 10:53:30,413 [9dc3d9e1-35df-4da5-a2c1-5b39dd910295-SegmentedRaftLogWorker:Storage Directory /workdir/hadoop-ozone/integration-test/target/test-dir/MiniOzoneClusterImpl-838a7ec2-4afb-4d68-8138-46fa65bc7e11/datanode-1/data/ratis/c1497cb5-c2a7-40d0-b683-eae66d85883b] INFO  segmented.SegmentedRaftLogWorker (SegmentedRaftLogWorker.java:run(313)) - 9dc3d9e1-35df-4da5-a2c1-5b39dd910295-SegmentedRaftLogWorker:Storage Directory /workdir/hadoop-ozone/integration-test/target/test-dir/MiniOzoneClusterImpl-838a7ec2-4afb-4d68-8138-46fa65bc7e11/datanode-1/data/ratis/c1497cb5-c2a7-40d0-b683-eae66d85883b was interrupted, exiting. There are 0 tasks remaining in the queue.
2019-09-12 10:53:30,413 [ForkJoinPool.commonPool-worker-1] INFO  segmented.SegmentedRaftLogWorker (SegmentedRaftLogWorker.java:close(228)) - 9dc3d9e1-35df-4da5-a2c1-5b39dd910295-SegmentedRaftLogWorker:Storage Directory /workdir/hadoop-ozone/integration-test/target/test-dir/MiniOzoneClusterImpl-838a7ec2-4afb-4d68-8138-46fa65bc7e11/datanode-1/data/ratis/c1497cb5-c2a7-40d0-b683-eae66d85883b close()
2019-09-12 10:53:30,413 [ForkJoinPool.commonPool-worker-1] INFO  impl.RaftServerImpl (RaftServerImpl.java:lambda$shutdown$3(245)) - 9dc3d9e1-35df-4da5-a2c1-5b39dd910295: shutdown group-19670A01408F
2019-09-12 10:53:30,414 [ForkJoinPool.commonPool-worker-1] INFO  util.JmxRegister (JmxRegister.java:unregister(73)) - Successfully un-registered JMX Bean with object name Ratis:service=RaftServer,group=group-19670A01408F,id=9dc3d9e1-35df-4da5-a2c1-5b39dd910295
2019-09-12 10:53:30,414 [ForkJoinPool.commonPool-worker-1] INFO  impl.RoleInfo (RoleInfo.java:shutdownLeaderState(104)) - 9dc3d9e1-35df-4da5-a2c1-5b39dd910295: shutdown LeaderState
2019-09-12 10:53:30,414 [ForkJoinPool.commonPool-worker-1] INFO  impl.PendingRequests (PendingRequests.java:sendNotLeaderResponses(202)) - 9dc3d9e1-35df-4da5-a2c1-5b39dd910295-PendingRequests: sendNotLeaderResponses
2019-09-12 10:53:30,415 [ForkJoinPool.commonPool-worker-1] INFO  impl.StateMachineUpdater (StateMachineUpdater.java:stopAndJoin(115)) - StateMachineUpdater:9dc3d9e1-35df-4da5-a2c1-5b39dd910295:group-19670A01408F: set stopIndex = 0
2019-09-12 10:53:30,415 [ForkJoinPool.commonPool-worker-1] INFO  impl.RaftServerImpl (ServerState.java:close(394)) - 9dc3d9e1-35df-4da5-a2c1-5b39dd910295:group-19670A01408F closes. The last applied log index is 0
2019-09-12 10:53:30,415 [9dc3d9e1-35df-4da5-a2c1-5b39dd910295-SegmentedRaftLogWorker:Storage Directory /workdir/hadoop-ozone/integration-test/target/test-dir/MiniOzoneClusterImpl-838a7ec2-4afb-4d68-8138-46fa65bc7e11/datanode-1/data/ratis/e06c43e5-6adb-454b-8589-19670a01408f] INFO  segmented.SegmentedRaftLogWorker (SegmentedRaftLogWorker.java:run(313)) - 9dc3d9e1-35df-4da5-a2c1-5b39dd910295-SegmentedRaftLogWorker:Storage Directory /workdir/hadoop-ozone/integration-test/target/test-dir/MiniOzoneClusterImpl-838a7ec2-4afb-4d68-8138-46fa65bc7e11/datanode-1/data/ratis/e06c43e5-6adb-454b-8589-19670a01408f was interrupted, exiting. There are 0 tasks remaining in the queue.
2019-09-12 10:53:30,416 [ForkJoinPool.commonPool-worker-1] INFO  segmented.SegmentedRaftLogWorker (SegmentedRaftLogWorker.java:close(228)) - 9dc3d9e1-35df-4da5-a2c1-5b39dd910295-SegmentedRaftLogWorker:Storage Directory /workdir/hadoop-ozone/integration-test/target/test-dir/MiniOzoneClusterImpl-838a7ec2-4afb-4d68-8138-46fa65bc7e11/datanode-1/data/ratis/e06c43e5-6adb-454b-8589-19670a01408f close()
2019-09-12 10:53:30,416 [ForkJoinPool.commonPool-worker-1] INFO  impl.RaftServerImpl (RaftServerImpl.java:lambda$shutdown$3(245)) - 9dc3d9e1-35df-4da5-a2c1-5b39dd910295: shutdown group-D2EBA9E0223F
2019-09-12 10:53:30,416 [ForkJoinPool.commonPool-worker-1] INFO  util.JmxRegister (JmxRegister.java:unregister(73)) - Successfully un-registered JMX Bean with object name Ratis:service=RaftServer,group=group-D2EBA9E0223F,id=9dc3d9e1-35df-4da5-a2c1-5b39dd910295
2019-09-12 10:53:30,417 [ForkJoinPool.commonPool-worker-1] INFO  impl.RoleInfo (RoleInfo.java:shutdownLeaderState(104)) - 9dc3d9e1-35df-4da5-a2c1-5b39dd910295: shutdown LeaderState
2019-09-12 10:53:30,417 [ForkJoinPool.commonPool-worker-1] INFO  impl.PendingRequests (PendingRequests.java:sendNotLeaderResponses(202)) - 9dc3d9e1-35df-4da5-a2c1-5b39dd910295-PendingRequests: sendNotLeaderResponses
2019-09-12 10:53:30,417 [ForkJoinPool.commonPool-worker-1] INFO  impl.StateMachineUpdater (StateMachineUpdater.java:stopAndJoin(115)) - StateMachineUpdater:9dc3d9e1-35df-4da5-a2c1-5b39dd910295:group-D2EBA9E0223F: set stopIndex = 0
2019-09-12 10:53:30,418 [ForkJoinPool.commonPool-worker-1] INFO  impl.RaftServerImpl (ServerState.java:close(394)) - 9dc3d9e1-35df-4da5-a2c1-5b39dd910295:group-D2EBA9E0223F closes. The last applied log index is 0
2019-09-12 10:53:30,418 [9dc3d9e1-35df-4da5-a2c1-5b39dd910295-SegmentedRaftLogWorker:Storage Directory /workdir/hadoop-ozone/integration-test/target/test-dir/MiniOzoneClusterImpl-838a7ec2-4afb-4d68-8138-46fa65bc7e11/datanode-1/data/ratis/e31323ed-a14f-4dcf-81b0-d2eba9e0223f] INFO  segmented.SegmentedRaftLogWorker (SegmentedRaftLogWorker.java:run(313)) - 9dc3d9e1-35df-4da5-a2c1-5b39dd910295-SegmentedRaftLogWorker:Storage Directory /workdir/hadoop-ozone/integration-test/target/test-dir/MiniOzoneClusterImpl-838a7ec2-4afb-4d68-8138-46fa65bc7e11/datanode-1/data/ratis/e31323ed-a14f-4dcf-81b0-d2eba9e0223f was interrupted, exiting. There are 0 tasks remaining in the queue.
2019-09-12 10:53:30,418 [ForkJoinPool.commonPool-worker-1] INFO  segmented.SegmentedRaftLogWorker (SegmentedRaftLogWorker.java:close(228)) - 9dc3d9e1-35df-4da5-a2c1-5b39dd910295-SegmentedRaftLogWorker:Storage Directory /workdir/hadoop-ozone/integration-test/target/test-dir/MiniOzoneClusterImpl-838a7ec2-4afb-4d68-8138-46fa65bc7e11/datanode-1/data/ratis/e31323ed-a14f-4dcf-81b0-d2eba9e0223f close()
2019-09-12 10:53:30,419 [ForkJoinPool.commonPool-worker-1] INFO  impl.RaftServerImpl (RaftServerImpl.java:lambda$shutdown$3(245)) - 9dc3d9e1-35df-4da5-a2c1-5b39dd910295: shutdown group-EF214DC12147
2019-09-12 10:53:30,419 [ForkJoinPool.commonPool-worker-1] INFO  util.JmxRegister (JmxRegister.java:unregister(73)) - Successfully un-registered JMX Bean with object name Ratis:service=RaftServer,group=group-EF214DC12147,id=9dc3d9e1-35df-4da5-a2c1-5b39dd910295
2019-09-12 10:53:30,419 [ForkJoinPool.commonPool-worker-1] INFO  impl.RoleInfo (RoleInfo.java:shutdownLeaderState(104)) - 9dc3d9e1-35df-4da5-a2c1-5b39dd910295: shutdown LeaderState
2019-09-12 10:53:30,420 [ForkJoinPool.commonPool-worker-1] INFO  impl.PendingRequests (PendingRequests.java:sendNotLeaderResponses(202)) - 9dc3d9e1-35df-4da5-a2c1-5b39dd910295-PendingRequests: sendNotLeaderResponses
2019-09-12 10:53:30,420 [ForkJoinPool.commonPool-worker-1] INFO  impl.StateMachineUpdater (StateMachineUpdater.java:stopAndJoin(115)) - StateMachineUpdater:9dc3d9e1-35df-4da5-a2c1-5b39dd910295:group-EF214DC12147: set stopIndex = 0
2019-09-12 10:53:30,420 [ForkJoinPool.commonPool-worker-1] INFO  impl.RaftServerImpl (ServerState.java:close(394)) - 9dc3d9e1-35df-4da5-a2c1-5b39dd910295:group-EF214DC12147 closes. The last applied log index is 0
2019-09-12 10:53:30,421 [9dc3d9e1-35df-4da5-a2c1-5b39dd910295-SegmentedRaftLogWorker:Storage Directory /workdir/hadoop-ozone/integration-test/target/test-dir/MiniOzoneClusterImpl-838a7ec2-4afb-4d68-8138-46fa65bc7e11/datanode-1/data/ratis/4db3094b-cc55-4064-b463-ef214dc12147] INFO  segmented.SegmentedRaftLogWorker (SegmentedRaftLogWorker.java:run(313)) - 9dc3d9e1-35df-4da5-a2c1-5b39dd910295-SegmentedRaftLogWorker:Storage Directory /workdir/hadoop-ozone/integration-test/target/test-dir/MiniOzoneClusterImpl-838a7ec2-4afb-4d68-8138-46fa65bc7e11/datanode-1/data/ratis/4db3094b-cc55-4064-b463-ef214dc12147 was interrupted, exiting. There are 0 tasks remaining in the queue.
2019-09-12 10:53:30,421 [ForkJoinPool.commonPool-worker-1] INFO  segmented.SegmentedRaftLogWorker (SegmentedRaftLogWorker.java:close(228)) - 9dc3d9e1-35df-4da5-a2c1-5b39dd910295-SegmentedRaftLogWorker:Storage Directory /workdir/hadoop-ozone/integration-test/target/test-dir/MiniOzoneClusterImpl-838a7ec2-4afb-4d68-8138-46fa65bc7e11/datanode-1/data/ratis/4db3094b-cc55-4064-b463-ef214dc12147 close()
2019-09-12 10:53:30,421 [ForkJoinPool.commonPool-worker-1] INFO  impl.RaftServerImpl (RaftServerImpl.java:lambda$shutdown$3(245)) - 9dc3d9e1-35df-4da5-a2c1-5b39dd910295: shutdown group-62DB443BC412
2019-09-12 10:53:30,422 [ForkJoinPool.commonPool-worker-1] INFO  util.JmxRegister (JmxRegister.java:unregister(73)) - Successfully un-registered JMX Bean with object name Ratis:service=RaftServer,group=group-62DB443BC412,id=9dc3d9e1-35df-4da5-a2c1-5b39dd910295
2019-09-12 10:53:30,422 [ForkJoinPool.commonPool-worker-1] INFO  impl.RoleInfo (RoleInfo.java:shutdownLeaderState(104)) - 9dc3d9e1-35df-4da5-a2c1-5b39dd910295: shutdown LeaderState
2019-09-12 10:53:30,422 [ForkJoinPool.commonPool-worker-1] INFO  impl.PendingRequests (PendingRequests.java:sendNotLeaderResponses(202)) - 9dc3d9e1-35df-4da5-a2c1-5b39dd910295-PendingRequests: sendNotLeaderResponses
2019-09-12 10:53:30,423 [ForkJoinPool.commonPool-worker-1] INFO  impl.StateMachineUpdater (StateMachineUpdater.java:stopAndJoin(115)) - StateMachineUpdater:9dc3d9e1-35df-4da5-a2c1-5b39dd910295:group-62DB443BC412: set stopIndex = 0
2019-09-12 10:53:30,423 [ForkJoinPool.commonPool-worker-1] INFO  impl.RaftServerImpl (ServerState.java:close(394)) - 9dc3d9e1-35df-4da5-a2c1-5b39dd910295:group-62DB443BC412 closes. The last applied log index is 0
2019-09-12 10:53:30,423 [9dc3d9e1-35df-4da5-a2c1-5b39dd910295-SegmentedRaftLogWorker:Storage Directory /workdir/hadoop-ozone/integration-test/target/test-dir/MiniOzoneClusterImpl-838a7ec2-4afb-4d68-8138-46fa65bc7e11/datanode-1/data/ratis/e91d609c-988a-4cfe-8599-62db443bc412] INFO  segmented.SegmentedRaftLogWorker (SegmentedRaftLogWorker.java:run(313)) - 9dc3d9e1-35df-4da5-a2c1-5b39dd910295-SegmentedRaftLogWorker:Storage Directory /workdir/hadoop-ozone/integration-test/target/test-dir/MiniOzoneClusterImpl-838a7ec2-4afb-4d68-8138-46fa65bc7e11/datanode-1/data/ratis/e91d609c-988a-4cfe-8599-62db443bc412 was interrupted, exiting. There are 0 tasks remaining in the queue.
2019-09-12 10:53:30,424 [ForkJoinPool.commonPool-worker-1] INFO  segmented.SegmentedRaftLogWorker (SegmentedRaftLogWorker.java:close(228)) - 9dc3d9e1-35df-4da5-a2c1-5b39dd910295-SegmentedRaftLogWorker:Storage Directory /workdir/hadoop-ozone/integration-test/target/test-dir/MiniOzoneClusterImpl-838a7ec2-4afb-4d68-8138-46fa65bc7e11/datanode-1/data/ratis/e91d609c-988a-4cfe-8599-62db443bc412 close()
2019-09-12 10:53:30,424 [ForkJoinPool.commonPool-worker-1] INFO  server.GrpcService (GrpcService.java:closeImpl(155)) - 9dc3d9e1-35df-4da5-a2c1-5b39dd910295: shutdown server with port 42873 now
2019-09-12 10:53:30,426 [main] INFO  ozoneimpl.OzoneContainer (OzoneContainer.java:stop(199)) - Attempting to stop container services.
2019-09-12 10:53:30,427 [ForkJoinPool.commonPool-worker-1] INFO  server.GrpcService (GrpcService.java:closeImpl(163)) - 9dc3d9e1-35df-4da5-a2c1-5b39dd910295: shutdown server with port 42873 successfully
2019-09-12 10:53:30,427 [main] INFO  impl.RaftServerProxy (RaftServerProxy.java:lambda$close$4(314)) - 35ed61f3-e470-497f-b63f-7decb4cef9e0: close
2019-09-12 10:53:30,428 [main] INFO  impl.RaftServerImpl (RaftServerImpl.java:lambda$shutdown$3(245)) - 35ed61f3-e470-497f-b63f-7decb4cef9e0: shutdown group-547F00331E10
2019-09-12 10:53:30,428 [main] INFO  util.JmxRegister (JmxRegister.java:unregister(73)) - Successfully un-registered JMX Bean with object name Ratis:service=RaftServer,group=group-547F00331E10,id=35ed61f3-e470-497f-b63f-7decb4cef9e0
2019-09-12 10:53:30,428 [ForkJoinPool.commonPool-worker-1] INFO  utils.BackgroundService (BackgroundService.java:shutdown(148)) - Shutting down service BlockDeletingService
2019-09-12 10:53:30,429 [main] INFO  impl.RoleInfo (RoleInfo.java:shutdownLeaderState(104)) - 35ed61f3-e470-497f-b63f-7decb4cef9e0: shutdown LeaderState
2019-09-12 10:53:30,429 [main] INFO  impl.PendingRequests (PendingRequests.java:sendNotLeaderResponses(202)) - 35ed61f3-e470-497f-b63f-7decb4cef9e0-PendingRequests: sendNotLeaderResponses
2019-09-12 10:53:30,430 [refreshUsed-/workdir/hadoop-ozone/integration-test/target/test-dir/MiniOzoneClusterImpl-838a7ec2-4afb-4d68-8138-46fa65bc7e11/datanode-1/data/containers] WARN  fs.CachingGetSpaceUsed (CachingGetSpaceUsed.java:run(183)) - Thread Interrupted waiting to refresh disk information: sleep interrupted
2019-09-12 10:53:30,430 [main] INFO  impl.StateMachineUpdater (StateMachineUpdater.java:stopAndJoin(115)) - StateMachineUpdater:35ed61f3-e470-497f-b63f-7decb4cef9e0:group-547F00331E10: set stopIndex = 0
2019-09-12 10:53:30,431 [main] INFO  impl.RaftServerImpl (ServerState.java:close(394)) - 35ed61f3-e470-497f-b63f-7decb4cef9e0:group-547F00331E10 closes. The last applied log index is 0
2019-09-12 10:53:30,431 [35ed61f3-e470-497f-b63f-7decb4cef9e0-SegmentedRaftLogWorker:Storage Directory /workdir/hadoop-ozone/integration-test/target/test-dir/MiniOzoneClusterImpl-838a7ec2-4afb-4d68-8138-46fa65bc7e11/datanode-7/data/ratis/3a1f184c-2d01-4a1d-bf75-547f00331e10] INFO  segmented.SegmentedRaftLogWorker (SegmentedRaftLogWorker.java:run(313)) - 35ed61f3-e470-497f-b63f-7decb4cef9e0-SegmentedRaftLogWorker:Storage Directory /workdir/hadoop-ozone/integration-test/target/test-dir/MiniOzoneClusterImpl-838a7ec2-4afb-4d68-8138-46fa65bc7e11/datanode-7/data/ratis/3a1f184c-2d01-4a1d-bf75-547f00331e10 was interrupted, exiting. There are 0 tasks remaining in the queue.
2019-09-12 10:53:30,432 [main] INFO  segmented.SegmentedRaftLogWorker (SegmentedRaftLogWorker.java:close(228)) - 35ed61f3-e470-497f-b63f-7decb4cef9e0-SegmentedRaftLogWorker:Storage Directory /workdir/hadoop-ozone/integration-test/target/test-dir/MiniOzoneClusterImpl-838a7ec2-4afb-4d68-8138-46fa65bc7e11/datanode-7/data/ratis/3a1f184c-2d01-4a1d-bf75-547f00331e10 close()
2019-09-12 10:53:30,432 [main] INFO  impl.RaftServerImpl (RaftServerImpl.java:lambda$shutdown$3(245)) - 35ed61f3-e470-497f-b63f-7decb4cef9e0: shutdown group-8E361D47D408
2019-09-12 10:53:30,435 [main] INFO  util.JmxRegister (JmxRegister.java:unregister(73)) - Successfully un-registered JMX Bean with object name Ratis:service=RaftServer,group=group-8E361D47D408,id=35ed61f3-e470-497f-b63f-7decb4cef9e0
2019-09-12 10:53:30,435 [main] INFO  impl.RoleInfo (RoleInfo.java:shutdownLeaderState(104)) - 35ed61f3-e470-497f-b63f-7decb4cef9e0: shutdown LeaderState
2019-09-12 10:53:30,436 [main] INFO  impl.PendingRequests (PendingRequests.java:sendNotLeaderResponses(202)) - 35ed61f3-e470-497f-b63f-7decb4cef9e0-PendingRequests: sendNotLeaderResponses
2019-09-12 10:53:30,436 [main] INFO  impl.StateMachineUpdater (StateMachineUpdater.java:stopAndJoin(115)) - StateMachineUpdater:35ed61f3-e470-497f-b63f-7decb4cef9e0:group-8E361D47D408: set stopIndex = 0
2019-09-12 10:53:30,437 [main] INFO  impl.RaftServerImpl (ServerState.java:close(394)) - 35ed61f3-e470-497f-b63f-7decb4cef9e0:group-8E361D47D408 closes. The last applied log index is 0
2019-09-12 10:53:30,437 [35ed61f3-e470-497f-b63f-7decb4cef9e0-SegmentedRaftLogWorker:Storage Directory /workdir/hadoop-ozone/integration-test/target/test-dir/MiniOzoneClusterImpl-838a7ec2-4afb-4d68-8138-46fa65bc7e11/datanode-7/data/ratis/8f2241cf-fead-445a-b0f0-8e361d47d408] INFO  segmented.SegmentedRaftLogWorker (SegmentedRaftLogWorker.java:run(313)) - 35ed61f3-e470-497f-b63f-7decb4cef9e0-SegmentedRaftLogWorker:Storage Directory /workdir/hadoop-ozone/integration-test/target/test-dir/MiniOzoneClusterImpl-838a7ec2-4afb-4d68-8138-46fa65bc7e11/datanode-7/data/ratis/8f2241cf-fead-445a-b0f0-8e361d47d408 was interrupted, exiting. There are 0 tasks remaining in the queue.
2019-09-12 10:53:30,438 [main] INFO  segmented.SegmentedRaftLogWorker (SegmentedRaftLogWorker.java:close(228)) - 35ed61f3-e470-497f-b63f-7decb4cef9e0-SegmentedRaftLogWorker:Storage Directory /workdir/hadoop-ozone/integration-test/target/test-dir/MiniOzoneClusterImpl-838a7ec2-4afb-4d68-8138-46fa65bc7e11/datanode-7/data/ratis/8f2241cf-fead-445a-b0f0-8e361d47d408 close()
2019-09-12 10:53:30,438 [main] INFO  impl.RaftServerImpl (RaftServerImpl.java:lambda$shutdown$3(245)) - 35ed61f3-e470-497f-b63f-7decb4cef9e0: shutdown group-2A1D320EDCC8
2019-09-12 10:53:30,439 [main] INFO  util.JmxRegister (JmxRegister.java:unregister(73)) - Successfully un-registered JMX Bean with object name Ratis:service=RaftServer,group=group-2A1D320EDCC8,id=35ed61f3-e470-497f-b63f-7decb4cef9e0
2019-09-12 10:53:30,439 [main] INFO  impl.RoleInfo (RoleInfo.java:shutdownLeaderState(104)) - 35ed61f3-e470-497f-b63f-7decb4cef9e0: shutdown LeaderState
2019-09-12 10:53:30,439 [main] INFO  impl.PendingRequests (PendingRequests.java:sendNotLeaderResponses(202)) - 35ed61f3-e470-497f-b63f-7decb4cef9e0-PendingRequests: sendNotLeaderResponses
2019-09-12 10:53:30,440 [main] INFO  impl.StateMachineUpdater (StateMachineUpdater.java:stopAndJoin(115)) - StateMachineUpdater:35ed61f3-e470-497f-b63f-7decb4cef9e0:group-2A1D320EDCC8: set stopIndex = 0
2019-09-12 10:53:30,440 [main] INFO  impl.RaftServerImpl (ServerState.java:close(394)) - 35ed61f3-e470-497f-b63f-7decb4cef9e0:group-2A1D320EDCC8 closes. The last applied log index is 0
2019-09-12 10:53:30,441 [35ed61f3-e470-497f-b63f-7decb4cef9e0-SegmentedRaftLogWorker:Storage Directory /workdir/hadoop-ozone/integration-test/target/test-dir/MiniOzoneClusterImpl-838a7ec2-4afb-4d68-8138-46fa65bc7e11/datanode-7/data/ratis/3dbf7e14-e54c-4e9c-86a3-2a1d320edcc8] INFO  segmented.SegmentedRaftLogWorker (SegmentedRaftLogWorker.java:run(313)) - 35ed61f3-e470-497f-b63f-7decb4cef9e0-SegmentedRaftLogWorker:Storage Directory /workdir/hadoop-ozone/integration-test/target/test-dir/MiniOzoneClusterImpl-838a7ec2-4afb-4d68-8138-46fa65bc7e11/datanode-7/data/ratis/3dbf7e14-e54c-4e9c-86a3-2a1d320edcc8 was interrupted, exiting. There are 0 tasks remaining in the queue.
2019-09-12 10:53:30,441 [main] INFO  segmented.SegmentedRaftLogWorker (SegmentedRaftLogWorker.java:close(228)) - 35ed61f3-e470-497f-b63f-7decb4cef9e0-SegmentedRaftLogWorker:Storage Directory /workdir/hadoop-ozone/integration-test/target/test-dir/MiniOzoneClusterImpl-838a7ec2-4afb-4d68-8138-46fa65bc7e11/datanode-7/data/ratis/3dbf7e14-e54c-4e9c-86a3-2a1d320edcc8 close()
2019-09-12 10:53:30,442 [main] INFO  impl.RaftServerImpl (RaftServerImpl.java:lambda$shutdown$3(245)) - 35ed61f3-e470-497f-b63f-7decb4cef9e0: shutdown group-2DB1D469BC19
2019-09-12 10:53:30,442 [main] INFO  util.JmxRegister (JmxRegister.java:unregister(73)) - Successfully un-registered JMX Bean with object name Ratis:service=RaftServer,group=group-2DB1D469BC19,id=35ed61f3-e470-497f-b63f-7decb4cef9e0
2019-09-12 10:53:30,442 [main] INFO  impl.RoleInfo (RoleInfo.java:shutdownLeaderState(104)) - 35ed61f3-e470-497f-b63f-7decb4cef9e0: shutdown LeaderState
2019-09-12 10:53:30,443 [main] INFO  impl.PendingRequests (PendingRequests.java:sendNotLeaderResponses(202)) - 35ed61f3-e470-497f-b63f-7decb4cef9e0-PendingRequests: sendNotLeaderResponses
2019-09-12 10:53:30,443 [main] INFO  impl.StateMachineUpdater (StateMachineUpdater.java:stopAndJoin(115)) - StateMachineUpdater:35ed61f3-e470-497f-b63f-7decb4cef9e0:group-2DB1D469BC19: set stopIndex = 0
2019-09-12 10:53:30,444 [main] INFO  impl.RaftServerImpl (ServerState.java:close(394)) - 35ed61f3-e470-497f-b63f-7decb4cef9e0:group-2DB1D469BC19 closes. The last applied log index is 0
2019-09-12 10:53:30,444 [35ed61f3-e470-497f-b63f-7decb4cef9e0-SegmentedRaftLogWorker:Storage Directory /workdir/hadoop-ozone/integration-test/target/test-dir/MiniOzoneClusterImpl-838a7ec2-4afb-4d68-8138-46fa65bc7e11/datanode-7/data/ratis/d9263888-84e7-486d-9406-2db1d469bc19] INFO  segmented.SegmentedRaftLogWorker (SegmentedRaftLogWorker.java:run(313)) - 35ed61f3-e470-497f-b63f-7decb4cef9e0-SegmentedRaftLogWorker:Storage Directory /workdir/hadoop-ozone/integration-test/target/test-dir/MiniOzoneClusterImpl-838a7ec2-4afb-4d68-8138-46fa65bc7e11/datanode-7/data/ratis/d9263888-84e7-486d-9406-2db1d469bc19 was interrupted, exiting. There are 0 tasks remaining in the queue.
2019-09-12 10:53:30,444 [main] INFO  segmented.SegmentedRaftLogWorker (SegmentedRaftLogWorker.java:close(228)) - 35ed61f3-e470-497f-b63f-7decb4cef9e0-SegmentedRaftLogWorker:Storage Directory /workdir/hadoop-ozone/integration-test/target/test-dir/MiniOzoneClusterImpl-838a7ec2-4afb-4d68-8138-46fa65bc7e11/datanode-7/data/ratis/d9263888-84e7-486d-9406-2db1d469bc19 close()
2019-09-12 10:53:30,445 [main] INFO  impl.RaftServerImpl (RaftServerImpl.java:lambda$shutdown$3(245)) - 35ed61f3-e470-497f-b63f-7decb4cef9e0: shutdown group-271D603D1663
2019-09-12 10:53:30,445 [main] INFO  util.JmxRegister (JmxRegister.java:unregister(73)) - Successfully un-registered JMX Bean with object name Ratis:service=RaftServer,group=group-271D603D1663,id=35ed61f3-e470-497f-b63f-7decb4cef9e0
2019-09-12 10:53:30,446 [main] INFO  impl.RoleInfo (RoleInfo.java:shutdownLeaderState(104)) - 35ed61f3-e470-497f-b63f-7decb4cef9e0: shutdown LeaderState
2019-09-12 10:53:30,446 [main] INFO  impl.PendingRequests (PendingRequests.java:sendNotLeaderResponses(202)) - 35ed61f3-e470-497f-b63f-7decb4cef9e0-PendingRequests: sendNotLeaderResponses
2019-09-12 10:53:30,447 [main] INFO  impl.StateMachineUpdater (StateMachineUpdater.java:stopAndJoin(115)) - StateMachineUpdater:35ed61f3-e470-497f-b63f-7decb4cef9e0:group-271D603D1663: set stopIndex = 0
2019-09-12 10:53:30,447 [main] INFO  impl.RaftServerImpl (ServerState.java:close(394)) - 35ed61f3-e470-497f-b63f-7decb4cef9e0:group-271D603D1663 closes. The last applied log index is 0
2019-09-12 10:53:30,448 [35ed61f3-e470-497f-b63f-7decb4cef9e0-SegmentedRaftLogWorker:Storage Directory /workdir/hadoop-ozone/integration-test/target/test-dir/MiniOzoneClusterImpl-838a7ec2-4afb-4d68-8138-46fa65bc7e11/datanode-7/data/ratis/b93c9841-be61-4767-aeb3-271d603d1663] INFO  segmented.SegmentedRaftLogWorker (SegmentedRaftLogWorker.java:run(313)) - 35ed61f3-e470-497f-b63f-7decb4cef9e0-SegmentedRaftLogWorker:Storage Directory /workdir/hadoop-ozone/integration-test/target/test-dir/MiniOzoneClusterImpl-838a7ec2-4afb-4d68-8138-46fa65bc7e11/datanode-7/data/ratis/b93c9841-be61-4767-aeb3-271d603d1663 was interrupted, exiting. There are 0 tasks remaining in the queue.
2019-09-12 10:53:30,448 [main] INFO  segmented.SegmentedRaftLogWorker (SegmentedRaftLogWorker.java:close(228)) - 35ed61f3-e470-497f-b63f-7decb4cef9e0-SegmentedRaftLogWorker:Storage Directory /workdir/hadoop-ozone/integration-test/target/test-dir/MiniOzoneClusterImpl-838a7ec2-4afb-4d68-8138-46fa65bc7e11/datanode-7/data/ratis/b93c9841-be61-4767-aeb3-271d603d1663 close()
2019-09-12 10:53:30,448 [main] INFO  impl.RaftServerImpl (RaftServerImpl.java:lambda$shutdown$3(245)) - 35ed61f3-e470-497f-b63f-7decb4cef9e0: shutdown group-C645397DD5C0
2019-09-12 10:53:30,449 [main] INFO  util.JmxRegister (JmxRegister.java:unregister(73)) - Successfully un-registered JMX Bean with object name Ratis:service=RaftServer,group=group-C645397DD5C0,id=35ed61f3-e470-497f-b63f-7decb4cef9e0
2019-09-12 10:53:30,451 [ForkJoinPool.commonPool-worker-1] INFO  statemachine.DatanodeStateMachine (DatanodeStateMachine.java:stopDaemon(395)) - Ozone container server stopped.
2019-09-12 10:53:30,451 [main] INFO  impl.RoleInfo (RoleInfo.java:shutdownLeaderState(104)) - 35ed61f3-e470-497f-b63f-7decb4cef9e0: shutdown LeaderState
2019-09-12 10:53:30,454 [main] INFO  impl.PendingRequests (PendingRequests.java:sendNotLeaderResponses(202)) - 35ed61f3-e470-497f-b63f-7decb4cef9e0-PendingRequests: sendNotLeaderResponses
2019-09-12 10:53:30,455 [ForkJoinPool.commonPool-worker-1] INFO  handler.ContextHandler (ContextHandler.java:doStop(910)) - Stopped o.e.j.w.WebAppContext@50b734c4{/,null,UNAVAILABLE}{/hddsDatanode}
2019-09-12 10:53:30,455 [main] INFO  impl.StateMachineUpdater (StateMachineUpdater.java:stopAndJoin(115)) - StateMachineUpdater:35ed61f3-e470-497f-b63f-7decb4cef9e0:group-C645397DD5C0: set stopIndex = 0
2019-09-12 10:53:30,456 [main] INFO  impl.RaftServerImpl (ServerState.java:close(394)) - 35ed61f3-e470-497f-b63f-7decb4cef9e0:group-C645397DD5C0 closes. The last applied log index is 0
2019-09-12 10:53:30,456 [ForkJoinPool.commonPool-worker-1] INFO  server.AbstractConnector (AbstractConnector.java:doStop(318)) - Stopped ServerConnector@2744dcae{HTTP/1.1,[http/1.1]}{0.0.0.0:0}
2019-09-12 10:53:30,456 [35ed61f3-e470-497f-b63f-7decb4cef9e0-SegmentedRaftLogWorker:Storage Directory /workdir/hadoop-ozone/integration-test/target/test-dir/MiniOzoneClusterImpl-838a7ec2-4afb-4d68-8138-46fa65bc7e11/datanode-7/data/ratis/5dd38eab-0993-4c8a-ac97-c645397dd5c0] INFO  segmented.SegmentedRaftLogWorker (SegmentedRaftLogWorker.java:run(313)) - 35ed61f3-e470-497f-b63f-7decb4cef9e0-SegmentedRaftLogWorker:Storage Directory /workdir/hadoop-ozone/integration-test/target/test-dir/MiniOzoneClusterImpl-838a7ec2-4afb-4d68-8138-46fa65bc7e11/datanode-7/data/ratis/5dd38eab-0993-4c8a-ac97-c645397dd5c0 was interrupted, exiting. There are 0 tasks remaining in the queue.
2019-09-12 10:53:30,458 [ForkJoinPool.commonPool-worker-1] INFO  handler.ContextHandler (ContextHandler.java:doStop(910)) - Stopped o.e.j.s.ServletContextHandler@11ede87f{/static,jar:file:/home/user/.m2/repository/org/apache/hadoop/hadoop-hdds-container-service/0.5.0-SNAPSHOT/hadoop-hdds-container-service-0.5.0-SNAPSHOT.jar!/webapps/static,UNAVAILABLE}
2019-09-12 10:53:30,458 [main] INFO  segmented.SegmentedRaftLogWorker (SegmentedRaftLogWorker.java:close(228)) - 35ed61f3-e470-497f-b63f-7decb4cef9e0-SegmentedRaftLogWorker:Storage Directory /workdir/hadoop-ozone/integration-test/target/test-dir/MiniOzoneClusterImpl-838a7ec2-4afb-4d68-8138-46fa65bc7e11/datanode-7/data/ratis/5dd38eab-0993-4c8a-ac97-c645397dd5c0 close()
2019-09-12 10:53:30,459 [ForkJoinPool.commonPool-worker-1] INFO  handler.ContextHandler (ContextHandler.java:doStop(910)) - Stopped o.e.j.s.ServletContextHandler@7418d76e{/logs,file:///workdir/hadoop-ozone/integration-test/target/log,UNAVAILABLE}
2019-09-12 10:53:30,463 [main] INFO  server.GrpcService (GrpcService.java:closeImpl(155)) - 35ed61f3-e470-497f-b63f-7decb4cef9e0: shutdown server with port 33043 now
2019-09-12 10:53:30,464 [main] INFO  server.GrpcService (GrpcService.java:closeImpl(163)) - 35ed61f3-e470-497f-b63f-7decb4cef9e0: shutdown server with port 33043 successfully
2019-09-12 10:53:30,472 [main] INFO  utils.BackgroundService (BackgroundService.java:shutdown(148)) - Shutting down service BlockDeletingService
2019-09-12 10:53:30,473 [refreshUsed-/workdir/hadoop-ozone/integration-test/target/test-dir/MiniOzoneClusterImpl-838a7ec2-4afb-4d68-8138-46fa65bc7e11/datanode-7/data/containers] WARN  fs.CachingGetSpaceUsed (CachingGetSpaceUsed.java:run(183)) - Thread Interrupted waiting to refresh disk information: sleep interrupted
2019-09-12 10:53:30,488 [main] INFO  statemachine.DatanodeStateMachine (DatanodeStateMachine.java:stopDaemon(395)) - Ozone container server stopped.
2019-09-12 10:53:30,489 [main] INFO  handler.ContextHandler (ContextHandler.java:doStop(910)) - Stopped o.e.j.w.WebAppContext@2a6fb62f{/,null,UNAVAILABLE}{/hddsDatanode}
2019-09-12 10:53:30,490 [main] INFO  server.AbstractConnector (AbstractConnector.java:doStop(318)) - Stopped ServerConnector@65e4cb84{HTTP/1.1,[http/1.1]}{0.0.0.0:0}
2019-09-12 10:53:30,490 [main] INFO  handler.ContextHandler (ContextHandler.java:doStop(910)) - Stopped o.e.j.s.ServletContextHandler@77ce88c4{/static,jar:file:/home/user/.m2/repository/org/apache/hadoop/hadoop-hdds-container-service/0.5.0-SNAPSHOT/hadoop-hdds-container-service-0.5.0-SNAPSHOT.jar!/webapps/static,UNAVAILABLE}
2019-09-12 10:53:30,491 [main] INFO  handler.ContextHandler (ContextHandler.java:doStop(910)) - Stopped o.e.j.s.ServletContextHandler@1552da16{/logs,file:///workdir/hadoop-ozone/integration-test/target/log,UNAVAILABLE}
2019-09-12 10:53:30,492 [main] INFO  ozone.MiniOzoneClusterImpl (MiniOzoneClusterImpl.java:stop(353)) - Stopping the StorageContainerManager
2019-09-12 10:53:30,492 [main] INFO  server.StorageContainerManager (StorageContainerManager.java:stop(797)) - Stopping Replication Manager Service.
2019-09-12 10:53:30,492 [main] INFO  container.ReplicationManager (ReplicationManager.java:stop(192)) - Stopping Replication Monitor Thread.
2019-09-12 10:53:30,492 [main] INFO  server.StorageContainerManager (StorageContainerManager.java:stop(804)) - Stopping Lease Manager of the command watchers
2019-09-12 10:53:30,493 [main] INFO  server.StorageContainerManager (StorageContainerManager.java:stop(811)) - Stopping datanode service RPC server
2019-09-12 10:53:30,493 [main] INFO  server.SCMDatanodeProtocolServer (SCMDatanodeProtocolServer.java:stop(367)) - Stopping the RPC server for DataNodes
2019-09-12 10:53:30,493 [main] INFO  ipc.Server (Server.java:stop(3082)) - Stopping server on 36029
2019-09-12 10:53:30,494 [IPC Server listener on 36029] INFO  ipc.Server (Server.java:run(1185)) - Stopping IPC Server listener on 36029
2019-09-12 10:53:30,495 [IPC Server Responder] INFO  ipc.Server (Server.java:run(1319)) - Stopping IPC Server Responder
2019-09-12 10:53:30,497 [SCM Heartbeat Processing Thread - 0] WARN  node.NodeStateManager (NodeStateManager.java:scheduleNextHealthCheck(655)) - Current Thread is interrupted, shutting down HB processing thread for Node Manager.
2019-09-12 10:53:30,497 [main] INFO  server.StorageContainerManager (StorageContainerManager.java:stop(819)) - Stopping block service RPC server
2019-09-12 10:53:30,498 [main] INFO  server.SCMBlockProtocolServer (SCMBlockProtocolServer.java:stop(148)) - Stopping the RPC server for Block Protocol
2019-09-12 10:53:30,498 [main] INFO  ipc.Server (Server.java:stop(3082)) - Stopping server on 37510
2019-09-12 10:53:30,499 [IPC Server listener on 37510] INFO  ipc.Server (Server.java:run(1185)) - Stopping IPC Server listener on 37510
2019-09-12 10:53:30,499 [main] INFO  server.StorageContainerManager (StorageContainerManager.java:stop(826)) - Stopping the StorageContainerLocationProtocol RPC server
2019-09-12 10:53:30,500 [main] INFO  server.SCMClientProtocolServer (SCMClientProtocolServer.java:stop(159)) - Stopping the RPC server for Client Protocol
2019-09-12 10:53:30,500 [IPC Server Responder] INFO  ipc.Server (Server.java:run(1319)) - Stopping IPC Server Responder
2019-09-12 10:53:30,500 [main] INFO  ipc.Server (Server.java:stop(3082)) - Stopping server on 38248
2019-09-12 10:53:30,501 [IPC Server listener on 38248] INFO  ipc.Server (Server.java:run(1185)) - Stopping IPC Server listener on 38248
2019-09-12 10:53:30,501 [main] INFO  server.StorageContainerManager (StorageContainerManager.java:stop(833)) - Stopping Storage Container Manager HTTP server.
2019-09-12 10:53:30,502 [IPC Server Responder] INFO  ipc.Server (Server.java:run(1319)) - Stopping IPC Server Responder
2019-09-12 10:53:30,503 [main] INFO  handler.ContextHandler (ContextHandler.java:doStop(910)) - Stopped o.e.j.w.WebAppContext@62f87c44{/,null,UNAVAILABLE}{/scm}
2019-09-12 10:53:30,504 [main] INFO  server.AbstractConnector (AbstractConnector.java:doStop(318)) - Stopped ServerConnector@72efb5c1{HTTP/1.1,[http/1.1]}{0.0.0.0:0}
2019-09-12 10:53:30,504 [main] INFO  handler.ContextHandler (ContextHandler.java:doStop(910)) - Stopped o.e.j.s.ServletContextHandler@6e6d5d29{/static,file:///workdir/hadoop-ozone/integration-test/target/test-classes/webapps/static,UNAVAILABLE}
2019-09-12 10:53:30,505 [main] INFO  handler.ContextHandler (ContextHandler.java:doStop(910)) - Stopped o.e.j.s.ServletContextHandler@38f116f6{/logs,file:///workdir/hadoop-ozone/integration-test/target/log,UNAVAILABLE}
2019-09-12 10:53:30,506 [main] INFO  server.StorageContainerManager (StorageContainerManager.java:stop(844)) - Stopping Block Manager Service.
2019-09-12 10:53:30,506 [main] INFO  utils.BackgroundService (BackgroundService.java:shutdown(148)) - Shutting down service SCMBlockDeletingService
2019-09-12 10:53:30,507 [main] INFO  utils.BackgroundService (BackgroundService.java:shutdown(148)) - Shutting down service SCMBlockDeletingService
2019-09-12 10:53:30,507 [main] INFO  server.StorageContainerManager (StorageContainerManager.java:stop(866)) - Stopping SCM Event Queue.
2019-09-12 10:53:30,514 [main] INFO  impl.MetricsSystemImpl (MetricsSystemImpl.java:stop(210)) - Stopping HddsDatanode metrics system...
2019-09-12 10:53:30,522 [main] INFO  impl.MetricsSystemImpl (MetricsSystemImpl.java:stop(216)) - HddsDatanode metrics system stopped.
]]></system-out>
    <system-err><![CDATA[Sep 12, 2019 10:52:53 AM com.sun.jersey.server.impl.application.WebApplicationImpl _initiate
INFO: Initiating Jersey application, version 'Jersey: 1.19 02/11/2015 03:25 AM'
Sep 12, 2019 10:52:54 AM com.sun.jersey.server.impl.application.WebApplicationImpl _initiate
INFO: Initiating Jersey application, version 'Jersey: 1.19 02/11/2015 03:25 AM'
Sep 12, 2019 10:52:54 AM com.sun.jersey.server.impl.application.WebApplicationImpl _initiate
INFO: Initiating Jersey application, version 'Jersey: 1.19 02/11/2015 03:25 AM'
Sep 12, 2019 10:52:54 AM com.sun.jersey.server.impl.application.WebApplicationImpl _initiate
INFO: Initiating Jersey application, version 'Jersey: 1.19 02/11/2015 03:25 AM'
Sep 12, 2019 10:52:54 AM com.sun.jersey.server.impl.application.WebApplicationImpl _initiate
INFO: Initiating Jersey application, version 'Jersey: 1.19 02/11/2015 03:25 AM'
Sep 12, 2019 10:52:55 AM com.sun.jersey.server.impl.application.WebApplicationImpl _initiate
INFO: Initiating Jersey application, version 'Jersey: 1.19 02/11/2015 03:25 AM'
Sep 12, 2019 10:52:55 AM com.sun.jersey.server.impl.application.WebApplicationImpl _initiate
INFO: Initiating Jersey application, version 'Jersey: 1.19 02/11/2015 03:25 AM'
Sep 12, 2019 10:52:55 AM com.sun.jersey.server.impl.application.WebApplicationImpl _initiate
INFO: Initiating Jersey application, version 'Jersey: 1.19 02/11/2015 03:25 AM'
Sep 12, 2019 10:52:55 AM com.sun.jersey.server.impl.application.WebApplicationImpl _initiate
INFO: Initiating Jersey application, version 'Jersey: 1.19 02/11/2015 03:25 AM'
Sep 12, 2019 10:52:56 AM com.sun.jersey.server.impl.application.WebApplicationImpl _initiate
INFO: Initiating Jersey application, version 'Jersey: 1.19 02/11/2015 03:25 AM'
]]></system-err>
  </testcase>
  <testcase name="testMultiBlockWritesWithDnFailures" classname="org.apache.hadoop.ozone.client.rpc.TestMultiBlockWritesWithDnFailures" time="23.278">
    <error message="Allocated 0 blocks. Requested 1 blocks" type="INTERNAL_ERROR org.apache.hadoop.ozone.om.exceptions.OMException">INTERNAL_ERROR org.apache.hadoop.ozone.om.exceptions.OMException: Allocated 0 blocks. Requested 1 blocks
	at org.apache.hadoop.ozone.om.protocolPB.OzoneManagerProtocolClientSideTranslatorPB.handleError(OzoneManagerProtocolClientSideTranslatorPB.java:725)
	at org.apache.hadoop.ozone.om.protocolPB.OzoneManagerProtocolClientSideTranslatorPB.openKey(OzoneManagerProtocolClientSideTranslatorPB.java:716)
	at org.apache.hadoop.ozone.client.rpc.RpcClient.createKey(RpcClient.java:615)
	at org.apache.hadoop.ozone.client.OzoneBucket.createKey(OzoneBucket.java:323)
	at org.apache.hadoop.ozone.container.ContainerTestHelper.createKey(ContainerTestHelper.java:694)
	at org.apache.hadoop.ozone.client.rpc.TestMultiBlockWritesWithDnFailures.createKey(TestMultiBlockWritesWithDnFailures.java:212)
	at org.apache.hadoop.ozone.client.rpc.TestMultiBlockWritesWithDnFailures.testMultiBlockWritesWithDnFailures(TestMultiBlockWritesWithDnFailures.java:119)
	at sun.reflect.NativeMethodAccessorImpl.invoke0(Native Method)
	at sun.reflect.NativeMethodAccessorImpl.invoke(NativeMethodAccessorImpl.java:62)
	at sun.reflect.DelegatingMethodAccessorImpl.invoke(DelegatingMethodAccessorImpl.java:43)
	at java.lang.reflect.Method.invoke(Method.java:498)
	at org.junit.runners.model.FrameworkMethod$1.runReflectiveCall(FrameworkMethod.java:47)
	at org.junit.internal.runners.model.ReflectiveCallable.run(ReflectiveCallable.java:12)
	at org.junit.runners.model.FrameworkMethod.invokeExplosively(FrameworkMethod.java:44)
	at org.junit.internal.runners.statements.InvokeMethod.evaluate(InvokeMethod.java:17)
	at org.junit.internal.runners.statements.RunAfters.evaluate(RunAfters.java:27)
	at org.junit.runners.ParentRunner.runLeaf(ParentRunner.java:271)
	at org.junit.runners.BlockJUnit4ClassRunner.runChild(BlockJUnit4ClassRunner.java:70)
	at org.junit.runners.BlockJUnit4ClassRunner.runChild(BlockJUnit4ClassRunner.java:50)
	at org.junit.runners.ParentRunner$3.run(ParentRunner.java:238)
	at org.junit.runners.ParentRunner$1.schedule(ParentRunner.java:63)
	at org.junit.runners.ParentRunner.runChildren(ParentRunner.java:236)
	at org.junit.runners.ParentRunner.access$000(ParentRunner.java:53)
	at org.junit.runners.ParentRunner$2.evaluate(ParentRunner.java:229)
	at org.junit.runners.ParentRunner.run(ParentRunner.java:309)
	at org.apache.maven.surefire.junit4.JUnit4Provider.execute(JUnit4Provider.java:365)
	at org.apache.maven.surefire.junit4.JUnit4Provider.executeWithRerun(JUnit4Provider.java:273)
	at org.apache.maven.surefire.junit4.JUnit4Provider.executeTestSet(JUnit4Provider.java:238)
	at org.apache.maven.surefire.junit4.JUnit4Provider.invoke(JUnit4Provider.java:159)
	at org.apache.maven.surefire.booter.ForkedBooter.invokeProviderInSameClassLoader(ForkedBooter.java:384)
	at org.apache.maven.surefire.booter.ForkedBooter.runSuitesInProcess(ForkedBooter.java:345)
	at org.apache.maven.surefire.booter.ForkedBooter.execute(ForkedBooter.java:126)
	at org.apache.maven.surefire.booter.ForkedBooter.main(ForkedBooter.java:418)
</error>
    <system-out><![CDATA[2019-09-12 10:53:30,612 [main] WARN  server.ServerUtils (ServerUtils.java:getScmDbDir(145)) - ozone.scm.db.dirs is not configured. We recommend adding this setting. Falling back to ozone.metadata.dirs instead.
2019-09-12 10:53:30,643 [main] WARN  server.ServerUtils (ServerUtils.java:getScmDbDir(145)) - ozone.scm.db.dirs is not configured. We recommend adding this setting. Falling back to ozone.metadata.dirs instead.
2019-09-12 10:53:30,644 [main] WARN  server.ServerUtils (ServerUtils.java:getScmDbDir(145)) - ozone.scm.db.dirs is not configured. We recommend adding this setting. Falling back to ozone.metadata.dirs instead.
2019-09-12 10:53:30,644 [main] INFO  db.DBStoreBuilder (DBStoreBuilder.java:addTable(110)) - using custom profile for table: deletedBlocks
2019-09-12 10:53:30,644 [main] INFO  db.DBStoreBuilder (DBStoreBuilder.java:processTables(161)) - Using default column profile:DBProfile.DISK for Table:deletedBlocks
2019-09-12 10:53:30,644 [main] INFO  db.DBStoreBuilder (DBStoreBuilder.java:addTable(110)) - using custom profile for table: validCerts
2019-09-12 10:53:30,645 [main] INFO  db.DBStoreBuilder (DBStoreBuilder.java:processTables(161)) - Using default column profile:DBProfile.DISK for Table:validCerts
2019-09-12 10:53:30,645 [main] INFO  db.DBStoreBuilder (DBStoreBuilder.java:addTable(110)) - using custom profile for table: revokedCerts
2019-09-12 10:53:30,645 [main] INFO  db.DBStoreBuilder (DBStoreBuilder.java:processTables(161)) - Using default column profile:DBProfile.DISK for Table:revokedCerts
2019-09-12 10:53:30,645 [main] INFO  db.DBStoreBuilder (DBStoreBuilder.java:addTable(110)) - using custom profile for table: default
2019-09-12 10:53:30,645 [main] INFO  db.DBStoreBuilder (DBStoreBuilder.java:processTables(167)) - Using default column profile:DBProfile.DISK for Table:default
2019-09-12 10:53:30,646 [main] INFO  db.DBStoreBuilder (DBStoreBuilder.java:getDbProfile(198)) - Using default options. DBProfile.DISK
2019-09-12 10:53:30,799 [main] INFO  net.NodeSchemaLoader (NodeSchemaLoader.java:loadSchemaFromFile(125)) - Loading file from sun.misc.CompoundEnumeration@1218e12
2019-09-12 10:53:30,799 [main] INFO  net.NodeSchemaLoader (NodeSchemaLoader.java:loadSchema(171)) - Loading network topology layer schema file
2019-09-12 10:53:30,803 [main] INFO  node.SCMNodeManager (SCMNodeManager.java:<init>(121)) - Entering startup safe mode.
2019-09-12 10:53:30,804 [main] INFO  algorithms.ContainerPlacementPolicyFactory (ContainerPlacementPolicyFactory.java:getPolicy(56)) - Create container placement policy of type org.apache.hadoop.hdds.scm.container.placement.algorithms.SCMContainerPlacementRandom
2019-09-12 10:53:30,805 [main] WARN  server.ServerUtils (ServerUtils.java:getScmDbDir(145)) - ozone.scm.db.dirs is not configured. We recommend adding this setting. Falling back to ozone.metadata.dirs instead.
2019-09-12 10:53:30,842 [main] INFO  pipeline.SCMPipelineManager (SCMPipelineManager.java:initializePipelineState(126)) - No pipeline exists in current db
2019-09-12 10:53:30,842 [main] WARN  server.ServerUtils (ServerUtils.java:getScmDbDir(145)) - ozone.scm.db.dirs is not configured. We recommend adding this setting. Falling back to ozone.metadata.dirs instead.
2019-09-12 10:53:30,865 [main] WARN  events.EventQueue (EventQueue.java:fireEvent(175)) - No event handler registered for event TypedEvent{payloadType=SafeModeStatus, name='SafeModeStatus'}
2019-09-12 10:53:30,866 [main] INFO  ipc.CallQueueManager (CallQueueManager.java:<init>(84)) - Using callQueue: class java.util.concurrent.LinkedBlockingQueue, queueCapacity: 2000, scheduler: class org.apache.hadoop.ipc.DefaultRpcScheduler, ipcBackoff: false.
2019-09-12 10:53:30,867 [Socket Reader #1 for port 42874] INFO  ipc.Server (Server.java:run(1074)) - Starting Socket Reader #1 for port 42874
2019-09-12 10:53:30,869 [main] INFO  ipc.CallQueueManager (CallQueueManager.java:<init>(84)) - Using callQueue: class java.util.concurrent.LinkedBlockingQueue, queueCapacity: 2000, scheduler: class org.apache.hadoop.ipc.DefaultRpcScheduler, ipcBackoff: false.
2019-09-12 10:53:30,871 [Socket Reader #1 for port 40141] INFO  ipc.Server (Server.java:run(1074)) - Starting Socket Reader #1 for port 40141
2019-09-12 10:53:30,872 [main] INFO  ipc.CallQueueManager (CallQueueManager.java:<init>(84)) - Using callQueue: class java.util.concurrent.LinkedBlockingQueue, queueCapacity: 2000, scheduler: class org.apache.hadoop.ipc.DefaultRpcScheduler, ipcBackoff: false.
2019-09-12 10:53:30,873 [Socket Reader #1 for port 43297] INFO  ipc.Server (Server.java:run(1074)) - Starting Socket Reader #1 for port 43297
2019-09-12 10:53:30,875 [main] INFO  hdfs.DFSUtil (DFSUtil.java:httpServerTemplateForNNAndJN(1641)) - Starting Web-server for scm at: http://0.0.0.0:0
2019-09-12 10:53:30,878 [main] INFO  server.AuthenticationFilter (AuthenticationFilter.java:constructSecretProvider(240)) - Unable to initialize FileSignerSecretProvider, falling back to use random secrets.
2019-09-12 10:53:30,879 [main] WARN  http.HttpRequestLog (HttpRequestLog.java:getRequestLog(97)) - Jetty request log can only be enabled using Log4j
2019-09-12 10:53:30,882 [main] INFO  http.HttpServer2 (HttpServer2.java:addGlobalFilter(975)) - Added global filter 'safety' (class=org.apache.hadoop.http.HttpServer2$QuotingInputFilter)
2019-09-12 10:53:30,883 [main] INFO  http.HttpServer2 (HttpServer2.java:addFilter(948)) - Added filter static_user_filter (class=org.apache.hadoop.http.lib.StaticUserWebFilter$StaticUserFilter) to context scm
2019-09-12 10:53:30,883 [main] INFO  http.HttpServer2 (HttpServer2.java:addFilter(958)) - Added filter static_user_filter (class=org.apache.hadoop.http.lib.StaticUserWebFilter$StaticUserFilter) to context logs
2019-09-12 10:53:30,883 [main] INFO  http.HttpServer2 (HttpServer2.java:addFilter(958)) - Added filter static_user_filter (class=org.apache.hadoop.http.lib.StaticUserWebFilter$StaticUserFilter) to context static
2019-09-12 10:53:30,887 [main] INFO  server.StorageContainerManager (StorageContainerManager.java:start(759)) - StorageContainerLocationProtocol RPC server is listening at /0.0.0.0:43297
2019-09-12 10:53:30,890 [main] WARN  impl.MetricsConfig (MetricsConfig.java:loadFirst(134)) - Cannot locate configuration: tried hadoop-metrics2-storagecontainermanager.properties,hadoop-metrics2.properties
2019-09-12 10:53:30,891 [main] INFO  impl.MetricsSystemImpl (MetricsSystemImpl.java:startTimer(374)) - Scheduled Metric snapshot period at 10 second(s).
2019-09-12 10:53:30,891 [main] INFO  impl.MetricsSystemImpl (MetricsSystemImpl.java:start(191)) - StorageContainerManager metrics system started
2019-09-12 10:53:30,987 [main] INFO  server.SCMClientProtocolServer (SCMClientProtocolServer.java:start(151)) - RPC server for Client  is listening at /0.0.0.0:43297
2019-09-12 10:53:30,987 [IPC Server Responder] INFO  ipc.Server (Server.java:run(1314)) - IPC Server Responder: starting
2019-09-12 10:53:30,987 [IPC Server listener on 43297] INFO  ipc.Server (Server.java:run(1153)) - IPC Server listener on 43297: starting
2019-09-12 10:53:30,992 [main] INFO  server.StorageContainerManager (StorageContainerManager.java:start(769)) - ScmBlockLocationProtocol RPC server is listening at /0.0.0.0:40141
2019-09-12 10:53:30,992 [main] INFO  server.SCMBlockProtocolServer (SCMBlockProtocolServer.java:start(140)) - RPC server for Block Protocol is listening at /0.0.0.0:40141
2019-09-12 10:53:30,993 [IPC Server Responder] INFO  ipc.Server (Server.java:run(1314)) - IPC Server Responder: starting
2019-09-12 10:53:30,993 [IPC Server listener on 40141] INFO  ipc.Server (Server.java:run(1153)) - IPC Server listener on 40141: starting
2019-09-12 10:53:30,996 [main] INFO  server.StorageContainerManager (StorageContainerManager.java:start(773)) - ScmDatanodeProtocl RPC server is listening at /0.0.0.0:42874
2019-09-12 10:53:30,997 [main] INFO  server.SCMDatanodeProtocolServer (SCMDatanodeProtocolServer.java:start(191)) - RPC server for DataNodes is listening at /0.0.0.0:42874
2019-09-12 10:53:30,997 [IPC Server Responder] INFO  ipc.Server (Server.java:run(1314)) - IPC Server Responder: starting
2019-09-12 10:53:30,997 [IPC Server listener on 42874] INFO  ipc.Server (Server.java:run(1153)) - IPC Server listener on 42874: starting
2019-09-12 10:53:31,001 [main] INFO  http.HttpServer2 (HttpServer2.java:bindListener(1191)) - Jetty bound to port 34162
2019-09-12 10:53:31,001 [main] INFO  server.Server (Server.java:doStart(351)) - jetty-9.3.24.v20180605, build timestamp: 2018-06-05T17:11:56Z, git hash: 84205aa28f11a4f31f2a3b86d1bba2cc8ab69827
2019-09-12 10:53:31,003 [main] INFO  handler.ContextHandler (ContextHandler.java:doStart(781)) - Started o.e.j.s.ServletContextHandler@56872fcb{/logs,file:///workdir/hadoop-ozone/integration-test/target/log,AVAILABLE}
2019-09-12 10:53:31,004 [main] INFO  handler.ContextHandler (ContextHandler.java:doStart(781)) - Started o.e.j.s.ServletContextHandler@5d3b6585{/static,file:///workdir/hadoop-ozone/integration-test/target/test-classes/webapps/static,AVAILABLE}
2019-09-12 10:53:31,011 [main] INFO  handler.ContextHandler (ContextHandler.java:doStart(781)) - Started o.e.j.w.WebAppContext@195498aa{/,file:///workdir/hadoop-ozone/integration-test/target/test-classes/webapps/scm/,AVAILABLE}{/scm}
2019-09-12 10:53:31,012 [main] INFO  server.AbstractConnector (AbstractConnector.java:doStart(278)) - Started ServerConnector@4b360972{HTTP/1.1,[http/1.1]}{0.0.0.0:34162}
2019-09-12 10:53:31,013 [main] INFO  server.Server (Server.java:doStart(419)) - Started @43991ms
2019-09-12 10:53:31,014 [main] INFO  server.BaseHttpServer (BaseHttpServer.java:updateConnectorAddress(213)) - HTTP server of SCM is listening at http://0.0.0.0:34162
2019-09-12 10:53:31,014 [main] WARN  server.ServerUtils (ServerUtils.java:getDBPath(222)) - ozone.om.db.dirs is not configured. We recommend adding this setting. Falling back to ozone.metadata.dirs instead.
2019-09-12 10:53:31,014 [org.apache.hadoop.util.JvmPauseMonitor$Monitor@68821f6] INFO  util.JvmPauseMonitor (JvmPauseMonitor.java:run(188)) - Starting JVM pause monitor
2019-09-12 10:53:31,029 [main] WARN  server.ServerUtils (ServerUtils.java:getDBPath(222)) - ozone.om.db.dirs is not configured. We recommend adding this setting. Falling back to ozone.metadata.dirs instead.
2019-09-12 10:53:31,029 [main] WARN  server.ServerUtils (ServerUtils.java:getDBPath(222)) - ozone.om.db.dirs is not configured. We recommend adding this setting. Falling back to ozone.metadata.dirs instead.
2019-09-12 10:53:31,029 [main] INFO  om.OzoneManager (OzoneManager.java:setOMNodeDetails(645)) - OM Service ID is not set. Setting it to the default ID: omServiceIdDefault
2019-09-12 10:53:31,030 [main] INFO  om.OzoneManager (OzoneManager.java:setOMNodeDetails(651)) - OM Node ID is not set. Setting it to the OmStorage's OmID: 4561fe45-8f0f-43f7-9d3f-85706f0c742b
2019-09-12 10:53:31,030 [main] INFO  om.OzoneManager (OzoneManager.java:loadOMHAConfigs(602)) - Found matching OM address with OMServiceId: null, OMNodeId: null, RPC Address: localhost:0 and Ratis port: 9872
2019-09-12 10:53:31,034 | INFO  | SCMAudit | user=jenkins1000 | ip=192.168.157.195 | op=GET_SCM_INFO null | ret=SUCCESS |  
2019-09-12 10:53:31,037 [main] WARN  server.ServerUtils (ServerUtils.java:getDBPath(222)) - ozone.om.db.dirs is not configured. We recommend adding this setting. Falling back to ozone.metadata.dirs instead.
2019-09-12 10:53:31,037 [main] INFO  db.DBStoreBuilder (DBStoreBuilder.java:addTable(110)) - using custom profile for table: userTable
2019-09-12 10:53:31,037 [main] INFO  db.DBStoreBuilder (DBStoreBuilder.java:processTables(161)) - Using default column profile:DBProfile.DISK for Table:userTable
2019-09-12 10:53:31,038 [main] INFO  db.DBStoreBuilder (DBStoreBuilder.java:addTable(110)) - using custom profile for table: volumeTable
2019-09-12 10:53:31,038 [main] INFO  db.DBStoreBuilder (DBStoreBuilder.java:processTables(161)) - Using default column profile:DBProfile.DISK for Table:volumeTable
2019-09-12 10:53:31,038 [main] INFO  db.DBStoreBuilder (DBStoreBuilder.java:addTable(110)) - using custom profile for table: bucketTable
2019-09-12 10:53:31,038 [main] INFO  db.DBStoreBuilder (DBStoreBuilder.java:processTables(161)) - Using default column profile:DBProfile.DISK for Table:bucketTable
2019-09-12 10:53:31,038 [main] INFO  db.DBStoreBuilder (DBStoreBuilder.java:addTable(110)) - using custom profile for table: keyTable
2019-09-12 10:53:31,038 [main] INFO  db.DBStoreBuilder (DBStoreBuilder.java:processTables(161)) - Using default column profile:DBProfile.DISK for Table:keyTable
2019-09-12 10:53:31,039 [main] INFO  db.DBStoreBuilder (DBStoreBuilder.java:addTable(110)) - using custom profile for table: deletedTable
2019-09-12 10:53:31,039 [main] INFO  db.DBStoreBuilder (DBStoreBuilder.java:processTables(161)) - Using default column profile:DBProfile.DISK for Table:deletedTable
2019-09-12 10:53:31,039 [main] INFO  db.DBStoreBuilder (DBStoreBuilder.java:addTable(110)) - using custom profile for table: openKeyTable
2019-09-12 10:53:31,039 [main] INFO  db.DBStoreBuilder (DBStoreBuilder.java:processTables(161)) - Using default column profile:DBProfile.DISK for Table:openKeyTable
2019-09-12 10:53:31,039 [main] INFO  db.DBStoreBuilder (DBStoreBuilder.java:addTable(110)) - using custom profile for table: s3Table
2019-09-12 10:53:31,040 [main] INFO  db.DBStoreBuilder (DBStoreBuilder.java:processTables(161)) - Using default column profile:DBProfile.DISK for Table:s3Table
2019-09-12 10:53:31,040 [main] INFO  db.DBStoreBuilder (DBStoreBuilder.java:addTable(110)) - using custom profile for table: multipartInfoTable
2019-09-12 10:53:31,040 [main] INFO  db.DBStoreBuilder (DBStoreBuilder.java:processTables(161)) - Using default column profile:DBProfile.DISK for Table:multipartInfoTable
2019-09-12 10:53:31,040 [main] INFO  db.DBStoreBuilder (DBStoreBuilder.java:addTable(110)) - using custom profile for table: dTokenTable
2019-09-12 10:53:31,040 [main] INFO  db.DBStoreBuilder (DBStoreBuilder.java:processTables(161)) - Using default column profile:DBProfile.DISK for Table:dTokenTable
2019-09-12 10:53:31,040 [main] INFO  db.DBStoreBuilder (DBStoreBuilder.java:addTable(110)) - using custom profile for table: s3SecretTable
2019-09-12 10:53:31,041 [main] INFO  db.DBStoreBuilder (DBStoreBuilder.java:processTables(161)) - Using default column profile:DBProfile.DISK for Table:s3SecretTable
2019-09-12 10:53:31,041 [main] INFO  db.DBStoreBuilder (DBStoreBuilder.java:addTable(110)) - using custom profile for table: prefixTable
2019-09-12 10:53:31,041 [main] INFO  db.DBStoreBuilder (DBStoreBuilder.java:processTables(161)) - Using default column profile:DBProfile.DISK for Table:prefixTable
2019-09-12 10:53:31,041 [main] INFO  db.DBStoreBuilder (DBStoreBuilder.java:addTable(110)) - using custom profile for table: default
2019-09-12 10:53:31,041 [main] INFO  db.DBStoreBuilder (DBStoreBuilder.java:processTables(167)) - Using default column profile:DBProfile.DISK for Table:default
2019-09-12 10:53:31,042 [main] INFO  db.DBStoreBuilder (DBStoreBuilder.java:getDbProfile(198)) - Using default options. DBProfile.DISK
2019-09-12 10:53:31,584 [main] INFO  ipc.CallQueueManager (CallQueueManager.java:<init>(84)) - Using callQueue: class java.util.concurrent.LinkedBlockingQueue, queueCapacity: 2000, scheduler: class org.apache.hadoop.ipc.DefaultRpcScheduler, ipcBackoff: false.
2019-09-12 10:53:31,586 [Socket Reader #1 for port 35507] INFO  ipc.Server (Server.java:run(1074)) - Starting Socket Reader #1 for port 35507
2019-09-12 10:53:31,598 [main] INFO  om.OzoneManager (OzoneManager.java:start(1256)) - OzoneManager RPC server is listening at localhost/127.0.0.1:35507
2019-09-12 10:53:31,598 [main] INFO  impl.MetricsSystemImpl (MetricsSystemImpl.java:init(158)) - OzoneManager metrics system started (again)
2019-09-12 10:53:31,598 [IPC Server Responder] INFO  ipc.Server (Server.java:run(1314)) - IPC Server Responder: starting
2019-09-12 10:53:31,599 [IPC Server listener on 35507] INFO  ipc.Server (Server.java:run(1153)) - IPC Server listener on 35507: starting
2019-09-12 10:53:31,604 [main] INFO  hdfs.DFSUtil (DFSUtil.java:httpServerTemplateForNNAndJN(1641)) - Starting Web-server for ozoneManager at: http://0.0.0.0:0
2019-09-12 10:53:31,606 [main] INFO  server.AuthenticationFilter (AuthenticationFilter.java:constructSecretProvider(240)) - Unable to initialize FileSignerSecretProvider, falling back to use random secrets.
2019-09-12 10:53:31,607 [main] WARN  http.HttpRequestLog (HttpRequestLog.java:getRequestLog(97)) - Jetty request log can only be enabled using Log4j
2019-09-12 10:53:31,609 [main] INFO  http.HttpServer2 (HttpServer2.java:addGlobalFilter(975)) - Added global filter 'safety' (class=org.apache.hadoop.http.HttpServer2$QuotingInputFilter)
2019-09-12 10:53:31,610 [main] INFO  http.HttpServer2 (HttpServer2.java:addFilter(948)) - Added filter static_user_filter (class=org.apache.hadoop.http.lib.StaticUserWebFilter$StaticUserFilter) to context ozoneManager
2019-09-12 10:53:31,610 [main] INFO  http.HttpServer2 (HttpServer2.java:addFilter(958)) - Added filter static_user_filter (class=org.apache.hadoop.http.lib.StaticUserWebFilter$StaticUserFilter) to context logs
2019-09-12 10:53:31,610 [main] INFO  http.HttpServer2 (HttpServer2.java:addFilter(958)) - Added filter static_user_filter (class=org.apache.hadoop.http.lib.StaticUserWebFilter$StaticUserFilter) to context static
2019-09-12 10:53:31,611 [main] INFO  http.HttpServer2 (HttpServer2.java:bindListener(1191)) - Jetty bound to port 34462
2019-09-12 10:53:31,612 [main] INFO  server.Server (Server.java:doStart(351)) - jetty-9.3.24.v20180605, build timestamp: 2018-06-05T17:11:56Z, git hash: 84205aa28f11a4f31f2a3b86d1bba2cc8ab69827
2019-09-12 10:53:31,614 [main] INFO  handler.ContextHandler (ContextHandler.java:doStart(781)) - Started o.e.j.s.ServletContextHandler@32d22650{/logs,file:///workdir/hadoop-ozone/integration-test/target/log,AVAILABLE}
2019-09-12 10:53:31,615 [main] INFO  handler.ContextHandler (ContextHandler.java:doStart(781)) - Started o.e.j.s.ServletContextHandler@4f6fd101{/static,file:///workdir/hadoop-ozone/integration-test/target/test-classes/webapps/static,AVAILABLE}
2019-09-12 10:53:31,621 [main] INFO  handler.ContextHandler (ContextHandler.java:doStart(781)) - Started o.e.j.w.WebAppContext@22899683{/,file:///workdir/hadoop-ozone/integration-test/target/test-classes/webapps/ozoneManager/,AVAILABLE}{/ozoneManager}
2019-09-12 10:53:31,622 [main] INFO  server.AbstractConnector (AbstractConnector.java:doStart(278)) - Started ServerConnector@40017e98{HTTP/1.1,[http/1.1]}{0.0.0.0:34462}
2019-09-12 10:53:31,622 [main] INFO  server.Server (Server.java:doStart(419)) - Started @44600ms
2019-09-12 10:53:31,623 [main] INFO  server.BaseHttpServer (BaseHttpServer.java:updateConnectorAddress(213)) - HTTP server of OZONEMANAGER is listening at http://0.0.0.0:34462
2019-09-12 10:53:31,641 [main] INFO  impl.MetricsSystemImpl (MetricsSystemImpl.java:init(158)) - HddsDatanode metrics system started (again)
2019-09-12 10:53:31,643 [main] INFO  ozone.HddsDatanodeService (HddsDatanodeService.java:start(184)) - HddsDatanodeService host:pr-hdds-1569-xtfnx-3545843844 ip:192.168.157.195
2019-09-12 10:53:31,652 [main] INFO  volume.HddsVolume (HddsVolume.java:<init>(176)) - Creating Volume: /workdir/hadoop-ozone/integration-test/target/test-dir/MiniOzoneClusterImpl-0aac579c-f8ad-49ec-a94e-9a436a9c79c1/datanode-0/data/containers/hdds of  storage type : DISK and capacity : 1482555576320
2019-09-12 10:53:31,652 [main] INFO  volume.VolumeSet (VolumeSet.java:initializeVolumeSet(170)) - Added Volume : /workdir/hadoop-ozone/integration-test/target/test-dir/MiniOzoneClusterImpl-0aac579c-f8ad-49ec-a94e-9a436a9c79c1/datanode-0/data/containers/hdds to VolumeSet
2019-09-12 10:53:31,653 [main] INFO  volume.ThrottledAsyncChecker (ThrottledAsyncChecker.java:schedule(140)) - Scheduling a check for org.apache.hadoop.ozone.container.common.volume.HddsVolume@4ec0229c
2019-09-12 10:53:31,653 [main] INFO  volume.HddsVolumeChecker (HddsVolumeChecker.java:checkAllVolumes(203)) - Scheduled health check for volume org.apache.hadoop.ozone.container.common.volume.HddsVolume@4ec0229c
2019-09-12 10:53:31,672 [main] INFO  impl.RaftServerProxy (ConfUtils.java:logGet(43)) - raft.rpc.type = GRPC (default)
2019-09-12 10:53:31,672 [main] INFO  grpc.GrpcFactory (GrpcFactory.java:checkPooledByteBufAllocatorUseCacheForAllThreads(45)) - PERFORMANCE WARNING: useCacheForAllThreads is true that may cause Netty to create a lot garbage objects and, as a result, trigger GC.
	It is recommended to disable useCacheForAllThreads by setting -Dorg.apache.ratis.thirdparty.io.netty.allocator.useCacheForAllThreads=false in command line.
2019-09-12 10:53:31,673 [main] INFO  grpc.GrpcConfigKeys$Server (ConfUtils.java:logGet(43)) - raft.grpc.server.port = 0 (default)
2019-09-12 10:53:31,673 [main] INFO  server.GrpcService (ConfUtils.java:logGet(43)) - raft.grpc.message.size.max = 33570816 (custom)
2019-09-12 10:53:31,673 [main] INFO  server.RaftServerConfigKeys (ConfUtils.java:logGet(43)) - raft.server.log.appender.buffer.byte-limit = 33554432 (custom)
2019-09-12 10:53:31,673 [main] INFO  server.GrpcService (ConfUtils.java:logGet(43)) - raft.grpc.flow.control.window = 1MB (=1048576) (default)
2019-09-12 10:53:31,674 [main] INFO  server.RaftServerConfigKeys (ConfUtils.java:logGet(43)) - raft.server.rpc.request.timeout = 3000ms (default)
2019-09-12 10:53:31,674 [main] INFO  server.RaftServerConfigKeys (ConfUtils.java:logGet(43)) - raft.server.storage.dir = [/workdir/hadoop-ozone/integration-test/target/test-dir/MiniOzoneClusterImpl-0aac579c-f8ad-49ec-a94e-9a436a9c79c1/datanode-0/data/ratis] (custom)
2019-09-12 10:53:31,675 [main] INFO  replication.SimpleContainerDownloader (SimpleContainerDownloader.java:<init>(72)) - Starting container downloader service to copy containers to replicate.
2019-09-12 10:53:31,676 [main] INFO  hdfs.DFSUtil (DFSUtil.java:httpServerTemplateForNNAndJN(1641)) - Starting Web-server for hddsDatanode at: http://0.0.0.0:0
2019-09-12 10:53:31,678 [main] INFO  server.AuthenticationFilter (AuthenticationFilter.java:constructSecretProvider(240)) - Unable to initialize FileSignerSecretProvider, falling back to use random secrets.
2019-09-12 10:53:31,679 [main] WARN  http.HttpRequestLog (HttpRequestLog.java:getRequestLog(97)) - Jetty request log can only be enabled using Log4j
2019-09-12 10:53:31,680 [main] INFO  http.HttpServer2 (HttpServer2.java:addGlobalFilter(975)) - Added global filter 'safety' (class=org.apache.hadoop.http.HttpServer2$QuotingInputFilter)
2019-09-12 10:53:31,681 [main] INFO  http.HttpServer2 (HttpServer2.java:addFilter(948)) - Added filter static_user_filter (class=org.apache.hadoop.http.lib.StaticUserWebFilter$StaticUserFilter) to context hddsDatanode
2019-09-12 10:53:31,681 [main] INFO  http.HttpServer2 (HttpServer2.java:addFilter(958)) - Added filter static_user_filter (class=org.apache.hadoop.http.lib.StaticUserWebFilter$StaticUserFilter) to context static
2019-09-12 10:53:31,681 [main] INFO  http.HttpServer2 (HttpServer2.java:addFilter(958)) - Added filter static_user_filter (class=org.apache.hadoop.http.lib.StaticUserWebFilter$StaticUserFilter) to context logs
2019-09-12 10:53:31,682 [main] INFO  http.HttpServer2 (HttpServer2.java:bindListener(1191)) - Jetty bound to port 34495
2019-09-12 10:53:31,682 [main] INFO  server.Server (Server.java:doStart(351)) - jetty-9.3.24.v20180605, build timestamp: 2018-06-05T17:11:56Z, git hash: 84205aa28f11a4f31f2a3b86d1bba2cc8ab69827
2019-09-12 10:53:31,684 [main] INFO  handler.ContextHandler (ContextHandler.java:doStart(781)) - Started o.e.j.s.ServletContextHandler@73d91faf{/logs,file:///workdir/hadoop-ozone/integration-test/target/log,AVAILABLE}
2019-09-12 10:53:31,685 [main] INFO  handler.ContextHandler (ContextHandler.java:doStart(781)) - Started o.e.j.s.ServletContextHandler@6f112f70{/static,jar:file:/home/user/.m2/repository/org/apache/hadoop/hadoop-hdds-container-service/0.5.0-SNAPSHOT/hadoop-hdds-container-service-0.5.0-SNAPSHOT.jar!/webapps/static,AVAILABLE}
2019-09-12 10:53:31,719 [main] INFO  handler.ContextHandler (ContextHandler.java:doStart(781)) - Started o.e.j.w.WebAppContext@3c4059a{/,file:///tmp/jetty-0.0.0.0-34495-hddsDatanode-_-any-2133393796207905562.dir/webapp/,AVAILABLE}{/hddsDatanode}
2019-09-12 10:53:31,720 [main] INFO  server.AbstractConnector (AbstractConnector.java:doStart(278)) - Started ServerConnector@4b336cc8{HTTP/1.1,[http/1.1]}{0.0.0.0:34495}
2019-09-12 10:53:31,721 [main] INFO  server.Server (Server.java:doStart(419)) - Started @44699ms
2019-09-12 10:53:31,722 [main] INFO  server.BaseHttpServer (BaseHttpServer.java:updateConnectorAddress(213)) - HTTP server of HDDSDATANODE is listening at http://0.0.0.0:34495
2019-09-12 10:53:31,867 | INFO  | ObjectStoreRestHttpServer | Listening HDDS REST traffic on /0.0.0.0:44230 |  
2019-09-12 10:53:31,867 [main] INFO  ozone.HddsDatanodeService (HddsDatanodeService.java:startPlugins(395)) - Started plug-in org.apache.hadoop.ozone.web.OzoneHddsDatanodeService@7853363c
2019-09-12 10:53:31,867 [main] INFO  impl.MetricsSystemImpl (MetricsSystemImpl.java:init(158)) - HddsDatanode metrics system started (again)
2019-09-12 10:53:31,869 [org.apache.hadoop.util.JvmPauseMonitor$Monitor@1d3fbc33] INFO  util.JvmPauseMonitor (JvmPauseMonitor.java:run(188)) - Starting JVM pause monitor
2019-09-12 10:53:31,869 [main] INFO  ozone.HddsDatanodeService (HddsDatanodeService.java:start(184)) - HddsDatanodeService host:pr-hdds-1569-xtfnx-3545843844 ip:192.168.157.195
2019-09-12 10:53:31,872 [Datanode State Machine Thread - 0] INFO  datanode.InitDatanodeState (InitDatanodeState.java:persistContainerDatanodeDetails(140)) - DatanodeDetails is persisted to /workdir/hadoop-ozone/integration-test/target/test-dir/MiniOzoneClusterImpl-0aac579c-f8ad-49ec-a94e-9a436a9c79c1/datanode-0/meta/datanode.id
2019-09-12 10:53:31,877 [main] INFO  volume.HddsVolume (HddsVolume.java:<init>(176)) - Creating Volume: /workdir/hadoop-ozone/integration-test/target/test-dir/MiniOzoneClusterImpl-0aac579c-f8ad-49ec-a94e-9a436a9c79c1/datanode-1/data/containers/hdds of  storage type : DISK and capacity : 1482555576320
2019-09-12 10:53:31,877 [main] INFO  volume.VolumeSet (VolumeSet.java:initializeVolumeSet(170)) - Added Volume : /workdir/hadoop-ozone/integration-test/target/test-dir/MiniOzoneClusterImpl-0aac579c-f8ad-49ec-a94e-9a436a9c79c1/datanode-1/data/containers/hdds to VolumeSet
2019-09-12 10:53:31,877 [main] INFO  volume.ThrottledAsyncChecker (ThrottledAsyncChecker.java:schedule(140)) - Scheduling a check for org.apache.hadoop.ozone.container.common.volume.HddsVolume@71316cd7
2019-09-12 10:53:31,878 [main] INFO  volume.HddsVolumeChecker (HddsVolumeChecker.java:checkAllVolumes(203)) - Scheduled health check for volume org.apache.hadoop.ozone.container.common.volume.HddsVolume@71316cd7
2019-09-12 10:53:31,894 [main] INFO  impl.RaftServerProxy (ConfUtils.java:logGet(43)) - raft.rpc.type = GRPC (default)
2019-09-12 10:53:31,894 [main] INFO  grpc.GrpcFactory (GrpcFactory.java:checkPooledByteBufAllocatorUseCacheForAllThreads(45)) - PERFORMANCE WARNING: useCacheForAllThreads is true that may cause Netty to create a lot garbage objects and, as a result, trigger GC.
	It is recommended to disable useCacheForAllThreads by setting -Dorg.apache.ratis.thirdparty.io.netty.allocator.useCacheForAllThreads=false in command line.
2019-09-12 10:53:31,895 [main] INFO  grpc.GrpcConfigKeys$Server (ConfUtils.java:logGet(43)) - raft.grpc.server.port = 0 (default)
2019-09-12 10:53:31,895 [main] INFO  server.GrpcService (ConfUtils.java:logGet(43)) - raft.grpc.message.size.max = 33570816 (custom)
2019-09-12 10:53:31,895 [main] INFO  server.RaftServerConfigKeys (ConfUtils.java:logGet(43)) - raft.server.log.appender.buffer.byte-limit = 33554432 (custom)
2019-09-12 10:53:31,895 [main] INFO  server.GrpcService (ConfUtils.java:logGet(43)) - raft.grpc.flow.control.window = 1MB (=1048576) (default)
2019-09-12 10:53:31,895 [main] INFO  server.RaftServerConfigKeys (ConfUtils.java:logGet(43)) - raft.server.rpc.request.timeout = 3000ms (default)
2019-09-12 10:53:31,896 [main] INFO  server.RaftServerConfigKeys (ConfUtils.java:logGet(43)) - raft.server.storage.dir = [/workdir/hadoop-ozone/integration-test/target/test-dir/MiniOzoneClusterImpl-0aac579c-f8ad-49ec-a94e-9a436a9c79c1/datanode-1/data/ratis] (custom)
2019-09-12 10:53:31,896 [main] INFO  replication.SimpleContainerDownloader (SimpleContainerDownloader.java:<init>(72)) - Starting container downloader service to copy containers to replicate.
2019-09-12 10:53:31,898 [main] INFO  hdfs.DFSUtil (DFSUtil.java:httpServerTemplateForNNAndJN(1641)) - Starting Web-server for hddsDatanode at: http://0.0.0.0:0
2019-09-12 10:53:31,901 [main] INFO  server.AuthenticationFilter (AuthenticationFilter.java:constructSecretProvider(240)) - Unable to initialize FileSignerSecretProvider, falling back to use random secrets.
2019-09-12 10:53:31,901 [main] WARN  http.HttpRequestLog (HttpRequestLog.java:getRequestLog(97)) - Jetty request log can only be enabled using Log4j
2019-09-12 10:53:31,904 [main] INFO  http.HttpServer2 (HttpServer2.java:addGlobalFilter(975)) - Added global filter 'safety' (class=org.apache.hadoop.http.HttpServer2$QuotingInputFilter)
2019-09-12 10:53:31,906 [main] INFO  http.HttpServer2 (HttpServer2.java:addFilter(948)) - Added filter static_user_filter (class=org.apache.hadoop.http.lib.StaticUserWebFilter$StaticUserFilter) to context hddsDatanode
2019-09-12 10:53:31,906 [main] INFO  http.HttpServer2 (HttpServer2.java:addFilter(958)) - Added filter static_user_filter (class=org.apache.hadoop.http.lib.StaticUserWebFilter$StaticUserFilter) to context static
2019-09-12 10:53:31,907 [main] INFO  http.HttpServer2 (HttpServer2.java:addFilter(958)) - Added filter static_user_filter (class=org.apache.hadoop.http.lib.StaticUserWebFilter$StaticUserFilter) to context logs
2019-09-12 10:53:31,908 [main] INFO  http.HttpServer2 (HttpServer2.java:bindListener(1191)) - Jetty bound to port 46497
2019-09-12 10:53:31,908 [main] INFO  server.Server (Server.java:doStart(351)) - jetty-9.3.24.v20180605, build timestamp: 2018-06-05T17:11:56Z, git hash: 84205aa28f11a4f31f2a3b86d1bba2cc8ab69827
2019-09-12 10:53:31,912 [main] INFO  handler.ContextHandler (ContextHandler.java:doStart(781)) - Started o.e.j.s.ServletContextHandler@46d148bd{/logs,file:///workdir/hadoop-ozone/integration-test/target/log,AVAILABLE}
2019-09-12 10:53:31,913 [main] INFO  handler.ContextHandler (ContextHandler.java:doStart(781)) - Started o.e.j.s.ServletContextHandler@47c81e89{/static,jar:file:/home/user/.m2/repository/org/apache/hadoop/hadoop-hdds-container-service/0.5.0-SNAPSHOT/hadoop-hdds-container-service-0.5.0-SNAPSHOT.jar!/webapps/static,AVAILABLE}
2019-09-12 10:53:31,960 [main] INFO  handler.ContextHandler (ContextHandler.java:doStart(781)) - Started o.e.j.w.WebAppContext@b339a08{/,file:///tmp/jetty-0.0.0.0-46497-hddsDatanode-_-any-2593164926336641438.dir/webapp/,AVAILABLE}{/hddsDatanode}
2019-09-12 10:53:31,961 [main] INFO  server.AbstractConnector (AbstractConnector.java:doStart(278)) - Started ServerConnector@1d556461{HTTP/1.1,[http/1.1]}{0.0.0.0:46497}
2019-09-12 10:53:31,962 [main] INFO  server.Server (Server.java:doStart(419)) - Started @44940ms
2019-09-12 10:53:31,963 [main] INFO  server.BaseHttpServer (BaseHttpServer.java:updateConnectorAddress(213)) - HTTP server of HDDSDATANODE is listening at http://0.0.0.0:46497
2019-09-12 10:53:32,116 | INFO  | ObjectStoreRestHttpServer | Listening HDDS REST traffic on /0.0.0.0:45076 |  
2019-09-12 10:53:32,116 [main] INFO  ozone.HddsDatanodeService (HddsDatanodeService.java:startPlugins(395)) - Started plug-in org.apache.hadoop.ozone.web.OzoneHddsDatanodeService@79445efb
2019-09-12 10:53:32,117 [main] INFO  impl.MetricsSystemImpl (MetricsSystemImpl.java:init(158)) - HddsDatanode metrics system started (again)
2019-09-12 10:53:32,119 [org.apache.hadoop.util.JvmPauseMonitor$Monitor@7c4dcd5f] INFO  util.JvmPauseMonitor (JvmPauseMonitor.java:run(188)) - Starting JVM pause monitor
2019-09-12 10:53:32,119 [main] INFO  ozone.HddsDatanodeService (HddsDatanodeService.java:start(184)) - HddsDatanodeService host:pr-hdds-1569-xtfnx-3545843844 ip:192.168.157.195
2019-09-12 10:53:32,121 [Datanode State Machine Thread - 0] INFO  datanode.InitDatanodeState (InitDatanodeState.java:persistContainerDatanodeDetails(140)) - DatanodeDetails is persisted to /workdir/hadoop-ozone/integration-test/target/test-dir/MiniOzoneClusterImpl-0aac579c-f8ad-49ec-a94e-9a436a9c79c1/datanode-1/meta/datanode.id
2019-09-12 10:53:32,127 [main] INFO  volume.HddsVolume (HddsVolume.java:<init>(176)) - Creating Volume: /workdir/hadoop-ozone/integration-test/target/test-dir/MiniOzoneClusterImpl-0aac579c-f8ad-49ec-a94e-9a436a9c79c1/datanode-2/data/containers/hdds of  storage type : DISK and capacity : 1482555576320
2019-09-12 10:53:32,127 [main] INFO  volume.VolumeSet (VolumeSet.java:initializeVolumeSet(170)) - Added Volume : /workdir/hadoop-ozone/integration-test/target/test-dir/MiniOzoneClusterImpl-0aac579c-f8ad-49ec-a94e-9a436a9c79c1/datanode-2/data/containers/hdds to VolumeSet
2019-09-12 10:53:32,127 [main] INFO  volume.ThrottledAsyncChecker (ThrottledAsyncChecker.java:schedule(140)) - Scheduling a check for org.apache.hadoop.ozone.container.common.volume.HddsVolume@4bc21e34
2019-09-12 10:53:32,128 [main] INFO  volume.HddsVolumeChecker (HddsVolumeChecker.java:checkAllVolumes(203)) - Scheduled health check for volume org.apache.hadoop.ozone.container.common.volume.HddsVolume@4bc21e34
2019-09-12 10:53:32,142 [main] INFO  impl.RaftServerProxy (ConfUtils.java:logGet(43)) - raft.rpc.type = GRPC (default)
2019-09-12 10:53:32,142 [main] INFO  grpc.GrpcFactory (GrpcFactory.java:checkPooledByteBufAllocatorUseCacheForAllThreads(45)) - PERFORMANCE WARNING: useCacheForAllThreads is true that may cause Netty to create a lot garbage objects and, as a result, trigger GC.
	It is recommended to disable useCacheForAllThreads by setting -Dorg.apache.ratis.thirdparty.io.netty.allocator.useCacheForAllThreads=false in command line.
2019-09-12 10:53:32,142 [main] INFO  grpc.GrpcConfigKeys$Server (ConfUtils.java:logGet(43)) - raft.grpc.server.port = 0 (default)
2019-09-12 10:53:32,142 [main] INFO  server.GrpcService (ConfUtils.java:logGet(43)) - raft.grpc.message.size.max = 33570816 (custom)
2019-09-12 10:53:32,142 [main] INFO  server.RaftServerConfigKeys (ConfUtils.java:logGet(43)) - raft.server.log.appender.buffer.byte-limit = 33554432 (custom)
2019-09-12 10:53:32,143 [main] INFO  server.GrpcService (ConfUtils.java:logGet(43)) - raft.grpc.flow.control.window = 1MB (=1048576) (default)
2019-09-12 10:53:32,143 [main] INFO  server.RaftServerConfigKeys (ConfUtils.java:logGet(43)) - raft.server.rpc.request.timeout = 3000ms (default)
2019-09-12 10:53:32,143 [main] INFO  server.RaftServerConfigKeys (ConfUtils.java:logGet(43)) - raft.server.storage.dir = [/workdir/hadoop-ozone/integration-test/target/test-dir/MiniOzoneClusterImpl-0aac579c-f8ad-49ec-a94e-9a436a9c79c1/datanode-2/data/ratis] (custom)
2019-09-12 10:53:32,144 [main] INFO  replication.SimpleContainerDownloader (SimpleContainerDownloader.java:<init>(72)) - Starting container downloader service to copy containers to replicate.
2019-09-12 10:53:32,145 [main] INFO  hdfs.DFSUtil (DFSUtil.java:httpServerTemplateForNNAndJN(1641)) - Starting Web-server for hddsDatanode at: http://0.0.0.0:0
2019-09-12 10:53:32,146 [main] INFO  server.AuthenticationFilter (AuthenticationFilter.java:constructSecretProvider(240)) - Unable to initialize FileSignerSecretProvider, falling back to use random secrets.
2019-09-12 10:53:32,146 [main] WARN  http.HttpRequestLog (HttpRequestLog.java:getRequestLog(97)) - Jetty request log can only be enabled using Log4j
2019-09-12 10:53:32,148 [main] INFO  http.HttpServer2 (HttpServer2.java:addGlobalFilter(975)) - Added global filter 'safety' (class=org.apache.hadoop.http.HttpServer2$QuotingInputFilter)
2019-09-12 10:53:32,148 [main] INFO  http.HttpServer2 (HttpServer2.java:addFilter(948)) - Added filter static_user_filter (class=org.apache.hadoop.http.lib.StaticUserWebFilter$StaticUserFilter) to context hddsDatanode
2019-09-12 10:53:32,148 [main] INFO  http.HttpServer2 (HttpServer2.java:addFilter(958)) - Added filter static_user_filter (class=org.apache.hadoop.http.lib.StaticUserWebFilter$StaticUserFilter) to context static
2019-09-12 10:53:32,148 [main] INFO  http.HttpServer2 (HttpServer2.java:addFilter(958)) - Added filter static_user_filter (class=org.apache.hadoop.http.lib.StaticUserWebFilter$StaticUserFilter) to context logs
2019-09-12 10:53:32,149 [main] INFO  http.HttpServer2 (HttpServer2.java:bindListener(1191)) - Jetty bound to port 36957
2019-09-12 10:53:32,149 [main] INFO  server.Server (Server.java:doStart(351)) - jetty-9.3.24.v20180605, build timestamp: 2018-06-05T17:11:56Z, git hash: 84205aa28f11a4f31f2a3b86d1bba2cc8ab69827
2019-09-12 10:53:32,151 [main] INFO  handler.ContextHandler (ContextHandler.java:doStart(781)) - Started o.e.j.s.ServletContextHandler@3dec79f8{/logs,file:///workdir/hadoop-ozone/integration-test/target/log,AVAILABLE}
2019-09-12 10:53:32,152 [main] INFO  handler.ContextHandler (ContextHandler.java:doStart(781)) - Started o.e.j.s.ServletContextHandler@14b26e90{/static,jar:file:/home/user/.m2/repository/org/apache/hadoop/hadoop-hdds-container-service/0.5.0-SNAPSHOT/hadoop-hdds-container-service-0.5.0-SNAPSHOT.jar!/webapps/static,AVAILABLE}
2019-09-12 10:53:32,179 [main] INFO  handler.ContextHandler (ContextHandler.java:doStart(781)) - Started o.e.j.w.WebAppContext@2fea9a7b{/,file:///tmp/jetty-0.0.0.0-36957-hddsDatanode-_-any-3042932375389646032.dir/webapp/,AVAILABLE}{/hddsDatanode}
2019-09-12 10:53:32,181 [main] INFO  server.AbstractConnector (AbstractConnector.java:doStart(278)) - Started ServerConnector@2aa07d80{HTTP/1.1,[http/1.1]}{0.0.0.0:36957}
2019-09-12 10:53:32,181 [main] INFO  server.Server (Server.java:doStart(419)) - Started @45159ms
2019-09-12 10:53:32,182 [main] INFO  server.BaseHttpServer (BaseHttpServer.java:updateConnectorAddress(213)) - HTTP server of HDDSDATANODE is listening at http://0.0.0.0:36957
2019-09-12 10:53:32,312 | INFO  | ObjectStoreRestHttpServer | Listening HDDS REST traffic on /0.0.0.0:42925 |  
2019-09-12 10:53:32,312 [main] INFO  ozone.HddsDatanodeService (HddsDatanodeService.java:startPlugins(395)) - Started plug-in org.apache.hadoop.ozone.web.OzoneHddsDatanodeService@7612116b
2019-09-12 10:53:32,312 [main] INFO  impl.MetricsSystemImpl (MetricsSystemImpl.java:init(158)) - HddsDatanode metrics system started (again)
2019-09-12 10:53:32,315 [main] INFO  ozone.HddsDatanodeService (HddsDatanodeService.java:start(184)) - HddsDatanodeService host:pr-hdds-1569-xtfnx-3545843844 ip:192.168.157.195
2019-09-12 10:53:32,315 [org.apache.hadoop.util.JvmPauseMonitor$Monitor@49b6681b] INFO  util.JvmPauseMonitor (JvmPauseMonitor.java:run(188)) - Starting JVM pause monitor
2019-09-12 10:53:32,318 [Datanode State Machine Thread - 0] INFO  datanode.InitDatanodeState (InitDatanodeState.java:persistContainerDatanodeDetails(140)) - DatanodeDetails is persisted to /workdir/hadoop-ozone/integration-test/target/test-dir/MiniOzoneClusterImpl-0aac579c-f8ad-49ec-a94e-9a436a9c79c1/datanode-2/meta/datanode.id
2019-09-12 10:53:32,323 [main] INFO  volume.HddsVolume (HddsVolume.java:<init>(176)) - Creating Volume: /workdir/hadoop-ozone/integration-test/target/test-dir/MiniOzoneClusterImpl-0aac579c-f8ad-49ec-a94e-9a436a9c79c1/datanode-3/data/containers/hdds of  storage type : DISK and capacity : 1482555576320
2019-09-12 10:53:32,324 [main] INFO  volume.VolumeSet (VolumeSet.java:initializeVolumeSet(170)) - Added Volume : /workdir/hadoop-ozone/integration-test/target/test-dir/MiniOzoneClusterImpl-0aac579c-f8ad-49ec-a94e-9a436a9c79c1/datanode-3/data/containers/hdds to VolumeSet
2019-09-12 10:53:32,324 [main] INFO  volume.ThrottledAsyncChecker (ThrottledAsyncChecker.java:schedule(140)) - Scheduling a check for org.apache.hadoop.ozone.container.common.volume.HddsVolume@53918b5e
2019-09-12 10:53:32,324 [main] INFO  volume.HddsVolumeChecker (HddsVolumeChecker.java:checkAllVolumes(203)) - Scheduled health check for volume org.apache.hadoop.ozone.container.common.volume.HddsVolume@53918b5e
2019-09-12 10:53:32,339 [main] INFO  impl.RaftServerProxy (ConfUtils.java:logGet(43)) - raft.rpc.type = GRPC (default)
2019-09-12 10:53:32,339 [main] INFO  grpc.GrpcFactory (GrpcFactory.java:checkPooledByteBufAllocatorUseCacheForAllThreads(45)) - PERFORMANCE WARNING: useCacheForAllThreads is true that may cause Netty to create a lot garbage objects and, as a result, trigger GC.
	It is recommended to disable useCacheForAllThreads by setting -Dorg.apache.ratis.thirdparty.io.netty.allocator.useCacheForAllThreads=false in command line.
2019-09-12 10:53:32,339 [main] INFO  grpc.GrpcConfigKeys$Server (ConfUtils.java:logGet(43)) - raft.grpc.server.port = 0 (default)
2019-09-12 10:53:32,339 [main] INFO  server.GrpcService (ConfUtils.java:logGet(43)) - raft.grpc.message.size.max = 33570816 (custom)
2019-09-12 10:53:32,340 [main] INFO  server.RaftServerConfigKeys (ConfUtils.java:logGet(43)) - raft.server.log.appender.buffer.byte-limit = 33554432 (custom)
2019-09-12 10:53:32,340 [main] INFO  server.GrpcService (ConfUtils.java:logGet(43)) - raft.grpc.flow.control.window = 1MB (=1048576) (default)
2019-09-12 10:53:32,340 [main] INFO  server.RaftServerConfigKeys (ConfUtils.java:logGet(43)) - raft.server.rpc.request.timeout = 3000ms (default)
2019-09-12 10:53:32,341 [main] INFO  server.RaftServerConfigKeys (ConfUtils.java:logGet(43)) - raft.server.storage.dir = [/workdir/hadoop-ozone/integration-test/target/test-dir/MiniOzoneClusterImpl-0aac579c-f8ad-49ec-a94e-9a436a9c79c1/datanode-3/data/ratis] (custom)
2019-09-12 10:53:32,341 [main] INFO  replication.SimpleContainerDownloader (SimpleContainerDownloader.java:<init>(72)) - Starting container downloader service to copy containers to replicate.
2019-09-12 10:53:32,342 [main] INFO  hdfs.DFSUtil (DFSUtil.java:httpServerTemplateForNNAndJN(1641)) - Starting Web-server for hddsDatanode at: http://0.0.0.0:0
2019-09-12 10:53:32,344 [main] INFO  server.AuthenticationFilter (AuthenticationFilter.java:constructSecretProvider(240)) - Unable to initialize FileSignerSecretProvider, falling back to use random secrets.
2019-09-12 10:53:32,344 [main] WARN  http.HttpRequestLog (HttpRequestLog.java:getRequestLog(97)) - Jetty request log can only be enabled using Log4j
2019-09-12 10:53:32,345 [main] INFO  http.HttpServer2 (HttpServer2.java:addGlobalFilter(975)) - Added global filter 'safety' (class=org.apache.hadoop.http.HttpServer2$QuotingInputFilter)
2019-09-12 10:53:32,346 [main] INFO  http.HttpServer2 (HttpServer2.java:addFilter(948)) - Added filter static_user_filter (class=org.apache.hadoop.http.lib.StaticUserWebFilter$StaticUserFilter) to context hddsDatanode
2019-09-12 10:53:32,346 [main] INFO  http.HttpServer2 (HttpServer2.java:addFilter(958)) - Added filter static_user_filter (class=org.apache.hadoop.http.lib.StaticUserWebFilter$StaticUserFilter) to context logs
2019-09-12 10:53:32,346 [main] INFO  http.HttpServer2 (HttpServer2.java:addFilter(958)) - Added filter static_user_filter (class=org.apache.hadoop.http.lib.StaticUserWebFilter$StaticUserFilter) to context static
2019-09-12 10:53:32,347 [main] INFO  http.HttpServer2 (HttpServer2.java:bindListener(1191)) - Jetty bound to port 32797
2019-09-12 10:53:32,347 [main] INFO  server.Server (Server.java:doStart(351)) - jetty-9.3.24.v20180605, build timestamp: 2018-06-05T17:11:56Z, git hash: 84205aa28f11a4f31f2a3b86d1bba2cc8ab69827
2019-09-12 10:53:32,349 [main] INFO  handler.ContextHandler (ContextHandler.java:doStart(781)) - Started o.e.j.s.ServletContextHandler@50bb1c1f{/logs,file:///workdir/hadoop-ozone/integration-test/target/log,AVAILABLE}
2019-09-12 10:53:32,349 [main] INFO  handler.ContextHandler (ContextHandler.java:doStart(781)) - Started o.e.j.s.ServletContextHandler@7981963f{/static,jar:file:/home/user/.m2/repository/org/apache/hadoop/hadoop-hdds-container-service/0.5.0-SNAPSHOT/hadoop-hdds-container-service-0.5.0-SNAPSHOT.jar!/webapps/static,AVAILABLE}
2019-09-12 10:53:32,379 [main] INFO  handler.ContextHandler (ContextHandler.java:doStart(781)) - Started o.e.j.w.WebAppContext@14ad42{/,file:///tmp/jetty-0.0.0.0-32797-hddsDatanode-_-any-1706262915427125894.dir/webapp/,AVAILABLE}{/hddsDatanode}
2019-09-12 10:53:32,380 [main] INFO  server.AbstractConnector (AbstractConnector.java:doStart(278)) - Started ServerConnector@608b906d{HTTP/1.1,[http/1.1]}{0.0.0.0:32797}
2019-09-12 10:53:32,381 [main] INFO  server.Server (Server.java:doStart(419)) - Started @45359ms
2019-09-12 10:53:32,382 [main] INFO  server.BaseHttpServer (BaseHttpServer.java:updateConnectorAddress(213)) - HTTP server of HDDSDATANODE is listening at http://0.0.0.0:32797
2019-09-12 10:53:32,510 | INFO  | ObjectStoreRestHttpServer | Listening HDDS REST traffic on /0.0.0.0:45427 |  
2019-09-12 10:53:32,511 [main] INFO  ozone.HddsDatanodeService (HddsDatanodeService.java:startPlugins(395)) - Started plug-in org.apache.hadoop.ozone.web.OzoneHddsDatanodeService@19c1f6f4
2019-09-12 10:53:32,511 [main] INFO  impl.MetricsSystemImpl (MetricsSystemImpl.java:init(158)) - HddsDatanode metrics system started (again)
2019-09-12 10:53:32,514 [org.apache.hadoop.util.JvmPauseMonitor$Monitor@7911f079] INFO  util.JvmPauseMonitor (JvmPauseMonitor.java:run(188)) - Starting JVM pause monitor
2019-09-12 10:53:32,514 [main] INFO  ozone.HddsDatanodeService (HddsDatanodeService.java:start(184)) - HddsDatanodeService host:pr-hdds-1569-xtfnx-3545843844 ip:192.168.157.195
2019-09-12 10:53:32,516 [Datanode State Machine Thread - 0] INFO  datanode.InitDatanodeState (InitDatanodeState.java:persistContainerDatanodeDetails(140)) - DatanodeDetails is persisted to /workdir/hadoop-ozone/integration-test/target/test-dir/MiniOzoneClusterImpl-0aac579c-f8ad-49ec-a94e-9a436a9c79c1/datanode-3/meta/datanode.id
2019-09-12 10:53:32,523 [main] INFO  volume.HddsVolume (HddsVolume.java:<init>(176)) - Creating Volume: /workdir/hadoop-ozone/integration-test/target/test-dir/MiniOzoneClusterImpl-0aac579c-f8ad-49ec-a94e-9a436a9c79c1/datanode-4/data/containers/hdds of  storage type : DISK and capacity : 1482555576320
2019-09-12 10:53:32,523 [main] INFO  volume.VolumeSet (VolumeSet.java:initializeVolumeSet(170)) - Added Volume : /workdir/hadoop-ozone/integration-test/target/test-dir/MiniOzoneClusterImpl-0aac579c-f8ad-49ec-a94e-9a436a9c79c1/datanode-4/data/containers/hdds to VolumeSet
2019-09-12 10:53:32,523 [main] INFO  volume.ThrottledAsyncChecker (ThrottledAsyncChecker.java:schedule(140)) - Scheduling a check for org.apache.hadoop.ozone.container.common.volume.HddsVolume@5a06eeef
2019-09-12 10:53:32,524 [main] INFO  volume.HddsVolumeChecker (HddsVolumeChecker.java:checkAllVolumes(203)) - Scheduled health check for volume org.apache.hadoop.ozone.container.common.volume.HddsVolume@5a06eeef
2019-09-12 10:53:32,538 [main] INFO  impl.RaftServerProxy (ConfUtils.java:logGet(43)) - raft.rpc.type = GRPC (default)
2019-09-12 10:53:32,538 [main] INFO  grpc.GrpcFactory (GrpcFactory.java:checkPooledByteBufAllocatorUseCacheForAllThreads(45)) - PERFORMANCE WARNING: useCacheForAllThreads is true that may cause Netty to create a lot garbage objects and, as a result, trigger GC.
	It is recommended to disable useCacheForAllThreads by setting -Dorg.apache.ratis.thirdparty.io.netty.allocator.useCacheForAllThreads=false in command line.
2019-09-12 10:53:32,539 [main] INFO  grpc.GrpcConfigKeys$Server (ConfUtils.java:logGet(43)) - raft.grpc.server.port = 0 (default)
2019-09-12 10:53:32,539 [main] INFO  server.GrpcService (ConfUtils.java:logGet(43)) - raft.grpc.message.size.max = 33570816 (custom)
2019-09-12 10:53:32,539 [main] INFO  server.RaftServerConfigKeys (ConfUtils.java:logGet(43)) - raft.server.log.appender.buffer.byte-limit = 33554432 (custom)
2019-09-12 10:53:32,539 [main] INFO  server.GrpcService (ConfUtils.java:logGet(43)) - raft.grpc.flow.control.window = 1MB (=1048576) (default)
2019-09-12 10:53:32,539 [main] INFO  server.RaftServerConfigKeys (ConfUtils.java:logGet(43)) - raft.server.rpc.request.timeout = 3000ms (default)
2019-09-12 10:53:32,540 [main] INFO  server.RaftServerConfigKeys (ConfUtils.java:logGet(43)) - raft.server.storage.dir = [/workdir/hadoop-ozone/integration-test/target/test-dir/MiniOzoneClusterImpl-0aac579c-f8ad-49ec-a94e-9a436a9c79c1/datanode-4/data/ratis] (custom)
2019-09-12 10:53:32,540 [main] INFO  replication.SimpleContainerDownloader (SimpleContainerDownloader.java:<init>(72)) - Starting container downloader service to copy containers to replicate.
2019-09-12 10:53:32,541 [main] INFO  hdfs.DFSUtil (DFSUtil.java:httpServerTemplateForNNAndJN(1641)) - Starting Web-server for hddsDatanode at: http://0.0.0.0:0
2019-09-12 10:53:32,543 [main] INFO  server.AuthenticationFilter (AuthenticationFilter.java:constructSecretProvider(240)) - Unable to initialize FileSignerSecretProvider, falling back to use random secrets.
2019-09-12 10:53:32,543 [main] WARN  http.HttpRequestLog (HttpRequestLog.java:getRequestLog(97)) - Jetty request log can only be enabled using Log4j
2019-09-12 10:53:32,544 [main] INFO  http.HttpServer2 (HttpServer2.java:addGlobalFilter(975)) - Added global filter 'safety' (class=org.apache.hadoop.http.HttpServer2$QuotingInputFilter)
2019-09-12 10:53:32,545 [main] INFO  http.HttpServer2 (HttpServer2.java:addFilter(948)) - Added filter static_user_filter (class=org.apache.hadoop.http.lib.StaticUserWebFilter$StaticUserFilter) to context hddsDatanode
2019-09-12 10:53:32,545 [main] INFO  http.HttpServer2 (HttpServer2.java:addFilter(958)) - Added filter static_user_filter (class=org.apache.hadoop.http.lib.StaticUserWebFilter$StaticUserFilter) to context static
2019-09-12 10:53:32,545 [main] INFO  http.HttpServer2 (HttpServer2.java:addFilter(958)) - Added filter static_user_filter (class=org.apache.hadoop.http.lib.StaticUserWebFilter$StaticUserFilter) to context logs
2019-09-12 10:53:32,546 [main] INFO  http.HttpServer2 (HttpServer2.java:bindListener(1191)) - Jetty bound to port 38522
2019-09-12 10:53:32,546 [main] INFO  server.Server (Server.java:doStart(351)) - jetty-9.3.24.v20180605, build timestamp: 2018-06-05T17:11:56Z, git hash: 84205aa28f11a4f31f2a3b86d1bba2cc8ab69827
2019-09-12 10:53:32,548 [main] INFO  handler.ContextHandler (ContextHandler.java:doStart(781)) - Started o.e.j.s.ServletContextHandler@5e62ca19{/logs,file:///workdir/hadoop-ozone/integration-test/target/log,AVAILABLE}
2019-09-12 10:53:32,548 [main] INFO  handler.ContextHandler (ContextHandler.java:doStart(781)) - Started o.e.j.s.ServletContextHandler@7dd7ec56{/static,jar:file:/home/user/.m2/repository/org/apache/hadoop/hadoop-hdds-container-service/0.5.0-SNAPSHOT/hadoop-hdds-container-service-0.5.0-SNAPSHOT.jar!/webapps/static,AVAILABLE}
2019-09-12 10:53:32,576 [main] INFO  handler.ContextHandler (ContextHandler.java:doStart(781)) - Started o.e.j.w.WebAppContext@19e8fe55{/,file:///tmp/jetty-0.0.0.0-38522-hddsDatanode-_-any-8903870278802731149.dir/webapp/,AVAILABLE}{/hddsDatanode}
2019-09-12 10:53:32,576 [main] INFO  server.AbstractConnector (AbstractConnector.java:doStart(278)) - Started ServerConnector@6d7bb5cc{HTTP/1.1,[http/1.1]}{0.0.0.0:38522}
2019-09-12 10:53:32,577 [main] INFO  server.Server (Server.java:doStart(419)) - Started @45556ms
2019-09-12 10:53:32,578 [main] INFO  server.BaseHttpServer (BaseHttpServer.java:updateConnectorAddress(213)) - HTTP server of HDDSDATANODE is listening at http://0.0.0.0:38522
2019-09-12 10:53:32,704 | INFO  | ObjectStoreRestHttpServer | Listening HDDS REST traffic on /0.0.0.0:41636 |  
2019-09-12 10:53:32,704 [main] INFO  ozone.HddsDatanodeService (HddsDatanodeService.java:startPlugins(395)) - Started plug-in org.apache.hadoop.ozone.web.OzoneHddsDatanodeService@3bc6c10f
2019-09-12 10:53:32,705 [main] INFO  impl.MetricsSystemImpl (MetricsSystemImpl.java:init(158)) - HddsDatanode metrics system started (again)
2019-09-12 10:53:32,708 [org.apache.hadoop.util.JvmPauseMonitor$Monitor@748c5150] INFO  util.JvmPauseMonitor (JvmPauseMonitor.java:run(188)) - Starting JVM pause monitor
2019-09-12 10:53:32,708 [main] INFO  ozone.HddsDatanodeService (HddsDatanodeService.java:start(184)) - HddsDatanodeService host:pr-hdds-1569-xtfnx-3545843844 ip:192.168.157.195
2019-09-12 10:53:32,710 [Datanode State Machine Thread - 0] INFO  datanode.InitDatanodeState (InitDatanodeState.java:persistContainerDatanodeDetails(140)) - DatanodeDetails is persisted to /workdir/hadoop-ozone/integration-test/target/test-dir/MiniOzoneClusterImpl-0aac579c-f8ad-49ec-a94e-9a436a9c79c1/datanode-4/meta/datanode.id
2019-09-12 10:53:32,716 [main] INFO  volume.HddsVolume (HddsVolume.java:<init>(176)) - Creating Volume: /workdir/hadoop-ozone/integration-test/target/test-dir/MiniOzoneClusterImpl-0aac579c-f8ad-49ec-a94e-9a436a9c79c1/datanode-5/data/containers/hdds of  storage type : DISK and capacity : 1482555576320
2019-09-12 10:53:32,716 [main] INFO  volume.VolumeSet (VolumeSet.java:initializeVolumeSet(170)) - Added Volume : /workdir/hadoop-ozone/integration-test/target/test-dir/MiniOzoneClusterImpl-0aac579c-f8ad-49ec-a94e-9a436a9c79c1/datanode-5/data/containers/hdds to VolumeSet
2019-09-12 10:53:32,716 [main] INFO  volume.ThrottledAsyncChecker (ThrottledAsyncChecker.java:schedule(140)) - Scheduling a check for org.apache.hadoop.ozone.container.common.volume.HddsVolume@3e61cffd
2019-09-12 10:53:32,717 [main] INFO  volume.HddsVolumeChecker (HddsVolumeChecker.java:checkAllVolumes(203)) - Scheduled health check for volume org.apache.hadoop.ozone.container.common.volume.HddsVolume@3e61cffd
2019-09-12 10:53:32,732 [main] INFO  impl.RaftServerProxy (ConfUtils.java:logGet(43)) - raft.rpc.type = GRPC (default)
2019-09-12 10:53:32,732 [main] INFO  grpc.GrpcFactory (GrpcFactory.java:checkPooledByteBufAllocatorUseCacheForAllThreads(45)) - PERFORMANCE WARNING: useCacheForAllThreads is true that may cause Netty to create a lot garbage objects and, as a result, trigger GC.
	It is recommended to disable useCacheForAllThreads by setting -Dorg.apache.ratis.thirdparty.io.netty.allocator.useCacheForAllThreads=false in command line.
2019-09-12 10:53:32,732 [main] INFO  grpc.GrpcConfigKeys$Server (ConfUtils.java:logGet(43)) - raft.grpc.server.port = 0 (default)
2019-09-12 10:53:32,732 [main] INFO  server.GrpcService (ConfUtils.java:logGet(43)) - raft.grpc.message.size.max = 33570816 (custom)
2019-09-12 10:53:32,733 [main] INFO  server.RaftServerConfigKeys (ConfUtils.java:logGet(43)) - raft.server.log.appender.buffer.byte-limit = 33554432 (custom)
2019-09-12 10:53:32,733 [main] INFO  server.GrpcService (ConfUtils.java:logGet(43)) - raft.grpc.flow.control.window = 1MB (=1048576) (default)
2019-09-12 10:53:32,733 [main] INFO  server.RaftServerConfigKeys (ConfUtils.java:logGet(43)) - raft.server.rpc.request.timeout = 3000ms (default)
2019-09-12 10:53:32,733 [main] INFO  server.RaftServerConfigKeys (ConfUtils.java:logGet(43)) - raft.server.storage.dir = [/workdir/hadoop-ozone/integration-test/target/test-dir/MiniOzoneClusterImpl-0aac579c-f8ad-49ec-a94e-9a436a9c79c1/datanode-5/data/ratis] (custom)
2019-09-12 10:53:32,734 [main] INFO  replication.SimpleContainerDownloader (SimpleContainerDownloader.java:<init>(72)) - Starting container downloader service to copy containers to replicate.
2019-09-12 10:53:32,736 [main] INFO  hdfs.DFSUtil (DFSUtil.java:httpServerTemplateForNNAndJN(1641)) - Starting Web-server for hddsDatanode at: http://0.0.0.0:0
2019-09-12 10:53:32,737 [main] INFO  server.AuthenticationFilter (AuthenticationFilter.java:constructSecretProvider(240)) - Unable to initialize FileSignerSecretProvider, falling back to use random secrets.
2019-09-12 10:53:32,737 [main] WARN  http.HttpRequestLog (HttpRequestLog.java:getRequestLog(97)) - Jetty request log can only be enabled using Log4j
2019-09-12 10:53:32,739 [main] INFO  http.HttpServer2 (HttpServer2.java:addGlobalFilter(975)) - Added global filter 'safety' (class=org.apache.hadoop.http.HttpServer2$QuotingInputFilter)
2019-09-12 10:53:32,739 [main] INFO  http.HttpServer2 (HttpServer2.java:addFilter(948)) - Added filter static_user_filter (class=org.apache.hadoop.http.lib.StaticUserWebFilter$StaticUserFilter) to context hddsDatanode
2019-09-12 10:53:32,739 [main] INFO  http.HttpServer2 (HttpServer2.java:addFilter(958)) - Added filter static_user_filter (class=org.apache.hadoop.http.lib.StaticUserWebFilter$StaticUserFilter) to context static
2019-09-12 10:53:32,740 [main] INFO  http.HttpServer2 (HttpServer2.java:addFilter(958)) - Added filter static_user_filter (class=org.apache.hadoop.http.lib.StaticUserWebFilter$StaticUserFilter) to context logs
2019-09-12 10:53:32,740 [main] INFO  http.HttpServer2 (HttpServer2.java:bindListener(1191)) - Jetty bound to port 43133
2019-09-12 10:53:32,740 [main] INFO  server.Server (Server.java:doStart(351)) - jetty-9.3.24.v20180605, build timestamp: 2018-06-05T17:11:56Z, git hash: 84205aa28f11a4f31f2a3b86d1bba2cc8ab69827
2019-09-12 10:53:32,742 [main] INFO  handler.ContextHandler (ContextHandler.java:doStart(781)) - Started o.e.j.s.ServletContextHandler@56a9a7b5{/logs,file:///workdir/hadoop-ozone/integration-test/target/log,AVAILABLE}
2019-09-12 10:53:32,743 [main] INFO  handler.ContextHandler (ContextHandler.java:doStart(781)) - Started o.e.j.s.ServletContextHandler@338270ea{/static,jar:file:/home/user/.m2/repository/org/apache/hadoop/hadoop-hdds-container-service/0.5.0-SNAPSHOT/hadoop-hdds-container-service-0.5.0-SNAPSHOT.jar!/webapps/static,AVAILABLE}
2019-09-12 10:53:32,770 [main] INFO  handler.ContextHandler (ContextHandler.java:doStart(781)) - Started o.e.j.w.WebAppContext@3f87780b{/,file:///tmp/jetty-0.0.0.0-43133-hddsDatanode-_-any-2321222324384350583.dir/webapp/,AVAILABLE}{/hddsDatanode}
2019-09-12 10:53:32,771 [main] INFO  server.AbstractConnector (AbstractConnector.java:doStart(278)) - Started ServerConnector@2ba318c2{HTTP/1.1,[http/1.1]}{0.0.0.0:43133}
2019-09-12 10:53:32,772 [main] INFO  server.Server (Server.java:doStart(419)) - Started @45750ms
2019-09-12 10:53:32,773 [main] INFO  server.BaseHttpServer (BaseHttpServer.java:updateConnectorAddress(213)) - HTTP server of HDDSDATANODE is listening at http://0.0.0.0:43133
2019-09-12 10:53:33,298 | INFO  | ObjectStoreRestHttpServer | Listening HDDS REST traffic on /0.0.0.0:42167 |  
2019-09-12 10:53:33,298 [main] INFO  ozone.HddsDatanodeService (HddsDatanodeService.java:startPlugins(395)) - Started plug-in org.apache.hadoop.ozone.web.OzoneHddsDatanodeService@43de9fc9
2019-09-12 10:53:33,299 [main] INFO  ozone.MiniOzoneClusterImpl (MiniOzoneClusterImpl.java:lambda$waitForClusterToBeReady$0(142)) - Waiting for cluster to be ready. Got 0 of 6 DN Heartbeats.
2019-09-12 10:53:33,300 [org.apache.hadoop.util.JvmPauseMonitor$Monitor@3329af67] INFO  util.JvmPauseMonitor (JvmPauseMonitor.java:run(188)) - Starting JVM pause monitor
2019-09-12 10:53:33,305 [Datanode State Machine Thread - 0] INFO  datanode.InitDatanodeState (InitDatanodeState.java:persistContainerDatanodeDetails(140)) - DatanodeDetails is persisted to /workdir/hadoop-ozone/integration-test/target/test-dir/MiniOzoneClusterImpl-0aac579c-f8ad-49ec-a94e-9a436a9c79c1/datanode-5/meta/datanode.id
2019-09-12 10:53:33,875 | INFO  | SCMAudit | user=jenkins1000 | ip=192.168.157.195 | op=GET_VERSION null | ret=SUCCESS |  
2019-09-12 10:53:33,894 [Datanode State Machine Thread - 0] INFO  ozoneimpl.OzoneContainer (OzoneContainer.java:start(186)) - Attempting to start container services.
2019-09-12 10:53:33,894 [Datanode State Machine Thread - 0] INFO  ozoneimpl.OzoneContainer (OzoneContainer.java:startContainerScrub(160)) - Background container scrubber has been disabled by hdds.containerscrub.enabled
2019-09-12 10:53:33,894 [Datanode State Machine Thread - 0] INFO  ratis.XceiverServerRatis (XceiverServerRatis.java:start(404)) - Starting XceiverServerRatis 9c89c98f-dc1b-41da-bccf-9aab26cf5a48 at port 0
2019-09-12 10:53:33,900 [Datanode State Machine Thread - 0] INFO  impl.RaftServerProxy (RaftServerProxy.java:lambda$start$3(299)) - 9c89c98f-dc1b-41da-bccf-9aab26cf5a48: start RPC server
2019-09-12 10:53:33,903 [Datanode State Machine Thread - 0] INFO  server.GrpcService (GrpcService.java:startImpl(149)) - 9c89c98f-dc1b-41da-bccf-9aab26cf5a48: GrpcService started, listening on 0.0.0.0/0.0.0.0:35727
2019-09-12 10:53:33,903 [Datanode State Machine Thread - 0] INFO  ratis.XceiverServerRatis (XceiverServerRatis.java:start(414)) - XceiverServerRatis 9c89c98f-dc1b-41da-bccf-9aab26cf5a48 is started using port 35727
2019-09-12 10:53:33,905 [Datanode State Machine Thread - 0] INFO  server.XceiverServerGrpc (XceiverServerGrpc.java:start(163)) - XceiverServerGrpc 9c89c98f-dc1b-41da-bccf-9aab26cf5a48 is started using port 33265
2019-09-12 10:53:34,121 | INFO  | SCMAudit | user=jenkins1000 | ip=192.168.157.195 | op=GET_VERSION null | ret=SUCCESS |  
2019-09-12 10:53:34,134 [Datanode State Machine Thread - 0] INFO  ozoneimpl.OzoneContainer (OzoneContainer.java:start(186)) - Attempting to start container services.
2019-09-12 10:53:34,135 [Datanode State Machine Thread - 0] INFO  ozoneimpl.OzoneContainer (OzoneContainer.java:startContainerScrub(160)) - Background container scrubber has been disabled by hdds.containerscrub.enabled
2019-09-12 10:53:34,135 [Datanode State Machine Thread - 0] INFO  ratis.XceiverServerRatis (XceiverServerRatis.java:start(404)) - Starting XceiverServerRatis b36b3368-613a-431f-908a-5edf1c2542ba at port 0
2019-09-12 10:53:34,141 [Datanode State Machine Thread - 0] INFO  impl.RaftServerProxy (RaftServerProxy.java:lambda$start$3(299)) - b36b3368-613a-431f-908a-5edf1c2542ba: start RPC server
2019-09-12 10:53:34,142 [Datanode State Machine Thread - 0] INFO  server.GrpcService (GrpcService.java:startImpl(149)) - b36b3368-613a-431f-908a-5edf1c2542ba: GrpcService started, listening on 0.0.0.0/0.0.0.0:36930
2019-09-12 10:53:34,142 [Datanode State Machine Thread - 0] INFO  ratis.XceiverServerRatis (XceiverServerRatis.java:start(414)) - XceiverServerRatis b36b3368-613a-431f-908a-5edf1c2542ba is started using port 36930
2019-09-12 10:53:34,143 [Datanode State Machine Thread - 0] INFO  server.XceiverServerGrpc (XceiverServerGrpc.java:start(163)) - XceiverServerGrpc b36b3368-613a-431f-908a-5edf1c2542ba is started using port 43163
2019-09-12 10:53:34,299 [main] INFO  ozone.MiniOzoneClusterImpl (MiniOzoneClusterImpl.java:lambda$waitForClusterToBeReady$0(142)) - Waiting for cluster to be ready. Got 0 of 6 DN Heartbeats.
2019-09-12 10:53:34,315 | INFO  | SCMAudit | user=jenkins1000 | ip=192.168.157.195 | op=GET_VERSION null | ret=SUCCESS |  
2019-09-12 10:53:34,331 [Datanode State Machine Thread - 0] INFO  ozoneimpl.OzoneContainer (OzoneContainer.java:start(186)) - Attempting to start container services.
2019-09-12 10:53:34,331 [Datanode State Machine Thread - 0] INFO  ozoneimpl.OzoneContainer (OzoneContainer.java:startContainerScrub(160)) - Background container scrubber has been disabled by hdds.containerscrub.enabled
2019-09-12 10:53:34,331 [Datanode State Machine Thread - 0] INFO  ratis.XceiverServerRatis (XceiverServerRatis.java:start(404)) - Starting XceiverServerRatis 4e79f251-f4f2-46d8-98e5-a0ed6d578d1f at port 0
2019-09-12 10:53:34,338 [Datanode State Machine Thread - 0] INFO  impl.RaftServerProxy (RaftServerProxy.java:lambda$start$3(299)) - 4e79f251-f4f2-46d8-98e5-a0ed6d578d1f: start RPC server
2019-09-12 10:53:34,339 [Datanode State Machine Thread - 0] INFO  server.GrpcService (GrpcService.java:startImpl(149)) - 4e79f251-f4f2-46d8-98e5-a0ed6d578d1f: GrpcService started, listening on 0.0.0.0/0.0.0.0:36131
2019-09-12 10:53:34,339 [Datanode State Machine Thread - 0] INFO  ratis.XceiverServerRatis (XceiverServerRatis.java:start(414)) - XceiverServerRatis 4e79f251-f4f2-46d8-98e5-a0ed6d578d1f is started using port 36131
2019-09-12 10:53:34,342 [Datanode State Machine Thread - 0] INFO  server.XceiverServerGrpc (XceiverServerGrpc.java:start(163)) - XceiverServerGrpc 4e79f251-f4f2-46d8-98e5-a0ed6d578d1f is started using port 36541
2019-09-12 10:53:34,515 | INFO  | SCMAudit | user=jenkins1000 | ip=192.168.157.195 | op=GET_VERSION null | ret=SUCCESS |  
2019-09-12 10:53:34,530 [Datanode State Machine Thread - 0] INFO  ozoneimpl.OzoneContainer (OzoneContainer.java:start(186)) - Attempting to start container services.
2019-09-12 10:53:34,530 [Datanode State Machine Thread - 0] INFO  ozoneimpl.OzoneContainer (OzoneContainer.java:startContainerScrub(160)) - Background container scrubber has been disabled by hdds.containerscrub.enabled
2019-09-12 10:53:34,530 [Datanode State Machine Thread - 0] INFO  ratis.XceiverServerRatis (XceiverServerRatis.java:start(404)) - Starting XceiverServerRatis b49fccba-7697-4103-b8d6-57050bb52229 at port 0
2019-09-12 10:53:34,537 [Datanode State Machine Thread - 0] INFO  impl.RaftServerProxy (RaftServerProxy.java:lambda$start$3(299)) - b49fccba-7697-4103-b8d6-57050bb52229: start RPC server
2019-09-12 10:53:34,538 [Datanode State Machine Thread - 0] INFO  server.GrpcService (GrpcService.java:startImpl(149)) - b49fccba-7697-4103-b8d6-57050bb52229: GrpcService started, listening on 0.0.0.0/0.0.0.0:46518
2019-09-12 10:53:34,538 [Datanode State Machine Thread - 0] INFO  ratis.XceiverServerRatis (XceiverServerRatis.java:start(414)) - XceiverServerRatis b49fccba-7697-4103-b8d6-57050bb52229 is started using port 46518
2019-09-12 10:53:34,541 [Datanode State Machine Thread - 0] INFO  server.XceiverServerGrpc (XceiverServerGrpc.java:start(163)) - XceiverServerGrpc b49fccba-7697-4103-b8d6-57050bb52229 is started using port 35325
2019-09-12 10:53:34,709 | INFO  | SCMAudit | user=jenkins1000 | ip=192.168.157.195 | op=GET_VERSION null | ret=SUCCESS |  
2019-09-12 10:53:34,724 [Datanode State Machine Thread - 0] INFO  ozoneimpl.OzoneContainer (OzoneContainer.java:start(186)) - Attempting to start container services.
2019-09-12 10:53:34,724 [Datanode State Machine Thread - 0] INFO  ozoneimpl.OzoneContainer (OzoneContainer.java:startContainerScrub(160)) - Background container scrubber has been disabled by hdds.containerscrub.enabled
2019-09-12 10:53:34,724 [Datanode State Machine Thread - 0] INFO  ratis.XceiverServerRatis (XceiverServerRatis.java:start(404)) - Starting XceiverServerRatis 226b4809-1310-4df7-b0e3-70448e94a1e8 at port 0
2019-09-12 10:53:34,731 [Datanode State Machine Thread - 0] INFO  impl.RaftServerProxy (RaftServerProxy.java:lambda$start$3(299)) - 226b4809-1310-4df7-b0e3-70448e94a1e8: start RPC server
2019-09-12 10:53:34,731 [Datanode State Machine Thread - 0] INFO  server.GrpcService (GrpcService.java:startImpl(149)) - 226b4809-1310-4df7-b0e3-70448e94a1e8: GrpcService started, listening on 0.0.0.0/0.0.0.0:37819
2019-09-12 10:53:34,732 [Datanode State Machine Thread - 0] INFO  ratis.XceiverServerRatis (XceiverServerRatis.java:start(414)) - XceiverServerRatis 226b4809-1310-4df7-b0e3-70448e94a1e8 is started using port 37819
2019-09-12 10:53:34,732 [Datanode State Machine Thread - 0] INFO  server.XceiverServerGrpc (XceiverServerGrpc.java:start(163)) - XceiverServerGrpc 226b4809-1310-4df7-b0e3-70448e94a1e8 is started using port 45707
2019-09-12 10:53:35,300 [main] INFO  ozone.MiniOzoneClusterImpl (MiniOzoneClusterImpl.java:lambda$waitForClusterToBeReady$0(142)) - Waiting for cluster to be ready. Got 0 of 6 DN Heartbeats.
2019-09-12 10:53:35,302 | INFO  | SCMAudit | user=jenkins1000 | ip=192.168.157.195 | op=GET_VERSION null | ret=SUCCESS |  
2019-09-12 10:53:35,326 [Datanode State Machine Thread - 0] INFO  ozoneimpl.OzoneContainer (OzoneContainer.java:start(186)) - Attempting to start container services.
2019-09-12 10:53:35,326 [Datanode State Machine Thread - 0] INFO  ozoneimpl.OzoneContainer (OzoneContainer.java:startContainerScrub(160)) - Background container scrubber has been disabled by hdds.containerscrub.enabled
2019-09-12 10:53:35,326 [Datanode State Machine Thread - 0] INFO  ratis.XceiverServerRatis (XceiverServerRatis.java:start(404)) - Starting XceiverServerRatis b65ee1e2-3519-4053-9dbb-47eb940bcefc at port 0
2019-09-12 10:53:35,333 [Datanode State Machine Thread - 0] INFO  impl.RaftServerProxy (RaftServerProxy.java:lambda$start$3(299)) - b65ee1e2-3519-4053-9dbb-47eb940bcefc: start RPC server
2019-09-12 10:53:35,334 [Datanode State Machine Thread - 0] INFO  server.GrpcService (GrpcService.java:startImpl(149)) - b65ee1e2-3519-4053-9dbb-47eb940bcefc: GrpcService started, listening on 0.0.0.0/0.0.0.0:36009
2019-09-12 10:53:35,334 [Datanode State Machine Thread - 0] INFO  ratis.XceiverServerRatis (XceiverServerRatis.java:start(414)) - XceiverServerRatis b65ee1e2-3519-4053-9dbb-47eb940bcefc is started using port 36009
2019-09-12 10:53:35,334 [Datanode State Machine Thread - 0] INFO  server.XceiverServerGrpc (XceiverServerGrpc.java:start(163)) - XceiverServerGrpc b65ee1e2-3519-4053-9dbb-47eb940bcefc is started using port 34706
2019-09-12 10:53:35,876 [IPC Server handler 4 on 42874] INFO  net.NetworkTopology (NetworkTopologyImpl.java:add(110)) - Added a new node: /default-rack/9c89c98f-dc1b-41da-bccf-9aab26cf5a48
2019-09-12 10:53:35,879 [IPC Server handler 4 on 42874] INFO  node.SCMNodeManager (SCMNodeManager.java:register(273)) - Registered Data node : 9c89c98f-dc1b-41da-bccf-9aab26cf5a48{ip: 192.168.157.195, host: pr-hdds-1569-xtfnx-3545843844, networkLocation: /default-rack, certSerialId: null}
2019-09-12 10:53:35,880 [EventQueue-NodeRegistrationContainerReportForDataNodeSafeModeRule] INFO  safemode.SCMSafeModeManager (DataNodeSafeModeRule.java:process(71)) - SCM in safe mode. 1 DataNodes registered, 1 required.
2019-09-12 10:53:35,882 [EventQueue-NodeRegistrationContainerReportForDataNodeSafeModeRule] INFO  safemode.SCMSafeModeManager (SCMSafeModeManager.java:validateSafeModeExitRules(177)) - ScmSafeModeManager, all rules are successfully validated
2019-09-12 10:53:35,882 [EventQueue-NodeRegistrationContainerReportForDataNodeSafeModeRule] INFO  safemode.SCMSafeModeManager (SCMSafeModeManager.java:exitSafeMode(193)) - SCM exiting safe mode.
2019-09-12 10:53:35,882 | INFO  | SCMAudit | user=jenkins1000 | ip=192.168.157.195 | op=REGISTER {datanodeDetails=9c89c98f-dc1b-41da-bccf-9aab26cf5a48{ip: 192.168.157.195, host: pr-hdds-1569-xtfnx-3545843844, networkLocation: /default-rack, certSerialId: null}} | ret=SUCCESS |  
2019-09-12 10:53:35,910 [grpc-default-executor-0] INFO  impl.RaftServerProxy (RaftServerProxy.java:addNew(89)) - 9c89c98f-dc1b-41da-bccf-9aab26cf5a48: addNew group-1BA0B0F40826:[9c89c98f-dc1b-41da-bccf-9aab26cf5a48:192.168.157.195:35727] returns group-1BA0B0F40826:java.util.concurrent.CompletableFuture@4db4915[Not completed]
2019-09-12 10:53:35,912 [pool-157-thread-1] INFO  impl.RaftServerImpl (RaftServerImpl.java:<init>(93)) - 9c89c98f-dc1b-41da-bccf-9aab26cf5a48: new RaftServerImpl for group-1BA0B0F40826:[9c89c98f-dc1b-41da-bccf-9aab26cf5a48:192.168.157.195:35727] with ContainerStateMachine:uninitialized
2019-09-12 10:53:35,912 [pool-157-thread-1] INFO  server.RaftServerConfigKeys (ConfUtils.java:logGet(43)) - raft.server.rpc.timeout.min = 1s (custom)
2019-09-12 10:53:35,912 [pool-157-thread-1] INFO  server.RaftServerConfigKeys (ConfUtils.java:logGet(43)) - raft.server.rpc.timeout.max = 1200ms (custom)
2019-09-12 10:53:35,912 [pool-157-thread-1] INFO  server.RaftServerConfigKeys (ConfUtils.java:logGet(43)) - raft.server.rpcslowness.timeout = 120s (custom)
2019-09-12 10:53:35,912 [pool-157-thread-1] INFO  server.RaftServerConfigKeys (ConfUtils.java:logGet(43)) - raft.server.sleep.deviation.threshold = 300 (default)
2019-09-12 10:53:35,913 [pool-157-thread-1] INFO  server.RaftServerConfigKeys (ConfUtils.java:logGet(43)) - raft.server.log.appender.install.snapshot.enabled = false (custom)
2019-09-12 10:53:35,913 [pool-157-thread-1] INFO  impl.RaftServerImpl (ServerState.java:<init>(105)) - 9c89c98f-dc1b-41da-bccf-9aab26cf5a48:group-1BA0B0F40826 ConfigurationManager, init=-1: [9c89c98f-dc1b-41da-bccf-9aab26cf5a48:192.168.157.195:35727], old=null, confs=<EMPTY_MAP>
2019-09-12 10:53:35,913 [pool-157-thread-1] INFO  server.RaftServerConfigKeys (ConfUtils.java:logGet(43)) - raft.server.storage.dir = [/workdir/hadoop-ozone/integration-test/target/test-dir/MiniOzoneClusterImpl-0aac579c-f8ad-49ec-a94e-9a436a9c79c1/datanode-0/data/ratis] (custom)
2019-09-12 10:53:35,915 [pool-157-thread-1] INFO  storage.RaftStorageDirectory (RaftStorageDirectory.java:analyzeStorage(246)) - The storage directory /workdir/hadoop-ozone/integration-test/target/test-dir/MiniOzoneClusterImpl-0aac579c-f8ad-49ec-a94e-9a436a9c79c1/datanode-0/data/ratis/ead9d1fe-67b7-4f36-9927-1ba0b0f40826 does not exist. Creating ...
2019-09-12 10:53:35,936 [pool-157-thread-1] INFO  storage.RaftStorageDirectory (RaftStorageDirectory.java:tryLock(328)) - Lock on /workdir/hadoop-ozone/integration-test/target/test-dir/MiniOzoneClusterImpl-0aac579c-f8ad-49ec-a94e-9a436a9c79c1/datanode-0/data/ratis/ead9d1fe-67b7-4f36-9927-1ba0b0f40826/in_use.lock acquired by nodename 620@pr-hdds-1569-xtfnx-3545843844
2019-09-12 10:53:35,949 [pool-157-thread-1] INFO  storage.RaftStorage (RaftStorage.java:format(72)) - Storage directory /workdir/hadoop-ozone/integration-test/target/test-dir/MiniOzoneClusterImpl-0aac579c-f8ad-49ec-a94e-9a436a9c79c1/datanode-0/data/ratis/ead9d1fe-67b7-4f36-9927-1ba0b0f40826 has been successfully formatted.
2019-09-12 10:53:35,949 [pool-157-thread-1] INFO  ratis.ContainerStateMachine (ContainerStateMachine.java:loadSnapshot(226)) - group-1BA0B0F40826: The snapshot info is null. Setting the last applied indexto:(t:0, i:~)
2019-09-12 10:53:35,950 [pool-157-thread-1] INFO  server.RaftServerConfigKeys (ConfUtils.java:logGet(43)) - raft.server.leader.election.timeout = 120s (custom)
2019-09-12 10:53:35,950 [pool-157-thread-1] INFO  server.RaftServerConfigKeys (ConfUtils.java:logGet(43)) - raft.server.log.use.memory = false (default)
2019-09-12 10:53:35,950 [pool-157-thread-1] INFO  server.RaftServerConfigKeys (ConfUtils.java:logGet(43)) - raft.server.log.purge.gap = 1000000 (custom)
2019-09-12 10:53:35,950 [pool-157-thread-1] INFO  server.RaftServerConfigKeys (ConfUtils.java:logGet(43)) - raft.server.log.appender.buffer.byte-limit = 33554432 (custom)
2019-09-12 10:53:35,950 [pool-157-thread-1] INFO  server.RaftServerConfigKeys (ConfUtils.java:logGet(43)) - raft.server.log.segment.size.max = 1048576 (custom)
2019-09-12 10:53:35,951 [pool-157-thread-1] INFO  server.RaftServerConfigKeys (ConfUtils.java:logGet(43)) - raft.server.log.segment.cache.num.max = 2 (custom)
2019-09-12 10:53:35,951 [pool-157-thread-1] INFO  segmented.SegmentedRaftLogWorker (SegmentedRaftLogWorker.java:<init>(172)) - new 9c89c98f-dc1b-41da-bccf-9aab26cf5a48-SegmentedRaftLogWorker:Storage Directory /workdir/hadoop-ozone/integration-test/target/test-dir/MiniOzoneClusterImpl-0aac579c-f8ad-49ec-a94e-9a436a9c79c1/datanode-0/data/ratis/ead9d1fe-67b7-4f36-9927-1ba0b0f40826 for RaftStorage:Storage Directory /workdir/hadoop-ozone/integration-test/target/test-dir/MiniOzoneClusterImpl-0aac579c-f8ad-49ec-a94e-9a436a9c79c1/datanode-0/data/ratis/ead9d1fe-67b7-4f36-9927-1ba0b0f40826
2019-09-12 10:53:35,951 [pool-157-thread-1] INFO  server.RaftServerConfigKeys (ConfUtils.java:logGet(43)) - raft.server.log.queue.byte-limit = 2147483647 (custom)
2019-09-12 10:53:35,951 [pool-157-thread-1] INFO  server.RaftServerConfigKeys (ConfUtils.java:logGet(43)) - raft.server.log.queue.element-limit = 1024 (custom)
2019-09-12 10:53:35,952 [pool-157-thread-1] INFO  server.RaftServerConfigKeys (ConfUtils.java:logGet(43)) - raft.server.log.segment.size.max = 1048576 (custom)
2019-09-12 10:53:35,952 [pool-157-thread-1] INFO  server.RaftServerConfigKeys (ConfUtils.java:logGet(43)) - raft.server.log.preallocated.size = 16384 (custom)
2019-09-12 10:53:35,952 [pool-157-thread-1] INFO  server.RaftServerConfigKeys (ConfUtils.java:logGet(43)) - raft.server.log.write.buffer.size = 33554432 (custom)
2019-09-12 10:53:35,952 [pool-157-thread-1] INFO  server.RaftServerConfigKeys (ConfUtils.java:logGet(43)) - raft.server.log.force.sync.num = 128 (default)
2019-09-12 10:53:35,952 [pool-157-thread-1] INFO  server.RaftServerConfigKeys (ConfUtils.java:logGet(43)) - raft.server.log.statemachine.data.sync = true (default)
2019-09-12 10:53:35,953 [pool-157-thread-1] INFO  server.RaftServerConfigKeys (ConfUtils.java:logGet(43)) - raft.server.log.statemachine.data.sync.timeout = 10s (default)
2019-09-12 10:53:35,953 [pool-157-thread-1] INFO  server.RaftServerConfigKeys (ConfUtils.java:logGet(43)) - raft.server.log.statemachine.data.sync.timeout.retry = -1 (default)
2019-09-12 10:53:35,953 [pool-157-thread-1] INFO  server.RaftServerConfigKeys (ConfUtils.java:logGet(43)) - raft.server.log.statemachine.data.caching.enabled = true (custom)
2019-09-12 10:53:35,953 [pool-157-thread-1] INFO  segmented.SegmentedRaftLogWorker (SegmentedRaftLogWorker.java:lambda$new$0(132)) - 9c89c98f-dc1b-41da-bccf-9aab26cf5a48-SegmentedRaftLogWorker:Storage Directory /workdir/hadoop-ozone/integration-test/target/test-dir/MiniOzoneClusterImpl-0aac579c-f8ad-49ec-a94e-9a436a9c79c1/datanode-0/data/ratis/ead9d1fe-67b7-4f36-9927-1ba0b0f40826: flushIndex: setUnconditionally 0 -> -1
2019-09-12 10:53:35,954 [pool-157-thread-1] INFO  server.RaftServerConfigKeys (ConfUtils.java:logGet(43)) - raft.server.snapshot.auto.trigger.enabled = true (custom)
2019-09-12 10:53:35,954 [pool-157-thread-1] INFO  server.RaftServerConfigKeys (ConfUtils.java:logGet(43)) - raft.server.snapshot.auto.trigger.threshold = 10000 (custom)
2019-09-12 10:53:35,954 [pool-157-thread-1] INFO  server.RaftServerConfigKeys (ConfUtils.java:logGet(43)) - raft.server.retrycache.expirytime = 600000ms (custom)
2019-09-12 10:53:35,954 [pool-157-thread-1] INFO  impl.RaftServerImpl (RaftServerImpl.java:start(180)) - 9c89c98f-dc1b-41da-bccf-9aab26cf5a48: start group-1BA0B0F40826
2019-09-12 10:53:35,954 [pool-157-thread-1] INFO  impl.RaftServerImpl (RaftServerImpl.java:setRole(171)) - 9c89c98f-dc1b-41da-bccf-9aab26cf5a48:group-1BA0B0F40826 changes role from null to FOLLOWER at term 0 for startAsFollower
2019-09-12 10:53:35,955 [pool-157-thread-1] INFO  impl.RoleInfo (RoleInfo.java:updateAndGet(143)) - 9c89c98f-dc1b-41da-bccf-9aab26cf5a48: start FollowerState
2019-09-12 10:53:35,956 [pool-157-thread-1] INFO  util.JmxRegister (JmxRegister.java:tryRegister(44)) - Successfully registered JMX Bean with object name Ratis:service=RaftServer,group=group-1BA0B0F40826,id=9c89c98f-dc1b-41da-bccf-9aab26cf5a48
2019-09-12 10:53:35,970 [RatisPipelineUtilsThread] INFO  pipeline.PipelineStateManager (PipelineStateManager.java:addPipeline(56)) - Created pipeline Pipeline[ Id: ead9d1fe-67b7-4f36-9927-1ba0b0f40826, Nodes: 9c89c98f-dc1b-41da-bccf-9aab26cf5a48{ip: 192.168.157.195, host: pr-hdds-1569-xtfnx-3545843844, networkLocation: /default-rack, certSerialId: null}, Type:RATIS, Factor:ONE, State:OPEN]
2019-09-12 10:53:35,976 [grpc-default-executor-0] INFO  impl.RaftServerProxy (RaftServerProxy.java:addNew(89)) - 9c89c98f-dc1b-41da-bccf-9aab26cf5a48: addNew group-218B95847ADB:[9c89c98f-dc1b-41da-bccf-9aab26cf5a48:192.168.157.195:35727] returns group-218B95847ADB:java.util.concurrent.CompletableFuture@3515698e[Not completed]
2019-09-12 10:53:35,977 [pool-157-thread-1] INFO  impl.RaftServerImpl (RaftServerImpl.java:<init>(93)) - 9c89c98f-dc1b-41da-bccf-9aab26cf5a48: new RaftServerImpl for group-218B95847ADB:[9c89c98f-dc1b-41da-bccf-9aab26cf5a48:192.168.157.195:35727] with ContainerStateMachine:uninitialized
2019-09-12 10:53:35,977 [pool-157-thread-1] INFO  server.RaftServerConfigKeys (ConfUtils.java:logGet(43)) - raft.server.rpc.timeout.min = 1s (custom)
2019-09-12 10:53:35,977 [pool-157-thread-1] INFO  server.RaftServerConfigKeys (ConfUtils.java:logGet(43)) - raft.server.rpc.timeout.max = 1200ms (custom)
2019-09-12 10:53:35,978 [pool-157-thread-1] INFO  server.RaftServerConfigKeys (ConfUtils.java:logGet(43)) - raft.server.rpcslowness.timeout = 120s (custom)
2019-09-12 10:53:35,978 [pool-157-thread-1] INFO  server.RaftServerConfigKeys (ConfUtils.java:logGet(43)) - raft.server.sleep.deviation.threshold = 300 (default)
2019-09-12 10:53:35,978 [pool-157-thread-1] INFO  server.RaftServerConfigKeys (ConfUtils.java:logGet(43)) - raft.server.log.appender.install.snapshot.enabled = false (custom)
2019-09-12 10:53:35,978 [pool-157-thread-1] INFO  impl.RaftServerImpl (ServerState.java:<init>(105)) - 9c89c98f-dc1b-41da-bccf-9aab26cf5a48:group-218B95847ADB ConfigurationManager, init=-1: [9c89c98f-dc1b-41da-bccf-9aab26cf5a48:192.168.157.195:35727], old=null, confs=<EMPTY_MAP>
2019-09-12 10:53:35,978 [pool-157-thread-1] INFO  server.RaftServerConfigKeys (ConfUtils.java:logGet(43)) - raft.server.storage.dir = [/workdir/hadoop-ozone/integration-test/target/test-dir/MiniOzoneClusterImpl-0aac579c-f8ad-49ec-a94e-9a436a9c79c1/datanode-0/data/ratis] (custom)
2019-09-12 10:53:35,978 [pool-157-thread-1] INFO  storage.RaftStorageDirectory (RaftStorageDirectory.java:analyzeStorage(246)) - The storage directory /workdir/hadoop-ozone/integration-test/target/test-dir/MiniOzoneClusterImpl-0aac579c-f8ad-49ec-a94e-9a436a9c79c1/datanode-0/data/ratis/9881e7c8-d46c-429c-9abb-218b95847adb does not exist. Creating ...
2019-09-12 10:53:35,991 [pool-157-thread-1] INFO  storage.RaftStorageDirectory (RaftStorageDirectory.java:tryLock(328)) - Lock on /workdir/hadoop-ozone/integration-test/target/test-dir/MiniOzoneClusterImpl-0aac579c-f8ad-49ec-a94e-9a436a9c79c1/datanode-0/data/ratis/9881e7c8-d46c-429c-9abb-218b95847adb/in_use.lock acquired by nodename 620@pr-hdds-1569-xtfnx-3545843844
2019-09-12 10:53:36,004 [pool-157-thread-1] INFO  storage.RaftStorage (RaftStorage.java:format(72)) - Storage directory /workdir/hadoop-ozone/integration-test/target/test-dir/MiniOzoneClusterImpl-0aac579c-f8ad-49ec-a94e-9a436a9c79c1/datanode-0/data/ratis/9881e7c8-d46c-429c-9abb-218b95847adb has been successfully formatted.
2019-09-12 10:53:36,004 [pool-157-thread-1] INFO  ratis.ContainerStateMachine (ContainerStateMachine.java:loadSnapshot(226)) - group-218B95847ADB: The snapshot info is null. Setting the last applied indexto:(t:0, i:~)
2019-09-12 10:53:36,004 [pool-157-thread-1] INFO  server.RaftServerConfigKeys (ConfUtils.java:logGet(43)) - raft.server.leader.election.timeout = 120s (custom)
2019-09-12 10:53:36,004 [pool-157-thread-1] INFO  server.RaftServerConfigKeys (ConfUtils.java:logGet(43)) - raft.server.log.use.memory = false (default)
2019-09-12 10:53:36,004 [pool-157-thread-1] INFO  server.RaftServerConfigKeys (ConfUtils.java:logGet(43)) - raft.server.log.purge.gap = 1000000 (custom)
2019-09-12 10:53:36,005 [pool-157-thread-1] INFO  server.RaftServerConfigKeys (ConfUtils.java:logGet(43)) - raft.server.log.appender.buffer.byte-limit = 33554432 (custom)
2019-09-12 10:53:36,005 [pool-157-thread-1] INFO  server.RaftServerConfigKeys (ConfUtils.java:logGet(43)) - raft.server.log.segment.size.max = 1048576 (custom)
2019-09-12 10:53:36,005 [pool-157-thread-1] INFO  server.RaftServerConfigKeys (ConfUtils.java:logGet(43)) - raft.server.log.segment.cache.num.max = 2 (custom)
2019-09-12 10:53:36,005 [pool-157-thread-1] INFO  segmented.SegmentedRaftLogWorker (SegmentedRaftLogWorker.java:<init>(172)) - new 9c89c98f-dc1b-41da-bccf-9aab26cf5a48-SegmentedRaftLogWorker:Storage Directory /workdir/hadoop-ozone/integration-test/target/test-dir/MiniOzoneClusterImpl-0aac579c-f8ad-49ec-a94e-9a436a9c79c1/datanode-0/data/ratis/9881e7c8-d46c-429c-9abb-218b95847adb for RaftStorage:Storage Directory /workdir/hadoop-ozone/integration-test/target/test-dir/MiniOzoneClusterImpl-0aac579c-f8ad-49ec-a94e-9a436a9c79c1/datanode-0/data/ratis/9881e7c8-d46c-429c-9abb-218b95847adb
2019-09-12 10:53:36,005 [pool-157-thread-1] INFO  server.RaftServerConfigKeys (ConfUtils.java:logGet(43)) - raft.server.log.queue.byte-limit = 2147483647 (custom)
2019-09-12 10:53:36,005 [pool-157-thread-1] INFO  server.RaftServerConfigKeys (ConfUtils.java:logGet(43)) - raft.server.log.queue.element-limit = 1024 (custom)
2019-09-12 10:53:36,006 [pool-157-thread-1] INFO  server.RaftServerConfigKeys (ConfUtils.java:logGet(43)) - raft.server.log.segment.size.max = 1048576 (custom)
2019-09-12 10:53:36,006 [pool-157-thread-1] INFO  server.RaftServerConfigKeys (ConfUtils.java:logGet(43)) - raft.server.log.preallocated.size = 16384 (custom)
2019-09-12 10:53:36,006 [pool-157-thread-1] INFO  server.RaftServerConfigKeys (ConfUtils.java:logGet(43)) - raft.server.log.write.buffer.size = 33554432 (custom)
2019-09-12 10:53:36,006 [pool-157-thread-1] INFO  server.RaftServerConfigKeys (ConfUtils.java:logGet(43)) - raft.server.log.force.sync.num = 128 (default)
2019-09-12 10:53:36,006 [pool-157-thread-1] INFO  server.RaftServerConfigKeys (ConfUtils.java:logGet(43)) - raft.server.log.statemachine.data.sync = true (default)
2019-09-12 10:53:36,007 [pool-157-thread-1] INFO  server.RaftServerConfigKeys (ConfUtils.java:logGet(43)) - raft.server.log.statemachine.data.sync.timeout = 10s (default)
2019-09-12 10:53:36,007 [pool-157-thread-1] INFO  server.RaftServerConfigKeys (ConfUtils.java:logGet(43)) - raft.server.log.statemachine.data.sync.timeout.retry = -1 (default)
2019-09-12 10:53:36,007 [pool-157-thread-1] INFO  server.RaftServerConfigKeys (ConfUtils.java:logGet(43)) - raft.server.log.statemachine.data.caching.enabled = true (custom)
2019-09-12 10:53:36,007 [pool-157-thread-1] INFO  segmented.SegmentedRaftLogWorker (SegmentedRaftLogWorker.java:lambda$new$0(132)) - 9c89c98f-dc1b-41da-bccf-9aab26cf5a48-SegmentedRaftLogWorker:Storage Directory /workdir/hadoop-ozone/integration-test/target/test-dir/MiniOzoneClusterImpl-0aac579c-f8ad-49ec-a94e-9a436a9c79c1/datanode-0/data/ratis/9881e7c8-d46c-429c-9abb-218b95847adb: flushIndex: setUnconditionally 0 -> -1
2019-09-12 10:53:36,008 [pool-157-thread-1] INFO  server.RaftServerConfigKeys (ConfUtils.java:logGet(43)) - raft.server.snapshot.auto.trigger.enabled = true (custom)
2019-09-12 10:53:36,008 [pool-157-thread-1] INFO  server.RaftServerConfigKeys (ConfUtils.java:logGet(43)) - raft.server.snapshot.auto.trigger.threshold = 10000 (custom)
2019-09-12 10:53:36,008 [pool-157-thread-1] INFO  server.RaftServerConfigKeys (ConfUtils.java:logGet(43)) - raft.server.retrycache.expirytime = 600000ms (custom)
2019-09-12 10:53:36,008 [pool-157-thread-1] INFO  impl.RaftServerImpl (RaftServerImpl.java:start(180)) - 9c89c98f-dc1b-41da-bccf-9aab26cf5a48: start group-218B95847ADB
2019-09-12 10:53:36,008 [pool-157-thread-1] INFO  impl.RaftServerImpl (RaftServerImpl.java:setRole(171)) - 9c89c98f-dc1b-41da-bccf-9aab26cf5a48:group-218B95847ADB changes role from null to FOLLOWER at term 0 for startAsFollower
2019-09-12 10:53:36,009 [pool-157-thread-1] INFO  impl.RoleInfo (RoleInfo.java:updateAndGet(143)) - 9c89c98f-dc1b-41da-bccf-9aab26cf5a48: start FollowerState
2019-09-12 10:53:36,009 [pool-157-thread-1] INFO  util.JmxRegister (JmxRegister.java:tryRegister(44)) - Successfully registered JMX Bean with object name Ratis:service=RaftServer,group=group-218B95847ADB,id=9c89c98f-dc1b-41da-bccf-9aab26cf5a48
2019-09-12 10:53:36,012 [RatisPipelineUtilsThread] INFO  pipeline.PipelineStateManager (PipelineStateManager.java:addPipeline(56)) - Created pipeline Pipeline[ Id: 9881e7c8-d46c-429c-9abb-218b95847adb, Nodes: 9c89c98f-dc1b-41da-bccf-9aab26cf5a48{ip: 192.168.157.195, host: pr-hdds-1569-xtfnx-3545843844, networkLocation: /default-rack, certSerialId: null}, Type:RATIS, Factor:ONE, State:OPEN]
2019-09-12 10:53:36,017 [grpc-default-executor-0] INFO  impl.RaftServerProxy (RaftServerProxy.java:addNew(89)) - 9c89c98f-dc1b-41da-bccf-9aab26cf5a48: addNew group-198E8C5A795F:[9c89c98f-dc1b-41da-bccf-9aab26cf5a48:192.168.157.195:35727] returns group-198E8C5A795F:java.util.concurrent.CompletableFuture@64f4b65a[Not completed]
2019-09-12 10:53:36,018 [pool-157-thread-1] INFO  impl.RaftServerImpl (RaftServerImpl.java:<init>(93)) - 9c89c98f-dc1b-41da-bccf-9aab26cf5a48: new RaftServerImpl for group-198E8C5A795F:[9c89c98f-dc1b-41da-bccf-9aab26cf5a48:192.168.157.195:35727] with ContainerStateMachine:uninitialized
2019-09-12 10:53:36,019 [pool-157-thread-1] INFO  server.RaftServerConfigKeys (ConfUtils.java:logGet(43)) - raft.server.rpc.timeout.min = 1s (custom)
2019-09-12 10:53:36,019 [pool-157-thread-1] INFO  server.RaftServerConfigKeys (ConfUtils.java:logGet(43)) - raft.server.rpc.timeout.max = 1200ms (custom)
2019-09-12 10:53:36,019 [pool-157-thread-1] INFO  server.RaftServerConfigKeys (ConfUtils.java:logGet(43)) - raft.server.rpcslowness.timeout = 120s (custom)
2019-09-12 10:53:36,019 [pool-157-thread-1] INFO  server.RaftServerConfigKeys (ConfUtils.java:logGet(43)) - raft.server.sleep.deviation.threshold = 300 (default)
2019-09-12 10:53:36,019 [pool-157-thread-1] INFO  server.RaftServerConfigKeys (ConfUtils.java:logGet(43)) - raft.server.log.appender.install.snapshot.enabled = false (custom)
2019-09-12 10:53:36,019 [pool-157-thread-1] INFO  impl.RaftServerImpl (ServerState.java:<init>(105)) - 9c89c98f-dc1b-41da-bccf-9aab26cf5a48:group-198E8C5A795F ConfigurationManager, init=-1: [9c89c98f-dc1b-41da-bccf-9aab26cf5a48:192.168.157.195:35727], old=null, confs=<EMPTY_MAP>
2019-09-12 10:53:36,020 [pool-157-thread-1] INFO  server.RaftServerConfigKeys (ConfUtils.java:logGet(43)) - raft.server.storage.dir = [/workdir/hadoop-ozone/integration-test/target/test-dir/MiniOzoneClusterImpl-0aac579c-f8ad-49ec-a94e-9a436a9c79c1/datanode-0/data/ratis] (custom)
2019-09-12 10:53:36,020 [pool-157-thread-1] INFO  storage.RaftStorageDirectory (RaftStorageDirectory.java:analyzeStorage(246)) - The storage directory /workdir/hadoop-ozone/integration-test/target/test-dir/MiniOzoneClusterImpl-0aac579c-f8ad-49ec-a94e-9a436a9c79c1/datanode-0/data/ratis/d5147357-5188-4815-b8ed-198e8c5a795f does not exist. Creating ...
2019-09-12 10:53:36,033 [pool-157-thread-1] INFO  storage.RaftStorageDirectory (RaftStorageDirectory.java:tryLock(328)) - Lock on /workdir/hadoop-ozone/integration-test/target/test-dir/MiniOzoneClusterImpl-0aac579c-f8ad-49ec-a94e-9a436a9c79c1/datanode-0/data/ratis/d5147357-5188-4815-b8ed-198e8c5a795f/in_use.lock acquired by nodename 620@pr-hdds-1569-xtfnx-3545843844
2019-09-12 10:53:36,046 [pool-157-thread-1] INFO  storage.RaftStorage (RaftStorage.java:format(72)) - Storage directory /workdir/hadoop-ozone/integration-test/target/test-dir/MiniOzoneClusterImpl-0aac579c-f8ad-49ec-a94e-9a436a9c79c1/datanode-0/data/ratis/d5147357-5188-4815-b8ed-198e8c5a795f has been successfully formatted.
2019-09-12 10:53:36,046 [pool-157-thread-1] INFO  ratis.ContainerStateMachine (ContainerStateMachine.java:loadSnapshot(226)) - group-198E8C5A795F: The snapshot info is null. Setting the last applied indexto:(t:0, i:~)
2019-09-12 10:53:36,046 [pool-157-thread-1] INFO  server.RaftServerConfigKeys (ConfUtils.java:logGet(43)) - raft.server.leader.election.timeout = 120s (custom)
2019-09-12 10:53:36,046 [pool-157-thread-1] INFO  server.RaftServerConfigKeys (ConfUtils.java:logGet(43)) - raft.server.log.use.memory = false (default)
2019-09-12 10:53:36,046 [pool-157-thread-1] INFO  server.RaftServerConfigKeys (ConfUtils.java:logGet(43)) - raft.server.log.purge.gap = 1000000 (custom)
2019-09-12 10:53:36,047 [pool-157-thread-1] INFO  server.RaftServerConfigKeys (ConfUtils.java:logGet(43)) - raft.server.log.appender.buffer.byte-limit = 33554432 (custom)
2019-09-12 10:53:36,047 [pool-157-thread-1] INFO  server.RaftServerConfigKeys (ConfUtils.java:logGet(43)) - raft.server.log.segment.size.max = 1048576 (custom)
2019-09-12 10:53:36,047 [pool-157-thread-1] INFO  server.RaftServerConfigKeys (ConfUtils.java:logGet(43)) - raft.server.log.segment.cache.num.max = 2 (custom)
2019-09-12 10:53:36,047 [pool-157-thread-1] INFO  segmented.SegmentedRaftLogWorker (SegmentedRaftLogWorker.java:<init>(172)) - new 9c89c98f-dc1b-41da-bccf-9aab26cf5a48-SegmentedRaftLogWorker:Storage Directory /workdir/hadoop-ozone/integration-test/target/test-dir/MiniOzoneClusterImpl-0aac579c-f8ad-49ec-a94e-9a436a9c79c1/datanode-0/data/ratis/d5147357-5188-4815-b8ed-198e8c5a795f for RaftStorage:Storage Directory /workdir/hadoop-ozone/integration-test/target/test-dir/MiniOzoneClusterImpl-0aac579c-f8ad-49ec-a94e-9a436a9c79c1/datanode-0/data/ratis/d5147357-5188-4815-b8ed-198e8c5a795f
2019-09-12 10:53:36,047 [pool-157-thread-1] INFO  server.RaftServerConfigKeys (ConfUtils.java:logGet(43)) - raft.server.log.queue.byte-limit = 2147483647 (custom)
2019-09-12 10:53:36,047 [pool-157-thread-1] INFO  server.RaftServerConfigKeys (ConfUtils.java:logGet(43)) - raft.server.log.queue.element-limit = 1024 (custom)
2019-09-12 10:53:36,048 [pool-157-thread-1] INFO  server.RaftServerConfigKeys (ConfUtils.java:logGet(43)) - raft.server.log.segment.size.max = 1048576 (custom)
2019-09-12 10:53:36,048 [pool-157-thread-1] INFO  server.RaftServerConfigKeys (ConfUtils.java:logGet(43)) - raft.server.log.preallocated.size = 16384 (custom)
2019-09-12 10:53:36,048 [pool-157-thread-1] INFO  server.RaftServerConfigKeys (ConfUtils.java:logGet(43)) - raft.server.log.write.buffer.size = 33554432 (custom)
2019-09-12 10:53:36,048 [pool-157-thread-1] INFO  server.RaftServerConfigKeys (ConfUtils.java:logGet(43)) - raft.server.log.force.sync.num = 128 (default)
2019-09-12 10:53:36,048 [pool-157-thread-1] INFO  server.RaftServerConfigKeys (ConfUtils.java:logGet(43)) - raft.server.log.statemachine.data.sync = true (default)
2019-09-12 10:53:36,048 [pool-157-thread-1] INFO  server.RaftServerConfigKeys (ConfUtils.java:logGet(43)) - raft.server.log.statemachine.data.sync.timeout = 10s (default)
2019-09-12 10:53:36,049 [pool-157-thread-1] INFO  server.RaftServerConfigKeys (ConfUtils.java:logGet(43)) - raft.server.log.statemachine.data.sync.timeout.retry = -1 (default)
2019-09-12 10:53:36,049 [pool-157-thread-1] INFO  server.RaftServerConfigKeys (ConfUtils.java:logGet(43)) - raft.server.log.statemachine.data.caching.enabled = true (custom)
2019-09-12 10:53:36,049 [pool-157-thread-1] INFO  segmented.SegmentedRaftLogWorker (SegmentedRaftLogWorker.java:lambda$new$0(132)) - 9c89c98f-dc1b-41da-bccf-9aab26cf5a48-SegmentedRaftLogWorker:Storage Directory /workdir/hadoop-ozone/integration-test/target/test-dir/MiniOzoneClusterImpl-0aac579c-f8ad-49ec-a94e-9a436a9c79c1/datanode-0/data/ratis/d5147357-5188-4815-b8ed-198e8c5a795f: flushIndex: setUnconditionally 0 -> -1
2019-09-12 10:53:36,049 [pool-157-thread-1] INFO  server.RaftServerConfigKeys (ConfUtils.java:logGet(43)) - raft.server.snapshot.auto.trigger.enabled = true (custom)
2019-09-12 10:53:36,050 [pool-157-thread-1] INFO  server.RaftServerConfigKeys (ConfUtils.java:logGet(43)) - raft.server.snapshot.auto.trigger.threshold = 10000 (custom)
2019-09-12 10:53:36,050 [pool-157-thread-1] INFO  server.RaftServerConfigKeys (ConfUtils.java:logGet(43)) - raft.server.retrycache.expirytime = 600000ms (custom)
2019-09-12 10:53:36,050 [pool-157-thread-1] INFO  impl.RaftServerImpl (RaftServerImpl.java:start(180)) - 9c89c98f-dc1b-41da-bccf-9aab26cf5a48: start group-198E8C5A795F
2019-09-12 10:53:36,050 [pool-157-thread-1] INFO  impl.RaftServerImpl (RaftServerImpl.java:setRole(171)) - 9c89c98f-dc1b-41da-bccf-9aab26cf5a48:group-198E8C5A795F changes role from null to FOLLOWER at term 0 for startAsFollower
2019-09-12 10:53:36,050 [pool-157-thread-1] INFO  impl.RoleInfo (RoleInfo.java:updateAndGet(143)) - 9c89c98f-dc1b-41da-bccf-9aab26cf5a48: start FollowerState
2019-09-12 10:53:36,051 [pool-157-thread-1] INFO  util.JmxRegister (JmxRegister.java:tryRegister(44)) - Successfully registered JMX Bean with object name Ratis:service=RaftServer,group=group-198E8C5A795F,id=9c89c98f-dc1b-41da-bccf-9aab26cf5a48
2019-09-12 10:53:36,053 [RatisPipelineUtilsThread] INFO  pipeline.PipelineStateManager (PipelineStateManager.java:addPipeline(56)) - Created pipeline Pipeline[ Id: d5147357-5188-4815-b8ed-198e8c5a795f, Nodes: 9c89c98f-dc1b-41da-bccf-9aab26cf5a48{ip: 192.168.157.195, host: pr-hdds-1569-xtfnx-3545843844, networkLocation: /default-rack, certSerialId: null}, Type:RATIS, Factor:ONE, State:OPEN]
2019-09-12 10:53:36,060 [grpc-default-executor-0] INFO  impl.RaftServerProxy (RaftServerProxy.java:addNew(89)) - 9c89c98f-dc1b-41da-bccf-9aab26cf5a48: addNew group-B292A2DA16E1:[9c89c98f-dc1b-41da-bccf-9aab26cf5a48:192.168.157.195:35727] returns group-B292A2DA16E1:java.util.concurrent.CompletableFuture@55ef3ddb[Not completed]
2019-09-12 10:53:36,061 [pool-157-thread-1] INFO  impl.RaftServerImpl (RaftServerImpl.java:<init>(93)) - 9c89c98f-dc1b-41da-bccf-9aab26cf5a48: new RaftServerImpl for group-B292A2DA16E1:[9c89c98f-dc1b-41da-bccf-9aab26cf5a48:192.168.157.195:35727] with ContainerStateMachine:uninitialized
2019-09-12 10:53:36,061 [pool-157-thread-1] INFO  server.RaftServerConfigKeys (ConfUtils.java:logGet(43)) - raft.server.rpc.timeout.min = 1s (custom)
2019-09-12 10:53:36,061 [pool-157-thread-1] INFO  server.RaftServerConfigKeys (ConfUtils.java:logGet(43)) - raft.server.rpc.timeout.max = 1200ms (custom)
2019-09-12 10:53:36,061 [pool-157-thread-1] INFO  server.RaftServerConfigKeys (ConfUtils.java:logGet(43)) - raft.server.rpcslowness.timeout = 120s (custom)
2019-09-12 10:53:36,062 [pool-157-thread-1] INFO  server.RaftServerConfigKeys (ConfUtils.java:logGet(43)) - raft.server.sleep.deviation.threshold = 300 (default)
2019-09-12 10:53:36,062 [pool-157-thread-1] INFO  server.RaftServerConfigKeys (ConfUtils.java:logGet(43)) - raft.server.log.appender.install.snapshot.enabled = false (custom)
2019-09-12 10:53:36,062 [pool-157-thread-1] INFO  impl.RaftServerImpl (ServerState.java:<init>(105)) - 9c89c98f-dc1b-41da-bccf-9aab26cf5a48:group-B292A2DA16E1 ConfigurationManager, init=-1: [9c89c98f-dc1b-41da-bccf-9aab26cf5a48:192.168.157.195:35727], old=null, confs=<EMPTY_MAP>
2019-09-12 10:53:36,062 [pool-157-thread-1] INFO  server.RaftServerConfigKeys (ConfUtils.java:logGet(43)) - raft.server.storage.dir = [/workdir/hadoop-ozone/integration-test/target/test-dir/MiniOzoneClusterImpl-0aac579c-f8ad-49ec-a94e-9a436a9c79c1/datanode-0/data/ratis] (custom)
2019-09-12 10:53:36,062 [pool-157-thread-1] INFO  storage.RaftStorageDirectory (RaftStorageDirectory.java:analyzeStorage(246)) - The storage directory /workdir/hadoop-ozone/integration-test/target/test-dir/MiniOzoneClusterImpl-0aac579c-f8ad-49ec-a94e-9a436a9c79c1/datanode-0/data/ratis/1c322d0a-bce4-4598-ba71-b292a2da16e1 does not exist. Creating ...
2019-09-12 10:53:36,075 [pool-157-thread-1] INFO  storage.RaftStorageDirectory (RaftStorageDirectory.java:tryLock(328)) - Lock on /workdir/hadoop-ozone/integration-test/target/test-dir/MiniOzoneClusterImpl-0aac579c-f8ad-49ec-a94e-9a436a9c79c1/datanode-0/data/ratis/1c322d0a-bce4-4598-ba71-b292a2da16e1/in_use.lock acquired by nodename 620@pr-hdds-1569-xtfnx-3545843844
2019-09-12 10:53:36,087 [pool-157-thread-1] INFO  storage.RaftStorage (RaftStorage.java:format(72)) - Storage directory /workdir/hadoop-ozone/integration-test/target/test-dir/MiniOzoneClusterImpl-0aac579c-f8ad-49ec-a94e-9a436a9c79c1/datanode-0/data/ratis/1c322d0a-bce4-4598-ba71-b292a2da16e1 has been successfully formatted.
2019-09-12 10:53:36,088 [pool-157-thread-1] INFO  ratis.ContainerStateMachine (ContainerStateMachine.java:loadSnapshot(226)) - group-B292A2DA16E1: The snapshot info is null. Setting the last applied indexto:(t:0, i:~)
2019-09-12 10:53:36,088 [pool-157-thread-1] INFO  server.RaftServerConfigKeys (ConfUtils.java:logGet(43)) - raft.server.leader.election.timeout = 120s (custom)
2019-09-12 10:53:36,088 [pool-157-thread-1] INFO  server.RaftServerConfigKeys (ConfUtils.java:logGet(43)) - raft.server.log.use.memory = false (default)
2019-09-12 10:53:36,088 [pool-157-thread-1] INFO  server.RaftServerConfigKeys (ConfUtils.java:logGet(43)) - raft.server.log.purge.gap = 1000000 (custom)
2019-09-12 10:53:36,088 [pool-157-thread-1] INFO  server.RaftServerConfigKeys (ConfUtils.java:logGet(43)) - raft.server.log.appender.buffer.byte-limit = 33554432 (custom)
2019-09-12 10:53:36,089 [pool-157-thread-1] INFO  server.RaftServerConfigKeys (ConfUtils.java:logGet(43)) - raft.server.log.segment.size.max = 1048576 (custom)
2019-09-12 10:53:36,089 [pool-157-thread-1] INFO  server.RaftServerConfigKeys (ConfUtils.java:logGet(43)) - raft.server.log.segment.cache.num.max = 2 (custom)
2019-09-12 10:53:36,089 [pool-157-thread-1] INFO  segmented.SegmentedRaftLogWorker (SegmentedRaftLogWorker.java:<init>(172)) - new 9c89c98f-dc1b-41da-bccf-9aab26cf5a48-SegmentedRaftLogWorker:Storage Directory /workdir/hadoop-ozone/integration-test/target/test-dir/MiniOzoneClusterImpl-0aac579c-f8ad-49ec-a94e-9a436a9c79c1/datanode-0/data/ratis/1c322d0a-bce4-4598-ba71-b292a2da16e1 for RaftStorage:Storage Directory /workdir/hadoop-ozone/integration-test/target/test-dir/MiniOzoneClusterImpl-0aac579c-f8ad-49ec-a94e-9a436a9c79c1/datanode-0/data/ratis/1c322d0a-bce4-4598-ba71-b292a2da16e1
2019-09-12 10:53:36,089 [pool-157-thread-1] INFO  server.RaftServerConfigKeys (ConfUtils.java:logGet(43)) - raft.server.log.queue.byte-limit = 2147483647 (custom)
2019-09-12 10:53:36,089 [pool-157-thread-1] INFO  server.RaftServerConfigKeys (ConfUtils.java:logGet(43)) - raft.server.log.queue.element-limit = 1024 (custom)
2019-09-12 10:53:36,089 [pool-157-thread-1] INFO  server.RaftServerConfigKeys (ConfUtils.java:logGet(43)) - raft.server.log.segment.size.max = 1048576 (custom)
2019-09-12 10:53:36,089 [pool-157-thread-1] INFO  server.RaftServerConfigKeys (ConfUtils.java:logGet(43)) - raft.server.log.preallocated.size = 16384 (custom)
2019-09-12 10:53:36,090 [pool-157-thread-1] INFO  server.RaftServerConfigKeys (ConfUtils.java:logGet(43)) - raft.server.log.write.buffer.size = 33554432 (custom)
2019-09-12 10:53:36,090 [pool-157-thread-1] INFO  server.RaftServerConfigKeys (ConfUtils.java:logGet(43)) - raft.server.log.force.sync.num = 128 (default)
2019-09-12 10:53:36,090 [pool-157-thread-1] INFO  server.RaftServerConfigKeys (ConfUtils.java:logGet(43)) - raft.server.log.statemachine.data.sync = true (default)
2019-09-12 10:53:36,090 [pool-157-thread-1] INFO  server.RaftServerConfigKeys (ConfUtils.java:logGet(43)) - raft.server.log.statemachine.data.sync.timeout = 10s (default)
2019-09-12 10:53:36,090 [pool-157-thread-1] INFO  server.RaftServerConfigKeys (ConfUtils.java:logGet(43)) - raft.server.log.statemachine.data.sync.timeout.retry = -1 (default)
2019-09-12 10:53:36,090 [pool-157-thread-1] INFO  server.RaftServerConfigKeys (ConfUtils.java:logGet(43)) - raft.server.log.statemachine.data.caching.enabled = true (custom)
2019-09-12 10:53:36,091 [pool-157-thread-1] INFO  segmented.SegmentedRaftLogWorker (SegmentedRaftLogWorker.java:lambda$new$0(132)) - 9c89c98f-dc1b-41da-bccf-9aab26cf5a48-SegmentedRaftLogWorker:Storage Directory /workdir/hadoop-ozone/integration-test/target/test-dir/MiniOzoneClusterImpl-0aac579c-f8ad-49ec-a94e-9a436a9c79c1/datanode-0/data/ratis/1c322d0a-bce4-4598-ba71-b292a2da16e1: flushIndex: setUnconditionally 0 -> -1
2019-09-12 10:53:36,091 [pool-157-thread-1] INFO  server.RaftServerConfigKeys (ConfUtils.java:logGet(43)) - raft.server.snapshot.auto.trigger.enabled = true (custom)
2019-09-12 10:53:36,091 [pool-157-thread-1] INFO  server.RaftServerConfigKeys (ConfUtils.java:logGet(43)) - raft.server.snapshot.auto.trigger.threshold = 10000 (custom)
2019-09-12 10:53:36,091 [pool-157-thread-1] INFO  server.RaftServerConfigKeys (ConfUtils.java:logGet(43)) - raft.server.retrycache.expirytime = 600000ms (custom)
2019-09-12 10:53:36,092 [pool-157-thread-1] INFO  impl.RaftServerImpl (RaftServerImpl.java:start(180)) - 9c89c98f-dc1b-41da-bccf-9aab26cf5a48: start group-B292A2DA16E1
2019-09-12 10:53:36,092 [pool-157-thread-1] INFO  impl.RaftServerImpl (RaftServerImpl.java:setRole(171)) - 9c89c98f-dc1b-41da-bccf-9aab26cf5a48:group-B292A2DA16E1 changes role from null to FOLLOWER at term 0 for startAsFollower
2019-09-12 10:53:36,092 [pool-157-thread-1] INFO  impl.RoleInfo (RoleInfo.java:updateAndGet(143)) - 9c89c98f-dc1b-41da-bccf-9aab26cf5a48: start FollowerState
2019-09-12 10:53:36,092 [pool-157-thread-1] INFO  util.JmxRegister (JmxRegister.java:tryRegister(44)) - Successfully registered JMX Bean with object name Ratis:service=RaftServer,group=group-B292A2DA16E1,id=9c89c98f-dc1b-41da-bccf-9aab26cf5a48
2019-09-12 10:53:36,096 [RatisPipelineUtilsThread] INFO  pipeline.PipelineStateManager (PipelineStateManager.java:addPipeline(56)) - Created pipeline Pipeline[ Id: 1c322d0a-bce4-4598-ba71-b292a2da16e1, Nodes: 9c89c98f-dc1b-41da-bccf-9aab26cf5a48{ip: 192.168.157.195, host: pr-hdds-1569-xtfnx-3545843844, networkLocation: /default-rack, certSerialId: null}, Type:RATIS, Factor:ONE, State:OPEN]
2019-09-12 10:53:36,102 [grpc-default-executor-0] INFO  impl.RaftServerProxy (RaftServerProxy.java:addNew(89)) - 9c89c98f-dc1b-41da-bccf-9aab26cf5a48: addNew group-23F748B3B705:[9c89c98f-dc1b-41da-bccf-9aab26cf5a48:192.168.157.195:35727] returns group-23F748B3B705:java.util.concurrent.CompletableFuture@60baae1f[Not completed]
2019-09-12 10:53:36,103 [pool-157-thread-1] INFO  impl.RaftServerImpl (RaftServerImpl.java:<init>(93)) - 9c89c98f-dc1b-41da-bccf-9aab26cf5a48: new RaftServerImpl for group-23F748B3B705:[9c89c98f-dc1b-41da-bccf-9aab26cf5a48:192.168.157.195:35727] with ContainerStateMachine:uninitialized
2019-09-12 10:53:36,103 [pool-157-thread-1] INFO  server.RaftServerConfigKeys (ConfUtils.java:logGet(43)) - raft.server.rpc.timeout.min = 1s (custom)
2019-09-12 10:53:36,103 [pool-157-thread-1] INFO  server.RaftServerConfigKeys (ConfUtils.java:logGet(43)) - raft.server.rpc.timeout.max = 1200ms (custom)
2019-09-12 10:53:36,103 [pool-157-thread-1] INFO  server.RaftServerConfigKeys (ConfUtils.java:logGet(43)) - raft.server.rpcslowness.timeout = 120s (custom)
2019-09-12 10:53:36,103 [pool-157-thread-1] INFO  server.RaftServerConfigKeys (ConfUtils.java:logGet(43)) - raft.server.sleep.deviation.threshold = 300 (default)
2019-09-12 10:53:36,103 [pool-157-thread-1] INFO  server.RaftServerConfigKeys (ConfUtils.java:logGet(43)) - raft.server.log.appender.install.snapshot.enabled = false (custom)
2019-09-12 10:53:36,103 [pool-157-thread-1] INFO  impl.RaftServerImpl (ServerState.java:<init>(105)) - 9c89c98f-dc1b-41da-bccf-9aab26cf5a48:group-23F748B3B705 ConfigurationManager, init=-1: [9c89c98f-dc1b-41da-bccf-9aab26cf5a48:192.168.157.195:35727], old=null, confs=<EMPTY_MAP>
2019-09-12 10:53:36,104 [pool-157-thread-1] INFO  server.RaftServerConfigKeys (ConfUtils.java:logGet(43)) - raft.server.storage.dir = [/workdir/hadoop-ozone/integration-test/target/test-dir/MiniOzoneClusterImpl-0aac579c-f8ad-49ec-a94e-9a436a9c79c1/datanode-0/data/ratis] (custom)
2019-09-12 10:53:36,104 [pool-157-thread-1] INFO  storage.RaftStorageDirectory (RaftStorageDirectory.java:analyzeStorage(246)) - The storage directory /workdir/hadoop-ozone/integration-test/target/test-dir/MiniOzoneClusterImpl-0aac579c-f8ad-49ec-a94e-9a436a9c79c1/datanode-0/data/ratis/6ec7f860-5aeb-4ca4-8344-23f748b3b705 does not exist. Creating ...
2019-09-12 10:53:36,116 [pool-157-thread-1] INFO  storage.RaftStorageDirectory (RaftStorageDirectory.java:tryLock(328)) - Lock on /workdir/hadoop-ozone/integration-test/target/test-dir/MiniOzoneClusterImpl-0aac579c-f8ad-49ec-a94e-9a436a9c79c1/datanode-0/data/ratis/6ec7f860-5aeb-4ca4-8344-23f748b3b705/in_use.lock acquired by nodename 620@pr-hdds-1569-xtfnx-3545843844
2019-09-12 10:53:36,121 [IPC Server handler 0 on 42874] INFO  net.NetworkTopology (NetworkTopologyImpl.java:add(110)) - Added a new node: /default-rack/b36b3368-613a-431f-908a-5edf1c2542ba
2019-09-12 10:53:36,122 [IPC Server handler 0 on 42874] INFO  node.SCMNodeManager (SCMNodeManager.java:register(273)) - Registered Data node : b36b3368-613a-431f-908a-5edf1c2542ba{ip: 192.168.157.195, host: pr-hdds-1569-xtfnx-3545843844, networkLocation: /default-rack, certSerialId: null}
2019-09-12 10:53:36,122 | INFO  | SCMAudit | user=jenkins1000 | ip=192.168.157.195 | op=REGISTER {datanodeDetails=b36b3368-613a-431f-908a-5edf1c2542ba{ip: 192.168.157.195, host: pr-hdds-1569-xtfnx-3545843844, networkLocation: /default-rack, certSerialId: null}} | ret=SUCCESS |  
2019-09-12 10:53:36,128 [pool-157-thread-1] INFO  storage.RaftStorage (RaftStorage.java:format(72)) - Storage directory /workdir/hadoop-ozone/integration-test/target/test-dir/MiniOzoneClusterImpl-0aac579c-f8ad-49ec-a94e-9a436a9c79c1/datanode-0/data/ratis/6ec7f860-5aeb-4ca4-8344-23f748b3b705 has been successfully formatted.
2019-09-12 10:53:36,129 [pool-157-thread-1] INFO  ratis.ContainerStateMachine (ContainerStateMachine.java:loadSnapshot(226)) - group-23F748B3B705: The snapshot info is null. Setting the last applied indexto:(t:0, i:~)
2019-09-12 10:53:36,129 [pool-157-thread-1] INFO  server.RaftServerConfigKeys (ConfUtils.java:logGet(43)) - raft.server.leader.election.timeout = 120s (custom)
2019-09-12 10:53:36,129 [pool-157-thread-1] INFO  server.RaftServerConfigKeys (ConfUtils.java:logGet(43)) - raft.server.log.use.memory = false (default)
2019-09-12 10:53:36,129 [pool-157-thread-1] INFO  server.RaftServerConfigKeys (ConfUtils.java:logGet(43)) - raft.server.log.purge.gap = 1000000 (custom)
2019-09-12 10:53:36,129 [pool-157-thread-1] INFO  server.RaftServerConfigKeys (ConfUtils.java:logGet(43)) - raft.server.log.appender.buffer.byte-limit = 33554432 (custom)
2019-09-12 10:53:36,129 [pool-157-thread-1] INFO  server.RaftServerConfigKeys (ConfUtils.java:logGet(43)) - raft.server.log.segment.size.max = 1048576 (custom)
2019-09-12 10:53:36,130 [pool-157-thread-1] INFO  server.RaftServerConfigKeys (ConfUtils.java:logGet(43)) - raft.server.log.segment.cache.num.max = 2 (custom)
2019-09-12 10:53:36,130 [pool-157-thread-1] INFO  segmented.SegmentedRaftLogWorker (SegmentedRaftLogWorker.java:<init>(172)) - new 9c89c98f-dc1b-41da-bccf-9aab26cf5a48-SegmentedRaftLogWorker:Storage Directory /workdir/hadoop-ozone/integration-test/target/test-dir/MiniOzoneClusterImpl-0aac579c-f8ad-49ec-a94e-9a436a9c79c1/datanode-0/data/ratis/6ec7f860-5aeb-4ca4-8344-23f748b3b705 for RaftStorage:Storage Directory /workdir/hadoop-ozone/integration-test/target/test-dir/MiniOzoneClusterImpl-0aac579c-f8ad-49ec-a94e-9a436a9c79c1/datanode-0/data/ratis/6ec7f860-5aeb-4ca4-8344-23f748b3b705
2019-09-12 10:53:36,130 [pool-157-thread-1] INFO  server.RaftServerConfigKeys (ConfUtils.java:logGet(43)) - raft.server.log.queue.byte-limit = 2147483647 (custom)
2019-09-12 10:53:36,130 [pool-157-thread-1] INFO  server.RaftServerConfigKeys (ConfUtils.java:logGet(43)) - raft.server.log.queue.element-limit = 1024 (custom)
2019-09-12 10:53:36,130 [pool-157-thread-1] INFO  server.RaftServerConfigKeys (ConfUtils.java:logGet(43)) - raft.server.log.segment.size.max = 1048576 (custom)
2019-09-12 10:53:36,130 [pool-157-thread-1] INFO  server.RaftServerConfigKeys (ConfUtils.java:logGet(43)) - raft.server.log.preallocated.size = 16384 (custom)
2019-09-12 10:53:36,130 [pool-157-thread-1] INFO  server.RaftServerConfigKeys (ConfUtils.java:logGet(43)) - raft.server.log.write.buffer.size = 33554432 (custom)
2019-09-12 10:53:36,131 [pool-157-thread-1] INFO  server.RaftServerConfigKeys (ConfUtils.java:logGet(43)) - raft.server.log.force.sync.num = 128 (default)
2019-09-12 10:53:36,131 [pool-157-thread-1] INFO  server.RaftServerConfigKeys (ConfUtils.java:logGet(43)) - raft.server.log.statemachine.data.sync = true (default)
2019-09-12 10:53:36,131 [pool-157-thread-1] INFO  server.RaftServerConfigKeys (ConfUtils.java:logGet(43)) - raft.server.log.statemachine.data.sync.timeout = 10s (default)
2019-09-12 10:53:36,131 [pool-157-thread-1] INFO  server.RaftServerConfigKeys (ConfUtils.java:logGet(43)) - raft.server.log.statemachine.data.sync.timeout.retry = -1 (default)
2019-09-12 10:53:36,131 [pool-157-thread-1] INFO  server.RaftServerConfigKeys (ConfUtils.java:logGet(43)) - raft.server.log.statemachine.data.caching.enabled = true (custom)
2019-09-12 10:53:36,132 [pool-157-thread-1] INFO  segmented.SegmentedRaftLogWorker (SegmentedRaftLogWorker.java:lambda$new$0(132)) - 9c89c98f-dc1b-41da-bccf-9aab26cf5a48-SegmentedRaftLogWorker:Storage Directory /workdir/hadoop-ozone/integration-test/target/test-dir/MiniOzoneClusterImpl-0aac579c-f8ad-49ec-a94e-9a436a9c79c1/datanode-0/data/ratis/6ec7f860-5aeb-4ca4-8344-23f748b3b705: flushIndex: setUnconditionally 0 -> -1
2019-09-12 10:53:36,132 [pool-157-thread-1] INFO  server.RaftServerConfigKeys (ConfUtils.java:logGet(43)) - raft.server.snapshot.auto.trigger.enabled = true (custom)
2019-09-12 10:53:36,132 [pool-157-thread-1] INFO  server.RaftServerConfigKeys (ConfUtils.java:logGet(43)) - raft.server.snapshot.auto.trigger.threshold = 10000 (custom)
2019-09-12 10:53:36,132 [pool-157-thread-1] INFO  server.RaftServerConfigKeys (ConfUtils.java:logGet(43)) - raft.server.retrycache.expirytime = 600000ms (custom)
2019-09-12 10:53:36,133 [pool-157-thread-1] INFO  impl.RaftServerImpl (RaftServerImpl.java:start(180)) - 9c89c98f-dc1b-41da-bccf-9aab26cf5a48: start group-23F748B3B705
2019-09-12 10:53:36,133 [pool-157-thread-1] INFO  impl.RaftServerImpl (RaftServerImpl.java:setRole(171)) - 9c89c98f-dc1b-41da-bccf-9aab26cf5a48:group-23F748B3B705 changes role from null to FOLLOWER at term 0 for startAsFollower
2019-09-12 10:53:36,133 [pool-157-thread-1] INFO  impl.RoleInfo (RoleInfo.java:updateAndGet(143)) - 9c89c98f-dc1b-41da-bccf-9aab26cf5a48: start FollowerState
2019-09-12 10:53:36,133 [pool-157-thread-1] INFO  util.JmxRegister (JmxRegister.java:tryRegister(44)) - Successfully registered JMX Bean with object name Ratis:service=RaftServer,group=group-23F748B3B705,id=9c89c98f-dc1b-41da-bccf-9aab26cf5a48
2019-09-12 10:53:36,136 [RatisPipelineUtilsThread] INFO  pipeline.PipelineStateManager (PipelineStateManager.java:addPipeline(56)) - Created pipeline Pipeline[ Id: 6ec7f860-5aeb-4ca4-8344-23f748b3b705, Nodes: 9c89c98f-dc1b-41da-bccf-9aab26cf5a48{ip: 192.168.157.195, host: pr-hdds-1569-xtfnx-3545843844, networkLocation: /default-rack, certSerialId: null}, Type:RATIS, Factor:ONE, State:OPEN]
2019-09-12 10:53:36,145 [grpc-default-executor-0] INFO  impl.RaftServerProxy (RaftServerProxy.java:addNew(89)) - b36b3368-613a-431f-908a-5edf1c2542ba: addNew group-2434FC69BB78:[b36b3368-613a-431f-908a-5edf1c2542ba:192.168.157.195:36930] returns group-2434FC69BB78:java.util.concurrent.CompletableFuture@9363118[Not completed]
2019-09-12 10:53:36,146 [pool-168-thread-1] INFO  impl.RaftServerImpl (RaftServerImpl.java:<init>(93)) - b36b3368-613a-431f-908a-5edf1c2542ba: new RaftServerImpl for group-2434FC69BB78:[b36b3368-613a-431f-908a-5edf1c2542ba:192.168.157.195:36930] with ContainerStateMachine:uninitialized
2019-09-12 10:53:36,147 [pool-168-thread-1] INFO  server.RaftServerConfigKeys (ConfUtils.java:logGet(43)) - raft.server.rpc.timeout.min = 1s (custom)
2019-09-12 10:53:36,147 [pool-168-thread-1] INFO  server.RaftServerConfigKeys (ConfUtils.java:logGet(43)) - raft.server.rpc.timeout.max = 1200ms (custom)
2019-09-12 10:53:36,147 [pool-168-thread-1] INFO  server.RaftServerConfigKeys (ConfUtils.java:logGet(43)) - raft.server.rpcslowness.timeout = 120s (custom)
2019-09-12 10:53:36,147 [pool-168-thread-1] INFO  server.RaftServerConfigKeys (ConfUtils.java:logGet(43)) - raft.server.sleep.deviation.threshold = 300 (default)
2019-09-12 10:53:36,147 [pool-168-thread-1] INFO  server.RaftServerConfigKeys (ConfUtils.java:logGet(43)) - raft.server.log.appender.install.snapshot.enabled = false (custom)
2019-09-12 10:53:36,148 [pool-168-thread-1] INFO  impl.RaftServerImpl (ServerState.java:<init>(105)) - b36b3368-613a-431f-908a-5edf1c2542ba:group-2434FC69BB78 ConfigurationManager, init=-1: [b36b3368-613a-431f-908a-5edf1c2542ba:192.168.157.195:36930], old=null, confs=<EMPTY_MAP>
2019-09-12 10:53:36,148 [pool-168-thread-1] INFO  server.RaftServerConfigKeys (ConfUtils.java:logGet(43)) - raft.server.storage.dir = [/workdir/hadoop-ozone/integration-test/target/test-dir/MiniOzoneClusterImpl-0aac579c-f8ad-49ec-a94e-9a436a9c79c1/datanode-1/data/ratis] (custom)
2019-09-12 10:53:36,148 [pool-168-thread-1] INFO  storage.RaftStorageDirectory (RaftStorageDirectory.java:analyzeStorage(246)) - The storage directory /workdir/hadoop-ozone/integration-test/target/test-dir/MiniOzoneClusterImpl-0aac579c-f8ad-49ec-a94e-9a436a9c79c1/datanode-1/data/ratis/aa7b32e9-09b9-4055-9269-2434fc69bb78 does not exist. Creating ...
2019-09-12 10:53:36,161 [pool-168-thread-1] INFO  storage.RaftStorageDirectory (RaftStorageDirectory.java:tryLock(328)) - Lock on /workdir/hadoop-ozone/integration-test/target/test-dir/MiniOzoneClusterImpl-0aac579c-f8ad-49ec-a94e-9a436a9c79c1/datanode-1/data/ratis/aa7b32e9-09b9-4055-9269-2434fc69bb78/in_use.lock acquired by nodename 620@pr-hdds-1569-xtfnx-3545843844
2019-09-12 10:53:36,164 [pool-168-thread-1] INFO  storage.RaftStorage (RaftStorage.java:format(72)) - Storage directory /workdir/hadoop-ozone/integration-test/target/test-dir/MiniOzoneClusterImpl-0aac579c-f8ad-49ec-a94e-9a436a9c79c1/datanode-1/data/ratis/aa7b32e9-09b9-4055-9269-2434fc69bb78 has been successfully formatted.
2019-09-12 10:53:36,164 [pool-168-thread-1] INFO  ratis.ContainerStateMachine (ContainerStateMachine.java:loadSnapshot(226)) - group-2434FC69BB78: The snapshot info is null. Setting the last applied indexto:(t:0, i:~)
2019-09-12 10:53:36,164 [pool-168-thread-1] INFO  server.RaftServerConfigKeys (ConfUtils.java:logGet(43)) - raft.server.leader.election.timeout = 120s (custom)
2019-09-12 10:53:36,164 [pool-168-thread-1] INFO  server.RaftServerConfigKeys (ConfUtils.java:logGet(43)) - raft.server.log.use.memory = false (default)
2019-09-12 10:53:36,165 [pool-168-thread-1] INFO  server.RaftServerConfigKeys (ConfUtils.java:logGet(43)) - raft.server.log.purge.gap = 1000000 (custom)
2019-09-12 10:53:36,165 [pool-168-thread-1] INFO  server.RaftServerConfigKeys (ConfUtils.java:logGet(43)) - raft.server.log.appender.buffer.byte-limit = 33554432 (custom)
2019-09-12 10:53:36,165 [pool-168-thread-1] INFO  server.RaftServerConfigKeys (ConfUtils.java:logGet(43)) - raft.server.log.segment.size.max = 1048576 (custom)
2019-09-12 10:53:36,165 [pool-168-thread-1] INFO  server.RaftServerConfigKeys (ConfUtils.java:logGet(43)) - raft.server.log.segment.cache.num.max = 2 (custom)
2019-09-12 10:53:36,165 [pool-168-thread-1] INFO  segmented.SegmentedRaftLogWorker (SegmentedRaftLogWorker.java:<init>(172)) - new b36b3368-613a-431f-908a-5edf1c2542ba-SegmentedRaftLogWorker:Storage Directory /workdir/hadoop-ozone/integration-test/target/test-dir/MiniOzoneClusterImpl-0aac579c-f8ad-49ec-a94e-9a436a9c79c1/datanode-1/data/ratis/aa7b32e9-09b9-4055-9269-2434fc69bb78 for RaftStorage:Storage Directory /workdir/hadoop-ozone/integration-test/target/test-dir/MiniOzoneClusterImpl-0aac579c-f8ad-49ec-a94e-9a436a9c79c1/datanode-1/data/ratis/aa7b32e9-09b9-4055-9269-2434fc69bb78
2019-09-12 10:53:36,165 [pool-168-thread-1] INFO  server.RaftServerConfigKeys (ConfUtils.java:logGet(43)) - raft.server.log.queue.byte-limit = 2147483647 (custom)
2019-09-12 10:53:36,165 [pool-168-thread-1] INFO  server.RaftServerConfigKeys (ConfUtils.java:logGet(43)) - raft.server.log.queue.element-limit = 1024 (custom)
2019-09-12 10:53:36,166 [pool-168-thread-1] INFO  server.RaftServerConfigKeys (ConfUtils.java:logGet(43)) - raft.server.log.segment.size.max = 1048576 (custom)
2019-09-12 10:53:36,166 [pool-168-thread-1] INFO  server.RaftServerConfigKeys (ConfUtils.java:logGet(43)) - raft.server.log.preallocated.size = 16384 (custom)
2019-09-12 10:53:36,166 [pool-168-thread-1] INFO  server.RaftServerConfigKeys (ConfUtils.java:logGet(43)) - raft.server.log.write.buffer.size = 33554432 (custom)
2019-09-12 10:53:36,166 [pool-168-thread-1] INFO  server.RaftServerConfigKeys (ConfUtils.java:logGet(43)) - raft.server.log.force.sync.num = 128 (default)
2019-09-12 10:53:36,166 [pool-168-thread-1] INFO  server.RaftServerConfigKeys (ConfUtils.java:logGet(43)) - raft.server.log.statemachine.data.sync = true (default)
2019-09-12 10:53:36,166 [pool-168-thread-1] INFO  server.RaftServerConfigKeys (ConfUtils.java:logGet(43)) - raft.server.log.statemachine.data.sync.timeout = 10s (default)
2019-09-12 10:53:36,166 [pool-168-thread-1] INFO  server.RaftServerConfigKeys (ConfUtils.java:logGet(43)) - raft.server.log.statemachine.data.sync.timeout.retry = -1 (default)
2019-09-12 10:53:36,167 [pool-168-thread-1] INFO  server.RaftServerConfigKeys (ConfUtils.java:logGet(43)) - raft.server.log.statemachine.data.caching.enabled = true (custom)
2019-09-12 10:53:36,167 [pool-168-thread-1] INFO  segmented.SegmentedRaftLogWorker (SegmentedRaftLogWorker.java:lambda$new$0(132)) - b36b3368-613a-431f-908a-5edf1c2542ba-SegmentedRaftLogWorker:Storage Directory /workdir/hadoop-ozone/integration-test/target/test-dir/MiniOzoneClusterImpl-0aac579c-f8ad-49ec-a94e-9a436a9c79c1/datanode-1/data/ratis/aa7b32e9-09b9-4055-9269-2434fc69bb78: flushIndex: setUnconditionally 0 -> -1
2019-09-12 10:53:36,167 [pool-168-thread-1] INFO  server.RaftServerConfigKeys (ConfUtils.java:logGet(43)) - raft.server.snapshot.auto.trigger.enabled = true (custom)
2019-09-12 10:53:36,168 [pool-168-thread-1] INFO  server.RaftServerConfigKeys (ConfUtils.java:logGet(43)) - raft.server.snapshot.auto.trigger.threshold = 10000 (custom)
2019-09-12 10:53:36,168 [pool-168-thread-1] INFO  server.RaftServerConfigKeys (ConfUtils.java:logGet(43)) - raft.server.retrycache.expirytime = 600000ms (custom)
2019-09-12 10:53:36,168 [pool-168-thread-1] INFO  impl.RaftServerImpl (RaftServerImpl.java:start(180)) - b36b3368-613a-431f-908a-5edf1c2542ba: start group-2434FC69BB78
2019-09-12 10:53:36,168 [pool-168-thread-1] INFO  impl.RaftServerImpl (RaftServerImpl.java:setRole(171)) - b36b3368-613a-431f-908a-5edf1c2542ba:group-2434FC69BB78 changes role from null to FOLLOWER at term 0 for startAsFollower
2019-09-12 10:53:36,168 [pool-168-thread-1] INFO  impl.RoleInfo (RoleInfo.java:updateAndGet(143)) - b36b3368-613a-431f-908a-5edf1c2542ba: start FollowerState
2019-09-12 10:53:36,169 [pool-168-thread-1] INFO  util.JmxRegister (JmxRegister.java:tryRegister(44)) - Successfully registered JMX Bean with object name Ratis:service=RaftServer,group=group-2434FC69BB78,id=b36b3368-613a-431f-908a-5edf1c2542ba
2019-09-12 10:53:36,171 [RatisPipelineUtilsThread] INFO  pipeline.PipelineStateManager (PipelineStateManager.java:addPipeline(56)) - Created pipeline Pipeline[ Id: aa7b32e9-09b9-4055-9269-2434fc69bb78, Nodes: b36b3368-613a-431f-908a-5edf1c2542ba{ip: 192.168.157.195, host: pr-hdds-1569-xtfnx-3545843844, networkLocation: /default-rack, certSerialId: null}, Type:RATIS, Factor:ONE, State:OPEN]
2019-09-12 10:53:36,176 [grpc-default-executor-0] INFO  impl.RaftServerProxy (RaftServerProxy.java:addNew(89)) - 9c89c98f-dc1b-41da-bccf-9aab26cf5a48: addNew group-634FE7F1DCF5:[9c89c98f-dc1b-41da-bccf-9aab26cf5a48:192.168.157.195:35727] returns group-634FE7F1DCF5:java.util.concurrent.CompletableFuture@cfa471c[Not completed]
2019-09-12 10:53:36,178 [pool-157-thread-1] INFO  impl.RaftServerImpl (RaftServerImpl.java:<init>(93)) - 9c89c98f-dc1b-41da-bccf-9aab26cf5a48: new RaftServerImpl for group-634FE7F1DCF5:[9c89c98f-dc1b-41da-bccf-9aab26cf5a48:192.168.157.195:35727] with ContainerStateMachine:uninitialized
2019-09-12 10:53:36,178 [pool-157-thread-1] INFO  server.RaftServerConfigKeys (ConfUtils.java:logGet(43)) - raft.server.rpc.timeout.min = 1s (custom)
2019-09-12 10:53:36,178 [pool-157-thread-1] INFO  server.RaftServerConfigKeys (ConfUtils.java:logGet(43)) - raft.server.rpc.timeout.max = 1200ms (custom)
2019-09-12 10:53:36,178 [pool-157-thread-1] INFO  server.RaftServerConfigKeys (ConfUtils.java:logGet(43)) - raft.server.rpcslowness.timeout = 120s (custom)
2019-09-12 10:53:36,179 [pool-157-thread-1] INFO  server.RaftServerConfigKeys (ConfUtils.java:logGet(43)) - raft.server.sleep.deviation.threshold = 300 (default)
2019-09-12 10:53:36,179 [pool-157-thread-1] INFO  server.RaftServerConfigKeys (ConfUtils.java:logGet(43)) - raft.server.log.appender.install.snapshot.enabled = false (custom)
2019-09-12 10:53:36,179 [pool-157-thread-1] INFO  impl.RaftServerImpl (ServerState.java:<init>(105)) - 9c89c98f-dc1b-41da-bccf-9aab26cf5a48:group-634FE7F1DCF5 ConfigurationManager, init=-1: [9c89c98f-dc1b-41da-bccf-9aab26cf5a48:192.168.157.195:35727], old=null, confs=<EMPTY_MAP>
2019-09-12 10:53:36,179 [pool-157-thread-1] INFO  server.RaftServerConfigKeys (ConfUtils.java:logGet(43)) - raft.server.storage.dir = [/workdir/hadoop-ozone/integration-test/target/test-dir/MiniOzoneClusterImpl-0aac579c-f8ad-49ec-a94e-9a436a9c79c1/datanode-0/data/ratis] (custom)
2019-09-12 10:53:36,179 [pool-157-thread-1] INFO  storage.RaftStorageDirectory (RaftStorageDirectory.java:analyzeStorage(246)) - The storage directory /workdir/hadoop-ozone/integration-test/target/test-dir/MiniOzoneClusterImpl-0aac579c-f8ad-49ec-a94e-9a436a9c79c1/datanode-0/data/ratis/3dde1139-adb4-4ead-8582-634fe7f1dcf5 does not exist. Creating ...
2019-09-12 10:53:36,190 [pool-157-thread-1] INFO  storage.RaftStorageDirectory (RaftStorageDirectory.java:tryLock(328)) - Lock on /workdir/hadoop-ozone/integration-test/target/test-dir/MiniOzoneClusterImpl-0aac579c-f8ad-49ec-a94e-9a436a9c79c1/datanode-0/data/ratis/3dde1139-adb4-4ead-8582-634fe7f1dcf5/in_use.lock acquired by nodename 620@pr-hdds-1569-xtfnx-3545843844
2019-09-12 10:53:36,215 [pool-157-thread-1] INFO  storage.RaftStorage (RaftStorage.java:format(72)) - Storage directory /workdir/hadoop-ozone/integration-test/target/test-dir/MiniOzoneClusterImpl-0aac579c-f8ad-49ec-a94e-9a436a9c79c1/datanode-0/data/ratis/3dde1139-adb4-4ead-8582-634fe7f1dcf5 has been successfully formatted.
2019-09-12 10:53:36,215 [pool-157-thread-1] INFO  ratis.ContainerStateMachine (ContainerStateMachine.java:loadSnapshot(226)) - group-634FE7F1DCF5: The snapshot info is null. Setting the last applied indexto:(t:0, i:~)
2019-09-12 10:53:36,216 [pool-157-thread-1] INFO  server.RaftServerConfigKeys (ConfUtils.java:logGet(43)) - raft.server.leader.election.timeout = 120s (custom)
2019-09-12 10:53:36,216 [pool-157-thread-1] INFO  server.RaftServerConfigKeys (ConfUtils.java:logGet(43)) - raft.server.log.use.memory = false (default)
2019-09-12 10:53:36,216 [pool-157-thread-1] INFO  server.RaftServerConfigKeys (ConfUtils.java:logGet(43)) - raft.server.log.purge.gap = 1000000 (custom)
2019-09-12 10:53:36,216 [pool-157-thread-1] INFO  server.RaftServerConfigKeys (ConfUtils.java:logGet(43)) - raft.server.log.appender.buffer.byte-limit = 33554432 (custom)
2019-09-12 10:53:36,216 [pool-157-thread-1] INFO  server.RaftServerConfigKeys (ConfUtils.java:logGet(43)) - raft.server.log.segment.size.max = 1048576 (custom)
2019-09-12 10:53:36,216 [pool-157-thread-1] INFO  server.RaftServerConfigKeys (ConfUtils.java:logGet(43)) - raft.server.log.segment.cache.num.max = 2 (custom)
2019-09-12 10:53:36,216 [pool-157-thread-1] INFO  segmented.SegmentedRaftLogWorker (SegmentedRaftLogWorker.java:<init>(172)) - new 9c89c98f-dc1b-41da-bccf-9aab26cf5a48-SegmentedRaftLogWorker:Storage Directory /workdir/hadoop-ozone/integration-test/target/test-dir/MiniOzoneClusterImpl-0aac579c-f8ad-49ec-a94e-9a436a9c79c1/datanode-0/data/ratis/3dde1139-adb4-4ead-8582-634fe7f1dcf5 for RaftStorage:Storage Directory /workdir/hadoop-ozone/integration-test/target/test-dir/MiniOzoneClusterImpl-0aac579c-f8ad-49ec-a94e-9a436a9c79c1/datanode-0/data/ratis/3dde1139-adb4-4ead-8582-634fe7f1dcf5
2019-09-12 10:53:36,217 [pool-157-thread-1] INFO  server.RaftServerConfigKeys (ConfUtils.java:logGet(43)) - raft.server.log.queue.byte-limit = 2147483647 (custom)
2019-09-12 10:53:36,217 [pool-157-thread-1] INFO  server.RaftServerConfigKeys (ConfUtils.java:logGet(43)) - raft.server.log.queue.element-limit = 1024 (custom)
2019-09-12 10:53:36,217 [pool-157-thread-1] INFO  server.RaftServerConfigKeys (ConfUtils.java:logGet(43)) - raft.server.log.segment.size.max = 1048576 (custom)
2019-09-12 10:53:36,217 [pool-157-thread-1] INFO  server.RaftServerConfigKeys (ConfUtils.java:logGet(43)) - raft.server.log.preallocated.size = 16384 (custom)
2019-09-12 10:53:36,217 [pool-157-thread-1] INFO  server.RaftServerConfigKeys (ConfUtils.java:logGet(43)) - raft.server.log.write.buffer.size = 33554432 (custom)
2019-09-12 10:53:36,217 [pool-157-thread-1] INFO  server.RaftServerConfigKeys (ConfUtils.java:logGet(43)) - raft.server.log.force.sync.num = 128 (default)
2019-09-12 10:53:36,217 [pool-157-thread-1] INFO  server.RaftServerConfigKeys (ConfUtils.java:logGet(43)) - raft.server.log.statemachine.data.sync = true (default)
2019-09-12 10:53:36,217 [pool-157-thread-1] INFO  server.RaftServerConfigKeys (ConfUtils.java:logGet(43)) - raft.server.log.statemachine.data.sync.timeout = 10s (default)
2019-09-12 10:53:36,218 [pool-157-thread-1] INFO  server.RaftServerConfigKeys (ConfUtils.java:logGet(43)) - raft.server.log.statemachine.data.sync.timeout.retry = -1 (default)
2019-09-12 10:53:36,218 [pool-157-thread-1] INFO  server.RaftServerConfigKeys (ConfUtils.java:logGet(43)) - raft.server.log.statemachine.data.caching.enabled = true (custom)
2019-09-12 10:53:36,218 [pool-157-thread-1] INFO  segmented.SegmentedRaftLogWorker (SegmentedRaftLogWorker.java:lambda$new$0(132)) - 9c89c98f-dc1b-41da-bccf-9aab26cf5a48-SegmentedRaftLogWorker:Storage Directory /workdir/hadoop-ozone/integration-test/target/test-dir/MiniOzoneClusterImpl-0aac579c-f8ad-49ec-a94e-9a436a9c79c1/datanode-0/data/ratis/3dde1139-adb4-4ead-8582-634fe7f1dcf5: flushIndex: setUnconditionally 0 -> -1
2019-09-12 10:53:36,219 [pool-157-thread-1] INFO  server.RaftServerConfigKeys (ConfUtils.java:logGet(43)) - raft.server.snapshot.auto.trigger.enabled = true (custom)
2019-09-12 10:53:36,219 [pool-157-thread-1] INFO  server.RaftServerConfigKeys (ConfUtils.java:logGet(43)) - raft.server.snapshot.auto.trigger.threshold = 10000 (custom)
2019-09-12 10:53:36,219 [pool-157-thread-1] INFO  server.RaftServerConfigKeys (ConfUtils.java:logGet(43)) - raft.server.retrycache.expirytime = 600000ms (custom)
2019-09-12 10:53:36,219 [pool-157-thread-1] INFO  impl.RaftServerImpl (RaftServerImpl.java:start(180)) - 9c89c98f-dc1b-41da-bccf-9aab26cf5a48: start group-634FE7F1DCF5
2019-09-12 10:53:36,219 [pool-157-thread-1] INFO  impl.RaftServerImpl (RaftServerImpl.java:setRole(171)) - 9c89c98f-dc1b-41da-bccf-9aab26cf5a48:group-634FE7F1DCF5 changes role from null to FOLLOWER at term 0 for startAsFollower
2019-09-12 10:53:36,219 [pool-157-thread-1] INFO  impl.RoleInfo (RoleInfo.java:updateAndGet(143)) - 9c89c98f-dc1b-41da-bccf-9aab26cf5a48: start FollowerState
2019-09-12 10:53:36,220 [pool-157-thread-1] INFO  util.JmxRegister (JmxRegister.java:tryRegister(44)) - Successfully registered JMX Bean with object name Ratis:service=RaftServer,group=group-634FE7F1DCF5,id=9c89c98f-dc1b-41da-bccf-9aab26cf5a48
2019-09-12 10:53:36,223 [RatisPipelineUtilsThread] INFO  pipeline.PipelineStateManager (PipelineStateManager.java:addPipeline(56)) - Created pipeline Pipeline[ Id: 3dde1139-adb4-4ead-8582-634fe7f1dcf5, Nodes: 9c89c98f-dc1b-41da-bccf-9aab26cf5a48{ip: 192.168.157.195, host: pr-hdds-1569-xtfnx-3545843844, networkLocation: /default-rack, certSerialId: null}, Type:RATIS, Factor:ONE, State:OPEN]
2019-09-12 10:53:36,223 [RatisPipelineUtilsThread] ERROR pipeline.PipelinePlacementPolicy (PipelinePlacementPolicy.java:meetCriteria(91)) - Pipeline Placement: Doesn't meet the criteria to be viable node. Heaviness: 6
2019-09-12 10:53:36,228 [grpc-default-executor-0] INFO  impl.RaftServerProxy (RaftServerProxy.java:addNew(89)) - b36b3368-613a-431f-908a-5edf1c2542ba: addNew group-2571A0FD5541:[b36b3368-613a-431f-908a-5edf1c2542ba:192.168.157.195:36930] returns group-2571A0FD5541:java.util.concurrent.CompletableFuture@47e8af7d[Not completed]
2019-09-12 10:53:36,230 [pool-168-thread-1] INFO  impl.RaftServerImpl (RaftServerImpl.java:<init>(93)) - b36b3368-613a-431f-908a-5edf1c2542ba: new RaftServerImpl for group-2571A0FD5541:[b36b3368-613a-431f-908a-5edf1c2542ba:192.168.157.195:36930] with ContainerStateMachine:uninitialized
2019-09-12 10:53:36,230 [pool-168-thread-1] INFO  server.RaftServerConfigKeys (ConfUtils.java:logGet(43)) - raft.server.rpc.timeout.min = 1s (custom)
2019-09-12 10:53:36,230 [pool-168-thread-1] INFO  server.RaftServerConfigKeys (ConfUtils.java:logGet(43)) - raft.server.rpc.timeout.max = 1200ms (custom)
2019-09-12 10:53:36,230 [pool-168-thread-1] INFO  server.RaftServerConfigKeys (ConfUtils.java:logGet(43)) - raft.server.rpcslowness.timeout = 120s (custom)
2019-09-12 10:53:36,230 [pool-168-thread-1] INFO  server.RaftServerConfigKeys (ConfUtils.java:logGet(43)) - raft.server.sleep.deviation.threshold = 300 (default)
2019-09-12 10:53:36,231 [pool-168-thread-1] INFO  server.RaftServerConfigKeys (ConfUtils.java:logGet(43)) - raft.server.log.appender.install.snapshot.enabled = false (custom)
2019-09-12 10:53:36,231 [pool-168-thread-1] INFO  impl.RaftServerImpl (ServerState.java:<init>(105)) - b36b3368-613a-431f-908a-5edf1c2542ba:group-2571A0FD5541 ConfigurationManager, init=-1: [b36b3368-613a-431f-908a-5edf1c2542ba:192.168.157.195:36930], old=null, confs=<EMPTY_MAP>
2019-09-12 10:53:36,231 [pool-168-thread-1] INFO  server.RaftServerConfigKeys (ConfUtils.java:logGet(43)) - raft.server.storage.dir = [/workdir/hadoop-ozone/integration-test/target/test-dir/MiniOzoneClusterImpl-0aac579c-f8ad-49ec-a94e-9a436a9c79c1/datanode-1/data/ratis] (custom)
2019-09-12 10:53:36,231 [pool-168-thread-1] INFO  storage.RaftStorageDirectory (RaftStorageDirectory.java:analyzeStorage(246)) - The storage directory /workdir/hadoop-ozone/integration-test/target/test-dir/MiniOzoneClusterImpl-0aac579c-f8ad-49ec-a94e-9a436a9c79c1/datanode-1/data/ratis/5a1bbf62-639b-4068-9bf5-2571a0fd5541 does not exist. Creating ...
2019-09-12 10:53:36,253 [pool-168-thread-1] INFO  storage.RaftStorageDirectory (RaftStorageDirectory.java:tryLock(328)) - Lock on /workdir/hadoop-ozone/integration-test/target/test-dir/MiniOzoneClusterImpl-0aac579c-f8ad-49ec-a94e-9a436a9c79c1/datanode-1/data/ratis/5a1bbf62-639b-4068-9bf5-2571a0fd5541/in_use.lock acquired by nodename 620@pr-hdds-1569-xtfnx-3545843844
2019-09-12 10:53:36,266 [pool-168-thread-1] INFO  storage.RaftStorage (RaftStorage.java:format(72)) - Storage directory /workdir/hadoop-ozone/integration-test/target/test-dir/MiniOzoneClusterImpl-0aac579c-f8ad-49ec-a94e-9a436a9c79c1/datanode-1/data/ratis/5a1bbf62-639b-4068-9bf5-2571a0fd5541 has been successfully formatted.
2019-09-12 10:53:36,266 [pool-168-thread-1] INFO  ratis.ContainerStateMachine (ContainerStateMachine.java:loadSnapshot(226)) - group-2571A0FD5541: The snapshot info is null. Setting the last applied indexto:(t:0, i:~)
2019-09-12 10:53:36,266 [pool-168-thread-1] INFO  server.RaftServerConfigKeys (ConfUtils.java:logGet(43)) - raft.server.leader.election.timeout = 120s (custom)
2019-09-12 10:53:36,266 [pool-168-thread-1] INFO  server.RaftServerConfigKeys (ConfUtils.java:logGet(43)) - raft.server.log.use.memory = false (default)
2019-09-12 10:53:36,267 [pool-168-thread-1] INFO  server.RaftServerConfigKeys (ConfUtils.java:logGet(43)) - raft.server.log.purge.gap = 1000000 (custom)
2019-09-12 10:53:36,267 [pool-168-thread-1] INFO  server.RaftServerConfigKeys (ConfUtils.java:logGet(43)) - raft.server.log.appender.buffer.byte-limit = 33554432 (custom)
2019-09-12 10:53:36,267 [pool-168-thread-1] INFO  server.RaftServerConfigKeys (ConfUtils.java:logGet(43)) - raft.server.log.segment.size.max = 1048576 (custom)
2019-09-12 10:53:36,267 [pool-168-thread-1] INFO  server.RaftServerConfigKeys (ConfUtils.java:logGet(43)) - raft.server.log.segment.cache.num.max = 2 (custom)
2019-09-12 10:53:36,267 [pool-168-thread-1] INFO  segmented.SegmentedRaftLogWorker (SegmentedRaftLogWorker.java:<init>(172)) - new b36b3368-613a-431f-908a-5edf1c2542ba-SegmentedRaftLogWorker:Storage Directory /workdir/hadoop-ozone/integration-test/target/test-dir/MiniOzoneClusterImpl-0aac579c-f8ad-49ec-a94e-9a436a9c79c1/datanode-1/data/ratis/5a1bbf62-639b-4068-9bf5-2571a0fd5541 for RaftStorage:Storage Directory /workdir/hadoop-ozone/integration-test/target/test-dir/MiniOzoneClusterImpl-0aac579c-f8ad-49ec-a94e-9a436a9c79c1/datanode-1/data/ratis/5a1bbf62-639b-4068-9bf5-2571a0fd5541
2019-09-12 10:53:36,267 [pool-168-thread-1] INFO  server.RaftServerConfigKeys (ConfUtils.java:logGet(43)) - raft.server.log.queue.byte-limit = 2147483647 (custom)
2019-09-12 10:53:36,268 [pool-168-thread-1] INFO  server.RaftServerConfigKeys (ConfUtils.java:logGet(43)) - raft.server.log.queue.element-limit = 1024 (custom)
2019-09-12 10:53:36,268 [pool-168-thread-1] INFO  server.RaftServerConfigKeys (ConfUtils.java:logGet(43)) - raft.server.log.segment.size.max = 1048576 (custom)
2019-09-12 10:53:36,268 [pool-168-thread-1] INFO  server.RaftServerConfigKeys (ConfUtils.java:logGet(43)) - raft.server.log.preallocated.size = 16384 (custom)
2019-09-12 10:53:36,268 [pool-168-thread-1] INFO  server.RaftServerConfigKeys (ConfUtils.java:logGet(43)) - raft.server.log.write.buffer.size = 33554432 (custom)
2019-09-12 10:53:36,269 [pool-168-thread-1] INFO  server.RaftServerConfigKeys (ConfUtils.java:logGet(43)) - raft.server.log.force.sync.num = 128 (default)
2019-09-12 10:53:36,269 [pool-168-thread-1] INFO  server.RaftServerConfigKeys (ConfUtils.java:logGet(43)) - raft.server.log.statemachine.data.sync = true (default)
2019-09-12 10:53:36,269 [pool-168-thread-1] INFO  server.RaftServerConfigKeys (ConfUtils.java:logGet(43)) - raft.server.log.statemachine.data.sync.timeout = 10s (default)
2019-09-12 10:53:36,269 [pool-168-thread-1] INFO  server.RaftServerConfigKeys (ConfUtils.java:logGet(43)) - raft.server.log.statemachine.data.sync.timeout.retry = -1 (default)
2019-09-12 10:53:36,269 [pool-168-thread-1] INFO  server.RaftServerConfigKeys (ConfUtils.java:logGet(43)) - raft.server.log.statemachine.data.caching.enabled = true (custom)
2019-09-12 10:53:36,270 [pool-168-thread-1] INFO  segmented.SegmentedRaftLogWorker (SegmentedRaftLogWorker.java:lambda$new$0(132)) - b36b3368-613a-431f-908a-5edf1c2542ba-SegmentedRaftLogWorker:Storage Directory /workdir/hadoop-ozone/integration-test/target/test-dir/MiniOzoneClusterImpl-0aac579c-f8ad-49ec-a94e-9a436a9c79c1/datanode-1/data/ratis/5a1bbf62-639b-4068-9bf5-2571a0fd5541: flushIndex: setUnconditionally 0 -> -1
2019-09-12 10:53:36,270 [pool-168-thread-1] INFO  server.RaftServerConfigKeys (ConfUtils.java:logGet(43)) - raft.server.snapshot.auto.trigger.enabled = true (custom)
2019-09-12 10:53:36,270 [pool-168-thread-1] INFO  server.RaftServerConfigKeys (ConfUtils.java:logGet(43)) - raft.server.snapshot.auto.trigger.threshold = 10000 (custom)
2019-09-12 10:53:36,270 [pool-168-thread-1] INFO  server.RaftServerConfigKeys (ConfUtils.java:logGet(43)) - raft.server.retrycache.expirytime = 600000ms (custom)
2019-09-12 10:53:36,271 [pool-168-thread-1] INFO  impl.RaftServerImpl (RaftServerImpl.java:start(180)) - b36b3368-613a-431f-908a-5edf1c2542ba: start group-2571A0FD5541
2019-09-12 10:53:36,271 [pool-168-thread-1] INFO  impl.RaftServerImpl (RaftServerImpl.java:setRole(171)) - b36b3368-613a-431f-908a-5edf1c2542ba:group-2571A0FD5541 changes role from null to FOLLOWER at term 0 for startAsFollower
2019-09-12 10:53:36,271 [pool-168-thread-1] INFO  impl.RoleInfo (RoleInfo.java:updateAndGet(143)) - b36b3368-613a-431f-908a-5edf1c2542ba: start FollowerState
2019-09-12 10:53:36,271 [pool-168-thread-1] INFO  util.JmxRegister (JmxRegister.java:tryRegister(44)) - Successfully registered JMX Bean with object name Ratis:service=RaftServer,group=group-2571A0FD5541,id=b36b3368-613a-431f-908a-5edf1c2542ba
2019-09-12 10:53:36,274 [RatisPipelineUtilsThread] INFO  pipeline.PipelineStateManager (PipelineStateManager.java:addPipeline(56)) - Created pipeline Pipeline[ Id: 5a1bbf62-639b-4068-9bf5-2571a0fd5541, Nodes: b36b3368-613a-431f-908a-5edf1c2542ba{ip: 192.168.157.195, host: pr-hdds-1569-xtfnx-3545843844, networkLocation: /default-rack, certSerialId: null}, Type:RATIS, Factor:ONE, State:OPEN]
2019-09-12 10:53:36,274 [RatisPipelineUtilsThread] ERROR pipeline.PipelinePlacementPolicy (PipelinePlacementPolicy.java:meetCriteria(91)) - Pipeline Placement: Doesn't meet the criteria to be viable node. Heaviness: 6
2019-09-12 10:53:36,280 [grpc-default-executor-0] INFO  impl.RaftServerProxy (RaftServerProxy.java:addNew(89)) - b36b3368-613a-431f-908a-5edf1c2542ba: addNew group-53DF5CF68B2B:[b36b3368-613a-431f-908a-5edf1c2542ba:192.168.157.195:36930] returns group-53DF5CF68B2B:java.util.concurrent.CompletableFuture@68affa8e[Not completed]
2019-09-12 10:53:36,281 [pool-168-thread-1] INFO  impl.RaftServerImpl (RaftServerImpl.java:<init>(93)) - b36b3368-613a-431f-908a-5edf1c2542ba: new RaftServerImpl for group-53DF5CF68B2B:[b36b3368-613a-431f-908a-5edf1c2542ba:192.168.157.195:36930] with ContainerStateMachine:uninitialized
2019-09-12 10:53:36,281 [pool-168-thread-1] INFO  server.RaftServerConfigKeys (ConfUtils.java:logGet(43)) - raft.server.rpc.timeout.min = 1s (custom)
2019-09-12 10:53:36,281 [pool-168-thread-1] INFO  server.RaftServerConfigKeys (ConfUtils.java:logGet(43)) - raft.server.rpc.timeout.max = 1200ms (custom)
2019-09-12 10:53:36,281 [pool-168-thread-1] INFO  server.RaftServerConfigKeys (ConfUtils.java:logGet(43)) - raft.server.rpcslowness.timeout = 120s (custom)
2019-09-12 10:53:36,281 [pool-168-thread-1] INFO  server.RaftServerConfigKeys (ConfUtils.java:logGet(43)) - raft.server.sleep.deviation.threshold = 300 (default)
2019-09-12 10:53:36,281 [pool-168-thread-1] INFO  server.RaftServerConfigKeys (ConfUtils.java:logGet(43)) - raft.server.log.appender.install.snapshot.enabled = false (custom)
2019-09-12 10:53:36,282 [pool-168-thread-1] INFO  impl.RaftServerImpl (ServerState.java:<init>(105)) - b36b3368-613a-431f-908a-5edf1c2542ba:group-53DF5CF68B2B ConfigurationManager, init=-1: [b36b3368-613a-431f-908a-5edf1c2542ba:192.168.157.195:36930], old=null, confs=<EMPTY_MAP>
2019-09-12 10:53:36,282 [pool-168-thread-1] INFO  server.RaftServerConfigKeys (ConfUtils.java:logGet(43)) - raft.server.storage.dir = [/workdir/hadoop-ozone/integration-test/target/test-dir/MiniOzoneClusterImpl-0aac579c-f8ad-49ec-a94e-9a436a9c79c1/datanode-1/data/ratis] (custom)
2019-09-12 10:53:36,282 [pool-168-thread-1] INFO  storage.RaftStorageDirectory (RaftStorageDirectory.java:analyzeStorage(246)) - The storage directory /workdir/hadoop-ozone/integration-test/target/test-dir/MiniOzoneClusterImpl-0aac579c-f8ad-49ec-a94e-9a436a9c79c1/datanode-1/data/ratis/b9c51f82-deab-4ef4-9ec3-53df5cf68b2b does not exist. Creating ...
2019-09-12 10:53:36,295 [pool-168-thread-1] INFO  storage.RaftStorageDirectory (RaftStorageDirectory.java:tryLock(328)) - Lock on /workdir/hadoop-ozone/integration-test/target/test-dir/MiniOzoneClusterImpl-0aac579c-f8ad-49ec-a94e-9a436a9c79c1/datanode-1/data/ratis/b9c51f82-deab-4ef4-9ec3-53df5cf68b2b/in_use.lock acquired by nodename 620@pr-hdds-1569-xtfnx-3545843844
2019-09-12 10:53:36,300 [main] INFO  ozone.MiniOzoneClusterImpl (MiniOzoneClusterImpl.java:lambda$waitForClusterToBeReady$0(142)) - Waiting for cluster to be ready. Got 2 of 6 DN Heartbeats.
2019-09-12 10:53:36,308 [pool-168-thread-1] INFO  storage.RaftStorage (RaftStorage.java:format(72)) - Storage directory /workdir/hadoop-ozone/integration-test/target/test-dir/MiniOzoneClusterImpl-0aac579c-f8ad-49ec-a94e-9a436a9c79c1/datanode-1/data/ratis/b9c51f82-deab-4ef4-9ec3-53df5cf68b2b has been successfully formatted.
2019-09-12 10:53:36,308 [pool-168-thread-1] INFO  ratis.ContainerStateMachine (ContainerStateMachine.java:loadSnapshot(226)) - group-53DF5CF68B2B: The snapshot info is null. Setting the last applied indexto:(t:0, i:~)
2019-09-12 10:53:36,308 [pool-168-thread-1] INFO  server.RaftServerConfigKeys (ConfUtils.java:logGet(43)) - raft.server.leader.election.timeout = 120s (custom)
2019-09-12 10:53:36,309 [pool-168-thread-1] INFO  server.RaftServerConfigKeys (ConfUtils.java:logGet(43)) - raft.server.log.use.memory = false (default)
2019-09-12 10:53:36,309 [pool-168-thread-1] INFO  server.RaftServerConfigKeys (ConfUtils.java:logGet(43)) - raft.server.log.purge.gap = 1000000 (custom)
2019-09-12 10:53:36,309 [pool-168-thread-1] INFO  server.RaftServerConfigKeys (ConfUtils.java:logGet(43)) - raft.server.log.appender.buffer.byte-limit = 33554432 (custom)
2019-09-12 10:53:36,309 [pool-168-thread-1] INFO  server.RaftServerConfigKeys (ConfUtils.java:logGet(43)) - raft.server.log.segment.size.max = 1048576 (custom)
2019-09-12 10:53:36,309 [pool-168-thread-1] INFO  server.RaftServerConfigKeys (ConfUtils.java:logGet(43)) - raft.server.log.segment.cache.num.max = 2 (custom)
2019-09-12 10:53:36,309 [pool-168-thread-1] INFO  segmented.SegmentedRaftLogWorker (SegmentedRaftLogWorker.java:<init>(172)) - new b36b3368-613a-431f-908a-5edf1c2542ba-SegmentedRaftLogWorker:Storage Directory /workdir/hadoop-ozone/integration-test/target/test-dir/MiniOzoneClusterImpl-0aac579c-f8ad-49ec-a94e-9a436a9c79c1/datanode-1/data/ratis/b9c51f82-deab-4ef4-9ec3-53df5cf68b2b for RaftStorage:Storage Directory /workdir/hadoop-ozone/integration-test/target/test-dir/MiniOzoneClusterImpl-0aac579c-f8ad-49ec-a94e-9a436a9c79c1/datanode-1/data/ratis/b9c51f82-deab-4ef4-9ec3-53df5cf68b2b
2019-09-12 10:53:36,309 [pool-168-thread-1] INFO  server.RaftServerConfigKeys (ConfUtils.java:logGet(43)) - raft.server.log.queue.byte-limit = 2147483647 (custom)
2019-09-12 10:53:36,310 [pool-168-thread-1] INFO  server.RaftServerConfigKeys (ConfUtils.java:logGet(43)) - raft.server.log.queue.element-limit = 1024 (custom)
2019-09-12 10:53:36,310 [pool-168-thread-1] INFO  server.RaftServerConfigKeys (ConfUtils.java:logGet(43)) - raft.server.log.segment.size.max = 1048576 (custom)
2019-09-12 10:53:36,310 [pool-168-thread-1] INFO  server.RaftServerConfigKeys (ConfUtils.java:logGet(43)) - raft.server.log.preallocated.size = 16384 (custom)
2019-09-12 10:53:36,310 [pool-168-thread-1] INFO  server.RaftServerConfigKeys (ConfUtils.java:logGet(43)) - raft.server.log.write.buffer.size = 33554432 (custom)
2019-09-12 10:53:36,310 [pool-168-thread-1] INFO  server.RaftServerConfigKeys (ConfUtils.java:logGet(43)) - raft.server.log.force.sync.num = 128 (default)
2019-09-12 10:53:36,310 [pool-168-thread-1] INFO  server.RaftServerConfigKeys (ConfUtils.java:logGet(43)) - raft.server.log.statemachine.data.sync = true (default)
2019-09-12 10:53:36,310 [pool-168-thread-1] INFO  server.RaftServerConfigKeys (ConfUtils.java:logGet(43)) - raft.server.log.statemachine.data.sync.timeout = 10s (default)
2019-09-12 10:53:36,311 [pool-168-thread-1] INFO  server.RaftServerConfigKeys (ConfUtils.java:logGet(43)) - raft.server.log.statemachine.data.sync.timeout.retry = -1 (default)
2019-09-12 10:53:36,311 [pool-168-thread-1] INFO  server.RaftServerConfigKeys (ConfUtils.java:logGet(43)) - raft.server.log.statemachine.data.caching.enabled = true (custom)
2019-09-12 10:53:36,311 [pool-168-thread-1] INFO  segmented.SegmentedRaftLogWorker (SegmentedRaftLogWorker.java:lambda$new$0(132)) - b36b3368-613a-431f-908a-5edf1c2542ba-SegmentedRaftLogWorker:Storage Directory /workdir/hadoop-ozone/integration-test/target/test-dir/MiniOzoneClusterImpl-0aac579c-f8ad-49ec-a94e-9a436a9c79c1/datanode-1/data/ratis/b9c51f82-deab-4ef4-9ec3-53df5cf68b2b: flushIndex: setUnconditionally 0 -> -1
2019-09-12 10:53:36,311 [pool-168-thread-1] INFO  server.RaftServerConfigKeys (ConfUtils.java:logGet(43)) - raft.server.snapshot.auto.trigger.enabled = true (custom)
2019-09-12 10:53:36,311 [pool-168-thread-1] INFO  server.RaftServerConfigKeys (ConfUtils.java:logGet(43)) - raft.server.snapshot.auto.trigger.threshold = 10000 (custom)
2019-09-12 10:53:36,312 [pool-168-thread-1] INFO  server.RaftServerConfigKeys (ConfUtils.java:logGet(43)) - raft.server.retrycache.expirytime = 600000ms (custom)
2019-09-12 10:53:36,312 [pool-168-thread-1] INFO  impl.RaftServerImpl (RaftServerImpl.java:start(180)) - b36b3368-613a-431f-908a-5edf1c2542ba: start group-53DF5CF68B2B
2019-09-12 10:53:36,312 [pool-168-thread-1] INFO  impl.RaftServerImpl (RaftServerImpl.java:setRole(171)) - b36b3368-613a-431f-908a-5edf1c2542ba:group-53DF5CF68B2B changes role from null to FOLLOWER at term 0 for startAsFollower
2019-09-12 10:53:36,312 [pool-168-thread-1] INFO  impl.RoleInfo (RoleInfo.java:updateAndGet(143)) - b36b3368-613a-431f-908a-5edf1c2542ba: start FollowerState
2019-09-12 10:53:36,313 [pool-168-thread-1] INFO  util.JmxRegister (JmxRegister.java:tryRegister(44)) - Successfully registered JMX Bean with object name Ratis:service=RaftServer,group=group-53DF5CF68B2B,id=b36b3368-613a-431f-908a-5edf1c2542ba
2019-09-12 10:53:36,315 [RatisPipelineUtilsThread] INFO  pipeline.PipelineStateManager (PipelineStateManager.java:addPipeline(56)) - Created pipeline Pipeline[ Id: b9c51f82-deab-4ef4-9ec3-53df5cf68b2b, Nodes: b36b3368-613a-431f-908a-5edf1c2542ba{ip: 192.168.157.195, host: pr-hdds-1569-xtfnx-3545843844, networkLocation: /default-rack, certSerialId: null}, Type:RATIS, Factor:ONE, State:OPEN]
2019-09-12 10:53:36,316 [IPC Server handler 2 on 42874] INFO  net.NetworkTopology (NetworkTopologyImpl.java:add(110)) - Added a new node: /default-rack/4e79f251-f4f2-46d8-98e5-a0ed6d578d1f
2019-09-12 10:53:36,316 [RatisPipelineUtilsThread] ERROR pipeline.PipelinePlacementPolicy (PipelinePlacementPolicy.java:meetCriteria(91)) - Pipeline Placement: Doesn't meet the criteria to be viable node. Heaviness: 6
2019-09-12 10:53:36,316 [IPC Server handler 2 on 42874] INFO  node.SCMNodeManager (SCMNodeManager.java:register(273)) - Registered Data node : 4e79f251-f4f2-46d8-98e5-a0ed6d578d1f{ip: 192.168.157.195, host: pr-hdds-1569-xtfnx-3545843844, networkLocation: /default-rack, certSerialId: null}
2019-09-12 10:53:36,316 | INFO  | SCMAudit | user=jenkins1000 | ip=192.168.157.195 | op=REGISTER {datanodeDetails=4e79f251-f4f2-46d8-98e5-a0ed6d578d1f{ip: 192.168.157.195, host: pr-hdds-1569-xtfnx-3545843844, networkLocation: /default-rack, certSerialId: null}} | ret=SUCCESS |  
2019-09-12 10:53:36,321 [grpc-default-executor-0] INFO  impl.RaftServerProxy (RaftServerProxy.java:addNew(89)) - b36b3368-613a-431f-908a-5edf1c2542ba: addNew group-D4AC861BC4FC:[b36b3368-613a-431f-908a-5edf1c2542ba:192.168.157.195:36930] returns group-D4AC861BC4FC:java.util.concurrent.CompletableFuture@62231de9[Not completed]
2019-09-12 10:53:36,322 [pool-168-thread-1] INFO  impl.RaftServerImpl (RaftServerImpl.java:<init>(93)) - b36b3368-613a-431f-908a-5edf1c2542ba: new RaftServerImpl for group-D4AC861BC4FC:[b36b3368-613a-431f-908a-5edf1c2542ba:192.168.157.195:36930] with ContainerStateMachine:uninitialized
2019-09-12 10:53:36,322 [pool-168-thread-1] INFO  server.RaftServerConfigKeys (ConfUtils.java:logGet(43)) - raft.server.rpc.timeout.min = 1s (custom)
2019-09-12 10:53:36,323 [pool-168-thread-1] INFO  server.RaftServerConfigKeys (ConfUtils.java:logGet(43)) - raft.server.rpc.timeout.max = 1200ms (custom)
2019-09-12 10:53:36,323 [pool-168-thread-1] INFO  server.RaftServerConfigKeys (ConfUtils.java:logGet(43)) - raft.server.rpcslowness.timeout = 120s (custom)
2019-09-12 10:53:36,323 [pool-168-thread-1] INFO  server.RaftServerConfigKeys (ConfUtils.java:logGet(43)) - raft.server.sleep.deviation.threshold = 300 (default)
2019-09-12 10:53:36,323 [pool-168-thread-1] INFO  server.RaftServerConfigKeys (ConfUtils.java:logGet(43)) - raft.server.log.appender.install.snapshot.enabled = false (custom)
2019-09-12 10:53:36,323 [pool-168-thread-1] INFO  impl.RaftServerImpl (ServerState.java:<init>(105)) - b36b3368-613a-431f-908a-5edf1c2542ba:group-D4AC861BC4FC ConfigurationManager, init=-1: [b36b3368-613a-431f-908a-5edf1c2542ba:192.168.157.195:36930], old=null, confs=<EMPTY_MAP>
2019-09-12 10:53:36,323 [pool-168-thread-1] INFO  server.RaftServerConfigKeys (ConfUtils.java:logGet(43)) - raft.server.storage.dir = [/workdir/hadoop-ozone/integration-test/target/test-dir/MiniOzoneClusterImpl-0aac579c-f8ad-49ec-a94e-9a436a9c79c1/datanode-1/data/ratis] (custom)
2019-09-12 10:53:36,324 [pool-168-thread-1] INFO  storage.RaftStorageDirectory (RaftStorageDirectory.java:analyzeStorage(246)) - The storage directory /workdir/hadoop-ozone/integration-test/target/test-dir/MiniOzoneClusterImpl-0aac579c-f8ad-49ec-a94e-9a436a9c79c1/datanode-1/data/ratis/082cd918-7f1f-47bb-9de1-d4ac861bc4fc does not exist. Creating ...
2019-09-12 10:53:36,336 [pool-168-thread-1] INFO  storage.RaftStorageDirectory (RaftStorageDirectory.java:tryLock(328)) - Lock on /workdir/hadoop-ozone/integration-test/target/test-dir/MiniOzoneClusterImpl-0aac579c-f8ad-49ec-a94e-9a436a9c79c1/datanode-1/data/ratis/082cd918-7f1f-47bb-9de1-d4ac861bc4fc/in_use.lock acquired by nodename 620@pr-hdds-1569-xtfnx-3545843844
2019-09-12 10:53:36,349 [pool-168-thread-1] INFO  storage.RaftStorage (RaftStorage.java:format(72)) - Storage directory /workdir/hadoop-ozone/integration-test/target/test-dir/MiniOzoneClusterImpl-0aac579c-f8ad-49ec-a94e-9a436a9c79c1/datanode-1/data/ratis/082cd918-7f1f-47bb-9de1-d4ac861bc4fc has been successfully formatted.
2019-09-12 10:53:36,350 [pool-168-thread-1] INFO  ratis.ContainerStateMachine (ContainerStateMachine.java:loadSnapshot(226)) - group-D4AC861BC4FC: The snapshot info is null. Setting the last applied indexto:(t:0, i:~)
2019-09-12 10:53:36,350 [pool-168-thread-1] INFO  server.RaftServerConfigKeys (ConfUtils.java:logGet(43)) - raft.server.leader.election.timeout = 120s (custom)
2019-09-12 10:53:36,350 [pool-168-thread-1] INFO  server.RaftServerConfigKeys (ConfUtils.java:logGet(43)) - raft.server.log.use.memory = false (default)
2019-09-12 10:53:36,350 [pool-168-thread-1] INFO  server.RaftServerConfigKeys (ConfUtils.java:logGet(43)) - raft.server.log.purge.gap = 1000000 (custom)
2019-09-12 10:53:36,350 [pool-168-thread-1] INFO  server.RaftServerConfigKeys (ConfUtils.java:logGet(43)) - raft.server.log.appender.buffer.byte-limit = 33554432 (custom)
2019-09-12 10:53:36,351 [pool-168-thread-1] INFO  server.RaftServerConfigKeys (ConfUtils.java:logGet(43)) - raft.server.log.segment.size.max = 1048576 (custom)
2019-09-12 10:53:36,351 [pool-168-thread-1] INFO  server.RaftServerConfigKeys (ConfUtils.java:logGet(43)) - raft.server.log.segment.cache.num.max = 2 (custom)
2019-09-12 10:53:36,351 [pool-168-thread-1] INFO  segmented.SegmentedRaftLogWorker (SegmentedRaftLogWorker.java:<init>(172)) - new b36b3368-613a-431f-908a-5edf1c2542ba-SegmentedRaftLogWorker:Storage Directory /workdir/hadoop-ozone/integration-test/target/test-dir/MiniOzoneClusterImpl-0aac579c-f8ad-49ec-a94e-9a436a9c79c1/datanode-1/data/ratis/082cd918-7f1f-47bb-9de1-d4ac861bc4fc for RaftStorage:Storage Directory /workdir/hadoop-ozone/integration-test/target/test-dir/MiniOzoneClusterImpl-0aac579c-f8ad-49ec-a94e-9a436a9c79c1/datanode-1/data/ratis/082cd918-7f1f-47bb-9de1-d4ac861bc4fc
2019-09-12 10:53:36,351 [pool-168-thread-1] INFO  server.RaftServerConfigKeys (ConfUtils.java:logGet(43)) - raft.server.log.queue.byte-limit = 2147483647 (custom)
2019-09-12 10:53:36,351 [pool-168-thread-1] INFO  server.RaftServerConfigKeys (ConfUtils.java:logGet(43)) - raft.server.log.queue.element-limit = 1024 (custom)
2019-09-12 10:53:36,351 [pool-168-thread-1] INFO  server.RaftServerConfigKeys (ConfUtils.java:logGet(43)) - raft.server.log.segment.size.max = 1048576 (custom)
2019-09-12 10:53:36,351 [pool-168-thread-1] INFO  server.RaftServerConfigKeys (ConfUtils.java:logGet(43)) - raft.server.log.preallocated.size = 16384 (custom)
2019-09-12 10:53:36,351 [pool-168-thread-1] INFO  server.RaftServerConfigKeys (ConfUtils.java:logGet(43)) - raft.server.log.write.buffer.size = 33554432 (custom)
2019-09-12 10:53:36,352 [pool-168-thread-1] INFO  server.RaftServerConfigKeys (ConfUtils.java:logGet(43)) - raft.server.log.force.sync.num = 128 (default)
2019-09-12 10:53:36,352 [pool-168-thread-1] INFO  server.RaftServerConfigKeys (ConfUtils.java:logGet(43)) - raft.server.log.statemachine.data.sync = true (default)
2019-09-12 10:53:36,352 [pool-168-thread-1] INFO  server.RaftServerConfigKeys (ConfUtils.java:logGet(43)) - raft.server.log.statemachine.data.sync.timeout = 10s (default)
2019-09-12 10:53:36,352 [pool-168-thread-1] INFO  server.RaftServerConfigKeys (ConfUtils.java:logGet(43)) - raft.server.log.statemachine.data.sync.timeout.retry = -1 (default)
2019-09-12 10:53:36,352 [pool-168-thread-1] INFO  server.RaftServerConfigKeys (ConfUtils.java:logGet(43)) - raft.server.log.statemachine.data.caching.enabled = true (custom)
2019-09-12 10:53:36,352 [pool-168-thread-1] INFO  segmented.SegmentedRaftLogWorker (SegmentedRaftLogWorker.java:lambda$new$0(132)) - b36b3368-613a-431f-908a-5edf1c2542ba-SegmentedRaftLogWorker:Storage Directory /workdir/hadoop-ozone/integration-test/target/test-dir/MiniOzoneClusterImpl-0aac579c-f8ad-49ec-a94e-9a436a9c79c1/datanode-1/data/ratis/082cd918-7f1f-47bb-9de1-d4ac861bc4fc: flushIndex: setUnconditionally 0 -> -1
2019-09-12 10:53:36,353 [pool-168-thread-1] INFO  server.RaftServerConfigKeys (ConfUtils.java:logGet(43)) - raft.server.snapshot.auto.trigger.enabled = true (custom)
2019-09-12 10:53:36,353 [pool-168-thread-1] INFO  server.RaftServerConfigKeys (ConfUtils.java:logGet(43)) - raft.server.snapshot.auto.trigger.threshold = 10000 (custom)
2019-09-12 10:53:36,353 [pool-168-thread-1] INFO  server.RaftServerConfigKeys (ConfUtils.java:logGet(43)) - raft.server.retrycache.expirytime = 600000ms (custom)
2019-09-12 10:53:36,353 [pool-168-thread-1] INFO  impl.RaftServerImpl (RaftServerImpl.java:start(180)) - b36b3368-613a-431f-908a-5edf1c2542ba: start group-D4AC861BC4FC
2019-09-12 10:53:36,353 [pool-168-thread-1] INFO  impl.RaftServerImpl (RaftServerImpl.java:setRole(171)) - b36b3368-613a-431f-908a-5edf1c2542ba:group-D4AC861BC4FC changes role from null to FOLLOWER at term 0 for startAsFollower
2019-09-12 10:53:36,353 [pool-168-thread-1] INFO  impl.RoleInfo (RoleInfo.java:updateAndGet(143)) - b36b3368-613a-431f-908a-5edf1c2542ba: start FollowerState
2019-09-12 10:53:36,354 [pool-168-thread-1] INFO  util.JmxRegister (JmxRegister.java:tryRegister(44)) - Successfully registered JMX Bean with object name Ratis:service=RaftServer,group=group-D4AC861BC4FC,id=b36b3368-613a-431f-908a-5edf1c2542ba
2019-09-12 10:53:36,356 [RatisPipelineUtilsThread] INFO  pipeline.PipelineStateManager (PipelineStateManager.java:addPipeline(56)) - Created pipeline Pipeline[ Id: 082cd918-7f1f-47bb-9de1-d4ac861bc4fc, Nodes: b36b3368-613a-431f-908a-5edf1c2542ba{ip: 192.168.157.195, host: pr-hdds-1569-xtfnx-3545843844, networkLocation: /default-rack, certSerialId: null}, Type:RATIS, Factor:ONE, State:OPEN]
2019-09-12 10:53:36,356 [RatisPipelineUtilsThread] ERROR pipeline.PipelinePlacementPolicy (PipelinePlacementPolicy.java:meetCriteria(91)) - Pipeline Placement: Doesn't meet the criteria to be viable node. Heaviness: 6
2019-09-12 10:53:36,361 [grpc-default-executor-0] INFO  impl.RaftServerProxy (RaftServerProxy.java:addNew(89)) - b36b3368-613a-431f-908a-5edf1c2542ba: addNew group-84A99CE28BDE:[b36b3368-613a-431f-908a-5edf1c2542ba:192.168.157.195:36930] returns group-84A99CE28BDE:java.util.concurrent.CompletableFuture@5f998445[Not completed]
2019-09-12 10:53:36,362 [pool-168-thread-1] INFO  impl.RaftServerImpl (RaftServerImpl.java:<init>(93)) - b36b3368-613a-431f-908a-5edf1c2542ba: new RaftServerImpl for group-84A99CE28BDE:[b36b3368-613a-431f-908a-5edf1c2542ba:192.168.157.195:36930] with ContainerStateMachine:uninitialized
2019-09-12 10:53:36,362 [pool-168-thread-1] INFO  server.RaftServerConfigKeys (ConfUtils.java:logGet(43)) - raft.server.rpc.timeout.min = 1s (custom)
2019-09-12 10:53:36,362 [pool-168-thread-1] INFO  server.RaftServerConfigKeys (ConfUtils.java:logGet(43)) - raft.server.rpc.timeout.max = 1200ms (custom)
2019-09-12 10:53:36,363 [pool-168-thread-1] INFO  server.RaftServerConfigKeys (ConfUtils.java:logGet(43)) - raft.server.rpcslowness.timeout = 120s (custom)
2019-09-12 10:53:36,363 [pool-168-thread-1] INFO  server.RaftServerConfigKeys (ConfUtils.java:logGet(43)) - raft.server.sleep.deviation.threshold = 300 (default)
2019-09-12 10:53:36,363 [pool-168-thread-1] INFO  server.RaftServerConfigKeys (ConfUtils.java:logGet(43)) - raft.server.log.appender.install.snapshot.enabled = false (custom)
2019-09-12 10:53:36,363 [pool-168-thread-1] INFO  impl.RaftServerImpl (ServerState.java:<init>(105)) - b36b3368-613a-431f-908a-5edf1c2542ba:group-84A99CE28BDE ConfigurationManager, init=-1: [b36b3368-613a-431f-908a-5edf1c2542ba:192.168.157.195:36930], old=null, confs=<EMPTY_MAP>
2019-09-12 10:53:36,363 [pool-168-thread-1] INFO  server.RaftServerConfigKeys (ConfUtils.java:logGet(43)) - raft.server.storage.dir = [/workdir/hadoop-ozone/integration-test/target/test-dir/MiniOzoneClusterImpl-0aac579c-f8ad-49ec-a94e-9a436a9c79c1/datanode-1/data/ratis] (custom)
2019-09-12 10:53:36,363 [pool-168-thread-1] INFO  storage.RaftStorageDirectory (RaftStorageDirectory.java:analyzeStorage(246)) - The storage directory /workdir/hadoop-ozone/integration-test/target/test-dir/MiniOzoneClusterImpl-0aac579c-f8ad-49ec-a94e-9a436a9c79c1/datanode-1/data/ratis/8d74b592-26d6-4254-96f8-84a99ce28bde does not exist. Creating ...
2019-09-12 10:53:36,376 [pool-168-thread-1] INFO  storage.RaftStorageDirectory (RaftStorageDirectory.java:tryLock(328)) - Lock on /workdir/hadoop-ozone/integration-test/target/test-dir/MiniOzoneClusterImpl-0aac579c-f8ad-49ec-a94e-9a436a9c79c1/datanode-1/data/ratis/8d74b592-26d6-4254-96f8-84a99ce28bde/in_use.lock acquired by nodename 620@pr-hdds-1569-xtfnx-3545843844
2019-09-12 10:53:36,389 [pool-168-thread-1] INFO  storage.RaftStorage (RaftStorage.java:format(72)) - Storage directory /workdir/hadoop-ozone/integration-test/target/test-dir/MiniOzoneClusterImpl-0aac579c-f8ad-49ec-a94e-9a436a9c79c1/datanode-1/data/ratis/8d74b592-26d6-4254-96f8-84a99ce28bde has been successfully formatted.
2019-09-12 10:53:36,389 [pool-168-thread-1] INFO  ratis.ContainerStateMachine (ContainerStateMachine.java:loadSnapshot(226)) - group-84A99CE28BDE: The snapshot info is null. Setting the last applied indexto:(t:0, i:~)
2019-09-12 10:53:36,389 [pool-168-thread-1] INFO  server.RaftServerConfigKeys (ConfUtils.java:logGet(43)) - raft.server.leader.election.timeout = 120s (custom)
2019-09-12 10:53:36,390 [pool-168-thread-1] INFO  server.RaftServerConfigKeys (ConfUtils.java:logGet(43)) - raft.server.log.use.memory = false (default)
2019-09-12 10:53:36,390 [pool-168-thread-1] INFO  server.RaftServerConfigKeys (ConfUtils.java:logGet(43)) - raft.server.log.purge.gap = 1000000 (custom)
2019-09-12 10:53:36,390 [pool-168-thread-1] INFO  server.RaftServerConfigKeys (ConfUtils.java:logGet(43)) - raft.server.log.appender.buffer.byte-limit = 33554432 (custom)
2019-09-12 10:53:36,390 [pool-168-thread-1] INFO  server.RaftServerConfigKeys (ConfUtils.java:logGet(43)) - raft.server.log.segment.size.max = 1048576 (custom)
2019-09-12 10:53:36,390 [pool-168-thread-1] INFO  server.RaftServerConfigKeys (ConfUtils.java:logGet(43)) - raft.server.log.segment.cache.num.max = 2 (custom)
2019-09-12 10:53:36,390 [pool-168-thread-1] INFO  segmented.SegmentedRaftLogWorker (SegmentedRaftLogWorker.java:<init>(172)) - new b36b3368-613a-431f-908a-5edf1c2542ba-SegmentedRaftLogWorker:Storage Directory /workdir/hadoop-ozone/integration-test/target/test-dir/MiniOzoneClusterImpl-0aac579c-f8ad-49ec-a94e-9a436a9c79c1/datanode-1/data/ratis/8d74b592-26d6-4254-96f8-84a99ce28bde for RaftStorage:Storage Directory /workdir/hadoop-ozone/integration-test/target/test-dir/MiniOzoneClusterImpl-0aac579c-f8ad-49ec-a94e-9a436a9c79c1/datanode-1/data/ratis/8d74b592-26d6-4254-96f8-84a99ce28bde
2019-09-12 10:53:36,391 [pool-168-thread-1] INFO  server.RaftServerConfigKeys (ConfUtils.java:logGet(43)) - raft.server.log.queue.byte-limit = 2147483647 (custom)
2019-09-12 10:53:36,391 [pool-168-thread-1] INFO  server.RaftServerConfigKeys (ConfUtils.java:logGet(43)) - raft.server.log.queue.element-limit = 1024 (custom)
2019-09-12 10:53:36,391 [pool-168-thread-1] INFO  server.RaftServerConfigKeys (ConfUtils.java:logGet(43)) - raft.server.log.segment.size.max = 1048576 (custom)
2019-09-12 10:53:36,391 [pool-168-thread-1] INFO  server.RaftServerConfigKeys (ConfUtils.java:logGet(43)) - raft.server.log.preallocated.size = 16384 (custom)
2019-09-12 10:53:36,391 [pool-168-thread-1] INFO  server.RaftServerConfigKeys (ConfUtils.java:logGet(43)) - raft.server.log.write.buffer.size = 33554432 (custom)
2019-09-12 10:53:36,391 [pool-168-thread-1] INFO  server.RaftServerConfigKeys (ConfUtils.java:logGet(43)) - raft.server.log.force.sync.num = 128 (default)
2019-09-12 10:53:36,391 [pool-168-thread-1] INFO  server.RaftServerConfigKeys (ConfUtils.java:logGet(43)) - raft.server.log.statemachine.data.sync = true (default)
2019-09-12 10:53:36,392 [pool-168-thread-1] INFO  server.RaftServerConfigKeys (ConfUtils.java:logGet(43)) - raft.server.log.statemachine.data.sync.timeout = 10s (default)
2019-09-12 10:53:36,392 [pool-168-thread-1] INFO  server.RaftServerConfigKeys (ConfUtils.java:logGet(43)) - raft.server.log.statemachine.data.sync.timeout.retry = -1 (default)
2019-09-12 10:53:36,392 [pool-168-thread-1] INFO  server.RaftServerConfigKeys (ConfUtils.java:logGet(43)) - raft.server.log.statemachine.data.caching.enabled = true (custom)
2019-09-12 10:53:36,392 [pool-168-thread-1] INFO  segmented.SegmentedRaftLogWorker (SegmentedRaftLogWorker.java:lambda$new$0(132)) - b36b3368-613a-431f-908a-5edf1c2542ba-SegmentedRaftLogWorker:Storage Directory /workdir/hadoop-ozone/integration-test/target/test-dir/MiniOzoneClusterImpl-0aac579c-f8ad-49ec-a94e-9a436a9c79c1/datanode-1/data/ratis/8d74b592-26d6-4254-96f8-84a99ce28bde: flushIndex: setUnconditionally 0 -> -1
2019-09-12 10:53:36,393 [pool-168-thread-1] INFO  server.RaftServerConfigKeys (ConfUtils.java:logGet(43)) - raft.server.snapshot.auto.trigger.enabled = true (custom)
2019-09-12 10:53:36,393 [pool-168-thread-1] INFO  server.RaftServerConfigKeys (ConfUtils.java:logGet(43)) - raft.server.snapshot.auto.trigger.threshold = 10000 (custom)
2019-09-12 10:53:36,393 [pool-168-thread-1] INFO  server.RaftServerConfigKeys (ConfUtils.java:logGet(43)) - raft.server.retrycache.expirytime = 600000ms (custom)
2019-09-12 10:53:36,393 [pool-168-thread-1] INFO  impl.RaftServerImpl (RaftServerImpl.java:start(180)) - b36b3368-613a-431f-908a-5edf1c2542ba: start group-84A99CE28BDE
2019-09-12 10:53:36,393 [pool-168-thread-1] INFO  impl.RaftServerImpl (RaftServerImpl.java:setRole(171)) - b36b3368-613a-431f-908a-5edf1c2542ba:group-84A99CE28BDE changes role from null to FOLLOWER at term 0 for startAsFollower
2019-09-12 10:53:36,394 [pool-168-thread-1] INFO  impl.RoleInfo (RoleInfo.java:updateAndGet(143)) - b36b3368-613a-431f-908a-5edf1c2542ba: start FollowerState
2019-09-12 10:53:36,394 [pool-168-thread-1] INFO  util.JmxRegister (JmxRegister.java:tryRegister(44)) - Successfully registered JMX Bean with object name Ratis:service=RaftServer,group=group-84A99CE28BDE,id=b36b3368-613a-431f-908a-5edf1c2542ba
2019-09-12 10:53:36,397 [RatisPipelineUtilsThread] INFO  pipeline.PipelineStateManager (PipelineStateManager.java:addPipeline(56)) - Created pipeline Pipeline[ Id: 8d74b592-26d6-4254-96f8-84a99ce28bde, Nodes: b36b3368-613a-431f-908a-5edf1c2542ba{ip: 192.168.157.195, host: pr-hdds-1569-xtfnx-3545843844, networkLocation: /default-rack, certSerialId: null}, Type:RATIS, Factor:ONE, State:OPEN]
2019-09-12 10:53:36,397 [RatisPipelineUtilsThread] ERROR pipeline.PipelinePlacementPolicy (PipelinePlacementPolicy.java:meetCriteria(91)) - Pipeline Placement: Doesn't meet the criteria to be viable node. Heaviness: 6
2019-09-12 10:53:36,405 [grpc-default-executor-0] INFO  impl.RaftServerProxy (RaftServerProxy.java:addNew(89)) - 4e79f251-f4f2-46d8-98e5-a0ed6d578d1f: addNew group-93BEEDFA61D9:[4e79f251-f4f2-46d8-98e5-a0ed6d578d1f:192.168.157.195:36131] returns group-93BEEDFA61D9:java.util.concurrent.CompletableFuture@30b1eb2f[Not completed]
2019-09-12 10:53:36,406 [pool-179-thread-1] INFO  impl.RaftServerImpl (RaftServerImpl.java:<init>(93)) - 4e79f251-f4f2-46d8-98e5-a0ed6d578d1f: new RaftServerImpl for group-93BEEDFA61D9:[4e79f251-f4f2-46d8-98e5-a0ed6d578d1f:192.168.157.195:36131] with ContainerStateMachine:uninitialized
2019-09-12 10:53:36,406 [pool-179-thread-1] INFO  server.RaftServerConfigKeys (ConfUtils.java:logGet(43)) - raft.server.rpc.timeout.min = 1s (custom)
2019-09-12 10:53:36,406 [pool-179-thread-1] INFO  server.RaftServerConfigKeys (ConfUtils.java:logGet(43)) - raft.server.rpc.timeout.max = 1200ms (custom)
2019-09-12 10:53:36,407 [pool-179-thread-1] INFO  server.RaftServerConfigKeys (ConfUtils.java:logGet(43)) - raft.server.rpcslowness.timeout = 120s (custom)
2019-09-12 10:53:36,407 [pool-179-thread-1] INFO  server.RaftServerConfigKeys (ConfUtils.java:logGet(43)) - raft.server.sleep.deviation.threshold = 300 (default)
2019-09-12 10:53:36,407 [pool-179-thread-1] INFO  server.RaftServerConfigKeys (ConfUtils.java:logGet(43)) - raft.server.log.appender.install.snapshot.enabled = false (custom)
2019-09-12 10:53:36,407 [pool-179-thread-1] INFO  impl.RaftServerImpl (ServerState.java:<init>(105)) - 4e79f251-f4f2-46d8-98e5-a0ed6d578d1f:group-93BEEDFA61D9 ConfigurationManager, init=-1: [4e79f251-f4f2-46d8-98e5-a0ed6d578d1f:192.168.157.195:36131], old=null, confs=<EMPTY_MAP>
2019-09-12 10:53:36,407 [pool-179-thread-1] INFO  server.RaftServerConfigKeys (ConfUtils.java:logGet(43)) - raft.server.storage.dir = [/workdir/hadoop-ozone/integration-test/target/test-dir/MiniOzoneClusterImpl-0aac579c-f8ad-49ec-a94e-9a436a9c79c1/datanode-2/data/ratis] (custom)
2019-09-12 10:53:36,408 [pool-179-thread-1] INFO  storage.RaftStorageDirectory (RaftStorageDirectory.java:analyzeStorage(246)) - The storage directory /workdir/hadoop-ozone/integration-test/target/test-dir/MiniOzoneClusterImpl-0aac579c-f8ad-49ec-a94e-9a436a9c79c1/datanode-2/data/ratis/db3ae39c-7fe0-4589-96b0-93beedfa61d9 does not exist. Creating ...
2019-09-12 10:53:36,420 [pool-179-thread-1] INFO  storage.RaftStorageDirectory (RaftStorageDirectory.java:tryLock(328)) - Lock on /workdir/hadoop-ozone/integration-test/target/test-dir/MiniOzoneClusterImpl-0aac579c-f8ad-49ec-a94e-9a436a9c79c1/datanode-2/data/ratis/db3ae39c-7fe0-4589-96b0-93beedfa61d9/in_use.lock acquired by nodename 620@pr-hdds-1569-xtfnx-3545843844
2019-09-12 10:53:36,434 [pool-179-thread-1] INFO  storage.RaftStorage (RaftStorage.java:format(72)) - Storage directory /workdir/hadoop-ozone/integration-test/target/test-dir/MiniOzoneClusterImpl-0aac579c-f8ad-49ec-a94e-9a436a9c79c1/datanode-2/data/ratis/db3ae39c-7fe0-4589-96b0-93beedfa61d9 has been successfully formatted.
2019-09-12 10:53:36,434 [pool-179-thread-1] INFO  ratis.ContainerStateMachine (ContainerStateMachine.java:loadSnapshot(226)) - group-93BEEDFA61D9: The snapshot info is null. Setting the last applied indexto:(t:0, i:~)
2019-09-12 10:53:36,434 [pool-179-thread-1] INFO  server.RaftServerConfigKeys (ConfUtils.java:logGet(43)) - raft.server.leader.election.timeout = 120s (custom)
2019-09-12 10:53:36,434 [pool-179-thread-1] INFO  server.RaftServerConfigKeys (ConfUtils.java:logGet(43)) - raft.server.log.use.memory = false (default)
2019-09-12 10:53:36,434 [pool-179-thread-1] INFO  server.RaftServerConfigKeys (ConfUtils.java:logGet(43)) - raft.server.log.purge.gap = 1000000 (custom)
2019-09-12 10:53:36,435 [pool-179-thread-1] INFO  server.RaftServerConfigKeys (ConfUtils.java:logGet(43)) - raft.server.log.appender.buffer.byte-limit = 33554432 (custom)
2019-09-12 10:53:36,435 [pool-179-thread-1] INFO  server.RaftServerConfigKeys (ConfUtils.java:logGet(43)) - raft.server.log.segment.size.max = 1048576 (custom)
2019-09-12 10:53:36,435 [pool-179-thread-1] INFO  server.RaftServerConfigKeys (ConfUtils.java:logGet(43)) - raft.server.log.segment.cache.num.max = 2 (custom)
2019-09-12 10:53:36,435 [pool-179-thread-1] INFO  segmented.SegmentedRaftLogWorker (SegmentedRaftLogWorker.java:<init>(172)) - new 4e79f251-f4f2-46d8-98e5-a0ed6d578d1f-SegmentedRaftLogWorker:Storage Directory /workdir/hadoop-ozone/integration-test/target/test-dir/MiniOzoneClusterImpl-0aac579c-f8ad-49ec-a94e-9a436a9c79c1/datanode-2/data/ratis/db3ae39c-7fe0-4589-96b0-93beedfa61d9 for RaftStorage:Storage Directory /workdir/hadoop-ozone/integration-test/target/test-dir/MiniOzoneClusterImpl-0aac579c-f8ad-49ec-a94e-9a436a9c79c1/datanode-2/data/ratis/db3ae39c-7fe0-4589-96b0-93beedfa61d9
2019-09-12 10:53:36,435 [pool-179-thread-1] INFO  server.RaftServerConfigKeys (ConfUtils.java:logGet(43)) - raft.server.log.queue.byte-limit = 2147483647 (custom)
2019-09-12 10:53:36,435 [pool-179-thread-1] INFO  server.RaftServerConfigKeys (ConfUtils.java:logGet(43)) - raft.server.log.queue.element-limit = 1024 (custom)
2019-09-12 10:53:36,436 [pool-179-thread-1] INFO  server.RaftServerConfigKeys (ConfUtils.java:logGet(43)) - raft.server.log.segment.size.max = 1048576 (custom)
2019-09-12 10:53:36,436 [pool-179-thread-1] INFO  server.RaftServerConfigKeys (ConfUtils.java:logGet(43)) - raft.server.log.preallocated.size = 16384 (custom)
2019-09-12 10:53:36,436 [pool-179-thread-1] INFO  server.RaftServerConfigKeys (ConfUtils.java:logGet(43)) - raft.server.log.write.buffer.size = 33554432 (custom)
2019-09-12 10:53:36,436 [pool-179-thread-1] INFO  server.RaftServerConfigKeys (ConfUtils.java:logGet(43)) - raft.server.log.force.sync.num = 128 (default)
2019-09-12 10:53:36,436 [pool-179-thread-1] INFO  server.RaftServerConfigKeys (ConfUtils.java:logGet(43)) - raft.server.log.statemachine.data.sync = true (default)
2019-09-12 10:53:36,436 [pool-179-thread-1] INFO  server.RaftServerConfigKeys (ConfUtils.java:logGet(43)) - raft.server.log.statemachine.data.sync.timeout = 10s (default)
2019-09-12 10:53:36,436 [pool-179-thread-1] INFO  server.RaftServerConfigKeys (ConfUtils.java:logGet(43)) - raft.server.log.statemachine.data.sync.timeout.retry = -1 (default)
2019-09-12 10:53:36,437 [pool-179-thread-1] INFO  server.RaftServerConfigKeys (ConfUtils.java:logGet(43)) - raft.server.log.statemachine.data.caching.enabled = true (custom)
2019-09-12 10:53:36,437 [pool-179-thread-1] INFO  segmented.SegmentedRaftLogWorker (SegmentedRaftLogWorker.java:lambda$new$0(132)) - 4e79f251-f4f2-46d8-98e5-a0ed6d578d1f-SegmentedRaftLogWorker:Storage Directory /workdir/hadoop-ozone/integration-test/target/test-dir/MiniOzoneClusterImpl-0aac579c-f8ad-49ec-a94e-9a436a9c79c1/datanode-2/data/ratis/db3ae39c-7fe0-4589-96b0-93beedfa61d9: flushIndex: setUnconditionally 0 -> -1
2019-09-12 10:53:36,438 [pool-179-thread-1] INFO  server.RaftServerConfigKeys (ConfUtils.java:logGet(43)) - raft.server.snapshot.auto.trigger.enabled = true (custom)
2019-09-12 10:53:36,438 [pool-179-thread-1] INFO  server.RaftServerConfigKeys (ConfUtils.java:logGet(43)) - raft.server.snapshot.auto.trigger.threshold = 10000 (custom)
2019-09-12 10:53:36,438 [pool-179-thread-1] INFO  server.RaftServerConfigKeys (ConfUtils.java:logGet(43)) - raft.server.retrycache.expirytime = 600000ms (custom)
2019-09-12 10:53:36,438 [pool-179-thread-1] INFO  impl.RaftServerImpl (RaftServerImpl.java:start(180)) - 4e79f251-f4f2-46d8-98e5-a0ed6d578d1f: start group-93BEEDFA61D9
2019-09-12 10:53:36,438 [pool-179-thread-1] INFO  impl.RaftServerImpl (RaftServerImpl.java:setRole(171)) - 4e79f251-f4f2-46d8-98e5-a0ed6d578d1f:group-93BEEDFA61D9 changes role from null to FOLLOWER at term 0 for startAsFollower
2019-09-12 10:53:36,438 [pool-179-thread-1] INFO  impl.RoleInfo (RoleInfo.java:updateAndGet(143)) - 4e79f251-f4f2-46d8-98e5-a0ed6d578d1f: start FollowerState
2019-09-12 10:53:36,439 [pool-179-thread-1] INFO  util.JmxRegister (JmxRegister.java:tryRegister(44)) - Successfully registered JMX Bean with object name Ratis:service=RaftServer,group=group-93BEEDFA61D9,id=4e79f251-f4f2-46d8-98e5-a0ed6d578d1f
2019-09-12 10:53:36,441 [RatisPipelineUtilsThread] INFO  pipeline.PipelineStateManager (PipelineStateManager.java:addPipeline(56)) - Created pipeline Pipeline[ Id: db3ae39c-7fe0-4589-96b0-93beedfa61d9, Nodes: 4e79f251-f4f2-46d8-98e5-a0ed6d578d1f{ip: 192.168.157.195, host: pr-hdds-1569-xtfnx-3545843844, networkLocation: /default-rack, certSerialId: null}, Type:RATIS, Factor:ONE, State:OPEN]
2019-09-12 10:53:36,442 [RatisPipelineUtilsThread] ERROR pipeline.PipelinePlacementPolicy (PipelinePlacementPolicy.java:meetCriteria(91)) - Pipeline Placement: Doesn't meet the criteria to be viable node. Heaviness: 6
2019-09-12 10:53:36,447 [grpc-default-executor-0] INFO  impl.RaftServerProxy (RaftServerProxy.java:addNew(89)) - b36b3368-613a-431f-908a-5edf1c2542ba: addNew group-DA2522A7F7A7:[b36b3368-613a-431f-908a-5edf1c2542ba:192.168.157.195:36930] returns group-DA2522A7F7A7:java.util.concurrent.CompletableFuture@11ac7733[Not completed]
2019-09-12 10:53:36,448 [pool-168-thread-1] INFO  impl.RaftServerImpl (RaftServerImpl.java:<init>(93)) - b36b3368-613a-431f-908a-5edf1c2542ba: new RaftServerImpl for group-DA2522A7F7A7:[b36b3368-613a-431f-908a-5edf1c2542ba:192.168.157.195:36930] with ContainerStateMachine:uninitialized
2019-09-12 10:53:36,448 [pool-168-thread-1] INFO  server.RaftServerConfigKeys (ConfUtils.java:logGet(43)) - raft.server.rpc.timeout.min = 1s (custom)
2019-09-12 10:53:36,448 [pool-168-thread-1] INFO  server.RaftServerConfigKeys (ConfUtils.java:logGet(43)) - raft.server.rpc.timeout.max = 1200ms (custom)
2019-09-12 10:53:36,448 [pool-168-thread-1] INFO  server.RaftServerConfigKeys (ConfUtils.java:logGet(43)) - raft.server.rpcslowness.timeout = 120s (custom)
2019-09-12 10:53:36,449 [pool-168-thread-1] INFO  server.RaftServerConfigKeys (ConfUtils.java:logGet(43)) - raft.server.sleep.deviation.threshold = 300 (default)
2019-09-12 10:53:36,449 [pool-168-thread-1] INFO  server.RaftServerConfigKeys (ConfUtils.java:logGet(43)) - raft.server.log.appender.install.snapshot.enabled = false (custom)
2019-09-12 10:53:36,449 [pool-168-thread-1] INFO  impl.RaftServerImpl (ServerState.java:<init>(105)) - b36b3368-613a-431f-908a-5edf1c2542ba:group-DA2522A7F7A7 ConfigurationManager, init=-1: [b36b3368-613a-431f-908a-5edf1c2542ba:192.168.157.195:36930], old=null, confs=<EMPTY_MAP>
2019-09-12 10:53:36,449 [pool-168-thread-1] INFO  server.RaftServerConfigKeys (ConfUtils.java:logGet(43)) - raft.server.storage.dir = [/workdir/hadoop-ozone/integration-test/target/test-dir/MiniOzoneClusterImpl-0aac579c-f8ad-49ec-a94e-9a436a9c79c1/datanode-1/data/ratis] (custom)
2019-09-12 10:53:36,449 [pool-168-thread-1] INFO  storage.RaftStorageDirectory (RaftStorageDirectory.java:analyzeStorage(246)) - The storage directory /workdir/hadoop-ozone/integration-test/target/test-dir/MiniOzoneClusterImpl-0aac579c-f8ad-49ec-a94e-9a436a9c79c1/datanode-1/data/ratis/5d4a07d9-ad3e-4bb5-a086-da2522a7f7a7 does not exist. Creating ...
2019-09-12 10:53:36,463 [pool-168-thread-1] INFO  storage.RaftStorageDirectory (RaftStorageDirectory.java:tryLock(328)) - Lock on /workdir/hadoop-ozone/integration-test/target/test-dir/MiniOzoneClusterImpl-0aac579c-f8ad-49ec-a94e-9a436a9c79c1/datanode-1/data/ratis/5d4a07d9-ad3e-4bb5-a086-da2522a7f7a7/in_use.lock acquired by nodename 620@pr-hdds-1569-xtfnx-3545843844
2019-09-12 10:53:36,486 [pool-168-thread-1] INFO  storage.RaftStorage (RaftStorage.java:format(72)) - Storage directory /workdir/hadoop-ozone/integration-test/target/test-dir/MiniOzoneClusterImpl-0aac579c-f8ad-49ec-a94e-9a436a9c79c1/datanode-1/data/ratis/5d4a07d9-ad3e-4bb5-a086-da2522a7f7a7 has been successfully formatted.
2019-09-12 10:53:36,487 [pool-168-thread-1] INFO  ratis.ContainerStateMachine (ContainerStateMachine.java:loadSnapshot(226)) - group-DA2522A7F7A7: The snapshot info is null. Setting the last applied indexto:(t:0, i:~)
2019-09-12 10:53:36,487 [pool-168-thread-1] INFO  server.RaftServerConfigKeys (ConfUtils.java:logGet(43)) - raft.server.leader.election.timeout = 120s (custom)
2019-09-12 10:53:36,487 [pool-168-thread-1] INFO  server.RaftServerConfigKeys (ConfUtils.java:logGet(43)) - raft.server.log.use.memory = false (default)
2019-09-12 10:53:36,487 [pool-168-thread-1] INFO  server.RaftServerConfigKeys (ConfUtils.java:logGet(43)) - raft.server.log.purge.gap = 1000000 (custom)
2019-09-12 10:53:36,487 [pool-168-thread-1] INFO  server.RaftServerConfigKeys (ConfUtils.java:logGet(43)) - raft.server.log.appender.buffer.byte-limit = 33554432 (custom)
2019-09-12 10:53:36,487 [pool-168-thread-1] INFO  server.RaftServerConfigKeys (ConfUtils.java:logGet(43)) - raft.server.log.segment.size.max = 1048576 (custom)
2019-09-12 10:53:36,488 [pool-168-thread-1] INFO  server.RaftServerConfigKeys (ConfUtils.java:logGet(43)) - raft.server.log.segment.cache.num.max = 2 (custom)
2019-09-12 10:53:36,488 [pool-168-thread-1] INFO  segmented.SegmentedRaftLogWorker (SegmentedRaftLogWorker.java:<init>(172)) - new b36b3368-613a-431f-908a-5edf1c2542ba-SegmentedRaftLogWorker:Storage Directory /workdir/hadoop-ozone/integration-test/target/test-dir/MiniOzoneClusterImpl-0aac579c-f8ad-49ec-a94e-9a436a9c79c1/datanode-1/data/ratis/5d4a07d9-ad3e-4bb5-a086-da2522a7f7a7 for RaftStorage:Storage Directory /workdir/hadoop-ozone/integration-test/target/test-dir/MiniOzoneClusterImpl-0aac579c-f8ad-49ec-a94e-9a436a9c79c1/datanode-1/data/ratis/5d4a07d9-ad3e-4bb5-a086-da2522a7f7a7
2019-09-12 10:53:36,488 [pool-168-thread-1] INFO  server.RaftServerConfigKeys (ConfUtils.java:logGet(43)) - raft.server.log.queue.byte-limit = 2147483647 (custom)
2019-09-12 10:53:36,488 [pool-168-thread-1] INFO  server.RaftServerConfigKeys (ConfUtils.java:logGet(43)) - raft.server.log.queue.element-limit = 1024 (custom)
2019-09-12 10:53:36,488 [pool-168-thread-1] INFO  server.RaftServerConfigKeys (ConfUtils.java:logGet(43)) - raft.server.log.segment.size.max = 1048576 (custom)
2019-09-12 10:53:36,488 [pool-168-thread-1] INFO  server.RaftServerConfigKeys (ConfUtils.java:logGet(43)) - raft.server.log.preallocated.size = 16384 (custom)
2019-09-12 10:53:36,489 [pool-168-thread-1] INFO  server.RaftServerConfigKeys (ConfUtils.java:logGet(43)) - raft.server.log.write.buffer.size = 33554432 (custom)
2019-09-12 10:53:36,489 [pool-168-thread-1] INFO  server.RaftServerConfigKeys (ConfUtils.java:logGet(43)) - raft.server.log.force.sync.num = 128 (default)
2019-09-12 10:53:36,489 [pool-168-thread-1] INFO  server.RaftServerConfigKeys (ConfUtils.java:logGet(43)) - raft.server.log.statemachine.data.sync = true (default)
2019-09-12 10:53:36,489 [pool-168-thread-1] INFO  server.RaftServerConfigKeys (ConfUtils.java:logGet(43)) - raft.server.log.statemachine.data.sync.timeout = 10s (default)
2019-09-12 10:53:36,489 [pool-168-thread-1] INFO  server.RaftServerConfigKeys (ConfUtils.java:logGet(43)) - raft.server.log.statemachine.data.sync.timeout.retry = -1 (default)
2019-09-12 10:53:36,489 [pool-168-thread-1] INFO  server.RaftServerConfigKeys (ConfUtils.java:logGet(43)) - raft.server.log.statemachine.data.caching.enabled = true (custom)
2019-09-12 10:53:36,490 [pool-168-thread-1] INFO  segmented.SegmentedRaftLogWorker (SegmentedRaftLogWorker.java:lambda$new$0(132)) - b36b3368-613a-431f-908a-5edf1c2542ba-SegmentedRaftLogWorker:Storage Directory /workdir/hadoop-ozone/integration-test/target/test-dir/MiniOzoneClusterImpl-0aac579c-f8ad-49ec-a94e-9a436a9c79c1/datanode-1/data/ratis/5d4a07d9-ad3e-4bb5-a086-da2522a7f7a7: flushIndex: setUnconditionally 0 -> -1
2019-09-12 10:53:36,490 [pool-168-thread-1] INFO  server.RaftServerConfigKeys (ConfUtils.java:logGet(43)) - raft.server.snapshot.auto.trigger.enabled = true (custom)
2019-09-12 10:53:36,490 [pool-168-thread-1] INFO  server.RaftServerConfigKeys (ConfUtils.java:logGet(43)) - raft.server.snapshot.auto.trigger.threshold = 10000 (custom)
2019-09-12 10:53:36,490 [pool-168-thread-1] INFO  server.RaftServerConfigKeys (ConfUtils.java:logGet(43)) - raft.server.retrycache.expirytime = 600000ms (custom)
2019-09-12 10:53:36,491 [pool-168-thread-1] INFO  impl.RaftServerImpl (RaftServerImpl.java:start(180)) - b36b3368-613a-431f-908a-5edf1c2542ba: start group-DA2522A7F7A7
2019-09-12 10:53:36,491 [pool-168-thread-1] INFO  impl.RaftServerImpl (RaftServerImpl.java:setRole(171)) - b36b3368-613a-431f-908a-5edf1c2542ba:group-DA2522A7F7A7 changes role from null to FOLLOWER at term 0 for startAsFollower
2019-09-12 10:53:36,491 [pool-168-thread-1] INFO  impl.RoleInfo (RoleInfo.java:updateAndGet(143)) - b36b3368-613a-431f-908a-5edf1c2542ba: start FollowerState
2019-09-12 10:53:36,491 [pool-168-thread-1] INFO  util.JmxRegister (JmxRegister.java:tryRegister(44)) - Successfully registered JMX Bean with object name Ratis:service=RaftServer,group=group-DA2522A7F7A7,id=b36b3368-613a-431f-908a-5edf1c2542ba
2019-09-12 10:53:36,494 [RatisPipelineUtilsThread] INFO  pipeline.PipelineStateManager (PipelineStateManager.java:addPipeline(56)) - Created pipeline Pipeline[ Id: 5d4a07d9-ad3e-4bb5-a086-da2522a7f7a7, Nodes: b36b3368-613a-431f-908a-5edf1c2542ba{ip: 192.168.157.195, host: pr-hdds-1569-xtfnx-3545843844, networkLocation: /default-rack, certSerialId: null}, Type:RATIS, Factor:ONE, State:OPEN]
2019-09-12 10:53:36,494 [RatisPipelineUtilsThread] ERROR pipeline.PipelinePlacementPolicy (PipelinePlacementPolicy.java:meetCriteria(91)) - Pipeline Placement: Doesn't meet the criteria to be viable node. Heaviness: 6
2019-09-12 10:53:36,494 [RatisPipelineUtilsThread] ERROR pipeline.PipelinePlacementPolicy (PipelinePlacementPolicy.java:meetCriteria(91)) - Pipeline Placement: Doesn't meet the criteria to be viable node. Heaviness: 6
2019-09-12 10:53:36,500 [grpc-default-executor-0] INFO  impl.RaftServerProxy (RaftServerProxy.java:addNew(89)) - 4e79f251-f4f2-46d8-98e5-a0ed6d578d1f: addNew group-37A1BC51CD47:[4e79f251-f4f2-46d8-98e5-a0ed6d578d1f:192.168.157.195:36131] returns group-37A1BC51CD47:java.util.concurrent.CompletableFuture@52d2d484[Not completed]
2019-09-12 10:53:36,501 [pool-179-thread-1] INFO  impl.RaftServerImpl (RaftServerImpl.java:<init>(93)) - 4e79f251-f4f2-46d8-98e5-a0ed6d578d1f: new RaftServerImpl for group-37A1BC51CD47:[4e79f251-f4f2-46d8-98e5-a0ed6d578d1f:192.168.157.195:36131] with ContainerStateMachine:uninitialized
2019-09-12 10:53:36,501 [pool-179-thread-1] INFO  server.RaftServerConfigKeys (ConfUtils.java:logGet(43)) - raft.server.rpc.timeout.min = 1s (custom)
2019-09-12 10:53:36,501 [pool-179-thread-1] INFO  server.RaftServerConfigKeys (ConfUtils.java:logGet(43)) - raft.server.rpc.timeout.max = 1200ms (custom)
2019-09-12 10:53:36,501 [pool-179-thread-1] INFO  server.RaftServerConfigKeys (ConfUtils.java:logGet(43)) - raft.server.rpcslowness.timeout = 120s (custom)
2019-09-12 10:53:36,501 [pool-179-thread-1] INFO  server.RaftServerConfigKeys (ConfUtils.java:logGet(43)) - raft.server.sleep.deviation.threshold = 300 (default)
2019-09-12 10:53:36,501 [pool-179-thread-1] INFO  server.RaftServerConfigKeys (ConfUtils.java:logGet(43)) - raft.server.log.appender.install.snapshot.enabled = false (custom)
2019-09-12 10:53:36,502 [pool-179-thread-1] INFO  impl.RaftServerImpl (ServerState.java:<init>(105)) - 4e79f251-f4f2-46d8-98e5-a0ed6d578d1f:group-37A1BC51CD47 ConfigurationManager, init=-1: [4e79f251-f4f2-46d8-98e5-a0ed6d578d1f:192.168.157.195:36131], old=null, confs=<EMPTY_MAP>
2019-09-12 10:53:36,502 [pool-179-thread-1] INFO  server.RaftServerConfigKeys (ConfUtils.java:logGet(43)) - raft.server.storage.dir = [/workdir/hadoop-ozone/integration-test/target/test-dir/MiniOzoneClusterImpl-0aac579c-f8ad-49ec-a94e-9a436a9c79c1/datanode-2/data/ratis] (custom)
2019-09-12 10:53:36,502 [pool-179-thread-1] INFO  storage.RaftStorageDirectory (RaftStorageDirectory.java:analyzeStorage(246)) - The storage directory /workdir/hadoop-ozone/integration-test/target/test-dir/MiniOzoneClusterImpl-0aac579c-f8ad-49ec-a94e-9a436a9c79c1/datanode-2/data/ratis/d5451817-b611-44b2-9139-37a1bc51cd47 does not exist. Creating ...
2019-09-12 10:53:36,515 [IPC Server handler 3 on 42874] INFO  net.NetworkTopology (NetworkTopologyImpl.java:add(110)) - Added a new node: /default-rack/b49fccba-7697-4103-b8d6-57050bb52229
2019-09-12 10:53:36,515 [pool-179-thread-1] INFO  storage.RaftStorageDirectory (RaftStorageDirectory.java:tryLock(328)) - Lock on /workdir/hadoop-ozone/integration-test/target/test-dir/MiniOzoneClusterImpl-0aac579c-f8ad-49ec-a94e-9a436a9c79c1/datanode-2/data/ratis/d5451817-b611-44b2-9139-37a1bc51cd47/in_use.lock acquired by nodename 620@pr-hdds-1569-xtfnx-3545843844
2019-09-12 10:53:36,515 [IPC Server handler 3 on 42874] INFO  node.SCMNodeManager (SCMNodeManager.java:register(273)) - Registered Data node : b49fccba-7697-4103-b8d6-57050bb52229{ip: 192.168.157.195, host: pr-hdds-1569-xtfnx-3545843844, networkLocation: /default-rack, certSerialId: null}
2019-09-12 10:53:36,516 | INFO  | SCMAudit | user=jenkins1000 | ip=192.168.157.195 | op=REGISTER {datanodeDetails=b49fccba-7697-4103-b8d6-57050bb52229{ip: 192.168.157.195, host: pr-hdds-1569-xtfnx-3545843844, networkLocation: /default-rack, certSerialId: null}} | ret=SUCCESS |  
2019-09-12 10:53:36,528 [pool-179-thread-1] INFO  storage.RaftStorage (RaftStorage.java:format(72)) - Storage directory /workdir/hadoop-ozone/integration-test/target/test-dir/MiniOzoneClusterImpl-0aac579c-f8ad-49ec-a94e-9a436a9c79c1/datanode-2/data/ratis/d5451817-b611-44b2-9139-37a1bc51cd47 has been successfully formatted.
2019-09-12 10:53:36,528 [pool-179-thread-1] INFO  ratis.ContainerStateMachine (ContainerStateMachine.java:loadSnapshot(226)) - group-37A1BC51CD47: The snapshot info is null. Setting the last applied indexto:(t:0, i:~)
2019-09-12 10:53:36,528 [pool-179-thread-1] INFO  server.RaftServerConfigKeys (ConfUtils.java:logGet(43)) - raft.server.leader.election.timeout = 120s (custom)
2019-09-12 10:53:36,529 [pool-179-thread-1] INFO  server.RaftServerConfigKeys (ConfUtils.java:logGet(43)) - raft.server.log.use.memory = false (default)
2019-09-12 10:53:36,529 [pool-179-thread-1] INFO  server.RaftServerConfigKeys (ConfUtils.java:logGet(43)) - raft.server.log.purge.gap = 1000000 (custom)
2019-09-12 10:53:36,529 [pool-179-thread-1] INFO  server.RaftServerConfigKeys (ConfUtils.java:logGet(43)) - raft.server.log.appender.buffer.byte-limit = 33554432 (custom)
2019-09-12 10:53:36,529 [pool-179-thread-1] INFO  server.RaftServerConfigKeys (ConfUtils.java:logGet(43)) - raft.server.log.segment.size.max = 1048576 (custom)
2019-09-12 10:53:36,529 [pool-179-thread-1] INFO  server.RaftServerConfigKeys (ConfUtils.java:logGet(43)) - raft.server.log.segment.cache.num.max = 2 (custom)
2019-09-12 10:53:36,529 [pool-179-thread-1] INFO  segmented.SegmentedRaftLogWorker (SegmentedRaftLogWorker.java:<init>(172)) - new 4e79f251-f4f2-46d8-98e5-a0ed6d578d1f-SegmentedRaftLogWorker:Storage Directory /workdir/hadoop-ozone/integration-test/target/test-dir/MiniOzoneClusterImpl-0aac579c-f8ad-49ec-a94e-9a436a9c79c1/datanode-2/data/ratis/d5451817-b611-44b2-9139-37a1bc51cd47 for RaftStorage:Storage Directory /workdir/hadoop-ozone/integration-test/target/test-dir/MiniOzoneClusterImpl-0aac579c-f8ad-49ec-a94e-9a436a9c79c1/datanode-2/data/ratis/d5451817-b611-44b2-9139-37a1bc51cd47
2019-09-12 10:53:36,530 [pool-179-thread-1] INFO  server.RaftServerConfigKeys (ConfUtils.java:logGet(43)) - raft.server.log.queue.byte-limit = 2147483647 (custom)
2019-09-12 10:53:36,530 [pool-179-thread-1] INFO  server.RaftServerConfigKeys (ConfUtils.java:logGet(43)) - raft.server.log.queue.element-limit = 1024 (custom)
2019-09-12 10:53:36,530 [pool-179-thread-1] INFO  server.RaftServerConfigKeys (ConfUtils.java:logGet(43)) - raft.server.log.segment.size.max = 1048576 (custom)
2019-09-12 10:53:36,530 [pool-179-thread-1] INFO  server.RaftServerConfigKeys (ConfUtils.java:logGet(43)) - raft.server.log.preallocated.size = 16384 (custom)
2019-09-12 10:53:36,530 [pool-179-thread-1] INFO  server.RaftServerConfigKeys (ConfUtils.java:logGet(43)) - raft.server.log.write.buffer.size = 33554432 (custom)
2019-09-12 10:53:36,530 [pool-179-thread-1] INFO  server.RaftServerConfigKeys (ConfUtils.java:logGet(43)) - raft.server.log.force.sync.num = 128 (default)
2019-09-12 10:53:36,531 [pool-179-thread-1] INFO  server.RaftServerConfigKeys (ConfUtils.java:logGet(43)) - raft.server.log.statemachine.data.sync = true (default)
2019-09-12 10:53:36,531 [pool-179-thread-1] INFO  server.RaftServerConfigKeys (ConfUtils.java:logGet(43)) - raft.server.log.statemachine.data.sync.timeout = 10s (default)
2019-09-12 10:53:36,531 [pool-179-thread-1] INFO  server.RaftServerConfigKeys (ConfUtils.java:logGet(43)) - raft.server.log.statemachine.data.sync.timeout.retry = -1 (default)
2019-09-12 10:53:36,531 [pool-179-thread-1] INFO  server.RaftServerConfigKeys (ConfUtils.java:logGet(43)) - raft.server.log.statemachine.data.caching.enabled = true (custom)
2019-09-12 10:53:36,531 [pool-179-thread-1] INFO  segmented.SegmentedRaftLogWorker (SegmentedRaftLogWorker.java:lambda$new$0(132)) - 4e79f251-f4f2-46d8-98e5-a0ed6d578d1f-SegmentedRaftLogWorker:Storage Directory /workdir/hadoop-ozone/integration-test/target/test-dir/MiniOzoneClusterImpl-0aac579c-f8ad-49ec-a94e-9a436a9c79c1/datanode-2/data/ratis/d5451817-b611-44b2-9139-37a1bc51cd47: flushIndex: setUnconditionally 0 -> -1
2019-09-12 10:53:36,532 [pool-179-thread-1] INFO  server.RaftServerConfigKeys (ConfUtils.java:logGet(43)) - raft.server.snapshot.auto.trigger.enabled = true (custom)
2019-09-12 10:53:36,532 [pool-179-thread-1] INFO  server.RaftServerConfigKeys (ConfUtils.java:logGet(43)) - raft.server.snapshot.auto.trigger.threshold = 10000 (custom)
2019-09-12 10:53:36,532 [pool-179-thread-1] INFO  server.RaftServerConfigKeys (ConfUtils.java:logGet(43)) - raft.server.retrycache.expirytime = 600000ms (custom)
2019-09-12 10:53:36,532 [pool-179-thread-1] INFO  impl.RaftServerImpl (RaftServerImpl.java:start(180)) - 4e79f251-f4f2-46d8-98e5-a0ed6d578d1f: start group-37A1BC51CD47
2019-09-12 10:53:36,533 [pool-179-thread-1] INFO  impl.RaftServerImpl (RaftServerImpl.java:setRole(171)) - 4e79f251-f4f2-46d8-98e5-a0ed6d578d1f:group-37A1BC51CD47 changes role from null to FOLLOWER at term 0 for startAsFollower
2019-09-12 10:53:36,533 [pool-179-thread-1] INFO  impl.RoleInfo (RoleInfo.java:updateAndGet(143)) - 4e79f251-f4f2-46d8-98e5-a0ed6d578d1f: start FollowerState
2019-09-12 10:53:36,533 [pool-179-thread-1] INFO  util.JmxRegister (JmxRegister.java:tryRegister(44)) - Successfully registered JMX Bean with object name Ratis:service=RaftServer,group=group-37A1BC51CD47,id=4e79f251-f4f2-46d8-98e5-a0ed6d578d1f
2019-09-12 10:53:36,536 [RatisPipelineUtilsThread] INFO  pipeline.PipelineStateManager (PipelineStateManager.java:addPipeline(56)) - Created pipeline Pipeline[ Id: d5451817-b611-44b2-9139-37a1bc51cd47, Nodes: 4e79f251-f4f2-46d8-98e5-a0ed6d578d1f{ip: 192.168.157.195, host: pr-hdds-1569-xtfnx-3545843844, networkLocation: /default-rack, certSerialId: null}, Type:RATIS, Factor:ONE, State:OPEN]
2019-09-12 10:53:36,536 [RatisPipelineUtilsThread] ERROR pipeline.PipelinePlacementPolicy (PipelinePlacementPolicy.java:meetCriteria(91)) - Pipeline Placement: Doesn't meet the criteria to be viable node. Heaviness: 6
2019-09-12 10:53:36,537 [RatisPipelineUtilsThread] ERROR pipeline.PipelinePlacementPolicy (PipelinePlacementPolicy.java:meetCriteria(91)) - Pipeline Placement: Doesn't meet the criteria to be viable node. Heaviness: 6
2019-09-12 10:53:36,545 [grpc-default-executor-0] INFO  impl.RaftServerProxy (RaftServerProxy.java:addNew(89)) - b49fccba-7697-4103-b8d6-57050bb52229: addNew group-EA0BB6EC4BE1:[b49fccba-7697-4103-b8d6-57050bb52229:192.168.157.195:46518] returns group-EA0BB6EC4BE1:java.util.concurrent.CompletableFuture@c47ec1e[Not completed]
2019-09-12 10:53:36,546 [pool-190-thread-1] INFO  impl.RaftServerImpl (RaftServerImpl.java:<init>(93)) - b49fccba-7697-4103-b8d6-57050bb52229: new RaftServerImpl for group-EA0BB6EC4BE1:[b49fccba-7697-4103-b8d6-57050bb52229:192.168.157.195:46518] with ContainerStateMachine:uninitialized
2019-09-12 10:53:36,547 [pool-190-thread-1] INFO  server.RaftServerConfigKeys (ConfUtils.java:logGet(43)) - raft.server.rpc.timeout.min = 1s (custom)
2019-09-12 10:53:36,547 [pool-190-thread-1] INFO  server.RaftServerConfigKeys (ConfUtils.java:logGet(43)) - raft.server.rpc.timeout.max = 1200ms (custom)
2019-09-12 10:53:36,547 [pool-190-thread-1] INFO  server.RaftServerConfigKeys (ConfUtils.java:logGet(43)) - raft.server.rpcslowness.timeout = 120s (custom)
2019-09-12 10:53:36,547 [pool-190-thread-1] INFO  server.RaftServerConfigKeys (ConfUtils.java:logGet(43)) - raft.server.sleep.deviation.threshold = 300 (default)
2019-09-12 10:53:36,547 [pool-190-thread-1] INFO  server.RaftServerConfigKeys (ConfUtils.java:logGet(43)) - raft.server.log.appender.install.snapshot.enabled = false (custom)
2019-09-12 10:53:36,547 [pool-190-thread-1] INFO  impl.RaftServerImpl (ServerState.java:<init>(105)) - b49fccba-7697-4103-b8d6-57050bb52229:group-EA0BB6EC4BE1 ConfigurationManager, init=-1: [b49fccba-7697-4103-b8d6-57050bb52229:192.168.157.195:46518], old=null, confs=<EMPTY_MAP>
2019-09-12 10:53:36,548 [pool-190-thread-1] INFO  server.RaftServerConfigKeys (ConfUtils.java:logGet(43)) - raft.server.storage.dir = [/workdir/hadoop-ozone/integration-test/target/test-dir/MiniOzoneClusterImpl-0aac579c-f8ad-49ec-a94e-9a436a9c79c1/datanode-3/data/ratis] (custom)
2019-09-12 10:53:36,548 [pool-190-thread-1] INFO  storage.RaftStorageDirectory (RaftStorageDirectory.java:analyzeStorage(246)) - The storage directory /workdir/hadoop-ozone/integration-test/target/test-dir/MiniOzoneClusterImpl-0aac579c-f8ad-49ec-a94e-9a436a9c79c1/datanode-3/data/ratis/ade30d0d-6edd-472c-91ca-ea0bb6ec4be1 does not exist. Creating ...
2019-09-12 10:53:36,561 [pool-190-thread-1] INFO  storage.RaftStorageDirectory (RaftStorageDirectory.java:tryLock(328)) - Lock on /workdir/hadoop-ozone/integration-test/target/test-dir/MiniOzoneClusterImpl-0aac579c-f8ad-49ec-a94e-9a436a9c79c1/datanode-3/data/ratis/ade30d0d-6edd-472c-91ca-ea0bb6ec4be1/in_use.lock acquired by nodename 620@pr-hdds-1569-xtfnx-3545843844
2019-09-12 10:53:36,574 [pool-190-thread-1] INFO  storage.RaftStorage (RaftStorage.java:format(72)) - Storage directory /workdir/hadoop-ozone/integration-test/target/test-dir/MiniOzoneClusterImpl-0aac579c-f8ad-49ec-a94e-9a436a9c79c1/datanode-3/data/ratis/ade30d0d-6edd-472c-91ca-ea0bb6ec4be1 has been successfully formatted.
2019-09-12 10:53:36,574 [pool-190-thread-1] INFO  ratis.ContainerStateMachine (ContainerStateMachine.java:loadSnapshot(226)) - group-EA0BB6EC4BE1: The snapshot info is null. Setting the last applied indexto:(t:0, i:~)
2019-09-12 10:53:36,574 [pool-190-thread-1] INFO  server.RaftServerConfigKeys (ConfUtils.java:logGet(43)) - raft.server.leader.election.timeout = 120s (custom)
2019-09-12 10:53:36,574 [pool-190-thread-1] INFO  server.RaftServerConfigKeys (ConfUtils.java:logGet(43)) - raft.server.log.use.memory = false (default)
2019-09-12 10:53:36,574 [pool-190-thread-1] INFO  server.RaftServerConfigKeys (ConfUtils.java:logGet(43)) - raft.server.log.purge.gap = 1000000 (custom)
2019-09-12 10:53:36,575 [pool-190-thread-1] INFO  server.RaftServerConfigKeys (ConfUtils.java:logGet(43)) - raft.server.log.appender.buffer.byte-limit = 33554432 (custom)
2019-09-12 10:53:36,575 [pool-190-thread-1] INFO  server.RaftServerConfigKeys (ConfUtils.java:logGet(43)) - raft.server.log.segment.size.max = 1048576 (custom)
2019-09-12 10:53:36,575 [pool-190-thread-1] INFO  server.RaftServerConfigKeys (ConfUtils.java:logGet(43)) - raft.server.log.segment.cache.num.max = 2 (custom)
2019-09-12 10:53:36,575 [pool-190-thread-1] INFO  segmented.SegmentedRaftLogWorker (SegmentedRaftLogWorker.java:<init>(172)) - new b49fccba-7697-4103-b8d6-57050bb52229-SegmentedRaftLogWorker:Storage Directory /workdir/hadoop-ozone/integration-test/target/test-dir/MiniOzoneClusterImpl-0aac579c-f8ad-49ec-a94e-9a436a9c79c1/datanode-3/data/ratis/ade30d0d-6edd-472c-91ca-ea0bb6ec4be1 for RaftStorage:Storage Directory /workdir/hadoop-ozone/integration-test/target/test-dir/MiniOzoneClusterImpl-0aac579c-f8ad-49ec-a94e-9a436a9c79c1/datanode-3/data/ratis/ade30d0d-6edd-472c-91ca-ea0bb6ec4be1
2019-09-12 10:53:36,575 [pool-190-thread-1] INFO  server.RaftServerConfigKeys (ConfUtils.java:logGet(43)) - raft.server.log.queue.byte-limit = 2147483647 (custom)
2019-09-12 10:53:36,575 [pool-190-thread-1] INFO  server.RaftServerConfigKeys (ConfUtils.java:logGet(43)) - raft.server.log.queue.element-limit = 1024 (custom)
2019-09-12 10:53:36,576 [pool-190-thread-1] INFO  server.RaftServerConfigKeys (ConfUtils.java:logGet(43)) - raft.server.log.segment.size.max = 1048576 (custom)
2019-09-12 10:53:36,576 [pool-190-thread-1] INFO  server.RaftServerConfigKeys (ConfUtils.java:logGet(43)) - raft.server.log.preallocated.size = 16384 (custom)
2019-09-12 10:53:36,576 [pool-190-thread-1] INFO  server.RaftServerConfigKeys (ConfUtils.java:logGet(43)) - raft.server.log.write.buffer.size = 33554432 (custom)
2019-09-12 10:53:36,576 [pool-190-thread-1] INFO  server.RaftServerConfigKeys (ConfUtils.java:logGet(43)) - raft.server.log.force.sync.num = 128 (default)
2019-09-12 10:53:36,576 [pool-190-thread-1] INFO  server.RaftServerConfigKeys (ConfUtils.java:logGet(43)) - raft.server.log.statemachine.data.sync = true (default)
2019-09-12 10:53:36,576 [pool-190-thread-1] INFO  server.RaftServerConfigKeys (ConfUtils.java:logGet(43)) - raft.server.log.statemachine.data.sync.timeout = 10s (default)
2019-09-12 10:53:36,577 [pool-190-thread-1] INFO  server.RaftServerConfigKeys (ConfUtils.java:logGet(43)) - raft.server.log.statemachine.data.sync.timeout.retry = -1 (default)
2019-09-12 10:53:36,577 [pool-190-thread-1] INFO  server.RaftServerConfigKeys (ConfUtils.java:logGet(43)) - raft.server.log.statemachine.data.caching.enabled = true (custom)
2019-09-12 10:53:36,577 [pool-190-thread-1] INFO  segmented.SegmentedRaftLogWorker (SegmentedRaftLogWorker.java:lambda$new$0(132)) - b49fccba-7697-4103-b8d6-57050bb52229-SegmentedRaftLogWorker:Storage Directory /workdir/hadoop-ozone/integration-test/target/test-dir/MiniOzoneClusterImpl-0aac579c-f8ad-49ec-a94e-9a436a9c79c1/datanode-3/data/ratis/ade30d0d-6edd-472c-91ca-ea0bb6ec4be1: flushIndex: setUnconditionally 0 -> -1
2019-09-12 10:53:36,578 [pool-190-thread-1] INFO  server.RaftServerConfigKeys (ConfUtils.java:logGet(43)) - raft.server.snapshot.auto.trigger.enabled = true (custom)
2019-09-12 10:53:36,578 [pool-190-thread-1] INFO  server.RaftServerConfigKeys (ConfUtils.java:logGet(43)) - raft.server.snapshot.auto.trigger.threshold = 10000 (custom)
2019-09-12 10:53:36,578 [pool-190-thread-1] INFO  server.RaftServerConfigKeys (ConfUtils.java:logGet(43)) - raft.server.retrycache.expirytime = 600000ms (custom)
2019-09-12 10:53:36,578 [pool-190-thread-1] INFO  impl.RaftServerImpl (RaftServerImpl.java:start(180)) - b49fccba-7697-4103-b8d6-57050bb52229: start group-EA0BB6EC4BE1
2019-09-12 10:53:36,579 [pool-190-thread-1] INFO  impl.RaftServerImpl (RaftServerImpl.java:setRole(171)) - b49fccba-7697-4103-b8d6-57050bb52229:group-EA0BB6EC4BE1 changes role from null to FOLLOWER at term 0 for startAsFollower
2019-09-12 10:53:36,579 [pool-190-thread-1] INFO  impl.RoleInfo (RoleInfo.java:updateAndGet(143)) - b49fccba-7697-4103-b8d6-57050bb52229: start FollowerState
2019-09-12 10:53:36,579 [pool-190-thread-1] INFO  util.JmxRegister (JmxRegister.java:tryRegister(44)) - Successfully registered JMX Bean with object name Ratis:service=RaftServer,group=group-EA0BB6EC4BE1,id=b49fccba-7697-4103-b8d6-57050bb52229
2019-09-12 10:53:36,582 [RatisPipelineUtilsThread] INFO  pipeline.PipelineStateManager (PipelineStateManager.java:addPipeline(56)) - Created pipeline Pipeline[ Id: ade30d0d-6edd-472c-91ca-ea0bb6ec4be1, Nodes: b49fccba-7697-4103-b8d6-57050bb52229{ip: 192.168.157.195, host: pr-hdds-1569-xtfnx-3545843844, networkLocation: /default-rack, certSerialId: null}, Type:RATIS, Factor:ONE, State:OPEN]
2019-09-12 10:53:36,582 [RatisPipelineUtilsThread] ERROR pipeline.PipelinePlacementPolicy (PipelinePlacementPolicy.java:meetCriteria(91)) - Pipeline Placement: Doesn't meet the criteria to be viable node. Heaviness: 6
2019-09-12 10:53:36,582 [RatisPipelineUtilsThread] ERROR pipeline.PipelinePlacementPolicy (PipelinePlacementPolicy.java:meetCriteria(91)) - Pipeline Placement: Doesn't meet the criteria to be viable node. Heaviness: 6
2019-09-12 10:53:36,588 [grpc-default-executor-0] INFO  impl.RaftServerProxy (RaftServerProxy.java:addNew(89)) - b49fccba-7697-4103-b8d6-57050bb52229: addNew group-3B2FCF8BA8E0:[b49fccba-7697-4103-b8d6-57050bb52229:192.168.157.195:46518] returns group-3B2FCF8BA8E0:java.util.concurrent.CompletableFuture@7dea07c7[Not completed]
2019-09-12 10:53:36,589 [pool-190-thread-1] INFO  impl.RaftServerImpl (RaftServerImpl.java:<init>(93)) - b49fccba-7697-4103-b8d6-57050bb52229: new RaftServerImpl for group-3B2FCF8BA8E0:[b49fccba-7697-4103-b8d6-57050bb52229:192.168.157.195:46518] with ContainerStateMachine:uninitialized
2019-09-12 10:53:36,589 [pool-190-thread-1] INFO  server.RaftServerConfigKeys (ConfUtils.java:logGet(43)) - raft.server.rpc.timeout.min = 1s (custom)
2019-09-12 10:53:36,589 [pool-190-thread-1] INFO  server.RaftServerConfigKeys (ConfUtils.java:logGet(43)) - raft.server.rpc.timeout.max = 1200ms (custom)
2019-09-12 10:53:36,589 [pool-190-thread-1] INFO  server.RaftServerConfigKeys (ConfUtils.java:logGet(43)) - raft.server.rpcslowness.timeout = 120s (custom)
2019-09-12 10:53:36,589 [pool-190-thread-1] INFO  server.RaftServerConfigKeys (ConfUtils.java:logGet(43)) - raft.server.sleep.deviation.threshold = 300 (default)
2019-09-12 10:53:36,589 [pool-190-thread-1] INFO  server.RaftServerConfigKeys (ConfUtils.java:logGet(43)) - raft.server.log.appender.install.snapshot.enabled = false (custom)
2019-09-12 10:53:36,590 [pool-190-thread-1] INFO  impl.RaftServerImpl (ServerState.java:<init>(105)) - b49fccba-7697-4103-b8d6-57050bb52229:group-3B2FCF8BA8E0 ConfigurationManager, init=-1: [b49fccba-7697-4103-b8d6-57050bb52229:192.168.157.195:46518], old=null, confs=<EMPTY_MAP>
2019-09-12 10:53:36,590 [pool-190-thread-1] INFO  server.RaftServerConfigKeys (ConfUtils.java:logGet(43)) - raft.server.storage.dir = [/workdir/hadoop-ozone/integration-test/target/test-dir/MiniOzoneClusterImpl-0aac579c-f8ad-49ec-a94e-9a436a9c79c1/datanode-3/data/ratis] (custom)
2019-09-12 10:53:36,590 [pool-190-thread-1] INFO  storage.RaftStorageDirectory (RaftStorageDirectory.java:analyzeStorage(246)) - The storage directory /workdir/hadoop-ozone/integration-test/target/test-dir/MiniOzoneClusterImpl-0aac579c-f8ad-49ec-a94e-9a436a9c79c1/datanode-3/data/ratis/6406cacb-31db-4336-b5b2-3b2fcf8ba8e0 does not exist. Creating ...
2019-09-12 10:53:36,603 [pool-190-thread-1] INFO  storage.RaftStorageDirectory (RaftStorageDirectory.java:tryLock(328)) - Lock on /workdir/hadoop-ozone/integration-test/target/test-dir/MiniOzoneClusterImpl-0aac579c-f8ad-49ec-a94e-9a436a9c79c1/datanode-3/data/ratis/6406cacb-31db-4336-b5b2-3b2fcf8ba8e0/in_use.lock acquired by nodename 620@pr-hdds-1569-xtfnx-3545843844
2019-09-12 10:53:36,619 [pool-190-thread-1] INFO  storage.RaftStorage (RaftStorage.java:format(72)) - Storage directory /workdir/hadoop-ozone/integration-test/target/test-dir/MiniOzoneClusterImpl-0aac579c-f8ad-49ec-a94e-9a436a9c79c1/datanode-3/data/ratis/6406cacb-31db-4336-b5b2-3b2fcf8ba8e0 has been successfully formatted.
2019-09-12 10:53:36,619 [pool-190-thread-1] INFO  ratis.ContainerStateMachine (ContainerStateMachine.java:loadSnapshot(226)) - group-3B2FCF8BA8E0: The snapshot info is null. Setting the last applied indexto:(t:0, i:~)
2019-09-12 10:53:36,620 [pool-190-thread-1] INFO  server.RaftServerConfigKeys (ConfUtils.java:logGet(43)) - raft.server.leader.election.timeout = 120s (custom)
2019-09-12 10:53:36,620 [pool-190-thread-1] INFO  server.RaftServerConfigKeys (ConfUtils.java:logGet(43)) - raft.server.log.use.memory = false (default)
2019-09-12 10:53:36,620 [pool-190-thread-1] INFO  server.RaftServerConfigKeys (ConfUtils.java:logGet(43)) - raft.server.log.purge.gap = 1000000 (custom)
2019-09-12 10:53:36,620 [pool-190-thread-1] INFO  server.RaftServerConfigKeys (ConfUtils.java:logGet(43)) - raft.server.log.appender.buffer.byte-limit = 33554432 (custom)
2019-09-12 10:53:36,620 [pool-190-thread-1] INFO  server.RaftServerConfigKeys (ConfUtils.java:logGet(43)) - raft.server.log.segment.size.max = 1048576 (custom)
2019-09-12 10:53:36,621 [pool-190-thread-1] INFO  server.RaftServerConfigKeys (ConfUtils.java:logGet(43)) - raft.server.log.segment.cache.num.max = 2 (custom)
2019-09-12 10:53:36,621 [pool-190-thread-1] INFO  segmented.SegmentedRaftLogWorker (SegmentedRaftLogWorker.java:<init>(172)) - new b49fccba-7697-4103-b8d6-57050bb52229-SegmentedRaftLogWorker:Storage Directory /workdir/hadoop-ozone/integration-test/target/test-dir/MiniOzoneClusterImpl-0aac579c-f8ad-49ec-a94e-9a436a9c79c1/datanode-3/data/ratis/6406cacb-31db-4336-b5b2-3b2fcf8ba8e0 for RaftStorage:Storage Directory /workdir/hadoop-ozone/integration-test/target/test-dir/MiniOzoneClusterImpl-0aac579c-f8ad-49ec-a94e-9a436a9c79c1/datanode-3/data/ratis/6406cacb-31db-4336-b5b2-3b2fcf8ba8e0
2019-09-12 10:53:36,621 [pool-190-thread-1] INFO  server.RaftServerConfigKeys (ConfUtils.java:logGet(43)) - raft.server.log.queue.byte-limit = 2147483647 (custom)
2019-09-12 10:53:36,621 [pool-190-thread-1] INFO  server.RaftServerConfigKeys (ConfUtils.java:logGet(43)) - raft.server.log.queue.element-limit = 1024 (custom)
2019-09-12 10:53:36,621 [pool-190-thread-1] INFO  server.RaftServerConfigKeys (ConfUtils.java:logGet(43)) - raft.server.log.segment.size.max = 1048576 (custom)
2019-09-12 10:53:36,622 [pool-190-thread-1] INFO  server.RaftServerConfigKeys (ConfUtils.java:logGet(43)) - raft.server.log.preallocated.size = 16384 (custom)
2019-09-12 10:53:36,622 [pool-190-thread-1] INFO  server.RaftServerConfigKeys (ConfUtils.java:logGet(43)) - raft.server.log.write.buffer.size = 33554432 (custom)
2019-09-12 10:53:36,622 [pool-190-thread-1] INFO  server.RaftServerConfigKeys (ConfUtils.java:logGet(43)) - raft.server.log.force.sync.num = 128 (default)
2019-09-12 10:53:36,622 [pool-190-thread-1] INFO  server.RaftServerConfigKeys (ConfUtils.java:logGet(43)) - raft.server.log.statemachine.data.sync = true (default)
2019-09-12 10:53:36,622 [pool-190-thread-1] INFO  server.RaftServerConfigKeys (ConfUtils.java:logGet(43)) - raft.server.log.statemachine.data.sync.timeout = 10s (default)
2019-09-12 10:53:36,622 [pool-190-thread-1] INFO  server.RaftServerConfigKeys (ConfUtils.java:logGet(43)) - raft.server.log.statemachine.data.sync.timeout.retry = -1 (default)
2019-09-12 10:53:36,623 [pool-190-thread-1] INFO  server.RaftServerConfigKeys (ConfUtils.java:logGet(43)) - raft.server.log.statemachine.data.caching.enabled = true (custom)
2019-09-12 10:53:36,623 [pool-190-thread-1] INFO  segmented.SegmentedRaftLogWorker (SegmentedRaftLogWorker.java:lambda$new$0(132)) - b49fccba-7697-4103-b8d6-57050bb52229-SegmentedRaftLogWorker:Storage Directory /workdir/hadoop-ozone/integration-test/target/test-dir/MiniOzoneClusterImpl-0aac579c-f8ad-49ec-a94e-9a436a9c79c1/datanode-3/data/ratis/6406cacb-31db-4336-b5b2-3b2fcf8ba8e0: flushIndex: setUnconditionally 0 -> -1
2019-09-12 10:53:36,624 [pool-190-thread-1] INFO  server.RaftServerConfigKeys (ConfUtils.java:logGet(43)) - raft.server.snapshot.auto.trigger.enabled = true (custom)
2019-09-12 10:53:36,624 [pool-190-thread-1] INFO  server.RaftServerConfigKeys (ConfUtils.java:logGet(43)) - raft.server.snapshot.auto.trigger.threshold = 10000 (custom)
2019-09-12 10:53:36,624 [pool-190-thread-1] INFO  server.RaftServerConfigKeys (ConfUtils.java:logGet(43)) - raft.server.retrycache.expirytime = 600000ms (custom)
2019-09-12 10:53:36,624 [pool-190-thread-1] INFO  impl.RaftServerImpl (RaftServerImpl.java:start(180)) - b49fccba-7697-4103-b8d6-57050bb52229: start group-3B2FCF8BA8E0
2019-09-12 10:53:36,624 [pool-190-thread-1] INFO  impl.RaftServerImpl (RaftServerImpl.java:setRole(171)) - b49fccba-7697-4103-b8d6-57050bb52229:group-3B2FCF8BA8E0 changes role from null to FOLLOWER at term 0 for startAsFollower
2019-09-12 10:53:36,625 [pool-190-thread-1] INFO  impl.RoleInfo (RoleInfo.java:updateAndGet(143)) - b49fccba-7697-4103-b8d6-57050bb52229: start FollowerState
2019-09-12 10:53:36,625 [pool-190-thread-1] INFO  util.JmxRegister (JmxRegister.java:tryRegister(44)) - Successfully registered JMX Bean with object name Ratis:service=RaftServer,group=group-3B2FCF8BA8E0,id=b49fccba-7697-4103-b8d6-57050bb52229
2019-09-12 10:53:36,628 [RatisPipelineUtilsThread] INFO  pipeline.PipelineStateManager (PipelineStateManager.java:addPipeline(56)) - Created pipeline Pipeline[ Id: 6406cacb-31db-4336-b5b2-3b2fcf8ba8e0, Nodes: b49fccba-7697-4103-b8d6-57050bb52229{ip: 192.168.157.195, host: pr-hdds-1569-xtfnx-3545843844, networkLocation: /default-rack, certSerialId: null}, Type:RATIS, Factor:ONE, State:OPEN]
2019-09-12 10:53:36,629 [RatisPipelineUtilsThread] ERROR pipeline.PipelinePlacementPolicy (PipelinePlacementPolicy.java:meetCriteria(91)) - Pipeline Placement: Doesn't meet the criteria to be viable node. Heaviness: 6
2019-09-12 10:53:36,629 [RatisPipelineUtilsThread] ERROR pipeline.PipelinePlacementPolicy (PipelinePlacementPolicy.java:meetCriteria(91)) - Pipeline Placement: Doesn't meet the criteria to be viable node. Heaviness: 6
2019-09-12 10:53:36,635 [grpc-default-executor-0] INFO  impl.RaftServerProxy (RaftServerProxy.java:addNew(89)) - 4e79f251-f4f2-46d8-98e5-a0ed6d578d1f: addNew group-182DA133B454:[4e79f251-f4f2-46d8-98e5-a0ed6d578d1f:192.168.157.195:36131] returns group-182DA133B454:java.util.concurrent.CompletableFuture@36a3200e[Not completed]
2019-09-12 10:53:36,636 [pool-179-thread-1] INFO  impl.RaftServerImpl (RaftServerImpl.java:<init>(93)) - 4e79f251-f4f2-46d8-98e5-a0ed6d578d1f: new RaftServerImpl for group-182DA133B454:[4e79f251-f4f2-46d8-98e5-a0ed6d578d1f:192.168.157.195:36131] with ContainerStateMachine:uninitialized
2019-09-12 10:53:36,636 [pool-179-thread-1] INFO  server.RaftServerConfigKeys (ConfUtils.java:logGet(43)) - raft.server.rpc.timeout.min = 1s (custom)
2019-09-12 10:53:36,636 [pool-179-thread-1] INFO  server.RaftServerConfigKeys (ConfUtils.java:logGet(43)) - raft.server.rpc.timeout.max = 1200ms (custom)
2019-09-12 10:53:36,636 [pool-179-thread-1] INFO  server.RaftServerConfigKeys (ConfUtils.java:logGet(43)) - raft.server.rpcslowness.timeout = 120s (custom)
2019-09-12 10:53:36,636 [pool-179-thread-1] INFO  server.RaftServerConfigKeys (ConfUtils.java:logGet(43)) - raft.server.sleep.deviation.threshold = 300 (default)
2019-09-12 10:53:36,637 [pool-179-thread-1] INFO  server.RaftServerConfigKeys (ConfUtils.java:logGet(43)) - raft.server.log.appender.install.snapshot.enabled = false (custom)
2019-09-12 10:53:36,637 [pool-179-thread-1] INFO  impl.RaftServerImpl (ServerState.java:<init>(105)) - 4e79f251-f4f2-46d8-98e5-a0ed6d578d1f:group-182DA133B454 ConfigurationManager, init=-1: [4e79f251-f4f2-46d8-98e5-a0ed6d578d1f:192.168.157.195:36131], old=null, confs=<EMPTY_MAP>
2019-09-12 10:53:36,637 [pool-179-thread-1] INFO  server.RaftServerConfigKeys (ConfUtils.java:logGet(43)) - raft.server.storage.dir = [/workdir/hadoop-ozone/integration-test/target/test-dir/MiniOzoneClusterImpl-0aac579c-f8ad-49ec-a94e-9a436a9c79c1/datanode-2/data/ratis] (custom)
2019-09-12 10:53:36,637 [pool-179-thread-1] INFO  storage.RaftStorageDirectory (RaftStorageDirectory.java:analyzeStorage(246)) - The storage directory /workdir/hadoop-ozone/integration-test/target/test-dir/MiniOzoneClusterImpl-0aac579c-f8ad-49ec-a94e-9a436a9c79c1/datanode-2/data/ratis/cdf618fb-180d-4b4e-bda6-182da133b454 does not exist. Creating ...
2019-09-12 10:53:36,650 [pool-179-thread-1] INFO  storage.RaftStorageDirectory (RaftStorageDirectory.java:tryLock(328)) - Lock on /workdir/hadoop-ozone/integration-test/target/test-dir/MiniOzoneClusterImpl-0aac579c-f8ad-49ec-a94e-9a436a9c79c1/datanode-2/data/ratis/cdf618fb-180d-4b4e-bda6-182da133b454/in_use.lock acquired by nodename 620@pr-hdds-1569-xtfnx-3545843844
2019-09-12 10:53:36,663 [pool-179-thread-1] INFO  storage.RaftStorage (RaftStorage.java:format(72)) - Storage directory /workdir/hadoop-ozone/integration-test/target/test-dir/MiniOzoneClusterImpl-0aac579c-f8ad-49ec-a94e-9a436a9c79c1/datanode-2/data/ratis/cdf618fb-180d-4b4e-bda6-182da133b454 has been successfully formatted.
2019-09-12 10:53:36,664 [pool-179-thread-1] INFO  ratis.ContainerStateMachine (ContainerStateMachine.java:loadSnapshot(226)) - group-182DA133B454: The snapshot info is null. Setting the last applied indexto:(t:0, i:~)
2019-09-12 10:53:36,664 [pool-179-thread-1] INFO  server.RaftServerConfigKeys (ConfUtils.java:logGet(43)) - raft.server.leader.election.timeout = 120s (custom)
2019-09-12 10:53:36,664 [pool-179-thread-1] INFO  server.RaftServerConfigKeys (ConfUtils.java:logGet(43)) - raft.server.log.use.memory = false (default)
2019-09-12 10:53:36,664 [pool-179-thread-1] INFO  server.RaftServerConfigKeys (ConfUtils.java:logGet(43)) - raft.server.log.purge.gap = 1000000 (custom)
2019-09-12 10:53:36,665 [pool-179-thread-1] INFO  server.RaftServerConfigKeys (ConfUtils.java:logGet(43)) - raft.server.log.appender.buffer.byte-limit = 33554432 (custom)
2019-09-12 10:53:36,665 [pool-179-thread-1] INFO  server.RaftServerConfigKeys (ConfUtils.java:logGet(43)) - raft.server.log.segment.size.max = 1048576 (custom)
2019-09-12 10:53:36,665 [pool-179-thread-1] INFO  server.RaftServerConfigKeys (ConfUtils.java:logGet(43)) - raft.server.log.segment.cache.num.max = 2 (custom)
2019-09-12 10:53:36,666 [pool-179-thread-1] INFO  segmented.SegmentedRaftLogWorker (SegmentedRaftLogWorker.java:<init>(172)) - new 4e79f251-f4f2-46d8-98e5-a0ed6d578d1f-SegmentedRaftLogWorker:Storage Directory /workdir/hadoop-ozone/integration-test/target/test-dir/MiniOzoneClusterImpl-0aac579c-f8ad-49ec-a94e-9a436a9c79c1/datanode-2/data/ratis/cdf618fb-180d-4b4e-bda6-182da133b454 for RaftStorage:Storage Directory /workdir/hadoop-ozone/integration-test/target/test-dir/MiniOzoneClusterImpl-0aac579c-f8ad-49ec-a94e-9a436a9c79c1/datanode-2/data/ratis/cdf618fb-180d-4b4e-bda6-182da133b454
2019-09-12 10:53:36,666 [pool-179-thread-1] INFO  server.RaftServerConfigKeys (ConfUtils.java:logGet(43)) - raft.server.log.queue.byte-limit = 2147483647 (custom)
2019-09-12 10:53:36,666 [pool-179-thread-1] INFO  server.RaftServerConfigKeys (ConfUtils.java:logGet(43)) - raft.server.log.queue.element-limit = 1024 (custom)
2019-09-12 10:53:36,666 [pool-179-thread-1] INFO  server.RaftServerConfigKeys (ConfUtils.java:logGet(43)) - raft.server.log.segment.size.max = 1048576 (custom)
2019-09-12 10:53:36,667 [pool-179-thread-1] INFO  server.RaftServerConfigKeys (ConfUtils.java:logGet(43)) - raft.server.log.preallocated.size = 16384 (custom)
2019-09-12 10:53:36,667 [pool-179-thread-1] INFO  server.RaftServerConfigKeys (ConfUtils.java:logGet(43)) - raft.server.log.write.buffer.size = 33554432 (custom)
2019-09-12 10:53:36,667 [pool-179-thread-1] INFO  server.RaftServerConfigKeys (ConfUtils.java:logGet(43)) - raft.server.log.force.sync.num = 128 (default)
2019-09-12 10:53:36,667 [pool-179-thread-1] INFO  server.RaftServerConfigKeys (ConfUtils.java:logGet(43)) - raft.server.log.statemachine.data.sync = true (default)
2019-09-12 10:53:36,667 [pool-179-thread-1] INFO  server.RaftServerConfigKeys (ConfUtils.java:logGet(43)) - raft.server.log.statemachine.data.sync.timeout = 10s (default)
2019-09-12 10:53:36,668 [pool-179-thread-1] INFO  server.RaftServerConfigKeys (ConfUtils.java:logGet(43)) - raft.server.log.statemachine.data.sync.timeout.retry = -1 (default)
2019-09-12 10:53:36,668 [pool-179-thread-1] INFO  server.RaftServerConfigKeys (ConfUtils.java:logGet(43)) - raft.server.log.statemachine.data.caching.enabled = true (custom)
2019-09-12 10:53:36,669 [pool-179-thread-1] INFO  segmented.SegmentedRaftLogWorker (SegmentedRaftLogWorker.java:lambda$new$0(132)) - 4e79f251-f4f2-46d8-98e5-a0ed6d578d1f-SegmentedRaftLogWorker:Storage Directory /workdir/hadoop-ozone/integration-test/target/test-dir/MiniOzoneClusterImpl-0aac579c-f8ad-49ec-a94e-9a436a9c79c1/datanode-2/data/ratis/cdf618fb-180d-4b4e-bda6-182da133b454: flushIndex: setUnconditionally 0 -> -1
2019-09-12 10:53:36,669 [pool-179-thread-1] INFO  server.RaftServerConfigKeys (ConfUtils.java:logGet(43)) - raft.server.snapshot.auto.trigger.enabled = true (custom)
2019-09-12 10:53:36,669 [pool-179-thread-1] INFO  server.RaftServerConfigKeys (ConfUtils.java:logGet(43)) - raft.server.snapshot.auto.trigger.threshold = 10000 (custom)
2019-09-12 10:53:36,670 [pool-179-thread-1] INFO  server.RaftServerConfigKeys (ConfUtils.java:logGet(43)) - raft.server.retrycache.expirytime = 600000ms (custom)
2019-09-12 10:53:36,670 [pool-179-thread-1] INFO  impl.RaftServerImpl (RaftServerImpl.java:start(180)) - 4e79f251-f4f2-46d8-98e5-a0ed6d578d1f: start group-182DA133B454
2019-09-12 10:53:36,670 [pool-179-thread-1] INFO  impl.RaftServerImpl (RaftServerImpl.java:setRole(171)) - 4e79f251-f4f2-46d8-98e5-a0ed6d578d1f:group-182DA133B454 changes role from null to FOLLOWER at term 0 for startAsFollower
2019-09-12 10:53:36,670 [pool-179-thread-1] INFO  impl.RoleInfo (RoleInfo.java:updateAndGet(143)) - 4e79f251-f4f2-46d8-98e5-a0ed6d578d1f: start FollowerState
2019-09-12 10:53:36,671 [pool-179-thread-1] INFO  util.JmxRegister (JmxRegister.java:tryRegister(44)) - Successfully registered JMX Bean with object name Ratis:service=RaftServer,group=group-182DA133B454,id=4e79f251-f4f2-46d8-98e5-a0ed6d578d1f
2019-09-12 10:53:36,674 [RatisPipelineUtilsThread] INFO  pipeline.PipelineStateManager (PipelineStateManager.java:addPipeline(56)) - Created pipeline Pipeline[ Id: cdf618fb-180d-4b4e-bda6-182da133b454, Nodes: 4e79f251-f4f2-46d8-98e5-a0ed6d578d1f{ip: 192.168.157.195, host: pr-hdds-1569-xtfnx-3545843844, networkLocation: /default-rack, certSerialId: null}, Type:RATIS, Factor:ONE, State:OPEN]
2019-09-12 10:53:36,674 [RatisPipelineUtilsThread] ERROR pipeline.PipelinePlacementPolicy (PipelinePlacementPolicy.java:meetCriteria(91)) - Pipeline Placement: Doesn't meet the criteria to be viable node. Heaviness: 6
2019-09-12 10:53:36,675 [RatisPipelineUtilsThread] ERROR pipeline.PipelinePlacementPolicy (PipelinePlacementPolicy.java:meetCriteria(91)) - Pipeline Placement: Doesn't meet the criteria to be viable node. Heaviness: 6
2019-09-12 10:53:36,682 [grpc-default-executor-0] INFO  impl.RaftServerProxy (RaftServerProxy.java:addNew(89)) - 4e79f251-f4f2-46d8-98e5-a0ed6d578d1f: addNew group-E11119299B15:[4e79f251-f4f2-46d8-98e5-a0ed6d578d1f:192.168.157.195:36131] returns group-E11119299B15:java.util.concurrent.CompletableFuture@78331232[Not completed]
2019-09-12 10:53:36,685 [pool-179-thread-1] INFO  impl.RaftServerImpl (RaftServerImpl.java:<init>(93)) - 4e79f251-f4f2-46d8-98e5-a0ed6d578d1f: new RaftServerImpl for group-E11119299B15:[4e79f251-f4f2-46d8-98e5-a0ed6d578d1f:192.168.157.195:36131] with ContainerStateMachine:uninitialized
2019-09-12 10:53:36,686 [pool-179-thread-1] INFO  server.RaftServerConfigKeys (ConfUtils.java:logGet(43)) - raft.server.rpc.timeout.min = 1s (custom)
2019-09-12 10:53:36,686 [pool-179-thread-1] INFO  server.RaftServerConfigKeys (ConfUtils.java:logGet(43)) - raft.server.rpc.timeout.max = 1200ms (custom)
2019-09-12 10:53:36,686 [pool-179-thread-1] INFO  server.RaftServerConfigKeys (ConfUtils.java:logGet(43)) - raft.server.rpcslowness.timeout = 120s (custom)
2019-09-12 10:53:36,686 [pool-179-thread-1] INFO  server.RaftServerConfigKeys (ConfUtils.java:logGet(43)) - raft.server.sleep.deviation.threshold = 300 (default)
2019-09-12 10:53:36,686 [pool-179-thread-1] INFO  server.RaftServerConfigKeys (ConfUtils.java:logGet(43)) - raft.server.log.appender.install.snapshot.enabled = false (custom)
2019-09-12 10:53:36,686 [pool-179-thread-1] INFO  impl.RaftServerImpl (ServerState.java:<init>(105)) - 4e79f251-f4f2-46d8-98e5-a0ed6d578d1f:group-E11119299B15 ConfigurationManager, init=-1: [4e79f251-f4f2-46d8-98e5-a0ed6d578d1f:192.168.157.195:36131], old=null, confs=<EMPTY_MAP>
2019-09-12 10:53:36,687 [pool-179-thread-1] INFO  server.RaftServerConfigKeys (ConfUtils.java:logGet(43)) - raft.server.storage.dir = [/workdir/hadoop-ozone/integration-test/target/test-dir/MiniOzoneClusterImpl-0aac579c-f8ad-49ec-a94e-9a436a9c79c1/datanode-2/data/ratis] (custom)
2019-09-12 10:53:36,687 [pool-179-thread-1] INFO  storage.RaftStorageDirectory (RaftStorageDirectory.java:analyzeStorage(246)) - The storage directory /workdir/hadoop-ozone/integration-test/target/test-dir/MiniOzoneClusterImpl-0aac579c-f8ad-49ec-a94e-9a436a9c79c1/datanode-2/data/ratis/044a2ee5-142c-44bb-8b20-e11119299b15 does not exist. Creating ...
2019-09-12 10:53:36,700 [pool-179-thread-1] INFO  storage.RaftStorageDirectory (RaftStorageDirectory.java:tryLock(328)) - Lock on /workdir/hadoop-ozone/integration-test/target/test-dir/MiniOzoneClusterImpl-0aac579c-f8ad-49ec-a94e-9a436a9c79c1/datanode-2/data/ratis/044a2ee5-142c-44bb-8b20-e11119299b15/in_use.lock acquired by nodename 620@pr-hdds-1569-xtfnx-3545843844
2019-09-12 10:53:36,711 [IPC Server handler 4 on 42874] INFO  net.NetworkTopology (NetworkTopologyImpl.java:add(110)) - Added a new node: /default-rack/226b4809-1310-4df7-b0e3-70448e94a1e8
2019-09-12 10:53:36,711 [IPC Server handler 4 on 42874] INFO  node.SCMNodeManager (SCMNodeManager.java:register(273)) - Registered Data node : 226b4809-1310-4df7-b0e3-70448e94a1e8{ip: 192.168.157.195, host: pr-hdds-1569-xtfnx-3545843844, networkLocation: /default-rack, certSerialId: null}
2019-09-12 10:53:36,711 | INFO  | SCMAudit | user=jenkins1000 | ip=192.168.157.195 | op=REGISTER {datanodeDetails=226b4809-1310-4df7-b0e3-70448e94a1e8{ip: 192.168.157.195, host: pr-hdds-1569-xtfnx-3545843844, networkLocation: /default-rack, certSerialId: null}} | ret=SUCCESS |  
2019-09-12 10:53:36,723 [pool-179-thread-1] INFO  storage.RaftStorage (RaftStorage.java:format(72)) - Storage directory /workdir/hadoop-ozone/integration-test/target/test-dir/MiniOzoneClusterImpl-0aac579c-f8ad-49ec-a94e-9a436a9c79c1/datanode-2/data/ratis/044a2ee5-142c-44bb-8b20-e11119299b15 has been successfully formatted.
2019-09-12 10:53:36,723 [pool-179-thread-1] INFO  ratis.ContainerStateMachine (ContainerStateMachine.java:loadSnapshot(226)) - group-E11119299B15: The snapshot info is null. Setting the last applied indexto:(t:0, i:~)
2019-09-12 10:53:36,723 [pool-179-thread-1] INFO  server.RaftServerConfigKeys (ConfUtils.java:logGet(43)) - raft.server.leader.election.timeout = 120s (custom)
2019-09-12 10:53:36,724 [pool-179-thread-1] INFO  server.RaftServerConfigKeys (ConfUtils.java:logGet(43)) - raft.server.log.use.memory = false (default)
2019-09-12 10:53:36,724 [pool-179-thread-1] INFO  server.RaftServerConfigKeys (ConfUtils.java:logGet(43)) - raft.server.log.purge.gap = 1000000 (custom)
2019-09-12 10:53:36,724 [pool-179-thread-1] INFO  server.RaftServerConfigKeys (ConfUtils.java:logGet(43)) - raft.server.log.appender.buffer.byte-limit = 33554432 (custom)
2019-09-12 10:53:36,724 [pool-179-thread-1] INFO  server.RaftServerConfigKeys (ConfUtils.java:logGet(43)) - raft.server.log.segment.size.max = 1048576 (custom)
2019-09-12 10:53:36,724 [pool-179-thread-1] INFO  server.RaftServerConfigKeys (ConfUtils.java:logGet(43)) - raft.server.log.segment.cache.num.max = 2 (custom)
2019-09-12 10:53:36,725 [pool-179-thread-1] INFO  segmented.SegmentedRaftLogWorker (SegmentedRaftLogWorker.java:<init>(172)) - new 4e79f251-f4f2-46d8-98e5-a0ed6d578d1f-SegmentedRaftLogWorker:Storage Directory /workdir/hadoop-ozone/integration-test/target/test-dir/MiniOzoneClusterImpl-0aac579c-f8ad-49ec-a94e-9a436a9c79c1/datanode-2/data/ratis/044a2ee5-142c-44bb-8b20-e11119299b15 for RaftStorage:Storage Directory /workdir/hadoop-ozone/integration-test/target/test-dir/MiniOzoneClusterImpl-0aac579c-f8ad-49ec-a94e-9a436a9c79c1/datanode-2/data/ratis/044a2ee5-142c-44bb-8b20-e11119299b15
2019-09-12 10:53:36,725 [pool-179-thread-1] INFO  server.RaftServerConfigKeys (ConfUtils.java:logGet(43)) - raft.server.log.queue.byte-limit = 2147483647 (custom)
2019-09-12 10:53:36,725 [pool-179-thread-1] INFO  server.RaftServerConfigKeys (ConfUtils.java:logGet(43)) - raft.server.log.queue.element-limit = 1024 (custom)
2019-09-12 10:53:36,725 [pool-179-thread-1] INFO  server.RaftServerConfigKeys (ConfUtils.java:logGet(43)) - raft.server.log.segment.size.max = 1048576 (custom)
2019-09-12 10:53:36,725 [pool-179-thread-1] INFO  server.RaftServerConfigKeys (ConfUtils.java:logGet(43)) - raft.server.log.preallocated.size = 16384 (custom)
2019-09-12 10:53:36,725 [pool-179-thread-1] INFO  server.RaftServerConfigKeys (ConfUtils.java:logGet(43)) - raft.server.log.write.buffer.size = 33554432 (custom)
2019-09-12 10:53:36,726 [pool-179-thread-1] INFO  server.RaftServerConfigKeys (ConfUtils.java:logGet(43)) - raft.server.log.force.sync.num = 128 (default)
2019-09-12 10:53:36,726 [pool-179-thread-1] INFO  server.RaftServerConfigKeys (ConfUtils.java:logGet(43)) - raft.server.log.statemachine.data.sync = true (default)
2019-09-12 10:53:36,726 [pool-179-thread-1] INFO  server.RaftServerConfigKeys (ConfUtils.java:logGet(43)) - raft.server.log.statemachine.data.sync.timeout = 10s (default)
2019-09-12 10:53:36,726 [pool-179-thread-1] INFO  server.RaftServerConfigKeys (ConfUtils.java:logGet(43)) - raft.server.log.statemachine.data.sync.timeout.retry = -1 (default)
2019-09-12 10:53:36,726 [pool-179-thread-1] INFO  server.RaftServerConfigKeys (ConfUtils.java:logGet(43)) - raft.server.log.statemachine.data.caching.enabled = true (custom)
2019-09-12 10:53:36,727 [pool-179-thread-1] INFO  segmented.SegmentedRaftLogWorker (SegmentedRaftLogWorker.java:lambda$new$0(132)) - 4e79f251-f4f2-46d8-98e5-a0ed6d578d1f-SegmentedRaftLogWorker:Storage Directory /workdir/hadoop-ozone/integration-test/target/test-dir/MiniOzoneClusterImpl-0aac579c-f8ad-49ec-a94e-9a436a9c79c1/datanode-2/data/ratis/044a2ee5-142c-44bb-8b20-e11119299b15: flushIndex: setUnconditionally 0 -> -1
2019-09-12 10:53:36,727 [pool-179-thread-1] INFO  server.RaftServerConfigKeys (ConfUtils.java:logGet(43)) - raft.server.snapshot.auto.trigger.enabled = true (custom)
2019-09-12 10:53:36,727 [pool-179-thread-1] INFO  server.RaftServerConfigKeys (ConfUtils.java:logGet(43)) - raft.server.snapshot.auto.trigger.threshold = 10000 (custom)
2019-09-12 10:53:36,728 [pool-179-thread-1] INFO  server.RaftServerConfigKeys (ConfUtils.java:logGet(43)) - raft.server.retrycache.expirytime = 600000ms (custom)
2019-09-12 10:53:36,728 [pool-179-thread-1] INFO  impl.RaftServerImpl (RaftServerImpl.java:start(180)) - 4e79f251-f4f2-46d8-98e5-a0ed6d578d1f: start group-E11119299B15
2019-09-12 10:53:36,728 [pool-179-thread-1] INFO  impl.RaftServerImpl (RaftServerImpl.java:setRole(171)) - 4e79f251-f4f2-46d8-98e5-a0ed6d578d1f:group-E11119299B15 changes role from null to FOLLOWER at term 0 for startAsFollower
2019-09-12 10:53:36,728 [pool-179-thread-1] INFO  impl.RoleInfo (RoleInfo.java:updateAndGet(143)) - 4e79f251-f4f2-46d8-98e5-a0ed6d578d1f: start FollowerState
2019-09-12 10:53:36,729 [pool-179-thread-1] INFO  util.JmxRegister (JmxRegister.java:tryRegister(44)) - Successfully registered JMX Bean with object name Ratis:service=RaftServer,group=group-E11119299B15,id=4e79f251-f4f2-46d8-98e5-a0ed6d578d1f
2019-09-12 10:53:36,732 [RatisPipelineUtilsThread] INFO  pipeline.PipelineStateManager (PipelineStateManager.java:addPipeline(56)) - Created pipeline Pipeline[ Id: 044a2ee5-142c-44bb-8b20-e11119299b15, Nodes: 4e79f251-f4f2-46d8-98e5-a0ed6d578d1f{ip: 192.168.157.195, host: pr-hdds-1569-xtfnx-3545843844, networkLocation: /default-rack, certSerialId: null}, Type:RATIS, Factor:ONE, State:OPEN]
2019-09-12 10:53:36,733 [RatisPipelineUtilsThread] ERROR pipeline.PipelinePlacementPolicy (PipelinePlacementPolicy.java:meetCriteria(91)) - Pipeline Placement: Doesn't meet the criteria to be viable node. Heaviness: 6
2019-09-12 10:53:36,733 [RatisPipelineUtilsThread] ERROR pipeline.PipelinePlacementPolicy (PipelinePlacementPolicy.java:meetCriteria(91)) - Pipeline Placement: Doesn't meet the criteria to be viable node. Heaviness: 6
2019-09-12 10:53:36,739 [grpc-default-executor-0] INFO  impl.RaftServerProxy (RaftServerProxy.java:addNew(89)) - b49fccba-7697-4103-b8d6-57050bb52229: addNew group-7A1537ACEB65:[b49fccba-7697-4103-b8d6-57050bb52229:192.168.157.195:46518] returns group-7A1537ACEB65:java.util.concurrent.CompletableFuture@6a6857a7[Not completed]
2019-09-12 10:53:36,740 [pool-190-thread-1] INFO  impl.RaftServerImpl (RaftServerImpl.java:<init>(93)) - b49fccba-7697-4103-b8d6-57050bb52229: new RaftServerImpl for group-7A1537ACEB65:[b49fccba-7697-4103-b8d6-57050bb52229:192.168.157.195:46518] with ContainerStateMachine:uninitialized
2019-09-12 10:53:36,740 [pool-190-thread-1] INFO  server.RaftServerConfigKeys (ConfUtils.java:logGet(43)) - raft.server.rpc.timeout.min = 1s (custom)
2019-09-12 10:53:36,740 [pool-190-thread-1] INFO  server.RaftServerConfigKeys (ConfUtils.java:logGet(43)) - raft.server.rpc.timeout.max = 1200ms (custom)
2019-09-12 10:53:36,740 [pool-190-thread-1] INFO  server.RaftServerConfigKeys (ConfUtils.java:logGet(43)) - raft.server.rpcslowness.timeout = 120s (custom)
2019-09-12 10:53:36,740 [pool-190-thread-1] INFO  server.RaftServerConfigKeys (ConfUtils.java:logGet(43)) - raft.server.sleep.deviation.threshold = 300 (default)
2019-09-12 10:53:36,740 [pool-190-thread-1] INFO  server.RaftServerConfigKeys (ConfUtils.java:logGet(43)) - raft.server.log.appender.install.snapshot.enabled = false (custom)
2019-09-12 10:53:36,741 [pool-190-thread-1] INFO  impl.RaftServerImpl (ServerState.java:<init>(105)) - b49fccba-7697-4103-b8d6-57050bb52229:group-7A1537ACEB65 ConfigurationManager, init=-1: [b49fccba-7697-4103-b8d6-57050bb52229:192.168.157.195:46518], old=null, confs=<EMPTY_MAP>
2019-09-12 10:53:36,741 [pool-190-thread-1] INFO  server.RaftServerConfigKeys (ConfUtils.java:logGet(43)) - raft.server.storage.dir = [/workdir/hadoop-ozone/integration-test/target/test-dir/MiniOzoneClusterImpl-0aac579c-f8ad-49ec-a94e-9a436a9c79c1/datanode-3/data/ratis] (custom)
2019-09-12 10:53:36,741 [pool-190-thread-1] INFO  storage.RaftStorageDirectory (RaftStorageDirectory.java:analyzeStorage(246)) - The storage directory /workdir/hadoop-ozone/integration-test/target/test-dir/MiniOzoneClusterImpl-0aac579c-f8ad-49ec-a94e-9a436a9c79c1/datanode-3/data/ratis/3343a441-957b-4877-a09a-7a1537aceb65 does not exist. Creating ...
2019-09-12 10:53:36,754 [pool-190-thread-1] INFO  storage.RaftStorageDirectory (RaftStorageDirectory.java:tryLock(328)) - Lock on /workdir/hadoop-ozone/integration-test/target/test-dir/MiniOzoneClusterImpl-0aac579c-f8ad-49ec-a94e-9a436a9c79c1/datanode-3/data/ratis/3343a441-957b-4877-a09a-7a1537aceb65/in_use.lock acquired by nodename 620@pr-hdds-1569-xtfnx-3545843844
2019-09-12 10:53:36,767 [pool-190-thread-1] INFO  storage.RaftStorage (RaftStorage.java:format(72)) - Storage directory /workdir/hadoop-ozone/integration-test/target/test-dir/MiniOzoneClusterImpl-0aac579c-f8ad-49ec-a94e-9a436a9c79c1/datanode-3/data/ratis/3343a441-957b-4877-a09a-7a1537aceb65 has been successfully formatted.
2019-09-12 10:53:36,767 [pool-190-thread-1] INFO  ratis.ContainerStateMachine (ContainerStateMachine.java:loadSnapshot(226)) - group-7A1537ACEB65: The snapshot info is null. Setting the last applied indexto:(t:0, i:~)
2019-09-12 10:53:36,767 [pool-190-thread-1] INFO  server.RaftServerConfigKeys (ConfUtils.java:logGet(43)) - raft.server.leader.election.timeout = 120s (custom)
2019-09-12 10:53:36,767 [pool-190-thread-1] INFO  server.RaftServerConfigKeys (ConfUtils.java:logGet(43)) - raft.server.log.use.memory = false (default)
2019-09-12 10:53:36,767 [pool-190-thread-1] INFO  server.RaftServerConfigKeys (ConfUtils.java:logGet(43)) - raft.server.log.purge.gap = 1000000 (custom)
2019-09-12 10:53:36,767 [pool-190-thread-1] INFO  server.RaftServerConfigKeys (ConfUtils.java:logGet(43)) - raft.server.log.appender.buffer.byte-limit = 33554432 (custom)
2019-09-12 10:53:36,767 [pool-190-thread-1] INFO  server.RaftServerConfigKeys (ConfUtils.java:logGet(43)) - raft.server.log.segment.size.max = 1048576 (custom)
2019-09-12 10:53:36,768 [pool-190-thread-1] INFO  server.RaftServerConfigKeys (ConfUtils.java:logGet(43)) - raft.server.log.segment.cache.num.max = 2 (custom)
2019-09-12 10:53:36,768 [pool-190-thread-1] INFO  segmented.SegmentedRaftLogWorker (SegmentedRaftLogWorker.java:<init>(172)) - new b49fccba-7697-4103-b8d6-57050bb52229-SegmentedRaftLogWorker:Storage Directory /workdir/hadoop-ozone/integration-test/target/test-dir/MiniOzoneClusterImpl-0aac579c-f8ad-49ec-a94e-9a436a9c79c1/datanode-3/data/ratis/3343a441-957b-4877-a09a-7a1537aceb65 for RaftStorage:Storage Directory /workdir/hadoop-ozone/integration-test/target/test-dir/MiniOzoneClusterImpl-0aac579c-f8ad-49ec-a94e-9a436a9c79c1/datanode-3/data/ratis/3343a441-957b-4877-a09a-7a1537aceb65
2019-09-12 10:53:36,768 [pool-190-thread-1] INFO  server.RaftServerConfigKeys (ConfUtils.java:logGet(43)) - raft.server.log.queue.byte-limit = 2147483647 (custom)
2019-09-12 10:53:36,768 [pool-190-thread-1] INFO  server.RaftServerConfigKeys (ConfUtils.java:logGet(43)) - raft.server.log.queue.element-limit = 1024 (custom)
2019-09-12 10:53:36,768 [pool-190-thread-1] INFO  server.RaftServerConfigKeys (ConfUtils.java:logGet(43)) - raft.server.log.segment.size.max = 1048576 (custom)
2019-09-12 10:53:36,768 [pool-190-thread-1] INFO  server.RaftServerConfigKeys (ConfUtils.java:logGet(43)) - raft.server.log.preallocated.size = 16384 (custom)
2019-09-12 10:53:36,768 [pool-190-thread-1] INFO  server.RaftServerConfigKeys (ConfUtils.java:logGet(43)) - raft.server.log.write.buffer.size = 33554432 (custom)
2019-09-12 10:53:36,768 [pool-190-thread-1] INFO  server.RaftServerConfigKeys (ConfUtils.java:logGet(43)) - raft.server.log.force.sync.num = 128 (default)
2019-09-12 10:53:36,768 [pool-190-thread-1] INFO  server.RaftServerConfigKeys (ConfUtils.java:logGet(43)) - raft.server.log.statemachine.data.sync = true (default)
2019-09-12 10:53:36,769 [pool-190-thread-1] INFO  server.RaftServerConfigKeys (ConfUtils.java:logGet(43)) - raft.server.log.statemachine.data.sync.timeout = 10s (default)
2019-09-12 10:53:36,769 [pool-190-thread-1] INFO  server.RaftServerConfigKeys (ConfUtils.java:logGet(43)) - raft.server.log.statemachine.data.sync.timeout.retry = -1 (default)
2019-09-12 10:53:36,769 [pool-190-thread-1] INFO  server.RaftServerConfigKeys (ConfUtils.java:logGet(43)) - raft.server.log.statemachine.data.caching.enabled = true (custom)
2019-09-12 10:53:36,769 [pool-190-thread-1] INFO  segmented.SegmentedRaftLogWorker (SegmentedRaftLogWorker.java:lambda$new$0(132)) - b49fccba-7697-4103-b8d6-57050bb52229-SegmentedRaftLogWorker:Storage Directory /workdir/hadoop-ozone/integration-test/target/test-dir/MiniOzoneClusterImpl-0aac579c-f8ad-49ec-a94e-9a436a9c79c1/datanode-3/data/ratis/3343a441-957b-4877-a09a-7a1537aceb65: flushIndex: setUnconditionally 0 -> -1
2019-09-12 10:53:36,769 [pool-190-thread-1] INFO  server.RaftServerConfigKeys (ConfUtils.java:logGet(43)) - raft.server.snapshot.auto.trigger.enabled = true (custom)
2019-09-12 10:53:36,770 [pool-190-thread-1] INFO  server.RaftServerConfigKeys (ConfUtils.java:logGet(43)) - raft.server.snapshot.auto.trigger.threshold = 10000 (custom)
2019-09-12 10:53:36,770 [pool-190-thread-1] INFO  server.RaftServerConfigKeys (ConfUtils.java:logGet(43)) - raft.server.retrycache.expirytime = 600000ms (custom)
2019-09-12 10:53:36,770 [pool-190-thread-1] INFO  impl.RaftServerImpl (RaftServerImpl.java:start(180)) - b49fccba-7697-4103-b8d6-57050bb52229: start group-7A1537ACEB65
2019-09-12 10:53:36,770 [pool-190-thread-1] INFO  impl.RaftServerImpl (RaftServerImpl.java:setRole(171)) - b49fccba-7697-4103-b8d6-57050bb52229:group-7A1537ACEB65 changes role from null to FOLLOWER at term 0 for startAsFollower
2019-09-12 10:53:36,770 [pool-190-thread-1] INFO  impl.RoleInfo (RoleInfo.java:updateAndGet(143)) - b49fccba-7697-4103-b8d6-57050bb52229: start FollowerState
2019-09-12 10:53:36,770 [pool-190-thread-1] INFO  util.JmxRegister (JmxRegister.java:tryRegister(44)) - Successfully registered JMX Bean with object name Ratis:service=RaftServer,group=group-7A1537ACEB65,id=b49fccba-7697-4103-b8d6-57050bb52229
2019-09-12 10:53:36,773 [RatisPipelineUtilsThread] INFO  pipeline.PipelineStateManager (PipelineStateManager.java:addPipeline(56)) - Created pipeline Pipeline[ Id: 3343a441-957b-4877-a09a-7a1537aceb65, Nodes: b49fccba-7697-4103-b8d6-57050bb52229{ip: 192.168.157.195, host: pr-hdds-1569-xtfnx-3545843844, networkLocation: /default-rack, certSerialId: null}, Type:RATIS, Factor:ONE, State:OPEN]
2019-09-12 10:53:36,774 [RatisPipelineUtilsThread] ERROR pipeline.PipelinePlacementPolicy (PipelinePlacementPolicy.java:meetCriteria(91)) - Pipeline Placement: Doesn't meet the criteria to be viable node. Heaviness: 6
2019-09-12 10:53:36,774 [RatisPipelineUtilsThread] ERROR pipeline.PipelinePlacementPolicy (PipelinePlacementPolicy.java:meetCriteria(91)) - Pipeline Placement: Doesn't meet the criteria to be viable node. Heaviness: 6
2019-09-12 10:53:36,779 [grpc-default-executor-0] INFO  impl.RaftServerProxy (RaftServerProxy.java:addNew(89)) - 4e79f251-f4f2-46d8-98e5-a0ed6d578d1f: addNew group-D415B8DFE60D:[4e79f251-f4f2-46d8-98e5-a0ed6d578d1f:192.168.157.195:36131] returns group-D415B8DFE60D:java.util.concurrent.CompletableFuture@8794dc5[Not completed]
2019-09-12 10:53:36,780 [pool-179-thread-1] INFO  impl.RaftServerImpl (RaftServerImpl.java:<init>(93)) - 4e79f251-f4f2-46d8-98e5-a0ed6d578d1f: new RaftServerImpl for group-D415B8DFE60D:[4e79f251-f4f2-46d8-98e5-a0ed6d578d1f:192.168.157.195:36131] with ContainerStateMachine:uninitialized
2019-09-12 10:53:36,781 [pool-179-thread-1] INFO  server.RaftServerConfigKeys (ConfUtils.java:logGet(43)) - raft.server.rpc.timeout.min = 1s (custom)
2019-09-12 10:53:36,781 [pool-179-thread-1] INFO  server.RaftServerConfigKeys (ConfUtils.java:logGet(43)) - raft.server.rpc.timeout.max = 1200ms (custom)
2019-09-12 10:53:36,781 [pool-179-thread-1] INFO  server.RaftServerConfigKeys (ConfUtils.java:logGet(43)) - raft.server.rpcslowness.timeout = 120s (custom)
2019-09-12 10:53:36,781 [pool-179-thread-1] INFO  server.RaftServerConfigKeys (ConfUtils.java:logGet(43)) - raft.server.sleep.deviation.threshold = 300 (default)
2019-09-12 10:53:36,781 [pool-179-thread-1] INFO  server.RaftServerConfigKeys (ConfUtils.java:logGet(43)) - raft.server.log.appender.install.snapshot.enabled = false (custom)
2019-09-12 10:53:36,781 [pool-179-thread-1] INFO  impl.RaftServerImpl (ServerState.java:<init>(105)) - 4e79f251-f4f2-46d8-98e5-a0ed6d578d1f:group-D415B8DFE60D ConfigurationManager, init=-1: [4e79f251-f4f2-46d8-98e5-a0ed6d578d1f:192.168.157.195:36131], old=null, confs=<EMPTY_MAP>
2019-09-12 10:53:36,781 [pool-179-thread-1] INFO  server.RaftServerConfigKeys (ConfUtils.java:logGet(43)) - raft.server.storage.dir = [/workdir/hadoop-ozone/integration-test/target/test-dir/MiniOzoneClusterImpl-0aac579c-f8ad-49ec-a94e-9a436a9c79c1/datanode-2/data/ratis] (custom)
2019-09-12 10:53:36,782 [pool-179-thread-1] INFO  storage.RaftStorageDirectory (RaftStorageDirectory.java:analyzeStorage(246)) - The storage directory /workdir/hadoop-ozone/integration-test/target/test-dir/MiniOzoneClusterImpl-0aac579c-f8ad-49ec-a94e-9a436a9c79c1/datanode-2/data/ratis/59e4665c-beda-4302-a507-d415b8dfe60d does not exist. Creating ...
2019-09-12 10:53:36,795 [pool-179-thread-1] INFO  storage.RaftStorageDirectory (RaftStorageDirectory.java:tryLock(328)) - Lock on /workdir/hadoop-ozone/integration-test/target/test-dir/MiniOzoneClusterImpl-0aac579c-f8ad-49ec-a94e-9a436a9c79c1/datanode-2/data/ratis/59e4665c-beda-4302-a507-d415b8dfe60d/in_use.lock acquired by nodename 620@pr-hdds-1569-xtfnx-3545843844
2019-09-12 10:53:36,810 [pool-179-thread-1] INFO  storage.RaftStorage (RaftStorage.java:format(72)) - Storage directory /workdir/hadoop-ozone/integration-test/target/test-dir/MiniOzoneClusterImpl-0aac579c-f8ad-49ec-a94e-9a436a9c79c1/datanode-2/data/ratis/59e4665c-beda-4302-a507-d415b8dfe60d has been successfully formatted.
2019-09-12 10:53:36,810 [pool-179-thread-1] INFO  ratis.ContainerStateMachine (ContainerStateMachine.java:loadSnapshot(226)) - group-D415B8DFE60D: The snapshot info is null. Setting the last applied indexto:(t:0, i:~)
2019-09-12 10:53:36,810 [pool-179-thread-1] INFO  server.RaftServerConfigKeys (ConfUtils.java:logGet(43)) - raft.server.leader.election.timeout = 120s (custom)
2019-09-12 10:53:36,810 [pool-179-thread-1] INFO  server.RaftServerConfigKeys (ConfUtils.java:logGet(43)) - raft.server.log.use.memory = false (default)
2019-09-12 10:53:36,811 [pool-179-thread-1] INFO  server.RaftServerConfigKeys (ConfUtils.java:logGet(43)) - raft.server.log.purge.gap = 1000000 (custom)
2019-09-12 10:53:36,811 [pool-179-thread-1] INFO  server.RaftServerConfigKeys (ConfUtils.java:logGet(43)) - raft.server.log.appender.buffer.byte-limit = 33554432 (custom)
2019-09-12 10:53:36,811 [pool-179-thread-1] INFO  server.RaftServerConfigKeys (ConfUtils.java:logGet(43)) - raft.server.log.segment.size.max = 1048576 (custom)
2019-09-12 10:53:36,811 [pool-179-thread-1] INFO  server.RaftServerConfigKeys (ConfUtils.java:logGet(43)) - raft.server.log.segment.cache.num.max = 2 (custom)
2019-09-12 10:53:36,811 [pool-179-thread-1] INFO  segmented.SegmentedRaftLogWorker (SegmentedRaftLogWorker.java:<init>(172)) - new 4e79f251-f4f2-46d8-98e5-a0ed6d578d1f-SegmentedRaftLogWorker:Storage Directory /workdir/hadoop-ozone/integration-test/target/test-dir/MiniOzoneClusterImpl-0aac579c-f8ad-49ec-a94e-9a436a9c79c1/datanode-2/data/ratis/59e4665c-beda-4302-a507-d415b8dfe60d for RaftStorage:Storage Directory /workdir/hadoop-ozone/integration-test/target/test-dir/MiniOzoneClusterImpl-0aac579c-f8ad-49ec-a94e-9a436a9c79c1/datanode-2/data/ratis/59e4665c-beda-4302-a507-d415b8dfe60d
2019-09-12 10:53:36,811 [pool-179-thread-1] INFO  server.RaftServerConfigKeys (ConfUtils.java:logGet(43)) - raft.server.log.queue.byte-limit = 2147483647 (custom)
2019-09-12 10:53:36,812 [pool-179-thread-1] INFO  server.RaftServerConfigKeys (ConfUtils.java:logGet(43)) - raft.server.log.queue.element-limit = 1024 (custom)
2019-09-12 10:53:36,812 [pool-179-thread-1] INFO  server.RaftServerConfigKeys (ConfUtils.java:logGet(43)) - raft.server.log.segment.size.max = 1048576 (custom)
2019-09-12 10:53:36,812 [pool-179-thread-1] INFO  server.RaftServerConfigKeys (ConfUtils.java:logGet(43)) - raft.server.log.preallocated.size = 16384 (custom)
2019-09-12 10:53:36,812 [pool-179-thread-1] INFO  server.RaftServerConfigKeys (ConfUtils.java:logGet(43)) - raft.server.log.write.buffer.size = 33554432 (custom)
2019-09-12 10:53:36,812 [pool-179-thread-1] INFO  server.RaftServerConfigKeys (ConfUtils.java:logGet(43)) - raft.server.log.force.sync.num = 128 (default)
2019-09-12 10:53:36,812 [pool-179-thread-1] INFO  server.RaftServerConfigKeys (ConfUtils.java:logGet(43)) - raft.server.log.statemachine.data.sync = true (default)
2019-09-12 10:53:36,813 [pool-179-thread-1] INFO  server.RaftServerConfigKeys (ConfUtils.java:logGet(43)) - raft.server.log.statemachine.data.sync.timeout = 10s (default)
2019-09-12 10:53:36,813 [pool-179-thread-1] INFO  server.RaftServerConfigKeys (ConfUtils.java:logGet(43)) - raft.server.log.statemachine.data.sync.timeout.retry = -1 (default)
2019-09-12 10:53:36,813 [pool-179-thread-1] INFO  server.RaftServerConfigKeys (ConfUtils.java:logGet(43)) - raft.server.log.statemachine.data.caching.enabled = true (custom)
2019-09-12 10:53:36,813 [pool-179-thread-1] INFO  segmented.SegmentedRaftLogWorker (SegmentedRaftLogWorker.java:lambda$new$0(132)) - 4e79f251-f4f2-46d8-98e5-a0ed6d578d1f-SegmentedRaftLogWorker:Storage Directory /workdir/hadoop-ozone/integration-test/target/test-dir/MiniOzoneClusterImpl-0aac579c-f8ad-49ec-a94e-9a436a9c79c1/datanode-2/data/ratis/59e4665c-beda-4302-a507-d415b8dfe60d: flushIndex: setUnconditionally 0 -> -1
2019-09-12 10:53:36,814 [pool-179-thread-1] INFO  server.RaftServerConfigKeys (ConfUtils.java:logGet(43)) - raft.server.snapshot.auto.trigger.enabled = true (custom)
2019-09-12 10:53:36,814 [pool-179-thread-1] INFO  server.RaftServerConfigKeys (ConfUtils.java:logGet(43)) - raft.server.snapshot.auto.trigger.threshold = 10000 (custom)
2019-09-12 10:53:36,814 [pool-179-thread-1] INFO  server.RaftServerConfigKeys (ConfUtils.java:logGet(43)) - raft.server.retrycache.expirytime = 600000ms (custom)
2019-09-12 10:53:36,814 [pool-179-thread-1] INFO  impl.RaftServerImpl (RaftServerImpl.java:start(180)) - 4e79f251-f4f2-46d8-98e5-a0ed6d578d1f: start group-D415B8DFE60D
2019-09-12 10:53:36,814 [pool-179-thread-1] INFO  impl.RaftServerImpl (RaftServerImpl.java:setRole(171)) - 4e79f251-f4f2-46d8-98e5-a0ed6d578d1f:group-D415B8DFE60D changes role from null to FOLLOWER at term 0 for startAsFollower
2019-09-12 10:53:36,815 [pool-179-thread-1] INFO  impl.RoleInfo (RoleInfo.java:updateAndGet(143)) - 4e79f251-f4f2-46d8-98e5-a0ed6d578d1f: start FollowerState
2019-09-12 10:53:36,815 [pool-179-thread-1] INFO  util.JmxRegister (JmxRegister.java:tryRegister(44)) - Successfully registered JMX Bean with object name Ratis:service=RaftServer,group=group-D415B8DFE60D,id=4e79f251-f4f2-46d8-98e5-a0ed6d578d1f
2019-09-12 10:53:36,818 [RatisPipelineUtilsThread] INFO  pipeline.PipelineStateManager (PipelineStateManager.java:addPipeline(56)) - Created pipeline Pipeline[ Id: 59e4665c-beda-4302-a507-d415b8dfe60d, Nodes: 4e79f251-f4f2-46d8-98e5-a0ed6d578d1f{ip: 192.168.157.195, host: pr-hdds-1569-xtfnx-3545843844, networkLocation: /default-rack, certSerialId: null}, Type:RATIS, Factor:ONE, State:OPEN]
2019-09-12 10:53:36,818 [RatisPipelineUtilsThread] ERROR pipeline.PipelinePlacementPolicy (PipelinePlacementPolicy.java:meetCriteria(91)) - Pipeline Placement: Doesn't meet the criteria to be viable node. Heaviness: 6
2019-09-12 10:53:36,819 [RatisPipelineUtilsThread] ERROR pipeline.PipelinePlacementPolicy (PipelinePlacementPolicy.java:meetCriteria(91)) - Pipeline Placement: Doesn't meet the criteria to be viable node. Heaviness: 6
2019-09-12 10:53:36,825 [grpc-default-executor-0] INFO  impl.RaftServerProxy (RaftServerProxy.java:addNew(89)) - b49fccba-7697-4103-b8d6-57050bb52229: addNew group-1B5D8227BE3F:[b49fccba-7697-4103-b8d6-57050bb52229:192.168.157.195:46518] returns group-1B5D8227BE3F:java.util.concurrent.CompletableFuture@4062f9d0[Not completed]
2019-09-12 10:53:36,825 [pool-190-thread-1] INFO  impl.RaftServerImpl (RaftServerImpl.java:<init>(93)) - b49fccba-7697-4103-b8d6-57050bb52229: new RaftServerImpl for group-1B5D8227BE3F:[b49fccba-7697-4103-b8d6-57050bb52229:192.168.157.195:46518] with ContainerStateMachine:uninitialized
2019-09-12 10:53:36,826 [pool-190-thread-1] INFO  server.RaftServerConfigKeys (ConfUtils.java:logGet(43)) - raft.server.rpc.timeout.min = 1s (custom)
2019-09-12 10:53:36,826 [pool-190-thread-1] INFO  server.RaftServerConfigKeys (ConfUtils.java:logGet(43)) - raft.server.rpc.timeout.max = 1200ms (custom)
2019-09-12 10:53:36,826 [pool-190-thread-1] INFO  server.RaftServerConfigKeys (ConfUtils.java:logGet(43)) - raft.server.rpcslowness.timeout = 120s (custom)
2019-09-12 10:53:36,826 [pool-190-thread-1] INFO  server.RaftServerConfigKeys (ConfUtils.java:logGet(43)) - raft.server.sleep.deviation.threshold = 300 (default)
2019-09-12 10:53:36,826 [pool-190-thread-1] INFO  server.RaftServerConfigKeys (ConfUtils.java:logGet(43)) - raft.server.log.appender.install.snapshot.enabled = false (custom)
2019-09-12 10:53:36,826 [pool-190-thread-1] INFO  impl.RaftServerImpl (ServerState.java:<init>(105)) - b49fccba-7697-4103-b8d6-57050bb52229:group-1B5D8227BE3F ConfigurationManager, init=-1: [b49fccba-7697-4103-b8d6-57050bb52229:192.168.157.195:46518], old=null, confs=<EMPTY_MAP>
2019-09-12 10:53:36,826 [pool-190-thread-1] INFO  server.RaftServerConfigKeys (ConfUtils.java:logGet(43)) - raft.server.storage.dir = [/workdir/hadoop-ozone/integration-test/target/test-dir/MiniOzoneClusterImpl-0aac579c-f8ad-49ec-a94e-9a436a9c79c1/datanode-3/data/ratis] (custom)
2019-09-12 10:53:36,826 [pool-190-thread-1] INFO  storage.RaftStorageDirectory (RaftStorageDirectory.java:analyzeStorage(246)) - The storage directory /workdir/hadoop-ozone/integration-test/target/test-dir/MiniOzoneClusterImpl-0aac579c-f8ad-49ec-a94e-9a436a9c79c1/datanode-3/data/ratis/f4d6268f-dcbb-41ef-b302-1b5d8227be3f does not exist. Creating ...
2019-09-12 10:53:36,841 [pool-190-thread-1] INFO  storage.RaftStorageDirectory (RaftStorageDirectory.java:tryLock(328)) - Lock on /workdir/hadoop-ozone/integration-test/target/test-dir/MiniOzoneClusterImpl-0aac579c-f8ad-49ec-a94e-9a436a9c79c1/datanode-3/data/ratis/f4d6268f-dcbb-41ef-b302-1b5d8227be3f/in_use.lock acquired by nodename 620@pr-hdds-1569-xtfnx-3545843844
2019-09-12 10:53:36,853 [pool-190-thread-1] INFO  storage.RaftStorage (RaftStorage.java:format(72)) - Storage directory /workdir/hadoop-ozone/integration-test/target/test-dir/MiniOzoneClusterImpl-0aac579c-f8ad-49ec-a94e-9a436a9c79c1/datanode-3/data/ratis/f4d6268f-dcbb-41ef-b302-1b5d8227be3f has been successfully formatted.
2019-09-12 10:53:36,853 [pool-190-thread-1] INFO  ratis.ContainerStateMachine (ContainerStateMachine.java:loadSnapshot(226)) - group-1B5D8227BE3F: The snapshot info is null. Setting the last applied indexto:(t:0, i:~)
2019-09-12 10:53:36,853 [pool-190-thread-1] INFO  server.RaftServerConfigKeys (ConfUtils.java:logGet(43)) - raft.server.leader.election.timeout = 120s (custom)
2019-09-12 10:53:36,853 [pool-190-thread-1] INFO  server.RaftServerConfigKeys (ConfUtils.java:logGet(43)) - raft.server.log.use.memory = false (default)
2019-09-12 10:53:36,854 [pool-190-thread-1] INFO  server.RaftServerConfigKeys (ConfUtils.java:logGet(43)) - raft.server.log.purge.gap = 1000000 (custom)
2019-09-12 10:53:36,854 [pool-190-thread-1] INFO  server.RaftServerConfigKeys (ConfUtils.java:logGet(43)) - raft.server.log.appender.buffer.byte-limit = 33554432 (custom)
2019-09-12 10:53:36,854 [pool-190-thread-1] INFO  server.RaftServerConfigKeys (ConfUtils.java:logGet(43)) - raft.server.log.segment.size.max = 1048576 (custom)
2019-09-12 10:53:36,854 [pool-190-thread-1] INFO  server.RaftServerConfigKeys (ConfUtils.java:logGet(43)) - raft.server.log.segment.cache.num.max = 2 (custom)
2019-09-12 10:53:36,854 [pool-190-thread-1] INFO  segmented.SegmentedRaftLogWorker (SegmentedRaftLogWorker.java:<init>(172)) - new b49fccba-7697-4103-b8d6-57050bb52229-SegmentedRaftLogWorker:Storage Directory /workdir/hadoop-ozone/integration-test/target/test-dir/MiniOzoneClusterImpl-0aac579c-f8ad-49ec-a94e-9a436a9c79c1/datanode-3/data/ratis/f4d6268f-dcbb-41ef-b302-1b5d8227be3f for RaftStorage:Storage Directory /workdir/hadoop-ozone/integration-test/target/test-dir/MiniOzoneClusterImpl-0aac579c-f8ad-49ec-a94e-9a436a9c79c1/datanode-3/data/ratis/f4d6268f-dcbb-41ef-b302-1b5d8227be3f
2019-09-12 10:53:36,854 [pool-190-thread-1] INFO  server.RaftServerConfigKeys (ConfUtils.java:logGet(43)) - raft.server.log.queue.byte-limit = 2147483647 (custom)
2019-09-12 10:53:36,854 [pool-190-thread-1] INFO  server.RaftServerConfigKeys (ConfUtils.java:logGet(43)) - raft.server.log.queue.element-limit = 1024 (custom)
2019-09-12 10:53:36,854 [pool-190-thread-1] INFO  server.RaftServerConfigKeys (ConfUtils.java:logGet(43)) - raft.server.log.segment.size.max = 1048576 (custom)
2019-09-12 10:53:36,854 [pool-190-thread-1] INFO  server.RaftServerConfigKeys (ConfUtils.java:logGet(43)) - raft.server.log.preallocated.size = 16384 (custom)
2019-09-12 10:53:36,854 [pool-190-thread-1] INFO  server.RaftServerConfigKeys (ConfUtils.java:logGet(43)) - raft.server.log.write.buffer.size = 33554432 (custom)
2019-09-12 10:53:36,855 [pool-190-thread-1] INFO  server.RaftServerConfigKeys (ConfUtils.java:logGet(43)) - raft.server.log.force.sync.num = 128 (default)
2019-09-12 10:53:36,855 [pool-190-thread-1] INFO  server.RaftServerConfigKeys (ConfUtils.java:logGet(43)) - raft.server.log.statemachine.data.sync = true (default)
2019-09-12 10:53:36,855 [pool-190-thread-1] INFO  server.RaftServerConfigKeys (ConfUtils.java:logGet(43)) - raft.server.log.statemachine.data.sync.timeout = 10s (default)
2019-09-12 10:53:36,855 [pool-190-thread-1] INFO  server.RaftServerConfigKeys (ConfUtils.java:logGet(43)) - raft.server.log.statemachine.data.sync.timeout.retry = -1 (default)
2019-09-12 10:53:36,855 [pool-190-thread-1] INFO  server.RaftServerConfigKeys (ConfUtils.java:logGet(43)) - raft.server.log.statemachine.data.caching.enabled = true (custom)
2019-09-12 10:53:36,855 [pool-190-thread-1] INFO  segmented.SegmentedRaftLogWorker (SegmentedRaftLogWorker.java:lambda$new$0(132)) - b49fccba-7697-4103-b8d6-57050bb52229-SegmentedRaftLogWorker:Storage Directory /workdir/hadoop-ozone/integration-test/target/test-dir/MiniOzoneClusterImpl-0aac579c-f8ad-49ec-a94e-9a436a9c79c1/datanode-3/data/ratis/f4d6268f-dcbb-41ef-b302-1b5d8227be3f: flushIndex: setUnconditionally 0 -> -1
2019-09-12 10:53:36,855 [pool-190-thread-1] INFO  server.RaftServerConfigKeys (ConfUtils.java:logGet(43)) - raft.server.snapshot.auto.trigger.enabled = true (custom)
2019-09-12 10:53:36,856 [pool-190-thread-1] INFO  server.RaftServerConfigKeys (ConfUtils.java:logGet(43)) - raft.server.snapshot.auto.trigger.threshold = 10000 (custom)
2019-09-12 10:53:36,856 [pool-190-thread-1] INFO  server.RaftServerConfigKeys (ConfUtils.java:logGet(43)) - raft.server.retrycache.expirytime = 600000ms (custom)
2019-09-12 10:53:36,856 [pool-190-thread-1] INFO  impl.RaftServerImpl (RaftServerImpl.java:start(180)) - b49fccba-7697-4103-b8d6-57050bb52229: start group-1B5D8227BE3F
2019-09-12 10:53:36,856 [pool-190-thread-1] INFO  impl.RaftServerImpl (RaftServerImpl.java:setRole(171)) - b49fccba-7697-4103-b8d6-57050bb52229:group-1B5D8227BE3F changes role from null to FOLLOWER at term 0 for startAsFollower
2019-09-12 10:53:36,856 [pool-190-thread-1] INFO  impl.RoleInfo (RoleInfo.java:updateAndGet(143)) - b49fccba-7697-4103-b8d6-57050bb52229: start FollowerState
2019-09-12 10:53:36,856 [pool-190-thread-1] INFO  util.JmxRegister (JmxRegister.java:tryRegister(44)) - Successfully registered JMX Bean with object name Ratis:service=RaftServer,group=group-1B5D8227BE3F,id=b49fccba-7697-4103-b8d6-57050bb52229
2019-09-12 10:53:36,859 [RatisPipelineUtilsThread] INFO  pipeline.PipelineStateManager (PipelineStateManager.java:addPipeline(56)) - Created pipeline Pipeline[ Id: f4d6268f-dcbb-41ef-b302-1b5d8227be3f, Nodes: b49fccba-7697-4103-b8d6-57050bb52229{ip: 192.168.157.195, host: pr-hdds-1569-xtfnx-3545843844, networkLocation: /default-rack, certSerialId: null}, Type:RATIS, Factor:ONE, State:OPEN]
2019-09-12 10:53:36,859 [RatisPipelineUtilsThread] ERROR pipeline.PipelinePlacementPolicy (PipelinePlacementPolicy.java:meetCriteria(91)) - Pipeline Placement: Doesn't meet the criteria to be viable node. Heaviness: 6
2019-09-12 10:53:36,859 [RatisPipelineUtilsThread] ERROR pipeline.PipelinePlacementPolicy (PipelinePlacementPolicy.java:meetCriteria(91)) - Pipeline Placement: Doesn't meet the criteria to be viable node. Heaviness: 6
2019-09-12 10:53:36,868 [grpc-default-executor-0] INFO  impl.RaftServerProxy (RaftServerProxy.java:addNew(89)) - 226b4809-1310-4df7-b0e3-70448e94a1e8: addNew group-8E9DC71ACA8C:[226b4809-1310-4df7-b0e3-70448e94a1e8:192.168.157.195:37819] returns group-8E9DC71ACA8C:java.util.concurrent.CompletableFuture@23c1aa29[Not completed]
2019-09-12 10:53:36,870 [pool-201-thread-1] INFO  impl.RaftServerImpl (RaftServerImpl.java:<init>(93)) - 226b4809-1310-4df7-b0e3-70448e94a1e8: new RaftServerImpl for group-8E9DC71ACA8C:[226b4809-1310-4df7-b0e3-70448e94a1e8:192.168.157.195:37819] with ContainerStateMachine:uninitialized
2019-09-12 10:53:36,870 [pool-201-thread-1] INFO  server.RaftServerConfigKeys (ConfUtils.java:logGet(43)) - raft.server.rpc.timeout.min = 1s (custom)
2019-09-12 10:53:36,870 [pool-201-thread-1] INFO  server.RaftServerConfigKeys (ConfUtils.java:logGet(43)) - raft.server.rpc.timeout.max = 1200ms (custom)
2019-09-12 10:53:36,870 [pool-201-thread-1] INFO  server.RaftServerConfigKeys (ConfUtils.java:logGet(43)) - raft.server.rpcslowness.timeout = 120s (custom)
2019-09-12 10:53:36,870 [pool-201-thread-1] INFO  server.RaftServerConfigKeys (ConfUtils.java:logGet(43)) - raft.server.sleep.deviation.threshold = 300 (default)
2019-09-12 10:53:36,870 [pool-201-thread-1] INFO  server.RaftServerConfigKeys (ConfUtils.java:logGet(43)) - raft.server.log.appender.install.snapshot.enabled = false (custom)
2019-09-12 10:53:36,870 [pool-201-thread-1] INFO  impl.RaftServerImpl (ServerState.java:<init>(105)) - 226b4809-1310-4df7-b0e3-70448e94a1e8:group-8E9DC71ACA8C ConfigurationManager, init=-1: [226b4809-1310-4df7-b0e3-70448e94a1e8:192.168.157.195:37819], old=null, confs=<EMPTY_MAP>
2019-09-12 10:53:36,871 [pool-201-thread-1] INFO  server.RaftServerConfigKeys (ConfUtils.java:logGet(43)) - raft.server.storage.dir = [/workdir/hadoop-ozone/integration-test/target/test-dir/MiniOzoneClusterImpl-0aac579c-f8ad-49ec-a94e-9a436a9c79c1/datanode-4/data/ratis] (custom)
2019-09-12 10:53:36,871 [pool-201-thread-1] INFO  storage.RaftStorageDirectory (RaftStorageDirectory.java:analyzeStorage(246)) - The storage directory /workdir/hadoop-ozone/integration-test/target/test-dir/MiniOzoneClusterImpl-0aac579c-f8ad-49ec-a94e-9a436a9c79c1/datanode-4/data/ratis/0101e91d-8176-4e61-9eec-8e9dc71aca8c does not exist. Creating ...
2019-09-12 10:53:36,883 [pool-201-thread-1] INFO  storage.RaftStorageDirectory (RaftStorageDirectory.java:tryLock(328)) - Lock on /workdir/hadoop-ozone/integration-test/target/test-dir/MiniOzoneClusterImpl-0aac579c-f8ad-49ec-a94e-9a436a9c79c1/datanode-4/data/ratis/0101e91d-8176-4e61-9eec-8e9dc71aca8c/in_use.lock acquired by nodename 620@pr-hdds-1569-xtfnx-3545843844
2019-09-12 10:53:36,896 [pool-201-thread-1] INFO  storage.RaftStorage (RaftStorage.java:format(72)) - Storage directory /workdir/hadoop-ozone/integration-test/target/test-dir/MiniOzoneClusterImpl-0aac579c-f8ad-49ec-a94e-9a436a9c79c1/datanode-4/data/ratis/0101e91d-8176-4e61-9eec-8e9dc71aca8c has been successfully formatted.
2019-09-12 10:53:36,897 [pool-201-thread-1] INFO  ratis.ContainerStateMachine (ContainerStateMachine.java:loadSnapshot(226)) - group-8E9DC71ACA8C: The snapshot info is null. Setting the last applied indexto:(t:0, i:~)
2019-09-12 10:53:36,897 [pool-201-thread-1] INFO  server.RaftServerConfigKeys (ConfUtils.java:logGet(43)) - raft.server.leader.election.timeout = 120s (custom)
2019-09-12 10:53:36,897 [pool-201-thread-1] INFO  server.RaftServerConfigKeys (ConfUtils.java:logGet(43)) - raft.server.log.use.memory = false (default)
2019-09-12 10:53:36,897 [pool-201-thread-1] INFO  server.RaftServerConfigKeys (ConfUtils.java:logGet(43)) - raft.server.log.purge.gap = 1000000 (custom)
2019-09-12 10:53:36,897 [pool-201-thread-1] INFO  server.RaftServerConfigKeys (ConfUtils.java:logGet(43)) - raft.server.log.appender.buffer.byte-limit = 33554432 (custom)
2019-09-12 10:53:36,897 [pool-201-thread-1] INFO  server.RaftServerConfigKeys (ConfUtils.java:logGet(43)) - raft.server.log.segment.size.max = 1048576 (custom)
2019-09-12 10:53:36,897 [pool-201-thread-1] INFO  server.RaftServerConfigKeys (ConfUtils.java:logGet(43)) - raft.server.log.segment.cache.num.max = 2 (custom)
2019-09-12 10:53:36,898 [pool-201-thread-1] INFO  segmented.SegmentedRaftLogWorker (SegmentedRaftLogWorker.java:<init>(172)) - new 226b4809-1310-4df7-b0e3-70448e94a1e8-SegmentedRaftLogWorker:Storage Directory /workdir/hadoop-ozone/integration-test/target/test-dir/MiniOzoneClusterImpl-0aac579c-f8ad-49ec-a94e-9a436a9c79c1/datanode-4/data/ratis/0101e91d-8176-4e61-9eec-8e9dc71aca8c for RaftStorage:Storage Directory /workdir/hadoop-ozone/integration-test/target/test-dir/MiniOzoneClusterImpl-0aac579c-f8ad-49ec-a94e-9a436a9c79c1/datanode-4/data/ratis/0101e91d-8176-4e61-9eec-8e9dc71aca8c
2019-09-12 10:53:36,898 [pool-201-thread-1] INFO  server.RaftServerConfigKeys (ConfUtils.java:logGet(43)) - raft.server.log.queue.byte-limit = 2147483647 (custom)
2019-09-12 10:53:36,898 [pool-201-thread-1] INFO  server.RaftServerConfigKeys (ConfUtils.java:logGet(43)) - raft.server.log.queue.element-limit = 1024 (custom)
2019-09-12 10:53:36,899 [pool-201-thread-1] INFO  server.RaftServerConfigKeys (ConfUtils.java:logGet(43)) - raft.server.log.segment.size.max = 1048576 (custom)
2019-09-12 10:53:36,899 [pool-201-thread-1] INFO  server.RaftServerConfigKeys (ConfUtils.java:logGet(43)) - raft.server.log.preallocated.size = 16384 (custom)
2019-09-12 10:53:36,899 [pool-201-thread-1] INFO  server.RaftServerConfigKeys (ConfUtils.java:logGet(43)) - raft.server.log.write.buffer.size = 33554432 (custom)
2019-09-12 10:53:36,899 [pool-201-thread-1] INFO  server.RaftServerConfigKeys (ConfUtils.java:logGet(43)) - raft.server.log.force.sync.num = 128 (default)
2019-09-12 10:53:36,899 [pool-201-thread-1] INFO  server.RaftServerConfigKeys (ConfUtils.java:logGet(43)) - raft.server.log.statemachine.data.sync = true (default)
2019-09-12 10:53:36,900 [pool-201-thread-1] INFO  server.RaftServerConfigKeys (ConfUtils.java:logGet(43)) - raft.server.log.statemachine.data.sync.timeout = 10s (default)
2019-09-12 10:53:36,900 [pool-201-thread-1] INFO  server.RaftServerConfigKeys (ConfUtils.java:logGet(43)) - raft.server.log.statemachine.data.sync.timeout.retry = -1 (default)
2019-09-12 10:53:36,900 [pool-201-thread-1] INFO  server.RaftServerConfigKeys (ConfUtils.java:logGet(43)) - raft.server.log.statemachine.data.caching.enabled = true (custom)
2019-09-12 10:53:36,900 [pool-201-thread-1] INFO  segmented.SegmentedRaftLogWorker (SegmentedRaftLogWorker.java:lambda$new$0(132)) - 226b4809-1310-4df7-b0e3-70448e94a1e8-SegmentedRaftLogWorker:Storage Directory /workdir/hadoop-ozone/integration-test/target/test-dir/MiniOzoneClusterImpl-0aac579c-f8ad-49ec-a94e-9a436a9c79c1/datanode-4/data/ratis/0101e91d-8176-4e61-9eec-8e9dc71aca8c: flushIndex: setUnconditionally 0 -> -1
2019-09-12 10:53:36,901 [pool-201-thread-1] INFO  server.RaftServerConfigKeys (ConfUtils.java:logGet(43)) - raft.server.snapshot.auto.trigger.enabled = true (custom)
2019-09-12 10:53:36,901 [pool-201-thread-1] INFO  server.RaftServerConfigKeys (ConfUtils.java:logGet(43)) - raft.server.snapshot.auto.trigger.threshold = 10000 (custom)
2019-09-12 10:53:36,901 [pool-201-thread-1] INFO  server.RaftServerConfigKeys (ConfUtils.java:logGet(43)) - raft.server.retrycache.expirytime = 600000ms (custom)
2019-09-12 10:53:36,901 [pool-201-thread-1] INFO  impl.RaftServerImpl (RaftServerImpl.java:start(180)) - 226b4809-1310-4df7-b0e3-70448e94a1e8: start group-8E9DC71ACA8C
2019-09-12 10:53:36,902 [pool-201-thread-1] INFO  impl.RaftServerImpl (RaftServerImpl.java:setRole(171)) - 226b4809-1310-4df7-b0e3-70448e94a1e8:group-8E9DC71ACA8C changes role from null to FOLLOWER at term 0 for startAsFollower
2019-09-12 10:53:36,902 [pool-201-thread-1] INFO  impl.RoleInfo (RoleInfo.java:updateAndGet(143)) - 226b4809-1310-4df7-b0e3-70448e94a1e8: start FollowerState
2019-09-12 10:53:36,902 [pool-201-thread-1] INFO  util.JmxRegister (JmxRegister.java:tryRegister(44)) - Successfully registered JMX Bean with object name Ratis:service=RaftServer,group=group-8E9DC71ACA8C,id=226b4809-1310-4df7-b0e3-70448e94a1e8
2019-09-12 10:53:36,905 [RatisPipelineUtilsThread] INFO  pipeline.PipelineStateManager (PipelineStateManager.java:addPipeline(56)) - Created pipeline Pipeline[ Id: 0101e91d-8176-4e61-9eec-8e9dc71aca8c, Nodes: 226b4809-1310-4df7-b0e3-70448e94a1e8{ip: 192.168.157.195, host: pr-hdds-1569-xtfnx-3545843844, networkLocation: /default-rack, certSerialId: null}, Type:RATIS, Factor:ONE, State:OPEN]
2019-09-12 10:53:36,905 [RatisPipelineUtilsThread] ERROR pipeline.PipelinePlacementPolicy (PipelinePlacementPolicy.java:meetCriteria(91)) - Pipeline Placement: Doesn't meet the criteria to be viable node. Heaviness: 6
2019-09-12 10:53:36,905 [RatisPipelineUtilsThread] ERROR pipeline.PipelinePlacementPolicy (PipelinePlacementPolicy.java:meetCriteria(91)) - Pipeline Placement: Doesn't meet the criteria to be viable node. Heaviness: 6
2019-09-12 10:53:36,911 [grpc-default-executor-0] INFO  impl.RaftServerProxy (RaftServerProxy.java:addNew(89)) - 4e79f251-f4f2-46d8-98e5-a0ed6d578d1f: addNew group-AE54A70CA60F:[4e79f251-f4f2-46d8-98e5-a0ed6d578d1f:192.168.157.195:36131] returns group-AE54A70CA60F:java.util.concurrent.CompletableFuture@4e279bf8[Not completed]
2019-09-12 10:53:36,912 [pool-179-thread-1] INFO  impl.RaftServerImpl (RaftServerImpl.java:<init>(93)) - 4e79f251-f4f2-46d8-98e5-a0ed6d578d1f: new RaftServerImpl for group-AE54A70CA60F:[4e79f251-f4f2-46d8-98e5-a0ed6d578d1f:192.168.157.195:36131] with ContainerStateMachine:uninitialized
2019-09-12 10:53:36,913 [pool-179-thread-1] INFO  server.RaftServerConfigKeys (ConfUtils.java:logGet(43)) - raft.server.rpc.timeout.min = 1s (custom)
2019-09-12 10:53:36,913 [pool-179-thread-1] INFO  server.RaftServerConfigKeys (ConfUtils.java:logGet(43)) - raft.server.rpc.timeout.max = 1200ms (custom)
2019-09-12 10:53:36,913 [pool-179-thread-1] INFO  server.RaftServerConfigKeys (ConfUtils.java:logGet(43)) - raft.server.rpcslowness.timeout = 120s (custom)
2019-09-12 10:53:36,913 [pool-179-thread-1] INFO  server.RaftServerConfigKeys (ConfUtils.java:logGet(43)) - raft.server.sleep.deviation.threshold = 300 (default)
2019-09-12 10:53:36,913 [pool-179-thread-1] INFO  server.RaftServerConfigKeys (ConfUtils.java:logGet(43)) - raft.server.log.appender.install.snapshot.enabled = false (custom)
2019-09-12 10:53:36,913 [pool-179-thread-1] INFO  impl.RaftServerImpl (ServerState.java:<init>(105)) - 4e79f251-f4f2-46d8-98e5-a0ed6d578d1f:group-AE54A70CA60F ConfigurationManager, init=-1: [4e79f251-f4f2-46d8-98e5-a0ed6d578d1f:192.168.157.195:36131], old=null, confs=<EMPTY_MAP>
2019-09-12 10:53:36,914 [pool-179-thread-1] INFO  server.RaftServerConfigKeys (ConfUtils.java:logGet(43)) - raft.server.storage.dir = [/workdir/hadoop-ozone/integration-test/target/test-dir/MiniOzoneClusterImpl-0aac579c-f8ad-49ec-a94e-9a436a9c79c1/datanode-2/data/ratis] (custom)
2019-09-12 10:53:36,914 [pool-179-thread-1] INFO  storage.RaftStorageDirectory (RaftStorageDirectory.java:analyzeStorage(246)) - The storage directory /workdir/hadoop-ozone/integration-test/target/test-dir/MiniOzoneClusterImpl-0aac579c-f8ad-49ec-a94e-9a436a9c79c1/datanode-2/data/ratis/d37c2ed7-e7fd-4bad-9459-ae54a70ca60f does not exist. Creating ...
2019-09-12 10:53:36,927 [pool-179-thread-1] INFO  storage.RaftStorageDirectory (RaftStorageDirectory.java:tryLock(328)) - Lock on /workdir/hadoop-ozone/integration-test/target/test-dir/MiniOzoneClusterImpl-0aac579c-f8ad-49ec-a94e-9a436a9c79c1/datanode-2/data/ratis/d37c2ed7-e7fd-4bad-9459-ae54a70ca60f/in_use.lock acquired by nodename 620@pr-hdds-1569-xtfnx-3545843844
2019-09-12 10:53:36,940 [pool-179-thread-1] INFO  storage.RaftStorage (RaftStorage.java:format(72)) - Storage directory /workdir/hadoop-ozone/integration-test/target/test-dir/MiniOzoneClusterImpl-0aac579c-f8ad-49ec-a94e-9a436a9c79c1/datanode-2/data/ratis/d37c2ed7-e7fd-4bad-9459-ae54a70ca60f has been successfully formatted.
2019-09-12 10:53:36,940 [pool-179-thread-1] INFO  ratis.ContainerStateMachine (ContainerStateMachine.java:loadSnapshot(226)) - group-AE54A70CA60F: The snapshot info is null. Setting the last applied indexto:(t:0, i:~)
2019-09-12 10:53:36,940 [pool-179-thread-1] INFO  server.RaftServerConfigKeys (ConfUtils.java:logGet(43)) - raft.server.leader.election.timeout = 120s (custom)
2019-09-12 10:53:36,940 [pool-179-thread-1] INFO  server.RaftServerConfigKeys (ConfUtils.java:logGet(43)) - raft.server.log.use.memory = false (default)
2019-09-12 10:53:36,940 [pool-179-thread-1] INFO  server.RaftServerConfigKeys (ConfUtils.java:logGet(43)) - raft.server.log.purge.gap = 1000000 (custom)
2019-09-12 10:53:36,941 [pool-179-thread-1] INFO  server.RaftServerConfigKeys (ConfUtils.java:logGet(43)) - raft.server.log.appender.buffer.byte-limit = 33554432 (custom)
2019-09-12 10:53:36,941 [pool-179-thread-1] INFO  server.RaftServerConfigKeys (ConfUtils.java:logGet(43)) - raft.server.log.segment.size.max = 1048576 (custom)
2019-09-12 10:53:36,941 [pool-179-thread-1] INFO  server.RaftServerConfigKeys (ConfUtils.java:logGet(43)) - raft.server.log.segment.cache.num.max = 2 (custom)
2019-09-12 10:53:36,941 [pool-179-thread-1] INFO  segmented.SegmentedRaftLogWorker (SegmentedRaftLogWorker.java:<init>(172)) - new 4e79f251-f4f2-46d8-98e5-a0ed6d578d1f-SegmentedRaftLogWorker:Storage Directory /workdir/hadoop-ozone/integration-test/target/test-dir/MiniOzoneClusterImpl-0aac579c-f8ad-49ec-a94e-9a436a9c79c1/datanode-2/data/ratis/d37c2ed7-e7fd-4bad-9459-ae54a70ca60f for RaftStorage:Storage Directory /workdir/hadoop-ozone/integration-test/target/test-dir/MiniOzoneClusterImpl-0aac579c-f8ad-49ec-a94e-9a436a9c79c1/datanode-2/data/ratis/d37c2ed7-e7fd-4bad-9459-ae54a70ca60f
2019-09-12 10:53:36,941 [pool-179-thread-1] INFO  server.RaftServerConfigKeys (ConfUtils.java:logGet(43)) - raft.server.log.queue.byte-limit = 2147483647 (custom)
2019-09-12 10:53:36,941 [pool-179-thread-1] INFO  server.RaftServerConfigKeys (ConfUtils.java:logGet(43)) - raft.server.log.queue.element-limit = 1024 (custom)
2019-09-12 10:53:36,942 [pool-179-thread-1] INFO  server.RaftServerConfigKeys (ConfUtils.java:logGet(43)) - raft.server.log.segment.size.max = 1048576 (custom)
2019-09-12 10:53:36,942 [pool-179-thread-1] INFO  server.RaftServerConfigKeys (ConfUtils.java:logGet(43)) - raft.server.log.preallocated.size = 16384 (custom)
2019-09-12 10:53:36,942 [pool-179-thread-1] INFO  server.RaftServerConfigKeys (ConfUtils.java:logGet(43)) - raft.server.log.write.buffer.size = 33554432 (custom)
2019-09-12 10:53:36,942 [pool-179-thread-1] INFO  server.RaftServerConfigKeys (ConfUtils.java:logGet(43)) - raft.server.log.force.sync.num = 128 (default)
2019-09-12 10:53:36,942 [pool-179-thread-1] INFO  server.RaftServerConfigKeys (ConfUtils.java:logGet(43)) - raft.server.log.statemachine.data.sync = true (default)
2019-09-12 10:53:36,942 [pool-179-thread-1] INFO  server.RaftServerConfigKeys (ConfUtils.java:logGet(43)) - raft.server.log.statemachine.data.sync.timeout = 10s (default)
2019-09-12 10:53:36,943 [pool-179-thread-1] INFO  server.RaftServerConfigKeys (ConfUtils.java:logGet(43)) - raft.server.log.statemachine.data.sync.timeout.retry = -1 (default)
2019-09-12 10:53:36,943 [pool-179-thread-1] INFO  server.RaftServerConfigKeys (ConfUtils.java:logGet(43)) - raft.server.log.statemachine.data.caching.enabled = true (custom)
2019-09-12 10:53:36,943 [pool-179-thread-1] INFO  segmented.SegmentedRaftLogWorker (SegmentedRaftLogWorker.java:lambda$new$0(132)) - 4e79f251-f4f2-46d8-98e5-a0ed6d578d1f-SegmentedRaftLogWorker:Storage Directory /workdir/hadoop-ozone/integration-test/target/test-dir/MiniOzoneClusterImpl-0aac579c-f8ad-49ec-a94e-9a436a9c79c1/datanode-2/data/ratis/d37c2ed7-e7fd-4bad-9459-ae54a70ca60f: flushIndex: setUnconditionally 0 -> -1
2019-09-12 10:53:36,944 [pool-179-thread-1] INFO  server.RaftServerConfigKeys (ConfUtils.java:logGet(43)) - raft.server.snapshot.auto.trigger.enabled = true (custom)
2019-09-12 10:53:36,944 [pool-179-thread-1] INFO  server.RaftServerConfigKeys (ConfUtils.java:logGet(43)) - raft.server.snapshot.auto.trigger.threshold = 10000 (custom)
2019-09-12 10:53:36,944 [pool-179-thread-1] INFO  server.RaftServerConfigKeys (ConfUtils.java:logGet(43)) - raft.server.retrycache.expirytime = 600000ms (custom)
2019-09-12 10:53:36,944 [pool-179-thread-1] INFO  impl.RaftServerImpl (RaftServerImpl.java:start(180)) - 4e79f251-f4f2-46d8-98e5-a0ed6d578d1f: start group-AE54A70CA60F
2019-09-12 10:53:36,944 [pool-179-thread-1] INFO  impl.RaftServerImpl (RaftServerImpl.java:setRole(171)) - 4e79f251-f4f2-46d8-98e5-a0ed6d578d1f:group-AE54A70CA60F changes role from null to FOLLOWER at term 0 for startAsFollower
2019-09-12 10:53:36,945 [pool-179-thread-1] INFO  impl.RoleInfo (RoleInfo.java:updateAndGet(143)) - 4e79f251-f4f2-46d8-98e5-a0ed6d578d1f: start FollowerState
2019-09-12 10:53:36,945 [pool-179-thread-1] INFO  util.JmxRegister (JmxRegister.java:tryRegister(44)) - Successfully registered JMX Bean with object name Ratis:service=RaftServer,group=group-AE54A70CA60F,id=4e79f251-f4f2-46d8-98e5-a0ed6d578d1f
2019-09-12 10:53:36,948 [RatisPipelineUtilsThread] INFO  pipeline.PipelineStateManager (PipelineStateManager.java:addPipeline(56)) - Created pipeline Pipeline[ Id: d37c2ed7-e7fd-4bad-9459-ae54a70ca60f, Nodes: 4e79f251-f4f2-46d8-98e5-a0ed6d578d1f{ip: 192.168.157.195, host: pr-hdds-1569-xtfnx-3545843844, networkLocation: /default-rack, certSerialId: null}, Type:RATIS, Factor:ONE, State:OPEN]
2019-09-12 10:53:36,948 [RatisPipelineUtilsThread] ERROR pipeline.PipelinePlacementPolicy (PipelinePlacementPolicy.java:meetCriteria(91)) - Pipeline Placement: Doesn't meet the criteria to be viable node. Heaviness: 6
2019-09-12 10:53:36,948 [RatisPipelineUtilsThread] ERROR pipeline.PipelinePlacementPolicy (PipelinePlacementPolicy.java:meetCriteria(91)) - Pipeline Placement: Doesn't meet the criteria to be viable node. Heaviness: 6
2019-09-12 10:53:36,948 [RatisPipelineUtilsThread] ERROR pipeline.PipelinePlacementPolicy (PipelinePlacementPolicy.java:meetCriteria(91)) - Pipeline Placement: Doesn't meet the criteria to be viable node. Heaviness: 6
2019-09-12 10:53:36,954 [grpc-default-executor-0] INFO  impl.RaftServerProxy (RaftServerProxy.java:addNew(89)) - b49fccba-7697-4103-b8d6-57050bb52229: addNew group-9BDCA8C3ADB6:[b49fccba-7697-4103-b8d6-57050bb52229:192.168.157.195:46518] returns group-9BDCA8C3ADB6:java.util.concurrent.CompletableFuture@33deaa05[Not completed]
2019-09-12 10:53:36,954 [pool-190-thread-1] INFO  impl.RaftServerImpl (RaftServerImpl.java:<init>(93)) - b49fccba-7697-4103-b8d6-57050bb52229: new RaftServerImpl for group-9BDCA8C3ADB6:[b49fccba-7697-4103-b8d6-57050bb52229:192.168.157.195:46518] with ContainerStateMachine:uninitialized
2019-09-12 10:53:36,955 [pool-190-thread-1] INFO  server.RaftServerConfigKeys (ConfUtils.java:logGet(43)) - raft.server.rpc.timeout.min = 1s (custom)
2019-09-12 10:53:36,955 [pool-190-thread-1] INFO  server.RaftServerConfigKeys (ConfUtils.java:logGet(43)) - raft.server.rpc.timeout.max = 1200ms (custom)
2019-09-12 10:53:36,955 [pool-190-thread-1] INFO  server.RaftServerConfigKeys (ConfUtils.java:logGet(43)) - raft.server.rpcslowness.timeout = 120s (custom)
2019-09-12 10:53:36,955 [pool-190-thread-1] INFO  server.RaftServerConfigKeys (ConfUtils.java:logGet(43)) - raft.server.sleep.deviation.threshold = 300 (default)
2019-09-12 10:53:36,955 [pool-190-thread-1] INFO  server.RaftServerConfigKeys (ConfUtils.java:logGet(43)) - raft.server.log.appender.install.snapshot.enabled = false (custom)
2019-09-12 10:53:36,955 [pool-190-thread-1] INFO  impl.RaftServerImpl (ServerState.java:<init>(105)) - b49fccba-7697-4103-b8d6-57050bb52229:group-9BDCA8C3ADB6 ConfigurationManager, init=-1: [b49fccba-7697-4103-b8d6-57050bb52229:192.168.157.195:46518], old=null, confs=<EMPTY_MAP>
2019-09-12 10:53:36,956 [pool-190-thread-1] INFO  server.RaftServerConfigKeys (ConfUtils.java:logGet(43)) - raft.server.storage.dir = [/workdir/hadoop-ozone/integration-test/target/test-dir/MiniOzoneClusterImpl-0aac579c-f8ad-49ec-a94e-9a436a9c79c1/datanode-3/data/ratis] (custom)
2019-09-12 10:53:36,956 [pool-190-thread-1] INFO  storage.RaftStorageDirectory (RaftStorageDirectory.java:analyzeStorage(246)) - The storage directory /workdir/hadoop-ozone/integration-test/target/test-dir/MiniOzoneClusterImpl-0aac579c-f8ad-49ec-a94e-9a436a9c79c1/datanode-3/data/ratis/f11dec4a-8f44-47cf-b0ce-9bdca8c3adb6 does not exist. Creating ...
2019-09-12 10:53:36,968 [pool-190-thread-1] INFO  storage.RaftStorageDirectory (RaftStorageDirectory.java:tryLock(328)) - Lock on /workdir/hadoop-ozone/integration-test/target/test-dir/MiniOzoneClusterImpl-0aac579c-f8ad-49ec-a94e-9a436a9c79c1/datanode-3/data/ratis/f11dec4a-8f44-47cf-b0ce-9bdca8c3adb6/in_use.lock acquired by nodename 620@pr-hdds-1569-xtfnx-3545843844
2019-09-12 10:53:36,992 [pool-190-thread-1] INFO  storage.RaftStorage (RaftStorage.java:format(72)) - Storage directory /workdir/hadoop-ozone/integration-test/target/test-dir/MiniOzoneClusterImpl-0aac579c-f8ad-49ec-a94e-9a436a9c79c1/datanode-3/data/ratis/f11dec4a-8f44-47cf-b0ce-9bdca8c3adb6 has been successfully formatted.
2019-09-12 10:53:36,992 [pool-190-thread-1] INFO  ratis.ContainerStateMachine (ContainerStateMachine.java:loadSnapshot(226)) - group-9BDCA8C3ADB6: The snapshot info is null. Setting the last applied indexto:(t:0, i:~)
2019-09-12 10:53:36,992 [pool-190-thread-1] INFO  server.RaftServerConfigKeys (ConfUtils.java:logGet(43)) - raft.server.leader.election.timeout = 120s (custom)
2019-09-12 10:53:36,993 [pool-190-thread-1] INFO  server.RaftServerConfigKeys (ConfUtils.java:logGet(43)) - raft.server.log.use.memory = false (default)
2019-09-12 10:53:36,993 [pool-190-thread-1] INFO  server.RaftServerConfigKeys (ConfUtils.java:logGet(43)) - raft.server.log.purge.gap = 1000000 (custom)
2019-09-12 10:53:36,993 [pool-190-thread-1] INFO  server.RaftServerConfigKeys (ConfUtils.java:logGet(43)) - raft.server.log.appender.buffer.byte-limit = 33554432 (custom)
2019-09-12 10:53:36,993 [pool-190-thread-1] INFO  server.RaftServerConfigKeys (ConfUtils.java:logGet(43)) - raft.server.log.segment.size.max = 1048576 (custom)
2019-09-12 10:53:36,993 [pool-190-thread-1] INFO  server.RaftServerConfigKeys (ConfUtils.java:logGet(43)) - raft.server.log.segment.cache.num.max = 2 (custom)
2019-09-12 10:53:36,993 [pool-190-thread-1] INFO  segmented.SegmentedRaftLogWorker (SegmentedRaftLogWorker.java:<init>(172)) - new b49fccba-7697-4103-b8d6-57050bb52229-SegmentedRaftLogWorker:Storage Directory /workdir/hadoop-ozone/integration-test/target/test-dir/MiniOzoneClusterImpl-0aac579c-f8ad-49ec-a94e-9a436a9c79c1/datanode-3/data/ratis/f11dec4a-8f44-47cf-b0ce-9bdca8c3adb6 for RaftStorage:Storage Directory /workdir/hadoop-ozone/integration-test/target/test-dir/MiniOzoneClusterImpl-0aac579c-f8ad-49ec-a94e-9a436a9c79c1/datanode-3/data/ratis/f11dec4a-8f44-47cf-b0ce-9bdca8c3adb6
2019-09-12 10:53:36,994 [pool-190-thread-1] INFO  server.RaftServerConfigKeys (ConfUtils.java:logGet(43)) - raft.server.log.queue.byte-limit = 2147483647 (custom)
2019-09-12 10:53:36,994 [pool-190-thread-1] INFO  server.RaftServerConfigKeys (ConfUtils.java:logGet(43)) - raft.server.log.queue.element-limit = 1024 (custom)
2019-09-12 10:53:36,994 [pool-190-thread-1] INFO  server.RaftServerConfigKeys (ConfUtils.java:logGet(43)) - raft.server.log.segment.size.max = 1048576 (custom)
2019-09-12 10:53:36,994 [pool-190-thread-1] INFO  server.RaftServerConfigKeys (ConfUtils.java:logGet(43)) - raft.server.log.preallocated.size = 16384 (custom)
2019-09-12 10:53:36,994 [pool-190-thread-1] INFO  server.RaftServerConfigKeys (ConfUtils.java:logGet(43)) - raft.server.log.write.buffer.size = 33554432 (custom)
2019-09-12 10:53:36,995 [pool-190-thread-1] INFO  server.RaftServerConfigKeys (ConfUtils.java:logGet(43)) - raft.server.log.force.sync.num = 128 (default)
2019-09-12 10:53:36,995 [pool-190-thread-1] INFO  server.RaftServerConfigKeys (ConfUtils.java:logGet(43)) - raft.server.log.statemachine.data.sync = true (default)
2019-09-12 10:53:36,995 [pool-190-thread-1] INFO  server.RaftServerConfigKeys (ConfUtils.java:logGet(43)) - raft.server.log.statemachine.data.sync.timeout = 10s (default)
2019-09-12 10:53:36,995 [pool-190-thread-1] INFO  server.RaftServerConfigKeys (ConfUtils.java:logGet(43)) - raft.server.log.statemachine.data.sync.timeout.retry = -1 (default)
2019-09-12 10:53:36,995 [pool-190-thread-1] INFO  server.RaftServerConfigKeys (ConfUtils.java:logGet(43)) - raft.server.log.statemachine.data.caching.enabled = true (custom)
2019-09-12 10:53:36,996 [pool-190-thread-1] INFO  segmented.SegmentedRaftLogWorker (SegmentedRaftLogWorker.java:lambda$new$0(132)) - b49fccba-7697-4103-b8d6-57050bb52229-SegmentedRaftLogWorker:Storage Directory /workdir/hadoop-ozone/integration-test/target/test-dir/MiniOzoneClusterImpl-0aac579c-f8ad-49ec-a94e-9a436a9c79c1/datanode-3/data/ratis/f11dec4a-8f44-47cf-b0ce-9bdca8c3adb6: flushIndex: setUnconditionally 0 -> -1
2019-09-12 10:53:36,996 [pool-190-thread-1] INFO  server.RaftServerConfigKeys (ConfUtils.java:logGet(43)) - raft.server.snapshot.auto.trigger.enabled = true (custom)
2019-09-12 10:53:36,996 [pool-190-thread-1] INFO  server.RaftServerConfigKeys (ConfUtils.java:logGet(43)) - raft.server.snapshot.auto.trigger.threshold = 10000 (custom)
2019-09-12 10:53:36,996 [pool-190-thread-1] INFO  server.RaftServerConfigKeys (ConfUtils.java:logGet(43)) - raft.server.retrycache.expirytime = 600000ms (custom)
2019-09-12 10:53:36,996 [pool-190-thread-1] INFO  impl.RaftServerImpl (RaftServerImpl.java:start(180)) - b49fccba-7697-4103-b8d6-57050bb52229: start group-9BDCA8C3ADB6
2019-09-12 10:53:36,997 [pool-190-thread-1] INFO  impl.RaftServerImpl (RaftServerImpl.java:setRole(171)) - b49fccba-7697-4103-b8d6-57050bb52229:group-9BDCA8C3ADB6 changes role from null to FOLLOWER at term 0 for startAsFollower
2019-09-12 10:53:36,997 [pool-190-thread-1] INFO  impl.RoleInfo (RoleInfo.java:updateAndGet(143)) - b49fccba-7697-4103-b8d6-57050bb52229: start FollowerState
2019-09-12 10:53:36,997 [pool-190-thread-1] INFO  util.JmxRegister (JmxRegister.java:tryRegister(44)) - Successfully registered JMX Bean with object name Ratis:service=RaftServer,group=group-9BDCA8C3ADB6,id=b49fccba-7697-4103-b8d6-57050bb52229
2019-09-12 10:53:37,000 [RatisPipelineUtilsThread] INFO  pipeline.PipelineStateManager (PipelineStateManager.java:addPipeline(56)) - Created pipeline Pipeline[ Id: f11dec4a-8f44-47cf-b0ce-9bdca8c3adb6, Nodes: b49fccba-7697-4103-b8d6-57050bb52229{ip: 192.168.157.195, host: pr-hdds-1569-xtfnx-3545843844, networkLocation: /default-rack, certSerialId: null}, Type:RATIS, Factor:ONE, State:OPEN]
2019-09-12 10:53:37,001 [RatisPipelineUtilsThread] ERROR pipeline.PipelinePlacementPolicy (PipelinePlacementPolicy.java:meetCriteria(91)) - Pipeline Placement: Doesn't meet the criteria to be viable node. Heaviness: 6
2019-09-12 10:53:37,001 [RatisPipelineUtilsThread] ERROR pipeline.PipelinePlacementPolicy (PipelinePlacementPolicy.java:meetCriteria(91)) - Pipeline Placement: Doesn't meet the criteria to be viable node. Heaviness: 6
2019-09-12 10:53:37,001 [RatisPipelineUtilsThread] ERROR pipeline.PipelinePlacementPolicy (PipelinePlacementPolicy.java:meetCriteria(91)) - Pipeline Placement: Doesn't meet the criteria to be viable node. Heaviness: 6
2019-09-12 10:53:37,007 [grpc-default-executor-0] INFO  impl.RaftServerProxy (RaftServerProxy.java:addNew(89)) - b49fccba-7697-4103-b8d6-57050bb52229: addNew group-BC778AB11273:[b49fccba-7697-4103-b8d6-57050bb52229:192.168.157.195:46518] returns group-BC778AB11273:java.util.concurrent.CompletableFuture@6616c31d[Not completed]
2019-09-12 10:53:37,009 [pool-190-thread-1] INFO  impl.RaftServerImpl (RaftServerImpl.java:<init>(93)) - b49fccba-7697-4103-b8d6-57050bb52229: new RaftServerImpl for group-BC778AB11273:[b49fccba-7697-4103-b8d6-57050bb52229:192.168.157.195:46518] with ContainerStateMachine:uninitialized
2019-09-12 10:53:37,009 [pool-190-thread-1] INFO  server.RaftServerConfigKeys (ConfUtils.java:logGet(43)) - raft.server.rpc.timeout.min = 1s (custom)
2019-09-12 10:53:37,009 [pool-190-thread-1] INFO  server.RaftServerConfigKeys (ConfUtils.java:logGet(43)) - raft.server.rpc.timeout.max = 1200ms (custom)
2019-09-12 10:53:37,009 [pool-190-thread-1] INFO  server.RaftServerConfigKeys (ConfUtils.java:logGet(43)) - raft.server.rpcslowness.timeout = 120s (custom)
2019-09-12 10:53:37,009 [pool-190-thread-1] INFO  server.RaftServerConfigKeys (ConfUtils.java:logGet(43)) - raft.server.sleep.deviation.threshold = 300 (default)
2019-09-12 10:53:37,009 [pool-190-thread-1] INFO  server.RaftServerConfigKeys (ConfUtils.java:logGet(43)) - raft.server.log.appender.install.snapshot.enabled = false (custom)
2019-09-12 10:53:37,009 [pool-190-thread-1] INFO  impl.RaftServerImpl (ServerState.java:<init>(105)) - b49fccba-7697-4103-b8d6-57050bb52229:group-BC778AB11273 ConfigurationManager, init=-1: [b49fccba-7697-4103-b8d6-57050bb52229:192.168.157.195:46518], old=null, confs=<EMPTY_MAP>
2019-09-12 10:53:37,010 [pool-190-thread-1] INFO  server.RaftServerConfigKeys (ConfUtils.java:logGet(43)) - raft.server.storage.dir = [/workdir/hadoop-ozone/integration-test/target/test-dir/MiniOzoneClusterImpl-0aac579c-f8ad-49ec-a94e-9a436a9c79c1/datanode-3/data/ratis] (custom)
2019-09-12 10:53:37,010 [pool-190-thread-1] INFO  storage.RaftStorageDirectory (RaftStorageDirectory.java:analyzeStorage(246)) - The storage directory /workdir/hadoop-ozone/integration-test/target/test-dir/MiniOzoneClusterImpl-0aac579c-f8ad-49ec-a94e-9a436a9c79c1/datanode-3/data/ratis/89a55d98-af35-4539-9264-bc778ab11273 does not exist. Creating ...
2019-09-12 10:53:37,032 [pool-190-thread-1] INFO  storage.RaftStorageDirectory (RaftStorageDirectory.java:tryLock(328)) - Lock on /workdir/hadoop-ozone/integration-test/target/test-dir/MiniOzoneClusterImpl-0aac579c-f8ad-49ec-a94e-9a436a9c79c1/datanode-3/data/ratis/89a55d98-af35-4539-9264-bc778ab11273/in_use.lock acquired by nodename 620@pr-hdds-1569-xtfnx-3545843844
2019-09-12 10:53:37,054 [pool-190-thread-1] INFO  storage.RaftStorage (RaftStorage.java:format(72)) - Storage directory /workdir/hadoop-ozone/integration-test/target/test-dir/MiniOzoneClusterImpl-0aac579c-f8ad-49ec-a94e-9a436a9c79c1/datanode-3/data/ratis/89a55d98-af35-4539-9264-bc778ab11273 has been successfully formatted.
2019-09-12 10:53:37,054 [pool-190-thread-1] INFO  ratis.ContainerStateMachine (ContainerStateMachine.java:loadSnapshot(226)) - group-BC778AB11273: The snapshot info is null. Setting the last applied indexto:(t:0, i:~)
2019-09-12 10:53:37,054 [pool-190-thread-1] INFO  server.RaftServerConfigKeys (ConfUtils.java:logGet(43)) - raft.server.leader.election.timeout = 120s (custom)
2019-09-12 10:53:37,054 [pool-190-thread-1] INFO  server.RaftServerConfigKeys (ConfUtils.java:logGet(43)) - raft.server.log.use.memory = false (default)
2019-09-12 10:53:37,054 [pool-190-thread-1] INFO  server.RaftServerConfigKeys (ConfUtils.java:logGet(43)) - raft.server.log.purge.gap = 1000000 (custom)
2019-09-12 10:53:37,054 [pool-190-thread-1] INFO  server.RaftServerConfigKeys (ConfUtils.java:logGet(43)) - raft.server.log.appender.buffer.byte-limit = 33554432 (custom)
2019-09-12 10:53:37,055 [pool-190-thread-1] INFO  server.RaftServerConfigKeys (ConfUtils.java:logGet(43)) - raft.server.log.segment.size.max = 1048576 (custom)
2019-09-12 10:53:37,055 [pool-190-thread-1] INFO  server.RaftServerConfigKeys (ConfUtils.java:logGet(43)) - raft.server.log.segment.cache.num.max = 2 (custom)
2019-09-12 10:53:37,055 [pool-190-thread-1] INFO  segmented.SegmentedRaftLogWorker (SegmentedRaftLogWorker.java:<init>(172)) - new b49fccba-7697-4103-b8d6-57050bb52229-SegmentedRaftLogWorker:Storage Directory /workdir/hadoop-ozone/integration-test/target/test-dir/MiniOzoneClusterImpl-0aac579c-f8ad-49ec-a94e-9a436a9c79c1/datanode-3/data/ratis/89a55d98-af35-4539-9264-bc778ab11273 for RaftStorage:Storage Directory /workdir/hadoop-ozone/integration-test/target/test-dir/MiniOzoneClusterImpl-0aac579c-f8ad-49ec-a94e-9a436a9c79c1/datanode-3/data/ratis/89a55d98-af35-4539-9264-bc778ab11273
2019-09-12 10:53:37,055 [pool-190-thread-1] INFO  server.RaftServerConfigKeys (ConfUtils.java:logGet(43)) - raft.server.log.queue.byte-limit = 2147483647 (custom)
2019-09-12 10:53:37,055 [pool-190-thread-1] INFO  server.RaftServerConfigKeys (ConfUtils.java:logGet(43)) - raft.server.log.queue.element-limit = 1024 (custom)
2019-09-12 10:53:37,055 [pool-190-thread-1] INFO  server.RaftServerConfigKeys (ConfUtils.java:logGet(43)) - raft.server.log.segment.size.max = 1048576 (custom)
2019-09-12 10:53:37,055 [pool-190-thread-1] INFO  server.RaftServerConfigKeys (ConfUtils.java:logGet(43)) - raft.server.log.preallocated.size = 16384 (custom)
2019-09-12 10:53:37,055 [pool-190-thread-1] INFO  server.RaftServerConfigKeys (ConfUtils.java:logGet(43)) - raft.server.log.write.buffer.size = 33554432 (custom)
2019-09-12 10:53:37,056 [pool-190-thread-1] INFO  server.RaftServerConfigKeys (ConfUtils.java:logGet(43)) - raft.server.log.force.sync.num = 128 (default)
2019-09-12 10:53:37,056 [pool-190-thread-1] INFO  server.RaftServerConfigKeys (ConfUtils.java:logGet(43)) - raft.server.log.statemachine.data.sync = true (default)
2019-09-12 10:53:37,056 [pool-190-thread-1] INFO  server.RaftServerConfigKeys (ConfUtils.java:logGet(43)) - raft.server.log.statemachine.data.sync.timeout = 10s (default)
2019-09-12 10:53:37,056 [pool-190-thread-1] INFO  server.RaftServerConfigKeys (ConfUtils.java:logGet(43)) - raft.server.log.statemachine.data.sync.timeout.retry = -1 (default)
2019-09-12 10:53:37,056 [pool-190-thread-1] INFO  server.RaftServerConfigKeys (ConfUtils.java:logGet(43)) - raft.server.log.statemachine.data.caching.enabled = true (custom)
2019-09-12 10:53:37,056 [pool-190-thread-1] INFO  segmented.SegmentedRaftLogWorker (SegmentedRaftLogWorker.java:lambda$new$0(132)) - b49fccba-7697-4103-b8d6-57050bb52229-SegmentedRaftLogWorker:Storage Directory /workdir/hadoop-ozone/integration-test/target/test-dir/MiniOzoneClusterImpl-0aac579c-f8ad-49ec-a94e-9a436a9c79c1/datanode-3/data/ratis/89a55d98-af35-4539-9264-bc778ab11273: flushIndex: setUnconditionally 0 -> -1
2019-09-12 10:53:37,057 [pool-190-thread-1] INFO  server.RaftServerConfigKeys (ConfUtils.java:logGet(43)) - raft.server.snapshot.auto.trigger.enabled = true (custom)
2019-09-12 10:53:37,057 [pool-190-thread-1] INFO  server.RaftServerConfigKeys (ConfUtils.java:logGet(43)) - raft.server.snapshot.auto.trigger.threshold = 10000 (custom)
2019-09-12 10:53:37,057 [pool-190-thread-1] INFO  server.RaftServerConfigKeys (ConfUtils.java:logGet(43)) - raft.server.retrycache.expirytime = 600000ms (custom)
2019-09-12 10:53:37,057 [pool-190-thread-1] INFO  impl.RaftServerImpl (RaftServerImpl.java:start(180)) - b49fccba-7697-4103-b8d6-57050bb52229: start group-BC778AB11273
2019-09-12 10:53:37,057 [pool-190-thread-1] INFO  impl.RaftServerImpl (RaftServerImpl.java:setRole(171)) - b49fccba-7697-4103-b8d6-57050bb52229:group-BC778AB11273 changes role from null to FOLLOWER at term 0 for startAsFollower
2019-09-12 10:53:37,057 [pool-190-thread-1] INFO  impl.RoleInfo (RoleInfo.java:updateAndGet(143)) - b49fccba-7697-4103-b8d6-57050bb52229: start FollowerState
2019-09-12 10:53:37,058 [pool-190-thread-1] INFO  util.JmxRegister (JmxRegister.java:tryRegister(44)) - Successfully registered JMX Bean with object name Ratis:service=RaftServer,group=group-BC778AB11273,id=b49fccba-7697-4103-b8d6-57050bb52229
2019-09-12 10:53:37,061 [RatisPipelineUtilsThread] INFO  pipeline.PipelineStateManager (PipelineStateManager.java:addPipeline(56)) - Created pipeline Pipeline[ Id: 89a55d98-af35-4539-9264-bc778ab11273, Nodes: b49fccba-7697-4103-b8d6-57050bb52229{ip: 192.168.157.195, host: pr-hdds-1569-xtfnx-3545843844, networkLocation: /default-rack, certSerialId: null}, Type:RATIS, Factor:ONE, State:OPEN]
2019-09-12 10:53:37,061 [RatisPipelineUtilsThread] ERROR pipeline.PipelinePlacementPolicy (PipelinePlacementPolicy.java:meetCriteria(91)) - Pipeline Placement: Doesn't meet the criteria to be viable node. Heaviness: 6
2019-09-12 10:53:37,061 [RatisPipelineUtilsThread] ERROR pipeline.PipelinePlacementPolicy (PipelinePlacementPolicy.java:meetCriteria(91)) - Pipeline Placement: Doesn't meet the criteria to be viable node. Heaviness: 6
2019-09-12 10:53:37,061 [RatisPipelineUtilsThread] ERROR pipeline.PipelinePlacementPolicy (PipelinePlacementPolicy.java:meetCriteria(91)) - Pipeline Placement: Doesn't meet the criteria to be viable node. Heaviness: 6
2019-09-12 10:53:37,062 [RatisPipelineUtilsThread] ERROR pipeline.PipelinePlacementPolicy (PipelinePlacementPolicy.java:meetCriteria(91)) - Pipeline Placement: Doesn't meet the criteria to be viable node. Heaviness: 6
2019-09-12 10:53:37,065 [Thread-806] INFO  impl.FollowerState (FollowerState.java:run(106)) - 9c89c98f-dc1b-41da-bccf-9aab26cf5a48:group-1BA0B0F40826 changes to CANDIDATE, lastRpcTime:1110, electionTimeout:1110ms
2019-09-12 10:53:37,065 [Thread-806] INFO  impl.RoleInfo (RoleInfo.java:shutdownFollowerState(121)) - 9c89c98f-dc1b-41da-bccf-9aab26cf5a48: shutdown FollowerState
2019-09-12 10:53:37,065 [Thread-806] INFO  impl.RaftServerImpl (RaftServerImpl.java:setRole(171)) - 9c89c98f-dc1b-41da-bccf-9aab26cf5a48:group-1BA0B0F40826 changes role from FOLLOWER to CANDIDATE at term 0 for changeToCandidate
2019-09-12 10:53:37,066 [Thread-806] INFO  impl.RoleInfo (RoleInfo.java:updateAndGet(143)) - 9c89c98f-dc1b-41da-bccf-9aab26cf5a48: start LeaderElection
2019-09-12 10:53:37,067 [grpc-default-executor-0] INFO  impl.RaftServerProxy (RaftServerProxy.java:addNew(89)) - 226b4809-1310-4df7-b0e3-70448e94a1e8: addNew group-0BFEA7B308AF:[226b4809-1310-4df7-b0e3-70448e94a1e8:192.168.157.195:37819] returns group-0BFEA7B308AF:java.util.concurrent.CompletableFuture@3b7e3cd7[Not completed]
2019-09-12 10:53:37,068 [pool-201-thread-1] INFO  impl.RaftServerImpl (RaftServerImpl.java:<init>(93)) - 226b4809-1310-4df7-b0e3-70448e94a1e8: new RaftServerImpl for group-0BFEA7B308AF:[226b4809-1310-4df7-b0e3-70448e94a1e8:192.168.157.195:37819] with ContainerStateMachine:uninitialized
2019-09-12 10:53:37,068 [pool-201-thread-1] INFO  server.RaftServerConfigKeys (ConfUtils.java:logGet(43)) - raft.server.rpc.timeout.min = 1s (custom)
2019-09-12 10:53:37,068 [pool-201-thread-1] INFO  server.RaftServerConfigKeys (ConfUtils.java:logGet(43)) - raft.server.rpc.timeout.max = 1200ms (custom)
2019-09-12 10:53:37,068 [pool-201-thread-1] INFO  server.RaftServerConfigKeys (ConfUtils.java:logGet(43)) - raft.server.rpcslowness.timeout = 120s (custom)
2019-09-12 10:53:37,068 [pool-201-thread-1] INFO  server.RaftServerConfigKeys (ConfUtils.java:logGet(43)) - raft.server.sleep.deviation.threshold = 300 (default)
2019-09-12 10:53:37,069 [pool-201-thread-1] INFO  server.RaftServerConfigKeys (ConfUtils.java:logGet(43)) - raft.server.log.appender.install.snapshot.enabled = false (custom)
2019-09-12 10:53:37,069 [pool-201-thread-1] INFO  impl.RaftServerImpl (ServerState.java:<init>(105)) - 226b4809-1310-4df7-b0e3-70448e94a1e8:group-0BFEA7B308AF ConfigurationManager, init=-1: [226b4809-1310-4df7-b0e3-70448e94a1e8:192.168.157.195:37819], old=null, confs=<EMPTY_MAP>
2019-09-12 10:53:37,069 [pool-201-thread-1] INFO  server.RaftServerConfigKeys (ConfUtils.java:logGet(43)) - raft.server.storage.dir = [/workdir/hadoop-ozone/integration-test/target/test-dir/MiniOzoneClusterImpl-0aac579c-f8ad-49ec-a94e-9a436a9c79c1/datanode-4/data/ratis] (custom)
2019-09-12 10:53:37,069 [pool-201-thread-1] INFO  storage.RaftStorageDirectory (RaftStorageDirectory.java:analyzeStorage(246)) - The storage directory /workdir/hadoop-ozone/integration-test/target/test-dir/MiniOzoneClusterImpl-0aac579c-f8ad-49ec-a94e-9a436a9c79c1/datanode-4/data/ratis/4c2c9f6d-a6e6-4ea0-9c8b-0bfea7b308af does not exist. Creating ...
2019-09-12 10:53:37,075 [Thread-812] INFO  impl.FollowerState (FollowerState.java:run(106)) - 9c89c98f-dc1b-41da-bccf-9aab26cf5a48:group-198E8C5A795F changes to CANDIDATE, lastRpcTime:1024, electionTimeout:1024ms
2019-09-12 10:53:37,075 [Thread-812] INFO  impl.RoleInfo (RoleInfo.java:shutdownFollowerState(121)) - 9c89c98f-dc1b-41da-bccf-9aab26cf5a48: shutdown FollowerState
2019-09-12 10:53:37,075 [Thread-812] INFO  impl.RaftServerImpl (RaftServerImpl.java:setRole(171)) - 9c89c98f-dc1b-41da-bccf-9aab26cf5a48:group-198E8C5A795F changes role from FOLLOWER to CANDIDATE at term 0 for changeToCandidate
2019-09-12 10:53:37,075 [Thread-812] INFO  impl.RoleInfo (RoleInfo.java:updateAndGet(143)) - 9c89c98f-dc1b-41da-bccf-9aab26cf5a48: start LeaderElection
2019-09-12 10:53:37,079 [pool-201-thread-1] INFO  storage.RaftStorageDirectory (RaftStorageDirectory.java:tryLock(328)) - Lock on /workdir/hadoop-ozone/integration-test/target/test-dir/MiniOzoneClusterImpl-0aac579c-f8ad-49ec-a94e-9a436a9c79c1/datanode-4/data/ratis/4c2c9f6d-a6e6-4ea0-9c8b-0bfea7b308af/in_use.lock acquired by nodename 620@pr-hdds-1569-xtfnx-3545843844
2019-09-12 10:53:37,080 [9c89c98f-dc1b-41da-bccf-9aab26cf5a48:group-1BA0B0F40826:LeaderElection61] INFO  impl.LeaderElection (LeaderElection.java:askForVotes(181)) - 9c89c98f-dc1b-41da-bccf-9aab26cf5a48:group-1BA0B0F40826:LeaderElection61: begin an election at term 1 for -1: [9c89c98f-dc1b-41da-bccf-9aab26cf5a48:192.168.157.195:35727], old=null
2019-09-12 10:53:37,080 [9c89c98f-dc1b-41da-bccf-9aab26cf5a48:group-198E8C5A795F:LeaderElection62] INFO  impl.LeaderElection (LeaderElection.java:askForVotes(181)) - 9c89c98f-dc1b-41da-bccf-9aab26cf5a48:group-198E8C5A795F:LeaderElection62: begin an election at term 1 for -1: [9c89c98f-dc1b-41da-bccf-9aab26cf5a48:192.168.157.195:35727], old=null
2019-09-12 10:53:37,080 [9c89c98f-dc1b-41da-bccf-9aab26cf5a48:group-1BA0B0F40826:LeaderElection61] INFO  impl.RoleInfo (RoleInfo.java:shutdownLeaderElection(134)) - 9c89c98f-dc1b-41da-bccf-9aab26cf5a48: shutdown LeaderElection
2019-09-12 10:53:37,080 [9c89c98f-dc1b-41da-bccf-9aab26cf5a48:group-198E8C5A795F:LeaderElection62] INFO  impl.RoleInfo (RoleInfo.java:shutdownLeaderElection(134)) - 9c89c98f-dc1b-41da-bccf-9aab26cf5a48: shutdown LeaderElection
2019-09-12 10:53:37,080 [9c89c98f-dc1b-41da-bccf-9aab26cf5a48:group-1BA0B0F40826:LeaderElection61] INFO  impl.RaftServerImpl (RaftServerImpl.java:setRole(171)) - 9c89c98f-dc1b-41da-bccf-9aab26cf5a48:group-1BA0B0F40826 changes role from CANDIDATE to LEADER at term 1 for changeToLeader
2019-09-12 10:53:37,080 [9c89c98f-dc1b-41da-bccf-9aab26cf5a48:group-198E8C5A795F:LeaderElection62] INFO  impl.RaftServerImpl (RaftServerImpl.java:setRole(171)) - 9c89c98f-dc1b-41da-bccf-9aab26cf5a48:group-198E8C5A795F changes role from CANDIDATE to LEADER at term 1 for changeToLeader
2019-09-12 10:53:37,080 [9c89c98f-dc1b-41da-bccf-9aab26cf5a48:group-1BA0B0F40826:LeaderElection61] INFO  impl.RaftServerImpl (ServerState.java:setLeader(263)) - 9c89c98f-dc1b-41da-bccf-9aab26cf5a48:group-1BA0B0F40826 change Leader from null to 9c89c98f-dc1b-41da-bccf-9aab26cf5a48 at term 1 for becomeLeader, leader elected after 1130ms
2019-09-12 10:53:37,080 [9c89c98f-dc1b-41da-bccf-9aab26cf5a48:group-198E8C5A795F:LeaderElection62] INFO  impl.RaftServerImpl (ServerState.java:setLeader(263)) - 9c89c98f-dc1b-41da-bccf-9aab26cf5a48:group-198E8C5A795F change Leader from null to 9c89c98f-dc1b-41da-bccf-9aab26cf5a48 at term 1 for becomeLeader, leader elected after 1034ms
2019-09-12 10:53:37,080 [9c89c98f-dc1b-41da-bccf-9aab26cf5a48:group-1BA0B0F40826:LeaderElection61] INFO  server.RaftServerConfigKeys (ConfUtils.java:logGet(43)) - raft.server.staging.catchup.gap = 1000 (default)
2019-09-12 10:53:37,081 [9c89c98f-dc1b-41da-bccf-9aab26cf5a48:group-198E8C5A795F:LeaderElection62] INFO  server.RaftServerConfigKeys (ConfUtils.java:logGet(43)) - raft.server.staging.catchup.gap = 1000 (default)
2019-09-12 10:53:37,081 [9c89c98f-dc1b-41da-bccf-9aab26cf5a48:group-1BA0B0F40826:LeaderElection61] INFO  server.RaftServerConfigKeys (ConfUtils.java:logGet(43)) - raft.server.rpc.sleep.time = 25ms (default)
2019-09-12 10:53:37,081 [9c89c98f-dc1b-41da-bccf-9aab26cf5a48:group-198E8C5A795F:LeaderElection62] INFO  server.RaftServerConfigKeys (ConfUtils.java:logGet(43)) - raft.server.rpc.sleep.time = 25ms (default)
2019-09-12 10:53:37,081 [9c89c98f-dc1b-41da-bccf-9aab26cf5a48:group-1BA0B0F40826:LeaderElection61] INFO  server.RaftServerConfigKeys (ConfUtils.java:logGet(43)) - raft.server.write.element-limit = 4096 (default)
2019-09-12 10:53:37,081 [9c89c98f-dc1b-41da-bccf-9aab26cf5a48:group-198E8C5A795F:LeaderElection62] INFO  server.RaftServerConfigKeys (ConfUtils.java:logGet(43)) - raft.server.write.element-limit = 4096 (default)
2019-09-12 10:53:37,081 [9c89c98f-dc1b-41da-bccf-9aab26cf5a48:group-1BA0B0F40826:LeaderElection61] INFO  server.RaftServerConfigKeys (ConfUtils.java:logGet(43)) - raft.server.watch.timeout = 10s (default)
2019-09-12 10:53:37,081 [9c89c98f-dc1b-41da-bccf-9aab26cf5a48:group-198E8C5A795F:LeaderElection62] INFO  server.RaftServerConfigKeys (ConfUtils.java:logGet(43)) - raft.server.watch.timeout = 10s (default)
2019-09-12 10:53:37,081 [9c89c98f-dc1b-41da-bccf-9aab26cf5a48:group-1BA0B0F40826:LeaderElection61] INFO  server.RaftServerConfigKeys (ConfUtils.java:logGet(43)) - raft.server.watch.timeout.denomination = 1s (default)
2019-09-12 10:53:37,081 [9c89c98f-dc1b-41da-bccf-9aab26cf5a48:group-198E8C5A795F:LeaderElection62] INFO  server.RaftServerConfigKeys (ConfUtils.java:logGet(43)) - raft.server.watch.timeout.denomination = 1s (default)
2019-09-12 10:53:37,082 [9c89c98f-dc1b-41da-bccf-9aab26cf5a48:group-1BA0B0F40826:LeaderElection61] INFO  server.RaftServerConfigKeys (ConfUtils.java:logGet(43)) - raft.server.watch.element-limit = 65536 (default)
2019-09-12 10:53:37,082 [9c89c98f-dc1b-41da-bccf-9aab26cf5a48:group-198E8C5A795F:LeaderElection62] INFO  server.RaftServerConfigKeys (ConfUtils.java:logGet(43)) - raft.server.watch.element-limit = 65536 (default)
2019-09-12 10:53:37,082 [9c89c98f-dc1b-41da-bccf-9aab26cf5a48:group-198E8C5A795F:LeaderElection62] INFO  impl.RoleInfo (RoleInfo.java:updateAndGet(143)) - 9c89c98f-dc1b-41da-bccf-9aab26cf5a48: start LeaderState
2019-09-12 10:53:37,082 [9c89c98f-dc1b-41da-bccf-9aab26cf5a48:group-1BA0B0F40826:LeaderElection61] INFO  impl.RoleInfo (RoleInfo.java:updateAndGet(143)) - 9c89c98f-dc1b-41da-bccf-9aab26cf5a48: start LeaderState
2019-09-12 10:53:37,082 [9c89c98f-dc1b-41da-bccf-9aab26cf5a48:group-198E8C5A795F:LeaderElection62] INFO  segmented.SegmentedRaftLogWorker (SegmentedRaftLogWorker.java:startLogSegment(380)) - 9c89c98f-dc1b-41da-bccf-9aab26cf5a48-SegmentedRaftLogWorker:Storage Directory /workdir/hadoop-ozone/integration-test/target/test-dir/MiniOzoneClusterImpl-0aac579c-f8ad-49ec-a94e-9a436a9c79c1/datanode-0/data/ratis/d5147357-5188-4815-b8ed-198e8c5a795f: Starting segment from index:0
2019-09-12 10:53:37,082 [9c89c98f-dc1b-41da-bccf-9aab26cf5a48:group-1BA0B0F40826:LeaderElection61] INFO  segmented.SegmentedRaftLogWorker (SegmentedRaftLogWorker.java:startLogSegment(380)) - 9c89c98f-dc1b-41da-bccf-9aab26cf5a48-SegmentedRaftLogWorker:Storage Directory /workdir/hadoop-ozone/integration-test/target/test-dir/MiniOzoneClusterImpl-0aac579c-f8ad-49ec-a94e-9a436a9c79c1/datanode-0/data/ratis/ead9d1fe-67b7-4f36-9927-1ba0b0f40826: Starting segment from index:0
2019-09-12 10:53:37,083 [9c89c98f-dc1b-41da-bccf-9aab26cf5a48:group-1BA0B0F40826:LeaderElection61] INFO  impl.RaftServerImpl (ServerState.java:setRaftConf(361)) - 9c89c98f-dc1b-41da-bccf-9aab26cf5a48:group-1BA0B0F40826 set configuration 0: [9c89c98f-dc1b-41da-bccf-9aab26cf5a48:192.168.157.195:35727], old=null at 0
2019-09-12 10:53:37,083 [9c89c98f-dc1b-41da-bccf-9aab26cf5a48:group-198E8C5A795F:LeaderElection62] INFO  impl.RaftServerImpl (ServerState.java:setRaftConf(361)) - 9c89c98f-dc1b-41da-bccf-9aab26cf5a48:group-198E8C5A795F set configuration 0: [9c89c98f-dc1b-41da-bccf-9aab26cf5a48:192.168.157.195:35727], old=null at 0
2019-09-12 10:53:37,092 [pool-201-thread-1] INFO  storage.RaftStorage (RaftStorage.java:format(72)) - Storage directory /workdir/hadoop-ozone/integration-test/target/test-dir/MiniOzoneClusterImpl-0aac579c-f8ad-49ec-a94e-9a436a9c79c1/datanode-4/data/ratis/4c2c9f6d-a6e6-4ea0-9c8b-0bfea7b308af has been successfully formatted.
2019-09-12 10:53:37,093 [pool-201-thread-1] INFO  ratis.ContainerStateMachine (ContainerStateMachine.java:loadSnapshot(226)) - group-0BFEA7B308AF: The snapshot info is null. Setting the last applied indexto:(t:0, i:~)
2019-09-12 10:53:37,093 [pool-201-thread-1] INFO  server.RaftServerConfigKeys (ConfUtils.java:logGet(43)) - raft.server.leader.election.timeout = 120s (custom)
2019-09-12 10:53:37,093 [pool-201-thread-1] INFO  server.RaftServerConfigKeys (ConfUtils.java:logGet(43)) - raft.server.log.use.memory = false (default)
2019-09-12 10:53:37,093 [pool-201-thread-1] INFO  server.RaftServerConfigKeys (ConfUtils.java:logGet(43)) - raft.server.log.purge.gap = 1000000 (custom)
2019-09-12 10:53:37,093 [pool-201-thread-1] INFO  server.RaftServerConfigKeys (ConfUtils.java:logGet(43)) - raft.server.log.appender.buffer.byte-limit = 33554432 (custom)
2019-09-12 10:53:37,094 [pool-201-thread-1] INFO  server.RaftServerConfigKeys (ConfUtils.java:logGet(43)) - raft.server.log.segment.size.max = 1048576 (custom)
2019-09-12 10:53:37,094 [pool-201-thread-1] INFO  server.RaftServerConfigKeys (ConfUtils.java:logGet(43)) - raft.server.log.segment.cache.num.max = 2 (custom)
2019-09-12 10:53:37,094 [pool-201-thread-1] INFO  segmented.SegmentedRaftLogWorker (SegmentedRaftLogWorker.java:<init>(172)) - new 226b4809-1310-4df7-b0e3-70448e94a1e8-SegmentedRaftLogWorker:Storage Directory /workdir/hadoop-ozone/integration-test/target/test-dir/MiniOzoneClusterImpl-0aac579c-f8ad-49ec-a94e-9a436a9c79c1/datanode-4/data/ratis/4c2c9f6d-a6e6-4ea0-9c8b-0bfea7b308af for RaftStorage:Storage Directory /workdir/hadoop-ozone/integration-test/target/test-dir/MiniOzoneClusterImpl-0aac579c-f8ad-49ec-a94e-9a436a9c79c1/datanode-4/data/ratis/4c2c9f6d-a6e6-4ea0-9c8b-0bfea7b308af
2019-09-12 10:53:37,094 [pool-201-thread-1] INFO  server.RaftServerConfigKeys (ConfUtils.java:logGet(43)) - raft.server.log.queue.byte-limit = 2147483647 (custom)
2019-09-12 10:53:37,094 [pool-201-thread-1] INFO  server.RaftServerConfigKeys (ConfUtils.java:logGet(43)) - raft.server.log.queue.element-limit = 1024 (custom)
2019-09-12 10:53:37,094 [pool-201-thread-1] INFO  server.RaftServerConfigKeys (ConfUtils.java:logGet(43)) - raft.server.log.segment.size.max = 1048576 (custom)
2019-09-12 10:53:37,094 [pool-201-thread-1] INFO  server.RaftServerConfigKeys (ConfUtils.java:logGet(43)) - raft.server.log.preallocated.size = 16384 (custom)
2019-09-12 10:53:37,094 [pool-201-thread-1] INFO  server.RaftServerConfigKeys (ConfUtils.java:logGet(43)) - raft.server.log.write.buffer.size = 33554432 (custom)
2019-09-12 10:53:37,095 [pool-201-thread-1] INFO  server.RaftServerConfigKeys (ConfUtils.java:logGet(43)) - raft.server.log.force.sync.num = 128 (default)
2019-09-12 10:53:37,095 [pool-201-thread-1] INFO  server.RaftServerConfigKeys (ConfUtils.java:logGet(43)) - raft.server.log.statemachine.data.sync = true (default)
2019-09-12 10:53:37,095 [pool-201-thread-1] INFO  server.RaftServerConfigKeys (ConfUtils.java:logGet(43)) - raft.server.log.statemachine.data.sync.timeout = 10s (default)
2019-09-12 10:53:37,095 [pool-201-thread-1] INFO  server.RaftServerConfigKeys (ConfUtils.java:logGet(43)) - raft.server.log.statemachine.data.sync.timeout.retry = -1 (default)
2019-09-12 10:53:37,095 [pool-201-thread-1] INFO  server.RaftServerConfigKeys (ConfUtils.java:logGet(43)) - raft.server.log.statemachine.data.caching.enabled = true (custom)
2019-09-12 10:53:37,095 [pool-201-thread-1] INFO  segmented.SegmentedRaftLogWorker (SegmentedRaftLogWorker.java:lambda$new$0(132)) - 226b4809-1310-4df7-b0e3-70448e94a1e8-SegmentedRaftLogWorker:Storage Directory /workdir/hadoop-ozone/integration-test/target/test-dir/MiniOzoneClusterImpl-0aac579c-f8ad-49ec-a94e-9a436a9c79c1/datanode-4/data/ratis/4c2c9f6d-a6e6-4ea0-9c8b-0bfea7b308af: flushIndex: setUnconditionally 0 -> -1
2019-09-12 10:53:37,096 [pool-201-thread-1] INFO  server.RaftServerConfigKeys (ConfUtils.java:logGet(43)) - raft.server.snapshot.auto.trigger.enabled = true (custom)
2019-09-12 10:53:37,096 [pool-201-thread-1] INFO  server.RaftServerConfigKeys (ConfUtils.java:logGet(43)) - raft.server.snapshot.auto.trigger.threshold = 10000 (custom)
2019-09-12 10:53:37,096 [pool-201-thread-1] INFO  server.RaftServerConfigKeys (ConfUtils.java:logGet(43)) - raft.server.retrycache.expirytime = 600000ms (custom)
2019-09-12 10:53:37,096 [pool-201-thread-1] INFO  impl.RaftServerImpl (RaftServerImpl.java:start(180)) - 226b4809-1310-4df7-b0e3-70448e94a1e8: start group-0BFEA7B308AF
2019-09-12 10:53:37,096 [pool-201-thread-1] INFO  impl.RaftServerImpl (RaftServerImpl.java:setRole(171)) - 226b4809-1310-4df7-b0e3-70448e94a1e8:group-0BFEA7B308AF changes role from null to FOLLOWER at term 0 for startAsFollower
2019-09-12 10:53:37,096 [pool-201-thread-1] INFO  impl.RoleInfo (RoleInfo.java:updateAndGet(143)) - 226b4809-1310-4df7-b0e3-70448e94a1e8: start FollowerState
2019-09-12 10:53:37,097 [pool-201-thread-1] INFO  util.JmxRegister (JmxRegister.java:tryRegister(44)) - Successfully registered JMX Bean with object name Ratis:service=RaftServer,group=group-0BFEA7B308AF,id=226b4809-1310-4df7-b0e3-70448e94a1e8
2019-09-12 10:53:37,100 [RatisPipelineUtilsThread] INFO  pipeline.PipelineStateManager (PipelineStateManager.java:addPipeline(56)) - Created pipeline Pipeline[ Id: 4c2c9f6d-a6e6-4ea0-9c8b-0bfea7b308af, Nodes: 226b4809-1310-4df7-b0e3-70448e94a1e8{ip: 192.168.157.195, host: pr-hdds-1569-xtfnx-3545843844, networkLocation: /default-rack, certSerialId: null}, Type:RATIS, Factor:ONE, State:OPEN]
2019-09-12 10:53:37,100 [RatisPipelineUtilsThread] ERROR pipeline.PipelinePlacementPolicy (PipelinePlacementPolicy.java:meetCriteria(91)) - Pipeline Placement: Doesn't meet the criteria to be viable node. Heaviness: 6
2019-09-12 10:53:37,100 [RatisPipelineUtilsThread] ERROR pipeline.PipelinePlacementPolicy (PipelinePlacementPolicy.java:meetCriteria(91)) - Pipeline Placement: Doesn't meet the criteria to be viable node. Heaviness: 6
2019-09-12 10:53:37,100 [RatisPipelineUtilsThread] ERROR pipeline.PipelinePlacementPolicy (PipelinePlacementPolicy.java:meetCriteria(91)) - Pipeline Placement: Doesn't meet the criteria to be viable node. Heaviness: 6
2019-09-12 10:53:37,100 [RatisPipelineUtilsThread] ERROR pipeline.PipelinePlacementPolicy (PipelinePlacementPolicy.java:meetCriteria(91)) - Pipeline Placement: Doesn't meet the criteria to be viable node. Heaviness: 6
2019-09-12 10:53:37,105 [grpc-default-executor-0] INFO  impl.RaftServerProxy (RaftServerProxy.java:addNew(89)) - 226b4809-1310-4df7-b0e3-70448e94a1e8: addNew group-E716400F2FC5:[226b4809-1310-4df7-b0e3-70448e94a1e8:192.168.157.195:37819] returns group-E716400F2FC5:java.util.concurrent.CompletableFuture@1cda8029[Not completed]
2019-09-12 10:53:37,106 [pool-201-thread-1] INFO  impl.RaftServerImpl (RaftServerImpl.java:<init>(93)) - 226b4809-1310-4df7-b0e3-70448e94a1e8: new RaftServerImpl for group-E716400F2FC5:[226b4809-1310-4df7-b0e3-70448e94a1e8:192.168.157.195:37819] with ContainerStateMachine:uninitialized
2019-09-12 10:53:37,106 [pool-201-thread-1] INFO  server.RaftServerConfigKeys (ConfUtils.java:logGet(43)) - raft.server.rpc.timeout.min = 1s (custom)
2019-09-12 10:53:37,106 [pool-201-thread-1] INFO  server.RaftServerConfigKeys (ConfUtils.java:logGet(43)) - raft.server.rpc.timeout.max = 1200ms (custom)
2019-09-12 10:53:37,106 [pool-201-thread-1] INFO  server.RaftServerConfigKeys (ConfUtils.java:logGet(43)) - raft.server.rpcslowness.timeout = 120s (custom)
2019-09-12 10:53:37,106 [pool-201-thread-1] INFO  server.RaftServerConfigKeys (ConfUtils.java:logGet(43)) - raft.server.sleep.deviation.threshold = 300 (default)
2019-09-12 10:53:37,106 [pool-201-thread-1] INFO  server.RaftServerConfigKeys (ConfUtils.java:logGet(43)) - raft.server.log.appender.install.snapshot.enabled = false (custom)
2019-09-12 10:53:37,106 [pool-201-thread-1] INFO  impl.RaftServerImpl (ServerState.java:<init>(105)) - 226b4809-1310-4df7-b0e3-70448e94a1e8:group-E716400F2FC5 ConfigurationManager, init=-1: [226b4809-1310-4df7-b0e3-70448e94a1e8:192.168.157.195:37819], old=null, confs=<EMPTY_MAP>
2019-09-12 10:53:37,107 [pool-201-thread-1] INFO  server.RaftServerConfigKeys (ConfUtils.java:logGet(43)) - raft.server.storage.dir = [/workdir/hadoop-ozone/integration-test/target/test-dir/MiniOzoneClusterImpl-0aac579c-f8ad-49ec-a94e-9a436a9c79c1/datanode-4/data/ratis] (custom)
2019-09-12 10:53:37,107 [pool-201-thread-1] INFO  storage.RaftStorageDirectory (RaftStorageDirectory.java:analyzeStorage(246)) - The storage directory /workdir/hadoop-ozone/integration-test/target/test-dir/MiniOzoneClusterImpl-0aac579c-f8ad-49ec-a94e-9a436a9c79c1/datanode-4/data/ratis/c1f8c5fb-b909-4d20-8cea-e716400f2fc5 does not exist. Creating ...
2019-09-12 10:53:37,121 [pool-201-thread-1] INFO  storage.RaftStorageDirectory (RaftStorageDirectory.java:tryLock(328)) - Lock on /workdir/hadoop-ozone/integration-test/target/test-dir/MiniOzoneClusterImpl-0aac579c-f8ad-49ec-a94e-9a436a9c79c1/datanode-4/data/ratis/c1f8c5fb-b909-4d20-8cea-e716400f2fc5/in_use.lock acquired by nodename 620@pr-hdds-1569-xtfnx-3545843844
2019-09-12 10:53:37,121 [9c89c98f-dc1b-41da-bccf-9aab26cf5a48-SegmentedRaftLogWorker:Storage Directory /workdir/hadoop-ozone/integration-test/target/test-dir/MiniOzoneClusterImpl-0aac579c-f8ad-49ec-a94e-9a436a9c79c1/datanode-0/data/ratis/ead9d1fe-67b7-4f36-9927-1ba0b0f40826] INFO  segmented.SegmentedRaftLogWorker (SegmentedRaftLogWorker.java:execute(569)) - 9c89c98f-dc1b-41da-bccf-9aab26cf5a48-SegmentedRaftLogWorker:Storage Directory /workdir/hadoop-ozone/integration-test/target/test-dir/MiniOzoneClusterImpl-0aac579c-f8ad-49ec-a94e-9a436a9c79c1/datanode-0/data/ratis/ead9d1fe-67b7-4f36-9927-1ba0b0f40826: created new log segment /workdir/hadoop-ozone/integration-test/target/test-dir/MiniOzoneClusterImpl-0aac579c-f8ad-49ec-a94e-9a436a9c79c1/datanode-0/data/ratis/ead9d1fe-67b7-4f36-9927-1ba0b0f40826/current/log_inprogress_0
2019-09-12 10:53:37,121 [9c89c98f-dc1b-41da-bccf-9aab26cf5a48-SegmentedRaftLogWorker:Storage Directory /workdir/hadoop-ozone/integration-test/target/test-dir/MiniOzoneClusterImpl-0aac579c-f8ad-49ec-a94e-9a436a9c79c1/datanode-0/data/ratis/d5147357-5188-4815-b8ed-198e8c5a795f] INFO  segmented.SegmentedRaftLogWorker (SegmentedRaftLogWorker.java:execute(569)) - 9c89c98f-dc1b-41da-bccf-9aab26cf5a48-SegmentedRaftLogWorker:Storage Directory /workdir/hadoop-ozone/integration-test/target/test-dir/MiniOzoneClusterImpl-0aac579c-f8ad-49ec-a94e-9a436a9c79c1/datanode-0/data/ratis/d5147357-5188-4815-b8ed-198e8c5a795f: created new log segment /workdir/hadoop-ozone/integration-test/target/test-dir/MiniOzoneClusterImpl-0aac579c-f8ad-49ec-a94e-9a436a9c79c1/datanode-0/data/ratis/d5147357-5188-4815-b8ed-198e8c5a795f/current/log_inprogress_0
2019-09-12 10:53:37,145 [pool-201-thread-1] INFO  storage.RaftStorage (RaftStorage.java:format(72)) - Storage directory /workdir/hadoop-ozone/integration-test/target/test-dir/MiniOzoneClusterImpl-0aac579c-f8ad-49ec-a94e-9a436a9c79c1/datanode-4/data/ratis/c1f8c5fb-b909-4d20-8cea-e716400f2fc5 has been successfully formatted.
2019-09-12 10:53:37,146 [pool-201-thread-1] INFO  ratis.ContainerStateMachine (ContainerStateMachine.java:loadSnapshot(226)) - group-E716400F2FC5: The snapshot info is null. Setting the last applied indexto:(t:0, i:~)
2019-09-12 10:53:37,146 [pool-201-thread-1] INFO  server.RaftServerConfigKeys (ConfUtils.java:logGet(43)) - raft.server.leader.election.timeout = 120s (custom)
2019-09-12 10:53:37,146 [pool-201-thread-1] INFO  server.RaftServerConfigKeys (ConfUtils.java:logGet(43)) - raft.server.log.use.memory = false (default)
2019-09-12 10:53:37,146 [pool-201-thread-1] INFO  server.RaftServerConfigKeys (ConfUtils.java:logGet(43)) - raft.server.log.purge.gap = 1000000 (custom)
2019-09-12 10:53:37,147 [pool-201-thread-1] INFO  server.RaftServerConfigKeys (ConfUtils.java:logGet(43)) - raft.server.log.appender.buffer.byte-limit = 33554432 (custom)
2019-09-12 10:53:37,147 [pool-201-thread-1] INFO  server.RaftServerConfigKeys (ConfUtils.java:logGet(43)) - raft.server.log.segment.size.max = 1048576 (custom)
2019-09-12 10:53:37,147 [pool-201-thread-1] INFO  server.RaftServerConfigKeys (ConfUtils.java:logGet(43)) - raft.server.log.segment.cache.num.max = 2 (custom)
2019-09-12 10:53:37,147 [pool-201-thread-1] INFO  segmented.SegmentedRaftLogWorker (SegmentedRaftLogWorker.java:<init>(172)) - new 226b4809-1310-4df7-b0e3-70448e94a1e8-SegmentedRaftLogWorker:Storage Directory /workdir/hadoop-ozone/integration-test/target/test-dir/MiniOzoneClusterImpl-0aac579c-f8ad-49ec-a94e-9a436a9c79c1/datanode-4/data/ratis/c1f8c5fb-b909-4d20-8cea-e716400f2fc5 for RaftStorage:Storage Directory /workdir/hadoop-ozone/integration-test/target/test-dir/MiniOzoneClusterImpl-0aac579c-f8ad-49ec-a94e-9a436a9c79c1/datanode-4/data/ratis/c1f8c5fb-b909-4d20-8cea-e716400f2fc5
2019-09-12 10:53:37,147 [pool-201-thread-1] INFO  server.RaftServerConfigKeys (ConfUtils.java:logGet(43)) - raft.server.log.queue.byte-limit = 2147483647 (custom)
2019-09-12 10:53:37,147 [pool-201-thread-1] INFO  server.RaftServerConfigKeys (ConfUtils.java:logGet(43)) - raft.server.log.queue.element-limit = 1024 (custom)
2019-09-12 10:53:37,148 [pool-201-thread-1] INFO  server.RaftServerConfigKeys (ConfUtils.java:logGet(43)) - raft.server.log.segment.size.max = 1048576 (custom)
2019-09-12 10:53:37,148 [pool-201-thread-1] INFO  server.RaftServerConfigKeys (ConfUtils.java:logGet(43)) - raft.server.log.preallocated.size = 16384 (custom)
2019-09-12 10:53:37,148 [pool-201-thread-1] INFO  server.RaftServerConfigKeys (ConfUtils.java:logGet(43)) - raft.server.log.write.buffer.size = 33554432 (custom)
2019-09-12 10:53:37,148 [pool-201-thread-1] INFO  server.RaftServerConfigKeys (ConfUtils.java:logGet(43)) - raft.server.log.force.sync.num = 128 (default)
2019-09-12 10:53:37,148 [pool-201-thread-1] INFO  server.RaftServerConfigKeys (ConfUtils.java:logGet(43)) - raft.server.log.statemachine.data.sync = true (default)
2019-09-12 10:53:37,148 [pool-201-thread-1] INFO  server.RaftServerConfigKeys (ConfUtils.java:logGet(43)) - raft.server.log.statemachine.data.sync.timeout = 10s (default)
2019-09-12 10:53:37,148 [pool-201-thread-1] INFO  server.RaftServerConfigKeys (ConfUtils.java:logGet(43)) - raft.server.log.statemachine.data.sync.timeout.retry = -1 (default)
2019-09-12 10:53:37,149 [pool-201-thread-1] INFO  server.RaftServerConfigKeys (ConfUtils.java:logGet(43)) - raft.server.log.statemachine.data.caching.enabled = true (custom)
2019-09-12 10:53:37,149 [pool-201-thread-1] INFO  segmented.SegmentedRaftLogWorker (SegmentedRaftLogWorker.java:lambda$new$0(132)) - 226b4809-1310-4df7-b0e3-70448e94a1e8-SegmentedRaftLogWorker:Storage Directory /workdir/hadoop-ozone/integration-test/target/test-dir/MiniOzoneClusterImpl-0aac579c-f8ad-49ec-a94e-9a436a9c79c1/datanode-4/data/ratis/c1f8c5fb-b909-4d20-8cea-e716400f2fc5: flushIndex: setUnconditionally 0 -> -1
2019-09-12 10:53:37,149 [Thread-809] INFO  impl.FollowerState (FollowerState.java:run(106)) - 9c89c98f-dc1b-41da-bccf-9aab26cf5a48:group-218B95847ADB changes to CANDIDATE, lastRpcTime:1140, electionTimeout:1140ms
2019-09-12 10:53:37,149 [Thread-809] INFO  impl.RoleInfo (RoleInfo.java:shutdownFollowerState(121)) - 9c89c98f-dc1b-41da-bccf-9aab26cf5a48: shutdown FollowerState
2019-09-12 10:53:37,149 [Thread-809] INFO  impl.RaftServerImpl (RaftServerImpl.java:setRole(171)) - 9c89c98f-dc1b-41da-bccf-9aab26cf5a48:group-218B95847ADB changes role from FOLLOWER to CANDIDATE at term 0 for changeToCandidate
2019-09-12 10:53:37,151 [Thread-809] INFO  impl.RoleInfo (RoleInfo.java:updateAndGet(143)) - 9c89c98f-dc1b-41da-bccf-9aab26cf5a48: start LeaderElection
2019-09-12 10:53:37,151 [pool-201-thread-1] INFO  server.RaftServerConfigKeys (ConfUtils.java:logGet(43)) - raft.server.snapshot.auto.trigger.enabled = true (custom)
2019-09-12 10:53:37,151 [pool-201-thread-1] INFO  server.RaftServerConfigKeys (ConfUtils.java:logGet(43)) - raft.server.snapshot.auto.trigger.threshold = 10000 (custom)
2019-09-12 10:53:37,152 [pool-201-thread-1] INFO  server.RaftServerConfigKeys (ConfUtils.java:logGet(43)) - raft.server.retrycache.expirytime = 600000ms (custom)
2019-09-12 10:53:37,152 [pool-201-thread-1] INFO  impl.RaftServerImpl (RaftServerImpl.java:start(180)) - 226b4809-1310-4df7-b0e3-70448e94a1e8: start group-E716400F2FC5
2019-09-12 10:53:37,152 [pool-201-thread-1] INFO  impl.RaftServerImpl (RaftServerImpl.java:setRole(171)) - 226b4809-1310-4df7-b0e3-70448e94a1e8:group-E716400F2FC5 changes role from null to FOLLOWER at term 0 for startAsFollower
2019-09-12 10:53:37,152 [pool-201-thread-1] INFO  impl.RoleInfo (RoleInfo.java:updateAndGet(143)) - 226b4809-1310-4df7-b0e3-70448e94a1e8: start FollowerState
2019-09-12 10:53:37,152 [pool-201-thread-1] INFO  util.JmxRegister (JmxRegister.java:tryRegister(44)) - Successfully registered JMX Bean with object name Ratis:service=RaftServer,group=group-E716400F2FC5,id=226b4809-1310-4df7-b0e3-70448e94a1e8
2019-09-12 10:53:37,155 [RatisPipelineUtilsThread] INFO  pipeline.PipelineStateManager (PipelineStateManager.java:addPipeline(56)) - Created pipeline Pipeline[ Id: c1f8c5fb-b909-4d20-8cea-e716400f2fc5, Nodes: 226b4809-1310-4df7-b0e3-70448e94a1e8{ip: 192.168.157.195, host: pr-hdds-1569-xtfnx-3545843844, networkLocation: /default-rack, certSerialId: null}, Type:RATIS, Factor:ONE, State:OPEN]
2019-09-12 10:53:37,155 [RatisPipelineUtilsThread] ERROR pipeline.PipelinePlacementPolicy (PipelinePlacementPolicy.java:meetCriteria(91)) - Pipeline Placement: Doesn't meet the criteria to be viable node. Heaviness: 6
2019-09-12 10:53:37,155 [RatisPipelineUtilsThread] ERROR pipeline.PipelinePlacementPolicy (PipelinePlacementPolicy.java:meetCriteria(91)) - Pipeline Placement: Doesn't meet the criteria to be viable node. Heaviness: 6
2019-09-12 10:53:37,156 [RatisPipelineUtilsThread] ERROR pipeline.PipelinePlacementPolicy (PipelinePlacementPolicy.java:meetCriteria(91)) - Pipeline Placement: Doesn't meet the criteria to be viable node. Heaviness: 6
2019-09-12 10:53:37,156 [RatisPipelineUtilsThread] ERROR pipeline.PipelinePlacementPolicy (PipelinePlacementPolicy.java:meetCriteria(91)) - Pipeline Placement: Doesn't meet the criteria to be viable node. Heaviness: 6
2019-09-12 10:53:37,161 [grpc-default-executor-0] INFO  impl.RaftServerProxy (RaftServerProxy.java:addNew(89)) - 226b4809-1310-4df7-b0e3-70448e94a1e8: addNew group-920B7ED07A78:[226b4809-1310-4df7-b0e3-70448e94a1e8:192.168.157.195:37819] returns group-920B7ED07A78:java.util.concurrent.CompletableFuture@1a8d4393[Not completed]
2019-09-12 10:53:37,162 [pool-201-thread-1] INFO  impl.RaftServerImpl (RaftServerImpl.java:<init>(93)) - 226b4809-1310-4df7-b0e3-70448e94a1e8: new RaftServerImpl for group-920B7ED07A78:[226b4809-1310-4df7-b0e3-70448e94a1e8:192.168.157.195:37819] with ContainerStateMachine:uninitialized
2019-09-12 10:53:37,162 [pool-201-thread-1] INFO  server.RaftServerConfigKeys (ConfUtils.java:logGet(43)) - raft.server.rpc.timeout.min = 1s (custom)
2019-09-12 10:53:37,162 [pool-201-thread-1] INFO  server.RaftServerConfigKeys (ConfUtils.java:logGet(43)) - raft.server.rpc.timeout.max = 1200ms (custom)
2019-09-12 10:53:37,162 [pool-201-thread-1] INFO  server.RaftServerConfigKeys (ConfUtils.java:logGet(43)) - raft.server.rpcslowness.timeout = 120s (custom)
2019-09-12 10:53:37,162 [pool-201-thread-1] INFO  server.RaftServerConfigKeys (ConfUtils.java:logGet(43)) - raft.server.sleep.deviation.threshold = 300 (default)
2019-09-12 10:53:37,163 [pool-201-thread-1] INFO  server.RaftServerConfigKeys (ConfUtils.java:logGet(43)) - raft.server.log.appender.install.snapshot.enabled = false (custom)
2019-09-12 10:53:37,163 [pool-201-thread-1] INFO  impl.RaftServerImpl (ServerState.java:<init>(105)) - 226b4809-1310-4df7-b0e3-70448e94a1e8:group-920B7ED07A78 ConfigurationManager, init=-1: [226b4809-1310-4df7-b0e3-70448e94a1e8:192.168.157.195:37819], old=null, confs=<EMPTY_MAP>
2019-09-12 10:53:37,163 [pool-201-thread-1] INFO  server.RaftServerConfigKeys (ConfUtils.java:logGet(43)) - raft.server.storage.dir = [/workdir/hadoop-ozone/integration-test/target/test-dir/MiniOzoneClusterImpl-0aac579c-f8ad-49ec-a94e-9a436a9c79c1/datanode-4/data/ratis] (custom)
2019-09-12 10:53:37,163 [pool-201-thread-1] INFO  storage.RaftStorageDirectory (RaftStorageDirectory.java:analyzeStorage(246)) - The storage directory /workdir/hadoop-ozone/integration-test/target/test-dir/MiniOzoneClusterImpl-0aac579c-f8ad-49ec-a94e-9a436a9c79c1/datanode-4/data/ratis/2119a654-d773-45e3-a339-920b7ed07a78 does not exist. Creating ...
2019-09-12 10:53:37,164 [9c89c98f-dc1b-41da-bccf-9aab26cf5a48:group-218B95847ADB:LeaderElection63] INFO  impl.LeaderElection (LeaderElection.java:askForVotes(181)) - 9c89c98f-dc1b-41da-bccf-9aab26cf5a48:group-218B95847ADB:LeaderElection63: begin an election at term 1 for -1: [9c89c98f-dc1b-41da-bccf-9aab26cf5a48:192.168.157.195:35727], old=null
2019-09-12 10:53:37,164 [9c89c98f-dc1b-41da-bccf-9aab26cf5a48:group-218B95847ADB:LeaderElection63] INFO  impl.RoleInfo (RoleInfo.java:shutdownLeaderElection(134)) - 9c89c98f-dc1b-41da-bccf-9aab26cf5a48: shutdown LeaderElection
2019-09-12 10:53:37,164 [9c89c98f-dc1b-41da-bccf-9aab26cf5a48:group-218B95847ADB:LeaderElection63] INFO  impl.RaftServerImpl (RaftServerImpl.java:setRole(171)) - 9c89c98f-dc1b-41da-bccf-9aab26cf5a48:group-218B95847ADB changes role from CANDIDATE to LEADER at term 1 for changeToLeader
2019-09-12 10:53:37,165 [9c89c98f-dc1b-41da-bccf-9aab26cf5a48:group-218B95847ADB:LeaderElection63] INFO  impl.RaftServerImpl (ServerState.java:setLeader(263)) - 9c89c98f-dc1b-41da-bccf-9aab26cf5a48:group-218B95847ADB change Leader from null to 9c89c98f-dc1b-41da-bccf-9aab26cf5a48 at term 1 for becomeLeader, leader elected after 1160ms
2019-09-12 10:53:37,165 [9c89c98f-dc1b-41da-bccf-9aab26cf5a48:group-218B95847ADB:LeaderElection63] INFO  server.RaftServerConfigKeys (ConfUtils.java:logGet(43)) - raft.server.staging.catchup.gap = 1000 (default)
2019-09-12 10:53:37,165 [9c89c98f-dc1b-41da-bccf-9aab26cf5a48:group-218B95847ADB:LeaderElection63] INFO  server.RaftServerConfigKeys (ConfUtils.java:logGet(43)) - raft.server.rpc.sleep.time = 25ms (default)
2019-09-12 10:53:37,165 [9c89c98f-dc1b-41da-bccf-9aab26cf5a48:group-218B95847ADB:LeaderElection63] INFO  server.RaftServerConfigKeys (ConfUtils.java:logGet(43)) - raft.server.write.element-limit = 4096 (default)
2019-09-12 10:53:37,165 [9c89c98f-dc1b-41da-bccf-9aab26cf5a48:group-218B95847ADB:LeaderElection63] INFO  server.RaftServerConfigKeys (ConfUtils.java:logGet(43)) - raft.server.watch.timeout = 10s (default)
2019-09-12 10:53:37,165 [9c89c98f-dc1b-41da-bccf-9aab26cf5a48:group-218B95847ADB:LeaderElection63] INFO  server.RaftServerConfigKeys (ConfUtils.java:logGet(43)) - raft.server.watch.timeout.denomination = 1s (default)
2019-09-12 10:53:37,166 [9c89c98f-dc1b-41da-bccf-9aab26cf5a48:group-218B95847ADB:LeaderElection63] INFO  server.RaftServerConfigKeys (ConfUtils.java:logGet(43)) - raft.server.watch.element-limit = 65536 (default)
2019-09-12 10:53:37,166 [9c89c98f-dc1b-41da-bccf-9aab26cf5a48:group-218B95847ADB:LeaderElection63] INFO  impl.RoleInfo (RoleInfo.java:updateAndGet(143)) - 9c89c98f-dc1b-41da-bccf-9aab26cf5a48: start LeaderState
2019-09-12 10:53:37,166 [9c89c98f-dc1b-41da-bccf-9aab26cf5a48:group-218B95847ADB:LeaderElection63] INFO  segmented.SegmentedRaftLogWorker (SegmentedRaftLogWorker.java:startLogSegment(380)) - 9c89c98f-dc1b-41da-bccf-9aab26cf5a48-SegmentedRaftLogWorker:Storage Directory /workdir/hadoop-ozone/integration-test/target/test-dir/MiniOzoneClusterImpl-0aac579c-f8ad-49ec-a94e-9a436a9c79c1/datanode-0/data/ratis/9881e7c8-d46c-429c-9abb-218b95847adb: Starting segment from index:0
2019-09-12 10:53:37,167 [9c89c98f-dc1b-41da-bccf-9aab26cf5a48:group-218B95847ADB:LeaderElection63] INFO  impl.RaftServerImpl (ServerState.java:setRaftConf(361)) - 9c89c98f-dc1b-41da-bccf-9aab26cf5a48:group-218B95847ADB set configuration 0: [9c89c98f-dc1b-41da-bccf-9aab26cf5a48:192.168.157.195:35727], old=null at 0
2019-09-12 10:53:37,167 [pool-201-thread-1] INFO  storage.RaftStorageDirectory (RaftStorageDirectory.java:tryLock(328)) - Lock on /workdir/hadoop-ozone/integration-test/target/test-dir/MiniOzoneClusterImpl-0aac579c-f8ad-49ec-a94e-9a436a9c79c1/datanode-4/data/ratis/2119a654-d773-45e3-a339-920b7ed07a78/in_use.lock acquired by nodename 620@pr-hdds-1569-xtfnx-3545843844
2019-09-12 10:53:37,178 [pool-201-thread-1] INFO  storage.RaftStorage (RaftStorage.java:format(72)) - Storage directory /workdir/hadoop-ozone/integration-test/target/test-dir/MiniOzoneClusterImpl-0aac579c-f8ad-49ec-a94e-9a436a9c79c1/datanode-4/data/ratis/2119a654-d773-45e3-a339-920b7ed07a78 has been successfully formatted.
2019-09-12 10:53:37,179 [pool-201-thread-1] INFO  ratis.ContainerStateMachine (ContainerStateMachine.java:loadSnapshot(226)) - group-920B7ED07A78: The snapshot info is null. Setting the last applied indexto:(t:0, i:~)
2019-09-12 10:53:37,179 [pool-201-thread-1] INFO  server.RaftServerConfigKeys (ConfUtils.java:logGet(43)) - raft.server.leader.election.timeout = 120s (custom)
2019-09-12 10:53:37,179 [pool-201-thread-1] INFO  server.RaftServerConfigKeys (ConfUtils.java:logGet(43)) - raft.server.log.use.memory = false (default)
2019-09-12 10:53:37,179 [pool-201-thread-1] INFO  server.RaftServerConfigKeys (ConfUtils.java:logGet(43)) - raft.server.log.purge.gap = 1000000 (custom)
2019-09-12 10:53:37,179 [pool-201-thread-1] INFO  server.RaftServerConfigKeys (ConfUtils.java:logGet(43)) - raft.server.log.appender.buffer.byte-limit = 33554432 (custom)
2019-09-12 10:53:37,179 [pool-201-thread-1] INFO  server.RaftServerConfigKeys (ConfUtils.java:logGet(43)) - raft.server.log.segment.size.max = 1048576 (custom)
2019-09-12 10:53:37,179 [pool-201-thread-1] INFO  server.RaftServerConfigKeys (ConfUtils.java:logGet(43)) - raft.server.log.segment.cache.num.max = 2 (custom)
2019-09-12 10:53:37,179 [pool-201-thread-1] INFO  segmented.SegmentedRaftLogWorker (SegmentedRaftLogWorker.java:<init>(172)) - new 226b4809-1310-4df7-b0e3-70448e94a1e8-SegmentedRaftLogWorker:Storage Directory /workdir/hadoop-ozone/integration-test/target/test-dir/MiniOzoneClusterImpl-0aac579c-f8ad-49ec-a94e-9a436a9c79c1/datanode-4/data/ratis/2119a654-d773-45e3-a339-920b7ed07a78 for RaftStorage:Storage Directory /workdir/hadoop-ozone/integration-test/target/test-dir/MiniOzoneClusterImpl-0aac579c-f8ad-49ec-a94e-9a436a9c79c1/datanode-4/data/ratis/2119a654-d773-45e3-a339-920b7ed07a78
2019-09-12 10:53:37,180 [pool-201-thread-1] INFO  server.RaftServerConfigKeys (ConfUtils.java:logGet(43)) - raft.server.log.queue.byte-limit = 2147483647 (custom)
2019-09-12 10:53:37,180 [pool-201-thread-1] INFO  server.RaftServerConfigKeys (ConfUtils.java:logGet(43)) - raft.server.log.queue.element-limit = 1024 (custom)
2019-09-12 10:53:37,180 [pool-201-thread-1] INFO  server.RaftServerConfigKeys (ConfUtils.java:logGet(43)) - raft.server.log.segment.size.max = 1048576 (custom)
2019-09-12 10:53:37,180 [pool-201-thread-1] INFO  server.RaftServerConfigKeys (ConfUtils.java:logGet(43)) - raft.server.log.preallocated.size = 16384 (custom)
2019-09-12 10:53:37,180 [pool-201-thread-1] INFO  server.RaftServerConfigKeys (ConfUtils.java:logGet(43)) - raft.server.log.write.buffer.size = 33554432 (custom)
2019-09-12 10:53:37,180 [pool-201-thread-1] INFO  server.RaftServerConfigKeys (ConfUtils.java:logGet(43)) - raft.server.log.force.sync.num = 128 (default)
2019-09-12 10:53:37,180 [pool-201-thread-1] INFO  server.RaftServerConfigKeys (ConfUtils.java:logGet(43)) - raft.server.log.statemachine.data.sync = true (default)
2019-09-12 10:53:37,180 [pool-201-thread-1] INFO  server.RaftServerConfigKeys (ConfUtils.java:logGet(43)) - raft.server.log.statemachine.data.sync.timeout = 10s (default)
2019-09-12 10:53:37,180 [pool-201-thread-1] INFO  server.RaftServerConfigKeys (ConfUtils.java:logGet(43)) - raft.server.log.statemachine.data.sync.timeout.retry = -1 (default)
2019-09-12 10:53:37,180 [pool-201-thread-1] INFO  server.RaftServerConfigKeys (ConfUtils.java:logGet(43)) - raft.server.log.statemachine.data.caching.enabled = true (custom)
2019-09-12 10:53:37,181 [pool-201-thread-1] INFO  segmented.SegmentedRaftLogWorker (SegmentedRaftLogWorker.java:lambda$new$0(132)) - 226b4809-1310-4df7-b0e3-70448e94a1e8-SegmentedRaftLogWorker:Storage Directory /workdir/hadoop-ozone/integration-test/target/test-dir/MiniOzoneClusterImpl-0aac579c-f8ad-49ec-a94e-9a436a9c79c1/datanode-4/data/ratis/2119a654-d773-45e3-a339-920b7ed07a78: flushIndex: setUnconditionally 0 -> -1
2019-09-12 10:53:37,181 [pool-201-thread-1] INFO  server.RaftServerConfigKeys (ConfUtils.java:logGet(43)) - raft.server.snapshot.auto.trigger.enabled = true (custom)
2019-09-12 10:53:37,181 [pool-201-thread-1] INFO  server.RaftServerConfigKeys (ConfUtils.java:logGet(43)) - raft.server.snapshot.auto.trigger.threshold = 10000 (custom)
2019-09-12 10:53:37,181 [pool-201-thread-1] INFO  server.RaftServerConfigKeys (ConfUtils.java:logGet(43)) - raft.server.retrycache.expirytime = 600000ms (custom)
2019-09-12 10:53:37,181 [pool-201-thread-1] INFO  impl.RaftServerImpl (RaftServerImpl.java:start(180)) - 226b4809-1310-4df7-b0e3-70448e94a1e8: start group-920B7ED07A78
2019-09-12 10:53:37,181 [pool-201-thread-1] INFO  impl.RaftServerImpl (RaftServerImpl.java:setRole(171)) - 226b4809-1310-4df7-b0e3-70448e94a1e8:group-920B7ED07A78 changes role from null to FOLLOWER at term 0 for startAsFollower
2019-09-12 10:53:37,182 [pool-201-thread-1] INFO  impl.RoleInfo (RoleInfo.java:updateAndGet(143)) - 226b4809-1310-4df7-b0e3-70448e94a1e8: start FollowerState
2019-09-12 10:53:37,182 [pool-201-thread-1] INFO  util.JmxRegister (JmxRegister.java:tryRegister(44)) - Successfully registered JMX Bean with object name Ratis:service=RaftServer,group=group-920B7ED07A78,id=226b4809-1310-4df7-b0e3-70448e94a1e8
2019-09-12 10:53:37,185 [RatisPipelineUtilsThread] INFO  pipeline.PipelineStateManager (PipelineStateManager.java:addPipeline(56)) - Created pipeline Pipeline[ Id: 2119a654-d773-45e3-a339-920b7ed07a78, Nodes: 226b4809-1310-4df7-b0e3-70448e94a1e8{ip: 192.168.157.195, host: pr-hdds-1569-xtfnx-3545843844, networkLocation: /default-rack, certSerialId: null}, Type:RATIS, Factor:ONE, State:OPEN]
2019-09-12 10:53:37,185 [RatisPipelineUtilsThread] ERROR pipeline.PipelinePlacementPolicy (PipelinePlacementPolicy.java:meetCriteria(91)) - Pipeline Placement: Doesn't meet the criteria to be viable node. Heaviness: 6
2019-09-12 10:53:37,185 [RatisPipelineUtilsThread] ERROR pipeline.PipelinePlacementPolicy (PipelinePlacementPolicy.java:meetCriteria(91)) - Pipeline Placement: Doesn't meet the criteria to be viable node. Heaviness: 6
2019-09-12 10:53:37,185 [RatisPipelineUtilsThread] ERROR pipeline.PipelinePlacementPolicy (PipelinePlacementPolicy.java:meetCriteria(91)) - Pipeline Placement: Doesn't meet the criteria to be viable node. Heaviness: 6
2019-09-12 10:53:37,185 [RatisPipelineUtilsThread] ERROR pipeline.PipelinePlacementPolicy (PipelinePlacementPolicy.java:meetCriteria(91)) - Pipeline Placement: Doesn't meet the criteria to be viable node. Heaviness: 6
2019-09-12 10:53:37,190 [grpc-default-executor-0] INFO  impl.RaftServerProxy (RaftServerProxy.java:addNew(89)) - 226b4809-1310-4df7-b0e3-70448e94a1e8: addNew group-968D742D363E:[226b4809-1310-4df7-b0e3-70448e94a1e8:192.168.157.195:37819] returns group-968D742D363E:java.util.concurrent.CompletableFuture@3b97e988[Not completed]
2019-09-12 10:53:37,191 [pool-201-thread-1] INFO  impl.RaftServerImpl (RaftServerImpl.java:<init>(93)) - 226b4809-1310-4df7-b0e3-70448e94a1e8: new RaftServerImpl for group-968D742D363E:[226b4809-1310-4df7-b0e3-70448e94a1e8:192.168.157.195:37819] with ContainerStateMachine:uninitialized
2019-09-12 10:53:37,191 [pool-201-thread-1] INFO  server.RaftServerConfigKeys (ConfUtils.java:logGet(43)) - raft.server.rpc.timeout.min = 1s (custom)
2019-09-12 10:53:37,191 [pool-201-thread-1] INFO  server.RaftServerConfigKeys (ConfUtils.java:logGet(43)) - raft.server.rpc.timeout.max = 1200ms (custom)
2019-09-12 10:53:37,191 [pool-201-thread-1] INFO  server.RaftServerConfigKeys (ConfUtils.java:logGet(43)) - raft.server.rpcslowness.timeout = 120s (custom)
2019-09-12 10:53:37,191 [pool-201-thread-1] INFO  server.RaftServerConfigKeys (ConfUtils.java:logGet(43)) - raft.server.sleep.deviation.threshold = 300 (default)
2019-09-12 10:53:37,191 [pool-201-thread-1] INFO  server.RaftServerConfigKeys (ConfUtils.java:logGet(43)) - raft.server.log.appender.install.snapshot.enabled = false (custom)
2019-09-12 10:53:37,191 [pool-201-thread-1] INFO  impl.RaftServerImpl (ServerState.java:<init>(105)) - 226b4809-1310-4df7-b0e3-70448e94a1e8:group-968D742D363E ConfigurationManager, init=-1: [226b4809-1310-4df7-b0e3-70448e94a1e8:192.168.157.195:37819], old=null, confs=<EMPTY_MAP>
2019-09-12 10:53:37,191 [pool-201-thread-1] INFO  server.RaftServerConfigKeys (ConfUtils.java:logGet(43)) - raft.server.storage.dir = [/workdir/hadoop-ozone/integration-test/target/test-dir/MiniOzoneClusterImpl-0aac579c-f8ad-49ec-a94e-9a436a9c79c1/datanode-4/data/ratis] (custom)
2019-09-12 10:53:37,192 [pool-201-thread-1] INFO  storage.RaftStorageDirectory (RaftStorageDirectory.java:analyzeStorage(246)) - The storage directory /workdir/hadoop-ozone/integration-test/target/test-dir/MiniOzoneClusterImpl-0aac579c-f8ad-49ec-a94e-9a436a9c79c1/datanode-4/data/ratis/ff51bd65-4ffa-4279-8fbf-968d742d363e does not exist. Creating ...
2019-09-12 10:53:37,193 [9c89c98f-dc1b-41da-bccf-9aab26cf5a48-SegmentedRaftLogWorker:Storage Directory /workdir/hadoop-ozone/integration-test/target/test-dir/MiniOzoneClusterImpl-0aac579c-f8ad-49ec-a94e-9a436a9c79c1/datanode-0/data/ratis/9881e7c8-d46c-429c-9abb-218b95847adb] INFO  segmented.SegmentedRaftLogWorker (SegmentedRaftLogWorker.java:execute(569)) - 9c89c98f-dc1b-41da-bccf-9aab26cf5a48-SegmentedRaftLogWorker:Storage Directory /workdir/hadoop-ozone/integration-test/target/test-dir/MiniOzoneClusterImpl-0aac579c-f8ad-49ec-a94e-9a436a9c79c1/datanode-0/data/ratis/9881e7c8-d46c-429c-9abb-218b95847adb: created new log segment /workdir/hadoop-ozone/integration-test/target/test-dir/MiniOzoneClusterImpl-0aac579c-f8ad-49ec-a94e-9a436a9c79c1/datanode-0/data/ratis/9881e7c8-d46c-429c-9abb-218b95847adb/current/log_inprogress_0
2019-09-12 10:53:37,196 [pool-201-thread-1] INFO  storage.RaftStorageDirectory (RaftStorageDirectory.java:tryLock(328)) - Lock on /workdir/hadoop-ozone/integration-test/target/test-dir/MiniOzoneClusterImpl-0aac579c-f8ad-49ec-a94e-9a436a9c79c1/datanode-4/data/ratis/ff51bd65-4ffa-4279-8fbf-968d742d363e/in_use.lock acquired by nodename 620@pr-hdds-1569-xtfnx-3545843844
2019-09-12 10:53:37,201 [pool-201-thread-1] INFO  storage.RaftStorage (RaftStorage.java:format(72)) - Storage directory /workdir/hadoop-ozone/integration-test/target/test-dir/MiniOzoneClusterImpl-0aac579c-f8ad-49ec-a94e-9a436a9c79c1/datanode-4/data/ratis/ff51bd65-4ffa-4279-8fbf-968d742d363e has been successfully formatted.
2019-09-12 10:53:37,201 [pool-201-thread-1] INFO  ratis.ContainerStateMachine (ContainerStateMachine.java:loadSnapshot(226)) - group-968D742D363E: The snapshot info is null. Setting the last applied indexto:(t:0, i:~)
2019-09-12 10:53:37,201 [pool-201-thread-1] INFO  server.RaftServerConfigKeys (ConfUtils.java:logGet(43)) - raft.server.leader.election.timeout = 120s (custom)
2019-09-12 10:53:37,201 [pool-201-thread-1] INFO  server.RaftServerConfigKeys (ConfUtils.java:logGet(43)) - raft.server.log.use.memory = false (default)
2019-09-12 10:53:37,202 [pool-201-thread-1] INFO  server.RaftServerConfigKeys (ConfUtils.java:logGet(43)) - raft.server.log.purge.gap = 1000000 (custom)
2019-09-12 10:53:37,202 [Thread-821] INFO  impl.FollowerState (FollowerState.java:run(106)) - b36b3368-613a-431f-908a-5edf1c2542ba:group-2434FC69BB78 changes to CANDIDATE, lastRpcTime:1033, electionTimeout:1033ms
2019-09-12 10:53:37,202 [pool-201-thread-1] INFO  server.RaftServerConfigKeys (ConfUtils.java:logGet(43)) - raft.server.log.appender.buffer.byte-limit = 33554432 (custom)
2019-09-12 10:53:37,202 [Thread-821] INFO  impl.RoleInfo (RoleInfo.java:shutdownFollowerState(121)) - b36b3368-613a-431f-908a-5edf1c2542ba: shutdown FollowerState
2019-09-12 10:53:37,202 [pool-201-thread-1] INFO  server.RaftServerConfigKeys (ConfUtils.java:logGet(43)) - raft.server.log.segment.size.max = 1048576 (custom)
2019-09-12 10:53:37,202 [Thread-821] INFO  impl.RaftServerImpl (RaftServerImpl.java:setRole(171)) - b36b3368-613a-431f-908a-5edf1c2542ba:group-2434FC69BB78 changes role from FOLLOWER to CANDIDATE at term 0 for changeToCandidate
2019-09-12 10:53:37,202 [pool-201-thread-1] INFO  server.RaftServerConfigKeys (ConfUtils.java:logGet(43)) - raft.server.log.segment.cache.num.max = 2 (custom)
2019-09-12 10:53:37,202 [Thread-821] INFO  impl.RoleInfo (RoleInfo.java:updateAndGet(143)) - b36b3368-613a-431f-908a-5edf1c2542ba: start LeaderElection
2019-09-12 10:53:37,202 [pool-201-thread-1] INFO  segmented.SegmentedRaftLogWorker (SegmentedRaftLogWorker.java:<init>(172)) - new 226b4809-1310-4df7-b0e3-70448e94a1e8-SegmentedRaftLogWorker:Storage Directory /workdir/hadoop-ozone/integration-test/target/test-dir/MiniOzoneClusterImpl-0aac579c-f8ad-49ec-a94e-9a436a9c79c1/datanode-4/data/ratis/ff51bd65-4ffa-4279-8fbf-968d742d363e for RaftStorage:Storage Directory /workdir/hadoop-ozone/integration-test/target/test-dir/MiniOzoneClusterImpl-0aac579c-f8ad-49ec-a94e-9a436a9c79c1/datanode-4/data/ratis/ff51bd65-4ffa-4279-8fbf-968d742d363e
2019-09-12 10:53:37,203 [pool-201-thread-1] INFO  server.RaftServerConfigKeys (ConfUtils.java:logGet(43)) - raft.server.log.queue.byte-limit = 2147483647 (custom)
2019-09-12 10:53:37,203 [pool-201-thread-1] INFO  server.RaftServerConfigKeys (ConfUtils.java:logGet(43)) - raft.server.log.queue.element-limit = 1024 (custom)
2019-09-12 10:53:37,203 [pool-201-thread-1] INFO  server.RaftServerConfigKeys (ConfUtils.java:logGet(43)) - raft.server.log.segment.size.max = 1048576 (custom)
2019-09-12 10:53:37,203 [pool-201-thread-1] INFO  server.RaftServerConfigKeys (ConfUtils.java:logGet(43)) - raft.server.log.preallocated.size = 16384 (custom)
2019-09-12 10:53:37,203 [pool-201-thread-1] INFO  server.RaftServerConfigKeys (ConfUtils.java:logGet(43)) - raft.server.log.write.buffer.size = 33554432 (custom)
2019-09-12 10:53:37,203 [pool-201-thread-1] INFO  server.RaftServerConfigKeys (ConfUtils.java:logGet(43)) - raft.server.log.force.sync.num = 128 (default)
2019-09-12 10:53:37,203 [pool-201-thread-1] INFO  server.RaftServerConfigKeys (ConfUtils.java:logGet(43)) - raft.server.log.statemachine.data.sync = true (default)
2019-09-12 10:53:37,203 [pool-201-thread-1] INFO  server.RaftServerConfigKeys (ConfUtils.java:logGet(43)) - raft.server.log.statemachine.data.sync.timeout = 10s (default)
2019-09-12 10:53:37,203 [pool-201-thread-1] INFO  server.RaftServerConfigKeys (ConfUtils.java:logGet(43)) - raft.server.log.statemachine.data.sync.timeout.retry = -1 (default)
2019-09-12 10:53:37,204 [pool-201-thread-1] INFO  server.RaftServerConfigKeys (ConfUtils.java:logGet(43)) - raft.server.log.statemachine.data.caching.enabled = true (custom)
2019-09-12 10:53:37,204 [pool-201-thread-1] INFO  segmented.SegmentedRaftLogWorker (SegmentedRaftLogWorker.java:lambda$new$0(132)) - 226b4809-1310-4df7-b0e3-70448e94a1e8-SegmentedRaftLogWorker:Storage Directory /workdir/hadoop-ozone/integration-test/target/test-dir/MiniOzoneClusterImpl-0aac579c-f8ad-49ec-a94e-9a436a9c79c1/datanode-4/data/ratis/ff51bd65-4ffa-4279-8fbf-968d742d363e: flushIndex: setUnconditionally 0 -> -1
2019-09-12 10:53:37,204 [pool-201-thread-1] INFO  server.RaftServerConfigKeys (ConfUtils.java:logGet(43)) - raft.server.snapshot.auto.trigger.enabled = true (custom)
2019-09-12 10:53:37,204 [pool-201-thread-1] INFO  server.RaftServerConfigKeys (ConfUtils.java:logGet(43)) - raft.server.snapshot.auto.trigger.threshold = 10000 (custom)
2019-09-12 10:53:37,204 [pool-201-thread-1] INFO  server.RaftServerConfigKeys (ConfUtils.java:logGet(43)) - raft.server.retrycache.expirytime = 600000ms (custom)
2019-09-12 10:53:37,204 [pool-201-thread-1] INFO  impl.RaftServerImpl (RaftServerImpl.java:start(180)) - 226b4809-1310-4df7-b0e3-70448e94a1e8: start group-968D742D363E
2019-09-12 10:53:37,205 [pool-201-thread-1] INFO  impl.RaftServerImpl (RaftServerImpl.java:setRole(171)) - 226b4809-1310-4df7-b0e3-70448e94a1e8:group-968D742D363E changes role from null to FOLLOWER at term 0 for startAsFollower
2019-09-12 10:53:37,205 [pool-201-thread-1] INFO  impl.RoleInfo (RoleInfo.java:updateAndGet(143)) - 226b4809-1310-4df7-b0e3-70448e94a1e8: start FollowerState
2019-09-12 10:53:37,205 [pool-201-thread-1] INFO  util.JmxRegister (JmxRegister.java:tryRegister(44)) - Successfully registered JMX Bean with object name Ratis:service=RaftServer,group=group-968D742D363E,id=226b4809-1310-4df7-b0e3-70448e94a1e8
2019-09-12 10:53:37,205 [b36b3368-613a-431f-908a-5edf1c2542ba:group-2434FC69BB78:LeaderElection64] INFO  impl.LeaderElection (LeaderElection.java:askForVotes(181)) - b36b3368-613a-431f-908a-5edf1c2542ba:group-2434FC69BB78:LeaderElection64: begin an election at term 1 for -1: [b36b3368-613a-431f-908a-5edf1c2542ba:192.168.157.195:36930], old=null
2019-09-12 10:53:37,206 [b36b3368-613a-431f-908a-5edf1c2542ba:group-2434FC69BB78:LeaderElection64] INFO  impl.RoleInfo (RoleInfo.java:shutdownLeaderElection(134)) - b36b3368-613a-431f-908a-5edf1c2542ba: shutdown LeaderElection
2019-09-12 10:53:37,206 [b36b3368-613a-431f-908a-5edf1c2542ba:group-2434FC69BB78:LeaderElection64] INFO  impl.RaftServerImpl (RaftServerImpl.java:setRole(171)) - b36b3368-613a-431f-908a-5edf1c2542ba:group-2434FC69BB78 changes role from CANDIDATE to LEADER at term 1 for changeToLeader
2019-09-12 10:53:37,206 [b36b3368-613a-431f-908a-5edf1c2542ba:group-2434FC69BB78:LeaderElection64] INFO  impl.RaftServerImpl (ServerState.java:setLeader(263)) - b36b3368-613a-431f-908a-5edf1c2542ba:group-2434FC69BB78 change Leader from null to b36b3368-613a-431f-908a-5edf1c2542ba at term 1 for becomeLeader, leader elected after 1041ms
2019-09-12 10:53:37,206 [b36b3368-613a-431f-908a-5edf1c2542ba:group-2434FC69BB78:LeaderElection64] INFO  server.RaftServerConfigKeys (ConfUtils.java:logGet(43)) - raft.server.staging.catchup.gap = 1000 (default)
2019-09-12 10:53:37,206 [b36b3368-613a-431f-908a-5edf1c2542ba:group-2434FC69BB78:LeaderElection64] INFO  server.RaftServerConfigKeys (ConfUtils.java:logGet(43)) - raft.server.rpc.sleep.time = 25ms (default)
2019-09-12 10:53:37,207 [b36b3368-613a-431f-908a-5edf1c2542ba:group-2434FC69BB78:LeaderElection64] INFO  server.RaftServerConfigKeys (ConfUtils.java:logGet(43)) - raft.server.write.element-limit = 4096 (default)
2019-09-12 10:53:37,207 [b36b3368-613a-431f-908a-5edf1c2542ba:group-2434FC69BB78:LeaderElection64] INFO  server.RaftServerConfigKeys (ConfUtils.java:logGet(43)) - raft.server.watch.timeout = 10s (default)
2019-09-12 10:53:37,207 [b36b3368-613a-431f-908a-5edf1c2542ba:group-2434FC69BB78:LeaderElection64] INFO  server.RaftServerConfigKeys (ConfUtils.java:logGet(43)) - raft.server.watch.timeout.denomination = 1s (default)
2019-09-12 10:53:37,207 [b36b3368-613a-431f-908a-5edf1c2542ba:group-2434FC69BB78:LeaderElection64] INFO  server.RaftServerConfigKeys (ConfUtils.java:logGet(43)) - raft.server.watch.element-limit = 65536 (default)
2019-09-12 10:53:37,207 [RatisPipelineUtilsThread] INFO  pipeline.PipelineStateManager (PipelineStateManager.java:addPipeline(56)) - Created pipeline Pipeline[ Id: ff51bd65-4ffa-4279-8fbf-968d742d363e, Nodes: 226b4809-1310-4df7-b0e3-70448e94a1e8{ip: 192.168.157.195, host: pr-hdds-1569-xtfnx-3545843844, networkLocation: /default-rack, certSerialId: null}, Type:RATIS, Factor:ONE, State:OPEN]
2019-09-12 10:53:37,207 [b36b3368-613a-431f-908a-5edf1c2542ba:group-2434FC69BB78:LeaderElection64] INFO  impl.RoleInfo (RoleInfo.java:updateAndGet(143)) - b36b3368-613a-431f-908a-5edf1c2542ba: start LeaderState
2019-09-12 10:53:37,207 [RatisPipelineUtilsThread] ERROR pipeline.PipelinePlacementPolicy (PipelinePlacementPolicy.java:meetCriteria(91)) - Pipeline Placement: Doesn't meet the criteria to be viable node. Heaviness: 6
2019-09-12 10:53:37,208 [RatisPipelineUtilsThread] ERROR pipeline.PipelinePlacementPolicy (PipelinePlacementPolicy.java:meetCriteria(91)) - Pipeline Placement: Doesn't meet the criteria to be viable node. Heaviness: 6
2019-09-12 10:53:37,208 [RatisPipelineUtilsThread] ERROR pipeline.PipelinePlacementPolicy (PipelinePlacementPolicy.java:meetCriteria(91)) - Pipeline Placement: Doesn't meet the criteria to be viable node. Heaviness: 6
2019-09-12 10:53:37,208 [RatisPipelineUtilsThread] ERROR pipeline.PipelinePlacementPolicy (PipelinePlacementPolicy.java:meetCriteria(91)) - Pipeline Placement: Doesn't meet the criteria to be viable node. Heaviness: 6
2019-09-12 10:53:37,208 [b36b3368-613a-431f-908a-5edf1c2542ba:group-2434FC69BB78:LeaderElection64] INFO  segmented.SegmentedRaftLogWorker (SegmentedRaftLogWorker.java:startLogSegment(380)) - b36b3368-613a-431f-908a-5edf1c2542ba-SegmentedRaftLogWorker:Storage Directory /workdir/hadoop-ozone/integration-test/target/test-dir/MiniOzoneClusterImpl-0aac579c-f8ad-49ec-a94e-9a436a9c79c1/datanode-1/data/ratis/aa7b32e9-09b9-4055-9269-2434fc69bb78: Starting segment from index:0
2019-09-12 10:53:37,209 [b36b3368-613a-431f-908a-5edf1c2542ba:group-2434FC69BB78:LeaderElection64] INFO  impl.RaftServerImpl (ServerState.java:setRaftConf(361)) - b36b3368-613a-431f-908a-5edf1c2542ba:group-2434FC69BB78 set configuration 0: [b36b3368-613a-431f-908a-5edf1c2542ba:192.168.157.195:36930], old=null at 0
2019-09-12 10:53:37,212 [grpc-default-executor-0] INFO  impl.RaftServerProxy (RaftServerProxy.java:addNew(89)) - 226b4809-1310-4df7-b0e3-70448e94a1e8: addNew group-7B053B9C6E7A:[226b4809-1310-4df7-b0e3-70448e94a1e8:192.168.157.195:37819] returns group-7B053B9C6E7A:java.util.concurrent.CompletableFuture@612d4acd[Not completed]
2019-09-12 10:53:37,213 [pool-201-thread-1] INFO  impl.RaftServerImpl (RaftServerImpl.java:<init>(93)) - 226b4809-1310-4df7-b0e3-70448e94a1e8: new RaftServerImpl for group-7B053B9C6E7A:[226b4809-1310-4df7-b0e3-70448e94a1e8:192.168.157.195:37819] with ContainerStateMachine:uninitialized
2019-09-12 10:53:37,213 [pool-201-thread-1] INFO  server.RaftServerConfigKeys (ConfUtils.java:logGet(43)) - raft.server.rpc.timeout.min = 1s (custom)
2019-09-12 10:53:37,213 [pool-201-thread-1] INFO  server.RaftServerConfigKeys (ConfUtils.java:logGet(43)) - raft.server.rpc.timeout.max = 1200ms (custom)
2019-09-12 10:53:37,213 [pool-201-thread-1] INFO  server.RaftServerConfigKeys (ConfUtils.java:logGet(43)) - raft.server.rpcslowness.timeout = 120s (custom)
2019-09-12 10:53:37,213 [pool-201-thread-1] INFO  server.RaftServerConfigKeys (ConfUtils.java:logGet(43)) - raft.server.sleep.deviation.threshold = 300 (default)
2019-09-12 10:53:37,213 [pool-201-thread-1] INFO  server.RaftServerConfigKeys (ConfUtils.java:logGet(43)) - raft.server.log.appender.install.snapshot.enabled = false (custom)
2019-09-12 10:53:37,213 [pool-201-thread-1] INFO  impl.RaftServerImpl (ServerState.java:<init>(105)) - 226b4809-1310-4df7-b0e3-70448e94a1e8:group-7B053B9C6E7A ConfigurationManager, init=-1: [226b4809-1310-4df7-b0e3-70448e94a1e8:192.168.157.195:37819], old=null, confs=<EMPTY_MAP>
2019-09-12 10:53:37,213 [pool-201-thread-1] INFO  server.RaftServerConfigKeys (ConfUtils.java:logGet(43)) - raft.server.storage.dir = [/workdir/hadoop-ozone/integration-test/target/test-dir/MiniOzoneClusterImpl-0aac579c-f8ad-49ec-a94e-9a436a9c79c1/datanode-4/data/ratis] (custom)
2019-09-12 10:53:37,213 [pool-201-thread-1] INFO  storage.RaftStorageDirectory (RaftStorageDirectory.java:analyzeStorage(246)) - The storage directory /workdir/hadoop-ozone/integration-test/target/test-dir/MiniOzoneClusterImpl-0aac579c-f8ad-49ec-a94e-9a436a9c79c1/datanode-4/data/ratis/541c383a-4177-439e-aa02-7b053b9c6e7a does not exist. Creating ...
2019-09-12 10:53:37,225 [pool-201-thread-1] INFO  storage.RaftStorageDirectory (RaftStorageDirectory.java:tryLock(328)) - Lock on /workdir/hadoop-ozone/integration-test/target/test-dir/MiniOzoneClusterImpl-0aac579c-f8ad-49ec-a94e-9a436a9c79c1/datanode-4/data/ratis/541c383a-4177-439e-aa02-7b053b9c6e7a/in_use.lock acquired by nodename 620@pr-hdds-1569-xtfnx-3545843844
2019-09-12 10:53:37,227 [Thread-818] INFO  impl.FollowerState (FollowerState.java:run(106)) - 9c89c98f-dc1b-41da-bccf-9aab26cf5a48:group-23F748B3B705 changes to CANDIDATE, lastRpcTime:1093, electionTimeout:1093ms
2019-09-12 10:53:37,227 [Thread-818] INFO  impl.RoleInfo (RoleInfo.java:shutdownFollowerState(121)) - 9c89c98f-dc1b-41da-bccf-9aab26cf5a48: shutdown FollowerState
2019-09-12 10:53:37,227 [Thread-818] INFO  impl.RaftServerImpl (RaftServerImpl.java:setRole(171)) - 9c89c98f-dc1b-41da-bccf-9aab26cf5a48:group-23F748B3B705 changes role from FOLLOWER to CANDIDATE at term 0 for changeToCandidate
2019-09-12 10:53:37,227 [Thread-818] INFO  impl.RoleInfo (RoleInfo.java:updateAndGet(143)) - 9c89c98f-dc1b-41da-bccf-9aab26cf5a48: start LeaderElection
2019-09-12 10:53:37,238 [Thread-815] INFO  impl.FollowerState (FollowerState.java:run(106)) - 9c89c98f-dc1b-41da-bccf-9aab26cf5a48:group-B292A2DA16E1 changes to CANDIDATE, lastRpcTime:1146, electionTimeout:1146ms
2019-09-12 10:53:37,239 [Thread-815] INFO  impl.RoleInfo (RoleInfo.java:shutdownFollowerState(121)) - 9c89c98f-dc1b-41da-bccf-9aab26cf5a48: shutdown FollowerState
2019-09-12 10:53:37,239 [Thread-815] INFO  impl.RaftServerImpl (RaftServerImpl.java:setRole(171)) - 9c89c98f-dc1b-41da-bccf-9aab26cf5a48:group-B292A2DA16E1 changes role from FOLLOWER to CANDIDATE at term 0 for changeToCandidate
2019-09-12 10:53:37,239 [Thread-815] INFO  impl.RoleInfo (RoleInfo.java:updateAndGet(143)) - 9c89c98f-dc1b-41da-bccf-9aab26cf5a48: start LeaderElection
2019-09-12 10:53:37,244 [b36b3368-613a-431f-908a-5edf1c2542ba-SegmentedRaftLogWorker:Storage Directory /workdir/hadoop-ozone/integration-test/target/test-dir/MiniOzoneClusterImpl-0aac579c-f8ad-49ec-a94e-9a436a9c79c1/datanode-1/data/ratis/aa7b32e9-09b9-4055-9269-2434fc69bb78] INFO  segmented.SegmentedRaftLogWorker (SegmentedRaftLogWorker.java:execute(569)) - b36b3368-613a-431f-908a-5edf1c2542ba-SegmentedRaftLogWorker:Storage Directory /workdir/hadoop-ozone/integration-test/target/test-dir/MiniOzoneClusterImpl-0aac579c-f8ad-49ec-a94e-9a436a9c79c1/datanode-1/data/ratis/aa7b32e9-09b9-4055-9269-2434fc69bb78: created new log segment /workdir/hadoop-ozone/integration-test/target/test-dir/MiniOzoneClusterImpl-0aac579c-f8ad-49ec-a94e-9a436a9c79c1/datanode-1/data/ratis/aa7b32e9-09b9-4055-9269-2434fc69bb78/current/log_inprogress_0
2019-09-12 10:53:37,245 [pool-201-thread-1] INFO  storage.RaftStorage (RaftStorage.java:format(72)) - Storage directory /workdir/hadoop-ozone/integration-test/target/test-dir/MiniOzoneClusterImpl-0aac579c-f8ad-49ec-a94e-9a436a9c79c1/datanode-4/data/ratis/541c383a-4177-439e-aa02-7b053b9c6e7a has been successfully formatted.
2019-09-12 10:53:37,245 [9c89c98f-dc1b-41da-bccf-9aab26cf5a48:group-B292A2DA16E1:LeaderElection66] INFO  impl.LeaderElection (LeaderElection.java:askForVotes(181)) - 9c89c98f-dc1b-41da-bccf-9aab26cf5a48:group-B292A2DA16E1:LeaderElection66: begin an election at term 1 for -1: [9c89c98f-dc1b-41da-bccf-9aab26cf5a48:192.168.157.195:35727], old=null
2019-09-12 10:53:37,245 [9c89c98f-dc1b-41da-bccf-9aab26cf5a48:group-23F748B3B705:LeaderElection65] INFO  impl.LeaderElection (LeaderElection.java:askForVotes(181)) - 9c89c98f-dc1b-41da-bccf-9aab26cf5a48:group-23F748B3B705:LeaderElection65: begin an election at term 1 for -1: [9c89c98f-dc1b-41da-bccf-9aab26cf5a48:192.168.157.195:35727], old=null
2019-09-12 10:53:37,245 [9c89c98f-dc1b-41da-bccf-9aab26cf5a48:group-B292A2DA16E1:LeaderElection66] INFO  impl.RoleInfo (RoleInfo.java:shutdownLeaderElection(134)) - 9c89c98f-dc1b-41da-bccf-9aab26cf5a48: shutdown LeaderElection
2019-09-12 10:53:37,245 [pool-201-thread-1] INFO  ratis.ContainerStateMachine (ContainerStateMachine.java:loadSnapshot(226)) - group-7B053B9C6E7A: The snapshot info is null. Setting the last applied indexto:(t:0, i:~)
2019-09-12 10:53:37,245 [9c89c98f-dc1b-41da-bccf-9aab26cf5a48:group-B292A2DA16E1:LeaderElection66] INFO  impl.RaftServerImpl (RaftServerImpl.java:setRole(171)) - 9c89c98f-dc1b-41da-bccf-9aab26cf5a48:group-B292A2DA16E1 changes role from CANDIDATE to LEADER at term 1 for changeToLeader
2019-09-12 10:53:37,245 [9c89c98f-dc1b-41da-bccf-9aab26cf5a48:group-23F748B3B705:LeaderElection65] INFO  impl.RoleInfo (RoleInfo.java:shutdownLeaderElection(134)) - 9c89c98f-dc1b-41da-bccf-9aab26cf5a48: shutdown LeaderElection
2019-09-12 10:53:37,245 [9c89c98f-dc1b-41da-bccf-9aab26cf5a48:group-B292A2DA16E1:LeaderElection66] INFO  impl.RaftServerImpl (ServerState.java:setLeader(263)) - 9c89c98f-dc1b-41da-bccf-9aab26cf5a48:group-B292A2DA16E1 change Leader from null to 9c89c98f-dc1b-41da-bccf-9aab26cf5a48 at term 1 for becomeLeader, leader elected after 1157ms
2019-09-12 10:53:37,245 [pool-201-thread-1] INFO  server.RaftServerConfigKeys (ConfUtils.java:logGet(43)) - raft.server.leader.election.timeout = 120s (custom)
2019-09-12 10:53:37,245 [9c89c98f-dc1b-41da-bccf-9aab26cf5a48:group-B292A2DA16E1:LeaderElection66] INFO  server.RaftServerConfigKeys (ConfUtils.java:logGet(43)) - raft.server.staging.catchup.gap = 1000 (default)
2019-09-12 10:53:37,245 [9c89c98f-dc1b-41da-bccf-9aab26cf5a48:group-23F748B3B705:LeaderElection65] INFO  impl.RaftServerImpl (RaftServerImpl.java:setRole(171)) - 9c89c98f-dc1b-41da-bccf-9aab26cf5a48:group-23F748B3B705 changes role from CANDIDATE to LEADER at term 1 for changeToLeader
2019-09-12 10:53:37,246 [9c89c98f-dc1b-41da-bccf-9aab26cf5a48:group-B292A2DA16E1:LeaderElection66] INFO  server.RaftServerConfigKeys (ConfUtils.java:logGet(43)) - raft.server.rpc.sleep.time = 25ms (default)
2019-09-12 10:53:37,245 [pool-201-thread-1] INFO  server.RaftServerConfigKeys (ConfUtils.java:logGet(43)) - raft.server.log.use.memory = false (default)
2019-09-12 10:53:37,246 [9c89c98f-dc1b-41da-bccf-9aab26cf5a48:group-B292A2DA16E1:LeaderElection66] INFO  server.RaftServerConfigKeys (ConfUtils.java:logGet(43)) - raft.server.write.element-limit = 4096 (default)
2019-09-12 10:53:37,246 [9c89c98f-dc1b-41da-bccf-9aab26cf5a48:group-23F748B3B705:LeaderElection65] INFO  impl.RaftServerImpl (ServerState.java:setLeader(263)) - 9c89c98f-dc1b-41da-bccf-9aab26cf5a48:group-23F748B3B705 change Leader from null to 9c89c98f-dc1b-41da-bccf-9aab26cf5a48 at term 1 for becomeLeader, leader elected after 1116ms
2019-09-12 10:53:37,246 [9c89c98f-dc1b-41da-bccf-9aab26cf5a48:group-B292A2DA16E1:LeaderElection66] INFO  server.RaftServerConfigKeys (ConfUtils.java:logGet(43)) - raft.server.watch.timeout = 10s (default)
2019-09-12 10:53:37,246 [pool-201-thread-1] INFO  server.RaftServerConfigKeys (ConfUtils.java:logGet(43)) - raft.server.log.purge.gap = 1000000 (custom)
2019-09-12 10:53:37,246 [9c89c98f-dc1b-41da-bccf-9aab26cf5a48:group-B292A2DA16E1:LeaderElection66] INFO  server.RaftServerConfigKeys (ConfUtils.java:logGet(43)) - raft.server.watch.timeout.denomination = 1s (default)
2019-09-12 10:53:37,246 [9c89c98f-dc1b-41da-bccf-9aab26cf5a48:group-B292A2DA16E1:LeaderElection66] INFO  server.RaftServerConfigKeys (ConfUtils.java:logGet(43)) - raft.server.watch.element-limit = 65536 (default)
2019-09-12 10:53:37,246 [9c89c98f-dc1b-41da-bccf-9aab26cf5a48:group-23F748B3B705:LeaderElection65] INFO  server.RaftServerConfigKeys (ConfUtils.java:logGet(43)) - raft.server.staging.catchup.gap = 1000 (default)
2019-09-12 10:53:37,246 [pool-201-thread-1] INFO  server.RaftServerConfigKeys (ConfUtils.java:logGet(43)) - raft.server.log.appender.buffer.byte-limit = 33554432 (custom)
2019-09-12 10:53:37,247 [9c89c98f-dc1b-41da-bccf-9aab26cf5a48:group-B292A2DA16E1:LeaderElection66] INFO  impl.RoleInfo (RoleInfo.java:updateAndGet(143)) - 9c89c98f-dc1b-41da-bccf-9aab26cf5a48: start LeaderState
2019-09-12 10:53:37,247 [9c89c98f-dc1b-41da-bccf-9aab26cf5a48:group-23F748B3B705:LeaderElection65] INFO  server.RaftServerConfigKeys (ConfUtils.java:logGet(43)) - raft.server.rpc.sleep.time = 25ms (default)
2019-09-12 10:53:37,247 [pool-201-thread-1] INFO  server.RaftServerConfigKeys (ConfUtils.java:logGet(43)) - raft.server.log.segment.size.max = 1048576 (custom)
2019-09-12 10:53:37,247 [9c89c98f-dc1b-41da-bccf-9aab26cf5a48:group-23F748B3B705:LeaderElection65] INFO  server.RaftServerConfigKeys (ConfUtils.java:logGet(43)) - raft.server.write.element-limit = 4096 (default)
2019-09-12 10:53:37,247 [9c89c98f-dc1b-41da-bccf-9aab26cf5a48:group-B292A2DA16E1:LeaderElection66] INFO  segmented.SegmentedRaftLogWorker (SegmentedRaftLogWorker.java:startLogSegment(380)) - 9c89c98f-dc1b-41da-bccf-9aab26cf5a48-SegmentedRaftLogWorker:Storage Directory /workdir/hadoop-ozone/integration-test/target/test-dir/MiniOzoneClusterImpl-0aac579c-f8ad-49ec-a94e-9a436a9c79c1/datanode-0/data/ratis/1c322d0a-bce4-4598-ba71-b292a2da16e1: Starting segment from index:0
2019-09-12 10:53:37,247 [9c89c98f-dc1b-41da-bccf-9aab26cf5a48:group-23F748B3B705:LeaderElection65] INFO  server.RaftServerConfigKeys (ConfUtils.java:logGet(43)) - raft.server.watch.timeout = 10s (default)
2019-09-12 10:53:37,247 [pool-201-thread-1] INFO  server.RaftServerConfigKeys (ConfUtils.java:logGet(43)) - raft.server.log.segment.cache.num.max = 2 (custom)
2019-09-12 10:53:37,247 [9c89c98f-dc1b-41da-bccf-9aab26cf5a48:group-23F748B3B705:LeaderElection65] INFO  server.RaftServerConfigKeys (ConfUtils.java:logGet(43)) - raft.server.watch.timeout.denomination = 1s (default)
2019-09-12 10:53:37,247 [9c89c98f-dc1b-41da-bccf-9aab26cf5a48:group-B292A2DA16E1:LeaderElection66] INFO  impl.RaftServerImpl (ServerState.java:setRaftConf(361)) - 9c89c98f-dc1b-41da-bccf-9aab26cf5a48:group-B292A2DA16E1 set configuration 0: [9c89c98f-dc1b-41da-bccf-9aab26cf5a48:192.168.157.195:35727], old=null at 0
2019-09-12 10:53:37,247 [pool-201-thread-1] INFO  segmented.SegmentedRaftLogWorker (SegmentedRaftLogWorker.java:<init>(172)) - new 226b4809-1310-4df7-b0e3-70448e94a1e8-SegmentedRaftLogWorker:Storage Directory /workdir/hadoop-ozone/integration-test/target/test-dir/MiniOzoneClusterImpl-0aac579c-f8ad-49ec-a94e-9a436a9c79c1/datanode-4/data/ratis/541c383a-4177-439e-aa02-7b053b9c6e7a for RaftStorage:Storage Directory /workdir/hadoop-ozone/integration-test/target/test-dir/MiniOzoneClusterImpl-0aac579c-f8ad-49ec-a94e-9a436a9c79c1/datanode-4/data/ratis/541c383a-4177-439e-aa02-7b053b9c6e7a
2019-09-12 10:53:37,247 [9c89c98f-dc1b-41da-bccf-9aab26cf5a48:group-23F748B3B705:LeaderElection65] INFO  server.RaftServerConfigKeys (ConfUtils.java:logGet(43)) - raft.server.watch.element-limit = 65536 (default)
2019-09-12 10:53:37,248 [pool-201-thread-1] INFO  server.RaftServerConfigKeys (ConfUtils.java:logGet(43)) - raft.server.log.queue.byte-limit = 2147483647 (custom)
2019-09-12 10:53:37,248 [9c89c98f-dc1b-41da-bccf-9aab26cf5a48:group-23F748B3B705:LeaderElection65] INFO  impl.RoleInfo (RoleInfo.java:updateAndGet(143)) - 9c89c98f-dc1b-41da-bccf-9aab26cf5a48: start LeaderState
2019-09-12 10:53:37,248 [pool-201-thread-1] INFO  server.RaftServerConfigKeys (ConfUtils.java:logGet(43)) - raft.server.log.queue.element-limit = 1024 (custom)
2019-09-12 10:53:37,248 [9c89c98f-dc1b-41da-bccf-9aab26cf5a48:group-23F748B3B705:LeaderElection65] INFO  segmented.SegmentedRaftLogWorker (SegmentedRaftLogWorker.java:startLogSegment(380)) - 9c89c98f-dc1b-41da-bccf-9aab26cf5a48-SegmentedRaftLogWorker:Storage Directory /workdir/hadoop-ozone/integration-test/target/test-dir/MiniOzoneClusterImpl-0aac579c-f8ad-49ec-a94e-9a436a9c79c1/datanode-0/data/ratis/6ec7f860-5aeb-4ca4-8344-23f748b3b705: Starting segment from index:0
2019-09-12 10:53:37,248 [pool-201-thread-1] INFO  server.RaftServerConfigKeys (ConfUtils.java:logGet(43)) - raft.server.log.segment.size.max = 1048576 (custom)
2019-09-12 10:53:37,248 [pool-201-thread-1] INFO  server.RaftServerConfigKeys (ConfUtils.java:logGet(43)) - raft.server.log.preallocated.size = 16384 (custom)
2019-09-12 10:53:37,248 [pool-201-thread-1] INFO  server.RaftServerConfigKeys (ConfUtils.java:logGet(43)) - raft.server.log.write.buffer.size = 33554432 (custom)
2019-09-12 10:53:37,248 [9c89c98f-dc1b-41da-bccf-9aab26cf5a48:group-23F748B3B705:LeaderElection65] INFO  impl.RaftServerImpl (ServerState.java:setRaftConf(361)) - 9c89c98f-dc1b-41da-bccf-9aab26cf5a48:group-23F748B3B705 set configuration 0: [9c89c98f-dc1b-41da-bccf-9aab26cf5a48:192.168.157.195:35727], old=null at 0
2019-09-12 10:53:37,249 [pool-201-thread-1] INFO  server.RaftServerConfigKeys (ConfUtils.java:logGet(43)) - raft.server.log.force.sync.num = 128 (default)
2019-09-12 10:53:37,249 [pool-201-thread-1] INFO  server.RaftServerConfigKeys (ConfUtils.java:logGet(43)) - raft.server.log.statemachine.data.sync = true (default)
2019-09-12 10:53:37,249 [pool-201-thread-1] INFO  server.RaftServerConfigKeys (ConfUtils.java:logGet(43)) - raft.server.log.statemachine.data.sync.timeout = 10s (default)
2019-09-12 10:53:37,249 [pool-201-thread-1] INFO  server.RaftServerConfigKeys (ConfUtils.java:logGet(43)) - raft.server.log.statemachine.data.sync.timeout.retry = -1 (default)
2019-09-12 10:53:37,249 [pool-201-thread-1] INFO  server.RaftServerConfigKeys (ConfUtils.java:logGet(43)) - raft.server.log.statemachine.data.caching.enabled = true (custom)
2019-09-12 10:53:37,249 [pool-201-thread-1] INFO  segmented.SegmentedRaftLogWorker (SegmentedRaftLogWorker.java:lambda$new$0(132)) - 226b4809-1310-4df7-b0e3-70448e94a1e8-SegmentedRaftLogWorker:Storage Directory /workdir/hadoop-ozone/integration-test/target/test-dir/MiniOzoneClusterImpl-0aac579c-f8ad-49ec-a94e-9a436a9c79c1/datanode-4/data/ratis/541c383a-4177-439e-aa02-7b053b9c6e7a: flushIndex: setUnconditionally 0 -> -1
2019-09-12 10:53:37,250 [pool-201-thread-1] INFO  server.RaftServerConfigKeys (ConfUtils.java:logGet(43)) - raft.server.snapshot.auto.trigger.enabled = true (custom)
2019-09-12 10:53:37,250 [pool-201-thread-1] INFO  server.RaftServerConfigKeys (ConfUtils.java:logGet(43)) - raft.server.snapshot.auto.trigger.threshold = 10000 (custom)
2019-09-12 10:53:37,250 [pool-201-thread-1] INFO  server.RaftServerConfigKeys (ConfUtils.java:logGet(43)) - raft.server.retrycache.expirytime = 600000ms (custom)
2019-09-12 10:53:37,250 [pool-201-thread-1] INFO  impl.RaftServerImpl (RaftServerImpl.java:start(180)) - 226b4809-1310-4df7-b0e3-70448e94a1e8: start group-7B053B9C6E7A
2019-09-12 10:53:37,250 [pool-201-thread-1] INFO  impl.RaftServerImpl (RaftServerImpl.java:setRole(171)) - 226b4809-1310-4df7-b0e3-70448e94a1e8:group-7B053B9C6E7A changes role from null to FOLLOWER at term 0 for startAsFollower
2019-09-12 10:53:37,250 [pool-201-thread-1] INFO  impl.RoleInfo (RoleInfo.java:updateAndGet(143)) - 226b4809-1310-4df7-b0e3-70448e94a1e8: start FollowerState
2019-09-12 10:53:37,251 [pool-201-thread-1] INFO  util.JmxRegister (JmxRegister.java:tryRegister(44)) - Successfully registered JMX Bean with object name Ratis:service=RaftServer,group=group-7B053B9C6E7A,id=226b4809-1310-4df7-b0e3-70448e94a1e8
2019-09-12 10:53:37,253 [RatisPipelineUtilsThread] INFO  pipeline.PipelineStateManager (PipelineStateManager.java:addPipeline(56)) - Created pipeline Pipeline[ Id: 541c383a-4177-439e-aa02-7b053b9c6e7a, Nodes: 226b4809-1310-4df7-b0e3-70448e94a1e8{ip: 192.168.157.195, host: pr-hdds-1569-xtfnx-3545843844, networkLocation: /default-rack, certSerialId: null}, Type:RATIS, Factor:ONE, State:OPEN]
2019-09-12 10:53:37,253 [RatisPipelineUtilsThread] ERROR pipeline.PipelinePlacementPolicy (PipelinePlacementPolicy.java:meetCriteria(91)) - Pipeline Placement: Doesn't meet the criteria to be viable node. Heaviness: 6
2019-09-12 10:53:37,254 [RatisPipelineUtilsThread] ERROR pipeline.PipelinePlacementPolicy (PipelinePlacementPolicy.java:meetCriteria(91)) - Pipeline Placement: Doesn't meet the criteria to be viable node. Heaviness: 6
2019-09-12 10:53:37,254 [RatisPipelineUtilsThread] ERROR pipeline.PipelinePlacementPolicy (PipelinePlacementPolicy.java:meetCriteria(91)) - Pipeline Placement: Doesn't meet the criteria to be viable node. Heaviness: 6
2019-09-12 10:53:37,254 [RatisPipelineUtilsThread] ERROR pipeline.PipelinePlacementPolicy (PipelinePlacementPolicy.java:meetCriteria(91)) - Pipeline Placement: Doesn't meet the criteria to be viable node. Heaviness: 6
2019-09-12 10:53:37,254 [RatisPipelineUtilsThread] ERROR pipeline.PipelinePlacementPolicy (PipelinePlacementPolicy.java:meetCriteria(91)) - Pipeline Placement: Doesn't meet the criteria to be viable node. Heaviness: 6
2019-09-12 10:53:37,254 [RatisPipelineUtilsThread] ERROR pipeline.PipelinePlacementPolicy (PipelinePlacementPolicy.java:filterViableNodes(146)) - Unable to find enough nodes that meet the criteria that cannot engage in more than 5 pipelines. Nodes required: 1 Found: 0, healthy nodes count inNodeManager: 5.
2019-09-12 10:53:37,254 [RatisPipelineUtilsThread] ERROR pipeline.SCMPipelineManager (SCMPipelineManager.java:createPipeline(161)) - Pipeline creation failed due to exception: Unable to find enough nodes that meet the criteria that cannot engage in more than 5 pipelines. Nodes required: 1 Found: 0, healthy nodes count inNodeManager: 5.
2019-09-12 10:53:37,254 [RatisPipelineUtilsThread] ERROR pipeline.PipelinePlacementPolicy (PipelinePlacementPolicy.java:meetCriteria(91)) - Pipeline Placement: Doesn't meet the criteria to be viable node. Heaviness: 6
2019-09-12 10:53:37,255 [RatisPipelineUtilsThread] ERROR pipeline.PipelinePlacementPolicy (PipelinePlacementPolicy.java:meetCriteria(91)) - Pipeline Placement: Doesn't meet the criteria to be viable node. Heaviness: 6
2019-09-12 10:53:37,255 [RatisPipelineUtilsThread] ERROR pipeline.PipelinePlacementPolicy (PipelinePlacementPolicy.java:meetCriteria(91)) - Pipeline Placement: Doesn't meet the criteria to be viable node. Heaviness: 6
2019-09-12 10:53:37,255 [RatisPipelineUtilsThread] ERROR pipeline.PipelinePlacementPolicy (PipelinePlacementPolicy.java:meetCriteria(91)) - Pipeline Placement: Doesn't meet the criteria to be viable node. Heaviness: 6
2019-09-12 10:53:37,255 [RatisPipelineUtilsThread] ERROR pipeline.PipelinePlacementPolicy (PipelinePlacementPolicy.java:meetCriteria(91)) - Pipeline Placement: Doesn't meet the criteria to be viable node. Heaviness: 6
2019-09-12 10:53:37,255 [RatisPipelineUtilsThread] ERROR pipeline.PipelinePlacementPolicy (PipelinePlacementPolicy.java:filterViableNodes(146)) - Unable to find enough nodes that meet the criteria that cannot engage in more than 5 pipelines. Nodes required: 3 Found: 0, healthy nodes count inNodeManager: 5.
2019-09-12 10:53:37,255 [RatisPipelineUtilsThread] ERROR pipeline.SCMPipelineManager (SCMPipelineManager.java:createPipeline(161)) - Pipeline creation failed due to exception: Unable to find enough nodes that meet the criteria that cannot engage in more than 5 pipelines. Nodes required: 3 Found: 0, healthy nodes count inNodeManager: 5.
2019-09-12 10:53:37,256 [RatisPipelineUtilsThread] ERROR pipeline.PipelinePlacementPolicy (PipelinePlacementPolicy.java:meetCriteria(91)) - Pipeline Placement: Doesn't meet the criteria to be viable node. Heaviness: 6
2019-09-12 10:53:37,256 [RatisPipelineUtilsThread] ERROR pipeline.PipelinePlacementPolicy (PipelinePlacementPolicy.java:meetCriteria(91)) - Pipeline Placement: Doesn't meet the criteria to be viable node. Heaviness: 6
2019-09-12 10:53:37,256 [RatisPipelineUtilsThread] ERROR pipeline.PipelinePlacementPolicy (PipelinePlacementPolicy.java:meetCriteria(91)) - Pipeline Placement: Doesn't meet the criteria to be viable node. Heaviness: 6
2019-09-12 10:53:37,256 [RatisPipelineUtilsThread] ERROR pipeline.PipelinePlacementPolicy (PipelinePlacementPolicy.java:meetCriteria(91)) - Pipeline Placement: Doesn't meet the criteria to be viable node. Heaviness: 6
2019-09-12 10:53:37,256 [RatisPipelineUtilsThread] ERROR pipeline.PipelinePlacementPolicy (PipelinePlacementPolicy.java:meetCriteria(91)) - Pipeline Placement: Doesn't meet the criteria to be viable node. Heaviness: 6
2019-09-12 10:53:37,257 [RatisPipelineUtilsThread] ERROR pipeline.PipelinePlacementPolicy (PipelinePlacementPolicy.java:filterViableNodes(146)) - Unable to find enough nodes that meet the criteria that cannot engage in more than 5 pipelines. Nodes required: 1 Found: 0, healthy nodes count inNodeManager: 5.
2019-09-12 10:53:37,257 [RatisPipelineUtilsThread] ERROR pipeline.SCMPipelineManager (SCMPipelineManager.java:createPipeline(161)) - Pipeline creation failed due to exception: Unable to find enough nodes that meet the criteria that cannot engage in more than 5 pipelines. Nodes required: 1 Found: 0, healthy nodes count inNodeManager: 5.
2019-09-12 10:53:37,257 [RatisPipelineUtilsThread] ERROR pipeline.PipelinePlacementPolicy (PipelinePlacementPolicy.java:meetCriteria(91)) - Pipeline Placement: Doesn't meet the criteria to be viable node. Heaviness: 6
2019-09-12 10:53:37,257 [RatisPipelineUtilsThread] ERROR pipeline.PipelinePlacementPolicy (PipelinePlacementPolicy.java:meetCriteria(91)) - Pipeline Placement: Doesn't meet the criteria to be viable node. Heaviness: 6
2019-09-12 10:53:37,257 [RatisPipelineUtilsThread] ERROR pipeline.PipelinePlacementPolicy (PipelinePlacementPolicy.java:meetCriteria(91)) - Pipeline Placement: Doesn't meet the criteria to be viable node. Heaviness: 6
2019-09-12 10:53:37,257 [RatisPipelineUtilsThread] ERROR pipeline.PipelinePlacementPolicy (PipelinePlacementPolicy.java:meetCriteria(91)) - Pipeline Placement: Doesn't meet the criteria to be viable node. Heaviness: 6
2019-09-12 10:53:37,257 [RatisPipelineUtilsThread] ERROR pipeline.PipelinePlacementPolicy (PipelinePlacementPolicy.java:meetCriteria(91)) - Pipeline Placement: Doesn't meet the criteria to be viable node. Heaviness: 6
2019-09-12 10:53:37,258 [RatisPipelineUtilsThread] ERROR pipeline.PipelinePlacementPolicy (PipelinePlacementPolicy.java:filterViableNodes(146)) - Unable to find enough nodes that meet the criteria that cannot engage in more than 5 pipelines. Nodes required: 3 Found: 0, healthy nodes count inNodeManager: 5.
2019-09-12 10:53:37,258 [RatisPipelineUtilsThread] ERROR pipeline.SCMPipelineManager (SCMPipelineManager.java:createPipeline(161)) - Pipeline creation failed due to exception: Unable to find enough nodes that meet the criteria that cannot engage in more than 5 pipelines. Nodes required: 3 Found: 0, healthy nodes count inNodeManager: 5.
2019-09-12 10:53:37,300 [9c89c98f-dc1b-41da-bccf-9aab26cf5a48-SegmentedRaftLogWorker:Storage Directory /workdir/hadoop-ozone/integration-test/target/test-dir/MiniOzoneClusterImpl-0aac579c-f8ad-49ec-a94e-9a436a9c79c1/datanode-0/data/ratis/1c322d0a-bce4-4598-ba71-b292a2da16e1] INFO  segmented.SegmentedRaftLogWorker (SegmentedRaftLogWorker.java:execute(569)) - 9c89c98f-dc1b-41da-bccf-9aab26cf5a48-SegmentedRaftLogWorker:Storage Directory /workdir/hadoop-ozone/integration-test/target/test-dir/MiniOzoneClusterImpl-0aac579c-f8ad-49ec-a94e-9a436a9c79c1/datanode-0/data/ratis/1c322d0a-bce4-4598-ba71-b292a2da16e1: created new log segment /workdir/hadoop-ozone/integration-test/target/test-dir/MiniOzoneClusterImpl-0aac579c-f8ad-49ec-a94e-9a436a9c79c1/datanode-0/data/ratis/1c322d0a-bce4-4598-ba71-b292a2da16e1/current/log_inprogress_0
2019-09-12 10:53:37,300 [9c89c98f-dc1b-41da-bccf-9aab26cf5a48-SegmentedRaftLogWorker:Storage Directory /workdir/hadoop-ozone/integration-test/target/test-dir/MiniOzoneClusterImpl-0aac579c-f8ad-49ec-a94e-9a436a9c79c1/datanode-0/data/ratis/6ec7f860-5aeb-4ca4-8344-23f748b3b705] INFO  segmented.SegmentedRaftLogWorker (SegmentedRaftLogWorker.java:execute(569)) - 9c89c98f-dc1b-41da-bccf-9aab26cf5a48-SegmentedRaftLogWorker:Storage Directory /workdir/hadoop-ozone/integration-test/target/test-dir/MiniOzoneClusterImpl-0aac579c-f8ad-49ec-a94e-9a436a9c79c1/datanode-0/data/ratis/6ec7f860-5aeb-4ca4-8344-23f748b3b705: created new log segment /workdir/hadoop-ozone/integration-test/target/test-dir/MiniOzoneClusterImpl-0aac579c-f8ad-49ec-a94e-9a436a9c79c1/datanode-0/data/ratis/6ec7f860-5aeb-4ca4-8344-23f748b3b705/current/log_inprogress_0
2019-09-12 10:53:37,301 [main] INFO  ozone.MiniOzoneClusterImpl (MiniOzoneClusterImpl.java:lambda$waitForClusterToBeReady$0(142)) - Waiting for cluster to be ready. Got 5 of 6 DN Heartbeats.
2019-09-12 10:53:37,302 [IPC Server handler 1 on 42874] INFO  net.NetworkTopology (NetworkTopologyImpl.java:add(110)) - Added a new node: /default-rack/b65ee1e2-3519-4053-9dbb-47eb940bcefc
2019-09-12 10:53:37,303 [RatisPipelineUtilsThread] ERROR pipeline.PipelinePlacementPolicy (PipelinePlacementPolicy.java:meetCriteria(91)) - Pipeline Placement: Doesn't meet the criteria to be viable node. Heaviness: 6
2019-09-12 10:53:37,303 [RatisPipelineUtilsThread] ERROR pipeline.PipelinePlacementPolicy (PipelinePlacementPolicy.java:meetCriteria(91)) - Pipeline Placement: Doesn't meet the criteria to be viable node. Heaviness: 6
2019-09-12 10:53:37,303 [RatisPipelineUtilsThread] ERROR pipeline.PipelinePlacementPolicy (PipelinePlacementPolicy.java:meetCriteria(91)) - Pipeline Placement: Doesn't meet the criteria to be viable node. Heaviness: 6
2019-09-12 10:53:37,303 [RatisPipelineUtilsThread] ERROR pipeline.PipelinePlacementPolicy (PipelinePlacementPolicy.java:meetCriteria(91)) - Pipeline Placement: Doesn't meet the criteria to be viable node. Heaviness: 6
2019-09-12 10:53:37,303 [RatisPipelineUtilsThread] ERROR pipeline.PipelinePlacementPolicy (PipelinePlacementPolicy.java:meetCriteria(91)) - Pipeline Placement: Doesn't meet the criteria to be viable node. Heaviness: 6
2019-09-12 10:53:37,303 [IPC Server handler 1 on 42874] INFO  node.SCMNodeManager (SCMNodeManager.java:register(273)) - Registered Data node : b65ee1e2-3519-4053-9dbb-47eb940bcefc{ip: 192.168.157.195, host: pr-hdds-1569-xtfnx-3545843844, networkLocation: /default-rack, certSerialId: null}
2019-09-12 10:53:37,304 | INFO  | SCMAudit | user=jenkins1000 | ip=192.168.157.195 | op=REGISTER {datanodeDetails=b65ee1e2-3519-4053-9dbb-47eb940bcefc{ip: 192.168.157.195, host: pr-hdds-1569-xtfnx-3545843844, networkLocation: /default-rack, certSerialId: null}} | ret=SUCCESS |  
2019-09-12 10:53:37,312 [grpc-default-executor-0] INFO  impl.RaftServerProxy (RaftServerProxy.java:addNew(89)) - b65ee1e2-3519-4053-9dbb-47eb940bcefc: addNew group-134AEFD278C9:[b65ee1e2-3519-4053-9dbb-47eb940bcefc:192.168.157.195:36009] returns group-134AEFD278C9:java.util.concurrent.CompletableFuture@40aa07b9[Not completed]
2019-09-12 10:53:37,314 [pool-212-thread-1] INFO  impl.RaftServerImpl (RaftServerImpl.java:<init>(93)) - b65ee1e2-3519-4053-9dbb-47eb940bcefc: new RaftServerImpl for group-134AEFD278C9:[b65ee1e2-3519-4053-9dbb-47eb940bcefc:192.168.157.195:36009] with ContainerStateMachine:uninitialized
2019-09-12 10:53:37,314 [pool-212-thread-1] INFO  server.RaftServerConfigKeys (ConfUtils.java:logGet(43)) - raft.server.rpc.timeout.min = 1s (custom)
2019-09-12 10:53:37,314 [pool-212-thread-1] INFO  server.RaftServerConfigKeys (ConfUtils.java:logGet(43)) - raft.server.rpc.timeout.max = 1200ms (custom)
2019-09-12 10:53:37,314 [pool-212-thread-1] INFO  server.RaftServerConfigKeys (ConfUtils.java:logGet(43)) - raft.server.rpcslowness.timeout = 120s (custom)
2019-09-12 10:53:37,314 [pool-212-thread-1] INFO  server.RaftServerConfigKeys (ConfUtils.java:logGet(43)) - raft.server.sleep.deviation.threshold = 300 (default)
2019-09-12 10:53:37,315 [pool-212-thread-1] INFO  server.RaftServerConfigKeys (ConfUtils.java:logGet(43)) - raft.server.log.appender.install.snapshot.enabled = false (custom)
2019-09-12 10:53:37,315 [pool-212-thread-1] INFO  impl.RaftServerImpl (ServerState.java:<init>(105)) - b65ee1e2-3519-4053-9dbb-47eb940bcefc:group-134AEFD278C9 ConfigurationManager, init=-1: [b65ee1e2-3519-4053-9dbb-47eb940bcefc:192.168.157.195:36009], old=null, confs=<EMPTY_MAP>
2019-09-12 10:53:37,315 [pool-212-thread-1] INFO  server.RaftServerConfigKeys (ConfUtils.java:logGet(43)) - raft.server.storage.dir = [/workdir/hadoop-ozone/integration-test/target/test-dir/MiniOzoneClusterImpl-0aac579c-f8ad-49ec-a94e-9a436a9c79c1/datanode-5/data/ratis] (custom)
2019-09-12 10:53:37,315 [pool-212-thread-1] INFO  storage.RaftStorageDirectory (RaftStorageDirectory.java:analyzeStorage(246)) - The storage directory /workdir/hadoop-ozone/integration-test/target/test-dir/MiniOzoneClusterImpl-0aac579c-f8ad-49ec-a94e-9a436a9c79c1/datanode-5/data/ratis/4dcbaa75-8725-4884-991b-134aefd278c9 does not exist. Creating ...
2019-09-12 10:53:37,329 [pool-212-thread-1] INFO  storage.RaftStorageDirectory (RaftStorageDirectory.java:tryLock(328)) - Lock on /workdir/hadoop-ozone/integration-test/target/test-dir/MiniOzoneClusterImpl-0aac579c-f8ad-49ec-a94e-9a436a9c79c1/datanode-5/data/ratis/4dcbaa75-8725-4884-991b-134aefd278c9/in_use.lock acquired by nodename 620@pr-hdds-1569-xtfnx-3545843844
2019-09-12 10:53:37,342 [pool-212-thread-1] INFO  storage.RaftStorage (RaftStorage.java:format(72)) - Storage directory /workdir/hadoop-ozone/integration-test/target/test-dir/MiniOzoneClusterImpl-0aac579c-f8ad-49ec-a94e-9a436a9c79c1/datanode-5/data/ratis/4dcbaa75-8725-4884-991b-134aefd278c9 has been successfully formatted.
2019-09-12 10:53:37,342 [pool-212-thread-1] INFO  ratis.ContainerStateMachine (ContainerStateMachine.java:loadSnapshot(226)) - group-134AEFD278C9: The snapshot info is null. Setting the last applied indexto:(t:0, i:~)
2019-09-12 10:53:37,342 [pool-212-thread-1] INFO  server.RaftServerConfigKeys (ConfUtils.java:logGet(43)) - raft.server.leader.election.timeout = 120s (custom)
2019-09-12 10:53:37,342 [pool-212-thread-1] INFO  server.RaftServerConfigKeys (ConfUtils.java:logGet(43)) - raft.server.log.use.memory = false (default)
2019-09-12 10:53:37,342 [pool-212-thread-1] INFO  server.RaftServerConfigKeys (ConfUtils.java:logGet(43)) - raft.server.log.purge.gap = 1000000 (custom)
2019-09-12 10:53:37,343 [pool-212-thread-1] INFO  server.RaftServerConfigKeys (ConfUtils.java:logGet(43)) - raft.server.log.appender.buffer.byte-limit = 33554432 (custom)
2019-09-12 10:53:37,343 [pool-212-thread-1] INFO  server.RaftServerConfigKeys (ConfUtils.java:logGet(43)) - raft.server.log.segment.size.max = 1048576 (custom)
2019-09-12 10:53:37,343 [pool-212-thread-1] INFO  server.RaftServerConfigKeys (ConfUtils.java:logGet(43)) - raft.server.log.segment.cache.num.max = 2 (custom)
2019-09-12 10:53:37,343 [pool-212-thread-1] INFO  segmented.SegmentedRaftLogWorker (SegmentedRaftLogWorker.java:<init>(172)) - new b65ee1e2-3519-4053-9dbb-47eb940bcefc-SegmentedRaftLogWorker:Storage Directory /workdir/hadoop-ozone/integration-test/target/test-dir/MiniOzoneClusterImpl-0aac579c-f8ad-49ec-a94e-9a436a9c79c1/datanode-5/data/ratis/4dcbaa75-8725-4884-991b-134aefd278c9 for RaftStorage:Storage Directory /workdir/hadoop-ozone/integration-test/target/test-dir/MiniOzoneClusterImpl-0aac579c-f8ad-49ec-a94e-9a436a9c79c1/datanode-5/data/ratis/4dcbaa75-8725-4884-991b-134aefd278c9
2019-09-12 10:53:37,343 [pool-212-thread-1] INFO  server.RaftServerConfigKeys (ConfUtils.java:logGet(43)) - raft.server.log.queue.byte-limit = 2147483647 (custom)
2019-09-12 10:53:37,344 [pool-212-thread-1] INFO  server.RaftServerConfigKeys (ConfUtils.java:logGet(43)) - raft.server.log.queue.element-limit = 1024 (custom)
2019-09-12 10:53:37,344 [pool-212-thread-1] INFO  server.RaftServerConfigKeys (ConfUtils.java:logGet(43)) - raft.server.log.segment.size.max = 1048576 (custom)
2019-09-12 10:53:37,344 [pool-212-thread-1] INFO  server.RaftServerConfigKeys (ConfUtils.java:logGet(43)) - raft.server.log.preallocated.size = 16384 (custom)
2019-09-12 10:53:37,344 [pool-212-thread-1] INFO  server.RaftServerConfigKeys (ConfUtils.java:logGet(43)) - raft.server.log.write.buffer.size = 33554432 (custom)
2019-09-12 10:53:37,345 [pool-212-thread-1] INFO  server.RaftServerConfigKeys (ConfUtils.java:logGet(43)) - raft.server.log.force.sync.num = 128 (default)
2019-09-12 10:53:37,345 [pool-212-thread-1] INFO  server.RaftServerConfigKeys (ConfUtils.java:logGet(43)) - raft.server.log.statemachine.data.sync = true (default)
2019-09-12 10:53:37,345 [pool-212-thread-1] INFO  server.RaftServerConfigKeys (ConfUtils.java:logGet(43)) - raft.server.log.statemachine.data.sync.timeout = 10s (default)
2019-09-12 10:53:37,345 [pool-212-thread-1] INFO  server.RaftServerConfigKeys (ConfUtils.java:logGet(43)) - raft.server.log.statemachine.data.sync.timeout.retry = -1 (default)
2019-09-12 10:53:37,345 [pool-212-thread-1] INFO  server.RaftServerConfigKeys (ConfUtils.java:logGet(43)) - raft.server.log.statemachine.data.caching.enabled = true (custom)
2019-09-12 10:53:37,346 [pool-212-thread-1] INFO  segmented.SegmentedRaftLogWorker (SegmentedRaftLogWorker.java:lambda$new$0(132)) - b65ee1e2-3519-4053-9dbb-47eb940bcefc-SegmentedRaftLogWorker:Storage Directory /workdir/hadoop-ozone/integration-test/target/test-dir/MiniOzoneClusterImpl-0aac579c-f8ad-49ec-a94e-9a436a9c79c1/datanode-5/data/ratis/4dcbaa75-8725-4884-991b-134aefd278c9: flushIndex: setUnconditionally 0 -> -1
2019-09-12 10:53:37,346 [pool-212-thread-1] INFO  server.RaftServerConfigKeys (ConfUtils.java:logGet(43)) - raft.server.snapshot.auto.trigger.enabled = true (custom)
2019-09-12 10:53:37,346 [pool-212-thread-1] INFO  server.RaftServerConfigKeys (ConfUtils.java:logGet(43)) - raft.server.snapshot.auto.trigger.threshold = 10000 (custom)
2019-09-12 10:53:37,346 [pool-212-thread-1] INFO  server.RaftServerConfigKeys (ConfUtils.java:logGet(43)) - raft.server.retrycache.expirytime = 600000ms (custom)
2019-09-12 10:53:37,347 [pool-212-thread-1] INFO  impl.RaftServerImpl (RaftServerImpl.java:start(180)) - b65ee1e2-3519-4053-9dbb-47eb940bcefc: start group-134AEFD278C9
2019-09-12 10:53:37,347 [pool-212-thread-1] INFO  impl.RaftServerImpl (RaftServerImpl.java:setRole(171)) - b65ee1e2-3519-4053-9dbb-47eb940bcefc:group-134AEFD278C9 changes role from null to FOLLOWER at term 0 for startAsFollower
2019-09-12 10:53:37,347 [pool-212-thread-1] INFO  impl.RoleInfo (RoleInfo.java:updateAndGet(143)) - b65ee1e2-3519-4053-9dbb-47eb940bcefc: start FollowerState
2019-09-12 10:53:37,347 [pool-212-thread-1] INFO  util.JmxRegister (JmxRegister.java:tryRegister(44)) - Successfully registered JMX Bean with object name Ratis:service=RaftServer,group=group-134AEFD278C9,id=b65ee1e2-3519-4053-9dbb-47eb940bcefc
2019-09-12 10:53:37,350 [RatisPipelineUtilsThread] INFO  pipeline.PipelineStateManager (PipelineStateManager.java:addPipeline(56)) - Created pipeline Pipeline[ Id: 4dcbaa75-8725-4884-991b-134aefd278c9, Nodes: b65ee1e2-3519-4053-9dbb-47eb940bcefc{ip: 192.168.157.195, host: pr-hdds-1569-xtfnx-3545843844, networkLocation: /default-rack, certSerialId: null}, Type:RATIS, Factor:ONE, State:OPEN]
2019-09-12 10:53:37,350 [RatisPipelineUtilsThread] ERROR pipeline.PipelinePlacementPolicy (PipelinePlacementPolicy.java:meetCriteria(91)) - Pipeline Placement: Doesn't meet the criteria to be viable node. Heaviness: 6
2019-09-12 10:53:37,350 [RatisPipelineUtilsThread] ERROR pipeline.PipelinePlacementPolicy (PipelinePlacementPolicy.java:meetCriteria(91)) - Pipeline Placement: Doesn't meet the criteria to be viable node. Heaviness: 6
2019-09-12 10:53:37,351 [RatisPipelineUtilsThread] ERROR pipeline.PipelinePlacementPolicy (PipelinePlacementPolicy.java:meetCriteria(91)) - Pipeline Placement: Doesn't meet the criteria to be viable node. Heaviness: 6
2019-09-12 10:53:37,351 [RatisPipelineUtilsThread] ERROR pipeline.PipelinePlacementPolicy (PipelinePlacementPolicy.java:meetCriteria(91)) - Pipeline Placement: Doesn't meet the criteria to be viable node. Heaviness: 6
2019-09-12 10:53:37,351 [RatisPipelineUtilsThread] ERROR pipeline.PipelinePlacementPolicy (PipelinePlacementPolicy.java:meetCriteria(91)) - Pipeline Placement: Doesn't meet the criteria to be viable node. Heaviness: 6
2019-09-12 10:53:37,352 [Thread-824] INFO  impl.FollowerState (FollowerState.java:run(106)) - 9c89c98f-dc1b-41da-bccf-9aab26cf5a48:group-634FE7F1DCF5 changes to CANDIDATE, lastRpcTime:1132, electionTimeout:1132ms
2019-09-12 10:53:37,352 [Thread-824] INFO  impl.RoleInfo (RoleInfo.java:shutdownFollowerState(121)) - 9c89c98f-dc1b-41da-bccf-9aab26cf5a48: shutdown FollowerState
2019-09-12 10:53:37,352 [Thread-824] INFO  impl.RaftServerImpl (RaftServerImpl.java:setRole(171)) - 9c89c98f-dc1b-41da-bccf-9aab26cf5a48:group-634FE7F1DCF5 changes role from FOLLOWER to CANDIDATE at term 0 for changeToCandidate
2019-09-12 10:53:37,352 [Thread-824] INFO  impl.RoleInfo (RoleInfo.java:updateAndGet(143)) - 9c89c98f-dc1b-41da-bccf-9aab26cf5a48: start LeaderElection
2019-09-12 10:53:37,355 [grpc-default-executor-0] INFO  impl.RaftServerProxy (RaftServerProxy.java:addNew(89)) - b65ee1e2-3519-4053-9dbb-47eb940bcefc: addNew group-FB816D82E341:[b65ee1e2-3519-4053-9dbb-47eb940bcefc:192.168.157.195:36009] returns group-FB816D82E341:java.util.concurrent.CompletableFuture@142e42c3[Not completed]
2019-09-12 10:53:37,356 [pool-212-thread-1] INFO  impl.RaftServerImpl (RaftServerImpl.java:<init>(93)) - b65ee1e2-3519-4053-9dbb-47eb940bcefc: new RaftServerImpl for group-FB816D82E341:[b65ee1e2-3519-4053-9dbb-47eb940bcefc:192.168.157.195:36009] with ContainerStateMachine:uninitialized
2019-09-12 10:53:37,356 [pool-212-thread-1] INFO  server.RaftServerConfigKeys (ConfUtils.java:logGet(43)) - raft.server.rpc.timeout.min = 1s (custom)
2019-09-12 10:53:37,356 [pool-212-thread-1] INFO  server.RaftServerConfigKeys (ConfUtils.java:logGet(43)) - raft.server.rpc.timeout.max = 1200ms (custom)
2019-09-12 10:53:37,356 [pool-212-thread-1] INFO  server.RaftServerConfigKeys (ConfUtils.java:logGet(43)) - raft.server.rpcslowness.timeout = 120s (custom)
2019-09-12 10:53:37,356 [pool-212-thread-1] INFO  server.RaftServerConfigKeys (ConfUtils.java:logGet(43)) - raft.server.sleep.deviation.threshold = 300 (default)
2019-09-12 10:53:37,356 [pool-212-thread-1] INFO  server.RaftServerConfigKeys (ConfUtils.java:logGet(43)) - raft.server.log.appender.install.snapshot.enabled = false (custom)
2019-09-12 10:53:37,357 [pool-212-thread-1] INFO  impl.RaftServerImpl (ServerState.java:<init>(105)) - b65ee1e2-3519-4053-9dbb-47eb940bcefc:group-FB816D82E341 ConfigurationManager, init=-1: [b65ee1e2-3519-4053-9dbb-47eb940bcefc:192.168.157.195:36009], old=null, confs=<EMPTY_MAP>
2019-09-12 10:53:37,357 [pool-212-thread-1] INFO  server.RaftServerConfigKeys (ConfUtils.java:logGet(43)) - raft.server.storage.dir = [/workdir/hadoop-ozone/integration-test/target/test-dir/MiniOzoneClusterImpl-0aac579c-f8ad-49ec-a94e-9a436a9c79c1/datanode-5/data/ratis] (custom)
2019-09-12 10:53:37,357 [pool-212-thread-1] INFO  storage.RaftStorageDirectory (RaftStorageDirectory.java:analyzeStorage(246)) - The storage directory /workdir/hadoop-ozone/integration-test/target/test-dir/MiniOzoneClusterImpl-0aac579c-f8ad-49ec-a94e-9a436a9c79c1/datanode-5/data/ratis/f98c111e-fadb-437a-8a4f-fb816d82e341 does not exist. Creating ...
2019-09-12 10:53:37,366 [pool-212-thread-1] INFO  storage.RaftStorageDirectory (RaftStorageDirectory.java:tryLock(328)) - Lock on /workdir/hadoop-ozone/integration-test/target/test-dir/MiniOzoneClusterImpl-0aac579c-f8ad-49ec-a94e-9a436a9c79c1/datanode-5/data/ratis/f98c111e-fadb-437a-8a4f-fb816d82e341/in_use.lock acquired by nodename 620@pr-hdds-1569-xtfnx-3545843844
2019-09-12 10:53:37,366 [9c89c98f-dc1b-41da-bccf-9aab26cf5a48:group-634FE7F1DCF5:LeaderElection67] INFO  impl.LeaderElection (LeaderElection.java:askForVotes(181)) - 9c89c98f-dc1b-41da-bccf-9aab26cf5a48:group-634FE7F1DCF5:LeaderElection67: begin an election at term 1 for -1: [9c89c98f-dc1b-41da-bccf-9aab26cf5a48:192.168.157.195:35727], old=null
2019-09-12 10:53:37,367 [9c89c98f-dc1b-41da-bccf-9aab26cf5a48:group-634FE7F1DCF5:LeaderElection67] INFO  impl.RoleInfo (RoleInfo.java:shutdownLeaderElection(134)) - 9c89c98f-dc1b-41da-bccf-9aab26cf5a48: shutdown LeaderElection
2019-09-12 10:53:37,367 [9c89c98f-dc1b-41da-bccf-9aab26cf5a48:group-634FE7F1DCF5:LeaderElection67] INFO  impl.RaftServerImpl (RaftServerImpl.java:setRole(171)) - 9c89c98f-dc1b-41da-bccf-9aab26cf5a48:group-634FE7F1DCF5 changes role from CANDIDATE to LEADER at term 1 for changeToLeader
2019-09-12 10:53:37,367 [9c89c98f-dc1b-41da-bccf-9aab26cf5a48:group-634FE7F1DCF5:LeaderElection67] INFO  impl.RaftServerImpl (ServerState.java:setLeader(263)) - 9c89c98f-dc1b-41da-bccf-9aab26cf5a48:group-634FE7F1DCF5 change Leader from null to 9c89c98f-dc1b-41da-bccf-9aab26cf5a48 at term 1 for becomeLeader, leader elected after 1151ms
2019-09-12 10:53:37,367 [9c89c98f-dc1b-41da-bccf-9aab26cf5a48:group-634FE7F1DCF5:LeaderElection67] INFO  server.RaftServerConfigKeys (ConfUtils.java:logGet(43)) - raft.server.staging.catchup.gap = 1000 (default)
2019-09-12 10:53:37,367 [9c89c98f-dc1b-41da-bccf-9aab26cf5a48:group-634FE7F1DCF5:LeaderElection67] INFO  server.RaftServerConfigKeys (ConfUtils.java:logGet(43)) - raft.server.rpc.sleep.time = 25ms (default)
2019-09-12 10:53:37,367 [9c89c98f-dc1b-41da-bccf-9aab26cf5a48:group-634FE7F1DCF5:LeaderElection67] INFO  server.RaftServerConfigKeys (ConfUtils.java:logGet(43)) - raft.server.write.element-limit = 4096 (default)
2019-09-12 10:53:37,367 [9c89c98f-dc1b-41da-bccf-9aab26cf5a48:group-634FE7F1DCF5:LeaderElection67] INFO  server.RaftServerConfigKeys (ConfUtils.java:logGet(43)) - raft.server.watch.timeout = 10s (default)
2019-09-12 10:53:37,367 [9c89c98f-dc1b-41da-bccf-9aab26cf5a48:group-634FE7F1DCF5:LeaderElection67] INFO  server.RaftServerConfigKeys (ConfUtils.java:logGet(43)) - raft.server.watch.timeout.denomination = 1s (default)
2019-09-12 10:53:37,367 [9c89c98f-dc1b-41da-bccf-9aab26cf5a48:group-634FE7F1DCF5:LeaderElection67] INFO  server.RaftServerConfigKeys (ConfUtils.java:logGet(43)) - raft.server.watch.element-limit = 65536 (default)
2019-09-12 10:53:37,368 [9c89c98f-dc1b-41da-bccf-9aab26cf5a48:group-634FE7F1DCF5:LeaderElection67] INFO  impl.RoleInfo (RoleInfo.java:updateAndGet(143)) - 9c89c98f-dc1b-41da-bccf-9aab26cf5a48: start LeaderState
2019-09-12 10:53:37,368 [9c89c98f-dc1b-41da-bccf-9aab26cf5a48:group-634FE7F1DCF5:LeaderElection67] INFO  segmented.SegmentedRaftLogWorker (SegmentedRaftLogWorker.java:startLogSegment(380)) - 9c89c98f-dc1b-41da-bccf-9aab26cf5a48-SegmentedRaftLogWorker:Storage Directory /workdir/hadoop-ozone/integration-test/target/test-dir/MiniOzoneClusterImpl-0aac579c-f8ad-49ec-a94e-9a436a9c79c1/datanode-0/data/ratis/3dde1139-adb4-4ead-8582-634fe7f1dcf5: Starting segment from index:0
2019-09-12 10:53:37,368 [9c89c98f-dc1b-41da-bccf-9aab26cf5a48:group-634FE7F1DCF5:LeaderElection67] INFO  impl.RaftServerImpl (ServerState.java:setRaftConf(361)) - 9c89c98f-dc1b-41da-bccf-9aab26cf5a48:group-634FE7F1DCF5 set configuration 0: [9c89c98f-dc1b-41da-bccf-9aab26cf5a48:192.168.157.195:35727], old=null at 0
2019-09-12 10:53:37,380 [pool-212-thread-1] INFO  storage.RaftStorage (RaftStorage.java:format(72)) - Storage directory /workdir/hadoop-ozone/integration-test/target/test-dir/MiniOzoneClusterImpl-0aac579c-f8ad-49ec-a94e-9a436a9c79c1/datanode-5/data/ratis/f98c111e-fadb-437a-8a4f-fb816d82e341 has been successfully formatted.
2019-09-12 10:53:37,380 [pool-212-thread-1] INFO  ratis.ContainerStateMachine (ContainerStateMachine.java:loadSnapshot(226)) - group-FB816D82E341: The snapshot info is null. Setting the last applied indexto:(t:0, i:~)
2019-09-12 10:53:37,380 [pool-212-thread-1] INFO  server.RaftServerConfigKeys (ConfUtils.java:logGet(43)) - raft.server.leader.election.timeout = 120s (custom)
2019-09-12 10:53:37,380 [pool-212-thread-1] INFO  server.RaftServerConfigKeys (ConfUtils.java:logGet(43)) - raft.server.log.use.memory = false (default)
2019-09-12 10:53:37,380 [pool-212-thread-1] INFO  server.RaftServerConfigKeys (ConfUtils.java:logGet(43)) - raft.server.log.purge.gap = 1000000 (custom)
2019-09-12 10:53:37,381 [pool-212-thread-1] INFO  server.RaftServerConfigKeys (ConfUtils.java:logGet(43)) - raft.server.log.appender.buffer.byte-limit = 33554432 (custom)
2019-09-12 10:53:37,381 [pool-212-thread-1] INFO  server.RaftServerConfigKeys (ConfUtils.java:logGet(43)) - raft.server.log.segment.size.max = 1048576 (custom)
2019-09-12 10:53:37,381 [pool-212-thread-1] INFO  server.RaftServerConfigKeys (ConfUtils.java:logGet(43)) - raft.server.log.segment.cache.num.max = 2 (custom)
2019-09-12 10:53:37,381 [pool-212-thread-1] INFO  segmented.SegmentedRaftLogWorker (SegmentedRaftLogWorker.java:<init>(172)) - new b65ee1e2-3519-4053-9dbb-47eb940bcefc-SegmentedRaftLogWorker:Storage Directory /workdir/hadoop-ozone/integration-test/target/test-dir/MiniOzoneClusterImpl-0aac579c-f8ad-49ec-a94e-9a436a9c79c1/datanode-5/data/ratis/f98c111e-fadb-437a-8a4f-fb816d82e341 for RaftStorage:Storage Directory /workdir/hadoop-ozone/integration-test/target/test-dir/MiniOzoneClusterImpl-0aac579c-f8ad-49ec-a94e-9a436a9c79c1/datanode-5/data/ratis/f98c111e-fadb-437a-8a4f-fb816d82e341
2019-09-12 10:53:37,381 [pool-212-thread-1] INFO  server.RaftServerConfigKeys (ConfUtils.java:logGet(43)) - raft.server.log.queue.byte-limit = 2147483647 (custom)
2019-09-12 10:53:37,381 [pool-212-thread-1] INFO  server.RaftServerConfigKeys (ConfUtils.java:logGet(43)) - raft.server.log.queue.element-limit = 1024 (custom)
2019-09-12 10:53:37,382 [pool-212-thread-1] INFO  server.RaftServerConfigKeys (ConfUtils.java:logGet(43)) - raft.server.log.segment.size.max = 1048576 (custom)
2019-09-12 10:53:37,382 [pool-212-thread-1] INFO  server.RaftServerConfigKeys (ConfUtils.java:logGet(43)) - raft.server.log.preallocated.size = 16384 (custom)
2019-09-12 10:53:37,382 [pool-212-thread-1] INFO  server.RaftServerConfigKeys (ConfUtils.java:logGet(43)) - raft.server.log.write.buffer.size = 33554432 (custom)
2019-09-12 10:53:37,382 [pool-212-thread-1] INFO  server.RaftServerConfigKeys (ConfUtils.java:logGet(43)) - raft.server.log.force.sync.num = 128 (default)
2019-09-12 10:53:37,382 [pool-212-thread-1] INFO  server.RaftServerConfigKeys (ConfUtils.java:logGet(43)) - raft.server.log.statemachine.data.sync = true (default)
2019-09-12 10:53:37,382 [pool-212-thread-1] INFO  server.RaftServerConfigKeys (ConfUtils.java:logGet(43)) - raft.server.log.statemachine.data.sync.timeout = 10s (default)
2019-09-12 10:53:37,383 [pool-212-thread-1] INFO  server.RaftServerConfigKeys (ConfUtils.java:logGet(43)) - raft.server.log.statemachine.data.sync.timeout.retry = -1 (default)
2019-09-12 10:53:37,383 [pool-212-thread-1] INFO  server.RaftServerConfigKeys (ConfUtils.java:logGet(43)) - raft.server.log.statemachine.data.caching.enabled = true (custom)
2019-09-12 10:53:37,383 [pool-212-thread-1] INFO  segmented.SegmentedRaftLogWorker (SegmentedRaftLogWorker.java:lambda$new$0(132)) - b65ee1e2-3519-4053-9dbb-47eb940bcefc-SegmentedRaftLogWorker:Storage Directory /workdir/hadoop-ozone/integration-test/target/test-dir/MiniOzoneClusterImpl-0aac579c-f8ad-49ec-a94e-9a436a9c79c1/datanode-5/data/ratis/f98c111e-fadb-437a-8a4f-fb816d82e341: flushIndex: setUnconditionally 0 -> -1
2019-09-12 10:53:37,383 [pool-212-thread-1] INFO  server.RaftServerConfigKeys (ConfUtils.java:logGet(43)) - raft.server.snapshot.auto.trigger.enabled = true (custom)
2019-09-12 10:53:37,384 [pool-212-thread-1] INFO  server.RaftServerConfigKeys (ConfUtils.java:logGet(43)) - raft.server.snapshot.auto.trigger.threshold = 10000 (custom)
2019-09-12 10:53:37,384 [pool-212-thread-1] INFO  server.RaftServerConfigKeys (ConfUtils.java:logGet(43)) - raft.server.retrycache.expirytime = 600000ms (custom)
2019-09-12 10:53:37,384 [pool-212-thread-1] INFO  impl.RaftServerImpl (RaftServerImpl.java:start(180)) - b65ee1e2-3519-4053-9dbb-47eb940bcefc: start group-FB816D82E341
2019-09-12 10:53:37,384 [pool-212-thread-1] INFO  impl.RaftServerImpl (RaftServerImpl.java:setRole(171)) - b65ee1e2-3519-4053-9dbb-47eb940bcefc:group-FB816D82E341 changes role from null to FOLLOWER at term 0 for startAsFollower
2019-09-12 10:53:37,384 [pool-212-thread-1] INFO  impl.RoleInfo (RoleInfo.java:updateAndGet(143)) - b65ee1e2-3519-4053-9dbb-47eb940bcefc: start FollowerState
2019-09-12 10:53:37,385 [pool-212-thread-1] INFO  util.JmxRegister (JmxRegister.java:tryRegister(44)) - Successfully registered JMX Bean with object name Ratis:service=RaftServer,group=group-FB816D82E341,id=b65ee1e2-3519-4053-9dbb-47eb940bcefc
2019-09-12 10:53:37,388 [RatisPipelineUtilsThread] INFO  pipeline.PipelineStateManager (PipelineStateManager.java:addPipeline(56)) - Created pipeline Pipeline[ Id: f98c111e-fadb-437a-8a4f-fb816d82e341, Nodes: b65ee1e2-3519-4053-9dbb-47eb940bcefc{ip: 192.168.157.195, host: pr-hdds-1569-xtfnx-3545843844, networkLocation: /default-rack, certSerialId: null}, Type:RATIS, Factor:ONE, State:OPEN]
2019-09-12 10:53:37,388 [RatisPipelineUtilsThread] ERROR pipeline.PipelinePlacementPolicy (PipelinePlacementPolicy.java:meetCriteria(91)) - Pipeline Placement: Doesn't meet the criteria to be viable node. Heaviness: 6
2019-09-12 10:53:37,388 [RatisPipelineUtilsThread] ERROR pipeline.PipelinePlacementPolicy (PipelinePlacementPolicy.java:meetCriteria(91)) - Pipeline Placement: Doesn't meet the criteria to be viable node. Heaviness: 6
2019-09-12 10:53:37,388 [RatisPipelineUtilsThread] ERROR pipeline.PipelinePlacementPolicy (PipelinePlacementPolicy.java:meetCriteria(91)) - Pipeline Placement: Doesn't meet the criteria to be viable node. Heaviness: 6
2019-09-12 10:53:37,388 [RatisPipelineUtilsThread] ERROR pipeline.PipelinePlacementPolicy (PipelinePlacementPolicy.java:meetCriteria(91)) - Pipeline Placement: Doesn't meet the criteria to be viable node. Heaviness: 6
2019-09-12 10:53:37,388 [RatisPipelineUtilsThread] ERROR pipeline.PipelinePlacementPolicy (PipelinePlacementPolicy.java:meetCriteria(91)) - Pipeline Placement: Doesn't meet the criteria to be viable node. Heaviness: 6
2019-09-12 10:53:37,393 [grpc-default-executor-0] INFO  impl.RaftServerProxy (RaftServerProxy.java:addNew(89)) - b65ee1e2-3519-4053-9dbb-47eb940bcefc: addNew group-0BB3A9FECE34:[b65ee1e2-3519-4053-9dbb-47eb940bcefc:192.168.157.195:36009] returns group-0BB3A9FECE34:java.util.concurrent.CompletableFuture@2459ccee[Not completed]
2019-09-12 10:53:37,395 [pool-212-thread-1] INFO  impl.RaftServerImpl (RaftServerImpl.java:<init>(93)) - b65ee1e2-3519-4053-9dbb-47eb940bcefc: new RaftServerImpl for group-0BB3A9FECE34:[b65ee1e2-3519-4053-9dbb-47eb940bcefc:192.168.157.195:36009] with ContainerStateMachine:uninitialized
2019-09-12 10:53:37,395 [pool-212-thread-1] INFO  server.RaftServerConfigKeys (ConfUtils.java:logGet(43)) - raft.server.rpc.timeout.min = 1s (custom)
2019-09-12 10:53:37,395 [pool-212-thread-1] INFO  server.RaftServerConfigKeys (ConfUtils.java:logGet(43)) - raft.server.rpc.timeout.max = 1200ms (custom)
2019-09-12 10:53:37,395 [pool-212-thread-1] INFO  server.RaftServerConfigKeys (ConfUtils.java:logGet(43)) - raft.server.rpcslowness.timeout = 120s (custom)
2019-09-12 10:53:37,395 [pool-212-thread-1] INFO  server.RaftServerConfigKeys (ConfUtils.java:logGet(43)) - raft.server.sleep.deviation.threshold = 300 (default)
2019-09-12 10:53:37,395 [pool-212-thread-1] INFO  server.RaftServerConfigKeys (ConfUtils.java:logGet(43)) - raft.server.log.appender.install.snapshot.enabled = false (custom)
2019-09-12 10:53:37,395 [pool-212-thread-1] INFO  impl.RaftServerImpl (ServerState.java:<init>(105)) - b65ee1e2-3519-4053-9dbb-47eb940bcefc:group-0BB3A9FECE34 ConfigurationManager, init=-1: [b65ee1e2-3519-4053-9dbb-47eb940bcefc:192.168.157.195:36009], old=null, confs=<EMPTY_MAP>
2019-09-12 10:53:37,396 [pool-212-thread-1] INFO  server.RaftServerConfigKeys (ConfUtils.java:logGet(43)) - raft.server.storage.dir = [/workdir/hadoop-ozone/integration-test/target/test-dir/MiniOzoneClusterImpl-0aac579c-f8ad-49ec-a94e-9a436a9c79c1/datanode-5/data/ratis] (custom)
2019-09-12 10:53:37,396 [pool-212-thread-1] INFO  storage.RaftStorageDirectory (RaftStorageDirectory.java:analyzeStorage(246)) - The storage directory /workdir/hadoop-ozone/integration-test/target/test-dir/MiniOzoneClusterImpl-0aac579c-f8ad-49ec-a94e-9a436a9c79c1/datanode-5/data/ratis/03436157-acd9-4d15-a78d-0bb3a9fece34 does not exist. Creating ...
2019-09-12 10:53:37,410 [pool-212-thread-1] INFO  storage.RaftStorageDirectory (RaftStorageDirectory.java:tryLock(328)) - Lock on /workdir/hadoop-ozone/integration-test/target/test-dir/MiniOzoneClusterImpl-0aac579c-f8ad-49ec-a94e-9a436a9c79c1/datanode-5/data/ratis/03436157-acd9-4d15-a78d-0bb3a9fece34/in_use.lock acquired by nodename 620@pr-hdds-1569-xtfnx-3545843844
2019-09-12 10:53:37,410 [9c89c98f-dc1b-41da-bccf-9aab26cf5a48-SegmentedRaftLogWorker:Storage Directory /workdir/hadoop-ozone/integration-test/target/test-dir/MiniOzoneClusterImpl-0aac579c-f8ad-49ec-a94e-9a436a9c79c1/datanode-0/data/ratis/3dde1139-adb4-4ead-8582-634fe7f1dcf5] INFO  segmented.SegmentedRaftLogWorker (SegmentedRaftLogWorker.java:execute(569)) - 9c89c98f-dc1b-41da-bccf-9aab26cf5a48-SegmentedRaftLogWorker:Storage Directory /workdir/hadoop-ozone/integration-test/target/test-dir/MiniOzoneClusterImpl-0aac579c-f8ad-49ec-a94e-9a436a9c79c1/datanode-0/data/ratis/3dde1139-adb4-4ead-8582-634fe7f1dcf5: created new log segment /workdir/hadoop-ozone/integration-test/target/test-dir/MiniOzoneClusterImpl-0aac579c-f8ad-49ec-a94e-9a436a9c79c1/datanode-0/data/ratis/3dde1139-adb4-4ead-8582-634fe7f1dcf5/current/log_inprogress_0
2019-09-12 10:53:37,424 [pool-212-thread-1] INFO  storage.RaftStorage (RaftStorage.java:format(72)) - Storage directory /workdir/hadoop-ozone/integration-test/target/test-dir/MiniOzoneClusterImpl-0aac579c-f8ad-49ec-a94e-9a436a9c79c1/datanode-5/data/ratis/03436157-acd9-4d15-a78d-0bb3a9fece34 has been successfully formatted.
2019-09-12 10:53:37,424 [pool-212-thread-1] INFO  ratis.ContainerStateMachine (ContainerStateMachine.java:loadSnapshot(226)) - group-0BB3A9FECE34: The snapshot info is null. Setting the last applied indexto:(t:0, i:~)
2019-09-12 10:53:37,424 [pool-212-thread-1] INFO  server.RaftServerConfigKeys (ConfUtils.java:logGet(43)) - raft.server.leader.election.timeout = 120s (custom)
2019-09-12 10:53:37,425 [pool-212-thread-1] INFO  server.RaftServerConfigKeys (ConfUtils.java:logGet(43)) - raft.server.log.use.memory = false (default)
2019-09-12 10:53:37,425 [pool-212-thread-1] INFO  server.RaftServerConfigKeys (ConfUtils.java:logGet(43)) - raft.server.log.purge.gap = 1000000 (custom)
2019-09-12 10:53:37,425 [pool-212-thread-1] INFO  server.RaftServerConfigKeys (ConfUtils.java:logGet(43)) - raft.server.log.appender.buffer.byte-limit = 33554432 (custom)
2019-09-12 10:53:37,425 [pool-212-thread-1] INFO  server.RaftServerConfigKeys (ConfUtils.java:logGet(43)) - raft.server.log.segment.size.max = 1048576 (custom)
2019-09-12 10:53:37,425 [pool-212-thread-1] INFO  server.RaftServerConfigKeys (ConfUtils.java:logGet(43)) - raft.server.log.segment.cache.num.max = 2 (custom)
2019-09-12 10:53:37,426 [pool-212-thread-1] INFO  segmented.SegmentedRaftLogWorker (SegmentedRaftLogWorker.java:<init>(172)) - new b65ee1e2-3519-4053-9dbb-47eb940bcefc-SegmentedRaftLogWorker:Storage Directory /workdir/hadoop-ozone/integration-test/target/test-dir/MiniOzoneClusterImpl-0aac579c-f8ad-49ec-a94e-9a436a9c79c1/datanode-5/data/ratis/03436157-acd9-4d15-a78d-0bb3a9fece34 for RaftStorage:Storage Directory /workdir/hadoop-ozone/integration-test/target/test-dir/MiniOzoneClusterImpl-0aac579c-f8ad-49ec-a94e-9a436a9c79c1/datanode-5/data/ratis/03436157-acd9-4d15-a78d-0bb3a9fece34
2019-09-12 10:53:37,426 [pool-212-thread-1] INFO  server.RaftServerConfigKeys (ConfUtils.java:logGet(43)) - raft.server.log.queue.byte-limit = 2147483647 (custom)
2019-09-12 10:53:37,426 [pool-212-thread-1] INFO  server.RaftServerConfigKeys (ConfUtils.java:logGet(43)) - raft.server.log.queue.element-limit = 1024 (custom)
2019-09-12 10:53:37,426 [pool-212-thread-1] INFO  server.RaftServerConfigKeys (ConfUtils.java:logGet(43)) - raft.server.log.segment.size.max = 1048576 (custom)
2019-09-12 10:53:37,427 [pool-212-thread-1] INFO  server.RaftServerConfigKeys (ConfUtils.java:logGet(43)) - raft.server.log.preallocated.size = 16384 (custom)
2019-09-12 10:53:37,427 [pool-212-thread-1] INFO  server.RaftServerConfigKeys (ConfUtils.java:logGet(43)) - raft.server.log.write.buffer.size = 33554432 (custom)
2019-09-12 10:53:37,427 [pool-212-thread-1] INFO  server.RaftServerConfigKeys (ConfUtils.java:logGet(43)) - raft.server.log.force.sync.num = 128 (default)
2019-09-12 10:53:37,427 [pool-212-thread-1] INFO  server.RaftServerConfigKeys (ConfUtils.java:logGet(43)) - raft.server.log.statemachine.data.sync = true (default)
2019-09-12 10:53:37,427 [pool-212-thread-1] INFO  server.RaftServerConfigKeys (ConfUtils.java:logGet(43)) - raft.server.log.statemachine.data.sync.timeout = 10s (default)
2019-09-12 10:53:37,428 [pool-212-thread-1] INFO  server.RaftServerConfigKeys (ConfUtils.java:logGet(43)) - raft.server.log.statemachine.data.sync.timeout.retry = -1 (default)
2019-09-12 10:53:37,428 [pool-212-thread-1] INFO  server.RaftServerConfigKeys (ConfUtils.java:logGet(43)) - raft.server.log.statemachine.data.caching.enabled = true (custom)
2019-09-12 10:53:37,428 [pool-212-thread-1] INFO  segmented.SegmentedRaftLogWorker (SegmentedRaftLogWorker.java:lambda$new$0(132)) - b65ee1e2-3519-4053-9dbb-47eb940bcefc-SegmentedRaftLogWorker:Storage Directory /workdir/hadoop-ozone/integration-test/target/test-dir/MiniOzoneClusterImpl-0aac579c-f8ad-49ec-a94e-9a436a9c79c1/datanode-5/data/ratis/03436157-acd9-4d15-a78d-0bb3a9fece34: flushIndex: setUnconditionally 0 -> -1
2019-09-12 10:53:37,429 [pool-212-thread-1] INFO  server.RaftServerConfigKeys (ConfUtils.java:logGet(43)) - raft.server.snapshot.auto.trigger.enabled = true (custom)
2019-09-12 10:53:37,429 [pool-212-thread-1] INFO  server.RaftServerConfigKeys (ConfUtils.java:logGet(43)) - raft.server.snapshot.auto.trigger.threshold = 10000 (custom)
2019-09-12 10:53:37,429 [pool-212-thread-1] INFO  server.RaftServerConfigKeys (ConfUtils.java:logGet(43)) - raft.server.retrycache.expirytime = 600000ms (custom)
2019-09-12 10:53:37,429 [pool-212-thread-1] INFO  impl.RaftServerImpl (RaftServerImpl.java:start(180)) - b65ee1e2-3519-4053-9dbb-47eb940bcefc: start group-0BB3A9FECE34
2019-09-12 10:53:37,430 [pool-212-thread-1] INFO  impl.RaftServerImpl (RaftServerImpl.java:setRole(171)) - b65ee1e2-3519-4053-9dbb-47eb940bcefc:group-0BB3A9FECE34 changes role from null to FOLLOWER at term 0 for startAsFollower
2019-09-12 10:53:37,430 [pool-212-thread-1] INFO  impl.RoleInfo (RoleInfo.java:updateAndGet(143)) - b65ee1e2-3519-4053-9dbb-47eb940bcefc: start FollowerState
2019-09-12 10:53:37,430 [pool-212-thread-1] INFO  util.JmxRegister (JmxRegister.java:tryRegister(44)) - Successfully registered JMX Bean with object name Ratis:service=RaftServer,group=group-0BB3A9FECE34,id=b65ee1e2-3519-4053-9dbb-47eb940bcefc
2019-09-12 10:53:37,433 [RatisPipelineUtilsThread] INFO  pipeline.PipelineStateManager (PipelineStateManager.java:addPipeline(56)) - Created pipeline Pipeline[ Id: 03436157-acd9-4d15-a78d-0bb3a9fece34, Nodes: b65ee1e2-3519-4053-9dbb-47eb940bcefc{ip: 192.168.157.195, host: pr-hdds-1569-xtfnx-3545843844, networkLocation: /default-rack, certSerialId: null}, Type:RATIS, Factor:ONE, State:OPEN]
2019-09-12 10:53:37,433 [RatisPipelineUtilsThread] ERROR pipeline.PipelinePlacementPolicy (PipelinePlacementPolicy.java:meetCriteria(91)) - Pipeline Placement: Doesn't meet the criteria to be viable node. Heaviness: 6
2019-09-12 10:53:37,434 [RatisPipelineUtilsThread] ERROR pipeline.PipelinePlacementPolicy (PipelinePlacementPolicy.java:meetCriteria(91)) - Pipeline Placement: Doesn't meet the criteria to be viable node. Heaviness: 6
2019-09-12 10:53:37,434 [RatisPipelineUtilsThread] ERROR pipeline.PipelinePlacementPolicy (PipelinePlacementPolicy.java:meetCriteria(91)) - Pipeline Placement: Doesn't meet the criteria to be viable node. Heaviness: 6
2019-09-12 10:53:37,434 [RatisPipelineUtilsThread] ERROR pipeline.PipelinePlacementPolicy (PipelinePlacementPolicy.java:meetCriteria(91)) - Pipeline Placement: Doesn't meet the criteria to be viable node. Heaviness: 6
2019-09-12 10:53:37,434 [RatisPipelineUtilsThread] ERROR pipeline.PipelinePlacementPolicy (PipelinePlacementPolicy.java:meetCriteria(91)) - Pipeline Placement: Doesn't meet the criteria to be viable node. Heaviness: 6
2019-09-12 10:53:37,439 [grpc-default-executor-0] INFO  impl.RaftServerProxy (RaftServerProxy.java:addNew(89)) - b65ee1e2-3519-4053-9dbb-47eb940bcefc: addNew group-D4C30E118A5D:[b65ee1e2-3519-4053-9dbb-47eb940bcefc:192.168.157.195:36009] returns group-D4C30E118A5D:java.util.concurrent.CompletableFuture@5bf68b54[Not completed]
2019-09-12 10:53:37,440 [pool-212-thread-1] INFO  impl.RaftServerImpl (RaftServerImpl.java:<init>(93)) - b65ee1e2-3519-4053-9dbb-47eb940bcefc: new RaftServerImpl for group-D4C30E118A5D:[b65ee1e2-3519-4053-9dbb-47eb940bcefc:192.168.157.195:36009] with ContainerStateMachine:uninitialized
2019-09-12 10:53:37,440 [pool-212-thread-1] INFO  server.RaftServerConfigKeys (ConfUtils.java:logGet(43)) - raft.server.rpc.timeout.min = 1s (custom)
2019-09-12 10:53:37,440 [pool-212-thread-1] INFO  server.RaftServerConfigKeys (ConfUtils.java:logGet(43)) - raft.server.rpc.timeout.max = 1200ms (custom)
2019-09-12 10:53:37,441 [pool-212-thread-1] INFO  server.RaftServerConfigKeys (ConfUtils.java:logGet(43)) - raft.server.rpcslowness.timeout = 120s (custom)
2019-09-12 10:53:37,441 [pool-212-thread-1] INFO  server.RaftServerConfigKeys (ConfUtils.java:logGet(43)) - raft.server.sleep.deviation.threshold = 300 (default)
2019-09-12 10:53:37,441 [pool-212-thread-1] INFO  server.RaftServerConfigKeys (ConfUtils.java:logGet(43)) - raft.server.log.appender.install.snapshot.enabled = false (custom)
2019-09-12 10:53:37,441 [pool-212-thread-1] INFO  impl.RaftServerImpl (ServerState.java:<init>(105)) - b65ee1e2-3519-4053-9dbb-47eb940bcefc:group-D4C30E118A5D ConfigurationManager, init=-1: [b65ee1e2-3519-4053-9dbb-47eb940bcefc:192.168.157.195:36009], old=null, confs=<EMPTY_MAP>
2019-09-12 10:53:37,441 [pool-212-thread-1] INFO  server.RaftServerConfigKeys (ConfUtils.java:logGet(43)) - raft.server.storage.dir = [/workdir/hadoop-ozone/integration-test/target/test-dir/MiniOzoneClusterImpl-0aac579c-f8ad-49ec-a94e-9a436a9c79c1/datanode-5/data/ratis] (custom)
2019-09-12 10:53:37,441 [Thread-827] INFO  impl.FollowerState (FollowerState.java:run(106)) - b36b3368-613a-431f-908a-5edf1c2542ba:group-2571A0FD5541 changes to CANDIDATE, lastRpcTime:1170, electionTimeout:1170ms
2019-09-12 10:53:37,441 [Thread-827] INFO  impl.RoleInfo (RoleInfo.java:shutdownFollowerState(121)) - b36b3368-613a-431f-908a-5edf1c2542ba: shutdown FollowerState
2019-09-12 10:53:37,442 [pool-212-thread-1] INFO  storage.RaftStorageDirectory (RaftStorageDirectory.java:analyzeStorage(246)) - The storage directory /workdir/hadoop-ozone/integration-test/target/test-dir/MiniOzoneClusterImpl-0aac579c-f8ad-49ec-a94e-9a436a9c79c1/datanode-5/data/ratis/8f32cdeb-22dd-4330-84e5-d4c30e118a5d does not exist. Creating ...
2019-09-12 10:53:37,442 [Thread-827] INFO  impl.RaftServerImpl (RaftServerImpl.java:setRole(171)) - b36b3368-613a-431f-908a-5edf1c2542ba:group-2571A0FD5541 changes role from FOLLOWER to CANDIDATE at term 0 for changeToCandidate
2019-09-12 10:53:37,442 [Thread-827] INFO  impl.RoleInfo (RoleInfo.java:updateAndGet(143)) - b36b3368-613a-431f-908a-5edf1c2542ba: start LeaderElection
2019-09-12 10:53:37,455 [pool-212-thread-1] INFO  storage.RaftStorageDirectory (RaftStorageDirectory.java:tryLock(328)) - Lock on /workdir/hadoop-ozone/integration-test/target/test-dir/MiniOzoneClusterImpl-0aac579c-f8ad-49ec-a94e-9a436a9c79c1/datanode-5/data/ratis/8f32cdeb-22dd-4330-84e5-d4c30e118a5d/in_use.lock acquired by nodename 620@pr-hdds-1569-xtfnx-3545843844
2019-09-12 10:53:37,455 [b36b3368-613a-431f-908a-5edf1c2542ba:group-2571A0FD5541:LeaderElection68] INFO  impl.LeaderElection (LeaderElection.java:askForVotes(181)) - b36b3368-613a-431f-908a-5edf1c2542ba:group-2571A0FD5541:LeaderElection68: begin an election at term 1 for -1: [b36b3368-613a-431f-908a-5edf1c2542ba:192.168.157.195:36930], old=null
2019-09-12 10:53:37,456 [b36b3368-613a-431f-908a-5edf1c2542ba:group-2571A0FD5541:LeaderElection68] INFO  impl.RoleInfo (RoleInfo.java:shutdownLeaderElection(134)) - b36b3368-613a-431f-908a-5edf1c2542ba: shutdown LeaderElection
2019-09-12 10:53:37,456 [b36b3368-613a-431f-908a-5edf1c2542ba:group-2571A0FD5541:LeaderElection68] INFO  impl.RaftServerImpl (RaftServerImpl.java:setRole(171)) - b36b3368-613a-431f-908a-5edf1c2542ba:group-2571A0FD5541 changes role from CANDIDATE to LEADER at term 1 for changeToLeader
2019-09-12 10:53:37,456 [b36b3368-613a-431f-908a-5edf1c2542ba:group-2571A0FD5541:LeaderElection68] INFO  impl.RaftServerImpl (ServerState.java:setLeader(263)) - b36b3368-613a-431f-908a-5edf1c2542ba:group-2571A0FD5541 change Leader from null to b36b3368-613a-431f-908a-5edf1c2542ba at term 1 for becomeLeader, leader elected after 1189ms
2019-09-12 10:53:37,456 [b36b3368-613a-431f-908a-5edf1c2542ba:group-2571A0FD5541:LeaderElection68] INFO  server.RaftServerConfigKeys (ConfUtils.java:logGet(43)) - raft.server.staging.catchup.gap = 1000 (default)
2019-09-12 10:53:37,456 [b36b3368-613a-431f-908a-5edf1c2542ba:group-2571A0FD5541:LeaderElection68] INFO  server.RaftServerConfigKeys (ConfUtils.java:logGet(43)) - raft.server.rpc.sleep.time = 25ms (default)
2019-09-12 10:53:37,457 [b36b3368-613a-431f-908a-5edf1c2542ba:group-2571A0FD5541:LeaderElection68] INFO  server.RaftServerConfigKeys (ConfUtils.java:logGet(43)) - raft.server.write.element-limit = 4096 (default)
2019-09-12 10:53:37,457 [b36b3368-613a-431f-908a-5edf1c2542ba:group-2571A0FD5541:LeaderElection68] INFO  server.RaftServerConfigKeys (ConfUtils.java:logGet(43)) - raft.server.watch.timeout = 10s (default)
2019-09-12 10:53:37,457 [b36b3368-613a-431f-908a-5edf1c2542ba:group-2571A0FD5541:LeaderElection68] INFO  server.RaftServerConfigKeys (ConfUtils.java:logGet(43)) - raft.server.watch.timeout.denomination = 1s (default)
2019-09-12 10:53:37,457 [b36b3368-613a-431f-908a-5edf1c2542ba:group-2571A0FD5541:LeaderElection68] INFO  server.RaftServerConfigKeys (ConfUtils.java:logGet(43)) - raft.server.watch.element-limit = 65536 (default)
2019-09-12 10:53:37,457 [b36b3368-613a-431f-908a-5edf1c2542ba:group-2571A0FD5541:LeaderElection68] INFO  impl.RoleInfo (RoleInfo.java:updateAndGet(143)) - b36b3368-613a-431f-908a-5edf1c2542ba: start LeaderState
2019-09-12 10:53:37,458 [b36b3368-613a-431f-908a-5edf1c2542ba:group-2571A0FD5541:LeaderElection68] INFO  segmented.SegmentedRaftLogWorker (SegmentedRaftLogWorker.java:startLogSegment(380)) - b36b3368-613a-431f-908a-5edf1c2542ba-SegmentedRaftLogWorker:Storage Directory /workdir/hadoop-ozone/integration-test/target/test-dir/MiniOzoneClusterImpl-0aac579c-f8ad-49ec-a94e-9a436a9c79c1/datanode-1/data/ratis/5a1bbf62-639b-4068-9bf5-2571a0fd5541: Starting segment from index:0
2019-09-12 10:53:37,458 [b36b3368-613a-431f-908a-5edf1c2542ba:group-2571A0FD5541:LeaderElection68] INFO  impl.RaftServerImpl (ServerState.java:setRaftConf(361)) - b36b3368-613a-431f-908a-5edf1c2542ba:group-2571A0FD5541 set configuration 0: [b36b3368-613a-431f-908a-5edf1c2542ba:192.168.157.195:36930], old=null at 0
2019-09-12 10:53:37,469 [pool-212-thread-1] INFO  storage.RaftStorage (RaftStorage.java:format(72)) - Storage directory /workdir/hadoop-ozone/integration-test/target/test-dir/MiniOzoneClusterImpl-0aac579c-f8ad-49ec-a94e-9a436a9c79c1/datanode-5/data/ratis/8f32cdeb-22dd-4330-84e5-d4c30e118a5d has been successfully formatted.
2019-09-12 10:53:37,470 [pool-212-thread-1] INFO  ratis.ContainerStateMachine (ContainerStateMachine.java:loadSnapshot(226)) - group-D4C30E118A5D: The snapshot info is null. Setting the last applied indexto:(t:0, i:~)
2019-09-12 10:53:37,470 [pool-212-thread-1] INFO  server.RaftServerConfigKeys (ConfUtils.java:logGet(43)) - raft.server.leader.election.timeout = 120s (custom)
2019-09-12 10:53:37,470 [pool-212-thread-1] INFO  server.RaftServerConfigKeys (ConfUtils.java:logGet(43)) - raft.server.log.use.memory = false (default)
2019-09-12 10:53:37,470 [pool-212-thread-1] INFO  server.RaftServerConfigKeys (ConfUtils.java:logGet(43)) - raft.server.log.purge.gap = 1000000 (custom)
2019-09-12 10:53:37,470 [pool-212-thread-1] INFO  server.RaftServerConfigKeys (ConfUtils.java:logGet(43)) - raft.server.log.appender.buffer.byte-limit = 33554432 (custom)
2019-09-12 10:53:37,470 [pool-212-thread-1] INFO  server.RaftServerConfigKeys (ConfUtils.java:logGet(43)) - raft.server.log.segment.size.max = 1048576 (custom)
2019-09-12 10:53:37,471 [pool-212-thread-1] INFO  server.RaftServerConfigKeys (ConfUtils.java:logGet(43)) - raft.server.log.segment.cache.num.max = 2 (custom)
2019-09-12 10:53:37,471 [pool-212-thread-1] INFO  segmented.SegmentedRaftLogWorker (SegmentedRaftLogWorker.java:<init>(172)) - new b65ee1e2-3519-4053-9dbb-47eb940bcefc-SegmentedRaftLogWorker:Storage Directory /workdir/hadoop-ozone/integration-test/target/test-dir/MiniOzoneClusterImpl-0aac579c-f8ad-49ec-a94e-9a436a9c79c1/datanode-5/data/ratis/8f32cdeb-22dd-4330-84e5-d4c30e118a5d for RaftStorage:Storage Directory /workdir/hadoop-ozone/integration-test/target/test-dir/MiniOzoneClusterImpl-0aac579c-f8ad-49ec-a94e-9a436a9c79c1/datanode-5/data/ratis/8f32cdeb-22dd-4330-84e5-d4c30e118a5d
2019-09-12 10:53:37,471 [pool-212-thread-1] INFO  server.RaftServerConfigKeys (ConfUtils.java:logGet(43)) - raft.server.log.queue.byte-limit = 2147483647 (custom)
2019-09-12 10:53:37,471 [pool-212-thread-1] INFO  server.RaftServerConfigKeys (ConfUtils.java:logGet(43)) - raft.server.log.queue.element-limit = 1024 (custom)
2019-09-12 10:53:37,471 [pool-212-thread-1] INFO  server.RaftServerConfigKeys (ConfUtils.java:logGet(43)) - raft.server.log.segment.size.max = 1048576 (custom)
2019-09-12 10:53:37,471 [pool-212-thread-1] INFO  server.RaftServerConfigKeys (ConfUtils.java:logGet(43)) - raft.server.log.preallocated.size = 16384 (custom)
2019-09-12 10:53:37,471 [pool-212-thread-1] INFO  server.RaftServerConfigKeys (ConfUtils.java:logGet(43)) - raft.server.log.write.buffer.size = 33554432 (custom)
2019-09-12 10:53:37,472 [pool-212-thread-1] INFO  server.RaftServerConfigKeys (ConfUtils.java:logGet(43)) - raft.server.log.force.sync.num = 128 (default)
2019-09-12 10:53:37,472 [pool-212-thread-1] INFO  server.RaftServerConfigKeys (ConfUtils.java:logGet(43)) - raft.server.log.statemachine.data.sync = true (default)
2019-09-12 10:53:37,472 [pool-212-thread-1] INFO  server.RaftServerConfigKeys (ConfUtils.java:logGet(43)) - raft.server.log.statemachine.data.sync.timeout = 10s (default)
2019-09-12 10:53:37,472 [pool-212-thread-1] INFO  server.RaftServerConfigKeys (ConfUtils.java:logGet(43)) - raft.server.log.statemachine.data.sync.timeout.retry = -1 (default)
2019-09-12 10:53:37,472 [Thread-836] INFO  impl.FollowerState (FollowerState.java:run(106)) - b36b3368-613a-431f-908a-5edf1c2542ba:group-84A99CE28BDE changes to CANDIDATE, lastRpcTime:1078, electionTimeout:1078ms
2019-09-12 10:53:37,472 [pool-212-thread-1] INFO  server.RaftServerConfigKeys (ConfUtils.java:logGet(43)) - raft.server.log.statemachine.data.caching.enabled = true (custom)
2019-09-12 10:53:37,472 [Thread-836] INFO  impl.RoleInfo (RoleInfo.java:shutdownFollowerState(121)) - b36b3368-613a-431f-908a-5edf1c2542ba: shutdown FollowerState
2019-09-12 10:53:37,472 [Thread-836] INFO  impl.RaftServerImpl (RaftServerImpl.java:setRole(171)) - b36b3368-613a-431f-908a-5edf1c2542ba:group-84A99CE28BDE changes role from FOLLOWER to CANDIDATE at term 0 for changeToCandidate
2019-09-12 10:53:37,473 [pool-212-thread-1] INFO  segmented.SegmentedRaftLogWorker (SegmentedRaftLogWorker.java:lambda$new$0(132)) - b65ee1e2-3519-4053-9dbb-47eb940bcefc-SegmentedRaftLogWorker:Storage Directory /workdir/hadoop-ozone/integration-test/target/test-dir/MiniOzoneClusterImpl-0aac579c-f8ad-49ec-a94e-9a436a9c79c1/datanode-5/data/ratis/8f32cdeb-22dd-4330-84e5-d4c30e118a5d: flushIndex: setUnconditionally 0 -> -1
2019-09-12 10:53:37,473 [Thread-836] INFO  impl.RoleInfo (RoleInfo.java:updateAndGet(143)) - b36b3368-613a-431f-908a-5edf1c2542ba: start LeaderElection
2019-09-12 10:53:37,473 [pool-212-thread-1] INFO  server.RaftServerConfigKeys (ConfUtils.java:logGet(43)) - raft.server.snapshot.auto.trigger.enabled = true (custom)
2019-09-12 10:53:37,473 [pool-212-thread-1] INFO  server.RaftServerConfigKeys (ConfUtils.java:logGet(43)) - raft.server.snapshot.auto.trigger.threshold = 10000 (custom)
2019-09-12 10:53:37,473 [pool-212-thread-1] INFO  server.RaftServerConfigKeys (ConfUtils.java:logGet(43)) - raft.server.retrycache.expirytime = 600000ms (custom)
2019-09-12 10:53:37,473 [pool-212-thread-1] INFO  impl.RaftServerImpl (RaftServerImpl.java:start(180)) - b65ee1e2-3519-4053-9dbb-47eb940bcefc: start group-D4C30E118A5D
2019-09-12 10:53:37,473 [pool-212-thread-1] INFO  impl.RaftServerImpl (RaftServerImpl.java:setRole(171)) - b65ee1e2-3519-4053-9dbb-47eb940bcefc:group-D4C30E118A5D changes role from null to FOLLOWER at term 0 for startAsFollower
2019-09-12 10:53:37,474 [pool-212-thread-1] INFO  impl.RoleInfo (RoleInfo.java:updateAndGet(143)) - b65ee1e2-3519-4053-9dbb-47eb940bcefc: start FollowerState
2019-09-12 10:53:37,474 [pool-212-thread-1] INFO  util.JmxRegister (JmxRegister.java:tryRegister(44)) - Successfully registered JMX Bean with object name Ratis:service=RaftServer,group=group-D4C30E118A5D,id=b65ee1e2-3519-4053-9dbb-47eb940bcefc
2019-09-12 10:53:37,476 [RatisPipelineUtilsThread] INFO  pipeline.PipelineStateManager (PipelineStateManager.java:addPipeline(56)) - Created pipeline Pipeline[ Id: 8f32cdeb-22dd-4330-84e5-d4c30e118a5d, Nodes: b65ee1e2-3519-4053-9dbb-47eb940bcefc{ip: 192.168.157.195, host: pr-hdds-1569-xtfnx-3545843844, networkLocation: /default-rack, certSerialId: null}, Type:RATIS, Factor:ONE, State:OPEN]
2019-09-12 10:53:37,477 [RatisPipelineUtilsThread] ERROR pipeline.PipelinePlacementPolicy (PipelinePlacementPolicy.java:meetCriteria(91)) - Pipeline Placement: Doesn't meet the criteria to be viable node. Heaviness: 6
2019-09-12 10:53:37,477 [RatisPipelineUtilsThread] ERROR pipeline.PipelinePlacementPolicy (PipelinePlacementPolicy.java:meetCriteria(91)) - Pipeline Placement: Doesn't meet the criteria to be viable node. Heaviness: 6
2019-09-12 10:53:37,477 [RatisPipelineUtilsThread] ERROR pipeline.PipelinePlacementPolicy (PipelinePlacementPolicy.java:meetCriteria(91)) - Pipeline Placement: Doesn't meet the criteria to be viable node. Heaviness: 6
2019-09-12 10:53:37,477 [RatisPipelineUtilsThread] ERROR pipeline.PipelinePlacementPolicy (PipelinePlacementPolicy.java:meetCriteria(91)) - Pipeline Placement: Doesn't meet the criteria to be viable node. Heaviness: 6
2019-09-12 10:53:37,477 [RatisPipelineUtilsThread] ERROR pipeline.PipelinePlacementPolicy (PipelinePlacementPolicy.java:meetCriteria(91)) - Pipeline Placement: Doesn't meet the criteria to be viable node. Heaviness: 6
2019-09-12 10:53:37,482 [grpc-default-executor-0] INFO  impl.RaftServerProxy (RaftServerProxy.java:addNew(89)) - b65ee1e2-3519-4053-9dbb-47eb940bcefc: addNew group-2F671244D33C:[b65ee1e2-3519-4053-9dbb-47eb940bcefc:192.168.157.195:36009] returns group-2F671244D33C:java.util.concurrent.CompletableFuture@712c550e[Not completed]
2019-09-12 10:53:37,483 [pool-212-thread-1] INFO  impl.RaftServerImpl (RaftServerImpl.java:<init>(93)) - b65ee1e2-3519-4053-9dbb-47eb940bcefc: new RaftServerImpl for group-2F671244D33C:[b65ee1e2-3519-4053-9dbb-47eb940bcefc:192.168.157.195:36009] with ContainerStateMachine:uninitialized
2019-09-12 10:53:37,483 [pool-212-thread-1] INFO  server.RaftServerConfigKeys (ConfUtils.java:logGet(43)) - raft.server.rpc.timeout.min = 1s (custom)
2019-09-12 10:53:37,483 [pool-212-thread-1] INFO  server.RaftServerConfigKeys (ConfUtils.java:logGet(43)) - raft.server.rpc.timeout.max = 1200ms (custom)
2019-09-12 10:53:37,483 [pool-212-thread-1] INFO  server.RaftServerConfigKeys (ConfUtils.java:logGet(43)) - raft.server.rpcslowness.timeout = 120s (custom)
2019-09-12 10:53:37,483 [pool-212-thread-1] INFO  server.RaftServerConfigKeys (ConfUtils.java:logGet(43)) - raft.server.sleep.deviation.threshold = 300 (default)
2019-09-12 10:53:37,483 [pool-212-thread-1] INFO  server.RaftServerConfigKeys (ConfUtils.java:logGet(43)) - raft.server.log.appender.install.snapshot.enabled = false (custom)
2019-09-12 10:53:37,483 [pool-212-thread-1] INFO  impl.RaftServerImpl (ServerState.java:<init>(105)) - b65ee1e2-3519-4053-9dbb-47eb940bcefc:group-2F671244D33C ConfigurationManager, init=-1: [b65ee1e2-3519-4053-9dbb-47eb940bcefc:192.168.157.195:36009], old=null, confs=<EMPTY_MAP>
2019-09-12 10:53:37,484 [pool-212-thread-1] INFO  server.RaftServerConfigKeys (ConfUtils.java:logGet(43)) - raft.server.storage.dir = [/workdir/hadoop-ozone/integration-test/target/test-dir/MiniOzoneClusterImpl-0aac579c-f8ad-49ec-a94e-9a436a9c79c1/datanode-5/data/ratis] (custom)
2019-09-12 10:53:37,484 [pool-212-thread-1] INFO  storage.RaftStorageDirectory (RaftStorageDirectory.java:analyzeStorage(246)) - The storage directory /workdir/hadoop-ozone/integration-test/target/test-dir/MiniOzoneClusterImpl-0aac579c-f8ad-49ec-a94e-9a436a9c79c1/datanode-5/data/ratis/27c98c20-92f2-4cc8-91dc-2f671244d33c does not exist. Creating ...
2019-09-12 10:53:37,493 [pool-212-thread-1] INFO  storage.RaftStorageDirectory (RaftStorageDirectory.java:tryLock(328)) - Lock on /workdir/hadoop-ozone/integration-test/target/test-dir/MiniOzoneClusterImpl-0aac579c-f8ad-49ec-a94e-9a436a9c79c1/datanode-5/data/ratis/27c98c20-92f2-4cc8-91dc-2f671244d33c/in_use.lock acquired by nodename 620@pr-hdds-1569-xtfnx-3545843844
2019-09-12 10:53:37,493 [b36b3368-613a-431f-908a-5edf1c2542ba:group-84A99CE28BDE:LeaderElection69] INFO  impl.LeaderElection (LeaderElection.java:askForVotes(181)) - b36b3368-613a-431f-908a-5edf1c2542ba:group-84A99CE28BDE:LeaderElection69: begin an election at term 1 for -1: [b36b3368-613a-431f-908a-5edf1c2542ba:192.168.157.195:36930], old=null
2019-09-12 10:53:37,493 [b36b3368-613a-431f-908a-5edf1c2542ba:group-84A99CE28BDE:LeaderElection69] INFO  impl.RoleInfo (RoleInfo.java:shutdownLeaderElection(134)) - b36b3368-613a-431f-908a-5edf1c2542ba: shutdown LeaderElection
2019-09-12 10:53:37,494 [b36b3368-613a-431f-908a-5edf1c2542ba:group-84A99CE28BDE:LeaderElection69] INFO  impl.RaftServerImpl (RaftServerImpl.java:setRole(171)) - b36b3368-613a-431f-908a-5edf1c2542ba:group-84A99CE28BDE changes role from CANDIDATE to LEADER at term 1 for changeToLeader
2019-09-12 10:53:37,494 [b36b3368-613a-431f-908a-5edf1c2542ba:group-84A99CE28BDE:LeaderElection69] INFO  impl.RaftServerImpl (ServerState.java:setLeader(263)) - b36b3368-613a-431f-908a-5edf1c2542ba:group-84A99CE28BDE change Leader from null to b36b3368-613a-431f-908a-5edf1c2542ba at term 1 for becomeLeader, leader elected after 1104ms
2019-09-12 10:53:37,494 [b36b3368-613a-431f-908a-5edf1c2542ba:group-84A99CE28BDE:LeaderElection69] INFO  server.RaftServerConfigKeys (ConfUtils.java:logGet(43)) - raft.server.staging.catchup.gap = 1000 (default)
2019-09-12 10:53:37,494 [b36b3368-613a-431f-908a-5edf1c2542ba:group-84A99CE28BDE:LeaderElection69] INFO  server.RaftServerConfigKeys (ConfUtils.java:logGet(43)) - raft.server.rpc.sleep.time = 25ms (default)
2019-09-12 10:53:37,494 [b36b3368-613a-431f-908a-5edf1c2542ba:group-84A99CE28BDE:LeaderElection69] INFO  server.RaftServerConfigKeys (ConfUtils.java:logGet(43)) - raft.server.write.element-limit = 4096 (default)
2019-09-12 10:53:37,495 [b36b3368-613a-431f-908a-5edf1c2542ba:group-84A99CE28BDE:LeaderElection69] INFO  server.RaftServerConfigKeys (ConfUtils.java:logGet(43)) - raft.server.watch.timeout = 10s (default)
2019-09-12 10:53:37,495 [b36b3368-613a-431f-908a-5edf1c2542ba:group-84A99CE28BDE:LeaderElection69] INFO  server.RaftServerConfigKeys (ConfUtils.java:logGet(43)) - raft.server.watch.timeout.denomination = 1s (default)
2019-09-12 10:53:37,495 [b36b3368-613a-431f-908a-5edf1c2542ba:group-84A99CE28BDE:LeaderElection69] INFO  server.RaftServerConfigKeys (ConfUtils.java:logGet(43)) - raft.server.watch.element-limit = 65536 (default)
2019-09-12 10:53:37,495 [b36b3368-613a-431f-908a-5edf1c2542ba-SegmentedRaftLogWorker:Storage Directory /workdir/hadoop-ozone/integration-test/target/test-dir/MiniOzoneClusterImpl-0aac579c-f8ad-49ec-a94e-9a436a9c79c1/datanode-1/data/ratis/5a1bbf62-639b-4068-9bf5-2571a0fd5541] INFO  segmented.SegmentedRaftLogWorker (SegmentedRaftLogWorker.java:execute(569)) - b36b3368-613a-431f-908a-5edf1c2542ba-SegmentedRaftLogWorker:Storage Directory /workdir/hadoop-ozone/integration-test/target/test-dir/MiniOzoneClusterImpl-0aac579c-f8ad-49ec-a94e-9a436a9c79c1/datanode-1/data/ratis/5a1bbf62-639b-4068-9bf5-2571a0fd5541: created new log segment /workdir/hadoop-ozone/integration-test/target/test-dir/MiniOzoneClusterImpl-0aac579c-f8ad-49ec-a94e-9a436a9c79c1/datanode-1/data/ratis/5a1bbf62-639b-4068-9bf5-2571a0fd5541/current/log_inprogress_0
2019-09-12 10:53:37,495 [b36b3368-613a-431f-908a-5edf1c2542ba:group-84A99CE28BDE:LeaderElection69] INFO  impl.RoleInfo (RoleInfo.java:updateAndGet(143)) - b36b3368-613a-431f-908a-5edf1c2542ba: start LeaderState
2019-09-12 10:53:37,496 [b36b3368-613a-431f-908a-5edf1c2542ba:group-84A99CE28BDE:LeaderElection69] INFO  segmented.SegmentedRaftLogWorker (SegmentedRaftLogWorker.java:startLogSegment(380)) - b36b3368-613a-431f-908a-5edf1c2542ba-SegmentedRaftLogWorker:Storage Directory /workdir/hadoop-ozone/integration-test/target/test-dir/MiniOzoneClusterImpl-0aac579c-f8ad-49ec-a94e-9a436a9c79c1/datanode-1/data/ratis/8d74b592-26d6-4254-96f8-84a99ce28bde: Starting segment from index:0
2019-09-12 10:53:37,496 [b36b3368-613a-431f-908a-5edf1c2542ba:group-84A99CE28BDE:LeaderElection69] INFO  impl.RaftServerImpl (ServerState.java:setRaftConf(361)) - b36b3368-613a-431f-908a-5edf1c2542ba:group-84A99CE28BDE set configuration 0: [b36b3368-613a-431f-908a-5edf1c2542ba:192.168.157.195:36930], old=null at 0
2019-09-12 10:53:37,498 [pool-212-thread-1] INFO  storage.RaftStorage (RaftStorage.java:format(72)) - Storage directory /workdir/hadoop-ozone/integration-test/target/test-dir/MiniOzoneClusterImpl-0aac579c-f8ad-49ec-a94e-9a436a9c79c1/datanode-5/data/ratis/27c98c20-92f2-4cc8-91dc-2f671244d33c has been successfully formatted.
2019-09-12 10:53:37,498 [pool-212-thread-1] INFO  ratis.ContainerStateMachine (ContainerStateMachine.java:loadSnapshot(226)) - group-2F671244D33C: The snapshot info is null. Setting the last applied indexto:(t:0, i:~)
2019-09-12 10:53:37,498 [pool-212-thread-1] INFO  server.RaftServerConfigKeys (ConfUtils.java:logGet(43)) - raft.server.leader.election.timeout = 120s (custom)
2019-09-12 10:53:37,499 [pool-212-thread-1] INFO  server.RaftServerConfigKeys (ConfUtils.java:logGet(43)) - raft.server.log.use.memory = false (default)
2019-09-12 10:53:37,499 [pool-212-thread-1] INFO  server.RaftServerConfigKeys (ConfUtils.java:logGet(43)) - raft.server.log.purge.gap = 1000000 (custom)
2019-09-12 10:53:37,499 [pool-212-thread-1] INFO  server.RaftServerConfigKeys (ConfUtils.java:logGet(43)) - raft.server.log.appender.buffer.byte-limit = 33554432 (custom)
2019-09-12 10:53:37,499 [pool-212-thread-1] INFO  server.RaftServerConfigKeys (ConfUtils.java:logGet(43)) - raft.server.log.segment.size.max = 1048576 (custom)
2019-09-12 10:53:37,499 [pool-212-thread-1] INFO  server.RaftServerConfigKeys (ConfUtils.java:logGet(43)) - raft.server.log.segment.cache.num.max = 2 (custom)
2019-09-12 10:53:37,499 [pool-212-thread-1] INFO  segmented.SegmentedRaftLogWorker (SegmentedRaftLogWorker.java:<init>(172)) - new b65ee1e2-3519-4053-9dbb-47eb940bcefc-SegmentedRaftLogWorker:Storage Directory /workdir/hadoop-ozone/integration-test/target/test-dir/MiniOzoneClusterImpl-0aac579c-f8ad-49ec-a94e-9a436a9c79c1/datanode-5/data/ratis/27c98c20-92f2-4cc8-91dc-2f671244d33c for RaftStorage:Storage Directory /workdir/hadoop-ozone/integration-test/target/test-dir/MiniOzoneClusterImpl-0aac579c-f8ad-49ec-a94e-9a436a9c79c1/datanode-5/data/ratis/27c98c20-92f2-4cc8-91dc-2f671244d33c
2019-09-12 10:53:37,499 [pool-212-thread-1] INFO  server.RaftServerConfigKeys (ConfUtils.java:logGet(43)) - raft.server.log.queue.byte-limit = 2147483647 (custom)
2019-09-12 10:53:37,499 [Thread-842] INFO  impl.FollowerState (FollowerState.java:run(106)) - b36b3368-613a-431f-908a-5edf1c2542ba:group-DA2522A7F7A7 changes to CANDIDATE, lastRpcTime:1008, electionTimeout:1008ms
2019-09-12 10:53:37,499 [pool-212-thread-1] INFO  server.RaftServerConfigKeys (ConfUtils.java:logGet(43)) - raft.server.log.queue.element-limit = 1024 (custom)
2019-09-12 10:53:37,499 [Thread-842] INFO  impl.RoleInfo (RoleInfo.java:shutdownFollowerState(121)) - b36b3368-613a-431f-908a-5edf1c2542ba: shutdown FollowerState
2019-09-12 10:53:37,500 [pool-212-thread-1] INFO  server.RaftServerConfigKeys (ConfUtils.java:logGet(43)) - raft.server.log.segment.size.max = 1048576 (custom)
2019-09-12 10:53:37,500 [Thread-842] INFO  impl.RaftServerImpl (RaftServerImpl.java:setRole(171)) - b36b3368-613a-431f-908a-5edf1c2542ba:group-DA2522A7F7A7 changes role from FOLLOWER to CANDIDATE at term 0 for changeToCandidate
2019-09-12 10:53:37,500 [pool-212-thread-1] INFO  server.RaftServerConfigKeys (ConfUtils.java:logGet(43)) - raft.server.log.preallocated.size = 16384 (custom)
2019-09-12 10:53:37,500 [Thread-842] INFO  impl.RoleInfo (RoleInfo.java:updateAndGet(143)) - b36b3368-613a-431f-908a-5edf1c2542ba: start LeaderElection
2019-09-12 10:53:37,500 [pool-212-thread-1] INFO  server.RaftServerConfigKeys (ConfUtils.java:logGet(43)) - raft.server.log.write.buffer.size = 33554432 (custom)
2019-09-12 10:53:37,501 [pool-212-thread-1] INFO  server.RaftServerConfigKeys (ConfUtils.java:logGet(43)) - raft.server.log.force.sync.num = 128 (default)
2019-09-12 10:53:37,501 [pool-212-thread-1] INFO  server.RaftServerConfigKeys (ConfUtils.java:logGet(43)) - raft.server.log.statemachine.data.sync = true (default)
2019-09-12 10:53:37,501 [pool-212-thread-1] INFO  server.RaftServerConfigKeys (ConfUtils.java:logGet(43)) - raft.server.log.statemachine.data.sync.timeout = 10s (default)
2019-09-12 10:53:37,501 [pool-212-thread-1] INFO  server.RaftServerConfigKeys (ConfUtils.java:logGet(43)) - raft.server.log.statemachine.data.sync.timeout.retry = -1 (default)
2019-09-12 10:53:37,501 [pool-212-thread-1] INFO  server.RaftServerConfigKeys (ConfUtils.java:logGet(43)) - raft.server.log.statemachine.data.caching.enabled = true (custom)
2019-09-12 10:53:37,502 [pool-212-thread-1] INFO  segmented.SegmentedRaftLogWorker (SegmentedRaftLogWorker.java:lambda$new$0(132)) - b65ee1e2-3519-4053-9dbb-47eb940bcefc-SegmentedRaftLogWorker:Storage Directory /workdir/hadoop-ozone/integration-test/target/test-dir/MiniOzoneClusterImpl-0aac579c-f8ad-49ec-a94e-9a436a9c79c1/datanode-5/data/ratis/27c98c20-92f2-4cc8-91dc-2f671244d33c: flushIndex: setUnconditionally 0 -> -1
2019-09-12 10:53:37,502 [pool-212-thread-1] INFO  server.RaftServerConfigKeys (ConfUtils.java:logGet(43)) - raft.server.snapshot.auto.trigger.enabled = true (custom)
2019-09-12 10:53:37,503 [pool-212-thread-1] INFO  server.RaftServerConfigKeys (ConfUtils.java:logGet(43)) - raft.server.snapshot.auto.trigger.threshold = 10000 (custom)
2019-09-12 10:53:37,503 [pool-212-thread-1] INFO  server.RaftServerConfigKeys (ConfUtils.java:logGet(43)) - raft.server.retrycache.expirytime = 600000ms (custom)
2019-09-12 10:53:37,503 [pool-212-thread-1] INFO  impl.RaftServerImpl (RaftServerImpl.java:start(180)) - b65ee1e2-3519-4053-9dbb-47eb940bcefc: start group-2F671244D33C
2019-09-12 10:53:37,503 [pool-212-thread-1] INFO  impl.RaftServerImpl (RaftServerImpl.java:setRole(171)) - b65ee1e2-3519-4053-9dbb-47eb940bcefc:group-2F671244D33C changes role from null to FOLLOWER at term 0 for startAsFollower
2019-09-12 10:53:37,503 [pool-212-thread-1] INFO  impl.RoleInfo (RoleInfo.java:updateAndGet(143)) - b65ee1e2-3519-4053-9dbb-47eb940bcefc: start FollowerState
2019-09-12 10:53:37,503 [pool-212-thread-1] INFO  util.JmxRegister (JmxRegister.java:tryRegister(44)) - Successfully registered JMX Bean with object name Ratis:service=RaftServer,group=group-2F671244D33C,id=b65ee1e2-3519-4053-9dbb-47eb940bcefc
2019-09-12 10:53:37,506 [RatisPipelineUtilsThread] INFO  pipeline.PipelineStateManager (PipelineStateManager.java:addPipeline(56)) - Created pipeline Pipeline[ Id: 27c98c20-92f2-4cc8-91dc-2f671244d33c, Nodes: b65ee1e2-3519-4053-9dbb-47eb940bcefc{ip: 192.168.157.195, host: pr-hdds-1569-xtfnx-3545843844, networkLocation: /default-rack, certSerialId: null}, Type:RATIS, Factor:ONE, State:OPEN]
2019-09-12 10:53:37,506 [RatisPipelineUtilsThread] ERROR pipeline.PipelinePlacementPolicy (PipelinePlacementPolicy.java:meetCriteria(91)) - Pipeline Placement: Doesn't meet the criteria to be viable node. Heaviness: 6
2019-09-12 10:53:37,507 [RatisPipelineUtilsThread] ERROR pipeline.PipelinePlacementPolicy (PipelinePlacementPolicy.java:meetCriteria(91)) - Pipeline Placement: Doesn't meet the criteria to be viable node. Heaviness: 6
2019-09-12 10:53:37,507 [RatisPipelineUtilsThread] ERROR pipeline.PipelinePlacementPolicy (PipelinePlacementPolicy.java:meetCriteria(91)) - Pipeline Placement: Doesn't meet the criteria to be viable node. Heaviness: 6
2019-09-12 10:53:37,507 [RatisPipelineUtilsThread] ERROR pipeline.PipelinePlacementPolicy (PipelinePlacementPolicy.java:meetCriteria(91)) - Pipeline Placement: Doesn't meet the criteria to be viable node. Heaviness: 6
2019-09-12 10:53:37,507 [RatisPipelineUtilsThread] ERROR pipeline.PipelinePlacementPolicy (PipelinePlacementPolicy.java:meetCriteria(91)) - Pipeline Placement: Doesn't meet the criteria to be viable node. Heaviness: 6
2019-09-12 10:53:37,509 [Thread-839] INFO  impl.FollowerState (FollowerState.java:run(106)) - 4e79f251-f4f2-46d8-98e5-a0ed6d578d1f:group-93BEEDFA61D9 changes to CANDIDATE, lastRpcTime:1070, electionTimeout:1070ms
2019-09-12 10:53:37,509 [Thread-839] INFO  impl.RoleInfo (RoleInfo.java:shutdownFollowerState(121)) - 4e79f251-f4f2-46d8-98e5-a0ed6d578d1f: shutdown FollowerState
2019-09-12 10:53:37,509 [Thread-839] INFO  impl.RaftServerImpl (RaftServerImpl.java:setRole(171)) - 4e79f251-f4f2-46d8-98e5-a0ed6d578d1f:group-93BEEDFA61D9 changes role from FOLLOWER to CANDIDATE at term 0 for changeToCandidate
2019-09-12 10:53:37,509 [Thread-839] INFO  impl.RoleInfo (RoleInfo.java:updateAndGet(143)) - 4e79f251-f4f2-46d8-98e5-a0ed6d578d1f: start LeaderElection
2019-09-12 10:53:37,512 [grpc-default-executor-0] INFO  impl.RaftServerProxy (RaftServerProxy.java:addNew(89)) - b65ee1e2-3519-4053-9dbb-47eb940bcefc: addNew group-5BF48FDF829C:[b65ee1e2-3519-4053-9dbb-47eb940bcefc:192.168.157.195:36009] returns group-5BF48FDF829C:java.util.concurrent.CompletableFuture@644ea863[Not completed]
2019-09-12 10:53:37,513 [Thread-830] INFO  impl.FollowerState (FollowerState.java:run(106)) - b36b3368-613a-431f-908a-5edf1c2542ba:group-53DF5CF68B2B changes to CANDIDATE, lastRpcTime:1200, electionTimeout:1200ms
2019-09-12 10:53:37,513 [Thread-830] INFO  impl.RoleInfo (RoleInfo.java:shutdownFollowerState(121)) - b36b3368-613a-431f-908a-5edf1c2542ba: shutdown FollowerState
2019-09-12 10:53:37,513 [Thread-830] INFO  impl.RaftServerImpl (RaftServerImpl.java:setRole(171)) - b36b3368-613a-431f-908a-5edf1c2542ba:group-53DF5CF68B2B changes role from FOLLOWER to CANDIDATE at term 0 for changeToCandidate
2019-09-12 10:53:37,513 [Thread-830] INFO  impl.RoleInfo (RoleInfo.java:updateAndGet(143)) - b36b3368-613a-431f-908a-5edf1c2542ba: start LeaderElection
2019-09-12 10:53:37,513 [pool-212-thread-1] INFO  impl.RaftServerImpl (RaftServerImpl.java:<init>(93)) - b65ee1e2-3519-4053-9dbb-47eb940bcefc: new RaftServerImpl for group-5BF48FDF829C:[b65ee1e2-3519-4053-9dbb-47eb940bcefc:192.168.157.195:36009] with ContainerStateMachine:uninitialized
2019-09-12 10:53:37,513 [pool-212-thread-1] INFO  server.RaftServerConfigKeys (ConfUtils.java:logGet(43)) - raft.server.rpc.timeout.min = 1s (custom)
2019-09-12 10:53:37,513 [pool-212-thread-1] INFO  server.RaftServerConfigKeys (ConfUtils.java:logGet(43)) - raft.server.rpc.timeout.max = 1200ms (custom)
2019-09-12 10:53:37,514 [pool-212-thread-1] INFO  server.RaftServerConfigKeys (ConfUtils.java:logGet(43)) - raft.server.rpcslowness.timeout = 120s (custom)
2019-09-12 10:53:37,514 [pool-212-thread-1] INFO  server.RaftServerConfigKeys (ConfUtils.java:logGet(43)) - raft.server.sleep.deviation.threshold = 300 (default)
2019-09-12 10:53:37,514 [pool-212-thread-1] INFO  server.RaftServerConfigKeys (ConfUtils.java:logGet(43)) - raft.server.log.appender.install.snapshot.enabled = false (custom)
2019-09-12 10:53:37,514 [pool-212-thread-1] INFO  impl.RaftServerImpl (ServerState.java:<init>(105)) - b65ee1e2-3519-4053-9dbb-47eb940bcefc:group-5BF48FDF829C ConfigurationManager, init=-1: [b65ee1e2-3519-4053-9dbb-47eb940bcefc:192.168.157.195:36009], old=null, confs=<EMPTY_MAP>
2019-09-12 10:53:37,514 [pool-212-thread-1] INFO  server.RaftServerConfigKeys (ConfUtils.java:logGet(43)) - raft.server.storage.dir = [/workdir/hadoop-ozone/integration-test/target/test-dir/MiniOzoneClusterImpl-0aac579c-f8ad-49ec-a94e-9a436a9c79c1/datanode-5/data/ratis] (custom)
2019-09-12 10:53:37,514 [pool-212-thread-1] INFO  storage.RaftStorageDirectory (RaftStorageDirectory.java:analyzeStorage(246)) - The storage directory /workdir/hadoop-ozone/integration-test/target/test-dir/MiniOzoneClusterImpl-0aac579c-f8ad-49ec-a94e-9a436a9c79c1/datanode-5/data/ratis/93687691-f738-41d3-b27a-5bf48fdf829c does not exist. Creating ...
2019-09-12 10:53:37,523 [b36b3368-613a-431f-908a-5edf1c2542ba:group-DA2522A7F7A7:LeaderElection70] INFO  impl.LeaderElection (LeaderElection.java:askForVotes(181)) - b36b3368-613a-431f-908a-5edf1c2542ba:group-DA2522A7F7A7:LeaderElection70: begin an election at term 1 for -1: [b36b3368-613a-431f-908a-5edf1c2542ba:192.168.157.195:36930], old=null
2019-09-12 10:53:37,523 [b36b3368-613a-431f-908a-5edf1c2542ba:group-DA2522A7F7A7:LeaderElection70] INFO  impl.RoleInfo (RoleInfo.java:shutdownLeaderElection(134)) - b36b3368-613a-431f-908a-5edf1c2542ba: shutdown LeaderElection
2019-09-12 10:53:37,523 [b36b3368-613a-431f-908a-5edf1c2542ba:group-DA2522A7F7A7:LeaderElection70] INFO  impl.RaftServerImpl (RaftServerImpl.java:setRole(171)) - b36b3368-613a-431f-908a-5edf1c2542ba:group-DA2522A7F7A7 changes role from CANDIDATE to LEADER at term 1 for changeToLeader
2019-09-12 10:53:37,523 [b36b3368-613a-431f-908a-5edf1c2542ba:group-DA2522A7F7A7:LeaderElection70] INFO  impl.RaftServerImpl (ServerState.java:setLeader(263)) - b36b3368-613a-431f-908a-5edf1c2542ba:group-DA2522A7F7A7 change Leader from null to b36b3368-613a-431f-908a-5edf1c2542ba at term 1 for becomeLeader, leader elected after 1036ms
2019-09-12 10:53:37,524 [b36b3368-613a-431f-908a-5edf1c2542ba:group-DA2522A7F7A7:LeaderElection70] INFO  server.RaftServerConfigKeys (ConfUtils.java:logGet(43)) - raft.server.staging.catchup.gap = 1000 (default)
2019-09-12 10:53:37,524 [b36b3368-613a-431f-908a-5edf1c2542ba:group-DA2522A7F7A7:LeaderElection70] INFO  server.RaftServerConfigKeys (ConfUtils.java:logGet(43)) - raft.server.rpc.sleep.time = 25ms (default)
2019-09-12 10:53:37,524 [b36b3368-613a-431f-908a-5edf1c2542ba:group-DA2522A7F7A7:LeaderElection70] INFO  server.RaftServerConfigKeys (ConfUtils.java:logGet(43)) - raft.server.write.element-limit = 4096 (default)
2019-09-12 10:53:37,524 [b36b3368-613a-431f-908a-5edf1c2542ba:group-DA2522A7F7A7:LeaderElection70] INFO  server.RaftServerConfigKeys (ConfUtils.java:logGet(43)) - raft.server.watch.timeout = 10s (default)
2019-09-12 10:53:37,524 [b36b3368-613a-431f-908a-5edf1c2542ba:group-DA2522A7F7A7:LeaderElection70] INFO  server.RaftServerConfigKeys (ConfUtils.java:logGet(43)) - raft.server.watch.timeout.denomination = 1s (default)
2019-09-12 10:53:37,524 [b36b3368-613a-431f-908a-5edf1c2542ba:group-DA2522A7F7A7:LeaderElection70] INFO  server.RaftServerConfigKeys (ConfUtils.java:logGet(43)) - raft.server.watch.element-limit = 65536 (default)
2019-09-12 10:53:37,525 [pool-212-thread-1] INFO  storage.RaftStorageDirectory (RaftStorageDirectory.java:tryLock(328)) - Lock on /workdir/hadoop-ozone/integration-test/target/test-dir/MiniOzoneClusterImpl-0aac579c-f8ad-49ec-a94e-9a436a9c79c1/datanode-5/data/ratis/93687691-f738-41d3-b27a-5bf48fdf829c/in_use.lock acquired by nodename 620@pr-hdds-1569-xtfnx-3545843844
2019-09-12 10:53:37,525 [b36b3368-613a-431f-908a-5edf1c2542ba:group-DA2522A7F7A7:LeaderElection70] INFO  impl.RoleInfo (RoleInfo.java:updateAndGet(143)) - b36b3368-613a-431f-908a-5edf1c2542ba: start LeaderState
2019-09-12 10:53:37,525 [4e79f251-f4f2-46d8-98e5-a0ed6d578d1f:group-93BEEDFA61D9:LeaderElection71] INFO  impl.LeaderElection (LeaderElection.java:askForVotes(181)) - 4e79f251-f4f2-46d8-98e5-a0ed6d578d1f:group-93BEEDFA61D9:LeaderElection71: begin an election at term 1 for -1: [4e79f251-f4f2-46d8-98e5-a0ed6d578d1f:192.168.157.195:36131], old=null
2019-09-12 10:53:37,525 [b36b3368-613a-431f-908a-5edf1c2542ba:group-53DF5CF68B2B:LeaderElection72] INFO  impl.LeaderElection (LeaderElection.java:askForVotes(181)) - b36b3368-613a-431f-908a-5edf1c2542ba:group-53DF5CF68B2B:LeaderElection72: begin an election at term 1 for -1: [b36b3368-613a-431f-908a-5edf1c2542ba:192.168.157.195:36930], old=null
2019-09-12 10:53:37,525 [4e79f251-f4f2-46d8-98e5-a0ed6d578d1f:group-93BEEDFA61D9:LeaderElection71] INFO  impl.RoleInfo (RoleInfo.java:shutdownLeaderElection(134)) - 4e79f251-f4f2-46d8-98e5-a0ed6d578d1f: shutdown LeaderElection
2019-09-12 10:53:37,525 [b36b3368-613a-431f-908a-5edf1c2542ba:group-DA2522A7F7A7:LeaderElection70] INFO  segmented.SegmentedRaftLogWorker (SegmentedRaftLogWorker.java:startLogSegment(380)) - b36b3368-613a-431f-908a-5edf1c2542ba-SegmentedRaftLogWorker:Storage Directory /workdir/hadoop-ozone/integration-test/target/test-dir/MiniOzoneClusterImpl-0aac579c-f8ad-49ec-a94e-9a436a9c79c1/datanode-1/data/ratis/5d4a07d9-ad3e-4bb5-a086-da2522a7f7a7: Starting segment from index:0
2019-09-12 10:53:37,525 [4e79f251-f4f2-46d8-98e5-a0ed6d578d1f:group-93BEEDFA61D9:LeaderElection71] INFO  impl.RaftServerImpl (RaftServerImpl.java:setRole(171)) - 4e79f251-f4f2-46d8-98e5-a0ed6d578d1f:group-93BEEDFA61D9 changes role from CANDIDATE to LEADER at term 1 for changeToLeader
2019-09-12 10:53:37,525 [b36b3368-613a-431f-908a-5edf1c2542ba:group-53DF5CF68B2B:LeaderElection72] INFO  impl.RoleInfo (RoleInfo.java:shutdownLeaderElection(134)) - b36b3368-613a-431f-908a-5edf1c2542ba: shutdown LeaderElection
2019-09-12 10:53:37,526 [4e79f251-f4f2-46d8-98e5-a0ed6d578d1f:group-93BEEDFA61D9:LeaderElection71] INFO  impl.RaftServerImpl (ServerState.java:setLeader(263)) - 4e79f251-f4f2-46d8-98e5-a0ed6d578d1f:group-93BEEDFA61D9 change Leader from null to 4e79f251-f4f2-46d8-98e5-a0ed6d578d1f at term 1 for becomeLeader, leader elected after 1091ms
2019-09-12 10:53:37,526 [b36b3368-613a-431f-908a-5edf1c2542ba:group-53DF5CF68B2B:LeaderElection72] INFO  impl.RaftServerImpl (RaftServerImpl.java:setRole(171)) - b36b3368-613a-431f-908a-5edf1c2542ba:group-53DF5CF68B2B changes role from CANDIDATE to LEADER at term 1 for changeToLeader
2019-09-12 10:53:37,526 [b36b3368-613a-431f-908a-5edf1c2542ba:group-DA2522A7F7A7:LeaderElection70] INFO  impl.RaftServerImpl (ServerState.java:setRaftConf(361)) - b36b3368-613a-431f-908a-5edf1c2542ba:group-DA2522A7F7A7 set configuration 0: [b36b3368-613a-431f-908a-5edf1c2542ba:192.168.157.195:36930], old=null at 0
2019-09-12 10:53:37,526 [4e79f251-f4f2-46d8-98e5-a0ed6d578d1f:group-93BEEDFA61D9:LeaderElection71] INFO  server.RaftServerConfigKeys (ConfUtils.java:logGet(43)) - raft.server.staging.catchup.gap = 1000 (default)
2019-09-12 10:53:37,526 [b36b3368-613a-431f-908a-5edf1c2542ba:group-53DF5CF68B2B:LeaderElection72] INFO  impl.RaftServerImpl (ServerState.java:setLeader(263)) - b36b3368-613a-431f-908a-5edf1c2542ba:group-53DF5CF68B2B change Leader from null to b36b3368-613a-431f-908a-5edf1c2542ba at term 1 for becomeLeader, leader elected after 1217ms
2019-09-12 10:53:37,526 [4e79f251-f4f2-46d8-98e5-a0ed6d578d1f:group-93BEEDFA61D9:LeaderElection71] INFO  server.RaftServerConfigKeys (ConfUtils.java:logGet(43)) - raft.server.rpc.sleep.time = 25ms (default)
2019-09-12 10:53:37,526 [b36b3368-613a-431f-908a-5edf1c2542ba:group-53DF5CF68B2B:LeaderElection72] INFO  server.RaftServerConfigKeys (ConfUtils.java:logGet(43)) - raft.server.staging.catchup.gap = 1000 (default)
2019-09-12 10:53:37,527 [4e79f251-f4f2-46d8-98e5-a0ed6d578d1f:group-93BEEDFA61D9:LeaderElection71] INFO  server.RaftServerConfigKeys (ConfUtils.java:logGet(43)) - raft.server.write.element-limit = 4096 (default)
2019-09-12 10:53:37,527 [b36b3368-613a-431f-908a-5edf1c2542ba:group-53DF5CF68B2B:LeaderElection72] INFO  server.RaftServerConfigKeys (ConfUtils.java:logGet(43)) - raft.server.rpc.sleep.time = 25ms (default)
2019-09-12 10:53:37,527 [4e79f251-f4f2-46d8-98e5-a0ed6d578d1f:group-93BEEDFA61D9:LeaderElection71] INFO  server.RaftServerConfigKeys (ConfUtils.java:logGet(43)) - raft.server.watch.timeout = 10s (default)
2019-09-12 10:53:37,527 [b36b3368-613a-431f-908a-5edf1c2542ba:group-53DF5CF68B2B:LeaderElection72] INFO  server.RaftServerConfigKeys (ConfUtils.java:logGet(43)) - raft.server.write.element-limit = 4096 (default)
2019-09-12 10:53:37,527 [4e79f251-f4f2-46d8-98e5-a0ed6d578d1f:group-93BEEDFA61D9:LeaderElection71] INFO  server.RaftServerConfigKeys (ConfUtils.java:logGet(43)) - raft.server.watch.timeout.denomination = 1s (default)
2019-09-12 10:53:37,527 [b36b3368-613a-431f-908a-5edf1c2542ba:group-53DF5CF68B2B:LeaderElection72] INFO  server.RaftServerConfigKeys (ConfUtils.java:logGet(43)) - raft.server.watch.timeout = 10s (default)
2019-09-12 10:53:37,528 [4e79f251-f4f2-46d8-98e5-a0ed6d578d1f:group-93BEEDFA61D9:LeaderElection71] INFO  server.RaftServerConfigKeys (ConfUtils.java:logGet(43)) - raft.server.watch.element-limit = 65536 (default)
2019-09-12 10:53:37,528 [b36b3368-613a-431f-908a-5edf1c2542ba:group-53DF5CF68B2B:LeaderElection72] INFO  server.RaftServerConfigKeys (ConfUtils.java:logGet(43)) - raft.server.watch.timeout.denomination = 1s (default)
2019-09-12 10:53:37,528 [b36b3368-613a-431f-908a-5edf1c2542ba:group-53DF5CF68B2B:LeaderElection72] INFO  server.RaftServerConfigKeys (ConfUtils.java:logGet(43)) - raft.server.watch.element-limit = 65536 (default)
2019-09-12 10:53:37,528 [4e79f251-f4f2-46d8-98e5-a0ed6d578d1f:group-93BEEDFA61D9:LeaderElection71] INFO  impl.RoleInfo (RoleInfo.java:updateAndGet(143)) - 4e79f251-f4f2-46d8-98e5-a0ed6d578d1f: start LeaderState
2019-09-12 10:53:37,528 [b36b3368-613a-431f-908a-5edf1c2542ba:group-53DF5CF68B2B:LeaderElection72] INFO  impl.RoleInfo (RoleInfo.java:updateAndGet(143)) - b36b3368-613a-431f-908a-5edf1c2542ba: start LeaderState
2019-09-12 10:53:37,528 [b36b3368-613a-431f-908a-5edf1c2542ba:group-53DF5CF68B2B:LeaderElection72] INFO  segmented.SegmentedRaftLogWorker (SegmentedRaftLogWorker.java:startLogSegment(380)) - b36b3368-613a-431f-908a-5edf1c2542ba-SegmentedRaftLogWorker:Storage Directory /workdir/hadoop-ozone/integration-test/target/test-dir/MiniOzoneClusterImpl-0aac579c-f8ad-49ec-a94e-9a436a9c79c1/datanode-1/data/ratis/b9c51f82-deab-4ef4-9ec3-53df5cf68b2b: Starting segment from index:0
2019-09-12 10:53:37,529 [4e79f251-f4f2-46d8-98e5-a0ed6d578d1f:group-93BEEDFA61D9:LeaderElection71] INFO  segmented.SegmentedRaftLogWorker (SegmentedRaftLogWorker.java:startLogSegment(380)) - 4e79f251-f4f2-46d8-98e5-a0ed6d578d1f-SegmentedRaftLogWorker:Storage Directory /workdir/hadoop-ozone/integration-test/target/test-dir/MiniOzoneClusterImpl-0aac579c-f8ad-49ec-a94e-9a436a9c79c1/datanode-2/data/ratis/db3ae39c-7fe0-4589-96b0-93beedfa61d9: Starting segment from index:0
2019-09-12 10:53:37,529 [b36b3368-613a-431f-908a-5edf1c2542ba:group-53DF5CF68B2B:LeaderElection72] INFO  impl.RaftServerImpl (ServerState.java:setRaftConf(361)) - b36b3368-613a-431f-908a-5edf1c2542ba:group-53DF5CF68B2B set configuration 0: [b36b3368-613a-431f-908a-5edf1c2542ba:192.168.157.195:36930], old=null at 0
2019-09-12 10:53:37,530 [4e79f251-f4f2-46d8-98e5-a0ed6d578d1f:group-93BEEDFA61D9:LeaderElection71] INFO  impl.RaftServerImpl (ServerState.java:setRaftConf(361)) - 4e79f251-f4f2-46d8-98e5-a0ed6d578d1f:group-93BEEDFA61D9 set configuration 0: [4e79f251-f4f2-46d8-98e5-a0ed6d578d1f:192.168.157.195:36131], old=null at 0
2019-09-12 10:53:37,539 [b36b3368-613a-431f-908a-5edf1c2542ba-SegmentedRaftLogWorker:Storage Directory /workdir/hadoop-ozone/integration-test/target/test-dir/MiniOzoneClusterImpl-0aac579c-f8ad-49ec-a94e-9a436a9c79c1/datanode-1/data/ratis/8d74b592-26d6-4254-96f8-84a99ce28bde] INFO  segmented.SegmentedRaftLogWorker (SegmentedRaftLogWorker.java:execute(569)) - b36b3368-613a-431f-908a-5edf1c2542ba-SegmentedRaftLogWorker:Storage Directory /workdir/hadoop-ozone/integration-test/target/test-dir/MiniOzoneClusterImpl-0aac579c-f8ad-49ec-a94e-9a436a9c79c1/datanode-1/data/ratis/8d74b592-26d6-4254-96f8-84a99ce28bde: created new log segment /workdir/hadoop-ozone/integration-test/target/test-dir/MiniOzoneClusterImpl-0aac579c-f8ad-49ec-a94e-9a436a9c79c1/datanode-1/data/ratis/8d74b592-26d6-4254-96f8-84a99ce28bde/current/log_inprogress_0
2019-09-12 10:53:37,539 [pool-212-thread-1] INFO  storage.RaftStorage (RaftStorage.java:format(72)) - Storage directory /workdir/hadoop-ozone/integration-test/target/test-dir/MiniOzoneClusterImpl-0aac579c-f8ad-49ec-a94e-9a436a9c79c1/datanode-5/data/ratis/93687691-f738-41d3-b27a-5bf48fdf829c has been successfully formatted.
2019-09-12 10:53:37,539 [pool-212-thread-1] INFO  ratis.ContainerStateMachine (ContainerStateMachine.java:loadSnapshot(226)) - group-5BF48FDF829C: The snapshot info is null. Setting the last applied indexto:(t:0, i:~)
2019-09-12 10:53:37,539 [pool-212-thread-1] INFO  server.RaftServerConfigKeys (ConfUtils.java:logGet(43)) - raft.server.leader.election.timeout = 120s (custom)
2019-09-12 10:53:37,539 [pool-212-thread-1] INFO  server.RaftServerConfigKeys (ConfUtils.java:logGet(43)) - raft.server.log.use.memory = false (default)
2019-09-12 10:53:37,539 [pool-212-thread-1] INFO  server.RaftServerConfigKeys (ConfUtils.java:logGet(43)) - raft.server.log.purge.gap = 1000000 (custom)
2019-09-12 10:53:37,540 [pool-212-thread-1] INFO  server.RaftServerConfigKeys (ConfUtils.java:logGet(43)) - raft.server.log.appender.buffer.byte-limit = 33554432 (custom)
2019-09-12 10:53:37,540 [pool-212-thread-1] INFO  server.RaftServerConfigKeys (ConfUtils.java:logGet(43)) - raft.server.log.segment.size.max = 1048576 (custom)
2019-09-12 10:53:37,540 [pool-212-thread-1] INFO  server.RaftServerConfigKeys (ConfUtils.java:logGet(43)) - raft.server.log.segment.cache.num.max = 2 (custom)
2019-09-12 10:53:37,540 [pool-212-thread-1] INFO  segmented.SegmentedRaftLogWorker (SegmentedRaftLogWorker.java:<init>(172)) - new b65ee1e2-3519-4053-9dbb-47eb940bcefc-SegmentedRaftLogWorker:Storage Directory /workdir/hadoop-ozone/integration-test/target/test-dir/MiniOzoneClusterImpl-0aac579c-f8ad-49ec-a94e-9a436a9c79c1/datanode-5/data/ratis/93687691-f738-41d3-b27a-5bf48fdf829c for RaftStorage:Storage Directory /workdir/hadoop-ozone/integration-test/target/test-dir/MiniOzoneClusterImpl-0aac579c-f8ad-49ec-a94e-9a436a9c79c1/datanode-5/data/ratis/93687691-f738-41d3-b27a-5bf48fdf829c
2019-09-12 10:53:37,540 [pool-212-thread-1] INFO  server.RaftServerConfigKeys (ConfUtils.java:logGet(43)) - raft.server.log.queue.byte-limit = 2147483647 (custom)
2019-09-12 10:53:37,540 [pool-212-thread-1] INFO  server.RaftServerConfigKeys (ConfUtils.java:logGet(43)) - raft.server.log.queue.element-limit = 1024 (custom)
2019-09-12 10:53:37,540 [pool-212-thread-1] INFO  server.RaftServerConfigKeys (ConfUtils.java:logGet(43)) - raft.server.log.segment.size.max = 1048576 (custom)
2019-09-12 10:53:37,540 [pool-212-thread-1] INFO  server.RaftServerConfigKeys (ConfUtils.java:logGet(43)) - raft.server.log.preallocated.size = 16384 (custom)
2019-09-12 10:53:37,541 [pool-212-thread-1] INFO  server.RaftServerConfigKeys (ConfUtils.java:logGet(43)) - raft.server.log.write.buffer.size = 33554432 (custom)
2019-09-12 10:53:37,541 [pool-212-thread-1] INFO  server.RaftServerConfigKeys (ConfUtils.java:logGet(43)) - raft.server.log.force.sync.num = 128 (default)
2019-09-12 10:53:37,541 [pool-212-thread-1] INFO  server.RaftServerConfigKeys (ConfUtils.java:logGet(43)) - raft.server.log.statemachine.data.sync = true (default)
2019-09-12 10:53:37,541 [pool-212-thread-1] INFO  server.RaftServerConfigKeys (ConfUtils.java:logGet(43)) - raft.server.log.statemachine.data.sync.timeout = 10s (default)
2019-09-12 10:53:37,541 [pool-212-thread-1] INFO  server.RaftServerConfigKeys (ConfUtils.java:logGet(43)) - raft.server.log.statemachine.data.sync.timeout.retry = -1 (default)
2019-09-12 10:53:37,541 [pool-212-thread-1] INFO  server.RaftServerConfigKeys (ConfUtils.java:logGet(43)) - raft.server.log.statemachine.data.caching.enabled = true (custom)
2019-09-12 10:53:37,542 [pool-212-thread-1] INFO  segmented.SegmentedRaftLogWorker (SegmentedRaftLogWorker.java:lambda$new$0(132)) - b65ee1e2-3519-4053-9dbb-47eb940bcefc-SegmentedRaftLogWorker:Storage Directory /workdir/hadoop-ozone/integration-test/target/test-dir/MiniOzoneClusterImpl-0aac579c-f8ad-49ec-a94e-9a436a9c79c1/datanode-5/data/ratis/93687691-f738-41d3-b27a-5bf48fdf829c: flushIndex: setUnconditionally 0 -> -1
2019-09-12 10:53:37,542 [pool-212-thread-1] INFO  server.RaftServerConfigKeys (ConfUtils.java:logGet(43)) - raft.server.snapshot.auto.trigger.enabled = true (custom)
2019-09-12 10:53:37,542 [pool-212-thread-1] INFO  server.RaftServerConfigKeys (ConfUtils.java:logGet(43)) - raft.server.snapshot.auto.trigger.threshold = 10000 (custom)
2019-09-12 10:53:37,542 [pool-212-thread-1] INFO  server.RaftServerConfigKeys (ConfUtils.java:logGet(43)) - raft.server.retrycache.expirytime = 600000ms (custom)
2019-09-12 10:53:37,542 [pool-212-thread-1] INFO  impl.RaftServerImpl (RaftServerImpl.java:start(180)) - b65ee1e2-3519-4053-9dbb-47eb940bcefc: start group-5BF48FDF829C
2019-09-12 10:53:37,543 [pool-212-thread-1] INFO  impl.RaftServerImpl (RaftServerImpl.java:setRole(171)) - b65ee1e2-3519-4053-9dbb-47eb940bcefc:group-5BF48FDF829C changes role from null to FOLLOWER at term 0 for startAsFollower
2019-09-12 10:53:37,543 [pool-212-thread-1] INFO  impl.RoleInfo (RoleInfo.java:updateAndGet(143)) - b65ee1e2-3519-4053-9dbb-47eb940bcefc: start FollowerState
2019-09-12 10:53:37,543 [pool-212-thread-1] INFO  util.JmxRegister (JmxRegister.java:tryRegister(44)) - Successfully registered JMX Bean with object name Ratis:service=RaftServer,group=group-5BF48FDF829C,id=b65ee1e2-3519-4053-9dbb-47eb940bcefc
2019-09-12 10:53:37,545 [Thread-833] INFO  impl.FollowerState (FollowerState.java:run(106)) - b36b3368-613a-431f-908a-5edf1c2542ba:group-D4AC861BC4FC changes to CANDIDATE, lastRpcTime:1191, electionTimeout:1191ms
2019-09-12 10:53:37,545 [Thread-833] INFO  impl.RoleInfo (RoleInfo.java:shutdownFollowerState(121)) - b36b3368-613a-431f-908a-5edf1c2542ba: shutdown FollowerState
2019-09-12 10:53:37,545 [Thread-833] INFO  impl.RaftServerImpl (RaftServerImpl.java:setRole(171)) - b36b3368-613a-431f-908a-5edf1c2542ba:group-D4AC861BC4FC changes role from FOLLOWER to CANDIDATE at term 0 for changeToCandidate
2019-09-12 10:53:37,545 [Thread-833] INFO  impl.RoleInfo (RoleInfo.java:updateAndGet(143)) - b36b3368-613a-431f-908a-5edf1c2542ba: start LeaderElection
2019-09-12 10:53:37,546 [RatisPipelineUtilsThread] INFO  pipeline.PipelineStateManager (PipelineStateManager.java:addPipeline(56)) - Created pipeline Pipeline[ Id: 93687691-f738-41d3-b27a-5bf48fdf829c, Nodes: b65ee1e2-3519-4053-9dbb-47eb940bcefc{ip: 192.168.157.195, host: pr-hdds-1569-xtfnx-3545843844, networkLocation: /default-rack, certSerialId: null}, Type:RATIS, Factor:ONE, State:OPEN]
2019-09-12 10:53:37,546 [RatisPipelineUtilsThread] ERROR pipeline.PipelinePlacementPolicy (PipelinePlacementPolicy.java:meetCriteria(91)) - Pipeline Placement: Doesn't meet the criteria to be viable node. Heaviness: 6
2019-09-12 10:53:37,546 [RatisPipelineUtilsThread] ERROR pipeline.PipelinePlacementPolicy (PipelinePlacementPolicy.java:meetCriteria(91)) - Pipeline Placement: Doesn't meet the criteria to be viable node. Heaviness: 6
2019-09-12 10:53:37,547 [RatisPipelineUtilsThread] ERROR pipeline.PipelinePlacementPolicy (PipelinePlacementPolicy.java:meetCriteria(91)) - Pipeline Placement: Doesn't meet the criteria to be viable node. Heaviness: 6
2019-09-12 10:53:37,547 [RatisPipelineUtilsThread] ERROR pipeline.PipelinePlacementPolicy (PipelinePlacementPolicy.java:meetCriteria(91)) - Pipeline Placement: Doesn't meet the criteria to be viable node. Heaviness: 6
2019-09-12 10:53:37,547 [RatisPipelineUtilsThread] ERROR pipeline.PipelinePlacementPolicy (PipelinePlacementPolicy.java:meetCriteria(91)) - Pipeline Placement: Doesn't meet the criteria to be viable node. Heaviness: 6
2019-09-12 10:53:37,547 [RatisPipelineUtilsThread] ERROR pipeline.PipelinePlacementPolicy (PipelinePlacementPolicy.java:meetCriteria(91)) - Pipeline Placement: Doesn't meet the criteria to be viable node. Heaviness: 6
2019-09-12 10:53:37,547 [RatisPipelineUtilsThread] ERROR pipeline.PipelinePlacementPolicy (PipelinePlacementPolicy.java:filterViableNodes(146)) - Unable to find enough nodes that meet the criteria that cannot engage in more than 5 pipelines. Nodes required: 1 Found: 0, healthy nodes count inNodeManager: 6.
2019-09-12 10:53:37,547 [RatisPipelineUtilsThread] ERROR pipeline.SCMPipelineManager (SCMPipelineManager.java:createPipeline(161)) - Pipeline creation failed due to exception: Unable to find enough nodes that meet the criteria that cannot engage in more than 5 pipelines. Nodes required: 1 Found: 0, healthy nodes count inNodeManager: 6.
2019-09-12 10:53:37,547 [RatisPipelineUtilsThread] ERROR pipeline.PipelinePlacementPolicy (PipelinePlacementPolicy.java:meetCriteria(91)) - Pipeline Placement: Doesn't meet the criteria to be viable node. Heaviness: 6
2019-09-12 10:53:37,548 [RatisPipelineUtilsThread] ERROR pipeline.PipelinePlacementPolicy (PipelinePlacementPolicy.java:meetCriteria(91)) - Pipeline Placement: Doesn't meet the criteria to be viable node. Heaviness: 6
2019-09-12 10:53:37,548 [RatisPipelineUtilsThread] ERROR pipeline.PipelinePlacementPolicy (PipelinePlacementPolicy.java:meetCriteria(91)) - Pipeline Placement: Doesn't meet the criteria to be viable node. Heaviness: 6
2019-09-12 10:53:37,548 [RatisPipelineUtilsThread] ERROR pipeline.PipelinePlacementPolicy (PipelinePlacementPolicy.java:meetCriteria(91)) - Pipeline Placement: Doesn't meet the criteria to be viable node. Heaviness: 6
2019-09-12 10:53:37,548 [RatisPipelineUtilsThread] ERROR pipeline.PipelinePlacementPolicy (PipelinePlacementPolicy.java:meetCriteria(91)) - Pipeline Placement: Doesn't meet the criteria to be viable node. Heaviness: 6
2019-09-12 10:53:37,548 [RatisPipelineUtilsThread] ERROR pipeline.PipelinePlacementPolicy (PipelinePlacementPolicy.java:meetCriteria(91)) - Pipeline Placement: Doesn't meet the criteria to be viable node. Heaviness: 6
2019-09-12 10:53:37,548 [RatisPipelineUtilsThread] ERROR pipeline.PipelinePlacementPolicy (PipelinePlacementPolicy.java:filterViableNodes(146)) - Unable to find enough nodes that meet the criteria that cannot engage in more than 5 pipelines. Nodes required: 3 Found: 0, healthy nodes count inNodeManager: 6.
2019-09-12 10:53:37,549 [RatisPipelineUtilsThread] ERROR pipeline.SCMPipelineManager (SCMPipelineManager.java:createPipeline(161)) - Pipeline creation failed due to exception: Unable to find enough nodes that meet the criteria that cannot engage in more than 5 pipelines. Nodes required: 3 Found: 0, healthy nodes count inNodeManager: 6.
2019-09-12 10:53:37,558 [Thread-845] INFO  impl.FollowerState (FollowerState.java:run(106)) - 4e79f251-f4f2-46d8-98e5-a0ed6d578d1f:group-37A1BC51CD47 changes to CANDIDATE, lastRpcTime:1025, electionTimeout:1025ms
2019-09-12 10:53:37,558 [Thread-845] INFO  impl.RoleInfo (RoleInfo.java:shutdownFollowerState(121)) - 4e79f251-f4f2-46d8-98e5-a0ed6d578d1f: shutdown FollowerState
2019-09-12 10:53:37,558 [Thread-845] INFO  impl.RaftServerImpl (RaftServerImpl.java:setRole(171)) - 4e79f251-f4f2-46d8-98e5-a0ed6d578d1f:group-37A1BC51CD47 changes role from FOLLOWER to CANDIDATE at term 0 for changeToCandidate
2019-09-12 10:53:37,559 [Thread-845] INFO  impl.RoleInfo (RoleInfo.java:updateAndGet(143)) - 4e79f251-f4f2-46d8-98e5-a0ed6d578d1f: start LeaderElection
2019-09-12 10:53:37,561 [4e79f251-f4f2-46d8-98e5-a0ed6d578d1f-SegmentedRaftLogWorker:Storage Directory /workdir/hadoop-ozone/integration-test/target/test-dir/MiniOzoneClusterImpl-0aac579c-f8ad-49ec-a94e-9a436a9c79c1/datanode-2/data/ratis/db3ae39c-7fe0-4589-96b0-93beedfa61d9] INFO  segmented.SegmentedRaftLogWorker (SegmentedRaftLogWorker.java:execute(569)) - 4e79f251-f4f2-46d8-98e5-a0ed6d578d1f-SegmentedRaftLogWorker:Storage Directory /workdir/hadoop-ozone/integration-test/target/test-dir/MiniOzoneClusterImpl-0aac579c-f8ad-49ec-a94e-9a436a9c79c1/datanode-2/data/ratis/db3ae39c-7fe0-4589-96b0-93beedfa61d9: created new log segment /workdir/hadoop-ozone/integration-test/target/test-dir/MiniOzoneClusterImpl-0aac579c-f8ad-49ec-a94e-9a436a9c79c1/datanode-2/data/ratis/db3ae39c-7fe0-4589-96b0-93beedfa61d9/current/log_inprogress_0
2019-09-12 10:53:37,572 [b36b3368-613a-431f-908a-5edf1c2542ba:group-D4AC861BC4FC:LeaderElection73] INFO  impl.LeaderElection (LeaderElection.java:askForVotes(181)) - b36b3368-613a-431f-908a-5edf1c2542ba:group-D4AC861BC4FC:LeaderElection73: begin an election at term 1 for -1: [b36b3368-613a-431f-908a-5edf1c2542ba:192.168.157.195:36930], old=null
2019-09-12 10:53:37,572 [b36b3368-613a-431f-908a-5edf1c2542ba:group-D4AC861BC4FC:LeaderElection73] INFO  impl.RoleInfo (RoleInfo.java:shutdownLeaderElection(134)) - b36b3368-613a-431f-908a-5edf1c2542ba: shutdown LeaderElection
2019-09-12 10:53:37,572 [b36b3368-613a-431f-908a-5edf1c2542ba:group-D4AC861BC4FC:LeaderElection73] INFO  impl.RaftServerImpl (RaftServerImpl.java:setRole(171)) - b36b3368-613a-431f-908a-5edf1c2542ba:group-D4AC861BC4FC changes role from CANDIDATE to LEADER at term 1 for changeToLeader
2019-09-12 10:53:37,572 [b36b3368-613a-431f-908a-5edf1c2542ba:group-D4AC861BC4FC:LeaderElection73] INFO  impl.RaftServerImpl (ServerState.java:setLeader(263)) - b36b3368-613a-431f-908a-5edf1c2542ba:group-D4AC861BC4FC change Leader from null to b36b3368-613a-431f-908a-5edf1c2542ba at term 1 for becomeLeader, leader elected after 1222ms
2019-09-12 10:53:37,572 [b36b3368-613a-431f-908a-5edf1c2542ba:group-D4AC861BC4FC:LeaderElection73] INFO  server.RaftServerConfigKeys (ConfUtils.java:logGet(43)) - raft.server.staging.catchup.gap = 1000 (default)
2019-09-12 10:53:37,572 [4e79f251-f4f2-46d8-98e5-a0ed6d578d1f:group-37A1BC51CD47:LeaderElection74] INFO  impl.LeaderElection (LeaderElection.java:askForVotes(181)) - 4e79f251-f4f2-46d8-98e5-a0ed6d578d1f:group-37A1BC51CD47:LeaderElection74: begin an election at term 1 for -1: [4e79f251-f4f2-46d8-98e5-a0ed6d578d1f:192.168.157.195:36131], old=null
2019-09-12 10:53:37,572 [b36b3368-613a-431f-908a-5edf1c2542ba-SegmentedRaftLogWorker:Storage Directory /workdir/hadoop-ozone/integration-test/target/test-dir/MiniOzoneClusterImpl-0aac579c-f8ad-49ec-a94e-9a436a9c79c1/datanode-1/data/ratis/5d4a07d9-ad3e-4bb5-a086-da2522a7f7a7] INFO  segmented.SegmentedRaftLogWorker (SegmentedRaftLogWorker.java:execute(569)) - b36b3368-613a-431f-908a-5edf1c2542ba-SegmentedRaftLogWorker:Storage Directory /workdir/hadoop-ozone/integration-test/target/test-dir/MiniOzoneClusterImpl-0aac579c-f8ad-49ec-a94e-9a436a9c79c1/datanode-1/data/ratis/5d4a07d9-ad3e-4bb5-a086-da2522a7f7a7: created new log segment /workdir/hadoop-ozone/integration-test/target/test-dir/MiniOzoneClusterImpl-0aac579c-f8ad-49ec-a94e-9a436a9c79c1/datanode-1/data/ratis/5d4a07d9-ad3e-4bb5-a086-da2522a7f7a7/current/log_inprogress_0
2019-09-12 10:53:37,572 [b36b3368-613a-431f-908a-5edf1c2542ba-SegmentedRaftLogWorker:Storage Directory /workdir/hadoop-ozone/integration-test/target/test-dir/MiniOzoneClusterImpl-0aac579c-f8ad-49ec-a94e-9a436a9c79c1/datanode-1/data/ratis/b9c51f82-deab-4ef4-9ec3-53df5cf68b2b] INFO  segmented.SegmentedRaftLogWorker (SegmentedRaftLogWorker.java:execute(569)) - b36b3368-613a-431f-908a-5edf1c2542ba-SegmentedRaftLogWorker:Storage Directory /workdir/hadoop-ozone/integration-test/target/test-dir/MiniOzoneClusterImpl-0aac579c-f8ad-49ec-a94e-9a436a9c79c1/datanode-1/data/ratis/b9c51f82-deab-4ef4-9ec3-53df5cf68b2b: created new log segment /workdir/hadoop-ozone/integration-test/target/test-dir/MiniOzoneClusterImpl-0aac579c-f8ad-49ec-a94e-9a436a9c79c1/datanode-1/data/ratis/b9c51f82-deab-4ef4-9ec3-53df5cf68b2b/current/log_inprogress_0
2019-09-12 10:53:37,572 [4e79f251-f4f2-46d8-98e5-a0ed6d578d1f:group-37A1BC51CD47:LeaderElection74] INFO  impl.RoleInfo (RoleInfo.java:shutdownLeaderElection(134)) - 4e79f251-f4f2-46d8-98e5-a0ed6d578d1f: shutdown LeaderElection
2019-09-12 10:53:37,572 [b36b3368-613a-431f-908a-5edf1c2542ba:group-D4AC861BC4FC:LeaderElection73] INFO  server.RaftServerConfigKeys (ConfUtils.java:logGet(43)) - raft.server.rpc.sleep.time = 25ms (default)
2019-09-12 10:53:37,573 [4e79f251-f4f2-46d8-98e5-a0ed6d578d1f:group-37A1BC51CD47:LeaderElection74] INFO  impl.RaftServerImpl (RaftServerImpl.java:setRole(171)) - 4e79f251-f4f2-46d8-98e5-a0ed6d578d1f:group-37A1BC51CD47 changes role from CANDIDATE to LEADER at term 1 for changeToLeader
2019-09-12 10:53:37,573 [b36b3368-613a-431f-908a-5edf1c2542ba:group-D4AC861BC4FC:LeaderElection73] INFO  server.RaftServerConfigKeys (ConfUtils.java:logGet(43)) - raft.server.write.element-limit = 4096 (default)
2019-09-12 10:53:37,573 [4e79f251-f4f2-46d8-98e5-a0ed6d578d1f:group-37A1BC51CD47:LeaderElection74] INFO  impl.RaftServerImpl (ServerState.java:setLeader(263)) - 4e79f251-f4f2-46d8-98e5-a0ed6d578d1f:group-37A1BC51CD47 change Leader from null to 4e79f251-f4f2-46d8-98e5-a0ed6d578d1f at term 1 for becomeLeader, leader elected after 1044ms
2019-09-12 10:53:37,573 [b36b3368-613a-431f-908a-5edf1c2542ba:group-D4AC861BC4FC:LeaderElection73] INFO  server.RaftServerConfigKeys (ConfUtils.java:logGet(43)) - raft.server.watch.timeout = 10s (default)
2019-09-12 10:53:37,573 [4e79f251-f4f2-46d8-98e5-a0ed6d578d1f:group-37A1BC51CD47:LeaderElection74] INFO  server.RaftServerConfigKeys (ConfUtils.java:logGet(43)) - raft.server.staging.catchup.gap = 1000 (default)
2019-09-12 10:53:37,573 [b36b3368-613a-431f-908a-5edf1c2542ba:group-D4AC861BC4FC:LeaderElection73] INFO  server.RaftServerConfigKeys (ConfUtils.java:logGet(43)) - raft.server.watch.timeout.denomination = 1s (default)
2019-09-12 10:53:37,573 [4e79f251-f4f2-46d8-98e5-a0ed6d578d1f:group-37A1BC51CD47:LeaderElection74] INFO  server.RaftServerConfigKeys (ConfUtils.java:logGet(43)) - raft.server.rpc.sleep.time = 25ms (default)
2019-09-12 10:53:37,573 [b36b3368-613a-431f-908a-5edf1c2542ba:group-D4AC861BC4FC:LeaderElection73] INFO  server.RaftServerConfigKeys (ConfUtils.java:logGet(43)) - raft.server.watch.element-limit = 65536 (default)
2019-09-12 10:53:37,573 [4e79f251-f4f2-46d8-98e5-a0ed6d578d1f:group-37A1BC51CD47:LeaderElection74] INFO  server.RaftServerConfigKeys (ConfUtils.java:logGet(43)) - raft.server.write.element-limit = 4096 (default)
2019-09-12 10:53:37,574 [b36b3368-613a-431f-908a-5edf1c2542ba:group-D4AC861BC4FC:LeaderElection73] INFO  impl.RoleInfo (RoleInfo.java:updateAndGet(143)) - b36b3368-613a-431f-908a-5edf1c2542ba: start LeaderState
2019-09-12 10:53:37,574 [4e79f251-f4f2-46d8-98e5-a0ed6d578d1f:group-37A1BC51CD47:LeaderElection74] INFO  server.RaftServerConfigKeys (ConfUtils.java:logGet(43)) - raft.server.watch.timeout = 10s (default)
2019-09-12 10:53:37,574 [4e79f251-f4f2-46d8-98e5-a0ed6d578d1f:group-37A1BC51CD47:LeaderElection74] INFO  server.RaftServerConfigKeys (ConfUtils.java:logGet(43)) - raft.server.watch.timeout.denomination = 1s (default)
2019-09-12 10:53:37,574 [b36b3368-613a-431f-908a-5edf1c2542ba:group-D4AC861BC4FC:LeaderElection73] INFO  segmented.SegmentedRaftLogWorker (SegmentedRaftLogWorker.java:startLogSegment(380)) - b36b3368-613a-431f-908a-5edf1c2542ba-SegmentedRaftLogWorker:Storage Directory /workdir/hadoop-ozone/integration-test/target/test-dir/MiniOzoneClusterImpl-0aac579c-f8ad-49ec-a94e-9a436a9c79c1/datanode-1/data/ratis/082cd918-7f1f-47bb-9de1-d4ac861bc4fc: Starting segment from index:0
2019-09-12 10:53:37,574 [4e79f251-f4f2-46d8-98e5-a0ed6d578d1f:group-37A1BC51CD47:LeaderElection74] INFO  server.RaftServerConfigKeys (ConfUtils.java:logGet(43)) - raft.server.watch.element-limit = 65536 (default)
2019-09-12 10:53:37,574 [4e79f251-f4f2-46d8-98e5-a0ed6d578d1f:group-37A1BC51CD47:LeaderElection74] INFO  impl.RoleInfo (RoleInfo.java:updateAndGet(143)) - 4e79f251-f4f2-46d8-98e5-a0ed6d578d1f: start LeaderState
2019-09-12 10:53:37,574 [4e79f251-f4f2-46d8-98e5-a0ed6d578d1f:group-37A1BC51CD47:LeaderElection74] INFO  segmented.SegmentedRaftLogWorker (SegmentedRaftLogWorker.java:startLogSegment(380)) - 4e79f251-f4f2-46d8-98e5-a0ed6d578d1f-SegmentedRaftLogWorker:Storage Directory /workdir/hadoop-ozone/integration-test/target/test-dir/MiniOzoneClusterImpl-0aac579c-f8ad-49ec-a94e-9a436a9c79c1/datanode-2/data/ratis/d5451817-b611-44b2-9139-37a1bc51cd47: Starting segment from index:0
2019-09-12 10:53:37,574 [b36b3368-613a-431f-908a-5edf1c2542ba:group-D4AC861BC4FC:LeaderElection73] INFO  impl.RaftServerImpl (ServerState.java:setRaftConf(361)) - b36b3368-613a-431f-908a-5edf1c2542ba:group-D4AC861BC4FC set configuration 0: [b36b3368-613a-431f-908a-5edf1c2542ba:192.168.157.195:36930], old=null at 0
2019-09-12 10:53:37,575 [4e79f251-f4f2-46d8-98e5-a0ed6d578d1f:group-37A1BC51CD47:LeaderElection74] INFO  impl.RaftServerImpl (ServerState.java:setRaftConf(361)) - 4e79f251-f4f2-46d8-98e5-a0ed6d578d1f:group-37A1BC51CD47 set configuration 0: [4e79f251-f4f2-46d8-98e5-a0ed6d578d1f:192.168.157.195:36131], old=null at 0
2019-09-12 10:53:37,616 [b36b3368-613a-431f-908a-5edf1c2542ba-SegmentedRaftLogWorker:Storage Directory /workdir/hadoop-ozone/integration-test/target/test-dir/MiniOzoneClusterImpl-0aac579c-f8ad-49ec-a94e-9a436a9c79c1/datanode-1/data/ratis/082cd918-7f1f-47bb-9de1-d4ac861bc4fc] INFO  segmented.SegmentedRaftLogWorker (SegmentedRaftLogWorker.java:execute(569)) - b36b3368-613a-431f-908a-5edf1c2542ba-SegmentedRaftLogWorker:Storage Directory /workdir/hadoop-ozone/integration-test/target/test-dir/MiniOzoneClusterImpl-0aac579c-f8ad-49ec-a94e-9a436a9c79c1/datanode-1/data/ratis/082cd918-7f1f-47bb-9de1-d4ac861bc4fc: created new log segment /workdir/hadoop-ozone/integration-test/target/test-dir/MiniOzoneClusterImpl-0aac579c-f8ad-49ec-a94e-9a436a9c79c1/datanode-1/data/ratis/082cd918-7f1f-47bb-9de1-d4ac861bc4fc/current/log_inprogress_0
2019-09-12 10:53:37,616 [4e79f251-f4f2-46d8-98e5-a0ed6d578d1f-SegmentedRaftLogWorker:Storage Directory /workdir/hadoop-ozone/integration-test/target/test-dir/MiniOzoneClusterImpl-0aac579c-f8ad-49ec-a94e-9a436a9c79c1/datanode-2/data/ratis/d5451817-b611-44b2-9139-37a1bc51cd47] INFO  segmented.SegmentedRaftLogWorker (SegmentedRaftLogWorker.java:execute(569)) - 4e79f251-f4f2-46d8-98e5-a0ed6d578d1f-SegmentedRaftLogWorker:Storage Directory /workdir/hadoop-ozone/integration-test/target/test-dir/MiniOzoneClusterImpl-0aac579c-f8ad-49ec-a94e-9a436a9c79c1/datanode-2/data/ratis/d5451817-b611-44b2-9139-37a1bc51cd47: created new log segment /workdir/hadoop-ozone/integration-test/target/test-dir/MiniOzoneClusterImpl-0aac579c-f8ad-49ec-a94e-9a436a9c79c1/datanode-2/data/ratis/d5451817-b611-44b2-9139-37a1bc51cd47/current/log_inprogress_0
2019-09-12 10:53:37,652 [Thread-851] INFO  impl.FollowerState (FollowerState.java:run(106)) - b49fccba-7697-4103-b8d6-57050bb52229:group-3B2FCF8BA8E0 changes to CANDIDATE, lastRpcTime:1027, electionTimeout:1027ms
2019-09-12 10:53:37,652 [Thread-851] INFO  impl.RoleInfo (RoleInfo.java:shutdownFollowerState(121)) - b49fccba-7697-4103-b8d6-57050bb52229: shutdown FollowerState
2019-09-12 10:53:37,653 [Thread-851] INFO  impl.RaftServerImpl (RaftServerImpl.java:setRole(171)) - b49fccba-7697-4103-b8d6-57050bb52229:group-3B2FCF8BA8E0 changes role from FOLLOWER to CANDIDATE at term 0 for changeToCandidate
2019-09-12 10:53:37,653 [Thread-851] INFO  impl.RoleInfo (RoleInfo.java:updateAndGet(143)) - b49fccba-7697-4103-b8d6-57050bb52229: start LeaderElection
2019-09-12 10:53:37,660 [Thread-848] INFO  impl.FollowerState (FollowerState.java:run(106)) - b49fccba-7697-4103-b8d6-57050bb52229:group-EA0BB6EC4BE1 changes to CANDIDATE, lastRpcTime:1081, electionTimeout:1081ms
2019-09-12 10:53:37,660 [Thread-848] INFO  impl.RoleInfo (RoleInfo.java:shutdownFollowerState(121)) - b49fccba-7697-4103-b8d6-57050bb52229: shutdown FollowerState
2019-09-12 10:53:37,660 [Thread-848] INFO  impl.RaftServerImpl (RaftServerImpl.java:setRole(171)) - b49fccba-7697-4103-b8d6-57050bb52229:group-EA0BB6EC4BE1 changes role from FOLLOWER to CANDIDATE at term 0 for changeToCandidate
2019-09-12 10:53:37,661 [Thread-848] INFO  impl.RoleInfo (RoleInfo.java:updateAndGet(143)) - b49fccba-7697-4103-b8d6-57050bb52229: start LeaderElection
2019-09-12 10:53:37,666 [b49fccba-7697-4103-b8d6-57050bb52229:group-3B2FCF8BA8E0:LeaderElection75] INFO  impl.LeaderElection (LeaderElection.java:askForVotes(181)) - b49fccba-7697-4103-b8d6-57050bb52229:group-3B2FCF8BA8E0:LeaderElection75: begin an election at term 1 for -1: [b49fccba-7697-4103-b8d6-57050bb52229:192.168.157.195:46518], old=null
2019-09-12 10:53:37,666 [b49fccba-7697-4103-b8d6-57050bb52229:group-EA0BB6EC4BE1:LeaderElection76] INFO  impl.LeaderElection (LeaderElection.java:askForVotes(181)) - b49fccba-7697-4103-b8d6-57050bb52229:group-EA0BB6EC4BE1:LeaderElection76: begin an election at term 1 for -1: [b49fccba-7697-4103-b8d6-57050bb52229:192.168.157.195:46518], old=null
2019-09-12 10:53:37,666 [b49fccba-7697-4103-b8d6-57050bb52229:group-3B2FCF8BA8E0:LeaderElection75] INFO  impl.RoleInfo (RoleInfo.java:shutdownLeaderElection(134)) - b49fccba-7697-4103-b8d6-57050bb52229: shutdown LeaderElection
2019-09-12 10:53:37,667 [b49fccba-7697-4103-b8d6-57050bb52229:group-EA0BB6EC4BE1:LeaderElection76] INFO  impl.RoleInfo (RoleInfo.java:shutdownLeaderElection(134)) - b49fccba-7697-4103-b8d6-57050bb52229: shutdown LeaderElection
2019-09-12 10:53:37,667 [b49fccba-7697-4103-b8d6-57050bb52229:group-3B2FCF8BA8E0:LeaderElection75] INFO  impl.RaftServerImpl (RaftServerImpl.java:setRole(171)) - b49fccba-7697-4103-b8d6-57050bb52229:group-3B2FCF8BA8E0 changes role from CANDIDATE to LEADER at term 1 for changeToLeader
2019-09-12 10:53:37,667 [b49fccba-7697-4103-b8d6-57050bb52229:group-EA0BB6EC4BE1:LeaderElection76] INFO  impl.RaftServerImpl (RaftServerImpl.java:setRole(171)) - b49fccba-7697-4103-b8d6-57050bb52229:group-EA0BB6EC4BE1 changes role from CANDIDATE to LEADER at term 1 for changeToLeader
2019-09-12 10:53:37,667 [b49fccba-7697-4103-b8d6-57050bb52229:group-3B2FCF8BA8E0:LeaderElection75] INFO  impl.RaftServerImpl (ServerState.java:setLeader(263)) - b49fccba-7697-4103-b8d6-57050bb52229:group-3B2FCF8BA8E0 change Leader from null to b49fccba-7697-4103-b8d6-57050bb52229 at term 1 for becomeLeader, leader elected after 1047ms
2019-09-12 10:53:37,667 [b49fccba-7697-4103-b8d6-57050bb52229:group-EA0BB6EC4BE1:LeaderElection76] INFO  impl.RaftServerImpl (ServerState.java:setLeader(263)) - b49fccba-7697-4103-b8d6-57050bb52229:group-EA0BB6EC4BE1 change Leader from null to b49fccba-7697-4103-b8d6-57050bb52229 at term 1 for becomeLeader, leader elected after 1092ms
2019-09-12 10:53:37,667 [b49fccba-7697-4103-b8d6-57050bb52229:group-3B2FCF8BA8E0:LeaderElection75] INFO  server.RaftServerConfigKeys (ConfUtils.java:logGet(43)) - raft.server.staging.catchup.gap = 1000 (default)
2019-09-12 10:53:37,667 [b49fccba-7697-4103-b8d6-57050bb52229:group-EA0BB6EC4BE1:LeaderElection76] INFO  server.RaftServerConfigKeys (ConfUtils.java:logGet(43)) - raft.server.staging.catchup.gap = 1000 (default)
2019-09-12 10:53:37,667 [b49fccba-7697-4103-b8d6-57050bb52229:group-3B2FCF8BA8E0:LeaderElection75] INFO  server.RaftServerConfigKeys (ConfUtils.java:logGet(43)) - raft.server.rpc.sleep.time = 25ms (default)
2019-09-12 10:53:37,667 [b49fccba-7697-4103-b8d6-57050bb52229:group-EA0BB6EC4BE1:LeaderElection76] INFO  server.RaftServerConfigKeys (ConfUtils.java:logGet(43)) - raft.server.rpc.sleep.time = 25ms (default)
2019-09-12 10:53:37,667 [b49fccba-7697-4103-b8d6-57050bb52229:group-3B2FCF8BA8E0:LeaderElection75] INFO  server.RaftServerConfigKeys (ConfUtils.java:logGet(43)) - raft.server.write.element-limit = 4096 (default)
2019-09-12 10:53:37,667 [b49fccba-7697-4103-b8d6-57050bb52229:group-EA0BB6EC4BE1:LeaderElection76] INFO  server.RaftServerConfigKeys (ConfUtils.java:logGet(43)) - raft.server.write.element-limit = 4096 (default)
2019-09-12 10:53:37,667 [b49fccba-7697-4103-b8d6-57050bb52229:group-3B2FCF8BA8E0:LeaderElection75] INFO  server.RaftServerConfigKeys (ConfUtils.java:logGet(43)) - raft.server.watch.timeout = 10s (default)
2019-09-12 10:53:37,668 [b49fccba-7697-4103-b8d6-57050bb52229:group-EA0BB6EC4BE1:LeaderElection76] INFO  server.RaftServerConfigKeys (ConfUtils.java:logGet(43)) - raft.server.watch.timeout = 10s (default)
2019-09-12 10:53:37,668 [b49fccba-7697-4103-b8d6-57050bb52229:group-3B2FCF8BA8E0:LeaderElection75] INFO  server.RaftServerConfigKeys (ConfUtils.java:logGet(43)) - raft.server.watch.timeout.denomination = 1s (default)
2019-09-12 10:53:37,668 [b49fccba-7697-4103-b8d6-57050bb52229:group-EA0BB6EC4BE1:LeaderElection76] INFO  server.RaftServerConfigKeys (ConfUtils.java:logGet(43)) - raft.server.watch.timeout.denomination = 1s (default)
2019-09-12 10:53:37,668 [b49fccba-7697-4103-b8d6-57050bb52229:group-3B2FCF8BA8E0:LeaderElection75] INFO  server.RaftServerConfigKeys (ConfUtils.java:logGet(43)) - raft.server.watch.element-limit = 65536 (default)
2019-09-12 10:53:37,668 [b49fccba-7697-4103-b8d6-57050bb52229:group-EA0BB6EC4BE1:LeaderElection76] INFO  server.RaftServerConfigKeys (ConfUtils.java:logGet(43)) - raft.server.watch.element-limit = 65536 (default)
2019-09-12 10:53:37,668 [b49fccba-7697-4103-b8d6-57050bb52229:group-3B2FCF8BA8E0:LeaderElection75] INFO  impl.RoleInfo (RoleInfo.java:updateAndGet(143)) - b49fccba-7697-4103-b8d6-57050bb52229: start LeaderState
2019-09-12 10:53:37,668 [b49fccba-7697-4103-b8d6-57050bb52229:group-EA0BB6EC4BE1:LeaderElection76] INFO  impl.RoleInfo (RoleInfo.java:updateAndGet(143)) - b49fccba-7697-4103-b8d6-57050bb52229: start LeaderState
2019-09-12 10:53:37,668 [b49fccba-7697-4103-b8d6-57050bb52229:group-3B2FCF8BA8E0:LeaderElection75] INFO  segmented.SegmentedRaftLogWorker (SegmentedRaftLogWorker.java:startLogSegment(380)) - b49fccba-7697-4103-b8d6-57050bb52229-SegmentedRaftLogWorker:Storage Directory /workdir/hadoop-ozone/integration-test/target/test-dir/MiniOzoneClusterImpl-0aac579c-f8ad-49ec-a94e-9a436a9c79c1/datanode-3/data/ratis/6406cacb-31db-4336-b5b2-3b2fcf8ba8e0: Starting segment from index:0
2019-09-12 10:53:37,668 [b49fccba-7697-4103-b8d6-57050bb52229:group-EA0BB6EC4BE1:LeaderElection76] INFO  segmented.SegmentedRaftLogWorker (SegmentedRaftLogWorker.java:startLogSegment(380)) - b49fccba-7697-4103-b8d6-57050bb52229-SegmentedRaftLogWorker:Storage Directory /workdir/hadoop-ozone/integration-test/target/test-dir/MiniOzoneClusterImpl-0aac579c-f8ad-49ec-a94e-9a436a9c79c1/datanode-3/data/ratis/ade30d0d-6edd-472c-91ca-ea0bb6ec4be1: Starting segment from index:0
2019-09-12 10:53:37,669 [b49fccba-7697-4103-b8d6-57050bb52229:group-3B2FCF8BA8E0:LeaderElection75] INFO  impl.RaftServerImpl (ServerState.java:setRaftConf(361)) - b49fccba-7697-4103-b8d6-57050bb52229:group-3B2FCF8BA8E0 set configuration 0: [b49fccba-7697-4103-b8d6-57050bb52229:192.168.157.195:46518], old=null at 0
2019-09-12 10:53:37,669 [b49fccba-7697-4103-b8d6-57050bb52229:group-EA0BB6EC4BE1:LeaderElection76] INFO  impl.RaftServerImpl (ServerState.java:setRaftConf(361)) - b49fccba-7697-4103-b8d6-57050bb52229:group-EA0BB6EC4BE1 set configuration 0: [b49fccba-7697-4103-b8d6-57050bb52229:192.168.157.195:46518], old=null at 0
2019-09-12 10:53:37,707 [b49fccba-7697-4103-b8d6-57050bb52229-SegmentedRaftLogWorker:Storage Directory /workdir/hadoop-ozone/integration-test/target/test-dir/MiniOzoneClusterImpl-0aac579c-f8ad-49ec-a94e-9a436a9c79c1/datanode-3/data/ratis/ade30d0d-6edd-472c-91ca-ea0bb6ec4be1] INFO  segmented.SegmentedRaftLogWorker (SegmentedRaftLogWorker.java:execute(569)) - b49fccba-7697-4103-b8d6-57050bb52229-SegmentedRaftLogWorker:Storage Directory /workdir/hadoop-ozone/integration-test/target/test-dir/MiniOzoneClusterImpl-0aac579c-f8ad-49ec-a94e-9a436a9c79c1/datanode-3/data/ratis/ade30d0d-6edd-472c-91ca-ea0bb6ec4be1: created new log segment /workdir/hadoop-ozone/integration-test/target/test-dir/MiniOzoneClusterImpl-0aac579c-f8ad-49ec-a94e-9a436a9c79c1/datanode-3/data/ratis/ade30d0d-6edd-472c-91ca-ea0bb6ec4be1/current/log_inprogress_0
2019-09-12 10:53:37,707 [b49fccba-7697-4103-b8d6-57050bb52229-SegmentedRaftLogWorker:Storage Directory /workdir/hadoop-ozone/integration-test/target/test-dir/MiniOzoneClusterImpl-0aac579c-f8ad-49ec-a94e-9a436a9c79c1/datanode-3/data/ratis/6406cacb-31db-4336-b5b2-3b2fcf8ba8e0] INFO  segmented.SegmentedRaftLogWorker (SegmentedRaftLogWorker.java:execute(569)) - b49fccba-7697-4103-b8d6-57050bb52229-SegmentedRaftLogWorker:Storage Directory /workdir/hadoop-ozone/integration-test/target/test-dir/MiniOzoneClusterImpl-0aac579c-f8ad-49ec-a94e-9a436a9c79c1/datanode-3/data/ratis/6406cacb-31db-4336-b5b2-3b2fcf8ba8e0: created new log segment /workdir/hadoop-ozone/integration-test/target/test-dir/MiniOzoneClusterImpl-0aac579c-f8ad-49ec-a94e-9a436a9c79c1/datanode-3/data/ratis/6406cacb-31db-4336-b5b2-3b2fcf8ba8e0/current/log_inprogress_0
2019-09-12 10:53:37,716 [Thread-854] INFO  impl.FollowerState (FollowerState.java:run(106)) - 4e79f251-f4f2-46d8-98e5-a0ed6d578d1f:group-182DA133B454 changes to CANDIDATE, lastRpcTime:1045, electionTimeout:1045ms
2019-09-12 10:53:37,716 [Thread-854] INFO  impl.RoleInfo (RoleInfo.java:shutdownFollowerState(121)) - 4e79f251-f4f2-46d8-98e5-a0ed6d578d1f: shutdown FollowerState
2019-09-12 10:53:37,716 [Thread-854] INFO  impl.RaftServerImpl (RaftServerImpl.java:setRole(171)) - 4e79f251-f4f2-46d8-98e5-a0ed6d578d1f:group-182DA133B454 changes role from FOLLOWER to CANDIDATE at term 0 for changeToCandidate
2019-09-12 10:53:37,716 [Thread-854] INFO  impl.RoleInfo (RoleInfo.java:updateAndGet(143)) - 4e79f251-f4f2-46d8-98e5-a0ed6d578d1f: start LeaderElection
2019-09-12 10:53:37,729 [4e79f251-f4f2-46d8-98e5-a0ed6d578d1f:group-182DA133B454:LeaderElection77] INFO  impl.LeaderElection (LeaderElection.java:askForVotes(181)) - 4e79f251-f4f2-46d8-98e5-a0ed6d578d1f:group-182DA133B454:LeaderElection77: begin an election at term 1 for -1: [4e79f251-f4f2-46d8-98e5-a0ed6d578d1f:192.168.157.195:36131], old=null
2019-09-12 10:53:37,729 [4e79f251-f4f2-46d8-98e5-a0ed6d578d1f:group-182DA133B454:LeaderElection77] INFO  impl.RoleInfo (RoleInfo.java:shutdownLeaderElection(134)) - 4e79f251-f4f2-46d8-98e5-a0ed6d578d1f: shutdown LeaderElection
2019-09-12 10:53:37,729 [4e79f251-f4f2-46d8-98e5-a0ed6d578d1f:group-182DA133B454:LeaderElection77] INFO  impl.RaftServerImpl (RaftServerImpl.java:setRole(171)) - 4e79f251-f4f2-46d8-98e5-a0ed6d578d1f:group-182DA133B454 changes role from CANDIDATE to LEADER at term 1 for changeToLeader
2019-09-12 10:53:37,730 [4e79f251-f4f2-46d8-98e5-a0ed6d578d1f:group-182DA133B454:LeaderElection77] INFO  impl.RaftServerImpl (ServerState.java:setLeader(263)) - 4e79f251-f4f2-46d8-98e5-a0ed6d578d1f:group-182DA133B454 change Leader from null to 4e79f251-f4f2-46d8-98e5-a0ed6d578d1f at term 1 for becomeLeader, leader elected after 1065ms
2019-09-12 10:53:37,730 [4e79f251-f4f2-46d8-98e5-a0ed6d578d1f:group-182DA133B454:LeaderElection77] INFO  server.RaftServerConfigKeys (ConfUtils.java:logGet(43)) - raft.server.staging.catchup.gap = 1000 (default)
2019-09-12 10:53:37,730 [4e79f251-f4f2-46d8-98e5-a0ed6d578d1f:group-182DA133B454:LeaderElection77] INFO  server.RaftServerConfigKeys (ConfUtils.java:logGet(43)) - raft.server.rpc.sleep.time = 25ms (default)
2019-09-12 10:53:37,730 [4e79f251-f4f2-46d8-98e5-a0ed6d578d1f:group-182DA133B454:LeaderElection77] INFO  server.RaftServerConfigKeys (ConfUtils.java:logGet(43)) - raft.server.write.element-limit = 4096 (default)
2019-09-12 10:53:37,730 [4e79f251-f4f2-46d8-98e5-a0ed6d578d1f:group-182DA133B454:LeaderElection77] INFO  server.RaftServerConfigKeys (ConfUtils.java:logGet(43)) - raft.server.watch.timeout = 10s (default)
2019-09-12 10:53:37,730 [4e79f251-f4f2-46d8-98e5-a0ed6d578d1f:group-182DA133B454:LeaderElection77] INFO  server.RaftServerConfigKeys (ConfUtils.java:logGet(43)) - raft.server.watch.timeout.denomination = 1s (default)
2019-09-12 10:53:37,730 [4e79f251-f4f2-46d8-98e5-a0ed6d578d1f:group-182DA133B454:LeaderElection77] INFO  server.RaftServerConfigKeys (ConfUtils.java:logGet(43)) - raft.server.watch.element-limit = 65536 (default)
2019-09-12 10:53:37,730 [4e79f251-f4f2-46d8-98e5-a0ed6d578d1f:group-182DA133B454:LeaderElection77] INFO  impl.RoleInfo (RoleInfo.java:updateAndGet(143)) - 4e79f251-f4f2-46d8-98e5-a0ed6d578d1f: start LeaderState
2019-09-12 10:53:37,731 [4e79f251-f4f2-46d8-98e5-a0ed6d578d1f:group-182DA133B454:LeaderElection77] INFO  segmented.SegmentedRaftLogWorker (SegmentedRaftLogWorker.java:startLogSegment(380)) - 4e79f251-f4f2-46d8-98e5-a0ed6d578d1f-SegmentedRaftLogWorker:Storage Directory /workdir/hadoop-ozone/integration-test/target/test-dir/MiniOzoneClusterImpl-0aac579c-f8ad-49ec-a94e-9a436a9c79c1/datanode-2/data/ratis/cdf618fb-180d-4b4e-bda6-182da133b454: Starting segment from index:0
2019-09-12 10:53:37,731 [4e79f251-f4f2-46d8-98e5-a0ed6d578d1f:group-182DA133B454:LeaderElection77] INFO  impl.RaftServerImpl (ServerState.java:setRaftConf(361)) - 4e79f251-f4f2-46d8-98e5-a0ed6d578d1f:group-182DA133B454 set configuration 0: [4e79f251-f4f2-46d8-98e5-a0ed6d578d1f:192.168.157.195:36131], old=null at 0
2019-09-12 10:53:37,785 [4e79f251-f4f2-46d8-98e5-a0ed6d578d1f-SegmentedRaftLogWorker:Storage Directory /workdir/hadoop-ozone/integration-test/target/test-dir/MiniOzoneClusterImpl-0aac579c-f8ad-49ec-a94e-9a436a9c79c1/datanode-2/data/ratis/cdf618fb-180d-4b4e-bda6-182da133b454] INFO  segmented.SegmentedRaftLogWorker (SegmentedRaftLogWorker.java:execute(569)) - 4e79f251-f4f2-46d8-98e5-a0ed6d578d1f-SegmentedRaftLogWorker:Storage Directory /workdir/hadoop-ozone/integration-test/target/test-dir/MiniOzoneClusterImpl-0aac579c-f8ad-49ec-a94e-9a436a9c79c1/datanode-2/data/ratis/cdf618fb-180d-4b4e-bda6-182da133b454: created new log segment /workdir/hadoop-ozone/integration-test/target/test-dir/MiniOzoneClusterImpl-0aac579c-f8ad-49ec-a94e-9a436a9c79c1/datanode-2/data/ratis/cdf618fb-180d-4b4e-bda6-182da133b454/current/log_inprogress_0
2019-09-12 10:53:37,812 [Thread-860] INFO  impl.FollowerState (FollowerState.java:run(106)) - b49fccba-7697-4103-b8d6-57050bb52229:group-7A1537ACEB65 changes to CANDIDATE, lastRpcTime:1041, electionTimeout:1041ms
2019-09-12 10:53:37,812 [Thread-860] INFO  impl.RoleInfo (RoleInfo.java:shutdownFollowerState(121)) - b49fccba-7697-4103-b8d6-57050bb52229: shutdown FollowerState
2019-09-12 10:53:37,812 [Thread-860] INFO  impl.RaftServerImpl (RaftServerImpl.java:setRole(171)) - b49fccba-7697-4103-b8d6-57050bb52229:group-7A1537ACEB65 changes role from FOLLOWER to CANDIDATE at term 0 for changeToCandidate
2019-09-12 10:53:37,812 [Thread-860] INFO  impl.RoleInfo (RoleInfo.java:updateAndGet(143)) - b49fccba-7697-4103-b8d6-57050bb52229: start LeaderElection
2019-09-12 10:53:37,825 [b49fccba-7697-4103-b8d6-57050bb52229:group-7A1537ACEB65:LeaderElection78] INFO  impl.LeaderElection (LeaderElection.java:askForVotes(181)) - b49fccba-7697-4103-b8d6-57050bb52229:group-7A1537ACEB65:LeaderElection78: begin an election at term 1 for -1: [b49fccba-7697-4103-b8d6-57050bb52229:192.168.157.195:46518], old=null
2019-09-12 10:53:37,825 [b49fccba-7697-4103-b8d6-57050bb52229:group-7A1537ACEB65:LeaderElection78] INFO  impl.RoleInfo (RoleInfo.java:shutdownLeaderElection(134)) - b49fccba-7697-4103-b8d6-57050bb52229: shutdown LeaderElection
2019-09-12 10:53:37,825 [b49fccba-7697-4103-b8d6-57050bb52229:group-7A1537ACEB65:LeaderElection78] INFO  impl.RaftServerImpl (RaftServerImpl.java:setRole(171)) - b49fccba-7697-4103-b8d6-57050bb52229:group-7A1537ACEB65 changes role from CANDIDATE to LEADER at term 1 for changeToLeader
2019-09-12 10:53:37,826 [b49fccba-7697-4103-b8d6-57050bb52229:group-7A1537ACEB65:LeaderElection78] INFO  impl.RaftServerImpl (ServerState.java:setLeader(263)) - b49fccba-7697-4103-b8d6-57050bb52229:group-7A1537ACEB65 change Leader from null to b49fccba-7697-4103-b8d6-57050bb52229 at term 1 for becomeLeader, leader elected after 1058ms
2019-09-12 10:53:37,826 [b49fccba-7697-4103-b8d6-57050bb52229:group-7A1537ACEB65:LeaderElection78] INFO  server.RaftServerConfigKeys (ConfUtils.java:logGet(43)) - raft.server.staging.catchup.gap = 1000 (default)
2019-09-12 10:53:37,826 [b49fccba-7697-4103-b8d6-57050bb52229:group-7A1537ACEB65:LeaderElection78] INFO  server.RaftServerConfigKeys (ConfUtils.java:logGet(43)) - raft.server.rpc.sleep.time = 25ms (default)
2019-09-12 10:53:37,826 [b49fccba-7697-4103-b8d6-57050bb52229:group-7A1537ACEB65:LeaderElection78] INFO  server.RaftServerConfigKeys (ConfUtils.java:logGet(43)) - raft.server.write.element-limit = 4096 (default)
2019-09-12 10:53:37,826 [b49fccba-7697-4103-b8d6-57050bb52229:group-7A1537ACEB65:LeaderElection78] INFO  server.RaftServerConfigKeys (ConfUtils.java:logGet(43)) - raft.server.watch.timeout = 10s (default)
2019-09-12 10:53:37,826 [b49fccba-7697-4103-b8d6-57050bb52229:group-7A1537ACEB65:LeaderElection78] INFO  server.RaftServerConfigKeys (ConfUtils.java:logGet(43)) - raft.server.watch.timeout.denomination = 1s (default)
2019-09-12 10:53:37,827 [b49fccba-7697-4103-b8d6-57050bb52229:group-7A1537ACEB65:LeaderElection78] INFO  server.RaftServerConfigKeys (ConfUtils.java:logGet(43)) - raft.server.watch.element-limit = 65536 (default)
2019-09-12 10:53:37,827 [b49fccba-7697-4103-b8d6-57050bb52229:group-7A1537ACEB65:LeaderElection78] INFO  impl.RoleInfo (RoleInfo.java:updateAndGet(143)) - b49fccba-7697-4103-b8d6-57050bb52229: start LeaderState
2019-09-12 10:53:37,827 [b49fccba-7697-4103-b8d6-57050bb52229:group-7A1537ACEB65:LeaderElection78] INFO  segmented.SegmentedRaftLogWorker (SegmentedRaftLogWorker.java:startLogSegment(380)) - b49fccba-7697-4103-b8d6-57050bb52229-SegmentedRaftLogWorker:Storage Directory /workdir/hadoop-ozone/integration-test/target/test-dir/MiniOzoneClusterImpl-0aac579c-f8ad-49ec-a94e-9a436a9c79c1/datanode-3/data/ratis/3343a441-957b-4877-a09a-7a1537aceb65: Starting segment from index:0
2019-09-12 10:53:37,828 [b49fccba-7697-4103-b8d6-57050bb52229:group-7A1537ACEB65:LeaderElection78] INFO  impl.RaftServerImpl (ServerState.java:setRaftConf(361)) - b49fccba-7697-4103-b8d6-57050bb52229:group-7A1537ACEB65 set configuration 0: [b49fccba-7697-4103-b8d6-57050bb52229:192.168.157.195:46518], old=null at 0
2019-09-12 10:53:37,871 [b49fccba-7697-4103-b8d6-57050bb52229-SegmentedRaftLogWorker:Storage Directory /workdir/hadoop-ozone/integration-test/target/test-dir/MiniOzoneClusterImpl-0aac579c-f8ad-49ec-a94e-9a436a9c79c1/datanode-3/data/ratis/3343a441-957b-4877-a09a-7a1537aceb65] INFO  segmented.SegmentedRaftLogWorker (SegmentedRaftLogWorker.java:execute(569)) - b49fccba-7697-4103-b8d6-57050bb52229-SegmentedRaftLogWorker:Storage Directory /workdir/hadoop-ozone/integration-test/target/test-dir/MiniOzoneClusterImpl-0aac579c-f8ad-49ec-a94e-9a436a9c79c1/datanode-3/data/ratis/3343a441-957b-4877-a09a-7a1537aceb65: created new log segment /workdir/hadoop-ozone/integration-test/target/test-dir/MiniOzoneClusterImpl-0aac579c-f8ad-49ec-a94e-9a436a9c79c1/datanode-3/data/ratis/3343a441-957b-4877-a09a-7a1537aceb65/current/log_inprogress_0
2019-09-12 10:53:37,872 | INFO  | SCMAudit | user=jenkins1000 | ip=192.168.157.195 | op=SEND_HEARTBEAT {datanodeUUID=9c89c98f-dc1b-41da-bccf-9aab26cf5a48, command=[]} | ret=SUCCESS |  
2019-09-12 10:53:37,908 [Thread-857] INFO  impl.FollowerState (FollowerState.java:run(106)) - 4e79f251-f4f2-46d8-98e5-a0ed6d578d1f:group-E11119299B15 changes to CANDIDATE, lastRpcTime:1179, electionTimeout:1179ms
2019-09-12 10:53:37,908 [Thread-857] INFO  impl.RoleInfo (RoleInfo.java:shutdownFollowerState(121)) - 4e79f251-f4f2-46d8-98e5-a0ed6d578d1f: shutdown FollowerState
2019-09-12 10:53:37,908 [Thread-857] INFO  impl.RaftServerImpl (RaftServerImpl.java:setRole(171)) - 4e79f251-f4f2-46d8-98e5-a0ed6d578d1f:group-E11119299B15 changes role from FOLLOWER to CANDIDATE at term 0 for changeToCandidate
2019-09-12 10:53:37,908 [Thread-857] INFO  impl.RoleInfo (RoleInfo.java:updateAndGet(143)) - 4e79f251-f4f2-46d8-98e5-a0ed6d578d1f: start LeaderElection
2019-09-12 10:53:37,922 [4e79f251-f4f2-46d8-98e5-a0ed6d578d1f:group-E11119299B15:LeaderElection79] INFO  impl.LeaderElection (LeaderElection.java:askForVotes(181)) - 4e79f251-f4f2-46d8-98e5-a0ed6d578d1f:group-E11119299B15:LeaderElection79: begin an election at term 1 for -1: [4e79f251-f4f2-46d8-98e5-a0ed6d578d1f:192.168.157.195:36131], old=null
2019-09-12 10:53:37,922 [4e79f251-f4f2-46d8-98e5-a0ed6d578d1f:group-E11119299B15:LeaderElection79] INFO  impl.RoleInfo (RoleInfo.java:shutdownLeaderElection(134)) - 4e79f251-f4f2-46d8-98e5-a0ed6d578d1f: shutdown LeaderElection
2019-09-12 10:53:37,922 [4e79f251-f4f2-46d8-98e5-a0ed6d578d1f:group-E11119299B15:LeaderElection79] INFO  impl.RaftServerImpl (RaftServerImpl.java:setRole(171)) - 4e79f251-f4f2-46d8-98e5-a0ed6d578d1f:group-E11119299B15 changes role from CANDIDATE to LEADER at term 1 for changeToLeader
2019-09-12 10:53:37,922 [4e79f251-f4f2-46d8-98e5-a0ed6d578d1f:group-E11119299B15:LeaderElection79] INFO  impl.RaftServerImpl (ServerState.java:setLeader(263)) - 4e79f251-f4f2-46d8-98e5-a0ed6d578d1f:group-E11119299B15 change Leader from null to 4e79f251-f4f2-46d8-98e5-a0ed6d578d1f at term 1 for becomeLeader, leader elected after 1198ms
2019-09-12 10:53:37,922 [4e79f251-f4f2-46d8-98e5-a0ed6d578d1f:group-E11119299B15:LeaderElection79] INFO  server.RaftServerConfigKeys (ConfUtils.java:logGet(43)) - raft.server.staging.catchup.gap = 1000 (default)
2019-09-12 10:53:37,922 [4e79f251-f4f2-46d8-98e5-a0ed6d578d1f:group-E11119299B15:LeaderElection79] INFO  server.RaftServerConfigKeys (ConfUtils.java:logGet(43)) - raft.server.rpc.sleep.time = 25ms (default)
2019-09-12 10:53:37,922 [4e79f251-f4f2-46d8-98e5-a0ed6d578d1f:group-E11119299B15:LeaderElection79] INFO  server.RaftServerConfigKeys (ConfUtils.java:logGet(43)) - raft.server.write.element-limit = 4096 (default)
2019-09-12 10:53:37,923 [4e79f251-f4f2-46d8-98e5-a0ed6d578d1f:group-E11119299B15:LeaderElection79] INFO  server.RaftServerConfigKeys (ConfUtils.java:logGet(43)) - raft.server.watch.timeout = 10s (default)
2019-09-12 10:53:37,923 [4e79f251-f4f2-46d8-98e5-a0ed6d578d1f:group-E11119299B15:LeaderElection79] INFO  server.RaftServerConfigKeys (ConfUtils.java:logGet(43)) - raft.server.watch.timeout.denomination = 1s (default)
2019-09-12 10:53:37,923 [4e79f251-f4f2-46d8-98e5-a0ed6d578d1f:group-E11119299B15:LeaderElection79] INFO  server.RaftServerConfigKeys (ConfUtils.java:logGet(43)) - raft.server.watch.element-limit = 65536 (default)
2019-09-12 10:53:37,923 [4e79f251-f4f2-46d8-98e5-a0ed6d578d1f:group-E11119299B15:LeaderElection79] INFO  impl.RoleInfo (RoleInfo.java:updateAndGet(143)) - 4e79f251-f4f2-46d8-98e5-a0ed6d578d1f: start LeaderState
2019-09-12 10:53:37,923 [4e79f251-f4f2-46d8-98e5-a0ed6d578d1f:group-E11119299B15:LeaderElection79] INFO  segmented.SegmentedRaftLogWorker (SegmentedRaftLogWorker.java:startLogSegment(380)) - 4e79f251-f4f2-46d8-98e5-a0ed6d578d1f-SegmentedRaftLogWorker:Storage Directory /workdir/hadoop-ozone/integration-test/target/test-dir/MiniOzoneClusterImpl-0aac579c-f8ad-49ec-a94e-9a436a9c79c1/datanode-2/data/ratis/044a2ee5-142c-44bb-8b20-e11119299b15: Starting segment from index:0
2019-09-12 10:53:37,924 [4e79f251-f4f2-46d8-98e5-a0ed6d578d1f:group-E11119299B15:LeaderElection79] INFO  impl.RaftServerImpl (ServerState.java:setRaftConf(361)) - 4e79f251-f4f2-46d8-98e5-a0ed6d578d1f:group-E11119299B15 set configuration 0: [4e79f251-f4f2-46d8-98e5-a0ed6d578d1f:192.168.157.195:36131], old=null at 0
2019-09-12 10:53:37,934 [Thread-869] INFO  impl.FollowerState (FollowerState.java:run(106)) - 226b4809-1310-4df7-b0e3-70448e94a1e8:group-8E9DC71ACA8C changes to CANDIDATE, lastRpcTime:1032, electionTimeout:1032ms
2019-09-12 10:53:37,934 [Thread-869] INFO  impl.RoleInfo (RoleInfo.java:shutdownFollowerState(121)) - 226b4809-1310-4df7-b0e3-70448e94a1e8: shutdown FollowerState
2019-09-12 10:53:37,934 [Thread-869] INFO  impl.RaftServerImpl (RaftServerImpl.java:setRole(171)) - 226b4809-1310-4df7-b0e3-70448e94a1e8:group-8E9DC71ACA8C changes role from FOLLOWER to CANDIDATE at term 0 for changeToCandidate
2019-09-12 10:53:37,935 [Thread-869] INFO  impl.RoleInfo (RoleInfo.java:updateAndGet(143)) - 226b4809-1310-4df7-b0e3-70448e94a1e8: start LeaderElection
2019-09-12 10:53:37,948 [226b4809-1310-4df7-b0e3-70448e94a1e8:group-8E9DC71ACA8C:LeaderElection80] INFO  impl.LeaderElection (LeaderElection.java:askForVotes(181)) - 226b4809-1310-4df7-b0e3-70448e94a1e8:group-8E9DC71ACA8C:LeaderElection80: begin an election at term 1 for -1: [226b4809-1310-4df7-b0e3-70448e94a1e8:192.168.157.195:37819], old=null
2019-09-12 10:53:37,948 [226b4809-1310-4df7-b0e3-70448e94a1e8:group-8E9DC71ACA8C:LeaderElection80] INFO  impl.RoleInfo (RoleInfo.java:shutdownLeaderElection(134)) - 226b4809-1310-4df7-b0e3-70448e94a1e8: shutdown LeaderElection
2019-09-12 10:53:37,948 [226b4809-1310-4df7-b0e3-70448e94a1e8:group-8E9DC71ACA8C:LeaderElection80] INFO  impl.RaftServerImpl (RaftServerImpl.java:setRole(171)) - 226b4809-1310-4df7-b0e3-70448e94a1e8:group-8E9DC71ACA8C changes role from CANDIDATE to LEADER at term 1 for changeToLeader
2019-09-12 10:53:37,948 [226b4809-1310-4df7-b0e3-70448e94a1e8:group-8E9DC71ACA8C:LeaderElection80] INFO  impl.RaftServerImpl (ServerState.java:setLeader(263)) - 226b4809-1310-4df7-b0e3-70448e94a1e8:group-8E9DC71ACA8C change Leader from null to 226b4809-1310-4df7-b0e3-70448e94a1e8 at term 1 for becomeLeader, leader elected after 1051ms
2019-09-12 10:53:37,948 [226b4809-1310-4df7-b0e3-70448e94a1e8:group-8E9DC71ACA8C:LeaderElection80] INFO  server.RaftServerConfigKeys (ConfUtils.java:logGet(43)) - raft.server.staging.catchup.gap = 1000 (default)
2019-09-12 10:53:37,948 [226b4809-1310-4df7-b0e3-70448e94a1e8:group-8E9DC71ACA8C:LeaderElection80] INFO  server.RaftServerConfigKeys (ConfUtils.java:logGet(43)) - raft.server.rpc.sleep.time = 25ms (default)
2019-09-12 10:53:37,949 [226b4809-1310-4df7-b0e3-70448e94a1e8:group-8E9DC71ACA8C:LeaderElection80] INFO  server.RaftServerConfigKeys (ConfUtils.java:logGet(43)) - raft.server.write.element-limit = 4096 (default)
2019-09-12 10:53:37,949 [226b4809-1310-4df7-b0e3-70448e94a1e8:group-8E9DC71ACA8C:LeaderElection80] INFO  server.RaftServerConfigKeys (ConfUtils.java:logGet(43)) - raft.server.watch.timeout = 10s (default)
2019-09-12 10:53:37,949 [226b4809-1310-4df7-b0e3-70448e94a1e8:group-8E9DC71ACA8C:LeaderElection80] INFO  server.RaftServerConfigKeys (ConfUtils.java:logGet(43)) - raft.server.watch.timeout.denomination = 1s (default)
2019-09-12 10:53:37,949 [226b4809-1310-4df7-b0e3-70448e94a1e8:group-8E9DC71ACA8C:LeaderElection80] INFO  server.RaftServerConfigKeys (ConfUtils.java:logGet(43)) - raft.server.watch.element-limit = 65536 (default)
2019-09-12 10:53:37,949 [226b4809-1310-4df7-b0e3-70448e94a1e8:group-8E9DC71ACA8C:LeaderElection80] INFO  impl.RoleInfo (RoleInfo.java:updateAndGet(143)) - 226b4809-1310-4df7-b0e3-70448e94a1e8: start LeaderState
2019-09-12 10:53:37,949 [4e79f251-f4f2-46d8-98e5-a0ed6d578d1f-SegmentedRaftLogWorker:Storage Directory /workdir/hadoop-ozone/integration-test/target/test-dir/MiniOzoneClusterImpl-0aac579c-f8ad-49ec-a94e-9a436a9c79c1/datanode-2/data/ratis/044a2ee5-142c-44bb-8b20-e11119299b15] INFO  segmented.SegmentedRaftLogWorker (SegmentedRaftLogWorker.java:execute(569)) - 4e79f251-f4f2-46d8-98e5-a0ed6d578d1f-SegmentedRaftLogWorker:Storage Directory /workdir/hadoop-ozone/integration-test/target/test-dir/MiniOzoneClusterImpl-0aac579c-f8ad-49ec-a94e-9a436a9c79c1/datanode-2/data/ratis/044a2ee5-142c-44bb-8b20-e11119299b15: created new log segment /workdir/hadoop-ozone/integration-test/target/test-dir/MiniOzoneClusterImpl-0aac579c-f8ad-49ec-a94e-9a436a9c79c1/datanode-2/data/ratis/044a2ee5-142c-44bb-8b20-e11119299b15/current/log_inprogress_0
2019-09-12 10:53:37,949 [226b4809-1310-4df7-b0e3-70448e94a1e8:group-8E9DC71ACA8C:LeaderElection80] INFO  segmented.SegmentedRaftLogWorker (SegmentedRaftLogWorker.java:startLogSegment(380)) - 226b4809-1310-4df7-b0e3-70448e94a1e8-SegmentedRaftLogWorker:Storage Directory /workdir/hadoop-ozone/integration-test/target/test-dir/MiniOzoneClusterImpl-0aac579c-f8ad-49ec-a94e-9a436a9c79c1/datanode-4/data/ratis/0101e91d-8176-4e61-9eec-8e9dc71aca8c: Starting segment from index:0
2019-09-12 10:53:37,950 [226b4809-1310-4df7-b0e3-70448e94a1e8:group-8E9DC71ACA8C:LeaderElection80] INFO  impl.RaftServerImpl (ServerState.java:setRaftConf(361)) - 226b4809-1310-4df7-b0e3-70448e94a1e8:group-8E9DC71ACA8C set configuration 0: [226b4809-1310-4df7-b0e3-70448e94a1e8:192.168.157.195:37819], old=null at 0
2019-09-12 10:53:37,969 [Thread-866] INFO  impl.FollowerState (FollowerState.java:run(106)) - b49fccba-7697-4103-b8d6-57050bb52229:group-1B5D8227BE3F changes to CANDIDATE, lastRpcTime:1112, electionTimeout:1112ms
2019-09-12 10:53:37,969 [Thread-866] INFO  impl.RoleInfo (RoleInfo.java:shutdownFollowerState(121)) - b49fccba-7697-4103-b8d6-57050bb52229: shutdown FollowerState
2019-09-12 10:53:37,969 [Thread-866] INFO  impl.RaftServerImpl (RaftServerImpl.java:setRole(171)) - b49fccba-7697-4103-b8d6-57050bb52229:group-1B5D8227BE3F changes role from FOLLOWER to CANDIDATE at term 0 for changeToCandidate
2019-09-12 10:53:37,969 [Thread-866] INFO  impl.RoleInfo (RoleInfo.java:updateAndGet(143)) - b49fccba-7697-4103-b8d6-57050bb52229: start LeaderElection
2019-09-12 10:53:37,981 [Thread-863] INFO  impl.FollowerState (FollowerState.java:run(106)) - 4e79f251-f4f2-46d8-98e5-a0ed6d578d1f:group-D415B8DFE60D changes to CANDIDATE, lastRpcTime:1166, electionTimeout:1166ms
2019-09-12 10:53:37,981 [Thread-863] INFO  impl.RoleInfo (RoleInfo.java:shutdownFollowerState(121)) - 4e79f251-f4f2-46d8-98e5-a0ed6d578d1f: shutdown FollowerState
2019-09-12 10:53:37,981 [Thread-863] INFO  impl.RaftServerImpl (RaftServerImpl.java:setRole(171)) - 4e79f251-f4f2-46d8-98e5-a0ed6d578d1f:group-D415B8DFE60D changes role from FOLLOWER to CANDIDATE at term 0 for changeToCandidate
2019-09-12 10:53:37,981 [Thread-863] INFO  impl.RoleInfo (RoleInfo.java:updateAndGet(143)) - 4e79f251-f4f2-46d8-98e5-a0ed6d578d1f: start LeaderElection
2019-09-12 10:53:37,983 [226b4809-1310-4df7-b0e3-70448e94a1e8-SegmentedRaftLogWorker:Storage Directory /workdir/hadoop-ozone/integration-test/target/test-dir/MiniOzoneClusterImpl-0aac579c-f8ad-49ec-a94e-9a436a9c79c1/datanode-4/data/ratis/0101e91d-8176-4e61-9eec-8e9dc71aca8c] INFO  segmented.SegmentedRaftLogWorker (SegmentedRaftLogWorker.java:execute(569)) - 226b4809-1310-4df7-b0e3-70448e94a1e8-SegmentedRaftLogWorker:Storage Directory /workdir/hadoop-ozone/integration-test/target/test-dir/MiniOzoneClusterImpl-0aac579c-f8ad-49ec-a94e-9a436a9c79c1/datanode-4/data/ratis/0101e91d-8176-4e61-9eec-8e9dc71aca8c: created new log segment /workdir/hadoop-ozone/integration-test/target/test-dir/MiniOzoneClusterImpl-0aac579c-f8ad-49ec-a94e-9a436a9c79c1/datanode-4/data/ratis/0101e91d-8176-4e61-9eec-8e9dc71aca8c/current/log_inprogress_0
2019-09-12 10:53:37,983 [b49fccba-7697-4103-b8d6-57050bb52229:group-1B5D8227BE3F:LeaderElection81] INFO  impl.LeaderElection (LeaderElection.java:askForVotes(181)) - b49fccba-7697-4103-b8d6-57050bb52229:group-1B5D8227BE3F:LeaderElection81: begin an election at term 1 for -1: [b49fccba-7697-4103-b8d6-57050bb52229:192.168.157.195:46518], old=null
2019-09-12 10:53:37,983 [b49fccba-7697-4103-b8d6-57050bb52229:group-1B5D8227BE3F:LeaderElection81] INFO  impl.RoleInfo (RoleInfo.java:shutdownLeaderElection(134)) - b49fccba-7697-4103-b8d6-57050bb52229: shutdown LeaderElection
2019-09-12 10:53:37,984 [b49fccba-7697-4103-b8d6-57050bb52229:group-1B5D8227BE3F:LeaderElection81] INFO  impl.RaftServerImpl (RaftServerImpl.java:setRole(171)) - b49fccba-7697-4103-b8d6-57050bb52229:group-1B5D8227BE3F changes role from CANDIDATE to LEADER at term 1 for changeToLeader
2019-09-12 10:53:37,984 [b49fccba-7697-4103-b8d6-57050bb52229:group-1B5D8227BE3F:LeaderElection81] INFO  impl.RaftServerImpl (ServerState.java:setLeader(263)) - b49fccba-7697-4103-b8d6-57050bb52229:group-1B5D8227BE3F change Leader from null to b49fccba-7697-4103-b8d6-57050bb52229 at term 1 for becomeLeader, leader elected after 1130ms
2019-09-12 10:53:37,984 [b49fccba-7697-4103-b8d6-57050bb52229:group-1B5D8227BE3F:LeaderElection81] INFO  server.RaftServerConfigKeys (ConfUtils.java:logGet(43)) - raft.server.staging.catchup.gap = 1000 (default)
2019-09-12 10:53:37,984 [b49fccba-7697-4103-b8d6-57050bb52229:group-1B5D8227BE3F:LeaderElection81] INFO  server.RaftServerConfigKeys (ConfUtils.java:logGet(43)) - raft.server.rpc.sleep.time = 25ms (default)
2019-09-12 10:53:37,984 [b49fccba-7697-4103-b8d6-57050bb52229:group-1B5D8227BE3F:LeaderElection81] INFO  server.RaftServerConfigKeys (ConfUtils.java:logGet(43)) - raft.server.write.element-limit = 4096 (default)
2019-09-12 10:53:37,984 [b49fccba-7697-4103-b8d6-57050bb52229:group-1B5D8227BE3F:LeaderElection81] INFO  server.RaftServerConfigKeys (ConfUtils.java:logGet(43)) - raft.server.watch.timeout = 10s (default)
2019-09-12 10:53:37,984 [b49fccba-7697-4103-b8d6-57050bb52229:group-1B5D8227BE3F:LeaderElection81] INFO  server.RaftServerConfigKeys (ConfUtils.java:logGet(43)) - raft.server.watch.timeout.denomination = 1s (default)
2019-09-12 10:53:37,984 [b49fccba-7697-4103-b8d6-57050bb52229:group-1B5D8227BE3F:LeaderElection81] INFO  server.RaftServerConfigKeys (ConfUtils.java:logGet(43)) - raft.server.watch.element-limit = 65536 (default)
2019-09-12 10:53:37,984 [b49fccba-7697-4103-b8d6-57050bb52229:group-1B5D8227BE3F:LeaderElection81] INFO  impl.RoleInfo (RoleInfo.java:updateAndGet(143)) - b49fccba-7697-4103-b8d6-57050bb52229: start LeaderState
2019-09-12 10:53:37,985 [b49fccba-7697-4103-b8d6-57050bb52229:group-1B5D8227BE3F:LeaderElection81] INFO  segmented.SegmentedRaftLogWorker (SegmentedRaftLogWorker.java:startLogSegment(380)) - b49fccba-7697-4103-b8d6-57050bb52229-SegmentedRaftLogWorker:Storage Directory /workdir/hadoop-ozone/integration-test/target/test-dir/MiniOzoneClusterImpl-0aac579c-f8ad-49ec-a94e-9a436a9c79c1/datanode-3/data/ratis/f4d6268f-dcbb-41ef-b302-1b5d8227be3f: Starting segment from index:0
2019-09-12 10:53:37,985 [b49fccba-7697-4103-b8d6-57050bb52229:group-1B5D8227BE3F:LeaderElection81] INFO  impl.RaftServerImpl (ServerState.java:setRaftConf(361)) - b49fccba-7697-4103-b8d6-57050bb52229:group-1B5D8227BE3F set configuration 0: [b49fccba-7697-4103-b8d6-57050bb52229:192.168.157.195:46518], old=null at 0
2019-09-12 10:53:37,986 [4e79f251-f4f2-46d8-98e5-a0ed6d578d1f:group-D415B8DFE60D:LeaderElection82] INFO  impl.LeaderElection (LeaderElection.java:askForVotes(181)) - 4e79f251-f4f2-46d8-98e5-a0ed6d578d1f:group-D415B8DFE60D:LeaderElection82: begin an election at term 1 for -1: [4e79f251-f4f2-46d8-98e5-a0ed6d578d1f:192.168.157.195:36131], old=null
2019-09-12 10:53:37,987 [4e79f251-f4f2-46d8-98e5-a0ed6d578d1f:group-D415B8DFE60D:LeaderElection82] INFO  impl.RoleInfo (RoleInfo.java:shutdownLeaderElection(134)) - 4e79f251-f4f2-46d8-98e5-a0ed6d578d1f: shutdown LeaderElection
2019-09-12 10:53:37,987 [4e79f251-f4f2-46d8-98e5-a0ed6d578d1f:group-D415B8DFE60D:LeaderElection82] INFO  impl.RaftServerImpl (RaftServerImpl.java:setRole(171)) - 4e79f251-f4f2-46d8-98e5-a0ed6d578d1f:group-D415B8DFE60D changes role from CANDIDATE to LEADER at term 1 for changeToLeader
2019-09-12 10:53:37,987 [4e79f251-f4f2-46d8-98e5-a0ed6d578d1f:group-D415B8DFE60D:LeaderElection82] INFO  impl.RaftServerImpl (ServerState.java:setLeader(263)) - 4e79f251-f4f2-46d8-98e5-a0ed6d578d1f:group-D415B8DFE60D change Leader from null to 4e79f251-f4f2-46d8-98e5-a0ed6d578d1f at term 1 for becomeLeader, leader elected after 1176ms
2019-09-12 10:53:37,987 [4e79f251-f4f2-46d8-98e5-a0ed6d578d1f:group-D415B8DFE60D:LeaderElection82] INFO  server.RaftServerConfigKeys (ConfUtils.java:logGet(43)) - raft.server.staging.catchup.gap = 1000 (default)
2019-09-12 10:53:37,987 [4e79f251-f4f2-46d8-98e5-a0ed6d578d1f:group-D415B8DFE60D:LeaderElection82] INFO  server.RaftServerConfigKeys (ConfUtils.java:logGet(43)) - raft.server.rpc.sleep.time = 25ms (default)
2019-09-12 10:53:37,987 [4e79f251-f4f2-46d8-98e5-a0ed6d578d1f:group-D415B8DFE60D:LeaderElection82] INFO  server.RaftServerConfigKeys (ConfUtils.java:logGet(43)) - raft.server.write.element-limit = 4096 (default)
2019-09-12 10:53:37,987 [4e79f251-f4f2-46d8-98e5-a0ed6d578d1f:group-D415B8DFE60D:LeaderElection82] INFO  server.RaftServerConfigKeys (ConfUtils.java:logGet(43)) - raft.server.watch.timeout = 10s (default)
2019-09-12 10:53:37,987 [4e79f251-f4f2-46d8-98e5-a0ed6d578d1f:group-D415B8DFE60D:LeaderElection82] INFO  server.RaftServerConfigKeys (ConfUtils.java:logGet(43)) - raft.server.watch.timeout.denomination = 1s (default)
2019-09-12 10:53:37,987 [4e79f251-f4f2-46d8-98e5-a0ed6d578d1f:group-D415B8DFE60D:LeaderElection82] INFO  server.RaftServerConfigKeys (ConfUtils.java:logGet(43)) - raft.server.watch.element-limit = 65536 (default)
2019-09-12 10:53:37,988 [4e79f251-f4f2-46d8-98e5-a0ed6d578d1f:group-D415B8DFE60D:LeaderElection82] INFO  impl.RoleInfo (RoleInfo.java:updateAndGet(143)) - 4e79f251-f4f2-46d8-98e5-a0ed6d578d1f: start LeaderState
2019-09-12 10:53:37,988 [4e79f251-f4f2-46d8-98e5-a0ed6d578d1f:group-D415B8DFE60D:LeaderElection82] INFO  segmented.SegmentedRaftLogWorker (SegmentedRaftLogWorker.java:startLogSegment(380)) - 4e79f251-f4f2-46d8-98e5-a0ed6d578d1f-SegmentedRaftLogWorker:Storage Directory /workdir/hadoop-ozone/integration-test/target/test-dir/MiniOzoneClusterImpl-0aac579c-f8ad-49ec-a94e-9a436a9c79c1/datanode-2/data/ratis/59e4665c-beda-4302-a507-d415b8dfe60d: Starting segment from index:0
2019-09-12 10:53:37,988 [4e79f251-f4f2-46d8-98e5-a0ed6d578d1f:group-D415B8DFE60D:LeaderElection82] INFO  impl.RaftServerImpl (ServerState.java:setRaftConf(361)) - 4e79f251-f4f2-46d8-98e5-a0ed6d578d1f:group-D415B8DFE60D set configuration 0: [4e79f251-f4f2-46d8-98e5-a0ed6d578d1f:192.168.157.195:36131], old=null at 0
2019-09-12 10:53:38,037 [b49fccba-7697-4103-b8d6-57050bb52229-SegmentedRaftLogWorker:Storage Directory /workdir/hadoop-ozone/integration-test/target/test-dir/MiniOzoneClusterImpl-0aac579c-f8ad-49ec-a94e-9a436a9c79c1/datanode-3/data/ratis/f4d6268f-dcbb-41ef-b302-1b5d8227be3f] INFO  segmented.SegmentedRaftLogWorker (SegmentedRaftLogWorker.java:execute(569)) - b49fccba-7697-4103-b8d6-57050bb52229-SegmentedRaftLogWorker:Storage Directory /workdir/hadoop-ozone/integration-test/target/test-dir/MiniOzoneClusterImpl-0aac579c-f8ad-49ec-a94e-9a436a9c79c1/datanode-3/data/ratis/f4d6268f-dcbb-41ef-b302-1b5d8227be3f: created new log segment /workdir/hadoop-ozone/integration-test/target/test-dir/MiniOzoneClusterImpl-0aac579c-f8ad-49ec-a94e-9a436a9c79c1/datanode-3/data/ratis/f4d6268f-dcbb-41ef-b302-1b5d8227be3f/current/log_inprogress_0
2019-09-12 10:53:38,037 [4e79f251-f4f2-46d8-98e5-a0ed6d578d1f-SegmentedRaftLogWorker:Storage Directory /workdir/hadoop-ozone/integration-test/target/test-dir/MiniOzoneClusterImpl-0aac579c-f8ad-49ec-a94e-9a436a9c79c1/datanode-2/data/ratis/59e4665c-beda-4302-a507-d415b8dfe60d] INFO  segmented.SegmentedRaftLogWorker (SegmentedRaftLogWorker.java:execute(569)) - 4e79f251-f4f2-46d8-98e5-a0ed6d578d1f-SegmentedRaftLogWorker:Storage Directory /workdir/hadoop-ozone/integration-test/target/test-dir/MiniOzoneClusterImpl-0aac579c-f8ad-49ec-a94e-9a436a9c79c1/datanode-2/data/ratis/59e4665c-beda-4302-a507-d415b8dfe60d: created new log segment /workdir/hadoop-ozone/integration-test/target/test-dir/MiniOzoneClusterImpl-0aac579c-f8ad-49ec-a94e-9a436a9c79c1/datanode-2/data/ratis/59e4665c-beda-4302-a507-d415b8dfe60d/current/log_inprogress_0
2019-09-12 10:53:38,053 [Thread-875] INFO  impl.FollowerState (FollowerState.java:run(106)) - b49fccba-7697-4103-b8d6-57050bb52229:group-9BDCA8C3ADB6 changes to CANDIDATE, lastRpcTime:1056, electionTimeout:1056ms
2019-09-12 10:53:38,053 [Thread-875] INFO  impl.RoleInfo (RoleInfo.java:shutdownFollowerState(121)) - b49fccba-7697-4103-b8d6-57050bb52229: shutdown FollowerState
2019-09-12 10:53:38,053 [Thread-875] INFO  impl.RaftServerImpl (RaftServerImpl.java:setRole(171)) - b49fccba-7697-4103-b8d6-57050bb52229:group-9BDCA8C3ADB6 changes role from FOLLOWER to CANDIDATE at term 0 for changeToCandidate
2019-09-12 10:53:38,054 [Thread-875] INFO  impl.RoleInfo (RoleInfo.java:updateAndGet(143)) - b49fccba-7697-4103-b8d6-57050bb52229: start LeaderElection
2019-09-12 10:53:38,062 [Thread-872] INFO  impl.FollowerState (FollowerState.java:run(106)) - 4e79f251-f4f2-46d8-98e5-a0ed6d578d1f:group-AE54A70CA60F changes to CANDIDATE, lastRpcTime:1117, electionTimeout:1117ms
2019-09-12 10:53:38,062 [Thread-872] INFO  impl.RoleInfo (RoleInfo.java:shutdownFollowerState(121)) - 4e79f251-f4f2-46d8-98e5-a0ed6d578d1f: shutdown FollowerState
2019-09-12 10:53:38,062 [Thread-872] INFO  impl.RaftServerImpl (RaftServerImpl.java:setRole(171)) - 4e79f251-f4f2-46d8-98e5-a0ed6d578d1f:group-AE54A70CA60F changes role from FOLLOWER to CANDIDATE at term 0 for changeToCandidate
2019-09-12 10:53:38,062 [Thread-872] INFO  impl.RoleInfo (RoleInfo.java:updateAndGet(143)) - 4e79f251-f4f2-46d8-98e5-a0ed6d578d1f: start LeaderElection
2019-09-12 10:53:38,067 [b49fccba-7697-4103-b8d6-57050bb52229:group-9BDCA8C3ADB6:LeaderElection83] INFO  impl.LeaderElection (LeaderElection.java:askForVotes(181)) - b49fccba-7697-4103-b8d6-57050bb52229:group-9BDCA8C3ADB6:LeaderElection83: begin an election at term 1 for -1: [b49fccba-7697-4103-b8d6-57050bb52229:192.168.157.195:46518], old=null
2019-09-12 10:53:38,067 [4e79f251-f4f2-46d8-98e5-a0ed6d578d1f:group-AE54A70CA60F:LeaderElection84] INFO  impl.LeaderElection (LeaderElection.java:askForVotes(181)) - 4e79f251-f4f2-46d8-98e5-a0ed6d578d1f:group-AE54A70CA60F:LeaderElection84: begin an election at term 1 for -1: [4e79f251-f4f2-46d8-98e5-a0ed6d578d1f:192.168.157.195:36131], old=null
2019-09-12 10:53:38,067 [b49fccba-7697-4103-b8d6-57050bb52229:group-9BDCA8C3ADB6:LeaderElection83] INFO  impl.RoleInfo (RoleInfo.java:shutdownLeaderElection(134)) - b49fccba-7697-4103-b8d6-57050bb52229: shutdown LeaderElection
2019-09-12 10:53:38,068 [4e79f251-f4f2-46d8-98e5-a0ed6d578d1f:group-AE54A70CA60F:LeaderElection84] INFO  impl.RoleInfo (RoleInfo.java:shutdownLeaderElection(134)) - 4e79f251-f4f2-46d8-98e5-a0ed6d578d1f: shutdown LeaderElection
2019-09-12 10:53:38,068 [b49fccba-7697-4103-b8d6-57050bb52229:group-9BDCA8C3ADB6:LeaderElection83] INFO  impl.RaftServerImpl (RaftServerImpl.java:setRole(171)) - b49fccba-7697-4103-b8d6-57050bb52229:group-9BDCA8C3ADB6 changes role from CANDIDATE to LEADER at term 1 for changeToLeader
2019-09-12 10:53:38,068 [4e79f251-f4f2-46d8-98e5-a0ed6d578d1f:group-AE54A70CA60F:LeaderElection84] INFO  impl.RaftServerImpl (RaftServerImpl.java:setRole(171)) - 4e79f251-f4f2-46d8-98e5-a0ed6d578d1f:group-AE54A70CA60F changes role from CANDIDATE to LEADER at term 1 for changeToLeader
2019-09-12 10:53:38,068 [b49fccba-7697-4103-b8d6-57050bb52229:group-9BDCA8C3ADB6:LeaderElection83] INFO  impl.RaftServerImpl (ServerState.java:setLeader(263)) - b49fccba-7697-4103-b8d6-57050bb52229:group-9BDCA8C3ADB6 change Leader from null to b49fccba-7697-4103-b8d6-57050bb52229 at term 1 for becomeLeader, leader elected after 1075ms
2019-09-12 10:53:38,068 [4e79f251-f4f2-46d8-98e5-a0ed6d578d1f:group-AE54A70CA60F:LeaderElection84] INFO  impl.RaftServerImpl (ServerState.java:setLeader(263)) - 4e79f251-f4f2-46d8-98e5-a0ed6d578d1f:group-AE54A70CA60F change Leader from null to 4e79f251-f4f2-46d8-98e5-a0ed6d578d1f at term 1 for becomeLeader, leader elected after 1127ms
2019-09-12 10:53:38,068 [b49fccba-7697-4103-b8d6-57050bb52229:group-9BDCA8C3ADB6:LeaderElection83] INFO  server.RaftServerConfigKeys (ConfUtils.java:logGet(43)) - raft.server.staging.catchup.gap = 1000 (default)
2019-09-12 10:53:38,068 [4e79f251-f4f2-46d8-98e5-a0ed6d578d1f:group-AE54A70CA60F:LeaderElection84] INFO  server.RaftServerConfigKeys (ConfUtils.java:logGet(43)) - raft.server.staging.catchup.gap = 1000 (default)
2019-09-12 10:53:38,068 [b49fccba-7697-4103-b8d6-57050bb52229:group-9BDCA8C3ADB6:LeaderElection83] INFO  server.RaftServerConfigKeys (ConfUtils.java:logGet(43)) - raft.server.rpc.sleep.time = 25ms (default)
2019-09-12 10:53:38,068 [4e79f251-f4f2-46d8-98e5-a0ed6d578d1f:group-AE54A70CA60F:LeaderElection84] INFO  server.RaftServerConfigKeys (ConfUtils.java:logGet(43)) - raft.server.rpc.sleep.time = 25ms (default)
2019-09-12 10:53:38,068 [b49fccba-7697-4103-b8d6-57050bb52229:group-9BDCA8C3ADB6:LeaderElection83] INFO  server.RaftServerConfigKeys (ConfUtils.java:logGet(43)) - raft.server.write.element-limit = 4096 (default)
2019-09-12 10:53:38,069 [4e79f251-f4f2-46d8-98e5-a0ed6d578d1f:group-AE54A70CA60F:LeaderElection84] INFO  server.RaftServerConfigKeys (ConfUtils.java:logGet(43)) - raft.server.write.element-limit = 4096 (default)
2019-09-12 10:53:38,069 [b49fccba-7697-4103-b8d6-57050bb52229:group-9BDCA8C3ADB6:LeaderElection83] INFO  server.RaftServerConfigKeys (ConfUtils.java:logGet(43)) - raft.server.watch.timeout = 10s (default)
2019-09-12 10:53:38,069 [4e79f251-f4f2-46d8-98e5-a0ed6d578d1f:group-AE54A70CA60F:LeaderElection84] INFO  server.RaftServerConfigKeys (ConfUtils.java:logGet(43)) - raft.server.watch.timeout = 10s (default)
2019-09-12 10:53:38,069 [b49fccba-7697-4103-b8d6-57050bb52229:group-9BDCA8C3ADB6:LeaderElection83] INFO  server.RaftServerConfigKeys (ConfUtils.java:logGet(43)) - raft.server.watch.timeout.denomination = 1s (default)
2019-09-12 10:53:38,069 [4e79f251-f4f2-46d8-98e5-a0ed6d578d1f:group-AE54A70CA60F:LeaderElection84] INFO  server.RaftServerConfigKeys (ConfUtils.java:logGet(43)) - raft.server.watch.timeout.denomination = 1s (default)
2019-09-12 10:53:38,069 [b49fccba-7697-4103-b8d6-57050bb52229:group-9BDCA8C3ADB6:LeaderElection83] INFO  server.RaftServerConfigKeys (ConfUtils.java:logGet(43)) - raft.server.watch.element-limit = 65536 (default)
2019-09-12 10:53:38,069 [4e79f251-f4f2-46d8-98e5-a0ed6d578d1f:group-AE54A70CA60F:LeaderElection84] INFO  server.RaftServerConfigKeys (ConfUtils.java:logGet(43)) - raft.server.watch.element-limit = 65536 (default)
2019-09-12 10:53:38,069 [b49fccba-7697-4103-b8d6-57050bb52229:group-9BDCA8C3ADB6:LeaderElection83] INFO  impl.RoleInfo (RoleInfo.java:updateAndGet(143)) - b49fccba-7697-4103-b8d6-57050bb52229: start LeaderState
2019-09-12 10:53:38,069 [4e79f251-f4f2-46d8-98e5-a0ed6d578d1f:group-AE54A70CA60F:LeaderElection84] INFO  impl.RoleInfo (RoleInfo.java:updateAndGet(143)) - 4e79f251-f4f2-46d8-98e5-a0ed6d578d1f: start LeaderState
2019-09-12 10:53:38,070 [b49fccba-7697-4103-b8d6-57050bb52229:group-9BDCA8C3ADB6:LeaderElection83] INFO  segmented.SegmentedRaftLogWorker (SegmentedRaftLogWorker.java:startLogSegment(380)) - b49fccba-7697-4103-b8d6-57050bb52229-SegmentedRaftLogWorker:Storage Directory /workdir/hadoop-ozone/integration-test/target/test-dir/MiniOzoneClusterImpl-0aac579c-f8ad-49ec-a94e-9a436a9c79c1/datanode-3/data/ratis/f11dec4a-8f44-47cf-b0ce-9bdca8c3adb6: Starting segment from index:0
2019-09-12 10:53:38,070 [4e79f251-f4f2-46d8-98e5-a0ed6d578d1f:group-AE54A70CA60F:LeaderElection84] INFO  segmented.SegmentedRaftLogWorker (SegmentedRaftLogWorker.java:startLogSegment(380)) - 4e79f251-f4f2-46d8-98e5-a0ed6d578d1f-SegmentedRaftLogWorker:Storage Directory /workdir/hadoop-ozone/integration-test/target/test-dir/MiniOzoneClusterImpl-0aac579c-f8ad-49ec-a94e-9a436a9c79c1/datanode-2/data/ratis/d37c2ed7-e7fd-4bad-9459-ae54a70ca60f: Starting segment from index:0
2019-09-12 10:53:38,070 [b49fccba-7697-4103-b8d6-57050bb52229:group-9BDCA8C3ADB6:LeaderElection83] INFO  impl.RaftServerImpl (ServerState.java:setRaftConf(361)) - b49fccba-7697-4103-b8d6-57050bb52229:group-9BDCA8C3ADB6 set configuration 0: [b49fccba-7697-4103-b8d6-57050bb52229:192.168.157.195:46518], old=null at 0
2019-09-12 10:53:38,070 [4e79f251-f4f2-46d8-98e5-a0ed6d578d1f:group-AE54A70CA60F:LeaderElection84] INFO  impl.RaftServerImpl (ServerState.java:setRaftConf(361)) - 4e79f251-f4f2-46d8-98e5-a0ed6d578d1f:group-AE54A70CA60F set configuration 0: [4e79f251-f4f2-46d8-98e5-a0ed6d578d1f:192.168.157.195:36131], old=null at 0
2019-09-12 10:53:38,112 [b49fccba-7697-4103-b8d6-57050bb52229-SegmentedRaftLogWorker:Storage Directory /workdir/hadoop-ozone/integration-test/target/test-dir/MiniOzoneClusterImpl-0aac579c-f8ad-49ec-a94e-9a436a9c79c1/datanode-3/data/ratis/f11dec4a-8f44-47cf-b0ce-9bdca8c3adb6] INFO  segmented.SegmentedRaftLogWorker (SegmentedRaftLogWorker.java:execute(569)) - b49fccba-7697-4103-b8d6-57050bb52229-SegmentedRaftLogWorker:Storage Directory /workdir/hadoop-ozone/integration-test/target/test-dir/MiniOzoneClusterImpl-0aac579c-f8ad-49ec-a94e-9a436a9c79c1/datanode-3/data/ratis/f11dec4a-8f44-47cf-b0ce-9bdca8c3adb6: created new log segment /workdir/hadoop-ozone/integration-test/target/test-dir/MiniOzoneClusterImpl-0aac579c-f8ad-49ec-a94e-9a436a9c79c1/datanode-3/data/ratis/f11dec4a-8f44-47cf-b0ce-9bdca8c3adb6/current/log_inprogress_0
2019-09-12 10:53:38,112 [4e79f251-f4f2-46d8-98e5-a0ed6d578d1f-SegmentedRaftLogWorker:Storage Directory /workdir/hadoop-ozone/integration-test/target/test-dir/MiniOzoneClusterImpl-0aac579c-f8ad-49ec-a94e-9a436a9c79c1/datanode-2/data/ratis/d37c2ed7-e7fd-4bad-9459-ae54a70ca60f] INFO  segmented.SegmentedRaftLogWorker (SegmentedRaftLogWorker.java:execute(569)) - 4e79f251-f4f2-46d8-98e5-a0ed6d578d1f-SegmentedRaftLogWorker:Storage Directory /workdir/hadoop-ozone/integration-test/target/test-dir/MiniOzoneClusterImpl-0aac579c-f8ad-49ec-a94e-9a436a9c79c1/datanode-2/data/ratis/d37c2ed7-e7fd-4bad-9459-ae54a70ca60f: created new log segment /workdir/hadoop-ozone/integration-test/target/test-dir/MiniOzoneClusterImpl-0aac579c-f8ad-49ec-a94e-9a436a9c79c1/datanode-2/data/ratis/d37c2ed7-e7fd-4bad-9459-ae54a70ca60f/current/log_inprogress_0
2019-09-12 10:53:38,121 | INFO  | SCMAudit | user=jenkins1000 | ip=192.168.157.195 | op=SEND_HEARTBEAT {datanodeUUID=b36b3368-613a-431f-908a-5edf1c2542ba, command=[]} | ret=SUCCESS |  
2019-09-12 10:53:38,124 [Thread-885] INFO  impl.FollowerState (FollowerState.java:run(106)) - 226b4809-1310-4df7-b0e3-70448e94a1e8:group-0BFEA7B308AF changes to CANDIDATE, lastRpcTime:1027, electionTimeout:1027ms
2019-09-12 10:53:38,124 [Thread-885] INFO  impl.RoleInfo (RoleInfo.java:shutdownFollowerState(121)) - 226b4809-1310-4df7-b0e3-70448e94a1e8: shutdown FollowerState
2019-09-12 10:53:38,124 [Thread-885] INFO  impl.RaftServerImpl (RaftServerImpl.java:setRole(171)) - 226b4809-1310-4df7-b0e3-70448e94a1e8:group-0BFEA7B308AF changes role from FOLLOWER to CANDIDATE at term 0 for changeToCandidate
2019-09-12 10:53:38,124 [Thread-885] INFO  impl.RoleInfo (RoleInfo.java:updateAndGet(143)) - 226b4809-1310-4df7-b0e3-70448e94a1e8: start LeaderElection
2019-09-12 10:53:38,137 [226b4809-1310-4df7-b0e3-70448e94a1e8:group-0BFEA7B308AF:LeaderElection85] INFO  impl.LeaderElection (LeaderElection.java:askForVotes(181)) - 226b4809-1310-4df7-b0e3-70448e94a1e8:group-0BFEA7B308AF:LeaderElection85: begin an election at term 1 for -1: [226b4809-1310-4df7-b0e3-70448e94a1e8:192.168.157.195:37819], old=null
2019-09-12 10:53:38,137 [226b4809-1310-4df7-b0e3-70448e94a1e8:group-0BFEA7B308AF:LeaderElection85] INFO  impl.RoleInfo (RoleInfo.java:shutdownLeaderElection(134)) - 226b4809-1310-4df7-b0e3-70448e94a1e8: shutdown LeaderElection
2019-09-12 10:53:38,137 [226b4809-1310-4df7-b0e3-70448e94a1e8:group-0BFEA7B308AF:LeaderElection85] INFO  impl.RaftServerImpl (RaftServerImpl.java:setRole(171)) - 226b4809-1310-4df7-b0e3-70448e94a1e8:group-0BFEA7B308AF changes role from CANDIDATE to LEADER at term 1 for changeToLeader
2019-09-12 10:53:38,137 [226b4809-1310-4df7-b0e3-70448e94a1e8:group-0BFEA7B308AF:LeaderElection85] INFO  impl.RaftServerImpl (ServerState.java:setLeader(263)) - 226b4809-1310-4df7-b0e3-70448e94a1e8:group-0BFEA7B308AF change Leader from null to 226b4809-1310-4df7-b0e3-70448e94a1e8 at term 1 for becomeLeader, leader elected after 1044ms
2019-09-12 10:53:38,138 [226b4809-1310-4df7-b0e3-70448e94a1e8:group-0BFEA7B308AF:LeaderElection85] INFO  server.RaftServerConfigKeys (ConfUtils.java:logGet(43)) - raft.server.staging.catchup.gap = 1000 (default)
2019-09-12 10:53:38,138 [226b4809-1310-4df7-b0e3-70448e94a1e8:group-0BFEA7B308AF:LeaderElection85] INFO  server.RaftServerConfigKeys (ConfUtils.java:logGet(43)) - raft.server.rpc.sleep.time = 25ms (default)
2019-09-12 10:53:38,138 [226b4809-1310-4df7-b0e3-70448e94a1e8:group-0BFEA7B308AF:LeaderElection85] INFO  server.RaftServerConfigKeys (ConfUtils.java:logGet(43)) - raft.server.write.element-limit = 4096 (default)
2019-09-12 10:53:38,138 [226b4809-1310-4df7-b0e3-70448e94a1e8:group-0BFEA7B308AF:LeaderElection85] INFO  server.RaftServerConfigKeys (ConfUtils.java:logGet(43)) - raft.server.watch.timeout = 10s (default)
2019-09-12 10:53:38,138 [226b4809-1310-4df7-b0e3-70448e94a1e8:group-0BFEA7B308AF:LeaderElection85] INFO  server.RaftServerConfigKeys (ConfUtils.java:logGet(43)) - raft.server.watch.timeout.denomination = 1s (default)
2019-09-12 10:53:38,138 [226b4809-1310-4df7-b0e3-70448e94a1e8:group-0BFEA7B308AF:LeaderElection85] INFO  server.RaftServerConfigKeys (ConfUtils.java:logGet(43)) - raft.server.watch.element-limit = 65536 (default)
2019-09-12 10:53:38,138 [226b4809-1310-4df7-b0e3-70448e94a1e8:group-0BFEA7B308AF:LeaderElection85] INFO  impl.RoleInfo (RoleInfo.java:updateAndGet(143)) - 226b4809-1310-4df7-b0e3-70448e94a1e8: start LeaderState
2019-09-12 10:53:38,138 [226b4809-1310-4df7-b0e3-70448e94a1e8:group-0BFEA7B308AF:LeaderElection85] INFO  segmented.SegmentedRaftLogWorker (SegmentedRaftLogWorker.java:startLogSegment(380)) - 226b4809-1310-4df7-b0e3-70448e94a1e8-SegmentedRaftLogWorker:Storage Directory /workdir/hadoop-ozone/integration-test/target/test-dir/MiniOzoneClusterImpl-0aac579c-f8ad-49ec-a94e-9a436a9c79c1/datanode-4/data/ratis/4c2c9f6d-a6e6-4ea0-9c8b-0bfea7b308af: Starting segment from index:0
2019-09-12 10:53:38,139 [226b4809-1310-4df7-b0e3-70448e94a1e8:group-0BFEA7B308AF:LeaderElection85] INFO  impl.RaftServerImpl (ServerState.java:setRaftConf(361)) - 226b4809-1310-4df7-b0e3-70448e94a1e8:group-0BFEA7B308AF set configuration 0: [226b4809-1310-4df7-b0e3-70448e94a1e8:192.168.157.195:37819], old=null at 0
2019-09-12 10:53:38,183 [226b4809-1310-4df7-b0e3-70448e94a1e8-SegmentedRaftLogWorker:Storage Directory /workdir/hadoop-ozone/integration-test/target/test-dir/MiniOzoneClusterImpl-0aac579c-f8ad-49ec-a94e-9a436a9c79c1/datanode-4/data/ratis/4c2c9f6d-a6e6-4ea0-9c8b-0bfea7b308af] INFO  segmented.SegmentedRaftLogWorker (SegmentedRaftLogWorker.java:execute(569)) - 226b4809-1310-4df7-b0e3-70448e94a1e8-SegmentedRaftLogWorker:Storage Directory /workdir/hadoop-ozone/integration-test/target/test-dir/MiniOzoneClusterImpl-0aac579c-f8ad-49ec-a94e-9a436a9c79c1/datanode-4/data/ratis/4c2c9f6d-a6e6-4ea0-9c8b-0bfea7b308af: created new log segment /workdir/hadoop-ozone/integration-test/target/test-dir/MiniOzoneClusterImpl-0aac579c-f8ad-49ec-a94e-9a436a9c79c1/datanode-4/data/ratis/4c2c9f6d-a6e6-4ea0-9c8b-0bfea7b308af/current/log_inprogress_0
2019-09-12 10:53:38,205 [Thread-893] INFO  impl.FollowerState (FollowerState.java:run(106)) - 226b4809-1310-4df7-b0e3-70448e94a1e8:group-920B7ED07A78 changes to CANDIDATE, lastRpcTime:1023, electionTimeout:1023ms
2019-09-12 10:53:38,205 [Thread-893] INFO  impl.RoleInfo (RoleInfo.java:shutdownFollowerState(121)) - 226b4809-1310-4df7-b0e3-70448e94a1e8: shutdown FollowerState
2019-09-12 10:53:38,205 [Thread-893] INFO  impl.RaftServerImpl (RaftServerImpl.java:setRole(171)) - 226b4809-1310-4df7-b0e3-70448e94a1e8:group-920B7ED07A78 changes role from FOLLOWER to CANDIDATE at term 0 for changeToCandidate
2019-09-12 10:53:38,205 [Thread-893] INFO  impl.RoleInfo (RoleInfo.java:updateAndGet(143)) - 226b4809-1310-4df7-b0e3-70448e94a1e8: start LeaderElection
2019-09-12 10:53:38,218 [226b4809-1310-4df7-b0e3-70448e94a1e8:group-920B7ED07A78:LeaderElection86] INFO  impl.LeaderElection (LeaderElection.java:askForVotes(181)) - 226b4809-1310-4df7-b0e3-70448e94a1e8:group-920B7ED07A78:LeaderElection86: begin an election at term 1 for -1: [226b4809-1310-4df7-b0e3-70448e94a1e8:192.168.157.195:37819], old=null
2019-09-12 10:53:38,219 [226b4809-1310-4df7-b0e3-70448e94a1e8:group-920B7ED07A78:LeaderElection86] INFO  impl.RoleInfo (RoleInfo.java:shutdownLeaderElection(134)) - 226b4809-1310-4df7-b0e3-70448e94a1e8: shutdown LeaderElection
2019-09-12 10:53:38,219 [226b4809-1310-4df7-b0e3-70448e94a1e8:group-920B7ED07A78:LeaderElection86] INFO  impl.RaftServerImpl (RaftServerImpl.java:setRole(171)) - 226b4809-1310-4df7-b0e3-70448e94a1e8:group-920B7ED07A78 changes role from CANDIDATE to LEADER at term 1 for changeToLeader
2019-09-12 10:53:38,219 [226b4809-1310-4df7-b0e3-70448e94a1e8:group-920B7ED07A78:LeaderElection86] INFO  impl.RaftServerImpl (ServerState.java:setLeader(263)) - 226b4809-1310-4df7-b0e3-70448e94a1e8:group-920B7ED07A78 change Leader from null to 226b4809-1310-4df7-b0e3-70448e94a1e8 at term 1 for becomeLeader, leader elected after 1039ms
2019-09-12 10:53:38,219 [226b4809-1310-4df7-b0e3-70448e94a1e8:group-920B7ED07A78:LeaderElection86] INFO  server.RaftServerConfigKeys (ConfUtils.java:logGet(43)) - raft.server.staging.catchup.gap = 1000 (default)
2019-09-12 10:53:38,219 [226b4809-1310-4df7-b0e3-70448e94a1e8:group-920B7ED07A78:LeaderElection86] INFO  server.RaftServerConfigKeys (ConfUtils.java:logGet(43)) - raft.server.rpc.sleep.time = 25ms (default)
2019-09-12 10:53:38,219 [226b4809-1310-4df7-b0e3-70448e94a1e8:group-920B7ED07A78:LeaderElection86] INFO  server.RaftServerConfigKeys (ConfUtils.java:logGet(43)) - raft.server.write.element-limit = 4096 (default)
2019-09-12 10:53:38,219 [226b4809-1310-4df7-b0e3-70448e94a1e8:group-920B7ED07A78:LeaderElection86] INFO  server.RaftServerConfigKeys (ConfUtils.java:logGet(43)) - raft.server.watch.timeout = 10s (default)
2019-09-12 10:53:38,219 [226b4809-1310-4df7-b0e3-70448e94a1e8:group-920B7ED07A78:LeaderElection86] INFO  server.RaftServerConfigKeys (ConfUtils.java:logGet(43)) - raft.server.watch.timeout.denomination = 1s (default)
2019-09-12 10:53:38,219 [226b4809-1310-4df7-b0e3-70448e94a1e8:group-920B7ED07A78:LeaderElection86] INFO  server.RaftServerConfigKeys (ConfUtils.java:logGet(43)) - raft.server.watch.element-limit = 65536 (default)
2019-09-12 10:53:38,219 [226b4809-1310-4df7-b0e3-70448e94a1e8:group-920B7ED07A78:LeaderElection86] INFO  impl.RoleInfo (RoleInfo.java:updateAndGet(143)) - 226b4809-1310-4df7-b0e3-70448e94a1e8: start LeaderState
2019-09-12 10:53:38,219 [226b4809-1310-4df7-b0e3-70448e94a1e8:group-920B7ED07A78:LeaderElection86] INFO  segmented.SegmentedRaftLogWorker (SegmentedRaftLogWorker.java:startLogSegment(380)) - 226b4809-1310-4df7-b0e3-70448e94a1e8-SegmentedRaftLogWorker:Storage Directory /workdir/hadoop-ozone/integration-test/target/test-dir/MiniOzoneClusterImpl-0aac579c-f8ad-49ec-a94e-9a436a9c79c1/datanode-4/data/ratis/2119a654-d773-45e3-a339-920b7ed07a78: Starting segment from index:0
2019-09-12 10:53:38,220 [226b4809-1310-4df7-b0e3-70448e94a1e8:group-920B7ED07A78:LeaderElection86] INFO  impl.RaftServerImpl (ServerState.java:setRaftConf(361)) - 226b4809-1310-4df7-b0e3-70448e94a1e8:group-920B7ED07A78 set configuration 0: [226b4809-1310-4df7-b0e3-70448e94a1e8:192.168.157.195:37819], old=null at 0
2019-09-12 10:53:38,224 [Thread-878] INFO  impl.FollowerState (FollowerState.java:run(106)) - b49fccba-7697-4103-b8d6-57050bb52229:group-BC778AB11273 changes to CANDIDATE, lastRpcTime:1166, electionTimeout:1166ms
2019-09-12 10:53:38,224 [Thread-878] INFO  impl.RoleInfo (RoleInfo.java:shutdownFollowerState(121)) - b49fccba-7697-4103-b8d6-57050bb52229: shutdown FollowerState
2019-09-12 10:53:38,224 [Thread-878] INFO  impl.RaftServerImpl (RaftServerImpl.java:setRole(171)) - b49fccba-7697-4103-b8d6-57050bb52229:group-BC778AB11273 changes role from FOLLOWER to CANDIDATE at term 0 for changeToCandidate
2019-09-12 10:53:38,224 [Thread-878] INFO  impl.RoleInfo (RoleInfo.java:updateAndGet(143)) - b49fccba-7697-4103-b8d6-57050bb52229: start LeaderElection
2019-09-12 10:53:38,237 [b49fccba-7697-4103-b8d6-57050bb52229:group-BC778AB11273:LeaderElection87] INFO  impl.LeaderElection (LeaderElection.java:askForVotes(181)) - b49fccba-7697-4103-b8d6-57050bb52229:group-BC778AB11273:LeaderElection87: begin an election at term 1 for -1: [b49fccba-7697-4103-b8d6-57050bb52229:192.168.157.195:46518], old=null
2019-09-12 10:53:38,237 [b49fccba-7697-4103-b8d6-57050bb52229:group-BC778AB11273:LeaderElection87] INFO  impl.RoleInfo (RoleInfo.java:shutdownLeaderElection(134)) - b49fccba-7697-4103-b8d6-57050bb52229: shutdown LeaderElection
2019-09-12 10:53:38,237 [b49fccba-7697-4103-b8d6-57050bb52229:group-BC778AB11273:LeaderElection87] INFO  impl.RaftServerImpl (RaftServerImpl.java:setRole(171)) - b49fccba-7697-4103-b8d6-57050bb52229:group-BC778AB11273 changes role from CANDIDATE to LEADER at term 1 for changeToLeader
2019-09-12 10:53:38,237 [b49fccba-7697-4103-b8d6-57050bb52229:group-BC778AB11273:LeaderElection87] INFO  impl.RaftServerImpl (ServerState.java:setLeader(263)) - b49fccba-7697-4103-b8d6-57050bb52229:group-BC778AB11273 change Leader from null to b49fccba-7697-4103-b8d6-57050bb52229 at term 1 for becomeLeader, leader elected after 1182ms
2019-09-12 10:53:38,237 [b49fccba-7697-4103-b8d6-57050bb52229:group-BC778AB11273:LeaderElection87] INFO  server.RaftServerConfigKeys (ConfUtils.java:logGet(43)) - raft.server.staging.catchup.gap = 1000 (default)
2019-09-12 10:53:38,237 [b49fccba-7697-4103-b8d6-57050bb52229:group-BC778AB11273:LeaderElection87] INFO  server.RaftServerConfigKeys (ConfUtils.java:logGet(43)) - raft.server.rpc.sleep.time = 25ms (default)
2019-09-12 10:53:38,237 [b49fccba-7697-4103-b8d6-57050bb52229:group-BC778AB11273:LeaderElection87] INFO  server.RaftServerConfigKeys (ConfUtils.java:logGet(43)) - raft.server.write.element-limit = 4096 (default)
2019-09-12 10:53:38,237 [b49fccba-7697-4103-b8d6-57050bb52229:group-BC778AB11273:LeaderElection87] INFO  server.RaftServerConfigKeys (ConfUtils.java:logGet(43)) - raft.server.watch.timeout = 10s (default)
2019-09-12 10:53:38,237 [b49fccba-7697-4103-b8d6-57050bb52229:group-BC778AB11273:LeaderElection87] INFO  server.RaftServerConfigKeys (ConfUtils.java:logGet(43)) - raft.server.watch.timeout.denomination = 1s (default)
2019-09-12 10:53:38,237 [b49fccba-7697-4103-b8d6-57050bb52229:group-BC778AB11273:LeaderElection87] INFO  server.RaftServerConfigKeys (ConfUtils.java:logGet(43)) - raft.server.watch.element-limit = 65536 (default)
2019-09-12 10:53:38,238 [b49fccba-7697-4103-b8d6-57050bb52229:group-BC778AB11273:LeaderElection87] INFO  impl.RoleInfo (RoleInfo.java:updateAndGet(143)) - b49fccba-7697-4103-b8d6-57050bb52229: start LeaderState
2019-09-12 10:53:38,238 [b49fccba-7697-4103-b8d6-57050bb52229:group-BC778AB11273:LeaderElection87] INFO  segmented.SegmentedRaftLogWorker (SegmentedRaftLogWorker.java:startLogSegment(380)) - b49fccba-7697-4103-b8d6-57050bb52229-SegmentedRaftLogWorker:Storage Directory /workdir/hadoop-ozone/integration-test/target/test-dir/MiniOzoneClusterImpl-0aac579c-f8ad-49ec-a94e-9a436a9c79c1/datanode-3/data/ratis/89a55d98-af35-4539-9264-bc778ab11273: Starting segment from index:0
2019-09-12 10:53:38,238 [b49fccba-7697-4103-b8d6-57050bb52229:group-BC778AB11273:LeaderElection87] INFO  impl.RaftServerImpl (ServerState.java:setRaftConf(361)) - b49fccba-7697-4103-b8d6-57050bb52229:group-BC778AB11273 set configuration 0: [b49fccba-7697-4103-b8d6-57050bb52229:192.168.157.195:46518], old=null at 0
2019-09-12 10:53:38,263 [226b4809-1310-4df7-b0e3-70448e94a1e8-SegmentedRaftLogWorker:Storage Directory /workdir/hadoop-ozone/integration-test/target/test-dir/MiniOzoneClusterImpl-0aac579c-f8ad-49ec-a94e-9a436a9c79c1/datanode-4/data/ratis/2119a654-d773-45e3-a339-920b7ed07a78] INFO  segmented.SegmentedRaftLogWorker (SegmentedRaftLogWorker.java:execute(569)) - 226b4809-1310-4df7-b0e3-70448e94a1e8-SegmentedRaftLogWorker:Storage Directory /workdir/hadoop-ozone/integration-test/target/test-dir/MiniOzoneClusterImpl-0aac579c-f8ad-49ec-a94e-9a436a9c79c1/datanode-4/data/ratis/2119a654-d773-45e3-a339-920b7ed07a78: created new log segment /workdir/hadoop-ozone/integration-test/target/test-dir/MiniOzoneClusterImpl-0aac579c-f8ad-49ec-a94e-9a436a9c79c1/datanode-4/data/ratis/2119a654-d773-45e3-a339-920b7ed07a78/current/log_inprogress_0
2019-09-12 10:53:38,286 [b49fccba-7697-4103-b8d6-57050bb52229-SegmentedRaftLogWorker:Storage Directory /workdir/hadoop-ozone/integration-test/target/test-dir/MiniOzoneClusterImpl-0aac579c-f8ad-49ec-a94e-9a436a9c79c1/datanode-3/data/ratis/89a55d98-af35-4539-9264-bc778ab11273] INFO  segmented.SegmentedRaftLogWorker (SegmentedRaftLogWorker.java:execute(569)) - b49fccba-7697-4103-b8d6-57050bb52229-SegmentedRaftLogWorker:Storage Directory /workdir/hadoop-ozone/integration-test/target/test-dir/MiniOzoneClusterImpl-0aac579c-f8ad-49ec-a94e-9a436a9c79c1/datanode-3/data/ratis/89a55d98-af35-4539-9264-bc778ab11273: created new log segment /workdir/hadoop-ozone/integration-test/target/test-dir/MiniOzoneClusterImpl-0aac579c-f8ad-49ec-a94e-9a436a9c79c1/datanode-3/data/ratis/89a55d98-af35-4539-9264-bc778ab11273/current/log_inprogress_0
2019-09-12 10:53:38,301 [main] INFO  ozone.MiniOzoneClusterImpl (MiniOzoneClusterImpl.java:lambda$waitForClusterToBeReady$0(142)) - Cluster is ready. Got 6 of 6 DN Heartbeats.
2019-09-12 10:53:38,321 [Thread-889] INFO  impl.FollowerState (FollowerState.java:run(106)) - 226b4809-1310-4df7-b0e3-70448e94a1e8:group-E716400F2FC5 changes to CANDIDATE, lastRpcTime:1169, electionTimeout:1169ms
2019-09-12 10:53:38,317 | INFO  | SCMAudit | user=jenkins1000 | ip=192.168.157.195 | op=SEND_HEARTBEAT {datanodeUUID=4e79f251-f4f2-46d8-98e5-a0ed6d578d1f, command=[]} | ret=SUCCESS |  
2019-09-12 10:53:38,328 [Thread-889] INFO  impl.RoleInfo (RoleInfo.java:shutdownFollowerState(121)) - 226b4809-1310-4df7-b0e3-70448e94a1e8: shutdown FollowerState
2019-09-12 10:53:38,328 [Thread-889] INFO  impl.RaftServerImpl (RaftServerImpl.java:setRole(171)) - 226b4809-1310-4df7-b0e3-70448e94a1e8:group-E716400F2FC5 changes role from FOLLOWER to CANDIDATE at term 0 for changeToCandidate
2019-09-12 10:53:38,328 [Thread-889] INFO  impl.RoleInfo (RoleInfo.java:updateAndGet(143)) - 226b4809-1310-4df7-b0e3-70448e94a1e8: start LeaderElection
2019-09-12 10:53:38,328 [Thread-905] INFO  impl.FollowerState (FollowerState.java:run(106)) - 226b4809-1310-4df7-b0e3-70448e94a1e8:group-7B053B9C6E7A changes to CANDIDATE, lastRpcTime:1077, electionTimeout:1073ms
2019-09-12 10:53:38,328 [Thread-905] INFO  impl.RoleInfo (RoleInfo.java:shutdownFollowerState(121)) - 226b4809-1310-4df7-b0e3-70448e94a1e8: shutdown FollowerState
2019-09-12 10:53:38,328 [Thread-905] INFO  impl.RaftServerImpl (RaftServerImpl.java:setRole(171)) - 226b4809-1310-4df7-b0e3-70448e94a1e8:group-7B053B9C6E7A changes role from FOLLOWER to CANDIDATE at term 0 for changeToCandidate
2019-09-12 10:53:38,328 [Thread-905] INFO  impl.RoleInfo (RoleInfo.java:updateAndGet(143)) - 226b4809-1310-4df7-b0e3-70448e94a1e8: start LeaderElection
2019-09-12 10:53:38,340 [Thread-897] INFO  impl.FollowerState (FollowerState.java:run(106)) - 226b4809-1310-4df7-b0e3-70448e94a1e8:group-968D742D363E changes to CANDIDATE, lastRpcTime:1135, electionTimeout:1134ms
2019-09-12 10:53:38,340 [Thread-897] INFO  impl.RoleInfo (RoleInfo.java:shutdownFollowerState(121)) - 226b4809-1310-4df7-b0e3-70448e94a1e8: shutdown FollowerState
2019-09-12 10:53:38,340 [Thread-897] INFO  impl.RaftServerImpl (RaftServerImpl.java:setRole(171)) - 226b4809-1310-4df7-b0e3-70448e94a1e8:group-968D742D363E changes role from FOLLOWER to CANDIDATE at term 0 for changeToCandidate
2019-09-12 10:53:38,340 [Thread-897] INFO  impl.RoleInfo (RoleInfo.java:updateAndGet(143)) - 226b4809-1310-4df7-b0e3-70448e94a1e8: start LeaderElection
2019-09-12 10:53:38,342 [main] INFO  rpc.RpcClient (RpcClient.java:createVolume(293)) - Creating Volume: datanodefailurehandlingtest, with jenkins1000 as owner.
2019-09-12 10:53:38,343 [226b4809-1310-4df7-b0e3-70448e94a1e8:group-E716400F2FC5:LeaderElection88] INFO  impl.LeaderElection (LeaderElection.java:askForVotes(181)) - 226b4809-1310-4df7-b0e3-70448e94a1e8:group-E716400F2FC5:LeaderElection88: begin an election at term 1 for -1: [226b4809-1310-4df7-b0e3-70448e94a1e8:192.168.157.195:37819], old=null
2019-09-12 10:53:38,343 [226b4809-1310-4df7-b0e3-70448e94a1e8:group-7B053B9C6E7A:LeaderElection89] INFO  impl.LeaderElection (LeaderElection.java:askForVotes(181)) - 226b4809-1310-4df7-b0e3-70448e94a1e8:group-7B053B9C6E7A:LeaderElection89: begin an election at term 1 for -1: [226b4809-1310-4df7-b0e3-70448e94a1e8:192.168.157.195:37819], old=null
2019-09-12 10:53:38,344 [226b4809-1310-4df7-b0e3-70448e94a1e8:group-E716400F2FC5:LeaderElection88] INFO  impl.RoleInfo (RoleInfo.java:shutdownLeaderElection(134)) - 226b4809-1310-4df7-b0e3-70448e94a1e8: shutdown LeaderElection
2019-09-12 10:53:38,344 [226b4809-1310-4df7-b0e3-70448e94a1e8:group-7B053B9C6E7A:LeaderElection89] INFO  impl.RoleInfo (RoleInfo.java:shutdownLeaderElection(134)) - 226b4809-1310-4df7-b0e3-70448e94a1e8: shutdown LeaderElection
2019-09-12 10:53:38,344 [226b4809-1310-4df7-b0e3-70448e94a1e8:group-E716400F2FC5:LeaderElection88] INFO  impl.RaftServerImpl (RaftServerImpl.java:setRole(171)) - 226b4809-1310-4df7-b0e3-70448e94a1e8:group-E716400F2FC5 changes role from CANDIDATE to LEADER at term 1 for changeToLeader
2019-09-12 10:53:38,344 [226b4809-1310-4df7-b0e3-70448e94a1e8:group-7B053B9C6E7A:LeaderElection89] INFO  impl.RaftServerImpl (RaftServerImpl.java:setRole(171)) - 226b4809-1310-4df7-b0e3-70448e94a1e8:group-7B053B9C6E7A changes role from CANDIDATE to LEADER at term 1 for changeToLeader
2019-09-12 10:53:38,344 [226b4809-1310-4df7-b0e3-70448e94a1e8:group-E716400F2FC5:LeaderElection88] INFO  impl.RaftServerImpl (ServerState.java:setLeader(263)) - 226b4809-1310-4df7-b0e3-70448e94a1e8:group-E716400F2FC5 change Leader from null to 226b4809-1310-4df7-b0e3-70448e94a1e8 at term 1 for becomeLeader, leader elected after 1198ms
2019-09-12 10:53:38,344 [226b4809-1310-4df7-b0e3-70448e94a1e8:group-7B053B9C6E7A:LeaderElection89] INFO  impl.RaftServerImpl (ServerState.java:setLeader(263)) - 226b4809-1310-4df7-b0e3-70448e94a1e8:group-7B053B9C6E7A change Leader from null to 226b4809-1310-4df7-b0e3-70448e94a1e8 at term 1 for becomeLeader, leader elected after 1099ms
2019-09-12 10:53:38,344 [226b4809-1310-4df7-b0e3-70448e94a1e8:group-E716400F2FC5:LeaderElection88] INFO  server.RaftServerConfigKeys (ConfUtils.java:logGet(43)) - raft.server.staging.catchup.gap = 1000 (default)
2019-09-12 10:53:38,344 [226b4809-1310-4df7-b0e3-70448e94a1e8:group-7B053B9C6E7A:LeaderElection89] INFO  server.RaftServerConfigKeys (ConfUtils.java:logGet(43)) - raft.server.staging.catchup.gap = 1000 (default)
2019-09-12 10:53:38,345 [226b4809-1310-4df7-b0e3-70448e94a1e8:group-E716400F2FC5:LeaderElection88] INFO  server.RaftServerConfigKeys (ConfUtils.java:logGet(43)) - raft.server.rpc.sleep.time = 25ms (default)
2019-09-12 10:53:38,345 [226b4809-1310-4df7-b0e3-70448e94a1e8:group-7B053B9C6E7A:LeaderElection89] INFO  server.RaftServerConfigKeys (ConfUtils.java:logGet(43)) - raft.server.rpc.sleep.time = 25ms (default)
2019-09-12 10:53:38,345 [226b4809-1310-4df7-b0e3-70448e94a1e8:group-E716400F2FC5:LeaderElection88] INFO  server.RaftServerConfigKeys (ConfUtils.java:logGet(43)) - raft.server.write.element-limit = 4096 (default)
2019-09-12 10:53:38,345 [226b4809-1310-4df7-b0e3-70448e94a1e8:group-7B053B9C6E7A:LeaderElection89] INFO  server.RaftServerConfigKeys (ConfUtils.java:logGet(43)) - raft.server.write.element-limit = 4096 (default)
2019-09-12 10:53:38,345 [226b4809-1310-4df7-b0e3-70448e94a1e8:group-E716400F2FC5:LeaderElection88] INFO  server.RaftServerConfigKeys (ConfUtils.java:logGet(43)) - raft.server.watch.timeout = 10s (default)
2019-09-12 10:53:38,345 [226b4809-1310-4df7-b0e3-70448e94a1e8:group-7B053B9C6E7A:LeaderElection89] INFO  server.RaftServerConfigKeys (ConfUtils.java:logGet(43)) - raft.server.watch.timeout = 10s (default)
2019-09-12 10:53:38,345 [226b4809-1310-4df7-b0e3-70448e94a1e8:group-E716400F2FC5:LeaderElection88] INFO  server.RaftServerConfigKeys (ConfUtils.java:logGet(43)) - raft.server.watch.timeout.denomination = 1s (default)
2019-09-12 10:53:38,346 [226b4809-1310-4df7-b0e3-70448e94a1e8:group-7B053B9C6E7A:LeaderElection89] INFO  server.RaftServerConfigKeys (ConfUtils.java:logGet(43)) - raft.server.watch.timeout.denomination = 1s (default)
2019-09-12 10:53:38,346 [226b4809-1310-4df7-b0e3-70448e94a1e8:group-E716400F2FC5:LeaderElection88] INFO  server.RaftServerConfigKeys (ConfUtils.java:logGet(43)) - raft.server.watch.element-limit = 65536 (default)
2019-09-12 10:53:38,346 | INFO  | OMAudit | user=jenkins1000 | ip=127.0.0.1 | op=CREATE_VOLUME {admin=jenkins1000, owner=jenkins1000, volume=datanodefailurehandlingtest, creationTime=1568285618345, quotaInBytes=1152921504606846976} | ret=SUCCESS |  
2019-09-12 10:53:38,346 [226b4809-1310-4df7-b0e3-70448e94a1e8:group-7B053B9C6E7A:LeaderElection89] INFO  server.RaftServerConfigKeys (ConfUtils.java:logGet(43)) - raft.server.watch.element-limit = 65536 (default)
2019-09-12 10:53:38,346 [226b4809-1310-4df7-b0e3-70448e94a1e8:group-E716400F2FC5:LeaderElection88] INFO  impl.RoleInfo (RoleInfo.java:updateAndGet(143)) - 226b4809-1310-4df7-b0e3-70448e94a1e8: start LeaderState
2019-09-12 10:53:38,346 [226b4809-1310-4df7-b0e3-70448e94a1e8:group-7B053B9C6E7A:LeaderElection89] INFO  impl.RoleInfo (RoleInfo.java:updateAndGet(143)) - 226b4809-1310-4df7-b0e3-70448e94a1e8: start LeaderState
2019-09-12 10:53:38,346 [226b4809-1310-4df7-b0e3-70448e94a1e8:group-E716400F2FC5:LeaderElection88] INFO  segmented.SegmentedRaftLogWorker (SegmentedRaftLogWorker.java:startLogSegment(380)) - 226b4809-1310-4df7-b0e3-70448e94a1e8-SegmentedRaftLogWorker:Storage Directory /workdir/hadoop-ozone/integration-test/target/test-dir/MiniOzoneClusterImpl-0aac579c-f8ad-49ec-a94e-9a436a9c79c1/datanode-4/data/ratis/c1f8c5fb-b909-4d20-8cea-e716400f2fc5: Starting segment from index:0
2019-09-12 10:53:38,357 [226b4809-1310-4df7-b0e3-70448e94a1e8:group-968D742D363E:LeaderElection90] INFO  impl.LeaderElection (LeaderElection.java:askForVotes(181)) - 226b4809-1310-4df7-b0e3-70448e94a1e8:group-968D742D363E:LeaderElection90: begin an election at term 1 for -1: [226b4809-1310-4df7-b0e3-70448e94a1e8:192.168.157.195:37819], old=null
2019-09-12 10:53:38,357 [226b4809-1310-4df7-b0e3-70448e94a1e8:group-7B053B9C6E7A:LeaderElection89] INFO  segmented.SegmentedRaftLogWorker (SegmentedRaftLogWorker.java:startLogSegment(380)) - 226b4809-1310-4df7-b0e3-70448e94a1e8-SegmentedRaftLogWorker:Storage Directory /workdir/hadoop-ozone/integration-test/target/test-dir/MiniOzoneClusterImpl-0aac579c-f8ad-49ec-a94e-9a436a9c79c1/datanode-4/data/ratis/541c383a-4177-439e-aa02-7b053b9c6e7a: Starting segment from index:0
2019-09-12 10:53:38,357 [226b4809-1310-4df7-b0e3-70448e94a1e8:group-E716400F2FC5:LeaderElection88] INFO  impl.RaftServerImpl (ServerState.java:setRaftConf(361)) - 226b4809-1310-4df7-b0e3-70448e94a1e8:group-E716400F2FC5 set configuration 0: [226b4809-1310-4df7-b0e3-70448e94a1e8:192.168.157.195:37819], old=null at 0
2019-09-12 10:53:38,357 [226b4809-1310-4df7-b0e3-70448e94a1e8:group-968D742D363E:LeaderElection90] INFO  impl.RoleInfo (RoleInfo.java:shutdownLeaderElection(134)) - 226b4809-1310-4df7-b0e3-70448e94a1e8: shutdown LeaderElection
2019-09-12 10:53:38,357 [226b4809-1310-4df7-b0e3-70448e94a1e8:group-968D742D363E:LeaderElection90] INFO  impl.RaftServerImpl (RaftServerImpl.java:setRole(171)) - 226b4809-1310-4df7-b0e3-70448e94a1e8:group-968D742D363E changes role from CANDIDATE to LEADER at term 1 for changeToLeader
2019-09-12 10:53:38,357 [226b4809-1310-4df7-b0e3-70448e94a1e8:group-7B053B9C6E7A:LeaderElection89] INFO  impl.RaftServerImpl (ServerState.java:setRaftConf(361)) - 226b4809-1310-4df7-b0e3-70448e94a1e8:group-7B053B9C6E7A set configuration 0: [226b4809-1310-4df7-b0e3-70448e94a1e8:192.168.157.195:37819], old=null at 0
2019-09-12 10:53:38,357 [226b4809-1310-4df7-b0e3-70448e94a1e8:group-968D742D363E:LeaderElection90] INFO  impl.RaftServerImpl (ServerState.java:setLeader(263)) - 226b4809-1310-4df7-b0e3-70448e94a1e8:group-968D742D363E change Leader from null to 226b4809-1310-4df7-b0e3-70448e94a1e8 at term 1 for becomeLeader, leader elected after 1156ms
2019-09-12 10:53:38,358 [226b4809-1310-4df7-b0e3-70448e94a1e8:group-968D742D363E:LeaderElection90] INFO  server.RaftServerConfigKeys (ConfUtils.java:logGet(43)) - raft.server.staging.catchup.gap = 1000 (default)
2019-09-12 10:53:38,358 [226b4809-1310-4df7-b0e3-70448e94a1e8:group-968D742D363E:LeaderElection90] INFO  server.RaftServerConfigKeys (ConfUtils.java:logGet(43)) - raft.server.rpc.sleep.time = 25ms (default)
2019-09-12 10:53:38,358 [226b4809-1310-4df7-b0e3-70448e94a1e8:group-968D742D363E:LeaderElection90] INFO  server.RaftServerConfigKeys (ConfUtils.java:logGet(43)) - raft.server.write.element-limit = 4096 (default)
2019-09-12 10:53:38,399 [226b4809-1310-4df7-b0e3-70448e94a1e8:group-968D742D363E:LeaderElection90] INFO  server.RaftServerConfigKeys (ConfUtils.java:logGet(43)) - raft.server.watch.timeout = 10s (default)
2019-09-12 10:53:38,401 [226b4809-1310-4df7-b0e3-70448e94a1e8:group-968D742D363E:LeaderElection90] INFO  server.RaftServerConfigKeys (ConfUtils.java:logGet(43)) - raft.server.watch.timeout.denomination = 1s (default)
2019-09-12 10:53:38,401 | INFO  | OMAudit | user=jenkins1000 | ip=127.0.0.1 | op=READ_VOLUME {volume=datanodefailurehandlingtest} | ret=SUCCESS |  
2019-09-12 10:53:38,402 [226b4809-1310-4df7-b0e3-70448e94a1e8:group-968D742D363E:LeaderElection90] INFO  server.RaftServerConfigKeys (ConfUtils.java:logGet(43)) - raft.server.watch.element-limit = 65536 (default)
2019-09-12 10:53:38,402 [226b4809-1310-4df7-b0e3-70448e94a1e8:group-968D742D363E:LeaderElection90] INFO  impl.RoleInfo (RoleInfo.java:updateAndGet(143)) - 226b4809-1310-4df7-b0e3-70448e94a1e8: start LeaderState
2019-09-12 10:53:38,404 [226b4809-1310-4df7-b0e3-70448e94a1e8:group-968D742D363E:LeaderElection90] INFO  segmented.SegmentedRaftLogWorker (SegmentedRaftLogWorker.java:startLogSegment(380)) - 226b4809-1310-4df7-b0e3-70448e94a1e8-SegmentedRaftLogWorker:Storage Directory /workdir/hadoop-ozone/integration-test/target/test-dir/MiniOzoneClusterImpl-0aac579c-f8ad-49ec-a94e-9a436a9c79c1/datanode-4/data/ratis/ff51bd65-4ffa-4279-8fbf-968d742d363e: Starting segment from index:0
2019-09-12 10:53:38,405 [main] INFO  rpc.RpcClient (RpcClient.java:createBucket(432)) - Creating Bucket: datanodefailurehandlingtest/datanodefailurehandlingtest, with Versioning false and Storage Type set to DISK and Encryption set to false 
2019-09-12 10:53:38,405 [226b4809-1310-4df7-b0e3-70448e94a1e8:group-968D742D363E:LeaderElection90] INFO  impl.RaftServerImpl (ServerState.java:setRaftConf(361)) - 226b4809-1310-4df7-b0e3-70448e94a1e8:group-968D742D363E set configuration 0: [226b4809-1310-4df7-b0e3-70448e94a1e8:192.168.157.195:37819], old=null at 0
2019-09-12 10:53:38,428 [Thread-908] INFO  impl.FollowerState (FollowerState.java:run(106)) - b65ee1e2-3519-4053-9dbb-47eb940bcefc:group-134AEFD278C9 changes to CANDIDATE, lastRpcTime:1080, electionTimeout:1078ms
2019-09-12 10:53:38,428 [226b4809-1310-4df7-b0e3-70448e94a1e8-SegmentedRaftLogWorker:Storage Directory /workdir/hadoop-ozone/integration-test/target/test-dir/MiniOzoneClusterImpl-0aac579c-f8ad-49ec-a94e-9a436a9c79c1/datanode-4/data/ratis/c1f8c5fb-b909-4d20-8cea-e716400f2fc5] INFO  segmented.SegmentedRaftLogWorker (SegmentedRaftLogWorker.java:execute(569)) - 226b4809-1310-4df7-b0e3-70448e94a1e8-SegmentedRaftLogWorker:Storage Directory /workdir/hadoop-ozone/integration-test/target/test-dir/MiniOzoneClusterImpl-0aac579c-f8ad-49ec-a94e-9a436a9c79c1/datanode-4/data/ratis/c1f8c5fb-b909-4d20-8cea-e716400f2fc5: created new log segment /workdir/hadoop-ozone/integration-test/target/test-dir/MiniOzoneClusterImpl-0aac579c-f8ad-49ec-a94e-9a436a9c79c1/datanode-4/data/ratis/c1f8c5fb-b909-4d20-8cea-e716400f2fc5/current/log_inprogress_0
2019-09-12 10:53:38,428 [Thread-908] INFO  impl.RoleInfo (RoleInfo.java:shutdownFollowerState(121)) - b65ee1e2-3519-4053-9dbb-47eb940bcefc: shutdown FollowerState
2019-09-12 10:53:38,428 [226b4809-1310-4df7-b0e3-70448e94a1e8-SegmentedRaftLogWorker:Storage Directory /workdir/hadoop-ozone/integration-test/target/test-dir/MiniOzoneClusterImpl-0aac579c-f8ad-49ec-a94e-9a436a9c79c1/datanode-4/data/ratis/541c383a-4177-439e-aa02-7b053b9c6e7a] INFO  segmented.SegmentedRaftLogWorker (SegmentedRaftLogWorker.java:execute(569)) - 226b4809-1310-4df7-b0e3-70448e94a1e8-SegmentedRaftLogWorker:Storage Directory /workdir/hadoop-ozone/integration-test/target/test-dir/MiniOzoneClusterImpl-0aac579c-f8ad-49ec-a94e-9a436a9c79c1/datanode-4/data/ratis/541c383a-4177-439e-aa02-7b053b9c6e7a: created new log segment /workdir/hadoop-ozone/integration-test/target/test-dir/MiniOzoneClusterImpl-0aac579c-f8ad-49ec-a94e-9a436a9c79c1/datanode-4/data/ratis/541c383a-4177-439e-aa02-7b053b9c6e7a/current/log_inprogress_0
2019-09-12 10:53:38,428 [Thread-908] INFO  impl.RaftServerImpl (RaftServerImpl.java:setRole(171)) - b65ee1e2-3519-4053-9dbb-47eb940bcefc:group-134AEFD278C9 changes role from FOLLOWER to CANDIDATE at term 0 for changeToCandidate
2019-09-12 10:53:38,429 [Thread-908] INFO  impl.RoleInfo (RoleInfo.java:updateAndGet(143)) - b65ee1e2-3519-4053-9dbb-47eb940bcefc: start LeaderElection
2019-09-12 10:53:38,429 | INFO  | OMAudit | user=jenkins1000 | ip=127.0.0.1 | op=CREATE_BUCKET {volume=datanodefailurehandlingtest, bucket=datanodefailurehandlingtest, acls=[user:jenkins1000:a[ACCESS], group:default:a[ACCESS]], isVersionEnabled=false, storageType=DISK, creationTime=0} | ret=SUCCESS |  
2019-09-12 10:53:38,431 | INFO  | OMAudit | user=jenkins1000 | ip=127.0.0.1 | op=READ_VOLUME {volume=datanodefailurehandlingtest} | ret=SUCCESS |  
2019-09-12 10:53:38,433 | INFO  | OMAudit | user=jenkins1000 | ip=127.0.0.1 | op=READ_BUCKET {volume=datanodefailurehandlingtest, bucket=datanodefailurehandlingtest} | ret=SUCCESS |  
2019-09-12 10:53:38,439 [IPC Server handler 1 on 40141] ERROR pipeline.PipelinePlacementPolicy (PipelinePlacementPolicy.java:meetCriteria(91)) - Pipeline Placement: Doesn't meet the criteria to be viable node. Heaviness: 6
2019-09-12 10:53:38,439 [IPC Server handler 1 on 40141] ERROR pipeline.PipelinePlacementPolicy (PipelinePlacementPolicy.java:meetCriteria(91)) - Pipeline Placement: Doesn't meet the criteria to be viable node. Heaviness: 6
2019-09-12 10:53:38,439 [IPC Server handler 1 on 40141] ERROR pipeline.PipelinePlacementPolicy (PipelinePlacementPolicy.java:meetCriteria(91)) - Pipeline Placement: Doesn't meet the criteria to be viable node. Heaviness: 6
2019-09-12 10:53:38,440 [IPC Server handler 1 on 40141] ERROR pipeline.PipelinePlacementPolicy (PipelinePlacementPolicy.java:meetCriteria(91)) - Pipeline Placement: Doesn't meet the criteria to be viable node. Heaviness: 6
2019-09-12 10:53:38,440 [IPC Server handler 1 on 40141] ERROR pipeline.PipelinePlacementPolicy (PipelinePlacementPolicy.java:meetCriteria(91)) - Pipeline Placement: Doesn't meet the criteria to be viable node. Heaviness: 6
2019-09-12 10:53:38,440 [IPC Server handler 1 on 40141] ERROR pipeline.PipelinePlacementPolicy (PipelinePlacementPolicy.java:meetCriteria(91)) - Pipeline Placement: Doesn't meet the criteria to be viable node. Heaviness: 6
2019-09-12 10:53:38,440 [IPC Server handler 1 on 40141] ERROR pipeline.PipelinePlacementPolicy (PipelinePlacementPolicy.java:filterViableNodes(146)) - Unable to find enough nodes that meet the criteria that cannot engage in more than 5 pipelines. Nodes required: 3 Found: 0, healthy nodes count inNodeManager: 6.
2019-09-12 10:53:38,440 [IPC Server handler 1 on 40141] ERROR pipeline.SCMPipelineManager (SCMPipelineManager.java:createPipeline(161)) - Pipeline creation failed due to exception: Unable to find enough nodes that meet the criteria that cannot engage in more than 5 pipelines. Nodes required: 3 Found: 0, healthy nodes count inNodeManager: 6.
2019-09-12 10:53:38,440 [IPC Server handler 1 on 40141] WARN  block.BlockManagerImpl (BlockManagerImpl.java:allocateBlock(192)) - Pipeline creation failed for type:RATIS factor:THREE. Retrying get pipelines call once.
org.apache.hadoop.hdds.scm.exceptions.SCMException: Unable to find enough nodes that meet the criteria that cannot engage in more than 5 pipelines. Nodes required: 3 Found: 0, healthy nodes count inNodeManager: 6.
	at org.apache.hadoop.hdds.scm.pipeline.PipelinePlacementPolicy.filterViableNodes(PipelinePlacementPolicy.java:147)
	at org.apache.hadoop.hdds.scm.pipeline.PipelinePlacementPolicy.chooseDatanodes(PipelinePlacementPolicy.java:170)
	at org.apache.hadoop.hdds.scm.pipeline.RatisPipelineProvider.create(RatisPipelineProvider.java:92)
	at org.apache.hadoop.hdds.scm.pipeline.PipelineFactory.create(PipelineFactory.java:57)
	at org.apache.hadoop.hdds.scm.pipeline.SCMPipelineManager.createPipeline(SCMPipelineManager.java:149)
	at org.apache.hadoop.hdds.scm.block.BlockManagerImpl.allocateBlock(BlockManagerImpl.java:190)
	at org.apache.hadoop.hdds.scm.server.SCMBlockProtocolServer.allocateBlock(SCMBlockProtocolServer.java:175)
	at org.apache.hadoop.ozone.protocolPB.ScmBlockLocationProtocolServerSideTranslatorPB.allocateScmBlock(ScmBlockLocationProtocolServerSideTranslatorPB.java:153)
	at org.apache.hadoop.ozone.protocolPB.ScmBlockLocationProtocolServerSideTranslatorPB.send(ScmBlockLocationProtocolServerSideTranslatorPB.java:112)
	at org.apache.hadoop.hdds.protocol.proto.ScmBlockLocationProtocolProtos$ScmBlockLocationProtocolService$2.callBlockingMethod(ScmBlockLocationProtocolProtos.java:13157)
	at org.apache.hadoop.ipc.ProtobufRpcEngine$Server$ProtoBufRpcInvoker.call(ProtobufRpcEngine.java:524)
	at org.apache.hadoop.ipc.RPC$Server.call(RPC.java:1025)
	at org.apache.hadoop.ipc.Server$RpcCall.run(Server.java:876)
	at org.apache.hadoop.ipc.Server$RpcCall.run(Server.java:822)
	at java.security.AccessController.doPrivileged(Native Method)
	at javax.security.auth.Subject.doAs(Subject.java:422)
	at org.apache.hadoop.security.UserGroupInformation.doAs(UserGroupInformation.java:1730)
	at org.apache.hadoop.ipc.Server$Handler.run(Server.java:2682)
2019-09-12 10:53:38,441 [IPC Server handler 1 on 40141] INFO  block.BlockManagerImpl (BlockManagerImpl.java:allocateBlock(198)) - Could not find available pipeline of type:RATIS and factor:THREE even after retrying
2019-09-12 10:53:38,441 [b65ee1e2-3519-4053-9dbb-47eb940bcefc:group-134AEFD278C9:LeaderElection91] INFO  impl.LeaderElection (LeaderElection.java:askForVotes(181)) - b65ee1e2-3519-4053-9dbb-47eb940bcefc:group-134AEFD278C9:LeaderElection91: begin an election at term 1 for -1: [b65ee1e2-3519-4053-9dbb-47eb940bcefc:192.168.157.195:36009], old=null
2019-09-12 10:53:38,441 [226b4809-1310-4df7-b0e3-70448e94a1e8-SegmentedRaftLogWorker:Storage Directory /workdir/hadoop-ozone/integration-test/target/test-dir/MiniOzoneClusterImpl-0aac579c-f8ad-49ec-a94e-9a436a9c79c1/datanode-4/data/ratis/ff51bd65-4ffa-4279-8fbf-968d742d363e] INFO  segmented.SegmentedRaftLogWorker (SegmentedRaftLogWorker.java:execute(569)) - 226b4809-1310-4df7-b0e3-70448e94a1e8-SegmentedRaftLogWorker:Storage Directory /workdir/hadoop-ozone/integration-test/target/test-dir/MiniOzoneClusterImpl-0aac579c-f8ad-49ec-a94e-9a436a9c79c1/datanode-4/data/ratis/ff51bd65-4ffa-4279-8fbf-968d742d363e: created new log segment /workdir/hadoop-ozone/integration-test/target/test-dir/MiniOzoneClusterImpl-0aac579c-f8ad-49ec-a94e-9a436a9c79c1/datanode-4/data/ratis/ff51bd65-4ffa-4279-8fbf-968d742d363e/current/log_inprogress_0
2019-09-12 10:53:38,442 [b65ee1e2-3519-4053-9dbb-47eb940bcefc:group-134AEFD278C9:LeaderElection91] INFO  impl.RoleInfo (RoleInfo.java:shutdownLeaderElection(134)) - b65ee1e2-3519-4053-9dbb-47eb940bcefc: shutdown LeaderElection
2019-09-12 10:53:38,441 [IPC Server handler 1 on 40141] ERROR block.BlockManagerImpl (BlockManagerImpl.java:allocateBlock(222)) - Unable to allocate a block for the size: 4194304, type: RATIS, factor: THREE
2019-09-12 10:53:38,442 [b65ee1e2-3519-4053-9dbb-47eb940bcefc:group-134AEFD278C9:LeaderElection91] INFO  impl.RaftServerImpl (RaftServerImpl.java:setRole(171)) - b65ee1e2-3519-4053-9dbb-47eb940bcefc:group-134AEFD278C9 changes role from CANDIDATE to LEADER at term 1 for changeToLeader
2019-09-12 10:53:38,442 [b65ee1e2-3519-4053-9dbb-47eb940bcefc:group-134AEFD278C9:LeaderElection91] INFO  impl.RaftServerImpl (ServerState.java:setLeader(263)) - b65ee1e2-3519-4053-9dbb-47eb940bcefc:group-134AEFD278C9 change Leader from null to b65ee1e2-3519-4053-9dbb-47eb940bcefc at term 1 for becomeLeader, leader elected after 1099ms
2019-09-12 10:53:38,442 | INFO  | SCMAudit | user=jenkins1000 | ip=192.168.157.195 | op=ALLOCATE_BLOCK {owner=4561fe45-8f0f-43f7-9d3f-85706f0c742b, size=4194304, type=RATIS, factor=THREE} | ret=SUCCESS |  
2019-09-12 10:53:38,442 [b65ee1e2-3519-4053-9dbb-47eb940bcefc:group-134AEFD278C9:LeaderElection91] INFO  server.RaftServerConfigKeys (ConfUtils.java:logGet(43)) - raft.server.staging.catchup.gap = 1000 (default)
2019-09-12 10:53:38,442 [b65ee1e2-3519-4053-9dbb-47eb940bcefc:group-134AEFD278C9:LeaderElection91] INFO  server.RaftServerConfigKeys (ConfUtils.java:logGet(43)) - raft.server.rpc.sleep.time = 25ms (default)
2019-09-12 10:53:38,442 [b65ee1e2-3519-4053-9dbb-47eb940bcefc:group-134AEFD278C9:LeaderElection91] INFO  server.RaftServerConfigKeys (ConfUtils.java:logGet(43)) - raft.server.write.element-limit = 4096 (default)
2019-09-12 10:53:38,442 [b65ee1e2-3519-4053-9dbb-47eb940bcefc:group-134AEFD278C9:LeaderElection91] INFO  server.RaftServerConfigKeys (ConfUtils.java:logGet(43)) - raft.server.watch.timeout = 10s (default)
2019-09-12 10:53:38,443 [b65ee1e2-3519-4053-9dbb-47eb940bcefc:group-134AEFD278C9:LeaderElection91] INFO  server.RaftServerConfigKeys (ConfUtils.java:logGet(43)) - raft.server.watch.timeout.denomination = 1s (default)
2019-09-12 10:53:38,443 [b65ee1e2-3519-4053-9dbb-47eb940bcefc:group-134AEFD278C9:LeaderElection91] INFO  server.RaftServerConfigKeys (ConfUtils.java:logGet(43)) - raft.server.watch.element-limit = 65536 (default)
2019-09-12 10:53:38,443 [b65ee1e2-3519-4053-9dbb-47eb940bcefc:group-134AEFD278C9:LeaderElection91] INFO  impl.RoleInfo (RoleInfo.java:updateAndGet(143)) - b65ee1e2-3519-4053-9dbb-47eb940bcefc: start LeaderState
2019-09-12 10:53:38,443 | ERROR | OMAudit | user=jenkins1000 | ip=127.0.0.1 | op=ALLOCATE_KEY {volume=datanodefailurehandlingtest, bucket=datanodefailurehandlingtest, key=ratis3, dataSize=0, replicationType=RATIS, replicationFactor=THREE, keyLocationInfo=null} | ret=FAILURE | org.apache.hadoop.hdds.scm.exceptions.SCMException: Allocated 0 blocks. Requested 1 blocks
	at org.apache.hadoop.hdds.scm.protocolPB.ScmBlockLocationProtocolClientSideTranslatorPB.handleError(ScmBlockLocationProtocolClientSideTranslatorPB.java:118)
	at org.apache.hadoop.hdds.scm.protocolPB.ScmBlockLocationProtocolClientSideTranslatorPB.allocateBlock(ScmBlockLocationProtocolClientSideTranslatorPB.java:156) 
2019-09-12 10:53:38,443 [b65ee1e2-3519-4053-9dbb-47eb940bcefc:group-134AEFD278C9:LeaderElection91] INFO  segmented.SegmentedRaftLogWorker (SegmentedRaftLogWorker.java:startLogSegment(380)) - b65ee1e2-3519-4053-9dbb-47eb940bcefc-SegmentedRaftLogWorker:Storage Directory /workdir/hadoop-ozone/integration-test/target/test-dir/MiniOzoneClusterImpl-0aac579c-f8ad-49ec-a94e-9a436a9c79c1/datanode-5/data/ratis/4dcbaa75-8725-4884-991b-134aefd278c9: Starting segment from index:0
2019-09-12 10:53:38,443 [b65ee1e2-3519-4053-9dbb-47eb940bcefc:group-134AEFD278C9:LeaderElection91] INFO  impl.RaftServerImpl (ServerState.java:setRaftConf(361)) - b65ee1e2-3519-4053-9dbb-47eb940bcefc:group-134AEFD278C9 set configuration 0: [b65ee1e2-3519-4053-9dbb-47eb940bcefc:192.168.157.195:36009], old=null at 0
2019-09-12 10:53:38,443 [main] INFO  ozone.MiniOzoneClusterImpl (MiniOzoneClusterImpl.java:shutdown(321)) - Shutting down the Mini Ozone Cluster
2019-09-12 10:53:38,444 | INFO  | SCMAudit | user=null | ip=null | op=GET_SCM_INFO null | ret=SUCCESS |  
2019-09-12 10:53:38,444 [main] INFO  ozone.MiniOzoneClusterImpl (MiniOzoneClusterImpl.java:stop(336)) - Stopping the Mini Ozone Cluster
2019-09-12 10:53:38,444 [main] INFO  ozone.MiniOzoneClusterImpl (MiniOzoneClusterImpl.java:stop(338)) - Stopping the OzoneManager
2019-09-12 10:53:38,444 [main] INFO  ipc.Server (Server.java:stop(3082)) - Stopping server on 35507
2019-09-12 10:53:38,471 [main] INFO  ratis.OzoneManagerDoubleBuffer (OzoneManagerDoubleBuffer.java:stop(248)) - Stopping OMDoubleBuffer flush thread
2019-09-12 10:53:38,473 [IPC Server listener on 35507] INFO  ipc.Server (Server.java:run(1185)) - Stopping IPC Server listener on 35507
2019-09-12 10:53:38,479 [OMDoubleBufferFlushThread] INFO  ratis.OzoneManagerDoubleBuffer (OzoneManagerDoubleBuffer.java:flushTransactions(191)) - OMDoubleBuffer flush thread OMDoubleBufferFlushThread is interrupted and will exit. OMDoubleBufferFlushThread
2019-09-12 10:53:38,481 [b65ee1e2-3519-4053-9dbb-47eb940bcefc-SegmentedRaftLogWorker:Storage Directory /workdir/hadoop-ozone/integration-test/target/test-dir/MiniOzoneClusterImpl-0aac579c-f8ad-49ec-a94e-9a436a9c79c1/datanode-5/data/ratis/4dcbaa75-8725-4884-991b-134aefd278c9] INFO  segmented.SegmentedRaftLogWorker (SegmentedRaftLogWorker.java:execute(569)) - b65ee1e2-3519-4053-9dbb-47eb940bcefc-SegmentedRaftLogWorker:Storage Directory /workdir/hadoop-ozone/integration-test/target/test-dir/MiniOzoneClusterImpl-0aac579c-f8ad-49ec-a94e-9a436a9c79c1/datanode-5/data/ratis/4dcbaa75-8725-4884-991b-134aefd278c9: created new log segment /workdir/hadoop-ozone/integration-test/target/test-dir/MiniOzoneClusterImpl-0aac579c-f8ad-49ec-a94e-9a436a9c79c1/datanode-5/data/ratis/4dcbaa75-8725-4884-991b-134aefd278c9/current/log_inprogress_0
2019-09-12 10:53:38,473 [IPC Server Responder] INFO  ipc.Server (Server.java:run(1319)) - Stopping IPC Server Responder
2019-09-12 10:53:38,485 [main] INFO  utils.BackgroundService (BackgroundService.java:shutdown(148)) - Shutting down service KeyDeletingService
2019-09-12 10:53:38,500 [main] INFO  handler.ContextHandler (ContextHandler.java:doStop(910)) - Stopped o.e.j.w.WebAppContext@22899683{/,null,UNAVAILABLE}{/ozoneManager}
2019-09-12 10:53:38,501 [main] INFO  server.AbstractConnector (AbstractConnector.java:doStop(318)) - Stopped ServerConnector@40017e98{HTTP/1.1,[http/1.1]}{0.0.0.0:0}
2019-09-12 10:53:38,501 [main] INFO  handler.ContextHandler (ContextHandler.java:doStop(910)) - Stopped o.e.j.s.ServletContextHandler@4f6fd101{/static,file:///workdir/hadoop-ozone/integration-test/target/test-classes/webapps/static,UNAVAILABLE}
2019-09-12 10:53:38,502 [main] INFO  handler.ContextHandler (ContextHandler.java:doStop(910)) - Stopped o.e.j.s.ServletContextHandler@32d22650{/logs,file:///workdir/hadoop-ozone/integration-test/target/log,UNAVAILABLE}
2019-09-12 10:53:38,504 [main] INFO  ozone.MiniOzoneClusterImpl (MiniOzoneClusterImpl.java:stop(344)) - Shutting the HddsDatanodes
2019-09-12 10:53:38,504 [main] INFO  datanode.ObjectStoreHandler (ObjectStoreHandler.java:close(155)) - Closing ObjectStoreHandler.
2019-09-12 10:53:38,505 [ForkJoinPool.commonPool-worker-0] INFO  datanode.ObjectStoreHandler (ObjectStoreHandler.java:close(155)) - Closing ObjectStoreHandler.
2019-09-12 10:53:38,505 [main] INFO  ozone.HddsDatanodeService (HddsDatanodeService.java:stop(451)) - Stopped plug-in org.apache.hadoop.ozone.web.OzoneHddsDatanodeService@19c1f6f4
2019-09-12 10:53:38,505 [ForkJoinPool.commonPool-worker-0] INFO  ozone.HddsDatanodeService (HddsDatanodeService.java:stop(451)) - Stopped plug-in org.apache.hadoop.ozone.web.OzoneHddsDatanodeService@79445efb
2019-09-12 10:53:38,513 [Datanode State Machine Thread - 0] INFO  statemachine.DatanodeStateMachine (DatanodeStateMachine.java:lambda$startDaemon$0(350)) - Ozone container server started.
2019-09-12 10:53:38,555 [Thread-916] INFO  impl.FollowerState (FollowerState.java:run(106)) - b65ee1e2-3519-4053-9dbb-47eb940bcefc:group-0BB3A9FECE34 changes to CANDIDATE, lastRpcTime:1125, electionTimeout:1125ms
2019-09-12 10:53:38,555 [Thread-916] INFO  impl.RoleInfo (RoleInfo.java:shutdownFollowerState(121)) - b65ee1e2-3519-4053-9dbb-47eb940bcefc: shutdown FollowerState
2019-09-12 10:53:38,556 [Thread-916] INFO  impl.RaftServerImpl (RaftServerImpl.java:setRole(171)) - b65ee1e2-3519-4053-9dbb-47eb940bcefc:group-0BB3A9FECE34 changes role from FOLLOWER to CANDIDATE at term 0 for changeToCandidate
2019-09-12 10:53:38,556 [Thread-916] INFO  impl.RoleInfo (RoleInfo.java:updateAndGet(143)) - b65ee1e2-3519-4053-9dbb-47eb940bcefc: start LeaderElection
2019-09-12 10:53:38,558 [Thread-913] INFO  impl.FollowerState (FollowerState.java:run(106)) - b65ee1e2-3519-4053-9dbb-47eb940bcefc:group-FB816D82E341 changes to CANDIDATE, lastRpcTime:1173, electionTimeout:1173ms
2019-09-12 10:53:38,558 [Thread-913] INFO  impl.RoleInfo (RoleInfo.java:shutdownFollowerState(121)) - b65ee1e2-3519-4053-9dbb-47eb940bcefc: shutdown FollowerState
2019-09-12 10:53:38,558 [Thread-913] INFO  impl.RaftServerImpl (RaftServerImpl.java:setRole(171)) - b65ee1e2-3519-4053-9dbb-47eb940bcefc:group-FB816D82E341 changes role from FOLLOWER to CANDIDATE at term 0 for changeToCandidate
2019-09-12 10:53:38,558 [Thread-913] INFO  impl.RoleInfo (RoleInfo.java:updateAndGet(143)) - b65ee1e2-3519-4053-9dbb-47eb940bcefc: start LeaderElection
2019-09-12 10:53:38,579 [Thread-927] INFO  impl.FollowerState (FollowerState.java:run(106)) - b65ee1e2-3519-4053-9dbb-47eb940bcefc:group-2F671244D33C changes to CANDIDATE, lastRpcTime:1075, electionTimeout:1075ms
2019-09-12 10:53:38,579 [Thread-927] INFO  impl.RoleInfo (RoleInfo.java:shutdownFollowerState(121)) - b65ee1e2-3519-4053-9dbb-47eb940bcefc: shutdown FollowerState
2019-09-12 10:53:38,579 [Thread-927] INFO  impl.RaftServerImpl (RaftServerImpl.java:setRole(171)) - b65ee1e2-3519-4053-9dbb-47eb940bcefc:group-2F671244D33C changes role from FOLLOWER to CANDIDATE at term 0 for changeToCandidate
2019-09-12 10:53:38,579 [Thread-927] INFO  impl.RoleInfo (RoleInfo.java:updateAndGet(143)) - b65ee1e2-3519-4053-9dbb-47eb940bcefc: start LeaderElection
2019-09-12 10:53:38,582 [b65ee1e2-3519-4053-9dbb-47eb940bcefc:group-0BB3A9FECE34:LeaderElection92] INFO  impl.LeaderElection (LeaderElection.java:askForVotes(181)) - b65ee1e2-3519-4053-9dbb-47eb940bcefc:group-0BB3A9FECE34:LeaderElection92: begin an election at term 1 for -1: [b65ee1e2-3519-4053-9dbb-47eb940bcefc:192.168.157.195:36009], old=null
2019-09-12 10:53:38,582 [b65ee1e2-3519-4053-9dbb-47eb940bcefc:group-FB816D82E341:LeaderElection93] INFO  impl.LeaderElection (LeaderElection.java:askForVotes(181)) - b65ee1e2-3519-4053-9dbb-47eb940bcefc:group-FB816D82E341:LeaderElection93: begin an election at term 1 for -1: [b65ee1e2-3519-4053-9dbb-47eb940bcefc:192.168.157.195:36009], old=null
2019-09-12 10:53:38,582 [b65ee1e2-3519-4053-9dbb-47eb940bcefc:group-0BB3A9FECE34:LeaderElection92] INFO  impl.RoleInfo (RoleInfo.java:shutdownLeaderElection(134)) - b65ee1e2-3519-4053-9dbb-47eb940bcefc: shutdown LeaderElection
2019-09-12 10:53:38,582 [b65ee1e2-3519-4053-9dbb-47eb940bcefc:group-FB816D82E341:LeaderElection93] INFO  impl.RoleInfo (RoleInfo.java:shutdownLeaderElection(134)) - b65ee1e2-3519-4053-9dbb-47eb940bcefc: shutdown LeaderElection
2019-09-12 10:53:38,583 [b65ee1e2-3519-4053-9dbb-47eb940bcefc:group-0BB3A9FECE34:LeaderElection92] INFO  impl.RaftServerImpl (RaftServerImpl.java:setRole(171)) - b65ee1e2-3519-4053-9dbb-47eb940bcefc:group-0BB3A9FECE34 changes role from CANDIDATE to LEADER at term 1 for changeToLeader
2019-09-12 10:53:38,583 [b65ee1e2-3519-4053-9dbb-47eb940bcefc:group-FB816D82E341:LeaderElection93] INFO  impl.RaftServerImpl (RaftServerImpl.java:setRole(171)) - b65ee1e2-3519-4053-9dbb-47eb940bcefc:group-FB816D82E341 changes role from CANDIDATE to LEADER at term 1 for changeToLeader
2019-09-12 10:53:38,583 [b65ee1e2-3519-4053-9dbb-47eb940bcefc:group-0BB3A9FECE34:LeaderElection92] INFO  impl.RaftServerImpl (ServerState.java:setLeader(263)) - b65ee1e2-3519-4053-9dbb-47eb940bcefc:group-0BB3A9FECE34 change Leader from null to b65ee1e2-3519-4053-9dbb-47eb940bcefc at term 1 for becomeLeader, leader elected after 1158ms
2019-09-12 10:53:38,583 [b65ee1e2-3519-4053-9dbb-47eb940bcefc:group-FB816D82E341:LeaderElection93] INFO  impl.RaftServerImpl (ServerState.java:setLeader(263)) - b65ee1e2-3519-4053-9dbb-47eb940bcefc:group-FB816D82E341 change Leader from null to b65ee1e2-3519-4053-9dbb-47eb940bcefc at term 1 for becomeLeader, leader elected after 1202ms
2019-09-12 10:53:38,583 [b65ee1e2-3519-4053-9dbb-47eb940bcefc:group-0BB3A9FECE34:LeaderElection92] INFO  server.RaftServerConfigKeys (ConfUtils.java:logGet(43)) - raft.server.staging.catchup.gap = 1000 (default)
2019-09-12 10:53:38,583 [b65ee1e2-3519-4053-9dbb-47eb940bcefc:group-FB816D82E341:LeaderElection93] INFO  server.RaftServerConfigKeys (ConfUtils.java:logGet(43)) - raft.server.staging.catchup.gap = 1000 (default)
2019-09-12 10:53:38,583 [b65ee1e2-3519-4053-9dbb-47eb940bcefc:group-0BB3A9FECE34:LeaderElection92] INFO  server.RaftServerConfigKeys (ConfUtils.java:logGet(43)) - raft.server.rpc.sleep.time = 25ms (default)
2019-09-12 10:53:38,583 [b65ee1e2-3519-4053-9dbb-47eb940bcefc:group-FB816D82E341:LeaderElection93] INFO  server.RaftServerConfigKeys (ConfUtils.java:logGet(43)) - raft.server.rpc.sleep.time = 25ms (default)
2019-09-12 10:53:38,584 [b65ee1e2-3519-4053-9dbb-47eb940bcefc:group-0BB3A9FECE34:LeaderElection92] INFO  server.RaftServerConfigKeys (ConfUtils.java:logGet(43)) - raft.server.write.element-limit = 4096 (default)
2019-09-12 10:53:38,584 [b65ee1e2-3519-4053-9dbb-47eb940bcefc:group-FB816D82E341:LeaderElection93] INFO  server.RaftServerConfigKeys (ConfUtils.java:logGet(43)) - raft.server.write.element-limit = 4096 (default)
2019-09-12 10:53:38,584 [b65ee1e2-3519-4053-9dbb-47eb940bcefc:group-0BB3A9FECE34:LeaderElection92] INFO  server.RaftServerConfigKeys (ConfUtils.java:logGet(43)) - raft.server.watch.timeout = 10s (default)
2019-09-12 10:53:38,584 [b65ee1e2-3519-4053-9dbb-47eb940bcefc:group-FB816D82E341:LeaderElection93] INFO  server.RaftServerConfigKeys (ConfUtils.java:logGet(43)) - raft.server.watch.timeout = 10s (default)
2019-09-12 10:53:38,584 [b65ee1e2-3519-4053-9dbb-47eb940bcefc:group-0BB3A9FECE34:LeaderElection92] INFO  server.RaftServerConfigKeys (ConfUtils.java:logGet(43)) - raft.server.watch.timeout.denomination = 1s (default)
2019-09-12 10:53:38,584 [b65ee1e2-3519-4053-9dbb-47eb940bcefc:group-2F671244D33C:LeaderElection94] INFO  impl.LeaderElection (LeaderElection.java:askForVotes(181)) - b65ee1e2-3519-4053-9dbb-47eb940bcefc:group-2F671244D33C:LeaderElection94: begin an election at term 1 for -1: [b65ee1e2-3519-4053-9dbb-47eb940bcefc:192.168.157.195:36009], old=null
2019-09-12 10:53:38,584 [b65ee1e2-3519-4053-9dbb-47eb940bcefc:group-FB816D82E341:LeaderElection93] INFO  server.RaftServerConfigKeys (ConfUtils.java:logGet(43)) - raft.server.watch.timeout.denomination = 1s (default)
2019-09-12 10:53:38,584 [b65ee1e2-3519-4053-9dbb-47eb940bcefc:group-2F671244D33C:LeaderElection94] INFO  impl.RoleInfo (RoleInfo.java:shutdownLeaderElection(134)) - b65ee1e2-3519-4053-9dbb-47eb940bcefc: shutdown LeaderElection
2019-09-12 10:53:38,584 [b65ee1e2-3519-4053-9dbb-47eb940bcefc:group-0BB3A9FECE34:LeaderElection92] INFO  server.RaftServerConfigKeys (ConfUtils.java:logGet(43)) - raft.server.watch.element-limit = 65536 (default)
2019-09-12 10:53:38,585 [b65ee1e2-3519-4053-9dbb-47eb940bcefc:group-2F671244D33C:LeaderElection94] INFO  impl.RaftServerImpl (RaftServerImpl.java:setRole(171)) - b65ee1e2-3519-4053-9dbb-47eb940bcefc:group-2F671244D33C changes role from CANDIDATE to LEADER at term 1 for changeToLeader
2019-09-12 10:53:38,585 [b65ee1e2-3519-4053-9dbb-47eb940bcefc:group-FB816D82E341:LeaderElection93] INFO  server.RaftServerConfigKeys (ConfUtils.java:logGet(43)) - raft.server.watch.element-limit = 65536 (default)
2019-09-12 10:53:38,585 [b65ee1e2-3519-4053-9dbb-47eb940bcefc:group-2F671244D33C:LeaderElection94] INFO  impl.RaftServerImpl (ServerState.java:setLeader(263)) - b65ee1e2-3519-4053-9dbb-47eb940bcefc:group-2F671244D33C change Leader from null to b65ee1e2-3519-4053-9dbb-47eb940bcefc at term 1 for becomeLeader, leader elected after 1086ms
2019-09-12 10:53:38,585 [b65ee1e2-3519-4053-9dbb-47eb940bcefc:group-FB816D82E341:LeaderElection93] INFO  impl.RoleInfo (RoleInfo.java:updateAndGet(143)) - b65ee1e2-3519-4053-9dbb-47eb940bcefc: start LeaderState
2019-09-12 10:53:38,585 [b65ee1e2-3519-4053-9dbb-47eb940bcefc:group-0BB3A9FECE34:LeaderElection92] INFO  impl.RoleInfo (RoleInfo.java:updateAndGet(143)) - b65ee1e2-3519-4053-9dbb-47eb940bcefc: start LeaderState
2019-09-12 10:53:38,585 [b65ee1e2-3519-4053-9dbb-47eb940bcefc:group-2F671244D33C:LeaderElection94] INFO  server.RaftServerConfigKeys (ConfUtils.java:logGet(43)) - raft.server.staging.catchup.gap = 1000 (default)
2019-09-12 10:53:38,585 [b65ee1e2-3519-4053-9dbb-47eb940bcefc:group-FB816D82E341:LeaderElection93] INFO  segmented.SegmentedRaftLogWorker (SegmentedRaftLogWorker.java:startLogSegment(380)) - b65ee1e2-3519-4053-9dbb-47eb940bcefc-SegmentedRaftLogWorker:Storage Directory /workdir/hadoop-ozone/integration-test/target/test-dir/MiniOzoneClusterImpl-0aac579c-f8ad-49ec-a94e-9a436a9c79c1/datanode-5/data/ratis/f98c111e-fadb-437a-8a4f-fb816d82e341: Starting segment from index:0
2019-09-12 10:53:38,585 [b65ee1e2-3519-4053-9dbb-47eb940bcefc:group-2F671244D33C:LeaderElection94] INFO  server.RaftServerConfigKeys (ConfUtils.java:logGet(43)) - raft.server.rpc.sleep.time = 25ms (default)
2019-09-12 10:53:38,585 [b65ee1e2-3519-4053-9dbb-47eb940bcefc:group-0BB3A9FECE34:LeaderElection92] INFO  segmented.SegmentedRaftLogWorker (SegmentedRaftLogWorker.java:startLogSegment(380)) - b65ee1e2-3519-4053-9dbb-47eb940bcefc-SegmentedRaftLogWorker:Storage Directory /workdir/hadoop-ozone/integration-test/target/test-dir/MiniOzoneClusterImpl-0aac579c-f8ad-49ec-a94e-9a436a9c79c1/datanode-5/data/ratis/03436157-acd9-4d15-a78d-0bb3a9fece34: Starting segment from index:0
2019-09-12 10:53:38,586 [b65ee1e2-3519-4053-9dbb-47eb940bcefc:group-FB816D82E341:LeaderElection93] INFO  impl.RaftServerImpl (ServerState.java:setRaftConf(361)) - b65ee1e2-3519-4053-9dbb-47eb940bcefc:group-FB816D82E341 set configuration 0: [b65ee1e2-3519-4053-9dbb-47eb940bcefc:192.168.157.195:36009], old=null at 0
2019-09-12 10:53:38,586 [b65ee1e2-3519-4053-9dbb-47eb940bcefc:group-2F671244D33C:LeaderElection94] INFO  server.RaftServerConfigKeys (ConfUtils.java:logGet(43)) - raft.server.write.element-limit = 4096 (default)
2019-09-12 10:53:38,586 [b65ee1e2-3519-4053-9dbb-47eb940bcefc:group-2F671244D33C:LeaderElection94] INFO  server.RaftServerConfigKeys (ConfUtils.java:logGet(43)) - raft.server.watch.timeout = 10s (default)
2019-09-12 10:53:38,586 [b65ee1e2-3519-4053-9dbb-47eb940bcefc:group-0BB3A9FECE34:LeaderElection92] INFO  impl.RaftServerImpl (ServerState.java:setRaftConf(361)) - b65ee1e2-3519-4053-9dbb-47eb940bcefc:group-0BB3A9FECE34 set configuration 0: [b65ee1e2-3519-4053-9dbb-47eb940bcefc:192.168.157.195:36009], old=null at 0
2019-09-12 10:53:38,586 [b65ee1e2-3519-4053-9dbb-47eb940bcefc:group-2F671244D33C:LeaderElection94] INFO  server.RaftServerConfigKeys (ConfUtils.java:logGet(43)) - raft.server.watch.timeout.denomination = 1s (default)
2019-09-12 10:53:38,586 [b65ee1e2-3519-4053-9dbb-47eb940bcefc:group-2F671244D33C:LeaderElection94] INFO  server.RaftServerConfigKeys (ConfUtils.java:logGet(43)) - raft.server.watch.element-limit = 65536 (default)
2019-09-12 10:53:38,587 [b65ee1e2-3519-4053-9dbb-47eb940bcefc:group-2F671244D33C:LeaderElection94] INFO  impl.RoleInfo (RoleInfo.java:updateAndGet(143)) - b65ee1e2-3519-4053-9dbb-47eb940bcefc: start LeaderState
2019-09-12 10:53:38,587 [b65ee1e2-3519-4053-9dbb-47eb940bcefc:group-2F671244D33C:LeaderElection94] INFO  segmented.SegmentedRaftLogWorker (SegmentedRaftLogWorker.java:startLogSegment(380)) - b65ee1e2-3519-4053-9dbb-47eb940bcefc-SegmentedRaftLogWorker:Storage Directory /workdir/hadoop-ozone/integration-test/target/test-dir/MiniOzoneClusterImpl-0aac579c-f8ad-49ec-a94e-9a436a9c79c1/datanode-5/data/ratis/27c98c20-92f2-4cc8-91dc-2f671244d33c: Starting segment from index:0
2019-09-12 10:53:38,587 [b65ee1e2-3519-4053-9dbb-47eb940bcefc:group-2F671244D33C:LeaderElection94] INFO  impl.RaftServerImpl (ServerState.java:setRaftConf(361)) - b65ee1e2-3519-4053-9dbb-47eb940bcefc:group-2F671244D33C set configuration 0: [b65ee1e2-3519-4053-9dbb-47eb940bcefc:192.168.157.195:36009], old=null at 0
2019-09-12 10:53:38,635 [b65ee1e2-3519-4053-9dbb-47eb940bcefc-SegmentedRaftLogWorker:Storage Directory /workdir/hadoop-ozone/integration-test/target/test-dir/MiniOzoneClusterImpl-0aac579c-f8ad-49ec-a94e-9a436a9c79c1/datanode-5/data/ratis/27c98c20-92f2-4cc8-91dc-2f671244d33c] INFO  segmented.SegmentedRaftLogWorker (SegmentedRaftLogWorker.java:execute(569)) - b65ee1e2-3519-4053-9dbb-47eb940bcefc-SegmentedRaftLogWorker:Storage Directory /workdir/hadoop-ozone/integration-test/target/test-dir/MiniOzoneClusterImpl-0aac579c-f8ad-49ec-a94e-9a436a9c79c1/datanode-5/data/ratis/27c98c20-92f2-4cc8-91dc-2f671244d33c: created new log segment /workdir/hadoop-ozone/integration-test/target/test-dir/MiniOzoneClusterImpl-0aac579c-f8ad-49ec-a94e-9a436a9c79c1/datanode-5/data/ratis/27c98c20-92f2-4cc8-91dc-2f671244d33c/current/log_inprogress_0
2019-09-12 10:53:38,635 [b65ee1e2-3519-4053-9dbb-47eb940bcefc-SegmentedRaftLogWorker:Storage Directory /workdir/hadoop-ozone/integration-test/target/test-dir/MiniOzoneClusterImpl-0aac579c-f8ad-49ec-a94e-9a436a9c79c1/datanode-5/data/ratis/03436157-acd9-4d15-a78d-0bb3a9fece34] INFO  segmented.SegmentedRaftLogWorker (SegmentedRaftLogWorker.java:execute(569)) - b65ee1e2-3519-4053-9dbb-47eb940bcefc-SegmentedRaftLogWorker:Storage Directory /workdir/hadoop-ozone/integration-test/target/test-dir/MiniOzoneClusterImpl-0aac579c-f8ad-49ec-a94e-9a436a9c79c1/datanode-5/data/ratis/03436157-acd9-4d15-a78d-0bb3a9fece34: created new log segment /workdir/hadoop-ozone/integration-test/target/test-dir/MiniOzoneClusterImpl-0aac579c-f8ad-49ec-a94e-9a436a9c79c1/datanode-5/data/ratis/03436157-acd9-4d15-a78d-0bb3a9fece34/current/log_inprogress_0
2019-09-12 10:53:38,635 [b65ee1e2-3519-4053-9dbb-47eb940bcefc-SegmentedRaftLogWorker:Storage Directory /workdir/hadoop-ozone/integration-test/target/test-dir/MiniOzoneClusterImpl-0aac579c-f8ad-49ec-a94e-9a436a9c79c1/datanode-5/data/ratis/f98c111e-fadb-437a-8a4f-fb816d82e341] INFO  segmented.SegmentedRaftLogWorker (SegmentedRaftLogWorker.java:execute(569)) - b65ee1e2-3519-4053-9dbb-47eb940bcefc-SegmentedRaftLogWorker:Storage Directory /workdir/hadoop-ozone/integration-test/target/test-dir/MiniOzoneClusterImpl-0aac579c-f8ad-49ec-a94e-9a436a9c79c1/datanode-5/data/ratis/f98c111e-fadb-437a-8a4f-fb816d82e341: created new log segment /workdir/hadoop-ozone/integration-test/target/test-dir/MiniOzoneClusterImpl-0aac579c-f8ad-49ec-a94e-9a436a9c79c1/datanode-5/data/ratis/f98c111e-fadb-437a-8a4f-fb816d82e341/current/log_inprogress_0
2019-09-12 10:53:38,663 [Thread-922] INFO  impl.FollowerState (FollowerState.java:run(106)) - b65ee1e2-3519-4053-9dbb-47eb940bcefc:group-D4C30E118A5D changes to CANDIDATE, lastRpcTime:1189, electionTimeout:1189ms
2019-09-12 10:53:38,663 [Thread-922] INFO  impl.RoleInfo (RoleInfo.java:shutdownFollowerState(121)) - b65ee1e2-3519-4053-9dbb-47eb940bcefc: shutdown FollowerState
2019-09-12 10:53:38,663 [Thread-922] INFO  impl.RaftServerImpl (RaftServerImpl.java:setRole(171)) - b65ee1e2-3519-4053-9dbb-47eb940bcefc:group-D4C30E118A5D changes role from FOLLOWER to CANDIDATE at term 0 for changeToCandidate
2019-09-12 10:53:38,663 [Thread-922] INFO  impl.RoleInfo (RoleInfo.java:updateAndGet(143)) - b65ee1e2-3519-4053-9dbb-47eb940bcefc: start LeaderElection
2019-09-12 10:53:38,678 [b65ee1e2-3519-4053-9dbb-47eb940bcefc:group-D4C30E118A5D:LeaderElection95] INFO  impl.LeaderElection (LeaderElection.java:askForVotes(181)) - b65ee1e2-3519-4053-9dbb-47eb940bcefc:group-D4C30E118A5D:LeaderElection95: begin an election at term 1 for -1: [b65ee1e2-3519-4053-9dbb-47eb940bcefc:192.168.157.195:36009], old=null
2019-09-12 10:53:38,679 [b65ee1e2-3519-4053-9dbb-47eb940bcefc:group-D4C30E118A5D:LeaderElection95] INFO  impl.RoleInfo (RoleInfo.java:shutdownLeaderElection(134)) - b65ee1e2-3519-4053-9dbb-47eb940bcefc: shutdown LeaderElection
2019-09-12 10:53:38,679 [b65ee1e2-3519-4053-9dbb-47eb940bcefc:group-D4C30E118A5D:LeaderElection95] INFO  impl.RaftServerImpl (RaftServerImpl.java:setRole(171)) - b65ee1e2-3519-4053-9dbb-47eb940bcefc:group-D4C30E118A5D changes role from CANDIDATE to LEADER at term 1 for changeToLeader
2019-09-12 10:53:38,679 [b65ee1e2-3519-4053-9dbb-47eb940bcefc:group-D4C30E118A5D:LeaderElection95] INFO  impl.RaftServerImpl (ServerState.java:setLeader(263)) - b65ee1e2-3519-4053-9dbb-47eb940bcefc:group-D4C30E118A5D change Leader from null to b65ee1e2-3519-4053-9dbb-47eb940bcefc at term 1 for becomeLeader, leader elected after 1208ms
2019-09-12 10:53:38,679 [b65ee1e2-3519-4053-9dbb-47eb940bcefc:group-D4C30E118A5D:LeaderElection95] INFO  server.RaftServerConfigKeys (ConfUtils.java:logGet(43)) - raft.server.staging.catchup.gap = 1000 (default)
2019-09-12 10:53:38,679 [b65ee1e2-3519-4053-9dbb-47eb940bcefc:group-D4C30E118A5D:LeaderElection95] INFO  server.RaftServerConfigKeys (ConfUtils.java:logGet(43)) - raft.server.rpc.sleep.time = 25ms (default)
2019-09-12 10:53:38,679 [b65ee1e2-3519-4053-9dbb-47eb940bcefc:group-D4C30E118A5D:LeaderElection95] INFO  server.RaftServerConfigKeys (ConfUtils.java:logGet(43)) - raft.server.write.element-limit = 4096 (default)
2019-09-12 10:53:38,679 [b65ee1e2-3519-4053-9dbb-47eb940bcefc:group-D4C30E118A5D:LeaderElection95] INFO  server.RaftServerConfigKeys (ConfUtils.java:logGet(43)) - raft.server.watch.timeout = 10s (default)
2019-09-12 10:53:38,679 [b65ee1e2-3519-4053-9dbb-47eb940bcefc:group-D4C30E118A5D:LeaderElection95] INFO  server.RaftServerConfigKeys (ConfUtils.java:logGet(43)) - raft.server.watch.timeout.denomination = 1s (default)
2019-09-12 10:53:38,679 [b65ee1e2-3519-4053-9dbb-47eb940bcefc:group-D4C30E118A5D:LeaderElection95] INFO  server.RaftServerConfigKeys (ConfUtils.java:logGet(43)) - raft.server.watch.element-limit = 65536 (default)
2019-09-12 10:53:38,679 [b65ee1e2-3519-4053-9dbb-47eb940bcefc:group-D4C30E118A5D:LeaderElection95] INFO  impl.RoleInfo (RoleInfo.java:updateAndGet(143)) - b65ee1e2-3519-4053-9dbb-47eb940bcefc: start LeaderState
2019-09-12 10:53:38,680 [b65ee1e2-3519-4053-9dbb-47eb940bcefc:group-D4C30E118A5D:LeaderElection95] INFO  segmented.SegmentedRaftLogWorker (SegmentedRaftLogWorker.java:startLogSegment(380)) - b65ee1e2-3519-4053-9dbb-47eb940bcefc-SegmentedRaftLogWorker:Storage Directory /workdir/hadoop-ozone/integration-test/target/test-dir/MiniOzoneClusterImpl-0aac579c-f8ad-49ec-a94e-9a436a9c79c1/datanode-5/data/ratis/8f32cdeb-22dd-4330-84e5-d4c30e118a5d: Starting segment from index:0
2019-09-12 10:53:38,680 [b65ee1e2-3519-4053-9dbb-47eb940bcefc:group-D4C30E118A5D:LeaderElection95] INFO  impl.RaftServerImpl (ServerState.java:setRaftConf(361)) - b65ee1e2-3519-4053-9dbb-47eb940bcefc:group-D4C30E118A5D set configuration 0: [b65ee1e2-3519-4053-9dbb-47eb940bcefc:192.168.157.195:36009], old=null at 0
2019-09-12 10:53:38,710 | INFO  | SCMAudit | user=jenkins1000 | ip=192.168.157.195 | op=SEND_HEARTBEAT {datanodeUUID=226b4809-1310-4df7-b0e3-70448e94a1e8, command=[]} | ret=SUCCESS |  
2019-09-12 10:53:38,721 [b65ee1e2-3519-4053-9dbb-47eb940bcefc-SegmentedRaftLogWorker:Storage Directory /workdir/hadoop-ozone/integration-test/target/test-dir/MiniOzoneClusterImpl-0aac579c-f8ad-49ec-a94e-9a436a9c79c1/datanode-5/data/ratis/8f32cdeb-22dd-4330-84e5-d4c30e118a5d] INFO  segmented.SegmentedRaftLogWorker (SegmentedRaftLogWorker.java:execute(569)) - b65ee1e2-3519-4053-9dbb-47eb940bcefc-SegmentedRaftLogWorker:Storage Directory /workdir/hadoop-ozone/integration-test/target/test-dir/MiniOzoneClusterImpl-0aac579c-f8ad-49ec-a94e-9a436a9c79c1/datanode-5/data/ratis/8f32cdeb-22dd-4330-84e5-d4c30e118a5d: created new log segment /workdir/hadoop-ozone/integration-test/target/test-dir/MiniOzoneClusterImpl-0aac579c-f8ad-49ec-a94e-9a436a9c79c1/datanode-5/data/ratis/8f32cdeb-22dd-4330-84e5-d4c30e118a5d/current/log_inprogress_0
2019-09-12 10:53:38,723 [Thread-935] INFO  impl.FollowerState (FollowerState.java:run(106)) - b65ee1e2-3519-4053-9dbb-47eb940bcefc:group-5BF48FDF829C changes to CANDIDATE, lastRpcTime:1180, electionTimeout:1180ms
2019-09-12 10:53:38,723 [Thread-935] INFO  impl.RoleInfo (RoleInfo.java:shutdownFollowerState(121)) - b65ee1e2-3519-4053-9dbb-47eb940bcefc: shutdown FollowerState
2019-09-12 10:53:38,724 [Thread-935] INFO  impl.RaftServerImpl (RaftServerImpl.java:setRole(171)) - b65ee1e2-3519-4053-9dbb-47eb940bcefc:group-5BF48FDF829C changes role from FOLLOWER to CANDIDATE at term 0 for changeToCandidate
2019-09-12 10:53:38,724 [Thread-935] INFO  impl.RoleInfo (RoleInfo.java:updateAndGet(143)) - b65ee1e2-3519-4053-9dbb-47eb940bcefc: start LeaderElection
2019-09-12 10:53:38,736 [b65ee1e2-3519-4053-9dbb-47eb940bcefc:group-5BF48FDF829C:LeaderElection96] INFO  impl.LeaderElection (LeaderElection.java:askForVotes(181)) - b65ee1e2-3519-4053-9dbb-47eb940bcefc:group-5BF48FDF829C:LeaderElection96: begin an election at term 1 for -1: [b65ee1e2-3519-4053-9dbb-47eb940bcefc:192.168.157.195:36009], old=null
2019-09-12 10:53:38,736 [b65ee1e2-3519-4053-9dbb-47eb940bcefc:group-5BF48FDF829C:LeaderElection96] INFO  impl.RoleInfo (RoleInfo.java:shutdownLeaderElection(134)) - b65ee1e2-3519-4053-9dbb-47eb940bcefc: shutdown LeaderElection
2019-09-12 10:53:38,737 [b65ee1e2-3519-4053-9dbb-47eb940bcefc:group-5BF48FDF829C:LeaderElection96] INFO  impl.RaftServerImpl (RaftServerImpl.java:setRole(171)) - b65ee1e2-3519-4053-9dbb-47eb940bcefc:group-5BF48FDF829C changes role from CANDIDATE to LEADER at term 1 for changeToLeader
2019-09-12 10:53:38,737 [b65ee1e2-3519-4053-9dbb-47eb940bcefc:group-5BF48FDF829C:LeaderElection96] INFO  impl.RaftServerImpl (ServerState.java:setLeader(263)) - b65ee1e2-3519-4053-9dbb-47eb940bcefc:group-5BF48FDF829C change Leader from null to b65ee1e2-3519-4053-9dbb-47eb940bcefc at term 1 for becomeLeader, leader elected after 1197ms
2019-09-12 10:53:38,737 [b65ee1e2-3519-4053-9dbb-47eb940bcefc:group-5BF48FDF829C:LeaderElection96] INFO  server.RaftServerConfigKeys (ConfUtils.java:logGet(43)) - raft.server.staging.catchup.gap = 1000 (default)
2019-09-12 10:53:38,737 [b65ee1e2-3519-4053-9dbb-47eb940bcefc:group-5BF48FDF829C:LeaderElection96] INFO  server.RaftServerConfigKeys (ConfUtils.java:logGet(43)) - raft.server.rpc.sleep.time = 25ms (default)
2019-09-12 10:53:38,737 [b65ee1e2-3519-4053-9dbb-47eb940bcefc:group-5BF48FDF829C:LeaderElection96] INFO  server.RaftServerConfigKeys (ConfUtils.java:logGet(43)) - raft.server.write.element-limit = 4096 (default)
2019-09-12 10:53:38,737 [b65ee1e2-3519-4053-9dbb-47eb940bcefc:group-5BF48FDF829C:LeaderElection96] INFO  server.RaftServerConfigKeys (ConfUtils.java:logGet(43)) - raft.server.watch.timeout = 10s (default)
2019-09-12 10:53:38,737 [b65ee1e2-3519-4053-9dbb-47eb940bcefc:group-5BF48FDF829C:LeaderElection96] INFO  server.RaftServerConfigKeys (ConfUtils.java:logGet(43)) - raft.server.watch.timeout.denomination = 1s (default)
2019-09-12 10:53:38,737 [b65ee1e2-3519-4053-9dbb-47eb940bcefc:group-5BF48FDF829C:LeaderElection96] INFO  server.RaftServerConfigKeys (ConfUtils.java:logGet(43)) - raft.server.watch.element-limit = 65536 (default)
2019-09-12 10:53:38,737 [b65ee1e2-3519-4053-9dbb-47eb940bcefc:group-5BF48FDF829C:LeaderElection96] INFO  impl.RoleInfo (RoleInfo.java:updateAndGet(143)) - b65ee1e2-3519-4053-9dbb-47eb940bcefc: start LeaderState
2019-09-12 10:53:38,738 [b65ee1e2-3519-4053-9dbb-47eb940bcefc:group-5BF48FDF829C:LeaderElection96] INFO  segmented.SegmentedRaftLogWorker (SegmentedRaftLogWorker.java:startLogSegment(380)) - b65ee1e2-3519-4053-9dbb-47eb940bcefc-SegmentedRaftLogWorker:Storage Directory /workdir/hadoop-ozone/integration-test/target/test-dir/MiniOzoneClusterImpl-0aac579c-f8ad-49ec-a94e-9a436a9c79c1/datanode-5/data/ratis/93687691-f738-41d3-b27a-5bf48fdf829c: Starting segment from index:0
2019-09-12 10:53:38,738 [b65ee1e2-3519-4053-9dbb-47eb940bcefc:group-5BF48FDF829C:LeaderElection96] INFO  impl.RaftServerImpl (ServerState.java:setRaftConf(361)) - b65ee1e2-3519-4053-9dbb-47eb940bcefc:group-5BF48FDF829C set configuration 0: [b65ee1e2-3519-4053-9dbb-47eb940bcefc:192.168.157.195:36009], old=null at 0
2019-09-12 10:53:38,793 [b65ee1e2-3519-4053-9dbb-47eb940bcefc-SegmentedRaftLogWorker:Storage Directory /workdir/hadoop-ozone/integration-test/target/test-dir/MiniOzoneClusterImpl-0aac579c-f8ad-49ec-a94e-9a436a9c79c1/datanode-5/data/ratis/93687691-f738-41d3-b27a-5bf48fdf829c] INFO  segmented.SegmentedRaftLogWorker (SegmentedRaftLogWorker.java:execute(569)) - b65ee1e2-3519-4053-9dbb-47eb940bcefc-SegmentedRaftLogWorker:Storage Directory /workdir/hadoop-ozone/integration-test/target/test-dir/MiniOzoneClusterImpl-0aac579c-f8ad-49ec-a94e-9a436a9c79c1/datanode-5/data/ratis/93687691-f738-41d3-b27a-5bf48fdf829c: created new log segment /workdir/hadoop-ozone/integration-test/target/test-dir/MiniOzoneClusterImpl-0aac579c-f8ad-49ec-a94e-9a436a9c79c1/datanode-5/data/ratis/93687691-f738-41d3-b27a-5bf48fdf829c/current/log_inprogress_0
2019-09-12 10:53:38,871 | INFO  | SCMAudit | user=jenkins1000 | ip=192.168.157.195 | op=SEND_HEARTBEAT {datanodeUUID=9c89c98f-dc1b-41da-bccf-9aab26cf5a48, command=[]} | ret=SUCCESS |  
2019-09-12 10:53:38,883 [Thread-804] INFO  container.ReplicationManager (ReplicationManager.java:start(151)) - Starting Replication Monitor Thread.
2019-09-12 10:53:38,886 [ReplicationMonitor] INFO  container.ReplicationManager (ReplicationManager.java:run(214)) - Replication Monitor Thread took 0 milliseconds for processing 0 containers.
2019-09-12 10:53:39,120 [Datanode State Machine Thread - 0] INFO  statemachine.DatanodeStateMachine (DatanodeStateMachine.java:lambda$startDaemon$0(350)) - Ozone container server started.
2019-09-12 10:53:39,302 | INFO  | SCMAudit | user=jenkins1000 | ip=192.168.157.195 | op=SEND_HEARTBEAT {datanodeUUID=b65ee1e2-3519-4053-9dbb-47eb940bcefc, command=[]} | ret=SUCCESS |  
2019-09-12 10:53:39,317 | INFO  | SCMAudit | user=jenkins1000 | ip=192.168.157.195 | op=SEND_HEARTBEAT {datanodeUUID=4e79f251-f4f2-46d8-98e5-a0ed6d578d1f, command=[]} | ret=SUCCESS |  
2019-09-12 10:53:39,710 | INFO  | SCMAudit | user=jenkins1000 | ip=192.168.157.195 | op=SEND_HEARTBEAT {datanodeUUID=226b4809-1310-4df7-b0e3-70448e94a1e8, command=[]} | ret=SUCCESS |  
2019-09-12 10:53:39,871 | INFO  | SCMAudit | user=jenkins1000 | ip=192.168.157.195 | op=SEND_HEARTBEAT {datanodeUUID=9c89c98f-dc1b-41da-bccf-9aab26cf5a48, command=[]} | ret=SUCCESS |  
2019-09-12 10:53:40,303 | INFO  | SCMAudit | user=jenkins1000 | ip=192.168.157.195 | op=SEND_HEARTBEAT {datanodeUUID=b65ee1e2-3519-4053-9dbb-47eb940bcefc, command=[]} | ret=SUCCESS |  
2019-09-12 10:53:40,318 | INFO  | SCMAudit | user=jenkins1000 | ip=192.168.157.195 | op=SEND_HEARTBEAT {datanodeUUID=4e79f251-f4f2-46d8-98e5-a0ed6d578d1f, command=[]} | ret=SUCCESS |  
2019-09-12 10:53:40,709 | INFO  | SCMAudit | user=jenkins1000 | ip=192.168.157.195 | op=SEND_HEARTBEAT {datanodeUUID=226b4809-1310-4df7-b0e3-70448e94a1e8, command=[]} | ret=SUCCESS |  
2019-09-12 10:53:40,871 | INFO  | SCMAudit | user=jenkins1000 | ip=192.168.157.195 | op=SEND_HEARTBEAT {datanodeUUID=9c89c98f-dc1b-41da-bccf-9aab26cf5a48, command=[]} | ret=SUCCESS |  
2019-09-12 10:53:41,303 | INFO  | SCMAudit | user=jenkins1000 | ip=192.168.157.195 | op=SEND_HEARTBEAT {datanodeUUID=b65ee1e2-3519-4053-9dbb-47eb940bcefc, command=[]} | ret=SUCCESS |  
2019-09-12 10:53:41,319 | INFO  | SCMAudit | user=jenkins1000 | ip=192.168.157.195 | op=SEND_HEARTBEAT {datanodeUUID=4e79f251-f4f2-46d8-98e5-a0ed6d578d1f, command=[]} | ret=SUCCESS |  
2019-09-12 10:53:41,709 | INFO  | SCMAudit | user=jenkins1000 | ip=192.168.157.195 | op=SEND_HEARTBEAT {datanodeUUID=226b4809-1310-4df7-b0e3-70448e94a1e8, command=[]} | ret=SUCCESS |  
2019-09-12 10:53:41,871 | INFO  | SCMAudit | user=jenkins1000 | ip=192.168.157.195 | op=SEND_HEARTBEAT {datanodeUUID=9c89c98f-dc1b-41da-bccf-9aab26cf5a48, command=[]} | ret=SUCCESS |  
2019-09-12 10:53:42,303 | INFO  | SCMAudit | user=jenkins1000 | ip=192.168.157.195 | op=SEND_HEARTBEAT {datanodeUUID=b65ee1e2-3519-4053-9dbb-47eb940bcefc, command=[]} | ret=SUCCESS |  
2019-09-12 10:53:42,318 | INFO  | SCMAudit | user=jenkins1000 | ip=192.168.157.195 | op=SEND_HEARTBEAT {datanodeUUID=4e79f251-f4f2-46d8-98e5-a0ed6d578d1f, command=[]} | ret=SUCCESS |  
2019-09-12 10:53:42,709 | INFO  | SCMAudit | user=jenkins1000 | ip=192.168.157.195 | op=SEND_HEARTBEAT {datanodeUUID=226b4809-1310-4df7-b0e3-70448e94a1e8, command=[]} | ret=SUCCESS |  
2019-09-12 10:53:42,871 | INFO  | SCMAudit | user=jenkins1000 | ip=192.168.157.195 | op=SEND_HEARTBEAT {datanodeUUID=9c89c98f-dc1b-41da-bccf-9aab26cf5a48, command=[]} | ret=SUCCESS |  
2019-09-12 10:53:43,304 | INFO  | SCMAudit | user=jenkins1000 | ip=192.168.157.195 | op=SEND_HEARTBEAT {datanodeUUID=b65ee1e2-3519-4053-9dbb-47eb940bcefc, command=[]} | ret=SUCCESS |  
2019-09-12 10:53:43,319 | INFO  | SCMAudit | user=jenkins1000 | ip=192.168.157.195 | op=SEND_HEARTBEAT {datanodeUUID=4e79f251-f4f2-46d8-98e5-a0ed6d578d1f, command=[]} | ret=SUCCESS |  
2019-09-12 10:53:43,506 [main] INFO  ozoneimpl.OzoneContainer (OzoneContainer.java:stop(199)) - Attempting to stop container services.
2019-09-12 10:53:43,506 [ForkJoinPool.commonPool-worker-0] INFO  ozoneimpl.OzoneContainer (OzoneContainer.java:stop(199)) - Attempting to stop container services.
2019-09-12 10:53:43,507 [main] INFO  impl.RaftServerProxy (RaftServerProxy.java:lambda$close$4(314)) - b49fccba-7697-4103-b8d6-57050bb52229: close
2019-09-12 10:53:43,507 [ForkJoinPool.commonPool-worker-0] INFO  impl.RaftServerProxy (RaftServerProxy.java:lambda$close$4(314)) - b36b3368-613a-431f-908a-5edf1c2542ba: close
2019-09-12 10:53:43,508 [main] INFO  impl.RaftServerImpl (RaftServerImpl.java:lambda$shutdown$3(245)) - b49fccba-7697-4103-b8d6-57050bb52229: shutdown group-3B2FCF8BA8E0
2019-09-12 10:53:43,508 [ForkJoinPool.commonPool-worker-0] INFO  impl.RaftServerImpl (RaftServerImpl.java:lambda$shutdown$3(245)) - b36b3368-613a-431f-908a-5edf1c2542ba: shutdown group-2434FC69BB78
2019-09-12 10:53:43,509 [ForkJoinPool.commonPool-worker-0] INFO  util.JmxRegister (JmxRegister.java:unregister(73)) - Successfully un-registered JMX Bean with object name Ratis:service=RaftServer,group=group-2434FC69BB78,id=b36b3368-613a-431f-908a-5edf1c2542ba
2019-09-12 10:53:43,509 [ForkJoinPool.commonPool-worker-0] INFO  impl.RoleInfo (RoleInfo.java:shutdownLeaderState(104)) - b36b3368-613a-431f-908a-5edf1c2542ba: shutdown LeaderState
2019-09-12 10:53:43,508 [main] INFO  util.JmxRegister (JmxRegister.java:unregister(73)) - Successfully un-registered JMX Bean with object name Ratis:service=RaftServer,group=group-3B2FCF8BA8E0,id=b49fccba-7697-4103-b8d6-57050bb52229
2019-09-12 10:53:43,510 [ForkJoinPool.commonPool-worker-0] INFO  impl.PendingRequests (PendingRequests.java:sendNotLeaderResponses(202)) - b36b3368-613a-431f-908a-5edf1c2542ba-PendingRequests: sendNotLeaderResponses
2019-09-12 10:53:43,510 [main] INFO  impl.RoleInfo (RoleInfo.java:shutdownLeaderState(104)) - b49fccba-7697-4103-b8d6-57050bb52229: shutdown LeaderState
2019-09-12 10:53:43,510 [ForkJoinPool.commonPool-worker-0] INFO  impl.StateMachineUpdater (StateMachineUpdater.java:stopAndJoin(115)) - StateMachineUpdater:b36b3368-613a-431f-908a-5edf1c2542ba:group-2434FC69BB78: set stopIndex = 0
2019-09-12 10:53:43,511 [main] INFO  impl.PendingRequests (PendingRequests.java:sendNotLeaderResponses(202)) - b49fccba-7697-4103-b8d6-57050bb52229-PendingRequests: sendNotLeaderResponses
2019-09-12 10:53:43,511 [ForkJoinPool.commonPool-worker-0] INFO  impl.RaftServerImpl (ServerState.java:close(394)) - b36b3368-613a-431f-908a-5edf1c2542ba:group-2434FC69BB78 closes. The last applied log index is 0
2019-09-12 10:53:43,512 [main] INFO  impl.StateMachineUpdater (StateMachineUpdater.java:stopAndJoin(115)) - StateMachineUpdater:b49fccba-7697-4103-b8d6-57050bb52229:group-3B2FCF8BA8E0: set stopIndex = 0
2019-09-12 10:53:43,512 [b36b3368-613a-431f-908a-5edf1c2542ba-SegmentedRaftLogWorker:Storage Directory /workdir/hadoop-ozone/integration-test/target/test-dir/MiniOzoneClusterImpl-0aac579c-f8ad-49ec-a94e-9a436a9c79c1/datanode-1/data/ratis/aa7b32e9-09b9-4055-9269-2434fc69bb78] INFO  segmented.SegmentedRaftLogWorker (SegmentedRaftLogWorker.java:run(313)) - b36b3368-613a-431f-908a-5edf1c2542ba-SegmentedRaftLogWorker:Storage Directory /workdir/hadoop-ozone/integration-test/target/test-dir/MiniOzoneClusterImpl-0aac579c-f8ad-49ec-a94e-9a436a9c79c1/datanode-1/data/ratis/aa7b32e9-09b9-4055-9269-2434fc69bb78 was interrupted, exiting. There are 0 tasks remaining in the queue.
2019-09-12 10:53:43,512 [main] INFO  impl.RaftServerImpl (ServerState.java:close(394)) - b49fccba-7697-4103-b8d6-57050bb52229:group-3B2FCF8BA8E0 closes. The last applied log index is 0
2019-09-12 10:53:43,516 [ForkJoinPool.commonPool-worker-0] INFO  segmented.SegmentedRaftLogWorker (SegmentedRaftLogWorker.java:close(228)) - b36b3368-613a-431f-908a-5edf1c2542ba-SegmentedRaftLogWorker:Storage Directory /workdir/hadoop-ozone/integration-test/target/test-dir/MiniOzoneClusterImpl-0aac579c-f8ad-49ec-a94e-9a436a9c79c1/datanode-1/data/ratis/aa7b32e9-09b9-4055-9269-2434fc69bb78 close()
2019-09-12 10:53:43,517 [b49fccba-7697-4103-b8d6-57050bb52229-SegmentedRaftLogWorker:Storage Directory /workdir/hadoop-ozone/integration-test/target/test-dir/MiniOzoneClusterImpl-0aac579c-f8ad-49ec-a94e-9a436a9c79c1/datanode-3/data/ratis/6406cacb-31db-4336-b5b2-3b2fcf8ba8e0] INFO  segmented.SegmentedRaftLogWorker (SegmentedRaftLogWorker.java:run(313)) - b49fccba-7697-4103-b8d6-57050bb52229-SegmentedRaftLogWorker:Storage Directory /workdir/hadoop-ozone/integration-test/target/test-dir/MiniOzoneClusterImpl-0aac579c-f8ad-49ec-a94e-9a436a9c79c1/datanode-3/data/ratis/6406cacb-31db-4336-b5b2-3b2fcf8ba8e0 was interrupted, exiting. There are 0 tasks remaining in the queue.
2019-09-12 10:53:43,521 [ForkJoinPool.commonPool-worker-0] INFO  impl.RaftServerImpl (RaftServerImpl.java:lambda$shutdown$3(245)) - b36b3368-613a-431f-908a-5edf1c2542ba: shutdown group-2571A0FD5541
2019-09-12 10:53:43,523 [main] INFO  segmented.SegmentedRaftLogWorker (SegmentedRaftLogWorker.java:close(228)) - b49fccba-7697-4103-b8d6-57050bb52229-SegmentedRaftLogWorker:Storage Directory /workdir/hadoop-ozone/integration-test/target/test-dir/MiniOzoneClusterImpl-0aac579c-f8ad-49ec-a94e-9a436a9c79c1/datanode-3/data/ratis/6406cacb-31db-4336-b5b2-3b2fcf8ba8e0 close()
2019-09-12 10:53:43,523 [ForkJoinPool.commonPool-worker-0] INFO  util.JmxRegister (JmxRegister.java:unregister(73)) - Successfully un-registered JMX Bean with object name Ratis:service=RaftServer,group=group-2571A0FD5541,id=b36b3368-613a-431f-908a-5edf1c2542ba
2019-09-12 10:53:43,526 [main] INFO  impl.RaftServerImpl (RaftServerImpl.java:lambda$shutdown$3(245)) - b49fccba-7697-4103-b8d6-57050bb52229: shutdown group-BC778AB11273
2019-09-12 10:53:43,526 [ForkJoinPool.commonPool-worker-0] INFO  impl.RoleInfo (RoleInfo.java:shutdownLeaderState(104)) - b36b3368-613a-431f-908a-5edf1c2542ba: shutdown LeaderState
2019-09-12 10:53:43,527 [main] INFO  util.JmxRegister (JmxRegister.java:unregister(73)) - Successfully un-registered JMX Bean with object name Ratis:service=RaftServer,group=group-BC778AB11273,id=b49fccba-7697-4103-b8d6-57050bb52229
2019-09-12 10:53:43,527 [ForkJoinPool.commonPool-worker-0] INFO  impl.PendingRequests (PendingRequests.java:sendNotLeaderResponses(202)) - b36b3368-613a-431f-908a-5edf1c2542ba-PendingRequests: sendNotLeaderResponses
2019-09-12 10:53:43,527 [main] INFO  impl.RoleInfo (RoleInfo.java:shutdownLeaderState(104)) - b49fccba-7697-4103-b8d6-57050bb52229: shutdown LeaderState
2019-09-12 10:53:43,528 [ForkJoinPool.commonPool-worker-0] INFO  impl.StateMachineUpdater (StateMachineUpdater.java:stopAndJoin(115)) - StateMachineUpdater:b36b3368-613a-431f-908a-5edf1c2542ba:group-2571A0FD5541: set stopIndex = 0
2019-09-12 10:53:43,528 [main] INFO  impl.PendingRequests (PendingRequests.java:sendNotLeaderResponses(202)) - b49fccba-7697-4103-b8d6-57050bb52229-PendingRequests: sendNotLeaderResponses
2019-09-12 10:53:43,528 [ForkJoinPool.commonPool-worker-0] INFO  impl.RaftServerImpl (ServerState.java:close(394)) - b36b3368-613a-431f-908a-5edf1c2542ba:group-2571A0FD5541 closes. The last applied log index is 0
2019-09-12 10:53:43,529 [main] INFO  impl.StateMachineUpdater (StateMachineUpdater.java:stopAndJoin(115)) - StateMachineUpdater:b49fccba-7697-4103-b8d6-57050bb52229:group-BC778AB11273: set stopIndex = 0
2019-09-12 10:53:43,529 [main] INFO  impl.RaftServerImpl (ServerState.java:close(394)) - b49fccba-7697-4103-b8d6-57050bb52229:group-BC778AB11273 closes. The last applied log index is 0
2019-09-12 10:53:43,529 [b36b3368-613a-431f-908a-5edf1c2542ba-SegmentedRaftLogWorker:Storage Directory /workdir/hadoop-ozone/integration-test/target/test-dir/MiniOzoneClusterImpl-0aac579c-f8ad-49ec-a94e-9a436a9c79c1/datanode-1/data/ratis/5a1bbf62-639b-4068-9bf5-2571a0fd5541] INFO  segmented.SegmentedRaftLogWorker (SegmentedRaftLogWorker.java:run(313)) - b36b3368-613a-431f-908a-5edf1c2542ba-SegmentedRaftLogWorker:Storage Directory /workdir/hadoop-ozone/integration-test/target/test-dir/MiniOzoneClusterImpl-0aac579c-f8ad-49ec-a94e-9a436a9c79c1/datanode-1/data/ratis/5a1bbf62-639b-4068-9bf5-2571a0fd5541 was interrupted, exiting. There are 0 tasks remaining in the queue.
2019-09-12 10:53:43,530 [b49fccba-7697-4103-b8d6-57050bb52229-SegmentedRaftLogWorker:Storage Directory /workdir/hadoop-ozone/integration-test/target/test-dir/MiniOzoneClusterImpl-0aac579c-f8ad-49ec-a94e-9a436a9c79c1/datanode-3/data/ratis/89a55d98-af35-4539-9264-bc778ab11273] INFO  segmented.SegmentedRaftLogWorker (SegmentedRaftLogWorker.java:run(313)) - b49fccba-7697-4103-b8d6-57050bb52229-SegmentedRaftLogWorker:Storage Directory /workdir/hadoop-ozone/integration-test/target/test-dir/MiniOzoneClusterImpl-0aac579c-f8ad-49ec-a94e-9a436a9c79c1/datanode-3/data/ratis/89a55d98-af35-4539-9264-bc778ab11273 was interrupted, exiting. There are 0 tasks remaining in the queue.
2019-09-12 10:53:43,532 [ForkJoinPool.commonPool-worker-0] INFO  segmented.SegmentedRaftLogWorker (SegmentedRaftLogWorker.java:close(228)) - b36b3368-613a-431f-908a-5edf1c2542ba-SegmentedRaftLogWorker:Storage Directory /workdir/hadoop-ozone/integration-test/target/test-dir/MiniOzoneClusterImpl-0aac579c-f8ad-49ec-a94e-9a436a9c79c1/datanode-1/data/ratis/5a1bbf62-639b-4068-9bf5-2571a0fd5541 close()
2019-09-12 10:53:43,533 [main] INFO  segmented.SegmentedRaftLogWorker (SegmentedRaftLogWorker.java:close(228)) - b49fccba-7697-4103-b8d6-57050bb52229-SegmentedRaftLogWorker:Storage Directory /workdir/hadoop-ozone/integration-test/target/test-dir/MiniOzoneClusterImpl-0aac579c-f8ad-49ec-a94e-9a436a9c79c1/datanode-3/data/ratis/89a55d98-af35-4539-9264-bc778ab11273 close()
2019-09-12 10:53:43,536 [ForkJoinPool.commonPool-worker-0] INFO  impl.RaftServerImpl (RaftServerImpl.java:lambda$shutdown$3(245)) - b36b3368-613a-431f-908a-5edf1c2542ba: shutdown group-53DF5CF68B2B
2019-09-12 10:53:43,539 [main] INFO  impl.RaftServerImpl (RaftServerImpl.java:lambda$shutdown$3(245)) - b49fccba-7697-4103-b8d6-57050bb52229: shutdown group-EA0BB6EC4BE1
2019-09-12 10:53:43,539 [ForkJoinPool.commonPool-worker-0] INFO  util.JmxRegister (JmxRegister.java:unregister(73)) - Successfully un-registered JMX Bean with object name Ratis:service=RaftServer,group=group-53DF5CF68B2B,id=b36b3368-613a-431f-908a-5edf1c2542ba
2019-09-12 10:53:43,540 [main] INFO  util.JmxRegister (JmxRegister.java:unregister(73)) - Successfully un-registered JMX Bean with object name Ratis:service=RaftServer,group=group-EA0BB6EC4BE1,id=b49fccba-7697-4103-b8d6-57050bb52229
2019-09-12 10:53:43,540 [ForkJoinPool.commonPool-worker-0] INFO  impl.RoleInfo (RoleInfo.java:shutdownLeaderState(104)) - b36b3368-613a-431f-908a-5edf1c2542ba: shutdown LeaderState
2019-09-12 10:53:43,540 [main] INFO  impl.RoleInfo (RoleInfo.java:shutdownLeaderState(104)) - b49fccba-7697-4103-b8d6-57050bb52229: shutdown LeaderState
2019-09-12 10:53:43,540 [ForkJoinPool.commonPool-worker-0] INFO  impl.PendingRequests (PendingRequests.java:sendNotLeaderResponses(202)) - b36b3368-613a-431f-908a-5edf1c2542ba-PendingRequests: sendNotLeaderResponses
2019-09-12 10:53:43,541 [main] INFO  impl.PendingRequests (PendingRequests.java:sendNotLeaderResponses(202)) - b49fccba-7697-4103-b8d6-57050bb52229-PendingRequests: sendNotLeaderResponses
2019-09-12 10:53:43,541 [ForkJoinPool.commonPool-worker-0] INFO  impl.StateMachineUpdater (StateMachineUpdater.java:stopAndJoin(115)) - StateMachineUpdater:b36b3368-613a-431f-908a-5edf1c2542ba:group-53DF5CF68B2B: set stopIndex = 0
2019-09-12 10:53:43,541 [main] INFO  impl.StateMachineUpdater (StateMachineUpdater.java:stopAndJoin(115)) - StateMachineUpdater:b49fccba-7697-4103-b8d6-57050bb52229:group-EA0BB6EC4BE1: set stopIndex = 0
2019-09-12 10:53:43,541 [ForkJoinPool.commonPool-worker-0] INFO  impl.RaftServerImpl (ServerState.java:close(394)) - b36b3368-613a-431f-908a-5edf1c2542ba:group-53DF5CF68B2B closes. The last applied log index is 0
2019-09-12 10:53:43,542 [main] INFO  impl.RaftServerImpl (ServerState.java:close(394)) - b49fccba-7697-4103-b8d6-57050bb52229:group-EA0BB6EC4BE1 closes. The last applied log index is 0
2019-09-12 10:53:43,542 [b36b3368-613a-431f-908a-5edf1c2542ba-SegmentedRaftLogWorker:Storage Directory /workdir/hadoop-ozone/integration-test/target/test-dir/MiniOzoneClusterImpl-0aac579c-f8ad-49ec-a94e-9a436a9c79c1/datanode-1/data/ratis/b9c51f82-deab-4ef4-9ec3-53df5cf68b2b] INFO  segmented.SegmentedRaftLogWorker (SegmentedRaftLogWorker.java:run(313)) - b36b3368-613a-431f-908a-5edf1c2542ba-SegmentedRaftLogWorker:Storage Directory /workdir/hadoop-ozone/integration-test/target/test-dir/MiniOzoneClusterImpl-0aac579c-f8ad-49ec-a94e-9a436a9c79c1/datanode-1/data/ratis/b9c51f82-deab-4ef4-9ec3-53df5cf68b2b was interrupted, exiting. There are 0 tasks remaining in the queue.
2019-09-12 10:53:43,543 [b49fccba-7697-4103-b8d6-57050bb52229-SegmentedRaftLogWorker:Storage Directory /workdir/hadoop-ozone/integration-test/target/test-dir/MiniOzoneClusterImpl-0aac579c-f8ad-49ec-a94e-9a436a9c79c1/datanode-3/data/ratis/ade30d0d-6edd-472c-91ca-ea0bb6ec4be1] INFO  segmented.SegmentedRaftLogWorker (SegmentedRaftLogWorker.java:run(313)) - b49fccba-7697-4103-b8d6-57050bb52229-SegmentedRaftLogWorker:Storage Directory /workdir/hadoop-ozone/integration-test/target/test-dir/MiniOzoneClusterImpl-0aac579c-f8ad-49ec-a94e-9a436a9c79c1/datanode-3/data/ratis/ade30d0d-6edd-472c-91ca-ea0bb6ec4be1 was interrupted, exiting. There are 0 tasks remaining in the queue.
2019-09-12 10:53:43,544 [ForkJoinPool.commonPool-worker-0] INFO  segmented.SegmentedRaftLogWorker (SegmentedRaftLogWorker.java:close(228)) - b36b3368-613a-431f-908a-5edf1c2542ba-SegmentedRaftLogWorker:Storage Directory /workdir/hadoop-ozone/integration-test/target/test-dir/MiniOzoneClusterImpl-0aac579c-f8ad-49ec-a94e-9a436a9c79c1/datanode-1/data/ratis/b9c51f82-deab-4ef4-9ec3-53df5cf68b2b close()
2019-09-12 10:53:43,546 [main] INFO  segmented.SegmentedRaftLogWorker (SegmentedRaftLogWorker.java:close(228)) - b49fccba-7697-4103-b8d6-57050bb52229-SegmentedRaftLogWorker:Storage Directory /workdir/hadoop-ozone/integration-test/target/test-dir/MiniOzoneClusterImpl-0aac579c-f8ad-49ec-a94e-9a436a9c79c1/datanode-3/data/ratis/ade30d0d-6edd-472c-91ca-ea0bb6ec4be1 close()
2019-09-12 10:53:43,550 [ForkJoinPool.commonPool-worker-0] INFO  impl.RaftServerImpl (RaftServerImpl.java:lambda$shutdown$3(245)) - b36b3368-613a-431f-908a-5edf1c2542ba: shutdown group-84A99CE28BDE
2019-09-12 10:53:43,552 [main] INFO  impl.RaftServerImpl (RaftServerImpl.java:lambda$shutdown$3(245)) - b49fccba-7697-4103-b8d6-57050bb52229: shutdown group-7A1537ACEB65
2019-09-12 10:53:43,553 [ForkJoinPool.commonPool-worker-0] INFO  util.JmxRegister (JmxRegister.java:unregister(73)) - Successfully un-registered JMX Bean with object name Ratis:service=RaftServer,group=group-84A99CE28BDE,id=b36b3368-613a-431f-908a-5edf1c2542ba
2019-09-12 10:53:43,553 [main] INFO  util.JmxRegister (JmxRegister.java:unregister(73)) - Successfully un-registered JMX Bean with object name Ratis:service=RaftServer,group=group-7A1537ACEB65,id=b49fccba-7697-4103-b8d6-57050bb52229
2019-09-12 10:53:43,553 [main] INFO  impl.RoleInfo (RoleInfo.java:shutdownLeaderState(104)) - b49fccba-7697-4103-b8d6-57050bb52229: shutdown LeaderState
2019-09-12 10:53:43,553 [ForkJoinPool.commonPool-worker-0] INFO  impl.RoleInfo (RoleInfo.java:shutdownLeaderState(104)) - b36b3368-613a-431f-908a-5edf1c2542ba: shutdown LeaderState
2019-09-12 10:53:43,554 [main] INFO  impl.PendingRequests (PendingRequests.java:sendNotLeaderResponses(202)) - b49fccba-7697-4103-b8d6-57050bb52229-PendingRequests: sendNotLeaderResponses
2019-09-12 10:53:43,554 [ForkJoinPool.commonPool-worker-0] INFO  impl.PendingRequests (PendingRequests.java:sendNotLeaderResponses(202)) - b36b3368-613a-431f-908a-5edf1c2542ba-PendingRequests: sendNotLeaderResponses
2019-09-12 10:53:43,554 [main] INFO  impl.StateMachineUpdater (StateMachineUpdater.java:stopAndJoin(115)) - StateMachineUpdater:b49fccba-7697-4103-b8d6-57050bb52229:group-7A1537ACEB65: set stopIndex = 0
2019-09-12 10:53:43,554 [ForkJoinPool.commonPool-worker-0] INFO  impl.StateMachineUpdater (StateMachineUpdater.java:stopAndJoin(115)) - StateMachineUpdater:b36b3368-613a-431f-908a-5edf1c2542ba:group-84A99CE28BDE: set stopIndex = 0
2019-09-12 10:53:43,555 [main] INFO  impl.RaftServerImpl (ServerState.java:close(394)) - b49fccba-7697-4103-b8d6-57050bb52229:group-7A1537ACEB65 closes. The last applied log index is 0
2019-09-12 10:53:43,555 [ForkJoinPool.commonPool-worker-0] INFO  impl.RaftServerImpl (ServerState.java:close(394)) - b36b3368-613a-431f-908a-5edf1c2542ba:group-84A99CE28BDE closes. The last applied log index is 0
2019-09-12 10:53:43,555 [b49fccba-7697-4103-b8d6-57050bb52229-SegmentedRaftLogWorker:Storage Directory /workdir/hadoop-ozone/integration-test/target/test-dir/MiniOzoneClusterImpl-0aac579c-f8ad-49ec-a94e-9a436a9c79c1/datanode-3/data/ratis/3343a441-957b-4877-a09a-7a1537aceb65] INFO  segmented.SegmentedRaftLogWorker (SegmentedRaftLogWorker.java:run(313)) - b49fccba-7697-4103-b8d6-57050bb52229-SegmentedRaftLogWorker:Storage Directory /workdir/hadoop-ozone/integration-test/target/test-dir/MiniOzoneClusterImpl-0aac579c-f8ad-49ec-a94e-9a436a9c79c1/datanode-3/data/ratis/3343a441-957b-4877-a09a-7a1537aceb65 was interrupted, exiting. There are 0 tasks remaining in the queue.
2019-09-12 10:53:43,555 [b36b3368-613a-431f-908a-5edf1c2542ba-SegmentedRaftLogWorker:Storage Directory /workdir/hadoop-ozone/integration-test/target/test-dir/MiniOzoneClusterImpl-0aac579c-f8ad-49ec-a94e-9a436a9c79c1/datanode-1/data/ratis/8d74b592-26d6-4254-96f8-84a99ce28bde] INFO  segmented.SegmentedRaftLogWorker (SegmentedRaftLogWorker.java:run(313)) - b36b3368-613a-431f-908a-5edf1c2542ba-SegmentedRaftLogWorker:Storage Directory /workdir/hadoop-ozone/integration-test/target/test-dir/MiniOzoneClusterImpl-0aac579c-f8ad-49ec-a94e-9a436a9c79c1/datanode-1/data/ratis/8d74b592-26d6-4254-96f8-84a99ce28bde was interrupted, exiting. There are 0 tasks remaining in the queue.
2019-09-12 10:53:43,557 [main] INFO  segmented.SegmentedRaftLogWorker (SegmentedRaftLogWorker.java:close(228)) - b49fccba-7697-4103-b8d6-57050bb52229-SegmentedRaftLogWorker:Storage Directory /workdir/hadoop-ozone/integration-test/target/test-dir/MiniOzoneClusterImpl-0aac579c-f8ad-49ec-a94e-9a436a9c79c1/datanode-3/data/ratis/3343a441-957b-4877-a09a-7a1537aceb65 close()
2019-09-12 10:53:43,558 [ForkJoinPool.commonPool-worker-0] INFO  segmented.SegmentedRaftLogWorker (SegmentedRaftLogWorker.java:close(228)) - b36b3368-613a-431f-908a-5edf1c2542ba-SegmentedRaftLogWorker:Storage Directory /workdir/hadoop-ozone/integration-test/target/test-dir/MiniOzoneClusterImpl-0aac579c-f8ad-49ec-a94e-9a436a9c79c1/datanode-1/data/ratis/8d74b592-26d6-4254-96f8-84a99ce28bde close()
2019-09-12 10:53:43,560 [main] INFO  impl.RaftServerImpl (RaftServerImpl.java:lambda$shutdown$3(245)) - b49fccba-7697-4103-b8d6-57050bb52229: shutdown group-1B5D8227BE3F
2019-09-12 10:53:43,563 [ForkJoinPool.commonPool-worker-0] INFO  impl.RaftServerImpl (RaftServerImpl.java:lambda$shutdown$3(245)) - b36b3368-613a-431f-908a-5edf1c2542ba: shutdown group-D4AC861BC4FC
2019-09-12 10:53:43,563 [main] INFO  util.JmxRegister (JmxRegister.java:unregister(73)) - Successfully un-registered JMX Bean with object name Ratis:service=RaftServer,group=group-1B5D8227BE3F,id=b49fccba-7697-4103-b8d6-57050bb52229
2019-09-12 10:53:43,563 [ForkJoinPool.commonPool-worker-0] INFO  util.JmxRegister (JmxRegister.java:unregister(73)) - Successfully un-registered JMX Bean with object name Ratis:service=RaftServer,group=group-D4AC861BC4FC,id=b36b3368-613a-431f-908a-5edf1c2542ba
2019-09-12 10:53:43,564 [main] INFO  impl.RoleInfo (RoleInfo.java:shutdownLeaderState(104)) - b49fccba-7697-4103-b8d6-57050bb52229: shutdown LeaderState
2019-09-12 10:53:43,564 [ForkJoinPool.commonPool-worker-0] INFO  impl.RoleInfo (RoleInfo.java:shutdownLeaderState(104)) - b36b3368-613a-431f-908a-5edf1c2542ba: shutdown LeaderState
2019-09-12 10:53:43,564 [main] INFO  impl.PendingRequests (PendingRequests.java:sendNotLeaderResponses(202)) - b49fccba-7697-4103-b8d6-57050bb52229-PendingRequests: sendNotLeaderResponses
2019-09-12 10:53:43,564 [ForkJoinPool.commonPool-worker-0] INFO  impl.PendingRequests (PendingRequests.java:sendNotLeaderResponses(202)) - b36b3368-613a-431f-908a-5edf1c2542ba-PendingRequests: sendNotLeaderResponses
2019-09-12 10:53:43,565 [main] INFO  impl.StateMachineUpdater (StateMachineUpdater.java:stopAndJoin(115)) - StateMachineUpdater:b49fccba-7697-4103-b8d6-57050bb52229:group-1B5D8227BE3F: set stopIndex = 0
2019-09-12 10:53:43,565 [ForkJoinPool.commonPool-worker-0] INFO  impl.StateMachineUpdater (StateMachineUpdater.java:stopAndJoin(115)) - StateMachineUpdater:b36b3368-613a-431f-908a-5edf1c2542ba:group-D4AC861BC4FC: set stopIndex = 0
2019-09-12 10:53:43,565 [main] INFO  impl.RaftServerImpl (ServerState.java:close(394)) - b49fccba-7697-4103-b8d6-57050bb52229:group-1B5D8227BE3F closes. The last applied log index is 0
2019-09-12 10:53:43,565 [ForkJoinPool.commonPool-worker-0] INFO  impl.RaftServerImpl (ServerState.java:close(394)) - b36b3368-613a-431f-908a-5edf1c2542ba:group-D4AC861BC4FC closes. The last applied log index is 0
2019-09-12 10:53:43,566 [b49fccba-7697-4103-b8d6-57050bb52229-SegmentedRaftLogWorker:Storage Directory /workdir/hadoop-ozone/integration-test/target/test-dir/MiniOzoneClusterImpl-0aac579c-f8ad-49ec-a94e-9a436a9c79c1/datanode-3/data/ratis/f4d6268f-dcbb-41ef-b302-1b5d8227be3f] INFO  segmented.SegmentedRaftLogWorker (SegmentedRaftLogWorker.java:run(313)) - b49fccba-7697-4103-b8d6-57050bb52229-SegmentedRaftLogWorker:Storage Directory /workdir/hadoop-ozone/integration-test/target/test-dir/MiniOzoneClusterImpl-0aac579c-f8ad-49ec-a94e-9a436a9c79c1/datanode-3/data/ratis/f4d6268f-dcbb-41ef-b302-1b5d8227be3f was interrupted, exiting. There are 0 tasks remaining in the queue.
2019-09-12 10:53:43,566 [b36b3368-613a-431f-908a-5edf1c2542ba-SegmentedRaftLogWorker:Storage Directory /workdir/hadoop-ozone/integration-test/target/test-dir/MiniOzoneClusterImpl-0aac579c-f8ad-49ec-a94e-9a436a9c79c1/datanode-1/data/ratis/082cd918-7f1f-47bb-9de1-d4ac861bc4fc] INFO  segmented.SegmentedRaftLogWorker (SegmentedRaftLogWorker.java:run(313)) - b36b3368-613a-431f-908a-5edf1c2542ba-SegmentedRaftLogWorker:Storage Directory /workdir/hadoop-ozone/integration-test/target/test-dir/MiniOzoneClusterImpl-0aac579c-f8ad-49ec-a94e-9a436a9c79c1/datanode-1/data/ratis/082cd918-7f1f-47bb-9de1-d4ac861bc4fc was interrupted, exiting. There are 0 tasks remaining in the queue.
2019-09-12 10:53:43,568 [main] INFO  segmented.SegmentedRaftLogWorker (SegmentedRaftLogWorker.java:close(228)) - b49fccba-7697-4103-b8d6-57050bb52229-SegmentedRaftLogWorker:Storage Directory /workdir/hadoop-ozone/integration-test/target/test-dir/MiniOzoneClusterImpl-0aac579c-f8ad-49ec-a94e-9a436a9c79c1/datanode-3/data/ratis/f4d6268f-dcbb-41ef-b302-1b5d8227be3f close()
2019-09-12 10:53:43,569 [ForkJoinPool.commonPool-worker-0] INFO  segmented.SegmentedRaftLogWorker (SegmentedRaftLogWorker.java:close(228)) - b36b3368-613a-431f-908a-5edf1c2542ba-SegmentedRaftLogWorker:Storage Directory /workdir/hadoop-ozone/integration-test/target/test-dir/MiniOzoneClusterImpl-0aac579c-f8ad-49ec-a94e-9a436a9c79c1/datanode-1/data/ratis/082cd918-7f1f-47bb-9de1-d4ac861bc4fc close()
2019-09-12 10:53:43,571 [main] INFO  impl.RaftServerImpl (RaftServerImpl.java:lambda$shutdown$3(245)) - b49fccba-7697-4103-b8d6-57050bb52229: shutdown group-9BDCA8C3ADB6
2019-09-12 10:53:43,579 [ForkJoinPool.commonPool-worker-0] INFO  impl.RaftServerImpl (RaftServerImpl.java:lambda$shutdown$3(245)) - b36b3368-613a-431f-908a-5edf1c2542ba: shutdown group-DA2522A7F7A7
2019-09-12 10:53:43,580 [main] INFO  util.JmxRegister (JmxRegister.java:unregister(73)) - Successfully un-registered JMX Bean with object name Ratis:service=RaftServer,group=group-9BDCA8C3ADB6,id=b49fccba-7697-4103-b8d6-57050bb52229
2019-09-12 10:53:43,580 [ForkJoinPool.commonPool-worker-0] INFO  util.JmxRegister (JmxRegister.java:unregister(73)) - Successfully un-registered JMX Bean with object name Ratis:service=RaftServer,group=group-DA2522A7F7A7,id=b36b3368-613a-431f-908a-5edf1c2542ba
2019-09-12 10:53:43,580 [main] INFO  impl.RoleInfo (RoleInfo.java:shutdownLeaderState(104)) - b49fccba-7697-4103-b8d6-57050bb52229: shutdown LeaderState
2019-09-12 10:53:43,580 [ForkJoinPool.commonPool-worker-0] INFO  impl.RoleInfo (RoleInfo.java:shutdownLeaderState(104)) - b36b3368-613a-431f-908a-5edf1c2542ba: shutdown LeaderState
2019-09-12 10:53:43,581 [main] INFO  impl.PendingRequests (PendingRequests.java:sendNotLeaderResponses(202)) - b49fccba-7697-4103-b8d6-57050bb52229-PendingRequests: sendNotLeaderResponses
2019-09-12 10:53:43,581 [ForkJoinPool.commonPool-worker-0] INFO  impl.PendingRequests (PendingRequests.java:sendNotLeaderResponses(202)) - b36b3368-613a-431f-908a-5edf1c2542ba-PendingRequests: sendNotLeaderResponses
2019-09-12 10:53:43,581 [main] INFO  impl.StateMachineUpdater (StateMachineUpdater.java:stopAndJoin(115)) - StateMachineUpdater:b49fccba-7697-4103-b8d6-57050bb52229:group-9BDCA8C3ADB6: set stopIndex = 0
2019-09-12 10:53:43,581 [ForkJoinPool.commonPool-worker-0] INFO  impl.StateMachineUpdater (StateMachineUpdater.java:stopAndJoin(115)) - StateMachineUpdater:b36b3368-613a-431f-908a-5edf1c2542ba:group-DA2522A7F7A7: set stopIndex = 0
2019-09-12 10:53:43,581 [main] INFO  impl.RaftServerImpl (ServerState.java:close(394)) - b49fccba-7697-4103-b8d6-57050bb52229:group-9BDCA8C3ADB6 closes. The last applied log index is 0
2019-09-12 10:53:43,582 [ForkJoinPool.commonPool-worker-0] INFO  impl.RaftServerImpl (ServerState.java:close(394)) - b36b3368-613a-431f-908a-5edf1c2542ba:group-DA2522A7F7A7 closes. The last applied log index is 0
2019-09-12 10:53:43,582 [b49fccba-7697-4103-b8d6-57050bb52229-SegmentedRaftLogWorker:Storage Directory /workdir/hadoop-ozone/integration-test/target/test-dir/MiniOzoneClusterImpl-0aac579c-f8ad-49ec-a94e-9a436a9c79c1/datanode-3/data/ratis/f11dec4a-8f44-47cf-b0ce-9bdca8c3adb6] INFO  segmented.SegmentedRaftLogWorker (SegmentedRaftLogWorker.java:run(313)) - b49fccba-7697-4103-b8d6-57050bb52229-SegmentedRaftLogWorker:Storage Directory /workdir/hadoop-ozone/integration-test/target/test-dir/MiniOzoneClusterImpl-0aac579c-f8ad-49ec-a94e-9a436a9c79c1/datanode-3/data/ratis/f11dec4a-8f44-47cf-b0ce-9bdca8c3adb6 was interrupted, exiting. There are 0 tasks remaining in the queue.
2019-09-12 10:53:43,582 [b36b3368-613a-431f-908a-5edf1c2542ba-SegmentedRaftLogWorker:Storage Directory /workdir/hadoop-ozone/integration-test/target/test-dir/MiniOzoneClusterImpl-0aac579c-f8ad-49ec-a94e-9a436a9c79c1/datanode-1/data/ratis/5d4a07d9-ad3e-4bb5-a086-da2522a7f7a7] INFO  segmented.SegmentedRaftLogWorker (SegmentedRaftLogWorker.java:run(313)) - b36b3368-613a-431f-908a-5edf1c2542ba-SegmentedRaftLogWorker:Storage Directory /workdir/hadoop-ozone/integration-test/target/test-dir/MiniOzoneClusterImpl-0aac579c-f8ad-49ec-a94e-9a436a9c79c1/datanode-1/data/ratis/5d4a07d9-ad3e-4bb5-a086-da2522a7f7a7 was interrupted, exiting. There are 0 tasks remaining in the queue.
2019-09-12 10:53:43,582 [main] INFO  segmented.SegmentedRaftLogWorker (SegmentedRaftLogWorker.java:close(228)) - b49fccba-7697-4103-b8d6-57050bb52229-SegmentedRaftLogWorker:Storage Directory /workdir/hadoop-ozone/integration-test/target/test-dir/MiniOzoneClusterImpl-0aac579c-f8ad-49ec-a94e-9a436a9c79c1/datanode-3/data/ratis/f11dec4a-8f44-47cf-b0ce-9bdca8c3adb6 close()
2019-09-12 10:53:43,582 [ForkJoinPool.commonPool-worker-0] INFO  segmented.SegmentedRaftLogWorker (SegmentedRaftLogWorker.java:close(228)) - b36b3368-613a-431f-908a-5edf1c2542ba-SegmentedRaftLogWorker:Storage Directory /workdir/hadoop-ozone/integration-test/target/test-dir/MiniOzoneClusterImpl-0aac579c-f8ad-49ec-a94e-9a436a9c79c1/datanode-1/data/ratis/5d4a07d9-ad3e-4bb5-a086-da2522a7f7a7 close()
2019-09-12 10:53:43,584 [main] INFO  server.GrpcService (GrpcService.java:closeImpl(155)) - b49fccba-7697-4103-b8d6-57050bb52229: shutdown server with port 46518 now
2019-09-12 10:53:43,585 [ForkJoinPool.commonPool-worker-0] INFO  server.GrpcService (GrpcService.java:closeImpl(155)) - b36b3368-613a-431f-908a-5edf1c2542ba: shutdown server with port 36930 now
2019-09-12 10:53:43,588 [main] INFO  server.GrpcService (GrpcService.java:closeImpl(163)) - b49fccba-7697-4103-b8d6-57050bb52229: shutdown server with port 46518 successfully
2019-09-12 10:53:43,590 [ForkJoinPool.commonPool-worker-0] INFO  server.GrpcService (GrpcService.java:closeImpl(163)) - b36b3368-613a-431f-908a-5edf1c2542ba: shutdown server with port 36930 successfully
2019-09-12 10:53:43,591 [ForkJoinPool.commonPool-worker-0] INFO  utils.BackgroundService (BackgroundService.java:shutdown(148)) - Shutting down service BlockDeletingService
2019-09-12 10:53:43,591 [main] INFO  utils.BackgroundService (BackgroundService.java:shutdown(148)) - Shutting down service BlockDeletingService
2019-09-12 10:53:43,594 [refreshUsed-/workdir/hadoop-ozone/integration-test/target/test-dir/MiniOzoneClusterImpl-0aac579c-f8ad-49ec-a94e-9a436a9c79c1/datanode-1/data/containers] WARN  fs.CachingGetSpaceUsed (CachingGetSpaceUsed.java:run(183)) - Thread Interrupted waiting to refresh disk information: sleep interrupted
2019-09-12 10:53:43,594 [refreshUsed-/workdir/hadoop-ozone/integration-test/target/test-dir/MiniOzoneClusterImpl-0aac579c-f8ad-49ec-a94e-9a436a9c79c1/datanode-3/data/containers] WARN  fs.CachingGetSpaceUsed (CachingGetSpaceUsed.java:run(183)) - Thread Interrupted waiting to refresh disk information: sleep interrupted
2019-09-12 10:53:43,618 [ForkJoinPool.commonPool-worker-0] INFO  statemachine.DatanodeStateMachine (DatanodeStateMachine.java:stopDaemon(395)) - Ozone container server stopped.
2019-09-12 10:53:43,625 [main] INFO  statemachine.DatanodeStateMachine (DatanodeStateMachine.java:stopDaemon(395)) - Ozone container server stopped.
2019-09-12 10:53:43,628 [ForkJoinPool.commonPool-worker-0] INFO  handler.ContextHandler (ContextHandler.java:doStop(910)) - Stopped o.e.j.w.WebAppContext@b339a08{/,null,UNAVAILABLE}{/hddsDatanode}
2019-09-12 10:53:43,628 [main] INFO  handler.ContextHandler (ContextHandler.java:doStop(910)) - Stopped o.e.j.w.WebAppContext@14ad42{/,null,UNAVAILABLE}{/hddsDatanode}
2019-09-12 10:53:43,629 [ForkJoinPool.commonPool-worker-0] INFO  server.AbstractConnector (AbstractConnector.java:doStop(318)) - Stopped ServerConnector@1d556461{HTTP/1.1,[http/1.1]}{0.0.0.0:0}
2019-09-12 10:53:43,630 [main] INFO  server.AbstractConnector (AbstractConnector.java:doStop(318)) - Stopped ServerConnector@608b906d{HTTP/1.1,[http/1.1]}{0.0.0.0:0}
2019-09-12 10:53:43,630 [ForkJoinPool.commonPool-worker-0] INFO  handler.ContextHandler (ContextHandler.java:doStop(910)) - Stopped o.e.j.s.ServletContextHandler@47c81e89{/static,jar:file:/home/user/.m2/repository/org/apache/hadoop/hadoop-hdds-container-service/0.5.0-SNAPSHOT/hadoop-hdds-container-service-0.5.0-SNAPSHOT.jar!/webapps/static,UNAVAILABLE}
2019-09-12 10:53:43,631 [main] INFO  handler.ContextHandler (ContextHandler.java:doStop(910)) - Stopped o.e.j.s.ServletContextHandler@7981963f{/static,jar:file:/home/user/.m2/repository/org/apache/hadoop/hadoop-hdds-container-service/0.5.0-SNAPSHOT/hadoop-hdds-container-service-0.5.0-SNAPSHOT.jar!/webapps/static,UNAVAILABLE}
2019-09-12 10:53:43,632 [ForkJoinPool.commonPool-worker-0] INFO  handler.ContextHandler (ContextHandler.java:doStop(910)) - Stopped o.e.j.s.ServletContextHandler@46d148bd{/logs,file:///workdir/hadoop-ozone/integration-test/target/log,UNAVAILABLE}
2019-09-12 10:53:43,633 [main] INFO  handler.ContextHandler (ContextHandler.java:doStop(910)) - Stopped o.e.j.s.ServletContextHandler@50bb1c1f{/logs,file:///workdir/hadoop-ozone/integration-test/target/log,UNAVAILABLE}
2019-09-12 10:53:43,633 [ForkJoinPool.commonPool-worker-0] INFO  datanode.ObjectStoreHandler (ObjectStoreHandler.java:close(155)) - Closing ObjectStoreHandler.
2019-09-12 10:53:43,634 [main] INFO  datanode.ObjectStoreHandler (ObjectStoreHandler.java:close(155)) - Closing ObjectStoreHandler.
2019-09-12 10:53:43,634 [ForkJoinPool.commonPool-worker-0] INFO  ozone.HddsDatanodeService (HddsDatanodeService.java:stop(451)) - Stopped plug-in org.apache.hadoop.ozone.web.OzoneHddsDatanodeService@7612116b
2019-09-12 10:53:43,635 [main] INFO  ozone.HddsDatanodeService (HddsDatanodeService.java:stop(451)) - Stopped plug-in org.apache.hadoop.ozone.web.OzoneHddsDatanodeService@43de9fc9
2019-09-12 10:53:43,713 | INFO  | SCMAudit | user=jenkins1000 | ip=192.168.157.195 | op=SEND_HEARTBEAT {datanodeUUID=226b4809-1310-4df7-b0e3-70448e94a1e8, command=[]} | ret=SUCCESS |  
2019-09-12 10:53:43,871 | INFO  | SCMAudit | user=jenkins1000 | ip=192.168.157.195 | op=SEND_HEARTBEAT {datanodeUUID=9c89c98f-dc1b-41da-bccf-9aab26cf5a48, command=[]} | ret=SUCCESS |  
2019-09-12 10:53:44,303 [Datanode State Machine Thread - 0] INFO  statemachine.DatanodeStateMachine (DatanodeStateMachine.java:lambda$startDaemon$0(350)) - Ozone container server started.
2019-09-12 10:53:44,319 [Datanode State Machine Thread - 0] INFO  statemachine.DatanodeStateMachine (DatanodeStateMachine.java:lambda$startDaemon$0(350)) - Ozone container server started.
2019-09-12 10:53:44,710 | INFO  | SCMAudit | user=jenkins1000 | ip=192.168.157.195 | op=SEND_HEARTBEAT {datanodeUUID=226b4809-1310-4df7-b0e3-70448e94a1e8, command=[]} | ret=SUCCESS |  
2019-09-12 10:53:44,872 | INFO  | SCMAudit | user=jenkins1000 | ip=192.168.157.195 | op=SEND_HEARTBEAT {datanodeUUID=9c89c98f-dc1b-41da-bccf-9aab26cf5a48, command=[]} | ret=SUCCESS |  
2019-09-12 10:53:45,711 | INFO  | SCMAudit | user=jenkins1000 | ip=192.168.157.195 | op=SEND_HEARTBEAT {datanodeUUID=226b4809-1310-4df7-b0e3-70448e94a1e8, command=[]} | ret=SUCCESS |  
2019-09-12 10:53:45,871 | INFO  | SCMAudit | user=jenkins1000 | ip=192.168.157.195 | op=SEND_HEARTBEAT {datanodeUUID=9c89c98f-dc1b-41da-bccf-9aab26cf5a48, command=[]} | ret=SUCCESS |  
2019-09-12 10:53:46,711 | INFO  | SCMAudit | user=jenkins1000 | ip=192.168.157.195 | op=SEND_HEARTBEAT {datanodeUUID=226b4809-1310-4df7-b0e3-70448e94a1e8, command=[]} | ret=SUCCESS |  
2019-09-12 10:53:46,872 | INFO  | SCMAudit | user=jenkins1000 | ip=192.168.157.195 | op=SEND_HEARTBEAT {datanodeUUID=9c89c98f-dc1b-41da-bccf-9aab26cf5a48, command=[]} | ret=SUCCESS |  
2019-09-12 10:53:47,712 | INFO  | SCMAudit | user=jenkins1000 | ip=192.168.157.195 | op=SEND_HEARTBEAT {datanodeUUID=226b4809-1310-4df7-b0e3-70448e94a1e8, command=[]} | ret=SUCCESS |  
2019-09-12 10:53:47,871 | INFO  | SCMAudit | user=jenkins1000 | ip=192.168.157.195 | op=SEND_HEARTBEAT {datanodeUUID=9c89c98f-dc1b-41da-bccf-9aab26cf5a48, command=[]} | ret=SUCCESS |  
2019-09-12 10:53:48,635 [ForkJoinPool.commonPool-worker-0] INFO  ozoneimpl.OzoneContainer (OzoneContainer.java:stop(199)) - Attempting to stop container services.
2019-09-12 10:53:48,636 [main] INFO  ozoneimpl.OzoneContainer (OzoneContainer.java:stop(199)) - Attempting to stop container services.
2019-09-12 10:53:48,636 [ForkJoinPool.commonPool-worker-0] INFO  impl.RaftServerProxy (RaftServerProxy.java:lambda$close$4(314)) - 4e79f251-f4f2-46d8-98e5-a0ed6d578d1f: close
2019-09-12 10:53:48,636 [main] INFO  impl.RaftServerProxy (RaftServerProxy.java:lambda$close$4(314)) - b65ee1e2-3519-4053-9dbb-47eb940bcefc: close
2019-09-12 10:53:48,636 [ForkJoinPool.commonPool-worker-0] INFO  impl.RaftServerImpl (RaftServerImpl.java:lambda$shutdown$3(245)) - 4e79f251-f4f2-46d8-98e5-a0ed6d578d1f: shutdown group-E11119299B15
2019-09-12 10:53:48,637 [main] INFO  impl.RaftServerImpl (RaftServerImpl.java:lambda$shutdown$3(245)) - b65ee1e2-3519-4053-9dbb-47eb940bcefc: shutdown group-134AEFD278C9
2019-09-12 10:53:48,637 [ForkJoinPool.commonPool-worker-0] INFO  util.JmxRegister (JmxRegister.java:unregister(73)) - Successfully un-registered JMX Bean with object name Ratis:service=RaftServer,group=group-E11119299B15,id=4e79f251-f4f2-46d8-98e5-a0ed6d578d1f
2019-09-12 10:53:48,638 [main] INFO  util.JmxRegister (JmxRegister.java:unregister(73)) - Successfully un-registered JMX Bean with object name Ratis:service=RaftServer,group=group-134AEFD278C9,id=b65ee1e2-3519-4053-9dbb-47eb940bcefc
2019-09-12 10:53:48,638 [ForkJoinPool.commonPool-worker-0] INFO  impl.RoleInfo (RoleInfo.java:shutdownLeaderState(104)) - 4e79f251-f4f2-46d8-98e5-a0ed6d578d1f: shutdown LeaderState
2019-09-12 10:53:48,638 [main] INFO  impl.RoleInfo (RoleInfo.java:shutdownLeaderState(104)) - b65ee1e2-3519-4053-9dbb-47eb940bcefc: shutdown LeaderState
2019-09-12 10:53:48,639 [ForkJoinPool.commonPool-worker-0] INFO  impl.PendingRequests (PendingRequests.java:sendNotLeaderResponses(202)) - 4e79f251-f4f2-46d8-98e5-a0ed6d578d1f-PendingRequests: sendNotLeaderResponses
2019-09-12 10:53:48,639 [main] INFO  impl.PendingRequests (PendingRequests.java:sendNotLeaderResponses(202)) - b65ee1e2-3519-4053-9dbb-47eb940bcefc-PendingRequests: sendNotLeaderResponses
2019-09-12 10:53:48,639 [ForkJoinPool.commonPool-worker-0] INFO  impl.StateMachineUpdater (StateMachineUpdater.java:stopAndJoin(115)) - StateMachineUpdater:4e79f251-f4f2-46d8-98e5-a0ed6d578d1f:group-E11119299B15: set stopIndex = 0
2019-09-12 10:53:48,640 [main] INFO  impl.StateMachineUpdater (StateMachineUpdater.java:stopAndJoin(115)) - StateMachineUpdater:b65ee1e2-3519-4053-9dbb-47eb940bcefc:group-134AEFD278C9: set stopIndex = 0
2019-09-12 10:53:48,640 [ForkJoinPool.commonPool-worker-0] INFO  impl.RaftServerImpl (ServerState.java:close(394)) - 4e79f251-f4f2-46d8-98e5-a0ed6d578d1f:group-E11119299B15 closes. The last applied log index is 0
2019-09-12 10:53:48,640 [main] INFO  impl.RaftServerImpl (ServerState.java:close(394)) - b65ee1e2-3519-4053-9dbb-47eb940bcefc:group-134AEFD278C9 closes. The last applied log index is 0
2019-09-12 10:53:48,641 [4e79f251-f4f2-46d8-98e5-a0ed6d578d1f-SegmentedRaftLogWorker:Storage Directory /workdir/hadoop-ozone/integration-test/target/test-dir/MiniOzoneClusterImpl-0aac579c-f8ad-49ec-a94e-9a436a9c79c1/datanode-2/data/ratis/044a2ee5-142c-44bb-8b20-e11119299b15] INFO  segmented.SegmentedRaftLogWorker (SegmentedRaftLogWorker.java:run(313)) - 4e79f251-f4f2-46d8-98e5-a0ed6d578d1f-SegmentedRaftLogWorker:Storage Directory /workdir/hadoop-ozone/integration-test/target/test-dir/MiniOzoneClusterImpl-0aac579c-f8ad-49ec-a94e-9a436a9c79c1/datanode-2/data/ratis/044a2ee5-142c-44bb-8b20-e11119299b15 was interrupted, exiting. There are 0 tasks remaining in the queue.
2019-09-12 10:53:48,641 [b65ee1e2-3519-4053-9dbb-47eb940bcefc-SegmentedRaftLogWorker:Storage Directory /workdir/hadoop-ozone/integration-test/target/test-dir/MiniOzoneClusterImpl-0aac579c-f8ad-49ec-a94e-9a436a9c79c1/datanode-5/data/ratis/4dcbaa75-8725-4884-991b-134aefd278c9] INFO  segmented.SegmentedRaftLogWorker (SegmentedRaftLogWorker.java:run(313)) - b65ee1e2-3519-4053-9dbb-47eb940bcefc-SegmentedRaftLogWorker:Storage Directory /workdir/hadoop-ozone/integration-test/target/test-dir/MiniOzoneClusterImpl-0aac579c-f8ad-49ec-a94e-9a436a9c79c1/datanode-5/data/ratis/4dcbaa75-8725-4884-991b-134aefd278c9 was interrupted, exiting. There are 0 tasks remaining in the queue.
2019-09-12 10:53:48,641 [ForkJoinPool.commonPool-worker-0] INFO  segmented.SegmentedRaftLogWorker (SegmentedRaftLogWorker.java:close(228)) - 4e79f251-f4f2-46d8-98e5-a0ed6d578d1f-SegmentedRaftLogWorker:Storage Directory /workdir/hadoop-ozone/integration-test/target/test-dir/MiniOzoneClusterImpl-0aac579c-f8ad-49ec-a94e-9a436a9c79c1/datanode-2/data/ratis/044a2ee5-142c-44bb-8b20-e11119299b15 close()
2019-09-12 10:53:48,641 [main] INFO  segmented.SegmentedRaftLogWorker (SegmentedRaftLogWorker.java:close(228)) - b65ee1e2-3519-4053-9dbb-47eb940bcefc-SegmentedRaftLogWorker:Storage Directory /workdir/hadoop-ozone/integration-test/target/test-dir/MiniOzoneClusterImpl-0aac579c-f8ad-49ec-a94e-9a436a9c79c1/datanode-5/data/ratis/4dcbaa75-8725-4884-991b-134aefd278c9 close()
2019-09-12 10:53:48,644 [ForkJoinPool.commonPool-worker-0] INFO  impl.RaftServerImpl (RaftServerImpl.java:lambda$shutdown$3(245)) - 4e79f251-f4f2-46d8-98e5-a0ed6d578d1f: shutdown group-AE54A70CA60F
2019-09-12 10:53:48,645 [main] INFO  impl.RaftServerImpl (RaftServerImpl.java:lambda$shutdown$3(245)) - b65ee1e2-3519-4053-9dbb-47eb940bcefc: shutdown group-2F671244D33C
2019-09-12 10:53:48,646 [ForkJoinPool.commonPool-worker-0] INFO  util.JmxRegister (JmxRegister.java:unregister(73)) - Successfully un-registered JMX Bean with object name Ratis:service=RaftServer,group=group-AE54A70CA60F,id=4e79f251-f4f2-46d8-98e5-a0ed6d578d1f
2019-09-12 10:53:48,646 [main] INFO  util.JmxRegister (JmxRegister.java:unregister(73)) - Successfully un-registered JMX Bean with object name Ratis:service=RaftServer,group=group-2F671244D33C,id=b65ee1e2-3519-4053-9dbb-47eb940bcefc
2019-09-12 10:53:48,646 [ForkJoinPool.commonPool-worker-0] INFO  impl.RoleInfo (RoleInfo.java:shutdownLeaderState(104)) - 4e79f251-f4f2-46d8-98e5-a0ed6d578d1f: shutdown LeaderState
2019-09-12 10:53:48,647 [main] INFO  impl.RoleInfo (RoleInfo.java:shutdownLeaderState(104)) - b65ee1e2-3519-4053-9dbb-47eb940bcefc: shutdown LeaderState
2019-09-12 10:53:48,647 [ForkJoinPool.commonPool-worker-0] INFO  impl.PendingRequests (PendingRequests.java:sendNotLeaderResponses(202)) - 4e79f251-f4f2-46d8-98e5-a0ed6d578d1f-PendingRequests: sendNotLeaderResponses
2019-09-12 10:53:48,647 [main] INFO  impl.PendingRequests (PendingRequests.java:sendNotLeaderResponses(202)) - b65ee1e2-3519-4053-9dbb-47eb940bcefc-PendingRequests: sendNotLeaderResponses
2019-09-12 10:53:48,648 [ForkJoinPool.commonPool-worker-0] INFO  impl.StateMachineUpdater (StateMachineUpdater.java:stopAndJoin(115)) - StateMachineUpdater:4e79f251-f4f2-46d8-98e5-a0ed6d578d1f:group-AE54A70CA60F: set stopIndex = 0
2019-09-12 10:53:48,648 [main] INFO  impl.StateMachineUpdater (StateMachineUpdater.java:stopAndJoin(115)) - StateMachineUpdater:b65ee1e2-3519-4053-9dbb-47eb940bcefc:group-2F671244D33C: set stopIndex = 0
2019-09-12 10:53:48,649 [main] INFO  impl.RaftServerImpl (ServerState.java:close(394)) - b65ee1e2-3519-4053-9dbb-47eb940bcefc:group-2F671244D33C closes. The last applied log index is 0
2019-09-12 10:53:48,648 [ForkJoinPool.commonPool-worker-0] INFO  impl.RaftServerImpl (ServerState.java:close(394)) - 4e79f251-f4f2-46d8-98e5-a0ed6d578d1f:group-AE54A70CA60F closes. The last applied log index is 0
2019-09-12 10:53:48,649 [b65ee1e2-3519-4053-9dbb-47eb940bcefc-SegmentedRaftLogWorker:Storage Directory /workdir/hadoop-ozone/integration-test/target/test-dir/MiniOzoneClusterImpl-0aac579c-f8ad-49ec-a94e-9a436a9c79c1/datanode-5/data/ratis/27c98c20-92f2-4cc8-91dc-2f671244d33c] INFO  segmented.SegmentedRaftLogWorker (SegmentedRaftLogWorker.java:run(313)) - b65ee1e2-3519-4053-9dbb-47eb940bcefc-SegmentedRaftLogWorker:Storage Directory /workdir/hadoop-ozone/integration-test/target/test-dir/MiniOzoneClusterImpl-0aac579c-f8ad-49ec-a94e-9a436a9c79c1/datanode-5/data/ratis/27c98c20-92f2-4cc8-91dc-2f671244d33c was interrupted, exiting. There are 0 tasks remaining in the queue.
2019-09-12 10:53:48,650 [4e79f251-f4f2-46d8-98e5-a0ed6d578d1f-SegmentedRaftLogWorker:Storage Directory /workdir/hadoop-ozone/integration-test/target/test-dir/MiniOzoneClusterImpl-0aac579c-f8ad-49ec-a94e-9a436a9c79c1/datanode-2/data/ratis/d37c2ed7-e7fd-4bad-9459-ae54a70ca60f] INFO  segmented.SegmentedRaftLogWorker (SegmentedRaftLogWorker.java:run(313)) - 4e79f251-f4f2-46d8-98e5-a0ed6d578d1f-SegmentedRaftLogWorker:Storage Directory /workdir/hadoop-ozone/integration-test/target/test-dir/MiniOzoneClusterImpl-0aac579c-f8ad-49ec-a94e-9a436a9c79c1/datanode-2/data/ratis/d37c2ed7-e7fd-4bad-9459-ae54a70ca60f was interrupted, exiting. There are 0 tasks remaining in the queue.
2019-09-12 10:53:48,650 [main] INFO  segmented.SegmentedRaftLogWorker (SegmentedRaftLogWorker.java:close(228)) - b65ee1e2-3519-4053-9dbb-47eb940bcefc-SegmentedRaftLogWorker:Storage Directory /workdir/hadoop-ozone/integration-test/target/test-dir/MiniOzoneClusterImpl-0aac579c-f8ad-49ec-a94e-9a436a9c79c1/datanode-5/data/ratis/27c98c20-92f2-4cc8-91dc-2f671244d33c close()
2019-09-12 10:53:48,650 [ForkJoinPool.commonPool-worker-0] INFO  segmented.SegmentedRaftLogWorker (SegmentedRaftLogWorker.java:close(228)) - 4e79f251-f4f2-46d8-98e5-a0ed6d578d1f-SegmentedRaftLogWorker:Storage Directory /workdir/hadoop-ozone/integration-test/target/test-dir/MiniOzoneClusterImpl-0aac579c-f8ad-49ec-a94e-9a436a9c79c1/datanode-2/data/ratis/d37c2ed7-e7fd-4bad-9459-ae54a70ca60f close()
2019-09-12 10:53:48,652 [main] INFO  impl.RaftServerImpl (RaftServerImpl.java:lambda$shutdown$3(245)) - b65ee1e2-3519-4053-9dbb-47eb940bcefc: shutdown group-0BB3A9FECE34
2019-09-12 10:53:48,653 [ForkJoinPool.commonPool-worker-0] INFO  impl.RaftServerImpl (RaftServerImpl.java:lambda$shutdown$3(245)) - 4e79f251-f4f2-46d8-98e5-a0ed6d578d1f: shutdown group-D415B8DFE60D
2019-09-12 10:53:48,654 [main] INFO  util.JmxRegister (JmxRegister.java:unregister(73)) - Successfully un-registered JMX Bean with object name Ratis:service=RaftServer,group=group-0BB3A9FECE34,id=b65ee1e2-3519-4053-9dbb-47eb940bcefc
2019-09-12 10:53:48,654 [ForkJoinPool.commonPool-worker-0] INFO  util.JmxRegister (JmxRegister.java:unregister(73)) - Successfully un-registered JMX Bean with object name Ratis:service=RaftServer,group=group-D415B8DFE60D,id=4e79f251-f4f2-46d8-98e5-a0ed6d578d1f
2019-09-12 10:53:48,654 [main] INFO  impl.RoleInfo (RoleInfo.java:shutdownLeaderState(104)) - b65ee1e2-3519-4053-9dbb-47eb940bcefc: shutdown LeaderState
2019-09-12 10:53:48,655 [ForkJoinPool.commonPool-worker-0] INFO  impl.RoleInfo (RoleInfo.java:shutdownLeaderState(104)) - 4e79f251-f4f2-46d8-98e5-a0ed6d578d1f: shutdown LeaderState
2019-09-12 10:53:48,655 [main] INFO  impl.PendingRequests (PendingRequests.java:sendNotLeaderResponses(202)) - b65ee1e2-3519-4053-9dbb-47eb940bcefc-PendingRequests: sendNotLeaderResponses
2019-09-12 10:53:48,655 [ForkJoinPool.commonPool-worker-0] INFO  impl.PendingRequests (PendingRequests.java:sendNotLeaderResponses(202)) - 4e79f251-f4f2-46d8-98e5-a0ed6d578d1f-PendingRequests: sendNotLeaderResponses
2019-09-12 10:53:48,656 [main] INFO  impl.StateMachineUpdater (StateMachineUpdater.java:stopAndJoin(115)) - StateMachineUpdater:b65ee1e2-3519-4053-9dbb-47eb940bcefc:group-0BB3A9FECE34: set stopIndex = 0
2019-09-12 10:53:48,656 [ForkJoinPool.commonPool-worker-0] INFO  impl.StateMachineUpdater (StateMachineUpdater.java:stopAndJoin(115)) - StateMachineUpdater:4e79f251-f4f2-46d8-98e5-a0ed6d578d1f:group-D415B8DFE60D: set stopIndex = 0
2019-09-12 10:53:48,656 [main] INFO  impl.RaftServerImpl (ServerState.java:close(394)) - b65ee1e2-3519-4053-9dbb-47eb940bcefc:group-0BB3A9FECE34 closes. The last applied log index is 0
2019-09-12 10:53:48,657 [ForkJoinPool.commonPool-worker-0] INFO  impl.RaftServerImpl (ServerState.java:close(394)) - 4e79f251-f4f2-46d8-98e5-a0ed6d578d1f:group-D415B8DFE60D closes. The last applied log index is 0
2019-09-12 10:53:48,657 [b65ee1e2-3519-4053-9dbb-47eb940bcefc-SegmentedRaftLogWorker:Storage Directory /workdir/hadoop-ozone/integration-test/target/test-dir/MiniOzoneClusterImpl-0aac579c-f8ad-49ec-a94e-9a436a9c79c1/datanode-5/data/ratis/03436157-acd9-4d15-a78d-0bb3a9fece34] INFO  segmented.SegmentedRaftLogWorker (SegmentedRaftLogWorker.java:run(313)) - b65ee1e2-3519-4053-9dbb-47eb940bcefc-SegmentedRaftLogWorker:Storage Directory /workdir/hadoop-ozone/integration-test/target/test-dir/MiniOzoneClusterImpl-0aac579c-f8ad-49ec-a94e-9a436a9c79c1/datanode-5/data/ratis/03436157-acd9-4d15-a78d-0bb3a9fece34 was interrupted, exiting. There are 0 tasks remaining in the queue.
2019-09-12 10:53:48,657 [4e79f251-f4f2-46d8-98e5-a0ed6d578d1f-SegmentedRaftLogWorker:Storage Directory /workdir/hadoop-ozone/integration-test/target/test-dir/MiniOzoneClusterImpl-0aac579c-f8ad-49ec-a94e-9a436a9c79c1/datanode-2/data/ratis/59e4665c-beda-4302-a507-d415b8dfe60d] INFO  segmented.SegmentedRaftLogWorker (SegmentedRaftLogWorker.java:run(313)) - 4e79f251-f4f2-46d8-98e5-a0ed6d578d1f-SegmentedRaftLogWorker:Storage Directory /workdir/hadoop-ozone/integration-test/target/test-dir/MiniOzoneClusterImpl-0aac579c-f8ad-49ec-a94e-9a436a9c79c1/datanode-2/data/ratis/59e4665c-beda-4302-a507-d415b8dfe60d was interrupted, exiting. There are 0 tasks remaining in the queue.
2019-09-12 10:53:48,658 [main] INFO  segmented.SegmentedRaftLogWorker (SegmentedRaftLogWorker.java:close(228)) - b65ee1e2-3519-4053-9dbb-47eb940bcefc-SegmentedRaftLogWorker:Storage Directory /workdir/hadoop-ozone/integration-test/target/test-dir/MiniOzoneClusterImpl-0aac579c-f8ad-49ec-a94e-9a436a9c79c1/datanode-5/data/ratis/03436157-acd9-4d15-a78d-0bb3a9fece34 close()
2019-09-12 10:53:48,658 [ForkJoinPool.commonPool-worker-0] INFO  segmented.SegmentedRaftLogWorker (SegmentedRaftLogWorker.java:close(228)) - 4e79f251-f4f2-46d8-98e5-a0ed6d578d1f-SegmentedRaftLogWorker:Storage Directory /workdir/hadoop-ozone/integration-test/target/test-dir/MiniOzoneClusterImpl-0aac579c-f8ad-49ec-a94e-9a436a9c79c1/datanode-2/data/ratis/59e4665c-beda-4302-a507-d415b8dfe60d close()
2019-09-12 10:53:48,659 [main] INFO  impl.RaftServerImpl (RaftServerImpl.java:lambda$shutdown$3(245)) - b65ee1e2-3519-4053-9dbb-47eb940bcefc: shutdown group-FB816D82E341
2019-09-12 10:53:48,661 [ForkJoinPool.commonPool-worker-0] INFO  impl.RaftServerImpl (RaftServerImpl.java:lambda$shutdown$3(245)) - 4e79f251-f4f2-46d8-98e5-a0ed6d578d1f: shutdown group-93BEEDFA61D9
2019-09-12 10:53:48,661 [main] INFO  util.JmxRegister (JmxRegister.java:unregister(73)) - Successfully un-registered JMX Bean with object name Ratis:service=RaftServer,group=group-FB816D82E341,id=b65ee1e2-3519-4053-9dbb-47eb940bcefc
2019-09-12 10:53:48,662 [main] INFO  impl.RoleInfo (RoleInfo.java:shutdownLeaderState(104)) - b65ee1e2-3519-4053-9dbb-47eb940bcefc: shutdown LeaderState
2019-09-12 10:53:48,661 [ForkJoinPool.commonPool-worker-0] INFO  util.JmxRegister (JmxRegister.java:unregister(73)) - Successfully un-registered JMX Bean with object name Ratis:service=RaftServer,group=group-93BEEDFA61D9,id=4e79f251-f4f2-46d8-98e5-a0ed6d578d1f
2019-09-12 10:53:48,662 [main] INFO  impl.PendingRequests (PendingRequests.java:sendNotLeaderResponses(202)) - b65ee1e2-3519-4053-9dbb-47eb940bcefc-PendingRequests: sendNotLeaderResponses
2019-09-12 10:53:48,662 [ForkJoinPool.commonPool-worker-0] INFO  impl.RoleInfo (RoleInfo.java:shutdownLeaderState(104)) - 4e79f251-f4f2-46d8-98e5-a0ed6d578d1f: shutdown LeaderState
2019-09-12 10:53:48,663 [main] INFO  impl.StateMachineUpdater (StateMachineUpdater.java:stopAndJoin(115)) - StateMachineUpdater:b65ee1e2-3519-4053-9dbb-47eb940bcefc:group-FB816D82E341: set stopIndex = 0
2019-09-12 10:53:48,663 [ForkJoinPool.commonPool-worker-0] INFO  impl.PendingRequests (PendingRequests.java:sendNotLeaderResponses(202)) - 4e79f251-f4f2-46d8-98e5-a0ed6d578d1f-PendingRequests: sendNotLeaderResponses
2019-09-12 10:53:48,663 [main] INFO  impl.RaftServerImpl (ServerState.java:close(394)) - b65ee1e2-3519-4053-9dbb-47eb940bcefc:group-FB816D82E341 closes. The last applied log index is 0
2019-09-12 10:53:48,664 [ForkJoinPool.commonPool-worker-0] INFO  impl.StateMachineUpdater (StateMachineUpdater.java:stopAndJoin(115)) - StateMachineUpdater:4e79f251-f4f2-46d8-98e5-a0ed6d578d1f:group-93BEEDFA61D9: set stopIndex = 0
2019-09-12 10:53:48,664 [b65ee1e2-3519-4053-9dbb-47eb940bcefc-SegmentedRaftLogWorker:Storage Directory /workdir/hadoop-ozone/integration-test/target/test-dir/MiniOzoneClusterImpl-0aac579c-f8ad-49ec-a94e-9a436a9c79c1/datanode-5/data/ratis/f98c111e-fadb-437a-8a4f-fb816d82e341] INFO  segmented.SegmentedRaftLogWorker (SegmentedRaftLogWorker.java:run(313)) - b65ee1e2-3519-4053-9dbb-47eb940bcefc-SegmentedRaftLogWorker:Storage Directory /workdir/hadoop-ozone/integration-test/target/test-dir/MiniOzoneClusterImpl-0aac579c-f8ad-49ec-a94e-9a436a9c79c1/datanode-5/data/ratis/f98c111e-fadb-437a-8a4f-fb816d82e341 was interrupted, exiting. There are 0 tasks remaining in the queue.
2019-09-12 10:53:48,664 [ForkJoinPool.commonPool-worker-0] INFO  impl.RaftServerImpl (ServerState.java:close(394)) - 4e79f251-f4f2-46d8-98e5-a0ed6d578d1f:group-93BEEDFA61D9 closes. The last applied log index is 0
2019-09-12 10:53:48,665 [main] INFO  segmented.SegmentedRaftLogWorker (SegmentedRaftLogWorker.java:close(228)) - b65ee1e2-3519-4053-9dbb-47eb940bcefc-SegmentedRaftLogWorker:Storage Directory /workdir/hadoop-ozone/integration-test/target/test-dir/MiniOzoneClusterImpl-0aac579c-f8ad-49ec-a94e-9a436a9c79c1/datanode-5/data/ratis/f98c111e-fadb-437a-8a4f-fb816d82e341 close()
2019-09-12 10:53:48,665 [4e79f251-f4f2-46d8-98e5-a0ed6d578d1f-SegmentedRaftLogWorker:Storage Directory /workdir/hadoop-ozone/integration-test/target/test-dir/MiniOzoneClusterImpl-0aac579c-f8ad-49ec-a94e-9a436a9c79c1/datanode-2/data/ratis/db3ae39c-7fe0-4589-96b0-93beedfa61d9] INFO  segmented.SegmentedRaftLogWorker (SegmentedRaftLogWorker.java:run(313)) - 4e79f251-f4f2-46d8-98e5-a0ed6d578d1f-SegmentedRaftLogWorker:Storage Directory /workdir/hadoop-ozone/integration-test/target/test-dir/MiniOzoneClusterImpl-0aac579c-f8ad-49ec-a94e-9a436a9c79c1/datanode-2/data/ratis/db3ae39c-7fe0-4589-96b0-93beedfa61d9 was interrupted, exiting. There are 0 tasks remaining in the queue.
2019-09-12 10:53:48,666 [main] INFO  impl.RaftServerImpl (RaftServerImpl.java:lambda$shutdown$3(245)) - b65ee1e2-3519-4053-9dbb-47eb940bcefc: shutdown group-D4C30E118A5D
2019-09-12 10:53:48,667 [ForkJoinPool.commonPool-worker-0] INFO  segmented.SegmentedRaftLogWorker (SegmentedRaftLogWorker.java:close(228)) - 4e79f251-f4f2-46d8-98e5-a0ed6d578d1f-SegmentedRaftLogWorker:Storage Directory /workdir/hadoop-ozone/integration-test/target/test-dir/MiniOzoneClusterImpl-0aac579c-f8ad-49ec-a94e-9a436a9c79c1/datanode-2/data/ratis/db3ae39c-7fe0-4589-96b0-93beedfa61d9 close()
2019-09-12 10:53:48,667 [main] INFO  util.JmxRegister (JmxRegister.java:unregister(73)) - Successfully un-registered JMX Bean with object name Ratis:service=RaftServer,group=group-D4C30E118A5D,id=b65ee1e2-3519-4053-9dbb-47eb940bcefc
2019-09-12 10:53:48,672 [main] INFO  impl.RoleInfo (RoleInfo.java:shutdownLeaderState(104)) - b65ee1e2-3519-4053-9dbb-47eb940bcefc: shutdown LeaderState
2019-09-12 10:53:48,672 [ForkJoinPool.commonPool-worker-0] INFO  impl.RaftServerImpl (RaftServerImpl.java:lambda$shutdown$3(245)) - 4e79f251-f4f2-46d8-98e5-a0ed6d578d1f: shutdown group-182DA133B454
2019-09-12 10:53:48,673 [main] INFO  impl.PendingRequests (PendingRequests.java:sendNotLeaderResponses(202)) - b65ee1e2-3519-4053-9dbb-47eb940bcefc-PendingRequests: sendNotLeaderResponses
2019-09-12 10:53:48,673 [ForkJoinPool.commonPool-worker-0] INFO  util.JmxRegister (JmxRegister.java:unregister(73)) - Successfully un-registered JMX Bean with object name Ratis:service=RaftServer,group=group-182DA133B454,id=4e79f251-f4f2-46d8-98e5-a0ed6d578d1f
2019-09-12 10:53:48,673 [main] INFO  impl.StateMachineUpdater (StateMachineUpdater.java:stopAndJoin(115)) - StateMachineUpdater:b65ee1e2-3519-4053-9dbb-47eb940bcefc:group-D4C30E118A5D: set stopIndex = 0
2019-09-12 10:53:48,674 [ForkJoinPool.commonPool-worker-0] INFO  impl.RoleInfo (RoleInfo.java:shutdownLeaderState(104)) - 4e79f251-f4f2-46d8-98e5-a0ed6d578d1f: shutdown LeaderState
2019-09-12 10:53:48,674 [main] INFO  impl.RaftServerImpl (ServerState.java:close(394)) - b65ee1e2-3519-4053-9dbb-47eb940bcefc:group-D4C30E118A5D closes. The last applied log index is 0
2019-09-12 10:53:48,674 [ForkJoinPool.commonPool-worker-0] INFO  impl.PendingRequests (PendingRequests.java:sendNotLeaderResponses(202)) - 4e79f251-f4f2-46d8-98e5-a0ed6d578d1f-PendingRequests: sendNotLeaderResponses
2019-09-12 10:53:48,675 [b65ee1e2-3519-4053-9dbb-47eb940bcefc-SegmentedRaftLogWorker:Storage Directory /workdir/hadoop-ozone/integration-test/target/test-dir/MiniOzoneClusterImpl-0aac579c-f8ad-49ec-a94e-9a436a9c79c1/datanode-5/data/ratis/8f32cdeb-22dd-4330-84e5-d4c30e118a5d] INFO  segmented.SegmentedRaftLogWorker (SegmentedRaftLogWorker.java:run(313)) - b65ee1e2-3519-4053-9dbb-47eb940bcefc-SegmentedRaftLogWorker:Storage Directory /workdir/hadoop-ozone/integration-test/target/test-dir/MiniOzoneClusterImpl-0aac579c-f8ad-49ec-a94e-9a436a9c79c1/datanode-5/data/ratis/8f32cdeb-22dd-4330-84e5-d4c30e118a5d was interrupted, exiting. There are 0 tasks remaining in the queue.
2019-09-12 10:53:48,675 [ForkJoinPool.commonPool-worker-0] INFO  impl.StateMachineUpdater (StateMachineUpdater.java:stopAndJoin(115)) - StateMachineUpdater:4e79f251-f4f2-46d8-98e5-a0ed6d578d1f:group-182DA133B454: set stopIndex = 0
2019-09-12 10:53:48,675 [main] INFO  segmented.SegmentedRaftLogWorker (SegmentedRaftLogWorker.java:close(228)) - b65ee1e2-3519-4053-9dbb-47eb940bcefc-SegmentedRaftLogWorker:Storage Directory /workdir/hadoop-ozone/integration-test/target/test-dir/MiniOzoneClusterImpl-0aac579c-f8ad-49ec-a94e-9a436a9c79c1/datanode-5/data/ratis/8f32cdeb-22dd-4330-84e5-d4c30e118a5d close()
2019-09-12 10:53:48,675 [ForkJoinPool.commonPool-worker-0] INFO  impl.RaftServerImpl (ServerState.java:close(394)) - 4e79f251-f4f2-46d8-98e5-a0ed6d578d1f:group-182DA133B454 closes. The last applied log index is 0
2019-09-12 10:53:48,676 [main] INFO  impl.RaftServerImpl (RaftServerImpl.java:lambda$shutdown$3(245)) - b65ee1e2-3519-4053-9dbb-47eb940bcefc: shutdown group-5BF48FDF829C
2019-09-12 10:53:48,676 [4e79f251-f4f2-46d8-98e5-a0ed6d578d1f-SegmentedRaftLogWorker:Storage Directory /workdir/hadoop-ozone/integration-test/target/test-dir/MiniOzoneClusterImpl-0aac579c-f8ad-49ec-a94e-9a436a9c79c1/datanode-2/data/ratis/cdf618fb-180d-4b4e-bda6-182da133b454] INFO  segmented.SegmentedRaftLogWorker (SegmentedRaftLogWorker.java:run(313)) - 4e79f251-f4f2-46d8-98e5-a0ed6d578d1f-SegmentedRaftLogWorker:Storage Directory /workdir/hadoop-ozone/integration-test/target/test-dir/MiniOzoneClusterImpl-0aac579c-f8ad-49ec-a94e-9a436a9c79c1/datanode-2/data/ratis/cdf618fb-180d-4b4e-bda6-182da133b454 was interrupted, exiting. There are 0 tasks remaining in the queue.
2019-09-12 10:53:48,677 [main] INFO  util.JmxRegister (JmxRegister.java:unregister(73)) - Successfully un-registered JMX Bean with object name Ratis:service=RaftServer,group=group-5BF48FDF829C,id=b65ee1e2-3519-4053-9dbb-47eb940bcefc
2019-09-12 10:53:48,677 [ForkJoinPool.commonPool-worker-0] INFO  segmented.SegmentedRaftLogWorker (SegmentedRaftLogWorker.java:close(228)) - 4e79f251-f4f2-46d8-98e5-a0ed6d578d1f-SegmentedRaftLogWorker:Storage Directory /workdir/hadoop-ozone/integration-test/target/test-dir/MiniOzoneClusterImpl-0aac579c-f8ad-49ec-a94e-9a436a9c79c1/datanode-2/data/ratis/cdf618fb-180d-4b4e-bda6-182da133b454 close()
2019-09-12 10:53:48,677 [main] INFO  impl.RoleInfo (RoleInfo.java:shutdownLeaderState(104)) - b65ee1e2-3519-4053-9dbb-47eb940bcefc: shutdown LeaderState
2019-09-12 10:53:48,677 [ForkJoinPool.commonPool-worker-0] INFO  impl.RaftServerImpl (RaftServerImpl.java:lambda$shutdown$3(245)) - 4e79f251-f4f2-46d8-98e5-a0ed6d578d1f: shutdown group-37A1BC51CD47
2019-09-12 10:53:48,678 [main] INFO  impl.PendingRequests (PendingRequests.java:sendNotLeaderResponses(202)) - b65ee1e2-3519-4053-9dbb-47eb940bcefc-PendingRequests: sendNotLeaderResponses
2019-09-12 10:53:48,678 [ForkJoinPool.commonPool-worker-0] INFO  util.JmxRegister (JmxRegister.java:unregister(73)) - Successfully un-registered JMX Bean with object name Ratis:service=RaftServer,group=group-37A1BC51CD47,id=4e79f251-f4f2-46d8-98e5-a0ed6d578d1f
2019-09-12 10:53:48,678 [main] INFO  impl.StateMachineUpdater (StateMachineUpdater.java:stopAndJoin(115)) - StateMachineUpdater:b65ee1e2-3519-4053-9dbb-47eb940bcefc:group-5BF48FDF829C: set stopIndex = 0
2019-09-12 10:53:48,679 [main] INFO  impl.RaftServerImpl (ServerState.java:close(394)) - b65ee1e2-3519-4053-9dbb-47eb940bcefc:group-5BF48FDF829C closes. The last applied log index is 0
2019-09-12 10:53:48,679 [ForkJoinPool.commonPool-worker-0] INFO  impl.RoleInfo (RoleInfo.java:shutdownLeaderState(104)) - 4e79f251-f4f2-46d8-98e5-a0ed6d578d1f: shutdown LeaderState
2019-09-12 10:53:48,680 [b65ee1e2-3519-4053-9dbb-47eb940bcefc-SegmentedRaftLogWorker:Storage Directory /workdir/hadoop-ozone/integration-test/target/test-dir/MiniOzoneClusterImpl-0aac579c-f8ad-49ec-a94e-9a436a9c79c1/datanode-5/data/ratis/93687691-f738-41d3-b27a-5bf48fdf829c] INFO  segmented.SegmentedRaftLogWorker (SegmentedRaftLogWorker.java:run(313)) - b65ee1e2-3519-4053-9dbb-47eb940bcefc-SegmentedRaftLogWorker:Storage Directory /workdir/hadoop-ozone/integration-test/target/test-dir/MiniOzoneClusterImpl-0aac579c-f8ad-49ec-a94e-9a436a9c79c1/datanode-5/data/ratis/93687691-f738-41d3-b27a-5bf48fdf829c was interrupted, exiting. There are 0 tasks remaining in the queue.
2019-09-12 10:53:48,680 [ForkJoinPool.commonPool-worker-0] INFO  impl.PendingRequests (PendingRequests.java:sendNotLeaderResponses(202)) - 4e79f251-f4f2-46d8-98e5-a0ed6d578d1f-PendingRequests: sendNotLeaderResponses
2019-09-12 10:53:48,680 [main] INFO  segmented.SegmentedRaftLogWorker (SegmentedRaftLogWorker.java:close(228)) - b65ee1e2-3519-4053-9dbb-47eb940bcefc-SegmentedRaftLogWorker:Storage Directory /workdir/hadoop-ozone/integration-test/target/test-dir/MiniOzoneClusterImpl-0aac579c-f8ad-49ec-a94e-9a436a9c79c1/datanode-5/data/ratis/93687691-f738-41d3-b27a-5bf48fdf829c close()
2019-09-12 10:53:48,680 [ForkJoinPool.commonPool-worker-0] INFO  impl.StateMachineUpdater (StateMachineUpdater.java:stopAndJoin(115)) - StateMachineUpdater:4e79f251-f4f2-46d8-98e5-a0ed6d578d1f:group-37A1BC51CD47: set stopIndex = 0
2019-09-12 10:53:48,681 [main] INFO  server.GrpcService (GrpcService.java:closeImpl(155)) - b65ee1e2-3519-4053-9dbb-47eb940bcefc: shutdown server with port 36009 now
2019-09-12 10:53:48,681 [ForkJoinPool.commonPool-worker-0] INFO  impl.RaftServerImpl (ServerState.java:close(394)) - 4e79f251-f4f2-46d8-98e5-a0ed6d578d1f:group-37A1BC51CD47 closes. The last applied log index is 0
2019-09-12 10:53:48,683 [4e79f251-f4f2-46d8-98e5-a0ed6d578d1f-SegmentedRaftLogWorker:Storage Directory /workdir/hadoop-ozone/integration-test/target/test-dir/MiniOzoneClusterImpl-0aac579c-f8ad-49ec-a94e-9a436a9c79c1/datanode-2/data/ratis/d5451817-b611-44b2-9139-37a1bc51cd47] INFO  segmented.SegmentedRaftLogWorker (SegmentedRaftLogWorker.java:run(313)) - 4e79f251-f4f2-46d8-98e5-a0ed6d578d1f-SegmentedRaftLogWorker:Storage Directory /workdir/hadoop-ozone/integration-test/target/test-dir/MiniOzoneClusterImpl-0aac579c-f8ad-49ec-a94e-9a436a9c79c1/datanode-2/data/ratis/d5451817-b611-44b2-9139-37a1bc51cd47 was interrupted, exiting. There are 0 tasks remaining in the queue.
2019-09-12 10:53:48,683 [main] INFO  server.GrpcService (GrpcService.java:closeImpl(163)) - b65ee1e2-3519-4053-9dbb-47eb940bcefc: shutdown server with port 36009 successfully
2019-09-12 10:53:48,683 [ForkJoinPool.commonPool-worker-0] INFO  segmented.SegmentedRaftLogWorker (SegmentedRaftLogWorker.java:close(228)) - 4e79f251-f4f2-46d8-98e5-a0ed6d578d1f-SegmentedRaftLogWorker:Storage Directory /workdir/hadoop-ozone/integration-test/target/test-dir/MiniOzoneClusterImpl-0aac579c-f8ad-49ec-a94e-9a436a9c79c1/datanode-2/data/ratis/d5451817-b611-44b2-9139-37a1bc51cd47 close()
2019-09-12 10:53:48,684 [ForkJoinPool.commonPool-worker-0] INFO  server.GrpcService (GrpcService.java:closeImpl(155)) - 4e79f251-f4f2-46d8-98e5-a0ed6d578d1f: shutdown server with port 36131 now
2019-09-12 10:53:48,684 [main] INFO  utils.BackgroundService (BackgroundService.java:shutdown(148)) - Shutting down service BlockDeletingService
2019-09-12 10:53:48,685 [ForkJoinPool.commonPool-worker-0] INFO  server.GrpcService (GrpcService.java:closeImpl(163)) - 4e79f251-f4f2-46d8-98e5-a0ed6d578d1f: shutdown server with port 36131 successfully
2019-09-12 10:53:48,687 [ForkJoinPool.commonPool-worker-0] INFO  utils.BackgroundService (BackgroundService.java:shutdown(148)) - Shutting down service BlockDeletingService
2019-09-12 10:53:48,688 [refreshUsed-/workdir/hadoop-ozone/integration-test/target/test-dir/MiniOzoneClusterImpl-0aac579c-f8ad-49ec-a94e-9a436a9c79c1/datanode-5/data/containers] WARN  fs.CachingGetSpaceUsed (CachingGetSpaceUsed.java:run(183)) - Thread Interrupted waiting to refresh disk information: sleep interrupted
2019-09-12 10:53:48,692 [refreshUsed-/workdir/hadoop-ozone/integration-test/target/test-dir/MiniOzoneClusterImpl-0aac579c-f8ad-49ec-a94e-9a436a9c79c1/datanode-2/data/containers] WARN  fs.CachingGetSpaceUsed (CachingGetSpaceUsed.java:run(183)) - Thread Interrupted waiting to refresh disk information: sleep interrupted
2019-09-12 10:53:48,709 [ForkJoinPool.commonPool-worker-0] INFO  statemachine.DatanodeStateMachine (DatanodeStateMachine.java:stopDaemon(395)) - Ozone container server stopped.
2019-09-12 10:53:48,712 [ForkJoinPool.commonPool-worker-0] INFO  handler.ContextHandler (ContextHandler.java:doStop(910)) - Stopped o.e.j.w.WebAppContext@2fea9a7b{/,null,UNAVAILABLE}{/hddsDatanode}
2019-09-12 10:53:48,715 [ForkJoinPool.commonPool-worker-0] INFO  server.AbstractConnector (AbstractConnector.java:doStop(318)) - Stopped ServerConnector@2aa07d80{HTTP/1.1,[http/1.1]}{0.0.0.0:0}
2019-09-12 10:53:48,715 [main] INFO  statemachine.DatanodeStateMachine (DatanodeStateMachine.java:stopDaemon(395)) - Ozone container server stopped.
2019-09-12 10:53:48,719 | INFO  | SCMAudit | user=jenkins1000 | ip=192.168.157.195 | op=SEND_HEARTBEAT {datanodeUUID=226b4809-1310-4df7-b0e3-70448e94a1e8, command=[]} | ret=SUCCESS |  
2019-09-12 10:53:48,719 [ForkJoinPool.commonPool-worker-0] INFO  handler.ContextHandler (ContextHandler.java:doStop(910)) - Stopped o.e.j.s.ServletContextHandler@14b26e90{/static,jar:file:/home/user/.m2/repository/org/apache/hadoop/hadoop-hdds-container-service/0.5.0-SNAPSHOT/hadoop-hdds-container-service-0.5.0-SNAPSHOT.jar!/webapps/static,UNAVAILABLE}
2019-09-12 10:53:48,719 [ForkJoinPool.commonPool-worker-0] INFO  handler.ContextHandler (ContextHandler.java:doStop(910)) - Stopped o.e.j.s.ServletContextHandler@3dec79f8{/logs,file:///workdir/hadoop-ozone/integration-test/target/log,UNAVAILABLE}
2019-09-12 10:53:48,720 [main] INFO  handler.ContextHandler (ContextHandler.java:doStop(910)) - Stopped o.e.j.w.WebAppContext@3f87780b{/,null,UNAVAILABLE}{/hddsDatanode}
2019-09-12 10:53:48,720 [ForkJoinPool.commonPool-worker-0] INFO  datanode.ObjectStoreHandler (ObjectStoreHandler.java:close(155)) - Closing ObjectStoreHandler.
2019-09-12 10:53:48,721 [ForkJoinPool.commonPool-worker-0] INFO  ozone.HddsDatanodeService (HddsDatanodeService.java:stop(451)) - Stopped plug-in org.apache.hadoop.ozone.web.OzoneHddsDatanodeService@7853363c
2019-09-12 10:53:48,721 [main] INFO  server.AbstractConnector (AbstractConnector.java:doStop(318)) - Stopped ServerConnector@2ba318c2{HTTP/1.1,[http/1.1]}{0.0.0.0:0}
2019-09-12 10:53:48,721 [main] INFO  handler.ContextHandler (ContextHandler.java:doStop(910)) - Stopped o.e.j.s.ServletContextHandler@338270ea{/static,jar:file:/home/user/.m2/repository/org/apache/hadoop/hadoop-hdds-container-service/0.5.0-SNAPSHOT/hadoop-hdds-container-service-0.5.0-SNAPSHOT.jar!/webapps/static,UNAVAILABLE}
2019-09-12 10:53:48,722 [main] INFO  handler.ContextHandler (ContextHandler.java:doStop(910)) - Stopped o.e.j.s.ServletContextHandler@56a9a7b5{/logs,file:///workdir/hadoop-ozone/integration-test/target/log,UNAVAILABLE}
2019-09-12 10:53:48,723 [main] INFO  datanode.ObjectStoreHandler (ObjectStoreHandler.java:close(155)) - Closing ObjectStoreHandler.
2019-09-12 10:53:48,724 [main] INFO  ozone.HddsDatanodeService (HddsDatanodeService.java:stop(451)) - Stopped plug-in org.apache.hadoop.ozone.web.OzoneHddsDatanodeService@3bc6c10f
2019-09-12 10:53:48,870 [Datanode State Machine Thread - 0] INFO  statemachine.DatanodeStateMachine (DatanodeStateMachine.java:lambda$startDaemon$0(350)) - Ozone container server started.
2019-09-12 10:53:49,713 [Datanode State Machine Thread - 0] INFO  statemachine.DatanodeStateMachine (DatanodeStateMachine.java:lambda$startDaemon$0(350)) - Ozone container server started.
2019-09-12 10:53:53,722 [ForkJoinPool.commonPool-worker-0] INFO  ozoneimpl.OzoneContainer (OzoneContainer.java:stop(199)) - Attempting to stop container services.
2019-09-12 10:53:53,722 [ForkJoinPool.commonPool-worker-0] INFO  impl.RaftServerProxy (RaftServerProxy.java:lambda$close$4(314)) - 9c89c98f-dc1b-41da-bccf-9aab26cf5a48: close
2019-09-12 10:53:53,722 [ForkJoinPool.commonPool-worker-0] INFO  impl.RaftServerImpl (RaftServerImpl.java:lambda$shutdown$3(245)) - 9c89c98f-dc1b-41da-bccf-9aab26cf5a48: shutdown group-218B95847ADB
2019-09-12 10:53:53,723 [ForkJoinPool.commonPool-worker-0] INFO  util.JmxRegister (JmxRegister.java:unregister(73)) - Successfully un-registered JMX Bean with object name Ratis:service=RaftServer,group=group-218B95847ADB,id=9c89c98f-dc1b-41da-bccf-9aab26cf5a48
2019-09-12 10:53:53,723 [ForkJoinPool.commonPool-worker-0] INFO  impl.RoleInfo (RoleInfo.java:shutdownLeaderState(104)) - 9c89c98f-dc1b-41da-bccf-9aab26cf5a48: shutdown LeaderState
2019-09-12 10:53:53,723 [ForkJoinPool.commonPool-worker-0] INFO  impl.PendingRequests (PendingRequests.java:sendNotLeaderResponses(202)) - 9c89c98f-dc1b-41da-bccf-9aab26cf5a48-PendingRequests: sendNotLeaderResponses
2019-09-12 10:53:53,723 [ForkJoinPool.commonPool-worker-0] INFO  impl.StateMachineUpdater (StateMachineUpdater.java:stopAndJoin(115)) - StateMachineUpdater:9c89c98f-dc1b-41da-bccf-9aab26cf5a48:group-218B95847ADB: set stopIndex = 0
2019-09-12 10:53:53,723 [ForkJoinPool.commonPool-worker-0] INFO  impl.RaftServerImpl (ServerState.java:close(394)) - 9c89c98f-dc1b-41da-bccf-9aab26cf5a48:group-218B95847ADB closes. The last applied log index is 0
2019-09-12 10:53:53,724 [9c89c98f-dc1b-41da-bccf-9aab26cf5a48-SegmentedRaftLogWorker:Storage Directory /workdir/hadoop-ozone/integration-test/target/test-dir/MiniOzoneClusterImpl-0aac579c-f8ad-49ec-a94e-9a436a9c79c1/datanode-0/data/ratis/9881e7c8-d46c-429c-9abb-218b95847adb] INFO  segmented.SegmentedRaftLogWorker (SegmentedRaftLogWorker.java:run(313)) - 9c89c98f-dc1b-41da-bccf-9aab26cf5a48-SegmentedRaftLogWorker:Storage Directory /workdir/hadoop-ozone/integration-test/target/test-dir/MiniOzoneClusterImpl-0aac579c-f8ad-49ec-a94e-9a436a9c79c1/datanode-0/data/ratis/9881e7c8-d46c-429c-9abb-218b95847adb was interrupted, exiting. There are 0 tasks remaining in the queue.
2019-09-12 10:53:53,724 [ForkJoinPool.commonPool-worker-0] INFO  segmented.SegmentedRaftLogWorker (SegmentedRaftLogWorker.java:close(228)) - 9c89c98f-dc1b-41da-bccf-9aab26cf5a48-SegmentedRaftLogWorker:Storage Directory /workdir/hadoop-ozone/integration-test/target/test-dir/MiniOzoneClusterImpl-0aac579c-f8ad-49ec-a94e-9a436a9c79c1/datanode-0/data/ratis/9881e7c8-d46c-429c-9abb-218b95847adb close()
2019-09-12 10:53:53,724 [ForkJoinPool.commonPool-worker-0] INFO  impl.RaftServerImpl (RaftServerImpl.java:lambda$shutdown$3(245)) - 9c89c98f-dc1b-41da-bccf-9aab26cf5a48: shutdown group-634FE7F1DCF5
2019-09-12 10:53:53,725 [ForkJoinPool.commonPool-worker-0] INFO  util.JmxRegister (JmxRegister.java:unregister(73)) - Successfully un-registered JMX Bean with object name Ratis:service=RaftServer,group=group-634FE7F1DCF5,id=9c89c98f-dc1b-41da-bccf-9aab26cf5a48
2019-09-12 10:53:53,725 [ForkJoinPool.commonPool-worker-0] INFO  impl.RoleInfo (RoleInfo.java:shutdownLeaderState(104)) - 9c89c98f-dc1b-41da-bccf-9aab26cf5a48: shutdown LeaderState
2019-09-12 10:53:53,725 [main] INFO  ozoneimpl.OzoneContainer (OzoneContainer.java:stop(199)) - Attempting to stop container services.
2019-09-12 10:53:53,725 [ForkJoinPool.commonPool-worker-0] INFO  impl.PendingRequests (PendingRequests.java:sendNotLeaderResponses(202)) - 9c89c98f-dc1b-41da-bccf-9aab26cf5a48-PendingRequests: sendNotLeaderResponses
2019-09-12 10:53:53,725 [main] INFO  impl.RaftServerProxy (RaftServerProxy.java:lambda$close$4(314)) - 226b4809-1310-4df7-b0e3-70448e94a1e8: close
2019-09-12 10:53:53,725 [ForkJoinPool.commonPool-worker-0] INFO  impl.StateMachineUpdater (StateMachineUpdater.java:stopAndJoin(115)) - StateMachineUpdater:9c89c98f-dc1b-41da-bccf-9aab26cf5a48:group-634FE7F1DCF5: set stopIndex = 0
2019-09-12 10:53:53,726 [main] INFO  impl.RaftServerImpl (RaftServerImpl.java:lambda$shutdown$3(245)) - 226b4809-1310-4df7-b0e3-70448e94a1e8: shutdown group-968D742D363E
2019-09-12 10:53:53,726 [ForkJoinPool.commonPool-worker-0] INFO  impl.RaftServerImpl (ServerState.java:close(394)) - 9c89c98f-dc1b-41da-bccf-9aab26cf5a48:group-634FE7F1DCF5 closes. The last applied log index is 0
2019-09-12 10:53:53,726 [main] INFO  util.JmxRegister (JmxRegister.java:unregister(73)) - Successfully un-registered JMX Bean with object name Ratis:service=RaftServer,group=group-968D742D363E,id=226b4809-1310-4df7-b0e3-70448e94a1e8
2019-09-12 10:53:53,727 [main] INFO  impl.RoleInfo (RoleInfo.java:shutdownLeaderState(104)) - 226b4809-1310-4df7-b0e3-70448e94a1e8: shutdown LeaderState
2019-09-12 10:53:53,726 [9c89c98f-dc1b-41da-bccf-9aab26cf5a48-SegmentedRaftLogWorker:Storage Directory /workdir/hadoop-ozone/integration-test/target/test-dir/MiniOzoneClusterImpl-0aac579c-f8ad-49ec-a94e-9a436a9c79c1/datanode-0/data/ratis/3dde1139-adb4-4ead-8582-634fe7f1dcf5] INFO  segmented.SegmentedRaftLogWorker (SegmentedRaftLogWorker.java:run(313)) - 9c89c98f-dc1b-41da-bccf-9aab26cf5a48-SegmentedRaftLogWorker:Storage Directory /workdir/hadoop-ozone/integration-test/target/test-dir/MiniOzoneClusterImpl-0aac579c-f8ad-49ec-a94e-9a436a9c79c1/datanode-0/data/ratis/3dde1139-adb4-4ead-8582-634fe7f1dcf5 was interrupted, exiting. There are 0 tasks remaining in the queue.
2019-09-12 10:53:53,727 [main] INFO  impl.PendingRequests (PendingRequests.java:sendNotLeaderResponses(202)) - 226b4809-1310-4df7-b0e3-70448e94a1e8-PendingRequests: sendNotLeaderResponses
2019-09-12 10:53:53,727 [ForkJoinPool.commonPool-worker-0] INFO  segmented.SegmentedRaftLogWorker (SegmentedRaftLogWorker.java:close(228)) - 9c89c98f-dc1b-41da-bccf-9aab26cf5a48-SegmentedRaftLogWorker:Storage Directory /workdir/hadoop-ozone/integration-test/target/test-dir/MiniOzoneClusterImpl-0aac579c-f8ad-49ec-a94e-9a436a9c79c1/datanode-0/data/ratis/3dde1139-adb4-4ead-8582-634fe7f1dcf5 close()
2019-09-12 10:53:53,727 [main] INFO  impl.StateMachineUpdater (StateMachineUpdater.java:stopAndJoin(115)) - StateMachineUpdater:226b4809-1310-4df7-b0e3-70448e94a1e8:group-968D742D363E: set stopIndex = 0
2019-09-12 10:53:53,728 [ForkJoinPool.commonPool-worker-0] INFO  impl.RaftServerImpl (RaftServerImpl.java:lambda$shutdown$3(245)) - 9c89c98f-dc1b-41da-bccf-9aab26cf5a48: shutdown group-1BA0B0F40826
2019-09-12 10:53:53,728 [main] INFO  impl.RaftServerImpl (ServerState.java:close(394)) - 226b4809-1310-4df7-b0e3-70448e94a1e8:group-968D742D363E closes. The last applied log index is 0
2019-09-12 10:53:53,728 [ForkJoinPool.commonPool-worker-0] INFO  util.JmxRegister (JmxRegister.java:unregister(73)) - Successfully un-registered JMX Bean with object name Ratis:service=RaftServer,group=group-1BA0B0F40826,id=9c89c98f-dc1b-41da-bccf-9aab26cf5a48
2019-09-12 10:53:53,729 [226b4809-1310-4df7-b0e3-70448e94a1e8-SegmentedRaftLogWorker:Storage Directory /workdir/hadoop-ozone/integration-test/target/test-dir/MiniOzoneClusterImpl-0aac579c-f8ad-49ec-a94e-9a436a9c79c1/datanode-4/data/ratis/ff51bd65-4ffa-4279-8fbf-968d742d363e] INFO  segmented.SegmentedRaftLogWorker (SegmentedRaftLogWorker.java:run(313)) - 226b4809-1310-4df7-b0e3-70448e94a1e8-SegmentedRaftLogWorker:Storage Directory /workdir/hadoop-ozone/integration-test/target/test-dir/MiniOzoneClusterImpl-0aac579c-f8ad-49ec-a94e-9a436a9c79c1/datanode-4/data/ratis/ff51bd65-4ffa-4279-8fbf-968d742d363e was interrupted, exiting. There are 0 tasks remaining in the queue.
2019-09-12 10:53:53,729 [ForkJoinPool.commonPool-worker-0] INFO  impl.RoleInfo (RoleInfo.java:shutdownLeaderState(104)) - 9c89c98f-dc1b-41da-bccf-9aab26cf5a48: shutdown LeaderState
2019-09-12 10:53:53,729 [main] INFO  segmented.SegmentedRaftLogWorker (SegmentedRaftLogWorker.java:close(228)) - 226b4809-1310-4df7-b0e3-70448e94a1e8-SegmentedRaftLogWorker:Storage Directory /workdir/hadoop-ozone/integration-test/target/test-dir/MiniOzoneClusterImpl-0aac579c-f8ad-49ec-a94e-9a436a9c79c1/datanode-4/data/ratis/ff51bd65-4ffa-4279-8fbf-968d742d363e close()
2019-09-12 10:53:53,729 [ForkJoinPool.commonPool-worker-0] INFO  impl.PendingRequests (PendingRequests.java:sendNotLeaderResponses(202)) - 9c89c98f-dc1b-41da-bccf-9aab26cf5a48-PendingRequests: sendNotLeaderResponses
2019-09-12 10:53:53,729 [main] INFO  impl.RaftServerImpl (RaftServerImpl.java:lambda$shutdown$3(245)) - 226b4809-1310-4df7-b0e3-70448e94a1e8: shutdown group-920B7ED07A78
2019-09-12 10:53:53,729 [ForkJoinPool.commonPool-worker-0] INFO  impl.StateMachineUpdater (StateMachineUpdater.java:stopAndJoin(115)) - StateMachineUpdater:9c89c98f-dc1b-41da-bccf-9aab26cf5a48:group-1BA0B0F40826: set stopIndex = 0
2019-09-12 10:53:53,730 [ForkJoinPool.commonPool-worker-0] INFO  impl.RaftServerImpl (ServerState.java:close(394)) - 9c89c98f-dc1b-41da-bccf-9aab26cf5a48:group-1BA0B0F40826 closes. The last applied log index is 0
2019-09-12 10:53:53,730 [main] INFO  util.JmxRegister (JmxRegister.java:unregister(73)) - Successfully un-registered JMX Bean with object name Ratis:service=RaftServer,group=group-920B7ED07A78,id=226b4809-1310-4df7-b0e3-70448e94a1e8
2019-09-12 10:53:53,730 [9c89c98f-dc1b-41da-bccf-9aab26cf5a48-SegmentedRaftLogWorker:Storage Directory /workdir/hadoop-ozone/integration-test/target/test-dir/MiniOzoneClusterImpl-0aac579c-f8ad-49ec-a94e-9a436a9c79c1/datanode-0/data/ratis/ead9d1fe-67b7-4f36-9927-1ba0b0f40826] INFO  segmented.SegmentedRaftLogWorker (SegmentedRaftLogWorker.java:run(313)) - 9c89c98f-dc1b-41da-bccf-9aab26cf5a48-SegmentedRaftLogWorker:Storage Directory /workdir/hadoop-ozone/integration-test/target/test-dir/MiniOzoneClusterImpl-0aac579c-f8ad-49ec-a94e-9a436a9c79c1/datanode-0/data/ratis/ead9d1fe-67b7-4f36-9927-1ba0b0f40826 was interrupted, exiting. There are 0 tasks remaining in the queue.
2019-09-12 10:53:53,730 [main] INFO  impl.RoleInfo (RoleInfo.java:shutdownLeaderState(104)) - 226b4809-1310-4df7-b0e3-70448e94a1e8: shutdown LeaderState
2019-09-12 10:53:53,731 [ForkJoinPool.commonPool-worker-0] INFO  segmented.SegmentedRaftLogWorker (SegmentedRaftLogWorker.java:close(228)) - 9c89c98f-dc1b-41da-bccf-9aab26cf5a48-SegmentedRaftLogWorker:Storage Directory /workdir/hadoop-ozone/integration-test/target/test-dir/MiniOzoneClusterImpl-0aac579c-f8ad-49ec-a94e-9a436a9c79c1/datanode-0/data/ratis/ead9d1fe-67b7-4f36-9927-1ba0b0f40826 close()
2019-09-12 10:53:53,731 [main] INFO  impl.PendingRequests (PendingRequests.java:sendNotLeaderResponses(202)) - 226b4809-1310-4df7-b0e3-70448e94a1e8-PendingRequests: sendNotLeaderResponses
2019-09-12 10:53:53,731 [ForkJoinPool.commonPool-worker-0] INFO  impl.RaftServerImpl (RaftServerImpl.java:lambda$shutdown$3(245)) - 9c89c98f-dc1b-41da-bccf-9aab26cf5a48: shutdown group-198E8C5A795F
2019-09-12 10:53:53,732 [main] INFO  impl.StateMachineUpdater (StateMachineUpdater.java:stopAndJoin(115)) - StateMachineUpdater:226b4809-1310-4df7-b0e3-70448e94a1e8:group-920B7ED07A78: set stopIndex = 0
2019-09-12 10:53:53,732 [ForkJoinPool.commonPool-worker-0] INFO  util.JmxRegister (JmxRegister.java:unregister(73)) - Successfully un-registered JMX Bean with object name Ratis:service=RaftServer,group=group-198E8C5A795F,id=9c89c98f-dc1b-41da-bccf-9aab26cf5a48
2019-09-12 10:53:53,732 [main] INFO  impl.RaftServerImpl (ServerState.java:close(394)) - 226b4809-1310-4df7-b0e3-70448e94a1e8:group-920B7ED07A78 closes. The last applied log index is 0
2019-09-12 10:53:53,732 [ForkJoinPool.commonPool-worker-0] INFO  impl.RoleInfo (RoleInfo.java:shutdownLeaderState(104)) - 9c89c98f-dc1b-41da-bccf-9aab26cf5a48: shutdown LeaderState
2019-09-12 10:53:53,733 [226b4809-1310-4df7-b0e3-70448e94a1e8-SegmentedRaftLogWorker:Storage Directory /workdir/hadoop-ozone/integration-test/target/test-dir/MiniOzoneClusterImpl-0aac579c-f8ad-49ec-a94e-9a436a9c79c1/datanode-4/data/ratis/2119a654-d773-45e3-a339-920b7ed07a78] INFO  segmented.SegmentedRaftLogWorker (SegmentedRaftLogWorker.java:run(313)) - 226b4809-1310-4df7-b0e3-70448e94a1e8-SegmentedRaftLogWorker:Storage Directory /workdir/hadoop-ozone/integration-test/target/test-dir/MiniOzoneClusterImpl-0aac579c-f8ad-49ec-a94e-9a436a9c79c1/datanode-4/data/ratis/2119a654-d773-45e3-a339-920b7ed07a78 was interrupted, exiting. There are 0 tasks remaining in the queue.
2019-09-12 10:53:53,733 [ForkJoinPool.commonPool-worker-0] INFO  impl.PendingRequests (PendingRequests.java:sendNotLeaderResponses(202)) - 9c89c98f-dc1b-41da-bccf-9aab26cf5a48-PendingRequests: sendNotLeaderResponses
2019-09-12 10:53:53,733 [main] INFO  segmented.SegmentedRaftLogWorker (SegmentedRaftLogWorker.java:close(228)) - 226b4809-1310-4df7-b0e3-70448e94a1e8-SegmentedRaftLogWorker:Storage Directory /workdir/hadoop-ozone/integration-test/target/test-dir/MiniOzoneClusterImpl-0aac579c-f8ad-49ec-a94e-9a436a9c79c1/datanode-4/data/ratis/2119a654-d773-45e3-a339-920b7ed07a78 close()
2019-09-12 10:53:53,733 [ForkJoinPool.commonPool-worker-0] INFO  impl.StateMachineUpdater (StateMachineUpdater.java:stopAndJoin(115)) - StateMachineUpdater:9c89c98f-dc1b-41da-bccf-9aab26cf5a48:group-198E8C5A795F: set stopIndex = 0
2019-09-12 10:53:53,734 [main] INFO  impl.RaftServerImpl (RaftServerImpl.java:lambda$shutdown$3(245)) - 226b4809-1310-4df7-b0e3-70448e94a1e8: shutdown group-8E9DC71ACA8C
2019-09-12 10:53:53,734 [ForkJoinPool.commonPool-worker-0] INFO  impl.RaftServerImpl (ServerState.java:close(394)) - 9c89c98f-dc1b-41da-bccf-9aab26cf5a48:group-198E8C5A795F closes. The last applied log index is 0
2019-09-12 10:53:53,734 [main] INFO  util.JmxRegister (JmxRegister.java:unregister(73)) - Successfully un-registered JMX Bean with object name Ratis:service=RaftServer,group=group-8E9DC71ACA8C,id=226b4809-1310-4df7-b0e3-70448e94a1e8
2019-09-12 10:53:53,734 [9c89c98f-dc1b-41da-bccf-9aab26cf5a48-SegmentedRaftLogWorker:Storage Directory /workdir/hadoop-ozone/integration-test/target/test-dir/MiniOzoneClusterImpl-0aac579c-f8ad-49ec-a94e-9a436a9c79c1/datanode-0/data/ratis/d5147357-5188-4815-b8ed-198e8c5a795f] INFO  segmented.SegmentedRaftLogWorker (SegmentedRaftLogWorker.java:run(313)) - 9c89c98f-dc1b-41da-bccf-9aab26cf5a48-SegmentedRaftLogWorker:Storage Directory /workdir/hadoop-ozone/integration-test/target/test-dir/MiniOzoneClusterImpl-0aac579c-f8ad-49ec-a94e-9a436a9c79c1/datanode-0/data/ratis/d5147357-5188-4815-b8ed-198e8c5a795f was interrupted, exiting. There are 0 tasks remaining in the queue.
2019-09-12 10:53:53,735 [main] INFO  impl.RoleInfo (RoleInfo.java:shutdownLeaderState(104)) - 226b4809-1310-4df7-b0e3-70448e94a1e8: shutdown LeaderState
2019-09-12 10:53:53,735 [ForkJoinPool.commonPool-worker-0] INFO  segmented.SegmentedRaftLogWorker (SegmentedRaftLogWorker.java:close(228)) - 9c89c98f-dc1b-41da-bccf-9aab26cf5a48-SegmentedRaftLogWorker:Storage Directory /workdir/hadoop-ozone/integration-test/target/test-dir/MiniOzoneClusterImpl-0aac579c-f8ad-49ec-a94e-9a436a9c79c1/datanode-0/data/ratis/d5147357-5188-4815-b8ed-198e8c5a795f close()
2019-09-12 10:53:53,735 [main] INFO  impl.PendingRequests (PendingRequests.java:sendNotLeaderResponses(202)) - 226b4809-1310-4df7-b0e3-70448e94a1e8-PendingRequests: sendNotLeaderResponses
2019-09-12 10:53:53,735 [ForkJoinPool.commonPool-worker-0] INFO  impl.RaftServerImpl (RaftServerImpl.java:lambda$shutdown$3(245)) - 9c89c98f-dc1b-41da-bccf-9aab26cf5a48: shutdown group-B292A2DA16E1
2019-09-12 10:53:53,736 [main] INFO  impl.StateMachineUpdater (StateMachineUpdater.java:stopAndJoin(115)) - StateMachineUpdater:226b4809-1310-4df7-b0e3-70448e94a1e8:group-8E9DC71ACA8C: set stopIndex = 0
2019-09-12 10:53:53,736 [ForkJoinPool.commonPool-worker-0] INFO  util.JmxRegister (JmxRegister.java:unregister(73)) - Successfully un-registered JMX Bean with object name Ratis:service=RaftServer,group=group-B292A2DA16E1,id=9c89c98f-dc1b-41da-bccf-9aab26cf5a48
2019-09-12 10:53:53,736 [main] INFO  impl.RaftServerImpl (ServerState.java:close(394)) - 226b4809-1310-4df7-b0e3-70448e94a1e8:group-8E9DC71ACA8C closes. The last applied log index is 0
2019-09-12 10:53:53,737 [ForkJoinPool.commonPool-worker-0] INFO  impl.RoleInfo (RoleInfo.java:shutdownLeaderState(104)) - 9c89c98f-dc1b-41da-bccf-9aab26cf5a48: shutdown LeaderState
2019-09-12 10:53:53,737 [226b4809-1310-4df7-b0e3-70448e94a1e8-SegmentedRaftLogWorker:Storage Directory /workdir/hadoop-ozone/integration-test/target/test-dir/MiniOzoneClusterImpl-0aac579c-f8ad-49ec-a94e-9a436a9c79c1/datanode-4/data/ratis/0101e91d-8176-4e61-9eec-8e9dc71aca8c] INFO  segmented.SegmentedRaftLogWorker (SegmentedRaftLogWorker.java:run(313)) - 226b4809-1310-4df7-b0e3-70448e94a1e8-SegmentedRaftLogWorker:Storage Directory /workdir/hadoop-ozone/integration-test/target/test-dir/MiniOzoneClusterImpl-0aac579c-f8ad-49ec-a94e-9a436a9c79c1/datanode-4/data/ratis/0101e91d-8176-4e61-9eec-8e9dc71aca8c was interrupted, exiting. There are 0 tasks remaining in the queue.
2019-09-12 10:53:53,737 [ForkJoinPool.commonPool-worker-0] INFO  impl.PendingRequests (PendingRequests.java:sendNotLeaderResponses(202)) - 9c89c98f-dc1b-41da-bccf-9aab26cf5a48-PendingRequests: sendNotLeaderResponses
2019-09-12 10:53:53,737 [main] INFO  segmented.SegmentedRaftLogWorker (SegmentedRaftLogWorker.java:close(228)) - 226b4809-1310-4df7-b0e3-70448e94a1e8-SegmentedRaftLogWorker:Storage Directory /workdir/hadoop-ozone/integration-test/target/test-dir/MiniOzoneClusterImpl-0aac579c-f8ad-49ec-a94e-9a436a9c79c1/datanode-4/data/ratis/0101e91d-8176-4e61-9eec-8e9dc71aca8c close()
2019-09-12 10:53:53,738 [ForkJoinPool.commonPool-worker-0] INFO  impl.StateMachineUpdater (StateMachineUpdater.java:stopAndJoin(115)) - StateMachineUpdater:9c89c98f-dc1b-41da-bccf-9aab26cf5a48:group-B292A2DA16E1: set stopIndex = 0
2019-09-12 10:53:53,738 [main] INFO  impl.RaftServerImpl (RaftServerImpl.java:lambda$shutdown$3(245)) - 226b4809-1310-4df7-b0e3-70448e94a1e8: shutdown group-E716400F2FC5
2019-09-12 10:53:53,738 [ForkJoinPool.commonPool-worker-0] INFO  impl.RaftServerImpl (ServerState.java:close(394)) - 9c89c98f-dc1b-41da-bccf-9aab26cf5a48:group-B292A2DA16E1 closes. The last applied log index is 0
2019-09-12 10:53:53,739 [main] INFO  util.JmxRegister (JmxRegister.java:unregister(73)) - Successfully un-registered JMX Bean with object name Ratis:service=RaftServer,group=group-E716400F2FC5,id=226b4809-1310-4df7-b0e3-70448e94a1e8
2019-09-12 10:53:53,739 [9c89c98f-dc1b-41da-bccf-9aab26cf5a48-SegmentedRaftLogWorker:Storage Directory /workdir/hadoop-ozone/integration-test/target/test-dir/MiniOzoneClusterImpl-0aac579c-f8ad-49ec-a94e-9a436a9c79c1/datanode-0/data/ratis/1c322d0a-bce4-4598-ba71-b292a2da16e1] INFO  segmented.SegmentedRaftLogWorker (SegmentedRaftLogWorker.java:run(313)) - 9c89c98f-dc1b-41da-bccf-9aab26cf5a48-SegmentedRaftLogWorker:Storage Directory /workdir/hadoop-ozone/integration-test/target/test-dir/MiniOzoneClusterImpl-0aac579c-f8ad-49ec-a94e-9a436a9c79c1/datanode-0/data/ratis/1c322d0a-bce4-4598-ba71-b292a2da16e1 was interrupted, exiting. There are 0 tasks remaining in the queue.
2019-09-12 10:53:53,739 [main] INFO  impl.RoleInfo (RoleInfo.java:shutdownLeaderState(104)) - 226b4809-1310-4df7-b0e3-70448e94a1e8: shutdown LeaderState
2019-09-12 10:53:53,739 [ForkJoinPool.commonPool-worker-0] INFO  segmented.SegmentedRaftLogWorker (SegmentedRaftLogWorker.java:close(228)) - 9c89c98f-dc1b-41da-bccf-9aab26cf5a48-SegmentedRaftLogWorker:Storage Directory /workdir/hadoop-ozone/integration-test/target/test-dir/MiniOzoneClusterImpl-0aac579c-f8ad-49ec-a94e-9a436a9c79c1/datanode-0/data/ratis/1c322d0a-bce4-4598-ba71-b292a2da16e1 close()
2019-09-12 10:53:53,740 [main] INFO  impl.PendingRequests (PendingRequests.java:sendNotLeaderResponses(202)) - 226b4809-1310-4df7-b0e3-70448e94a1e8-PendingRequests: sendNotLeaderResponses
2019-09-12 10:53:53,740 [ForkJoinPool.commonPool-worker-0] INFO  impl.RaftServerImpl (RaftServerImpl.java:lambda$shutdown$3(245)) - 9c89c98f-dc1b-41da-bccf-9aab26cf5a48: shutdown group-23F748B3B705
2019-09-12 10:53:53,740 [main] INFO  impl.StateMachineUpdater (StateMachineUpdater.java:stopAndJoin(115)) - StateMachineUpdater:226b4809-1310-4df7-b0e3-70448e94a1e8:group-E716400F2FC5: set stopIndex = 0
2019-09-12 10:53:53,741 [ForkJoinPool.commonPool-worker-0] INFO  util.JmxRegister (JmxRegister.java:unregister(73)) - Successfully un-registered JMX Bean with object name Ratis:service=RaftServer,group=group-23F748B3B705,id=9c89c98f-dc1b-41da-bccf-9aab26cf5a48
2019-09-12 10:53:53,741 [main] INFO  impl.RaftServerImpl (ServerState.java:close(394)) - 226b4809-1310-4df7-b0e3-70448e94a1e8:group-E716400F2FC5 closes. The last applied log index is 0
2019-09-12 10:53:53,741 [ForkJoinPool.commonPool-worker-0] INFO  impl.RoleInfo (RoleInfo.java:shutdownLeaderState(104)) - 9c89c98f-dc1b-41da-bccf-9aab26cf5a48: shutdown LeaderState
2019-09-12 10:53:53,742 [226b4809-1310-4df7-b0e3-70448e94a1e8-SegmentedRaftLogWorker:Storage Directory /workdir/hadoop-ozone/integration-test/target/test-dir/MiniOzoneClusterImpl-0aac579c-f8ad-49ec-a94e-9a436a9c79c1/datanode-4/data/ratis/c1f8c5fb-b909-4d20-8cea-e716400f2fc5] INFO  segmented.SegmentedRaftLogWorker (SegmentedRaftLogWorker.java:run(313)) - 226b4809-1310-4df7-b0e3-70448e94a1e8-SegmentedRaftLogWorker:Storage Directory /workdir/hadoop-ozone/integration-test/target/test-dir/MiniOzoneClusterImpl-0aac579c-f8ad-49ec-a94e-9a436a9c79c1/datanode-4/data/ratis/c1f8c5fb-b909-4d20-8cea-e716400f2fc5 was interrupted, exiting. There are 0 tasks remaining in the queue.
2019-09-12 10:53:53,742 [ForkJoinPool.commonPool-worker-0] INFO  impl.PendingRequests (PendingRequests.java:sendNotLeaderResponses(202)) - 9c89c98f-dc1b-41da-bccf-9aab26cf5a48-PendingRequests: sendNotLeaderResponses
2019-09-12 10:53:53,742 [main] INFO  segmented.SegmentedRaftLogWorker (SegmentedRaftLogWorker.java:close(228)) - 226b4809-1310-4df7-b0e3-70448e94a1e8-SegmentedRaftLogWorker:Storage Directory /workdir/hadoop-ozone/integration-test/target/test-dir/MiniOzoneClusterImpl-0aac579c-f8ad-49ec-a94e-9a436a9c79c1/datanode-4/data/ratis/c1f8c5fb-b909-4d20-8cea-e716400f2fc5 close()
2019-09-12 10:53:53,742 [ForkJoinPool.commonPool-worker-0] INFO  impl.StateMachineUpdater (StateMachineUpdater.java:stopAndJoin(115)) - StateMachineUpdater:9c89c98f-dc1b-41da-bccf-9aab26cf5a48:group-23F748B3B705: set stopIndex = 0
2019-09-12 10:53:53,742 [main] INFO  impl.RaftServerImpl (RaftServerImpl.java:lambda$shutdown$3(245)) - 226b4809-1310-4df7-b0e3-70448e94a1e8: shutdown group-0BFEA7B308AF
2019-09-12 10:53:53,743 [ForkJoinPool.commonPool-worker-0] INFO  impl.RaftServerImpl (ServerState.java:close(394)) - 9c89c98f-dc1b-41da-bccf-9aab26cf5a48:group-23F748B3B705 closes. The last applied log index is 0
2019-09-12 10:53:53,743 [main] INFO  util.JmxRegister (JmxRegister.java:unregister(73)) - Successfully un-registered JMX Bean with object name Ratis:service=RaftServer,group=group-0BFEA7B308AF,id=226b4809-1310-4df7-b0e3-70448e94a1e8
2019-09-12 10:53:53,743 [9c89c98f-dc1b-41da-bccf-9aab26cf5a48-SegmentedRaftLogWorker:Storage Directory /workdir/hadoop-ozone/integration-test/target/test-dir/MiniOzoneClusterImpl-0aac579c-f8ad-49ec-a94e-9a436a9c79c1/datanode-0/data/ratis/6ec7f860-5aeb-4ca4-8344-23f748b3b705] INFO  segmented.SegmentedRaftLogWorker (SegmentedRaftLogWorker.java:run(313)) - 9c89c98f-dc1b-41da-bccf-9aab26cf5a48-SegmentedRaftLogWorker:Storage Directory /workdir/hadoop-ozone/integration-test/target/test-dir/MiniOzoneClusterImpl-0aac579c-f8ad-49ec-a94e-9a436a9c79c1/datanode-0/data/ratis/6ec7f860-5aeb-4ca4-8344-23f748b3b705 was interrupted, exiting. There are 0 tasks remaining in the queue.
2019-09-12 10:53:53,744 [main] INFO  impl.RoleInfo (RoleInfo.java:shutdownLeaderState(104)) - 226b4809-1310-4df7-b0e3-70448e94a1e8: shutdown LeaderState
2019-09-12 10:53:53,744 [ForkJoinPool.commonPool-worker-0] INFO  segmented.SegmentedRaftLogWorker (SegmentedRaftLogWorker.java:close(228)) - 9c89c98f-dc1b-41da-bccf-9aab26cf5a48-SegmentedRaftLogWorker:Storage Directory /workdir/hadoop-ozone/integration-test/target/test-dir/MiniOzoneClusterImpl-0aac579c-f8ad-49ec-a94e-9a436a9c79c1/datanode-0/data/ratis/6ec7f860-5aeb-4ca4-8344-23f748b3b705 close()
2019-09-12 10:53:53,744 [main] INFO  impl.PendingRequests (PendingRequests.java:sendNotLeaderResponses(202)) - 226b4809-1310-4df7-b0e3-70448e94a1e8-PendingRequests: sendNotLeaderResponses
2019-09-12 10:53:53,744 [ForkJoinPool.commonPool-worker-0] INFO  server.GrpcService (GrpcService.java:closeImpl(155)) - 9c89c98f-dc1b-41da-bccf-9aab26cf5a48: shutdown server with port 35727 now
2019-09-12 10:53:53,745 [main] INFO  impl.StateMachineUpdater (StateMachineUpdater.java:stopAndJoin(115)) - StateMachineUpdater:226b4809-1310-4df7-b0e3-70448e94a1e8:group-0BFEA7B308AF: set stopIndex = 0
2019-09-12 10:53:53,747 [ForkJoinPool.commonPool-worker-0] INFO  server.GrpcService (GrpcService.java:closeImpl(163)) - 9c89c98f-dc1b-41da-bccf-9aab26cf5a48: shutdown server with port 35727 successfully
2019-09-12 10:53:53,747 [main] INFO  impl.RaftServerImpl (ServerState.java:close(394)) - 226b4809-1310-4df7-b0e3-70448e94a1e8:group-0BFEA7B308AF closes. The last applied log index is 0
2019-09-12 10:53:53,748 [226b4809-1310-4df7-b0e3-70448e94a1e8-SegmentedRaftLogWorker:Storage Directory /workdir/hadoop-ozone/integration-test/target/test-dir/MiniOzoneClusterImpl-0aac579c-f8ad-49ec-a94e-9a436a9c79c1/datanode-4/data/ratis/4c2c9f6d-a6e6-4ea0-9c8b-0bfea7b308af] INFO  segmented.SegmentedRaftLogWorker (SegmentedRaftLogWorker.java:run(313)) - 226b4809-1310-4df7-b0e3-70448e94a1e8-SegmentedRaftLogWorker:Storage Directory /workdir/hadoop-ozone/integration-test/target/test-dir/MiniOzoneClusterImpl-0aac579c-f8ad-49ec-a94e-9a436a9c79c1/datanode-4/data/ratis/4c2c9f6d-a6e6-4ea0-9c8b-0bfea7b308af was interrupted, exiting. There are 0 tasks remaining in the queue.
2019-09-12 10:53:53,748 [main] INFO  segmented.SegmentedRaftLogWorker (SegmentedRaftLogWorker.java:close(228)) - 226b4809-1310-4df7-b0e3-70448e94a1e8-SegmentedRaftLogWorker:Storage Directory /workdir/hadoop-ozone/integration-test/target/test-dir/MiniOzoneClusterImpl-0aac579c-f8ad-49ec-a94e-9a436a9c79c1/datanode-4/data/ratis/4c2c9f6d-a6e6-4ea0-9c8b-0bfea7b308af close()
2019-09-12 10:53:53,748 [main] INFO  impl.RaftServerImpl (RaftServerImpl.java:lambda$shutdown$3(245)) - 226b4809-1310-4df7-b0e3-70448e94a1e8: shutdown group-7B053B9C6E7A
2019-09-12 10:53:53,749 [main] INFO  util.JmxRegister (JmxRegister.java:unregister(73)) - Successfully un-registered JMX Bean with object name Ratis:service=RaftServer,group=group-7B053B9C6E7A,id=226b4809-1310-4df7-b0e3-70448e94a1e8
2019-09-12 10:53:53,749 [main] INFO  impl.RoleInfo (RoleInfo.java:shutdownLeaderState(104)) - 226b4809-1310-4df7-b0e3-70448e94a1e8: shutdown LeaderState
2019-09-12 10:53:53,750 [main] INFO  impl.PendingRequests (PendingRequests.java:sendNotLeaderResponses(202)) - 226b4809-1310-4df7-b0e3-70448e94a1e8-PendingRequests: sendNotLeaderResponses
2019-09-12 10:53:53,750 [ForkJoinPool.commonPool-worker-0] INFO  utils.BackgroundService (BackgroundService.java:shutdown(148)) - Shutting down service BlockDeletingService
2019-09-12 10:53:53,750 [main] INFO  impl.StateMachineUpdater (StateMachineUpdater.java:stopAndJoin(115)) - StateMachineUpdater:226b4809-1310-4df7-b0e3-70448e94a1e8:group-7B053B9C6E7A: set stopIndex = 0
2019-09-12 10:53:53,751 [main] INFO  impl.RaftServerImpl (ServerState.java:close(394)) - 226b4809-1310-4df7-b0e3-70448e94a1e8:group-7B053B9C6E7A closes. The last applied log index is 0
2019-09-12 10:53:53,751 [226b4809-1310-4df7-b0e3-70448e94a1e8-SegmentedRaftLogWorker:Storage Directory /workdir/hadoop-ozone/integration-test/target/test-dir/MiniOzoneClusterImpl-0aac579c-f8ad-49ec-a94e-9a436a9c79c1/datanode-4/data/ratis/541c383a-4177-439e-aa02-7b053b9c6e7a] INFO  segmented.SegmentedRaftLogWorker (SegmentedRaftLogWorker.java:run(313)) - 226b4809-1310-4df7-b0e3-70448e94a1e8-SegmentedRaftLogWorker:Storage Directory /workdir/hadoop-ozone/integration-test/target/test-dir/MiniOzoneClusterImpl-0aac579c-f8ad-49ec-a94e-9a436a9c79c1/datanode-4/data/ratis/541c383a-4177-439e-aa02-7b053b9c6e7a was interrupted, exiting. There are 0 tasks remaining in the queue.
2019-09-12 10:53:53,751 [main] INFO  segmented.SegmentedRaftLogWorker (SegmentedRaftLogWorker.java:close(228)) - 226b4809-1310-4df7-b0e3-70448e94a1e8-SegmentedRaftLogWorker:Storage Directory /workdir/hadoop-ozone/integration-test/target/test-dir/MiniOzoneClusterImpl-0aac579c-f8ad-49ec-a94e-9a436a9c79c1/datanode-4/data/ratis/541c383a-4177-439e-aa02-7b053b9c6e7a close()
2019-09-12 10:53:53,752 [main] INFO  server.GrpcService (GrpcService.java:closeImpl(155)) - 226b4809-1310-4df7-b0e3-70448e94a1e8: shutdown server with port 37819 now
2019-09-12 10:53:53,752 [refreshUsed-/workdir/hadoop-ozone/integration-test/target/test-dir/MiniOzoneClusterImpl-0aac579c-f8ad-49ec-a94e-9a436a9c79c1/datanode-0/data/containers] WARN  fs.CachingGetSpaceUsed (CachingGetSpaceUsed.java:run(183)) - Thread Interrupted waiting to refresh disk information: sleep interrupted
2019-09-12 10:53:53,753 [main] INFO  server.GrpcService (GrpcService.java:closeImpl(163)) - 226b4809-1310-4df7-b0e3-70448e94a1e8: shutdown server with port 37819 successfully
2019-09-12 10:53:53,755 [main] INFO  utils.BackgroundService (BackgroundService.java:shutdown(148)) - Shutting down service BlockDeletingService
2019-09-12 10:53:53,756 [refreshUsed-/workdir/hadoop-ozone/integration-test/target/test-dir/MiniOzoneClusterImpl-0aac579c-f8ad-49ec-a94e-9a436a9c79c1/datanode-4/data/containers] WARN  fs.CachingGetSpaceUsed (CachingGetSpaceUsed.java:run(183)) - Thread Interrupted waiting to refresh disk information: sleep interrupted
2019-09-12 10:53:53,769 [ForkJoinPool.commonPool-worker-0] INFO  statemachine.DatanodeStateMachine (DatanodeStateMachine.java:stopDaemon(395)) - Ozone container server stopped.
2019-09-12 10:53:53,772 [ForkJoinPool.commonPool-worker-0] INFO  handler.ContextHandler (ContextHandler.java:doStop(910)) - Stopped o.e.j.w.WebAppContext@3c4059a{/,null,UNAVAILABLE}{/hddsDatanode}
2019-09-12 10:53:53,772 [ForkJoinPool.commonPool-worker-0] INFO  server.AbstractConnector (AbstractConnector.java:doStop(318)) - Stopped ServerConnector@4b336cc8{HTTP/1.1,[http/1.1]}{0.0.0.0:0}
2019-09-12 10:53:53,774 [ForkJoinPool.commonPool-worker-0] INFO  handler.ContextHandler (ContextHandler.java:doStop(910)) - Stopped o.e.j.s.ServletContextHandler@6f112f70{/static,jar:file:/home/user/.m2/repository/org/apache/hadoop/hadoop-hdds-container-service/0.5.0-SNAPSHOT/hadoop-hdds-container-service-0.5.0-SNAPSHOT.jar!/webapps/static,UNAVAILABLE}
2019-09-12 10:53:53,775 [main] INFO  statemachine.DatanodeStateMachine (DatanodeStateMachine.java:stopDaemon(395)) - Ozone container server stopped.
2019-09-12 10:53:53,775 [ForkJoinPool.commonPool-worker-0] INFO  handler.ContextHandler (ContextHandler.java:doStop(910)) - Stopped o.e.j.s.ServletContextHandler@73d91faf{/logs,file:///workdir/hadoop-ozone/integration-test/target/log,UNAVAILABLE}
2019-09-12 10:53:53,776 [main] INFO  handler.ContextHandler (ContextHandler.java:doStop(910)) - Stopped o.e.j.w.WebAppContext@19e8fe55{/,null,UNAVAILABLE}{/hddsDatanode}
2019-09-12 10:53:53,777 [main] INFO  server.AbstractConnector (AbstractConnector.java:doStop(318)) - Stopped ServerConnector@6d7bb5cc{HTTP/1.1,[http/1.1]}{0.0.0.0:0}
2019-09-12 10:53:53,777 [main] INFO  handler.ContextHandler (ContextHandler.java:doStop(910)) - Stopped o.e.j.s.ServletContextHandler@7dd7ec56{/static,jar:file:/home/user/.m2/repository/org/apache/hadoop/hadoop-hdds-container-service/0.5.0-SNAPSHOT/hadoop-hdds-container-service-0.5.0-SNAPSHOT.jar!/webapps/static,UNAVAILABLE}
2019-09-12 10:53:53,778 [main] INFO  handler.ContextHandler (ContextHandler.java:doStop(910)) - Stopped o.e.j.s.ServletContextHandler@5e62ca19{/logs,file:///workdir/hadoop-ozone/integration-test/target/log,UNAVAILABLE}
2019-09-12 10:53:53,779 [main] INFO  ozone.MiniOzoneClusterImpl (MiniOzoneClusterImpl.java:stop(353)) - Stopping the StorageContainerManager
2019-09-12 10:53:53,779 [main] INFO  server.StorageContainerManager (StorageContainerManager.java:stop(797)) - Stopping Replication Manager Service.
2019-09-12 10:53:53,779 [main] INFO  container.ReplicationManager (ReplicationManager.java:stop(192)) - Stopping Replication Monitor Thread.
2019-09-12 10:53:53,779 [main] INFO  server.StorageContainerManager (StorageContainerManager.java:stop(804)) - Stopping Lease Manager of the command watchers
2019-09-12 10:53:53,779 [main] INFO  server.StorageContainerManager (StorageContainerManager.java:stop(811)) - Stopping datanode service RPC server
2019-09-12 10:53:53,779 [main] INFO  server.SCMDatanodeProtocolServer (SCMDatanodeProtocolServer.java:stop(367)) - Stopping the RPC server for DataNodes
2019-09-12 10:53:53,779 [main] INFO  ipc.Server (Server.java:stop(3082)) - Stopping server on 42874
2019-09-12 10:53:53,781 [IPC Server Responder] INFO  ipc.Server (Server.java:run(1319)) - Stopping IPC Server Responder
2019-09-12 10:53:53,782 [IPC Server listener on 42874] INFO  ipc.Server (Server.java:run(1185)) - Stopping IPC Server listener on 42874
2019-09-12 10:53:53,821 [SCM Heartbeat Processing Thread - 0] WARN  node.NodeStateManager (NodeStateManager.java:scheduleNextHealthCheck(655)) - Current Thread is interrupted, shutting down HB processing thread for Node Manager.
2019-09-12 10:53:53,822 [main] INFO  server.StorageContainerManager (StorageContainerManager.java:stop(819)) - Stopping block service RPC server
2019-09-12 10:53:53,822 [main] INFO  server.SCMBlockProtocolServer (SCMBlockProtocolServer.java:stop(148)) - Stopping the RPC server for Block Protocol
2019-09-12 10:53:53,822 [main] INFO  ipc.Server (Server.java:stop(3082)) - Stopping server on 40141
2019-09-12 10:53:53,824 [IPC Server listener on 40141] INFO  ipc.Server (Server.java:run(1185)) - Stopping IPC Server listener on 40141
2019-09-12 10:53:53,824 [main] INFO  server.StorageContainerManager (StorageContainerManager.java:stop(826)) - Stopping the StorageContainerLocationProtocol RPC server
2019-09-12 10:53:53,825 [main] INFO  server.SCMClientProtocolServer (SCMClientProtocolServer.java:stop(159)) - Stopping the RPC server for Client Protocol
2019-09-12 10:53:53,825 [main] INFO  ipc.Server (Server.java:stop(3082)) - Stopping server on 43297
2019-09-12 10:53:53,825 [IPC Server Responder] INFO  ipc.Server (Server.java:run(1319)) - Stopping IPC Server Responder
2019-09-12 10:53:53,827 [IPC Server listener on 43297] INFO  ipc.Server (Server.java:run(1185)) - Stopping IPC Server listener on 43297
2019-09-12 10:53:53,827 [main] INFO  server.StorageContainerManager (StorageContainerManager.java:stop(833)) - Stopping Storage Container Manager HTTP server.
2019-09-12 10:53:53,828 [main] INFO  handler.ContextHandler (ContextHandler.java:doStop(910)) - Stopped o.e.j.w.WebAppContext@195498aa{/,null,UNAVAILABLE}{/scm}
2019-09-12 10:53:53,829 [IPC Server Responder] INFO  ipc.Server (Server.java:run(1319)) - Stopping IPC Server Responder
2019-09-12 10:53:53,829 [main] INFO  server.AbstractConnector (AbstractConnector.java:doStop(318)) - Stopped ServerConnector@4b360972{HTTP/1.1,[http/1.1]}{0.0.0.0:0}
2019-09-12 10:53:53,830 [main] INFO  handler.ContextHandler (ContextHandler.java:doStop(910)) - Stopped o.e.j.s.ServletContextHandler@5d3b6585{/static,file:///workdir/hadoop-ozone/integration-test/target/test-classes/webapps/static,UNAVAILABLE}
2019-09-12 10:53:53,830 [main] INFO  handler.ContextHandler (ContextHandler.java:doStop(910)) - Stopped o.e.j.s.ServletContextHandler@56872fcb{/logs,file:///workdir/hadoop-ozone/integration-test/target/log,UNAVAILABLE}
2019-09-12 10:53:53,831 [main] INFO  server.StorageContainerManager (StorageContainerManager.java:stop(844)) - Stopping Block Manager Service.
2019-09-12 10:53:53,831 [main] INFO  utils.BackgroundService (BackgroundService.java:shutdown(148)) - Shutting down service SCMBlockDeletingService
2019-09-12 10:53:53,832 [main] INFO  utils.BackgroundService (BackgroundService.java:shutdown(148)) - Shutting down service SCMBlockDeletingService
2019-09-12 10:53:53,832 [main] INFO  server.StorageContainerManager (StorageContainerManager.java:stop(866)) - Stopping SCM Event Queue.
2019-09-12 10:53:53,835 [main] INFO  impl.MetricsSystemImpl (MetricsSystemImpl.java:stop(210)) - Stopping HddsDatanode metrics system...
2019-09-12 10:53:53,849 [main] INFO  impl.MetricsSystemImpl (MetricsSystemImpl.java:stop(216)) - HddsDatanode metrics system stopped.
]]></system-out>
    <system-err><![CDATA[Sep 12, 2019 10:53:31 AM com.sun.jersey.server.impl.application.WebApplicationImpl _initiate
INFO: Initiating Jersey application, version 'Jersey: 1.19 02/11/2015 03:25 AM'
Sep 12, 2019 10:53:31 AM com.sun.jersey.server.impl.application.WebApplicationImpl _initiate
INFO: Initiating Jersey application, version 'Jersey: 1.19 02/11/2015 03:25 AM'
Sep 12, 2019 10:53:32 AM com.sun.jersey.server.impl.application.WebApplicationImpl _initiate
INFO: Initiating Jersey application, version 'Jersey: 1.19 02/11/2015 03:25 AM'
Sep 12, 2019 10:53:32 AM com.sun.jersey.server.impl.application.WebApplicationImpl _initiate
INFO: Initiating Jersey application, version 'Jersey: 1.19 02/11/2015 03:25 AM'
Sep 12, 2019 10:53:32 AM com.sun.jersey.server.impl.application.WebApplicationImpl _initiate
INFO: Initiating Jersey application, version 'Jersey: 1.19 02/11/2015 03:25 AM'
Sep 12, 2019 10:53:32 AM com.sun.jersey.server.impl.application.WebApplicationImpl _initiate
INFO: Initiating Jersey application, version 'Jersey: 1.19 02/11/2015 03:25 AM'
]]></system-err>
  </testcase>
</testsuite>