<?xml version="1.0" encoding="UTF-8"?>
<testsuite xmlns:xsi="http://www.w3.org/2001/XMLSchema-instance" xsi:noNamespaceSchemaLocation="https://maven.apache.org/surefire/maven-surefire-plugin/xsd/surefire-test-report.xsd" name="org.apache.hadoop.ozone.client.rpc.TestContainerReplicationEndToEnd" time="25.769" tests="1" errors="1" skipped="0" failures="0">
  <properties>
    <property name="awt.toolkit" value="sun.awt.X11.XToolkit"/>
    <property name="file.encoding.pkg" value="sun.io"/>
    <property name="java.specification.version" value="1.8"/>
    <property name="sun.cpu.isalist" value=""/>
    <property name="sun.jnu.encoding" value="UTF-8"/>
    <property name="java.class.path" value="/tmp/workdir/hadoop-ozone/integration-test/target/test-classes:/tmp/workdir/hadoop-ozone/integration-test/target/classes:/home/user/.m2/repository/org/apache/hadoop/hadoop-ozone-common/0.5.0-SNAPSHOT/hadoop-ozone-common-0.5.0-SNAPSHOT.jar:/home/user/.m2/repository/org/apache/commons/commons-compress/1.4.1/commons-compress-1.4.1.jar:/home/user/.m2/repository/org/tukaani/xz/1.0/xz-1.0.jar:/home/user/.m2/repository/org/apache/hadoop/hadoop-common/3.2.0/hadoop-common-3.2.0.jar:/home/user/.m2/repository/org/apache/hadoop/hadoop-hdfs/3.2.0/hadoop-hdfs-3.2.0.jar:/home/user/.m2/repository/org/apache/hadoop/hadoop-hdfs-client/3.2.0/hadoop-hdfs-client-3.2.0.jar:/home/user/.m2/repository/com/fasterxml/jackson/core/jackson-annotations/2.9.5/jackson-annotations-2.9.5.jar:/home/user/.m2/repository/org/apache/hadoop/hadoop-hdds-common/0.5.0-SNAPSHOT/hadoop-hdds-common-0.5.0-SNAPSHOT.jar:/home/user/.m2/repository/javax/annotation/javax.annotation-api/1.2/javax.annotation-api-1.2.jar:/home/user/.m2/repository/org/apache/ratis/ratis-server/0.4.0-78e95b9-SNAPSHOT/ratis-server-0.4.0-78e95b9-SNAPSHOT.jar:/home/user/.m2/repository/org/apache/ratis/ratis-thirdparty-misc/0.2.0/ratis-thirdparty-misc-0.2.0.jar:/home/user/.m2/repository/org/apache/ratis/ratis-proto/0.4.0-78e95b9-SNAPSHOT/ratis-proto-0.4.0-78e95b9-SNAPSHOT.jar:/home/user/.m2/repository/org/apache/ratis/ratis-common/0.4.0-78e95b9-SNAPSHOT/ratis-common-0.4.0-78e95b9-SNAPSHOT.jar:/home/user/.m2/repository/org/apache/ratis/ratis-client/0.4.0-78e95b9-SNAPSHOT/ratis-client-0.4.0-78e95b9-SNAPSHOT.jar:/home/user/.m2/repository/org/apache/ratis/ratis-metrics/0.4.0-78e95b9-SNAPSHOT/ratis-metrics-0.4.0-78e95b9-SNAPSHOT.jar:/home/user/.m2/repository/com/github/joshelser/dropwizard-metrics-hadoop-metrics2-reporter/0.1.2/dropwizard-metrics-hadoop-metrics2-reporter-0.1.2.jar:/home/user/.m2/repository/io/dropwizard/metrics/metrics-jvm/3.2.5/metrics-jvm-3.2.5.jar:/home/user/.m2/repository/io/dropwizard/metrics/metrics-ganglia/3.2.5/metrics-ganglia-3.2.5.jar:/home/user/.m2/repository/info/ganglia/gmetric4j/gmetric4j/1.0.7/gmetric4j-1.0.7.jar:/home/user/.m2/repository/org/apache/ratis/ratis-netty/0.4.0-78e95b9-SNAPSHOT/ratis-netty-0.4.0-78e95b9-SNAPSHOT.jar:/home/user/.m2/repository/org/apache/ratis/ratis-grpc/0.4.0-78e95b9-SNAPSHOT/ratis-grpc-0.4.0-78e95b9-SNAPSHOT.jar:/home/user/.m2/repository/org/rocksdb/rocksdbjni/6.0.1/rocksdbjni-6.0.1.jar:/home/user/.m2/repository/org/apache/logging/log4j/log4j-api/2.11.0/log4j-api-2.11.0.jar:/home/user/.m2/repository/org/apache/logging/log4j/log4j-core/2.11.0/log4j-core-2.11.0.jar:/home/user/.m2/repository/com/lmax/disruptor/3.4.2/disruptor-3.4.2.jar:/home/user/.m2/repository/org/apache/commons/commons-pool2/2.6.0/commons-pool2-2.6.0.jar:/home/user/.m2/repository/org/bouncycastle/bcpkix-jdk15on/1.60/bcpkix-jdk15on-1.60.jar:/home/user/.m2/repository/commons-validator/commons-validator/1.6/commons-validator-1.6.jar:/home/user/.m2/repository/commons-digester/commons-digester/1.8.1/commons-digester-1.8.1.jar:/home/user/.m2/repository/io/jaegertracing/jaeger-client/0.33.1/jaeger-client-0.33.1.jar:/home/user/.m2/repository/io/jaegertracing/jaeger-thrift/0.33.1/jaeger-thrift-0.33.1.jar:/home/user/.m2/repository/org/apache/thrift/libthrift/0.11.0/libthrift-0.11.0.jar:/home/user/.m2/repository/com/squareup/okhttp3/okhttp/3.9.0/okhttp-3.9.0.jar:/home/user/.m2/repository/com/squareup/okio/okio/1.13.0/okio-1.13.0.jar:/home/user/.m2/repository/io/jaegertracing/jaeger-core/0.33.1/jaeger-core-0.33.1.jar:/home/user/.m2/repository/io/jaegertracing/jaeger-tracerresolver/0.33.1/jaeger-tracerresolver-0.33.1.jar:/home/user/.m2/repository/io/opentracing/contrib/opentracing-tracerresolver/0.1.5/opentracing-tracerresolver-0.1.5.jar:/home/user/.m2/repository/io/opentracing/opentracing-util/0.31.0/opentracing-util-0.31.0.jar:/home/user/.m2/repository/io/opentracing/opentracing-api/0.31.0/opentracing-api-0.31.0.jar:/home/user/.m2/repository/io/opentracing/opentracing-noop/0.31.0/opentracing-noop-0.31.0.jar:/home/user/.m2/repository/org/apache/hadoop/hadoop-hdds-server-framework/0.5.0-SNAPSHOT/hadoop-hdds-server-framework-0.5.0-SNAPSHOT.jar:/home/user/.m2/repository/org/apache/hadoop/hadoop-hdds-container-service/0.5.0-SNAPSHOT/hadoop-hdds-container-service-0.5.0-SNAPSHOT.jar:/home/user/.m2/repository/org/apache/hadoop/hadoop-hdds-client/0.5.0-SNAPSHOT/hadoop-hdds-client-0.5.0-SNAPSHOT.jar:/home/user/.m2/repository/org/apache/hadoop/hadoop-hdds-tools/0.5.0-SNAPSHOT/hadoop-hdds-tools-0.5.0-SNAPSHOT.jar:/home/user/.m2/repository/org/apache/hadoop/hadoop-hdds-server-scm/0.5.0-SNAPSHOT/hadoop-hdds-server-scm-0.5.0-SNAPSHOT.jar:/home/user/.m2/repository/org/apache/hadoop/hadoop-hdds-docs/0.5.0-SNAPSHOT/hadoop-hdds-docs-0.5.0-SNAPSHOT.jar:/home/user/.m2/repository/io/dropwizard/metrics/metrics-core/3.2.4/metrics-core-3.2.4.jar:/home/user/.m2/repository/org/hamcrest/hamcrest-all/1.3/hamcrest-all-1.3.jar:/home/user/.m2/repository/org/bouncycastle/bcprov-jdk15on/1.60/bcprov-jdk15on-1.60.jar:/home/user/.m2/repository/info/picocli/picocli/3.9.6/picocli-3.9.6.jar:/home/user/.m2/repository/com/google/protobuf/protobuf-java/2.5.0/protobuf-java-2.5.0.jar:/home/user/.m2/repository/com/google/guava/guava/11.0.2/guava-11.0.2.jar:/home/user/.m2/repository/org/apache/hadoop/hadoop-ozone-ozone-manager/0.5.0-SNAPSHOT/hadoop-ozone-ozone-manager-0.5.0-SNAPSHOT.jar:/home/user/.m2/repository/org/apache/hadoop/hadoop-minikdc/3.2.0/hadoop-minikdc-3.2.0.jar:/home/user/.m2/repository/commons-io/commons-io/2.5/commons-io-2.5.jar:/home/user/.m2/repository/org/apache/kerby/kerb-simplekdc/1.0.1/kerb-simplekdc-1.0.1.jar:/home/user/.m2/repository/org/apache/kerby/kerb-client/1.0.1/kerb-client-1.0.1.jar:/home/user/.m2/repository/org/apache/kerby/kerby-config/1.0.1/kerby-config-1.0.1.jar:/home/user/.m2/repository/org/apache/kerby/kerb-core/1.0.1/kerb-core-1.0.1.jar:/home/user/.m2/repository/org/apache/kerby/kerby-pkix/1.0.1/kerby-pkix-1.0.1.jar:/home/user/.m2/repository/org/apache/kerby/kerby-asn1/1.0.1/kerby-asn1-1.0.1.jar:/home/user/.m2/repository/org/apache/kerby/kerby-util/1.0.1/kerby-util-1.0.1.jar:/home/user/.m2/repository/org/apache/kerby/kerb-common/1.0.1/kerb-common-1.0.1.jar:/home/user/.m2/repository/org/apache/kerby/kerb-crypto/1.0.1/kerb-crypto-1.0.1.jar:/home/user/.m2/repository/org/apache/kerby/kerb-util/1.0.1/kerb-util-1.0.1.jar:/home/user/.m2/repository/org/apache/kerby/token-provider/1.0.1/token-provider-1.0.1.jar:/home/user/.m2/repository/org/apache/kerby/kerb-admin/1.0.1/kerb-admin-1.0.1.jar:/home/user/.m2/repository/org/apache/kerby/kerb-server/1.0.1/kerb-server-1.0.1.jar:/home/user/.m2/repository/org/apache/kerby/kerb-identity/1.0.1/kerb-identity-1.0.1.jar:/home/user/.m2/repository/org/apache/kerby/kerby-xdr/1.0.1/kerby-xdr-1.0.1.jar:/home/user/.m2/repository/org/slf4j/slf4j-log4j12/1.7.25/slf4j-log4j12-1.7.25.jar:/home/user/.m2/repository/org/apache/hadoop/hadoop-ozone-s3gateway/0.5.0-SNAPSHOT/hadoop-ozone-s3gateway-0.5.0-SNAPSHOT.jar:/home/user/.m2/repository/org/jboss/weld/servlet/weld-servlet/2.4.7.Final/weld-servlet-2.4.7.Final.jar:/home/user/.m2/repository/org/glassfish/jersey/containers/jersey-container-servlet-core/2.27/jersey-container-servlet-core-2.27.jar:/home/user/.m2/repository/org/glassfish/hk2/external/javax.inject/2.5.0-b42/javax.inject-2.5.0-b42.jar:/home/user/.m2/repository/org/glassfish/jersey/core/jersey-common/2.27/jersey-common-2.27.jar:/home/user/.m2/repository/org/glassfish/hk2/osgi-resource-locator/1.0.1/osgi-resource-locator-1.0.1.jar:/home/user/.m2/repository/javax/ws/rs/javax.ws.rs-api/2.1/javax.ws.rs-api-2.1.jar:/home/user/.m2/repository/org/glassfish/jersey/ext/cdi/jersey-cdi1x/2.27/jersey-cdi1x-2.27.jar:/home/user/.m2/repository/org/glassfish/jersey/inject/jersey-hk2/2.27/jersey-hk2-2.27.jar:/home/user/.m2/repository/org/glassfish/hk2/hk2-locator/2.5.0-b42/hk2-locator-2.5.0-b42.jar:/home/user/.m2/repository/org/javassist/javassist/3.22.0-CR2/javassist-3.22.0-CR2.jar:/home/user/.m2/repository/org/glassfish/hk2/hk2-api/2.5.0/hk2-api-2.5.0.jar:/home/user/.m2/repository/org/glassfish/hk2/external/jakarta.inject/2.5.0/jakarta.inject-2.5.0.jar:/home/user/.m2/repository/org/glassfish/hk2/hk2-utils/2.5.0/hk2-utils-2.5.0.jar:/home/user/.m2/repository/jakarta/annotation/jakarta.annotation-api/1.3.4/jakarta.annotation-api-1.3.4.jar:/home/user/.m2/repository/org/glassfish/hk2/external/aopalliance-repackaged/2.5.0/aopalliance-repackaged-2.5.0.jar:/home/user/.m2/repository/com/fasterxml/jackson/dataformat/jackson-dataformat-xml/2.9.0/jackson-dataformat-xml-2.9.0.jar:/home/user/.m2/repository/com/fasterxml/jackson/core/jackson-core/2.9.5/jackson-core-2.9.5.jar:/home/user/.m2/repository/com/fasterxml/jackson/module/jackson-module-jaxb-annotations/2.9.5/jackson-module-jaxb-annotations-2.9.5.jar:/home/user/.m2/repository/javax/enterprise/cdi-api/1.2/cdi-api-1.2.jar:/home/user/.m2/repository/javax/el/javax.el-api/3.0.0/javax.el-api-3.0.0.jar:/home/user/.m2/repository/javax/interceptor/javax.interceptor-api/1.2/javax.interceptor-api-1.2.jar:/home/user/.m2/repository/javax/inject/javax.inject/1/javax.inject-1.jar:/home/user/.m2/repository/com/sun/xml/bind/jaxb-impl/2.3.0.1/jaxb-impl-2.3.0.1.jar:/home/user/.m2/repository/com/sun/xml/bind/jaxb-core/2.3.0.1/jaxb-core-2.3.0.1.jar:/home/user/.m2/repository/javax/xml/bind/jaxb-api/2.3.0/jaxb-api-2.3.0.jar:/home/user/.m2/repository/javax/activation/activation/1.1.1/activation-1.1.1.jar:/home/user/.m2/repository/org/apache/hadoop/hadoop-ozone-csi/0.5.0-SNAPSHOT/hadoop-ozone-csi-0.5.0-SNAPSHOT.jar:/home/user/.m2/repository/com/google/protobuf/protobuf-java-util/3.5.1/protobuf-java-util-3.5.1.jar:/home/user/.m2/repository/org/apache/hadoop/hadoop-hdds-config/0.5.0-SNAPSHOT/hadoop-hdds-config-0.5.0-SNAPSHOT.jar:/home/user/.m2/repository/io/grpc/grpc-netty/1.17.1/grpc-netty-1.17.1.jar:/home/user/.m2/repository/io/grpc/grpc-core/1.17.1/grpc-core-1.17.1.jar:/home/user/.m2/repository/io/grpc/grpc-context/1.17.1/grpc-context-1.17.1.jar:/home/user/.m2/repository/com/google/errorprone/error_prone_annotations/2.2.0/error_prone_annotations-2.2.0.jar:/home/user/.m2/repository/org/codehaus/mojo/animal-sniffer-annotations/1.17/animal-sniffer-annotations-1.17.jar:/home/user/.m2/repository/io/opencensus/opencensus-api/0.17.0/opencensus-api-0.17.0.jar:/home/user/.m2/repository/io/opencensus/opencensus-contrib-grpc-metrics/0.17.0/opencensus-contrib-grpc-metrics-0.17.0.jar:/home/user/.m2/repository/io/netty/netty-codec-http2/4.1.30.Final/netty-codec-http2-4.1.30.Final.jar:/home/user/.m2/repository/io/netty/netty-codec-http/4.1.30.Final/netty-codec-http-4.1.30.Final.jar:/home/user/.m2/repository/io/netty/netty-codec/4.1.30.Final/netty-codec-4.1.30.Final.jar:/home/user/.m2/repository/io/netty/netty-handler/4.1.30.Final/netty-handler-4.1.30.Final.jar:/home/user/.m2/repository/io/netty/netty-handler-proxy/4.1.30.Final/netty-handler-proxy-4.1.30.Final.jar:/home/user/.m2/repository/io/netty/netty-codec-socks/4.1.30.Final/netty-codec-socks-4.1.30.Final.jar:/home/user/.m2/repository/io/netty/netty-transport-native-epoll/4.1.30.Final/netty-transport-native-epoll-4.1.30.Final.jar:/home/user/.m2/repository/io/netty/netty-common/4.1.30.Final/netty-common-4.1.30.Final.jar:/home/user/.m2/repository/io/netty/netty-buffer/4.1.30.Final/netty-buffer-4.1.30.Final.jar:/home/user/.m2/repository/io/netty/netty-transport/4.1.30.Final/netty-transport-4.1.30.Final.jar:/home/user/.m2/repository/io/netty/netty-resolver/4.1.30.Final/netty-resolver-4.1.30.Final.jar:/home/user/.m2/repository/io/netty/netty-transport-native-unix-common/4.1.30.Final/netty-transport-native-unix-common-4.1.30.Final.jar:/home/user/.m2/repository/io/grpc/grpc-protobuf/1.17.1/grpc-protobuf-1.17.1.jar:/home/user/.m2/repository/com/google/api/grpc/proto-google-common-protos/1.0.0/proto-google-common-protos-1.0.0.jar:/home/user/.m2/repository/io/grpc/grpc-protobuf-lite/1.17.1/grpc-protobuf-lite-1.17.1.jar:/home/user/.m2/repository/io/grpc/grpc-stub/1.17.1/grpc-stub-1.17.1.jar:/home/user/.m2/repository/org/apache/hadoop/hadoop-ozone-recon/0.5.0-SNAPSHOT/hadoop-ozone-recon-0.5.0-SNAPSHOT.jar:/home/user/.m2/repository/org/apache/hadoop/hadoop-ozone-reconcodegen/0.5.0-SNAPSHOT/hadoop-ozone-reconcodegen-0.5.0-SNAPSHOT.jar:/home/user/.m2/repository/com/google/inject/extensions/guice-multibindings/4.0/guice-multibindings-4.0.jar:/home/user/.m2/repository/com/google/inject/guice/4.0/guice-4.0.jar:/home/user/.m2/repository/aopalliance/aopalliance/1.0/aopalliance-1.0.jar:/home/user/.m2/repository/com/google/inject/extensions/guice-servlet/4.0/guice-servlet-4.0.jar:/home/user/.m2/repository/org/glassfish/jersey/containers/jersey-container-servlet/2.27/jersey-container-servlet-2.27.jar:/home/user/.m2/repository/org/glassfish/hk2/guice-bridge/2.5.0/guice-bridge-2.5.0.jar:/home/user/.m2/repository/org/glassfish/jersey/core/jersey-server/2.27/jersey-server-2.27.jar:/home/user/.m2/repository/org/glassfish/jersey/core/jersey-client/2.27/jersey-client-2.27.jar:/home/user/.m2/repository/org/glassfish/jersey/media/jersey-media-jaxb/2.27/jersey-media-jaxb-2.27.jar:/home/user/.m2/repository/javax/validation/validation-api/1.1.0.Final/validation-api-1.1.0.Final.jar:/home/user/.m2/repository/org/glassfish/jersey/media/jersey-media-json-jackson/2.27/jersey-media-json-jackson-2.27.jar:/home/user/.m2/repository/org/glassfish/jersey/ext/jersey-entity-filtering/2.27/jersey-entity-filtering-2.27.jar:/home/user/.m2/repository/com/google/inject/extensions/guice-assistedinject/4.0/guice-assistedinject-4.0.jar:/home/user/.m2/repository/org/jooq/jooq/3.11.10/jooq-3.11.10.jar:/home/user/.m2/repository/org/jooq/jooq-meta/3.11.10/jooq-meta-3.11.10.jar:/home/user/.m2/repository/org/jooq/jooq-codegen/3.11.10/jooq-codegen-3.11.10.jar:/home/user/.m2/repository/com/jolbox/bonecp/0.8.0.RELEASE/bonecp-0.8.0.RELEASE.jar:/home/user/.m2/repository/org/xerial/sqlite-jdbc/3.25.2/sqlite-jdbc-3.25.2.jar:/home/user/.m2/repository/org/springframework/spring-jdbc/5.1.3.RELEASE/spring-jdbc-5.1.3.RELEASE.jar:/home/user/.m2/repository/org/springframework/spring-beans/5.1.3.RELEASE/spring-beans-5.1.3.RELEASE.jar:/home/user/.m2/repository/org/springframework/spring-core/5.1.3.RELEASE/spring-core-5.1.3.RELEASE.jar:/home/user/.m2/repository/org/springframework/spring-jcl/5.1.3.RELEASE/spring-jcl-5.1.3.RELEASE.jar:/home/user/.m2/repository/org/springframework/spring-tx/5.1.3.RELEASE/spring-tx-5.1.3.RELEASE.jar:/home/user/.m2/repository/org/apache/hadoop/hadoop-ozone-client/0.5.0-SNAPSHOT/hadoop-ozone-client-0.5.0-SNAPSHOT.jar:/home/user/.m2/repository/commons-lang/commons-lang/2.6/commons-lang-2.6.jar:/home/user/.m2/repository/org/apache/hadoop/hadoop-ozone-ozone-manager/0.5.0-SNAPSHOT/hadoop-ozone-ozone-manager-0.5.0-SNAPSHOT-tests.jar:/home/user/.m2/repository/junit/junit/4.11/junit-4.11.jar:/home/user/.m2/repository/org/hamcrest/hamcrest-core/1.3/hamcrest-core-1.3.jar:/home/user/.m2/repository/org/openjdk/jmh/jmh-core/1.19/jmh-core-1.19.jar:/home/user/.m2/repository/net/sf/jopt-simple/jopt-simple/4.6/jopt-simple-4.6.jar:/home/user/.m2/repository/org/apache/commons/commons-math3/3.1.1/commons-math3-3.1.1.jar:/home/user/.m2/repository/org/openjdk/jmh/jmh-generator-annprocess/1.19/jmh-generator-annprocess-1.19.jar:/home/user/.m2/repository/org/mockito/mockito-all/1.8.5/mockito-all-1.8.5.jar:/home/user/.m2/repository/org/apache/hadoop/hadoop-kms/3.2.0/hadoop-kms-3.2.0.jar:/home/user/.m2/repository/org/apache/hadoop/hadoop-auth/3.2.0/hadoop-auth-3.2.0.jar:/home/user/.m2/repository/com/nimbusds/nimbus-jose-jwt/4.41.1/nimbus-jose-jwt-4.41.1.jar:/home/user/.m2/repository/com/github/stephenc/jcip/jcip-annotations/1.0-1/jcip-annotations-1.0-1.jar:/home/user/.m2/repository/net/minidev/json-smart/2.3/json-smart-2.3.jar:/home/user/.m2/repository/net/minidev/accessors-smart/1.2/accessors-smart-1.2.jar:/home/user/.m2/repository/org/ow2/asm/asm/5.0.4/asm-5.0.4.jar:/home/user/.m2/repository/org/apache/curator/curator-framework/2.12.0/curator-framework-2.12.0.jar:/home/user/.m2/repository/com/sun/jersey/jersey-core/1.19/jersey-core-1.19.jar:/home/user/.m2/repository/javax/ws/rs/jsr311-api/1.1.1/jsr311-api-1.1.1.jar:/home/user/.m2/repository/com/sun/jersey/jersey-server/1.19/jersey-server-1.19.jar:/home/user/.m2/repository/javax/servlet/javax.servlet-api/3.1.0/javax.servlet-api-3.1.0.jar:/home/user/.m2/repository/org/eclipse/jetty/jetty-server/9.3.24.v20180605/jetty-server-9.3.24.v20180605.jar:/home/user/.m2/repository/org/eclipse/jetty/jetty-http/9.3.24.v20180605/jetty-http-9.3.24.v20180605.jar:/home/user/.m2/repository/org/eclipse/jetty/jetty-io/9.3.24.v20180605/jetty-io-9.3.24.v20180605.jar:/home/user/.m2/repository/org/eclipse/jetty/jetty-webapp/9.3.24.v20180605/jetty-webapp-9.3.24.v20180605.jar:/home/user/.m2/repository/org/eclipse/jetty/jetty-xml/9.3.24.v20180605/jetty-xml-9.3.24.v20180605.jar:/home/user/.m2/repository/log4j/log4j/1.2.17/log4j-1.2.17.jar:/home/user/.m2/repository/org/slf4j/slf4j-api/1.7.25/slf4j-api-1.7.25.jar:/home/user/.m2/repository/org/slf4j/jul-to-slf4j/1.7.25/jul-to-slf4j-1.7.25.jar:/home/user/.m2/repository/org/eclipse/jetty/jetty-util/9.3.24.v20180605/jetty-util-9.3.24.v20180605.jar:/home/user/.m2/repository/com/fasterxml/jackson/core/jackson-databind/2.9.5/jackson-databind-2.9.5.jar:/home/user/.m2/repository/org/apache/hadoop/hadoop-kms/3.2.0/hadoop-kms-3.2.0-tests.jar:/home/user/.m2/repository/org/apache/hadoop/hadoop-hdds-server-scm/0.5.0-SNAPSHOT/hadoop-hdds-server-scm-0.5.0-SNAPSHOT-tests.jar:/home/user/.m2/repository/org/apache/hadoop/hadoop-hdds-container-service/0.5.0-SNAPSHOT/hadoop-hdds-container-service-0.5.0-SNAPSHOT-tests.jar:/home/user/.m2/repository/org/yaml/snakeyaml/1.16/snakeyaml-1.16.jar:/home/user/.m2/repository/org/apache/hadoop/hadoop-common/3.2.0/hadoop-common-3.2.0-tests.jar:/home/user/.m2/repository/org/apache/hadoop/hadoop-annotations/3.2.0/hadoop-annotations-3.2.0.jar:/usr/lib/jvm/java-1.8-openjdk/jre/../lib/tools.jar:/home/user/.m2/repository/commons-cli/commons-cli/1.2/commons-cli-1.2.jar:/home/user/.m2/repository/org/apache/httpcomponents/httpclient/4.5.2/httpclient-4.5.2.jar:/home/user/.m2/repository/org/apache/httpcomponents/httpcore/4.4.4/httpcore-4.4.4.jar:/home/user/.m2/repository/commons-codec/commons-codec/1.11/commons-codec-1.11.jar:/home/user/.m2/repository/commons-net/commons-net/3.6/commons-net-3.6.jar:/home/user/.m2/repository/commons-collections/commons-collections/3.2.2/commons-collections-3.2.2.jar:/home/user/.m2/repository/org/eclipse/jetty/jetty-servlet/9.3.24.v20180605/jetty-servlet-9.3.24.v20180605.jar:/home/user/.m2/repository/org/eclipse/jetty/jetty-security/9.3.24.v20180605/jetty-security-9.3.24.v20180605.jar:/home/user/.m2/repository/javax/servlet/jsp/jsp-api/2.1/jsp-api-2.1.jar:/home/user/.m2/repository/com/sun/jersey/jersey-servlet/1.19/jersey-servlet-1.19.jar:/home/user/.m2/repository/com/sun/jersey/jersey-json/1.19/jersey-json-1.19.jar:/home/user/.m2/repository/org/codehaus/jettison/jettison/1.1/jettison-1.1.jar:/home/user/.m2/repository/org/codehaus/jackson/jackson-core-asl/1.9.13/jackson-core-asl-1.9.13.jar:/home/user/.m2/repository/org/codehaus/jackson/jackson-mapper-asl/1.9.13/jackson-mapper-asl-1.9.13.jar:/home/user/.m2/repository/org/codehaus/jackson/jackson-jaxrs/1.9.13/jackson-jaxrs-1.9.13.jar:/home/user/.m2/repository/org/codehaus/jackson/jackson-xc/1.9.13/jackson-xc-1.9.13.jar:/home/user/.m2/repository/commons-logging/commons-logging/1.1.3/commons-logging-1.1.3.jar:/home/user/.m2/repository/commons-beanutils/commons-beanutils/1.9.3/commons-beanutils-1.9.3.jar:/home/user/.m2/repository/org/apache/commons/commons-configuration2/2.1.1/commons-configuration2-2.1.1.jar:/home/user/.m2/repository/org/apache/commons/commons-lang3/3.7/commons-lang3-3.7.jar:/home/user/.m2/repository/org/apache/commons/commons-text/1.4/commons-text-1.4.jar:/home/user/.m2/repository/org/apache/avro/avro/1.7.7/avro-1.7.7.jar:/home/user/.m2/repository/com/thoughtworks/paranamer/paranamer/2.3/paranamer-2.3.jar:/home/user/.m2/repository/org/xerial/snappy/snappy-java/1.0.5/snappy-java-1.0.5.jar:/home/user/.m2/repository/com/google/re2j/re2j/1.1/re2j-1.1.jar:/home/user/.m2/repository/com/google/code/gson/gson/2.2.4/gson-2.2.4.jar:/home/user/.m2/repository/com/jcraft/jsch/0.1.54/jsch-0.1.54.jar:/home/user/.m2/repository/org/apache/curator/curator-client/2.12.0/curator-client-2.12.0.jar:/home/user/.m2/repository/org/apache/curator/curator-recipes/2.12.0/curator-recipes-2.12.0.jar:/home/user/.m2/repository/com/google/code/findbugs/jsr305/3.0.0/jsr305-3.0.0.jar:/home/user/.m2/repository/org/apache/htrace/htrace-core4/4.1.0-incubating/htrace-core4-4.1.0-incubating.jar:/home/user/.m2/repository/org/apache/zookeeper/zookeeper/3.4.13/zookeeper-3.4.13.jar:/home/user/.m2/repository/org/apache/yetus/audience-annotations/0.5.0/audience-annotations-0.5.0.jar:/home/user/.m2/repository/org/codehaus/woodstox/stax2-api/3.1.4/stax2-api-3.1.4.jar:/home/user/.m2/repository/com/fasterxml/woodstox/woodstox-core/5.0.3/woodstox-core-5.0.3.jar:/home/user/.m2/repository/dnsjava/dnsjava/2.1.7/dnsjava-2.1.7.jar:/home/user/.m2/repository/org/apache/hadoop/hadoop-hdfs/3.2.0/hadoop-hdfs-3.2.0-tests.jar:/home/user/.m2/repository/org/eclipse/jetty/jetty-util-ajax/9.3.24.v20180605/jetty-util-ajax-9.3.24.v20180605.jar:/home/user/.m2/repository/commons-daemon/commons-daemon/1.0.13/commons-daemon-1.0.13.jar:/home/user/.m2/repository/io/netty/netty/3.10.5.Final/netty-3.10.5.Final.jar:/home/user/.m2/repository/io/netty/netty-all/4.0.52.Final/netty-all-4.0.52.Final.jar:/home/user/.m2/repository/org/fusesource/leveldbjni/leveldbjni-all/1.8/leveldbjni-all-1.8.jar:"/>
    <property name="java.vm.vendor" value="IcedTea"/>
    <property name="sun.arch.data.model" value="64"/>
    <property name="test.build.dir" value="/tmp/workdir/hadoop-ozone/integration-test/target/test-dir"/>
    <property name="test.cache.data" value=""/>
    <property name="java.vendor.url" value="https://icedtea.classpath.org"/>
    <property name="user.timezone" value=""/>
    <property name="java.vm.specification.version" value="1.8"/>
    <property name="os.name" value="Linux"/>
    <property name="test.build.data" value="/tmp/workdir/hadoop-ozone/integration-test/target/test-dir"/>
    <property name="user.country" value="US"/>
    <property name="sun.java.launcher" value="SUN_STANDARD"/>
    <property name="sun.boot.library.path" value="/usr/lib/jvm/java-1.8-openjdk/jre/lib/amd64"/>
    <property name="sun.java.command" value="/tmp/workdir/hadoop-ozone/integration-test/target/surefire/surefirebooter2338558034208433589.jar /tmp/workdir/hadoop-ozone/integration-test/target/surefire 2019-09-17T10-35-48_880-jvmRun1 surefire3649661764397712656tmp surefire_443518518450117147376tmp"/>
    <property name="test" value="!TestMiniChaosOzoneCluster"/>
    <property name="surefire.test.class.path" value="/tmp/workdir/hadoop-ozone/integration-test/target/test-classes:/tmp/workdir/hadoop-ozone/integration-test/target/classes:/home/user/.m2/repository/org/apache/hadoop/hadoop-ozone-common/0.5.0-SNAPSHOT/hadoop-ozone-common-0.5.0-SNAPSHOT.jar:/home/user/.m2/repository/org/apache/commons/commons-compress/1.4.1/commons-compress-1.4.1.jar:/home/user/.m2/repository/org/tukaani/xz/1.0/xz-1.0.jar:/home/user/.m2/repository/org/apache/hadoop/hadoop-common/3.2.0/hadoop-common-3.2.0.jar:/home/user/.m2/repository/org/apache/hadoop/hadoop-hdfs/3.2.0/hadoop-hdfs-3.2.0.jar:/home/user/.m2/repository/org/apache/hadoop/hadoop-hdfs-client/3.2.0/hadoop-hdfs-client-3.2.0.jar:/home/user/.m2/repository/com/fasterxml/jackson/core/jackson-annotations/2.9.5/jackson-annotations-2.9.5.jar:/home/user/.m2/repository/org/apache/hadoop/hadoop-hdds-common/0.5.0-SNAPSHOT/hadoop-hdds-common-0.5.0-SNAPSHOT.jar:/home/user/.m2/repository/javax/annotation/javax.annotation-api/1.2/javax.annotation-api-1.2.jar:/home/user/.m2/repository/org/apache/ratis/ratis-server/0.4.0-78e95b9-SNAPSHOT/ratis-server-0.4.0-78e95b9-SNAPSHOT.jar:/home/user/.m2/repository/org/apache/ratis/ratis-thirdparty-misc/0.2.0/ratis-thirdparty-misc-0.2.0.jar:/home/user/.m2/repository/org/apache/ratis/ratis-proto/0.4.0-78e95b9-SNAPSHOT/ratis-proto-0.4.0-78e95b9-SNAPSHOT.jar:/home/user/.m2/repository/org/apache/ratis/ratis-common/0.4.0-78e95b9-SNAPSHOT/ratis-common-0.4.0-78e95b9-SNAPSHOT.jar:/home/user/.m2/repository/org/apache/ratis/ratis-client/0.4.0-78e95b9-SNAPSHOT/ratis-client-0.4.0-78e95b9-SNAPSHOT.jar:/home/user/.m2/repository/org/apache/ratis/ratis-metrics/0.4.0-78e95b9-SNAPSHOT/ratis-metrics-0.4.0-78e95b9-SNAPSHOT.jar:/home/user/.m2/repository/com/github/joshelser/dropwizard-metrics-hadoop-metrics2-reporter/0.1.2/dropwizard-metrics-hadoop-metrics2-reporter-0.1.2.jar:/home/user/.m2/repository/io/dropwizard/metrics/metrics-jvm/3.2.5/metrics-jvm-3.2.5.jar:/home/user/.m2/repository/io/dropwizard/metrics/metrics-ganglia/3.2.5/metrics-ganglia-3.2.5.jar:/home/user/.m2/repository/info/ganglia/gmetric4j/gmetric4j/1.0.7/gmetric4j-1.0.7.jar:/home/user/.m2/repository/org/apache/ratis/ratis-netty/0.4.0-78e95b9-SNAPSHOT/ratis-netty-0.4.0-78e95b9-SNAPSHOT.jar:/home/user/.m2/repository/org/apache/ratis/ratis-grpc/0.4.0-78e95b9-SNAPSHOT/ratis-grpc-0.4.0-78e95b9-SNAPSHOT.jar:/home/user/.m2/repository/org/rocksdb/rocksdbjni/6.0.1/rocksdbjni-6.0.1.jar:/home/user/.m2/repository/org/apache/logging/log4j/log4j-api/2.11.0/log4j-api-2.11.0.jar:/home/user/.m2/repository/org/apache/logging/log4j/log4j-core/2.11.0/log4j-core-2.11.0.jar:/home/user/.m2/repository/com/lmax/disruptor/3.4.2/disruptor-3.4.2.jar:/home/user/.m2/repository/org/apache/commons/commons-pool2/2.6.0/commons-pool2-2.6.0.jar:/home/user/.m2/repository/org/bouncycastle/bcpkix-jdk15on/1.60/bcpkix-jdk15on-1.60.jar:/home/user/.m2/repository/commons-validator/commons-validator/1.6/commons-validator-1.6.jar:/home/user/.m2/repository/commons-digester/commons-digester/1.8.1/commons-digester-1.8.1.jar:/home/user/.m2/repository/io/jaegertracing/jaeger-client/0.33.1/jaeger-client-0.33.1.jar:/home/user/.m2/repository/io/jaegertracing/jaeger-thrift/0.33.1/jaeger-thrift-0.33.1.jar:/home/user/.m2/repository/org/apache/thrift/libthrift/0.11.0/libthrift-0.11.0.jar:/home/user/.m2/repository/com/squareup/okhttp3/okhttp/3.9.0/okhttp-3.9.0.jar:/home/user/.m2/repository/com/squareup/okio/okio/1.13.0/okio-1.13.0.jar:/home/user/.m2/repository/io/jaegertracing/jaeger-core/0.33.1/jaeger-core-0.33.1.jar:/home/user/.m2/repository/io/jaegertracing/jaeger-tracerresolver/0.33.1/jaeger-tracerresolver-0.33.1.jar:/home/user/.m2/repository/io/opentracing/contrib/opentracing-tracerresolver/0.1.5/opentracing-tracerresolver-0.1.5.jar:/home/user/.m2/repository/io/opentracing/opentracing-util/0.31.0/opentracing-util-0.31.0.jar:/home/user/.m2/repository/io/opentracing/opentracing-api/0.31.0/opentracing-api-0.31.0.jar:/home/user/.m2/repository/io/opentracing/opentracing-noop/0.31.0/opentracing-noop-0.31.0.jar:/home/user/.m2/repository/org/apache/hadoop/hadoop-hdds-server-framework/0.5.0-SNAPSHOT/hadoop-hdds-server-framework-0.5.0-SNAPSHOT.jar:/home/user/.m2/repository/org/apache/hadoop/hadoop-hdds-container-service/0.5.0-SNAPSHOT/hadoop-hdds-container-service-0.5.0-SNAPSHOT.jar:/home/user/.m2/repository/org/apache/hadoop/hadoop-hdds-client/0.5.0-SNAPSHOT/hadoop-hdds-client-0.5.0-SNAPSHOT.jar:/home/user/.m2/repository/org/apache/hadoop/hadoop-hdds-tools/0.5.0-SNAPSHOT/hadoop-hdds-tools-0.5.0-SNAPSHOT.jar:/home/user/.m2/repository/org/apache/hadoop/hadoop-hdds-server-scm/0.5.0-SNAPSHOT/hadoop-hdds-server-scm-0.5.0-SNAPSHOT.jar:/home/user/.m2/repository/org/apache/hadoop/hadoop-hdds-docs/0.5.0-SNAPSHOT/hadoop-hdds-docs-0.5.0-SNAPSHOT.jar:/home/user/.m2/repository/io/dropwizard/metrics/metrics-core/3.2.4/metrics-core-3.2.4.jar:/home/user/.m2/repository/org/hamcrest/hamcrest-all/1.3/hamcrest-all-1.3.jar:/home/user/.m2/repository/org/bouncycastle/bcprov-jdk15on/1.60/bcprov-jdk15on-1.60.jar:/home/user/.m2/repository/info/picocli/picocli/3.9.6/picocli-3.9.6.jar:/home/user/.m2/repository/com/google/protobuf/protobuf-java/2.5.0/protobuf-java-2.5.0.jar:/home/user/.m2/repository/com/google/guava/guava/11.0.2/guava-11.0.2.jar:/home/user/.m2/repository/org/apache/hadoop/hadoop-ozone-ozone-manager/0.5.0-SNAPSHOT/hadoop-ozone-ozone-manager-0.5.0-SNAPSHOT.jar:/home/user/.m2/repository/org/apache/hadoop/hadoop-minikdc/3.2.0/hadoop-minikdc-3.2.0.jar:/home/user/.m2/repository/commons-io/commons-io/2.5/commons-io-2.5.jar:/home/user/.m2/repository/org/apache/kerby/kerb-simplekdc/1.0.1/kerb-simplekdc-1.0.1.jar:/home/user/.m2/repository/org/apache/kerby/kerb-client/1.0.1/kerb-client-1.0.1.jar:/home/user/.m2/repository/org/apache/kerby/kerby-config/1.0.1/kerby-config-1.0.1.jar:/home/user/.m2/repository/org/apache/kerby/kerb-core/1.0.1/kerb-core-1.0.1.jar:/home/user/.m2/repository/org/apache/kerby/kerby-pkix/1.0.1/kerby-pkix-1.0.1.jar:/home/user/.m2/repository/org/apache/kerby/kerby-asn1/1.0.1/kerby-asn1-1.0.1.jar:/home/user/.m2/repository/org/apache/kerby/kerby-util/1.0.1/kerby-util-1.0.1.jar:/home/user/.m2/repository/org/apache/kerby/kerb-common/1.0.1/kerb-common-1.0.1.jar:/home/user/.m2/repository/org/apache/kerby/kerb-crypto/1.0.1/kerb-crypto-1.0.1.jar:/home/user/.m2/repository/org/apache/kerby/kerb-util/1.0.1/kerb-util-1.0.1.jar:/home/user/.m2/repository/org/apache/kerby/token-provider/1.0.1/token-provider-1.0.1.jar:/home/user/.m2/repository/org/apache/kerby/kerb-admin/1.0.1/kerb-admin-1.0.1.jar:/home/user/.m2/repository/org/apache/kerby/kerb-server/1.0.1/kerb-server-1.0.1.jar:/home/user/.m2/repository/org/apache/kerby/kerb-identity/1.0.1/kerb-identity-1.0.1.jar:/home/user/.m2/repository/org/apache/kerby/kerby-xdr/1.0.1/kerby-xdr-1.0.1.jar:/home/user/.m2/repository/org/slf4j/slf4j-log4j12/1.7.25/slf4j-log4j12-1.7.25.jar:/home/user/.m2/repository/org/apache/hadoop/hadoop-ozone-s3gateway/0.5.0-SNAPSHOT/hadoop-ozone-s3gateway-0.5.0-SNAPSHOT.jar:/home/user/.m2/repository/org/jboss/weld/servlet/weld-servlet/2.4.7.Final/weld-servlet-2.4.7.Final.jar:/home/user/.m2/repository/org/glassfish/jersey/containers/jersey-container-servlet-core/2.27/jersey-container-servlet-core-2.27.jar:/home/user/.m2/repository/org/glassfish/hk2/external/javax.inject/2.5.0-b42/javax.inject-2.5.0-b42.jar:/home/user/.m2/repository/org/glassfish/jersey/core/jersey-common/2.27/jersey-common-2.27.jar:/home/user/.m2/repository/org/glassfish/hk2/osgi-resource-locator/1.0.1/osgi-resource-locator-1.0.1.jar:/home/user/.m2/repository/javax/ws/rs/javax.ws.rs-api/2.1/javax.ws.rs-api-2.1.jar:/home/user/.m2/repository/org/glassfish/jersey/ext/cdi/jersey-cdi1x/2.27/jersey-cdi1x-2.27.jar:/home/user/.m2/repository/org/glassfish/jersey/inject/jersey-hk2/2.27/jersey-hk2-2.27.jar:/home/user/.m2/repository/org/glassfish/hk2/hk2-locator/2.5.0-b42/hk2-locator-2.5.0-b42.jar:/home/user/.m2/repository/org/javassist/javassist/3.22.0-CR2/javassist-3.22.0-CR2.jar:/home/user/.m2/repository/org/glassfish/hk2/hk2-api/2.5.0/hk2-api-2.5.0.jar:/home/user/.m2/repository/org/glassfish/hk2/external/jakarta.inject/2.5.0/jakarta.inject-2.5.0.jar:/home/user/.m2/repository/org/glassfish/hk2/hk2-utils/2.5.0/hk2-utils-2.5.0.jar:/home/user/.m2/repository/jakarta/annotation/jakarta.annotation-api/1.3.4/jakarta.annotation-api-1.3.4.jar:/home/user/.m2/repository/org/glassfish/hk2/external/aopalliance-repackaged/2.5.0/aopalliance-repackaged-2.5.0.jar:/home/user/.m2/repository/com/fasterxml/jackson/dataformat/jackson-dataformat-xml/2.9.0/jackson-dataformat-xml-2.9.0.jar:/home/user/.m2/repository/com/fasterxml/jackson/core/jackson-core/2.9.5/jackson-core-2.9.5.jar:/home/user/.m2/repository/com/fasterxml/jackson/module/jackson-module-jaxb-annotations/2.9.5/jackson-module-jaxb-annotations-2.9.5.jar:/home/user/.m2/repository/javax/enterprise/cdi-api/1.2/cdi-api-1.2.jar:/home/user/.m2/repository/javax/el/javax.el-api/3.0.0/javax.el-api-3.0.0.jar:/home/user/.m2/repository/javax/interceptor/javax.interceptor-api/1.2/javax.interceptor-api-1.2.jar:/home/user/.m2/repository/javax/inject/javax.inject/1/javax.inject-1.jar:/home/user/.m2/repository/com/sun/xml/bind/jaxb-impl/2.3.0.1/jaxb-impl-2.3.0.1.jar:/home/user/.m2/repository/com/sun/xml/bind/jaxb-core/2.3.0.1/jaxb-core-2.3.0.1.jar:/home/user/.m2/repository/javax/xml/bind/jaxb-api/2.3.0/jaxb-api-2.3.0.jar:/home/user/.m2/repository/javax/activation/activation/1.1.1/activation-1.1.1.jar:/home/user/.m2/repository/org/apache/hadoop/hadoop-ozone-csi/0.5.0-SNAPSHOT/hadoop-ozone-csi-0.5.0-SNAPSHOT.jar:/home/user/.m2/repository/com/google/protobuf/protobuf-java-util/3.5.1/protobuf-java-util-3.5.1.jar:/home/user/.m2/repository/org/apache/hadoop/hadoop-hdds-config/0.5.0-SNAPSHOT/hadoop-hdds-config-0.5.0-SNAPSHOT.jar:/home/user/.m2/repository/io/grpc/grpc-netty/1.17.1/grpc-netty-1.17.1.jar:/home/user/.m2/repository/io/grpc/grpc-core/1.17.1/grpc-core-1.17.1.jar:/home/user/.m2/repository/io/grpc/grpc-context/1.17.1/grpc-context-1.17.1.jar:/home/user/.m2/repository/com/google/errorprone/error_prone_annotations/2.2.0/error_prone_annotations-2.2.0.jar:/home/user/.m2/repository/org/codehaus/mojo/animal-sniffer-annotations/1.17/animal-sniffer-annotations-1.17.jar:/home/user/.m2/repository/io/opencensus/opencensus-api/0.17.0/opencensus-api-0.17.0.jar:/home/user/.m2/repository/io/opencensus/opencensus-contrib-grpc-metrics/0.17.0/opencensus-contrib-grpc-metrics-0.17.0.jar:/home/user/.m2/repository/io/netty/netty-codec-http2/4.1.30.Final/netty-codec-http2-4.1.30.Final.jar:/home/user/.m2/repository/io/netty/netty-codec-http/4.1.30.Final/netty-codec-http-4.1.30.Final.jar:/home/user/.m2/repository/io/netty/netty-codec/4.1.30.Final/netty-codec-4.1.30.Final.jar:/home/user/.m2/repository/io/netty/netty-handler/4.1.30.Final/netty-handler-4.1.30.Final.jar:/home/user/.m2/repository/io/netty/netty-handler-proxy/4.1.30.Final/netty-handler-proxy-4.1.30.Final.jar:/home/user/.m2/repository/io/netty/netty-codec-socks/4.1.30.Final/netty-codec-socks-4.1.30.Final.jar:/home/user/.m2/repository/io/netty/netty-transport-native-epoll/4.1.30.Final/netty-transport-native-epoll-4.1.30.Final.jar:/home/user/.m2/repository/io/netty/netty-common/4.1.30.Final/netty-common-4.1.30.Final.jar:/home/user/.m2/repository/io/netty/netty-buffer/4.1.30.Final/netty-buffer-4.1.30.Final.jar:/home/user/.m2/repository/io/netty/netty-transport/4.1.30.Final/netty-transport-4.1.30.Final.jar:/home/user/.m2/repository/io/netty/netty-resolver/4.1.30.Final/netty-resolver-4.1.30.Final.jar:/home/user/.m2/repository/io/netty/netty-transport-native-unix-common/4.1.30.Final/netty-transport-native-unix-common-4.1.30.Final.jar:/home/user/.m2/repository/io/grpc/grpc-protobuf/1.17.1/grpc-protobuf-1.17.1.jar:/home/user/.m2/repository/com/google/api/grpc/proto-google-common-protos/1.0.0/proto-google-common-protos-1.0.0.jar:/home/user/.m2/repository/io/grpc/grpc-protobuf-lite/1.17.1/grpc-protobuf-lite-1.17.1.jar:/home/user/.m2/repository/io/grpc/grpc-stub/1.17.1/grpc-stub-1.17.1.jar:/home/user/.m2/repository/org/apache/hadoop/hadoop-ozone-recon/0.5.0-SNAPSHOT/hadoop-ozone-recon-0.5.0-SNAPSHOT.jar:/home/user/.m2/repository/org/apache/hadoop/hadoop-ozone-reconcodegen/0.5.0-SNAPSHOT/hadoop-ozone-reconcodegen-0.5.0-SNAPSHOT.jar:/home/user/.m2/repository/com/google/inject/extensions/guice-multibindings/4.0/guice-multibindings-4.0.jar:/home/user/.m2/repository/com/google/inject/guice/4.0/guice-4.0.jar:/home/user/.m2/repository/aopalliance/aopalliance/1.0/aopalliance-1.0.jar:/home/user/.m2/repository/com/google/inject/extensions/guice-servlet/4.0/guice-servlet-4.0.jar:/home/user/.m2/repository/org/glassfish/jersey/containers/jersey-container-servlet/2.27/jersey-container-servlet-2.27.jar:/home/user/.m2/repository/org/glassfish/hk2/guice-bridge/2.5.0/guice-bridge-2.5.0.jar:/home/user/.m2/repository/org/glassfish/jersey/core/jersey-server/2.27/jersey-server-2.27.jar:/home/user/.m2/repository/org/glassfish/jersey/core/jersey-client/2.27/jersey-client-2.27.jar:/home/user/.m2/repository/org/glassfish/jersey/media/jersey-media-jaxb/2.27/jersey-media-jaxb-2.27.jar:/home/user/.m2/repository/javax/validation/validation-api/1.1.0.Final/validation-api-1.1.0.Final.jar:/home/user/.m2/repository/org/glassfish/jersey/media/jersey-media-json-jackson/2.27/jersey-media-json-jackson-2.27.jar:/home/user/.m2/repository/org/glassfish/jersey/ext/jersey-entity-filtering/2.27/jersey-entity-filtering-2.27.jar:/home/user/.m2/repository/com/google/inject/extensions/guice-assistedinject/4.0/guice-assistedinject-4.0.jar:/home/user/.m2/repository/org/jooq/jooq/3.11.10/jooq-3.11.10.jar:/home/user/.m2/repository/org/jooq/jooq-meta/3.11.10/jooq-meta-3.11.10.jar:/home/user/.m2/repository/org/jooq/jooq-codegen/3.11.10/jooq-codegen-3.11.10.jar:/home/user/.m2/repository/com/jolbox/bonecp/0.8.0.RELEASE/bonecp-0.8.0.RELEASE.jar:/home/user/.m2/repository/org/xerial/sqlite-jdbc/3.25.2/sqlite-jdbc-3.25.2.jar:/home/user/.m2/repository/org/springframework/spring-jdbc/5.1.3.RELEASE/spring-jdbc-5.1.3.RELEASE.jar:/home/user/.m2/repository/org/springframework/spring-beans/5.1.3.RELEASE/spring-beans-5.1.3.RELEASE.jar:/home/user/.m2/repository/org/springframework/spring-core/5.1.3.RELEASE/spring-core-5.1.3.RELEASE.jar:/home/user/.m2/repository/org/springframework/spring-jcl/5.1.3.RELEASE/spring-jcl-5.1.3.RELEASE.jar:/home/user/.m2/repository/org/springframework/spring-tx/5.1.3.RELEASE/spring-tx-5.1.3.RELEASE.jar:/home/user/.m2/repository/org/apache/hadoop/hadoop-ozone-client/0.5.0-SNAPSHOT/hadoop-ozone-client-0.5.0-SNAPSHOT.jar:/home/user/.m2/repository/commons-lang/commons-lang/2.6/commons-lang-2.6.jar:/home/user/.m2/repository/org/apache/hadoop/hadoop-ozone-ozone-manager/0.5.0-SNAPSHOT/hadoop-ozone-ozone-manager-0.5.0-SNAPSHOT-tests.jar:/home/user/.m2/repository/junit/junit/4.11/junit-4.11.jar:/home/user/.m2/repository/org/hamcrest/hamcrest-core/1.3/hamcrest-core-1.3.jar:/home/user/.m2/repository/org/openjdk/jmh/jmh-core/1.19/jmh-core-1.19.jar:/home/user/.m2/repository/net/sf/jopt-simple/jopt-simple/4.6/jopt-simple-4.6.jar:/home/user/.m2/repository/org/apache/commons/commons-math3/3.1.1/commons-math3-3.1.1.jar:/home/user/.m2/repository/org/openjdk/jmh/jmh-generator-annprocess/1.19/jmh-generator-annprocess-1.19.jar:/home/user/.m2/repository/org/mockito/mockito-all/1.8.5/mockito-all-1.8.5.jar:/home/user/.m2/repository/org/apache/hadoop/hadoop-kms/3.2.0/hadoop-kms-3.2.0.jar:/home/user/.m2/repository/org/apache/hadoop/hadoop-auth/3.2.0/hadoop-auth-3.2.0.jar:/home/user/.m2/repository/com/nimbusds/nimbus-jose-jwt/4.41.1/nimbus-jose-jwt-4.41.1.jar:/home/user/.m2/repository/com/github/stephenc/jcip/jcip-annotations/1.0-1/jcip-annotations-1.0-1.jar:/home/user/.m2/repository/net/minidev/json-smart/2.3/json-smart-2.3.jar:/home/user/.m2/repository/net/minidev/accessors-smart/1.2/accessors-smart-1.2.jar:/home/user/.m2/repository/org/ow2/asm/asm/5.0.4/asm-5.0.4.jar:/home/user/.m2/repository/org/apache/curator/curator-framework/2.12.0/curator-framework-2.12.0.jar:/home/user/.m2/repository/com/sun/jersey/jersey-core/1.19/jersey-core-1.19.jar:/home/user/.m2/repository/javax/ws/rs/jsr311-api/1.1.1/jsr311-api-1.1.1.jar:/home/user/.m2/repository/com/sun/jersey/jersey-server/1.19/jersey-server-1.19.jar:/home/user/.m2/repository/javax/servlet/javax.servlet-api/3.1.0/javax.servlet-api-3.1.0.jar:/home/user/.m2/repository/org/eclipse/jetty/jetty-server/9.3.24.v20180605/jetty-server-9.3.24.v20180605.jar:/home/user/.m2/repository/org/eclipse/jetty/jetty-http/9.3.24.v20180605/jetty-http-9.3.24.v20180605.jar:/home/user/.m2/repository/org/eclipse/jetty/jetty-io/9.3.24.v20180605/jetty-io-9.3.24.v20180605.jar:/home/user/.m2/repository/org/eclipse/jetty/jetty-webapp/9.3.24.v20180605/jetty-webapp-9.3.24.v20180605.jar:/home/user/.m2/repository/org/eclipse/jetty/jetty-xml/9.3.24.v20180605/jetty-xml-9.3.24.v20180605.jar:/home/user/.m2/repository/log4j/log4j/1.2.17/log4j-1.2.17.jar:/home/user/.m2/repository/org/slf4j/slf4j-api/1.7.25/slf4j-api-1.7.25.jar:/home/user/.m2/repository/org/slf4j/jul-to-slf4j/1.7.25/jul-to-slf4j-1.7.25.jar:/home/user/.m2/repository/org/eclipse/jetty/jetty-util/9.3.24.v20180605/jetty-util-9.3.24.v20180605.jar:/home/user/.m2/repository/com/fasterxml/jackson/core/jackson-databind/2.9.5/jackson-databind-2.9.5.jar:/home/user/.m2/repository/org/apache/hadoop/hadoop-kms/3.2.0/hadoop-kms-3.2.0-tests.jar:/home/user/.m2/repository/org/apache/hadoop/hadoop-hdds-server-scm/0.5.0-SNAPSHOT/hadoop-hdds-server-scm-0.5.0-SNAPSHOT-tests.jar:/home/user/.m2/repository/org/apache/hadoop/hadoop-hdds-container-service/0.5.0-SNAPSHOT/hadoop-hdds-container-service-0.5.0-SNAPSHOT-tests.jar:/home/user/.m2/repository/org/yaml/snakeyaml/1.16/snakeyaml-1.16.jar:/home/user/.m2/repository/org/apache/hadoop/hadoop-common/3.2.0/hadoop-common-3.2.0-tests.jar:/home/user/.m2/repository/org/apache/hadoop/hadoop-annotations/3.2.0/hadoop-annotations-3.2.0.jar:/usr/lib/jvm/java-1.8-openjdk/jre/../lib/tools.jar:/home/user/.m2/repository/commons-cli/commons-cli/1.2/commons-cli-1.2.jar:/home/user/.m2/repository/org/apache/httpcomponents/httpclient/4.5.2/httpclient-4.5.2.jar:/home/user/.m2/repository/org/apache/httpcomponents/httpcore/4.4.4/httpcore-4.4.4.jar:/home/user/.m2/repository/commons-codec/commons-codec/1.11/commons-codec-1.11.jar:/home/user/.m2/repository/commons-net/commons-net/3.6/commons-net-3.6.jar:/home/user/.m2/repository/commons-collections/commons-collections/3.2.2/commons-collections-3.2.2.jar:/home/user/.m2/repository/org/eclipse/jetty/jetty-servlet/9.3.24.v20180605/jetty-servlet-9.3.24.v20180605.jar:/home/user/.m2/repository/org/eclipse/jetty/jetty-security/9.3.24.v20180605/jetty-security-9.3.24.v20180605.jar:/home/user/.m2/repository/javax/servlet/jsp/jsp-api/2.1/jsp-api-2.1.jar:/home/user/.m2/repository/com/sun/jersey/jersey-servlet/1.19/jersey-servlet-1.19.jar:/home/user/.m2/repository/com/sun/jersey/jersey-json/1.19/jersey-json-1.19.jar:/home/user/.m2/repository/org/codehaus/jettison/jettison/1.1/jettison-1.1.jar:/home/user/.m2/repository/org/codehaus/jackson/jackson-core-asl/1.9.13/jackson-core-asl-1.9.13.jar:/home/user/.m2/repository/org/codehaus/jackson/jackson-mapper-asl/1.9.13/jackson-mapper-asl-1.9.13.jar:/home/user/.m2/repository/org/codehaus/jackson/jackson-jaxrs/1.9.13/jackson-jaxrs-1.9.13.jar:/home/user/.m2/repository/org/codehaus/jackson/jackson-xc/1.9.13/jackson-xc-1.9.13.jar:/home/user/.m2/repository/commons-logging/commons-logging/1.1.3/commons-logging-1.1.3.jar:/home/user/.m2/repository/commons-beanutils/commons-beanutils/1.9.3/commons-beanutils-1.9.3.jar:/home/user/.m2/repository/org/apache/commons/commons-configuration2/2.1.1/commons-configuration2-2.1.1.jar:/home/user/.m2/repository/org/apache/commons/commons-lang3/3.7/commons-lang3-3.7.jar:/home/user/.m2/repository/org/apache/commons/commons-text/1.4/commons-text-1.4.jar:/home/user/.m2/repository/org/apache/avro/avro/1.7.7/avro-1.7.7.jar:/home/user/.m2/repository/com/thoughtworks/paranamer/paranamer/2.3/paranamer-2.3.jar:/home/user/.m2/repository/org/xerial/snappy/snappy-java/1.0.5/snappy-java-1.0.5.jar:/home/user/.m2/repository/com/google/re2j/re2j/1.1/re2j-1.1.jar:/home/user/.m2/repository/com/google/code/gson/gson/2.2.4/gson-2.2.4.jar:/home/user/.m2/repository/com/jcraft/jsch/0.1.54/jsch-0.1.54.jar:/home/user/.m2/repository/org/apache/curator/curator-client/2.12.0/curator-client-2.12.0.jar:/home/user/.m2/repository/org/apache/curator/curator-recipes/2.12.0/curator-recipes-2.12.0.jar:/home/user/.m2/repository/com/google/code/findbugs/jsr305/3.0.0/jsr305-3.0.0.jar:/home/user/.m2/repository/org/apache/htrace/htrace-core4/4.1.0-incubating/htrace-core4-4.1.0-incubating.jar:/home/user/.m2/repository/org/apache/zookeeper/zookeeper/3.4.13/zookeeper-3.4.13.jar:/home/user/.m2/repository/org/apache/yetus/audience-annotations/0.5.0/audience-annotations-0.5.0.jar:/home/user/.m2/repository/org/codehaus/woodstox/stax2-api/3.1.4/stax2-api-3.1.4.jar:/home/user/.m2/repository/com/fasterxml/woodstox/woodstox-core/5.0.3/woodstox-core-5.0.3.jar:/home/user/.m2/repository/dnsjava/dnsjava/2.1.7/dnsjava-2.1.7.jar:/home/user/.m2/repository/org/apache/hadoop/hadoop-hdfs/3.2.0/hadoop-hdfs-3.2.0-tests.jar:/home/user/.m2/repository/org/eclipse/jetty/jetty-util-ajax/9.3.24.v20180605/jetty-util-ajax-9.3.24.v20180605.jar:/home/user/.m2/repository/commons-daemon/commons-daemon/1.0.13/commons-daemon-1.0.13.jar:/home/user/.m2/repository/io/netty/netty/3.10.5.Final/netty-3.10.5.Final.jar:/home/user/.m2/repository/io/netty/netty-all/4.0.52.Final/netty-all-4.0.52.Final.jar:/home/user/.m2/repository/org/fusesource/leveldbjni/leveldbjni-all/1.8/leveldbjni-all-1.8.jar:"/>
    <property name="sun.cpu.endian" value="little"/>
    <property name="user.home" value="/home/user"/>
    <property name="user.language" value="en"/>
    <property name="java.specification.vendor" value="Oracle Corporation"/>
    <property name="java.home" value="/usr/lib/jvm/java-1.8-openjdk/jre"/>
    <property name="java.security.krb5.conf" value="/tmp/workdir/hadoop-ozone/integration-test/target/test-classes/krb5.conf"/>
    <property name="basedir" value="/tmp/workdir/hadoop-ozone/integration-test"/>
    <property name="file.separator" value="/"/>
    <property name="line.separator" value="&#10;"/>
    <property name="java.vm.specification.vendor" value="Oracle Corporation"/>
    <property name="java.specification.name" value="Java Platform API Specification"/>
    <property name="java.awt.graphicsenv" value="sun.awt.X11GraphicsEnvironment"/>
    <property name="surefire.real.class.path" value="/tmp/workdir/hadoop-ozone/integration-test/target/surefire/surefirebooter2338558034208433589.jar"/>
    <property name="hadoop.log.dir" value="/tmp/workdir/hadoop-ozone/integration-test/target/log"/>
    <property name="sun.boot.class.path" value="/usr/lib/jvm/java-1.8-openjdk/jre/lib/resources.jar:/usr/lib/jvm/java-1.8-openjdk/jre/lib/rt.jar:/usr/lib/jvm/java-1.8-openjdk/jre/lib/sunrsasign.jar:/usr/lib/jvm/java-1.8-openjdk/jre/lib/jsse.jar:/usr/lib/jvm/java-1.8-openjdk/jre/lib/jce.jar:/usr/lib/jvm/java-1.8-openjdk/jre/lib/charsets.jar:/usr/lib/jvm/java-1.8-openjdk/jre/lib/jfr.jar:/usr/lib/jvm/java-1.8-openjdk/jre/classes"/>
    <property name="sun.management.compiler" value="HotSpot 64-Bit Tiered Compilers"/>
    <property name="java.runtime.version" value="1.8.0_212-b04"/>
    <property name="java.net.preferIPv4Stack" value="true"/>
    <property name="user.name" value="jenkins1000"/>
    <property name="path.separator" value=":"/>
    <property name="java.security.egd" value="file:///dev/urandom"/>
    <property name="os.version" value="3.10.0-957.12.2.el7.x86_64"/>
    <property name="java.endorsed.dirs" value="/usr/lib/jvm/java-1.8-openjdk/jre/lib/endorsed"/>
    <property name="java.runtime.name" value="OpenJDK Runtime Environment"/>
    <property name="file.encoding" value="UTF-8"/>
    <property name="java.vm.name" value="OpenJDK 64-Bit Server VM"/>
    <property name="test.build.webapps" value=""/>
    <property name="localRepository" value="/home/user/.m2/repository"/>
    <property name="java.vendor.url.bug" value="https://icedtea.classpath.org/bugzilla"/>
    <property name="java.io.tmpdir" value="/tmp"/>
    <property name="require.test.libhadoop" value=""/>
    <property name="java.version" value="1.8.0_212"/>
    <property name="user.dir" value="/tmp/workdir/hadoop-ozone/integration-test"/>
    <property name="os.arch" value="amd64"/>
    <property name="java.vm.specification.name" value="Java Virtual Machine Specification"/>
    <property name="test.build.classes" value="/tmp/workdir/hadoop-ozone/integration-test/target/test-classes"/>
    <property name="java.awt.printerjob" value="sun.print.PSPrinterJob"/>
    <property name="sun.os.patch.level" value="unknown"/>
    <property name="hadoop.tmp.dir" value="/tmp/workdir/hadoop-ozone/integration-test/target/tmp"/>
    <property name="java.library.path" value="/usr/lib/jvm/java-1.8-openjdk/jre/lib/amd64/server:/usr/lib/jvm/java-1.8-openjdk/jre/lib/amd64:/usr/lib/jvm/java-1.8-openjdk/jre/../lib/amd64:/tmp/workdir/hadoop-ozone/integration-test/target/native/target/usr/local/lib:/tmp/workdir/hadoop-ozone/integration-test/../../hadoop-common-project/hadoop-common/target/native/target/usr/local/lib:/usr/java/packages/lib/amd64:/usr/lib64:/lib64:/lib:/usr/lib"/>
    <property name="java.vm.info" value="mixed mode"/>
    <property name="java.vendor" value="IcedTea"/>
    <property name="java.vm.version" value="25.212-b04"/>
    <property name="java.ext.dirs" value="/usr/lib/jvm/java-1.8-openjdk/jre/lib/ext:/usr/java/packages/lib/ext"/>
    <property name="sun.io.unicode.encoding" value="UnicodeLittle"/>
    <property name="java.class.version" value="52.0"/>
  </properties>
  <testcase name="testContainerReplication" classname="org.apache.hadoop.ozone.client.rpc.TestContainerReplicationEndToEnd" time="4.976">
    <error message="Failed to update container state #1, reason: invalid state transition from state: CLOSING upon event: FINALIZE." type="org.apache.hadoop.hdds.scm.exceptions.SCMException">org.apache.hadoop.hdds.scm.exceptions.SCMException: Failed to update container state #1, reason: invalid state transition from state: CLOSING upon event: FINALIZE.
	at org.apache.hadoop.hdds.scm.container.ContainerStateManager.updateContainerState(ContainerStateManager.java:336)
	at org.apache.hadoop.hdds.scm.container.SCMContainerManager.updateContainerState(SCMContainerManager.java:312)
	at org.apache.hadoop.ozone.client.rpc.TestContainerReplicationEndToEnd.testContainerReplication(TestContainerReplicationEndToEnd.java:159)
	at sun.reflect.NativeMethodAccessorImpl.invoke0(Native Method)
	at sun.reflect.NativeMethodAccessorImpl.invoke(NativeMethodAccessorImpl.java:62)
	at sun.reflect.DelegatingMethodAccessorImpl.invoke(DelegatingMethodAccessorImpl.java:43)
	at java.lang.reflect.Method.invoke(Method.java:498)
	at org.junit.runners.model.FrameworkMethod$1.runReflectiveCall(FrameworkMethod.java:47)
	at org.junit.internal.runners.model.ReflectiveCallable.run(ReflectiveCallable.java:12)
	at org.junit.runners.model.FrameworkMethod.invokeExplosively(FrameworkMethod.java:44)
	at org.junit.internal.runners.statements.InvokeMethod.evaluate(InvokeMethod.java:17)
	at org.junit.runners.ParentRunner.runLeaf(ParentRunner.java:271)
	at org.junit.runners.BlockJUnit4ClassRunner.runChild(BlockJUnit4ClassRunner.java:70)
	at org.junit.runners.BlockJUnit4ClassRunner.runChild(BlockJUnit4ClassRunner.java:50)
	at org.junit.runners.ParentRunner$3.run(ParentRunner.java:238)
	at org.junit.runners.ParentRunner$1.schedule(ParentRunner.java:63)
	at org.junit.runners.ParentRunner.runChildren(ParentRunner.java:236)
	at org.junit.runners.ParentRunner.access$000(ParentRunner.java:53)
	at org.junit.runners.ParentRunner$2.evaluate(ParentRunner.java:229)
	at org.junit.internal.runners.statements.RunBefores.evaluate(RunBefores.java:26)
	at org.junit.internal.runners.statements.RunAfters.evaluate(RunAfters.java:27)
	at org.junit.runners.ParentRunner.run(ParentRunner.java:309)
	at org.apache.maven.surefire.junit4.JUnit4Provider.execute(JUnit4Provider.java:365)
	at org.apache.maven.surefire.junit4.JUnit4Provider.executeWithRerun(JUnit4Provider.java:273)
	at org.apache.maven.surefire.junit4.JUnit4Provider.executeTestSet(JUnit4Provider.java:238)
	at org.apache.maven.surefire.junit4.JUnit4Provider.invoke(JUnit4Provider.java:159)
	at org.apache.maven.surefire.booter.ForkedBooter.invokeProviderInSameClassLoader(ForkedBooter.java:384)
	at org.apache.maven.surefire.booter.ForkedBooter.runSuitesInProcess(ForkedBooter.java:345)
	at org.apache.maven.surefire.booter.ForkedBooter.execute(ForkedBooter.java:126)
	at org.apache.maven.surefire.booter.ForkedBooter.main(ForkedBooter.java:418)
</error>
    <system-out><![CDATA[2019-09-17 11:54:26,131 [main] WARN  server.ServerUtils (ServerUtils.java:getScmDbDir(145)) - ozone.scm.db.dirs is not configured. We recommend adding this setting. Falling back to ozone.metadata.dirs instead.
2019-09-17 11:54:26,255 [main] WARN  server.ServerUtils (ServerUtils.java:getScmDbDir(145)) - ozone.scm.db.dirs is not configured. We recommend adding this setting. Falling back to ozone.metadata.dirs instead.
2019-09-17 11:54:26,258 [main] WARN  server.ServerUtils (ServerUtils.java:getScmDbDir(145)) - ozone.scm.db.dirs is not configured. We recommend adding this setting. Falling back to ozone.metadata.dirs instead.
2019-09-17 11:54:26,277 [main] INFO  util.log (Log.java:initialized(192)) - Logging initialized @960ms
2019-09-17 11:54:26,390 [main] INFO  db.DBStoreBuilder (DBStoreBuilder.java:addTable(110)) - using custom profile for table: deletedBlocks
2019-09-17 11:54:26,391 [main] INFO  db.DBStoreBuilder (DBStoreBuilder.java:processTables(161)) - Using default column profile:DBProfile.DISK for Table:deletedBlocks
2019-09-17 11:54:26,392 [main] INFO  db.DBStoreBuilder (DBStoreBuilder.java:addTable(110)) - using custom profile for table: validCerts
2019-09-17 11:54:26,392 [main] INFO  db.DBStoreBuilder (DBStoreBuilder.java:processTables(161)) - Using default column profile:DBProfile.DISK for Table:validCerts
2019-09-17 11:54:26,393 [main] INFO  db.DBStoreBuilder (DBStoreBuilder.java:addTable(110)) - using custom profile for table: revokedCerts
2019-09-17 11:54:26,393 [main] INFO  db.DBStoreBuilder (DBStoreBuilder.java:processTables(161)) - Using default column profile:DBProfile.DISK for Table:revokedCerts
2019-09-17 11:54:26,408 [main] INFO  db.DBStoreBuilder (DBStoreBuilder.java:addTable(110)) - using custom profile for table: default
2019-09-17 11:54:26,409 [main] INFO  db.DBStoreBuilder (DBStoreBuilder.java:processTables(167)) - Using default column profile:DBProfile.DISK for Table:default
2019-09-17 11:54:26,410 [main] INFO  db.DBStoreBuilder (DBStoreBuilder.java:getDbProfile(198)) - Using default options. DBProfile.DISK
2019-09-17 11:54:26,673 [main] INFO  net.NodeSchemaLoader (NodeSchemaLoader.java:loadSchemaFromFile(125)) - Loading file from sun.misc.CompoundEnumeration@4218d6a3
2019-09-17 11:54:26,674 [main] INFO  net.NodeSchemaLoader (NodeSchemaLoader.java:loadSchema(171)) - Loading network topology layer schema file
2019-09-17 11:54:26,745 [main] INFO  node.SCMNodeManager (SCMNodeManager.java:<init>(114)) - Entering startup safe mode.
2019-09-17 11:54:26,819 [main] INFO  algorithms.ContainerPlacementPolicyFactory (ContainerPlacementPolicyFactory.java:getPolicy(57)) - Create container placement policy of type org.apache.hadoop.hdds.scm.container.placement.algorithms.SCMContainerPlacementRandom
2019-09-17 11:54:26,834 [main] WARN  server.ServerUtils (ServerUtils.java:getScmDbDir(145)) - ozone.scm.db.dirs is not configured. We recommend adding this setting. Falling back to ozone.metadata.dirs instead.
2019-09-17 11:54:26,899 [main] INFO  pipeline.SCMPipelineManager (SCMPipelineManager.java:initializePipelineState(128)) - No pipeline exists in current db
2019-09-17 11:54:26,903 [main] WARN  server.ServerUtils (ServerUtils.java:getScmDbDir(145)) - ozone.scm.db.dirs is not configured. We recommend adding this setting. Falling back to ozone.metadata.dirs instead.
2019-09-17 11:54:26,985 [main] INFO  Configuration.deprecation (Configuration.java:logDeprecation(1394)) - No unit for hdds.scm.replication.thread.interval(2000) assuming MILLISECONDS
2019-09-17 11:54:27,013 [main] WARN  events.EventQueue (EventQueue.java:fireEvent(183)) - No event handler registered for event TypedEvent{payloadType=SafeModeStatus, name='SafeModeStatus'}
2019-09-17 11:54:27,372 [main] INFO  ipc.CallQueueManager (CallQueueManager.java:<init>(84)) - Using callQueue: class java.util.concurrent.LinkedBlockingQueue, queueCapacity: 2000, scheduler: class org.apache.hadoop.ipc.DefaultRpcScheduler, ipcBackoff: false.
2019-09-17 11:54:27,399 [Socket Reader #1 for port 41187] INFO  ipc.Server (Server.java:run(1074)) - Starting Socket Reader #1 for port 41187
2019-09-17 11:54:27,566 [main] INFO  ipc.CallQueueManager (CallQueueManager.java:<init>(84)) - Using callQueue: class java.util.concurrent.LinkedBlockingQueue, queueCapacity: 2000, scheduler: class org.apache.hadoop.ipc.DefaultRpcScheduler, ipcBackoff: false.
2019-09-17 11:54:27,567 [Socket Reader #1 for port 39185] INFO  ipc.Server (Server.java:run(1074)) - Starting Socket Reader #1 for port 39185
2019-09-17 11:54:27,579 [main] INFO  ipc.CallQueueManager (CallQueueManager.java:<init>(84)) - Using callQueue: class java.util.concurrent.LinkedBlockingQueue, queueCapacity: 2000, scheduler: class org.apache.hadoop.ipc.DefaultRpcScheduler, ipcBackoff: false.
2019-09-17 11:54:27,580 [Socket Reader #1 for port 35870] INFO  ipc.Server (Server.java:run(1074)) - Starting Socket Reader #1 for port 35870
2019-09-17 11:54:27,604 [main] INFO  hdfs.DFSUtil (DFSUtil.java:httpServerTemplateForNNAndJN(1641)) - Starting Web-server for scm at: http://0.0.0.0:0
2019-09-17 11:54:27,750 [main] INFO  server.AuthenticationFilter (AuthenticationFilter.java:constructSecretProvider(240)) - Unable to initialize FileSignerSecretProvider, falling back to use random secrets.
2019-09-17 11:54:27,758 [main] WARN  http.HttpRequestLog (HttpRequestLog.java:getRequestLog(97)) - Jetty request log can only be enabled using Log4j
2019-09-17 11:54:27,766 [main] INFO  http.HttpServer2 (HttpServer2.java:addGlobalFilter(975)) - Added global filter 'safety' (class=org.apache.hadoop.http.HttpServer2$QuotingInputFilter)
2019-09-17 11:54:27,769 [main] INFO  http.HttpServer2 (HttpServer2.java:addFilter(948)) - Added filter static_user_filter (class=org.apache.hadoop.http.lib.StaticUserWebFilter$StaticUserFilter) to context scm
2019-09-17 11:54:27,769 [main] INFO  http.HttpServer2 (HttpServer2.java:addFilter(958)) - Added filter static_user_filter (class=org.apache.hadoop.http.lib.StaticUserWebFilter$StaticUserFilter) to context static
2019-09-17 11:54:27,769 [main] INFO  http.HttpServer2 (HttpServer2.java:addFilter(958)) - Added filter static_user_filter (class=org.apache.hadoop.http.lib.StaticUserWebFilter$StaticUserFilter) to context logs
2019-09-17 11:54:27,800 [main] INFO  server.StorageContainerManager (StorageContainerManager.java:start(763)) - StorageContainerLocationProtocol RPC server is listening at /0.0.0.0:35870
2019-09-17 11:54:27,863 [main] WARN  impl.MetricsConfig (MetricsConfig.java:loadFirst(134)) - Cannot locate configuration: tried hadoop-metrics2-storagecontainermanager.properties,hadoop-metrics2.properties
2019-09-17 11:54:27,876 [main] INFO  impl.MetricsSystemImpl (MetricsSystemImpl.java:startTimer(374)) - Scheduled Metric snapshot period at 10 second(s).
2019-09-17 11:54:27,876 [main] INFO  impl.MetricsSystemImpl (MetricsSystemImpl.java:start(191)) - StorageContainerManager metrics system started
2019-09-17 11:54:28,092 [main] INFO  server.SCMClientProtocolServer (SCMClientProtocolServer.java:start(151)) - RPC server for Client  is listening at /0.0.0.0:35870
2019-09-17 11:54:28,093 [IPC Server Responder] INFO  ipc.Server (Server.java:run(1314)) - IPC Server Responder: starting
2019-09-17 11:54:28,093 [IPC Server listener on 35870] INFO  ipc.Server (Server.java:run(1153)) - IPC Server listener on 35870: starting
2019-09-17 11:54:28,094 [main] INFO  server.StorageContainerManager (StorageContainerManager.java:start(773)) - ScmBlockLocationProtocol RPC server is listening at /0.0.0.0:39185
2019-09-17 11:54:28,096 [main] INFO  server.SCMBlockProtocolServer (SCMBlockProtocolServer.java:start(146)) - RPC server for Block Protocol is listening at /0.0.0.0:39185
2019-09-17 11:54:28,096 [IPC Server Responder] INFO  ipc.Server (Server.java:run(1314)) - IPC Server Responder: starting
2019-09-17 11:54:28,096 [IPC Server listener on 39185] INFO  ipc.Server (Server.java:run(1153)) - IPC Server listener on 39185: starting
2019-09-17 11:54:28,098 [main] INFO  server.StorageContainerManager (StorageContainerManager.java:start(777)) - ScmDatanodeProtocl RPC server is listening at /0.0.0.0:41187
2019-09-17 11:54:28,098 [main] INFO  server.SCMDatanodeProtocolServer (SCMDatanodeProtocolServer.java:start(191)) - RPC server for DataNodes is listening at /0.0.0.0:41187
2019-09-17 11:54:28,098 [IPC Server Responder] INFO  ipc.Server (Server.java:run(1314)) - IPC Server Responder: starting
2019-09-17 11:54:28,098 [IPC Server listener on 41187] INFO  ipc.Server (Server.java:run(1153)) - IPC Server listener on 41187: starting
2019-09-17 11:54:28,101 [main] INFO  http.HttpServer2 (HttpServer2.java:bindListener(1191)) - Jetty bound to port 39622
2019-09-17 11:54:28,103 [main] INFO  server.Server (Server.java:doStart(351)) - jetty-9.3.24.v20180605, build timestamp: 2018-06-05T17:11:56Z, git hash: 84205aa28f11a4f31f2a3b86d1bba2cc8ab69827
2019-09-17 11:54:28,140 [main] INFO  handler.ContextHandler (ContextHandler.java:doStart(781)) - Started o.e.j.s.ServletContextHandler@45815ffc{/logs,file:///tmp/workdir/hadoop-ozone/integration-test/target/log,AVAILABLE}
2019-09-17 11:54:28,140 [main] INFO  handler.ContextHandler (ContextHandler.java:doStart(781)) - Started o.e.j.s.ServletContextHandler@d3957fe{/static,file:///tmp/workdir/hadoop-ozone/integration-test/target/test-classes/webapps/static,AVAILABLE}
2019-09-17 11:54:28,173 [main] INFO  handler.ContextHandler (ContextHandler.java:doStart(781)) - Started o.e.j.w.WebAppContext@4cc547a{/,file:///tmp/workdir/hadoop-ozone/integration-test/target/test-classes/webapps/scm/,AVAILABLE}{/scm}
2019-09-17 11:54:28,179 [main] INFO  server.AbstractConnector (AbstractConnector.java:doStart(278)) - Started ServerConnector@3574e198{HTTP/1.1,[http/1.1]}{0.0.0.0:39622}
2019-09-17 11:54:28,179 [main] INFO  server.Server (Server.java:doStart(419)) - Started @2862ms
2019-09-17 11:54:28,181 [main] INFO  impl.MetricsSinkAdapter (MetricsSinkAdapter.java:start(204)) - Sink prometheus started
2019-09-17 11:54:28,181 [main] INFO  impl.MetricsSystemImpl (MetricsSystemImpl.java:registerSink(301)) - Registered sink prometheus
2019-09-17 11:54:28,183 [main] INFO  server.BaseHttpServer (BaseHttpServer.java:updateConnectorAddress(215)) - HTTP server of SCM is listening at http://0.0.0.0:39622
2019-09-17 11:54:28,187 [org.apache.hadoop.util.JvmPauseMonitor$Monitor@67427b69] INFO  util.JvmPauseMonitor (JvmPauseMonitor.java:run(188)) - Starting JVM pause monitor
2019-09-17 11:54:28,190 [main] WARN  server.ServerUtils (ServerUtils.java:getDBPath(222)) - ozone.om.db.dirs is not configured. We recommend adding this setting. Falling back to ozone.metadata.dirs instead.
2019-09-17 11:54:28,287 [main] WARN  server.ServerUtils (ServerUtils.java:getDBPath(222)) - ozone.om.db.dirs is not configured. We recommend adding this setting. Falling back to ozone.metadata.dirs instead.
2019-09-17 11:54:28,288 [main] WARN  server.ServerUtils (ServerUtils.java:getDBPath(222)) - ozone.om.db.dirs is not configured. We recommend adding this setting. Falling back to ozone.metadata.dirs instead.
2019-09-17 11:54:28,288 [main] INFO  om.OzoneManager (OzoneManager.java:setOMNodeDetails(649)) - OM Service ID is not set. Setting it to the default ID: omServiceIdDefault
2019-09-17 11:54:28,289 [main] INFO  om.OzoneManager (OzoneManager.java:setOMNodeDetails(655)) - OM Node ID is not set. Setting it to the OmStorage's OmID: ee545c29-88a0-4b99-94c8-b3cdbf538cbc
2019-09-17 11:54:28,290 [main] INFO  om.OzoneManager (OzoneManager.java:loadOMHAConfigs(606)) - Found matching OM address with OMServiceId: null, OMNodeId: null, RPC Address: localhost:0 and Ratis port: 9872
2019-09-17 11:54:28,988 [main] WARN  server.ServerUtils (ServerUtils.java:getDBPath(222)) - ozone.om.db.dirs is not configured. We recommend adding this setting. Falling back to ozone.metadata.dirs instead.
2019-09-17 11:54:28,998 [main] INFO  db.DBStoreBuilder (DBStoreBuilder.java:addTable(110)) - using custom profile for table: userTable
2019-09-17 11:54:28,998 [main] INFO  db.DBStoreBuilder (DBStoreBuilder.java:processTables(161)) - Using default column profile:DBProfile.DISK for Table:userTable
2019-09-17 11:54:28,999 [main] INFO  db.DBStoreBuilder (DBStoreBuilder.java:addTable(110)) - using custom profile for table: volumeTable
2019-09-17 11:54:28,999 [main] INFO  db.DBStoreBuilder (DBStoreBuilder.java:processTables(161)) - Using default column profile:DBProfile.DISK for Table:volumeTable
2019-09-17 11:54:28,999 [main] INFO  db.DBStoreBuilder (DBStoreBuilder.java:addTable(110)) - using custom profile for table: bucketTable
2019-09-17 11:54:29,000 [main] INFO  db.DBStoreBuilder (DBStoreBuilder.java:processTables(161)) - Using default column profile:DBProfile.DISK for Table:bucketTable
2019-09-17 11:54:29,000 [main] INFO  db.DBStoreBuilder (DBStoreBuilder.java:addTable(110)) - using custom profile for table: keyTable
2019-09-17 11:54:29,000 [main] INFO  db.DBStoreBuilder (DBStoreBuilder.java:processTables(161)) - Using default column profile:DBProfile.DISK for Table:keyTable
2019-09-17 11:54:29,001 [main] INFO  db.DBStoreBuilder (DBStoreBuilder.java:addTable(110)) - using custom profile for table: deletedTable
2019-09-17 11:54:29,001 [main] INFO  db.DBStoreBuilder (DBStoreBuilder.java:processTables(161)) - Using default column profile:DBProfile.DISK for Table:deletedTable
2019-09-17 11:54:29,002 [main] INFO  db.DBStoreBuilder (DBStoreBuilder.java:addTable(110)) - using custom profile for table: openKeyTable
2019-09-17 11:54:29,002 [main] INFO  db.DBStoreBuilder (DBStoreBuilder.java:processTables(161)) - Using default column profile:DBProfile.DISK for Table:openKeyTable
2019-09-17 11:54:29,002 [main] INFO  db.DBStoreBuilder (DBStoreBuilder.java:addTable(110)) - using custom profile for table: s3Table
2019-09-17 11:54:29,002 [main] INFO  db.DBStoreBuilder (DBStoreBuilder.java:processTables(161)) - Using default column profile:DBProfile.DISK for Table:s3Table
2019-09-17 11:54:29,003 [main] INFO  db.DBStoreBuilder (DBStoreBuilder.java:addTable(110)) - using custom profile for table: multipartInfoTable
2019-09-17 11:54:29,003 [main] INFO  db.DBStoreBuilder (DBStoreBuilder.java:processTables(161)) - Using default column profile:DBProfile.DISK for Table:multipartInfoTable
2019-09-17 11:54:29,004 [main] INFO  db.DBStoreBuilder (DBStoreBuilder.java:addTable(110)) - using custom profile for table: dTokenTable
2019-09-17 11:54:29,004 [main] INFO  db.DBStoreBuilder (DBStoreBuilder.java:processTables(161)) - Using default column profile:DBProfile.DISK for Table:dTokenTable
2019-09-17 11:54:29,004 [main] INFO  db.DBStoreBuilder (DBStoreBuilder.java:addTable(110)) - using custom profile for table: s3SecretTable
2019-09-17 11:54:29,004 [main] INFO  db.DBStoreBuilder (DBStoreBuilder.java:processTables(161)) - Using default column profile:DBProfile.DISK for Table:s3SecretTable
2019-09-17 11:54:29,005 [main] INFO  db.DBStoreBuilder (DBStoreBuilder.java:addTable(110)) - using custom profile for table: prefixTable
2019-09-17 11:54:29,005 [main] INFO  db.DBStoreBuilder (DBStoreBuilder.java:processTables(161)) - Using default column profile:DBProfile.DISK for Table:prefixTable
2019-09-17 11:54:29,006 [main] INFO  db.DBStoreBuilder (DBStoreBuilder.java:addTable(110)) - using custom profile for table: default
2019-09-17 11:54:29,006 [main] INFO  db.DBStoreBuilder (DBStoreBuilder.java:processTables(167)) - Using default column profile:DBProfile.DISK for Table:default
2019-09-17 11:54:29,006 [main] INFO  db.DBStoreBuilder (DBStoreBuilder.java:getDbProfile(198)) - Using default options. DBProfile.DISK
2019-09-17 11:54:29,551 [main] INFO  ipc.CallQueueManager (CallQueueManager.java:<init>(84)) - Using callQueue: class java.util.concurrent.LinkedBlockingQueue, queueCapacity: 2000, scheduler: class org.apache.hadoop.ipc.DefaultRpcScheduler, ipcBackoff: false.
2019-09-17 11:54:29,552 [Socket Reader #1 for port 38797] INFO  ipc.Server (Server.java:run(1074)) - Starting Socket Reader #1 for port 38797
2019-09-17 11:54:29,574 [main] INFO  om.OzoneManager (OzoneManager.java:start(1240)) - OzoneManager RPC server is listening at localhost/127.0.0.1:38797
2019-09-17 11:54:29,575 [main] INFO  impl.MetricsSystemImpl (MetricsSystemImpl.java:init(158)) - OzoneManager metrics system started (again)
2019-09-17 11:54:29,576 [IPC Server Responder] INFO  ipc.Server (Server.java:run(1314)) - IPC Server Responder: starting
2019-09-17 11:54:29,576 [IPC Server listener on 38797] INFO  ipc.Server (Server.java:run(1153)) - IPC Server listener on 38797: starting
2019-09-17 11:54:29,581 [main] INFO  hdfs.DFSUtil (DFSUtil.java:httpServerTemplateForNNAndJN(1641)) - Starting Web-server for ozoneManager at: http://0.0.0.0:0
2019-09-17 11:54:29,582 [main] INFO  server.AuthenticationFilter (AuthenticationFilter.java:constructSecretProvider(240)) - Unable to initialize FileSignerSecretProvider, falling back to use random secrets.
2019-09-17 11:54:29,583 [main] WARN  http.HttpRequestLog (HttpRequestLog.java:getRequestLog(97)) - Jetty request log can only be enabled using Log4j
2019-09-17 11:54:29,585 [main] INFO  http.HttpServer2 (HttpServer2.java:addGlobalFilter(975)) - Added global filter 'safety' (class=org.apache.hadoop.http.HttpServer2$QuotingInputFilter)
2019-09-17 11:54:29,586 [main] INFO  http.HttpServer2 (HttpServer2.java:addFilter(948)) - Added filter static_user_filter (class=org.apache.hadoop.http.lib.StaticUserWebFilter$StaticUserFilter) to context ozoneManager
2019-09-17 11:54:29,586 [main] INFO  http.HttpServer2 (HttpServer2.java:addFilter(958)) - Added filter static_user_filter (class=org.apache.hadoop.http.lib.StaticUserWebFilter$StaticUserFilter) to context logs
2019-09-17 11:54:29,586 [main] INFO  http.HttpServer2 (HttpServer2.java:addFilter(958)) - Added filter static_user_filter (class=org.apache.hadoop.http.lib.StaticUserWebFilter$StaticUserFilter) to context static
2019-09-17 11:54:29,588 [main] INFO  http.HttpServer2 (HttpServer2.java:bindListener(1191)) - Jetty bound to port 36263
2019-09-17 11:54:29,589 [main] INFO  server.Server (Server.java:doStart(351)) - jetty-9.3.24.v20180605, build timestamp: 2018-06-05T17:11:56Z, git hash: 84205aa28f11a4f31f2a3b86d1bba2cc8ab69827
2019-09-17 11:54:29,590 [main] INFO  handler.ContextHandler (ContextHandler.java:doStart(781)) - Started o.e.j.s.ServletContextHandler@6c37bd27{/logs,file:///tmp/workdir/hadoop-ozone/integration-test/target/log,AVAILABLE}
2019-09-17 11:54:29,591 [main] INFO  handler.ContextHandler (ContextHandler.java:doStart(781)) - Started o.e.j.s.ServletContextHandler@30331109{/static,file:///tmp/workdir/hadoop-ozone/integration-test/target/test-classes/webapps/static,AVAILABLE}
2019-09-17 11:54:29,596 [main] INFO  handler.ContextHandler (ContextHandler.java:doStart(781)) - Started o.e.j.w.WebAppContext@66e889df{/,file:///tmp/workdir/hadoop-ozone/integration-test/target/test-classes/webapps/ozoneManager/,AVAILABLE}{/ozoneManager}
2019-09-17 11:54:29,597 [main] INFO  server.AbstractConnector (AbstractConnector.java:doStart(278)) - Started ServerConnector@444548a0{HTTP/1.1,[http/1.1]}{0.0.0.0:36263}
2019-09-17 11:54:29,598 [main] INFO  server.Server (Server.java:doStart(419)) - Started @4281ms
2019-09-17 11:54:29,598 [main] WARN  impl.MetricsSystemImpl (MetricsSystemImpl.java:register(276)) - Sink prometheus already exists!
2019-09-17 11:54:29,599 [main] INFO  server.BaseHttpServer (BaseHttpServer.java:updateConnectorAddress(215)) - HTTP server of OZONEMANAGER is listening at http://0.0.0.0:36263
2019-09-17 11:54:29,881 [main] INFO  impl.MetricsSystemImpl (MetricsSystemImpl.java:init(158)) - HddsDatanode metrics system started (again)
2019-09-17 11:54:29,936 [main] INFO  ozone.HddsDatanodeService (HddsDatanodeService.java:start(184)) - HddsDatanodeService host:pr-hdds-2121-5jcdq-2838215776 ip:192.168.157.219
2019-09-17 11:54:29,970 [main] INFO  volume.HddsVolume (HddsVolume.java:<init>(176)) - Creating Volume: /tmp/workdir/hadoop-ozone/integration-test/target/test-dir/MiniOzoneClusterImpl-6cd9616a-8204-4d25-9f97-41c3104ff346/datanode-0/data/containers/hdds of  storage type : DISK and capacity : 1482555576320
2019-09-17 11:54:29,973 [main] INFO  volume.VolumeSet (VolumeSet.java:initializeVolumeSet(170)) - Added Volume : /tmp/workdir/hadoop-ozone/integration-test/target/test-dir/MiniOzoneClusterImpl-6cd9616a-8204-4d25-9f97-41c3104ff346/datanode-0/data/containers/hdds to VolumeSet
2019-09-17 11:54:29,977 [main] INFO  volume.ThrottledAsyncChecker (ThrottledAsyncChecker.java:schedule(139)) - Scheduling a check for org.apache.hadoop.ozone.container.common.volume.HddsVolume@3c6aa04a
2019-09-17 11:54:29,998 [main] INFO  volume.HddsVolumeChecker (HddsVolumeChecker.java:checkAllVolumes(202)) - Scheduled health check for volume org.apache.hadoop.ozone.container.common.volume.HddsVolume@3c6aa04a
2019-09-17 11:54:30,112 [main] INFO  impl.RaftServerProxy (ConfUtils.java:logGet(43)) - raft.rpc.type = GRPC (default)
2019-09-17 11:54:30,178 [main] INFO  grpc.GrpcFactory (GrpcFactory.java:checkPooledByteBufAllocatorUseCacheForAllThreads(45)) - PERFORMANCE WARNING: useCacheForAllThreads is true that may cause Netty to create a lot garbage objects and, as a result, trigger GC.
	It is recommended to disable useCacheForAllThreads by setting -Dorg.apache.ratis.thirdparty.io.netty.allocator.useCacheForAllThreads=false in command line.
2019-09-17 11:54:30,183 [main] INFO  grpc.GrpcConfigKeys$Server (ConfUtils.java:logGet(43)) - raft.grpc.server.port = 0 (default)
2019-09-17 11:54:30,184 [main] INFO  server.GrpcService (ConfUtils.java:logGet(43)) - raft.grpc.message.size.max = 33570816 (custom)
2019-09-17 11:54:30,185 [main] INFO  server.RaftServerConfigKeys (ConfUtils.java:logGet(43)) - raft.server.log.appender.buffer.byte-limit = 33554432 (custom)
2019-09-17 11:54:30,186 [main] INFO  server.GrpcService (ConfUtils.java:logGet(43)) - raft.grpc.flow.control.window = 1MB (=1048576) (default)
2019-09-17 11:54:30,187 [main] INFO  server.RaftServerConfigKeys (ConfUtils.java:logGet(43)) - raft.server.rpc.request.timeout = 3000ms (default)
2019-09-17 11:54:30,350 [main] INFO  server.RaftServerConfigKeys (ConfUtils.java:logGet(43)) - raft.server.storage.dir = [/tmp/workdir/hadoop-ozone/integration-test/target/test-dir/MiniOzoneClusterImpl-6cd9616a-8204-4d25-9f97-41c3104ff346/datanode-0/data/ratis] (custom)
2019-09-17 11:54:30,402 [main] INFO  hdfs.DFSUtil (DFSUtil.java:httpServerTemplateForNNAndJN(1641)) - Starting Web-server for hddsDatanode at: http://0.0.0.0:0
2019-09-17 11:54:30,405 [main] INFO  server.AuthenticationFilter (AuthenticationFilter.java:constructSecretProvider(240)) - Unable to initialize FileSignerSecretProvider, falling back to use random secrets.
2019-09-17 11:54:30,406 [main] WARN  http.HttpRequestLog (HttpRequestLog.java:getRequestLog(97)) - Jetty request log can only be enabled using Log4j
2019-09-17 11:54:30,409 [main] INFO  http.HttpServer2 (HttpServer2.java:addGlobalFilter(975)) - Added global filter 'safety' (class=org.apache.hadoop.http.HttpServer2$QuotingInputFilter)
2019-09-17 11:54:30,410 [main] INFO  http.HttpServer2 (HttpServer2.java:addFilter(948)) - Added filter static_user_filter (class=org.apache.hadoop.http.lib.StaticUserWebFilter$StaticUserFilter) to context hddsDatanode
2019-09-17 11:54:30,410 [main] INFO  http.HttpServer2 (HttpServer2.java:addFilter(958)) - Added filter static_user_filter (class=org.apache.hadoop.http.lib.StaticUserWebFilter$StaticUserFilter) to context static
2019-09-17 11:54:30,411 [main] INFO  http.HttpServer2 (HttpServer2.java:addFilter(958)) - Added filter static_user_filter (class=org.apache.hadoop.http.lib.StaticUserWebFilter$StaticUserFilter) to context logs
2019-09-17 11:54:30,412 [main] INFO  http.HttpServer2 (HttpServer2.java:bindListener(1191)) - Jetty bound to port 45843
2019-09-17 11:54:30,413 [main] INFO  server.Server (Server.java:doStart(351)) - jetty-9.3.24.v20180605, build timestamp: 2018-06-05T17:11:56Z, git hash: 84205aa28f11a4f31f2a3b86d1bba2cc8ab69827
2019-09-17 11:54:30,415 [main] INFO  handler.ContextHandler (ContextHandler.java:doStart(781)) - Started o.e.j.s.ServletContextHandler@1229a2b7{/logs,file:///tmp/workdir/hadoop-ozone/integration-test/target/log,AVAILABLE}
2019-09-17 11:54:30,416 [main] INFO  handler.ContextHandler (ContextHandler.java:doStart(781)) - Started o.e.j.s.ServletContextHandler@51c959a4{/static,jar:file:/home/user/.m2/repository/org/apache/hadoop/hadoop-hdds-container-service/0.5.0-SNAPSHOT/hadoop-hdds-container-service-0.5.0-SNAPSHOT.jar!/webapps/static,AVAILABLE}
2019-09-17 11:54:30,467 [main] INFO  handler.ContextHandler (ContextHandler.java:doStart(781)) - Started o.e.j.w.WebAppContext@70228253{/,file:///tmp/jetty-0.0.0.0-45843-hddsDatanode-_-any-7304069919483175184.dir/webapp/,AVAILABLE}{/hddsDatanode}
2019-09-17 11:54:30,468 [main] INFO  server.AbstractConnector (AbstractConnector.java:doStart(278)) - Started ServerConnector@63c12e52{HTTP/1.1,[http/1.1]}{0.0.0.0:45843}
2019-09-17 11:54:30,468 [main] INFO  server.Server (Server.java:doStart(419)) - Started @5151ms
2019-09-17 11:54:30,470 [main] WARN  impl.MetricsSystemImpl (MetricsSystemImpl.java:register(276)) - Sink prometheus already exists!
2019-09-17 11:54:30,471 [main] INFO  server.BaseHttpServer (BaseHttpServer.java:updateConnectorAddress(215)) - HTTP server of HDDSDATANODE is listening at http://0.0.0.0:45843
2019-09-17 11:54:30,472 [main] INFO  impl.MetricsSystemImpl (MetricsSystemImpl.java:init(158)) - HddsDatanode metrics system started (again)
2019-09-17 11:54:30,475 [main] INFO  ozone.HddsDatanodeService (HddsDatanodeService.java:start(184)) - HddsDatanodeService host:pr-hdds-2121-5jcdq-2838215776 ip:192.168.157.219
2019-09-17 11:54:30,480 [org.apache.hadoop.util.JvmPauseMonitor$Monitor@1bd170f2] INFO  util.JvmPauseMonitor (JvmPauseMonitor.java:run(188)) - Starting JVM pause monitor
2019-09-17 11:54:30,486 [main] INFO  volume.HddsVolume (HddsVolume.java:<init>(176)) - Creating Volume: /tmp/workdir/hadoop-ozone/integration-test/target/test-dir/MiniOzoneClusterImpl-6cd9616a-8204-4d25-9f97-41c3104ff346/datanode-1/data/containers/hdds of  storage type : DISK and capacity : 1482555576320
2019-09-17 11:54:30,486 [main] INFO  volume.VolumeSet (VolumeSet.java:initializeVolumeSet(170)) - Added Volume : /tmp/workdir/hadoop-ozone/integration-test/target/test-dir/MiniOzoneClusterImpl-6cd9616a-8204-4d25-9f97-41c3104ff346/datanode-1/data/containers/hdds to VolumeSet
2019-09-17 11:54:30,487 [main] INFO  volume.ThrottledAsyncChecker (ThrottledAsyncChecker.java:schedule(139)) - Scheduling a check for org.apache.hadoop.ozone.container.common.volume.HddsVolume@2f5ac102
2019-09-17 11:54:30,488 [main] INFO  volume.HddsVolumeChecker (HddsVolumeChecker.java:checkAllVolumes(202)) - Scheduled health check for volume org.apache.hadoop.ozone.container.common.volume.HddsVolume@2f5ac102
2019-09-17 11:54:30,505 [main] INFO  impl.RaftServerProxy (ConfUtils.java:logGet(43)) - raft.rpc.type = GRPC (default)
2019-09-17 11:54:30,505 [main] INFO  grpc.GrpcFactory (GrpcFactory.java:checkPooledByteBufAllocatorUseCacheForAllThreads(45)) - PERFORMANCE WARNING: useCacheForAllThreads is true that may cause Netty to create a lot garbage objects and, as a result, trigger GC.
	It is recommended to disable useCacheForAllThreads by setting -Dorg.apache.ratis.thirdparty.io.netty.allocator.useCacheForAllThreads=false in command line.
2019-09-17 11:54:30,506 [main] INFO  grpc.GrpcConfigKeys$Server (ConfUtils.java:logGet(43)) - raft.grpc.server.port = 0 (default)
2019-09-17 11:54:30,506 [main] INFO  server.GrpcService (ConfUtils.java:logGet(43)) - raft.grpc.message.size.max = 33570816 (custom)
2019-09-17 11:54:30,506 [main] INFO  server.RaftServerConfigKeys (ConfUtils.java:logGet(43)) - raft.server.log.appender.buffer.byte-limit = 33554432 (custom)
2019-09-17 11:54:30,506 [main] INFO  server.GrpcService (ConfUtils.java:logGet(43)) - raft.grpc.flow.control.window = 1MB (=1048576) (default)
2019-09-17 11:54:30,507 [main] INFO  server.RaftServerConfigKeys (ConfUtils.java:logGet(43)) - raft.server.rpc.request.timeout = 3000ms (default)
2019-09-17 11:54:30,507 [main] INFO  server.RaftServerConfigKeys (ConfUtils.java:logGet(43)) - raft.server.storage.dir = [/tmp/workdir/hadoop-ozone/integration-test/target/test-dir/MiniOzoneClusterImpl-6cd9616a-8204-4d25-9f97-41c3104ff346/datanode-1/data/ratis] (custom)
2019-09-17 11:54:30,509 [main] INFO  hdfs.DFSUtil (DFSUtil.java:httpServerTemplateForNNAndJN(1641)) - Starting Web-server for hddsDatanode at: http://0.0.0.0:0
2019-09-17 11:54:30,511 [main] INFO  server.AuthenticationFilter (AuthenticationFilter.java:constructSecretProvider(240)) - Unable to initialize FileSignerSecretProvider, falling back to use random secrets.
2019-09-17 11:54:30,511 [main] WARN  http.HttpRequestLog (HttpRequestLog.java:getRequestLog(97)) - Jetty request log can only be enabled using Log4j
2019-09-17 11:54:30,513 [main] INFO  http.HttpServer2 (HttpServer2.java:addGlobalFilter(975)) - Added global filter 'safety' (class=org.apache.hadoop.http.HttpServer2$QuotingInputFilter)
2019-09-17 11:54:30,514 [main] INFO  http.HttpServer2 (HttpServer2.java:addFilter(948)) - Added filter static_user_filter (class=org.apache.hadoop.http.lib.StaticUserWebFilter$StaticUserFilter) to context hddsDatanode
2019-09-17 11:54:30,514 [main] INFO  http.HttpServer2 (HttpServer2.java:addFilter(958)) - Added filter static_user_filter (class=org.apache.hadoop.http.lib.StaticUserWebFilter$StaticUserFilter) to context static
2019-09-17 11:54:30,514 [main] INFO  http.HttpServer2 (HttpServer2.java:addFilter(958)) - Added filter static_user_filter (class=org.apache.hadoop.http.lib.StaticUserWebFilter$StaticUserFilter) to context logs
2019-09-17 11:54:30,515 [main] INFO  http.HttpServer2 (HttpServer2.java:bindListener(1191)) - Jetty bound to port 33410
2019-09-17 11:54:30,515 [main] INFO  server.Server (Server.java:doStart(351)) - jetty-9.3.24.v20180605, build timestamp: 2018-06-05T17:11:56Z, git hash: 84205aa28f11a4f31f2a3b86d1bba2cc8ab69827
2019-09-17 11:54:30,519 [main] INFO  handler.ContextHandler (ContextHandler.java:doStart(781)) - Started o.e.j.s.ServletContextHandler@22a6e998{/logs,file:///tmp/workdir/hadoop-ozone/integration-test/target/log,AVAILABLE}
2019-09-17 11:54:30,520 [main] INFO  handler.ContextHandler (ContextHandler.java:doStart(781)) - Started o.e.j.s.ServletContextHandler@e57e5d6{/static,jar:file:/home/user/.m2/repository/org/apache/hadoop/hadoop-hdds-container-service/0.5.0-SNAPSHOT/hadoop-hdds-container-service-0.5.0-SNAPSHOT.jar!/webapps/static,AVAILABLE}
2019-09-17 11:54:30,553 [main] INFO  handler.ContextHandler (ContextHandler.java:doStart(781)) - Started o.e.j.w.WebAppContext@56a4f272{/,file:///tmp/jetty-0.0.0.0-33410-hddsDatanode-_-any-3761346674247546455.dir/webapp/,AVAILABLE}{/hddsDatanode}
2019-09-17 11:54:30,553 [main] INFO  server.AbstractConnector (AbstractConnector.java:doStart(278)) - Started ServerConnector@3ee0b4f7{HTTP/1.1,[http/1.1]}{0.0.0.0:33410}
2019-09-17 11:54:30,554 [main] INFO  server.Server (Server.java:doStart(419)) - Started @5237ms
2019-09-17 11:54:30,555 [main] WARN  impl.MetricsSystemImpl (MetricsSystemImpl.java:register(276)) - Sink prometheus already exists!
2019-09-17 11:54:30,556 [main] INFO  server.BaseHttpServer (BaseHttpServer.java:updateConnectorAddress(215)) - HTTP server of HDDSDATANODE is listening at http://0.0.0.0:33410
2019-09-17 11:54:30,557 [main] INFO  impl.MetricsSystemImpl (MetricsSystemImpl.java:init(158)) - HddsDatanode metrics system started (again)
2019-09-17 11:54:30,560 [org.apache.hadoop.util.JvmPauseMonitor$Monitor@1dab156c] INFO  util.JvmPauseMonitor (JvmPauseMonitor.java:run(188)) - Starting JVM pause monitor
2019-09-17 11:54:30,560 [main] INFO  ozone.HddsDatanodeService (HddsDatanodeService.java:start(184)) - HddsDatanodeService host:pr-hdds-2121-5jcdq-2838215776 ip:192.168.157.219
2019-09-17 11:54:30,568 [main] INFO  volume.HddsVolume (HddsVolume.java:<init>(176)) - Creating Volume: /tmp/workdir/hadoop-ozone/integration-test/target/test-dir/MiniOzoneClusterImpl-6cd9616a-8204-4d25-9f97-41c3104ff346/datanode-2/data/containers/hdds of  storage type : DISK and capacity : 1482555576320
2019-09-17 11:54:30,569 [main] INFO  volume.VolumeSet (VolumeSet.java:initializeVolumeSet(170)) - Added Volume : /tmp/workdir/hadoop-ozone/integration-test/target/test-dir/MiniOzoneClusterImpl-6cd9616a-8204-4d25-9f97-41c3104ff346/datanode-2/data/containers/hdds to VolumeSet
2019-09-17 11:54:30,570 [main] INFO  volume.ThrottledAsyncChecker (ThrottledAsyncChecker.java:schedule(139)) - Scheduling a check for org.apache.hadoop.ozone.container.common.volume.HddsVolume@58472096
2019-09-17 11:54:30,570 [main] INFO  volume.HddsVolumeChecker (HddsVolumeChecker.java:checkAllVolumes(202)) - Scheduled health check for volume org.apache.hadoop.ozone.container.common.volume.HddsVolume@58472096
2019-09-17 11:54:30,584 [main] INFO  impl.RaftServerProxy (ConfUtils.java:logGet(43)) - raft.rpc.type = GRPC (default)
2019-09-17 11:54:30,584 [main] INFO  grpc.GrpcFactory (GrpcFactory.java:checkPooledByteBufAllocatorUseCacheForAllThreads(45)) - PERFORMANCE WARNING: useCacheForAllThreads is true that may cause Netty to create a lot garbage objects and, as a result, trigger GC.
	It is recommended to disable useCacheForAllThreads by setting -Dorg.apache.ratis.thirdparty.io.netty.allocator.useCacheForAllThreads=false in command line.
2019-09-17 11:54:30,584 [main] INFO  grpc.GrpcConfigKeys$Server (ConfUtils.java:logGet(43)) - raft.grpc.server.port = 0 (default)
2019-09-17 11:54:30,584 [main] INFO  server.GrpcService (ConfUtils.java:logGet(43)) - raft.grpc.message.size.max = 33570816 (custom)
2019-09-17 11:54:30,585 [main] INFO  server.RaftServerConfigKeys (ConfUtils.java:logGet(43)) - raft.server.log.appender.buffer.byte-limit = 33554432 (custom)
2019-09-17 11:54:30,585 [main] INFO  server.GrpcService (ConfUtils.java:logGet(43)) - raft.grpc.flow.control.window = 1MB (=1048576) (default)
2019-09-17 11:54:30,585 [main] INFO  server.RaftServerConfigKeys (ConfUtils.java:logGet(43)) - raft.server.rpc.request.timeout = 3000ms (default)
2019-09-17 11:54:30,586 [main] INFO  server.RaftServerConfigKeys (ConfUtils.java:logGet(43)) - raft.server.storage.dir = [/tmp/workdir/hadoop-ozone/integration-test/target/test-dir/MiniOzoneClusterImpl-6cd9616a-8204-4d25-9f97-41c3104ff346/datanode-2/data/ratis] (custom)
2019-09-17 11:54:30,587 [main] INFO  hdfs.DFSUtil (DFSUtil.java:httpServerTemplateForNNAndJN(1641)) - Starting Web-server for hddsDatanode at: http://0.0.0.0:0
2019-09-17 11:54:30,589 [main] INFO  server.AuthenticationFilter (AuthenticationFilter.java:constructSecretProvider(240)) - Unable to initialize FileSignerSecretProvider, falling back to use random secrets.
2019-09-17 11:54:30,589 [main] WARN  http.HttpRequestLog (HttpRequestLog.java:getRequestLog(97)) - Jetty request log can only be enabled using Log4j
2019-09-17 11:54:30,590 [main] INFO  http.HttpServer2 (HttpServer2.java:addGlobalFilter(975)) - Added global filter 'safety' (class=org.apache.hadoop.http.HttpServer2$QuotingInputFilter)
2019-09-17 11:54:30,591 [main] INFO  http.HttpServer2 (HttpServer2.java:addFilter(948)) - Added filter static_user_filter (class=org.apache.hadoop.http.lib.StaticUserWebFilter$StaticUserFilter) to context hddsDatanode
2019-09-17 11:54:30,591 [main] INFO  http.HttpServer2 (HttpServer2.java:addFilter(958)) - Added filter static_user_filter (class=org.apache.hadoop.http.lib.StaticUserWebFilter$StaticUserFilter) to context logs
2019-09-17 11:54:30,591 [main] INFO  http.HttpServer2 (HttpServer2.java:addFilter(958)) - Added filter static_user_filter (class=org.apache.hadoop.http.lib.StaticUserWebFilter$StaticUserFilter) to context static
2019-09-17 11:54:30,592 [main] INFO  http.HttpServer2 (HttpServer2.java:bindListener(1191)) - Jetty bound to port 45333
2019-09-17 11:54:30,592 [main] INFO  server.Server (Server.java:doStart(351)) - jetty-9.3.24.v20180605, build timestamp: 2018-06-05T17:11:56Z, git hash: 84205aa28f11a4f31f2a3b86d1bba2cc8ab69827
2019-09-17 11:54:30,594 [main] INFO  handler.ContextHandler (ContextHandler.java:doStart(781)) - Started o.e.j.s.ServletContextHandler@65e21ce3{/logs,file:///tmp/workdir/hadoop-ozone/integration-test/target/log,AVAILABLE}
2019-09-17 11:54:30,595 [main] INFO  handler.ContextHandler (ContextHandler.java:doStart(781)) - Started o.e.j.s.ServletContextHandler@522bf64e{/static,jar:file:/home/user/.m2/repository/org/apache/hadoop/hadoop-hdds-container-service/0.5.0-SNAPSHOT/hadoop-hdds-container-service-0.5.0-SNAPSHOT.jar!/webapps/static,AVAILABLE}
2019-09-17 11:54:30,606 [Datanode State Machine Thread - 0] INFO  datanode.InitDatanodeState (InitDatanodeState.java:persistContainerDatanodeDetails(140)) - DatanodeDetails is persisted to /tmp/workdir/hadoop-ozone/integration-test/target/test-dir/MiniOzoneClusterImpl-6cd9616a-8204-4d25-9f97-41c3104ff346/datanode-0/meta/datanode.id
2019-09-17 11:54:30,611 [Datanode State Machine Thread - 0] INFO  datanode.InitDatanodeState (InitDatanodeState.java:persistContainerDatanodeDetails(140)) - DatanodeDetails is persisted to /tmp/workdir/hadoop-ozone/integration-test/target/test-dir/MiniOzoneClusterImpl-6cd9616a-8204-4d25-9f97-41c3104ff346/datanode-1/meta/datanode.id
2019-09-17 11:54:30,627 [main] INFO  handler.ContextHandler (ContextHandler.java:doStart(781)) - Started o.e.j.w.WebAppContext@40e37b06{/,file:///tmp/jetty-0.0.0.0-45333-hddsDatanode-_-any-3940973001033467343.dir/webapp/,AVAILABLE}{/hddsDatanode}
2019-09-17 11:54:30,628 [main] INFO  server.AbstractConnector (AbstractConnector.java:doStart(278)) - Started ServerConnector@733aa9d8{HTTP/1.1,[http/1.1]}{0.0.0.0:45333}
2019-09-17 11:54:30,629 [main] INFO  server.Server (Server.java:doStart(419)) - Started @5312ms
2019-09-17 11:54:30,630 [main] WARN  impl.MetricsSystemImpl (MetricsSystemImpl.java:register(276)) - Sink prometheus already exists!
2019-09-17 11:54:30,630 [main] INFO  server.BaseHttpServer (BaseHttpServer.java:updateConnectorAddress(215)) - HTTP server of HDDSDATANODE is listening at http://0.0.0.0:45333
2019-09-17 11:54:30,631 [main] INFO  impl.MetricsSystemImpl (MetricsSystemImpl.java:init(158)) - HddsDatanode metrics system started (again)
2019-09-17 11:54:30,633 [org.apache.hadoop.util.JvmPauseMonitor$Monitor@3d69bd19] INFO  util.JvmPauseMonitor (JvmPauseMonitor.java:run(188)) - Starting JVM pause monitor
2019-09-17 11:54:30,633 [main] INFO  ozone.HddsDatanodeService (HddsDatanodeService.java:start(184)) - HddsDatanodeService host:pr-hdds-2121-5jcdq-2838215776 ip:192.168.157.219
2019-09-17 11:54:30,636 [Datanode State Machine Thread - 0] INFO  datanode.InitDatanodeState (InitDatanodeState.java:persistContainerDatanodeDetails(140)) - DatanodeDetails is persisted to /tmp/workdir/hadoop-ozone/integration-test/target/test-dir/MiniOzoneClusterImpl-6cd9616a-8204-4d25-9f97-41c3104ff346/datanode-2/meta/datanode.id
2019-09-17 11:54:30,642 [main] INFO  volume.HddsVolume (HddsVolume.java:<init>(176)) - Creating Volume: /tmp/workdir/hadoop-ozone/integration-test/target/test-dir/MiniOzoneClusterImpl-6cd9616a-8204-4d25-9f97-41c3104ff346/datanode-3/data/containers/hdds of  storage type : DISK and capacity : 1482555576320
2019-09-17 11:54:30,642 [main] INFO  volume.VolumeSet (VolumeSet.java:initializeVolumeSet(170)) - Added Volume : /tmp/workdir/hadoop-ozone/integration-test/target/test-dir/MiniOzoneClusterImpl-6cd9616a-8204-4d25-9f97-41c3104ff346/datanode-3/data/containers/hdds to VolumeSet
2019-09-17 11:54:30,642 [main] INFO  volume.ThrottledAsyncChecker (ThrottledAsyncChecker.java:schedule(139)) - Scheduling a check for org.apache.hadoop.ozone.container.common.volume.HddsVolume@7e642b88
2019-09-17 11:54:30,643 [main] INFO  volume.HddsVolumeChecker (HddsVolumeChecker.java:checkAllVolumes(202)) - Scheduled health check for volume org.apache.hadoop.ozone.container.common.volume.HddsVolume@7e642b88
2019-09-17 11:54:30,656 [main] INFO  impl.RaftServerProxy (ConfUtils.java:logGet(43)) - raft.rpc.type = GRPC (default)
2019-09-17 11:54:30,656 [main] INFO  grpc.GrpcFactory (GrpcFactory.java:checkPooledByteBufAllocatorUseCacheForAllThreads(45)) - PERFORMANCE WARNING: useCacheForAllThreads is true that may cause Netty to create a lot garbage objects and, as a result, trigger GC.
	It is recommended to disable useCacheForAllThreads by setting -Dorg.apache.ratis.thirdparty.io.netty.allocator.useCacheForAllThreads=false in command line.
2019-09-17 11:54:30,656 [main] INFO  grpc.GrpcConfigKeys$Server (ConfUtils.java:logGet(43)) - raft.grpc.server.port = 0 (default)
2019-09-17 11:54:30,656 [main] INFO  server.GrpcService (ConfUtils.java:logGet(43)) - raft.grpc.message.size.max = 33570816 (custom)
2019-09-17 11:54:30,656 [main] INFO  server.RaftServerConfigKeys (ConfUtils.java:logGet(43)) - raft.server.log.appender.buffer.byte-limit = 33554432 (custom)
2019-09-17 11:54:30,657 [main] INFO  server.GrpcService (ConfUtils.java:logGet(43)) - raft.grpc.flow.control.window = 1MB (=1048576) (default)
2019-09-17 11:54:30,657 [main] INFO  server.RaftServerConfigKeys (ConfUtils.java:logGet(43)) - raft.server.rpc.request.timeout = 3000ms (default)
2019-09-17 11:54:30,657 [main] INFO  server.RaftServerConfigKeys (ConfUtils.java:logGet(43)) - raft.server.storage.dir = [/tmp/workdir/hadoop-ozone/integration-test/target/test-dir/MiniOzoneClusterImpl-6cd9616a-8204-4d25-9f97-41c3104ff346/datanode-3/data/ratis] (custom)
2019-09-17 11:54:30,659 [main] INFO  hdfs.DFSUtil (DFSUtil.java:httpServerTemplateForNNAndJN(1641)) - Starting Web-server for hddsDatanode at: http://0.0.0.0:0
2019-09-17 11:54:30,660 [main] INFO  server.AuthenticationFilter (AuthenticationFilter.java:constructSecretProvider(240)) - Unable to initialize FileSignerSecretProvider, falling back to use random secrets.
2019-09-17 11:54:30,660 [main] WARN  http.HttpRequestLog (HttpRequestLog.java:getRequestLog(97)) - Jetty request log can only be enabled using Log4j
2019-09-17 11:54:30,662 [main] INFO  http.HttpServer2 (HttpServer2.java:addGlobalFilter(975)) - Added global filter 'safety' (class=org.apache.hadoop.http.HttpServer2$QuotingInputFilter)
2019-09-17 11:54:30,662 [main] INFO  http.HttpServer2 (HttpServer2.java:addFilter(948)) - Added filter static_user_filter (class=org.apache.hadoop.http.lib.StaticUserWebFilter$StaticUserFilter) to context hddsDatanode
2019-09-17 11:54:30,663 [main] INFO  http.HttpServer2 (HttpServer2.java:addFilter(958)) - Added filter static_user_filter (class=org.apache.hadoop.http.lib.StaticUserWebFilter$StaticUserFilter) to context static
2019-09-17 11:54:30,663 [main] INFO  http.HttpServer2 (HttpServer2.java:addFilter(958)) - Added filter static_user_filter (class=org.apache.hadoop.http.lib.StaticUserWebFilter$StaticUserFilter) to context logs
2019-09-17 11:54:30,663 [main] INFO  http.HttpServer2 (HttpServer2.java:bindListener(1191)) - Jetty bound to port 41659
2019-09-17 11:54:30,664 [main] INFO  server.Server (Server.java:doStart(351)) - jetty-9.3.24.v20180605, build timestamp: 2018-06-05T17:11:56Z, git hash: 84205aa28f11a4f31f2a3b86d1bba2cc8ab69827
2019-09-17 11:54:30,668 [main] INFO  handler.ContextHandler (ContextHandler.java:doStart(781)) - Started o.e.j.s.ServletContextHandler@37df14d1{/logs,file:///tmp/workdir/hadoop-ozone/integration-test/target/log,AVAILABLE}
2019-09-17 11:54:30,669 [main] INFO  handler.ContextHandler (ContextHandler.java:doStart(781)) - Started o.e.j.s.ServletContextHandler@7724704f{/static,jar:file:/home/user/.m2/repository/org/apache/hadoop/hadoop-hdds-container-service/0.5.0-SNAPSHOT/hadoop-hdds-container-service-0.5.0-SNAPSHOT.jar!/webapps/static,AVAILABLE}
2019-09-17 11:54:30,698 [main] INFO  handler.ContextHandler (ContextHandler.java:doStart(781)) - Started o.e.j.w.WebAppContext@70972170{/,file:///tmp/jetty-0.0.0.0-41659-hddsDatanode-_-any-1669334502785456428.dir/webapp/,AVAILABLE}{/hddsDatanode}
2019-09-17 11:54:30,698 [main] INFO  server.AbstractConnector (AbstractConnector.java:doStart(278)) - Started ServerConnector@119aa36{HTTP/1.1,[http/1.1]}{0.0.0.0:41659}
2019-09-17 11:54:30,699 [main] INFO  server.Server (Server.java:doStart(419)) - Started @5382ms
2019-09-17 11:54:30,699 [main] WARN  impl.MetricsSystemImpl (MetricsSystemImpl.java:register(276)) - Sink prometheus already exists!
2019-09-17 11:54:30,701 [main] INFO  server.BaseHttpServer (BaseHttpServer.java:updateConnectorAddress(215)) - HTTP server of HDDSDATANODE is listening at http://0.0.0.0:41659
2019-09-17 11:54:30,704 [main] INFO  ozone.MiniOzoneClusterImpl (MiniOzoneClusterImpl.java:lambda$waitForClusterToBeReady$0(145)) - Waiting for cluster to be ready. Got 0 of 4 DN Heartbeats.
2019-09-17 11:54:30,705 [org.apache.hadoop.util.JvmPauseMonitor$Monitor@4afefd04] INFO  util.JvmPauseMonitor (JvmPauseMonitor.java:run(188)) - Starting JVM pause monitor
2019-09-17 11:54:30,708 [Datanode State Machine Thread - 0] INFO  datanode.InitDatanodeState (InitDatanodeState.java:persistContainerDatanodeDetails(140)) - DatanodeDetails is persisted to /tmp/workdir/hadoop-ozone/integration-test/target/test-dir/MiniOzoneClusterImpl-6cd9616a-8204-4d25-9f97-41c3104ff346/datanode-3/meta/datanode.id
2019-09-17 11:54:31,704 [main] INFO  ozone.MiniOzoneClusterImpl (MiniOzoneClusterImpl.java:lambda$waitForClusterToBeReady$0(145)) - Waiting for cluster to be ready. Got 0 of 4 DN Heartbeats.
2019-09-17 11:54:32,543 [Datanode State Machine Thread - 0] INFO  ozoneimpl.OzoneContainer (OzoneContainer.java:start(217)) - Attempting to start container services.
2019-09-17 11:54:32,546 [Datanode State Machine Thread - 0] INFO  ozoneimpl.OzoneContainer (OzoneContainer.java:startContainerScrub(179)) - Background container scanner has been disabled.
2019-09-17 11:54:32,546 [Datanode State Machine Thread - 0] INFO  ratis.XceiverServerRatis (XceiverServerRatis.java:start(411)) - Starting XceiverServerRatis 67c7e9a7-aee5-4c8e-a5e3-f9ce8f8a3545 at port 0
2019-09-17 11:54:32,572 [Datanode State Machine Thread - 0] INFO  impl.RaftServerProxy (RaftServerProxy.java:lambda$start$3(299)) - 67c7e9a7-aee5-4c8e-a5e3-f9ce8f8a3545: start RPC server
2019-09-17 11:54:32,578 [Datanode State Machine Thread - 0] INFO  ozoneimpl.OzoneContainer (OzoneContainer.java:start(217)) - Attempting to start container services.
2019-09-17 11:54:32,585 [Datanode State Machine Thread - 0] INFO  ozoneimpl.OzoneContainer (OzoneContainer.java:startContainerScrub(179)) - Background container scanner has been disabled.
2019-09-17 11:54:32,585 [Datanode State Machine Thread - 0] INFO  ratis.XceiverServerRatis (XceiverServerRatis.java:start(411)) - Starting XceiverServerRatis 4a022f8f-e3eb-4bf6-90be-e9913130d197 at port 0
2019-09-17 11:54:32,596 [Datanode State Machine Thread - 0] INFO  impl.RaftServerProxy (RaftServerProxy.java:lambda$start$3(299)) - 4a022f8f-e3eb-4bf6-90be-e9913130d197: start RPC server
2019-09-17 11:54:32,648 [Datanode State Machine Thread - 0] INFO  ozoneimpl.OzoneContainer (OzoneContainer.java:start(217)) - Attempting to start container services.
2019-09-17 11:54:32,650 [Datanode State Machine Thread - 0] INFO  ozoneimpl.OzoneContainer (OzoneContainer.java:startContainerScrub(179)) - Background container scanner has been disabled.
2019-09-17 11:54:32,650 [Datanode State Machine Thread - 0] INFO  ratis.XceiverServerRatis (XceiverServerRatis.java:start(411)) - Starting XceiverServerRatis a95e72a0-c640-494d-94d2-eb8581a587c8 at port 0
2019-09-17 11:54:32,657 [Datanode State Machine Thread - 0] INFO  impl.RaftServerProxy (RaftServerProxy.java:lambda$start$3(299)) - a95e72a0-c640-494d-94d2-eb8581a587c8: start RPC server
2019-09-17 11:54:32,706 [main] INFO  ozone.MiniOzoneClusterImpl (MiniOzoneClusterImpl.java:lambda$waitForClusterToBeReady$0(145)) - Waiting for cluster to be ready. Got 0 of 4 DN Heartbeats.
2019-09-17 11:54:32,724 [Datanode State Machine Thread - 0] INFO  ozoneimpl.OzoneContainer (OzoneContainer.java:start(217)) - Attempting to start container services.
2019-09-17 11:54:32,726 [Datanode State Machine Thread - 0] INFO  ozoneimpl.OzoneContainer (OzoneContainer.java:startContainerScrub(179)) - Background container scanner has been disabled.
2019-09-17 11:54:32,726 [Datanode State Machine Thread - 0] INFO  ratis.XceiverServerRatis (XceiverServerRatis.java:start(411)) - Starting XceiverServerRatis 833585ea-9dec-4c25-9092-14925440c115 at port 0
2019-09-17 11:54:32,738 [Datanode State Machine Thread - 0] INFO  impl.RaftServerProxy (RaftServerProxy.java:lambda$start$3(299)) - 833585ea-9dec-4c25-9092-14925440c115: start RPC server
2019-09-17 11:54:32,748 [Datanode State Machine Thread - 0] INFO  server.GrpcService (GrpcService.java:startImpl(158)) - a95e72a0-c640-494d-94d2-eb8581a587c8: GrpcService started, listening on 0.0.0.0/0.0.0.0:44629
2019-09-17 11:54:32,749 [Datanode State Machine Thread - 0] INFO  server.GrpcService (GrpcService.java:startImpl(158)) - 67c7e9a7-aee5-4c8e-a5e3-f9ce8f8a3545: GrpcService started, listening on 0.0.0.0/0.0.0.0:34704
2019-09-17 11:54:32,748 [Datanode State Machine Thread - 0] INFO  server.GrpcService (GrpcService.java:startImpl(158)) - 833585ea-9dec-4c25-9092-14925440c115: GrpcService started, listening on 0.0.0.0/0.0.0.0:35600
2019-09-17 11:54:32,750 [Datanode State Machine Thread - 0] INFO  ratis.XceiverServerRatis (XceiverServerRatis.java:start(421)) - XceiverServerRatis 833585ea-9dec-4c25-9092-14925440c115 is started using port 35600
2019-09-17 11:54:32,749 [Datanode State Machine Thread - 0] INFO  server.GrpcService (GrpcService.java:startImpl(158)) - 4a022f8f-e3eb-4bf6-90be-e9913130d197: GrpcService started, listening on 0.0.0.0/0.0.0.0:33827
2019-09-17 11:54:32,750 [Datanode State Machine Thread - 0] INFO  ratis.XceiverServerRatis (XceiverServerRatis.java:start(421)) - XceiverServerRatis 67c7e9a7-aee5-4c8e-a5e3-f9ce8f8a3545 is started using port 34704
2019-09-17 11:54:32,749 [Datanode State Machine Thread - 0] INFO  ratis.XceiverServerRatis (XceiverServerRatis.java:start(421)) - XceiverServerRatis a95e72a0-c640-494d-94d2-eb8581a587c8 is started using port 44629
2019-09-17 11:54:32,750 [Datanode State Machine Thread - 0] INFO  ratis.XceiverServerRatis (XceiverServerRatis.java:start(421)) - XceiverServerRatis 4a022f8f-e3eb-4bf6-90be-e9913130d197 is started using port 33827
2019-09-17 11:54:32,758 [Datanode State Machine Thread - 0] INFO  server.XceiverServerGrpc (XceiverServerGrpc.java:start(163)) - XceiverServerGrpc 833585ea-9dec-4c25-9092-14925440c115 is started using port 45981
2019-09-17 11:54:32,758 [Datanode State Machine Thread - 0] INFO  server.XceiverServerGrpc (XceiverServerGrpc.java:start(163)) - XceiverServerGrpc a95e72a0-c640-494d-94d2-eb8581a587c8 is started using port 39617
2019-09-17 11:54:32,759 [Datanode State Machine Thread - 0] INFO  server.XceiverServerGrpc (XceiverServerGrpc.java:start(163)) - XceiverServerGrpc 67c7e9a7-aee5-4c8e-a5e3-f9ce8f8a3545 is started using port 34762
2019-09-17 11:54:32,759 [Datanode State Machine Thread - 0] INFO  server.XceiverServerGrpc (XceiverServerGrpc.java:start(163)) - XceiverServerGrpc 4a022f8f-e3eb-4bf6-90be-e9913130d197 is started using port 39080
2019-09-17 11:54:33,707 [main] INFO  ozone.MiniOzoneClusterImpl (MiniOzoneClusterImpl.java:lambda$waitForClusterToBeReady$0(145)) - Waiting for cluster to be ready. Got 0 of 4 DN Heartbeats.
2019-09-17 11:54:34,520 [IPC Server handler 0 on 41187] INFO  net.NetworkTopology (NetworkTopologyImpl.java:add(110)) - Added a new node: /default-rack/67c7e9a7-aee5-4c8e-a5e3-f9ce8f8a3545
2019-09-17 11:54:34,520 [IPC Server handler 0 on 41187] INFO  node.SCMNodeManager (SCMNodeManager.java:register(266)) - Registered Data node : 67c7e9a7-aee5-4c8e-a5e3-f9ce8f8a3545{ip: 192.168.157.219, host: pr-hdds-2121-5jcdq-2838215776, networkLocation: /default-rack, certSerialId: null}
2019-09-17 11:54:34,526 [EventQueue-NodeRegistrationContainerReportForDataNodeSafeModeRule] INFO  safemode.SCMSafeModeManager (DataNodeSafeModeRule.java:process(71)) - SCM in safe mode. 1 DataNodes registered, 1 required.
2019-09-17 11:54:34,526 [EventQueue-NodeRegistrationContainerReportForDataNodeSafeModeRule] INFO  safemode.SCMSafeModeManager (SCMSafeModeManager.java:validateSafeModeExitRules(177)) - ScmSafeModeManager, all rules are successfully validated
2019-09-17 11:54:34,526 [EventQueue-NodeRegistrationContainerReportForDataNodeSafeModeRule] INFO  safemode.SCMSafeModeManager (SCMSafeModeManager.java:exitSafeMode(193)) - SCM exiting safe mode.
2019-09-17 11:54:34,564 [IPC Server handler 2 on 41187] INFO  net.NetworkTopology (NetworkTopologyImpl.java:add(110)) - Added a new node: /default-rack/4a022f8f-e3eb-4bf6-90be-e9913130d197
2019-09-17 11:54:34,565 [IPC Server handler 2 on 41187] INFO  node.SCMNodeManager (SCMNodeManager.java:register(266)) - Registered Data node : 4a022f8f-e3eb-4bf6-90be-e9913130d197{ip: 192.168.157.219, host: pr-hdds-2121-5jcdq-2838215776, networkLocation: /default-rack, certSerialId: null}
2019-09-17 11:54:34,636 [IPC Server handler 3 on 41187] INFO  net.NetworkTopology (NetworkTopologyImpl.java:add(110)) - Added a new node: /default-rack/a95e72a0-c640-494d-94d2-eb8581a587c8
2019-09-17 11:54:34,636 [IPC Server handler 3 on 41187] INFO  node.SCMNodeManager (SCMNodeManager.java:register(266)) - Registered Data node : a95e72a0-c640-494d-94d2-eb8581a587c8{ip: 192.168.157.219, host: pr-hdds-2121-5jcdq-2838215776, networkLocation: /default-rack, certSerialId: null}
2019-09-17 11:54:34,707 [main] INFO  ozone.MiniOzoneClusterImpl (MiniOzoneClusterImpl.java:lambda$waitForClusterToBeReady$0(145)) - Waiting for cluster to be ready. Got 3 of 4 DN Heartbeats.
2019-09-17 11:54:34,708 [IPC Server handler 5 on 41187] INFO  net.NetworkTopology (NetworkTopologyImpl.java:add(110)) - Added a new node: /default-rack/833585ea-9dec-4c25-9092-14925440c115
2019-09-17 11:54:34,708 [IPC Server handler 5 on 41187] INFO  node.SCMNodeManager (SCMNodeManager.java:register(266)) - Registered Data node : 833585ea-9dec-4c25-9092-14925440c115{ip: 192.168.157.219, host: pr-hdds-2121-5jcdq-2838215776, networkLocation: /default-rack, certSerialId: null}
2019-09-17 11:54:35,083 [grpc-default-executor-0] INFO  impl.RaftServerProxy (RaftServerProxy.java:addNew(89)) - 67c7e9a7-aee5-4c8e-a5e3-f9ce8f8a3545: addNew group-A923BC6A0404:[67c7e9a7-aee5-4c8e-a5e3-f9ce8f8a3545:192.168.157.219:34704] returns group-A923BC6A0404:java.util.concurrent.CompletableFuture@6c1ce90[Not completed]
2019-09-17 11:54:35,095 [pool-27-thread-1] INFO  impl.RaftServerImpl (RaftServerImpl.java:<init>(95)) - 67c7e9a7-aee5-4c8e-a5e3-f9ce8f8a3545: new RaftServerImpl for group-A923BC6A0404:[67c7e9a7-aee5-4c8e-a5e3-f9ce8f8a3545:192.168.157.219:34704] with ContainerStateMachine:uninitialized
2019-09-17 11:54:35,099 [pool-27-thread-1] INFO  server.RaftServerConfigKeys (ConfUtils.java:logGet(43)) - raft.server.rpc.timeout.min = 5s (custom)
2019-09-17 11:54:35,100 [pool-27-thread-1] INFO  server.RaftServerConfigKeys (ConfUtils.java:logGet(43)) - raft.server.rpc.timeout.max = 5200ms (custom)
2019-09-17 11:54:35,100 [pool-27-thread-1] INFO  server.RaftServerConfigKeys (ConfUtils.java:logGet(43)) - raft.server.rpcslowness.timeout = 1000s (custom)
2019-09-17 11:54:35,101 [pool-27-thread-1] INFO  server.RaftServerConfigKeys (ConfUtils.java:logGet(43)) - raft.server.sleep.deviation.threshold = 300 (default)
2019-09-17 11:54:35,102 [pool-27-thread-1] INFO  server.RaftServerConfigKeys (ConfUtils.java:logGet(43)) - raft.server.log.appender.install.snapshot.enabled = false (custom)
2019-09-17 11:54:35,110 [pool-27-thread-1] INFO  impl.RaftServerImpl (ServerState.java:<init>(103)) - 67c7e9a7-aee5-4c8e-a5e3-f9ce8f8a3545@group-A923BC6A0404: ConfigurationManager, init=-1: [67c7e9a7-aee5-4c8e-a5e3-f9ce8f8a3545:192.168.157.219:34704], old=null, confs=<EMPTY_MAP>
2019-09-17 11:54:35,111 [pool-27-thread-1] INFO  server.RaftServerConfigKeys (ConfUtils.java:logGet(43)) - raft.server.storage.dir = [/tmp/workdir/hadoop-ozone/integration-test/target/test-dir/MiniOzoneClusterImpl-6cd9616a-8204-4d25-9f97-41c3104ff346/datanode-0/data/ratis] (custom)
2019-09-17 11:54:35,118 [pool-27-thread-1] INFO  storage.RaftStorageDirectory (RaftStorageDirectory.java:analyzeStorage(246)) - The storage directory /tmp/workdir/hadoop-ozone/integration-test/target/test-dir/MiniOzoneClusterImpl-6cd9616a-8204-4d25-9f97-41c3104ff346/datanode-0/data/ratis/877fb2ad-926d-4772-b628-a923bc6a0404 does not exist. Creating ...
2019-09-17 11:54:35,136 [pool-27-thread-1] INFO  storage.RaftStorageDirectory (RaftStorageDirectory.java:tryLock(328)) - Lock on /tmp/workdir/hadoop-ozone/integration-test/target/test-dir/MiniOzoneClusterImpl-6cd9616a-8204-4d25-9f97-41c3104ff346/datanode-0/data/ratis/877fb2ad-926d-4772-b628-a923bc6a0404/in_use.lock acquired by nodename 24366@pr-hdds-2121-5jcdq-2838215776
2019-09-17 11:54:35,151 [pool-27-thread-1] INFO  storage.RaftStorage (RaftStorage.java:format(72)) - Storage directory /tmp/workdir/hadoop-ozone/integration-test/target/test-dir/MiniOzoneClusterImpl-6cd9616a-8204-4d25-9f97-41c3104ff346/datanode-0/data/ratis/877fb2ad-926d-4772-b628-a923bc6a0404 has been successfully formatted.
2019-09-17 11:54:35,154 [pool-27-thread-1] INFO  ratis.ContainerStateMachine (ContainerStateMachine.java:loadSnapshot(230)) - group-A923BC6A0404: The snapshot info is null. Setting the last applied indexto:(t:0, i:~)
2019-09-17 11:54:35,154 [pool-27-thread-1] INFO  server.RaftServerConfigKeys (ConfUtils.java:logGet(43)) - raft.server.notification.no-leader.timeout = 1000s (custom)
2019-09-17 11:54:35,156 [pool-27-thread-1] INFO  server.RaftServerConfigKeys (ConfUtils.java:logGet(43)) - raft.server.log.use.memory = false (default)
2019-09-17 11:54:35,162 [pool-27-thread-1] INFO  server.RaftServerConfigKeys (ConfUtils.java:logGet(43)) - raft.server.log.purge.gap = 1000000 (custom)
2019-09-17 11:54:35,162 [pool-27-thread-1] INFO  server.RaftServerConfigKeys (ConfUtils.java:logGet(43)) - raft.server.log.appender.buffer.byte-limit = 33554432 (custom)
2019-09-17 11:54:35,164 [pool-27-thread-1] INFO  server.RaftServerConfigKeys (ConfUtils.java:logGet(43)) - raft.server.log.segment.size.max = 1048576 (custom)
2019-09-17 11:54:35,168 [pool-27-thread-1] INFO  server.RaftServerConfigKeys (ConfUtils.java:logGet(43)) - raft.server.log.segment.cache.num.max = 2 (custom)
2019-09-17 11:54:35,174 [pool-27-thread-1] INFO  segmented.SegmentedRaftLogWorker (SegmentedRaftLogWorker.java:<init>(172)) - new 67c7e9a7-aee5-4c8e-a5e3-f9ce8f8a3545@group-A923BC6A0404-SegmentedRaftLogWorker for RaftStorage:Storage Directory /tmp/workdir/hadoop-ozone/integration-test/target/test-dir/MiniOzoneClusterImpl-6cd9616a-8204-4d25-9f97-41c3104ff346/datanode-0/data/ratis/877fb2ad-926d-4772-b628-a923bc6a0404
2019-09-17 11:54:35,175 [pool-27-thread-1] INFO  impl.MetricsSystemImpl (MetricsSystemImpl.java:init(158)) - ratis metrics system started (again)
2019-09-17 11:54:35,213 [pool-27-thread-1] INFO  server.RaftServerConfigKeys (ConfUtils.java:logGet(43)) - raft.server.log.queue.byte-limit = 2147483647 (custom)
2019-09-17 11:54:35,214 [pool-27-thread-1] INFO  server.RaftServerConfigKeys (ConfUtils.java:logGet(43)) - raft.server.log.queue.element-limit = 1024 (custom)
2019-09-17 11:54:35,217 [pool-27-thread-1] INFO  server.RaftServerConfigKeys (ConfUtils.java:logGet(43)) - raft.server.log.segment.size.max = 1048576 (custom)
2019-09-17 11:54:35,217 [pool-27-thread-1] INFO  server.RaftServerConfigKeys (ConfUtils.java:logGet(43)) - raft.server.log.preallocated.size = 16384 (custom)
2019-09-17 11:54:35,218 [pool-27-thread-1] INFO  server.RaftServerConfigKeys (ConfUtils.java:logGet(43)) - raft.server.log.write.buffer.size = 33554432 (custom)
2019-09-17 11:54:35,218 [pool-27-thread-1] INFO  server.RaftServerConfigKeys (ConfUtils.java:logGet(43)) - raft.server.log.force.sync.num = 128 (default)
2019-09-17 11:54:35,219 [pool-27-thread-1] INFO  server.RaftServerConfigKeys (ConfUtils.java:logGet(43)) - raft.server.log.statemachine.data.sync = true (default)
2019-09-17 11:54:35,219 [pool-27-thread-1] INFO  server.RaftServerConfigKeys (ConfUtils.java:logGet(43)) - raft.server.log.statemachine.data.sync.timeout = 10s (default)
2019-09-17 11:54:35,220 [pool-27-thread-1] INFO  server.RaftServerConfigKeys (ConfUtils.java:logGet(43)) - raft.server.log.statemachine.data.sync.timeout.retry = -1 (default)
2019-09-17 11:54:35,228 [pool-27-thread-1] INFO  server.RaftServerConfigKeys (ConfUtils.java:logGet(43)) - raft.server.log.statemachine.data.caching.enabled = true (custom)
2019-09-17 11:54:35,232 [pool-27-thread-1] INFO  segmented.SegmentedRaftLogWorker (SegmentedRaftLogWorker.java:lambda$new$0(132)) - 67c7e9a7-aee5-4c8e-a5e3-f9ce8f8a3545@group-A923BC6A0404-SegmentedRaftLogWorker: flushIndex: setUnconditionally 0 -> -1
2019-09-17 11:54:35,236 [pool-27-thread-1] INFO  server.RaftServerConfigKeys (ConfUtils.java:logGet(43)) - raft.server.snapshot.auto.trigger.enabled = true (custom)
2019-09-17 11:54:35,237 [pool-27-thread-1] INFO  server.RaftServerConfigKeys (ConfUtils.java:logGet(43)) - raft.server.snapshot.auto.trigger.threshold = 10000 (custom)
2019-09-17 11:54:35,238 [pool-27-thread-1] INFO  server.RaftServerConfigKeys (ConfUtils.java:logGet(43)) - raft.server.snapshot.retention.num.files = 5 (custom)
2019-09-17 11:54:35,238 [pool-27-thread-1] INFO  server.RaftServerConfigKeys (ConfUtils.java:logGet(43)) - raft.server.retrycache.expirytime = 600000ms (custom)
2019-09-17 11:54:35,262 [pool-27-thread-1] INFO  impl.RaftServerImpl (RaftServerImpl.java:start(185)) - 67c7e9a7-aee5-4c8e-a5e3-f9ce8f8a3545@group-A923BC6A0404: start as a follower, conf=-1: [67c7e9a7-aee5-4c8e-a5e3-f9ce8f8a3545:192.168.157.219:34704], old=null
2019-09-17 11:54:35,263 [pool-27-thread-1] INFO  impl.RaftServerImpl (RaftServerImpl.java:setRole(174)) - 67c7e9a7-aee5-4c8e-a5e3-f9ce8f8a3545@group-A923BC6A0404: changes role from      null to FOLLOWER at term 0 for startAsFollower
2019-09-17 11:54:35,264 [pool-27-thread-1] INFO  impl.RoleInfo (RoleInfo.java:updateAndGet(143)) - 67c7e9a7-aee5-4c8e-a5e3-f9ce8f8a3545: start FollowerState
2019-09-17 11:54:35,266 [pool-27-thread-1] INFO  util.JmxRegister (JmxRegister.java:tryRegister(44)) - Successfully registered JMX Bean with object name Ratis:service=RaftServer,group=group-A923BC6A0404,id=67c7e9a7-aee5-4c8e-a5e3-f9ce8f8a3545
2019-09-17 11:54:35,328 [RatisPipelineUtilsThread] INFO  pipeline.PipelineStateManager (PipelineStateManager.java:addPipeline(56)) - Created pipeline Pipeline[ Id: 877fb2ad-926d-4772-b628-a923bc6a0404, Nodes: 67c7e9a7-aee5-4c8e-a5e3-f9ce8f8a3545{ip: 192.168.157.219, host: pr-hdds-2121-5jcdq-2838215776, networkLocation: /default-rack, certSerialId: null}, Type:RATIS, Factor:ONE, State:OPEN]
2019-09-17 11:54:35,349 [grpc-default-executor-0] INFO  impl.RaftServerProxy (RaftServerProxy.java:addNew(89)) - 833585ea-9dec-4c25-9092-14925440c115: addNew group-6D11D9BC1034:[833585ea-9dec-4c25-9092-14925440c115:192.168.157.219:35600] returns group-6D11D9BC1034:java.util.concurrent.CompletableFuture@7dc3cdcb[Not completed]
2019-09-17 11:54:35,387 [pool-57-thread-1] INFO  impl.RaftServerImpl (RaftServerImpl.java:<init>(95)) - 833585ea-9dec-4c25-9092-14925440c115: new RaftServerImpl for group-6D11D9BC1034:[833585ea-9dec-4c25-9092-14925440c115:192.168.157.219:35600] with ContainerStateMachine:uninitialized
2019-09-17 11:54:35,389 [pool-57-thread-1] INFO  server.RaftServerConfigKeys (ConfUtils.java:logGet(43)) - raft.server.rpc.timeout.min = 5s (custom)
2019-09-17 11:54:35,389 [pool-57-thread-1] INFO  server.RaftServerConfigKeys (ConfUtils.java:logGet(43)) - raft.server.rpc.timeout.max = 5200ms (custom)
2019-09-17 11:54:35,390 [pool-57-thread-1] INFO  server.RaftServerConfigKeys (ConfUtils.java:logGet(43)) - raft.server.rpcslowness.timeout = 1000s (custom)
2019-09-17 11:54:35,390 [pool-57-thread-1] INFO  server.RaftServerConfigKeys (ConfUtils.java:logGet(43)) - raft.server.sleep.deviation.threshold = 300 (default)
2019-09-17 11:54:35,390 [pool-57-thread-1] INFO  server.RaftServerConfigKeys (ConfUtils.java:logGet(43)) - raft.server.log.appender.install.snapshot.enabled = false (custom)
2019-09-17 11:54:35,390 [pool-57-thread-1] INFO  impl.RaftServerImpl (ServerState.java:<init>(103)) - 833585ea-9dec-4c25-9092-14925440c115@group-6D11D9BC1034: ConfigurationManager, init=-1: [833585ea-9dec-4c25-9092-14925440c115:192.168.157.219:35600], old=null, confs=<EMPTY_MAP>
2019-09-17 11:54:35,390 [pool-57-thread-1] INFO  server.RaftServerConfigKeys (ConfUtils.java:logGet(43)) - raft.server.storage.dir = [/tmp/workdir/hadoop-ozone/integration-test/target/test-dir/MiniOzoneClusterImpl-6cd9616a-8204-4d25-9f97-41c3104ff346/datanode-3/data/ratis] (custom)
2019-09-17 11:54:35,391 [pool-57-thread-1] INFO  storage.RaftStorageDirectory (RaftStorageDirectory.java:analyzeStorage(246)) - The storage directory /tmp/workdir/hadoop-ozone/integration-test/target/test-dir/MiniOzoneClusterImpl-6cd9616a-8204-4d25-9f97-41c3104ff346/datanode-3/data/ratis/a79c7096-a8fb-451a-b2e2-6d11d9bc1034 does not exist. Creating ...
2019-09-17 11:54:35,405 [pool-57-thread-1] INFO  storage.RaftStorageDirectory (RaftStorageDirectory.java:tryLock(328)) - Lock on /tmp/workdir/hadoop-ozone/integration-test/target/test-dir/MiniOzoneClusterImpl-6cd9616a-8204-4d25-9f97-41c3104ff346/datanode-3/data/ratis/a79c7096-a8fb-451a-b2e2-6d11d9bc1034/in_use.lock acquired by nodename 24366@pr-hdds-2121-5jcdq-2838215776
2019-09-17 11:54:35,420 [pool-57-thread-1] INFO  storage.RaftStorage (RaftStorage.java:format(72)) - Storage directory /tmp/workdir/hadoop-ozone/integration-test/target/test-dir/MiniOzoneClusterImpl-6cd9616a-8204-4d25-9f97-41c3104ff346/datanode-3/data/ratis/a79c7096-a8fb-451a-b2e2-6d11d9bc1034 has been successfully formatted.
2019-09-17 11:54:35,422 [pool-57-thread-1] INFO  ratis.ContainerStateMachine (ContainerStateMachine.java:loadSnapshot(230)) - group-6D11D9BC1034: The snapshot info is null. Setting the last applied indexto:(t:0, i:~)
2019-09-17 11:54:35,423 [pool-57-thread-1] INFO  server.RaftServerConfigKeys (ConfUtils.java:logGet(43)) - raft.server.notification.no-leader.timeout = 1000s (custom)
2019-09-17 11:54:35,423 [pool-57-thread-1] INFO  server.RaftServerConfigKeys (ConfUtils.java:logGet(43)) - raft.server.log.use.memory = false (default)
2019-09-17 11:54:35,424 [pool-57-thread-1] INFO  server.RaftServerConfigKeys (ConfUtils.java:logGet(43)) - raft.server.log.purge.gap = 1000000 (custom)
2019-09-17 11:54:35,424 [pool-57-thread-1] INFO  server.RaftServerConfigKeys (ConfUtils.java:logGet(43)) - raft.server.log.appender.buffer.byte-limit = 33554432 (custom)
2019-09-17 11:54:35,424 [pool-57-thread-1] INFO  server.RaftServerConfigKeys (ConfUtils.java:logGet(43)) - raft.server.log.segment.size.max = 1048576 (custom)
2019-09-17 11:54:35,424 [pool-57-thread-1] INFO  server.RaftServerConfigKeys (ConfUtils.java:logGet(43)) - raft.server.log.segment.cache.num.max = 2 (custom)
2019-09-17 11:54:35,425 [pool-57-thread-1] INFO  segmented.SegmentedRaftLogWorker (SegmentedRaftLogWorker.java:<init>(172)) - new 833585ea-9dec-4c25-9092-14925440c115@group-6D11D9BC1034-SegmentedRaftLogWorker for RaftStorage:Storage Directory /tmp/workdir/hadoop-ozone/integration-test/target/test-dir/MiniOzoneClusterImpl-6cd9616a-8204-4d25-9f97-41c3104ff346/datanode-3/data/ratis/a79c7096-a8fb-451a-b2e2-6d11d9bc1034
2019-09-17 11:54:35,432 [pool-57-thread-1] INFO  server.RaftServerConfigKeys (ConfUtils.java:logGet(43)) - raft.server.log.queue.byte-limit = 2147483647 (custom)
2019-09-17 11:54:35,432 [pool-57-thread-1] INFO  server.RaftServerConfigKeys (ConfUtils.java:logGet(43)) - raft.server.log.queue.element-limit = 1024 (custom)
2019-09-17 11:54:35,432 [pool-57-thread-1] INFO  server.RaftServerConfigKeys (ConfUtils.java:logGet(43)) - raft.server.log.segment.size.max = 1048576 (custom)
2019-09-17 11:54:35,432 [pool-57-thread-1] INFO  server.RaftServerConfigKeys (ConfUtils.java:logGet(43)) - raft.server.log.preallocated.size = 16384 (custom)
2019-09-17 11:54:35,433 [pool-57-thread-1] INFO  server.RaftServerConfigKeys (ConfUtils.java:logGet(43)) - raft.server.log.write.buffer.size = 33554432 (custom)
2019-09-17 11:54:35,433 [pool-57-thread-1] INFO  server.RaftServerConfigKeys (ConfUtils.java:logGet(43)) - raft.server.log.force.sync.num = 128 (default)
2019-09-17 11:54:35,433 [pool-57-thread-1] INFO  server.RaftServerConfigKeys (ConfUtils.java:logGet(43)) - raft.server.log.statemachine.data.sync = true (default)
2019-09-17 11:54:35,433 [pool-57-thread-1] INFO  server.RaftServerConfigKeys (ConfUtils.java:logGet(43)) - raft.server.log.statemachine.data.sync.timeout = 10s (default)
2019-09-17 11:54:35,433 [pool-57-thread-1] INFO  server.RaftServerConfigKeys (ConfUtils.java:logGet(43)) - raft.server.log.statemachine.data.sync.timeout.retry = -1 (default)
2019-09-17 11:54:35,434 [pool-57-thread-1] INFO  server.RaftServerConfigKeys (ConfUtils.java:logGet(43)) - raft.server.log.statemachine.data.caching.enabled = true (custom)
2019-09-17 11:54:35,434 [pool-57-thread-1] INFO  segmented.SegmentedRaftLogWorker (SegmentedRaftLogWorker.java:lambda$new$0(132)) - 833585ea-9dec-4c25-9092-14925440c115@group-6D11D9BC1034-SegmentedRaftLogWorker: flushIndex: setUnconditionally 0 -> -1
2019-09-17 11:54:35,435 [pool-57-thread-1] INFO  server.RaftServerConfigKeys (ConfUtils.java:logGet(43)) - raft.server.snapshot.auto.trigger.enabled = true (custom)
2019-09-17 11:54:35,435 [pool-57-thread-1] INFO  server.RaftServerConfigKeys (ConfUtils.java:logGet(43)) - raft.server.snapshot.auto.trigger.threshold = 10000 (custom)
2019-09-17 11:54:35,435 [pool-57-thread-1] INFO  server.RaftServerConfigKeys (ConfUtils.java:logGet(43)) - raft.server.snapshot.retention.num.files = 5 (custom)
2019-09-17 11:54:35,435 [pool-57-thread-1] INFO  server.RaftServerConfigKeys (ConfUtils.java:logGet(43)) - raft.server.retrycache.expirytime = 600000ms (custom)
2019-09-17 11:54:35,440 [pool-57-thread-1] INFO  impl.RaftServerImpl (RaftServerImpl.java:start(185)) - 833585ea-9dec-4c25-9092-14925440c115@group-6D11D9BC1034: start as a follower, conf=-1: [833585ea-9dec-4c25-9092-14925440c115:192.168.157.219:35600], old=null
2019-09-17 11:54:35,441 [pool-57-thread-1] INFO  impl.RaftServerImpl (RaftServerImpl.java:setRole(174)) - 833585ea-9dec-4c25-9092-14925440c115@group-6D11D9BC1034: changes role from      null to FOLLOWER at term 0 for startAsFollower
2019-09-17 11:54:35,441 [pool-57-thread-1] INFO  impl.RoleInfo (RoleInfo.java:updateAndGet(143)) - 833585ea-9dec-4c25-9092-14925440c115: start FollowerState
2019-09-17 11:54:35,443 [pool-57-thread-1] INFO  util.JmxRegister (JmxRegister.java:tryRegister(44)) - Successfully registered JMX Bean with object name Ratis:service=RaftServer,group=group-6D11D9BC1034,id=833585ea-9dec-4c25-9092-14925440c115
2019-09-17 11:54:35,455 [RatisPipelineUtilsThread] INFO  pipeline.PipelineStateManager (PipelineStateManager.java:addPipeline(56)) - Created pipeline Pipeline[ Id: a79c7096-a8fb-451a-b2e2-6d11d9bc1034, Nodes: 833585ea-9dec-4c25-9092-14925440c115{ip: 192.168.157.219, host: pr-hdds-2121-5jcdq-2838215776, networkLocation: /default-rack, certSerialId: null}, Type:RATIS, Factor:ONE, State:OPEN]
2019-09-17 11:54:35,475 [grpc-default-executor-0] INFO  impl.RaftServerProxy (RaftServerProxy.java:addNew(89)) - 4a022f8f-e3eb-4bf6-90be-e9913130d197: addNew group-83C782792389:[4a022f8f-e3eb-4bf6-90be-e9913130d197:192.168.157.219:33827] returns group-83C782792389:java.util.concurrent.CompletableFuture@456c2260[Not completed]
2019-09-17 11:54:35,496 [pool-37-thread-1] INFO  impl.RaftServerImpl (RaftServerImpl.java:<init>(95)) - 4a022f8f-e3eb-4bf6-90be-e9913130d197: new RaftServerImpl for group-83C782792389:[4a022f8f-e3eb-4bf6-90be-e9913130d197:192.168.157.219:33827] with ContainerStateMachine:uninitialized
2019-09-17 11:54:35,500 [pool-37-thread-1] INFO  server.RaftServerConfigKeys (ConfUtils.java:logGet(43)) - raft.server.rpc.timeout.min = 5s (custom)
2019-09-17 11:54:35,500 [pool-37-thread-1] INFO  server.RaftServerConfigKeys (ConfUtils.java:logGet(43)) - raft.server.rpc.timeout.max = 5200ms (custom)
2019-09-17 11:54:35,500 [pool-37-thread-1] INFO  server.RaftServerConfigKeys (ConfUtils.java:logGet(43)) - raft.server.rpcslowness.timeout = 1000s (custom)
2019-09-17 11:54:35,500 [pool-37-thread-1] INFO  server.RaftServerConfigKeys (ConfUtils.java:logGet(43)) - raft.server.sleep.deviation.threshold = 300 (default)
2019-09-17 11:54:35,501 [pool-37-thread-1] INFO  server.RaftServerConfigKeys (ConfUtils.java:logGet(43)) - raft.server.log.appender.install.snapshot.enabled = false (custom)
2019-09-17 11:54:35,501 [pool-37-thread-1] INFO  impl.RaftServerImpl (ServerState.java:<init>(103)) - 4a022f8f-e3eb-4bf6-90be-e9913130d197@group-83C782792389: ConfigurationManager, init=-1: [4a022f8f-e3eb-4bf6-90be-e9913130d197:192.168.157.219:33827], old=null, confs=<EMPTY_MAP>
2019-09-17 11:54:35,501 [pool-37-thread-1] INFO  server.RaftServerConfigKeys (ConfUtils.java:logGet(43)) - raft.server.storage.dir = [/tmp/workdir/hadoop-ozone/integration-test/target/test-dir/MiniOzoneClusterImpl-6cd9616a-8204-4d25-9f97-41c3104ff346/datanode-1/data/ratis] (custom)
2019-09-17 11:54:35,502 [pool-37-thread-1] INFO  storage.RaftStorageDirectory (RaftStorageDirectory.java:analyzeStorage(246)) - The storage directory /tmp/workdir/hadoop-ozone/integration-test/target/test-dir/MiniOzoneClusterImpl-6cd9616a-8204-4d25-9f97-41c3104ff346/datanode-1/data/ratis/4720b1e3-b88d-4efd-9ec1-83c782792389 does not exist. Creating ...
2019-09-17 11:54:35,515 [pool-37-thread-1] INFO  storage.RaftStorageDirectory (RaftStorageDirectory.java:tryLock(328)) - Lock on /tmp/workdir/hadoop-ozone/integration-test/target/test-dir/MiniOzoneClusterImpl-6cd9616a-8204-4d25-9f97-41c3104ff346/datanode-1/data/ratis/4720b1e3-b88d-4efd-9ec1-83c782792389/in_use.lock acquired by nodename 24366@pr-hdds-2121-5jcdq-2838215776
2019-09-17 11:54:35,528 [pool-37-thread-1] INFO  storage.RaftStorage (RaftStorage.java:format(72)) - Storage directory /tmp/workdir/hadoop-ozone/integration-test/target/test-dir/MiniOzoneClusterImpl-6cd9616a-8204-4d25-9f97-41c3104ff346/datanode-1/data/ratis/4720b1e3-b88d-4efd-9ec1-83c782792389 has been successfully formatted.
2019-09-17 11:54:35,529 [pool-37-thread-1] INFO  ratis.ContainerStateMachine (ContainerStateMachine.java:loadSnapshot(230)) - group-83C782792389: The snapshot info is null. Setting the last applied indexto:(t:0, i:~)
2019-09-17 11:54:35,529 [pool-37-thread-1] INFO  server.RaftServerConfigKeys (ConfUtils.java:logGet(43)) - raft.server.notification.no-leader.timeout = 1000s (custom)
2019-09-17 11:54:35,529 [pool-37-thread-1] INFO  server.RaftServerConfigKeys (ConfUtils.java:logGet(43)) - raft.server.log.use.memory = false (default)
2019-09-17 11:54:35,530 [pool-37-thread-1] INFO  server.RaftServerConfigKeys (ConfUtils.java:logGet(43)) - raft.server.log.purge.gap = 1000000 (custom)
2019-09-17 11:54:35,530 [pool-37-thread-1] INFO  server.RaftServerConfigKeys (ConfUtils.java:logGet(43)) - raft.server.log.appender.buffer.byte-limit = 33554432 (custom)
2019-09-17 11:54:35,530 [pool-37-thread-1] INFO  server.RaftServerConfigKeys (ConfUtils.java:logGet(43)) - raft.server.log.segment.size.max = 1048576 (custom)
2019-09-17 11:54:35,530 [pool-37-thread-1] INFO  server.RaftServerConfigKeys (ConfUtils.java:logGet(43)) - raft.server.log.segment.cache.num.max = 2 (custom)
2019-09-17 11:54:35,530 [pool-37-thread-1] INFO  segmented.SegmentedRaftLogWorker (SegmentedRaftLogWorker.java:<init>(172)) - new 4a022f8f-e3eb-4bf6-90be-e9913130d197@group-83C782792389-SegmentedRaftLogWorker for RaftStorage:Storage Directory /tmp/workdir/hadoop-ozone/integration-test/target/test-dir/MiniOzoneClusterImpl-6cd9616a-8204-4d25-9f97-41c3104ff346/datanode-1/data/ratis/4720b1e3-b88d-4efd-9ec1-83c782792389
2019-09-17 11:54:35,559 [pool-37-thread-1] INFO  server.RaftServerConfigKeys (ConfUtils.java:logGet(43)) - raft.server.log.queue.byte-limit = 2147483647 (custom)
2019-09-17 11:54:35,559 [pool-37-thread-1] INFO  server.RaftServerConfigKeys (ConfUtils.java:logGet(43)) - raft.server.log.queue.element-limit = 1024 (custom)
2019-09-17 11:54:35,560 [pool-37-thread-1] INFO  server.RaftServerConfigKeys (ConfUtils.java:logGet(43)) - raft.server.log.segment.size.max = 1048576 (custom)
2019-09-17 11:54:35,560 [pool-37-thread-1] INFO  server.RaftServerConfigKeys (ConfUtils.java:logGet(43)) - raft.server.log.preallocated.size = 16384 (custom)
2019-09-17 11:54:35,560 [pool-37-thread-1] INFO  server.RaftServerConfigKeys (ConfUtils.java:logGet(43)) - raft.server.log.write.buffer.size = 33554432 (custom)
2019-09-17 11:54:35,560 [pool-37-thread-1] INFO  server.RaftServerConfigKeys (ConfUtils.java:logGet(43)) - raft.server.log.force.sync.num = 128 (default)
2019-09-17 11:54:35,560 [pool-37-thread-1] INFO  server.RaftServerConfigKeys (ConfUtils.java:logGet(43)) - raft.server.log.statemachine.data.sync = true (default)
2019-09-17 11:54:35,561 [pool-37-thread-1] INFO  server.RaftServerConfigKeys (ConfUtils.java:logGet(43)) - raft.server.log.statemachine.data.sync.timeout = 10s (default)
2019-09-17 11:54:35,561 [pool-37-thread-1] INFO  server.RaftServerConfigKeys (ConfUtils.java:logGet(43)) - raft.server.log.statemachine.data.sync.timeout.retry = -1 (default)
2019-09-17 11:54:35,561 [pool-37-thread-1] INFO  server.RaftServerConfigKeys (ConfUtils.java:logGet(43)) - raft.server.log.statemachine.data.caching.enabled = true (custom)
2019-09-17 11:54:35,561 [pool-37-thread-1] INFO  segmented.SegmentedRaftLogWorker (SegmentedRaftLogWorker.java:lambda$new$0(132)) - 4a022f8f-e3eb-4bf6-90be-e9913130d197@group-83C782792389-SegmentedRaftLogWorker: flushIndex: setUnconditionally 0 -> -1
2019-09-17 11:54:35,562 [pool-37-thread-1] INFO  server.RaftServerConfigKeys (ConfUtils.java:logGet(43)) - raft.server.snapshot.auto.trigger.enabled = true (custom)
2019-09-17 11:54:35,562 [pool-37-thread-1] INFO  server.RaftServerConfigKeys (ConfUtils.java:logGet(43)) - raft.server.snapshot.auto.trigger.threshold = 10000 (custom)
2019-09-17 11:54:35,562 [pool-37-thread-1] INFO  server.RaftServerConfigKeys (ConfUtils.java:logGet(43)) - raft.server.snapshot.retention.num.files = 5 (custom)
2019-09-17 11:54:35,562 [pool-37-thread-1] INFO  server.RaftServerConfigKeys (ConfUtils.java:logGet(43)) - raft.server.retrycache.expirytime = 600000ms (custom)
2019-09-17 11:54:35,567 [pool-37-thread-1] INFO  impl.RaftServerImpl (RaftServerImpl.java:start(185)) - 4a022f8f-e3eb-4bf6-90be-e9913130d197@group-83C782792389: start as a follower, conf=-1: [4a022f8f-e3eb-4bf6-90be-e9913130d197:192.168.157.219:33827], old=null
2019-09-17 11:54:35,567 [pool-37-thread-1] INFO  impl.RaftServerImpl (RaftServerImpl.java:setRole(174)) - 4a022f8f-e3eb-4bf6-90be-e9913130d197@group-83C782792389: changes role from      null to FOLLOWER at term 0 for startAsFollower
2019-09-17 11:54:35,567 [pool-37-thread-1] INFO  impl.RoleInfo (RoleInfo.java:updateAndGet(143)) - 4a022f8f-e3eb-4bf6-90be-e9913130d197: start FollowerState
2019-09-17 11:54:35,567 [pool-37-thread-1] INFO  util.JmxRegister (JmxRegister.java:tryRegister(44)) - Successfully registered JMX Bean with object name Ratis:service=RaftServer,group=group-83C782792389,id=4a022f8f-e3eb-4bf6-90be-e9913130d197
2019-09-17 11:54:35,576 [RatisPipelineUtilsThread] INFO  pipeline.PipelineStateManager (PipelineStateManager.java:addPipeline(56)) - Created pipeline Pipeline[ Id: 4720b1e3-b88d-4efd-9ec1-83c782792389, Nodes: 4a022f8f-e3eb-4bf6-90be-e9913130d197{ip: 192.168.157.219, host: pr-hdds-2121-5jcdq-2838215776, networkLocation: /default-rack, certSerialId: null}, Type:RATIS, Factor:ONE, State:OPEN]
2019-09-17 11:54:35,594 [grpc-default-executor-0] INFO  impl.RaftServerProxy (RaftServerProxy.java:addNew(89)) - a95e72a0-c640-494d-94d2-eb8581a587c8: addNew group-7FC436538BA6:[a95e72a0-c640-494d-94d2-eb8581a587c8:192.168.157.219:44629] returns group-7FC436538BA6:java.util.concurrent.CompletableFuture@2121f353[Not completed]
2019-09-17 11:54:35,596 [pool-47-thread-1] INFO  impl.RaftServerImpl (RaftServerImpl.java:<init>(95)) - a95e72a0-c640-494d-94d2-eb8581a587c8: new RaftServerImpl for group-7FC436538BA6:[a95e72a0-c640-494d-94d2-eb8581a587c8:192.168.157.219:44629] with ContainerStateMachine:uninitialized
2019-09-17 11:54:35,597 [pool-47-thread-1] INFO  server.RaftServerConfigKeys (ConfUtils.java:logGet(43)) - raft.server.rpc.timeout.min = 5s (custom)
2019-09-17 11:54:35,597 [pool-47-thread-1] INFO  server.RaftServerConfigKeys (ConfUtils.java:logGet(43)) - raft.server.rpc.timeout.max = 5200ms (custom)
2019-09-17 11:54:35,597 [pool-47-thread-1] INFO  server.RaftServerConfigKeys (ConfUtils.java:logGet(43)) - raft.server.rpcslowness.timeout = 1000s (custom)
2019-09-17 11:54:35,597 [pool-47-thread-1] INFO  server.RaftServerConfigKeys (ConfUtils.java:logGet(43)) - raft.server.sleep.deviation.threshold = 300 (default)
2019-09-17 11:54:35,597 [pool-47-thread-1] INFO  server.RaftServerConfigKeys (ConfUtils.java:logGet(43)) - raft.server.log.appender.install.snapshot.enabled = false (custom)
2019-09-17 11:54:35,598 [pool-47-thread-1] INFO  impl.RaftServerImpl (ServerState.java:<init>(103)) - a95e72a0-c640-494d-94d2-eb8581a587c8@group-7FC436538BA6: ConfigurationManager, init=-1: [a95e72a0-c640-494d-94d2-eb8581a587c8:192.168.157.219:44629], old=null, confs=<EMPTY_MAP>
2019-09-17 11:54:35,598 [pool-47-thread-1] INFO  server.RaftServerConfigKeys (ConfUtils.java:logGet(43)) - raft.server.storage.dir = [/tmp/workdir/hadoop-ozone/integration-test/target/test-dir/MiniOzoneClusterImpl-6cd9616a-8204-4d25-9f97-41c3104ff346/datanode-2/data/ratis] (custom)
2019-09-17 11:54:35,598 [pool-47-thread-1] INFO  storage.RaftStorageDirectory (RaftStorageDirectory.java:analyzeStorage(246)) - The storage directory /tmp/workdir/hadoop-ozone/integration-test/target/test-dir/MiniOzoneClusterImpl-6cd9616a-8204-4d25-9f97-41c3104ff346/datanode-2/data/ratis/2a90ad5a-40dd-40bf-ac42-7fc436538ba6 does not exist. Creating ...
2019-09-17 11:54:35,611 [pool-47-thread-1] INFO  storage.RaftStorageDirectory (RaftStorageDirectory.java:tryLock(328)) - Lock on /tmp/workdir/hadoop-ozone/integration-test/target/test-dir/MiniOzoneClusterImpl-6cd9616a-8204-4d25-9f97-41c3104ff346/datanode-2/data/ratis/2a90ad5a-40dd-40bf-ac42-7fc436538ba6/in_use.lock acquired by nodename 24366@pr-hdds-2121-5jcdq-2838215776
2019-09-17 11:54:35,624 [pool-47-thread-1] INFO  storage.RaftStorage (RaftStorage.java:format(72)) - Storage directory /tmp/workdir/hadoop-ozone/integration-test/target/test-dir/MiniOzoneClusterImpl-6cd9616a-8204-4d25-9f97-41c3104ff346/datanode-2/data/ratis/2a90ad5a-40dd-40bf-ac42-7fc436538ba6 has been successfully formatted.
2019-09-17 11:54:35,624 [pool-47-thread-1] INFO  ratis.ContainerStateMachine (ContainerStateMachine.java:loadSnapshot(230)) - group-7FC436538BA6: The snapshot info is null. Setting the last applied indexto:(t:0, i:~)
2019-09-17 11:54:35,625 [pool-47-thread-1] INFO  server.RaftServerConfigKeys (ConfUtils.java:logGet(43)) - raft.server.notification.no-leader.timeout = 1000s (custom)
2019-09-17 11:54:35,625 [pool-47-thread-1] INFO  server.RaftServerConfigKeys (ConfUtils.java:logGet(43)) - raft.server.log.use.memory = false (default)
2019-09-17 11:54:35,625 [pool-47-thread-1] INFO  server.RaftServerConfigKeys (ConfUtils.java:logGet(43)) - raft.server.log.purge.gap = 1000000 (custom)
2019-09-17 11:54:35,625 [pool-47-thread-1] INFO  server.RaftServerConfigKeys (ConfUtils.java:logGet(43)) - raft.server.log.appender.buffer.byte-limit = 33554432 (custom)
2019-09-17 11:54:35,625 [pool-47-thread-1] INFO  server.RaftServerConfigKeys (ConfUtils.java:logGet(43)) - raft.server.log.segment.size.max = 1048576 (custom)
2019-09-17 11:54:35,625 [pool-47-thread-1] INFO  server.RaftServerConfigKeys (ConfUtils.java:logGet(43)) - raft.server.log.segment.cache.num.max = 2 (custom)
2019-09-17 11:54:35,626 [pool-47-thread-1] INFO  segmented.SegmentedRaftLogWorker (SegmentedRaftLogWorker.java:<init>(172)) - new a95e72a0-c640-494d-94d2-eb8581a587c8@group-7FC436538BA6-SegmentedRaftLogWorker for RaftStorage:Storage Directory /tmp/workdir/hadoop-ozone/integration-test/target/test-dir/MiniOzoneClusterImpl-6cd9616a-8204-4d25-9f97-41c3104ff346/datanode-2/data/ratis/2a90ad5a-40dd-40bf-ac42-7fc436538ba6
2019-09-17 11:54:35,630 [pool-47-thread-1] INFO  server.RaftServerConfigKeys (ConfUtils.java:logGet(43)) - raft.server.log.queue.byte-limit = 2147483647 (custom)
2019-09-17 11:54:35,630 [pool-47-thread-1] INFO  server.RaftServerConfigKeys (ConfUtils.java:logGet(43)) - raft.server.log.queue.element-limit = 1024 (custom)
2019-09-17 11:54:35,630 [pool-47-thread-1] INFO  server.RaftServerConfigKeys (ConfUtils.java:logGet(43)) - raft.server.log.segment.size.max = 1048576 (custom)
2019-09-17 11:54:35,631 [pool-47-thread-1] INFO  server.RaftServerConfigKeys (ConfUtils.java:logGet(43)) - raft.server.log.preallocated.size = 16384 (custom)
2019-09-17 11:54:35,631 [pool-47-thread-1] INFO  server.RaftServerConfigKeys (ConfUtils.java:logGet(43)) - raft.server.log.write.buffer.size = 33554432 (custom)
2019-09-17 11:54:35,631 [pool-47-thread-1] INFO  server.RaftServerConfigKeys (ConfUtils.java:logGet(43)) - raft.server.log.force.sync.num = 128 (default)
2019-09-17 11:54:35,631 [pool-47-thread-1] INFO  server.RaftServerConfigKeys (ConfUtils.java:logGet(43)) - raft.server.log.statemachine.data.sync = true (default)
2019-09-17 11:54:35,631 [pool-47-thread-1] INFO  server.RaftServerConfigKeys (ConfUtils.java:logGet(43)) - raft.server.log.statemachine.data.sync.timeout = 10s (default)
2019-09-17 11:54:35,631 [pool-47-thread-1] INFO  server.RaftServerConfigKeys (ConfUtils.java:logGet(43)) - raft.server.log.statemachine.data.sync.timeout.retry = -1 (default)
2019-09-17 11:54:35,632 [pool-47-thread-1] INFO  server.RaftServerConfigKeys (ConfUtils.java:logGet(43)) - raft.server.log.statemachine.data.caching.enabled = true (custom)
2019-09-17 11:54:35,632 [pool-47-thread-1] INFO  segmented.SegmentedRaftLogWorker (SegmentedRaftLogWorker.java:lambda$new$0(132)) - a95e72a0-c640-494d-94d2-eb8581a587c8@group-7FC436538BA6-SegmentedRaftLogWorker: flushIndex: setUnconditionally 0 -> -1
2019-09-17 11:54:35,632 [pool-47-thread-1] INFO  server.RaftServerConfigKeys (ConfUtils.java:logGet(43)) - raft.server.snapshot.auto.trigger.enabled = true (custom)
2019-09-17 11:54:35,632 [pool-47-thread-1] INFO  server.RaftServerConfigKeys (ConfUtils.java:logGet(43)) - raft.server.snapshot.auto.trigger.threshold = 10000 (custom)
2019-09-17 11:54:35,633 [pool-47-thread-1] INFO  server.RaftServerConfigKeys (ConfUtils.java:logGet(43)) - raft.server.snapshot.retention.num.files = 5 (custom)
2019-09-17 11:54:35,633 [pool-47-thread-1] INFO  server.RaftServerConfigKeys (ConfUtils.java:logGet(43)) - raft.server.retrycache.expirytime = 600000ms (custom)
2019-09-17 11:54:35,636 [pool-47-thread-1] INFO  impl.RaftServerImpl (RaftServerImpl.java:start(185)) - a95e72a0-c640-494d-94d2-eb8581a587c8@group-7FC436538BA6: start as a follower, conf=-1: [a95e72a0-c640-494d-94d2-eb8581a587c8:192.168.157.219:44629], old=null
2019-09-17 11:54:35,637 [pool-47-thread-1] INFO  impl.RaftServerImpl (RaftServerImpl.java:setRole(174)) - a95e72a0-c640-494d-94d2-eb8581a587c8@group-7FC436538BA6: changes role from      null to FOLLOWER at term 0 for startAsFollower
2019-09-17 11:54:35,637 [pool-47-thread-1] INFO  impl.RoleInfo (RoleInfo.java:updateAndGet(143)) - a95e72a0-c640-494d-94d2-eb8581a587c8: start FollowerState
2019-09-17 11:54:35,637 [pool-47-thread-1] INFO  util.JmxRegister (JmxRegister.java:tryRegister(44)) - Successfully registered JMX Bean with object name Ratis:service=RaftServer,group=group-7FC436538BA6,id=a95e72a0-c640-494d-94d2-eb8581a587c8
2019-09-17 11:54:35,648 [RatisPipelineUtilsThread] INFO  pipeline.PipelineStateManager (PipelineStateManager.java:addPipeline(56)) - Created pipeline Pipeline[ Id: 2a90ad5a-40dd-40bf-ac42-7fc436538ba6, Nodes: a95e72a0-c640-494d-94d2-eb8581a587c8{ip: 192.168.157.219, host: pr-hdds-2121-5jcdq-2838215776, networkLocation: /default-rack, certSerialId: null}, Type:RATIS, Factor:ONE, State:OPEN]
2019-09-17 11:54:35,689 [grpc-default-executor-2] INFO  impl.RaftServerProxy (RaftServerProxy.java:addNew(89)) - 4a022f8f-e3eb-4bf6-90be-e9913130d197: addNew group-42389F6C2252:[833585ea-9dec-4c25-9092-14925440c115:192.168.157.219:35600, 67c7e9a7-aee5-4c8e-a5e3-f9ce8f8a3545:192.168.157.219:34704, 4a022f8f-e3eb-4bf6-90be-e9913130d197:192.168.157.219:33827] returns group-42389F6C2252:java.util.concurrent.CompletableFuture@59f00ab1[Not completed]
2019-09-17 11:54:35,699 [grpc-default-executor-2] INFO  impl.RaftServerProxy (RaftServerProxy.java:addNew(89)) - 833585ea-9dec-4c25-9092-14925440c115: addNew group-42389F6C2252:[833585ea-9dec-4c25-9092-14925440c115:192.168.157.219:35600, 67c7e9a7-aee5-4c8e-a5e3-f9ce8f8a3545:192.168.157.219:34704, 4a022f8f-e3eb-4bf6-90be-e9913130d197:192.168.157.219:33827] returns group-42389F6C2252:java.util.concurrent.CompletableFuture@c64e3dd[Not completed]
2019-09-17 11:54:35,700 [pool-37-thread-1] INFO  impl.RaftServerImpl (RaftServerImpl.java:<init>(95)) - 4a022f8f-e3eb-4bf6-90be-e9913130d197: new RaftServerImpl for group-42389F6C2252:[833585ea-9dec-4c25-9092-14925440c115:192.168.157.219:35600, 67c7e9a7-aee5-4c8e-a5e3-f9ce8f8a3545:192.168.157.219:34704, 4a022f8f-e3eb-4bf6-90be-e9913130d197:192.168.157.219:33827] with ContainerStateMachine:uninitialized
2019-09-17 11:54:35,700 [pool-37-thread-1] INFO  server.RaftServerConfigKeys (ConfUtils.java:logGet(43)) - raft.server.rpc.timeout.min = 5s (custom)
2019-09-17 11:54:35,701 [pool-37-thread-1] INFO  server.RaftServerConfigKeys (ConfUtils.java:logGet(43)) - raft.server.rpc.timeout.max = 5200ms (custom)
2019-09-17 11:54:35,701 [pool-37-thread-1] INFO  server.RaftServerConfigKeys (ConfUtils.java:logGet(43)) - raft.server.rpcslowness.timeout = 1000s (custom)
2019-09-17 11:54:35,701 [pool-37-thread-1] INFO  server.RaftServerConfigKeys (ConfUtils.java:logGet(43)) - raft.server.sleep.deviation.threshold = 300 (default)
2019-09-17 11:54:35,702 [pool-37-thread-1] INFO  server.RaftServerConfigKeys (ConfUtils.java:logGet(43)) - raft.server.log.appender.install.snapshot.enabled = false (custom)
2019-09-17 11:54:35,702 [pool-57-thread-1] INFO  impl.RaftServerImpl (RaftServerImpl.java:<init>(95)) - 833585ea-9dec-4c25-9092-14925440c115: new RaftServerImpl for group-42389F6C2252:[833585ea-9dec-4c25-9092-14925440c115:192.168.157.219:35600, 67c7e9a7-aee5-4c8e-a5e3-f9ce8f8a3545:192.168.157.219:34704, 4a022f8f-e3eb-4bf6-90be-e9913130d197:192.168.157.219:33827] with ContainerStateMachine:uninitialized
2019-09-17 11:54:35,702 [pool-37-thread-1] INFO  impl.RaftServerImpl (ServerState.java:<init>(103)) - 4a022f8f-e3eb-4bf6-90be-e9913130d197@group-42389F6C2252: ConfigurationManager, init=-1: [833585ea-9dec-4c25-9092-14925440c115:192.168.157.219:35600, 67c7e9a7-aee5-4c8e-a5e3-f9ce8f8a3545:192.168.157.219:34704, 4a022f8f-e3eb-4bf6-90be-e9913130d197:192.168.157.219:33827], old=null, confs=<EMPTY_MAP>
2019-09-17 11:54:35,702 [pool-57-thread-1] INFO  server.RaftServerConfigKeys (ConfUtils.java:logGet(43)) - raft.server.rpc.timeout.min = 5s (custom)
2019-09-17 11:54:35,704 [pool-37-thread-1] INFO  server.RaftServerConfigKeys (ConfUtils.java:logGet(43)) - raft.server.storage.dir = [/tmp/workdir/hadoop-ozone/integration-test/target/test-dir/MiniOzoneClusterImpl-6cd9616a-8204-4d25-9f97-41c3104ff346/datanode-1/data/ratis] (custom)
2019-09-17 11:54:35,704 [pool-57-thread-1] INFO  server.RaftServerConfigKeys (ConfUtils.java:logGet(43)) - raft.server.rpc.timeout.max = 5200ms (custom)
2019-09-17 11:54:35,704 [grpc-default-executor-2] INFO  impl.RaftServerProxy (RaftServerProxy.java:addNew(89)) - 67c7e9a7-aee5-4c8e-a5e3-f9ce8f8a3545: addNew group-42389F6C2252:[833585ea-9dec-4c25-9092-14925440c115:192.168.157.219:35600, 67c7e9a7-aee5-4c8e-a5e3-f9ce8f8a3545:192.168.157.219:34704, 4a022f8f-e3eb-4bf6-90be-e9913130d197:192.168.157.219:33827] returns group-42389F6C2252:java.util.concurrent.CompletableFuture@2da41684[Not completed]
2019-09-17 11:54:35,704 [pool-57-thread-1] INFO  server.RaftServerConfigKeys (ConfUtils.java:logGet(43)) - raft.server.rpcslowness.timeout = 1000s (custom)
2019-09-17 11:54:35,704 [pool-37-thread-1] INFO  storage.RaftStorageDirectory (RaftStorageDirectory.java:analyzeStorage(246)) - The storage directory /tmp/workdir/hadoop-ozone/integration-test/target/test-dir/MiniOzoneClusterImpl-6cd9616a-8204-4d25-9f97-41c3104ff346/datanode-1/data/ratis/1c6599d8-841a-49c0-a8d9-42389f6c2252 does not exist. Creating ...
2019-09-17 11:54:35,705 [pool-57-thread-1] INFO  server.RaftServerConfigKeys (ConfUtils.java:logGet(43)) - raft.server.sleep.deviation.threshold = 300 (default)
2019-09-17 11:54:35,705 [pool-57-thread-1] INFO  server.RaftServerConfigKeys (ConfUtils.java:logGet(43)) - raft.server.log.appender.install.snapshot.enabled = false (custom)
2019-09-17 11:54:35,705 [pool-57-thread-1] INFO  impl.RaftServerImpl (ServerState.java:<init>(103)) - 833585ea-9dec-4c25-9092-14925440c115@group-42389F6C2252: ConfigurationManager, init=-1: [833585ea-9dec-4c25-9092-14925440c115:192.168.157.219:35600, 67c7e9a7-aee5-4c8e-a5e3-f9ce8f8a3545:192.168.157.219:34704, 4a022f8f-e3eb-4bf6-90be-e9913130d197:192.168.157.219:33827], old=null, confs=<EMPTY_MAP>
2019-09-17 11:54:35,705 [pool-27-thread-1] INFO  impl.RaftServerImpl (RaftServerImpl.java:<init>(95)) - 67c7e9a7-aee5-4c8e-a5e3-f9ce8f8a3545: new RaftServerImpl for group-42389F6C2252:[833585ea-9dec-4c25-9092-14925440c115:192.168.157.219:35600, 67c7e9a7-aee5-4c8e-a5e3-f9ce8f8a3545:192.168.157.219:34704, 4a022f8f-e3eb-4bf6-90be-e9913130d197:192.168.157.219:33827] with ContainerStateMachine:uninitialized
2019-09-17 11:54:35,706 [pool-57-thread-1] INFO  server.RaftServerConfigKeys (ConfUtils.java:logGet(43)) - raft.server.storage.dir = [/tmp/workdir/hadoop-ozone/integration-test/target/test-dir/MiniOzoneClusterImpl-6cd9616a-8204-4d25-9f97-41c3104ff346/datanode-3/data/ratis] (custom)
2019-09-17 11:54:35,706 [pool-27-thread-1] INFO  server.RaftServerConfigKeys (ConfUtils.java:logGet(43)) - raft.server.rpc.timeout.min = 5s (custom)
2019-09-17 11:54:35,706 [pool-27-thread-1] INFO  server.RaftServerConfigKeys (ConfUtils.java:logGet(43)) - raft.server.rpc.timeout.max = 5200ms (custom)
2019-09-17 11:54:35,706 [pool-57-thread-1] INFO  storage.RaftStorageDirectory (RaftStorageDirectory.java:analyzeStorage(246)) - The storage directory /tmp/workdir/hadoop-ozone/integration-test/target/test-dir/MiniOzoneClusterImpl-6cd9616a-8204-4d25-9f97-41c3104ff346/datanode-3/data/ratis/1c6599d8-841a-49c0-a8d9-42389f6c2252 does not exist. Creating ...
2019-09-17 11:54:35,706 [pool-27-thread-1] INFO  server.RaftServerConfigKeys (ConfUtils.java:logGet(43)) - raft.server.rpcslowness.timeout = 1000s (custom)
2019-09-17 11:54:35,706 [pool-27-thread-1] INFO  server.RaftServerConfigKeys (ConfUtils.java:logGet(43)) - raft.server.sleep.deviation.threshold = 300 (default)
2019-09-17 11:54:35,706 [pool-27-thread-1] INFO  server.RaftServerConfigKeys (ConfUtils.java:logGet(43)) - raft.server.log.appender.install.snapshot.enabled = false (custom)
2019-09-17 11:54:35,707 [pool-27-thread-1] INFO  impl.RaftServerImpl (ServerState.java:<init>(103)) - 67c7e9a7-aee5-4c8e-a5e3-f9ce8f8a3545@group-42389F6C2252: ConfigurationManager, init=-1: [833585ea-9dec-4c25-9092-14925440c115:192.168.157.219:35600, 67c7e9a7-aee5-4c8e-a5e3-f9ce8f8a3545:192.168.157.219:34704, 4a022f8f-e3eb-4bf6-90be-e9913130d197:192.168.157.219:33827], old=null, confs=<EMPTY_MAP>
2019-09-17 11:54:35,707 [pool-27-thread-1] INFO  server.RaftServerConfigKeys (ConfUtils.java:logGet(43)) - raft.server.storage.dir = [/tmp/workdir/hadoop-ozone/integration-test/target/test-dir/MiniOzoneClusterImpl-6cd9616a-8204-4d25-9f97-41c3104ff346/datanode-0/data/ratis] (custom)
2019-09-17 11:54:35,707 [pool-27-thread-1] INFO  storage.RaftStorageDirectory (RaftStorageDirectory.java:analyzeStorage(246)) - The storage directory /tmp/workdir/hadoop-ozone/integration-test/target/test-dir/MiniOzoneClusterImpl-6cd9616a-8204-4d25-9f97-41c3104ff346/datanode-0/data/ratis/1c6599d8-841a-49c0-a8d9-42389f6c2252 does not exist. Creating ...
2019-09-17 11:54:35,708 [main] INFO  ozone.MiniOzoneClusterImpl (MiniOzoneClusterImpl.java:lambda$waitForClusterToBeReady$0(145)) - Cluster is ready. Got 4 of 4 DN Heartbeats.
2019-09-17 11:54:35,710 [main] INFO  container.ReplicationManager (ReplicationManager.java:start(162)) - Starting Replication Monitor Thread.
2019-09-17 11:54:35,716 [ReplicationMonitor] INFO  container.ReplicationManager (ReplicationManager.java:run(225)) - Replication Monitor Thread took 0 milliseconds for processing 0 containers.
2019-09-17 11:54:35,732 [pool-27-thread-1] INFO  storage.RaftStorageDirectory (RaftStorageDirectory.java:tryLock(328)) - Lock on /tmp/workdir/hadoop-ozone/integration-test/target/test-dir/MiniOzoneClusterImpl-6cd9616a-8204-4d25-9f97-41c3104ff346/datanode-0/data/ratis/1c6599d8-841a-49c0-a8d9-42389f6c2252/in_use.lock acquired by nodename 24366@pr-hdds-2121-5jcdq-2838215776
2019-09-17 11:54:35,732 [pool-37-thread-1] INFO  storage.RaftStorageDirectory (RaftStorageDirectory.java:tryLock(328)) - Lock on /tmp/workdir/hadoop-ozone/integration-test/target/test-dir/MiniOzoneClusterImpl-6cd9616a-8204-4d25-9f97-41c3104ff346/datanode-1/data/ratis/1c6599d8-841a-49c0-a8d9-42389f6c2252/in_use.lock acquired by nodename 24366@pr-hdds-2121-5jcdq-2838215776
2019-09-17 11:54:35,732 [pool-57-thread-1] INFO  storage.RaftStorageDirectory (RaftStorageDirectory.java:tryLock(328)) - Lock on /tmp/workdir/hadoop-ozone/integration-test/target/test-dir/MiniOzoneClusterImpl-6cd9616a-8204-4d25-9f97-41c3104ff346/datanode-3/data/ratis/1c6599d8-841a-49c0-a8d9-42389f6c2252/in_use.lock acquired by nodename 24366@pr-hdds-2121-5jcdq-2838215776
2019-09-17 11:54:35,746 [pool-37-thread-1] INFO  storage.RaftStorage (RaftStorage.java:format(72)) - Storage directory /tmp/workdir/hadoop-ozone/integration-test/target/test-dir/MiniOzoneClusterImpl-6cd9616a-8204-4d25-9f97-41c3104ff346/datanode-1/data/ratis/1c6599d8-841a-49c0-a8d9-42389f6c2252 has been successfully formatted.
2019-09-17 11:54:35,746 [pool-57-thread-1] INFO  storage.RaftStorage (RaftStorage.java:format(72)) - Storage directory /tmp/workdir/hadoop-ozone/integration-test/target/test-dir/MiniOzoneClusterImpl-6cd9616a-8204-4d25-9f97-41c3104ff346/datanode-3/data/ratis/1c6599d8-841a-49c0-a8d9-42389f6c2252 has been successfully formatted.
2019-09-17 11:54:35,746 [pool-27-thread-1] INFO  storage.RaftStorage (RaftStorage.java:format(72)) - Storage directory /tmp/workdir/hadoop-ozone/integration-test/target/test-dir/MiniOzoneClusterImpl-6cd9616a-8204-4d25-9f97-41c3104ff346/datanode-0/data/ratis/1c6599d8-841a-49c0-a8d9-42389f6c2252 has been successfully formatted.
2019-09-17 11:54:35,746 [pool-37-thread-1] INFO  ratis.ContainerStateMachine (ContainerStateMachine.java:loadSnapshot(230)) - group-42389F6C2252: The snapshot info is null. Setting the last applied indexto:(t:0, i:~)
2019-09-17 11:54:35,746 [pool-57-thread-1] INFO  ratis.ContainerStateMachine (ContainerStateMachine.java:loadSnapshot(230)) - group-42389F6C2252: The snapshot info is null. Setting the last applied indexto:(t:0, i:~)
2019-09-17 11:54:35,746 [pool-37-thread-1] INFO  server.RaftServerConfigKeys (ConfUtils.java:logGet(43)) - raft.server.notification.no-leader.timeout = 1000s (custom)
2019-09-17 11:54:35,746 [pool-27-thread-1] INFO  ratis.ContainerStateMachine (ContainerStateMachine.java:loadSnapshot(230)) - group-42389F6C2252: The snapshot info is null. Setting the last applied indexto:(t:0, i:~)
2019-09-17 11:54:35,747 [pool-37-thread-1] INFO  server.RaftServerConfigKeys (ConfUtils.java:logGet(43)) - raft.server.log.use.memory = false (default)
2019-09-17 11:54:35,746 [pool-57-thread-1] INFO  server.RaftServerConfigKeys (ConfUtils.java:logGet(43)) - raft.server.notification.no-leader.timeout = 1000s (custom)
2019-09-17 11:54:35,747 [pool-37-thread-1] INFO  server.RaftServerConfigKeys (ConfUtils.java:logGet(43)) - raft.server.log.purge.gap = 1000000 (custom)
2019-09-17 11:54:35,747 [pool-27-thread-1] INFO  server.RaftServerConfigKeys (ConfUtils.java:logGet(43)) - raft.server.notification.no-leader.timeout = 1000s (custom)
2019-09-17 11:54:35,747 [pool-37-thread-1] INFO  server.RaftServerConfigKeys (ConfUtils.java:logGet(43)) - raft.server.log.appender.buffer.byte-limit = 33554432 (custom)
2019-09-17 11:54:35,747 [pool-57-thread-1] INFO  server.RaftServerConfigKeys (ConfUtils.java:logGet(43)) - raft.server.log.use.memory = false (default)
2019-09-17 11:54:35,747 [pool-37-thread-1] INFO  server.RaftServerConfigKeys (ConfUtils.java:logGet(43)) - raft.server.log.segment.size.max = 1048576 (custom)
2019-09-17 11:54:35,747 [pool-27-thread-1] INFO  server.RaftServerConfigKeys (ConfUtils.java:logGet(43)) - raft.server.log.use.memory = false (default)
2019-09-17 11:54:35,747 [pool-37-thread-1] INFO  server.RaftServerConfigKeys (ConfUtils.java:logGet(43)) - raft.server.log.segment.cache.num.max = 2 (custom)
2019-09-17 11:54:35,747 [pool-57-thread-1] INFO  server.RaftServerConfigKeys (ConfUtils.java:logGet(43)) - raft.server.log.purge.gap = 1000000 (custom)
2019-09-17 11:54:35,748 [pool-37-thread-1] INFO  segmented.SegmentedRaftLogWorker (SegmentedRaftLogWorker.java:<init>(172)) - new 4a022f8f-e3eb-4bf6-90be-e9913130d197@group-42389F6C2252-SegmentedRaftLogWorker for RaftStorage:Storage Directory /tmp/workdir/hadoop-ozone/integration-test/target/test-dir/MiniOzoneClusterImpl-6cd9616a-8204-4d25-9f97-41c3104ff346/datanode-1/data/ratis/1c6599d8-841a-49c0-a8d9-42389f6c2252
2019-09-17 11:54:35,748 [pool-27-thread-1] INFO  server.RaftServerConfigKeys (ConfUtils.java:logGet(43)) - raft.server.log.purge.gap = 1000000 (custom)
2019-09-17 11:54:35,748 [pool-37-thread-1] INFO  server.RaftServerConfigKeys (ConfUtils.java:logGet(43)) - raft.server.log.queue.byte-limit = 2147483647 (custom)
2019-09-17 11:54:35,748 [pool-57-thread-1] INFO  server.RaftServerConfigKeys (ConfUtils.java:logGet(43)) - raft.server.log.appender.buffer.byte-limit = 33554432 (custom)
2019-09-17 11:54:35,748 [pool-37-thread-1] INFO  server.RaftServerConfigKeys (ConfUtils.java:logGet(43)) - raft.server.log.queue.element-limit = 1024 (custom)
2019-09-17 11:54:35,748 [pool-27-thread-1] INFO  server.RaftServerConfigKeys (ConfUtils.java:logGet(43)) - raft.server.log.appender.buffer.byte-limit = 33554432 (custom)
2019-09-17 11:54:35,748 [pool-37-thread-1] INFO  server.RaftServerConfigKeys (ConfUtils.java:logGet(43)) - raft.server.log.segment.size.max = 1048576 (custom)
2019-09-17 11:54:35,748 [pool-57-thread-1] INFO  server.RaftServerConfigKeys (ConfUtils.java:logGet(43)) - raft.server.log.segment.size.max = 1048576 (custom)
2019-09-17 11:54:35,749 [pool-37-thread-1] INFO  server.RaftServerConfigKeys (ConfUtils.java:logGet(43)) - raft.server.log.preallocated.size = 16384 (custom)
2019-09-17 11:54:35,749 [pool-27-thread-1] INFO  server.RaftServerConfigKeys (ConfUtils.java:logGet(43)) - raft.server.log.segment.size.max = 1048576 (custom)
2019-09-17 11:54:35,749 [pool-37-thread-1] INFO  server.RaftServerConfigKeys (ConfUtils.java:logGet(43)) - raft.server.log.write.buffer.size = 33554432 (custom)
2019-09-17 11:54:35,749 [pool-57-thread-1] INFO  server.RaftServerConfigKeys (ConfUtils.java:logGet(43)) - raft.server.log.segment.cache.num.max = 2 (custom)
2019-09-17 11:54:35,749 [pool-37-thread-1] INFO  server.RaftServerConfigKeys (ConfUtils.java:logGet(43)) - raft.server.log.force.sync.num = 128 (default)
2019-09-17 11:54:35,749 [pool-27-thread-1] INFO  server.RaftServerConfigKeys (ConfUtils.java:logGet(43)) - raft.server.log.segment.cache.num.max = 2 (custom)
2019-09-17 11:54:35,749 [pool-37-thread-1] INFO  server.RaftServerConfigKeys (ConfUtils.java:logGet(43)) - raft.server.log.statemachine.data.sync = true (default)
2019-09-17 11:54:35,749 [pool-57-thread-1] INFO  segmented.SegmentedRaftLogWorker (SegmentedRaftLogWorker.java:<init>(172)) - new 833585ea-9dec-4c25-9092-14925440c115@group-42389F6C2252-SegmentedRaftLogWorker for RaftStorage:Storage Directory /tmp/workdir/hadoop-ozone/integration-test/target/test-dir/MiniOzoneClusterImpl-6cd9616a-8204-4d25-9f97-41c3104ff346/datanode-3/data/ratis/1c6599d8-841a-49c0-a8d9-42389f6c2252
2019-09-17 11:54:35,750 [pool-37-thread-1] INFO  server.RaftServerConfigKeys (ConfUtils.java:logGet(43)) - raft.server.log.statemachine.data.sync.timeout = 10s (default)
2019-09-17 11:54:35,750 [pool-27-thread-1] INFO  segmented.SegmentedRaftLogWorker (SegmentedRaftLogWorker.java:<init>(172)) - new 67c7e9a7-aee5-4c8e-a5e3-f9ce8f8a3545@group-42389F6C2252-SegmentedRaftLogWorker for RaftStorage:Storage Directory /tmp/workdir/hadoop-ozone/integration-test/target/test-dir/MiniOzoneClusterImpl-6cd9616a-8204-4d25-9f97-41c3104ff346/datanode-0/data/ratis/1c6599d8-841a-49c0-a8d9-42389f6c2252
2019-09-17 11:54:35,750 [pool-37-thread-1] INFO  server.RaftServerConfigKeys (ConfUtils.java:logGet(43)) - raft.server.log.statemachine.data.sync.timeout.retry = -1 (default)
2019-09-17 11:54:35,750 [pool-57-thread-1] INFO  server.RaftServerConfigKeys (ConfUtils.java:logGet(43)) - raft.server.log.queue.byte-limit = 2147483647 (custom)
2019-09-17 11:54:35,750 [pool-27-thread-1] INFO  server.RaftServerConfigKeys (ConfUtils.java:logGet(43)) - raft.server.log.queue.byte-limit = 2147483647 (custom)
2019-09-17 11:54:35,750 [pool-57-thread-1] INFO  server.RaftServerConfigKeys (ConfUtils.java:logGet(43)) - raft.server.log.queue.element-limit = 1024 (custom)
2019-09-17 11:54:35,750 [pool-37-thread-1] INFO  server.RaftServerConfigKeys (ConfUtils.java:logGet(43)) - raft.server.log.statemachine.data.caching.enabled = true (custom)
2019-09-17 11:54:35,751 [pool-57-thread-1] INFO  server.RaftServerConfigKeys (ConfUtils.java:logGet(43)) - raft.server.log.segment.size.max = 1048576 (custom)
2019-09-17 11:54:35,750 [pool-27-thread-1] INFO  server.RaftServerConfigKeys (ConfUtils.java:logGet(43)) - raft.server.log.queue.element-limit = 1024 (custom)
2019-09-17 11:54:35,751 [pool-57-thread-1] INFO  server.RaftServerConfigKeys (ConfUtils.java:logGet(43)) - raft.server.log.preallocated.size = 16384 (custom)
2019-09-17 11:54:35,751 [pool-37-thread-1] INFO  segmented.SegmentedRaftLogWorker (SegmentedRaftLogWorker.java:lambda$new$0(132)) - 4a022f8f-e3eb-4bf6-90be-e9913130d197@group-42389F6C2252-SegmentedRaftLogWorker: flushIndex: setUnconditionally 0 -> -1
2019-09-17 11:54:35,751 [pool-57-thread-1] INFO  server.RaftServerConfigKeys (ConfUtils.java:logGet(43)) - raft.server.log.write.buffer.size = 33554432 (custom)
2019-09-17 11:54:35,751 [pool-27-thread-1] INFO  server.RaftServerConfigKeys (ConfUtils.java:logGet(43)) - raft.server.log.segment.size.max = 1048576 (custom)
2019-09-17 11:54:35,752 [pool-37-thread-1] INFO  server.RaftServerConfigKeys (ConfUtils.java:logGet(43)) - raft.server.snapshot.auto.trigger.enabled = true (custom)
2019-09-17 11:54:35,752 [pool-57-thread-1] INFO  server.RaftServerConfigKeys (ConfUtils.java:logGet(43)) - raft.server.log.force.sync.num = 128 (default)
2019-09-17 11:54:35,752 [pool-37-thread-1] INFO  server.RaftServerConfigKeys (ConfUtils.java:logGet(43)) - raft.server.snapshot.auto.trigger.threshold = 10000 (custom)
2019-09-17 11:54:35,752 [pool-27-thread-1] INFO  server.RaftServerConfigKeys (ConfUtils.java:logGet(43)) - raft.server.log.preallocated.size = 16384 (custom)
2019-09-17 11:54:35,752 [pool-37-thread-1] INFO  server.RaftServerConfigKeys (ConfUtils.java:logGet(43)) - raft.server.snapshot.retention.num.files = 5 (custom)
2019-09-17 11:54:35,752 [pool-57-thread-1] INFO  server.RaftServerConfigKeys (ConfUtils.java:logGet(43)) - raft.server.log.statemachine.data.sync = true (default)
2019-09-17 11:54:35,752 [pool-37-thread-1] INFO  server.RaftServerConfigKeys (ConfUtils.java:logGet(43)) - raft.server.retrycache.expirytime = 600000ms (custom)
2019-09-17 11:54:35,752 [pool-27-thread-1] INFO  server.RaftServerConfigKeys (ConfUtils.java:logGet(43)) - raft.server.log.write.buffer.size = 33554432 (custom)
2019-09-17 11:54:35,753 [pool-57-thread-1] INFO  server.RaftServerConfigKeys (ConfUtils.java:logGet(43)) - raft.server.log.statemachine.data.sync.timeout = 10s (default)
2019-09-17 11:54:35,753 [pool-27-thread-1] INFO  server.RaftServerConfigKeys (ConfUtils.java:logGet(43)) - raft.server.log.force.sync.num = 128 (default)
2019-09-17 11:54:35,753 [pool-57-thread-1] INFO  server.RaftServerConfigKeys (ConfUtils.java:logGet(43)) - raft.server.log.statemachine.data.sync.timeout.retry = -1 (default)
2019-09-17 11:54:35,753 [pool-27-thread-1] INFO  server.RaftServerConfigKeys (ConfUtils.java:logGet(43)) - raft.server.log.statemachine.data.sync = true (default)
2019-09-17 11:54:35,753 [pool-57-thread-1] INFO  server.RaftServerConfigKeys (ConfUtils.java:logGet(43)) - raft.server.log.statemachine.data.caching.enabled = true (custom)
2019-09-17 11:54:35,754 [pool-27-thread-1] INFO  server.RaftServerConfigKeys (ConfUtils.java:logGet(43)) - raft.server.log.statemachine.data.sync.timeout = 10s (default)
2019-09-17 11:54:35,754 [pool-57-thread-1] INFO  segmented.SegmentedRaftLogWorker (SegmentedRaftLogWorker.java:lambda$new$0(132)) - 833585ea-9dec-4c25-9092-14925440c115@group-42389F6C2252-SegmentedRaftLogWorker: flushIndex: setUnconditionally 0 -> -1
2019-09-17 11:54:35,754 [pool-27-thread-1] INFO  server.RaftServerConfigKeys (ConfUtils.java:logGet(43)) - raft.server.log.statemachine.data.sync.timeout.retry = -1 (default)
2019-09-17 11:54:35,754 [pool-57-thread-1] INFO  server.RaftServerConfigKeys (ConfUtils.java:logGet(43)) - raft.server.snapshot.auto.trigger.enabled = true (custom)
2019-09-17 11:54:35,754 [pool-27-thread-1] INFO  server.RaftServerConfigKeys (ConfUtils.java:logGet(43)) - raft.server.log.statemachine.data.caching.enabled = true (custom)
2019-09-17 11:54:35,754 [pool-57-thread-1] INFO  server.RaftServerConfigKeys (ConfUtils.java:logGet(43)) - raft.server.snapshot.auto.trigger.threshold = 10000 (custom)
2019-09-17 11:54:35,755 [pool-57-thread-1] INFO  server.RaftServerConfigKeys (ConfUtils.java:logGet(43)) - raft.server.snapshot.retention.num.files = 5 (custom)
2019-09-17 11:54:35,755 [pool-27-thread-1] INFO  segmented.SegmentedRaftLogWorker (SegmentedRaftLogWorker.java:lambda$new$0(132)) - 67c7e9a7-aee5-4c8e-a5e3-f9ce8f8a3545@group-42389F6C2252-SegmentedRaftLogWorker: flushIndex: setUnconditionally 0 -> -1
2019-09-17 11:54:35,755 [pool-57-thread-1] INFO  server.RaftServerConfigKeys (ConfUtils.java:logGet(43)) - raft.server.retrycache.expirytime = 600000ms (custom)
2019-09-17 11:54:35,755 [pool-27-thread-1] INFO  server.RaftServerConfigKeys (ConfUtils.java:logGet(43)) - raft.server.snapshot.auto.trigger.enabled = true (custom)
2019-09-17 11:54:35,755 [pool-27-thread-1] INFO  server.RaftServerConfigKeys (ConfUtils.java:logGet(43)) - raft.server.snapshot.auto.trigger.threshold = 10000 (custom)
2019-09-17 11:54:35,756 [pool-27-thread-1] INFO  server.RaftServerConfigKeys (ConfUtils.java:logGet(43)) - raft.server.snapshot.retention.num.files = 5 (custom)
2019-09-17 11:54:35,756 [pool-37-thread-1] INFO  impl.RaftServerImpl (RaftServerImpl.java:start(185)) - 4a022f8f-e3eb-4bf6-90be-e9913130d197@group-42389F6C2252: start as a follower, conf=-1: [833585ea-9dec-4c25-9092-14925440c115:192.168.157.219:35600, 67c7e9a7-aee5-4c8e-a5e3-f9ce8f8a3545:192.168.157.219:34704, 4a022f8f-e3eb-4bf6-90be-e9913130d197:192.168.157.219:33827], old=null
2019-09-17 11:54:35,756 [pool-37-thread-1] INFO  impl.RaftServerImpl (RaftServerImpl.java:setRole(174)) - 4a022f8f-e3eb-4bf6-90be-e9913130d197@group-42389F6C2252: changes role from      null to FOLLOWER at term 0 for startAsFollower
2019-09-17 11:54:35,756 [pool-27-thread-1] INFO  server.RaftServerConfigKeys (ConfUtils.java:logGet(43)) - raft.server.retrycache.expirytime = 600000ms (custom)
2019-09-17 11:54:35,756 [pool-37-thread-1] INFO  impl.RoleInfo (RoleInfo.java:updateAndGet(143)) - 4a022f8f-e3eb-4bf6-90be-e9913130d197: start FollowerState
2019-09-17 11:54:35,757 [pool-37-thread-1] INFO  util.JmxRegister (JmxRegister.java:tryRegister(44)) - Successfully registered JMX Bean with object name Ratis:service=RaftServer,group=group-42389F6C2252,id=4a022f8f-e3eb-4bf6-90be-e9913130d197
2019-09-17 11:54:35,765 [pool-57-thread-1] INFO  impl.RaftServerImpl (RaftServerImpl.java:start(185)) - 833585ea-9dec-4c25-9092-14925440c115@group-42389F6C2252: start as a follower, conf=-1: [833585ea-9dec-4c25-9092-14925440c115:192.168.157.219:35600, 67c7e9a7-aee5-4c8e-a5e3-f9ce8f8a3545:192.168.157.219:34704, 4a022f8f-e3eb-4bf6-90be-e9913130d197:192.168.157.219:33827], old=null
2019-09-17 11:54:35,765 [pool-57-thread-1] INFO  impl.RaftServerImpl (RaftServerImpl.java:setRole(174)) - 833585ea-9dec-4c25-9092-14925440c115@group-42389F6C2252: changes role from      null to FOLLOWER at term 0 for startAsFollower
2019-09-17 11:54:35,765 [pool-57-thread-1] INFO  impl.RoleInfo (RoleInfo.java:updateAndGet(143)) - 833585ea-9dec-4c25-9092-14925440c115: start FollowerState
2019-09-17 11:54:35,765 [pool-57-thread-1] INFO  util.JmxRegister (JmxRegister.java:tryRegister(44)) - Successfully registered JMX Bean with object name Ratis:service=RaftServer,group=group-42389F6C2252,id=833585ea-9dec-4c25-9092-14925440c115
2019-09-17 11:54:35,767 [pool-27-thread-1] INFO  impl.RaftServerImpl (RaftServerImpl.java:start(185)) - 67c7e9a7-aee5-4c8e-a5e3-f9ce8f8a3545@group-42389F6C2252: start as a follower, conf=-1: [833585ea-9dec-4c25-9092-14925440c115:192.168.157.219:35600, 67c7e9a7-aee5-4c8e-a5e3-f9ce8f8a3545:192.168.157.219:34704, 4a022f8f-e3eb-4bf6-90be-e9913130d197:192.168.157.219:33827], old=null
2019-09-17 11:54:35,768 [pool-27-thread-1] INFO  impl.RaftServerImpl (RaftServerImpl.java:setRole(174)) - 67c7e9a7-aee5-4c8e-a5e3-f9ce8f8a3545@group-42389F6C2252: changes role from      null to FOLLOWER at term 0 for startAsFollower
2019-09-17 11:54:35,768 [pool-27-thread-1] INFO  impl.RoleInfo (RoleInfo.java:updateAndGet(143)) - 67c7e9a7-aee5-4c8e-a5e3-f9ce8f8a3545: start FollowerState
2019-09-17 11:54:35,770 [pool-27-thread-1] INFO  util.JmxRegister (JmxRegister.java:tryRegister(44)) - Successfully registered JMX Bean with object name Ratis:service=RaftServer,group=group-42389F6C2252,id=67c7e9a7-aee5-4c8e-a5e3-f9ce8f8a3545
2019-09-17 11:54:35,780 [RatisPipelineUtilsThread] INFO  pipeline.PipelineStateManager (PipelineStateManager.java:addPipeline(56)) - Created pipeline Pipeline[ Id: 1c6599d8-841a-49c0-a8d9-42389f6c2252, Nodes: 833585ea-9dec-4c25-9092-14925440c115{ip: 192.168.157.219, host: pr-hdds-2121-5jcdq-2838215776, networkLocation: /default-rack, certSerialId: null}4a022f8f-e3eb-4bf6-90be-e9913130d197{ip: 192.168.157.219, host: pr-hdds-2121-5jcdq-2838215776, networkLocation: /default-rack, certSerialId: null}67c7e9a7-aee5-4c8e-a5e3-f9ce8f8a3545{ip: 192.168.157.219, host: pr-hdds-2121-5jcdq-2838215776, networkLocation: /default-rack, certSerialId: null}, Type:RATIS, Factor:THREE, State:OPEN]
2019-09-17 11:54:36,132 [main] INFO  rpc.RpcClient (RpcClient.java:createVolume(302)) - Creating Volume: testcontainerstatemachinefailures, with jenkins1000 as owner.
2019-09-17 11:54:36,241 [IPC Server handler 5 on 38797] INFO  volume.OMVolumeCreateRequest (OMVolumeCreateRequest.java:validateAndUpdateCache(189)) - created volume:testcontainerstatemachinefailures for user:jenkins1000
2019-09-17 11:54:36,266 [main] INFO  rpc.RpcClient (RpcClient.java:createBucket(441)) - Creating Bucket: testcontainerstatemachinefailures/testcontainerstatemachinefailures, with Versioning false and Storage Type set to DISK and Encryption set to false 
2019-09-17 11:54:36,644 [EventQueue-StaleNodeForStaleNodeHandler] INFO  node.StaleNodeHandler (StaleNodeHandler.java:onMessage(58)) - Datanode 4a022f8f-e3eb-4bf6-90be-e9913130d197{ip: 192.168.157.219, host: pr-hdds-2121-5jcdq-2838215776, networkLocation: /default-rack, certSerialId: null} moved to stale state. Finalizing its pipelines [PipelineID=4720b1e3-b88d-4efd-9ec1-83c782792389, PipelineID=1c6599d8-841a-49c0-a8d9-42389f6c2252]
2019-09-17 11:54:36,645 [EventQueue-StaleNodeForStaleNodeHandler] INFO  pipeline.SCMPipelineManager (SCMPipelineManager.java:finalizeAndDestroyPipeline(311)) - destroying pipeline:Pipeline[ Id: 4720b1e3-b88d-4efd-9ec1-83c782792389, Nodes: 4a022f8f-e3eb-4bf6-90be-e9913130d197{ip: 192.168.157.219, host: pr-hdds-2121-5jcdq-2838215776, networkLocation: /default-rack, certSerialId: null}, Type:RATIS, Factor:ONE, State:OPEN]
2019-09-17 11:54:36,671 [EventQueue-StaleNodeForStaleNodeHandler] INFO  pipeline.PipelineStateManager (PipelineStateManager.java:finalizePipeline(123)) - Pipeline Pipeline[ Id: 4720b1e3-b88d-4efd-9ec1-83c782792389, Nodes: 4a022f8f-e3eb-4bf6-90be-e9913130d197{ip: 192.168.157.219, host: pr-hdds-2121-5jcdq-2838215776, networkLocation: /default-rack, certSerialId: null}, Type:RATIS, Factor:ONE, State:CLOSED] moved to CLOSED state
2019-09-17 11:54:36,672 [EventQueue-StaleNodeForStaleNodeHandler] INFO  pipeline.SCMPipelineManager (SCMPipelineManager.java:finalizeAndDestroyPipeline(311)) - destroying pipeline:Pipeline[ Id: 1c6599d8-841a-49c0-a8d9-42389f6c2252, Nodes: 833585ea-9dec-4c25-9092-14925440c115{ip: 192.168.157.219, host: pr-hdds-2121-5jcdq-2838215776, networkLocation: /default-rack, certSerialId: null}4a022f8f-e3eb-4bf6-90be-e9913130d197{ip: 192.168.157.219, host: pr-hdds-2121-5jcdq-2838215776, networkLocation: /default-rack, certSerialId: null}67c7e9a7-aee5-4c8e-a5e3-f9ce8f8a3545{ip: 192.168.157.219, host: pr-hdds-2121-5jcdq-2838215776, networkLocation: /default-rack, certSerialId: null}, Type:RATIS, Factor:THREE, State:OPEN]
2019-09-17 11:54:36,672 [EventQueue-StaleNodeForStaleNodeHandler] INFO  pipeline.PipelineStateManager (PipelineStateManager.java:finalizePipeline(123)) - Pipeline Pipeline[ Id: 1c6599d8-841a-49c0-a8d9-42389f6c2252, Nodes: 833585ea-9dec-4c25-9092-14925440c115{ip: 192.168.157.219, host: pr-hdds-2121-5jcdq-2838215776, networkLocation: /default-rack, certSerialId: null}4a022f8f-e3eb-4bf6-90be-e9913130d197{ip: 192.168.157.219, host: pr-hdds-2121-5jcdq-2838215776, networkLocation: /default-rack, certSerialId: null}67c7e9a7-aee5-4c8e-a5e3-f9ce8f8a3545{ip: 192.168.157.219, host: pr-hdds-2121-5jcdq-2838215776, networkLocation: /default-rack, certSerialId: null}, Type:RATIS, Factor:THREE, State:CLOSED] moved to CLOSED state
2019-09-17 11:54:36,673 [EventQueue-StaleNodeForStaleNodeHandler] INFO  node.StaleNodeHandler (StaleNodeHandler.java:onMessage(58)) - Datanode 67c7e9a7-aee5-4c8e-a5e3-f9ce8f8a3545{ip: 192.168.157.219, host: pr-hdds-2121-5jcdq-2838215776, networkLocation: /default-rack, certSerialId: null} moved to stale state. Finalizing its pipelines [PipelineID=877fb2ad-926d-4772-b628-a923bc6a0404, PipelineID=1c6599d8-841a-49c0-a8d9-42389f6c2252]
2019-09-17 11:54:36,673 [EventQueue-StaleNodeForStaleNodeHandler] INFO  pipeline.SCMPipelineManager (SCMPipelineManager.java:finalizeAndDestroyPipeline(311)) - destroying pipeline:Pipeline[ Id: 877fb2ad-926d-4772-b628-a923bc6a0404, Nodes: 67c7e9a7-aee5-4c8e-a5e3-f9ce8f8a3545{ip: 192.168.157.219, host: pr-hdds-2121-5jcdq-2838215776, networkLocation: /default-rack, certSerialId: null}, Type:RATIS, Factor:ONE, State:OPEN]
2019-09-17 11:54:36,673 [EventQueue-CloseContainerForCloseContainerEventHandler] INFO  container.CloseContainerEventHandler (CloseContainerEventHandler.java:onMessage(61)) - Close container Event triggered for container : #1
2019-09-17 11:54:36,673 [EventQueue-StaleNodeForStaleNodeHandler] INFO  pipeline.PipelineStateManager (PipelineStateManager.java:finalizePipeline(123)) - Pipeline Pipeline[ Id: 877fb2ad-926d-4772-b628-a923bc6a0404, Nodes: 67c7e9a7-aee5-4c8e-a5e3-f9ce8f8a3545{ip: 192.168.157.219, host: pr-hdds-2121-5jcdq-2838215776, networkLocation: /default-rack, certSerialId: null}, Type:RATIS, Factor:ONE, State:CLOSED] moved to CLOSED state
2019-09-17 11:54:36,680 [EventQueue-StaleNodeForStaleNodeHandler] INFO  pipeline.SCMPipelineManager (SCMPipelineManager.java:finalizeAndDestroyPipeline(311)) - destroying pipeline:Pipeline[ Id: 1c6599d8-841a-49c0-a8d9-42389f6c2252, Nodes: 833585ea-9dec-4c25-9092-14925440c115{ip: 192.168.157.219, host: pr-hdds-2121-5jcdq-2838215776, networkLocation: /default-rack, certSerialId: null}4a022f8f-e3eb-4bf6-90be-e9913130d197{ip: 192.168.157.219, host: pr-hdds-2121-5jcdq-2838215776, networkLocation: /default-rack, certSerialId: null}67c7e9a7-aee5-4c8e-a5e3-f9ce8f8a3545{ip: 192.168.157.219, host: pr-hdds-2121-5jcdq-2838215776, networkLocation: /default-rack, certSerialId: null}, Type:RATIS, Factor:THREE, State:CLOSED]
2019-09-17 11:54:36,681 [EventQueue-StaleNodeForStaleNodeHandler] INFO  node.StaleNodeHandler (StaleNodeHandler.java:onMessage(58)) - Datanode a95e72a0-c640-494d-94d2-eb8581a587c8{ip: 192.168.157.219, host: pr-hdds-2121-5jcdq-2838215776, networkLocation: /default-rack, certSerialId: null} moved to stale state. Finalizing its pipelines [PipelineID=2a90ad5a-40dd-40bf-ac42-7fc436538ba6]
2019-09-17 11:54:36,681 [EventQueue-StaleNodeForStaleNodeHandler] INFO  pipeline.SCMPipelineManager (SCMPipelineManager.java:finalizeAndDestroyPipeline(311)) - destroying pipeline:Pipeline[ Id: 2a90ad5a-40dd-40bf-ac42-7fc436538ba6, Nodes: a95e72a0-c640-494d-94d2-eb8581a587c8{ip: 192.168.157.219, host: pr-hdds-2121-5jcdq-2838215776, networkLocation: /default-rack, certSerialId: null}, Type:RATIS, Factor:ONE, State:OPEN]
2019-09-17 11:54:36,681 [EventQueue-StaleNodeForStaleNodeHandler] INFO  pipeline.PipelineStateManager (PipelineStateManager.java:finalizePipeline(123)) - Pipeline Pipeline[ Id: 2a90ad5a-40dd-40bf-ac42-7fc436538ba6, Nodes: a95e72a0-c640-494d-94d2-eb8581a587c8{ip: 192.168.157.219, host: pr-hdds-2121-5jcdq-2838215776, networkLocation: /default-rack, certSerialId: null}, Type:RATIS, Factor:ONE, State:CLOSED] moved to CLOSED state
2019-09-17 11:54:36,686 [EventQueue-CloseContainerForCloseContainerEventHandler] INFO  container.CloseContainerEventHandler (CloseContainerEventHandler.java:onMessage(61)) - Close container Event triggered for container : #1
2019-09-17 11:54:36,727 [main] INFO  impl.MetricsSystemImpl (MetricsSystemImpl.java:init(158)) - XceiverClientMetrics metrics system started (again)
2019-09-17 11:54:36,759 [grpc-default-executor-2] INFO  impl.RaftServerProxy (RaftServerProxy.java:addNew(89)) - 4a022f8f-e3eb-4bf6-90be-e9913130d197: addNew group-5A706E15CF49:[4a022f8f-e3eb-4bf6-90be-e9913130d197:192.168.157.219:33827] returns group-5A706E15CF49:java.util.concurrent.CompletableFuture@7cdd70a4[Not completed]
2019-09-17 11:54:36,761 [pool-37-thread-1] INFO  impl.RaftServerImpl (RaftServerImpl.java:<init>(95)) - 4a022f8f-e3eb-4bf6-90be-e9913130d197: new RaftServerImpl for group-5A706E15CF49:[4a022f8f-e3eb-4bf6-90be-e9913130d197:192.168.157.219:33827] with ContainerStateMachine:uninitialized
2019-09-17 11:54:36,762 [pool-37-thread-1] INFO  server.RaftServerConfigKeys (ConfUtils.java:logGet(43)) - raft.server.rpc.timeout.min = 5s (custom)
2019-09-17 11:54:36,762 [pool-37-thread-1] INFO  server.RaftServerConfigKeys (ConfUtils.java:logGet(43)) - raft.server.rpc.timeout.max = 5200ms (custom)
2019-09-17 11:54:36,762 [pool-37-thread-1] INFO  server.RaftServerConfigKeys (ConfUtils.java:logGet(43)) - raft.server.rpcslowness.timeout = 1000s (custom)
2019-09-17 11:54:36,762 [pool-37-thread-1] INFO  server.RaftServerConfigKeys (ConfUtils.java:logGet(43)) - raft.server.sleep.deviation.threshold = 300 (default)
2019-09-17 11:54:36,762 [pool-37-thread-1] INFO  server.RaftServerConfigKeys (ConfUtils.java:logGet(43)) - raft.server.log.appender.install.snapshot.enabled = false (custom)
2019-09-17 11:54:36,763 [pool-37-thread-1] INFO  impl.RaftServerImpl (ServerState.java:<init>(103)) - 4a022f8f-e3eb-4bf6-90be-e9913130d197@group-5A706E15CF49: ConfigurationManager, init=-1: [4a022f8f-e3eb-4bf6-90be-e9913130d197:192.168.157.219:33827], old=null, confs=<EMPTY_MAP>
2019-09-17 11:54:36,763 [pool-37-thread-1] INFO  server.RaftServerConfigKeys (ConfUtils.java:logGet(43)) - raft.server.storage.dir = [/tmp/workdir/hadoop-ozone/integration-test/target/test-dir/MiniOzoneClusterImpl-6cd9616a-8204-4d25-9f97-41c3104ff346/datanode-1/data/ratis] (custom)
2019-09-17 11:54:36,763 [pool-37-thread-1] INFO  storage.RaftStorageDirectory (RaftStorageDirectory.java:analyzeStorage(246)) - The storage directory /tmp/workdir/hadoop-ozone/integration-test/target/test-dir/MiniOzoneClusterImpl-6cd9616a-8204-4d25-9f97-41c3104ff346/datanode-1/data/ratis/c4dc9994-7006-4c67-9e1f-5a706e15cf49 does not exist. Creating ...
2019-09-17 11:54:36,777 [pool-37-thread-1] INFO  storage.RaftStorageDirectory (RaftStorageDirectory.java:tryLock(328)) - Lock on /tmp/workdir/hadoop-ozone/integration-test/target/test-dir/MiniOzoneClusterImpl-6cd9616a-8204-4d25-9f97-41c3104ff346/datanode-1/data/ratis/c4dc9994-7006-4c67-9e1f-5a706e15cf49/in_use.lock acquired by nodename 24366@pr-hdds-2121-5jcdq-2838215776
2019-09-17 11:54:36,791 [pool-37-thread-1] INFO  storage.RaftStorage (RaftStorage.java:format(72)) - Storage directory /tmp/workdir/hadoop-ozone/integration-test/target/test-dir/MiniOzoneClusterImpl-6cd9616a-8204-4d25-9f97-41c3104ff346/datanode-1/data/ratis/c4dc9994-7006-4c67-9e1f-5a706e15cf49 has been successfully formatted.
2019-09-17 11:54:36,791 [pool-37-thread-1] INFO  ratis.ContainerStateMachine (ContainerStateMachine.java:loadSnapshot(230)) - group-5A706E15CF49: The snapshot info is null. Setting the last applied indexto:(t:0, i:~)
2019-09-17 11:54:36,791 [pool-37-thread-1] INFO  server.RaftServerConfigKeys (ConfUtils.java:logGet(43)) - raft.server.notification.no-leader.timeout = 1000s (custom)
2019-09-17 11:54:36,792 [pool-37-thread-1] INFO  server.RaftServerConfigKeys (ConfUtils.java:logGet(43)) - raft.server.log.use.memory = false (default)
2019-09-17 11:54:36,794 [pool-37-thread-1] INFO  server.RaftServerConfigKeys (ConfUtils.java:logGet(43)) - raft.server.log.purge.gap = 1000000 (custom)
2019-09-17 11:54:36,794 [pool-37-thread-1] INFO  server.RaftServerConfigKeys (ConfUtils.java:logGet(43)) - raft.server.log.appender.buffer.byte-limit = 33554432 (custom)
2019-09-17 11:54:36,795 [pool-37-thread-1] INFO  server.RaftServerConfigKeys (ConfUtils.java:logGet(43)) - raft.server.log.segment.size.max = 1048576 (custom)
2019-09-17 11:54:36,795 [pool-37-thread-1] INFO  server.RaftServerConfigKeys (ConfUtils.java:logGet(43)) - raft.server.log.segment.cache.num.max = 2 (custom)
2019-09-17 11:54:36,795 [pool-37-thread-1] INFO  segmented.SegmentedRaftLogWorker (SegmentedRaftLogWorker.java:<init>(172)) - new 4a022f8f-e3eb-4bf6-90be-e9913130d197@group-5A706E15CF49-SegmentedRaftLogWorker for RaftStorage:Storage Directory /tmp/workdir/hadoop-ozone/integration-test/target/test-dir/MiniOzoneClusterImpl-6cd9616a-8204-4d25-9f97-41c3104ff346/datanode-1/data/ratis/c4dc9994-7006-4c67-9e1f-5a706e15cf49
2019-09-17 11:54:36,795 [pool-37-thread-1] INFO  server.RaftServerConfigKeys (ConfUtils.java:logGet(43)) - raft.server.log.queue.byte-limit = 2147483647 (custom)
2019-09-17 11:54:36,795 [pool-37-thread-1] INFO  server.RaftServerConfigKeys (ConfUtils.java:logGet(43)) - raft.server.log.queue.element-limit = 1024 (custom)
2019-09-17 11:54:36,795 [pool-37-thread-1] INFO  server.RaftServerConfigKeys (ConfUtils.java:logGet(43)) - raft.server.log.segment.size.max = 1048576 (custom)
2019-09-17 11:54:36,795 [pool-37-thread-1] INFO  server.RaftServerConfigKeys (ConfUtils.java:logGet(43)) - raft.server.log.preallocated.size = 16384 (custom)
2019-09-17 11:54:36,795 [pool-37-thread-1] INFO  server.RaftServerConfigKeys (ConfUtils.java:logGet(43)) - raft.server.log.write.buffer.size = 33554432 (custom)
2019-09-17 11:54:36,795 [pool-37-thread-1] INFO  server.RaftServerConfigKeys (ConfUtils.java:logGet(43)) - raft.server.log.force.sync.num = 128 (default)
2019-09-17 11:54:36,796 [pool-37-thread-1] INFO  server.RaftServerConfigKeys (ConfUtils.java:logGet(43)) - raft.server.log.statemachine.data.sync = true (default)
2019-09-17 11:54:36,796 [pool-37-thread-1] INFO  server.RaftServerConfigKeys (ConfUtils.java:logGet(43)) - raft.server.log.statemachine.data.sync.timeout = 10s (default)
2019-09-17 11:54:36,796 [pool-37-thread-1] INFO  server.RaftServerConfigKeys (ConfUtils.java:logGet(43)) - raft.server.log.statemachine.data.sync.timeout.retry = -1 (default)
2019-09-17 11:54:36,796 [pool-37-thread-1] INFO  server.RaftServerConfigKeys (ConfUtils.java:logGet(43)) - raft.server.log.statemachine.data.caching.enabled = true (custom)
2019-09-17 11:54:36,796 [pool-37-thread-1] INFO  segmented.SegmentedRaftLogWorker (SegmentedRaftLogWorker.java:lambda$new$0(132)) - 4a022f8f-e3eb-4bf6-90be-e9913130d197@group-5A706E15CF49-SegmentedRaftLogWorker: flushIndex: setUnconditionally 0 -> -1
2019-09-17 11:54:36,796 [pool-37-thread-1] INFO  server.RaftServerConfigKeys (ConfUtils.java:logGet(43)) - raft.server.snapshot.auto.trigger.enabled = true (custom)
2019-09-17 11:54:36,797 [pool-37-thread-1] INFO  server.RaftServerConfigKeys (ConfUtils.java:logGet(43)) - raft.server.snapshot.auto.trigger.threshold = 10000 (custom)
2019-09-17 11:54:36,797 [pool-37-thread-1] INFO  server.RaftServerConfigKeys (ConfUtils.java:logGet(43)) - raft.server.snapshot.retention.num.files = 5 (custom)
2019-09-17 11:54:36,797 [pool-37-thread-1] INFO  server.RaftServerConfigKeys (ConfUtils.java:logGet(43)) - raft.server.retrycache.expirytime = 600000ms (custom)
2019-09-17 11:54:36,800 [pool-37-thread-1] INFO  impl.RaftServerImpl (RaftServerImpl.java:start(185)) - 4a022f8f-e3eb-4bf6-90be-e9913130d197@group-5A706E15CF49: start as a follower, conf=-1: [4a022f8f-e3eb-4bf6-90be-e9913130d197:192.168.157.219:33827], old=null
2019-09-17 11:54:36,800 [pool-37-thread-1] INFO  impl.RaftServerImpl (RaftServerImpl.java:setRole(174)) - 4a022f8f-e3eb-4bf6-90be-e9913130d197@group-5A706E15CF49: changes role from      null to FOLLOWER at term 0 for startAsFollower
2019-09-17 11:54:36,800 [pool-37-thread-1] INFO  impl.RoleInfo (RoleInfo.java:updateAndGet(143)) - 4a022f8f-e3eb-4bf6-90be-e9913130d197: start FollowerState
2019-09-17 11:54:36,800 [pool-37-thread-1] INFO  util.JmxRegister (JmxRegister.java:tryRegister(44)) - Successfully registered JMX Bean with object name Ratis:service=RaftServer,group=group-5A706E15CF49,id=4a022f8f-e3eb-4bf6-90be-e9913130d197
2019-09-17 11:54:36,809 [RatisPipelineUtilsThread] INFO  pipeline.PipelineStateManager (PipelineStateManager.java:addPipeline(56)) - Created pipeline Pipeline[ Id: c4dc9994-7006-4c67-9e1f-5a706e15cf49, Nodes: 4a022f8f-e3eb-4bf6-90be-e9913130d197{ip: 192.168.157.219, host: pr-hdds-2121-5jcdq-2838215776, networkLocation: /default-rack, certSerialId: null}, Type:RATIS, Factor:ONE, State:OPEN]
2019-09-17 11:54:36,824 [grpc-default-executor-1] INFO  impl.RaftServerProxy (RaftServerProxy.java:addNew(89)) - 67c7e9a7-aee5-4c8e-a5e3-f9ce8f8a3545: addNew group-F604261E5577:[67c7e9a7-aee5-4c8e-a5e3-f9ce8f8a3545:192.168.157.219:34704] returns group-F604261E5577:java.util.concurrent.CompletableFuture@33b63091[Not completed]
2019-09-17 11:54:36,825 [grpc-default-executor-2] INFO  client.GrpcClientProtocolClient (GrpcClientProtocolClient.java:onNext(264)) - client-25FDC9413BDB->833585ea-9dec-4c25-9092-14925440c115: receive RaftClientReply:client-25FDC9413BDB->833585ea-9dec-4c25-9092-14925440c115@group-42389F6C2252, cid=8, FAILED org.apache.ratis.protocol.NotLeaderException: Server 833585ea-9dec-4c25-9092-14925440c115@group-42389F6C2252 is not the leader, logIndex=0, commits[833585ea-9dec-4c25-9092-14925440c115:c-1]
2019-09-17 11:54:36,827 [pool-27-thread-1] INFO  impl.RaftServerImpl (RaftServerImpl.java:<init>(95)) - 67c7e9a7-aee5-4c8e-a5e3-f9ce8f8a3545: new RaftServerImpl for group-F604261E5577:[67c7e9a7-aee5-4c8e-a5e3-f9ce8f8a3545:192.168.157.219:34704] with ContainerStateMachine:uninitialized
2019-09-17 11:54:36,828 [pool-27-thread-1] INFO  server.RaftServerConfigKeys (ConfUtils.java:logGet(43)) - raft.server.rpc.timeout.min = 5s (custom)
2019-09-17 11:54:36,828 [pool-27-thread-1] INFO  server.RaftServerConfigKeys (ConfUtils.java:logGet(43)) - raft.server.rpc.timeout.max = 5200ms (custom)
2019-09-17 11:54:36,828 [pool-27-thread-1] INFO  server.RaftServerConfigKeys (ConfUtils.java:logGet(43)) - raft.server.rpcslowness.timeout = 1000s (custom)
2019-09-17 11:54:36,829 [pool-27-thread-1] INFO  server.RaftServerConfigKeys (ConfUtils.java:logGet(43)) - raft.server.sleep.deviation.threshold = 300 (default)
2019-09-17 11:54:36,829 [pool-27-thread-1] INFO  server.RaftServerConfigKeys (ConfUtils.java:logGet(43)) - raft.server.log.appender.install.snapshot.enabled = false (custom)
2019-09-17 11:54:36,829 [pool-27-thread-1] INFO  impl.RaftServerImpl (ServerState.java:<init>(103)) - 67c7e9a7-aee5-4c8e-a5e3-f9ce8f8a3545@group-F604261E5577: ConfigurationManager, init=-1: [67c7e9a7-aee5-4c8e-a5e3-f9ce8f8a3545:192.168.157.219:34704], old=null, confs=<EMPTY_MAP>
2019-09-17 11:54:36,829 [pool-27-thread-1] INFO  server.RaftServerConfigKeys (ConfUtils.java:logGet(43)) - raft.server.storage.dir = [/tmp/workdir/hadoop-ozone/integration-test/target/test-dir/MiniOzoneClusterImpl-6cd9616a-8204-4d25-9f97-41c3104ff346/datanode-0/data/ratis] (custom)
2019-09-17 11:54:36,830 [pool-27-thread-1] INFO  storage.RaftStorageDirectory (RaftStorageDirectory.java:analyzeStorage(246)) - The storage directory /tmp/workdir/hadoop-ozone/integration-test/target/test-dir/MiniOzoneClusterImpl-6cd9616a-8204-4d25-9f97-41c3104ff346/datanode-0/data/ratis/a114bb70-2526-4671-b48b-f604261e5577 does not exist. Creating ...
2019-09-17 11:54:36,847 [pool-27-thread-1] INFO  storage.RaftStorageDirectory (RaftStorageDirectory.java:tryLock(328)) - Lock on /tmp/workdir/hadoop-ozone/integration-test/target/test-dir/MiniOzoneClusterImpl-6cd9616a-8204-4d25-9f97-41c3104ff346/datanode-0/data/ratis/a114bb70-2526-4671-b48b-f604261e5577/in_use.lock acquired by nodename 24366@pr-hdds-2121-5jcdq-2838215776
2019-09-17 11:54:36,861 [pool-27-thread-1] INFO  storage.RaftStorage (RaftStorage.java:format(72)) - Storage directory /tmp/workdir/hadoop-ozone/integration-test/target/test-dir/MiniOzoneClusterImpl-6cd9616a-8204-4d25-9f97-41c3104ff346/datanode-0/data/ratis/a114bb70-2526-4671-b48b-f604261e5577 has been successfully formatted.
2019-09-17 11:54:36,861 [pool-27-thread-1] INFO  ratis.ContainerStateMachine (ContainerStateMachine.java:loadSnapshot(230)) - group-F604261E5577: The snapshot info is null. Setting the last applied indexto:(t:0, i:~)
2019-09-17 11:54:36,862 [pool-27-thread-1] INFO  server.RaftServerConfigKeys (ConfUtils.java:logGet(43)) - raft.server.notification.no-leader.timeout = 1000s (custom)
2019-09-17 11:54:36,862 [pool-27-thread-1] INFO  server.RaftServerConfigKeys (ConfUtils.java:logGet(43)) - raft.server.log.use.memory = false (default)
2019-09-17 11:54:36,862 [pool-27-thread-1] INFO  server.RaftServerConfigKeys (ConfUtils.java:logGet(43)) - raft.server.log.purge.gap = 1000000 (custom)
2019-09-17 11:54:36,862 [pool-27-thread-1] INFO  server.RaftServerConfigKeys (ConfUtils.java:logGet(43)) - raft.server.log.appender.buffer.byte-limit = 33554432 (custom)
2019-09-17 11:54:36,862 [pool-27-thread-1] INFO  server.RaftServerConfigKeys (ConfUtils.java:logGet(43)) - raft.server.log.segment.size.max = 1048576 (custom)
2019-09-17 11:54:36,862 [pool-27-thread-1] INFO  server.RaftServerConfigKeys (ConfUtils.java:logGet(43)) - raft.server.log.segment.cache.num.max = 2 (custom)
2019-09-17 11:54:36,863 [pool-27-thread-1] INFO  segmented.SegmentedRaftLogWorker (SegmentedRaftLogWorker.java:<init>(172)) - new 67c7e9a7-aee5-4c8e-a5e3-f9ce8f8a3545@group-F604261E5577-SegmentedRaftLogWorker for RaftStorage:Storage Directory /tmp/workdir/hadoop-ozone/integration-test/target/test-dir/MiniOzoneClusterImpl-6cd9616a-8204-4d25-9f97-41c3104ff346/datanode-0/data/ratis/a114bb70-2526-4671-b48b-f604261e5577
2019-09-17 11:54:36,863 [pool-27-thread-1] INFO  server.RaftServerConfigKeys (ConfUtils.java:logGet(43)) - raft.server.log.queue.byte-limit = 2147483647 (custom)
2019-09-17 11:54:36,863 [pool-27-thread-1] INFO  server.RaftServerConfigKeys (ConfUtils.java:logGet(43)) - raft.server.log.queue.element-limit = 1024 (custom)
2019-09-17 11:54:36,863 [pool-27-thread-1] INFO  server.RaftServerConfigKeys (ConfUtils.java:logGet(43)) - raft.server.log.segment.size.max = 1048576 (custom)
2019-09-17 11:54:36,863 [pool-27-thread-1] INFO  server.RaftServerConfigKeys (ConfUtils.java:logGet(43)) - raft.server.log.preallocated.size = 16384 (custom)
2019-09-17 11:54:36,864 [pool-27-thread-1] INFO  server.RaftServerConfigKeys (ConfUtils.java:logGet(43)) - raft.server.log.write.buffer.size = 33554432 (custom)
2019-09-17 11:54:36,864 [pool-27-thread-1] INFO  server.RaftServerConfigKeys (ConfUtils.java:logGet(43)) - raft.server.log.force.sync.num = 128 (default)
2019-09-17 11:54:36,864 [pool-27-thread-1] INFO  server.RaftServerConfigKeys (ConfUtils.java:logGet(43)) - raft.server.log.statemachine.data.sync = true (default)
2019-09-17 11:54:36,864 [pool-27-thread-1] INFO  server.RaftServerConfigKeys (ConfUtils.java:logGet(43)) - raft.server.log.statemachine.data.sync.timeout = 10s (default)
2019-09-17 11:54:36,864 [pool-27-thread-1] INFO  server.RaftServerConfigKeys (ConfUtils.java:logGet(43)) - raft.server.log.statemachine.data.sync.timeout.retry = -1 (default)
2019-09-17 11:54:36,865 [pool-27-thread-1] INFO  server.RaftServerConfigKeys (ConfUtils.java:logGet(43)) - raft.server.log.statemachine.data.caching.enabled = true (custom)
2019-09-17 11:54:36,865 [pool-27-thread-1] INFO  segmented.SegmentedRaftLogWorker (SegmentedRaftLogWorker.java:lambda$new$0(132)) - 67c7e9a7-aee5-4c8e-a5e3-f9ce8f8a3545@group-F604261E5577-SegmentedRaftLogWorker: flushIndex: setUnconditionally 0 -> -1
2019-09-17 11:54:36,865 [pool-27-thread-1] INFO  server.RaftServerConfigKeys (ConfUtils.java:logGet(43)) - raft.server.snapshot.auto.trigger.enabled = true (custom)
2019-09-17 11:54:36,866 [pool-27-thread-1] INFO  server.RaftServerConfigKeys (ConfUtils.java:logGet(43)) - raft.server.snapshot.auto.trigger.threshold = 10000 (custom)
2019-09-17 11:54:36,866 [pool-27-thread-1] INFO  server.RaftServerConfigKeys (ConfUtils.java:logGet(43)) - raft.server.snapshot.retention.num.files = 5 (custom)
2019-09-17 11:54:36,866 [pool-27-thread-1] INFO  server.RaftServerConfigKeys (ConfUtils.java:logGet(43)) - raft.server.retrycache.expirytime = 600000ms (custom)
2019-09-17 11:54:36,870 [pool-27-thread-1] INFO  impl.RaftServerImpl (RaftServerImpl.java:start(185)) - 67c7e9a7-aee5-4c8e-a5e3-f9ce8f8a3545@group-F604261E5577: start as a follower, conf=-1: [67c7e9a7-aee5-4c8e-a5e3-f9ce8f8a3545:192.168.157.219:34704], old=null
2019-09-17 11:54:36,870 [pool-27-thread-1] INFO  impl.RaftServerImpl (RaftServerImpl.java:setRole(174)) - 67c7e9a7-aee5-4c8e-a5e3-f9ce8f8a3545@group-F604261E5577: changes role from      null to FOLLOWER at term 0 for startAsFollower
2019-09-17 11:54:36,870 [pool-27-thread-1] INFO  impl.RoleInfo (RoleInfo.java:updateAndGet(143)) - 67c7e9a7-aee5-4c8e-a5e3-f9ce8f8a3545: start FollowerState
2019-09-17 11:54:36,870 [pool-27-thread-1] INFO  util.JmxRegister (JmxRegister.java:tryRegister(44)) - Successfully registered JMX Bean with object name Ratis:service=RaftServer,group=group-F604261E5577,id=67c7e9a7-aee5-4c8e-a5e3-f9ce8f8a3545
2019-09-17 11:54:36,877 [RatisPipelineUtilsThread] INFO  pipeline.PipelineStateManager (PipelineStateManager.java:addPipeline(56)) - Created pipeline Pipeline[ Id: a114bb70-2526-4671-b48b-f604261e5577, Nodes: 67c7e9a7-aee5-4c8e-a5e3-f9ce8f8a3545{ip: 192.168.157.219, host: pr-hdds-2121-5jcdq-2838215776, networkLocation: /default-rack, certSerialId: null}, Type:RATIS, Factor:ONE, State:OPEN]
2019-09-17 11:54:36,891 [grpc-default-executor-2] INFO  impl.RaftServerProxy (RaftServerProxy.java:addNew(89)) - a95e72a0-c640-494d-94d2-eb8581a587c8: addNew group-0023BD816F5A:[a95e72a0-c640-494d-94d2-eb8581a587c8:192.168.157.219:44629] returns group-0023BD816F5A:java.util.concurrent.CompletableFuture@7065520d[Not completed]
2019-09-17 11:54:36,892 [pool-47-thread-1] INFO  impl.RaftServerImpl (RaftServerImpl.java:<init>(95)) - a95e72a0-c640-494d-94d2-eb8581a587c8: new RaftServerImpl for group-0023BD816F5A:[a95e72a0-c640-494d-94d2-eb8581a587c8:192.168.157.219:44629] with ContainerStateMachine:uninitialized
2019-09-17 11:54:36,892 [pool-47-thread-1] INFO  server.RaftServerConfigKeys (ConfUtils.java:logGet(43)) - raft.server.rpc.timeout.min = 5s (custom)
2019-09-17 11:54:36,892 [pool-47-thread-1] INFO  server.RaftServerConfigKeys (ConfUtils.java:logGet(43)) - raft.server.rpc.timeout.max = 5200ms (custom)
2019-09-17 11:54:36,892 [pool-47-thread-1] INFO  server.RaftServerConfigKeys (ConfUtils.java:logGet(43)) - raft.server.rpcslowness.timeout = 1000s (custom)
2019-09-17 11:54:36,893 [pool-47-thread-1] INFO  server.RaftServerConfigKeys (ConfUtils.java:logGet(43)) - raft.server.sleep.deviation.threshold = 300 (default)
2019-09-17 11:54:36,893 [pool-47-thread-1] INFO  server.RaftServerConfigKeys (ConfUtils.java:logGet(43)) - raft.server.log.appender.install.snapshot.enabled = false (custom)
2019-09-17 11:54:36,893 [pool-47-thread-1] INFO  impl.RaftServerImpl (ServerState.java:<init>(103)) - a95e72a0-c640-494d-94d2-eb8581a587c8@group-0023BD816F5A: ConfigurationManager, init=-1: [a95e72a0-c640-494d-94d2-eb8581a587c8:192.168.157.219:44629], old=null, confs=<EMPTY_MAP>
2019-09-17 11:54:36,893 [pool-47-thread-1] INFO  server.RaftServerConfigKeys (ConfUtils.java:logGet(43)) - raft.server.storage.dir = [/tmp/workdir/hadoop-ozone/integration-test/target/test-dir/MiniOzoneClusterImpl-6cd9616a-8204-4d25-9f97-41c3104ff346/datanode-2/data/ratis] (custom)
2019-09-17 11:54:36,893 [pool-47-thread-1] INFO  storage.RaftStorageDirectory (RaftStorageDirectory.java:analyzeStorage(246)) - The storage directory /tmp/workdir/hadoop-ozone/integration-test/target/test-dir/MiniOzoneClusterImpl-6cd9616a-8204-4d25-9f97-41c3104ff346/datanode-2/data/ratis/946b8f1c-0592-470f-8bba-0023bd816f5a does not exist. Creating ...
2019-09-17 11:54:36,906 [pool-47-thread-1] INFO  storage.RaftStorageDirectory (RaftStorageDirectory.java:tryLock(328)) - Lock on /tmp/workdir/hadoop-ozone/integration-test/target/test-dir/MiniOzoneClusterImpl-6cd9616a-8204-4d25-9f97-41c3104ff346/datanode-2/data/ratis/946b8f1c-0592-470f-8bba-0023bd816f5a/in_use.lock acquired by nodename 24366@pr-hdds-2121-5jcdq-2838215776
2019-09-17 11:54:36,919 [pool-47-thread-1] INFO  storage.RaftStorage (RaftStorage.java:format(72)) - Storage directory /tmp/workdir/hadoop-ozone/integration-test/target/test-dir/MiniOzoneClusterImpl-6cd9616a-8204-4d25-9f97-41c3104ff346/datanode-2/data/ratis/946b8f1c-0592-470f-8bba-0023bd816f5a has been successfully formatted.
2019-09-17 11:54:36,919 [pool-47-thread-1] INFO  ratis.ContainerStateMachine (ContainerStateMachine.java:loadSnapshot(230)) - group-0023BD816F5A: The snapshot info is null. Setting the last applied indexto:(t:0, i:~)
2019-09-17 11:54:36,919 [pool-47-thread-1] INFO  server.RaftServerConfigKeys (ConfUtils.java:logGet(43)) - raft.server.notification.no-leader.timeout = 1000s (custom)
2019-09-17 11:54:36,920 [pool-47-thread-1] INFO  server.RaftServerConfigKeys (ConfUtils.java:logGet(43)) - raft.server.log.use.memory = false (default)
2019-09-17 11:54:36,920 [pool-47-thread-1] INFO  server.RaftServerConfigKeys (ConfUtils.java:logGet(43)) - raft.server.log.purge.gap = 1000000 (custom)
2019-09-17 11:54:36,920 [pool-47-thread-1] INFO  server.RaftServerConfigKeys (ConfUtils.java:logGet(43)) - raft.server.log.appender.buffer.byte-limit = 33554432 (custom)
2019-09-17 11:54:36,920 [pool-47-thread-1] INFO  server.RaftServerConfigKeys (ConfUtils.java:logGet(43)) - raft.server.log.segment.size.max = 1048576 (custom)
2019-09-17 11:54:36,920 [pool-47-thread-1] INFO  server.RaftServerConfigKeys (ConfUtils.java:logGet(43)) - raft.server.log.segment.cache.num.max = 2 (custom)
2019-09-17 11:54:36,920 [pool-47-thread-1] INFO  segmented.SegmentedRaftLogWorker (SegmentedRaftLogWorker.java:<init>(172)) - new a95e72a0-c640-494d-94d2-eb8581a587c8@group-0023BD816F5A-SegmentedRaftLogWorker for RaftStorage:Storage Directory /tmp/workdir/hadoop-ozone/integration-test/target/test-dir/MiniOzoneClusterImpl-6cd9616a-8204-4d25-9f97-41c3104ff346/datanode-2/data/ratis/946b8f1c-0592-470f-8bba-0023bd816f5a
2019-09-17 11:54:36,921 [pool-47-thread-1] INFO  server.RaftServerConfigKeys (ConfUtils.java:logGet(43)) - raft.server.log.queue.byte-limit = 2147483647 (custom)
2019-09-17 11:54:36,921 [pool-47-thread-1] INFO  server.RaftServerConfigKeys (ConfUtils.java:logGet(43)) - raft.server.log.queue.element-limit = 1024 (custom)
2019-09-17 11:54:36,921 [pool-47-thread-1] INFO  server.RaftServerConfigKeys (ConfUtils.java:logGet(43)) - raft.server.log.segment.size.max = 1048576 (custom)
2019-09-17 11:54:36,921 [pool-47-thread-1] INFO  server.RaftServerConfigKeys (ConfUtils.java:logGet(43)) - raft.server.log.preallocated.size = 16384 (custom)
2019-09-17 11:54:36,921 [pool-47-thread-1] INFO  server.RaftServerConfigKeys (ConfUtils.java:logGet(43)) - raft.server.log.write.buffer.size = 33554432 (custom)
2019-09-17 11:54:36,922 [pool-47-thread-1] INFO  server.RaftServerConfigKeys (ConfUtils.java:logGet(43)) - raft.server.log.force.sync.num = 128 (default)
2019-09-17 11:54:36,922 [pool-47-thread-1] INFO  server.RaftServerConfigKeys (ConfUtils.java:logGet(43)) - raft.server.log.statemachine.data.sync = true (default)
2019-09-17 11:54:36,922 [pool-47-thread-1] INFO  server.RaftServerConfigKeys (ConfUtils.java:logGet(43)) - raft.server.log.statemachine.data.sync.timeout = 10s (default)
2019-09-17 11:54:36,922 [pool-47-thread-1] INFO  server.RaftServerConfigKeys (ConfUtils.java:logGet(43)) - raft.server.log.statemachine.data.sync.timeout.retry = -1 (default)
2019-09-17 11:54:36,922 [pool-47-thread-1] INFO  server.RaftServerConfigKeys (ConfUtils.java:logGet(43)) - raft.server.log.statemachine.data.caching.enabled = true (custom)
2019-09-17 11:54:36,923 [pool-47-thread-1] INFO  segmented.SegmentedRaftLogWorker (SegmentedRaftLogWorker.java:lambda$new$0(132)) - a95e72a0-c640-494d-94d2-eb8581a587c8@group-0023BD816F5A-SegmentedRaftLogWorker: flushIndex: setUnconditionally 0 -> -1
2019-09-17 11:54:36,923 [pool-47-thread-1] INFO  server.RaftServerConfigKeys (ConfUtils.java:logGet(43)) - raft.server.snapshot.auto.trigger.enabled = true (custom)
2019-09-17 11:54:36,923 [pool-47-thread-1] INFO  server.RaftServerConfigKeys (ConfUtils.java:logGet(43)) - raft.server.snapshot.auto.trigger.threshold = 10000 (custom)
2019-09-17 11:54:36,923 [pool-47-thread-1] INFO  server.RaftServerConfigKeys (ConfUtils.java:logGet(43)) - raft.server.snapshot.retention.num.files = 5 (custom)
2019-09-17 11:54:36,923 [pool-47-thread-1] INFO  server.RaftServerConfigKeys (ConfUtils.java:logGet(43)) - raft.server.retrycache.expirytime = 600000ms (custom)
2019-09-17 11:54:36,927 [pool-47-thread-1] INFO  impl.RaftServerImpl (RaftServerImpl.java:start(185)) - a95e72a0-c640-494d-94d2-eb8581a587c8@group-0023BD816F5A: start as a follower, conf=-1: [a95e72a0-c640-494d-94d2-eb8581a587c8:192.168.157.219:44629], old=null
2019-09-17 11:54:36,927 [pool-47-thread-1] INFO  impl.RaftServerImpl (RaftServerImpl.java:setRole(174)) - a95e72a0-c640-494d-94d2-eb8581a587c8@group-0023BD816F5A: changes role from      null to FOLLOWER at term 0 for startAsFollower
2019-09-17 11:54:36,927 [pool-47-thread-1] INFO  impl.RoleInfo (RoleInfo.java:updateAndGet(143)) - a95e72a0-c640-494d-94d2-eb8581a587c8: start FollowerState
2019-09-17 11:54:36,928 [pool-47-thread-1] INFO  util.JmxRegister (JmxRegister.java:tryRegister(44)) - Successfully registered JMX Bean with object name Ratis:service=RaftServer,group=group-0023BD816F5A,id=a95e72a0-c640-494d-94d2-eb8581a587c8
2019-09-17 11:54:36,937 [RatisPipelineUtilsThread] INFO  pipeline.PipelineStateManager (PipelineStateManager.java:addPipeline(56)) - Created pipeline Pipeline[ Id: 946b8f1c-0592-470f-8bba-0023bd816f5a, Nodes: a95e72a0-c640-494d-94d2-eb8581a587c8{ip: 192.168.157.219, host: pr-hdds-2121-5jcdq-2838215776, networkLocation: /default-rack, certSerialId: null}, Type:RATIS, Factor:ONE, State:OPEN]
2019-09-17 11:54:36,961 [grpc-default-executor-1] INFO  impl.RaftServerProxy (RaftServerProxy.java:addNew(89)) - 67c7e9a7-aee5-4c8e-a5e3-f9ce8f8a3545: addNew group-C0DDD33A3797:[833585ea-9dec-4c25-9092-14925440c115:192.168.157.219:35600, 67c7e9a7-aee5-4c8e-a5e3-f9ce8f8a3545:192.168.157.219:34704, 4a022f8f-e3eb-4bf6-90be-e9913130d197:192.168.157.219:33827] returns group-C0DDD33A3797:java.util.concurrent.CompletableFuture@589cd0b4[Not completed]
2019-09-17 11:54:36,961 [grpc-default-executor-0] INFO  impl.RaftServerProxy (RaftServerProxy.java:addNew(89)) - 833585ea-9dec-4c25-9092-14925440c115: addNew group-C0DDD33A3797:[833585ea-9dec-4c25-9092-14925440c115:192.168.157.219:35600, 67c7e9a7-aee5-4c8e-a5e3-f9ce8f8a3545:192.168.157.219:34704, 4a022f8f-e3eb-4bf6-90be-e9913130d197:192.168.157.219:33827] returns group-C0DDD33A3797:java.util.concurrent.CompletableFuture@431be27e[Not completed]
2019-09-17 11:54:36,961 [grpc-default-executor-2] INFO  impl.RaftServerProxy (RaftServerProxy.java:addNew(89)) - 4a022f8f-e3eb-4bf6-90be-e9913130d197: addNew group-C0DDD33A3797:[833585ea-9dec-4c25-9092-14925440c115:192.168.157.219:35600, 67c7e9a7-aee5-4c8e-a5e3-f9ce8f8a3545:192.168.157.219:34704, 4a022f8f-e3eb-4bf6-90be-e9913130d197:192.168.157.219:33827] returns group-C0DDD33A3797:java.util.concurrent.CompletableFuture@77bdee49[Not completed]
2019-09-17 11:54:36,963 [pool-57-thread-1] INFO  impl.RaftServerImpl (RaftServerImpl.java:<init>(95)) - 833585ea-9dec-4c25-9092-14925440c115: new RaftServerImpl for group-C0DDD33A3797:[833585ea-9dec-4c25-9092-14925440c115:192.168.157.219:35600, 67c7e9a7-aee5-4c8e-a5e3-f9ce8f8a3545:192.168.157.219:34704, 4a022f8f-e3eb-4bf6-90be-e9913130d197:192.168.157.219:33827] with ContainerStateMachine:uninitialized
2019-09-17 11:54:36,963 [pool-57-thread-1] INFO  server.RaftServerConfigKeys (ConfUtils.java:logGet(43)) - raft.server.rpc.timeout.min = 5s (custom)
2019-09-17 11:54:36,963 [pool-57-thread-1] INFO  server.RaftServerConfigKeys (ConfUtils.java:logGet(43)) - raft.server.rpc.timeout.max = 5200ms (custom)
2019-09-17 11:54:36,963 [pool-57-thread-1] INFO  server.RaftServerConfigKeys (ConfUtils.java:logGet(43)) - raft.server.rpcslowness.timeout = 1000s (custom)
2019-09-17 11:54:36,963 [pool-57-thread-1] INFO  server.RaftServerConfigKeys (ConfUtils.java:logGet(43)) - raft.server.sleep.deviation.threshold = 300 (default)
2019-09-17 11:54:36,963 [pool-57-thread-1] INFO  server.RaftServerConfigKeys (ConfUtils.java:logGet(43)) - raft.server.log.appender.install.snapshot.enabled = false (custom)
2019-09-17 11:54:36,963 [pool-37-thread-1] INFO  impl.RaftServerImpl (RaftServerImpl.java:<init>(95)) - 4a022f8f-e3eb-4bf6-90be-e9913130d197: new RaftServerImpl for group-C0DDD33A3797:[833585ea-9dec-4c25-9092-14925440c115:192.168.157.219:35600, 67c7e9a7-aee5-4c8e-a5e3-f9ce8f8a3545:192.168.157.219:34704, 4a022f8f-e3eb-4bf6-90be-e9913130d197:192.168.157.219:33827] with ContainerStateMachine:uninitialized
2019-09-17 11:54:36,964 [pool-57-thread-1] INFO  impl.RaftServerImpl (ServerState.java:<init>(103)) - 833585ea-9dec-4c25-9092-14925440c115@group-C0DDD33A3797: ConfigurationManager, init=-1: [833585ea-9dec-4c25-9092-14925440c115:192.168.157.219:35600, 67c7e9a7-aee5-4c8e-a5e3-f9ce8f8a3545:192.168.157.219:34704, 4a022f8f-e3eb-4bf6-90be-e9913130d197:192.168.157.219:33827], old=null, confs=<EMPTY_MAP>
2019-09-17 11:54:36,964 [pool-37-thread-1] INFO  server.RaftServerConfigKeys (ConfUtils.java:logGet(43)) - raft.server.rpc.timeout.min = 5s (custom)
2019-09-17 11:54:36,964 [pool-57-thread-1] INFO  server.RaftServerConfigKeys (ConfUtils.java:logGet(43)) - raft.server.storage.dir = [/tmp/workdir/hadoop-ozone/integration-test/target/test-dir/MiniOzoneClusterImpl-6cd9616a-8204-4d25-9f97-41c3104ff346/datanode-3/data/ratis] (custom)
2019-09-17 11:54:36,964 [pool-37-thread-1] INFO  server.RaftServerConfigKeys (ConfUtils.java:logGet(43)) - raft.server.rpc.timeout.max = 5200ms (custom)
2019-09-17 11:54:36,964 [pool-37-thread-1] INFO  server.RaftServerConfigKeys (ConfUtils.java:logGet(43)) - raft.server.rpcslowness.timeout = 1000s (custom)
2019-09-17 11:54:36,964 [pool-37-thread-1] INFO  server.RaftServerConfigKeys (ConfUtils.java:logGet(43)) - raft.server.sleep.deviation.threshold = 300 (default)
2019-09-17 11:54:36,964 [pool-57-thread-1] INFO  storage.RaftStorageDirectory (RaftStorageDirectory.java:analyzeStorage(246)) - The storage directory /tmp/workdir/hadoop-ozone/integration-test/target/test-dir/MiniOzoneClusterImpl-6cd9616a-8204-4d25-9f97-41c3104ff346/datanode-3/data/ratis/0049ec0e-8202-42a2-ab05-c0ddd33a3797 does not exist. Creating ...
2019-09-17 11:54:36,964 [pool-37-thread-1] INFO  server.RaftServerConfigKeys (ConfUtils.java:logGet(43)) - raft.server.log.appender.install.snapshot.enabled = false (custom)
2019-09-17 11:54:36,965 [pool-37-thread-1] INFO  impl.RaftServerImpl (ServerState.java:<init>(103)) - 4a022f8f-e3eb-4bf6-90be-e9913130d197@group-C0DDD33A3797: ConfigurationManager, init=-1: [833585ea-9dec-4c25-9092-14925440c115:192.168.157.219:35600, 67c7e9a7-aee5-4c8e-a5e3-f9ce8f8a3545:192.168.157.219:34704, 4a022f8f-e3eb-4bf6-90be-e9913130d197:192.168.157.219:33827], old=null, confs=<EMPTY_MAP>
2019-09-17 11:54:36,965 [pool-37-thread-1] INFO  server.RaftServerConfigKeys (ConfUtils.java:logGet(43)) - raft.server.storage.dir = [/tmp/workdir/hadoop-ozone/integration-test/target/test-dir/MiniOzoneClusterImpl-6cd9616a-8204-4d25-9f97-41c3104ff346/datanode-1/data/ratis] (custom)
2019-09-17 11:54:36,965 [pool-27-thread-1] INFO  impl.RaftServerImpl (RaftServerImpl.java:<init>(95)) - 67c7e9a7-aee5-4c8e-a5e3-f9ce8f8a3545: new RaftServerImpl for group-C0DDD33A3797:[833585ea-9dec-4c25-9092-14925440c115:192.168.157.219:35600, 67c7e9a7-aee5-4c8e-a5e3-f9ce8f8a3545:192.168.157.219:34704, 4a022f8f-e3eb-4bf6-90be-e9913130d197:192.168.157.219:33827] with ContainerStateMachine:uninitialized
2019-09-17 11:54:36,965 [pool-37-thread-1] INFO  storage.RaftStorageDirectory (RaftStorageDirectory.java:analyzeStorage(246)) - The storage directory /tmp/workdir/hadoop-ozone/integration-test/target/test-dir/MiniOzoneClusterImpl-6cd9616a-8204-4d25-9f97-41c3104ff346/datanode-1/data/ratis/0049ec0e-8202-42a2-ab05-c0ddd33a3797 does not exist. Creating ...
2019-09-17 11:54:36,965 [pool-27-thread-1] INFO  server.RaftServerConfigKeys (ConfUtils.java:logGet(43)) - raft.server.rpc.timeout.min = 5s (custom)
2019-09-17 11:54:36,965 [pool-27-thread-1] INFO  server.RaftServerConfigKeys (ConfUtils.java:logGet(43)) - raft.server.rpc.timeout.max = 5200ms (custom)
2019-09-17 11:54:36,966 [pool-27-thread-1] INFO  server.RaftServerConfigKeys (ConfUtils.java:logGet(43)) - raft.server.rpcslowness.timeout = 1000s (custom)
2019-09-17 11:54:36,966 [pool-27-thread-1] INFO  server.RaftServerConfigKeys (ConfUtils.java:logGet(43)) - raft.server.sleep.deviation.threshold = 300 (default)
2019-09-17 11:54:36,966 [pool-27-thread-1] INFO  server.RaftServerConfigKeys (ConfUtils.java:logGet(43)) - raft.server.log.appender.install.snapshot.enabled = false (custom)
2019-09-17 11:54:36,966 [pool-27-thread-1] INFO  impl.RaftServerImpl (ServerState.java:<init>(103)) - 67c7e9a7-aee5-4c8e-a5e3-f9ce8f8a3545@group-C0DDD33A3797: ConfigurationManager, init=-1: [833585ea-9dec-4c25-9092-14925440c115:192.168.157.219:35600, 67c7e9a7-aee5-4c8e-a5e3-f9ce8f8a3545:192.168.157.219:34704, 4a022f8f-e3eb-4bf6-90be-e9913130d197:192.168.157.219:33827], old=null, confs=<EMPTY_MAP>
2019-09-17 11:54:36,966 [pool-27-thread-1] INFO  server.RaftServerConfigKeys (ConfUtils.java:logGet(43)) - raft.server.storage.dir = [/tmp/workdir/hadoop-ozone/integration-test/target/test-dir/MiniOzoneClusterImpl-6cd9616a-8204-4d25-9f97-41c3104ff346/datanode-0/data/ratis] (custom)
2019-09-17 11:54:36,967 [pool-27-thread-1] INFO  storage.RaftStorageDirectory (RaftStorageDirectory.java:analyzeStorage(246)) - The storage directory /tmp/workdir/hadoop-ozone/integration-test/target/test-dir/MiniOzoneClusterImpl-6cd9616a-8204-4d25-9f97-41c3104ff346/datanode-0/data/ratis/0049ec0e-8202-42a2-ab05-c0ddd33a3797 does not exist. Creating ...
2019-09-17 11:54:36,978 [pool-37-thread-1] INFO  storage.RaftStorageDirectory (RaftStorageDirectory.java:tryLock(328)) - Lock on /tmp/workdir/hadoop-ozone/integration-test/target/test-dir/MiniOzoneClusterImpl-6cd9616a-8204-4d25-9f97-41c3104ff346/datanode-1/data/ratis/0049ec0e-8202-42a2-ab05-c0ddd33a3797/in_use.lock acquired by nodename 24366@pr-hdds-2121-5jcdq-2838215776
2019-09-17 11:54:36,978 [pool-57-thread-1] INFO  storage.RaftStorageDirectory (RaftStorageDirectory.java:tryLock(328)) - Lock on /tmp/workdir/hadoop-ozone/integration-test/target/test-dir/MiniOzoneClusterImpl-6cd9616a-8204-4d25-9f97-41c3104ff346/datanode-3/data/ratis/0049ec0e-8202-42a2-ab05-c0ddd33a3797/in_use.lock acquired by nodename 24366@pr-hdds-2121-5jcdq-2838215776
2019-09-17 11:54:36,978 [pool-27-thread-1] INFO  storage.RaftStorageDirectory (RaftStorageDirectory.java:tryLock(328)) - Lock on /tmp/workdir/hadoop-ozone/integration-test/target/test-dir/MiniOzoneClusterImpl-6cd9616a-8204-4d25-9f97-41c3104ff346/datanode-0/data/ratis/0049ec0e-8202-42a2-ab05-c0ddd33a3797/in_use.lock acquired by nodename 24366@pr-hdds-2121-5jcdq-2838215776
2019-09-17 11:54:36,992 [pool-37-thread-1] INFO  storage.RaftStorage (RaftStorage.java:format(72)) - Storage directory /tmp/workdir/hadoop-ozone/integration-test/target/test-dir/MiniOzoneClusterImpl-6cd9616a-8204-4d25-9f97-41c3104ff346/datanode-1/data/ratis/0049ec0e-8202-42a2-ab05-c0ddd33a3797 has been successfully formatted.
2019-09-17 11:54:36,992 [pool-27-thread-1] INFO  storage.RaftStorage (RaftStorage.java:format(72)) - Storage directory /tmp/workdir/hadoop-ozone/integration-test/target/test-dir/MiniOzoneClusterImpl-6cd9616a-8204-4d25-9f97-41c3104ff346/datanode-0/data/ratis/0049ec0e-8202-42a2-ab05-c0ddd33a3797 has been successfully formatted.
2019-09-17 11:54:36,992 [pool-37-thread-1] INFO  ratis.ContainerStateMachine (ContainerStateMachine.java:loadSnapshot(230)) - group-C0DDD33A3797: The snapshot info is null. Setting the last applied indexto:(t:0, i:~)
2019-09-17 11:54:36,992 [pool-57-thread-1] INFO  storage.RaftStorage (RaftStorage.java:format(72)) - Storage directory /tmp/workdir/hadoop-ozone/integration-test/target/test-dir/MiniOzoneClusterImpl-6cd9616a-8204-4d25-9f97-41c3104ff346/datanode-3/data/ratis/0049ec0e-8202-42a2-ab05-c0ddd33a3797 has been successfully formatted.
2019-09-17 11:54:36,992 [pool-27-thread-1] INFO  ratis.ContainerStateMachine (ContainerStateMachine.java:loadSnapshot(230)) - group-C0DDD33A3797: The snapshot info is null. Setting the last applied indexto:(t:0, i:~)
2019-09-17 11:54:36,992 [pool-37-thread-1] INFO  server.RaftServerConfigKeys (ConfUtils.java:logGet(43)) - raft.server.notification.no-leader.timeout = 1000s (custom)
2019-09-17 11:54:36,992 [pool-27-thread-1] INFO  server.RaftServerConfigKeys (ConfUtils.java:logGet(43)) - raft.server.notification.no-leader.timeout = 1000s (custom)
2019-09-17 11:54:36,992 [pool-57-thread-1] INFO  ratis.ContainerStateMachine (ContainerStateMachine.java:loadSnapshot(230)) - group-C0DDD33A3797: The snapshot info is null. Setting the last applied indexto:(t:0, i:~)
2019-09-17 11:54:36,993 [pool-27-thread-1] INFO  server.RaftServerConfigKeys (ConfUtils.java:logGet(43)) - raft.server.log.use.memory = false (default)
2019-09-17 11:54:36,992 [pool-37-thread-1] INFO  server.RaftServerConfigKeys (ConfUtils.java:logGet(43)) - raft.server.log.use.memory = false (default)
2019-09-17 11:54:36,993 [pool-27-thread-1] INFO  server.RaftServerConfigKeys (ConfUtils.java:logGet(43)) - raft.server.log.purge.gap = 1000000 (custom)
2019-09-17 11:54:36,993 [pool-57-thread-1] INFO  server.RaftServerConfigKeys (ConfUtils.java:logGet(43)) - raft.server.notification.no-leader.timeout = 1000s (custom)
2019-09-17 11:54:36,993 [pool-27-thread-1] INFO  server.RaftServerConfigKeys (ConfUtils.java:logGet(43)) - raft.server.log.appender.buffer.byte-limit = 33554432 (custom)
2019-09-17 11:54:36,993 [pool-37-thread-1] INFO  server.RaftServerConfigKeys (ConfUtils.java:logGet(43)) - raft.server.log.purge.gap = 1000000 (custom)
2019-09-17 11:54:36,994 [pool-27-thread-1] INFO  server.RaftServerConfigKeys (ConfUtils.java:logGet(43)) - raft.server.log.segment.size.max = 1048576 (custom)
2019-09-17 11:54:36,993 [pool-57-thread-1] INFO  server.RaftServerConfigKeys (ConfUtils.java:logGet(43)) - raft.server.log.use.memory = false (default)
2019-09-17 11:54:36,994 [pool-27-thread-1] INFO  server.RaftServerConfigKeys (ConfUtils.java:logGet(43)) - raft.server.log.segment.cache.num.max = 2 (custom)
2019-09-17 11:54:36,994 [pool-37-thread-1] INFO  server.RaftServerConfigKeys (ConfUtils.java:logGet(43)) - raft.server.log.appender.buffer.byte-limit = 33554432 (custom)
2019-09-17 11:54:36,994 [pool-27-thread-1] INFO  segmented.SegmentedRaftLogWorker (SegmentedRaftLogWorker.java:<init>(172)) - new 67c7e9a7-aee5-4c8e-a5e3-f9ce8f8a3545@group-C0DDD33A3797-SegmentedRaftLogWorker for RaftStorage:Storage Directory /tmp/workdir/hadoop-ozone/integration-test/target/test-dir/MiniOzoneClusterImpl-6cd9616a-8204-4d25-9f97-41c3104ff346/datanode-0/data/ratis/0049ec0e-8202-42a2-ab05-c0ddd33a3797
2019-09-17 11:54:36,994 [pool-57-thread-1] INFO  server.RaftServerConfigKeys (ConfUtils.java:logGet(43)) - raft.server.log.purge.gap = 1000000 (custom)
2019-09-17 11:54:36,994 [pool-27-thread-1] INFO  server.RaftServerConfigKeys (ConfUtils.java:logGet(43)) - raft.server.log.queue.byte-limit = 2147483647 (custom)
2019-09-17 11:54:36,994 [pool-37-thread-1] INFO  server.RaftServerConfigKeys (ConfUtils.java:logGet(43)) - raft.server.log.segment.size.max = 1048576 (custom)
2019-09-17 11:54:36,995 [pool-27-thread-1] INFO  server.RaftServerConfigKeys (ConfUtils.java:logGet(43)) - raft.server.log.queue.element-limit = 1024 (custom)
2019-09-17 11:54:36,995 [pool-57-thread-1] INFO  server.RaftServerConfigKeys (ConfUtils.java:logGet(43)) - raft.server.log.appender.buffer.byte-limit = 33554432 (custom)
2019-09-17 11:54:36,995 [pool-37-thread-1] INFO  server.RaftServerConfigKeys (ConfUtils.java:logGet(43)) - raft.server.log.segment.cache.num.max = 2 (custom)
2019-09-17 11:54:36,995 [pool-27-thread-1] INFO  server.RaftServerConfigKeys (ConfUtils.java:logGet(43)) - raft.server.log.segment.size.max = 1048576 (custom)
2019-09-17 11:54:36,995 [pool-57-thread-1] INFO  server.RaftServerConfigKeys (ConfUtils.java:logGet(43)) - raft.server.log.segment.size.max = 1048576 (custom)
2019-09-17 11:54:36,995 [pool-27-thread-1] INFO  server.RaftServerConfigKeys (ConfUtils.java:logGet(43)) - raft.server.log.preallocated.size = 16384 (custom)
2019-09-17 11:54:36,995 [pool-37-thread-1] INFO  segmented.SegmentedRaftLogWorker (SegmentedRaftLogWorker.java:<init>(172)) - new 4a022f8f-e3eb-4bf6-90be-e9913130d197@group-C0DDD33A3797-SegmentedRaftLogWorker for RaftStorage:Storage Directory /tmp/workdir/hadoop-ozone/integration-test/target/test-dir/MiniOzoneClusterImpl-6cd9616a-8204-4d25-9f97-41c3104ff346/datanode-1/data/ratis/0049ec0e-8202-42a2-ab05-c0ddd33a3797
2019-09-17 11:54:36,996 [pool-27-thread-1] INFO  server.RaftServerConfigKeys (ConfUtils.java:logGet(43)) - raft.server.log.write.buffer.size = 33554432 (custom)
2019-09-17 11:54:36,996 [pool-57-thread-1] INFO  server.RaftServerConfigKeys (ConfUtils.java:logGet(43)) - raft.server.log.segment.cache.num.max = 2 (custom)
2019-09-17 11:54:36,996 [pool-27-thread-1] INFO  server.RaftServerConfigKeys (ConfUtils.java:logGet(43)) - raft.server.log.force.sync.num = 128 (default)
2019-09-17 11:54:36,996 [pool-37-thread-1] INFO  server.RaftServerConfigKeys (ConfUtils.java:logGet(43)) - raft.server.log.queue.byte-limit = 2147483647 (custom)
2019-09-17 11:54:36,996 [pool-27-thread-1] INFO  server.RaftServerConfigKeys (ConfUtils.java:logGet(43)) - raft.server.log.statemachine.data.sync = true (default)
2019-09-17 11:54:36,996 [pool-57-thread-1] INFO  segmented.SegmentedRaftLogWorker (SegmentedRaftLogWorker.java:<init>(172)) - new 833585ea-9dec-4c25-9092-14925440c115@group-C0DDD33A3797-SegmentedRaftLogWorker for RaftStorage:Storage Directory /tmp/workdir/hadoop-ozone/integration-test/target/test-dir/MiniOzoneClusterImpl-6cd9616a-8204-4d25-9f97-41c3104ff346/datanode-3/data/ratis/0049ec0e-8202-42a2-ab05-c0ddd33a3797
2019-09-17 11:54:36,997 [pool-27-thread-1] INFO  server.RaftServerConfigKeys (ConfUtils.java:logGet(43)) - raft.server.log.statemachine.data.sync.timeout = 10s (default)
2019-09-17 11:54:36,996 [pool-37-thread-1] INFO  server.RaftServerConfigKeys (ConfUtils.java:logGet(43)) - raft.server.log.queue.element-limit = 1024 (custom)
2019-09-17 11:54:36,997 [pool-27-thread-1] INFO  server.RaftServerConfigKeys (ConfUtils.java:logGet(43)) - raft.server.log.statemachine.data.sync.timeout.retry = -1 (default)
2019-09-17 11:54:36,997 [pool-57-thread-1] INFO  server.RaftServerConfigKeys (ConfUtils.java:logGet(43)) - raft.server.log.queue.byte-limit = 2147483647 (custom)
2019-09-17 11:54:36,997 [pool-27-thread-1] INFO  server.RaftServerConfigKeys (ConfUtils.java:logGet(43)) - raft.server.log.statemachine.data.caching.enabled = true (custom)
2019-09-17 11:54:36,997 [pool-37-thread-1] INFO  server.RaftServerConfigKeys (ConfUtils.java:logGet(43)) - raft.server.log.segment.size.max = 1048576 (custom)
2019-09-17 11:54:36,997 [pool-57-thread-1] INFO  server.RaftServerConfigKeys (ConfUtils.java:logGet(43)) - raft.server.log.queue.element-limit = 1024 (custom)
2019-09-17 11:54:36,998 [pool-37-thread-1] INFO  server.RaftServerConfigKeys (ConfUtils.java:logGet(43)) - raft.server.log.preallocated.size = 16384 (custom)
2019-09-17 11:54:36,998 [pool-37-thread-1] INFO  server.RaftServerConfigKeys (ConfUtils.java:logGet(43)) - raft.server.log.write.buffer.size = 33554432 (custom)
2019-09-17 11:54:36,998 [pool-27-thread-1] INFO  segmented.SegmentedRaftLogWorker (SegmentedRaftLogWorker.java:lambda$new$0(132)) - 67c7e9a7-aee5-4c8e-a5e3-f9ce8f8a3545@group-C0DDD33A3797-SegmentedRaftLogWorker: flushIndex: setUnconditionally 0 -> -1
2019-09-17 11:54:36,998 [pool-57-thread-1] INFO  server.RaftServerConfigKeys (ConfUtils.java:logGet(43)) - raft.server.log.segment.size.max = 1048576 (custom)
2019-09-17 11:54:36,998 [pool-37-thread-1] INFO  server.RaftServerConfigKeys (ConfUtils.java:logGet(43)) - raft.server.log.force.sync.num = 128 (default)
2019-09-17 11:54:36,998 [pool-57-thread-1] INFO  server.RaftServerConfigKeys (ConfUtils.java:logGet(43)) - raft.server.log.preallocated.size = 16384 (custom)
2019-09-17 11:54:36,999 [pool-37-thread-1] INFO  server.RaftServerConfigKeys (ConfUtils.java:logGet(43)) - raft.server.log.statemachine.data.sync = true (default)
2019-09-17 11:54:36,999 [pool-27-thread-1] INFO  server.RaftServerConfigKeys (ConfUtils.java:logGet(43)) - raft.server.snapshot.auto.trigger.enabled = true (custom)
2019-09-17 11:54:36,999 [pool-37-thread-1] INFO  server.RaftServerConfigKeys (ConfUtils.java:logGet(43)) - raft.server.log.statemachine.data.sync.timeout = 10s (default)
2019-09-17 11:54:36,999 [pool-37-thread-1] INFO  server.RaftServerConfigKeys (ConfUtils.java:logGet(43)) - raft.server.log.statemachine.data.sync.timeout.retry = -1 (default)
2019-09-17 11:54:36,999 [pool-57-thread-1] INFO  server.RaftServerConfigKeys (ConfUtils.java:logGet(43)) - raft.server.log.write.buffer.size = 33554432 (custom)
2019-09-17 11:54:36,999 [pool-37-thread-1] INFO  server.RaftServerConfigKeys (ConfUtils.java:logGet(43)) - raft.server.log.statemachine.data.caching.enabled = true (custom)
2019-09-17 11:54:36,999 [pool-27-thread-1] INFO  server.RaftServerConfigKeys (ConfUtils.java:logGet(43)) - raft.server.snapshot.auto.trigger.threshold = 10000 (custom)
2019-09-17 11:54:37,000 [pool-37-thread-1] INFO  segmented.SegmentedRaftLogWorker (SegmentedRaftLogWorker.java:lambda$new$0(132)) - 4a022f8f-e3eb-4bf6-90be-e9913130d197@group-C0DDD33A3797-SegmentedRaftLogWorker: flushIndex: setUnconditionally 0 -> -1
2019-09-17 11:54:36,999 [pool-57-thread-1] INFO  server.RaftServerConfigKeys (ConfUtils.java:logGet(43)) - raft.server.log.force.sync.num = 128 (default)
2019-09-17 11:54:37,000 [pool-27-thread-1] INFO  server.RaftServerConfigKeys (ConfUtils.java:logGet(43)) - raft.server.snapshot.retention.num.files = 5 (custom)
2019-09-17 11:54:37,000 [pool-57-thread-1] INFO  server.RaftServerConfigKeys (ConfUtils.java:logGet(43)) - raft.server.log.statemachine.data.sync = true (default)
2019-09-17 11:54:37,000 [pool-27-thread-1] INFO  server.RaftServerConfigKeys (ConfUtils.java:logGet(43)) - raft.server.retrycache.expirytime = 600000ms (custom)
2019-09-17 11:54:37,000 [pool-37-thread-1] INFO  server.RaftServerConfigKeys (ConfUtils.java:logGet(43)) - raft.server.snapshot.auto.trigger.enabled = true (custom)
2019-09-17 11:54:37,000 [pool-57-thread-1] INFO  server.RaftServerConfigKeys (ConfUtils.java:logGet(43)) - raft.server.log.statemachine.data.sync.timeout = 10s (default)
2019-09-17 11:54:37,001 [pool-37-thread-1] INFO  server.RaftServerConfigKeys (ConfUtils.java:logGet(43)) - raft.server.snapshot.auto.trigger.threshold = 10000 (custom)
2019-09-17 11:54:37,001 [pool-57-thread-1] INFO  server.RaftServerConfigKeys (ConfUtils.java:logGet(43)) - raft.server.log.statemachine.data.sync.timeout.retry = -1 (default)
2019-09-17 11:54:37,001 [pool-37-thread-1] INFO  server.RaftServerConfigKeys (ConfUtils.java:logGet(43)) - raft.server.snapshot.retention.num.files = 5 (custom)
2019-09-17 11:54:37,001 [pool-57-thread-1] INFO  server.RaftServerConfigKeys (ConfUtils.java:logGet(43)) - raft.server.log.statemachine.data.caching.enabled = true (custom)
2019-09-17 11:54:37,001 [pool-37-thread-1] INFO  server.RaftServerConfigKeys (ConfUtils.java:logGet(43)) - raft.server.retrycache.expirytime = 600000ms (custom)
2019-09-17 11:54:37,001 [pool-57-thread-1] INFO  segmented.SegmentedRaftLogWorker (SegmentedRaftLogWorker.java:lambda$new$0(132)) - 833585ea-9dec-4c25-9092-14925440c115@group-C0DDD33A3797-SegmentedRaftLogWorker: flushIndex: setUnconditionally 0 -> -1
2019-09-17 11:54:37,002 [pool-57-thread-1] INFO  server.RaftServerConfigKeys (ConfUtils.java:logGet(43)) - raft.server.snapshot.auto.trigger.enabled = true (custom)
2019-09-17 11:54:37,002 [pool-57-thread-1] INFO  server.RaftServerConfigKeys (ConfUtils.java:logGet(43)) - raft.server.snapshot.auto.trigger.threshold = 10000 (custom)
2019-09-17 11:54:37,002 [pool-57-thread-1] INFO  server.RaftServerConfigKeys (ConfUtils.java:logGet(43)) - raft.server.snapshot.retention.num.files = 5 (custom)
2019-09-17 11:54:37,002 [pool-57-thread-1] INFO  server.RaftServerConfigKeys (ConfUtils.java:logGet(43)) - raft.server.retrycache.expirytime = 600000ms (custom)
2019-09-17 11:54:37,013 [pool-27-thread-1] INFO  impl.RaftServerImpl (RaftServerImpl.java:start(185)) - 67c7e9a7-aee5-4c8e-a5e3-f9ce8f8a3545@group-C0DDD33A3797: start as a follower, conf=-1: [833585ea-9dec-4c25-9092-14925440c115:192.168.157.219:35600, 67c7e9a7-aee5-4c8e-a5e3-f9ce8f8a3545:192.168.157.219:34704, 4a022f8f-e3eb-4bf6-90be-e9913130d197:192.168.157.219:33827], old=null
2019-09-17 11:54:37,013 [pool-37-thread-1] INFO  impl.RaftServerImpl (RaftServerImpl.java:start(185)) - 4a022f8f-e3eb-4bf6-90be-e9913130d197@group-C0DDD33A3797: start as a follower, conf=-1: [833585ea-9dec-4c25-9092-14925440c115:192.168.157.219:35600, 67c7e9a7-aee5-4c8e-a5e3-f9ce8f8a3545:192.168.157.219:34704, 4a022f8f-e3eb-4bf6-90be-e9913130d197:192.168.157.219:33827], old=null
2019-09-17 11:54:37,014 [pool-27-thread-1] INFO  impl.RaftServerImpl (RaftServerImpl.java:setRole(174)) - 67c7e9a7-aee5-4c8e-a5e3-f9ce8f8a3545@group-C0DDD33A3797: changes role from      null to FOLLOWER at term 0 for startAsFollower
2019-09-17 11:54:37,014 [pool-57-thread-1] INFO  impl.RaftServerImpl (RaftServerImpl.java:start(185)) - 833585ea-9dec-4c25-9092-14925440c115@group-C0DDD33A3797: start as a follower, conf=-1: [833585ea-9dec-4c25-9092-14925440c115:192.168.157.219:35600, 67c7e9a7-aee5-4c8e-a5e3-f9ce8f8a3545:192.168.157.219:34704, 4a022f8f-e3eb-4bf6-90be-e9913130d197:192.168.157.219:33827], old=null
2019-09-17 11:54:37,014 [pool-37-thread-1] INFO  impl.RaftServerImpl (RaftServerImpl.java:setRole(174)) - 4a022f8f-e3eb-4bf6-90be-e9913130d197@group-C0DDD33A3797: changes role from      null to FOLLOWER at term 0 for startAsFollower
2019-09-17 11:54:37,014 [pool-57-thread-1] INFO  impl.RaftServerImpl (RaftServerImpl.java:setRole(174)) - 833585ea-9dec-4c25-9092-14925440c115@group-C0DDD33A3797: changes role from      null to FOLLOWER at term 0 for startAsFollower
2019-09-17 11:54:37,014 [pool-27-thread-1] INFO  impl.RoleInfo (RoleInfo.java:updateAndGet(143)) - 67c7e9a7-aee5-4c8e-a5e3-f9ce8f8a3545: start FollowerState
2019-09-17 11:54:37,015 [pool-57-thread-1] INFO  impl.RoleInfo (RoleInfo.java:updateAndGet(143)) - 833585ea-9dec-4c25-9092-14925440c115: start FollowerState
2019-09-17 11:54:37,015 [pool-37-thread-1] INFO  impl.RoleInfo (RoleInfo.java:updateAndGet(143)) - 4a022f8f-e3eb-4bf6-90be-e9913130d197: start FollowerState
2019-09-17 11:54:37,015 [pool-27-thread-1] INFO  util.JmxRegister (JmxRegister.java:tryRegister(44)) - Successfully registered JMX Bean with object name Ratis:service=RaftServer,group=group-C0DDD33A3797,id=67c7e9a7-aee5-4c8e-a5e3-f9ce8f8a3545
2019-09-17 11:54:37,015 [pool-37-thread-1] INFO  util.JmxRegister (JmxRegister.java:tryRegister(44)) - Successfully registered JMX Bean with object name Ratis:service=RaftServer,group=group-C0DDD33A3797,id=4a022f8f-e3eb-4bf6-90be-e9913130d197
2019-09-17 11:54:37,015 [pool-57-thread-1] INFO  util.JmxRegister (JmxRegister.java:tryRegister(44)) - Successfully registered JMX Bean with object name Ratis:service=RaftServer,group=group-C0DDD33A3797,id=833585ea-9dec-4c25-9092-14925440c115
2019-09-17 11:54:37,031 [RatisPipelineUtilsThread] INFO  pipeline.PipelineStateManager (PipelineStateManager.java:addPipeline(56)) - Created pipeline Pipeline[ Id: 0049ec0e-8202-42a2-ab05-c0ddd33a3797, Nodes: 833585ea-9dec-4c25-9092-14925440c115{ip: 192.168.157.219, host: pr-hdds-2121-5jcdq-2838215776, networkLocation: /default-rack, certSerialId: null}4a022f8f-e3eb-4bf6-90be-e9913130d197{ip: 192.168.157.219, host: pr-hdds-2121-5jcdq-2838215776, networkLocation: /default-rack, certSerialId: null}67c7e9a7-aee5-4c8e-a5e3-f9ce8f8a3545{ip: 192.168.157.219, host: pr-hdds-2121-5jcdq-2838215776, networkLocation: /default-rack, certSerialId: null}, Type:RATIS, Factor:THREE, State:OPEN]
2019-09-17 11:54:37,483 [Command processor thread] ERROR commandhandler.CloseContainerCommandHandler (CloseContainerCommandHandler.java:handle(84)) - Container #1 does not exist in datanode. Container close failed.
2019-09-17 11:54:37,484 [Command processor thread] ERROR commandhandler.CloseContainerCommandHandler (CloseContainerCommandHandler.java:handle(84)) - Container #1 does not exist in datanode. Container close failed.
2019-09-17 11:54:37,528 [Thread-193] INFO  container.ReplicationManager (ReplicationManager.java:start(169)) - Replication Monitor Thread is already running.
2019-09-17 11:54:37,560 [Command processor thread] ERROR commandhandler.CloseContainerCommandHandler (CloseContainerCommandHandler.java:handle(84)) - Container #1 does not exist in datanode. Container close failed.
2019-09-17 11:54:37,561 [Command processor thread] ERROR commandhandler.CloseContainerCommandHandler (CloseContainerCommandHandler.java:handle(84)) - Container #1 does not exist in datanode. Container close failed.
2019-09-17 11:54:37,705 [Command processor thread] ERROR commandhandler.CloseContainerCommandHandler (CloseContainerCommandHandler.java:handle(84)) - Container #1 does not exist in datanode. Container close failed.
2019-09-17 11:54:37,705 [Command processor thread] ERROR commandhandler.CloseContainerCommandHandler (CloseContainerCommandHandler.java:handle(84)) - Container #1 does not exist in datanode. Container close failed.
2019-09-17 11:54:37,717 [ReplicationMonitor] INFO  container.ReplicationManager (ReplicationManager.java:run(225)) - Replication Monitor Thread took 1 milliseconds for processing 1 containers.
2019-09-17 11:54:37,856 [grpc-default-executor-2] INFO  client.GrpcClientProtocolClient (GrpcClientProtocolClient.java:onNext(264)) - client-25FDC9413BDB->67c7e9a7-aee5-4c8e-a5e3-f9ce8f8a3545: receive RaftClientReply:client-25FDC9413BDB->67c7e9a7-aee5-4c8e-a5e3-f9ce8f8a3545@group-42389F6C2252, cid=8, FAILED org.apache.ratis.protocol.NotLeaderException: Server 67c7e9a7-aee5-4c8e-a5e3-f9ce8f8a3545@group-42389F6C2252 is not the leader, logIndex=0, commits[67c7e9a7-aee5-4c8e-a5e3-f9ce8f8a3545:c-1]
2019-09-17 11:54:38,892 [grpc-default-executor-0] INFO  client.GrpcClientProtocolClient (GrpcClientProtocolClient.java:onNext(264)) - client-25FDC9413BDB->4a022f8f-e3eb-4bf6-90be-e9913130d197: receive RaftClientReply:client-25FDC9413BDB->4a022f8f-e3eb-4bf6-90be-e9913130d197@group-42389F6C2252, cid=8, FAILED org.apache.ratis.protocol.NotLeaderException: Server 4a022f8f-e3eb-4bf6-90be-e9913130d197@group-42389F6C2252 is not the leader, logIndex=0, commits[4a022f8f-e3eb-4bf6-90be-e9913130d197:c-1]
2019-09-17 11:54:39,717 [ReplicationMonitor] INFO  container.ReplicationManager (ReplicationManager.java:run(225)) - Replication Monitor Thread took 0 milliseconds for processing 1 containers.
2019-09-17 11:54:39,919 [grpc-default-executor-0] INFO  client.GrpcClientProtocolClient (GrpcClientProtocolClient.java:onNext(264)) - client-25FDC9413BDB->67c7e9a7-aee5-4c8e-a5e3-f9ce8f8a3545: receive RaftClientReply:client-25FDC9413BDB->67c7e9a7-aee5-4c8e-a5e3-f9ce8f8a3545@group-42389F6C2252, cid=8, FAILED org.apache.ratis.protocol.NotLeaderException: Server 67c7e9a7-aee5-4c8e-a5e3-f9ce8f8a3545@group-42389F6C2252 is not the leader, logIndex=0, commits[67c7e9a7-aee5-4c8e-a5e3-f9ce8f8a3545:c-1]
2019-09-17 11:54:40,282 [Thread-195] INFO  impl.FollowerState (FollowerState.java:run(106)) - 67c7e9a7-aee5-4c8e-a5e3-f9ce8f8a3545:group-A923BC6A0404 changes to CANDIDATE, lastRpcTime:5018, electionTimeout:5017ms
2019-09-17 11:54:40,285 [Thread-195] INFO  impl.RoleInfo (RoleInfo.java:shutdownFollowerState(121)) - 67c7e9a7-aee5-4c8e-a5e3-f9ce8f8a3545: shutdown FollowerState
2019-09-17 11:54:40,285 [Thread-195] INFO  impl.RaftServerImpl (RaftServerImpl.java:setRole(174)) - 67c7e9a7-aee5-4c8e-a5e3-f9ce8f8a3545@group-A923BC6A0404: changes role from  FOLLOWER to CANDIDATE at term 0 for changeToCandidate
2019-09-17 11:54:40,289 [Thread-195] INFO  impl.RoleInfo (RoleInfo.java:updateAndGet(143)) - 67c7e9a7-aee5-4c8e-a5e3-f9ce8f8a3545: start LeaderElection
2019-09-17 11:54:40,306 [67c7e9a7-aee5-4c8e-a5e3-f9ce8f8a3545@group-A923BC6A0404:LeaderElection1] INFO  impl.LeaderElection (LeaderElection.java:askForVotes(182)) - 67c7e9a7-aee5-4c8e-a5e3-f9ce8f8a3545@group-A923BC6A0404:LeaderElection1: begin an election at term 1 for -1: [67c7e9a7-aee5-4c8e-a5e3-f9ce8f8a3545:192.168.157.219:34704], old=null
2019-09-17 11:54:40,307 [67c7e9a7-aee5-4c8e-a5e3-f9ce8f8a3545@group-A923BC6A0404:LeaderElection1] INFO  impl.RoleInfo (RoleInfo.java:shutdownLeaderElection(134)) - 67c7e9a7-aee5-4c8e-a5e3-f9ce8f8a3545: shutdown LeaderElection
2019-09-17 11:54:40,308 [67c7e9a7-aee5-4c8e-a5e3-f9ce8f8a3545@group-A923BC6A0404:LeaderElection1] INFO  impl.RaftServerImpl (RaftServerImpl.java:setRole(174)) - 67c7e9a7-aee5-4c8e-a5e3-f9ce8f8a3545@group-A923BC6A0404: changes role from CANDIDATE to LEADER at term 1 for changeToLeader
2019-09-17 11:54:40,308 [67c7e9a7-aee5-4c8e-a5e3-f9ce8f8a3545@group-A923BC6A0404:LeaderElection1] INFO  impl.RaftServerImpl (ServerState.java:setLeader(253)) - 67c7e9a7-aee5-4c8e-a5e3-f9ce8f8a3545@group-A923BC6A0404: change Leader from null to 67c7e9a7-aee5-4c8e-a5e3-f9ce8f8a3545 at term 1 for becomeLeader, leader elected after 5154ms
2019-09-17 11:54:40,314 [67c7e9a7-aee5-4c8e-a5e3-f9ce8f8a3545@group-A923BC6A0404:LeaderElection1] INFO  server.RaftServerConfigKeys (ConfUtils.java:logGet(43)) - raft.server.staging.catchup.gap = 1000 (default)
2019-09-17 11:54:40,314 [67c7e9a7-aee5-4c8e-a5e3-f9ce8f8a3545@group-A923BC6A0404:LeaderElection1] INFO  server.RaftServerConfigKeys (ConfUtils.java:logGet(43)) - raft.server.rpc.sleep.time = 25ms (default)
2019-09-17 11:54:40,317 [67c7e9a7-aee5-4c8e-a5e3-f9ce8f8a3545@group-A923BC6A0404:LeaderElection1] INFO  server.RaftServerConfigKeys (ConfUtils.java:logGet(43)) - raft.server.write.element-limit = 4096 (default)
2019-09-17 11:54:40,320 [67c7e9a7-aee5-4c8e-a5e3-f9ce8f8a3545@group-A923BC6A0404:LeaderElection1] INFO  server.RaftServerConfigKeys (ConfUtils.java:logGet(43)) - raft.server.watch.timeout = 10s (default)
2019-09-17 11:54:40,320 [67c7e9a7-aee5-4c8e-a5e3-f9ce8f8a3545@group-A923BC6A0404:LeaderElection1] INFO  server.RaftServerConfigKeys (ConfUtils.java:logGet(43)) - raft.server.watch.timeout.denomination = 1s (default)
2019-09-17 11:54:40,321 [67c7e9a7-aee5-4c8e-a5e3-f9ce8f8a3545@group-A923BC6A0404:LeaderElection1] INFO  server.RaftServerConfigKeys (ConfUtils.java:logGet(43)) - raft.server.watch.element-limit = 65536 (default)
2019-09-17 11:54:40,332 [67c7e9a7-aee5-4c8e-a5e3-f9ce8f8a3545@group-A923BC6A0404:LeaderElection1] INFO  impl.RoleInfo (RoleInfo.java:updateAndGet(143)) - 67c7e9a7-aee5-4c8e-a5e3-f9ce8f8a3545: start LeaderState
2019-09-17 11:54:40,352 [67c7e9a7-aee5-4c8e-a5e3-f9ce8f8a3545@group-A923BC6A0404:LeaderElection1] INFO  segmented.SegmentedRaftLogWorker (SegmentedRaftLogWorker.java:startLogSegment(380)) - 67c7e9a7-aee5-4c8e-a5e3-f9ce8f8a3545@group-A923BC6A0404-SegmentedRaftLogWorker: Starting segment from index:0
2019-09-17 11:54:40,361 [67c7e9a7-aee5-4c8e-a5e3-f9ce8f8a3545@group-A923BC6A0404:LeaderElection1] INFO  impl.RaftServerImpl (ServerState.java:setRaftConf(354)) - 67c7e9a7-aee5-4c8e-a5e3-f9ce8f8a3545@group-A923BC6A0404: set configuration 0: [67c7e9a7-aee5-4c8e-a5e3-f9ce8f8a3545:192.168.157.219:34704], old=null at 0
2019-09-17 11:54:40,600 [67c7e9a7-aee5-4c8e-a5e3-f9ce8f8a3545@group-A923BC6A0404-SegmentedRaftLogWorker] INFO  segmented.SegmentedRaftLogWorker (SegmentedRaftLogWorker.java:execute(569)) - 67c7e9a7-aee5-4c8e-a5e3-f9ce8f8a3545@group-A923BC6A0404-SegmentedRaftLogWorker: created new log segment /tmp/workdir/hadoop-ozone/integration-test/target/test-dir/MiniOzoneClusterImpl-6cd9616a-8204-4d25-9f97-41c3104ff346/datanode-0/data/ratis/877fb2ad-926d-4772-b628-a923bc6a0404/current/log_inprogress_0
2019-09-17 11:54:40,611 [Thread-198] INFO  impl.FollowerState (FollowerState.java:run(106)) - 833585ea-9dec-4c25-9092-14925440c115:group-6D11D9BC1034 changes to CANDIDATE, lastRpcTime:5169, electionTimeout:5168ms
2019-09-17 11:54:40,613 [Thread-198] INFO  impl.RoleInfo (RoleInfo.java:shutdownFollowerState(121)) - 833585ea-9dec-4c25-9092-14925440c115: shutdown FollowerState
2019-09-17 11:54:40,613 [Thread-198] INFO  impl.RaftServerImpl (RaftServerImpl.java:setRole(174)) - 833585ea-9dec-4c25-9092-14925440c115@group-6D11D9BC1034: changes role from  FOLLOWER to CANDIDATE at term 0 for changeToCandidate
2019-09-17 11:54:40,613 [Thread-198] INFO  impl.RoleInfo (RoleInfo.java:updateAndGet(143)) - 833585ea-9dec-4c25-9092-14925440c115: start LeaderElection
2019-09-17 11:54:40,630 [833585ea-9dec-4c25-9092-14925440c115@group-6D11D9BC1034:LeaderElection2] INFO  impl.LeaderElection (LeaderElection.java:askForVotes(182)) - 833585ea-9dec-4c25-9092-14925440c115@group-6D11D9BC1034:LeaderElection2: begin an election at term 1 for -1: [833585ea-9dec-4c25-9092-14925440c115:192.168.157.219:35600], old=null
2019-09-17 11:54:40,631 [833585ea-9dec-4c25-9092-14925440c115@group-6D11D9BC1034:LeaderElection2] INFO  impl.RoleInfo (RoleInfo.java:shutdownLeaderElection(134)) - 833585ea-9dec-4c25-9092-14925440c115: shutdown LeaderElection
2019-09-17 11:54:40,631 [833585ea-9dec-4c25-9092-14925440c115@group-6D11D9BC1034:LeaderElection2] INFO  impl.RaftServerImpl (RaftServerImpl.java:setRole(174)) - 833585ea-9dec-4c25-9092-14925440c115@group-6D11D9BC1034: changes role from CANDIDATE to LEADER at term 1 for changeToLeader
2019-09-17 11:54:40,631 [833585ea-9dec-4c25-9092-14925440c115@group-6D11D9BC1034:LeaderElection2] INFO  impl.RaftServerImpl (ServerState.java:setLeader(253)) - 833585ea-9dec-4c25-9092-14925440c115@group-6D11D9BC1034: change Leader from null to 833585ea-9dec-4c25-9092-14925440c115 at term 1 for becomeLeader, leader elected after 5208ms
2019-09-17 11:54:40,631 [833585ea-9dec-4c25-9092-14925440c115@group-6D11D9BC1034:LeaderElection2] INFO  server.RaftServerConfigKeys (ConfUtils.java:logGet(43)) - raft.server.staging.catchup.gap = 1000 (default)
2019-09-17 11:54:40,632 [833585ea-9dec-4c25-9092-14925440c115@group-6D11D9BC1034:LeaderElection2] INFO  server.RaftServerConfigKeys (ConfUtils.java:logGet(43)) - raft.server.rpc.sleep.time = 25ms (default)
2019-09-17 11:54:40,632 [833585ea-9dec-4c25-9092-14925440c115@group-6D11D9BC1034:LeaderElection2] INFO  server.RaftServerConfigKeys (ConfUtils.java:logGet(43)) - raft.server.write.element-limit = 4096 (default)
2019-09-17 11:54:40,632 [833585ea-9dec-4c25-9092-14925440c115@group-6D11D9BC1034:LeaderElection2] INFO  server.RaftServerConfigKeys (ConfUtils.java:logGet(43)) - raft.server.watch.timeout = 10s (default)
2019-09-17 11:54:40,632 [833585ea-9dec-4c25-9092-14925440c115@group-6D11D9BC1034:LeaderElection2] INFO  server.RaftServerConfigKeys (ConfUtils.java:logGet(43)) - raft.server.watch.timeout.denomination = 1s (default)
2019-09-17 11:54:40,632 [833585ea-9dec-4c25-9092-14925440c115@group-6D11D9BC1034:LeaderElection2] INFO  server.RaftServerConfigKeys (ConfUtils.java:logGet(43)) - raft.server.watch.element-limit = 65536 (default)
2019-09-17 11:54:40,635 [833585ea-9dec-4c25-9092-14925440c115@group-6D11D9BC1034:LeaderElection2] INFO  impl.RoleInfo (RoleInfo.java:updateAndGet(143)) - 833585ea-9dec-4c25-9092-14925440c115: start LeaderState
2019-09-17 11:54:40,636 [833585ea-9dec-4c25-9092-14925440c115@group-6D11D9BC1034:LeaderElection2] INFO  segmented.SegmentedRaftLogWorker (SegmentedRaftLogWorker.java:startLogSegment(380)) - 833585ea-9dec-4c25-9092-14925440c115@group-6D11D9BC1034-SegmentedRaftLogWorker: Starting segment from index:0
2019-09-17 11:54:40,636 [833585ea-9dec-4c25-9092-14925440c115@group-6D11D9BC1034:LeaderElection2] INFO  impl.RaftServerImpl (ServerState.java:setRaftConf(354)) - 833585ea-9dec-4c25-9092-14925440c115@group-6D11D9BC1034: set configuration 0: [833585ea-9dec-4c25-9092-14925440c115:192.168.157.219:35600], old=null at 0
2019-09-17 11:54:40,672 [Thread-201] INFO  impl.FollowerState (FollowerState.java:run(106)) - 4a022f8f-e3eb-4bf6-90be-e9913130d197:group-83C782792389 changes to CANDIDATE, lastRpcTime:5105, electionTimeout:5105ms
2019-09-17 11:54:40,673 [Thread-201] INFO  impl.RoleInfo (RoleInfo.java:shutdownFollowerState(121)) - 4a022f8f-e3eb-4bf6-90be-e9913130d197: shutdown FollowerState
2019-09-17 11:54:40,673 [Thread-201] INFO  impl.RaftServerImpl (RaftServerImpl.java:setRole(174)) - 4a022f8f-e3eb-4bf6-90be-e9913130d197@group-83C782792389: changes role from  FOLLOWER to CANDIDATE at term 0 for changeToCandidate
2019-09-17 11:54:40,673 [Thread-201] INFO  impl.RoleInfo (RoleInfo.java:updateAndGet(143)) - 4a022f8f-e3eb-4bf6-90be-e9913130d197: start LeaderElection
2019-09-17 11:54:40,684 [833585ea-9dec-4c25-9092-14925440c115@group-6D11D9BC1034-SegmentedRaftLogWorker] INFO  segmented.SegmentedRaftLogWorker (SegmentedRaftLogWorker.java:execute(569)) - 833585ea-9dec-4c25-9092-14925440c115@group-6D11D9BC1034-SegmentedRaftLogWorker: created new log segment /tmp/workdir/hadoop-ozone/integration-test/target/test-dir/MiniOzoneClusterImpl-6cd9616a-8204-4d25-9f97-41c3104ff346/datanode-3/data/ratis/a79c7096-a8fb-451a-b2e2-6d11d9bc1034/current/log_inprogress_0
2019-09-17 11:54:40,685 [4a022f8f-e3eb-4bf6-90be-e9913130d197@group-83C782792389:LeaderElection3] INFO  impl.LeaderElection (LeaderElection.java:askForVotes(182)) - 4a022f8f-e3eb-4bf6-90be-e9913130d197@group-83C782792389:LeaderElection3: begin an election at term 1 for -1: [4a022f8f-e3eb-4bf6-90be-e9913130d197:192.168.157.219:33827], old=null
2019-09-17 11:54:40,685 [4a022f8f-e3eb-4bf6-90be-e9913130d197@group-83C782792389:LeaderElection3] INFO  impl.RoleInfo (RoleInfo.java:shutdownLeaderElection(134)) - 4a022f8f-e3eb-4bf6-90be-e9913130d197: shutdown LeaderElection
2019-09-17 11:54:40,685 [4a022f8f-e3eb-4bf6-90be-e9913130d197@group-83C782792389:LeaderElection3] INFO  impl.RaftServerImpl (RaftServerImpl.java:setRole(174)) - 4a022f8f-e3eb-4bf6-90be-e9913130d197@group-83C782792389: changes role from CANDIDATE to LEADER at term 1 for changeToLeader
2019-09-17 11:54:40,685 [4a022f8f-e3eb-4bf6-90be-e9913130d197@group-83C782792389:LeaderElection3] INFO  impl.RaftServerImpl (ServerState.java:setLeader(253)) - 4a022f8f-e3eb-4bf6-90be-e9913130d197@group-83C782792389: change Leader from null to 4a022f8f-e3eb-4bf6-90be-e9913130d197 at term 1 for becomeLeader, leader elected after 5156ms
2019-09-17 11:54:40,687 [4a022f8f-e3eb-4bf6-90be-e9913130d197@group-83C782792389:LeaderElection3] INFO  server.RaftServerConfigKeys (ConfUtils.java:logGet(43)) - raft.server.staging.catchup.gap = 1000 (default)
2019-09-17 11:54:40,687 [4a022f8f-e3eb-4bf6-90be-e9913130d197@group-83C782792389:LeaderElection3] INFO  server.RaftServerConfigKeys (ConfUtils.java:logGet(43)) - raft.server.rpc.sleep.time = 25ms (default)
2019-09-17 11:54:40,687 [4a022f8f-e3eb-4bf6-90be-e9913130d197@group-83C782792389:LeaderElection3] INFO  server.RaftServerConfigKeys (ConfUtils.java:logGet(43)) - raft.server.write.element-limit = 4096 (default)
2019-09-17 11:54:40,687 [4a022f8f-e3eb-4bf6-90be-e9913130d197@group-83C782792389:LeaderElection3] INFO  server.RaftServerConfigKeys (ConfUtils.java:logGet(43)) - raft.server.watch.timeout = 10s (default)
2019-09-17 11:54:40,687 [4a022f8f-e3eb-4bf6-90be-e9913130d197@group-83C782792389:LeaderElection3] INFO  server.RaftServerConfigKeys (ConfUtils.java:logGet(43)) - raft.server.watch.timeout.denomination = 1s (default)
2019-09-17 11:54:40,688 [4a022f8f-e3eb-4bf6-90be-e9913130d197@group-83C782792389:LeaderElection3] INFO  server.RaftServerConfigKeys (ConfUtils.java:logGet(43)) - raft.server.watch.element-limit = 65536 (default)
2019-09-17 11:54:40,690 [4a022f8f-e3eb-4bf6-90be-e9913130d197@group-83C782792389:LeaderElection3] INFO  impl.RoleInfo (RoleInfo.java:updateAndGet(143)) - 4a022f8f-e3eb-4bf6-90be-e9913130d197: start LeaderState
2019-09-17 11:54:40,691 [4a022f8f-e3eb-4bf6-90be-e9913130d197@group-83C782792389:LeaderElection3] INFO  segmented.SegmentedRaftLogWorker (SegmentedRaftLogWorker.java:startLogSegment(380)) - 4a022f8f-e3eb-4bf6-90be-e9913130d197@group-83C782792389-SegmentedRaftLogWorker: Starting segment from index:0
2019-09-17 11:54:40,691 [4a022f8f-e3eb-4bf6-90be-e9913130d197@group-83C782792389:LeaderElection3] INFO  impl.RaftServerImpl (ServerState.java:setRaftConf(354)) - 4a022f8f-e3eb-4bf6-90be-e9913130d197@group-83C782792389: set configuration 0: [4a022f8f-e3eb-4bf6-90be-e9913130d197:192.168.157.219:33827], old=null at 0
2019-09-17 11:54:40,727 [Thread-204] INFO  impl.FollowerState (FollowerState.java:run(106)) - a95e72a0-c640-494d-94d2-eb8581a587c8:group-7FC436538BA6 changes to CANDIDATE, lastRpcTime:5090, electionTimeout:5081ms
2019-09-17 11:54:40,727 [Thread-204] INFO  impl.RoleInfo (RoleInfo.java:shutdownFollowerState(121)) - a95e72a0-c640-494d-94d2-eb8581a587c8: shutdown FollowerState
2019-09-17 11:54:40,728 [Thread-204] INFO  impl.RaftServerImpl (RaftServerImpl.java:setRole(174)) - a95e72a0-c640-494d-94d2-eb8581a587c8@group-7FC436538BA6: changes role from  FOLLOWER to CANDIDATE at term 0 for changeToCandidate
2019-09-17 11:54:40,728 [Thread-204] INFO  impl.RoleInfo (RoleInfo.java:updateAndGet(143)) - a95e72a0-c640-494d-94d2-eb8581a587c8: start LeaderElection
2019-09-17 11:54:40,740 [4a022f8f-e3eb-4bf6-90be-e9913130d197@group-83C782792389-SegmentedRaftLogWorker] INFO  segmented.SegmentedRaftLogWorker (SegmentedRaftLogWorker.java:execute(569)) - 4a022f8f-e3eb-4bf6-90be-e9913130d197@group-83C782792389-SegmentedRaftLogWorker: created new log segment /tmp/workdir/hadoop-ozone/integration-test/target/test-dir/MiniOzoneClusterImpl-6cd9616a-8204-4d25-9f97-41c3104ff346/datanode-1/data/ratis/4720b1e3-b88d-4efd-9ec1-83c782792389/current/log_inprogress_0
2019-09-17 11:54:40,740 [a95e72a0-c640-494d-94d2-eb8581a587c8@group-7FC436538BA6:LeaderElection4] INFO  impl.LeaderElection (LeaderElection.java:askForVotes(182)) - a95e72a0-c640-494d-94d2-eb8581a587c8@group-7FC436538BA6:LeaderElection4: begin an election at term 1 for -1: [a95e72a0-c640-494d-94d2-eb8581a587c8:192.168.157.219:44629], old=null
2019-09-17 11:54:40,740 [a95e72a0-c640-494d-94d2-eb8581a587c8@group-7FC436538BA6:LeaderElection4] INFO  impl.RoleInfo (RoleInfo.java:shutdownLeaderElection(134)) - a95e72a0-c640-494d-94d2-eb8581a587c8: shutdown LeaderElection
2019-09-17 11:54:40,740 [a95e72a0-c640-494d-94d2-eb8581a587c8@group-7FC436538BA6:LeaderElection4] INFO  impl.RaftServerImpl (RaftServerImpl.java:setRole(174)) - a95e72a0-c640-494d-94d2-eb8581a587c8@group-7FC436538BA6: changes role from CANDIDATE to LEADER at term 1 for changeToLeader
2019-09-17 11:54:40,740 [a95e72a0-c640-494d-94d2-eb8581a587c8@group-7FC436538BA6:LeaderElection4] INFO  impl.RaftServerImpl (ServerState.java:setLeader(253)) - a95e72a0-c640-494d-94d2-eb8581a587c8@group-7FC436538BA6: change Leader from null to a95e72a0-c640-494d-94d2-eb8581a587c8 at term 1 for becomeLeader, leader elected after 5115ms
2019-09-17 11:54:40,742 [a95e72a0-c640-494d-94d2-eb8581a587c8@group-7FC436538BA6:LeaderElection4] INFO  server.RaftServerConfigKeys (ConfUtils.java:logGet(43)) - raft.server.staging.catchup.gap = 1000 (default)
2019-09-17 11:54:40,742 [a95e72a0-c640-494d-94d2-eb8581a587c8@group-7FC436538BA6:LeaderElection4] INFO  server.RaftServerConfigKeys (ConfUtils.java:logGet(43)) - raft.server.rpc.sleep.time = 25ms (default)
2019-09-17 11:54:40,742 [a95e72a0-c640-494d-94d2-eb8581a587c8@group-7FC436538BA6:LeaderElection4] INFO  server.RaftServerConfigKeys (ConfUtils.java:logGet(43)) - raft.server.write.element-limit = 4096 (default)
2019-09-17 11:54:40,743 [a95e72a0-c640-494d-94d2-eb8581a587c8@group-7FC436538BA6:LeaderElection4] INFO  server.RaftServerConfigKeys (ConfUtils.java:logGet(43)) - raft.server.watch.timeout = 10s (default)
2019-09-17 11:54:40,743 [a95e72a0-c640-494d-94d2-eb8581a587c8@group-7FC436538BA6:LeaderElection4] INFO  server.RaftServerConfigKeys (ConfUtils.java:logGet(43)) - raft.server.watch.timeout.denomination = 1s (default)
2019-09-17 11:54:40,743 [a95e72a0-c640-494d-94d2-eb8581a587c8@group-7FC436538BA6:LeaderElection4] INFO  server.RaftServerConfigKeys (ConfUtils.java:logGet(43)) - raft.server.watch.element-limit = 65536 (default)
2019-09-17 11:54:40,746 [a95e72a0-c640-494d-94d2-eb8581a587c8@group-7FC436538BA6:LeaderElection4] INFO  impl.RoleInfo (RoleInfo.java:updateAndGet(143)) - a95e72a0-c640-494d-94d2-eb8581a587c8: start LeaderState
2019-09-17 11:54:40,746 [a95e72a0-c640-494d-94d2-eb8581a587c8@group-7FC436538BA6:LeaderElection4] INFO  segmented.SegmentedRaftLogWorker (SegmentedRaftLogWorker.java:startLogSegment(380)) - a95e72a0-c640-494d-94d2-eb8581a587c8@group-7FC436538BA6-SegmentedRaftLogWorker: Starting segment from index:0
2019-09-17 11:54:40,747 [a95e72a0-c640-494d-94d2-eb8581a587c8@group-7FC436538BA6:LeaderElection4] INFO  impl.RaftServerImpl (ServerState.java:setRaftConf(354)) - a95e72a0-c640-494d-94d2-eb8581a587c8@group-7FC436538BA6: set configuration 0: [a95e72a0-c640-494d-94d2-eb8581a587c8:192.168.157.219:44629], old=null at 0
2019-09-17 11:54:40,781 [Thread-212] INFO  impl.FollowerState (FollowerState.java:run(106)) - 833585ea-9dec-4c25-9092-14925440c115:group-42389F6C2252 changes to CANDIDATE, lastRpcTime:5015, electionTimeout:5007ms
2019-09-17 11:54:40,781 [Thread-210] INFO  impl.FollowerState (FollowerState.java:run(106)) - 4a022f8f-e3eb-4bf6-90be-e9913130d197:group-42389F6C2252 changes to CANDIDATE, lastRpcTime:5024, electionTimeout:5009ms
2019-09-17 11:54:40,781 [Thread-212] INFO  impl.RoleInfo (RoleInfo.java:shutdownFollowerState(121)) - 833585ea-9dec-4c25-9092-14925440c115: shutdown FollowerState
2019-09-17 11:54:40,781 [Thread-210] INFO  impl.RoleInfo (RoleInfo.java:shutdownFollowerState(121)) - 4a022f8f-e3eb-4bf6-90be-e9913130d197: shutdown FollowerState
2019-09-17 11:54:40,781 [Thread-212] INFO  impl.RaftServerImpl (RaftServerImpl.java:setRole(174)) - 833585ea-9dec-4c25-9092-14925440c115@group-42389F6C2252: changes role from  FOLLOWER to CANDIDATE at term 0 for changeToCandidate
2019-09-17 11:54:40,782 [Thread-210] INFO  impl.RaftServerImpl (RaftServerImpl.java:setRole(174)) - 4a022f8f-e3eb-4bf6-90be-e9913130d197@group-42389F6C2252: changes role from  FOLLOWER to CANDIDATE at term 0 for changeToCandidate
2019-09-17 11:54:40,782 [Thread-212] INFO  impl.RoleInfo (RoleInfo.java:updateAndGet(143)) - 833585ea-9dec-4c25-9092-14925440c115: start LeaderElection
2019-09-17 11:54:40,782 [Thread-210] INFO  impl.RoleInfo (RoleInfo.java:updateAndGet(143)) - 4a022f8f-e3eb-4bf6-90be-e9913130d197: start LeaderElection
2019-09-17 11:54:40,794 [a95e72a0-c640-494d-94d2-eb8581a587c8@group-7FC436538BA6-SegmentedRaftLogWorker] INFO  segmented.SegmentedRaftLogWorker (SegmentedRaftLogWorker.java:execute(569)) - a95e72a0-c640-494d-94d2-eb8581a587c8@group-7FC436538BA6-SegmentedRaftLogWorker: created new log segment /tmp/workdir/hadoop-ozone/integration-test/target/test-dir/MiniOzoneClusterImpl-6cd9616a-8204-4d25-9f97-41c3104ff346/datanode-2/data/ratis/2a90ad5a-40dd-40bf-ac42-7fc436538ba6/current/log_inprogress_0
2019-09-17 11:54:40,794 [833585ea-9dec-4c25-9092-14925440c115@group-42389F6C2252:LeaderElection5] INFO  impl.LeaderElection (LeaderElection.java:askForVotes(182)) - 833585ea-9dec-4c25-9092-14925440c115@group-42389F6C2252:LeaderElection5: begin an election at term 1 for -1: [833585ea-9dec-4c25-9092-14925440c115:192.168.157.219:35600, 67c7e9a7-aee5-4c8e-a5e3-f9ce8f8a3545:192.168.157.219:34704, 4a022f8f-e3eb-4bf6-90be-e9913130d197:192.168.157.219:33827], old=null
2019-09-17 11:54:40,794 [4a022f8f-e3eb-4bf6-90be-e9913130d197@group-42389F6C2252:LeaderElection6] INFO  impl.LeaderElection (LeaderElection.java:askForVotes(182)) - 4a022f8f-e3eb-4bf6-90be-e9913130d197@group-42389F6C2252:LeaderElection6: begin an election at term 1 for -1: [833585ea-9dec-4c25-9092-14925440c115:192.168.157.219:35600, 67c7e9a7-aee5-4c8e-a5e3-f9ce8f8a3545:192.168.157.219:34704, 4a022f8f-e3eb-4bf6-90be-e9913130d197:192.168.157.219:33827], old=null
2019-09-17 11:54:40,828 [grpc-default-executor-2] INFO  impl.RaftServerImpl (RaftServerImpl.java:setRole(174)) - 67c7e9a7-aee5-4c8e-a5e3-f9ce8f8a3545@group-42389F6C2252: changes role from  FOLLOWER to FOLLOWER at term 1 for recognizeCandidate:833585ea-9dec-4c25-9092-14925440c115
2019-09-17 11:54:40,828 [grpc-default-executor-2] INFO  impl.RoleInfo (RoleInfo.java:shutdownFollowerState(121)) - 67c7e9a7-aee5-4c8e-a5e3-f9ce8f8a3545: shutdown FollowerState
2019-09-17 11:54:40,828 [grpc-default-executor-2] INFO  impl.RoleInfo (RoleInfo.java:updateAndGet(143)) - 67c7e9a7-aee5-4c8e-a5e3-f9ce8f8a3545: start FollowerState
2019-09-17 11:54:40,828 [Thread-214] INFO  impl.FollowerState (FollowerState.java:run(115)) - 67c7e9a7-aee5-4c8e-a5e3-f9ce8f8a3545: FollowerState was interrupted: java.lang.InterruptedException: sleep interrupted
2019-09-17 11:54:40,854 [833585ea-9dec-4c25-9092-14925440c115@group-42389F6C2252:LeaderElection5] INFO  impl.LeaderElection (LeaderElection.java:logAndReturn(56)) - 833585ea-9dec-4c25-9092-14925440c115@group-42389F6C2252:LeaderElection5: Election PASSED; received 2 response(s) [833585ea-9dec-4c25-9092-14925440c115<-67c7e9a7-aee5-4c8e-a5e3-f9ce8f8a3545#0:OK-t1, 833585ea-9dec-4c25-9092-14925440c115<-4a022f8f-e3eb-4bf6-90be-e9913130d197#0:FAIL-t1] and 0 exception(s); 833585ea-9dec-4c25-9092-14925440c115@group-42389F6C2252:t1, leader=null, voted=833585ea-9dec-4c25-9092-14925440c115, raftlog=833585ea-9dec-4c25-9092-14925440c115@group-42389F6C2252-SegmentedRaftLog:OPENED:c-1,f-1,i0, conf=-1: [833585ea-9dec-4c25-9092-14925440c115:192.168.157.219:35600, 67c7e9a7-aee5-4c8e-a5e3-f9ce8f8a3545:192.168.157.219:34704, 4a022f8f-e3eb-4bf6-90be-e9913130d197:192.168.157.219:33827], old=null
2019-09-17 11:54:40,854 [4a022f8f-e3eb-4bf6-90be-e9913130d197@group-42389F6C2252:LeaderElection6] INFO  impl.LeaderElection (LeaderElection.java:logAndReturn(56)) - 4a022f8f-e3eb-4bf6-90be-e9913130d197@group-42389F6C2252:LeaderElection6: Election REJECTED; received 2 response(s) [4a022f8f-e3eb-4bf6-90be-e9913130d197<-833585ea-9dec-4c25-9092-14925440c115#0:FAIL-t1, 4a022f8f-e3eb-4bf6-90be-e9913130d197<-67c7e9a7-aee5-4c8e-a5e3-f9ce8f8a3545#0:FAIL-t1] and 0 exception(s); 4a022f8f-e3eb-4bf6-90be-e9913130d197@group-42389F6C2252:t1, leader=null, voted=4a022f8f-e3eb-4bf6-90be-e9913130d197, raftlog=4a022f8f-e3eb-4bf6-90be-e9913130d197@group-42389F6C2252-SegmentedRaftLog:OPENED:c-1,f-1,i0, conf=-1: [833585ea-9dec-4c25-9092-14925440c115:192.168.157.219:35600, 67c7e9a7-aee5-4c8e-a5e3-f9ce8f8a3545:192.168.157.219:34704, 4a022f8f-e3eb-4bf6-90be-e9913130d197:192.168.157.219:33827], old=null
2019-09-17 11:54:40,854 [833585ea-9dec-4c25-9092-14925440c115@group-42389F6C2252:LeaderElection5] INFO  impl.RoleInfo (RoleInfo.java:shutdownLeaderElection(134)) - 833585ea-9dec-4c25-9092-14925440c115: shutdown LeaderElection
2019-09-17 11:54:40,856 [833585ea-9dec-4c25-9092-14925440c115@group-42389F6C2252:LeaderElection5] INFO  impl.RaftServerImpl (RaftServerImpl.java:setRole(174)) - 833585ea-9dec-4c25-9092-14925440c115@group-42389F6C2252: changes role from CANDIDATE to LEADER at term 1 for changeToLeader
2019-09-17 11:54:40,856 [4a022f8f-e3eb-4bf6-90be-e9913130d197@group-42389F6C2252:LeaderElection6] INFO  impl.RaftServerImpl (RaftServerImpl.java:setRole(174)) - 4a022f8f-e3eb-4bf6-90be-e9913130d197@group-42389F6C2252: changes role from CANDIDATE to FOLLOWER at term 1 for DISCOVERED_A_NEW_TERM
2019-09-17 11:54:40,856 [833585ea-9dec-4c25-9092-14925440c115@group-42389F6C2252:LeaderElection5] INFO  impl.RaftServerImpl (ServerState.java:setLeader(253)) - 833585ea-9dec-4c25-9092-14925440c115@group-42389F6C2252: change Leader from null to 833585ea-9dec-4c25-9092-14925440c115 at term 1 for becomeLeader, leader elected after 5110ms
2019-09-17 11:54:40,860 [4a022f8f-e3eb-4bf6-90be-e9913130d197@group-42389F6C2252:LeaderElection6] INFO  impl.RoleInfo (RoleInfo.java:shutdownLeaderElection(134)) - 4a022f8f-e3eb-4bf6-90be-e9913130d197: shutdown LeaderElection
2019-09-17 11:54:40,860 [833585ea-9dec-4c25-9092-14925440c115@group-42389F6C2252:LeaderElection5] INFO  server.RaftServerConfigKeys (ConfUtils.java:logGet(43)) - raft.server.staging.catchup.gap = 1000 (default)
2019-09-17 11:54:40,861 [4a022f8f-e3eb-4bf6-90be-e9913130d197@group-42389F6C2252:LeaderElection6] INFO  impl.RoleInfo (RoleInfo.java:updateAndGet(143)) - 4a022f8f-e3eb-4bf6-90be-e9913130d197: start FollowerState
2019-09-17 11:54:40,861 [833585ea-9dec-4c25-9092-14925440c115@group-42389F6C2252:LeaderElection5] INFO  server.RaftServerConfigKeys (ConfUtils.java:logGet(43)) - raft.server.rpc.sleep.time = 25ms (default)
2019-09-17 11:54:40,862 [833585ea-9dec-4c25-9092-14925440c115@group-42389F6C2252:LeaderElection5] INFO  server.RaftServerConfigKeys (ConfUtils.java:logGet(43)) - raft.server.write.element-limit = 4096 (default)
2019-09-17 11:54:40,862 [833585ea-9dec-4c25-9092-14925440c115@group-42389F6C2252:LeaderElection5] INFO  server.RaftServerConfigKeys (ConfUtils.java:logGet(43)) - raft.server.watch.timeout = 10s (default)
2019-09-17 11:54:40,862 [833585ea-9dec-4c25-9092-14925440c115@group-42389F6C2252:LeaderElection5] INFO  server.RaftServerConfigKeys (ConfUtils.java:logGet(43)) - raft.server.watch.timeout.denomination = 1s (default)
2019-09-17 11:54:40,862 [833585ea-9dec-4c25-9092-14925440c115@group-42389F6C2252:LeaderElection5] INFO  server.RaftServerConfigKeys (ConfUtils.java:logGet(43)) - raft.server.watch.element-limit = 65536 (default)
2019-09-17 11:54:40,867 [833585ea-9dec-4c25-9092-14925440c115@group-42389F6C2252:LeaderElection5] INFO  server.RaftServerConfigKeys (ConfUtils.java:logGet(43)) - raft.server.log.appender.snapshot.chunk.size.max = 16MB (=16777216) (default)
2019-09-17 11:54:40,867 [833585ea-9dec-4c25-9092-14925440c115@group-42389F6C2252:LeaderElection5] INFO  server.RaftServerConfigKeys (ConfUtils.java:logGet(43)) - raft.server.log.appender.buffer.byte-limit = 33554432 (custom)
2019-09-17 11:54:40,868 [833585ea-9dec-4c25-9092-14925440c115@group-42389F6C2252:LeaderElection5] INFO  server.RaftServerConfigKeys (ConfUtils.java:logGet(43)) - raft.server.log.appender.buffer.element-limit = 1 (custom)
2019-09-17 11:54:40,871 [833585ea-9dec-4c25-9092-14925440c115@group-42389F6C2252:LeaderElection5] INFO  grpc.GrpcConfigKeys$Server (ConfUtils.java:logGet(43)) - raft.grpc.server.leader.outstanding.appends.max = 128 (default)
2019-09-17 11:54:40,872 [833585ea-9dec-4c25-9092-14925440c115@group-42389F6C2252:LeaderElection5] INFO  server.RaftServerConfigKeys (ConfUtils.java:logGet(43)) - raft.server.rpc.request.timeout = 3000ms (default)
2019-09-17 11:54:40,873 [833585ea-9dec-4c25-9092-14925440c115@group-42389F6C2252:LeaderElection5] INFO  server.RaftServerConfigKeys (ConfUtils.java:logGet(43)) - raft.server.log.appender.install.snapshot.enabled = false (custom)
2019-09-17 11:54:40,874 [833585ea-9dec-4c25-9092-14925440c115@group-42389F6C2252:LeaderElection5] INFO  server.RaftServerConfigKeys (ConfUtils.java:logGet(43)) - raft.server.log.appender.snapshot.chunk.size.max = 16MB (=16777216) (default)
2019-09-17 11:54:40,874 [833585ea-9dec-4c25-9092-14925440c115@group-42389F6C2252:LeaderElection5] INFO  server.RaftServerConfigKeys (ConfUtils.java:logGet(43)) - raft.server.log.appender.buffer.byte-limit = 33554432 (custom)
2019-09-17 11:54:40,874 [833585ea-9dec-4c25-9092-14925440c115@group-42389F6C2252:LeaderElection5] INFO  server.RaftServerConfigKeys (ConfUtils.java:logGet(43)) - raft.server.log.appender.buffer.element-limit = 1 (custom)
2019-09-17 11:54:40,874 [833585ea-9dec-4c25-9092-14925440c115@group-42389F6C2252:LeaderElection5] INFO  grpc.GrpcConfigKeys$Server (ConfUtils.java:logGet(43)) - raft.grpc.server.leader.outstanding.appends.max = 128 (default)
2019-09-17 11:54:40,875 [833585ea-9dec-4c25-9092-14925440c115@group-42389F6C2252:LeaderElection5] INFO  server.RaftServerConfigKeys (ConfUtils.java:logGet(43)) - raft.server.rpc.request.timeout = 3000ms (default)
2019-09-17 11:54:40,875 [833585ea-9dec-4c25-9092-14925440c115@group-42389F6C2252:LeaderElection5] INFO  server.RaftServerConfigKeys (ConfUtils.java:logGet(43)) - raft.server.log.appender.install.snapshot.enabled = false (custom)
2019-09-17 11:54:40,876 [833585ea-9dec-4c25-9092-14925440c115@group-42389F6C2252:LeaderElection5] INFO  impl.RoleInfo (RoleInfo.java:updateAndGet(143)) - 833585ea-9dec-4c25-9092-14925440c115: start LeaderState
2019-09-17 11:54:40,876 [833585ea-9dec-4c25-9092-14925440c115@group-42389F6C2252:LeaderElection5] INFO  segmented.SegmentedRaftLogWorker (SegmentedRaftLogWorker.java:startLogSegment(380)) - 833585ea-9dec-4c25-9092-14925440c115@group-42389F6C2252-SegmentedRaftLogWorker: Starting segment from index:0
2019-09-17 11:54:40,877 [833585ea-9dec-4c25-9092-14925440c115@group-42389F6C2252:LeaderElection5] INFO  impl.RaftServerImpl (ServerState.java:setRaftConf(354)) - 833585ea-9dec-4c25-9092-14925440c115@group-42389F6C2252: set configuration 0: [833585ea-9dec-4c25-9092-14925440c115:192.168.157.219:35600, 67c7e9a7-aee5-4c8e-a5e3-f9ce8f8a3545:192.168.157.219:34704, 4a022f8f-e3eb-4bf6-90be-e9913130d197:192.168.157.219:33827], old=null at 0
2019-09-17 11:54:40,918 [833585ea-9dec-4c25-9092-14925440c115@group-42389F6C2252-SegmentedRaftLogWorker] INFO  segmented.SegmentedRaftLogWorker (SegmentedRaftLogWorker.java:execute(569)) - 833585ea-9dec-4c25-9092-14925440c115@group-42389F6C2252-SegmentedRaftLogWorker: created new log segment /tmp/workdir/hadoop-ozone/integration-test/target/test-dir/MiniOzoneClusterImpl-6cd9616a-8204-4d25-9f97-41c3104ff346/datanode-3/data/ratis/1c6599d8-841a-49c0-a8d9-42389f6c2252/current/log_inprogress_0
2019-09-17 11:54:40,926 [grpc-default-executor-2] INFO  impl.RaftServerImpl (ServerState.java:setLeader(253)) - 67c7e9a7-aee5-4c8e-a5e3-f9ce8f8a3545@group-42389F6C2252: change Leader from null to 833585ea-9dec-4c25-9092-14925440c115 at term 1 for appendEntries, leader elected after 5179ms
2019-09-17 11:54:40,926 [grpc-default-executor-0] INFO  impl.RaftServerImpl (ServerState.java:setLeader(253)) - 4a022f8f-e3eb-4bf6-90be-e9913130d197@group-42389F6C2252: change Leader from null to 833585ea-9dec-4c25-9092-14925440c115 at term 1 for appendEntries, leader elected after 5179ms
2019-09-17 11:54:40,953 [grpc-default-executor-0] INFO  impl.RaftServerImpl (ServerState.java:setRaftConf(354)) - 4a022f8f-e3eb-4bf6-90be-e9913130d197@group-42389F6C2252: set configuration 0: [833585ea-9dec-4c25-9092-14925440c115:192.168.157.219:35600, 67c7e9a7-aee5-4c8e-a5e3-f9ce8f8a3545:192.168.157.219:34704, 4a022f8f-e3eb-4bf6-90be-e9913130d197:192.168.157.219:33827], old=null at 0
2019-09-17 11:54:40,953 [grpc-default-executor-2] INFO  impl.RaftServerImpl (ServerState.java:setRaftConf(354)) - 67c7e9a7-aee5-4c8e-a5e3-f9ce8f8a3545@group-42389F6C2252: set configuration 0: [833585ea-9dec-4c25-9092-14925440c115:192.168.157.219:35600, 67c7e9a7-aee5-4c8e-a5e3-f9ce8f8a3545:192.168.157.219:34704, 4a022f8f-e3eb-4bf6-90be-e9913130d197:192.168.157.219:33827], old=null at 0
2019-09-17 11:54:40,953 [grpc-default-executor-0] INFO  segmented.SegmentedRaftLogWorker (SegmentedRaftLogWorker.java:startLogSegment(380)) - 4a022f8f-e3eb-4bf6-90be-e9913130d197@group-42389F6C2252-SegmentedRaftLogWorker: Starting segment from index:0
2019-09-17 11:54:40,953 [grpc-default-executor-2] INFO  segmented.SegmentedRaftLogWorker (SegmentedRaftLogWorker.java:startLogSegment(380)) - 67c7e9a7-aee5-4c8e-a5e3-f9ce8f8a3545@group-42389F6C2252-SegmentedRaftLogWorker: Starting segment from index:0
2019-09-17 11:54:40,994 [67c7e9a7-aee5-4c8e-a5e3-f9ce8f8a3545@group-42389F6C2252-SegmentedRaftLogWorker] INFO  segmented.SegmentedRaftLogWorker (SegmentedRaftLogWorker.java:execute(569)) - 67c7e9a7-aee5-4c8e-a5e3-f9ce8f8a3545@group-42389F6C2252-SegmentedRaftLogWorker: created new log segment /tmp/workdir/hadoop-ozone/integration-test/target/test-dir/MiniOzoneClusterImpl-6cd9616a-8204-4d25-9f97-41c3104ff346/datanode-0/data/ratis/1c6599d8-841a-49c0-a8d9-42389f6c2252/current/log_inprogress_0
2019-09-17 11:54:40,998 [4a022f8f-e3eb-4bf6-90be-e9913130d197@group-42389F6C2252-SegmentedRaftLogWorker] INFO  segmented.SegmentedRaftLogWorker (SegmentedRaftLogWorker.java:execute(569)) - 4a022f8f-e3eb-4bf6-90be-e9913130d197@group-42389F6C2252-SegmentedRaftLogWorker: created new log segment /tmp/workdir/hadoop-ozone/integration-test/target/test-dir/MiniOzoneClusterImpl-6cd9616a-8204-4d25-9f97-41c3104ff346/datanode-1/data/ratis/1c6599d8-841a-49c0-a8d9-42389f6c2252/current/log_inprogress_0
2019-09-17 11:54:41,161 [grpc-default-executor-3] INFO  client.GrpcClientProtocolClient (GrpcClientProtocolClient.java:onNext(264)) - client-25FDC9413BDB->833585ea-9dec-4c25-9092-14925440c115: receive RaftClientReply:client-25FDC9413BDB->833585ea-9dec-4c25-9092-14925440c115@group-42389F6C2252, cid=8, SUCCESS, logIndex=1, commits[833585ea-9dec-4c25-9092-14925440c115:c1, 67c7e9a7-aee5-4c8e-a5e3-f9ce8f8a3545:c0, 4a022f8f-e3eb-4bf6-90be-e9913130d197:c0]
2019-09-17 11:54:41,238 [grpc-default-executor-3] INFO  client.GrpcClientProtocolClient (GrpcClientProtocolClient.java:onNext(264)) - client-25FDC9413BDB->833585ea-9dec-4c25-9092-14925440c115: receive RaftClientReply:client-25FDC9413BDB->833585ea-9dec-4c25-9092-14925440c115@group-42389F6C2252, cid=10, SUCCESS, logIndex=3, commits[833585ea-9dec-4c25-9092-14925440c115:c4, 67c7e9a7-aee5-4c8e-a5e3-f9ce8f8a3545:c3, 4a022f8f-e3eb-4bf6-90be-e9913130d197:c3]
2019-09-17 11:54:41,256 [main] ERROR container.ContainerStateManager (ContainerStateManager.java:updateContainerState(335)) - Failed to update container state #1, reason: invalid state transition from state: CLOSING upon event: FINALIZE.
]]></system-out>
    <system-err><![CDATA[ERROR StatusLogger No Log4j 2 configuration file found. Using default configuration (logging only errors to the console), or user programmatically provided configurations. Set system property 'log4j2.debug' to show Log4j 2 internal initialization logging. See https://logging.apache.org/log4j/2.x/manual/configuration.html for instructions on how to configure Log4j 2
]]></system-err>
  </testcase>
</testsuite>