<?xml version="1.0" encoding="UTF-8"?>
<testsuite xmlns:xsi="http://www.w3.org/2001/XMLSchema-instance" xsi:noNamespaceSchemaLocation="https://maven.apache.org/surefire/maven-surefire-plugin/xsd/surefire-test-report.xsd" name="org.apache.hadoop.ozone.client.rpc.TestMultiBlockWritesWithDnFailures" time="137.135" tests="2" errors="1" skipped="0" failures="0">
  <properties>
    <property name="awt.toolkit" value="sun.awt.X11.XToolkit"/>
    <property name="file.encoding.pkg" value="sun.io"/>
    <property name="java.specification.version" value="1.8"/>
    <property name="sun.cpu.isalist" value=""/>
    <property name="sun.jnu.encoding" value="UTF-8"/>
    <property name="java.class.path" value="/tmp/workdir/hadoop-ozone/integration-test/target/test-classes:/tmp/workdir/hadoop-ozone/integration-test/target/classes:/home/user/.m2/repository/org/apache/hadoop/hadoop-ozone-common/0.5.0-SNAPSHOT/hadoop-ozone-common-0.5.0-SNAPSHOT.jar:/home/user/.m2/repository/org/apache/commons/commons-compress/1.4.1/commons-compress-1.4.1.jar:/home/user/.m2/repository/org/tukaani/xz/1.0/xz-1.0.jar:/home/user/.m2/repository/org/apache/hadoop/hadoop-common/3.2.0/hadoop-common-3.2.0.jar:/home/user/.m2/repository/org/apache/hadoop/hadoop-hdfs/3.2.0/hadoop-hdfs-3.2.0.jar:/home/user/.m2/repository/org/apache/hadoop/hadoop-hdfs-client/3.2.0/hadoop-hdfs-client-3.2.0.jar:/home/user/.m2/repository/com/fasterxml/jackson/core/jackson-annotations/2.9.5/jackson-annotations-2.9.5.jar:/home/user/.m2/repository/org/apache/hadoop/hadoop-hdds-common/0.5.0-SNAPSHOT/hadoop-hdds-common-0.5.0-SNAPSHOT.jar:/home/user/.m2/repository/javax/annotation/javax.annotation-api/1.2/javax.annotation-api-1.2.jar:/home/user/.m2/repository/org/apache/ratis/ratis-server/0.4.0-78e95b9-SNAPSHOT/ratis-server-0.4.0-78e95b9-SNAPSHOT.jar:/home/user/.m2/repository/org/apache/ratis/ratis-thirdparty-misc/0.2.0/ratis-thirdparty-misc-0.2.0.jar:/home/user/.m2/repository/org/apache/ratis/ratis-proto/0.4.0-78e95b9-SNAPSHOT/ratis-proto-0.4.0-78e95b9-SNAPSHOT.jar:/home/user/.m2/repository/org/apache/ratis/ratis-common/0.4.0-78e95b9-SNAPSHOT/ratis-common-0.4.0-78e95b9-SNAPSHOT.jar:/home/user/.m2/repository/org/apache/ratis/ratis-client/0.4.0-78e95b9-SNAPSHOT/ratis-client-0.4.0-78e95b9-SNAPSHOT.jar:/home/user/.m2/repository/org/apache/ratis/ratis-metrics/0.4.0-78e95b9-SNAPSHOT/ratis-metrics-0.4.0-78e95b9-SNAPSHOT.jar:/home/user/.m2/repository/com/github/joshelser/dropwizard-metrics-hadoop-metrics2-reporter/0.1.2/dropwizard-metrics-hadoop-metrics2-reporter-0.1.2.jar:/home/user/.m2/repository/io/dropwizard/metrics/metrics-jvm/3.2.5/metrics-jvm-3.2.5.jar:/home/user/.m2/repository/io/dropwizard/metrics/metrics-ganglia/3.2.5/metrics-ganglia-3.2.5.jar:/home/user/.m2/repository/info/ganglia/gmetric4j/gmetric4j/1.0.7/gmetric4j-1.0.7.jar:/home/user/.m2/repository/org/apache/ratis/ratis-netty/0.4.0-78e95b9-SNAPSHOT/ratis-netty-0.4.0-78e95b9-SNAPSHOT.jar:/home/user/.m2/repository/org/apache/ratis/ratis-grpc/0.4.0-78e95b9-SNAPSHOT/ratis-grpc-0.4.0-78e95b9-SNAPSHOT.jar:/home/user/.m2/repository/org/rocksdb/rocksdbjni/6.0.1/rocksdbjni-6.0.1.jar:/home/user/.m2/repository/org/apache/logging/log4j/log4j-api/2.11.0/log4j-api-2.11.0.jar:/home/user/.m2/repository/org/apache/logging/log4j/log4j-core/2.11.0/log4j-core-2.11.0.jar:/home/user/.m2/repository/com/lmax/disruptor/3.4.2/disruptor-3.4.2.jar:/home/user/.m2/repository/org/apache/commons/commons-pool2/2.6.0/commons-pool2-2.6.0.jar:/home/user/.m2/repository/org/bouncycastle/bcpkix-jdk15on/1.60/bcpkix-jdk15on-1.60.jar:/home/user/.m2/repository/commons-validator/commons-validator/1.6/commons-validator-1.6.jar:/home/user/.m2/repository/commons-digester/commons-digester/1.8.1/commons-digester-1.8.1.jar:/home/user/.m2/repository/io/jaegertracing/jaeger-client/0.33.1/jaeger-client-0.33.1.jar:/home/user/.m2/repository/io/jaegertracing/jaeger-thrift/0.33.1/jaeger-thrift-0.33.1.jar:/home/user/.m2/repository/org/apache/thrift/libthrift/0.11.0/libthrift-0.11.0.jar:/home/user/.m2/repository/com/squareup/okhttp3/okhttp/3.9.0/okhttp-3.9.0.jar:/home/user/.m2/repository/com/squareup/okio/okio/1.13.0/okio-1.13.0.jar:/home/user/.m2/repository/io/jaegertracing/jaeger-core/0.33.1/jaeger-core-0.33.1.jar:/home/user/.m2/repository/io/jaegertracing/jaeger-tracerresolver/0.33.1/jaeger-tracerresolver-0.33.1.jar:/home/user/.m2/repository/io/opentracing/contrib/opentracing-tracerresolver/0.1.5/opentracing-tracerresolver-0.1.5.jar:/home/user/.m2/repository/io/opentracing/opentracing-util/0.31.0/opentracing-util-0.31.0.jar:/home/user/.m2/repository/io/opentracing/opentracing-api/0.31.0/opentracing-api-0.31.0.jar:/home/user/.m2/repository/io/opentracing/opentracing-noop/0.31.0/opentracing-noop-0.31.0.jar:/home/user/.m2/repository/org/apache/hadoop/hadoop-hdds-server-framework/0.5.0-SNAPSHOT/hadoop-hdds-server-framework-0.5.0-SNAPSHOT.jar:/home/user/.m2/repository/org/apache/hadoop/hadoop-hdds-container-service/0.5.0-SNAPSHOT/hadoop-hdds-container-service-0.5.0-SNAPSHOT.jar:/home/user/.m2/repository/org/apache/hadoop/hadoop-hdds-client/0.5.0-SNAPSHOT/hadoop-hdds-client-0.5.0-SNAPSHOT.jar:/home/user/.m2/repository/org/apache/hadoop/hadoop-hdds-tools/0.5.0-SNAPSHOT/hadoop-hdds-tools-0.5.0-SNAPSHOT.jar:/home/user/.m2/repository/org/apache/hadoop/hadoop-hdds-server-scm/0.5.0-SNAPSHOT/hadoop-hdds-server-scm-0.5.0-SNAPSHOT.jar:/home/user/.m2/repository/org/apache/hadoop/hadoop-hdds-docs/0.5.0-SNAPSHOT/hadoop-hdds-docs-0.5.0-SNAPSHOT.jar:/home/user/.m2/repository/io/dropwizard/metrics/metrics-core/3.2.4/metrics-core-3.2.4.jar:/home/user/.m2/repository/org/hamcrest/hamcrest-all/1.3/hamcrest-all-1.3.jar:/home/user/.m2/repository/org/bouncycastle/bcprov-jdk15on/1.60/bcprov-jdk15on-1.60.jar:/home/user/.m2/repository/info/picocli/picocli/3.9.6/picocli-3.9.6.jar:/home/user/.m2/repository/com/google/protobuf/protobuf-java/2.5.0/protobuf-java-2.5.0.jar:/home/user/.m2/repository/com/google/guava/guava/11.0.2/guava-11.0.2.jar:/home/user/.m2/repository/org/apache/hadoop/hadoop-ozone-ozone-manager/0.5.0-SNAPSHOT/hadoop-ozone-ozone-manager-0.5.0-SNAPSHOT.jar:/home/user/.m2/repository/org/apache/hadoop/hadoop-minikdc/3.2.0/hadoop-minikdc-3.2.0.jar:/home/user/.m2/repository/commons-io/commons-io/2.5/commons-io-2.5.jar:/home/user/.m2/repository/org/apache/kerby/kerb-simplekdc/1.0.1/kerb-simplekdc-1.0.1.jar:/home/user/.m2/repository/org/apache/kerby/kerb-client/1.0.1/kerb-client-1.0.1.jar:/home/user/.m2/repository/org/apache/kerby/kerby-config/1.0.1/kerby-config-1.0.1.jar:/home/user/.m2/repository/org/apache/kerby/kerb-core/1.0.1/kerb-core-1.0.1.jar:/home/user/.m2/repository/org/apache/kerby/kerby-pkix/1.0.1/kerby-pkix-1.0.1.jar:/home/user/.m2/repository/org/apache/kerby/kerby-asn1/1.0.1/kerby-asn1-1.0.1.jar:/home/user/.m2/repository/org/apache/kerby/kerby-util/1.0.1/kerby-util-1.0.1.jar:/home/user/.m2/repository/org/apache/kerby/kerb-common/1.0.1/kerb-common-1.0.1.jar:/home/user/.m2/repository/org/apache/kerby/kerb-crypto/1.0.1/kerb-crypto-1.0.1.jar:/home/user/.m2/repository/org/apache/kerby/kerb-util/1.0.1/kerb-util-1.0.1.jar:/home/user/.m2/repository/org/apache/kerby/token-provider/1.0.1/token-provider-1.0.1.jar:/home/user/.m2/repository/org/apache/kerby/kerb-admin/1.0.1/kerb-admin-1.0.1.jar:/home/user/.m2/repository/org/apache/kerby/kerb-server/1.0.1/kerb-server-1.0.1.jar:/home/user/.m2/repository/org/apache/kerby/kerb-identity/1.0.1/kerb-identity-1.0.1.jar:/home/user/.m2/repository/org/apache/kerby/kerby-xdr/1.0.1/kerby-xdr-1.0.1.jar:/home/user/.m2/repository/org/slf4j/slf4j-log4j12/1.7.25/slf4j-log4j12-1.7.25.jar:/home/user/.m2/repository/org/apache/hadoop/hadoop-ozone-s3gateway/0.5.0-SNAPSHOT/hadoop-ozone-s3gateway-0.5.0-SNAPSHOT.jar:/home/user/.m2/repository/org/jboss/weld/servlet/weld-servlet/2.4.7.Final/weld-servlet-2.4.7.Final.jar:/home/user/.m2/repository/org/glassfish/jersey/containers/jersey-container-servlet-core/2.27/jersey-container-servlet-core-2.27.jar:/home/user/.m2/repository/org/glassfish/hk2/external/javax.inject/2.5.0-b42/javax.inject-2.5.0-b42.jar:/home/user/.m2/repository/org/glassfish/jersey/core/jersey-common/2.27/jersey-common-2.27.jar:/home/user/.m2/repository/org/glassfish/hk2/osgi-resource-locator/1.0.1/osgi-resource-locator-1.0.1.jar:/home/user/.m2/repository/javax/ws/rs/javax.ws.rs-api/2.1/javax.ws.rs-api-2.1.jar:/home/user/.m2/repository/org/glassfish/jersey/ext/cdi/jersey-cdi1x/2.27/jersey-cdi1x-2.27.jar:/home/user/.m2/repository/org/glassfish/jersey/inject/jersey-hk2/2.27/jersey-hk2-2.27.jar:/home/user/.m2/repository/org/glassfish/hk2/hk2-locator/2.5.0-b42/hk2-locator-2.5.0-b42.jar:/home/user/.m2/repository/org/javassist/javassist/3.22.0-CR2/javassist-3.22.0-CR2.jar:/home/user/.m2/repository/org/glassfish/hk2/hk2-api/2.5.0/hk2-api-2.5.0.jar:/home/user/.m2/repository/org/glassfish/hk2/external/jakarta.inject/2.5.0/jakarta.inject-2.5.0.jar:/home/user/.m2/repository/org/glassfish/hk2/hk2-utils/2.5.0/hk2-utils-2.5.0.jar:/home/user/.m2/repository/jakarta/annotation/jakarta.annotation-api/1.3.4/jakarta.annotation-api-1.3.4.jar:/home/user/.m2/repository/org/glassfish/hk2/external/aopalliance-repackaged/2.5.0/aopalliance-repackaged-2.5.0.jar:/home/user/.m2/repository/com/fasterxml/jackson/dataformat/jackson-dataformat-xml/2.9.0/jackson-dataformat-xml-2.9.0.jar:/home/user/.m2/repository/com/fasterxml/jackson/core/jackson-core/2.9.5/jackson-core-2.9.5.jar:/home/user/.m2/repository/com/fasterxml/jackson/module/jackson-module-jaxb-annotations/2.9.5/jackson-module-jaxb-annotations-2.9.5.jar:/home/user/.m2/repository/javax/enterprise/cdi-api/1.2/cdi-api-1.2.jar:/home/user/.m2/repository/javax/el/javax.el-api/3.0.0/javax.el-api-3.0.0.jar:/home/user/.m2/repository/javax/interceptor/javax.interceptor-api/1.2/javax.interceptor-api-1.2.jar:/home/user/.m2/repository/javax/inject/javax.inject/1/javax.inject-1.jar:/home/user/.m2/repository/com/sun/xml/bind/jaxb-impl/2.3.0.1/jaxb-impl-2.3.0.1.jar:/home/user/.m2/repository/com/sun/xml/bind/jaxb-core/2.3.0.1/jaxb-core-2.3.0.1.jar:/home/user/.m2/repository/javax/xml/bind/jaxb-api/2.3.0/jaxb-api-2.3.0.jar:/home/user/.m2/repository/javax/activation/activation/1.1.1/activation-1.1.1.jar:/home/user/.m2/repository/org/apache/hadoop/hadoop-ozone-csi/0.5.0-SNAPSHOT/hadoop-ozone-csi-0.5.0-SNAPSHOT.jar:/home/user/.m2/repository/com/google/protobuf/protobuf-java-util/3.5.1/protobuf-java-util-3.5.1.jar:/home/user/.m2/repository/org/apache/hadoop/hadoop-hdds-config/0.5.0-SNAPSHOT/hadoop-hdds-config-0.5.0-SNAPSHOT.jar:/home/user/.m2/repository/io/grpc/grpc-netty/1.17.1/grpc-netty-1.17.1.jar:/home/user/.m2/repository/io/grpc/grpc-core/1.17.1/grpc-core-1.17.1.jar:/home/user/.m2/repository/io/grpc/grpc-context/1.17.1/grpc-context-1.17.1.jar:/home/user/.m2/repository/com/google/errorprone/error_prone_annotations/2.2.0/error_prone_annotations-2.2.0.jar:/home/user/.m2/repository/org/codehaus/mojo/animal-sniffer-annotations/1.17/animal-sniffer-annotations-1.17.jar:/home/user/.m2/repository/io/opencensus/opencensus-api/0.17.0/opencensus-api-0.17.0.jar:/home/user/.m2/repository/io/opencensus/opencensus-contrib-grpc-metrics/0.17.0/opencensus-contrib-grpc-metrics-0.17.0.jar:/home/user/.m2/repository/io/netty/netty-codec-http2/4.1.30.Final/netty-codec-http2-4.1.30.Final.jar:/home/user/.m2/repository/io/netty/netty-codec-http/4.1.30.Final/netty-codec-http-4.1.30.Final.jar:/home/user/.m2/repository/io/netty/netty-codec/4.1.30.Final/netty-codec-4.1.30.Final.jar:/home/user/.m2/repository/io/netty/netty-handler/4.1.30.Final/netty-handler-4.1.30.Final.jar:/home/user/.m2/repository/io/netty/netty-handler-proxy/4.1.30.Final/netty-handler-proxy-4.1.30.Final.jar:/home/user/.m2/repository/io/netty/netty-codec-socks/4.1.30.Final/netty-codec-socks-4.1.30.Final.jar:/home/user/.m2/repository/io/netty/netty-transport-native-epoll/4.1.30.Final/netty-transport-native-epoll-4.1.30.Final.jar:/home/user/.m2/repository/io/netty/netty-common/4.1.30.Final/netty-common-4.1.30.Final.jar:/home/user/.m2/repository/io/netty/netty-buffer/4.1.30.Final/netty-buffer-4.1.30.Final.jar:/home/user/.m2/repository/io/netty/netty-transport/4.1.30.Final/netty-transport-4.1.30.Final.jar:/home/user/.m2/repository/io/netty/netty-resolver/4.1.30.Final/netty-resolver-4.1.30.Final.jar:/home/user/.m2/repository/io/netty/netty-transport-native-unix-common/4.1.30.Final/netty-transport-native-unix-common-4.1.30.Final.jar:/home/user/.m2/repository/io/grpc/grpc-protobuf/1.17.1/grpc-protobuf-1.17.1.jar:/home/user/.m2/repository/com/google/api/grpc/proto-google-common-protos/1.0.0/proto-google-common-protos-1.0.0.jar:/home/user/.m2/repository/io/grpc/grpc-protobuf-lite/1.17.1/grpc-protobuf-lite-1.17.1.jar:/home/user/.m2/repository/io/grpc/grpc-stub/1.17.1/grpc-stub-1.17.1.jar:/home/user/.m2/repository/org/apache/hadoop/hadoop-ozone-recon/0.5.0-SNAPSHOT/hadoop-ozone-recon-0.5.0-SNAPSHOT.jar:/home/user/.m2/repository/org/apache/hadoop/hadoop-ozone-reconcodegen/0.5.0-SNAPSHOT/hadoop-ozone-reconcodegen-0.5.0-SNAPSHOT.jar:/home/user/.m2/repository/com/google/inject/extensions/guice-multibindings/4.0/guice-multibindings-4.0.jar:/home/user/.m2/repository/com/google/inject/guice/4.0/guice-4.0.jar:/home/user/.m2/repository/aopalliance/aopalliance/1.0/aopalliance-1.0.jar:/home/user/.m2/repository/com/google/inject/extensions/guice-servlet/4.0/guice-servlet-4.0.jar:/home/user/.m2/repository/org/glassfish/jersey/containers/jersey-container-servlet/2.27/jersey-container-servlet-2.27.jar:/home/user/.m2/repository/org/glassfish/hk2/guice-bridge/2.5.0/guice-bridge-2.5.0.jar:/home/user/.m2/repository/org/glassfish/jersey/core/jersey-server/2.27/jersey-server-2.27.jar:/home/user/.m2/repository/org/glassfish/jersey/core/jersey-client/2.27/jersey-client-2.27.jar:/home/user/.m2/repository/org/glassfish/jersey/media/jersey-media-jaxb/2.27/jersey-media-jaxb-2.27.jar:/home/user/.m2/repository/javax/validation/validation-api/1.1.0.Final/validation-api-1.1.0.Final.jar:/home/user/.m2/repository/org/glassfish/jersey/media/jersey-media-json-jackson/2.27/jersey-media-json-jackson-2.27.jar:/home/user/.m2/repository/org/glassfish/jersey/ext/jersey-entity-filtering/2.27/jersey-entity-filtering-2.27.jar:/home/user/.m2/repository/com/google/inject/extensions/guice-assistedinject/4.0/guice-assistedinject-4.0.jar:/home/user/.m2/repository/org/jooq/jooq/3.11.10/jooq-3.11.10.jar:/home/user/.m2/repository/org/jooq/jooq-meta/3.11.10/jooq-meta-3.11.10.jar:/home/user/.m2/repository/org/jooq/jooq-codegen/3.11.10/jooq-codegen-3.11.10.jar:/home/user/.m2/repository/com/jolbox/bonecp/0.8.0.RELEASE/bonecp-0.8.0.RELEASE.jar:/home/user/.m2/repository/org/xerial/sqlite-jdbc/3.25.2/sqlite-jdbc-3.25.2.jar:/home/user/.m2/repository/org/springframework/spring-jdbc/5.1.3.RELEASE/spring-jdbc-5.1.3.RELEASE.jar:/home/user/.m2/repository/org/springframework/spring-beans/5.1.3.RELEASE/spring-beans-5.1.3.RELEASE.jar:/home/user/.m2/repository/org/springframework/spring-core/5.1.3.RELEASE/spring-core-5.1.3.RELEASE.jar:/home/user/.m2/repository/org/springframework/spring-jcl/5.1.3.RELEASE/spring-jcl-5.1.3.RELEASE.jar:/home/user/.m2/repository/org/springframework/spring-tx/5.1.3.RELEASE/spring-tx-5.1.3.RELEASE.jar:/home/user/.m2/repository/org/apache/hadoop/hadoop-ozone-client/0.5.0-SNAPSHOT/hadoop-ozone-client-0.5.0-SNAPSHOT.jar:/home/user/.m2/repository/commons-lang/commons-lang/2.6/commons-lang-2.6.jar:/home/user/.m2/repository/org/apache/hadoop/hadoop-ozone-ozone-manager/0.5.0-SNAPSHOT/hadoop-ozone-ozone-manager-0.5.0-SNAPSHOT-tests.jar:/home/user/.m2/repository/junit/junit/4.11/junit-4.11.jar:/home/user/.m2/repository/org/hamcrest/hamcrest-core/1.3/hamcrest-core-1.3.jar:/home/user/.m2/repository/org/openjdk/jmh/jmh-core/1.19/jmh-core-1.19.jar:/home/user/.m2/repository/net/sf/jopt-simple/jopt-simple/4.6/jopt-simple-4.6.jar:/home/user/.m2/repository/org/apache/commons/commons-math3/3.1.1/commons-math3-3.1.1.jar:/home/user/.m2/repository/org/openjdk/jmh/jmh-generator-annprocess/1.19/jmh-generator-annprocess-1.19.jar:/home/user/.m2/repository/org/mockito/mockito-all/1.8.5/mockito-all-1.8.5.jar:/home/user/.m2/repository/org/apache/hadoop/hadoop-kms/3.2.0/hadoop-kms-3.2.0.jar:/home/user/.m2/repository/org/apache/hadoop/hadoop-auth/3.2.0/hadoop-auth-3.2.0.jar:/home/user/.m2/repository/com/nimbusds/nimbus-jose-jwt/4.41.1/nimbus-jose-jwt-4.41.1.jar:/home/user/.m2/repository/com/github/stephenc/jcip/jcip-annotations/1.0-1/jcip-annotations-1.0-1.jar:/home/user/.m2/repository/net/minidev/json-smart/2.3/json-smart-2.3.jar:/home/user/.m2/repository/net/minidev/accessors-smart/1.2/accessors-smart-1.2.jar:/home/user/.m2/repository/org/ow2/asm/asm/5.0.4/asm-5.0.4.jar:/home/user/.m2/repository/org/apache/curator/curator-framework/2.12.0/curator-framework-2.12.0.jar:/home/user/.m2/repository/com/sun/jersey/jersey-core/1.19/jersey-core-1.19.jar:/home/user/.m2/repository/javax/ws/rs/jsr311-api/1.1.1/jsr311-api-1.1.1.jar:/home/user/.m2/repository/com/sun/jersey/jersey-server/1.19/jersey-server-1.19.jar:/home/user/.m2/repository/javax/servlet/javax.servlet-api/3.1.0/javax.servlet-api-3.1.0.jar:/home/user/.m2/repository/org/eclipse/jetty/jetty-server/9.3.24.v20180605/jetty-server-9.3.24.v20180605.jar:/home/user/.m2/repository/org/eclipse/jetty/jetty-http/9.3.24.v20180605/jetty-http-9.3.24.v20180605.jar:/home/user/.m2/repository/org/eclipse/jetty/jetty-io/9.3.24.v20180605/jetty-io-9.3.24.v20180605.jar:/home/user/.m2/repository/org/eclipse/jetty/jetty-webapp/9.3.24.v20180605/jetty-webapp-9.3.24.v20180605.jar:/home/user/.m2/repository/org/eclipse/jetty/jetty-xml/9.3.24.v20180605/jetty-xml-9.3.24.v20180605.jar:/home/user/.m2/repository/log4j/log4j/1.2.17/log4j-1.2.17.jar:/home/user/.m2/repository/org/slf4j/slf4j-api/1.7.25/slf4j-api-1.7.25.jar:/home/user/.m2/repository/org/slf4j/jul-to-slf4j/1.7.25/jul-to-slf4j-1.7.25.jar:/home/user/.m2/repository/org/eclipse/jetty/jetty-util/9.3.24.v20180605/jetty-util-9.3.24.v20180605.jar:/home/user/.m2/repository/com/fasterxml/jackson/core/jackson-databind/2.9.5/jackson-databind-2.9.5.jar:/home/user/.m2/repository/org/apache/hadoop/hadoop-kms/3.2.0/hadoop-kms-3.2.0-tests.jar:/home/user/.m2/repository/org/apache/hadoop/hadoop-hdds-server-scm/0.5.0-SNAPSHOT/hadoop-hdds-server-scm-0.5.0-SNAPSHOT-tests.jar:/home/user/.m2/repository/org/apache/hadoop/hadoop-hdds-container-service/0.5.0-SNAPSHOT/hadoop-hdds-container-service-0.5.0-SNAPSHOT-tests.jar:/home/user/.m2/repository/org/yaml/snakeyaml/1.16/snakeyaml-1.16.jar:/home/user/.m2/repository/org/apache/hadoop/hadoop-common/3.2.0/hadoop-common-3.2.0-tests.jar:/home/user/.m2/repository/org/apache/hadoop/hadoop-annotations/3.2.0/hadoop-annotations-3.2.0.jar:/usr/lib/jvm/java-1.8-openjdk/jre/../lib/tools.jar:/home/user/.m2/repository/commons-cli/commons-cli/1.2/commons-cli-1.2.jar:/home/user/.m2/repository/org/apache/httpcomponents/httpclient/4.5.2/httpclient-4.5.2.jar:/home/user/.m2/repository/org/apache/httpcomponents/httpcore/4.4.4/httpcore-4.4.4.jar:/home/user/.m2/repository/commons-codec/commons-codec/1.11/commons-codec-1.11.jar:/home/user/.m2/repository/commons-net/commons-net/3.6/commons-net-3.6.jar:/home/user/.m2/repository/commons-collections/commons-collections/3.2.2/commons-collections-3.2.2.jar:/home/user/.m2/repository/org/eclipse/jetty/jetty-servlet/9.3.24.v20180605/jetty-servlet-9.3.24.v20180605.jar:/home/user/.m2/repository/org/eclipse/jetty/jetty-security/9.3.24.v20180605/jetty-security-9.3.24.v20180605.jar:/home/user/.m2/repository/javax/servlet/jsp/jsp-api/2.1/jsp-api-2.1.jar:/home/user/.m2/repository/com/sun/jersey/jersey-servlet/1.19/jersey-servlet-1.19.jar:/home/user/.m2/repository/com/sun/jersey/jersey-json/1.19/jersey-json-1.19.jar:/home/user/.m2/repository/org/codehaus/jettison/jettison/1.1/jettison-1.1.jar:/home/user/.m2/repository/org/codehaus/jackson/jackson-core-asl/1.9.13/jackson-core-asl-1.9.13.jar:/home/user/.m2/repository/org/codehaus/jackson/jackson-mapper-asl/1.9.13/jackson-mapper-asl-1.9.13.jar:/home/user/.m2/repository/org/codehaus/jackson/jackson-jaxrs/1.9.13/jackson-jaxrs-1.9.13.jar:/home/user/.m2/repository/org/codehaus/jackson/jackson-xc/1.9.13/jackson-xc-1.9.13.jar:/home/user/.m2/repository/commons-logging/commons-logging/1.1.3/commons-logging-1.1.3.jar:/home/user/.m2/repository/commons-beanutils/commons-beanutils/1.9.3/commons-beanutils-1.9.3.jar:/home/user/.m2/repository/org/apache/commons/commons-configuration2/2.1.1/commons-configuration2-2.1.1.jar:/home/user/.m2/repository/org/apache/commons/commons-lang3/3.7/commons-lang3-3.7.jar:/home/user/.m2/repository/org/apache/commons/commons-text/1.4/commons-text-1.4.jar:/home/user/.m2/repository/org/apache/avro/avro/1.7.7/avro-1.7.7.jar:/home/user/.m2/repository/com/thoughtworks/paranamer/paranamer/2.3/paranamer-2.3.jar:/home/user/.m2/repository/org/xerial/snappy/snappy-java/1.0.5/snappy-java-1.0.5.jar:/home/user/.m2/repository/com/google/re2j/re2j/1.1/re2j-1.1.jar:/home/user/.m2/repository/com/google/code/gson/gson/2.2.4/gson-2.2.4.jar:/home/user/.m2/repository/com/jcraft/jsch/0.1.54/jsch-0.1.54.jar:/home/user/.m2/repository/org/apache/curator/curator-client/2.12.0/curator-client-2.12.0.jar:/home/user/.m2/repository/org/apache/curator/curator-recipes/2.12.0/curator-recipes-2.12.0.jar:/home/user/.m2/repository/com/google/code/findbugs/jsr305/3.0.0/jsr305-3.0.0.jar:/home/user/.m2/repository/org/apache/htrace/htrace-core4/4.1.0-incubating/htrace-core4-4.1.0-incubating.jar:/home/user/.m2/repository/org/apache/zookeeper/zookeeper/3.4.13/zookeeper-3.4.13.jar:/home/user/.m2/repository/org/apache/yetus/audience-annotations/0.5.0/audience-annotations-0.5.0.jar:/home/user/.m2/repository/org/codehaus/woodstox/stax2-api/3.1.4/stax2-api-3.1.4.jar:/home/user/.m2/repository/com/fasterxml/woodstox/woodstox-core/5.0.3/woodstox-core-5.0.3.jar:/home/user/.m2/repository/dnsjava/dnsjava/2.1.7/dnsjava-2.1.7.jar:/home/user/.m2/repository/org/apache/hadoop/hadoop-hdfs/3.2.0/hadoop-hdfs-3.2.0-tests.jar:/home/user/.m2/repository/org/eclipse/jetty/jetty-util-ajax/9.3.24.v20180605/jetty-util-ajax-9.3.24.v20180605.jar:/home/user/.m2/repository/commons-daemon/commons-daemon/1.0.13/commons-daemon-1.0.13.jar:/home/user/.m2/repository/io/netty/netty/3.10.5.Final/netty-3.10.5.Final.jar:/home/user/.m2/repository/io/netty/netty-all/4.0.52.Final/netty-all-4.0.52.Final.jar:/home/user/.m2/repository/org/fusesource/leveldbjni/leveldbjni-all/1.8/leveldbjni-all-1.8.jar:"/>
    <property name="java.vm.vendor" value="IcedTea"/>
    <property name="sun.arch.data.model" value="64"/>
    <property name="test.build.dir" value="/tmp/workdir/hadoop-ozone/integration-test/target/test-dir"/>
    <property name="test.cache.data" value=""/>
    <property name="java.vendor.url" value="https://icedtea.classpath.org"/>
    <property name="user.timezone" value=""/>
    <property name="java.vm.specification.version" value="1.8"/>
    <property name="os.name" value="Linux"/>
    <property name="test.build.data" value="/tmp/workdir/hadoop-ozone/integration-test/target/test-dir"/>
    <property name="user.country" value="US"/>
    <property name="sun.java.launcher" value="SUN_STANDARD"/>
    <property name="sun.boot.library.path" value="/usr/lib/jvm/java-1.8-openjdk/jre/lib/amd64"/>
    <property name="sun.java.command" value="/tmp/workdir/hadoop-ozone/integration-test/target/surefire/surefirebooter8917225454854743436.jar /tmp/workdir/hadoop-ozone/integration-test/target/surefire 2019-09-17T10-35-48_880-jvmRun1 surefire1120429074331293934tmp surefire_412936810691703493021tmp"/>
    <property name="test" value="!TestMiniChaosOzoneCluster"/>
    <property name="surefire.test.class.path" value="/tmp/workdir/hadoop-ozone/integration-test/target/test-classes:/tmp/workdir/hadoop-ozone/integration-test/target/classes:/home/user/.m2/repository/org/apache/hadoop/hadoop-ozone-common/0.5.0-SNAPSHOT/hadoop-ozone-common-0.5.0-SNAPSHOT.jar:/home/user/.m2/repository/org/apache/commons/commons-compress/1.4.1/commons-compress-1.4.1.jar:/home/user/.m2/repository/org/tukaani/xz/1.0/xz-1.0.jar:/home/user/.m2/repository/org/apache/hadoop/hadoop-common/3.2.0/hadoop-common-3.2.0.jar:/home/user/.m2/repository/org/apache/hadoop/hadoop-hdfs/3.2.0/hadoop-hdfs-3.2.0.jar:/home/user/.m2/repository/org/apache/hadoop/hadoop-hdfs-client/3.2.0/hadoop-hdfs-client-3.2.0.jar:/home/user/.m2/repository/com/fasterxml/jackson/core/jackson-annotations/2.9.5/jackson-annotations-2.9.5.jar:/home/user/.m2/repository/org/apache/hadoop/hadoop-hdds-common/0.5.0-SNAPSHOT/hadoop-hdds-common-0.5.0-SNAPSHOT.jar:/home/user/.m2/repository/javax/annotation/javax.annotation-api/1.2/javax.annotation-api-1.2.jar:/home/user/.m2/repository/org/apache/ratis/ratis-server/0.4.0-78e95b9-SNAPSHOT/ratis-server-0.4.0-78e95b9-SNAPSHOT.jar:/home/user/.m2/repository/org/apache/ratis/ratis-thirdparty-misc/0.2.0/ratis-thirdparty-misc-0.2.0.jar:/home/user/.m2/repository/org/apache/ratis/ratis-proto/0.4.0-78e95b9-SNAPSHOT/ratis-proto-0.4.0-78e95b9-SNAPSHOT.jar:/home/user/.m2/repository/org/apache/ratis/ratis-common/0.4.0-78e95b9-SNAPSHOT/ratis-common-0.4.0-78e95b9-SNAPSHOT.jar:/home/user/.m2/repository/org/apache/ratis/ratis-client/0.4.0-78e95b9-SNAPSHOT/ratis-client-0.4.0-78e95b9-SNAPSHOT.jar:/home/user/.m2/repository/org/apache/ratis/ratis-metrics/0.4.0-78e95b9-SNAPSHOT/ratis-metrics-0.4.0-78e95b9-SNAPSHOT.jar:/home/user/.m2/repository/com/github/joshelser/dropwizard-metrics-hadoop-metrics2-reporter/0.1.2/dropwizard-metrics-hadoop-metrics2-reporter-0.1.2.jar:/home/user/.m2/repository/io/dropwizard/metrics/metrics-jvm/3.2.5/metrics-jvm-3.2.5.jar:/home/user/.m2/repository/io/dropwizard/metrics/metrics-ganglia/3.2.5/metrics-ganglia-3.2.5.jar:/home/user/.m2/repository/info/ganglia/gmetric4j/gmetric4j/1.0.7/gmetric4j-1.0.7.jar:/home/user/.m2/repository/org/apache/ratis/ratis-netty/0.4.0-78e95b9-SNAPSHOT/ratis-netty-0.4.0-78e95b9-SNAPSHOT.jar:/home/user/.m2/repository/org/apache/ratis/ratis-grpc/0.4.0-78e95b9-SNAPSHOT/ratis-grpc-0.4.0-78e95b9-SNAPSHOT.jar:/home/user/.m2/repository/org/rocksdb/rocksdbjni/6.0.1/rocksdbjni-6.0.1.jar:/home/user/.m2/repository/org/apache/logging/log4j/log4j-api/2.11.0/log4j-api-2.11.0.jar:/home/user/.m2/repository/org/apache/logging/log4j/log4j-core/2.11.0/log4j-core-2.11.0.jar:/home/user/.m2/repository/com/lmax/disruptor/3.4.2/disruptor-3.4.2.jar:/home/user/.m2/repository/org/apache/commons/commons-pool2/2.6.0/commons-pool2-2.6.0.jar:/home/user/.m2/repository/org/bouncycastle/bcpkix-jdk15on/1.60/bcpkix-jdk15on-1.60.jar:/home/user/.m2/repository/commons-validator/commons-validator/1.6/commons-validator-1.6.jar:/home/user/.m2/repository/commons-digester/commons-digester/1.8.1/commons-digester-1.8.1.jar:/home/user/.m2/repository/io/jaegertracing/jaeger-client/0.33.1/jaeger-client-0.33.1.jar:/home/user/.m2/repository/io/jaegertracing/jaeger-thrift/0.33.1/jaeger-thrift-0.33.1.jar:/home/user/.m2/repository/org/apache/thrift/libthrift/0.11.0/libthrift-0.11.0.jar:/home/user/.m2/repository/com/squareup/okhttp3/okhttp/3.9.0/okhttp-3.9.0.jar:/home/user/.m2/repository/com/squareup/okio/okio/1.13.0/okio-1.13.0.jar:/home/user/.m2/repository/io/jaegertracing/jaeger-core/0.33.1/jaeger-core-0.33.1.jar:/home/user/.m2/repository/io/jaegertracing/jaeger-tracerresolver/0.33.1/jaeger-tracerresolver-0.33.1.jar:/home/user/.m2/repository/io/opentracing/contrib/opentracing-tracerresolver/0.1.5/opentracing-tracerresolver-0.1.5.jar:/home/user/.m2/repository/io/opentracing/opentracing-util/0.31.0/opentracing-util-0.31.0.jar:/home/user/.m2/repository/io/opentracing/opentracing-api/0.31.0/opentracing-api-0.31.0.jar:/home/user/.m2/repository/io/opentracing/opentracing-noop/0.31.0/opentracing-noop-0.31.0.jar:/home/user/.m2/repository/org/apache/hadoop/hadoop-hdds-server-framework/0.5.0-SNAPSHOT/hadoop-hdds-server-framework-0.5.0-SNAPSHOT.jar:/home/user/.m2/repository/org/apache/hadoop/hadoop-hdds-container-service/0.5.0-SNAPSHOT/hadoop-hdds-container-service-0.5.0-SNAPSHOT.jar:/home/user/.m2/repository/org/apache/hadoop/hadoop-hdds-client/0.5.0-SNAPSHOT/hadoop-hdds-client-0.5.0-SNAPSHOT.jar:/home/user/.m2/repository/org/apache/hadoop/hadoop-hdds-tools/0.5.0-SNAPSHOT/hadoop-hdds-tools-0.5.0-SNAPSHOT.jar:/home/user/.m2/repository/org/apache/hadoop/hadoop-hdds-server-scm/0.5.0-SNAPSHOT/hadoop-hdds-server-scm-0.5.0-SNAPSHOT.jar:/home/user/.m2/repository/org/apache/hadoop/hadoop-hdds-docs/0.5.0-SNAPSHOT/hadoop-hdds-docs-0.5.0-SNAPSHOT.jar:/home/user/.m2/repository/io/dropwizard/metrics/metrics-core/3.2.4/metrics-core-3.2.4.jar:/home/user/.m2/repository/org/hamcrest/hamcrest-all/1.3/hamcrest-all-1.3.jar:/home/user/.m2/repository/org/bouncycastle/bcprov-jdk15on/1.60/bcprov-jdk15on-1.60.jar:/home/user/.m2/repository/info/picocli/picocli/3.9.6/picocli-3.9.6.jar:/home/user/.m2/repository/com/google/protobuf/protobuf-java/2.5.0/protobuf-java-2.5.0.jar:/home/user/.m2/repository/com/google/guava/guava/11.0.2/guava-11.0.2.jar:/home/user/.m2/repository/org/apache/hadoop/hadoop-ozone-ozone-manager/0.5.0-SNAPSHOT/hadoop-ozone-ozone-manager-0.5.0-SNAPSHOT.jar:/home/user/.m2/repository/org/apache/hadoop/hadoop-minikdc/3.2.0/hadoop-minikdc-3.2.0.jar:/home/user/.m2/repository/commons-io/commons-io/2.5/commons-io-2.5.jar:/home/user/.m2/repository/org/apache/kerby/kerb-simplekdc/1.0.1/kerb-simplekdc-1.0.1.jar:/home/user/.m2/repository/org/apache/kerby/kerb-client/1.0.1/kerb-client-1.0.1.jar:/home/user/.m2/repository/org/apache/kerby/kerby-config/1.0.1/kerby-config-1.0.1.jar:/home/user/.m2/repository/org/apache/kerby/kerb-core/1.0.1/kerb-core-1.0.1.jar:/home/user/.m2/repository/org/apache/kerby/kerby-pkix/1.0.1/kerby-pkix-1.0.1.jar:/home/user/.m2/repository/org/apache/kerby/kerby-asn1/1.0.1/kerby-asn1-1.0.1.jar:/home/user/.m2/repository/org/apache/kerby/kerby-util/1.0.1/kerby-util-1.0.1.jar:/home/user/.m2/repository/org/apache/kerby/kerb-common/1.0.1/kerb-common-1.0.1.jar:/home/user/.m2/repository/org/apache/kerby/kerb-crypto/1.0.1/kerb-crypto-1.0.1.jar:/home/user/.m2/repository/org/apache/kerby/kerb-util/1.0.1/kerb-util-1.0.1.jar:/home/user/.m2/repository/org/apache/kerby/token-provider/1.0.1/token-provider-1.0.1.jar:/home/user/.m2/repository/org/apache/kerby/kerb-admin/1.0.1/kerb-admin-1.0.1.jar:/home/user/.m2/repository/org/apache/kerby/kerb-server/1.0.1/kerb-server-1.0.1.jar:/home/user/.m2/repository/org/apache/kerby/kerb-identity/1.0.1/kerb-identity-1.0.1.jar:/home/user/.m2/repository/org/apache/kerby/kerby-xdr/1.0.1/kerby-xdr-1.0.1.jar:/home/user/.m2/repository/org/slf4j/slf4j-log4j12/1.7.25/slf4j-log4j12-1.7.25.jar:/home/user/.m2/repository/org/apache/hadoop/hadoop-ozone-s3gateway/0.5.0-SNAPSHOT/hadoop-ozone-s3gateway-0.5.0-SNAPSHOT.jar:/home/user/.m2/repository/org/jboss/weld/servlet/weld-servlet/2.4.7.Final/weld-servlet-2.4.7.Final.jar:/home/user/.m2/repository/org/glassfish/jersey/containers/jersey-container-servlet-core/2.27/jersey-container-servlet-core-2.27.jar:/home/user/.m2/repository/org/glassfish/hk2/external/javax.inject/2.5.0-b42/javax.inject-2.5.0-b42.jar:/home/user/.m2/repository/org/glassfish/jersey/core/jersey-common/2.27/jersey-common-2.27.jar:/home/user/.m2/repository/org/glassfish/hk2/osgi-resource-locator/1.0.1/osgi-resource-locator-1.0.1.jar:/home/user/.m2/repository/javax/ws/rs/javax.ws.rs-api/2.1/javax.ws.rs-api-2.1.jar:/home/user/.m2/repository/org/glassfish/jersey/ext/cdi/jersey-cdi1x/2.27/jersey-cdi1x-2.27.jar:/home/user/.m2/repository/org/glassfish/jersey/inject/jersey-hk2/2.27/jersey-hk2-2.27.jar:/home/user/.m2/repository/org/glassfish/hk2/hk2-locator/2.5.0-b42/hk2-locator-2.5.0-b42.jar:/home/user/.m2/repository/org/javassist/javassist/3.22.0-CR2/javassist-3.22.0-CR2.jar:/home/user/.m2/repository/org/glassfish/hk2/hk2-api/2.5.0/hk2-api-2.5.0.jar:/home/user/.m2/repository/org/glassfish/hk2/external/jakarta.inject/2.5.0/jakarta.inject-2.5.0.jar:/home/user/.m2/repository/org/glassfish/hk2/hk2-utils/2.5.0/hk2-utils-2.5.0.jar:/home/user/.m2/repository/jakarta/annotation/jakarta.annotation-api/1.3.4/jakarta.annotation-api-1.3.4.jar:/home/user/.m2/repository/org/glassfish/hk2/external/aopalliance-repackaged/2.5.0/aopalliance-repackaged-2.5.0.jar:/home/user/.m2/repository/com/fasterxml/jackson/dataformat/jackson-dataformat-xml/2.9.0/jackson-dataformat-xml-2.9.0.jar:/home/user/.m2/repository/com/fasterxml/jackson/core/jackson-core/2.9.5/jackson-core-2.9.5.jar:/home/user/.m2/repository/com/fasterxml/jackson/module/jackson-module-jaxb-annotations/2.9.5/jackson-module-jaxb-annotations-2.9.5.jar:/home/user/.m2/repository/javax/enterprise/cdi-api/1.2/cdi-api-1.2.jar:/home/user/.m2/repository/javax/el/javax.el-api/3.0.0/javax.el-api-3.0.0.jar:/home/user/.m2/repository/javax/interceptor/javax.interceptor-api/1.2/javax.interceptor-api-1.2.jar:/home/user/.m2/repository/javax/inject/javax.inject/1/javax.inject-1.jar:/home/user/.m2/repository/com/sun/xml/bind/jaxb-impl/2.3.0.1/jaxb-impl-2.3.0.1.jar:/home/user/.m2/repository/com/sun/xml/bind/jaxb-core/2.3.0.1/jaxb-core-2.3.0.1.jar:/home/user/.m2/repository/javax/xml/bind/jaxb-api/2.3.0/jaxb-api-2.3.0.jar:/home/user/.m2/repository/javax/activation/activation/1.1.1/activation-1.1.1.jar:/home/user/.m2/repository/org/apache/hadoop/hadoop-ozone-csi/0.5.0-SNAPSHOT/hadoop-ozone-csi-0.5.0-SNAPSHOT.jar:/home/user/.m2/repository/com/google/protobuf/protobuf-java-util/3.5.1/protobuf-java-util-3.5.1.jar:/home/user/.m2/repository/org/apache/hadoop/hadoop-hdds-config/0.5.0-SNAPSHOT/hadoop-hdds-config-0.5.0-SNAPSHOT.jar:/home/user/.m2/repository/io/grpc/grpc-netty/1.17.1/grpc-netty-1.17.1.jar:/home/user/.m2/repository/io/grpc/grpc-core/1.17.1/grpc-core-1.17.1.jar:/home/user/.m2/repository/io/grpc/grpc-context/1.17.1/grpc-context-1.17.1.jar:/home/user/.m2/repository/com/google/errorprone/error_prone_annotations/2.2.0/error_prone_annotations-2.2.0.jar:/home/user/.m2/repository/org/codehaus/mojo/animal-sniffer-annotations/1.17/animal-sniffer-annotations-1.17.jar:/home/user/.m2/repository/io/opencensus/opencensus-api/0.17.0/opencensus-api-0.17.0.jar:/home/user/.m2/repository/io/opencensus/opencensus-contrib-grpc-metrics/0.17.0/opencensus-contrib-grpc-metrics-0.17.0.jar:/home/user/.m2/repository/io/netty/netty-codec-http2/4.1.30.Final/netty-codec-http2-4.1.30.Final.jar:/home/user/.m2/repository/io/netty/netty-codec-http/4.1.30.Final/netty-codec-http-4.1.30.Final.jar:/home/user/.m2/repository/io/netty/netty-codec/4.1.30.Final/netty-codec-4.1.30.Final.jar:/home/user/.m2/repository/io/netty/netty-handler/4.1.30.Final/netty-handler-4.1.30.Final.jar:/home/user/.m2/repository/io/netty/netty-handler-proxy/4.1.30.Final/netty-handler-proxy-4.1.30.Final.jar:/home/user/.m2/repository/io/netty/netty-codec-socks/4.1.30.Final/netty-codec-socks-4.1.30.Final.jar:/home/user/.m2/repository/io/netty/netty-transport-native-epoll/4.1.30.Final/netty-transport-native-epoll-4.1.30.Final.jar:/home/user/.m2/repository/io/netty/netty-common/4.1.30.Final/netty-common-4.1.30.Final.jar:/home/user/.m2/repository/io/netty/netty-buffer/4.1.30.Final/netty-buffer-4.1.30.Final.jar:/home/user/.m2/repository/io/netty/netty-transport/4.1.30.Final/netty-transport-4.1.30.Final.jar:/home/user/.m2/repository/io/netty/netty-resolver/4.1.30.Final/netty-resolver-4.1.30.Final.jar:/home/user/.m2/repository/io/netty/netty-transport-native-unix-common/4.1.30.Final/netty-transport-native-unix-common-4.1.30.Final.jar:/home/user/.m2/repository/io/grpc/grpc-protobuf/1.17.1/grpc-protobuf-1.17.1.jar:/home/user/.m2/repository/com/google/api/grpc/proto-google-common-protos/1.0.0/proto-google-common-protos-1.0.0.jar:/home/user/.m2/repository/io/grpc/grpc-protobuf-lite/1.17.1/grpc-protobuf-lite-1.17.1.jar:/home/user/.m2/repository/io/grpc/grpc-stub/1.17.1/grpc-stub-1.17.1.jar:/home/user/.m2/repository/org/apache/hadoop/hadoop-ozone-recon/0.5.0-SNAPSHOT/hadoop-ozone-recon-0.5.0-SNAPSHOT.jar:/home/user/.m2/repository/org/apache/hadoop/hadoop-ozone-reconcodegen/0.5.0-SNAPSHOT/hadoop-ozone-reconcodegen-0.5.0-SNAPSHOT.jar:/home/user/.m2/repository/com/google/inject/extensions/guice-multibindings/4.0/guice-multibindings-4.0.jar:/home/user/.m2/repository/com/google/inject/guice/4.0/guice-4.0.jar:/home/user/.m2/repository/aopalliance/aopalliance/1.0/aopalliance-1.0.jar:/home/user/.m2/repository/com/google/inject/extensions/guice-servlet/4.0/guice-servlet-4.0.jar:/home/user/.m2/repository/org/glassfish/jersey/containers/jersey-container-servlet/2.27/jersey-container-servlet-2.27.jar:/home/user/.m2/repository/org/glassfish/hk2/guice-bridge/2.5.0/guice-bridge-2.5.0.jar:/home/user/.m2/repository/org/glassfish/jersey/core/jersey-server/2.27/jersey-server-2.27.jar:/home/user/.m2/repository/org/glassfish/jersey/core/jersey-client/2.27/jersey-client-2.27.jar:/home/user/.m2/repository/org/glassfish/jersey/media/jersey-media-jaxb/2.27/jersey-media-jaxb-2.27.jar:/home/user/.m2/repository/javax/validation/validation-api/1.1.0.Final/validation-api-1.1.0.Final.jar:/home/user/.m2/repository/org/glassfish/jersey/media/jersey-media-json-jackson/2.27/jersey-media-json-jackson-2.27.jar:/home/user/.m2/repository/org/glassfish/jersey/ext/jersey-entity-filtering/2.27/jersey-entity-filtering-2.27.jar:/home/user/.m2/repository/com/google/inject/extensions/guice-assistedinject/4.0/guice-assistedinject-4.0.jar:/home/user/.m2/repository/org/jooq/jooq/3.11.10/jooq-3.11.10.jar:/home/user/.m2/repository/org/jooq/jooq-meta/3.11.10/jooq-meta-3.11.10.jar:/home/user/.m2/repository/org/jooq/jooq-codegen/3.11.10/jooq-codegen-3.11.10.jar:/home/user/.m2/repository/com/jolbox/bonecp/0.8.0.RELEASE/bonecp-0.8.0.RELEASE.jar:/home/user/.m2/repository/org/xerial/sqlite-jdbc/3.25.2/sqlite-jdbc-3.25.2.jar:/home/user/.m2/repository/org/springframework/spring-jdbc/5.1.3.RELEASE/spring-jdbc-5.1.3.RELEASE.jar:/home/user/.m2/repository/org/springframework/spring-beans/5.1.3.RELEASE/spring-beans-5.1.3.RELEASE.jar:/home/user/.m2/repository/org/springframework/spring-core/5.1.3.RELEASE/spring-core-5.1.3.RELEASE.jar:/home/user/.m2/repository/org/springframework/spring-jcl/5.1.3.RELEASE/spring-jcl-5.1.3.RELEASE.jar:/home/user/.m2/repository/org/springframework/spring-tx/5.1.3.RELEASE/spring-tx-5.1.3.RELEASE.jar:/home/user/.m2/repository/org/apache/hadoop/hadoop-ozone-client/0.5.0-SNAPSHOT/hadoop-ozone-client-0.5.0-SNAPSHOT.jar:/home/user/.m2/repository/commons-lang/commons-lang/2.6/commons-lang-2.6.jar:/home/user/.m2/repository/org/apache/hadoop/hadoop-ozone-ozone-manager/0.5.0-SNAPSHOT/hadoop-ozone-ozone-manager-0.5.0-SNAPSHOT-tests.jar:/home/user/.m2/repository/junit/junit/4.11/junit-4.11.jar:/home/user/.m2/repository/org/hamcrest/hamcrest-core/1.3/hamcrest-core-1.3.jar:/home/user/.m2/repository/org/openjdk/jmh/jmh-core/1.19/jmh-core-1.19.jar:/home/user/.m2/repository/net/sf/jopt-simple/jopt-simple/4.6/jopt-simple-4.6.jar:/home/user/.m2/repository/org/apache/commons/commons-math3/3.1.1/commons-math3-3.1.1.jar:/home/user/.m2/repository/org/openjdk/jmh/jmh-generator-annprocess/1.19/jmh-generator-annprocess-1.19.jar:/home/user/.m2/repository/org/mockito/mockito-all/1.8.5/mockito-all-1.8.5.jar:/home/user/.m2/repository/org/apache/hadoop/hadoop-kms/3.2.0/hadoop-kms-3.2.0.jar:/home/user/.m2/repository/org/apache/hadoop/hadoop-auth/3.2.0/hadoop-auth-3.2.0.jar:/home/user/.m2/repository/com/nimbusds/nimbus-jose-jwt/4.41.1/nimbus-jose-jwt-4.41.1.jar:/home/user/.m2/repository/com/github/stephenc/jcip/jcip-annotations/1.0-1/jcip-annotations-1.0-1.jar:/home/user/.m2/repository/net/minidev/json-smart/2.3/json-smart-2.3.jar:/home/user/.m2/repository/net/minidev/accessors-smart/1.2/accessors-smart-1.2.jar:/home/user/.m2/repository/org/ow2/asm/asm/5.0.4/asm-5.0.4.jar:/home/user/.m2/repository/org/apache/curator/curator-framework/2.12.0/curator-framework-2.12.0.jar:/home/user/.m2/repository/com/sun/jersey/jersey-core/1.19/jersey-core-1.19.jar:/home/user/.m2/repository/javax/ws/rs/jsr311-api/1.1.1/jsr311-api-1.1.1.jar:/home/user/.m2/repository/com/sun/jersey/jersey-server/1.19/jersey-server-1.19.jar:/home/user/.m2/repository/javax/servlet/javax.servlet-api/3.1.0/javax.servlet-api-3.1.0.jar:/home/user/.m2/repository/org/eclipse/jetty/jetty-server/9.3.24.v20180605/jetty-server-9.3.24.v20180605.jar:/home/user/.m2/repository/org/eclipse/jetty/jetty-http/9.3.24.v20180605/jetty-http-9.3.24.v20180605.jar:/home/user/.m2/repository/org/eclipse/jetty/jetty-io/9.3.24.v20180605/jetty-io-9.3.24.v20180605.jar:/home/user/.m2/repository/org/eclipse/jetty/jetty-webapp/9.3.24.v20180605/jetty-webapp-9.3.24.v20180605.jar:/home/user/.m2/repository/org/eclipse/jetty/jetty-xml/9.3.24.v20180605/jetty-xml-9.3.24.v20180605.jar:/home/user/.m2/repository/log4j/log4j/1.2.17/log4j-1.2.17.jar:/home/user/.m2/repository/org/slf4j/slf4j-api/1.7.25/slf4j-api-1.7.25.jar:/home/user/.m2/repository/org/slf4j/jul-to-slf4j/1.7.25/jul-to-slf4j-1.7.25.jar:/home/user/.m2/repository/org/eclipse/jetty/jetty-util/9.3.24.v20180605/jetty-util-9.3.24.v20180605.jar:/home/user/.m2/repository/com/fasterxml/jackson/core/jackson-databind/2.9.5/jackson-databind-2.9.5.jar:/home/user/.m2/repository/org/apache/hadoop/hadoop-kms/3.2.0/hadoop-kms-3.2.0-tests.jar:/home/user/.m2/repository/org/apache/hadoop/hadoop-hdds-server-scm/0.5.0-SNAPSHOT/hadoop-hdds-server-scm-0.5.0-SNAPSHOT-tests.jar:/home/user/.m2/repository/org/apache/hadoop/hadoop-hdds-container-service/0.5.0-SNAPSHOT/hadoop-hdds-container-service-0.5.0-SNAPSHOT-tests.jar:/home/user/.m2/repository/org/yaml/snakeyaml/1.16/snakeyaml-1.16.jar:/home/user/.m2/repository/org/apache/hadoop/hadoop-common/3.2.0/hadoop-common-3.2.0-tests.jar:/home/user/.m2/repository/org/apache/hadoop/hadoop-annotations/3.2.0/hadoop-annotations-3.2.0.jar:/usr/lib/jvm/java-1.8-openjdk/jre/../lib/tools.jar:/home/user/.m2/repository/commons-cli/commons-cli/1.2/commons-cli-1.2.jar:/home/user/.m2/repository/org/apache/httpcomponents/httpclient/4.5.2/httpclient-4.5.2.jar:/home/user/.m2/repository/org/apache/httpcomponents/httpcore/4.4.4/httpcore-4.4.4.jar:/home/user/.m2/repository/commons-codec/commons-codec/1.11/commons-codec-1.11.jar:/home/user/.m2/repository/commons-net/commons-net/3.6/commons-net-3.6.jar:/home/user/.m2/repository/commons-collections/commons-collections/3.2.2/commons-collections-3.2.2.jar:/home/user/.m2/repository/org/eclipse/jetty/jetty-servlet/9.3.24.v20180605/jetty-servlet-9.3.24.v20180605.jar:/home/user/.m2/repository/org/eclipse/jetty/jetty-security/9.3.24.v20180605/jetty-security-9.3.24.v20180605.jar:/home/user/.m2/repository/javax/servlet/jsp/jsp-api/2.1/jsp-api-2.1.jar:/home/user/.m2/repository/com/sun/jersey/jersey-servlet/1.19/jersey-servlet-1.19.jar:/home/user/.m2/repository/com/sun/jersey/jersey-json/1.19/jersey-json-1.19.jar:/home/user/.m2/repository/org/codehaus/jettison/jettison/1.1/jettison-1.1.jar:/home/user/.m2/repository/org/codehaus/jackson/jackson-core-asl/1.9.13/jackson-core-asl-1.9.13.jar:/home/user/.m2/repository/org/codehaus/jackson/jackson-mapper-asl/1.9.13/jackson-mapper-asl-1.9.13.jar:/home/user/.m2/repository/org/codehaus/jackson/jackson-jaxrs/1.9.13/jackson-jaxrs-1.9.13.jar:/home/user/.m2/repository/org/codehaus/jackson/jackson-xc/1.9.13/jackson-xc-1.9.13.jar:/home/user/.m2/repository/commons-logging/commons-logging/1.1.3/commons-logging-1.1.3.jar:/home/user/.m2/repository/commons-beanutils/commons-beanutils/1.9.3/commons-beanutils-1.9.3.jar:/home/user/.m2/repository/org/apache/commons/commons-configuration2/2.1.1/commons-configuration2-2.1.1.jar:/home/user/.m2/repository/org/apache/commons/commons-lang3/3.7/commons-lang3-3.7.jar:/home/user/.m2/repository/org/apache/commons/commons-text/1.4/commons-text-1.4.jar:/home/user/.m2/repository/org/apache/avro/avro/1.7.7/avro-1.7.7.jar:/home/user/.m2/repository/com/thoughtworks/paranamer/paranamer/2.3/paranamer-2.3.jar:/home/user/.m2/repository/org/xerial/snappy/snappy-java/1.0.5/snappy-java-1.0.5.jar:/home/user/.m2/repository/com/google/re2j/re2j/1.1/re2j-1.1.jar:/home/user/.m2/repository/com/google/code/gson/gson/2.2.4/gson-2.2.4.jar:/home/user/.m2/repository/com/jcraft/jsch/0.1.54/jsch-0.1.54.jar:/home/user/.m2/repository/org/apache/curator/curator-client/2.12.0/curator-client-2.12.0.jar:/home/user/.m2/repository/org/apache/curator/curator-recipes/2.12.0/curator-recipes-2.12.0.jar:/home/user/.m2/repository/com/google/code/findbugs/jsr305/3.0.0/jsr305-3.0.0.jar:/home/user/.m2/repository/org/apache/htrace/htrace-core4/4.1.0-incubating/htrace-core4-4.1.0-incubating.jar:/home/user/.m2/repository/org/apache/zookeeper/zookeeper/3.4.13/zookeeper-3.4.13.jar:/home/user/.m2/repository/org/apache/yetus/audience-annotations/0.5.0/audience-annotations-0.5.0.jar:/home/user/.m2/repository/org/codehaus/woodstox/stax2-api/3.1.4/stax2-api-3.1.4.jar:/home/user/.m2/repository/com/fasterxml/woodstox/woodstox-core/5.0.3/woodstox-core-5.0.3.jar:/home/user/.m2/repository/dnsjava/dnsjava/2.1.7/dnsjava-2.1.7.jar:/home/user/.m2/repository/org/apache/hadoop/hadoop-hdfs/3.2.0/hadoop-hdfs-3.2.0-tests.jar:/home/user/.m2/repository/org/eclipse/jetty/jetty-util-ajax/9.3.24.v20180605/jetty-util-ajax-9.3.24.v20180605.jar:/home/user/.m2/repository/commons-daemon/commons-daemon/1.0.13/commons-daemon-1.0.13.jar:/home/user/.m2/repository/io/netty/netty/3.10.5.Final/netty-3.10.5.Final.jar:/home/user/.m2/repository/io/netty/netty-all/4.0.52.Final/netty-all-4.0.52.Final.jar:/home/user/.m2/repository/org/fusesource/leveldbjni/leveldbjni-all/1.8/leveldbjni-all-1.8.jar:"/>
    <property name="sun.cpu.endian" value="little"/>
    <property name="user.home" value="/home/user"/>
    <property name="user.language" value="en"/>
    <property name="java.specification.vendor" value="Oracle Corporation"/>
    <property name="java.home" value="/usr/lib/jvm/java-1.8-openjdk/jre"/>
    <property name="java.security.krb5.conf" value="/tmp/workdir/hadoop-ozone/integration-test/target/test-classes/krb5.conf"/>
    <property name="basedir" value="/tmp/workdir/hadoop-ozone/integration-test"/>
    <property name="file.separator" value="/"/>
    <property name="line.separator" value="&#10;"/>
    <property name="java.vm.specification.vendor" value="Oracle Corporation"/>
    <property name="java.specification.name" value="Java Platform API Specification"/>
    <property name="java.awt.graphicsenv" value="sun.awt.X11GraphicsEnvironment"/>
    <property name="surefire.real.class.path" value="/tmp/workdir/hadoop-ozone/integration-test/target/surefire/surefirebooter8917225454854743436.jar"/>
    <property name="hadoop.log.dir" value="/tmp/workdir/hadoop-ozone/integration-test/target/log"/>
    <property name="sun.boot.class.path" value="/usr/lib/jvm/java-1.8-openjdk/jre/lib/resources.jar:/usr/lib/jvm/java-1.8-openjdk/jre/lib/rt.jar:/usr/lib/jvm/java-1.8-openjdk/jre/lib/sunrsasign.jar:/usr/lib/jvm/java-1.8-openjdk/jre/lib/jsse.jar:/usr/lib/jvm/java-1.8-openjdk/jre/lib/jce.jar:/usr/lib/jvm/java-1.8-openjdk/jre/lib/charsets.jar:/usr/lib/jvm/java-1.8-openjdk/jre/lib/jfr.jar:/usr/lib/jvm/java-1.8-openjdk/jre/classes"/>
    <property name="sun.management.compiler" value="HotSpot 64-Bit Tiered Compilers"/>
    <property name="java.runtime.version" value="1.8.0_212-b04"/>
    <property name="java.net.preferIPv4Stack" value="true"/>
    <property name="user.name" value="jenkins1000"/>
    <property name="path.separator" value=":"/>
    <property name="java.security.egd" value="file:///dev/urandom"/>
    <property name="os.version" value="3.10.0-957.12.2.el7.x86_64"/>
    <property name="java.endorsed.dirs" value="/usr/lib/jvm/java-1.8-openjdk/jre/lib/endorsed"/>
    <property name="java.runtime.name" value="OpenJDK Runtime Environment"/>
    <property name="file.encoding" value="UTF-8"/>
    <property name="java.vm.name" value="OpenJDK 64-Bit Server VM"/>
    <property name="test.build.webapps" value=""/>
    <property name="localRepository" value="/home/user/.m2/repository"/>
    <property name="java.vendor.url.bug" value="https://icedtea.classpath.org/bugzilla"/>
    <property name="java.io.tmpdir" value="/tmp"/>
    <property name="require.test.libhadoop" value=""/>
    <property name="java.version" value="1.8.0_212"/>
    <property name="user.dir" value="/tmp/workdir/hadoop-ozone/integration-test"/>
    <property name="os.arch" value="amd64"/>
    <property name="java.vm.specification.name" value="Java Virtual Machine Specification"/>
    <property name="test.build.classes" value="/tmp/workdir/hadoop-ozone/integration-test/target/test-classes"/>
    <property name="java.awt.printerjob" value="sun.print.PSPrinterJob"/>
    <property name="sun.os.patch.level" value="unknown"/>
    <property name="hadoop.tmp.dir" value="/tmp/workdir/hadoop-ozone/integration-test/target/tmp"/>
    <property name="java.library.path" value="/usr/lib/jvm/java-1.8-openjdk/jre/lib/amd64/server:/usr/lib/jvm/java-1.8-openjdk/jre/lib/amd64:/usr/lib/jvm/java-1.8-openjdk/jre/../lib/amd64:/tmp/workdir/hadoop-ozone/integration-test/target/native/target/usr/local/lib:/tmp/workdir/hadoop-ozone/integration-test/../../hadoop-common-project/hadoop-common/target/native/target/usr/local/lib:/usr/java/packages/lib/amd64:/usr/lib64:/lib64:/lib:/usr/lib"/>
    <property name="java.vm.info" value="mixed mode"/>
    <property name="java.vendor" value="IcedTea"/>
    <property name="java.vm.version" value="25.212-b04"/>
    <property name="java.ext.dirs" value="/usr/lib/jvm/java-1.8-openjdk/jre/lib/ext:/usr/java/packages/lib/ext"/>
    <property name="sun.io.unicode.encoding" value="UnicodeLittle"/>
    <property name="java.class.version" value="52.0"/>
  </properties>
  <testcase name="testMultiBlockWritesWithIntermittentDnFailures" classname="org.apache.hadoop.ozone.client.rpc.TestMultiBlockWritesWithDnFailures" time="99.214">
    <error message="Allocated 0 blocks. Requested 1 blocks" type="INTERNAL_ERROR org.apache.hadoop.ozone.om.exceptions.OMException">INTERNAL_ERROR org.apache.hadoop.ozone.om.exceptions.OMException: Allocated 0 blocks. Requested 1 blocks
	at org.apache.hadoop.ozone.om.protocolPB.OzoneManagerProtocolClientSideTranslatorPB.handleError(OzoneManagerProtocolClientSideTranslatorPB.java:726)
	at org.apache.hadoop.ozone.om.protocolPB.OzoneManagerProtocolClientSideTranslatorPB.allocateBlock(OzoneManagerProtocolClientSideTranslatorPB.java:758)
	at sun.reflect.NativeMethodAccessorImpl.invoke0(Native Method)
	at sun.reflect.NativeMethodAccessorImpl.invoke(NativeMethodAccessorImpl.java:62)
	at sun.reflect.DelegatingMethodAccessorImpl.invoke(DelegatingMethodAccessorImpl.java:43)
	at java.lang.reflect.Method.invoke(Method.java:498)
	at org.apache.hadoop.hdds.tracing.TraceAllMethod.invoke(TraceAllMethod.java:66)
	at com.sun.proxy.$Proxy36.allocateBlock(Unknown Source)
	at org.apache.hadoop.ozone.client.io.BlockOutputStreamEntryPool.allocateNewBlock(BlockOutputStreamEntryPool.java:248)
	at org.apache.hadoop.ozone.client.io.BlockOutputStreamEntryPool.allocateBlockIfNeeded(BlockOutputStreamEntryPool.java:296)
	at org.apache.hadoop.ozone.client.io.KeyOutputStream.handleWrite(KeyOutputStream.java:201)
	at org.apache.hadoop.ozone.client.io.KeyOutputStream.handleRetry(KeyOutputStream.java:376)
	at org.apache.hadoop.ozone.client.io.KeyOutputStream.handleException(KeyOutputStream.java:325)
	at org.apache.hadoop.ozone.client.io.KeyOutputStream.handleWrite(KeyOutputStream.java:231)
	at org.apache.hadoop.ozone.client.io.KeyOutputStream.write(KeyOutputStream.java:193)
	at org.apache.hadoop.ozone.client.io.OzoneOutputStream.write(OzoneOutputStream.java:49)
	at java.io.OutputStream.write(OutputStream.java:75)
	at org.apache.hadoop.ozone.client.rpc.TestMultiBlockWritesWithDnFailures.testMultiBlockWritesWithIntermittentDnFailures(TestMultiBlockWritesWithDnFailures.java:196)
	at sun.reflect.NativeMethodAccessorImpl.invoke0(Native Method)
	at sun.reflect.NativeMethodAccessorImpl.invoke(NativeMethodAccessorImpl.java:62)
	at sun.reflect.DelegatingMethodAccessorImpl.invoke(DelegatingMethodAccessorImpl.java:43)
	at java.lang.reflect.Method.invoke(Method.java:498)
	at org.junit.runners.model.FrameworkMethod$1.runReflectiveCall(FrameworkMethod.java:47)
	at org.junit.internal.runners.model.ReflectiveCallable.run(ReflectiveCallable.java:12)
	at org.junit.runners.model.FrameworkMethod.invokeExplosively(FrameworkMethod.java:44)
	at org.junit.internal.runners.statements.InvokeMethod.evaluate(InvokeMethod.java:17)
	at org.junit.internal.runners.statements.RunAfters.evaluate(RunAfters.java:27)
	at org.junit.runners.ParentRunner.runLeaf(ParentRunner.java:271)
	at org.junit.runners.BlockJUnit4ClassRunner.runChild(BlockJUnit4ClassRunner.java:70)
	at org.junit.runners.BlockJUnit4ClassRunner.runChild(BlockJUnit4ClassRunner.java:50)
	at org.junit.runners.ParentRunner$3.run(ParentRunner.java:238)
	at org.junit.runners.ParentRunner$1.schedule(ParentRunner.java:63)
	at org.junit.runners.ParentRunner.runChildren(ParentRunner.java:236)
	at org.junit.runners.ParentRunner.access$000(ParentRunner.java:53)
	at org.junit.runners.ParentRunner$2.evaluate(ParentRunner.java:229)
	at org.junit.runners.ParentRunner.run(ParentRunner.java:309)
	at org.apache.maven.surefire.junit4.JUnit4Provider.execute(JUnit4Provider.java:365)
	at org.apache.maven.surefire.junit4.JUnit4Provider.executeWithRerun(JUnit4Provider.java:273)
	at org.apache.maven.surefire.junit4.JUnit4Provider.executeTestSet(JUnit4Provider.java:238)
	at org.apache.maven.surefire.junit4.JUnit4Provider.invoke(JUnit4Provider.java:159)
	at org.apache.maven.surefire.booter.ForkedBooter.invokeProviderInSameClassLoader(ForkedBooter.java:384)
	at org.apache.maven.surefire.booter.ForkedBooter.runSuitesInProcess(ForkedBooter.java:345)
	at org.apache.maven.surefire.booter.ForkedBooter.execute(ForkedBooter.java:126)
	at org.apache.maven.surefire.booter.ForkedBooter.main(ForkedBooter.java:418)
</error>
    <system-out><![CDATA[2019-09-17 11:50:40,095 [main] WARN  server.ServerUtils (ServerUtils.java:getScmDbDir(145)) - ozone.scm.db.dirs is not configured. We recommend adding this setting. Falling back to ozone.metadata.dirs instead.
2019-09-17 11:50:40,217 [main] WARN  server.ServerUtils (ServerUtils.java:getScmDbDir(145)) - ozone.scm.db.dirs is not configured. We recommend adding this setting. Falling back to ozone.metadata.dirs instead.
2019-09-17 11:50:40,220 [main] WARN  server.ServerUtils (ServerUtils.java:getScmDbDir(145)) - ozone.scm.db.dirs is not configured. We recommend adding this setting. Falling back to ozone.metadata.dirs instead.
2019-09-17 11:50:40,239 [main] INFO  util.log (Log.java:initialized(192)) - Logging initialized @936ms
2019-09-17 11:50:40,342 [main] INFO  db.DBStoreBuilder (DBStoreBuilder.java:addTable(110)) - using custom profile for table: deletedBlocks
2019-09-17 11:50:40,342 [main] INFO  db.DBStoreBuilder (DBStoreBuilder.java:processTables(161)) - Using default column profile:DBProfile.DISK for Table:deletedBlocks
2019-09-17 11:50:40,343 [main] INFO  db.DBStoreBuilder (DBStoreBuilder.java:addTable(110)) - using custom profile for table: validCerts
2019-09-17 11:50:40,343 [main] INFO  db.DBStoreBuilder (DBStoreBuilder.java:processTables(161)) - Using default column profile:DBProfile.DISK for Table:validCerts
2019-09-17 11:50:40,343 [main] INFO  db.DBStoreBuilder (DBStoreBuilder.java:addTable(110)) - using custom profile for table: revokedCerts
2019-09-17 11:50:40,344 [main] INFO  db.DBStoreBuilder (DBStoreBuilder.java:processTables(161)) - Using default column profile:DBProfile.DISK for Table:revokedCerts
2019-09-17 11:50:40,357 [main] INFO  db.DBStoreBuilder (DBStoreBuilder.java:addTable(110)) - using custom profile for table: default
2019-09-17 11:50:40,357 [main] INFO  db.DBStoreBuilder (DBStoreBuilder.java:processTables(167)) - Using default column profile:DBProfile.DISK for Table:default
2019-09-17 11:50:40,359 [main] INFO  db.DBStoreBuilder (DBStoreBuilder.java:getDbProfile(198)) - Using default options. DBProfile.DISK
2019-09-17 11:50:40,589 [main] INFO  net.NodeSchemaLoader (NodeSchemaLoader.java:loadSchemaFromFile(125)) - Loading file from sun.misc.CompoundEnumeration@3270d194
2019-09-17 11:50:40,590 [main] INFO  net.NodeSchemaLoader (NodeSchemaLoader.java:loadSchema(171)) - Loading network topology layer schema file
2019-09-17 11:50:40,680 [main] INFO  node.SCMNodeManager (SCMNodeManager.java:<init>(114)) - Entering startup safe mode.
2019-09-17 11:50:40,769 [main] INFO  algorithms.ContainerPlacementPolicyFactory (ContainerPlacementPolicyFactory.java:getPolicy(57)) - Create container placement policy of type org.apache.hadoop.hdds.scm.container.placement.algorithms.SCMContainerPlacementRandom
2019-09-17 11:50:40,784 [main] WARN  server.ServerUtils (ServerUtils.java:getScmDbDir(145)) - ozone.scm.db.dirs is not configured. We recommend adding this setting. Falling back to ozone.metadata.dirs instead.
2019-09-17 11:50:40,854 [main] INFO  pipeline.SCMPipelineManager (SCMPipelineManager.java:initializePipelineState(128)) - No pipeline exists in current db
2019-09-17 11:50:40,857 [main] WARN  server.ServerUtils (ServerUtils.java:getScmDbDir(145)) - ozone.scm.db.dirs is not configured. We recommend adding this setting. Falling back to ozone.metadata.dirs instead.
2019-09-17 11:50:40,984 [main] WARN  events.EventQueue (EventQueue.java:fireEvent(183)) - No event handler registered for event TypedEvent{payloadType=SafeModeStatus, name='SafeModeStatus'}
2019-09-17 11:50:41,330 [main] INFO  ipc.CallQueueManager (CallQueueManager.java:<init>(84)) - Using callQueue: class java.util.concurrent.LinkedBlockingQueue, queueCapacity: 2000, scheduler: class org.apache.hadoop.ipc.DefaultRpcScheduler, ipcBackoff: false.
2019-09-17 11:50:41,356 [Socket Reader #1 for port 40723] INFO  ipc.Server (Server.java:run(1074)) - Starting Socket Reader #1 for port 40723
2019-09-17 11:50:41,496 [main] INFO  ipc.CallQueueManager (CallQueueManager.java:<init>(84)) - Using callQueue: class java.util.concurrent.LinkedBlockingQueue, queueCapacity: 2000, scheduler: class org.apache.hadoop.ipc.DefaultRpcScheduler, ipcBackoff: false.
2019-09-17 11:50:41,497 [Socket Reader #1 for port 36951] INFO  ipc.Server (Server.java:run(1074)) - Starting Socket Reader #1 for port 36951
2019-09-17 11:50:41,504 [main] INFO  ipc.CallQueueManager (CallQueueManager.java:<init>(84)) - Using callQueue: class java.util.concurrent.LinkedBlockingQueue, queueCapacity: 2000, scheduler: class org.apache.hadoop.ipc.DefaultRpcScheduler, ipcBackoff: false.
2019-09-17 11:50:41,505 [Socket Reader #1 for port 45173] INFO  ipc.Server (Server.java:run(1074)) - Starting Socket Reader #1 for port 45173
2019-09-17 11:50:41,523 [main] INFO  hdfs.DFSUtil (DFSUtil.java:httpServerTemplateForNNAndJN(1641)) - Starting Web-server for scm at: http://0.0.0.0:0
2019-09-17 11:50:41,644 [main] INFO  server.AuthenticationFilter (AuthenticationFilter.java:constructSecretProvider(240)) - Unable to initialize FileSignerSecretProvider, falling back to use random secrets.
2019-09-17 11:50:41,651 [main] WARN  http.HttpRequestLog (HttpRequestLog.java:getRequestLog(97)) - Jetty request log can only be enabled using Log4j
2019-09-17 11:50:41,658 [main] INFO  http.HttpServer2 (HttpServer2.java:addGlobalFilter(975)) - Added global filter 'safety' (class=org.apache.hadoop.http.HttpServer2$QuotingInputFilter)
2019-09-17 11:50:41,661 [main] INFO  http.HttpServer2 (HttpServer2.java:addFilter(948)) - Added filter static_user_filter (class=org.apache.hadoop.http.lib.StaticUserWebFilter$StaticUserFilter) to context scm
2019-09-17 11:50:41,661 [main] INFO  http.HttpServer2 (HttpServer2.java:addFilter(958)) - Added filter static_user_filter (class=org.apache.hadoop.http.lib.StaticUserWebFilter$StaticUserFilter) to context logs
2019-09-17 11:50:41,661 [main] INFO  http.HttpServer2 (HttpServer2.java:addFilter(958)) - Added filter static_user_filter (class=org.apache.hadoop.http.lib.StaticUserWebFilter$StaticUserFilter) to context static
2019-09-17 11:50:41,688 [main] INFO  server.StorageContainerManager (StorageContainerManager.java:start(763)) - StorageContainerLocationProtocol RPC server is listening at /0.0.0.0:45173
2019-09-17 11:50:41,759 [main] WARN  impl.MetricsConfig (MetricsConfig.java:loadFirst(134)) - Cannot locate configuration: tried hadoop-metrics2-storagecontainermanager.properties,hadoop-metrics2.properties
2019-09-17 11:50:41,774 [main] INFO  impl.MetricsSystemImpl (MetricsSystemImpl.java:startTimer(374)) - Scheduled Metric snapshot period at 10 second(s).
2019-09-17 11:50:41,774 [main] INFO  impl.MetricsSystemImpl (MetricsSystemImpl.java:start(191)) - StorageContainerManager metrics system started
2019-09-17 11:50:42,005 [main] INFO  server.SCMClientProtocolServer (SCMClientProtocolServer.java:start(151)) - RPC server for Client  is listening at /0.0.0.0:45173
2019-09-17 11:50:42,005 [IPC Server Responder] INFO  ipc.Server (Server.java:run(1314)) - IPC Server Responder: starting
2019-09-17 11:50:42,005 [IPC Server listener on 45173] INFO  ipc.Server (Server.java:run(1153)) - IPC Server listener on 45173: starting
2019-09-17 11:50:42,008 [main] INFO  server.StorageContainerManager (StorageContainerManager.java:start(773)) - ScmBlockLocationProtocol RPC server is listening at /0.0.0.0:36951
2019-09-17 11:50:42,009 [main] INFO  server.SCMBlockProtocolServer (SCMBlockProtocolServer.java:start(146)) - RPC server for Block Protocol is listening at /0.0.0.0:36951
2019-09-17 11:50:42,010 [IPC Server Responder] INFO  ipc.Server (Server.java:run(1314)) - IPC Server Responder: starting
2019-09-17 11:50:42,010 [IPC Server listener on 36951] INFO  ipc.Server (Server.java:run(1153)) - IPC Server listener on 36951: starting
2019-09-17 11:50:42,012 [main] INFO  server.StorageContainerManager (StorageContainerManager.java:start(777)) - ScmDatanodeProtocl RPC server is listening at /0.0.0.0:40723
2019-09-17 11:50:42,012 [main] INFO  server.SCMDatanodeProtocolServer (SCMDatanodeProtocolServer.java:start(191)) - RPC server for DataNodes is listening at /0.0.0.0:40723
2019-09-17 11:50:42,012 [IPC Server Responder] INFO  ipc.Server (Server.java:run(1314)) - IPC Server Responder: starting
2019-09-17 11:50:42,012 [IPC Server listener on 40723] INFO  ipc.Server (Server.java:run(1153)) - IPC Server listener on 40723: starting
2019-09-17 11:50:42,016 [main] INFO  http.HttpServer2 (HttpServer2.java:bindListener(1191)) - Jetty bound to port 35372
2019-09-17 11:50:42,017 [main] INFO  server.Server (Server.java:doStart(351)) - jetty-9.3.24.v20180605, build timestamp: 2018-06-05T17:11:56Z, git hash: 84205aa28f11a4f31f2a3b86d1bba2cc8ab69827
2019-09-17 11:50:42,057 [main] INFO  handler.ContextHandler (ContextHandler.java:doStart(781)) - Started o.e.j.s.ServletContextHandler@732f29af{/logs,file:///tmp/workdir/hadoop-ozone/integration-test/target/log,AVAILABLE}
2019-09-17 11:50:42,057 [main] INFO  handler.ContextHandler (ContextHandler.java:doStart(781)) - Started o.e.j.s.ServletContextHandler@6622fc65{/static,file:///tmp/workdir/hadoop-ozone/integration-test/target/test-classes/webapps/static,AVAILABLE}
2019-09-17 11:50:42,093 [main] INFO  handler.ContextHandler (ContextHandler.java:doStart(781)) - Started o.e.j.w.WebAppContext@7555b920{/,file:///tmp/workdir/hadoop-ozone/integration-test/target/test-classes/webapps/scm/,AVAILABLE}{/scm}
2019-09-17 11:50:42,099 [main] INFO  server.AbstractConnector (AbstractConnector.java:doStart(278)) - Started ServerConnector@6db66836{HTTP/1.1,[http/1.1]}{0.0.0.0:35372}
2019-09-17 11:50:42,099 [main] INFO  server.Server (Server.java:doStart(419)) - Started @2796ms
2019-09-17 11:50:42,101 [main] INFO  impl.MetricsSinkAdapter (MetricsSinkAdapter.java:start(204)) - Sink prometheus started
2019-09-17 11:50:42,102 [main] INFO  impl.MetricsSystemImpl (MetricsSystemImpl.java:registerSink(301)) - Registered sink prometheus
2019-09-17 11:50:42,103 [main] INFO  server.BaseHttpServer (BaseHttpServer.java:updateConnectorAddress(215)) - HTTP server of SCM is listening at http://0.0.0.0:35372
2019-09-17 11:50:42,111 [org.apache.hadoop.util.JvmPauseMonitor$Monitor@78461bc4] INFO  util.JvmPauseMonitor (JvmPauseMonitor.java:run(188)) - Starting JVM pause monitor
2019-09-17 11:50:42,114 [main] WARN  server.ServerUtils (ServerUtils.java:getDBPath(222)) - ozone.om.db.dirs is not configured. We recommend adding this setting. Falling back to ozone.metadata.dirs instead.
2019-09-17 11:50:42,226 [main] WARN  server.ServerUtils (ServerUtils.java:getDBPath(222)) - ozone.om.db.dirs is not configured. We recommend adding this setting. Falling back to ozone.metadata.dirs instead.
2019-09-17 11:50:42,226 [main] WARN  server.ServerUtils (ServerUtils.java:getDBPath(222)) - ozone.om.db.dirs is not configured. We recommend adding this setting. Falling back to ozone.metadata.dirs instead.
2019-09-17 11:50:42,227 [main] INFO  om.OzoneManager (OzoneManager.java:setOMNodeDetails(649)) - OM Service ID is not set. Setting it to the default ID: omServiceIdDefault
2019-09-17 11:50:42,227 [main] INFO  om.OzoneManager (OzoneManager.java:setOMNodeDetails(655)) - OM Node ID is not set. Setting it to the OmStorage's OmID: 23feec2d-1678-40de-a75f-b2984b3a2eaf
2019-09-17 11:50:42,229 [main] INFO  om.OzoneManager (OzoneManager.java:loadOMHAConfigs(606)) - Found matching OM address with OMServiceId: null, OMNodeId: null, RPC Address: localhost:0 and Ratis port: 9872
2019-09-17 11:50:42,907 [main] WARN  server.ServerUtils (ServerUtils.java:getDBPath(222)) - ozone.om.db.dirs is not configured. We recommend adding this setting. Falling back to ozone.metadata.dirs instead.
2019-09-17 11:50:42,913 [main] INFO  db.DBStoreBuilder (DBStoreBuilder.java:addTable(110)) - using custom profile for table: userTable
2019-09-17 11:50:42,913 [main] INFO  db.DBStoreBuilder (DBStoreBuilder.java:processTables(161)) - Using default column profile:DBProfile.DISK for Table:userTable
2019-09-17 11:50:42,914 [main] INFO  db.DBStoreBuilder (DBStoreBuilder.java:addTable(110)) - using custom profile for table: volumeTable
2019-09-17 11:50:42,914 [main] INFO  db.DBStoreBuilder (DBStoreBuilder.java:processTables(161)) - Using default column profile:DBProfile.DISK for Table:volumeTable
2019-09-17 11:50:42,914 [main] INFO  db.DBStoreBuilder (DBStoreBuilder.java:addTable(110)) - using custom profile for table: bucketTable
2019-09-17 11:50:42,914 [main] INFO  db.DBStoreBuilder (DBStoreBuilder.java:processTables(161)) - Using default column profile:DBProfile.DISK for Table:bucketTable
2019-09-17 11:50:42,915 [main] INFO  db.DBStoreBuilder (DBStoreBuilder.java:addTable(110)) - using custom profile for table: keyTable
2019-09-17 11:50:42,915 [main] INFO  db.DBStoreBuilder (DBStoreBuilder.java:processTables(161)) - Using default column profile:DBProfile.DISK for Table:keyTable
2019-09-17 11:50:42,915 [main] INFO  db.DBStoreBuilder (DBStoreBuilder.java:addTable(110)) - using custom profile for table: deletedTable
2019-09-17 11:50:42,915 [main] INFO  db.DBStoreBuilder (DBStoreBuilder.java:processTables(161)) - Using default column profile:DBProfile.DISK for Table:deletedTable
2019-09-17 11:50:42,915 [main] INFO  db.DBStoreBuilder (DBStoreBuilder.java:addTable(110)) - using custom profile for table: openKeyTable
2019-09-17 11:50:42,916 [main] INFO  db.DBStoreBuilder (DBStoreBuilder.java:processTables(161)) - Using default column profile:DBProfile.DISK for Table:openKeyTable
2019-09-17 11:50:42,916 [main] INFO  db.DBStoreBuilder (DBStoreBuilder.java:addTable(110)) - using custom profile for table: s3Table
2019-09-17 11:50:42,916 [main] INFO  db.DBStoreBuilder (DBStoreBuilder.java:processTables(161)) - Using default column profile:DBProfile.DISK for Table:s3Table
2019-09-17 11:50:42,916 [main] INFO  db.DBStoreBuilder (DBStoreBuilder.java:addTable(110)) - using custom profile for table: multipartInfoTable
2019-09-17 11:50:42,917 [main] INFO  db.DBStoreBuilder (DBStoreBuilder.java:processTables(161)) - Using default column profile:DBProfile.DISK for Table:multipartInfoTable
2019-09-17 11:50:42,917 [main] INFO  db.DBStoreBuilder (DBStoreBuilder.java:addTable(110)) - using custom profile for table: dTokenTable
2019-09-17 11:50:42,917 [main] INFO  db.DBStoreBuilder (DBStoreBuilder.java:processTables(161)) - Using default column profile:DBProfile.DISK for Table:dTokenTable
2019-09-17 11:50:42,917 [main] INFO  db.DBStoreBuilder (DBStoreBuilder.java:addTable(110)) - using custom profile for table: s3SecretTable
2019-09-17 11:50:42,918 [main] INFO  db.DBStoreBuilder (DBStoreBuilder.java:processTables(161)) - Using default column profile:DBProfile.DISK for Table:s3SecretTable
2019-09-17 11:50:42,918 [main] INFO  db.DBStoreBuilder (DBStoreBuilder.java:addTable(110)) - using custom profile for table: prefixTable
2019-09-17 11:50:42,918 [main] INFO  db.DBStoreBuilder (DBStoreBuilder.java:processTables(161)) - Using default column profile:DBProfile.DISK for Table:prefixTable
2019-09-17 11:50:42,918 [main] INFO  db.DBStoreBuilder (DBStoreBuilder.java:addTable(110)) - using custom profile for table: default
2019-09-17 11:50:42,918 [main] INFO  db.DBStoreBuilder (DBStoreBuilder.java:processTables(167)) - Using default column profile:DBProfile.DISK for Table:default
2019-09-17 11:50:42,919 [main] INFO  db.DBStoreBuilder (DBStoreBuilder.java:getDbProfile(198)) - Using default options. DBProfile.DISK
2019-09-17 11:50:43,250 [main] INFO  ipc.CallQueueManager (CallQueueManager.java:<init>(84)) - Using callQueue: class java.util.concurrent.LinkedBlockingQueue, queueCapacity: 2000, scheduler: class org.apache.hadoop.ipc.DefaultRpcScheduler, ipcBackoff: false.
2019-09-17 11:50:43,251 [Socket Reader #1 for port 46068] INFO  ipc.Server (Server.java:run(1074)) - Starting Socket Reader #1 for port 46068
2019-09-17 11:50:43,273 [main] INFO  om.OzoneManager (OzoneManager.java:start(1240)) - OzoneManager RPC server is listening at localhost/127.0.0.1:46068
2019-09-17 11:50:43,273 [main] INFO  impl.MetricsSystemImpl (MetricsSystemImpl.java:init(158)) - OzoneManager metrics system started (again)
2019-09-17 11:50:43,274 [IPC Server listener on 46068] INFO  ipc.Server (Server.java:run(1153)) - IPC Server listener on 46068: starting
2019-09-17 11:50:43,274 [IPC Server Responder] INFO  ipc.Server (Server.java:run(1314)) - IPC Server Responder: starting
2019-09-17 11:50:43,278 [main] INFO  hdfs.DFSUtil (DFSUtil.java:httpServerTemplateForNNAndJN(1641)) - Starting Web-server for ozoneManager at: http://0.0.0.0:0
2019-09-17 11:50:43,279 [main] INFO  server.AuthenticationFilter (AuthenticationFilter.java:constructSecretProvider(240)) - Unable to initialize FileSignerSecretProvider, falling back to use random secrets.
2019-09-17 11:50:43,280 [main] WARN  http.HttpRequestLog (HttpRequestLog.java:getRequestLog(97)) - Jetty request log can only be enabled using Log4j
2019-09-17 11:50:43,282 [main] INFO  http.HttpServer2 (HttpServer2.java:addGlobalFilter(975)) - Added global filter 'safety' (class=org.apache.hadoop.http.HttpServer2$QuotingInputFilter)
2019-09-17 11:50:43,283 [main] INFO  http.HttpServer2 (HttpServer2.java:addFilter(948)) - Added filter static_user_filter (class=org.apache.hadoop.http.lib.StaticUserWebFilter$StaticUserFilter) to context ozoneManager
2019-09-17 11:50:43,283 [main] INFO  http.HttpServer2 (HttpServer2.java:addFilter(958)) - Added filter static_user_filter (class=org.apache.hadoop.http.lib.StaticUserWebFilter$StaticUserFilter) to context logs
2019-09-17 11:50:43,283 [main] INFO  http.HttpServer2 (HttpServer2.java:addFilter(958)) - Added filter static_user_filter (class=org.apache.hadoop.http.lib.StaticUserWebFilter$StaticUserFilter) to context static
2019-09-17 11:50:43,285 [main] INFO  http.HttpServer2 (HttpServer2.java:bindListener(1191)) - Jetty bound to port 38166
2019-09-17 11:50:43,285 [main] INFO  server.Server (Server.java:doStart(351)) - jetty-9.3.24.v20180605, build timestamp: 2018-06-05T17:11:56Z, git hash: 84205aa28f11a4f31f2a3b86d1bba2cc8ab69827
2019-09-17 11:50:43,287 [main] INFO  handler.ContextHandler (ContextHandler.java:doStart(781)) - Started o.e.j.s.ServletContextHandler@25d3cfc8{/logs,file:///tmp/workdir/hadoop-ozone/integration-test/target/log,AVAILABLE}
2019-09-17 11:50:43,288 [main] INFO  handler.ContextHandler (ContextHandler.java:doStart(781)) - Started o.e.j.s.ServletContextHandler@2571066a{/static,file:///tmp/workdir/hadoop-ozone/integration-test/target/test-classes/webapps/static,AVAILABLE}
2019-09-17 11:50:43,293 [main] INFO  handler.ContextHandler (ContextHandler.java:doStart(781)) - Started o.e.j.w.WebAppContext@444548a0{/,file:///tmp/workdir/hadoop-ozone/integration-test/target/test-classes/webapps/ozoneManager/,AVAILABLE}{/ozoneManager}
2019-09-17 11:50:43,293 [main] INFO  server.AbstractConnector (AbstractConnector.java:doStart(278)) - Started ServerConnector@3766c667{HTTP/1.1,[http/1.1]}{0.0.0.0:38166}
2019-09-17 11:50:43,293 [main] INFO  server.Server (Server.java:doStart(419)) - Started @3990ms
2019-09-17 11:50:43,293 [main] WARN  impl.MetricsSystemImpl (MetricsSystemImpl.java:register(276)) - Sink prometheus already exists!
2019-09-17 11:50:43,294 [main] INFO  server.BaseHttpServer (BaseHttpServer.java:updateConnectorAddress(215)) - HTTP server of OZONEMANAGER is listening at http://0.0.0.0:38166
2019-09-17 11:50:43,589 [main] INFO  impl.MetricsSystemImpl (MetricsSystemImpl.java:init(158)) - HddsDatanode metrics system started (again)
2019-09-17 11:50:43,641 [main] INFO  ozone.HddsDatanodeService (HddsDatanodeService.java:start(184)) - HddsDatanodeService host:pr-hdds-2121-5jcdq-2838215776 ip:192.168.157.219
2019-09-17 11:50:43,672 [main] INFO  volume.HddsVolume (HddsVolume.java:<init>(176)) - Creating Volume: /tmp/workdir/hadoop-ozone/integration-test/target/test-dir/MiniOzoneClusterImpl-aba007c7-aff0-48a6-9a1c-5b8514ff46fc/datanode-0/data/containers/hdds of  storage type : DISK and capacity : 1482555576320
2019-09-17 11:50:43,674 [main] INFO  volume.VolumeSet (VolumeSet.java:initializeVolumeSet(170)) - Added Volume : /tmp/workdir/hadoop-ozone/integration-test/target/test-dir/MiniOzoneClusterImpl-aba007c7-aff0-48a6-9a1c-5b8514ff46fc/datanode-0/data/containers/hdds to VolumeSet
2019-09-17 11:50:43,678 [main] INFO  volume.ThrottledAsyncChecker (ThrottledAsyncChecker.java:schedule(139)) - Scheduling a check for org.apache.hadoop.ozone.container.common.volume.HddsVolume@7e2f86e6
2019-09-17 11:50:43,699 [main] INFO  volume.HddsVolumeChecker (HddsVolumeChecker.java:checkAllVolumes(202)) - Scheduled health check for volume org.apache.hadoop.ozone.container.common.volume.HddsVolume@7e2f86e6
2019-09-17 11:50:43,833 [main] INFO  impl.RaftServerProxy (ConfUtils.java:logGet(43)) - raft.rpc.type = GRPC (default)
2019-09-17 11:50:43,891 [main] INFO  grpc.GrpcFactory (GrpcFactory.java:checkPooledByteBufAllocatorUseCacheForAllThreads(45)) - PERFORMANCE WARNING: useCacheForAllThreads is true that may cause Netty to create a lot garbage objects and, as a result, trigger GC.
	It is recommended to disable useCacheForAllThreads by setting -Dorg.apache.ratis.thirdparty.io.netty.allocator.useCacheForAllThreads=false in command line.
2019-09-17 11:50:43,896 [main] INFO  grpc.GrpcConfigKeys$Server (ConfUtils.java:logGet(43)) - raft.grpc.server.port = 0 (default)
2019-09-17 11:50:43,897 [main] INFO  server.GrpcService (ConfUtils.java:logGet(43)) - raft.grpc.message.size.max = 33570816 (custom)
2019-09-17 11:50:43,898 [main] INFO  server.RaftServerConfigKeys (ConfUtils.java:logGet(43)) - raft.server.log.appender.buffer.byte-limit = 33554432 (custom)
2019-09-17 11:50:43,899 [main] INFO  server.GrpcService (ConfUtils.java:logGet(43)) - raft.grpc.flow.control.window = 1MB (=1048576) (default)
2019-09-17 11:50:43,900 [main] INFO  server.RaftServerConfigKeys (ConfUtils.java:logGet(43)) - raft.server.rpc.request.timeout = 3000ms (default)
2019-09-17 11:50:44,045 [main] INFO  server.RaftServerConfigKeys (ConfUtils.java:logGet(43)) - raft.server.storage.dir = [/tmp/workdir/hadoop-ozone/integration-test/target/test-dir/MiniOzoneClusterImpl-aba007c7-aff0-48a6-9a1c-5b8514ff46fc/datanode-0/data/ratis] (custom)
2019-09-17 11:50:44,102 [main] INFO  hdfs.DFSUtil (DFSUtil.java:httpServerTemplateForNNAndJN(1641)) - Starting Web-server for hddsDatanode at: http://0.0.0.0:0
2019-09-17 11:50:44,105 [main] INFO  server.AuthenticationFilter (AuthenticationFilter.java:constructSecretProvider(240)) - Unable to initialize FileSignerSecretProvider, falling back to use random secrets.
2019-09-17 11:50:44,105 [main] WARN  http.HttpRequestLog (HttpRequestLog.java:getRequestLog(97)) - Jetty request log can only be enabled using Log4j
2019-09-17 11:50:44,108 [main] INFO  http.HttpServer2 (HttpServer2.java:addGlobalFilter(975)) - Added global filter 'safety' (class=org.apache.hadoop.http.HttpServer2$QuotingInputFilter)
2019-09-17 11:50:44,108 [main] INFO  http.HttpServer2 (HttpServer2.java:addFilter(948)) - Added filter static_user_filter (class=org.apache.hadoop.http.lib.StaticUserWebFilter$StaticUserFilter) to context hddsDatanode
2019-09-17 11:50:44,109 [main] INFO  http.HttpServer2 (HttpServer2.java:addFilter(958)) - Added filter static_user_filter (class=org.apache.hadoop.http.lib.StaticUserWebFilter$StaticUserFilter) to context logs
2019-09-17 11:50:44,109 [main] INFO  http.HttpServer2 (HttpServer2.java:addFilter(958)) - Added filter static_user_filter (class=org.apache.hadoop.http.lib.StaticUserWebFilter$StaticUserFilter) to context static
2019-09-17 11:50:44,110 [main] INFO  http.HttpServer2 (HttpServer2.java:bindListener(1191)) - Jetty bound to port 42226
2019-09-17 11:50:44,110 [main] INFO  server.Server (Server.java:doStart(351)) - jetty-9.3.24.v20180605, build timestamp: 2018-06-05T17:11:56Z, git hash: 84205aa28f11a4f31f2a3b86d1bba2cc8ab69827
2019-09-17 11:50:44,113 [main] INFO  handler.ContextHandler (ContextHandler.java:doStart(781)) - Started o.e.j.s.ServletContextHandler@5fa23c{/logs,file:///tmp/workdir/hadoop-ozone/integration-test/target/log,AVAILABLE}
2019-09-17 11:50:44,113 [main] INFO  handler.ContextHandler (ContextHandler.java:doStart(781)) - Started o.e.j.s.ServletContextHandler@433348bc{/static,jar:file:/home/user/.m2/repository/org/apache/hadoop/hadoop-hdds-container-service/0.5.0-SNAPSHOT/hadoop-hdds-container-service-0.5.0-SNAPSHOT.jar!/webapps/static,AVAILABLE}
2019-09-17 11:50:44,149 [main] INFO  handler.ContextHandler (ContextHandler.java:doStart(781)) - Started o.e.j.w.WebAppContext@3c5dbdf8{/,file:///tmp/jetty-0.0.0.0-42226-hddsDatanode-_-any-7852965245214304875.dir/webapp/,AVAILABLE}{/hddsDatanode}
2019-09-17 11:50:44,150 [main] INFO  server.AbstractConnector (AbstractConnector.java:doStart(278)) - Started ServerConnector@352c44a8{HTTP/1.1,[http/1.1]}{0.0.0.0:42226}
2019-09-17 11:50:44,153 [main] INFO  server.Server (Server.java:doStart(419)) - Started @4850ms
2019-09-17 11:50:44,153 [main] WARN  impl.MetricsSystemImpl (MetricsSystemImpl.java:register(276)) - Sink prometheus already exists!
2019-09-17 11:50:44,154 [main] INFO  server.BaseHttpServer (BaseHttpServer.java:updateConnectorAddress(215)) - HTTP server of HDDSDATANODE is listening at http://0.0.0.0:42226
2019-09-17 11:50:44,155 [main] INFO  impl.MetricsSystemImpl (MetricsSystemImpl.java:init(158)) - HddsDatanode metrics system started (again)
2019-09-17 11:50:44,158 [main] INFO  ozone.HddsDatanodeService (HddsDatanodeService.java:start(184)) - HddsDatanodeService host:pr-hdds-2121-5jcdq-2838215776 ip:192.168.157.219
2019-09-17 11:50:44,162 [org.apache.hadoop.util.JvmPauseMonitor$Monitor@6707a36d] INFO  util.JvmPauseMonitor (JvmPauseMonitor.java:run(188)) - Starting JVM pause monitor
2019-09-17 11:50:44,166 [main] INFO  volume.HddsVolume (HddsVolume.java:<init>(176)) - Creating Volume: /tmp/workdir/hadoop-ozone/integration-test/target/test-dir/MiniOzoneClusterImpl-aba007c7-aff0-48a6-9a1c-5b8514ff46fc/datanode-1/data/containers/hdds of  storage type : DISK and capacity : 1482555576320
2019-09-17 11:50:44,167 [main] INFO  volume.VolumeSet (VolumeSet.java:initializeVolumeSet(170)) - Added Volume : /tmp/workdir/hadoop-ozone/integration-test/target/test-dir/MiniOzoneClusterImpl-aba007c7-aff0-48a6-9a1c-5b8514ff46fc/datanode-1/data/containers/hdds to VolumeSet
2019-09-17 11:50:44,167 [main] INFO  volume.ThrottledAsyncChecker (ThrottledAsyncChecker.java:schedule(139)) - Scheduling a check for org.apache.hadoop.ozone.container.common.volume.HddsVolume@3804a9a8
2019-09-17 11:50:44,169 [main] INFO  volume.HddsVolumeChecker (HddsVolumeChecker.java:checkAllVolumes(202)) - Scheduled health check for volume org.apache.hadoop.ozone.container.common.volume.HddsVolume@3804a9a8
2019-09-17 11:50:44,189 [main] INFO  impl.RaftServerProxy (ConfUtils.java:logGet(43)) - raft.rpc.type = GRPC (default)
2019-09-17 11:50:44,190 [main] INFO  grpc.GrpcFactory (GrpcFactory.java:checkPooledByteBufAllocatorUseCacheForAllThreads(45)) - PERFORMANCE WARNING: useCacheForAllThreads is true that may cause Netty to create a lot garbage objects and, as a result, trigger GC.
	It is recommended to disable useCacheForAllThreads by setting -Dorg.apache.ratis.thirdparty.io.netty.allocator.useCacheForAllThreads=false in command line.
2019-09-17 11:50:44,190 [main] INFO  grpc.GrpcConfigKeys$Server (ConfUtils.java:logGet(43)) - raft.grpc.server.port = 0 (default)
2019-09-17 11:50:44,191 [main] INFO  server.GrpcService (ConfUtils.java:logGet(43)) - raft.grpc.message.size.max = 33570816 (custom)
2019-09-17 11:50:44,191 [main] INFO  server.RaftServerConfigKeys (ConfUtils.java:logGet(43)) - raft.server.log.appender.buffer.byte-limit = 33554432 (custom)
2019-09-17 11:50:44,191 [main] INFO  server.GrpcService (ConfUtils.java:logGet(43)) - raft.grpc.flow.control.window = 1MB (=1048576) (default)
2019-09-17 11:50:44,192 [main] INFO  server.RaftServerConfigKeys (ConfUtils.java:logGet(43)) - raft.server.rpc.request.timeout = 3000ms (default)
2019-09-17 11:50:44,193 [main] INFO  server.RaftServerConfigKeys (ConfUtils.java:logGet(43)) - raft.server.storage.dir = [/tmp/workdir/hadoop-ozone/integration-test/target/test-dir/MiniOzoneClusterImpl-aba007c7-aff0-48a6-9a1c-5b8514ff46fc/datanode-1/data/ratis] (custom)
2019-09-17 11:50:44,195 [main] INFO  hdfs.DFSUtil (DFSUtil.java:httpServerTemplateForNNAndJN(1641)) - Starting Web-server for hddsDatanode at: http://0.0.0.0:0
2019-09-17 11:50:44,196 [main] INFO  server.AuthenticationFilter (AuthenticationFilter.java:constructSecretProvider(240)) - Unable to initialize FileSignerSecretProvider, falling back to use random secrets.
2019-09-17 11:50:44,197 [main] WARN  http.HttpRequestLog (HttpRequestLog.java:getRequestLog(97)) - Jetty request log can only be enabled using Log4j
2019-09-17 11:50:44,199 [main] INFO  http.HttpServer2 (HttpServer2.java:addGlobalFilter(975)) - Added global filter 'safety' (class=org.apache.hadoop.http.HttpServer2$QuotingInputFilter)
2019-09-17 11:50:44,199 [main] INFO  http.HttpServer2 (HttpServer2.java:addFilter(948)) - Added filter static_user_filter (class=org.apache.hadoop.http.lib.StaticUserWebFilter$StaticUserFilter) to context hddsDatanode
2019-09-17 11:50:44,200 [main] INFO  http.HttpServer2 (HttpServer2.java:addFilter(958)) - Added filter static_user_filter (class=org.apache.hadoop.http.lib.StaticUserWebFilter$StaticUserFilter) to context logs
2019-09-17 11:50:44,200 [main] INFO  http.HttpServer2 (HttpServer2.java:addFilter(958)) - Added filter static_user_filter (class=org.apache.hadoop.http.lib.StaticUserWebFilter$StaticUserFilter) to context static
2019-09-17 11:50:44,201 [main] INFO  http.HttpServer2 (HttpServer2.java:bindListener(1191)) - Jetty bound to port 35112
2019-09-17 11:50:44,201 [main] INFO  server.Server (Server.java:doStart(351)) - jetty-9.3.24.v20180605, build timestamp: 2018-06-05T17:11:56Z, git hash: 84205aa28f11a4f31f2a3b86d1bba2cc8ab69827
2019-09-17 11:50:44,204 [main] INFO  handler.ContextHandler (ContextHandler.java:doStart(781)) - Started o.e.j.s.ServletContextHandler@625d9132{/logs,file:///tmp/workdir/hadoop-ozone/integration-test/target/log,AVAILABLE}
2019-09-17 11:50:44,204 [main] INFO  handler.ContextHandler (ContextHandler.java:doStart(781)) - Started o.e.j.s.ServletContextHandler@277b8fa4{/static,jar:file:/home/user/.m2/repository/org/apache/hadoop/hadoop-hdds-container-service/0.5.0-SNAPSHOT/hadoop-hdds-container-service-0.5.0-SNAPSHOT.jar!/webapps/static,AVAILABLE}
2019-09-17 11:50:44,234 [main] INFO  handler.ContextHandler (ContextHandler.java:doStart(781)) - Started o.e.j.w.WebAppContext@1422ac7f{/,file:///tmp/jetty-0.0.0.0-35112-hddsDatanode-_-any-9186766721836912221.dir/webapp/,AVAILABLE}{/hddsDatanode}
2019-09-17 11:50:44,236 [main] INFO  server.AbstractConnector (AbstractConnector.java:doStart(278)) - Started ServerConnector@5e519ad3{HTTP/1.1,[http/1.1]}{0.0.0.0:35112}
2019-09-17 11:50:44,237 [main] INFO  server.Server (Server.java:doStart(419)) - Started @4934ms
2019-09-17 11:50:44,237 [main] WARN  impl.MetricsSystemImpl (MetricsSystemImpl.java:register(276)) - Sink prometheus already exists!
2019-09-17 11:50:44,238 [main] INFO  server.BaseHttpServer (BaseHttpServer.java:updateConnectorAddress(215)) - HTTP server of HDDSDATANODE is listening at http://0.0.0.0:35112
2019-09-17 11:50:44,239 [main] INFO  impl.MetricsSystemImpl (MetricsSystemImpl.java:init(158)) - HddsDatanode metrics system started (again)
2019-09-17 11:50:44,242 [org.apache.hadoop.util.JvmPauseMonitor$Monitor@4eaa1cce] INFO  util.JvmPauseMonitor (JvmPauseMonitor.java:run(188)) - Starting JVM pause monitor
2019-09-17 11:50:44,244 [main] INFO  ozone.HddsDatanodeService (HddsDatanodeService.java:start(184)) - HddsDatanodeService host:pr-hdds-2121-5jcdq-2838215776 ip:192.168.157.219
2019-09-17 11:50:44,256 [main] INFO  volume.HddsVolume (HddsVolume.java:<init>(176)) - Creating Volume: /tmp/workdir/hadoop-ozone/integration-test/target/test-dir/MiniOzoneClusterImpl-aba007c7-aff0-48a6-9a1c-5b8514ff46fc/datanode-2/data/containers/hdds of  storage type : DISK and capacity : 1482555576320
2019-09-17 11:50:44,256 [main] INFO  volume.VolumeSet (VolumeSet.java:initializeVolumeSet(170)) - Added Volume : /tmp/workdir/hadoop-ozone/integration-test/target/test-dir/MiniOzoneClusterImpl-aba007c7-aff0-48a6-9a1c-5b8514ff46fc/datanode-2/data/containers/hdds to VolumeSet
2019-09-17 11:50:44,256 [main] INFO  volume.ThrottledAsyncChecker (ThrottledAsyncChecker.java:schedule(139)) - Scheduling a check for org.apache.hadoop.ozone.container.common.volume.HddsVolume@6cff61fc
2019-09-17 11:50:44,257 [main] INFO  volume.HddsVolumeChecker (HddsVolumeChecker.java:checkAllVolumes(202)) - Scheduled health check for volume org.apache.hadoop.ozone.container.common.volume.HddsVolume@6cff61fc
2019-09-17 11:50:44,270 [main] INFO  impl.RaftServerProxy (ConfUtils.java:logGet(43)) - raft.rpc.type = GRPC (default)
2019-09-17 11:50:44,270 [main] INFO  grpc.GrpcFactory (GrpcFactory.java:checkPooledByteBufAllocatorUseCacheForAllThreads(45)) - PERFORMANCE WARNING: useCacheForAllThreads is true that may cause Netty to create a lot garbage objects and, as a result, trigger GC.
	It is recommended to disable useCacheForAllThreads by setting -Dorg.apache.ratis.thirdparty.io.netty.allocator.useCacheForAllThreads=false in command line.
2019-09-17 11:50:44,270 [main] INFO  grpc.GrpcConfigKeys$Server (ConfUtils.java:logGet(43)) - raft.grpc.server.port = 0 (default)
2019-09-17 11:50:44,271 [main] INFO  server.GrpcService (ConfUtils.java:logGet(43)) - raft.grpc.message.size.max = 33570816 (custom)
2019-09-17 11:50:44,271 [main] INFO  server.RaftServerConfigKeys (ConfUtils.java:logGet(43)) - raft.server.log.appender.buffer.byte-limit = 33554432 (custom)
2019-09-17 11:50:44,271 [main] INFO  server.GrpcService (ConfUtils.java:logGet(43)) - raft.grpc.flow.control.window = 1MB (=1048576) (default)
2019-09-17 11:50:44,271 [main] INFO  server.RaftServerConfigKeys (ConfUtils.java:logGet(43)) - raft.server.rpc.request.timeout = 3000ms (default)
2019-09-17 11:50:44,272 [main] INFO  server.RaftServerConfigKeys (ConfUtils.java:logGet(43)) - raft.server.storage.dir = [/tmp/workdir/hadoop-ozone/integration-test/target/test-dir/MiniOzoneClusterImpl-aba007c7-aff0-48a6-9a1c-5b8514ff46fc/datanode-2/data/ratis] (custom)
2019-09-17 11:50:44,274 [main] INFO  hdfs.DFSUtil (DFSUtil.java:httpServerTemplateForNNAndJN(1641)) - Starting Web-server for hddsDatanode at: http://0.0.0.0:0
2019-09-17 11:50:44,275 [main] INFO  server.AuthenticationFilter (AuthenticationFilter.java:constructSecretProvider(240)) - Unable to initialize FileSignerSecretProvider, falling back to use random secrets.
2019-09-17 11:50:44,276 [main] WARN  http.HttpRequestLog (HttpRequestLog.java:getRequestLog(97)) - Jetty request log can only be enabled using Log4j
2019-09-17 11:50:44,278 [main] INFO  http.HttpServer2 (HttpServer2.java:addGlobalFilter(975)) - Added global filter 'safety' (class=org.apache.hadoop.http.HttpServer2$QuotingInputFilter)
2019-09-17 11:50:44,278 [main] INFO  http.HttpServer2 (HttpServer2.java:addFilter(948)) - Added filter static_user_filter (class=org.apache.hadoop.http.lib.StaticUserWebFilter$StaticUserFilter) to context hddsDatanode
2019-09-17 11:50:44,279 [main] INFO  http.HttpServer2 (HttpServer2.java:addFilter(958)) - Added filter static_user_filter (class=org.apache.hadoop.http.lib.StaticUserWebFilter$StaticUserFilter) to context logs
2019-09-17 11:50:44,279 [main] INFO  http.HttpServer2 (HttpServer2.java:addFilter(958)) - Added filter static_user_filter (class=org.apache.hadoop.http.lib.StaticUserWebFilter$StaticUserFilter) to context static
2019-09-17 11:50:44,280 [main] INFO  http.HttpServer2 (HttpServer2.java:bindListener(1191)) - Jetty bound to port 43205
2019-09-17 11:50:44,280 [main] INFO  server.Server (Server.java:doStart(351)) - jetty-9.3.24.v20180605, build timestamp: 2018-06-05T17:11:56Z, git hash: 84205aa28f11a4f31f2a3b86d1bba2cc8ab69827
2019-09-17 11:50:44,286 [main] INFO  handler.ContextHandler (ContextHandler.java:doStart(781)) - Started o.e.j.s.ServletContextHandler@44536de4{/logs,file:///tmp/workdir/hadoop-ozone/integration-test/target/log,AVAILABLE}
2019-09-17 11:50:44,286 [main] INFO  handler.ContextHandler (ContextHandler.java:doStart(781)) - Started o.e.j.s.ServletContextHandler@4d95a72e{/static,jar:file:/home/user/.m2/repository/org/apache/hadoop/hadoop-hdds-container-service/0.5.0-SNAPSHOT/hadoop-hdds-container-service-0.5.0-SNAPSHOT.jar!/webapps/static,AVAILABLE}
2019-09-17 11:50:44,315 [main] INFO  handler.ContextHandler (ContextHandler.java:doStart(781)) - Started o.e.j.w.WebAppContext@fc807c1{/,file:///tmp/jetty-0.0.0.0-43205-hddsDatanode-_-any-8291391359310733917.dir/webapp/,AVAILABLE}{/hddsDatanode}
2019-09-17 11:50:44,315 [Datanode State Machine Thread - 0] INFO  datanode.InitDatanodeState (InitDatanodeState.java:persistContainerDatanodeDetails(140)) - DatanodeDetails is persisted to /tmp/workdir/hadoop-ozone/integration-test/target/test-dir/MiniOzoneClusterImpl-aba007c7-aff0-48a6-9a1c-5b8514ff46fc/datanode-0/meta/datanode.id
2019-09-17 11:50:44,316 [main] INFO  server.AbstractConnector (AbstractConnector.java:doStart(278)) - Started ServerConnector@296e281a{HTTP/1.1,[http/1.1]}{0.0.0.0:43205}
2019-09-17 11:50:44,320 [main] INFO  server.Server (Server.java:doStart(419)) - Started @5017ms
2019-09-17 11:50:44,320 [main] WARN  impl.MetricsSystemImpl (MetricsSystemImpl.java:register(276)) - Sink prometheus already exists!
2019-09-17 11:50:44,320 [Datanode State Machine Thread - 0] INFO  datanode.InitDatanodeState (InitDatanodeState.java:persistContainerDatanodeDetails(140)) - DatanodeDetails is persisted to /tmp/workdir/hadoop-ozone/integration-test/target/test-dir/MiniOzoneClusterImpl-aba007c7-aff0-48a6-9a1c-5b8514ff46fc/datanode-1/meta/datanode.id
2019-09-17 11:50:44,321 [main] INFO  server.BaseHttpServer (BaseHttpServer.java:updateConnectorAddress(215)) - HTTP server of HDDSDATANODE is listening at http://0.0.0.0:43205
2019-09-17 11:50:44,321 [main] INFO  impl.MetricsSystemImpl (MetricsSystemImpl.java:init(158)) - HddsDatanode metrics system started (again)
2019-09-17 11:50:44,325 [org.apache.hadoop.util.JvmPauseMonitor$Monitor@502fae88] INFO  util.JvmPauseMonitor (JvmPauseMonitor.java:run(188)) - Starting JVM pause monitor
2019-09-17 11:50:44,326 [main] INFO  ozone.HddsDatanodeService (HddsDatanodeService.java:start(184)) - HddsDatanodeService host:pr-hdds-2121-5jcdq-2838215776 ip:192.168.157.219
2019-09-17 11:50:44,327 [Datanode State Machine Thread - 0] INFO  datanode.InitDatanodeState (InitDatanodeState.java:persistContainerDatanodeDetails(140)) - DatanodeDetails is persisted to /tmp/workdir/hadoop-ozone/integration-test/target/test-dir/MiniOzoneClusterImpl-aba007c7-aff0-48a6-9a1c-5b8514ff46fc/datanode-2/meta/datanode.id
2019-09-17 11:50:44,335 [main] INFO  volume.HddsVolume (HddsVolume.java:<init>(176)) - Creating Volume: /tmp/workdir/hadoop-ozone/integration-test/target/test-dir/MiniOzoneClusterImpl-aba007c7-aff0-48a6-9a1c-5b8514ff46fc/datanode-3/data/containers/hdds of  storage type : DISK and capacity : 1482555576320
2019-09-17 11:50:44,336 [main] INFO  volume.VolumeSet (VolumeSet.java:initializeVolumeSet(170)) - Added Volume : /tmp/workdir/hadoop-ozone/integration-test/target/test-dir/MiniOzoneClusterImpl-aba007c7-aff0-48a6-9a1c-5b8514ff46fc/datanode-3/data/containers/hdds to VolumeSet
2019-09-17 11:50:44,336 [main] INFO  volume.ThrottledAsyncChecker (ThrottledAsyncChecker.java:schedule(139)) - Scheduling a check for org.apache.hadoop.ozone.container.common.volume.HddsVolume@434514d8
2019-09-17 11:50:44,337 [main] INFO  volume.HddsVolumeChecker (HddsVolumeChecker.java:checkAllVolumes(202)) - Scheduled health check for volume org.apache.hadoop.ozone.container.common.volume.HddsVolume@434514d8
2019-09-17 11:50:44,363 [main] INFO  impl.RaftServerProxy (ConfUtils.java:logGet(43)) - raft.rpc.type = GRPC (default)
2019-09-17 11:50:44,364 [main] INFO  grpc.GrpcFactory (GrpcFactory.java:checkPooledByteBufAllocatorUseCacheForAllThreads(45)) - PERFORMANCE WARNING: useCacheForAllThreads is true that may cause Netty to create a lot garbage objects and, as a result, trigger GC.
	It is recommended to disable useCacheForAllThreads by setting -Dorg.apache.ratis.thirdparty.io.netty.allocator.useCacheForAllThreads=false in command line.
2019-09-17 11:50:44,364 [main] INFO  grpc.GrpcConfigKeys$Server (ConfUtils.java:logGet(43)) - raft.grpc.server.port = 0 (default)
2019-09-17 11:50:44,365 [main] INFO  server.GrpcService (ConfUtils.java:logGet(43)) - raft.grpc.message.size.max = 33570816 (custom)
2019-09-17 11:50:44,365 [main] INFO  server.RaftServerConfigKeys (ConfUtils.java:logGet(43)) - raft.server.log.appender.buffer.byte-limit = 33554432 (custom)
2019-09-17 11:50:44,366 [main] INFO  server.GrpcService (ConfUtils.java:logGet(43)) - raft.grpc.flow.control.window = 1MB (=1048576) (default)
2019-09-17 11:50:44,366 [main] INFO  server.RaftServerConfigKeys (ConfUtils.java:logGet(43)) - raft.server.rpc.request.timeout = 3000ms (default)
2019-09-17 11:50:44,367 [main] INFO  server.RaftServerConfigKeys (ConfUtils.java:logGet(43)) - raft.server.storage.dir = [/tmp/workdir/hadoop-ozone/integration-test/target/test-dir/MiniOzoneClusterImpl-aba007c7-aff0-48a6-9a1c-5b8514ff46fc/datanode-3/data/ratis] (custom)
2019-09-17 11:50:44,370 [main] INFO  hdfs.DFSUtil (DFSUtil.java:httpServerTemplateForNNAndJN(1641)) - Starting Web-server for hddsDatanode at: http://0.0.0.0:0
2019-09-17 11:50:44,372 [main] INFO  server.AuthenticationFilter (AuthenticationFilter.java:constructSecretProvider(240)) - Unable to initialize FileSignerSecretProvider, falling back to use random secrets.
2019-09-17 11:50:44,373 [main] WARN  http.HttpRequestLog (HttpRequestLog.java:getRequestLog(97)) - Jetty request log can only be enabled using Log4j
2019-09-17 11:50:44,375 [main] INFO  http.HttpServer2 (HttpServer2.java:addGlobalFilter(975)) - Added global filter 'safety' (class=org.apache.hadoop.http.HttpServer2$QuotingInputFilter)
2019-09-17 11:50:44,376 [main] INFO  http.HttpServer2 (HttpServer2.java:addFilter(948)) - Added filter static_user_filter (class=org.apache.hadoop.http.lib.StaticUserWebFilter$StaticUserFilter) to context hddsDatanode
2019-09-17 11:50:44,376 [main] INFO  http.HttpServer2 (HttpServer2.java:addFilter(958)) - Added filter static_user_filter (class=org.apache.hadoop.http.lib.StaticUserWebFilter$StaticUserFilter) to context logs
2019-09-17 11:50:44,376 [main] INFO  http.HttpServer2 (HttpServer2.java:addFilter(958)) - Added filter static_user_filter (class=org.apache.hadoop.http.lib.StaticUserWebFilter$StaticUserFilter) to context static
2019-09-17 11:50:44,377 [main] INFO  http.HttpServer2 (HttpServer2.java:bindListener(1191)) - Jetty bound to port 42766
2019-09-17 11:50:44,377 [main] INFO  server.Server (Server.java:doStart(351)) - jetty-9.3.24.v20180605, build timestamp: 2018-06-05T17:11:56Z, git hash: 84205aa28f11a4f31f2a3b86d1bba2cc8ab69827
2019-09-17 11:50:44,379 [main] INFO  handler.ContextHandler (ContextHandler.java:doStart(781)) - Started o.e.j.s.ServletContextHandler@27d33393{/logs,file:///tmp/workdir/hadoop-ozone/integration-test/target/log,AVAILABLE}
2019-09-17 11:50:44,380 [main] INFO  handler.ContextHandler (ContextHandler.java:doStart(781)) - Started o.e.j.s.ServletContextHandler@41eb94bc{/static,jar:file:/home/user/.m2/repository/org/apache/hadoop/hadoop-hdds-container-service/0.5.0-SNAPSHOT/hadoop-hdds-container-service-0.5.0-SNAPSHOT.jar!/webapps/static,AVAILABLE}
2019-09-17 11:50:44,413 [main] INFO  handler.ContextHandler (ContextHandler.java:doStart(781)) - Started o.e.j.w.WebAppContext@4052c8c2{/,file:///tmp/jetty-0.0.0.0-42766-hddsDatanode-_-any-8175964892328350369.dir/webapp/,AVAILABLE}{/hddsDatanode}
2019-09-17 11:50:44,413 [main] INFO  server.AbstractConnector (AbstractConnector.java:doStart(278)) - Started ServerConnector@181b8c4b{HTTP/1.1,[http/1.1]}{0.0.0.0:42766}
2019-09-17 11:50:44,414 [main] INFO  server.Server (Server.java:doStart(419)) - Started @5112ms
2019-09-17 11:50:44,416 [main] WARN  impl.MetricsSystemImpl (MetricsSystemImpl.java:register(276)) - Sink prometheus already exists!
2019-09-17 11:50:44,417 [main] INFO  server.BaseHttpServer (BaseHttpServer.java:updateConnectorAddress(215)) - HTTP server of HDDSDATANODE is listening at http://0.0.0.0:42766
2019-09-17 11:50:44,417 [main] INFO  impl.MetricsSystemImpl (MetricsSystemImpl.java:init(158)) - HddsDatanode metrics system started (again)
2019-09-17 11:50:44,421 [org.apache.hadoop.util.JvmPauseMonitor$Monitor@b93ce27] INFO  util.JvmPauseMonitor (JvmPauseMonitor.java:run(188)) - Starting JVM pause monitor
2019-09-17 11:50:44,421 [main] INFO  ozone.HddsDatanodeService (HddsDatanodeService.java:start(184)) - HddsDatanodeService host:pr-hdds-2121-5jcdq-2838215776 ip:192.168.157.219
2019-09-17 11:50:44,424 [Datanode State Machine Thread - 0] INFO  datanode.InitDatanodeState (InitDatanodeState.java:persistContainerDatanodeDetails(140)) - DatanodeDetails is persisted to /tmp/workdir/hadoop-ozone/integration-test/target/test-dir/MiniOzoneClusterImpl-aba007c7-aff0-48a6-9a1c-5b8514ff46fc/datanode-3/meta/datanode.id
2019-09-17 11:50:44,429 [main] INFO  volume.HddsVolume (HddsVolume.java:<init>(176)) - Creating Volume: /tmp/workdir/hadoop-ozone/integration-test/target/test-dir/MiniOzoneClusterImpl-aba007c7-aff0-48a6-9a1c-5b8514ff46fc/datanode-4/data/containers/hdds of  storage type : DISK and capacity : 1482555576320
2019-09-17 11:50:44,430 [main] INFO  volume.VolumeSet (VolumeSet.java:initializeVolumeSet(170)) - Added Volume : /tmp/workdir/hadoop-ozone/integration-test/target/test-dir/MiniOzoneClusterImpl-aba007c7-aff0-48a6-9a1c-5b8514ff46fc/datanode-4/data/containers/hdds to VolumeSet
2019-09-17 11:50:44,430 [main] INFO  volume.ThrottledAsyncChecker (ThrottledAsyncChecker.java:schedule(139)) - Scheduling a check for org.apache.hadoop.ozone.container.common.volume.HddsVolume@46349b95
2019-09-17 11:50:44,431 [main] INFO  volume.HddsVolumeChecker (HddsVolumeChecker.java:checkAllVolumes(202)) - Scheduled health check for volume org.apache.hadoop.ozone.container.common.volume.HddsVolume@46349b95
2019-09-17 11:50:44,455 [main] INFO  impl.RaftServerProxy (ConfUtils.java:logGet(43)) - raft.rpc.type = GRPC (default)
2019-09-17 11:50:44,455 [main] INFO  grpc.GrpcFactory (GrpcFactory.java:checkPooledByteBufAllocatorUseCacheForAllThreads(45)) - PERFORMANCE WARNING: useCacheForAllThreads is true that may cause Netty to create a lot garbage objects and, as a result, trigger GC.
	It is recommended to disable useCacheForAllThreads by setting -Dorg.apache.ratis.thirdparty.io.netty.allocator.useCacheForAllThreads=false in command line.
2019-09-17 11:50:44,455 [main] INFO  grpc.GrpcConfigKeys$Server (ConfUtils.java:logGet(43)) - raft.grpc.server.port = 0 (default)
2019-09-17 11:50:44,456 [main] INFO  server.GrpcService (ConfUtils.java:logGet(43)) - raft.grpc.message.size.max = 33570816 (custom)
2019-09-17 11:50:44,456 [main] INFO  server.RaftServerConfigKeys (ConfUtils.java:logGet(43)) - raft.server.log.appender.buffer.byte-limit = 33554432 (custom)
2019-09-17 11:50:44,457 [main] INFO  server.GrpcService (ConfUtils.java:logGet(43)) - raft.grpc.flow.control.window = 1MB (=1048576) (default)
2019-09-17 11:50:44,457 [main] INFO  server.RaftServerConfigKeys (ConfUtils.java:logGet(43)) - raft.server.rpc.request.timeout = 3000ms (default)
2019-09-17 11:50:44,458 [main] INFO  server.RaftServerConfigKeys (ConfUtils.java:logGet(43)) - raft.server.storage.dir = [/tmp/workdir/hadoop-ozone/integration-test/target/test-dir/MiniOzoneClusterImpl-aba007c7-aff0-48a6-9a1c-5b8514ff46fc/datanode-4/data/ratis] (custom)
2019-09-17 11:50:44,460 [main] INFO  hdfs.DFSUtil (DFSUtil.java:httpServerTemplateForNNAndJN(1641)) - Starting Web-server for hddsDatanode at: http://0.0.0.0:0
2019-09-17 11:50:44,461 [main] INFO  server.AuthenticationFilter (AuthenticationFilter.java:constructSecretProvider(240)) - Unable to initialize FileSignerSecretProvider, falling back to use random secrets.
2019-09-17 11:50:44,462 [main] WARN  http.HttpRequestLog (HttpRequestLog.java:getRequestLog(97)) - Jetty request log can only be enabled using Log4j
2019-09-17 11:50:44,464 [main] INFO  http.HttpServer2 (HttpServer2.java:addGlobalFilter(975)) - Added global filter 'safety' (class=org.apache.hadoop.http.HttpServer2$QuotingInputFilter)
2019-09-17 11:50:44,464 [main] INFO  http.HttpServer2 (HttpServer2.java:addFilter(948)) - Added filter static_user_filter (class=org.apache.hadoop.http.lib.StaticUserWebFilter$StaticUserFilter) to context hddsDatanode
2019-09-17 11:50:44,465 [main] INFO  http.HttpServer2 (HttpServer2.java:addFilter(958)) - Added filter static_user_filter (class=org.apache.hadoop.http.lib.StaticUserWebFilter$StaticUserFilter) to context static
2019-09-17 11:50:44,465 [main] INFO  http.HttpServer2 (HttpServer2.java:addFilter(958)) - Added filter static_user_filter (class=org.apache.hadoop.http.lib.StaticUserWebFilter$StaticUserFilter) to context logs
2019-09-17 11:50:44,466 [main] INFO  http.HttpServer2 (HttpServer2.java:bindListener(1191)) - Jetty bound to port 40262
2019-09-17 11:50:44,466 [main] INFO  server.Server (Server.java:doStart(351)) - jetty-9.3.24.v20180605, build timestamp: 2018-06-05T17:11:56Z, git hash: 84205aa28f11a4f31f2a3b86d1bba2cc8ab69827
2019-09-17 11:50:44,474 [main] INFO  handler.ContextHandler (ContextHandler.java:doStart(781)) - Started o.e.j.s.ServletContextHandler@22eaa86e{/logs,file:///tmp/workdir/hadoop-ozone/integration-test/target/log,AVAILABLE}
2019-09-17 11:50:44,474 [main] INFO  handler.ContextHandler (ContextHandler.java:doStart(781)) - Started o.e.j.s.ServletContextHandler@1cc680e{/static,jar:file:/home/user/.m2/repository/org/apache/hadoop/hadoop-hdds-container-service/0.5.0-SNAPSHOT/hadoop-hdds-container-service-0.5.0-SNAPSHOT.jar!/webapps/static,AVAILABLE}
2019-09-17 11:50:44,504 [main] INFO  handler.ContextHandler (ContextHandler.java:doStart(781)) - Started o.e.j.w.WebAppContext@4dba773d{/,file:///tmp/jetty-0.0.0.0-40262-hddsDatanode-_-any-6740922762765239784.dir/webapp/,AVAILABLE}{/hddsDatanode}
2019-09-17 11:50:44,504 [main] INFO  server.AbstractConnector (AbstractConnector.java:doStart(278)) - Started ServerConnector@1d9bd4da{HTTP/1.1,[http/1.1]}{0.0.0.0:40262}
2019-09-17 11:50:44,506 [main] INFO  server.Server (Server.java:doStart(419)) - Started @5203ms
2019-09-17 11:50:44,506 [main] WARN  impl.MetricsSystemImpl (MetricsSystemImpl.java:register(276)) - Sink prometheus already exists!
2019-09-17 11:50:44,508 [main] INFO  server.BaseHttpServer (BaseHttpServer.java:updateConnectorAddress(215)) - HTTP server of HDDSDATANODE is listening at http://0.0.0.0:40262
2019-09-17 11:50:44,508 [main] INFO  impl.MetricsSystemImpl (MetricsSystemImpl.java:init(158)) - HddsDatanode metrics system started (again)
2019-09-17 11:50:44,512 [main] INFO  ozone.HddsDatanodeService (HddsDatanodeService.java:start(184)) - HddsDatanodeService host:pr-hdds-2121-5jcdq-2838215776 ip:192.168.157.219
2019-09-17 11:50:44,512 [org.apache.hadoop.util.JvmPauseMonitor$Monitor@2fedab1c] INFO  util.JvmPauseMonitor (JvmPauseMonitor.java:run(188)) - Starting JVM pause monitor
2019-09-17 11:50:44,515 [Datanode State Machine Thread - 0] INFO  datanode.InitDatanodeState (InitDatanodeState.java:persistContainerDatanodeDetails(140)) - DatanodeDetails is persisted to /tmp/workdir/hadoop-ozone/integration-test/target/test-dir/MiniOzoneClusterImpl-aba007c7-aff0-48a6-9a1c-5b8514ff46fc/datanode-4/meta/datanode.id
2019-09-17 11:50:44,521 [main] INFO  volume.HddsVolume (HddsVolume.java:<init>(176)) - Creating Volume: /tmp/workdir/hadoop-ozone/integration-test/target/test-dir/MiniOzoneClusterImpl-aba007c7-aff0-48a6-9a1c-5b8514ff46fc/datanode-5/data/containers/hdds of  storage type : DISK and capacity : 1482555576320
2019-09-17 11:50:44,522 [main] INFO  volume.VolumeSet (VolumeSet.java:initializeVolumeSet(170)) - Added Volume : /tmp/workdir/hadoop-ozone/integration-test/target/test-dir/MiniOzoneClusterImpl-aba007c7-aff0-48a6-9a1c-5b8514ff46fc/datanode-5/data/containers/hdds to VolumeSet
2019-09-17 11:50:44,522 [main] INFO  volume.ThrottledAsyncChecker (ThrottledAsyncChecker.java:schedule(139)) - Scheduling a check for org.apache.hadoop.ozone.container.common.volume.HddsVolume@423b2b62
2019-09-17 11:50:44,522 [main] INFO  volume.HddsVolumeChecker (HddsVolumeChecker.java:checkAllVolumes(202)) - Scheduled health check for volume org.apache.hadoop.ozone.container.common.volume.HddsVolume@423b2b62
2019-09-17 11:50:44,536 [main] INFO  impl.RaftServerProxy (ConfUtils.java:logGet(43)) - raft.rpc.type = GRPC (default)
2019-09-17 11:50:44,537 [main] INFO  grpc.GrpcFactory (GrpcFactory.java:checkPooledByteBufAllocatorUseCacheForAllThreads(45)) - PERFORMANCE WARNING: useCacheForAllThreads is true that may cause Netty to create a lot garbage objects and, as a result, trigger GC.
	It is recommended to disable useCacheForAllThreads by setting -Dorg.apache.ratis.thirdparty.io.netty.allocator.useCacheForAllThreads=false in command line.
2019-09-17 11:50:44,537 [main] INFO  grpc.GrpcConfigKeys$Server (ConfUtils.java:logGet(43)) - raft.grpc.server.port = 0 (default)
2019-09-17 11:50:44,537 [main] INFO  server.GrpcService (ConfUtils.java:logGet(43)) - raft.grpc.message.size.max = 33570816 (custom)
2019-09-17 11:50:44,537 [main] INFO  server.RaftServerConfigKeys (ConfUtils.java:logGet(43)) - raft.server.log.appender.buffer.byte-limit = 33554432 (custom)
2019-09-17 11:50:44,538 [main] INFO  server.GrpcService (ConfUtils.java:logGet(43)) - raft.grpc.flow.control.window = 1MB (=1048576) (default)
2019-09-17 11:50:44,538 [main] INFO  server.RaftServerConfigKeys (ConfUtils.java:logGet(43)) - raft.server.rpc.request.timeout = 3000ms (default)
2019-09-17 11:50:44,538 [main] INFO  server.RaftServerConfigKeys (ConfUtils.java:logGet(43)) - raft.server.storage.dir = [/tmp/workdir/hadoop-ozone/integration-test/target/test-dir/MiniOzoneClusterImpl-aba007c7-aff0-48a6-9a1c-5b8514ff46fc/datanode-5/data/ratis] (custom)
2019-09-17 11:50:44,540 [main] INFO  hdfs.DFSUtil (DFSUtil.java:httpServerTemplateForNNAndJN(1641)) - Starting Web-server for hddsDatanode at: http://0.0.0.0:0
2019-09-17 11:50:44,541 [main] INFO  server.AuthenticationFilter (AuthenticationFilter.java:constructSecretProvider(240)) - Unable to initialize FileSignerSecretProvider, falling back to use random secrets.
2019-09-17 11:50:44,542 [main] WARN  http.HttpRequestLog (HttpRequestLog.java:getRequestLog(97)) - Jetty request log can only be enabled using Log4j
2019-09-17 11:50:44,543 [main] INFO  http.HttpServer2 (HttpServer2.java:addGlobalFilter(975)) - Added global filter 'safety' (class=org.apache.hadoop.http.HttpServer2$QuotingInputFilter)
2019-09-17 11:50:44,544 [main] INFO  http.HttpServer2 (HttpServer2.java:addFilter(948)) - Added filter static_user_filter (class=org.apache.hadoop.http.lib.StaticUserWebFilter$StaticUserFilter) to context hddsDatanode
2019-09-17 11:50:44,544 [main] INFO  http.HttpServer2 (HttpServer2.java:addFilter(958)) - Added filter static_user_filter (class=org.apache.hadoop.http.lib.StaticUserWebFilter$StaticUserFilter) to context logs
2019-09-17 11:50:44,544 [main] INFO  http.HttpServer2 (HttpServer2.java:addFilter(958)) - Added filter static_user_filter (class=org.apache.hadoop.http.lib.StaticUserWebFilter$StaticUserFilter) to context static
2019-09-17 11:50:44,545 [main] INFO  http.HttpServer2 (HttpServer2.java:bindListener(1191)) - Jetty bound to port 42987
2019-09-17 11:50:44,545 [main] INFO  server.Server (Server.java:doStart(351)) - jetty-9.3.24.v20180605, build timestamp: 2018-06-05T17:11:56Z, git hash: 84205aa28f11a4f31f2a3b86d1bba2cc8ab69827
2019-09-17 11:50:44,547 [main] INFO  handler.ContextHandler (ContextHandler.java:doStart(781)) - Started o.e.j.s.ServletContextHandler@117d32e{/logs,file:///tmp/workdir/hadoop-ozone/integration-test/target/log,AVAILABLE}
2019-09-17 11:50:44,548 [main] INFO  handler.ContextHandler (ContextHandler.java:doStart(781)) - Started o.e.j.s.ServletContextHandler@2370ac7a{/static,jar:file:/home/user/.m2/repository/org/apache/hadoop/hadoop-hdds-container-service/0.5.0-SNAPSHOT/hadoop-hdds-container-service-0.5.0-SNAPSHOT.jar!/webapps/static,AVAILABLE}
2019-09-17 11:50:44,578 [main] INFO  handler.ContextHandler (ContextHandler.java:doStart(781)) - Started o.e.j.w.WebAppContext@1c26273d{/,file:///tmp/jetty-0.0.0.0-42987-hddsDatanode-_-any-4383746430954316999.dir/webapp/,AVAILABLE}{/hddsDatanode}
2019-09-17 11:50:44,578 [main] INFO  server.AbstractConnector (AbstractConnector.java:doStart(278)) - Started ServerConnector@3a37a501{HTTP/1.1,[http/1.1]}{0.0.0.0:42987}
2019-09-17 11:50:44,580 [main] INFO  server.Server (Server.java:doStart(419)) - Started @5277ms
2019-09-17 11:50:44,581 [main] WARN  impl.MetricsSystemImpl (MetricsSystemImpl.java:register(276)) - Sink prometheus already exists!
2019-09-17 11:50:44,582 [main] INFO  server.BaseHttpServer (BaseHttpServer.java:updateConnectorAddress(215)) - HTTP server of HDDSDATANODE is listening at http://0.0.0.0:42987
2019-09-17 11:50:44,582 [main] INFO  impl.MetricsSystemImpl (MetricsSystemImpl.java:init(158)) - HddsDatanode metrics system started (again)
2019-09-17 11:50:44,586 [org.apache.hadoop.util.JvmPauseMonitor$Monitor@53f84cae] INFO  util.JvmPauseMonitor (JvmPauseMonitor.java:run(188)) - Starting JVM pause monitor
2019-09-17 11:50:44,586 [main] INFO  ozone.HddsDatanodeService (HddsDatanodeService.java:start(184)) - HddsDatanodeService host:pr-hdds-2121-5jcdq-2838215776 ip:192.168.157.219
2019-09-17 11:50:44,588 [Datanode State Machine Thread - 0] INFO  datanode.InitDatanodeState (InitDatanodeState.java:persistContainerDatanodeDetails(140)) - DatanodeDetails is persisted to /tmp/workdir/hadoop-ozone/integration-test/target/test-dir/MiniOzoneClusterImpl-aba007c7-aff0-48a6-9a1c-5b8514ff46fc/datanode-5/meta/datanode.id
2019-09-17 11:50:44,595 [main] INFO  volume.HddsVolume (HddsVolume.java:<init>(176)) - Creating Volume: /tmp/workdir/hadoop-ozone/integration-test/target/test-dir/MiniOzoneClusterImpl-aba007c7-aff0-48a6-9a1c-5b8514ff46fc/datanode-6/data/containers/hdds of  storage type : DISK and capacity : 1482555576320
2019-09-17 11:50:44,596 [main] INFO  volume.VolumeSet (VolumeSet.java:initializeVolumeSet(170)) - Added Volume : /tmp/workdir/hadoop-ozone/integration-test/target/test-dir/MiniOzoneClusterImpl-aba007c7-aff0-48a6-9a1c-5b8514ff46fc/datanode-6/data/containers/hdds to VolumeSet
2019-09-17 11:50:44,596 [main] INFO  volume.ThrottledAsyncChecker (ThrottledAsyncChecker.java:schedule(139)) - Scheduling a check for org.apache.hadoop.ozone.container.common.volume.HddsVolume@1f346ad2
2019-09-17 11:50:44,596 [main] INFO  volume.HddsVolumeChecker (HddsVolumeChecker.java:checkAllVolumes(202)) - Scheduled health check for volume org.apache.hadoop.ozone.container.common.volume.HddsVolume@1f346ad2
2019-09-17 11:50:44,615 [main] INFO  impl.RaftServerProxy (ConfUtils.java:logGet(43)) - raft.rpc.type = GRPC (default)
2019-09-17 11:50:44,615 [main] INFO  grpc.GrpcFactory (GrpcFactory.java:checkPooledByteBufAllocatorUseCacheForAllThreads(45)) - PERFORMANCE WARNING: useCacheForAllThreads is true that may cause Netty to create a lot garbage objects and, as a result, trigger GC.
	It is recommended to disable useCacheForAllThreads by setting -Dorg.apache.ratis.thirdparty.io.netty.allocator.useCacheForAllThreads=false in command line.
2019-09-17 11:50:44,615 [main] INFO  grpc.GrpcConfigKeys$Server (ConfUtils.java:logGet(43)) - raft.grpc.server.port = 0 (default)
2019-09-17 11:50:44,616 [main] INFO  server.GrpcService (ConfUtils.java:logGet(43)) - raft.grpc.message.size.max = 33570816 (custom)
2019-09-17 11:50:44,616 [main] INFO  server.RaftServerConfigKeys (ConfUtils.java:logGet(43)) - raft.server.log.appender.buffer.byte-limit = 33554432 (custom)
2019-09-17 11:50:44,616 [main] INFO  server.GrpcService (ConfUtils.java:logGet(43)) - raft.grpc.flow.control.window = 1MB (=1048576) (default)
2019-09-17 11:50:44,616 [main] INFO  server.RaftServerConfigKeys (ConfUtils.java:logGet(43)) - raft.server.rpc.request.timeout = 3000ms (default)
2019-09-17 11:50:44,617 [main] INFO  server.RaftServerConfigKeys (ConfUtils.java:logGet(43)) - raft.server.storage.dir = [/tmp/workdir/hadoop-ozone/integration-test/target/test-dir/MiniOzoneClusterImpl-aba007c7-aff0-48a6-9a1c-5b8514ff46fc/datanode-6/data/ratis] (custom)
2019-09-17 11:50:44,619 [main] INFO  hdfs.DFSUtil (DFSUtil.java:httpServerTemplateForNNAndJN(1641)) - Starting Web-server for hddsDatanode at: http://0.0.0.0:0
2019-09-17 11:50:44,620 [main] INFO  server.AuthenticationFilter (AuthenticationFilter.java:constructSecretProvider(240)) - Unable to initialize FileSignerSecretProvider, falling back to use random secrets.
2019-09-17 11:50:44,620 [main] WARN  http.HttpRequestLog (HttpRequestLog.java:getRequestLog(97)) - Jetty request log can only be enabled using Log4j
2019-09-17 11:50:44,622 [main] INFO  http.HttpServer2 (HttpServer2.java:addGlobalFilter(975)) - Added global filter 'safety' (class=org.apache.hadoop.http.HttpServer2$QuotingInputFilter)
2019-09-17 11:50:44,622 [main] INFO  http.HttpServer2 (HttpServer2.java:addFilter(948)) - Added filter static_user_filter (class=org.apache.hadoop.http.lib.StaticUserWebFilter$StaticUserFilter) to context hddsDatanode
2019-09-17 11:50:44,623 [main] INFO  http.HttpServer2 (HttpServer2.java:addFilter(958)) - Added filter static_user_filter (class=org.apache.hadoop.http.lib.StaticUserWebFilter$StaticUserFilter) to context logs
2019-09-17 11:50:44,623 [main] INFO  http.HttpServer2 (HttpServer2.java:addFilter(958)) - Added filter static_user_filter (class=org.apache.hadoop.http.lib.StaticUserWebFilter$StaticUserFilter) to context static
2019-09-17 11:50:44,624 [main] INFO  http.HttpServer2 (HttpServer2.java:bindListener(1191)) - Jetty bound to port 41558
2019-09-17 11:50:44,624 [main] INFO  server.Server (Server.java:doStart(351)) - jetty-9.3.24.v20180605, build timestamp: 2018-06-05T17:11:56Z, git hash: 84205aa28f11a4f31f2a3b86d1bba2cc8ab69827
2019-09-17 11:50:44,625 [main] INFO  handler.ContextHandler (ContextHandler.java:doStart(781)) - Started o.e.j.s.ServletContextHandler@72fd8a3c{/logs,file:///tmp/workdir/hadoop-ozone/integration-test/target/log,AVAILABLE}
2019-09-17 11:50:44,626 [main] INFO  handler.ContextHandler (ContextHandler.java:doStart(781)) - Started o.e.j.s.ServletContextHandler@34780cd9{/static,jar:file:/home/user/.m2/repository/org/apache/hadoop/hadoop-hdds-container-service/0.5.0-SNAPSHOT/hadoop-hdds-container-service-0.5.0-SNAPSHOT.jar!/webapps/static,AVAILABLE}
2019-09-17 11:50:44,656 [main] INFO  handler.ContextHandler (ContextHandler.java:doStart(781)) - Started o.e.j.w.WebAppContext@7a485a36{/,file:///tmp/jetty-0.0.0.0-41558-hddsDatanode-_-any-971267554591646360.dir/webapp/,AVAILABLE}{/hddsDatanode}
2019-09-17 11:50:44,656 [main] INFO  server.AbstractConnector (AbstractConnector.java:doStart(278)) - Started ServerConnector@5cf3157b{HTTP/1.1,[http/1.1]}{0.0.0.0:41558}
2019-09-17 11:50:44,663 [main] INFO  server.Server (Server.java:doStart(419)) - Started @5355ms
2019-09-17 11:50:44,664 [main] WARN  impl.MetricsSystemImpl (MetricsSystemImpl.java:register(276)) - Sink prometheus already exists!
2019-09-17 11:50:44,664 [main] INFO  server.BaseHttpServer (BaseHttpServer.java:updateConnectorAddress(215)) - HTTP server of HDDSDATANODE is listening at http://0.0.0.0:41558
2019-09-17 11:50:44,665 [main] INFO  impl.MetricsSystemImpl (MetricsSystemImpl.java:init(158)) - HddsDatanode metrics system started (again)
2019-09-17 11:50:44,669 [org.apache.hadoop.util.JvmPauseMonitor$Monitor@4c8c8241] INFO  util.JvmPauseMonitor (JvmPauseMonitor.java:run(188)) - Starting JVM pause monitor
2019-09-17 11:50:44,669 [main] INFO  ozone.HddsDatanodeService (HddsDatanodeService.java:start(184)) - HddsDatanodeService host:pr-hdds-2121-5jcdq-2838215776 ip:192.168.157.219
2019-09-17 11:50:44,671 [Datanode State Machine Thread - 0] INFO  datanode.InitDatanodeState (InitDatanodeState.java:persistContainerDatanodeDetails(140)) - DatanodeDetails is persisted to /tmp/workdir/hadoop-ozone/integration-test/target/test-dir/MiniOzoneClusterImpl-aba007c7-aff0-48a6-9a1c-5b8514ff46fc/datanode-6/meta/datanode.id
2019-09-17 11:50:44,677 [main] INFO  volume.HddsVolume (HddsVolume.java:<init>(176)) - Creating Volume: /tmp/workdir/hadoop-ozone/integration-test/target/test-dir/MiniOzoneClusterImpl-aba007c7-aff0-48a6-9a1c-5b8514ff46fc/datanode-7/data/containers/hdds of  storage type : DISK and capacity : 1482555576320
2019-09-17 11:50:44,677 [main] INFO  volume.VolumeSet (VolumeSet.java:initializeVolumeSet(170)) - Added Volume : /tmp/workdir/hadoop-ozone/integration-test/target/test-dir/MiniOzoneClusterImpl-aba007c7-aff0-48a6-9a1c-5b8514ff46fc/datanode-7/data/containers/hdds to VolumeSet
2019-09-17 11:50:44,678 [main] INFO  volume.ThrottledAsyncChecker (ThrottledAsyncChecker.java:schedule(139)) - Scheduling a check for org.apache.hadoop.ozone.container.common.volume.HddsVolume@3b27b497
2019-09-17 11:50:44,678 [main] INFO  volume.HddsVolumeChecker (HddsVolumeChecker.java:checkAllVolumes(202)) - Scheduled health check for volume org.apache.hadoop.ozone.container.common.volume.HddsVolume@3b27b497
2019-09-17 11:50:44,692 [main] INFO  impl.RaftServerProxy (ConfUtils.java:logGet(43)) - raft.rpc.type = GRPC (default)
2019-09-17 11:50:44,692 [main] INFO  grpc.GrpcFactory (GrpcFactory.java:checkPooledByteBufAllocatorUseCacheForAllThreads(45)) - PERFORMANCE WARNING: useCacheForAllThreads is true that may cause Netty to create a lot garbage objects and, as a result, trigger GC.
	It is recommended to disable useCacheForAllThreads by setting -Dorg.apache.ratis.thirdparty.io.netty.allocator.useCacheForAllThreads=false in command line.
2019-09-17 11:50:44,692 [main] INFO  grpc.GrpcConfigKeys$Server (ConfUtils.java:logGet(43)) - raft.grpc.server.port = 0 (default)
2019-09-17 11:50:44,693 [main] INFO  server.GrpcService (ConfUtils.java:logGet(43)) - raft.grpc.message.size.max = 33570816 (custom)
2019-09-17 11:50:44,693 [main] INFO  server.RaftServerConfigKeys (ConfUtils.java:logGet(43)) - raft.server.log.appender.buffer.byte-limit = 33554432 (custom)
2019-09-17 11:50:44,693 [main] INFO  server.GrpcService (ConfUtils.java:logGet(43)) - raft.grpc.flow.control.window = 1MB (=1048576) (default)
2019-09-17 11:50:44,693 [main] INFO  server.RaftServerConfigKeys (ConfUtils.java:logGet(43)) - raft.server.rpc.request.timeout = 3000ms (default)
2019-09-17 11:50:44,694 [main] INFO  server.RaftServerConfigKeys (ConfUtils.java:logGet(43)) - raft.server.storage.dir = [/tmp/workdir/hadoop-ozone/integration-test/target/test-dir/MiniOzoneClusterImpl-aba007c7-aff0-48a6-9a1c-5b8514ff46fc/datanode-7/data/ratis] (custom)
2019-09-17 11:50:44,695 [main] INFO  hdfs.DFSUtil (DFSUtil.java:httpServerTemplateForNNAndJN(1641)) - Starting Web-server for hddsDatanode at: http://0.0.0.0:0
2019-09-17 11:50:44,696 [main] INFO  server.AuthenticationFilter (AuthenticationFilter.java:constructSecretProvider(240)) - Unable to initialize FileSignerSecretProvider, falling back to use random secrets.
2019-09-17 11:50:44,697 [main] WARN  http.HttpRequestLog (HttpRequestLog.java:getRequestLog(97)) - Jetty request log can only be enabled using Log4j
2019-09-17 11:50:44,698 [main] INFO  http.HttpServer2 (HttpServer2.java:addGlobalFilter(975)) - Added global filter 'safety' (class=org.apache.hadoop.http.HttpServer2$QuotingInputFilter)
2019-09-17 11:50:44,699 [main] INFO  http.HttpServer2 (HttpServer2.java:addFilter(948)) - Added filter static_user_filter (class=org.apache.hadoop.http.lib.StaticUserWebFilter$StaticUserFilter) to context hddsDatanode
2019-09-17 11:50:44,699 [main] INFO  http.HttpServer2 (HttpServer2.java:addFilter(958)) - Added filter static_user_filter (class=org.apache.hadoop.http.lib.StaticUserWebFilter$StaticUserFilter) to context static
2019-09-17 11:50:44,699 [main] INFO  http.HttpServer2 (HttpServer2.java:addFilter(958)) - Added filter static_user_filter (class=org.apache.hadoop.http.lib.StaticUserWebFilter$StaticUserFilter) to context logs
2019-09-17 11:50:44,700 [main] INFO  http.HttpServer2 (HttpServer2.java:bindListener(1191)) - Jetty bound to port 41182
2019-09-17 11:50:44,700 [main] INFO  server.Server (Server.java:doStart(351)) - jetty-9.3.24.v20180605, build timestamp: 2018-06-05T17:11:56Z, git hash: 84205aa28f11a4f31f2a3b86d1bba2cc8ab69827
2019-09-17 11:50:44,702 [main] INFO  handler.ContextHandler (ContextHandler.java:doStart(781)) - Started o.e.j.s.ServletContextHandler@2d64160c{/logs,file:///tmp/workdir/hadoop-ozone/integration-test/target/log,AVAILABLE}
2019-09-17 11:50:44,702 [main] INFO  handler.ContextHandler (ContextHandler.java:doStart(781)) - Started o.e.j.s.ServletContextHandler@2eeb0f9b{/static,jar:file:/home/user/.m2/repository/org/apache/hadoop/hadoop-hdds-container-service/0.5.0-SNAPSHOT/hadoop-hdds-container-service-0.5.0-SNAPSHOT.jar!/webapps/static,AVAILABLE}
2019-09-17 11:50:44,731 [main] INFO  handler.ContextHandler (ContextHandler.java:doStart(781)) - Started o.e.j.w.WebAppContext@459f703f{/,file:///tmp/jetty-0.0.0.0-41182-hddsDatanode-_-any-7881069494692046913.dir/webapp/,AVAILABLE}{/hddsDatanode}
2019-09-17 11:50:44,733 [main] INFO  server.AbstractConnector (AbstractConnector.java:doStart(278)) - Started ServerConnector@188ac8a3{HTTP/1.1,[http/1.1]}{0.0.0.0:41182}
2019-09-17 11:50:44,733 [main] INFO  server.Server (Server.java:doStart(419)) - Started @5430ms
2019-09-17 11:50:44,733 [main] WARN  impl.MetricsSystemImpl (MetricsSystemImpl.java:register(276)) - Sink prometheus already exists!
2019-09-17 11:50:44,734 [main] INFO  server.BaseHttpServer (BaseHttpServer.java:updateConnectorAddress(215)) - HTTP server of HDDSDATANODE is listening at http://0.0.0.0:41182
2019-09-17 11:50:44,734 [main] INFO  impl.MetricsSystemImpl (MetricsSystemImpl.java:init(158)) - HddsDatanode metrics system started (again)
2019-09-17 11:50:44,738 [org.apache.hadoop.util.JvmPauseMonitor$Monitor@497d36f2] INFO  util.JvmPauseMonitor (JvmPauseMonitor.java:run(188)) - Starting JVM pause monitor
2019-09-17 11:50:44,739 [main] INFO  ozone.HddsDatanodeService (HddsDatanodeService.java:start(184)) - HddsDatanodeService host:pr-hdds-2121-5jcdq-2838215776 ip:192.168.157.219
2019-09-17 11:50:44,741 [Datanode State Machine Thread - 0] INFO  datanode.InitDatanodeState (InitDatanodeState.java:persistContainerDatanodeDetails(140)) - DatanodeDetails is persisted to /tmp/workdir/hadoop-ozone/integration-test/target/test-dir/MiniOzoneClusterImpl-aba007c7-aff0-48a6-9a1c-5b8514ff46fc/datanode-7/meta/datanode.id
2019-09-17 11:50:44,750 [main] INFO  volume.HddsVolume (HddsVolume.java:<init>(176)) - Creating Volume: /tmp/workdir/hadoop-ozone/integration-test/target/test-dir/MiniOzoneClusterImpl-aba007c7-aff0-48a6-9a1c-5b8514ff46fc/datanode-8/data/containers/hdds of  storage type : DISK and capacity : 1482555576320
2019-09-17 11:50:44,753 [main] INFO  volume.VolumeSet (VolumeSet.java:initializeVolumeSet(170)) - Added Volume : /tmp/workdir/hadoop-ozone/integration-test/target/test-dir/MiniOzoneClusterImpl-aba007c7-aff0-48a6-9a1c-5b8514ff46fc/datanode-8/data/containers/hdds to VolumeSet
2019-09-17 11:50:44,754 [main] INFO  volume.ThrottledAsyncChecker (ThrottledAsyncChecker.java:schedule(139)) - Scheduling a check for org.apache.hadoop.ozone.container.common.volume.HddsVolume@5f2bd6d9
2019-09-17 11:50:44,754 [main] INFO  volume.HddsVolumeChecker (HddsVolumeChecker.java:checkAllVolumes(202)) - Scheduled health check for volume org.apache.hadoop.ozone.container.common.volume.HddsVolume@5f2bd6d9
2019-09-17 11:50:44,775 [main] INFO  impl.RaftServerProxy (ConfUtils.java:logGet(43)) - raft.rpc.type = GRPC (default)
2019-09-17 11:50:44,775 [main] INFO  grpc.GrpcFactory (GrpcFactory.java:checkPooledByteBufAllocatorUseCacheForAllThreads(45)) - PERFORMANCE WARNING: useCacheForAllThreads is true that may cause Netty to create a lot garbage objects and, as a result, trigger GC.
	It is recommended to disable useCacheForAllThreads by setting -Dorg.apache.ratis.thirdparty.io.netty.allocator.useCacheForAllThreads=false in command line.
2019-09-17 11:50:44,775 [main] INFO  grpc.GrpcConfigKeys$Server (ConfUtils.java:logGet(43)) - raft.grpc.server.port = 0 (default)
2019-09-17 11:50:44,776 [main] INFO  server.GrpcService (ConfUtils.java:logGet(43)) - raft.grpc.message.size.max = 33570816 (custom)
2019-09-17 11:50:44,776 [main] INFO  server.RaftServerConfigKeys (ConfUtils.java:logGet(43)) - raft.server.log.appender.buffer.byte-limit = 33554432 (custom)
2019-09-17 11:50:44,776 [main] INFO  server.GrpcService (ConfUtils.java:logGet(43)) - raft.grpc.flow.control.window = 1MB (=1048576) (default)
2019-09-17 11:50:44,777 [main] INFO  server.RaftServerConfigKeys (ConfUtils.java:logGet(43)) - raft.server.rpc.request.timeout = 3000ms (default)
2019-09-17 11:50:44,777 [main] INFO  server.RaftServerConfigKeys (ConfUtils.java:logGet(43)) - raft.server.storage.dir = [/tmp/workdir/hadoop-ozone/integration-test/target/test-dir/MiniOzoneClusterImpl-aba007c7-aff0-48a6-9a1c-5b8514ff46fc/datanode-8/data/ratis] (custom)
2019-09-17 11:50:44,779 [main] INFO  hdfs.DFSUtil (DFSUtil.java:httpServerTemplateForNNAndJN(1641)) - Starting Web-server for hddsDatanode at: http://0.0.0.0:0
2019-09-17 11:50:44,781 [main] INFO  server.AuthenticationFilter (AuthenticationFilter.java:constructSecretProvider(240)) - Unable to initialize FileSignerSecretProvider, falling back to use random secrets.
2019-09-17 11:50:44,782 [main] WARN  http.HttpRequestLog (HttpRequestLog.java:getRequestLog(97)) - Jetty request log can only be enabled using Log4j
2019-09-17 11:50:44,783 [main] INFO  http.HttpServer2 (HttpServer2.java:addGlobalFilter(975)) - Added global filter 'safety' (class=org.apache.hadoop.http.HttpServer2$QuotingInputFilter)
2019-09-17 11:50:44,784 [main] INFO  http.HttpServer2 (HttpServer2.java:addFilter(948)) - Added filter static_user_filter (class=org.apache.hadoop.http.lib.StaticUserWebFilter$StaticUserFilter) to context hddsDatanode
2019-09-17 11:50:44,784 [main] INFO  http.HttpServer2 (HttpServer2.java:addFilter(958)) - Added filter static_user_filter (class=org.apache.hadoop.http.lib.StaticUserWebFilter$StaticUserFilter) to context static
2019-09-17 11:50:44,784 [main] INFO  http.HttpServer2 (HttpServer2.java:addFilter(958)) - Added filter static_user_filter (class=org.apache.hadoop.http.lib.StaticUserWebFilter$StaticUserFilter) to context logs
2019-09-17 11:50:44,785 [main] INFO  http.HttpServer2 (HttpServer2.java:bindListener(1191)) - Jetty bound to port 45211
2019-09-17 11:50:44,785 [main] INFO  server.Server (Server.java:doStart(351)) - jetty-9.3.24.v20180605, build timestamp: 2018-06-05T17:11:56Z, git hash: 84205aa28f11a4f31f2a3b86d1bba2cc8ab69827
2019-09-17 11:50:44,787 [main] INFO  handler.ContextHandler (ContextHandler.java:doStart(781)) - Started o.e.j.s.ServletContextHandler@2bc426f0{/logs,file:///tmp/workdir/hadoop-ozone/integration-test/target/log,AVAILABLE}
2019-09-17 11:50:44,787 [main] INFO  handler.ContextHandler (ContextHandler.java:doStart(781)) - Started o.e.j.s.ServletContextHandler@33425811{/static,jar:file:/home/user/.m2/repository/org/apache/hadoop/hadoop-hdds-container-service/0.5.0-SNAPSHOT/hadoop-hdds-container-service-0.5.0-SNAPSHOT.jar!/webapps/static,AVAILABLE}
2019-09-17 11:50:44,817 [main] INFO  handler.ContextHandler (ContextHandler.java:doStart(781)) - Started o.e.j.w.WebAppContext@70730db{/,file:///tmp/jetty-0.0.0.0-45211-hddsDatanode-_-any-59154043012356459.dir/webapp/,AVAILABLE}{/hddsDatanode}
2019-09-17 11:50:44,818 [main] INFO  server.AbstractConnector (AbstractConnector.java:doStart(278)) - Started ServerConnector@5793b87{HTTP/1.1,[http/1.1]}{0.0.0.0:45211}
2019-09-17 11:50:44,819 [main] INFO  server.Server (Server.java:doStart(419)) - Started @5516ms
2019-09-17 11:50:44,819 [main] WARN  impl.MetricsSystemImpl (MetricsSystemImpl.java:register(276)) - Sink prometheus already exists!
2019-09-17 11:50:44,820 [main] INFO  server.BaseHttpServer (BaseHttpServer.java:updateConnectorAddress(215)) - HTTP server of HDDSDATANODE is listening at http://0.0.0.0:45211
2019-09-17 11:50:44,820 [main] INFO  impl.MetricsSystemImpl (MetricsSystemImpl.java:init(158)) - HddsDatanode metrics system started (again)
2019-09-17 11:50:44,825 [org.apache.hadoop.util.JvmPauseMonitor$Monitor@1e569c9b] INFO  util.JvmPauseMonitor (JvmPauseMonitor.java:run(188)) - Starting JVM pause monitor
2019-09-17 11:50:44,825 [main] INFO  ozone.HddsDatanodeService (HddsDatanodeService.java:start(184)) - HddsDatanodeService host:pr-hdds-2121-5jcdq-2838215776 ip:192.168.157.219
2019-09-17 11:50:44,828 [Datanode State Machine Thread - 0] INFO  datanode.InitDatanodeState (InitDatanodeState.java:persistContainerDatanodeDetails(140)) - DatanodeDetails is persisted to /tmp/workdir/hadoop-ozone/integration-test/target/test-dir/MiniOzoneClusterImpl-aba007c7-aff0-48a6-9a1c-5b8514ff46fc/datanode-8/meta/datanode.id
2019-09-17 11:50:44,835 [main] INFO  volume.HddsVolume (HddsVolume.java:<init>(176)) - Creating Volume: /tmp/workdir/hadoop-ozone/integration-test/target/test-dir/MiniOzoneClusterImpl-aba007c7-aff0-48a6-9a1c-5b8514ff46fc/datanode-9/data/containers/hdds of  storage type : DISK and capacity : 1482555576320
2019-09-17 11:50:44,836 [main] INFO  volume.VolumeSet (VolumeSet.java:initializeVolumeSet(170)) - Added Volume : /tmp/workdir/hadoop-ozone/integration-test/target/test-dir/MiniOzoneClusterImpl-aba007c7-aff0-48a6-9a1c-5b8514ff46fc/datanode-9/data/containers/hdds to VolumeSet
2019-09-17 11:50:44,836 [main] INFO  volume.ThrottledAsyncChecker (ThrottledAsyncChecker.java:schedule(139)) - Scheduling a check for org.apache.hadoop.ozone.container.common.volume.HddsVolume@424de326
2019-09-17 11:50:44,837 [main] INFO  volume.HddsVolumeChecker (HddsVolumeChecker.java:checkAllVolumes(202)) - Scheduled health check for volume org.apache.hadoop.ozone.container.common.volume.HddsVolume@424de326
2019-09-17 11:50:44,852 [main] INFO  impl.RaftServerProxy (ConfUtils.java:logGet(43)) - raft.rpc.type = GRPC (default)
2019-09-17 11:50:44,852 [main] INFO  grpc.GrpcFactory (GrpcFactory.java:checkPooledByteBufAllocatorUseCacheForAllThreads(45)) - PERFORMANCE WARNING: useCacheForAllThreads is true that may cause Netty to create a lot garbage objects and, as a result, trigger GC.
	It is recommended to disable useCacheForAllThreads by setting -Dorg.apache.ratis.thirdparty.io.netty.allocator.useCacheForAllThreads=false in command line.
2019-09-17 11:50:44,852 [main] INFO  grpc.GrpcConfigKeys$Server (ConfUtils.java:logGet(43)) - raft.grpc.server.port = 0 (default)
2019-09-17 11:50:44,852 [main] INFO  server.GrpcService (ConfUtils.java:logGet(43)) - raft.grpc.message.size.max = 33570816 (custom)
2019-09-17 11:50:44,853 [main] INFO  server.RaftServerConfigKeys (ConfUtils.java:logGet(43)) - raft.server.log.appender.buffer.byte-limit = 33554432 (custom)
2019-09-17 11:50:44,853 [main] INFO  server.GrpcService (ConfUtils.java:logGet(43)) - raft.grpc.flow.control.window = 1MB (=1048576) (default)
2019-09-17 11:50:44,853 [main] INFO  server.RaftServerConfigKeys (ConfUtils.java:logGet(43)) - raft.server.rpc.request.timeout = 3000ms (default)
2019-09-17 11:50:44,854 [main] INFO  server.RaftServerConfigKeys (ConfUtils.java:logGet(43)) - raft.server.storage.dir = [/tmp/workdir/hadoop-ozone/integration-test/target/test-dir/MiniOzoneClusterImpl-aba007c7-aff0-48a6-9a1c-5b8514ff46fc/datanode-9/data/ratis] (custom)
2019-09-17 11:50:44,855 [main] INFO  hdfs.DFSUtil (DFSUtil.java:httpServerTemplateForNNAndJN(1641)) - Starting Web-server for hddsDatanode at: http://0.0.0.0:0
2019-09-17 11:50:44,856 [main] INFO  server.AuthenticationFilter (AuthenticationFilter.java:constructSecretProvider(240)) - Unable to initialize FileSignerSecretProvider, falling back to use random secrets.
2019-09-17 11:50:44,857 [main] WARN  http.HttpRequestLog (HttpRequestLog.java:getRequestLog(97)) - Jetty request log can only be enabled using Log4j
2019-09-17 11:50:44,858 [main] INFO  http.HttpServer2 (HttpServer2.java:addGlobalFilter(975)) - Added global filter 'safety' (class=org.apache.hadoop.http.HttpServer2$QuotingInputFilter)
2019-09-17 11:50:44,859 [main] INFO  http.HttpServer2 (HttpServer2.java:addFilter(948)) - Added filter static_user_filter (class=org.apache.hadoop.http.lib.StaticUserWebFilter$StaticUserFilter) to context hddsDatanode
2019-09-17 11:50:44,859 [main] INFO  http.HttpServer2 (HttpServer2.java:addFilter(958)) - Added filter static_user_filter (class=org.apache.hadoop.http.lib.StaticUserWebFilter$StaticUserFilter) to context logs
2019-09-17 11:50:44,859 [main] INFO  http.HttpServer2 (HttpServer2.java:addFilter(958)) - Added filter static_user_filter (class=org.apache.hadoop.http.lib.StaticUserWebFilter$StaticUserFilter) to context static
2019-09-17 11:50:44,860 [main] INFO  http.HttpServer2 (HttpServer2.java:bindListener(1191)) - Jetty bound to port 46205
2019-09-17 11:50:44,860 [main] INFO  server.Server (Server.java:doStart(351)) - jetty-9.3.24.v20180605, build timestamp: 2018-06-05T17:11:56Z, git hash: 84205aa28f11a4f31f2a3b86d1bba2cc8ab69827
2019-09-17 11:50:44,862 [main] INFO  handler.ContextHandler (ContextHandler.java:doStart(781)) - Started o.e.j.s.ServletContextHandler@53c6f96d{/logs,file:///tmp/workdir/hadoop-ozone/integration-test/target/log,AVAILABLE}
2019-09-17 11:50:44,862 [main] INFO  handler.ContextHandler (ContextHandler.java:doStart(781)) - Started o.e.j.s.ServletContextHandler@4364712f{/static,jar:file:/home/user/.m2/repository/org/apache/hadoop/hadoop-hdds-container-service/0.5.0-SNAPSHOT/hadoop-hdds-container-service-0.5.0-SNAPSHOT.jar!/webapps/static,AVAILABLE}
2019-09-17 11:50:44,890 [main] INFO  handler.ContextHandler (ContextHandler.java:doStart(781)) - Started o.e.j.w.WebAppContext@3f736a16{/,file:///tmp/jetty-0.0.0.0-46205-hddsDatanode-_-any-3792677577623302029.dir/webapp/,AVAILABLE}{/hddsDatanode}
2019-09-17 11:50:44,891 [main] INFO  server.AbstractConnector (AbstractConnector.java:doStart(278)) - Started ServerConnector@4601203a{HTTP/1.1,[http/1.1]}{0.0.0.0:46205}
2019-09-17 11:50:44,892 [main] INFO  server.Server (Server.java:doStart(419)) - Started @5589ms
2019-09-17 11:50:44,892 [main] WARN  impl.MetricsSystemImpl (MetricsSystemImpl.java:register(276)) - Sink prometheus already exists!
2019-09-17 11:50:44,893 [main] INFO  server.BaseHttpServer (BaseHttpServer.java:updateConnectorAddress(215)) - HTTP server of HDDSDATANODE is listening at http://0.0.0.0:46205
2019-09-17 11:50:44,895 [main] INFO  ozone.MiniOzoneClusterImpl (MiniOzoneClusterImpl.java:lambda$waitForClusterToBeReady$0(145)) - Waiting for cluster to be ready. Got 0 of 10 DN Heartbeats.
2019-09-17 11:50:44,896 [org.apache.hadoop.util.JvmPauseMonitor$Monitor@731a1023] INFO  util.JvmPauseMonitor (JvmPauseMonitor.java:run(188)) - Starting JVM pause monitor
2019-09-17 11:50:44,899 [Datanode State Machine Thread - 0] INFO  datanode.InitDatanodeState (InitDatanodeState.java:persistContainerDatanodeDetails(140)) - DatanodeDetails is persisted to /tmp/workdir/hadoop-ozone/integration-test/target/test-dir/MiniOzoneClusterImpl-aba007c7-aff0-48a6-9a1c-5b8514ff46fc/datanode-9/meta/datanode.id
2019-09-17 11:50:45,896 [main] INFO  ozone.MiniOzoneClusterImpl (MiniOzoneClusterImpl.java:lambda$waitForClusterToBeReady$0(145)) - Waiting for cluster to be ready. Got 0 of 10 DN Heartbeats.
2019-09-17 11:50:46,242 [Datanode State Machine Thread - 0] INFO  ozoneimpl.OzoneContainer (OzoneContainer.java:start(217)) - Attempting to start container services.
2019-09-17 11:50:46,249 [Datanode State Machine Thread - 0] INFO  ozoneimpl.OzoneContainer (OzoneContainer.java:startContainerScrub(179)) - Background container scanner has been disabled.
2019-09-17 11:50:46,249 [Datanode State Machine Thread - 0] INFO  ratis.XceiverServerRatis (XceiverServerRatis.java:start(411)) - Starting XceiverServerRatis 533f21c9-6148-4926-981b-3030ea271196 at port 0
2019-09-17 11:50:46,264 [Datanode State Machine Thread - 0] INFO  ozoneimpl.OzoneContainer (OzoneContainer.java:start(217)) - Attempting to start container services.
2019-09-17 11:50:46,273 [Datanode State Machine Thread - 0] INFO  ozoneimpl.OzoneContainer (OzoneContainer.java:startContainerScrub(179)) - Background container scanner has been disabled.
2019-09-17 11:50:46,273 [Datanode State Machine Thread - 0] INFO  ratis.XceiverServerRatis (XceiverServerRatis.java:start(411)) - Starting XceiverServerRatis 768e87e1-01a1-4abe-adbb-724fc729cfde at port 0
2019-09-17 11:50:46,282 [Datanode State Machine Thread - 0] INFO  impl.RaftServerProxy (RaftServerProxy.java:lambda$start$3(299)) - 533f21c9-6148-4926-981b-3030ea271196: start RPC server
2019-09-17 11:50:46,282 [Datanode State Machine Thread - 0] INFO  impl.RaftServerProxy (RaftServerProxy.java:lambda$start$3(299)) - 768e87e1-01a1-4abe-adbb-724fc729cfde: start RPC server
2019-09-17 11:50:46,340 [Datanode State Machine Thread - 0] INFO  ozoneimpl.OzoneContainer (OzoneContainer.java:start(217)) - Attempting to start container services.
2019-09-17 11:50:46,341 [Datanode State Machine Thread - 0] INFO  ozoneimpl.OzoneContainer (OzoneContainer.java:startContainerScrub(179)) - Background container scanner has been disabled.
2019-09-17 11:50:46,341 [Datanode State Machine Thread - 0] INFO  ratis.XceiverServerRatis (XceiverServerRatis.java:start(411)) - Starting XceiverServerRatis 478df2fd-32fa-402c-a09a-4121263fb7de at port 0
2019-09-17 11:50:46,354 [Datanode State Machine Thread - 0] INFO  impl.RaftServerProxy (RaftServerProxy.java:lambda$start$3(299)) - 478df2fd-32fa-402c-a09a-4121263fb7de: start RPC server
2019-09-17 11:50:46,434 [Datanode State Machine Thread - 0] INFO  server.GrpcService (GrpcService.java:startImpl(158)) - 768e87e1-01a1-4abe-adbb-724fc729cfde: GrpcService started, listening on 0.0.0.0/0.0.0.0:39557
2019-09-17 11:50:46,434 [Datanode State Machine Thread - 0] INFO  server.GrpcService (GrpcService.java:startImpl(158)) - 533f21c9-6148-4926-981b-3030ea271196: GrpcService started, listening on 0.0.0.0/0.0.0.0:45624
2019-09-17 11:50:46,434 [Datanode State Machine Thread - 0] INFO  server.GrpcService (GrpcService.java:startImpl(158)) - 478df2fd-32fa-402c-a09a-4121263fb7de: GrpcService started, listening on 0.0.0.0/0.0.0.0:32795
2019-09-17 11:50:46,435 [Datanode State Machine Thread - 0] INFO  ratis.XceiverServerRatis (XceiverServerRatis.java:start(421)) - XceiverServerRatis 533f21c9-6148-4926-981b-3030ea271196 is started using port 45624
2019-09-17 11:50:46,435 [Datanode State Machine Thread - 0] INFO  ratis.XceiverServerRatis (XceiverServerRatis.java:start(421)) - XceiverServerRatis 768e87e1-01a1-4abe-adbb-724fc729cfde is started using port 39557
2019-09-17 11:50:46,436 [Datanode State Machine Thread - 0] INFO  ratis.XceiverServerRatis (XceiverServerRatis.java:start(421)) - XceiverServerRatis 478df2fd-32fa-402c-a09a-4121263fb7de is started using port 32795
2019-09-17 11:50:46,442 [Datanode State Machine Thread - 0] INFO  ozoneimpl.OzoneContainer (OzoneContainer.java:start(217)) - Attempting to start container services.
2019-09-17 11:50:46,442 [Datanode State Machine Thread - 0] INFO  server.XceiverServerGrpc (XceiverServerGrpc.java:start(163)) - XceiverServerGrpc 768e87e1-01a1-4abe-adbb-724fc729cfde is started using port 32971
2019-09-17 11:50:46,443 [Datanode State Machine Thread - 0] INFO  ozoneimpl.OzoneContainer (OzoneContainer.java:startContainerScrub(179)) - Background container scanner has been disabled.
2019-09-17 11:50:46,442 [Datanode State Machine Thread - 0] INFO  server.XceiverServerGrpc (XceiverServerGrpc.java:start(163)) - XceiverServerGrpc 533f21c9-6148-4926-981b-3030ea271196 is started using port 38748
2019-09-17 11:50:46,442 [Datanode State Machine Thread - 0] INFO  server.XceiverServerGrpc (XceiverServerGrpc.java:start(163)) - XceiverServerGrpc 478df2fd-32fa-402c-a09a-4121263fb7de is started using port 33594
2019-09-17 11:50:46,443 [Datanode State Machine Thread - 0] INFO  ratis.XceiverServerRatis (XceiverServerRatis.java:start(411)) - Starting XceiverServerRatis db5c95e9-dab2-4d3b-9775-2e3d4de03f2d at port 0
2019-09-17 11:50:46,450 [Datanode State Machine Thread - 0] INFO  impl.RaftServerProxy (RaftServerProxy.java:lambda$start$3(299)) - db5c95e9-dab2-4d3b-9775-2e3d4de03f2d: start RPC server
2019-09-17 11:50:46,452 [Datanode State Machine Thread - 0] INFO  server.GrpcService (GrpcService.java:startImpl(158)) - db5c95e9-dab2-4d3b-9775-2e3d4de03f2d: GrpcService started, listening on 0.0.0.0/0.0.0.0:43472
2019-09-17 11:50:46,453 [Datanode State Machine Thread - 0] INFO  ratis.XceiverServerRatis (XceiverServerRatis.java:start(421)) - XceiverServerRatis db5c95e9-dab2-4d3b-9775-2e3d4de03f2d is started using port 43472
2019-09-17 11:50:46,454 [Datanode State Machine Thread - 0] INFO  server.XceiverServerGrpc (XceiverServerGrpc.java:start(163)) - XceiverServerGrpc db5c95e9-dab2-4d3b-9775-2e3d4de03f2d is started using port 37583
2019-09-17 11:50:46,528 [Datanode State Machine Thread - 0] INFO  ozoneimpl.OzoneContainer (OzoneContainer.java:start(217)) - Attempting to start container services.
2019-09-17 11:50:46,528 [Datanode State Machine Thread - 0] INFO  ozoneimpl.OzoneContainer (OzoneContainer.java:startContainerScrub(179)) - Background container scanner has been disabled.
2019-09-17 11:50:46,528 [Datanode State Machine Thread - 0] INFO  ratis.XceiverServerRatis (XceiverServerRatis.java:start(411)) - Starting XceiverServerRatis 3059fe26-6a4f-4501-bc80-da7575b93cc0 at port 0
2019-09-17 11:50:46,535 [Datanode State Machine Thread - 0] INFO  impl.RaftServerProxy (RaftServerProxy.java:lambda$start$3(299)) - 3059fe26-6a4f-4501-bc80-da7575b93cc0: start RPC server
2019-09-17 11:50:46,539 [Datanode State Machine Thread - 0] INFO  server.GrpcService (GrpcService.java:startImpl(158)) - 3059fe26-6a4f-4501-bc80-da7575b93cc0: GrpcService started, listening on 0.0.0.0/0.0.0.0:39859
2019-09-17 11:50:46,540 [Datanode State Machine Thread - 0] INFO  ratis.XceiverServerRatis (XceiverServerRatis.java:start(421)) - XceiverServerRatis 3059fe26-6a4f-4501-bc80-da7575b93cc0 is started using port 39859
2019-09-17 11:50:46,543 [Datanode State Machine Thread - 0] INFO  server.XceiverServerGrpc (XceiverServerGrpc.java:start(163)) - XceiverServerGrpc 3059fe26-6a4f-4501-bc80-da7575b93cc0 is started using port 34581
2019-09-17 11:50:46,602 [Datanode State Machine Thread - 0] INFO  ozoneimpl.OzoneContainer (OzoneContainer.java:start(217)) - Attempting to start container services.
2019-09-17 11:50:46,603 [Datanode State Machine Thread - 0] INFO  ozoneimpl.OzoneContainer (OzoneContainer.java:startContainerScrub(179)) - Background container scanner has been disabled.
2019-09-17 11:50:46,603 [Datanode State Machine Thread - 0] INFO  ratis.XceiverServerRatis (XceiverServerRatis.java:start(411)) - Starting XceiverServerRatis 90cc32e6-bdd6-4f93-abb1-bc520dd025bc at port 0
2019-09-17 11:50:46,610 [Datanode State Machine Thread - 0] INFO  impl.RaftServerProxy (RaftServerProxy.java:lambda$start$3(299)) - 90cc32e6-bdd6-4f93-abb1-bc520dd025bc: start RPC server
2019-09-17 11:50:46,615 [Datanode State Machine Thread - 0] INFO  server.GrpcService (GrpcService.java:startImpl(158)) - 90cc32e6-bdd6-4f93-abb1-bc520dd025bc: GrpcService started, listening on 0.0.0.0/0.0.0.0:33403
2019-09-17 11:50:46,615 [Datanode State Machine Thread - 0] INFO  ratis.XceiverServerRatis (XceiverServerRatis.java:start(421)) - XceiverServerRatis 90cc32e6-bdd6-4f93-abb1-bc520dd025bc is started using port 33403
2019-09-17 11:50:46,619 [Datanode State Machine Thread - 0] INFO  server.XceiverServerGrpc (XceiverServerGrpc.java:start(163)) - XceiverServerGrpc 90cc32e6-bdd6-4f93-abb1-bc520dd025bc is started using port 45184
2019-09-17 11:50:46,685 [Datanode State Machine Thread - 0] INFO  ozoneimpl.OzoneContainer (OzoneContainer.java:start(217)) - Attempting to start container services.
2019-09-17 11:50:46,686 [Datanode State Machine Thread - 0] INFO  ozoneimpl.OzoneContainer (OzoneContainer.java:startContainerScrub(179)) - Background container scanner has been disabled.
2019-09-17 11:50:46,686 [Datanode State Machine Thread - 0] INFO  ratis.XceiverServerRatis (XceiverServerRatis.java:start(411)) - Starting XceiverServerRatis 166adff3-52d0-4f60-8e58-0e12ed96f4bf at port 0
2019-09-17 11:50:46,694 [Datanode State Machine Thread - 0] INFO  impl.RaftServerProxy (RaftServerProxy.java:lambda$start$3(299)) - 166adff3-52d0-4f60-8e58-0e12ed96f4bf: start RPC server
2019-09-17 11:50:46,700 [Datanode State Machine Thread - 0] INFO  server.GrpcService (GrpcService.java:startImpl(158)) - 166adff3-52d0-4f60-8e58-0e12ed96f4bf: GrpcService started, listening on 0.0.0.0/0.0.0.0:39836
2019-09-17 11:50:46,700 [Datanode State Machine Thread - 0] INFO  ratis.XceiverServerRatis (XceiverServerRatis.java:start(421)) - XceiverServerRatis 166adff3-52d0-4f60-8e58-0e12ed96f4bf is started using port 39836
2019-09-17 11:50:46,704 [Datanode State Machine Thread - 0] INFO  server.XceiverServerGrpc (XceiverServerGrpc.java:start(163)) - XceiverServerGrpc 166adff3-52d0-4f60-8e58-0e12ed96f4bf is started using port 35298
2019-09-17 11:50:46,754 [Datanode State Machine Thread - 0] INFO  ozoneimpl.OzoneContainer (OzoneContainer.java:start(217)) - Attempting to start container services.
2019-09-17 11:50:46,755 [Datanode State Machine Thread - 0] INFO  ozoneimpl.OzoneContainer (OzoneContainer.java:startContainerScrub(179)) - Background container scanner has been disabled.
2019-09-17 11:50:46,755 [Datanode State Machine Thread - 0] INFO  ratis.XceiverServerRatis (XceiverServerRatis.java:start(411)) - Starting XceiverServerRatis 0efbdbeb-0caf-4be4-a340-f9adf92e227b at port 0
2019-09-17 11:50:46,761 [Datanode State Machine Thread - 0] INFO  impl.RaftServerProxy (RaftServerProxy.java:lambda$start$3(299)) - 0efbdbeb-0caf-4be4-a340-f9adf92e227b: start RPC server
2019-09-17 11:50:46,766 [Datanode State Machine Thread - 0] INFO  server.GrpcService (GrpcService.java:startImpl(158)) - 0efbdbeb-0caf-4be4-a340-f9adf92e227b: GrpcService started, listening on 0.0.0.0/0.0.0.0:42903
2019-09-17 11:50:46,766 [Datanode State Machine Thread - 0] INFO  ratis.XceiverServerRatis (XceiverServerRatis.java:start(421)) - XceiverServerRatis 0efbdbeb-0caf-4be4-a340-f9adf92e227b is started using port 42903
2019-09-17 11:50:46,769 [Datanode State Machine Thread - 0] INFO  server.XceiverServerGrpc (XceiverServerGrpc.java:start(163)) - XceiverServerGrpc 0efbdbeb-0caf-4be4-a340-f9adf92e227b is started using port 45109
2019-09-17 11:50:46,854 [Datanode State Machine Thread - 0] INFO  ozoneimpl.OzoneContainer (OzoneContainer.java:start(217)) - Attempting to start container services.
2019-09-17 11:50:46,855 [Datanode State Machine Thread - 0] INFO  ozoneimpl.OzoneContainer (OzoneContainer.java:startContainerScrub(179)) - Background container scanner has been disabled.
2019-09-17 11:50:46,855 [Datanode State Machine Thread - 0] INFO  ratis.XceiverServerRatis (XceiverServerRatis.java:start(411)) - Starting XceiverServerRatis ee155057-4acb-4f3f-9013-4bd3c5a101b6 at port 0
2019-09-17 11:50:46,861 [Datanode State Machine Thread - 0] INFO  impl.RaftServerProxy (RaftServerProxy.java:lambda$start$3(299)) - ee155057-4acb-4f3f-9013-4bd3c5a101b6: start RPC server
2019-09-17 11:50:46,867 [Datanode State Machine Thread - 0] INFO  server.GrpcService (GrpcService.java:startImpl(158)) - ee155057-4acb-4f3f-9013-4bd3c5a101b6: GrpcService started, listening on 0.0.0.0/0.0.0.0:41943
2019-09-17 11:50:46,868 [Datanode State Machine Thread - 0] INFO  ratis.XceiverServerRatis (XceiverServerRatis.java:start(421)) - XceiverServerRatis ee155057-4acb-4f3f-9013-4bd3c5a101b6 is started using port 41943
2019-09-17 11:50:46,873 [Datanode State Machine Thread - 0] INFO  server.XceiverServerGrpc (XceiverServerGrpc.java:start(163)) - XceiverServerGrpc ee155057-4acb-4f3f-9013-4bd3c5a101b6 is started using port 42783
2019-09-17 11:50:46,896 [main] INFO  ozone.MiniOzoneClusterImpl (MiniOzoneClusterImpl.java:lambda$waitForClusterToBeReady$0(145)) - Waiting for cluster to be ready. Got 0 of 10 DN Heartbeats.
2019-09-17 11:50:46,914 [Datanode State Machine Thread - 0] INFO  ozoneimpl.OzoneContainer (OzoneContainer.java:start(217)) - Attempting to start container services.
2019-09-17 11:50:46,914 [Datanode State Machine Thread - 0] INFO  ozoneimpl.OzoneContainer (OzoneContainer.java:startContainerScrub(179)) - Background container scanner has been disabled.
2019-09-17 11:50:46,914 [Datanode State Machine Thread - 0] INFO  ratis.XceiverServerRatis (XceiverServerRatis.java:start(411)) - Starting XceiverServerRatis ab50ed4d-57db-4f38-bd59-74c03932909c at port 0
2019-09-17 11:50:46,920 [Datanode State Machine Thread - 0] INFO  impl.RaftServerProxy (RaftServerProxy.java:lambda$start$3(299)) - ab50ed4d-57db-4f38-bd59-74c03932909c: start RPC server
2019-09-17 11:50:46,934 [Datanode State Machine Thread - 0] INFO  server.GrpcService (GrpcService.java:startImpl(158)) - ab50ed4d-57db-4f38-bd59-74c03932909c: GrpcService started, listening on 0.0.0.0/0.0.0.0:36833
2019-09-17 11:50:46,934 [Datanode State Machine Thread - 0] INFO  ratis.XceiverServerRatis (XceiverServerRatis.java:start(421)) - XceiverServerRatis ab50ed4d-57db-4f38-bd59-74c03932909c is started using port 36833
2019-09-17 11:50:46,954 [Datanode State Machine Thread - 0] INFO  server.XceiverServerGrpc (XceiverServerGrpc.java:start(163)) - XceiverServerGrpc ab50ed4d-57db-4f38-bd59-74c03932909c is started using port 44722
2019-09-17 11:50:47,897 [main] INFO  ozone.MiniOzoneClusterImpl (MiniOzoneClusterImpl.java:lambda$waitForClusterToBeReady$0(145)) - Waiting for cluster to be ready. Got 0 of 10 DN Heartbeats.
2019-09-17 11:50:48,204 [IPC Server handler 1 on 40723] INFO  net.NetworkTopology (NetworkTopologyImpl.java:add(110)) - Added a new node: /default-rack/533f21c9-6148-4926-981b-3030ea271196
2019-09-17 11:50:48,205 [IPC Server handler 1 on 40723] INFO  node.SCMNodeManager (SCMNodeManager.java:register(266)) - Registered Data node : 533f21c9-6148-4926-981b-3030ea271196{ip: 192.168.157.219, host: pr-hdds-2121-5jcdq-2838215776, networkLocation: /default-rack, certSerialId: null}
2019-09-17 11:50:48,211 [EventQueue-NodeRegistrationContainerReportForDataNodeSafeModeRule] INFO  safemode.SCMSafeModeManager (DataNodeSafeModeRule.java:process(71)) - SCM in safe mode. 1 DataNodes registered, 1 required.
2019-09-17 11:50:48,211 [EventQueue-NodeRegistrationContainerReportForDataNodeSafeModeRule] INFO  safemode.SCMSafeModeManager (SCMSafeModeManager.java:validateSafeModeExitRules(177)) - ScmSafeModeManager, all rules are successfully validated
2019-09-17 11:50:48,211 [EventQueue-NodeRegistrationContainerReportForDataNodeSafeModeRule] INFO  safemode.SCMSafeModeManager (SCMSafeModeManager.java:exitSafeMode(193)) - SCM exiting safe mode.
2019-09-17 11:50:48,249 [IPC Server handler 2 on 40723] INFO  net.NetworkTopology (NetworkTopologyImpl.java:add(110)) - Added a new node: /default-rack/768e87e1-01a1-4abe-adbb-724fc729cfde
2019-09-17 11:50:48,250 [IPC Server handler 2 on 40723] INFO  node.SCMNodeManager (SCMNodeManager.java:register(266)) - Registered Data node : 768e87e1-01a1-4abe-adbb-724fc729cfde{ip: 192.168.157.219, host: pr-hdds-2121-5jcdq-2838215776, networkLocation: /default-rack, certSerialId: null}
2019-09-17 11:50:48,328 [IPC Server handler 3 on 40723] INFO  net.NetworkTopology (NetworkTopologyImpl.java:add(110)) - Added a new node: /default-rack/478df2fd-32fa-402c-a09a-4121263fb7de
2019-09-17 11:50:48,328 [IPC Server handler 3 on 40723] INFO  node.SCMNodeManager (SCMNodeManager.java:register(266)) - Registered Data node : 478df2fd-32fa-402c-a09a-4121263fb7de{ip: 192.168.157.219, host: pr-hdds-2121-5jcdq-2838215776, networkLocation: /default-rack, certSerialId: null}
2019-09-17 11:50:48,427 [IPC Server handler 5 on 40723] INFO  net.NetworkTopology (NetworkTopologyImpl.java:add(110)) - Added a new node: /default-rack/db5c95e9-dab2-4d3b-9775-2e3d4de03f2d
2019-09-17 11:50:48,427 [IPC Server handler 5 on 40723] INFO  node.SCMNodeManager (SCMNodeManager.java:register(266)) - Registered Data node : db5c95e9-dab2-4d3b-9775-2e3d4de03f2d{ip: 192.168.157.219, host: pr-hdds-2121-5jcdq-2838215776, networkLocation: /default-rack, certSerialId: null}
2019-09-17 11:50:48,517 [IPC Server handler 4 on 40723] INFO  net.NetworkTopology (NetworkTopologyImpl.java:add(110)) - Added a new node: /default-rack/3059fe26-6a4f-4501-bc80-da7575b93cc0
2019-09-17 11:50:48,517 [IPC Server handler 4 on 40723] INFO  node.SCMNodeManager (SCMNodeManager.java:register(266)) - Registered Data node : 3059fe26-6a4f-4501-bc80-da7575b93cc0{ip: 192.168.157.219, host: pr-hdds-2121-5jcdq-2838215776, networkLocation: /default-rack, certSerialId: null}
2019-09-17 11:50:48,594 [IPC Server handler 6 on 40723] INFO  net.NetworkTopology (NetworkTopologyImpl.java:add(110)) - Added a new node: /default-rack/90cc32e6-bdd6-4f93-abb1-bc520dd025bc
2019-09-17 11:50:48,594 [IPC Server handler 6 on 40723] INFO  node.SCMNodeManager (SCMNodeManager.java:register(266)) - Registered Data node : 90cc32e6-bdd6-4f93-abb1-bc520dd025bc{ip: 192.168.157.219, host: pr-hdds-2121-5jcdq-2838215776, networkLocation: /default-rack, certSerialId: null}
2019-09-17 11:50:48,673 [IPC Server handler 8 on 40723] INFO  net.NetworkTopology (NetworkTopologyImpl.java:add(110)) - Added a new node: /default-rack/166adff3-52d0-4f60-8e58-0e12ed96f4bf
2019-09-17 11:50:48,673 [IPC Server handler 8 on 40723] INFO  node.SCMNodeManager (SCMNodeManager.java:register(266)) - Registered Data node : 166adff3-52d0-4f60-8e58-0e12ed96f4bf{ip: 192.168.157.219, host: pr-hdds-2121-5jcdq-2838215776, networkLocation: /default-rack, certSerialId: null}
2019-09-17 11:50:48,742 [IPC Server handler 7 on 40723] INFO  net.NetworkTopology (NetworkTopologyImpl.java:add(110)) - Added a new node: /default-rack/0efbdbeb-0caf-4be4-a340-f9adf92e227b
2019-09-17 11:50:48,742 [IPC Server handler 7 on 40723] INFO  node.SCMNodeManager (SCMNodeManager.java:register(266)) - Registered Data node : 0efbdbeb-0caf-4be4-a340-f9adf92e227b{ip: 192.168.157.219, host: pr-hdds-2121-5jcdq-2838215776, networkLocation: /default-rack, certSerialId: null}
2019-09-17 11:50:48,752 [grpc-default-executor-0] INFO  impl.RaftServerProxy (RaftServerProxy.java:addNew(89)) - 533f21c9-6148-4926-981b-3030ea271196: addNew group-D9629F26D855:[533f21c9-6148-4926-981b-3030ea271196:192.168.157.219:45624] returns group-D9629F26D855:java.util.concurrent.CompletableFuture@ddbe4db[Not completed]
2019-09-17 11:50:48,779 [pool-27-thread-1] INFO  impl.RaftServerImpl (RaftServerImpl.java:<init>(95)) - 533f21c9-6148-4926-981b-3030ea271196: new RaftServerImpl for group-D9629F26D855:[533f21c9-6148-4926-981b-3030ea271196:192.168.157.219:45624] with ContainerStateMachine:uninitialized
2019-09-17 11:50:48,782 [pool-27-thread-1] INFO  server.RaftServerConfigKeys (ConfUtils.java:logGet(43)) - raft.server.rpc.timeout.min = 1s (custom)
2019-09-17 11:50:48,783 [pool-27-thread-1] INFO  server.RaftServerConfigKeys (ConfUtils.java:logGet(43)) - raft.server.rpc.timeout.max = 1200ms (custom)
2019-09-17 11:50:48,784 [pool-27-thread-1] INFO  server.RaftServerConfigKeys (ConfUtils.java:logGet(43)) - raft.server.rpcslowness.timeout = 120s (custom)
2019-09-17 11:50:48,785 [pool-27-thread-1] INFO  server.RaftServerConfigKeys (ConfUtils.java:logGet(43)) - raft.server.sleep.deviation.threshold = 300 (default)
2019-09-17 11:50:48,786 [pool-27-thread-1] INFO  server.RaftServerConfigKeys (ConfUtils.java:logGet(43)) - raft.server.log.appender.install.snapshot.enabled = false (custom)
2019-09-17 11:50:48,800 [pool-27-thread-1] INFO  impl.RaftServerImpl (ServerState.java:<init>(103)) - 533f21c9-6148-4926-981b-3030ea271196@group-D9629F26D855: ConfigurationManager, init=-1: [533f21c9-6148-4926-981b-3030ea271196:192.168.157.219:45624], old=null, confs=<EMPTY_MAP>
2019-09-17 11:50:48,800 [pool-27-thread-1] INFO  server.RaftServerConfigKeys (ConfUtils.java:logGet(43)) - raft.server.storage.dir = [/tmp/workdir/hadoop-ozone/integration-test/target/test-dir/MiniOzoneClusterImpl-aba007c7-aff0-48a6-9a1c-5b8514ff46fc/datanode-0/data/ratis] (custom)
2019-09-17 11:50:48,809 [pool-27-thread-1] INFO  storage.RaftStorageDirectory (RaftStorageDirectory.java:analyzeStorage(246)) - The storage directory /tmp/workdir/hadoop-ozone/integration-test/target/test-dir/MiniOzoneClusterImpl-aba007c7-aff0-48a6-9a1c-5b8514ff46fc/datanode-0/data/ratis/64b4afb8-eb2e-4355-8c06-d9629f26d855 does not exist. Creating ...
2019-09-17 11:50:48,827 [pool-27-thread-1] INFO  storage.RaftStorageDirectory (RaftStorageDirectory.java:tryLock(328)) - Lock on /tmp/workdir/hadoop-ozone/integration-test/target/test-dir/MiniOzoneClusterImpl-aba007c7-aff0-48a6-9a1c-5b8514ff46fc/datanode-0/data/ratis/64b4afb8-eb2e-4355-8c06-d9629f26d855/in_use.lock acquired by nodename 16462@pr-hdds-2121-5jcdq-2838215776
2019-09-17 11:50:48,828 [IPC Server handler 9 on 40723] INFO  net.NetworkTopology (NetworkTopologyImpl.java:add(110)) - Added a new node: /default-rack/ee155057-4acb-4f3f-9013-4bd3c5a101b6
2019-09-17 11:50:48,828 [IPC Server handler 9 on 40723] INFO  node.SCMNodeManager (SCMNodeManager.java:register(266)) - Registered Data node : ee155057-4acb-4f3f-9013-4bd3c5a101b6{ip: 192.168.157.219, host: pr-hdds-2121-5jcdq-2838215776, networkLocation: /default-rack, certSerialId: null}
2019-09-17 11:50:48,833 [pool-27-thread-1] INFO  storage.RaftStorage (RaftStorage.java:format(72)) - Storage directory /tmp/workdir/hadoop-ozone/integration-test/target/test-dir/MiniOzoneClusterImpl-aba007c7-aff0-48a6-9a1c-5b8514ff46fc/datanode-0/data/ratis/64b4afb8-eb2e-4355-8c06-d9629f26d855 has been successfully formatted.
2019-09-17 11:50:48,835 [pool-27-thread-1] INFO  ratis.ContainerStateMachine (ContainerStateMachine.java:loadSnapshot(230)) - group-D9629F26D855: The snapshot info is null. Setting the last applied indexto:(t:0, i:~)
2019-09-17 11:50:48,835 [pool-27-thread-1] INFO  server.RaftServerConfigKeys (ConfUtils.java:logGet(43)) - raft.server.notification.no-leader.timeout = 120s (custom)
2019-09-17 11:50:48,838 [pool-27-thread-1] INFO  server.RaftServerConfigKeys (ConfUtils.java:logGet(43)) - raft.server.log.use.memory = false (default)
2019-09-17 11:50:48,845 [pool-27-thread-1] INFO  server.RaftServerConfigKeys (ConfUtils.java:logGet(43)) - raft.server.log.purge.gap = 1000000 (custom)
2019-09-17 11:50:48,845 [pool-27-thread-1] INFO  server.RaftServerConfigKeys (ConfUtils.java:logGet(43)) - raft.server.log.appender.buffer.byte-limit = 33554432 (custom)
2019-09-17 11:50:48,848 [pool-27-thread-1] INFO  server.RaftServerConfigKeys (ConfUtils.java:logGet(43)) - raft.server.log.segment.size.max = 1048576 (custom)
2019-09-17 11:50:48,853 [pool-27-thread-1] INFO  server.RaftServerConfigKeys (ConfUtils.java:logGet(43)) - raft.server.log.segment.cache.num.max = 2 (custom)
2019-09-17 11:50:48,859 [pool-27-thread-1] INFO  segmented.SegmentedRaftLogWorker (SegmentedRaftLogWorker.java:<init>(172)) - new 533f21c9-6148-4926-981b-3030ea271196@group-D9629F26D855-SegmentedRaftLogWorker for RaftStorage:Storage Directory /tmp/workdir/hadoop-ozone/integration-test/target/test-dir/MiniOzoneClusterImpl-aba007c7-aff0-48a6-9a1c-5b8514ff46fc/datanode-0/data/ratis/64b4afb8-eb2e-4355-8c06-d9629f26d855
2019-09-17 11:50:48,861 [pool-27-thread-1] INFO  impl.MetricsSystemImpl (MetricsSystemImpl.java:init(158)) - ratis metrics system started (again)
2019-09-17 11:50:48,897 [main] INFO  ozone.MiniOzoneClusterImpl (MiniOzoneClusterImpl.java:lambda$waitForClusterToBeReady$0(145)) - Waiting for cluster to be ready. Got 9 of 10 DN Heartbeats.
2019-09-17 11:50:48,913 [pool-27-thread-1] INFO  server.RaftServerConfigKeys (ConfUtils.java:logGet(43)) - raft.server.log.queue.byte-limit = 2147483647 (custom)
2019-09-17 11:50:48,913 [IPC Server handler 10 on 40723] INFO  net.NetworkTopology (NetworkTopologyImpl.java:add(110)) - Added a new node: /default-rack/ab50ed4d-57db-4f38-bd59-74c03932909c
2019-09-17 11:50:48,913 [pool-27-thread-1] INFO  server.RaftServerConfigKeys (ConfUtils.java:logGet(43)) - raft.server.log.queue.element-limit = 1024 (custom)
2019-09-17 11:50:48,913 [IPC Server handler 10 on 40723] INFO  node.SCMNodeManager (SCMNodeManager.java:register(266)) - Registered Data node : ab50ed4d-57db-4f38-bd59-74c03932909c{ip: 192.168.157.219, host: pr-hdds-2121-5jcdq-2838215776, networkLocation: /default-rack, certSerialId: null}
2019-09-17 11:50:48,916 [pool-27-thread-1] INFO  server.RaftServerConfigKeys (ConfUtils.java:logGet(43)) - raft.server.log.segment.size.max = 1048576 (custom)
2019-09-17 11:50:48,917 [pool-27-thread-1] INFO  server.RaftServerConfigKeys (ConfUtils.java:logGet(43)) - raft.server.log.preallocated.size = 16384 (custom)
2019-09-17 11:50:48,917 [pool-27-thread-1] INFO  server.RaftServerConfigKeys (ConfUtils.java:logGet(43)) - raft.server.log.write.buffer.size = 33554432 (custom)
2019-09-17 11:50:48,918 [pool-27-thread-1] INFO  server.RaftServerConfigKeys (ConfUtils.java:logGet(43)) - raft.server.log.force.sync.num = 128 (default)
2019-09-17 11:50:48,918 [pool-27-thread-1] INFO  server.RaftServerConfigKeys (ConfUtils.java:logGet(43)) - raft.server.log.statemachine.data.sync = true (default)
2019-09-17 11:50:48,919 [pool-27-thread-1] INFO  server.RaftServerConfigKeys (ConfUtils.java:logGet(43)) - raft.server.log.statemachine.data.sync.timeout = 10s (default)
2019-09-17 11:50:48,919 [pool-27-thread-1] INFO  server.RaftServerConfigKeys (ConfUtils.java:logGet(43)) - raft.server.log.statemachine.data.sync.timeout.retry = -1 (default)
2019-09-17 11:50:48,927 [pool-27-thread-1] INFO  server.RaftServerConfigKeys (ConfUtils.java:logGet(43)) - raft.server.log.statemachine.data.caching.enabled = true (custom)
2019-09-17 11:50:48,931 [pool-27-thread-1] INFO  segmented.SegmentedRaftLogWorker (SegmentedRaftLogWorker.java:lambda$new$0(132)) - 533f21c9-6148-4926-981b-3030ea271196@group-D9629F26D855-SegmentedRaftLogWorker: flushIndex: setUnconditionally 0 -> -1
2019-09-17 11:50:48,935 [pool-27-thread-1] INFO  server.RaftServerConfigKeys (ConfUtils.java:logGet(43)) - raft.server.snapshot.auto.trigger.enabled = true (custom)
2019-09-17 11:50:48,936 [pool-27-thread-1] INFO  server.RaftServerConfigKeys (ConfUtils.java:logGet(43)) - raft.server.snapshot.auto.trigger.threshold = 10000 (custom)
2019-09-17 11:50:48,937 [pool-27-thread-1] INFO  server.RaftServerConfigKeys (ConfUtils.java:logGet(43)) - raft.server.snapshot.retention.num.files = 5 (custom)
2019-09-17 11:50:48,937 [pool-27-thread-1] INFO  server.RaftServerConfigKeys (ConfUtils.java:logGet(43)) - raft.server.retrycache.expirytime = 600000ms (custom)
2019-09-17 11:50:48,963 [pool-27-thread-1] INFO  impl.RaftServerImpl (RaftServerImpl.java:start(185)) - 533f21c9-6148-4926-981b-3030ea271196@group-D9629F26D855: start as a follower, conf=-1: [533f21c9-6148-4926-981b-3030ea271196:192.168.157.219:45624], old=null
2019-09-17 11:50:48,964 [pool-27-thread-1] INFO  impl.RaftServerImpl (RaftServerImpl.java:setRole(174)) - 533f21c9-6148-4926-981b-3030ea271196@group-D9629F26D855: changes role from      null to FOLLOWER at term 0 for startAsFollower
2019-09-17 11:50:48,965 [pool-27-thread-1] INFO  impl.RoleInfo (RoleInfo.java:updateAndGet(143)) - 533f21c9-6148-4926-981b-3030ea271196: start FollowerState
2019-09-17 11:50:48,967 [pool-27-thread-1] INFO  util.JmxRegister (JmxRegister.java:tryRegister(44)) - Successfully registered JMX Bean with object name Ratis:service=RaftServer,group=group-D9629F26D855,id=533f21c9-6148-4926-981b-3030ea271196
2019-09-17 11:50:49,036 [RatisPipelineUtilsThread] INFO  pipeline.PipelineStateManager (PipelineStateManager.java:addPipeline(56)) - Created pipeline Pipeline[ Id: 64b4afb8-eb2e-4355-8c06-d9629f26d855, Nodes: 533f21c9-6148-4926-981b-3030ea271196{ip: 192.168.157.219, host: pr-hdds-2121-5jcdq-2838215776, networkLocation: /default-rack, certSerialId: null}, Type:RATIS, Factor:ONE, State:OPEN]
2019-09-17 11:50:49,064 [grpc-default-executor-0] INFO  impl.RaftServerProxy (RaftServerProxy.java:addNew(89)) - 90cc32e6-bdd6-4f93-abb1-bc520dd025bc: addNew group-2878717B53A4:[90cc32e6-bdd6-4f93-abb1-bc520dd025bc:192.168.157.219:33403] returns group-2878717B53A4:java.util.concurrent.CompletableFuture@4398b3f7[Not completed]
2019-09-17 11:50:49,121 [pool-77-thread-1] INFO  impl.RaftServerImpl (RaftServerImpl.java:<init>(95)) - 90cc32e6-bdd6-4f93-abb1-bc520dd025bc: new RaftServerImpl for group-2878717B53A4:[90cc32e6-bdd6-4f93-abb1-bc520dd025bc:192.168.157.219:33403] with ContainerStateMachine:uninitialized
2019-09-17 11:50:49,123 [pool-77-thread-1] INFO  server.RaftServerConfigKeys (ConfUtils.java:logGet(43)) - raft.server.rpc.timeout.min = 1s (custom)
2019-09-17 11:50:49,123 [pool-77-thread-1] INFO  server.RaftServerConfigKeys (ConfUtils.java:logGet(43)) - raft.server.rpc.timeout.max = 1200ms (custom)
2019-09-17 11:50:49,123 [pool-77-thread-1] INFO  server.RaftServerConfigKeys (ConfUtils.java:logGet(43)) - raft.server.rpcslowness.timeout = 120s (custom)
2019-09-17 11:50:49,123 [pool-77-thread-1] INFO  server.RaftServerConfigKeys (ConfUtils.java:logGet(43)) - raft.server.sleep.deviation.threshold = 300 (default)
2019-09-17 11:50:49,124 [pool-77-thread-1] INFO  server.RaftServerConfigKeys (ConfUtils.java:logGet(43)) - raft.server.log.appender.install.snapshot.enabled = false (custom)
2019-09-17 11:50:49,124 [pool-77-thread-1] INFO  impl.RaftServerImpl (ServerState.java:<init>(103)) - 90cc32e6-bdd6-4f93-abb1-bc520dd025bc@group-2878717B53A4: ConfigurationManager, init=-1: [90cc32e6-bdd6-4f93-abb1-bc520dd025bc:192.168.157.219:33403], old=null, confs=<EMPTY_MAP>
2019-09-17 11:50:49,124 [pool-77-thread-1] INFO  server.RaftServerConfigKeys (ConfUtils.java:logGet(43)) - raft.server.storage.dir = [/tmp/workdir/hadoop-ozone/integration-test/target/test-dir/MiniOzoneClusterImpl-aba007c7-aff0-48a6-9a1c-5b8514ff46fc/datanode-5/data/ratis] (custom)
2019-09-17 11:50:49,125 [pool-77-thread-1] INFO  storage.RaftStorageDirectory (RaftStorageDirectory.java:analyzeStorage(246)) - The storage directory /tmp/workdir/hadoop-ozone/integration-test/target/test-dir/MiniOzoneClusterImpl-aba007c7-aff0-48a6-9a1c-5b8514ff46fc/datanode-5/data/ratis/24da48d0-9579-4831-93a5-2878717b53a4 does not exist. Creating ...
2019-09-17 11:50:49,149 [pool-77-thread-1] INFO  storage.RaftStorageDirectory (RaftStorageDirectory.java:tryLock(328)) - Lock on /tmp/workdir/hadoop-ozone/integration-test/target/test-dir/MiniOzoneClusterImpl-aba007c7-aff0-48a6-9a1c-5b8514ff46fc/datanode-5/data/ratis/24da48d0-9579-4831-93a5-2878717b53a4/in_use.lock acquired by nodename 16462@pr-hdds-2121-5jcdq-2838215776
2019-09-17 11:50:49,163 [pool-77-thread-1] INFO  storage.RaftStorage (RaftStorage.java:format(72)) - Storage directory /tmp/workdir/hadoop-ozone/integration-test/target/test-dir/MiniOzoneClusterImpl-aba007c7-aff0-48a6-9a1c-5b8514ff46fc/datanode-5/data/ratis/24da48d0-9579-4831-93a5-2878717b53a4 has been successfully formatted.
2019-09-17 11:50:49,166 [pool-77-thread-1] INFO  ratis.ContainerStateMachine (ContainerStateMachine.java:loadSnapshot(230)) - group-2878717B53A4: The snapshot info is null. Setting the last applied indexto:(t:0, i:~)
2019-09-17 11:50:49,169 [pool-77-thread-1] INFO  server.RaftServerConfigKeys (ConfUtils.java:logGet(43)) - raft.server.notification.no-leader.timeout = 120s (custom)
2019-09-17 11:50:49,169 [pool-77-thread-1] INFO  server.RaftServerConfigKeys (ConfUtils.java:logGet(43)) - raft.server.log.use.memory = false (default)
2019-09-17 11:50:49,169 [pool-77-thread-1] INFO  server.RaftServerConfigKeys (ConfUtils.java:logGet(43)) - raft.server.log.purge.gap = 1000000 (custom)
2019-09-17 11:50:49,169 [pool-77-thread-1] INFO  server.RaftServerConfigKeys (ConfUtils.java:logGet(43)) - raft.server.log.appender.buffer.byte-limit = 33554432 (custom)
2019-09-17 11:50:49,170 [pool-77-thread-1] INFO  server.RaftServerConfigKeys (ConfUtils.java:logGet(43)) - raft.server.log.segment.size.max = 1048576 (custom)
2019-09-17 11:50:49,170 [pool-77-thread-1] INFO  server.RaftServerConfigKeys (ConfUtils.java:logGet(43)) - raft.server.log.segment.cache.num.max = 2 (custom)
2019-09-17 11:50:49,170 [pool-77-thread-1] INFO  segmented.SegmentedRaftLogWorker (SegmentedRaftLogWorker.java:<init>(172)) - new 90cc32e6-bdd6-4f93-abb1-bc520dd025bc@group-2878717B53A4-SegmentedRaftLogWorker for RaftStorage:Storage Directory /tmp/workdir/hadoop-ozone/integration-test/target/test-dir/MiniOzoneClusterImpl-aba007c7-aff0-48a6-9a1c-5b8514ff46fc/datanode-5/data/ratis/24da48d0-9579-4831-93a5-2878717b53a4
2019-09-17 11:50:49,181 [pool-77-thread-1] INFO  server.RaftServerConfigKeys (ConfUtils.java:logGet(43)) - raft.server.log.queue.byte-limit = 2147483647 (custom)
2019-09-17 11:50:49,181 [pool-77-thread-1] INFO  server.RaftServerConfigKeys (ConfUtils.java:logGet(43)) - raft.server.log.queue.element-limit = 1024 (custom)
2019-09-17 11:50:49,182 [pool-77-thread-1] INFO  server.RaftServerConfigKeys (ConfUtils.java:logGet(43)) - raft.server.log.segment.size.max = 1048576 (custom)
2019-09-17 11:50:49,182 [pool-77-thread-1] INFO  server.RaftServerConfigKeys (ConfUtils.java:logGet(43)) - raft.server.log.preallocated.size = 16384 (custom)
2019-09-17 11:50:49,182 [pool-77-thread-1] INFO  server.RaftServerConfigKeys (ConfUtils.java:logGet(43)) - raft.server.log.write.buffer.size = 33554432 (custom)
2019-09-17 11:50:49,182 [pool-77-thread-1] INFO  server.RaftServerConfigKeys (ConfUtils.java:logGet(43)) - raft.server.log.force.sync.num = 128 (default)
2019-09-17 11:50:49,183 [pool-77-thread-1] INFO  server.RaftServerConfigKeys (ConfUtils.java:logGet(43)) - raft.server.log.statemachine.data.sync = true (default)
2019-09-17 11:50:49,183 [pool-77-thread-1] INFO  server.RaftServerConfigKeys (ConfUtils.java:logGet(43)) - raft.server.log.statemachine.data.sync.timeout = 10s (default)
2019-09-17 11:50:49,183 [pool-77-thread-1] INFO  server.RaftServerConfigKeys (ConfUtils.java:logGet(43)) - raft.server.log.statemachine.data.sync.timeout.retry = -1 (default)
2019-09-17 11:50:49,184 [pool-77-thread-1] INFO  server.RaftServerConfigKeys (ConfUtils.java:logGet(43)) - raft.server.log.statemachine.data.caching.enabled = true (custom)
2019-09-17 11:50:49,184 [pool-77-thread-1] INFO  segmented.SegmentedRaftLogWorker (SegmentedRaftLogWorker.java:lambda$new$0(132)) - 90cc32e6-bdd6-4f93-abb1-bc520dd025bc@group-2878717B53A4-SegmentedRaftLogWorker: flushIndex: setUnconditionally 0 -> -1
2019-09-17 11:50:49,185 [pool-77-thread-1] INFO  server.RaftServerConfigKeys (ConfUtils.java:logGet(43)) - raft.server.snapshot.auto.trigger.enabled = true (custom)
2019-09-17 11:50:49,185 [pool-77-thread-1] INFO  server.RaftServerConfigKeys (ConfUtils.java:logGet(43)) - raft.server.snapshot.auto.trigger.threshold = 10000 (custom)
2019-09-17 11:50:49,185 [pool-77-thread-1] INFO  server.RaftServerConfigKeys (ConfUtils.java:logGet(43)) - raft.server.snapshot.retention.num.files = 5 (custom)
2019-09-17 11:50:49,185 [pool-77-thread-1] INFO  server.RaftServerConfigKeys (ConfUtils.java:logGet(43)) - raft.server.retrycache.expirytime = 600000ms (custom)
2019-09-17 11:50:49,193 [pool-77-thread-1] INFO  impl.RaftServerImpl (RaftServerImpl.java:start(185)) - 90cc32e6-bdd6-4f93-abb1-bc520dd025bc@group-2878717B53A4: start as a follower, conf=-1: [90cc32e6-bdd6-4f93-abb1-bc520dd025bc:192.168.157.219:33403], old=null
2019-09-17 11:50:49,193 [pool-77-thread-1] INFO  impl.RaftServerImpl (RaftServerImpl.java:setRole(174)) - 90cc32e6-bdd6-4f93-abb1-bc520dd025bc@group-2878717B53A4: changes role from      null to FOLLOWER at term 0 for startAsFollower
2019-09-17 11:50:49,193 [pool-77-thread-1] INFO  impl.RoleInfo (RoleInfo.java:updateAndGet(143)) - 90cc32e6-bdd6-4f93-abb1-bc520dd025bc: start FollowerState
2019-09-17 11:50:49,197 [pool-77-thread-1] INFO  util.JmxRegister (JmxRegister.java:tryRegister(44)) - Successfully registered JMX Bean with object name Ratis:service=RaftServer,group=group-2878717B53A4,id=90cc32e6-bdd6-4f93-abb1-bc520dd025bc
2019-09-17 11:50:49,220 [RatisPipelineUtilsThread] INFO  pipeline.PipelineStateManager (PipelineStateManager.java:addPipeline(56)) - Created pipeline Pipeline[ Id: 24da48d0-9579-4831-93a5-2878717b53a4, Nodes: 90cc32e6-bdd6-4f93-abb1-bc520dd025bc{ip: 192.168.157.219, host: pr-hdds-2121-5jcdq-2838215776, networkLocation: /default-rack, certSerialId: null}, Type:RATIS, Factor:ONE, State:OPEN]
2019-09-17 11:50:49,247 [grpc-default-executor-0] INFO  impl.RaftServerProxy (RaftServerProxy.java:addNew(89)) - ee155057-4acb-4f3f-9013-4bd3c5a101b6: addNew group-02999AF38EC1:[ee155057-4acb-4f3f-9013-4bd3c5a101b6:192.168.157.219:41943] returns group-02999AF38EC1:java.util.concurrent.CompletableFuture@536e051[Not completed]
2019-09-17 11:50:49,278 [pool-107-thread-1] INFO  impl.RaftServerImpl (RaftServerImpl.java:<init>(95)) - ee155057-4acb-4f3f-9013-4bd3c5a101b6: new RaftServerImpl for group-02999AF38EC1:[ee155057-4acb-4f3f-9013-4bd3c5a101b6:192.168.157.219:41943] with ContainerStateMachine:uninitialized
2019-09-17 11:50:49,279 [pool-107-thread-1] INFO  server.RaftServerConfigKeys (ConfUtils.java:logGet(43)) - raft.server.rpc.timeout.min = 1s (custom)
2019-09-17 11:50:49,279 [pool-107-thread-1] INFO  server.RaftServerConfigKeys (ConfUtils.java:logGet(43)) - raft.server.rpc.timeout.max = 1200ms (custom)
2019-09-17 11:50:49,279 [pool-107-thread-1] INFO  server.RaftServerConfigKeys (ConfUtils.java:logGet(43)) - raft.server.rpcslowness.timeout = 120s (custom)
2019-09-17 11:50:49,279 [pool-107-thread-1] INFO  server.RaftServerConfigKeys (ConfUtils.java:logGet(43)) - raft.server.sleep.deviation.threshold = 300 (default)
2019-09-17 11:50:49,279 [pool-107-thread-1] INFO  server.RaftServerConfigKeys (ConfUtils.java:logGet(43)) - raft.server.log.appender.install.snapshot.enabled = false (custom)
2019-09-17 11:50:49,279 [pool-107-thread-1] INFO  impl.RaftServerImpl (ServerState.java:<init>(103)) - ee155057-4acb-4f3f-9013-4bd3c5a101b6@group-02999AF38EC1: ConfigurationManager, init=-1: [ee155057-4acb-4f3f-9013-4bd3c5a101b6:192.168.157.219:41943], old=null, confs=<EMPTY_MAP>
2019-09-17 11:50:49,280 [pool-107-thread-1] INFO  server.RaftServerConfigKeys (ConfUtils.java:logGet(43)) - raft.server.storage.dir = [/tmp/workdir/hadoop-ozone/integration-test/target/test-dir/MiniOzoneClusterImpl-aba007c7-aff0-48a6-9a1c-5b8514ff46fc/datanode-8/data/ratis] (custom)
2019-09-17 11:50:49,280 [pool-107-thread-1] INFO  storage.RaftStorageDirectory (RaftStorageDirectory.java:analyzeStorage(246)) - The storage directory /tmp/workdir/hadoop-ozone/integration-test/target/test-dir/MiniOzoneClusterImpl-aba007c7-aff0-48a6-9a1c-5b8514ff46fc/datanode-8/data/ratis/2739dc62-c992-4a89-b309-02999af38ec1 does not exist. Creating ...
2019-09-17 11:50:49,293 [pool-107-thread-1] INFO  storage.RaftStorageDirectory (RaftStorageDirectory.java:tryLock(328)) - Lock on /tmp/workdir/hadoop-ozone/integration-test/target/test-dir/MiniOzoneClusterImpl-aba007c7-aff0-48a6-9a1c-5b8514ff46fc/datanode-8/data/ratis/2739dc62-c992-4a89-b309-02999af38ec1/in_use.lock acquired by nodename 16462@pr-hdds-2121-5jcdq-2838215776
2019-09-17 11:50:49,306 [pool-107-thread-1] INFO  storage.RaftStorage (RaftStorage.java:format(72)) - Storage directory /tmp/workdir/hadoop-ozone/integration-test/target/test-dir/MiniOzoneClusterImpl-aba007c7-aff0-48a6-9a1c-5b8514ff46fc/datanode-8/data/ratis/2739dc62-c992-4a89-b309-02999af38ec1 has been successfully formatted.
2019-09-17 11:50:49,306 [pool-107-thread-1] INFO  ratis.ContainerStateMachine (ContainerStateMachine.java:loadSnapshot(230)) - group-02999AF38EC1: The snapshot info is null. Setting the last applied indexto:(t:0, i:~)
2019-09-17 11:50:49,307 [pool-107-thread-1] INFO  server.RaftServerConfigKeys (ConfUtils.java:logGet(43)) - raft.server.notification.no-leader.timeout = 120s (custom)
2019-09-17 11:50:49,307 [pool-107-thread-1] INFO  server.RaftServerConfigKeys (ConfUtils.java:logGet(43)) - raft.server.log.use.memory = false (default)
2019-09-17 11:50:49,307 [pool-107-thread-1] INFO  server.RaftServerConfigKeys (ConfUtils.java:logGet(43)) - raft.server.log.purge.gap = 1000000 (custom)
2019-09-17 11:50:49,307 [pool-107-thread-1] INFO  server.RaftServerConfigKeys (ConfUtils.java:logGet(43)) - raft.server.log.appender.buffer.byte-limit = 33554432 (custom)
2019-09-17 11:50:49,307 [pool-107-thread-1] INFO  server.RaftServerConfigKeys (ConfUtils.java:logGet(43)) - raft.server.log.segment.size.max = 1048576 (custom)
2019-09-17 11:50:49,307 [pool-107-thread-1] INFO  server.RaftServerConfigKeys (ConfUtils.java:logGet(43)) - raft.server.log.segment.cache.num.max = 2 (custom)
2019-09-17 11:50:49,308 [pool-107-thread-1] INFO  segmented.SegmentedRaftLogWorker (SegmentedRaftLogWorker.java:<init>(172)) - new ee155057-4acb-4f3f-9013-4bd3c5a101b6@group-02999AF38EC1-SegmentedRaftLogWorker for RaftStorage:Storage Directory /tmp/workdir/hadoop-ozone/integration-test/target/test-dir/MiniOzoneClusterImpl-aba007c7-aff0-48a6-9a1c-5b8514ff46fc/datanode-8/data/ratis/2739dc62-c992-4a89-b309-02999af38ec1
2019-09-17 11:50:49,348 [pool-107-thread-1] INFO  server.RaftServerConfigKeys (ConfUtils.java:logGet(43)) - raft.server.log.queue.byte-limit = 2147483647 (custom)
2019-09-17 11:50:49,348 [pool-107-thread-1] INFO  server.RaftServerConfigKeys (ConfUtils.java:logGet(43)) - raft.server.log.queue.element-limit = 1024 (custom)
2019-09-17 11:50:49,348 [pool-107-thread-1] INFO  server.RaftServerConfigKeys (ConfUtils.java:logGet(43)) - raft.server.log.segment.size.max = 1048576 (custom)
2019-09-17 11:50:49,348 [pool-107-thread-1] INFO  server.RaftServerConfigKeys (ConfUtils.java:logGet(43)) - raft.server.log.preallocated.size = 16384 (custom)
2019-09-17 11:50:49,348 [pool-107-thread-1] INFO  server.RaftServerConfigKeys (ConfUtils.java:logGet(43)) - raft.server.log.write.buffer.size = 33554432 (custom)
2019-09-17 11:50:49,349 [pool-107-thread-1] INFO  server.RaftServerConfigKeys (ConfUtils.java:logGet(43)) - raft.server.log.force.sync.num = 128 (default)
2019-09-17 11:50:49,349 [pool-107-thread-1] INFO  server.RaftServerConfigKeys (ConfUtils.java:logGet(43)) - raft.server.log.statemachine.data.sync = true (default)
2019-09-17 11:50:49,349 [pool-107-thread-1] INFO  server.RaftServerConfigKeys (ConfUtils.java:logGet(43)) - raft.server.log.statemachine.data.sync.timeout = 10s (default)
2019-09-17 11:50:49,349 [pool-107-thread-1] INFO  server.RaftServerConfigKeys (ConfUtils.java:logGet(43)) - raft.server.log.statemachine.data.sync.timeout.retry = -1 (default)
2019-09-17 11:50:49,350 [pool-107-thread-1] INFO  server.RaftServerConfigKeys (ConfUtils.java:logGet(43)) - raft.server.log.statemachine.data.caching.enabled = true (custom)
2019-09-17 11:50:49,350 [pool-107-thread-1] INFO  segmented.SegmentedRaftLogWorker (SegmentedRaftLogWorker.java:lambda$new$0(132)) - ee155057-4acb-4f3f-9013-4bd3c5a101b6@group-02999AF38EC1-SegmentedRaftLogWorker: flushIndex: setUnconditionally 0 -> -1
2019-09-17 11:50:49,350 [pool-107-thread-1] INFO  server.RaftServerConfigKeys (ConfUtils.java:logGet(43)) - raft.server.snapshot.auto.trigger.enabled = true (custom)
2019-09-17 11:50:49,351 [pool-107-thread-1] INFO  server.RaftServerConfigKeys (ConfUtils.java:logGet(43)) - raft.server.snapshot.auto.trigger.threshold = 10000 (custom)
2019-09-17 11:50:49,351 [pool-107-thread-1] INFO  server.RaftServerConfigKeys (ConfUtils.java:logGet(43)) - raft.server.snapshot.retention.num.files = 5 (custom)
2019-09-17 11:50:49,351 [pool-107-thread-1] INFO  server.RaftServerConfigKeys (ConfUtils.java:logGet(43)) - raft.server.retrycache.expirytime = 600000ms (custom)
2019-09-17 11:50:49,356 [pool-107-thread-1] INFO  impl.RaftServerImpl (RaftServerImpl.java:start(185)) - ee155057-4acb-4f3f-9013-4bd3c5a101b6@group-02999AF38EC1: start as a follower, conf=-1: [ee155057-4acb-4f3f-9013-4bd3c5a101b6:192.168.157.219:41943], old=null
2019-09-17 11:50:49,356 [pool-107-thread-1] INFO  impl.RaftServerImpl (RaftServerImpl.java:setRole(174)) - ee155057-4acb-4f3f-9013-4bd3c5a101b6@group-02999AF38EC1: changes role from      null to FOLLOWER at term 0 for startAsFollower
2019-09-17 11:50:49,356 [pool-107-thread-1] INFO  impl.RoleInfo (RoleInfo.java:updateAndGet(143)) - ee155057-4acb-4f3f-9013-4bd3c5a101b6: start FollowerState
2019-09-17 11:50:49,357 [pool-107-thread-1] INFO  util.JmxRegister (JmxRegister.java:tryRegister(44)) - Successfully registered JMX Bean with object name Ratis:service=RaftServer,group=group-02999AF38EC1,id=ee155057-4acb-4f3f-9013-4bd3c5a101b6
2019-09-17 11:50:49,372 [RatisPipelineUtilsThread] INFO  pipeline.PipelineStateManager (PipelineStateManager.java:addPipeline(56)) - Created pipeline Pipeline[ Id: 2739dc62-c992-4a89-b309-02999af38ec1, Nodes: ee155057-4acb-4f3f-9013-4bd3c5a101b6{ip: 192.168.157.219, host: pr-hdds-2121-5jcdq-2838215776, networkLocation: /default-rack, certSerialId: null}, Type:RATIS, Factor:ONE, State:OPEN]
2019-09-17 11:50:49,399 [grpc-default-executor-0] INFO  impl.RaftServerProxy (RaftServerProxy.java:addNew(89)) - 768e87e1-01a1-4abe-adbb-724fc729cfde: addNew group-67BC833D3E93:[768e87e1-01a1-4abe-adbb-724fc729cfde:192.168.157.219:39557] returns group-67BC833D3E93:java.util.concurrent.CompletableFuture@755d5a58[Not completed]
2019-09-17 11:50:49,405 [pool-37-thread-1] INFO  impl.RaftServerImpl (RaftServerImpl.java:<init>(95)) - 768e87e1-01a1-4abe-adbb-724fc729cfde: new RaftServerImpl for group-67BC833D3E93:[768e87e1-01a1-4abe-adbb-724fc729cfde:192.168.157.219:39557] with ContainerStateMachine:uninitialized
2019-09-17 11:50:49,405 [pool-37-thread-1] INFO  server.RaftServerConfigKeys (ConfUtils.java:logGet(43)) - raft.server.rpc.timeout.min = 1s (custom)
2019-09-17 11:50:49,405 [pool-37-thread-1] INFO  server.RaftServerConfigKeys (ConfUtils.java:logGet(43)) - raft.server.rpc.timeout.max = 1200ms (custom)
2019-09-17 11:50:49,405 [pool-37-thread-1] INFO  server.RaftServerConfigKeys (ConfUtils.java:logGet(43)) - raft.server.rpcslowness.timeout = 120s (custom)
2019-09-17 11:50:49,405 [pool-37-thread-1] INFO  server.RaftServerConfigKeys (ConfUtils.java:logGet(43)) - raft.server.sleep.deviation.threshold = 300 (default)
2019-09-17 11:50:49,405 [pool-37-thread-1] INFO  server.RaftServerConfigKeys (ConfUtils.java:logGet(43)) - raft.server.log.appender.install.snapshot.enabled = false (custom)
2019-09-17 11:50:49,406 [pool-37-thread-1] INFO  impl.RaftServerImpl (ServerState.java:<init>(103)) - 768e87e1-01a1-4abe-adbb-724fc729cfde@group-67BC833D3E93: ConfigurationManager, init=-1: [768e87e1-01a1-4abe-adbb-724fc729cfde:192.168.157.219:39557], old=null, confs=<EMPTY_MAP>
2019-09-17 11:50:49,406 [pool-37-thread-1] INFO  server.RaftServerConfigKeys (ConfUtils.java:logGet(43)) - raft.server.storage.dir = [/tmp/workdir/hadoop-ozone/integration-test/target/test-dir/MiniOzoneClusterImpl-aba007c7-aff0-48a6-9a1c-5b8514ff46fc/datanode-1/data/ratis] (custom)
2019-09-17 11:50:49,406 [pool-37-thread-1] INFO  storage.RaftStorageDirectory (RaftStorageDirectory.java:analyzeStorage(246)) - The storage directory /tmp/workdir/hadoop-ozone/integration-test/target/test-dir/MiniOzoneClusterImpl-aba007c7-aff0-48a6-9a1c-5b8514ff46fc/datanode-1/data/ratis/837a3403-eaa9-423d-aeef-67bc833d3e93 does not exist. Creating ...
2019-09-17 11:50:49,420 [pool-37-thread-1] INFO  storage.RaftStorageDirectory (RaftStorageDirectory.java:tryLock(328)) - Lock on /tmp/workdir/hadoop-ozone/integration-test/target/test-dir/MiniOzoneClusterImpl-aba007c7-aff0-48a6-9a1c-5b8514ff46fc/datanode-1/data/ratis/837a3403-eaa9-423d-aeef-67bc833d3e93/in_use.lock acquired by nodename 16462@pr-hdds-2121-5jcdq-2838215776
2019-09-17 11:50:49,449 [pool-37-thread-1] INFO  storage.RaftStorage (RaftStorage.java:format(72)) - Storage directory /tmp/workdir/hadoop-ozone/integration-test/target/test-dir/MiniOzoneClusterImpl-aba007c7-aff0-48a6-9a1c-5b8514ff46fc/datanode-1/data/ratis/837a3403-eaa9-423d-aeef-67bc833d3e93 has been successfully formatted.
2019-09-17 11:50:49,449 [pool-37-thread-1] INFO  ratis.ContainerStateMachine (ContainerStateMachine.java:loadSnapshot(230)) - group-67BC833D3E93: The snapshot info is null. Setting the last applied indexto:(t:0, i:~)
2019-09-17 11:50:49,450 [pool-37-thread-1] INFO  server.RaftServerConfigKeys (ConfUtils.java:logGet(43)) - raft.server.notification.no-leader.timeout = 120s (custom)
2019-09-17 11:50:49,450 [pool-37-thread-1] INFO  server.RaftServerConfigKeys (ConfUtils.java:logGet(43)) - raft.server.log.use.memory = false (default)
2019-09-17 11:50:49,450 [pool-37-thread-1] INFO  server.RaftServerConfigKeys (ConfUtils.java:logGet(43)) - raft.server.log.purge.gap = 1000000 (custom)
2019-09-17 11:50:49,450 [pool-37-thread-1] INFO  server.RaftServerConfigKeys (ConfUtils.java:logGet(43)) - raft.server.log.appender.buffer.byte-limit = 33554432 (custom)
2019-09-17 11:50:49,450 [pool-37-thread-1] INFO  server.RaftServerConfigKeys (ConfUtils.java:logGet(43)) - raft.server.log.segment.size.max = 1048576 (custom)
2019-09-17 11:50:49,451 [pool-37-thread-1] INFO  server.RaftServerConfigKeys (ConfUtils.java:logGet(43)) - raft.server.log.segment.cache.num.max = 2 (custom)
2019-09-17 11:50:49,451 [pool-37-thread-1] INFO  segmented.SegmentedRaftLogWorker (SegmentedRaftLogWorker.java:<init>(172)) - new 768e87e1-01a1-4abe-adbb-724fc729cfde@group-67BC833D3E93-SegmentedRaftLogWorker for RaftStorage:Storage Directory /tmp/workdir/hadoop-ozone/integration-test/target/test-dir/MiniOzoneClusterImpl-aba007c7-aff0-48a6-9a1c-5b8514ff46fc/datanode-1/data/ratis/837a3403-eaa9-423d-aeef-67bc833d3e93
2019-09-17 11:50:49,456 [pool-37-thread-1] INFO  server.RaftServerConfigKeys (ConfUtils.java:logGet(43)) - raft.server.log.queue.byte-limit = 2147483647 (custom)
2019-09-17 11:50:49,456 [pool-37-thread-1] INFO  server.RaftServerConfigKeys (ConfUtils.java:logGet(43)) - raft.server.log.queue.element-limit = 1024 (custom)
2019-09-17 11:50:49,457 [pool-37-thread-1] INFO  server.RaftServerConfigKeys (ConfUtils.java:logGet(43)) - raft.server.log.segment.size.max = 1048576 (custom)
2019-09-17 11:50:49,457 [pool-37-thread-1] INFO  server.RaftServerConfigKeys (ConfUtils.java:logGet(43)) - raft.server.log.preallocated.size = 16384 (custom)
2019-09-17 11:50:49,457 [pool-37-thread-1] INFO  server.RaftServerConfigKeys (ConfUtils.java:logGet(43)) - raft.server.log.write.buffer.size = 33554432 (custom)
2019-09-17 11:50:49,457 [pool-37-thread-1] INFO  server.RaftServerConfigKeys (ConfUtils.java:logGet(43)) - raft.server.log.force.sync.num = 128 (default)
2019-09-17 11:50:49,457 [pool-37-thread-1] INFO  server.RaftServerConfigKeys (ConfUtils.java:logGet(43)) - raft.server.log.statemachine.data.sync = true (default)
2019-09-17 11:50:49,457 [pool-37-thread-1] INFO  server.RaftServerConfigKeys (ConfUtils.java:logGet(43)) - raft.server.log.statemachine.data.sync.timeout = 10s (default)
2019-09-17 11:50:49,458 [pool-37-thread-1] INFO  server.RaftServerConfigKeys (ConfUtils.java:logGet(43)) - raft.server.log.statemachine.data.sync.timeout.retry = -1 (default)
2019-09-17 11:50:49,458 [pool-37-thread-1] INFO  server.RaftServerConfigKeys (ConfUtils.java:logGet(43)) - raft.server.log.statemachine.data.caching.enabled = true (custom)
2019-09-17 11:50:49,458 [pool-37-thread-1] INFO  segmented.SegmentedRaftLogWorker (SegmentedRaftLogWorker.java:lambda$new$0(132)) - 768e87e1-01a1-4abe-adbb-724fc729cfde@group-67BC833D3E93-SegmentedRaftLogWorker: flushIndex: setUnconditionally 0 -> -1
2019-09-17 11:50:49,459 [pool-37-thread-1] INFO  server.RaftServerConfigKeys (ConfUtils.java:logGet(43)) - raft.server.snapshot.auto.trigger.enabled = true (custom)
2019-09-17 11:50:49,459 [pool-37-thread-1] INFO  server.RaftServerConfigKeys (ConfUtils.java:logGet(43)) - raft.server.snapshot.auto.trigger.threshold = 10000 (custom)
2019-09-17 11:50:49,459 [pool-37-thread-1] INFO  server.RaftServerConfigKeys (ConfUtils.java:logGet(43)) - raft.server.snapshot.retention.num.files = 5 (custom)
2019-09-17 11:50:49,459 [pool-37-thread-1] INFO  server.RaftServerConfigKeys (ConfUtils.java:logGet(43)) - raft.server.retrycache.expirytime = 600000ms (custom)
2019-09-17 11:50:49,469 [pool-37-thread-1] INFO  impl.RaftServerImpl (RaftServerImpl.java:start(185)) - 768e87e1-01a1-4abe-adbb-724fc729cfde@group-67BC833D3E93: start as a follower, conf=-1: [768e87e1-01a1-4abe-adbb-724fc729cfde:192.168.157.219:39557], old=null
2019-09-17 11:50:49,469 [pool-37-thread-1] INFO  impl.RaftServerImpl (RaftServerImpl.java:setRole(174)) - 768e87e1-01a1-4abe-adbb-724fc729cfde@group-67BC833D3E93: changes role from      null to FOLLOWER at term 0 for startAsFollower
2019-09-17 11:50:49,469 [pool-37-thread-1] INFO  impl.RoleInfo (RoleInfo.java:updateAndGet(143)) - 768e87e1-01a1-4abe-adbb-724fc729cfde: start FollowerState
2019-09-17 11:50:49,470 [pool-37-thread-1] INFO  util.JmxRegister (JmxRegister.java:tryRegister(44)) - Successfully registered JMX Bean with object name Ratis:service=RaftServer,group=group-67BC833D3E93,id=768e87e1-01a1-4abe-adbb-724fc729cfde
2019-09-17 11:50:49,492 [RatisPipelineUtilsThread] INFO  pipeline.PipelineStateManager (PipelineStateManager.java:addPipeline(56)) - Created pipeline Pipeline[ Id: 837a3403-eaa9-423d-aeef-67bc833d3e93, Nodes: 768e87e1-01a1-4abe-adbb-724fc729cfde{ip: 192.168.157.219, host: pr-hdds-2121-5jcdq-2838215776, networkLocation: /default-rack, certSerialId: null}, Type:RATIS, Factor:ONE, State:OPEN]
2019-09-17 11:50:49,508 [grpc-default-executor-0] INFO  impl.RaftServerProxy (RaftServerProxy.java:addNew(89)) - 0efbdbeb-0caf-4be4-a340-f9adf92e227b: addNew group-3D766A1D961A:[0efbdbeb-0caf-4be4-a340-f9adf92e227b:192.168.157.219:42903] returns group-3D766A1D961A:java.util.concurrent.CompletableFuture@5493052e[Not completed]
2019-09-17 11:50:49,513 [pool-97-thread-1] INFO  impl.RaftServerImpl (RaftServerImpl.java:<init>(95)) - 0efbdbeb-0caf-4be4-a340-f9adf92e227b: new RaftServerImpl for group-3D766A1D961A:[0efbdbeb-0caf-4be4-a340-f9adf92e227b:192.168.157.219:42903] with ContainerStateMachine:uninitialized
2019-09-17 11:50:49,514 [pool-97-thread-1] INFO  server.RaftServerConfigKeys (ConfUtils.java:logGet(43)) - raft.server.rpc.timeout.min = 1s (custom)
2019-09-17 11:50:49,514 [pool-97-thread-1] INFO  server.RaftServerConfigKeys (ConfUtils.java:logGet(43)) - raft.server.rpc.timeout.max = 1200ms (custom)
2019-09-17 11:50:49,514 [pool-97-thread-1] INFO  server.RaftServerConfigKeys (ConfUtils.java:logGet(43)) - raft.server.rpcslowness.timeout = 120s (custom)
2019-09-17 11:50:49,514 [pool-97-thread-1] INFO  server.RaftServerConfigKeys (ConfUtils.java:logGet(43)) - raft.server.sleep.deviation.threshold = 300 (default)
2019-09-17 11:50:49,514 [pool-97-thread-1] INFO  server.RaftServerConfigKeys (ConfUtils.java:logGet(43)) - raft.server.log.appender.install.snapshot.enabled = false (custom)
2019-09-17 11:50:49,514 [pool-97-thread-1] INFO  impl.RaftServerImpl (ServerState.java:<init>(103)) - 0efbdbeb-0caf-4be4-a340-f9adf92e227b@group-3D766A1D961A: ConfigurationManager, init=-1: [0efbdbeb-0caf-4be4-a340-f9adf92e227b:192.168.157.219:42903], old=null, confs=<EMPTY_MAP>
2019-09-17 11:50:49,515 [pool-97-thread-1] INFO  server.RaftServerConfigKeys (ConfUtils.java:logGet(43)) - raft.server.storage.dir = [/tmp/workdir/hadoop-ozone/integration-test/target/test-dir/MiniOzoneClusterImpl-aba007c7-aff0-48a6-9a1c-5b8514ff46fc/datanode-7/data/ratis] (custom)
2019-09-17 11:50:49,515 [pool-97-thread-1] INFO  storage.RaftStorageDirectory (RaftStorageDirectory.java:analyzeStorage(246)) - The storage directory /tmp/workdir/hadoop-ozone/integration-test/target/test-dir/MiniOzoneClusterImpl-aba007c7-aff0-48a6-9a1c-5b8514ff46fc/datanode-7/data/ratis/0bd9a720-569e-4b47-b4b2-3d766a1d961a does not exist. Creating ...
2019-09-17 11:50:49,528 [pool-97-thread-1] INFO  storage.RaftStorageDirectory (RaftStorageDirectory.java:tryLock(328)) - Lock on /tmp/workdir/hadoop-ozone/integration-test/target/test-dir/MiniOzoneClusterImpl-aba007c7-aff0-48a6-9a1c-5b8514ff46fc/datanode-7/data/ratis/0bd9a720-569e-4b47-b4b2-3d766a1d961a/in_use.lock acquired by nodename 16462@pr-hdds-2121-5jcdq-2838215776
2019-09-17 11:50:49,541 [pool-97-thread-1] INFO  storage.RaftStorage (RaftStorage.java:format(72)) - Storage directory /tmp/workdir/hadoop-ozone/integration-test/target/test-dir/MiniOzoneClusterImpl-aba007c7-aff0-48a6-9a1c-5b8514ff46fc/datanode-7/data/ratis/0bd9a720-569e-4b47-b4b2-3d766a1d961a has been successfully formatted.
2019-09-17 11:50:49,542 [pool-97-thread-1] INFO  ratis.ContainerStateMachine (ContainerStateMachine.java:loadSnapshot(230)) - group-3D766A1D961A: The snapshot info is null. Setting the last applied indexto:(t:0, i:~)
2019-09-17 11:50:49,542 [pool-97-thread-1] INFO  server.RaftServerConfigKeys (ConfUtils.java:logGet(43)) - raft.server.notification.no-leader.timeout = 120s (custom)
2019-09-17 11:50:49,542 [pool-97-thread-1] INFO  server.RaftServerConfigKeys (ConfUtils.java:logGet(43)) - raft.server.log.use.memory = false (default)
2019-09-17 11:50:49,542 [pool-97-thread-1] INFO  server.RaftServerConfigKeys (ConfUtils.java:logGet(43)) - raft.server.log.purge.gap = 1000000 (custom)
2019-09-17 11:50:49,542 [pool-97-thread-1] INFO  server.RaftServerConfigKeys (ConfUtils.java:logGet(43)) - raft.server.log.appender.buffer.byte-limit = 33554432 (custom)
2019-09-17 11:50:49,543 [pool-97-thread-1] INFO  server.RaftServerConfigKeys (ConfUtils.java:logGet(43)) - raft.server.log.segment.size.max = 1048576 (custom)
2019-09-17 11:50:49,543 [pool-97-thread-1] INFO  server.RaftServerConfigKeys (ConfUtils.java:logGet(43)) - raft.server.log.segment.cache.num.max = 2 (custom)
2019-09-17 11:50:49,543 [pool-97-thread-1] INFO  segmented.SegmentedRaftLogWorker (SegmentedRaftLogWorker.java:<init>(172)) - new 0efbdbeb-0caf-4be4-a340-f9adf92e227b@group-3D766A1D961A-SegmentedRaftLogWorker for RaftStorage:Storage Directory /tmp/workdir/hadoop-ozone/integration-test/target/test-dir/MiniOzoneClusterImpl-aba007c7-aff0-48a6-9a1c-5b8514ff46fc/datanode-7/data/ratis/0bd9a720-569e-4b47-b4b2-3d766a1d961a
2019-09-17 11:50:49,548 [pool-97-thread-1] INFO  server.RaftServerConfigKeys (ConfUtils.java:logGet(43)) - raft.server.log.queue.byte-limit = 2147483647 (custom)
2019-09-17 11:50:49,548 [pool-97-thread-1] INFO  server.RaftServerConfigKeys (ConfUtils.java:logGet(43)) - raft.server.log.queue.element-limit = 1024 (custom)
2019-09-17 11:50:49,549 [pool-97-thread-1] INFO  server.RaftServerConfigKeys (ConfUtils.java:logGet(43)) - raft.server.log.segment.size.max = 1048576 (custom)
2019-09-17 11:50:49,549 [pool-97-thread-1] INFO  server.RaftServerConfigKeys (ConfUtils.java:logGet(43)) - raft.server.log.preallocated.size = 16384 (custom)
2019-09-17 11:50:49,549 [pool-97-thread-1] INFO  server.RaftServerConfigKeys (ConfUtils.java:logGet(43)) - raft.server.log.write.buffer.size = 33554432 (custom)
2019-09-17 11:50:49,549 [pool-97-thread-1] INFO  server.RaftServerConfigKeys (ConfUtils.java:logGet(43)) - raft.server.log.force.sync.num = 128 (default)
2019-09-17 11:50:49,549 [pool-97-thread-1] INFO  server.RaftServerConfigKeys (ConfUtils.java:logGet(43)) - raft.server.log.statemachine.data.sync = true (default)
2019-09-17 11:50:49,550 [pool-97-thread-1] INFO  server.RaftServerConfigKeys (ConfUtils.java:logGet(43)) - raft.server.log.statemachine.data.sync.timeout = 10s (default)
2019-09-17 11:50:49,550 [pool-97-thread-1] INFO  server.RaftServerConfigKeys (ConfUtils.java:logGet(43)) - raft.server.log.statemachine.data.sync.timeout.retry = -1 (default)
2019-09-17 11:50:49,550 [pool-97-thread-1] INFO  server.RaftServerConfigKeys (ConfUtils.java:logGet(43)) - raft.server.log.statemachine.data.caching.enabled = true (custom)
2019-09-17 11:50:49,551 [pool-97-thread-1] INFO  segmented.SegmentedRaftLogWorker (SegmentedRaftLogWorker.java:lambda$new$0(132)) - 0efbdbeb-0caf-4be4-a340-f9adf92e227b@group-3D766A1D961A-SegmentedRaftLogWorker: flushIndex: setUnconditionally 0 -> -1
2019-09-17 11:50:49,551 [pool-97-thread-1] INFO  server.RaftServerConfigKeys (ConfUtils.java:logGet(43)) - raft.server.snapshot.auto.trigger.enabled = true (custom)
2019-09-17 11:50:49,551 [pool-97-thread-1] INFO  server.RaftServerConfigKeys (ConfUtils.java:logGet(43)) - raft.server.snapshot.auto.trigger.threshold = 10000 (custom)
2019-09-17 11:50:49,552 [pool-97-thread-1] INFO  server.RaftServerConfigKeys (ConfUtils.java:logGet(43)) - raft.server.snapshot.retention.num.files = 5 (custom)
2019-09-17 11:50:49,552 [pool-97-thread-1] INFO  server.RaftServerConfigKeys (ConfUtils.java:logGet(43)) - raft.server.retrycache.expirytime = 600000ms (custom)
2019-09-17 11:50:49,557 [pool-97-thread-1] INFO  impl.RaftServerImpl (RaftServerImpl.java:start(185)) - 0efbdbeb-0caf-4be4-a340-f9adf92e227b@group-3D766A1D961A: start as a follower, conf=-1: [0efbdbeb-0caf-4be4-a340-f9adf92e227b:192.168.157.219:42903], old=null
2019-09-17 11:50:49,557 [pool-97-thread-1] INFO  impl.RaftServerImpl (RaftServerImpl.java:setRole(174)) - 0efbdbeb-0caf-4be4-a340-f9adf92e227b@group-3D766A1D961A: changes role from      null to FOLLOWER at term 0 for startAsFollower
2019-09-17 11:50:49,557 [pool-97-thread-1] INFO  impl.RoleInfo (RoleInfo.java:updateAndGet(143)) - 0efbdbeb-0caf-4be4-a340-f9adf92e227b: start FollowerState
2019-09-17 11:50:49,557 [pool-97-thread-1] INFO  util.JmxRegister (JmxRegister.java:tryRegister(44)) - Successfully registered JMX Bean with object name Ratis:service=RaftServer,group=group-3D766A1D961A,id=0efbdbeb-0caf-4be4-a340-f9adf92e227b
2019-09-17 11:50:49,571 [RatisPipelineUtilsThread] INFO  pipeline.PipelineStateManager (PipelineStateManager.java:addPipeline(56)) - Created pipeline Pipeline[ Id: 0bd9a720-569e-4b47-b4b2-3d766a1d961a, Nodes: 0efbdbeb-0caf-4be4-a340-f9adf92e227b{ip: 192.168.157.219, host: pr-hdds-2121-5jcdq-2838215776, networkLocation: /default-rack, certSerialId: null}, Type:RATIS, Factor:ONE, State:OPEN]
2019-09-17 11:50:49,588 [grpc-default-executor-0] INFO  impl.RaftServerProxy (RaftServerProxy.java:addNew(89)) - db5c95e9-dab2-4d3b-9775-2e3d4de03f2d: addNew group-E134F790951C:[db5c95e9-dab2-4d3b-9775-2e3d4de03f2d:192.168.157.219:43472] returns group-E134F790951C:java.util.concurrent.CompletableFuture@28517301[Not completed]
2019-09-17 11:50:49,593 [pool-57-thread-1] INFO  impl.RaftServerImpl (RaftServerImpl.java:<init>(95)) - db5c95e9-dab2-4d3b-9775-2e3d4de03f2d: new RaftServerImpl for group-E134F790951C:[db5c95e9-dab2-4d3b-9775-2e3d4de03f2d:192.168.157.219:43472] with ContainerStateMachine:uninitialized
2019-09-17 11:50:49,593 [pool-57-thread-1] INFO  server.RaftServerConfigKeys (ConfUtils.java:logGet(43)) - raft.server.rpc.timeout.min = 1s (custom)
2019-09-17 11:50:49,594 [pool-57-thread-1] INFO  server.RaftServerConfigKeys (ConfUtils.java:logGet(43)) - raft.server.rpc.timeout.max = 1200ms (custom)
2019-09-17 11:50:49,594 [pool-57-thread-1] INFO  server.RaftServerConfigKeys (ConfUtils.java:logGet(43)) - raft.server.rpcslowness.timeout = 120s (custom)
2019-09-17 11:50:49,594 [pool-57-thread-1] INFO  server.RaftServerConfigKeys (ConfUtils.java:logGet(43)) - raft.server.sleep.deviation.threshold = 300 (default)
2019-09-17 11:50:49,594 [pool-57-thread-1] INFO  server.RaftServerConfigKeys (ConfUtils.java:logGet(43)) - raft.server.log.appender.install.snapshot.enabled = false (custom)
2019-09-17 11:50:49,594 [pool-57-thread-1] INFO  impl.RaftServerImpl (ServerState.java:<init>(103)) - db5c95e9-dab2-4d3b-9775-2e3d4de03f2d@group-E134F790951C: ConfigurationManager, init=-1: [db5c95e9-dab2-4d3b-9775-2e3d4de03f2d:192.168.157.219:43472], old=null, confs=<EMPTY_MAP>
2019-09-17 11:50:49,594 [pool-57-thread-1] INFO  server.RaftServerConfigKeys (ConfUtils.java:logGet(43)) - raft.server.storage.dir = [/tmp/workdir/hadoop-ozone/integration-test/target/test-dir/MiniOzoneClusterImpl-aba007c7-aff0-48a6-9a1c-5b8514ff46fc/datanode-3/data/ratis] (custom)
2019-09-17 11:50:49,595 [pool-57-thread-1] INFO  storage.RaftStorageDirectory (RaftStorageDirectory.java:analyzeStorage(246)) - The storage directory /tmp/workdir/hadoop-ozone/integration-test/target/test-dir/MiniOzoneClusterImpl-aba007c7-aff0-48a6-9a1c-5b8514ff46fc/datanode-3/data/ratis/7f1da69f-acfe-4042-8bb2-e134f790951c does not exist. Creating ...
2019-09-17 11:50:49,607 [pool-57-thread-1] INFO  storage.RaftStorageDirectory (RaftStorageDirectory.java:tryLock(328)) - Lock on /tmp/workdir/hadoop-ozone/integration-test/target/test-dir/MiniOzoneClusterImpl-aba007c7-aff0-48a6-9a1c-5b8514ff46fc/datanode-3/data/ratis/7f1da69f-acfe-4042-8bb2-e134f790951c/in_use.lock acquired by nodename 16462@pr-hdds-2121-5jcdq-2838215776
2019-09-17 11:50:49,620 [pool-57-thread-1] INFO  storage.RaftStorage (RaftStorage.java:format(72)) - Storage directory /tmp/workdir/hadoop-ozone/integration-test/target/test-dir/MiniOzoneClusterImpl-aba007c7-aff0-48a6-9a1c-5b8514ff46fc/datanode-3/data/ratis/7f1da69f-acfe-4042-8bb2-e134f790951c has been successfully formatted.
2019-09-17 11:50:49,621 [pool-57-thread-1] INFO  ratis.ContainerStateMachine (ContainerStateMachine.java:loadSnapshot(230)) - group-E134F790951C: The snapshot info is null. Setting the last applied indexto:(t:0, i:~)
2019-09-17 11:50:49,621 [pool-57-thread-1] INFO  server.RaftServerConfigKeys (ConfUtils.java:logGet(43)) - raft.server.notification.no-leader.timeout = 120s (custom)
2019-09-17 11:50:49,621 [pool-57-thread-1] INFO  server.RaftServerConfigKeys (ConfUtils.java:logGet(43)) - raft.server.log.use.memory = false (default)
2019-09-17 11:50:49,621 [pool-57-thread-1] INFO  server.RaftServerConfigKeys (ConfUtils.java:logGet(43)) - raft.server.log.purge.gap = 1000000 (custom)
2019-09-17 11:50:49,621 [pool-57-thread-1] INFO  server.RaftServerConfigKeys (ConfUtils.java:logGet(43)) - raft.server.log.appender.buffer.byte-limit = 33554432 (custom)
2019-09-17 11:50:49,621 [pool-57-thread-1] INFO  server.RaftServerConfigKeys (ConfUtils.java:logGet(43)) - raft.server.log.segment.size.max = 1048576 (custom)
2019-09-17 11:50:49,621 [pool-57-thread-1] INFO  server.RaftServerConfigKeys (ConfUtils.java:logGet(43)) - raft.server.log.segment.cache.num.max = 2 (custom)
2019-09-17 11:50:49,621 [pool-57-thread-1] INFO  segmented.SegmentedRaftLogWorker (SegmentedRaftLogWorker.java:<init>(172)) - new db5c95e9-dab2-4d3b-9775-2e3d4de03f2d@group-E134F790951C-SegmentedRaftLogWorker for RaftStorage:Storage Directory /tmp/workdir/hadoop-ozone/integration-test/target/test-dir/MiniOzoneClusterImpl-aba007c7-aff0-48a6-9a1c-5b8514ff46fc/datanode-3/data/ratis/7f1da69f-acfe-4042-8bb2-e134f790951c
2019-09-17 11:50:49,624 [pool-57-thread-1] INFO  server.RaftServerConfigKeys (ConfUtils.java:logGet(43)) - raft.server.log.queue.byte-limit = 2147483647 (custom)
2019-09-17 11:50:49,624 [pool-57-thread-1] INFO  server.RaftServerConfigKeys (ConfUtils.java:logGet(43)) - raft.server.log.queue.element-limit = 1024 (custom)
2019-09-17 11:50:49,625 [pool-57-thread-1] INFO  server.RaftServerConfigKeys (ConfUtils.java:logGet(43)) - raft.server.log.segment.size.max = 1048576 (custom)
2019-09-17 11:50:49,625 [pool-57-thread-1] INFO  server.RaftServerConfigKeys (ConfUtils.java:logGet(43)) - raft.server.log.preallocated.size = 16384 (custom)
2019-09-17 11:50:49,625 [pool-57-thread-1] INFO  server.RaftServerConfigKeys (ConfUtils.java:logGet(43)) - raft.server.log.write.buffer.size = 33554432 (custom)
2019-09-17 11:50:49,625 [pool-57-thread-1] INFO  server.RaftServerConfigKeys (ConfUtils.java:logGet(43)) - raft.server.log.force.sync.num = 128 (default)
2019-09-17 11:50:49,625 [pool-57-thread-1] INFO  server.RaftServerConfigKeys (ConfUtils.java:logGet(43)) - raft.server.log.statemachine.data.sync = true (default)
2019-09-17 11:50:49,625 [pool-57-thread-1] INFO  server.RaftServerConfigKeys (ConfUtils.java:logGet(43)) - raft.server.log.statemachine.data.sync.timeout = 10s (default)
2019-09-17 11:50:49,625 [pool-57-thread-1] INFO  server.RaftServerConfigKeys (ConfUtils.java:logGet(43)) - raft.server.log.statemachine.data.sync.timeout.retry = -1 (default)
2019-09-17 11:50:49,626 [pool-57-thread-1] INFO  server.RaftServerConfigKeys (ConfUtils.java:logGet(43)) - raft.server.log.statemachine.data.caching.enabled = true (custom)
2019-09-17 11:50:49,626 [pool-57-thread-1] INFO  segmented.SegmentedRaftLogWorker (SegmentedRaftLogWorker.java:lambda$new$0(132)) - db5c95e9-dab2-4d3b-9775-2e3d4de03f2d@group-E134F790951C-SegmentedRaftLogWorker: flushIndex: setUnconditionally 0 -> -1
2019-09-17 11:50:49,626 [pool-57-thread-1] INFO  server.RaftServerConfigKeys (ConfUtils.java:logGet(43)) - raft.server.snapshot.auto.trigger.enabled = true (custom)
2019-09-17 11:50:49,626 [pool-57-thread-1] INFO  server.RaftServerConfigKeys (ConfUtils.java:logGet(43)) - raft.server.snapshot.auto.trigger.threshold = 10000 (custom)
2019-09-17 11:50:49,626 [pool-57-thread-1] INFO  server.RaftServerConfigKeys (ConfUtils.java:logGet(43)) - raft.server.snapshot.retention.num.files = 5 (custom)
2019-09-17 11:50:49,626 [pool-57-thread-1] INFO  server.RaftServerConfigKeys (ConfUtils.java:logGet(43)) - raft.server.retrycache.expirytime = 600000ms (custom)
2019-09-17 11:50:49,629 [pool-57-thread-1] INFO  impl.RaftServerImpl (RaftServerImpl.java:start(185)) - db5c95e9-dab2-4d3b-9775-2e3d4de03f2d@group-E134F790951C: start as a follower, conf=-1: [db5c95e9-dab2-4d3b-9775-2e3d4de03f2d:192.168.157.219:43472], old=null
2019-09-17 11:50:49,629 [pool-57-thread-1] INFO  impl.RaftServerImpl (RaftServerImpl.java:setRole(174)) - db5c95e9-dab2-4d3b-9775-2e3d4de03f2d@group-E134F790951C: changes role from      null to FOLLOWER at term 0 for startAsFollower
2019-09-17 11:50:49,630 [pool-57-thread-1] INFO  impl.RoleInfo (RoleInfo.java:updateAndGet(143)) - db5c95e9-dab2-4d3b-9775-2e3d4de03f2d: start FollowerState
2019-09-17 11:50:49,630 [pool-57-thread-1] INFO  util.JmxRegister (JmxRegister.java:tryRegister(44)) - Successfully registered JMX Bean with object name Ratis:service=RaftServer,group=group-E134F790951C,id=db5c95e9-dab2-4d3b-9775-2e3d4de03f2d
2019-09-17 11:50:49,642 [RatisPipelineUtilsThread] INFO  pipeline.PipelineStateManager (PipelineStateManager.java:addPipeline(56)) - Created pipeline Pipeline[ Id: 7f1da69f-acfe-4042-8bb2-e134f790951c, Nodes: db5c95e9-dab2-4d3b-9775-2e3d4de03f2d{ip: 192.168.157.219, host: pr-hdds-2121-5jcdq-2838215776, networkLocation: /default-rack, certSerialId: null}, Type:RATIS, Factor:ONE, State:OPEN]
2019-09-17 11:50:49,659 [grpc-default-executor-0] INFO  impl.RaftServerProxy (RaftServerProxy.java:addNew(89)) - ab50ed4d-57db-4f38-bd59-74c03932909c: addNew group-B51DFDD2EAB9:[ab50ed4d-57db-4f38-bd59-74c03932909c:192.168.157.219:36833] returns group-B51DFDD2EAB9:java.util.concurrent.CompletableFuture@6d4b9a1e[Not completed]
2019-09-17 11:50:49,665 [pool-117-thread-1] INFO  impl.RaftServerImpl (RaftServerImpl.java:<init>(95)) - ab50ed4d-57db-4f38-bd59-74c03932909c: new RaftServerImpl for group-B51DFDD2EAB9:[ab50ed4d-57db-4f38-bd59-74c03932909c:192.168.157.219:36833] with ContainerStateMachine:uninitialized
2019-09-17 11:50:49,665 [pool-117-thread-1] INFO  server.RaftServerConfigKeys (ConfUtils.java:logGet(43)) - raft.server.rpc.timeout.min = 1s (custom)
2019-09-17 11:50:49,665 [pool-117-thread-1] INFO  server.RaftServerConfigKeys (ConfUtils.java:logGet(43)) - raft.server.rpc.timeout.max = 1200ms (custom)
2019-09-17 11:50:49,665 [pool-117-thread-1] INFO  server.RaftServerConfigKeys (ConfUtils.java:logGet(43)) - raft.server.rpcslowness.timeout = 120s (custom)
2019-09-17 11:50:49,666 [pool-117-thread-1] INFO  server.RaftServerConfigKeys (ConfUtils.java:logGet(43)) - raft.server.sleep.deviation.threshold = 300 (default)
2019-09-17 11:50:49,666 [pool-117-thread-1] INFO  server.RaftServerConfigKeys (ConfUtils.java:logGet(43)) - raft.server.log.appender.install.snapshot.enabled = false (custom)
2019-09-17 11:50:49,666 [pool-117-thread-1] INFO  impl.RaftServerImpl (ServerState.java:<init>(103)) - ab50ed4d-57db-4f38-bd59-74c03932909c@group-B51DFDD2EAB9: ConfigurationManager, init=-1: [ab50ed4d-57db-4f38-bd59-74c03932909c:192.168.157.219:36833], old=null, confs=<EMPTY_MAP>
2019-09-17 11:50:49,666 [pool-117-thread-1] INFO  server.RaftServerConfigKeys (ConfUtils.java:logGet(43)) - raft.server.storage.dir = [/tmp/workdir/hadoop-ozone/integration-test/target/test-dir/MiniOzoneClusterImpl-aba007c7-aff0-48a6-9a1c-5b8514ff46fc/datanode-9/data/ratis] (custom)
2019-09-17 11:50:49,667 [pool-117-thread-1] INFO  storage.RaftStorageDirectory (RaftStorageDirectory.java:analyzeStorage(246)) - The storage directory /tmp/workdir/hadoop-ozone/integration-test/target/test-dir/MiniOzoneClusterImpl-aba007c7-aff0-48a6-9a1c-5b8514ff46fc/datanode-9/data/ratis/d6155024-71c3-4ed1-a58d-b51dfdd2eab9 does not exist. Creating ...
2019-09-17 11:50:49,685 [pool-117-thread-1] INFO  storage.RaftStorageDirectory (RaftStorageDirectory.java:tryLock(328)) - Lock on /tmp/workdir/hadoop-ozone/integration-test/target/test-dir/MiniOzoneClusterImpl-aba007c7-aff0-48a6-9a1c-5b8514ff46fc/datanode-9/data/ratis/d6155024-71c3-4ed1-a58d-b51dfdd2eab9/in_use.lock acquired by nodename 16462@pr-hdds-2121-5jcdq-2838215776
2019-09-17 11:50:49,698 [pool-117-thread-1] INFO  storage.RaftStorage (RaftStorage.java:format(72)) - Storage directory /tmp/workdir/hadoop-ozone/integration-test/target/test-dir/MiniOzoneClusterImpl-aba007c7-aff0-48a6-9a1c-5b8514ff46fc/datanode-9/data/ratis/d6155024-71c3-4ed1-a58d-b51dfdd2eab9 has been successfully formatted.
2019-09-17 11:50:49,698 [pool-117-thread-1] INFO  ratis.ContainerStateMachine (ContainerStateMachine.java:loadSnapshot(230)) - group-B51DFDD2EAB9: The snapshot info is null. Setting the last applied indexto:(t:0, i:~)
2019-09-17 11:50:49,698 [pool-117-thread-1] INFO  server.RaftServerConfigKeys (ConfUtils.java:logGet(43)) - raft.server.notification.no-leader.timeout = 120s (custom)
2019-09-17 11:50:49,699 [pool-117-thread-1] INFO  server.RaftServerConfigKeys (ConfUtils.java:logGet(43)) - raft.server.log.use.memory = false (default)
2019-09-17 11:50:49,699 [pool-117-thread-1] INFO  server.RaftServerConfigKeys (ConfUtils.java:logGet(43)) - raft.server.log.purge.gap = 1000000 (custom)
2019-09-17 11:50:49,699 [pool-117-thread-1] INFO  server.RaftServerConfigKeys (ConfUtils.java:logGet(43)) - raft.server.log.appender.buffer.byte-limit = 33554432 (custom)
2019-09-17 11:50:49,699 [pool-117-thread-1] INFO  server.RaftServerConfigKeys (ConfUtils.java:logGet(43)) - raft.server.log.segment.size.max = 1048576 (custom)
2019-09-17 11:50:49,699 [pool-117-thread-1] INFO  server.RaftServerConfigKeys (ConfUtils.java:logGet(43)) - raft.server.log.segment.cache.num.max = 2 (custom)
2019-09-17 11:50:49,700 [pool-117-thread-1] INFO  segmented.SegmentedRaftLogWorker (SegmentedRaftLogWorker.java:<init>(172)) - new ab50ed4d-57db-4f38-bd59-74c03932909c@group-B51DFDD2EAB9-SegmentedRaftLogWorker for RaftStorage:Storage Directory /tmp/workdir/hadoop-ozone/integration-test/target/test-dir/MiniOzoneClusterImpl-aba007c7-aff0-48a6-9a1c-5b8514ff46fc/datanode-9/data/ratis/d6155024-71c3-4ed1-a58d-b51dfdd2eab9
2019-09-17 11:50:49,703 [pool-117-thread-1] INFO  server.RaftServerConfigKeys (ConfUtils.java:logGet(43)) - raft.server.log.queue.byte-limit = 2147483647 (custom)
2019-09-17 11:50:49,703 [pool-117-thread-1] INFO  server.RaftServerConfigKeys (ConfUtils.java:logGet(43)) - raft.server.log.queue.element-limit = 1024 (custom)
2019-09-17 11:50:49,703 [pool-117-thread-1] INFO  server.RaftServerConfigKeys (ConfUtils.java:logGet(43)) - raft.server.log.segment.size.max = 1048576 (custom)
2019-09-17 11:50:49,703 [pool-117-thread-1] INFO  server.RaftServerConfigKeys (ConfUtils.java:logGet(43)) - raft.server.log.preallocated.size = 16384 (custom)
2019-09-17 11:50:49,703 [pool-117-thread-1] INFO  server.RaftServerConfigKeys (ConfUtils.java:logGet(43)) - raft.server.log.write.buffer.size = 33554432 (custom)
2019-09-17 11:50:49,704 [pool-117-thread-1] INFO  server.RaftServerConfigKeys (ConfUtils.java:logGet(43)) - raft.server.log.force.sync.num = 128 (default)
2019-09-17 11:50:49,704 [pool-117-thread-1] INFO  server.RaftServerConfigKeys (ConfUtils.java:logGet(43)) - raft.server.log.statemachine.data.sync = true (default)
2019-09-17 11:50:49,704 [pool-117-thread-1] INFO  server.RaftServerConfigKeys (ConfUtils.java:logGet(43)) - raft.server.log.statemachine.data.sync.timeout = 10s (default)
2019-09-17 11:50:49,704 [pool-117-thread-1] INFO  server.RaftServerConfigKeys (ConfUtils.java:logGet(43)) - raft.server.log.statemachine.data.sync.timeout.retry = -1 (default)
2019-09-17 11:50:49,704 [pool-117-thread-1] INFO  server.RaftServerConfigKeys (ConfUtils.java:logGet(43)) - raft.server.log.statemachine.data.caching.enabled = true (custom)
2019-09-17 11:50:49,705 [pool-117-thread-1] INFO  segmented.SegmentedRaftLogWorker (SegmentedRaftLogWorker.java:lambda$new$0(132)) - ab50ed4d-57db-4f38-bd59-74c03932909c@group-B51DFDD2EAB9-SegmentedRaftLogWorker: flushIndex: setUnconditionally 0 -> -1
2019-09-17 11:50:49,705 [pool-117-thread-1] INFO  server.RaftServerConfigKeys (ConfUtils.java:logGet(43)) - raft.server.snapshot.auto.trigger.enabled = true (custom)
2019-09-17 11:50:49,705 [pool-117-thread-1] INFO  server.RaftServerConfigKeys (ConfUtils.java:logGet(43)) - raft.server.snapshot.auto.trigger.threshold = 10000 (custom)
2019-09-17 11:50:49,705 [pool-117-thread-1] INFO  server.RaftServerConfigKeys (ConfUtils.java:logGet(43)) - raft.server.snapshot.retention.num.files = 5 (custom)
2019-09-17 11:50:49,705 [pool-117-thread-1] INFO  server.RaftServerConfigKeys (ConfUtils.java:logGet(43)) - raft.server.retrycache.expirytime = 600000ms (custom)
2019-09-17 11:50:49,708 [pool-117-thread-1] INFO  impl.RaftServerImpl (RaftServerImpl.java:start(185)) - ab50ed4d-57db-4f38-bd59-74c03932909c@group-B51DFDD2EAB9: start as a follower, conf=-1: [ab50ed4d-57db-4f38-bd59-74c03932909c:192.168.157.219:36833], old=null
2019-09-17 11:50:49,708 [pool-117-thread-1] INFO  impl.RaftServerImpl (RaftServerImpl.java:setRole(174)) - ab50ed4d-57db-4f38-bd59-74c03932909c@group-B51DFDD2EAB9: changes role from      null to FOLLOWER at term 0 for startAsFollower
2019-09-17 11:50:49,709 [pool-117-thread-1] INFO  impl.RoleInfo (RoleInfo.java:updateAndGet(143)) - ab50ed4d-57db-4f38-bd59-74c03932909c: start FollowerState
2019-09-17 11:50:49,709 [pool-117-thread-1] INFO  util.JmxRegister (JmxRegister.java:tryRegister(44)) - Successfully registered JMX Bean with object name Ratis:service=RaftServer,group=group-B51DFDD2EAB9,id=ab50ed4d-57db-4f38-bd59-74c03932909c
2019-09-17 11:50:49,728 [RatisPipelineUtilsThread] INFO  pipeline.PipelineStateManager (PipelineStateManager.java:addPipeline(56)) - Created pipeline Pipeline[ Id: d6155024-71c3-4ed1-a58d-b51dfdd2eab9, Nodes: ab50ed4d-57db-4f38-bd59-74c03932909c{ip: 192.168.157.219, host: pr-hdds-2121-5jcdq-2838215776, networkLocation: /default-rack, certSerialId: null}, Type:RATIS, Factor:ONE, State:OPEN]
2019-09-17 11:50:49,746 [grpc-default-executor-0] INFO  impl.RaftServerProxy (RaftServerProxy.java:addNew(89)) - 166adff3-52d0-4f60-8e58-0e12ed96f4bf: addNew group-F2C098E7CD98:[166adff3-52d0-4f60-8e58-0e12ed96f4bf:192.168.157.219:39836] returns group-F2C098E7CD98:java.util.concurrent.CompletableFuture@5cbbdd[Not completed]
2019-09-17 11:50:49,751 [pool-87-thread-1] INFO  impl.RaftServerImpl (RaftServerImpl.java:<init>(95)) - 166adff3-52d0-4f60-8e58-0e12ed96f4bf: new RaftServerImpl for group-F2C098E7CD98:[166adff3-52d0-4f60-8e58-0e12ed96f4bf:192.168.157.219:39836] with ContainerStateMachine:uninitialized
2019-09-17 11:50:49,751 [pool-87-thread-1] INFO  server.RaftServerConfigKeys (ConfUtils.java:logGet(43)) - raft.server.rpc.timeout.min = 1s (custom)
2019-09-17 11:50:49,751 [pool-87-thread-1] INFO  server.RaftServerConfigKeys (ConfUtils.java:logGet(43)) - raft.server.rpc.timeout.max = 1200ms (custom)
2019-09-17 11:50:49,752 [pool-87-thread-1] INFO  server.RaftServerConfigKeys (ConfUtils.java:logGet(43)) - raft.server.rpcslowness.timeout = 120s (custom)
2019-09-17 11:50:49,752 [pool-87-thread-1] INFO  server.RaftServerConfigKeys (ConfUtils.java:logGet(43)) - raft.server.sleep.deviation.threshold = 300 (default)
2019-09-17 11:50:49,752 [pool-87-thread-1] INFO  server.RaftServerConfigKeys (ConfUtils.java:logGet(43)) - raft.server.log.appender.install.snapshot.enabled = false (custom)
2019-09-17 11:50:49,752 [pool-87-thread-1] INFO  impl.RaftServerImpl (ServerState.java:<init>(103)) - 166adff3-52d0-4f60-8e58-0e12ed96f4bf@group-F2C098E7CD98: ConfigurationManager, init=-1: [166adff3-52d0-4f60-8e58-0e12ed96f4bf:192.168.157.219:39836], old=null, confs=<EMPTY_MAP>
2019-09-17 11:50:49,752 [pool-87-thread-1] INFO  server.RaftServerConfigKeys (ConfUtils.java:logGet(43)) - raft.server.storage.dir = [/tmp/workdir/hadoop-ozone/integration-test/target/test-dir/MiniOzoneClusterImpl-aba007c7-aff0-48a6-9a1c-5b8514ff46fc/datanode-6/data/ratis] (custom)
2019-09-17 11:50:49,752 [pool-87-thread-1] INFO  storage.RaftStorageDirectory (RaftStorageDirectory.java:analyzeStorage(246)) - The storage directory /tmp/workdir/hadoop-ozone/integration-test/target/test-dir/MiniOzoneClusterImpl-aba007c7-aff0-48a6-9a1c-5b8514ff46fc/datanode-6/data/ratis/0b949bd7-9eb0-460b-96e6-f2c098e7cd98 does not exist. Creating ...
2019-09-17 11:50:49,765 [pool-87-thread-1] INFO  storage.RaftStorageDirectory (RaftStorageDirectory.java:tryLock(328)) - Lock on /tmp/workdir/hadoop-ozone/integration-test/target/test-dir/MiniOzoneClusterImpl-aba007c7-aff0-48a6-9a1c-5b8514ff46fc/datanode-6/data/ratis/0b949bd7-9eb0-460b-96e6-f2c098e7cd98/in_use.lock acquired by nodename 16462@pr-hdds-2121-5jcdq-2838215776
2019-09-17 11:50:49,778 [pool-87-thread-1] INFO  storage.RaftStorage (RaftStorage.java:format(72)) - Storage directory /tmp/workdir/hadoop-ozone/integration-test/target/test-dir/MiniOzoneClusterImpl-aba007c7-aff0-48a6-9a1c-5b8514ff46fc/datanode-6/data/ratis/0b949bd7-9eb0-460b-96e6-f2c098e7cd98 has been successfully formatted.
2019-09-17 11:50:49,779 [pool-87-thread-1] INFO  ratis.ContainerStateMachine (ContainerStateMachine.java:loadSnapshot(230)) - group-F2C098E7CD98: The snapshot info is null. Setting the last applied indexto:(t:0, i:~)
2019-09-17 11:50:49,779 [pool-87-thread-1] INFO  server.RaftServerConfigKeys (ConfUtils.java:logGet(43)) - raft.server.notification.no-leader.timeout = 120s (custom)
2019-09-17 11:50:49,779 [pool-87-thread-1] INFO  server.RaftServerConfigKeys (ConfUtils.java:logGet(43)) - raft.server.log.use.memory = false (default)
2019-09-17 11:50:49,779 [pool-87-thread-1] INFO  server.RaftServerConfigKeys (ConfUtils.java:logGet(43)) - raft.server.log.purge.gap = 1000000 (custom)
2019-09-17 11:50:49,779 [pool-87-thread-1] INFO  server.RaftServerConfigKeys (ConfUtils.java:logGet(43)) - raft.server.log.appender.buffer.byte-limit = 33554432 (custom)
2019-09-17 11:50:49,779 [pool-87-thread-1] INFO  server.RaftServerConfigKeys (ConfUtils.java:logGet(43)) - raft.server.log.segment.size.max = 1048576 (custom)
2019-09-17 11:50:49,779 [pool-87-thread-1] INFO  server.RaftServerConfigKeys (ConfUtils.java:logGet(43)) - raft.server.log.segment.cache.num.max = 2 (custom)
2019-09-17 11:50:49,780 [pool-87-thread-1] INFO  segmented.SegmentedRaftLogWorker (SegmentedRaftLogWorker.java:<init>(172)) - new 166adff3-52d0-4f60-8e58-0e12ed96f4bf@group-F2C098E7CD98-SegmentedRaftLogWorker for RaftStorage:Storage Directory /tmp/workdir/hadoop-ozone/integration-test/target/test-dir/MiniOzoneClusterImpl-aba007c7-aff0-48a6-9a1c-5b8514ff46fc/datanode-6/data/ratis/0b949bd7-9eb0-460b-96e6-f2c098e7cd98
2019-09-17 11:50:49,782 [pool-87-thread-1] INFO  server.RaftServerConfigKeys (ConfUtils.java:logGet(43)) - raft.server.log.queue.byte-limit = 2147483647 (custom)
2019-09-17 11:50:49,782 [pool-87-thread-1] INFO  server.RaftServerConfigKeys (ConfUtils.java:logGet(43)) - raft.server.log.queue.element-limit = 1024 (custom)
2019-09-17 11:50:49,782 [pool-87-thread-1] INFO  server.RaftServerConfigKeys (ConfUtils.java:logGet(43)) - raft.server.log.segment.size.max = 1048576 (custom)
2019-09-17 11:50:49,782 [pool-87-thread-1] INFO  server.RaftServerConfigKeys (ConfUtils.java:logGet(43)) - raft.server.log.preallocated.size = 16384 (custom)
2019-09-17 11:50:49,782 [pool-87-thread-1] INFO  server.RaftServerConfigKeys (ConfUtils.java:logGet(43)) - raft.server.log.write.buffer.size = 33554432 (custom)
2019-09-17 11:50:49,783 [pool-87-thread-1] INFO  server.RaftServerConfigKeys (ConfUtils.java:logGet(43)) - raft.server.log.force.sync.num = 128 (default)
2019-09-17 11:50:49,783 [pool-87-thread-1] INFO  server.RaftServerConfigKeys (ConfUtils.java:logGet(43)) - raft.server.log.statemachine.data.sync = true (default)
2019-09-17 11:50:49,783 [pool-87-thread-1] INFO  server.RaftServerConfigKeys (ConfUtils.java:logGet(43)) - raft.server.log.statemachine.data.sync.timeout = 10s (default)
2019-09-17 11:50:49,783 [pool-87-thread-1] INFO  server.RaftServerConfigKeys (ConfUtils.java:logGet(43)) - raft.server.log.statemachine.data.sync.timeout.retry = -1 (default)
2019-09-17 11:50:49,783 [pool-87-thread-1] INFO  server.RaftServerConfigKeys (ConfUtils.java:logGet(43)) - raft.server.log.statemachine.data.caching.enabled = true (custom)
2019-09-17 11:50:49,783 [pool-87-thread-1] INFO  segmented.SegmentedRaftLogWorker (SegmentedRaftLogWorker.java:lambda$new$0(132)) - 166adff3-52d0-4f60-8e58-0e12ed96f4bf@group-F2C098E7CD98-SegmentedRaftLogWorker: flushIndex: setUnconditionally 0 -> -1
2019-09-17 11:50:49,784 [pool-87-thread-1] INFO  server.RaftServerConfigKeys (ConfUtils.java:logGet(43)) - raft.server.snapshot.auto.trigger.enabled = true (custom)
2019-09-17 11:50:49,784 [pool-87-thread-1] INFO  server.RaftServerConfigKeys (ConfUtils.java:logGet(43)) - raft.server.snapshot.auto.trigger.threshold = 10000 (custom)
2019-09-17 11:50:49,784 [pool-87-thread-1] INFO  server.RaftServerConfigKeys (ConfUtils.java:logGet(43)) - raft.server.snapshot.retention.num.files = 5 (custom)
2019-09-17 11:50:49,784 [pool-87-thread-1] INFO  server.RaftServerConfigKeys (ConfUtils.java:logGet(43)) - raft.server.retrycache.expirytime = 600000ms (custom)
2019-09-17 11:50:49,787 [pool-87-thread-1] INFO  impl.RaftServerImpl (RaftServerImpl.java:start(185)) - 166adff3-52d0-4f60-8e58-0e12ed96f4bf@group-F2C098E7CD98: start as a follower, conf=-1: [166adff3-52d0-4f60-8e58-0e12ed96f4bf:192.168.157.219:39836], old=null
2019-09-17 11:50:49,787 [pool-87-thread-1] INFO  impl.RaftServerImpl (RaftServerImpl.java:setRole(174)) - 166adff3-52d0-4f60-8e58-0e12ed96f4bf@group-F2C098E7CD98: changes role from      null to FOLLOWER at term 0 for startAsFollower
2019-09-17 11:50:49,787 [pool-87-thread-1] INFO  impl.RoleInfo (RoleInfo.java:updateAndGet(143)) - 166adff3-52d0-4f60-8e58-0e12ed96f4bf: start FollowerState
2019-09-17 11:50:49,788 [pool-87-thread-1] INFO  util.JmxRegister (JmxRegister.java:tryRegister(44)) - Successfully registered JMX Bean with object name Ratis:service=RaftServer,group=group-F2C098E7CD98,id=166adff3-52d0-4f60-8e58-0e12ed96f4bf
2019-09-17 11:50:49,800 [RatisPipelineUtilsThread] INFO  pipeline.PipelineStateManager (PipelineStateManager.java:addPipeline(56)) - Created pipeline Pipeline[ Id: 0b949bd7-9eb0-460b-96e6-f2c098e7cd98, Nodes: 166adff3-52d0-4f60-8e58-0e12ed96f4bf{ip: 192.168.157.219, host: pr-hdds-2121-5jcdq-2838215776, networkLocation: /default-rack, certSerialId: null}, Type:RATIS, Factor:ONE, State:OPEN]
2019-09-17 11:50:49,817 [grpc-default-executor-0] INFO  impl.RaftServerProxy (RaftServerProxy.java:addNew(89)) - 478df2fd-32fa-402c-a09a-4121263fb7de: addNew group-9DB8872ABD09:[478df2fd-32fa-402c-a09a-4121263fb7de:192.168.157.219:32795] returns group-9DB8872ABD09:java.util.concurrent.CompletableFuture@4a542ed3[Not completed]
2019-09-17 11:50:49,821 [pool-47-thread-1] INFO  impl.RaftServerImpl (RaftServerImpl.java:<init>(95)) - 478df2fd-32fa-402c-a09a-4121263fb7de: new RaftServerImpl for group-9DB8872ABD09:[478df2fd-32fa-402c-a09a-4121263fb7de:192.168.157.219:32795] with ContainerStateMachine:uninitialized
2019-09-17 11:50:49,821 [pool-47-thread-1] INFO  server.RaftServerConfigKeys (ConfUtils.java:logGet(43)) - raft.server.rpc.timeout.min = 1s (custom)
2019-09-17 11:50:49,821 [pool-47-thread-1] INFO  server.RaftServerConfigKeys (ConfUtils.java:logGet(43)) - raft.server.rpc.timeout.max = 1200ms (custom)
2019-09-17 11:50:49,821 [pool-47-thread-1] INFO  server.RaftServerConfigKeys (ConfUtils.java:logGet(43)) - raft.server.rpcslowness.timeout = 120s (custom)
2019-09-17 11:50:49,822 [pool-47-thread-1] INFO  server.RaftServerConfigKeys (ConfUtils.java:logGet(43)) - raft.server.sleep.deviation.threshold = 300 (default)
2019-09-17 11:50:49,822 [pool-47-thread-1] INFO  server.RaftServerConfigKeys (ConfUtils.java:logGet(43)) - raft.server.log.appender.install.snapshot.enabled = false (custom)
2019-09-17 11:50:49,822 [pool-47-thread-1] INFO  impl.RaftServerImpl (ServerState.java:<init>(103)) - 478df2fd-32fa-402c-a09a-4121263fb7de@group-9DB8872ABD09: ConfigurationManager, init=-1: [478df2fd-32fa-402c-a09a-4121263fb7de:192.168.157.219:32795], old=null, confs=<EMPTY_MAP>
2019-09-17 11:50:49,822 [pool-47-thread-1] INFO  server.RaftServerConfigKeys (ConfUtils.java:logGet(43)) - raft.server.storage.dir = [/tmp/workdir/hadoop-ozone/integration-test/target/test-dir/MiniOzoneClusterImpl-aba007c7-aff0-48a6-9a1c-5b8514ff46fc/datanode-2/data/ratis] (custom)
2019-09-17 11:50:49,822 [pool-47-thread-1] INFO  storage.RaftStorageDirectory (RaftStorageDirectory.java:analyzeStorage(246)) - The storage directory /tmp/workdir/hadoop-ozone/integration-test/target/test-dir/MiniOzoneClusterImpl-aba007c7-aff0-48a6-9a1c-5b8514ff46fc/datanode-2/data/ratis/2ec673f0-008e-492e-889a-9db8872abd09 does not exist. Creating ...
2019-09-17 11:50:49,835 [pool-47-thread-1] INFO  storage.RaftStorageDirectory (RaftStorageDirectory.java:tryLock(328)) - Lock on /tmp/workdir/hadoop-ozone/integration-test/target/test-dir/MiniOzoneClusterImpl-aba007c7-aff0-48a6-9a1c-5b8514ff46fc/datanode-2/data/ratis/2ec673f0-008e-492e-889a-9db8872abd09/in_use.lock acquired by nodename 16462@pr-hdds-2121-5jcdq-2838215776
2019-09-17 11:50:49,848 [pool-47-thread-1] INFO  storage.RaftStorage (RaftStorage.java:format(72)) - Storage directory /tmp/workdir/hadoop-ozone/integration-test/target/test-dir/MiniOzoneClusterImpl-aba007c7-aff0-48a6-9a1c-5b8514ff46fc/datanode-2/data/ratis/2ec673f0-008e-492e-889a-9db8872abd09 has been successfully formatted.
2019-09-17 11:50:49,848 [pool-47-thread-1] INFO  ratis.ContainerStateMachine (ContainerStateMachine.java:loadSnapshot(230)) - group-9DB8872ABD09: The snapshot info is null. Setting the last applied indexto:(t:0, i:~)
2019-09-17 11:50:49,848 [pool-47-thread-1] INFO  server.RaftServerConfigKeys (ConfUtils.java:logGet(43)) - raft.server.notification.no-leader.timeout = 120s (custom)
2019-09-17 11:50:49,848 [pool-47-thread-1] INFO  server.RaftServerConfigKeys (ConfUtils.java:logGet(43)) - raft.server.log.use.memory = false (default)
2019-09-17 11:50:49,848 [pool-47-thread-1] INFO  server.RaftServerConfigKeys (ConfUtils.java:logGet(43)) - raft.server.log.purge.gap = 1000000 (custom)
2019-09-17 11:50:49,849 [pool-47-thread-1] INFO  server.RaftServerConfigKeys (ConfUtils.java:logGet(43)) - raft.server.log.appender.buffer.byte-limit = 33554432 (custom)
2019-09-17 11:50:49,849 [pool-47-thread-1] INFO  server.RaftServerConfigKeys (ConfUtils.java:logGet(43)) - raft.server.log.segment.size.max = 1048576 (custom)
2019-09-17 11:50:49,849 [pool-47-thread-1] INFO  server.RaftServerConfigKeys (ConfUtils.java:logGet(43)) - raft.server.log.segment.cache.num.max = 2 (custom)
2019-09-17 11:50:49,849 [pool-47-thread-1] INFO  segmented.SegmentedRaftLogWorker (SegmentedRaftLogWorker.java:<init>(172)) - new 478df2fd-32fa-402c-a09a-4121263fb7de@group-9DB8872ABD09-SegmentedRaftLogWorker for RaftStorage:Storage Directory /tmp/workdir/hadoop-ozone/integration-test/target/test-dir/MiniOzoneClusterImpl-aba007c7-aff0-48a6-9a1c-5b8514ff46fc/datanode-2/data/ratis/2ec673f0-008e-492e-889a-9db8872abd09
2019-09-17 11:50:49,852 [pool-47-thread-1] INFO  server.RaftServerConfigKeys (ConfUtils.java:logGet(43)) - raft.server.log.queue.byte-limit = 2147483647 (custom)
2019-09-17 11:50:49,852 [pool-47-thread-1] INFO  server.RaftServerConfigKeys (ConfUtils.java:logGet(43)) - raft.server.log.queue.element-limit = 1024 (custom)
2019-09-17 11:50:49,852 [pool-47-thread-1] INFO  server.RaftServerConfigKeys (ConfUtils.java:logGet(43)) - raft.server.log.segment.size.max = 1048576 (custom)
2019-09-17 11:50:49,852 [pool-47-thread-1] INFO  server.RaftServerConfigKeys (ConfUtils.java:logGet(43)) - raft.server.log.preallocated.size = 16384 (custom)
2019-09-17 11:50:49,852 [pool-47-thread-1] INFO  server.RaftServerConfigKeys (ConfUtils.java:logGet(43)) - raft.server.log.write.buffer.size = 33554432 (custom)
2019-09-17 11:50:49,852 [pool-47-thread-1] INFO  server.RaftServerConfigKeys (ConfUtils.java:logGet(43)) - raft.server.log.force.sync.num = 128 (default)
2019-09-17 11:50:49,855 [pool-47-thread-1] INFO  server.RaftServerConfigKeys (ConfUtils.java:logGet(43)) - raft.server.log.statemachine.data.sync = true (default)
2019-09-17 11:50:49,855 [pool-47-thread-1] INFO  server.RaftServerConfigKeys (ConfUtils.java:logGet(43)) - raft.server.log.statemachine.data.sync.timeout = 10s (default)
2019-09-17 11:50:49,855 [pool-47-thread-1] INFO  server.RaftServerConfigKeys (ConfUtils.java:logGet(43)) - raft.server.log.statemachine.data.sync.timeout.retry = -1 (default)
2019-09-17 11:50:49,856 [pool-47-thread-1] INFO  server.RaftServerConfigKeys (ConfUtils.java:logGet(43)) - raft.server.log.statemachine.data.caching.enabled = true (custom)
2019-09-17 11:50:49,856 [pool-47-thread-1] INFO  segmented.SegmentedRaftLogWorker (SegmentedRaftLogWorker.java:lambda$new$0(132)) - 478df2fd-32fa-402c-a09a-4121263fb7de@group-9DB8872ABD09-SegmentedRaftLogWorker: flushIndex: setUnconditionally 0 -> -1
2019-09-17 11:50:49,856 [pool-47-thread-1] INFO  server.RaftServerConfigKeys (ConfUtils.java:logGet(43)) - raft.server.snapshot.auto.trigger.enabled = true (custom)
2019-09-17 11:50:49,857 [pool-47-thread-1] INFO  server.RaftServerConfigKeys (ConfUtils.java:logGet(43)) - raft.server.snapshot.auto.trigger.threshold = 10000 (custom)
2019-09-17 11:50:49,857 [pool-47-thread-1] INFO  server.RaftServerConfigKeys (ConfUtils.java:logGet(43)) - raft.server.snapshot.retention.num.files = 5 (custom)
2019-09-17 11:50:49,857 [pool-47-thread-1] INFO  server.RaftServerConfigKeys (ConfUtils.java:logGet(43)) - raft.server.retrycache.expirytime = 600000ms (custom)
2019-09-17 11:50:49,859 [pool-47-thread-1] INFO  impl.RaftServerImpl (RaftServerImpl.java:start(185)) - 478df2fd-32fa-402c-a09a-4121263fb7de@group-9DB8872ABD09: start as a follower, conf=-1: [478df2fd-32fa-402c-a09a-4121263fb7de:192.168.157.219:32795], old=null
2019-09-17 11:50:49,859 [pool-47-thread-1] INFO  impl.RaftServerImpl (RaftServerImpl.java:setRole(174)) - 478df2fd-32fa-402c-a09a-4121263fb7de@group-9DB8872ABD09: changes role from      null to FOLLOWER at term 0 for startAsFollower
2019-09-17 11:50:49,860 [pool-47-thread-1] INFO  impl.RoleInfo (RoleInfo.java:updateAndGet(143)) - 478df2fd-32fa-402c-a09a-4121263fb7de: start FollowerState
2019-09-17 11:50:49,860 [pool-47-thread-1] INFO  util.JmxRegister (JmxRegister.java:tryRegister(44)) - Successfully registered JMX Bean with object name Ratis:service=RaftServer,group=group-9DB8872ABD09,id=478df2fd-32fa-402c-a09a-4121263fb7de
2019-09-17 11:50:49,915 [main] INFO  ozone.MiniOzoneClusterImpl (MiniOzoneClusterImpl.java:lambda$waitForClusterToBeReady$0(145)) - Cluster is ready. Got 10 of 10 DN Heartbeats.
2019-09-17 11:50:49,931 [RatisPipelineUtilsThread] INFO  pipeline.PipelineStateManager (PipelineStateManager.java:addPipeline(56)) - Created pipeline Pipeline[ Id: 2ec673f0-008e-492e-889a-9db8872abd09, Nodes: 478df2fd-32fa-402c-a09a-4121263fb7de{ip: 192.168.157.219, host: pr-hdds-2121-5jcdq-2838215776, networkLocation: /default-rack, certSerialId: null}, Type:RATIS, Factor:ONE, State:OPEN]
2019-09-17 11:50:50,001 [grpc-default-executor-0] INFO  impl.RaftServerProxy (RaftServerProxy.java:addNew(89)) - 3059fe26-6a4f-4501-bc80-da7575b93cc0: addNew group-8E7906917C53:[3059fe26-6a4f-4501-bc80-da7575b93cc0:192.168.157.219:39859] returns group-8E7906917C53:java.util.concurrent.CompletableFuture@2a5baf79[Not completed]
2019-09-17 11:50:50,007 [pool-67-thread-1] INFO  impl.RaftServerImpl (RaftServerImpl.java:<init>(95)) - 3059fe26-6a4f-4501-bc80-da7575b93cc0: new RaftServerImpl for group-8E7906917C53:[3059fe26-6a4f-4501-bc80-da7575b93cc0:192.168.157.219:39859] with ContainerStateMachine:uninitialized
2019-09-17 11:50:50,007 [pool-67-thread-1] INFO  server.RaftServerConfigKeys (ConfUtils.java:logGet(43)) - raft.server.rpc.timeout.min = 1s (custom)
2019-09-17 11:50:50,007 [pool-67-thread-1] INFO  server.RaftServerConfigKeys (ConfUtils.java:logGet(43)) - raft.server.rpc.timeout.max = 1200ms (custom)
2019-09-17 11:50:50,008 [pool-67-thread-1] INFO  server.RaftServerConfigKeys (ConfUtils.java:logGet(43)) - raft.server.rpcslowness.timeout = 120s (custom)
2019-09-17 11:50:50,008 [pool-67-thread-1] INFO  server.RaftServerConfigKeys (ConfUtils.java:logGet(43)) - raft.server.sleep.deviation.threshold = 300 (default)
2019-09-17 11:50:50,008 [pool-67-thread-1] INFO  server.RaftServerConfigKeys (ConfUtils.java:logGet(43)) - raft.server.log.appender.install.snapshot.enabled = false (custom)
2019-09-17 11:50:50,008 [pool-67-thread-1] INFO  impl.RaftServerImpl (ServerState.java:<init>(103)) - 3059fe26-6a4f-4501-bc80-da7575b93cc0@group-8E7906917C53: ConfigurationManager, init=-1: [3059fe26-6a4f-4501-bc80-da7575b93cc0:192.168.157.219:39859], old=null, confs=<EMPTY_MAP>
2019-09-17 11:50:50,008 [pool-67-thread-1] INFO  server.RaftServerConfigKeys (ConfUtils.java:logGet(43)) - raft.server.storage.dir = [/tmp/workdir/hadoop-ozone/integration-test/target/test-dir/MiniOzoneClusterImpl-aba007c7-aff0-48a6-9a1c-5b8514ff46fc/datanode-4/data/ratis] (custom)
2019-09-17 11:50:50,008 [pool-67-thread-1] INFO  storage.RaftStorageDirectory (RaftStorageDirectory.java:analyzeStorage(246)) - The storage directory /tmp/workdir/hadoop-ozone/integration-test/target/test-dir/MiniOzoneClusterImpl-aba007c7-aff0-48a6-9a1c-5b8514ff46fc/datanode-4/data/ratis/229ef321-d643-474a-be0f-8e7906917c53 does not exist. Creating ...
2019-09-17 11:50:50,022 [pool-67-thread-1] INFO  storage.RaftStorageDirectory (RaftStorageDirectory.java:tryLock(328)) - Lock on /tmp/workdir/hadoop-ozone/integration-test/target/test-dir/MiniOzoneClusterImpl-aba007c7-aff0-48a6-9a1c-5b8514ff46fc/datanode-4/data/ratis/229ef321-d643-474a-be0f-8e7906917c53/in_use.lock acquired by nodename 16462@pr-hdds-2121-5jcdq-2838215776
2019-09-17 11:50:50,034 [pool-67-thread-1] INFO  storage.RaftStorage (RaftStorage.java:format(72)) - Storage directory /tmp/workdir/hadoop-ozone/integration-test/target/test-dir/MiniOzoneClusterImpl-aba007c7-aff0-48a6-9a1c-5b8514ff46fc/datanode-4/data/ratis/229ef321-d643-474a-be0f-8e7906917c53 has been successfully formatted.
2019-09-17 11:50:50,035 [pool-67-thread-1] INFO  ratis.ContainerStateMachine (ContainerStateMachine.java:loadSnapshot(230)) - group-8E7906917C53: The snapshot info is null. Setting the last applied indexto:(t:0, i:~)
2019-09-17 11:50:50,035 [pool-67-thread-1] INFO  server.RaftServerConfigKeys (ConfUtils.java:logGet(43)) - raft.server.notification.no-leader.timeout = 120s (custom)
2019-09-17 11:50:50,035 [pool-67-thread-1] INFO  server.RaftServerConfigKeys (ConfUtils.java:logGet(43)) - raft.server.log.use.memory = false (default)
2019-09-17 11:50:50,035 [pool-67-thread-1] INFO  server.RaftServerConfigKeys (ConfUtils.java:logGet(43)) - raft.server.log.purge.gap = 1000000 (custom)
2019-09-17 11:50:50,035 [pool-67-thread-1] INFO  server.RaftServerConfigKeys (ConfUtils.java:logGet(43)) - raft.server.log.appender.buffer.byte-limit = 33554432 (custom)
2019-09-17 11:50:50,036 [pool-67-thread-1] INFO  server.RaftServerConfigKeys (ConfUtils.java:logGet(43)) - raft.server.log.segment.size.max = 1048576 (custom)
2019-09-17 11:50:50,036 [pool-67-thread-1] INFO  server.RaftServerConfigKeys (ConfUtils.java:logGet(43)) - raft.server.log.segment.cache.num.max = 2 (custom)
2019-09-17 11:50:50,036 [pool-67-thread-1] INFO  segmented.SegmentedRaftLogWorker (SegmentedRaftLogWorker.java:<init>(172)) - new 3059fe26-6a4f-4501-bc80-da7575b93cc0@group-8E7906917C53-SegmentedRaftLogWorker for RaftStorage:Storage Directory /tmp/workdir/hadoop-ozone/integration-test/target/test-dir/MiniOzoneClusterImpl-aba007c7-aff0-48a6-9a1c-5b8514ff46fc/datanode-4/data/ratis/229ef321-d643-474a-be0f-8e7906917c53
2019-09-17 11:50:50,038 [pool-67-thread-1] INFO  server.RaftServerConfigKeys (ConfUtils.java:logGet(43)) - raft.server.log.queue.byte-limit = 2147483647 (custom)
2019-09-17 11:50:50,038 [pool-67-thread-1] INFO  server.RaftServerConfigKeys (ConfUtils.java:logGet(43)) - raft.server.log.queue.element-limit = 1024 (custom)
2019-09-17 11:50:50,039 [pool-67-thread-1] INFO  server.RaftServerConfigKeys (ConfUtils.java:logGet(43)) - raft.server.log.segment.size.max = 1048576 (custom)
2019-09-17 11:50:50,039 [pool-67-thread-1] INFO  server.RaftServerConfigKeys (ConfUtils.java:logGet(43)) - raft.server.log.preallocated.size = 16384 (custom)
2019-09-17 11:50:50,039 [pool-67-thread-1] INFO  server.RaftServerConfigKeys (ConfUtils.java:logGet(43)) - raft.server.log.write.buffer.size = 33554432 (custom)
2019-09-17 11:50:50,039 [pool-67-thread-1] INFO  server.RaftServerConfigKeys (ConfUtils.java:logGet(43)) - raft.server.log.force.sync.num = 128 (default)
2019-09-17 11:50:50,039 [pool-67-thread-1] INFO  server.RaftServerConfigKeys (ConfUtils.java:logGet(43)) - raft.server.log.statemachine.data.sync = true (default)
2019-09-17 11:50:50,039 [pool-67-thread-1] INFO  server.RaftServerConfigKeys (ConfUtils.java:logGet(43)) - raft.server.log.statemachine.data.sync.timeout = 10s (default)
2019-09-17 11:50:50,040 [pool-67-thread-1] INFO  server.RaftServerConfigKeys (ConfUtils.java:logGet(43)) - raft.server.log.statemachine.data.sync.timeout.retry = -1 (default)
2019-09-17 11:50:50,040 [pool-67-thread-1] INFO  server.RaftServerConfigKeys (ConfUtils.java:logGet(43)) - raft.server.log.statemachine.data.caching.enabled = true (custom)
2019-09-17 11:50:50,040 [pool-67-thread-1] INFO  segmented.SegmentedRaftLogWorker (SegmentedRaftLogWorker.java:lambda$new$0(132)) - 3059fe26-6a4f-4501-bc80-da7575b93cc0@group-8E7906917C53-SegmentedRaftLogWorker: flushIndex: setUnconditionally 0 -> -1
2019-09-17 11:50:50,041 [pool-67-thread-1] INFO  server.RaftServerConfigKeys (ConfUtils.java:logGet(43)) - raft.server.snapshot.auto.trigger.enabled = true (custom)
2019-09-17 11:50:50,041 [pool-67-thread-1] INFO  server.RaftServerConfigKeys (ConfUtils.java:logGet(43)) - raft.server.snapshot.auto.trigger.threshold = 10000 (custom)
2019-09-17 11:50:50,041 [pool-67-thread-1] INFO  server.RaftServerConfigKeys (ConfUtils.java:logGet(43)) - raft.server.snapshot.retention.num.files = 5 (custom)
2019-09-17 11:50:50,041 [pool-67-thread-1] INFO  server.RaftServerConfigKeys (ConfUtils.java:logGet(43)) - raft.server.retrycache.expirytime = 600000ms (custom)
2019-09-17 11:50:50,043 [pool-67-thread-1] INFO  impl.RaftServerImpl (RaftServerImpl.java:start(185)) - 3059fe26-6a4f-4501-bc80-da7575b93cc0@group-8E7906917C53: start as a follower, conf=-1: [3059fe26-6a4f-4501-bc80-da7575b93cc0:192.168.157.219:39859], old=null
2019-09-17 11:50:50,043 [pool-67-thread-1] INFO  impl.RaftServerImpl (RaftServerImpl.java:setRole(174)) - 3059fe26-6a4f-4501-bc80-da7575b93cc0@group-8E7906917C53: changes role from      null to FOLLOWER at term 0 for startAsFollower
2019-09-17 11:50:50,044 [pool-67-thread-1] INFO  impl.RoleInfo (RoleInfo.java:updateAndGet(143)) - 3059fe26-6a4f-4501-bc80-da7575b93cc0: start FollowerState
2019-09-17 11:50:50,044 [pool-67-thread-1] INFO  util.JmxRegister (JmxRegister.java:tryRegister(44)) - Successfully registered JMX Bean with object name Ratis:service=RaftServer,group=group-8E7906917C53,id=3059fe26-6a4f-4501-bc80-da7575b93cc0
2019-09-17 11:50:50,058 [RatisPipelineUtilsThread] INFO  pipeline.PipelineStateManager (PipelineStateManager.java:addPipeline(56)) - Created pipeline Pipeline[ Id: 229ef321-d643-474a-be0f-8e7906917c53, Nodes: 3059fe26-6a4f-4501-bc80-da7575b93cc0{ip: 192.168.157.219, host: pr-hdds-2121-5jcdq-2838215776, networkLocation: /default-rack, certSerialId: null}, Type:RATIS, Factor:ONE, State:OPEN]
2019-09-17 11:50:50,101 [Thread-285] INFO  impl.FollowerState (FollowerState.java:run(106)) - 533f21c9-6148-4926-981b-3030ea271196:group-D9629F26D855 changes to CANDIDATE, lastRpcTime:1135, electionTimeout:1135ms
2019-09-17 11:50:50,101 [grpc-default-executor-2] INFO  impl.RaftServerProxy (RaftServerProxy.java:addNew(89)) - 90cc32e6-bdd6-4f93-abb1-bc520dd025bc: addNew group-B3F5A0A8BDBD:[533f21c9-6148-4926-981b-3030ea271196:192.168.157.219:45624, 90cc32e6-bdd6-4f93-abb1-bc520dd025bc:192.168.157.219:33403, ee155057-4acb-4f3f-9013-4bd3c5a101b6:192.168.157.219:41943] returns group-B3F5A0A8BDBD:java.util.concurrent.CompletableFuture@38a3ec91[Not completed]
2019-09-17 11:50:50,101 [grpc-default-executor-1] INFO  impl.RaftServerProxy (RaftServerProxy.java:addNew(89)) - 533f21c9-6148-4926-981b-3030ea271196: addNew group-B3F5A0A8BDBD:[533f21c9-6148-4926-981b-3030ea271196:192.168.157.219:45624, 90cc32e6-bdd6-4f93-abb1-bc520dd025bc:192.168.157.219:33403, ee155057-4acb-4f3f-9013-4bd3c5a101b6:192.168.157.219:41943] returns group-B3F5A0A8BDBD:java.util.concurrent.CompletableFuture@491720d6[Not completed]
2019-09-17 11:50:50,102 [grpc-default-executor-0] INFO  impl.RaftServerProxy (RaftServerProxy.java:addNew(89)) - ee155057-4acb-4f3f-9013-4bd3c5a101b6: addNew group-B3F5A0A8BDBD:[533f21c9-6148-4926-981b-3030ea271196:192.168.157.219:45624, 90cc32e6-bdd6-4f93-abb1-bc520dd025bc:192.168.157.219:33403, ee155057-4acb-4f3f-9013-4bd3c5a101b6:192.168.157.219:41943] returns group-B3F5A0A8BDBD:java.util.concurrent.CompletableFuture@71a16b3c[Not completed]
2019-09-17 11:50:50,103 [pool-77-thread-1] INFO  impl.RaftServerImpl (RaftServerImpl.java:<init>(95)) - 90cc32e6-bdd6-4f93-abb1-bc520dd025bc: new RaftServerImpl for group-B3F5A0A8BDBD:[533f21c9-6148-4926-981b-3030ea271196:192.168.157.219:45624, 90cc32e6-bdd6-4f93-abb1-bc520dd025bc:192.168.157.219:33403, ee155057-4acb-4f3f-9013-4bd3c5a101b6:192.168.157.219:41943] with ContainerStateMachine:uninitialized
2019-09-17 11:50:50,103 [pool-77-thread-1] INFO  server.RaftServerConfigKeys (ConfUtils.java:logGet(43)) - raft.server.rpc.timeout.min = 1s (custom)
2019-09-17 11:50:50,103 [pool-77-thread-1] INFO  server.RaftServerConfigKeys (ConfUtils.java:logGet(43)) - raft.server.rpc.timeout.max = 1200ms (custom)
2019-09-17 11:50:50,103 [pool-77-thread-1] INFO  server.RaftServerConfigKeys (ConfUtils.java:logGet(43)) - raft.server.rpcslowness.timeout = 120s (custom)
2019-09-17 11:50:50,103 [pool-77-thread-1] INFO  server.RaftServerConfigKeys (ConfUtils.java:logGet(43)) - raft.server.sleep.deviation.threshold = 300 (default)
2019-09-17 11:50:50,103 [pool-77-thread-1] INFO  server.RaftServerConfigKeys (ConfUtils.java:logGet(43)) - raft.server.log.appender.install.snapshot.enabled = false (custom)
2019-09-17 11:50:50,103 [Thread-285] INFO  impl.RoleInfo (RoleInfo.java:shutdownFollowerState(121)) - 533f21c9-6148-4926-981b-3030ea271196: shutdown FollowerState
2019-09-17 11:50:50,103 [pool-77-thread-1] INFO  impl.RaftServerImpl (ServerState.java:<init>(103)) - 90cc32e6-bdd6-4f93-abb1-bc520dd025bc@group-B3F5A0A8BDBD: ConfigurationManager, init=-1: [533f21c9-6148-4926-981b-3030ea271196:192.168.157.219:45624, 90cc32e6-bdd6-4f93-abb1-bc520dd025bc:192.168.157.219:33403, ee155057-4acb-4f3f-9013-4bd3c5a101b6:192.168.157.219:41943], old=null, confs=<EMPTY_MAP>
2019-09-17 11:50:50,103 [Thread-285] INFO  impl.RaftServerImpl (RaftServerImpl.java:setRole(174)) - 533f21c9-6148-4926-981b-3030ea271196@group-D9629F26D855: changes role from  FOLLOWER to CANDIDATE at term 0 for changeToCandidate
2019-09-17 11:50:50,104 [pool-77-thread-1] INFO  server.RaftServerConfigKeys (ConfUtils.java:logGet(43)) - raft.server.storage.dir = [/tmp/workdir/hadoop-ozone/integration-test/target/test-dir/MiniOzoneClusterImpl-aba007c7-aff0-48a6-9a1c-5b8514ff46fc/datanode-5/data/ratis] (custom)
2019-09-17 11:50:50,104 [pool-107-thread-1] INFO  impl.RaftServerImpl (RaftServerImpl.java:<init>(95)) - ee155057-4acb-4f3f-9013-4bd3c5a101b6: new RaftServerImpl for group-B3F5A0A8BDBD:[533f21c9-6148-4926-981b-3030ea271196:192.168.157.219:45624, 90cc32e6-bdd6-4f93-abb1-bc520dd025bc:192.168.157.219:33403, ee155057-4acb-4f3f-9013-4bd3c5a101b6:192.168.157.219:41943] with ContainerStateMachine:uninitialized
2019-09-17 11:50:50,104 [pool-77-thread-1] INFO  storage.RaftStorageDirectory (RaftStorageDirectory.java:analyzeStorage(246)) - The storage directory /tmp/workdir/hadoop-ozone/integration-test/target/test-dir/MiniOzoneClusterImpl-aba007c7-aff0-48a6-9a1c-5b8514ff46fc/datanode-5/data/ratis/1389dddd-6222-4e81-b4e1-b3f5a0a8bdbd does not exist. Creating ...
2019-09-17 11:50:50,104 [pool-107-thread-1] INFO  server.RaftServerConfigKeys (ConfUtils.java:logGet(43)) - raft.server.rpc.timeout.min = 1s (custom)
2019-09-17 11:50:50,104 [pool-107-thread-1] INFO  server.RaftServerConfigKeys (ConfUtils.java:logGet(43)) - raft.server.rpc.timeout.max = 1200ms (custom)
2019-09-17 11:50:50,104 [pool-27-thread-1] INFO  impl.RaftServerImpl (RaftServerImpl.java:<init>(95)) - 533f21c9-6148-4926-981b-3030ea271196: new RaftServerImpl for group-B3F5A0A8BDBD:[533f21c9-6148-4926-981b-3030ea271196:192.168.157.219:45624, 90cc32e6-bdd6-4f93-abb1-bc520dd025bc:192.168.157.219:33403, ee155057-4acb-4f3f-9013-4bd3c5a101b6:192.168.157.219:41943] with ContainerStateMachine:uninitialized
2019-09-17 11:50:50,104 [pool-107-thread-1] INFO  server.RaftServerConfigKeys (ConfUtils.java:logGet(43)) - raft.server.rpcslowness.timeout = 120s (custom)
2019-09-17 11:50:50,104 [pool-27-thread-1] INFO  server.RaftServerConfigKeys (ConfUtils.java:logGet(43)) - raft.server.rpc.timeout.min = 1s (custom)
2019-09-17 11:50:50,105 [pool-107-thread-1] INFO  server.RaftServerConfigKeys (ConfUtils.java:logGet(43)) - raft.server.sleep.deviation.threshold = 300 (default)
2019-09-17 11:50:50,105 [pool-27-thread-1] INFO  server.RaftServerConfigKeys (ConfUtils.java:logGet(43)) - raft.server.rpc.timeout.max = 1200ms (custom)
2019-09-17 11:50:50,105 [pool-107-thread-1] INFO  server.RaftServerConfigKeys (ConfUtils.java:logGet(43)) - raft.server.log.appender.install.snapshot.enabled = false (custom)
2019-09-17 11:50:50,105 [pool-27-thread-1] INFO  server.RaftServerConfigKeys (ConfUtils.java:logGet(43)) - raft.server.rpcslowness.timeout = 120s (custom)
2019-09-17 11:50:50,105 [pool-107-thread-1] INFO  impl.RaftServerImpl (ServerState.java:<init>(103)) - ee155057-4acb-4f3f-9013-4bd3c5a101b6@group-B3F5A0A8BDBD: ConfigurationManager, init=-1: [533f21c9-6148-4926-981b-3030ea271196:192.168.157.219:45624, 90cc32e6-bdd6-4f93-abb1-bc520dd025bc:192.168.157.219:33403, ee155057-4acb-4f3f-9013-4bd3c5a101b6:192.168.157.219:41943], old=null, confs=<EMPTY_MAP>
2019-09-17 11:50:50,105 [pool-27-thread-1] INFO  server.RaftServerConfigKeys (ConfUtils.java:logGet(43)) - raft.server.sleep.deviation.threshold = 300 (default)
2019-09-17 11:50:50,105 [pool-27-thread-1] INFO  server.RaftServerConfigKeys (ConfUtils.java:logGet(43)) - raft.server.log.appender.install.snapshot.enabled = false (custom)
2019-09-17 11:50:50,105 [pool-107-thread-1] INFO  server.RaftServerConfigKeys (ConfUtils.java:logGet(43)) - raft.server.storage.dir = [/tmp/workdir/hadoop-ozone/integration-test/target/test-dir/MiniOzoneClusterImpl-aba007c7-aff0-48a6-9a1c-5b8514ff46fc/datanode-8/data/ratis] (custom)
2019-09-17 11:50:50,105 [pool-27-thread-1] INFO  impl.RaftServerImpl (ServerState.java:<init>(103)) - 533f21c9-6148-4926-981b-3030ea271196@group-B3F5A0A8BDBD: ConfigurationManager, init=-1: [533f21c9-6148-4926-981b-3030ea271196:192.168.157.219:45624, 90cc32e6-bdd6-4f93-abb1-bc520dd025bc:192.168.157.219:33403, ee155057-4acb-4f3f-9013-4bd3c5a101b6:192.168.157.219:41943], old=null, confs=<EMPTY_MAP>
2019-09-17 11:50:50,106 [pool-27-thread-1] INFO  server.RaftServerConfigKeys (ConfUtils.java:logGet(43)) - raft.server.storage.dir = [/tmp/workdir/hadoop-ozone/integration-test/target/test-dir/MiniOzoneClusterImpl-aba007c7-aff0-48a6-9a1c-5b8514ff46fc/datanode-0/data/ratis] (custom)
2019-09-17 11:50:50,106 [pool-107-thread-1] INFO  storage.RaftStorageDirectory (RaftStorageDirectory.java:analyzeStorage(246)) - The storage directory /tmp/workdir/hadoop-ozone/integration-test/target/test-dir/MiniOzoneClusterImpl-aba007c7-aff0-48a6-9a1c-5b8514ff46fc/datanode-8/data/ratis/1389dddd-6222-4e81-b4e1-b3f5a0a8bdbd does not exist. Creating ...
2019-09-17 11:50:50,106 [pool-27-thread-1] INFO  storage.RaftStorageDirectory (RaftStorageDirectory.java:analyzeStorage(246)) - The storage directory /tmp/workdir/hadoop-ozone/integration-test/target/test-dir/MiniOzoneClusterImpl-aba007c7-aff0-48a6-9a1c-5b8514ff46fc/datanode-0/data/ratis/1389dddd-6222-4e81-b4e1-b3f5a0a8bdbd does not exist. Creating ...
2019-09-17 11:50:50,108 [Thread-285] INFO  impl.RoleInfo (RoleInfo.java:updateAndGet(143)) - 533f21c9-6148-4926-981b-3030ea271196: start LeaderElection
2019-09-17 11:50:50,117 [pool-27-thread-1] INFO  storage.RaftStorageDirectory (RaftStorageDirectory.java:tryLock(328)) - Lock on /tmp/workdir/hadoop-ozone/integration-test/target/test-dir/MiniOzoneClusterImpl-aba007c7-aff0-48a6-9a1c-5b8514ff46fc/datanode-0/data/ratis/1389dddd-6222-4e81-b4e1-b3f5a0a8bdbd/in_use.lock acquired by nodename 16462@pr-hdds-2121-5jcdq-2838215776
2019-09-17 11:50:50,117 [pool-107-thread-1] INFO  storage.RaftStorageDirectory (RaftStorageDirectory.java:tryLock(328)) - Lock on /tmp/workdir/hadoop-ozone/integration-test/target/test-dir/MiniOzoneClusterImpl-aba007c7-aff0-48a6-9a1c-5b8514ff46fc/datanode-8/data/ratis/1389dddd-6222-4e81-b4e1-b3f5a0a8bdbd/in_use.lock acquired by nodename 16462@pr-hdds-2121-5jcdq-2838215776
2019-09-17 11:50:50,117 [pool-77-thread-1] INFO  storage.RaftStorageDirectory (RaftStorageDirectory.java:tryLock(328)) - Lock on /tmp/workdir/hadoop-ozone/integration-test/target/test-dir/MiniOzoneClusterImpl-aba007c7-aff0-48a6-9a1c-5b8514ff46fc/datanode-5/data/ratis/1389dddd-6222-4e81-b4e1-b3f5a0a8bdbd/in_use.lock acquired by nodename 16462@pr-hdds-2121-5jcdq-2838215776
2019-09-17 11:50:50,131 [pool-27-thread-1] INFO  storage.RaftStorage (RaftStorage.java:format(72)) - Storage directory /tmp/workdir/hadoop-ozone/integration-test/target/test-dir/MiniOzoneClusterImpl-aba007c7-aff0-48a6-9a1c-5b8514ff46fc/datanode-0/data/ratis/1389dddd-6222-4e81-b4e1-b3f5a0a8bdbd has been successfully formatted.
2019-09-17 11:50:50,131 [533f21c9-6148-4926-981b-3030ea271196@group-D9629F26D855:LeaderElection1] INFO  impl.LeaderElection (LeaderElection.java:askForVotes(182)) - 533f21c9-6148-4926-981b-3030ea271196@group-D9629F26D855:LeaderElection1: begin an election at term 1 for -1: [533f21c9-6148-4926-981b-3030ea271196:192.168.157.219:45624], old=null
2019-09-17 11:50:50,131 [pool-27-thread-1] INFO  ratis.ContainerStateMachine (ContainerStateMachine.java:loadSnapshot(230)) - group-B3F5A0A8BDBD: The snapshot info is null. Setting the last applied indexto:(t:0, i:~)
2019-09-17 11:50:50,131 [pool-27-thread-1] INFO  server.RaftServerConfigKeys (ConfUtils.java:logGet(43)) - raft.server.notification.no-leader.timeout = 120s (custom)
2019-09-17 11:50:50,132 [pool-27-thread-1] INFO  server.RaftServerConfigKeys (ConfUtils.java:logGet(43)) - raft.server.log.use.memory = false (default)
2019-09-17 11:50:50,132 [pool-27-thread-1] INFO  server.RaftServerConfigKeys (ConfUtils.java:logGet(43)) - raft.server.log.purge.gap = 1000000 (custom)
2019-09-17 11:50:50,132 [pool-27-thread-1] INFO  server.RaftServerConfigKeys (ConfUtils.java:logGet(43)) - raft.server.log.appender.buffer.byte-limit = 33554432 (custom)
2019-09-17 11:50:50,132 [pool-27-thread-1] INFO  server.RaftServerConfigKeys (ConfUtils.java:logGet(43)) - raft.server.log.segment.size.max = 1048576 (custom)
2019-09-17 11:50:50,132 [533f21c9-6148-4926-981b-3030ea271196@group-D9629F26D855:LeaderElection1] INFO  impl.RoleInfo (RoleInfo.java:shutdownLeaderElection(134)) - 533f21c9-6148-4926-981b-3030ea271196: shutdown LeaderElection
2019-09-17 11:50:50,132 [pool-27-thread-1] INFO  server.RaftServerConfigKeys (ConfUtils.java:logGet(43)) - raft.server.log.segment.cache.num.max = 2 (custom)
2019-09-17 11:50:50,132 [pool-27-thread-1] INFO  segmented.SegmentedRaftLogWorker (SegmentedRaftLogWorker.java:<init>(172)) - new 533f21c9-6148-4926-981b-3030ea271196@group-B3F5A0A8BDBD-SegmentedRaftLogWorker for RaftStorage:Storage Directory /tmp/workdir/hadoop-ozone/integration-test/target/test-dir/MiniOzoneClusterImpl-aba007c7-aff0-48a6-9a1c-5b8514ff46fc/datanode-0/data/ratis/1389dddd-6222-4e81-b4e1-b3f5a0a8bdbd
2019-09-17 11:50:50,133 [pool-77-thread-1] INFO  storage.RaftStorage (RaftStorage.java:format(72)) - Storage directory /tmp/workdir/hadoop-ozone/integration-test/target/test-dir/MiniOzoneClusterImpl-aba007c7-aff0-48a6-9a1c-5b8514ff46fc/datanode-5/data/ratis/1389dddd-6222-4e81-b4e1-b3f5a0a8bdbd has been successfully formatted.
2019-09-17 11:50:50,133 [pool-107-thread-1] INFO  storage.RaftStorage (RaftStorage.java:format(72)) - Storage directory /tmp/workdir/hadoop-ozone/integration-test/target/test-dir/MiniOzoneClusterImpl-aba007c7-aff0-48a6-9a1c-5b8514ff46fc/datanode-8/data/ratis/1389dddd-6222-4e81-b4e1-b3f5a0a8bdbd has been successfully formatted.
2019-09-17 11:50:50,133 [pool-27-thread-1] INFO  server.RaftServerConfigKeys (ConfUtils.java:logGet(43)) - raft.server.log.queue.byte-limit = 2147483647 (custom)
2019-09-17 11:50:50,133 [533f21c9-6148-4926-981b-3030ea271196@group-D9629F26D855:LeaderElection1] INFO  impl.RaftServerImpl (RaftServerImpl.java:setRole(174)) - 533f21c9-6148-4926-981b-3030ea271196@group-D9629F26D855: changes role from CANDIDATE to LEADER at term 1 for changeToLeader
2019-09-17 11:50:50,133 [pool-27-thread-1] INFO  server.RaftServerConfigKeys (ConfUtils.java:logGet(43)) - raft.server.log.queue.element-limit = 1024 (custom)
2019-09-17 11:50:50,133 [pool-107-thread-1] INFO  ratis.ContainerStateMachine (ContainerStateMachine.java:loadSnapshot(230)) - group-B3F5A0A8BDBD: The snapshot info is null. Setting the last applied indexto:(t:0, i:~)
2019-09-17 11:50:50,133 [pool-77-thread-1] INFO  ratis.ContainerStateMachine (ContainerStateMachine.java:loadSnapshot(230)) - group-B3F5A0A8BDBD: The snapshot info is null. Setting the last applied indexto:(t:0, i:~)
2019-09-17 11:50:50,133 [pool-107-thread-1] INFO  server.RaftServerConfigKeys (ConfUtils.java:logGet(43)) - raft.server.notification.no-leader.timeout = 120s (custom)
2019-09-17 11:50:50,133 [pool-27-thread-1] INFO  server.RaftServerConfigKeys (ConfUtils.java:logGet(43)) - raft.server.log.segment.size.max = 1048576 (custom)
2019-09-17 11:50:50,133 [533f21c9-6148-4926-981b-3030ea271196@group-D9629F26D855:LeaderElection1] INFO  impl.RaftServerImpl (ServerState.java:setLeader(253)) - 533f21c9-6148-4926-981b-3030ea271196@group-D9629F26D855: change Leader from null to 533f21c9-6148-4926-981b-3030ea271196 at term 1 for becomeLeader, leader elected after 1297ms
2019-09-17 11:50:50,134 [pool-27-thread-1] INFO  server.RaftServerConfigKeys (ConfUtils.java:logGet(43)) - raft.server.log.preallocated.size = 16384 (custom)
2019-09-17 11:50:50,134 [pool-107-thread-1] INFO  server.RaftServerConfigKeys (ConfUtils.java:logGet(43)) - raft.server.log.use.memory = false (default)
2019-09-17 11:50:50,134 [pool-77-thread-1] INFO  server.RaftServerConfigKeys (ConfUtils.java:logGet(43)) - raft.server.notification.no-leader.timeout = 120s (custom)
2019-09-17 11:50:50,134 [pool-107-thread-1] INFO  server.RaftServerConfigKeys (ConfUtils.java:logGet(43)) - raft.server.log.purge.gap = 1000000 (custom)
2019-09-17 11:50:50,134 [pool-27-thread-1] INFO  server.RaftServerConfigKeys (ConfUtils.java:logGet(43)) - raft.server.log.write.buffer.size = 33554432 (custom)
2019-09-17 11:50:50,134 [pool-107-thread-1] INFO  server.RaftServerConfigKeys (ConfUtils.java:logGet(43)) - raft.server.log.appender.buffer.byte-limit = 33554432 (custom)
2019-09-17 11:50:50,134 [pool-77-thread-1] INFO  server.RaftServerConfigKeys (ConfUtils.java:logGet(43)) - raft.server.log.use.memory = false (default)
2019-09-17 11:50:50,135 [pool-107-thread-1] INFO  server.RaftServerConfigKeys (ConfUtils.java:logGet(43)) - raft.server.log.segment.size.max = 1048576 (custom)
2019-09-17 11:50:50,135 [pool-27-thread-1] INFO  server.RaftServerConfigKeys (ConfUtils.java:logGet(43)) - raft.server.log.force.sync.num = 128 (default)
2019-09-17 11:50:50,135 [pool-107-thread-1] INFO  server.RaftServerConfigKeys (ConfUtils.java:logGet(43)) - raft.server.log.segment.cache.num.max = 2 (custom)
2019-09-17 11:50:50,135 [pool-77-thread-1] INFO  server.RaftServerConfigKeys (ConfUtils.java:logGet(43)) - raft.server.log.purge.gap = 1000000 (custom)
2019-09-17 11:50:50,135 [pool-107-thread-1] INFO  segmented.SegmentedRaftLogWorker (SegmentedRaftLogWorker.java:<init>(172)) - new ee155057-4acb-4f3f-9013-4bd3c5a101b6@group-B3F5A0A8BDBD-SegmentedRaftLogWorker for RaftStorage:Storage Directory /tmp/workdir/hadoop-ozone/integration-test/target/test-dir/MiniOzoneClusterImpl-aba007c7-aff0-48a6-9a1c-5b8514ff46fc/datanode-8/data/ratis/1389dddd-6222-4e81-b4e1-b3f5a0a8bdbd
2019-09-17 11:50:50,135 [pool-27-thread-1] INFO  server.RaftServerConfigKeys (ConfUtils.java:logGet(43)) - raft.server.log.statemachine.data.sync = true (default)
2019-09-17 11:50:50,135 [pool-107-thread-1] INFO  server.RaftServerConfigKeys (ConfUtils.java:logGet(43)) - raft.server.log.queue.byte-limit = 2147483647 (custom)
2019-09-17 11:50:50,135 [pool-77-thread-1] INFO  server.RaftServerConfigKeys (ConfUtils.java:logGet(43)) - raft.server.log.appender.buffer.byte-limit = 33554432 (custom)
2019-09-17 11:50:50,136 [pool-107-thread-1] INFO  server.RaftServerConfigKeys (ConfUtils.java:logGet(43)) - raft.server.log.queue.element-limit = 1024 (custom)
2019-09-17 11:50:50,136 [pool-27-thread-1] INFO  server.RaftServerConfigKeys (ConfUtils.java:logGet(43)) - raft.server.log.statemachine.data.sync.timeout = 10s (default)
2019-09-17 11:50:50,136 [pool-107-thread-1] INFO  server.RaftServerConfigKeys (ConfUtils.java:logGet(43)) - raft.server.log.segment.size.max = 1048576 (custom)
2019-09-17 11:50:50,136 [pool-77-thread-1] INFO  server.RaftServerConfigKeys (ConfUtils.java:logGet(43)) - raft.server.log.segment.size.max = 1048576 (custom)
2019-09-17 11:50:50,136 [pool-107-thread-1] INFO  server.RaftServerConfigKeys (ConfUtils.java:logGet(43)) - raft.server.log.preallocated.size = 16384 (custom)
2019-09-17 11:50:50,136 [pool-27-thread-1] INFO  server.RaftServerConfigKeys (ConfUtils.java:logGet(43)) - raft.server.log.statemachine.data.sync.timeout.retry = -1 (default)
2019-09-17 11:50:50,136 [pool-107-thread-1] INFO  server.RaftServerConfigKeys (ConfUtils.java:logGet(43)) - raft.server.log.write.buffer.size = 33554432 (custom)
2019-09-17 11:50:50,137 [pool-27-thread-1] INFO  server.RaftServerConfigKeys (ConfUtils.java:logGet(43)) - raft.server.log.statemachine.data.caching.enabled = true (custom)
2019-09-17 11:50:50,136 [pool-77-thread-1] INFO  server.RaftServerConfigKeys (ConfUtils.java:logGet(43)) - raft.server.log.segment.cache.num.max = 2 (custom)
2019-09-17 11:50:50,137 [pool-107-thread-1] INFO  server.RaftServerConfigKeys (ConfUtils.java:logGet(43)) - raft.server.log.force.sync.num = 128 (default)
2019-09-17 11:50:50,137 [pool-77-thread-1] INFO  segmented.SegmentedRaftLogWorker (SegmentedRaftLogWorker.java:<init>(172)) - new 90cc32e6-bdd6-4f93-abb1-bc520dd025bc@group-B3F5A0A8BDBD-SegmentedRaftLogWorker for RaftStorage:Storage Directory /tmp/workdir/hadoop-ozone/integration-test/target/test-dir/MiniOzoneClusterImpl-aba007c7-aff0-48a6-9a1c-5b8514ff46fc/datanode-5/data/ratis/1389dddd-6222-4e81-b4e1-b3f5a0a8bdbd
2019-09-17 11:50:50,137 [pool-107-thread-1] INFO  server.RaftServerConfigKeys (ConfUtils.java:logGet(43)) - raft.server.log.statemachine.data.sync = true (default)
2019-09-17 11:50:50,137 [pool-27-thread-1] INFO  segmented.SegmentedRaftLogWorker (SegmentedRaftLogWorker.java:lambda$new$0(132)) - 533f21c9-6148-4926-981b-3030ea271196@group-B3F5A0A8BDBD-SegmentedRaftLogWorker: flushIndex: setUnconditionally 0 -> -1
2019-09-17 11:50:50,137 [pool-107-thread-1] INFO  server.RaftServerConfigKeys (ConfUtils.java:logGet(43)) - raft.server.log.statemachine.data.sync.timeout = 10s (default)
2019-09-17 11:50:50,137 [pool-77-thread-1] INFO  server.RaftServerConfigKeys (ConfUtils.java:logGet(43)) - raft.server.log.queue.byte-limit = 2147483647 (custom)
2019-09-17 11:50:50,138 [pool-27-thread-1] INFO  server.RaftServerConfigKeys (ConfUtils.java:logGet(43)) - raft.server.snapshot.auto.trigger.enabled = true (custom)
2019-09-17 11:50:50,138 [pool-107-thread-1] INFO  server.RaftServerConfigKeys (ConfUtils.java:logGet(43)) - raft.server.log.statemachine.data.sync.timeout.retry = -1 (default)
2019-09-17 11:50:50,138 [pool-27-thread-1] INFO  server.RaftServerConfigKeys (ConfUtils.java:logGet(43)) - raft.server.snapshot.auto.trigger.threshold = 10000 (custom)
2019-09-17 11:50:50,138 [pool-77-thread-1] INFO  server.RaftServerConfigKeys (ConfUtils.java:logGet(43)) - raft.server.log.queue.element-limit = 1024 (custom)
2019-09-17 11:50:50,138 [pool-27-thread-1] INFO  server.RaftServerConfigKeys (ConfUtils.java:logGet(43)) - raft.server.snapshot.retention.num.files = 5 (custom)
2019-09-17 11:50:50,138 [pool-107-thread-1] INFO  server.RaftServerConfigKeys (ConfUtils.java:logGet(43)) - raft.server.log.statemachine.data.caching.enabled = true (custom)
2019-09-17 11:50:50,138 [pool-27-thread-1] INFO  server.RaftServerConfigKeys (ConfUtils.java:logGet(43)) - raft.server.retrycache.expirytime = 600000ms (custom)
2019-09-17 11:50:50,138 [pool-77-thread-1] INFO  server.RaftServerConfigKeys (ConfUtils.java:logGet(43)) - raft.server.log.segment.size.max = 1048576 (custom)
2019-09-17 11:50:50,139 [pool-107-thread-1] INFO  segmented.SegmentedRaftLogWorker (SegmentedRaftLogWorker.java:lambda$new$0(132)) - ee155057-4acb-4f3f-9013-4bd3c5a101b6@group-B3F5A0A8BDBD-SegmentedRaftLogWorker: flushIndex: setUnconditionally 0 -> -1
2019-09-17 11:50:50,139 [pool-77-thread-1] INFO  server.RaftServerConfigKeys (ConfUtils.java:logGet(43)) - raft.server.log.preallocated.size = 16384 (custom)
2019-09-17 11:50:50,139 [pool-77-thread-1] INFO  server.RaftServerConfigKeys (ConfUtils.java:logGet(43)) - raft.server.log.write.buffer.size = 33554432 (custom)
2019-09-17 11:50:50,139 [pool-77-thread-1] INFO  server.RaftServerConfigKeys (ConfUtils.java:logGet(43)) - raft.server.log.force.sync.num = 128 (default)
2019-09-17 11:50:50,139 [pool-107-thread-1] INFO  server.RaftServerConfigKeys (ConfUtils.java:logGet(43)) - raft.server.snapshot.auto.trigger.enabled = true (custom)
2019-09-17 11:50:50,139 [533f21c9-6148-4926-981b-3030ea271196@group-D9629F26D855:LeaderElection1] INFO  server.RaftServerConfigKeys (ConfUtils.java:logGet(43)) - raft.server.staging.catchup.gap = 1000 (default)
2019-09-17 11:50:50,139 [pool-107-thread-1] INFO  server.RaftServerConfigKeys (ConfUtils.java:logGet(43)) - raft.server.snapshot.auto.trigger.threshold = 10000 (custom)
2019-09-17 11:50:50,139 [pool-77-thread-1] INFO  server.RaftServerConfigKeys (ConfUtils.java:logGet(43)) - raft.server.log.statemachine.data.sync = true (default)
2019-09-17 11:50:50,139 [pool-107-thread-1] INFO  server.RaftServerConfigKeys (ConfUtils.java:logGet(43)) - raft.server.snapshot.retention.num.files = 5 (custom)
2019-09-17 11:50:50,139 [533f21c9-6148-4926-981b-3030ea271196@group-D9629F26D855:LeaderElection1] INFO  server.RaftServerConfigKeys (ConfUtils.java:logGet(43)) - raft.server.rpc.sleep.time = 25ms (default)
2019-09-17 11:50:50,140 [pool-107-thread-1] INFO  server.RaftServerConfigKeys (ConfUtils.java:logGet(43)) - raft.server.retrycache.expirytime = 600000ms (custom)
2019-09-17 11:50:50,139 [pool-77-thread-1] INFO  server.RaftServerConfigKeys (ConfUtils.java:logGet(43)) - raft.server.log.statemachine.data.sync.timeout = 10s (default)
2019-09-17 11:50:50,140 [pool-77-thread-1] INFO  server.RaftServerConfigKeys (ConfUtils.java:logGet(43)) - raft.server.log.statemachine.data.sync.timeout.retry = -1 (default)
2019-09-17 11:50:50,140 [pool-77-thread-1] INFO  server.RaftServerConfigKeys (ConfUtils.java:logGet(43)) - raft.server.log.statemachine.data.caching.enabled = true (custom)
2019-09-17 11:50:50,141 [pool-77-thread-1] INFO  segmented.SegmentedRaftLogWorker (SegmentedRaftLogWorker.java:lambda$new$0(132)) - 90cc32e6-bdd6-4f93-abb1-bc520dd025bc@group-B3F5A0A8BDBD-SegmentedRaftLogWorker: flushIndex: setUnconditionally 0 -> -1
2019-09-17 11:50:50,141 [pool-77-thread-1] INFO  server.RaftServerConfigKeys (ConfUtils.java:logGet(43)) - raft.server.snapshot.auto.trigger.enabled = true (custom)
2019-09-17 11:50:50,141 [pool-77-thread-1] INFO  server.RaftServerConfigKeys (ConfUtils.java:logGet(43)) - raft.server.snapshot.auto.trigger.threshold = 10000 (custom)
2019-09-17 11:50:50,141 [pool-77-thread-1] INFO  server.RaftServerConfigKeys (ConfUtils.java:logGet(43)) - raft.server.snapshot.retention.num.files = 5 (custom)
2019-09-17 11:50:50,141 [pool-27-thread-1] INFO  impl.RaftServerImpl (RaftServerImpl.java:start(185)) - 533f21c9-6148-4926-981b-3030ea271196@group-B3F5A0A8BDBD: start as a follower, conf=-1: [533f21c9-6148-4926-981b-3030ea271196:192.168.157.219:45624, 90cc32e6-bdd6-4f93-abb1-bc520dd025bc:192.168.157.219:33403, ee155057-4acb-4f3f-9013-4bd3c5a101b6:192.168.157.219:41943], old=null
2019-09-17 11:50:50,142 [pool-77-thread-1] INFO  server.RaftServerConfigKeys (ConfUtils.java:logGet(43)) - raft.server.retrycache.expirytime = 600000ms (custom)
2019-09-17 11:50:50,142 [533f21c9-6148-4926-981b-3030ea271196@group-D9629F26D855:LeaderElection1] INFO  server.RaftServerConfigKeys (ConfUtils.java:logGet(43)) - raft.server.write.element-limit = 4096 (default)
2019-09-17 11:50:50,142 [pool-27-thread-1] INFO  impl.RaftServerImpl (RaftServerImpl.java:setRole(174)) - 533f21c9-6148-4926-981b-3030ea271196@group-B3F5A0A8BDBD: changes role from      null to FOLLOWER at term 0 for startAsFollower
2019-09-17 11:50:50,142 [pool-27-thread-1] INFO  impl.RoleInfo (RoleInfo.java:updateAndGet(143)) - 533f21c9-6148-4926-981b-3030ea271196: start FollowerState
2019-09-17 11:50:50,142 [pool-107-thread-1] INFO  impl.RaftServerImpl (RaftServerImpl.java:start(185)) - ee155057-4acb-4f3f-9013-4bd3c5a101b6@group-B3F5A0A8BDBD: start as a follower, conf=-1: [533f21c9-6148-4926-981b-3030ea271196:192.168.157.219:45624, 90cc32e6-bdd6-4f93-abb1-bc520dd025bc:192.168.157.219:33403, ee155057-4acb-4f3f-9013-4bd3c5a101b6:192.168.157.219:41943], old=null
2019-09-17 11:50:50,142 [pool-107-thread-1] INFO  impl.RaftServerImpl (RaftServerImpl.java:setRole(174)) - ee155057-4acb-4f3f-9013-4bd3c5a101b6@group-B3F5A0A8BDBD: changes role from      null to FOLLOWER at term 0 for startAsFollower
2019-09-17 11:50:50,143 [pool-27-thread-1] INFO  util.JmxRegister (JmxRegister.java:tryRegister(44)) - Successfully registered JMX Bean with object name Ratis:service=RaftServer,group=group-B3F5A0A8BDBD,id=533f21c9-6148-4926-981b-3030ea271196
2019-09-17 11:50:50,143 [pool-107-thread-1] INFO  impl.RoleInfo (RoleInfo.java:updateAndGet(143)) - ee155057-4acb-4f3f-9013-4bd3c5a101b6: start FollowerState
2019-09-17 11:50:50,143 [pool-107-thread-1] INFO  util.JmxRegister (JmxRegister.java:tryRegister(44)) - Successfully registered JMX Bean with object name Ratis:service=RaftServer,group=group-B3F5A0A8BDBD,id=ee155057-4acb-4f3f-9013-4bd3c5a101b6
2019-09-17 11:50:50,144 [533f21c9-6148-4926-981b-3030ea271196@group-D9629F26D855:LeaderElection1] INFO  server.RaftServerConfigKeys (ConfUtils.java:logGet(43)) - raft.server.watch.timeout = 10s (default)
2019-09-17 11:50:50,145 [533f21c9-6148-4926-981b-3030ea271196@group-D9629F26D855:LeaderElection1] INFO  server.RaftServerConfigKeys (ConfUtils.java:logGet(43)) - raft.server.watch.timeout.denomination = 1s (default)
2019-09-17 11:50:50,145 [pool-77-thread-1] INFO  impl.RaftServerImpl (RaftServerImpl.java:start(185)) - 90cc32e6-bdd6-4f93-abb1-bc520dd025bc@group-B3F5A0A8BDBD: start as a follower, conf=-1: [533f21c9-6148-4926-981b-3030ea271196:192.168.157.219:45624, 90cc32e6-bdd6-4f93-abb1-bc520dd025bc:192.168.157.219:33403, ee155057-4acb-4f3f-9013-4bd3c5a101b6:192.168.157.219:41943], old=null
2019-09-17 11:50:50,145 [pool-77-thread-1] INFO  impl.RaftServerImpl (RaftServerImpl.java:setRole(174)) - 90cc32e6-bdd6-4f93-abb1-bc520dd025bc@group-B3F5A0A8BDBD: changes role from      null to FOLLOWER at term 0 for startAsFollower
2019-09-17 11:50:50,147 [pool-77-thread-1] INFO  impl.RoleInfo (RoleInfo.java:updateAndGet(143)) - 90cc32e6-bdd6-4f93-abb1-bc520dd025bc: start FollowerState
2019-09-17 11:50:50,151 [pool-77-thread-1] INFO  util.JmxRegister (JmxRegister.java:tryRegister(44)) - Successfully registered JMX Bean with object name Ratis:service=RaftServer,group=group-B3F5A0A8BDBD,id=90cc32e6-bdd6-4f93-abb1-bc520dd025bc
2019-09-17 11:50:50,151 [533f21c9-6148-4926-981b-3030ea271196@group-D9629F26D855:LeaderElection1] INFO  server.RaftServerConfigKeys (ConfUtils.java:logGet(43)) - raft.server.watch.element-limit = 65536 (default)
2019-09-17 11:50:50,176 [RatisPipelineUtilsThread] INFO  pipeline.PipelineStateManager (PipelineStateManager.java:addPipeline(56)) - Created pipeline Pipeline[ Id: 1389dddd-6222-4e81-b4e1-b3f5a0a8bdbd, Nodes: 90cc32e6-bdd6-4f93-abb1-bc520dd025bc{ip: 192.168.157.219, host: pr-hdds-2121-5jcdq-2838215776, networkLocation: /default-rack, certSerialId: null}ee155057-4acb-4f3f-9013-4bd3c5a101b6{ip: 192.168.157.219, host: pr-hdds-2121-5jcdq-2838215776, networkLocation: /default-rack, certSerialId: null}533f21c9-6148-4926-981b-3030ea271196{ip: 192.168.157.219, host: pr-hdds-2121-5jcdq-2838215776, networkLocation: /default-rack, certSerialId: null}, Type:RATIS, Factor:THREE, State:OPEN]
2019-09-17 11:50:50,205 [grpc-default-executor-2] INFO  impl.RaftServerProxy (RaftServerProxy.java:addNew(89)) - 768e87e1-01a1-4abe-adbb-724fc729cfde: addNew group-4033F378C501:[768e87e1-01a1-4abe-adbb-724fc729cfde:192.168.157.219:39557, 0efbdbeb-0caf-4be4-a340-f9adf92e227b:192.168.157.219:42903, db5c95e9-dab2-4d3b-9775-2e3d4de03f2d:192.168.157.219:43472] returns group-4033F378C501:java.util.concurrent.CompletableFuture@6b76e45c[Not completed]
2019-09-17 11:50:50,208 [grpc-default-executor-0] INFO  impl.RaftServerProxy (RaftServerProxy.java:addNew(89)) - db5c95e9-dab2-4d3b-9775-2e3d4de03f2d: addNew group-4033F378C501:[768e87e1-01a1-4abe-adbb-724fc729cfde:192.168.157.219:39557, 0efbdbeb-0caf-4be4-a340-f9adf92e227b:192.168.157.219:42903, db5c95e9-dab2-4d3b-9775-2e3d4de03f2d:192.168.157.219:43472] returns group-4033F378C501:java.util.concurrent.CompletableFuture@3201bbe7[Not completed]
2019-09-17 11:50:50,210 [grpc-default-executor-2] INFO  impl.RaftServerProxy (RaftServerProxy.java:addNew(89)) - 0efbdbeb-0caf-4be4-a340-f9adf92e227b: addNew group-4033F378C501:[768e87e1-01a1-4abe-adbb-724fc729cfde:192.168.157.219:39557, 0efbdbeb-0caf-4be4-a340-f9adf92e227b:192.168.157.219:42903, db5c95e9-dab2-4d3b-9775-2e3d4de03f2d:192.168.157.219:43472] returns group-4033F378C501:java.util.concurrent.CompletableFuture@1d8e8aae[Not completed]
2019-09-17 11:50:50,211 [pool-37-thread-1] INFO  impl.RaftServerImpl (RaftServerImpl.java:<init>(95)) - 768e87e1-01a1-4abe-adbb-724fc729cfde: new RaftServerImpl for group-4033F378C501:[768e87e1-01a1-4abe-adbb-724fc729cfde:192.168.157.219:39557, 0efbdbeb-0caf-4be4-a340-f9adf92e227b:192.168.157.219:42903, db5c95e9-dab2-4d3b-9775-2e3d4de03f2d:192.168.157.219:43472] with ContainerStateMachine:uninitialized
2019-09-17 11:50:50,212 [pool-37-thread-1] INFO  server.RaftServerConfigKeys (ConfUtils.java:logGet(43)) - raft.server.rpc.timeout.min = 1s (custom)
2019-09-17 11:50:50,212 [533f21c9-6148-4926-981b-3030ea271196@group-D9629F26D855:LeaderElection1] INFO  impl.RoleInfo (RoleInfo.java:updateAndGet(143)) - 533f21c9-6148-4926-981b-3030ea271196: start LeaderState
2019-09-17 11:50:50,212 [pool-37-thread-1] INFO  server.RaftServerConfigKeys (ConfUtils.java:logGet(43)) - raft.server.rpc.timeout.max = 1200ms (custom)
2019-09-17 11:50:50,212 [pool-37-thread-1] INFO  server.RaftServerConfigKeys (ConfUtils.java:logGet(43)) - raft.server.rpcslowness.timeout = 120s (custom)
2019-09-17 11:50:50,212 [pool-37-thread-1] INFO  server.RaftServerConfigKeys (ConfUtils.java:logGet(43)) - raft.server.sleep.deviation.threshold = 300 (default)
2019-09-17 11:50:50,212 [pool-37-thread-1] INFO  server.RaftServerConfigKeys (ConfUtils.java:logGet(43)) - raft.server.log.appender.install.snapshot.enabled = false (custom)
2019-09-17 11:50:50,212 [pool-97-thread-1] INFO  impl.RaftServerImpl (RaftServerImpl.java:<init>(95)) - 0efbdbeb-0caf-4be4-a340-f9adf92e227b: new RaftServerImpl for group-4033F378C501:[768e87e1-01a1-4abe-adbb-724fc729cfde:192.168.157.219:39557, 0efbdbeb-0caf-4be4-a340-f9adf92e227b:192.168.157.219:42903, db5c95e9-dab2-4d3b-9775-2e3d4de03f2d:192.168.157.219:43472] with ContainerStateMachine:uninitialized
2019-09-17 11:50:50,212 [pool-37-thread-1] INFO  impl.RaftServerImpl (ServerState.java:<init>(103)) - 768e87e1-01a1-4abe-adbb-724fc729cfde@group-4033F378C501: ConfigurationManager, init=-1: [768e87e1-01a1-4abe-adbb-724fc729cfde:192.168.157.219:39557, 0efbdbeb-0caf-4be4-a340-f9adf92e227b:192.168.157.219:42903, db5c95e9-dab2-4d3b-9775-2e3d4de03f2d:192.168.157.219:43472], old=null, confs=<EMPTY_MAP>
2019-09-17 11:50:50,212 [pool-97-thread-1] INFO  server.RaftServerConfigKeys (ConfUtils.java:logGet(43)) - raft.server.rpc.timeout.min = 1s (custom)
2019-09-17 11:50:50,213 [pool-37-thread-1] INFO  server.RaftServerConfigKeys (ConfUtils.java:logGet(43)) - raft.server.storage.dir = [/tmp/workdir/hadoop-ozone/integration-test/target/test-dir/MiniOzoneClusterImpl-aba007c7-aff0-48a6-9a1c-5b8514ff46fc/datanode-1/data/ratis] (custom)
2019-09-17 11:50:50,213 [pool-97-thread-1] INFO  server.RaftServerConfigKeys (ConfUtils.java:logGet(43)) - raft.server.rpc.timeout.max = 1200ms (custom)
2019-09-17 11:50:50,213 [pool-97-thread-1] INFO  server.RaftServerConfigKeys (ConfUtils.java:logGet(43)) - raft.server.rpcslowness.timeout = 120s (custom)
2019-09-17 11:50:50,213 [pool-97-thread-1] INFO  server.RaftServerConfigKeys (ConfUtils.java:logGet(43)) - raft.server.sleep.deviation.threshold = 300 (default)
2019-09-17 11:50:50,213 [pool-37-thread-1] INFO  storage.RaftStorageDirectory (RaftStorageDirectory.java:analyzeStorage(246)) - The storage directory /tmp/workdir/hadoop-ozone/integration-test/target/test-dir/MiniOzoneClusterImpl-aba007c7-aff0-48a6-9a1c-5b8514ff46fc/datanode-1/data/ratis/39788b26-8e4f-498d-9caf-4033f378c501 does not exist. Creating ...
2019-09-17 11:50:50,213 [pool-57-thread-1] INFO  impl.RaftServerImpl (RaftServerImpl.java:<init>(95)) - db5c95e9-dab2-4d3b-9775-2e3d4de03f2d: new RaftServerImpl for group-4033F378C501:[768e87e1-01a1-4abe-adbb-724fc729cfde:192.168.157.219:39557, 0efbdbeb-0caf-4be4-a340-f9adf92e227b:192.168.157.219:42903, db5c95e9-dab2-4d3b-9775-2e3d4de03f2d:192.168.157.219:43472] with ContainerStateMachine:uninitialized
2019-09-17 11:50:50,213 [pool-97-thread-1] INFO  server.RaftServerConfigKeys (ConfUtils.java:logGet(43)) - raft.server.log.appender.install.snapshot.enabled = false (custom)
2019-09-17 11:50:50,213 [pool-57-thread-1] INFO  server.RaftServerConfigKeys (ConfUtils.java:logGet(43)) - raft.server.rpc.timeout.min = 1s (custom)
2019-09-17 11:50:50,214 [pool-97-thread-1] INFO  impl.RaftServerImpl (ServerState.java:<init>(103)) - 0efbdbeb-0caf-4be4-a340-f9adf92e227b@group-4033F378C501: ConfigurationManager, init=-1: [768e87e1-01a1-4abe-adbb-724fc729cfde:192.168.157.219:39557, 0efbdbeb-0caf-4be4-a340-f9adf92e227b:192.168.157.219:42903, db5c95e9-dab2-4d3b-9775-2e3d4de03f2d:192.168.157.219:43472], old=null, confs=<EMPTY_MAP>
2019-09-17 11:50:50,214 [pool-57-thread-1] INFO  server.RaftServerConfigKeys (ConfUtils.java:logGet(43)) - raft.server.rpc.timeout.max = 1200ms (custom)
2019-09-17 11:50:50,214 [pool-97-thread-1] INFO  server.RaftServerConfigKeys (ConfUtils.java:logGet(43)) - raft.server.storage.dir = [/tmp/workdir/hadoop-ozone/integration-test/target/test-dir/MiniOzoneClusterImpl-aba007c7-aff0-48a6-9a1c-5b8514ff46fc/datanode-7/data/ratis] (custom)
2019-09-17 11:50:50,214 [pool-57-thread-1] INFO  server.RaftServerConfigKeys (ConfUtils.java:logGet(43)) - raft.server.rpcslowness.timeout = 120s (custom)
2019-09-17 11:50:50,214 [pool-57-thread-1] INFO  server.RaftServerConfigKeys (ConfUtils.java:logGet(43)) - raft.server.sleep.deviation.threshold = 300 (default)
2019-09-17 11:50:50,214 [pool-97-thread-1] INFO  storage.RaftStorageDirectory (RaftStorageDirectory.java:analyzeStorage(246)) - The storage directory /tmp/workdir/hadoop-ozone/integration-test/target/test-dir/MiniOzoneClusterImpl-aba007c7-aff0-48a6-9a1c-5b8514ff46fc/datanode-7/data/ratis/39788b26-8e4f-498d-9caf-4033f378c501 does not exist. Creating ...
2019-09-17 11:50:50,214 [pool-57-thread-1] INFO  server.RaftServerConfigKeys (ConfUtils.java:logGet(43)) - raft.server.log.appender.install.snapshot.enabled = false (custom)
2019-09-17 11:50:50,215 [pool-57-thread-1] INFO  impl.RaftServerImpl (ServerState.java:<init>(103)) - db5c95e9-dab2-4d3b-9775-2e3d4de03f2d@group-4033F378C501: ConfigurationManager, init=-1: [768e87e1-01a1-4abe-adbb-724fc729cfde:192.168.157.219:39557, 0efbdbeb-0caf-4be4-a340-f9adf92e227b:192.168.157.219:42903, db5c95e9-dab2-4d3b-9775-2e3d4de03f2d:192.168.157.219:43472], old=null, confs=<EMPTY_MAP>
2019-09-17 11:50:50,215 [pool-57-thread-1] INFO  server.RaftServerConfigKeys (ConfUtils.java:logGet(43)) - raft.server.storage.dir = [/tmp/workdir/hadoop-ozone/integration-test/target/test-dir/MiniOzoneClusterImpl-aba007c7-aff0-48a6-9a1c-5b8514ff46fc/datanode-3/data/ratis] (custom)
2019-09-17 11:50:50,215 [pool-57-thread-1] INFO  storage.RaftStorageDirectory (RaftStorageDirectory.java:analyzeStorage(246)) - The storage directory /tmp/workdir/hadoop-ozone/integration-test/target/test-dir/MiniOzoneClusterImpl-aba007c7-aff0-48a6-9a1c-5b8514ff46fc/datanode-3/data/ratis/39788b26-8e4f-498d-9caf-4033f378c501 does not exist. Creating ...
2019-09-17 11:50:50,235 [533f21c9-6148-4926-981b-3030ea271196@group-D9629F26D855:LeaderElection1] INFO  segmented.SegmentedRaftLogWorker (SegmentedRaftLogWorker.java:startLogSegment(380)) - 533f21c9-6148-4926-981b-3030ea271196@group-D9629F26D855-SegmentedRaftLogWorker: Starting segment from index:0
2019-09-17 11:50:50,238 [pool-57-thread-1] INFO  storage.RaftStorageDirectory (RaftStorageDirectory.java:tryLock(328)) - Lock on /tmp/workdir/hadoop-ozone/integration-test/target/test-dir/MiniOzoneClusterImpl-aba007c7-aff0-48a6-9a1c-5b8514ff46fc/datanode-3/data/ratis/39788b26-8e4f-498d-9caf-4033f378c501/in_use.lock acquired by nodename 16462@pr-hdds-2121-5jcdq-2838215776
2019-09-17 11:50:50,238 [pool-97-thread-1] INFO  storage.RaftStorageDirectory (RaftStorageDirectory.java:tryLock(328)) - Lock on /tmp/workdir/hadoop-ozone/integration-test/target/test-dir/MiniOzoneClusterImpl-aba007c7-aff0-48a6-9a1c-5b8514ff46fc/datanode-7/data/ratis/39788b26-8e4f-498d-9caf-4033f378c501/in_use.lock acquired by nodename 16462@pr-hdds-2121-5jcdq-2838215776
2019-09-17 11:50:50,238 [pool-37-thread-1] INFO  storage.RaftStorageDirectory (RaftStorageDirectory.java:tryLock(328)) - Lock on /tmp/workdir/hadoop-ozone/integration-test/target/test-dir/MiniOzoneClusterImpl-aba007c7-aff0-48a6-9a1c-5b8514ff46fc/datanode-1/data/ratis/39788b26-8e4f-498d-9caf-4033f378c501/in_use.lock acquired by nodename 16462@pr-hdds-2121-5jcdq-2838215776
2019-09-17 11:50:50,245 [533f21c9-6148-4926-981b-3030ea271196@group-D9629F26D855:LeaderElection1] INFO  impl.RaftServerImpl (ServerState.java:setRaftConf(354)) - 533f21c9-6148-4926-981b-3030ea271196@group-D9629F26D855: set configuration 0: [533f21c9-6148-4926-981b-3030ea271196:192.168.157.219:45624], old=null at 0
2019-09-17 11:50:50,271 [pool-57-thread-1] INFO  storage.RaftStorage (RaftStorage.java:format(72)) - Storage directory /tmp/workdir/hadoop-ozone/integration-test/target/test-dir/MiniOzoneClusterImpl-aba007c7-aff0-48a6-9a1c-5b8514ff46fc/datanode-3/data/ratis/39788b26-8e4f-498d-9caf-4033f378c501 has been successfully formatted.
2019-09-17 11:50:50,272 [pool-97-thread-1] INFO  storage.RaftStorage (RaftStorage.java:format(72)) - Storage directory /tmp/workdir/hadoop-ozone/integration-test/target/test-dir/MiniOzoneClusterImpl-aba007c7-aff0-48a6-9a1c-5b8514ff46fc/datanode-7/data/ratis/39788b26-8e4f-498d-9caf-4033f378c501 has been successfully formatted.
2019-09-17 11:50:50,272 [pool-57-thread-1] INFO  ratis.ContainerStateMachine (ContainerStateMachine.java:loadSnapshot(230)) - group-4033F378C501: The snapshot info is null. Setting the last applied indexto:(t:0, i:~)
2019-09-17 11:50:50,272 [pool-37-thread-1] INFO  storage.RaftStorage (RaftStorage.java:format(72)) - Storage directory /tmp/workdir/hadoop-ozone/integration-test/target/test-dir/MiniOzoneClusterImpl-aba007c7-aff0-48a6-9a1c-5b8514ff46fc/datanode-1/data/ratis/39788b26-8e4f-498d-9caf-4033f378c501 has been successfully formatted.
2019-09-17 11:50:50,272 [pool-57-thread-1] INFO  server.RaftServerConfigKeys (ConfUtils.java:logGet(43)) - raft.server.notification.no-leader.timeout = 120s (custom)
2019-09-17 11:50:50,272 [pool-37-thread-1] INFO  ratis.ContainerStateMachine (ContainerStateMachine.java:loadSnapshot(230)) - group-4033F378C501: The snapshot info is null. Setting the last applied indexto:(t:0, i:~)
2019-09-17 11:50:50,272 [pool-97-thread-1] INFO  ratis.ContainerStateMachine (ContainerStateMachine.java:loadSnapshot(230)) - group-4033F378C501: The snapshot info is null. Setting the last applied indexto:(t:0, i:~)
2019-09-17 11:50:50,272 [pool-37-thread-1] INFO  server.RaftServerConfigKeys (ConfUtils.java:logGet(43)) - raft.server.notification.no-leader.timeout = 120s (custom)
2019-09-17 11:50:50,272 [pool-57-thread-1] INFO  server.RaftServerConfigKeys (ConfUtils.java:logGet(43)) - raft.server.log.use.memory = false (default)
2019-09-17 11:50:50,273 [pool-37-thread-1] INFO  server.RaftServerConfigKeys (ConfUtils.java:logGet(43)) - raft.server.log.use.memory = false (default)
2019-09-17 11:50:50,272 [pool-97-thread-1] INFO  server.RaftServerConfigKeys (ConfUtils.java:logGet(43)) - raft.server.notification.no-leader.timeout = 120s (custom)
2019-09-17 11:50:50,273 [pool-37-thread-1] INFO  server.RaftServerConfigKeys (ConfUtils.java:logGet(43)) - raft.server.log.purge.gap = 1000000 (custom)
2019-09-17 11:50:50,273 [pool-57-thread-1] INFO  server.RaftServerConfigKeys (ConfUtils.java:logGet(43)) - raft.server.log.purge.gap = 1000000 (custom)
2019-09-17 11:50:50,273 [pool-37-thread-1] INFO  server.RaftServerConfigKeys (ConfUtils.java:logGet(43)) - raft.server.log.appender.buffer.byte-limit = 33554432 (custom)
2019-09-17 11:50:50,273 [pool-97-thread-1] INFO  server.RaftServerConfigKeys (ConfUtils.java:logGet(43)) - raft.server.log.use.memory = false (default)
2019-09-17 11:50:50,273 [pool-37-thread-1] INFO  server.RaftServerConfigKeys (ConfUtils.java:logGet(43)) - raft.server.log.segment.size.max = 1048576 (custom)
2019-09-17 11:50:50,273 [pool-57-thread-1] INFO  server.RaftServerConfigKeys (ConfUtils.java:logGet(43)) - raft.server.log.appender.buffer.byte-limit = 33554432 (custom)
2019-09-17 11:50:50,274 [pool-37-thread-1] INFO  server.RaftServerConfigKeys (ConfUtils.java:logGet(43)) - raft.server.log.segment.cache.num.max = 2 (custom)
2019-09-17 11:50:50,273 [pool-97-thread-1] INFO  server.RaftServerConfigKeys (ConfUtils.java:logGet(43)) - raft.server.log.purge.gap = 1000000 (custom)
2019-09-17 11:50:50,274 [pool-37-thread-1] INFO  segmented.SegmentedRaftLogWorker (SegmentedRaftLogWorker.java:<init>(172)) - new 768e87e1-01a1-4abe-adbb-724fc729cfde@group-4033F378C501-SegmentedRaftLogWorker for RaftStorage:Storage Directory /tmp/workdir/hadoop-ozone/integration-test/target/test-dir/MiniOzoneClusterImpl-aba007c7-aff0-48a6-9a1c-5b8514ff46fc/datanode-1/data/ratis/39788b26-8e4f-498d-9caf-4033f378c501
2019-09-17 11:50:50,274 [pool-57-thread-1] INFO  server.RaftServerConfigKeys (ConfUtils.java:logGet(43)) - raft.server.log.segment.size.max = 1048576 (custom)
2019-09-17 11:50:50,274 [pool-37-thread-1] INFO  server.RaftServerConfigKeys (ConfUtils.java:logGet(43)) - raft.server.log.queue.byte-limit = 2147483647 (custom)
2019-09-17 11:50:50,274 [pool-97-thread-1] INFO  server.RaftServerConfigKeys (ConfUtils.java:logGet(43)) - raft.server.log.appender.buffer.byte-limit = 33554432 (custom)
2019-09-17 11:50:50,274 [pool-37-thread-1] INFO  server.RaftServerConfigKeys (ConfUtils.java:logGet(43)) - raft.server.log.queue.element-limit = 1024 (custom)
2019-09-17 11:50:50,274 [pool-57-thread-1] INFO  server.RaftServerConfigKeys (ConfUtils.java:logGet(43)) - raft.server.log.segment.cache.num.max = 2 (custom)
2019-09-17 11:50:50,275 [pool-37-thread-1] INFO  server.RaftServerConfigKeys (ConfUtils.java:logGet(43)) - raft.server.log.segment.size.max = 1048576 (custom)
2019-09-17 11:50:50,274 [pool-97-thread-1] INFO  server.RaftServerConfigKeys (ConfUtils.java:logGet(43)) - raft.server.log.segment.size.max = 1048576 (custom)
2019-09-17 11:50:50,275 [pool-37-thread-1] INFO  server.RaftServerConfigKeys (ConfUtils.java:logGet(43)) - raft.server.log.preallocated.size = 16384 (custom)
2019-09-17 11:50:50,275 [pool-57-thread-1] INFO  segmented.SegmentedRaftLogWorker (SegmentedRaftLogWorker.java:<init>(172)) - new db5c95e9-dab2-4d3b-9775-2e3d4de03f2d@group-4033F378C501-SegmentedRaftLogWorker for RaftStorage:Storage Directory /tmp/workdir/hadoop-ozone/integration-test/target/test-dir/MiniOzoneClusterImpl-aba007c7-aff0-48a6-9a1c-5b8514ff46fc/datanode-3/data/ratis/39788b26-8e4f-498d-9caf-4033f378c501
2019-09-17 11:50:50,275 [pool-37-thread-1] INFO  server.RaftServerConfigKeys (ConfUtils.java:logGet(43)) - raft.server.log.write.buffer.size = 33554432 (custom)
2019-09-17 11:50:50,275 [pool-97-thread-1] INFO  server.RaftServerConfigKeys (ConfUtils.java:logGet(43)) - raft.server.log.segment.cache.num.max = 2 (custom)
2019-09-17 11:50:50,277 [pool-37-thread-1] INFO  server.RaftServerConfigKeys (ConfUtils.java:logGet(43)) - raft.server.log.force.sync.num = 128 (default)
2019-09-17 11:50:50,275 [pool-57-thread-1] INFO  server.RaftServerConfigKeys (ConfUtils.java:logGet(43)) - raft.server.log.queue.byte-limit = 2147483647 (custom)
2019-09-17 11:50:50,275 [Thread-288] INFO  impl.FollowerState (FollowerState.java:run(106)) - 90cc32e6-bdd6-4f93-abb1-bc520dd025bc:group-2878717B53A4 changes to CANDIDATE, lastRpcTime:1081, electionTimeout:1078ms
2019-09-17 11:50:50,278 [pool-57-thread-1] INFO  server.RaftServerConfigKeys (ConfUtils.java:logGet(43)) - raft.server.log.queue.element-limit = 1024 (custom)
2019-09-17 11:50:50,278 [pool-37-thread-1] INFO  server.RaftServerConfigKeys (ConfUtils.java:logGet(43)) - raft.server.log.statemachine.data.sync = true (default)
2019-09-17 11:50:50,278 [pool-97-thread-1] INFO  segmented.SegmentedRaftLogWorker (SegmentedRaftLogWorker.java:<init>(172)) - new 0efbdbeb-0caf-4be4-a340-f9adf92e227b@group-4033F378C501-SegmentedRaftLogWorker for RaftStorage:Storage Directory /tmp/workdir/hadoop-ozone/integration-test/target/test-dir/MiniOzoneClusterImpl-aba007c7-aff0-48a6-9a1c-5b8514ff46fc/datanode-7/data/ratis/39788b26-8e4f-498d-9caf-4033f378c501
2019-09-17 11:50:50,278 [pool-37-thread-1] INFO  server.RaftServerConfigKeys (ConfUtils.java:logGet(43)) - raft.server.log.statemachine.data.sync.timeout = 10s (default)
2019-09-17 11:50:50,278 [pool-37-thread-1] INFO  server.RaftServerConfigKeys (ConfUtils.java:logGet(43)) - raft.server.log.statemachine.data.sync.timeout.retry = -1 (default)
2019-09-17 11:50:50,278 [pool-57-thread-1] INFO  server.RaftServerConfigKeys (ConfUtils.java:logGet(43)) - raft.server.log.segment.size.max = 1048576 (custom)
2019-09-17 11:50:50,278 [Thread-288] INFO  impl.RoleInfo (RoleInfo.java:shutdownFollowerState(121)) - 90cc32e6-bdd6-4f93-abb1-bc520dd025bc: shutdown FollowerState
2019-09-17 11:50:50,279 [pool-57-thread-1] INFO  server.RaftServerConfigKeys (ConfUtils.java:logGet(43)) - raft.server.log.preallocated.size = 16384 (custom)
2019-09-17 11:50:50,279 [pool-37-thread-1] INFO  server.RaftServerConfigKeys (ConfUtils.java:logGet(43)) - raft.server.log.statemachine.data.caching.enabled = true (custom)
2019-09-17 11:50:50,278 [pool-97-thread-1] INFO  server.RaftServerConfigKeys (ConfUtils.java:logGet(43)) - raft.server.log.queue.byte-limit = 2147483647 (custom)
2019-09-17 11:50:50,279 [pool-57-thread-1] INFO  server.RaftServerConfigKeys (ConfUtils.java:logGet(43)) - raft.server.log.write.buffer.size = 33554432 (custom)
2019-09-17 11:50:50,279 [Thread-288] INFO  impl.RaftServerImpl (RaftServerImpl.java:setRole(174)) - 90cc32e6-bdd6-4f93-abb1-bc520dd025bc@group-2878717B53A4: changes role from  FOLLOWER to CANDIDATE at term 0 for changeToCandidate
2019-09-17 11:50:50,279 [pool-57-thread-1] INFO  server.RaftServerConfigKeys (ConfUtils.java:logGet(43)) - raft.server.log.force.sync.num = 128 (default)
2019-09-17 11:50:50,279 [pool-37-thread-1] INFO  segmented.SegmentedRaftLogWorker (SegmentedRaftLogWorker.java:lambda$new$0(132)) - 768e87e1-01a1-4abe-adbb-724fc729cfde@group-4033F378C501-SegmentedRaftLogWorker: flushIndex: setUnconditionally 0 -> -1
2019-09-17 11:50:50,279 [pool-97-thread-1] INFO  server.RaftServerConfigKeys (ConfUtils.java:logGet(43)) - raft.server.log.queue.element-limit = 1024 (custom)
2019-09-17 11:50:50,280 [pool-57-thread-1] INFO  server.RaftServerConfigKeys (ConfUtils.java:logGet(43)) - raft.server.log.statemachine.data.sync = true (default)
2019-09-17 11:50:50,280 [Thread-288] INFO  impl.RoleInfo (RoleInfo.java:updateAndGet(143)) - 90cc32e6-bdd6-4f93-abb1-bc520dd025bc: start LeaderElection
2019-09-17 11:50:50,280 [pool-57-thread-1] INFO  server.RaftServerConfigKeys (ConfUtils.java:logGet(43)) - raft.server.log.statemachine.data.sync.timeout = 10s (default)
2019-09-17 11:50:50,280 [pool-97-thread-1] INFO  server.RaftServerConfigKeys (ConfUtils.java:logGet(43)) - raft.server.log.segment.size.max = 1048576 (custom)
2019-09-17 11:50:50,280 [pool-37-thread-1] INFO  server.RaftServerConfigKeys (ConfUtils.java:logGet(43)) - raft.server.snapshot.auto.trigger.enabled = true (custom)
2019-09-17 11:50:50,288 [pool-97-thread-1] INFO  server.RaftServerConfigKeys (ConfUtils.java:logGet(43)) - raft.server.log.preallocated.size = 16384 (custom)
2019-09-17 11:50:50,280 [pool-57-thread-1] INFO  server.RaftServerConfigKeys (ConfUtils.java:logGet(43)) - raft.server.log.statemachine.data.sync.timeout.retry = -1 (default)
2019-09-17 11:50:50,288 [pool-97-thread-1] INFO  server.RaftServerConfigKeys (ConfUtils.java:logGet(43)) - raft.server.log.write.buffer.size = 33554432 (custom)
2019-09-17 11:50:50,288 [pool-37-thread-1] INFO  server.RaftServerConfigKeys (ConfUtils.java:logGet(43)) - raft.server.snapshot.auto.trigger.threshold = 10000 (custom)
2019-09-17 11:50:50,288 [pool-97-thread-1] INFO  server.RaftServerConfigKeys (ConfUtils.java:logGet(43)) - raft.server.log.force.sync.num = 128 (default)
2019-09-17 11:50:50,288 [pool-57-thread-1] INFO  server.RaftServerConfigKeys (ConfUtils.java:logGet(43)) - raft.server.log.statemachine.data.caching.enabled = true (custom)
2019-09-17 11:50:50,288 [pool-97-thread-1] INFO  server.RaftServerConfigKeys (ConfUtils.java:logGet(43)) - raft.server.log.statemachine.data.sync = true (default)
2019-09-17 11:50:50,288 [pool-37-thread-1] INFO  server.RaftServerConfigKeys (ConfUtils.java:logGet(43)) - raft.server.snapshot.retention.num.files = 5 (custom)
2019-09-17 11:50:50,289 [pool-97-thread-1] INFO  server.RaftServerConfigKeys (ConfUtils.java:logGet(43)) - raft.server.log.statemachine.data.sync.timeout = 10s (default)
2019-09-17 11:50:50,289 [pool-57-thread-1] INFO  segmented.SegmentedRaftLogWorker (SegmentedRaftLogWorker.java:lambda$new$0(132)) - db5c95e9-dab2-4d3b-9775-2e3d4de03f2d@group-4033F378C501-SegmentedRaftLogWorker: flushIndex: setUnconditionally 0 -> -1
2019-09-17 11:50:50,289 [pool-97-thread-1] INFO  server.RaftServerConfigKeys (ConfUtils.java:logGet(43)) - raft.server.log.statemachine.data.sync.timeout.retry = -1 (default)
2019-09-17 11:50:50,289 [pool-37-thread-1] INFO  server.RaftServerConfigKeys (ConfUtils.java:logGet(43)) - raft.server.retrycache.expirytime = 600000ms (custom)
2019-09-17 11:50:50,289 [pool-97-thread-1] INFO  server.RaftServerConfigKeys (ConfUtils.java:logGet(43)) - raft.server.log.statemachine.data.caching.enabled = true (custom)
2019-09-17 11:50:50,289 [pool-57-thread-1] INFO  server.RaftServerConfigKeys (ConfUtils.java:logGet(43)) - raft.server.snapshot.auto.trigger.enabled = true (custom)
2019-09-17 11:50:50,290 [pool-57-thread-1] INFO  server.RaftServerConfigKeys (ConfUtils.java:logGet(43)) - raft.server.snapshot.auto.trigger.threshold = 10000 (custom)
2019-09-17 11:50:50,290 [pool-57-thread-1] INFO  server.RaftServerConfigKeys (ConfUtils.java:logGet(43)) - raft.server.snapshot.retention.num.files = 5 (custom)
2019-09-17 11:50:50,290 [pool-97-thread-1] INFO  segmented.SegmentedRaftLogWorker (SegmentedRaftLogWorker.java:lambda$new$0(132)) - 0efbdbeb-0caf-4be4-a340-f9adf92e227b@group-4033F378C501-SegmentedRaftLogWorker: flushIndex: setUnconditionally 0 -> -1
2019-09-17 11:50:50,290 [pool-57-thread-1] INFO  server.RaftServerConfigKeys (ConfUtils.java:logGet(43)) - raft.server.retrycache.expirytime = 600000ms (custom)
2019-09-17 11:50:50,290 [pool-97-thread-1] INFO  server.RaftServerConfigKeys (ConfUtils.java:logGet(43)) - raft.server.snapshot.auto.trigger.enabled = true (custom)
2019-09-17 11:50:50,290 [pool-97-thread-1] INFO  server.RaftServerConfigKeys (ConfUtils.java:logGet(43)) - raft.server.snapshot.auto.trigger.threshold = 10000 (custom)
2019-09-17 11:50:50,290 [pool-97-thread-1] INFO  server.RaftServerConfigKeys (ConfUtils.java:logGet(43)) - raft.server.snapshot.retention.num.files = 5 (custom)
2019-09-17 11:50:50,291 [pool-97-thread-1] INFO  server.RaftServerConfigKeys (ConfUtils.java:logGet(43)) - raft.server.retrycache.expirytime = 600000ms (custom)
2019-09-17 11:50:50,292 [pool-37-thread-1] INFO  impl.RaftServerImpl (RaftServerImpl.java:start(185)) - 768e87e1-01a1-4abe-adbb-724fc729cfde@group-4033F378C501: start as a follower, conf=-1: [768e87e1-01a1-4abe-adbb-724fc729cfde:192.168.157.219:39557, 0efbdbeb-0caf-4be4-a340-f9adf92e227b:192.168.157.219:42903, db5c95e9-dab2-4d3b-9775-2e3d4de03f2d:192.168.157.219:43472], old=null
2019-09-17 11:50:50,292 [pool-57-thread-1] INFO  impl.RaftServerImpl (RaftServerImpl.java:start(185)) - db5c95e9-dab2-4d3b-9775-2e3d4de03f2d@group-4033F378C501: start as a follower, conf=-1: [768e87e1-01a1-4abe-adbb-724fc729cfde:192.168.157.219:39557, 0efbdbeb-0caf-4be4-a340-f9adf92e227b:192.168.157.219:42903, db5c95e9-dab2-4d3b-9775-2e3d4de03f2d:192.168.157.219:43472], old=null
2019-09-17 11:50:50,292 [pool-37-thread-1] INFO  impl.RaftServerImpl (RaftServerImpl.java:setRole(174)) - 768e87e1-01a1-4abe-adbb-724fc729cfde@group-4033F378C501: changes role from      null to FOLLOWER at term 0 for startAsFollower
2019-09-17 11:50:50,292 [pool-57-thread-1] INFO  impl.RaftServerImpl (RaftServerImpl.java:setRole(174)) - db5c95e9-dab2-4d3b-9775-2e3d4de03f2d@group-4033F378C501: changes role from      null to FOLLOWER at term 0 for startAsFollower
2019-09-17 11:50:50,292 [pool-37-thread-1] INFO  impl.RoleInfo (RoleInfo.java:updateAndGet(143)) - 768e87e1-01a1-4abe-adbb-724fc729cfde: start FollowerState
2019-09-17 11:50:50,292 [pool-57-thread-1] INFO  impl.RoleInfo (RoleInfo.java:updateAndGet(143)) - db5c95e9-dab2-4d3b-9775-2e3d4de03f2d: start FollowerState
2019-09-17 11:50:50,292 [pool-37-thread-1] INFO  util.JmxRegister (JmxRegister.java:tryRegister(44)) - Successfully registered JMX Bean with object name Ratis:service=RaftServer,group=group-4033F378C501,id=768e87e1-01a1-4abe-adbb-724fc729cfde
2019-09-17 11:50:50,292 [pool-57-thread-1] INFO  util.JmxRegister (JmxRegister.java:tryRegister(44)) - Successfully registered JMX Bean with object name Ratis:service=RaftServer,group=group-4033F378C501,id=db5c95e9-dab2-4d3b-9775-2e3d4de03f2d
2019-09-17 11:50:50,294 [pool-97-thread-1] INFO  impl.RaftServerImpl (RaftServerImpl.java:start(185)) - 0efbdbeb-0caf-4be4-a340-f9adf92e227b@group-4033F378C501: start as a follower, conf=-1: [768e87e1-01a1-4abe-adbb-724fc729cfde:192.168.157.219:39557, 0efbdbeb-0caf-4be4-a340-f9adf92e227b:192.168.157.219:42903, db5c95e9-dab2-4d3b-9775-2e3d4de03f2d:192.168.157.219:43472], old=null
2019-09-17 11:50:50,294 [pool-97-thread-1] INFO  impl.RaftServerImpl (RaftServerImpl.java:setRole(174)) - 0efbdbeb-0caf-4be4-a340-f9adf92e227b@group-4033F378C501: changes role from      null to FOLLOWER at term 0 for startAsFollower
2019-09-17 11:50:50,296 [pool-97-thread-1] INFO  impl.RoleInfo (RoleInfo.java:updateAndGet(143)) - 0efbdbeb-0caf-4be4-a340-f9adf92e227b: start FollowerState
2019-09-17 11:50:50,302 [90cc32e6-bdd6-4f93-abb1-bc520dd025bc@group-2878717B53A4:LeaderElection2] INFO  impl.LeaderElection (LeaderElection.java:askForVotes(182)) - 90cc32e6-bdd6-4f93-abb1-bc520dd025bc@group-2878717B53A4:LeaderElection2: begin an election at term 1 for -1: [90cc32e6-bdd6-4f93-abb1-bc520dd025bc:192.168.157.219:33403], old=null
2019-09-17 11:50:50,308 [90cc32e6-bdd6-4f93-abb1-bc520dd025bc@group-2878717B53A4:LeaderElection2] INFO  impl.RoleInfo (RoleInfo.java:shutdownLeaderElection(134)) - 90cc32e6-bdd6-4f93-abb1-bc520dd025bc: shutdown LeaderElection
2019-09-17 11:50:50,308 [pool-97-thread-1] INFO  util.JmxRegister (JmxRegister.java:tryRegister(44)) - Successfully registered JMX Bean with object name Ratis:service=RaftServer,group=group-4033F378C501,id=0efbdbeb-0caf-4be4-a340-f9adf92e227b
2019-09-17 11:50:50,308 [90cc32e6-bdd6-4f93-abb1-bc520dd025bc@group-2878717B53A4:LeaderElection2] INFO  impl.RaftServerImpl (RaftServerImpl.java:setRole(174)) - 90cc32e6-bdd6-4f93-abb1-bc520dd025bc@group-2878717B53A4: changes role from CANDIDATE to LEADER at term 1 for changeToLeader
2019-09-17 11:50:50,310 [90cc32e6-bdd6-4f93-abb1-bc520dd025bc@group-2878717B53A4:LeaderElection2] INFO  impl.RaftServerImpl (ServerState.java:setLeader(253)) - 90cc32e6-bdd6-4f93-abb1-bc520dd025bc@group-2878717B53A4: change Leader from null to 90cc32e6-bdd6-4f93-abb1-bc520dd025bc at term 1 for becomeLeader, leader elected after 1141ms
2019-09-17 11:50:50,310 [90cc32e6-bdd6-4f93-abb1-bc520dd025bc@group-2878717B53A4:LeaderElection2] INFO  server.RaftServerConfigKeys (ConfUtils.java:logGet(43)) - raft.server.staging.catchup.gap = 1000 (default)
2019-09-17 11:50:50,310 [90cc32e6-bdd6-4f93-abb1-bc520dd025bc@group-2878717B53A4:LeaderElection2] INFO  server.RaftServerConfigKeys (ConfUtils.java:logGet(43)) - raft.server.rpc.sleep.time = 25ms (default)
2019-09-17 11:50:50,310 [90cc32e6-bdd6-4f93-abb1-bc520dd025bc@group-2878717B53A4:LeaderElection2] INFO  server.RaftServerConfigKeys (ConfUtils.java:logGet(43)) - raft.server.write.element-limit = 4096 (default)
2019-09-17 11:50:50,311 [90cc32e6-bdd6-4f93-abb1-bc520dd025bc@group-2878717B53A4:LeaderElection2] INFO  server.RaftServerConfigKeys (ConfUtils.java:logGet(43)) - raft.server.watch.timeout = 10s (default)
2019-09-17 11:50:50,311 [90cc32e6-bdd6-4f93-abb1-bc520dd025bc@group-2878717B53A4:LeaderElection2] INFO  server.RaftServerConfigKeys (ConfUtils.java:logGet(43)) - raft.server.watch.timeout.denomination = 1s (default)
2019-09-17 11:50:50,312 [90cc32e6-bdd6-4f93-abb1-bc520dd025bc@group-2878717B53A4:LeaderElection2] INFO  server.RaftServerConfigKeys (ConfUtils.java:logGet(43)) - raft.server.watch.element-limit = 65536 (default)
2019-09-17 11:50:50,316 [RatisPipelineUtilsThread] INFO  pipeline.PipelineStateManager (PipelineStateManager.java:addPipeline(56)) - Created pipeline Pipeline[ Id: 39788b26-8e4f-498d-9caf-4033f378c501, Nodes: 768e87e1-01a1-4abe-adbb-724fc729cfde{ip: 192.168.157.219, host: pr-hdds-2121-5jcdq-2838215776, networkLocation: /default-rack, certSerialId: null}0efbdbeb-0caf-4be4-a340-f9adf92e227b{ip: 192.168.157.219, host: pr-hdds-2121-5jcdq-2838215776, networkLocation: /default-rack, certSerialId: null}db5c95e9-dab2-4d3b-9775-2e3d4de03f2d{ip: 192.168.157.219, host: pr-hdds-2121-5jcdq-2838215776, networkLocation: /default-rack, certSerialId: null}, Type:RATIS, Factor:THREE, State:OPEN]
2019-09-17 11:50:50,316 [90cc32e6-bdd6-4f93-abb1-bc520dd025bc@group-2878717B53A4:LeaderElection2] INFO  impl.RoleInfo (RoleInfo.java:updateAndGet(143)) - 90cc32e6-bdd6-4f93-abb1-bc520dd025bc: start LeaderState
2019-09-17 11:50:50,317 [90cc32e6-bdd6-4f93-abb1-bc520dd025bc@group-2878717B53A4:LeaderElection2] INFO  segmented.SegmentedRaftLogWorker (SegmentedRaftLogWorker.java:startLogSegment(380)) - 90cc32e6-bdd6-4f93-abb1-bc520dd025bc@group-2878717B53A4-SegmentedRaftLogWorker: Starting segment from index:0
2019-09-17 11:50:50,317 [90cc32e6-bdd6-4f93-abb1-bc520dd025bc@group-2878717B53A4:LeaderElection2] INFO  impl.RaftServerImpl (ServerState.java:setRaftConf(354)) - 90cc32e6-bdd6-4f93-abb1-bc520dd025bc@group-2878717B53A4: set configuration 0: [90cc32e6-bdd6-4f93-abb1-bc520dd025bc:192.168.157.219:33403], old=null at 0
2019-09-17 11:50:50,337 [grpc-default-executor-1] INFO  impl.RaftServerProxy (RaftServerProxy.java:addNew(89)) - ab50ed4d-57db-4f38-bd59-74c03932909c: addNew group-012F5F91B630:[ab50ed4d-57db-4f38-bd59-74c03932909c:192.168.157.219:36833, 166adff3-52d0-4f60-8e58-0e12ed96f4bf:192.168.157.219:39836, 478df2fd-32fa-402c-a09a-4121263fb7de:192.168.157.219:32795] returns group-012F5F91B630:java.util.concurrent.CompletableFuture@49896f82[Not completed]
2019-09-17 11:50:50,339 [grpc-default-executor-0] INFO  impl.RaftServerProxy (RaftServerProxy.java:addNew(89)) - 478df2fd-32fa-402c-a09a-4121263fb7de: addNew group-012F5F91B630:[ab50ed4d-57db-4f38-bd59-74c03932909c:192.168.157.219:36833, 166adff3-52d0-4f60-8e58-0e12ed96f4bf:192.168.157.219:39836, 478df2fd-32fa-402c-a09a-4121263fb7de:192.168.157.219:32795] returns group-012F5F91B630:java.util.concurrent.CompletableFuture@18b33497[Not completed]
2019-09-17 11:50:50,339 [grpc-default-executor-2] INFO  impl.RaftServerProxy (RaftServerProxy.java:addNew(89)) - 166adff3-52d0-4f60-8e58-0e12ed96f4bf: addNew group-012F5F91B630:[ab50ed4d-57db-4f38-bd59-74c03932909c:192.168.157.219:36833, 166adff3-52d0-4f60-8e58-0e12ed96f4bf:192.168.157.219:39836, 478df2fd-32fa-402c-a09a-4121263fb7de:192.168.157.219:32795] returns group-012F5F91B630:java.util.concurrent.CompletableFuture@7072cccb[Not completed]
2019-09-17 11:50:50,341 [pool-47-thread-1] INFO  impl.RaftServerImpl (RaftServerImpl.java:<init>(95)) - 478df2fd-32fa-402c-a09a-4121263fb7de: new RaftServerImpl for group-012F5F91B630:[ab50ed4d-57db-4f38-bd59-74c03932909c:192.168.157.219:36833, 166adff3-52d0-4f60-8e58-0e12ed96f4bf:192.168.157.219:39836, 478df2fd-32fa-402c-a09a-4121263fb7de:192.168.157.219:32795] with ContainerStateMachine:uninitialized
2019-09-17 11:50:50,341 [pool-47-thread-1] INFO  server.RaftServerConfigKeys (ConfUtils.java:logGet(43)) - raft.server.rpc.timeout.min = 1s (custom)
2019-09-17 11:50:50,341 [pool-47-thread-1] INFO  server.RaftServerConfigKeys (ConfUtils.java:logGet(43)) - raft.server.rpc.timeout.max = 1200ms (custom)
2019-09-17 11:50:50,341 [pool-47-thread-1] INFO  server.RaftServerConfigKeys (ConfUtils.java:logGet(43)) - raft.server.rpcslowness.timeout = 120s (custom)
2019-09-17 11:50:50,341 [pool-47-thread-1] INFO  server.RaftServerConfigKeys (ConfUtils.java:logGet(43)) - raft.server.sleep.deviation.threshold = 300 (default)
2019-09-17 11:50:50,341 [pool-87-thread-1] INFO  impl.RaftServerImpl (RaftServerImpl.java:<init>(95)) - 166adff3-52d0-4f60-8e58-0e12ed96f4bf: new RaftServerImpl for group-012F5F91B630:[ab50ed4d-57db-4f38-bd59-74c03932909c:192.168.157.219:36833, 166adff3-52d0-4f60-8e58-0e12ed96f4bf:192.168.157.219:39836, 478df2fd-32fa-402c-a09a-4121263fb7de:192.168.157.219:32795] with ContainerStateMachine:uninitialized
2019-09-17 11:50:50,341 [pool-47-thread-1] INFO  server.RaftServerConfigKeys (ConfUtils.java:logGet(43)) - raft.server.log.appender.install.snapshot.enabled = false (custom)
2019-09-17 11:50:50,342 [pool-87-thread-1] INFO  server.RaftServerConfigKeys (ConfUtils.java:logGet(43)) - raft.server.rpc.timeout.min = 1s (custom)
2019-09-17 11:50:50,342 [pool-47-thread-1] INFO  impl.RaftServerImpl (ServerState.java:<init>(103)) - 478df2fd-32fa-402c-a09a-4121263fb7de@group-012F5F91B630: ConfigurationManager, init=-1: [ab50ed4d-57db-4f38-bd59-74c03932909c:192.168.157.219:36833, 166adff3-52d0-4f60-8e58-0e12ed96f4bf:192.168.157.219:39836, 478df2fd-32fa-402c-a09a-4121263fb7de:192.168.157.219:32795], old=null, confs=<EMPTY_MAP>
2019-09-17 11:50:50,342 [pool-87-thread-1] INFO  server.RaftServerConfigKeys (ConfUtils.java:logGet(43)) - raft.server.rpc.timeout.max = 1200ms (custom)
2019-09-17 11:50:50,342 [pool-47-thread-1] INFO  server.RaftServerConfigKeys (ConfUtils.java:logGet(43)) - raft.server.storage.dir = [/tmp/workdir/hadoop-ozone/integration-test/target/test-dir/MiniOzoneClusterImpl-aba007c7-aff0-48a6-9a1c-5b8514ff46fc/datanode-2/data/ratis] (custom)
2019-09-17 11:50:50,342 [pool-87-thread-1] INFO  server.RaftServerConfigKeys (ConfUtils.java:logGet(43)) - raft.server.rpcslowness.timeout = 120s (custom)
2019-09-17 11:50:50,342 [pool-117-thread-1] INFO  impl.RaftServerImpl (RaftServerImpl.java:<init>(95)) - ab50ed4d-57db-4f38-bd59-74c03932909c: new RaftServerImpl for group-012F5F91B630:[ab50ed4d-57db-4f38-bd59-74c03932909c:192.168.157.219:36833, 166adff3-52d0-4f60-8e58-0e12ed96f4bf:192.168.157.219:39836, 478df2fd-32fa-402c-a09a-4121263fb7de:192.168.157.219:32795] with ContainerStateMachine:uninitialized
2019-09-17 11:50:50,342 [pool-87-thread-1] INFO  server.RaftServerConfigKeys (ConfUtils.java:logGet(43)) - raft.server.sleep.deviation.threshold = 300 (default)
2019-09-17 11:50:50,343 [pool-47-thread-1] INFO  storage.RaftStorageDirectory (RaftStorageDirectory.java:analyzeStorage(246)) - The storage directory /tmp/workdir/hadoop-ozone/integration-test/target/test-dir/MiniOzoneClusterImpl-aba007c7-aff0-48a6-9a1c-5b8514ff46fc/datanode-2/data/ratis/d65c79fe-fa59-49e1-a6a1-012f5f91b630 does not exist. Creating ...
2019-09-17 11:50:50,342 [pool-117-thread-1] INFO  server.RaftServerConfigKeys (ConfUtils.java:logGet(43)) - raft.server.rpc.timeout.min = 1s (custom)
2019-09-17 11:50:50,343 [pool-87-thread-1] INFO  server.RaftServerConfigKeys (ConfUtils.java:logGet(43)) - raft.server.log.appender.install.snapshot.enabled = false (custom)
2019-09-17 11:50:50,343 [pool-117-thread-1] INFO  server.RaftServerConfigKeys (ConfUtils.java:logGet(43)) - raft.server.rpc.timeout.max = 1200ms (custom)
2019-09-17 11:50:50,343 [pool-87-thread-1] INFO  impl.RaftServerImpl (ServerState.java:<init>(103)) - 166adff3-52d0-4f60-8e58-0e12ed96f4bf@group-012F5F91B630: ConfigurationManager, init=-1: [ab50ed4d-57db-4f38-bd59-74c03932909c:192.168.157.219:36833, 166adff3-52d0-4f60-8e58-0e12ed96f4bf:192.168.157.219:39836, 478df2fd-32fa-402c-a09a-4121263fb7de:192.168.157.219:32795], old=null, confs=<EMPTY_MAP>
2019-09-17 11:50:50,343 [pool-117-thread-1] INFO  server.RaftServerConfigKeys (ConfUtils.java:logGet(43)) - raft.server.rpcslowness.timeout = 120s (custom)
2019-09-17 11:50:50,343 [pool-87-thread-1] INFO  server.RaftServerConfigKeys (ConfUtils.java:logGet(43)) - raft.server.storage.dir = [/tmp/workdir/hadoop-ozone/integration-test/target/test-dir/MiniOzoneClusterImpl-aba007c7-aff0-48a6-9a1c-5b8514ff46fc/datanode-6/data/ratis] (custom)
2019-09-17 11:50:50,343 [pool-117-thread-1] INFO  server.RaftServerConfigKeys (ConfUtils.java:logGet(43)) - raft.server.sleep.deviation.threshold = 300 (default)
2019-09-17 11:50:50,344 [pool-117-thread-1] INFO  server.RaftServerConfigKeys (ConfUtils.java:logGet(43)) - raft.server.log.appender.install.snapshot.enabled = false (custom)
2019-09-17 11:50:50,344 [pool-87-thread-1] INFO  storage.RaftStorageDirectory (RaftStorageDirectory.java:analyzeStorage(246)) - The storage directory /tmp/workdir/hadoop-ozone/integration-test/target/test-dir/MiniOzoneClusterImpl-aba007c7-aff0-48a6-9a1c-5b8514ff46fc/datanode-6/data/ratis/d65c79fe-fa59-49e1-a6a1-012f5f91b630 does not exist. Creating ...
2019-09-17 11:50:50,344 [pool-117-thread-1] INFO  impl.RaftServerImpl (ServerState.java:<init>(103)) - ab50ed4d-57db-4f38-bd59-74c03932909c@group-012F5F91B630: ConfigurationManager, init=-1: [ab50ed4d-57db-4f38-bd59-74c03932909c:192.168.157.219:36833, 166adff3-52d0-4f60-8e58-0e12ed96f4bf:192.168.157.219:39836, 478df2fd-32fa-402c-a09a-4121263fb7de:192.168.157.219:32795], old=null, confs=<EMPTY_MAP>
2019-09-17 11:50:50,344 [pool-117-thread-1] INFO  server.RaftServerConfigKeys (ConfUtils.java:logGet(43)) - raft.server.storage.dir = [/tmp/workdir/hadoop-ozone/integration-test/target/test-dir/MiniOzoneClusterImpl-aba007c7-aff0-48a6-9a1c-5b8514ff46fc/datanode-9/data/ratis] (custom)
2019-09-17 11:50:50,344 [pool-117-thread-1] INFO  storage.RaftStorageDirectory (RaftStorageDirectory.java:analyzeStorage(246)) - The storage directory /tmp/workdir/hadoop-ozone/integration-test/target/test-dir/MiniOzoneClusterImpl-aba007c7-aff0-48a6-9a1c-5b8514ff46fc/datanode-9/data/ratis/d65c79fe-fa59-49e1-a6a1-012f5f91b630 does not exist. Creating ...
2019-09-17 11:50:50,368 [pool-47-thread-1] INFO  storage.RaftStorageDirectory (RaftStorageDirectory.java:tryLock(328)) - Lock on /tmp/workdir/hadoop-ozone/integration-test/target/test-dir/MiniOzoneClusterImpl-aba007c7-aff0-48a6-9a1c-5b8514ff46fc/datanode-2/data/ratis/d65c79fe-fa59-49e1-a6a1-012f5f91b630/in_use.lock acquired by nodename 16462@pr-hdds-2121-5jcdq-2838215776
2019-09-17 11:50:50,368 [pool-87-thread-1] INFO  storage.RaftStorageDirectory (RaftStorageDirectory.java:tryLock(328)) - Lock on /tmp/workdir/hadoop-ozone/integration-test/target/test-dir/MiniOzoneClusterImpl-aba007c7-aff0-48a6-9a1c-5b8514ff46fc/datanode-6/data/ratis/d65c79fe-fa59-49e1-a6a1-012f5f91b630/in_use.lock acquired by nodename 16462@pr-hdds-2121-5jcdq-2838215776
2019-09-17 11:50:50,368 [pool-117-thread-1] INFO  storage.RaftStorageDirectory (RaftStorageDirectory.java:tryLock(328)) - Lock on /tmp/workdir/hadoop-ozone/integration-test/target/test-dir/MiniOzoneClusterImpl-aba007c7-aff0-48a6-9a1c-5b8514ff46fc/datanode-9/data/ratis/d65c79fe-fa59-49e1-a6a1-012f5f91b630/in_use.lock acquired by nodename 16462@pr-hdds-2121-5jcdq-2838215776
2019-09-17 11:50:50,384 [pool-117-thread-1] INFO  storage.RaftStorage (RaftStorage.java:format(72)) - Storage directory /tmp/workdir/hadoop-ozone/integration-test/target/test-dir/MiniOzoneClusterImpl-aba007c7-aff0-48a6-9a1c-5b8514ff46fc/datanode-9/data/ratis/d65c79fe-fa59-49e1-a6a1-012f5f91b630 has been successfully formatted.
2019-09-17 11:50:50,384 [pool-87-thread-1] INFO  storage.RaftStorage (RaftStorage.java:format(72)) - Storage directory /tmp/workdir/hadoop-ozone/integration-test/target/test-dir/MiniOzoneClusterImpl-aba007c7-aff0-48a6-9a1c-5b8514ff46fc/datanode-6/data/ratis/d65c79fe-fa59-49e1-a6a1-012f5f91b630 has been successfully formatted.
2019-09-17 11:50:50,384 [pool-47-thread-1] INFO  storage.RaftStorage (RaftStorage.java:format(72)) - Storage directory /tmp/workdir/hadoop-ozone/integration-test/target/test-dir/MiniOzoneClusterImpl-aba007c7-aff0-48a6-9a1c-5b8514ff46fc/datanode-2/data/ratis/d65c79fe-fa59-49e1-a6a1-012f5f91b630 has been successfully formatted.
2019-09-17 11:50:50,385 [pool-117-thread-1] INFO  ratis.ContainerStateMachine (ContainerStateMachine.java:loadSnapshot(230)) - group-012F5F91B630: The snapshot info is null. Setting the last applied indexto:(t:0, i:~)
2019-09-17 11:50:50,385 [pool-87-thread-1] INFO  ratis.ContainerStateMachine (ContainerStateMachine.java:loadSnapshot(230)) - group-012F5F91B630: The snapshot info is null. Setting the last applied indexto:(t:0, i:~)
2019-09-17 11:50:50,385 [pool-47-thread-1] INFO  ratis.ContainerStateMachine (ContainerStateMachine.java:loadSnapshot(230)) - group-012F5F91B630: The snapshot info is null. Setting the last applied indexto:(t:0, i:~)
2019-09-17 11:50:50,385 [pool-117-thread-1] INFO  server.RaftServerConfigKeys (ConfUtils.java:logGet(43)) - raft.server.notification.no-leader.timeout = 120s (custom)
2019-09-17 11:50:50,385 [pool-47-thread-1] INFO  server.RaftServerConfigKeys (ConfUtils.java:logGet(43)) - raft.server.notification.no-leader.timeout = 120s (custom)
2019-09-17 11:50:50,385 [pool-87-thread-1] INFO  server.RaftServerConfigKeys (ConfUtils.java:logGet(43)) - raft.server.notification.no-leader.timeout = 120s (custom)
2019-09-17 11:50:50,385 [pool-47-thread-1] INFO  server.RaftServerConfigKeys (ConfUtils.java:logGet(43)) - raft.server.log.use.memory = false (default)
2019-09-17 11:50:50,385 [pool-117-thread-1] INFO  server.RaftServerConfigKeys (ConfUtils.java:logGet(43)) - raft.server.log.use.memory = false (default)
2019-09-17 11:50:50,386 [pool-47-thread-1] INFO  server.RaftServerConfigKeys (ConfUtils.java:logGet(43)) - raft.server.log.purge.gap = 1000000 (custom)
2019-09-17 11:50:50,385 [pool-87-thread-1] INFO  server.RaftServerConfigKeys (ConfUtils.java:logGet(43)) - raft.server.log.use.memory = false (default)
2019-09-17 11:50:50,386 [pool-47-thread-1] INFO  server.RaftServerConfigKeys (ConfUtils.java:logGet(43)) - raft.server.log.appender.buffer.byte-limit = 33554432 (custom)
2019-09-17 11:50:50,386 [pool-117-thread-1] INFO  server.RaftServerConfigKeys (ConfUtils.java:logGet(43)) - raft.server.log.purge.gap = 1000000 (custom)
2019-09-17 11:50:50,386 [pool-47-thread-1] INFO  server.RaftServerConfigKeys (ConfUtils.java:logGet(43)) - raft.server.log.segment.size.max = 1048576 (custom)
2019-09-17 11:50:50,386 [pool-87-thread-1] INFO  server.RaftServerConfigKeys (ConfUtils.java:logGet(43)) - raft.server.log.purge.gap = 1000000 (custom)
2019-09-17 11:50:50,386 [pool-47-thread-1] INFO  server.RaftServerConfigKeys (ConfUtils.java:logGet(43)) - raft.server.log.segment.cache.num.max = 2 (custom)
2019-09-17 11:50:50,386 [pool-117-thread-1] INFO  server.RaftServerConfigKeys (ConfUtils.java:logGet(43)) - raft.server.log.appender.buffer.byte-limit = 33554432 (custom)
2019-09-17 11:50:50,386 [pool-47-thread-1] INFO  segmented.SegmentedRaftLogWorker (SegmentedRaftLogWorker.java:<init>(172)) - new 478df2fd-32fa-402c-a09a-4121263fb7de@group-012F5F91B630-SegmentedRaftLogWorker for RaftStorage:Storage Directory /tmp/workdir/hadoop-ozone/integration-test/target/test-dir/MiniOzoneClusterImpl-aba007c7-aff0-48a6-9a1c-5b8514ff46fc/datanode-2/data/ratis/d65c79fe-fa59-49e1-a6a1-012f5f91b630
2019-09-17 11:50:50,386 [pool-87-thread-1] INFO  server.RaftServerConfigKeys (ConfUtils.java:logGet(43)) - raft.server.log.appender.buffer.byte-limit = 33554432 (custom)
2019-09-17 11:50:50,387 [pool-47-thread-1] INFO  server.RaftServerConfigKeys (ConfUtils.java:logGet(43)) - raft.server.log.queue.byte-limit = 2147483647 (custom)
2019-09-17 11:50:50,387 [pool-117-thread-1] INFO  server.RaftServerConfigKeys (ConfUtils.java:logGet(43)) - raft.server.log.segment.size.max = 1048576 (custom)
2019-09-17 11:50:50,387 [pool-47-thread-1] INFO  server.RaftServerConfigKeys (ConfUtils.java:logGet(43)) - raft.server.log.queue.element-limit = 1024 (custom)
2019-09-17 11:50:50,387 [pool-87-thread-1] INFO  server.RaftServerConfigKeys (ConfUtils.java:logGet(43)) - raft.server.log.segment.size.max = 1048576 (custom)
2019-09-17 11:50:50,387 [pool-47-thread-1] INFO  server.RaftServerConfigKeys (ConfUtils.java:logGet(43)) - raft.server.log.segment.size.max = 1048576 (custom)
2019-09-17 11:50:50,387 [pool-117-thread-1] INFO  server.RaftServerConfigKeys (ConfUtils.java:logGet(43)) - raft.server.log.segment.cache.num.max = 2 (custom)
2019-09-17 11:50:50,387 [pool-47-thread-1] INFO  server.RaftServerConfigKeys (ConfUtils.java:logGet(43)) - raft.server.log.preallocated.size = 16384 (custom)
2019-09-17 11:50:50,387 [pool-87-thread-1] INFO  server.RaftServerConfigKeys (ConfUtils.java:logGet(43)) - raft.server.log.segment.cache.num.max = 2 (custom)
2019-09-17 11:50:50,388 [pool-47-thread-1] INFO  server.RaftServerConfigKeys (ConfUtils.java:logGet(43)) - raft.server.log.write.buffer.size = 33554432 (custom)
2019-09-17 11:50:50,388 [pool-117-thread-1] INFO  segmented.SegmentedRaftLogWorker (SegmentedRaftLogWorker.java:<init>(172)) - new ab50ed4d-57db-4f38-bd59-74c03932909c@group-012F5F91B630-SegmentedRaftLogWorker for RaftStorage:Storage Directory /tmp/workdir/hadoop-ozone/integration-test/target/test-dir/MiniOzoneClusterImpl-aba007c7-aff0-48a6-9a1c-5b8514ff46fc/datanode-9/data/ratis/d65c79fe-fa59-49e1-a6a1-012f5f91b630
2019-09-17 11:50:50,388 [pool-47-thread-1] INFO  server.RaftServerConfigKeys (ConfUtils.java:logGet(43)) - raft.server.log.force.sync.num = 128 (default)
2019-09-17 11:50:50,388 [pool-87-thread-1] INFO  segmented.SegmentedRaftLogWorker (SegmentedRaftLogWorker.java:<init>(172)) - new 166adff3-52d0-4f60-8e58-0e12ed96f4bf@group-012F5F91B630-SegmentedRaftLogWorker for RaftStorage:Storage Directory /tmp/workdir/hadoop-ozone/integration-test/target/test-dir/MiniOzoneClusterImpl-aba007c7-aff0-48a6-9a1c-5b8514ff46fc/datanode-6/data/ratis/d65c79fe-fa59-49e1-a6a1-012f5f91b630
2019-09-17 11:50:50,388 [pool-47-thread-1] INFO  server.RaftServerConfigKeys (ConfUtils.java:logGet(43)) - raft.server.log.statemachine.data.sync = true (default)
2019-09-17 11:50:50,388 [pool-117-thread-1] INFO  server.RaftServerConfigKeys (ConfUtils.java:logGet(43)) - raft.server.log.queue.byte-limit = 2147483647 (custom)
2019-09-17 11:50:50,388 [pool-47-thread-1] INFO  server.RaftServerConfigKeys (ConfUtils.java:logGet(43)) - raft.server.log.statemachine.data.sync.timeout = 10s (default)
2019-09-17 11:50:50,388 [pool-87-thread-1] INFO  server.RaftServerConfigKeys (ConfUtils.java:logGet(43)) - raft.server.log.queue.byte-limit = 2147483647 (custom)
2019-09-17 11:50:50,389 [pool-47-thread-1] INFO  server.RaftServerConfigKeys (ConfUtils.java:logGet(43)) - raft.server.log.statemachine.data.sync.timeout.retry = -1 (default)
2019-09-17 11:50:50,389 [pool-117-thread-1] INFO  server.RaftServerConfigKeys (ConfUtils.java:logGet(43)) - raft.server.log.queue.element-limit = 1024 (custom)
2019-09-17 11:50:50,389 [pool-87-thread-1] INFO  server.RaftServerConfigKeys (ConfUtils.java:logGet(43)) - raft.server.log.queue.element-limit = 1024 (custom)
2019-09-17 11:50:50,389 [pool-47-thread-1] INFO  server.RaftServerConfigKeys (ConfUtils.java:logGet(43)) - raft.server.log.statemachine.data.caching.enabled = true (custom)
2019-09-17 11:50:50,389 [pool-117-thread-1] INFO  server.RaftServerConfigKeys (ConfUtils.java:logGet(43)) - raft.server.log.segment.size.max = 1048576 (custom)
2019-09-17 11:50:50,389 [pool-87-thread-1] INFO  server.RaftServerConfigKeys (ConfUtils.java:logGet(43)) - raft.server.log.segment.size.max = 1048576 (custom)
2019-09-17 11:50:50,390 [pool-47-thread-1] INFO  segmented.SegmentedRaftLogWorker (SegmentedRaftLogWorker.java:lambda$new$0(132)) - 478df2fd-32fa-402c-a09a-4121263fb7de@group-012F5F91B630-SegmentedRaftLogWorker: flushIndex: setUnconditionally 0 -> -1
2019-09-17 11:50:50,389 [pool-117-thread-1] INFO  server.RaftServerConfigKeys (ConfUtils.java:logGet(43)) - raft.server.log.preallocated.size = 16384 (custom)
2019-09-17 11:50:50,390 [pool-87-thread-1] INFO  server.RaftServerConfigKeys (ConfUtils.java:logGet(43)) - raft.server.log.preallocated.size = 16384 (custom)
2019-09-17 11:50:50,390 [pool-47-thread-1] INFO  server.RaftServerConfigKeys (ConfUtils.java:logGet(43)) - raft.server.snapshot.auto.trigger.enabled = true (custom)
2019-09-17 11:50:50,390 [pool-117-thread-1] INFO  server.RaftServerConfigKeys (ConfUtils.java:logGet(43)) - raft.server.log.write.buffer.size = 33554432 (custom)
2019-09-17 11:50:50,390 [pool-47-thread-1] INFO  server.RaftServerConfigKeys (ConfUtils.java:logGet(43)) - raft.server.snapshot.auto.trigger.threshold = 10000 (custom)
2019-09-17 11:50:50,390 [pool-87-thread-1] INFO  server.RaftServerConfigKeys (ConfUtils.java:logGet(43)) - raft.server.log.write.buffer.size = 33554432 (custom)
2019-09-17 11:50:50,390 [pool-47-thread-1] INFO  server.RaftServerConfigKeys (ConfUtils.java:logGet(43)) - raft.server.snapshot.retention.num.files = 5 (custom)
2019-09-17 11:50:50,390 [pool-117-thread-1] INFO  server.RaftServerConfigKeys (ConfUtils.java:logGet(43)) - raft.server.log.force.sync.num = 128 (default)
2019-09-17 11:50:50,390 [pool-87-thread-1] INFO  server.RaftServerConfigKeys (ConfUtils.java:logGet(43)) - raft.server.log.force.sync.num = 128 (default)
2019-09-17 11:50:50,391 [pool-117-thread-1] INFO  server.RaftServerConfigKeys (ConfUtils.java:logGet(43)) - raft.server.log.statemachine.data.sync = true (default)
2019-09-17 11:50:50,391 [pool-47-thread-1] INFO  server.RaftServerConfigKeys (ConfUtils.java:logGet(43)) - raft.server.retrycache.expirytime = 600000ms (custom)
2019-09-17 11:50:50,391 [pool-117-thread-1] INFO  server.RaftServerConfigKeys (ConfUtils.java:logGet(43)) - raft.server.log.statemachine.data.sync.timeout = 10s (default)
2019-09-17 11:50:50,391 [pool-87-thread-1] INFO  server.RaftServerConfigKeys (ConfUtils.java:logGet(43)) - raft.server.log.statemachine.data.sync = true (default)
2019-09-17 11:50:50,391 [pool-117-thread-1] INFO  server.RaftServerConfigKeys (ConfUtils.java:logGet(43)) - raft.server.log.statemachine.data.sync.timeout.retry = -1 (default)
2019-09-17 11:50:50,391 [pool-87-thread-1] INFO  server.RaftServerConfigKeys (ConfUtils.java:logGet(43)) - raft.server.log.statemachine.data.sync.timeout = 10s (default)
2019-09-17 11:50:50,391 [pool-117-thread-1] INFO  server.RaftServerConfigKeys (ConfUtils.java:logGet(43)) - raft.server.log.statemachine.data.caching.enabled = true (custom)
2019-09-17 11:50:50,392 [pool-87-thread-1] INFO  server.RaftServerConfigKeys (ConfUtils.java:logGet(43)) - raft.server.log.statemachine.data.sync.timeout.retry = -1 (default)
2019-09-17 11:50:50,392 [pool-117-thread-1] INFO  segmented.SegmentedRaftLogWorker (SegmentedRaftLogWorker.java:lambda$new$0(132)) - ab50ed4d-57db-4f38-bd59-74c03932909c@group-012F5F91B630-SegmentedRaftLogWorker: flushIndex: setUnconditionally 0 -> -1
2019-09-17 11:50:50,392 [pool-87-thread-1] INFO  server.RaftServerConfigKeys (ConfUtils.java:logGet(43)) - raft.server.log.statemachine.data.caching.enabled = true (custom)
2019-09-17 11:50:50,392 [pool-117-thread-1] INFO  server.RaftServerConfigKeys (ConfUtils.java:logGet(43)) - raft.server.snapshot.auto.trigger.enabled = true (custom)
2019-09-17 11:50:50,392 [pool-117-thread-1] INFO  server.RaftServerConfigKeys (ConfUtils.java:logGet(43)) - raft.server.snapshot.auto.trigger.threshold = 10000 (custom)
2019-09-17 11:50:50,392 [pool-87-thread-1] INFO  segmented.SegmentedRaftLogWorker (SegmentedRaftLogWorker.java:lambda$new$0(132)) - 166adff3-52d0-4f60-8e58-0e12ed96f4bf@group-012F5F91B630-SegmentedRaftLogWorker: flushIndex: setUnconditionally 0 -> -1
2019-09-17 11:50:50,392 [pool-117-thread-1] INFO  server.RaftServerConfigKeys (ConfUtils.java:logGet(43)) - raft.server.snapshot.retention.num.files = 5 (custom)
2019-09-17 11:50:50,393 [pool-117-thread-1] INFO  server.RaftServerConfigKeys (ConfUtils.java:logGet(43)) - raft.server.retrycache.expirytime = 600000ms (custom)
2019-09-17 11:50:50,393 [pool-87-thread-1] INFO  server.RaftServerConfigKeys (ConfUtils.java:logGet(43)) - raft.server.snapshot.auto.trigger.enabled = true (custom)
2019-09-17 11:50:50,393 [pool-87-thread-1] INFO  server.RaftServerConfigKeys (ConfUtils.java:logGet(43)) - raft.server.snapshot.auto.trigger.threshold = 10000 (custom)
2019-09-17 11:50:50,393 [pool-87-thread-1] INFO  server.RaftServerConfigKeys (ConfUtils.java:logGet(43)) - raft.server.snapshot.retention.num.files = 5 (custom)
2019-09-17 11:50:50,393 [pool-87-thread-1] INFO  server.RaftServerConfigKeys (ConfUtils.java:logGet(43)) - raft.server.retrycache.expirytime = 600000ms (custom)
2019-09-17 11:50:50,394 [pool-47-thread-1] INFO  impl.RaftServerImpl (RaftServerImpl.java:start(185)) - 478df2fd-32fa-402c-a09a-4121263fb7de@group-012F5F91B630: start as a follower, conf=-1: [ab50ed4d-57db-4f38-bd59-74c03932909c:192.168.157.219:36833, 166adff3-52d0-4f60-8e58-0e12ed96f4bf:192.168.157.219:39836, 478df2fd-32fa-402c-a09a-4121263fb7de:192.168.157.219:32795], old=null
2019-09-17 11:50:50,394 [pool-47-thread-1] INFO  impl.RaftServerImpl (RaftServerImpl.java:setRole(174)) - 478df2fd-32fa-402c-a09a-4121263fb7de@group-012F5F91B630: changes role from      null to FOLLOWER at term 0 for startAsFollower
2019-09-17 11:50:50,395 [pool-47-thread-1] INFO  impl.RoleInfo (RoleInfo.java:updateAndGet(143)) - 478df2fd-32fa-402c-a09a-4121263fb7de: start FollowerState
2019-09-17 11:50:50,395 [pool-47-thread-1] INFO  util.JmxRegister (JmxRegister.java:tryRegister(44)) - Successfully registered JMX Bean with object name Ratis:service=RaftServer,group=group-012F5F91B630,id=478df2fd-32fa-402c-a09a-4121263fb7de
2019-09-17 11:50:50,396 [pool-117-thread-1] INFO  impl.RaftServerImpl (RaftServerImpl.java:start(185)) - ab50ed4d-57db-4f38-bd59-74c03932909c@group-012F5F91B630: start as a follower, conf=-1: [ab50ed4d-57db-4f38-bd59-74c03932909c:192.168.157.219:36833, 166adff3-52d0-4f60-8e58-0e12ed96f4bf:192.168.157.219:39836, 478df2fd-32fa-402c-a09a-4121263fb7de:192.168.157.219:32795], old=null
2019-09-17 11:50:50,396 [pool-117-thread-1] INFO  impl.RaftServerImpl (RaftServerImpl.java:setRole(174)) - ab50ed4d-57db-4f38-bd59-74c03932909c@group-012F5F91B630: changes role from      null to FOLLOWER at term 0 for startAsFollower
2019-09-17 11:50:50,396 [pool-117-thread-1] INFO  impl.RoleInfo (RoleInfo.java:updateAndGet(143)) - ab50ed4d-57db-4f38-bd59-74c03932909c: start FollowerState
2019-09-17 11:50:50,396 [pool-117-thread-1] INFO  util.JmxRegister (JmxRegister.java:tryRegister(44)) - Successfully registered JMX Bean with object name Ratis:service=RaftServer,group=group-012F5F91B630,id=ab50ed4d-57db-4f38-bd59-74c03932909c
2019-09-17 11:50:50,396 [pool-87-thread-1] INFO  impl.RaftServerImpl (RaftServerImpl.java:start(185)) - 166adff3-52d0-4f60-8e58-0e12ed96f4bf@group-012F5F91B630: start as a follower, conf=-1: [ab50ed4d-57db-4f38-bd59-74c03932909c:192.168.157.219:36833, 166adff3-52d0-4f60-8e58-0e12ed96f4bf:192.168.157.219:39836, 478df2fd-32fa-402c-a09a-4121263fb7de:192.168.157.219:32795], old=null
2019-09-17 11:50:50,397 [pool-87-thread-1] INFO  impl.RaftServerImpl (RaftServerImpl.java:setRole(174)) - 166adff3-52d0-4f60-8e58-0e12ed96f4bf@group-012F5F91B630: changes role from      null to FOLLOWER at term 0 for startAsFollower
2019-09-17 11:50:50,397 [pool-87-thread-1] INFO  impl.RoleInfo (RoleInfo.java:updateAndGet(143)) - 166adff3-52d0-4f60-8e58-0e12ed96f4bf: start FollowerState
2019-09-17 11:50:50,397 [pool-87-thread-1] INFO  util.JmxRegister (JmxRegister.java:tryRegister(44)) - Successfully registered JMX Bean with object name Ratis:service=RaftServer,group=group-012F5F91B630,id=166adff3-52d0-4f60-8e58-0e12ed96f4bf
2019-09-17 11:50:50,406 [RatisPipelineUtilsThread] INFO  pipeline.PipelineStateManager (PipelineStateManager.java:addPipeline(56)) - Created pipeline Pipeline[ Id: d65c79fe-fa59-49e1-a6a1-012f5f91b630, Nodes: ab50ed4d-57db-4f38-bd59-74c03932909c{ip: 192.168.157.219, host: pr-hdds-2121-5jcdq-2838215776, networkLocation: /default-rack, certSerialId: null}166adff3-52d0-4f60-8e58-0e12ed96f4bf{ip: 192.168.157.219, host: pr-hdds-2121-5jcdq-2838215776, networkLocation: /default-rack, certSerialId: null}478df2fd-32fa-402c-a09a-4121263fb7de{ip: 192.168.157.219, host: pr-hdds-2121-5jcdq-2838215776, networkLocation: /default-rack, certSerialId: null}, Type:RATIS, Factor:THREE, State:OPEN]
2019-09-17 11:50:50,484 [533f21c9-6148-4926-981b-3030ea271196@group-D9629F26D855-SegmentedRaftLogWorker] INFO  segmented.SegmentedRaftLogWorker (SegmentedRaftLogWorker.java:execute(569)) - 533f21c9-6148-4926-981b-3030ea271196@group-D9629F26D855-SegmentedRaftLogWorker: created new log segment /tmp/workdir/hadoop-ozone/integration-test/target/test-dir/MiniOzoneClusterImpl-aba007c7-aff0-48a6-9a1c-5b8514ff46fc/datanode-0/data/ratis/64b4afb8-eb2e-4355-8c06-d9629f26d855/current/log_inprogress_0
2019-09-17 11:50:50,484 [90cc32e6-bdd6-4f93-abb1-bc520dd025bc@group-2878717B53A4-SegmentedRaftLogWorker] INFO  segmented.SegmentedRaftLogWorker (SegmentedRaftLogWorker.java:execute(569)) - 90cc32e6-bdd6-4f93-abb1-bc520dd025bc@group-2878717B53A4-SegmentedRaftLogWorker: created new log segment /tmp/workdir/hadoop-ozone/integration-test/target/test-dir/MiniOzoneClusterImpl-aba007c7-aff0-48a6-9a1c-5b8514ff46fc/datanode-5/data/ratis/24da48d0-9579-4831-93a5-2878717b53a4/current/log_inprogress_0
2019-09-17 11:50:50,504 [Thread-291] INFO  impl.FollowerState (FollowerState.java:run(106)) - ee155057-4acb-4f3f-9013-4bd3c5a101b6:group-02999AF38EC1 changes to CANDIDATE, lastRpcTime:1147, electionTimeout:1147ms
2019-09-17 11:50:50,504 [Thread-291] INFO  impl.RoleInfo (RoleInfo.java:shutdownFollowerState(121)) - ee155057-4acb-4f3f-9013-4bd3c5a101b6: shutdown FollowerState
2019-09-17 11:50:50,504 [Thread-291] INFO  impl.RaftServerImpl (RaftServerImpl.java:setRole(174)) - ee155057-4acb-4f3f-9013-4bd3c5a101b6@group-02999AF38EC1: changes role from  FOLLOWER to CANDIDATE at term 0 for changeToCandidate
2019-09-17 11:50:50,505 [Thread-291] INFO  impl.RoleInfo (RoleInfo.java:updateAndGet(143)) - ee155057-4acb-4f3f-9013-4bd3c5a101b6: start LeaderElection
2019-09-17 11:50:50,527 [ee155057-4acb-4f3f-9013-4bd3c5a101b6@group-02999AF38EC1:LeaderElection3] INFO  impl.LeaderElection (LeaderElection.java:askForVotes(182)) - ee155057-4acb-4f3f-9013-4bd3c5a101b6@group-02999AF38EC1:LeaderElection3: begin an election at term 1 for -1: [ee155057-4acb-4f3f-9013-4bd3c5a101b6:192.168.157.219:41943], old=null
2019-09-17 11:50:50,529 [ee155057-4acb-4f3f-9013-4bd3c5a101b6@group-02999AF38EC1:LeaderElection3] INFO  impl.RoleInfo (RoleInfo.java:shutdownLeaderElection(134)) - ee155057-4acb-4f3f-9013-4bd3c5a101b6: shutdown LeaderElection
2019-09-17 11:50:50,529 [ee155057-4acb-4f3f-9013-4bd3c5a101b6@group-02999AF38EC1:LeaderElection3] INFO  impl.RaftServerImpl (RaftServerImpl.java:setRole(174)) - ee155057-4acb-4f3f-9013-4bd3c5a101b6@group-02999AF38EC1: changes role from CANDIDATE to LEADER at term 1 for changeToLeader
2019-09-17 11:50:50,529 [ee155057-4acb-4f3f-9013-4bd3c5a101b6@group-02999AF38EC1:LeaderElection3] INFO  impl.RaftServerImpl (ServerState.java:setLeader(253)) - ee155057-4acb-4f3f-9013-4bd3c5a101b6@group-02999AF38EC1: change Leader from null to ee155057-4acb-4f3f-9013-4bd3c5a101b6 at term 1 for becomeLeader, leader elected after 1222ms
2019-09-17 11:50:50,529 [ee155057-4acb-4f3f-9013-4bd3c5a101b6@group-02999AF38EC1:LeaderElection3] INFO  server.RaftServerConfigKeys (ConfUtils.java:logGet(43)) - raft.server.staging.catchup.gap = 1000 (default)
2019-09-17 11:50:50,537 [ee155057-4acb-4f3f-9013-4bd3c5a101b6@group-02999AF38EC1:LeaderElection3] INFO  server.RaftServerConfigKeys (ConfUtils.java:logGet(43)) - raft.server.rpc.sleep.time = 25ms (default)
2019-09-17 11:50:50,540 [ee155057-4acb-4f3f-9013-4bd3c5a101b6@group-02999AF38EC1:LeaderElection3] INFO  server.RaftServerConfigKeys (ConfUtils.java:logGet(43)) - raft.server.write.element-limit = 4096 (default)
2019-09-17 11:50:50,540 [ee155057-4acb-4f3f-9013-4bd3c5a101b6@group-02999AF38EC1:LeaderElection3] INFO  server.RaftServerConfigKeys (ConfUtils.java:logGet(43)) - raft.server.watch.timeout = 10s (default)
2019-09-17 11:50:50,540 [ee155057-4acb-4f3f-9013-4bd3c5a101b6@group-02999AF38EC1:LeaderElection3] INFO  server.RaftServerConfigKeys (ConfUtils.java:logGet(43)) - raft.server.watch.timeout.denomination = 1s (default)
2019-09-17 11:50:50,540 [ee155057-4acb-4f3f-9013-4bd3c5a101b6@group-02999AF38EC1:LeaderElection3] INFO  server.RaftServerConfigKeys (ConfUtils.java:logGet(43)) - raft.server.watch.element-limit = 65536 (default)
2019-09-17 11:50:50,552 [ee155057-4acb-4f3f-9013-4bd3c5a101b6@group-02999AF38EC1:LeaderElection3] INFO  impl.RoleInfo (RoleInfo.java:updateAndGet(143)) - ee155057-4acb-4f3f-9013-4bd3c5a101b6: start LeaderState
2019-09-17 11:50:50,552 [ee155057-4acb-4f3f-9013-4bd3c5a101b6@group-02999AF38EC1:LeaderElection3] INFO  segmented.SegmentedRaftLogWorker (SegmentedRaftLogWorker.java:startLogSegment(380)) - ee155057-4acb-4f3f-9013-4bd3c5a101b6@group-02999AF38EC1-SegmentedRaftLogWorker: Starting segment from index:0
2019-09-17 11:50:50,553 [ee155057-4acb-4f3f-9013-4bd3c5a101b6@group-02999AF38EC1:LeaderElection3] INFO  impl.RaftServerImpl (ServerState.java:setRaftConf(354)) - ee155057-4acb-4f3f-9013-4bd3c5a101b6@group-02999AF38EC1: set configuration 0: [ee155057-4acb-4f3f-9013-4bd3c5a101b6:192.168.157.219:41943], old=null at 0
2019-09-17 11:50:50,588 [ee155057-4acb-4f3f-9013-4bd3c5a101b6@group-02999AF38EC1-SegmentedRaftLogWorker] INFO  segmented.SegmentedRaftLogWorker (SegmentedRaftLogWorker.java:execute(569)) - ee155057-4acb-4f3f-9013-4bd3c5a101b6@group-02999AF38EC1-SegmentedRaftLogWorker: created new log segment /tmp/workdir/hadoop-ozone/integration-test/target/test-dir/MiniOzoneClusterImpl-aba007c7-aff0-48a6-9a1c-5b8514ff46fc/datanode-8/data/ratis/2739dc62-c992-4a89-b309-02999af38ec1/current/log_inprogress_0
2019-09-17 11:50:50,659 [main] INFO  rpc.RpcClient (RpcClient.java:createVolume(302)) - Creating Volume: datanodefailurehandlingtest, with jenkins1000 as owner.
2019-09-17 11:50:50,661 [Thread-294] INFO  impl.FollowerState (FollowerState.java:run(106)) - 768e87e1-01a1-4abe-adbb-724fc729cfde:group-67BC833D3E93 changes to CANDIDATE, lastRpcTime:1191, electionTimeout:1191ms
2019-09-17 11:50:50,661 [Thread-294] INFO  impl.RoleInfo (RoleInfo.java:shutdownFollowerState(121)) - 768e87e1-01a1-4abe-adbb-724fc729cfde: shutdown FollowerState
2019-09-17 11:50:50,661 [Thread-294] INFO  impl.RaftServerImpl (RaftServerImpl.java:setRole(174)) - 768e87e1-01a1-4abe-adbb-724fc729cfde@group-67BC833D3E93: changes role from  FOLLOWER to CANDIDATE at term 0 for changeToCandidate
2019-09-17 11:50:50,661 [Thread-294] INFO  impl.RoleInfo (RoleInfo.java:updateAndGet(143)) - 768e87e1-01a1-4abe-adbb-724fc729cfde: start LeaderElection
2019-09-17 11:50:50,679 [768e87e1-01a1-4abe-adbb-724fc729cfde@group-67BC833D3E93:LeaderElection4] INFO  impl.LeaderElection (LeaderElection.java:askForVotes(182)) - 768e87e1-01a1-4abe-adbb-724fc729cfde@group-67BC833D3E93:LeaderElection4: begin an election at term 1 for -1: [768e87e1-01a1-4abe-adbb-724fc729cfde:192.168.157.219:39557], old=null
2019-09-17 11:50:50,679 [768e87e1-01a1-4abe-adbb-724fc729cfde@group-67BC833D3E93:LeaderElection4] INFO  impl.RoleInfo (RoleInfo.java:shutdownLeaderElection(134)) - 768e87e1-01a1-4abe-adbb-724fc729cfde: shutdown LeaderElection
2019-09-17 11:50:50,679 [768e87e1-01a1-4abe-adbb-724fc729cfde@group-67BC833D3E93:LeaderElection4] INFO  impl.RaftServerImpl (RaftServerImpl.java:setRole(174)) - 768e87e1-01a1-4abe-adbb-724fc729cfde@group-67BC833D3E93: changes role from CANDIDATE to LEADER at term 1 for changeToLeader
2019-09-17 11:50:50,679 [768e87e1-01a1-4abe-adbb-724fc729cfde@group-67BC833D3E93:LeaderElection4] INFO  impl.RaftServerImpl (ServerState.java:setLeader(253)) - 768e87e1-01a1-4abe-adbb-724fc729cfde@group-67BC833D3E93: change Leader from null to 768e87e1-01a1-4abe-adbb-724fc729cfde at term 1 for becomeLeader, leader elected after 1229ms
2019-09-17 11:50:50,679 [768e87e1-01a1-4abe-adbb-724fc729cfde@group-67BC833D3E93:LeaderElection4] INFO  server.RaftServerConfigKeys (ConfUtils.java:logGet(43)) - raft.server.staging.catchup.gap = 1000 (default)
2019-09-17 11:50:50,680 [768e87e1-01a1-4abe-adbb-724fc729cfde@group-67BC833D3E93:LeaderElection4] INFO  server.RaftServerConfigKeys (ConfUtils.java:logGet(43)) - raft.server.rpc.sleep.time = 25ms (default)
2019-09-17 11:50:50,680 [768e87e1-01a1-4abe-adbb-724fc729cfde@group-67BC833D3E93:LeaderElection4] INFO  server.RaftServerConfigKeys (ConfUtils.java:logGet(43)) - raft.server.write.element-limit = 4096 (default)
2019-09-17 11:50:50,680 [768e87e1-01a1-4abe-adbb-724fc729cfde@group-67BC833D3E93:LeaderElection4] INFO  server.RaftServerConfigKeys (ConfUtils.java:logGet(43)) - raft.server.watch.timeout = 10s (default)
2019-09-17 11:50:50,680 [768e87e1-01a1-4abe-adbb-724fc729cfde@group-67BC833D3E93:LeaderElection4] INFO  server.RaftServerConfigKeys (ConfUtils.java:logGet(43)) - raft.server.watch.timeout.denomination = 1s (default)
2019-09-17 11:50:50,680 [768e87e1-01a1-4abe-adbb-724fc729cfde@group-67BC833D3E93:LeaderElection4] INFO  server.RaftServerConfigKeys (ConfUtils.java:logGet(43)) - raft.server.watch.element-limit = 65536 (default)
2019-09-17 11:50:50,683 [768e87e1-01a1-4abe-adbb-724fc729cfde@group-67BC833D3E93:LeaderElection4] INFO  impl.RoleInfo (RoleInfo.java:updateAndGet(143)) - 768e87e1-01a1-4abe-adbb-724fc729cfde: start LeaderState
2019-09-17 11:50:50,683 [768e87e1-01a1-4abe-adbb-724fc729cfde@group-67BC833D3E93:LeaderElection4] INFO  segmented.SegmentedRaftLogWorker (SegmentedRaftLogWorker.java:startLogSegment(380)) - 768e87e1-01a1-4abe-adbb-724fc729cfde@group-67BC833D3E93-SegmentedRaftLogWorker: Starting segment from index:0
2019-09-17 11:50:50,683 [Thread-297] INFO  impl.FollowerState (FollowerState.java:run(106)) - 0efbdbeb-0caf-4be4-a340-f9adf92e227b:group-3D766A1D961A changes to CANDIDATE, lastRpcTime:1126, electionTimeout:1126ms
2019-09-17 11:50:50,684 [Thread-297] INFO  impl.RoleInfo (RoleInfo.java:shutdownFollowerState(121)) - 0efbdbeb-0caf-4be4-a340-f9adf92e227b: shutdown FollowerState
2019-09-17 11:50:50,684 [Thread-297] INFO  impl.RaftServerImpl (RaftServerImpl.java:setRole(174)) - 0efbdbeb-0caf-4be4-a340-f9adf92e227b@group-3D766A1D961A: changes role from  FOLLOWER to CANDIDATE at term 0 for changeToCandidate
2019-09-17 11:50:50,684 [768e87e1-01a1-4abe-adbb-724fc729cfde@group-67BC833D3E93:LeaderElection4] INFO  impl.RaftServerImpl (ServerState.java:setRaftConf(354)) - 768e87e1-01a1-4abe-adbb-724fc729cfde@group-67BC833D3E93: set configuration 0: [768e87e1-01a1-4abe-adbb-724fc729cfde:192.168.157.219:39557], old=null at 0
2019-09-17 11:50:50,684 [Thread-297] INFO  impl.RoleInfo (RoleInfo.java:updateAndGet(143)) - 0efbdbeb-0caf-4be4-a340-f9adf92e227b: start LeaderElection
2019-09-17 11:50:50,721 [Thread-300] INFO  impl.FollowerState (FollowerState.java:run(106)) - db5c95e9-dab2-4d3b-9775-2e3d4de03f2d:group-E134F790951C changes to CANDIDATE, lastRpcTime:1091, electionTimeout:1088ms
2019-09-17 11:50:50,721 [Thread-300] INFO  impl.RoleInfo (RoleInfo.java:shutdownFollowerState(121)) - db5c95e9-dab2-4d3b-9775-2e3d4de03f2d: shutdown FollowerState
2019-09-17 11:50:50,721 [Thread-300] INFO  impl.RaftServerImpl (RaftServerImpl.java:setRole(174)) - db5c95e9-dab2-4d3b-9775-2e3d4de03f2d@group-E134F790951C: changes role from  FOLLOWER to CANDIDATE at term 0 for changeToCandidate
2019-09-17 11:50:50,729 [Thread-300] INFO  impl.RoleInfo (RoleInfo.java:updateAndGet(143)) - db5c95e9-dab2-4d3b-9775-2e3d4de03f2d: start LeaderElection
2019-09-17 11:50:50,734 [768e87e1-01a1-4abe-adbb-724fc729cfde@group-67BC833D3E93-SegmentedRaftLogWorker] INFO  segmented.SegmentedRaftLogWorker (SegmentedRaftLogWorker.java:execute(569)) - 768e87e1-01a1-4abe-adbb-724fc729cfde@group-67BC833D3E93-SegmentedRaftLogWorker: created new log segment /tmp/workdir/hadoop-ozone/integration-test/target/test-dir/MiniOzoneClusterImpl-aba007c7-aff0-48a6-9a1c-5b8514ff46fc/datanode-1/data/ratis/837a3403-eaa9-423d-aeef-67bc833d3e93/current/log_inprogress_0
2019-09-17 11:50:50,759 [0efbdbeb-0caf-4be4-a340-f9adf92e227b@group-3D766A1D961A:LeaderElection5] INFO  impl.LeaderElection (LeaderElection.java:askForVotes(182)) - 0efbdbeb-0caf-4be4-a340-f9adf92e227b@group-3D766A1D961A:LeaderElection5: begin an election at term 1 for -1: [0efbdbeb-0caf-4be4-a340-f9adf92e227b:192.168.157.219:42903], old=null
2019-09-17 11:50:50,759 [db5c95e9-dab2-4d3b-9775-2e3d4de03f2d@group-E134F790951C:LeaderElection6] INFO  impl.LeaderElection (LeaderElection.java:askForVotes(182)) - db5c95e9-dab2-4d3b-9775-2e3d4de03f2d@group-E134F790951C:LeaderElection6: begin an election at term 1 for -1: [db5c95e9-dab2-4d3b-9775-2e3d4de03f2d:192.168.157.219:43472], old=null
2019-09-17 11:50:50,759 [0efbdbeb-0caf-4be4-a340-f9adf92e227b@group-3D766A1D961A:LeaderElection5] INFO  impl.RoleInfo (RoleInfo.java:shutdownLeaderElection(134)) - 0efbdbeb-0caf-4be4-a340-f9adf92e227b: shutdown LeaderElection
2019-09-17 11:50:50,759 [db5c95e9-dab2-4d3b-9775-2e3d4de03f2d@group-E134F790951C:LeaderElection6] INFO  impl.RoleInfo (RoleInfo.java:shutdownLeaderElection(134)) - db5c95e9-dab2-4d3b-9775-2e3d4de03f2d: shutdown LeaderElection
2019-09-17 11:50:50,759 [0efbdbeb-0caf-4be4-a340-f9adf92e227b@group-3D766A1D961A:LeaderElection5] INFO  impl.RaftServerImpl (RaftServerImpl.java:setRole(174)) - 0efbdbeb-0caf-4be4-a340-f9adf92e227b@group-3D766A1D961A: changes role from CANDIDATE to LEADER at term 1 for changeToLeader
2019-09-17 11:50:50,760 [db5c95e9-dab2-4d3b-9775-2e3d4de03f2d@group-E134F790951C:LeaderElection6] INFO  impl.RaftServerImpl (RaftServerImpl.java:setRole(174)) - db5c95e9-dab2-4d3b-9775-2e3d4de03f2d@group-E134F790951C: changes role from CANDIDATE to LEADER at term 1 for changeToLeader
2019-09-17 11:50:50,760 [0efbdbeb-0caf-4be4-a340-f9adf92e227b@group-3D766A1D961A:LeaderElection5] INFO  impl.RaftServerImpl (ServerState.java:setLeader(253)) - 0efbdbeb-0caf-4be4-a340-f9adf92e227b@group-3D766A1D961A: change Leader from null to 0efbdbeb-0caf-4be4-a340-f9adf92e227b at term 1 for becomeLeader, leader elected after 1217ms
2019-09-17 11:50:50,760 [db5c95e9-dab2-4d3b-9775-2e3d4de03f2d@group-E134F790951C:LeaderElection6] INFO  impl.RaftServerImpl (ServerState.java:setLeader(253)) - db5c95e9-dab2-4d3b-9775-2e3d4de03f2d@group-E134F790951C: change Leader from null to db5c95e9-dab2-4d3b-9775-2e3d4de03f2d at term 1 for becomeLeader, leader elected after 1139ms
2019-09-17 11:50:50,760 [0efbdbeb-0caf-4be4-a340-f9adf92e227b@group-3D766A1D961A:LeaderElection5] INFO  server.RaftServerConfigKeys (ConfUtils.java:logGet(43)) - raft.server.staging.catchup.gap = 1000 (default)
2019-09-17 11:50:50,760 [db5c95e9-dab2-4d3b-9775-2e3d4de03f2d@group-E134F790951C:LeaderElection6] INFO  server.RaftServerConfigKeys (ConfUtils.java:logGet(43)) - raft.server.staging.catchup.gap = 1000 (default)
2019-09-17 11:50:50,760 [0efbdbeb-0caf-4be4-a340-f9adf92e227b@group-3D766A1D961A:LeaderElection5] INFO  server.RaftServerConfigKeys (ConfUtils.java:logGet(43)) - raft.server.rpc.sleep.time = 25ms (default)
2019-09-17 11:50:50,760 [db5c95e9-dab2-4d3b-9775-2e3d4de03f2d@group-E134F790951C:LeaderElection6] INFO  server.RaftServerConfigKeys (ConfUtils.java:logGet(43)) - raft.server.rpc.sleep.time = 25ms (default)
2019-09-17 11:50:50,760 [0efbdbeb-0caf-4be4-a340-f9adf92e227b@group-3D766A1D961A:LeaderElection5] INFO  server.RaftServerConfigKeys (ConfUtils.java:logGet(43)) - raft.server.write.element-limit = 4096 (default)
2019-09-17 11:50:50,761 [db5c95e9-dab2-4d3b-9775-2e3d4de03f2d@group-E134F790951C:LeaderElection6] INFO  server.RaftServerConfigKeys (ConfUtils.java:logGet(43)) - raft.server.write.element-limit = 4096 (default)
2019-09-17 11:50:50,761 [0efbdbeb-0caf-4be4-a340-f9adf92e227b@group-3D766A1D961A:LeaderElection5] INFO  server.RaftServerConfigKeys (ConfUtils.java:logGet(43)) - raft.server.watch.timeout = 10s (default)
2019-09-17 11:50:50,761 [db5c95e9-dab2-4d3b-9775-2e3d4de03f2d@group-E134F790951C:LeaderElection6] INFO  server.RaftServerConfigKeys (ConfUtils.java:logGet(43)) - raft.server.watch.timeout = 10s (default)
2019-09-17 11:50:50,761 [0efbdbeb-0caf-4be4-a340-f9adf92e227b@group-3D766A1D961A:LeaderElection5] INFO  server.RaftServerConfigKeys (ConfUtils.java:logGet(43)) - raft.server.watch.timeout.denomination = 1s (default)
2019-09-17 11:50:50,761 [db5c95e9-dab2-4d3b-9775-2e3d4de03f2d@group-E134F790951C:LeaderElection6] INFO  server.RaftServerConfigKeys (ConfUtils.java:logGet(43)) - raft.server.watch.timeout.denomination = 1s (default)
2019-09-17 11:50:50,761 [0efbdbeb-0caf-4be4-a340-f9adf92e227b@group-3D766A1D961A:LeaderElection5] INFO  server.RaftServerConfigKeys (ConfUtils.java:logGet(43)) - raft.server.watch.element-limit = 65536 (default)
2019-09-17 11:50:50,761 [db5c95e9-dab2-4d3b-9775-2e3d4de03f2d@group-E134F790951C:LeaderElection6] INFO  server.RaftServerConfigKeys (ConfUtils.java:logGet(43)) - raft.server.watch.element-limit = 65536 (default)
2019-09-17 11:50:50,764 [0efbdbeb-0caf-4be4-a340-f9adf92e227b@group-3D766A1D961A:LeaderElection5] INFO  impl.RoleInfo (RoleInfo.java:updateAndGet(143)) - 0efbdbeb-0caf-4be4-a340-f9adf92e227b: start LeaderState
2019-09-17 11:50:50,765 [0efbdbeb-0caf-4be4-a340-f9adf92e227b@group-3D766A1D961A:LeaderElection5] INFO  segmented.SegmentedRaftLogWorker (SegmentedRaftLogWorker.java:startLogSegment(380)) - 0efbdbeb-0caf-4be4-a340-f9adf92e227b@group-3D766A1D961A-SegmentedRaftLogWorker: Starting segment from index:0
2019-09-17 11:50:50,765 [db5c95e9-dab2-4d3b-9775-2e3d4de03f2d@group-E134F790951C:LeaderElection6] INFO  impl.RoleInfo (RoleInfo.java:updateAndGet(143)) - db5c95e9-dab2-4d3b-9775-2e3d4de03f2d: start LeaderState
2019-09-17 11:50:50,765 [0efbdbeb-0caf-4be4-a340-f9adf92e227b@group-3D766A1D961A:LeaderElection5] INFO  impl.RaftServerImpl (ServerState.java:setRaftConf(354)) - 0efbdbeb-0caf-4be4-a340-f9adf92e227b@group-3D766A1D961A: set configuration 0: [0efbdbeb-0caf-4be4-a340-f9adf92e227b:192.168.157.219:42903], old=null at 0
2019-09-17 11:50:50,765 [db5c95e9-dab2-4d3b-9775-2e3d4de03f2d@group-E134F790951C:LeaderElection6] INFO  segmented.SegmentedRaftLogWorker (SegmentedRaftLogWorker.java:startLogSegment(380)) - db5c95e9-dab2-4d3b-9775-2e3d4de03f2d@group-E134F790951C-SegmentedRaftLogWorker: Starting segment from index:0
2019-09-17 11:50:50,804 [db5c95e9-dab2-4d3b-9775-2e3d4de03f2d@group-E134F790951C:LeaderElection6] INFO  impl.RaftServerImpl (ServerState.java:setRaftConf(354)) - db5c95e9-dab2-4d3b-9775-2e3d4de03f2d@group-E134F790951C: set configuration 0: [db5c95e9-dab2-4d3b-9775-2e3d4de03f2d:192.168.157.219:43472], old=null at 0
2019-09-17 11:50:50,841 [0efbdbeb-0caf-4be4-a340-f9adf92e227b@group-3D766A1D961A-SegmentedRaftLogWorker] INFO  segmented.SegmentedRaftLogWorker (SegmentedRaftLogWorker.java:execute(569)) - 0efbdbeb-0caf-4be4-a340-f9adf92e227b@group-3D766A1D961A-SegmentedRaftLogWorker: created new log segment /tmp/workdir/hadoop-ozone/integration-test/target/test-dir/MiniOzoneClusterImpl-aba007c7-aff0-48a6-9a1c-5b8514ff46fc/datanode-7/data/ratis/0bd9a720-569e-4b47-b4b2-3d766a1d961a/current/log_inprogress_0
2019-09-17 11:50:50,844 [Thread-303] INFO  impl.FollowerState (FollowerState.java:run(106)) - ab50ed4d-57db-4f38-bd59-74c03932909c:group-B51DFDD2EAB9 changes to CANDIDATE, lastRpcTime:1135, electionTimeout:1134ms
2019-09-17 11:50:50,852 [Thread-303] INFO  impl.RoleInfo (RoleInfo.java:shutdownFollowerState(121)) - ab50ed4d-57db-4f38-bd59-74c03932909c: shutdown FollowerState
2019-09-17 11:50:50,852 [Thread-303] INFO  impl.RaftServerImpl (RaftServerImpl.java:setRole(174)) - ab50ed4d-57db-4f38-bd59-74c03932909c@group-B51DFDD2EAB9: changes role from  FOLLOWER to CANDIDATE at term 0 for changeToCandidate
2019-09-17 11:50:50,852 [Thread-303] INFO  impl.RoleInfo (RoleInfo.java:updateAndGet(143)) - ab50ed4d-57db-4f38-bd59-74c03932909c: start LeaderElection
2019-09-17 11:50:50,855 [db5c95e9-dab2-4d3b-9775-2e3d4de03f2d@group-E134F790951C-SegmentedRaftLogWorker] INFO  segmented.SegmentedRaftLogWorker (SegmentedRaftLogWorker.java:execute(569)) - db5c95e9-dab2-4d3b-9775-2e3d4de03f2d@group-E134F790951C-SegmentedRaftLogWorker: created new log segment /tmp/workdir/hadoop-ozone/integration-test/target/test-dir/MiniOzoneClusterImpl-aba007c7-aff0-48a6-9a1c-5b8514ff46fc/datanode-3/data/ratis/7f1da69f-acfe-4042-8bb2-e134f790951c/current/log_inprogress_0
2019-09-17 11:50:50,862 [Thread-306] INFO  impl.FollowerState (FollowerState.java:run(106)) - 166adff3-52d0-4f60-8e58-0e12ed96f4bf:group-F2C098E7CD98 changes to CANDIDATE, lastRpcTime:1074, electionTimeout:1074ms
2019-09-17 11:50:50,862 [Thread-306] INFO  impl.RoleInfo (RoleInfo.java:shutdownFollowerState(121)) - 166adff3-52d0-4f60-8e58-0e12ed96f4bf: shutdown FollowerState
2019-09-17 11:50:50,862 [Thread-306] INFO  impl.RaftServerImpl (RaftServerImpl.java:setRole(174)) - 166adff3-52d0-4f60-8e58-0e12ed96f4bf@group-F2C098E7CD98: changes role from  FOLLOWER to CANDIDATE at term 0 for changeToCandidate
2019-09-17 11:50:50,862 [Thread-306] INFO  impl.RoleInfo (RoleInfo.java:updateAndGet(143)) - 166adff3-52d0-4f60-8e58-0e12ed96f4bf: start LeaderElection
2019-09-17 11:50:50,871 [166adff3-52d0-4f60-8e58-0e12ed96f4bf@group-F2C098E7CD98:LeaderElection8] INFO  impl.LeaderElection (LeaderElection.java:askForVotes(182)) - 166adff3-52d0-4f60-8e58-0e12ed96f4bf@group-F2C098E7CD98:LeaderElection8: begin an election at term 1 for -1: [166adff3-52d0-4f60-8e58-0e12ed96f4bf:192.168.157.219:39836], old=null
2019-09-17 11:50:50,871 [ab50ed4d-57db-4f38-bd59-74c03932909c@group-B51DFDD2EAB9:LeaderElection7] INFO  impl.LeaderElection (LeaderElection.java:askForVotes(182)) - ab50ed4d-57db-4f38-bd59-74c03932909c@group-B51DFDD2EAB9:LeaderElection7: begin an election at term 1 for -1: [ab50ed4d-57db-4f38-bd59-74c03932909c:192.168.157.219:36833], old=null
2019-09-17 11:50:50,871 [166adff3-52d0-4f60-8e58-0e12ed96f4bf@group-F2C098E7CD98:LeaderElection8] INFO  impl.RoleInfo (RoleInfo.java:shutdownLeaderElection(134)) - 166adff3-52d0-4f60-8e58-0e12ed96f4bf: shutdown LeaderElection
2019-09-17 11:50:50,871 [ab50ed4d-57db-4f38-bd59-74c03932909c@group-B51DFDD2EAB9:LeaderElection7] INFO  impl.RoleInfo (RoleInfo.java:shutdownLeaderElection(134)) - ab50ed4d-57db-4f38-bd59-74c03932909c: shutdown LeaderElection
2019-09-17 11:50:50,871 [166adff3-52d0-4f60-8e58-0e12ed96f4bf@group-F2C098E7CD98:LeaderElection8] INFO  impl.RaftServerImpl (RaftServerImpl.java:setRole(174)) - 166adff3-52d0-4f60-8e58-0e12ed96f4bf@group-F2C098E7CD98: changes role from CANDIDATE to LEADER at term 1 for changeToLeader
2019-09-17 11:50:50,871 [ab50ed4d-57db-4f38-bd59-74c03932909c@group-B51DFDD2EAB9:LeaderElection7] INFO  impl.RaftServerImpl (RaftServerImpl.java:setRole(174)) - ab50ed4d-57db-4f38-bd59-74c03932909c@group-B51DFDD2EAB9: changes role from CANDIDATE to LEADER at term 1 for changeToLeader
2019-09-17 11:50:50,871 [166adff3-52d0-4f60-8e58-0e12ed96f4bf@group-F2C098E7CD98:LeaderElection8] INFO  impl.RaftServerImpl (ServerState.java:setLeader(253)) - 166adff3-52d0-4f60-8e58-0e12ed96f4bf@group-F2C098E7CD98: change Leader from null to 166adff3-52d0-4f60-8e58-0e12ed96f4bf at term 1 for becomeLeader, leader elected after 1092ms
2019-09-17 11:50:50,871 [ab50ed4d-57db-4f38-bd59-74c03932909c@group-B51DFDD2EAB9:LeaderElection7] INFO  impl.RaftServerImpl (ServerState.java:setLeader(253)) - ab50ed4d-57db-4f38-bd59-74c03932909c@group-B51DFDD2EAB9: change Leader from null to ab50ed4d-57db-4f38-bd59-74c03932909c at term 1 for becomeLeader, leader elected after 1172ms
2019-09-17 11:50:50,871 [166adff3-52d0-4f60-8e58-0e12ed96f4bf@group-F2C098E7CD98:LeaderElection8] INFO  server.RaftServerConfigKeys (ConfUtils.java:logGet(43)) - raft.server.staging.catchup.gap = 1000 (default)
2019-09-17 11:50:50,872 [ab50ed4d-57db-4f38-bd59-74c03932909c@group-B51DFDD2EAB9:LeaderElection7] INFO  server.RaftServerConfigKeys (ConfUtils.java:logGet(43)) - raft.server.staging.catchup.gap = 1000 (default)
2019-09-17 11:50:50,872 [166adff3-52d0-4f60-8e58-0e12ed96f4bf@group-F2C098E7CD98:LeaderElection8] INFO  server.RaftServerConfigKeys (ConfUtils.java:logGet(43)) - raft.server.rpc.sleep.time = 25ms (default)
2019-09-17 11:50:50,872 [ab50ed4d-57db-4f38-bd59-74c03932909c@group-B51DFDD2EAB9:LeaderElection7] INFO  server.RaftServerConfigKeys (ConfUtils.java:logGet(43)) - raft.server.rpc.sleep.time = 25ms (default)
2019-09-17 11:50:50,872 [166adff3-52d0-4f60-8e58-0e12ed96f4bf@group-F2C098E7CD98:LeaderElection8] INFO  server.RaftServerConfigKeys (ConfUtils.java:logGet(43)) - raft.server.write.element-limit = 4096 (default)
2019-09-17 11:50:50,872 [ab50ed4d-57db-4f38-bd59-74c03932909c@group-B51DFDD2EAB9:LeaderElection7] INFO  server.RaftServerConfigKeys (ConfUtils.java:logGet(43)) - raft.server.write.element-limit = 4096 (default)
2019-09-17 11:50:50,872 [166adff3-52d0-4f60-8e58-0e12ed96f4bf@group-F2C098E7CD98:LeaderElection8] INFO  server.RaftServerConfigKeys (ConfUtils.java:logGet(43)) - raft.server.watch.timeout = 10s (default)
2019-09-17 11:50:50,872 [ab50ed4d-57db-4f38-bd59-74c03932909c@group-B51DFDD2EAB9:LeaderElection7] INFO  server.RaftServerConfigKeys (ConfUtils.java:logGet(43)) - raft.server.watch.timeout = 10s (default)
2019-09-17 11:50:50,872 [166adff3-52d0-4f60-8e58-0e12ed96f4bf@group-F2C098E7CD98:LeaderElection8] INFO  server.RaftServerConfigKeys (ConfUtils.java:logGet(43)) - raft.server.watch.timeout.denomination = 1s (default)
2019-09-17 11:50:50,873 [ab50ed4d-57db-4f38-bd59-74c03932909c@group-B51DFDD2EAB9:LeaderElection7] INFO  server.RaftServerConfigKeys (ConfUtils.java:logGet(43)) - raft.server.watch.timeout.denomination = 1s (default)
2019-09-17 11:50:50,873 [166adff3-52d0-4f60-8e58-0e12ed96f4bf@group-F2C098E7CD98:LeaderElection8] INFO  server.RaftServerConfigKeys (ConfUtils.java:logGet(43)) - raft.server.watch.element-limit = 65536 (default)
2019-09-17 11:50:50,873 [ab50ed4d-57db-4f38-bd59-74c03932909c@group-B51DFDD2EAB9:LeaderElection7] INFO  server.RaftServerConfigKeys (ConfUtils.java:logGet(43)) - raft.server.watch.element-limit = 65536 (default)
2019-09-17 11:50:50,876 [166adff3-52d0-4f60-8e58-0e12ed96f4bf@group-F2C098E7CD98:LeaderElection8] INFO  impl.RoleInfo (RoleInfo.java:updateAndGet(143)) - 166adff3-52d0-4f60-8e58-0e12ed96f4bf: start LeaderState
2019-09-17 11:50:50,876 [166adff3-52d0-4f60-8e58-0e12ed96f4bf@group-F2C098E7CD98:LeaderElection8] INFO  segmented.SegmentedRaftLogWorker (SegmentedRaftLogWorker.java:startLogSegment(380)) - 166adff3-52d0-4f60-8e58-0e12ed96f4bf@group-F2C098E7CD98-SegmentedRaftLogWorker: Starting segment from index:0
2019-09-17 11:50:50,876 [166adff3-52d0-4f60-8e58-0e12ed96f4bf@group-F2C098E7CD98:LeaderElection8] INFO  impl.RaftServerImpl (ServerState.java:setRaftConf(354)) - 166adff3-52d0-4f60-8e58-0e12ed96f4bf@group-F2C098E7CD98: set configuration 0: [166adff3-52d0-4f60-8e58-0e12ed96f4bf:192.168.157.219:39836], old=null at 0
2019-09-17 11:50:50,876 [ab50ed4d-57db-4f38-bd59-74c03932909c@group-B51DFDD2EAB9:LeaderElection7] INFO  impl.RoleInfo (RoleInfo.java:updateAndGet(143)) - ab50ed4d-57db-4f38-bd59-74c03932909c: start LeaderState
2019-09-17 11:50:50,904 [ab50ed4d-57db-4f38-bd59-74c03932909c@group-B51DFDD2EAB9:LeaderElection7] INFO  segmented.SegmentedRaftLogWorker (SegmentedRaftLogWorker.java:startLogSegment(380)) - ab50ed4d-57db-4f38-bd59-74c03932909c@group-B51DFDD2EAB9-SegmentedRaftLogWorker: Starting segment from index:0
2019-09-17 11:50:51,201 [Thread-309] INFO  impl.FollowerState (FollowerState.java:run(106)) - 478df2fd-32fa-402c-a09a-4121263fb7de:group-9DB8872ABD09 changes to CANDIDATE, lastRpcTime:1340, electionTimeout:1079ms
2019-09-17 11:50:51,201 [166adff3-52d0-4f60-8e58-0e12ed96f4bf@group-F2C098E7CD98-SegmentedRaftLogWorker] INFO  segmented.SegmentedRaftLogWorker (SegmentedRaftLogWorker.java:execute(569)) - 166adff3-52d0-4f60-8e58-0e12ed96f4bf@group-F2C098E7CD98-SegmentedRaftLogWorker: created new log segment /tmp/workdir/hadoop-ozone/integration-test/target/test-dir/MiniOzoneClusterImpl-aba007c7-aff0-48a6-9a1c-5b8514ff46fc/datanode-6/data/ratis/0b949bd7-9eb0-460b-96e6-f2c098e7cd98/current/log_inprogress_0
2019-09-17 11:50:51,203 [Thread-320] INFO  impl.FollowerState (FollowerState.java:run(106)) - ee155057-4acb-4f3f-9013-4bd3c5a101b6:group-B3F5A0A8BDBD changes to CANDIDATE, lastRpcTime:1060, electionTimeout:1051ms
2019-09-17 11:50:51,206 [Thread-309] INFO  impl.RoleInfo (RoleInfo.java:shutdownFollowerState(121)) - 478df2fd-32fa-402c-a09a-4121263fb7de: shutdown FollowerState
2019-09-17 11:50:51,206 [ab50ed4d-57db-4f38-bd59-74c03932909c@group-B51DFDD2EAB9:LeaderElection7] INFO  impl.RaftServerImpl (ServerState.java:setRaftConf(354)) - ab50ed4d-57db-4f38-bd59-74c03932909c@group-B51DFDD2EAB9: set configuration 0: [ab50ed4d-57db-4f38-bd59-74c03932909c:192.168.157.219:36833], old=null at 0
2019-09-17 11:50:51,206 [Thread-320] INFO  impl.RoleInfo (RoleInfo.java:shutdownFollowerState(121)) - ee155057-4acb-4f3f-9013-4bd3c5a101b6: shutdown FollowerState
2019-09-17 11:50:51,232 [Thread-309] INFO  impl.RaftServerImpl (RaftServerImpl.java:setRole(174)) - 478df2fd-32fa-402c-a09a-4121263fb7de@group-9DB8872ABD09: changes role from  FOLLOWER to CANDIDATE at term 0 for changeToCandidate
2019-09-17 11:50:51,232 [Thread-320] INFO  impl.RaftServerImpl (RaftServerImpl.java:setRole(174)) - ee155057-4acb-4f3f-9013-4bd3c5a101b6@group-B3F5A0A8BDBD: changes role from  FOLLOWER to CANDIDATE at term 0 for changeToCandidate
2019-09-17 11:50:51,233 [Thread-309] INFO  impl.RoleInfo (RoleInfo.java:updateAndGet(143)) - 478df2fd-32fa-402c-a09a-4121263fb7de: start LeaderElection
2019-09-17 11:50:51,233 [Thread-320] INFO  impl.RoleInfo (RoleInfo.java:updateAndGet(143)) - ee155057-4acb-4f3f-9013-4bd3c5a101b6: start LeaderElection
2019-09-17 11:50:51,233 [Thread-312] INFO  impl.FollowerState (FollowerState.java:run(106)) - 3059fe26-6a4f-4501-bc80-da7575b93cc0:group-8E7906917C53 changes to CANDIDATE, lastRpcTime:1189, electionTimeout:1189ms
2019-09-17 11:50:51,242 [Thread-312] INFO  impl.RoleInfo (RoleInfo.java:shutdownFollowerState(121)) - 3059fe26-6a4f-4501-bc80-da7575b93cc0: shutdown FollowerState
2019-09-17 11:50:51,244 [Thread-312] INFO  impl.RaftServerImpl (RaftServerImpl.java:setRole(174)) - 3059fe26-6a4f-4501-bc80-da7575b93cc0@group-8E7906917C53: changes role from  FOLLOWER to CANDIDATE at term 0 for changeToCandidate
2019-09-17 11:50:51,246 [Thread-312] INFO  impl.RoleInfo (RoleInfo.java:updateAndGet(143)) - 3059fe26-6a4f-4501-bc80-da7575b93cc0: start LeaderElection
2019-09-17 11:50:51,246 [ab50ed4d-57db-4f38-bd59-74c03932909c@group-B51DFDD2EAB9-SegmentedRaftLogWorker] INFO  segmented.SegmentedRaftLogWorker (SegmentedRaftLogWorker.java:execute(569)) - ab50ed4d-57db-4f38-bd59-74c03932909c@group-B51DFDD2EAB9-SegmentedRaftLogWorker: created new log segment /tmp/workdir/hadoop-ozone/integration-test/target/test-dir/MiniOzoneClusterImpl-aba007c7-aff0-48a6-9a1c-5b8514ff46fc/datanode-9/data/ratis/d6155024-71c3-4ed1-a58d-b51dfdd2eab9/current/log_inprogress_0
2019-09-17 11:50:51,255 [Thread-283] INFO  container.ReplicationManager (ReplicationManager.java:start(162)) - Starting Replication Monitor Thread.
2019-09-17 11:50:51,256 [ReplicationMonitor] INFO  container.ReplicationManager (ReplicationManager.java:run(225)) - Replication Monitor Thread took 0 milliseconds for processing 0 containers.
2019-09-17 11:50:51,266 [3059fe26-6a4f-4501-bc80-da7575b93cc0@group-8E7906917C53:LeaderElection11] INFO  impl.LeaderElection (LeaderElection.java:askForVotes(182)) - 3059fe26-6a4f-4501-bc80-da7575b93cc0@group-8E7906917C53:LeaderElection11: begin an election at term 1 for -1: [3059fe26-6a4f-4501-bc80-da7575b93cc0:192.168.157.219:39859], old=null
2019-09-17 11:50:51,266 [ee155057-4acb-4f3f-9013-4bd3c5a101b6@group-B3F5A0A8BDBD:LeaderElection10] INFO  impl.LeaderElection (LeaderElection.java:askForVotes(182)) - ee155057-4acb-4f3f-9013-4bd3c5a101b6@group-B3F5A0A8BDBD:LeaderElection10: begin an election at term 1 for -1: [533f21c9-6148-4926-981b-3030ea271196:192.168.157.219:45624, 90cc32e6-bdd6-4f93-abb1-bc520dd025bc:192.168.157.219:33403, ee155057-4acb-4f3f-9013-4bd3c5a101b6:192.168.157.219:41943], old=null
2019-09-17 11:50:51,266 [3059fe26-6a4f-4501-bc80-da7575b93cc0@group-8E7906917C53:LeaderElection11] INFO  impl.RoleInfo (RoleInfo.java:shutdownLeaderElection(134)) - 3059fe26-6a4f-4501-bc80-da7575b93cc0: shutdown LeaderElection
2019-09-17 11:50:51,266 [478df2fd-32fa-402c-a09a-4121263fb7de@group-9DB8872ABD09:LeaderElection9] INFO  impl.LeaderElection (LeaderElection.java:askForVotes(182)) - 478df2fd-32fa-402c-a09a-4121263fb7de@group-9DB8872ABD09:LeaderElection9: begin an election at term 1 for -1: [478df2fd-32fa-402c-a09a-4121263fb7de:192.168.157.219:32795], old=null
2019-09-17 11:50:51,266 [3059fe26-6a4f-4501-bc80-da7575b93cc0@group-8E7906917C53:LeaderElection11] INFO  impl.RaftServerImpl (RaftServerImpl.java:setRole(174)) - 3059fe26-6a4f-4501-bc80-da7575b93cc0@group-8E7906917C53: changes role from CANDIDATE to LEADER at term 1 for changeToLeader
2019-09-17 11:50:51,266 [478df2fd-32fa-402c-a09a-4121263fb7de@group-9DB8872ABD09:LeaderElection9] INFO  impl.RoleInfo (RoleInfo.java:shutdownLeaderElection(134)) - 478df2fd-32fa-402c-a09a-4121263fb7de: shutdown LeaderElection
2019-09-17 11:50:51,266 [3059fe26-6a4f-4501-bc80-da7575b93cc0@group-8E7906917C53:LeaderElection11] INFO  impl.RaftServerImpl (ServerState.java:setLeader(253)) - 3059fe26-6a4f-4501-bc80-da7575b93cc0@group-8E7906917C53: change Leader from null to 3059fe26-6a4f-4501-bc80-da7575b93cc0 at term 1 for becomeLeader, leader elected after 1231ms
2019-09-17 11:50:51,267 [478df2fd-32fa-402c-a09a-4121263fb7de@group-9DB8872ABD09:LeaderElection9] INFO  impl.RaftServerImpl (RaftServerImpl.java:setRole(174)) - 478df2fd-32fa-402c-a09a-4121263fb7de@group-9DB8872ABD09: changes role from CANDIDATE to LEADER at term 1 for changeToLeader
2019-09-17 11:50:51,267 [3059fe26-6a4f-4501-bc80-da7575b93cc0@group-8E7906917C53:LeaderElection11] INFO  server.RaftServerConfigKeys (ConfUtils.java:logGet(43)) - raft.server.staging.catchup.gap = 1000 (default)
2019-09-17 11:50:51,267 [478df2fd-32fa-402c-a09a-4121263fb7de@group-9DB8872ABD09:LeaderElection9] INFO  impl.RaftServerImpl (ServerState.java:setLeader(253)) - 478df2fd-32fa-402c-a09a-4121263fb7de@group-9DB8872ABD09: change Leader from null to 478df2fd-32fa-402c-a09a-4121263fb7de at term 1 for becomeLeader, leader elected after 1418ms
2019-09-17 11:50:51,267 [3059fe26-6a4f-4501-bc80-da7575b93cc0@group-8E7906917C53:LeaderElection11] INFO  server.RaftServerConfigKeys (ConfUtils.java:logGet(43)) - raft.server.rpc.sleep.time = 25ms (default)
2019-09-17 11:50:51,267 [478df2fd-32fa-402c-a09a-4121263fb7de@group-9DB8872ABD09:LeaderElection9] INFO  server.RaftServerConfigKeys (ConfUtils.java:logGet(43)) - raft.server.staging.catchup.gap = 1000 (default)
2019-09-17 11:50:51,267 [3059fe26-6a4f-4501-bc80-da7575b93cc0@group-8E7906917C53:LeaderElection11] INFO  server.RaftServerConfigKeys (ConfUtils.java:logGet(43)) - raft.server.write.element-limit = 4096 (default)
2019-09-17 11:50:51,267 [478df2fd-32fa-402c-a09a-4121263fb7de@group-9DB8872ABD09:LeaderElection9] INFO  server.RaftServerConfigKeys (ConfUtils.java:logGet(43)) - raft.server.rpc.sleep.time = 25ms (default)
2019-09-17 11:50:51,267 [3059fe26-6a4f-4501-bc80-da7575b93cc0@group-8E7906917C53:LeaderElection11] INFO  server.RaftServerConfigKeys (ConfUtils.java:logGet(43)) - raft.server.watch.timeout = 10s (default)
2019-09-17 11:50:51,267 [478df2fd-32fa-402c-a09a-4121263fb7de@group-9DB8872ABD09:LeaderElection9] INFO  server.RaftServerConfigKeys (ConfUtils.java:logGet(43)) - raft.server.write.element-limit = 4096 (default)
2019-09-17 11:50:51,267 [478df2fd-32fa-402c-a09a-4121263fb7de@group-9DB8872ABD09:LeaderElection9] INFO  server.RaftServerConfigKeys (ConfUtils.java:logGet(43)) - raft.server.watch.timeout = 10s (default)
2019-09-17 11:50:51,268 [478df2fd-32fa-402c-a09a-4121263fb7de@group-9DB8872ABD09:LeaderElection9] INFO  server.RaftServerConfigKeys (ConfUtils.java:logGet(43)) - raft.server.watch.timeout.denomination = 1s (default)
2019-09-17 11:50:51,268 [478df2fd-32fa-402c-a09a-4121263fb7de@group-9DB8872ABD09:LeaderElection9] INFO  server.RaftServerConfigKeys (ConfUtils.java:logGet(43)) - raft.server.watch.element-limit = 65536 (default)
2019-09-17 11:50:51,267 [3059fe26-6a4f-4501-bc80-da7575b93cc0@group-8E7906917C53:LeaderElection11] INFO  server.RaftServerConfigKeys (ConfUtils.java:logGet(43)) - raft.server.watch.timeout.denomination = 1s (default)
2019-09-17 11:50:51,268 [3059fe26-6a4f-4501-bc80-da7575b93cc0@group-8E7906917C53:LeaderElection11] INFO  server.RaftServerConfigKeys (ConfUtils.java:logGet(43)) - raft.server.watch.element-limit = 65536 (default)
2019-09-17 11:50:51,270 [478df2fd-32fa-402c-a09a-4121263fb7de@group-9DB8872ABD09:LeaderElection9] INFO  impl.RoleInfo (RoleInfo.java:updateAndGet(143)) - 478df2fd-32fa-402c-a09a-4121263fb7de: start LeaderState
2019-09-17 11:50:51,271 [3059fe26-6a4f-4501-bc80-da7575b93cc0@group-8E7906917C53:LeaderElection11] INFO  impl.RoleInfo (RoleInfo.java:updateAndGet(143)) - 3059fe26-6a4f-4501-bc80-da7575b93cc0: start LeaderState
2019-09-17 11:50:51,271 [478df2fd-32fa-402c-a09a-4121263fb7de@group-9DB8872ABD09:LeaderElection9] INFO  segmented.SegmentedRaftLogWorker (SegmentedRaftLogWorker.java:startLogSegment(380)) - 478df2fd-32fa-402c-a09a-4121263fb7de@group-9DB8872ABD09-SegmentedRaftLogWorker: Starting segment from index:0
2019-09-17 11:50:51,271 [3059fe26-6a4f-4501-bc80-da7575b93cc0@group-8E7906917C53:LeaderElection11] INFO  segmented.SegmentedRaftLogWorker (SegmentedRaftLogWorker.java:startLogSegment(380)) - 3059fe26-6a4f-4501-bc80-da7575b93cc0@group-8E7906917C53-SegmentedRaftLogWorker: Starting segment from index:0
2019-09-17 11:50:51,271 [478df2fd-32fa-402c-a09a-4121263fb7de@group-9DB8872ABD09:LeaderElection9] INFO  impl.RaftServerImpl (ServerState.java:setRaftConf(354)) - 478df2fd-32fa-402c-a09a-4121263fb7de@group-9DB8872ABD09: set configuration 0: [478df2fd-32fa-402c-a09a-4121263fb7de:192.168.157.219:32795], old=null at 0
2019-09-17 11:50:51,271 [3059fe26-6a4f-4501-bc80-da7575b93cc0@group-8E7906917C53:LeaderElection11] INFO  impl.RaftServerImpl (ServerState.java:setRaftConf(354)) - 3059fe26-6a4f-4501-bc80-da7575b93cc0@group-8E7906917C53: set configuration 0: [3059fe26-6a4f-4501-bc80-da7575b93cc0:192.168.157.219:39859], old=null at 0
2019-09-17 11:50:51,324 [3059fe26-6a4f-4501-bc80-da7575b93cc0@group-8E7906917C53-SegmentedRaftLogWorker] INFO  segmented.SegmentedRaftLogWorker (SegmentedRaftLogWorker.java:execute(569)) - 3059fe26-6a4f-4501-bc80-da7575b93cc0@group-8E7906917C53-SegmentedRaftLogWorker: created new log segment /tmp/workdir/hadoop-ozone/integration-test/target/test-dir/MiniOzoneClusterImpl-aba007c7-aff0-48a6-9a1c-5b8514ff46fc/datanode-4/data/ratis/229ef321-d643-474a-be0f-8e7906917c53/current/log_inprogress_0
2019-09-17 11:50:51,324 [478df2fd-32fa-402c-a09a-4121263fb7de@group-9DB8872ABD09-SegmentedRaftLogWorker] INFO  segmented.SegmentedRaftLogWorker (SegmentedRaftLogWorker.java:execute(569)) - 478df2fd-32fa-402c-a09a-4121263fb7de@group-9DB8872ABD09-SegmentedRaftLogWorker: created new log segment /tmp/workdir/hadoop-ozone/integration-test/target/test-dir/MiniOzoneClusterImpl-aba007c7-aff0-48a6-9a1c-5b8514ff46fc/datanode-2/data/ratis/2ec673f0-008e-492e-889a-9db8872abd09/current/log_inprogress_0
2019-09-17 11:50:51,325 [Thread-323] INFO  impl.FollowerState (FollowerState.java:run(106)) - 90cc32e6-bdd6-4f93-abb1-bc520dd025bc:group-B3F5A0A8BDBD changes to CANDIDATE, lastRpcTime:1177, electionTimeout:1174ms
2019-09-17 11:50:51,325 [Thread-323] INFO  impl.RoleInfo (RoleInfo.java:shutdownFollowerState(121)) - 90cc32e6-bdd6-4f93-abb1-bc520dd025bc: shutdown FollowerState
2019-09-17 11:50:51,325 [Thread-323] INFO  impl.RaftServerImpl (RaftServerImpl.java:setRole(174)) - 90cc32e6-bdd6-4f93-abb1-bc520dd025bc@group-B3F5A0A8BDBD: changes role from  FOLLOWER to CANDIDATE at term 0 for changeToCandidate
2019-09-17 11:50:51,325 [Thread-323] INFO  impl.RoleInfo (RoleInfo.java:updateAndGet(143)) - 90cc32e6-bdd6-4f93-abb1-bc520dd025bc: start LeaderElection
2019-09-17 11:50:51,326 [Thread-319] INFO  impl.FollowerState (FollowerState.java:run(106)) - 533f21c9-6148-4926-981b-3030ea271196:group-B3F5A0A8BDBD changes to CANDIDATE, lastRpcTime:1183, electionTimeout:1183ms
2019-09-17 11:50:51,326 [Thread-319] INFO  impl.RoleInfo (RoleInfo.java:shutdownFollowerState(121)) - 533f21c9-6148-4926-981b-3030ea271196: shutdown FollowerState
2019-09-17 11:50:51,326 [Thread-319] INFO  impl.RaftServerImpl (RaftServerImpl.java:setRole(174)) - 533f21c9-6148-4926-981b-3030ea271196@group-B3F5A0A8BDBD: changes role from  FOLLOWER to CANDIDATE at term 0 for changeToCandidate
2019-09-17 11:50:51,331 [Thread-319] INFO  impl.RoleInfo (RoleInfo.java:updateAndGet(143)) - 533f21c9-6148-4926-981b-3030ea271196: start LeaderElection
2019-09-17 11:50:51,338 [Thread-333] INFO  impl.FollowerState (FollowerState.java:run(106)) - 0efbdbeb-0caf-4be4-a340-f9adf92e227b:group-4033F378C501 changes to CANDIDATE, lastRpcTime:1042, electionTimeout:1029ms
2019-09-17 11:50:51,338 [90cc32e6-bdd6-4f93-abb1-bc520dd025bc@group-B3F5A0A8BDBD:LeaderElection12] INFO  impl.LeaderElection (LeaderElection.java:askForVotes(182)) - 90cc32e6-bdd6-4f93-abb1-bc520dd025bc@group-B3F5A0A8BDBD:LeaderElection12: begin an election at term 1 for -1: [533f21c9-6148-4926-981b-3030ea271196:192.168.157.219:45624, 90cc32e6-bdd6-4f93-abb1-bc520dd025bc:192.168.157.219:33403, ee155057-4acb-4f3f-9013-4bd3c5a101b6:192.168.157.219:41943], old=null
2019-09-17 11:50:51,338 [Thread-333] INFO  impl.RoleInfo (RoleInfo.java:shutdownFollowerState(121)) - 0efbdbeb-0caf-4be4-a340-f9adf92e227b: shutdown FollowerState
2019-09-17 11:50:51,338 [Thread-333] INFO  impl.RaftServerImpl (RaftServerImpl.java:setRole(174)) - 0efbdbeb-0caf-4be4-a340-f9adf92e227b@group-4033F378C501: changes role from  FOLLOWER to CANDIDATE at term 0 for changeToCandidate
2019-09-17 11:50:51,339 [Thread-333] INFO  impl.RoleInfo (RoleInfo.java:updateAndGet(143)) - 0efbdbeb-0caf-4be4-a340-f9adf92e227b: start LeaderElection
2019-09-17 11:50:51,357 [0efbdbeb-0caf-4be4-a340-f9adf92e227b@group-4033F378C501:LeaderElection14] INFO  impl.LeaderElection (LeaderElection.java:askForVotes(182)) - 0efbdbeb-0caf-4be4-a340-f9adf92e227b@group-4033F378C501:LeaderElection14: begin an election at term 1 for -1: [768e87e1-01a1-4abe-adbb-724fc729cfde:192.168.157.219:39557, 0efbdbeb-0caf-4be4-a340-f9adf92e227b:192.168.157.219:42903, db5c95e9-dab2-4d3b-9775-2e3d4de03f2d:192.168.157.219:43472], old=null
2019-09-17 11:50:51,357 [533f21c9-6148-4926-981b-3030ea271196@group-B3F5A0A8BDBD:LeaderElection13] INFO  impl.LeaderElection (LeaderElection.java:askForVotes(182)) - 533f21c9-6148-4926-981b-3030ea271196@group-B3F5A0A8BDBD:LeaderElection13: begin an election at term 1 for -1: [533f21c9-6148-4926-981b-3030ea271196:192.168.157.219:45624, 90cc32e6-bdd6-4f93-abb1-bc520dd025bc:192.168.157.219:33403, ee155057-4acb-4f3f-9013-4bd3c5a101b6:192.168.157.219:41943], old=null
2019-09-17 11:50:51,394 [grpc-default-executor-2] INFO  impl.RaftServerImpl (RaftServerImpl.java:setRole(174)) - 768e87e1-01a1-4abe-adbb-724fc729cfde@group-4033F378C501: changes role from  FOLLOWER to FOLLOWER at term 1 for recognizeCandidate:0efbdbeb-0caf-4be4-a340-f9adf92e227b
2019-09-17 11:50:51,395 [grpc-default-executor-2] INFO  impl.RoleInfo (RoleInfo.java:shutdownFollowerState(121)) - 768e87e1-01a1-4abe-adbb-724fc729cfde: shutdown FollowerState
2019-09-17 11:50:51,397 [grpc-default-executor-2] INFO  impl.RoleInfo (RoleInfo.java:updateAndGet(143)) - 768e87e1-01a1-4abe-adbb-724fc729cfde: start FollowerState
2019-09-17 11:50:51,397 [Thread-329] INFO  impl.FollowerState (FollowerState.java:run(115)) - 768e87e1-01a1-4abe-adbb-724fc729cfde: FollowerState was interrupted: java.lang.InterruptedException: sleep interrupted
2019-09-17 11:50:51,407 [ee155057-4acb-4f3f-9013-4bd3c5a101b6@group-B3F5A0A8BDBD:LeaderElection10] INFO  impl.LeaderElection (LeaderElection.java:logAndReturn(56)) - ee155057-4acb-4f3f-9013-4bd3c5a101b6@group-B3F5A0A8BDBD:LeaderElection10: Election REJECTED; received 2 response(s) [ee155057-4acb-4f3f-9013-4bd3c5a101b6<-533f21c9-6148-4926-981b-3030ea271196#0:FAIL-t1, ee155057-4acb-4f3f-9013-4bd3c5a101b6<-90cc32e6-bdd6-4f93-abb1-bc520dd025bc#0:FAIL-t1] and 0 exception(s); ee155057-4acb-4f3f-9013-4bd3c5a101b6@group-B3F5A0A8BDBD:t1, leader=null, voted=ee155057-4acb-4f3f-9013-4bd3c5a101b6, raftlog=ee155057-4acb-4f3f-9013-4bd3c5a101b6@group-B3F5A0A8BDBD-SegmentedRaftLog:OPENED:c-1,f-1,i0, conf=-1: [533f21c9-6148-4926-981b-3030ea271196:192.168.157.219:45624, 90cc32e6-bdd6-4f93-abb1-bc520dd025bc:192.168.157.219:33403, ee155057-4acb-4f3f-9013-4bd3c5a101b6:192.168.157.219:41943], old=null
2019-09-17 11:50:51,407 [ee155057-4acb-4f3f-9013-4bd3c5a101b6@group-B3F5A0A8BDBD:LeaderElection10] INFO  impl.RaftServerImpl (RaftServerImpl.java:setRole(174)) - ee155057-4acb-4f3f-9013-4bd3c5a101b6@group-B3F5A0A8BDBD: changes role from CANDIDATE to FOLLOWER at term 1 for DISCOVERED_A_NEW_TERM
2019-09-17 11:50:51,407 [ee155057-4acb-4f3f-9013-4bd3c5a101b6@group-B3F5A0A8BDBD:LeaderElection10] INFO  impl.RoleInfo (RoleInfo.java:shutdownLeaderElection(134)) - ee155057-4acb-4f3f-9013-4bd3c5a101b6: shutdown LeaderElection
2019-09-17 11:50:51,409 [Thread-344] INFO  impl.FollowerState (FollowerState.java:run(106)) - 166adff3-52d0-4f60-8e58-0e12ed96f4bf:group-012F5F91B630 changes to CANDIDATE, lastRpcTime:1012, electionTimeout:1011ms
2019-09-17 11:50:51,414 [Thread-344] INFO  impl.RoleInfo (RoleInfo.java:shutdownFollowerState(121)) - 166adff3-52d0-4f60-8e58-0e12ed96f4bf: shutdown FollowerState
2019-09-17 11:50:51,414 [ee155057-4acb-4f3f-9013-4bd3c5a101b6@group-B3F5A0A8BDBD:LeaderElection10] INFO  impl.RoleInfo (RoleInfo.java:updateAndGet(143)) - ee155057-4acb-4f3f-9013-4bd3c5a101b6: start FollowerState
2019-09-17 11:50:51,416 [Thread-344] INFO  impl.RaftServerImpl (RaftServerImpl.java:setRole(174)) - 166adff3-52d0-4f60-8e58-0e12ed96f4bf@group-012F5F91B630: changes role from  FOLLOWER to CANDIDATE at term 0 for changeToCandidate
2019-09-17 11:50:51,419 [Thread-344] INFO  impl.RoleInfo (RoleInfo.java:updateAndGet(143)) - 166adff3-52d0-4f60-8e58-0e12ed96f4bf: start LeaderElection
2019-09-17 11:50:51,432 [grpc-default-executor-4] INFO  impl.RaftServerImpl (RaftServerImpl.java:setRole(174)) - db5c95e9-dab2-4d3b-9775-2e3d4de03f2d@group-4033F378C501: changes role from  FOLLOWER to FOLLOWER at term 1 for recognizeCandidate:0efbdbeb-0caf-4be4-a340-f9adf92e227b
2019-09-17 11:50:51,433 [grpc-default-executor-4] INFO  impl.RoleInfo (RoleInfo.java:shutdownFollowerState(121)) - db5c95e9-dab2-4d3b-9775-2e3d4de03f2d: shutdown FollowerState
2019-09-17 11:50:51,433 [grpc-default-executor-4] INFO  impl.RoleInfo (RoleInfo.java:updateAndGet(143)) - db5c95e9-dab2-4d3b-9775-2e3d4de03f2d: start FollowerState
2019-09-17 11:50:51,433 [Thread-330] INFO  impl.FollowerState (FollowerState.java:run(115)) - db5c95e9-dab2-4d3b-9775-2e3d4de03f2d: FollowerState was interrupted: java.lang.InterruptedException: sleep interrupted
2019-09-17 11:50:51,436 [90cc32e6-bdd6-4f93-abb1-bc520dd025bc@group-B3F5A0A8BDBD:LeaderElection12] INFO  impl.LeaderElection (LeaderElection.java:logAndReturn(56)) - 90cc32e6-bdd6-4f93-abb1-bc520dd025bc@group-B3F5A0A8BDBD:LeaderElection12: Election REJECTED; received 2 response(s) [90cc32e6-bdd6-4f93-abb1-bc520dd025bc<-533f21c9-6148-4926-981b-3030ea271196#0:FAIL-t1, 90cc32e6-bdd6-4f93-abb1-bc520dd025bc<-ee155057-4acb-4f3f-9013-4bd3c5a101b6#0:FAIL-t1] and 0 exception(s); 90cc32e6-bdd6-4f93-abb1-bc520dd025bc@group-B3F5A0A8BDBD:t1, leader=null, voted=90cc32e6-bdd6-4f93-abb1-bc520dd025bc, raftlog=90cc32e6-bdd6-4f93-abb1-bc520dd025bc@group-B3F5A0A8BDBD-SegmentedRaftLog:OPENED:c-1,f-1,i0, conf=-1: [533f21c9-6148-4926-981b-3030ea271196:192.168.157.219:45624, 90cc32e6-bdd6-4f93-abb1-bc520dd025bc:192.168.157.219:33403, ee155057-4acb-4f3f-9013-4bd3c5a101b6:192.168.157.219:41943], old=null
2019-09-17 11:50:51,436 [90cc32e6-bdd6-4f93-abb1-bc520dd025bc@group-B3F5A0A8BDBD:LeaderElection12] INFO  impl.RaftServerImpl (RaftServerImpl.java:setRole(174)) - 90cc32e6-bdd6-4f93-abb1-bc520dd025bc@group-B3F5A0A8BDBD: changes role from CANDIDATE to FOLLOWER at term 1 for DISCOVERED_A_NEW_TERM
2019-09-17 11:50:51,436 [90cc32e6-bdd6-4f93-abb1-bc520dd025bc@group-B3F5A0A8BDBD:LeaderElection12] INFO  impl.RoleInfo (RoleInfo.java:shutdownLeaderElection(134)) - 90cc32e6-bdd6-4f93-abb1-bc520dd025bc: shutdown LeaderElection
2019-09-17 11:50:51,440 [90cc32e6-bdd6-4f93-abb1-bc520dd025bc@group-B3F5A0A8BDBD:LeaderElection12] INFO  impl.RoleInfo (RoleInfo.java:updateAndGet(143)) - 90cc32e6-bdd6-4f93-abb1-bc520dd025bc: start FollowerState
2019-09-17 11:50:51,440 [166adff3-52d0-4f60-8e58-0e12ed96f4bf@group-012F5F91B630:LeaderElection15] INFO  impl.LeaderElection (LeaderElection.java:askForVotes(182)) - 166adff3-52d0-4f60-8e58-0e12ed96f4bf@group-012F5F91B630:LeaderElection15: begin an election at term 1 for -1: [ab50ed4d-57db-4f38-bd59-74c03932909c:192.168.157.219:36833, 166adff3-52d0-4f60-8e58-0e12ed96f4bf:192.168.157.219:39836, 478df2fd-32fa-402c-a09a-4121263fb7de:192.168.157.219:32795], old=null
2019-09-17 11:50:51,440 [IPC Server handler 1 on 46068] INFO  volume.OMVolumeCreateRequest (OMVolumeCreateRequest.java:validateAndUpdateCache(189)) - created volume:datanodefailurehandlingtest for user:jenkins1000
2019-09-17 11:50:51,452 [0efbdbeb-0caf-4be4-a340-f9adf92e227b@group-4033F378C501:LeaderElection14] INFO  impl.LeaderElection (LeaderElection.java:logAndReturn(56)) - 0efbdbeb-0caf-4be4-a340-f9adf92e227b@group-4033F378C501:LeaderElection14: Election PASSED; received 1 response(s) [0efbdbeb-0caf-4be4-a340-f9adf92e227b<-768e87e1-01a1-4abe-adbb-724fc729cfde#0:OK-t1] and 0 exception(s); 0efbdbeb-0caf-4be4-a340-f9adf92e227b@group-4033F378C501:t1, leader=null, voted=0efbdbeb-0caf-4be4-a340-f9adf92e227b, raftlog=0efbdbeb-0caf-4be4-a340-f9adf92e227b@group-4033F378C501-SegmentedRaftLog:OPENED:c-1,f-1,i0, conf=-1: [768e87e1-01a1-4abe-adbb-724fc729cfde:192.168.157.219:39557, 0efbdbeb-0caf-4be4-a340-f9adf92e227b:192.168.157.219:42903, db5c95e9-dab2-4d3b-9775-2e3d4de03f2d:192.168.157.219:43472], old=null
2019-09-17 11:50:51,454 [0efbdbeb-0caf-4be4-a340-f9adf92e227b@group-4033F378C501:LeaderElection14] INFO  impl.RoleInfo (RoleInfo.java:shutdownLeaderElection(134)) - 0efbdbeb-0caf-4be4-a340-f9adf92e227b: shutdown LeaderElection
2019-09-17 11:50:51,456 [0efbdbeb-0caf-4be4-a340-f9adf92e227b@group-4033F378C501:LeaderElection14] INFO  impl.RaftServerImpl (RaftServerImpl.java:setRole(174)) - 0efbdbeb-0caf-4be4-a340-f9adf92e227b@group-4033F378C501: changes role from CANDIDATE to LEADER at term 1 for changeToLeader
2019-09-17 11:50:51,456 [0efbdbeb-0caf-4be4-a340-f9adf92e227b@group-4033F378C501:LeaderElection14] INFO  impl.RaftServerImpl (ServerState.java:setLeader(253)) - 0efbdbeb-0caf-4be4-a340-f9adf92e227b@group-4033F378C501: change Leader from null to 0efbdbeb-0caf-4be4-a340-f9adf92e227b at term 1 for becomeLeader, leader elected after 1183ms
2019-09-17 11:50:51,456 [0efbdbeb-0caf-4be4-a340-f9adf92e227b@group-4033F378C501:LeaderElection14] INFO  server.RaftServerConfigKeys (ConfUtils.java:logGet(43)) - raft.server.staging.catchup.gap = 1000 (default)
2019-09-17 11:50:51,456 [0efbdbeb-0caf-4be4-a340-f9adf92e227b@group-4033F378C501:LeaderElection14] INFO  server.RaftServerConfigKeys (ConfUtils.java:logGet(43)) - raft.server.rpc.sleep.time = 25ms (default)
2019-09-17 11:50:51,457 [0efbdbeb-0caf-4be4-a340-f9adf92e227b@group-4033F378C501:LeaderElection14] INFO  server.RaftServerConfigKeys (ConfUtils.java:logGet(43)) - raft.server.write.element-limit = 4096 (default)
2019-09-17 11:50:51,457 [0efbdbeb-0caf-4be4-a340-f9adf92e227b@group-4033F378C501:LeaderElection14] INFO  server.RaftServerConfigKeys (ConfUtils.java:logGet(43)) - raft.server.watch.timeout = 10s (default)
2019-09-17 11:50:51,459 [0efbdbeb-0caf-4be4-a340-f9adf92e227b@group-4033F378C501:LeaderElection14] INFO  server.RaftServerConfigKeys (ConfUtils.java:logGet(43)) - raft.server.watch.timeout.denomination = 1s (default)
2019-09-17 11:50:51,459 [0efbdbeb-0caf-4be4-a340-f9adf92e227b@group-4033F378C501:LeaderElection14] INFO  server.RaftServerConfigKeys (ConfUtils.java:logGet(43)) - raft.server.watch.element-limit = 65536 (default)
2019-09-17 11:50:51,461 [533f21c9-6148-4926-981b-3030ea271196@group-B3F5A0A8BDBD:LeaderElection13] INFO  impl.LeaderElection (LeaderElection.java:logAndReturn(56)) - 533f21c9-6148-4926-981b-3030ea271196@group-B3F5A0A8BDBD:LeaderElection13: Election REJECTED; received 2 response(s) [533f21c9-6148-4926-981b-3030ea271196<-ee155057-4acb-4f3f-9013-4bd3c5a101b6#0:FAIL-t1, 533f21c9-6148-4926-981b-3030ea271196<-90cc32e6-bdd6-4f93-abb1-bc520dd025bc#0:FAIL-t1] and 0 exception(s); 533f21c9-6148-4926-981b-3030ea271196@group-B3F5A0A8BDBD:t1, leader=null, voted=533f21c9-6148-4926-981b-3030ea271196, raftlog=533f21c9-6148-4926-981b-3030ea271196@group-B3F5A0A8BDBD-SegmentedRaftLog:OPENED:c-1,f-1,i0, conf=-1: [533f21c9-6148-4926-981b-3030ea271196:192.168.157.219:45624, 90cc32e6-bdd6-4f93-abb1-bc520dd025bc:192.168.157.219:33403, ee155057-4acb-4f3f-9013-4bd3c5a101b6:192.168.157.219:41943], old=null
2019-09-17 11:50:51,463 [533f21c9-6148-4926-981b-3030ea271196@group-B3F5A0A8BDBD:LeaderElection13] INFO  impl.RaftServerImpl (RaftServerImpl.java:setRole(174)) - 533f21c9-6148-4926-981b-3030ea271196@group-B3F5A0A8BDBD: changes role from CANDIDATE to FOLLOWER at term 1 for DISCOVERED_A_NEW_TERM
2019-09-17 11:50:51,472 [533f21c9-6148-4926-981b-3030ea271196@group-B3F5A0A8BDBD:LeaderElection13] INFO  impl.RoleInfo (RoleInfo.java:shutdownLeaderElection(134)) - 533f21c9-6148-4926-981b-3030ea271196: shutdown LeaderElection
2019-09-17 11:50:51,475 [533f21c9-6148-4926-981b-3030ea271196@group-B3F5A0A8BDBD:LeaderElection13] INFO  impl.RoleInfo (RoleInfo.java:updateAndGet(143)) - 533f21c9-6148-4926-981b-3030ea271196: start FollowerState
2019-09-17 11:50:51,480 [grpc-default-executor-2] INFO  impl.RaftServerImpl (RaftServerImpl.java:setRole(174)) - ab50ed4d-57db-4f38-bd59-74c03932909c@group-012F5F91B630: changes role from  FOLLOWER to FOLLOWER at term 1 for recognizeCandidate:166adff3-52d0-4f60-8e58-0e12ed96f4bf
2019-09-17 11:50:51,482 [grpc-default-executor-2] INFO  impl.RoleInfo (RoleInfo.java:shutdownFollowerState(121)) - ab50ed4d-57db-4f38-bd59-74c03932909c: shutdown FollowerState
2019-09-17 11:50:51,484 [Thread-342] INFO  impl.FollowerState (FollowerState.java:run(115)) - ab50ed4d-57db-4f38-bd59-74c03932909c: FollowerState was interrupted: java.lang.InterruptedException: sleep interrupted
2019-09-17 11:50:51,484 [grpc-default-executor-2] INFO  impl.RoleInfo (RoleInfo.java:updateAndGet(143)) - ab50ed4d-57db-4f38-bd59-74c03932909c: start FollowerState
2019-09-17 11:50:51,488 [0efbdbeb-0caf-4be4-a340-f9adf92e227b@group-4033F378C501:LeaderElection14] INFO  server.RaftServerConfigKeys (ConfUtils.java:logGet(43)) - raft.server.log.appender.snapshot.chunk.size.max = 16MB (=16777216) (default)
2019-09-17 11:50:51,488 [0efbdbeb-0caf-4be4-a340-f9adf92e227b@group-4033F378C501:LeaderElection14] INFO  server.RaftServerConfigKeys (ConfUtils.java:logGet(43)) - raft.server.log.appender.buffer.byte-limit = 33554432 (custom)
2019-09-17 11:50:51,488 [0efbdbeb-0caf-4be4-a340-f9adf92e227b@group-4033F378C501:LeaderElection14] INFO  server.RaftServerConfigKeys (ConfUtils.java:logGet(43)) - raft.server.log.appender.buffer.element-limit = 1 (custom)
2019-09-17 11:50:51,494 [grpc-default-executor-4] INFO  impl.RaftServerImpl (RaftServerImpl.java:setRole(174)) - 478df2fd-32fa-402c-a09a-4121263fb7de@group-012F5F91B630: changes role from  FOLLOWER to FOLLOWER at term 1 for recognizeCandidate:166adff3-52d0-4f60-8e58-0e12ed96f4bf
2019-09-17 11:50:51,494 [grpc-default-executor-4] INFO  impl.RoleInfo (RoleInfo.java:shutdownFollowerState(121)) - 478df2fd-32fa-402c-a09a-4121263fb7de: shutdown FollowerState
2019-09-17 11:50:51,494 [grpc-default-executor-4] INFO  impl.RoleInfo (RoleInfo.java:updateAndGet(143)) - 478df2fd-32fa-402c-a09a-4121263fb7de: start FollowerState
2019-09-17 11:50:51,494 [Thread-340] INFO  impl.FollowerState (FollowerState.java:run(115)) - 478df2fd-32fa-402c-a09a-4121263fb7de: FollowerState was interrupted: java.lang.InterruptedException: sleep interrupted
2019-09-17 11:50:51,497 [0efbdbeb-0caf-4be4-a340-f9adf92e227b@group-4033F378C501:LeaderElection14] INFO  grpc.GrpcConfigKeys$Server (ConfUtils.java:logGet(43)) - raft.grpc.server.leader.outstanding.appends.max = 128 (default)
2019-09-17 11:50:51,497 [0efbdbeb-0caf-4be4-a340-f9adf92e227b@group-4033F378C501:LeaderElection14] INFO  server.RaftServerConfigKeys (ConfUtils.java:logGet(43)) - raft.server.rpc.request.timeout = 3000ms (default)
2019-09-17 11:50:51,498 [0efbdbeb-0caf-4be4-a340-f9adf92e227b@group-4033F378C501:LeaderElection14] INFO  server.RaftServerConfigKeys (ConfUtils.java:logGet(43)) - raft.server.log.appender.install.snapshot.enabled = false (custom)
2019-09-17 11:50:51,499 [0efbdbeb-0caf-4be4-a340-f9adf92e227b@group-4033F378C501:LeaderElection14] INFO  server.RaftServerConfigKeys (ConfUtils.java:logGet(43)) - raft.server.log.appender.snapshot.chunk.size.max = 16MB (=16777216) (default)
2019-09-17 11:50:51,499 [0efbdbeb-0caf-4be4-a340-f9adf92e227b@group-4033F378C501:LeaderElection14] INFO  server.RaftServerConfigKeys (ConfUtils.java:logGet(43)) - raft.server.log.appender.buffer.byte-limit = 33554432 (custom)
2019-09-17 11:50:51,499 [0efbdbeb-0caf-4be4-a340-f9adf92e227b@group-4033F378C501:LeaderElection14] INFO  server.RaftServerConfigKeys (ConfUtils.java:logGet(43)) - raft.server.log.appender.buffer.element-limit = 1 (custom)
2019-09-17 11:50:51,499 [0efbdbeb-0caf-4be4-a340-f9adf92e227b@group-4033F378C501:LeaderElection14] INFO  grpc.GrpcConfigKeys$Server (ConfUtils.java:logGet(43)) - raft.grpc.server.leader.outstanding.appends.max = 128 (default)
2019-09-17 11:50:51,499 [main] INFO  rpc.RpcClient (RpcClient.java:createBucket(441)) - Creating Bucket: datanodefailurehandlingtest/datanodefailurehandlingtest, with Versioning false and Storage Type set to DISK and Encryption set to false 
2019-09-17 11:50:51,499 [0efbdbeb-0caf-4be4-a340-f9adf92e227b@group-4033F378C501:LeaderElection14] INFO  server.RaftServerConfigKeys (ConfUtils.java:logGet(43)) - raft.server.rpc.request.timeout = 3000ms (default)
2019-09-17 11:50:51,500 [0efbdbeb-0caf-4be4-a340-f9adf92e227b@group-4033F378C501:LeaderElection14] INFO  server.RaftServerConfigKeys (ConfUtils.java:logGet(43)) - raft.server.log.appender.install.snapshot.enabled = false (custom)
2019-09-17 11:50:51,506 [0efbdbeb-0caf-4be4-a340-f9adf92e227b@group-4033F378C501:LeaderElection14] INFO  impl.RoleInfo (RoleInfo.java:updateAndGet(143)) - 0efbdbeb-0caf-4be4-a340-f9adf92e227b: start LeaderState
2019-09-17 11:50:51,506 [0efbdbeb-0caf-4be4-a340-f9adf92e227b@group-4033F378C501:LeaderElection14] INFO  segmented.SegmentedRaftLogWorker (SegmentedRaftLogWorker.java:startLogSegment(380)) - 0efbdbeb-0caf-4be4-a340-f9adf92e227b@group-4033F378C501-SegmentedRaftLogWorker: Starting segment from index:0
2019-09-17 11:50:51,506 [166adff3-52d0-4f60-8e58-0e12ed96f4bf@group-012F5F91B630:LeaderElection15] INFO  impl.LeaderElection (LeaderElection.java:logAndReturn(56)) - 166adff3-52d0-4f60-8e58-0e12ed96f4bf@group-012F5F91B630:LeaderElection15: Election PASSED; received 1 response(s) [166adff3-52d0-4f60-8e58-0e12ed96f4bf<-478df2fd-32fa-402c-a09a-4121263fb7de#0:OK-t1] and 0 exception(s); 166adff3-52d0-4f60-8e58-0e12ed96f4bf@group-012F5F91B630:t1, leader=null, voted=166adff3-52d0-4f60-8e58-0e12ed96f4bf, raftlog=166adff3-52d0-4f60-8e58-0e12ed96f4bf@group-012F5F91B630-SegmentedRaftLog:OPENED:c-1,f-1,i0, conf=-1: [ab50ed4d-57db-4f38-bd59-74c03932909c:192.168.157.219:36833, 166adff3-52d0-4f60-8e58-0e12ed96f4bf:192.168.157.219:39836, 478df2fd-32fa-402c-a09a-4121263fb7de:192.168.157.219:32795], old=null
2019-09-17 11:50:51,506 [166adff3-52d0-4f60-8e58-0e12ed96f4bf@group-012F5F91B630:LeaderElection15] INFO  impl.RoleInfo (RoleInfo.java:shutdownLeaderElection(134)) - 166adff3-52d0-4f60-8e58-0e12ed96f4bf: shutdown LeaderElection
2019-09-17 11:50:51,506 [166adff3-52d0-4f60-8e58-0e12ed96f4bf@group-012F5F91B630:LeaderElection15] INFO  impl.RaftServerImpl (RaftServerImpl.java:setRole(174)) - 166adff3-52d0-4f60-8e58-0e12ed96f4bf@group-012F5F91B630: changes role from CANDIDATE to LEADER at term 1 for changeToLeader
2019-09-17 11:50:51,506 [166adff3-52d0-4f60-8e58-0e12ed96f4bf@group-012F5F91B630:LeaderElection15] INFO  impl.RaftServerImpl (ServerState.java:setLeader(253)) - 166adff3-52d0-4f60-8e58-0e12ed96f4bf@group-012F5F91B630: change Leader from null to 166adff3-52d0-4f60-8e58-0e12ed96f4bf at term 1 for becomeLeader, leader elected after 1121ms
2019-09-17 11:50:51,507 [0efbdbeb-0caf-4be4-a340-f9adf92e227b@group-4033F378C501:LeaderElection14] INFO  impl.RaftServerImpl (ServerState.java:setRaftConf(354)) - 0efbdbeb-0caf-4be4-a340-f9adf92e227b@group-4033F378C501: set configuration 0: [768e87e1-01a1-4abe-adbb-724fc729cfde:192.168.157.219:39557, 0efbdbeb-0caf-4be4-a340-f9adf92e227b:192.168.157.219:42903, db5c95e9-dab2-4d3b-9775-2e3d4de03f2d:192.168.157.219:43472], old=null at 0
2019-09-17 11:50:51,532 [166adff3-52d0-4f60-8e58-0e12ed96f4bf@group-012F5F91B630:LeaderElection15] INFO  server.RaftServerConfigKeys (ConfUtils.java:logGet(43)) - raft.server.staging.catchup.gap = 1000 (default)
2019-09-17 11:50:51,532 [166adff3-52d0-4f60-8e58-0e12ed96f4bf@group-012F5F91B630:LeaderElection15] INFO  server.RaftServerConfigKeys (ConfUtils.java:logGet(43)) - raft.server.rpc.sleep.time = 25ms (default)
2019-09-17 11:50:51,534 [166adff3-52d0-4f60-8e58-0e12ed96f4bf@group-012F5F91B630:LeaderElection15] INFO  server.RaftServerConfigKeys (ConfUtils.java:logGet(43)) - raft.server.write.element-limit = 4096 (default)
2019-09-17 11:50:51,547 [0efbdbeb-0caf-4be4-a340-f9adf92e227b@group-4033F378C501-SegmentedRaftLogWorker] INFO  segmented.SegmentedRaftLogWorker (SegmentedRaftLogWorker.java:execute(569)) - 0efbdbeb-0caf-4be4-a340-f9adf92e227b@group-4033F378C501-SegmentedRaftLogWorker: created new log segment /tmp/workdir/hadoop-ozone/integration-test/target/test-dir/MiniOzoneClusterImpl-aba007c7-aff0-48a6-9a1c-5b8514ff46fc/datanode-7/data/ratis/39788b26-8e4f-498d-9caf-4033f378c501/current/log_inprogress_0
2019-09-17 11:50:51,547 [166adff3-52d0-4f60-8e58-0e12ed96f4bf@group-012F5F91B630:LeaderElection15] INFO  server.RaftServerConfigKeys (ConfUtils.java:logGet(43)) - raft.server.watch.timeout = 10s (default)
2019-09-17 11:50:51,548 [166adff3-52d0-4f60-8e58-0e12ed96f4bf@group-012F5F91B630:LeaderElection15] INFO  server.RaftServerConfigKeys (ConfUtils.java:logGet(43)) - raft.server.watch.timeout.denomination = 1s (default)
2019-09-17 11:50:51,548 [166adff3-52d0-4f60-8e58-0e12ed96f4bf@group-012F5F91B630:LeaderElection15] INFO  server.RaftServerConfigKeys (ConfUtils.java:logGet(43)) - raft.server.watch.element-limit = 65536 (default)
2019-09-17 11:50:51,555 [166adff3-52d0-4f60-8e58-0e12ed96f4bf@group-012F5F91B630:LeaderElection15] INFO  server.RaftServerConfigKeys (ConfUtils.java:logGet(43)) - raft.server.log.appender.snapshot.chunk.size.max = 16MB (=16777216) (default)
2019-09-17 11:50:51,555 [166adff3-52d0-4f60-8e58-0e12ed96f4bf@group-012F5F91B630:LeaderElection15] INFO  server.RaftServerConfigKeys (ConfUtils.java:logGet(43)) - raft.server.log.appender.buffer.byte-limit = 33554432 (custom)
2019-09-17 11:50:51,556 [166adff3-52d0-4f60-8e58-0e12ed96f4bf@group-012F5F91B630:LeaderElection15] INFO  server.RaftServerConfigKeys (ConfUtils.java:logGet(43)) - raft.server.log.appender.buffer.element-limit = 1 (custom)
2019-09-17 11:50:51,558 [166adff3-52d0-4f60-8e58-0e12ed96f4bf@group-012F5F91B630:LeaderElection15] INFO  grpc.GrpcConfigKeys$Server (ConfUtils.java:logGet(43)) - raft.grpc.server.leader.outstanding.appends.max = 128 (default)
2019-09-17 11:50:51,559 [166adff3-52d0-4f60-8e58-0e12ed96f4bf@group-012F5F91B630:LeaderElection15] INFO  server.RaftServerConfigKeys (ConfUtils.java:logGet(43)) - raft.server.rpc.request.timeout = 3000ms (default)
2019-09-17 11:50:51,560 [166adff3-52d0-4f60-8e58-0e12ed96f4bf@group-012F5F91B630:LeaderElection15] INFO  server.RaftServerConfigKeys (ConfUtils.java:logGet(43)) - raft.server.log.appender.install.snapshot.enabled = false (custom)
2019-09-17 11:50:51,560 [166adff3-52d0-4f60-8e58-0e12ed96f4bf@group-012F5F91B630:LeaderElection15] INFO  server.RaftServerConfigKeys (ConfUtils.java:logGet(43)) - raft.server.log.appender.snapshot.chunk.size.max = 16MB (=16777216) (default)
2019-09-17 11:50:51,560 [166adff3-52d0-4f60-8e58-0e12ed96f4bf@group-012F5F91B630:LeaderElection15] INFO  server.RaftServerConfigKeys (ConfUtils.java:logGet(43)) - raft.server.log.appender.buffer.byte-limit = 33554432 (custom)
2019-09-17 11:50:51,560 [166adff3-52d0-4f60-8e58-0e12ed96f4bf@group-012F5F91B630:LeaderElection15] INFO  server.RaftServerConfigKeys (ConfUtils.java:logGet(43)) - raft.server.log.appender.buffer.element-limit = 1 (custom)
2019-09-17 11:50:51,561 [166adff3-52d0-4f60-8e58-0e12ed96f4bf@group-012F5F91B630:LeaderElection15] INFO  grpc.GrpcConfigKeys$Server (ConfUtils.java:logGet(43)) - raft.grpc.server.leader.outstanding.appends.max = 128 (default)
2019-09-17 11:50:51,561 [166adff3-52d0-4f60-8e58-0e12ed96f4bf@group-012F5F91B630:LeaderElection15] INFO  server.RaftServerConfigKeys (ConfUtils.java:logGet(43)) - raft.server.rpc.request.timeout = 3000ms (default)
2019-09-17 11:50:51,561 [166adff3-52d0-4f60-8e58-0e12ed96f4bf@group-012F5F91B630:LeaderElection15] INFO  server.RaftServerConfigKeys (ConfUtils.java:logGet(43)) - raft.server.log.appender.install.snapshot.enabled = false (custom)
2019-09-17 11:50:51,561 [166adff3-52d0-4f60-8e58-0e12ed96f4bf@group-012F5F91B630:LeaderElection15] INFO  impl.RoleInfo (RoleInfo.java:updateAndGet(143)) - 166adff3-52d0-4f60-8e58-0e12ed96f4bf: start LeaderState
2019-09-17 11:50:51,562 [166adff3-52d0-4f60-8e58-0e12ed96f4bf@group-012F5F91B630:LeaderElection15] INFO  segmented.SegmentedRaftLogWorker (SegmentedRaftLogWorker.java:startLogSegment(380)) - 166adff3-52d0-4f60-8e58-0e12ed96f4bf@group-012F5F91B630-SegmentedRaftLogWorker: Starting segment from index:0
2019-09-17 11:50:51,562 [166adff3-52d0-4f60-8e58-0e12ed96f4bf@group-012F5F91B630:LeaderElection15] INFO  impl.RaftServerImpl (ServerState.java:setRaftConf(354)) - 166adff3-52d0-4f60-8e58-0e12ed96f4bf@group-012F5F91B630: set configuration 0: [ab50ed4d-57db-4f38-bd59-74c03932909c:192.168.157.219:36833, 166adff3-52d0-4f60-8e58-0e12ed96f4bf:192.168.157.219:39836, 478df2fd-32fa-402c-a09a-4121263fb7de:192.168.157.219:32795], old=null at 0
2019-09-17 11:50:51,595 [grpc-default-executor-0] INFO  impl.RaftServerImpl (ServerState.java:setLeader(253)) - ab50ed4d-57db-4f38-bd59-74c03932909c@group-012F5F91B630: change Leader from null to 166adff3-52d0-4f60-8e58-0e12ed96f4bf at term 1 for appendEntries, leader elected after 1210ms
2019-09-17 11:50:51,596 [grpc-default-executor-4] INFO  impl.RaftServerImpl (ServerState.java:setLeader(253)) - db5c95e9-dab2-4d3b-9775-2e3d4de03f2d@group-4033F378C501: change Leader from null to 0efbdbeb-0caf-4be4-a340-f9adf92e227b at term 1 for appendEntries, leader elected after 1323ms
2019-09-17 11:50:51,598 [grpc-default-executor-5] INFO  impl.RaftServerImpl (ServerState.java:setLeader(253)) - 478df2fd-32fa-402c-a09a-4121263fb7de@group-012F5F91B630: change Leader from null to 166adff3-52d0-4f60-8e58-0e12ed96f4bf at term 1 for appendEntries, leader elected after 1213ms
2019-09-17 11:50:51,595 [grpc-default-executor-2] INFO  impl.RaftServerImpl (ServerState.java:setLeader(253)) - 768e87e1-01a1-4abe-adbb-724fc729cfde@group-4033F378C501: change Leader from null to 0efbdbeb-0caf-4be4-a340-f9adf92e227b at term 1 for appendEntries, leader elected after 1323ms
2019-09-17 11:50:51,603 [166adff3-52d0-4f60-8e58-0e12ed96f4bf@group-012F5F91B630-SegmentedRaftLogWorker] INFO  segmented.SegmentedRaftLogWorker (SegmentedRaftLogWorker.java:execute(569)) - 166adff3-52d0-4f60-8e58-0e12ed96f4bf@group-012F5F91B630-SegmentedRaftLogWorker: created new log segment /tmp/workdir/hadoop-ozone/integration-test/target/test-dir/MiniOzoneClusterImpl-aba007c7-aff0-48a6-9a1c-5b8514ff46fc/datanode-6/data/ratis/d65c79fe-fa59-49e1-a6a1-012f5f91b630/current/log_inprogress_0
2019-09-17 11:50:51,640 [grpc-default-executor-2] INFO  impl.RaftServerImpl (ServerState.java:setRaftConf(354)) - ab50ed4d-57db-4f38-bd59-74c03932909c@group-012F5F91B630: set configuration 0: [ab50ed4d-57db-4f38-bd59-74c03932909c:192.168.157.219:36833, 166adff3-52d0-4f60-8e58-0e12ed96f4bf:192.168.157.219:39836, 478df2fd-32fa-402c-a09a-4121263fb7de:192.168.157.219:32795], old=null at 0
2019-09-17 11:50:51,640 [grpc-default-executor-0] INFO  impl.RaftServerImpl (ServerState.java:setRaftConf(354)) - 768e87e1-01a1-4abe-adbb-724fc729cfde@group-4033F378C501: set configuration 0: [768e87e1-01a1-4abe-adbb-724fc729cfde:192.168.157.219:39557, 0efbdbeb-0caf-4be4-a340-f9adf92e227b:192.168.157.219:42903, db5c95e9-dab2-4d3b-9775-2e3d4de03f2d:192.168.157.219:43472], old=null at 0
2019-09-17 11:50:51,641 [grpc-default-executor-5] INFO  impl.RaftServerImpl (ServerState.java:setRaftConf(354)) - 478df2fd-32fa-402c-a09a-4121263fb7de@group-012F5F91B630: set configuration 0: [ab50ed4d-57db-4f38-bd59-74c03932909c:192.168.157.219:36833, 166adff3-52d0-4f60-8e58-0e12ed96f4bf:192.168.157.219:39836, 478df2fd-32fa-402c-a09a-4121263fb7de:192.168.157.219:32795], old=null at 0
2019-09-17 11:50:51,641 [grpc-default-executor-2] INFO  segmented.SegmentedRaftLogWorker (SegmentedRaftLogWorker.java:startLogSegment(380)) - ab50ed4d-57db-4f38-bd59-74c03932909c@group-012F5F91B630-SegmentedRaftLogWorker: Starting segment from index:0
2019-09-17 11:50:51,641 [grpc-default-executor-4] INFO  impl.RaftServerImpl (ServerState.java:setRaftConf(354)) - db5c95e9-dab2-4d3b-9775-2e3d4de03f2d@group-4033F378C501: set configuration 0: [768e87e1-01a1-4abe-adbb-724fc729cfde:192.168.157.219:39557, 0efbdbeb-0caf-4be4-a340-f9adf92e227b:192.168.157.219:42903, db5c95e9-dab2-4d3b-9775-2e3d4de03f2d:192.168.157.219:43472], old=null at 0
2019-09-17 11:50:51,641 [grpc-default-executor-5] INFO  segmented.SegmentedRaftLogWorker (SegmentedRaftLogWorker.java:startLogSegment(380)) - 478df2fd-32fa-402c-a09a-4121263fb7de@group-012F5F91B630-SegmentedRaftLogWorker: Starting segment from index:0
2019-09-17 11:50:51,641 [grpc-default-executor-0] INFO  segmented.SegmentedRaftLogWorker (SegmentedRaftLogWorker.java:startLogSegment(380)) - 768e87e1-01a1-4abe-adbb-724fc729cfde@group-4033F378C501-SegmentedRaftLogWorker: Starting segment from index:0
2019-09-17 11:50:51,641 [grpc-default-executor-4] INFO  segmented.SegmentedRaftLogWorker (SegmentedRaftLogWorker.java:startLogSegment(380)) - db5c95e9-dab2-4d3b-9775-2e3d4de03f2d@group-4033F378C501-SegmentedRaftLogWorker: Starting segment from index:0
2019-09-17 11:50:51,690 [768e87e1-01a1-4abe-adbb-724fc729cfde@group-4033F378C501-SegmentedRaftLogWorker] INFO  segmented.SegmentedRaftLogWorker (SegmentedRaftLogWorker.java:execute(569)) - 768e87e1-01a1-4abe-adbb-724fc729cfde@group-4033F378C501-SegmentedRaftLogWorker: created new log segment /tmp/workdir/hadoop-ozone/integration-test/target/test-dir/MiniOzoneClusterImpl-aba007c7-aff0-48a6-9a1c-5b8514ff46fc/datanode-1/data/ratis/39788b26-8e4f-498d-9caf-4033f378c501/current/log_inprogress_0
2019-09-17 11:50:51,690 [478df2fd-32fa-402c-a09a-4121263fb7de@group-012F5F91B630-SegmentedRaftLogWorker] INFO  segmented.SegmentedRaftLogWorker (SegmentedRaftLogWorker.java:execute(569)) - 478df2fd-32fa-402c-a09a-4121263fb7de@group-012F5F91B630-SegmentedRaftLogWorker: created new log segment /tmp/workdir/hadoop-ozone/integration-test/target/test-dir/MiniOzoneClusterImpl-aba007c7-aff0-48a6-9a1c-5b8514ff46fc/datanode-2/data/ratis/d65c79fe-fa59-49e1-a6a1-012f5f91b630/current/log_inprogress_0
2019-09-17 11:50:51,690 [db5c95e9-dab2-4d3b-9775-2e3d4de03f2d@group-4033F378C501-SegmentedRaftLogWorker] INFO  segmented.SegmentedRaftLogWorker (SegmentedRaftLogWorker.java:execute(569)) - db5c95e9-dab2-4d3b-9775-2e3d4de03f2d@group-4033F378C501-SegmentedRaftLogWorker: created new log segment /tmp/workdir/hadoop-ozone/integration-test/target/test-dir/MiniOzoneClusterImpl-aba007c7-aff0-48a6-9a1c-5b8514ff46fc/datanode-3/data/ratis/39788b26-8e4f-498d-9caf-4033f378c501/current/log_inprogress_0
2019-09-17 11:50:51,690 [ab50ed4d-57db-4f38-bd59-74c03932909c@group-012F5F91B630-SegmentedRaftLogWorker] INFO  segmented.SegmentedRaftLogWorker (SegmentedRaftLogWorker.java:execute(569)) - ab50ed4d-57db-4f38-bd59-74c03932909c@group-012F5F91B630-SegmentedRaftLogWorker: created new log segment /tmp/workdir/hadoop-ozone/integration-test/target/test-dir/MiniOzoneClusterImpl-aba007c7-aff0-48a6-9a1c-5b8514ff46fc/datanode-9/data/ratis/d65c79fe-fa59-49e1-a6a1-012f5f91b630/current/log_inprogress_0
2019-09-17 11:50:52,265 [main] INFO  impl.MetricsSystemImpl (MetricsSystemImpl.java:init(158)) - XceiverClientMetrics metrics system started (again)
2019-09-17 11:50:52,395 [grpc-default-executor-2] INFO  client.GrpcClientProtocolClient (GrpcClientProtocolClient.java:onNext(264)) - client-A69AE23FA7C5->768e87e1-01a1-4abe-adbb-724fc729cfde: receive RaftClientReply:client-A69AE23FA7C5->768e87e1-01a1-4abe-adbb-724fc729cfde@group-4033F378C501, cid=19, FAILED org.apache.ratis.protocol.NotLeaderException: Server 768e87e1-01a1-4abe-adbb-724fc729cfde@group-4033F378C501 is not the leader 0efbdbeb-0caf-4be4-a340-f9adf92e227b:192.168.157.219:42903, logIndex=0, commits[768e87e1-01a1-4abe-adbb-724fc729cfde:c0, 0efbdbeb-0caf-4be4-a340-f9adf92e227b:c0, db5c95e9-dab2-4d3b-9775-2e3d4de03f2d:c0]
2019-09-17 11:50:52,428 [Thread-378] INFO  impl.FollowerState (FollowerState.java:run(106)) - ee155057-4acb-4f3f-9013-4bd3c5a101b6:group-B3F5A0A8BDBD changes to CANDIDATE, lastRpcTime:1014, electionTimeout:1008ms
2019-09-17 11:50:52,430 [Thread-378] INFO  impl.RoleInfo (RoleInfo.java:shutdownFollowerState(121)) - ee155057-4acb-4f3f-9013-4bd3c5a101b6: shutdown FollowerState
2019-09-17 11:50:52,430 [Thread-378] INFO  impl.RaftServerImpl (RaftServerImpl.java:setRole(174)) - ee155057-4acb-4f3f-9013-4bd3c5a101b6@group-B3F5A0A8BDBD: changes role from  FOLLOWER to CANDIDATE at term 1 for changeToCandidate
2019-09-17 11:50:52,431 [Thread-378] INFO  impl.RoleInfo (RoleInfo.java:updateAndGet(143)) - ee155057-4acb-4f3f-9013-4bd3c5a101b6: start LeaderElection
2019-09-17 11:50:52,452 [ee155057-4acb-4f3f-9013-4bd3c5a101b6@group-B3F5A0A8BDBD:LeaderElection16] INFO  impl.LeaderElection (LeaderElection.java:askForVotes(182)) - ee155057-4acb-4f3f-9013-4bd3c5a101b6@group-B3F5A0A8BDBD:LeaderElection16: begin an election at term 2 for -1: [533f21c9-6148-4926-981b-3030ea271196:192.168.157.219:45624, 90cc32e6-bdd6-4f93-abb1-bc520dd025bc:192.168.157.219:33403, ee155057-4acb-4f3f-9013-4bd3c5a101b6:192.168.157.219:41943], old=null
2019-09-17 11:50:52,461 [grpc-default-executor-5] INFO  impl.RaftServerImpl (RaftServerImpl.java:setRole(174)) - 533f21c9-6148-4926-981b-3030ea271196@group-B3F5A0A8BDBD: changes role from  FOLLOWER to FOLLOWER at term 2 for recognizeCandidate:ee155057-4acb-4f3f-9013-4bd3c5a101b6
2019-09-17 11:50:52,461 [grpc-default-executor-4] INFO  impl.RaftServerImpl (RaftServerImpl.java:setRole(174)) - 90cc32e6-bdd6-4f93-abb1-bc520dd025bc@group-B3F5A0A8BDBD: changes role from  FOLLOWER to FOLLOWER at term 2 for recognizeCandidate:ee155057-4acb-4f3f-9013-4bd3c5a101b6
2019-09-17 11:50:52,461 [grpc-default-executor-5] INFO  impl.RoleInfo (RoleInfo.java:shutdownFollowerState(121)) - 533f21c9-6148-4926-981b-3030ea271196: shutdown FollowerState
2019-09-17 11:50:52,461 [grpc-default-executor-4] INFO  impl.RoleInfo (RoleInfo.java:shutdownFollowerState(121)) - 90cc32e6-bdd6-4f93-abb1-bc520dd025bc: shutdown FollowerState
2019-09-17 11:50:52,461 [Thread-385] INFO  impl.FollowerState (FollowerState.java:run(115)) - 533f21c9-6148-4926-981b-3030ea271196: FollowerState was interrupted: java.lang.InterruptedException: sleep interrupted
2019-09-17 11:50:52,461 [grpc-default-executor-5] INFO  impl.RoleInfo (RoleInfo.java:updateAndGet(143)) - 533f21c9-6148-4926-981b-3030ea271196: start FollowerState
2019-09-17 11:50:52,461 [Thread-381] INFO  impl.FollowerState (FollowerState.java:run(115)) - 90cc32e6-bdd6-4f93-abb1-bc520dd025bc: FollowerState was interrupted: java.lang.InterruptedException: sleep interrupted
2019-09-17 11:50:52,461 [grpc-default-executor-4] INFO  impl.RoleInfo (RoleInfo.java:updateAndGet(143)) - 90cc32e6-bdd6-4f93-abb1-bc520dd025bc: start FollowerState
2019-09-17 11:50:52,478 [ee155057-4acb-4f3f-9013-4bd3c5a101b6@group-B3F5A0A8BDBD:LeaderElection16] INFO  impl.LeaderElection (LeaderElection.java:logAndReturn(56)) - ee155057-4acb-4f3f-9013-4bd3c5a101b6@group-B3F5A0A8BDBD:LeaderElection16: Election PASSED; received 1 response(s) [ee155057-4acb-4f3f-9013-4bd3c5a101b6<-533f21c9-6148-4926-981b-3030ea271196#0:OK-t2] and 0 exception(s); ee155057-4acb-4f3f-9013-4bd3c5a101b6@group-B3F5A0A8BDBD:t2, leader=null, voted=ee155057-4acb-4f3f-9013-4bd3c5a101b6, raftlog=ee155057-4acb-4f3f-9013-4bd3c5a101b6@group-B3F5A0A8BDBD-SegmentedRaftLog:OPENED:c-1,f-1,i0, conf=-1: [533f21c9-6148-4926-981b-3030ea271196:192.168.157.219:45624, 90cc32e6-bdd6-4f93-abb1-bc520dd025bc:192.168.157.219:33403, ee155057-4acb-4f3f-9013-4bd3c5a101b6:192.168.157.219:41943], old=null
2019-09-17 11:50:52,478 [ee155057-4acb-4f3f-9013-4bd3c5a101b6@group-B3F5A0A8BDBD:LeaderElection16] INFO  impl.RoleInfo (RoleInfo.java:shutdownLeaderElection(134)) - ee155057-4acb-4f3f-9013-4bd3c5a101b6: shutdown LeaderElection
2019-09-17 11:50:52,481 [ee155057-4acb-4f3f-9013-4bd3c5a101b6@group-B3F5A0A8BDBD:LeaderElection16] INFO  impl.RaftServerImpl (RaftServerImpl.java:setRole(174)) - ee155057-4acb-4f3f-9013-4bd3c5a101b6@group-B3F5A0A8BDBD: changes role from CANDIDATE to LEADER at term 2 for changeToLeader
2019-09-17 11:50:52,481 [ee155057-4acb-4f3f-9013-4bd3c5a101b6@group-B3F5A0A8BDBD:LeaderElection16] INFO  impl.RaftServerImpl (ServerState.java:setLeader(253)) - ee155057-4acb-4f3f-9013-4bd3c5a101b6@group-B3F5A0A8BDBD: change Leader from null to ee155057-4acb-4f3f-9013-4bd3c5a101b6 at term 2 for becomeLeader, leader elected after 2347ms
2019-09-17 11:50:52,481 [ee155057-4acb-4f3f-9013-4bd3c5a101b6@group-B3F5A0A8BDBD:LeaderElection16] INFO  server.RaftServerConfigKeys (ConfUtils.java:logGet(43)) - raft.server.staging.catchup.gap = 1000 (default)
2019-09-17 11:50:52,481 [ee155057-4acb-4f3f-9013-4bd3c5a101b6@group-B3F5A0A8BDBD:LeaderElection16] INFO  server.RaftServerConfigKeys (ConfUtils.java:logGet(43)) - raft.server.rpc.sleep.time = 25ms (default)
2019-09-17 11:50:52,481 [ee155057-4acb-4f3f-9013-4bd3c5a101b6@group-B3F5A0A8BDBD:LeaderElection16] INFO  server.RaftServerConfigKeys (ConfUtils.java:logGet(43)) - raft.server.write.element-limit = 4096 (default)
2019-09-17 11:50:52,481 [ee155057-4acb-4f3f-9013-4bd3c5a101b6@group-B3F5A0A8BDBD:LeaderElection16] INFO  server.RaftServerConfigKeys (ConfUtils.java:logGet(43)) - raft.server.watch.timeout = 10s (default)
2019-09-17 11:50:52,482 [ee155057-4acb-4f3f-9013-4bd3c5a101b6@group-B3F5A0A8BDBD:LeaderElection16] INFO  server.RaftServerConfigKeys (ConfUtils.java:logGet(43)) - raft.server.watch.timeout.denomination = 1s (default)
2019-09-17 11:50:52,482 [ee155057-4acb-4f3f-9013-4bd3c5a101b6@group-B3F5A0A8BDBD:LeaderElection16] INFO  server.RaftServerConfigKeys (ConfUtils.java:logGet(43)) - raft.server.watch.element-limit = 65536 (default)
2019-09-17 11:50:52,484 [ee155057-4acb-4f3f-9013-4bd3c5a101b6@group-B3F5A0A8BDBD:LeaderElection16] INFO  server.RaftServerConfigKeys (ConfUtils.java:logGet(43)) - raft.server.log.appender.snapshot.chunk.size.max = 16MB (=16777216) (default)
2019-09-17 11:50:52,484 [ee155057-4acb-4f3f-9013-4bd3c5a101b6@group-B3F5A0A8BDBD:LeaderElection16] INFO  server.RaftServerConfigKeys (ConfUtils.java:logGet(43)) - raft.server.log.appender.buffer.byte-limit = 33554432 (custom)
2019-09-17 11:50:52,484 [ee155057-4acb-4f3f-9013-4bd3c5a101b6@group-B3F5A0A8BDBD:LeaderElection16] INFO  server.RaftServerConfigKeys (ConfUtils.java:logGet(43)) - raft.server.log.appender.buffer.element-limit = 1 (custom)
2019-09-17 11:50:52,484 [ee155057-4acb-4f3f-9013-4bd3c5a101b6@group-B3F5A0A8BDBD:LeaderElection16] INFO  grpc.GrpcConfigKeys$Server (ConfUtils.java:logGet(43)) - raft.grpc.server.leader.outstanding.appends.max = 128 (default)
2019-09-17 11:50:52,484 [ee155057-4acb-4f3f-9013-4bd3c5a101b6@group-B3F5A0A8BDBD:LeaderElection16] INFO  server.RaftServerConfigKeys (ConfUtils.java:logGet(43)) - raft.server.rpc.request.timeout = 3000ms (default)
2019-09-17 11:50:52,485 [ee155057-4acb-4f3f-9013-4bd3c5a101b6@group-B3F5A0A8BDBD:LeaderElection16] INFO  server.RaftServerConfigKeys (ConfUtils.java:logGet(43)) - raft.server.log.appender.install.snapshot.enabled = false (custom)
2019-09-17 11:50:52,485 [ee155057-4acb-4f3f-9013-4bd3c5a101b6@group-B3F5A0A8BDBD:LeaderElection16] INFO  server.RaftServerConfigKeys (ConfUtils.java:logGet(43)) - raft.server.log.appender.snapshot.chunk.size.max = 16MB (=16777216) (default)
2019-09-17 11:50:52,485 [ee155057-4acb-4f3f-9013-4bd3c5a101b6@group-B3F5A0A8BDBD:LeaderElection16] INFO  server.RaftServerConfigKeys (ConfUtils.java:logGet(43)) - raft.server.log.appender.buffer.byte-limit = 33554432 (custom)
2019-09-17 11:50:52,485 [ee155057-4acb-4f3f-9013-4bd3c5a101b6@group-B3F5A0A8BDBD:LeaderElection16] INFO  server.RaftServerConfigKeys (ConfUtils.java:logGet(43)) - raft.server.log.appender.buffer.element-limit = 1 (custom)
2019-09-17 11:50:52,485 [ee155057-4acb-4f3f-9013-4bd3c5a101b6@group-B3F5A0A8BDBD:LeaderElection16] INFO  grpc.GrpcConfigKeys$Server (ConfUtils.java:logGet(43)) - raft.grpc.server.leader.outstanding.appends.max = 128 (default)
2019-09-17 11:50:52,485 [ee155057-4acb-4f3f-9013-4bd3c5a101b6@group-B3F5A0A8BDBD:LeaderElection16] INFO  server.RaftServerConfigKeys (ConfUtils.java:logGet(43)) - raft.server.rpc.request.timeout = 3000ms (default)
2019-09-17 11:50:52,485 [ee155057-4acb-4f3f-9013-4bd3c5a101b6@group-B3F5A0A8BDBD:LeaderElection16] INFO  server.RaftServerConfigKeys (ConfUtils.java:logGet(43)) - raft.server.log.appender.install.snapshot.enabled = false (custom)
2019-09-17 11:50:52,486 [ee155057-4acb-4f3f-9013-4bd3c5a101b6@group-B3F5A0A8BDBD:LeaderElection16] INFO  impl.RoleInfo (RoleInfo.java:updateAndGet(143)) - ee155057-4acb-4f3f-9013-4bd3c5a101b6: start LeaderState
2019-09-17 11:50:52,486 [ee155057-4acb-4f3f-9013-4bd3c5a101b6@group-B3F5A0A8BDBD:LeaderElection16] INFO  segmented.SegmentedRaftLogWorker (SegmentedRaftLogWorker.java:startLogSegment(380)) - ee155057-4acb-4f3f-9013-4bd3c5a101b6@group-B3F5A0A8BDBD-SegmentedRaftLogWorker: Starting segment from index:0
2019-09-17 11:50:52,486 [ee155057-4acb-4f3f-9013-4bd3c5a101b6@group-B3F5A0A8BDBD:LeaderElection16] INFO  impl.RaftServerImpl (ServerState.java:setRaftConf(354)) - ee155057-4acb-4f3f-9013-4bd3c5a101b6@group-B3F5A0A8BDBD: set configuration 0: [533f21c9-6148-4926-981b-3030ea271196:192.168.157.219:45624, 90cc32e6-bdd6-4f93-abb1-bc520dd025bc:192.168.157.219:33403, ee155057-4acb-4f3f-9013-4bd3c5a101b6:192.168.157.219:41943], old=null at 0
2019-09-17 11:50:52,516 [grpc-default-executor-4] INFO  impl.RaftServerImpl (ServerState.java:setLeader(253)) - 90cc32e6-bdd6-4f93-abb1-bc520dd025bc@group-B3F5A0A8BDBD: change Leader from null to ee155057-4acb-4f3f-9013-4bd3c5a101b6 at term 2 for appendEntries, leader elected after 2382ms
2019-09-17 11:50:52,519 [grpc-default-executor-5] INFO  impl.RaftServerImpl (ServerState.java:setLeader(253)) - 533f21c9-6148-4926-981b-3030ea271196@group-B3F5A0A8BDBD: change Leader from null to ee155057-4acb-4f3f-9013-4bd3c5a101b6 at term 2 for appendEntries, leader elected after 2387ms
2019-09-17 11:50:52,522 [grpc-default-executor-5] INFO  impl.RaftServerImpl (ServerState.java:setRaftConf(354)) - 90cc32e6-bdd6-4f93-abb1-bc520dd025bc@group-B3F5A0A8BDBD: set configuration 0: [533f21c9-6148-4926-981b-3030ea271196:192.168.157.219:45624, 90cc32e6-bdd6-4f93-abb1-bc520dd025bc:192.168.157.219:33403, ee155057-4acb-4f3f-9013-4bd3c5a101b6:192.168.157.219:41943], old=null at 0
2019-09-17 11:50:52,522 [grpc-default-executor-5] INFO  segmented.SegmentedRaftLogWorker (SegmentedRaftLogWorker.java:startLogSegment(380)) - 90cc32e6-bdd6-4f93-abb1-bc520dd025bc@group-B3F5A0A8BDBD-SegmentedRaftLogWorker: Starting segment from index:0
2019-09-17 11:50:52,523 [grpc-default-executor-4] INFO  impl.RaftServerImpl (ServerState.java:setRaftConf(354)) - 533f21c9-6148-4926-981b-3030ea271196@group-B3F5A0A8BDBD: set configuration 0: [533f21c9-6148-4926-981b-3030ea271196:192.168.157.219:45624, 90cc32e6-bdd6-4f93-abb1-bc520dd025bc:192.168.157.219:33403, ee155057-4acb-4f3f-9013-4bd3c5a101b6:192.168.157.219:41943], old=null at 0
2019-09-17 11:50:52,523 [grpc-default-executor-4] INFO  segmented.SegmentedRaftLogWorker (SegmentedRaftLogWorker.java:startLogSegment(380)) - 533f21c9-6148-4926-981b-3030ea271196@group-B3F5A0A8BDBD-SegmentedRaftLogWorker: Starting segment from index:0
2019-09-17 11:50:52,527 [ee155057-4acb-4f3f-9013-4bd3c5a101b6@group-B3F5A0A8BDBD-SegmentedRaftLogWorker] INFO  segmented.SegmentedRaftLogWorker (SegmentedRaftLogWorker.java:execute(569)) - ee155057-4acb-4f3f-9013-4bd3c5a101b6@group-B3F5A0A8BDBD-SegmentedRaftLogWorker: created new log segment /tmp/workdir/hadoop-ozone/integration-test/target/test-dir/MiniOzoneClusterImpl-aba007c7-aff0-48a6-9a1c-5b8514ff46fc/datanode-8/data/ratis/1389dddd-6222-4e81-b4e1-b3f5a0a8bdbd/current/log_inprogress_0
2019-09-17 11:50:52,568 [90cc32e6-bdd6-4f93-abb1-bc520dd025bc@group-B3F5A0A8BDBD-SegmentedRaftLogWorker] INFO  segmented.SegmentedRaftLogWorker (SegmentedRaftLogWorker.java:execute(569)) - 90cc32e6-bdd6-4f93-abb1-bc520dd025bc@group-B3F5A0A8BDBD-SegmentedRaftLogWorker: created new log segment /tmp/workdir/hadoop-ozone/integration-test/target/test-dir/MiniOzoneClusterImpl-aba007c7-aff0-48a6-9a1c-5b8514ff46fc/datanode-5/data/ratis/1389dddd-6222-4e81-b4e1-b3f5a0a8bdbd/current/log_inprogress_0
2019-09-17 11:50:52,568 [533f21c9-6148-4926-981b-3030ea271196@group-B3F5A0A8BDBD-SegmentedRaftLogWorker] INFO  segmented.SegmentedRaftLogWorker (SegmentedRaftLogWorker.java:execute(569)) - 533f21c9-6148-4926-981b-3030ea271196@group-B3F5A0A8BDBD-SegmentedRaftLogWorker: created new log segment /tmp/workdir/hadoop-ozone/integration-test/target/test-dir/MiniOzoneClusterImpl-aba007c7-aff0-48a6-9a1c-5b8514ff46fc/datanode-0/data/ratis/1389dddd-6222-4e81-b4e1-b3f5a0a8bdbd/current/log_inprogress_0
2019-09-17 11:50:52,831 [grpc-default-executor-2] INFO  client.GrpcClientProtocolClient (GrpcClientProtocolClient.java:onNext(264)) - client-A69AE23FA7C5->0efbdbeb-0caf-4be4-a340-f9adf92e227b: receive RaftClientReply:client-A69AE23FA7C5->0efbdbeb-0caf-4be4-a340-f9adf92e227b@group-4033F378C501, cid=19, SUCCESS, logIndex=1, commits[0efbdbeb-0caf-4be4-a340-f9adf92e227b:c2, 768e87e1-01a1-4abe-adbb-724fc729cfde:c1, db5c95e9-dab2-4d3b-9775-2e3d4de03f2d:c1]
2019-09-17 11:50:52,941 [grpc-default-executor-4] INFO  client.GrpcClientProtocolClient (GrpcClientProtocolClient.java:onNext(264)) - client-A69AE23FA7C5->0efbdbeb-0caf-4be4-a340-f9adf92e227b: receive RaftClientReply:client-A69AE23FA7C5->0efbdbeb-0caf-4be4-a340-f9adf92e227b@group-4033F378C501, cid=20, SUCCESS, logIndex=3, commits[0efbdbeb-0caf-4be4-a340-f9adf92e227b:c8, 768e87e1-01a1-4abe-adbb-724fc729cfde:c6, db5c95e9-dab2-4d3b-9775-2e3d4de03f2d:c6]
2019-09-17 11:50:52,947 [grpc-default-executor-4] INFO  client.GrpcClientProtocolClient (GrpcClientProtocolClient.java:onNext(264)) - client-A69AE23FA7C5->0efbdbeb-0caf-4be4-a340-f9adf92e227b: receive RaftClientReply:client-A69AE23FA7C5->0efbdbeb-0caf-4be4-a340-f9adf92e227b@group-4033F378C501, cid=21, SUCCESS, logIndex=4, commits[0efbdbeb-0caf-4be4-a340-f9adf92e227b:c8, 768e87e1-01a1-4abe-adbb-724fc729cfde:c6, db5c95e9-dab2-4d3b-9775-2e3d4de03f2d:c6]
2019-09-17 11:50:53,011 [grpc-default-executor-4] INFO  client.GrpcClientProtocolClient (GrpcClientProtocolClient.java:onNext(264)) - client-A69AE23FA7C5->0efbdbeb-0caf-4be4-a340-f9adf92e227b: receive RaftClientReply:client-A69AE23FA7C5->0efbdbeb-0caf-4be4-a340-f9adf92e227b@group-4033F378C501, cid=22, SUCCESS, logIndex=5, commits[0efbdbeb-0caf-4be4-a340-f9adf92e227b:c8, 768e87e1-01a1-4abe-adbb-724fc729cfde:c6, db5c95e9-dab2-4d3b-9775-2e3d4de03f2d:c6]
2019-09-17 11:50:53,070 [grpc-default-executor-2] INFO  client.GrpcClientProtocolClient (GrpcClientProtocolClient.java:onNext(264)) - client-A69AE23FA7C5->0efbdbeb-0caf-4be4-a340-f9adf92e227b: receive RaftClientReply:client-A69AE23FA7C5->0efbdbeb-0caf-4be4-a340-f9adf92e227b@group-4033F378C501, cid=23, SUCCESS, logIndex=9, commits[0efbdbeb-0caf-4be4-a340-f9adf92e227b:c10, 768e87e1-01a1-4abe-adbb-724fc729cfde:c8, db5c95e9-dab2-4d3b-9775-2e3d4de03f2d:c8]
2019-09-17 11:50:53,071 [grpc-default-executor-2] INFO  client.GrpcClientProtocolClient (GrpcClientProtocolClient.java:onNext(264)) - client-A69AE23FA7C5->0efbdbeb-0caf-4be4-a340-f9adf92e227b: receive RaftClientReply:client-A69AE23FA7C5->0efbdbeb-0caf-4be4-a340-f9adf92e227b@group-4033F378C501, cid=24, SUCCESS, logIndex=10, commits[0efbdbeb-0caf-4be4-a340-f9adf92e227b:c10, 768e87e1-01a1-4abe-adbb-724fc729cfde:c8, db5c95e9-dab2-4d3b-9775-2e3d4de03f2d:c8]
2019-09-17 11:50:53,090 [grpc-default-executor-2] INFO  client.GrpcClientProtocolClient (GrpcClientProtocolClient.java:onNext(264)) - client-A69AE23FA7C5->0efbdbeb-0caf-4be4-a340-f9adf92e227b: receive RaftClientReply:client-A69AE23FA7C5->0efbdbeb-0caf-4be4-a340-f9adf92e227b@group-4033F378C501, cid=25, SUCCESS, logIndex=11, commits[0efbdbeb-0caf-4be4-a340-f9adf92e227b:c14, 768e87e1-01a1-4abe-adbb-724fc729cfde:c10, db5c95e9-dab2-4d3b-9775-2e3d4de03f2d:c10]
2019-09-17 11:50:53,090 [grpc-default-executor-2] INFO  client.GrpcClientProtocolClient (GrpcClientProtocolClient.java:onNext(264)) - client-A69AE23FA7C5->0efbdbeb-0caf-4be4-a340-f9adf92e227b: receive RaftClientReply:client-A69AE23FA7C5->0efbdbeb-0caf-4be4-a340-f9adf92e227b@group-4033F378C501, cid=26, SUCCESS, logIndex=12, commits[0efbdbeb-0caf-4be4-a340-f9adf92e227b:c14, 768e87e1-01a1-4abe-adbb-724fc729cfde:c10, db5c95e9-dab2-4d3b-9775-2e3d4de03f2d:c10]
2019-09-17 11:50:53,119 [grpc-default-executor-2] INFO  client.GrpcClientProtocolClient (GrpcClientProtocolClient.java:onNext(264)) - client-A69AE23FA7C5->0efbdbeb-0caf-4be4-a340-f9adf92e227b: receive RaftClientReply:client-A69AE23FA7C5->0efbdbeb-0caf-4be4-a340-f9adf92e227b@group-4033F378C501, cid=27, SUCCESS, logIndex=0, commits[0efbdbeb-0caf-4be4-a340-f9adf92e227b:c16, 768e87e1-01a1-4abe-adbb-724fc729cfde:c13, db5c95e9-dab2-4d3b-9775-2e3d4de03f2d:c13]
2019-09-17 11:50:53,141 [grpc-default-executor-2] INFO  client.GrpcClientProtocolClient (GrpcClientProtocolClient.java:onNext(264)) - client-86CC74F3E005->90cc32e6-bdd6-4f93-abb1-bc520dd025bc: receive RaftClientReply:client-86CC74F3E005->90cc32e6-bdd6-4f93-abb1-bc520dd025bc@group-B3F5A0A8BDBD, cid=28, FAILED org.apache.ratis.protocol.NotLeaderException: Server 90cc32e6-bdd6-4f93-abb1-bc520dd025bc@group-B3F5A0A8BDBD is not the leader ee155057-4acb-4f3f-9013-4bd3c5a101b6:192.168.157.219:41943, logIndex=0, commits[90cc32e6-bdd6-4f93-abb1-bc520dd025bc:c0, 533f21c9-6148-4926-981b-3030ea271196:c-1, ee155057-4acb-4f3f-9013-4bd3c5a101b6:c0]
2019-09-17 11:50:53,384 [grpc-default-executor-5] INFO  client.GrpcClientProtocolClient (GrpcClientProtocolClient.java:onNext(264)) - client-86CC74F3E005->ee155057-4acb-4f3f-9013-4bd3c5a101b6: receive RaftClientReply:client-86CC74F3E005->ee155057-4acb-4f3f-9013-4bd3c5a101b6@group-B3F5A0A8BDBD, cid=28, SUCCESS, logIndex=1, commits[ee155057-4acb-4f3f-9013-4bd3c5a101b6:c1, 533f21c9-6148-4926-981b-3030ea271196:c0, 90cc32e6-bdd6-4f93-abb1-bc520dd025bc:c0]
2019-09-17 11:50:54,747 [grpc-default-executor-5] INFO  client.GrpcClientProtocolClient (GrpcClientProtocolClient.java:onNext(264)) - client-86CC74F3E005->ee155057-4acb-4f3f-9013-4bd3c5a101b6: receive RaftClientReply:client-86CC74F3E005->ee155057-4acb-4f3f-9013-4bd3c5a101b6@group-B3F5A0A8BDBD, cid=29, SUCCESS, logIndex=3, commits[ee155057-4acb-4f3f-9013-4bd3c5a101b6:c8, 533f21c9-6148-4926-981b-3030ea271196:c6, 90cc32e6-bdd6-4f93-abb1-bc520dd025bc:c6]
2019-09-17 11:50:54,748 [grpc-default-executor-5] INFO  client.GrpcClientProtocolClient (GrpcClientProtocolClient.java:onNext(264)) - client-86CC74F3E005->ee155057-4acb-4f3f-9013-4bd3c5a101b6: receive RaftClientReply:client-86CC74F3E005->ee155057-4acb-4f3f-9013-4bd3c5a101b6@group-B3F5A0A8BDBD, cid=30, SUCCESS, logIndex=4, commits[ee155057-4acb-4f3f-9013-4bd3c5a101b6:c8, 533f21c9-6148-4926-981b-3030ea271196:c6, 90cc32e6-bdd6-4f93-abb1-bc520dd025bc:c6]
2019-09-17 11:50:54,860 [grpc-default-executor-5] INFO  client.GrpcClientProtocolClient (GrpcClientProtocolClient.java:onNext(264)) - client-86CC74F3E005->ee155057-4acb-4f3f-9013-4bd3c5a101b6: receive RaftClientReply:client-86CC74F3E005->ee155057-4acb-4f3f-9013-4bd3c5a101b6@group-B3F5A0A8BDBD, cid=31, SUCCESS, logIndex=6, commits[ee155057-4acb-4f3f-9013-4bd3c5a101b6:c8, 533f21c9-6148-4926-981b-3030ea271196:c6, 90cc32e6-bdd6-4f93-abb1-bc520dd025bc:c6]
2019-09-17 11:50:54,892 [grpc-default-executor-0] INFO  client.GrpcClientProtocolClient (GrpcClientProtocolClient.java:onNext(264)) - client-86CC74F3E005->ee155057-4acb-4f3f-9013-4bd3c5a101b6: receive RaftClientReply:client-86CC74F3E005->ee155057-4acb-4f3f-9013-4bd3c5a101b6@group-B3F5A0A8BDBD, cid=32, SUCCESS, logIndex=9, commits[ee155057-4acb-4f3f-9013-4bd3c5a101b6:c10, 533f21c9-6148-4926-981b-3030ea271196:c8, 90cc32e6-bdd6-4f93-abb1-bc520dd025bc:c8]
2019-09-17 11:50:54,896 [grpc-default-executor-2] INFO  client.GrpcClientProtocolClient (GrpcClientProtocolClient.java:onNext(264)) - client-86CC74F3E005->ee155057-4acb-4f3f-9013-4bd3c5a101b6: receive RaftClientReply:client-86CC74F3E005->ee155057-4acb-4f3f-9013-4bd3c5a101b6@group-B3F5A0A8BDBD, cid=33, SUCCESS, logIndex=10, commits[ee155057-4acb-4f3f-9013-4bd3c5a101b6:c10, 533f21c9-6148-4926-981b-3030ea271196:c8, 90cc32e6-bdd6-4f93-abb1-bc520dd025bc:c8]
2019-09-17 11:50:54,903 [grpc-default-executor-0] INFO  client.GrpcClientProtocolClient (GrpcClientProtocolClient.java:onNext(264)) - client-86CC74F3E005->ee155057-4acb-4f3f-9013-4bd3c5a101b6: receive RaftClientReply:client-86CC74F3E005->ee155057-4acb-4f3f-9013-4bd3c5a101b6@group-B3F5A0A8BDBD, cid=34, SUCCESS, logIndex=11, commits[ee155057-4acb-4f3f-9013-4bd3c5a101b6:c12, 533f21c9-6148-4926-981b-3030ea271196:c8, 90cc32e6-bdd6-4f93-abb1-bc520dd025bc:c8]
2019-09-17 11:50:54,904 [grpc-default-executor-0] INFO  client.GrpcClientProtocolClient (GrpcClientProtocolClient.java:onNext(264)) - client-86CC74F3E005->ee155057-4acb-4f3f-9013-4bd3c5a101b6: receive RaftClientReply:client-86CC74F3E005->ee155057-4acb-4f3f-9013-4bd3c5a101b6@group-B3F5A0A8BDBD, cid=35, SUCCESS, logIndex=12, commits[ee155057-4acb-4f3f-9013-4bd3c5a101b6:c12, 533f21c9-6148-4926-981b-3030ea271196:c8, 90cc32e6-bdd6-4f93-abb1-bc520dd025bc:c8]
2019-09-17 11:50:54,921 [grpc-default-executor-2] INFO  client.GrpcClientProtocolClient (GrpcClientProtocolClient.java:onNext(264)) - client-86CC74F3E005->ee155057-4acb-4f3f-9013-4bd3c5a101b6: receive RaftClientReply:client-86CC74F3E005->ee155057-4acb-4f3f-9013-4bd3c5a101b6@group-B3F5A0A8BDBD, cid=36, SUCCESS, logIndex=0, commits[ee155057-4acb-4f3f-9013-4bd3c5a101b6:c14, 533f21c9-6148-4926-981b-3030ea271196:c10, 90cc32e6-bdd6-4f93-abb1-bc520dd025bc:c10]
2019-09-17 11:50:54,925 [grpc-default-executor-2] INFO  client.GrpcClientProtocolClient (GrpcClientProtocolClient.java:onNext(264)) - client-86CC74F3E005->ee155057-4acb-4f3f-9013-4bd3c5a101b6: receive RaftClientReply:client-86CC74F3E005->ee155057-4acb-4f3f-9013-4bd3c5a101b6@group-B3F5A0A8BDBD, cid=37, SUCCESS, logIndex=0, commits[ee155057-4acb-4f3f-9013-4bd3c5a101b6:c16, 533f21c9-6148-4926-981b-3030ea271196:c12, 90cc32e6-bdd6-4f93-abb1-bc520dd025bc:c12]
2019-09-17 11:50:57,952 [java.util.concurrent.ThreadPoolExecutor$Worker@5a9b47f8[State = -1, empty queue]] WARN  server.GrpcLogAppender (GrpcLogAppender.java:timeoutAppendRequest(200)) - ee155057-4acb-4f3f-9013-4bd3c5a101b6@group-B3F5A0A8BDBD->90cc32e6-bdd6-4f93-abb1-bc520dd025bc-GrpcLogAppender: appendEntries Timeout, request=ee155057-4acb-4f3f-9013-4bd3c5a101b6->90cc32e6-bdd6-4f93-abb1-bc520dd025bc#21-t2, previous=(t:2, i:16), leaderCommit=16, initializing? false, entries: size=1, first=(t:2, i:17), STATEMACHINELOGENTRY, client-86CC74F3E005, cid=38
2019-09-17 11:50:57,952 [java.util.concurrent.ThreadPoolExecutor$Worker@3cd8d43b[State = -1, empty queue]] WARN  server.GrpcLogAppender (GrpcLogAppender.java:timeoutAppendRequest(200)) - ee155057-4acb-4f3f-9013-4bd3c5a101b6@group-B3F5A0A8BDBD->533f21c9-6148-4926-981b-3030ea271196-GrpcLogAppender: appendEntries Timeout, request=ee155057-4acb-4f3f-9013-4bd3c5a101b6->533f21c9-6148-4926-981b-3030ea271196#21-t2, previous=(t:2, i:16), leaderCommit=16, initializing? false, entries: size=1, first=(t:2, i:17), STATEMACHINELOGENTRY, client-86CC74F3E005, cid=38
2019-09-17 11:50:57,955 [java.util.concurrent.ThreadPoolExecutor$Worker@5a9b47f8[State = -1, empty queue]] WARN  server.GrpcLogAppender (GrpcLogAppender.java:timeoutAppendRequest(200)) - ee155057-4acb-4f3f-9013-4bd3c5a101b6@group-B3F5A0A8BDBD->90cc32e6-bdd6-4f93-abb1-bc520dd025bc-GrpcLogAppender: appendEntries Timeout, request=ee155057-4acb-4f3f-9013-4bd3c5a101b6->90cc32e6-bdd6-4f93-abb1-bc520dd025bc#22-t2, previous=(t:2, i:17), leaderCommit=16, initializing? false, entries: size=1, first=(t:2, i:18), STATEMACHINELOGENTRY, client-86CC74F3E005, cid=39
2019-09-17 11:50:57,957 [java.util.concurrent.ThreadPoolExecutor$Worker@3cd8d43b[State = -1, empty queue]] WARN  server.GrpcLogAppender (GrpcLogAppender.java:timeoutAppendRequest(200)) - ee155057-4acb-4f3f-9013-4bd3c5a101b6@group-B3F5A0A8BDBD->533f21c9-6148-4926-981b-3030ea271196-GrpcLogAppender: appendEntries Timeout, request=ee155057-4acb-4f3f-9013-4bd3c5a101b6->533f21c9-6148-4926-981b-3030ea271196#22-t2, previous=(t:2, i:17), leaderCommit=16, initializing? false, entries: size=1, first=(t:2, i:18), STATEMACHINELOGENTRY, client-86CC74F3E005, cid=39
2019-09-17 11:50:57,959 [java.util.concurrent.ThreadPoolExecutor$Worker@5a9b47f8[State = -1, empty queue]] WARN  server.GrpcLogAppender (GrpcLogAppender.java:timeoutAppendRequest(200)) - ee155057-4acb-4f3f-9013-4bd3c5a101b6@group-B3F5A0A8BDBD->90cc32e6-bdd6-4f93-abb1-bc520dd025bc-GrpcLogAppender: appendEntries Timeout, request=ee155057-4acb-4f3f-9013-4bd3c5a101b6->90cc32e6-bdd6-4f93-abb1-bc520dd025bc#23-t2, previous=(t:2, i:18), leaderCommit=16, initializing? false, entries: size=1, first=(t:2, i:19), STATEMACHINELOGENTRY, client-86CC74F3E005, cid=40
2019-09-17 11:50:57,960 [java.util.concurrent.ThreadPoolExecutor$Worker@3cd8d43b[State = -1, empty queue]] WARN  server.GrpcLogAppender (GrpcLogAppender.java:timeoutAppendRequest(200)) - ee155057-4acb-4f3f-9013-4bd3c5a101b6@group-B3F5A0A8BDBD->533f21c9-6148-4926-981b-3030ea271196-GrpcLogAppender: appendEntries Timeout, request=ee155057-4acb-4f3f-9013-4bd3c5a101b6->533f21c9-6148-4926-981b-3030ea271196#23-t2, previous=(t:2, i:18), leaderCommit=16, initializing? false, entries: size=1, first=(t:2, i:19), STATEMACHINELOGENTRY, client-86CC74F3E005, cid=40
2019-09-17 11:50:57,962 [java.util.concurrent.ThreadPoolExecutor$Worker@5a9b47f8[State = -1, empty queue]] WARN  server.GrpcLogAppender (GrpcLogAppender.java:timeoutAppendRequest(200)) - ee155057-4acb-4f3f-9013-4bd3c5a101b6@group-B3F5A0A8BDBD->90cc32e6-bdd6-4f93-abb1-bc520dd025bc-GrpcLogAppender: appendEntries Timeout, request=ee155057-4acb-4f3f-9013-4bd3c5a101b6->90cc32e6-bdd6-4f93-abb1-bc520dd025bc#24-t2, previous=(t:2, i:19), leaderCommit=16, initializing? false, entries: size=1, first=(t:2, i:20), STATEMACHINELOGENTRY, client-86CC74F3E005, cid=41
2019-09-17 11:50:57,964 [java.util.concurrent.ThreadPoolExecutor$Worker@3cd8d43b[State = -1, empty queue]] WARN  server.GrpcLogAppender (GrpcLogAppender.java:timeoutAppendRequest(200)) - ee155057-4acb-4f3f-9013-4bd3c5a101b6@group-B3F5A0A8BDBD->533f21c9-6148-4926-981b-3030ea271196-GrpcLogAppender: appendEntries Timeout, request=ee155057-4acb-4f3f-9013-4bd3c5a101b6->533f21c9-6148-4926-981b-3030ea271196#24-t2, previous=(t:2, i:19), leaderCommit=16, initializing? false, entries: size=1, first=(t:2, i:20), STATEMACHINELOGENTRY, client-86CC74F3E005, cid=41
2019-09-17 11:50:58,459 [java.util.concurrent.ThreadPoolExecutor$Worker@5a9b47f8[State = -1, empty queue]] WARN  server.GrpcLogAppender (GrpcLogAppender.java:timeoutAppendRequest(200)) - ee155057-4acb-4f3f-9013-4bd3c5a101b6@group-B3F5A0A8BDBD->90cc32e6-bdd6-4f93-abb1-bc520dd025bc-GrpcLogAppender: appendEntries Timeout, request=ee155057-4acb-4f3f-9013-4bd3c5a101b6->90cc32e6-bdd6-4f93-abb1-bc520dd025bc#25-t2, previous=(t:2, i:20), leaderCommit=16, initializing? false, entries: <empty>
2019-09-17 11:50:58,459 [java.util.concurrent.ThreadPoolExecutor$Worker@3cd8d43b[State = -1, empty queue]] WARN  server.GrpcLogAppender (GrpcLogAppender.java:timeoutAppendRequest(200)) - ee155057-4acb-4f3f-9013-4bd3c5a101b6@group-B3F5A0A8BDBD->533f21c9-6148-4926-981b-3030ea271196-GrpcLogAppender: appendEntries Timeout, request=ee155057-4acb-4f3f-9013-4bd3c5a101b6->533f21c9-6148-4926-981b-3030ea271196#25-t2, previous=(t:2, i:20), leaderCommit=16, initializing? false, entries: <empty>
2019-09-17 11:50:58,965 [java.util.concurrent.ThreadPoolExecutor$Worker@5a9b47f8[State = -1, empty queue]] WARN  server.GrpcLogAppender (GrpcLogAppender.java:timeoutAppendRequest(200)) - ee155057-4acb-4f3f-9013-4bd3c5a101b6@group-B3F5A0A8BDBD->90cc32e6-bdd6-4f93-abb1-bc520dd025bc-GrpcLogAppender: appendEntries Timeout, request=ee155057-4acb-4f3f-9013-4bd3c5a101b6->90cc32e6-bdd6-4f93-abb1-bc520dd025bc#26-t2, previous=(t:2, i:20), leaderCommit=16, initializing? false, entries: <empty>
2019-09-17 11:50:58,965 [java.util.concurrent.ThreadPoolExecutor$Worker@3cd8d43b[State = -1, empty queue]] WARN  server.GrpcLogAppender (GrpcLogAppender.java:timeoutAppendRequest(200)) - ee155057-4acb-4f3f-9013-4bd3c5a101b6@group-B3F5A0A8BDBD->533f21c9-6148-4926-981b-3030ea271196-GrpcLogAppender: appendEntries Timeout, request=ee155057-4acb-4f3f-9013-4bd3c5a101b6->533f21c9-6148-4926-981b-3030ea271196#26-t2, previous=(t:2, i:20), leaderCommit=16, initializing? false, entries: <empty>
2019-09-17 11:50:59,466 [java.util.concurrent.ThreadPoolExecutor$Worker@3cd8d43b[State = -1, empty queue]] WARN  server.GrpcLogAppender (GrpcLogAppender.java:timeoutAppendRequest(200)) - ee155057-4acb-4f3f-9013-4bd3c5a101b6@group-B3F5A0A8BDBD->533f21c9-6148-4926-981b-3030ea271196-GrpcLogAppender: appendEntries Timeout, request=ee155057-4acb-4f3f-9013-4bd3c5a101b6->533f21c9-6148-4926-981b-3030ea271196#27-t2, previous=(t:2, i:20), leaderCommit=16, initializing? false, entries: <empty>
2019-09-17 11:50:59,466 [java.util.concurrent.ThreadPoolExecutor$Worker@5a9b47f8[State = -1, empty queue]] WARN  server.GrpcLogAppender (GrpcLogAppender.java:timeoutAppendRequest(200)) - ee155057-4acb-4f3f-9013-4bd3c5a101b6@group-B3F5A0A8BDBD->90cc32e6-bdd6-4f93-abb1-bc520dd025bc-GrpcLogAppender: appendEntries Timeout, request=ee155057-4acb-4f3f-9013-4bd3c5a101b6->90cc32e6-bdd6-4f93-abb1-bc520dd025bc#27-t2, previous=(t:2, i:20), leaderCommit=16, initializing? false, entries: <empty>
2019-09-17 11:50:59,966 [java.util.concurrent.ThreadPoolExecutor$Worker@5a9b47f8[State = -1, empty queue]] WARN  server.GrpcLogAppender (GrpcLogAppender.java:timeoutAppendRequest(200)) - ee155057-4acb-4f3f-9013-4bd3c5a101b6@group-B3F5A0A8BDBD->90cc32e6-bdd6-4f93-abb1-bc520dd025bc-GrpcLogAppender: appendEntries Timeout, request=ee155057-4acb-4f3f-9013-4bd3c5a101b6->90cc32e6-bdd6-4f93-abb1-bc520dd025bc#28-t2, previous=(t:2, i:20), leaderCommit=16, initializing? false, entries: <empty>
2019-09-17 11:50:59,966 [java.util.concurrent.ThreadPoolExecutor$Worker@3cd8d43b[State = -1, empty queue]] WARN  server.GrpcLogAppender (GrpcLogAppender.java:timeoutAppendRequest(200)) - ee155057-4acb-4f3f-9013-4bd3c5a101b6@group-B3F5A0A8BDBD->533f21c9-6148-4926-981b-3030ea271196-GrpcLogAppender: appendEntries Timeout, request=ee155057-4acb-4f3f-9013-4bd3c5a101b6->533f21c9-6148-4926-981b-3030ea271196#28-t2, previous=(t:2, i:20), leaderCommit=16, initializing? false, entries: <empty>
2019-09-17 11:51:00,006 [grpc-default-executor-5] INFO  client.GrpcClientProtocolClient (GrpcClientProtocolClient.java:onNext(264)) - client-86CC74F3E005->533f21c9-6148-4926-981b-3030ea271196: receive RaftClientReply:client-86CC74F3E005->533f21c9-6148-4926-981b-3030ea271196@group-B3F5A0A8BDBD, cid=38, FAILED org.apache.ratis.protocol.NotLeaderException: Server 533f21c9-6148-4926-981b-3030ea271196@group-B3F5A0A8BDBD is not the leader ee155057-4acb-4f3f-9013-4bd3c5a101b6:192.168.157.219:41943, logIndex=0, commits[533f21c9-6148-4926-981b-3030ea271196:c16, 90cc32e6-bdd6-4f93-abb1-bc520dd025bc:c12, ee155057-4acb-4f3f-9013-4bd3c5a101b6:c16]
2019-09-17 11:51:00,467 [java.util.concurrent.ThreadPoolExecutor$Worker@3cd8d43b[State = -1, empty queue]] WARN  server.GrpcLogAppender (GrpcLogAppender.java:timeoutAppendRequest(200)) - ee155057-4acb-4f3f-9013-4bd3c5a101b6@group-B3F5A0A8BDBD->533f21c9-6148-4926-981b-3030ea271196-GrpcLogAppender: appendEntries Timeout, request=ee155057-4acb-4f3f-9013-4bd3c5a101b6->533f21c9-6148-4926-981b-3030ea271196#29-t2, previous=(t:2, i:20), leaderCommit=16, initializing? false, entries: <empty>
2019-09-17 11:51:00,467 [java.util.concurrent.ThreadPoolExecutor$Worker@5a9b47f8[State = -1, empty queue]] WARN  server.GrpcLogAppender (GrpcLogAppender.java:timeoutAppendRequest(200)) - ee155057-4acb-4f3f-9013-4bd3c5a101b6@group-B3F5A0A8BDBD->90cc32e6-bdd6-4f93-abb1-bc520dd025bc-GrpcLogAppender: appendEntries Timeout, request=ee155057-4acb-4f3f-9013-4bd3c5a101b6->90cc32e6-bdd6-4f93-abb1-bc520dd025bc#29-t2, previous=(t:2, i:20), leaderCommit=16, initializing? false, entries: <empty>
2019-09-17 11:51:00,967 [java.util.concurrent.ThreadPoolExecutor$Worker@3cd8d43b[State = -1, empty queue]] WARN  server.GrpcLogAppender (GrpcLogAppender.java:timeoutAppendRequest(200)) - ee155057-4acb-4f3f-9013-4bd3c5a101b6@group-B3F5A0A8BDBD->533f21c9-6148-4926-981b-3030ea271196-GrpcLogAppender: appendEntries Timeout, request=ee155057-4acb-4f3f-9013-4bd3c5a101b6->533f21c9-6148-4926-981b-3030ea271196#30-t2, previous=(t:2, i:20), leaderCommit=16, initializing? false, entries: <empty>
2019-09-17 11:51:00,967 [java.util.concurrent.ThreadPoolExecutor$Worker@5a9b47f8[State = -1, empty queue]] WARN  server.GrpcLogAppender (GrpcLogAppender.java:timeoutAppendRequest(200)) - ee155057-4acb-4f3f-9013-4bd3c5a101b6@group-B3F5A0A8BDBD->90cc32e6-bdd6-4f93-abb1-bc520dd025bc-GrpcLogAppender: appendEntries Timeout, request=ee155057-4acb-4f3f-9013-4bd3c5a101b6->90cc32e6-bdd6-4f93-abb1-bc520dd025bc#30-t2, previous=(t:2, i:20), leaderCommit=16, initializing? false, entries: <empty>
2019-09-17 11:51:01,468 [java.util.concurrent.ThreadPoolExecutor$Worker@3cd8d43b[State = -1, empty queue]] WARN  server.GrpcLogAppender (GrpcLogAppender.java:timeoutAppendRequest(200)) - ee155057-4acb-4f3f-9013-4bd3c5a101b6@group-B3F5A0A8BDBD->533f21c9-6148-4926-981b-3030ea271196-GrpcLogAppender: appendEntries Timeout, request=ee155057-4acb-4f3f-9013-4bd3c5a101b6->533f21c9-6148-4926-981b-3030ea271196#31-t2, previous=(t:2, i:20), leaderCommit=16, initializing? false, entries: <empty>
2019-09-17 11:51:01,468 [java.util.concurrent.ThreadPoolExecutor$Worker@5a9b47f8[State = -1, empty queue]] WARN  server.GrpcLogAppender (GrpcLogAppender.java:timeoutAppendRequest(200)) - ee155057-4acb-4f3f-9013-4bd3c5a101b6@group-B3F5A0A8BDBD->90cc32e6-bdd6-4f93-abb1-bc520dd025bc-GrpcLogAppender: appendEntries Timeout, request=ee155057-4acb-4f3f-9013-4bd3c5a101b6->90cc32e6-bdd6-4f93-abb1-bc520dd025bc#31-t2, previous=(t:2, i:20), leaderCommit=16, initializing? false, entries: <empty>
2019-09-17 11:51:01,968 [java.util.concurrent.ThreadPoolExecutor$Worker@5a9b47f8[State = -1, empty queue]] WARN  server.GrpcLogAppender (GrpcLogAppender.java:timeoutAppendRequest(200)) - ee155057-4acb-4f3f-9013-4bd3c5a101b6@group-B3F5A0A8BDBD->90cc32e6-bdd6-4f93-abb1-bc520dd025bc-GrpcLogAppender: appendEntries Timeout, request=ee155057-4acb-4f3f-9013-4bd3c5a101b6->90cc32e6-bdd6-4f93-abb1-bc520dd025bc#32-t2, previous=(t:2, i:20), leaderCommit=16, initializing? false, entries: <empty>
2019-09-17 11:51:01,969 [java.util.concurrent.ThreadPoolExecutor$Worker@3cd8d43b[State = -1, empty queue]] WARN  server.GrpcLogAppender (GrpcLogAppender.java:timeoutAppendRequest(200)) - ee155057-4acb-4f3f-9013-4bd3c5a101b6@group-B3F5A0A8BDBD->533f21c9-6148-4926-981b-3030ea271196-GrpcLogAppender: appendEntries Timeout, request=ee155057-4acb-4f3f-9013-4bd3c5a101b6->533f21c9-6148-4926-981b-3030ea271196#32-t2, previous=(t:2, i:20), leaderCommit=16, initializing? false, entries: <empty>
2019-09-17 11:51:02,469 [java.util.concurrent.ThreadPoolExecutor$Worker@3cd8d43b[State = -1, empty queue]] WARN  server.GrpcLogAppender (GrpcLogAppender.java:timeoutAppendRequest(200)) - ee155057-4acb-4f3f-9013-4bd3c5a101b6@group-B3F5A0A8BDBD->533f21c9-6148-4926-981b-3030ea271196-GrpcLogAppender: appendEntries Timeout, request=ee155057-4acb-4f3f-9013-4bd3c5a101b6->533f21c9-6148-4926-981b-3030ea271196#33-t2, previous=(t:2, i:20), leaderCommit=16, initializing? false, entries: <empty>
2019-09-17 11:51:02,469 [java.util.concurrent.ThreadPoolExecutor$Worker@5a9b47f8[State = -1, empty queue]] WARN  server.GrpcLogAppender (GrpcLogAppender.java:timeoutAppendRequest(200)) - ee155057-4acb-4f3f-9013-4bd3c5a101b6@group-B3F5A0A8BDBD->90cc32e6-bdd6-4f93-abb1-bc520dd025bc-GrpcLogAppender: appendEntries Timeout, request=ee155057-4acb-4f3f-9013-4bd3c5a101b6->90cc32e6-bdd6-4f93-abb1-bc520dd025bc#33-t2, previous=(t:2, i:20), leaderCommit=16, initializing? false, entries: <empty>
2019-09-17 11:51:02,969 [java.util.concurrent.ThreadPoolExecutor$Worker@5a9b47f8[State = -1, empty queue]] WARN  server.GrpcLogAppender (GrpcLogAppender.java:timeoutAppendRequest(200)) - ee155057-4acb-4f3f-9013-4bd3c5a101b6@group-B3F5A0A8BDBD->90cc32e6-bdd6-4f93-abb1-bc520dd025bc-GrpcLogAppender: appendEntries Timeout, request=ee155057-4acb-4f3f-9013-4bd3c5a101b6->90cc32e6-bdd6-4f93-abb1-bc520dd025bc#34-t2, previous=(t:2, i:20), leaderCommit=16, initializing? false, entries: <empty>
2019-09-17 11:51:02,969 [java.util.concurrent.ThreadPoolExecutor$Worker@3cd8d43b[State = -1, empty queue]] WARN  server.GrpcLogAppender (GrpcLogAppender.java:timeoutAppendRequest(200)) - ee155057-4acb-4f3f-9013-4bd3c5a101b6@group-B3F5A0A8BDBD->533f21c9-6148-4926-981b-3030ea271196-GrpcLogAppender: appendEntries Timeout, request=ee155057-4acb-4f3f-9013-4bd3c5a101b6->533f21c9-6148-4926-981b-3030ea271196#34-t2, previous=(t:2, i:20), leaderCommit=16, initializing? false, entries: <empty>
2019-09-17 11:51:03,485 [java.util.concurrent.ThreadPoolExecutor$Worker@5a9b47f8[State = -1, empty queue]] WARN  server.GrpcLogAppender (GrpcLogAppender.java:timeoutAppendRequest(200)) - ee155057-4acb-4f3f-9013-4bd3c5a101b6@group-B3F5A0A8BDBD->90cc32e6-bdd6-4f93-abb1-bc520dd025bc-GrpcLogAppender: appendEntries Timeout, request=ee155057-4acb-4f3f-9013-4bd3c5a101b6->90cc32e6-bdd6-4f93-abb1-bc520dd025bc#35-t2, previous=(t:2, i:20), leaderCommit=16, initializing? false, entries: <empty>
2019-09-17 11:51:03,485 [java.util.concurrent.ThreadPoolExecutor$Worker@3cd8d43b[State = -1, empty queue]] WARN  server.GrpcLogAppender (GrpcLogAppender.java:timeoutAppendRequest(200)) - ee155057-4acb-4f3f-9013-4bd3c5a101b6@group-B3F5A0A8BDBD->533f21c9-6148-4926-981b-3030ea271196-GrpcLogAppender: appendEntries Timeout, request=ee155057-4acb-4f3f-9013-4bd3c5a101b6->533f21c9-6148-4926-981b-3030ea271196#35-t2, previous=(t:2, i:20), leaderCommit=16, initializing? false, entries: <empty>
2019-09-17 11:51:03,986 [java.util.concurrent.ThreadPoolExecutor$Worker@5a9b47f8[State = -1, empty queue]] WARN  server.GrpcLogAppender (GrpcLogAppender.java:timeoutAppendRequest(200)) - ee155057-4acb-4f3f-9013-4bd3c5a101b6@group-B3F5A0A8BDBD->90cc32e6-bdd6-4f93-abb1-bc520dd025bc-GrpcLogAppender: appendEntries Timeout, request=ee155057-4acb-4f3f-9013-4bd3c5a101b6->90cc32e6-bdd6-4f93-abb1-bc520dd025bc#36-t2, previous=(t:2, i:20), leaderCommit=16, initializing? false, entries: <empty>
2019-09-17 11:51:03,986 [java.util.concurrent.ThreadPoolExecutor$Worker@3cd8d43b[State = -1, empty queue]] WARN  server.GrpcLogAppender (GrpcLogAppender.java:timeoutAppendRequest(200)) - ee155057-4acb-4f3f-9013-4bd3c5a101b6@group-B3F5A0A8BDBD->533f21c9-6148-4926-981b-3030ea271196-GrpcLogAppender: appendEntries Timeout, request=ee155057-4acb-4f3f-9013-4bd3c5a101b6->533f21c9-6148-4926-981b-3030ea271196#36-t2, previous=(t:2, i:20), leaderCommit=16, initializing? false, entries: <empty>
2019-09-17 11:51:04,486 [java.util.concurrent.ThreadPoolExecutor$Worker@3cd8d43b[State = -1, empty queue]] WARN  server.GrpcLogAppender (GrpcLogAppender.java:timeoutAppendRequest(200)) - ee155057-4acb-4f3f-9013-4bd3c5a101b6@group-B3F5A0A8BDBD->533f21c9-6148-4926-981b-3030ea271196-GrpcLogAppender: appendEntries Timeout, request=ee155057-4acb-4f3f-9013-4bd3c5a101b6->533f21c9-6148-4926-981b-3030ea271196#37-t2, previous=(t:2, i:20), leaderCommit=16, initializing? false, entries: <empty>
2019-09-17 11:51:04,486 [java.util.concurrent.ThreadPoolExecutor$Worker@5a9b47f8[State = -1, empty queue]] WARN  server.GrpcLogAppender (GrpcLogAppender.java:timeoutAppendRequest(200)) - ee155057-4acb-4f3f-9013-4bd3c5a101b6@group-B3F5A0A8BDBD->90cc32e6-bdd6-4f93-abb1-bc520dd025bc-GrpcLogAppender: appendEntries Timeout, request=ee155057-4acb-4f3f-9013-4bd3c5a101b6->90cc32e6-bdd6-4f93-abb1-bc520dd025bc#37-t2, previous=(t:2, i:20), leaderCommit=16, initializing? false, entries: <empty>
2019-09-17 11:51:04,953 [ee155057-4acb-4f3f-9013-4bd3c5a101b6@group-B3F5A0A8BDBD-SegmentedRaftLogWorker] WARN  segmented.SegmentedRaftLogWorker (SegmentedRaftLogWorker.java:getFromFuture(90)) - Timeout 0/~
org.apache.ratis.protocol.TimeoutIOException: Timeout 10s: WriteLog:17: (t:2, i:17), STATEMACHINELOGENTRY, client-86CC74F3E005, cid=38-writeStateMachineData
	at org.apache.ratis.util.IOUtils.getFromFuture(IOUtils.java:87)
	at org.apache.ratis.server.raftlog.segmented.SegmentedRaftLogWorker$StateMachineDataPolicy.getFromFuture(SegmentedRaftLogWorker.java:87)
	at org.apache.ratis.server.raftlog.segmented.SegmentedRaftLogWorker$WriteLog.execute(SegmentedRaftLogWorker.java:477)
	at org.apache.ratis.server.raftlog.segmented.SegmentedRaftLogWorker.run(SegmentedRaftLogWorker.java:289)
	at java.lang.Thread.run(Thread.java:748)
Caused by: java.util.concurrent.TimeoutException
	at java.util.concurrent.CompletableFuture.timedGet(CompletableFuture.java:1771)
	at java.util.concurrent.CompletableFuture.get(CompletableFuture.java:1915)
	at org.apache.ratis.util.IOUtils.getFromFuture(IOUtils.java:79)
	... 4 more
2019-09-17 11:51:04,987 [java.util.concurrent.ThreadPoolExecutor$Worker@3cd8d43b[State = -1, empty queue]] WARN  server.GrpcLogAppender (GrpcLogAppender.java:timeoutAppendRequest(200)) - ee155057-4acb-4f3f-9013-4bd3c5a101b6@group-B3F5A0A8BDBD->533f21c9-6148-4926-981b-3030ea271196-GrpcLogAppender: appendEntries Timeout, request=ee155057-4acb-4f3f-9013-4bd3c5a101b6->533f21c9-6148-4926-981b-3030ea271196#38-t2, previous=(t:2, i:20), leaderCommit=16, initializing? false, entries: <empty>
2019-09-17 11:51:04,987 [java.util.concurrent.ThreadPoolExecutor$Worker@5a9b47f8[State = -1, empty queue]] WARN  server.GrpcLogAppender (GrpcLogAppender.java:timeoutAppendRequest(200)) - ee155057-4acb-4f3f-9013-4bd3c5a101b6@group-B3F5A0A8BDBD->90cc32e6-bdd6-4f93-abb1-bc520dd025bc-GrpcLogAppender: appendEntries Timeout, request=ee155057-4acb-4f3f-9013-4bd3c5a101b6->90cc32e6-bdd6-4f93-abb1-bc520dd025bc#38-t2, previous=(t:2, i:20), leaderCommit=16, initializing? false, entries: <empty>
2019-09-17 11:51:05,068 [533f21c9-6148-4926-981b-3030ea271196@group-B3F5A0A8BDBD-SegmentedRaftLogWorker] WARN  segmented.SegmentedRaftLogWorker (SegmentedRaftLogWorker.java:getFromFuture(90)) - Timeout 0/~
org.apache.ratis.protocol.TimeoutIOException: Timeout 10s: WriteLog:19: (t:2, i:19), STATEMACHINELOGENTRY, client-86CC74F3E005, cid=40-writeStateMachineData
	at org.apache.ratis.util.IOUtils.getFromFuture(IOUtils.java:87)
	at org.apache.ratis.server.raftlog.segmented.SegmentedRaftLogWorker$StateMachineDataPolicy.getFromFuture(SegmentedRaftLogWorker.java:87)
	at org.apache.ratis.server.raftlog.segmented.SegmentedRaftLogWorker$WriteLog.execute(SegmentedRaftLogWorker.java:477)
	at org.apache.ratis.server.raftlog.segmented.SegmentedRaftLogWorker.run(SegmentedRaftLogWorker.java:289)
	at java.lang.Thread.run(Thread.java:748)
Caused by: java.util.concurrent.TimeoutException
	at java.util.concurrent.CompletableFuture.timedGet(CompletableFuture.java:1771)
	at java.util.concurrent.CompletableFuture.get(CompletableFuture.java:1915)
	at org.apache.ratis.util.IOUtils.getFromFuture(IOUtils.java:79)
	... 4 more
2019-09-17 11:51:05,068 [90cc32e6-bdd6-4f93-abb1-bc520dd025bc@group-B3F5A0A8BDBD-SegmentedRaftLogWorker] WARN  segmented.SegmentedRaftLogWorker (SegmentedRaftLogWorker.java:getFromFuture(90)) - Timeout 0/~
org.apache.ratis.protocol.TimeoutIOException: Timeout 10s: WriteLog:19: (t:2, i:19), STATEMACHINELOGENTRY, client-86CC74F3E005, cid=40-writeStateMachineData
	at org.apache.ratis.util.IOUtils.getFromFuture(IOUtils.java:87)
	at org.apache.ratis.server.raftlog.segmented.SegmentedRaftLogWorker$StateMachineDataPolicy.getFromFuture(SegmentedRaftLogWorker.java:87)
	at org.apache.ratis.server.raftlog.segmented.SegmentedRaftLogWorker$WriteLog.execute(SegmentedRaftLogWorker.java:477)
	at org.apache.ratis.server.raftlog.segmented.SegmentedRaftLogWorker.run(SegmentedRaftLogWorker.java:289)
	at java.lang.Thread.run(Thread.java:748)
Caused by: java.util.concurrent.TimeoutException
	at java.util.concurrent.CompletableFuture.timedGet(CompletableFuture.java:1771)
	at java.util.concurrent.CompletableFuture.get(CompletableFuture.java:1915)
	at org.apache.ratis.util.IOUtils.getFromFuture(IOUtils.java:79)
	... 4 more
2019-09-17 11:51:05,092 [grpc-default-executor-5] INFO  client.GrpcClientProtocolClient (GrpcClientProtocolClient.java:onNext(264)) - client-86CC74F3E005->90cc32e6-bdd6-4f93-abb1-bc520dd025bc: receive RaftClientReply:client-86CC74F3E005->90cc32e6-bdd6-4f93-abb1-bc520dd025bc@group-B3F5A0A8BDBD, cid=38, FAILED org.apache.ratis.protocol.NotLeaderException: Server 90cc32e6-bdd6-4f93-abb1-bc520dd025bc@group-B3F5A0A8BDBD is not the leader ee155057-4acb-4f3f-9013-4bd3c5a101b6:192.168.157.219:41943, logIndex=0, commits[90cc32e6-bdd6-4f93-abb1-bc520dd025bc:c16, 533f21c9-6148-4926-981b-3030ea271196:c12, ee155057-4acb-4f3f-9013-4bd3c5a101b6:c16]
2019-09-17 11:51:05,487 [java.util.concurrent.ThreadPoolExecutor$Worker@3cd8d43b[State = -1, empty queue]] WARN  server.GrpcLogAppender (GrpcLogAppender.java:timeoutAppendRequest(200)) - ee155057-4acb-4f3f-9013-4bd3c5a101b6@group-B3F5A0A8BDBD->533f21c9-6148-4926-981b-3030ea271196-GrpcLogAppender: appendEntries Timeout, request=ee155057-4acb-4f3f-9013-4bd3c5a101b6->533f21c9-6148-4926-981b-3030ea271196#39-t2, previous=(t:2, i:20), leaderCommit=16, initializing? false, entries: <empty>
2019-09-17 11:51:05,487 [java.util.concurrent.ThreadPoolExecutor$Worker@5a9b47f8[State = -1, empty queue]] WARN  server.GrpcLogAppender (GrpcLogAppender.java:timeoutAppendRequest(200)) - ee155057-4acb-4f3f-9013-4bd3c5a101b6@group-B3F5A0A8BDBD->90cc32e6-bdd6-4f93-abb1-bc520dd025bc-GrpcLogAppender: appendEntries Timeout, request=ee155057-4acb-4f3f-9013-4bd3c5a101b6->90cc32e6-bdd6-4f93-abb1-bc520dd025bc#39-t2, previous=(t:2, i:20), leaderCommit=16, initializing? false, entries: <empty>
2019-09-17 11:51:05,987 [java.util.concurrent.ThreadPoolExecutor$Worker@5a9b47f8[State = -1, empty queue]] WARN  server.GrpcLogAppender (GrpcLogAppender.java:timeoutAppendRequest(200)) - ee155057-4acb-4f3f-9013-4bd3c5a101b6@group-B3F5A0A8BDBD->90cc32e6-bdd6-4f93-abb1-bc520dd025bc-GrpcLogAppender: appendEntries Timeout, request=ee155057-4acb-4f3f-9013-4bd3c5a101b6->90cc32e6-bdd6-4f93-abb1-bc520dd025bc#40-t2, previous=(t:2, i:20), leaderCommit=16, initializing? false, entries: <empty>
2019-09-17 11:51:05,987 [java.util.concurrent.ThreadPoolExecutor$Worker@3cd8d43b[State = -1, empty queue]] WARN  server.GrpcLogAppender (GrpcLogAppender.java:timeoutAppendRequest(200)) - ee155057-4acb-4f3f-9013-4bd3c5a101b6@group-B3F5A0A8BDBD->533f21c9-6148-4926-981b-3030ea271196-GrpcLogAppender: appendEntries Timeout, request=ee155057-4acb-4f3f-9013-4bd3c5a101b6->533f21c9-6148-4926-981b-3030ea271196#40-t2, previous=(t:2, i:20), leaderCommit=16, initializing? false, entries: <empty>
2019-09-17 11:51:06,488 [java.util.concurrent.ThreadPoolExecutor$Worker@3cd8d43b[State = -1, empty queue]] WARN  server.GrpcLogAppender (GrpcLogAppender.java:timeoutAppendRequest(200)) - ee155057-4acb-4f3f-9013-4bd3c5a101b6@group-B3F5A0A8BDBD->533f21c9-6148-4926-981b-3030ea271196-GrpcLogAppender: appendEntries Timeout, request=ee155057-4acb-4f3f-9013-4bd3c5a101b6->533f21c9-6148-4926-981b-3030ea271196#41-t2, previous=(t:2, i:20), leaderCommit=16, initializing? false, entries: <empty>
2019-09-17 11:51:06,488 [java.util.concurrent.ThreadPoolExecutor$Worker@5a9b47f8[State = -1, empty queue]] WARN  server.GrpcLogAppender (GrpcLogAppender.java:timeoutAppendRequest(200)) - ee155057-4acb-4f3f-9013-4bd3c5a101b6@group-B3F5A0A8BDBD->90cc32e6-bdd6-4f93-abb1-bc520dd025bc-GrpcLogAppender: appendEntries Timeout, request=ee155057-4acb-4f3f-9013-4bd3c5a101b6->90cc32e6-bdd6-4f93-abb1-bc520dd025bc#41-t2, previous=(t:2, i:20), leaderCommit=16, initializing? false, entries: <empty>
2019-09-17 11:51:06,988 [java.util.concurrent.ThreadPoolExecutor$Worker@3cd8d43b[State = -1, empty queue]] WARN  server.GrpcLogAppender (GrpcLogAppender.java:timeoutAppendRequest(200)) - ee155057-4acb-4f3f-9013-4bd3c5a101b6@group-B3F5A0A8BDBD->533f21c9-6148-4926-981b-3030ea271196-GrpcLogAppender: appendEntries Timeout, request=ee155057-4acb-4f3f-9013-4bd3c5a101b6->533f21c9-6148-4926-981b-3030ea271196#42-t2, previous=(t:2, i:20), leaderCommit=16, initializing? false, entries: <empty>
2019-09-17 11:51:06,988 [java.util.concurrent.ThreadPoolExecutor$Worker@5a9b47f8[State = -1, empty queue]] WARN  server.GrpcLogAppender (GrpcLogAppender.java:timeoutAppendRequest(200)) - ee155057-4acb-4f3f-9013-4bd3c5a101b6@group-B3F5A0A8BDBD->90cc32e6-bdd6-4f93-abb1-bc520dd025bc-GrpcLogAppender: appendEntries Timeout, request=ee155057-4acb-4f3f-9013-4bd3c5a101b6->90cc32e6-bdd6-4f93-abb1-bc520dd025bc#42-t2, previous=(t:2, i:20), leaderCommit=16, initializing? false, entries: <empty>
2019-09-17 11:51:07,489 [java.util.concurrent.ThreadPoolExecutor$Worker@3cd8d43b[State = -1, empty queue]] WARN  server.GrpcLogAppender (GrpcLogAppender.java:timeoutAppendRequest(200)) - ee155057-4acb-4f3f-9013-4bd3c5a101b6@group-B3F5A0A8BDBD->533f21c9-6148-4926-981b-3030ea271196-GrpcLogAppender: appendEntries Timeout, request=ee155057-4acb-4f3f-9013-4bd3c5a101b6->533f21c9-6148-4926-981b-3030ea271196#43-t2, previous=(t:2, i:20), leaderCommit=16, initializing? false, entries: <empty>
2019-09-17 11:51:07,489 [java.util.concurrent.ThreadPoolExecutor$Worker@5a9b47f8[State = -1, empty queue]] WARN  server.GrpcLogAppender (GrpcLogAppender.java:timeoutAppendRequest(200)) - ee155057-4acb-4f3f-9013-4bd3c5a101b6@group-B3F5A0A8BDBD->90cc32e6-bdd6-4f93-abb1-bc520dd025bc-GrpcLogAppender: appendEntries Timeout, request=ee155057-4acb-4f3f-9013-4bd3c5a101b6->90cc32e6-bdd6-4f93-abb1-bc520dd025bc#43-t2, previous=(t:2, i:20), leaderCommit=16, initializing? false, entries: <empty>
2019-09-17 11:51:07,990 [java.util.concurrent.ThreadPoolExecutor$Worker@3cd8d43b[State = -1, empty queue]] WARN  server.GrpcLogAppender (GrpcLogAppender.java:timeoutAppendRequest(200)) - ee155057-4acb-4f3f-9013-4bd3c5a101b6@group-B3F5A0A8BDBD->533f21c9-6148-4926-981b-3030ea271196-GrpcLogAppender: appendEntries Timeout, request=ee155057-4acb-4f3f-9013-4bd3c5a101b6->533f21c9-6148-4926-981b-3030ea271196#44-t2, previous=(t:2, i:20), leaderCommit=16, initializing? false, entries: <empty>
2019-09-17 11:51:07,990 [java.util.concurrent.ThreadPoolExecutor$Worker@5a9b47f8[State = -1, empty queue]] WARN  server.GrpcLogAppender (GrpcLogAppender.java:timeoutAppendRequest(200)) - ee155057-4acb-4f3f-9013-4bd3c5a101b6@group-B3F5A0A8BDBD->90cc32e6-bdd6-4f93-abb1-bc520dd025bc-GrpcLogAppender: appendEntries Timeout, request=ee155057-4acb-4f3f-9013-4bd3c5a101b6->90cc32e6-bdd6-4f93-abb1-bc520dd025bc#44-t2, previous=(t:2, i:20), leaderCommit=16, initializing? false, entries: <empty>
2019-09-17 11:51:08,492 [java.util.concurrent.ThreadPoolExecutor$Worker@5a9b47f8[State = -1, empty queue]] WARN  server.GrpcLogAppender (GrpcLogAppender.java:timeoutAppendRequest(200)) - ee155057-4acb-4f3f-9013-4bd3c5a101b6@group-B3F5A0A8BDBD->90cc32e6-bdd6-4f93-abb1-bc520dd025bc-GrpcLogAppender: appendEntries Timeout, request=ee155057-4acb-4f3f-9013-4bd3c5a101b6->90cc32e6-bdd6-4f93-abb1-bc520dd025bc#45-t2, previous=(t:2, i:20), leaderCommit=16, initializing? false, entries: <empty>
2019-09-17 11:51:08,492 [java.util.concurrent.ThreadPoolExecutor$Worker@3cd8d43b[State = -1, empty queue]] WARN  server.GrpcLogAppender (GrpcLogAppender.java:timeoutAppendRequest(200)) - ee155057-4acb-4f3f-9013-4bd3c5a101b6@group-B3F5A0A8BDBD->533f21c9-6148-4926-981b-3030ea271196-GrpcLogAppender: appendEntries Timeout, request=ee155057-4acb-4f3f-9013-4bd3c5a101b6->533f21c9-6148-4926-981b-3030ea271196#45-t2, previous=(t:2, i:20), leaderCommit=16, initializing? false, entries: <empty>
2019-09-17 11:51:08,993 [java.util.concurrent.ThreadPoolExecutor$Worker@3cd8d43b[State = -1, empty queue]] WARN  server.GrpcLogAppender (GrpcLogAppender.java:timeoutAppendRequest(200)) - ee155057-4acb-4f3f-9013-4bd3c5a101b6@group-B3F5A0A8BDBD->533f21c9-6148-4926-981b-3030ea271196-GrpcLogAppender: appendEntries Timeout, request=ee155057-4acb-4f3f-9013-4bd3c5a101b6->533f21c9-6148-4926-981b-3030ea271196#46-t2, previous=(t:2, i:20), leaderCommit=16, initializing? false, entries: <empty>
2019-09-17 11:51:08,993 [java.util.concurrent.ThreadPoolExecutor$Worker@5a9b47f8[State = -1, empty queue]] WARN  server.GrpcLogAppender (GrpcLogAppender.java:timeoutAppendRequest(200)) - ee155057-4acb-4f3f-9013-4bd3c5a101b6@group-B3F5A0A8BDBD->90cc32e6-bdd6-4f93-abb1-bc520dd025bc-GrpcLogAppender: appendEntries Timeout, request=ee155057-4acb-4f3f-9013-4bd3c5a101b6->90cc32e6-bdd6-4f93-abb1-bc520dd025bc#46-t2, previous=(t:2, i:20), leaderCommit=16, initializing? false, entries: <empty>
2019-09-17 11:51:09,493 [java.util.concurrent.ThreadPoolExecutor$Worker@5a9b47f8[State = -1, empty queue]] WARN  server.GrpcLogAppender (GrpcLogAppender.java:timeoutAppendRequest(200)) - ee155057-4acb-4f3f-9013-4bd3c5a101b6@group-B3F5A0A8BDBD->90cc32e6-bdd6-4f93-abb1-bc520dd025bc-GrpcLogAppender: appendEntries Timeout, request=ee155057-4acb-4f3f-9013-4bd3c5a101b6->90cc32e6-bdd6-4f93-abb1-bc520dd025bc#47-t2, previous=(t:2, i:20), leaderCommit=16, initializing? false, entries: <empty>
2019-09-17 11:51:09,493 [java.util.concurrent.ThreadPoolExecutor$Worker@3cd8d43b[State = -1, empty queue]] WARN  server.GrpcLogAppender (GrpcLogAppender.java:timeoutAppendRequest(200)) - ee155057-4acb-4f3f-9013-4bd3c5a101b6@group-B3F5A0A8BDBD->533f21c9-6148-4926-981b-3030ea271196-GrpcLogAppender: appendEntries Timeout, request=ee155057-4acb-4f3f-9013-4bd3c5a101b6->533f21c9-6148-4926-981b-3030ea271196#47-t2, previous=(t:2, i:20), leaderCommit=16, initializing? false, entries: <empty>
2019-09-17 11:51:09,993 [java.util.concurrent.ThreadPoolExecutor$Worker@5a9b47f8[State = -1, empty queue]] WARN  server.GrpcLogAppender (GrpcLogAppender.java:timeoutAppendRequest(200)) - ee155057-4acb-4f3f-9013-4bd3c5a101b6@group-B3F5A0A8BDBD->90cc32e6-bdd6-4f93-abb1-bc520dd025bc-GrpcLogAppender: appendEntries Timeout, request=ee155057-4acb-4f3f-9013-4bd3c5a101b6->90cc32e6-bdd6-4f93-abb1-bc520dd025bc#48-t2, previous=(t:2, i:20), leaderCommit=16, initializing? false, entries: <empty>
2019-09-17 11:51:09,993 [java.util.concurrent.ThreadPoolExecutor$Worker@3cd8d43b[State = -1, empty queue]] WARN  server.GrpcLogAppender (GrpcLogAppender.java:timeoutAppendRequest(200)) - ee155057-4acb-4f3f-9013-4bd3c5a101b6@group-B3F5A0A8BDBD->533f21c9-6148-4926-981b-3030ea271196-GrpcLogAppender: appendEntries Timeout, request=ee155057-4acb-4f3f-9013-4bd3c5a101b6->533f21c9-6148-4926-981b-3030ea271196#48-t2, previous=(t:2, i:20), leaderCommit=16, initializing? false, entries: <empty>
2019-09-17 11:51:10,155 [grpc-default-executor-5] INFO  client.GrpcClientProtocolClient (GrpcClientProtocolClient.java:onNext(264)) - client-86CC74F3E005->90cc32e6-bdd6-4f93-abb1-bc520dd025bc: receive RaftClientReply:client-86CC74F3E005->90cc32e6-bdd6-4f93-abb1-bc520dd025bc@group-B3F5A0A8BDBD, cid=38, FAILED org.apache.ratis.protocol.NotLeaderException: Server 90cc32e6-bdd6-4f93-abb1-bc520dd025bc@group-B3F5A0A8BDBD is not the leader ee155057-4acb-4f3f-9013-4bd3c5a101b6:192.168.157.219:41943, logIndex=0, commits[90cc32e6-bdd6-4f93-abb1-bc520dd025bc:c16, 533f21c9-6148-4926-981b-3030ea271196:c12, ee155057-4acb-4f3f-9013-4bd3c5a101b6:c16]
2019-09-17 11:51:10,494 [java.util.concurrent.ThreadPoolExecutor$Worker@3cd8d43b[State = -1, empty queue]] WARN  server.GrpcLogAppender (GrpcLogAppender.java:timeoutAppendRequest(200)) - ee155057-4acb-4f3f-9013-4bd3c5a101b6@group-B3F5A0A8BDBD->533f21c9-6148-4926-981b-3030ea271196-GrpcLogAppender: appendEntries Timeout, request=ee155057-4acb-4f3f-9013-4bd3c5a101b6->533f21c9-6148-4926-981b-3030ea271196#49-t2, previous=(t:2, i:20), leaderCommit=16, initializing? false, entries: <empty>
2019-09-17 11:51:10,494 [java.util.concurrent.ThreadPoolExecutor$Worker@5a9b47f8[State = -1, empty queue]] WARN  server.GrpcLogAppender (GrpcLogAppender.java:timeoutAppendRequest(200)) - ee155057-4acb-4f3f-9013-4bd3c5a101b6@group-B3F5A0A8BDBD->90cc32e6-bdd6-4f93-abb1-bc520dd025bc-GrpcLogAppender: appendEntries Timeout, request=ee155057-4acb-4f3f-9013-4bd3c5a101b6->90cc32e6-bdd6-4f93-abb1-bc520dd025bc#49-t2, previous=(t:2, i:20), leaderCommit=16, initializing? false, entries: <empty>
2019-09-17 11:51:10,994 [java.util.concurrent.ThreadPoolExecutor$Worker@3cd8d43b[State = -1, empty queue]] WARN  server.GrpcLogAppender (GrpcLogAppender.java:timeoutAppendRequest(200)) - ee155057-4acb-4f3f-9013-4bd3c5a101b6@group-B3F5A0A8BDBD->533f21c9-6148-4926-981b-3030ea271196-GrpcLogAppender: appendEntries Timeout, request=ee155057-4acb-4f3f-9013-4bd3c5a101b6->533f21c9-6148-4926-981b-3030ea271196#50-t2, previous=(t:2, i:20), leaderCommit=16, initializing? false, entries: <empty>
2019-09-17 11:51:10,994 [java.util.concurrent.ThreadPoolExecutor$Worker@5a9b47f8[State = -1, empty queue]] WARN  server.GrpcLogAppender (GrpcLogAppender.java:timeoutAppendRequest(200)) - ee155057-4acb-4f3f-9013-4bd3c5a101b6@group-B3F5A0A8BDBD->90cc32e6-bdd6-4f93-abb1-bc520dd025bc-GrpcLogAppender: appendEntries Timeout, request=ee155057-4acb-4f3f-9013-4bd3c5a101b6->90cc32e6-bdd6-4f93-abb1-bc520dd025bc#50-t2, previous=(t:2, i:20), leaderCommit=16, initializing? false, entries: <empty>
2019-09-17 11:51:11,495 [java.util.concurrent.ThreadPoolExecutor$Worker@3cd8d43b[State = -1, empty queue]] WARN  server.GrpcLogAppender (GrpcLogAppender.java:timeoutAppendRequest(200)) - ee155057-4acb-4f3f-9013-4bd3c5a101b6@group-B3F5A0A8BDBD->533f21c9-6148-4926-981b-3030ea271196-GrpcLogAppender: appendEntries Timeout, request=ee155057-4acb-4f3f-9013-4bd3c5a101b6->533f21c9-6148-4926-981b-3030ea271196#51-t2, previous=(t:2, i:20), leaderCommit=16, initializing? false, entries: <empty>
2019-09-17 11:51:11,495 [java.util.concurrent.ThreadPoolExecutor$Worker@5a9b47f8[State = -1, empty queue]] WARN  server.GrpcLogAppender (GrpcLogAppender.java:timeoutAppendRequest(200)) - ee155057-4acb-4f3f-9013-4bd3c5a101b6@group-B3F5A0A8BDBD->90cc32e6-bdd6-4f93-abb1-bc520dd025bc-GrpcLogAppender: appendEntries Timeout, request=ee155057-4acb-4f3f-9013-4bd3c5a101b6->90cc32e6-bdd6-4f93-abb1-bc520dd025bc#51-t2, previous=(t:2, i:20), leaderCommit=16, initializing? false, entries: <empty>
2019-09-17 11:51:11,995 [java.util.concurrent.ThreadPoolExecutor$Worker@5a9b47f8[State = -1, empty queue]] WARN  server.GrpcLogAppender (GrpcLogAppender.java:timeoutAppendRequest(200)) - ee155057-4acb-4f3f-9013-4bd3c5a101b6@group-B3F5A0A8BDBD->90cc32e6-bdd6-4f93-abb1-bc520dd025bc-GrpcLogAppender: appendEntries Timeout, request=ee155057-4acb-4f3f-9013-4bd3c5a101b6->90cc32e6-bdd6-4f93-abb1-bc520dd025bc#52-t2, previous=(t:2, i:20), leaderCommit=16, initializing? false, entries: <empty>
2019-09-17 11:51:11,995 [java.util.concurrent.ThreadPoolExecutor$Worker@3cd8d43b[State = -1, empty queue]] WARN  server.GrpcLogAppender (GrpcLogAppender.java:timeoutAppendRequest(200)) - ee155057-4acb-4f3f-9013-4bd3c5a101b6@group-B3F5A0A8BDBD->533f21c9-6148-4926-981b-3030ea271196-GrpcLogAppender: appendEntries Timeout, request=ee155057-4acb-4f3f-9013-4bd3c5a101b6->533f21c9-6148-4926-981b-3030ea271196#52-t2, previous=(t:2, i:20), leaderCommit=16, initializing? false, entries: <empty>
2019-09-17 11:51:12,495 [java.util.concurrent.ThreadPoolExecutor$Worker@3cd8d43b[State = -1, empty queue]] WARN  server.GrpcLogAppender (GrpcLogAppender.java:timeoutAppendRequest(200)) - ee155057-4acb-4f3f-9013-4bd3c5a101b6@group-B3F5A0A8BDBD->533f21c9-6148-4926-981b-3030ea271196-GrpcLogAppender: appendEntries Timeout, request=ee155057-4acb-4f3f-9013-4bd3c5a101b6->533f21c9-6148-4926-981b-3030ea271196#53-t2, previous=(t:2, i:20), leaderCommit=16, initializing? false, entries: <empty>
2019-09-17 11:51:12,495 [java.util.concurrent.ThreadPoolExecutor$Worker@5a9b47f8[State = -1, empty queue]] WARN  server.GrpcLogAppender (GrpcLogAppender.java:timeoutAppendRequest(200)) - ee155057-4acb-4f3f-9013-4bd3c5a101b6@group-B3F5A0A8BDBD->90cc32e6-bdd6-4f93-abb1-bc520dd025bc-GrpcLogAppender: appendEntries Timeout, request=ee155057-4acb-4f3f-9013-4bd3c5a101b6->90cc32e6-bdd6-4f93-abb1-bc520dd025bc#53-t2, previous=(t:2, i:20), leaderCommit=16, initializing? false, entries: <empty>
2019-09-17 11:51:12,996 [java.util.concurrent.ThreadPoolExecutor$Worker@3cd8d43b[State = -1, empty queue]] WARN  server.GrpcLogAppender (GrpcLogAppender.java:timeoutAppendRequest(200)) - ee155057-4acb-4f3f-9013-4bd3c5a101b6@group-B3F5A0A8BDBD->533f21c9-6148-4926-981b-3030ea271196-GrpcLogAppender: appendEntries Timeout, request=ee155057-4acb-4f3f-9013-4bd3c5a101b6->533f21c9-6148-4926-981b-3030ea271196#54-t2, previous=(t:2, i:20), leaderCommit=16, initializing? false, entries: <empty>
2019-09-17 11:51:12,996 [java.util.concurrent.ThreadPoolExecutor$Worker@5a9b47f8[State = -1, empty queue]] WARN  server.GrpcLogAppender (GrpcLogAppender.java:timeoutAppendRequest(200)) - ee155057-4acb-4f3f-9013-4bd3c5a101b6@group-B3F5A0A8BDBD->90cc32e6-bdd6-4f93-abb1-bc520dd025bc-GrpcLogAppender: appendEntries Timeout, request=ee155057-4acb-4f3f-9013-4bd3c5a101b6->90cc32e6-bdd6-4f93-abb1-bc520dd025bc#54-t2, previous=(t:2, i:20), leaderCommit=16, initializing? false, entries: <empty>
2019-09-17 11:51:13,183 [main] WARN  io.KeyOutputStream (KeyOutputStream.java:handleException(276)) - Encountered exception java.io.IOException: Unexpected Storage Container Exception: java.util.concurrent.CompletionException: java.util.concurrent.CompletionException: org.apache.ratis.protocol.RaftRetryFailureException: Failed RaftClientRequest:client-86CC74F3E005->ee155057-4acb-4f3f-9013-4bd3c5a101b6@group-B3F5A0A8BDBD, cid=38, seq=9*, RW, org.apache.hadoop.hdds.scm.XceiverClientRatis$$Lambda$568/1583001542@17e9ab9f for 10 attempts with RetryLimited(maxAttempts=10, sleepTime=1000ms) on the pipeline Pipeline[ Id: 1389dddd-6222-4e81-b4e1-b3f5a0a8bdbd, Nodes: 90cc32e6-bdd6-4f93-abb1-bc520dd025bc{ip: 192.168.157.219, host: pr-hdds-2121-5jcdq-2838215776, networkLocation: /default-rack, certSerialId: null}ee155057-4acb-4f3f-9013-4bd3c5a101b6{ip: 192.168.157.219, host: pr-hdds-2121-5jcdq-2838215776, networkLocation: /default-rack, certSerialId: null}533f21c9-6148-4926-981b-3030ea271196{ip: 192.168.157.219, host: pr-hdds-2121-5jcdq-2838215776, networkLocation: /default-rack, certSerialId: null}, Type:RATIS, Factor:THREE, State:OPEN]. The last committed block length is 0, uncommitted data length is 2097152 retry count 0
2019-09-17 11:51:13,247 [grpc-default-executor-1] INFO  client.GrpcClientProtocolClient (GrpcClientProtocolClient.java:onNext(264)) - client-F807A3202DA0->ab50ed4d-57db-4f38-bd59-74c03932909c: receive RaftClientReply:client-F807A3202DA0->ab50ed4d-57db-4f38-bd59-74c03932909c@group-012F5F91B630, cid=42, FAILED org.apache.ratis.protocol.NotLeaderException: Server ab50ed4d-57db-4f38-bd59-74c03932909c@group-012F5F91B630 is not the leader 166adff3-52d0-4f60-8e58-0e12ed96f4bf:192.168.157.219:39836, logIndex=0, commits[ab50ed4d-57db-4f38-bd59-74c03932909c:c0, 166adff3-52d0-4f60-8e58-0e12ed96f4bf:c0, 478df2fd-32fa-402c-a09a-4121263fb7de:c0]
2019-09-17 11:51:13,416 [grpc-default-executor-1] INFO  client.GrpcClientProtocolClient (GrpcClientProtocolClient.java:onNext(264)) - client-F807A3202DA0->166adff3-52d0-4f60-8e58-0e12ed96f4bf: receive RaftClientReply:client-F807A3202DA0->166adff3-52d0-4f60-8e58-0e12ed96f4bf@group-012F5F91B630, cid=42, SUCCESS, logIndex=1, commits[166adff3-52d0-4f60-8e58-0e12ed96f4bf:c1, ab50ed4d-57db-4f38-bd59-74c03932909c:c0, 478df2fd-32fa-402c-a09a-4121263fb7de:c0]
2019-09-17 11:51:13,481 [grpc-default-executor-1] INFO  client.GrpcClientProtocolClient (GrpcClientProtocolClient.java:onNext(264)) - client-F807A3202DA0->166adff3-52d0-4f60-8e58-0e12ed96f4bf: receive RaftClientReply:client-F807A3202DA0->166adff3-52d0-4f60-8e58-0e12ed96f4bf@group-012F5F91B630, cid=43, SUCCESS, logIndex=3, commits[166adff3-52d0-4f60-8e58-0e12ed96f4bf:c8, ab50ed4d-57db-4f38-bd59-74c03932909c:c6, 478df2fd-32fa-402c-a09a-4121263fb7de:c6]
2019-09-17 11:51:13,481 [grpc-default-executor-1] INFO  client.GrpcClientProtocolClient (GrpcClientProtocolClient.java:onNext(264)) - client-F807A3202DA0->166adff3-52d0-4f60-8e58-0e12ed96f4bf: receive RaftClientReply:client-F807A3202DA0->166adff3-52d0-4f60-8e58-0e12ed96f4bf@group-012F5F91B630, cid=44, SUCCESS, logIndex=4, commits[166adff3-52d0-4f60-8e58-0e12ed96f4bf:c8, ab50ed4d-57db-4f38-bd59-74c03932909c:c6, 478df2fd-32fa-402c-a09a-4121263fb7de:c6]
2019-09-17 11:51:13,497 [java.util.concurrent.ThreadPoolExecutor$Worker@5a9b47f8[State = -1, empty queue]] WARN  server.GrpcLogAppender (GrpcLogAppender.java:timeoutAppendRequest(200)) - ee155057-4acb-4f3f-9013-4bd3c5a101b6@group-B3F5A0A8BDBD->90cc32e6-bdd6-4f93-abb1-bc520dd025bc-GrpcLogAppender: appendEntries Timeout, request=ee155057-4acb-4f3f-9013-4bd3c5a101b6->90cc32e6-bdd6-4f93-abb1-bc520dd025bc#55-t2, previous=(t:2, i:20), leaderCommit=16, initializing? false, entries: <empty>
2019-09-17 11:51:13,497 [java.util.concurrent.ThreadPoolExecutor$Worker@3cd8d43b[State = -1, empty queue]] WARN  server.GrpcLogAppender (GrpcLogAppender.java:timeoutAppendRequest(200)) - ee155057-4acb-4f3f-9013-4bd3c5a101b6@group-B3F5A0A8BDBD->533f21c9-6148-4926-981b-3030ea271196-GrpcLogAppender: appendEntries Timeout, request=ee155057-4acb-4f3f-9013-4bd3c5a101b6->533f21c9-6148-4926-981b-3030ea271196#55-t2, previous=(t:2, i:20), leaderCommit=16, initializing? false, entries: <empty>
2019-09-17 11:51:13,548 [grpc-default-executor-0] INFO  client.GrpcClientProtocolClient (GrpcClientProtocolClient.java:onNext(264)) - client-F807A3202DA0->166adff3-52d0-4f60-8e58-0e12ed96f4bf: receive RaftClientReply:client-F807A3202DA0->166adff3-52d0-4f60-8e58-0e12ed96f4bf@group-012F5F91B630, cid=45, SUCCESS, logIndex=5, commits[166adff3-52d0-4f60-8e58-0e12ed96f4bf:c8, ab50ed4d-57db-4f38-bd59-74c03932909c:c6, 478df2fd-32fa-402c-a09a-4121263fb7de:c6]
2019-09-17 11:51:13,793 [Datanode State Machine Thread - 0] INFO  statemachine.DatanodeStateMachine (DatanodeStateMachine.java:lambda$startDaemon$0(350)) - Ozone container server started.
2019-09-17 11:51:13,998 [java.util.concurrent.ThreadPoolExecutor$Worker@3cd8d43b[State = -1, empty queue]] WARN  server.GrpcLogAppender (GrpcLogAppender.java:timeoutAppendRequest(200)) - ee155057-4acb-4f3f-9013-4bd3c5a101b6@group-B3F5A0A8BDBD->533f21c9-6148-4926-981b-3030ea271196-GrpcLogAppender: appendEntries Timeout, request=ee155057-4acb-4f3f-9013-4bd3c5a101b6->533f21c9-6148-4926-981b-3030ea271196#56-t2, previous=(t:2, i:20), leaderCommit=16, initializing? false, entries: <empty>
2019-09-17 11:51:13,998 [java.util.concurrent.ThreadPoolExecutor$Worker@5a9b47f8[State = -1, empty queue]] WARN  server.GrpcLogAppender (GrpcLogAppender.java:timeoutAppendRequest(200)) - ee155057-4acb-4f3f-9013-4bd3c5a101b6@group-B3F5A0A8BDBD->90cc32e6-bdd6-4f93-abb1-bc520dd025bc-GrpcLogAppender: appendEntries Timeout, request=ee155057-4acb-4f3f-9013-4bd3c5a101b6->90cc32e6-bdd6-4f93-abb1-bc520dd025bc#56-t2, previous=(t:2, i:20), leaderCommit=16, initializing? false, entries: <empty>
2019-09-17 11:51:14,605 [java.util.concurrent.ThreadPoolExecutor$Worker@5a9b47f8[State = -1, empty queue]] WARN  server.GrpcLogAppender (GrpcLogAppender.java:timeoutAppendRequest(200)) - ee155057-4acb-4f3f-9013-4bd3c5a101b6@group-B3F5A0A8BDBD->90cc32e6-bdd6-4f93-abb1-bc520dd025bc-GrpcLogAppender: appendEntries Timeout, request=ee155057-4acb-4f3f-9013-4bd3c5a101b6->90cc32e6-bdd6-4f93-abb1-bc520dd025bc#57-t2, previous=(t:2, i:20), leaderCommit=16, initializing? false, entries: <empty>
2019-09-17 11:51:14,605 [java.util.concurrent.ThreadPoolExecutor$Worker@3cd8d43b[State = -1, empty queue]] WARN  server.GrpcLogAppender (GrpcLogAppender.java:timeoutAppendRequest(200)) - ee155057-4acb-4f3f-9013-4bd3c5a101b6@group-B3F5A0A8BDBD->533f21c9-6148-4926-981b-3030ea271196-GrpcLogAppender: appendEntries Timeout, request=ee155057-4acb-4f3f-9013-4bd3c5a101b6->533f21c9-6148-4926-981b-3030ea271196#57-t2, previous=(t:2, i:20), leaderCommit=16, initializing? false, entries: <empty>
2019-09-17 11:51:14,955 [ee155057-4acb-4f3f-9013-4bd3c5a101b6@group-B3F5A0A8BDBD-SegmentedRaftLogWorker] WARN  segmented.SegmentedRaftLogWorker (SegmentedRaftLogWorker.java:getFromFuture(90)) - Timeout 1/~
org.apache.ratis.protocol.TimeoutIOException: Timeout 10s: WriteLog:17: (t:2, i:17), STATEMACHINELOGENTRY, client-86CC74F3E005, cid=38-writeStateMachineData
	at org.apache.ratis.util.IOUtils.getFromFuture(IOUtils.java:87)
	at org.apache.ratis.server.raftlog.segmented.SegmentedRaftLogWorker$StateMachineDataPolicy.getFromFuture(SegmentedRaftLogWorker.java:87)
	at org.apache.ratis.server.raftlog.segmented.SegmentedRaftLogWorker$WriteLog.execute(SegmentedRaftLogWorker.java:477)
	at org.apache.ratis.server.raftlog.segmented.SegmentedRaftLogWorker.run(SegmentedRaftLogWorker.java:289)
	at java.lang.Thread.run(Thread.java:748)
Caused by: java.util.concurrent.TimeoutException
	at java.util.concurrent.CompletableFuture.timedGet(CompletableFuture.java:1771)
	at java.util.concurrent.CompletableFuture.get(CompletableFuture.java:1915)
	at org.apache.ratis.util.IOUtils.getFromFuture(IOUtils.java:79)
	... 4 more
2019-09-17 11:51:14,999 [java.util.concurrent.ThreadPoolExecutor$Worker@3cd8d43b[State = -1, empty queue]] WARN  server.GrpcLogAppender (GrpcLogAppender.java:timeoutAppendRequest(200)) - ee155057-4acb-4f3f-9013-4bd3c5a101b6@group-B3F5A0A8BDBD->533f21c9-6148-4926-981b-3030ea271196-GrpcLogAppender: appendEntries Timeout, request=ee155057-4acb-4f3f-9013-4bd3c5a101b6->533f21c9-6148-4926-981b-3030ea271196#58-t2, previous=(t:2, i:20), leaderCommit=16, initializing? false, entries: <empty>
2019-09-17 11:51:14,999 [java.util.concurrent.ThreadPoolExecutor$Worker@5a9b47f8[State = -1, empty queue]] WARN  server.GrpcLogAppender (GrpcLogAppender.java:timeoutAppendRequest(200)) - ee155057-4acb-4f3f-9013-4bd3c5a101b6@group-B3F5A0A8BDBD->90cc32e6-bdd6-4f93-abb1-bc520dd025bc-GrpcLogAppender: appendEntries Timeout, request=ee155057-4acb-4f3f-9013-4bd3c5a101b6->90cc32e6-bdd6-4f93-abb1-bc520dd025bc#58-t2, previous=(t:2, i:20), leaderCommit=16, initializing? false, entries: <empty>
2019-09-17 11:51:15,069 [533f21c9-6148-4926-981b-3030ea271196@group-B3F5A0A8BDBD-SegmentedRaftLogWorker] WARN  segmented.SegmentedRaftLogWorker (SegmentedRaftLogWorker.java:getFromFuture(90)) - Timeout 1/~
org.apache.ratis.protocol.TimeoutIOException: Timeout 10s: WriteLog:19: (t:2, i:19), STATEMACHINELOGENTRY, client-86CC74F3E005, cid=40-writeStateMachineData
	at org.apache.ratis.util.IOUtils.getFromFuture(IOUtils.java:87)
	at org.apache.ratis.server.raftlog.segmented.SegmentedRaftLogWorker$StateMachineDataPolicy.getFromFuture(SegmentedRaftLogWorker.java:87)
	at org.apache.ratis.server.raftlog.segmented.SegmentedRaftLogWorker$WriteLog.execute(SegmentedRaftLogWorker.java:477)
	at org.apache.ratis.server.raftlog.segmented.SegmentedRaftLogWorker.run(SegmentedRaftLogWorker.java:289)
	at java.lang.Thread.run(Thread.java:748)
Caused by: java.util.concurrent.TimeoutException
	at java.util.concurrent.CompletableFuture.timedGet(CompletableFuture.java:1771)
	at java.util.concurrent.CompletableFuture.get(CompletableFuture.java:1915)
	at org.apache.ratis.util.IOUtils.getFromFuture(IOUtils.java:79)
	... 4 more
2019-09-17 11:51:15,070 [90cc32e6-bdd6-4f93-abb1-bc520dd025bc@group-B3F5A0A8BDBD-SegmentedRaftLogWorker] WARN  segmented.SegmentedRaftLogWorker (SegmentedRaftLogWorker.java:getFromFuture(90)) - Timeout 1/~
org.apache.ratis.protocol.TimeoutIOException: Timeout 10s: WriteLog:19: (t:2, i:19), STATEMACHINELOGENTRY, client-86CC74F3E005, cid=40-writeStateMachineData
	at org.apache.ratis.util.IOUtils.getFromFuture(IOUtils.java:87)
	at org.apache.ratis.server.raftlog.segmented.SegmentedRaftLogWorker$StateMachineDataPolicy.getFromFuture(SegmentedRaftLogWorker.java:87)
	at org.apache.ratis.server.raftlog.segmented.SegmentedRaftLogWorker$WriteLog.execute(SegmentedRaftLogWorker.java:477)
	at org.apache.ratis.server.raftlog.segmented.SegmentedRaftLogWorker.run(SegmentedRaftLogWorker.java:289)
	at java.lang.Thread.run(Thread.java:748)
Caused by: java.util.concurrent.TimeoutException
	at java.util.concurrent.CompletableFuture.timedGet(CompletableFuture.java:1771)
	at java.util.concurrent.CompletableFuture.get(CompletableFuture.java:1915)
	at org.apache.ratis.util.IOUtils.getFromFuture(IOUtils.java:79)
	... 4 more
2019-09-17 11:51:15,499 [java.util.concurrent.ThreadPoolExecutor$Worker@5a9b47f8[State = -1, empty queue]] WARN  server.GrpcLogAppender (GrpcLogAppender.java:timeoutAppendRequest(200)) - ee155057-4acb-4f3f-9013-4bd3c5a101b6@group-B3F5A0A8BDBD->90cc32e6-bdd6-4f93-abb1-bc520dd025bc-GrpcLogAppender: appendEntries Timeout, request=ee155057-4acb-4f3f-9013-4bd3c5a101b6->90cc32e6-bdd6-4f93-abb1-bc520dd025bc#59-t2, previous=(t:2, i:20), leaderCommit=16, initializing? false, entries: <empty>
2019-09-17 11:51:15,499 [java.util.concurrent.ThreadPoolExecutor$Worker@3cd8d43b[State = -1, empty queue]] WARN  server.GrpcLogAppender (GrpcLogAppender.java:timeoutAppendRequest(200)) - ee155057-4acb-4f3f-9013-4bd3c5a101b6@group-B3F5A0A8BDBD->533f21c9-6148-4926-981b-3030ea271196-GrpcLogAppender: appendEntries Timeout, request=ee155057-4acb-4f3f-9013-4bd3c5a101b6->533f21c9-6148-4926-981b-3030ea271196#59-t2, previous=(t:2, i:20), leaderCommit=16, initializing? false, entries: <empty>
2019-09-17 11:51:15,999 [java.util.concurrent.ThreadPoolExecutor$Worker@5a9b47f8[State = -1, empty queue]] WARN  server.GrpcLogAppender (GrpcLogAppender.java:timeoutAppendRequest(200)) - ee155057-4acb-4f3f-9013-4bd3c5a101b6@group-B3F5A0A8BDBD->90cc32e6-bdd6-4f93-abb1-bc520dd025bc-GrpcLogAppender: appendEntries Timeout, request=ee155057-4acb-4f3f-9013-4bd3c5a101b6->90cc32e6-bdd6-4f93-abb1-bc520dd025bc#60-t2, previous=(t:2, i:20), leaderCommit=16, initializing? false, entries: <empty>
2019-09-17 11:51:15,999 [java.util.concurrent.ThreadPoolExecutor$Worker@3cd8d43b[State = -1, empty queue]] WARN  server.GrpcLogAppender (GrpcLogAppender.java:timeoutAppendRequest(200)) - ee155057-4acb-4f3f-9013-4bd3c5a101b6@group-B3F5A0A8BDBD->533f21c9-6148-4926-981b-3030ea271196-GrpcLogAppender: appendEntries Timeout, request=ee155057-4acb-4f3f-9013-4bd3c5a101b6->533f21c9-6148-4926-981b-3030ea271196#60-t2, previous=(t:2, i:20), leaderCommit=16, initializing? false, entries: <empty>
2019-09-17 11:51:16,500 [java.util.concurrent.ThreadPoolExecutor$Worker@5a9b47f8[State = -1, empty queue]] WARN  server.GrpcLogAppender (GrpcLogAppender.java:timeoutAppendRequest(200)) - ee155057-4acb-4f3f-9013-4bd3c5a101b6@group-B3F5A0A8BDBD->90cc32e6-bdd6-4f93-abb1-bc520dd025bc-GrpcLogAppender: appendEntries Timeout, request=ee155057-4acb-4f3f-9013-4bd3c5a101b6->90cc32e6-bdd6-4f93-abb1-bc520dd025bc#61-t2, previous=(t:2, i:20), leaderCommit=16, initializing? false, entries: <empty>
2019-09-17 11:51:16,500 [java.util.concurrent.ThreadPoolExecutor$Worker@3cd8d43b[State = -1, empty queue]] WARN  server.GrpcLogAppender (GrpcLogAppender.java:timeoutAppendRequest(200)) - ee155057-4acb-4f3f-9013-4bd3c5a101b6@group-B3F5A0A8BDBD->533f21c9-6148-4926-981b-3030ea271196-GrpcLogAppender: appendEntries Timeout, request=ee155057-4acb-4f3f-9013-4bd3c5a101b6->533f21c9-6148-4926-981b-3030ea271196#61-t2, previous=(t:2, i:20), leaderCommit=16, initializing? false, entries: <empty>
2019-09-17 11:51:17,001 [java.util.concurrent.ThreadPoolExecutor$Worker@3cd8d43b[State = -1, empty queue]] WARN  server.GrpcLogAppender (GrpcLogAppender.java:timeoutAppendRequest(200)) - ee155057-4acb-4f3f-9013-4bd3c5a101b6@group-B3F5A0A8BDBD->533f21c9-6148-4926-981b-3030ea271196-GrpcLogAppender: appendEntries Timeout, request=ee155057-4acb-4f3f-9013-4bd3c5a101b6->533f21c9-6148-4926-981b-3030ea271196#62-t2, previous=(t:2, i:20), leaderCommit=16, initializing? false, entries: <empty>
2019-09-17 11:51:17,001 [java.util.concurrent.ThreadPoolExecutor$Worker@5a9b47f8[State = -1, empty queue]] WARN  server.GrpcLogAppender (GrpcLogAppender.java:timeoutAppendRequest(200)) - ee155057-4acb-4f3f-9013-4bd3c5a101b6@group-B3F5A0A8BDBD->90cc32e6-bdd6-4f93-abb1-bc520dd025bc-GrpcLogAppender: appendEntries Timeout, request=ee155057-4acb-4f3f-9013-4bd3c5a101b6->90cc32e6-bdd6-4f93-abb1-bc520dd025bc#62-t2, previous=(t:2, i:20), leaderCommit=16, initializing? false, entries: <empty>
2019-09-17 11:51:17,606 [java.util.concurrent.ThreadPoolExecutor$Worker@3cd8d43b[State = -1, empty queue]] WARN  server.GrpcLogAppender (GrpcLogAppender.java:timeoutAppendRequest(200)) - ee155057-4acb-4f3f-9013-4bd3c5a101b6@group-B3F5A0A8BDBD->533f21c9-6148-4926-981b-3030ea271196-GrpcLogAppender: appendEntries Timeout, request=ee155057-4acb-4f3f-9013-4bd3c5a101b6->533f21c9-6148-4926-981b-3030ea271196#63-t2, previous=(t:2, i:20), leaderCommit=16, initializing? false, entries: <empty>
2019-09-17 11:51:17,606 [java.util.concurrent.ThreadPoolExecutor$Worker@5a9b47f8[State = -1, empty queue]] WARN  server.GrpcLogAppender (GrpcLogAppender.java:timeoutAppendRequest(200)) - ee155057-4acb-4f3f-9013-4bd3c5a101b6@group-B3F5A0A8BDBD->90cc32e6-bdd6-4f93-abb1-bc520dd025bc-GrpcLogAppender: appendEntries Timeout, request=ee155057-4acb-4f3f-9013-4bd3c5a101b6->90cc32e6-bdd6-4f93-abb1-bc520dd025bc#63-t2, previous=(t:2, i:20), leaderCommit=16, initializing? false, entries: <empty>
2019-09-17 11:51:18,106 [java.util.concurrent.ThreadPoolExecutor$Worker@5a9b47f8[State = -1, empty queue]] WARN  server.GrpcLogAppender (GrpcLogAppender.java:timeoutAppendRequest(200)) - ee155057-4acb-4f3f-9013-4bd3c5a101b6@group-B3F5A0A8BDBD->90cc32e6-bdd6-4f93-abb1-bc520dd025bc-GrpcLogAppender: appendEntries Timeout, request=ee155057-4acb-4f3f-9013-4bd3c5a101b6->90cc32e6-bdd6-4f93-abb1-bc520dd025bc#64-t2, previous=(t:2, i:20), leaderCommit=16, initializing? false, entries: <empty>
2019-09-17 11:51:18,106 [java.util.concurrent.ThreadPoolExecutor$Worker@3cd8d43b[State = -1, empty queue]] WARN  server.GrpcLogAppender (GrpcLogAppender.java:timeoutAppendRequest(200)) - ee155057-4acb-4f3f-9013-4bd3c5a101b6@group-B3F5A0A8BDBD->533f21c9-6148-4926-981b-3030ea271196-GrpcLogAppender: appendEntries Timeout, request=ee155057-4acb-4f3f-9013-4bd3c5a101b6->533f21c9-6148-4926-981b-3030ea271196#64-t2, previous=(t:2, i:20), leaderCommit=16, initializing? false, entries: <empty>
2019-09-17 11:51:18,555 [main] INFO  ozoneimpl.OzoneContainer (OzoneContainer.java:stop(231)) - Attempting to stop container services.
2019-09-17 11:51:18,558 [main] INFO  impl.RaftServerProxy (RaftServerProxy.java:lambda$close$4(314)) - 768e87e1-01a1-4abe-adbb-724fc729cfde: close
2019-09-17 11:51:18,560 [main] INFO  impl.RaftServerImpl (RaftServerImpl.java:lambda$shutdown$3(251)) - 768e87e1-01a1-4abe-adbb-724fc729cfde@group-67BC833D3E93: shutdown
2019-09-17 11:51:18,560 [ForkJoinPool.commonPool-worker-0] INFO  impl.RaftServerImpl (RaftServerImpl.java:lambda$shutdown$3(251)) - 768e87e1-01a1-4abe-adbb-724fc729cfde@group-4033F378C501: shutdown
2019-09-17 11:51:18,561 [main] INFO  util.JmxRegister (JmxRegister.java:unregister(73)) - Successfully un-registered JMX Bean with object name Ratis:service=RaftServer,group=group-67BC833D3E93,id=768e87e1-01a1-4abe-adbb-724fc729cfde
2019-09-17 11:51:18,561 [ForkJoinPool.commonPool-worker-0] INFO  util.JmxRegister (JmxRegister.java:unregister(73)) - Successfully un-registered JMX Bean with object name Ratis:service=RaftServer,group=group-4033F378C501,id=768e87e1-01a1-4abe-adbb-724fc729cfde
2019-09-17 11:51:18,561 [main] INFO  impl.RoleInfo (RoleInfo.java:shutdownLeaderState(104)) - 768e87e1-01a1-4abe-adbb-724fc729cfde: shutdown LeaderState
2019-09-17 11:51:18,562 [ForkJoinPool.commonPool-worker-0] INFO  impl.RoleInfo (RoleInfo.java:shutdownFollowerState(121)) - 768e87e1-01a1-4abe-adbb-724fc729cfde: shutdown FollowerState
2019-09-17 11:51:18,562 [Thread-377] INFO  impl.FollowerState (FollowerState.java:run(115)) - 768e87e1-01a1-4abe-adbb-724fc729cfde: FollowerState was interrupted: java.lang.InterruptedException: sleep interrupted
2019-09-17 11:51:18,562 [ForkJoinPool.commonPool-worker-0] INFO  impl.StateMachineUpdater (StateMachineUpdater.java:stopAndJoin(125)) - 768e87e1-01a1-4abe-adbb-724fc729cfde@group-4033F378C501-StateMachineUpdater: set stopIndex = 16
2019-09-17 11:51:18,563 [main] INFO  impl.PendingRequests (PendingRequests.java:sendNotLeaderResponses(202)) - 768e87e1-01a1-4abe-adbb-724fc729cfde-PendingRequests: sendNotLeaderResponses
2019-09-17 11:51:18,563 [768e87e1-01a1-4abe-adbb-724fc729cfde@group-4033F378C501-StateMachineUpdater] INFO  ratis.ContainerStateMachine (ContainerStateMachine.java:takeSnapshot(289)) - group-4033F378C501: Taking a snapshot at:(t:1, i:13) file /tmp/workdir/hadoop-ozone/integration-test/target/test-dir/MiniOzoneClusterImpl-aba007c7-aff0-48a6-9a1c-5b8514ff46fc/datanode-1/data/ratis/39788b26-8e4f-498d-9caf-4033f378c501/sm/snapshot.1_13
2019-09-17 11:51:18,566 [main] INFO  impl.StateMachineUpdater (StateMachineUpdater.java:stopAndJoin(125)) - 768e87e1-01a1-4abe-adbb-724fc729cfde@group-67BC833D3E93-StateMachineUpdater: set stopIndex = 0
2019-09-17 11:51:18,575 [main] INFO  impl.RaftServerImpl (ServerState.java:close(385)) - 768e87e1-01a1-4abe-adbb-724fc729cfde@group-67BC833D3E93: closes. applyIndex: 0
2019-09-17 11:51:18,578 [768e87e1-01a1-4abe-adbb-724fc729cfde@group-67BC833D3E93-SegmentedRaftLogWorker] INFO  segmented.SegmentedRaftLogWorker (SegmentedRaftLogWorker.java:run(313)) - 768e87e1-01a1-4abe-adbb-724fc729cfde@group-67BC833D3E93-SegmentedRaftLogWorker was interrupted, exiting. There are 0 tasks remaining in the queue.
2019-09-17 11:51:18,582 [main] INFO  segmented.SegmentedRaftLogWorker (SegmentedRaftLogWorker.java:close(228)) - 768e87e1-01a1-4abe-adbb-724fc729cfde@group-67BC833D3E93-SegmentedRaftLogWorker close()
2019-09-17 11:51:18,607 [java.util.concurrent.ThreadPoolExecutor$Worker@3cd8d43b[State = -1, empty queue]] WARN  server.GrpcLogAppender (GrpcLogAppender.java:timeoutAppendRequest(200)) - ee155057-4acb-4f3f-9013-4bd3c5a101b6@group-B3F5A0A8BDBD->533f21c9-6148-4926-981b-3030ea271196-GrpcLogAppender: appendEntries Timeout, request=ee155057-4acb-4f3f-9013-4bd3c5a101b6->533f21c9-6148-4926-981b-3030ea271196#65-t2, previous=(t:2, i:20), leaderCommit=16, initializing? false, entries: <empty>
2019-09-17 11:51:18,607 [java.util.concurrent.ThreadPoolExecutor$Worker@5a9b47f8[State = -1, empty queue]] WARN  server.GrpcLogAppender (GrpcLogAppender.java:timeoutAppendRequest(200)) - ee155057-4acb-4f3f-9013-4bd3c5a101b6@group-B3F5A0A8BDBD->90cc32e6-bdd6-4f93-abb1-bc520dd025bc-GrpcLogAppender: appendEntries Timeout, request=ee155057-4acb-4f3f-9013-4bd3c5a101b6->90cc32e6-bdd6-4f93-abb1-bc520dd025bc#65-t2, previous=(t:2, i:20), leaderCommit=16, initializing? false, entries: <empty>
2019-09-17 11:51:18,620 [768e87e1-01a1-4abe-adbb-724fc729cfde@group-4033F378C501-StateMachineUpdater] INFO  ratis.ContainerStateMachine (ContainerStateMachine.java:takeSnapshot(300)) - group-4033F378C501: Finished taking a snapshot at:(t:1, i:13) file:/tmp/workdir/hadoop-ozone/integration-test/target/test-dir/MiniOzoneClusterImpl-aba007c7-aff0-48a6-9a1c-5b8514ff46fc/datanode-1/data/ratis/39788b26-8e4f-498d-9caf-4033f378c501/sm/snapshot.1_13 time:57
2019-09-17 11:51:18,631 [768e87e1-01a1-4abe-adbb-724fc729cfde@group-4033F378C501-StateMachineUpdater] INFO  impl.StateMachineUpdater (StateMachineUpdater.java:takeSnapshot(258)) - 768e87e1-01a1-4abe-adbb-724fc729cfde@group-4033F378C501-StateMachineUpdater: Took a snapshot at index 13
2019-09-17 11:51:18,631 [768e87e1-01a1-4abe-adbb-724fc729cfde@group-4033F378C501-StateMachineUpdater] INFO  impl.StateMachineUpdater (StateMachineUpdater.java:lambda$new$0(83)) - 768e87e1-01a1-4abe-adbb-724fc729cfde@group-4033F378C501-StateMachineUpdater: snapshotIndex: updateIncreasingly -1 -> 13
2019-09-17 11:51:18,635 [768e87e1-01a1-4abe-adbb-724fc729cfde@group-4033F378C501-StateMachineUpdater] INFO  ratis.ContainerStateMachine (ContainerStateMachine.java:takeSnapshot(289)) - group-4033F378C501: Taking a snapshot at:(t:1, i:13) file /tmp/workdir/hadoop-ozone/integration-test/target/test-dir/MiniOzoneClusterImpl-aba007c7-aff0-48a6-9a1c-5b8514ff46fc/datanode-1/data/ratis/39788b26-8e4f-498d-9caf-4033f378c501/sm/snapshot.1_13
2019-09-17 11:51:18,647 [768e87e1-01a1-4abe-adbb-724fc729cfde@group-4033F378C501-StateMachineUpdater] INFO  ratis.ContainerStateMachine (ContainerStateMachine.java:takeSnapshot(300)) - group-4033F378C501: Finished taking a snapshot at:(t:1, i:13) file:/tmp/workdir/hadoop-ozone/integration-test/target/test-dir/MiniOzoneClusterImpl-aba007c7-aff0-48a6-9a1c-5b8514ff46fc/datanode-1/data/ratis/39788b26-8e4f-498d-9caf-4033f378c501/sm/snapshot.1_13 time:12
2019-09-17 11:51:18,648 [768e87e1-01a1-4abe-adbb-724fc729cfde@group-4033F378C501-StateMachineUpdater] INFO  impl.StateMachineUpdater (StateMachineUpdater.java:takeSnapshot(258)) - 768e87e1-01a1-4abe-adbb-724fc729cfde@group-4033F378C501-StateMachineUpdater: Took a snapshot at index 13
2019-09-17 11:51:18,648 [768e87e1-01a1-4abe-adbb-724fc729cfde@group-4033F378C501-StateMachineUpdater] INFO  impl.StateMachineUpdater (StateMachineUpdater.java:lambda$new$0(83)) - 768e87e1-01a1-4abe-adbb-724fc729cfde@group-4033F378C501-StateMachineUpdater: snapshotIndex: updateIncreasingly 13 -> 13
2019-09-17 11:51:18,648 [ForkJoinPool.commonPool-worker-0] INFO  impl.RaftServerImpl (ServerState.java:close(385)) - 768e87e1-01a1-4abe-adbb-724fc729cfde@group-4033F378C501: closes. applyIndex: 16
2019-09-17 11:51:18,649 [768e87e1-01a1-4abe-adbb-724fc729cfde@group-4033F378C501-SegmentedRaftLogWorker] INFO  segmented.SegmentedRaftLogWorker (SegmentedRaftLogWorker.java:run(313)) - 768e87e1-01a1-4abe-adbb-724fc729cfde@group-4033F378C501-SegmentedRaftLogWorker was interrupted, exiting. There are 0 tasks remaining in the queue.
2019-09-17 11:51:18,653 [ForkJoinPool.commonPool-worker-0] INFO  segmented.SegmentedRaftLogWorker (SegmentedRaftLogWorker.java:close(228)) - 768e87e1-01a1-4abe-adbb-724fc729cfde@group-4033F378C501-SegmentedRaftLogWorker close()
2019-09-17 11:51:18,654 [main] INFO  server.GrpcService (GrpcService.java:closeImpl(164)) - 768e87e1-01a1-4abe-adbb-724fc729cfde: shutdown server with port 39557 now
2019-09-17 11:51:18,658 [main] INFO  server.GrpcService (GrpcService.java:closeImpl(172)) - 768e87e1-01a1-4abe-adbb-724fc729cfde: shutdown server with port 39557 successfully
2019-09-17 11:51:18,659 [grpc-default-executor-2] WARN  server.GrpcServerProtocolService (LogUtils.java:warn(134)) - 768e87e1-01a1-4abe-adbb-724fc729cfde: installSnapshot onError, lastRequest: 0efbdbeb-0caf-4be4-a340-f9adf92e227b->768e87e1-01a1-4abe-adbb-724fc729cfde#68-t1, previous=(t:1, i:16), leaderCommit=16, initializing? false, entries: <empty>: org.apache.ratis.thirdparty.io.grpc.StatusRuntimeException: CANCELLED: cancelled before receiving half close
2019-09-17 11:51:18,660 [grpc-default-executor-3] WARN  server.GrpcLogAppender (LogUtils.java:warn(134)) - 0efbdbeb-0caf-4be4-a340-f9adf92e227b@group-4033F378C501->768e87e1-01a1-4abe-adbb-724fc729cfde-AppendLogResponseHandler: Failed appendEntries: org.apache.ratis.thirdparty.io.grpc.StatusRuntimeException: CANCELLED: HTTP/2 error code: CANCEL
Received Rst Stream
2019-09-17 11:51:18,667 [refreshUsed-/tmp/workdir/hadoop-ozone/integration-test/target/test-dir/MiniOzoneClusterImpl-aba007c7-aff0-48a6-9a1c-5b8514ff46fc/datanode-1/data/containers] WARN  fs.CachingGetSpaceUsed (CachingGetSpaceUsed.java:run(183)) - Thread Interrupted waiting to refresh disk information: sleep interrupted
2019-09-17 11:51:18,667 [grpc-default-executor-3] INFO  impl.FollowerInfo (FollowerInfo.java:lambda$new$0(51)) - 0efbdbeb-0caf-4be4-a340-f9adf92e227b@group-4033F378C501->768e87e1-01a1-4abe-adbb-724fc729cfde: nextIndex: updateUnconditionally 17 -> 16
2019-09-17 11:51:18,682 [main] INFO  utils.BackgroundService (BackgroundService.java:shutdown(148)) - Shutting down service BlockDeletingService
2019-09-17 11:51:18,690 [main] INFO  statemachine.DatanodeStateMachine (DatanodeStateMachine.java:stopDaemon(395)) - Ozone container server stopped.
2019-09-17 11:51:18,696 [main] INFO  handler.ContextHandler (ContextHandler.java:doStop(910)) - Stopped o.e.j.w.WebAppContext@1422ac7f{/,null,UNAVAILABLE}{/hddsDatanode}
2019-09-17 11:51:18,701 [main] INFO  server.AbstractConnector (AbstractConnector.java:doStop(318)) - Stopped ServerConnector@5e519ad3{HTTP/1.1,[http/1.1]}{0.0.0.0:0}
2019-09-17 11:51:18,701 [main] INFO  handler.ContextHandler (ContextHandler.java:doStop(910)) - Stopped o.e.j.s.ServletContextHandler@277b8fa4{/static,jar:file:/home/user/.m2/repository/org/apache/hadoop/hadoop-hdds-container-service/0.5.0-SNAPSHOT/hadoop-hdds-container-service-0.5.0-SNAPSHOT.jar!/webapps/static,UNAVAILABLE}
2019-09-17 11:51:18,701 [main] INFO  handler.ContextHandler (ContextHandler.java:doStop(910)) - Stopped o.e.j.s.ServletContextHandler@625d9132{/logs,file:///tmp/workdir/hadoop-ozone/integration-test/target/log,UNAVAILABLE}
2019-09-17 11:51:18,748 [grpc-default-executor-1] INFO  client.GrpcClientProtocolClient (GrpcClientProtocolClient.java:onNext(264)) - client-F807A3202DA0->166adff3-52d0-4f60-8e58-0e12ed96f4bf: receive RaftClientReply:client-F807A3202DA0->166adff3-52d0-4f60-8e58-0e12ed96f4bf@group-012F5F91B630, cid=46, SUCCESS, logIndex=9, commits[166adff3-52d0-4f60-8e58-0e12ed96f4bf:c10, ab50ed4d-57db-4f38-bd59-74c03932909c:c8, 478df2fd-32fa-402c-a09a-4121263fb7de:c8]
2019-09-17 11:51:18,749 [grpc-default-executor-1] INFO  client.GrpcClientProtocolClient (GrpcClientProtocolClient.java:onNext(264)) - client-F807A3202DA0->166adff3-52d0-4f60-8e58-0e12ed96f4bf: receive RaftClientReply:client-F807A3202DA0->166adff3-52d0-4f60-8e58-0e12ed96f4bf@group-012F5F91B630, cid=47, SUCCESS, logIndex=10, commits[166adff3-52d0-4f60-8e58-0e12ed96f4bf:c10, ab50ed4d-57db-4f38-bd59-74c03932909c:c8, 478df2fd-32fa-402c-a09a-4121263fb7de:c8]
2019-09-17 11:51:18,762 [grpc-default-executor-1] INFO  client.GrpcClientProtocolClient (GrpcClientProtocolClient.java:onNext(264)) - client-F807A3202DA0->166adff3-52d0-4f60-8e58-0e12ed96f4bf: receive RaftClientReply:client-F807A3202DA0->166adff3-52d0-4f60-8e58-0e12ed96f4bf@group-012F5F91B630, cid=48, SUCCESS, logIndex=11, commits[166adff3-52d0-4f60-8e58-0e12ed96f4bf:c12, ab50ed4d-57db-4f38-bd59-74c03932909c:c8, 478df2fd-32fa-402c-a09a-4121263fb7de:c8]
2019-09-17 11:51:18,763 [grpc-default-executor-1] INFO  client.GrpcClientProtocolClient (GrpcClientProtocolClient.java:onNext(264)) - client-F807A3202DA0->166adff3-52d0-4f60-8e58-0e12ed96f4bf: receive RaftClientReply:client-F807A3202DA0->166adff3-52d0-4f60-8e58-0e12ed96f4bf@group-012F5F91B630, cid=49, SUCCESS, logIndex=12, commits[166adff3-52d0-4f60-8e58-0e12ed96f4bf:c13, ab50ed4d-57db-4f38-bd59-74c03932909c:c10, 478df2fd-32fa-402c-a09a-4121263fb7de:c10]
2019-09-17 11:51:18,773 [grpc-default-executor-3] WARN  server.GrpcLogAppender (LogUtils.java:warn(134)) - 0efbdbeb-0caf-4be4-a340-f9adf92e227b@group-4033F378C501->768e87e1-01a1-4abe-adbb-724fc729cfde-AppendLogResponseHandler: Failed appendEntries: org.apache.ratis.thirdparty.io.grpc.StatusRuntimeException: UNAVAILABLE: io exception
2019-09-17 11:51:18,779 [grpc-default-executor-3] INFO  impl.FollowerInfo (FollowerInfo.java:lambda$new$0(51)) - 0efbdbeb-0caf-4be4-a340-f9adf92e227b@group-4033F378C501->768e87e1-01a1-4abe-adbb-724fc729cfde: nextIndex: updateUnconditionally 16 -> 15
2019-09-17 11:51:18,780 [grpc-default-executor-3] INFO  client.GrpcClientProtocolClient (GrpcClientProtocolClient.java:onNext(264)) - client-F807A3202DA0->166adff3-52d0-4f60-8e58-0e12ed96f4bf: receive RaftClientReply:client-F807A3202DA0->166adff3-52d0-4f60-8e58-0e12ed96f4bf@group-012F5F91B630, cid=50, SUCCESS, logIndex=0, commits[166adff3-52d0-4f60-8e58-0e12ed96f4bf:c16, ab50ed4d-57db-4f38-bd59-74c03932909c:c12, 478df2fd-32fa-402c-a09a-4121263fb7de:c12]
2019-09-17 11:51:19,107 [java.util.concurrent.ThreadPoolExecutor$Worker@3cd8d43b[State = -1, empty queue]] WARN  server.GrpcLogAppender (GrpcLogAppender.java:timeoutAppendRequest(200)) - ee155057-4acb-4f3f-9013-4bd3c5a101b6@group-B3F5A0A8BDBD->533f21c9-6148-4926-981b-3030ea271196-GrpcLogAppender: appendEntries Timeout, request=ee155057-4acb-4f3f-9013-4bd3c5a101b6->533f21c9-6148-4926-981b-3030ea271196#66-t2, previous=(t:2, i:20), leaderCommit=16, initializing? false, entries: <empty>
2019-09-17 11:51:19,107 [java.util.concurrent.ThreadPoolExecutor$Worker@5a9b47f8[State = -1, empty queue]] WARN  server.GrpcLogAppender (GrpcLogAppender.java:timeoutAppendRequest(200)) - ee155057-4acb-4f3f-9013-4bd3c5a101b6@group-B3F5A0A8BDBD->90cc32e6-bdd6-4f93-abb1-bc520dd025bc-GrpcLogAppender: appendEntries Timeout, request=ee155057-4acb-4f3f-9013-4bd3c5a101b6->90cc32e6-bdd6-4f93-abb1-bc520dd025bc#66-t2, previous=(t:2, i:20), leaderCommit=16, initializing? false, entries: <empty>
2019-09-17 11:51:19,265 [grpc-default-executor-2] WARN  server.GrpcLogAppender (LogUtils.java:warn(134)) - 0efbdbeb-0caf-4be4-a340-f9adf92e227b@group-4033F378C501->768e87e1-01a1-4abe-adbb-724fc729cfde-AppendLogResponseHandler: Failed appendEntries: org.apache.ratis.thirdparty.io.grpc.StatusRuntimeException: UNAVAILABLE: io exception
2019-09-17 11:51:19,269 [grpc-default-executor-2] INFO  impl.FollowerInfo (FollowerInfo.java:lambda$new$0(51)) - 0efbdbeb-0caf-4be4-a340-f9adf92e227b@group-4033F378C501->768e87e1-01a1-4abe-adbb-724fc729cfde: nextIndex: updateUnconditionally 15 -> 14
2019-09-17 11:51:19,607 [java.util.concurrent.ThreadPoolExecutor$Worker@3cd8d43b[State = -1, empty queue]] WARN  server.GrpcLogAppender (GrpcLogAppender.java:timeoutAppendRequest(200)) - ee155057-4acb-4f3f-9013-4bd3c5a101b6@group-B3F5A0A8BDBD->533f21c9-6148-4926-981b-3030ea271196-GrpcLogAppender: appendEntries Timeout, request=ee155057-4acb-4f3f-9013-4bd3c5a101b6->533f21c9-6148-4926-981b-3030ea271196#67-t2, previous=(t:2, i:20), leaderCommit=16, initializing? false, entries: <empty>
2019-09-17 11:51:19,607 [java.util.concurrent.ThreadPoolExecutor$Worker@5a9b47f8[State = -1, empty queue]] WARN  server.GrpcLogAppender (GrpcLogAppender.java:timeoutAppendRequest(200)) - ee155057-4acb-4f3f-9013-4bd3c5a101b6@group-B3F5A0A8BDBD->90cc32e6-bdd6-4f93-abb1-bc520dd025bc-GrpcLogAppender: appendEntries Timeout, request=ee155057-4acb-4f3f-9013-4bd3c5a101b6->90cc32e6-bdd6-4f93-abb1-bc520dd025bc#67-t2, previous=(t:2, i:20), leaderCommit=16, initializing? false, entries: <empty>
2019-09-17 11:51:19,765 [grpc-default-executor-3] WARN  server.GrpcLogAppender (LogUtils.java:warn(134)) - 0efbdbeb-0caf-4be4-a340-f9adf92e227b@group-4033F378C501->768e87e1-01a1-4abe-adbb-724fc729cfde-AppendLogResponseHandler: Failed appendEntries: org.apache.ratis.thirdparty.io.grpc.StatusRuntimeException: UNAVAILABLE: io exception
2019-09-17 11:51:19,769 [grpc-default-executor-3] INFO  impl.FollowerInfo (FollowerInfo.java:lambda$new$0(51)) - 0efbdbeb-0caf-4be4-a340-f9adf92e227b@group-4033F378C501->768e87e1-01a1-4abe-adbb-724fc729cfde: nextIndex: updateUnconditionally 14 -> 13
2019-09-17 11:51:19,816 [grpc-default-executor-2] INFO  client.GrpcClientProtocolClient (GrpcClientProtocolClient.java:onNext(264)) - client-517B9A8AF683->db5c95e9-dab2-4d3b-9775-2e3d4de03f2d: receive RaftClientReply:client-517B9A8AF683->db5c95e9-dab2-4d3b-9775-2e3d4de03f2d@group-4033F378C501, cid=51, FAILED org.apache.ratis.protocol.NotLeaderException: Server db5c95e9-dab2-4d3b-9775-2e3d4de03f2d@group-4033F378C501 is not the leader 0efbdbeb-0caf-4be4-a340-f9adf92e227b:192.168.157.219:42903, logIndex=0, commits[db5c95e9-dab2-4d3b-9775-2e3d4de03f2d:c16, 768e87e1-01a1-4abe-adbb-724fc729cfde:c16, 0efbdbeb-0caf-4be4-a340-f9adf92e227b:c16]
2019-09-17 11:51:19,839 [grpc-default-executor-1] WARN  server.GrpcLogAppender (LogUtils.java:warn(134)) - 0efbdbeb-0caf-4be4-a340-f9adf92e227b@group-4033F378C501->768e87e1-01a1-4abe-adbb-724fc729cfde-AppendLogResponseHandler: Failed appendEntries: org.apache.ratis.thirdparty.io.grpc.StatusRuntimeException: UNAVAILABLE: io exception
2019-09-17 11:51:19,841 [grpc-default-executor-1] INFO  impl.FollowerInfo (FollowerInfo.java:lambda$new$0(51)) - 0efbdbeb-0caf-4be4-a340-f9adf92e227b@group-4033F378C501->768e87e1-01a1-4abe-adbb-724fc729cfde: nextIndex: updateUnconditionally 14 -> 13
2019-09-17 11:51:20,100 [grpc-default-executor-2] INFO  client.GrpcClientProtocolClient (GrpcClientProtocolClient.java:onNext(264)) - client-517B9A8AF683->0efbdbeb-0caf-4be4-a340-f9adf92e227b: receive RaftClientReply:client-517B9A8AF683->0efbdbeb-0caf-4be4-a340-f9adf92e227b@group-4033F378C501, cid=51, SUCCESS, logIndex=17, commits[0efbdbeb-0caf-4be4-a340-f9adf92e227b:c17, 768e87e1-01a1-4abe-adbb-724fc729cfde:c16, db5c95e9-dab2-4d3b-9775-2e3d4de03f2d:c16]
2019-09-17 11:51:20,100 [grpc-default-executor-0] WARN  server.GrpcLogAppender (LogUtils.java:warn(134)) - 0efbdbeb-0caf-4be4-a340-f9adf92e227b@group-4033F378C501->768e87e1-01a1-4abe-adbb-724fc729cfde-AppendLogResponseHandler: Failed appendEntries: org.apache.ratis.thirdparty.io.grpc.StatusRuntimeException: UNAVAILABLE: io exception
2019-09-17 11:51:20,111 [java.util.concurrent.ThreadPoolExecutor$Worker@5a9b47f8[State = -1, empty queue]] WARN  server.GrpcLogAppender (GrpcLogAppender.java:timeoutAppendRequest(200)) - ee155057-4acb-4f3f-9013-4bd3c5a101b6@group-B3F5A0A8BDBD->90cc32e6-bdd6-4f93-abb1-bc520dd025bc-GrpcLogAppender: appendEntries Timeout, request=ee155057-4acb-4f3f-9013-4bd3c5a101b6->90cc32e6-bdd6-4f93-abb1-bc520dd025bc#68-t2, previous=(t:2, i:20), leaderCommit=16, initializing? false, entries: <empty>
2019-09-17 11:51:20,113 [grpc-default-executor-0] INFO  impl.FollowerInfo (FollowerInfo.java:lambda$new$0(51)) - 0efbdbeb-0caf-4be4-a340-f9adf92e227b@group-4033F378C501->768e87e1-01a1-4abe-adbb-724fc729cfde: nextIndex: updateUnconditionally 14 -> 13
2019-09-17 11:51:20,113 [java.util.concurrent.ThreadPoolExecutor$Worker@3cd8d43b[State = -1, empty queue]] WARN  server.GrpcLogAppender (GrpcLogAppender.java:timeoutAppendRequest(200)) - ee155057-4acb-4f3f-9013-4bd3c5a101b6@group-B3F5A0A8BDBD->533f21c9-6148-4926-981b-3030ea271196-GrpcLogAppender: appendEntries Timeout, request=ee155057-4acb-4f3f-9013-4bd3c5a101b6->533f21c9-6148-4926-981b-3030ea271196#68-t2, previous=(t:2, i:20), leaderCommit=16, initializing? false, entries: <empty>
2019-09-17 11:51:20,118 [grpc-default-executor-3] WARN  server.GrpcLogAppender (LogUtils.java:warn(134)) - 0efbdbeb-0caf-4be4-a340-f9adf92e227b@group-4033F378C501->768e87e1-01a1-4abe-adbb-724fc729cfde-AppendLogResponseHandler: Failed appendEntries: org.apache.ratis.thirdparty.io.grpc.StatusRuntimeException: UNAVAILABLE: io exception
2019-09-17 11:51:20,130 [grpc-default-executor-3] INFO  impl.FollowerInfo (FollowerInfo.java:lambda$new$0(51)) - 0efbdbeb-0caf-4be4-a340-f9adf92e227b@group-4033F378C501->768e87e1-01a1-4abe-adbb-724fc729cfde: nextIndex: updateUnconditionally 14 -> 13
2019-09-17 11:51:20,134 [grpc-default-executor-0] WARN  server.GrpcLogAppender (LogUtils.java:warn(134)) - 0efbdbeb-0caf-4be4-a340-f9adf92e227b@group-4033F378C501->768e87e1-01a1-4abe-adbb-724fc729cfde-AppendLogResponseHandler: Failed appendEntries: org.apache.ratis.thirdparty.io.grpc.StatusRuntimeException: UNAVAILABLE: io exception
2019-09-17 11:51:20,140 [grpc-default-executor-0] INFO  impl.FollowerInfo (FollowerInfo.java:lambda$new$0(51)) - 0efbdbeb-0caf-4be4-a340-f9adf92e227b@group-4033F378C501->768e87e1-01a1-4abe-adbb-724fc729cfde: nextIndex: updateUnconditionally 14 -> 13
2019-09-17 11:51:20,143 [grpc-default-executor-1] WARN  server.GrpcLogAppender (LogUtils.java:warn(134)) - 0efbdbeb-0caf-4be4-a340-f9adf92e227b@group-4033F378C501->768e87e1-01a1-4abe-adbb-724fc729cfde-AppendLogResponseHandler: Failed appendEntries: org.apache.ratis.thirdparty.io.grpc.StatusRuntimeException: UNAVAILABLE: io exception
2019-09-17 11:51:20,146 [grpc-default-executor-1] INFO  impl.FollowerInfo (FollowerInfo.java:lambda$new$0(51)) - 0efbdbeb-0caf-4be4-a340-f9adf92e227b@group-4033F378C501->768e87e1-01a1-4abe-adbb-724fc729cfde: nextIndex: updateUnconditionally 14 -> 13
2019-09-17 11:51:20,152 [grpc-default-executor-0] WARN  server.GrpcLogAppender (LogUtils.java:warn(134)) - 0efbdbeb-0caf-4be4-a340-f9adf92e227b@group-4033F378C501->768e87e1-01a1-4abe-adbb-724fc729cfde-AppendLogResponseHandler: Failed appendEntries: org.apache.ratis.thirdparty.io.grpc.StatusRuntimeException: UNAVAILABLE: io exception
2019-09-17 11:51:20,155 [grpc-default-executor-0] INFO  impl.FollowerInfo (FollowerInfo.java:lambda$new$0(51)) - 0efbdbeb-0caf-4be4-a340-f9adf92e227b@group-4033F378C501->768e87e1-01a1-4abe-adbb-724fc729cfde: nextIndex: updateUnconditionally 14 -> 13
2019-09-17 11:51:20,167 [grpc-default-executor-0] WARN  server.GrpcLogAppender (LogUtils.java:warn(134)) - 0efbdbeb-0caf-4be4-a340-f9adf92e227b@group-4033F378C501->768e87e1-01a1-4abe-adbb-724fc729cfde-AppendLogResponseHandler: Failed appendEntries: org.apache.ratis.thirdparty.io.grpc.StatusRuntimeException: UNAVAILABLE: io exception
2019-09-17 11:51:20,169 [grpc-default-executor-0] INFO  impl.FollowerInfo (FollowerInfo.java:lambda$new$0(51)) - 0efbdbeb-0caf-4be4-a340-f9adf92e227b@group-4033F378C501->768e87e1-01a1-4abe-adbb-724fc729cfde: nextIndex: updateUnconditionally 14 -> 13
2019-09-17 11:51:20,178 [grpc-default-executor-1] WARN  server.GrpcLogAppender (LogUtils.java:warn(134)) - 0efbdbeb-0caf-4be4-a340-f9adf92e227b@group-4033F378C501->768e87e1-01a1-4abe-adbb-724fc729cfde-AppendLogResponseHandler: Failed appendEntries: org.apache.ratis.thirdparty.io.grpc.StatusRuntimeException: UNAVAILABLE: io exception
2019-09-17 11:51:20,182 [grpc-default-executor-1] INFO  impl.FollowerInfo (FollowerInfo.java:lambda$new$0(51)) - 0efbdbeb-0caf-4be4-a340-f9adf92e227b@group-4033F378C501->768e87e1-01a1-4abe-adbb-724fc729cfde: nextIndex: updateUnconditionally 14 -> 13
2019-09-17 11:51:20,183 [grpc-default-executor-1] INFO  client.GrpcClientProtocolClient (GrpcClientProtocolClient.java:onNext(264)) - client-517B9A8AF683->0efbdbeb-0caf-4be4-a340-f9adf92e227b: receive RaftClientReply:client-517B9A8AF683->0efbdbeb-0caf-4be4-a340-f9adf92e227b@group-4033F378C501, cid=52, SUCCESS, logIndex=19, commits[0efbdbeb-0caf-4be4-a340-f9adf92e227b:c24, 768e87e1-01a1-4abe-adbb-724fc729cfde:c16, db5c95e9-dab2-4d3b-9775-2e3d4de03f2d:c22]
2019-09-17 11:51:20,184 [grpc-default-executor-1] INFO  client.GrpcClientProtocolClient (GrpcClientProtocolClient.java:onNext(264)) - client-517B9A8AF683->0efbdbeb-0caf-4be4-a340-f9adf92e227b: receive RaftClientReply:client-517B9A8AF683->0efbdbeb-0caf-4be4-a340-f9adf92e227b@group-4033F378C501, cid=53, SUCCESS, logIndex=20, commits[0efbdbeb-0caf-4be4-a340-f9adf92e227b:c24, 768e87e1-01a1-4abe-adbb-724fc729cfde:c16, db5c95e9-dab2-4d3b-9775-2e3d4de03f2d:c22]
2019-09-17 11:51:20,206 [grpc-default-executor-1] INFO  client.GrpcClientProtocolClient (GrpcClientProtocolClient.java:onNext(264)) - client-517B9A8AF683->0efbdbeb-0caf-4be4-a340-f9adf92e227b: receive RaftClientReply:client-517B9A8AF683->0efbdbeb-0caf-4be4-a340-f9adf92e227b@group-4033F378C501, cid=54, SUCCESS, logIndex=22, commits[0efbdbeb-0caf-4be4-a340-f9adf92e227b:c24, 768e87e1-01a1-4abe-adbb-724fc729cfde:c16, db5c95e9-dab2-4d3b-9775-2e3d4de03f2d:c22]
2019-09-17 11:51:20,609 [java.util.concurrent.ThreadPoolExecutor$Worker@3cd8d43b[State = -1, empty queue]] WARN  server.GrpcLogAppender (GrpcLogAppender.java:timeoutAppendRequest(200)) - ee155057-4acb-4f3f-9013-4bd3c5a101b6@group-B3F5A0A8BDBD->533f21c9-6148-4926-981b-3030ea271196-GrpcLogAppender: appendEntries Timeout, request=ee155057-4acb-4f3f-9013-4bd3c5a101b6->533f21c9-6148-4926-981b-3030ea271196#69-t2, previous=(t:2, i:20), leaderCommit=16, initializing? false, entries: <empty>
2019-09-17 11:51:20,609 [java.util.concurrent.ThreadPoolExecutor$Worker@5a9b47f8[State = -1, empty queue]] WARN  server.GrpcLogAppender (GrpcLogAppender.java:timeoutAppendRequest(200)) - ee155057-4acb-4f3f-9013-4bd3c5a101b6@group-B3F5A0A8BDBD->90cc32e6-bdd6-4f93-abb1-bc520dd025bc-GrpcLogAppender: appendEntries Timeout, request=ee155057-4acb-4f3f-9013-4bd3c5a101b6->90cc32e6-bdd6-4f93-abb1-bc520dd025bc#69-t2, previous=(t:2, i:20), leaderCommit=16, initializing? false, entries: <empty>
2019-09-17 11:51:20,679 [grpc-default-executor-0] WARN  server.GrpcLogAppender (LogUtils.java:warn(134)) - 0efbdbeb-0caf-4be4-a340-f9adf92e227b@group-4033F378C501->768e87e1-01a1-4abe-adbb-724fc729cfde-AppendLogResponseHandler: Failed appendEntries: org.apache.ratis.thirdparty.io.grpc.StatusRuntimeException: UNAVAILABLE: io exception
2019-09-17 11:51:20,682 [grpc-default-executor-0] INFO  impl.FollowerInfo (FollowerInfo.java:lambda$new$0(51)) - 0efbdbeb-0caf-4be4-a340-f9adf92e227b@group-4033F378C501->768e87e1-01a1-4abe-adbb-724fc729cfde: nextIndex: updateUnconditionally 13 -> 12
2019-09-17 11:51:21,109 [java.util.concurrent.ThreadPoolExecutor$Worker@5a9b47f8[State = -1, empty queue]] WARN  server.GrpcLogAppender (GrpcLogAppender.java:timeoutAppendRequest(200)) - ee155057-4acb-4f3f-9013-4bd3c5a101b6@group-B3F5A0A8BDBD->90cc32e6-bdd6-4f93-abb1-bc520dd025bc-GrpcLogAppender: appendEntries Timeout, request=ee155057-4acb-4f3f-9013-4bd3c5a101b6->90cc32e6-bdd6-4f93-abb1-bc520dd025bc#70-t2, previous=(t:2, i:20), leaderCommit=16, initializing? false, entries: <empty>
2019-09-17 11:51:21,109 [java.util.concurrent.ThreadPoolExecutor$Worker@3cd8d43b[State = -1, empty queue]] WARN  server.GrpcLogAppender (GrpcLogAppender.java:timeoutAppendRequest(200)) - ee155057-4acb-4f3f-9013-4bd3c5a101b6@group-B3F5A0A8BDBD->533f21c9-6148-4926-981b-3030ea271196-GrpcLogAppender: appendEntries Timeout, request=ee155057-4acb-4f3f-9013-4bd3c5a101b6->533f21c9-6148-4926-981b-3030ea271196#70-t2, previous=(t:2, i:20), leaderCommit=16, initializing? false, entries: <empty>
2019-09-17 11:51:21,180 [grpc-default-executor-3] WARN  server.GrpcLogAppender (LogUtils.java:warn(134)) - 0efbdbeb-0caf-4be4-a340-f9adf92e227b@group-4033F378C501->768e87e1-01a1-4abe-adbb-724fc729cfde-AppendLogResponseHandler: Failed appendEntries: org.apache.ratis.thirdparty.io.grpc.StatusRuntimeException: UNAVAILABLE: io exception
2019-09-17 11:51:21,185 [grpc-default-executor-3] INFO  impl.FollowerInfo (FollowerInfo.java:lambda$new$0(51)) - 0efbdbeb-0caf-4be4-a340-f9adf92e227b@group-4033F378C501->768e87e1-01a1-4abe-adbb-724fc729cfde: nextIndex: updateUnconditionally 12 -> 11
2019-09-17 11:51:21,610 [java.util.concurrent.ThreadPoolExecutor$Worker@3cd8d43b[State = -1, empty queue]] WARN  server.GrpcLogAppender (GrpcLogAppender.java:timeoutAppendRequest(200)) - ee155057-4acb-4f3f-9013-4bd3c5a101b6@group-B3F5A0A8BDBD->533f21c9-6148-4926-981b-3030ea271196-GrpcLogAppender: appendEntries Timeout, request=ee155057-4acb-4f3f-9013-4bd3c5a101b6->533f21c9-6148-4926-981b-3030ea271196#71-t2, previous=(t:2, i:20), leaderCommit=16, initializing? false, entries: <empty>
2019-09-17 11:51:21,610 [java.util.concurrent.ThreadPoolExecutor$Worker@5a9b47f8[State = -1, empty queue]] WARN  server.GrpcLogAppender (GrpcLogAppender.java:timeoutAppendRequest(200)) - ee155057-4acb-4f3f-9013-4bd3c5a101b6@group-B3F5A0A8BDBD->90cc32e6-bdd6-4f93-abb1-bc520dd025bc-GrpcLogAppender: appendEntries Timeout, request=ee155057-4acb-4f3f-9013-4bd3c5a101b6->90cc32e6-bdd6-4f93-abb1-bc520dd025bc#71-t2, previous=(t:2, i:20), leaderCommit=16, initializing? false, entries: <empty>
2019-09-17 11:51:21,682 [grpc-default-executor-0] WARN  server.GrpcLogAppender (LogUtils.java:warn(134)) - 0efbdbeb-0caf-4be4-a340-f9adf92e227b@group-4033F378C501->768e87e1-01a1-4abe-adbb-724fc729cfde-AppendLogResponseHandler: Failed appendEntries: org.apache.ratis.thirdparty.io.grpc.StatusRuntimeException: UNAVAILABLE: io exception
2019-09-17 11:51:21,686 [grpc-default-executor-0] INFO  impl.FollowerInfo (FollowerInfo.java:lambda$new$0(51)) - 0efbdbeb-0caf-4be4-a340-f9adf92e227b@group-4033F378C501->768e87e1-01a1-4abe-adbb-724fc729cfde: nextIndex: updateUnconditionally 11 -> 10
2019-09-17 11:51:22,110 [java.util.concurrent.ThreadPoolExecutor$Worker@5a9b47f8[State = -1, empty queue]] WARN  server.GrpcLogAppender (GrpcLogAppender.java:timeoutAppendRequest(200)) - ee155057-4acb-4f3f-9013-4bd3c5a101b6@group-B3F5A0A8BDBD->90cc32e6-bdd6-4f93-abb1-bc520dd025bc-GrpcLogAppender: appendEntries Timeout, request=ee155057-4acb-4f3f-9013-4bd3c5a101b6->90cc32e6-bdd6-4f93-abb1-bc520dd025bc#72-t2, previous=(t:2, i:20), leaderCommit=16, initializing? false, entries: <empty>
2019-09-17 11:51:22,110 [java.util.concurrent.ThreadPoolExecutor$Worker@3cd8d43b[State = -1, empty queue]] WARN  server.GrpcLogAppender (GrpcLogAppender.java:timeoutAppendRequest(200)) - ee155057-4acb-4f3f-9013-4bd3c5a101b6@group-B3F5A0A8BDBD->533f21c9-6148-4926-981b-3030ea271196-GrpcLogAppender: appendEntries Timeout, request=ee155057-4acb-4f3f-9013-4bd3c5a101b6->533f21c9-6148-4926-981b-3030ea271196#72-t2, previous=(t:2, i:20), leaderCommit=16, initializing? false, entries: <empty>
2019-09-17 11:51:22,182 [grpc-default-executor-1] WARN  server.GrpcLogAppender (LogUtils.java:warn(134)) - 0efbdbeb-0caf-4be4-a340-f9adf92e227b@group-4033F378C501->768e87e1-01a1-4abe-adbb-724fc729cfde-AppendLogResponseHandler: Failed appendEntries: org.apache.ratis.thirdparty.io.grpc.StatusRuntimeException: UNAVAILABLE: io exception
2019-09-17 11:51:22,186 [grpc-default-executor-1] INFO  impl.FollowerInfo (FollowerInfo.java:lambda$new$0(51)) - 0efbdbeb-0caf-4be4-a340-f9adf92e227b@group-4033F378C501->768e87e1-01a1-4abe-adbb-724fc729cfde: nextIndex: updateUnconditionally 10 -> 9
2019-09-17 11:51:22,611 [java.util.concurrent.ThreadPoolExecutor$Worker@3cd8d43b[State = -1, empty queue]] WARN  server.GrpcLogAppender (GrpcLogAppender.java:timeoutAppendRequest(200)) - ee155057-4acb-4f3f-9013-4bd3c5a101b6@group-B3F5A0A8BDBD->533f21c9-6148-4926-981b-3030ea271196-GrpcLogAppender: appendEntries Timeout, request=ee155057-4acb-4f3f-9013-4bd3c5a101b6->533f21c9-6148-4926-981b-3030ea271196#73-t2, previous=(t:2, i:20), leaderCommit=16, initializing? false, entries: <empty>
2019-09-17 11:51:22,611 [java.util.concurrent.ThreadPoolExecutor$Worker@5a9b47f8[State = -1, empty queue]] WARN  server.GrpcLogAppender (GrpcLogAppender.java:timeoutAppendRequest(200)) - ee155057-4acb-4f3f-9013-4bd3c5a101b6@group-B3F5A0A8BDBD->90cc32e6-bdd6-4f93-abb1-bc520dd025bc-GrpcLogAppender: appendEntries Timeout, request=ee155057-4acb-4f3f-9013-4bd3c5a101b6->90cc32e6-bdd6-4f93-abb1-bc520dd025bc#73-t2, previous=(t:2, i:20), leaderCommit=16, initializing? false, entries: <empty>
2019-09-17 11:51:22,684 [grpc-default-executor-1] WARN  server.GrpcLogAppender (LogUtils.java:warn(134)) - 0efbdbeb-0caf-4be4-a340-f9adf92e227b@group-4033F378C501->768e87e1-01a1-4abe-adbb-724fc729cfde-AppendLogResponseHandler: Failed appendEntries: org.apache.ratis.thirdparty.io.grpc.StatusRuntimeException: UNAVAILABLE: io exception
2019-09-17 11:51:22,687 [grpc-default-executor-1] INFO  impl.FollowerInfo (FollowerInfo.java:lambda$new$0(51)) - 0efbdbeb-0caf-4be4-a340-f9adf92e227b@group-4033F378C501->768e87e1-01a1-4abe-adbb-724fc729cfde: nextIndex: updateUnconditionally 9 -> 8
2019-09-17 11:51:23,113 [java.util.concurrent.ThreadPoolExecutor$Worker@5a9b47f8[State = -1, empty queue]] WARN  server.GrpcLogAppender (GrpcLogAppender.java:timeoutAppendRequest(200)) - ee155057-4acb-4f3f-9013-4bd3c5a101b6@group-B3F5A0A8BDBD->90cc32e6-bdd6-4f93-abb1-bc520dd025bc-GrpcLogAppender: appendEntries Timeout, request=ee155057-4acb-4f3f-9013-4bd3c5a101b6->90cc32e6-bdd6-4f93-abb1-bc520dd025bc#74-t2, previous=(t:2, i:20), leaderCommit=16, initializing? false, entries: <empty>
2019-09-17 11:51:23,113 [java.util.concurrent.ThreadPoolExecutor$Worker@3cd8d43b[State = -1, empty queue]] WARN  server.GrpcLogAppender (GrpcLogAppender.java:timeoutAppendRequest(200)) - ee155057-4acb-4f3f-9013-4bd3c5a101b6@group-B3F5A0A8BDBD->533f21c9-6148-4926-981b-3030ea271196-GrpcLogAppender: appendEntries Timeout, request=ee155057-4acb-4f3f-9013-4bd3c5a101b6->533f21c9-6148-4926-981b-3030ea271196#74-t2, previous=(t:2, i:20), leaderCommit=16, initializing? false, entries: <empty>
2019-09-17 11:51:23,185 [grpc-default-executor-3] WARN  server.GrpcLogAppender (LogUtils.java:warn(134)) - 0efbdbeb-0caf-4be4-a340-f9adf92e227b@group-4033F378C501->768e87e1-01a1-4abe-adbb-724fc729cfde-AppendLogResponseHandler: Failed appendEntries: org.apache.ratis.thirdparty.io.grpc.StatusRuntimeException: UNAVAILABLE: io exception
2019-09-17 11:51:23,192 [grpc-default-executor-3] INFO  impl.FollowerInfo (FollowerInfo.java:lambda$new$0(51)) - 0efbdbeb-0caf-4be4-a340-f9adf92e227b@group-4033F378C501->768e87e1-01a1-4abe-adbb-724fc729cfde: nextIndex: updateUnconditionally 8 -> 7
2019-09-17 11:51:23,614 [java.util.concurrent.ThreadPoolExecutor$Worker@5a9b47f8[State = -1, empty queue]] WARN  server.GrpcLogAppender (GrpcLogAppender.java:timeoutAppendRequest(200)) - ee155057-4acb-4f3f-9013-4bd3c5a101b6@group-B3F5A0A8BDBD->90cc32e6-bdd6-4f93-abb1-bc520dd025bc-GrpcLogAppender: appendEntries Timeout, request=ee155057-4acb-4f3f-9013-4bd3c5a101b6->90cc32e6-bdd6-4f93-abb1-bc520dd025bc#75-t2, previous=(t:2, i:20), leaderCommit=16, initializing? false, entries: <empty>
2019-09-17 11:51:23,614 [java.util.concurrent.ThreadPoolExecutor$Worker@3cd8d43b[State = -1, empty queue]] WARN  server.GrpcLogAppender (GrpcLogAppender.java:timeoutAppendRequest(200)) - ee155057-4acb-4f3f-9013-4bd3c5a101b6@group-B3F5A0A8BDBD->533f21c9-6148-4926-981b-3030ea271196-GrpcLogAppender: appendEntries Timeout, request=ee155057-4acb-4f3f-9013-4bd3c5a101b6->533f21c9-6148-4926-981b-3030ea271196#75-t2, previous=(t:2, i:20), leaderCommit=16, initializing? false, entries: <empty>
2019-09-17 11:51:23,687 [grpc-default-executor-0] WARN  server.GrpcLogAppender (LogUtils.java:warn(134)) - 0efbdbeb-0caf-4be4-a340-f9adf92e227b@group-4033F378C501->768e87e1-01a1-4abe-adbb-724fc729cfde-AppendLogResponseHandler: Failed appendEntries: org.apache.ratis.thirdparty.io.grpc.StatusRuntimeException: UNAVAILABLE: io exception
2019-09-17 11:51:23,693 [grpc-default-executor-0] INFO  impl.FollowerInfo (FollowerInfo.java:lambda$new$0(51)) - 0efbdbeb-0caf-4be4-a340-f9adf92e227b@group-4033F378C501->768e87e1-01a1-4abe-adbb-724fc729cfde: nextIndex: updateUnconditionally 7 -> 6
2019-09-17 11:51:24,114 [java.util.concurrent.ThreadPoolExecutor$Worker@5a9b47f8[State = -1, empty queue]] WARN  server.GrpcLogAppender (GrpcLogAppender.java:timeoutAppendRequest(200)) - ee155057-4acb-4f3f-9013-4bd3c5a101b6@group-B3F5A0A8BDBD->90cc32e6-bdd6-4f93-abb1-bc520dd025bc-GrpcLogAppender: appendEntries Timeout, request=ee155057-4acb-4f3f-9013-4bd3c5a101b6->90cc32e6-bdd6-4f93-abb1-bc520dd025bc#76-t2, previous=(t:2, i:20), leaderCommit=16, initializing? false, entries: <empty>
2019-09-17 11:51:24,114 [java.util.concurrent.ThreadPoolExecutor$Worker@3cd8d43b[State = -1, empty queue]] WARN  server.GrpcLogAppender (GrpcLogAppender.java:timeoutAppendRequest(200)) - ee155057-4acb-4f3f-9013-4bd3c5a101b6@group-B3F5A0A8BDBD->533f21c9-6148-4926-981b-3030ea271196-GrpcLogAppender: appendEntries Timeout, request=ee155057-4acb-4f3f-9013-4bd3c5a101b6->533f21c9-6148-4926-981b-3030ea271196#76-t2, previous=(t:2, i:20), leaderCommit=16, initializing? false, entries: <empty>
2019-09-17 11:51:24,217 [grpc-default-executor-3] WARN  server.GrpcLogAppender (LogUtils.java:warn(134)) - 0efbdbeb-0caf-4be4-a340-f9adf92e227b@group-4033F378C501->768e87e1-01a1-4abe-adbb-724fc729cfde-AppendLogResponseHandler: Failed appendEntries: org.apache.ratis.thirdparty.io.grpc.StatusRuntimeException: UNAVAILABLE: io exception
2019-09-17 11:51:24,220 [grpc-default-executor-3] INFO  impl.FollowerInfo (FollowerInfo.java:lambda$new$0(51)) - 0efbdbeb-0caf-4be4-a340-f9adf92e227b@group-4033F378C501->768e87e1-01a1-4abe-adbb-724fc729cfde: nextIndex: updateUnconditionally 6 -> 5
2019-09-17 11:51:24,614 [java.util.concurrent.ThreadPoolExecutor$Worker@3cd8d43b[State = -1, empty queue]] WARN  server.GrpcLogAppender (GrpcLogAppender.java:timeoutAppendRequest(200)) - ee155057-4acb-4f3f-9013-4bd3c5a101b6@group-B3F5A0A8BDBD->533f21c9-6148-4926-981b-3030ea271196-GrpcLogAppender: appendEntries Timeout, request=ee155057-4acb-4f3f-9013-4bd3c5a101b6->533f21c9-6148-4926-981b-3030ea271196#77-t2, previous=(t:2, i:20), leaderCommit=16, initializing? false, entries: <empty>
2019-09-17 11:51:24,614 [java.util.concurrent.ThreadPoolExecutor$Worker@5a9b47f8[State = -1, empty queue]] WARN  server.GrpcLogAppender (GrpcLogAppender.java:timeoutAppendRequest(200)) - ee155057-4acb-4f3f-9013-4bd3c5a101b6@group-B3F5A0A8BDBD->90cc32e6-bdd6-4f93-abb1-bc520dd025bc-GrpcLogAppender: appendEntries Timeout, request=ee155057-4acb-4f3f-9013-4bd3c5a101b6->90cc32e6-bdd6-4f93-abb1-bc520dd025bc#77-t2, previous=(t:2, i:20), leaderCommit=16, initializing? false, entries: <empty>
2019-09-17 11:51:24,691 [grpc-default-executor-1] WARN  server.GrpcLogAppender (LogUtils.java:warn(134)) - 0efbdbeb-0caf-4be4-a340-f9adf92e227b@group-4033F378C501->768e87e1-01a1-4abe-adbb-724fc729cfde-AppendLogResponseHandler: Failed appendEntries: org.apache.ratis.thirdparty.io.grpc.StatusRuntimeException: UNAVAILABLE: io exception
2019-09-17 11:51:24,695 [grpc-default-executor-1] INFO  impl.FollowerInfo (FollowerInfo.java:lambda$new$0(51)) - 0efbdbeb-0caf-4be4-a340-f9adf92e227b@group-4033F378C501->768e87e1-01a1-4abe-adbb-724fc729cfde: nextIndex: updateUnconditionally 5 -> 4
2019-09-17 11:51:24,956 [ee155057-4acb-4f3f-9013-4bd3c5a101b6@group-B3F5A0A8BDBD-SegmentedRaftLogWorker] WARN  segmented.SegmentedRaftLogWorker (SegmentedRaftLogWorker.java:getFromFuture(90)) - Timeout 2/~
org.apache.ratis.protocol.TimeoutIOException: Timeout 10s: WriteLog:17: (t:2, i:17), STATEMACHINELOGENTRY, client-86CC74F3E005, cid=38-writeStateMachineData
	at org.apache.ratis.util.IOUtils.getFromFuture(IOUtils.java:87)
	at org.apache.ratis.server.raftlog.segmented.SegmentedRaftLogWorker$StateMachineDataPolicy.getFromFuture(SegmentedRaftLogWorker.java:87)
	at org.apache.ratis.server.raftlog.segmented.SegmentedRaftLogWorker$WriteLog.execute(SegmentedRaftLogWorker.java:477)
	at org.apache.ratis.server.raftlog.segmented.SegmentedRaftLogWorker.run(SegmentedRaftLogWorker.java:289)
	at java.lang.Thread.run(Thread.java:748)
Caused by: java.util.concurrent.TimeoutException
	at java.util.concurrent.CompletableFuture.timedGet(CompletableFuture.java:1771)
	at java.util.concurrent.CompletableFuture.get(CompletableFuture.java:1915)
	at org.apache.ratis.util.IOUtils.getFromFuture(IOUtils.java:79)
	... 4 more
2019-09-17 11:51:25,070 [533f21c9-6148-4926-981b-3030ea271196@group-B3F5A0A8BDBD-SegmentedRaftLogWorker] WARN  segmented.SegmentedRaftLogWorker (SegmentedRaftLogWorker.java:getFromFuture(90)) - Timeout 2/~
org.apache.ratis.protocol.TimeoutIOException: Timeout 10s: WriteLog:19: (t:2, i:19), STATEMACHINELOGENTRY, client-86CC74F3E005, cid=40-writeStateMachineData
	at org.apache.ratis.util.IOUtils.getFromFuture(IOUtils.java:87)
	at org.apache.ratis.server.raftlog.segmented.SegmentedRaftLogWorker$StateMachineDataPolicy.getFromFuture(SegmentedRaftLogWorker.java:87)
	at org.apache.ratis.server.raftlog.segmented.SegmentedRaftLogWorker$WriteLog.execute(SegmentedRaftLogWorker.java:477)
	at org.apache.ratis.server.raftlog.segmented.SegmentedRaftLogWorker.run(SegmentedRaftLogWorker.java:289)
	at java.lang.Thread.run(Thread.java:748)
Caused by: java.util.concurrent.TimeoutException
	at java.util.concurrent.CompletableFuture.timedGet(CompletableFuture.java:1771)
	at java.util.concurrent.CompletableFuture.get(CompletableFuture.java:1915)
	at org.apache.ratis.util.IOUtils.getFromFuture(IOUtils.java:79)
	... 4 more
2019-09-17 11:51:25,071 [90cc32e6-bdd6-4f93-abb1-bc520dd025bc@group-B3F5A0A8BDBD-SegmentedRaftLogWorker] WARN  segmented.SegmentedRaftLogWorker (SegmentedRaftLogWorker.java:getFromFuture(90)) - Timeout 2/~
org.apache.ratis.protocol.TimeoutIOException: Timeout 10s: WriteLog:19: (t:2, i:19), STATEMACHINELOGENTRY, client-86CC74F3E005, cid=40-writeStateMachineData
	at org.apache.ratis.util.IOUtils.getFromFuture(IOUtils.java:87)
	at org.apache.ratis.server.raftlog.segmented.SegmentedRaftLogWorker$StateMachineDataPolicy.getFromFuture(SegmentedRaftLogWorker.java:87)
	at org.apache.ratis.server.raftlog.segmented.SegmentedRaftLogWorker$WriteLog.execute(SegmentedRaftLogWorker.java:477)
	at org.apache.ratis.server.raftlog.segmented.SegmentedRaftLogWorker.run(SegmentedRaftLogWorker.java:289)
	at java.lang.Thread.run(Thread.java:748)
Caused by: java.util.concurrent.TimeoutException
	at java.util.concurrent.CompletableFuture.timedGet(CompletableFuture.java:1771)
	at java.util.concurrent.CompletableFuture.get(CompletableFuture.java:1915)
	at org.apache.ratis.util.IOUtils.getFromFuture(IOUtils.java:79)
	... 4 more
2019-09-17 11:51:25,114 [java.util.concurrent.ThreadPoolExecutor$Worker@3cd8d43b[State = -1, empty queue]] WARN  server.GrpcLogAppender (GrpcLogAppender.java:timeoutAppendRequest(200)) - ee155057-4acb-4f3f-9013-4bd3c5a101b6@group-B3F5A0A8BDBD->533f21c9-6148-4926-981b-3030ea271196-GrpcLogAppender: appendEntries Timeout, request=ee155057-4acb-4f3f-9013-4bd3c5a101b6->533f21c9-6148-4926-981b-3030ea271196#78-t2, previous=(t:2, i:20), leaderCommit=16, initializing? false, entries: <empty>
2019-09-17 11:51:25,114 [java.util.concurrent.ThreadPoolExecutor$Worker@5a9b47f8[State = -1, empty queue]] WARN  server.GrpcLogAppender (GrpcLogAppender.java:timeoutAppendRequest(200)) - ee155057-4acb-4f3f-9013-4bd3c5a101b6@group-B3F5A0A8BDBD->90cc32e6-bdd6-4f93-abb1-bc520dd025bc-GrpcLogAppender: appendEntries Timeout, request=ee155057-4acb-4f3f-9013-4bd3c5a101b6->90cc32e6-bdd6-4f93-abb1-bc520dd025bc#78-t2, previous=(t:2, i:20), leaderCommit=16, initializing? false, entries: <empty>
2019-09-17 11:51:25,191 [grpc-default-executor-3] WARN  server.GrpcLogAppender (LogUtils.java:warn(134)) - 0efbdbeb-0caf-4be4-a340-f9adf92e227b@group-4033F378C501->768e87e1-01a1-4abe-adbb-724fc729cfde-AppendLogResponseHandler: Failed appendEntries: org.apache.ratis.thirdparty.io.grpc.StatusRuntimeException: UNAVAILABLE: io exception
2019-09-17 11:51:25,194 [grpc-default-executor-3] INFO  impl.FollowerInfo (FollowerInfo.java:lambda$new$0(51)) - 0efbdbeb-0caf-4be4-a340-f9adf92e227b@group-4033F378C501->768e87e1-01a1-4abe-adbb-724fc729cfde: nextIndex: updateUnconditionally 4 -> 3
2019-09-17 11:51:25,207 [main] WARN  scm.XceiverClientRatis (XceiverClientRatis.java:watchForCommit(262)) - 3 way commit failed on pipeline Pipeline[ Id: 39788b26-8e4f-498d-9caf-4033f378c501, Nodes: 768e87e1-01a1-4abe-adbb-724fc729cfde{ip: 192.168.157.219, host: pr-hdds-2121-5jcdq-2838215776, networkLocation: /default-rack, certSerialId: null}0efbdbeb-0caf-4be4-a340-f9adf92e227b{ip: 192.168.157.219, host: pr-hdds-2121-5jcdq-2838215776, networkLocation: /default-rack, certSerialId: null}db5c95e9-dab2-4d3b-9775-2e3d4de03f2d{ip: 192.168.157.219, host: pr-hdds-2121-5jcdq-2838215776, networkLocation: /default-rack, certSerialId: null}, Type:RATIS, Factor:THREE, State:OPEN]
java.util.concurrent.TimeoutException
	at java.util.concurrent.CompletableFuture.timedGet(CompletableFuture.java:1771)
	at java.util.concurrent.CompletableFuture.get(CompletableFuture.java:1915)
	at org.apache.hadoop.hdds.scm.XceiverClientRatis.watchForCommit(XceiverClientRatis.java:259)
	at org.apache.hadoop.hdds.scm.storage.CommitWatcher.watchForCommit(CommitWatcher.java:194)
	at org.apache.hadoop.hdds.scm.storage.CommitWatcher.watchOnFirstIndex(CommitWatcher.java:135)
	at org.apache.hadoop.hdds.scm.storage.BlockOutputStream.watchForCommit(BlockOutputStream.java:347)
	at org.apache.hadoop.hdds.scm.storage.BlockOutputStream.handleFullBuffer(BlockOutputStream.java:324)
	at org.apache.hadoop.hdds.scm.storage.BlockOutputStream.write(BlockOutputStream.java:251)
	at org.apache.hadoop.ozone.client.io.BlockOutputStreamEntry.write(BlockOutputStreamEntry.java:129)
	at org.apache.hadoop.ozone.client.io.KeyOutputStream.handleWrite(KeyOutputStream.java:211)
	at org.apache.hadoop.ozone.client.io.KeyOutputStream.write(KeyOutputStream.java:193)
	at org.apache.hadoop.ozone.client.io.OzoneOutputStream.write(OzoneOutputStream.java:49)
	at java.io.OutputStream.write(OutputStream.java:75)
	at org.apache.hadoop.ozone.client.rpc.TestMultiBlockWritesWithDnFailures.testMultiBlockWritesWithIntermittentDnFailures(TestMultiBlockWritesWithDnFailures.java:192)
	at sun.reflect.NativeMethodAccessorImpl.invoke0(Native Method)
	at sun.reflect.NativeMethodAccessorImpl.invoke(NativeMethodAccessorImpl.java:62)
	at sun.reflect.DelegatingMethodAccessorImpl.invoke(DelegatingMethodAccessorImpl.java:43)
	at java.lang.reflect.Method.invoke(Method.java:498)
	at org.junit.runners.model.FrameworkMethod$1.runReflectiveCall(FrameworkMethod.java:47)
	at org.junit.internal.runners.model.ReflectiveCallable.run(ReflectiveCallable.java:12)
	at org.junit.runners.model.FrameworkMethod.invokeExplosively(FrameworkMethod.java:44)
	at org.junit.internal.runners.statements.InvokeMethod.evaluate(InvokeMethod.java:17)
	at org.junit.internal.runners.statements.RunAfters.evaluate(RunAfters.java:27)
	at org.junit.runners.ParentRunner.runLeaf(ParentRunner.java:271)
	at org.junit.runners.BlockJUnit4ClassRunner.runChild(BlockJUnit4ClassRunner.java:70)
	at org.junit.runners.BlockJUnit4ClassRunner.runChild(BlockJUnit4ClassRunner.java:50)
	at org.junit.runners.ParentRunner$3.run(ParentRunner.java:238)
	at org.junit.runners.ParentRunner$1.schedule(ParentRunner.java:63)
	at org.junit.runners.ParentRunner.runChildren(ParentRunner.java:236)
	at org.junit.runners.ParentRunner.access$000(ParentRunner.java:53)
	at org.junit.runners.ParentRunner$2.evaluate(ParentRunner.java:229)
	at org.junit.runners.ParentRunner.run(ParentRunner.java:309)
	at org.apache.maven.surefire.junit4.JUnit4Provider.execute(JUnit4Provider.java:365)
	at org.apache.maven.surefire.junit4.JUnit4Provider.executeWithRerun(JUnit4Provider.java:273)
	at org.apache.maven.surefire.junit4.JUnit4Provider.executeTestSet(JUnit4Provider.java:238)
	at org.apache.maven.surefire.junit4.JUnit4Provider.invoke(JUnit4Provider.java:159)
	at org.apache.maven.surefire.booter.ForkedBooter.invokeProviderInSameClassLoader(ForkedBooter.java:384)
	at org.apache.maven.surefire.booter.ForkedBooter.runSuitesInProcess(ForkedBooter.java:345)
	at org.apache.maven.surefire.booter.ForkedBooter.execute(ForkedBooter.java:126)
	at org.apache.maven.surefire.booter.ForkedBooter.main(ForkedBooter.java:418)
2019-09-17 11:51:25,213 [grpc-default-executor-3] INFO  client.GrpcClientProtocolClient (GrpcClientProtocolClient.java:onNext(264)) - client-517B9A8AF683->0efbdbeb-0caf-4be4-a340-f9adf92e227b: receive RaftClientReply:client-517B9A8AF683->0efbdbeb-0caf-4be4-a340-f9adf92e227b@group-4033F378C501, cid=56, SUCCESS, logIndex=0, commits[0efbdbeb-0caf-4be4-a340-f9adf92e227b:c24, 768e87e1-01a1-4abe-adbb-724fc729cfde:c16, db5c95e9-dab2-4d3b-9775-2e3d4de03f2d:c24]
2019-09-17 11:51:25,217 [main] INFO  scm.XceiverClientRatis (XceiverClientRatis.java:lambda$watchForCommit$7(280)) - Could not commit index 19 on pipeline Pipeline[ Id: 39788b26-8e4f-498d-9caf-4033f378c501, Nodes: 768e87e1-01a1-4abe-adbb-724fc729cfde{ip: 192.168.157.219, host: pr-hdds-2121-5jcdq-2838215776, networkLocation: /default-rack, certSerialId: null}0efbdbeb-0caf-4be4-a340-f9adf92e227b{ip: 192.168.157.219, host: pr-hdds-2121-5jcdq-2838215776, networkLocation: /default-rack, certSerialId: null}db5c95e9-dab2-4d3b-9775-2e3d4de03f2d{ip: 192.168.157.219, host: pr-hdds-2121-5jcdq-2838215776, networkLocation: /default-rack, certSerialId: null}, Type:RATIS, Factor:THREE, State:OPEN] to all the nodes. Server 768e87e1-01a1-4abe-adbb-724fc729cfde has failed. Committed by majority.
2019-09-17 11:51:25,219 [main] WARN  storage.BlockOutputStream (BlockOutputStream.java:watchForCommit(353)) - Failed to commit BlockId conID: 5 locID: 102807702842179588 bcsId: 22 on Pipeline[ Id: 39788b26-8e4f-498d-9caf-4033f378c501, Nodes: 768e87e1-01a1-4abe-adbb-724fc729cfde{ip: 192.168.157.219, host: pr-hdds-2121-5jcdq-2838215776, networkLocation: /default-rack, certSerialId: null}0efbdbeb-0caf-4be4-a340-f9adf92e227b{ip: 192.168.157.219, host: pr-hdds-2121-5jcdq-2838215776, networkLocation: /default-rack, certSerialId: null}db5c95e9-dab2-4d3b-9775-2e3d4de03f2d{ip: 192.168.157.219, host: pr-hdds-2121-5jcdq-2838215776, networkLocation: /default-rack, certSerialId: null}, Type:RATIS, Factor:THREE, State:OPEN]. Failed nodes: [768e87e1-01a1-4abe-adbb-724fc729cfde{ip: null, host: null, networkLocation: /default-rack, certSerialId: null}]
2019-09-17 11:51:25,236 [grpc-default-executor-0] WARN  server.GrpcLogAppender (LogUtils.java:warn(134)) - 0efbdbeb-0caf-4be4-a340-f9adf92e227b@group-4033F378C501->768e87e1-01a1-4abe-adbb-724fc729cfde-AppendLogResponseHandler: Failed appendEntries: org.apache.ratis.thirdparty.io.grpc.StatusRuntimeException: UNAVAILABLE: io exception
2019-09-17 11:51:25,242 [grpc-default-executor-0] INFO  impl.FollowerInfo (FollowerInfo.java:lambda$new$0(51)) - 0efbdbeb-0caf-4be4-a340-f9adf92e227b@group-4033F378C501->768e87e1-01a1-4abe-adbb-724fc729cfde: nextIndex: updateUnconditionally 4 -> 3
2019-09-17 11:51:25,267 [grpc-default-executor-3] WARN  server.GrpcLogAppender (LogUtils.java:warn(134)) - 0efbdbeb-0caf-4be4-a340-f9adf92e227b@group-4033F378C501->768e87e1-01a1-4abe-adbb-724fc729cfde-AppendLogResponseHandler: Failed appendEntries: org.apache.ratis.thirdparty.io.grpc.StatusRuntimeException: UNAVAILABLE: io exception
2019-09-17 11:51:25,270 [grpc-default-executor-1] INFO  client.GrpcClientProtocolClient (GrpcClientProtocolClient.java:onNext(264)) - client-517B9A8AF683->0efbdbeb-0caf-4be4-a340-f9adf92e227b: receive RaftClientReply:client-517B9A8AF683->0efbdbeb-0caf-4be4-a340-f9adf92e227b@group-4033F378C501, cid=57, SUCCESS, logIndex=25, commits[0efbdbeb-0caf-4be4-a340-f9adf92e227b:c26, 768e87e1-01a1-4abe-adbb-724fc729cfde:c16, db5c95e9-dab2-4d3b-9775-2e3d4de03f2d:c24]
2019-09-17 11:51:25,272 [grpc-default-executor-3] INFO  impl.FollowerInfo (FollowerInfo.java:lambda$new$0(51)) - 0efbdbeb-0caf-4be4-a340-f9adf92e227b@group-4033F378C501->768e87e1-01a1-4abe-adbb-724fc729cfde: nextIndex: updateUnconditionally 4 -> 3
2019-09-17 11:51:25,273 [grpc-default-executor-1] INFO  client.GrpcClientProtocolClient (GrpcClientProtocolClient.java:onNext(264)) - client-517B9A8AF683->0efbdbeb-0caf-4be4-a340-f9adf92e227b: receive RaftClientReply:client-517B9A8AF683->0efbdbeb-0caf-4be4-a340-f9adf92e227b@group-4033F378C501, cid=58, SUCCESS, logIndex=26, commits[0efbdbeb-0caf-4be4-a340-f9adf92e227b:c26, 768e87e1-01a1-4abe-adbb-724fc729cfde:c16, db5c95e9-dab2-4d3b-9775-2e3d4de03f2d:c24]
2019-09-17 11:51:25,276 [grpc-default-executor-0] WARN  server.GrpcLogAppender (LogUtils.java:warn(134)) - 0efbdbeb-0caf-4be4-a340-f9adf92e227b@group-4033F378C501->768e87e1-01a1-4abe-adbb-724fc729cfde-AppendLogResponseHandler: Failed appendEntries: org.apache.ratis.thirdparty.io.grpc.StatusRuntimeException: UNAVAILABLE: io exception
2019-09-17 11:51:25,278 [grpc-default-executor-0] INFO  impl.FollowerInfo (FollowerInfo.java:lambda$new$0(51)) - 0efbdbeb-0caf-4be4-a340-f9adf92e227b@group-4033F378C501->768e87e1-01a1-4abe-adbb-724fc729cfde: nextIndex: updateUnconditionally 4 -> 3
2019-09-17 11:51:25,615 [java.util.concurrent.ThreadPoolExecutor$Worker@5a9b47f8[State = -1, empty queue]] WARN  server.GrpcLogAppender (GrpcLogAppender.java:timeoutAppendRequest(200)) - ee155057-4acb-4f3f-9013-4bd3c5a101b6@group-B3F5A0A8BDBD->90cc32e6-bdd6-4f93-abb1-bc520dd025bc-GrpcLogAppender: appendEntries Timeout, request=ee155057-4acb-4f3f-9013-4bd3c5a101b6->90cc32e6-bdd6-4f93-abb1-bc520dd025bc#79-t2, previous=(t:2, i:20), leaderCommit=16, initializing? false, entries: <empty>
2019-09-17 11:51:25,615 [java.util.concurrent.ThreadPoolExecutor$Worker@3cd8d43b[State = -1, empty queue]] WARN  server.GrpcLogAppender (GrpcLogAppender.java:timeoutAppendRequest(200)) - ee155057-4acb-4f3f-9013-4bd3c5a101b6@group-B3F5A0A8BDBD->533f21c9-6148-4926-981b-3030ea271196-GrpcLogAppender: appendEntries Timeout, request=ee155057-4acb-4f3f-9013-4bd3c5a101b6->533f21c9-6148-4926-981b-3030ea271196#79-t2, previous=(t:2, i:20), leaderCommit=16, initializing? false, entries: <empty>
2019-09-17 11:51:25,778 [grpc-default-executor-3] WARN  server.GrpcLogAppender (LogUtils.java:warn(134)) - 0efbdbeb-0caf-4be4-a340-f9adf92e227b@group-4033F378C501->768e87e1-01a1-4abe-adbb-724fc729cfde-AppendLogResponseHandler: Failed appendEntries: org.apache.ratis.thirdparty.io.grpc.StatusRuntimeException: UNAVAILABLE: io exception
2019-09-17 11:51:25,781 [grpc-default-executor-3] INFO  impl.FollowerInfo (FollowerInfo.java:lambda$new$0(51)) - 0efbdbeb-0caf-4be4-a340-f9adf92e227b@group-4033F378C501->768e87e1-01a1-4abe-adbb-724fc729cfde: nextIndex: updateUnconditionally 3 -> 2
2019-09-17 11:51:26,083 [Datanode State Machine Thread - 0] INFO  statemachine.DatanodeStateMachine (DatanodeStateMachine.java:lambda$startDaemon$0(350)) - Ozone container server started.
2019-09-17 11:51:26,115 [java.util.concurrent.ThreadPoolExecutor$Worker@5a9b47f8[State = -1, empty queue]] WARN  server.GrpcLogAppender (GrpcLogAppender.java:timeoutAppendRequest(200)) - ee155057-4acb-4f3f-9013-4bd3c5a101b6@group-B3F5A0A8BDBD->90cc32e6-bdd6-4f93-abb1-bc520dd025bc-GrpcLogAppender: appendEntries Timeout, request=ee155057-4acb-4f3f-9013-4bd3c5a101b6->90cc32e6-bdd6-4f93-abb1-bc520dd025bc#80-t2, previous=(t:2, i:20), leaderCommit=16, initializing? false, entries: <empty>
2019-09-17 11:51:26,115 [java.util.concurrent.ThreadPoolExecutor$Worker@3cd8d43b[State = -1, empty queue]] WARN  server.GrpcLogAppender (GrpcLogAppender.java:timeoutAppendRequest(200)) - ee155057-4acb-4f3f-9013-4bd3c5a101b6@group-B3F5A0A8BDBD->533f21c9-6148-4926-981b-3030ea271196-GrpcLogAppender: appendEntries Timeout, request=ee155057-4acb-4f3f-9013-4bd3c5a101b6->533f21c9-6148-4926-981b-3030ea271196#80-t2, previous=(t:2, i:20), leaderCommit=16, initializing? false, entries: <empty>
2019-09-17 11:51:26,280 [grpc-default-executor-1] WARN  server.GrpcLogAppender (LogUtils.java:warn(134)) - 0efbdbeb-0caf-4be4-a340-f9adf92e227b@group-4033F378C501->768e87e1-01a1-4abe-adbb-724fc729cfde-AppendLogResponseHandler: Failed appendEntries: org.apache.ratis.thirdparty.io.grpc.StatusRuntimeException: UNAVAILABLE: io exception
2019-09-17 11:51:26,292 [grpc-default-executor-1] INFO  impl.FollowerInfo (FollowerInfo.java:lambda$new$0(51)) - 0efbdbeb-0caf-4be4-a340-f9adf92e227b@group-4033F378C501->768e87e1-01a1-4abe-adbb-724fc729cfde: nextIndex: updateUnconditionally 2 -> 1
2019-09-17 11:51:26,616 [java.util.concurrent.ThreadPoolExecutor$Worker@5a9b47f8[State = -1, empty queue]] WARN  server.GrpcLogAppender (GrpcLogAppender.java:timeoutAppendRequest(200)) - ee155057-4acb-4f3f-9013-4bd3c5a101b6@group-B3F5A0A8BDBD->90cc32e6-bdd6-4f93-abb1-bc520dd025bc-GrpcLogAppender: appendEntries Timeout, request=ee155057-4acb-4f3f-9013-4bd3c5a101b6->90cc32e6-bdd6-4f93-abb1-bc520dd025bc#81-t2, previous=(t:2, i:20), leaderCommit=16, initializing? false, entries: <empty>
2019-09-17 11:51:26,616 [java.util.concurrent.ThreadPoolExecutor$Worker@3cd8d43b[State = -1, empty queue]] WARN  server.GrpcLogAppender (GrpcLogAppender.java:timeoutAppendRequest(200)) - ee155057-4acb-4f3f-9013-4bd3c5a101b6@group-B3F5A0A8BDBD->533f21c9-6148-4926-981b-3030ea271196-GrpcLogAppender: appendEntries Timeout, request=ee155057-4acb-4f3f-9013-4bd3c5a101b6->533f21c9-6148-4926-981b-3030ea271196#81-t2, previous=(t:2, i:20), leaderCommit=16, initializing? false, entries: <empty>
2019-09-17 11:51:26,780 [grpc-default-executor-1] WARN  server.GrpcLogAppender (LogUtils.java:warn(134)) - 0efbdbeb-0caf-4be4-a340-f9adf92e227b@group-4033F378C501->768e87e1-01a1-4abe-adbb-724fc729cfde-AppendLogResponseHandler: Failed appendEntries: org.apache.ratis.thirdparty.io.grpc.StatusRuntimeException: UNAVAILABLE: io exception
2019-09-17 11:51:26,780 [grpc-default-executor-1] INFO  impl.FollowerInfo (FollowerInfo.java:lambda$new$0(51)) - 0efbdbeb-0caf-4be4-a340-f9adf92e227b@group-4033F378C501->768e87e1-01a1-4abe-adbb-724fc729cfde: nextIndex: updateUnconditionally 1 -> 0
2019-09-17 11:51:27,116 [java.util.concurrent.ThreadPoolExecutor$Worker@5a9b47f8[State = -1, empty queue]] WARN  server.GrpcLogAppender (GrpcLogAppender.java:timeoutAppendRequest(200)) - ee155057-4acb-4f3f-9013-4bd3c5a101b6@group-B3F5A0A8BDBD->90cc32e6-bdd6-4f93-abb1-bc520dd025bc-GrpcLogAppender: appendEntries Timeout, request=ee155057-4acb-4f3f-9013-4bd3c5a101b6->90cc32e6-bdd6-4f93-abb1-bc520dd025bc#82-t2, previous=(t:2, i:20), leaderCommit=16, initializing? false, entries: <empty>
2019-09-17 11:51:27,116 [java.util.concurrent.ThreadPoolExecutor$Worker@3cd8d43b[State = -1, empty queue]] WARN  server.GrpcLogAppender (GrpcLogAppender.java:timeoutAppendRequest(200)) - ee155057-4acb-4f3f-9013-4bd3c5a101b6@group-B3F5A0A8BDBD->533f21c9-6148-4926-981b-3030ea271196-GrpcLogAppender: appendEntries Timeout, request=ee155057-4acb-4f3f-9013-4bd3c5a101b6->533f21c9-6148-4926-981b-3030ea271196#82-t2, previous=(t:2, i:20), leaderCommit=16, initializing? false, entries: <empty>
2019-09-17 11:51:27,280 [grpc-default-executor-3] WARN  server.GrpcLogAppender (LogUtils.java:warn(134)) - 0efbdbeb-0caf-4be4-a340-f9adf92e227b@group-4033F378C501->768e87e1-01a1-4abe-adbb-724fc729cfde-AppendLogResponseHandler: Failed appendEntries: org.apache.ratis.thirdparty.io.grpc.StatusRuntimeException: UNAVAILABLE: io exception
2019-09-17 11:51:27,281 [grpc-default-executor-3] INFO  impl.FollowerInfo (FollowerInfo.java:lambda$new$0(51)) - 0efbdbeb-0caf-4be4-a340-f9adf92e227b@group-4033F378C501->768e87e1-01a1-4abe-adbb-724fc729cfde: nextIndex: updateUnconditionally 0 -> 0
2019-09-17 11:51:27,617 [java.util.concurrent.ThreadPoolExecutor$Worker@3cd8d43b[State = -1, empty queue]] WARN  server.GrpcLogAppender (GrpcLogAppender.java:timeoutAppendRequest(200)) - ee155057-4acb-4f3f-9013-4bd3c5a101b6@group-B3F5A0A8BDBD->533f21c9-6148-4926-981b-3030ea271196-GrpcLogAppender: appendEntries Timeout, request=ee155057-4acb-4f3f-9013-4bd3c5a101b6->533f21c9-6148-4926-981b-3030ea271196#83-t2, previous=(t:2, i:20), leaderCommit=16, initializing? false, entries: <empty>
2019-09-17 11:51:27,617 [java.util.concurrent.ThreadPoolExecutor$Worker@5a9b47f8[State = -1, empty queue]] WARN  server.GrpcLogAppender (GrpcLogAppender.java:timeoutAppendRequest(200)) - ee155057-4acb-4f3f-9013-4bd3c5a101b6@group-B3F5A0A8BDBD->90cc32e6-bdd6-4f93-abb1-bc520dd025bc-GrpcLogAppender: appendEntries Timeout, request=ee155057-4acb-4f3f-9013-4bd3c5a101b6->90cc32e6-bdd6-4f93-abb1-bc520dd025bc#83-t2, previous=(t:2, i:20), leaderCommit=16, initializing? false, entries: <empty>
2019-09-17 11:51:27,783 [grpc-default-executor-1] WARN  server.GrpcLogAppender (LogUtils.java:warn(134)) - 0efbdbeb-0caf-4be4-a340-f9adf92e227b@group-4033F378C501->768e87e1-01a1-4abe-adbb-724fc729cfde-AppendLogResponseHandler: Failed appendEntries: org.apache.ratis.thirdparty.io.grpc.StatusRuntimeException: UNAVAILABLE: io exception
2019-09-17 11:51:27,783 [grpc-default-executor-1] INFO  impl.FollowerInfo (FollowerInfo.java:lambda$new$0(51)) - 0efbdbeb-0caf-4be4-a340-f9adf92e227b@group-4033F378C501->768e87e1-01a1-4abe-adbb-724fc729cfde: nextIndex: updateUnconditionally 0 -> 0
2019-09-17 11:51:28,117 [java.util.concurrent.ThreadPoolExecutor$Worker@5a9b47f8[State = -1, empty queue]] WARN  server.GrpcLogAppender (GrpcLogAppender.java:timeoutAppendRequest(200)) - ee155057-4acb-4f3f-9013-4bd3c5a101b6@group-B3F5A0A8BDBD->90cc32e6-bdd6-4f93-abb1-bc520dd025bc-GrpcLogAppender: appendEntries Timeout, request=ee155057-4acb-4f3f-9013-4bd3c5a101b6->90cc32e6-bdd6-4f93-abb1-bc520dd025bc#84-t2, previous=(t:2, i:20), leaderCommit=16, initializing? false, entries: <empty>
2019-09-17 11:51:28,117 [java.util.concurrent.ThreadPoolExecutor$Worker@3cd8d43b[State = -1, empty queue]] WARN  server.GrpcLogAppender (GrpcLogAppender.java:timeoutAppendRequest(200)) - ee155057-4acb-4f3f-9013-4bd3c5a101b6@group-B3F5A0A8BDBD->533f21c9-6148-4926-981b-3030ea271196-GrpcLogAppender: appendEntries Timeout, request=ee155057-4acb-4f3f-9013-4bd3c5a101b6->533f21c9-6148-4926-981b-3030ea271196#84-t2, previous=(t:2, i:20), leaderCommit=16, initializing? false, entries: <empty>
2019-09-17 11:51:28,283 [grpc-default-executor-3] WARN  server.GrpcLogAppender (LogUtils.java:warn(134)) - 0efbdbeb-0caf-4be4-a340-f9adf92e227b@group-4033F378C501->768e87e1-01a1-4abe-adbb-724fc729cfde-AppendLogResponseHandler: Failed appendEntries: org.apache.ratis.thirdparty.io.grpc.StatusRuntimeException: UNAVAILABLE: io exception
2019-09-17 11:51:28,284 [grpc-default-executor-3] INFO  impl.FollowerInfo (FollowerInfo.java:lambda$new$0(51)) - 0efbdbeb-0caf-4be4-a340-f9adf92e227b@group-4033F378C501->768e87e1-01a1-4abe-adbb-724fc729cfde: nextIndex: updateUnconditionally 0 -> 0
2019-09-17 11:51:28,617 [java.util.concurrent.ThreadPoolExecutor$Worker@5a9b47f8[State = -1, empty queue]] WARN  server.GrpcLogAppender (GrpcLogAppender.java:timeoutAppendRequest(200)) - ee155057-4acb-4f3f-9013-4bd3c5a101b6@group-B3F5A0A8BDBD->90cc32e6-bdd6-4f93-abb1-bc520dd025bc-GrpcLogAppender: appendEntries Timeout, request=ee155057-4acb-4f3f-9013-4bd3c5a101b6->90cc32e6-bdd6-4f93-abb1-bc520dd025bc#85-t2, previous=(t:2, i:20), leaderCommit=16, initializing? false, entries: <empty>
2019-09-17 11:51:28,617 [java.util.concurrent.ThreadPoolExecutor$Worker@3cd8d43b[State = -1, empty queue]] WARN  server.GrpcLogAppender (GrpcLogAppender.java:timeoutAppendRequest(200)) - ee155057-4acb-4f3f-9013-4bd3c5a101b6@group-B3F5A0A8BDBD->533f21c9-6148-4926-981b-3030ea271196-GrpcLogAppender: appendEntries Timeout, request=ee155057-4acb-4f3f-9013-4bd3c5a101b6->533f21c9-6148-4926-981b-3030ea271196#85-t2, previous=(t:2, i:20), leaderCommit=16, initializing? false, entries: <empty>
2019-09-17 11:51:28,785 [grpc-default-executor-1] WARN  server.GrpcLogAppender (LogUtils.java:warn(134)) - 0efbdbeb-0caf-4be4-a340-f9adf92e227b@group-4033F378C501->768e87e1-01a1-4abe-adbb-724fc729cfde-AppendLogResponseHandler: Failed appendEntries: org.apache.ratis.thirdparty.io.grpc.StatusRuntimeException: UNAVAILABLE: io exception
2019-09-17 11:51:28,786 [grpc-default-executor-1] INFO  impl.FollowerInfo (FollowerInfo.java:lambda$new$0(51)) - 0efbdbeb-0caf-4be4-a340-f9adf92e227b@group-4033F378C501->768e87e1-01a1-4abe-adbb-724fc729cfde: nextIndex: updateUnconditionally 0 -> 0
2019-09-17 11:51:29,117 [java.util.concurrent.ThreadPoolExecutor$Worker@5a9b47f8[State = -1, empty queue]] WARN  server.GrpcLogAppender (GrpcLogAppender.java:timeoutAppendRequest(200)) - ee155057-4acb-4f3f-9013-4bd3c5a101b6@group-B3F5A0A8BDBD->90cc32e6-bdd6-4f93-abb1-bc520dd025bc-GrpcLogAppender: appendEntries Timeout, request=ee155057-4acb-4f3f-9013-4bd3c5a101b6->90cc32e6-bdd6-4f93-abb1-bc520dd025bc#86-t2, previous=(t:2, i:20), leaderCommit=16, initializing? false, entries: <empty>
2019-09-17 11:51:29,117 [java.util.concurrent.ThreadPoolExecutor$Worker@3cd8d43b[State = -1, empty queue]] WARN  server.GrpcLogAppender (GrpcLogAppender.java:timeoutAppendRequest(200)) - ee155057-4acb-4f3f-9013-4bd3c5a101b6@group-B3F5A0A8BDBD->533f21c9-6148-4926-981b-3030ea271196-GrpcLogAppender: appendEntries Timeout, request=ee155057-4acb-4f3f-9013-4bd3c5a101b6->533f21c9-6148-4926-981b-3030ea271196#86-t2, previous=(t:2, i:20), leaderCommit=16, initializing? false, entries: <empty>
2019-09-17 11:51:29,286 [grpc-default-executor-0] WARN  server.GrpcLogAppender (LogUtils.java:warn(134)) - 0efbdbeb-0caf-4be4-a340-f9adf92e227b@group-4033F378C501->768e87e1-01a1-4abe-adbb-724fc729cfde-AppendLogResponseHandler: Failed appendEntries: org.apache.ratis.thirdparty.io.grpc.StatusRuntimeException: UNAVAILABLE: io exception
2019-09-17 11:51:29,286 [grpc-default-executor-0] INFO  impl.FollowerInfo (FollowerInfo.java:lambda$new$0(51)) - 0efbdbeb-0caf-4be4-a340-f9adf92e227b@group-4033F378C501->768e87e1-01a1-4abe-adbb-724fc729cfde: nextIndex: updateUnconditionally 0 -> 0
2019-09-17 11:51:29,618 [java.util.concurrent.ThreadPoolExecutor$Worker@5a9b47f8[State = -1, empty queue]] WARN  server.GrpcLogAppender (GrpcLogAppender.java:timeoutAppendRequest(200)) - ee155057-4acb-4f3f-9013-4bd3c5a101b6@group-B3F5A0A8BDBD->90cc32e6-bdd6-4f93-abb1-bc520dd025bc-GrpcLogAppender: appendEntries Timeout, request=ee155057-4acb-4f3f-9013-4bd3c5a101b6->90cc32e6-bdd6-4f93-abb1-bc520dd025bc#87-t2, previous=(t:2, i:20), leaderCommit=16, initializing? false, entries: <empty>
2019-09-17 11:51:29,618 [java.util.concurrent.ThreadPoolExecutor$Worker@3cd8d43b[State = -1, empty queue]] WARN  server.GrpcLogAppender (GrpcLogAppender.java:timeoutAppendRequest(200)) - ee155057-4acb-4f3f-9013-4bd3c5a101b6@group-B3F5A0A8BDBD->533f21c9-6148-4926-981b-3030ea271196-GrpcLogAppender: appendEntries Timeout, request=ee155057-4acb-4f3f-9013-4bd3c5a101b6->533f21c9-6148-4926-981b-3030ea271196#87-t2, previous=(t:2, i:20), leaderCommit=16, initializing? false, entries: <empty>
2019-09-17 11:51:29,787 [grpc-default-executor-3] WARN  server.GrpcLogAppender (LogUtils.java:warn(134)) - 0efbdbeb-0caf-4be4-a340-f9adf92e227b@group-4033F378C501->768e87e1-01a1-4abe-adbb-724fc729cfde-AppendLogResponseHandler: Failed appendEntries: org.apache.ratis.thirdparty.io.grpc.StatusRuntimeException: UNAVAILABLE: io exception
2019-09-17 11:51:29,787 [grpc-default-executor-3] INFO  impl.FollowerInfo (FollowerInfo.java:lambda$new$0(51)) - 0efbdbeb-0caf-4be4-a340-f9adf92e227b@group-4033F378C501->768e87e1-01a1-4abe-adbb-724fc729cfde: nextIndex: updateUnconditionally 0 -> 0
2019-09-17 11:51:30,118 [java.util.concurrent.ThreadPoolExecutor$Worker@5a9b47f8[State = -1, empty queue]] WARN  server.GrpcLogAppender (GrpcLogAppender.java:timeoutAppendRequest(200)) - ee155057-4acb-4f3f-9013-4bd3c5a101b6@group-B3F5A0A8BDBD->90cc32e6-bdd6-4f93-abb1-bc520dd025bc-GrpcLogAppender: appendEntries Timeout, request=ee155057-4acb-4f3f-9013-4bd3c5a101b6->90cc32e6-bdd6-4f93-abb1-bc520dd025bc#88-t2, previous=(t:2, i:20), leaderCommit=16, initializing? false, entries: <empty>
2019-09-17 11:51:30,118 [java.util.concurrent.ThreadPoolExecutor$Worker@3cd8d43b[State = -1, empty queue]] WARN  server.GrpcLogAppender (GrpcLogAppender.java:timeoutAppendRequest(200)) - ee155057-4acb-4f3f-9013-4bd3c5a101b6@group-B3F5A0A8BDBD->533f21c9-6148-4926-981b-3030ea271196-GrpcLogAppender: appendEntries Timeout, request=ee155057-4acb-4f3f-9013-4bd3c5a101b6->533f21c9-6148-4926-981b-3030ea271196#88-t2, previous=(t:2, i:20), leaderCommit=16, initializing? false, entries: <empty>
2019-09-17 11:51:30,274 [main] INFO  ozoneimpl.OzoneContainer (OzoneContainer.java:stop(231)) - Attempting to stop container services.
2019-09-17 11:51:30,275 [main] INFO  impl.RaftServerProxy (RaftServerProxy.java:lambda$close$4(314)) - 0efbdbeb-0caf-4be4-a340-f9adf92e227b: close
2019-09-17 11:51:30,276 [main] INFO  impl.RaftServerImpl (RaftServerImpl.java:lambda$shutdown$3(251)) - 0efbdbeb-0caf-4be4-a340-f9adf92e227b@group-3D766A1D961A: shutdown
2019-09-17 11:51:30,276 [ForkJoinPool.commonPool-worker-0] INFO  impl.RaftServerImpl (RaftServerImpl.java:lambda$shutdown$3(251)) - 0efbdbeb-0caf-4be4-a340-f9adf92e227b@group-4033F378C501: shutdown
2019-09-17 11:51:30,277 [main] INFO  util.JmxRegister (JmxRegister.java:unregister(73)) - Successfully un-registered JMX Bean with object name Ratis:service=RaftServer,group=group-3D766A1D961A,id=0efbdbeb-0caf-4be4-a340-f9adf92e227b
2019-09-17 11:51:30,277 [ForkJoinPool.commonPool-worker-0] INFO  util.JmxRegister (JmxRegister.java:unregister(73)) - Successfully un-registered JMX Bean with object name Ratis:service=RaftServer,group=group-4033F378C501,id=0efbdbeb-0caf-4be4-a340-f9adf92e227b
2019-09-17 11:51:30,277 [main] INFO  impl.RoleInfo (RoleInfo.java:shutdownLeaderState(104)) - 0efbdbeb-0caf-4be4-a340-f9adf92e227b: shutdown LeaderState
2019-09-17 11:51:30,278 [ForkJoinPool.commonPool-worker-0] INFO  impl.RoleInfo (RoleInfo.java:shutdownLeaderState(104)) - 0efbdbeb-0caf-4be4-a340-f9adf92e227b: shutdown LeaderState
2019-09-17 11:51:30,278 [main] INFO  impl.PendingRequests (PendingRequests.java:sendNotLeaderResponses(202)) - 0efbdbeb-0caf-4be4-a340-f9adf92e227b-PendingRequests: sendNotLeaderResponses
2019-09-17 11:51:30,284 [org.apache.ratis.server.impl.LogAppender$AppenderDaemon$$Lambda$415/826362286@42c13c0f] WARN  server.GrpcLogAppender (GrpcLogAppender.java:mayWait(143)) - 0efbdbeb-0caf-4be4-a340-f9adf92e227b@group-4033F378C501->768e87e1-01a1-4abe-adbb-724fc729cfde-GrpcLogAppender: Wait interrupted by java.lang.InterruptedException
2019-09-17 11:51:30,284 [org.apache.ratis.server.impl.LogAppender$AppenderDaemon$$Lambda$415/826362286@3fcf3135] WARN  server.GrpcLogAppender (GrpcLogAppender.java:mayWait(143)) - 0efbdbeb-0caf-4be4-a340-f9adf92e227b@group-4033F378C501->db5c95e9-dab2-4d3b-9775-2e3d4de03f2d-GrpcLogAppender: Wait interrupted by java.lang.InterruptedException
2019-09-17 11:51:30,282 [ForkJoinPool.commonPool-worker-0] INFO  impl.PendingRequests (PendingRequests.java:sendNotLeaderResponses(202)) - 0efbdbeb-0caf-4be4-a340-f9adf92e227b-PendingRequests: sendNotLeaderResponses
2019-09-17 11:51:30,284 [main] INFO  impl.StateMachineUpdater (StateMachineUpdater.java:stopAndJoin(125)) - 0efbdbeb-0caf-4be4-a340-f9adf92e227b@group-3D766A1D961A-StateMachineUpdater: set stopIndex = 0
2019-09-17 11:51:30,288 [main] INFO  impl.RaftServerImpl (ServerState.java:close(385)) - 0efbdbeb-0caf-4be4-a340-f9adf92e227b@group-3D766A1D961A: closes. applyIndex: 0
2019-09-17 11:51:30,292 [0efbdbeb-0caf-4be4-a340-f9adf92e227b@group-3D766A1D961A-SegmentedRaftLogWorker] INFO  segmented.SegmentedRaftLogWorker (SegmentedRaftLogWorker.java:run(313)) - 0efbdbeb-0caf-4be4-a340-f9adf92e227b@group-3D766A1D961A-SegmentedRaftLogWorker was interrupted, exiting. There are 0 tasks remaining in the queue.
2019-09-17 11:51:30,293 [ForkJoinPool.commonPool-worker-0] INFO  impl.StateMachineUpdater (StateMachineUpdater.java:stopAndJoin(125)) - 0efbdbeb-0caf-4be4-a340-f9adf92e227b@group-4033F378C501-StateMachineUpdater: set stopIndex = 28
2019-09-17 11:51:30,296 [0efbdbeb-0caf-4be4-a340-f9adf92e227b@group-4033F378C501-StateMachineUpdater] INFO  ratis.ContainerStateMachine (ContainerStateMachine.java:takeSnapshot(289)) - group-4033F378C501: Taking a snapshot at:(t:1, i:26) file /tmp/workdir/hadoop-ozone/integration-test/target/test-dir/MiniOzoneClusterImpl-aba007c7-aff0-48a6-9a1c-5b8514ff46fc/datanode-7/data/ratis/39788b26-8e4f-498d-9caf-4033f378c501/sm/snapshot.1_26
2019-09-17 11:51:30,296 [grpc-default-executor-3] INFO  server.GrpcServerProtocolService (GrpcServerProtocolService.java:onCompleted(113)) - db5c95e9-dab2-4d3b-9775-2e3d4de03f2d: Completed APPEND_ENTRIES, lastRequest: 0efbdbeb-0caf-4be4-a340-f9adf92e227b->db5c95e9-dab2-4d3b-9775-2e3d4de03f2d#102-t1, previous=(t:1, i:28), leaderCommit=28, initializing? false, entries: <empty>
2019-09-17 11:51:30,296 [main] INFO  segmented.SegmentedRaftLogWorker (SegmentedRaftLogWorker.java:close(228)) - 0efbdbeb-0caf-4be4-a340-f9adf92e227b@group-3D766A1D961A-SegmentedRaftLogWorker close()
2019-09-17 11:51:30,293 [Thread-1028] INFO  client.GrpcClientProtocolService (GrpcClientProtocolService.java:lambda$processClientRequest$0(278)) - Failed RaftClientRequest:client-517B9A8AF683->0efbdbeb-0caf-4be4-a340-f9adf92e227b@group-4033F378C501, cid=55, seq=0, Watch-ALL_COMMITTED(19), Message:<EMPTY>, reply=RaftClientReply:client-517B9A8AF683->0efbdbeb-0caf-4be4-a340-f9adf92e227b@group-4033F378C501, cid=55, FAILED org.apache.ratis.protocol.NotLeaderException: Server 0efbdbeb-0caf-4be4-a340-f9adf92e227b@group-4033F378C501 is not the leader, logIndex=0, commits[0efbdbeb-0caf-4be4-a340-f9adf92e227b:c28]
2019-09-17 11:51:30,293 [Thread-1029] INFO  client.GrpcClientProtocolService (GrpcClientProtocolService.java:lambda$processClientRequest$0(278)) - Failed RaftClientRequest:client-517B9A8AF683->0efbdbeb-0caf-4be4-a340-f9adf92e227b@group-4033F378C501, cid=55, seq=0, Watch-ALL_COMMITTED(19), Message:<EMPTY>, reply=RaftClientReply:client-517B9A8AF683->0efbdbeb-0caf-4be4-a340-f9adf92e227b@group-4033F378C501, cid=55, FAILED org.apache.ratis.protocol.NotLeaderException: Server 0efbdbeb-0caf-4be4-a340-f9adf92e227b@group-4033F378C501 is not the leader, logIndex=0, commits[0efbdbeb-0caf-4be4-a340-f9adf92e227b:c28]
2019-09-17 11:51:30,293 [Thread-1030] INFO  client.GrpcClientProtocolService (GrpcClientProtocolService.java:lambda$processClientRequest$0(278)) - Failed RaftClientRequest:client-517B9A8AF683->0efbdbeb-0caf-4be4-a340-f9adf92e227b@group-4033F378C501, cid=55, seq=0, Watch-ALL_COMMITTED(19), Message:<EMPTY>, reply=RaftClientReply:client-517B9A8AF683->0efbdbeb-0caf-4be4-a340-f9adf92e227b@group-4033F378C501, cid=55, FAILED org.apache.ratis.protocol.NotLeaderException: Server 0efbdbeb-0caf-4be4-a340-f9adf92e227b@group-4033F378C501 is not the leader, logIndex=0, commits[0efbdbeb-0caf-4be4-a340-f9adf92e227b:c28]
2019-09-17 11:51:30,302 [grpc-default-executor-3] INFO  server.GrpcLogAppender (GrpcLogAppender.java:onCompleted(293)) - 0efbdbeb-0caf-4be4-a340-f9adf92e227b@group-4033F378C501->db5c95e9-dab2-4d3b-9775-2e3d4de03f2d-AppendLogResponseHandler: follower responses appendEntries COMPLETED
2019-09-17 11:51:30,306 [grpc-default-executor-3] INFO  impl.FollowerInfo (FollowerInfo.java:lambda$new$0(51)) - 0efbdbeb-0caf-4be4-a340-f9adf92e227b@group-4033F378C501->db5c95e9-dab2-4d3b-9775-2e3d4de03f2d: nextIndex: updateUnconditionally 29 -> 28
2019-09-17 11:51:30,307 [grpc-default-executor-3] INFO  client.GrpcClientProtocolClient (GrpcClientProtocolClient.java:onNext(264)) - client-517B9A8AF683->0efbdbeb-0caf-4be4-a340-f9adf92e227b: receive RaftClientReply:client-517B9A8AF683->0efbdbeb-0caf-4be4-a340-f9adf92e227b@group-4033F378C501, cid=55, FAILED org.apache.ratis.protocol.NotLeaderException: Server 0efbdbeb-0caf-4be4-a340-f9adf92e227b@group-4033F378C501 is not the leader, logIndex=0, commits[0efbdbeb-0caf-4be4-a340-f9adf92e227b:c28]
2019-09-17 11:51:30,308 [grpc-default-executor-3] INFO  client.GrpcClientProtocolClient (GrpcClientProtocolClient.java:onNext(264)) - client-517B9A8AF683->0efbdbeb-0caf-4be4-a340-f9adf92e227b: receive RaftClientReply:client-517B9A8AF683->0efbdbeb-0caf-4be4-a340-f9adf92e227b@group-4033F378C501, cid=55, FAILED org.apache.ratis.protocol.NotLeaderException: Server 0efbdbeb-0caf-4be4-a340-f9adf92e227b@group-4033F378C501 is not the leader, logIndex=0, commits[0efbdbeb-0caf-4be4-a340-f9adf92e227b:c28]
2019-09-17 11:51:30,308 [grpc-default-executor-3] INFO  client.GrpcClientProtocolClient (GrpcClientProtocolClient.java:onNext(264)) - client-517B9A8AF683->0efbdbeb-0caf-4be4-a340-f9adf92e227b: receive RaftClientReply:client-517B9A8AF683->0efbdbeb-0caf-4be4-a340-f9adf92e227b@group-4033F378C501, cid=55, FAILED org.apache.ratis.protocol.NotLeaderException: Server 0efbdbeb-0caf-4be4-a340-f9adf92e227b@group-4033F378C501 is not the leader, logIndex=0, commits[0efbdbeb-0caf-4be4-a340-f9adf92e227b:c28]
2019-09-17 11:51:30,311 [0efbdbeb-0caf-4be4-a340-f9adf92e227b@group-4033F378C501-StateMachineUpdater] INFO  ratis.ContainerStateMachine (ContainerStateMachine.java:takeSnapshot(300)) - group-4033F378C501: Finished taking a snapshot at:(t:1, i:26) file:/tmp/workdir/hadoop-ozone/integration-test/target/test-dir/MiniOzoneClusterImpl-aba007c7-aff0-48a6-9a1c-5b8514ff46fc/datanode-7/data/ratis/39788b26-8e4f-498d-9caf-4033f378c501/sm/snapshot.1_26 time:16
2019-09-17 11:51:30,312 [0efbdbeb-0caf-4be4-a340-f9adf92e227b@group-4033F378C501-StateMachineUpdater] INFO  impl.StateMachineUpdater (StateMachineUpdater.java:takeSnapshot(258)) - 0efbdbeb-0caf-4be4-a340-f9adf92e227b@group-4033F378C501-StateMachineUpdater: Took a snapshot at index 26
2019-09-17 11:51:30,312 [0efbdbeb-0caf-4be4-a340-f9adf92e227b@group-4033F378C501-StateMachineUpdater] INFO  impl.StateMachineUpdater (StateMachineUpdater.java:lambda$new$0(83)) - 0efbdbeb-0caf-4be4-a340-f9adf92e227b@group-4033F378C501-StateMachineUpdater: snapshotIndex: updateIncreasingly -1 -> 26
2019-09-17 11:51:30,313 [0efbdbeb-0caf-4be4-a340-f9adf92e227b@group-4033F378C501-StateMachineUpdater] INFO  ratis.ContainerStateMachine (ContainerStateMachine.java:takeSnapshot(289)) - group-4033F378C501: Taking a snapshot at:(t:1, i:26) file /tmp/workdir/hadoop-ozone/integration-test/target/test-dir/MiniOzoneClusterImpl-aba007c7-aff0-48a6-9a1c-5b8514ff46fc/datanode-7/data/ratis/39788b26-8e4f-498d-9caf-4033f378c501/sm/snapshot.1_26
2019-09-17 11:51:30,325 [0efbdbeb-0caf-4be4-a340-f9adf92e227b@group-4033F378C501-StateMachineUpdater] INFO  ratis.ContainerStateMachine (ContainerStateMachine.java:takeSnapshot(300)) - group-4033F378C501: Finished taking a snapshot at:(t:1, i:26) file:/tmp/workdir/hadoop-ozone/integration-test/target/test-dir/MiniOzoneClusterImpl-aba007c7-aff0-48a6-9a1c-5b8514ff46fc/datanode-7/data/ratis/39788b26-8e4f-498d-9caf-4033f378c501/sm/snapshot.1_26 time:13
2019-09-17 11:51:30,325 [0efbdbeb-0caf-4be4-a340-f9adf92e227b@group-4033F378C501-StateMachineUpdater] INFO  impl.StateMachineUpdater (StateMachineUpdater.java:takeSnapshot(258)) - 0efbdbeb-0caf-4be4-a340-f9adf92e227b@group-4033F378C501-StateMachineUpdater: Took a snapshot at index 26
2019-09-17 11:51:30,325 [0efbdbeb-0caf-4be4-a340-f9adf92e227b@group-4033F378C501-StateMachineUpdater] INFO  impl.StateMachineUpdater (StateMachineUpdater.java:lambda$new$0(83)) - 0efbdbeb-0caf-4be4-a340-f9adf92e227b@group-4033F378C501-StateMachineUpdater: snapshotIndex: updateIncreasingly 26 -> 26
2019-09-17 11:51:30,326 [ForkJoinPool.commonPool-worker-0] INFO  impl.RaftServerImpl (ServerState.java:close(385)) - 0efbdbeb-0caf-4be4-a340-f9adf92e227b@group-4033F378C501: closes. applyIndex: 28
2019-09-17 11:51:30,326 [0efbdbeb-0caf-4be4-a340-f9adf92e227b@group-4033F378C501-SegmentedRaftLogWorker] INFO  segmented.SegmentedRaftLogWorker (SegmentedRaftLogWorker.java:run(313)) - 0efbdbeb-0caf-4be4-a340-f9adf92e227b@group-4033F378C501-SegmentedRaftLogWorker was interrupted, exiting. There are 0 tasks remaining in the queue.
2019-09-17 11:51:30,329 [ForkJoinPool.commonPool-worker-0] INFO  segmented.SegmentedRaftLogWorker (SegmentedRaftLogWorker.java:close(228)) - 0efbdbeb-0caf-4be4-a340-f9adf92e227b@group-4033F378C501-SegmentedRaftLogWorker close()
2019-09-17 11:51:30,332 [main] INFO  server.GrpcService (GrpcService.java:closeImpl(164)) - 0efbdbeb-0caf-4be4-a340-f9adf92e227b: shutdown server with port 42903 now
2019-09-17 11:51:30,332 [main] INFO  server.GrpcService (GrpcService.java:closeImpl(172)) - 0efbdbeb-0caf-4be4-a340-f9adf92e227b: shutdown server with port 42903 successfully
2019-09-17 11:51:30,334 [refreshUsed-/tmp/workdir/hadoop-ozone/integration-test/target/test-dir/MiniOzoneClusterImpl-aba007c7-aff0-48a6-9a1c-5b8514ff46fc/datanode-7/data/containers] WARN  fs.CachingGetSpaceUsed (CachingGetSpaceUsed.java:run(183)) - Thread Interrupted waiting to refresh disk information: sleep interrupted
2019-09-17 11:51:30,351 [main] INFO  utils.BackgroundService (BackgroundService.java:shutdown(148)) - Shutting down service BlockDeletingService
2019-09-17 11:51:30,357 [main] INFO  statemachine.DatanodeStateMachine (DatanodeStateMachine.java:stopDaemon(395)) - Ozone container server stopped.
2019-09-17 11:51:30,358 [main] INFO  handler.ContextHandler (ContextHandler.java:doStop(910)) - Stopped o.e.j.w.WebAppContext@459f703f{/,null,UNAVAILABLE}{/hddsDatanode}
2019-09-17 11:51:30,359 [main] INFO  server.AbstractConnector (AbstractConnector.java:doStop(318)) - Stopped ServerConnector@188ac8a3{HTTP/1.1,[http/1.1]}{0.0.0.0:0}
2019-09-17 11:51:30,359 [main] INFO  handler.ContextHandler (ContextHandler.java:doStop(910)) - Stopped o.e.j.s.ServletContextHandler@2eeb0f9b{/static,jar:file:/home/user/.m2/repository/org/apache/hadoop/hadoop-hdds-container-service/0.5.0-SNAPSHOT/hadoop-hdds-container-service-0.5.0-SNAPSHOT.jar!/webapps/static,UNAVAILABLE}
2019-09-17 11:51:30,359 [main] INFO  handler.ContextHandler (ContextHandler.java:doStop(910)) - Stopped o.e.j.s.ServletContextHandler@2d64160c{/logs,file:///tmp/workdir/hadoop-ozone/integration-test/target/log,UNAVAILABLE}
2019-09-17 11:51:30,618 [java.util.concurrent.ThreadPoolExecutor$Worker@3cd8d43b[State = -1, empty queue]] WARN  server.GrpcLogAppender (GrpcLogAppender.java:timeoutAppendRequest(200)) - ee155057-4acb-4f3f-9013-4bd3c5a101b6@group-B3F5A0A8BDBD->533f21c9-6148-4926-981b-3030ea271196-GrpcLogAppender: appendEntries Timeout, request=ee155057-4acb-4f3f-9013-4bd3c5a101b6->533f21c9-6148-4926-981b-3030ea271196#89-t2, previous=(t:2, i:20), leaderCommit=16, initializing? false, entries: <empty>
2019-09-17 11:51:30,618 [java.util.concurrent.ThreadPoolExecutor$Worker@5a9b47f8[State = -1, empty queue]] WARN  server.GrpcLogAppender (GrpcLogAppender.java:timeoutAppendRequest(200)) - ee155057-4acb-4f3f-9013-4bd3c5a101b6@group-B3F5A0A8BDBD->90cc32e6-bdd6-4f93-abb1-bc520dd025bc-GrpcLogAppender: appendEntries Timeout, request=ee155057-4acb-4f3f-9013-4bd3c5a101b6->90cc32e6-bdd6-4f93-abb1-bc520dd025bc#89-t2, previous=(t:2, i:20), leaderCommit=16, initializing? false, entries: <empty>
2019-09-17 11:51:31,119 [java.util.concurrent.ThreadPoolExecutor$Worker@3cd8d43b[State = -1, empty queue]] WARN  server.GrpcLogAppender (GrpcLogAppender.java:timeoutAppendRequest(200)) - ee155057-4acb-4f3f-9013-4bd3c5a101b6@group-B3F5A0A8BDBD->533f21c9-6148-4926-981b-3030ea271196-GrpcLogAppender: appendEntries Timeout, request=ee155057-4acb-4f3f-9013-4bd3c5a101b6->533f21c9-6148-4926-981b-3030ea271196#90-t2, previous=(t:2, i:20), leaderCommit=16, initializing? false, entries: <empty>
2019-09-17 11:51:31,119 [java.util.concurrent.ThreadPoolExecutor$Worker@5a9b47f8[State = -1, empty queue]] WARN  server.GrpcLogAppender (GrpcLogAppender.java:timeoutAppendRequest(200)) - ee155057-4acb-4f3f-9013-4bd3c5a101b6@group-B3F5A0A8BDBD->90cc32e6-bdd6-4f93-abb1-bc520dd025bc-GrpcLogAppender: appendEntries Timeout, request=ee155057-4acb-4f3f-9013-4bd3c5a101b6->90cc32e6-bdd6-4f93-abb1-bc520dd025bc#90-t2, previous=(t:2, i:20), leaderCommit=16, initializing? false, entries: <empty>
2019-09-17 11:51:31,316 [Thread-1042] INFO  client.GrpcClientProtocolService (GrpcClientProtocolService.java:lambda$processClientRequest$0(278)) - Failed RaftClientRequest:client-517B9A8AF683->db5c95e9-dab2-4d3b-9775-2e3d4de03f2d@group-4033F378C501, cid=55, seq=0, Watch-ALL_COMMITTED(19), Message:<EMPTY>, reply=RaftClientReply:client-517B9A8AF683->db5c95e9-dab2-4d3b-9775-2e3d4de03f2d@group-4033F378C501, cid=55, FAILED org.apache.ratis.protocol.NotLeaderException: Server db5c95e9-dab2-4d3b-9775-2e3d4de03f2d@group-4033F378C501 is not the leader 0efbdbeb-0caf-4be4-a340-f9adf92e227b:192.168.157.219:42903, logIndex=0, commits[db5c95e9-dab2-4d3b-9775-2e3d4de03f2d:c28, 768e87e1-01a1-4abe-adbb-724fc729cfde:c16, 0efbdbeb-0caf-4be4-a340-f9adf92e227b:c28]
2019-09-17 11:51:31,323 [grpc-default-executor-1] INFO  client.GrpcClientProtocolClient (GrpcClientProtocolClient.java:onNext(264)) - client-517B9A8AF683->db5c95e9-dab2-4d3b-9775-2e3d4de03f2d: receive RaftClientReply:client-517B9A8AF683->db5c95e9-dab2-4d3b-9775-2e3d4de03f2d@group-4033F378C501, cid=55, FAILED org.apache.ratis.protocol.NotLeaderException: Server db5c95e9-dab2-4d3b-9775-2e3d4de03f2d@group-4033F378C501 is not the leader 0efbdbeb-0caf-4be4-a340-f9adf92e227b:192.168.157.219:42903, logIndex=0, commits[db5c95e9-dab2-4d3b-9775-2e3d4de03f2d:c28, 768e87e1-01a1-4abe-adbb-724fc729cfde:c16, 0efbdbeb-0caf-4be4-a340-f9adf92e227b:c28]
2019-09-17 11:51:31,339 [Thread-380] INFO  impl.FollowerState (FollowerState.java:run(106)) - db5c95e9-dab2-4d3b-9775-2e3d4de03f2d:group-4033F378C501 changes to CANDIDATE, lastRpcTime:1534, electionTimeout:1075ms
2019-09-17 11:51:31,351 [Thread-380] INFO  impl.RoleInfo (RoleInfo.java:shutdownFollowerState(121)) - db5c95e9-dab2-4d3b-9775-2e3d4de03f2d: shutdown FollowerState
2019-09-17 11:51:31,351 [Thread-380] INFO  impl.RaftServerImpl (RaftServerImpl.java:setRole(174)) - db5c95e9-dab2-4d3b-9775-2e3d4de03f2d@group-4033F378C501: changes role from  FOLLOWER to CANDIDATE at term 1 for changeToCandidate
2019-09-17 11:51:31,351 [Thread-380] INFO  impl.RoleInfo (RoleInfo.java:updateAndGet(143)) - db5c95e9-dab2-4d3b-9775-2e3d4de03f2d: start LeaderElection
2019-09-17 11:51:31,352 [db5c95e9-dab2-4d3b-9775-2e3d4de03f2d@group-4033F378C501:LeaderElection17] INFO  impl.RaftServerImpl (ServerState.java:setLeader(253)) - db5c95e9-dab2-4d3b-9775-2e3d4de03f2d@group-4033F378C501: change Leader from 0efbdbeb-0caf-4be4-a340-f9adf92e227b to null at term 1 for initElection
2019-09-17 11:51:31,381 [db5c95e9-dab2-4d3b-9775-2e3d4de03f2d@group-4033F378C501:LeaderElection17] INFO  impl.LeaderElection (LeaderElection.java:askForVotes(182)) - db5c95e9-dab2-4d3b-9775-2e3d4de03f2d@group-4033F378C501:LeaderElection17: begin an election at term 2 for 0: [768e87e1-01a1-4abe-adbb-724fc729cfde:192.168.157.219:39557, 0efbdbeb-0caf-4be4-a340-f9adf92e227b:192.168.157.219:42903, db5c95e9-dab2-4d3b-9775-2e3d4de03f2d:192.168.157.219:43472], old=null
2019-09-17 11:51:31,386 [db5c95e9-dab2-4d3b-9775-2e3d4de03f2d@group-4033F378C501:LeaderElection17] INFO  impl.LeaderElection (LogUtils.java:infoOrTrace(149)) - db5c95e9-dab2-4d3b-9775-2e3d4de03f2d@group-4033F378C501:LeaderElection17 got exception when requesting votes: {}
java.util.concurrent.ExecutionException: org.apache.ratis.thirdparty.io.grpc.StatusRuntimeException: UNAVAILABLE: io exception
	at java.util.concurrent.FutureTask.report(FutureTask.java:122)
	at java.util.concurrent.FutureTask.get(FutureTask.java:192)
	at org.apache.ratis.server.impl.LeaderElection.waitForResults(LeaderElection.java:263)
	at org.apache.ratis.server.impl.LeaderElection.askForVotes(LeaderElection.java:201)
	at org.apache.ratis.server.impl.LeaderElection.run(LeaderElection.java:133)
	at java.lang.Thread.run(Thread.java:748)
Caused by: org.apache.ratis.thirdparty.io.grpc.StatusRuntimeException: UNAVAILABLE: io exception
	at org.apache.ratis.thirdparty.io.grpc.stub.ClientCalls.toStatusRuntimeException(ClientCalls.java:233)
	at org.apache.ratis.thirdparty.io.grpc.stub.ClientCalls.getUnchecked(ClientCalls.java:214)
	at org.apache.ratis.thirdparty.io.grpc.stub.ClientCalls.blockingUnaryCall(ClientCalls.java:139)
	at org.apache.ratis.proto.grpc.RaftServerProtocolServiceGrpc$RaftServerProtocolServiceBlockingStub.requestVote(RaftServerProtocolServiceGrpc.java:265)
	at org.apache.ratis.grpc.server.GrpcServerProtocolClient.requestVote(GrpcServerProtocolClient.java:90)
	at org.apache.ratis.grpc.server.GrpcService.requestVote(GrpcService.java:204)
	at org.apache.ratis.server.impl.LeaderElection.lambda$submitRequests$1(LeaderElection.java:238)
	at java.util.concurrent.FutureTask.run(FutureTask.java:266)
	at java.util.concurrent.Executors$RunnableAdapter.call(Executors.java:511)
	at java.util.concurrent.FutureTask.run(FutureTask.java:266)
	at java.util.concurrent.ThreadPoolExecutor.runWorker(ThreadPoolExecutor.java:1149)
	at java.util.concurrent.ThreadPoolExecutor$Worker.run(ThreadPoolExecutor.java:624)
	... 1 more
Caused by: org.apache.ratis.thirdparty.io.netty.channel.AbstractChannel$AnnotatedConnectException: Connection refused: /192.168.157.219:39557
	at sun.nio.ch.SocketChannelImpl.checkConnect(Native Method)
	at sun.nio.ch.SocketChannelImpl.finishConnect(SocketChannelImpl.java:717)
	at org.apache.ratis.thirdparty.io.netty.channel.socket.nio.NioSocketChannel.doFinishConnect(NioSocketChannel.java:327)
	at org.apache.ratis.thirdparty.io.netty.channel.nio.AbstractNioChannel$AbstractNioUnsafe.finishConnect(AbstractNioChannel.java:340)
	at org.apache.ratis.thirdparty.io.netty.channel.nio.NioEventLoop.processSelectedKey(NioEventLoop.java:632)
	at org.apache.ratis.thirdparty.io.netty.channel.nio.NioEventLoop.processSelectedKeysOptimized(NioEventLoop.java:579)
	at org.apache.ratis.thirdparty.io.netty.channel.nio.NioEventLoop.processSelectedKeys(NioEventLoop.java:496)
	at org.apache.ratis.thirdparty.io.netty.channel.nio.NioEventLoop.run(NioEventLoop.java:458)
	at org.apache.ratis.thirdparty.io.netty.util.concurrent.SingleThreadEventExecutor$5.run(SingleThreadEventExecutor.java:897)
	at org.apache.ratis.thirdparty.io.netty.util.concurrent.FastThreadLocalRunnable.run(FastThreadLocalRunnable.java:30)
	... 1 more
Caused by: java.net.ConnectException: Connection refused
	... 11 more
2019-09-17 11:51:31,389 [db5c95e9-dab2-4d3b-9775-2e3d4de03f2d@group-4033F378C501:LeaderElection17] INFO  impl.LeaderElection (LogUtils.java:infoOrTrace(149)) - db5c95e9-dab2-4d3b-9775-2e3d4de03f2d@group-4033F378C501:LeaderElection17 got exception when requesting votes: {}
java.util.concurrent.ExecutionException: org.apache.ratis.thirdparty.io.grpc.StatusRuntimeException: UNAVAILABLE: io exception
	at java.util.concurrent.FutureTask.report(FutureTask.java:122)
	at java.util.concurrent.FutureTask.get(FutureTask.java:192)
	at org.apache.ratis.server.impl.LeaderElection.waitForResults(LeaderElection.java:263)
	at org.apache.ratis.server.impl.LeaderElection.askForVotes(LeaderElection.java:201)
	at org.apache.ratis.server.impl.LeaderElection.run(LeaderElection.java:133)
	at java.lang.Thread.run(Thread.java:748)
Caused by: org.apache.ratis.thirdparty.io.grpc.StatusRuntimeException: UNAVAILABLE: io exception
	at org.apache.ratis.thirdparty.io.grpc.stub.ClientCalls.toStatusRuntimeException(ClientCalls.java:233)
	at org.apache.ratis.thirdparty.io.grpc.stub.ClientCalls.getUnchecked(ClientCalls.java:214)
	at org.apache.ratis.thirdparty.io.grpc.stub.ClientCalls.blockingUnaryCall(ClientCalls.java:139)
	at org.apache.ratis.proto.grpc.RaftServerProtocolServiceGrpc$RaftServerProtocolServiceBlockingStub.requestVote(RaftServerProtocolServiceGrpc.java:265)
	at org.apache.ratis.grpc.server.GrpcServerProtocolClient.requestVote(GrpcServerProtocolClient.java:90)
	at org.apache.ratis.grpc.server.GrpcService.requestVote(GrpcService.java:204)
	at org.apache.ratis.server.impl.LeaderElection.lambda$submitRequests$1(LeaderElection.java:238)
	at java.util.concurrent.FutureTask.run(FutureTask.java:266)
	at java.util.concurrent.Executors$RunnableAdapter.call(Executors.java:511)
	at java.util.concurrent.FutureTask.run(FutureTask.java:266)
	at java.util.concurrent.ThreadPoolExecutor.runWorker(ThreadPoolExecutor.java:1149)
	at java.util.concurrent.ThreadPoolExecutor$Worker.run(ThreadPoolExecutor.java:624)
	... 1 more
Caused by: org.apache.ratis.thirdparty.io.netty.channel.AbstractChannel$AnnotatedConnectException: Connection refused: /192.168.157.219:42903
	at sun.nio.ch.SocketChannelImpl.checkConnect(Native Method)
	at sun.nio.ch.SocketChannelImpl.finishConnect(SocketChannelImpl.java:717)
	at org.apache.ratis.thirdparty.io.netty.channel.socket.nio.NioSocketChannel.doFinishConnect(NioSocketChannel.java:327)
	at org.apache.ratis.thirdparty.io.netty.channel.nio.AbstractNioChannel$AbstractNioUnsafe.finishConnect(AbstractNioChannel.java:340)
	at org.apache.ratis.thirdparty.io.netty.channel.nio.NioEventLoop.processSelectedKey(NioEventLoop.java:632)
	at org.apache.ratis.thirdparty.io.netty.channel.nio.NioEventLoop.processSelectedKeysOptimized(NioEventLoop.java:579)
	at org.apache.ratis.thirdparty.io.netty.channel.nio.NioEventLoop.processSelectedKeys(NioEventLoop.java:496)
	at org.apache.ratis.thirdparty.io.netty.channel.nio.NioEventLoop.run(NioEventLoop.java:458)
	at org.apache.ratis.thirdparty.io.netty.util.concurrent.SingleThreadEventExecutor$5.run(SingleThreadEventExecutor.java:897)
	at org.apache.ratis.thirdparty.io.netty.util.concurrent.FastThreadLocalRunnable.run(FastThreadLocalRunnable.java:30)
	... 1 more
Caused by: java.net.ConnectException: Connection refused
	... 11 more
2019-09-17 11:51:31,391 [db5c95e9-dab2-4d3b-9775-2e3d4de03f2d@group-4033F378C501:LeaderElection17] INFO  impl.LeaderElection (LeaderElection.java:logAndReturn(56)) - db5c95e9-dab2-4d3b-9775-2e3d4de03f2d@group-4033F378C501:LeaderElection17: Election REJECTED; received 0 response(s) [] and 2 exception(s); db5c95e9-dab2-4d3b-9775-2e3d4de03f2d@group-4033F378C501:t2, leader=null, voted=db5c95e9-dab2-4d3b-9775-2e3d4de03f2d, raftlog=db5c95e9-dab2-4d3b-9775-2e3d4de03f2d@group-4033F378C501-SegmentedRaftLog:OPENED:c28,f28,i28, conf=0: [768e87e1-01a1-4abe-adbb-724fc729cfde:192.168.157.219:39557, 0efbdbeb-0caf-4be4-a340-f9adf92e227b:192.168.157.219:42903, db5c95e9-dab2-4d3b-9775-2e3d4de03f2d:192.168.157.219:43472], old=null
2019-09-17 11:51:31,391 [db5c95e9-dab2-4d3b-9775-2e3d4de03f2d@group-4033F378C501:LeaderElection17] INFO  impl.LeaderElection (LogUtils.java:infoOrTrace(149)) -   Exception 0: {}
java.util.concurrent.ExecutionException: org.apache.ratis.thirdparty.io.grpc.StatusRuntimeException: UNAVAILABLE: io exception
	at java.util.concurrent.FutureTask.report(FutureTask.java:122)
	at java.util.concurrent.FutureTask.get(FutureTask.java:192)
	at org.apache.ratis.server.impl.LeaderElection.waitForResults(LeaderElection.java:263)
	at org.apache.ratis.server.impl.LeaderElection.askForVotes(LeaderElection.java:201)
	at org.apache.ratis.server.impl.LeaderElection.run(LeaderElection.java:133)
	at java.lang.Thread.run(Thread.java:748)
Caused by: org.apache.ratis.thirdparty.io.grpc.StatusRuntimeException: UNAVAILABLE: io exception
	at org.apache.ratis.thirdparty.io.grpc.stub.ClientCalls.toStatusRuntimeException(ClientCalls.java:233)
	at org.apache.ratis.thirdparty.io.grpc.stub.ClientCalls.getUnchecked(ClientCalls.java:214)
	at org.apache.ratis.thirdparty.io.grpc.stub.ClientCalls.blockingUnaryCall(ClientCalls.java:139)
	at org.apache.ratis.proto.grpc.RaftServerProtocolServiceGrpc$RaftServerProtocolServiceBlockingStub.requestVote(RaftServerProtocolServiceGrpc.java:265)
	at org.apache.ratis.grpc.server.GrpcServerProtocolClient.requestVote(GrpcServerProtocolClient.java:90)
	at org.apache.ratis.grpc.server.GrpcService.requestVote(GrpcService.java:204)
	at org.apache.ratis.server.impl.LeaderElection.lambda$submitRequests$1(LeaderElection.java:238)
	at java.util.concurrent.FutureTask.run(FutureTask.java:266)
	at java.util.concurrent.Executors$RunnableAdapter.call(Executors.java:511)
	at java.util.concurrent.FutureTask.run(FutureTask.java:266)
	at java.util.concurrent.ThreadPoolExecutor.runWorker(ThreadPoolExecutor.java:1149)
	at java.util.concurrent.ThreadPoolExecutor$Worker.run(ThreadPoolExecutor.java:624)
	... 1 more
Caused by: org.apache.ratis.thirdparty.io.netty.channel.AbstractChannel$AnnotatedConnectException: Connection refused: /192.168.157.219:39557
	at sun.nio.ch.SocketChannelImpl.checkConnect(Native Method)
	at sun.nio.ch.SocketChannelImpl.finishConnect(SocketChannelImpl.java:717)
	at org.apache.ratis.thirdparty.io.netty.channel.socket.nio.NioSocketChannel.doFinishConnect(NioSocketChannel.java:327)
	at org.apache.ratis.thirdparty.io.netty.channel.nio.AbstractNioChannel$AbstractNioUnsafe.finishConnect(AbstractNioChannel.java:340)
	at org.apache.ratis.thirdparty.io.netty.channel.nio.NioEventLoop.processSelectedKey(NioEventLoop.java:632)
	at org.apache.ratis.thirdparty.io.netty.channel.nio.NioEventLoop.processSelectedKeysOptimized(NioEventLoop.java:579)
	at org.apache.ratis.thirdparty.io.netty.channel.nio.NioEventLoop.processSelectedKeys(NioEventLoop.java:496)
	at org.apache.ratis.thirdparty.io.netty.channel.nio.NioEventLoop.run(NioEventLoop.java:458)
	at org.apache.ratis.thirdparty.io.netty.util.concurrent.SingleThreadEventExecutor$5.run(SingleThreadEventExecutor.java:897)
	at org.apache.ratis.thirdparty.io.netty.util.concurrent.FastThreadLocalRunnable.run(FastThreadLocalRunnable.java:30)
	... 1 more
Caused by: java.net.ConnectException: Connection refused
	... 11 more
2019-09-17 11:51:31,392 [db5c95e9-dab2-4d3b-9775-2e3d4de03f2d@group-4033F378C501:LeaderElection17] INFO  impl.LeaderElection (LogUtils.java:infoOrTrace(149)) -   Exception 1: {}
java.util.concurrent.ExecutionException: org.apache.ratis.thirdparty.io.grpc.StatusRuntimeException: UNAVAILABLE: io exception
	at java.util.concurrent.FutureTask.report(FutureTask.java:122)
	at java.util.concurrent.FutureTask.get(FutureTask.java:192)
	at org.apache.ratis.server.impl.LeaderElection.waitForResults(LeaderElection.java:263)
	at org.apache.ratis.server.impl.LeaderElection.askForVotes(LeaderElection.java:201)
	at org.apache.ratis.server.impl.LeaderElection.run(LeaderElection.java:133)
	at java.lang.Thread.run(Thread.java:748)
Caused by: org.apache.ratis.thirdparty.io.grpc.StatusRuntimeException: UNAVAILABLE: io exception
	at org.apache.ratis.thirdparty.io.grpc.stub.ClientCalls.toStatusRuntimeException(ClientCalls.java:233)
	at org.apache.ratis.thirdparty.io.grpc.stub.ClientCalls.getUnchecked(ClientCalls.java:214)
	at org.apache.ratis.thirdparty.io.grpc.stub.ClientCalls.blockingUnaryCall(ClientCalls.java:139)
	at org.apache.ratis.proto.grpc.RaftServerProtocolServiceGrpc$RaftServerProtocolServiceBlockingStub.requestVote(RaftServerProtocolServiceGrpc.java:265)
	at org.apache.ratis.grpc.server.GrpcServerProtocolClient.requestVote(GrpcServerProtocolClient.java:90)
	at org.apache.ratis.grpc.server.GrpcService.requestVote(GrpcService.java:204)
	at org.apache.ratis.server.impl.LeaderElection.lambda$submitRequests$1(LeaderElection.java:238)
	at java.util.concurrent.FutureTask.run(FutureTask.java:266)
	at java.util.concurrent.Executors$RunnableAdapter.call(Executors.java:511)
	at java.util.concurrent.FutureTask.run(FutureTask.java:266)
	at java.util.concurrent.ThreadPoolExecutor.runWorker(ThreadPoolExecutor.java:1149)
	at java.util.concurrent.ThreadPoolExecutor$Worker.run(ThreadPoolExecutor.java:624)
	... 1 more
Caused by: org.apache.ratis.thirdparty.io.netty.channel.AbstractChannel$AnnotatedConnectException: Connection refused: /192.168.157.219:42903
	at sun.nio.ch.SocketChannelImpl.checkConnect(Native Method)
	at sun.nio.ch.SocketChannelImpl.finishConnect(SocketChannelImpl.java:717)
	at org.apache.ratis.thirdparty.io.netty.channel.socket.nio.NioSocketChannel.doFinishConnect(NioSocketChannel.java:327)
	at org.apache.ratis.thirdparty.io.netty.channel.nio.AbstractNioChannel$AbstractNioUnsafe.finishConnect(AbstractNioChannel.java:340)
	at org.apache.ratis.thirdparty.io.netty.channel.nio.NioEventLoop.processSelectedKey(NioEventLoop.java:632)
	at org.apache.ratis.thirdparty.io.netty.channel.nio.NioEventLoop.processSelectedKeysOptimized(NioEventLoop.java:579)
	at org.apache.ratis.thirdparty.io.netty.channel.nio.NioEventLoop.processSelectedKeys(NioEventLoop.java:496)
	at org.apache.ratis.thirdparty.io.netty.channel.nio.NioEventLoop.run(NioEventLoop.java:458)
	at org.apache.ratis.thirdparty.io.netty.util.concurrent.SingleThreadEventExecutor$5.run(SingleThreadEventExecutor.java:897)
	at org.apache.ratis.thirdparty.io.netty.util.concurrent.FastThreadLocalRunnable.run(FastThreadLocalRunnable.java:30)
	... 1 more
Caused by: java.net.ConnectException: Connection refused
	... 11 more
2019-09-17 11:51:31,392 [db5c95e9-dab2-4d3b-9775-2e3d4de03f2d@group-4033F378C501:LeaderElection17] INFO  impl.RaftServerImpl (RaftServerImpl.java:setRole(174)) - db5c95e9-dab2-4d3b-9775-2e3d4de03f2d@group-4033F378C501: changes role from CANDIDATE to FOLLOWER at term 2 for DISCOVERED_A_NEW_TERM
2019-09-17 11:51:31,394 [db5c95e9-dab2-4d3b-9775-2e3d4de03f2d@group-4033F378C501:LeaderElection17] INFO  impl.RoleInfo (RoleInfo.java:shutdownLeaderElection(134)) - db5c95e9-dab2-4d3b-9775-2e3d4de03f2d: shutdown LeaderElection
2019-09-17 11:51:31,394 [db5c95e9-dab2-4d3b-9775-2e3d4de03f2d@group-4033F378C501:LeaderElection17] INFO  impl.RoleInfo (RoleInfo.java:updateAndGet(143)) - db5c95e9-dab2-4d3b-9775-2e3d4de03f2d: start FollowerState
2019-09-17 11:51:31,405 [grpc-default-executor-0] INFO  client.GrpcClientProtocolClient (GrpcClientProtocolClient.java:onNext(264)) - client-517B9A8AF683->db5c95e9-dab2-4d3b-9775-2e3d4de03f2d: receive RaftClientReply:client-517B9A8AF683->db5c95e9-dab2-4d3b-9775-2e3d4de03f2d@group-4033F378C501, cid=59, FAILED org.apache.ratis.protocol.NotLeaderException: Server db5c95e9-dab2-4d3b-9775-2e3d4de03f2d@group-4033F378C501 is not the leader, logIndex=0, commits[db5c95e9-dab2-4d3b-9775-2e3d4de03f2d:c28, 768e87e1-01a1-4abe-adbb-724fc729cfde:c16, 0efbdbeb-0caf-4be4-a340-f9adf92e227b:c28]
2019-09-17 11:51:31,619 [java.util.concurrent.ThreadPoolExecutor$Worker@3cd8d43b[State = -1, empty queue]] WARN  server.GrpcLogAppender (GrpcLogAppender.java:timeoutAppendRequest(200)) - ee155057-4acb-4f3f-9013-4bd3c5a101b6@group-B3F5A0A8BDBD->533f21c9-6148-4926-981b-3030ea271196-GrpcLogAppender: appendEntries Timeout, request=ee155057-4acb-4f3f-9013-4bd3c5a101b6->533f21c9-6148-4926-981b-3030ea271196#91-t2, previous=(t:2, i:20), leaderCommit=16, initializing? false, entries: <empty>
2019-09-17 11:51:31,619 [java.util.concurrent.ThreadPoolExecutor$Worker@5a9b47f8[State = -1, empty queue]] WARN  server.GrpcLogAppender (GrpcLogAppender.java:timeoutAppendRequest(200)) - ee155057-4acb-4f3f-9013-4bd3c5a101b6@group-B3F5A0A8BDBD->90cc32e6-bdd6-4f93-abb1-bc520dd025bc-GrpcLogAppender: appendEntries Timeout, request=ee155057-4acb-4f3f-9013-4bd3c5a101b6->90cc32e6-bdd6-4f93-abb1-bc520dd025bc#91-t2, previous=(t:2, i:20), leaderCommit=16, initializing? false, entries: <empty>
2019-09-17 11:51:32,119 [java.util.concurrent.ThreadPoolExecutor$Worker@3cd8d43b[State = -1, empty queue]] WARN  server.GrpcLogAppender (GrpcLogAppender.java:timeoutAppendRequest(200)) - ee155057-4acb-4f3f-9013-4bd3c5a101b6@group-B3F5A0A8BDBD->533f21c9-6148-4926-981b-3030ea271196-GrpcLogAppender: appendEntries Timeout, request=ee155057-4acb-4f3f-9013-4bd3c5a101b6->533f21c9-6148-4926-981b-3030ea271196#92-t2, previous=(t:2, i:20), leaderCommit=16, initializing? false, entries: <empty>
2019-09-17 11:51:32,119 [java.util.concurrent.ThreadPoolExecutor$Worker@5a9b47f8[State = -1, empty queue]] WARN  server.GrpcLogAppender (GrpcLogAppender.java:timeoutAppendRequest(200)) - ee155057-4acb-4f3f-9013-4bd3c5a101b6@group-B3F5A0A8BDBD->90cc32e6-bdd6-4f93-abb1-bc520dd025bc-GrpcLogAppender: appendEntries Timeout, request=ee155057-4acb-4f3f-9013-4bd3c5a101b6->90cc32e6-bdd6-4f93-abb1-bc520dd025bc#92-t2, previous=(t:2, i:20), leaderCommit=16, initializing? false, entries: <empty>
2019-09-17 11:51:32,430 [grpc-default-executor-0] INFO  client.GrpcClientProtocolClient (GrpcClientProtocolClient.java:onNext(264)) - client-517B9A8AF683->db5c95e9-dab2-4d3b-9775-2e3d4de03f2d: receive RaftClientReply:client-517B9A8AF683->db5c95e9-dab2-4d3b-9775-2e3d4de03f2d@group-4033F378C501, cid=59, FAILED org.apache.ratis.protocol.NotLeaderException: Server db5c95e9-dab2-4d3b-9775-2e3d4de03f2d@group-4033F378C501 is not the leader, logIndex=0, commits[db5c95e9-dab2-4d3b-9775-2e3d4de03f2d:c28, 768e87e1-01a1-4abe-adbb-724fc729cfde:c16, 0efbdbeb-0caf-4be4-a340-f9adf92e227b:c28]
2019-09-17 11:51:32,430 [Thread-1052] INFO  impl.FollowerState (FollowerState.java:run(106)) - db5c95e9-dab2-4d3b-9775-2e3d4de03f2d:group-4033F378C501 changes to CANDIDATE, lastRpcTime:1035, electionTimeout:1034ms
2019-09-17 11:51:32,433 [Thread-1052] INFO  impl.RoleInfo (RoleInfo.java:shutdownFollowerState(121)) - db5c95e9-dab2-4d3b-9775-2e3d4de03f2d: shutdown FollowerState
2019-09-17 11:51:32,433 [Thread-1052] INFO  impl.RaftServerImpl (RaftServerImpl.java:setRole(174)) - db5c95e9-dab2-4d3b-9775-2e3d4de03f2d@group-4033F378C501: changes role from  FOLLOWER to CANDIDATE at term 2 for changeToCandidate
2019-09-17 11:51:32,438 [Thread-1052] INFO  impl.RoleInfo (RoleInfo.java:updateAndGet(143)) - db5c95e9-dab2-4d3b-9775-2e3d4de03f2d: start LeaderElection
2019-09-17 11:51:32,471 [db5c95e9-dab2-4d3b-9775-2e3d4de03f2d@group-4033F378C501:LeaderElection18] INFO  impl.LeaderElection (LeaderElection.java:askForVotes(182)) - db5c95e9-dab2-4d3b-9775-2e3d4de03f2d@group-4033F378C501:LeaderElection18: begin an election at term 3 for 0: [768e87e1-01a1-4abe-adbb-724fc729cfde:192.168.157.219:39557, 0efbdbeb-0caf-4be4-a340-f9adf92e227b:192.168.157.219:42903, db5c95e9-dab2-4d3b-9775-2e3d4de03f2d:192.168.157.219:43472], old=null
2019-09-17 11:51:32,474 [db5c95e9-dab2-4d3b-9775-2e3d4de03f2d@group-4033F378C501:LeaderElection18] INFO  impl.LeaderElection (LogUtils.java:infoOrTrace(149)) - db5c95e9-dab2-4d3b-9775-2e3d4de03f2d@group-4033F378C501:LeaderElection18 got exception when requesting votes: {}
java.util.concurrent.ExecutionException: org.apache.ratis.thirdparty.io.grpc.StatusRuntimeException: UNAVAILABLE: io exception
	at java.util.concurrent.FutureTask.report(FutureTask.java:122)
	at java.util.concurrent.FutureTask.get(FutureTask.java:192)
	at org.apache.ratis.server.impl.LeaderElection.waitForResults(LeaderElection.java:263)
	at org.apache.ratis.server.impl.LeaderElection.askForVotes(LeaderElection.java:201)
	at org.apache.ratis.server.impl.LeaderElection.run(LeaderElection.java:133)
	at java.lang.Thread.run(Thread.java:748)
Caused by: org.apache.ratis.thirdparty.io.grpc.StatusRuntimeException: UNAVAILABLE: io exception
	at org.apache.ratis.thirdparty.io.grpc.stub.ClientCalls.toStatusRuntimeException(ClientCalls.java:233)
	at org.apache.ratis.thirdparty.io.grpc.stub.ClientCalls.getUnchecked(ClientCalls.java:214)
	at org.apache.ratis.thirdparty.io.grpc.stub.ClientCalls.blockingUnaryCall(ClientCalls.java:139)
	at org.apache.ratis.proto.grpc.RaftServerProtocolServiceGrpc$RaftServerProtocolServiceBlockingStub.requestVote(RaftServerProtocolServiceGrpc.java:265)
	at org.apache.ratis.grpc.server.GrpcServerProtocolClient.requestVote(GrpcServerProtocolClient.java:90)
	at org.apache.ratis.grpc.server.GrpcService.requestVote(GrpcService.java:204)
	at org.apache.ratis.server.impl.LeaderElection.lambda$submitRequests$1(LeaderElection.java:238)
	at java.util.concurrent.FutureTask.run(FutureTask.java:266)
	at java.util.concurrent.Executors$RunnableAdapter.call(Executors.java:511)
	at java.util.concurrent.FutureTask.run(FutureTask.java:266)
	at java.util.concurrent.ThreadPoolExecutor.runWorker(ThreadPoolExecutor.java:1149)
	at java.util.concurrent.ThreadPoolExecutor$Worker.run(ThreadPoolExecutor.java:624)
	... 1 more
Caused by: org.apache.ratis.thirdparty.io.netty.channel.AbstractChannel$AnnotatedConnectException: Connection refused: /192.168.157.219:39557
	at sun.nio.ch.SocketChannelImpl.checkConnect(Native Method)
	at sun.nio.ch.SocketChannelImpl.finishConnect(SocketChannelImpl.java:717)
	at org.apache.ratis.thirdparty.io.netty.channel.socket.nio.NioSocketChannel.doFinishConnect(NioSocketChannel.java:327)
	at org.apache.ratis.thirdparty.io.netty.channel.nio.AbstractNioChannel$AbstractNioUnsafe.finishConnect(AbstractNioChannel.java:340)
	at org.apache.ratis.thirdparty.io.netty.channel.nio.NioEventLoop.processSelectedKey(NioEventLoop.java:632)
	at org.apache.ratis.thirdparty.io.netty.channel.nio.NioEventLoop.processSelectedKeysOptimized(NioEventLoop.java:579)
	at org.apache.ratis.thirdparty.io.netty.channel.nio.NioEventLoop.processSelectedKeys(NioEventLoop.java:496)
	at org.apache.ratis.thirdparty.io.netty.channel.nio.NioEventLoop.run(NioEventLoop.java:458)
	at org.apache.ratis.thirdparty.io.netty.util.concurrent.SingleThreadEventExecutor$5.run(SingleThreadEventExecutor.java:897)
	at org.apache.ratis.thirdparty.io.netty.util.concurrent.FastThreadLocalRunnable.run(FastThreadLocalRunnable.java:30)
	... 1 more
Caused by: java.net.ConnectException: Connection refused
	... 11 more
2019-09-17 11:51:32,476 [db5c95e9-dab2-4d3b-9775-2e3d4de03f2d@group-4033F378C501:LeaderElection18] INFO  impl.LeaderElection (LogUtils.java:infoOrTrace(149)) - db5c95e9-dab2-4d3b-9775-2e3d4de03f2d@group-4033F378C501:LeaderElection18 got exception when requesting votes: {}
java.util.concurrent.ExecutionException: org.apache.ratis.thirdparty.io.grpc.StatusRuntimeException: UNAVAILABLE: io exception
	at java.util.concurrent.FutureTask.report(FutureTask.java:122)
	at java.util.concurrent.FutureTask.get(FutureTask.java:192)
	at org.apache.ratis.server.impl.LeaderElection.waitForResults(LeaderElection.java:263)
	at org.apache.ratis.server.impl.LeaderElection.askForVotes(LeaderElection.java:201)
	at org.apache.ratis.server.impl.LeaderElection.run(LeaderElection.java:133)
	at java.lang.Thread.run(Thread.java:748)
Caused by: org.apache.ratis.thirdparty.io.grpc.StatusRuntimeException: UNAVAILABLE: io exception
	at org.apache.ratis.thirdparty.io.grpc.stub.ClientCalls.toStatusRuntimeException(ClientCalls.java:233)
	at org.apache.ratis.thirdparty.io.grpc.stub.ClientCalls.getUnchecked(ClientCalls.java:214)
	at org.apache.ratis.thirdparty.io.grpc.stub.ClientCalls.blockingUnaryCall(ClientCalls.java:139)
	at org.apache.ratis.proto.grpc.RaftServerProtocolServiceGrpc$RaftServerProtocolServiceBlockingStub.requestVote(RaftServerProtocolServiceGrpc.java:265)
	at org.apache.ratis.grpc.server.GrpcServerProtocolClient.requestVote(GrpcServerProtocolClient.java:90)
	at org.apache.ratis.grpc.server.GrpcService.requestVote(GrpcService.java:204)
	at org.apache.ratis.server.impl.LeaderElection.lambda$submitRequests$1(LeaderElection.java:238)
	at java.util.concurrent.FutureTask.run(FutureTask.java:266)
	at java.util.concurrent.Executors$RunnableAdapter.call(Executors.java:511)
	at java.util.concurrent.FutureTask.run(FutureTask.java:266)
	at java.util.concurrent.ThreadPoolExecutor.runWorker(ThreadPoolExecutor.java:1149)
	at java.util.concurrent.ThreadPoolExecutor$Worker.run(ThreadPoolExecutor.java:624)
	... 1 more
Caused by: org.apache.ratis.thirdparty.io.netty.channel.AbstractChannel$AnnotatedConnectException: Connection refused: /192.168.157.219:42903
	at sun.nio.ch.SocketChannelImpl.checkConnect(Native Method)
	at sun.nio.ch.SocketChannelImpl.finishConnect(SocketChannelImpl.java:717)
	at org.apache.ratis.thirdparty.io.netty.channel.socket.nio.NioSocketChannel.doFinishConnect(NioSocketChannel.java:327)
	at org.apache.ratis.thirdparty.io.netty.channel.nio.AbstractNioChannel$AbstractNioUnsafe.finishConnect(AbstractNioChannel.java:340)
	at org.apache.ratis.thirdparty.io.netty.channel.nio.NioEventLoop.processSelectedKey(NioEventLoop.java:632)
	at org.apache.ratis.thirdparty.io.netty.channel.nio.NioEventLoop.processSelectedKeysOptimized(NioEventLoop.java:579)
	at org.apache.ratis.thirdparty.io.netty.channel.nio.NioEventLoop.processSelectedKeys(NioEventLoop.java:496)
	at org.apache.ratis.thirdparty.io.netty.channel.nio.NioEventLoop.run(NioEventLoop.java:458)
	at org.apache.ratis.thirdparty.io.netty.util.concurrent.SingleThreadEventExecutor$5.run(SingleThreadEventExecutor.java:897)
	at org.apache.ratis.thirdparty.io.netty.util.concurrent.FastThreadLocalRunnable.run(FastThreadLocalRunnable.java:30)
	... 1 more
Caused by: java.net.ConnectException: Connection refused
	... 11 more
2019-09-17 11:51:32,479 [db5c95e9-dab2-4d3b-9775-2e3d4de03f2d@group-4033F378C501:LeaderElection18] INFO  impl.LeaderElection (LeaderElection.java:logAndReturn(56)) - db5c95e9-dab2-4d3b-9775-2e3d4de03f2d@group-4033F378C501:LeaderElection18: Election REJECTED; received 0 response(s) [] and 2 exception(s); db5c95e9-dab2-4d3b-9775-2e3d4de03f2d@group-4033F378C501:t3, leader=null, voted=db5c95e9-dab2-4d3b-9775-2e3d4de03f2d, raftlog=db5c95e9-dab2-4d3b-9775-2e3d4de03f2d@group-4033F378C501-SegmentedRaftLog:OPENED:c28,f28,i28, conf=0: [768e87e1-01a1-4abe-adbb-724fc729cfde:192.168.157.219:39557, 0efbdbeb-0caf-4be4-a340-f9adf92e227b:192.168.157.219:42903, db5c95e9-dab2-4d3b-9775-2e3d4de03f2d:192.168.157.219:43472], old=null
2019-09-17 11:51:32,479 [db5c95e9-dab2-4d3b-9775-2e3d4de03f2d@group-4033F378C501:LeaderElection18] INFO  impl.LeaderElection (LogUtils.java:infoOrTrace(149)) -   Exception 0: {}
java.util.concurrent.ExecutionException: org.apache.ratis.thirdparty.io.grpc.StatusRuntimeException: UNAVAILABLE: io exception
	at java.util.concurrent.FutureTask.report(FutureTask.java:122)
	at java.util.concurrent.FutureTask.get(FutureTask.java:192)
	at org.apache.ratis.server.impl.LeaderElection.waitForResults(LeaderElection.java:263)
	at org.apache.ratis.server.impl.LeaderElection.askForVotes(LeaderElection.java:201)
	at org.apache.ratis.server.impl.LeaderElection.run(LeaderElection.java:133)
	at java.lang.Thread.run(Thread.java:748)
Caused by: org.apache.ratis.thirdparty.io.grpc.StatusRuntimeException: UNAVAILABLE: io exception
	at org.apache.ratis.thirdparty.io.grpc.stub.ClientCalls.toStatusRuntimeException(ClientCalls.java:233)
	at org.apache.ratis.thirdparty.io.grpc.stub.ClientCalls.getUnchecked(ClientCalls.java:214)
	at org.apache.ratis.thirdparty.io.grpc.stub.ClientCalls.blockingUnaryCall(ClientCalls.java:139)
	at org.apache.ratis.proto.grpc.RaftServerProtocolServiceGrpc$RaftServerProtocolServiceBlockingStub.requestVote(RaftServerProtocolServiceGrpc.java:265)
	at org.apache.ratis.grpc.server.GrpcServerProtocolClient.requestVote(GrpcServerProtocolClient.java:90)
	at org.apache.ratis.grpc.server.GrpcService.requestVote(GrpcService.java:204)
	at org.apache.ratis.server.impl.LeaderElection.lambda$submitRequests$1(LeaderElection.java:238)
	at java.util.concurrent.FutureTask.run(FutureTask.java:266)
	at java.util.concurrent.Executors$RunnableAdapter.call(Executors.java:511)
	at java.util.concurrent.FutureTask.run(FutureTask.java:266)
	at java.util.concurrent.ThreadPoolExecutor.runWorker(ThreadPoolExecutor.java:1149)
	at java.util.concurrent.ThreadPoolExecutor$Worker.run(ThreadPoolExecutor.java:624)
	... 1 more
Caused by: org.apache.ratis.thirdparty.io.netty.channel.AbstractChannel$AnnotatedConnectException: Connection refused: /192.168.157.219:39557
	at sun.nio.ch.SocketChannelImpl.checkConnect(Native Method)
	at sun.nio.ch.SocketChannelImpl.finishConnect(SocketChannelImpl.java:717)
	at org.apache.ratis.thirdparty.io.netty.channel.socket.nio.NioSocketChannel.doFinishConnect(NioSocketChannel.java:327)
	at org.apache.ratis.thirdparty.io.netty.channel.nio.AbstractNioChannel$AbstractNioUnsafe.finishConnect(AbstractNioChannel.java:340)
	at org.apache.ratis.thirdparty.io.netty.channel.nio.NioEventLoop.processSelectedKey(NioEventLoop.java:632)
	at org.apache.ratis.thirdparty.io.netty.channel.nio.NioEventLoop.processSelectedKeysOptimized(NioEventLoop.java:579)
	at org.apache.ratis.thirdparty.io.netty.channel.nio.NioEventLoop.processSelectedKeys(NioEventLoop.java:496)
	at org.apache.ratis.thirdparty.io.netty.channel.nio.NioEventLoop.run(NioEventLoop.java:458)
	at org.apache.ratis.thirdparty.io.netty.util.concurrent.SingleThreadEventExecutor$5.run(SingleThreadEventExecutor.java:897)
	at org.apache.ratis.thirdparty.io.netty.util.concurrent.FastThreadLocalRunnable.run(FastThreadLocalRunnable.java:30)
	... 1 more
Caused by: java.net.ConnectException: Connection refused
	... 11 more
2019-09-17 11:51:32,481 [db5c95e9-dab2-4d3b-9775-2e3d4de03f2d@group-4033F378C501:LeaderElection18] INFO  impl.LeaderElection (LogUtils.java:infoOrTrace(149)) -   Exception 1: {}
java.util.concurrent.ExecutionException: org.apache.ratis.thirdparty.io.grpc.StatusRuntimeException: UNAVAILABLE: io exception
	at java.util.concurrent.FutureTask.report(FutureTask.java:122)
	at java.util.concurrent.FutureTask.get(FutureTask.java:192)
	at org.apache.ratis.server.impl.LeaderElection.waitForResults(LeaderElection.java:263)
	at org.apache.ratis.server.impl.LeaderElection.askForVotes(LeaderElection.java:201)
	at org.apache.ratis.server.impl.LeaderElection.run(LeaderElection.java:133)
	at java.lang.Thread.run(Thread.java:748)
Caused by: org.apache.ratis.thirdparty.io.grpc.StatusRuntimeException: UNAVAILABLE: io exception
	at org.apache.ratis.thirdparty.io.grpc.stub.ClientCalls.toStatusRuntimeException(ClientCalls.java:233)
	at org.apache.ratis.thirdparty.io.grpc.stub.ClientCalls.getUnchecked(ClientCalls.java:214)
	at org.apache.ratis.thirdparty.io.grpc.stub.ClientCalls.blockingUnaryCall(ClientCalls.java:139)
	at org.apache.ratis.proto.grpc.RaftServerProtocolServiceGrpc$RaftServerProtocolServiceBlockingStub.requestVote(RaftServerProtocolServiceGrpc.java:265)
	at org.apache.ratis.grpc.server.GrpcServerProtocolClient.requestVote(GrpcServerProtocolClient.java:90)
	at org.apache.ratis.grpc.server.GrpcService.requestVote(GrpcService.java:204)
	at org.apache.ratis.server.impl.LeaderElection.lambda$submitRequests$1(LeaderElection.java:238)
	at java.util.concurrent.FutureTask.run(FutureTask.java:266)
	at java.util.concurrent.Executors$RunnableAdapter.call(Executors.java:511)
	at java.util.concurrent.FutureTask.run(FutureTask.java:266)
	at java.util.concurrent.ThreadPoolExecutor.runWorker(ThreadPoolExecutor.java:1149)
	at java.util.concurrent.ThreadPoolExecutor$Worker.run(ThreadPoolExecutor.java:624)
	... 1 more
Caused by: org.apache.ratis.thirdparty.io.netty.channel.AbstractChannel$AnnotatedConnectException: Connection refused: /192.168.157.219:42903
	at sun.nio.ch.SocketChannelImpl.checkConnect(Native Method)
	at sun.nio.ch.SocketChannelImpl.finishConnect(SocketChannelImpl.java:717)
	at org.apache.ratis.thirdparty.io.netty.channel.socket.nio.NioSocketChannel.doFinishConnect(NioSocketChannel.java:327)
	at org.apache.ratis.thirdparty.io.netty.channel.nio.AbstractNioChannel$AbstractNioUnsafe.finishConnect(AbstractNioChannel.java:340)
	at org.apache.ratis.thirdparty.io.netty.channel.nio.NioEventLoop.processSelectedKey(NioEventLoop.java:632)
	at org.apache.ratis.thirdparty.io.netty.channel.nio.NioEventLoop.processSelectedKeysOptimized(NioEventLoop.java:579)
	at org.apache.ratis.thirdparty.io.netty.channel.nio.NioEventLoop.processSelectedKeys(NioEventLoop.java:496)
	at org.apache.ratis.thirdparty.io.netty.channel.nio.NioEventLoop.run(NioEventLoop.java:458)
	at org.apache.ratis.thirdparty.io.netty.util.concurrent.SingleThreadEventExecutor$5.run(SingleThreadEventExecutor.java:897)
	at org.apache.ratis.thirdparty.io.netty.util.concurrent.FastThreadLocalRunnable.run(FastThreadLocalRunnable.java:30)
	... 1 more
Caused by: java.net.ConnectException: Connection refused
	... 11 more
2019-09-17 11:51:32,482 [db5c95e9-dab2-4d3b-9775-2e3d4de03f2d@group-4033F378C501:LeaderElection18] INFO  impl.RaftServerImpl (RaftServerImpl.java:setRole(174)) - db5c95e9-dab2-4d3b-9775-2e3d4de03f2d@group-4033F378C501: changes role from CANDIDATE to FOLLOWER at term 3 for DISCOVERED_A_NEW_TERM
2019-09-17 11:51:32,484 [db5c95e9-dab2-4d3b-9775-2e3d4de03f2d@group-4033F378C501:LeaderElection18] INFO  impl.RoleInfo (RoleInfo.java:shutdownLeaderElection(134)) - db5c95e9-dab2-4d3b-9775-2e3d4de03f2d: shutdown LeaderElection
2019-09-17 11:51:32,484 [db5c95e9-dab2-4d3b-9775-2e3d4de03f2d@group-4033F378C501:LeaderElection18] INFO  impl.RoleInfo (RoleInfo.java:updateAndGet(143)) - db5c95e9-dab2-4d3b-9775-2e3d4de03f2d: start FollowerState
2019-09-17 11:51:32,620 [java.util.concurrent.ThreadPoolExecutor$Worker@3cd8d43b[State = -1, empty queue]] WARN  server.GrpcLogAppender (GrpcLogAppender.java:timeoutAppendRequest(200)) - ee155057-4acb-4f3f-9013-4bd3c5a101b6@group-B3F5A0A8BDBD->533f21c9-6148-4926-981b-3030ea271196-GrpcLogAppender: appendEntries Timeout, request=ee155057-4acb-4f3f-9013-4bd3c5a101b6->533f21c9-6148-4926-981b-3030ea271196#93-t2, previous=(t:2, i:20), leaderCommit=16, initializing? false, entries: <empty>
2019-09-17 11:51:32,620 [java.util.concurrent.ThreadPoolExecutor$Worker@5a9b47f8[State = -1, empty queue]] WARN  server.GrpcLogAppender (GrpcLogAppender.java:timeoutAppendRequest(200)) - ee155057-4acb-4f3f-9013-4bd3c5a101b6@group-B3F5A0A8BDBD->90cc32e6-bdd6-4f93-abb1-bc520dd025bc-GrpcLogAppender: appendEntries Timeout, request=ee155057-4acb-4f3f-9013-4bd3c5a101b6->90cc32e6-bdd6-4f93-abb1-bc520dd025bc#93-t2, previous=(t:2, i:20), leaderCommit=16, initializing? false, entries: <empty>
2019-09-17 11:51:33,120 [java.util.concurrent.ThreadPoolExecutor$Worker@3cd8d43b[State = -1, empty queue]] WARN  server.GrpcLogAppender (GrpcLogAppender.java:timeoutAppendRequest(200)) - ee155057-4acb-4f3f-9013-4bd3c5a101b6@group-B3F5A0A8BDBD->533f21c9-6148-4926-981b-3030ea271196-GrpcLogAppender: appendEntries Timeout, request=ee155057-4acb-4f3f-9013-4bd3c5a101b6->533f21c9-6148-4926-981b-3030ea271196#94-t2, previous=(t:2, i:20), leaderCommit=16, initializing? false, entries: <empty>
2019-09-17 11:51:33,120 [java.util.concurrent.ThreadPoolExecutor$Worker@5a9b47f8[State = -1, empty queue]] WARN  server.GrpcLogAppender (GrpcLogAppender.java:timeoutAppendRequest(200)) - ee155057-4acb-4f3f-9013-4bd3c5a101b6@group-B3F5A0A8BDBD->90cc32e6-bdd6-4f93-abb1-bc520dd025bc-GrpcLogAppender: appendEntries Timeout, request=ee155057-4acb-4f3f-9013-4bd3c5a101b6->90cc32e6-bdd6-4f93-abb1-bc520dd025bc#94-t2, previous=(t:2, i:20), leaderCommit=16, initializing? false, entries: <empty>
2019-09-17 11:51:33,452 [grpc-default-executor-1] INFO  client.GrpcClientProtocolClient (GrpcClientProtocolClient.java:onNext(264)) - client-517B9A8AF683->db5c95e9-dab2-4d3b-9775-2e3d4de03f2d: receive RaftClientReply:client-517B9A8AF683->db5c95e9-dab2-4d3b-9775-2e3d4de03f2d@group-4033F378C501, cid=59, FAILED org.apache.ratis.protocol.NotLeaderException: Server db5c95e9-dab2-4d3b-9775-2e3d4de03f2d@group-4033F378C501 is not the leader, logIndex=0, commits[db5c95e9-dab2-4d3b-9775-2e3d4de03f2d:c28, 768e87e1-01a1-4abe-adbb-724fc729cfde:c16, 0efbdbeb-0caf-4be4-a340-f9adf92e227b:c28]
2019-09-17 11:51:33,497 [Thread-1069] INFO  impl.FollowerState (FollowerState.java:run(106)) - db5c95e9-dab2-4d3b-9775-2e3d4de03f2d:group-4033F378C501 changes to CANDIDATE, lastRpcTime:1013, electionTimeout:1006ms
2019-09-17 11:51:33,497 [Thread-1069] INFO  impl.RoleInfo (RoleInfo.java:shutdownFollowerState(121)) - db5c95e9-dab2-4d3b-9775-2e3d4de03f2d: shutdown FollowerState
2019-09-17 11:51:33,497 [Thread-1069] INFO  impl.RaftServerImpl (RaftServerImpl.java:setRole(174)) - db5c95e9-dab2-4d3b-9775-2e3d4de03f2d@group-4033F378C501: changes role from  FOLLOWER to CANDIDATE at term 3 for changeToCandidate
2019-09-17 11:51:33,498 [Thread-1069] INFO  impl.RoleInfo (RoleInfo.java:updateAndGet(143)) - db5c95e9-dab2-4d3b-9775-2e3d4de03f2d: start LeaderElection
2019-09-17 11:51:33,526 [db5c95e9-dab2-4d3b-9775-2e3d4de03f2d@group-4033F378C501:LeaderElection19] INFO  impl.LeaderElection (LeaderElection.java:askForVotes(182)) - db5c95e9-dab2-4d3b-9775-2e3d4de03f2d@group-4033F378C501:LeaderElection19: begin an election at term 4 for 0: [768e87e1-01a1-4abe-adbb-724fc729cfde:192.168.157.219:39557, 0efbdbeb-0caf-4be4-a340-f9adf92e227b:192.168.157.219:42903, db5c95e9-dab2-4d3b-9775-2e3d4de03f2d:192.168.157.219:43472], old=null
2019-09-17 11:51:33,530 [db5c95e9-dab2-4d3b-9775-2e3d4de03f2d@group-4033F378C501:LeaderElection19] INFO  impl.LeaderElection (LogUtils.java:infoOrTrace(149)) - db5c95e9-dab2-4d3b-9775-2e3d4de03f2d@group-4033F378C501:LeaderElection19 got exception when requesting votes: {}
java.util.concurrent.ExecutionException: org.apache.ratis.thirdparty.io.grpc.StatusRuntimeException: UNAVAILABLE: io exception
	at java.util.concurrent.FutureTask.report(FutureTask.java:122)
	at java.util.concurrent.FutureTask.get(FutureTask.java:192)
	at org.apache.ratis.server.impl.LeaderElection.waitForResults(LeaderElection.java:263)
	at org.apache.ratis.server.impl.LeaderElection.askForVotes(LeaderElection.java:201)
	at org.apache.ratis.server.impl.LeaderElection.run(LeaderElection.java:133)
	at java.lang.Thread.run(Thread.java:748)
Caused by: org.apache.ratis.thirdparty.io.grpc.StatusRuntimeException: UNAVAILABLE: io exception
	at org.apache.ratis.thirdparty.io.grpc.stub.ClientCalls.toStatusRuntimeException(ClientCalls.java:233)
	at org.apache.ratis.thirdparty.io.grpc.stub.ClientCalls.getUnchecked(ClientCalls.java:214)
	at org.apache.ratis.thirdparty.io.grpc.stub.ClientCalls.blockingUnaryCall(ClientCalls.java:139)
	at org.apache.ratis.proto.grpc.RaftServerProtocolServiceGrpc$RaftServerProtocolServiceBlockingStub.requestVote(RaftServerProtocolServiceGrpc.java:265)
	at org.apache.ratis.grpc.server.GrpcServerProtocolClient.requestVote(GrpcServerProtocolClient.java:90)
	at org.apache.ratis.grpc.server.GrpcService.requestVote(GrpcService.java:204)
	at org.apache.ratis.server.impl.LeaderElection.lambda$submitRequests$1(LeaderElection.java:238)
	at java.util.concurrent.FutureTask.run(FutureTask.java:266)
	at java.util.concurrent.Executors$RunnableAdapter.call(Executors.java:511)
	at java.util.concurrent.FutureTask.run(FutureTask.java:266)
	at java.util.concurrent.ThreadPoolExecutor.runWorker(ThreadPoolExecutor.java:1149)
	at java.util.concurrent.ThreadPoolExecutor$Worker.run(ThreadPoolExecutor.java:624)
	... 1 more
Caused by: org.apache.ratis.thirdparty.io.netty.channel.AbstractChannel$AnnotatedConnectException: Connection refused: /192.168.157.219:42903
	at sun.nio.ch.SocketChannelImpl.checkConnect(Native Method)
	at sun.nio.ch.SocketChannelImpl.finishConnect(SocketChannelImpl.java:717)
	at org.apache.ratis.thirdparty.io.netty.channel.socket.nio.NioSocketChannel.doFinishConnect(NioSocketChannel.java:327)
	at org.apache.ratis.thirdparty.io.netty.channel.nio.AbstractNioChannel$AbstractNioUnsafe.finishConnect(AbstractNioChannel.java:340)
	at org.apache.ratis.thirdparty.io.netty.channel.nio.NioEventLoop.processSelectedKey(NioEventLoop.java:632)
	at org.apache.ratis.thirdparty.io.netty.channel.nio.NioEventLoop.processSelectedKeysOptimized(NioEventLoop.java:579)
	at org.apache.ratis.thirdparty.io.netty.channel.nio.NioEventLoop.processSelectedKeys(NioEventLoop.java:496)
	at org.apache.ratis.thirdparty.io.netty.channel.nio.NioEventLoop.run(NioEventLoop.java:458)
	at org.apache.ratis.thirdparty.io.netty.util.concurrent.SingleThreadEventExecutor$5.run(SingleThreadEventExecutor.java:897)
	at org.apache.ratis.thirdparty.io.netty.util.concurrent.FastThreadLocalRunnable.run(FastThreadLocalRunnable.java:30)
	... 1 more
Caused by: java.net.ConnectException: Connection refused
	... 11 more
2019-09-17 11:51:33,532 [db5c95e9-dab2-4d3b-9775-2e3d4de03f2d@group-4033F378C501:LeaderElection19] INFO  impl.LeaderElection (LogUtils.java:infoOrTrace(149)) - db5c95e9-dab2-4d3b-9775-2e3d4de03f2d@group-4033F378C501:LeaderElection19 got exception when requesting votes: {}
java.util.concurrent.ExecutionException: org.apache.ratis.thirdparty.io.grpc.StatusRuntimeException: UNAVAILABLE: io exception
	at java.util.concurrent.FutureTask.report(FutureTask.java:122)
	at java.util.concurrent.FutureTask.get(FutureTask.java:192)
	at org.apache.ratis.server.impl.LeaderElection.waitForResults(LeaderElection.java:263)
	at org.apache.ratis.server.impl.LeaderElection.askForVotes(LeaderElection.java:201)
	at org.apache.ratis.server.impl.LeaderElection.run(LeaderElection.java:133)
	at java.lang.Thread.run(Thread.java:748)
Caused by: org.apache.ratis.thirdparty.io.grpc.StatusRuntimeException: UNAVAILABLE: io exception
	at org.apache.ratis.thirdparty.io.grpc.stub.ClientCalls.toStatusRuntimeException(ClientCalls.java:233)
	at org.apache.ratis.thirdparty.io.grpc.stub.ClientCalls.getUnchecked(ClientCalls.java:214)
	at org.apache.ratis.thirdparty.io.grpc.stub.ClientCalls.blockingUnaryCall(ClientCalls.java:139)
	at org.apache.ratis.proto.grpc.RaftServerProtocolServiceGrpc$RaftServerProtocolServiceBlockingStub.requestVote(RaftServerProtocolServiceGrpc.java:265)
	at org.apache.ratis.grpc.server.GrpcServerProtocolClient.requestVote(GrpcServerProtocolClient.java:90)
	at org.apache.ratis.grpc.server.GrpcService.requestVote(GrpcService.java:204)
	at org.apache.ratis.server.impl.LeaderElection.lambda$submitRequests$1(LeaderElection.java:238)
	at java.util.concurrent.FutureTask.run(FutureTask.java:266)
	at java.util.concurrent.Executors$RunnableAdapter.call(Executors.java:511)
	at java.util.concurrent.FutureTask.run(FutureTask.java:266)
	at java.util.concurrent.ThreadPoolExecutor.runWorker(ThreadPoolExecutor.java:1149)
	at java.util.concurrent.ThreadPoolExecutor$Worker.run(ThreadPoolExecutor.java:624)
	... 1 more
Caused by: org.apache.ratis.thirdparty.io.netty.channel.AbstractChannel$AnnotatedConnectException: Connection refused: /192.168.157.219:39557
	at sun.nio.ch.SocketChannelImpl.checkConnect(Native Method)
	at sun.nio.ch.SocketChannelImpl.finishConnect(SocketChannelImpl.java:717)
	at org.apache.ratis.thirdparty.io.netty.channel.socket.nio.NioSocketChannel.doFinishConnect(NioSocketChannel.java:327)
	at org.apache.ratis.thirdparty.io.netty.channel.nio.AbstractNioChannel$AbstractNioUnsafe.finishConnect(AbstractNioChannel.java:340)
	at org.apache.ratis.thirdparty.io.netty.channel.nio.NioEventLoop.processSelectedKey(NioEventLoop.java:632)
	at org.apache.ratis.thirdparty.io.netty.channel.nio.NioEventLoop.processSelectedKeysOptimized(NioEventLoop.java:579)
	at org.apache.ratis.thirdparty.io.netty.channel.nio.NioEventLoop.processSelectedKeys(NioEventLoop.java:496)
	at org.apache.ratis.thirdparty.io.netty.channel.nio.NioEventLoop.run(NioEventLoop.java:458)
	at org.apache.ratis.thirdparty.io.netty.util.concurrent.SingleThreadEventExecutor$5.run(SingleThreadEventExecutor.java:897)
	at org.apache.ratis.thirdparty.io.netty.util.concurrent.FastThreadLocalRunnable.run(FastThreadLocalRunnable.java:30)
	... 1 more
Caused by: java.net.ConnectException: Connection refused
	... 11 more
2019-09-17 11:51:33,534 [db5c95e9-dab2-4d3b-9775-2e3d4de03f2d@group-4033F378C501:LeaderElection19] INFO  impl.LeaderElection (LeaderElection.java:logAndReturn(56)) - db5c95e9-dab2-4d3b-9775-2e3d4de03f2d@group-4033F378C501:LeaderElection19: Election REJECTED; received 0 response(s) [] and 2 exception(s); db5c95e9-dab2-4d3b-9775-2e3d4de03f2d@group-4033F378C501:t4, leader=null, voted=db5c95e9-dab2-4d3b-9775-2e3d4de03f2d, raftlog=db5c95e9-dab2-4d3b-9775-2e3d4de03f2d@group-4033F378C501-SegmentedRaftLog:OPENED:c28,f28,i28, conf=0: [768e87e1-01a1-4abe-adbb-724fc729cfde:192.168.157.219:39557, 0efbdbeb-0caf-4be4-a340-f9adf92e227b:192.168.157.219:42903, db5c95e9-dab2-4d3b-9775-2e3d4de03f2d:192.168.157.219:43472], old=null
2019-09-17 11:51:33,534 [db5c95e9-dab2-4d3b-9775-2e3d4de03f2d@group-4033F378C501:LeaderElection19] INFO  impl.LeaderElection (LogUtils.java:infoOrTrace(149)) -   Exception 0: {}
java.util.concurrent.ExecutionException: org.apache.ratis.thirdparty.io.grpc.StatusRuntimeException: UNAVAILABLE: io exception
	at java.util.concurrent.FutureTask.report(FutureTask.java:122)
	at java.util.concurrent.FutureTask.get(FutureTask.java:192)
	at org.apache.ratis.server.impl.LeaderElection.waitForResults(LeaderElection.java:263)
	at org.apache.ratis.server.impl.LeaderElection.askForVotes(LeaderElection.java:201)
	at org.apache.ratis.server.impl.LeaderElection.run(LeaderElection.java:133)
	at java.lang.Thread.run(Thread.java:748)
Caused by: org.apache.ratis.thirdparty.io.grpc.StatusRuntimeException: UNAVAILABLE: io exception
	at org.apache.ratis.thirdparty.io.grpc.stub.ClientCalls.toStatusRuntimeException(ClientCalls.java:233)
	at org.apache.ratis.thirdparty.io.grpc.stub.ClientCalls.getUnchecked(ClientCalls.java:214)
	at org.apache.ratis.thirdparty.io.grpc.stub.ClientCalls.blockingUnaryCall(ClientCalls.java:139)
	at org.apache.ratis.proto.grpc.RaftServerProtocolServiceGrpc$RaftServerProtocolServiceBlockingStub.requestVote(RaftServerProtocolServiceGrpc.java:265)
	at org.apache.ratis.grpc.server.GrpcServerProtocolClient.requestVote(GrpcServerProtocolClient.java:90)
	at org.apache.ratis.grpc.server.GrpcService.requestVote(GrpcService.java:204)
	at org.apache.ratis.server.impl.LeaderElection.lambda$submitRequests$1(LeaderElection.java:238)
	at java.util.concurrent.FutureTask.run(FutureTask.java:266)
	at java.util.concurrent.Executors$RunnableAdapter.call(Executors.java:511)
	at java.util.concurrent.FutureTask.run(FutureTask.java:266)
	at java.util.concurrent.ThreadPoolExecutor.runWorker(ThreadPoolExecutor.java:1149)
	at java.util.concurrent.ThreadPoolExecutor$Worker.run(ThreadPoolExecutor.java:624)
	... 1 more
Caused by: org.apache.ratis.thirdparty.io.netty.channel.AbstractChannel$AnnotatedConnectException: Connection refused: /192.168.157.219:42903
	at sun.nio.ch.SocketChannelImpl.checkConnect(Native Method)
	at sun.nio.ch.SocketChannelImpl.finishConnect(SocketChannelImpl.java:717)
	at org.apache.ratis.thirdparty.io.netty.channel.socket.nio.NioSocketChannel.doFinishConnect(NioSocketChannel.java:327)
	at org.apache.ratis.thirdparty.io.netty.channel.nio.AbstractNioChannel$AbstractNioUnsafe.finishConnect(AbstractNioChannel.java:340)
	at org.apache.ratis.thirdparty.io.netty.channel.nio.NioEventLoop.processSelectedKey(NioEventLoop.java:632)
	at org.apache.ratis.thirdparty.io.netty.channel.nio.NioEventLoop.processSelectedKeysOptimized(NioEventLoop.java:579)
	at org.apache.ratis.thirdparty.io.netty.channel.nio.NioEventLoop.processSelectedKeys(NioEventLoop.java:496)
	at org.apache.ratis.thirdparty.io.netty.channel.nio.NioEventLoop.run(NioEventLoop.java:458)
	at org.apache.ratis.thirdparty.io.netty.util.concurrent.SingleThreadEventExecutor$5.run(SingleThreadEventExecutor.java:897)
	at org.apache.ratis.thirdparty.io.netty.util.concurrent.FastThreadLocalRunnable.run(FastThreadLocalRunnable.java:30)
	... 1 more
Caused by: java.net.ConnectException: Connection refused
	... 11 more
2019-09-17 11:51:33,535 [db5c95e9-dab2-4d3b-9775-2e3d4de03f2d@group-4033F378C501:LeaderElection19] INFO  impl.LeaderElection (LogUtils.java:infoOrTrace(149)) -   Exception 1: {}
java.util.concurrent.ExecutionException: org.apache.ratis.thirdparty.io.grpc.StatusRuntimeException: UNAVAILABLE: io exception
	at java.util.concurrent.FutureTask.report(FutureTask.java:122)
	at java.util.concurrent.FutureTask.get(FutureTask.java:192)
	at org.apache.ratis.server.impl.LeaderElection.waitForResults(LeaderElection.java:263)
	at org.apache.ratis.server.impl.LeaderElection.askForVotes(LeaderElection.java:201)
	at org.apache.ratis.server.impl.LeaderElection.run(LeaderElection.java:133)
	at java.lang.Thread.run(Thread.java:748)
Caused by: org.apache.ratis.thirdparty.io.grpc.StatusRuntimeException: UNAVAILABLE: io exception
	at org.apache.ratis.thirdparty.io.grpc.stub.ClientCalls.toStatusRuntimeException(ClientCalls.java:233)
	at org.apache.ratis.thirdparty.io.grpc.stub.ClientCalls.getUnchecked(ClientCalls.java:214)
	at org.apache.ratis.thirdparty.io.grpc.stub.ClientCalls.blockingUnaryCall(ClientCalls.java:139)
	at org.apache.ratis.proto.grpc.RaftServerProtocolServiceGrpc$RaftServerProtocolServiceBlockingStub.requestVote(RaftServerProtocolServiceGrpc.java:265)
	at org.apache.ratis.grpc.server.GrpcServerProtocolClient.requestVote(GrpcServerProtocolClient.java:90)
	at org.apache.ratis.grpc.server.GrpcService.requestVote(GrpcService.java:204)
	at org.apache.ratis.server.impl.LeaderElection.lambda$submitRequests$1(LeaderElection.java:238)
	at java.util.concurrent.FutureTask.run(FutureTask.java:266)
	at java.util.concurrent.Executors$RunnableAdapter.call(Executors.java:511)
	at java.util.concurrent.FutureTask.run(FutureTask.java:266)
	at java.util.concurrent.ThreadPoolExecutor.runWorker(ThreadPoolExecutor.java:1149)
	at java.util.concurrent.ThreadPoolExecutor$Worker.run(ThreadPoolExecutor.java:624)
	... 1 more
Caused by: org.apache.ratis.thirdparty.io.netty.channel.AbstractChannel$AnnotatedConnectException: Connection refused: /192.168.157.219:39557
	at sun.nio.ch.SocketChannelImpl.checkConnect(Native Method)
	at sun.nio.ch.SocketChannelImpl.finishConnect(SocketChannelImpl.java:717)
	at org.apache.ratis.thirdparty.io.netty.channel.socket.nio.NioSocketChannel.doFinishConnect(NioSocketChannel.java:327)
	at org.apache.ratis.thirdparty.io.netty.channel.nio.AbstractNioChannel$AbstractNioUnsafe.finishConnect(AbstractNioChannel.java:340)
	at org.apache.ratis.thirdparty.io.netty.channel.nio.NioEventLoop.processSelectedKey(NioEventLoop.java:632)
	at org.apache.ratis.thirdparty.io.netty.channel.nio.NioEventLoop.processSelectedKeysOptimized(NioEventLoop.java:579)
	at org.apache.ratis.thirdparty.io.netty.channel.nio.NioEventLoop.processSelectedKeys(NioEventLoop.java:496)
	at org.apache.ratis.thirdparty.io.netty.channel.nio.NioEventLoop.run(NioEventLoop.java:458)
	at org.apache.ratis.thirdparty.io.netty.util.concurrent.SingleThreadEventExecutor$5.run(SingleThreadEventExecutor.java:897)
	at org.apache.ratis.thirdparty.io.netty.util.concurrent.FastThreadLocalRunnable.run(FastThreadLocalRunnable.java:30)
	... 1 more
Caused by: java.net.ConnectException: Connection refused
	... 11 more
2019-09-17 11:51:33,538 [db5c95e9-dab2-4d3b-9775-2e3d4de03f2d@group-4033F378C501:LeaderElection19] INFO  impl.RaftServerImpl (RaftServerImpl.java:setRole(174)) - db5c95e9-dab2-4d3b-9775-2e3d4de03f2d@group-4033F378C501: changes role from CANDIDATE to FOLLOWER at term 4 for DISCOVERED_A_NEW_TERM
2019-09-17 11:51:33,538 [db5c95e9-dab2-4d3b-9775-2e3d4de03f2d@group-4033F378C501:LeaderElection19] INFO  impl.RoleInfo (RoleInfo.java:shutdownLeaderElection(134)) - db5c95e9-dab2-4d3b-9775-2e3d4de03f2d: shutdown LeaderElection
2019-09-17 11:51:33,539 [db5c95e9-dab2-4d3b-9775-2e3d4de03f2d@group-4033F378C501:LeaderElection19] INFO  impl.RoleInfo (RoleInfo.java:updateAndGet(143)) - db5c95e9-dab2-4d3b-9775-2e3d4de03f2d: start FollowerState
2019-09-17 11:51:33,621 [java.util.concurrent.ThreadPoolExecutor$Worker@5a9b47f8[State = -1, empty queue]] WARN  server.GrpcLogAppender (GrpcLogAppender.java:timeoutAppendRequest(200)) - ee155057-4acb-4f3f-9013-4bd3c5a101b6@group-B3F5A0A8BDBD->90cc32e6-bdd6-4f93-abb1-bc520dd025bc-GrpcLogAppender: appendEntries Timeout, request=ee155057-4acb-4f3f-9013-4bd3c5a101b6->90cc32e6-bdd6-4f93-abb1-bc520dd025bc#95-t2, previous=(t:2, i:20), leaderCommit=16, initializing? false, entries: <empty>
2019-09-17 11:51:33,621 [java.util.concurrent.ThreadPoolExecutor$Worker@3cd8d43b[State = -1, empty queue]] WARN  server.GrpcLogAppender (GrpcLogAppender.java:timeoutAppendRequest(200)) - ee155057-4acb-4f3f-9013-4bd3c5a101b6@group-B3F5A0A8BDBD->533f21c9-6148-4926-981b-3030ea271196-GrpcLogAppender: appendEntries Timeout, request=ee155057-4acb-4f3f-9013-4bd3c5a101b6->533f21c9-6148-4926-981b-3030ea271196#95-t2, previous=(t:2, i:20), leaderCommit=16, initializing? false, entries: <empty>
2019-09-17 11:51:34,121 [java.util.concurrent.ThreadPoolExecutor$Worker@3cd8d43b[State = -1, empty queue]] WARN  server.GrpcLogAppender (GrpcLogAppender.java:timeoutAppendRequest(200)) - ee155057-4acb-4f3f-9013-4bd3c5a101b6@group-B3F5A0A8BDBD->533f21c9-6148-4926-981b-3030ea271196-GrpcLogAppender: appendEntries Timeout, request=ee155057-4acb-4f3f-9013-4bd3c5a101b6->533f21c9-6148-4926-981b-3030ea271196#96-t2, previous=(t:2, i:20), leaderCommit=16, initializing? false, entries: <empty>
2019-09-17 11:51:34,121 [java.util.concurrent.ThreadPoolExecutor$Worker@5a9b47f8[State = -1, empty queue]] WARN  server.GrpcLogAppender (GrpcLogAppender.java:timeoutAppendRequest(200)) - ee155057-4acb-4f3f-9013-4bd3c5a101b6@group-B3F5A0A8BDBD->90cc32e6-bdd6-4f93-abb1-bc520dd025bc-GrpcLogAppender: appendEntries Timeout, request=ee155057-4acb-4f3f-9013-4bd3c5a101b6->90cc32e6-bdd6-4f93-abb1-bc520dd025bc#96-t2, previous=(t:2, i:20), leaderCommit=16, initializing? false, entries: <empty>
2019-09-17 11:51:34,471 [grpc-default-executor-1] INFO  client.GrpcClientProtocolClient (GrpcClientProtocolClient.java:onNext(264)) - client-517B9A8AF683->db5c95e9-dab2-4d3b-9775-2e3d4de03f2d: receive RaftClientReply:client-517B9A8AF683->db5c95e9-dab2-4d3b-9775-2e3d4de03f2d@group-4033F378C501, cid=59, FAILED org.apache.ratis.protocol.NotLeaderException: Server db5c95e9-dab2-4d3b-9775-2e3d4de03f2d@group-4033F378C501 is not the leader, logIndex=0, commits[db5c95e9-dab2-4d3b-9775-2e3d4de03f2d:c28, 768e87e1-01a1-4abe-adbb-724fc729cfde:c16, 0efbdbeb-0caf-4be4-a340-f9adf92e227b:c28]
2019-09-17 11:51:34,623 [java.util.concurrent.ThreadPoolExecutor$Worker@5a9b47f8[State = -1, empty queue]] WARN  server.GrpcLogAppender (GrpcLogAppender.java:timeoutAppendRequest(200)) - ee155057-4acb-4f3f-9013-4bd3c5a101b6@group-B3F5A0A8BDBD->90cc32e6-bdd6-4f93-abb1-bc520dd025bc-GrpcLogAppender: appendEntries Timeout, request=ee155057-4acb-4f3f-9013-4bd3c5a101b6->90cc32e6-bdd6-4f93-abb1-bc520dd025bc#97-t2, previous=(t:2, i:20), leaderCommit=16, initializing? false, entries: <empty>
2019-09-17 11:51:34,623 [java.util.concurrent.ThreadPoolExecutor$Worker@3cd8d43b[State = -1, empty queue]] WARN  server.GrpcLogAppender (GrpcLogAppender.java:timeoutAppendRequest(200)) - ee155057-4acb-4f3f-9013-4bd3c5a101b6@group-B3F5A0A8BDBD->533f21c9-6148-4926-981b-3030ea271196-GrpcLogAppender: appendEntries Timeout, request=ee155057-4acb-4f3f-9013-4bd3c5a101b6->533f21c9-6148-4926-981b-3030ea271196#97-t2, previous=(t:2, i:20), leaderCommit=16, initializing? false, entries: <empty>
2019-09-17 11:51:34,739 [Thread-1085] INFO  impl.FollowerState (FollowerState.java:run(106)) - db5c95e9-dab2-4d3b-9775-2e3d4de03f2d:group-4033F378C501 changes to CANDIDATE, lastRpcTime:1200, electionTimeout:1198ms
2019-09-17 11:51:34,739 [Thread-1085] INFO  impl.RoleInfo (RoleInfo.java:shutdownFollowerState(121)) - db5c95e9-dab2-4d3b-9775-2e3d4de03f2d: shutdown FollowerState
2019-09-17 11:51:34,739 [Thread-1085] INFO  impl.RaftServerImpl (RaftServerImpl.java:setRole(174)) - db5c95e9-dab2-4d3b-9775-2e3d4de03f2d@group-4033F378C501: changes role from  FOLLOWER to CANDIDATE at term 4 for changeToCandidate
2019-09-17 11:51:34,740 [Thread-1085] INFO  impl.RoleInfo (RoleInfo.java:updateAndGet(143)) - db5c95e9-dab2-4d3b-9775-2e3d4de03f2d: start LeaderElection
2019-09-17 11:51:34,757 [db5c95e9-dab2-4d3b-9775-2e3d4de03f2d@group-4033F378C501:LeaderElection20] INFO  impl.LeaderElection (LeaderElection.java:askForVotes(182)) - db5c95e9-dab2-4d3b-9775-2e3d4de03f2d@group-4033F378C501:LeaderElection20: begin an election at term 5 for 0: [768e87e1-01a1-4abe-adbb-724fc729cfde:192.168.157.219:39557, 0efbdbeb-0caf-4be4-a340-f9adf92e227b:192.168.157.219:42903, db5c95e9-dab2-4d3b-9775-2e3d4de03f2d:192.168.157.219:43472], old=null
2019-09-17 11:51:34,759 [db5c95e9-dab2-4d3b-9775-2e3d4de03f2d@group-4033F378C501:LeaderElection20] INFO  impl.LeaderElection (LogUtils.java:infoOrTrace(149)) - db5c95e9-dab2-4d3b-9775-2e3d4de03f2d@group-4033F378C501:LeaderElection20 got exception when requesting votes: {}
java.util.concurrent.ExecutionException: org.apache.ratis.thirdparty.io.grpc.StatusRuntimeException: UNAVAILABLE: io exception
	at java.util.concurrent.FutureTask.report(FutureTask.java:122)
	at java.util.concurrent.FutureTask.get(FutureTask.java:192)
	at org.apache.ratis.server.impl.LeaderElection.waitForResults(LeaderElection.java:263)
	at org.apache.ratis.server.impl.LeaderElection.askForVotes(LeaderElection.java:201)
	at org.apache.ratis.server.impl.LeaderElection.run(LeaderElection.java:133)
	at java.lang.Thread.run(Thread.java:748)
Caused by: org.apache.ratis.thirdparty.io.grpc.StatusRuntimeException: UNAVAILABLE: io exception
	at org.apache.ratis.thirdparty.io.grpc.stub.ClientCalls.toStatusRuntimeException(ClientCalls.java:233)
	at org.apache.ratis.thirdparty.io.grpc.stub.ClientCalls.getUnchecked(ClientCalls.java:214)
	at org.apache.ratis.thirdparty.io.grpc.stub.ClientCalls.blockingUnaryCall(ClientCalls.java:139)
	at org.apache.ratis.proto.grpc.RaftServerProtocolServiceGrpc$RaftServerProtocolServiceBlockingStub.requestVote(RaftServerProtocolServiceGrpc.java:265)
	at org.apache.ratis.grpc.server.GrpcServerProtocolClient.requestVote(GrpcServerProtocolClient.java:90)
	at org.apache.ratis.grpc.server.GrpcService.requestVote(GrpcService.java:204)
	at org.apache.ratis.server.impl.LeaderElection.lambda$submitRequests$1(LeaderElection.java:238)
	at java.util.concurrent.FutureTask.run(FutureTask.java:266)
	at java.util.concurrent.Executors$RunnableAdapter.call(Executors.java:511)
	at java.util.concurrent.FutureTask.run(FutureTask.java:266)
	at java.util.concurrent.ThreadPoolExecutor.runWorker(ThreadPoolExecutor.java:1149)
	at java.util.concurrent.ThreadPoolExecutor$Worker.run(ThreadPoolExecutor.java:624)
	... 1 more
Caused by: org.apache.ratis.thirdparty.io.netty.channel.AbstractChannel$AnnotatedConnectException: Connection refused: /192.168.157.219:39557
	at sun.nio.ch.SocketChannelImpl.checkConnect(Native Method)
	at sun.nio.ch.SocketChannelImpl.finishConnect(SocketChannelImpl.java:717)
	at org.apache.ratis.thirdparty.io.netty.channel.socket.nio.NioSocketChannel.doFinishConnect(NioSocketChannel.java:327)
	at org.apache.ratis.thirdparty.io.netty.channel.nio.AbstractNioChannel$AbstractNioUnsafe.finishConnect(AbstractNioChannel.java:340)
	at org.apache.ratis.thirdparty.io.netty.channel.nio.NioEventLoop.processSelectedKey(NioEventLoop.java:632)
	at org.apache.ratis.thirdparty.io.netty.channel.nio.NioEventLoop.processSelectedKeysOptimized(NioEventLoop.java:579)
	at org.apache.ratis.thirdparty.io.netty.channel.nio.NioEventLoop.processSelectedKeys(NioEventLoop.java:496)
	at org.apache.ratis.thirdparty.io.netty.channel.nio.NioEventLoop.run(NioEventLoop.java:458)
	at org.apache.ratis.thirdparty.io.netty.util.concurrent.SingleThreadEventExecutor$5.run(SingleThreadEventExecutor.java:897)
	at org.apache.ratis.thirdparty.io.netty.util.concurrent.FastThreadLocalRunnable.run(FastThreadLocalRunnable.java:30)
	... 1 more
Caused by: java.net.ConnectException: Connection refused
	... 11 more
2019-09-17 11:51:34,764 [db5c95e9-dab2-4d3b-9775-2e3d4de03f2d@group-4033F378C501:LeaderElection20] INFO  impl.LeaderElection (LogUtils.java:infoOrTrace(149)) - db5c95e9-dab2-4d3b-9775-2e3d4de03f2d@group-4033F378C501:LeaderElection20 got exception when requesting votes: {}
java.util.concurrent.ExecutionException: org.apache.ratis.thirdparty.io.grpc.StatusRuntimeException: UNAVAILABLE: io exception
	at java.util.concurrent.FutureTask.report(FutureTask.java:122)
	at java.util.concurrent.FutureTask.get(FutureTask.java:192)
	at org.apache.ratis.server.impl.LeaderElection.waitForResults(LeaderElection.java:263)
	at org.apache.ratis.server.impl.LeaderElection.askForVotes(LeaderElection.java:201)
	at org.apache.ratis.server.impl.LeaderElection.run(LeaderElection.java:133)
	at java.lang.Thread.run(Thread.java:748)
Caused by: org.apache.ratis.thirdparty.io.grpc.StatusRuntimeException: UNAVAILABLE: io exception
	at org.apache.ratis.thirdparty.io.grpc.stub.ClientCalls.toStatusRuntimeException(ClientCalls.java:233)
	at org.apache.ratis.thirdparty.io.grpc.stub.ClientCalls.getUnchecked(ClientCalls.java:214)
	at org.apache.ratis.thirdparty.io.grpc.stub.ClientCalls.blockingUnaryCall(ClientCalls.java:139)
	at org.apache.ratis.proto.grpc.RaftServerProtocolServiceGrpc$RaftServerProtocolServiceBlockingStub.requestVote(RaftServerProtocolServiceGrpc.java:265)
	at org.apache.ratis.grpc.server.GrpcServerProtocolClient.requestVote(GrpcServerProtocolClient.java:90)
	at org.apache.ratis.grpc.server.GrpcService.requestVote(GrpcService.java:204)
	at org.apache.ratis.server.impl.LeaderElection.lambda$submitRequests$1(LeaderElection.java:238)
	at java.util.concurrent.FutureTask.run(FutureTask.java:266)
	at java.util.concurrent.Executors$RunnableAdapter.call(Executors.java:511)
	at java.util.concurrent.FutureTask.run(FutureTask.java:266)
	at java.util.concurrent.ThreadPoolExecutor.runWorker(ThreadPoolExecutor.java:1149)
	at java.util.concurrent.ThreadPoolExecutor$Worker.run(ThreadPoolExecutor.java:624)
	... 1 more
Caused by: org.apache.ratis.thirdparty.io.netty.channel.AbstractChannel$AnnotatedConnectException: Connection refused: /192.168.157.219:42903
	at sun.nio.ch.SocketChannelImpl.checkConnect(Native Method)
	at sun.nio.ch.SocketChannelImpl.finishConnect(SocketChannelImpl.java:717)
	at org.apache.ratis.thirdparty.io.netty.channel.socket.nio.NioSocketChannel.doFinishConnect(NioSocketChannel.java:327)
	at org.apache.ratis.thirdparty.io.netty.channel.nio.AbstractNioChannel$AbstractNioUnsafe.finishConnect(AbstractNioChannel.java:340)
	at org.apache.ratis.thirdparty.io.netty.channel.nio.NioEventLoop.processSelectedKey(NioEventLoop.java:632)
	at org.apache.ratis.thirdparty.io.netty.channel.nio.NioEventLoop.processSelectedKeysOptimized(NioEventLoop.java:579)
	at org.apache.ratis.thirdparty.io.netty.channel.nio.NioEventLoop.processSelectedKeys(NioEventLoop.java:496)
	at org.apache.ratis.thirdparty.io.netty.channel.nio.NioEventLoop.run(NioEventLoop.java:458)
	at org.apache.ratis.thirdparty.io.netty.util.concurrent.SingleThreadEventExecutor$5.run(SingleThreadEventExecutor.java:897)
	at org.apache.ratis.thirdparty.io.netty.util.concurrent.FastThreadLocalRunnable.run(FastThreadLocalRunnable.java:30)
	... 1 more
Caused by: java.net.ConnectException: Connection refused
	... 11 more
2019-09-17 11:51:34,767 [db5c95e9-dab2-4d3b-9775-2e3d4de03f2d@group-4033F378C501:LeaderElection20] INFO  impl.LeaderElection (LeaderElection.java:logAndReturn(56)) - db5c95e9-dab2-4d3b-9775-2e3d4de03f2d@group-4033F378C501:LeaderElection20: Election REJECTED; received 0 response(s) [] and 2 exception(s); db5c95e9-dab2-4d3b-9775-2e3d4de03f2d@group-4033F378C501:t5, leader=null, voted=db5c95e9-dab2-4d3b-9775-2e3d4de03f2d, raftlog=db5c95e9-dab2-4d3b-9775-2e3d4de03f2d@group-4033F378C501-SegmentedRaftLog:OPENED:c28,f28,i28, conf=0: [768e87e1-01a1-4abe-adbb-724fc729cfde:192.168.157.219:39557, 0efbdbeb-0caf-4be4-a340-f9adf92e227b:192.168.157.219:42903, db5c95e9-dab2-4d3b-9775-2e3d4de03f2d:192.168.157.219:43472], old=null
2019-09-17 11:51:34,768 [db5c95e9-dab2-4d3b-9775-2e3d4de03f2d@group-4033F378C501:LeaderElection20] INFO  impl.LeaderElection (LogUtils.java:infoOrTrace(149)) -   Exception 0: {}
java.util.concurrent.ExecutionException: org.apache.ratis.thirdparty.io.grpc.StatusRuntimeException: UNAVAILABLE: io exception
	at java.util.concurrent.FutureTask.report(FutureTask.java:122)
	at java.util.concurrent.FutureTask.get(FutureTask.java:192)
	at org.apache.ratis.server.impl.LeaderElection.waitForResults(LeaderElection.java:263)
	at org.apache.ratis.server.impl.LeaderElection.askForVotes(LeaderElection.java:201)
	at org.apache.ratis.server.impl.LeaderElection.run(LeaderElection.java:133)
	at java.lang.Thread.run(Thread.java:748)
Caused by: org.apache.ratis.thirdparty.io.grpc.StatusRuntimeException: UNAVAILABLE: io exception
	at org.apache.ratis.thirdparty.io.grpc.stub.ClientCalls.toStatusRuntimeException(ClientCalls.java:233)
	at org.apache.ratis.thirdparty.io.grpc.stub.ClientCalls.getUnchecked(ClientCalls.java:214)
	at org.apache.ratis.thirdparty.io.grpc.stub.ClientCalls.blockingUnaryCall(ClientCalls.java:139)
	at org.apache.ratis.proto.grpc.RaftServerProtocolServiceGrpc$RaftServerProtocolServiceBlockingStub.requestVote(RaftServerProtocolServiceGrpc.java:265)
	at org.apache.ratis.grpc.server.GrpcServerProtocolClient.requestVote(GrpcServerProtocolClient.java:90)
	at org.apache.ratis.grpc.server.GrpcService.requestVote(GrpcService.java:204)
	at org.apache.ratis.server.impl.LeaderElection.lambda$submitRequests$1(LeaderElection.java:238)
	at java.util.concurrent.FutureTask.run(FutureTask.java:266)
	at java.util.concurrent.Executors$RunnableAdapter.call(Executors.java:511)
	at java.util.concurrent.FutureTask.run(FutureTask.java:266)
	at java.util.concurrent.ThreadPoolExecutor.runWorker(ThreadPoolExecutor.java:1149)
	at java.util.concurrent.ThreadPoolExecutor$Worker.run(ThreadPoolExecutor.java:624)
	... 1 more
Caused by: org.apache.ratis.thirdparty.io.netty.channel.AbstractChannel$AnnotatedConnectException: Connection refused: /192.168.157.219:39557
	at sun.nio.ch.SocketChannelImpl.checkConnect(Native Method)
	at sun.nio.ch.SocketChannelImpl.finishConnect(SocketChannelImpl.java:717)
	at org.apache.ratis.thirdparty.io.netty.channel.socket.nio.NioSocketChannel.doFinishConnect(NioSocketChannel.java:327)
	at org.apache.ratis.thirdparty.io.netty.channel.nio.AbstractNioChannel$AbstractNioUnsafe.finishConnect(AbstractNioChannel.java:340)
	at org.apache.ratis.thirdparty.io.netty.channel.nio.NioEventLoop.processSelectedKey(NioEventLoop.java:632)
	at org.apache.ratis.thirdparty.io.netty.channel.nio.NioEventLoop.processSelectedKeysOptimized(NioEventLoop.java:579)
	at org.apache.ratis.thirdparty.io.netty.channel.nio.NioEventLoop.processSelectedKeys(NioEventLoop.java:496)
	at org.apache.ratis.thirdparty.io.netty.channel.nio.NioEventLoop.run(NioEventLoop.java:458)
	at org.apache.ratis.thirdparty.io.netty.util.concurrent.SingleThreadEventExecutor$5.run(SingleThreadEventExecutor.java:897)
	at org.apache.ratis.thirdparty.io.netty.util.concurrent.FastThreadLocalRunnable.run(FastThreadLocalRunnable.java:30)
	... 1 more
Caused by: java.net.ConnectException: Connection refused
	... 11 more
2019-09-17 11:51:34,768 [db5c95e9-dab2-4d3b-9775-2e3d4de03f2d@group-4033F378C501:LeaderElection20] INFO  impl.LeaderElection (LogUtils.java:infoOrTrace(149)) -   Exception 1: {}
java.util.concurrent.ExecutionException: org.apache.ratis.thirdparty.io.grpc.StatusRuntimeException: UNAVAILABLE: io exception
	at java.util.concurrent.FutureTask.report(FutureTask.java:122)
	at java.util.concurrent.FutureTask.get(FutureTask.java:192)
	at org.apache.ratis.server.impl.LeaderElection.waitForResults(LeaderElection.java:263)
	at org.apache.ratis.server.impl.LeaderElection.askForVotes(LeaderElection.java:201)
	at org.apache.ratis.server.impl.LeaderElection.run(LeaderElection.java:133)
	at java.lang.Thread.run(Thread.java:748)
Caused by: org.apache.ratis.thirdparty.io.grpc.StatusRuntimeException: UNAVAILABLE: io exception
	at org.apache.ratis.thirdparty.io.grpc.stub.ClientCalls.toStatusRuntimeException(ClientCalls.java:233)
	at org.apache.ratis.thirdparty.io.grpc.stub.ClientCalls.getUnchecked(ClientCalls.java:214)
	at org.apache.ratis.thirdparty.io.grpc.stub.ClientCalls.blockingUnaryCall(ClientCalls.java:139)
	at org.apache.ratis.proto.grpc.RaftServerProtocolServiceGrpc$RaftServerProtocolServiceBlockingStub.requestVote(RaftServerProtocolServiceGrpc.java:265)
	at org.apache.ratis.grpc.server.GrpcServerProtocolClient.requestVote(GrpcServerProtocolClient.java:90)
	at org.apache.ratis.grpc.server.GrpcService.requestVote(GrpcService.java:204)
	at org.apache.ratis.server.impl.LeaderElection.lambda$submitRequests$1(LeaderElection.java:238)
	at java.util.concurrent.FutureTask.run(FutureTask.java:266)
	at java.util.concurrent.Executors$RunnableAdapter.call(Executors.java:511)
	at java.util.concurrent.FutureTask.run(FutureTask.java:266)
	at java.util.concurrent.ThreadPoolExecutor.runWorker(ThreadPoolExecutor.java:1149)
	at java.util.concurrent.ThreadPoolExecutor$Worker.run(ThreadPoolExecutor.java:624)
	... 1 more
Caused by: org.apache.ratis.thirdparty.io.netty.channel.AbstractChannel$AnnotatedConnectException: Connection refused: /192.168.157.219:42903
	at sun.nio.ch.SocketChannelImpl.checkConnect(Native Method)
	at sun.nio.ch.SocketChannelImpl.finishConnect(SocketChannelImpl.java:717)
	at org.apache.ratis.thirdparty.io.netty.channel.socket.nio.NioSocketChannel.doFinishConnect(NioSocketChannel.java:327)
	at org.apache.ratis.thirdparty.io.netty.channel.nio.AbstractNioChannel$AbstractNioUnsafe.finishConnect(AbstractNioChannel.java:340)
	at org.apache.ratis.thirdparty.io.netty.channel.nio.NioEventLoop.processSelectedKey(NioEventLoop.java:632)
	at org.apache.ratis.thirdparty.io.netty.channel.nio.NioEventLoop.processSelectedKeysOptimized(NioEventLoop.java:579)
	at org.apache.ratis.thirdparty.io.netty.channel.nio.NioEventLoop.processSelectedKeys(NioEventLoop.java:496)
	at org.apache.ratis.thirdparty.io.netty.channel.nio.NioEventLoop.run(NioEventLoop.java:458)
	at org.apache.ratis.thirdparty.io.netty.util.concurrent.SingleThreadEventExecutor$5.run(SingleThreadEventExecutor.java:897)
	at org.apache.ratis.thirdparty.io.netty.util.concurrent.FastThreadLocalRunnable.run(FastThreadLocalRunnable.java:30)
	... 1 more
Caused by: java.net.ConnectException: Connection refused
	... 11 more
2019-09-17 11:51:34,769 [db5c95e9-dab2-4d3b-9775-2e3d4de03f2d@group-4033F378C501:LeaderElection20] INFO  impl.RaftServerImpl (RaftServerImpl.java:setRole(174)) - db5c95e9-dab2-4d3b-9775-2e3d4de03f2d@group-4033F378C501: changes role from CANDIDATE to FOLLOWER at term 5 for DISCOVERED_A_NEW_TERM
2019-09-17 11:51:34,771 [db5c95e9-dab2-4d3b-9775-2e3d4de03f2d@group-4033F378C501:LeaderElection20] INFO  impl.RoleInfo (RoleInfo.java:shutdownLeaderElection(134)) - db5c95e9-dab2-4d3b-9775-2e3d4de03f2d: shutdown LeaderElection
2019-09-17 11:51:34,771 [db5c95e9-dab2-4d3b-9775-2e3d4de03f2d@group-4033F378C501:LeaderElection20] INFO  impl.RoleInfo (RoleInfo.java:updateAndGet(143)) - db5c95e9-dab2-4d3b-9775-2e3d4de03f2d: start FollowerState
2019-09-17 11:51:34,957 [ee155057-4acb-4f3f-9013-4bd3c5a101b6@group-B3F5A0A8BDBD-SegmentedRaftLogWorker] WARN  segmented.SegmentedRaftLogWorker (SegmentedRaftLogWorker.java:getFromFuture(90)) - Timeout 3/~
org.apache.ratis.protocol.TimeoutIOException: Timeout 10s: WriteLog:17: (t:2, i:17), STATEMACHINELOGENTRY, client-86CC74F3E005, cid=38-writeStateMachineData
	at org.apache.ratis.util.IOUtils.getFromFuture(IOUtils.java:87)
	at org.apache.ratis.server.raftlog.segmented.SegmentedRaftLogWorker$StateMachineDataPolicy.getFromFuture(SegmentedRaftLogWorker.java:87)
	at org.apache.ratis.server.raftlog.segmented.SegmentedRaftLogWorker$WriteLog.execute(SegmentedRaftLogWorker.java:477)
	at org.apache.ratis.server.raftlog.segmented.SegmentedRaftLogWorker.run(SegmentedRaftLogWorker.java:289)
	at java.lang.Thread.run(Thread.java:748)
Caused by: java.util.concurrent.TimeoutException
	at java.util.concurrent.CompletableFuture.timedGet(CompletableFuture.java:1771)
	at java.util.concurrent.CompletableFuture.get(CompletableFuture.java:1915)
	at org.apache.ratis.util.IOUtils.getFromFuture(IOUtils.java:79)
	... 4 more
2019-09-17 11:51:35,071 [533f21c9-6148-4926-981b-3030ea271196@group-B3F5A0A8BDBD-SegmentedRaftLogWorker] WARN  segmented.SegmentedRaftLogWorker (SegmentedRaftLogWorker.java:getFromFuture(90)) - Timeout 3/~
org.apache.ratis.protocol.TimeoutIOException: Timeout 10s: WriteLog:19: (t:2, i:19), STATEMACHINELOGENTRY, client-86CC74F3E005, cid=40-writeStateMachineData
	at org.apache.ratis.util.IOUtils.getFromFuture(IOUtils.java:87)
	at org.apache.ratis.server.raftlog.segmented.SegmentedRaftLogWorker$StateMachineDataPolicy.getFromFuture(SegmentedRaftLogWorker.java:87)
	at org.apache.ratis.server.raftlog.segmented.SegmentedRaftLogWorker$WriteLog.execute(SegmentedRaftLogWorker.java:477)
	at org.apache.ratis.server.raftlog.segmented.SegmentedRaftLogWorker.run(SegmentedRaftLogWorker.java:289)
	at java.lang.Thread.run(Thread.java:748)
Caused by: java.util.concurrent.TimeoutException
	at java.util.concurrent.CompletableFuture.timedGet(CompletableFuture.java:1771)
	at java.util.concurrent.CompletableFuture.get(CompletableFuture.java:1915)
	at org.apache.ratis.util.IOUtils.getFromFuture(IOUtils.java:79)
	... 4 more
2019-09-17 11:51:35,072 [90cc32e6-bdd6-4f93-abb1-bc520dd025bc@group-B3F5A0A8BDBD-SegmentedRaftLogWorker] WARN  segmented.SegmentedRaftLogWorker (SegmentedRaftLogWorker.java:getFromFuture(90)) - Timeout 3/~
org.apache.ratis.protocol.TimeoutIOException: Timeout 10s: WriteLog:19: (t:2, i:19), STATEMACHINELOGENTRY, client-86CC74F3E005, cid=40-writeStateMachineData
	at org.apache.ratis.util.IOUtils.getFromFuture(IOUtils.java:87)
	at org.apache.ratis.server.raftlog.segmented.SegmentedRaftLogWorker$StateMachineDataPolicy.getFromFuture(SegmentedRaftLogWorker.java:87)
	at org.apache.ratis.server.raftlog.segmented.SegmentedRaftLogWorker$WriteLog.execute(SegmentedRaftLogWorker.java:477)
	at org.apache.ratis.server.raftlog.segmented.SegmentedRaftLogWorker.run(SegmentedRaftLogWorker.java:289)
	at java.lang.Thread.run(Thread.java:748)
Caused by: java.util.concurrent.TimeoutException
	at java.util.concurrent.CompletableFuture.timedGet(CompletableFuture.java:1771)
	at java.util.concurrent.CompletableFuture.get(CompletableFuture.java:1915)
	at org.apache.ratis.util.IOUtils.getFromFuture(IOUtils.java:79)
	... 4 more
2019-09-17 11:51:35,123 [java.util.concurrent.ThreadPoolExecutor$Worker@5a9b47f8[State = -1, empty queue]] WARN  server.GrpcLogAppender (GrpcLogAppender.java:timeoutAppendRequest(200)) - ee155057-4acb-4f3f-9013-4bd3c5a101b6@group-B3F5A0A8BDBD->90cc32e6-bdd6-4f93-abb1-bc520dd025bc-GrpcLogAppender: appendEntries Timeout, request=ee155057-4acb-4f3f-9013-4bd3c5a101b6->90cc32e6-bdd6-4f93-abb1-bc520dd025bc#98-t2, previous=(t:2, i:20), leaderCommit=16, initializing? false, entries: <empty>
2019-09-17 11:51:35,124 [java.util.concurrent.ThreadPoolExecutor$Worker@3cd8d43b[State = -1, empty queue]] WARN  server.GrpcLogAppender (GrpcLogAppender.java:timeoutAppendRequest(200)) - ee155057-4acb-4f3f-9013-4bd3c5a101b6@group-B3F5A0A8BDBD->533f21c9-6148-4926-981b-3030ea271196-GrpcLogAppender: appendEntries Timeout, request=ee155057-4acb-4f3f-9013-4bd3c5a101b6->533f21c9-6148-4926-981b-3030ea271196#98-t2, previous=(t:2, i:20), leaderCommit=16, initializing? false, entries: <empty>
2019-09-17 11:51:35,494 [grpc-default-executor-1] INFO  client.GrpcClientProtocolClient (GrpcClientProtocolClient.java:onNext(264)) - client-517B9A8AF683->db5c95e9-dab2-4d3b-9775-2e3d4de03f2d: receive RaftClientReply:client-517B9A8AF683->db5c95e9-dab2-4d3b-9775-2e3d4de03f2d@group-4033F378C501, cid=59, FAILED org.apache.ratis.protocol.NotLeaderException: Server db5c95e9-dab2-4d3b-9775-2e3d4de03f2d@group-4033F378C501 is not the leader, logIndex=0, commits[db5c95e9-dab2-4d3b-9775-2e3d4de03f2d:c28, 768e87e1-01a1-4abe-adbb-724fc729cfde:c16, 0efbdbeb-0caf-4be4-a340-f9adf92e227b:c28]
2019-09-17 11:51:35,624 [java.util.concurrent.ThreadPoolExecutor$Worker@3cd8d43b[State = -1, empty queue]] WARN  server.GrpcLogAppender (GrpcLogAppender.java:timeoutAppendRequest(200)) - ee155057-4acb-4f3f-9013-4bd3c5a101b6@group-B3F5A0A8BDBD->533f21c9-6148-4926-981b-3030ea271196-GrpcLogAppender: appendEntries Timeout, request=ee155057-4acb-4f3f-9013-4bd3c5a101b6->533f21c9-6148-4926-981b-3030ea271196#99-t2, previous=(t:2, i:20), leaderCommit=16, initializing? false, entries: <empty>
2019-09-17 11:51:35,624 [java.util.concurrent.ThreadPoolExecutor$Worker@5a9b47f8[State = -1, empty queue]] WARN  server.GrpcLogAppender (GrpcLogAppender.java:timeoutAppendRequest(200)) - ee155057-4acb-4f3f-9013-4bd3c5a101b6@group-B3F5A0A8BDBD->90cc32e6-bdd6-4f93-abb1-bc520dd025bc-GrpcLogAppender: appendEntries Timeout, request=ee155057-4acb-4f3f-9013-4bd3c5a101b6->90cc32e6-bdd6-4f93-abb1-bc520dd025bc#99-t2, previous=(t:2, i:20), leaderCommit=16, initializing? false, entries: <empty>
2019-09-17 11:51:35,791 [Thread-1103] INFO  impl.FollowerState (FollowerState.java:run(106)) - db5c95e9-dab2-4d3b-9775-2e3d4de03f2d:group-4033F378C501 changes to CANDIDATE, lastRpcTime:1019, electionTimeout:1017ms
2019-09-17 11:51:35,792 [Thread-1103] INFO  impl.RoleInfo (RoleInfo.java:shutdownFollowerState(121)) - db5c95e9-dab2-4d3b-9775-2e3d4de03f2d: shutdown FollowerState
2019-09-17 11:51:35,792 [Thread-1103] INFO  impl.RaftServerImpl (RaftServerImpl.java:setRole(174)) - db5c95e9-dab2-4d3b-9775-2e3d4de03f2d@group-4033F378C501: changes role from  FOLLOWER to CANDIDATE at term 5 for changeToCandidate
2019-09-17 11:51:35,792 [Thread-1103] INFO  impl.RoleInfo (RoleInfo.java:updateAndGet(143)) - db5c95e9-dab2-4d3b-9775-2e3d4de03f2d: start LeaderElection
2019-09-17 11:51:35,809 [db5c95e9-dab2-4d3b-9775-2e3d4de03f2d@group-4033F378C501:LeaderElection21] INFO  impl.LeaderElection (LeaderElection.java:askForVotes(182)) - db5c95e9-dab2-4d3b-9775-2e3d4de03f2d@group-4033F378C501:LeaderElection21: begin an election at term 6 for 0: [768e87e1-01a1-4abe-adbb-724fc729cfde:192.168.157.219:39557, 0efbdbeb-0caf-4be4-a340-f9adf92e227b:192.168.157.219:42903, db5c95e9-dab2-4d3b-9775-2e3d4de03f2d:192.168.157.219:43472], old=null
2019-09-17 11:51:35,811 [db5c95e9-dab2-4d3b-9775-2e3d4de03f2d@group-4033F378C501:LeaderElection21] INFO  impl.LeaderElection (LogUtils.java:infoOrTrace(149)) - db5c95e9-dab2-4d3b-9775-2e3d4de03f2d@group-4033F378C501:LeaderElection21 got exception when requesting votes: {}
java.util.concurrent.ExecutionException: org.apache.ratis.thirdparty.io.grpc.StatusRuntimeException: UNAVAILABLE: io exception
	at java.util.concurrent.FutureTask.report(FutureTask.java:122)
	at java.util.concurrent.FutureTask.get(FutureTask.java:192)
	at org.apache.ratis.server.impl.LeaderElection.waitForResults(LeaderElection.java:263)
	at org.apache.ratis.server.impl.LeaderElection.askForVotes(LeaderElection.java:201)
	at org.apache.ratis.server.impl.LeaderElection.run(LeaderElection.java:133)
	at java.lang.Thread.run(Thread.java:748)
Caused by: org.apache.ratis.thirdparty.io.grpc.StatusRuntimeException: UNAVAILABLE: io exception
	at org.apache.ratis.thirdparty.io.grpc.stub.ClientCalls.toStatusRuntimeException(ClientCalls.java:233)
	at org.apache.ratis.thirdparty.io.grpc.stub.ClientCalls.getUnchecked(ClientCalls.java:214)
	at org.apache.ratis.thirdparty.io.grpc.stub.ClientCalls.blockingUnaryCall(ClientCalls.java:139)
	at org.apache.ratis.proto.grpc.RaftServerProtocolServiceGrpc$RaftServerProtocolServiceBlockingStub.requestVote(RaftServerProtocolServiceGrpc.java:265)
	at org.apache.ratis.grpc.server.GrpcServerProtocolClient.requestVote(GrpcServerProtocolClient.java:90)
	at org.apache.ratis.grpc.server.GrpcService.requestVote(GrpcService.java:204)
	at org.apache.ratis.server.impl.LeaderElection.lambda$submitRequests$1(LeaderElection.java:238)
	at java.util.concurrent.FutureTask.run(FutureTask.java:266)
	at java.util.concurrent.Executors$RunnableAdapter.call(Executors.java:511)
	at java.util.concurrent.FutureTask.run(FutureTask.java:266)
	at java.util.concurrent.ThreadPoolExecutor.runWorker(ThreadPoolExecutor.java:1149)
	at java.util.concurrent.ThreadPoolExecutor$Worker.run(ThreadPoolExecutor.java:624)
	... 1 more
Caused by: org.apache.ratis.thirdparty.io.netty.channel.AbstractChannel$AnnotatedConnectException: Connection refused: /192.168.157.219:39557
	at sun.nio.ch.SocketChannelImpl.checkConnect(Native Method)
	at sun.nio.ch.SocketChannelImpl.finishConnect(SocketChannelImpl.java:717)
	at org.apache.ratis.thirdparty.io.netty.channel.socket.nio.NioSocketChannel.doFinishConnect(NioSocketChannel.java:327)
	at org.apache.ratis.thirdparty.io.netty.channel.nio.AbstractNioChannel$AbstractNioUnsafe.finishConnect(AbstractNioChannel.java:340)
	at org.apache.ratis.thirdparty.io.netty.channel.nio.NioEventLoop.processSelectedKey(NioEventLoop.java:632)
	at org.apache.ratis.thirdparty.io.netty.channel.nio.NioEventLoop.processSelectedKeysOptimized(NioEventLoop.java:579)
	at org.apache.ratis.thirdparty.io.netty.channel.nio.NioEventLoop.processSelectedKeys(NioEventLoop.java:496)
	at org.apache.ratis.thirdparty.io.netty.channel.nio.NioEventLoop.run(NioEventLoop.java:458)
	at org.apache.ratis.thirdparty.io.netty.util.concurrent.SingleThreadEventExecutor$5.run(SingleThreadEventExecutor.java:897)
	at org.apache.ratis.thirdparty.io.netty.util.concurrent.FastThreadLocalRunnable.run(FastThreadLocalRunnable.java:30)
	... 1 more
Caused by: java.net.ConnectException: Connection refused
	... 11 more
2019-09-17 11:51:35,813 [db5c95e9-dab2-4d3b-9775-2e3d4de03f2d@group-4033F378C501:LeaderElection21] INFO  impl.LeaderElection (LogUtils.java:infoOrTrace(149)) - db5c95e9-dab2-4d3b-9775-2e3d4de03f2d@group-4033F378C501:LeaderElection21 got exception when requesting votes: {}
java.util.concurrent.ExecutionException: org.apache.ratis.thirdparty.io.grpc.StatusRuntimeException: UNAVAILABLE: io exception
	at java.util.concurrent.FutureTask.report(FutureTask.java:122)
	at java.util.concurrent.FutureTask.get(FutureTask.java:192)
	at org.apache.ratis.server.impl.LeaderElection.waitForResults(LeaderElection.java:263)
	at org.apache.ratis.server.impl.LeaderElection.askForVotes(LeaderElection.java:201)
	at org.apache.ratis.server.impl.LeaderElection.run(LeaderElection.java:133)
	at java.lang.Thread.run(Thread.java:748)
Caused by: org.apache.ratis.thirdparty.io.grpc.StatusRuntimeException: UNAVAILABLE: io exception
	at org.apache.ratis.thirdparty.io.grpc.stub.ClientCalls.toStatusRuntimeException(ClientCalls.java:233)
	at org.apache.ratis.thirdparty.io.grpc.stub.ClientCalls.getUnchecked(ClientCalls.java:214)
	at org.apache.ratis.thirdparty.io.grpc.stub.ClientCalls.blockingUnaryCall(ClientCalls.java:139)
	at org.apache.ratis.proto.grpc.RaftServerProtocolServiceGrpc$RaftServerProtocolServiceBlockingStub.requestVote(RaftServerProtocolServiceGrpc.java:265)
	at org.apache.ratis.grpc.server.GrpcServerProtocolClient.requestVote(GrpcServerProtocolClient.java:90)
	at org.apache.ratis.grpc.server.GrpcService.requestVote(GrpcService.java:204)
	at org.apache.ratis.server.impl.LeaderElection.lambda$submitRequests$1(LeaderElection.java:238)
	at java.util.concurrent.FutureTask.run(FutureTask.java:266)
	at java.util.concurrent.Executors$RunnableAdapter.call(Executors.java:511)
	at java.util.concurrent.FutureTask.run(FutureTask.java:266)
	at java.util.concurrent.ThreadPoolExecutor.runWorker(ThreadPoolExecutor.java:1149)
	at java.util.concurrent.ThreadPoolExecutor$Worker.run(ThreadPoolExecutor.java:624)
	... 1 more
Caused by: org.apache.ratis.thirdparty.io.netty.channel.AbstractChannel$AnnotatedConnectException: Connection refused: /192.168.157.219:42903
	at sun.nio.ch.SocketChannelImpl.checkConnect(Native Method)
	at sun.nio.ch.SocketChannelImpl.finishConnect(SocketChannelImpl.java:717)
	at org.apache.ratis.thirdparty.io.netty.channel.socket.nio.NioSocketChannel.doFinishConnect(NioSocketChannel.java:327)
	at org.apache.ratis.thirdparty.io.netty.channel.nio.AbstractNioChannel$AbstractNioUnsafe.finishConnect(AbstractNioChannel.java:340)
	at org.apache.ratis.thirdparty.io.netty.channel.nio.NioEventLoop.processSelectedKey(NioEventLoop.java:632)
	at org.apache.ratis.thirdparty.io.netty.channel.nio.NioEventLoop.processSelectedKeysOptimized(NioEventLoop.java:579)
	at org.apache.ratis.thirdparty.io.netty.channel.nio.NioEventLoop.processSelectedKeys(NioEventLoop.java:496)
	at org.apache.ratis.thirdparty.io.netty.channel.nio.NioEventLoop.run(NioEventLoop.java:458)
	at org.apache.ratis.thirdparty.io.netty.util.concurrent.SingleThreadEventExecutor$5.run(SingleThreadEventExecutor.java:897)
	at org.apache.ratis.thirdparty.io.netty.util.concurrent.FastThreadLocalRunnable.run(FastThreadLocalRunnable.java:30)
	... 1 more
Caused by: java.net.ConnectException: Connection refused
	... 11 more
2019-09-17 11:51:35,815 [db5c95e9-dab2-4d3b-9775-2e3d4de03f2d@group-4033F378C501:LeaderElection21] INFO  impl.LeaderElection (LeaderElection.java:logAndReturn(56)) - db5c95e9-dab2-4d3b-9775-2e3d4de03f2d@group-4033F378C501:LeaderElection21: Election REJECTED; received 0 response(s) [] and 2 exception(s); db5c95e9-dab2-4d3b-9775-2e3d4de03f2d@group-4033F378C501:t6, leader=null, voted=db5c95e9-dab2-4d3b-9775-2e3d4de03f2d, raftlog=db5c95e9-dab2-4d3b-9775-2e3d4de03f2d@group-4033F378C501-SegmentedRaftLog:OPENED:c28,f28,i28, conf=0: [768e87e1-01a1-4abe-adbb-724fc729cfde:192.168.157.219:39557, 0efbdbeb-0caf-4be4-a340-f9adf92e227b:192.168.157.219:42903, db5c95e9-dab2-4d3b-9775-2e3d4de03f2d:192.168.157.219:43472], old=null
2019-09-17 11:51:35,815 [db5c95e9-dab2-4d3b-9775-2e3d4de03f2d@group-4033F378C501:LeaderElection21] INFO  impl.LeaderElection (LogUtils.java:infoOrTrace(149)) -   Exception 0: {}
java.util.concurrent.ExecutionException: org.apache.ratis.thirdparty.io.grpc.StatusRuntimeException: UNAVAILABLE: io exception
	at java.util.concurrent.FutureTask.report(FutureTask.java:122)
	at java.util.concurrent.FutureTask.get(FutureTask.java:192)
	at org.apache.ratis.server.impl.LeaderElection.waitForResults(LeaderElection.java:263)
	at org.apache.ratis.server.impl.LeaderElection.askForVotes(LeaderElection.java:201)
	at org.apache.ratis.server.impl.LeaderElection.run(LeaderElection.java:133)
	at java.lang.Thread.run(Thread.java:748)
Caused by: org.apache.ratis.thirdparty.io.grpc.StatusRuntimeException: UNAVAILABLE: io exception
	at org.apache.ratis.thirdparty.io.grpc.stub.ClientCalls.toStatusRuntimeException(ClientCalls.java:233)
	at org.apache.ratis.thirdparty.io.grpc.stub.ClientCalls.getUnchecked(ClientCalls.java:214)
	at org.apache.ratis.thirdparty.io.grpc.stub.ClientCalls.blockingUnaryCall(ClientCalls.java:139)
	at org.apache.ratis.proto.grpc.RaftServerProtocolServiceGrpc$RaftServerProtocolServiceBlockingStub.requestVote(RaftServerProtocolServiceGrpc.java:265)
	at org.apache.ratis.grpc.server.GrpcServerProtocolClient.requestVote(GrpcServerProtocolClient.java:90)
	at org.apache.ratis.grpc.server.GrpcService.requestVote(GrpcService.java:204)
	at org.apache.ratis.server.impl.LeaderElection.lambda$submitRequests$1(LeaderElection.java:238)
	at java.util.concurrent.FutureTask.run(FutureTask.java:266)
	at java.util.concurrent.Executors$RunnableAdapter.call(Executors.java:511)
	at java.util.concurrent.FutureTask.run(FutureTask.java:266)
	at java.util.concurrent.ThreadPoolExecutor.runWorker(ThreadPoolExecutor.java:1149)
	at java.util.concurrent.ThreadPoolExecutor$Worker.run(ThreadPoolExecutor.java:624)
	... 1 more
Caused by: org.apache.ratis.thirdparty.io.netty.channel.AbstractChannel$AnnotatedConnectException: Connection refused: /192.168.157.219:39557
	at sun.nio.ch.SocketChannelImpl.checkConnect(Native Method)
	at sun.nio.ch.SocketChannelImpl.finishConnect(SocketChannelImpl.java:717)
	at org.apache.ratis.thirdparty.io.netty.channel.socket.nio.NioSocketChannel.doFinishConnect(NioSocketChannel.java:327)
	at org.apache.ratis.thirdparty.io.netty.channel.nio.AbstractNioChannel$AbstractNioUnsafe.finishConnect(AbstractNioChannel.java:340)
	at org.apache.ratis.thirdparty.io.netty.channel.nio.NioEventLoop.processSelectedKey(NioEventLoop.java:632)
	at org.apache.ratis.thirdparty.io.netty.channel.nio.NioEventLoop.processSelectedKeysOptimized(NioEventLoop.java:579)
	at org.apache.ratis.thirdparty.io.netty.channel.nio.NioEventLoop.processSelectedKeys(NioEventLoop.java:496)
	at org.apache.ratis.thirdparty.io.netty.channel.nio.NioEventLoop.run(NioEventLoop.java:458)
	at org.apache.ratis.thirdparty.io.netty.util.concurrent.SingleThreadEventExecutor$5.run(SingleThreadEventExecutor.java:897)
	at org.apache.ratis.thirdparty.io.netty.util.concurrent.FastThreadLocalRunnable.run(FastThreadLocalRunnable.java:30)
	... 1 more
Caused by: java.net.ConnectException: Connection refused
	... 11 more
2019-09-17 11:51:35,816 [db5c95e9-dab2-4d3b-9775-2e3d4de03f2d@group-4033F378C501:LeaderElection21] INFO  impl.LeaderElection (LogUtils.java:infoOrTrace(149)) -   Exception 1: {}
java.util.concurrent.ExecutionException: org.apache.ratis.thirdparty.io.grpc.StatusRuntimeException: UNAVAILABLE: io exception
	at java.util.concurrent.FutureTask.report(FutureTask.java:122)
	at java.util.concurrent.FutureTask.get(FutureTask.java:192)
	at org.apache.ratis.server.impl.LeaderElection.waitForResults(LeaderElection.java:263)
	at org.apache.ratis.server.impl.LeaderElection.askForVotes(LeaderElection.java:201)
	at org.apache.ratis.server.impl.LeaderElection.run(LeaderElection.java:133)
	at java.lang.Thread.run(Thread.java:748)
Caused by: org.apache.ratis.thirdparty.io.grpc.StatusRuntimeException: UNAVAILABLE: io exception
	at org.apache.ratis.thirdparty.io.grpc.stub.ClientCalls.toStatusRuntimeException(ClientCalls.java:233)
	at org.apache.ratis.thirdparty.io.grpc.stub.ClientCalls.getUnchecked(ClientCalls.java:214)
	at org.apache.ratis.thirdparty.io.grpc.stub.ClientCalls.blockingUnaryCall(ClientCalls.java:139)
	at org.apache.ratis.proto.grpc.RaftServerProtocolServiceGrpc$RaftServerProtocolServiceBlockingStub.requestVote(RaftServerProtocolServiceGrpc.java:265)
	at org.apache.ratis.grpc.server.GrpcServerProtocolClient.requestVote(GrpcServerProtocolClient.java:90)
	at org.apache.ratis.grpc.server.GrpcService.requestVote(GrpcService.java:204)
	at org.apache.ratis.server.impl.LeaderElection.lambda$submitRequests$1(LeaderElection.java:238)
	at java.util.concurrent.FutureTask.run(FutureTask.java:266)
	at java.util.concurrent.Executors$RunnableAdapter.call(Executors.java:511)
	at java.util.concurrent.FutureTask.run(FutureTask.java:266)
	at java.util.concurrent.ThreadPoolExecutor.runWorker(ThreadPoolExecutor.java:1149)
	at java.util.concurrent.ThreadPoolExecutor$Worker.run(ThreadPoolExecutor.java:624)
	... 1 more
Caused by: org.apache.ratis.thirdparty.io.netty.channel.AbstractChannel$AnnotatedConnectException: Connection refused: /192.168.157.219:42903
	at sun.nio.ch.SocketChannelImpl.checkConnect(Native Method)
	at sun.nio.ch.SocketChannelImpl.finishConnect(SocketChannelImpl.java:717)
	at org.apache.ratis.thirdparty.io.netty.channel.socket.nio.NioSocketChannel.doFinishConnect(NioSocketChannel.java:327)
	at org.apache.ratis.thirdparty.io.netty.channel.nio.AbstractNioChannel$AbstractNioUnsafe.finishConnect(AbstractNioChannel.java:340)
	at org.apache.ratis.thirdparty.io.netty.channel.nio.NioEventLoop.processSelectedKey(NioEventLoop.java:632)
	at org.apache.ratis.thirdparty.io.netty.channel.nio.NioEventLoop.processSelectedKeysOptimized(NioEventLoop.java:579)
	at org.apache.ratis.thirdparty.io.netty.channel.nio.NioEventLoop.processSelectedKeys(NioEventLoop.java:496)
	at org.apache.ratis.thirdparty.io.netty.channel.nio.NioEventLoop.run(NioEventLoop.java:458)
	at org.apache.ratis.thirdparty.io.netty.util.concurrent.SingleThreadEventExecutor$5.run(SingleThreadEventExecutor.java:897)
	at org.apache.ratis.thirdparty.io.netty.util.concurrent.FastThreadLocalRunnable.run(FastThreadLocalRunnable.java:30)
	... 1 more
Caused by: java.net.ConnectException: Connection refused
	... 11 more
2019-09-17 11:51:35,816 [db5c95e9-dab2-4d3b-9775-2e3d4de03f2d@group-4033F378C501:LeaderElection21] INFO  impl.RaftServerImpl (RaftServerImpl.java:setRole(174)) - db5c95e9-dab2-4d3b-9775-2e3d4de03f2d@group-4033F378C501: changes role from CANDIDATE to FOLLOWER at term 6 for DISCOVERED_A_NEW_TERM
2019-09-17 11:51:35,818 [db5c95e9-dab2-4d3b-9775-2e3d4de03f2d@group-4033F378C501:LeaderElection21] INFO  impl.RoleInfo (RoleInfo.java:shutdownLeaderElection(134)) - db5c95e9-dab2-4d3b-9775-2e3d4de03f2d: shutdown LeaderElection
2019-09-17 11:51:35,818 [db5c95e9-dab2-4d3b-9775-2e3d4de03f2d@group-4033F378C501:LeaderElection21] INFO  impl.RoleInfo (RoleInfo.java:updateAndGet(143)) - db5c95e9-dab2-4d3b-9775-2e3d4de03f2d: start FollowerState
2019-09-17 11:51:36,124 [java.util.concurrent.ThreadPoolExecutor$Worker@5a9b47f8[State = -1, empty queue]] WARN  server.GrpcLogAppender (GrpcLogAppender.java:timeoutAppendRequest(200)) - ee155057-4acb-4f3f-9013-4bd3c5a101b6@group-B3F5A0A8BDBD->90cc32e6-bdd6-4f93-abb1-bc520dd025bc-GrpcLogAppender: appendEntries Timeout, request=ee155057-4acb-4f3f-9013-4bd3c5a101b6->90cc32e6-bdd6-4f93-abb1-bc520dd025bc#100-t2, previous=(t:2, i:20), leaderCommit=16, initializing? false, entries: <empty>
2019-09-17 11:51:36,124 [java.util.concurrent.ThreadPoolExecutor$Worker@3cd8d43b[State = -1, empty queue]] WARN  server.GrpcLogAppender (GrpcLogAppender.java:timeoutAppendRequest(200)) - ee155057-4acb-4f3f-9013-4bd3c5a101b6@group-B3F5A0A8BDBD->533f21c9-6148-4926-981b-3030ea271196-GrpcLogAppender: appendEntries Timeout, request=ee155057-4acb-4f3f-9013-4bd3c5a101b6->533f21c9-6148-4926-981b-3030ea271196#100-t2, previous=(t:2, i:20), leaderCommit=16, initializing? false, entries: <empty>
2019-09-17 11:51:36,625 [java.util.concurrent.ThreadPoolExecutor$Worker@5a9b47f8[State = -1, empty queue]] WARN  server.GrpcLogAppender (GrpcLogAppender.java:timeoutAppendRequest(200)) - ee155057-4acb-4f3f-9013-4bd3c5a101b6@group-B3F5A0A8BDBD->90cc32e6-bdd6-4f93-abb1-bc520dd025bc-GrpcLogAppender: appendEntries Timeout, request=ee155057-4acb-4f3f-9013-4bd3c5a101b6->90cc32e6-bdd6-4f93-abb1-bc520dd025bc#101-t2, previous=(t:2, i:20), leaderCommit=16, initializing? false, entries: <empty>
2019-09-17 11:51:36,625 [java.util.concurrent.ThreadPoolExecutor$Worker@3cd8d43b[State = -1, empty queue]] WARN  server.GrpcLogAppender (GrpcLogAppender.java:timeoutAppendRequest(200)) - ee155057-4acb-4f3f-9013-4bd3c5a101b6@group-B3F5A0A8BDBD->533f21c9-6148-4926-981b-3030ea271196-GrpcLogAppender: appendEntries Timeout, request=ee155057-4acb-4f3f-9013-4bd3c5a101b6->533f21c9-6148-4926-981b-3030ea271196#101-t2, previous=(t:2, i:20), leaderCommit=16, initializing? false, entries: <empty>
2019-09-17 11:51:37,003 [Thread-1119] INFO  impl.FollowerState (FollowerState.java:run(106)) - db5c95e9-dab2-4d3b-9775-2e3d4de03f2d:group-4033F378C501 changes to CANDIDATE, lastRpcTime:1185, electionTimeout:1183ms
2019-09-17 11:51:37,004 [Thread-1119] INFO  impl.RoleInfo (RoleInfo.java:shutdownFollowerState(121)) - db5c95e9-dab2-4d3b-9775-2e3d4de03f2d: shutdown FollowerState
2019-09-17 11:51:37,004 [Thread-1119] INFO  impl.RaftServerImpl (RaftServerImpl.java:setRole(174)) - db5c95e9-dab2-4d3b-9775-2e3d4de03f2d@group-4033F378C501: changes role from  FOLLOWER to CANDIDATE at term 6 for changeToCandidate
2019-09-17 11:51:37,004 [Thread-1119] INFO  impl.RoleInfo (RoleInfo.java:updateAndGet(143)) - db5c95e9-dab2-4d3b-9775-2e3d4de03f2d: start LeaderElection
2019-09-17 11:51:37,021 [db5c95e9-dab2-4d3b-9775-2e3d4de03f2d@group-4033F378C501:LeaderElection22] INFO  impl.LeaderElection (LeaderElection.java:askForVotes(182)) - db5c95e9-dab2-4d3b-9775-2e3d4de03f2d@group-4033F378C501:LeaderElection22: begin an election at term 7 for 0: [768e87e1-01a1-4abe-adbb-724fc729cfde:192.168.157.219:39557, 0efbdbeb-0caf-4be4-a340-f9adf92e227b:192.168.157.219:42903, db5c95e9-dab2-4d3b-9775-2e3d4de03f2d:192.168.157.219:43472], old=null
2019-09-17 11:51:37,022 [db5c95e9-dab2-4d3b-9775-2e3d4de03f2d@group-4033F378C501:LeaderElection22] INFO  impl.LeaderElection (LogUtils.java:infoOrTrace(149)) - db5c95e9-dab2-4d3b-9775-2e3d4de03f2d@group-4033F378C501:LeaderElection22 got exception when requesting votes: {}
java.util.concurrent.ExecutionException: org.apache.ratis.thirdparty.io.grpc.StatusRuntimeException: UNAVAILABLE: io exception
	at java.util.concurrent.FutureTask.report(FutureTask.java:122)
	at java.util.concurrent.FutureTask.get(FutureTask.java:192)
	at org.apache.ratis.server.impl.LeaderElection.waitForResults(LeaderElection.java:263)
	at org.apache.ratis.server.impl.LeaderElection.askForVotes(LeaderElection.java:201)
	at org.apache.ratis.server.impl.LeaderElection.run(LeaderElection.java:133)
	at java.lang.Thread.run(Thread.java:748)
Caused by: org.apache.ratis.thirdparty.io.grpc.StatusRuntimeException: UNAVAILABLE: io exception
	at org.apache.ratis.thirdparty.io.grpc.stub.ClientCalls.toStatusRuntimeException(ClientCalls.java:233)
	at org.apache.ratis.thirdparty.io.grpc.stub.ClientCalls.getUnchecked(ClientCalls.java:214)
	at org.apache.ratis.thirdparty.io.grpc.stub.ClientCalls.blockingUnaryCall(ClientCalls.java:139)
	at org.apache.ratis.proto.grpc.RaftServerProtocolServiceGrpc$RaftServerProtocolServiceBlockingStub.requestVote(RaftServerProtocolServiceGrpc.java:265)
	at org.apache.ratis.grpc.server.GrpcServerProtocolClient.requestVote(GrpcServerProtocolClient.java:90)
	at org.apache.ratis.grpc.server.GrpcService.requestVote(GrpcService.java:204)
	at org.apache.ratis.server.impl.LeaderElection.lambda$submitRequests$1(LeaderElection.java:238)
	at java.util.concurrent.FutureTask.run(FutureTask.java:266)
	at java.util.concurrent.Executors$RunnableAdapter.call(Executors.java:511)
	at java.util.concurrent.FutureTask.run(FutureTask.java:266)
	at java.util.concurrent.ThreadPoolExecutor.runWorker(ThreadPoolExecutor.java:1149)
	at java.util.concurrent.ThreadPoolExecutor$Worker.run(ThreadPoolExecutor.java:624)
	... 1 more
Caused by: org.apache.ratis.thirdparty.io.netty.channel.AbstractChannel$AnnotatedConnectException: Connection refused: /192.168.157.219:42903
	at sun.nio.ch.SocketChannelImpl.checkConnect(Native Method)
	at sun.nio.ch.SocketChannelImpl.finishConnect(SocketChannelImpl.java:717)
	at org.apache.ratis.thirdparty.io.netty.channel.socket.nio.NioSocketChannel.doFinishConnect(NioSocketChannel.java:327)
	at org.apache.ratis.thirdparty.io.netty.channel.nio.AbstractNioChannel$AbstractNioUnsafe.finishConnect(AbstractNioChannel.java:340)
	at org.apache.ratis.thirdparty.io.netty.channel.nio.NioEventLoop.processSelectedKey(NioEventLoop.java:632)
	at org.apache.ratis.thirdparty.io.netty.channel.nio.NioEventLoop.processSelectedKeysOptimized(NioEventLoop.java:579)
	at org.apache.ratis.thirdparty.io.netty.channel.nio.NioEventLoop.processSelectedKeys(NioEventLoop.java:496)
	at org.apache.ratis.thirdparty.io.netty.channel.nio.NioEventLoop.run(NioEventLoop.java:458)
	at org.apache.ratis.thirdparty.io.netty.util.concurrent.SingleThreadEventExecutor$5.run(SingleThreadEventExecutor.java:897)
	at org.apache.ratis.thirdparty.io.netty.util.concurrent.FastThreadLocalRunnable.run(FastThreadLocalRunnable.java:30)
	... 1 more
Caused by: java.net.ConnectException: Connection refused
	... 11 more
2019-09-17 11:51:37,026 [db5c95e9-dab2-4d3b-9775-2e3d4de03f2d@group-4033F378C501:LeaderElection22] INFO  impl.LeaderElection (LogUtils.java:infoOrTrace(149)) - db5c95e9-dab2-4d3b-9775-2e3d4de03f2d@group-4033F378C501:LeaderElection22 got exception when requesting votes: {}
java.util.concurrent.ExecutionException: org.apache.ratis.thirdparty.io.grpc.StatusRuntimeException: UNAVAILABLE: io exception
	at java.util.concurrent.FutureTask.report(FutureTask.java:122)
	at java.util.concurrent.FutureTask.get(FutureTask.java:192)
	at org.apache.ratis.server.impl.LeaderElection.waitForResults(LeaderElection.java:263)
	at org.apache.ratis.server.impl.LeaderElection.askForVotes(LeaderElection.java:201)
	at org.apache.ratis.server.impl.LeaderElection.run(LeaderElection.java:133)
	at java.lang.Thread.run(Thread.java:748)
Caused by: org.apache.ratis.thirdparty.io.grpc.StatusRuntimeException: UNAVAILABLE: io exception
	at org.apache.ratis.thirdparty.io.grpc.stub.ClientCalls.toStatusRuntimeException(ClientCalls.java:233)
	at org.apache.ratis.thirdparty.io.grpc.stub.ClientCalls.getUnchecked(ClientCalls.java:214)
	at org.apache.ratis.thirdparty.io.grpc.stub.ClientCalls.blockingUnaryCall(ClientCalls.java:139)
	at org.apache.ratis.proto.grpc.RaftServerProtocolServiceGrpc$RaftServerProtocolServiceBlockingStub.requestVote(RaftServerProtocolServiceGrpc.java:265)
	at org.apache.ratis.grpc.server.GrpcServerProtocolClient.requestVote(GrpcServerProtocolClient.java:90)
	at org.apache.ratis.grpc.server.GrpcService.requestVote(GrpcService.java:204)
	at org.apache.ratis.server.impl.LeaderElection.lambda$submitRequests$1(LeaderElection.java:238)
	at java.util.concurrent.FutureTask.run(FutureTask.java:266)
	at java.util.concurrent.Executors$RunnableAdapter.call(Executors.java:511)
	at java.util.concurrent.FutureTask.run(FutureTask.java:266)
	at java.util.concurrent.ThreadPoolExecutor.runWorker(ThreadPoolExecutor.java:1149)
	at java.util.concurrent.ThreadPoolExecutor$Worker.run(ThreadPoolExecutor.java:624)
	... 1 more
Caused by: org.apache.ratis.thirdparty.io.netty.channel.AbstractChannel$AnnotatedConnectException: Connection refused: /192.168.157.219:39557
	at sun.nio.ch.SocketChannelImpl.checkConnect(Native Method)
	at sun.nio.ch.SocketChannelImpl.finishConnect(SocketChannelImpl.java:717)
	at org.apache.ratis.thirdparty.io.netty.channel.socket.nio.NioSocketChannel.doFinishConnect(NioSocketChannel.java:327)
	at org.apache.ratis.thirdparty.io.netty.channel.nio.AbstractNioChannel$AbstractNioUnsafe.finishConnect(AbstractNioChannel.java:340)
	at org.apache.ratis.thirdparty.io.netty.channel.nio.NioEventLoop.processSelectedKey(NioEventLoop.java:632)
	at org.apache.ratis.thirdparty.io.netty.channel.nio.NioEventLoop.processSelectedKeysOptimized(NioEventLoop.java:579)
	at org.apache.ratis.thirdparty.io.netty.channel.nio.NioEventLoop.processSelectedKeys(NioEventLoop.java:496)
	at org.apache.ratis.thirdparty.io.netty.channel.nio.NioEventLoop.run(NioEventLoop.java:458)
	at org.apache.ratis.thirdparty.io.netty.util.concurrent.SingleThreadEventExecutor$5.run(SingleThreadEventExecutor.java:897)
	at org.apache.ratis.thirdparty.io.netty.util.concurrent.FastThreadLocalRunnable.run(FastThreadLocalRunnable.java:30)
	... 1 more
Caused by: java.net.ConnectException: Connection refused
	... 11 more
2019-09-17 11:51:37,028 [db5c95e9-dab2-4d3b-9775-2e3d4de03f2d@group-4033F378C501:LeaderElection22] INFO  impl.LeaderElection (LeaderElection.java:logAndReturn(56)) - db5c95e9-dab2-4d3b-9775-2e3d4de03f2d@group-4033F378C501:LeaderElection22: Election REJECTED; received 0 response(s) [] and 2 exception(s); db5c95e9-dab2-4d3b-9775-2e3d4de03f2d@group-4033F378C501:t7, leader=null, voted=db5c95e9-dab2-4d3b-9775-2e3d4de03f2d, raftlog=db5c95e9-dab2-4d3b-9775-2e3d4de03f2d@group-4033F378C501-SegmentedRaftLog:OPENED:c28,f28,i28, conf=0: [768e87e1-01a1-4abe-adbb-724fc729cfde:192.168.157.219:39557, 0efbdbeb-0caf-4be4-a340-f9adf92e227b:192.168.157.219:42903, db5c95e9-dab2-4d3b-9775-2e3d4de03f2d:192.168.157.219:43472], old=null
2019-09-17 11:51:37,029 [db5c95e9-dab2-4d3b-9775-2e3d4de03f2d@group-4033F378C501:LeaderElection22] INFO  impl.LeaderElection (LogUtils.java:infoOrTrace(149)) -   Exception 0: {}
java.util.concurrent.ExecutionException: org.apache.ratis.thirdparty.io.grpc.StatusRuntimeException: UNAVAILABLE: io exception
	at java.util.concurrent.FutureTask.report(FutureTask.java:122)
	at java.util.concurrent.FutureTask.get(FutureTask.java:192)
	at org.apache.ratis.server.impl.LeaderElection.waitForResults(LeaderElection.java:263)
	at org.apache.ratis.server.impl.LeaderElection.askForVotes(LeaderElection.java:201)
	at org.apache.ratis.server.impl.LeaderElection.run(LeaderElection.java:133)
	at java.lang.Thread.run(Thread.java:748)
Caused by: org.apache.ratis.thirdparty.io.grpc.StatusRuntimeException: UNAVAILABLE: io exception
	at org.apache.ratis.thirdparty.io.grpc.stub.ClientCalls.toStatusRuntimeException(ClientCalls.java:233)
	at org.apache.ratis.thirdparty.io.grpc.stub.ClientCalls.getUnchecked(ClientCalls.java:214)
	at org.apache.ratis.thirdparty.io.grpc.stub.ClientCalls.blockingUnaryCall(ClientCalls.java:139)
	at org.apache.ratis.proto.grpc.RaftServerProtocolServiceGrpc$RaftServerProtocolServiceBlockingStub.requestVote(RaftServerProtocolServiceGrpc.java:265)
	at org.apache.ratis.grpc.server.GrpcServerProtocolClient.requestVote(GrpcServerProtocolClient.java:90)
	at org.apache.ratis.grpc.server.GrpcService.requestVote(GrpcService.java:204)
	at org.apache.ratis.server.impl.LeaderElection.lambda$submitRequests$1(LeaderElection.java:238)
	at java.util.concurrent.FutureTask.run(FutureTask.java:266)
	at java.util.concurrent.Executors$RunnableAdapter.call(Executors.java:511)
	at java.util.concurrent.FutureTask.run(FutureTask.java:266)
	at java.util.concurrent.ThreadPoolExecutor.runWorker(ThreadPoolExecutor.java:1149)
	at java.util.concurrent.ThreadPoolExecutor$Worker.run(ThreadPoolExecutor.java:624)
	... 1 more
Caused by: org.apache.ratis.thirdparty.io.netty.channel.AbstractChannel$AnnotatedConnectException: Connection refused: /192.168.157.219:42903
	at sun.nio.ch.SocketChannelImpl.checkConnect(Native Method)
	at sun.nio.ch.SocketChannelImpl.finishConnect(SocketChannelImpl.java:717)
	at org.apache.ratis.thirdparty.io.netty.channel.socket.nio.NioSocketChannel.doFinishConnect(NioSocketChannel.java:327)
	at org.apache.ratis.thirdparty.io.netty.channel.nio.AbstractNioChannel$AbstractNioUnsafe.finishConnect(AbstractNioChannel.java:340)
	at org.apache.ratis.thirdparty.io.netty.channel.nio.NioEventLoop.processSelectedKey(NioEventLoop.java:632)
	at org.apache.ratis.thirdparty.io.netty.channel.nio.NioEventLoop.processSelectedKeysOptimized(NioEventLoop.java:579)
	at org.apache.ratis.thirdparty.io.netty.channel.nio.NioEventLoop.processSelectedKeys(NioEventLoop.java:496)
	at org.apache.ratis.thirdparty.io.netty.channel.nio.NioEventLoop.run(NioEventLoop.java:458)
	at org.apache.ratis.thirdparty.io.netty.util.concurrent.SingleThreadEventExecutor$5.run(SingleThreadEventExecutor.java:897)
	at org.apache.ratis.thirdparty.io.netty.util.concurrent.FastThreadLocalRunnable.run(FastThreadLocalRunnable.java:30)
	... 1 more
Caused by: java.net.ConnectException: Connection refused
	... 11 more
2019-09-17 11:51:37,029 [db5c95e9-dab2-4d3b-9775-2e3d4de03f2d@group-4033F378C501:LeaderElection22] INFO  impl.LeaderElection (LogUtils.java:infoOrTrace(149)) -   Exception 1: {}
java.util.concurrent.ExecutionException: org.apache.ratis.thirdparty.io.grpc.StatusRuntimeException: UNAVAILABLE: io exception
	at java.util.concurrent.FutureTask.report(FutureTask.java:122)
	at java.util.concurrent.FutureTask.get(FutureTask.java:192)
	at org.apache.ratis.server.impl.LeaderElection.waitForResults(LeaderElection.java:263)
	at org.apache.ratis.server.impl.LeaderElection.askForVotes(LeaderElection.java:201)
	at org.apache.ratis.server.impl.LeaderElection.run(LeaderElection.java:133)
	at java.lang.Thread.run(Thread.java:748)
Caused by: org.apache.ratis.thirdparty.io.grpc.StatusRuntimeException: UNAVAILABLE: io exception
	at org.apache.ratis.thirdparty.io.grpc.stub.ClientCalls.toStatusRuntimeException(ClientCalls.java:233)
	at org.apache.ratis.thirdparty.io.grpc.stub.ClientCalls.getUnchecked(ClientCalls.java:214)
	at org.apache.ratis.thirdparty.io.grpc.stub.ClientCalls.blockingUnaryCall(ClientCalls.java:139)
	at org.apache.ratis.proto.grpc.RaftServerProtocolServiceGrpc$RaftServerProtocolServiceBlockingStub.requestVote(RaftServerProtocolServiceGrpc.java:265)
	at org.apache.ratis.grpc.server.GrpcServerProtocolClient.requestVote(GrpcServerProtocolClient.java:90)
	at org.apache.ratis.grpc.server.GrpcService.requestVote(GrpcService.java:204)
	at org.apache.ratis.server.impl.LeaderElection.lambda$submitRequests$1(LeaderElection.java:238)
	at java.util.concurrent.FutureTask.run(FutureTask.java:266)
	at java.util.concurrent.Executors$RunnableAdapter.call(Executors.java:511)
	at java.util.concurrent.FutureTask.run(FutureTask.java:266)
	at java.util.concurrent.ThreadPoolExecutor.runWorker(ThreadPoolExecutor.java:1149)
	at java.util.concurrent.ThreadPoolExecutor$Worker.run(ThreadPoolExecutor.java:624)
	... 1 more
Caused by: org.apache.ratis.thirdparty.io.netty.channel.AbstractChannel$AnnotatedConnectException: Connection refused: /192.168.157.219:39557
	at sun.nio.ch.SocketChannelImpl.checkConnect(Native Method)
	at sun.nio.ch.SocketChannelImpl.finishConnect(SocketChannelImpl.java:717)
	at org.apache.ratis.thirdparty.io.netty.channel.socket.nio.NioSocketChannel.doFinishConnect(NioSocketChannel.java:327)
	at org.apache.ratis.thirdparty.io.netty.channel.nio.AbstractNioChannel$AbstractNioUnsafe.finishConnect(AbstractNioChannel.java:340)
	at org.apache.ratis.thirdparty.io.netty.channel.nio.NioEventLoop.processSelectedKey(NioEventLoop.java:632)
	at org.apache.ratis.thirdparty.io.netty.channel.nio.NioEventLoop.processSelectedKeysOptimized(NioEventLoop.java:579)
	at org.apache.ratis.thirdparty.io.netty.channel.nio.NioEventLoop.processSelectedKeys(NioEventLoop.java:496)
	at org.apache.ratis.thirdparty.io.netty.channel.nio.NioEventLoop.run(NioEventLoop.java:458)
	at org.apache.ratis.thirdparty.io.netty.util.concurrent.SingleThreadEventExecutor$5.run(SingleThreadEventExecutor.java:897)
	at org.apache.ratis.thirdparty.io.netty.util.concurrent.FastThreadLocalRunnable.run(FastThreadLocalRunnable.java:30)
	... 1 more
Caused by: java.net.ConnectException: Connection refused
	... 11 more
2019-09-17 11:51:37,030 [db5c95e9-dab2-4d3b-9775-2e3d4de03f2d@group-4033F378C501:LeaderElection22] INFO  impl.RaftServerImpl (RaftServerImpl.java:setRole(174)) - db5c95e9-dab2-4d3b-9775-2e3d4de03f2d@group-4033F378C501: changes role from CANDIDATE to FOLLOWER at term 7 for DISCOVERED_A_NEW_TERM
2019-09-17 11:51:37,032 [db5c95e9-dab2-4d3b-9775-2e3d4de03f2d@group-4033F378C501:LeaderElection22] INFO  impl.RoleInfo (RoleInfo.java:shutdownLeaderElection(134)) - db5c95e9-dab2-4d3b-9775-2e3d4de03f2d: shutdown LeaderElection
2019-09-17 11:51:37,032 [db5c95e9-dab2-4d3b-9775-2e3d4de03f2d@group-4033F378C501:LeaderElection22] INFO  impl.RoleInfo (RoleInfo.java:updateAndGet(143)) - db5c95e9-dab2-4d3b-9775-2e3d4de03f2d: start FollowerState
2019-09-17 11:51:37,125 [java.util.concurrent.ThreadPoolExecutor$Worker@3cd8d43b[State = -1, empty queue]] WARN  server.GrpcLogAppender (GrpcLogAppender.java:timeoutAppendRequest(200)) - ee155057-4acb-4f3f-9013-4bd3c5a101b6@group-B3F5A0A8BDBD->533f21c9-6148-4926-981b-3030ea271196-GrpcLogAppender: appendEntries Timeout, request=ee155057-4acb-4f3f-9013-4bd3c5a101b6->533f21c9-6148-4926-981b-3030ea271196#102-t2, previous=(t:2, i:20), leaderCommit=16, initializing? false, entries: <empty>
2019-09-17 11:51:37,128 [java.util.concurrent.ThreadPoolExecutor$Worker@5a9b47f8[State = -1, empty queue]] WARN  server.GrpcLogAppender (GrpcLogAppender.java:timeoutAppendRequest(200)) - ee155057-4acb-4f3f-9013-4bd3c5a101b6@group-B3F5A0A8BDBD->90cc32e6-bdd6-4f93-abb1-bc520dd025bc-GrpcLogAppender: appendEntries Timeout, request=ee155057-4acb-4f3f-9013-4bd3c5a101b6->90cc32e6-bdd6-4f93-abb1-bc520dd025bc#102-t2, previous=(t:2, i:20), leaderCommit=16, initializing? false, entries: <empty>
2019-09-17 11:51:37,533 [grpc-default-executor-0] INFO  client.GrpcClientProtocolClient (GrpcClientProtocolClient.java:onNext(264)) - client-517B9A8AF683->db5c95e9-dab2-4d3b-9775-2e3d4de03f2d: receive RaftClientReply:client-517B9A8AF683->db5c95e9-dab2-4d3b-9775-2e3d4de03f2d@group-4033F378C501, cid=59, FAILED org.apache.ratis.protocol.NotLeaderException: Server db5c95e9-dab2-4d3b-9775-2e3d4de03f2d@group-4033F378C501 is not the leader, logIndex=0, commits[db5c95e9-dab2-4d3b-9775-2e3d4de03f2d:c28, 768e87e1-01a1-4abe-adbb-724fc729cfde:c16, 0efbdbeb-0caf-4be4-a340-f9adf92e227b:c28]
2019-09-17 11:51:37,627 [java.util.concurrent.ThreadPoolExecutor$Worker@3cd8d43b[State = -1, empty queue]] WARN  server.GrpcLogAppender (GrpcLogAppender.java:timeoutAppendRequest(200)) - ee155057-4acb-4f3f-9013-4bd3c5a101b6@group-B3F5A0A8BDBD->533f21c9-6148-4926-981b-3030ea271196-GrpcLogAppender: appendEntries Timeout, request=ee155057-4acb-4f3f-9013-4bd3c5a101b6->533f21c9-6148-4926-981b-3030ea271196#103-t2, previous=(t:2, i:20), leaderCommit=16, initializing? false, entries: <empty>
2019-09-17 11:51:37,627 [java.util.concurrent.ThreadPoolExecutor$Worker@5a9b47f8[State = -1, empty queue]] WARN  server.GrpcLogAppender (GrpcLogAppender.java:timeoutAppendRequest(200)) - ee155057-4acb-4f3f-9013-4bd3c5a101b6@group-B3F5A0A8BDBD->90cc32e6-bdd6-4f93-abb1-bc520dd025bc-GrpcLogAppender: appendEntries Timeout, request=ee155057-4acb-4f3f-9013-4bd3c5a101b6->90cc32e6-bdd6-4f93-abb1-bc520dd025bc#103-t2, previous=(t:2, i:20), leaderCommit=16, initializing? false, entries: <empty>
2019-09-17 11:51:38,035 [Thread-1135] INFO  impl.FollowerState (FollowerState.java:run(106)) - db5c95e9-dab2-4d3b-9775-2e3d4de03f2d:group-4033F378C501 changes to CANDIDATE, lastRpcTime:1002, electionTimeout:1001ms
2019-09-17 11:51:38,036 [Thread-1135] INFO  impl.RoleInfo (RoleInfo.java:shutdownFollowerState(121)) - db5c95e9-dab2-4d3b-9775-2e3d4de03f2d: shutdown FollowerState
2019-09-17 11:51:38,036 [Thread-1135] INFO  impl.RaftServerImpl (RaftServerImpl.java:setRole(174)) - db5c95e9-dab2-4d3b-9775-2e3d4de03f2d@group-4033F378C501: changes role from  FOLLOWER to CANDIDATE at term 7 for changeToCandidate
2019-09-17 11:51:38,036 [Thread-1135] INFO  impl.RoleInfo (RoleInfo.java:updateAndGet(143)) - db5c95e9-dab2-4d3b-9775-2e3d4de03f2d: start LeaderElection
2019-09-17 11:51:38,054 [db5c95e9-dab2-4d3b-9775-2e3d4de03f2d@group-4033F378C501:LeaderElection23] INFO  impl.LeaderElection (LeaderElection.java:askForVotes(182)) - db5c95e9-dab2-4d3b-9775-2e3d4de03f2d@group-4033F378C501:LeaderElection23: begin an election at term 8 for 0: [768e87e1-01a1-4abe-adbb-724fc729cfde:192.168.157.219:39557, 0efbdbeb-0caf-4be4-a340-f9adf92e227b:192.168.157.219:42903, db5c95e9-dab2-4d3b-9775-2e3d4de03f2d:192.168.157.219:43472], old=null
2019-09-17 11:51:38,056 [db5c95e9-dab2-4d3b-9775-2e3d4de03f2d@group-4033F378C501:LeaderElection23] INFO  impl.LeaderElection (LogUtils.java:infoOrTrace(149)) - db5c95e9-dab2-4d3b-9775-2e3d4de03f2d@group-4033F378C501:LeaderElection23 got exception when requesting votes: {}
java.util.concurrent.ExecutionException: org.apache.ratis.thirdparty.io.grpc.StatusRuntimeException: UNAVAILABLE: io exception
	at java.util.concurrent.FutureTask.report(FutureTask.java:122)
	at java.util.concurrent.FutureTask.get(FutureTask.java:192)
	at org.apache.ratis.server.impl.LeaderElection.waitForResults(LeaderElection.java:263)
	at org.apache.ratis.server.impl.LeaderElection.askForVotes(LeaderElection.java:201)
	at org.apache.ratis.server.impl.LeaderElection.run(LeaderElection.java:133)
	at java.lang.Thread.run(Thread.java:748)
Caused by: org.apache.ratis.thirdparty.io.grpc.StatusRuntimeException: UNAVAILABLE: io exception
	at org.apache.ratis.thirdparty.io.grpc.stub.ClientCalls.toStatusRuntimeException(ClientCalls.java:233)
	at org.apache.ratis.thirdparty.io.grpc.stub.ClientCalls.getUnchecked(ClientCalls.java:214)
	at org.apache.ratis.thirdparty.io.grpc.stub.ClientCalls.blockingUnaryCall(ClientCalls.java:139)
	at org.apache.ratis.proto.grpc.RaftServerProtocolServiceGrpc$RaftServerProtocolServiceBlockingStub.requestVote(RaftServerProtocolServiceGrpc.java:265)
	at org.apache.ratis.grpc.server.GrpcServerProtocolClient.requestVote(GrpcServerProtocolClient.java:90)
	at org.apache.ratis.grpc.server.GrpcService.requestVote(GrpcService.java:204)
	at org.apache.ratis.server.impl.LeaderElection.lambda$submitRequests$1(LeaderElection.java:238)
	at java.util.concurrent.FutureTask.run(FutureTask.java:266)
	at java.util.concurrent.Executors$RunnableAdapter.call(Executors.java:511)
	at java.util.concurrent.FutureTask.run(FutureTask.java:266)
	at java.util.concurrent.ThreadPoolExecutor.runWorker(ThreadPoolExecutor.java:1149)
	at java.util.concurrent.ThreadPoolExecutor$Worker.run(ThreadPoolExecutor.java:624)
	... 1 more
Caused by: org.apache.ratis.thirdparty.io.netty.channel.AbstractChannel$AnnotatedConnectException: Connection refused: /192.168.157.219:42903
	at sun.nio.ch.SocketChannelImpl.checkConnect(Native Method)
	at sun.nio.ch.SocketChannelImpl.finishConnect(SocketChannelImpl.java:717)
	at org.apache.ratis.thirdparty.io.netty.channel.socket.nio.NioSocketChannel.doFinishConnect(NioSocketChannel.java:327)
	at org.apache.ratis.thirdparty.io.netty.channel.nio.AbstractNioChannel$AbstractNioUnsafe.finishConnect(AbstractNioChannel.java:340)
	at org.apache.ratis.thirdparty.io.netty.channel.nio.NioEventLoop.processSelectedKey(NioEventLoop.java:632)
	at org.apache.ratis.thirdparty.io.netty.channel.nio.NioEventLoop.processSelectedKeysOptimized(NioEventLoop.java:579)
	at org.apache.ratis.thirdparty.io.netty.channel.nio.NioEventLoop.processSelectedKeys(NioEventLoop.java:496)
	at org.apache.ratis.thirdparty.io.netty.channel.nio.NioEventLoop.run(NioEventLoop.java:458)
	at org.apache.ratis.thirdparty.io.netty.util.concurrent.SingleThreadEventExecutor$5.run(SingleThreadEventExecutor.java:897)
	at org.apache.ratis.thirdparty.io.netty.util.concurrent.FastThreadLocalRunnable.run(FastThreadLocalRunnable.java:30)
	... 1 more
Caused by: java.net.ConnectException: Connection refused
	... 11 more
2019-09-17 11:51:38,060 [db5c95e9-dab2-4d3b-9775-2e3d4de03f2d@group-4033F378C501:LeaderElection23] INFO  impl.LeaderElection (LogUtils.java:infoOrTrace(149)) - db5c95e9-dab2-4d3b-9775-2e3d4de03f2d@group-4033F378C501:LeaderElection23 got exception when requesting votes: {}
java.util.concurrent.ExecutionException: org.apache.ratis.thirdparty.io.grpc.StatusRuntimeException: UNAVAILABLE: io exception
	at java.util.concurrent.FutureTask.report(FutureTask.java:122)
	at java.util.concurrent.FutureTask.get(FutureTask.java:192)
	at org.apache.ratis.server.impl.LeaderElection.waitForResults(LeaderElection.java:263)
	at org.apache.ratis.server.impl.LeaderElection.askForVotes(LeaderElection.java:201)
	at org.apache.ratis.server.impl.LeaderElection.run(LeaderElection.java:133)
	at java.lang.Thread.run(Thread.java:748)
Caused by: org.apache.ratis.thirdparty.io.grpc.StatusRuntimeException: UNAVAILABLE: io exception
	at org.apache.ratis.thirdparty.io.grpc.stub.ClientCalls.toStatusRuntimeException(ClientCalls.java:233)
	at org.apache.ratis.thirdparty.io.grpc.stub.ClientCalls.getUnchecked(ClientCalls.java:214)
	at org.apache.ratis.thirdparty.io.grpc.stub.ClientCalls.blockingUnaryCall(ClientCalls.java:139)
	at org.apache.ratis.proto.grpc.RaftServerProtocolServiceGrpc$RaftServerProtocolServiceBlockingStub.requestVote(RaftServerProtocolServiceGrpc.java:265)
	at org.apache.ratis.grpc.server.GrpcServerProtocolClient.requestVote(GrpcServerProtocolClient.java:90)
	at org.apache.ratis.grpc.server.GrpcService.requestVote(GrpcService.java:204)
	at org.apache.ratis.server.impl.LeaderElection.lambda$submitRequests$1(LeaderElection.java:238)
	at java.util.concurrent.FutureTask.run(FutureTask.java:266)
	at java.util.concurrent.Executors$RunnableAdapter.call(Executors.java:511)
	at java.util.concurrent.FutureTask.run(FutureTask.java:266)
	at java.util.concurrent.ThreadPoolExecutor.runWorker(ThreadPoolExecutor.java:1149)
	at java.util.concurrent.ThreadPoolExecutor$Worker.run(ThreadPoolExecutor.java:624)
	... 1 more
Caused by: org.apache.ratis.thirdparty.io.netty.channel.AbstractChannel$AnnotatedConnectException: Connection refused: /192.168.157.219:39557
	at sun.nio.ch.SocketChannelImpl.checkConnect(Native Method)
	at sun.nio.ch.SocketChannelImpl.finishConnect(SocketChannelImpl.java:717)
	at org.apache.ratis.thirdparty.io.netty.channel.socket.nio.NioSocketChannel.doFinishConnect(NioSocketChannel.java:327)
	at org.apache.ratis.thirdparty.io.netty.channel.nio.AbstractNioChannel$AbstractNioUnsafe.finishConnect(AbstractNioChannel.java:340)
	at org.apache.ratis.thirdparty.io.netty.channel.nio.NioEventLoop.processSelectedKey(NioEventLoop.java:632)
	at org.apache.ratis.thirdparty.io.netty.channel.nio.NioEventLoop.processSelectedKeysOptimized(NioEventLoop.java:579)
	at org.apache.ratis.thirdparty.io.netty.channel.nio.NioEventLoop.processSelectedKeys(NioEventLoop.java:496)
	at org.apache.ratis.thirdparty.io.netty.channel.nio.NioEventLoop.run(NioEventLoop.java:458)
	at org.apache.ratis.thirdparty.io.netty.util.concurrent.SingleThreadEventExecutor$5.run(SingleThreadEventExecutor.java:897)
	at org.apache.ratis.thirdparty.io.netty.util.concurrent.FastThreadLocalRunnable.run(FastThreadLocalRunnable.java:30)
	... 1 more
Caused by: java.net.ConnectException: Connection refused
	... 11 more
2019-09-17 11:51:38,064 [db5c95e9-dab2-4d3b-9775-2e3d4de03f2d@group-4033F378C501:LeaderElection23] INFO  impl.LeaderElection (LeaderElection.java:logAndReturn(56)) - db5c95e9-dab2-4d3b-9775-2e3d4de03f2d@group-4033F378C501:LeaderElection23: Election REJECTED; received 0 response(s) [] and 2 exception(s); db5c95e9-dab2-4d3b-9775-2e3d4de03f2d@group-4033F378C501:t8, leader=null, voted=db5c95e9-dab2-4d3b-9775-2e3d4de03f2d, raftlog=db5c95e9-dab2-4d3b-9775-2e3d4de03f2d@group-4033F378C501-SegmentedRaftLog:OPENED:c28,f28,i28, conf=0: [768e87e1-01a1-4abe-adbb-724fc729cfde:192.168.157.219:39557, 0efbdbeb-0caf-4be4-a340-f9adf92e227b:192.168.157.219:42903, db5c95e9-dab2-4d3b-9775-2e3d4de03f2d:192.168.157.219:43472], old=null
2019-09-17 11:51:38,064 [db5c95e9-dab2-4d3b-9775-2e3d4de03f2d@group-4033F378C501:LeaderElection23] INFO  impl.LeaderElection (LogUtils.java:infoOrTrace(149)) -   Exception 0: {}
java.util.concurrent.ExecutionException: org.apache.ratis.thirdparty.io.grpc.StatusRuntimeException: UNAVAILABLE: io exception
	at java.util.concurrent.FutureTask.report(FutureTask.java:122)
	at java.util.concurrent.FutureTask.get(FutureTask.java:192)
	at org.apache.ratis.server.impl.LeaderElection.waitForResults(LeaderElection.java:263)
	at org.apache.ratis.server.impl.LeaderElection.askForVotes(LeaderElection.java:201)
	at org.apache.ratis.server.impl.LeaderElection.run(LeaderElection.java:133)
	at java.lang.Thread.run(Thread.java:748)
Caused by: org.apache.ratis.thirdparty.io.grpc.StatusRuntimeException: UNAVAILABLE: io exception
	at org.apache.ratis.thirdparty.io.grpc.stub.ClientCalls.toStatusRuntimeException(ClientCalls.java:233)
	at org.apache.ratis.thirdparty.io.grpc.stub.ClientCalls.getUnchecked(ClientCalls.java:214)
	at org.apache.ratis.thirdparty.io.grpc.stub.ClientCalls.blockingUnaryCall(ClientCalls.java:139)
	at org.apache.ratis.proto.grpc.RaftServerProtocolServiceGrpc$RaftServerProtocolServiceBlockingStub.requestVote(RaftServerProtocolServiceGrpc.java:265)
	at org.apache.ratis.grpc.server.GrpcServerProtocolClient.requestVote(GrpcServerProtocolClient.java:90)
	at org.apache.ratis.grpc.server.GrpcService.requestVote(GrpcService.java:204)
	at org.apache.ratis.server.impl.LeaderElection.lambda$submitRequests$1(LeaderElection.java:238)
	at java.util.concurrent.FutureTask.run(FutureTask.java:266)
	at java.util.concurrent.Executors$RunnableAdapter.call(Executors.java:511)
	at java.util.concurrent.FutureTask.run(FutureTask.java:266)
	at java.util.concurrent.ThreadPoolExecutor.runWorker(ThreadPoolExecutor.java:1149)
	at java.util.concurrent.ThreadPoolExecutor$Worker.run(ThreadPoolExecutor.java:624)
	... 1 more
Caused by: org.apache.ratis.thirdparty.io.netty.channel.AbstractChannel$AnnotatedConnectException: Connection refused: /192.168.157.219:42903
	at sun.nio.ch.SocketChannelImpl.checkConnect(Native Method)
	at sun.nio.ch.SocketChannelImpl.finishConnect(SocketChannelImpl.java:717)
	at org.apache.ratis.thirdparty.io.netty.channel.socket.nio.NioSocketChannel.doFinishConnect(NioSocketChannel.java:327)
	at org.apache.ratis.thirdparty.io.netty.channel.nio.AbstractNioChannel$AbstractNioUnsafe.finishConnect(AbstractNioChannel.java:340)
	at org.apache.ratis.thirdparty.io.netty.channel.nio.NioEventLoop.processSelectedKey(NioEventLoop.java:632)
	at org.apache.ratis.thirdparty.io.netty.channel.nio.NioEventLoop.processSelectedKeysOptimized(NioEventLoop.java:579)
	at org.apache.ratis.thirdparty.io.netty.channel.nio.NioEventLoop.processSelectedKeys(NioEventLoop.java:496)
	at org.apache.ratis.thirdparty.io.netty.channel.nio.NioEventLoop.run(NioEventLoop.java:458)
	at org.apache.ratis.thirdparty.io.netty.util.concurrent.SingleThreadEventExecutor$5.run(SingleThreadEventExecutor.java:897)
	at org.apache.ratis.thirdparty.io.netty.util.concurrent.FastThreadLocalRunnable.run(FastThreadLocalRunnable.java:30)
	... 1 more
Caused by: java.net.ConnectException: Connection refused
	... 11 more
2019-09-17 11:51:38,064 [db5c95e9-dab2-4d3b-9775-2e3d4de03f2d@group-4033F378C501:LeaderElection23] INFO  impl.LeaderElection (LogUtils.java:infoOrTrace(149)) -   Exception 1: {}
java.util.concurrent.ExecutionException: org.apache.ratis.thirdparty.io.grpc.StatusRuntimeException: UNAVAILABLE: io exception
	at java.util.concurrent.FutureTask.report(FutureTask.java:122)
	at java.util.concurrent.FutureTask.get(FutureTask.java:192)
	at org.apache.ratis.server.impl.LeaderElection.waitForResults(LeaderElection.java:263)
	at org.apache.ratis.server.impl.LeaderElection.askForVotes(LeaderElection.java:201)
	at org.apache.ratis.server.impl.LeaderElection.run(LeaderElection.java:133)
	at java.lang.Thread.run(Thread.java:748)
Caused by: org.apache.ratis.thirdparty.io.grpc.StatusRuntimeException: UNAVAILABLE: io exception
	at org.apache.ratis.thirdparty.io.grpc.stub.ClientCalls.toStatusRuntimeException(ClientCalls.java:233)
	at org.apache.ratis.thirdparty.io.grpc.stub.ClientCalls.getUnchecked(ClientCalls.java:214)
	at org.apache.ratis.thirdparty.io.grpc.stub.ClientCalls.blockingUnaryCall(ClientCalls.java:139)
	at org.apache.ratis.proto.grpc.RaftServerProtocolServiceGrpc$RaftServerProtocolServiceBlockingStub.requestVote(RaftServerProtocolServiceGrpc.java:265)
	at org.apache.ratis.grpc.server.GrpcServerProtocolClient.requestVote(GrpcServerProtocolClient.java:90)
	at org.apache.ratis.grpc.server.GrpcService.requestVote(GrpcService.java:204)
	at org.apache.ratis.server.impl.LeaderElection.lambda$submitRequests$1(LeaderElection.java:238)
	at java.util.concurrent.FutureTask.run(FutureTask.java:266)
	at java.util.concurrent.Executors$RunnableAdapter.call(Executors.java:511)
	at java.util.concurrent.FutureTask.run(FutureTask.java:266)
	at java.util.concurrent.ThreadPoolExecutor.runWorker(ThreadPoolExecutor.java:1149)
	at java.util.concurrent.ThreadPoolExecutor$Worker.run(ThreadPoolExecutor.java:624)
	... 1 more
Caused by: org.apache.ratis.thirdparty.io.netty.channel.AbstractChannel$AnnotatedConnectException: Connection refused: /192.168.157.219:39557
	at sun.nio.ch.SocketChannelImpl.checkConnect(Native Method)
	at sun.nio.ch.SocketChannelImpl.finishConnect(SocketChannelImpl.java:717)
	at org.apache.ratis.thirdparty.io.netty.channel.socket.nio.NioSocketChannel.doFinishConnect(NioSocketChannel.java:327)
	at org.apache.ratis.thirdparty.io.netty.channel.nio.AbstractNioChannel$AbstractNioUnsafe.finishConnect(AbstractNioChannel.java:340)
	at org.apache.ratis.thirdparty.io.netty.channel.nio.NioEventLoop.processSelectedKey(NioEventLoop.java:632)
	at org.apache.ratis.thirdparty.io.netty.channel.nio.NioEventLoop.processSelectedKeysOptimized(NioEventLoop.java:579)
	at org.apache.ratis.thirdparty.io.netty.channel.nio.NioEventLoop.processSelectedKeys(NioEventLoop.java:496)
	at org.apache.ratis.thirdparty.io.netty.channel.nio.NioEventLoop.run(NioEventLoop.java:458)
	at org.apache.ratis.thirdparty.io.netty.util.concurrent.SingleThreadEventExecutor$5.run(SingleThreadEventExecutor.java:897)
	at org.apache.ratis.thirdparty.io.netty.util.concurrent.FastThreadLocalRunnable.run(FastThreadLocalRunnable.java:30)
	... 1 more
Caused by: java.net.ConnectException: Connection refused
	... 11 more
2019-09-17 11:51:38,065 [db5c95e9-dab2-4d3b-9775-2e3d4de03f2d@group-4033F378C501:LeaderElection23] INFO  impl.RaftServerImpl (RaftServerImpl.java:setRole(174)) - db5c95e9-dab2-4d3b-9775-2e3d4de03f2d@group-4033F378C501: changes role from CANDIDATE to FOLLOWER at term 8 for DISCOVERED_A_NEW_TERM
2019-09-17 11:51:38,065 [db5c95e9-dab2-4d3b-9775-2e3d4de03f2d@group-4033F378C501:LeaderElection23] INFO  impl.RoleInfo (RoleInfo.java:shutdownLeaderElection(134)) - db5c95e9-dab2-4d3b-9775-2e3d4de03f2d: shutdown LeaderElection
2019-09-17 11:51:38,065 [db5c95e9-dab2-4d3b-9775-2e3d4de03f2d@group-4033F378C501:LeaderElection23] INFO  impl.RoleInfo (RoleInfo.java:updateAndGet(143)) - db5c95e9-dab2-4d3b-9775-2e3d4de03f2d: start FollowerState
2019-09-17 11:51:38,128 [java.util.concurrent.ThreadPoolExecutor$Worker@5a9b47f8[State = -1, empty queue]] WARN  server.GrpcLogAppender (GrpcLogAppender.java:timeoutAppendRequest(200)) - ee155057-4acb-4f3f-9013-4bd3c5a101b6@group-B3F5A0A8BDBD->90cc32e6-bdd6-4f93-abb1-bc520dd025bc-GrpcLogAppender: appendEntries Timeout, request=ee155057-4acb-4f3f-9013-4bd3c5a101b6->90cc32e6-bdd6-4f93-abb1-bc520dd025bc#104-t2, previous=(t:2, i:20), leaderCommit=16, initializing? false, entries: <empty>
2019-09-17 11:51:38,128 [java.util.concurrent.ThreadPoolExecutor$Worker@3cd8d43b[State = -1, empty queue]] WARN  server.GrpcLogAppender (GrpcLogAppender.java:timeoutAppendRequest(200)) - ee155057-4acb-4f3f-9013-4bd3c5a101b6@group-B3F5A0A8BDBD->533f21c9-6148-4926-981b-3030ea271196-GrpcLogAppender: appendEntries Timeout, request=ee155057-4acb-4f3f-9013-4bd3c5a101b6->533f21c9-6148-4926-981b-3030ea271196#104-t2, previous=(t:2, i:20), leaderCommit=16, initializing? false, entries: <empty>
2019-09-17 11:51:38,628 [java.util.concurrent.ThreadPoolExecutor$Worker@5a9b47f8[State = -1, empty queue]] WARN  server.GrpcLogAppender (GrpcLogAppender.java:timeoutAppendRequest(200)) - ee155057-4acb-4f3f-9013-4bd3c5a101b6@group-B3F5A0A8BDBD->90cc32e6-bdd6-4f93-abb1-bc520dd025bc-GrpcLogAppender: appendEntries Timeout, request=ee155057-4acb-4f3f-9013-4bd3c5a101b6->90cc32e6-bdd6-4f93-abb1-bc520dd025bc#105-t2, previous=(t:2, i:20), leaderCommit=16, initializing? false, entries: <empty>
2019-09-17 11:51:38,628 [java.util.concurrent.ThreadPoolExecutor$Worker@3cd8d43b[State = -1, empty queue]] WARN  server.GrpcLogAppender (GrpcLogAppender.java:timeoutAppendRequest(200)) - ee155057-4acb-4f3f-9013-4bd3c5a101b6@group-B3F5A0A8BDBD->533f21c9-6148-4926-981b-3030ea271196-GrpcLogAppender: appendEntries Timeout, request=ee155057-4acb-4f3f-9013-4bd3c5a101b6->533f21c9-6148-4926-981b-3030ea271196#105-t2, previous=(t:2, i:20), leaderCommit=16, initializing? false, entries: <empty>
2019-09-17 11:51:39,095 [Thread-1149] INFO  impl.FollowerState (FollowerState.java:run(106)) - db5c95e9-dab2-4d3b-9775-2e3d4de03f2d:group-4033F378C501 changes to CANDIDATE, lastRpcTime:1029, electionTimeout:1029ms
2019-09-17 11:51:39,095 [Thread-1149] INFO  impl.RoleInfo (RoleInfo.java:shutdownFollowerState(121)) - db5c95e9-dab2-4d3b-9775-2e3d4de03f2d: shutdown FollowerState
2019-09-17 11:51:39,096 [Thread-1149] INFO  impl.RaftServerImpl (RaftServerImpl.java:setRole(174)) - db5c95e9-dab2-4d3b-9775-2e3d4de03f2d@group-4033F378C501: changes role from  FOLLOWER to CANDIDATE at term 8 for changeToCandidate
2019-09-17 11:51:39,096 [Thread-1149] INFO  impl.RoleInfo (RoleInfo.java:updateAndGet(143)) - db5c95e9-dab2-4d3b-9775-2e3d4de03f2d: start LeaderElection
2019-09-17 11:51:39,112 [db5c95e9-dab2-4d3b-9775-2e3d4de03f2d@group-4033F378C501:LeaderElection24] INFO  impl.LeaderElection (LeaderElection.java:askForVotes(182)) - db5c95e9-dab2-4d3b-9775-2e3d4de03f2d@group-4033F378C501:LeaderElection24: begin an election at term 9 for 0: [768e87e1-01a1-4abe-adbb-724fc729cfde:192.168.157.219:39557, 0efbdbeb-0caf-4be4-a340-f9adf92e227b:192.168.157.219:42903, db5c95e9-dab2-4d3b-9775-2e3d4de03f2d:192.168.157.219:43472], old=null
2019-09-17 11:51:39,113 [db5c95e9-dab2-4d3b-9775-2e3d4de03f2d@group-4033F378C501:LeaderElection24] INFO  impl.LeaderElection (LogUtils.java:infoOrTrace(149)) - db5c95e9-dab2-4d3b-9775-2e3d4de03f2d@group-4033F378C501:LeaderElection24 got exception when requesting votes: {}
java.util.concurrent.ExecutionException: org.apache.ratis.thirdparty.io.grpc.StatusRuntimeException: UNAVAILABLE: io exception
	at java.util.concurrent.FutureTask.report(FutureTask.java:122)
	at java.util.concurrent.FutureTask.get(FutureTask.java:192)
	at org.apache.ratis.server.impl.LeaderElection.waitForResults(LeaderElection.java:263)
	at org.apache.ratis.server.impl.LeaderElection.askForVotes(LeaderElection.java:201)
	at org.apache.ratis.server.impl.LeaderElection.run(LeaderElection.java:133)
	at java.lang.Thread.run(Thread.java:748)
Caused by: org.apache.ratis.thirdparty.io.grpc.StatusRuntimeException: UNAVAILABLE: io exception
	at org.apache.ratis.thirdparty.io.grpc.stub.ClientCalls.toStatusRuntimeException(ClientCalls.java:233)
	at org.apache.ratis.thirdparty.io.grpc.stub.ClientCalls.getUnchecked(ClientCalls.java:214)
	at org.apache.ratis.thirdparty.io.grpc.stub.ClientCalls.blockingUnaryCall(ClientCalls.java:139)
	at org.apache.ratis.proto.grpc.RaftServerProtocolServiceGrpc$RaftServerProtocolServiceBlockingStub.requestVote(RaftServerProtocolServiceGrpc.java:265)
	at org.apache.ratis.grpc.server.GrpcServerProtocolClient.requestVote(GrpcServerProtocolClient.java:90)
	at org.apache.ratis.grpc.server.GrpcService.requestVote(GrpcService.java:204)
	at org.apache.ratis.server.impl.LeaderElection.lambda$submitRequests$1(LeaderElection.java:238)
	at java.util.concurrent.FutureTask.run(FutureTask.java:266)
	at java.util.concurrent.Executors$RunnableAdapter.call(Executors.java:511)
	at java.util.concurrent.FutureTask.run(FutureTask.java:266)
	at java.util.concurrent.ThreadPoolExecutor.runWorker(ThreadPoolExecutor.java:1149)
	at java.util.concurrent.ThreadPoolExecutor$Worker.run(ThreadPoolExecutor.java:624)
	... 1 more
Caused by: org.apache.ratis.thirdparty.io.netty.channel.AbstractChannel$AnnotatedConnectException: Connection refused: /192.168.157.219:42903
	at sun.nio.ch.SocketChannelImpl.checkConnect(Native Method)
	at sun.nio.ch.SocketChannelImpl.finishConnect(SocketChannelImpl.java:717)
	at org.apache.ratis.thirdparty.io.netty.channel.socket.nio.NioSocketChannel.doFinishConnect(NioSocketChannel.java:327)
	at org.apache.ratis.thirdparty.io.netty.channel.nio.AbstractNioChannel$AbstractNioUnsafe.finishConnect(AbstractNioChannel.java:340)
	at org.apache.ratis.thirdparty.io.netty.channel.nio.NioEventLoop.processSelectedKey(NioEventLoop.java:632)
	at org.apache.ratis.thirdparty.io.netty.channel.nio.NioEventLoop.processSelectedKeysOptimized(NioEventLoop.java:579)
	at org.apache.ratis.thirdparty.io.netty.channel.nio.NioEventLoop.processSelectedKeys(NioEventLoop.java:496)
	at org.apache.ratis.thirdparty.io.netty.channel.nio.NioEventLoop.run(NioEventLoop.java:458)
	at org.apache.ratis.thirdparty.io.netty.util.concurrent.SingleThreadEventExecutor$5.run(SingleThreadEventExecutor.java:897)
	at org.apache.ratis.thirdparty.io.netty.util.concurrent.FastThreadLocalRunnable.run(FastThreadLocalRunnable.java:30)
	... 1 more
Caused by: java.net.ConnectException: Connection refused
	... 11 more
2019-09-17 11:51:39,117 [db5c95e9-dab2-4d3b-9775-2e3d4de03f2d@group-4033F378C501:LeaderElection24] INFO  impl.LeaderElection (LogUtils.java:infoOrTrace(149)) - db5c95e9-dab2-4d3b-9775-2e3d4de03f2d@group-4033F378C501:LeaderElection24 got exception when requesting votes: {}
java.util.concurrent.ExecutionException: org.apache.ratis.thirdparty.io.grpc.StatusRuntimeException: UNAVAILABLE: io exception
	at java.util.concurrent.FutureTask.report(FutureTask.java:122)
	at java.util.concurrent.FutureTask.get(FutureTask.java:192)
	at org.apache.ratis.server.impl.LeaderElection.waitForResults(LeaderElection.java:263)
	at org.apache.ratis.server.impl.LeaderElection.askForVotes(LeaderElection.java:201)
	at org.apache.ratis.server.impl.LeaderElection.run(LeaderElection.java:133)
	at java.lang.Thread.run(Thread.java:748)
Caused by: org.apache.ratis.thirdparty.io.grpc.StatusRuntimeException: UNAVAILABLE: io exception
	at org.apache.ratis.thirdparty.io.grpc.stub.ClientCalls.toStatusRuntimeException(ClientCalls.java:233)
	at org.apache.ratis.thirdparty.io.grpc.stub.ClientCalls.getUnchecked(ClientCalls.java:214)
	at org.apache.ratis.thirdparty.io.grpc.stub.ClientCalls.blockingUnaryCall(ClientCalls.java:139)
	at org.apache.ratis.proto.grpc.RaftServerProtocolServiceGrpc$RaftServerProtocolServiceBlockingStub.requestVote(RaftServerProtocolServiceGrpc.java:265)
	at org.apache.ratis.grpc.server.GrpcServerProtocolClient.requestVote(GrpcServerProtocolClient.java:90)
	at org.apache.ratis.grpc.server.GrpcService.requestVote(GrpcService.java:204)
	at org.apache.ratis.server.impl.LeaderElection.lambda$submitRequests$1(LeaderElection.java:238)
	at java.util.concurrent.FutureTask.run(FutureTask.java:266)
	at java.util.concurrent.Executors$RunnableAdapter.call(Executors.java:511)
	at java.util.concurrent.FutureTask.run(FutureTask.java:266)
	at java.util.concurrent.ThreadPoolExecutor.runWorker(ThreadPoolExecutor.java:1149)
	at java.util.concurrent.ThreadPoolExecutor$Worker.run(ThreadPoolExecutor.java:624)
	... 1 more
Caused by: org.apache.ratis.thirdparty.io.netty.channel.AbstractChannel$AnnotatedConnectException: Connection refused: /192.168.157.219:39557
	at sun.nio.ch.SocketChannelImpl.checkConnect(Native Method)
	at sun.nio.ch.SocketChannelImpl.finishConnect(SocketChannelImpl.java:717)
	at org.apache.ratis.thirdparty.io.netty.channel.socket.nio.NioSocketChannel.doFinishConnect(NioSocketChannel.java:327)
	at org.apache.ratis.thirdparty.io.netty.channel.nio.AbstractNioChannel$AbstractNioUnsafe.finishConnect(AbstractNioChannel.java:340)
	at org.apache.ratis.thirdparty.io.netty.channel.nio.NioEventLoop.processSelectedKey(NioEventLoop.java:632)
	at org.apache.ratis.thirdparty.io.netty.channel.nio.NioEventLoop.processSelectedKeysOptimized(NioEventLoop.java:579)
	at org.apache.ratis.thirdparty.io.netty.channel.nio.NioEventLoop.processSelectedKeys(NioEventLoop.java:496)
	at org.apache.ratis.thirdparty.io.netty.channel.nio.NioEventLoop.run(NioEventLoop.java:458)
	at org.apache.ratis.thirdparty.io.netty.util.concurrent.SingleThreadEventExecutor$5.run(SingleThreadEventExecutor.java:897)
	at org.apache.ratis.thirdparty.io.netty.util.concurrent.FastThreadLocalRunnable.run(FastThreadLocalRunnable.java:30)
	... 1 more
Caused by: java.net.ConnectException: Connection refused
	... 11 more
2019-09-17 11:51:39,119 [db5c95e9-dab2-4d3b-9775-2e3d4de03f2d@group-4033F378C501:LeaderElection24] INFO  impl.LeaderElection (LeaderElection.java:logAndReturn(56)) - db5c95e9-dab2-4d3b-9775-2e3d4de03f2d@group-4033F378C501:LeaderElection24: Election REJECTED; received 0 response(s) [] and 2 exception(s); db5c95e9-dab2-4d3b-9775-2e3d4de03f2d@group-4033F378C501:t9, leader=null, voted=db5c95e9-dab2-4d3b-9775-2e3d4de03f2d, raftlog=db5c95e9-dab2-4d3b-9775-2e3d4de03f2d@group-4033F378C501-SegmentedRaftLog:OPENED:c28,f28,i28, conf=0: [768e87e1-01a1-4abe-adbb-724fc729cfde:192.168.157.219:39557, 0efbdbeb-0caf-4be4-a340-f9adf92e227b:192.168.157.219:42903, db5c95e9-dab2-4d3b-9775-2e3d4de03f2d:192.168.157.219:43472], old=null
2019-09-17 11:51:39,119 [db5c95e9-dab2-4d3b-9775-2e3d4de03f2d@group-4033F378C501:LeaderElection24] INFO  impl.LeaderElection (LogUtils.java:infoOrTrace(149)) -   Exception 0: {}
java.util.concurrent.ExecutionException: org.apache.ratis.thirdparty.io.grpc.StatusRuntimeException: UNAVAILABLE: io exception
	at java.util.concurrent.FutureTask.report(FutureTask.java:122)
	at java.util.concurrent.FutureTask.get(FutureTask.java:192)
	at org.apache.ratis.server.impl.LeaderElection.waitForResults(LeaderElection.java:263)
	at org.apache.ratis.server.impl.LeaderElection.askForVotes(LeaderElection.java:201)
	at org.apache.ratis.server.impl.LeaderElection.run(LeaderElection.java:133)
	at java.lang.Thread.run(Thread.java:748)
Caused by: org.apache.ratis.thirdparty.io.grpc.StatusRuntimeException: UNAVAILABLE: io exception
	at org.apache.ratis.thirdparty.io.grpc.stub.ClientCalls.toStatusRuntimeException(ClientCalls.java:233)
	at org.apache.ratis.thirdparty.io.grpc.stub.ClientCalls.getUnchecked(ClientCalls.java:214)
	at org.apache.ratis.thirdparty.io.grpc.stub.ClientCalls.blockingUnaryCall(ClientCalls.java:139)
	at org.apache.ratis.proto.grpc.RaftServerProtocolServiceGrpc$RaftServerProtocolServiceBlockingStub.requestVote(RaftServerProtocolServiceGrpc.java:265)
	at org.apache.ratis.grpc.server.GrpcServerProtocolClient.requestVote(GrpcServerProtocolClient.java:90)
	at org.apache.ratis.grpc.server.GrpcService.requestVote(GrpcService.java:204)
	at org.apache.ratis.server.impl.LeaderElection.lambda$submitRequests$1(LeaderElection.java:238)
	at java.util.concurrent.FutureTask.run(FutureTask.java:266)
	at java.util.concurrent.Executors$RunnableAdapter.call(Executors.java:511)
	at java.util.concurrent.FutureTask.run(FutureTask.java:266)
	at java.util.concurrent.ThreadPoolExecutor.runWorker(ThreadPoolExecutor.java:1149)
	at java.util.concurrent.ThreadPoolExecutor$Worker.run(ThreadPoolExecutor.java:624)
	... 1 more
Caused by: org.apache.ratis.thirdparty.io.netty.channel.AbstractChannel$AnnotatedConnectException: Connection refused: /192.168.157.219:42903
	at sun.nio.ch.SocketChannelImpl.checkConnect(Native Method)
	at sun.nio.ch.SocketChannelImpl.finishConnect(SocketChannelImpl.java:717)
	at org.apache.ratis.thirdparty.io.netty.channel.socket.nio.NioSocketChannel.doFinishConnect(NioSocketChannel.java:327)
	at org.apache.ratis.thirdparty.io.netty.channel.nio.AbstractNioChannel$AbstractNioUnsafe.finishConnect(AbstractNioChannel.java:340)
	at org.apache.ratis.thirdparty.io.netty.channel.nio.NioEventLoop.processSelectedKey(NioEventLoop.java:632)
	at org.apache.ratis.thirdparty.io.netty.channel.nio.NioEventLoop.processSelectedKeysOptimized(NioEventLoop.java:579)
	at org.apache.ratis.thirdparty.io.netty.channel.nio.NioEventLoop.processSelectedKeys(NioEventLoop.java:496)
	at org.apache.ratis.thirdparty.io.netty.channel.nio.NioEventLoop.run(NioEventLoop.java:458)
	at org.apache.ratis.thirdparty.io.netty.util.concurrent.SingleThreadEventExecutor$5.run(SingleThreadEventExecutor.java:897)
	at org.apache.ratis.thirdparty.io.netty.util.concurrent.FastThreadLocalRunnable.run(FastThreadLocalRunnable.java:30)
	... 1 more
Caused by: java.net.ConnectException: Connection refused
	... 11 more
2019-09-17 11:51:39,120 [db5c95e9-dab2-4d3b-9775-2e3d4de03f2d@group-4033F378C501:LeaderElection24] INFO  impl.LeaderElection (LogUtils.java:infoOrTrace(149)) -   Exception 1: {}
java.util.concurrent.ExecutionException: org.apache.ratis.thirdparty.io.grpc.StatusRuntimeException: UNAVAILABLE: io exception
	at java.util.concurrent.FutureTask.report(FutureTask.java:122)
	at java.util.concurrent.FutureTask.get(FutureTask.java:192)
	at org.apache.ratis.server.impl.LeaderElection.waitForResults(LeaderElection.java:263)
	at org.apache.ratis.server.impl.LeaderElection.askForVotes(LeaderElection.java:201)
	at org.apache.ratis.server.impl.LeaderElection.run(LeaderElection.java:133)
	at java.lang.Thread.run(Thread.java:748)
Caused by: org.apache.ratis.thirdparty.io.grpc.StatusRuntimeException: UNAVAILABLE: io exception
	at org.apache.ratis.thirdparty.io.grpc.stub.ClientCalls.toStatusRuntimeException(ClientCalls.java:233)
	at org.apache.ratis.thirdparty.io.grpc.stub.ClientCalls.getUnchecked(ClientCalls.java:214)
	at org.apache.ratis.thirdparty.io.grpc.stub.ClientCalls.blockingUnaryCall(ClientCalls.java:139)
	at org.apache.ratis.proto.grpc.RaftServerProtocolServiceGrpc$RaftServerProtocolServiceBlockingStub.requestVote(RaftServerProtocolServiceGrpc.java:265)
	at org.apache.ratis.grpc.server.GrpcServerProtocolClient.requestVote(GrpcServerProtocolClient.java:90)
	at org.apache.ratis.grpc.server.GrpcService.requestVote(GrpcService.java:204)
	at org.apache.ratis.server.impl.LeaderElection.lambda$submitRequests$1(LeaderElection.java:238)
	at java.util.concurrent.FutureTask.run(FutureTask.java:266)
	at java.util.concurrent.Executors$RunnableAdapter.call(Executors.java:511)
	at java.util.concurrent.FutureTask.run(FutureTask.java:266)
	at java.util.concurrent.ThreadPoolExecutor.runWorker(ThreadPoolExecutor.java:1149)
	at java.util.concurrent.ThreadPoolExecutor$Worker.run(ThreadPoolExecutor.java:624)
	... 1 more
Caused by: org.apache.ratis.thirdparty.io.netty.channel.AbstractChannel$AnnotatedConnectException: Connection refused: /192.168.157.219:39557
	at sun.nio.ch.SocketChannelImpl.checkConnect(Native Method)
	at sun.nio.ch.SocketChannelImpl.finishConnect(SocketChannelImpl.java:717)
	at org.apache.ratis.thirdparty.io.netty.channel.socket.nio.NioSocketChannel.doFinishConnect(NioSocketChannel.java:327)
	at org.apache.ratis.thirdparty.io.netty.channel.nio.AbstractNioChannel$AbstractNioUnsafe.finishConnect(AbstractNioChannel.java:340)
	at org.apache.ratis.thirdparty.io.netty.channel.nio.NioEventLoop.processSelectedKey(NioEventLoop.java:632)
	at org.apache.ratis.thirdparty.io.netty.channel.nio.NioEventLoop.processSelectedKeysOptimized(NioEventLoop.java:579)
	at org.apache.ratis.thirdparty.io.netty.channel.nio.NioEventLoop.processSelectedKeys(NioEventLoop.java:496)
	at org.apache.ratis.thirdparty.io.netty.channel.nio.NioEventLoop.run(NioEventLoop.java:458)
	at org.apache.ratis.thirdparty.io.netty.util.concurrent.SingleThreadEventExecutor$5.run(SingleThreadEventExecutor.java:897)
	at org.apache.ratis.thirdparty.io.netty.util.concurrent.FastThreadLocalRunnable.run(FastThreadLocalRunnable.java:30)
	... 1 more
Caused by: java.net.ConnectException: Connection refused
	... 11 more
2019-09-17 11:51:39,120 [db5c95e9-dab2-4d3b-9775-2e3d4de03f2d@group-4033F378C501:LeaderElection24] INFO  impl.RaftServerImpl (RaftServerImpl.java:setRole(174)) - db5c95e9-dab2-4d3b-9775-2e3d4de03f2d@group-4033F378C501: changes role from CANDIDATE to FOLLOWER at term 9 for DISCOVERED_A_NEW_TERM
2019-09-17 11:51:39,120 [db5c95e9-dab2-4d3b-9775-2e3d4de03f2d@group-4033F378C501:LeaderElection24] INFO  impl.RoleInfo (RoleInfo.java:shutdownLeaderElection(134)) - db5c95e9-dab2-4d3b-9775-2e3d4de03f2d: shutdown LeaderElection
2019-09-17 11:51:39,120 [db5c95e9-dab2-4d3b-9775-2e3d4de03f2d@group-4033F378C501:LeaderElection24] INFO  impl.RoleInfo (RoleInfo.java:updateAndGet(143)) - db5c95e9-dab2-4d3b-9775-2e3d4de03f2d: start FollowerState
2019-09-17 11:51:39,129 [java.util.concurrent.ThreadPoolExecutor$Worker@5a9b47f8[State = -1, empty queue]] WARN  server.GrpcLogAppender (GrpcLogAppender.java:timeoutAppendRequest(200)) - ee155057-4acb-4f3f-9013-4bd3c5a101b6@group-B3F5A0A8BDBD->90cc32e6-bdd6-4f93-abb1-bc520dd025bc-GrpcLogAppender: appendEntries Timeout, request=ee155057-4acb-4f3f-9013-4bd3c5a101b6->90cc32e6-bdd6-4f93-abb1-bc520dd025bc#106-t2, previous=(t:2, i:20), leaderCommit=16, initializing? false, entries: <empty>
2019-09-17 11:51:39,129 [java.util.concurrent.ThreadPoolExecutor$Worker@3cd8d43b[State = -1, empty queue]] WARN  server.GrpcLogAppender (GrpcLogAppender.java:timeoutAppendRequest(200)) - ee155057-4acb-4f3f-9013-4bd3c5a101b6@group-B3F5A0A8BDBD->533f21c9-6148-4926-981b-3030ea271196-GrpcLogAppender: appendEntries Timeout, request=ee155057-4acb-4f3f-9013-4bd3c5a101b6->533f21c9-6148-4926-981b-3030ea271196#106-t2, previous=(t:2, i:20), leaderCommit=16, initializing? false, entries: <empty>
2019-09-17 11:51:39,558 [main] WARN  io.KeyOutputStream (KeyOutputStream.java:handleException(276)) - Encountered exception java.io.IOException: Unexpected Storage Container Exception: java.util.concurrent.CompletionException: java.util.concurrent.CompletionException: org.apache.ratis.protocol.RaftRetryFailureException: Failed RaftClientRequest:client-517B9A8AF683->768e87e1-01a1-4abe-adbb-724fc729cfde@group-4033F378C501, cid=59, seq=7*, RW, org.apache.hadoop.hdds.scm.XceiverClientRatis$$Lambda$568/1583001542@549616ee for 10 attempts with RetryLimited(maxAttempts=10, sleepTime=1000ms) on the pipeline Pipeline[ Id: 39788b26-8e4f-498d-9caf-4033f378c501, Nodes: 768e87e1-01a1-4abe-adbb-724fc729cfde{ip: 192.168.157.219, host: pr-hdds-2121-5jcdq-2838215776, networkLocation: /default-rack, certSerialId: null}0efbdbeb-0caf-4be4-a340-f9adf92e227b{ip: 192.168.157.219, host: pr-hdds-2121-5jcdq-2838215776, networkLocation: /default-rack, certSerialId: null}db5c95e9-dab2-4d3b-9775-2e3d4de03f2d{ip: 192.168.157.219, host: pr-hdds-2121-5jcdq-2838215776, networkLocation: /default-rack, certSerialId: null}, Type:RATIS, Factor:THREE, State:OPEN]. The last committed block length is 2097152, uncommitted data length is 2097152 retry count 0
2019-09-17 11:51:39,584 [grpc-default-executor-1] INFO  client.GrpcClientProtocolClient (GrpcClientProtocolClient.java:onNext(264)) - client-CC55B186F28B->ab50ed4d-57db-4f38-bd59-74c03932909c: receive RaftClientReply:client-CC55B186F28B->ab50ed4d-57db-4f38-bd59-74c03932909c@group-012F5F91B630, cid=61, FAILED org.apache.ratis.protocol.NotLeaderException: Server ab50ed4d-57db-4f38-bd59-74c03932909c@group-012F5F91B630 is not the leader 166adff3-52d0-4f60-8e58-0e12ed96f4bf:192.168.157.219:39836, logIndex=0, commits[ab50ed4d-57db-4f38-bd59-74c03932909c:c16, 166adff3-52d0-4f60-8e58-0e12ed96f4bf:c16, 478df2fd-32fa-402c-a09a-4121263fb7de:c16]
2019-09-17 11:51:39,630 [java.util.concurrent.ThreadPoolExecutor$Worker@3cd8d43b[State = -1, empty queue]] WARN  server.GrpcLogAppender (GrpcLogAppender.java:timeoutAppendRequest(200)) - ee155057-4acb-4f3f-9013-4bd3c5a101b6@group-B3F5A0A8BDBD->533f21c9-6148-4926-981b-3030ea271196-GrpcLogAppender: appendEntries Timeout, request=ee155057-4acb-4f3f-9013-4bd3c5a101b6->533f21c9-6148-4926-981b-3030ea271196#107-t2, previous=(t:2, i:20), leaderCommit=16, initializing? false, entries: <empty>
2019-09-17 11:51:39,630 [java.util.concurrent.ThreadPoolExecutor$Worker@5a9b47f8[State = -1, empty queue]] WARN  server.GrpcLogAppender (GrpcLogAppender.java:timeoutAppendRequest(200)) - ee155057-4acb-4f3f-9013-4bd3c5a101b6@group-B3F5A0A8BDBD->90cc32e6-bdd6-4f93-abb1-bc520dd025bc-GrpcLogAppender: appendEntries Timeout, request=ee155057-4acb-4f3f-9013-4bd3c5a101b6->90cc32e6-bdd6-4f93-abb1-bc520dd025bc#107-t2, previous=(t:2, i:20), leaderCommit=16, initializing? false, entries: <empty>
2019-09-17 11:51:39,728 [grpc-default-executor-1] INFO  client.GrpcClientProtocolClient (GrpcClientProtocolClient.java:onNext(264)) - client-CC55B186F28B->166adff3-52d0-4f60-8e58-0e12ed96f4bf: receive RaftClientReply:client-CC55B186F28B->166adff3-52d0-4f60-8e58-0e12ed96f4bf@group-012F5F91B630, cid=61, SUCCESS, logIndex=17, commits[166adff3-52d0-4f60-8e58-0e12ed96f4bf:c17, ab50ed4d-57db-4f38-bd59-74c03932909c:c16, 478df2fd-32fa-402c-a09a-4121263fb7de:c16]
2019-09-17 11:51:39,795 [grpc-default-executor-0] INFO  client.GrpcClientProtocolClient (GrpcClientProtocolClient.java:onNext(264)) - client-CC55B186F28B->166adff3-52d0-4f60-8e58-0e12ed96f4bf: receive RaftClientReply:client-CC55B186F28B->166adff3-52d0-4f60-8e58-0e12ed96f4bf@group-012F5F91B630, cid=62, SUCCESS, logIndex=19, commits[166adff3-52d0-4f60-8e58-0e12ed96f4bf:c24, ab50ed4d-57db-4f38-bd59-74c03932909c:c21, 478df2fd-32fa-402c-a09a-4121263fb7de:c21]
2019-09-17 11:51:39,796 [grpc-default-executor-0] INFO  client.GrpcClientProtocolClient (GrpcClientProtocolClient.java:onNext(264)) - client-CC55B186F28B->166adff3-52d0-4f60-8e58-0e12ed96f4bf: receive RaftClientReply:client-CC55B186F28B->166adff3-52d0-4f60-8e58-0e12ed96f4bf@group-012F5F91B630, cid=63, SUCCESS, logIndex=20, commits[166adff3-52d0-4f60-8e58-0e12ed96f4bf:c24, ab50ed4d-57db-4f38-bd59-74c03932909c:c21, 478df2fd-32fa-402c-a09a-4121263fb7de:c21]
2019-09-17 11:51:39,883 [grpc-default-executor-0] INFO  client.GrpcClientProtocolClient (GrpcClientProtocolClient.java:onNext(264)) - client-CC55B186F28B->166adff3-52d0-4f60-8e58-0e12ed96f4bf: receive RaftClientReply:client-CC55B186F28B->166adff3-52d0-4f60-8e58-0e12ed96f4bf@group-012F5F91B630, cid=64, SUCCESS, logIndex=21, commits[166adff3-52d0-4f60-8e58-0e12ed96f4bf:c24, ab50ed4d-57db-4f38-bd59-74c03932909c:c21, 478df2fd-32fa-402c-a09a-4121263fb7de:c21]
2019-09-17 11:51:39,916 [grpc-default-executor-1] INFO  client.GrpcClientProtocolClient (GrpcClientProtocolClient.java:onNext(264)) - client-CC55B186F28B->166adff3-52d0-4f60-8e58-0e12ed96f4bf: receive RaftClientReply:client-CC55B186F28B->166adff3-52d0-4f60-8e58-0e12ed96f4bf@group-012F5F91B630, cid=65, SUCCESS, logIndex=25, commits[166adff3-52d0-4f60-8e58-0e12ed96f4bf:c27, ab50ed4d-57db-4f38-bd59-74c03932909c:c24, 478df2fd-32fa-402c-a09a-4121263fb7de:c24]
2019-09-17 11:51:39,917 [grpc-default-executor-1] INFO  client.GrpcClientProtocolClient (GrpcClientProtocolClient.java:onNext(264)) - client-CC55B186F28B->166adff3-52d0-4f60-8e58-0e12ed96f4bf: receive RaftClientReply:client-CC55B186F28B->166adff3-52d0-4f60-8e58-0e12ed96f4bf@group-012F5F91B630, cid=66, SUCCESS, logIndex=26, commits[166adff3-52d0-4f60-8e58-0e12ed96f4bf:c28, ab50ed4d-57db-4f38-bd59-74c03932909c:c24, 478df2fd-32fa-402c-a09a-4121263fb7de:c24]
2019-09-17 11:51:39,919 [grpc-default-executor-1] INFO  client.GrpcClientProtocolClient (GrpcClientProtocolClient.java:onNext(264)) - client-CC55B186F28B->166adff3-52d0-4f60-8e58-0e12ed96f4bf: receive RaftClientReply:client-CC55B186F28B->166adff3-52d0-4f60-8e58-0e12ed96f4bf@group-012F5F91B630, cid=67, SUCCESS, logIndex=27, commits[166adff3-52d0-4f60-8e58-0e12ed96f4bf:c28, ab50ed4d-57db-4f38-bd59-74c03932909c:c24, 478df2fd-32fa-402c-a09a-4121263fb7de:c24]
2019-09-17 11:51:39,920 [grpc-default-executor-1] INFO  client.GrpcClientProtocolClient (GrpcClientProtocolClient.java:onNext(264)) - client-CC55B186F28B->166adff3-52d0-4f60-8e58-0e12ed96f4bf: receive RaftClientReply:client-CC55B186F28B->166adff3-52d0-4f60-8e58-0e12ed96f4bf@group-012F5F91B630, cid=68, SUCCESS, logIndex=28, commits[166adff3-52d0-4f60-8e58-0e12ed96f4bf:c28, ab50ed4d-57db-4f38-bd59-74c03932909c:c24, 478df2fd-32fa-402c-a09a-4121263fb7de:c24]
2019-09-17 11:51:39,926 [grpc-default-executor-1] INFO  client.GrpcClientProtocolClient (GrpcClientProtocolClient.java:onNext(264)) - client-CC55B186F28B->166adff3-52d0-4f60-8e58-0e12ed96f4bf: receive RaftClientReply:client-CC55B186F28B->166adff3-52d0-4f60-8e58-0e12ed96f4bf@group-012F5F91B630, cid=69, SUCCESS, logIndex=0, commits[166adff3-52d0-4f60-8e58-0e12ed96f4bf:c29, ab50ed4d-57db-4f38-bd59-74c03932909c:c26, 478df2fd-32fa-402c-a09a-4121263fb7de:c26]
2019-09-17 11:51:39,931 [grpc-default-executor-1] INFO  client.GrpcClientProtocolClient (GrpcClientProtocolClient.java:onNext(264)) - client-CC55B186F28B->166adff3-52d0-4f60-8e58-0e12ed96f4bf: receive RaftClientReply:client-CC55B186F28B->166adff3-52d0-4f60-8e58-0e12ed96f4bf@group-012F5F91B630, cid=70, SUCCESS, logIndex=0, commits[166adff3-52d0-4f60-8e58-0e12ed96f4bf:c32, ab50ed4d-57db-4f38-bd59-74c03932909c:c28, 478df2fd-32fa-402c-a09a-4121263fb7de:c28]
2019-09-17 11:51:40,124 [Thread-1162] INFO  impl.FollowerState (FollowerState.java:run(106)) - db5c95e9-dab2-4d3b-9775-2e3d4de03f2d:group-4033F378C501 changes to CANDIDATE, lastRpcTime:1003, electionTimeout:1003ms
2019-09-17 11:51:40,124 [Thread-1162] INFO  impl.RoleInfo (RoleInfo.java:shutdownFollowerState(121)) - db5c95e9-dab2-4d3b-9775-2e3d4de03f2d: shutdown FollowerState
2019-09-17 11:51:40,124 [Thread-1162] INFO  impl.RaftServerImpl (RaftServerImpl.java:setRole(174)) - db5c95e9-dab2-4d3b-9775-2e3d4de03f2d@group-4033F378C501: changes role from  FOLLOWER to CANDIDATE at term 9 for changeToCandidate
2019-09-17 11:51:40,124 [Thread-1162] INFO  impl.RoleInfo (RoleInfo.java:updateAndGet(143)) - db5c95e9-dab2-4d3b-9775-2e3d4de03f2d: start LeaderElection
2019-09-17 11:51:40,130 [java.util.concurrent.ThreadPoolExecutor$Worker@3cd8d43b[State = -1, empty queue]] WARN  server.GrpcLogAppender (GrpcLogAppender.java:timeoutAppendRequest(200)) - ee155057-4acb-4f3f-9013-4bd3c5a101b6@group-B3F5A0A8BDBD->533f21c9-6148-4926-981b-3030ea271196-GrpcLogAppender: appendEntries Timeout, request=ee155057-4acb-4f3f-9013-4bd3c5a101b6->533f21c9-6148-4926-981b-3030ea271196#108-t2, previous=(t:2, i:20), leaderCommit=16, initializing? false, entries: <empty>
2019-09-17 11:51:40,130 [java.util.concurrent.ThreadPoolExecutor$Worker@5a9b47f8[State = -1, empty queue]] WARN  server.GrpcLogAppender (GrpcLogAppender.java:timeoutAppendRequest(200)) - ee155057-4acb-4f3f-9013-4bd3c5a101b6@group-B3F5A0A8BDBD->90cc32e6-bdd6-4f93-abb1-bc520dd025bc-GrpcLogAppender: appendEntries Timeout, request=ee155057-4acb-4f3f-9013-4bd3c5a101b6->90cc32e6-bdd6-4f93-abb1-bc520dd025bc#108-t2, previous=(t:2, i:20), leaderCommit=16, initializing? false, entries: <empty>
2019-09-17 11:51:40,141 [db5c95e9-dab2-4d3b-9775-2e3d4de03f2d@group-4033F378C501:LeaderElection25] INFO  impl.LeaderElection (LeaderElection.java:askForVotes(182)) - db5c95e9-dab2-4d3b-9775-2e3d4de03f2d@group-4033F378C501:LeaderElection25: begin an election at term 10 for 0: [768e87e1-01a1-4abe-adbb-724fc729cfde:192.168.157.219:39557, 0efbdbeb-0caf-4be4-a340-f9adf92e227b:192.168.157.219:42903, db5c95e9-dab2-4d3b-9775-2e3d4de03f2d:192.168.157.219:43472], old=null
2019-09-17 11:51:40,142 [db5c95e9-dab2-4d3b-9775-2e3d4de03f2d@group-4033F378C501:LeaderElection25] INFO  impl.LeaderElection (LogUtils.java:infoOrTrace(149)) - db5c95e9-dab2-4d3b-9775-2e3d4de03f2d@group-4033F378C501:LeaderElection25 got exception when requesting votes: {}
java.util.concurrent.ExecutionException: org.apache.ratis.thirdparty.io.grpc.StatusRuntimeException: UNAVAILABLE: io exception
	at java.util.concurrent.FutureTask.report(FutureTask.java:122)
	at java.util.concurrent.FutureTask.get(FutureTask.java:192)
	at org.apache.ratis.server.impl.LeaderElection.waitForResults(LeaderElection.java:263)
	at org.apache.ratis.server.impl.LeaderElection.askForVotes(LeaderElection.java:201)
	at org.apache.ratis.server.impl.LeaderElection.run(LeaderElection.java:133)
	at java.lang.Thread.run(Thread.java:748)
Caused by: org.apache.ratis.thirdparty.io.grpc.StatusRuntimeException: UNAVAILABLE: io exception
	at org.apache.ratis.thirdparty.io.grpc.stub.ClientCalls.toStatusRuntimeException(ClientCalls.java:233)
	at org.apache.ratis.thirdparty.io.grpc.stub.ClientCalls.getUnchecked(ClientCalls.java:214)
	at org.apache.ratis.thirdparty.io.grpc.stub.ClientCalls.blockingUnaryCall(ClientCalls.java:139)
	at org.apache.ratis.proto.grpc.RaftServerProtocolServiceGrpc$RaftServerProtocolServiceBlockingStub.requestVote(RaftServerProtocolServiceGrpc.java:265)
	at org.apache.ratis.grpc.server.GrpcServerProtocolClient.requestVote(GrpcServerProtocolClient.java:90)
	at org.apache.ratis.grpc.server.GrpcService.requestVote(GrpcService.java:204)
	at org.apache.ratis.server.impl.LeaderElection.lambda$submitRequests$1(LeaderElection.java:238)
	at java.util.concurrent.FutureTask.run(FutureTask.java:266)
	at java.util.concurrent.Executors$RunnableAdapter.call(Executors.java:511)
	at java.util.concurrent.FutureTask.run(FutureTask.java:266)
	at java.util.concurrent.ThreadPoolExecutor.runWorker(ThreadPoolExecutor.java:1149)
	at java.util.concurrent.ThreadPoolExecutor$Worker.run(ThreadPoolExecutor.java:624)
	... 1 more
Caused by: org.apache.ratis.thirdparty.io.netty.channel.AbstractChannel$AnnotatedConnectException: Connection refused: /192.168.157.219:39557
	at sun.nio.ch.SocketChannelImpl.checkConnect(Native Method)
	at sun.nio.ch.SocketChannelImpl.finishConnect(SocketChannelImpl.java:717)
	at org.apache.ratis.thirdparty.io.netty.channel.socket.nio.NioSocketChannel.doFinishConnect(NioSocketChannel.java:327)
	at org.apache.ratis.thirdparty.io.netty.channel.nio.AbstractNioChannel$AbstractNioUnsafe.finishConnect(AbstractNioChannel.java:340)
	at org.apache.ratis.thirdparty.io.netty.channel.nio.NioEventLoop.processSelectedKey(NioEventLoop.java:632)
	at org.apache.ratis.thirdparty.io.netty.channel.nio.NioEventLoop.processSelectedKeysOptimized(NioEventLoop.java:579)
	at org.apache.ratis.thirdparty.io.netty.channel.nio.NioEventLoop.processSelectedKeys(NioEventLoop.java:496)
	at org.apache.ratis.thirdparty.io.netty.channel.nio.NioEventLoop.run(NioEventLoop.java:458)
	at org.apache.ratis.thirdparty.io.netty.util.concurrent.SingleThreadEventExecutor$5.run(SingleThreadEventExecutor.java:897)
	at org.apache.ratis.thirdparty.io.netty.util.concurrent.FastThreadLocalRunnable.run(FastThreadLocalRunnable.java:30)
	... 1 more
Caused by: java.net.ConnectException: Connection refused
	... 11 more
2019-09-17 11:51:40,144 [db5c95e9-dab2-4d3b-9775-2e3d4de03f2d@group-4033F378C501:LeaderElection25] INFO  impl.LeaderElection (LogUtils.java:infoOrTrace(149)) - db5c95e9-dab2-4d3b-9775-2e3d4de03f2d@group-4033F378C501:LeaderElection25 got exception when requesting votes: {}
java.util.concurrent.ExecutionException: org.apache.ratis.thirdparty.io.grpc.StatusRuntimeException: UNAVAILABLE: io exception
	at java.util.concurrent.FutureTask.report(FutureTask.java:122)
	at java.util.concurrent.FutureTask.get(FutureTask.java:192)
	at org.apache.ratis.server.impl.LeaderElection.waitForResults(LeaderElection.java:263)
	at org.apache.ratis.server.impl.LeaderElection.askForVotes(LeaderElection.java:201)
	at org.apache.ratis.server.impl.LeaderElection.run(LeaderElection.java:133)
	at java.lang.Thread.run(Thread.java:748)
Caused by: org.apache.ratis.thirdparty.io.grpc.StatusRuntimeException: UNAVAILABLE: io exception
	at org.apache.ratis.thirdparty.io.grpc.stub.ClientCalls.toStatusRuntimeException(ClientCalls.java:233)
	at org.apache.ratis.thirdparty.io.grpc.stub.ClientCalls.getUnchecked(ClientCalls.java:214)
	at org.apache.ratis.thirdparty.io.grpc.stub.ClientCalls.blockingUnaryCall(ClientCalls.java:139)
	at org.apache.ratis.proto.grpc.RaftServerProtocolServiceGrpc$RaftServerProtocolServiceBlockingStub.requestVote(RaftServerProtocolServiceGrpc.java:265)
	at org.apache.ratis.grpc.server.GrpcServerProtocolClient.requestVote(GrpcServerProtocolClient.java:90)
	at org.apache.ratis.grpc.server.GrpcService.requestVote(GrpcService.java:204)
	at org.apache.ratis.server.impl.LeaderElection.lambda$submitRequests$1(LeaderElection.java:238)
	at java.util.concurrent.FutureTask.run(FutureTask.java:266)
	at java.util.concurrent.Executors$RunnableAdapter.call(Executors.java:511)
	at java.util.concurrent.FutureTask.run(FutureTask.java:266)
	at java.util.concurrent.ThreadPoolExecutor.runWorker(ThreadPoolExecutor.java:1149)
	at java.util.concurrent.ThreadPoolExecutor$Worker.run(ThreadPoolExecutor.java:624)
	... 1 more
Caused by: org.apache.ratis.thirdparty.io.netty.channel.AbstractChannel$AnnotatedConnectException: Connection refused: /192.168.157.219:42903
	at sun.nio.ch.SocketChannelImpl.checkConnect(Native Method)
	at sun.nio.ch.SocketChannelImpl.finishConnect(SocketChannelImpl.java:717)
	at org.apache.ratis.thirdparty.io.netty.channel.socket.nio.NioSocketChannel.doFinishConnect(NioSocketChannel.java:327)
	at org.apache.ratis.thirdparty.io.netty.channel.nio.AbstractNioChannel$AbstractNioUnsafe.finishConnect(AbstractNioChannel.java:340)
	at org.apache.ratis.thirdparty.io.netty.channel.nio.NioEventLoop.processSelectedKey(NioEventLoop.java:632)
	at org.apache.ratis.thirdparty.io.netty.channel.nio.NioEventLoop.processSelectedKeysOptimized(NioEventLoop.java:579)
	at org.apache.ratis.thirdparty.io.netty.channel.nio.NioEventLoop.processSelectedKeys(NioEventLoop.java:496)
	at org.apache.ratis.thirdparty.io.netty.channel.nio.NioEventLoop.run(NioEventLoop.java:458)
	at org.apache.ratis.thirdparty.io.netty.util.concurrent.SingleThreadEventExecutor$5.run(SingleThreadEventExecutor.java:897)
	at org.apache.ratis.thirdparty.io.netty.util.concurrent.FastThreadLocalRunnable.run(FastThreadLocalRunnable.java:30)
	... 1 more
Caused by: java.net.ConnectException: Connection refused
	... 11 more
2019-09-17 11:51:40,146 [db5c95e9-dab2-4d3b-9775-2e3d4de03f2d@group-4033F378C501:LeaderElection25] INFO  impl.LeaderElection (LeaderElection.java:logAndReturn(56)) - db5c95e9-dab2-4d3b-9775-2e3d4de03f2d@group-4033F378C501:LeaderElection25: Election REJECTED; received 0 response(s) [] and 2 exception(s); db5c95e9-dab2-4d3b-9775-2e3d4de03f2d@group-4033F378C501:t10, leader=null, voted=db5c95e9-dab2-4d3b-9775-2e3d4de03f2d, raftlog=db5c95e9-dab2-4d3b-9775-2e3d4de03f2d@group-4033F378C501-SegmentedRaftLog:OPENED:c28,f28,i28, conf=0: [768e87e1-01a1-4abe-adbb-724fc729cfde:192.168.157.219:39557, 0efbdbeb-0caf-4be4-a340-f9adf92e227b:192.168.157.219:42903, db5c95e9-dab2-4d3b-9775-2e3d4de03f2d:192.168.157.219:43472], old=null
2019-09-17 11:51:40,147 [db5c95e9-dab2-4d3b-9775-2e3d4de03f2d@group-4033F378C501:LeaderElection25] INFO  impl.LeaderElection (LogUtils.java:infoOrTrace(149)) -   Exception 0: {}
java.util.concurrent.ExecutionException: org.apache.ratis.thirdparty.io.grpc.StatusRuntimeException: UNAVAILABLE: io exception
	at java.util.concurrent.FutureTask.report(FutureTask.java:122)
	at java.util.concurrent.FutureTask.get(FutureTask.java:192)
	at org.apache.ratis.server.impl.LeaderElection.waitForResults(LeaderElection.java:263)
	at org.apache.ratis.server.impl.LeaderElection.askForVotes(LeaderElection.java:201)
	at org.apache.ratis.server.impl.LeaderElection.run(LeaderElection.java:133)
	at java.lang.Thread.run(Thread.java:748)
Caused by: org.apache.ratis.thirdparty.io.grpc.StatusRuntimeException: UNAVAILABLE: io exception
	at org.apache.ratis.thirdparty.io.grpc.stub.ClientCalls.toStatusRuntimeException(ClientCalls.java:233)
	at org.apache.ratis.thirdparty.io.grpc.stub.ClientCalls.getUnchecked(ClientCalls.java:214)
	at org.apache.ratis.thirdparty.io.grpc.stub.ClientCalls.blockingUnaryCall(ClientCalls.java:139)
	at org.apache.ratis.proto.grpc.RaftServerProtocolServiceGrpc$RaftServerProtocolServiceBlockingStub.requestVote(RaftServerProtocolServiceGrpc.java:265)
	at org.apache.ratis.grpc.server.GrpcServerProtocolClient.requestVote(GrpcServerProtocolClient.java:90)
	at org.apache.ratis.grpc.server.GrpcService.requestVote(GrpcService.java:204)
	at org.apache.ratis.server.impl.LeaderElection.lambda$submitRequests$1(LeaderElection.java:238)
	at java.util.concurrent.FutureTask.run(FutureTask.java:266)
	at java.util.concurrent.Executors$RunnableAdapter.call(Executors.java:511)
	at java.util.concurrent.FutureTask.run(FutureTask.java:266)
	at java.util.concurrent.ThreadPoolExecutor.runWorker(ThreadPoolExecutor.java:1149)
	at java.util.concurrent.ThreadPoolExecutor$Worker.run(ThreadPoolExecutor.java:624)
	... 1 more
Caused by: org.apache.ratis.thirdparty.io.netty.channel.AbstractChannel$AnnotatedConnectException: Connection refused: /192.168.157.219:39557
	at sun.nio.ch.SocketChannelImpl.checkConnect(Native Method)
	at sun.nio.ch.SocketChannelImpl.finishConnect(SocketChannelImpl.java:717)
	at org.apache.ratis.thirdparty.io.netty.channel.socket.nio.NioSocketChannel.doFinishConnect(NioSocketChannel.java:327)
	at org.apache.ratis.thirdparty.io.netty.channel.nio.AbstractNioChannel$AbstractNioUnsafe.finishConnect(AbstractNioChannel.java:340)
	at org.apache.ratis.thirdparty.io.netty.channel.nio.NioEventLoop.processSelectedKey(NioEventLoop.java:632)
	at org.apache.ratis.thirdparty.io.netty.channel.nio.NioEventLoop.processSelectedKeysOptimized(NioEventLoop.java:579)
	at org.apache.ratis.thirdparty.io.netty.channel.nio.NioEventLoop.processSelectedKeys(NioEventLoop.java:496)
	at org.apache.ratis.thirdparty.io.netty.channel.nio.NioEventLoop.run(NioEventLoop.java:458)
	at org.apache.ratis.thirdparty.io.netty.util.concurrent.SingleThreadEventExecutor$5.run(SingleThreadEventExecutor.java:897)
	at org.apache.ratis.thirdparty.io.netty.util.concurrent.FastThreadLocalRunnable.run(FastThreadLocalRunnable.java:30)
	... 1 more
Caused by: java.net.ConnectException: Connection refused
	... 11 more
2019-09-17 11:51:40,147 [db5c95e9-dab2-4d3b-9775-2e3d4de03f2d@group-4033F378C501:LeaderElection25] INFO  impl.LeaderElection (LogUtils.java:infoOrTrace(149)) -   Exception 1: {}
java.util.concurrent.ExecutionException: org.apache.ratis.thirdparty.io.grpc.StatusRuntimeException: UNAVAILABLE: io exception
	at java.util.concurrent.FutureTask.report(FutureTask.java:122)
	at java.util.concurrent.FutureTask.get(FutureTask.java:192)
	at org.apache.ratis.server.impl.LeaderElection.waitForResults(LeaderElection.java:263)
	at org.apache.ratis.server.impl.LeaderElection.askForVotes(LeaderElection.java:201)
	at org.apache.ratis.server.impl.LeaderElection.run(LeaderElection.java:133)
	at java.lang.Thread.run(Thread.java:748)
Caused by: org.apache.ratis.thirdparty.io.grpc.StatusRuntimeException: UNAVAILABLE: io exception
	at org.apache.ratis.thirdparty.io.grpc.stub.ClientCalls.toStatusRuntimeException(ClientCalls.java:233)
	at org.apache.ratis.thirdparty.io.grpc.stub.ClientCalls.getUnchecked(ClientCalls.java:214)
	at org.apache.ratis.thirdparty.io.grpc.stub.ClientCalls.blockingUnaryCall(ClientCalls.java:139)
	at org.apache.ratis.proto.grpc.RaftServerProtocolServiceGrpc$RaftServerProtocolServiceBlockingStub.requestVote(RaftServerProtocolServiceGrpc.java:265)
	at org.apache.ratis.grpc.server.GrpcServerProtocolClient.requestVote(GrpcServerProtocolClient.java:90)
	at org.apache.ratis.grpc.server.GrpcService.requestVote(GrpcService.java:204)
	at org.apache.ratis.server.impl.LeaderElection.lambda$submitRequests$1(LeaderElection.java:238)
	at java.util.concurrent.FutureTask.run(FutureTask.java:266)
	at java.util.concurrent.Executors$RunnableAdapter.call(Executors.java:511)
	at java.util.concurrent.FutureTask.run(FutureTask.java:266)
	at java.util.concurrent.ThreadPoolExecutor.runWorker(ThreadPoolExecutor.java:1149)
	at java.util.concurrent.ThreadPoolExecutor$Worker.run(ThreadPoolExecutor.java:624)
	... 1 more
Caused by: org.apache.ratis.thirdparty.io.netty.channel.AbstractChannel$AnnotatedConnectException: Connection refused: /192.168.157.219:42903
	at sun.nio.ch.SocketChannelImpl.checkConnect(Native Method)
	at sun.nio.ch.SocketChannelImpl.finishConnect(SocketChannelImpl.java:717)
	at org.apache.ratis.thirdparty.io.netty.channel.socket.nio.NioSocketChannel.doFinishConnect(NioSocketChannel.java:327)
	at org.apache.ratis.thirdparty.io.netty.channel.nio.AbstractNioChannel$AbstractNioUnsafe.finishConnect(AbstractNioChannel.java:340)
	at org.apache.ratis.thirdparty.io.netty.channel.nio.NioEventLoop.processSelectedKey(NioEventLoop.java:632)
	at org.apache.ratis.thirdparty.io.netty.channel.nio.NioEventLoop.processSelectedKeysOptimized(NioEventLoop.java:579)
	at org.apache.ratis.thirdparty.io.netty.channel.nio.NioEventLoop.processSelectedKeys(NioEventLoop.java:496)
	at org.apache.ratis.thirdparty.io.netty.channel.nio.NioEventLoop.run(NioEventLoop.java:458)
	at org.apache.ratis.thirdparty.io.netty.util.concurrent.SingleThreadEventExecutor$5.run(SingleThreadEventExecutor.java:897)
	at org.apache.ratis.thirdparty.io.netty.util.concurrent.FastThreadLocalRunnable.run(FastThreadLocalRunnable.java:30)
	... 1 more
Caused by: java.net.ConnectException: Connection refused
	... 11 more
2019-09-17 11:51:40,147 [db5c95e9-dab2-4d3b-9775-2e3d4de03f2d@group-4033F378C501:LeaderElection25] INFO  impl.RaftServerImpl (RaftServerImpl.java:setRole(174)) - db5c95e9-dab2-4d3b-9775-2e3d4de03f2d@group-4033F378C501: changes role from CANDIDATE to FOLLOWER at term 10 for DISCOVERED_A_NEW_TERM
2019-09-17 11:51:40,147 [db5c95e9-dab2-4d3b-9775-2e3d4de03f2d@group-4033F378C501:LeaderElection25] INFO  impl.RoleInfo (RoleInfo.java:shutdownLeaderElection(134)) - db5c95e9-dab2-4d3b-9775-2e3d4de03f2d: shutdown LeaderElection
2019-09-17 11:51:40,147 [db5c95e9-dab2-4d3b-9775-2e3d4de03f2d@group-4033F378C501:LeaderElection25] INFO  impl.RoleInfo (RoleInfo.java:updateAndGet(143)) - db5c95e9-dab2-4d3b-9775-2e3d4de03f2d: start FollowerState
2019-09-17 11:51:40,631 [java.util.concurrent.ThreadPoolExecutor$Worker@3cd8d43b[State = -1, empty queue]] WARN  server.GrpcLogAppender (GrpcLogAppender.java:timeoutAppendRequest(200)) - ee155057-4acb-4f3f-9013-4bd3c5a101b6@group-B3F5A0A8BDBD->533f21c9-6148-4926-981b-3030ea271196-GrpcLogAppender: appendEntries Timeout, request=ee155057-4acb-4f3f-9013-4bd3c5a101b6->533f21c9-6148-4926-981b-3030ea271196#109-t2, previous=(t:2, i:20), leaderCommit=16, initializing? false, entries: <empty>
2019-09-17 11:51:40,631 [java.util.concurrent.ThreadPoolExecutor$Worker@5a9b47f8[State = -1, empty queue]] WARN  server.GrpcLogAppender (GrpcLogAppender.java:timeoutAppendRequest(200)) - ee155057-4acb-4f3f-9013-4bd3c5a101b6@group-B3F5A0A8BDBD->90cc32e6-bdd6-4f93-abb1-bc520dd025bc-GrpcLogAppender: appendEntries Timeout, request=ee155057-4acb-4f3f-9013-4bd3c5a101b6->90cc32e6-bdd6-4f93-abb1-bc520dd025bc#109-t2, previous=(t:2, i:20), leaderCommit=16, initializing? false, entries: <empty>
2019-09-17 11:51:41,132 [java.util.concurrent.ThreadPoolExecutor$Worker@3cd8d43b[State = -1, empty queue]] WARN  server.GrpcLogAppender (GrpcLogAppender.java:timeoutAppendRequest(200)) - ee155057-4acb-4f3f-9013-4bd3c5a101b6@group-B3F5A0A8BDBD->533f21c9-6148-4926-981b-3030ea271196-GrpcLogAppender: appendEntries Timeout, request=ee155057-4acb-4f3f-9013-4bd3c5a101b6->533f21c9-6148-4926-981b-3030ea271196#110-t2, previous=(t:2, i:20), leaderCommit=16, initializing? false, entries: <empty>
2019-09-17 11:51:41,132 [java.util.concurrent.ThreadPoolExecutor$Worker@5a9b47f8[State = -1, empty queue]] WARN  server.GrpcLogAppender (GrpcLogAppender.java:timeoutAppendRequest(200)) - ee155057-4acb-4f3f-9013-4bd3c5a101b6@group-B3F5A0A8BDBD->90cc32e6-bdd6-4f93-abb1-bc520dd025bc-GrpcLogAppender: appendEntries Timeout, request=ee155057-4acb-4f3f-9013-4bd3c5a101b6->90cc32e6-bdd6-4f93-abb1-bc520dd025bc#110-t2, previous=(t:2, i:20), leaderCommit=16, initializing? false, entries: <empty>
2019-09-17 11:51:41,244 [Thread-1228] INFO  impl.FollowerState (FollowerState.java:run(106)) - db5c95e9-dab2-4d3b-9775-2e3d4de03f2d:group-4033F378C501 changes to CANDIDATE, lastRpcTime:1096, electionTimeout:1096ms
2019-09-17 11:51:41,244 [Thread-1228] INFO  impl.RoleInfo (RoleInfo.java:shutdownFollowerState(121)) - db5c95e9-dab2-4d3b-9775-2e3d4de03f2d: shutdown FollowerState
2019-09-17 11:51:41,244 [Thread-1228] INFO  impl.RaftServerImpl (RaftServerImpl.java:setRole(174)) - db5c95e9-dab2-4d3b-9775-2e3d4de03f2d@group-4033F378C501: changes role from  FOLLOWER to CANDIDATE at term 10 for changeToCandidate
2019-09-17 11:51:41,244 [Thread-1228] INFO  impl.RoleInfo (RoleInfo.java:updateAndGet(143)) - db5c95e9-dab2-4d3b-9775-2e3d4de03f2d: start LeaderElection
2019-09-17 11:51:41,262 [db5c95e9-dab2-4d3b-9775-2e3d4de03f2d@group-4033F378C501:LeaderElection26] INFO  impl.LeaderElection (LeaderElection.java:askForVotes(182)) - db5c95e9-dab2-4d3b-9775-2e3d4de03f2d@group-4033F378C501:LeaderElection26: begin an election at term 11 for 0: [768e87e1-01a1-4abe-adbb-724fc729cfde:192.168.157.219:39557, 0efbdbeb-0caf-4be4-a340-f9adf92e227b:192.168.157.219:42903, db5c95e9-dab2-4d3b-9775-2e3d4de03f2d:192.168.157.219:43472], old=null
2019-09-17 11:51:41,263 [db5c95e9-dab2-4d3b-9775-2e3d4de03f2d@group-4033F378C501:LeaderElection26] INFO  impl.LeaderElection (LogUtils.java:infoOrTrace(149)) - db5c95e9-dab2-4d3b-9775-2e3d4de03f2d@group-4033F378C501:LeaderElection26 got exception when requesting votes: {}
java.util.concurrent.ExecutionException: org.apache.ratis.thirdparty.io.grpc.StatusRuntimeException: UNAVAILABLE: io exception
	at java.util.concurrent.FutureTask.report(FutureTask.java:122)
	at java.util.concurrent.FutureTask.get(FutureTask.java:192)
	at org.apache.ratis.server.impl.LeaderElection.waitForResults(LeaderElection.java:263)
	at org.apache.ratis.server.impl.LeaderElection.askForVotes(LeaderElection.java:201)
	at org.apache.ratis.server.impl.LeaderElection.run(LeaderElection.java:133)
	at java.lang.Thread.run(Thread.java:748)
Caused by: org.apache.ratis.thirdparty.io.grpc.StatusRuntimeException: UNAVAILABLE: io exception
	at org.apache.ratis.thirdparty.io.grpc.stub.ClientCalls.toStatusRuntimeException(ClientCalls.java:233)
	at org.apache.ratis.thirdparty.io.grpc.stub.ClientCalls.getUnchecked(ClientCalls.java:214)
	at org.apache.ratis.thirdparty.io.grpc.stub.ClientCalls.blockingUnaryCall(ClientCalls.java:139)
	at org.apache.ratis.proto.grpc.RaftServerProtocolServiceGrpc$RaftServerProtocolServiceBlockingStub.requestVote(RaftServerProtocolServiceGrpc.java:265)
	at org.apache.ratis.grpc.server.GrpcServerProtocolClient.requestVote(GrpcServerProtocolClient.java:90)
	at org.apache.ratis.grpc.server.GrpcService.requestVote(GrpcService.java:204)
	at org.apache.ratis.server.impl.LeaderElection.lambda$submitRequests$1(LeaderElection.java:238)
	at java.util.concurrent.FutureTask.run(FutureTask.java:266)
	at java.util.concurrent.Executors$RunnableAdapter.call(Executors.java:511)
	at java.util.concurrent.FutureTask.run(FutureTask.java:266)
	at java.util.concurrent.ThreadPoolExecutor.runWorker(ThreadPoolExecutor.java:1149)
	at java.util.concurrent.ThreadPoolExecutor$Worker.run(ThreadPoolExecutor.java:624)
	... 1 more
Caused by: org.apache.ratis.thirdparty.io.netty.channel.AbstractChannel$AnnotatedConnectException: Connection refused: /192.168.157.219:42903
	at sun.nio.ch.SocketChannelImpl.checkConnect(Native Method)
	at sun.nio.ch.SocketChannelImpl.finishConnect(SocketChannelImpl.java:717)
	at org.apache.ratis.thirdparty.io.netty.channel.socket.nio.NioSocketChannel.doFinishConnect(NioSocketChannel.java:327)
	at org.apache.ratis.thirdparty.io.netty.channel.nio.AbstractNioChannel$AbstractNioUnsafe.finishConnect(AbstractNioChannel.java:340)
	at org.apache.ratis.thirdparty.io.netty.channel.nio.NioEventLoop.processSelectedKey(NioEventLoop.java:632)
	at org.apache.ratis.thirdparty.io.netty.channel.nio.NioEventLoop.processSelectedKeysOptimized(NioEventLoop.java:579)
	at org.apache.ratis.thirdparty.io.netty.channel.nio.NioEventLoop.processSelectedKeys(NioEventLoop.java:496)
	at org.apache.ratis.thirdparty.io.netty.channel.nio.NioEventLoop.run(NioEventLoop.java:458)
	at org.apache.ratis.thirdparty.io.netty.util.concurrent.SingleThreadEventExecutor$5.run(SingleThreadEventExecutor.java:897)
	at org.apache.ratis.thirdparty.io.netty.util.concurrent.FastThreadLocalRunnable.run(FastThreadLocalRunnable.java:30)
	... 1 more
Caused by: java.net.ConnectException: Connection refused
	... 11 more
2019-09-17 11:51:41,273 [db5c95e9-dab2-4d3b-9775-2e3d4de03f2d@group-4033F378C501:LeaderElection26] INFO  impl.LeaderElection (LogUtils.java:infoOrTrace(149)) - db5c95e9-dab2-4d3b-9775-2e3d4de03f2d@group-4033F378C501:LeaderElection26 got exception when requesting votes: {}
java.util.concurrent.ExecutionException: org.apache.ratis.thirdparty.io.grpc.StatusRuntimeException: UNAVAILABLE: io exception
	at java.util.concurrent.FutureTask.report(FutureTask.java:122)
	at java.util.concurrent.FutureTask.get(FutureTask.java:192)
	at org.apache.ratis.server.impl.LeaderElection.waitForResults(LeaderElection.java:263)
	at org.apache.ratis.server.impl.LeaderElection.askForVotes(LeaderElection.java:201)
	at org.apache.ratis.server.impl.LeaderElection.run(LeaderElection.java:133)
	at java.lang.Thread.run(Thread.java:748)
Caused by: org.apache.ratis.thirdparty.io.grpc.StatusRuntimeException: UNAVAILABLE: io exception
	at org.apache.ratis.thirdparty.io.grpc.stub.ClientCalls.toStatusRuntimeException(ClientCalls.java:233)
	at org.apache.ratis.thirdparty.io.grpc.stub.ClientCalls.getUnchecked(ClientCalls.java:214)
	at org.apache.ratis.thirdparty.io.grpc.stub.ClientCalls.blockingUnaryCall(ClientCalls.java:139)
	at org.apache.ratis.proto.grpc.RaftServerProtocolServiceGrpc$RaftServerProtocolServiceBlockingStub.requestVote(RaftServerProtocolServiceGrpc.java:265)
	at org.apache.ratis.grpc.server.GrpcServerProtocolClient.requestVote(GrpcServerProtocolClient.java:90)
	at org.apache.ratis.grpc.server.GrpcService.requestVote(GrpcService.java:204)
	at org.apache.ratis.server.impl.LeaderElection.lambda$submitRequests$1(LeaderElection.java:238)
	at java.util.concurrent.FutureTask.run(FutureTask.java:266)
	at java.util.concurrent.Executors$RunnableAdapter.call(Executors.java:511)
	at java.util.concurrent.FutureTask.run(FutureTask.java:266)
	at java.util.concurrent.ThreadPoolExecutor.runWorker(ThreadPoolExecutor.java:1149)
	at java.util.concurrent.ThreadPoolExecutor$Worker.run(ThreadPoolExecutor.java:624)
	... 1 more
Caused by: org.apache.ratis.thirdparty.io.netty.channel.AbstractChannel$AnnotatedConnectException: Connection refused: /192.168.157.219:39557
	at sun.nio.ch.SocketChannelImpl.checkConnect(Native Method)
	at sun.nio.ch.SocketChannelImpl.finishConnect(SocketChannelImpl.java:717)
	at org.apache.ratis.thirdparty.io.netty.channel.socket.nio.NioSocketChannel.doFinishConnect(NioSocketChannel.java:327)
	at org.apache.ratis.thirdparty.io.netty.channel.nio.AbstractNioChannel$AbstractNioUnsafe.finishConnect(AbstractNioChannel.java:340)
	at org.apache.ratis.thirdparty.io.netty.channel.nio.NioEventLoop.processSelectedKey(NioEventLoop.java:632)
	at org.apache.ratis.thirdparty.io.netty.channel.nio.NioEventLoop.processSelectedKeysOptimized(NioEventLoop.java:579)
	at org.apache.ratis.thirdparty.io.netty.channel.nio.NioEventLoop.processSelectedKeys(NioEventLoop.java:496)
	at org.apache.ratis.thirdparty.io.netty.channel.nio.NioEventLoop.run(NioEventLoop.java:458)
	at org.apache.ratis.thirdparty.io.netty.util.concurrent.SingleThreadEventExecutor$5.run(SingleThreadEventExecutor.java:897)
	at org.apache.ratis.thirdparty.io.netty.util.concurrent.FastThreadLocalRunnable.run(FastThreadLocalRunnable.java:30)
	... 1 more
Caused by: java.net.ConnectException: Connection refused
	... 11 more
2019-09-17 11:51:41,281 [db5c95e9-dab2-4d3b-9775-2e3d4de03f2d@group-4033F378C501:LeaderElection26] INFO  impl.LeaderElection (LeaderElection.java:logAndReturn(56)) - db5c95e9-dab2-4d3b-9775-2e3d4de03f2d@group-4033F378C501:LeaderElection26: Election REJECTED; received 0 response(s) [] and 2 exception(s); db5c95e9-dab2-4d3b-9775-2e3d4de03f2d@group-4033F378C501:t11, leader=null, voted=db5c95e9-dab2-4d3b-9775-2e3d4de03f2d, raftlog=db5c95e9-dab2-4d3b-9775-2e3d4de03f2d@group-4033F378C501-SegmentedRaftLog:OPENED:c28,f28,i28, conf=0: [768e87e1-01a1-4abe-adbb-724fc729cfde:192.168.157.219:39557, 0efbdbeb-0caf-4be4-a340-f9adf92e227b:192.168.157.219:42903, db5c95e9-dab2-4d3b-9775-2e3d4de03f2d:192.168.157.219:43472], old=null
2019-09-17 11:51:41,281 [db5c95e9-dab2-4d3b-9775-2e3d4de03f2d@group-4033F378C501:LeaderElection26] INFO  impl.LeaderElection (LogUtils.java:infoOrTrace(149)) -   Exception 0: {}
java.util.concurrent.ExecutionException: org.apache.ratis.thirdparty.io.grpc.StatusRuntimeException: UNAVAILABLE: io exception
	at java.util.concurrent.FutureTask.report(FutureTask.java:122)
	at java.util.concurrent.FutureTask.get(FutureTask.java:192)
	at org.apache.ratis.server.impl.LeaderElection.waitForResults(LeaderElection.java:263)
	at org.apache.ratis.server.impl.LeaderElection.askForVotes(LeaderElection.java:201)
	at org.apache.ratis.server.impl.LeaderElection.run(LeaderElection.java:133)
	at java.lang.Thread.run(Thread.java:748)
Caused by: org.apache.ratis.thirdparty.io.grpc.StatusRuntimeException: UNAVAILABLE: io exception
	at org.apache.ratis.thirdparty.io.grpc.stub.ClientCalls.toStatusRuntimeException(ClientCalls.java:233)
	at org.apache.ratis.thirdparty.io.grpc.stub.ClientCalls.getUnchecked(ClientCalls.java:214)
	at org.apache.ratis.thirdparty.io.grpc.stub.ClientCalls.blockingUnaryCall(ClientCalls.java:139)
	at org.apache.ratis.proto.grpc.RaftServerProtocolServiceGrpc$RaftServerProtocolServiceBlockingStub.requestVote(RaftServerProtocolServiceGrpc.java:265)
	at org.apache.ratis.grpc.server.GrpcServerProtocolClient.requestVote(GrpcServerProtocolClient.java:90)
	at org.apache.ratis.grpc.server.GrpcService.requestVote(GrpcService.java:204)
	at org.apache.ratis.server.impl.LeaderElection.lambda$submitRequests$1(LeaderElection.java:238)
	at java.util.concurrent.FutureTask.run(FutureTask.java:266)
	at java.util.concurrent.Executors$RunnableAdapter.call(Executors.java:511)
	at java.util.concurrent.FutureTask.run(FutureTask.java:266)
	at java.util.concurrent.ThreadPoolExecutor.runWorker(ThreadPoolExecutor.java:1149)
	at java.util.concurrent.ThreadPoolExecutor$Worker.run(ThreadPoolExecutor.java:624)
	... 1 more
Caused by: org.apache.ratis.thirdparty.io.netty.channel.AbstractChannel$AnnotatedConnectException: Connection refused: /192.168.157.219:42903
	at sun.nio.ch.SocketChannelImpl.checkConnect(Native Method)
	at sun.nio.ch.SocketChannelImpl.finishConnect(SocketChannelImpl.java:717)
	at org.apache.ratis.thirdparty.io.netty.channel.socket.nio.NioSocketChannel.doFinishConnect(NioSocketChannel.java:327)
	at org.apache.ratis.thirdparty.io.netty.channel.nio.AbstractNioChannel$AbstractNioUnsafe.finishConnect(AbstractNioChannel.java:340)
	at org.apache.ratis.thirdparty.io.netty.channel.nio.NioEventLoop.processSelectedKey(NioEventLoop.java:632)
	at org.apache.ratis.thirdparty.io.netty.channel.nio.NioEventLoop.processSelectedKeysOptimized(NioEventLoop.java:579)
	at org.apache.ratis.thirdparty.io.netty.channel.nio.NioEventLoop.processSelectedKeys(NioEventLoop.java:496)
	at org.apache.ratis.thirdparty.io.netty.channel.nio.NioEventLoop.run(NioEventLoop.java:458)
	at org.apache.ratis.thirdparty.io.netty.util.concurrent.SingleThreadEventExecutor$5.run(SingleThreadEventExecutor.java:897)
	at org.apache.ratis.thirdparty.io.netty.util.concurrent.FastThreadLocalRunnable.run(FastThreadLocalRunnable.java:30)
	... 1 more
Caused by: java.net.ConnectException: Connection refused
	... 11 more
2019-09-17 11:51:41,282 [db5c95e9-dab2-4d3b-9775-2e3d4de03f2d@group-4033F378C501:LeaderElection26] INFO  impl.LeaderElection (LogUtils.java:infoOrTrace(149)) -   Exception 1: {}
java.util.concurrent.ExecutionException: org.apache.ratis.thirdparty.io.grpc.StatusRuntimeException: UNAVAILABLE: io exception
	at java.util.concurrent.FutureTask.report(FutureTask.java:122)
	at java.util.concurrent.FutureTask.get(FutureTask.java:192)
	at org.apache.ratis.server.impl.LeaderElection.waitForResults(LeaderElection.java:263)
	at org.apache.ratis.server.impl.LeaderElection.askForVotes(LeaderElection.java:201)
	at org.apache.ratis.server.impl.LeaderElection.run(LeaderElection.java:133)
	at java.lang.Thread.run(Thread.java:748)
Caused by: org.apache.ratis.thirdparty.io.grpc.StatusRuntimeException: UNAVAILABLE: io exception
	at org.apache.ratis.thirdparty.io.grpc.stub.ClientCalls.toStatusRuntimeException(ClientCalls.java:233)
	at org.apache.ratis.thirdparty.io.grpc.stub.ClientCalls.getUnchecked(ClientCalls.java:214)
	at org.apache.ratis.thirdparty.io.grpc.stub.ClientCalls.blockingUnaryCall(ClientCalls.java:139)
	at org.apache.ratis.proto.grpc.RaftServerProtocolServiceGrpc$RaftServerProtocolServiceBlockingStub.requestVote(RaftServerProtocolServiceGrpc.java:265)
	at org.apache.ratis.grpc.server.GrpcServerProtocolClient.requestVote(GrpcServerProtocolClient.java:90)
	at org.apache.ratis.grpc.server.GrpcService.requestVote(GrpcService.java:204)
	at org.apache.ratis.server.impl.LeaderElection.lambda$submitRequests$1(LeaderElection.java:238)
	at java.util.concurrent.FutureTask.run(FutureTask.java:266)
	at java.util.concurrent.Executors$RunnableAdapter.call(Executors.java:511)
	at java.util.concurrent.FutureTask.run(FutureTask.java:266)
	at java.util.concurrent.ThreadPoolExecutor.runWorker(ThreadPoolExecutor.java:1149)
	at java.util.concurrent.ThreadPoolExecutor$Worker.run(ThreadPoolExecutor.java:624)
	... 1 more
Caused by: org.apache.ratis.thirdparty.io.netty.channel.AbstractChannel$AnnotatedConnectException: Connection refused: /192.168.157.219:39557
	at sun.nio.ch.SocketChannelImpl.checkConnect(Native Method)
	at sun.nio.ch.SocketChannelImpl.finishConnect(SocketChannelImpl.java:717)
	at org.apache.ratis.thirdparty.io.netty.channel.socket.nio.NioSocketChannel.doFinishConnect(NioSocketChannel.java:327)
	at org.apache.ratis.thirdparty.io.netty.channel.nio.AbstractNioChannel$AbstractNioUnsafe.finishConnect(AbstractNioChannel.java:340)
	at org.apache.ratis.thirdparty.io.netty.channel.nio.NioEventLoop.processSelectedKey(NioEventLoop.java:632)
	at org.apache.ratis.thirdparty.io.netty.channel.nio.NioEventLoop.processSelectedKeysOptimized(NioEventLoop.java:579)
	at org.apache.ratis.thirdparty.io.netty.channel.nio.NioEventLoop.processSelectedKeys(NioEventLoop.java:496)
	at org.apache.ratis.thirdparty.io.netty.channel.nio.NioEventLoop.run(NioEventLoop.java:458)
	at org.apache.ratis.thirdparty.io.netty.util.concurrent.SingleThreadEventExecutor$5.run(SingleThreadEventExecutor.java:897)
	at org.apache.ratis.thirdparty.io.netty.util.concurrent.FastThreadLocalRunnable.run(FastThreadLocalRunnable.java:30)
	... 1 more
Caused by: java.net.ConnectException: Connection refused
	... 11 more
2019-09-17 11:51:41,283 [db5c95e9-dab2-4d3b-9775-2e3d4de03f2d@group-4033F378C501:LeaderElection26] INFO  impl.RaftServerImpl (RaftServerImpl.java:setRole(174)) - db5c95e9-dab2-4d3b-9775-2e3d4de03f2d@group-4033F378C501: changes role from CANDIDATE to FOLLOWER at term 11 for DISCOVERED_A_NEW_TERM
2019-09-17 11:51:41,283 [db5c95e9-dab2-4d3b-9775-2e3d4de03f2d@group-4033F378C501:LeaderElection26] INFO  impl.RoleInfo (RoleInfo.java:shutdownLeaderElection(134)) - db5c95e9-dab2-4d3b-9775-2e3d4de03f2d: shutdown LeaderElection
2019-09-17 11:51:41,283 [db5c95e9-dab2-4d3b-9775-2e3d4de03f2d@group-4033F378C501:LeaderElection26] INFO  impl.RoleInfo (RoleInfo.java:updateAndGet(143)) - db5c95e9-dab2-4d3b-9775-2e3d4de03f2d: start FollowerState
2019-09-17 11:51:41,632 [java.util.concurrent.ThreadPoolExecutor$Worker@5a9b47f8[State = -1, empty queue]] WARN  server.GrpcLogAppender (GrpcLogAppender.java:timeoutAppendRequest(200)) - ee155057-4acb-4f3f-9013-4bd3c5a101b6@group-B3F5A0A8BDBD->90cc32e6-bdd6-4f93-abb1-bc520dd025bc-GrpcLogAppender: appendEntries Timeout, request=ee155057-4acb-4f3f-9013-4bd3c5a101b6->90cc32e6-bdd6-4f93-abb1-bc520dd025bc#111-t2, previous=(t:2, i:20), leaderCommit=16, initializing? false, entries: <empty>
2019-09-17 11:51:41,632 [java.util.concurrent.ThreadPoolExecutor$Worker@3cd8d43b[State = -1, empty queue]] WARN  server.GrpcLogAppender (GrpcLogAppender.java:timeoutAppendRequest(200)) - ee155057-4acb-4f3f-9013-4bd3c5a101b6@group-B3F5A0A8BDBD->533f21c9-6148-4926-981b-3030ea271196-GrpcLogAppender: appendEntries Timeout, request=ee155057-4acb-4f3f-9013-4bd3c5a101b6->533f21c9-6148-4926-981b-3030ea271196#111-t2, previous=(t:2, i:20), leaderCommit=16, initializing? false, entries: <empty>
2019-09-17 11:51:42,132 [java.util.concurrent.ThreadPoolExecutor$Worker@5a9b47f8[State = -1, empty queue]] WARN  server.GrpcLogAppender (GrpcLogAppender.java:timeoutAppendRequest(200)) - ee155057-4acb-4f3f-9013-4bd3c5a101b6@group-B3F5A0A8BDBD->90cc32e6-bdd6-4f93-abb1-bc520dd025bc-GrpcLogAppender: appendEntries Timeout, request=ee155057-4acb-4f3f-9013-4bd3c5a101b6->90cc32e6-bdd6-4f93-abb1-bc520dd025bc#112-t2, previous=(t:2, i:20), leaderCommit=16, initializing? false, entries: <empty>
2019-09-17 11:51:42,132 [java.util.concurrent.ThreadPoolExecutor$Worker@3cd8d43b[State = -1, empty queue]] WARN  server.GrpcLogAppender (GrpcLogAppender.java:timeoutAppendRequest(200)) - ee155057-4acb-4f3f-9013-4bd3c5a101b6@group-B3F5A0A8BDBD->533f21c9-6148-4926-981b-3030ea271196-GrpcLogAppender: appendEntries Timeout, request=ee155057-4acb-4f3f-9013-4bd3c5a101b6->533f21c9-6148-4926-981b-3030ea271196#112-t2, previous=(t:2, i:20), leaderCommit=16, initializing? false, entries: <empty>
2019-09-17 11:51:42,373 [Thread-1240] INFO  impl.FollowerState (FollowerState.java:run(106)) - db5c95e9-dab2-4d3b-9775-2e3d4de03f2d:group-4033F378C501 changes to CANDIDATE, lastRpcTime:1089, electionTimeout:1089ms
2019-09-17 11:51:42,373 [Thread-1240] INFO  impl.RoleInfo (RoleInfo.java:shutdownFollowerState(121)) - db5c95e9-dab2-4d3b-9775-2e3d4de03f2d: shutdown FollowerState
2019-09-17 11:51:42,373 [Thread-1240] INFO  impl.RaftServerImpl (RaftServerImpl.java:setRole(174)) - db5c95e9-dab2-4d3b-9775-2e3d4de03f2d@group-4033F378C501: changes role from  FOLLOWER to CANDIDATE at term 11 for changeToCandidate
2019-09-17 11:51:42,373 [Thread-1240] INFO  impl.RoleInfo (RoleInfo.java:updateAndGet(143)) - db5c95e9-dab2-4d3b-9775-2e3d4de03f2d: start LeaderElection
2019-09-17 11:51:42,392 [db5c95e9-dab2-4d3b-9775-2e3d4de03f2d@group-4033F378C501:LeaderElection27] INFO  impl.LeaderElection (LeaderElection.java:askForVotes(182)) - db5c95e9-dab2-4d3b-9775-2e3d4de03f2d@group-4033F378C501:LeaderElection27: begin an election at term 12 for 0: [768e87e1-01a1-4abe-adbb-724fc729cfde:192.168.157.219:39557, 0efbdbeb-0caf-4be4-a340-f9adf92e227b:192.168.157.219:42903, db5c95e9-dab2-4d3b-9775-2e3d4de03f2d:192.168.157.219:43472], old=null
2019-09-17 11:51:42,393 [db5c95e9-dab2-4d3b-9775-2e3d4de03f2d@group-4033F378C501:LeaderElection27] INFO  impl.LeaderElection (LogUtils.java:infoOrTrace(149)) - db5c95e9-dab2-4d3b-9775-2e3d4de03f2d@group-4033F378C501:LeaderElection27 got exception when requesting votes: {}
java.util.concurrent.ExecutionException: org.apache.ratis.thirdparty.io.grpc.StatusRuntimeException: UNAVAILABLE: io exception
	at java.util.concurrent.FutureTask.report(FutureTask.java:122)
	at java.util.concurrent.FutureTask.get(FutureTask.java:192)
	at org.apache.ratis.server.impl.LeaderElection.waitForResults(LeaderElection.java:263)
	at org.apache.ratis.server.impl.LeaderElection.askForVotes(LeaderElection.java:201)
	at org.apache.ratis.server.impl.LeaderElection.run(LeaderElection.java:133)
	at java.lang.Thread.run(Thread.java:748)
Caused by: org.apache.ratis.thirdparty.io.grpc.StatusRuntimeException: UNAVAILABLE: io exception
	at org.apache.ratis.thirdparty.io.grpc.stub.ClientCalls.toStatusRuntimeException(ClientCalls.java:233)
	at org.apache.ratis.thirdparty.io.grpc.stub.ClientCalls.getUnchecked(ClientCalls.java:214)
	at org.apache.ratis.thirdparty.io.grpc.stub.ClientCalls.blockingUnaryCall(ClientCalls.java:139)
	at org.apache.ratis.proto.grpc.RaftServerProtocolServiceGrpc$RaftServerProtocolServiceBlockingStub.requestVote(RaftServerProtocolServiceGrpc.java:265)
	at org.apache.ratis.grpc.server.GrpcServerProtocolClient.requestVote(GrpcServerProtocolClient.java:90)
	at org.apache.ratis.grpc.server.GrpcService.requestVote(GrpcService.java:204)
	at org.apache.ratis.server.impl.LeaderElection.lambda$submitRequests$1(LeaderElection.java:238)
	at java.util.concurrent.FutureTask.run(FutureTask.java:266)
	at java.util.concurrent.Executors$RunnableAdapter.call(Executors.java:511)
	at java.util.concurrent.FutureTask.run(FutureTask.java:266)
	at java.util.concurrent.ThreadPoolExecutor.runWorker(ThreadPoolExecutor.java:1149)
	at java.util.concurrent.ThreadPoolExecutor$Worker.run(ThreadPoolExecutor.java:624)
	... 1 more
Caused by: org.apache.ratis.thirdparty.io.netty.channel.AbstractChannel$AnnotatedConnectException: Connection refused: /192.168.157.219:42903
	at sun.nio.ch.SocketChannelImpl.checkConnect(Native Method)
	at sun.nio.ch.SocketChannelImpl.finishConnect(SocketChannelImpl.java:717)
	at org.apache.ratis.thirdparty.io.netty.channel.socket.nio.NioSocketChannel.doFinishConnect(NioSocketChannel.java:327)
	at org.apache.ratis.thirdparty.io.netty.channel.nio.AbstractNioChannel$AbstractNioUnsafe.finishConnect(AbstractNioChannel.java:340)
	at org.apache.ratis.thirdparty.io.netty.channel.nio.NioEventLoop.processSelectedKey(NioEventLoop.java:632)
	at org.apache.ratis.thirdparty.io.netty.channel.nio.NioEventLoop.processSelectedKeysOptimized(NioEventLoop.java:579)
	at org.apache.ratis.thirdparty.io.netty.channel.nio.NioEventLoop.processSelectedKeys(NioEventLoop.java:496)
	at org.apache.ratis.thirdparty.io.netty.channel.nio.NioEventLoop.run(NioEventLoop.java:458)
	at org.apache.ratis.thirdparty.io.netty.util.concurrent.SingleThreadEventExecutor$5.run(SingleThreadEventExecutor.java:897)
	at org.apache.ratis.thirdparty.io.netty.util.concurrent.FastThreadLocalRunnable.run(FastThreadLocalRunnable.java:30)
	... 1 more
Caused by: java.net.ConnectException: Connection refused
	... 11 more
2019-09-17 11:51:42,397 [db5c95e9-dab2-4d3b-9775-2e3d4de03f2d@group-4033F378C501:LeaderElection27] INFO  impl.LeaderElection (LogUtils.java:infoOrTrace(149)) - db5c95e9-dab2-4d3b-9775-2e3d4de03f2d@group-4033F378C501:LeaderElection27 got exception when requesting votes: {}
java.util.concurrent.ExecutionException: org.apache.ratis.thirdparty.io.grpc.StatusRuntimeException: UNAVAILABLE: io exception
	at java.util.concurrent.FutureTask.report(FutureTask.java:122)
	at java.util.concurrent.FutureTask.get(FutureTask.java:192)
	at org.apache.ratis.server.impl.LeaderElection.waitForResults(LeaderElection.java:263)
	at org.apache.ratis.server.impl.LeaderElection.askForVotes(LeaderElection.java:201)
	at org.apache.ratis.server.impl.LeaderElection.run(LeaderElection.java:133)
	at java.lang.Thread.run(Thread.java:748)
Caused by: org.apache.ratis.thirdparty.io.grpc.StatusRuntimeException: UNAVAILABLE: io exception
	at org.apache.ratis.thirdparty.io.grpc.stub.ClientCalls.toStatusRuntimeException(ClientCalls.java:233)
	at org.apache.ratis.thirdparty.io.grpc.stub.ClientCalls.getUnchecked(ClientCalls.java:214)
	at org.apache.ratis.thirdparty.io.grpc.stub.ClientCalls.blockingUnaryCall(ClientCalls.java:139)
	at org.apache.ratis.proto.grpc.RaftServerProtocolServiceGrpc$RaftServerProtocolServiceBlockingStub.requestVote(RaftServerProtocolServiceGrpc.java:265)
	at org.apache.ratis.grpc.server.GrpcServerProtocolClient.requestVote(GrpcServerProtocolClient.java:90)
	at org.apache.ratis.grpc.server.GrpcService.requestVote(GrpcService.java:204)
	at org.apache.ratis.server.impl.LeaderElection.lambda$submitRequests$1(LeaderElection.java:238)
	at java.util.concurrent.FutureTask.run(FutureTask.java:266)
	at java.util.concurrent.Executors$RunnableAdapter.call(Executors.java:511)
	at java.util.concurrent.FutureTask.run(FutureTask.java:266)
	at java.util.concurrent.ThreadPoolExecutor.runWorker(ThreadPoolExecutor.java:1149)
	at java.util.concurrent.ThreadPoolExecutor$Worker.run(ThreadPoolExecutor.java:624)
	... 1 more
Caused by: org.apache.ratis.thirdparty.io.netty.channel.AbstractChannel$AnnotatedConnectException: Connection refused: /192.168.157.219:39557
	at sun.nio.ch.SocketChannelImpl.checkConnect(Native Method)
	at sun.nio.ch.SocketChannelImpl.finishConnect(SocketChannelImpl.java:717)
	at org.apache.ratis.thirdparty.io.netty.channel.socket.nio.NioSocketChannel.doFinishConnect(NioSocketChannel.java:327)
	at org.apache.ratis.thirdparty.io.netty.channel.nio.AbstractNioChannel$AbstractNioUnsafe.finishConnect(AbstractNioChannel.java:340)
	at org.apache.ratis.thirdparty.io.netty.channel.nio.NioEventLoop.processSelectedKey(NioEventLoop.java:632)
	at org.apache.ratis.thirdparty.io.netty.channel.nio.NioEventLoop.processSelectedKeysOptimized(NioEventLoop.java:579)
	at org.apache.ratis.thirdparty.io.netty.channel.nio.NioEventLoop.processSelectedKeys(NioEventLoop.java:496)
	at org.apache.ratis.thirdparty.io.netty.channel.nio.NioEventLoop.run(NioEventLoop.java:458)
	at org.apache.ratis.thirdparty.io.netty.util.concurrent.SingleThreadEventExecutor$5.run(SingleThreadEventExecutor.java:897)
	at org.apache.ratis.thirdparty.io.netty.util.concurrent.FastThreadLocalRunnable.run(FastThreadLocalRunnable.java:30)
	... 1 more
Caused by: java.net.ConnectException: Connection refused
	... 11 more
2019-09-17 11:51:42,400 [db5c95e9-dab2-4d3b-9775-2e3d4de03f2d@group-4033F378C501:LeaderElection27] INFO  impl.LeaderElection (LeaderElection.java:logAndReturn(56)) - db5c95e9-dab2-4d3b-9775-2e3d4de03f2d@group-4033F378C501:LeaderElection27: Election REJECTED; received 0 response(s) [] and 2 exception(s); db5c95e9-dab2-4d3b-9775-2e3d4de03f2d@group-4033F378C501:t12, leader=null, voted=db5c95e9-dab2-4d3b-9775-2e3d4de03f2d, raftlog=db5c95e9-dab2-4d3b-9775-2e3d4de03f2d@group-4033F378C501-SegmentedRaftLog:OPENED:c28,f28,i28, conf=0: [768e87e1-01a1-4abe-adbb-724fc729cfde:192.168.157.219:39557, 0efbdbeb-0caf-4be4-a340-f9adf92e227b:192.168.157.219:42903, db5c95e9-dab2-4d3b-9775-2e3d4de03f2d:192.168.157.219:43472], old=null
2019-09-17 11:51:42,400 [db5c95e9-dab2-4d3b-9775-2e3d4de03f2d@group-4033F378C501:LeaderElection27] INFO  impl.LeaderElection (LogUtils.java:infoOrTrace(149)) -   Exception 0: {}
java.util.concurrent.ExecutionException: org.apache.ratis.thirdparty.io.grpc.StatusRuntimeException: UNAVAILABLE: io exception
	at java.util.concurrent.FutureTask.report(FutureTask.java:122)
	at java.util.concurrent.FutureTask.get(FutureTask.java:192)
	at org.apache.ratis.server.impl.LeaderElection.waitForResults(LeaderElection.java:263)
	at org.apache.ratis.server.impl.LeaderElection.askForVotes(LeaderElection.java:201)
	at org.apache.ratis.server.impl.LeaderElection.run(LeaderElection.java:133)
	at java.lang.Thread.run(Thread.java:748)
Caused by: org.apache.ratis.thirdparty.io.grpc.StatusRuntimeException: UNAVAILABLE: io exception
	at org.apache.ratis.thirdparty.io.grpc.stub.ClientCalls.toStatusRuntimeException(ClientCalls.java:233)
	at org.apache.ratis.thirdparty.io.grpc.stub.ClientCalls.getUnchecked(ClientCalls.java:214)
	at org.apache.ratis.thirdparty.io.grpc.stub.ClientCalls.blockingUnaryCall(ClientCalls.java:139)
	at org.apache.ratis.proto.grpc.RaftServerProtocolServiceGrpc$RaftServerProtocolServiceBlockingStub.requestVote(RaftServerProtocolServiceGrpc.java:265)
	at org.apache.ratis.grpc.server.GrpcServerProtocolClient.requestVote(GrpcServerProtocolClient.java:90)
	at org.apache.ratis.grpc.server.GrpcService.requestVote(GrpcService.java:204)
	at org.apache.ratis.server.impl.LeaderElection.lambda$submitRequests$1(LeaderElection.java:238)
	at java.util.concurrent.FutureTask.run(FutureTask.java:266)
	at java.util.concurrent.Executors$RunnableAdapter.call(Executors.java:511)
	at java.util.concurrent.FutureTask.run(FutureTask.java:266)
	at java.util.concurrent.ThreadPoolExecutor.runWorker(ThreadPoolExecutor.java:1149)
	at java.util.concurrent.ThreadPoolExecutor$Worker.run(ThreadPoolExecutor.java:624)
	... 1 more
Caused by: org.apache.ratis.thirdparty.io.netty.channel.AbstractChannel$AnnotatedConnectException: Connection refused: /192.168.157.219:42903
	at sun.nio.ch.SocketChannelImpl.checkConnect(Native Method)
	at sun.nio.ch.SocketChannelImpl.finishConnect(SocketChannelImpl.java:717)
	at org.apache.ratis.thirdparty.io.netty.channel.socket.nio.NioSocketChannel.doFinishConnect(NioSocketChannel.java:327)
	at org.apache.ratis.thirdparty.io.netty.channel.nio.AbstractNioChannel$AbstractNioUnsafe.finishConnect(AbstractNioChannel.java:340)
	at org.apache.ratis.thirdparty.io.netty.channel.nio.NioEventLoop.processSelectedKey(NioEventLoop.java:632)
	at org.apache.ratis.thirdparty.io.netty.channel.nio.NioEventLoop.processSelectedKeysOptimized(NioEventLoop.java:579)
	at org.apache.ratis.thirdparty.io.netty.channel.nio.NioEventLoop.processSelectedKeys(NioEventLoop.java:496)
	at org.apache.ratis.thirdparty.io.netty.channel.nio.NioEventLoop.run(NioEventLoop.java:458)
	at org.apache.ratis.thirdparty.io.netty.util.concurrent.SingleThreadEventExecutor$5.run(SingleThreadEventExecutor.java:897)
	at org.apache.ratis.thirdparty.io.netty.util.concurrent.FastThreadLocalRunnable.run(FastThreadLocalRunnable.java:30)
	... 1 more
Caused by: java.net.ConnectException: Connection refused
	... 11 more
2019-09-17 11:51:42,400 [db5c95e9-dab2-4d3b-9775-2e3d4de03f2d@group-4033F378C501:LeaderElection27] INFO  impl.LeaderElection (LogUtils.java:infoOrTrace(149)) -   Exception 1: {}
java.util.concurrent.ExecutionException: org.apache.ratis.thirdparty.io.grpc.StatusRuntimeException: UNAVAILABLE: io exception
	at java.util.concurrent.FutureTask.report(FutureTask.java:122)
	at java.util.concurrent.FutureTask.get(FutureTask.java:192)
	at org.apache.ratis.server.impl.LeaderElection.waitForResults(LeaderElection.java:263)
	at org.apache.ratis.server.impl.LeaderElection.askForVotes(LeaderElection.java:201)
	at org.apache.ratis.server.impl.LeaderElection.run(LeaderElection.java:133)
	at java.lang.Thread.run(Thread.java:748)
Caused by: org.apache.ratis.thirdparty.io.grpc.StatusRuntimeException: UNAVAILABLE: io exception
	at org.apache.ratis.thirdparty.io.grpc.stub.ClientCalls.toStatusRuntimeException(ClientCalls.java:233)
	at org.apache.ratis.thirdparty.io.grpc.stub.ClientCalls.getUnchecked(ClientCalls.java:214)
	at org.apache.ratis.thirdparty.io.grpc.stub.ClientCalls.blockingUnaryCall(ClientCalls.java:139)
	at org.apache.ratis.proto.grpc.RaftServerProtocolServiceGrpc$RaftServerProtocolServiceBlockingStub.requestVote(RaftServerProtocolServiceGrpc.java:265)
	at org.apache.ratis.grpc.server.GrpcServerProtocolClient.requestVote(GrpcServerProtocolClient.java:90)
	at org.apache.ratis.grpc.server.GrpcService.requestVote(GrpcService.java:204)
	at org.apache.ratis.server.impl.LeaderElection.lambda$submitRequests$1(LeaderElection.java:238)
	at java.util.concurrent.FutureTask.run(FutureTask.java:266)
	at java.util.concurrent.Executors$RunnableAdapter.call(Executors.java:511)
	at java.util.concurrent.FutureTask.run(FutureTask.java:266)
	at java.util.concurrent.ThreadPoolExecutor.runWorker(ThreadPoolExecutor.java:1149)
	at java.util.concurrent.ThreadPoolExecutor$Worker.run(ThreadPoolExecutor.java:624)
	... 1 more
Caused by: org.apache.ratis.thirdparty.io.netty.channel.AbstractChannel$AnnotatedConnectException: Connection refused: /192.168.157.219:39557
	at sun.nio.ch.SocketChannelImpl.checkConnect(Native Method)
	at sun.nio.ch.SocketChannelImpl.finishConnect(SocketChannelImpl.java:717)
	at org.apache.ratis.thirdparty.io.netty.channel.socket.nio.NioSocketChannel.doFinishConnect(NioSocketChannel.java:327)
	at org.apache.ratis.thirdparty.io.netty.channel.nio.AbstractNioChannel$AbstractNioUnsafe.finishConnect(AbstractNioChannel.java:340)
	at org.apache.ratis.thirdparty.io.netty.channel.nio.NioEventLoop.processSelectedKey(NioEventLoop.java:632)
	at org.apache.ratis.thirdparty.io.netty.channel.nio.NioEventLoop.processSelectedKeysOptimized(NioEventLoop.java:579)
	at org.apache.ratis.thirdparty.io.netty.channel.nio.NioEventLoop.processSelectedKeys(NioEventLoop.java:496)
	at org.apache.ratis.thirdparty.io.netty.channel.nio.NioEventLoop.run(NioEventLoop.java:458)
	at org.apache.ratis.thirdparty.io.netty.util.concurrent.SingleThreadEventExecutor$5.run(SingleThreadEventExecutor.java:897)
	at org.apache.ratis.thirdparty.io.netty.util.concurrent.FastThreadLocalRunnable.run(FastThreadLocalRunnable.java:30)
	... 1 more
Caused by: java.net.ConnectException: Connection refused
	... 11 more
2019-09-17 11:51:42,401 [db5c95e9-dab2-4d3b-9775-2e3d4de03f2d@group-4033F378C501:LeaderElection27] INFO  impl.RaftServerImpl (RaftServerImpl.java:setRole(174)) - db5c95e9-dab2-4d3b-9775-2e3d4de03f2d@group-4033F378C501: changes role from CANDIDATE to FOLLOWER at term 12 for DISCOVERED_A_NEW_TERM
2019-09-17 11:51:42,401 [db5c95e9-dab2-4d3b-9775-2e3d4de03f2d@group-4033F378C501:LeaderElection27] INFO  impl.RoleInfo (RoleInfo.java:shutdownLeaderElection(134)) - db5c95e9-dab2-4d3b-9775-2e3d4de03f2d: shutdown LeaderElection
2019-09-17 11:51:42,401 [db5c95e9-dab2-4d3b-9775-2e3d4de03f2d@group-4033F378C501:LeaderElection27] INFO  impl.RoleInfo (RoleInfo.java:updateAndGet(143)) - db5c95e9-dab2-4d3b-9775-2e3d4de03f2d: start FollowerState
2019-09-17 11:51:42,638 [java.util.concurrent.ThreadPoolExecutor$Worker@5a9b47f8[State = -1, empty queue]] WARN  server.GrpcLogAppender (GrpcLogAppender.java:timeoutAppendRequest(200)) - ee155057-4acb-4f3f-9013-4bd3c5a101b6@group-B3F5A0A8BDBD->90cc32e6-bdd6-4f93-abb1-bc520dd025bc-GrpcLogAppender: appendEntries Timeout, request=ee155057-4acb-4f3f-9013-4bd3c5a101b6->90cc32e6-bdd6-4f93-abb1-bc520dd025bc#113-t2, previous=(t:2, i:20), leaderCommit=16, initializing? false, entries: <empty>
2019-09-17 11:51:42,638 [java.util.concurrent.ThreadPoolExecutor$Worker@3cd8d43b[State = -1, empty queue]] WARN  server.GrpcLogAppender (GrpcLogAppender.java:timeoutAppendRequest(200)) - ee155057-4acb-4f3f-9013-4bd3c5a101b6@group-B3F5A0A8BDBD->533f21c9-6148-4926-981b-3030ea271196-GrpcLogAppender: appendEntries Timeout, request=ee155057-4acb-4f3f-9013-4bd3c5a101b6->533f21c9-6148-4926-981b-3030ea271196#113-t2, previous=(t:2, i:20), leaderCommit=16, initializing? false, entries: <empty>
2019-09-17 11:51:42,978 [java.util.concurrent.ThreadPoolExecutor$Worker@260d162e[State = -1, empty queue]] WARN  server.GrpcLogAppender (GrpcLogAppender.java:timeoutAppendRequest(200)) - 166adff3-52d0-4f60-8e58-0e12ed96f4bf@group-012F5F91B630->478df2fd-32fa-402c-a09a-4121263fb7de-GrpcLogAppender: appendEntries Timeout, request=166adff3-52d0-4f60-8e58-0e12ed96f4bf->478df2fd-32fa-402c-a09a-4121263fb7de#127-t1, previous=(t:1, i:32), leaderCommit=32, initializing? false, entries: size=1, first=(t:1, i:33), STATEMACHINELOGENTRY, client-CC55B186F28B, cid=71
2019-09-17 11:51:42,978 [java.util.concurrent.ThreadPoolExecutor$Worker@260d162e[State = -1, empty queue]] WARN  server.GrpcLogAppender (GrpcLogAppender.java:timeoutAppendRequest(200)) - 166adff3-52d0-4f60-8e58-0e12ed96f4bf@group-012F5F91B630->478df2fd-32fa-402c-a09a-4121263fb7de-GrpcLogAppender: appendEntries Timeout, request=166adff3-52d0-4f60-8e58-0e12ed96f4bf->478df2fd-32fa-402c-a09a-4121263fb7de#128-t1, previous=(t:1, i:33), leaderCommit=32, initializing? false, entries: size=1, first=(t:1, i:34), STATEMACHINELOGENTRY, client-CC55B186F28B, cid=72
2019-09-17 11:51:42,978 [java.util.concurrent.ThreadPoolExecutor$Worker@9b33cb9[State = -1, empty queue]] WARN  server.GrpcLogAppender (GrpcLogAppender.java:timeoutAppendRequest(200)) - 166adff3-52d0-4f60-8e58-0e12ed96f4bf@group-012F5F91B630->ab50ed4d-57db-4f38-bd59-74c03932909c-GrpcLogAppender: appendEntries Timeout, request=166adff3-52d0-4f60-8e58-0e12ed96f4bf->ab50ed4d-57db-4f38-bd59-74c03932909c#127-t1, previous=(t:1, i:32), leaderCommit=32, initializing? false, entries: size=1, first=(t:1, i:33), STATEMACHINELOGENTRY, client-CC55B186F28B, cid=71
2019-09-17 11:51:42,981 [java.util.concurrent.ThreadPoolExecutor$Worker@9b33cb9[State = -1, empty queue]] WARN  server.GrpcLogAppender (GrpcLogAppender.java:timeoutAppendRequest(200)) - 166adff3-52d0-4f60-8e58-0e12ed96f4bf@group-012F5F91B630->ab50ed4d-57db-4f38-bd59-74c03932909c-GrpcLogAppender: appendEntries Timeout, request=166adff3-52d0-4f60-8e58-0e12ed96f4bf->ab50ed4d-57db-4f38-bd59-74c03932909c#128-t1, previous=(t:1, i:33), leaderCommit=32, initializing? false, entries: size=1, first=(t:1, i:34), STATEMACHINELOGENTRY, client-CC55B186F28B, cid=72
2019-09-17 11:51:42,982 [java.util.concurrent.ThreadPoolExecutor$Worker@9b33cb9[State = -1, empty queue]] WARN  server.GrpcLogAppender (GrpcLogAppender.java:timeoutAppendRequest(200)) - 166adff3-52d0-4f60-8e58-0e12ed96f4bf@group-012F5F91B630->ab50ed4d-57db-4f38-bd59-74c03932909c-GrpcLogAppender: appendEntries Timeout, request=166adff3-52d0-4f60-8e58-0e12ed96f4bf->ab50ed4d-57db-4f38-bd59-74c03932909c#129-t1, previous=(t:1, i:34), leaderCommit=32, initializing? false, entries: size=1, first=(t:1, i:35), STATEMACHINELOGENTRY, client-CC55B186F28B, cid=73
2019-09-17 11:51:42,982 [java.util.concurrent.ThreadPoolExecutor$Worker@9b33cb9[State = -1, empty queue]] WARN  server.GrpcLogAppender (GrpcLogAppender.java:timeoutAppendRequest(200)) - 166adff3-52d0-4f60-8e58-0e12ed96f4bf@group-012F5F91B630->ab50ed4d-57db-4f38-bd59-74c03932909c-GrpcLogAppender: appendEntries Timeout, request=166adff3-52d0-4f60-8e58-0e12ed96f4bf->ab50ed4d-57db-4f38-bd59-74c03932909c#130-t1, previous=(t:1, i:35), leaderCommit=32, initializing? false, entries: size=1, first=(t:1, i:36), STATEMACHINELOGENTRY, client-CC55B186F28B, cid=74
2019-09-17 11:51:42,983 [java.util.concurrent.ThreadPoolExecutor$Worker@260d162e[State = -1, empty queue]] WARN  server.GrpcLogAppender (GrpcLogAppender.java:timeoutAppendRequest(200)) - 166adff3-52d0-4f60-8e58-0e12ed96f4bf@group-012F5F91B630->478df2fd-32fa-402c-a09a-4121263fb7de-GrpcLogAppender: appendEntries Timeout, request=166adff3-52d0-4f60-8e58-0e12ed96f4bf->478df2fd-32fa-402c-a09a-4121263fb7de#129-t1, previous=(t:1, i:34), leaderCommit=32, initializing? false, entries: size=1, first=(t:1, i:35), STATEMACHINELOGENTRY, client-CC55B186F28B, cid=73
2019-09-17 11:51:42,985 [java.util.concurrent.ThreadPoolExecutor$Worker@260d162e[State = -1, empty queue]] WARN  server.GrpcLogAppender (GrpcLogAppender.java:timeoutAppendRequest(200)) - 166adff3-52d0-4f60-8e58-0e12ed96f4bf@group-012F5F91B630->478df2fd-32fa-402c-a09a-4121263fb7de-GrpcLogAppender: appendEntries Timeout, request=166adff3-52d0-4f60-8e58-0e12ed96f4bf->478df2fd-32fa-402c-a09a-4121263fb7de#130-t1, previous=(t:1, i:35), leaderCommit=32, initializing? false, entries: size=1, first=(t:1, i:36), STATEMACHINELOGENTRY, client-CC55B186F28B, cid=74
2019-09-17 11:51:43,138 [java.util.concurrent.ThreadPoolExecutor$Worker@5a9b47f8[State = -1, empty queue]] WARN  server.GrpcLogAppender (GrpcLogAppender.java:timeoutAppendRequest(200)) - ee155057-4acb-4f3f-9013-4bd3c5a101b6@group-B3F5A0A8BDBD->90cc32e6-bdd6-4f93-abb1-bc520dd025bc-GrpcLogAppender: appendEntries Timeout, request=ee155057-4acb-4f3f-9013-4bd3c5a101b6->90cc32e6-bdd6-4f93-abb1-bc520dd025bc#114-t2, previous=(t:2, i:20), leaderCommit=16, initializing? false, entries: <empty>
2019-09-17 11:51:43,138 [java.util.concurrent.ThreadPoolExecutor$Worker@3cd8d43b[State = -1, empty queue]] WARN  server.GrpcLogAppender (GrpcLogAppender.java:timeoutAppendRequest(200)) - ee155057-4acb-4f3f-9013-4bd3c5a101b6@group-B3F5A0A8BDBD->533f21c9-6148-4926-981b-3030ea271196-GrpcLogAppender: appendEntries Timeout, request=ee155057-4acb-4f3f-9013-4bd3c5a101b6->533f21c9-6148-4926-981b-3030ea271196#114-t2, previous=(t:2, i:20), leaderCommit=16, initializing? false, entries: <empty>
2019-09-17 11:51:43,483 [java.util.concurrent.ThreadPoolExecutor$Worker@9b33cb9[State = -1, empty queue]] WARN  server.GrpcLogAppender (GrpcLogAppender.java:timeoutAppendRequest(200)) - 166adff3-52d0-4f60-8e58-0e12ed96f4bf@group-012F5F91B630->ab50ed4d-57db-4f38-bd59-74c03932909c-GrpcLogAppender: appendEntries Timeout, request=166adff3-52d0-4f60-8e58-0e12ed96f4bf->ab50ed4d-57db-4f38-bd59-74c03932909c#131-t1, previous=(t:1, i:36), leaderCommit=32, initializing? false, entries: <empty>
2019-09-17 11:51:43,484 [java.util.concurrent.ThreadPoolExecutor$Worker@260d162e[State = -1, empty queue]] WARN  server.GrpcLogAppender (GrpcLogAppender.java:timeoutAppendRequest(200)) - 166adff3-52d0-4f60-8e58-0e12ed96f4bf@group-012F5F91B630->478df2fd-32fa-402c-a09a-4121263fb7de-GrpcLogAppender: appendEntries Timeout, request=166adff3-52d0-4f60-8e58-0e12ed96f4bf->478df2fd-32fa-402c-a09a-4121263fb7de#131-t1, previous=(t:1, i:36), leaderCommit=32, initializing? false, entries: <empty>
2019-09-17 11:51:43,541 [Thread-1252] INFO  impl.FollowerState (FollowerState.java:run(106)) - db5c95e9-dab2-4d3b-9775-2e3d4de03f2d:group-4033F378C501 changes to CANDIDATE, lastRpcTime:1140, electionTimeout:1140ms
2019-09-17 11:51:43,542 [Thread-1252] INFO  impl.RoleInfo (RoleInfo.java:shutdownFollowerState(121)) - db5c95e9-dab2-4d3b-9775-2e3d4de03f2d: shutdown FollowerState
2019-09-17 11:51:43,542 [Thread-1252] INFO  impl.RaftServerImpl (RaftServerImpl.java:setRole(174)) - db5c95e9-dab2-4d3b-9775-2e3d4de03f2d@group-4033F378C501: changes role from  FOLLOWER to CANDIDATE at term 12 for changeToCandidate
2019-09-17 11:51:43,542 [Thread-1252] INFO  impl.RoleInfo (RoleInfo.java:updateAndGet(143)) - db5c95e9-dab2-4d3b-9775-2e3d4de03f2d: start LeaderElection
2019-09-17 11:51:43,558 [db5c95e9-dab2-4d3b-9775-2e3d4de03f2d@group-4033F378C501:LeaderElection28] INFO  impl.LeaderElection (LeaderElection.java:askForVotes(182)) - db5c95e9-dab2-4d3b-9775-2e3d4de03f2d@group-4033F378C501:LeaderElection28: begin an election at term 13 for 0: [768e87e1-01a1-4abe-adbb-724fc729cfde:192.168.157.219:39557, 0efbdbeb-0caf-4be4-a340-f9adf92e227b:192.168.157.219:42903, db5c95e9-dab2-4d3b-9775-2e3d4de03f2d:192.168.157.219:43472], old=null
2019-09-17 11:51:43,560 [db5c95e9-dab2-4d3b-9775-2e3d4de03f2d@group-4033F378C501:LeaderElection28] INFO  impl.LeaderElection (LogUtils.java:infoOrTrace(149)) - db5c95e9-dab2-4d3b-9775-2e3d4de03f2d@group-4033F378C501:LeaderElection28 got exception when requesting votes: {}
java.util.concurrent.ExecutionException: org.apache.ratis.thirdparty.io.grpc.StatusRuntimeException: UNAVAILABLE: io exception
	at java.util.concurrent.FutureTask.report(FutureTask.java:122)
	at java.util.concurrent.FutureTask.get(FutureTask.java:192)
	at org.apache.ratis.server.impl.LeaderElection.waitForResults(LeaderElection.java:263)
	at org.apache.ratis.server.impl.LeaderElection.askForVotes(LeaderElection.java:201)
	at org.apache.ratis.server.impl.LeaderElection.run(LeaderElection.java:133)
	at java.lang.Thread.run(Thread.java:748)
Caused by: org.apache.ratis.thirdparty.io.grpc.StatusRuntimeException: UNAVAILABLE: io exception
	at org.apache.ratis.thirdparty.io.grpc.stub.ClientCalls.toStatusRuntimeException(ClientCalls.java:233)
	at org.apache.ratis.thirdparty.io.grpc.stub.ClientCalls.getUnchecked(ClientCalls.java:214)
	at org.apache.ratis.thirdparty.io.grpc.stub.ClientCalls.blockingUnaryCall(ClientCalls.java:139)
	at org.apache.ratis.proto.grpc.RaftServerProtocolServiceGrpc$RaftServerProtocolServiceBlockingStub.requestVote(RaftServerProtocolServiceGrpc.java:265)
	at org.apache.ratis.grpc.server.GrpcServerProtocolClient.requestVote(GrpcServerProtocolClient.java:90)
	at org.apache.ratis.grpc.server.GrpcService.requestVote(GrpcService.java:204)
	at org.apache.ratis.server.impl.LeaderElection.lambda$submitRequests$1(LeaderElection.java:238)
	at java.util.concurrent.FutureTask.run(FutureTask.java:266)
	at java.util.concurrent.Executors$RunnableAdapter.call(Executors.java:511)
	at java.util.concurrent.FutureTask.run(FutureTask.java:266)
	at java.util.concurrent.ThreadPoolExecutor.runWorker(ThreadPoolExecutor.java:1149)
	at java.util.concurrent.ThreadPoolExecutor$Worker.run(ThreadPoolExecutor.java:624)
	... 1 more
Caused by: org.apache.ratis.thirdparty.io.netty.channel.AbstractChannel$AnnotatedConnectException: Connection refused: /192.168.157.219:39557
	at sun.nio.ch.SocketChannelImpl.checkConnect(Native Method)
	at sun.nio.ch.SocketChannelImpl.finishConnect(SocketChannelImpl.java:717)
	at org.apache.ratis.thirdparty.io.netty.channel.socket.nio.NioSocketChannel.doFinishConnect(NioSocketChannel.java:327)
	at org.apache.ratis.thirdparty.io.netty.channel.nio.AbstractNioChannel$AbstractNioUnsafe.finishConnect(AbstractNioChannel.java:340)
	at org.apache.ratis.thirdparty.io.netty.channel.nio.NioEventLoop.processSelectedKey(NioEventLoop.java:632)
	at org.apache.ratis.thirdparty.io.netty.channel.nio.NioEventLoop.processSelectedKeysOptimized(NioEventLoop.java:579)
	at org.apache.ratis.thirdparty.io.netty.channel.nio.NioEventLoop.processSelectedKeys(NioEventLoop.java:496)
	at org.apache.ratis.thirdparty.io.netty.channel.nio.NioEventLoop.run(NioEventLoop.java:458)
	at org.apache.ratis.thirdparty.io.netty.util.concurrent.SingleThreadEventExecutor$5.run(SingleThreadEventExecutor.java:897)
	at org.apache.ratis.thirdparty.io.netty.util.concurrent.FastThreadLocalRunnable.run(FastThreadLocalRunnable.java:30)
	... 1 more
Caused by: java.net.ConnectException: Connection refused
	... 11 more
2019-09-17 11:51:43,563 [db5c95e9-dab2-4d3b-9775-2e3d4de03f2d@group-4033F378C501:LeaderElection28] INFO  impl.LeaderElection (LogUtils.java:infoOrTrace(149)) - db5c95e9-dab2-4d3b-9775-2e3d4de03f2d@group-4033F378C501:LeaderElection28 got exception when requesting votes: {}
java.util.concurrent.ExecutionException: org.apache.ratis.thirdparty.io.grpc.StatusRuntimeException: UNAVAILABLE: io exception
	at java.util.concurrent.FutureTask.report(FutureTask.java:122)
	at java.util.concurrent.FutureTask.get(FutureTask.java:192)
	at org.apache.ratis.server.impl.LeaderElection.waitForResults(LeaderElection.java:263)
	at org.apache.ratis.server.impl.LeaderElection.askForVotes(LeaderElection.java:201)
	at org.apache.ratis.server.impl.LeaderElection.run(LeaderElection.java:133)
	at java.lang.Thread.run(Thread.java:748)
Caused by: org.apache.ratis.thirdparty.io.grpc.StatusRuntimeException: UNAVAILABLE: io exception
	at org.apache.ratis.thirdparty.io.grpc.stub.ClientCalls.toStatusRuntimeException(ClientCalls.java:233)
	at org.apache.ratis.thirdparty.io.grpc.stub.ClientCalls.getUnchecked(ClientCalls.java:214)
	at org.apache.ratis.thirdparty.io.grpc.stub.ClientCalls.blockingUnaryCall(ClientCalls.java:139)
	at org.apache.ratis.proto.grpc.RaftServerProtocolServiceGrpc$RaftServerProtocolServiceBlockingStub.requestVote(RaftServerProtocolServiceGrpc.java:265)
	at org.apache.ratis.grpc.server.GrpcServerProtocolClient.requestVote(GrpcServerProtocolClient.java:90)
	at org.apache.ratis.grpc.server.GrpcService.requestVote(GrpcService.java:204)
	at org.apache.ratis.server.impl.LeaderElection.lambda$submitRequests$1(LeaderElection.java:238)
	at java.util.concurrent.FutureTask.run(FutureTask.java:266)
	at java.util.concurrent.Executors$RunnableAdapter.call(Executors.java:511)
	at java.util.concurrent.FutureTask.run(FutureTask.java:266)
	at java.util.concurrent.ThreadPoolExecutor.runWorker(ThreadPoolExecutor.java:1149)
	at java.util.concurrent.ThreadPoolExecutor$Worker.run(ThreadPoolExecutor.java:624)
	... 1 more
Caused by: org.apache.ratis.thirdparty.io.netty.channel.AbstractChannel$AnnotatedConnectException: Connection refused: /192.168.157.219:42903
	at sun.nio.ch.SocketChannelImpl.checkConnect(Native Method)
	at sun.nio.ch.SocketChannelImpl.finishConnect(SocketChannelImpl.java:717)
	at org.apache.ratis.thirdparty.io.netty.channel.socket.nio.NioSocketChannel.doFinishConnect(NioSocketChannel.java:327)
	at org.apache.ratis.thirdparty.io.netty.channel.nio.AbstractNioChannel$AbstractNioUnsafe.finishConnect(AbstractNioChannel.java:340)
	at org.apache.ratis.thirdparty.io.netty.channel.nio.NioEventLoop.processSelectedKey(NioEventLoop.java:632)
	at org.apache.ratis.thirdparty.io.netty.channel.nio.NioEventLoop.processSelectedKeysOptimized(NioEventLoop.java:579)
	at org.apache.ratis.thirdparty.io.netty.channel.nio.NioEventLoop.processSelectedKeys(NioEventLoop.java:496)
	at org.apache.ratis.thirdparty.io.netty.channel.nio.NioEventLoop.run(NioEventLoop.java:458)
	at org.apache.ratis.thirdparty.io.netty.util.concurrent.SingleThreadEventExecutor$5.run(SingleThreadEventExecutor.java:897)
	at org.apache.ratis.thirdparty.io.netty.util.concurrent.FastThreadLocalRunnable.run(FastThreadLocalRunnable.java:30)
	... 1 more
Caused by: java.net.ConnectException: Connection refused
	... 11 more
2019-09-17 11:51:43,565 [db5c95e9-dab2-4d3b-9775-2e3d4de03f2d@group-4033F378C501:LeaderElection28] INFO  impl.LeaderElection (LeaderElection.java:logAndReturn(56)) - db5c95e9-dab2-4d3b-9775-2e3d4de03f2d@group-4033F378C501:LeaderElection28: Election REJECTED; received 0 response(s) [] and 2 exception(s); db5c95e9-dab2-4d3b-9775-2e3d4de03f2d@group-4033F378C501:t13, leader=null, voted=db5c95e9-dab2-4d3b-9775-2e3d4de03f2d, raftlog=db5c95e9-dab2-4d3b-9775-2e3d4de03f2d@group-4033F378C501-SegmentedRaftLog:OPENED:c28,f28,i28, conf=0: [768e87e1-01a1-4abe-adbb-724fc729cfde:192.168.157.219:39557, 0efbdbeb-0caf-4be4-a340-f9adf92e227b:192.168.157.219:42903, db5c95e9-dab2-4d3b-9775-2e3d4de03f2d:192.168.157.219:43472], old=null
2019-09-17 11:51:43,565 [db5c95e9-dab2-4d3b-9775-2e3d4de03f2d@group-4033F378C501:LeaderElection28] INFO  impl.LeaderElection (LogUtils.java:infoOrTrace(149)) -   Exception 0: {}
java.util.concurrent.ExecutionException: org.apache.ratis.thirdparty.io.grpc.StatusRuntimeException: UNAVAILABLE: io exception
	at java.util.concurrent.FutureTask.report(FutureTask.java:122)
	at java.util.concurrent.FutureTask.get(FutureTask.java:192)
	at org.apache.ratis.server.impl.LeaderElection.waitForResults(LeaderElection.java:263)
	at org.apache.ratis.server.impl.LeaderElection.askForVotes(LeaderElection.java:201)
	at org.apache.ratis.server.impl.LeaderElection.run(LeaderElection.java:133)
	at java.lang.Thread.run(Thread.java:748)
Caused by: org.apache.ratis.thirdparty.io.grpc.StatusRuntimeException: UNAVAILABLE: io exception
	at org.apache.ratis.thirdparty.io.grpc.stub.ClientCalls.toStatusRuntimeException(ClientCalls.java:233)
	at org.apache.ratis.thirdparty.io.grpc.stub.ClientCalls.getUnchecked(ClientCalls.java:214)
	at org.apache.ratis.thirdparty.io.grpc.stub.ClientCalls.blockingUnaryCall(ClientCalls.java:139)
	at org.apache.ratis.proto.grpc.RaftServerProtocolServiceGrpc$RaftServerProtocolServiceBlockingStub.requestVote(RaftServerProtocolServiceGrpc.java:265)
	at org.apache.ratis.grpc.server.GrpcServerProtocolClient.requestVote(GrpcServerProtocolClient.java:90)
	at org.apache.ratis.grpc.server.GrpcService.requestVote(GrpcService.java:204)
	at org.apache.ratis.server.impl.LeaderElection.lambda$submitRequests$1(LeaderElection.java:238)
	at java.util.concurrent.FutureTask.run(FutureTask.java:266)
	at java.util.concurrent.Executors$RunnableAdapter.call(Executors.java:511)
	at java.util.concurrent.FutureTask.run(FutureTask.java:266)
	at java.util.concurrent.ThreadPoolExecutor.runWorker(ThreadPoolExecutor.java:1149)
	at java.util.concurrent.ThreadPoolExecutor$Worker.run(ThreadPoolExecutor.java:624)
	... 1 more
Caused by: org.apache.ratis.thirdparty.io.netty.channel.AbstractChannel$AnnotatedConnectException: Connection refused: /192.168.157.219:39557
	at sun.nio.ch.SocketChannelImpl.checkConnect(Native Method)
	at sun.nio.ch.SocketChannelImpl.finishConnect(SocketChannelImpl.java:717)
	at org.apache.ratis.thirdparty.io.netty.channel.socket.nio.NioSocketChannel.doFinishConnect(NioSocketChannel.java:327)
	at org.apache.ratis.thirdparty.io.netty.channel.nio.AbstractNioChannel$AbstractNioUnsafe.finishConnect(AbstractNioChannel.java:340)
	at org.apache.ratis.thirdparty.io.netty.channel.nio.NioEventLoop.processSelectedKey(NioEventLoop.java:632)
	at org.apache.ratis.thirdparty.io.netty.channel.nio.NioEventLoop.processSelectedKeysOptimized(NioEventLoop.java:579)
	at org.apache.ratis.thirdparty.io.netty.channel.nio.NioEventLoop.processSelectedKeys(NioEventLoop.java:496)
	at org.apache.ratis.thirdparty.io.netty.channel.nio.NioEventLoop.run(NioEventLoop.java:458)
	at org.apache.ratis.thirdparty.io.netty.util.concurrent.SingleThreadEventExecutor$5.run(SingleThreadEventExecutor.java:897)
	at org.apache.ratis.thirdparty.io.netty.util.concurrent.FastThreadLocalRunnable.run(FastThreadLocalRunnable.java:30)
	... 1 more
Caused by: java.net.ConnectException: Connection refused
	... 11 more
2019-09-17 11:51:43,566 [db5c95e9-dab2-4d3b-9775-2e3d4de03f2d@group-4033F378C501:LeaderElection28] INFO  impl.LeaderElection (LogUtils.java:infoOrTrace(149)) -   Exception 1: {}
java.util.concurrent.ExecutionException: org.apache.ratis.thirdparty.io.grpc.StatusRuntimeException: UNAVAILABLE: io exception
	at java.util.concurrent.FutureTask.report(FutureTask.java:122)
	at java.util.concurrent.FutureTask.get(FutureTask.java:192)
	at org.apache.ratis.server.impl.LeaderElection.waitForResults(LeaderElection.java:263)
	at org.apache.ratis.server.impl.LeaderElection.askForVotes(LeaderElection.java:201)
	at org.apache.ratis.server.impl.LeaderElection.run(LeaderElection.java:133)
	at java.lang.Thread.run(Thread.java:748)
Caused by: org.apache.ratis.thirdparty.io.grpc.StatusRuntimeException: UNAVAILABLE: io exception
	at org.apache.ratis.thirdparty.io.grpc.stub.ClientCalls.toStatusRuntimeException(ClientCalls.java:233)
	at org.apache.ratis.thirdparty.io.grpc.stub.ClientCalls.getUnchecked(ClientCalls.java:214)
	at org.apache.ratis.thirdparty.io.grpc.stub.ClientCalls.blockingUnaryCall(ClientCalls.java:139)
	at org.apache.ratis.proto.grpc.RaftServerProtocolServiceGrpc$RaftServerProtocolServiceBlockingStub.requestVote(RaftServerProtocolServiceGrpc.java:265)
	at org.apache.ratis.grpc.server.GrpcServerProtocolClient.requestVote(GrpcServerProtocolClient.java:90)
	at org.apache.ratis.grpc.server.GrpcService.requestVote(GrpcService.java:204)
	at org.apache.ratis.server.impl.LeaderElection.lambda$submitRequests$1(LeaderElection.java:238)
	at java.util.concurrent.FutureTask.run(FutureTask.java:266)
	at java.util.concurrent.Executors$RunnableAdapter.call(Executors.java:511)
	at java.util.concurrent.FutureTask.run(FutureTask.java:266)
	at java.util.concurrent.ThreadPoolExecutor.runWorker(ThreadPoolExecutor.java:1149)
	at java.util.concurrent.ThreadPoolExecutor$Worker.run(ThreadPoolExecutor.java:624)
	... 1 more
Caused by: org.apache.ratis.thirdparty.io.netty.channel.AbstractChannel$AnnotatedConnectException: Connection refused: /192.168.157.219:42903
	at sun.nio.ch.SocketChannelImpl.checkConnect(Native Method)
	at sun.nio.ch.SocketChannelImpl.finishConnect(SocketChannelImpl.java:717)
	at org.apache.ratis.thirdparty.io.netty.channel.socket.nio.NioSocketChannel.doFinishConnect(NioSocketChannel.java:327)
	at org.apache.ratis.thirdparty.io.netty.channel.nio.AbstractNioChannel$AbstractNioUnsafe.finishConnect(AbstractNioChannel.java:340)
	at org.apache.ratis.thirdparty.io.netty.channel.nio.NioEventLoop.processSelectedKey(NioEventLoop.java:632)
	at org.apache.ratis.thirdparty.io.netty.channel.nio.NioEventLoop.processSelectedKeysOptimized(NioEventLoop.java:579)
	at org.apache.ratis.thirdparty.io.netty.channel.nio.NioEventLoop.processSelectedKeys(NioEventLoop.java:496)
	at org.apache.ratis.thirdparty.io.netty.channel.nio.NioEventLoop.run(NioEventLoop.java:458)
	at org.apache.ratis.thirdparty.io.netty.util.concurrent.SingleThreadEventExecutor$5.run(SingleThreadEventExecutor.java:897)
	at org.apache.ratis.thirdparty.io.netty.util.concurrent.FastThreadLocalRunnable.run(FastThreadLocalRunnable.java:30)
	... 1 more
Caused by: java.net.ConnectException: Connection refused
	... 11 more
2019-09-17 11:51:43,566 [db5c95e9-dab2-4d3b-9775-2e3d4de03f2d@group-4033F378C501:LeaderElection28] INFO  impl.RaftServerImpl (RaftServerImpl.java:setRole(174)) - db5c95e9-dab2-4d3b-9775-2e3d4de03f2d@group-4033F378C501: changes role from CANDIDATE to FOLLOWER at term 13 for DISCOVERED_A_NEW_TERM
2019-09-17 11:51:43,567 [db5c95e9-dab2-4d3b-9775-2e3d4de03f2d@group-4033F378C501:LeaderElection28] INFO  impl.RoleInfo (RoleInfo.java:shutdownLeaderElection(134)) - db5c95e9-dab2-4d3b-9775-2e3d4de03f2d: shutdown LeaderElection
2019-09-17 11:51:43,567 [db5c95e9-dab2-4d3b-9775-2e3d4de03f2d@group-4033F378C501:LeaderElection28] INFO  impl.RoleInfo (RoleInfo.java:updateAndGet(143)) - db5c95e9-dab2-4d3b-9775-2e3d4de03f2d: start FollowerState
2019-09-17 11:51:43,638 [java.util.concurrent.ThreadPoolExecutor$Worker@3cd8d43b[State = -1, empty queue]] WARN  server.GrpcLogAppender (GrpcLogAppender.java:timeoutAppendRequest(200)) - ee155057-4acb-4f3f-9013-4bd3c5a101b6@group-B3F5A0A8BDBD->533f21c9-6148-4926-981b-3030ea271196-GrpcLogAppender: appendEntries Timeout, request=ee155057-4acb-4f3f-9013-4bd3c5a101b6->533f21c9-6148-4926-981b-3030ea271196#115-t2, previous=(t:2, i:20), leaderCommit=16, initializing? false, entries: <empty>
2019-09-17 11:51:43,638 [java.util.concurrent.ThreadPoolExecutor$Worker@5a9b47f8[State = -1, empty queue]] WARN  server.GrpcLogAppender (GrpcLogAppender.java:timeoutAppendRequest(200)) - ee155057-4acb-4f3f-9013-4bd3c5a101b6@group-B3F5A0A8BDBD->90cc32e6-bdd6-4f93-abb1-bc520dd025bc-GrpcLogAppender: appendEntries Timeout, request=ee155057-4acb-4f3f-9013-4bd3c5a101b6->90cc32e6-bdd6-4f93-abb1-bc520dd025bc#115-t2, previous=(t:2, i:20), leaderCommit=16, initializing? false, entries: <empty>
2019-09-17 11:51:43,995 [java.util.concurrent.ThreadPoolExecutor$Worker@9b33cb9[State = -1, empty queue]] WARN  server.GrpcLogAppender (GrpcLogAppender.java:timeoutAppendRequest(200)) - 166adff3-52d0-4f60-8e58-0e12ed96f4bf@group-012F5F91B630->ab50ed4d-57db-4f38-bd59-74c03932909c-GrpcLogAppender: appendEntries Timeout, request=166adff3-52d0-4f60-8e58-0e12ed96f4bf->ab50ed4d-57db-4f38-bd59-74c03932909c#132-t1, previous=(t:1, i:36), leaderCommit=32, initializing? false, entries: <empty>
2019-09-17 11:51:43,995 [java.util.concurrent.ThreadPoolExecutor$Worker@260d162e[State = -1, empty queue]] WARN  server.GrpcLogAppender (GrpcLogAppender.java:timeoutAppendRequest(200)) - 166adff3-52d0-4f60-8e58-0e12ed96f4bf@group-012F5F91B630->478df2fd-32fa-402c-a09a-4121263fb7de-GrpcLogAppender: appendEntries Timeout, request=166adff3-52d0-4f60-8e58-0e12ed96f4bf->478df2fd-32fa-402c-a09a-4121263fb7de#132-t1, previous=(t:1, i:36), leaderCommit=32, initializing? false, entries: <empty>
2019-09-17 11:51:44,139 [java.util.concurrent.ThreadPoolExecutor$Worker@3cd8d43b[State = -1, empty queue]] WARN  server.GrpcLogAppender (GrpcLogAppender.java:timeoutAppendRequest(200)) - ee155057-4acb-4f3f-9013-4bd3c5a101b6@group-B3F5A0A8BDBD->533f21c9-6148-4926-981b-3030ea271196-GrpcLogAppender: appendEntries Timeout, request=ee155057-4acb-4f3f-9013-4bd3c5a101b6->533f21c9-6148-4926-981b-3030ea271196#116-t2, previous=(t:2, i:20), leaderCommit=16, initializing? false, entries: <empty>
2019-09-17 11:51:44,139 [java.util.concurrent.ThreadPoolExecutor$Worker@5a9b47f8[State = -1, empty queue]] WARN  server.GrpcLogAppender (GrpcLogAppender.java:timeoutAppendRequest(200)) - ee155057-4acb-4f3f-9013-4bd3c5a101b6@group-B3F5A0A8BDBD->90cc32e6-bdd6-4f93-abb1-bc520dd025bc-GrpcLogAppender: appendEntries Timeout, request=ee155057-4acb-4f3f-9013-4bd3c5a101b6->90cc32e6-bdd6-4f93-abb1-bc520dd025bc#116-t2, previous=(t:2, i:20), leaderCommit=16, initializing? false, entries: <empty>
2019-09-17 11:51:44,483 [java.util.concurrent.ThreadPoolExecutor$Worker@9b33cb9[State = -1, empty queue]] WARN  server.GrpcLogAppender (GrpcLogAppender.java:timeoutAppendRequest(200)) - 166adff3-52d0-4f60-8e58-0e12ed96f4bf@group-012F5F91B630->ab50ed4d-57db-4f38-bd59-74c03932909c-GrpcLogAppender: appendEntries Timeout, request=166adff3-52d0-4f60-8e58-0e12ed96f4bf->ab50ed4d-57db-4f38-bd59-74c03932909c#133-t1, previous=(t:1, i:36), leaderCommit=32, initializing? false, entries: <empty>
2019-09-17 11:51:44,484 [java.util.concurrent.ThreadPoolExecutor$Worker@260d162e[State = -1, empty queue]] WARN  server.GrpcLogAppender (GrpcLogAppender.java:timeoutAppendRequest(200)) - 166adff3-52d0-4f60-8e58-0e12ed96f4bf@group-012F5F91B630->478df2fd-32fa-402c-a09a-4121263fb7de-GrpcLogAppender: appendEntries Timeout, request=166adff3-52d0-4f60-8e58-0e12ed96f4bf->478df2fd-32fa-402c-a09a-4121263fb7de#133-t1, previous=(t:1, i:36), leaderCommit=32, initializing? false, entries: <empty>
2019-09-17 11:51:44,639 [java.util.concurrent.ThreadPoolExecutor$Worker@3cd8d43b[State = -1, empty queue]] WARN  server.GrpcLogAppender (GrpcLogAppender.java:timeoutAppendRequest(200)) - ee155057-4acb-4f3f-9013-4bd3c5a101b6@group-B3F5A0A8BDBD->533f21c9-6148-4926-981b-3030ea271196-GrpcLogAppender: appendEntries Timeout, request=ee155057-4acb-4f3f-9013-4bd3c5a101b6->533f21c9-6148-4926-981b-3030ea271196#117-t2, previous=(t:2, i:20), leaderCommit=16, initializing? false, entries: <empty>
2019-09-17 11:51:44,639 [java.util.concurrent.ThreadPoolExecutor$Worker@5a9b47f8[State = -1, empty queue]] WARN  server.GrpcLogAppender (GrpcLogAppender.java:timeoutAppendRequest(200)) - ee155057-4acb-4f3f-9013-4bd3c5a101b6@group-B3F5A0A8BDBD->90cc32e6-bdd6-4f93-abb1-bc520dd025bc-GrpcLogAppender: appendEntries Timeout, request=ee155057-4acb-4f3f-9013-4bd3c5a101b6->90cc32e6-bdd6-4f93-abb1-bc520dd025bc#117-t2, previous=(t:2, i:20), leaderCommit=16, initializing? false, entries: <empty>
2019-09-17 11:51:44,757 [Thread-1266] INFO  impl.FollowerState (FollowerState.java:run(106)) - db5c95e9-dab2-4d3b-9775-2e3d4de03f2d:group-4033F378C501 changes to CANDIDATE, lastRpcTime:1190, electionTimeout:1190ms
2019-09-17 11:51:44,758 [Thread-1266] INFO  impl.RoleInfo (RoleInfo.java:shutdownFollowerState(121)) - db5c95e9-dab2-4d3b-9775-2e3d4de03f2d: shutdown FollowerState
2019-09-17 11:51:44,758 [Thread-1266] INFO  impl.RaftServerImpl (RaftServerImpl.java:setRole(174)) - db5c95e9-dab2-4d3b-9775-2e3d4de03f2d@group-4033F378C501: changes role from  FOLLOWER to CANDIDATE at term 13 for changeToCandidate
2019-09-17 11:51:44,758 [Thread-1266] INFO  impl.RoleInfo (RoleInfo.java:updateAndGet(143)) - db5c95e9-dab2-4d3b-9775-2e3d4de03f2d: start LeaderElection
2019-09-17 11:51:44,775 [db5c95e9-dab2-4d3b-9775-2e3d4de03f2d@group-4033F378C501:LeaderElection29] INFO  impl.LeaderElection (LeaderElection.java:askForVotes(182)) - db5c95e9-dab2-4d3b-9775-2e3d4de03f2d@group-4033F378C501:LeaderElection29: begin an election at term 14 for 0: [768e87e1-01a1-4abe-adbb-724fc729cfde:192.168.157.219:39557, 0efbdbeb-0caf-4be4-a340-f9adf92e227b:192.168.157.219:42903, db5c95e9-dab2-4d3b-9775-2e3d4de03f2d:192.168.157.219:43472], old=null
2019-09-17 11:51:44,776 [db5c95e9-dab2-4d3b-9775-2e3d4de03f2d@group-4033F378C501:LeaderElection29] INFO  impl.LeaderElection (LogUtils.java:infoOrTrace(149)) - db5c95e9-dab2-4d3b-9775-2e3d4de03f2d@group-4033F378C501:LeaderElection29 got exception when requesting votes: {}
java.util.concurrent.ExecutionException: org.apache.ratis.thirdparty.io.grpc.StatusRuntimeException: UNAVAILABLE: io exception
	at java.util.concurrent.FutureTask.report(FutureTask.java:122)
	at java.util.concurrent.FutureTask.get(FutureTask.java:192)
	at org.apache.ratis.server.impl.LeaderElection.waitForResults(LeaderElection.java:263)
	at org.apache.ratis.server.impl.LeaderElection.askForVotes(LeaderElection.java:201)
	at org.apache.ratis.server.impl.LeaderElection.run(LeaderElection.java:133)
	at java.lang.Thread.run(Thread.java:748)
Caused by: org.apache.ratis.thirdparty.io.grpc.StatusRuntimeException: UNAVAILABLE: io exception
	at org.apache.ratis.thirdparty.io.grpc.stub.ClientCalls.toStatusRuntimeException(ClientCalls.java:233)
	at org.apache.ratis.thirdparty.io.grpc.stub.ClientCalls.getUnchecked(ClientCalls.java:214)
	at org.apache.ratis.thirdparty.io.grpc.stub.ClientCalls.blockingUnaryCall(ClientCalls.java:139)
	at org.apache.ratis.proto.grpc.RaftServerProtocolServiceGrpc$RaftServerProtocolServiceBlockingStub.requestVote(RaftServerProtocolServiceGrpc.java:265)
	at org.apache.ratis.grpc.server.GrpcServerProtocolClient.requestVote(GrpcServerProtocolClient.java:90)
	at org.apache.ratis.grpc.server.GrpcService.requestVote(GrpcService.java:204)
	at org.apache.ratis.server.impl.LeaderElection.lambda$submitRequests$1(LeaderElection.java:238)
	at java.util.concurrent.FutureTask.run(FutureTask.java:266)
	at java.util.concurrent.Executors$RunnableAdapter.call(Executors.java:511)
	at java.util.concurrent.FutureTask.run(FutureTask.java:266)
	at java.util.concurrent.ThreadPoolExecutor.runWorker(ThreadPoolExecutor.java:1149)
	at java.util.concurrent.ThreadPoolExecutor$Worker.run(ThreadPoolExecutor.java:624)
	... 1 more
Caused by: org.apache.ratis.thirdparty.io.netty.channel.AbstractChannel$AnnotatedConnectException: Connection refused: /192.168.157.219:39557
	at sun.nio.ch.SocketChannelImpl.checkConnect(Native Method)
	at sun.nio.ch.SocketChannelImpl.finishConnect(SocketChannelImpl.java:717)
	at org.apache.ratis.thirdparty.io.netty.channel.socket.nio.NioSocketChannel.doFinishConnect(NioSocketChannel.java:327)
	at org.apache.ratis.thirdparty.io.netty.channel.nio.AbstractNioChannel$AbstractNioUnsafe.finishConnect(AbstractNioChannel.java:340)
	at org.apache.ratis.thirdparty.io.netty.channel.nio.NioEventLoop.processSelectedKey(NioEventLoop.java:632)
	at org.apache.ratis.thirdparty.io.netty.channel.nio.NioEventLoop.processSelectedKeysOptimized(NioEventLoop.java:579)
	at org.apache.ratis.thirdparty.io.netty.channel.nio.NioEventLoop.processSelectedKeys(NioEventLoop.java:496)
	at org.apache.ratis.thirdparty.io.netty.channel.nio.NioEventLoop.run(NioEventLoop.java:458)
	at org.apache.ratis.thirdparty.io.netty.util.concurrent.SingleThreadEventExecutor$5.run(SingleThreadEventExecutor.java:897)
	at org.apache.ratis.thirdparty.io.netty.util.concurrent.FastThreadLocalRunnable.run(FastThreadLocalRunnable.java:30)
	... 1 more
Caused by: java.net.ConnectException: Connection refused
	... 11 more
2019-09-17 11:51:44,780 [db5c95e9-dab2-4d3b-9775-2e3d4de03f2d@group-4033F378C501:LeaderElection29] INFO  impl.LeaderElection (LogUtils.java:infoOrTrace(149)) - db5c95e9-dab2-4d3b-9775-2e3d4de03f2d@group-4033F378C501:LeaderElection29 got exception when requesting votes: {}
java.util.concurrent.ExecutionException: org.apache.ratis.thirdparty.io.grpc.StatusRuntimeException: UNAVAILABLE: io exception
	at java.util.concurrent.FutureTask.report(FutureTask.java:122)
	at java.util.concurrent.FutureTask.get(FutureTask.java:192)
	at org.apache.ratis.server.impl.LeaderElection.waitForResults(LeaderElection.java:263)
	at org.apache.ratis.server.impl.LeaderElection.askForVotes(LeaderElection.java:201)
	at org.apache.ratis.server.impl.LeaderElection.run(LeaderElection.java:133)
	at java.lang.Thread.run(Thread.java:748)
Caused by: org.apache.ratis.thirdparty.io.grpc.StatusRuntimeException: UNAVAILABLE: io exception
	at org.apache.ratis.thirdparty.io.grpc.stub.ClientCalls.toStatusRuntimeException(ClientCalls.java:233)
	at org.apache.ratis.thirdparty.io.grpc.stub.ClientCalls.getUnchecked(ClientCalls.java:214)
	at org.apache.ratis.thirdparty.io.grpc.stub.ClientCalls.blockingUnaryCall(ClientCalls.java:139)
	at org.apache.ratis.proto.grpc.RaftServerProtocolServiceGrpc$RaftServerProtocolServiceBlockingStub.requestVote(RaftServerProtocolServiceGrpc.java:265)
	at org.apache.ratis.grpc.server.GrpcServerProtocolClient.requestVote(GrpcServerProtocolClient.java:90)
	at org.apache.ratis.grpc.server.GrpcService.requestVote(GrpcService.java:204)
	at org.apache.ratis.server.impl.LeaderElection.lambda$submitRequests$1(LeaderElection.java:238)
	at java.util.concurrent.FutureTask.run(FutureTask.java:266)
	at java.util.concurrent.Executors$RunnableAdapter.call(Executors.java:511)
	at java.util.concurrent.FutureTask.run(FutureTask.java:266)
	at java.util.concurrent.ThreadPoolExecutor.runWorker(ThreadPoolExecutor.java:1149)
	at java.util.concurrent.ThreadPoolExecutor$Worker.run(ThreadPoolExecutor.java:624)
	... 1 more
Caused by: org.apache.ratis.thirdparty.io.netty.channel.AbstractChannel$AnnotatedConnectException: Connection refused: /192.168.157.219:42903
	at sun.nio.ch.SocketChannelImpl.checkConnect(Native Method)
	at sun.nio.ch.SocketChannelImpl.finishConnect(SocketChannelImpl.java:717)
	at org.apache.ratis.thirdparty.io.netty.channel.socket.nio.NioSocketChannel.doFinishConnect(NioSocketChannel.java:327)
	at org.apache.ratis.thirdparty.io.netty.channel.nio.AbstractNioChannel$AbstractNioUnsafe.finishConnect(AbstractNioChannel.java:340)
	at org.apache.ratis.thirdparty.io.netty.channel.nio.NioEventLoop.processSelectedKey(NioEventLoop.java:632)
	at org.apache.ratis.thirdparty.io.netty.channel.nio.NioEventLoop.processSelectedKeysOptimized(NioEventLoop.java:579)
	at org.apache.ratis.thirdparty.io.netty.channel.nio.NioEventLoop.processSelectedKeys(NioEventLoop.java:496)
	at org.apache.ratis.thirdparty.io.netty.channel.nio.NioEventLoop.run(NioEventLoop.java:458)
	at org.apache.ratis.thirdparty.io.netty.util.concurrent.SingleThreadEventExecutor$5.run(SingleThreadEventExecutor.java:897)
	at org.apache.ratis.thirdparty.io.netty.util.concurrent.FastThreadLocalRunnable.run(FastThreadLocalRunnable.java:30)
	... 1 more
Caused by: java.net.ConnectException: Connection refused
	... 11 more
2019-09-17 11:51:44,783 [db5c95e9-dab2-4d3b-9775-2e3d4de03f2d@group-4033F378C501:LeaderElection29] INFO  impl.LeaderElection (LeaderElection.java:logAndReturn(56)) - db5c95e9-dab2-4d3b-9775-2e3d4de03f2d@group-4033F378C501:LeaderElection29: Election REJECTED; received 0 response(s) [] and 2 exception(s); db5c95e9-dab2-4d3b-9775-2e3d4de03f2d@group-4033F378C501:t14, leader=null, voted=db5c95e9-dab2-4d3b-9775-2e3d4de03f2d, raftlog=db5c95e9-dab2-4d3b-9775-2e3d4de03f2d@group-4033F378C501-SegmentedRaftLog:OPENED:c28,f28,i28, conf=0: [768e87e1-01a1-4abe-adbb-724fc729cfde:192.168.157.219:39557, 0efbdbeb-0caf-4be4-a340-f9adf92e227b:192.168.157.219:42903, db5c95e9-dab2-4d3b-9775-2e3d4de03f2d:192.168.157.219:43472], old=null
2019-09-17 11:51:44,783 [db5c95e9-dab2-4d3b-9775-2e3d4de03f2d@group-4033F378C501:LeaderElection29] INFO  impl.LeaderElection (LogUtils.java:infoOrTrace(149)) -   Exception 0: {}
java.util.concurrent.ExecutionException: org.apache.ratis.thirdparty.io.grpc.StatusRuntimeException: UNAVAILABLE: io exception
	at java.util.concurrent.FutureTask.report(FutureTask.java:122)
	at java.util.concurrent.FutureTask.get(FutureTask.java:192)
	at org.apache.ratis.server.impl.LeaderElection.waitForResults(LeaderElection.java:263)
	at org.apache.ratis.server.impl.LeaderElection.askForVotes(LeaderElection.java:201)
	at org.apache.ratis.server.impl.LeaderElection.run(LeaderElection.java:133)
	at java.lang.Thread.run(Thread.java:748)
Caused by: org.apache.ratis.thirdparty.io.grpc.StatusRuntimeException: UNAVAILABLE: io exception
	at org.apache.ratis.thirdparty.io.grpc.stub.ClientCalls.toStatusRuntimeException(ClientCalls.java:233)
	at org.apache.ratis.thirdparty.io.grpc.stub.ClientCalls.getUnchecked(ClientCalls.java:214)
	at org.apache.ratis.thirdparty.io.grpc.stub.ClientCalls.blockingUnaryCall(ClientCalls.java:139)
	at org.apache.ratis.proto.grpc.RaftServerProtocolServiceGrpc$RaftServerProtocolServiceBlockingStub.requestVote(RaftServerProtocolServiceGrpc.java:265)
	at org.apache.ratis.grpc.server.GrpcServerProtocolClient.requestVote(GrpcServerProtocolClient.java:90)
	at org.apache.ratis.grpc.server.GrpcService.requestVote(GrpcService.java:204)
	at org.apache.ratis.server.impl.LeaderElection.lambda$submitRequests$1(LeaderElection.java:238)
	at java.util.concurrent.FutureTask.run(FutureTask.java:266)
	at java.util.concurrent.Executors$RunnableAdapter.call(Executors.java:511)
	at java.util.concurrent.FutureTask.run(FutureTask.java:266)
	at java.util.concurrent.ThreadPoolExecutor.runWorker(ThreadPoolExecutor.java:1149)
	at java.util.concurrent.ThreadPoolExecutor$Worker.run(ThreadPoolExecutor.java:624)
	... 1 more
Caused by: org.apache.ratis.thirdparty.io.netty.channel.AbstractChannel$AnnotatedConnectException: Connection refused: /192.168.157.219:39557
	at sun.nio.ch.SocketChannelImpl.checkConnect(Native Method)
	at sun.nio.ch.SocketChannelImpl.finishConnect(SocketChannelImpl.java:717)
	at org.apache.ratis.thirdparty.io.netty.channel.socket.nio.NioSocketChannel.doFinishConnect(NioSocketChannel.java:327)
	at org.apache.ratis.thirdparty.io.netty.channel.nio.AbstractNioChannel$AbstractNioUnsafe.finishConnect(AbstractNioChannel.java:340)
	at org.apache.ratis.thirdparty.io.netty.channel.nio.NioEventLoop.processSelectedKey(NioEventLoop.java:632)
	at org.apache.ratis.thirdparty.io.netty.channel.nio.NioEventLoop.processSelectedKeysOptimized(NioEventLoop.java:579)
	at org.apache.ratis.thirdparty.io.netty.channel.nio.NioEventLoop.processSelectedKeys(NioEventLoop.java:496)
	at org.apache.ratis.thirdparty.io.netty.channel.nio.NioEventLoop.run(NioEventLoop.java:458)
	at org.apache.ratis.thirdparty.io.netty.util.concurrent.SingleThreadEventExecutor$5.run(SingleThreadEventExecutor.java:897)
	at org.apache.ratis.thirdparty.io.netty.util.concurrent.FastThreadLocalRunnable.run(FastThreadLocalRunnable.java:30)
	... 1 more
Caused by: java.net.ConnectException: Connection refused
	... 11 more
2019-09-17 11:51:44,784 [db5c95e9-dab2-4d3b-9775-2e3d4de03f2d@group-4033F378C501:LeaderElection29] INFO  impl.LeaderElection (LogUtils.java:infoOrTrace(149)) -   Exception 1: {}
java.util.concurrent.ExecutionException: org.apache.ratis.thirdparty.io.grpc.StatusRuntimeException: UNAVAILABLE: io exception
	at java.util.concurrent.FutureTask.report(FutureTask.java:122)
	at java.util.concurrent.FutureTask.get(FutureTask.java:192)
	at org.apache.ratis.server.impl.LeaderElection.waitForResults(LeaderElection.java:263)
	at org.apache.ratis.server.impl.LeaderElection.askForVotes(LeaderElection.java:201)
	at org.apache.ratis.server.impl.LeaderElection.run(LeaderElection.java:133)
	at java.lang.Thread.run(Thread.java:748)
Caused by: org.apache.ratis.thirdparty.io.grpc.StatusRuntimeException: UNAVAILABLE: io exception
	at org.apache.ratis.thirdparty.io.grpc.stub.ClientCalls.toStatusRuntimeException(ClientCalls.java:233)
	at org.apache.ratis.thirdparty.io.grpc.stub.ClientCalls.getUnchecked(ClientCalls.java:214)
	at org.apache.ratis.thirdparty.io.grpc.stub.ClientCalls.blockingUnaryCall(ClientCalls.java:139)
	at org.apache.ratis.proto.grpc.RaftServerProtocolServiceGrpc$RaftServerProtocolServiceBlockingStub.requestVote(RaftServerProtocolServiceGrpc.java:265)
	at org.apache.ratis.grpc.server.GrpcServerProtocolClient.requestVote(GrpcServerProtocolClient.java:90)
	at org.apache.ratis.grpc.server.GrpcService.requestVote(GrpcService.java:204)
	at org.apache.ratis.server.impl.LeaderElection.lambda$submitRequests$1(LeaderElection.java:238)
	at java.util.concurrent.FutureTask.run(FutureTask.java:266)
	at java.util.concurrent.Executors$RunnableAdapter.call(Executors.java:511)
	at java.util.concurrent.FutureTask.run(FutureTask.java:266)
	at java.util.concurrent.ThreadPoolExecutor.runWorker(ThreadPoolExecutor.java:1149)
	at java.util.concurrent.ThreadPoolExecutor$Worker.run(ThreadPoolExecutor.java:624)
	... 1 more
Caused by: org.apache.ratis.thirdparty.io.netty.channel.AbstractChannel$AnnotatedConnectException: Connection refused: /192.168.157.219:42903
	at sun.nio.ch.SocketChannelImpl.checkConnect(Native Method)
	at sun.nio.ch.SocketChannelImpl.finishConnect(SocketChannelImpl.java:717)
	at org.apache.ratis.thirdparty.io.netty.channel.socket.nio.NioSocketChannel.doFinishConnect(NioSocketChannel.java:327)
	at org.apache.ratis.thirdparty.io.netty.channel.nio.AbstractNioChannel$AbstractNioUnsafe.finishConnect(AbstractNioChannel.java:340)
	at org.apache.ratis.thirdparty.io.netty.channel.nio.NioEventLoop.processSelectedKey(NioEventLoop.java:632)
	at org.apache.ratis.thirdparty.io.netty.channel.nio.NioEventLoop.processSelectedKeysOptimized(NioEventLoop.java:579)
	at org.apache.ratis.thirdparty.io.netty.channel.nio.NioEventLoop.processSelectedKeys(NioEventLoop.java:496)
	at org.apache.ratis.thirdparty.io.netty.channel.nio.NioEventLoop.run(NioEventLoop.java:458)
	at org.apache.ratis.thirdparty.io.netty.util.concurrent.SingleThreadEventExecutor$5.run(SingleThreadEventExecutor.java:897)
	at org.apache.ratis.thirdparty.io.netty.util.concurrent.FastThreadLocalRunnable.run(FastThreadLocalRunnable.java:30)
	... 1 more
Caused by: java.net.ConnectException: Connection refused
	... 11 more
2019-09-17 11:51:44,785 [db5c95e9-dab2-4d3b-9775-2e3d4de03f2d@group-4033F378C501:LeaderElection29] INFO  impl.RaftServerImpl (RaftServerImpl.java:setRole(174)) - db5c95e9-dab2-4d3b-9775-2e3d4de03f2d@group-4033F378C501: changes role from CANDIDATE to FOLLOWER at term 14 for DISCOVERED_A_NEW_TERM
2019-09-17 11:51:44,785 [db5c95e9-dab2-4d3b-9775-2e3d4de03f2d@group-4033F378C501:LeaderElection29] INFO  impl.RoleInfo (RoleInfo.java:shutdownLeaderElection(134)) - db5c95e9-dab2-4d3b-9775-2e3d4de03f2d: shutdown LeaderElection
2019-09-17 11:51:44,785 [db5c95e9-dab2-4d3b-9775-2e3d4de03f2d@group-4033F378C501:LeaderElection29] INFO  impl.RoleInfo (RoleInfo.java:updateAndGet(143)) - db5c95e9-dab2-4d3b-9775-2e3d4de03f2d: start FollowerState
2019-09-17 11:51:44,962 [ee155057-4acb-4f3f-9013-4bd3c5a101b6@group-B3F5A0A8BDBD-SegmentedRaftLogWorker] WARN  segmented.SegmentedRaftLogWorker (SegmentedRaftLogWorker.java:getFromFuture(90)) - Timeout 4/~
org.apache.ratis.protocol.TimeoutIOException: Timeout 10s: WriteLog:17: (t:2, i:17), STATEMACHINELOGENTRY, client-86CC74F3E005, cid=38-writeStateMachineData
	at org.apache.ratis.util.IOUtils.getFromFuture(IOUtils.java:87)
	at org.apache.ratis.server.raftlog.segmented.SegmentedRaftLogWorker$StateMachineDataPolicy.getFromFuture(SegmentedRaftLogWorker.java:87)
	at org.apache.ratis.server.raftlog.segmented.SegmentedRaftLogWorker$WriteLog.execute(SegmentedRaftLogWorker.java:477)
	at org.apache.ratis.server.raftlog.segmented.SegmentedRaftLogWorker.run(SegmentedRaftLogWorker.java:289)
	at java.lang.Thread.run(Thread.java:748)
Caused by: java.util.concurrent.TimeoutException
	at java.util.concurrent.CompletableFuture.timedGet(CompletableFuture.java:1771)
	at java.util.concurrent.CompletableFuture.get(CompletableFuture.java:1915)
	at org.apache.ratis.util.IOUtils.getFromFuture(IOUtils.java:79)
	... 4 more
2019-09-17 11:51:44,984 [java.util.concurrent.ThreadPoolExecutor$Worker@9b33cb9[State = -1, empty queue]] WARN  server.GrpcLogAppender (GrpcLogAppender.java:timeoutAppendRequest(200)) - 166adff3-52d0-4f60-8e58-0e12ed96f4bf@group-012F5F91B630->ab50ed4d-57db-4f38-bd59-74c03932909c-GrpcLogAppender: appendEntries Timeout, request=166adff3-52d0-4f60-8e58-0e12ed96f4bf->ab50ed4d-57db-4f38-bd59-74c03932909c#134-t1, previous=(t:1, i:36), leaderCommit=32, initializing? false, entries: <empty>
2019-09-17 11:51:44,984 [java.util.concurrent.ThreadPoolExecutor$Worker@260d162e[State = -1, empty queue]] WARN  server.GrpcLogAppender (GrpcLogAppender.java:timeoutAppendRequest(200)) - 166adff3-52d0-4f60-8e58-0e12ed96f4bf@group-012F5F91B630->478df2fd-32fa-402c-a09a-4121263fb7de-GrpcLogAppender: appendEntries Timeout, request=166adff3-52d0-4f60-8e58-0e12ed96f4bf->478df2fd-32fa-402c-a09a-4121263fb7de#134-t1, previous=(t:1, i:36), leaderCommit=32, initializing? false, entries: <empty>
2019-09-17 11:51:45,012 [grpc-default-executor-1] INFO  client.GrpcClientProtocolClient (GrpcClientProtocolClient.java:onNext(264)) - client-CC55B186F28B->478df2fd-32fa-402c-a09a-4121263fb7de: receive RaftClientReply:client-CC55B186F28B->478df2fd-32fa-402c-a09a-4121263fb7de@group-012F5F91B630, cid=71, FAILED org.apache.ratis.protocol.NotLeaderException: Server 478df2fd-32fa-402c-a09a-4121263fb7de@group-012F5F91B630 is not the leader 166adff3-52d0-4f60-8e58-0e12ed96f4bf:192.168.157.219:39836, logIndex=0, commits[478df2fd-32fa-402c-a09a-4121263fb7de:c32, ab50ed4d-57db-4f38-bd59-74c03932909c:c28, 166adff3-52d0-4f60-8e58-0e12ed96f4bf:c32]
2019-09-17 11:51:45,072 [533f21c9-6148-4926-981b-3030ea271196@group-B3F5A0A8BDBD-SegmentedRaftLogWorker] WARN  segmented.SegmentedRaftLogWorker (SegmentedRaftLogWorker.java:getFromFuture(90)) - Timeout 4/~
org.apache.ratis.protocol.TimeoutIOException: Timeout 10s: WriteLog:19: (t:2, i:19), STATEMACHINELOGENTRY, client-86CC74F3E005, cid=40-writeStateMachineData
	at org.apache.ratis.util.IOUtils.getFromFuture(IOUtils.java:87)
	at org.apache.ratis.server.raftlog.segmented.SegmentedRaftLogWorker$StateMachineDataPolicy.getFromFuture(SegmentedRaftLogWorker.java:87)
	at org.apache.ratis.server.raftlog.segmented.SegmentedRaftLogWorker$WriteLog.execute(SegmentedRaftLogWorker.java:477)
	at org.apache.ratis.server.raftlog.segmented.SegmentedRaftLogWorker.run(SegmentedRaftLogWorker.java:289)
	at java.lang.Thread.run(Thread.java:748)
Caused by: java.util.concurrent.TimeoutException
	at java.util.concurrent.CompletableFuture.timedGet(CompletableFuture.java:1771)
	at java.util.concurrent.CompletableFuture.get(CompletableFuture.java:1915)
	at org.apache.ratis.util.IOUtils.getFromFuture(IOUtils.java:79)
	... 4 more
2019-09-17 11:51:45,073 [90cc32e6-bdd6-4f93-abb1-bc520dd025bc@group-B3F5A0A8BDBD-SegmentedRaftLogWorker] WARN  segmented.SegmentedRaftLogWorker (SegmentedRaftLogWorker.java:getFromFuture(90)) - Timeout 4/~
org.apache.ratis.protocol.TimeoutIOException: Timeout 10s: WriteLog:19: (t:2, i:19), STATEMACHINELOGENTRY, client-86CC74F3E005, cid=40-writeStateMachineData
	at org.apache.ratis.util.IOUtils.getFromFuture(IOUtils.java:87)
	at org.apache.ratis.server.raftlog.segmented.SegmentedRaftLogWorker$StateMachineDataPolicy.getFromFuture(SegmentedRaftLogWorker.java:87)
	at org.apache.ratis.server.raftlog.segmented.SegmentedRaftLogWorker$WriteLog.execute(SegmentedRaftLogWorker.java:477)
	at org.apache.ratis.server.raftlog.segmented.SegmentedRaftLogWorker.run(SegmentedRaftLogWorker.java:289)
	at java.lang.Thread.run(Thread.java:748)
Caused by: java.util.concurrent.TimeoutException
	at java.util.concurrent.CompletableFuture.timedGet(CompletableFuture.java:1771)
	at java.util.concurrent.CompletableFuture.get(CompletableFuture.java:1915)
	at org.apache.ratis.util.IOUtils.getFromFuture(IOUtils.java:79)
	... 4 more
2019-09-17 11:51:45,139 [java.util.concurrent.ThreadPoolExecutor$Worker@5a9b47f8[State = -1, empty queue]] WARN  server.GrpcLogAppender (GrpcLogAppender.java:timeoutAppendRequest(200)) - ee155057-4acb-4f3f-9013-4bd3c5a101b6@group-B3F5A0A8BDBD->90cc32e6-bdd6-4f93-abb1-bc520dd025bc-GrpcLogAppender: appendEntries Timeout, request=ee155057-4acb-4f3f-9013-4bd3c5a101b6->90cc32e6-bdd6-4f93-abb1-bc520dd025bc#118-t2, previous=(t:2, i:20), leaderCommit=16, initializing? false, entries: <empty>
2019-09-17 11:51:45,139 [java.util.concurrent.ThreadPoolExecutor$Worker@3cd8d43b[State = -1, empty queue]] WARN  server.GrpcLogAppender (GrpcLogAppender.java:timeoutAppendRequest(200)) - ee155057-4acb-4f3f-9013-4bd3c5a101b6@group-B3F5A0A8BDBD->533f21c9-6148-4926-981b-3030ea271196-GrpcLogAppender: appendEntries Timeout, request=ee155057-4acb-4f3f-9013-4bd3c5a101b6->533f21c9-6148-4926-981b-3030ea271196#118-t2, previous=(t:2, i:20), leaderCommit=16, initializing? false, entries: <empty>
2019-09-17 11:51:45,484 [java.util.concurrent.ThreadPoolExecutor$Worker@9b33cb9[State = -1, empty queue]] WARN  server.GrpcLogAppender (GrpcLogAppender.java:timeoutAppendRequest(200)) - 166adff3-52d0-4f60-8e58-0e12ed96f4bf@group-012F5F91B630->ab50ed4d-57db-4f38-bd59-74c03932909c-GrpcLogAppender: appendEntries Timeout, request=166adff3-52d0-4f60-8e58-0e12ed96f4bf->ab50ed4d-57db-4f38-bd59-74c03932909c#135-t1, previous=(t:1, i:36), leaderCommit=32, initializing? false, entries: <empty>
2019-09-17 11:51:45,485 [java.util.concurrent.ThreadPoolExecutor$Worker@260d162e[State = -1, empty queue]] WARN  server.GrpcLogAppender (GrpcLogAppender.java:timeoutAppendRequest(200)) - 166adff3-52d0-4f60-8e58-0e12ed96f4bf@group-012F5F91B630->478df2fd-32fa-402c-a09a-4121263fb7de-GrpcLogAppender: appendEntries Timeout, request=166adff3-52d0-4f60-8e58-0e12ed96f4bf->478df2fd-32fa-402c-a09a-4121263fb7de#135-t1, previous=(t:1, i:36), leaderCommit=32, initializing? false, entries: <empty>
2019-09-17 11:51:45,642 [java.util.concurrent.ThreadPoolExecutor$Worker@3cd8d43b[State = -1, empty queue]] WARN  server.GrpcLogAppender (GrpcLogAppender.java:timeoutAppendRequest(200)) - ee155057-4acb-4f3f-9013-4bd3c5a101b6@group-B3F5A0A8BDBD->533f21c9-6148-4926-981b-3030ea271196-GrpcLogAppender: appendEntries Timeout, request=ee155057-4acb-4f3f-9013-4bd3c5a101b6->533f21c9-6148-4926-981b-3030ea271196#119-t2, previous=(t:2, i:20), leaderCommit=16, initializing? false, entries: <empty>
2019-09-17 11:51:45,642 [java.util.concurrent.ThreadPoolExecutor$Worker@5a9b47f8[State = -1, empty queue]] WARN  server.GrpcLogAppender (GrpcLogAppender.java:timeoutAppendRequest(200)) - ee155057-4acb-4f3f-9013-4bd3c5a101b6@group-B3F5A0A8BDBD->90cc32e6-bdd6-4f93-abb1-bc520dd025bc-GrpcLogAppender: appendEntries Timeout, request=ee155057-4acb-4f3f-9013-4bd3c5a101b6->90cc32e6-bdd6-4f93-abb1-bc520dd025bc#119-t2, previous=(t:2, i:20), leaderCommit=16, initializing? false, entries: <empty>
2019-09-17 11:51:45,908 [Thread-1281] INFO  impl.FollowerState (FollowerState.java:run(106)) - db5c95e9-dab2-4d3b-9775-2e3d4de03f2d:group-4033F378C501 changes to CANDIDATE, lastRpcTime:1122, electionTimeout:1122ms
2019-09-17 11:51:45,908 [Thread-1281] INFO  impl.RoleInfo (RoleInfo.java:shutdownFollowerState(121)) - db5c95e9-dab2-4d3b-9775-2e3d4de03f2d: shutdown FollowerState
2019-09-17 11:51:45,908 [Thread-1281] INFO  impl.RaftServerImpl (RaftServerImpl.java:setRole(174)) - db5c95e9-dab2-4d3b-9775-2e3d4de03f2d@group-4033F378C501: changes role from  FOLLOWER to CANDIDATE at term 14 for changeToCandidate
2019-09-17 11:51:45,908 [Thread-1281] INFO  impl.RoleInfo (RoleInfo.java:updateAndGet(143)) - db5c95e9-dab2-4d3b-9775-2e3d4de03f2d: start LeaderElection
2019-09-17 11:51:45,934 [db5c95e9-dab2-4d3b-9775-2e3d4de03f2d@group-4033F378C501:LeaderElection30] INFO  impl.LeaderElection (LeaderElection.java:askForVotes(182)) - db5c95e9-dab2-4d3b-9775-2e3d4de03f2d@group-4033F378C501:LeaderElection30: begin an election at term 15 for 0: [768e87e1-01a1-4abe-adbb-724fc729cfde:192.168.157.219:39557, 0efbdbeb-0caf-4be4-a340-f9adf92e227b:192.168.157.219:42903, db5c95e9-dab2-4d3b-9775-2e3d4de03f2d:192.168.157.219:43472], old=null
2019-09-17 11:51:45,935 [db5c95e9-dab2-4d3b-9775-2e3d4de03f2d@group-4033F378C501:LeaderElection30] INFO  impl.LeaderElection (LogUtils.java:infoOrTrace(149)) - db5c95e9-dab2-4d3b-9775-2e3d4de03f2d@group-4033F378C501:LeaderElection30 got exception when requesting votes: {}
java.util.concurrent.ExecutionException: org.apache.ratis.thirdparty.io.grpc.StatusRuntimeException: UNAVAILABLE: io exception
	at java.util.concurrent.FutureTask.report(FutureTask.java:122)
	at java.util.concurrent.FutureTask.get(FutureTask.java:192)
	at org.apache.ratis.server.impl.LeaderElection.waitForResults(LeaderElection.java:263)
	at org.apache.ratis.server.impl.LeaderElection.askForVotes(LeaderElection.java:201)
	at org.apache.ratis.server.impl.LeaderElection.run(LeaderElection.java:133)
	at java.lang.Thread.run(Thread.java:748)
Caused by: org.apache.ratis.thirdparty.io.grpc.StatusRuntimeException: UNAVAILABLE: io exception
	at org.apache.ratis.thirdparty.io.grpc.stub.ClientCalls.toStatusRuntimeException(ClientCalls.java:233)
	at org.apache.ratis.thirdparty.io.grpc.stub.ClientCalls.getUnchecked(ClientCalls.java:214)
	at org.apache.ratis.thirdparty.io.grpc.stub.ClientCalls.blockingUnaryCall(ClientCalls.java:139)
	at org.apache.ratis.proto.grpc.RaftServerProtocolServiceGrpc$RaftServerProtocolServiceBlockingStub.requestVote(RaftServerProtocolServiceGrpc.java:265)
	at org.apache.ratis.grpc.server.GrpcServerProtocolClient.requestVote(GrpcServerProtocolClient.java:90)
	at org.apache.ratis.grpc.server.GrpcService.requestVote(GrpcService.java:204)
	at org.apache.ratis.server.impl.LeaderElection.lambda$submitRequests$1(LeaderElection.java:238)
	at java.util.concurrent.FutureTask.run(FutureTask.java:266)
	at java.util.concurrent.Executors$RunnableAdapter.call(Executors.java:511)
	at java.util.concurrent.FutureTask.run(FutureTask.java:266)
	at java.util.concurrent.ThreadPoolExecutor.runWorker(ThreadPoolExecutor.java:1149)
	at java.util.concurrent.ThreadPoolExecutor$Worker.run(ThreadPoolExecutor.java:624)
	... 1 more
Caused by: org.apache.ratis.thirdparty.io.netty.channel.AbstractChannel$AnnotatedConnectException: Connection refused: /192.168.157.219:39557
	at sun.nio.ch.SocketChannelImpl.checkConnect(Native Method)
	at sun.nio.ch.SocketChannelImpl.finishConnect(SocketChannelImpl.java:717)
	at org.apache.ratis.thirdparty.io.netty.channel.socket.nio.NioSocketChannel.doFinishConnect(NioSocketChannel.java:327)
	at org.apache.ratis.thirdparty.io.netty.channel.nio.AbstractNioChannel$AbstractNioUnsafe.finishConnect(AbstractNioChannel.java:340)
	at org.apache.ratis.thirdparty.io.netty.channel.nio.NioEventLoop.processSelectedKey(NioEventLoop.java:632)
	at org.apache.ratis.thirdparty.io.netty.channel.nio.NioEventLoop.processSelectedKeysOptimized(NioEventLoop.java:579)
	at org.apache.ratis.thirdparty.io.netty.channel.nio.NioEventLoop.processSelectedKeys(NioEventLoop.java:496)
	at org.apache.ratis.thirdparty.io.netty.channel.nio.NioEventLoop.run(NioEventLoop.java:458)
	at org.apache.ratis.thirdparty.io.netty.util.concurrent.SingleThreadEventExecutor$5.run(SingleThreadEventExecutor.java:897)
	at org.apache.ratis.thirdparty.io.netty.util.concurrent.FastThreadLocalRunnable.run(FastThreadLocalRunnable.java:30)
	... 1 more
Caused by: java.net.ConnectException: Connection refused
	... 11 more
2019-09-17 11:51:45,939 [db5c95e9-dab2-4d3b-9775-2e3d4de03f2d@group-4033F378C501:LeaderElection30] INFO  impl.LeaderElection (LogUtils.java:infoOrTrace(149)) - db5c95e9-dab2-4d3b-9775-2e3d4de03f2d@group-4033F378C501:LeaderElection30 got exception when requesting votes: {}
java.util.concurrent.ExecutionException: org.apache.ratis.thirdparty.io.grpc.StatusRuntimeException: UNAVAILABLE: io exception
	at java.util.concurrent.FutureTask.report(FutureTask.java:122)
	at java.util.concurrent.FutureTask.get(FutureTask.java:192)
	at org.apache.ratis.server.impl.LeaderElection.waitForResults(LeaderElection.java:263)
	at org.apache.ratis.server.impl.LeaderElection.askForVotes(LeaderElection.java:201)
	at org.apache.ratis.server.impl.LeaderElection.run(LeaderElection.java:133)
	at java.lang.Thread.run(Thread.java:748)
Caused by: org.apache.ratis.thirdparty.io.grpc.StatusRuntimeException: UNAVAILABLE: io exception
	at org.apache.ratis.thirdparty.io.grpc.stub.ClientCalls.toStatusRuntimeException(ClientCalls.java:233)
	at org.apache.ratis.thirdparty.io.grpc.stub.ClientCalls.getUnchecked(ClientCalls.java:214)
	at org.apache.ratis.thirdparty.io.grpc.stub.ClientCalls.blockingUnaryCall(ClientCalls.java:139)
	at org.apache.ratis.proto.grpc.RaftServerProtocolServiceGrpc$RaftServerProtocolServiceBlockingStub.requestVote(RaftServerProtocolServiceGrpc.java:265)
	at org.apache.ratis.grpc.server.GrpcServerProtocolClient.requestVote(GrpcServerProtocolClient.java:90)
	at org.apache.ratis.grpc.server.GrpcService.requestVote(GrpcService.java:204)
	at org.apache.ratis.server.impl.LeaderElection.lambda$submitRequests$1(LeaderElection.java:238)
	at java.util.concurrent.FutureTask.run(FutureTask.java:266)
	at java.util.concurrent.Executors$RunnableAdapter.call(Executors.java:511)
	at java.util.concurrent.FutureTask.run(FutureTask.java:266)
	at java.util.concurrent.ThreadPoolExecutor.runWorker(ThreadPoolExecutor.java:1149)
	at java.util.concurrent.ThreadPoolExecutor$Worker.run(ThreadPoolExecutor.java:624)
	... 1 more
Caused by: org.apache.ratis.thirdparty.io.netty.channel.AbstractChannel$AnnotatedConnectException: Connection refused: /192.168.157.219:42903
	at sun.nio.ch.SocketChannelImpl.checkConnect(Native Method)
	at sun.nio.ch.SocketChannelImpl.finishConnect(SocketChannelImpl.java:717)
	at org.apache.ratis.thirdparty.io.netty.channel.socket.nio.NioSocketChannel.doFinishConnect(NioSocketChannel.java:327)
	at org.apache.ratis.thirdparty.io.netty.channel.nio.AbstractNioChannel$AbstractNioUnsafe.finishConnect(AbstractNioChannel.java:340)
	at org.apache.ratis.thirdparty.io.netty.channel.nio.NioEventLoop.processSelectedKey(NioEventLoop.java:632)
	at org.apache.ratis.thirdparty.io.netty.channel.nio.NioEventLoop.processSelectedKeysOptimized(NioEventLoop.java:579)
	at org.apache.ratis.thirdparty.io.netty.channel.nio.NioEventLoop.processSelectedKeys(NioEventLoop.java:496)
	at org.apache.ratis.thirdparty.io.netty.channel.nio.NioEventLoop.run(NioEventLoop.java:458)
	at org.apache.ratis.thirdparty.io.netty.util.concurrent.SingleThreadEventExecutor$5.run(SingleThreadEventExecutor.java:897)
	at org.apache.ratis.thirdparty.io.netty.util.concurrent.FastThreadLocalRunnable.run(FastThreadLocalRunnable.java:30)
	... 1 more
Caused by: java.net.ConnectException: Connection refused
	... 11 more
2019-09-17 11:51:45,942 [db5c95e9-dab2-4d3b-9775-2e3d4de03f2d@group-4033F378C501:LeaderElection30] INFO  impl.LeaderElection (LeaderElection.java:logAndReturn(56)) - db5c95e9-dab2-4d3b-9775-2e3d4de03f2d@group-4033F378C501:LeaderElection30: Election REJECTED; received 0 response(s) [] and 2 exception(s); db5c95e9-dab2-4d3b-9775-2e3d4de03f2d@group-4033F378C501:t15, leader=null, voted=db5c95e9-dab2-4d3b-9775-2e3d4de03f2d, raftlog=db5c95e9-dab2-4d3b-9775-2e3d4de03f2d@group-4033F378C501-SegmentedRaftLog:OPENED:c28,f28,i28, conf=0: [768e87e1-01a1-4abe-adbb-724fc729cfde:192.168.157.219:39557, 0efbdbeb-0caf-4be4-a340-f9adf92e227b:192.168.157.219:42903, db5c95e9-dab2-4d3b-9775-2e3d4de03f2d:192.168.157.219:43472], old=null
2019-09-17 11:51:45,942 [db5c95e9-dab2-4d3b-9775-2e3d4de03f2d@group-4033F378C501:LeaderElection30] INFO  impl.LeaderElection (LogUtils.java:infoOrTrace(149)) -   Exception 0: {}
java.util.concurrent.ExecutionException: org.apache.ratis.thirdparty.io.grpc.StatusRuntimeException: UNAVAILABLE: io exception
	at java.util.concurrent.FutureTask.report(FutureTask.java:122)
	at java.util.concurrent.FutureTask.get(FutureTask.java:192)
	at org.apache.ratis.server.impl.LeaderElection.waitForResults(LeaderElection.java:263)
	at org.apache.ratis.server.impl.LeaderElection.askForVotes(LeaderElection.java:201)
	at org.apache.ratis.server.impl.LeaderElection.run(LeaderElection.java:133)
	at java.lang.Thread.run(Thread.java:748)
Caused by: org.apache.ratis.thirdparty.io.grpc.StatusRuntimeException: UNAVAILABLE: io exception
	at org.apache.ratis.thirdparty.io.grpc.stub.ClientCalls.toStatusRuntimeException(ClientCalls.java:233)
	at org.apache.ratis.thirdparty.io.grpc.stub.ClientCalls.getUnchecked(ClientCalls.java:214)
	at org.apache.ratis.thirdparty.io.grpc.stub.ClientCalls.blockingUnaryCall(ClientCalls.java:139)
	at org.apache.ratis.proto.grpc.RaftServerProtocolServiceGrpc$RaftServerProtocolServiceBlockingStub.requestVote(RaftServerProtocolServiceGrpc.java:265)
	at org.apache.ratis.grpc.server.GrpcServerProtocolClient.requestVote(GrpcServerProtocolClient.java:90)
	at org.apache.ratis.grpc.server.GrpcService.requestVote(GrpcService.java:204)
	at org.apache.ratis.server.impl.LeaderElection.lambda$submitRequests$1(LeaderElection.java:238)
	at java.util.concurrent.FutureTask.run(FutureTask.java:266)
	at java.util.concurrent.Executors$RunnableAdapter.call(Executors.java:511)
	at java.util.concurrent.FutureTask.run(FutureTask.java:266)
	at java.util.concurrent.ThreadPoolExecutor.runWorker(ThreadPoolExecutor.java:1149)
	at java.util.concurrent.ThreadPoolExecutor$Worker.run(ThreadPoolExecutor.java:624)
	... 1 more
Caused by: org.apache.ratis.thirdparty.io.netty.channel.AbstractChannel$AnnotatedConnectException: Connection refused: /192.168.157.219:39557
	at sun.nio.ch.SocketChannelImpl.checkConnect(Native Method)
	at sun.nio.ch.SocketChannelImpl.finishConnect(SocketChannelImpl.java:717)
	at org.apache.ratis.thirdparty.io.netty.channel.socket.nio.NioSocketChannel.doFinishConnect(NioSocketChannel.java:327)
	at org.apache.ratis.thirdparty.io.netty.channel.nio.AbstractNioChannel$AbstractNioUnsafe.finishConnect(AbstractNioChannel.java:340)
	at org.apache.ratis.thirdparty.io.netty.channel.nio.NioEventLoop.processSelectedKey(NioEventLoop.java:632)
	at org.apache.ratis.thirdparty.io.netty.channel.nio.NioEventLoop.processSelectedKeysOptimized(NioEventLoop.java:579)
	at org.apache.ratis.thirdparty.io.netty.channel.nio.NioEventLoop.processSelectedKeys(NioEventLoop.java:496)
	at org.apache.ratis.thirdparty.io.netty.channel.nio.NioEventLoop.run(NioEventLoop.java:458)
	at org.apache.ratis.thirdparty.io.netty.util.concurrent.SingleThreadEventExecutor$5.run(SingleThreadEventExecutor.java:897)
	at org.apache.ratis.thirdparty.io.netty.util.concurrent.FastThreadLocalRunnable.run(FastThreadLocalRunnable.java:30)
	... 1 more
Caused by: java.net.ConnectException: Connection refused
	... 11 more
2019-09-17 11:51:45,943 [db5c95e9-dab2-4d3b-9775-2e3d4de03f2d@group-4033F378C501:LeaderElection30] INFO  impl.LeaderElection (LogUtils.java:infoOrTrace(149)) -   Exception 1: {}
java.util.concurrent.ExecutionException: org.apache.ratis.thirdparty.io.grpc.StatusRuntimeException: UNAVAILABLE: io exception
	at java.util.concurrent.FutureTask.report(FutureTask.java:122)
	at java.util.concurrent.FutureTask.get(FutureTask.java:192)
	at org.apache.ratis.server.impl.LeaderElection.waitForResults(LeaderElection.java:263)
	at org.apache.ratis.server.impl.LeaderElection.askForVotes(LeaderElection.java:201)
	at org.apache.ratis.server.impl.LeaderElection.run(LeaderElection.java:133)
	at java.lang.Thread.run(Thread.java:748)
Caused by: org.apache.ratis.thirdparty.io.grpc.StatusRuntimeException: UNAVAILABLE: io exception
	at org.apache.ratis.thirdparty.io.grpc.stub.ClientCalls.toStatusRuntimeException(ClientCalls.java:233)
	at org.apache.ratis.thirdparty.io.grpc.stub.ClientCalls.getUnchecked(ClientCalls.java:214)
	at org.apache.ratis.thirdparty.io.grpc.stub.ClientCalls.blockingUnaryCall(ClientCalls.java:139)
	at org.apache.ratis.proto.grpc.RaftServerProtocolServiceGrpc$RaftServerProtocolServiceBlockingStub.requestVote(RaftServerProtocolServiceGrpc.java:265)
	at org.apache.ratis.grpc.server.GrpcServerProtocolClient.requestVote(GrpcServerProtocolClient.java:90)
	at org.apache.ratis.grpc.server.GrpcService.requestVote(GrpcService.java:204)
	at org.apache.ratis.server.impl.LeaderElection.lambda$submitRequests$1(LeaderElection.java:238)
	at java.util.concurrent.FutureTask.run(FutureTask.java:266)
	at java.util.concurrent.Executors$RunnableAdapter.call(Executors.java:511)
	at java.util.concurrent.FutureTask.run(FutureTask.java:266)
	at java.util.concurrent.ThreadPoolExecutor.runWorker(ThreadPoolExecutor.java:1149)
	at java.util.concurrent.ThreadPoolExecutor$Worker.run(ThreadPoolExecutor.java:624)
	... 1 more
Caused by: org.apache.ratis.thirdparty.io.netty.channel.AbstractChannel$AnnotatedConnectException: Connection refused: /192.168.157.219:42903
	at sun.nio.ch.SocketChannelImpl.checkConnect(Native Method)
	at sun.nio.ch.SocketChannelImpl.finishConnect(SocketChannelImpl.java:717)
	at org.apache.ratis.thirdparty.io.netty.channel.socket.nio.NioSocketChannel.doFinishConnect(NioSocketChannel.java:327)
	at org.apache.ratis.thirdparty.io.netty.channel.nio.AbstractNioChannel$AbstractNioUnsafe.finishConnect(AbstractNioChannel.java:340)
	at org.apache.ratis.thirdparty.io.netty.channel.nio.NioEventLoop.processSelectedKey(NioEventLoop.java:632)
	at org.apache.ratis.thirdparty.io.netty.channel.nio.NioEventLoop.processSelectedKeysOptimized(NioEventLoop.java:579)
	at org.apache.ratis.thirdparty.io.netty.channel.nio.NioEventLoop.processSelectedKeys(NioEventLoop.java:496)
	at org.apache.ratis.thirdparty.io.netty.channel.nio.NioEventLoop.run(NioEventLoop.java:458)
	at org.apache.ratis.thirdparty.io.netty.util.concurrent.SingleThreadEventExecutor$5.run(SingleThreadEventExecutor.java:897)
	at org.apache.ratis.thirdparty.io.netty.util.concurrent.FastThreadLocalRunnable.run(FastThreadLocalRunnable.java:30)
	... 1 more
Caused by: java.net.ConnectException: Connection refused
	... 11 more
2019-09-17 11:51:45,943 [db5c95e9-dab2-4d3b-9775-2e3d4de03f2d@group-4033F378C501:LeaderElection30] INFO  impl.RaftServerImpl (RaftServerImpl.java:setRole(174)) - db5c95e9-dab2-4d3b-9775-2e3d4de03f2d@group-4033F378C501: changes role from CANDIDATE to FOLLOWER at term 15 for DISCOVERED_A_NEW_TERM
2019-09-17 11:51:45,944 [db5c95e9-dab2-4d3b-9775-2e3d4de03f2d@group-4033F378C501:LeaderElection30] INFO  impl.RoleInfo (RoleInfo.java:shutdownLeaderElection(134)) - db5c95e9-dab2-4d3b-9775-2e3d4de03f2d: shutdown LeaderElection
2019-09-17 11:51:45,944 [db5c95e9-dab2-4d3b-9775-2e3d4de03f2d@group-4033F378C501:LeaderElection30] INFO  impl.RoleInfo (RoleInfo.java:updateAndGet(143)) - db5c95e9-dab2-4d3b-9775-2e3d4de03f2d: start FollowerState
2019-09-17 11:51:45,985 [java.util.concurrent.ThreadPoolExecutor$Worker@260d162e[State = -1, empty queue]] WARN  server.GrpcLogAppender (GrpcLogAppender.java:timeoutAppendRequest(200)) - 166adff3-52d0-4f60-8e58-0e12ed96f4bf@group-012F5F91B630->478df2fd-32fa-402c-a09a-4121263fb7de-GrpcLogAppender: appendEntries Timeout, request=166adff3-52d0-4f60-8e58-0e12ed96f4bf->478df2fd-32fa-402c-a09a-4121263fb7de#136-t1, previous=(t:1, i:36), leaderCommit=32, initializing? false, entries: <empty>
2019-09-17 11:51:45,985 [java.util.concurrent.ThreadPoolExecutor$Worker@9b33cb9[State = -1, empty queue]] WARN  server.GrpcLogAppender (GrpcLogAppender.java:timeoutAppendRequest(200)) - 166adff3-52d0-4f60-8e58-0e12ed96f4bf@group-012F5F91B630->ab50ed4d-57db-4f38-bd59-74c03932909c-GrpcLogAppender: appendEntries Timeout, request=166adff3-52d0-4f60-8e58-0e12ed96f4bf->ab50ed4d-57db-4f38-bd59-74c03932909c#136-t1, previous=(t:1, i:36), leaderCommit=32, initializing? false, entries: <empty>
2019-09-17 11:51:46,142 [java.util.concurrent.ThreadPoolExecutor$Worker@5a9b47f8[State = -1, empty queue]] WARN  server.GrpcLogAppender (GrpcLogAppender.java:timeoutAppendRequest(200)) - ee155057-4acb-4f3f-9013-4bd3c5a101b6@group-B3F5A0A8BDBD->90cc32e6-bdd6-4f93-abb1-bc520dd025bc-GrpcLogAppender: appendEntries Timeout, request=ee155057-4acb-4f3f-9013-4bd3c5a101b6->90cc32e6-bdd6-4f93-abb1-bc520dd025bc#120-t2, previous=(t:2, i:20), leaderCommit=16, initializing? false, entries: <empty>
2019-09-17 11:51:46,142 [java.util.concurrent.ThreadPoolExecutor$Worker@3cd8d43b[State = -1, empty queue]] WARN  server.GrpcLogAppender (GrpcLogAppender.java:timeoutAppendRequest(200)) - ee155057-4acb-4f3f-9013-4bd3c5a101b6@group-B3F5A0A8BDBD->533f21c9-6148-4926-981b-3030ea271196-GrpcLogAppender: appendEntries Timeout, request=ee155057-4acb-4f3f-9013-4bd3c5a101b6->533f21c9-6148-4926-981b-3030ea271196#120-t2, previous=(t:2, i:20), leaderCommit=16, initializing? false, entries: <empty>
2019-09-17 11:51:46,485 [java.util.concurrent.ThreadPoolExecutor$Worker@260d162e[State = -1, empty queue]] WARN  server.GrpcLogAppender (GrpcLogAppender.java:timeoutAppendRequest(200)) - 166adff3-52d0-4f60-8e58-0e12ed96f4bf@group-012F5F91B630->478df2fd-32fa-402c-a09a-4121263fb7de-GrpcLogAppender: appendEntries Timeout, request=166adff3-52d0-4f60-8e58-0e12ed96f4bf->478df2fd-32fa-402c-a09a-4121263fb7de#137-t1, previous=(t:1, i:36), leaderCommit=32, initializing? false, entries: <empty>
2019-09-17 11:51:46,485 [java.util.concurrent.ThreadPoolExecutor$Worker@9b33cb9[State = -1, empty queue]] WARN  server.GrpcLogAppender (GrpcLogAppender.java:timeoutAppendRequest(200)) - 166adff3-52d0-4f60-8e58-0e12ed96f4bf@group-012F5F91B630->ab50ed4d-57db-4f38-bd59-74c03932909c-GrpcLogAppender: appendEntries Timeout, request=166adff3-52d0-4f60-8e58-0e12ed96f4bf->ab50ed4d-57db-4f38-bd59-74c03932909c#137-t1, previous=(t:1, i:36), leaderCommit=32, initializing? false, entries: <empty>
2019-09-17 11:51:46,642 [java.util.concurrent.ThreadPoolExecutor$Worker@3cd8d43b[State = -1, empty queue]] WARN  server.GrpcLogAppender (GrpcLogAppender.java:timeoutAppendRequest(200)) - ee155057-4acb-4f3f-9013-4bd3c5a101b6@group-B3F5A0A8BDBD->533f21c9-6148-4926-981b-3030ea271196-GrpcLogAppender: appendEntries Timeout, request=ee155057-4acb-4f3f-9013-4bd3c5a101b6->533f21c9-6148-4926-981b-3030ea271196#121-t2, previous=(t:2, i:20), leaderCommit=16, initializing? false, entries: <empty>
2019-09-17 11:51:46,642 [java.util.concurrent.ThreadPoolExecutor$Worker@5a9b47f8[State = -1, empty queue]] WARN  server.GrpcLogAppender (GrpcLogAppender.java:timeoutAppendRequest(200)) - ee155057-4acb-4f3f-9013-4bd3c5a101b6@group-B3F5A0A8BDBD->90cc32e6-bdd6-4f93-abb1-bc520dd025bc-GrpcLogAppender: appendEntries Timeout, request=ee155057-4acb-4f3f-9013-4bd3c5a101b6->90cc32e6-bdd6-4f93-abb1-bc520dd025bc#121-t2, previous=(t:2, i:20), leaderCommit=16, initializing? false, entries: <empty>
2019-09-17 11:51:46,992 [Thread-1296] INFO  impl.FollowerState (FollowerState.java:run(106)) - db5c95e9-dab2-4d3b-9775-2e3d4de03f2d:group-4033F378C501 changes to CANDIDATE, lastRpcTime:1048, electionTimeout:1048ms
2019-09-17 11:51:46,993 [Thread-1296] INFO  impl.RoleInfo (RoleInfo.java:shutdownFollowerState(121)) - db5c95e9-dab2-4d3b-9775-2e3d4de03f2d: shutdown FollowerState
2019-09-17 11:51:46,993 [Thread-1296] INFO  impl.RaftServerImpl (RaftServerImpl.java:setRole(174)) - db5c95e9-dab2-4d3b-9775-2e3d4de03f2d@group-4033F378C501: changes role from  FOLLOWER to CANDIDATE at term 15 for changeToCandidate
2019-09-17 11:51:46,993 [Thread-1296] INFO  impl.RoleInfo (RoleInfo.java:updateAndGet(143)) - db5c95e9-dab2-4d3b-9775-2e3d4de03f2d: start LeaderElection
2019-09-17 11:51:46,996 [java.util.concurrent.ThreadPoolExecutor$Worker@260d162e[State = -1, empty queue]] WARN  server.GrpcLogAppender (GrpcLogAppender.java:timeoutAppendRequest(200)) - 166adff3-52d0-4f60-8e58-0e12ed96f4bf@group-012F5F91B630->478df2fd-32fa-402c-a09a-4121263fb7de-GrpcLogAppender: appendEntries Timeout, request=166adff3-52d0-4f60-8e58-0e12ed96f4bf->478df2fd-32fa-402c-a09a-4121263fb7de#138-t1, previous=(t:1, i:36), leaderCommit=32, initializing? false, entries: <empty>
2019-09-17 11:51:46,996 [java.util.concurrent.ThreadPoolExecutor$Worker@9b33cb9[State = -1, empty queue]] WARN  server.GrpcLogAppender (GrpcLogAppender.java:timeoutAppendRequest(200)) - 166adff3-52d0-4f60-8e58-0e12ed96f4bf@group-012F5F91B630->ab50ed4d-57db-4f38-bd59-74c03932909c-GrpcLogAppender: appendEntries Timeout, request=166adff3-52d0-4f60-8e58-0e12ed96f4bf->ab50ed4d-57db-4f38-bd59-74c03932909c#138-t1, previous=(t:1, i:36), leaderCommit=32, initializing? false, entries: <empty>
2019-09-17 11:51:47,011 [db5c95e9-dab2-4d3b-9775-2e3d4de03f2d@group-4033F378C501:LeaderElection31] INFO  impl.LeaderElection (LeaderElection.java:askForVotes(182)) - db5c95e9-dab2-4d3b-9775-2e3d4de03f2d@group-4033F378C501:LeaderElection31: begin an election at term 16 for 0: [768e87e1-01a1-4abe-adbb-724fc729cfde:192.168.157.219:39557, 0efbdbeb-0caf-4be4-a340-f9adf92e227b:192.168.157.219:42903, db5c95e9-dab2-4d3b-9775-2e3d4de03f2d:192.168.157.219:43472], old=null
2019-09-17 11:51:47,012 [db5c95e9-dab2-4d3b-9775-2e3d4de03f2d@group-4033F378C501:LeaderElection31] INFO  impl.LeaderElection (LogUtils.java:infoOrTrace(149)) - db5c95e9-dab2-4d3b-9775-2e3d4de03f2d@group-4033F378C501:LeaderElection31 got exception when requesting votes: {}
java.util.concurrent.ExecutionException: org.apache.ratis.thirdparty.io.grpc.StatusRuntimeException: UNAVAILABLE: io exception
	at java.util.concurrent.FutureTask.report(FutureTask.java:122)
	at java.util.concurrent.FutureTask.get(FutureTask.java:192)
	at org.apache.ratis.server.impl.LeaderElection.waitForResults(LeaderElection.java:263)
	at org.apache.ratis.server.impl.LeaderElection.askForVotes(LeaderElection.java:201)
	at org.apache.ratis.server.impl.LeaderElection.run(LeaderElection.java:133)
	at java.lang.Thread.run(Thread.java:748)
Caused by: org.apache.ratis.thirdparty.io.grpc.StatusRuntimeException: UNAVAILABLE: io exception
	at org.apache.ratis.thirdparty.io.grpc.stub.ClientCalls.toStatusRuntimeException(ClientCalls.java:233)
	at org.apache.ratis.thirdparty.io.grpc.stub.ClientCalls.getUnchecked(ClientCalls.java:214)
	at org.apache.ratis.thirdparty.io.grpc.stub.ClientCalls.blockingUnaryCall(ClientCalls.java:139)
	at org.apache.ratis.proto.grpc.RaftServerProtocolServiceGrpc$RaftServerProtocolServiceBlockingStub.requestVote(RaftServerProtocolServiceGrpc.java:265)
	at org.apache.ratis.grpc.server.GrpcServerProtocolClient.requestVote(GrpcServerProtocolClient.java:90)
	at org.apache.ratis.grpc.server.GrpcService.requestVote(GrpcService.java:204)
	at org.apache.ratis.server.impl.LeaderElection.lambda$submitRequests$1(LeaderElection.java:238)
	at java.util.concurrent.FutureTask.run(FutureTask.java:266)
	at java.util.concurrent.Executors$RunnableAdapter.call(Executors.java:511)
	at java.util.concurrent.FutureTask.run(FutureTask.java:266)
	at java.util.concurrent.ThreadPoolExecutor.runWorker(ThreadPoolExecutor.java:1149)
	at java.util.concurrent.ThreadPoolExecutor$Worker.run(ThreadPoolExecutor.java:624)
	... 1 more
Caused by: org.apache.ratis.thirdparty.io.netty.channel.AbstractChannel$AnnotatedConnectException: Connection refused: /192.168.157.219:39557
	at sun.nio.ch.SocketChannelImpl.checkConnect(Native Method)
	at sun.nio.ch.SocketChannelImpl.finishConnect(SocketChannelImpl.java:717)
	at org.apache.ratis.thirdparty.io.netty.channel.socket.nio.NioSocketChannel.doFinishConnect(NioSocketChannel.java:327)
	at org.apache.ratis.thirdparty.io.netty.channel.nio.AbstractNioChannel$AbstractNioUnsafe.finishConnect(AbstractNioChannel.java:340)
	at org.apache.ratis.thirdparty.io.netty.channel.nio.NioEventLoop.processSelectedKey(NioEventLoop.java:632)
	at org.apache.ratis.thirdparty.io.netty.channel.nio.NioEventLoop.processSelectedKeysOptimized(NioEventLoop.java:579)
	at org.apache.ratis.thirdparty.io.netty.channel.nio.NioEventLoop.processSelectedKeys(NioEventLoop.java:496)
	at org.apache.ratis.thirdparty.io.netty.channel.nio.NioEventLoop.run(NioEventLoop.java:458)
	at org.apache.ratis.thirdparty.io.netty.util.concurrent.SingleThreadEventExecutor$5.run(SingleThreadEventExecutor.java:897)
	at org.apache.ratis.thirdparty.io.netty.util.concurrent.FastThreadLocalRunnable.run(FastThreadLocalRunnable.java:30)
	... 1 more
Caused by: java.net.ConnectException: Connection refused
	... 11 more
2019-09-17 11:51:47,016 [db5c95e9-dab2-4d3b-9775-2e3d4de03f2d@group-4033F378C501:LeaderElection31] INFO  impl.LeaderElection (LogUtils.java:infoOrTrace(149)) - db5c95e9-dab2-4d3b-9775-2e3d4de03f2d@group-4033F378C501:LeaderElection31 got exception when requesting votes: {}
java.util.concurrent.ExecutionException: org.apache.ratis.thirdparty.io.grpc.StatusRuntimeException: UNAVAILABLE: io exception
	at java.util.concurrent.FutureTask.report(FutureTask.java:122)
	at java.util.concurrent.FutureTask.get(FutureTask.java:192)
	at org.apache.ratis.server.impl.LeaderElection.waitForResults(LeaderElection.java:263)
	at org.apache.ratis.server.impl.LeaderElection.askForVotes(LeaderElection.java:201)
	at org.apache.ratis.server.impl.LeaderElection.run(LeaderElection.java:133)
	at java.lang.Thread.run(Thread.java:748)
Caused by: org.apache.ratis.thirdparty.io.grpc.StatusRuntimeException: UNAVAILABLE: io exception
	at org.apache.ratis.thirdparty.io.grpc.stub.ClientCalls.toStatusRuntimeException(ClientCalls.java:233)
	at org.apache.ratis.thirdparty.io.grpc.stub.ClientCalls.getUnchecked(ClientCalls.java:214)
	at org.apache.ratis.thirdparty.io.grpc.stub.ClientCalls.blockingUnaryCall(ClientCalls.java:139)
	at org.apache.ratis.proto.grpc.RaftServerProtocolServiceGrpc$RaftServerProtocolServiceBlockingStub.requestVote(RaftServerProtocolServiceGrpc.java:265)
	at org.apache.ratis.grpc.server.GrpcServerProtocolClient.requestVote(GrpcServerProtocolClient.java:90)
	at org.apache.ratis.grpc.server.GrpcService.requestVote(GrpcService.java:204)
	at org.apache.ratis.server.impl.LeaderElection.lambda$submitRequests$1(LeaderElection.java:238)
	at java.util.concurrent.FutureTask.run(FutureTask.java:266)
	at java.util.concurrent.Executors$RunnableAdapter.call(Executors.java:511)
	at java.util.concurrent.FutureTask.run(FutureTask.java:266)
	at java.util.concurrent.ThreadPoolExecutor.runWorker(ThreadPoolExecutor.java:1149)
	at java.util.concurrent.ThreadPoolExecutor$Worker.run(ThreadPoolExecutor.java:624)
	... 1 more
Caused by: org.apache.ratis.thirdparty.io.netty.channel.AbstractChannel$AnnotatedConnectException: Connection refused: /192.168.157.219:42903
	at sun.nio.ch.SocketChannelImpl.checkConnect(Native Method)
	at sun.nio.ch.SocketChannelImpl.finishConnect(SocketChannelImpl.java:717)
	at org.apache.ratis.thirdparty.io.netty.channel.socket.nio.NioSocketChannel.doFinishConnect(NioSocketChannel.java:327)
	at org.apache.ratis.thirdparty.io.netty.channel.nio.AbstractNioChannel$AbstractNioUnsafe.finishConnect(AbstractNioChannel.java:340)
	at org.apache.ratis.thirdparty.io.netty.channel.nio.NioEventLoop.processSelectedKey(NioEventLoop.java:632)
	at org.apache.ratis.thirdparty.io.netty.channel.nio.NioEventLoop.processSelectedKeysOptimized(NioEventLoop.java:579)
	at org.apache.ratis.thirdparty.io.netty.channel.nio.NioEventLoop.processSelectedKeys(NioEventLoop.java:496)
	at org.apache.ratis.thirdparty.io.netty.channel.nio.NioEventLoop.run(NioEventLoop.java:458)
	at org.apache.ratis.thirdparty.io.netty.util.concurrent.SingleThreadEventExecutor$5.run(SingleThreadEventExecutor.java:897)
	at org.apache.ratis.thirdparty.io.netty.util.concurrent.FastThreadLocalRunnable.run(FastThreadLocalRunnable.java:30)
	... 1 more
Caused by: java.net.ConnectException: Connection refused
	... 11 more
2019-09-17 11:51:47,020 [db5c95e9-dab2-4d3b-9775-2e3d4de03f2d@group-4033F378C501:LeaderElection31] INFO  impl.LeaderElection (LeaderElection.java:logAndReturn(56)) - db5c95e9-dab2-4d3b-9775-2e3d4de03f2d@group-4033F378C501:LeaderElection31: Election REJECTED; received 0 response(s) [] and 2 exception(s); db5c95e9-dab2-4d3b-9775-2e3d4de03f2d@group-4033F378C501:t16, leader=null, voted=db5c95e9-dab2-4d3b-9775-2e3d4de03f2d, raftlog=db5c95e9-dab2-4d3b-9775-2e3d4de03f2d@group-4033F378C501-SegmentedRaftLog:OPENED:c28,f28,i28, conf=0: [768e87e1-01a1-4abe-adbb-724fc729cfde:192.168.157.219:39557, 0efbdbeb-0caf-4be4-a340-f9adf92e227b:192.168.157.219:42903, db5c95e9-dab2-4d3b-9775-2e3d4de03f2d:192.168.157.219:43472], old=null
2019-09-17 11:51:47,020 [db5c95e9-dab2-4d3b-9775-2e3d4de03f2d@group-4033F378C501:LeaderElection31] INFO  impl.LeaderElection (LogUtils.java:infoOrTrace(149)) -   Exception 0: {}
java.util.concurrent.ExecutionException: org.apache.ratis.thirdparty.io.grpc.StatusRuntimeException: UNAVAILABLE: io exception
	at java.util.concurrent.FutureTask.report(FutureTask.java:122)
	at java.util.concurrent.FutureTask.get(FutureTask.java:192)
	at org.apache.ratis.server.impl.LeaderElection.waitForResults(LeaderElection.java:263)
	at org.apache.ratis.server.impl.LeaderElection.askForVotes(LeaderElection.java:201)
	at org.apache.ratis.server.impl.LeaderElection.run(LeaderElection.java:133)
	at java.lang.Thread.run(Thread.java:748)
Caused by: org.apache.ratis.thirdparty.io.grpc.StatusRuntimeException: UNAVAILABLE: io exception
	at org.apache.ratis.thirdparty.io.grpc.stub.ClientCalls.toStatusRuntimeException(ClientCalls.java:233)
	at org.apache.ratis.thirdparty.io.grpc.stub.ClientCalls.getUnchecked(ClientCalls.java:214)
	at org.apache.ratis.thirdparty.io.grpc.stub.ClientCalls.blockingUnaryCall(ClientCalls.java:139)
	at org.apache.ratis.proto.grpc.RaftServerProtocolServiceGrpc$RaftServerProtocolServiceBlockingStub.requestVote(RaftServerProtocolServiceGrpc.java:265)
	at org.apache.ratis.grpc.server.GrpcServerProtocolClient.requestVote(GrpcServerProtocolClient.java:90)
	at org.apache.ratis.grpc.server.GrpcService.requestVote(GrpcService.java:204)
	at org.apache.ratis.server.impl.LeaderElection.lambda$submitRequests$1(LeaderElection.java:238)
	at java.util.concurrent.FutureTask.run(FutureTask.java:266)
	at java.util.concurrent.Executors$RunnableAdapter.call(Executors.java:511)
	at java.util.concurrent.FutureTask.run(FutureTask.java:266)
	at java.util.concurrent.ThreadPoolExecutor.runWorker(ThreadPoolExecutor.java:1149)
	at java.util.concurrent.ThreadPoolExecutor$Worker.run(ThreadPoolExecutor.java:624)
	... 1 more
Caused by: org.apache.ratis.thirdparty.io.netty.channel.AbstractChannel$AnnotatedConnectException: Connection refused: /192.168.157.219:39557
	at sun.nio.ch.SocketChannelImpl.checkConnect(Native Method)
	at sun.nio.ch.SocketChannelImpl.finishConnect(SocketChannelImpl.java:717)
	at org.apache.ratis.thirdparty.io.netty.channel.socket.nio.NioSocketChannel.doFinishConnect(NioSocketChannel.java:327)
	at org.apache.ratis.thirdparty.io.netty.channel.nio.AbstractNioChannel$AbstractNioUnsafe.finishConnect(AbstractNioChannel.java:340)
	at org.apache.ratis.thirdparty.io.netty.channel.nio.NioEventLoop.processSelectedKey(NioEventLoop.java:632)
	at org.apache.ratis.thirdparty.io.netty.channel.nio.NioEventLoop.processSelectedKeysOptimized(NioEventLoop.java:579)
	at org.apache.ratis.thirdparty.io.netty.channel.nio.NioEventLoop.processSelectedKeys(NioEventLoop.java:496)
	at org.apache.ratis.thirdparty.io.netty.channel.nio.NioEventLoop.run(NioEventLoop.java:458)
	at org.apache.ratis.thirdparty.io.netty.util.concurrent.SingleThreadEventExecutor$5.run(SingleThreadEventExecutor.java:897)
	at org.apache.ratis.thirdparty.io.netty.util.concurrent.FastThreadLocalRunnable.run(FastThreadLocalRunnable.java:30)
	... 1 more
Caused by: java.net.ConnectException: Connection refused
	... 11 more
2019-09-17 11:51:47,020 [db5c95e9-dab2-4d3b-9775-2e3d4de03f2d@group-4033F378C501:LeaderElection31] INFO  impl.LeaderElection (LogUtils.java:infoOrTrace(149)) -   Exception 1: {}
java.util.concurrent.ExecutionException: org.apache.ratis.thirdparty.io.grpc.StatusRuntimeException: UNAVAILABLE: io exception
	at java.util.concurrent.FutureTask.report(FutureTask.java:122)
	at java.util.concurrent.FutureTask.get(FutureTask.java:192)
	at org.apache.ratis.server.impl.LeaderElection.waitForResults(LeaderElection.java:263)
	at org.apache.ratis.server.impl.LeaderElection.askForVotes(LeaderElection.java:201)
	at org.apache.ratis.server.impl.LeaderElection.run(LeaderElection.java:133)
	at java.lang.Thread.run(Thread.java:748)
Caused by: org.apache.ratis.thirdparty.io.grpc.StatusRuntimeException: UNAVAILABLE: io exception
	at org.apache.ratis.thirdparty.io.grpc.stub.ClientCalls.toStatusRuntimeException(ClientCalls.java:233)
	at org.apache.ratis.thirdparty.io.grpc.stub.ClientCalls.getUnchecked(ClientCalls.java:214)
	at org.apache.ratis.thirdparty.io.grpc.stub.ClientCalls.blockingUnaryCall(ClientCalls.java:139)
	at org.apache.ratis.proto.grpc.RaftServerProtocolServiceGrpc$RaftServerProtocolServiceBlockingStub.requestVote(RaftServerProtocolServiceGrpc.java:265)
	at org.apache.ratis.grpc.server.GrpcServerProtocolClient.requestVote(GrpcServerProtocolClient.java:90)
	at org.apache.ratis.grpc.server.GrpcService.requestVote(GrpcService.java:204)
	at org.apache.ratis.server.impl.LeaderElection.lambda$submitRequests$1(LeaderElection.java:238)
	at java.util.concurrent.FutureTask.run(FutureTask.java:266)
	at java.util.concurrent.Executors$RunnableAdapter.call(Executors.java:511)
	at java.util.concurrent.FutureTask.run(FutureTask.java:266)
	at java.util.concurrent.ThreadPoolExecutor.runWorker(ThreadPoolExecutor.java:1149)
	at java.util.concurrent.ThreadPoolExecutor$Worker.run(ThreadPoolExecutor.java:624)
	... 1 more
Caused by: org.apache.ratis.thirdparty.io.netty.channel.AbstractChannel$AnnotatedConnectException: Connection refused: /192.168.157.219:42903
	at sun.nio.ch.SocketChannelImpl.checkConnect(Native Method)
	at sun.nio.ch.SocketChannelImpl.finishConnect(SocketChannelImpl.java:717)
	at org.apache.ratis.thirdparty.io.netty.channel.socket.nio.NioSocketChannel.doFinishConnect(NioSocketChannel.java:327)
	at org.apache.ratis.thirdparty.io.netty.channel.nio.AbstractNioChannel$AbstractNioUnsafe.finishConnect(AbstractNioChannel.java:340)
	at org.apache.ratis.thirdparty.io.netty.channel.nio.NioEventLoop.processSelectedKey(NioEventLoop.java:632)
	at org.apache.ratis.thirdparty.io.netty.channel.nio.NioEventLoop.processSelectedKeysOptimized(NioEventLoop.java:579)
	at org.apache.ratis.thirdparty.io.netty.channel.nio.NioEventLoop.processSelectedKeys(NioEventLoop.java:496)
	at org.apache.ratis.thirdparty.io.netty.channel.nio.NioEventLoop.run(NioEventLoop.java:458)
	at org.apache.ratis.thirdparty.io.netty.util.concurrent.SingleThreadEventExecutor$5.run(SingleThreadEventExecutor.java:897)
	at org.apache.ratis.thirdparty.io.netty.util.concurrent.FastThreadLocalRunnable.run(FastThreadLocalRunnable.java:30)
	... 1 more
Caused by: java.net.ConnectException: Connection refused
	... 11 more
2019-09-17 11:51:47,021 [db5c95e9-dab2-4d3b-9775-2e3d4de03f2d@group-4033F378C501:LeaderElection31] INFO  impl.RaftServerImpl (RaftServerImpl.java:setRole(174)) - db5c95e9-dab2-4d3b-9775-2e3d4de03f2d@group-4033F378C501: changes role from CANDIDATE to FOLLOWER at term 16 for DISCOVERED_A_NEW_TERM
2019-09-17 11:51:47,021 [db5c95e9-dab2-4d3b-9775-2e3d4de03f2d@group-4033F378C501:LeaderElection31] INFO  impl.RoleInfo (RoleInfo.java:shutdownLeaderElection(134)) - db5c95e9-dab2-4d3b-9775-2e3d4de03f2d: shutdown LeaderElection
2019-09-17 11:51:47,021 [db5c95e9-dab2-4d3b-9775-2e3d4de03f2d@group-4033F378C501:LeaderElection31] INFO  impl.RoleInfo (RoleInfo.java:updateAndGet(143)) - db5c95e9-dab2-4d3b-9775-2e3d4de03f2d: start FollowerState
2019-09-17 11:51:47,143 [java.util.concurrent.ThreadPoolExecutor$Worker@3cd8d43b[State = -1, empty queue]] WARN  server.GrpcLogAppender (GrpcLogAppender.java:timeoutAppendRequest(200)) - ee155057-4acb-4f3f-9013-4bd3c5a101b6@group-B3F5A0A8BDBD->533f21c9-6148-4926-981b-3030ea271196-GrpcLogAppender: appendEntries Timeout, request=ee155057-4acb-4f3f-9013-4bd3c5a101b6->533f21c9-6148-4926-981b-3030ea271196#122-t2, previous=(t:2, i:20), leaderCommit=16, initializing? false, entries: <empty>
2019-09-17 11:51:47,143 [java.util.concurrent.ThreadPoolExecutor$Worker@5a9b47f8[State = -1, empty queue]] WARN  server.GrpcLogAppender (GrpcLogAppender.java:timeoutAppendRequest(200)) - ee155057-4acb-4f3f-9013-4bd3c5a101b6@group-B3F5A0A8BDBD->90cc32e6-bdd6-4f93-abb1-bc520dd025bc-GrpcLogAppender: appendEntries Timeout, request=ee155057-4acb-4f3f-9013-4bd3c5a101b6->90cc32e6-bdd6-4f93-abb1-bc520dd025bc#122-t2, previous=(t:2, i:20), leaderCommit=16, initializing? false, entries: <empty>
2019-09-17 11:51:47,496 [java.util.concurrent.ThreadPoolExecutor$Worker@260d162e[State = -1, empty queue]] WARN  server.GrpcLogAppender (GrpcLogAppender.java:timeoutAppendRequest(200)) - 166adff3-52d0-4f60-8e58-0e12ed96f4bf@group-012F5F91B630->478df2fd-32fa-402c-a09a-4121263fb7de-GrpcLogAppender: appendEntries Timeout, request=166adff3-52d0-4f60-8e58-0e12ed96f4bf->478df2fd-32fa-402c-a09a-4121263fb7de#139-t1, previous=(t:1, i:36), leaderCommit=32, initializing? false, entries: <empty>
2019-09-17 11:51:47,496 [java.util.concurrent.ThreadPoolExecutor$Worker@9b33cb9[State = -1, empty queue]] WARN  server.GrpcLogAppender (GrpcLogAppender.java:timeoutAppendRequest(200)) - 166adff3-52d0-4f60-8e58-0e12ed96f4bf@group-012F5F91B630->ab50ed4d-57db-4f38-bd59-74c03932909c-GrpcLogAppender: appendEntries Timeout, request=166adff3-52d0-4f60-8e58-0e12ed96f4bf->ab50ed4d-57db-4f38-bd59-74c03932909c#139-t1, previous=(t:1, i:36), leaderCommit=32, initializing? false, entries: <empty>
2019-09-17 11:51:47,643 [java.util.concurrent.ThreadPoolExecutor$Worker@5a9b47f8[State = -1, empty queue]] WARN  server.GrpcLogAppender (GrpcLogAppender.java:timeoutAppendRequest(200)) - ee155057-4acb-4f3f-9013-4bd3c5a101b6@group-B3F5A0A8BDBD->90cc32e6-bdd6-4f93-abb1-bc520dd025bc-GrpcLogAppender: appendEntries Timeout, request=ee155057-4acb-4f3f-9013-4bd3c5a101b6->90cc32e6-bdd6-4f93-abb1-bc520dd025bc#123-t2, previous=(t:2, i:20), leaderCommit=16, initializing? false, entries: <empty>
2019-09-17 11:51:47,643 [java.util.concurrent.ThreadPoolExecutor$Worker@3cd8d43b[State = -1, empty queue]] WARN  server.GrpcLogAppender (GrpcLogAppender.java:timeoutAppendRequest(200)) - ee155057-4acb-4f3f-9013-4bd3c5a101b6@group-B3F5A0A8BDBD->533f21c9-6148-4926-981b-3030ea271196-GrpcLogAppender: appendEntries Timeout, request=ee155057-4acb-4f3f-9013-4bd3c5a101b6->533f21c9-6148-4926-981b-3030ea271196#123-t2, previous=(t:2, i:20), leaderCommit=16, initializing? false, entries: <empty>
2019-09-17 11:51:47,996 [java.util.concurrent.ThreadPoolExecutor$Worker@260d162e[State = -1, empty queue]] WARN  server.GrpcLogAppender (GrpcLogAppender.java:timeoutAppendRequest(200)) - 166adff3-52d0-4f60-8e58-0e12ed96f4bf@group-012F5F91B630->478df2fd-32fa-402c-a09a-4121263fb7de-GrpcLogAppender: appendEntries Timeout, request=166adff3-52d0-4f60-8e58-0e12ed96f4bf->478df2fd-32fa-402c-a09a-4121263fb7de#140-t1, previous=(t:1, i:36), leaderCommit=32, initializing? false, entries: <empty>
2019-09-17 11:51:47,996 [java.util.concurrent.ThreadPoolExecutor$Worker@9b33cb9[State = -1, empty queue]] WARN  server.GrpcLogAppender (GrpcLogAppender.java:timeoutAppendRequest(200)) - 166adff3-52d0-4f60-8e58-0e12ed96f4bf@group-012F5F91B630->ab50ed4d-57db-4f38-bd59-74c03932909c-GrpcLogAppender: appendEntries Timeout, request=166adff3-52d0-4f60-8e58-0e12ed96f4bf->ab50ed4d-57db-4f38-bd59-74c03932909c#140-t1, previous=(t:1, i:36), leaderCommit=32, initializing? false, entries: <empty>
2019-09-17 11:51:48,143 [java.util.concurrent.ThreadPoolExecutor$Worker@3cd8d43b[State = -1, empty queue]] WARN  server.GrpcLogAppender (GrpcLogAppender.java:timeoutAppendRequest(200)) - ee155057-4acb-4f3f-9013-4bd3c5a101b6@group-B3F5A0A8BDBD->533f21c9-6148-4926-981b-3030ea271196-GrpcLogAppender: appendEntries Timeout, request=ee155057-4acb-4f3f-9013-4bd3c5a101b6->533f21c9-6148-4926-981b-3030ea271196#124-t2, previous=(t:2, i:20), leaderCommit=16, initializing? false, entries: <empty>
2019-09-17 11:51:48,143 [java.util.concurrent.ThreadPoolExecutor$Worker@5a9b47f8[State = -1, empty queue]] WARN  server.GrpcLogAppender (GrpcLogAppender.java:timeoutAppendRequest(200)) - ee155057-4acb-4f3f-9013-4bd3c5a101b6@group-B3F5A0A8BDBD->90cc32e6-bdd6-4f93-abb1-bc520dd025bc-GrpcLogAppender: appendEntries Timeout, request=ee155057-4acb-4f3f-9013-4bd3c5a101b6->90cc32e6-bdd6-4f93-abb1-bc520dd025bc#124-t2, previous=(t:2, i:20), leaderCommit=16, initializing? false, entries: <empty>
2019-09-17 11:51:48,180 [Thread-1318] INFO  impl.FollowerState (FollowerState.java:run(106)) - db5c95e9-dab2-4d3b-9775-2e3d4de03f2d:group-4033F378C501 changes to CANDIDATE, lastRpcTime:1159, electionTimeout:1159ms
2019-09-17 11:51:48,181 [Thread-1318] INFO  impl.RoleInfo (RoleInfo.java:shutdownFollowerState(121)) - db5c95e9-dab2-4d3b-9775-2e3d4de03f2d: shutdown FollowerState
2019-09-17 11:51:48,181 [Thread-1318] INFO  impl.RaftServerImpl (RaftServerImpl.java:setRole(174)) - db5c95e9-dab2-4d3b-9775-2e3d4de03f2d@group-4033F378C501: changes role from  FOLLOWER to CANDIDATE at term 16 for changeToCandidate
2019-09-17 11:51:48,181 [Thread-1318] INFO  impl.RoleInfo (RoleInfo.java:updateAndGet(143)) - db5c95e9-dab2-4d3b-9775-2e3d4de03f2d: start LeaderElection
2019-09-17 11:51:48,198 [db5c95e9-dab2-4d3b-9775-2e3d4de03f2d@group-4033F378C501:LeaderElection32] INFO  impl.LeaderElection (LeaderElection.java:askForVotes(182)) - db5c95e9-dab2-4d3b-9775-2e3d4de03f2d@group-4033F378C501:LeaderElection32: begin an election at term 17 for 0: [768e87e1-01a1-4abe-adbb-724fc729cfde:192.168.157.219:39557, 0efbdbeb-0caf-4be4-a340-f9adf92e227b:192.168.157.219:42903, db5c95e9-dab2-4d3b-9775-2e3d4de03f2d:192.168.157.219:43472], old=null
2019-09-17 11:51:48,199 [db5c95e9-dab2-4d3b-9775-2e3d4de03f2d@group-4033F378C501:LeaderElection32] INFO  impl.LeaderElection (LogUtils.java:infoOrTrace(149)) - db5c95e9-dab2-4d3b-9775-2e3d4de03f2d@group-4033F378C501:LeaderElection32 got exception when requesting votes: {}
java.util.concurrent.ExecutionException: org.apache.ratis.thirdparty.io.grpc.StatusRuntimeException: UNAVAILABLE: io exception
	at java.util.concurrent.FutureTask.report(FutureTask.java:122)
	at java.util.concurrent.FutureTask.get(FutureTask.java:192)
	at org.apache.ratis.server.impl.LeaderElection.waitForResults(LeaderElection.java:263)
	at org.apache.ratis.server.impl.LeaderElection.askForVotes(LeaderElection.java:201)
	at org.apache.ratis.server.impl.LeaderElection.run(LeaderElection.java:133)
	at java.lang.Thread.run(Thread.java:748)
Caused by: org.apache.ratis.thirdparty.io.grpc.StatusRuntimeException: UNAVAILABLE: io exception
	at org.apache.ratis.thirdparty.io.grpc.stub.ClientCalls.toStatusRuntimeException(ClientCalls.java:233)
	at org.apache.ratis.thirdparty.io.grpc.stub.ClientCalls.getUnchecked(ClientCalls.java:214)
	at org.apache.ratis.thirdparty.io.grpc.stub.ClientCalls.blockingUnaryCall(ClientCalls.java:139)
	at org.apache.ratis.proto.grpc.RaftServerProtocolServiceGrpc$RaftServerProtocolServiceBlockingStub.requestVote(RaftServerProtocolServiceGrpc.java:265)
	at org.apache.ratis.grpc.server.GrpcServerProtocolClient.requestVote(GrpcServerProtocolClient.java:90)
	at org.apache.ratis.grpc.server.GrpcService.requestVote(GrpcService.java:204)
	at org.apache.ratis.server.impl.LeaderElection.lambda$submitRequests$1(LeaderElection.java:238)
	at java.util.concurrent.FutureTask.run(FutureTask.java:266)
	at java.util.concurrent.Executors$RunnableAdapter.call(Executors.java:511)
	at java.util.concurrent.FutureTask.run(FutureTask.java:266)
	at java.util.concurrent.ThreadPoolExecutor.runWorker(ThreadPoolExecutor.java:1149)
	at java.util.concurrent.ThreadPoolExecutor$Worker.run(ThreadPoolExecutor.java:624)
	... 1 more
Caused by: org.apache.ratis.thirdparty.io.netty.channel.AbstractChannel$AnnotatedConnectException: Connection refused: /192.168.157.219:39557
	at sun.nio.ch.SocketChannelImpl.checkConnect(Native Method)
	at sun.nio.ch.SocketChannelImpl.finishConnect(SocketChannelImpl.java:717)
	at org.apache.ratis.thirdparty.io.netty.channel.socket.nio.NioSocketChannel.doFinishConnect(NioSocketChannel.java:327)
	at org.apache.ratis.thirdparty.io.netty.channel.nio.AbstractNioChannel$AbstractNioUnsafe.finishConnect(AbstractNioChannel.java:340)
	at org.apache.ratis.thirdparty.io.netty.channel.nio.NioEventLoop.processSelectedKey(NioEventLoop.java:632)
	at org.apache.ratis.thirdparty.io.netty.channel.nio.NioEventLoop.processSelectedKeysOptimized(NioEventLoop.java:579)
	at org.apache.ratis.thirdparty.io.netty.channel.nio.NioEventLoop.processSelectedKeys(NioEventLoop.java:496)
	at org.apache.ratis.thirdparty.io.netty.channel.nio.NioEventLoop.run(NioEventLoop.java:458)
	at org.apache.ratis.thirdparty.io.netty.util.concurrent.SingleThreadEventExecutor$5.run(SingleThreadEventExecutor.java:897)
	at org.apache.ratis.thirdparty.io.netty.util.concurrent.FastThreadLocalRunnable.run(FastThreadLocalRunnable.java:30)
	... 1 more
Caused by: java.net.ConnectException: Connection refused
	... 11 more
2019-09-17 11:51:48,202 [db5c95e9-dab2-4d3b-9775-2e3d4de03f2d@group-4033F378C501:LeaderElection32] INFO  impl.LeaderElection (LogUtils.java:infoOrTrace(149)) - db5c95e9-dab2-4d3b-9775-2e3d4de03f2d@group-4033F378C501:LeaderElection32 got exception when requesting votes: {}
java.util.concurrent.ExecutionException: org.apache.ratis.thirdparty.io.grpc.StatusRuntimeException: UNAVAILABLE: io exception
	at java.util.concurrent.FutureTask.report(FutureTask.java:122)
	at java.util.concurrent.FutureTask.get(FutureTask.java:192)
	at org.apache.ratis.server.impl.LeaderElection.waitForResults(LeaderElection.java:263)
	at org.apache.ratis.server.impl.LeaderElection.askForVotes(LeaderElection.java:201)
	at org.apache.ratis.server.impl.LeaderElection.run(LeaderElection.java:133)
	at java.lang.Thread.run(Thread.java:748)
Caused by: org.apache.ratis.thirdparty.io.grpc.StatusRuntimeException: UNAVAILABLE: io exception
	at org.apache.ratis.thirdparty.io.grpc.stub.ClientCalls.toStatusRuntimeException(ClientCalls.java:233)
	at org.apache.ratis.thirdparty.io.grpc.stub.ClientCalls.getUnchecked(ClientCalls.java:214)
	at org.apache.ratis.thirdparty.io.grpc.stub.ClientCalls.blockingUnaryCall(ClientCalls.java:139)
	at org.apache.ratis.proto.grpc.RaftServerProtocolServiceGrpc$RaftServerProtocolServiceBlockingStub.requestVote(RaftServerProtocolServiceGrpc.java:265)
	at org.apache.ratis.grpc.server.GrpcServerProtocolClient.requestVote(GrpcServerProtocolClient.java:90)
	at org.apache.ratis.grpc.server.GrpcService.requestVote(GrpcService.java:204)
	at org.apache.ratis.server.impl.LeaderElection.lambda$submitRequests$1(LeaderElection.java:238)
	at java.util.concurrent.FutureTask.run(FutureTask.java:266)
	at java.util.concurrent.Executors$RunnableAdapter.call(Executors.java:511)
	at java.util.concurrent.FutureTask.run(FutureTask.java:266)
	at java.util.concurrent.ThreadPoolExecutor.runWorker(ThreadPoolExecutor.java:1149)
	at java.util.concurrent.ThreadPoolExecutor$Worker.run(ThreadPoolExecutor.java:624)
	... 1 more
Caused by: org.apache.ratis.thirdparty.io.netty.channel.AbstractChannel$AnnotatedConnectException: Connection refused: /192.168.157.219:42903
	at sun.nio.ch.SocketChannelImpl.checkConnect(Native Method)
	at sun.nio.ch.SocketChannelImpl.finishConnect(SocketChannelImpl.java:717)
	at org.apache.ratis.thirdparty.io.netty.channel.socket.nio.NioSocketChannel.doFinishConnect(NioSocketChannel.java:327)
	at org.apache.ratis.thirdparty.io.netty.channel.nio.AbstractNioChannel$AbstractNioUnsafe.finishConnect(AbstractNioChannel.java:340)
	at org.apache.ratis.thirdparty.io.netty.channel.nio.NioEventLoop.processSelectedKey(NioEventLoop.java:632)
	at org.apache.ratis.thirdparty.io.netty.channel.nio.NioEventLoop.processSelectedKeysOptimized(NioEventLoop.java:579)
	at org.apache.ratis.thirdparty.io.netty.channel.nio.NioEventLoop.processSelectedKeys(NioEventLoop.java:496)
	at org.apache.ratis.thirdparty.io.netty.channel.nio.NioEventLoop.run(NioEventLoop.java:458)
	at org.apache.ratis.thirdparty.io.netty.util.concurrent.SingleThreadEventExecutor$5.run(SingleThreadEventExecutor.java:897)
	at org.apache.ratis.thirdparty.io.netty.util.concurrent.FastThreadLocalRunnable.run(FastThreadLocalRunnable.java:30)
	... 1 more
Caused by: java.net.ConnectException: Connection refused
	... 11 more
2019-09-17 11:51:48,205 [db5c95e9-dab2-4d3b-9775-2e3d4de03f2d@group-4033F378C501:LeaderElection32] INFO  impl.LeaderElection (LeaderElection.java:logAndReturn(56)) - db5c95e9-dab2-4d3b-9775-2e3d4de03f2d@group-4033F378C501:LeaderElection32: Election REJECTED; received 0 response(s) [] and 2 exception(s); db5c95e9-dab2-4d3b-9775-2e3d4de03f2d@group-4033F378C501:t17, leader=null, voted=db5c95e9-dab2-4d3b-9775-2e3d4de03f2d, raftlog=db5c95e9-dab2-4d3b-9775-2e3d4de03f2d@group-4033F378C501-SegmentedRaftLog:OPENED:c28,f28,i28, conf=0: [768e87e1-01a1-4abe-adbb-724fc729cfde:192.168.157.219:39557, 0efbdbeb-0caf-4be4-a340-f9adf92e227b:192.168.157.219:42903, db5c95e9-dab2-4d3b-9775-2e3d4de03f2d:192.168.157.219:43472], old=null
2019-09-17 11:51:48,205 [db5c95e9-dab2-4d3b-9775-2e3d4de03f2d@group-4033F378C501:LeaderElection32] INFO  impl.LeaderElection (LogUtils.java:infoOrTrace(149)) -   Exception 0: {}
java.util.concurrent.ExecutionException: org.apache.ratis.thirdparty.io.grpc.StatusRuntimeException: UNAVAILABLE: io exception
	at java.util.concurrent.FutureTask.report(FutureTask.java:122)
	at java.util.concurrent.FutureTask.get(FutureTask.java:192)
	at org.apache.ratis.server.impl.LeaderElection.waitForResults(LeaderElection.java:263)
	at org.apache.ratis.server.impl.LeaderElection.askForVotes(LeaderElection.java:201)
	at org.apache.ratis.server.impl.LeaderElection.run(LeaderElection.java:133)
	at java.lang.Thread.run(Thread.java:748)
Caused by: org.apache.ratis.thirdparty.io.grpc.StatusRuntimeException: UNAVAILABLE: io exception
	at org.apache.ratis.thirdparty.io.grpc.stub.ClientCalls.toStatusRuntimeException(ClientCalls.java:233)
	at org.apache.ratis.thirdparty.io.grpc.stub.ClientCalls.getUnchecked(ClientCalls.java:214)
	at org.apache.ratis.thirdparty.io.grpc.stub.ClientCalls.blockingUnaryCall(ClientCalls.java:139)
	at org.apache.ratis.proto.grpc.RaftServerProtocolServiceGrpc$RaftServerProtocolServiceBlockingStub.requestVote(RaftServerProtocolServiceGrpc.java:265)
	at org.apache.ratis.grpc.server.GrpcServerProtocolClient.requestVote(GrpcServerProtocolClient.java:90)
	at org.apache.ratis.grpc.server.GrpcService.requestVote(GrpcService.java:204)
	at org.apache.ratis.server.impl.LeaderElection.lambda$submitRequests$1(LeaderElection.java:238)
	at java.util.concurrent.FutureTask.run(FutureTask.java:266)
	at java.util.concurrent.Executors$RunnableAdapter.call(Executors.java:511)
	at java.util.concurrent.FutureTask.run(FutureTask.java:266)
	at java.util.concurrent.ThreadPoolExecutor.runWorker(ThreadPoolExecutor.java:1149)
	at java.util.concurrent.ThreadPoolExecutor$Worker.run(ThreadPoolExecutor.java:624)
	... 1 more
Caused by: org.apache.ratis.thirdparty.io.netty.channel.AbstractChannel$AnnotatedConnectException: Connection refused: /192.168.157.219:39557
	at sun.nio.ch.SocketChannelImpl.checkConnect(Native Method)
	at sun.nio.ch.SocketChannelImpl.finishConnect(SocketChannelImpl.java:717)
	at org.apache.ratis.thirdparty.io.netty.channel.socket.nio.NioSocketChannel.doFinishConnect(NioSocketChannel.java:327)
	at org.apache.ratis.thirdparty.io.netty.channel.nio.AbstractNioChannel$AbstractNioUnsafe.finishConnect(AbstractNioChannel.java:340)
	at org.apache.ratis.thirdparty.io.netty.channel.nio.NioEventLoop.processSelectedKey(NioEventLoop.java:632)
	at org.apache.ratis.thirdparty.io.netty.channel.nio.NioEventLoop.processSelectedKeysOptimized(NioEventLoop.java:579)
	at org.apache.ratis.thirdparty.io.netty.channel.nio.NioEventLoop.processSelectedKeys(NioEventLoop.java:496)
	at org.apache.ratis.thirdparty.io.netty.channel.nio.NioEventLoop.run(NioEventLoop.java:458)
	at org.apache.ratis.thirdparty.io.netty.util.concurrent.SingleThreadEventExecutor$5.run(SingleThreadEventExecutor.java:897)
	at org.apache.ratis.thirdparty.io.netty.util.concurrent.FastThreadLocalRunnable.run(FastThreadLocalRunnable.java:30)
	... 1 more
Caused by: java.net.ConnectException: Connection refused
	... 11 more
2019-09-17 11:51:48,206 [db5c95e9-dab2-4d3b-9775-2e3d4de03f2d@group-4033F378C501:LeaderElection32] INFO  impl.LeaderElection (LogUtils.java:infoOrTrace(149)) -   Exception 1: {}
java.util.concurrent.ExecutionException: org.apache.ratis.thirdparty.io.grpc.StatusRuntimeException: UNAVAILABLE: io exception
	at java.util.concurrent.FutureTask.report(FutureTask.java:122)
	at java.util.concurrent.FutureTask.get(FutureTask.java:192)
	at org.apache.ratis.server.impl.LeaderElection.waitForResults(LeaderElection.java:263)
	at org.apache.ratis.server.impl.LeaderElection.askForVotes(LeaderElection.java:201)
	at org.apache.ratis.server.impl.LeaderElection.run(LeaderElection.java:133)
	at java.lang.Thread.run(Thread.java:748)
Caused by: org.apache.ratis.thirdparty.io.grpc.StatusRuntimeException: UNAVAILABLE: io exception
	at org.apache.ratis.thirdparty.io.grpc.stub.ClientCalls.toStatusRuntimeException(ClientCalls.java:233)
	at org.apache.ratis.thirdparty.io.grpc.stub.ClientCalls.getUnchecked(ClientCalls.java:214)
	at org.apache.ratis.thirdparty.io.grpc.stub.ClientCalls.blockingUnaryCall(ClientCalls.java:139)
	at org.apache.ratis.proto.grpc.RaftServerProtocolServiceGrpc$RaftServerProtocolServiceBlockingStub.requestVote(RaftServerProtocolServiceGrpc.java:265)
	at org.apache.ratis.grpc.server.GrpcServerProtocolClient.requestVote(GrpcServerProtocolClient.java:90)
	at org.apache.ratis.grpc.server.GrpcService.requestVote(GrpcService.java:204)
	at org.apache.ratis.server.impl.LeaderElection.lambda$submitRequests$1(LeaderElection.java:238)
	at java.util.concurrent.FutureTask.run(FutureTask.java:266)
	at java.util.concurrent.Executors$RunnableAdapter.call(Executors.java:511)
	at java.util.concurrent.FutureTask.run(FutureTask.java:266)
	at java.util.concurrent.ThreadPoolExecutor.runWorker(ThreadPoolExecutor.java:1149)
	at java.util.concurrent.ThreadPoolExecutor$Worker.run(ThreadPoolExecutor.java:624)
	... 1 more
Caused by: org.apache.ratis.thirdparty.io.netty.channel.AbstractChannel$AnnotatedConnectException: Connection refused: /192.168.157.219:42903
	at sun.nio.ch.SocketChannelImpl.checkConnect(Native Method)
	at sun.nio.ch.SocketChannelImpl.finishConnect(SocketChannelImpl.java:717)
	at org.apache.ratis.thirdparty.io.netty.channel.socket.nio.NioSocketChannel.doFinishConnect(NioSocketChannel.java:327)
	at org.apache.ratis.thirdparty.io.netty.channel.nio.AbstractNioChannel$AbstractNioUnsafe.finishConnect(AbstractNioChannel.java:340)
	at org.apache.ratis.thirdparty.io.netty.channel.nio.NioEventLoop.processSelectedKey(NioEventLoop.java:632)
	at org.apache.ratis.thirdparty.io.netty.channel.nio.NioEventLoop.processSelectedKeysOptimized(NioEventLoop.java:579)
	at org.apache.ratis.thirdparty.io.netty.channel.nio.NioEventLoop.processSelectedKeys(NioEventLoop.java:496)
	at org.apache.ratis.thirdparty.io.netty.channel.nio.NioEventLoop.run(NioEventLoop.java:458)
	at org.apache.ratis.thirdparty.io.netty.util.concurrent.SingleThreadEventExecutor$5.run(SingleThreadEventExecutor.java:897)
	at org.apache.ratis.thirdparty.io.netty.util.concurrent.FastThreadLocalRunnable.run(FastThreadLocalRunnable.java:30)
	... 1 more
Caused by: java.net.ConnectException: Connection refused
	... 11 more
2019-09-17 11:51:48,206 [db5c95e9-dab2-4d3b-9775-2e3d4de03f2d@group-4033F378C501:LeaderElection32] INFO  impl.RaftServerImpl (RaftServerImpl.java:setRole(174)) - db5c95e9-dab2-4d3b-9775-2e3d4de03f2d@group-4033F378C501: changes role from CANDIDATE to FOLLOWER at term 17 for DISCOVERED_A_NEW_TERM
2019-09-17 11:51:48,206 [db5c95e9-dab2-4d3b-9775-2e3d4de03f2d@group-4033F378C501:LeaderElection32] INFO  impl.RoleInfo (RoleInfo.java:shutdownLeaderElection(134)) - db5c95e9-dab2-4d3b-9775-2e3d4de03f2d: shutdown LeaderElection
2019-09-17 11:51:48,207 [db5c95e9-dab2-4d3b-9775-2e3d4de03f2d@group-4033F378C501:LeaderElection32] INFO  impl.RoleInfo (RoleInfo.java:updateAndGet(143)) - db5c95e9-dab2-4d3b-9775-2e3d4de03f2d: start FollowerState
2019-09-17 11:51:48,496 [java.util.concurrent.ThreadPoolExecutor$Worker@260d162e[State = -1, empty queue]] WARN  server.GrpcLogAppender (GrpcLogAppender.java:timeoutAppendRequest(200)) - 166adff3-52d0-4f60-8e58-0e12ed96f4bf@group-012F5F91B630->478df2fd-32fa-402c-a09a-4121263fb7de-GrpcLogAppender: appendEntries Timeout, request=166adff3-52d0-4f60-8e58-0e12ed96f4bf->478df2fd-32fa-402c-a09a-4121263fb7de#141-t1, previous=(t:1, i:36), leaderCommit=32, initializing? false, entries: <empty>
2019-09-17 11:51:48,496 [java.util.concurrent.ThreadPoolExecutor$Worker@9b33cb9[State = -1, empty queue]] WARN  server.GrpcLogAppender (GrpcLogAppender.java:timeoutAppendRequest(200)) - 166adff3-52d0-4f60-8e58-0e12ed96f4bf@group-012F5F91B630->ab50ed4d-57db-4f38-bd59-74c03932909c-GrpcLogAppender: appendEntries Timeout, request=166adff3-52d0-4f60-8e58-0e12ed96f4bf->ab50ed4d-57db-4f38-bd59-74c03932909c#141-t1, previous=(t:1, i:36), leaderCommit=32, initializing? false, entries: <empty>
2019-09-17 11:51:48,643 [java.util.concurrent.ThreadPoolExecutor$Worker@5a9b47f8[State = -1, empty queue]] WARN  server.GrpcLogAppender (GrpcLogAppender.java:timeoutAppendRequest(200)) - ee155057-4acb-4f3f-9013-4bd3c5a101b6@group-B3F5A0A8BDBD->90cc32e6-bdd6-4f93-abb1-bc520dd025bc-GrpcLogAppender: appendEntries Timeout, request=ee155057-4acb-4f3f-9013-4bd3c5a101b6->90cc32e6-bdd6-4f93-abb1-bc520dd025bc#125-t2, previous=(t:2, i:20), leaderCommit=16, initializing? false, entries: <empty>
2019-09-17 11:51:48,643 [java.util.concurrent.ThreadPoolExecutor$Worker@3cd8d43b[State = -1, empty queue]] WARN  server.GrpcLogAppender (GrpcLogAppender.java:timeoutAppendRequest(200)) - ee155057-4acb-4f3f-9013-4bd3c5a101b6@group-B3F5A0A8BDBD->533f21c9-6148-4926-981b-3030ea271196-GrpcLogAppender: appendEntries Timeout, request=ee155057-4acb-4f3f-9013-4bd3c5a101b6->533f21c9-6148-4926-981b-3030ea271196#125-t2, previous=(t:2, i:20), leaderCommit=16, initializing? false, entries: <empty>
2019-09-17 11:51:48,996 [java.util.concurrent.ThreadPoolExecutor$Worker@260d162e[State = -1, empty queue]] WARN  server.GrpcLogAppender (GrpcLogAppender.java:timeoutAppendRequest(200)) - 166adff3-52d0-4f60-8e58-0e12ed96f4bf@group-012F5F91B630->478df2fd-32fa-402c-a09a-4121263fb7de-GrpcLogAppender: appendEntries Timeout, request=166adff3-52d0-4f60-8e58-0e12ed96f4bf->478df2fd-32fa-402c-a09a-4121263fb7de#142-t1, previous=(t:1, i:36), leaderCommit=32, initializing? false, entries: <empty>
2019-09-17 11:51:48,997 [java.util.concurrent.ThreadPoolExecutor$Worker@9b33cb9[State = -1, empty queue]] WARN  server.GrpcLogAppender (GrpcLogAppender.java:timeoutAppendRequest(200)) - 166adff3-52d0-4f60-8e58-0e12ed96f4bf@group-012F5F91B630->ab50ed4d-57db-4f38-bd59-74c03932909c-GrpcLogAppender: appendEntries Timeout, request=166adff3-52d0-4f60-8e58-0e12ed96f4bf->ab50ed4d-57db-4f38-bd59-74c03932909c#142-t1, previous=(t:1, i:36), leaderCommit=32, initializing? false, entries: <empty>
2019-09-17 11:51:49,144 [java.util.concurrent.ThreadPoolExecutor$Worker@5a9b47f8[State = -1, empty queue]] WARN  server.GrpcLogAppender (GrpcLogAppender.java:timeoutAppendRequest(200)) - ee155057-4acb-4f3f-9013-4bd3c5a101b6@group-B3F5A0A8BDBD->90cc32e6-bdd6-4f93-abb1-bc520dd025bc-GrpcLogAppender: appendEntries Timeout, request=ee155057-4acb-4f3f-9013-4bd3c5a101b6->90cc32e6-bdd6-4f93-abb1-bc520dd025bc#126-t2, previous=(t:2, i:20), leaderCommit=16, initializing? false, entries: <empty>
2019-09-17 11:51:49,144 [java.util.concurrent.ThreadPoolExecutor$Worker@3cd8d43b[State = -1, empty queue]] WARN  server.GrpcLogAppender (GrpcLogAppender.java:timeoutAppendRequest(200)) - ee155057-4acb-4f3f-9013-4bd3c5a101b6@group-B3F5A0A8BDBD->533f21c9-6148-4926-981b-3030ea271196-GrpcLogAppender: appendEntries Timeout, request=ee155057-4acb-4f3f-9013-4bd3c5a101b6->533f21c9-6148-4926-981b-3030ea271196#126-t2, previous=(t:2, i:20), leaderCommit=16, initializing? false, entries: <empty>
2019-09-17 11:51:49,313 [Thread-1332] INFO  impl.FollowerState (FollowerState.java:run(106)) - db5c95e9-dab2-4d3b-9775-2e3d4de03f2d:group-4033F378C501 changes to CANDIDATE, lastRpcTime:1106, electionTimeout:1106ms
2019-09-17 11:51:49,313 [Thread-1332] INFO  impl.RoleInfo (RoleInfo.java:shutdownFollowerState(121)) - db5c95e9-dab2-4d3b-9775-2e3d4de03f2d: shutdown FollowerState
2019-09-17 11:51:49,314 [Thread-1332] INFO  impl.RaftServerImpl (RaftServerImpl.java:setRole(174)) - db5c95e9-dab2-4d3b-9775-2e3d4de03f2d@group-4033F378C501: changes role from  FOLLOWER to CANDIDATE at term 17 for changeToCandidate
2019-09-17 11:51:49,314 [Thread-1332] INFO  impl.RoleInfo (RoleInfo.java:updateAndGet(143)) - db5c95e9-dab2-4d3b-9775-2e3d4de03f2d: start LeaderElection
2019-09-17 11:51:49,332 [db5c95e9-dab2-4d3b-9775-2e3d4de03f2d@group-4033F378C501:LeaderElection33] INFO  impl.LeaderElection (LeaderElection.java:askForVotes(182)) - db5c95e9-dab2-4d3b-9775-2e3d4de03f2d@group-4033F378C501:LeaderElection33: begin an election at term 18 for 0: [768e87e1-01a1-4abe-adbb-724fc729cfde:192.168.157.219:39557, 0efbdbeb-0caf-4be4-a340-f9adf92e227b:192.168.157.219:42903, db5c95e9-dab2-4d3b-9775-2e3d4de03f2d:192.168.157.219:43472], old=null
2019-09-17 11:51:49,333 [db5c95e9-dab2-4d3b-9775-2e3d4de03f2d@group-4033F378C501:LeaderElection33] INFO  impl.LeaderElection (LogUtils.java:infoOrTrace(149)) - db5c95e9-dab2-4d3b-9775-2e3d4de03f2d@group-4033F378C501:LeaderElection33 got exception when requesting votes: {}
java.util.concurrent.ExecutionException: org.apache.ratis.thirdparty.io.grpc.StatusRuntimeException: UNAVAILABLE: io exception
	at java.util.concurrent.FutureTask.report(FutureTask.java:122)
	at java.util.concurrent.FutureTask.get(FutureTask.java:192)
	at org.apache.ratis.server.impl.LeaderElection.waitForResults(LeaderElection.java:263)
	at org.apache.ratis.server.impl.LeaderElection.askForVotes(LeaderElection.java:201)
	at org.apache.ratis.server.impl.LeaderElection.run(LeaderElection.java:133)
	at java.lang.Thread.run(Thread.java:748)
Caused by: org.apache.ratis.thirdparty.io.grpc.StatusRuntimeException: UNAVAILABLE: io exception
	at org.apache.ratis.thirdparty.io.grpc.stub.ClientCalls.toStatusRuntimeException(ClientCalls.java:233)
	at org.apache.ratis.thirdparty.io.grpc.stub.ClientCalls.getUnchecked(ClientCalls.java:214)
	at org.apache.ratis.thirdparty.io.grpc.stub.ClientCalls.blockingUnaryCall(ClientCalls.java:139)
	at org.apache.ratis.proto.grpc.RaftServerProtocolServiceGrpc$RaftServerProtocolServiceBlockingStub.requestVote(RaftServerProtocolServiceGrpc.java:265)
	at org.apache.ratis.grpc.server.GrpcServerProtocolClient.requestVote(GrpcServerProtocolClient.java:90)
	at org.apache.ratis.grpc.server.GrpcService.requestVote(GrpcService.java:204)
	at org.apache.ratis.server.impl.LeaderElection.lambda$submitRequests$1(LeaderElection.java:238)
	at java.util.concurrent.FutureTask.run(FutureTask.java:266)
	at java.util.concurrent.Executors$RunnableAdapter.call(Executors.java:511)
	at java.util.concurrent.FutureTask.run(FutureTask.java:266)
	at java.util.concurrent.ThreadPoolExecutor.runWorker(ThreadPoolExecutor.java:1149)
	at java.util.concurrent.ThreadPoolExecutor$Worker.run(ThreadPoolExecutor.java:624)
	... 1 more
Caused by: org.apache.ratis.thirdparty.io.netty.channel.AbstractChannel$AnnotatedConnectException: Connection refused: /192.168.157.219:39557
	at sun.nio.ch.SocketChannelImpl.checkConnect(Native Method)
	at sun.nio.ch.SocketChannelImpl.finishConnect(SocketChannelImpl.java:717)
	at org.apache.ratis.thirdparty.io.netty.channel.socket.nio.NioSocketChannel.doFinishConnect(NioSocketChannel.java:327)
	at org.apache.ratis.thirdparty.io.netty.channel.nio.AbstractNioChannel$AbstractNioUnsafe.finishConnect(AbstractNioChannel.java:340)
	at org.apache.ratis.thirdparty.io.netty.channel.nio.NioEventLoop.processSelectedKey(NioEventLoop.java:632)
	at org.apache.ratis.thirdparty.io.netty.channel.nio.NioEventLoop.processSelectedKeysOptimized(NioEventLoop.java:579)
	at org.apache.ratis.thirdparty.io.netty.channel.nio.NioEventLoop.processSelectedKeys(NioEventLoop.java:496)
	at org.apache.ratis.thirdparty.io.netty.channel.nio.NioEventLoop.run(NioEventLoop.java:458)
	at org.apache.ratis.thirdparty.io.netty.util.concurrent.SingleThreadEventExecutor$5.run(SingleThreadEventExecutor.java:897)
	at org.apache.ratis.thirdparty.io.netty.util.concurrent.FastThreadLocalRunnable.run(FastThreadLocalRunnable.java:30)
	... 1 more
Caused by: java.net.ConnectException: Connection refused
	... 11 more
2019-09-17 11:51:49,337 [db5c95e9-dab2-4d3b-9775-2e3d4de03f2d@group-4033F378C501:LeaderElection33] INFO  impl.LeaderElection (LogUtils.java:infoOrTrace(149)) - db5c95e9-dab2-4d3b-9775-2e3d4de03f2d@group-4033F378C501:LeaderElection33 got exception when requesting votes: {}
java.util.concurrent.ExecutionException: org.apache.ratis.thirdparty.io.grpc.StatusRuntimeException: UNAVAILABLE: io exception
	at java.util.concurrent.FutureTask.report(FutureTask.java:122)
	at java.util.concurrent.FutureTask.get(FutureTask.java:192)
	at org.apache.ratis.server.impl.LeaderElection.waitForResults(LeaderElection.java:263)
	at org.apache.ratis.server.impl.LeaderElection.askForVotes(LeaderElection.java:201)
	at org.apache.ratis.server.impl.LeaderElection.run(LeaderElection.java:133)
	at java.lang.Thread.run(Thread.java:748)
Caused by: org.apache.ratis.thirdparty.io.grpc.StatusRuntimeException: UNAVAILABLE: io exception
	at org.apache.ratis.thirdparty.io.grpc.stub.ClientCalls.toStatusRuntimeException(ClientCalls.java:233)
	at org.apache.ratis.thirdparty.io.grpc.stub.ClientCalls.getUnchecked(ClientCalls.java:214)
	at org.apache.ratis.thirdparty.io.grpc.stub.ClientCalls.blockingUnaryCall(ClientCalls.java:139)
	at org.apache.ratis.proto.grpc.RaftServerProtocolServiceGrpc$RaftServerProtocolServiceBlockingStub.requestVote(RaftServerProtocolServiceGrpc.java:265)
	at org.apache.ratis.grpc.server.GrpcServerProtocolClient.requestVote(GrpcServerProtocolClient.java:90)
	at org.apache.ratis.grpc.server.GrpcService.requestVote(GrpcService.java:204)
	at org.apache.ratis.server.impl.LeaderElection.lambda$submitRequests$1(LeaderElection.java:238)
	at java.util.concurrent.FutureTask.run(FutureTask.java:266)
	at java.util.concurrent.Executors$RunnableAdapter.call(Executors.java:511)
	at java.util.concurrent.FutureTask.run(FutureTask.java:266)
	at java.util.concurrent.ThreadPoolExecutor.runWorker(ThreadPoolExecutor.java:1149)
	at java.util.concurrent.ThreadPoolExecutor$Worker.run(ThreadPoolExecutor.java:624)
	... 1 more
Caused by: org.apache.ratis.thirdparty.io.netty.channel.AbstractChannel$AnnotatedConnectException: Connection refused: /192.168.157.219:42903
	at sun.nio.ch.SocketChannelImpl.checkConnect(Native Method)
	at sun.nio.ch.SocketChannelImpl.finishConnect(SocketChannelImpl.java:717)
	at org.apache.ratis.thirdparty.io.netty.channel.socket.nio.NioSocketChannel.doFinishConnect(NioSocketChannel.java:327)
	at org.apache.ratis.thirdparty.io.netty.channel.nio.AbstractNioChannel$AbstractNioUnsafe.finishConnect(AbstractNioChannel.java:340)
	at org.apache.ratis.thirdparty.io.netty.channel.nio.NioEventLoop.processSelectedKey(NioEventLoop.java:632)
	at org.apache.ratis.thirdparty.io.netty.channel.nio.NioEventLoop.processSelectedKeysOptimized(NioEventLoop.java:579)
	at org.apache.ratis.thirdparty.io.netty.channel.nio.NioEventLoop.processSelectedKeys(NioEventLoop.java:496)
	at org.apache.ratis.thirdparty.io.netty.channel.nio.NioEventLoop.run(NioEventLoop.java:458)
	at org.apache.ratis.thirdparty.io.netty.util.concurrent.SingleThreadEventExecutor$5.run(SingleThreadEventExecutor.java:897)
	at org.apache.ratis.thirdparty.io.netty.util.concurrent.FastThreadLocalRunnable.run(FastThreadLocalRunnable.java:30)
	... 1 more
Caused by: java.net.ConnectException: Connection refused
	... 11 more
2019-09-17 11:51:49,340 [db5c95e9-dab2-4d3b-9775-2e3d4de03f2d@group-4033F378C501:LeaderElection33] INFO  impl.LeaderElection (LeaderElection.java:logAndReturn(56)) - db5c95e9-dab2-4d3b-9775-2e3d4de03f2d@group-4033F378C501:LeaderElection33: Election REJECTED; received 0 response(s) [] and 2 exception(s); db5c95e9-dab2-4d3b-9775-2e3d4de03f2d@group-4033F378C501:t18, leader=null, voted=db5c95e9-dab2-4d3b-9775-2e3d4de03f2d, raftlog=db5c95e9-dab2-4d3b-9775-2e3d4de03f2d@group-4033F378C501-SegmentedRaftLog:OPENED:c28,f28,i28, conf=0: [768e87e1-01a1-4abe-adbb-724fc729cfde:192.168.157.219:39557, 0efbdbeb-0caf-4be4-a340-f9adf92e227b:192.168.157.219:42903, db5c95e9-dab2-4d3b-9775-2e3d4de03f2d:192.168.157.219:43472], old=null
2019-09-17 11:51:49,341 [db5c95e9-dab2-4d3b-9775-2e3d4de03f2d@group-4033F378C501:LeaderElection33] INFO  impl.LeaderElection (LogUtils.java:infoOrTrace(149)) -   Exception 0: {}
java.util.concurrent.ExecutionException: org.apache.ratis.thirdparty.io.grpc.StatusRuntimeException: UNAVAILABLE: io exception
	at java.util.concurrent.FutureTask.report(FutureTask.java:122)
	at java.util.concurrent.FutureTask.get(FutureTask.java:192)
	at org.apache.ratis.server.impl.LeaderElection.waitForResults(LeaderElection.java:263)
	at org.apache.ratis.server.impl.LeaderElection.askForVotes(LeaderElection.java:201)
	at org.apache.ratis.server.impl.LeaderElection.run(LeaderElection.java:133)
	at java.lang.Thread.run(Thread.java:748)
Caused by: org.apache.ratis.thirdparty.io.grpc.StatusRuntimeException: UNAVAILABLE: io exception
	at org.apache.ratis.thirdparty.io.grpc.stub.ClientCalls.toStatusRuntimeException(ClientCalls.java:233)
	at org.apache.ratis.thirdparty.io.grpc.stub.ClientCalls.getUnchecked(ClientCalls.java:214)
	at org.apache.ratis.thirdparty.io.grpc.stub.ClientCalls.blockingUnaryCall(ClientCalls.java:139)
	at org.apache.ratis.proto.grpc.RaftServerProtocolServiceGrpc$RaftServerProtocolServiceBlockingStub.requestVote(RaftServerProtocolServiceGrpc.java:265)
	at org.apache.ratis.grpc.server.GrpcServerProtocolClient.requestVote(GrpcServerProtocolClient.java:90)
	at org.apache.ratis.grpc.server.GrpcService.requestVote(GrpcService.java:204)
	at org.apache.ratis.server.impl.LeaderElection.lambda$submitRequests$1(LeaderElection.java:238)
	at java.util.concurrent.FutureTask.run(FutureTask.java:266)
	at java.util.concurrent.Executors$RunnableAdapter.call(Executors.java:511)
	at java.util.concurrent.FutureTask.run(FutureTask.java:266)
	at java.util.concurrent.ThreadPoolExecutor.runWorker(ThreadPoolExecutor.java:1149)
	at java.util.concurrent.ThreadPoolExecutor$Worker.run(ThreadPoolExecutor.java:624)
	... 1 more
Caused by: org.apache.ratis.thirdparty.io.netty.channel.AbstractChannel$AnnotatedConnectException: Connection refused: /192.168.157.219:39557
	at sun.nio.ch.SocketChannelImpl.checkConnect(Native Method)
	at sun.nio.ch.SocketChannelImpl.finishConnect(SocketChannelImpl.java:717)
	at org.apache.ratis.thirdparty.io.netty.channel.socket.nio.NioSocketChannel.doFinishConnect(NioSocketChannel.java:327)
	at org.apache.ratis.thirdparty.io.netty.channel.nio.AbstractNioChannel$AbstractNioUnsafe.finishConnect(AbstractNioChannel.java:340)
	at org.apache.ratis.thirdparty.io.netty.channel.nio.NioEventLoop.processSelectedKey(NioEventLoop.java:632)
	at org.apache.ratis.thirdparty.io.netty.channel.nio.NioEventLoop.processSelectedKeysOptimized(NioEventLoop.java:579)
	at org.apache.ratis.thirdparty.io.netty.channel.nio.NioEventLoop.processSelectedKeys(NioEventLoop.java:496)
	at org.apache.ratis.thirdparty.io.netty.channel.nio.NioEventLoop.run(NioEventLoop.java:458)
	at org.apache.ratis.thirdparty.io.netty.util.concurrent.SingleThreadEventExecutor$5.run(SingleThreadEventExecutor.java:897)
	at org.apache.ratis.thirdparty.io.netty.util.concurrent.FastThreadLocalRunnable.run(FastThreadLocalRunnable.java:30)
	... 1 more
Caused by: java.net.ConnectException: Connection refused
	... 11 more
2019-09-17 11:51:49,341 [db5c95e9-dab2-4d3b-9775-2e3d4de03f2d@group-4033F378C501:LeaderElection33] INFO  impl.LeaderElection (LogUtils.java:infoOrTrace(149)) -   Exception 1: {}
java.util.concurrent.ExecutionException: org.apache.ratis.thirdparty.io.grpc.StatusRuntimeException: UNAVAILABLE: io exception
	at java.util.concurrent.FutureTask.report(FutureTask.java:122)
	at java.util.concurrent.FutureTask.get(FutureTask.java:192)
	at org.apache.ratis.server.impl.LeaderElection.waitForResults(LeaderElection.java:263)
	at org.apache.ratis.server.impl.LeaderElection.askForVotes(LeaderElection.java:201)
	at org.apache.ratis.server.impl.LeaderElection.run(LeaderElection.java:133)
	at java.lang.Thread.run(Thread.java:748)
Caused by: org.apache.ratis.thirdparty.io.grpc.StatusRuntimeException: UNAVAILABLE: io exception
	at org.apache.ratis.thirdparty.io.grpc.stub.ClientCalls.toStatusRuntimeException(ClientCalls.java:233)
	at org.apache.ratis.thirdparty.io.grpc.stub.ClientCalls.getUnchecked(ClientCalls.java:214)
	at org.apache.ratis.thirdparty.io.grpc.stub.ClientCalls.blockingUnaryCall(ClientCalls.java:139)
	at org.apache.ratis.proto.grpc.RaftServerProtocolServiceGrpc$RaftServerProtocolServiceBlockingStub.requestVote(RaftServerProtocolServiceGrpc.java:265)
	at org.apache.ratis.grpc.server.GrpcServerProtocolClient.requestVote(GrpcServerProtocolClient.java:90)
	at org.apache.ratis.grpc.server.GrpcService.requestVote(GrpcService.java:204)
	at org.apache.ratis.server.impl.LeaderElection.lambda$submitRequests$1(LeaderElection.java:238)
	at java.util.concurrent.FutureTask.run(FutureTask.java:266)
	at java.util.concurrent.Executors$RunnableAdapter.call(Executors.java:511)
	at java.util.concurrent.FutureTask.run(FutureTask.java:266)
	at java.util.concurrent.ThreadPoolExecutor.runWorker(ThreadPoolExecutor.java:1149)
	at java.util.concurrent.ThreadPoolExecutor$Worker.run(ThreadPoolExecutor.java:624)
	... 1 more
Caused by: org.apache.ratis.thirdparty.io.netty.channel.AbstractChannel$AnnotatedConnectException: Connection refused: /192.168.157.219:42903
	at sun.nio.ch.SocketChannelImpl.checkConnect(Native Method)
	at sun.nio.ch.SocketChannelImpl.finishConnect(SocketChannelImpl.java:717)
	at org.apache.ratis.thirdparty.io.netty.channel.socket.nio.NioSocketChannel.doFinishConnect(NioSocketChannel.java:327)
	at org.apache.ratis.thirdparty.io.netty.channel.nio.AbstractNioChannel$AbstractNioUnsafe.finishConnect(AbstractNioChannel.java:340)
	at org.apache.ratis.thirdparty.io.netty.channel.nio.NioEventLoop.processSelectedKey(NioEventLoop.java:632)
	at org.apache.ratis.thirdparty.io.netty.channel.nio.NioEventLoop.processSelectedKeysOptimized(NioEventLoop.java:579)
	at org.apache.ratis.thirdparty.io.netty.channel.nio.NioEventLoop.processSelectedKeys(NioEventLoop.java:496)
	at org.apache.ratis.thirdparty.io.netty.channel.nio.NioEventLoop.run(NioEventLoop.java:458)
	at org.apache.ratis.thirdparty.io.netty.util.concurrent.SingleThreadEventExecutor$5.run(SingleThreadEventExecutor.java:897)
	at org.apache.ratis.thirdparty.io.netty.util.concurrent.FastThreadLocalRunnable.run(FastThreadLocalRunnable.java:30)
	... 1 more
Caused by: java.net.ConnectException: Connection refused
	... 11 more
2019-09-17 11:51:49,342 [db5c95e9-dab2-4d3b-9775-2e3d4de03f2d@group-4033F378C501:LeaderElection33] INFO  impl.RaftServerImpl (RaftServerImpl.java:setRole(174)) - db5c95e9-dab2-4d3b-9775-2e3d4de03f2d@group-4033F378C501: changes role from CANDIDATE to FOLLOWER at term 18 for DISCOVERED_A_NEW_TERM
2019-09-17 11:51:49,342 [db5c95e9-dab2-4d3b-9775-2e3d4de03f2d@group-4033F378C501:LeaderElection33] INFO  impl.RoleInfo (RoleInfo.java:shutdownLeaderElection(134)) - db5c95e9-dab2-4d3b-9775-2e3d4de03f2d: shutdown LeaderElection
2019-09-17 11:51:49,342 [db5c95e9-dab2-4d3b-9775-2e3d4de03f2d@group-4033F378C501:LeaderElection33] INFO  impl.RoleInfo (RoleInfo.java:updateAndGet(143)) - db5c95e9-dab2-4d3b-9775-2e3d4de03f2d: start FollowerState
2019-09-17 11:51:49,497 [java.util.concurrent.ThreadPoolExecutor$Worker@260d162e[State = -1, empty queue]] WARN  server.GrpcLogAppender (GrpcLogAppender.java:timeoutAppendRequest(200)) - 166adff3-52d0-4f60-8e58-0e12ed96f4bf@group-012F5F91B630->478df2fd-32fa-402c-a09a-4121263fb7de-GrpcLogAppender: appendEntries Timeout, request=166adff3-52d0-4f60-8e58-0e12ed96f4bf->478df2fd-32fa-402c-a09a-4121263fb7de#143-t1, previous=(t:1, i:36), leaderCommit=32, initializing? false, entries: <empty>
2019-09-17 11:51:49,497 [java.util.concurrent.ThreadPoolExecutor$Worker@9b33cb9[State = -1, empty queue]] WARN  server.GrpcLogAppender (GrpcLogAppender.java:timeoutAppendRequest(200)) - 166adff3-52d0-4f60-8e58-0e12ed96f4bf@group-012F5F91B630->ab50ed4d-57db-4f38-bd59-74c03932909c-GrpcLogAppender: appendEntries Timeout, request=166adff3-52d0-4f60-8e58-0e12ed96f4bf->ab50ed4d-57db-4f38-bd59-74c03932909c#143-t1, previous=(t:1, i:36), leaderCommit=32, initializing? false, entries: <empty>
2019-09-17 11:51:49,644 [java.util.concurrent.ThreadPoolExecutor$Worker@5a9b47f8[State = -1, empty queue]] WARN  server.GrpcLogAppender (GrpcLogAppender.java:timeoutAppendRequest(200)) - ee155057-4acb-4f3f-9013-4bd3c5a101b6@group-B3F5A0A8BDBD->90cc32e6-bdd6-4f93-abb1-bc520dd025bc-GrpcLogAppender: appendEntries Timeout, request=ee155057-4acb-4f3f-9013-4bd3c5a101b6->90cc32e6-bdd6-4f93-abb1-bc520dd025bc#127-t2, previous=(t:2, i:20), leaderCommit=16, initializing? false, entries: <empty>
2019-09-17 11:51:49,644 [java.util.concurrent.ThreadPoolExecutor$Worker@3cd8d43b[State = -1, empty queue]] WARN  server.GrpcLogAppender (GrpcLogAppender.java:timeoutAppendRequest(200)) - ee155057-4acb-4f3f-9013-4bd3c5a101b6@group-B3F5A0A8BDBD->533f21c9-6148-4926-981b-3030ea271196-GrpcLogAppender: appendEntries Timeout, request=ee155057-4acb-4f3f-9013-4bd3c5a101b6->533f21c9-6148-4926-981b-3030ea271196#127-t2, previous=(t:2, i:20), leaderCommit=16, initializing? false, entries: <empty>
2019-09-17 11:51:49,978 [166adff3-52d0-4f60-8e58-0e12ed96f4bf@group-012F5F91B630-SegmentedRaftLogWorker] WARN  segmented.SegmentedRaftLogWorker (SegmentedRaftLogWorker.java:getFromFuture(90)) - Timeout 0/~
org.apache.ratis.protocol.TimeoutIOException: Timeout 10s: WriteLog:33: (t:1, i:33), STATEMACHINELOGENTRY, client-CC55B186F28B, cid=71-writeStateMachineData
	at org.apache.ratis.util.IOUtils.getFromFuture(IOUtils.java:87)
	at org.apache.ratis.server.raftlog.segmented.SegmentedRaftLogWorker$StateMachineDataPolicy.getFromFuture(SegmentedRaftLogWorker.java:87)
	at org.apache.ratis.server.raftlog.segmented.SegmentedRaftLogWorker$WriteLog.execute(SegmentedRaftLogWorker.java:477)
	at org.apache.ratis.server.raftlog.segmented.SegmentedRaftLogWorker.run(SegmentedRaftLogWorker.java:289)
	at java.lang.Thread.run(Thread.java:748)
Caused by: java.util.concurrent.TimeoutException
	at java.util.concurrent.CompletableFuture.timedGet(CompletableFuture.java:1771)
	at java.util.concurrent.CompletableFuture.get(CompletableFuture.java:1915)
	at org.apache.ratis.util.IOUtils.getFromFuture(IOUtils.java:79)
	... 4 more
2019-09-17 11:51:49,981 [ab50ed4d-57db-4f38-bd59-74c03932909c@group-012F5F91B630-SegmentedRaftLogWorker] WARN  segmented.SegmentedRaftLogWorker (SegmentedRaftLogWorker.java:getFromFuture(90)) - Timeout 0/~
org.apache.ratis.protocol.TimeoutIOException: Timeout 10s: WriteLog:33: (t:1, i:33), STATEMACHINELOGENTRY, client-CC55B186F28B, cid=71-writeStateMachineData
	at org.apache.ratis.util.IOUtils.getFromFuture(IOUtils.java:87)
	at org.apache.ratis.server.raftlog.segmented.SegmentedRaftLogWorker$StateMachineDataPolicy.getFromFuture(SegmentedRaftLogWorker.java:87)
	at org.apache.ratis.server.raftlog.segmented.SegmentedRaftLogWorker$WriteLog.execute(SegmentedRaftLogWorker.java:477)
	at org.apache.ratis.server.raftlog.segmented.SegmentedRaftLogWorker.run(SegmentedRaftLogWorker.java:289)
	at java.lang.Thread.run(Thread.java:748)
Caused by: java.util.concurrent.TimeoutException
	at java.util.concurrent.CompletableFuture.timedGet(CompletableFuture.java:1771)
	at java.util.concurrent.CompletableFuture.get(CompletableFuture.java:1915)
	at org.apache.ratis.util.IOUtils.getFromFuture(IOUtils.java:79)
	... 4 more
2019-09-17 11:51:49,982 [478df2fd-32fa-402c-a09a-4121263fb7de@group-012F5F91B630-SegmentedRaftLogWorker] WARN  segmented.SegmentedRaftLogWorker (SegmentedRaftLogWorker.java:getFromFuture(90)) - Timeout 0/~
org.apache.ratis.protocol.TimeoutIOException: Timeout 10s: WriteLog:33: (t:1, i:33), STATEMACHINELOGENTRY, client-CC55B186F28B, cid=71-writeStateMachineData
	at org.apache.ratis.util.IOUtils.getFromFuture(IOUtils.java:87)
	at org.apache.ratis.server.raftlog.segmented.SegmentedRaftLogWorker$StateMachineDataPolicy.getFromFuture(SegmentedRaftLogWorker.java:87)
	at org.apache.ratis.server.raftlog.segmented.SegmentedRaftLogWorker$WriteLog.execute(SegmentedRaftLogWorker.java:477)
	at org.apache.ratis.server.raftlog.segmented.SegmentedRaftLogWorker.run(SegmentedRaftLogWorker.java:289)
	at java.lang.Thread.run(Thread.java:748)
Caused by: java.util.concurrent.TimeoutException
	at java.util.concurrent.CompletableFuture.timedGet(CompletableFuture.java:1771)
	at java.util.concurrent.CompletableFuture.get(CompletableFuture.java:1915)
	at org.apache.ratis.util.IOUtils.getFromFuture(IOUtils.java:79)
	... 4 more
2019-09-17 11:51:49,997 [java.util.concurrent.ThreadPoolExecutor$Worker@9b33cb9[State = -1, empty queue]] WARN  server.GrpcLogAppender (GrpcLogAppender.java:timeoutAppendRequest(200)) - 166adff3-52d0-4f60-8e58-0e12ed96f4bf@group-012F5F91B630->ab50ed4d-57db-4f38-bd59-74c03932909c-GrpcLogAppender: appendEntries Timeout, request=166adff3-52d0-4f60-8e58-0e12ed96f4bf->ab50ed4d-57db-4f38-bd59-74c03932909c#144-t1, previous=(t:1, i:36), leaderCommit=32, initializing? false, entries: <empty>
2019-09-17 11:51:49,997 [java.util.concurrent.ThreadPoolExecutor$Worker@260d162e[State = -1, empty queue]] WARN  server.GrpcLogAppender (GrpcLogAppender.java:timeoutAppendRequest(200)) - 166adff3-52d0-4f60-8e58-0e12ed96f4bf@group-012F5F91B630->478df2fd-32fa-402c-a09a-4121263fb7de-GrpcLogAppender: appendEntries Timeout, request=166adff3-52d0-4f60-8e58-0e12ed96f4bf->478df2fd-32fa-402c-a09a-4121263fb7de#144-t1, previous=(t:1, i:36), leaderCommit=32, initializing? false, entries: <empty>
2019-09-17 11:51:50,068 [grpc-default-executor-1] INFO  client.GrpcClientProtocolClient (GrpcClientProtocolClient.java:onNext(264)) - client-CC55B186F28B->ab50ed4d-57db-4f38-bd59-74c03932909c: receive RaftClientReply:client-CC55B186F28B->ab50ed4d-57db-4f38-bd59-74c03932909c@group-012F5F91B630, cid=71, FAILED org.apache.ratis.protocol.NotLeaderException: Server ab50ed4d-57db-4f38-bd59-74c03932909c@group-012F5F91B630 is not the leader 166adff3-52d0-4f60-8e58-0e12ed96f4bf:192.168.157.219:39836, logIndex=0, commits[ab50ed4d-57db-4f38-bd59-74c03932909c:c32, 166adff3-52d0-4f60-8e58-0e12ed96f4bf:c32, 478df2fd-32fa-402c-a09a-4121263fb7de:c28]
2019-09-17 11:51:50,147 [java.util.concurrent.ThreadPoolExecutor$Worker@5a9b47f8[State = -1, empty queue]] WARN  server.GrpcLogAppender (GrpcLogAppender.java:timeoutAppendRequest(200)) - ee155057-4acb-4f3f-9013-4bd3c5a101b6@group-B3F5A0A8BDBD->90cc32e6-bdd6-4f93-abb1-bc520dd025bc-GrpcLogAppender: appendEntries Timeout, request=ee155057-4acb-4f3f-9013-4bd3c5a101b6->90cc32e6-bdd6-4f93-abb1-bc520dd025bc#128-t2, previous=(t:2, i:20), leaderCommit=16, initializing? false, entries: <empty>
2019-09-17 11:51:50,147 [java.util.concurrent.ThreadPoolExecutor$Worker@3cd8d43b[State = -1, empty queue]] WARN  server.GrpcLogAppender (GrpcLogAppender.java:timeoutAppendRequest(200)) - ee155057-4acb-4f3f-9013-4bd3c5a101b6@group-B3F5A0A8BDBD->533f21c9-6148-4926-981b-3030ea271196-GrpcLogAppender: appendEntries Timeout, request=ee155057-4acb-4f3f-9013-4bd3c5a101b6->533f21c9-6148-4926-981b-3030ea271196#128-t2, previous=(t:2, i:20), leaderCommit=16, initializing? false, entries: <empty>
2019-09-17 11:51:50,415 [Thread-1344] INFO  impl.FollowerState (FollowerState.java:run(106)) - db5c95e9-dab2-4d3b-9775-2e3d4de03f2d:group-4033F378C501 changes to CANDIDATE, lastRpcTime:1072, electionTimeout:1072ms
2019-09-17 11:51:50,415 [Thread-1344] INFO  impl.RoleInfo (RoleInfo.java:shutdownFollowerState(121)) - db5c95e9-dab2-4d3b-9775-2e3d4de03f2d: shutdown FollowerState
2019-09-17 11:51:50,416 [Thread-1344] INFO  impl.RaftServerImpl (RaftServerImpl.java:setRole(174)) - db5c95e9-dab2-4d3b-9775-2e3d4de03f2d@group-4033F378C501: changes role from  FOLLOWER to CANDIDATE at term 18 for changeToCandidate
2019-09-17 11:51:50,416 [Thread-1344] INFO  impl.RoleInfo (RoleInfo.java:updateAndGet(143)) - db5c95e9-dab2-4d3b-9775-2e3d4de03f2d: start LeaderElection
2019-09-17 11:51:50,435 [db5c95e9-dab2-4d3b-9775-2e3d4de03f2d@group-4033F378C501:LeaderElection34] INFO  impl.LeaderElection (LeaderElection.java:askForVotes(182)) - db5c95e9-dab2-4d3b-9775-2e3d4de03f2d@group-4033F378C501:LeaderElection34: begin an election at term 19 for 0: [768e87e1-01a1-4abe-adbb-724fc729cfde:192.168.157.219:39557, 0efbdbeb-0caf-4be4-a340-f9adf92e227b:192.168.157.219:42903, db5c95e9-dab2-4d3b-9775-2e3d4de03f2d:192.168.157.219:43472], old=null
2019-09-17 11:51:50,437 [db5c95e9-dab2-4d3b-9775-2e3d4de03f2d@group-4033F378C501:LeaderElection34] INFO  impl.LeaderElection (LogUtils.java:infoOrTrace(149)) - db5c95e9-dab2-4d3b-9775-2e3d4de03f2d@group-4033F378C501:LeaderElection34 got exception when requesting votes: {}
java.util.concurrent.ExecutionException: org.apache.ratis.thirdparty.io.grpc.StatusRuntimeException: UNAVAILABLE: io exception
	at java.util.concurrent.FutureTask.report(FutureTask.java:122)
	at java.util.concurrent.FutureTask.get(FutureTask.java:192)
	at org.apache.ratis.server.impl.LeaderElection.waitForResults(LeaderElection.java:263)
	at org.apache.ratis.server.impl.LeaderElection.askForVotes(LeaderElection.java:201)
	at org.apache.ratis.server.impl.LeaderElection.run(LeaderElection.java:133)
	at java.lang.Thread.run(Thread.java:748)
Caused by: org.apache.ratis.thirdparty.io.grpc.StatusRuntimeException: UNAVAILABLE: io exception
	at org.apache.ratis.thirdparty.io.grpc.stub.ClientCalls.toStatusRuntimeException(ClientCalls.java:233)
	at org.apache.ratis.thirdparty.io.grpc.stub.ClientCalls.getUnchecked(ClientCalls.java:214)
	at org.apache.ratis.thirdparty.io.grpc.stub.ClientCalls.blockingUnaryCall(ClientCalls.java:139)
	at org.apache.ratis.proto.grpc.RaftServerProtocolServiceGrpc$RaftServerProtocolServiceBlockingStub.requestVote(RaftServerProtocolServiceGrpc.java:265)
	at org.apache.ratis.grpc.server.GrpcServerProtocolClient.requestVote(GrpcServerProtocolClient.java:90)
	at org.apache.ratis.grpc.server.GrpcService.requestVote(GrpcService.java:204)
	at org.apache.ratis.server.impl.LeaderElection.lambda$submitRequests$1(LeaderElection.java:238)
	at java.util.concurrent.FutureTask.run(FutureTask.java:266)
	at java.util.concurrent.Executors$RunnableAdapter.call(Executors.java:511)
	at java.util.concurrent.FutureTask.run(FutureTask.java:266)
	at java.util.concurrent.ThreadPoolExecutor.runWorker(ThreadPoolExecutor.java:1149)
	at java.util.concurrent.ThreadPoolExecutor$Worker.run(ThreadPoolExecutor.java:624)
	... 1 more
Caused by: org.apache.ratis.thirdparty.io.netty.channel.AbstractChannel$AnnotatedConnectException: Connection refused: /192.168.157.219:42903
	at sun.nio.ch.SocketChannelImpl.checkConnect(Native Method)
	at sun.nio.ch.SocketChannelImpl.finishConnect(SocketChannelImpl.java:717)
	at org.apache.ratis.thirdparty.io.netty.channel.socket.nio.NioSocketChannel.doFinishConnect(NioSocketChannel.java:327)
	at org.apache.ratis.thirdparty.io.netty.channel.nio.AbstractNioChannel$AbstractNioUnsafe.finishConnect(AbstractNioChannel.java:340)
	at org.apache.ratis.thirdparty.io.netty.channel.nio.NioEventLoop.processSelectedKey(NioEventLoop.java:632)
	at org.apache.ratis.thirdparty.io.netty.channel.nio.NioEventLoop.processSelectedKeysOptimized(NioEventLoop.java:579)
	at org.apache.ratis.thirdparty.io.netty.channel.nio.NioEventLoop.processSelectedKeys(NioEventLoop.java:496)
	at org.apache.ratis.thirdparty.io.netty.channel.nio.NioEventLoop.run(NioEventLoop.java:458)
	at org.apache.ratis.thirdparty.io.netty.util.concurrent.SingleThreadEventExecutor$5.run(SingleThreadEventExecutor.java:897)
	at org.apache.ratis.thirdparty.io.netty.util.concurrent.FastThreadLocalRunnable.run(FastThreadLocalRunnable.java:30)
	... 1 more
Caused by: java.net.ConnectException: Connection refused
	... 11 more
2019-09-17 11:51:50,442 [db5c95e9-dab2-4d3b-9775-2e3d4de03f2d@group-4033F378C501:LeaderElection34] INFO  impl.LeaderElection (LogUtils.java:infoOrTrace(149)) - db5c95e9-dab2-4d3b-9775-2e3d4de03f2d@group-4033F378C501:LeaderElection34 got exception when requesting votes: {}
java.util.concurrent.ExecutionException: org.apache.ratis.thirdparty.io.grpc.StatusRuntimeException: UNAVAILABLE: io exception
	at java.util.concurrent.FutureTask.report(FutureTask.java:122)
	at java.util.concurrent.FutureTask.get(FutureTask.java:192)
	at org.apache.ratis.server.impl.LeaderElection.waitForResults(LeaderElection.java:263)
	at org.apache.ratis.server.impl.LeaderElection.askForVotes(LeaderElection.java:201)
	at org.apache.ratis.server.impl.LeaderElection.run(LeaderElection.java:133)
	at java.lang.Thread.run(Thread.java:748)
Caused by: org.apache.ratis.thirdparty.io.grpc.StatusRuntimeException: UNAVAILABLE: io exception
	at org.apache.ratis.thirdparty.io.grpc.stub.ClientCalls.toStatusRuntimeException(ClientCalls.java:233)
	at org.apache.ratis.thirdparty.io.grpc.stub.ClientCalls.getUnchecked(ClientCalls.java:214)
	at org.apache.ratis.thirdparty.io.grpc.stub.ClientCalls.blockingUnaryCall(ClientCalls.java:139)
	at org.apache.ratis.proto.grpc.RaftServerProtocolServiceGrpc$RaftServerProtocolServiceBlockingStub.requestVote(RaftServerProtocolServiceGrpc.java:265)
	at org.apache.ratis.grpc.server.GrpcServerProtocolClient.requestVote(GrpcServerProtocolClient.java:90)
	at org.apache.ratis.grpc.server.GrpcService.requestVote(GrpcService.java:204)
	at org.apache.ratis.server.impl.LeaderElection.lambda$submitRequests$1(LeaderElection.java:238)
	at java.util.concurrent.FutureTask.run(FutureTask.java:266)
	at java.util.concurrent.Executors$RunnableAdapter.call(Executors.java:511)
	at java.util.concurrent.FutureTask.run(FutureTask.java:266)
	at java.util.concurrent.ThreadPoolExecutor.runWorker(ThreadPoolExecutor.java:1149)
	at java.util.concurrent.ThreadPoolExecutor$Worker.run(ThreadPoolExecutor.java:624)
	... 1 more
Caused by: org.apache.ratis.thirdparty.io.netty.channel.AbstractChannel$AnnotatedConnectException: Connection refused: /192.168.157.219:39557
	at sun.nio.ch.SocketChannelImpl.checkConnect(Native Method)
	at sun.nio.ch.SocketChannelImpl.finishConnect(SocketChannelImpl.java:717)
	at org.apache.ratis.thirdparty.io.netty.channel.socket.nio.NioSocketChannel.doFinishConnect(NioSocketChannel.java:327)
	at org.apache.ratis.thirdparty.io.netty.channel.nio.AbstractNioChannel$AbstractNioUnsafe.finishConnect(AbstractNioChannel.java:340)
	at org.apache.ratis.thirdparty.io.netty.channel.nio.NioEventLoop.processSelectedKey(NioEventLoop.java:632)
	at org.apache.ratis.thirdparty.io.netty.channel.nio.NioEventLoop.processSelectedKeysOptimized(NioEventLoop.java:579)
	at org.apache.ratis.thirdparty.io.netty.channel.nio.NioEventLoop.processSelectedKeys(NioEventLoop.java:496)
	at org.apache.ratis.thirdparty.io.netty.channel.nio.NioEventLoop.run(NioEventLoop.java:458)
	at org.apache.ratis.thirdparty.io.netty.util.concurrent.SingleThreadEventExecutor$5.run(SingleThreadEventExecutor.java:897)
	at org.apache.ratis.thirdparty.io.netty.util.concurrent.FastThreadLocalRunnable.run(FastThreadLocalRunnable.java:30)
	... 1 more
Caused by: java.net.ConnectException: Connection refused
	... 11 more
2019-09-17 11:51:50,445 [db5c95e9-dab2-4d3b-9775-2e3d4de03f2d@group-4033F378C501:LeaderElection34] INFO  impl.LeaderElection (LeaderElection.java:logAndReturn(56)) - db5c95e9-dab2-4d3b-9775-2e3d4de03f2d@group-4033F378C501:LeaderElection34: Election REJECTED; received 0 response(s) [] and 2 exception(s); db5c95e9-dab2-4d3b-9775-2e3d4de03f2d@group-4033F378C501:t19, leader=null, voted=db5c95e9-dab2-4d3b-9775-2e3d4de03f2d, raftlog=db5c95e9-dab2-4d3b-9775-2e3d4de03f2d@group-4033F378C501-SegmentedRaftLog:OPENED:c28,f28,i28, conf=0: [768e87e1-01a1-4abe-adbb-724fc729cfde:192.168.157.219:39557, 0efbdbeb-0caf-4be4-a340-f9adf92e227b:192.168.157.219:42903, db5c95e9-dab2-4d3b-9775-2e3d4de03f2d:192.168.157.219:43472], old=null
2019-09-17 11:51:50,445 [db5c95e9-dab2-4d3b-9775-2e3d4de03f2d@group-4033F378C501:LeaderElection34] INFO  impl.LeaderElection (LogUtils.java:infoOrTrace(149)) -   Exception 0: {}
java.util.concurrent.ExecutionException: org.apache.ratis.thirdparty.io.grpc.StatusRuntimeException: UNAVAILABLE: io exception
	at java.util.concurrent.FutureTask.report(FutureTask.java:122)
	at java.util.concurrent.FutureTask.get(FutureTask.java:192)
	at org.apache.ratis.server.impl.LeaderElection.waitForResults(LeaderElection.java:263)
	at org.apache.ratis.server.impl.LeaderElection.askForVotes(LeaderElection.java:201)
	at org.apache.ratis.server.impl.LeaderElection.run(LeaderElection.java:133)
	at java.lang.Thread.run(Thread.java:748)
Caused by: org.apache.ratis.thirdparty.io.grpc.StatusRuntimeException: UNAVAILABLE: io exception
	at org.apache.ratis.thirdparty.io.grpc.stub.ClientCalls.toStatusRuntimeException(ClientCalls.java:233)
	at org.apache.ratis.thirdparty.io.grpc.stub.ClientCalls.getUnchecked(ClientCalls.java:214)
	at org.apache.ratis.thirdparty.io.grpc.stub.ClientCalls.blockingUnaryCall(ClientCalls.java:139)
	at org.apache.ratis.proto.grpc.RaftServerProtocolServiceGrpc$RaftServerProtocolServiceBlockingStub.requestVote(RaftServerProtocolServiceGrpc.java:265)
	at org.apache.ratis.grpc.server.GrpcServerProtocolClient.requestVote(GrpcServerProtocolClient.java:90)
	at org.apache.ratis.grpc.server.GrpcService.requestVote(GrpcService.java:204)
	at org.apache.ratis.server.impl.LeaderElection.lambda$submitRequests$1(LeaderElection.java:238)
	at java.util.concurrent.FutureTask.run(FutureTask.java:266)
	at java.util.concurrent.Executors$RunnableAdapter.call(Executors.java:511)
	at java.util.concurrent.FutureTask.run(FutureTask.java:266)
	at java.util.concurrent.ThreadPoolExecutor.runWorker(ThreadPoolExecutor.java:1149)
	at java.util.concurrent.ThreadPoolExecutor$Worker.run(ThreadPoolExecutor.java:624)
	... 1 more
Caused by: org.apache.ratis.thirdparty.io.netty.channel.AbstractChannel$AnnotatedConnectException: Connection refused: /192.168.157.219:42903
	at sun.nio.ch.SocketChannelImpl.checkConnect(Native Method)
	at sun.nio.ch.SocketChannelImpl.finishConnect(SocketChannelImpl.java:717)
	at org.apache.ratis.thirdparty.io.netty.channel.socket.nio.NioSocketChannel.doFinishConnect(NioSocketChannel.java:327)
	at org.apache.ratis.thirdparty.io.netty.channel.nio.AbstractNioChannel$AbstractNioUnsafe.finishConnect(AbstractNioChannel.java:340)
	at org.apache.ratis.thirdparty.io.netty.channel.nio.NioEventLoop.processSelectedKey(NioEventLoop.java:632)
	at org.apache.ratis.thirdparty.io.netty.channel.nio.NioEventLoop.processSelectedKeysOptimized(NioEventLoop.java:579)
	at org.apache.ratis.thirdparty.io.netty.channel.nio.NioEventLoop.processSelectedKeys(NioEventLoop.java:496)
	at org.apache.ratis.thirdparty.io.netty.channel.nio.NioEventLoop.run(NioEventLoop.java:458)
	at org.apache.ratis.thirdparty.io.netty.util.concurrent.SingleThreadEventExecutor$5.run(SingleThreadEventExecutor.java:897)
	at org.apache.ratis.thirdparty.io.netty.util.concurrent.FastThreadLocalRunnable.run(FastThreadLocalRunnable.java:30)
	... 1 more
Caused by: java.net.ConnectException: Connection refused
	... 11 more
2019-09-17 11:51:50,446 [db5c95e9-dab2-4d3b-9775-2e3d4de03f2d@group-4033F378C501:LeaderElection34] INFO  impl.LeaderElection (LogUtils.java:infoOrTrace(149)) -   Exception 1: {}
java.util.concurrent.ExecutionException: org.apache.ratis.thirdparty.io.grpc.StatusRuntimeException: UNAVAILABLE: io exception
	at java.util.concurrent.FutureTask.report(FutureTask.java:122)
	at java.util.concurrent.FutureTask.get(FutureTask.java:192)
	at org.apache.ratis.server.impl.LeaderElection.waitForResults(LeaderElection.java:263)
	at org.apache.ratis.server.impl.LeaderElection.askForVotes(LeaderElection.java:201)
	at org.apache.ratis.server.impl.LeaderElection.run(LeaderElection.java:133)
	at java.lang.Thread.run(Thread.java:748)
Caused by: org.apache.ratis.thirdparty.io.grpc.StatusRuntimeException: UNAVAILABLE: io exception
	at org.apache.ratis.thirdparty.io.grpc.stub.ClientCalls.toStatusRuntimeException(ClientCalls.java:233)
	at org.apache.ratis.thirdparty.io.grpc.stub.ClientCalls.getUnchecked(ClientCalls.java:214)
	at org.apache.ratis.thirdparty.io.grpc.stub.ClientCalls.blockingUnaryCall(ClientCalls.java:139)
	at org.apache.ratis.proto.grpc.RaftServerProtocolServiceGrpc$RaftServerProtocolServiceBlockingStub.requestVote(RaftServerProtocolServiceGrpc.java:265)
	at org.apache.ratis.grpc.server.GrpcServerProtocolClient.requestVote(GrpcServerProtocolClient.java:90)
	at org.apache.ratis.grpc.server.GrpcService.requestVote(GrpcService.java:204)
	at org.apache.ratis.server.impl.LeaderElection.lambda$submitRequests$1(LeaderElection.java:238)
	at java.util.concurrent.FutureTask.run(FutureTask.java:266)
	at java.util.concurrent.Executors$RunnableAdapter.call(Executors.java:511)
	at java.util.concurrent.FutureTask.run(FutureTask.java:266)
	at java.util.concurrent.ThreadPoolExecutor.runWorker(ThreadPoolExecutor.java:1149)
	at java.util.concurrent.ThreadPoolExecutor$Worker.run(ThreadPoolExecutor.java:624)
	... 1 more
Caused by: org.apache.ratis.thirdparty.io.netty.channel.AbstractChannel$AnnotatedConnectException: Connection refused: /192.168.157.219:39557
	at sun.nio.ch.SocketChannelImpl.checkConnect(Native Method)
	at sun.nio.ch.SocketChannelImpl.finishConnect(SocketChannelImpl.java:717)
	at org.apache.ratis.thirdparty.io.netty.channel.socket.nio.NioSocketChannel.doFinishConnect(NioSocketChannel.java:327)
	at org.apache.ratis.thirdparty.io.netty.channel.nio.AbstractNioChannel$AbstractNioUnsafe.finishConnect(AbstractNioChannel.java:340)
	at org.apache.ratis.thirdparty.io.netty.channel.nio.NioEventLoop.processSelectedKey(NioEventLoop.java:632)
	at org.apache.ratis.thirdparty.io.netty.channel.nio.NioEventLoop.processSelectedKeysOptimized(NioEventLoop.java:579)
	at org.apache.ratis.thirdparty.io.netty.channel.nio.NioEventLoop.processSelectedKeys(NioEventLoop.java:496)
	at org.apache.ratis.thirdparty.io.netty.channel.nio.NioEventLoop.run(NioEventLoop.java:458)
	at org.apache.ratis.thirdparty.io.netty.util.concurrent.SingleThreadEventExecutor$5.run(SingleThreadEventExecutor.java:897)
	at org.apache.ratis.thirdparty.io.netty.util.concurrent.FastThreadLocalRunnable.run(FastThreadLocalRunnable.java:30)
	... 1 more
Caused by: java.net.ConnectException: Connection refused
	... 11 more
2019-09-17 11:51:50,446 [db5c95e9-dab2-4d3b-9775-2e3d4de03f2d@group-4033F378C501:LeaderElection34] INFO  impl.RaftServerImpl (RaftServerImpl.java:setRole(174)) - db5c95e9-dab2-4d3b-9775-2e3d4de03f2d@group-4033F378C501: changes role from CANDIDATE to FOLLOWER at term 19 for DISCOVERED_A_NEW_TERM
2019-09-17 11:51:50,447 [db5c95e9-dab2-4d3b-9775-2e3d4de03f2d@group-4033F378C501:LeaderElection34] INFO  impl.RoleInfo (RoleInfo.java:shutdownLeaderElection(134)) - db5c95e9-dab2-4d3b-9775-2e3d4de03f2d: shutdown LeaderElection
2019-09-17 11:51:50,447 [db5c95e9-dab2-4d3b-9775-2e3d4de03f2d@group-4033F378C501:LeaderElection34] INFO  impl.RoleInfo (RoleInfo.java:updateAndGet(143)) - db5c95e9-dab2-4d3b-9775-2e3d4de03f2d: start FollowerState
2019-09-17 11:51:50,497 [java.util.concurrent.ThreadPoolExecutor$Worker@9b33cb9[State = -1, empty queue]] WARN  server.GrpcLogAppender (GrpcLogAppender.java:timeoutAppendRequest(200)) - 166adff3-52d0-4f60-8e58-0e12ed96f4bf@group-012F5F91B630->ab50ed4d-57db-4f38-bd59-74c03932909c-GrpcLogAppender: appendEntries Timeout, request=166adff3-52d0-4f60-8e58-0e12ed96f4bf->ab50ed4d-57db-4f38-bd59-74c03932909c#145-t1, previous=(t:1, i:36), leaderCommit=32, initializing? false, entries: <empty>
2019-09-17 11:51:50,497 [java.util.concurrent.ThreadPoolExecutor$Worker@260d162e[State = -1, empty queue]] WARN  server.GrpcLogAppender (GrpcLogAppender.java:timeoutAppendRequest(200)) - 166adff3-52d0-4f60-8e58-0e12ed96f4bf@group-012F5F91B630->478df2fd-32fa-402c-a09a-4121263fb7de-GrpcLogAppender: appendEntries Timeout, request=166adff3-52d0-4f60-8e58-0e12ed96f4bf->478df2fd-32fa-402c-a09a-4121263fb7de#145-t1, previous=(t:1, i:36), leaderCommit=32, initializing? false, entries: <empty>
2019-09-17 11:51:50,647 [java.util.concurrent.ThreadPoolExecutor$Worker@5a9b47f8[State = -1, empty queue]] WARN  server.GrpcLogAppender (GrpcLogAppender.java:timeoutAppendRequest(200)) - ee155057-4acb-4f3f-9013-4bd3c5a101b6@group-B3F5A0A8BDBD->90cc32e6-bdd6-4f93-abb1-bc520dd025bc-GrpcLogAppender: appendEntries Timeout, request=ee155057-4acb-4f3f-9013-4bd3c5a101b6->90cc32e6-bdd6-4f93-abb1-bc520dd025bc#129-t2, previous=(t:2, i:20), leaderCommit=16, initializing? false, entries: <empty>
2019-09-17 11:51:50,647 [java.util.concurrent.ThreadPoolExecutor$Worker@3cd8d43b[State = -1, empty queue]] WARN  server.GrpcLogAppender (GrpcLogAppender.java:timeoutAppendRequest(200)) - ee155057-4acb-4f3f-9013-4bd3c5a101b6@group-B3F5A0A8BDBD->533f21c9-6148-4926-981b-3030ea271196-GrpcLogAppender: appendEntries Timeout, request=ee155057-4acb-4f3f-9013-4bd3c5a101b6->533f21c9-6148-4926-981b-3030ea271196#129-t2, previous=(t:2, i:20), leaderCommit=16, initializing? false, entries: <empty>
2019-09-17 11:51:50,998 [java.util.concurrent.ThreadPoolExecutor$Worker@9b33cb9[State = -1, empty queue]] WARN  server.GrpcLogAppender (GrpcLogAppender.java:timeoutAppendRequest(200)) - 166adff3-52d0-4f60-8e58-0e12ed96f4bf@group-012F5F91B630->ab50ed4d-57db-4f38-bd59-74c03932909c-GrpcLogAppender: appendEntries Timeout, request=166adff3-52d0-4f60-8e58-0e12ed96f4bf->ab50ed4d-57db-4f38-bd59-74c03932909c#146-t1, previous=(t:1, i:36), leaderCommit=32, initializing? false, entries: <empty>
2019-09-17 11:51:50,998 [java.util.concurrent.ThreadPoolExecutor$Worker@260d162e[State = -1, empty queue]] WARN  server.GrpcLogAppender (GrpcLogAppender.java:timeoutAppendRequest(200)) - 166adff3-52d0-4f60-8e58-0e12ed96f4bf@group-012F5F91B630->478df2fd-32fa-402c-a09a-4121263fb7de-GrpcLogAppender: appendEntries Timeout, request=166adff3-52d0-4f60-8e58-0e12ed96f4bf->478df2fd-32fa-402c-a09a-4121263fb7de#146-t1, previous=(t:1, i:36), leaderCommit=32, initializing? false, entries: <empty>
2019-09-17 11:51:51,147 [java.util.concurrent.ThreadPoolExecutor$Worker@5a9b47f8[State = -1, empty queue]] WARN  server.GrpcLogAppender (GrpcLogAppender.java:timeoutAppendRequest(200)) - ee155057-4acb-4f3f-9013-4bd3c5a101b6@group-B3F5A0A8BDBD->90cc32e6-bdd6-4f93-abb1-bc520dd025bc-GrpcLogAppender: appendEntries Timeout, request=ee155057-4acb-4f3f-9013-4bd3c5a101b6->90cc32e6-bdd6-4f93-abb1-bc520dd025bc#130-t2, previous=(t:2, i:20), leaderCommit=16, initializing? false, entries: <empty>
2019-09-17 11:51:51,147 [java.util.concurrent.ThreadPoolExecutor$Worker@3cd8d43b[State = -1, empty queue]] WARN  server.GrpcLogAppender (GrpcLogAppender.java:timeoutAppendRequest(200)) - ee155057-4acb-4f3f-9013-4bd3c5a101b6@group-B3F5A0A8BDBD->533f21c9-6148-4926-981b-3030ea271196-GrpcLogAppender: appendEntries Timeout, request=ee155057-4acb-4f3f-9013-4bd3c5a101b6->533f21c9-6148-4926-981b-3030ea271196#130-t2, previous=(t:2, i:20), leaderCommit=16, initializing? false, entries: <empty>
2019-09-17 11:51:51,500 [java.util.concurrent.ThreadPoolExecutor$Worker@9b33cb9[State = -1, empty queue]] WARN  server.GrpcLogAppender (GrpcLogAppender.java:timeoutAppendRequest(200)) - 166adff3-52d0-4f60-8e58-0e12ed96f4bf@group-012F5F91B630->ab50ed4d-57db-4f38-bd59-74c03932909c-GrpcLogAppender: appendEntries Timeout, request=166adff3-52d0-4f60-8e58-0e12ed96f4bf->ab50ed4d-57db-4f38-bd59-74c03932909c#147-t1, previous=(t:1, i:36), leaderCommit=32, initializing? false, entries: <empty>
2019-09-17 11:51:51,500 [java.util.concurrent.ThreadPoolExecutor$Worker@260d162e[State = -1, empty queue]] WARN  server.GrpcLogAppender (GrpcLogAppender.java:timeoutAppendRequest(200)) - 166adff3-52d0-4f60-8e58-0e12ed96f4bf@group-012F5F91B630->478df2fd-32fa-402c-a09a-4121263fb7de-GrpcLogAppender: appendEntries Timeout, request=166adff3-52d0-4f60-8e58-0e12ed96f4bf->478df2fd-32fa-402c-a09a-4121263fb7de#147-t1, previous=(t:1, i:36), leaderCommit=32, initializing? false, entries: <empty>
2019-09-17 11:51:51,507 [Thread-1359] INFO  impl.FollowerState (FollowerState.java:run(106)) - db5c95e9-dab2-4d3b-9775-2e3d4de03f2d:group-4033F378C501 changes to CANDIDATE, lastRpcTime:1060, electionTimeout:1060ms
2019-09-17 11:51:51,508 [Thread-1359] INFO  impl.RoleInfo (RoleInfo.java:shutdownFollowerState(121)) - db5c95e9-dab2-4d3b-9775-2e3d4de03f2d: shutdown FollowerState
2019-09-17 11:51:51,508 [Thread-1359] INFO  impl.RaftServerImpl (RaftServerImpl.java:setRole(174)) - db5c95e9-dab2-4d3b-9775-2e3d4de03f2d@group-4033F378C501: changes role from  FOLLOWER to CANDIDATE at term 19 for changeToCandidate
2019-09-17 11:51:51,508 [Thread-1359] INFO  impl.RoleInfo (RoleInfo.java:updateAndGet(143)) - db5c95e9-dab2-4d3b-9775-2e3d4de03f2d: start LeaderElection
2019-09-17 11:51:51,525 [db5c95e9-dab2-4d3b-9775-2e3d4de03f2d@group-4033F378C501:LeaderElection35] INFO  impl.LeaderElection (LeaderElection.java:askForVotes(182)) - db5c95e9-dab2-4d3b-9775-2e3d4de03f2d@group-4033F378C501:LeaderElection35: begin an election at term 20 for 0: [768e87e1-01a1-4abe-adbb-724fc729cfde:192.168.157.219:39557, 0efbdbeb-0caf-4be4-a340-f9adf92e227b:192.168.157.219:42903, db5c95e9-dab2-4d3b-9775-2e3d4de03f2d:192.168.157.219:43472], old=null
2019-09-17 11:51:51,527 [db5c95e9-dab2-4d3b-9775-2e3d4de03f2d@group-4033F378C501:LeaderElection35] INFO  impl.LeaderElection (LogUtils.java:infoOrTrace(149)) - db5c95e9-dab2-4d3b-9775-2e3d4de03f2d@group-4033F378C501:LeaderElection35 got exception when requesting votes: {}
java.util.concurrent.ExecutionException: org.apache.ratis.thirdparty.io.grpc.StatusRuntimeException: UNAVAILABLE: io exception
	at java.util.concurrent.FutureTask.report(FutureTask.java:122)
	at java.util.concurrent.FutureTask.get(FutureTask.java:192)
	at org.apache.ratis.server.impl.LeaderElection.waitForResults(LeaderElection.java:263)
	at org.apache.ratis.server.impl.LeaderElection.askForVotes(LeaderElection.java:201)
	at org.apache.ratis.server.impl.LeaderElection.run(LeaderElection.java:133)
	at java.lang.Thread.run(Thread.java:748)
Caused by: org.apache.ratis.thirdparty.io.grpc.StatusRuntimeException: UNAVAILABLE: io exception
	at org.apache.ratis.thirdparty.io.grpc.stub.ClientCalls.toStatusRuntimeException(ClientCalls.java:233)
	at org.apache.ratis.thirdparty.io.grpc.stub.ClientCalls.getUnchecked(ClientCalls.java:214)
	at org.apache.ratis.thirdparty.io.grpc.stub.ClientCalls.blockingUnaryCall(ClientCalls.java:139)
	at org.apache.ratis.proto.grpc.RaftServerProtocolServiceGrpc$RaftServerProtocolServiceBlockingStub.requestVote(RaftServerProtocolServiceGrpc.java:265)
	at org.apache.ratis.grpc.server.GrpcServerProtocolClient.requestVote(GrpcServerProtocolClient.java:90)
	at org.apache.ratis.grpc.server.GrpcService.requestVote(GrpcService.java:204)
	at org.apache.ratis.server.impl.LeaderElection.lambda$submitRequests$1(LeaderElection.java:238)
	at java.util.concurrent.FutureTask.run(FutureTask.java:266)
	at java.util.concurrent.Executors$RunnableAdapter.call(Executors.java:511)
	at java.util.concurrent.FutureTask.run(FutureTask.java:266)
	at java.util.concurrent.ThreadPoolExecutor.runWorker(ThreadPoolExecutor.java:1149)
	at java.util.concurrent.ThreadPoolExecutor$Worker.run(ThreadPoolExecutor.java:624)
	... 1 more
Caused by: org.apache.ratis.thirdparty.io.netty.channel.AbstractChannel$AnnotatedConnectException: Connection refused: /192.168.157.219:39557
	at sun.nio.ch.SocketChannelImpl.checkConnect(Native Method)
	at sun.nio.ch.SocketChannelImpl.finishConnect(SocketChannelImpl.java:717)
	at org.apache.ratis.thirdparty.io.netty.channel.socket.nio.NioSocketChannel.doFinishConnect(NioSocketChannel.java:327)
	at org.apache.ratis.thirdparty.io.netty.channel.nio.AbstractNioChannel$AbstractNioUnsafe.finishConnect(AbstractNioChannel.java:340)
	at org.apache.ratis.thirdparty.io.netty.channel.nio.NioEventLoop.processSelectedKey(NioEventLoop.java:632)
	at org.apache.ratis.thirdparty.io.netty.channel.nio.NioEventLoop.processSelectedKeysOptimized(NioEventLoop.java:579)
	at org.apache.ratis.thirdparty.io.netty.channel.nio.NioEventLoop.processSelectedKeys(NioEventLoop.java:496)
	at org.apache.ratis.thirdparty.io.netty.channel.nio.NioEventLoop.run(NioEventLoop.java:458)
	at org.apache.ratis.thirdparty.io.netty.util.concurrent.SingleThreadEventExecutor$5.run(SingleThreadEventExecutor.java:897)
	at org.apache.ratis.thirdparty.io.netty.util.concurrent.FastThreadLocalRunnable.run(FastThreadLocalRunnable.java:30)
	... 1 more
Caused by: java.net.ConnectException: Connection refused
	... 11 more
2019-09-17 11:51:51,530 [db5c95e9-dab2-4d3b-9775-2e3d4de03f2d@group-4033F378C501:LeaderElection35] INFO  impl.LeaderElection (LogUtils.java:infoOrTrace(149)) - db5c95e9-dab2-4d3b-9775-2e3d4de03f2d@group-4033F378C501:LeaderElection35 got exception when requesting votes: {}
java.util.concurrent.ExecutionException: org.apache.ratis.thirdparty.io.grpc.StatusRuntimeException: UNAVAILABLE: io exception
	at java.util.concurrent.FutureTask.report(FutureTask.java:122)
	at java.util.concurrent.FutureTask.get(FutureTask.java:192)
	at org.apache.ratis.server.impl.LeaderElection.waitForResults(LeaderElection.java:263)
	at org.apache.ratis.server.impl.LeaderElection.askForVotes(LeaderElection.java:201)
	at org.apache.ratis.server.impl.LeaderElection.run(LeaderElection.java:133)
	at java.lang.Thread.run(Thread.java:748)
Caused by: org.apache.ratis.thirdparty.io.grpc.StatusRuntimeException: UNAVAILABLE: io exception
	at org.apache.ratis.thirdparty.io.grpc.stub.ClientCalls.toStatusRuntimeException(ClientCalls.java:233)
	at org.apache.ratis.thirdparty.io.grpc.stub.ClientCalls.getUnchecked(ClientCalls.java:214)
	at org.apache.ratis.thirdparty.io.grpc.stub.ClientCalls.blockingUnaryCall(ClientCalls.java:139)
	at org.apache.ratis.proto.grpc.RaftServerProtocolServiceGrpc$RaftServerProtocolServiceBlockingStub.requestVote(RaftServerProtocolServiceGrpc.java:265)
	at org.apache.ratis.grpc.server.GrpcServerProtocolClient.requestVote(GrpcServerProtocolClient.java:90)
	at org.apache.ratis.grpc.server.GrpcService.requestVote(GrpcService.java:204)
	at org.apache.ratis.server.impl.LeaderElection.lambda$submitRequests$1(LeaderElection.java:238)
	at java.util.concurrent.FutureTask.run(FutureTask.java:266)
	at java.util.concurrent.Executors$RunnableAdapter.call(Executors.java:511)
	at java.util.concurrent.FutureTask.run(FutureTask.java:266)
	at java.util.concurrent.ThreadPoolExecutor.runWorker(ThreadPoolExecutor.java:1149)
	at java.util.concurrent.ThreadPoolExecutor$Worker.run(ThreadPoolExecutor.java:624)
	... 1 more
Caused by: org.apache.ratis.thirdparty.io.netty.channel.AbstractChannel$AnnotatedConnectException: Connection refused: /192.168.157.219:42903
	at sun.nio.ch.SocketChannelImpl.checkConnect(Native Method)
	at sun.nio.ch.SocketChannelImpl.finishConnect(SocketChannelImpl.java:717)
	at org.apache.ratis.thirdparty.io.netty.channel.socket.nio.NioSocketChannel.doFinishConnect(NioSocketChannel.java:327)
	at org.apache.ratis.thirdparty.io.netty.channel.nio.AbstractNioChannel$AbstractNioUnsafe.finishConnect(AbstractNioChannel.java:340)
	at org.apache.ratis.thirdparty.io.netty.channel.nio.NioEventLoop.processSelectedKey(NioEventLoop.java:632)
	at org.apache.ratis.thirdparty.io.netty.channel.nio.NioEventLoop.processSelectedKeysOptimized(NioEventLoop.java:579)
	at org.apache.ratis.thirdparty.io.netty.channel.nio.NioEventLoop.processSelectedKeys(NioEventLoop.java:496)
	at org.apache.ratis.thirdparty.io.netty.channel.nio.NioEventLoop.run(NioEventLoop.java:458)
	at org.apache.ratis.thirdparty.io.netty.util.concurrent.SingleThreadEventExecutor$5.run(SingleThreadEventExecutor.java:897)
	at org.apache.ratis.thirdparty.io.netty.util.concurrent.FastThreadLocalRunnable.run(FastThreadLocalRunnable.java:30)
	... 1 more
Caused by: java.net.ConnectException: Connection refused
	... 11 more
2019-09-17 11:51:51,533 [db5c95e9-dab2-4d3b-9775-2e3d4de03f2d@group-4033F378C501:LeaderElection35] INFO  impl.LeaderElection (LeaderElection.java:logAndReturn(56)) - db5c95e9-dab2-4d3b-9775-2e3d4de03f2d@group-4033F378C501:LeaderElection35: Election REJECTED; received 0 response(s) [] and 2 exception(s); db5c95e9-dab2-4d3b-9775-2e3d4de03f2d@group-4033F378C501:t20, leader=null, voted=db5c95e9-dab2-4d3b-9775-2e3d4de03f2d, raftlog=db5c95e9-dab2-4d3b-9775-2e3d4de03f2d@group-4033F378C501-SegmentedRaftLog:OPENED:c28,f28,i28, conf=0: [768e87e1-01a1-4abe-adbb-724fc729cfde:192.168.157.219:39557, 0efbdbeb-0caf-4be4-a340-f9adf92e227b:192.168.157.219:42903, db5c95e9-dab2-4d3b-9775-2e3d4de03f2d:192.168.157.219:43472], old=null
2019-09-17 11:51:51,533 [db5c95e9-dab2-4d3b-9775-2e3d4de03f2d@group-4033F378C501:LeaderElection35] INFO  impl.LeaderElection (LogUtils.java:infoOrTrace(149)) -   Exception 0: {}
java.util.concurrent.ExecutionException: org.apache.ratis.thirdparty.io.grpc.StatusRuntimeException: UNAVAILABLE: io exception
	at java.util.concurrent.FutureTask.report(FutureTask.java:122)
	at java.util.concurrent.FutureTask.get(FutureTask.java:192)
	at org.apache.ratis.server.impl.LeaderElection.waitForResults(LeaderElection.java:263)
	at org.apache.ratis.server.impl.LeaderElection.askForVotes(LeaderElection.java:201)
	at org.apache.ratis.server.impl.LeaderElection.run(LeaderElection.java:133)
	at java.lang.Thread.run(Thread.java:748)
Caused by: org.apache.ratis.thirdparty.io.grpc.StatusRuntimeException: UNAVAILABLE: io exception
	at org.apache.ratis.thirdparty.io.grpc.stub.ClientCalls.toStatusRuntimeException(ClientCalls.java:233)
	at org.apache.ratis.thirdparty.io.grpc.stub.ClientCalls.getUnchecked(ClientCalls.java:214)
	at org.apache.ratis.thirdparty.io.grpc.stub.ClientCalls.blockingUnaryCall(ClientCalls.java:139)
	at org.apache.ratis.proto.grpc.RaftServerProtocolServiceGrpc$RaftServerProtocolServiceBlockingStub.requestVote(RaftServerProtocolServiceGrpc.java:265)
	at org.apache.ratis.grpc.server.GrpcServerProtocolClient.requestVote(GrpcServerProtocolClient.java:90)
	at org.apache.ratis.grpc.server.GrpcService.requestVote(GrpcService.java:204)
	at org.apache.ratis.server.impl.LeaderElection.lambda$submitRequests$1(LeaderElection.java:238)
	at java.util.concurrent.FutureTask.run(FutureTask.java:266)
	at java.util.concurrent.Executors$RunnableAdapter.call(Executors.java:511)
	at java.util.concurrent.FutureTask.run(FutureTask.java:266)
	at java.util.concurrent.ThreadPoolExecutor.runWorker(ThreadPoolExecutor.java:1149)
	at java.util.concurrent.ThreadPoolExecutor$Worker.run(ThreadPoolExecutor.java:624)
	... 1 more
Caused by: org.apache.ratis.thirdparty.io.netty.channel.AbstractChannel$AnnotatedConnectException: Connection refused: /192.168.157.219:39557
	at sun.nio.ch.SocketChannelImpl.checkConnect(Native Method)
	at sun.nio.ch.SocketChannelImpl.finishConnect(SocketChannelImpl.java:717)
	at org.apache.ratis.thirdparty.io.netty.channel.socket.nio.NioSocketChannel.doFinishConnect(NioSocketChannel.java:327)
	at org.apache.ratis.thirdparty.io.netty.channel.nio.AbstractNioChannel$AbstractNioUnsafe.finishConnect(AbstractNioChannel.java:340)
	at org.apache.ratis.thirdparty.io.netty.channel.nio.NioEventLoop.processSelectedKey(NioEventLoop.java:632)
	at org.apache.ratis.thirdparty.io.netty.channel.nio.NioEventLoop.processSelectedKeysOptimized(NioEventLoop.java:579)
	at org.apache.ratis.thirdparty.io.netty.channel.nio.NioEventLoop.processSelectedKeys(NioEventLoop.java:496)
	at org.apache.ratis.thirdparty.io.netty.channel.nio.NioEventLoop.run(NioEventLoop.java:458)
	at org.apache.ratis.thirdparty.io.netty.util.concurrent.SingleThreadEventExecutor$5.run(SingleThreadEventExecutor.java:897)
	at org.apache.ratis.thirdparty.io.netty.util.concurrent.FastThreadLocalRunnable.run(FastThreadLocalRunnable.java:30)
	... 1 more
Caused by: java.net.ConnectException: Connection refused
	... 11 more
2019-09-17 11:51:51,533 [db5c95e9-dab2-4d3b-9775-2e3d4de03f2d@group-4033F378C501:LeaderElection35] INFO  impl.LeaderElection (LogUtils.java:infoOrTrace(149)) -   Exception 1: {}
java.util.concurrent.ExecutionException: org.apache.ratis.thirdparty.io.grpc.StatusRuntimeException: UNAVAILABLE: io exception
	at java.util.concurrent.FutureTask.report(FutureTask.java:122)
	at java.util.concurrent.FutureTask.get(FutureTask.java:192)
	at org.apache.ratis.server.impl.LeaderElection.waitForResults(LeaderElection.java:263)
	at org.apache.ratis.server.impl.LeaderElection.askForVotes(LeaderElection.java:201)
	at org.apache.ratis.server.impl.LeaderElection.run(LeaderElection.java:133)
	at java.lang.Thread.run(Thread.java:748)
Caused by: org.apache.ratis.thirdparty.io.grpc.StatusRuntimeException: UNAVAILABLE: io exception
	at org.apache.ratis.thirdparty.io.grpc.stub.ClientCalls.toStatusRuntimeException(ClientCalls.java:233)
	at org.apache.ratis.thirdparty.io.grpc.stub.ClientCalls.getUnchecked(ClientCalls.java:214)
	at org.apache.ratis.thirdparty.io.grpc.stub.ClientCalls.blockingUnaryCall(ClientCalls.java:139)
	at org.apache.ratis.proto.grpc.RaftServerProtocolServiceGrpc$RaftServerProtocolServiceBlockingStub.requestVote(RaftServerProtocolServiceGrpc.java:265)
	at org.apache.ratis.grpc.server.GrpcServerProtocolClient.requestVote(GrpcServerProtocolClient.java:90)
	at org.apache.ratis.grpc.server.GrpcService.requestVote(GrpcService.java:204)
	at org.apache.ratis.server.impl.LeaderElection.lambda$submitRequests$1(LeaderElection.java:238)
	at java.util.concurrent.FutureTask.run(FutureTask.java:266)
	at java.util.concurrent.Executors$RunnableAdapter.call(Executors.java:511)
	at java.util.concurrent.FutureTask.run(FutureTask.java:266)
	at java.util.concurrent.ThreadPoolExecutor.runWorker(ThreadPoolExecutor.java:1149)
	at java.util.concurrent.ThreadPoolExecutor$Worker.run(ThreadPoolExecutor.java:624)
	... 1 more
Caused by: org.apache.ratis.thirdparty.io.netty.channel.AbstractChannel$AnnotatedConnectException: Connection refused: /192.168.157.219:42903
	at sun.nio.ch.SocketChannelImpl.checkConnect(Native Method)
	at sun.nio.ch.SocketChannelImpl.finishConnect(SocketChannelImpl.java:717)
	at org.apache.ratis.thirdparty.io.netty.channel.socket.nio.NioSocketChannel.doFinishConnect(NioSocketChannel.java:327)
	at org.apache.ratis.thirdparty.io.netty.channel.nio.AbstractNioChannel$AbstractNioUnsafe.finishConnect(AbstractNioChannel.java:340)
	at org.apache.ratis.thirdparty.io.netty.channel.nio.NioEventLoop.processSelectedKey(NioEventLoop.java:632)
	at org.apache.ratis.thirdparty.io.netty.channel.nio.NioEventLoop.processSelectedKeysOptimized(NioEventLoop.java:579)
	at org.apache.ratis.thirdparty.io.netty.channel.nio.NioEventLoop.processSelectedKeys(NioEventLoop.java:496)
	at org.apache.ratis.thirdparty.io.netty.channel.nio.NioEventLoop.run(NioEventLoop.java:458)
	at org.apache.ratis.thirdparty.io.netty.util.concurrent.SingleThreadEventExecutor$5.run(SingleThreadEventExecutor.java:897)
	at org.apache.ratis.thirdparty.io.netty.util.concurrent.FastThreadLocalRunnable.run(FastThreadLocalRunnable.java:30)
	... 1 more
Caused by: java.net.ConnectException: Connection refused
	... 11 more
2019-09-17 11:51:51,534 [db5c95e9-dab2-4d3b-9775-2e3d4de03f2d@group-4033F378C501:LeaderElection35] INFO  impl.RaftServerImpl (RaftServerImpl.java:setRole(174)) - db5c95e9-dab2-4d3b-9775-2e3d4de03f2d@group-4033F378C501: changes role from CANDIDATE to FOLLOWER at term 20 for DISCOVERED_A_NEW_TERM
2019-09-17 11:51:51,534 [db5c95e9-dab2-4d3b-9775-2e3d4de03f2d@group-4033F378C501:LeaderElection35] INFO  impl.RoleInfo (RoleInfo.java:shutdownLeaderElection(134)) - db5c95e9-dab2-4d3b-9775-2e3d4de03f2d: shutdown LeaderElection
2019-09-17 11:51:51,534 [db5c95e9-dab2-4d3b-9775-2e3d4de03f2d@group-4033F378C501:LeaderElection35] INFO  impl.RoleInfo (RoleInfo.java:updateAndGet(143)) - db5c95e9-dab2-4d3b-9775-2e3d4de03f2d: start FollowerState
2019-09-17 11:51:51,647 [java.util.concurrent.ThreadPoolExecutor$Worker@3cd8d43b[State = -1, empty queue]] WARN  server.GrpcLogAppender (GrpcLogAppender.java:timeoutAppendRequest(200)) - ee155057-4acb-4f3f-9013-4bd3c5a101b6@group-B3F5A0A8BDBD->533f21c9-6148-4926-981b-3030ea271196-GrpcLogAppender: appendEntries Timeout, request=ee155057-4acb-4f3f-9013-4bd3c5a101b6->533f21c9-6148-4926-981b-3030ea271196#131-t2, previous=(t:2, i:20), leaderCommit=16, initializing? false, entries: <empty>
2019-09-17 11:51:51,647 [java.util.concurrent.ThreadPoolExecutor$Worker@5a9b47f8[State = -1, empty queue]] WARN  server.GrpcLogAppender (GrpcLogAppender.java:timeoutAppendRequest(200)) - ee155057-4acb-4f3f-9013-4bd3c5a101b6@group-B3F5A0A8BDBD->90cc32e6-bdd6-4f93-abb1-bc520dd025bc-GrpcLogAppender: appendEntries Timeout, request=ee155057-4acb-4f3f-9013-4bd3c5a101b6->90cc32e6-bdd6-4f93-abb1-bc520dd025bc#131-t2, previous=(t:2, i:20), leaderCommit=16, initializing? false, entries: <empty>
2019-09-17 11:51:52,000 [java.util.concurrent.ThreadPoolExecutor$Worker@260d162e[State = -1, empty queue]] WARN  server.GrpcLogAppender (GrpcLogAppender.java:timeoutAppendRequest(200)) - 166adff3-52d0-4f60-8e58-0e12ed96f4bf@group-012F5F91B630->478df2fd-32fa-402c-a09a-4121263fb7de-GrpcLogAppender: appendEntries Timeout, request=166adff3-52d0-4f60-8e58-0e12ed96f4bf->478df2fd-32fa-402c-a09a-4121263fb7de#148-t1, previous=(t:1, i:36), leaderCommit=32, initializing? false, entries: <empty>
2019-09-17 11:51:52,000 [java.util.concurrent.ThreadPoolExecutor$Worker@9b33cb9[State = -1, empty queue]] WARN  server.GrpcLogAppender (GrpcLogAppender.java:timeoutAppendRequest(200)) - 166adff3-52d0-4f60-8e58-0e12ed96f4bf@group-012F5F91B630->ab50ed4d-57db-4f38-bd59-74c03932909c-GrpcLogAppender: appendEntries Timeout, request=166adff3-52d0-4f60-8e58-0e12ed96f4bf->ab50ed4d-57db-4f38-bd59-74c03932909c#148-t1, previous=(t:1, i:36), leaderCommit=32, initializing? false, entries: <empty>
2019-09-17 11:51:52,148 [java.util.concurrent.ThreadPoolExecutor$Worker@5a9b47f8[State = -1, empty queue]] WARN  server.GrpcLogAppender (GrpcLogAppender.java:timeoutAppendRequest(200)) - ee155057-4acb-4f3f-9013-4bd3c5a101b6@group-B3F5A0A8BDBD->90cc32e6-bdd6-4f93-abb1-bc520dd025bc-GrpcLogAppender: appendEntries Timeout, request=ee155057-4acb-4f3f-9013-4bd3c5a101b6->90cc32e6-bdd6-4f93-abb1-bc520dd025bc#132-t2, previous=(t:2, i:20), leaderCommit=16, initializing? false, entries: <empty>
2019-09-17 11:51:52,148 [java.util.concurrent.ThreadPoolExecutor$Worker@3cd8d43b[State = -1, empty queue]] WARN  server.GrpcLogAppender (GrpcLogAppender.java:timeoutAppendRequest(200)) - ee155057-4acb-4f3f-9013-4bd3c5a101b6@group-B3F5A0A8BDBD->533f21c9-6148-4926-981b-3030ea271196-GrpcLogAppender: appendEntries Timeout, request=ee155057-4acb-4f3f-9013-4bd3c5a101b6->533f21c9-6148-4926-981b-3030ea271196#132-t2, previous=(t:2, i:20), leaderCommit=16, initializing? false, entries: <empty>
2019-09-17 11:51:52,501 [java.util.concurrent.ThreadPoolExecutor$Worker@260d162e[State = -1, empty queue]] WARN  server.GrpcLogAppender (GrpcLogAppender.java:timeoutAppendRequest(200)) - 166adff3-52d0-4f60-8e58-0e12ed96f4bf@group-012F5F91B630->478df2fd-32fa-402c-a09a-4121263fb7de-GrpcLogAppender: appendEntries Timeout, request=166adff3-52d0-4f60-8e58-0e12ed96f4bf->478df2fd-32fa-402c-a09a-4121263fb7de#149-t1, previous=(t:1, i:36), leaderCommit=32, initializing? false, entries: <empty>
2019-09-17 11:51:52,501 [java.util.concurrent.ThreadPoolExecutor$Worker@9b33cb9[State = -1, empty queue]] WARN  server.GrpcLogAppender (GrpcLogAppender.java:timeoutAppendRequest(200)) - 166adff3-52d0-4f60-8e58-0e12ed96f4bf@group-012F5F91B630->ab50ed4d-57db-4f38-bd59-74c03932909c-GrpcLogAppender: appendEntries Timeout, request=166adff3-52d0-4f60-8e58-0e12ed96f4bf->ab50ed4d-57db-4f38-bd59-74c03932909c#149-t1, previous=(t:1, i:36), leaderCommit=32, initializing? false, entries: <empty>
2019-09-17 11:51:52,648 [java.util.concurrent.ThreadPoolExecutor$Worker@3cd8d43b[State = -1, empty queue]] WARN  server.GrpcLogAppender (GrpcLogAppender.java:timeoutAppendRequest(200)) - ee155057-4acb-4f3f-9013-4bd3c5a101b6@group-B3F5A0A8BDBD->533f21c9-6148-4926-981b-3030ea271196-GrpcLogAppender: appendEntries Timeout, request=ee155057-4acb-4f3f-9013-4bd3c5a101b6->533f21c9-6148-4926-981b-3030ea271196#133-t2, previous=(t:2, i:20), leaderCommit=16, initializing? false, entries: <empty>
2019-09-17 11:51:52,648 [java.util.concurrent.ThreadPoolExecutor$Worker@5a9b47f8[State = -1, empty queue]] WARN  server.GrpcLogAppender (GrpcLogAppender.java:timeoutAppendRequest(200)) - ee155057-4acb-4f3f-9013-4bd3c5a101b6@group-B3F5A0A8BDBD->90cc32e6-bdd6-4f93-abb1-bc520dd025bc-GrpcLogAppender: appendEntries Timeout, request=ee155057-4acb-4f3f-9013-4bd3c5a101b6->90cc32e6-bdd6-4f93-abb1-bc520dd025bc#133-t2, previous=(t:2, i:20), leaderCommit=16, initializing? false, entries: <empty>
2019-09-17 11:51:52,681 [Thread-1373] INFO  impl.FollowerState (FollowerState.java:run(106)) - db5c95e9-dab2-4d3b-9775-2e3d4de03f2d:group-4033F378C501 changes to CANDIDATE, lastRpcTime:1146, electionTimeout:1146ms
2019-09-17 11:51:52,681 [Thread-1373] INFO  impl.RoleInfo (RoleInfo.java:shutdownFollowerState(121)) - db5c95e9-dab2-4d3b-9775-2e3d4de03f2d: shutdown FollowerState
2019-09-17 11:51:52,681 [Thread-1373] INFO  impl.RaftServerImpl (RaftServerImpl.java:setRole(174)) - db5c95e9-dab2-4d3b-9775-2e3d4de03f2d@group-4033F378C501: changes role from  FOLLOWER to CANDIDATE at term 20 for changeToCandidate
2019-09-17 11:51:52,681 [Thread-1373] INFO  impl.RoleInfo (RoleInfo.java:updateAndGet(143)) - db5c95e9-dab2-4d3b-9775-2e3d4de03f2d: start LeaderElection
2019-09-17 11:51:52,698 [db5c95e9-dab2-4d3b-9775-2e3d4de03f2d@group-4033F378C501:LeaderElection36] INFO  impl.LeaderElection (LeaderElection.java:askForVotes(182)) - db5c95e9-dab2-4d3b-9775-2e3d4de03f2d@group-4033F378C501:LeaderElection36: begin an election at term 21 for 0: [768e87e1-01a1-4abe-adbb-724fc729cfde:192.168.157.219:39557, 0efbdbeb-0caf-4be4-a340-f9adf92e227b:192.168.157.219:42903, db5c95e9-dab2-4d3b-9775-2e3d4de03f2d:192.168.157.219:43472], old=null
2019-09-17 11:51:52,700 [db5c95e9-dab2-4d3b-9775-2e3d4de03f2d@group-4033F378C501:LeaderElection36] INFO  impl.LeaderElection (LogUtils.java:infoOrTrace(149)) - db5c95e9-dab2-4d3b-9775-2e3d4de03f2d@group-4033F378C501:LeaderElection36 got exception when requesting votes: {}
java.util.concurrent.ExecutionException: org.apache.ratis.thirdparty.io.grpc.StatusRuntimeException: UNAVAILABLE: io exception
	at java.util.concurrent.FutureTask.report(FutureTask.java:122)
	at java.util.concurrent.FutureTask.get(FutureTask.java:192)
	at org.apache.ratis.server.impl.LeaderElection.waitForResults(LeaderElection.java:263)
	at org.apache.ratis.server.impl.LeaderElection.askForVotes(LeaderElection.java:201)
	at org.apache.ratis.server.impl.LeaderElection.run(LeaderElection.java:133)
	at java.lang.Thread.run(Thread.java:748)
Caused by: org.apache.ratis.thirdparty.io.grpc.StatusRuntimeException: UNAVAILABLE: io exception
	at org.apache.ratis.thirdparty.io.grpc.stub.ClientCalls.toStatusRuntimeException(ClientCalls.java:233)
	at org.apache.ratis.thirdparty.io.grpc.stub.ClientCalls.getUnchecked(ClientCalls.java:214)
	at org.apache.ratis.thirdparty.io.grpc.stub.ClientCalls.blockingUnaryCall(ClientCalls.java:139)
	at org.apache.ratis.proto.grpc.RaftServerProtocolServiceGrpc$RaftServerProtocolServiceBlockingStub.requestVote(RaftServerProtocolServiceGrpc.java:265)
	at org.apache.ratis.grpc.server.GrpcServerProtocolClient.requestVote(GrpcServerProtocolClient.java:90)
	at org.apache.ratis.grpc.server.GrpcService.requestVote(GrpcService.java:204)
	at org.apache.ratis.server.impl.LeaderElection.lambda$submitRequests$1(LeaderElection.java:238)
	at java.util.concurrent.FutureTask.run(FutureTask.java:266)
	at java.util.concurrent.Executors$RunnableAdapter.call(Executors.java:511)
	at java.util.concurrent.FutureTask.run(FutureTask.java:266)
	at java.util.concurrent.ThreadPoolExecutor.runWorker(ThreadPoolExecutor.java:1149)
	at java.util.concurrent.ThreadPoolExecutor$Worker.run(ThreadPoolExecutor.java:624)
	... 1 more
Caused by: org.apache.ratis.thirdparty.io.netty.channel.AbstractChannel$AnnotatedConnectException: Connection refused: /192.168.157.219:39557
	at sun.nio.ch.SocketChannelImpl.checkConnect(Native Method)
	at sun.nio.ch.SocketChannelImpl.finishConnect(SocketChannelImpl.java:717)
	at org.apache.ratis.thirdparty.io.netty.channel.socket.nio.NioSocketChannel.doFinishConnect(NioSocketChannel.java:327)
	at org.apache.ratis.thirdparty.io.netty.channel.nio.AbstractNioChannel$AbstractNioUnsafe.finishConnect(AbstractNioChannel.java:340)
	at org.apache.ratis.thirdparty.io.netty.channel.nio.NioEventLoop.processSelectedKey(NioEventLoop.java:632)
	at org.apache.ratis.thirdparty.io.netty.channel.nio.NioEventLoop.processSelectedKeysOptimized(NioEventLoop.java:579)
	at org.apache.ratis.thirdparty.io.netty.channel.nio.NioEventLoop.processSelectedKeys(NioEventLoop.java:496)
	at org.apache.ratis.thirdparty.io.netty.channel.nio.NioEventLoop.run(NioEventLoop.java:458)
	at org.apache.ratis.thirdparty.io.netty.util.concurrent.SingleThreadEventExecutor$5.run(SingleThreadEventExecutor.java:897)
	at org.apache.ratis.thirdparty.io.netty.util.concurrent.FastThreadLocalRunnable.run(FastThreadLocalRunnable.java:30)
	... 1 more
Caused by: java.net.ConnectException: Connection refused
	... 11 more
2019-09-17 11:51:52,703 [db5c95e9-dab2-4d3b-9775-2e3d4de03f2d@group-4033F378C501:LeaderElection36] INFO  impl.LeaderElection (LogUtils.java:infoOrTrace(149)) - db5c95e9-dab2-4d3b-9775-2e3d4de03f2d@group-4033F378C501:LeaderElection36 got exception when requesting votes: {}
java.util.concurrent.ExecutionException: org.apache.ratis.thirdparty.io.grpc.StatusRuntimeException: UNAVAILABLE: io exception
	at java.util.concurrent.FutureTask.report(FutureTask.java:122)
	at java.util.concurrent.FutureTask.get(FutureTask.java:192)
	at org.apache.ratis.server.impl.LeaderElection.waitForResults(LeaderElection.java:263)
	at org.apache.ratis.server.impl.LeaderElection.askForVotes(LeaderElection.java:201)
	at org.apache.ratis.server.impl.LeaderElection.run(LeaderElection.java:133)
	at java.lang.Thread.run(Thread.java:748)
Caused by: org.apache.ratis.thirdparty.io.grpc.StatusRuntimeException: UNAVAILABLE: io exception
	at org.apache.ratis.thirdparty.io.grpc.stub.ClientCalls.toStatusRuntimeException(ClientCalls.java:233)
	at org.apache.ratis.thirdparty.io.grpc.stub.ClientCalls.getUnchecked(ClientCalls.java:214)
	at org.apache.ratis.thirdparty.io.grpc.stub.ClientCalls.blockingUnaryCall(ClientCalls.java:139)
	at org.apache.ratis.proto.grpc.RaftServerProtocolServiceGrpc$RaftServerProtocolServiceBlockingStub.requestVote(RaftServerProtocolServiceGrpc.java:265)
	at org.apache.ratis.grpc.server.GrpcServerProtocolClient.requestVote(GrpcServerProtocolClient.java:90)
	at org.apache.ratis.grpc.server.GrpcService.requestVote(GrpcService.java:204)
	at org.apache.ratis.server.impl.LeaderElection.lambda$submitRequests$1(LeaderElection.java:238)
	at java.util.concurrent.FutureTask.run(FutureTask.java:266)
	at java.util.concurrent.Executors$RunnableAdapter.call(Executors.java:511)
	at java.util.concurrent.FutureTask.run(FutureTask.java:266)
	at java.util.concurrent.ThreadPoolExecutor.runWorker(ThreadPoolExecutor.java:1149)
	at java.util.concurrent.ThreadPoolExecutor$Worker.run(ThreadPoolExecutor.java:624)
	... 1 more
Caused by: org.apache.ratis.thirdparty.io.netty.channel.AbstractChannel$AnnotatedConnectException: Connection refused: /192.168.157.219:42903
	at sun.nio.ch.SocketChannelImpl.checkConnect(Native Method)
	at sun.nio.ch.SocketChannelImpl.finishConnect(SocketChannelImpl.java:717)
	at org.apache.ratis.thirdparty.io.netty.channel.socket.nio.NioSocketChannel.doFinishConnect(NioSocketChannel.java:327)
	at org.apache.ratis.thirdparty.io.netty.channel.nio.AbstractNioChannel$AbstractNioUnsafe.finishConnect(AbstractNioChannel.java:340)
	at org.apache.ratis.thirdparty.io.netty.channel.nio.NioEventLoop.processSelectedKey(NioEventLoop.java:632)
	at org.apache.ratis.thirdparty.io.netty.channel.nio.NioEventLoop.processSelectedKeysOptimized(NioEventLoop.java:579)
	at org.apache.ratis.thirdparty.io.netty.channel.nio.NioEventLoop.processSelectedKeys(NioEventLoop.java:496)
	at org.apache.ratis.thirdparty.io.netty.channel.nio.NioEventLoop.run(NioEventLoop.java:458)
	at org.apache.ratis.thirdparty.io.netty.util.concurrent.SingleThreadEventExecutor$5.run(SingleThreadEventExecutor.java:897)
	at org.apache.ratis.thirdparty.io.netty.util.concurrent.FastThreadLocalRunnable.run(FastThreadLocalRunnable.java:30)
	... 1 more
Caused by: java.net.ConnectException: Connection refused
	... 11 more
2019-09-17 11:51:52,721 [db5c95e9-dab2-4d3b-9775-2e3d4de03f2d@group-4033F378C501:LeaderElection36] INFO  impl.LeaderElection (LeaderElection.java:logAndReturn(56)) - db5c95e9-dab2-4d3b-9775-2e3d4de03f2d@group-4033F378C501:LeaderElection36: Election REJECTED; received 0 response(s) [] and 2 exception(s); db5c95e9-dab2-4d3b-9775-2e3d4de03f2d@group-4033F378C501:t21, leader=null, voted=db5c95e9-dab2-4d3b-9775-2e3d4de03f2d, raftlog=db5c95e9-dab2-4d3b-9775-2e3d4de03f2d@group-4033F378C501-SegmentedRaftLog:OPENED:c28,f28,i28, conf=0: [768e87e1-01a1-4abe-adbb-724fc729cfde:192.168.157.219:39557, 0efbdbeb-0caf-4be4-a340-f9adf92e227b:192.168.157.219:42903, db5c95e9-dab2-4d3b-9775-2e3d4de03f2d:192.168.157.219:43472], old=null
2019-09-17 11:51:52,721 [db5c95e9-dab2-4d3b-9775-2e3d4de03f2d@group-4033F378C501:LeaderElection36] INFO  impl.LeaderElection (LogUtils.java:infoOrTrace(149)) -   Exception 0: {}
java.util.concurrent.ExecutionException: org.apache.ratis.thirdparty.io.grpc.StatusRuntimeException: UNAVAILABLE: io exception
	at java.util.concurrent.FutureTask.report(FutureTask.java:122)
	at java.util.concurrent.FutureTask.get(FutureTask.java:192)
	at org.apache.ratis.server.impl.LeaderElection.waitForResults(LeaderElection.java:263)
	at org.apache.ratis.server.impl.LeaderElection.askForVotes(LeaderElection.java:201)
	at org.apache.ratis.server.impl.LeaderElection.run(LeaderElection.java:133)
	at java.lang.Thread.run(Thread.java:748)
Caused by: org.apache.ratis.thirdparty.io.grpc.StatusRuntimeException: UNAVAILABLE: io exception
	at org.apache.ratis.thirdparty.io.grpc.stub.ClientCalls.toStatusRuntimeException(ClientCalls.java:233)
	at org.apache.ratis.thirdparty.io.grpc.stub.ClientCalls.getUnchecked(ClientCalls.java:214)
	at org.apache.ratis.thirdparty.io.grpc.stub.ClientCalls.blockingUnaryCall(ClientCalls.java:139)
	at org.apache.ratis.proto.grpc.RaftServerProtocolServiceGrpc$RaftServerProtocolServiceBlockingStub.requestVote(RaftServerProtocolServiceGrpc.java:265)
	at org.apache.ratis.grpc.server.GrpcServerProtocolClient.requestVote(GrpcServerProtocolClient.java:90)
	at org.apache.ratis.grpc.server.GrpcService.requestVote(GrpcService.java:204)
	at org.apache.ratis.server.impl.LeaderElection.lambda$submitRequests$1(LeaderElection.java:238)
	at java.util.concurrent.FutureTask.run(FutureTask.java:266)
	at java.util.concurrent.Executors$RunnableAdapter.call(Executors.java:511)
	at java.util.concurrent.FutureTask.run(FutureTask.java:266)
	at java.util.concurrent.ThreadPoolExecutor.runWorker(ThreadPoolExecutor.java:1149)
	at java.util.concurrent.ThreadPoolExecutor$Worker.run(ThreadPoolExecutor.java:624)
	... 1 more
Caused by: org.apache.ratis.thirdparty.io.netty.channel.AbstractChannel$AnnotatedConnectException: Connection refused: /192.168.157.219:39557
	at sun.nio.ch.SocketChannelImpl.checkConnect(Native Method)
	at sun.nio.ch.SocketChannelImpl.finishConnect(SocketChannelImpl.java:717)
	at org.apache.ratis.thirdparty.io.netty.channel.socket.nio.NioSocketChannel.doFinishConnect(NioSocketChannel.java:327)
	at org.apache.ratis.thirdparty.io.netty.channel.nio.AbstractNioChannel$AbstractNioUnsafe.finishConnect(AbstractNioChannel.java:340)
	at org.apache.ratis.thirdparty.io.netty.channel.nio.NioEventLoop.processSelectedKey(NioEventLoop.java:632)
	at org.apache.ratis.thirdparty.io.netty.channel.nio.NioEventLoop.processSelectedKeysOptimized(NioEventLoop.java:579)
	at org.apache.ratis.thirdparty.io.netty.channel.nio.NioEventLoop.processSelectedKeys(NioEventLoop.java:496)
	at org.apache.ratis.thirdparty.io.netty.channel.nio.NioEventLoop.run(NioEventLoop.java:458)
	at org.apache.ratis.thirdparty.io.netty.util.concurrent.SingleThreadEventExecutor$5.run(SingleThreadEventExecutor.java:897)
	at org.apache.ratis.thirdparty.io.netty.util.concurrent.FastThreadLocalRunnable.run(FastThreadLocalRunnable.java:30)
	... 1 more
Caused by: java.net.ConnectException: Connection refused
	... 11 more
2019-09-17 11:51:52,721 [db5c95e9-dab2-4d3b-9775-2e3d4de03f2d@group-4033F378C501:LeaderElection36] INFO  impl.LeaderElection (LogUtils.java:infoOrTrace(149)) -   Exception 1: {}
java.util.concurrent.ExecutionException: org.apache.ratis.thirdparty.io.grpc.StatusRuntimeException: UNAVAILABLE: io exception
	at java.util.concurrent.FutureTask.report(FutureTask.java:122)
	at java.util.concurrent.FutureTask.get(FutureTask.java:192)
	at org.apache.ratis.server.impl.LeaderElection.waitForResults(LeaderElection.java:263)
	at org.apache.ratis.server.impl.LeaderElection.askForVotes(LeaderElection.java:201)
	at org.apache.ratis.server.impl.LeaderElection.run(LeaderElection.java:133)
	at java.lang.Thread.run(Thread.java:748)
Caused by: org.apache.ratis.thirdparty.io.grpc.StatusRuntimeException: UNAVAILABLE: io exception
	at org.apache.ratis.thirdparty.io.grpc.stub.ClientCalls.toStatusRuntimeException(ClientCalls.java:233)
	at org.apache.ratis.thirdparty.io.grpc.stub.ClientCalls.getUnchecked(ClientCalls.java:214)
	at org.apache.ratis.thirdparty.io.grpc.stub.ClientCalls.blockingUnaryCall(ClientCalls.java:139)
	at org.apache.ratis.proto.grpc.RaftServerProtocolServiceGrpc$RaftServerProtocolServiceBlockingStub.requestVote(RaftServerProtocolServiceGrpc.java:265)
	at org.apache.ratis.grpc.server.GrpcServerProtocolClient.requestVote(GrpcServerProtocolClient.java:90)
	at org.apache.ratis.grpc.server.GrpcService.requestVote(GrpcService.java:204)
	at org.apache.ratis.server.impl.LeaderElection.lambda$submitRequests$1(LeaderElection.java:238)
	at java.util.concurrent.FutureTask.run(FutureTask.java:266)
	at java.util.concurrent.Executors$RunnableAdapter.call(Executors.java:511)
	at java.util.concurrent.FutureTask.run(FutureTask.java:266)
	at java.util.concurrent.ThreadPoolExecutor.runWorker(ThreadPoolExecutor.java:1149)
	at java.util.concurrent.ThreadPoolExecutor$Worker.run(ThreadPoolExecutor.java:624)
	... 1 more
Caused by: org.apache.ratis.thirdparty.io.netty.channel.AbstractChannel$AnnotatedConnectException: Connection refused: /192.168.157.219:42903
	at sun.nio.ch.SocketChannelImpl.checkConnect(Native Method)
	at sun.nio.ch.SocketChannelImpl.finishConnect(SocketChannelImpl.java:717)
	at org.apache.ratis.thirdparty.io.netty.channel.socket.nio.NioSocketChannel.doFinishConnect(NioSocketChannel.java:327)
	at org.apache.ratis.thirdparty.io.netty.channel.nio.AbstractNioChannel$AbstractNioUnsafe.finishConnect(AbstractNioChannel.java:340)
	at org.apache.ratis.thirdparty.io.netty.channel.nio.NioEventLoop.processSelectedKey(NioEventLoop.java:632)
	at org.apache.ratis.thirdparty.io.netty.channel.nio.NioEventLoop.processSelectedKeysOptimized(NioEventLoop.java:579)
	at org.apache.ratis.thirdparty.io.netty.channel.nio.NioEventLoop.processSelectedKeys(NioEventLoop.java:496)
	at org.apache.ratis.thirdparty.io.netty.channel.nio.NioEventLoop.run(NioEventLoop.java:458)
	at org.apache.ratis.thirdparty.io.netty.util.concurrent.SingleThreadEventExecutor$5.run(SingleThreadEventExecutor.java:897)
	at org.apache.ratis.thirdparty.io.netty.util.concurrent.FastThreadLocalRunnable.run(FastThreadLocalRunnable.java:30)
	... 1 more
Caused by: java.net.ConnectException: Connection refused
	... 11 more
2019-09-17 11:51:52,722 [db5c95e9-dab2-4d3b-9775-2e3d4de03f2d@group-4033F378C501:LeaderElection36] INFO  impl.RaftServerImpl (RaftServerImpl.java:setRole(174)) - db5c95e9-dab2-4d3b-9775-2e3d4de03f2d@group-4033F378C501: changes role from CANDIDATE to FOLLOWER at term 21 for DISCOVERED_A_NEW_TERM
2019-09-17 11:51:52,722 [db5c95e9-dab2-4d3b-9775-2e3d4de03f2d@group-4033F378C501:LeaderElection36] INFO  impl.RoleInfo (RoleInfo.java:shutdownLeaderElection(134)) - db5c95e9-dab2-4d3b-9775-2e3d4de03f2d: shutdown LeaderElection
2019-09-17 11:51:52,722 [db5c95e9-dab2-4d3b-9775-2e3d4de03f2d@group-4033F378C501:LeaderElection36] INFO  impl.RoleInfo (RoleInfo.java:updateAndGet(143)) - db5c95e9-dab2-4d3b-9775-2e3d4de03f2d: start FollowerState
2019-09-17 11:51:53,002 [java.util.concurrent.ThreadPoolExecutor$Worker@9b33cb9[State = -1, empty queue]] WARN  server.GrpcLogAppender (GrpcLogAppender.java:timeoutAppendRequest(200)) - 166adff3-52d0-4f60-8e58-0e12ed96f4bf@group-012F5F91B630->ab50ed4d-57db-4f38-bd59-74c03932909c-GrpcLogAppender: appendEntries Timeout, request=166adff3-52d0-4f60-8e58-0e12ed96f4bf->ab50ed4d-57db-4f38-bd59-74c03932909c#150-t1, previous=(t:1, i:36), leaderCommit=32, initializing? false, entries: <empty>
2019-09-17 11:51:53,002 [java.util.concurrent.ThreadPoolExecutor$Worker@260d162e[State = -1, empty queue]] WARN  server.GrpcLogAppender (GrpcLogAppender.java:timeoutAppendRequest(200)) - 166adff3-52d0-4f60-8e58-0e12ed96f4bf@group-012F5F91B630->478df2fd-32fa-402c-a09a-4121263fb7de-GrpcLogAppender: appendEntries Timeout, request=166adff3-52d0-4f60-8e58-0e12ed96f4bf->478df2fd-32fa-402c-a09a-4121263fb7de#150-t1, previous=(t:1, i:36), leaderCommit=32, initializing? false, entries: <empty>
2019-09-17 11:51:53,152 [java.util.concurrent.ThreadPoolExecutor$Worker@5a9b47f8[State = -1, empty queue]] WARN  server.GrpcLogAppender (GrpcLogAppender.java:timeoutAppendRequest(200)) - ee155057-4acb-4f3f-9013-4bd3c5a101b6@group-B3F5A0A8BDBD->90cc32e6-bdd6-4f93-abb1-bc520dd025bc-GrpcLogAppender: appendEntries Timeout, request=ee155057-4acb-4f3f-9013-4bd3c5a101b6->90cc32e6-bdd6-4f93-abb1-bc520dd025bc#134-t2, previous=(t:2, i:20), leaderCommit=16, initializing? false, entries: <empty>
2019-09-17 11:51:53,152 [java.util.concurrent.ThreadPoolExecutor$Worker@3cd8d43b[State = -1, empty queue]] WARN  server.GrpcLogAppender (GrpcLogAppender.java:timeoutAppendRequest(200)) - ee155057-4acb-4f3f-9013-4bd3c5a101b6@group-B3F5A0A8BDBD->533f21c9-6148-4926-981b-3030ea271196-GrpcLogAppender: appendEntries Timeout, request=ee155057-4acb-4f3f-9013-4bd3c5a101b6->533f21c9-6148-4926-981b-3030ea271196#134-t2, previous=(t:2, i:20), leaderCommit=16, initializing? false, entries: <empty>
2019-09-17 11:51:53,502 [java.util.concurrent.ThreadPoolExecutor$Worker@9b33cb9[State = -1, empty queue]] WARN  server.GrpcLogAppender (GrpcLogAppender.java:timeoutAppendRequest(200)) - 166adff3-52d0-4f60-8e58-0e12ed96f4bf@group-012F5F91B630->ab50ed4d-57db-4f38-bd59-74c03932909c-GrpcLogAppender: appendEntries Timeout, request=166adff3-52d0-4f60-8e58-0e12ed96f4bf->ab50ed4d-57db-4f38-bd59-74c03932909c#151-t1, previous=(t:1, i:36), leaderCommit=32, initializing? false, entries: <empty>
2019-09-17 11:51:53,502 [java.util.concurrent.ThreadPoolExecutor$Worker@260d162e[State = -1, empty queue]] WARN  server.GrpcLogAppender (GrpcLogAppender.java:timeoutAppendRequest(200)) - 166adff3-52d0-4f60-8e58-0e12ed96f4bf@group-012F5F91B630->478df2fd-32fa-402c-a09a-4121263fb7de-GrpcLogAppender: appendEntries Timeout, request=166adff3-52d0-4f60-8e58-0e12ed96f4bf->478df2fd-32fa-402c-a09a-4121263fb7de#151-t1, previous=(t:1, i:36), leaderCommit=32, initializing? false, entries: <empty>
2019-09-17 11:51:53,652 [java.util.concurrent.ThreadPoolExecutor$Worker@5a9b47f8[State = -1, empty queue]] WARN  server.GrpcLogAppender (GrpcLogAppender.java:timeoutAppendRequest(200)) - ee155057-4acb-4f3f-9013-4bd3c5a101b6@group-B3F5A0A8BDBD->90cc32e6-bdd6-4f93-abb1-bc520dd025bc-GrpcLogAppender: appendEntries Timeout, request=ee155057-4acb-4f3f-9013-4bd3c5a101b6->90cc32e6-bdd6-4f93-abb1-bc520dd025bc#135-t2, previous=(t:2, i:20), leaderCommit=16, initializing? false, entries: <empty>
2019-09-17 11:51:53,652 [java.util.concurrent.ThreadPoolExecutor$Worker@3cd8d43b[State = -1, empty queue]] WARN  server.GrpcLogAppender (GrpcLogAppender.java:timeoutAppendRequest(200)) - ee155057-4acb-4f3f-9013-4bd3c5a101b6@group-B3F5A0A8BDBD->533f21c9-6148-4926-981b-3030ea271196-GrpcLogAppender: appendEntries Timeout, request=ee155057-4acb-4f3f-9013-4bd3c5a101b6->533f21c9-6148-4926-981b-3030ea271196#135-t2, previous=(t:2, i:20), leaderCommit=16, initializing? false, entries: <empty>
2019-09-17 11:51:53,766 [Thread-1387] INFO  impl.FollowerState (FollowerState.java:run(106)) - db5c95e9-dab2-4d3b-9775-2e3d4de03f2d:group-4033F378C501 changes to CANDIDATE, lastRpcTime:1043, electionTimeout:1043ms
2019-09-17 11:51:53,766 [Thread-1387] INFO  impl.RoleInfo (RoleInfo.java:shutdownFollowerState(121)) - db5c95e9-dab2-4d3b-9775-2e3d4de03f2d: shutdown FollowerState
2019-09-17 11:51:53,766 [Thread-1387] INFO  impl.RaftServerImpl (RaftServerImpl.java:setRole(174)) - db5c95e9-dab2-4d3b-9775-2e3d4de03f2d@group-4033F378C501: changes role from  FOLLOWER to CANDIDATE at term 21 for changeToCandidate
2019-09-17 11:51:53,766 [Thread-1387] INFO  impl.RoleInfo (RoleInfo.java:updateAndGet(143)) - db5c95e9-dab2-4d3b-9775-2e3d4de03f2d: start LeaderElection
2019-09-17 11:51:53,803 [db5c95e9-dab2-4d3b-9775-2e3d4de03f2d@group-4033F378C501:LeaderElection37] INFO  impl.LeaderElection (LeaderElection.java:askForVotes(182)) - db5c95e9-dab2-4d3b-9775-2e3d4de03f2d@group-4033F378C501:LeaderElection37: begin an election at term 22 for 0: [768e87e1-01a1-4abe-adbb-724fc729cfde:192.168.157.219:39557, 0efbdbeb-0caf-4be4-a340-f9adf92e227b:192.168.157.219:42903, db5c95e9-dab2-4d3b-9775-2e3d4de03f2d:192.168.157.219:43472], old=null
2019-09-17 11:51:53,805 [db5c95e9-dab2-4d3b-9775-2e3d4de03f2d@group-4033F378C501:LeaderElection37] INFO  impl.LeaderElection (LogUtils.java:infoOrTrace(149)) - db5c95e9-dab2-4d3b-9775-2e3d4de03f2d@group-4033F378C501:LeaderElection37 got exception when requesting votes: {}
java.util.concurrent.ExecutionException: org.apache.ratis.thirdparty.io.grpc.StatusRuntimeException: UNAVAILABLE: io exception
	at java.util.concurrent.FutureTask.report(FutureTask.java:122)
	at java.util.concurrent.FutureTask.get(FutureTask.java:192)
	at org.apache.ratis.server.impl.LeaderElection.waitForResults(LeaderElection.java:263)
	at org.apache.ratis.server.impl.LeaderElection.askForVotes(LeaderElection.java:201)
	at org.apache.ratis.server.impl.LeaderElection.run(LeaderElection.java:133)
	at java.lang.Thread.run(Thread.java:748)
Caused by: org.apache.ratis.thirdparty.io.grpc.StatusRuntimeException: UNAVAILABLE: io exception
	at org.apache.ratis.thirdparty.io.grpc.stub.ClientCalls.toStatusRuntimeException(ClientCalls.java:233)
	at org.apache.ratis.thirdparty.io.grpc.stub.ClientCalls.getUnchecked(ClientCalls.java:214)
	at org.apache.ratis.thirdparty.io.grpc.stub.ClientCalls.blockingUnaryCall(ClientCalls.java:139)
	at org.apache.ratis.proto.grpc.RaftServerProtocolServiceGrpc$RaftServerProtocolServiceBlockingStub.requestVote(RaftServerProtocolServiceGrpc.java:265)
	at org.apache.ratis.grpc.server.GrpcServerProtocolClient.requestVote(GrpcServerProtocolClient.java:90)
	at org.apache.ratis.grpc.server.GrpcService.requestVote(GrpcService.java:204)
	at org.apache.ratis.server.impl.LeaderElection.lambda$submitRequests$1(LeaderElection.java:238)
	at java.util.concurrent.FutureTask.run(FutureTask.java:266)
	at java.util.concurrent.Executors$RunnableAdapter.call(Executors.java:511)
	at java.util.concurrent.FutureTask.run(FutureTask.java:266)
	at java.util.concurrent.ThreadPoolExecutor.runWorker(ThreadPoolExecutor.java:1149)
	at java.util.concurrent.ThreadPoolExecutor$Worker.run(ThreadPoolExecutor.java:624)
	... 1 more
Caused by: org.apache.ratis.thirdparty.io.netty.channel.AbstractChannel$AnnotatedConnectException: Connection refused: /192.168.157.219:39557
	at sun.nio.ch.SocketChannelImpl.checkConnect(Native Method)
	at sun.nio.ch.SocketChannelImpl.finishConnect(SocketChannelImpl.java:717)
	at org.apache.ratis.thirdparty.io.netty.channel.socket.nio.NioSocketChannel.doFinishConnect(NioSocketChannel.java:327)
	at org.apache.ratis.thirdparty.io.netty.channel.nio.AbstractNioChannel$AbstractNioUnsafe.finishConnect(AbstractNioChannel.java:340)
	at org.apache.ratis.thirdparty.io.netty.channel.nio.NioEventLoop.processSelectedKey(NioEventLoop.java:632)
	at org.apache.ratis.thirdparty.io.netty.channel.nio.NioEventLoop.processSelectedKeysOptimized(NioEventLoop.java:579)
	at org.apache.ratis.thirdparty.io.netty.channel.nio.NioEventLoop.processSelectedKeys(NioEventLoop.java:496)
	at org.apache.ratis.thirdparty.io.netty.channel.nio.NioEventLoop.run(NioEventLoop.java:458)
	at org.apache.ratis.thirdparty.io.netty.util.concurrent.SingleThreadEventExecutor$5.run(SingleThreadEventExecutor.java:897)
	at org.apache.ratis.thirdparty.io.netty.util.concurrent.FastThreadLocalRunnable.run(FastThreadLocalRunnable.java:30)
	... 1 more
Caused by: java.net.ConnectException: Connection refused
	... 11 more
2019-09-17 11:51:53,805 [db5c95e9-dab2-4d3b-9775-2e3d4de03f2d@group-4033F378C501:LeaderElection37] INFO  impl.LeaderElection (LogUtils.java:infoOrTrace(149)) - db5c95e9-dab2-4d3b-9775-2e3d4de03f2d@group-4033F378C501:LeaderElection37 got exception when requesting votes: {}
java.util.concurrent.ExecutionException: org.apache.ratis.thirdparty.io.grpc.StatusRuntimeException: UNAVAILABLE: io exception
	at java.util.concurrent.FutureTask.report(FutureTask.java:122)
	at java.util.concurrent.FutureTask.get(FutureTask.java:192)
	at org.apache.ratis.server.impl.LeaderElection.waitForResults(LeaderElection.java:263)
	at org.apache.ratis.server.impl.LeaderElection.askForVotes(LeaderElection.java:201)
	at org.apache.ratis.server.impl.LeaderElection.run(LeaderElection.java:133)
	at java.lang.Thread.run(Thread.java:748)
Caused by: org.apache.ratis.thirdparty.io.grpc.StatusRuntimeException: UNAVAILABLE: io exception
	at org.apache.ratis.thirdparty.io.grpc.stub.ClientCalls.toStatusRuntimeException(ClientCalls.java:233)
	at org.apache.ratis.thirdparty.io.grpc.stub.ClientCalls.getUnchecked(ClientCalls.java:214)
	at org.apache.ratis.thirdparty.io.grpc.stub.ClientCalls.blockingUnaryCall(ClientCalls.java:139)
	at org.apache.ratis.proto.grpc.RaftServerProtocolServiceGrpc$RaftServerProtocolServiceBlockingStub.requestVote(RaftServerProtocolServiceGrpc.java:265)
	at org.apache.ratis.grpc.server.GrpcServerProtocolClient.requestVote(GrpcServerProtocolClient.java:90)
	at org.apache.ratis.grpc.server.GrpcService.requestVote(GrpcService.java:204)
	at org.apache.ratis.server.impl.LeaderElection.lambda$submitRequests$1(LeaderElection.java:238)
	at java.util.concurrent.FutureTask.run(FutureTask.java:266)
	at java.util.concurrent.Executors$RunnableAdapter.call(Executors.java:511)
	at java.util.concurrent.FutureTask.run(FutureTask.java:266)
	at java.util.concurrent.ThreadPoolExecutor.runWorker(ThreadPoolExecutor.java:1149)
	at java.util.concurrent.ThreadPoolExecutor$Worker.run(ThreadPoolExecutor.java:624)
	... 1 more
Caused by: org.apache.ratis.thirdparty.io.netty.channel.AbstractChannel$AnnotatedConnectException: Connection refused: /192.168.157.219:42903
	at sun.nio.ch.SocketChannelImpl.checkConnect(Native Method)
	at sun.nio.ch.SocketChannelImpl.finishConnect(SocketChannelImpl.java:717)
	at org.apache.ratis.thirdparty.io.netty.channel.socket.nio.NioSocketChannel.doFinishConnect(NioSocketChannel.java:327)
	at org.apache.ratis.thirdparty.io.netty.channel.nio.AbstractNioChannel$AbstractNioUnsafe.finishConnect(AbstractNioChannel.java:340)
	at org.apache.ratis.thirdparty.io.netty.channel.nio.NioEventLoop.processSelectedKey(NioEventLoop.java:632)
	at org.apache.ratis.thirdparty.io.netty.channel.nio.NioEventLoop.processSelectedKeysOptimized(NioEventLoop.java:579)
	at org.apache.ratis.thirdparty.io.netty.channel.nio.NioEventLoop.processSelectedKeys(NioEventLoop.java:496)
	at org.apache.ratis.thirdparty.io.netty.channel.nio.NioEventLoop.run(NioEventLoop.java:458)
	at org.apache.ratis.thirdparty.io.netty.util.concurrent.SingleThreadEventExecutor$5.run(SingleThreadEventExecutor.java:897)
	at org.apache.ratis.thirdparty.io.netty.util.concurrent.FastThreadLocalRunnable.run(FastThreadLocalRunnable.java:30)
	... 1 more
Caused by: java.net.ConnectException: Connection refused
	... 11 more
2019-09-17 11:51:53,806 [db5c95e9-dab2-4d3b-9775-2e3d4de03f2d@group-4033F378C501:LeaderElection37] INFO  impl.LeaderElection (LeaderElection.java:logAndReturn(56)) - db5c95e9-dab2-4d3b-9775-2e3d4de03f2d@group-4033F378C501:LeaderElection37: Election REJECTED; received 0 response(s) [] and 2 exception(s); db5c95e9-dab2-4d3b-9775-2e3d4de03f2d@group-4033F378C501:t22, leader=null, voted=db5c95e9-dab2-4d3b-9775-2e3d4de03f2d, raftlog=db5c95e9-dab2-4d3b-9775-2e3d4de03f2d@group-4033F378C501-SegmentedRaftLog:OPENED:c28,f28,i28, conf=0: [768e87e1-01a1-4abe-adbb-724fc729cfde:192.168.157.219:39557, 0efbdbeb-0caf-4be4-a340-f9adf92e227b:192.168.157.219:42903, db5c95e9-dab2-4d3b-9775-2e3d4de03f2d:192.168.157.219:43472], old=null
2019-09-17 11:51:53,806 [db5c95e9-dab2-4d3b-9775-2e3d4de03f2d@group-4033F378C501:LeaderElection37] INFO  impl.LeaderElection (LogUtils.java:infoOrTrace(149)) -   Exception 0: {}
java.util.concurrent.ExecutionException: org.apache.ratis.thirdparty.io.grpc.StatusRuntimeException: UNAVAILABLE: io exception
	at java.util.concurrent.FutureTask.report(FutureTask.java:122)
	at java.util.concurrent.FutureTask.get(FutureTask.java:192)
	at org.apache.ratis.server.impl.LeaderElection.waitForResults(LeaderElection.java:263)
	at org.apache.ratis.server.impl.LeaderElection.askForVotes(LeaderElection.java:201)
	at org.apache.ratis.server.impl.LeaderElection.run(LeaderElection.java:133)
	at java.lang.Thread.run(Thread.java:748)
Caused by: org.apache.ratis.thirdparty.io.grpc.StatusRuntimeException: UNAVAILABLE: io exception
	at org.apache.ratis.thirdparty.io.grpc.stub.ClientCalls.toStatusRuntimeException(ClientCalls.java:233)
	at org.apache.ratis.thirdparty.io.grpc.stub.ClientCalls.getUnchecked(ClientCalls.java:214)
	at org.apache.ratis.thirdparty.io.grpc.stub.ClientCalls.blockingUnaryCall(ClientCalls.java:139)
	at org.apache.ratis.proto.grpc.RaftServerProtocolServiceGrpc$RaftServerProtocolServiceBlockingStub.requestVote(RaftServerProtocolServiceGrpc.java:265)
	at org.apache.ratis.grpc.server.GrpcServerProtocolClient.requestVote(GrpcServerProtocolClient.java:90)
	at org.apache.ratis.grpc.server.GrpcService.requestVote(GrpcService.java:204)
	at org.apache.ratis.server.impl.LeaderElection.lambda$submitRequests$1(LeaderElection.java:238)
	at java.util.concurrent.FutureTask.run(FutureTask.java:266)
	at java.util.concurrent.Executors$RunnableAdapter.call(Executors.java:511)
	at java.util.concurrent.FutureTask.run(FutureTask.java:266)
	at java.util.concurrent.ThreadPoolExecutor.runWorker(ThreadPoolExecutor.java:1149)
	at java.util.concurrent.ThreadPoolExecutor$Worker.run(ThreadPoolExecutor.java:624)
	... 1 more
Caused by: org.apache.ratis.thirdparty.io.netty.channel.AbstractChannel$AnnotatedConnectException: Connection refused: /192.168.157.219:39557
	at sun.nio.ch.SocketChannelImpl.checkConnect(Native Method)
	at sun.nio.ch.SocketChannelImpl.finishConnect(SocketChannelImpl.java:717)
	at org.apache.ratis.thirdparty.io.netty.channel.socket.nio.NioSocketChannel.doFinishConnect(NioSocketChannel.java:327)
	at org.apache.ratis.thirdparty.io.netty.channel.nio.AbstractNioChannel$AbstractNioUnsafe.finishConnect(AbstractNioChannel.java:340)
	at org.apache.ratis.thirdparty.io.netty.channel.nio.NioEventLoop.processSelectedKey(NioEventLoop.java:632)
	at org.apache.ratis.thirdparty.io.netty.channel.nio.NioEventLoop.processSelectedKeysOptimized(NioEventLoop.java:579)
	at org.apache.ratis.thirdparty.io.netty.channel.nio.NioEventLoop.processSelectedKeys(NioEventLoop.java:496)
	at org.apache.ratis.thirdparty.io.netty.channel.nio.NioEventLoop.run(NioEventLoop.java:458)
	at org.apache.ratis.thirdparty.io.netty.util.concurrent.SingleThreadEventExecutor$5.run(SingleThreadEventExecutor.java:897)
	at org.apache.ratis.thirdparty.io.netty.util.concurrent.FastThreadLocalRunnable.run(FastThreadLocalRunnable.java:30)
	... 1 more
Caused by: java.net.ConnectException: Connection refused
	... 11 more
2019-09-17 11:51:53,806 [db5c95e9-dab2-4d3b-9775-2e3d4de03f2d@group-4033F378C501:LeaderElection37] INFO  impl.LeaderElection (LogUtils.java:infoOrTrace(149)) -   Exception 1: {}
java.util.concurrent.ExecutionException: org.apache.ratis.thirdparty.io.grpc.StatusRuntimeException: UNAVAILABLE: io exception
	at java.util.concurrent.FutureTask.report(FutureTask.java:122)
	at java.util.concurrent.FutureTask.get(FutureTask.java:192)
	at org.apache.ratis.server.impl.LeaderElection.waitForResults(LeaderElection.java:263)
	at org.apache.ratis.server.impl.LeaderElection.askForVotes(LeaderElection.java:201)
	at org.apache.ratis.server.impl.LeaderElection.run(LeaderElection.java:133)
	at java.lang.Thread.run(Thread.java:748)
Caused by: org.apache.ratis.thirdparty.io.grpc.StatusRuntimeException: UNAVAILABLE: io exception
	at org.apache.ratis.thirdparty.io.grpc.stub.ClientCalls.toStatusRuntimeException(ClientCalls.java:233)
	at org.apache.ratis.thirdparty.io.grpc.stub.ClientCalls.getUnchecked(ClientCalls.java:214)
	at org.apache.ratis.thirdparty.io.grpc.stub.ClientCalls.blockingUnaryCall(ClientCalls.java:139)
	at org.apache.ratis.proto.grpc.RaftServerProtocolServiceGrpc$RaftServerProtocolServiceBlockingStub.requestVote(RaftServerProtocolServiceGrpc.java:265)
	at org.apache.ratis.grpc.server.GrpcServerProtocolClient.requestVote(GrpcServerProtocolClient.java:90)
	at org.apache.ratis.grpc.server.GrpcService.requestVote(GrpcService.java:204)
	at org.apache.ratis.server.impl.LeaderElection.lambda$submitRequests$1(LeaderElection.java:238)
	at java.util.concurrent.FutureTask.run(FutureTask.java:266)
	at java.util.concurrent.Executors$RunnableAdapter.call(Executors.java:511)
	at java.util.concurrent.FutureTask.run(FutureTask.java:266)
	at java.util.concurrent.ThreadPoolExecutor.runWorker(ThreadPoolExecutor.java:1149)
	at java.util.concurrent.ThreadPoolExecutor$Worker.run(ThreadPoolExecutor.java:624)
	... 1 more
Caused by: org.apache.ratis.thirdparty.io.netty.channel.AbstractChannel$AnnotatedConnectException: Connection refused: /192.168.157.219:42903
	at sun.nio.ch.SocketChannelImpl.checkConnect(Native Method)
	at sun.nio.ch.SocketChannelImpl.finishConnect(SocketChannelImpl.java:717)
	at org.apache.ratis.thirdparty.io.netty.channel.socket.nio.NioSocketChannel.doFinishConnect(NioSocketChannel.java:327)
	at org.apache.ratis.thirdparty.io.netty.channel.nio.AbstractNioChannel$AbstractNioUnsafe.finishConnect(AbstractNioChannel.java:340)
	at org.apache.ratis.thirdparty.io.netty.channel.nio.NioEventLoop.processSelectedKey(NioEventLoop.java:632)
	at org.apache.ratis.thirdparty.io.netty.channel.nio.NioEventLoop.processSelectedKeysOptimized(NioEventLoop.java:579)
	at org.apache.ratis.thirdparty.io.netty.channel.nio.NioEventLoop.processSelectedKeys(NioEventLoop.java:496)
	at org.apache.ratis.thirdparty.io.netty.channel.nio.NioEventLoop.run(NioEventLoop.java:458)
	at org.apache.ratis.thirdparty.io.netty.util.concurrent.SingleThreadEventExecutor$5.run(SingleThreadEventExecutor.java:897)
	at org.apache.ratis.thirdparty.io.netty.util.concurrent.FastThreadLocalRunnable.run(FastThreadLocalRunnable.java:30)
	... 1 more
Caused by: java.net.ConnectException: Connection refused
	... 11 more
2019-09-17 11:51:53,807 [db5c95e9-dab2-4d3b-9775-2e3d4de03f2d@group-4033F378C501:LeaderElection37] INFO  impl.RaftServerImpl (RaftServerImpl.java:setRole(174)) - db5c95e9-dab2-4d3b-9775-2e3d4de03f2d@group-4033F378C501: changes role from CANDIDATE to FOLLOWER at term 22 for DISCOVERED_A_NEW_TERM
2019-09-17 11:51:53,807 [db5c95e9-dab2-4d3b-9775-2e3d4de03f2d@group-4033F378C501:LeaderElection37] INFO  impl.RoleInfo (RoleInfo.java:shutdownLeaderElection(134)) - db5c95e9-dab2-4d3b-9775-2e3d4de03f2d: shutdown LeaderElection
2019-09-17 11:51:53,807 [db5c95e9-dab2-4d3b-9775-2e3d4de03f2d@group-4033F378C501:LeaderElection37] INFO  impl.RoleInfo (RoleInfo.java:updateAndGet(143)) - db5c95e9-dab2-4d3b-9775-2e3d4de03f2d: start FollowerState
2019-09-17 11:51:54,002 [java.util.concurrent.ThreadPoolExecutor$Worker@9b33cb9[State = -1, empty queue]] WARN  server.GrpcLogAppender (GrpcLogAppender.java:timeoutAppendRequest(200)) - 166adff3-52d0-4f60-8e58-0e12ed96f4bf@group-012F5F91B630->ab50ed4d-57db-4f38-bd59-74c03932909c-GrpcLogAppender: appendEntries Timeout, request=166adff3-52d0-4f60-8e58-0e12ed96f4bf->ab50ed4d-57db-4f38-bd59-74c03932909c#152-t1, previous=(t:1, i:36), leaderCommit=32, initializing? false, entries: <empty>
2019-09-17 11:51:54,002 [java.util.concurrent.ThreadPoolExecutor$Worker@260d162e[State = -1, empty queue]] WARN  server.GrpcLogAppender (GrpcLogAppender.java:timeoutAppendRequest(200)) - 166adff3-52d0-4f60-8e58-0e12ed96f4bf@group-012F5F91B630->478df2fd-32fa-402c-a09a-4121263fb7de-GrpcLogAppender: appendEntries Timeout, request=166adff3-52d0-4f60-8e58-0e12ed96f4bf->478df2fd-32fa-402c-a09a-4121263fb7de#152-t1, previous=(t:1, i:36), leaderCommit=32, initializing? false, entries: <empty>
2019-09-17 11:51:54,152 [java.util.concurrent.ThreadPoolExecutor$Worker@3cd8d43b[State = -1, empty queue]] WARN  server.GrpcLogAppender (GrpcLogAppender.java:timeoutAppendRequest(200)) - ee155057-4acb-4f3f-9013-4bd3c5a101b6@group-B3F5A0A8BDBD->533f21c9-6148-4926-981b-3030ea271196-GrpcLogAppender: appendEntries Timeout, request=ee155057-4acb-4f3f-9013-4bd3c5a101b6->533f21c9-6148-4926-981b-3030ea271196#136-t2, previous=(t:2, i:20), leaderCommit=16, initializing? false, entries: <empty>
2019-09-17 11:51:54,152 [java.util.concurrent.ThreadPoolExecutor$Worker@5a9b47f8[State = -1, empty queue]] WARN  server.GrpcLogAppender (GrpcLogAppender.java:timeoutAppendRequest(200)) - ee155057-4acb-4f3f-9013-4bd3c5a101b6@group-B3F5A0A8BDBD->90cc32e6-bdd6-4f93-abb1-bc520dd025bc-GrpcLogAppender: appendEntries Timeout, request=ee155057-4acb-4f3f-9013-4bd3c5a101b6->90cc32e6-bdd6-4f93-abb1-bc520dd025bc#136-t2, previous=(t:2, i:20), leaderCommit=16, initializing? false, entries: <empty>
2019-09-17 11:51:54,502 [java.util.concurrent.ThreadPoolExecutor$Worker@9b33cb9[State = -1, empty queue]] WARN  server.GrpcLogAppender (GrpcLogAppender.java:timeoutAppendRequest(200)) - 166adff3-52d0-4f60-8e58-0e12ed96f4bf@group-012F5F91B630->ab50ed4d-57db-4f38-bd59-74c03932909c-GrpcLogAppender: appendEntries Timeout, request=166adff3-52d0-4f60-8e58-0e12ed96f4bf->ab50ed4d-57db-4f38-bd59-74c03932909c#153-t1, previous=(t:1, i:36), leaderCommit=32, initializing? false, entries: <empty>
2019-09-17 11:51:54,502 [java.util.concurrent.ThreadPoolExecutor$Worker@260d162e[State = -1, empty queue]] WARN  server.GrpcLogAppender (GrpcLogAppender.java:timeoutAppendRequest(200)) - 166adff3-52d0-4f60-8e58-0e12ed96f4bf@group-012F5F91B630->478df2fd-32fa-402c-a09a-4121263fb7de-GrpcLogAppender: appendEntries Timeout, request=166adff3-52d0-4f60-8e58-0e12ed96f4bf->478df2fd-32fa-402c-a09a-4121263fb7de#153-t1, previous=(t:1, i:36), leaderCommit=32, initializing? false, entries: <empty>
2019-09-17 11:51:54,654 [java.util.concurrent.ThreadPoolExecutor$Worker@3cd8d43b[State = -1, empty queue]] WARN  server.GrpcLogAppender (GrpcLogAppender.java:timeoutAppendRequest(200)) - ee155057-4acb-4f3f-9013-4bd3c5a101b6@group-B3F5A0A8BDBD->533f21c9-6148-4926-981b-3030ea271196-GrpcLogAppender: appendEntries Timeout, request=ee155057-4acb-4f3f-9013-4bd3c5a101b6->533f21c9-6148-4926-981b-3030ea271196#137-t2, previous=(t:2, i:20), leaderCommit=16, initializing? false, entries: <empty>
2019-09-17 11:51:54,654 [java.util.concurrent.ThreadPoolExecutor$Worker@5a9b47f8[State = -1, empty queue]] WARN  server.GrpcLogAppender (GrpcLogAppender.java:timeoutAppendRequest(200)) - ee155057-4acb-4f3f-9013-4bd3c5a101b6@group-B3F5A0A8BDBD->90cc32e6-bdd6-4f93-abb1-bc520dd025bc-GrpcLogAppender: appendEntries Timeout, request=ee155057-4acb-4f3f-9013-4bd3c5a101b6->90cc32e6-bdd6-4f93-abb1-bc520dd025bc#137-t2, previous=(t:2, i:20), leaderCommit=16, initializing? false, entries: <empty>
2019-09-17 11:51:54,927 [Thread-1399] INFO  impl.FollowerState (FollowerState.java:run(106)) - db5c95e9-dab2-4d3b-9775-2e3d4de03f2d:group-4033F378C501 changes to CANDIDATE, lastRpcTime:1119, electionTimeout:1119ms
2019-09-17 11:51:54,927 [Thread-1399] INFO  impl.RoleInfo (RoleInfo.java:shutdownFollowerState(121)) - db5c95e9-dab2-4d3b-9775-2e3d4de03f2d: shutdown FollowerState
2019-09-17 11:51:54,928 [Thread-1399] INFO  impl.RaftServerImpl (RaftServerImpl.java:setRole(174)) - db5c95e9-dab2-4d3b-9775-2e3d4de03f2d@group-4033F378C501: changes role from  FOLLOWER to CANDIDATE at term 22 for changeToCandidate
2019-09-17 11:51:54,928 [Thread-1399] INFO  impl.RoleInfo (RoleInfo.java:updateAndGet(143)) - db5c95e9-dab2-4d3b-9775-2e3d4de03f2d: start LeaderElection
2019-09-17 11:51:54,948 [db5c95e9-dab2-4d3b-9775-2e3d4de03f2d@group-4033F378C501:LeaderElection38] INFO  impl.LeaderElection (LeaderElection.java:askForVotes(182)) - db5c95e9-dab2-4d3b-9775-2e3d4de03f2d@group-4033F378C501:LeaderElection38: begin an election at term 23 for 0: [768e87e1-01a1-4abe-adbb-724fc729cfde:192.168.157.219:39557, 0efbdbeb-0caf-4be4-a340-f9adf92e227b:192.168.157.219:42903, db5c95e9-dab2-4d3b-9775-2e3d4de03f2d:192.168.157.219:43472], old=null
2019-09-17 11:51:54,949 [db5c95e9-dab2-4d3b-9775-2e3d4de03f2d@group-4033F378C501:LeaderElection38] INFO  impl.LeaderElection (LogUtils.java:infoOrTrace(149)) - db5c95e9-dab2-4d3b-9775-2e3d4de03f2d@group-4033F378C501:LeaderElection38 got exception when requesting votes: {}
java.util.concurrent.ExecutionException: org.apache.ratis.thirdparty.io.grpc.StatusRuntimeException: UNAVAILABLE: io exception
	at java.util.concurrent.FutureTask.report(FutureTask.java:122)
	at java.util.concurrent.FutureTask.get(FutureTask.java:192)
	at org.apache.ratis.server.impl.LeaderElection.waitForResults(LeaderElection.java:263)
	at org.apache.ratis.server.impl.LeaderElection.askForVotes(LeaderElection.java:201)
	at org.apache.ratis.server.impl.LeaderElection.run(LeaderElection.java:133)
	at java.lang.Thread.run(Thread.java:748)
Caused by: org.apache.ratis.thirdparty.io.grpc.StatusRuntimeException: UNAVAILABLE: io exception
	at org.apache.ratis.thirdparty.io.grpc.stub.ClientCalls.toStatusRuntimeException(ClientCalls.java:233)
	at org.apache.ratis.thirdparty.io.grpc.stub.ClientCalls.getUnchecked(ClientCalls.java:214)
	at org.apache.ratis.thirdparty.io.grpc.stub.ClientCalls.blockingUnaryCall(ClientCalls.java:139)
	at org.apache.ratis.proto.grpc.RaftServerProtocolServiceGrpc$RaftServerProtocolServiceBlockingStub.requestVote(RaftServerProtocolServiceGrpc.java:265)
	at org.apache.ratis.grpc.server.GrpcServerProtocolClient.requestVote(GrpcServerProtocolClient.java:90)
	at org.apache.ratis.grpc.server.GrpcService.requestVote(GrpcService.java:204)
	at org.apache.ratis.server.impl.LeaderElection.lambda$submitRequests$1(LeaderElection.java:238)
	at java.util.concurrent.FutureTask.run(FutureTask.java:266)
	at java.util.concurrent.Executors$RunnableAdapter.call(Executors.java:511)
	at java.util.concurrent.FutureTask.run(FutureTask.java:266)
	at java.util.concurrent.ThreadPoolExecutor.runWorker(ThreadPoolExecutor.java:1149)
	at java.util.concurrent.ThreadPoolExecutor$Worker.run(ThreadPoolExecutor.java:624)
	... 1 more
Caused by: org.apache.ratis.thirdparty.io.netty.channel.AbstractChannel$AnnotatedConnectException: Connection refused: /192.168.157.219:39557
	at sun.nio.ch.SocketChannelImpl.checkConnect(Native Method)
	at sun.nio.ch.SocketChannelImpl.finishConnect(SocketChannelImpl.java:717)
	at org.apache.ratis.thirdparty.io.netty.channel.socket.nio.NioSocketChannel.doFinishConnect(NioSocketChannel.java:327)
	at org.apache.ratis.thirdparty.io.netty.channel.nio.AbstractNioChannel$AbstractNioUnsafe.finishConnect(AbstractNioChannel.java:340)
	at org.apache.ratis.thirdparty.io.netty.channel.nio.NioEventLoop.processSelectedKey(NioEventLoop.java:632)
	at org.apache.ratis.thirdparty.io.netty.channel.nio.NioEventLoop.processSelectedKeysOptimized(NioEventLoop.java:579)
	at org.apache.ratis.thirdparty.io.netty.channel.nio.NioEventLoop.processSelectedKeys(NioEventLoop.java:496)
	at org.apache.ratis.thirdparty.io.netty.channel.nio.NioEventLoop.run(NioEventLoop.java:458)
	at org.apache.ratis.thirdparty.io.netty.util.concurrent.SingleThreadEventExecutor$5.run(SingleThreadEventExecutor.java:897)
	at org.apache.ratis.thirdparty.io.netty.util.concurrent.FastThreadLocalRunnable.run(FastThreadLocalRunnable.java:30)
	... 1 more
Caused by: java.net.ConnectException: Connection refused
	... 11 more
2019-09-17 11:51:54,950 [db5c95e9-dab2-4d3b-9775-2e3d4de03f2d@group-4033F378C501:LeaderElection38] INFO  impl.LeaderElection (LogUtils.java:infoOrTrace(149)) - db5c95e9-dab2-4d3b-9775-2e3d4de03f2d@group-4033F378C501:LeaderElection38 got exception when requesting votes: {}
java.util.concurrent.ExecutionException: org.apache.ratis.thirdparty.io.grpc.StatusRuntimeException: UNAVAILABLE: io exception
	at java.util.concurrent.FutureTask.report(FutureTask.java:122)
	at java.util.concurrent.FutureTask.get(FutureTask.java:192)
	at org.apache.ratis.server.impl.LeaderElection.waitForResults(LeaderElection.java:263)
	at org.apache.ratis.server.impl.LeaderElection.askForVotes(LeaderElection.java:201)
	at org.apache.ratis.server.impl.LeaderElection.run(LeaderElection.java:133)
	at java.lang.Thread.run(Thread.java:748)
Caused by: org.apache.ratis.thirdparty.io.grpc.StatusRuntimeException: UNAVAILABLE: io exception
	at org.apache.ratis.thirdparty.io.grpc.stub.ClientCalls.toStatusRuntimeException(ClientCalls.java:233)
	at org.apache.ratis.thirdparty.io.grpc.stub.ClientCalls.getUnchecked(ClientCalls.java:214)
	at org.apache.ratis.thirdparty.io.grpc.stub.ClientCalls.blockingUnaryCall(ClientCalls.java:139)
	at org.apache.ratis.proto.grpc.RaftServerProtocolServiceGrpc$RaftServerProtocolServiceBlockingStub.requestVote(RaftServerProtocolServiceGrpc.java:265)
	at org.apache.ratis.grpc.server.GrpcServerProtocolClient.requestVote(GrpcServerProtocolClient.java:90)
	at org.apache.ratis.grpc.server.GrpcService.requestVote(GrpcService.java:204)
	at org.apache.ratis.server.impl.LeaderElection.lambda$submitRequests$1(LeaderElection.java:238)
	at java.util.concurrent.FutureTask.run(FutureTask.java:266)
	at java.util.concurrent.Executors$RunnableAdapter.call(Executors.java:511)
	at java.util.concurrent.FutureTask.run(FutureTask.java:266)
	at java.util.concurrent.ThreadPoolExecutor.runWorker(ThreadPoolExecutor.java:1149)
	at java.util.concurrent.ThreadPoolExecutor$Worker.run(ThreadPoolExecutor.java:624)
	... 1 more
Caused by: org.apache.ratis.thirdparty.io.netty.channel.AbstractChannel$AnnotatedConnectException: Connection refused: /192.168.157.219:42903
	at sun.nio.ch.SocketChannelImpl.checkConnect(Native Method)
	at sun.nio.ch.SocketChannelImpl.finishConnect(SocketChannelImpl.java:717)
	at org.apache.ratis.thirdparty.io.netty.channel.socket.nio.NioSocketChannel.doFinishConnect(NioSocketChannel.java:327)
	at org.apache.ratis.thirdparty.io.netty.channel.nio.AbstractNioChannel$AbstractNioUnsafe.finishConnect(AbstractNioChannel.java:340)
	at org.apache.ratis.thirdparty.io.netty.channel.nio.NioEventLoop.processSelectedKey(NioEventLoop.java:632)
	at org.apache.ratis.thirdparty.io.netty.channel.nio.NioEventLoop.processSelectedKeysOptimized(NioEventLoop.java:579)
	at org.apache.ratis.thirdparty.io.netty.channel.nio.NioEventLoop.processSelectedKeys(NioEventLoop.java:496)
	at org.apache.ratis.thirdparty.io.netty.channel.nio.NioEventLoop.run(NioEventLoop.java:458)
	at org.apache.ratis.thirdparty.io.netty.util.concurrent.SingleThreadEventExecutor$5.run(SingleThreadEventExecutor.java:897)
	at org.apache.ratis.thirdparty.io.netty.util.concurrent.FastThreadLocalRunnable.run(FastThreadLocalRunnable.java:30)
	... 1 more
Caused by: java.net.ConnectException: Connection refused
	... 11 more
2019-09-17 11:51:54,951 [db5c95e9-dab2-4d3b-9775-2e3d4de03f2d@group-4033F378C501:LeaderElection38] INFO  impl.LeaderElection (LeaderElection.java:logAndReturn(56)) - db5c95e9-dab2-4d3b-9775-2e3d4de03f2d@group-4033F378C501:LeaderElection38: Election REJECTED; received 0 response(s) [] and 2 exception(s); db5c95e9-dab2-4d3b-9775-2e3d4de03f2d@group-4033F378C501:t23, leader=null, voted=db5c95e9-dab2-4d3b-9775-2e3d4de03f2d, raftlog=db5c95e9-dab2-4d3b-9775-2e3d4de03f2d@group-4033F378C501-SegmentedRaftLog:OPENED:c28,f28,i28, conf=0: [768e87e1-01a1-4abe-adbb-724fc729cfde:192.168.157.219:39557, 0efbdbeb-0caf-4be4-a340-f9adf92e227b:192.168.157.219:42903, db5c95e9-dab2-4d3b-9775-2e3d4de03f2d:192.168.157.219:43472], old=null
2019-09-17 11:51:54,951 [db5c95e9-dab2-4d3b-9775-2e3d4de03f2d@group-4033F378C501:LeaderElection38] INFO  impl.LeaderElection (LogUtils.java:infoOrTrace(149)) -   Exception 0: {}
java.util.concurrent.ExecutionException: org.apache.ratis.thirdparty.io.grpc.StatusRuntimeException: UNAVAILABLE: io exception
	at java.util.concurrent.FutureTask.report(FutureTask.java:122)
	at java.util.concurrent.FutureTask.get(FutureTask.java:192)
	at org.apache.ratis.server.impl.LeaderElection.waitForResults(LeaderElection.java:263)
	at org.apache.ratis.server.impl.LeaderElection.askForVotes(LeaderElection.java:201)
	at org.apache.ratis.server.impl.LeaderElection.run(LeaderElection.java:133)
	at java.lang.Thread.run(Thread.java:748)
Caused by: org.apache.ratis.thirdparty.io.grpc.StatusRuntimeException: UNAVAILABLE: io exception
	at org.apache.ratis.thirdparty.io.grpc.stub.ClientCalls.toStatusRuntimeException(ClientCalls.java:233)
	at org.apache.ratis.thirdparty.io.grpc.stub.ClientCalls.getUnchecked(ClientCalls.java:214)
	at org.apache.ratis.thirdparty.io.grpc.stub.ClientCalls.blockingUnaryCall(ClientCalls.java:139)
	at org.apache.ratis.proto.grpc.RaftServerProtocolServiceGrpc$RaftServerProtocolServiceBlockingStub.requestVote(RaftServerProtocolServiceGrpc.java:265)
	at org.apache.ratis.grpc.server.GrpcServerProtocolClient.requestVote(GrpcServerProtocolClient.java:90)
	at org.apache.ratis.grpc.server.GrpcService.requestVote(GrpcService.java:204)
	at org.apache.ratis.server.impl.LeaderElection.lambda$submitRequests$1(LeaderElection.java:238)
	at java.util.concurrent.FutureTask.run(FutureTask.java:266)
	at java.util.concurrent.Executors$RunnableAdapter.call(Executors.java:511)
	at java.util.concurrent.FutureTask.run(FutureTask.java:266)
	at java.util.concurrent.ThreadPoolExecutor.runWorker(ThreadPoolExecutor.java:1149)
	at java.util.concurrent.ThreadPoolExecutor$Worker.run(ThreadPoolExecutor.java:624)
	... 1 more
Caused by: org.apache.ratis.thirdparty.io.netty.channel.AbstractChannel$AnnotatedConnectException: Connection refused: /192.168.157.219:39557
	at sun.nio.ch.SocketChannelImpl.checkConnect(Native Method)
	at sun.nio.ch.SocketChannelImpl.finishConnect(SocketChannelImpl.java:717)
	at org.apache.ratis.thirdparty.io.netty.channel.socket.nio.NioSocketChannel.doFinishConnect(NioSocketChannel.java:327)
	at org.apache.ratis.thirdparty.io.netty.channel.nio.AbstractNioChannel$AbstractNioUnsafe.finishConnect(AbstractNioChannel.java:340)
	at org.apache.ratis.thirdparty.io.netty.channel.nio.NioEventLoop.processSelectedKey(NioEventLoop.java:632)
	at org.apache.ratis.thirdparty.io.netty.channel.nio.NioEventLoop.processSelectedKeysOptimized(NioEventLoop.java:579)
	at org.apache.ratis.thirdparty.io.netty.channel.nio.NioEventLoop.processSelectedKeys(NioEventLoop.java:496)
	at org.apache.ratis.thirdparty.io.netty.channel.nio.NioEventLoop.run(NioEventLoop.java:458)
	at org.apache.ratis.thirdparty.io.netty.util.concurrent.SingleThreadEventExecutor$5.run(SingleThreadEventExecutor.java:897)
	at org.apache.ratis.thirdparty.io.netty.util.concurrent.FastThreadLocalRunnable.run(FastThreadLocalRunnable.java:30)
	... 1 more
Caused by: java.net.ConnectException: Connection refused
	... 11 more
2019-09-17 11:51:54,951 [db5c95e9-dab2-4d3b-9775-2e3d4de03f2d@group-4033F378C501:LeaderElection38] INFO  impl.LeaderElection (LogUtils.java:infoOrTrace(149)) -   Exception 1: {}
java.util.concurrent.ExecutionException: org.apache.ratis.thirdparty.io.grpc.StatusRuntimeException: UNAVAILABLE: io exception
	at java.util.concurrent.FutureTask.report(FutureTask.java:122)
	at java.util.concurrent.FutureTask.get(FutureTask.java:192)
	at org.apache.ratis.server.impl.LeaderElection.waitForResults(LeaderElection.java:263)
	at org.apache.ratis.server.impl.LeaderElection.askForVotes(LeaderElection.java:201)
	at org.apache.ratis.server.impl.LeaderElection.run(LeaderElection.java:133)
	at java.lang.Thread.run(Thread.java:748)
Caused by: org.apache.ratis.thirdparty.io.grpc.StatusRuntimeException: UNAVAILABLE: io exception
	at org.apache.ratis.thirdparty.io.grpc.stub.ClientCalls.toStatusRuntimeException(ClientCalls.java:233)
	at org.apache.ratis.thirdparty.io.grpc.stub.ClientCalls.getUnchecked(ClientCalls.java:214)
	at org.apache.ratis.thirdparty.io.grpc.stub.ClientCalls.blockingUnaryCall(ClientCalls.java:139)
	at org.apache.ratis.proto.grpc.RaftServerProtocolServiceGrpc$RaftServerProtocolServiceBlockingStub.requestVote(RaftServerProtocolServiceGrpc.java:265)
	at org.apache.ratis.grpc.server.GrpcServerProtocolClient.requestVote(GrpcServerProtocolClient.java:90)
	at org.apache.ratis.grpc.server.GrpcService.requestVote(GrpcService.java:204)
	at org.apache.ratis.server.impl.LeaderElection.lambda$submitRequests$1(LeaderElection.java:238)
	at java.util.concurrent.FutureTask.run(FutureTask.java:266)
	at java.util.concurrent.Executors$RunnableAdapter.call(Executors.java:511)
	at java.util.concurrent.FutureTask.run(FutureTask.java:266)
	at java.util.concurrent.ThreadPoolExecutor.runWorker(ThreadPoolExecutor.java:1149)
	at java.util.concurrent.ThreadPoolExecutor$Worker.run(ThreadPoolExecutor.java:624)
	... 1 more
Caused by: org.apache.ratis.thirdparty.io.netty.channel.AbstractChannel$AnnotatedConnectException: Connection refused: /192.168.157.219:42903
	at sun.nio.ch.SocketChannelImpl.checkConnect(Native Method)
	at sun.nio.ch.SocketChannelImpl.finishConnect(SocketChannelImpl.java:717)
	at org.apache.ratis.thirdparty.io.netty.channel.socket.nio.NioSocketChannel.doFinishConnect(NioSocketChannel.java:327)
	at org.apache.ratis.thirdparty.io.netty.channel.nio.AbstractNioChannel$AbstractNioUnsafe.finishConnect(AbstractNioChannel.java:340)
	at org.apache.ratis.thirdparty.io.netty.channel.nio.NioEventLoop.processSelectedKey(NioEventLoop.java:632)
	at org.apache.ratis.thirdparty.io.netty.channel.nio.NioEventLoop.processSelectedKeysOptimized(NioEventLoop.java:579)
	at org.apache.ratis.thirdparty.io.netty.channel.nio.NioEventLoop.processSelectedKeys(NioEventLoop.java:496)
	at org.apache.ratis.thirdparty.io.netty.channel.nio.NioEventLoop.run(NioEventLoop.java:458)
	at org.apache.ratis.thirdparty.io.netty.util.concurrent.SingleThreadEventExecutor$5.run(SingleThreadEventExecutor.java:897)
	at org.apache.ratis.thirdparty.io.netty.util.concurrent.FastThreadLocalRunnable.run(FastThreadLocalRunnable.java:30)
	... 1 more
Caused by: java.net.ConnectException: Connection refused
	... 11 more
2019-09-17 11:51:54,951 [db5c95e9-dab2-4d3b-9775-2e3d4de03f2d@group-4033F378C501:LeaderElection38] INFO  impl.RaftServerImpl (RaftServerImpl.java:setRole(174)) - db5c95e9-dab2-4d3b-9775-2e3d4de03f2d@group-4033F378C501: changes role from CANDIDATE to FOLLOWER at term 23 for DISCOVERED_A_NEW_TERM
2019-09-17 11:51:54,952 [db5c95e9-dab2-4d3b-9775-2e3d4de03f2d@group-4033F378C501:LeaderElection38] INFO  impl.RoleInfo (RoleInfo.java:shutdownLeaderElection(134)) - db5c95e9-dab2-4d3b-9775-2e3d4de03f2d: shutdown LeaderElection
2019-09-17 11:51:54,952 [db5c95e9-dab2-4d3b-9775-2e3d4de03f2d@group-4033F378C501:LeaderElection38] INFO  impl.RoleInfo (RoleInfo.java:updateAndGet(143)) - db5c95e9-dab2-4d3b-9775-2e3d4de03f2d: start FollowerState
2019-09-17 11:51:54,966 [ee155057-4acb-4f3f-9013-4bd3c5a101b6@group-B3F5A0A8BDBD-SegmentedRaftLogWorker] WARN  segmented.SegmentedRaftLogWorker (SegmentedRaftLogWorker.java:getFromFuture(90)) - Timeout 5/~
org.apache.ratis.protocol.TimeoutIOException: Timeout 10s: WriteLog:17: (t:2, i:17), STATEMACHINELOGENTRY, client-86CC74F3E005, cid=38-writeStateMachineData
	at org.apache.ratis.util.IOUtils.getFromFuture(IOUtils.java:87)
	at org.apache.ratis.server.raftlog.segmented.SegmentedRaftLogWorker$StateMachineDataPolicy.getFromFuture(SegmentedRaftLogWorker.java:87)
	at org.apache.ratis.server.raftlog.segmented.SegmentedRaftLogWorker$WriteLog.execute(SegmentedRaftLogWorker.java:477)
	at org.apache.ratis.server.raftlog.segmented.SegmentedRaftLogWorker.run(SegmentedRaftLogWorker.java:289)
	at java.lang.Thread.run(Thread.java:748)
Caused by: java.util.concurrent.TimeoutException
	at java.util.concurrent.CompletableFuture.timedGet(CompletableFuture.java:1771)
	at java.util.concurrent.CompletableFuture.get(CompletableFuture.java:1915)
	at org.apache.ratis.util.IOUtils.getFromFuture(IOUtils.java:79)
	... 4 more
2019-09-17 11:51:55,003 [java.util.concurrent.ThreadPoolExecutor$Worker@9b33cb9[State = -1, empty queue]] WARN  server.GrpcLogAppender (GrpcLogAppender.java:timeoutAppendRequest(200)) - 166adff3-52d0-4f60-8e58-0e12ed96f4bf@group-012F5F91B630->ab50ed4d-57db-4f38-bd59-74c03932909c-GrpcLogAppender: appendEntries Timeout, request=166adff3-52d0-4f60-8e58-0e12ed96f4bf->ab50ed4d-57db-4f38-bd59-74c03932909c#154-t1, previous=(t:1, i:36), leaderCommit=32, initializing? false, entries: <empty>
2019-09-17 11:51:55,003 [java.util.concurrent.ThreadPoolExecutor$Worker@260d162e[State = -1, empty queue]] WARN  server.GrpcLogAppender (GrpcLogAppender.java:timeoutAppendRequest(200)) - 166adff3-52d0-4f60-8e58-0e12ed96f4bf@group-012F5F91B630->478df2fd-32fa-402c-a09a-4121263fb7de-GrpcLogAppender: appendEntries Timeout, request=166adff3-52d0-4f60-8e58-0e12ed96f4bf->478df2fd-32fa-402c-a09a-4121263fb7de#154-t1, previous=(t:1, i:36), leaderCommit=32, initializing? false, entries: <empty>
2019-09-17 11:51:55,073 [533f21c9-6148-4926-981b-3030ea271196@group-B3F5A0A8BDBD-SegmentedRaftLogWorker] WARN  segmented.SegmentedRaftLogWorker (SegmentedRaftLogWorker.java:getFromFuture(90)) - Timeout 5/~
org.apache.ratis.protocol.TimeoutIOException: Timeout 10s: WriteLog:19: (t:2, i:19), STATEMACHINELOGENTRY, client-86CC74F3E005, cid=40-writeStateMachineData
	at org.apache.ratis.util.IOUtils.getFromFuture(IOUtils.java:87)
	at org.apache.ratis.server.raftlog.segmented.SegmentedRaftLogWorker$StateMachineDataPolicy.getFromFuture(SegmentedRaftLogWorker.java:87)
	at org.apache.ratis.server.raftlog.segmented.SegmentedRaftLogWorker$WriteLog.execute(SegmentedRaftLogWorker.java:477)
	at org.apache.ratis.server.raftlog.segmented.SegmentedRaftLogWorker.run(SegmentedRaftLogWorker.java:289)
	at java.lang.Thread.run(Thread.java:748)
Caused by: java.util.concurrent.TimeoutException
	at java.util.concurrent.CompletableFuture.timedGet(CompletableFuture.java:1771)
	at java.util.concurrent.CompletableFuture.get(CompletableFuture.java:1915)
	at org.apache.ratis.util.IOUtils.getFromFuture(IOUtils.java:79)
	... 4 more
2019-09-17 11:51:55,077 [90cc32e6-bdd6-4f93-abb1-bc520dd025bc@group-B3F5A0A8BDBD-SegmentedRaftLogWorker] WARN  segmented.SegmentedRaftLogWorker (SegmentedRaftLogWorker.java:getFromFuture(90)) - Timeout 5/~
org.apache.ratis.protocol.TimeoutIOException: Timeout 10s: WriteLog:19: (t:2, i:19), STATEMACHINELOGENTRY, client-86CC74F3E005, cid=40-writeStateMachineData
	at org.apache.ratis.util.IOUtils.getFromFuture(IOUtils.java:87)
	at org.apache.ratis.server.raftlog.segmented.SegmentedRaftLogWorker$StateMachineDataPolicy.getFromFuture(SegmentedRaftLogWorker.java:87)
	at org.apache.ratis.server.raftlog.segmented.SegmentedRaftLogWorker$WriteLog.execute(SegmentedRaftLogWorker.java:477)
	at org.apache.ratis.server.raftlog.segmented.SegmentedRaftLogWorker.run(SegmentedRaftLogWorker.java:289)
	at java.lang.Thread.run(Thread.java:748)
Caused by: java.util.concurrent.TimeoutException
	at java.util.concurrent.CompletableFuture.timedGet(CompletableFuture.java:1771)
	at java.util.concurrent.CompletableFuture.get(CompletableFuture.java:1915)
	at org.apache.ratis.util.IOUtils.getFromFuture(IOUtils.java:79)
	... 4 more
2019-09-17 11:51:55,114 [grpc-default-executor-1] INFO  client.GrpcClientProtocolClient (GrpcClientProtocolClient.java:onNext(264)) - client-CC55B186F28B->478df2fd-32fa-402c-a09a-4121263fb7de: receive RaftClientReply:client-CC55B186F28B->478df2fd-32fa-402c-a09a-4121263fb7de@group-012F5F91B630, cid=71, FAILED org.apache.ratis.protocol.NotLeaderException: Server 478df2fd-32fa-402c-a09a-4121263fb7de@group-012F5F91B630 is not the leader 166adff3-52d0-4f60-8e58-0e12ed96f4bf:192.168.157.219:39836, logIndex=0, commits[478df2fd-32fa-402c-a09a-4121263fb7de:c32, ab50ed4d-57db-4f38-bd59-74c03932909c:c28, 166adff3-52d0-4f60-8e58-0e12ed96f4bf:c32]
2019-09-17 11:51:55,154 [java.util.concurrent.ThreadPoolExecutor$Worker@5a9b47f8[State = -1, empty queue]] WARN  server.GrpcLogAppender (GrpcLogAppender.java:timeoutAppendRequest(200)) - ee155057-4acb-4f3f-9013-4bd3c5a101b6@group-B3F5A0A8BDBD->90cc32e6-bdd6-4f93-abb1-bc520dd025bc-GrpcLogAppender: appendEntries Timeout, request=ee155057-4acb-4f3f-9013-4bd3c5a101b6->90cc32e6-bdd6-4f93-abb1-bc520dd025bc#138-t2, previous=(t:2, i:20), leaderCommit=16, initializing? false, entries: <empty>
2019-09-17 11:51:55,154 [java.util.concurrent.ThreadPoolExecutor$Worker@3cd8d43b[State = -1, empty queue]] WARN  server.GrpcLogAppender (GrpcLogAppender.java:timeoutAppendRequest(200)) - ee155057-4acb-4f3f-9013-4bd3c5a101b6@group-B3F5A0A8BDBD->533f21c9-6148-4926-981b-3030ea271196-GrpcLogAppender: appendEntries Timeout, request=ee155057-4acb-4f3f-9013-4bd3c5a101b6->533f21c9-6148-4926-981b-3030ea271196#138-t2, previous=(t:2, i:20), leaderCommit=16, initializing? false, entries: <empty>
2019-09-17 11:51:55,503 [java.util.concurrent.ThreadPoolExecutor$Worker@9b33cb9[State = -1, empty queue]] WARN  server.GrpcLogAppender (GrpcLogAppender.java:timeoutAppendRequest(200)) - 166adff3-52d0-4f60-8e58-0e12ed96f4bf@group-012F5F91B630->ab50ed4d-57db-4f38-bd59-74c03932909c-GrpcLogAppender: appendEntries Timeout, request=166adff3-52d0-4f60-8e58-0e12ed96f4bf->ab50ed4d-57db-4f38-bd59-74c03932909c#155-t1, previous=(t:1, i:36), leaderCommit=32, initializing? false, entries: <empty>
2019-09-17 11:51:55,503 [java.util.concurrent.ThreadPoolExecutor$Worker@260d162e[State = -1, empty queue]] WARN  server.GrpcLogAppender (GrpcLogAppender.java:timeoutAppendRequest(200)) - 166adff3-52d0-4f60-8e58-0e12ed96f4bf@group-012F5F91B630->478df2fd-32fa-402c-a09a-4121263fb7de-GrpcLogAppender: appendEntries Timeout, request=166adff3-52d0-4f60-8e58-0e12ed96f4bf->478df2fd-32fa-402c-a09a-4121263fb7de#155-t1, previous=(t:1, i:36), leaderCommit=32, initializing? false, entries: <empty>
2019-09-17 11:51:55,660 [java.util.concurrent.ThreadPoolExecutor$Worker@5a9b47f8[State = -1, empty queue]] WARN  server.GrpcLogAppender (GrpcLogAppender.java:timeoutAppendRequest(200)) - ee155057-4acb-4f3f-9013-4bd3c5a101b6@group-B3F5A0A8BDBD->90cc32e6-bdd6-4f93-abb1-bc520dd025bc-GrpcLogAppender: appendEntries Timeout, request=ee155057-4acb-4f3f-9013-4bd3c5a101b6->90cc32e6-bdd6-4f93-abb1-bc520dd025bc#139-t2, previous=(t:2, i:20), leaderCommit=16, initializing? false, entries: <empty>
2019-09-17 11:51:55,660 [java.util.concurrent.ThreadPoolExecutor$Worker@3cd8d43b[State = -1, empty queue]] WARN  server.GrpcLogAppender (GrpcLogAppender.java:timeoutAppendRequest(200)) - ee155057-4acb-4f3f-9013-4bd3c5a101b6@group-B3F5A0A8BDBD->533f21c9-6148-4926-981b-3030ea271196-GrpcLogAppender: appendEntries Timeout, request=ee155057-4acb-4f3f-9013-4bd3c5a101b6->533f21c9-6148-4926-981b-3030ea271196#139-t2, previous=(t:2, i:20), leaderCommit=16, initializing? false, entries: <empty>
2019-09-17 11:51:55,952 [Thread-1411] INFO  impl.FollowerState (FollowerState.java:run(106)) - db5c95e9-dab2-4d3b-9775-2e3d4de03f2d:group-4033F378C501 changes to CANDIDATE, lastRpcTime:1000, electionTimeout:1000ms
2019-09-17 11:51:55,953 [Thread-1411] INFO  impl.RoleInfo (RoleInfo.java:shutdownFollowerState(121)) - db5c95e9-dab2-4d3b-9775-2e3d4de03f2d: shutdown FollowerState
2019-09-17 11:51:55,953 [Thread-1411] INFO  impl.RaftServerImpl (RaftServerImpl.java:setRole(174)) - db5c95e9-dab2-4d3b-9775-2e3d4de03f2d@group-4033F378C501: changes role from  FOLLOWER to CANDIDATE at term 23 for changeToCandidate
2019-09-17 11:51:55,953 [Thread-1411] INFO  impl.RoleInfo (RoleInfo.java:updateAndGet(143)) - db5c95e9-dab2-4d3b-9775-2e3d4de03f2d: start LeaderElection
2019-09-17 11:51:55,979 [db5c95e9-dab2-4d3b-9775-2e3d4de03f2d@group-4033F378C501:LeaderElection39] INFO  impl.LeaderElection (LeaderElection.java:askForVotes(182)) - db5c95e9-dab2-4d3b-9775-2e3d4de03f2d@group-4033F378C501:LeaderElection39: begin an election at term 24 for 0: [768e87e1-01a1-4abe-adbb-724fc729cfde:192.168.157.219:39557, 0efbdbeb-0caf-4be4-a340-f9adf92e227b:192.168.157.219:42903, db5c95e9-dab2-4d3b-9775-2e3d4de03f2d:192.168.157.219:43472], old=null
2019-09-17 11:51:55,980 [db5c95e9-dab2-4d3b-9775-2e3d4de03f2d@group-4033F378C501:LeaderElection39] INFO  impl.LeaderElection (LogUtils.java:infoOrTrace(149)) - db5c95e9-dab2-4d3b-9775-2e3d4de03f2d@group-4033F378C501:LeaderElection39 got exception when requesting votes: {}
java.util.concurrent.ExecutionException: org.apache.ratis.thirdparty.io.grpc.StatusRuntimeException: UNAVAILABLE: io exception
	at java.util.concurrent.FutureTask.report(FutureTask.java:122)
	at java.util.concurrent.FutureTask.get(FutureTask.java:192)
	at org.apache.ratis.server.impl.LeaderElection.waitForResults(LeaderElection.java:263)
	at org.apache.ratis.server.impl.LeaderElection.askForVotes(LeaderElection.java:201)
	at org.apache.ratis.server.impl.LeaderElection.run(LeaderElection.java:133)
	at java.lang.Thread.run(Thread.java:748)
Caused by: org.apache.ratis.thirdparty.io.grpc.StatusRuntimeException: UNAVAILABLE: io exception
	at org.apache.ratis.thirdparty.io.grpc.stub.ClientCalls.toStatusRuntimeException(ClientCalls.java:233)
	at org.apache.ratis.thirdparty.io.grpc.stub.ClientCalls.getUnchecked(ClientCalls.java:214)
	at org.apache.ratis.thirdparty.io.grpc.stub.ClientCalls.blockingUnaryCall(ClientCalls.java:139)
	at org.apache.ratis.proto.grpc.RaftServerProtocolServiceGrpc$RaftServerProtocolServiceBlockingStub.requestVote(RaftServerProtocolServiceGrpc.java:265)
	at org.apache.ratis.grpc.server.GrpcServerProtocolClient.requestVote(GrpcServerProtocolClient.java:90)
	at org.apache.ratis.grpc.server.GrpcService.requestVote(GrpcService.java:204)
	at org.apache.ratis.server.impl.LeaderElection.lambda$submitRequests$1(LeaderElection.java:238)
	at java.util.concurrent.FutureTask.run(FutureTask.java:266)
	at java.util.concurrent.Executors$RunnableAdapter.call(Executors.java:511)
	at java.util.concurrent.FutureTask.run(FutureTask.java:266)
	at java.util.concurrent.ThreadPoolExecutor.runWorker(ThreadPoolExecutor.java:1149)
	at java.util.concurrent.ThreadPoolExecutor$Worker.run(ThreadPoolExecutor.java:624)
	... 1 more
Caused by: org.apache.ratis.thirdparty.io.netty.channel.AbstractChannel$AnnotatedConnectException: Connection refused: /192.168.157.219:42903
	at sun.nio.ch.SocketChannelImpl.checkConnect(Native Method)
	at sun.nio.ch.SocketChannelImpl.finishConnect(SocketChannelImpl.java:717)
	at org.apache.ratis.thirdparty.io.netty.channel.socket.nio.NioSocketChannel.doFinishConnect(NioSocketChannel.java:327)
	at org.apache.ratis.thirdparty.io.netty.channel.nio.AbstractNioChannel$AbstractNioUnsafe.finishConnect(AbstractNioChannel.java:340)
	at org.apache.ratis.thirdparty.io.netty.channel.nio.NioEventLoop.processSelectedKey(NioEventLoop.java:632)
	at org.apache.ratis.thirdparty.io.netty.channel.nio.NioEventLoop.processSelectedKeysOptimized(NioEventLoop.java:579)
	at org.apache.ratis.thirdparty.io.netty.channel.nio.NioEventLoop.processSelectedKeys(NioEventLoop.java:496)
	at org.apache.ratis.thirdparty.io.netty.channel.nio.NioEventLoop.run(NioEventLoop.java:458)
	at org.apache.ratis.thirdparty.io.netty.util.concurrent.SingleThreadEventExecutor$5.run(SingleThreadEventExecutor.java:897)
	at org.apache.ratis.thirdparty.io.netty.util.concurrent.FastThreadLocalRunnable.run(FastThreadLocalRunnable.java:30)
	... 1 more
Caused by: java.net.ConnectException: Connection refused
	... 11 more
2019-09-17 11:51:55,982 [db5c95e9-dab2-4d3b-9775-2e3d4de03f2d@group-4033F378C501:LeaderElection39] INFO  impl.LeaderElection (LogUtils.java:infoOrTrace(149)) - db5c95e9-dab2-4d3b-9775-2e3d4de03f2d@group-4033F378C501:LeaderElection39 got exception when requesting votes: {}
java.util.concurrent.ExecutionException: org.apache.ratis.thirdparty.io.grpc.StatusRuntimeException: UNAVAILABLE: io exception
	at java.util.concurrent.FutureTask.report(FutureTask.java:122)
	at java.util.concurrent.FutureTask.get(FutureTask.java:192)
	at org.apache.ratis.server.impl.LeaderElection.waitForResults(LeaderElection.java:263)
	at org.apache.ratis.server.impl.LeaderElection.askForVotes(LeaderElection.java:201)
	at org.apache.ratis.server.impl.LeaderElection.run(LeaderElection.java:133)
	at java.lang.Thread.run(Thread.java:748)
Caused by: org.apache.ratis.thirdparty.io.grpc.StatusRuntimeException: UNAVAILABLE: io exception
	at org.apache.ratis.thirdparty.io.grpc.stub.ClientCalls.toStatusRuntimeException(ClientCalls.java:233)
	at org.apache.ratis.thirdparty.io.grpc.stub.ClientCalls.getUnchecked(ClientCalls.java:214)
	at org.apache.ratis.thirdparty.io.grpc.stub.ClientCalls.blockingUnaryCall(ClientCalls.java:139)
	at org.apache.ratis.proto.grpc.RaftServerProtocolServiceGrpc$RaftServerProtocolServiceBlockingStub.requestVote(RaftServerProtocolServiceGrpc.java:265)
	at org.apache.ratis.grpc.server.GrpcServerProtocolClient.requestVote(GrpcServerProtocolClient.java:90)
	at org.apache.ratis.grpc.server.GrpcService.requestVote(GrpcService.java:204)
	at org.apache.ratis.server.impl.LeaderElection.lambda$submitRequests$1(LeaderElection.java:238)
	at java.util.concurrent.FutureTask.run(FutureTask.java:266)
	at java.util.concurrent.Executors$RunnableAdapter.call(Executors.java:511)
	at java.util.concurrent.FutureTask.run(FutureTask.java:266)
	at java.util.concurrent.ThreadPoolExecutor.runWorker(ThreadPoolExecutor.java:1149)
	at java.util.concurrent.ThreadPoolExecutor$Worker.run(ThreadPoolExecutor.java:624)
	... 1 more
Caused by: org.apache.ratis.thirdparty.io.netty.channel.AbstractChannel$AnnotatedConnectException: Connection refused: /192.168.157.219:39557
	at sun.nio.ch.SocketChannelImpl.checkConnect(Native Method)
	at sun.nio.ch.SocketChannelImpl.finishConnect(SocketChannelImpl.java:717)
	at org.apache.ratis.thirdparty.io.netty.channel.socket.nio.NioSocketChannel.doFinishConnect(NioSocketChannel.java:327)
	at org.apache.ratis.thirdparty.io.netty.channel.nio.AbstractNioChannel$AbstractNioUnsafe.finishConnect(AbstractNioChannel.java:340)
	at org.apache.ratis.thirdparty.io.netty.channel.nio.NioEventLoop.processSelectedKey(NioEventLoop.java:632)
	at org.apache.ratis.thirdparty.io.netty.channel.nio.NioEventLoop.processSelectedKeysOptimized(NioEventLoop.java:579)
	at org.apache.ratis.thirdparty.io.netty.channel.nio.NioEventLoop.processSelectedKeys(NioEventLoop.java:496)
	at org.apache.ratis.thirdparty.io.netty.channel.nio.NioEventLoop.run(NioEventLoop.java:458)
	at org.apache.ratis.thirdparty.io.netty.util.concurrent.SingleThreadEventExecutor$5.run(SingleThreadEventExecutor.java:897)
	at org.apache.ratis.thirdparty.io.netty.util.concurrent.FastThreadLocalRunnable.run(FastThreadLocalRunnable.java:30)
	... 1 more
Caused by: java.net.ConnectException: Connection refused
	... 11 more
2019-09-17 11:51:55,983 [db5c95e9-dab2-4d3b-9775-2e3d4de03f2d@group-4033F378C501:LeaderElection39] INFO  impl.LeaderElection (LeaderElection.java:logAndReturn(56)) - db5c95e9-dab2-4d3b-9775-2e3d4de03f2d@group-4033F378C501:LeaderElection39: Election REJECTED; received 0 response(s) [] and 2 exception(s); db5c95e9-dab2-4d3b-9775-2e3d4de03f2d@group-4033F378C501:t24, leader=null, voted=db5c95e9-dab2-4d3b-9775-2e3d4de03f2d, raftlog=db5c95e9-dab2-4d3b-9775-2e3d4de03f2d@group-4033F378C501-SegmentedRaftLog:OPENED:c28,f28,i28, conf=0: [768e87e1-01a1-4abe-adbb-724fc729cfde:192.168.157.219:39557, 0efbdbeb-0caf-4be4-a340-f9adf92e227b:192.168.157.219:42903, db5c95e9-dab2-4d3b-9775-2e3d4de03f2d:192.168.157.219:43472], old=null
2019-09-17 11:51:55,983 [db5c95e9-dab2-4d3b-9775-2e3d4de03f2d@group-4033F378C501:LeaderElection39] INFO  impl.LeaderElection (LogUtils.java:infoOrTrace(149)) -   Exception 0: {}
java.util.concurrent.ExecutionException: org.apache.ratis.thirdparty.io.grpc.StatusRuntimeException: UNAVAILABLE: io exception
	at java.util.concurrent.FutureTask.report(FutureTask.java:122)
	at java.util.concurrent.FutureTask.get(FutureTask.java:192)
	at org.apache.ratis.server.impl.LeaderElection.waitForResults(LeaderElection.java:263)
	at org.apache.ratis.server.impl.LeaderElection.askForVotes(LeaderElection.java:201)
	at org.apache.ratis.server.impl.LeaderElection.run(LeaderElection.java:133)
	at java.lang.Thread.run(Thread.java:748)
Caused by: org.apache.ratis.thirdparty.io.grpc.StatusRuntimeException: UNAVAILABLE: io exception
	at org.apache.ratis.thirdparty.io.grpc.stub.ClientCalls.toStatusRuntimeException(ClientCalls.java:233)
	at org.apache.ratis.thirdparty.io.grpc.stub.ClientCalls.getUnchecked(ClientCalls.java:214)
	at org.apache.ratis.thirdparty.io.grpc.stub.ClientCalls.blockingUnaryCall(ClientCalls.java:139)
	at org.apache.ratis.proto.grpc.RaftServerProtocolServiceGrpc$RaftServerProtocolServiceBlockingStub.requestVote(RaftServerProtocolServiceGrpc.java:265)
	at org.apache.ratis.grpc.server.GrpcServerProtocolClient.requestVote(GrpcServerProtocolClient.java:90)
	at org.apache.ratis.grpc.server.GrpcService.requestVote(GrpcService.java:204)
	at org.apache.ratis.server.impl.LeaderElection.lambda$submitRequests$1(LeaderElection.java:238)
	at java.util.concurrent.FutureTask.run(FutureTask.java:266)
	at java.util.concurrent.Executors$RunnableAdapter.call(Executors.java:511)
	at java.util.concurrent.FutureTask.run(FutureTask.java:266)
	at java.util.concurrent.ThreadPoolExecutor.runWorker(ThreadPoolExecutor.java:1149)
	at java.util.concurrent.ThreadPoolExecutor$Worker.run(ThreadPoolExecutor.java:624)
	... 1 more
Caused by: org.apache.ratis.thirdparty.io.netty.channel.AbstractChannel$AnnotatedConnectException: Connection refused: /192.168.157.219:42903
	at sun.nio.ch.SocketChannelImpl.checkConnect(Native Method)
	at sun.nio.ch.SocketChannelImpl.finishConnect(SocketChannelImpl.java:717)
	at org.apache.ratis.thirdparty.io.netty.channel.socket.nio.NioSocketChannel.doFinishConnect(NioSocketChannel.java:327)
	at org.apache.ratis.thirdparty.io.netty.channel.nio.AbstractNioChannel$AbstractNioUnsafe.finishConnect(AbstractNioChannel.java:340)
	at org.apache.ratis.thirdparty.io.netty.channel.nio.NioEventLoop.processSelectedKey(NioEventLoop.java:632)
	at org.apache.ratis.thirdparty.io.netty.channel.nio.NioEventLoop.processSelectedKeysOptimized(NioEventLoop.java:579)
	at org.apache.ratis.thirdparty.io.netty.channel.nio.NioEventLoop.processSelectedKeys(NioEventLoop.java:496)
	at org.apache.ratis.thirdparty.io.netty.channel.nio.NioEventLoop.run(NioEventLoop.java:458)
	at org.apache.ratis.thirdparty.io.netty.util.concurrent.SingleThreadEventExecutor$5.run(SingleThreadEventExecutor.java:897)
	at org.apache.ratis.thirdparty.io.netty.util.concurrent.FastThreadLocalRunnable.run(FastThreadLocalRunnable.java:30)
	... 1 more
Caused by: java.net.ConnectException: Connection refused
	... 11 more
2019-09-17 11:51:55,983 [db5c95e9-dab2-4d3b-9775-2e3d4de03f2d@group-4033F378C501:LeaderElection39] INFO  impl.LeaderElection (LogUtils.java:infoOrTrace(149)) -   Exception 1: {}
java.util.concurrent.ExecutionException: org.apache.ratis.thirdparty.io.grpc.StatusRuntimeException: UNAVAILABLE: io exception
	at java.util.concurrent.FutureTask.report(FutureTask.java:122)
	at java.util.concurrent.FutureTask.get(FutureTask.java:192)
	at org.apache.ratis.server.impl.LeaderElection.waitForResults(LeaderElection.java:263)
	at org.apache.ratis.server.impl.LeaderElection.askForVotes(LeaderElection.java:201)
	at org.apache.ratis.server.impl.LeaderElection.run(LeaderElection.java:133)
	at java.lang.Thread.run(Thread.java:748)
Caused by: org.apache.ratis.thirdparty.io.grpc.StatusRuntimeException: UNAVAILABLE: io exception
	at org.apache.ratis.thirdparty.io.grpc.stub.ClientCalls.toStatusRuntimeException(ClientCalls.java:233)
	at org.apache.ratis.thirdparty.io.grpc.stub.ClientCalls.getUnchecked(ClientCalls.java:214)
	at org.apache.ratis.thirdparty.io.grpc.stub.ClientCalls.blockingUnaryCall(ClientCalls.java:139)
	at org.apache.ratis.proto.grpc.RaftServerProtocolServiceGrpc$RaftServerProtocolServiceBlockingStub.requestVote(RaftServerProtocolServiceGrpc.java:265)
	at org.apache.ratis.grpc.server.GrpcServerProtocolClient.requestVote(GrpcServerProtocolClient.java:90)
	at org.apache.ratis.grpc.server.GrpcService.requestVote(GrpcService.java:204)
	at org.apache.ratis.server.impl.LeaderElection.lambda$submitRequests$1(LeaderElection.java:238)
	at java.util.concurrent.FutureTask.run(FutureTask.java:266)
	at java.util.concurrent.Executors$RunnableAdapter.call(Executors.java:511)
	at java.util.concurrent.FutureTask.run(FutureTask.java:266)
	at java.util.concurrent.ThreadPoolExecutor.runWorker(ThreadPoolExecutor.java:1149)
	at java.util.concurrent.ThreadPoolExecutor$Worker.run(ThreadPoolExecutor.java:624)
	... 1 more
Caused by: org.apache.ratis.thirdparty.io.netty.channel.AbstractChannel$AnnotatedConnectException: Connection refused: /192.168.157.219:39557
	at sun.nio.ch.SocketChannelImpl.checkConnect(Native Method)
	at sun.nio.ch.SocketChannelImpl.finishConnect(SocketChannelImpl.java:717)
	at org.apache.ratis.thirdparty.io.netty.channel.socket.nio.NioSocketChannel.doFinishConnect(NioSocketChannel.java:327)
	at org.apache.ratis.thirdparty.io.netty.channel.nio.AbstractNioChannel$AbstractNioUnsafe.finishConnect(AbstractNioChannel.java:340)
	at org.apache.ratis.thirdparty.io.netty.channel.nio.NioEventLoop.processSelectedKey(NioEventLoop.java:632)
	at org.apache.ratis.thirdparty.io.netty.channel.nio.NioEventLoop.processSelectedKeysOptimized(NioEventLoop.java:579)
	at org.apache.ratis.thirdparty.io.netty.channel.nio.NioEventLoop.processSelectedKeys(NioEventLoop.java:496)
	at org.apache.ratis.thirdparty.io.netty.channel.nio.NioEventLoop.run(NioEventLoop.java:458)
	at org.apache.ratis.thirdparty.io.netty.util.concurrent.SingleThreadEventExecutor$5.run(SingleThreadEventExecutor.java:897)
	at org.apache.ratis.thirdparty.io.netty.util.concurrent.FastThreadLocalRunnable.run(FastThreadLocalRunnable.java:30)
	... 1 more
Caused by: java.net.ConnectException: Connection refused
	... 11 more
2019-09-17 11:51:55,984 [db5c95e9-dab2-4d3b-9775-2e3d4de03f2d@group-4033F378C501:LeaderElection39] INFO  impl.RaftServerImpl (RaftServerImpl.java:setRole(174)) - db5c95e9-dab2-4d3b-9775-2e3d4de03f2d@group-4033F378C501: changes role from CANDIDATE to FOLLOWER at term 24 for DISCOVERED_A_NEW_TERM
2019-09-17 11:51:55,984 [db5c95e9-dab2-4d3b-9775-2e3d4de03f2d@group-4033F378C501:LeaderElection39] INFO  impl.RoleInfo (RoleInfo.java:shutdownLeaderElection(134)) - db5c95e9-dab2-4d3b-9775-2e3d4de03f2d: shutdown LeaderElection
2019-09-17 11:51:55,984 [db5c95e9-dab2-4d3b-9775-2e3d4de03f2d@group-4033F378C501:LeaderElection39] INFO  impl.RoleInfo (RoleInfo.java:updateAndGet(143)) - db5c95e9-dab2-4d3b-9775-2e3d4de03f2d: start FollowerState
2019-09-17 11:51:56,007 [java.util.concurrent.ThreadPoolExecutor$Worker@9b33cb9[State = -1, empty queue]] WARN  server.GrpcLogAppender (GrpcLogAppender.java:timeoutAppendRequest(200)) - 166adff3-52d0-4f60-8e58-0e12ed96f4bf@group-012F5F91B630->ab50ed4d-57db-4f38-bd59-74c03932909c-GrpcLogAppender: appendEntries Timeout, request=166adff3-52d0-4f60-8e58-0e12ed96f4bf->ab50ed4d-57db-4f38-bd59-74c03932909c#156-t1, previous=(t:1, i:36), leaderCommit=32, initializing? false, entries: <empty>
2019-09-17 11:51:56,007 [java.util.concurrent.ThreadPoolExecutor$Worker@260d162e[State = -1, empty queue]] WARN  server.GrpcLogAppender (GrpcLogAppender.java:timeoutAppendRequest(200)) - 166adff3-52d0-4f60-8e58-0e12ed96f4bf@group-012F5F91B630->478df2fd-32fa-402c-a09a-4121263fb7de-GrpcLogAppender: appendEntries Timeout, request=166adff3-52d0-4f60-8e58-0e12ed96f4bf->478df2fd-32fa-402c-a09a-4121263fb7de#156-t1, previous=(t:1, i:36), leaderCommit=32, initializing? false, entries: <empty>
2019-09-17 11:51:56,160 [java.util.concurrent.ThreadPoolExecutor$Worker@3cd8d43b[State = -1, empty queue]] WARN  server.GrpcLogAppender (GrpcLogAppender.java:timeoutAppendRequest(200)) - ee155057-4acb-4f3f-9013-4bd3c5a101b6@group-B3F5A0A8BDBD->533f21c9-6148-4926-981b-3030ea271196-GrpcLogAppender: appendEntries Timeout, request=ee155057-4acb-4f3f-9013-4bd3c5a101b6->533f21c9-6148-4926-981b-3030ea271196#140-t2, previous=(t:2, i:20), leaderCommit=16, initializing? false, entries: <empty>
2019-09-17 11:51:56,160 [java.util.concurrent.ThreadPoolExecutor$Worker@5a9b47f8[State = -1, empty queue]] WARN  server.GrpcLogAppender (GrpcLogAppender.java:timeoutAppendRequest(200)) - ee155057-4acb-4f3f-9013-4bd3c5a101b6@group-B3F5A0A8BDBD->90cc32e6-bdd6-4f93-abb1-bc520dd025bc-GrpcLogAppender: appendEntries Timeout, request=ee155057-4acb-4f3f-9013-4bd3c5a101b6->90cc32e6-bdd6-4f93-abb1-bc520dd025bc#140-t2, previous=(t:2, i:20), leaderCommit=16, initializing? false, entries: <empty>
2019-09-17 11:51:56,507 [java.util.concurrent.ThreadPoolExecutor$Worker@9b33cb9[State = -1, empty queue]] WARN  server.GrpcLogAppender (GrpcLogAppender.java:timeoutAppendRequest(200)) - 166adff3-52d0-4f60-8e58-0e12ed96f4bf@group-012F5F91B630->ab50ed4d-57db-4f38-bd59-74c03932909c-GrpcLogAppender: appendEntries Timeout, request=166adff3-52d0-4f60-8e58-0e12ed96f4bf->ab50ed4d-57db-4f38-bd59-74c03932909c#157-t1, previous=(t:1, i:36), leaderCommit=32, initializing? false, entries: <empty>
2019-09-17 11:51:56,507 [java.util.concurrent.ThreadPoolExecutor$Worker@260d162e[State = -1, empty queue]] WARN  server.GrpcLogAppender (GrpcLogAppender.java:timeoutAppendRequest(200)) - 166adff3-52d0-4f60-8e58-0e12ed96f4bf@group-012F5F91B630->478df2fd-32fa-402c-a09a-4121263fb7de-GrpcLogAppender: appendEntries Timeout, request=166adff3-52d0-4f60-8e58-0e12ed96f4bf->478df2fd-32fa-402c-a09a-4121263fb7de#157-t1, previous=(t:1, i:36), leaderCommit=32, initializing? false, entries: <empty>
2019-09-17 11:51:56,661 [java.util.concurrent.ThreadPoolExecutor$Worker@5a9b47f8[State = -1, empty queue]] WARN  server.GrpcLogAppender (GrpcLogAppender.java:timeoutAppendRequest(200)) - ee155057-4acb-4f3f-9013-4bd3c5a101b6@group-B3F5A0A8BDBD->90cc32e6-bdd6-4f93-abb1-bc520dd025bc-GrpcLogAppender: appendEntries Timeout, request=ee155057-4acb-4f3f-9013-4bd3c5a101b6->90cc32e6-bdd6-4f93-abb1-bc520dd025bc#141-t2, previous=(t:2, i:20), leaderCommit=16, initializing? false, entries: <empty>
2019-09-17 11:51:56,661 [java.util.concurrent.ThreadPoolExecutor$Worker@3cd8d43b[State = -1, empty queue]] WARN  server.GrpcLogAppender (GrpcLogAppender.java:timeoutAppendRequest(200)) - ee155057-4acb-4f3f-9013-4bd3c5a101b6@group-B3F5A0A8BDBD->533f21c9-6148-4926-981b-3030ea271196-GrpcLogAppender: appendEntries Timeout, request=ee155057-4acb-4f3f-9013-4bd3c5a101b6->533f21c9-6148-4926-981b-3030ea271196#141-t2, previous=(t:2, i:20), leaderCommit=16, initializing? false, entries: <empty>
2019-09-17 11:51:57,012 [java.util.concurrent.ThreadPoolExecutor$Worker@9b33cb9[State = -1, empty queue]] WARN  server.GrpcLogAppender (GrpcLogAppender.java:timeoutAppendRequest(200)) - 166adff3-52d0-4f60-8e58-0e12ed96f4bf@group-012F5F91B630->ab50ed4d-57db-4f38-bd59-74c03932909c-GrpcLogAppender: appendEntries Timeout, request=166adff3-52d0-4f60-8e58-0e12ed96f4bf->ab50ed4d-57db-4f38-bd59-74c03932909c#158-t1, previous=(t:1, i:36), leaderCommit=32, initializing? false, entries: <empty>
2019-09-17 11:51:57,012 [java.util.concurrent.ThreadPoolExecutor$Worker@260d162e[State = -1, empty queue]] WARN  server.GrpcLogAppender (GrpcLogAppender.java:timeoutAppendRequest(200)) - 166adff3-52d0-4f60-8e58-0e12ed96f4bf@group-012F5F91B630->478df2fd-32fa-402c-a09a-4121263fb7de-GrpcLogAppender: appendEntries Timeout, request=166adff3-52d0-4f60-8e58-0e12ed96f4bf->478df2fd-32fa-402c-a09a-4121263fb7de#158-t1, previous=(t:1, i:36), leaderCommit=32, initializing? false, entries: <empty>
2019-09-17 11:51:57,149 [Thread-1426] INFO  impl.FollowerState (FollowerState.java:run(106)) - db5c95e9-dab2-4d3b-9775-2e3d4de03f2d:group-4033F378C501 changes to CANDIDATE, lastRpcTime:1164, electionTimeout:1164ms
2019-09-17 11:51:57,150 [Thread-1426] INFO  impl.RoleInfo (RoleInfo.java:shutdownFollowerState(121)) - db5c95e9-dab2-4d3b-9775-2e3d4de03f2d: shutdown FollowerState
2019-09-17 11:51:57,150 [Thread-1426] INFO  impl.RaftServerImpl (RaftServerImpl.java:setRole(174)) - db5c95e9-dab2-4d3b-9775-2e3d4de03f2d@group-4033F378C501: changes role from  FOLLOWER to CANDIDATE at term 24 for changeToCandidate
2019-09-17 11:51:57,150 [Thread-1426] INFO  impl.RoleInfo (RoleInfo.java:updateAndGet(143)) - db5c95e9-dab2-4d3b-9775-2e3d4de03f2d: start LeaderElection
2019-09-17 11:51:57,161 [java.util.concurrent.ThreadPoolExecutor$Worker@5a9b47f8[State = -1, empty queue]] WARN  server.GrpcLogAppender (GrpcLogAppender.java:timeoutAppendRequest(200)) - ee155057-4acb-4f3f-9013-4bd3c5a101b6@group-B3F5A0A8BDBD->90cc32e6-bdd6-4f93-abb1-bc520dd025bc-GrpcLogAppender: appendEntries Timeout, request=ee155057-4acb-4f3f-9013-4bd3c5a101b6->90cc32e6-bdd6-4f93-abb1-bc520dd025bc#142-t2, previous=(t:2, i:20), leaderCommit=16, initializing? false, entries: <empty>
2019-09-17 11:51:57,161 [java.util.concurrent.ThreadPoolExecutor$Worker@3cd8d43b[State = -1, empty queue]] WARN  server.GrpcLogAppender (GrpcLogAppender.java:timeoutAppendRequest(200)) - ee155057-4acb-4f3f-9013-4bd3c5a101b6@group-B3F5A0A8BDBD->533f21c9-6148-4926-981b-3030ea271196-GrpcLogAppender: appendEntries Timeout, request=ee155057-4acb-4f3f-9013-4bd3c5a101b6->533f21c9-6148-4926-981b-3030ea271196#142-t2, previous=(t:2, i:20), leaderCommit=16, initializing? false, entries: <empty>
2019-09-17 11:51:57,170 [db5c95e9-dab2-4d3b-9775-2e3d4de03f2d@group-4033F378C501:LeaderElection40] INFO  impl.LeaderElection (LeaderElection.java:askForVotes(182)) - db5c95e9-dab2-4d3b-9775-2e3d4de03f2d@group-4033F378C501:LeaderElection40: begin an election at term 25 for 0: [768e87e1-01a1-4abe-adbb-724fc729cfde:192.168.157.219:39557, 0efbdbeb-0caf-4be4-a340-f9adf92e227b:192.168.157.219:42903, db5c95e9-dab2-4d3b-9775-2e3d4de03f2d:192.168.157.219:43472], old=null
2019-09-17 11:51:57,172 [db5c95e9-dab2-4d3b-9775-2e3d4de03f2d@group-4033F378C501:LeaderElection40] INFO  impl.LeaderElection (LogUtils.java:infoOrTrace(149)) - db5c95e9-dab2-4d3b-9775-2e3d4de03f2d@group-4033F378C501:LeaderElection40 got exception when requesting votes: {}
java.util.concurrent.ExecutionException: org.apache.ratis.thirdparty.io.grpc.StatusRuntimeException: UNAVAILABLE: io exception
	at java.util.concurrent.FutureTask.report(FutureTask.java:122)
	at java.util.concurrent.FutureTask.get(FutureTask.java:192)
	at org.apache.ratis.server.impl.LeaderElection.waitForResults(LeaderElection.java:263)
	at org.apache.ratis.server.impl.LeaderElection.askForVotes(LeaderElection.java:201)
	at org.apache.ratis.server.impl.LeaderElection.run(LeaderElection.java:133)
	at java.lang.Thread.run(Thread.java:748)
Caused by: org.apache.ratis.thirdparty.io.grpc.StatusRuntimeException: UNAVAILABLE: io exception
	at org.apache.ratis.thirdparty.io.grpc.stub.ClientCalls.toStatusRuntimeException(ClientCalls.java:233)
	at org.apache.ratis.thirdparty.io.grpc.stub.ClientCalls.getUnchecked(ClientCalls.java:214)
	at org.apache.ratis.thirdparty.io.grpc.stub.ClientCalls.blockingUnaryCall(ClientCalls.java:139)
	at org.apache.ratis.proto.grpc.RaftServerProtocolServiceGrpc$RaftServerProtocolServiceBlockingStub.requestVote(RaftServerProtocolServiceGrpc.java:265)
	at org.apache.ratis.grpc.server.GrpcServerProtocolClient.requestVote(GrpcServerProtocolClient.java:90)
	at org.apache.ratis.grpc.server.GrpcService.requestVote(GrpcService.java:204)
	at org.apache.ratis.server.impl.LeaderElection.lambda$submitRequests$1(LeaderElection.java:238)
	at java.util.concurrent.FutureTask.run(FutureTask.java:266)
	at java.util.concurrent.Executors$RunnableAdapter.call(Executors.java:511)
	at java.util.concurrent.FutureTask.run(FutureTask.java:266)
	at java.util.concurrent.ThreadPoolExecutor.runWorker(ThreadPoolExecutor.java:1149)
	at java.util.concurrent.ThreadPoolExecutor$Worker.run(ThreadPoolExecutor.java:624)
	... 1 more
Caused by: org.apache.ratis.thirdparty.io.netty.channel.AbstractChannel$AnnotatedConnectException: Connection refused: /192.168.157.219:39557
	at sun.nio.ch.SocketChannelImpl.checkConnect(Native Method)
	at sun.nio.ch.SocketChannelImpl.finishConnect(SocketChannelImpl.java:717)
	at org.apache.ratis.thirdparty.io.netty.channel.socket.nio.NioSocketChannel.doFinishConnect(NioSocketChannel.java:327)
	at org.apache.ratis.thirdparty.io.netty.channel.nio.AbstractNioChannel$AbstractNioUnsafe.finishConnect(AbstractNioChannel.java:340)
	at org.apache.ratis.thirdparty.io.netty.channel.nio.NioEventLoop.processSelectedKey(NioEventLoop.java:632)
	at org.apache.ratis.thirdparty.io.netty.channel.nio.NioEventLoop.processSelectedKeysOptimized(NioEventLoop.java:579)
	at org.apache.ratis.thirdparty.io.netty.channel.nio.NioEventLoop.processSelectedKeys(NioEventLoop.java:496)
	at org.apache.ratis.thirdparty.io.netty.channel.nio.NioEventLoop.run(NioEventLoop.java:458)
	at org.apache.ratis.thirdparty.io.netty.util.concurrent.SingleThreadEventExecutor$5.run(SingleThreadEventExecutor.java:897)
	at org.apache.ratis.thirdparty.io.netty.util.concurrent.FastThreadLocalRunnable.run(FastThreadLocalRunnable.java:30)
	... 1 more
Caused by: java.net.ConnectException: Connection refused
	... 11 more
2019-09-17 11:51:57,173 [db5c95e9-dab2-4d3b-9775-2e3d4de03f2d@group-4033F378C501:LeaderElection40] INFO  impl.LeaderElection (LogUtils.java:infoOrTrace(149)) - db5c95e9-dab2-4d3b-9775-2e3d4de03f2d@group-4033F378C501:LeaderElection40 got exception when requesting votes: {}
java.util.concurrent.ExecutionException: org.apache.ratis.thirdparty.io.grpc.StatusRuntimeException: UNAVAILABLE: io exception
	at java.util.concurrent.FutureTask.report(FutureTask.java:122)
	at java.util.concurrent.FutureTask.get(FutureTask.java:192)
	at org.apache.ratis.server.impl.LeaderElection.waitForResults(LeaderElection.java:263)
	at org.apache.ratis.server.impl.LeaderElection.askForVotes(LeaderElection.java:201)
	at org.apache.ratis.server.impl.LeaderElection.run(LeaderElection.java:133)
	at java.lang.Thread.run(Thread.java:748)
Caused by: org.apache.ratis.thirdparty.io.grpc.StatusRuntimeException: UNAVAILABLE: io exception
	at org.apache.ratis.thirdparty.io.grpc.stub.ClientCalls.toStatusRuntimeException(ClientCalls.java:233)
	at org.apache.ratis.thirdparty.io.grpc.stub.ClientCalls.getUnchecked(ClientCalls.java:214)
	at org.apache.ratis.thirdparty.io.grpc.stub.ClientCalls.blockingUnaryCall(ClientCalls.java:139)
	at org.apache.ratis.proto.grpc.RaftServerProtocolServiceGrpc$RaftServerProtocolServiceBlockingStub.requestVote(RaftServerProtocolServiceGrpc.java:265)
	at org.apache.ratis.grpc.server.GrpcServerProtocolClient.requestVote(GrpcServerProtocolClient.java:90)
	at org.apache.ratis.grpc.server.GrpcService.requestVote(GrpcService.java:204)
	at org.apache.ratis.server.impl.LeaderElection.lambda$submitRequests$1(LeaderElection.java:238)
	at java.util.concurrent.FutureTask.run(FutureTask.java:266)
	at java.util.concurrent.Executors$RunnableAdapter.call(Executors.java:511)
	at java.util.concurrent.FutureTask.run(FutureTask.java:266)
	at java.util.concurrent.ThreadPoolExecutor.runWorker(ThreadPoolExecutor.java:1149)
	at java.util.concurrent.ThreadPoolExecutor$Worker.run(ThreadPoolExecutor.java:624)
	... 1 more
Caused by: org.apache.ratis.thirdparty.io.netty.channel.AbstractChannel$AnnotatedConnectException: Connection refused: /192.168.157.219:42903
	at sun.nio.ch.SocketChannelImpl.checkConnect(Native Method)
	at sun.nio.ch.SocketChannelImpl.finishConnect(SocketChannelImpl.java:717)
	at org.apache.ratis.thirdparty.io.netty.channel.socket.nio.NioSocketChannel.doFinishConnect(NioSocketChannel.java:327)
	at org.apache.ratis.thirdparty.io.netty.channel.nio.AbstractNioChannel$AbstractNioUnsafe.finishConnect(AbstractNioChannel.java:340)
	at org.apache.ratis.thirdparty.io.netty.channel.nio.NioEventLoop.processSelectedKey(NioEventLoop.java:632)
	at org.apache.ratis.thirdparty.io.netty.channel.nio.NioEventLoop.processSelectedKeysOptimized(NioEventLoop.java:579)
	at org.apache.ratis.thirdparty.io.netty.channel.nio.NioEventLoop.processSelectedKeys(NioEventLoop.java:496)
	at org.apache.ratis.thirdparty.io.netty.channel.nio.NioEventLoop.run(NioEventLoop.java:458)
	at org.apache.ratis.thirdparty.io.netty.util.concurrent.SingleThreadEventExecutor$5.run(SingleThreadEventExecutor.java:897)
	at org.apache.ratis.thirdparty.io.netty.util.concurrent.FastThreadLocalRunnable.run(FastThreadLocalRunnable.java:30)
	... 1 more
Caused by: java.net.ConnectException: Connection refused
	... 11 more
2019-09-17 11:51:57,174 [db5c95e9-dab2-4d3b-9775-2e3d4de03f2d@group-4033F378C501:LeaderElection40] INFO  impl.LeaderElection (LeaderElection.java:logAndReturn(56)) - db5c95e9-dab2-4d3b-9775-2e3d4de03f2d@group-4033F378C501:LeaderElection40: Election REJECTED; received 0 response(s) [] and 2 exception(s); db5c95e9-dab2-4d3b-9775-2e3d4de03f2d@group-4033F378C501:t25, leader=null, voted=db5c95e9-dab2-4d3b-9775-2e3d4de03f2d, raftlog=db5c95e9-dab2-4d3b-9775-2e3d4de03f2d@group-4033F378C501-SegmentedRaftLog:OPENED:c28,f28,i28, conf=0: [768e87e1-01a1-4abe-adbb-724fc729cfde:192.168.157.219:39557, 0efbdbeb-0caf-4be4-a340-f9adf92e227b:192.168.157.219:42903, db5c95e9-dab2-4d3b-9775-2e3d4de03f2d:192.168.157.219:43472], old=null
2019-09-17 11:51:57,174 [db5c95e9-dab2-4d3b-9775-2e3d4de03f2d@group-4033F378C501:LeaderElection40] INFO  impl.LeaderElection (LogUtils.java:infoOrTrace(149)) -   Exception 0: {}
java.util.concurrent.ExecutionException: org.apache.ratis.thirdparty.io.grpc.StatusRuntimeException: UNAVAILABLE: io exception
	at java.util.concurrent.FutureTask.report(FutureTask.java:122)
	at java.util.concurrent.FutureTask.get(FutureTask.java:192)
	at org.apache.ratis.server.impl.LeaderElection.waitForResults(LeaderElection.java:263)
	at org.apache.ratis.server.impl.LeaderElection.askForVotes(LeaderElection.java:201)
	at org.apache.ratis.server.impl.LeaderElection.run(LeaderElection.java:133)
	at java.lang.Thread.run(Thread.java:748)
Caused by: org.apache.ratis.thirdparty.io.grpc.StatusRuntimeException: UNAVAILABLE: io exception
	at org.apache.ratis.thirdparty.io.grpc.stub.ClientCalls.toStatusRuntimeException(ClientCalls.java:233)
	at org.apache.ratis.thirdparty.io.grpc.stub.ClientCalls.getUnchecked(ClientCalls.java:214)
	at org.apache.ratis.thirdparty.io.grpc.stub.ClientCalls.blockingUnaryCall(ClientCalls.java:139)
	at org.apache.ratis.proto.grpc.RaftServerProtocolServiceGrpc$RaftServerProtocolServiceBlockingStub.requestVote(RaftServerProtocolServiceGrpc.java:265)
	at org.apache.ratis.grpc.server.GrpcServerProtocolClient.requestVote(GrpcServerProtocolClient.java:90)
	at org.apache.ratis.grpc.server.GrpcService.requestVote(GrpcService.java:204)
	at org.apache.ratis.server.impl.LeaderElection.lambda$submitRequests$1(LeaderElection.java:238)
	at java.util.concurrent.FutureTask.run(FutureTask.java:266)
	at java.util.concurrent.Executors$RunnableAdapter.call(Executors.java:511)
	at java.util.concurrent.FutureTask.run(FutureTask.java:266)
	at java.util.concurrent.ThreadPoolExecutor.runWorker(ThreadPoolExecutor.java:1149)
	at java.util.concurrent.ThreadPoolExecutor$Worker.run(ThreadPoolExecutor.java:624)
	... 1 more
Caused by: org.apache.ratis.thirdparty.io.netty.channel.AbstractChannel$AnnotatedConnectException: Connection refused: /192.168.157.219:39557
	at sun.nio.ch.SocketChannelImpl.checkConnect(Native Method)
	at sun.nio.ch.SocketChannelImpl.finishConnect(SocketChannelImpl.java:717)
	at org.apache.ratis.thirdparty.io.netty.channel.socket.nio.NioSocketChannel.doFinishConnect(NioSocketChannel.java:327)
	at org.apache.ratis.thirdparty.io.netty.channel.nio.AbstractNioChannel$AbstractNioUnsafe.finishConnect(AbstractNioChannel.java:340)
	at org.apache.ratis.thirdparty.io.netty.channel.nio.NioEventLoop.processSelectedKey(NioEventLoop.java:632)
	at org.apache.ratis.thirdparty.io.netty.channel.nio.NioEventLoop.processSelectedKeysOptimized(NioEventLoop.java:579)
	at org.apache.ratis.thirdparty.io.netty.channel.nio.NioEventLoop.processSelectedKeys(NioEventLoop.java:496)
	at org.apache.ratis.thirdparty.io.netty.channel.nio.NioEventLoop.run(NioEventLoop.java:458)
	at org.apache.ratis.thirdparty.io.netty.util.concurrent.SingleThreadEventExecutor$5.run(SingleThreadEventExecutor.java:897)
	at org.apache.ratis.thirdparty.io.netty.util.concurrent.FastThreadLocalRunnable.run(FastThreadLocalRunnable.java:30)
	... 1 more
Caused by: java.net.ConnectException: Connection refused
	... 11 more
2019-09-17 11:51:57,175 [db5c95e9-dab2-4d3b-9775-2e3d4de03f2d@group-4033F378C501:LeaderElection40] INFO  impl.LeaderElection (LogUtils.java:infoOrTrace(149)) -   Exception 1: {}
java.util.concurrent.ExecutionException: org.apache.ratis.thirdparty.io.grpc.StatusRuntimeException: UNAVAILABLE: io exception
	at java.util.concurrent.FutureTask.report(FutureTask.java:122)
	at java.util.concurrent.FutureTask.get(FutureTask.java:192)
	at org.apache.ratis.server.impl.LeaderElection.waitForResults(LeaderElection.java:263)
	at org.apache.ratis.server.impl.LeaderElection.askForVotes(LeaderElection.java:201)
	at org.apache.ratis.server.impl.LeaderElection.run(LeaderElection.java:133)
	at java.lang.Thread.run(Thread.java:748)
Caused by: org.apache.ratis.thirdparty.io.grpc.StatusRuntimeException: UNAVAILABLE: io exception
	at org.apache.ratis.thirdparty.io.grpc.stub.ClientCalls.toStatusRuntimeException(ClientCalls.java:233)
	at org.apache.ratis.thirdparty.io.grpc.stub.ClientCalls.getUnchecked(ClientCalls.java:214)
	at org.apache.ratis.thirdparty.io.grpc.stub.ClientCalls.blockingUnaryCall(ClientCalls.java:139)
	at org.apache.ratis.proto.grpc.RaftServerProtocolServiceGrpc$RaftServerProtocolServiceBlockingStub.requestVote(RaftServerProtocolServiceGrpc.java:265)
	at org.apache.ratis.grpc.server.GrpcServerProtocolClient.requestVote(GrpcServerProtocolClient.java:90)
	at org.apache.ratis.grpc.server.GrpcService.requestVote(GrpcService.java:204)
	at org.apache.ratis.server.impl.LeaderElection.lambda$submitRequests$1(LeaderElection.java:238)
	at java.util.concurrent.FutureTask.run(FutureTask.java:266)
	at java.util.concurrent.Executors$RunnableAdapter.call(Executors.java:511)
	at java.util.concurrent.FutureTask.run(FutureTask.java:266)
	at java.util.concurrent.ThreadPoolExecutor.runWorker(ThreadPoolExecutor.java:1149)
	at java.util.concurrent.ThreadPoolExecutor$Worker.run(ThreadPoolExecutor.java:624)
	... 1 more
Caused by: org.apache.ratis.thirdparty.io.netty.channel.AbstractChannel$AnnotatedConnectException: Connection refused: /192.168.157.219:42903
	at sun.nio.ch.SocketChannelImpl.checkConnect(Native Method)
	at sun.nio.ch.SocketChannelImpl.finishConnect(SocketChannelImpl.java:717)
	at org.apache.ratis.thirdparty.io.netty.channel.socket.nio.NioSocketChannel.doFinishConnect(NioSocketChannel.java:327)
	at org.apache.ratis.thirdparty.io.netty.channel.nio.AbstractNioChannel$AbstractNioUnsafe.finishConnect(AbstractNioChannel.java:340)
	at org.apache.ratis.thirdparty.io.netty.channel.nio.NioEventLoop.processSelectedKey(NioEventLoop.java:632)
	at org.apache.ratis.thirdparty.io.netty.channel.nio.NioEventLoop.processSelectedKeysOptimized(NioEventLoop.java:579)
	at org.apache.ratis.thirdparty.io.netty.channel.nio.NioEventLoop.processSelectedKeys(NioEventLoop.java:496)
	at org.apache.ratis.thirdparty.io.netty.channel.nio.NioEventLoop.run(NioEventLoop.java:458)
	at org.apache.ratis.thirdparty.io.netty.util.concurrent.SingleThreadEventExecutor$5.run(SingleThreadEventExecutor.java:897)
	at org.apache.ratis.thirdparty.io.netty.util.concurrent.FastThreadLocalRunnable.run(FastThreadLocalRunnable.java:30)
	... 1 more
Caused by: java.net.ConnectException: Connection refused
	... 11 more
2019-09-17 11:51:57,176 [db5c95e9-dab2-4d3b-9775-2e3d4de03f2d@group-4033F378C501:LeaderElection40] INFO  impl.RaftServerImpl (RaftServerImpl.java:setRole(174)) - db5c95e9-dab2-4d3b-9775-2e3d4de03f2d@group-4033F378C501: changes role from CANDIDATE to FOLLOWER at term 25 for DISCOVERED_A_NEW_TERM
2019-09-17 11:51:57,176 [db5c95e9-dab2-4d3b-9775-2e3d4de03f2d@group-4033F378C501:LeaderElection40] INFO  impl.RoleInfo (RoleInfo.java:shutdownLeaderElection(134)) - db5c95e9-dab2-4d3b-9775-2e3d4de03f2d: shutdown LeaderElection
2019-09-17 11:51:57,176 [db5c95e9-dab2-4d3b-9775-2e3d4de03f2d@group-4033F378C501:LeaderElection40] INFO  impl.RoleInfo (RoleInfo.java:updateAndGet(143)) - db5c95e9-dab2-4d3b-9775-2e3d4de03f2d: start FollowerState
2019-09-17 11:51:57,512 [java.util.concurrent.ThreadPoolExecutor$Worker@260d162e[State = -1, empty queue]] WARN  server.GrpcLogAppender (GrpcLogAppender.java:timeoutAppendRequest(200)) - 166adff3-52d0-4f60-8e58-0e12ed96f4bf@group-012F5F91B630->478df2fd-32fa-402c-a09a-4121263fb7de-GrpcLogAppender: appendEntries Timeout, request=166adff3-52d0-4f60-8e58-0e12ed96f4bf->478df2fd-32fa-402c-a09a-4121263fb7de#159-t1, previous=(t:1, i:36), leaderCommit=32, initializing? false, entries: <empty>
2019-09-17 11:51:57,512 [java.util.concurrent.ThreadPoolExecutor$Worker@9b33cb9[State = -1, empty queue]] WARN  server.GrpcLogAppender (GrpcLogAppender.java:timeoutAppendRequest(200)) - 166adff3-52d0-4f60-8e58-0e12ed96f4bf@group-012F5F91B630->ab50ed4d-57db-4f38-bd59-74c03932909c-GrpcLogAppender: appendEntries Timeout, request=166adff3-52d0-4f60-8e58-0e12ed96f4bf->ab50ed4d-57db-4f38-bd59-74c03932909c#159-t1, previous=(t:1, i:36), leaderCommit=32, initializing? false, entries: <empty>
2019-09-17 11:51:57,661 [java.util.concurrent.ThreadPoolExecutor$Worker@5a9b47f8[State = -1, empty queue]] WARN  server.GrpcLogAppender (GrpcLogAppender.java:timeoutAppendRequest(200)) - ee155057-4acb-4f3f-9013-4bd3c5a101b6@group-B3F5A0A8BDBD->90cc32e6-bdd6-4f93-abb1-bc520dd025bc-GrpcLogAppender: appendEntries Timeout, request=ee155057-4acb-4f3f-9013-4bd3c5a101b6->90cc32e6-bdd6-4f93-abb1-bc520dd025bc#143-t2, previous=(t:2, i:20), leaderCommit=16, initializing? false, entries: <empty>
2019-09-17 11:51:57,661 [java.util.concurrent.ThreadPoolExecutor$Worker@3cd8d43b[State = -1, empty queue]] WARN  server.GrpcLogAppender (GrpcLogAppender.java:timeoutAppendRequest(200)) - ee155057-4acb-4f3f-9013-4bd3c5a101b6@group-B3F5A0A8BDBD->533f21c9-6148-4926-981b-3030ea271196-GrpcLogAppender: appendEntries Timeout, request=ee155057-4acb-4f3f-9013-4bd3c5a101b6->533f21c9-6148-4926-981b-3030ea271196#143-t2, previous=(t:2, i:20), leaderCommit=16, initializing? false, entries: <empty>
2019-09-17 11:51:58,013 [java.util.concurrent.ThreadPoolExecutor$Worker@9b33cb9[State = -1, empty queue]] WARN  server.GrpcLogAppender (GrpcLogAppender.java:timeoutAppendRequest(200)) - 166adff3-52d0-4f60-8e58-0e12ed96f4bf@group-012F5F91B630->ab50ed4d-57db-4f38-bd59-74c03932909c-GrpcLogAppender: appendEntries Timeout, request=166adff3-52d0-4f60-8e58-0e12ed96f4bf->ab50ed4d-57db-4f38-bd59-74c03932909c#160-t1, previous=(t:1, i:36), leaderCommit=32, initializing? false, entries: <empty>
2019-09-17 11:51:58,013 [java.util.concurrent.ThreadPoolExecutor$Worker@260d162e[State = -1, empty queue]] WARN  server.GrpcLogAppender (GrpcLogAppender.java:timeoutAppendRequest(200)) - 166adff3-52d0-4f60-8e58-0e12ed96f4bf@group-012F5F91B630->478df2fd-32fa-402c-a09a-4121263fb7de-GrpcLogAppender: appendEntries Timeout, request=166adff3-52d0-4f60-8e58-0e12ed96f4bf->478df2fd-32fa-402c-a09a-4121263fb7de#160-t1, previous=(t:1, i:36), leaderCommit=32, initializing? false, entries: <empty>
2019-09-17 11:51:58,130 [main] WARN  io.KeyOutputStream (KeyOutputStream.java:handleException(276)) - Encountered exception java.io.IOException: Unexpected Storage Container Exception: java.util.concurrent.CompletionException: java.util.concurrent.CompletionException: org.apache.ratis.protocol.RaftRetryFailureException: Failed RaftClientRequest:client-CC55B186F28B->166adff3-52d0-4f60-8e58-0e12ed96f4bf@group-012F5F91B630, cid=71, seq=9*, RW, org.apache.hadoop.hdds.scm.XceiverClientRatis$$Lambda$568/1583001542@2f42bd39 for 10 attempts with RetryLimited(maxAttempts=10, sleepTime=1000ms) on the pipeline Pipeline[ Id: d65c79fe-fa59-49e1-a6a1-012f5f91b630, Nodes: ab50ed4d-57db-4f38-bd59-74c03932909c{ip: 192.168.157.219, host: pr-hdds-2121-5jcdq-2838215776, networkLocation: /default-rack, certSerialId: null}166adff3-52d0-4f60-8e58-0e12ed96f4bf{ip: 192.168.157.219, host: pr-hdds-2121-5jcdq-2838215776, networkLocation: /default-rack, certSerialId: null}478df2fd-32fa-402c-a09a-4121263fb7de{ip: 192.168.157.219, host: pr-hdds-2121-5jcdq-2838215776, networkLocation: /default-rack, certSerialId: null}, Type:RATIS, Factor:THREE, State:OPEN]. The last committed block length is 0, uncommitted data length is 2097152 retry count 0
2019-09-17 11:51:58,164 [java.util.concurrent.ThreadPoolExecutor$Worker@5a9b47f8[State = -1, empty queue]] WARN  server.GrpcLogAppender (GrpcLogAppender.java:timeoutAppendRequest(200)) - ee155057-4acb-4f3f-9013-4bd3c5a101b6@group-B3F5A0A8BDBD->90cc32e6-bdd6-4f93-abb1-bc520dd025bc-GrpcLogAppender: appendEntries Timeout, request=ee155057-4acb-4f3f-9013-4bd3c5a101b6->90cc32e6-bdd6-4f93-abb1-bc520dd025bc#144-t2, previous=(t:2, i:20), leaderCommit=16, initializing? false, entries: <empty>
2019-09-17 11:51:58,164 [java.util.concurrent.ThreadPoolExecutor$Worker@3cd8d43b[State = -1, empty queue]] WARN  server.GrpcLogAppender (GrpcLogAppender.java:timeoutAppendRequest(200)) - ee155057-4acb-4f3f-9013-4bd3c5a101b6@group-B3F5A0A8BDBD->533f21c9-6148-4926-981b-3030ea271196-GrpcLogAppender: appendEntries Timeout, request=ee155057-4acb-4f3f-9013-4bd3c5a101b6->533f21c9-6148-4926-981b-3030ea271196#144-t2, previous=(t:2, i:20), leaderCommit=16, initializing? false, entries: <empty>
2019-09-17 11:51:58,168 [IPC Server handler 18 on 36951] WARN  block.BlockManagerImpl (BlockManagerImpl.java:allocateBlock(192)) - Pipeline creation failed for type:RATIS factor:THREE. Retrying get pipelines call once.
org.apache.hadoop.hdds.scm.pipeline.InsufficientDatanodesException: Cannot create pipeline of factor 3 using 1 nodes.
	at org.apache.hadoop.hdds.scm.pipeline.RatisPipelineProvider.create(RatisPipelineProvider.java:152)
	at org.apache.hadoop.hdds.scm.pipeline.PipelineFactory.create(PipelineFactory.java:57)
	at org.apache.hadoop.hdds.scm.pipeline.SCMPipelineManager.createPipeline(SCMPipelineManager.java:151)
	at org.apache.hadoop.hdds.scm.block.BlockManagerImpl.allocateBlock(BlockManagerImpl.java:190)
	at org.apache.hadoop.hdds.scm.server.SCMBlockProtocolServer.allocateBlock(SCMBlockProtocolServer.java:182)
	at org.apache.hadoop.ozone.protocolPB.ScmBlockLocationProtocolServerSideTranslatorPB.allocateScmBlock(ScmBlockLocationProtocolServerSideTranslatorPB.java:183)
	at org.apache.hadoop.ozone.protocolPB.ScmBlockLocationProtocolServerSideTranslatorPB.processMessage(ScmBlockLocationProtocolServerSideTranslatorPB.java:141)
	at org.apache.hadoop.ozone.protocolPB.ScmBlockLocationProtocolServerSideTranslatorPB.send(ScmBlockLocationProtocolServerSideTranslatorPB.java:116)
	at org.apache.hadoop.hdds.protocol.proto.ScmBlockLocationProtocolProtos$ScmBlockLocationProtocolService$2.callBlockingMethod(ScmBlockLocationProtocolProtos.java:13157)
	at org.apache.hadoop.ipc.ProtobufRpcEngine$Server$ProtoBufRpcInvoker.call(ProtobufRpcEngine.java:524)
	at org.apache.hadoop.ipc.RPC$Server.call(RPC.java:1025)
	at org.apache.hadoop.ipc.Server$RpcCall.run(Server.java:876)
	at org.apache.hadoop.ipc.Server$RpcCall.run(Server.java:822)
	at java.security.AccessController.doPrivileged(Native Method)
	at javax.security.auth.Subject.doAs(Subject.java:422)
	at org.apache.hadoop.security.UserGroupInformation.doAs(UserGroupInformation.java:1730)
	at org.apache.hadoop.ipc.Server$Handler.run(Server.java:2682)
2019-09-17 11:51:58,170 [IPC Server handler 18 on 36951] INFO  block.BlockManagerImpl (BlockManagerImpl.java:allocateBlock(198)) - Could not find available pipeline of type:RATIS and factor:THREE even after retrying
2019-09-17 11:51:58,171 [IPC Server handler 18 on 36951] ERROR block.BlockManagerImpl (BlockManagerImpl.java:allocateBlock(222)) - Unable to allocate a block for the size: 4194304, type: RATIS, factor: THREE
2019-09-17 11:51:58,176 [main] ERROR io.BlockOutputStreamEntryPool (BlockOutputStreamEntryPool.java:allocateBlockIfNeeded(299)) - Try to allocate more blocks for write failed, already allocated 0 blocks for this write.
INTERNAL_ERROR org.apache.hadoop.ozone.om.exceptions.OMException: Allocated 0 blocks. Requested 1 blocks
	at org.apache.hadoop.ozone.om.protocolPB.OzoneManagerProtocolClientSideTranslatorPB.handleError(OzoneManagerProtocolClientSideTranslatorPB.java:726)
	at org.apache.hadoop.ozone.om.protocolPB.OzoneManagerProtocolClientSideTranslatorPB.allocateBlock(OzoneManagerProtocolClientSideTranslatorPB.java:758)
	at sun.reflect.NativeMethodAccessorImpl.invoke0(Native Method)
	at sun.reflect.NativeMethodAccessorImpl.invoke(NativeMethodAccessorImpl.java:62)
	at sun.reflect.DelegatingMethodAccessorImpl.invoke(DelegatingMethodAccessorImpl.java:43)
	at java.lang.reflect.Method.invoke(Method.java:498)
	at org.apache.hadoop.hdds.tracing.TraceAllMethod.invoke(TraceAllMethod.java:66)
	at com.sun.proxy.$Proxy36.allocateBlock(Unknown Source)
	at org.apache.hadoop.ozone.client.io.BlockOutputStreamEntryPool.allocateNewBlock(BlockOutputStreamEntryPool.java:248)
	at org.apache.hadoop.ozone.client.io.BlockOutputStreamEntryPool.allocateBlockIfNeeded(BlockOutputStreamEntryPool.java:296)
	at org.apache.hadoop.ozone.client.io.KeyOutputStream.handleWrite(KeyOutputStream.java:201)
	at org.apache.hadoop.ozone.client.io.KeyOutputStream.handleRetry(KeyOutputStream.java:376)
	at org.apache.hadoop.ozone.client.io.KeyOutputStream.handleException(KeyOutputStream.java:325)
	at org.apache.hadoop.ozone.client.io.KeyOutputStream.handleWrite(KeyOutputStream.java:231)
	at org.apache.hadoop.ozone.client.io.KeyOutputStream.write(KeyOutputStream.java:193)
	at org.apache.hadoop.ozone.client.io.OzoneOutputStream.write(OzoneOutputStream.java:49)
	at java.io.OutputStream.write(OutputStream.java:75)
	at org.apache.hadoop.ozone.client.rpc.TestMultiBlockWritesWithDnFailures.testMultiBlockWritesWithIntermittentDnFailures(TestMultiBlockWritesWithDnFailures.java:196)
	at sun.reflect.NativeMethodAccessorImpl.invoke0(Native Method)
	at sun.reflect.NativeMethodAccessorImpl.invoke(NativeMethodAccessorImpl.java:62)
	at sun.reflect.DelegatingMethodAccessorImpl.invoke(DelegatingMethodAccessorImpl.java:43)
	at java.lang.reflect.Method.invoke(Method.java:498)
	at org.junit.runners.model.FrameworkMethod$1.runReflectiveCall(FrameworkMethod.java:47)
	at org.junit.internal.runners.model.ReflectiveCallable.run(ReflectiveCallable.java:12)
	at org.junit.runners.model.FrameworkMethod.invokeExplosively(FrameworkMethod.java:44)
	at org.junit.internal.runners.statements.InvokeMethod.evaluate(InvokeMethod.java:17)
	at org.junit.internal.runners.statements.RunAfters.evaluate(RunAfters.java:27)
	at org.junit.runners.ParentRunner.runLeaf(ParentRunner.java:271)
	at org.junit.runners.BlockJUnit4ClassRunner.runChild(BlockJUnit4ClassRunner.java:70)
	at org.junit.runners.BlockJUnit4ClassRunner.runChild(BlockJUnit4ClassRunner.java:50)
	at org.junit.runners.ParentRunner$3.run(ParentRunner.java:238)
	at org.junit.runners.ParentRunner$1.schedule(ParentRunner.java:63)
	at org.junit.runners.ParentRunner.runChildren(ParentRunner.java:236)
	at org.junit.runners.ParentRunner.access$000(ParentRunner.java:53)
	at org.junit.runners.ParentRunner$2.evaluate(ParentRunner.java:229)
	at org.junit.runners.ParentRunner.run(ParentRunner.java:309)
	at org.apache.maven.surefire.junit4.JUnit4Provider.execute(JUnit4Provider.java:365)
	at org.apache.maven.surefire.junit4.JUnit4Provider.executeWithRerun(JUnit4Provider.java:273)
	at org.apache.maven.surefire.junit4.JUnit4Provider.executeTestSet(JUnit4Provider.java:238)
	at org.apache.maven.surefire.junit4.JUnit4Provider.invoke(JUnit4Provider.java:159)
	at org.apache.maven.surefire.booter.ForkedBooter.invokeProviderInSameClassLoader(ForkedBooter.java:384)
	at org.apache.maven.surefire.booter.ForkedBooter.runSuitesInProcess(ForkedBooter.java:345)
	at org.apache.maven.surefire.booter.ForkedBooter.execute(ForkedBooter.java:126)
	at org.apache.maven.surefire.booter.ForkedBooter.main(ForkedBooter.java:418)
2019-09-17 11:51:58,177 [main] INFO  ozone.MiniOzoneClusterImpl (MiniOzoneClusterImpl.java:shutdown(312)) - Shutting down the Mini Ozone Cluster
2019-09-17 11:51:58,178 [main] INFO  ozone.MiniOzoneClusterImpl (MiniOzoneClusterImpl.java:stop(327)) - Stopping the Mini Ozone Cluster
2019-09-17 11:51:58,178 [main] INFO  ozone.MiniOzoneClusterImpl (MiniOzoneClusterImpl.java:stop(329)) - Stopping the OzoneManager
2019-09-17 11:51:58,178 [main] INFO  ipc.Server (Server.java:stop(3082)) - Stopping server on 46068
2019-09-17 11:51:58,179 [IPC Server listener on 46068] INFO  ipc.Server (Server.java:run(1185)) - Stopping IPC Server listener on 46068
2019-09-17 11:51:58,179 [main] INFO  ratis.OzoneManagerDoubleBuffer (OzoneManagerDoubleBuffer.java:stop(248)) - Stopping OMDoubleBuffer flush thread
2019-09-17 11:51:58,180 [IPC Server Responder] INFO  ipc.Server (Server.java:run(1319)) - Stopping IPC Server Responder
2019-09-17 11:51:58,180 [OMDoubleBufferFlushThread] INFO  ratis.OzoneManagerDoubleBuffer (OzoneManagerDoubleBuffer.java:flushTransactions(191)) - OMDoubleBuffer flush thread OMDoubleBufferFlushThread is interrupted and will exit. OMDoubleBufferFlushThread
2019-09-17 11:51:58,181 [main] INFO  utils.BackgroundService (BackgroundService.java:shutdown(148)) - Shutting down service KeyDeletingService
2019-09-17 11:51:58,184 [main] INFO  handler.ContextHandler (ContextHandler.java:doStop(910)) - Stopped o.e.j.w.WebAppContext@444548a0{/,null,UNAVAILABLE}{/ozoneManager}
2019-09-17 11:51:58,185 [main] INFO  server.AbstractConnector (AbstractConnector.java:doStop(318)) - Stopped ServerConnector@3766c667{HTTP/1.1,[http/1.1]}{0.0.0.0:0}
2019-09-17 11:51:58,186 [main] INFO  handler.ContextHandler (ContextHandler.java:doStop(910)) - Stopped o.e.j.s.ServletContextHandler@2571066a{/static,file:///tmp/workdir/hadoop-ozone/integration-test/target/test-classes/webapps/static,UNAVAILABLE}
2019-09-17 11:51:58,186 [main] INFO  handler.ContextHandler (ContextHandler.java:doStop(910)) - Stopped o.e.j.s.ServletContextHandler@25d3cfc8{/logs,file:///tmp/workdir/hadoop-ozone/integration-test/target/log,UNAVAILABLE}
2019-09-17 11:51:58,190 [main] INFO  ozone.MiniOzoneClusterImpl (MiniOzoneClusterImpl.java:stop(335)) - Shutting the HddsDatanodes
2019-09-17 11:51:58,270 [Thread-1442] INFO  impl.FollowerState (FollowerState.java:run(106)) - db5c95e9-dab2-4d3b-9775-2e3d4de03f2d:group-4033F378C501 changes to CANDIDATE, lastRpcTime:1093, electionTimeout:1093ms
2019-09-17 11:51:58,270 [Thread-1442] INFO  impl.RoleInfo (RoleInfo.java:shutdownFollowerState(121)) - db5c95e9-dab2-4d3b-9775-2e3d4de03f2d: shutdown FollowerState
2019-09-17 11:51:58,270 [Thread-1442] INFO  impl.RaftServerImpl (RaftServerImpl.java:setRole(174)) - db5c95e9-dab2-4d3b-9775-2e3d4de03f2d@group-4033F378C501: changes role from  FOLLOWER to CANDIDATE at term 25 for changeToCandidate
2019-09-17 11:51:58,270 [Thread-1442] INFO  impl.RoleInfo (RoleInfo.java:updateAndGet(143)) - db5c95e9-dab2-4d3b-9775-2e3d4de03f2d: start LeaderElection
2019-09-17 11:51:58,287 [db5c95e9-dab2-4d3b-9775-2e3d4de03f2d@group-4033F378C501:LeaderElection41] INFO  impl.LeaderElection (LeaderElection.java:askForVotes(182)) - db5c95e9-dab2-4d3b-9775-2e3d4de03f2d@group-4033F378C501:LeaderElection41: begin an election at term 26 for 0: [768e87e1-01a1-4abe-adbb-724fc729cfde:192.168.157.219:39557, 0efbdbeb-0caf-4be4-a340-f9adf92e227b:192.168.157.219:42903, db5c95e9-dab2-4d3b-9775-2e3d4de03f2d:192.168.157.219:43472], old=null
2019-09-17 11:51:58,288 [db5c95e9-dab2-4d3b-9775-2e3d4de03f2d@group-4033F378C501:LeaderElection41] INFO  impl.LeaderElection (LogUtils.java:infoOrTrace(149)) - db5c95e9-dab2-4d3b-9775-2e3d4de03f2d@group-4033F378C501:LeaderElection41 got exception when requesting votes: {}
java.util.concurrent.ExecutionException: org.apache.ratis.thirdparty.io.grpc.StatusRuntimeException: UNAVAILABLE: io exception
	at java.util.concurrent.FutureTask.report(FutureTask.java:122)
	at java.util.concurrent.FutureTask.get(FutureTask.java:192)
	at org.apache.ratis.server.impl.LeaderElection.waitForResults(LeaderElection.java:263)
	at org.apache.ratis.server.impl.LeaderElection.askForVotes(LeaderElection.java:201)
	at org.apache.ratis.server.impl.LeaderElection.run(LeaderElection.java:133)
	at java.lang.Thread.run(Thread.java:748)
Caused by: org.apache.ratis.thirdparty.io.grpc.StatusRuntimeException: UNAVAILABLE: io exception
	at org.apache.ratis.thirdparty.io.grpc.stub.ClientCalls.toStatusRuntimeException(ClientCalls.java:233)
	at org.apache.ratis.thirdparty.io.grpc.stub.ClientCalls.getUnchecked(ClientCalls.java:214)
	at org.apache.ratis.thirdparty.io.grpc.stub.ClientCalls.blockingUnaryCall(ClientCalls.java:139)
	at org.apache.ratis.proto.grpc.RaftServerProtocolServiceGrpc$RaftServerProtocolServiceBlockingStub.requestVote(RaftServerProtocolServiceGrpc.java:265)
	at org.apache.ratis.grpc.server.GrpcServerProtocolClient.requestVote(GrpcServerProtocolClient.java:90)
	at org.apache.ratis.grpc.server.GrpcService.requestVote(GrpcService.java:204)
	at org.apache.ratis.server.impl.LeaderElection.lambda$submitRequests$1(LeaderElection.java:238)
	at java.util.concurrent.FutureTask.run(FutureTask.java:266)
	at java.util.concurrent.Executors$RunnableAdapter.call(Executors.java:511)
	at java.util.concurrent.FutureTask.run(FutureTask.java:266)
	at java.util.concurrent.ThreadPoolExecutor.runWorker(ThreadPoolExecutor.java:1149)
	at java.util.concurrent.ThreadPoolExecutor$Worker.run(ThreadPoolExecutor.java:624)
	... 1 more
Caused by: org.apache.ratis.thirdparty.io.netty.channel.AbstractChannel$AnnotatedConnectException: Connection refused: /192.168.157.219:42903
	at sun.nio.ch.SocketChannelImpl.checkConnect(Native Method)
	at sun.nio.ch.SocketChannelImpl.finishConnect(SocketChannelImpl.java:717)
	at org.apache.ratis.thirdparty.io.netty.channel.socket.nio.NioSocketChannel.doFinishConnect(NioSocketChannel.java:327)
	at org.apache.ratis.thirdparty.io.netty.channel.nio.AbstractNioChannel$AbstractNioUnsafe.finishConnect(AbstractNioChannel.java:340)
	at org.apache.ratis.thirdparty.io.netty.channel.nio.NioEventLoop.processSelectedKey(NioEventLoop.java:632)
	at org.apache.ratis.thirdparty.io.netty.channel.nio.NioEventLoop.processSelectedKeysOptimized(NioEventLoop.java:579)
	at org.apache.ratis.thirdparty.io.netty.channel.nio.NioEventLoop.processSelectedKeys(NioEventLoop.java:496)
	at org.apache.ratis.thirdparty.io.netty.channel.nio.NioEventLoop.run(NioEventLoop.java:458)
	at org.apache.ratis.thirdparty.io.netty.util.concurrent.SingleThreadEventExecutor$5.run(SingleThreadEventExecutor.java:897)
	at org.apache.ratis.thirdparty.io.netty.util.concurrent.FastThreadLocalRunnable.run(FastThreadLocalRunnable.java:30)
	... 1 more
Caused by: java.net.ConnectException: Connection refused
	... 11 more
2019-09-17 11:51:58,289 [db5c95e9-dab2-4d3b-9775-2e3d4de03f2d@group-4033F378C501:LeaderElection41] INFO  impl.LeaderElection (LogUtils.java:infoOrTrace(149)) - db5c95e9-dab2-4d3b-9775-2e3d4de03f2d@group-4033F378C501:LeaderElection41 got exception when requesting votes: {}
java.util.concurrent.ExecutionException: org.apache.ratis.thirdparty.io.grpc.StatusRuntimeException: UNAVAILABLE: io exception
	at java.util.concurrent.FutureTask.report(FutureTask.java:122)
	at java.util.concurrent.FutureTask.get(FutureTask.java:192)
	at org.apache.ratis.server.impl.LeaderElection.waitForResults(LeaderElection.java:263)
	at org.apache.ratis.server.impl.LeaderElection.askForVotes(LeaderElection.java:201)
	at org.apache.ratis.server.impl.LeaderElection.run(LeaderElection.java:133)
	at java.lang.Thread.run(Thread.java:748)
Caused by: org.apache.ratis.thirdparty.io.grpc.StatusRuntimeException: UNAVAILABLE: io exception
	at org.apache.ratis.thirdparty.io.grpc.stub.ClientCalls.toStatusRuntimeException(ClientCalls.java:233)
	at org.apache.ratis.thirdparty.io.grpc.stub.ClientCalls.getUnchecked(ClientCalls.java:214)
	at org.apache.ratis.thirdparty.io.grpc.stub.ClientCalls.blockingUnaryCall(ClientCalls.java:139)
	at org.apache.ratis.proto.grpc.RaftServerProtocolServiceGrpc$RaftServerProtocolServiceBlockingStub.requestVote(RaftServerProtocolServiceGrpc.java:265)
	at org.apache.ratis.grpc.server.GrpcServerProtocolClient.requestVote(GrpcServerProtocolClient.java:90)
	at org.apache.ratis.grpc.server.GrpcService.requestVote(GrpcService.java:204)
	at org.apache.ratis.server.impl.LeaderElection.lambda$submitRequests$1(LeaderElection.java:238)
	at java.util.concurrent.FutureTask.run(FutureTask.java:266)
	at java.util.concurrent.Executors$RunnableAdapter.call(Executors.java:511)
	at java.util.concurrent.FutureTask.run(FutureTask.java:266)
	at java.util.concurrent.ThreadPoolExecutor.runWorker(ThreadPoolExecutor.java:1149)
	at java.util.concurrent.ThreadPoolExecutor$Worker.run(ThreadPoolExecutor.java:624)
	... 1 more
Caused by: org.apache.ratis.thirdparty.io.netty.channel.AbstractChannel$AnnotatedConnectException: Connection refused: /192.168.157.219:39557
	at sun.nio.ch.SocketChannelImpl.checkConnect(Native Method)
	at sun.nio.ch.SocketChannelImpl.finishConnect(SocketChannelImpl.java:717)
	at org.apache.ratis.thirdparty.io.netty.channel.socket.nio.NioSocketChannel.doFinishConnect(NioSocketChannel.java:327)
	at org.apache.ratis.thirdparty.io.netty.channel.nio.AbstractNioChannel$AbstractNioUnsafe.finishConnect(AbstractNioChannel.java:340)
	at org.apache.ratis.thirdparty.io.netty.channel.nio.NioEventLoop.processSelectedKey(NioEventLoop.java:632)
	at org.apache.ratis.thirdparty.io.netty.channel.nio.NioEventLoop.processSelectedKeysOptimized(NioEventLoop.java:579)
	at org.apache.ratis.thirdparty.io.netty.channel.nio.NioEventLoop.processSelectedKeys(NioEventLoop.java:496)
	at org.apache.ratis.thirdparty.io.netty.channel.nio.NioEventLoop.run(NioEventLoop.java:458)
	at org.apache.ratis.thirdparty.io.netty.util.concurrent.SingleThreadEventExecutor$5.run(SingleThreadEventExecutor.java:897)
	at org.apache.ratis.thirdparty.io.netty.util.concurrent.FastThreadLocalRunnable.run(FastThreadLocalRunnable.java:30)
	... 1 more
Caused by: java.net.ConnectException: Connection refused
	... 11 more
2019-09-17 11:51:58,290 [db5c95e9-dab2-4d3b-9775-2e3d4de03f2d@group-4033F378C501:LeaderElection41] INFO  impl.LeaderElection (LeaderElection.java:logAndReturn(56)) - db5c95e9-dab2-4d3b-9775-2e3d4de03f2d@group-4033F378C501:LeaderElection41: Election REJECTED; received 0 response(s) [] and 2 exception(s); db5c95e9-dab2-4d3b-9775-2e3d4de03f2d@group-4033F378C501:t26, leader=null, voted=db5c95e9-dab2-4d3b-9775-2e3d4de03f2d, raftlog=db5c95e9-dab2-4d3b-9775-2e3d4de03f2d@group-4033F378C501-SegmentedRaftLog:OPENED:c28,f28,i28, conf=0: [768e87e1-01a1-4abe-adbb-724fc729cfde:192.168.157.219:39557, 0efbdbeb-0caf-4be4-a340-f9adf92e227b:192.168.157.219:42903, db5c95e9-dab2-4d3b-9775-2e3d4de03f2d:192.168.157.219:43472], old=null
2019-09-17 11:51:58,290 [db5c95e9-dab2-4d3b-9775-2e3d4de03f2d@group-4033F378C501:LeaderElection41] INFO  impl.LeaderElection (LogUtils.java:infoOrTrace(149)) -   Exception 0: {}
java.util.concurrent.ExecutionException: org.apache.ratis.thirdparty.io.grpc.StatusRuntimeException: UNAVAILABLE: io exception
	at java.util.concurrent.FutureTask.report(FutureTask.java:122)
	at java.util.concurrent.FutureTask.get(FutureTask.java:192)
	at org.apache.ratis.server.impl.LeaderElection.waitForResults(LeaderElection.java:263)
	at org.apache.ratis.server.impl.LeaderElection.askForVotes(LeaderElection.java:201)
	at org.apache.ratis.server.impl.LeaderElection.run(LeaderElection.java:133)
	at java.lang.Thread.run(Thread.java:748)
Caused by: org.apache.ratis.thirdparty.io.grpc.StatusRuntimeException: UNAVAILABLE: io exception
	at org.apache.ratis.thirdparty.io.grpc.stub.ClientCalls.toStatusRuntimeException(ClientCalls.java:233)
	at org.apache.ratis.thirdparty.io.grpc.stub.ClientCalls.getUnchecked(ClientCalls.java:214)
	at org.apache.ratis.thirdparty.io.grpc.stub.ClientCalls.blockingUnaryCall(ClientCalls.java:139)
	at org.apache.ratis.proto.grpc.RaftServerProtocolServiceGrpc$RaftServerProtocolServiceBlockingStub.requestVote(RaftServerProtocolServiceGrpc.java:265)
	at org.apache.ratis.grpc.server.GrpcServerProtocolClient.requestVote(GrpcServerProtocolClient.java:90)
	at org.apache.ratis.grpc.server.GrpcService.requestVote(GrpcService.java:204)
	at org.apache.ratis.server.impl.LeaderElection.lambda$submitRequests$1(LeaderElection.java:238)
	at java.util.concurrent.FutureTask.run(FutureTask.java:266)
	at java.util.concurrent.Executors$RunnableAdapter.call(Executors.java:511)
	at java.util.concurrent.FutureTask.run(FutureTask.java:266)
	at java.util.concurrent.ThreadPoolExecutor.runWorker(ThreadPoolExecutor.java:1149)
	at java.util.concurrent.ThreadPoolExecutor$Worker.run(ThreadPoolExecutor.java:624)
	... 1 more
Caused by: org.apache.ratis.thirdparty.io.netty.channel.AbstractChannel$AnnotatedConnectException: Connection refused: /192.168.157.219:42903
	at sun.nio.ch.SocketChannelImpl.checkConnect(Native Method)
	at sun.nio.ch.SocketChannelImpl.finishConnect(SocketChannelImpl.java:717)
	at org.apache.ratis.thirdparty.io.netty.channel.socket.nio.NioSocketChannel.doFinishConnect(NioSocketChannel.java:327)
	at org.apache.ratis.thirdparty.io.netty.channel.nio.AbstractNioChannel$AbstractNioUnsafe.finishConnect(AbstractNioChannel.java:340)
	at org.apache.ratis.thirdparty.io.netty.channel.nio.NioEventLoop.processSelectedKey(NioEventLoop.java:632)
	at org.apache.ratis.thirdparty.io.netty.channel.nio.NioEventLoop.processSelectedKeysOptimized(NioEventLoop.java:579)
	at org.apache.ratis.thirdparty.io.netty.channel.nio.NioEventLoop.processSelectedKeys(NioEventLoop.java:496)
	at org.apache.ratis.thirdparty.io.netty.channel.nio.NioEventLoop.run(NioEventLoop.java:458)
	at org.apache.ratis.thirdparty.io.netty.util.concurrent.SingleThreadEventExecutor$5.run(SingleThreadEventExecutor.java:897)
	at org.apache.ratis.thirdparty.io.netty.util.concurrent.FastThreadLocalRunnable.run(FastThreadLocalRunnable.java:30)
	... 1 more
Caused by: java.net.ConnectException: Connection refused
	... 11 more
2019-09-17 11:51:58,290 [db5c95e9-dab2-4d3b-9775-2e3d4de03f2d@group-4033F378C501:LeaderElection41] INFO  impl.LeaderElection (LogUtils.java:infoOrTrace(149)) -   Exception 1: {}
java.util.concurrent.ExecutionException: org.apache.ratis.thirdparty.io.grpc.StatusRuntimeException: UNAVAILABLE: io exception
	at java.util.concurrent.FutureTask.report(FutureTask.java:122)
	at java.util.concurrent.FutureTask.get(FutureTask.java:192)
	at org.apache.ratis.server.impl.LeaderElection.waitForResults(LeaderElection.java:263)
	at org.apache.ratis.server.impl.LeaderElection.askForVotes(LeaderElection.java:201)
	at org.apache.ratis.server.impl.LeaderElection.run(LeaderElection.java:133)
	at java.lang.Thread.run(Thread.java:748)
Caused by: org.apache.ratis.thirdparty.io.grpc.StatusRuntimeException: UNAVAILABLE: io exception
	at org.apache.ratis.thirdparty.io.grpc.stub.ClientCalls.toStatusRuntimeException(ClientCalls.java:233)
	at org.apache.ratis.thirdparty.io.grpc.stub.ClientCalls.getUnchecked(ClientCalls.java:214)
	at org.apache.ratis.thirdparty.io.grpc.stub.ClientCalls.blockingUnaryCall(ClientCalls.java:139)
	at org.apache.ratis.proto.grpc.RaftServerProtocolServiceGrpc$RaftServerProtocolServiceBlockingStub.requestVote(RaftServerProtocolServiceGrpc.java:265)
	at org.apache.ratis.grpc.server.GrpcServerProtocolClient.requestVote(GrpcServerProtocolClient.java:90)
	at org.apache.ratis.grpc.server.GrpcService.requestVote(GrpcService.java:204)
	at org.apache.ratis.server.impl.LeaderElection.lambda$submitRequests$1(LeaderElection.java:238)
	at java.util.concurrent.FutureTask.run(FutureTask.java:266)
	at java.util.concurrent.Executors$RunnableAdapter.call(Executors.java:511)
	at java.util.concurrent.FutureTask.run(FutureTask.java:266)
	at java.util.concurrent.ThreadPoolExecutor.runWorker(ThreadPoolExecutor.java:1149)
	at java.util.concurrent.ThreadPoolExecutor$Worker.run(ThreadPoolExecutor.java:624)
	... 1 more
Caused by: org.apache.ratis.thirdparty.io.netty.channel.AbstractChannel$AnnotatedConnectException: Connection refused: /192.168.157.219:39557
	at sun.nio.ch.SocketChannelImpl.checkConnect(Native Method)
	at sun.nio.ch.SocketChannelImpl.finishConnect(SocketChannelImpl.java:717)
	at org.apache.ratis.thirdparty.io.netty.channel.socket.nio.NioSocketChannel.doFinishConnect(NioSocketChannel.java:327)
	at org.apache.ratis.thirdparty.io.netty.channel.nio.AbstractNioChannel$AbstractNioUnsafe.finishConnect(AbstractNioChannel.java:340)
	at org.apache.ratis.thirdparty.io.netty.channel.nio.NioEventLoop.processSelectedKey(NioEventLoop.java:632)
	at org.apache.ratis.thirdparty.io.netty.channel.nio.NioEventLoop.processSelectedKeysOptimized(NioEventLoop.java:579)
	at org.apache.ratis.thirdparty.io.netty.channel.nio.NioEventLoop.processSelectedKeys(NioEventLoop.java:496)
	at org.apache.ratis.thirdparty.io.netty.channel.nio.NioEventLoop.run(NioEventLoop.java:458)
	at org.apache.ratis.thirdparty.io.netty.util.concurrent.SingleThreadEventExecutor$5.run(SingleThreadEventExecutor.java:897)
	at org.apache.ratis.thirdparty.io.netty.util.concurrent.FastThreadLocalRunnable.run(FastThreadLocalRunnable.java:30)
	... 1 more
Caused by: java.net.ConnectException: Connection refused
	... 11 more
2019-09-17 11:51:58,290 [db5c95e9-dab2-4d3b-9775-2e3d4de03f2d@group-4033F378C501:LeaderElection41] INFO  impl.RaftServerImpl (RaftServerImpl.java:setRole(174)) - db5c95e9-dab2-4d3b-9775-2e3d4de03f2d@group-4033F378C501: changes role from CANDIDATE to FOLLOWER at term 26 for DISCOVERED_A_NEW_TERM
2019-09-17 11:51:58,291 [db5c95e9-dab2-4d3b-9775-2e3d4de03f2d@group-4033F378C501:LeaderElection41] INFO  impl.RoleInfo (RoleInfo.java:shutdownLeaderElection(134)) - db5c95e9-dab2-4d3b-9775-2e3d4de03f2d: shutdown LeaderElection
2019-09-17 11:51:58,291 [db5c95e9-dab2-4d3b-9775-2e3d4de03f2d@group-4033F378C501:LeaderElection41] INFO  impl.RoleInfo (RoleInfo.java:updateAndGet(143)) - db5c95e9-dab2-4d3b-9775-2e3d4de03f2d: start FollowerState
2019-09-17 11:51:58,513 [java.util.concurrent.ThreadPoolExecutor$Worker@260d162e[State = -1, empty queue]] WARN  server.GrpcLogAppender (GrpcLogAppender.java:timeoutAppendRequest(200)) - 166adff3-52d0-4f60-8e58-0e12ed96f4bf@group-012F5F91B630->478df2fd-32fa-402c-a09a-4121263fb7de-GrpcLogAppender: appendEntries Timeout, request=166adff3-52d0-4f60-8e58-0e12ed96f4bf->478df2fd-32fa-402c-a09a-4121263fb7de#161-t1, previous=(t:1, i:36), leaderCommit=32, initializing? false, entries: <empty>
2019-09-17 11:51:58,513 [java.util.concurrent.ThreadPoolExecutor$Worker@9b33cb9[State = -1, empty queue]] WARN  server.GrpcLogAppender (GrpcLogAppender.java:timeoutAppendRequest(200)) - 166adff3-52d0-4f60-8e58-0e12ed96f4bf@group-012F5F91B630->ab50ed4d-57db-4f38-bd59-74c03932909c-GrpcLogAppender: appendEntries Timeout, request=166adff3-52d0-4f60-8e58-0e12ed96f4bf->ab50ed4d-57db-4f38-bd59-74c03932909c#161-t1, previous=(t:1, i:36), leaderCommit=32, initializing? false, entries: <empty>
2019-09-17 11:51:58,662 [java.util.concurrent.ThreadPoolExecutor$Worker@3cd8d43b[State = -1, empty queue]] WARN  server.GrpcLogAppender (GrpcLogAppender.java:timeoutAppendRequest(200)) - ee155057-4acb-4f3f-9013-4bd3c5a101b6@group-B3F5A0A8BDBD->533f21c9-6148-4926-981b-3030ea271196-GrpcLogAppender: appendEntries Timeout, request=ee155057-4acb-4f3f-9013-4bd3c5a101b6->533f21c9-6148-4926-981b-3030ea271196#145-t2, previous=(t:2, i:20), leaderCommit=16, initializing? false, entries: <empty>
2019-09-17 11:51:58,662 [java.util.concurrent.ThreadPoolExecutor$Worker@5a9b47f8[State = -1, empty queue]] WARN  server.GrpcLogAppender (GrpcLogAppender.java:timeoutAppendRequest(200)) - ee155057-4acb-4f3f-9013-4bd3c5a101b6@group-B3F5A0A8BDBD->90cc32e6-bdd6-4f93-abb1-bc520dd025bc-GrpcLogAppender: appendEntries Timeout, request=ee155057-4acb-4f3f-9013-4bd3c5a101b6->90cc32e6-bdd6-4f93-abb1-bc520dd025bc#145-t2, previous=(t:2, i:20), leaderCommit=16, initializing? false, entries: <empty>
2019-09-17 11:51:59,013 [java.util.concurrent.ThreadPoolExecutor$Worker@9b33cb9[State = -1, empty queue]] WARN  server.GrpcLogAppender (GrpcLogAppender.java:timeoutAppendRequest(200)) - 166adff3-52d0-4f60-8e58-0e12ed96f4bf@group-012F5F91B630->ab50ed4d-57db-4f38-bd59-74c03932909c-GrpcLogAppender: appendEntries Timeout, request=166adff3-52d0-4f60-8e58-0e12ed96f4bf->ab50ed4d-57db-4f38-bd59-74c03932909c#162-t1, previous=(t:1, i:36), leaderCommit=32, initializing? false, entries: <empty>
2019-09-17 11:51:59,013 [java.util.concurrent.ThreadPoolExecutor$Worker@260d162e[State = -1, empty queue]] WARN  server.GrpcLogAppender (GrpcLogAppender.java:timeoutAppendRequest(200)) - 166adff3-52d0-4f60-8e58-0e12ed96f4bf@group-012F5F91B630->478df2fd-32fa-402c-a09a-4121263fb7de-GrpcLogAppender: appendEntries Timeout, request=166adff3-52d0-4f60-8e58-0e12ed96f4bf->478df2fd-32fa-402c-a09a-4121263fb7de#162-t1, previous=(t:1, i:36), leaderCommit=32, initializing? false, entries: <empty>
2019-09-17 11:51:59,075 [Datanode State Machine Thread - 0] INFO  statemachine.DatanodeStateMachine (DatanodeStateMachine.java:lambda$startDaemon$0(350)) - Ozone container server started.
2019-09-17 11:51:59,075 [Datanode State Machine Thread - 0] INFO  statemachine.DatanodeStateMachine (DatanodeStateMachine.java:lambda$startDaemon$0(350)) - Ozone container server started.
2019-09-17 11:51:59,162 [java.util.concurrent.ThreadPoolExecutor$Worker@5a9b47f8[State = -1, empty queue]] WARN  server.GrpcLogAppender (GrpcLogAppender.java:timeoutAppendRequest(200)) - ee155057-4acb-4f3f-9013-4bd3c5a101b6@group-B3F5A0A8BDBD->90cc32e6-bdd6-4f93-abb1-bc520dd025bc-GrpcLogAppender: appendEntries Timeout, request=ee155057-4acb-4f3f-9013-4bd3c5a101b6->90cc32e6-bdd6-4f93-abb1-bc520dd025bc#146-t2, previous=(t:2, i:20), leaderCommit=16, initializing? false, entries: <empty>
2019-09-17 11:51:59,162 [java.util.concurrent.ThreadPoolExecutor$Worker@3cd8d43b[State = -1, empty queue]] WARN  server.GrpcLogAppender (GrpcLogAppender.java:timeoutAppendRequest(200)) - ee155057-4acb-4f3f-9013-4bd3c5a101b6@group-B3F5A0A8BDBD->533f21c9-6148-4926-981b-3030ea271196-GrpcLogAppender: appendEntries Timeout, request=ee155057-4acb-4f3f-9013-4bd3c5a101b6->533f21c9-6148-4926-981b-3030ea271196#146-t2, previous=(t:2, i:20), leaderCommit=16, initializing? false, entries: <empty>
2019-09-17 11:51:59,374 [Thread-1456] INFO  impl.FollowerState (FollowerState.java:run(106)) - db5c95e9-dab2-4d3b-9775-2e3d4de03f2d:group-4033F378C501 changes to CANDIDATE, lastRpcTime:1083, electionTimeout:1083ms
2019-09-17 11:51:59,374 [Thread-1456] INFO  impl.RoleInfo (RoleInfo.java:shutdownFollowerState(121)) - db5c95e9-dab2-4d3b-9775-2e3d4de03f2d: shutdown FollowerState
2019-09-17 11:51:59,375 [Thread-1456] INFO  impl.RaftServerImpl (RaftServerImpl.java:setRole(174)) - db5c95e9-dab2-4d3b-9775-2e3d4de03f2d@group-4033F378C501: changes role from  FOLLOWER to CANDIDATE at term 26 for changeToCandidate
2019-09-17 11:51:59,375 [Thread-1456] INFO  impl.RoleInfo (RoleInfo.java:updateAndGet(143)) - db5c95e9-dab2-4d3b-9775-2e3d4de03f2d: start LeaderElection
2019-09-17 11:51:59,391 [db5c95e9-dab2-4d3b-9775-2e3d4de03f2d@group-4033F378C501:LeaderElection42] INFO  impl.LeaderElection (LeaderElection.java:askForVotes(182)) - db5c95e9-dab2-4d3b-9775-2e3d4de03f2d@group-4033F378C501:LeaderElection42: begin an election at term 27 for 0: [768e87e1-01a1-4abe-adbb-724fc729cfde:192.168.157.219:39557, 0efbdbeb-0caf-4be4-a340-f9adf92e227b:192.168.157.219:42903, db5c95e9-dab2-4d3b-9775-2e3d4de03f2d:192.168.157.219:43472], old=null
2019-09-17 11:51:59,392 [db5c95e9-dab2-4d3b-9775-2e3d4de03f2d@group-4033F378C501:LeaderElection42] INFO  impl.LeaderElection (LogUtils.java:infoOrTrace(149)) - db5c95e9-dab2-4d3b-9775-2e3d4de03f2d@group-4033F378C501:LeaderElection42 got exception when requesting votes: {}
java.util.concurrent.ExecutionException: org.apache.ratis.thirdparty.io.grpc.StatusRuntimeException: UNAVAILABLE: io exception
	at java.util.concurrent.FutureTask.report(FutureTask.java:122)
	at java.util.concurrent.FutureTask.get(FutureTask.java:192)
	at org.apache.ratis.server.impl.LeaderElection.waitForResults(LeaderElection.java:263)
	at org.apache.ratis.server.impl.LeaderElection.askForVotes(LeaderElection.java:201)
	at org.apache.ratis.server.impl.LeaderElection.run(LeaderElection.java:133)
	at java.lang.Thread.run(Thread.java:748)
Caused by: org.apache.ratis.thirdparty.io.grpc.StatusRuntimeException: UNAVAILABLE: io exception
	at org.apache.ratis.thirdparty.io.grpc.stub.ClientCalls.toStatusRuntimeException(ClientCalls.java:233)
	at org.apache.ratis.thirdparty.io.grpc.stub.ClientCalls.getUnchecked(ClientCalls.java:214)
	at org.apache.ratis.thirdparty.io.grpc.stub.ClientCalls.blockingUnaryCall(ClientCalls.java:139)
	at org.apache.ratis.proto.grpc.RaftServerProtocolServiceGrpc$RaftServerProtocolServiceBlockingStub.requestVote(RaftServerProtocolServiceGrpc.java:265)
	at org.apache.ratis.grpc.server.GrpcServerProtocolClient.requestVote(GrpcServerProtocolClient.java:90)
	at org.apache.ratis.grpc.server.GrpcService.requestVote(GrpcService.java:204)
	at org.apache.ratis.server.impl.LeaderElection.lambda$submitRequests$1(LeaderElection.java:238)
	at java.util.concurrent.FutureTask.run(FutureTask.java:266)
	at java.util.concurrent.Executors$RunnableAdapter.call(Executors.java:511)
	at java.util.concurrent.FutureTask.run(FutureTask.java:266)
	at java.util.concurrent.ThreadPoolExecutor.runWorker(ThreadPoolExecutor.java:1149)
	at java.util.concurrent.ThreadPoolExecutor$Worker.run(ThreadPoolExecutor.java:624)
	... 1 more
Caused by: org.apache.ratis.thirdparty.io.netty.channel.AbstractChannel$AnnotatedConnectException: Connection refused: /192.168.157.219:42903
	at sun.nio.ch.SocketChannelImpl.checkConnect(Native Method)
	at sun.nio.ch.SocketChannelImpl.finishConnect(SocketChannelImpl.java:717)
	at org.apache.ratis.thirdparty.io.netty.channel.socket.nio.NioSocketChannel.doFinishConnect(NioSocketChannel.java:327)
	at org.apache.ratis.thirdparty.io.netty.channel.nio.AbstractNioChannel$AbstractNioUnsafe.finishConnect(AbstractNioChannel.java:340)
	at org.apache.ratis.thirdparty.io.netty.channel.nio.NioEventLoop.processSelectedKey(NioEventLoop.java:632)
	at org.apache.ratis.thirdparty.io.netty.channel.nio.NioEventLoop.processSelectedKeysOptimized(NioEventLoop.java:579)
	at org.apache.ratis.thirdparty.io.netty.channel.nio.NioEventLoop.processSelectedKeys(NioEventLoop.java:496)
	at org.apache.ratis.thirdparty.io.netty.channel.nio.NioEventLoop.run(NioEventLoop.java:458)
	at org.apache.ratis.thirdparty.io.netty.util.concurrent.SingleThreadEventExecutor$5.run(SingleThreadEventExecutor.java:897)
	at org.apache.ratis.thirdparty.io.netty.util.concurrent.FastThreadLocalRunnable.run(FastThreadLocalRunnable.java:30)
	... 1 more
Caused by: java.net.ConnectException: Connection refused
	... 11 more
2019-09-17 11:51:59,392 [db5c95e9-dab2-4d3b-9775-2e3d4de03f2d@group-4033F378C501:LeaderElection42] INFO  impl.LeaderElection (LogUtils.java:infoOrTrace(149)) - db5c95e9-dab2-4d3b-9775-2e3d4de03f2d@group-4033F378C501:LeaderElection42 got exception when requesting votes: {}
java.util.concurrent.ExecutionException: org.apache.ratis.thirdparty.io.grpc.StatusRuntimeException: UNAVAILABLE: io exception
	at java.util.concurrent.FutureTask.report(FutureTask.java:122)
	at java.util.concurrent.FutureTask.get(FutureTask.java:192)
	at org.apache.ratis.server.impl.LeaderElection.waitForResults(LeaderElection.java:263)
	at org.apache.ratis.server.impl.LeaderElection.askForVotes(LeaderElection.java:201)
	at org.apache.ratis.server.impl.LeaderElection.run(LeaderElection.java:133)
	at java.lang.Thread.run(Thread.java:748)
Caused by: org.apache.ratis.thirdparty.io.grpc.StatusRuntimeException: UNAVAILABLE: io exception
	at org.apache.ratis.thirdparty.io.grpc.stub.ClientCalls.toStatusRuntimeException(ClientCalls.java:233)
	at org.apache.ratis.thirdparty.io.grpc.stub.ClientCalls.getUnchecked(ClientCalls.java:214)
	at org.apache.ratis.thirdparty.io.grpc.stub.ClientCalls.blockingUnaryCall(ClientCalls.java:139)
	at org.apache.ratis.proto.grpc.RaftServerProtocolServiceGrpc$RaftServerProtocolServiceBlockingStub.requestVote(RaftServerProtocolServiceGrpc.java:265)
	at org.apache.ratis.grpc.server.GrpcServerProtocolClient.requestVote(GrpcServerProtocolClient.java:90)
	at org.apache.ratis.grpc.server.GrpcService.requestVote(GrpcService.java:204)
	at org.apache.ratis.server.impl.LeaderElection.lambda$submitRequests$1(LeaderElection.java:238)
	at java.util.concurrent.FutureTask.run(FutureTask.java:266)
	at java.util.concurrent.Executors$RunnableAdapter.call(Executors.java:511)
	at java.util.concurrent.FutureTask.run(FutureTask.java:266)
	at java.util.concurrent.ThreadPoolExecutor.runWorker(ThreadPoolExecutor.java:1149)
	at java.util.concurrent.ThreadPoolExecutor$Worker.run(ThreadPoolExecutor.java:624)
	... 1 more
Caused by: org.apache.ratis.thirdparty.io.netty.channel.AbstractChannel$AnnotatedConnectException: Connection refused: /192.168.157.219:39557
	at sun.nio.ch.SocketChannelImpl.checkConnect(Native Method)
	at sun.nio.ch.SocketChannelImpl.finishConnect(SocketChannelImpl.java:717)
	at org.apache.ratis.thirdparty.io.netty.channel.socket.nio.NioSocketChannel.doFinishConnect(NioSocketChannel.java:327)
	at org.apache.ratis.thirdparty.io.netty.channel.nio.AbstractNioChannel$AbstractNioUnsafe.finishConnect(AbstractNioChannel.java:340)
	at org.apache.ratis.thirdparty.io.netty.channel.nio.NioEventLoop.processSelectedKey(NioEventLoop.java:632)
	at org.apache.ratis.thirdparty.io.netty.channel.nio.NioEventLoop.processSelectedKeysOptimized(NioEventLoop.java:579)
	at org.apache.ratis.thirdparty.io.netty.channel.nio.NioEventLoop.processSelectedKeys(NioEventLoop.java:496)
	at org.apache.ratis.thirdparty.io.netty.channel.nio.NioEventLoop.run(NioEventLoop.java:458)
	at org.apache.ratis.thirdparty.io.netty.util.concurrent.SingleThreadEventExecutor$5.run(SingleThreadEventExecutor.java:897)
	at org.apache.ratis.thirdparty.io.netty.util.concurrent.FastThreadLocalRunnable.run(FastThreadLocalRunnable.java:30)
	... 1 more
Caused by: java.net.ConnectException: Connection refused
	... 11 more
2019-09-17 11:51:59,392 [db5c95e9-dab2-4d3b-9775-2e3d4de03f2d@group-4033F378C501:LeaderElection42] INFO  impl.LeaderElection (LeaderElection.java:logAndReturn(56)) - db5c95e9-dab2-4d3b-9775-2e3d4de03f2d@group-4033F378C501:LeaderElection42: Election REJECTED; received 0 response(s) [] and 2 exception(s); db5c95e9-dab2-4d3b-9775-2e3d4de03f2d@group-4033F378C501:t27, leader=null, voted=db5c95e9-dab2-4d3b-9775-2e3d4de03f2d, raftlog=db5c95e9-dab2-4d3b-9775-2e3d4de03f2d@group-4033F378C501-SegmentedRaftLog:OPENED:c28,f28,i28, conf=0: [768e87e1-01a1-4abe-adbb-724fc729cfde:192.168.157.219:39557, 0efbdbeb-0caf-4be4-a340-f9adf92e227b:192.168.157.219:42903, db5c95e9-dab2-4d3b-9775-2e3d4de03f2d:192.168.157.219:43472], old=null
2019-09-17 11:51:59,393 [db5c95e9-dab2-4d3b-9775-2e3d4de03f2d@group-4033F378C501:LeaderElection42] INFO  impl.LeaderElection (LogUtils.java:infoOrTrace(149)) -   Exception 0: {}
java.util.concurrent.ExecutionException: org.apache.ratis.thirdparty.io.grpc.StatusRuntimeException: UNAVAILABLE: io exception
	at java.util.concurrent.FutureTask.report(FutureTask.java:122)
	at java.util.concurrent.FutureTask.get(FutureTask.java:192)
	at org.apache.ratis.server.impl.LeaderElection.waitForResults(LeaderElection.java:263)
	at org.apache.ratis.server.impl.LeaderElection.askForVotes(LeaderElection.java:201)
	at org.apache.ratis.server.impl.LeaderElection.run(LeaderElection.java:133)
	at java.lang.Thread.run(Thread.java:748)
Caused by: org.apache.ratis.thirdparty.io.grpc.StatusRuntimeException: UNAVAILABLE: io exception
	at org.apache.ratis.thirdparty.io.grpc.stub.ClientCalls.toStatusRuntimeException(ClientCalls.java:233)
	at org.apache.ratis.thirdparty.io.grpc.stub.ClientCalls.getUnchecked(ClientCalls.java:214)
	at org.apache.ratis.thirdparty.io.grpc.stub.ClientCalls.blockingUnaryCall(ClientCalls.java:139)
	at org.apache.ratis.proto.grpc.RaftServerProtocolServiceGrpc$RaftServerProtocolServiceBlockingStub.requestVote(RaftServerProtocolServiceGrpc.java:265)
	at org.apache.ratis.grpc.server.GrpcServerProtocolClient.requestVote(GrpcServerProtocolClient.java:90)
	at org.apache.ratis.grpc.server.GrpcService.requestVote(GrpcService.java:204)
	at org.apache.ratis.server.impl.LeaderElection.lambda$submitRequests$1(LeaderElection.java:238)
	at java.util.concurrent.FutureTask.run(FutureTask.java:266)
	at java.util.concurrent.Executors$RunnableAdapter.call(Executors.java:511)
	at java.util.concurrent.FutureTask.run(FutureTask.java:266)
	at java.util.concurrent.ThreadPoolExecutor.runWorker(ThreadPoolExecutor.java:1149)
	at java.util.concurrent.ThreadPoolExecutor$Worker.run(ThreadPoolExecutor.java:624)
	... 1 more
Caused by: org.apache.ratis.thirdparty.io.netty.channel.AbstractChannel$AnnotatedConnectException: Connection refused: /192.168.157.219:42903
	at sun.nio.ch.SocketChannelImpl.checkConnect(Native Method)
	at sun.nio.ch.SocketChannelImpl.finishConnect(SocketChannelImpl.java:717)
	at org.apache.ratis.thirdparty.io.netty.channel.socket.nio.NioSocketChannel.doFinishConnect(NioSocketChannel.java:327)
	at org.apache.ratis.thirdparty.io.netty.channel.nio.AbstractNioChannel$AbstractNioUnsafe.finishConnect(AbstractNioChannel.java:340)
	at org.apache.ratis.thirdparty.io.netty.channel.nio.NioEventLoop.processSelectedKey(NioEventLoop.java:632)
	at org.apache.ratis.thirdparty.io.netty.channel.nio.NioEventLoop.processSelectedKeysOptimized(NioEventLoop.java:579)
	at org.apache.ratis.thirdparty.io.netty.channel.nio.NioEventLoop.processSelectedKeys(NioEventLoop.java:496)
	at org.apache.ratis.thirdparty.io.netty.channel.nio.NioEventLoop.run(NioEventLoop.java:458)
	at org.apache.ratis.thirdparty.io.netty.util.concurrent.SingleThreadEventExecutor$5.run(SingleThreadEventExecutor.java:897)
	at org.apache.ratis.thirdparty.io.netty.util.concurrent.FastThreadLocalRunnable.run(FastThreadLocalRunnable.java:30)
	... 1 more
Caused by: java.net.ConnectException: Connection refused
	... 11 more
2019-09-17 11:51:59,393 [db5c95e9-dab2-4d3b-9775-2e3d4de03f2d@group-4033F378C501:LeaderElection42] INFO  impl.LeaderElection (LogUtils.java:infoOrTrace(149)) -   Exception 1: {}
java.util.concurrent.ExecutionException: org.apache.ratis.thirdparty.io.grpc.StatusRuntimeException: UNAVAILABLE: io exception
	at java.util.concurrent.FutureTask.report(FutureTask.java:122)
	at java.util.concurrent.FutureTask.get(FutureTask.java:192)
	at org.apache.ratis.server.impl.LeaderElection.waitForResults(LeaderElection.java:263)
	at org.apache.ratis.server.impl.LeaderElection.askForVotes(LeaderElection.java:201)
	at org.apache.ratis.server.impl.LeaderElection.run(LeaderElection.java:133)
	at java.lang.Thread.run(Thread.java:748)
Caused by: org.apache.ratis.thirdparty.io.grpc.StatusRuntimeException: UNAVAILABLE: io exception
	at org.apache.ratis.thirdparty.io.grpc.stub.ClientCalls.toStatusRuntimeException(ClientCalls.java:233)
	at org.apache.ratis.thirdparty.io.grpc.stub.ClientCalls.getUnchecked(ClientCalls.java:214)
	at org.apache.ratis.thirdparty.io.grpc.stub.ClientCalls.blockingUnaryCall(ClientCalls.java:139)
	at org.apache.ratis.proto.grpc.RaftServerProtocolServiceGrpc$RaftServerProtocolServiceBlockingStub.requestVote(RaftServerProtocolServiceGrpc.java:265)
	at org.apache.ratis.grpc.server.GrpcServerProtocolClient.requestVote(GrpcServerProtocolClient.java:90)
	at org.apache.ratis.grpc.server.GrpcService.requestVote(GrpcService.java:204)
	at org.apache.ratis.server.impl.LeaderElection.lambda$submitRequests$1(LeaderElection.java:238)
	at java.util.concurrent.FutureTask.run(FutureTask.java:266)
	at java.util.concurrent.Executors$RunnableAdapter.call(Executors.java:511)
	at java.util.concurrent.FutureTask.run(FutureTask.java:266)
	at java.util.concurrent.ThreadPoolExecutor.runWorker(ThreadPoolExecutor.java:1149)
	at java.util.concurrent.ThreadPoolExecutor$Worker.run(ThreadPoolExecutor.java:624)
	... 1 more
Caused by: org.apache.ratis.thirdparty.io.netty.channel.AbstractChannel$AnnotatedConnectException: Connection refused: /192.168.157.219:39557
	at sun.nio.ch.SocketChannelImpl.checkConnect(Native Method)
	at sun.nio.ch.SocketChannelImpl.finishConnect(SocketChannelImpl.java:717)
	at org.apache.ratis.thirdparty.io.netty.channel.socket.nio.NioSocketChannel.doFinishConnect(NioSocketChannel.java:327)
	at org.apache.ratis.thirdparty.io.netty.channel.nio.AbstractNioChannel$AbstractNioUnsafe.finishConnect(AbstractNioChannel.java:340)
	at org.apache.ratis.thirdparty.io.netty.channel.nio.NioEventLoop.processSelectedKey(NioEventLoop.java:632)
	at org.apache.ratis.thirdparty.io.netty.channel.nio.NioEventLoop.processSelectedKeysOptimized(NioEventLoop.java:579)
	at org.apache.ratis.thirdparty.io.netty.channel.nio.NioEventLoop.processSelectedKeys(NioEventLoop.java:496)
	at org.apache.ratis.thirdparty.io.netty.channel.nio.NioEventLoop.run(NioEventLoop.java:458)
	at org.apache.ratis.thirdparty.io.netty.util.concurrent.SingleThreadEventExecutor$5.run(SingleThreadEventExecutor.java:897)
	at org.apache.ratis.thirdparty.io.netty.util.concurrent.FastThreadLocalRunnable.run(FastThreadLocalRunnable.java:30)
	... 1 more
Caused by: java.net.ConnectException: Connection refused
	... 11 more
2019-09-17 11:51:59,393 [db5c95e9-dab2-4d3b-9775-2e3d4de03f2d@group-4033F378C501:LeaderElection42] INFO  impl.RaftServerImpl (RaftServerImpl.java:setRole(174)) - db5c95e9-dab2-4d3b-9775-2e3d4de03f2d@group-4033F378C501: changes role from CANDIDATE to FOLLOWER at term 27 for DISCOVERED_A_NEW_TERM
2019-09-17 11:51:59,393 [db5c95e9-dab2-4d3b-9775-2e3d4de03f2d@group-4033F378C501:LeaderElection42] INFO  impl.RoleInfo (RoleInfo.java:shutdownLeaderElection(134)) - db5c95e9-dab2-4d3b-9775-2e3d4de03f2d: shutdown LeaderElection
2019-09-17 11:51:59,393 [db5c95e9-dab2-4d3b-9775-2e3d4de03f2d@group-4033F378C501:LeaderElection42] INFO  impl.RoleInfo (RoleInfo.java:updateAndGet(143)) - db5c95e9-dab2-4d3b-9775-2e3d4de03f2d: start FollowerState
2019-09-17 11:51:59,513 [java.util.concurrent.ThreadPoolExecutor$Worker@260d162e[State = -1, empty queue]] WARN  server.GrpcLogAppender (GrpcLogAppender.java:timeoutAppendRequest(200)) - 166adff3-52d0-4f60-8e58-0e12ed96f4bf@group-012F5F91B630->478df2fd-32fa-402c-a09a-4121263fb7de-GrpcLogAppender: appendEntries Timeout, request=166adff3-52d0-4f60-8e58-0e12ed96f4bf->478df2fd-32fa-402c-a09a-4121263fb7de#163-t1, previous=(t:1, i:36), leaderCommit=32, initializing? false, entries: <empty>
2019-09-17 11:51:59,513 [java.util.concurrent.ThreadPoolExecutor$Worker@9b33cb9[State = -1, empty queue]] WARN  server.GrpcLogAppender (GrpcLogAppender.java:timeoutAppendRequest(200)) - 166adff3-52d0-4f60-8e58-0e12ed96f4bf@group-012F5F91B630->ab50ed4d-57db-4f38-bd59-74c03932909c-GrpcLogAppender: appendEntries Timeout, request=166adff3-52d0-4f60-8e58-0e12ed96f4bf->ab50ed4d-57db-4f38-bd59-74c03932909c#163-t1, previous=(t:1, i:36), leaderCommit=32, initializing? false, entries: <empty>
2019-09-17 11:51:59,662 [java.util.concurrent.ThreadPoolExecutor$Worker@5a9b47f8[State = -1, empty queue]] WARN  server.GrpcLogAppender (GrpcLogAppender.java:timeoutAppendRequest(200)) - ee155057-4acb-4f3f-9013-4bd3c5a101b6@group-B3F5A0A8BDBD->90cc32e6-bdd6-4f93-abb1-bc520dd025bc-GrpcLogAppender: appendEntries Timeout, request=ee155057-4acb-4f3f-9013-4bd3c5a101b6->90cc32e6-bdd6-4f93-abb1-bc520dd025bc#147-t2, previous=(t:2, i:20), leaderCommit=16, initializing? false, entries: <empty>
2019-09-17 11:51:59,662 [java.util.concurrent.ThreadPoolExecutor$Worker@3cd8d43b[State = -1, empty queue]] WARN  server.GrpcLogAppender (GrpcLogAppender.java:timeoutAppendRequest(200)) - ee155057-4acb-4f3f-9013-4bd3c5a101b6@group-B3F5A0A8BDBD->533f21c9-6148-4926-981b-3030ea271196-GrpcLogAppender: appendEntries Timeout, request=ee155057-4acb-4f3f-9013-4bd3c5a101b6->533f21c9-6148-4926-981b-3030ea271196#147-t2, previous=(t:2, i:20), leaderCommit=16, initializing? false, entries: <empty>
2019-09-17 11:51:59,978 [166adff3-52d0-4f60-8e58-0e12ed96f4bf@group-012F5F91B630-SegmentedRaftLogWorker] WARN  segmented.SegmentedRaftLogWorker (SegmentedRaftLogWorker.java:getFromFuture(90)) - Timeout 1/~
org.apache.ratis.protocol.TimeoutIOException: Timeout 10s: WriteLog:33: (t:1, i:33), STATEMACHINELOGENTRY, client-CC55B186F28B, cid=71-writeStateMachineData
	at org.apache.ratis.util.IOUtils.getFromFuture(IOUtils.java:87)
	at org.apache.ratis.server.raftlog.segmented.SegmentedRaftLogWorker$StateMachineDataPolicy.getFromFuture(SegmentedRaftLogWorker.java:87)
	at org.apache.ratis.server.raftlog.segmented.SegmentedRaftLogWorker$WriteLog.execute(SegmentedRaftLogWorker.java:477)
	at org.apache.ratis.server.raftlog.segmented.SegmentedRaftLogWorker.run(SegmentedRaftLogWorker.java:289)
	at java.lang.Thread.run(Thread.java:748)
Caused by: java.util.concurrent.TimeoutException
	at java.util.concurrent.CompletableFuture.timedGet(CompletableFuture.java:1771)
	at java.util.concurrent.CompletableFuture.get(CompletableFuture.java:1915)
	at org.apache.ratis.util.IOUtils.getFromFuture(IOUtils.java:79)
	... 4 more
2019-09-17 11:51:59,981 [ab50ed4d-57db-4f38-bd59-74c03932909c@group-012F5F91B630-SegmentedRaftLogWorker] WARN  segmented.SegmentedRaftLogWorker (SegmentedRaftLogWorker.java:getFromFuture(90)) - Timeout 1/~
org.apache.ratis.protocol.TimeoutIOException: Timeout 10s: WriteLog:33: (t:1, i:33), STATEMACHINELOGENTRY, client-CC55B186F28B, cid=71-writeStateMachineData
	at org.apache.ratis.util.IOUtils.getFromFuture(IOUtils.java:87)
	at org.apache.ratis.server.raftlog.segmented.SegmentedRaftLogWorker$StateMachineDataPolicy.getFromFuture(SegmentedRaftLogWorker.java:87)
	at org.apache.ratis.server.raftlog.segmented.SegmentedRaftLogWorker$WriteLog.execute(SegmentedRaftLogWorker.java:477)
	at org.apache.ratis.server.raftlog.segmented.SegmentedRaftLogWorker.run(SegmentedRaftLogWorker.java:289)
	at java.lang.Thread.run(Thread.java:748)
Caused by: java.util.concurrent.TimeoutException
	at java.util.concurrent.CompletableFuture.timedGet(CompletableFuture.java:1771)
	at java.util.concurrent.CompletableFuture.get(CompletableFuture.java:1915)
	at org.apache.ratis.util.IOUtils.getFromFuture(IOUtils.java:79)
	... 4 more
2019-09-17 11:51:59,998 [478df2fd-32fa-402c-a09a-4121263fb7de@group-012F5F91B630-SegmentedRaftLogWorker] WARN  segmented.SegmentedRaftLogWorker (SegmentedRaftLogWorker.java:getFromFuture(90)) - Timeout 1/~
org.apache.ratis.protocol.TimeoutIOException: Timeout 10s: WriteLog:33: (t:1, i:33), STATEMACHINELOGENTRY, client-CC55B186F28B, cid=71-writeStateMachineData
	at org.apache.ratis.util.IOUtils.getFromFuture(IOUtils.java:87)
	at org.apache.ratis.server.raftlog.segmented.SegmentedRaftLogWorker$StateMachineDataPolicy.getFromFuture(SegmentedRaftLogWorker.java:87)
	at org.apache.ratis.server.raftlog.segmented.SegmentedRaftLogWorker$WriteLog.execute(SegmentedRaftLogWorker.java:477)
	at org.apache.ratis.server.raftlog.segmented.SegmentedRaftLogWorker.run(SegmentedRaftLogWorker.java:289)
	at java.lang.Thread.run(Thread.java:748)
Caused by: java.util.concurrent.TimeoutException
	at java.util.concurrent.CompletableFuture.timedGet(CompletableFuture.java:1771)
	at java.util.concurrent.CompletableFuture.get(CompletableFuture.java:1915)
	at org.apache.ratis.util.IOUtils.getFromFuture(IOUtils.java:79)
	... 4 more
2019-09-17 11:52:00,013 [java.util.concurrent.ThreadPoolExecutor$Worker@260d162e[State = -1, empty queue]] WARN  server.GrpcLogAppender (GrpcLogAppender.java:timeoutAppendRequest(200)) - 166adff3-52d0-4f60-8e58-0e12ed96f4bf@group-012F5F91B630->478df2fd-32fa-402c-a09a-4121263fb7de-GrpcLogAppender: appendEntries Timeout, request=166adff3-52d0-4f60-8e58-0e12ed96f4bf->478df2fd-32fa-402c-a09a-4121263fb7de#164-t1, previous=(t:1, i:36), leaderCommit=32, initializing? false, entries: <empty>
2019-09-17 11:52:00,013 [java.util.concurrent.ThreadPoolExecutor$Worker@9b33cb9[State = -1, empty queue]] WARN  server.GrpcLogAppender (GrpcLogAppender.java:timeoutAppendRequest(200)) - 166adff3-52d0-4f60-8e58-0e12ed96f4bf@group-012F5F91B630->ab50ed4d-57db-4f38-bd59-74c03932909c-GrpcLogAppender: appendEntries Timeout, request=166adff3-52d0-4f60-8e58-0e12ed96f4bf->ab50ed4d-57db-4f38-bd59-74c03932909c#164-t1, previous=(t:1, i:36), leaderCommit=32, initializing? false, entries: <empty>
2019-09-17 11:52:00,163 [java.util.concurrent.ThreadPoolExecutor$Worker@5a9b47f8[State = -1, empty queue]] WARN  server.GrpcLogAppender (GrpcLogAppender.java:timeoutAppendRequest(200)) - ee155057-4acb-4f3f-9013-4bd3c5a101b6@group-B3F5A0A8BDBD->90cc32e6-bdd6-4f93-abb1-bc520dd025bc-GrpcLogAppender: appendEntries Timeout, request=ee155057-4acb-4f3f-9013-4bd3c5a101b6->90cc32e6-bdd6-4f93-abb1-bc520dd025bc#148-t2, previous=(t:2, i:20), leaderCommit=16, initializing? false, entries: <empty>
2019-09-17 11:52:00,163 [java.util.concurrent.ThreadPoolExecutor$Worker@3cd8d43b[State = -1, empty queue]] WARN  server.GrpcLogAppender (GrpcLogAppender.java:timeoutAppendRequest(200)) - ee155057-4acb-4f3f-9013-4bd3c5a101b6@group-B3F5A0A8BDBD->533f21c9-6148-4926-981b-3030ea271196-GrpcLogAppender: appendEntries Timeout, request=ee155057-4acb-4f3f-9013-4bd3c5a101b6->533f21c9-6148-4926-981b-3030ea271196#148-t2, previous=(t:2, i:20), leaderCommit=16, initializing? false, entries: <empty>
2019-09-17 11:52:00,503 [Thread-1468] INFO  impl.FollowerState (FollowerState.java:run(106)) - db5c95e9-dab2-4d3b-9775-2e3d4de03f2d:group-4033F378C501 changes to CANDIDATE, lastRpcTime:1109, electionTimeout:1109ms
2019-09-17 11:52:00,503 [Thread-1468] INFO  impl.RoleInfo (RoleInfo.java:shutdownFollowerState(121)) - db5c95e9-dab2-4d3b-9775-2e3d4de03f2d: shutdown FollowerState
2019-09-17 11:52:00,503 [Thread-1468] INFO  impl.RaftServerImpl (RaftServerImpl.java:setRole(174)) - db5c95e9-dab2-4d3b-9775-2e3d4de03f2d@group-4033F378C501: changes role from  FOLLOWER to CANDIDATE at term 27 for changeToCandidate
2019-09-17 11:52:00,504 [Thread-1468] INFO  impl.RoleInfo (RoleInfo.java:updateAndGet(143)) - db5c95e9-dab2-4d3b-9775-2e3d4de03f2d: start LeaderElection
2019-09-17 11:52:00,514 [java.util.concurrent.ThreadPoolExecutor$Worker@260d162e[State = -1, empty queue]] WARN  server.GrpcLogAppender (GrpcLogAppender.java:timeoutAppendRequest(200)) - 166adff3-52d0-4f60-8e58-0e12ed96f4bf@group-012F5F91B630->478df2fd-32fa-402c-a09a-4121263fb7de-GrpcLogAppender: appendEntries Timeout, request=166adff3-52d0-4f60-8e58-0e12ed96f4bf->478df2fd-32fa-402c-a09a-4121263fb7de#165-t1, previous=(t:1, i:36), leaderCommit=32, initializing? false, entries: <empty>
2019-09-17 11:52:00,514 [java.util.concurrent.ThreadPoolExecutor$Worker@9b33cb9[State = -1, empty queue]] WARN  server.GrpcLogAppender (GrpcLogAppender.java:timeoutAppendRequest(200)) - 166adff3-52d0-4f60-8e58-0e12ed96f4bf@group-012F5F91B630->ab50ed4d-57db-4f38-bd59-74c03932909c-GrpcLogAppender: appendEntries Timeout, request=166adff3-52d0-4f60-8e58-0e12ed96f4bf->ab50ed4d-57db-4f38-bd59-74c03932909c#165-t1, previous=(t:1, i:36), leaderCommit=32, initializing? false, entries: <empty>
2019-09-17 11:52:00,517 [db5c95e9-dab2-4d3b-9775-2e3d4de03f2d@group-4033F378C501:LeaderElection43] INFO  impl.LeaderElection (LeaderElection.java:askForVotes(182)) - db5c95e9-dab2-4d3b-9775-2e3d4de03f2d@group-4033F378C501:LeaderElection43: begin an election at term 28 for 0: [768e87e1-01a1-4abe-adbb-724fc729cfde:192.168.157.219:39557, 0efbdbeb-0caf-4be4-a340-f9adf92e227b:192.168.157.219:42903, db5c95e9-dab2-4d3b-9775-2e3d4de03f2d:192.168.157.219:43472], old=null
2019-09-17 11:52:00,519 [db5c95e9-dab2-4d3b-9775-2e3d4de03f2d@group-4033F378C501:LeaderElection43] INFO  impl.LeaderElection (LogUtils.java:infoOrTrace(149)) - db5c95e9-dab2-4d3b-9775-2e3d4de03f2d@group-4033F378C501:LeaderElection43 got exception when requesting votes: {}
java.util.concurrent.ExecutionException: org.apache.ratis.thirdparty.io.grpc.StatusRuntimeException: UNAVAILABLE: io exception
	at java.util.concurrent.FutureTask.report(FutureTask.java:122)
	at java.util.concurrent.FutureTask.get(FutureTask.java:192)
	at org.apache.ratis.server.impl.LeaderElection.waitForResults(LeaderElection.java:263)
	at org.apache.ratis.server.impl.LeaderElection.askForVotes(LeaderElection.java:201)
	at org.apache.ratis.server.impl.LeaderElection.run(LeaderElection.java:133)
	at java.lang.Thread.run(Thread.java:748)
Caused by: org.apache.ratis.thirdparty.io.grpc.StatusRuntimeException: UNAVAILABLE: io exception
	at org.apache.ratis.thirdparty.io.grpc.stub.ClientCalls.toStatusRuntimeException(ClientCalls.java:233)
	at org.apache.ratis.thirdparty.io.grpc.stub.ClientCalls.getUnchecked(ClientCalls.java:214)
	at org.apache.ratis.thirdparty.io.grpc.stub.ClientCalls.blockingUnaryCall(ClientCalls.java:139)
	at org.apache.ratis.proto.grpc.RaftServerProtocolServiceGrpc$RaftServerProtocolServiceBlockingStub.requestVote(RaftServerProtocolServiceGrpc.java:265)
	at org.apache.ratis.grpc.server.GrpcServerProtocolClient.requestVote(GrpcServerProtocolClient.java:90)
	at org.apache.ratis.grpc.server.GrpcService.requestVote(GrpcService.java:204)
	at org.apache.ratis.server.impl.LeaderElection.lambda$submitRequests$1(LeaderElection.java:238)
	at java.util.concurrent.FutureTask.run(FutureTask.java:266)
	at java.util.concurrent.Executors$RunnableAdapter.call(Executors.java:511)
	at java.util.concurrent.FutureTask.run(FutureTask.java:266)
	at java.util.concurrent.ThreadPoolExecutor.runWorker(ThreadPoolExecutor.java:1149)
	at java.util.concurrent.ThreadPoolExecutor$Worker.run(ThreadPoolExecutor.java:624)
	... 1 more
Caused by: org.apache.ratis.thirdparty.io.netty.channel.AbstractChannel$AnnotatedConnectException: Connection refused: /192.168.157.219:39557
	at sun.nio.ch.SocketChannelImpl.checkConnect(Native Method)
	at sun.nio.ch.SocketChannelImpl.finishConnect(SocketChannelImpl.java:717)
	at org.apache.ratis.thirdparty.io.netty.channel.socket.nio.NioSocketChannel.doFinishConnect(NioSocketChannel.java:327)
	at org.apache.ratis.thirdparty.io.netty.channel.nio.AbstractNioChannel$AbstractNioUnsafe.finishConnect(AbstractNioChannel.java:340)
	at org.apache.ratis.thirdparty.io.netty.channel.nio.NioEventLoop.processSelectedKey(NioEventLoop.java:632)
	at org.apache.ratis.thirdparty.io.netty.channel.nio.NioEventLoop.processSelectedKeysOptimized(NioEventLoop.java:579)
	at org.apache.ratis.thirdparty.io.netty.channel.nio.NioEventLoop.processSelectedKeys(NioEventLoop.java:496)
	at org.apache.ratis.thirdparty.io.netty.channel.nio.NioEventLoop.run(NioEventLoop.java:458)
	at org.apache.ratis.thirdparty.io.netty.util.concurrent.SingleThreadEventExecutor$5.run(SingleThreadEventExecutor.java:897)
	at org.apache.ratis.thirdparty.io.netty.util.concurrent.FastThreadLocalRunnable.run(FastThreadLocalRunnable.java:30)
	... 1 more
Caused by: java.net.ConnectException: Connection refused
	... 11 more
2019-09-17 11:52:00,519 [db5c95e9-dab2-4d3b-9775-2e3d4de03f2d@group-4033F378C501:LeaderElection43] INFO  impl.LeaderElection (LogUtils.java:infoOrTrace(149)) - db5c95e9-dab2-4d3b-9775-2e3d4de03f2d@group-4033F378C501:LeaderElection43 got exception when requesting votes: {}
java.util.concurrent.ExecutionException: org.apache.ratis.thirdparty.io.grpc.StatusRuntimeException: UNAVAILABLE: io exception
	at java.util.concurrent.FutureTask.report(FutureTask.java:122)
	at java.util.concurrent.FutureTask.get(FutureTask.java:192)
	at org.apache.ratis.server.impl.LeaderElection.waitForResults(LeaderElection.java:263)
	at org.apache.ratis.server.impl.LeaderElection.askForVotes(LeaderElection.java:201)
	at org.apache.ratis.server.impl.LeaderElection.run(LeaderElection.java:133)
	at java.lang.Thread.run(Thread.java:748)
Caused by: org.apache.ratis.thirdparty.io.grpc.StatusRuntimeException: UNAVAILABLE: io exception
	at org.apache.ratis.thirdparty.io.grpc.stub.ClientCalls.toStatusRuntimeException(ClientCalls.java:233)
	at org.apache.ratis.thirdparty.io.grpc.stub.ClientCalls.getUnchecked(ClientCalls.java:214)
	at org.apache.ratis.thirdparty.io.grpc.stub.ClientCalls.blockingUnaryCall(ClientCalls.java:139)
	at org.apache.ratis.proto.grpc.RaftServerProtocolServiceGrpc$RaftServerProtocolServiceBlockingStub.requestVote(RaftServerProtocolServiceGrpc.java:265)
	at org.apache.ratis.grpc.server.GrpcServerProtocolClient.requestVote(GrpcServerProtocolClient.java:90)
	at org.apache.ratis.grpc.server.GrpcService.requestVote(GrpcService.java:204)
	at org.apache.ratis.server.impl.LeaderElection.lambda$submitRequests$1(LeaderElection.java:238)
	at java.util.concurrent.FutureTask.run(FutureTask.java:266)
	at java.util.concurrent.Executors$RunnableAdapter.call(Executors.java:511)
	at java.util.concurrent.FutureTask.run(FutureTask.java:266)
	at java.util.concurrent.ThreadPoolExecutor.runWorker(ThreadPoolExecutor.java:1149)
	at java.util.concurrent.ThreadPoolExecutor$Worker.run(ThreadPoolExecutor.java:624)
	... 1 more
Caused by: org.apache.ratis.thirdparty.io.netty.channel.AbstractChannel$AnnotatedConnectException: Connection refused: /192.168.157.219:42903
	at sun.nio.ch.SocketChannelImpl.checkConnect(Native Method)
	at sun.nio.ch.SocketChannelImpl.finishConnect(SocketChannelImpl.java:717)
	at org.apache.ratis.thirdparty.io.netty.channel.socket.nio.NioSocketChannel.doFinishConnect(NioSocketChannel.java:327)
	at org.apache.ratis.thirdparty.io.netty.channel.nio.AbstractNioChannel$AbstractNioUnsafe.finishConnect(AbstractNioChannel.java:340)
	at org.apache.ratis.thirdparty.io.netty.channel.nio.NioEventLoop.processSelectedKey(NioEventLoop.java:632)
	at org.apache.ratis.thirdparty.io.netty.channel.nio.NioEventLoop.processSelectedKeysOptimized(NioEventLoop.java:579)
	at org.apache.ratis.thirdparty.io.netty.channel.nio.NioEventLoop.processSelectedKeys(NioEventLoop.java:496)
	at org.apache.ratis.thirdparty.io.netty.channel.nio.NioEventLoop.run(NioEventLoop.java:458)
	at org.apache.ratis.thirdparty.io.netty.util.concurrent.SingleThreadEventExecutor$5.run(SingleThreadEventExecutor.java:897)
	at org.apache.ratis.thirdparty.io.netty.util.concurrent.FastThreadLocalRunnable.run(FastThreadLocalRunnable.java:30)
	... 1 more
Caused by: java.net.ConnectException: Connection refused
	... 11 more
2019-09-17 11:52:00,520 [db5c95e9-dab2-4d3b-9775-2e3d4de03f2d@group-4033F378C501:LeaderElection43] INFO  impl.LeaderElection (LeaderElection.java:logAndReturn(56)) - db5c95e9-dab2-4d3b-9775-2e3d4de03f2d@group-4033F378C501:LeaderElection43: Election REJECTED; received 0 response(s) [] and 2 exception(s); db5c95e9-dab2-4d3b-9775-2e3d4de03f2d@group-4033F378C501:t28, leader=null, voted=db5c95e9-dab2-4d3b-9775-2e3d4de03f2d, raftlog=db5c95e9-dab2-4d3b-9775-2e3d4de03f2d@group-4033F378C501-SegmentedRaftLog:OPENED:c28,f28,i28, conf=0: [768e87e1-01a1-4abe-adbb-724fc729cfde:192.168.157.219:39557, 0efbdbeb-0caf-4be4-a340-f9adf92e227b:192.168.157.219:42903, db5c95e9-dab2-4d3b-9775-2e3d4de03f2d:192.168.157.219:43472], old=null
2019-09-17 11:52:00,520 [db5c95e9-dab2-4d3b-9775-2e3d4de03f2d@group-4033F378C501:LeaderElection43] INFO  impl.LeaderElection (LogUtils.java:infoOrTrace(149)) -   Exception 0: {}
java.util.concurrent.ExecutionException: org.apache.ratis.thirdparty.io.grpc.StatusRuntimeException: UNAVAILABLE: io exception
	at java.util.concurrent.FutureTask.report(FutureTask.java:122)
	at java.util.concurrent.FutureTask.get(FutureTask.java:192)
	at org.apache.ratis.server.impl.LeaderElection.waitForResults(LeaderElection.java:263)
	at org.apache.ratis.server.impl.LeaderElection.askForVotes(LeaderElection.java:201)
	at org.apache.ratis.server.impl.LeaderElection.run(LeaderElection.java:133)
	at java.lang.Thread.run(Thread.java:748)
Caused by: org.apache.ratis.thirdparty.io.grpc.StatusRuntimeException: UNAVAILABLE: io exception
	at org.apache.ratis.thirdparty.io.grpc.stub.ClientCalls.toStatusRuntimeException(ClientCalls.java:233)
	at org.apache.ratis.thirdparty.io.grpc.stub.ClientCalls.getUnchecked(ClientCalls.java:214)
	at org.apache.ratis.thirdparty.io.grpc.stub.ClientCalls.blockingUnaryCall(ClientCalls.java:139)
	at org.apache.ratis.proto.grpc.RaftServerProtocolServiceGrpc$RaftServerProtocolServiceBlockingStub.requestVote(RaftServerProtocolServiceGrpc.java:265)
	at org.apache.ratis.grpc.server.GrpcServerProtocolClient.requestVote(GrpcServerProtocolClient.java:90)
	at org.apache.ratis.grpc.server.GrpcService.requestVote(GrpcService.java:204)
	at org.apache.ratis.server.impl.LeaderElection.lambda$submitRequests$1(LeaderElection.java:238)
	at java.util.concurrent.FutureTask.run(FutureTask.java:266)
	at java.util.concurrent.Executors$RunnableAdapter.call(Executors.java:511)
	at java.util.concurrent.FutureTask.run(FutureTask.java:266)
	at java.util.concurrent.ThreadPoolExecutor.runWorker(ThreadPoolExecutor.java:1149)
	at java.util.concurrent.ThreadPoolExecutor$Worker.run(ThreadPoolExecutor.java:624)
	... 1 more
Caused by: org.apache.ratis.thirdparty.io.netty.channel.AbstractChannel$AnnotatedConnectException: Connection refused: /192.168.157.219:39557
	at sun.nio.ch.SocketChannelImpl.checkConnect(Native Method)
	at sun.nio.ch.SocketChannelImpl.finishConnect(SocketChannelImpl.java:717)
	at org.apache.ratis.thirdparty.io.netty.channel.socket.nio.NioSocketChannel.doFinishConnect(NioSocketChannel.java:327)
	at org.apache.ratis.thirdparty.io.netty.channel.nio.AbstractNioChannel$AbstractNioUnsafe.finishConnect(AbstractNioChannel.java:340)
	at org.apache.ratis.thirdparty.io.netty.channel.nio.NioEventLoop.processSelectedKey(NioEventLoop.java:632)
	at org.apache.ratis.thirdparty.io.netty.channel.nio.NioEventLoop.processSelectedKeysOptimized(NioEventLoop.java:579)
	at org.apache.ratis.thirdparty.io.netty.channel.nio.NioEventLoop.processSelectedKeys(NioEventLoop.java:496)
	at org.apache.ratis.thirdparty.io.netty.channel.nio.NioEventLoop.run(NioEventLoop.java:458)
	at org.apache.ratis.thirdparty.io.netty.util.concurrent.SingleThreadEventExecutor$5.run(SingleThreadEventExecutor.java:897)
	at org.apache.ratis.thirdparty.io.netty.util.concurrent.FastThreadLocalRunnable.run(FastThreadLocalRunnable.java:30)
	... 1 more
Caused by: java.net.ConnectException: Connection refused
	... 11 more
2019-09-17 11:52:00,520 [db5c95e9-dab2-4d3b-9775-2e3d4de03f2d@group-4033F378C501:LeaderElection43] INFO  impl.LeaderElection (LogUtils.java:infoOrTrace(149)) -   Exception 1: {}
java.util.concurrent.ExecutionException: org.apache.ratis.thirdparty.io.grpc.StatusRuntimeException: UNAVAILABLE: io exception
	at java.util.concurrent.FutureTask.report(FutureTask.java:122)
	at java.util.concurrent.FutureTask.get(FutureTask.java:192)
	at org.apache.ratis.server.impl.LeaderElection.waitForResults(LeaderElection.java:263)
	at org.apache.ratis.server.impl.LeaderElection.askForVotes(LeaderElection.java:201)
	at org.apache.ratis.server.impl.LeaderElection.run(LeaderElection.java:133)
	at java.lang.Thread.run(Thread.java:748)
Caused by: org.apache.ratis.thirdparty.io.grpc.StatusRuntimeException: UNAVAILABLE: io exception
	at org.apache.ratis.thirdparty.io.grpc.stub.ClientCalls.toStatusRuntimeException(ClientCalls.java:233)
	at org.apache.ratis.thirdparty.io.grpc.stub.ClientCalls.getUnchecked(ClientCalls.java:214)
	at org.apache.ratis.thirdparty.io.grpc.stub.ClientCalls.blockingUnaryCall(ClientCalls.java:139)
	at org.apache.ratis.proto.grpc.RaftServerProtocolServiceGrpc$RaftServerProtocolServiceBlockingStub.requestVote(RaftServerProtocolServiceGrpc.java:265)
	at org.apache.ratis.grpc.server.GrpcServerProtocolClient.requestVote(GrpcServerProtocolClient.java:90)
	at org.apache.ratis.grpc.server.GrpcService.requestVote(GrpcService.java:204)
	at org.apache.ratis.server.impl.LeaderElection.lambda$submitRequests$1(LeaderElection.java:238)
	at java.util.concurrent.FutureTask.run(FutureTask.java:266)
	at java.util.concurrent.Executors$RunnableAdapter.call(Executors.java:511)
	at java.util.concurrent.FutureTask.run(FutureTask.java:266)
	at java.util.concurrent.ThreadPoolExecutor.runWorker(ThreadPoolExecutor.java:1149)
	at java.util.concurrent.ThreadPoolExecutor$Worker.run(ThreadPoolExecutor.java:624)
	... 1 more
Caused by: org.apache.ratis.thirdparty.io.netty.channel.AbstractChannel$AnnotatedConnectException: Connection refused: /192.168.157.219:42903
	at sun.nio.ch.SocketChannelImpl.checkConnect(Native Method)
	at sun.nio.ch.SocketChannelImpl.finishConnect(SocketChannelImpl.java:717)
	at org.apache.ratis.thirdparty.io.netty.channel.socket.nio.NioSocketChannel.doFinishConnect(NioSocketChannel.java:327)
	at org.apache.ratis.thirdparty.io.netty.channel.nio.AbstractNioChannel$AbstractNioUnsafe.finishConnect(AbstractNioChannel.java:340)
	at org.apache.ratis.thirdparty.io.netty.channel.nio.NioEventLoop.processSelectedKey(NioEventLoop.java:632)
	at org.apache.ratis.thirdparty.io.netty.channel.nio.NioEventLoop.processSelectedKeysOptimized(NioEventLoop.java:579)
	at org.apache.ratis.thirdparty.io.netty.channel.nio.NioEventLoop.processSelectedKeys(NioEventLoop.java:496)
	at org.apache.ratis.thirdparty.io.netty.channel.nio.NioEventLoop.run(NioEventLoop.java:458)
	at org.apache.ratis.thirdparty.io.netty.util.concurrent.SingleThreadEventExecutor$5.run(SingleThreadEventExecutor.java:897)
	at org.apache.ratis.thirdparty.io.netty.util.concurrent.FastThreadLocalRunnable.run(FastThreadLocalRunnable.java:30)
	... 1 more
Caused by: java.net.ConnectException: Connection refused
	... 11 more
2019-09-17 11:52:00,521 [db5c95e9-dab2-4d3b-9775-2e3d4de03f2d@group-4033F378C501:LeaderElection43] INFO  impl.RaftServerImpl (RaftServerImpl.java:setRole(174)) - db5c95e9-dab2-4d3b-9775-2e3d4de03f2d@group-4033F378C501: changes role from CANDIDATE to FOLLOWER at term 28 for DISCOVERED_A_NEW_TERM
2019-09-17 11:52:00,521 [db5c95e9-dab2-4d3b-9775-2e3d4de03f2d@group-4033F378C501:LeaderElection43] INFO  impl.RoleInfo (RoleInfo.java:shutdownLeaderElection(134)) - db5c95e9-dab2-4d3b-9775-2e3d4de03f2d: shutdown LeaderElection
2019-09-17 11:52:00,521 [db5c95e9-dab2-4d3b-9775-2e3d4de03f2d@group-4033F378C501:LeaderElection43] INFO  impl.RoleInfo (RoleInfo.java:updateAndGet(143)) - db5c95e9-dab2-4d3b-9775-2e3d4de03f2d: start FollowerState
2019-09-17 11:52:00,663 [java.util.concurrent.ThreadPoolExecutor$Worker@5a9b47f8[State = -1, empty queue]] WARN  server.GrpcLogAppender (GrpcLogAppender.java:timeoutAppendRequest(200)) - ee155057-4acb-4f3f-9013-4bd3c5a101b6@group-B3F5A0A8BDBD->90cc32e6-bdd6-4f93-abb1-bc520dd025bc-GrpcLogAppender: appendEntries Timeout, request=ee155057-4acb-4f3f-9013-4bd3c5a101b6->90cc32e6-bdd6-4f93-abb1-bc520dd025bc#149-t2, previous=(t:2, i:20), leaderCommit=16, initializing? false, entries: <empty>
2019-09-17 11:52:00,663 [java.util.concurrent.ThreadPoolExecutor$Worker@3cd8d43b[State = -1, empty queue]] WARN  server.GrpcLogAppender (GrpcLogAppender.java:timeoutAppendRequest(200)) - ee155057-4acb-4f3f-9013-4bd3c5a101b6@group-B3F5A0A8BDBD->533f21c9-6148-4926-981b-3030ea271196-GrpcLogAppender: appendEntries Timeout, request=ee155057-4acb-4f3f-9013-4bd3c5a101b6->533f21c9-6148-4926-981b-3030ea271196#149-t2, previous=(t:2, i:20), leaderCommit=16, initializing? false, entries: <empty>
2019-09-17 11:52:01,014 [java.util.concurrent.ThreadPoolExecutor$Worker@260d162e[State = -1, empty queue]] WARN  server.GrpcLogAppender (GrpcLogAppender.java:timeoutAppendRequest(200)) - 166adff3-52d0-4f60-8e58-0e12ed96f4bf@group-012F5F91B630->478df2fd-32fa-402c-a09a-4121263fb7de-GrpcLogAppender: appendEntries Timeout, request=166adff3-52d0-4f60-8e58-0e12ed96f4bf->478df2fd-32fa-402c-a09a-4121263fb7de#166-t1, previous=(t:1, i:36), leaderCommit=32, initializing? false, entries: <empty>
2019-09-17 11:52:01,014 [java.util.concurrent.ThreadPoolExecutor$Worker@9b33cb9[State = -1, empty queue]] WARN  server.GrpcLogAppender (GrpcLogAppender.java:timeoutAppendRequest(200)) - 166adff3-52d0-4f60-8e58-0e12ed96f4bf@group-012F5F91B630->ab50ed4d-57db-4f38-bd59-74c03932909c-GrpcLogAppender: appendEntries Timeout, request=166adff3-52d0-4f60-8e58-0e12ed96f4bf->ab50ed4d-57db-4f38-bd59-74c03932909c#166-t1, previous=(t:1, i:36), leaderCommit=32, initializing? false, entries: <empty>
2019-09-17 11:52:01,164 [java.util.concurrent.ThreadPoolExecutor$Worker@3cd8d43b[State = -1, empty queue]] WARN  server.GrpcLogAppender (GrpcLogAppender.java:timeoutAppendRequest(200)) - ee155057-4acb-4f3f-9013-4bd3c5a101b6@group-B3F5A0A8BDBD->533f21c9-6148-4926-981b-3030ea271196-GrpcLogAppender: appendEntries Timeout, request=ee155057-4acb-4f3f-9013-4bd3c5a101b6->533f21c9-6148-4926-981b-3030ea271196#150-t2, previous=(t:2, i:20), leaderCommit=16, initializing? false, entries: <empty>
2019-09-17 11:52:01,164 [java.util.concurrent.ThreadPoolExecutor$Worker@5a9b47f8[State = -1, empty queue]] WARN  server.GrpcLogAppender (GrpcLogAppender.java:timeoutAppendRequest(200)) - ee155057-4acb-4f3f-9013-4bd3c5a101b6@group-B3F5A0A8BDBD->90cc32e6-bdd6-4f93-abb1-bc520dd025bc-GrpcLogAppender: appendEntries Timeout, request=ee155057-4acb-4f3f-9013-4bd3c5a101b6->90cc32e6-bdd6-4f93-abb1-bc520dd025bc#150-t2, previous=(t:2, i:20), leaderCommit=16, initializing? false, entries: <empty>
2019-09-17 11:52:01,514 [java.util.concurrent.ThreadPoolExecutor$Worker@260d162e[State = -1, empty queue]] WARN  server.GrpcLogAppender (GrpcLogAppender.java:timeoutAppendRequest(200)) - 166adff3-52d0-4f60-8e58-0e12ed96f4bf@group-012F5F91B630->478df2fd-32fa-402c-a09a-4121263fb7de-GrpcLogAppender: appendEntries Timeout, request=166adff3-52d0-4f60-8e58-0e12ed96f4bf->478df2fd-32fa-402c-a09a-4121263fb7de#167-t1, previous=(t:1, i:36), leaderCommit=32, initializing? false, entries: <empty>
2019-09-17 11:52:01,514 [java.util.concurrent.ThreadPoolExecutor$Worker@9b33cb9[State = -1, empty queue]] WARN  server.GrpcLogAppender (GrpcLogAppender.java:timeoutAppendRequest(200)) - 166adff3-52d0-4f60-8e58-0e12ed96f4bf@group-012F5F91B630->ab50ed4d-57db-4f38-bd59-74c03932909c-GrpcLogAppender: appendEntries Timeout, request=166adff3-52d0-4f60-8e58-0e12ed96f4bf->ab50ed4d-57db-4f38-bd59-74c03932909c#167-t1, previous=(t:1, i:36), leaderCommit=32, initializing? false, entries: <empty>
2019-09-17 11:52:01,660 [Thread-1482] INFO  impl.FollowerState (FollowerState.java:run(106)) - db5c95e9-dab2-4d3b-9775-2e3d4de03f2d:group-4033F378C501 changes to CANDIDATE, lastRpcTime:1138, electionTimeout:1138ms
2019-09-17 11:52:01,660 [Thread-1482] INFO  impl.RoleInfo (RoleInfo.java:shutdownFollowerState(121)) - db5c95e9-dab2-4d3b-9775-2e3d4de03f2d: shutdown FollowerState
2019-09-17 11:52:01,660 [Thread-1482] INFO  impl.RaftServerImpl (RaftServerImpl.java:setRole(174)) - db5c95e9-dab2-4d3b-9775-2e3d4de03f2d@group-4033F378C501: changes role from  FOLLOWER to CANDIDATE at term 28 for changeToCandidate
2019-09-17 11:52:01,661 [Thread-1482] INFO  impl.RoleInfo (RoleInfo.java:updateAndGet(143)) - db5c95e9-dab2-4d3b-9775-2e3d4de03f2d: start LeaderElection
2019-09-17 11:52:01,665 [java.util.concurrent.ThreadPoolExecutor$Worker@5a9b47f8[State = -1, empty queue]] WARN  server.GrpcLogAppender (GrpcLogAppender.java:timeoutAppendRequest(200)) - ee155057-4acb-4f3f-9013-4bd3c5a101b6@group-B3F5A0A8BDBD->90cc32e6-bdd6-4f93-abb1-bc520dd025bc-GrpcLogAppender: appendEntries Timeout, request=ee155057-4acb-4f3f-9013-4bd3c5a101b6->90cc32e6-bdd6-4f93-abb1-bc520dd025bc#151-t2, previous=(t:2, i:20), leaderCommit=16, initializing? false, entries: <empty>
2019-09-17 11:52:01,665 [java.util.concurrent.ThreadPoolExecutor$Worker@3cd8d43b[State = -1, empty queue]] WARN  server.GrpcLogAppender (GrpcLogAppender.java:timeoutAppendRequest(200)) - ee155057-4acb-4f3f-9013-4bd3c5a101b6@group-B3F5A0A8BDBD->533f21c9-6148-4926-981b-3030ea271196-GrpcLogAppender: appendEntries Timeout, request=ee155057-4acb-4f3f-9013-4bd3c5a101b6->533f21c9-6148-4926-981b-3030ea271196#151-t2, previous=(t:2, i:20), leaderCommit=16, initializing? false, entries: <empty>
2019-09-17 11:52:01,678 [db5c95e9-dab2-4d3b-9775-2e3d4de03f2d@group-4033F378C501:LeaderElection44] INFO  impl.LeaderElection (LeaderElection.java:askForVotes(182)) - db5c95e9-dab2-4d3b-9775-2e3d4de03f2d@group-4033F378C501:LeaderElection44: begin an election at term 29 for 0: [768e87e1-01a1-4abe-adbb-724fc729cfde:192.168.157.219:39557, 0efbdbeb-0caf-4be4-a340-f9adf92e227b:192.168.157.219:42903, db5c95e9-dab2-4d3b-9775-2e3d4de03f2d:192.168.157.219:43472], old=null
2019-09-17 11:52:01,679 [db5c95e9-dab2-4d3b-9775-2e3d4de03f2d@group-4033F378C501:LeaderElection44] INFO  impl.LeaderElection (LogUtils.java:infoOrTrace(149)) - db5c95e9-dab2-4d3b-9775-2e3d4de03f2d@group-4033F378C501:LeaderElection44 got exception when requesting votes: {}
java.util.concurrent.ExecutionException: org.apache.ratis.thirdparty.io.grpc.StatusRuntimeException: UNAVAILABLE: io exception
	at java.util.concurrent.FutureTask.report(FutureTask.java:122)
	at java.util.concurrent.FutureTask.get(FutureTask.java:192)
	at org.apache.ratis.server.impl.LeaderElection.waitForResults(LeaderElection.java:263)
	at org.apache.ratis.server.impl.LeaderElection.askForVotes(LeaderElection.java:201)
	at org.apache.ratis.server.impl.LeaderElection.run(LeaderElection.java:133)
	at java.lang.Thread.run(Thread.java:748)
Caused by: org.apache.ratis.thirdparty.io.grpc.StatusRuntimeException: UNAVAILABLE: io exception
	at org.apache.ratis.thirdparty.io.grpc.stub.ClientCalls.toStatusRuntimeException(ClientCalls.java:233)
	at org.apache.ratis.thirdparty.io.grpc.stub.ClientCalls.getUnchecked(ClientCalls.java:214)
	at org.apache.ratis.thirdparty.io.grpc.stub.ClientCalls.blockingUnaryCall(ClientCalls.java:139)
	at org.apache.ratis.proto.grpc.RaftServerProtocolServiceGrpc$RaftServerProtocolServiceBlockingStub.requestVote(RaftServerProtocolServiceGrpc.java:265)
	at org.apache.ratis.grpc.server.GrpcServerProtocolClient.requestVote(GrpcServerProtocolClient.java:90)
	at org.apache.ratis.grpc.server.GrpcService.requestVote(GrpcService.java:204)
	at org.apache.ratis.server.impl.LeaderElection.lambda$submitRequests$1(LeaderElection.java:238)
	at java.util.concurrent.FutureTask.run(FutureTask.java:266)
	at java.util.concurrent.Executors$RunnableAdapter.call(Executors.java:511)
	at java.util.concurrent.FutureTask.run(FutureTask.java:266)
	at java.util.concurrent.ThreadPoolExecutor.runWorker(ThreadPoolExecutor.java:1149)
	at java.util.concurrent.ThreadPoolExecutor$Worker.run(ThreadPoolExecutor.java:624)
	... 1 more
Caused by: org.apache.ratis.thirdparty.io.netty.channel.AbstractChannel$AnnotatedConnectException: Connection refused: /192.168.157.219:42903
	at sun.nio.ch.SocketChannelImpl.checkConnect(Native Method)
	at sun.nio.ch.SocketChannelImpl.finishConnect(SocketChannelImpl.java:717)
	at org.apache.ratis.thirdparty.io.netty.channel.socket.nio.NioSocketChannel.doFinishConnect(NioSocketChannel.java:327)
	at org.apache.ratis.thirdparty.io.netty.channel.nio.AbstractNioChannel$AbstractNioUnsafe.finishConnect(AbstractNioChannel.java:340)
	at org.apache.ratis.thirdparty.io.netty.channel.nio.NioEventLoop.processSelectedKey(NioEventLoop.java:632)
	at org.apache.ratis.thirdparty.io.netty.channel.nio.NioEventLoop.processSelectedKeysOptimized(NioEventLoop.java:579)
	at org.apache.ratis.thirdparty.io.netty.channel.nio.NioEventLoop.processSelectedKeys(NioEventLoop.java:496)
	at org.apache.ratis.thirdparty.io.netty.channel.nio.NioEventLoop.run(NioEventLoop.java:458)
	at org.apache.ratis.thirdparty.io.netty.util.concurrent.SingleThreadEventExecutor$5.run(SingleThreadEventExecutor.java:897)
	at org.apache.ratis.thirdparty.io.netty.util.concurrent.FastThreadLocalRunnable.run(FastThreadLocalRunnable.java:30)
	... 1 more
Caused by: java.net.ConnectException: Connection refused
	... 11 more
2019-09-17 11:52:01,680 [db5c95e9-dab2-4d3b-9775-2e3d4de03f2d@group-4033F378C501:LeaderElection44] INFO  impl.LeaderElection (LogUtils.java:infoOrTrace(149)) - db5c95e9-dab2-4d3b-9775-2e3d4de03f2d@group-4033F378C501:LeaderElection44 got exception when requesting votes: {}
java.util.concurrent.ExecutionException: org.apache.ratis.thirdparty.io.grpc.StatusRuntimeException: UNAVAILABLE: io exception
	at java.util.concurrent.FutureTask.report(FutureTask.java:122)
	at java.util.concurrent.FutureTask.get(FutureTask.java:192)
	at org.apache.ratis.server.impl.LeaderElection.waitForResults(LeaderElection.java:263)
	at org.apache.ratis.server.impl.LeaderElection.askForVotes(LeaderElection.java:201)
	at org.apache.ratis.server.impl.LeaderElection.run(LeaderElection.java:133)
	at java.lang.Thread.run(Thread.java:748)
Caused by: org.apache.ratis.thirdparty.io.grpc.StatusRuntimeException: UNAVAILABLE: io exception
	at org.apache.ratis.thirdparty.io.grpc.stub.ClientCalls.toStatusRuntimeException(ClientCalls.java:233)
	at org.apache.ratis.thirdparty.io.grpc.stub.ClientCalls.getUnchecked(ClientCalls.java:214)
	at org.apache.ratis.thirdparty.io.grpc.stub.ClientCalls.blockingUnaryCall(ClientCalls.java:139)
	at org.apache.ratis.proto.grpc.RaftServerProtocolServiceGrpc$RaftServerProtocolServiceBlockingStub.requestVote(RaftServerProtocolServiceGrpc.java:265)
	at org.apache.ratis.grpc.server.GrpcServerProtocolClient.requestVote(GrpcServerProtocolClient.java:90)
	at org.apache.ratis.grpc.server.GrpcService.requestVote(GrpcService.java:204)
	at org.apache.ratis.server.impl.LeaderElection.lambda$submitRequests$1(LeaderElection.java:238)
	at java.util.concurrent.FutureTask.run(FutureTask.java:266)
	at java.util.concurrent.Executors$RunnableAdapter.call(Executors.java:511)
	at java.util.concurrent.FutureTask.run(FutureTask.java:266)
	at java.util.concurrent.ThreadPoolExecutor.runWorker(ThreadPoolExecutor.java:1149)
	at java.util.concurrent.ThreadPoolExecutor$Worker.run(ThreadPoolExecutor.java:624)
	... 1 more
Caused by: org.apache.ratis.thirdparty.io.netty.channel.AbstractChannel$AnnotatedConnectException: Connection refused: /192.168.157.219:39557
	at sun.nio.ch.SocketChannelImpl.checkConnect(Native Method)
	at sun.nio.ch.SocketChannelImpl.finishConnect(SocketChannelImpl.java:717)
	at org.apache.ratis.thirdparty.io.netty.channel.socket.nio.NioSocketChannel.doFinishConnect(NioSocketChannel.java:327)
	at org.apache.ratis.thirdparty.io.netty.channel.nio.AbstractNioChannel$AbstractNioUnsafe.finishConnect(AbstractNioChannel.java:340)
	at org.apache.ratis.thirdparty.io.netty.channel.nio.NioEventLoop.processSelectedKey(NioEventLoop.java:632)
	at org.apache.ratis.thirdparty.io.netty.channel.nio.NioEventLoop.processSelectedKeysOptimized(NioEventLoop.java:579)
	at org.apache.ratis.thirdparty.io.netty.channel.nio.NioEventLoop.processSelectedKeys(NioEventLoop.java:496)
	at org.apache.ratis.thirdparty.io.netty.channel.nio.NioEventLoop.run(NioEventLoop.java:458)
	at org.apache.ratis.thirdparty.io.netty.util.concurrent.SingleThreadEventExecutor$5.run(SingleThreadEventExecutor.java:897)
	at org.apache.ratis.thirdparty.io.netty.util.concurrent.FastThreadLocalRunnable.run(FastThreadLocalRunnable.java:30)
	... 1 more
Caused by: java.net.ConnectException: Connection refused
	... 11 more
2019-09-17 11:52:01,681 [db5c95e9-dab2-4d3b-9775-2e3d4de03f2d@group-4033F378C501:LeaderElection44] INFO  impl.LeaderElection (LeaderElection.java:logAndReturn(56)) - db5c95e9-dab2-4d3b-9775-2e3d4de03f2d@group-4033F378C501:LeaderElection44: Election REJECTED; received 0 response(s) [] and 2 exception(s); db5c95e9-dab2-4d3b-9775-2e3d4de03f2d@group-4033F378C501:t29, leader=null, voted=db5c95e9-dab2-4d3b-9775-2e3d4de03f2d, raftlog=db5c95e9-dab2-4d3b-9775-2e3d4de03f2d@group-4033F378C501-SegmentedRaftLog:OPENED:c28,f28,i28, conf=0: [768e87e1-01a1-4abe-adbb-724fc729cfde:192.168.157.219:39557, 0efbdbeb-0caf-4be4-a340-f9adf92e227b:192.168.157.219:42903, db5c95e9-dab2-4d3b-9775-2e3d4de03f2d:192.168.157.219:43472], old=null
2019-09-17 11:52:01,681 [db5c95e9-dab2-4d3b-9775-2e3d4de03f2d@group-4033F378C501:LeaderElection44] INFO  impl.LeaderElection (LogUtils.java:infoOrTrace(149)) -   Exception 0: {}
java.util.concurrent.ExecutionException: org.apache.ratis.thirdparty.io.grpc.StatusRuntimeException: UNAVAILABLE: io exception
	at java.util.concurrent.FutureTask.report(FutureTask.java:122)
	at java.util.concurrent.FutureTask.get(FutureTask.java:192)
	at org.apache.ratis.server.impl.LeaderElection.waitForResults(LeaderElection.java:263)
	at org.apache.ratis.server.impl.LeaderElection.askForVotes(LeaderElection.java:201)
	at org.apache.ratis.server.impl.LeaderElection.run(LeaderElection.java:133)
	at java.lang.Thread.run(Thread.java:748)
Caused by: org.apache.ratis.thirdparty.io.grpc.StatusRuntimeException: UNAVAILABLE: io exception
	at org.apache.ratis.thirdparty.io.grpc.stub.ClientCalls.toStatusRuntimeException(ClientCalls.java:233)
	at org.apache.ratis.thirdparty.io.grpc.stub.ClientCalls.getUnchecked(ClientCalls.java:214)
	at org.apache.ratis.thirdparty.io.grpc.stub.ClientCalls.blockingUnaryCall(ClientCalls.java:139)
	at org.apache.ratis.proto.grpc.RaftServerProtocolServiceGrpc$RaftServerProtocolServiceBlockingStub.requestVote(RaftServerProtocolServiceGrpc.java:265)
	at org.apache.ratis.grpc.server.GrpcServerProtocolClient.requestVote(GrpcServerProtocolClient.java:90)
	at org.apache.ratis.grpc.server.GrpcService.requestVote(GrpcService.java:204)
	at org.apache.ratis.server.impl.LeaderElection.lambda$submitRequests$1(LeaderElection.java:238)
	at java.util.concurrent.FutureTask.run(FutureTask.java:266)
	at java.util.concurrent.Executors$RunnableAdapter.call(Executors.java:511)
	at java.util.concurrent.FutureTask.run(FutureTask.java:266)
	at java.util.concurrent.ThreadPoolExecutor.runWorker(ThreadPoolExecutor.java:1149)
	at java.util.concurrent.ThreadPoolExecutor$Worker.run(ThreadPoolExecutor.java:624)
	... 1 more
Caused by: org.apache.ratis.thirdparty.io.netty.channel.AbstractChannel$AnnotatedConnectException: Connection refused: /192.168.157.219:42903
	at sun.nio.ch.SocketChannelImpl.checkConnect(Native Method)
	at sun.nio.ch.SocketChannelImpl.finishConnect(SocketChannelImpl.java:717)
	at org.apache.ratis.thirdparty.io.netty.channel.socket.nio.NioSocketChannel.doFinishConnect(NioSocketChannel.java:327)
	at org.apache.ratis.thirdparty.io.netty.channel.nio.AbstractNioChannel$AbstractNioUnsafe.finishConnect(AbstractNioChannel.java:340)
	at org.apache.ratis.thirdparty.io.netty.channel.nio.NioEventLoop.processSelectedKey(NioEventLoop.java:632)
	at org.apache.ratis.thirdparty.io.netty.channel.nio.NioEventLoop.processSelectedKeysOptimized(NioEventLoop.java:579)
	at org.apache.ratis.thirdparty.io.netty.channel.nio.NioEventLoop.processSelectedKeys(NioEventLoop.java:496)
	at org.apache.ratis.thirdparty.io.netty.channel.nio.NioEventLoop.run(NioEventLoop.java:458)
	at org.apache.ratis.thirdparty.io.netty.util.concurrent.SingleThreadEventExecutor$5.run(SingleThreadEventExecutor.java:897)
	at org.apache.ratis.thirdparty.io.netty.util.concurrent.FastThreadLocalRunnable.run(FastThreadLocalRunnable.java:30)
	... 1 more
Caused by: java.net.ConnectException: Connection refused
	... 11 more
2019-09-17 11:52:01,681 [db5c95e9-dab2-4d3b-9775-2e3d4de03f2d@group-4033F378C501:LeaderElection44] INFO  impl.LeaderElection (LogUtils.java:infoOrTrace(149)) -   Exception 1: {}
java.util.concurrent.ExecutionException: org.apache.ratis.thirdparty.io.grpc.StatusRuntimeException: UNAVAILABLE: io exception
	at java.util.concurrent.FutureTask.report(FutureTask.java:122)
	at java.util.concurrent.FutureTask.get(FutureTask.java:192)
	at org.apache.ratis.server.impl.LeaderElection.waitForResults(LeaderElection.java:263)
	at org.apache.ratis.server.impl.LeaderElection.askForVotes(LeaderElection.java:201)
	at org.apache.ratis.server.impl.LeaderElection.run(LeaderElection.java:133)
	at java.lang.Thread.run(Thread.java:748)
Caused by: org.apache.ratis.thirdparty.io.grpc.StatusRuntimeException: UNAVAILABLE: io exception
	at org.apache.ratis.thirdparty.io.grpc.stub.ClientCalls.toStatusRuntimeException(ClientCalls.java:233)
	at org.apache.ratis.thirdparty.io.grpc.stub.ClientCalls.getUnchecked(ClientCalls.java:214)
	at org.apache.ratis.thirdparty.io.grpc.stub.ClientCalls.blockingUnaryCall(ClientCalls.java:139)
	at org.apache.ratis.proto.grpc.RaftServerProtocolServiceGrpc$RaftServerProtocolServiceBlockingStub.requestVote(RaftServerProtocolServiceGrpc.java:265)
	at org.apache.ratis.grpc.server.GrpcServerProtocolClient.requestVote(GrpcServerProtocolClient.java:90)
	at org.apache.ratis.grpc.server.GrpcService.requestVote(GrpcService.java:204)
	at org.apache.ratis.server.impl.LeaderElection.lambda$submitRequests$1(LeaderElection.java:238)
	at java.util.concurrent.FutureTask.run(FutureTask.java:266)
	at java.util.concurrent.Executors$RunnableAdapter.call(Executors.java:511)
	at java.util.concurrent.FutureTask.run(FutureTask.java:266)
	at java.util.concurrent.ThreadPoolExecutor.runWorker(ThreadPoolExecutor.java:1149)
	at java.util.concurrent.ThreadPoolExecutor$Worker.run(ThreadPoolExecutor.java:624)
	... 1 more
Caused by: org.apache.ratis.thirdparty.io.netty.channel.AbstractChannel$AnnotatedConnectException: Connection refused: /192.168.157.219:39557
	at sun.nio.ch.SocketChannelImpl.checkConnect(Native Method)
	at sun.nio.ch.SocketChannelImpl.finishConnect(SocketChannelImpl.java:717)
	at org.apache.ratis.thirdparty.io.netty.channel.socket.nio.NioSocketChannel.doFinishConnect(NioSocketChannel.java:327)
	at org.apache.ratis.thirdparty.io.netty.channel.nio.AbstractNioChannel$AbstractNioUnsafe.finishConnect(AbstractNioChannel.java:340)
	at org.apache.ratis.thirdparty.io.netty.channel.nio.NioEventLoop.processSelectedKey(NioEventLoop.java:632)
	at org.apache.ratis.thirdparty.io.netty.channel.nio.NioEventLoop.processSelectedKeysOptimized(NioEventLoop.java:579)
	at org.apache.ratis.thirdparty.io.netty.channel.nio.NioEventLoop.processSelectedKeys(NioEventLoop.java:496)
	at org.apache.ratis.thirdparty.io.netty.channel.nio.NioEventLoop.run(NioEventLoop.java:458)
	at org.apache.ratis.thirdparty.io.netty.util.concurrent.SingleThreadEventExecutor$5.run(SingleThreadEventExecutor.java:897)
	at org.apache.ratis.thirdparty.io.netty.util.concurrent.FastThreadLocalRunnable.run(FastThreadLocalRunnable.java:30)
	... 1 more
Caused by: java.net.ConnectException: Connection refused
	... 11 more
2019-09-17 11:52:01,681 [db5c95e9-dab2-4d3b-9775-2e3d4de03f2d@group-4033F378C501:LeaderElection44] INFO  impl.RaftServerImpl (RaftServerImpl.java:setRole(174)) - db5c95e9-dab2-4d3b-9775-2e3d4de03f2d@group-4033F378C501: changes role from CANDIDATE to FOLLOWER at term 29 for DISCOVERED_A_NEW_TERM
2019-09-17 11:52:01,682 [db5c95e9-dab2-4d3b-9775-2e3d4de03f2d@group-4033F378C501:LeaderElection44] INFO  impl.RoleInfo (RoleInfo.java:shutdownLeaderElection(134)) - db5c95e9-dab2-4d3b-9775-2e3d4de03f2d: shutdown LeaderElection
2019-09-17 11:52:01,682 [db5c95e9-dab2-4d3b-9775-2e3d4de03f2d@group-4033F378C501:LeaderElection44] INFO  impl.RoleInfo (RoleInfo.java:updateAndGet(143)) - db5c95e9-dab2-4d3b-9775-2e3d4de03f2d: start FollowerState
2019-09-17 11:52:02,015 [java.util.concurrent.ThreadPoolExecutor$Worker@9b33cb9[State = -1, empty queue]] WARN  server.GrpcLogAppender (GrpcLogAppender.java:timeoutAppendRequest(200)) - 166adff3-52d0-4f60-8e58-0e12ed96f4bf@group-012F5F91B630->ab50ed4d-57db-4f38-bd59-74c03932909c-GrpcLogAppender: appendEntries Timeout, request=166adff3-52d0-4f60-8e58-0e12ed96f4bf->ab50ed4d-57db-4f38-bd59-74c03932909c#168-t1, previous=(t:1, i:36), leaderCommit=32, initializing? false, entries: <empty>
2019-09-17 11:52:02,015 [java.util.concurrent.ThreadPoolExecutor$Worker@260d162e[State = -1, empty queue]] WARN  server.GrpcLogAppender (GrpcLogAppender.java:timeoutAppendRequest(200)) - 166adff3-52d0-4f60-8e58-0e12ed96f4bf@group-012F5F91B630->478df2fd-32fa-402c-a09a-4121263fb7de-GrpcLogAppender: appendEntries Timeout, request=166adff3-52d0-4f60-8e58-0e12ed96f4bf->478df2fd-32fa-402c-a09a-4121263fb7de#168-t1, previous=(t:1, i:36), leaderCommit=32, initializing? false, entries: <empty>
2019-09-17 11:52:02,165 [java.util.concurrent.ThreadPoolExecutor$Worker@5a9b47f8[State = -1, empty queue]] WARN  server.GrpcLogAppender (GrpcLogAppender.java:timeoutAppendRequest(200)) - ee155057-4acb-4f3f-9013-4bd3c5a101b6@group-B3F5A0A8BDBD->90cc32e6-bdd6-4f93-abb1-bc520dd025bc-GrpcLogAppender: appendEntries Timeout, request=ee155057-4acb-4f3f-9013-4bd3c5a101b6->90cc32e6-bdd6-4f93-abb1-bc520dd025bc#152-t2, previous=(t:2, i:20), leaderCommit=16, initializing? false, entries: <empty>
2019-09-17 11:52:02,165 [java.util.concurrent.ThreadPoolExecutor$Worker@3cd8d43b[State = -1, empty queue]] WARN  server.GrpcLogAppender (GrpcLogAppender.java:timeoutAppendRequest(200)) - ee155057-4acb-4f3f-9013-4bd3c5a101b6@group-B3F5A0A8BDBD->533f21c9-6148-4926-981b-3030ea271196-GrpcLogAppender: appendEntries Timeout, request=ee155057-4acb-4f3f-9013-4bd3c5a101b6->533f21c9-6148-4926-981b-3030ea271196#152-t2, previous=(t:2, i:20), leaderCommit=16, initializing? false, entries: <empty>
2019-09-17 11:52:02,515 [java.util.concurrent.ThreadPoolExecutor$Worker@9b33cb9[State = -1, empty queue]] WARN  server.GrpcLogAppender (GrpcLogAppender.java:timeoutAppendRequest(200)) - 166adff3-52d0-4f60-8e58-0e12ed96f4bf@group-012F5F91B630->ab50ed4d-57db-4f38-bd59-74c03932909c-GrpcLogAppender: appendEntries Timeout, request=166adff3-52d0-4f60-8e58-0e12ed96f4bf->ab50ed4d-57db-4f38-bd59-74c03932909c#169-t1, previous=(t:1, i:36), leaderCommit=32, initializing? false, entries: <empty>
2019-09-17 11:52:02,515 [java.util.concurrent.ThreadPoolExecutor$Worker@260d162e[State = -1, empty queue]] WARN  server.GrpcLogAppender (GrpcLogAppender.java:timeoutAppendRequest(200)) - 166adff3-52d0-4f60-8e58-0e12ed96f4bf@group-012F5F91B630->478df2fd-32fa-402c-a09a-4121263fb7de-GrpcLogAppender: appendEntries Timeout, request=166adff3-52d0-4f60-8e58-0e12ed96f4bf->478df2fd-32fa-402c-a09a-4121263fb7de#169-t1, previous=(t:1, i:36), leaderCommit=32, initializing? false, entries: <empty>
2019-09-17 11:52:02,665 [java.util.concurrent.ThreadPoolExecutor$Worker@5a9b47f8[State = -1, empty queue]] WARN  server.GrpcLogAppender (GrpcLogAppender.java:timeoutAppendRequest(200)) - ee155057-4acb-4f3f-9013-4bd3c5a101b6@group-B3F5A0A8BDBD->90cc32e6-bdd6-4f93-abb1-bc520dd025bc-GrpcLogAppender: appendEntries Timeout, request=ee155057-4acb-4f3f-9013-4bd3c5a101b6->90cc32e6-bdd6-4f93-abb1-bc520dd025bc#153-t2, previous=(t:2, i:20), leaderCommit=16, initializing? false, entries: <empty>
2019-09-17 11:52:02,665 [java.util.concurrent.ThreadPoolExecutor$Worker@3cd8d43b[State = -1, empty queue]] WARN  server.GrpcLogAppender (GrpcLogAppender.java:timeoutAppendRequest(200)) - ee155057-4acb-4f3f-9013-4bd3c5a101b6@group-B3F5A0A8BDBD->533f21c9-6148-4926-981b-3030ea271196-GrpcLogAppender: appendEntries Timeout, request=ee155057-4acb-4f3f-9013-4bd3c5a101b6->533f21c9-6148-4926-981b-3030ea271196#153-t2, previous=(t:2, i:20), leaderCommit=16, initializing? false, entries: <empty>
2019-09-17 11:52:02,683 [Thread-1496] INFO  impl.FollowerState (FollowerState.java:run(106)) - db5c95e9-dab2-4d3b-9775-2e3d4de03f2d:group-4033F378C501 changes to CANDIDATE, lastRpcTime:1001, electionTimeout:1001ms
2019-09-17 11:52:02,684 [Thread-1496] INFO  impl.RoleInfo (RoleInfo.java:shutdownFollowerState(121)) - db5c95e9-dab2-4d3b-9775-2e3d4de03f2d: shutdown FollowerState
2019-09-17 11:52:02,684 [Thread-1496] INFO  impl.RaftServerImpl (RaftServerImpl.java:setRole(174)) - db5c95e9-dab2-4d3b-9775-2e3d4de03f2d@group-4033F378C501: changes role from  FOLLOWER to CANDIDATE at term 29 for changeToCandidate
2019-09-17 11:52:02,684 [Thread-1496] INFO  impl.RoleInfo (RoleInfo.java:updateAndGet(143)) - db5c95e9-dab2-4d3b-9775-2e3d4de03f2d: start LeaderElection
2019-09-17 11:52:02,701 [db5c95e9-dab2-4d3b-9775-2e3d4de03f2d@group-4033F378C501:LeaderElection45] INFO  impl.LeaderElection (LeaderElection.java:askForVotes(182)) - db5c95e9-dab2-4d3b-9775-2e3d4de03f2d@group-4033F378C501:LeaderElection45: begin an election at term 30 for 0: [768e87e1-01a1-4abe-adbb-724fc729cfde:192.168.157.219:39557, 0efbdbeb-0caf-4be4-a340-f9adf92e227b:192.168.157.219:42903, db5c95e9-dab2-4d3b-9775-2e3d4de03f2d:192.168.157.219:43472], old=null
2019-09-17 11:52:02,703 [db5c95e9-dab2-4d3b-9775-2e3d4de03f2d@group-4033F378C501:LeaderElection45] INFO  impl.LeaderElection (LogUtils.java:infoOrTrace(149)) - db5c95e9-dab2-4d3b-9775-2e3d4de03f2d@group-4033F378C501:LeaderElection45 got exception when requesting votes: {}
java.util.concurrent.ExecutionException: org.apache.ratis.thirdparty.io.grpc.StatusRuntimeException: UNAVAILABLE: io exception
	at java.util.concurrent.FutureTask.report(FutureTask.java:122)
	at java.util.concurrent.FutureTask.get(FutureTask.java:192)
	at org.apache.ratis.server.impl.LeaderElection.waitForResults(LeaderElection.java:263)
	at org.apache.ratis.server.impl.LeaderElection.askForVotes(LeaderElection.java:201)
	at org.apache.ratis.server.impl.LeaderElection.run(LeaderElection.java:133)
	at java.lang.Thread.run(Thread.java:748)
Caused by: org.apache.ratis.thirdparty.io.grpc.StatusRuntimeException: UNAVAILABLE: io exception
	at org.apache.ratis.thirdparty.io.grpc.stub.ClientCalls.toStatusRuntimeException(ClientCalls.java:233)
	at org.apache.ratis.thirdparty.io.grpc.stub.ClientCalls.getUnchecked(ClientCalls.java:214)
	at org.apache.ratis.thirdparty.io.grpc.stub.ClientCalls.blockingUnaryCall(ClientCalls.java:139)
	at org.apache.ratis.proto.grpc.RaftServerProtocolServiceGrpc$RaftServerProtocolServiceBlockingStub.requestVote(RaftServerProtocolServiceGrpc.java:265)
	at org.apache.ratis.grpc.server.GrpcServerProtocolClient.requestVote(GrpcServerProtocolClient.java:90)
	at org.apache.ratis.grpc.server.GrpcService.requestVote(GrpcService.java:204)
	at org.apache.ratis.server.impl.LeaderElection.lambda$submitRequests$1(LeaderElection.java:238)
	at java.util.concurrent.FutureTask.run(FutureTask.java:266)
	at java.util.concurrent.Executors$RunnableAdapter.call(Executors.java:511)
	at java.util.concurrent.FutureTask.run(FutureTask.java:266)
	at java.util.concurrent.ThreadPoolExecutor.runWorker(ThreadPoolExecutor.java:1149)
	at java.util.concurrent.ThreadPoolExecutor$Worker.run(ThreadPoolExecutor.java:624)
	... 1 more
Caused by: org.apache.ratis.thirdparty.io.netty.channel.AbstractChannel$AnnotatedConnectException: Connection refused: /192.168.157.219:42903
	at sun.nio.ch.SocketChannelImpl.checkConnect(Native Method)
	at sun.nio.ch.SocketChannelImpl.finishConnect(SocketChannelImpl.java:717)
	at org.apache.ratis.thirdparty.io.netty.channel.socket.nio.NioSocketChannel.doFinishConnect(NioSocketChannel.java:327)
	at org.apache.ratis.thirdparty.io.netty.channel.nio.AbstractNioChannel$AbstractNioUnsafe.finishConnect(AbstractNioChannel.java:340)
	at org.apache.ratis.thirdparty.io.netty.channel.nio.NioEventLoop.processSelectedKey(NioEventLoop.java:632)
	at org.apache.ratis.thirdparty.io.netty.channel.nio.NioEventLoop.processSelectedKeysOptimized(NioEventLoop.java:579)
	at org.apache.ratis.thirdparty.io.netty.channel.nio.NioEventLoop.processSelectedKeys(NioEventLoop.java:496)
	at org.apache.ratis.thirdparty.io.netty.channel.nio.NioEventLoop.run(NioEventLoop.java:458)
	at org.apache.ratis.thirdparty.io.netty.util.concurrent.SingleThreadEventExecutor$5.run(SingleThreadEventExecutor.java:897)
	at org.apache.ratis.thirdparty.io.netty.util.concurrent.FastThreadLocalRunnable.run(FastThreadLocalRunnable.java:30)
	... 1 more
Caused by: java.net.ConnectException: Connection refused
	... 11 more
2019-09-17 11:52:02,703 [db5c95e9-dab2-4d3b-9775-2e3d4de03f2d@group-4033F378C501:LeaderElection45] INFO  impl.LeaderElection (LogUtils.java:infoOrTrace(149)) - db5c95e9-dab2-4d3b-9775-2e3d4de03f2d@group-4033F378C501:LeaderElection45 got exception when requesting votes: {}
java.util.concurrent.ExecutionException: org.apache.ratis.thirdparty.io.grpc.StatusRuntimeException: UNAVAILABLE: io exception
	at java.util.concurrent.FutureTask.report(FutureTask.java:122)
	at java.util.concurrent.FutureTask.get(FutureTask.java:192)
	at org.apache.ratis.server.impl.LeaderElection.waitForResults(LeaderElection.java:263)
	at org.apache.ratis.server.impl.LeaderElection.askForVotes(LeaderElection.java:201)
	at org.apache.ratis.server.impl.LeaderElection.run(LeaderElection.java:133)
	at java.lang.Thread.run(Thread.java:748)
Caused by: org.apache.ratis.thirdparty.io.grpc.StatusRuntimeException: UNAVAILABLE: io exception
	at org.apache.ratis.thirdparty.io.grpc.stub.ClientCalls.toStatusRuntimeException(ClientCalls.java:233)
	at org.apache.ratis.thirdparty.io.grpc.stub.ClientCalls.getUnchecked(ClientCalls.java:214)
	at org.apache.ratis.thirdparty.io.grpc.stub.ClientCalls.blockingUnaryCall(ClientCalls.java:139)
	at org.apache.ratis.proto.grpc.RaftServerProtocolServiceGrpc$RaftServerProtocolServiceBlockingStub.requestVote(RaftServerProtocolServiceGrpc.java:265)
	at org.apache.ratis.grpc.server.GrpcServerProtocolClient.requestVote(GrpcServerProtocolClient.java:90)
	at org.apache.ratis.grpc.server.GrpcService.requestVote(GrpcService.java:204)
	at org.apache.ratis.server.impl.LeaderElection.lambda$submitRequests$1(LeaderElection.java:238)
	at java.util.concurrent.FutureTask.run(FutureTask.java:266)
	at java.util.concurrent.Executors$RunnableAdapter.call(Executors.java:511)
	at java.util.concurrent.FutureTask.run(FutureTask.java:266)
	at java.util.concurrent.ThreadPoolExecutor.runWorker(ThreadPoolExecutor.java:1149)
	at java.util.concurrent.ThreadPoolExecutor$Worker.run(ThreadPoolExecutor.java:624)
	... 1 more
Caused by: org.apache.ratis.thirdparty.io.netty.channel.AbstractChannel$AnnotatedConnectException: Connection refused: /192.168.157.219:39557
	at sun.nio.ch.SocketChannelImpl.checkConnect(Native Method)
	at sun.nio.ch.SocketChannelImpl.finishConnect(SocketChannelImpl.java:717)
	at org.apache.ratis.thirdparty.io.netty.channel.socket.nio.NioSocketChannel.doFinishConnect(NioSocketChannel.java:327)
	at org.apache.ratis.thirdparty.io.netty.channel.nio.AbstractNioChannel$AbstractNioUnsafe.finishConnect(AbstractNioChannel.java:340)
	at org.apache.ratis.thirdparty.io.netty.channel.nio.NioEventLoop.processSelectedKey(NioEventLoop.java:632)
	at org.apache.ratis.thirdparty.io.netty.channel.nio.NioEventLoop.processSelectedKeysOptimized(NioEventLoop.java:579)
	at org.apache.ratis.thirdparty.io.netty.channel.nio.NioEventLoop.processSelectedKeys(NioEventLoop.java:496)
	at org.apache.ratis.thirdparty.io.netty.channel.nio.NioEventLoop.run(NioEventLoop.java:458)
	at org.apache.ratis.thirdparty.io.netty.util.concurrent.SingleThreadEventExecutor$5.run(SingleThreadEventExecutor.java:897)
	at org.apache.ratis.thirdparty.io.netty.util.concurrent.FastThreadLocalRunnable.run(FastThreadLocalRunnable.java:30)
	... 1 more
Caused by: java.net.ConnectException: Connection refused
	... 11 more
2019-09-17 11:52:02,704 [db5c95e9-dab2-4d3b-9775-2e3d4de03f2d@group-4033F378C501:LeaderElection45] INFO  impl.LeaderElection (LeaderElection.java:logAndReturn(56)) - db5c95e9-dab2-4d3b-9775-2e3d4de03f2d@group-4033F378C501:LeaderElection45: Election REJECTED; received 0 response(s) [] and 2 exception(s); db5c95e9-dab2-4d3b-9775-2e3d4de03f2d@group-4033F378C501:t30, leader=null, voted=db5c95e9-dab2-4d3b-9775-2e3d4de03f2d, raftlog=db5c95e9-dab2-4d3b-9775-2e3d4de03f2d@group-4033F378C501-SegmentedRaftLog:OPENED:c28,f28,i28, conf=0: [768e87e1-01a1-4abe-adbb-724fc729cfde:192.168.157.219:39557, 0efbdbeb-0caf-4be4-a340-f9adf92e227b:192.168.157.219:42903, db5c95e9-dab2-4d3b-9775-2e3d4de03f2d:192.168.157.219:43472], old=null
2019-09-17 11:52:02,704 [db5c95e9-dab2-4d3b-9775-2e3d4de03f2d@group-4033F378C501:LeaderElection45] INFO  impl.LeaderElection (LogUtils.java:infoOrTrace(149)) -   Exception 0: {}
java.util.concurrent.ExecutionException: org.apache.ratis.thirdparty.io.grpc.StatusRuntimeException: UNAVAILABLE: io exception
	at java.util.concurrent.FutureTask.report(FutureTask.java:122)
	at java.util.concurrent.FutureTask.get(FutureTask.java:192)
	at org.apache.ratis.server.impl.LeaderElection.waitForResults(LeaderElection.java:263)
	at org.apache.ratis.server.impl.LeaderElection.askForVotes(LeaderElection.java:201)
	at org.apache.ratis.server.impl.LeaderElection.run(LeaderElection.java:133)
	at java.lang.Thread.run(Thread.java:748)
Caused by: org.apache.ratis.thirdparty.io.grpc.StatusRuntimeException: UNAVAILABLE: io exception
	at org.apache.ratis.thirdparty.io.grpc.stub.ClientCalls.toStatusRuntimeException(ClientCalls.java:233)
	at org.apache.ratis.thirdparty.io.grpc.stub.ClientCalls.getUnchecked(ClientCalls.java:214)
	at org.apache.ratis.thirdparty.io.grpc.stub.ClientCalls.blockingUnaryCall(ClientCalls.java:139)
	at org.apache.ratis.proto.grpc.RaftServerProtocolServiceGrpc$RaftServerProtocolServiceBlockingStub.requestVote(RaftServerProtocolServiceGrpc.java:265)
	at org.apache.ratis.grpc.server.GrpcServerProtocolClient.requestVote(GrpcServerProtocolClient.java:90)
	at org.apache.ratis.grpc.server.GrpcService.requestVote(GrpcService.java:204)
	at org.apache.ratis.server.impl.LeaderElection.lambda$submitRequests$1(LeaderElection.java:238)
	at java.util.concurrent.FutureTask.run(FutureTask.java:266)
	at java.util.concurrent.Executors$RunnableAdapter.call(Executors.java:511)
	at java.util.concurrent.FutureTask.run(FutureTask.java:266)
	at java.util.concurrent.ThreadPoolExecutor.runWorker(ThreadPoolExecutor.java:1149)
	at java.util.concurrent.ThreadPoolExecutor$Worker.run(ThreadPoolExecutor.java:624)
	... 1 more
Caused by: org.apache.ratis.thirdparty.io.netty.channel.AbstractChannel$AnnotatedConnectException: Connection refused: /192.168.157.219:42903
	at sun.nio.ch.SocketChannelImpl.checkConnect(Native Method)
	at sun.nio.ch.SocketChannelImpl.finishConnect(SocketChannelImpl.java:717)
	at org.apache.ratis.thirdparty.io.netty.channel.socket.nio.NioSocketChannel.doFinishConnect(NioSocketChannel.java:327)
	at org.apache.ratis.thirdparty.io.netty.channel.nio.AbstractNioChannel$AbstractNioUnsafe.finishConnect(AbstractNioChannel.java:340)
	at org.apache.ratis.thirdparty.io.netty.channel.nio.NioEventLoop.processSelectedKey(NioEventLoop.java:632)
	at org.apache.ratis.thirdparty.io.netty.channel.nio.NioEventLoop.processSelectedKeysOptimized(NioEventLoop.java:579)
	at org.apache.ratis.thirdparty.io.netty.channel.nio.NioEventLoop.processSelectedKeys(NioEventLoop.java:496)
	at org.apache.ratis.thirdparty.io.netty.channel.nio.NioEventLoop.run(NioEventLoop.java:458)
	at org.apache.ratis.thirdparty.io.netty.util.concurrent.SingleThreadEventExecutor$5.run(SingleThreadEventExecutor.java:897)
	at org.apache.ratis.thirdparty.io.netty.util.concurrent.FastThreadLocalRunnable.run(FastThreadLocalRunnable.java:30)
	... 1 more
Caused by: java.net.ConnectException: Connection refused
	... 11 more
2019-09-17 11:52:02,705 [db5c95e9-dab2-4d3b-9775-2e3d4de03f2d@group-4033F378C501:LeaderElection45] INFO  impl.LeaderElection (LogUtils.java:infoOrTrace(149)) -   Exception 1: {}
java.util.concurrent.ExecutionException: org.apache.ratis.thirdparty.io.grpc.StatusRuntimeException: UNAVAILABLE: io exception
	at java.util.concurrent.FutureTask.report(FutureTask.java:122)
	at java.util.concurrent.FutureTask.get(FutureTask.java:192)
	at org.apache.ratis.server.impl.LeaderElection.waitForResults(LeaderElection.java:263)
	at org.apache.ratis.server.impl.LeaderElection.askForVotes(LeaderElection.java:201)
	at org.apache.ratis.server.impl.LeaderElection.run(LeaderElection.java:133)
	at java.lang.Thread.run(Thread.java:748)
Caused by: org.apache.ratis.thirdparty.io.grpc.StatusRuntimeException: UNAVAILABLE: io exception
	at org.apache.ratis.thirdparty.io.grpc.stub.ClientCalls.toStatusRuntimeException(ClientCalls.java:233)
	at org.apache.ratis.thirdparty.io.grpc.stub.ClientCalls.getUnchecked(ClientCalls.java:214)
	at org.apache.ratis.thirdparty.io.grpc.stub.ClientCalls.blockingUnaryCall(ClientCalls.java:139)
	at org.apache.ratis.proto.grpc.RaftServerProtocolServiceGrpc$RaftServerProtocolServiceBlockingStub.requestVote(RaftServerProtocolServiceGrpc.java:265)
	at org.apache.ratis.grpc.server.GrpcServerProtocolClient.requestVote(GrpcServerProtocolClient.java:90)
	at org.apache.ratis.grpc.server.GrpcService.requestVote(GrpcService.java:204)
	at org.apache.ratis.server.impl.LeaderElection.lambda$submitRequests$1(LeaderElection.java:238)
	at java.util.concurrent.FutureTask.run(FutureTask.java:266)
	at java.util.concurrent.Executors$RunnableAdapter.call(Executors.java:511)
	at java.util.concurrent.FutureTask.run(FutureTask.java:266)
	at java.util.concurrent.ThreadPoolExecutor.runWorker(ThreadPoolExecutor.java:1149)
	at java.util.concurrent.ThreadPoolExecutor$Worker.run(ThreadPoolExecutor.java:624)
	... 1 more
Caused by: org.apache.ratis.thirdparty.io.netty.channel.AbstractChannel$AnnotatedConnectException: Connection refused: /192.168.157.219:39557
	at sun.nio.ch.SocketChannelImpl.checkConnect(Native Method)
	at sun.nio.ch.SocketChannelImpl.finishConnect(SocketChannelImpl.java:717)
	at org.apache.ratis.thirdparty.io.netty.channel.socket.nio.NioSocketChannel.doFinishConnect(NioSocketChannel.java:327)
	at org.apache.ratis.thirdparty.io.netty.channel.nio.AbstractNioChannel$AbstractNioUnsafe.finishConnect(AbstractNioChannel.java:340)
	at org.apache.ratis.thirdparty.io.netty.channel.nio.NioEventLoop.processSelectedKey(NioEventLoop.java:632)
	at org.apache.ratis.thirdparty.io.netty.channel.nio.NioEventLoop.processSelectedKeysOptimized(NioEventLoop.java:579)
	at org.apache.ratis.thirdparty.io.netty.channel.nio.NioEventLoop.processSelectedKeys(NioEventLoop.java:496)
	at org.apache.ratis.thirdparty.io.netty.channel.nio.NioEventLoop.run(NioEventLoop.java:458)
	at org.apache.ratis.thirdparty.io.netty.util.concurrent.SingleThreadEventExecutor$5.run(SingleThreadEventExecutor.java:897)
	at org.apache.ratis.thirdparty.io.netty.util.concurrent.FastThreadLocalRunnable.run(FastThreadLocalRunnable.java:30)
	... 1 more
Caused by: java.net.ConnectException: Connection refused
	... 11 more
2019-09-17 11:52:02,705 [db5c95e9-dab2-4d3b-9775-2e3d4de03f2d@group-4033F378C501:LeaderElection45] INFO  impl.RaftServerImpl (RaftServerImpl.java:setRole(174)) - db5c95e9-dab2-4d3b-9775-2e3d4de03f2d@group-4033F378C501: changes role from CANDIDATE to FOLLOWER at term 30 for DISCOVERED_A_NEW_TERM
2019-09-17 11:52:02,705 [db5c95e9-dab2-4d3b-9775-2e3d4de03f2d@group-4033F378C501:LeaderElection45] INFO  impl.RoleInfo (RoleInfo.java:shutdownLeaderElection(134)) - db5c95e9-dab2-4d3b-9775-2e3d4de03f2d: shutdown LeaderElection
2019-09-17 11:52:02,706 [db5c95e9-dab2-4d3b-9775-2e3d4de03f2d@group-4033F378C501:LeaderElection45] INFO  impl.RoleInfo (RoleInfo.java:updateAndGet(143)) - db5c95e9-dab2-4d3b-9775-2e3d4de03f2d: start FollowerState
2019-09-17 11:52:03,015 [java.util.concurrent.ThreadPoolExecutor$Worker@9b33cb9[State = -1, empty queue]] WARN  server.GrpcLogAppender (GrpcLogAppender.java:timeoutAppendRequest(200)) - 166adff3-52d0-4f60-8e58-0e12ed96f4bf@group-012F5F91B630->ab50ed4d-57db-4f38-bd59-74c03932909c-GrpcLogAppender: appendEntries Timeout, request=166adff3-52d0-4f60-8e58-0e12ed96f4bf->ab50ed4d-57db-4f38-bd59-74c03932909c#170-t1, previous=(t:1, i:36), leaderCommit=32, initializing? false, entries: <empty>
2019-09-17 11:52:03,015 [java.util.concurrent.ThreadPoolExecutor$Worker@260d162e[State = -1, empty queue]] WARN  server.GrpcLogAppender (GrpcLogAppender.java:timeoutAppendRequest(200)) - 166adff3-52d0-4f60-8e58-0e12ed96f4bf@group-012F5F91B630->478df2fd-32fa-402c-a09a-4121263fb7de-GrpcLogAppender: appendEntries Timeout, request=166adff3-52d0-4f60-8e58-0e12ed96f4bf->478df2fd-32fa-402c-a09a-4121263fb7de#170-t1, previous=(t:1, i:36), leaderCommit=32, initializing? false, entries: <empty>
2019-09-17 11:52:03,165 [java.util.concurrent.ThreadPoolExecutor$Worker@5a9b47f8[State = -1, empty queue]] WARN  server.GrpcLogAppender (GrpcLogAppender.java:timeoutAppendRequest(200)) - ee155057-4acb-4f3f-9013-4bd3c5a101b6@group-B3F5A0A8BDBD->90cc32e6-bdd6-4f93-abb1-bc520dd025bc-GrpcLogAppender: appendEntries Timeout, request=ee155057-4acb-4f3f-9013-4bd3c5a101b6->90cc32e6-bdd6-4f93-abb1-bc520dd025bc#154-t2, previous=(t:2, i:20), leaderCommit=16, initializing? false, entries: <empty>
2019-09-17 11:52:03,166 [java.util.concurrent.ThreadPoolExecutor$Worker@3cd8d43b[State = -1, empty queue]] WARN  server.GrpcLogAppender (GrpcLogAppender.java:timeoutAppendRequest(200)) - ee155057-4acb-4f3f-9013-4bd3c5a101b6@group-B3F5A0A8BDBD->533f21c9-6148-4926-981b-3030ea271196-GrpcLogAppender: appendEntries Timeout, request=ee155057-4acb-4f3f-9013-4bd3c5a101b6->533f21c9-6148-4926-981b-3030ea271196#154-t2, previous=(t:2, i:20), leaderCommit=16, initializing? false, entries: <empty>
2019-09-17 11:52:03,193 [ForkJoinPool.commonPool-worker-1] INFO  ozoneimpl.OzoneContainer (OzoneContainer.java:stop(231)) - Attempting to stop container services.
2019-09-17 11:52:03,193 [main] INFO  ozoneimpl.OzoneContainer (OzoneContainer.java:stop(231)) - Attempting to stop container services.
2019-09-17 11:52:03,194 [ForkJoinPool.commonPool-worker-1] INFO  impl.RaftServerProxy (RaftServerProxy.java:lambda$close$4(314)) - 478df2fd-32fa-402c-a09a-4121263fb7de: close
2019-09-17 11:52:03,194 [main] INFO  impl.RaftServerProxy (RaftServerProxy.java:lambda$close$4(314)) - 90cc32e6-bdd6-4f93-abb1-bc520dd025bc: close
2019-09-17 11:52:03,194 [ForkJoinPool.commonPool-worker-1] INFO  impl.RaftServerImpl (RaftServerImpl.java:lambda$shutdown$3(251)) - 478df2fd-32fa-402c-a09a-4121263fb7de@group-012F5F91B630: shutdown
2019-09-17 11:52:03,195 [main] INFO  impl.RaftServerImpl (RaftServerImpl.java:lambda$shutdown$3(251)) - 90cc32e6-bdd6-4f93-abb1-bc520dd025bc@group-2878717B53A4: shutdown
2019-09-17 11:52:03,195 [ForkJoinPool.commonPool-worker-1] INFO  util.JmxRegister (JmxRegister.java:unregister(73)) - Successfully un-registered JMX Bean with object name Ratis:service=RaftServer,group=group-012F5F91B630,id=478df2fd-32fa-402c-a09a-4121263fb7de
2019-09-17 11:52:03,195 [main] INFO  util.JmxRegister (JmxRegister.java:unregister(73)) - Successfully un-registered JMX Bean with object name Ratis:service=RaftServer,group=group-2878717B53A4,id=90cc32e6-bdd6-4f93-abb1-bc520dd025bc
2019-09-17 11:52:03,195 [ForkJoinPool.commonPool-worker-1] INFO  impl.RoleInfo (RoleInfo.java:shutdownFollowerState(121)) - 478df2fd-32fa-402c-a09a-4121263fb7de: shutdown FollowerState
2019-09-17 11:52:03,196 [main] INFO  impl.RoleInfo (RoleInfo.java:shutdownLeaderState(104)) - 90cc32e6-bdd6-4f93-abb1-bc520dd025bc: shutdown LeaderState
2019-09-17 11:52:03,196 [478df2fd-32fa-402c-a09a-4121263fb7de@group-012F5F91B630-StateMachineUpdater] INFO  ratis.ContainerStateMachine (ContainerStateMachine.java:takeSnapshot(289)) - group-012F5F91B630: Taking a snapshot at:(t:1, i:28) file /tmp/workdir/hadoop-ozone/integration-test/target/test-dir/MiniOzoneClusterImpl-aba007c7-aff0-48a6-9a1c-5b8514ff46fc/datanode-2/data/ratis/d65c79fe-fa59-49e1-a6a1-012f5f91b630/sm/snapshot.1_28
2019-09-17 11:52:03,196 [Thread-387] INFO  impl.FollowerState (FollowerState.java:run(115)) - 478df2fd-32fa-402c-a09a-4121263fb7de: FollowerState was interrupted: java.lang.InterruptedException: sleep interrupted
2019-09-17 11:52:03,196 [ForkJoinPool.commonPool-worker-1] INFO  impl.StateMachineUpdater (StateMachineUpdater.java:stopAndJoin(125)) - 478df2fd-32fa-402c-a09a-4121263fb7de@group-012F5F91B630-StateMachineUpdater: set stopIndex = 32
2019-09-17 11:52:03,197 [main] INFO  impl.PendingRequests (PendingRequests.java:sendNotLeaderResponses(202)) - 90cc32e6-bdd6-4f93-abb1-bc520dd025bc-PendingRequests: sendNotLeaderResponses
2019-09-17 11:52:03,198 [main] INFO  impl.StateMachineUpdater (StateMachineUpdater.java:stopAndJoin(125)) - 90cc32e6-bdd6-4f93-abb1-bc520dd025bc@group-2878717B53A4-StateMachineUpdater: set stopIndex = 0
2019-09-17 11:52:03,198 [main] INFO  impl.RaftServerImpl (ServerState.java:close(385)) - 90cc32e6-bdd6-4f93-abb1-bc520dd025bc@group-2878717B53A4: closes. applyIndex: 0
2019-09-17 11:52:03,199 [90cc32e6-bdd6-4f93-abb1-bc520dd025bc@group-2878717B53A4-SegmentedRaftLogWorker] INFO  segmented.SegmentedRaftLogWorker (SegmentedRaftLogWorker.java:run(313)) - 90cc32e6-bdd6-4f93-abb1-bc520dd025bc@group-2878717B53A4-SegmentedRaftLogWorker was interrupted, exiting. There are 0 tasks remaining in the queue.
2019-09-17 11:52:03,203 [main] INFO  segmented.SegmentedRaftLogWorker (SegmentedRaftLogWorker.java:close(228)) - 90cc32e6-bdd6-4f93-abb1-bc520dd025bc@group-2878717B53A4-SegmentedRaftLogWorker close()
2019-09-17 11:52:03,208 [main] INFO  impl.RaftServerImpl (RaftServerImpl.java:lambda$shutdown$3(251)) - 90cc32e6-bdd6-4f93-abb1-bc520dd025bc@group-B3F5A0A8BDBD: shutdown
2019-09-17 11:52:03,209 [main] INFO  util.JmxRegister (JmxRegister.java:unregister(73)) - Successfully un-registered JMX Bean with object name Ratis:service=RaftServer,group=group-B3F5A0A8BDBD,id=90cc32e6-bdd6-4f93-abb1-bc520dd025bc
2019-09-17 11:52:03,209 [main] INFO  impl.RoleInfo (RoleInfo.java:shutdownFollowerState(121)) - 90cc32e6-bdd6-4f93-abb1-bc520dd025bc: shutdown FollowerState
2019-09-17 11:52:03,210 [main] INFO  impl.StateMachineUpdater (StateMachineUpdater.java:stopAndJoin(125)) - 90cc32e6-bdd6-4f93-abb1-bc520dd025bc@group-B3F5A0A8BDBD-StateMachineUpdater: set stopIndex = 16
2019-09-17 11:52:03,210 [90cc32e6-bdd6-4f93-abb1-bc520dd025bc@group-B3F5A0A8BDBD-StateMachineUpdater] INFO  ratis.ContainerStateMachine (ContainerStateMachine.java:takeSnapshot(289)) - group-B3F5A0A8BDBD: Taking a snapshot at:(t:2, i:12) file /tmp/workdir/hadoop-ozone/integration-test/target/test-dir/MiniOzoneClusterImpl-aba007c7-aff0-48a6-9a1c-5b8514ff46fc/datanode-5/data/ratis/1389dddd-6222-4e81-b4e1-b3f5a0a8bdbd/sm/snapshot.2_12
2019-09-17 11:52:03,210 [Thread-417] INFO  impl.FollowerState (FollowerState.java:run(115)) - 90cc32e6-bdd6-4f93-abb1-bc520dd025bc: FollowerState was interrupted: java.lang.InterruptedException: sleep interrupted
2019-09-17 11:52:03,211 [478df2fd-32fa-402c-a09a-4121263fb7de@group-012F5F91B630-StateMachineUpdater] INFO  ratis.ContainerStateMachine (ContainerStateMachine.java:takeSnapshot(300)) - group-012F5F91B630: Finished taking a snapshot at:(t:1, i:28) file:/tmp/workdir/hadoop-ozone/integration-test/target/test-dir/MiniOzoneClusterImpl-aba007c7-aff0-48a6-9a1c-5b8514ff46fc/datanode-2/data/ratis/d65c79fe-fa59-49e1-a6a1-012f5f91b630/sm/snapshot.1_28 time:15
2019-09-17 11:52:03,211 [478df2fd-32fa-402c-a09a-4121263fb7de@group-012F5F91B630-StateMachineUpdater] INFO  impl.StateMachineUpdater (StateMachineUpdater.java:takeSnapshot(258)) - 478df2fd-32fa-402c-a09a-4121263fb7de@group-012F5F91B630-StateMachineUpdater: Took a snapshot at index 28
2019-09-17 11:52:03,211 [478df2fd-32fa-402c-a09a-4121263fb7de@group-012F5F91B630-StateMachineUpdater] INFO  impl.StateMachineUpdater (StateMachineUpdater.java:lambda$new$0(83)) - 478df2fd-32fa-402c-a09a-4121263fb7de@group-012F5F91B630-StateMachineUpdater: snapshotIndex: updateIncreasingly -1 -> 28
2019-09-17 11:52:03,212 [478df2fd-32fa-402c-a09a-4121263fb7de@group-012F5F91B630-StateMachineUpdater] INFO  ratis.ContainerStateMachine (ContainerStateMachine.java:takeSnapshot(289)) - group-012F5F91B630: Taking a snapshot at:(t:1, i:28) file /tmp/workdir/hadoop-ozone/integration-test/target/test-dir/MiniOzoneClusterImpl-aba007c7-aff0-48a6-9a1c-5b8514ff46fc/datanode-2/data/ratis/d65c79fe-fa59-49e1-a6a1-012f5f91b630/sm/snapshot.1_28
2019-09-17 11:52:03,213 [90cc32e6-bdd6-4f93-abb1-bc520dd025bc@group-B3F5A0A8BDBD-StateMachineUpdater] INFO  ratis.ContainerStateMachine (ContainerStateMachine.java:takeSnapshot(300)) - group-B3F5A0A8BDBD: Finished taking a snapshot at:(t:2, i:12) file:/tmp/workdir/hadoop-ozone/integration-test/target/test-dir/MiniOzoneClusterImpl-aba007c7-aff0-48a6-9a1c-5b8514ff46fc/datanode-5/data/ratis/1389dddd-6222-4e81-b4e1-b3f5a0a8bdbd/sm/snapshot.2_12 time:4
2019-09-17 11:52:03,214 [90cc32e6-bdd6-4f93-abb1-bc520dd025bc@group-B3F5A0A8BDBD-StateMachineUpdater] INFO  impl.StateMachineUpdater (StateMachineUpdater.java:takeSnapshot(258)) - 90cc32e6-bdd6-4f93-abb1-bc520dd025bc@group-B3F5A0A8BDBD-StateMachineUpdater: Took a snapshot at index 12
2019-09-17 11:52:03,214 [90cc32e6-bdd6-4f93-abb1-bc520dd025bc@group-B3F5A0A8BDBD-StateMachineUpdater] INFO  impl.StateMachineUpdater (StateMachineUpdater.java:lambda$new$0(83)) - 90cc32e6-bdd6-4f93-abb1-bc520dd025bc@group-B3F5A0A8BDBD-StateMachineUpdater: snapshotIndex: updateIncreasingly -1 -> 12
2019-09-17 11:52:03,214 [90cc32e6-bdd6-4f93-abb1-bc520dd025bc@group-B3F5A0A8BDBD-StateMachineUpdater] INFO  ratis.ContainerStateMachine (ContainerStateMachine.java:takeSnapshot(289)) - group-B3F5A0A8BDBD: Taking a snapshot at:(t:2, i:12) file /tmp/workdir/hadoop-ozone/integration-test/target/test-dir/MiniOzoneClusterImpl-aba007c7-aff0-48a6-9a1c-5b8514ff46fc/datanode-5/data/ratis/1389dddd-6222-4e81-b4e1-b3f5a0a8bdbd/sm/snapshot.2_12
2019-09-17 11:52:03,215 [478df2fd-32fa-402c-a09a-4121263fb7de@group-012F5F91B630-StateMachineUpdater] INFO  ratis.ContainerStateMachine (ContainerStateMachine.java:takeSnapshot(300)) - group-012F5F91B630: Finished taking a snapshot at:(t:1, i:28) file:/tmp/workdir/hadoop-ozone/integration-test/target/test-dir/MiniOzoneClusterImpl-aba007c7-aff0-48a6-9a1c-5b8514ff46fc/datanode-2/data/ratis/d65c79fe-fa59-49e1-a6a1-012f5f91b630/sm/snapshot.1_28 time:4
2019-09-17 11:52:03,215 [478df2fd-32fa-402c-a09a-4121263fb7de@group-012F5F91B630-StateMachineUpdater] INFO  impl.StateMachineUpdater (StateMachineUpdater.java:takeSnapshot(258)) - 478df2fd-32fa-402c-a09a-4121263fb7de@group-012F5F91B630-StateMachineUpdater: Took a snapshot at index 28
2019-09-17 11:52:03,215 [478df2fd-32fa-402c-a09a-4121263fb7de@group-012F5F91B630-StateMachineUpdater] INFO  impl.StateMachineUpdater (StateMachineUpdater.java:lambda$new$0(83)) - 478df2fd-32fa-402c-a09a-4121263fb7de@group-012F5F91B630-StateMachineUpdater: snapshotIndex: updateIncreasingly 28 -> 28
2019-09-17 11:52:03,216 [ForkJoinPool.commonPool-worker-1] INFO  impl.RaftServerImpl (ServerState.java:close(385)) - 478df2fd-32fa-402c-a09a-4121263fb7de@group-012F5F91B630: closes. applyIndex: 32
2019-09-17 11:52:03,218 [90cc32e6-bdd6-4f93-abb1-bc520dd025bc@group-B3F5A0A8BDBD-StateMachineUpdater] INFO  ratis.ContainerStateMachine (ContainerStateMachine.java:takeSnapshot(300)) - group-B3F5A0A8BDBD: Finished taking a snapshot at:(t:2, i:12) file:/tmp/workdir/hadoop-ozone/integration-test/target/test-dir/MiniOzoneClusterImpl-aba007c7-aff0-48a6-9a1c-5b8514ff46fc/datanode-5/data/ratis/1389dddd-6222-4e81-b4e1-b3f5a0a8bdbd/sm/snapshot.2_12 time:4
2019-09-17 11:52:03,218 [90cc32e6-bdd6-4f93-abb1-bc520dd025bc@group-B3F5A0A8BDBD-StateMachineUpdater] INFO  impl.StateMachineUpdater (StateMachineUpdater.java:takeSnapshot(258)) - 90cc32e6-bdd6-4f93-abb1-bc520dd025bc@group-B3F5A0A8BDBD-StateMachineUpdater: Took a snapshot at index 12
2019-09-17 11:52:03,219 [90cc32e6-bdd6-4f93-abb1-bc520dd025bc@group-B3F5A0A8BDBD-StateMachineUpdater] INFO  impl.StateMachineUpdater (StateMachineUpdater.java:lambda$new$0(83)) - 90cc32e6-bdd6-4f93-abb1-bc520dd025bc@group-B3F5A0A8BDBD-StateMachineUpdater: snapshotIndex: updateIncreasingly 12 -> 12
2019-09-17 11:52:03,219 [main] INFO  impl.RaftServerImpl (ServerState.java:close(385)) - 90cc32e6-bdd6-4f93-abb1-bc520dd025bc@group-B3F5A0A8BDBD: closes. applyIndex: 16
2019-09-17 11:52:03,231 [90cc32e6-bdd6-4f93-abb1-bc520dd025bc@group-B3F5A0A8BDBD-SegmentedRaftLogWorker] ERROR ratis.XceiverServerRatis (XceiverServerRatis.java:triggerPipelineClose(575)) - pipeline Action CLOSE  on pipeline PipelineID=1389dddd-6222-4e81-b4e1-b3f5a0a8bdbd.Reason : WriteLog:19: (t:2, i:19), STATEMACHINELOGENTRY, client-86CC74F3E005, cid=40-writeStateMachineData interrupted.
2019-09-17 11:52:03,231 [478df2fd-32fa-402c-a09a-4121263fb7de@group-012F5F91B630-SegmentedRaftLogWorker] ERROR ratis.XceiverServerRatis (XceiverServerRatis.java:triggerPipelineClose(575)) - pipeline Action CLOSE  on pipeline PipelineID=d65c79fe-fa59-49e1-a6a1-012f5f91b630.Reason : WriteLog:33: (t:1, i:33), STATEMACHINELOGENTRY, client-CC55B186F28B, cid=71-writeStateMachineData interrupted.
2019-09-17 11:52:03,235 [ForkJoinPool.commonPool-worker-1] INFO  segmented.SegmentedRaftLogWorker (SegmentedRaftLogWorker.java:close(228)) - 478df2fd-32fa-402c-a09a-4121263fb7de@group-012F5F91B630-SegmentedRaftLogWorker close()
2019-09-17 11:52:03,239 [ForkJoinPool.commonPool-worker-1] INFO  impl.RaftServerImpl (RaftServerImpl.java:lambda$shutdown$3(251)) - 478df2fd-32fa-402c-a09a-4121263fb7de@group-9DB8872ABD09: shutdown
2019-09-17 11:52:03,240 [ForkJoinPool.commonPool-worker-1] INFO  util.JmxRegister (JmxRegister.java:unregister(73)) - Successfully un-registered JMX Bean with object name Ratis:service=RaftServer,group=group-9DB8872ABD09,id=478df2fd-32fa-402c-a09a-4121263fb7de
2019-09-17 11:52:03,240 [ForkJoinPool.commonPool-worker-1] INFO  impl.RoleInfo (RoleInfo.java:shutdownLeaderState(104)) - 478df2fd-32fa-402c-a09a-4121263fb7de: shutdown LeaderState
2019-09-17 11:52:03,240 [ForkJoinPool.commonPool-worker-1] INFO  impl.PendingRequests (PendingRequests.java:sendNotLeaderResponses(202)) - 478df2fd-32fa-402c-a09a-4121263fb7de-PendingRequests: sendNotLeaderResponses
2019-09-17 11:52:03,240 [ForkJoinPool.commonPool-worker-1] INFO  impl.StateMachineUpdater (StateMachineUpdater.java:stopAndJoin(125)) - 478df2fd-32fa-402c-a09a-4121263fb7de@group-9DB8872ABD09-StateMachineUpdater: set stopIndex = 0
2019-09-17 11:52:03,241 [ForkJoinPool.commonPool-worker-1] INFO  impl.RaftServerImpl (ServerState.java:close(385)) - 478df2fd-32fa-402c-a09a-4121263fb7de@group-9DB8872ABD09: closes. applyIndex: 0
2019-09-17 11:52:03,241 [478df2fd-32fa-402c-a09a-4121263fb7de@group-9DB8872ABD09-SegmentedRaftLogWorker] INFO  segmented.SegmentedRaftLogWorker (SegmentedRaftLogWorker.java:run(313)) - 478df2fd-32fa-402c-a09a-4121263fb7de@group-9DB8872ABD09-SegmentedRaftLogWorker was interrupted, exiting. There are 0 tasks remaining in the queue.
2019-09-17 11:52:03,243 [ForkJoinPool.commonPool-worker-1] INFO  segmented.SegmentedRaftLogWorker (SegmentedRaftLogWorker.java:close(228)) - 478df2fd-32fa-402c-a09a-4121263fb7de@group-9DB8872ABD09-SegmentedRaftLogWorker close()
2019-09-17 11:52:03,247 [main] INFO  segmented.SegmentedRaftLogWorker (SegmentedRaftLogWorker.java:close(228)) - 90cc32e6-bdd6-4f93-abb1-bc520dd025bc@group-B3F5A0A8BDBD-SegmentedRaftLogWorker close()
2019-09-17 11:52:03,247 [ForkJoinPool.commonPool-worker-1] INFO  server.GrpcService (GrpcService.java:closeImpl(164)) - 478df2fd-32fa-402c-a09a-4121263fb7de: shutdown server with port 32795 now
2019-09-17 11:52:03,251 [main] INFO  server.GrpcService (GrpcService.java:closeImpl(164)) - 90cc32e6-bdd6-4f93-abb1-bc520dd025bc: shutdown server with port 33403 now
2019-09-17 11:52:03,252 [grpc-default-executor-3] WARN  server.GrpcServerProtocolService (LogUtils.java:warn(134)) - 478df2fd-32fa-402c-a09a-4121263fb7de: installSnapshot onError, lastRequest: 166adff3-52d0-4f60-8e58-0e12ed96f4bf->478df2fd-32fa-402c-a09a-4121263fb7de#176-t1, previous=(t:1, i:36), leaderCommit=32, initializing? false, entries: <empty>: org.apache.ratis.thirdparty.io.grpc.StatusRuntimeException: CANCELLED: cancelled before receiving half close
2019-09-17 11:52:03,252 [ForkJoinPool.commonPool-worker-1] INFO  server.GrpcService (GrpcService.java:closeImpl(172)) - 478df2fd-32fa-402c-a09a-4121263fb7de: shutdown server with port 32795 successfully
2019-09-17 11:52:03,257 [grpc-default-executor-2] WARN  server.GrpcServerProtocolService (LogUtils.java:warn(134)) - 90cc32e6-bdd6-4f93-abb1-bc520dd025bc: installSnapshot onError, lastRequest: ee155057-4acb-4f3f-9013-4bd3c5a101b6->90cc32e6-bdd6-4f93-abb1-bc520dd025bc#160-t2, previous=(t:2, i:20), leaderCommit=16, initializing? false, entries: <empty>: org.apache.ratis.thirdparty.io.grpc.StatusRuntimeException: CANCELLED: cancelled before receiving half close
2019-09-17 11:52:03,257 [grpc-default-executor-0] WARN  server.GrpcLogAppender (LogUtils.java:warn(134)) - ee155057-4acb-4f3f-9013-4bd3c5a101b6@group-B3F5A0A8BDBD->90cc32e6-bdd6-4f93-abb1-bc520dd025bc-AppendLogResponseHandler: Failed appendEntries: org.apache.ratis.thirdparty.io.grpc.StatusRuntimeException: CANCELLED: HTTP/2 error code: CANCEL
Received Rst Stream
2019-09-17 11:52:03,257 [main] INFO  server.GrpcService (GrpcService.java:closeImpl(172)) - 90cc32e6-bdd6-4f93-abb1-bc520dd025bc: shutdown server with port 33403 successfully
2019-09-17 11:52:03,258 [grpc-default-executor-0] INFO  impl.FollowerInfo (FollowerInfo.java:lambda$new$0(51)) - ee155057-4acb-4f3f-9013-4bd3c5a101b6@group-B3F5A0A8BDBD->90cc32e6-bdd6-4f93-abb1-bc520dd025bc: nextIndex: updateUnconditionally 21 -> 17
2019-09-17 11:52:03,260 [grpc-default-executor-4] WARN  server.GrpcLogAppender (LogUtils.java:warn(134)) - 166adff3-52d0-4f60-8e58-0e12ed96f4bf@group-012F5F91B630->478df2fd-32fa-402c-a09a-4121263fb7de-AppendLogResponseHandler: Failed appendEntries: org.apache.ratis.thirdparty.io.grpc.StatusRuntimeException: CANCELLED: HTTP/2 error code: CANCEL
Received Rst Stream
2019-09-17 11:52:03,260 [grpc-default-executor-4] INFO  impl.FollowerInfo (FollowerInfo.java:lambda$new$0(51)) - 166adff3-52d0-4f60-8e58-0e12ed96f4bf@group-012F5F91B630->478df2fd-32fa-402c-a09a-4121263fb7de: nextIndex: updateUnconditionally 37 -> 33
2019-09-17 11:52:03,261 [refreshUsed-/tmp/workdir/hadoop-ozone/integration-test/target/test-dir/MiniOzoneClusterImpl-aba007c7-aff0-48a6-9a1c-5b8514ff46fc/datanode-5/data/containers] WARN  fs.CachingGetSpaceUsed (CachingGetSpaceUsed.java:run(183)) - Thread Interrupted waiting to refresh disk information: sleep interrupted
2019-09-17 11:52:03,263 [refreshUsed-/tmp/workdir/hadoop-ozone/integration-test/target/test-dir/MiniOzoneClusterImpl-aba007c7-aff0-48a6-9a1c-5b8514ff46fc/datanode-2/data/containers] WARN  fs.CachingGetSpaceUsed (CachingGetSpaceUsed.java:run(183)) - Thread Interrupted waiting to refresh disk information: sleep interrupted
2019-09-17 11:52:03,438 [main] INFO  utils.BackgroundService (BackgroundService.java:shutdown(148)) - Shutting down service BlockDeletingService
2019-09-17 11:52:03,443 [main] INFO  statemachine.DatanodeStateMachine (DatanodeStateMachine.java:stopDaemon(395)) - Ozone container server stopped.
2019-09-17 11:52:03,444 [main] INFO  handler.ContextHandler (ContextHandler.java:doStop(910)) - Stopped o.e.j.w.WebAppContext@1c26273d{/,null,UNAVAILABLE}{/hddsDatanode}
2019-09-17 11:52:03,444 [main] INFO  server.AbstractConnector (AbstractConnector.java:doStop(318)) - Stopped ServerConnector@3a37a501{HTTP/1.1,[http/1.1]}{0.0.0.0:0}
2019-09-17 11:52:03,445 [main] INFO  handler.ContextHandler (ContextHandler.java:doStop(910)) - Stopped o.e.j.s.ServletContextHandler@2370ac7a{/static,jar:file:/home/user/.m2/repository/org/apache/hadoop/hadoop-hdds-container-service/0.5.0-SNAPSHOT/hadoop-hdds-container-service-0.5.0-SNAPSHOT.jar!/webapps/static,UNAVAILABLE}
2019-09-17 11:52:03,445 [main] INFO  handler.ContextHandler (ContextHandler.java:doStop(910)) - Stopped o.e.j.s.ServletContextHandler@117d32e{/logs,file:///tmp/workdir/hadoop-ozone/integration-test/target/log,UNAVAILABLE}
2019-09-17 11:52:03,448 [ForkJoinPool.commonPool-worker-1] INFO  utils.BackgroundService (BackgroundService.java:shutdown(148)) - Shutting down service BlockDeletingService
2019-09-17 11:52:03,452 [ForkJoinPool.commonPool-worker-1] INFO  statemachine.DatanodeStateMachine (DatanodeStateMachine.java:stopDaemon(395)) - Ozone container server stopped.
2019-09-17 11:52:03,455 [ForkJoinPool.commonPool-worker-1] INFO  handler.ContextHandler (ContextHandler.java:doStop(910)) - Stopped o.e.j.w.WebAppContext@fc807c1{/,null,UNAVAILABLE}{/hddsDatanode}
2019-09-17 11:52:03,456 [ForkJoinPool.commonPool-worker-1] INFO  server.AbstractConnector (AbstractConnector.java:doStop(318)) - Stopped ServerConnector@296e281a{HTTP/1.1,[http/1.1]}{0.0.0.0:0}
2019-09-17 11:52:03,457 [ForkJoinPool.commonPool-worker-1] INFO  handler.ContextHandler (ContextHandler.java:doStop(910)) - Stopped o.e.j.s.ServletContextHandler@4d95a72e{/static,jar:file:/home/user/.m2/repository/org/apache/hadoop/hadoop-hdds-container-service/0.5.0-SNAPSHOT/hadoop-hdds-container-service-0.5.0-SNAPSHOT.jar!/webapps/static,UNAVAILABLE}
2019-09-17 11:52:03,458 [ForkJoinPool.commonPool-worker-1] INFO  handler.ContextHandler (ContextHandler.java:doStop(910)) - Stopped o.e.j.s.ServletContextHandler@44536de4{/logs,file:///tmp/workdir/hadoop-ozone/integration-test/target/log,UNAVAILABLE}
2019-09-17 11:52:03,516 [java.util.concurrent.ThreadPoolExecutor$Worker@9b33cb9[State = -1, empty queue]] WARN  server.GrpcLogAppender (GrpcLogAppender.java:timeoutAppendRequest(200)) - 166adff3-52d0-4f60-8e58-0e12ed96f4bf@group-012F5F91B630->ab50ed4d-57db-4f38-bd59-74c03932909c-GrpcLogAppender: appendEntries Timeout, request=166adff3-52d0-4f60-8e58-0e12ed96f4bf->ab50ed4d-57db-4f38-bd59-74c03932909c#171-t1, previous=(t:1, i:36), leaderCommit=32, initializing? false, entries: <empty>
2019-09-17 11:52:03,521 [grpc-default-executor-1] WARN  server.GrpcLogAppender (LogUtils.java:warn(134)) - 166adff3-52d0-4f60-8e58-0e12ed96f4bf@group-012F5F91B630->478df2fd-32fa-402c-a09a-4121263fb7de-AppendLogResponseHandler: Failed appendEntries: org.apache.ratis.thirdparty.io.grpc.StatusRuntimeException: UNAVAILABLE: io exception
2019-09-17 11:52:03,521 [grpc-default-executor-1] INFO  impl.FollowerInfo (FollowerInfo.java:lambda$new$0(51)) - 166adff3-52d0-4f60-8e58-0e12ed96f4bf@group-012F5F91B630->478df2fd-32fa-402c-a09a-4121263fb7de: nextIndex: updateUnconditionally 33 -> 32
2019-09-17 11:52:03,666 [java.util.concurrent.ThreadPoolExecutor$Worker@3cd8d43b[State = -1, empty queue]] WARN  server.GrpcLogAppender (GrpcLogAppender.java:timeoutAppendRequest(200)) - ee155057-4acb-4f3f-9013-4bd3c5a101b6@group-B3F5A0A8BDBD->533f21c9-6148-4926-981b-3030ea271196-GrpcLogAppender: appendEntries Timeout, request=ee155057-4acb-4f3f-9013-4bd3c5a101b6->533f21c9-6148-4926-981b-3030ea271196#155-t2, previous=(t:2, i:20), leaderCommit=16, initializing? false, entries: <empty>
2019-09-17 11:52:03,670 [grpc-default-executor-2] WARN  server.GrpcLogAppender (LogUtils.java:warn(134)) - ee155057-4acb-4f3f-9013-4bd3c5a101b6@group-B3F5A0A8BDBD->90cc32e6-bdd6-4f93-abb1-bc520dd025bc-AppendLogResponseHandler: Failed appendEntries: org.apache.ratis.thirdparty.io.grpc.StatusRuntimeException: UNAVAILABLE: io exception
2019-09-17 11:52:03,670 [grpc-default-executor-2] INFO  impl.FollowerInfo (FollowerInfo.java:lambda$new$0(51)) - ee155057-4acb-4f3f-9013-4bd3c5a101b6@group-B3F5A0A8BDBD->90cc32e6-bdd6-4f93-abb1-bc520dd025bc: nextIndex: updateUnconditionally 17 -> 16
2019-09-17 11:52:03,888 [Thread-1508] INFO  impl.FollowerState (FollowerState.java:run(106)) - db5c95e9-dab2-4d3b-9775-2e3d4de03f2d:group-4033F378C501 changes to CANDIDATE, lastRpcTime:1182, electionTimeout:1182ms
2019-09-17 11:52:03,888 [Thread-1508] INFO  impl.RoleInfo (RoleInfo.java:shutdownFollowerState(121)) - db5c95e9-dab2-4d3b-9775-2e3d4de03f2d: shutdown FollowerState
2019-09-17 11:52:03,888 [Thread-1508] INFO  impl.RaftServerImpl (RaftServerImpl.java:setRole(174)) - db5c95e9-dab2-4d3b-9775-2e3d4de03f2d@group-4033F378C501: changes role from  FOLLOWER to CANDIDATE at term 30 for changeToCandidate
2019-09-17 11:52:03,889 [Thread-1508] INFO  impl.RoleInfo (RoleInfo.java:updateAndGet(143)) - db5c95e9-dab2-4d3b-9775-2e3d4de03f2d: start LeaderElection
2019-09-17 11:52:03,917 [db5c95e9-dab2-4d3b-9775-2e3d4de03f2d@group-4033F378C501:LeaderElection46] INFO  impl.LeaderElection (LeaderElection.java:askForVotes(182)) - db5c95e9-dab2-4d3b-9775-2e3d4de03f2d@group-4033F378C501:LeaderElection46: begin an election at term 31 for 0: [768e87e1-01a1-4abe-adbb-724fc729cfde:192.168.157.219:39557, 0efbdbeb-0caf-4be4-a340-f9adf92e227b:192.168.157.219:42903, db5c95e9-dab2-4d3b-9775-2e3d4de03f2d:192.168.157.219:43472], old=null
2019-09-17 11:52:03,918 [db5c95e9-dab2-4d3b-9775-2e3d4de03f2d@group-4033F378C501:LeaderElection46] INFO  impl.LeaderElection (LogUtils.java:infoOrTrace(149)) - db5c95e9-dab2-4d3b-9775-2e3d4de03f2d@group-4033F378C501:LeaderElection46 got exception when requesting votes: {}
java.util.concurrent.ExecutionException: org.apache.ratis.thirdparty.io.grpc.StatusRuntimeException: UNAVAILABLE: io exception
	at java.util.concurrent.FutureTask.report(FutureTask.java:122)
	at java.util.concurrent.FutureTask.get(FutureTask.java:192)
	at org.apache.ratis.server.impl.LeaderElection.waitForResults(LeaderElection.java:263)
	at org.apache.ratis.server.impl.LeaderElection.askForVotes(LeaderElection.java:201)
	at org.apache.ratis.server.impl.LeaderElection.run(LeaderElection.java:133)
	at java.lang.Thread.run(Thread.java:748)
Caused by: org.apache.ratis.thirdparty.io.grpc.StatusRuntimeException: UNAVAILABLE: io exception
	at org.apache.ratis.thirdparty.io.grpc.stub.ClientCalls.toStatusRuntimeException(ClientCalls.java:233)
	at org.apache.ratis.thirdparty.io.grpc.stub.ClientCalls.getUnchecked(ClientCalls.java:214)
	at org.apache.ratis.thirdparty.io.grpc.stub.ClientCalls.blockingUnaryCall(ClientCalls.java:139)
	at org.apache.ratis.proto.grpc.RaftServerProtocolServiceGrpc$RaftServerProtocolServiceBlockingStub.requestVote(RaftServerProtocolServiceGrpc.java:265)
	at org.apache.ratis.grpc.server.GrpcServerProtocolClient.requestVote(GrpcServerProtocolClient.java:90)
	at org.apache.ratis.grpc.server.GrpcService.requestVote(GrpcService.java:204)
	at org.apache.ratis.server.impl.LeaderElection.lambda$submitRequests$1(LeaderElection.java:238)
	at java.util.concurrent.FutureTask.run(FutureTask.java:266)
	at java.util.concurrent.Executors$RunnableAdapter.call(Executors.java:511)
	at java.util.concurrent.FutureTask.run(FutureTask.java:266)
	at java.util.concurrent.ThreadPoolExecutor.runWorker(ThreadPoolExecutor.java:1149)
	at java.util.concurrent.ThreadPoolExecutor$Worker.run(ThreadPoolExecutor.java:624)
	... 1 more
Caused by: org.apache.ratis.thirdparty.io.netty.channel.AbstractChannel$AnnotatedConnectException: Connection refused: /192.168.157.219:39557
	at sun.nio.ch.SocketChannelImpl.checkConnect(Native Method)
	at sun.nio.ch.SocketChannelImpl.finishConnect(SocketChannelImpl.java:717)
	at org.apache.ratis.thirdparty.io.netty.channel.socket.nio.NioSocketChannel.doFinishConnect(NioSocketChannel.java:327)
	at org.apache.ratis.thirdparty.io.netty.channel.nio.AbstractNioChannel$AbstractNioUnsafe.finishConnect(AbstractNioChannel.java:340)
	at org.apache.ratis.thirdparty.io.netty.channel.nio.NioEventLoop.processSelectedKey(NioEventLoop.java:632)
	at org.apache.ratis.thirdparty.io.netty.channel.nio.NioEventLoop.processSelectedKeysOptimized(NioEventLoop.java:579)
	at org.apache.ratis.thirdparty.io.netty.channel.nio.NioEventLoop.processSelectedKeys(NioEventLoop.java:496)
	at org.apache.ratis.thirdparty.io.netty.channel.nio.NioEventLoop.run(NioEventLoop.java:458)
	at org.apache.ratis.thirdparty.io.netty.util.concurrent.SingleThreadEventExecutor$5.run(SingleThreadEventExecutor.java:897)
	at org.apache.ratis.thirdparty.io.netty.util.concurrent.FastThreadLocalRunnable.run(FastThreadLocalRunnable.java:30)
	... 1 more
Caused by: java.net.ConnectException: Connection refused
	... 11 more
2019-09-17 11:52:03,919 [db5c95e9-dab2-4d3b-9775-2e3d4de03f2d@group-4033F378C501:LeaderElection46] INFO  impl.LeaderElection (LogUtils.java:infoOrTrace(149)) - db5c95e9-dab2-4d3b-9775-2e3d4de03f2d@group-4033F378C501:LeaderElection46 got exception when requesting votes: {}
java.util.concurrent.ExecutionException: org.apache.ratis.thirdparty.io.grpc.StatusRuntimeException: UNAVAILABLE: io exception
	at java.util.concurrent.FutureTask.report(FutureTask.java:122)
	at java.util.concurrent.FutureTask.get(FutureTask.java:192)
	at org.apache.ratis.server.impl.LeaderElection.waitForResults(LeaderElection.java:263)
	at org.apache.ratis.server.impl.LeaderElection.askForVotes(LeaderElection.java:201)
	at org.apache.ratis.server.impl.LeaderElection.run(LeaderElection.java:133)
	at java.lang.Thread.run(Thread.java:748)
Caused by: org.apache.ratis.thirdparty.io.grpc.StatusRuntimeException: UNAVAILABLE: io exception
	at org.apache.ratis.thirdparty.io.grpc.stub.ClientCalls.toStatusRuntimeException(ClientCalls.java:233)
	at org.apache.ratis.thirdparty.io.grpc.stub.ClientCalls.getUnchecked(ClientCalls.java:214)
	at org.apache.ratis.thirdparty.io.grpc.stub.ClientCalls.blockingUnaryCall(ClientCalls.java:139)
	at org.apache.ratis.proto.grpc.RaftServerProtocolServiceGrpc$RaftServerProtocolServiceBlockingStub.requestVote(RaftServerProtocolServiceGrpc.java:265)
	at org.apache.ratis.grpc.server.GrpcServerProtocolClient.requestVote(GrpcServerProtocolClient.java:90)
	at org.apache.ratis.grpc.server.GrpcService.requestVote(GrpcService.java:204)
	at org.apache.ratis.server.impl.LeaderElection.lambda$submitRequests$1(LeaderElection.java:238)
	at java.util.concurrent.FutureTask.run(FutureTask.java:266)
	at java.util.concurrent.Executors$RunnableAdapter.call(Executors.java:511)
	at java.util.concurrent.FutureTask.run(FutureTask.java:266)
	at java.util.concurrent.ThreadPoolExecutor.runWorker(ThreadPoolExecutor.java:1149)
	at java.util.concurrent.ThreadPoolExecutor$Worker.run(ThreadPoolExecutor.java:624)
	... 1 more
Caused by: org.apache.ratis.thirdparty.io.netty.channel.AbstractChannel$AnnotatedConnectException: Connection refused: /192.168.157.219:42903
	at sun.nio.ch.SocketChannelImpl.checkConnect(Native Method)
	at sun.nio.ch.SocketChannelImpl.finishConnect(SocketChannelImpl.java:717)
	at org.apache.ratis.thirdparty.io.netty.channel.socket.nio.NioSocketChannel.doFinishConnect(NioSocketChannel.java:327)
	at org.apache.ratis.thirdparty.io.netty.channel.nio.AbstractNioChannel$AbstractNioUnsafe.finishConnect(AbstractNioChannel.java:340)
	at org.apache.ratis.thirdparty.io.netty.channel.nio.NioEventLoop.processSelectedKey(NioEventLoop.java:632)
	at org.apache.ratis.thirdparty.io.netty.channel.nio.NioEventLoop.processSelectedKeysOptimized(NioEventLoop.java:579)
	at org.apache.ratis.thirdparty.io.netty.channel.nio.NioEventLoop.processSelectedKeys(NioEventLoop.java:496)
	at org.apache.ratis.thirdparty.io.netty.channel.nio.NioEventLoop.run(NioEventLoop.java:458)
	at org.apache.ratis.thirdparty.io.netty.util.concurrent.SingleThreadEventExecutor$5.run(SingleThreadEventExecutor.java:897)
	at org.apache.ratis.thirdparty.io.netty.util.concurrent.FastThreadLocalRunnable.run(FastThreadLocalRunnable.java:30)
	... 1 more
Caused by: java.net.ConnectException: Connection refused
	... 11 more
2019-09-17 11:52:03,919 [db5c95e9-dab2-4d3b-9775-2e3d4de03f2d@group-4033F378C501:LeaderElection46] INFO  impl.LeaderElection (LeaderElection.java:logAndReturn(56)) - db5c95e9-dab2-4d3b-9775-2e3d4de03f2d@group-4033F378C501:LeaderElection46: Election REJECTED; received 0 response(s) [] and 2 exception(s); db5c95e9-dab2-4d3b-9775-2e3d4de03f2d@group-4033F378C501:t31, leader=null, voted=db5c95e9-dab2-4d3b-9775-2e3d4de03f2d, raftlog=db5c95e9-dab2-4d3b-9775-2e3d4de03f2d@group-4033F378C501-SegmentedRaftLog:OPENED:c28,f28,i28, conf=0: [768e87e1-01a1-4abe-adbb-724fc729cfde:192.168.157.219:39557, 0efbdbeb-0caf-4be4-a340-f9adf92e227b:192.168.157.219:42903, db5c95e9-dab2-4d3b-9775-2e3d4de03f2d:192.168.157.219:43472], old=null
2019-09-17 11:52:03,920 [db5c95e9-dab2-4d3b-9775-2e3d4de03f2d@group-4033F378C501:LeaderElection46] INFO  impl.LeaderElection (LogUtils.java:infoOrTrace(149)) -   Exception 0: {}
java.util.concurrent.ExecutionException: org.apache.ratis.thirdparty.io.grpc.StatusRuntimeException: UNAVAILABLE: io exception
	at java.util.concurrent.FutureTask.report(FutureTask.java:122)
	at java.util.concurrent.FutureTask.get(FutureTask.java:192)
	at org.apache.ratis.server.impl.LeaderElection.waitForResults(LeaderElection.java:263)
	at org.apache.ratis.server.impl.LeaderElection.askForVotes(LeaderElection.java:201)
	at org.apache.ratis.server.impl.LeaderElection.run(LeaderElection.java:133)
	at java.lang.Thread.run(Thread.java:748)
Caused by: org.apache.ratis.thirdparty.io.grpc.StatusRuntimeException: UNAVAILABLE: io exception
	at org.apache.ratis.thirdparty.io.grpc.stub.ClientCalls.toStatusRuntimeException(ClientCalls.java:233)
	at org.apache.ratis.thirdparty.io.grpc.stub.ClientCalls.getUnchecked(ClientCalls.java:214)
	at org.apache.ratis.thirdparty.io.grpc.stub.ClientCalls.blockingUnaryCall(ClientCalls.java:139)
	at org.apache.ratis.proto.grpc.RaftServerProtocolServiceGrpc$RaftServerProtocolServiceBlockingStub.requestVote(RaftServerProtocolServiceGrpc.java:265)
	at org.apache.ratis.grpc.server.GrpcServerProtocolClient.requestVote(GrpcServerProtocolClient.java:90)
	at org.apache.ratis.grpc.server.GrpcService.requestVote(GrpcService.java:204)
	at org.apache.ratis.server.impl.LeaderElection.lambda$submitRequests$1(LeaderElection.java:238)
	at java.util.concurrent.FutureTask.run(FutureTask.java:266)
	at java.util.concurrent.Executors$RunnableAdapter.call(Executors.java:511)
	at java.util.concurrent.FutureTask.run(FutureTask.java:266)
	at java.util.concurrent.ThreadPoolExecutor.runWorker(ThreadPoolExecutor.java:1149)
	at java.util.concurrent.ThreadPoolExecutor$Worker.run(ThreadPoolExecutor.java:624)
	... 1 more
Caused by: org.apache.ratis.thirdparty.io.netty.channel.AbstractChannel$AnnotatedConnectException: Connection refused: /192.168.157.219:39557
	at sun.nio.ch.SocketChannelImpl.checkConnect(Native Method)
	at sun.nio.ch.SocketChannelImpl.finishConnect(SocketChannelImpl.java:717)
	at org.apache.ratis.thirdparty.io.netty.channel.socket.nio.NioSocketChannel.doFinishConnect(NioSocketChannel.java:327)
	at org.apache.ratis.thirdparty.io.netty.channel.nio.AbstractNioChannel$AbstractNioUnsafe.finishConnect(AbstractNioChannel.java:340)
	at org.apache.ratis.thirdparty.io.netty.channel.nio.NioEventLoop.processSelectedKey(NioEventLoop.java:632)
	at org.apache.ratis.thirdparty.io.netty.channel.nio.NioEventLoop.processSelectedKeysOptimized(NioEventLoop.java:579)
	at org.apache.ratis.thirdparty.io.netty.channel.nio.NioEventLoop.processSelectedKeys(NioEventLoop.java:496)
	at org.apache.ratis.thirdparty.io.netty.channel.nio.NioEventLoop.run(NioEventLoop.java:458)
	at org.apache.ratis.thirdparty.io.netty.util.concurrent.SingleThreadEventExecutor$5.run(SingleThreadEventExecutor.java:897)
	at org.apache.ratis.thirdparty.io.netty.util.concurrent.FastThreadLocalRunnable.run(FastThreadLocalRunnable.java:30)
	... 1 more
Caused by: java.net.ConnectException: Connection refused
	... 11 more
2019-09-17 11:52:03,920 [db5c95e9-dab2-4d3b-9775-2e3d4de03f2d@group-4033F378C501:LeaderElection46] INFO  impl.LeaderElection (LogUtils.java:infoOrTrace(149)) -   Exception 1: {}
java.util.concurrent.ExecutionException: org.apache.ratis.thirdparty.io.grpc.StatusRuntimeException: UNAVAILABLE: io exception
	at java.util.concurrent.FutureTask.report(FutureTask.java:122)
	at java.util.concurrent.FutureTask.get(FutureTask.java:192)
	at org.apache.ratis.server.impl.LeaderElection.waitForResults(LeaderElection.java:263)
	at org.apache.ratis.server.impl.LeaderElection.askForVotes(LeaderElection.java:201)
	at org.apache.ratis.server.impl.LeaderElection.run(LeaderElection.java:133)
	at java.lang.Thread.run(Thread.java:748)
Caused by: org.apache.ratis.thirdparty.io.grpc.StatusRuntimeException: UNAVAILABLE: io exception
	at org.apache.ratis.thirdparty.io.grpc.stub.ClientCalls.toStatusRuntimeException(ClientCalls.java:233)
	at org.apache.ratis.thirdparty.io.grpc.stub.ClientCalls.getUnchecked(ClientCalls.java:214)
	at org.apache.ratis.thirdparty.io.grpc.stub.ClientCalls.blockingUnaryCall(ClientCalls.java:139)
	at org.apache.ratis.proto.grpc.RaftServerProtocolServiceGrpc$RaftServerProtocolServiceBlockingStub.requestVote(RaftServerProtocolServiceGrpc.java:265)
	at org.apache.ratis.grpc.server.GrpcServerProtocolClient.requestVote(GrpcServerProtocolClient.java:90)
	at org.apache.ratis.grpc.server.GrpcService.requestVote(GrpcService.java:204)
	at org.apache.ratis.server.impl.LeaderElection.lambda$submitRequests$1(LeaderElection.java:238)
	at java.util.concurrent.FutureTask.run(FutureTask.java:266)
	at java.util.concurrent.Executors$RunnableAdapter.call(Executors.java:511)
	at java.util.concurrent.FutureTask.run(FutureTask.java:266)
	at java.util.concurrent.ThreadPoolExecutor.runWorker(ThreadPoolExecutor.java:1149)
	at java.util.concurrent.ThreadPoolExecutor$Worker.run(ThreadPoolExecutor.java:624)
	... 1 more
Caused by: org.apache.ratis.thirdparty.io.netty.channel.AbstractChannel$AnnotatedConnectException: Connection refused: /192.168.157.219:42903
	at sun.nio.ch.SocketChannelImpl.checkConnect(Native Method)
	at sun.nio.ch.SocketChannelImpl.finishConnect(SocketChannelImpl.java:717)
	at org.apache.ratis.thirdparty.io.netty.channel.socket.nio.NioSocketChannel.doFinishConnect(NioSocketChannel.java:327)
	at org.apache.ratis.thirdparty.io.netty.channel.nio.AbstractNioChannel$AbstractNioUnsafe.finishConnect(AbstractNioChannel.java:340)
	at org.apache.ratis.thirdparty.io.netty.channel.nio.NioEventLoop.processSelectedKey(NioEventLoop.java:632)
	at org.apache.ratis.thirdparty.io.netty.channel.nio.NioEventLoop.processSelectedKeysOptimized(NioEventLoop.java:579)
	at org.apache.ratis.thirdparty.io.netty.channel.nio.NioEventLoop.processSelectedKeys(NioEventLoop.java:496)
	at org.apache.ratis.thirdparty.io.netty.channel.nio.NioEventLoop.run(NioEventLoop.java:458)
	at org.apache.ratis.thirdparty.io.netty.util.concurrent.SingleThreadEventExecutor$5.run(SingleThreadEventExecutor.java:897)
	at org.apache.ratis.thirdparty.io.netty.util.concurrent.FastThreadLocalRunnable.run(FastThreadLocalRunnable.java:30)
	... 1 more
Caused by: java.net.ConnectException: Connection refused
	... 11 more
2019-09-17 11:52:03,921 [db5c95e9-dab2-4d3b-9775-2e3d4de03f2d@group-4033F378C501:LeaderElection46] INFO  impl.RaftServerImpl (RaftServerImpl.java:setRole(174)) - db5c95e9-dab2-4d3b-9775-2e3d4de03f2d@group-4033F378C501: changes role from CANDIDATE to FOLLOWER at term 31 for DISCOVERED_A_NEW_TERM
2019-09-17 11:52:03,921 [db5c95e9-dab2-4d3b-9775-2e3d4de03f2d@group-4033F378C501:LeaderElection46] INFO  impl.RoleInfo (RoleInfo.java:shutdownLeaderElection(134)) - db5c95e9-dab2-4d3b-9775-2e3d4de03f2d: shutdown LeaderElection
2019-09-17 11:52:03,921 [db5c95e9-dab2-4d3b-9775-2e3d4de03f2d@group-4033F378C501:LeaderElection46] INFO  impl.RoleInfo (RoleInfo.java:updateAndGet(143)) - db5c95e9-dab2-4d3b-9775-2e3d4de03f2d: start FollowerState
2019-09-17 11:52:04,016 [java.util.concurrent.ThreadPoolExecutor$Worker@9b33cb9[State = -1, empty queue]] WARN  server.GrpcLogAppender (GrpcLogAppender.java:timeoutAppendRequest(200)) - 166adff3-52d0-4f60-8e58-0e12ed96f4bf@group-012F5F91B630->ab50ed4d-57db-4f38-bd59-74c03932909c-GrpcLogAppender: appendEntries Timeout, request=166adff3-52d0-4f60-8e58-0e12ed96f4bf->ab50ed4d-57db-4f38-bd59-74c03932909c#172-t1, previous=(t:1, i:36), leaderCommit=32, initializing? false, entries: <empty>
2019-09-17 11:52:04,021 [grpc-default-executor-1] WARN  server.GrpcLogAppender (LogUtils.java:warn(134)) - 166adff3-52d0-4f60-8e58-0e12ed96f4bf@group-012F5F91B630->478df2fd-32fa-402c-a09a-4121263fb7de-AppendLogResponseHandler: Failed appendEntries: org.apache.ratis.thirdparty.io.grpc.StatusRuntimeException: UNAVAILABLE: io exception
2019-09-17 11:52:04,021 [grpc-default-executor-1] INFO  impl.FollowerInfo (FollowerInfo.java:lambda$new$0(51)) - 166adff3-52d0-4f60-8e58-0e12ed96f4bf@group-012F5F91B630->478df2fd-32fa-402c-a09a-4121263fb7de: nextIndex: updateUnconditionally 32 -> 31
2019-09-17 11:52:04,085 [Datanode State Machine Thread - 0] INFO  statemachine.DatanodeStateMachine (DatanodeStateMachine.java:lambda$startDaemon$0(350)) - Ozone container server started.
2019-09-17 11:52:04,086 [Datanode State Machine Thread - 0] INFO  statemachine.DatanodeStateMachine (DatanodeStateMachine.java:lambda$startDaemon$0(350)) - Ozone container server started.
2019-09-17 11:52:04,166 [java.util.concurrent.ThreadPoolExecutor$Worker@3cd8d43b[State = -1, empty queue]] WARN  server.GrpcLogAppender (GrpcLogAppender.java:timeoutAppendRequest(200)) - ee155057-4acb-4f3f-9013-4bd3c5a101b6@group-B3F5A0A8BDBD->533f21c9-6148-4926-981b-3030ea271196-GrpcLogAppender: appendEntries Timeout, request=ee155057-4acb-4f3f-9013-4bd3c5a101b6->533f21c9-6148-4926-981b-3030ea271196#156-t2, previous=(t:2, i:20), leaderCommit=16, initializing? false, entries: <empty>
2019-09-17 11:52:04,171 [grpc-default-executor-2] WARN  server.GrpcLogAppender (LogUtils.java:warn(134)) - ee155057-4acb-4f3f-9013-4bd3c5a101b6@group-B3F5A0A8BDBD->90cc32e6-bdd6-4f93-abb1-bc520dd025bc-AppendLogResponseHandler: Failed appendEntries: org.apache.ratis.thirdparty.io.grpc.StatusRuntimeException: UNAVAILABLE: io exception
2019-09-17 11:52:04,172 [grpc-default-executor-2] INFO  impl.FollowerInfo (FollowerInfo.java:lambda$new$0(51)) - ee155057-4acb-4f3f-9013-4bd3c5a101b6@group-B3F5A0A8BDBD->90cc32e6-bdd6-4f93-abb1-bc520dd025bc: nextIndex: updateUnconditionally 16 -> 15
2019-09-17 11:52:04,516 [java.util.concurrent.ThreadPoolExecutor$Worker@9b33cb9[State = -1, empty queue]] WARN  server.GrpcLogAppender (GrpcLogAppender.java:timeoutAppendRequest(200)) - 166adff3-52d0-4f60-8e58-0e12ed96f4bf@group-012F5F91B630->ab50ed4d-57db-4f38-bd59-74c03932909c-GrpcLogAppender: appendEntries Timeout, request=166adff3-52d0-4f60-8e58-0e12ed96f4bf->ab50ed4d-57db-4f38-bd59-74c03932909c#173-t1, previous=(t:1, i:36), leaderCommit=32, initializing? false, entries: <empty>
2019-09-17 11:52:04,522 [grpc-default-executor-4] WARN  server.GrpcLogAppender (LogUtils.java:warn(134)) - 166adff3-52d0-4f60-8e58-0e12ed96f4bf@group-012F5F91B630->478df2fd-32fa-402c-a09a-4121263fb7de-AppendLogResponseHandler: Failed appendEntries: org.apache.ratis.thirdparty.io.grpc.StatusRuntimeException: UNAVAILABLE: io exception
2019-09-17 11:52:04,523 [grpc-default-executor-4] INFO  impl.FollowerInfo (FollowerInfo.java:lambda$new$0(51)) - 166adff3-52d0-4f60-8e58-0e12ed96f4bf@group-012F5F91B630->478df2fd-32fa-402c-a09a-4121263fb7de: nextIndex: updateUnconditionally 31 -> 30
2019-09-17 11:52:04,666 [java.util.concurrent.ThreadPoolExecutor$Worker@3cd8d43b[State = -1, empty queue]] WARN  server.GrpcLogAppender (GrpcLogAppender.java:timeoutAppendRequest(200)) - ee155057-4acb-4f3f-9013-4bd3c5a101b6@group-B3F5A0A8BDBD->533f21c9-6148-4926-981b-3030ea271196-GrpcLogAppender: appendEntries Timeout, request=ee155057-4acb-4f3f-9013-4bd3c5a101b6->533f21c9-6148-4926-981b-3030ea271196#157-t2, previous=(t:2, i:20), leaderCommit=16, initializing? false, entries: <empty>
2019-09-17 11:52:04,672 [grpc-default-executor-1] WARN  server.GrpcLogAppender (LogUtils.java:warn(134)) - ee155057-4acb-4f3f-9013-4bd3c5a101b6@group-B3F5A0A8BDBD->90cc32e6-bdd6-4f93-abb1-bc520dd025bc-AppendLogResponseHandler: Failed appendEntries: org.apache.ratis.thirdparty.io.grpc.StatusRuntimeException: UNAVAILABLE: io exception
2019-09-17 11:52:04,672 [grpc-default-executor-1] INFO  impl.FollowerInfo (FollowerInfo.java:lambda$new$0(51)) - ee155057-4acb-4f3f-9013-4bd3c5a101b6@group-B3F5A0A8BDBD->90cc32e6-bdd6-4f93-abb1-bc520dd025bc: nextIndex: updateUnconditionally 15 -> 14
2019-09-17 11:52:04,982 [ee155057-4acb-4f3f-9013-4bd3c5a101b6@group-B3F5A0A8BDBD-SegmentedRaftLogWorker] WARN  segmented.SegmentedRaftLogWorker (SegmentedRaftLogWorker.java:getFromFuture(90)) - Timeout 6/~
org.apache.ratis.protocol.TimeoutIOException: Timeout 10s: WriteLog:17: (t:2, i:17), STATEMACHINELOGENTRY, client-86CC74F3E005, cid=38-writeStateMachineData
	at org.apache.ratis.util.IOUtils.getFromFuture(IOUtils.java:87)
	at org.apache.ratis.server.raftlog.segmented.SegmentedRaftLogWorker$StateMachineDataPolicy.getFromFuture(SegmentedRaftLogWorker.java:87)
	at org.apache.ratis.server.raftlog.segmented.SegmentedRaftLogWorker$WriteLog.execute(SegmentedRaftLogWorker.java:477)
	at org.apache.ratis.server.raftlog.segmented.SegmentedRaftLogWorker.run(SegmentedRaftLogWorker.java:289)
	at java.lang.Thread.run(Thread.java:748)
Caused by: java.util.concurrent.TimeoutException
	at java.util.concurrent.CompletableFuture.timedGet(CompletableFuture.java:1771)
	at java.util.concurrent.CompletableFuture.get(CompletableFuture.java:1915)
	at org.apache.ratis.util.IOUtils.getFromFuture(IOUtils.java:79)
	... 4 more
2019-09-17 11:52:05,012 [Thread-1520] INFO  impl.FollowerState (FollowerState.java:run(106)) - db5c95e9-dab2-4d3b-9775-2e3d4de03f2d:group-4033F378C501 changes to CANDIDATE, lastRpcTime:1091, electionTimeout:1091ms
2019-09-17 11:52:05,013 [Thread-1520] INFO  impl.RoleInfo (RoleInfo.java:shutdownFollowerState(121)) - db5c95e9-dab2-4d3b-9775-2e3d4de03f2d: shutdown FollowerState
2019-09-17 11:52:05,013 [Thread-1520] INFO  impl.RaftServerImpl (RaftServerImpl.java:setRole(174)) - db5c95e9-dab2-4d3b-9775-2e3d4de03f2d@group-4033F378C501: changes role from  FOLLOWER to CANDIDATE at term 31 for changeToCandidate
2019-09-17 11:52:05,013 [Thread-1520] INFO  impl.RoleInfo (RoleInfo.java:updateAndGet(143)) - db5c95e9-dab2-4d3b-9775-2e3d4de03f2d: start LeaderElection
2019-09-17 11:52:05,017 [java.util.concurrent.ThreadPoolExecutor$Worker@9b33cb9[State = -1, empty queue]] WARN  server.GrpcLogAppender (GrpcLogAppender.java:timeoutAppendRequest(200)) - 166adff3-52d0-4f60-8e58-0e12ed96f4bf@group-012F5F91B630->ab50ed4d-57db-4f38-bd59-74c03932909c-GrpcLogAppender: appendEntries Timeout, request=166adff3-52d0-4f60-8e58-0e12ed96f4bf->ab50ed4d-57db-4f38-bd59-74c03932909c#174-t1, previous=(t:1, i:36), leaderCommit=32, initializing? false, entries: <empty>
2019-09-17 11:52:05,023 [grpc-default-executor-2] WARN  server.GrpcLogAppender (LogUtils.java:warn(134)) - 166adff3-52d0-4f60-8e58-0e12ed96f4bf@group-012F5F91B630->478df2fd-32fa-402c-a09a-4121263fb7de-AppendLogResponseHandler: Failed appendEntries: org.apache.ratis.thirdparty.io.grpc.StatusRuntimeException: UNAVAILABLE: io exception
2019-09-17 11:52:05,023 [grpc-default-executor-2] INFO  impl.FollowerInfo (FollowerInfo.java:lambda$new$0(51)) - 166adff3-52d0-4f60-8e58-0e12ed96f4bf@group-012F5F91B630->478df2fd-32fa-402c-a09a-4121263fb7de: nextIndex: updateUnconditionally 30 -> 29
2019-09-17 11:52:05,074 [533f21c9-6148-4926-981b-3030ea271196@group-B3F5A0A8BDBD-SegmentedRaftLogWorker] WARN  segmented.SegmentedRaftLogWorker (SegmentedRaftLogWorker.java:getFromFuture(90)) - Timeout 6/~
org.apache.ratis.protocol.TimeoutIOException: Timeout 10s: WriteLog:19: (t:2, i:19), STATEMACHINELOGENTRY, client-86CC74F3E005, cid=40-writeStateMachineData
	at org.apache.ratis.util.IOUtils.getFromFuture(IOUtils.java:87)
	at org.apache.ratis.server.raftlog.segmented.SegmentedRaftLogWorker$StateMachineDataPolicy.getFromFuture(SegmentedRaftLogWorker.java:87)
	at org.apache.ratis.server.raftlog.segmented.SegmentedRaftLogWorker$WriteLog.execute(SegmentedRaftLogWorker.java:477)
	at org.apache.ratis.server.raftlog.segmented.SegmentedRaftLogWorker.run(SegmentedRaftLogWorker.java:289)
	at java.lang.Thread.run(Thread.java:748)
Caused by: java.util.concurrent.TimeoutException
	at java.util.concurrent.CompletableFuture.timedGet(CompletableFuture.java:1771)
	at java.util.concurrent.CompletableFuture.get(CompletableFuture.java:1915)
	at org.apache.ratis.util.IOUtils.getFromFuture(IOUtils.java:79)
	... 4 more
2019-09-17 11:52:05,093 [db5c95e9-dab2-4d3b-9775-2e3d4de03f2d@group-4033F378C501:LeaderElection47] INFO  impl.LeaderElection (LeaderElection.java:askForVotes(182)) - db5c95e9-dab2-4d3b-9775-2e3d4de03f2d@group-4033F378C501:LeaderElection47: begin an election at term 32 for 0: [768e87e1-01a1-4abe-adbb-724fc729cfde:192.168.157.219:39557, 0efbdbeb-0caf-4be4-a340-f9adf92e227b:192.168.157.219:42903, db5c95e9-dab2-4d3b-9775-2e3d4de03f2d:192.168.157.219:43472], old=null
2019-09-17 11:52:05,094 [db5c95e9-dab2-4d3b-9775-2e3d4de03f2d@group-4033F378C501:LeaderElection47] INFO  impl.LeaderElection (LogUtils.java:infoOrTrace(149)) - db5c95e9-dab2-4d3b-9775-2e3d4de03f2d@group-4033F378C501:LeaderElection47 got exception when requesting votes: {}
java.util.concurrent.ExecutionException: org.apache.ratis.thirdparty.io.grpc.StatusRuntimeException: UNAVAILABLE: io exception
	at java.util.concurrent.FutureTask.report(FutureTask.java:122)
	at java.util.concurrent.FutureTask.get(FutureTask.java:192)
	at org.apache.ratis.server.impl.LeaderElection.waitForResults(LeaderElection.java:263)
	at org.apache.ratis.server.impl.LeaderElection.askForVotes(LeaderElection.java:201)
	at org.apache.ratis.server.impl.LeaderElection.run(LeaderElection.java:133)
	at java.lang.Thread.run(Thread.java:748)
Caused by: org.apache.ratis.thirdparty.io.grpc.StatusRuntimeException: UNAVAILABLE: io exception
	at org.apache.ratis.thirdparty.io.grpc.stub.ClientCalls.toStatusRuntimeException(ClientCalls.java:233)
	at org.apache.ratis.thirdparty.io.grpc.stub.ClientCalls.getUnchecked(ClientCalls.java:214)
	at org.apache.ratis.thirdparty.io.grpc.stub.ClientCalls.blockingUnaryCall(ClientCalls.java:139)
	at org.apache.ratis.proto.grpc.RaftServerProtocolServiceGrpc$RaftServerProtocolServiceBlockingStub.requestVote(RaftServerProtocolServiceGrpc.java:265)
	at org.apache.ratis.grpc.server.GrpcServerProtocolClient.requestVote(GrpcServerProtocolClient.java:90)
	at org.apache.ratis.grpc.server.GrpcService.requestVote(GrpcService.java:204)
	at org.apache.ratis.server.impl.LeaderElection.lambda$submitRequests$1(LeaderElection.java:238)
	at java.util.concurrent.FutureTask.run(FutureTask.java:266)
	at java.util.concurrent.Executors$RunnableAdapter.call(Executors.java:511)
	at java.util.concurrent.FutureTask.run(FutureTask.java:266)
	at java.util.concurrent.ThreadPoolExecutor.runWorker(ThreadPoolExecutor.java:1149)
	at java.util.concurrent.ThreadPoolExecutor$Worker.run(ThreadPoolExecutor.java:624)
	... 1 more
Caused by: org.apache.ratis.thirdparty.io.netty.channel.AbstractChannel$AnnotatedConnectException: Connection refused: /192.168.157.219:42903
	at sun.nio.ch.SocketChannelImpl.checkConnect(Native Method)
	at sun.nio.ch.SocketChannelImpl.finishConnect(SocketChannelImpl.java:717)
	at org.apache.ratis.thirdparty.io.netty.channel.socket.nio.NioSocketChannel.doFinishConnect(NioSocketChannel.java:327)
	at org.apache.ratis.thirdparty.io.netty.channel.nio.AbstractNioChannel$AbstractNioUnsafe.finishConnect(AbstractNioChannel.java:340)
	at org.apache.ratis.thirdparty.io.netty.channel.nio.NioEventLoop.processSelectedKey(NioEventLoop.java:632)
	at org.apache.ratis.thirdparty.io.netty.channel.nio.NioEventLoop.processSelectedKeysOptimized(NioEventLoop.java:579)
	at org.apache.ratis.thirdparty.io.netty.channel.nio.NioEventLoop.processSelectedKeys(NioEventLoop.java:496)
	at org.apache.ratis.thirdparty.io.netty.channel.nio.NioEventLoop.run(NioEventLoop.java:458)
	at org.apache.ratis.thirdparty.io.netty.util.concurrent.SingleThreadEventExecutor$5.run(SingleThreadEventExecutor.java:897)
	at org.apache.ratis.thirdparty.io.netty.util.concurrent.FastThreadLocalRunnable.run(FastThreadLocalRunnable.java:30)
	... 1 more
Caused by: java.net.ConnectException: Connection refused
	... 11 more
2019-09-17 11:52:05,095 [db5c95e9-dab2-4d3b-9775-2e3d4de03f2d@group-4033F378C501:LeaderElection47] INFO  impl.LeaderElection (LogUtils.java:infoOrTrace(149)) - db5c95e9-dab2-4d3b-9775-2e3d4de03f2d@group-4033F378C501:LeaderElection47 got exception when requesting votes: {}
java.util.concurrent.ExecutionException: org.apache.ratis.thirdparty.io.grpc.StatusRuntimeException: UNAVAILABLE: io exception
	at java.util.concurrent.FutureTask.report(FutureTask.java:122)
	at java.util.concurrent.FutureTask.get(FutureTask.java:192)
	at org.apache.ratis.server.impl.LeaderElection.waitForResults(LeaderElection.java:263)
	at org.apache.ratis.server.impl.LeaderElection.askForVotes(LeaderElection.java:201)
	at org.apache.ratis.server.impl.LeaderElection.run(LeaderElection.java:133)
	at java.lang.Thread.run(Thread.java:748)
Caused by: org.apache.ratis.thirdparty.io.grpc.StatusRuntimeException: UNAVAILABLE: io exception
	at org.apache.ratis.thirdparty.io.grpc.stub.ClientCalls.toStatusRuntimeException(ClientCalls.java:233)
	at org.apache.ratis.thirdparty.io.grpc.stub.ClientCalls.getUnchecked(ClientCalls.java:214)
	at org.apache.ratis.thirdparty.io.grpc.stub.ClientCalls.blockingUnaryCall(ClientCalls.java:139)
	at org.apache.ratis.proto.grpc.RaftServerProtocolServiceGrpc$RaftServerProtocolServiceBlockingStub.requestVote(RaftServerProtocolServiceGrpc.java:265)
	at org.apache.ratis.grpc.server.GrpcServerProtocolClient.requestVote(GrpcServerProtocolClient.java:90)
	at org.apache.ratis.grpc.server.GrpcService.requestVote(GrpcService.java:204)
	at org.apache.ratis.server.impl.LeaderElection.lambda$submitRequests$1(LeaderElection.java:238)
	at java.util.concurrent.FutureTask.run(FutureTask.java:266)
	at java.util.concurrent.Executors$RunnableAdapter.call(Executors.java:511)
	at java.util.concurrent.FutureTask.run(FutureTask.java:266)
	at java.util.concurrent.ThreadPoolExecutor.runWorker(ThreadPoolExecutor.java:1149)
	at java.util.concurrent.ThreadPoolExecutor$Worker.run(ThreadPoolExecutor.java:624)
	... 1 more
Caused by: org.apache.ratis.thirdparty.io.netty.channel.AbstractChannel$AnnotatedConnectException: Connection refused: /192.168.157.219:39557
	at sun.nio.ch.SocketChannelImpl.checkConnect(Native Method)
	at sun.nio.ch.SocketChannelImpl.finishConnect(SocketChannelImpl.java:717)
	at org.apache.ratis.thirdparty.io.netty.channel.socket.nio.NioSocketChannel.doFinishConnect(NioSocketChannel.java:327)
	at org.apache.ratis.thirdparty.io.netty.channel.nio.AbstractNioChannel$AbstractNioUnsafe.finishConnect(AbstractNioChannel.java:340)
	at org.apache.ratis.thirdparty.io.netty.channel.nio.NioEventLoop.processSelectedKey(NioEventLoop.java:632)
	at org.apache.ratis.thirdparty.io.netty.channel.nio.NioEventLoop.processSelectedKeysOptimized(NioEventLoop.java:579)
	at org.apache.ratis.thirdparty.io.netty.channel.nio.NioEventLoop.processSelectedKeys(NioEventLoop.java:496)
	at org.apache.ratis.thirdparty.io.netty.channel.nio.NioEventLoop.run(NioEventLoop.java:458)
	at org.apache.ratis.thirdparty.io.netty.util.concurrent.SingleThreadEventExecutor$5.run(SingleThreadEventExecutor.java:897)
	at org.apache.ratis.thirdparty.io.netty.util.concurrent.FastThreadLocalRunnable.run(FastThreadLocalRunnable.java:30)
	... 1 more
Caused by: java.net.ConnectException: Connection refused
	... 11 more
2019-09-17 11:52:05,095 [db5c95e9-dab2-4d3b-9775-2e3d4de03f2d@group-4033F378C501:LeaderElection47] INFO  impl.LeaderElection (LeaderElection.java:logAndReturn(56)) - db5c95e9-dab2-4d3b-9775-2e3d4de03f2d@group-4033F378C501:LeaderElection47: Election REJECTED; received 0 response(s) [] and 2 exception(s); db5c95e9-dab2-4d3b-9775-2e3d4de03f2d@group-4033F378C501:t32, leader=null, voted=db5c95e9-dab2-4d3b-9775-2e3d4de03f2d, raftlog=db5c95e9-dab2-4d3b-9775-2e3d4de03f2d@group-4033F378C501-SegmentedRaftLog:OPENED:c28,f28,i28, conf=0: [768e87e1-01a1-4abe-adbb-724fc729cfde:192.168.157.219:39557, 0efbdbeb-0caf-4be4-a340-f9adf92e227b:192.168.157.219:42903, db5c95e9-dab2-4d3b-9775-2e3d4de03f2d:192.168.157.219:43472], old=null
2019-09-17 11:52:05,095 [db5c95e9-dab2-4d3b-9775-2e3d4de03f2d@group-4033F378C501:LeaderElection47] INFO  impl.LeaderElection (LogUtils.java:infoOrTrace(149)) -   Exception 0: {}
java.util.concurrent.ExecutionException: org.apache.ratis.thirdparty.io.grpc.StatusRuntimeException: UNAVAILABLE: io exception
	at java.util.concurrent.FutureTask.report(FutureTask.java:122)
	at java.util.concurrent.FutureTask.get(FutureTask.java:192)
	at org.apache.ratis.server.impl.LeaderElection.waitForResults(LeaderElection.java:263)
	at org.apache.ratis.server.impl.LeaderElection.askForVotes(LeaderElection.java:201)
	at org.apache.ratis.server.impl.LeaderElection.run(LeaderElection.java:133)
	at java.lang.Thread.run(Thread.java:748)
Caused by: org.apache.ratis.thirdparty.io.grpc.StatusRuntimeException: UNAVAILABLE: io exception
	at org.apache.ratis.thirdparty.io.grpc.stub.ClientCalls.toStatusRuntimeException(ClientCalls.java:233)
	at org.apache.ratis.thirdparty.io.grpc.stub.ClientCalls.getUnchecked(ClientCalls.java:214)
	at org.apache.ratis.thirdparty.io.grpc.stub.ClientCalls.blockingUnaryCall(ClientCalls.java:139)
	at org.apache.ratis.proto.grpc.RaftServerProtocolServiceGrpc$RaftServerProtocolServiceBlockingStub.requestVote(RaftServerProtocolServiceGrpc.java:265)
	at org.apache.ratis.grpc.server.GrpcServerProtocolClient.requestVote(GrpcServerProtocolClient.java:90)
	at org.apache.ratis.grpc.server.GrpcService.requestVote(GrpcService.java:204)
	at org.apache.ratis.server.impl.LeaderElection.lambda$submitRequests$1(LeaderElection.java:238)
	at java.util.concurrent.FutureTask.run(FutureTask.java:266)
	at java.util.concurrent.Executors$RunnableAdapter.call(Executors.java:511)
	at java.util.concurrent.FutureTask.run(FutureTask.java:266)
	at java.util.concurrent.ThreadPoolExecutor.runWorker(ThreadPoolExecutor.java:1149)
	at java.util.concurrent.ThreadPoolExecutor$Worker.run(ThreadPoolExecutor.java:624)
	... 1 more
Caused by: org.apache.ratis.thirdparty.io.netty.channel.AbstractChannel$AnnotatedConnectException: Connection refused: /192.168.157.219:42903
	at sun.nio.ch.SocketChannelImpl.checkConnect(Native Method)
	at sun.nio.ch.SocketChannelImpl.finishConnect(SocketChannelImpl.java:717)
	at org.apache.ratis.thirdparty.io.netty.channel.socket.nio.NioSocketChannel.doFinishConnect(NioSocketChannel.java:327)
	at org.apache.ratis.thirdparty.io.netty.channel.nio.AbstractNioChannel$AbstractNioUnsafe.finishConnect(AbstractNioChannel.java:340)
	at org.apache.ratis.thirdparty.io.netty.channel.nio.NioEventLoop.processSelectedKey(NioEventLoop.java:632)
	at org.apache.ratis.thirdparty.io.netty.channel.nio.NioEventLoop.processSelectedKeysOptimized(NioEventLoop.java:579)
	at org.apache.ratis.thirdparty.io.netty.channel.nio.NioEventLoop.processSelectedKeys(NioEventLoop.java:496)
	at org.apache.ratis.thirdparty.io.netty.channel.nio.NioEventLoop.run(NioEventLoop.java:458)
	at org.apache.ratis.thirdparty.io.netty.util.concurrent.SingleThreadEventExecutor$5.run(SingleThreadEventExecutor.java:897)
	at org.apache.ratis.thirdparty.io.netty.util.concurrent.FastThreadLocalRunnable.run(FastThreadLocalRunnable.java:30)
	... 1 more
Caused by: java.net.ConnectException: Connection refused
	... 11 more
2019-09-17 11:52:05,096 [db5c95e9-dab2-4d3b-9775-2e3d4de03f2d@group-4033F378C501:LeaderElection47] INFO  impl.LeaderElection (LogUtils.java:infoOrTrace(149)) -   Exception 1: {}
java.util.concurrent.ExecutionException: org.apache.ratis.thirdparty.io.grpc.StatusRuntimeException: UNAVAILABLE: io exception
	at java.util.concurrent.FutureTask.report(FutureTask.java:122)
	at java.util.concurrent.FutureTask.get(FutureTask.java:192)
	at org.apache.ratis.server.impl.LeaderElection.waitForResults(LeaderElection.java:263)
	at org.apache.ratis.server.impl.LeaderElection.askForVotes(LeaderElection.java:201)
	at org.apache.ratis.server.impl.LeaderElection.run(LeaderElection.java:133)
	at java.lang.Thread.run(Thread.java:748)
Caused by: org.apache.ratis.thirdparty.io.grpc.StatusRuntimeException: UNAVAILABLE: io exception
	at org.apache.ratis.thirdparty.io.grpc.stub.ClientCalls.toStatusRuntimeException(ClientCalls.java:233)
	at org.apache.ratis.thirdparty.io.grpc.stub.ClientCalls.getUnchecked(ClientCalls.java:214)
	at org.apache.ratis.thirdparty.io.grpc.stub.ClientCalls.blockingUnaryCall(ClientCalls.java:139)
	at org.apache.ratis.proto.grpc.RaftServerProtocolServiceGrpc$RaftServerProtocolServiceBlockingStub.requestVote(RaftServerProtocolServiceGrpc.java:265)
	at org.apache.ratis.grpc.server.GrpcServerProtocolClient.requestVote(GrpcServerProtocolClient.java:90)
	at org.apache.ratis.grpc.server.GrpcService.requestVote(GrpcService.java:204)
	at org.apache.ratis.server.impl.LeaderElection.lambda$submitRequests$1(LeaderElection.java:238)
	at java.util.concurrent.FutureTask.run(FutureTask.java:266)
	at java.util.concurrent.Executors$RunnableAdapter.call(Executors.java:511)
	at java.util.concurrent.FutureTask.run(FutureTask.java:266)
	at java.util.concurrent.ThreadPoolExecutor.runWorker(ThreadPoolExecutor.java:1149)
	at java.util.concurrent.ThreadPoolExecutor$Worker.run(ThreadPoolExecutor.java:624)
	... 1 more
Caused by: org.apache.ratis.thirdparty.io.netty.channel.AbstractChannel$AnnotatedConnectException: Connection refused: /192.168.157.219:39557
	at sun.nio.ch.SocketChannelImpl.checkConnect(Native Method)
	at sun.nio.ch.SocketChannelImpl.finishConnect(SocketChannelImpl.java:717)
	at org.apache.ratis.thirdparty.io.netty.channel.socket.nio.NioSocketChannel.doFinishConnect(NioSocketChannel.java:327)
	at org.apache.ratis.thirdparty.io.netty.channel.nio.AbstractNioChannel$AbstractNioUnsafe.finishConnect(AbstractNioChannel.java:340)
	at org.apache.ratis.thirdparty.io.netty.channel.nio.NioEventLoop.processSelectedKey(NioEventLoop.java:632)
	at org.apache.ratis.thirdparty.io.netty.channel.nio.NioEventLoop.processSelectedKeysOptimized(NioEventLoop.java:579)
	at org.apache.ratis.thirdparty.io.netty.channel.nio.NioEventLoop.processSelectedKeys(NioEventLoop.java:496)
	at org.apache.ratis.thirdparty.io.netty.channel.nio.NioEventLoop.run(NioEventLoop.java:458)
	at org.apache.ratis.thirdparty.io.netty.util.concurrent.SingleThreadEventExecutor$5.run(SingleThreadEventExecutor.java:897)
	at org.apache.ratis.thirdparty.io.netty.util.concurrent.FastThreadLocalRunnable.run(FastThreadLocalRunnable.java:30)
	... 1 more
Caused by: java.net.ConnectException: Connection refused
	... 11 more
2019-09-17 11:52:05,096 [db5c95e9-dab2-4d3b-9775-2e3d4de03f2d@group-4033F378C501:LeaderElection47] INFO  impl.RaftServerImpl (RaftServerImpl.java:setRole(174)) - db5c95e9-dab2-4d3b-9775-2e3d4de03f2d@group-4033F378C501: changes role from CANDIDATE to FOLLOWER at term 32 for DISCOVERED_A_NEW_TERM
2019-09-17 11:52:05,096 [db5c95e9-dab2-4d3b-9775-2e3d4de03f2d@group-4033F378C501:LeaderElection47] INFO  impl.RoleInfo (RoleInfo.java:shutdownLeaderElection(134)) - db5c95e9-dab2-4d3b-9775-2e3d4de03f2d: shutdown LeaderElection
2019-09-17 11:52:05,096 [db5c95e9-dab2-4d3b-9775-2e3d4de03f2d@group-4033F378C501:LeaderElection47] INFO  impl.RoleInfo (RoleInfo.java:updateAndGet(143)) - db5c95e9-dab2-4d3b-9775-2e3d4de03f2d: start FollowerState
2019-09-17 11:52:05,167 [java.util.concurrent.ThreadPoolExecutor$Worker@3cd8d43b[State = -1, empty queue]] WARN  server.GrpcLogAppender (GrpcLogAppender.java:timeoutAppendRequest(200)) - ee155057-4acb-4f3f-9013-4bd3c5a101b6@group-B3F5A0A8BDBD->533f21c9-6148-4926-981b-3030ea271196-GrpcLogAppender: appendEntries Timeout, request=ee155057-4acb-4f3f-9013-4bd3c5a101b6->533f21c9-6148-4926-981b-3030ea271196#158-t2, previous=(t:2, i:20), leaderCommit=16, initializing? false, entries: <empty>
2019-09-17 11:52:05,172 [grpc-default-executor-2] WARN  server.GrpcLogAppender (LogUtils.java:warn(134)) - ee155057-4acb-4f3f-9013-4bd3c5a101b6@group-B3F5A0A8BDBD->90cc32e6-bdd6-4f93-abb1-bc520dd025bc-AppendLogResponseHandler: Failed appendEntries: org.apache.ratis.thirdparty.io.grpc.StatusRuntimeException: UNAVAILABLE: io exception
2019-09-17 11:52:05,172 [grpc-default-executor-2] INFO  impl.FollowerInfo (FollowerInfo.java:lambda$new$0(51)) - ee155057-4acb-4f3f-9013-4bd3c5a101b6@group-B3F5A0A8BDBD->90cc32e6-bdd6-4f93-abb1-bc520dd025bc: nextIndex: updateUnconditionally 14 -> 13
2019-09-17 11:52:05,517 [java.util.concurrent.ThreadPoolExecutor$Worker@9b33cb9[State = -1, empty queue]] WARN  server.GrpcLogAppender (GrpcLogAppender.java:timeoutAppendRequest(200)) - 166adff3-52d0-4f60-8e58-0e12ed96f4bf@group-012F5F91B630->ab50ed4d-57db-4f38-bd59-74c03932909c-GrpcLogAppender: appendEntries Timeout, request=166adff3-52d0-4f60-8e58-0e12ed96f4bf->ab50ed4d-57db-4f38-bd59-74c03932909c#175-t1, previous=(t:1, i:36), leaderCommit=32, initializing? false, entries: <empty>
2019-09-17 11:52:05,523 [grpc-default-executor-1] WARN  server.GrpcLogAppender (LogUtils.java:warn(134)) - 166adff3-52d0-4f60-8e58-0e12ed96f4bf@group-012F5F91B630->478df2fd-32fa-402c-a09a-4121263fb7de-AppendLogResponseHandler: Failed appendEntries: org.apache.ratis.thirdparty.io.grpc.StatusRuntimeException: UNAVAILABLE: io exception
2019-09-17 11:52:05,524 [grpc-default-executor-1] INFO  impl.FollowerInfo (FollowerInfo.java:lambda$new$0(51)) - 166adff3-52d0-4f60-8e58-0e12ed96f4bf@group-012F5F91B630->478df2fd-32fa-402c-a09a-4121263fb7de: nextIndex: updateUnconditionally 29 -> 28
2019-09-17 11:52:05,667 [java.util.concurrent.ThreadPoolExecutor$Worker@3cd8d43b[State = -1, empty queue]] WARN  server.GrpcLogAppender (GrpcLogAppender.java:timeoutAppendRequest(200)) - ee155057-4acb-4f3f-9013-4bd3c5a101b6@group-B3F5A0A8BDBD->533f21c9-6148-4926-981b-3030ea271196-GrpcLogAppender: appendEntries Timeout, request=ee155057-4acb-4f3f-9013-4bd3c5a101b6->533f21c9-6148-4926-981b-3030ea271196#159-t2, previous=(t:2, i:20), leaderCommit=16, initializing? false, entries: <empty>
2019-09-17 11:52:05,672 [grpc-default-executor-2] WARN  server.GrpcLogAppender (LogUtils.java:warn(134)) - ee155057-4acb-4f3f-9013-4bd3c5a101b6@group-B3F5A0A8BDBD->90cc32e6-bdd6-4f93-abb1-bc520dd025bc-AppendLogResponseHandler: Failed appendEntries: org.apache.ratis.thirdparty.io.grpc.StatusRuntimeException: UNAVAILABLE: io exception
2019-09-17 11:52:05,673 [grpc-default-executor-2] INFO  impl.FollowerInfo (FollowerInfo.java:lambda$new$0(51)) - ee155057-4acb-4f3f-9013-4bd3c5a101b6@group-B3F5A0A8BDBD->90cc32e6-bdd6-4f93-abb1-bc520dd025bc: nextIndex: updateUnconditionally 13 -> 12
2019-09-17 11:52:06,018 [java.util.concurrent.ThreadPoolExecutor$Worker@9b33cb9[State = -1, empty queue]] WARN  server.GrpcLogAppender (GrpcLogAppender.java:timeoutAppendRequest(200)) - 166adff3-52d0-4f60-8e58-0e12ed96f4bf@group-012F5F91B630->ab50ed4d-57db-4f38-bd59-74c03932909c-GrpcLogAppender: appendEntries Timeout, request=166adff3-52d0-4f60-8e58-0e12ed96f4bf->ab50ed4d-57db-4f38-bd59-74c03932909c#176-t1, previous=(t:1, i:36), leaderCommit=32, initializing? false, entries: <empty>
2019-09-17 11:52:06,024 [grpc-default-executor-1] WARN  server.GrpcLogAppender (LogUtils.java:warn(134)) - 166adff3-52d0-4f60-8e58-0e12ed96f4bf@group-012F5F91B630->478df2fd-32fa-402c-a09a-4121263fb7de-AppendLogResponseHandler: Failed appendEntries: org.apache.ratis.thirdparty.io.grpc.StatusRuntimeException: UNAVAILABLE: io exception
2019-09-17 11:52:06,024 [grpc-default-executor-1] INFO  impl.FollowerInfo (FollowerInfo.java:lambda$new$0(51)) - 166adff3-52d0-4f60-8e58-0e12ed96f4bf@group-012F5F91B630->478df2fd-32fa-402c-a09a-4121263fb7de: nextIndex: updateUnconditionally 28 -> 27
2019-09-17 11:52:06,143 [Thread-1529] INFO  impl.FollowerState (FollowerState.java:run(106)) - db5c95e9-dab2-4d3b-9775-2e3d4de03f2d:group-4033F378C501 changes to CANDIDATE, lastRpcTime:1046, electionTimeout:1046ms
2019-09-17 11:52:06,143 [Thread-1529] INFO  impl.RoleInfo (RoleInfo.java:shutdownFollowerState(121)) - db5c95e9-dab2-4d3b-9775-2e3d4de03f2d: shutdown FollowerState
2019-09-17 11:52:06,143 [Thread-1529] INFO  impl.RaftServerImpl (RaftServerImpl.java:setRole(174)) - db5c95e9-dab2-4d3b-9775-2e3d4de03f2d@group-4033F378C501: changes role from  FOLLOWER to CANDIDATE at term 32 for changeToCandidate
2019-09-17 11:52:06,143 [Thread-1529] INFO  impl.RoleInfo (RoleInfo.java:updateAndGet(143)) - db5c95e9-dab2-4d3b-9775-2e3d4de03f2d: start LeaderElection
2019-09-17 11:52:06,159 [db5c95e9-dab2-4d3b-9775-2e3d4de03f2d@group-4033F378C501:LeaderElection48] INFO  impl.LeaderElection (LeaderElection.java:askForVotes(182)) - db5c95e9-dab2-4d3b-9775-2e3d4de03f2d@group-4033F378C501:LeaderElection48: begin an election at term 33 for 0: [768e87e1-01a1-4abe-adbb-724fc729cfde:192.168.157.219:39557, 0efbdbeb-0caf-4be4-a340-f9adf92e227b:192.168.157.219:42903, db5c95e9-dab2-4d3b-9775-2e3d4de03f2d:192.168.157.219:43472], old=null
2019-09-17 11:52:06,160 [db5c95e9-dab2-4d3b-9775-2e3d4de03f2d@group-4033F378C501:LeaderElection48] INFO  impl.LeaderElection (LogUtils.java:infoOrTrace(149)) - db5c95e9-dab2-4d3b-9775-2e3d4de03f2d@group-4033F378C501:LeaderElection48 got exception when requesting votes: {}
java.util.concurrent.ExecutionException: org.apache.ratis.thirdparty.io.grpc.StatusRuntimeException: UNAVAILABLE: io exception
	at java.util.concurrent.FutureTask.report(FutureTask.java:122)
	at java.util.concurrent.FutureTask.get(FutureTask.java:192)
	at org.apache.ratis.server.impl.LeaderElection.waitForResults(LeaderElection.java:263)
	at org.apache.ratis.server.impl.LeaderElection.askForVotes(LeaderElection.java:201)
	at org.apache.ratis.server.impl.LeaderElection.run(LeaderElection.java:133)
	at java.lang.Thread.run(Thread.java:748)
Caused by: org.apache.ratis.thirdparty.io.grpc.StatusRuntimeException: UNAVAILABLE: io exception
	at org.apache.ratis.thirdparty.io.grpc.stub.ClientCalls.toStatusRuntimeException(ClientCalls.java:233)
	at org.apache.ratis.thirdparty.io.grpc.stub.ClientCalls.getUnchecked(ClientCalls.java:214)
	at org.apache.ratis.thirdparty.io.grpc.stub.ClientCalls.blockingUnaryCall(ClientCalls.java:139)
	at org.apache.ratis.proto.grpc.RaftServerProtocolServiceGrpc$RaftServerProtocolServiceBlockingStub.requestVote(RaftServerProtocolServiceGrpc.java:265)
	at org.apache.ratis.grpc.server.GrpcServerProtocolClient.requestVote(GrpcServerProtocolClient.java:90)
	at org.apache.ratis.grpc.server.GrpcService.requestVote(GrpcService.java:204)
	at org.apache.ratis.server.impl.LeaderElection.lambda$submitRequests$1(LeaderElection.java:238)
	at java.util.concurrent.FutureTask.run(FutureTask.java:266)
	at java.util.concurrent.Executors$RunnableAdapter.call(Executors.java:511)
	at java.util.concurrent.FutureTask.run(FutureTask.java:266)
	at java.util.concurrent.ThreadPoolExecutor.runWorker(ThreadPoolExecutor.java:1149)
	at java.util.concurrent.ThreadPoolExecutor$Worker.run(ThreadPoolExecutor.java:624)
	... 1 more
Caused by: org.apache.ratis.thirdparty.io.netty.channel.AbstractChannel$AnnotatedConnectException: Connection refused: /192.168.157.219:39557
	at sun.nio.ch.SocketChannelImpl.checkConnect(Native Method)
	at sun.nio.ch.SocketChannelImpl.finishConnect(SocketChannelImpl.java:717)
	at org.apache.ratis.thirdparty.io.netty.channel.socket.nio.NioSocketChannel.doFinishConnect(NioSocketChannel.java:327)
	at org.apache.ratis.thirdparty.io.netty.channel.nio.AbstractNioChannel$AbstractNioUnsafe.finishConnect(AbstractNioChannel.java:340)
	at org.apache.ratis.thirdparty.io.netty.channel.nio.NioEventLoop.processSelectedKey(NioEventLoop.java:632)
	at org.apache.ratis.thirdparty.io.netty.channel.nio.NioEventLoop.processSelectedKeysOptimized(NioEventLoop.java:579)
	at org.apache.ratis.thirdparty.io.netty.channel.nio.NioEventLoop.processSelectedKeys(NioEventLoop.java:496)
	at org.apache.ratis.thirdparty.io.netty.channel.nio.NioEventLoop.run(NioEventLoop.java:458)
	at org.apache.ratis.thirdparty.io.netty.util.concurrent.SingleThreadEventExecutor$5.run(SingleThreadEventExecutor.java:897)
	at org.apache.ratis.thirdparty.io.netty.util.concurrent.FastThreadLocalRunnable.run(FastThreadLocalRunnable.java:30)
	... 1 more
Caused by: java.net.ConnectException: Connection refused
	... 11 more
2019-09-17 11:52:06,161 [db5c95e9-dab2-4d3b-9775-2e3d4de03f2d@group-4033F378C501:LeaderElection48] INFO  impl.LeaderElection (LogUtils.java:infoOrTrace(149)) - db5c95e9-dab2-4d3b-9775-2e3d4de03f2d@group-4033F378C501:LeaderElection48 got exception when requesting votes: {}
java.util.concurrent.ExecutionException: org.apache.ratis.thirdparty.io.grpc.StatusRuntimeException: UNAVAILABLE: io exception
	at java.util.concurrent.FutureTask.report(FutureTask.java:122)
	at java.util.concurrent.FutureTask.get(FutureTask.java:192)
	at org.apache.ratis.server.impl.LeaderElection.waitForResults(LeaderElection.java:263)
	at org.apache.ratis.server.impl.LeaderElection.askForVotes(LeaderElection.java:201)
	at org.apache.ratis.server.impl.LeaderElection.run(LeaderElection.java:133)
	at java.lang.Thread.run(Thread.java:748)
Caused by: org.apache.ratis.thirdparty.io.grpc.StatusRuntimeException: UNAVAILABLE: io exception
	at org.apache.ratis.thirdparty.io.grpc.stub.ClientCalls.toStatusRuntimeException(ClientCalls.java:233)
	at org.apache.ratis.thirdparty.io.grpc.stub.ClientCalls.getUnchecked(ClientCalls.java:214)
	at org.apache.ratis.thirdparty.io.grpc.stub.ClientCalls.blockingUnaryCall(ClientCalls.java:139)
	at org.apache.ratis.proto.grpc.RaftServerProtocolServiceGrpc$RaftServerProtocolServiceBlockingStub.requestVote(RaftServerProtocolServiceGrpc.java:265)
	at org.apache.ratis.grpc.server.GrpcServerProtocolClient.requestVote(GrpcServerProtocolClient.java:90)
	at org.apache.ratis.grpc.server.GrpcService.requestVote(GrpcService.java:204)
	at org.apache.ratis.server.impl.LeaderElection.lambda$submitRequests$1(LeaderElection.java:238)
	at java.util.concurrent.FutureTask.run(FutureTask.java:266)
	at java.util.concurrent.Executors$RunnableAdapter.call(Executors.java:511)
	at java.util.concurrent.FutureTask.run(FutureTask.java:266)
	at java.util.concurrent.ThreadPoolExecutor.runWorker(ThreadPoolExecutor.java:1149)
	at java.util.concurrent.ThreadPoolExecutor$Worker.run(ThreadPoolExecutor.java:624)
	... 1 more
Caused by: org.apache.ratis.thirdparty.io.netty.channel.AbstractChannel$AnnotatedConnectException: Connection refused: /192.168.157.219:42903
	at sun.nio.ch.SocketChannelImpl.checkConnect(Native Method)
	at sun.nio.ch.SocketChannelImpl.finishConnect(SocketChannelImpl.java:717)
	at org.apache.ratis.thirdparty.io.netty.channel.socket.nio.NioSocketChannel.doFinishConnect(NioSocketChannel.java:327)
	at org.apache.ratis.thirdparty.io.netty.channel.nio.AbstractNioChannel$AbstractNioUnsafe.finishConnect(AbstractNioChannel.java:340)
	at org.apache.ratis.thirdparty.io.netty.channel.nio.NioEventLoop.processSelectedKey(NioEventLoop.java:632)
	at org.apache.ratis.thirdparty.io.netty.channel.nio.NioEventLoop.processSelectedKeysOptimized(NioEventLoop.java:579)
	at org.apache.ratis.thirdparty.io.netty.channel.nio.NioEventLoop.processSelectedKeys(NioEventLoop.java:496)
	at org.apache.ratis.thirdparty.io.netty.channel.nio.NioEventLoop.run(NioEventLoop.java:458)
	at org.apache.ratis.thirdparty.io.netty.util.concurrent.SingleThreadEventExecutor$5.run(SingleThreadEventExecutor.java:897)
	at org.apache.ratis.thirdparty.io.netty.util.concurrent.FastThreadLocalRunnable.run(FastThreadLocalRunnable.java:30)
	... 1 more
Caused by: java.net.ConnectException: Connection refused
	... 11 more
2019-09-17 11:52:06,162 [db5c95e9-dab2-4d3b-9775-2e3d4de03f2d@group-4033F378C501:LeaderElection48] INFO  impl.LeaderElection (LeaderElection.java:logAndReturn(56)) - db5c95e9-dab2-4d3b-9775-2e3d4de03f2d@group-4033F378C501:LeaderElection48: Election REJECTED; received 0 response(s) [] and 2 exception(s); db5c95e9-dab2-4d3b-9775-2e3d4de03f2d@group-4033F378C501:t33, leader=null, voted=db5c95e9-dab2-4d3b-9775-2e3d4de03f2d, raftlog=db5c95e9-dab2-4d3b-9775-2e3d4de03f2d@group-4033F378C501-SegmentedRaftLog:OPENED:c28,f28,i28, conf=0: [768e87e1-01a1-4abe-adbb-724fc729cfde:192.168.157.219:39557, 0efbdbeb-0caf-4be4-a340-f9adf92e227b:192.168.157.219:42903, db5c95e9-dab2-4d3b-9775-2e3d4de03f2d:192.168.157.219:43472], old=null
2019-09-17 11:52:06,162 [db5c95e9-dab2-4d3b-9775-2e3d4de03f2d@group-4033F378C501:LeaderElection48] INFO  impl.LeaderElection (LogUtils.java:infoOrTrace(149)) -   Exception 0: {}
java.util.concurrent.ExecutionException: org.apache.ratis.thirdparty.io.grpc.StatusRuntimeException: UNAVAILABLE: io exception
	at java.util.concurrent.FutureTask.report(FutureTask.java:122)
	at java.util.concurrent.FutureTask.get(FutureTask.java:192)
	at org.apache.ratis.server.impl.LeaderElection.waitForResults(LeaderElection.java:263)
	at org.apache.ratis.server.impl.LeaderElection.askForVotes(LeaderElection.java:201)
	at org.apache.ratis.server.impl.LeaderElection.run(LeaderElection.java:133)
	at java.lang.Thread.run(Thread.java:748)
Caused by: org.apache.ratis.thirdparty.io.grpc.StatusRuntimeException: UNAVAILABLE: io exception
	at org.apache.ratis.thirdparty.io.grpc.stub.ClientCalls.toStatusRuntimeException(ClientCalls.java:233)
	at org.apache.ratis.thirdparty.io.grpc.stub.ClientCalls.getUnchecked(ClientCalls.java:214)
	at org.apache.ratis.thirdparty.io.grpc.stub.ClientCalls.blockingUnaryCall(ClientCalls.java:139)
	at org.apache.ratis.proto.grpc.RaftServerProtocolServiceGrpc$RaftServerProtocolServiceBlockingStub.requestVote(RaftServerProtocolServiceGrpc.java:265)
	at org.apache.ratis.grpc.server.GrpcServerProtocolClient.requestVote(GrpcServerProtocolClient.java:90)
	at org.apache.ratis.grpc.server.GrpcService.requestVote(GrpcService.java:204)
	at org.apache.ratis.server.impl.LeaderElection.lambda$submitRequests$1(LeaderElection.java:238)
	at java.util.concurrent.FutureTask.run(FutureTask.java:266)
	at java.util.concurrent.Executors$RunnableAdapter.call(Executors.java:511)
	at java.util.concurrent.FutureTask.run(FutureTask.java:266)
	at java.util.concurrent.ThreadPoolExecutor.runWorker(ThreadPoolExecutor.java:1149)
	at java.util.concurrent.ThreadPoolExecutor$Worker.run(ThreadPoolExecutor.java:624)
	... 1 more
Caused by: org.apache.ratis.thirdparty.io.netty.channel.AbstractChannel$AnnotatedConnectException: Connection refused: /192.168.157.219:39557
	at sun.nio.ch.SocketChannelImpl.checkConnect(Native Method)
	at sun.nio.ch.SocketChannelImpl.finishConnect(SocketChannelImpl.java:717)
	at org.apache.ratis.thirdparty.io.netty.channel.socket.nio.NioSocketChannel.doFinishConnect(NioSocketChannel.java:327)
	at org.apache.ratis.thirdparty.io.netty.channel.nio.AbstractNioChannel$AbstractNioUnsafe.finishConnect(AbstractNioChannel.java:340)
	at org.apache.ratis.thirdparty.io.netty.channel.nio.NioEventLoop.processSelectedKey(NioEventLoop.java:632)
	at org.apache.ratis.thirdparty.io.netty.channel.nio.NioEventLoop.processSelectedKeysOptimized(NioEventLoop.java:579)
	at org.apache.ratis.thirdparty.io.netty.channel.nio.NioEventLoop.processSelectedKeys(NioEventLoop.java:496)
	at org.apache.ratis.thirdparty.io.netty.channel.nio.NioEventLoop.run(NioEventLoop.java:458)
	at org.apache.ratis.thirdparty.io.netty.util.concurrent.SingleThreadEventExecutor$5.run(SingleThreadEventExecutor.java:897)
	at org.apache.ratis.thirdparty.io.netty.util.concurrent.FastThreadLocalRunnable.run(FastThreadLocalRunnable.java:30)
	... 1 more
Caused by: java.net.ConnectException: Connection refused
	... 11 more
2019-09-17 11:52:06,162 [db5c95e9-dab2-4d3b-9775-2e3d4de03f2d@group-4033F378C501:LeaderElection48] INFO  impl.LeaderElection (LogUtils.java:infoOrTrace(149)) -   Exception 1: {}
java.util.concurrent.ExecutionException: org.apache.ratis.thirdparty.io.grpc.StatusRuntimeException: UNAVAILABLE: io exception
	at java.util.concurrent.FutureTask.report(FutureTask.java:122)
	at java.util.concurrent.FutureTask.get(FutureTask.java:192)
	at org.apache.ratis.server.impl.LeaderElection.waitForResults(LeaderElection.java:263)
	at org.apache.ratis.server.impl.LeaderElection.askForVotes(LeaderElection.java:201)
	at org.apache.ratis.server.impl.LeaderElection.run(LeaderElection.java:133)
	at java.lang.Thread.run(Thread.java:748)
Caused by: org.apache.ratis.thirdparty.io.grpc.StatusRuntimeException: UNAVAILABLE: io exception
	at org.apache.ratis.thirdparty.io.grpc.stub.ClientCalls.toStatusRuntimeException(ClientCalls.java:233)
	at org.apache.ratis.thirdparty.io.grpc.stub.ClientCalls.getUnchecked(ClientCalls.java:214)
	at org.apache.ratis.thirdparty.io.grpc.stub.ClientCalls.blockingUnaryCall(ClientCalls.java:139)
	at org.apache.ratis.proto.grpc.RaftServerProtocolServiceGrpc$RaftServerProtocolServiceBlockingStub.requestVote(RaftServerProtocolServiceGrpc.java:265)
	at org.apache.ratis.grpc.server.GrpcServerProtocolClient.requestVote(GrpcServerProtocolClient.java:90)
	at org.apache.ratis.grpc.server.GrpcService.requestVote(GrpcService.java:204)
	at org.apache.ratis.server.impl.LeaderElection.lambda$submitRequests$1(LeaderElection.java:238)
	at java.util.concurrent.FutureTask.run(FutureTask.java:266)
	at java.util.concurrent.Executors$RunnableAdapter.call(Executors.java:511)
	at java.util.concurrent.FutureTask.run(FutureTask.java:266)
	at java.util.concurrent.ThreadPoolExecutor.runWorker(ThreadPoolExecutor.java:1149)
	at java.util.concurrent.ThreadPoolExecutor$Worker.run(ThreadPoolExecutor.java:624)
	... 1 more
Caused by: org.apache.ratis.thirdparty.io.netty.channel.AbstractChannel$AnnotatedConnectException: Connection refused: /192.168.157.219:42903
	at sun.nio.ch.SocketChannelImpl.checkConnect(Native Method)
	at sun.nio.ch.SocketChannelImpl.finishConnect(SocketChannelImpl.java:717)
	at org.apache.ratis.thirdparty.io.netty.channel.socket.nio.NioSocketChannel.doFinishConnect(NioSocketChannel.java:327)
	at org.apache.ratis.thirdparty.io.netty.channel.nio.AbstractNioChannel$AbstractNioUnsafe.finishConnect(AbstractNioChannel.java:340)
	at org.apache.ratis.thirdparty.io.netty.channel.nio.NioEventLoop.processSelectedKey(NioEventLoop.java:632)
	at org.apache.ratis.thirdparty.io.netty.channel.nio.NioEventLoop.processSelectedKeysOptimized(NioEventLoop.java:579)
	at org.apache.ratis.thirdparty.io.netty.channel.nio.NioEventLoop.processSelectedKeys(NioEventLoop.java:496)
	at org.apache.ratis.thirdparty.io.netty.channel.nio.NioEventLoop.run(NioEventLoop.java:458)
	at org.apache.ratis.thirdparty.io.netty.util.concurrent.SingleThreadEventExecutor$5.run(SingleThreadEventExecutor.java:897)
	at org.apache.ratis.thirdparty.io.netty.util.concurrent.FastThreadLocalRunnable.run(FastThreadLocalRunnable.java:30)
	... 1 more
Caused by: java.net.ConnectException: Connection refused
	... 11 more
2019-09-17 11:52:06,163 [db5c95e9-dab2-4d3b-9775-2e3d4de03f2d@group-4033F378C501:LeaderElection48] INFO  impl.RaftServerImpl (RaftServerImpl.java:setRole(174)) - db5c95e9-dab2-4d3b-9775-2e3d4de03f2d@group-4033F378C501: changes role from CANDIDATE to FOLLOWER at term 33 for DISCOVERED_A_NEW_TERM
2019-09-17 11:52:06,163 [db5c95e9-dab2-4d3b-9775-2e3d4de03f2d@group-4033F378C501:LeaderElection48] INFO  impl.RoleInfo (RoleInfo.java:shutdownLeaderElection(134)) - db5c95e9-dab2-4d3b-9775-2e3d4de03f2d: shutdown LeaderElection
2019-09-17 11:52:06,163 [db5c95e9-dab2-4d3b-9775-2e3d4de03f2d@group-4033F378C501:LeaderElection48] INFO  impl.RoleInfo (RoleInfo.java:updateAndGet(143)) - db5c95e9-dab2-4d3b-9775-2e3d4de03f2d: start FollowerState
2019-09-17 11:52:06,167 [java.util.concurrent.ThreadPoolExecutor$Worker@3cd8d43b[State = -1, empty queue]] WARN  server.GrpcLogAppender (GrpcLogAppender.java:timeoutAppendRequest(200)) - ee155057-4acb-4f3f-9013-4bd3c5a101b6@group-B3F5A0A8BDBD->533f21c9-6148-4926-981b-3030ea271196-GrpcLogAppender: appendEntries Timeout, request=ee155057-4acb-4f3f-9013-4bd3c5a101b6->533f21c9-6148-4926-981b-3030ea271196#160-t2, previous=(t:2, i:20), leaderCommit=16, initializing? false, entries: <empty>
2019-09-17 11:52:06,173 [grpc-default-executor-4] WARN  server.GrpcLogAppender (LogUtils.java:warn(134)) - ee155057-4acb-4f3f-9013-4bd3c5a101b6@group-B3F5A0A8BDBD->90cc32e6-bdd6-4f93-abb1-bc520dd025bc-AppendLogResponseHandler: Failed appendEntries: org.apache.ratis.thirdparty.io.grpc.StatusRuntimeException: UNAVAILABLE: io exception
2019-09-17 11:52:06,174 [grpc-default-executor-4] INFO  impl.FollowerInfo (FollowerInfo.java:lambda$new$0(51)) - ee155057-4acb-4f3f-9013-4bd3c5a101b6@group-B3F5A0A8BDBD->90cc32e6-bdd6-4f93-abb1-bc520dd025bc: nextIndex: updateUnconditionally 12 -> 11
2019-09-17 11:52:06,518 [java.util.concurrent.ThreadPoolExecutor$Worker@9b33cb9[State = -1, empty queue]] WARN  server.GrpcLogAppender (GrpcLogAppender.java:timeoutAppendRequest(200)) - 166adff3-52d0-4f60-8e58-0e12ed96f4bf@group-012F5F91B630->ab50ed4d-57db-4f38-bd59-74c03932909c-GrpcLogAppender: appendEntries Timeout, request=166adff3-52d0-4f60-8e58-0e12ed96f4bf->ab50ed4d-57db-4f38-bd59-74c03932909c#177-t1, previous=(t:1, i:36), leaderCommit=32, initializing? false, entries: <empty>
2019-09-17 11:52:06,525 [grpc-default-executor-4] WARN  server.GrpcLogAppender (LogUtils.java:warn(134)) - 166adff3-52d0-4f60-8e58-0e12ed96f4bf@group-012F5F91B630->478df2fd-32fa-402c-a09a-4121263fb7de-AppendLogResponseHandler: Failed appendEntries: org.apache.ratis.thirdparty.io.grpc.StatusRuntimeException: UNAVAILABLE: io exception
2019-09-17 11:52:06,525 [grpc-default-executor-4] INFO  impl.FollowerInfo (FollowerInfo.java:lambda$new$0(51)) - 166adff3-52d0-4f60-8e58-0e12ed96f4bf@group-012F5F91B630->478df2fd-32fa-402c-a09a-4121263fb7de: nextIndex: updateUnconditionally 27 -> 26
2019-09-17 11:52:06,668 [java.util.concurrent.ThreadPoolExecutor$Worker@3cd8d43b[State = -1, empty queue]] WARN  server.GrpcLogAppender (GrpcLogAppender.java:timeoutAppendRequest(200)) - ee155057-4acb-4f3f-9013-4bd3c5a101b6@group-B3F5A0A8BDBD->533f21c9-6148-4926-981b-3030ea271196-GrpcLogAppender: appendEntries Timeout, request=ee155057-4acb-4f3f-9013-4bd3c5a101b6->533f21c9-6148-4926-981b-3030ea271196#161-t2, previous=(t:2, i:20), leaderCommit=16, initializing? false, entries: <empty>
2019-09-17 11:52:06,674 [grpc-default-executor-2] WARN  server.GrpcLogAppender (LogUtils.java:warn(134)) - ee155057-4acb-4f3f-9013-4bd3c5a101b6@group-B3F5A0A8BDBD->90cc32e6-bdd6-4f93-abb1-bc520dd025bc-AppendLogResponseHandler: Failed appendEntries: org.apache.ratis.thirdparty.io.grpc.StatusRuntimeException: UNAVAILABLE: io exception
2019-09-17 11:52:06,674 [grpc-default-executor-2] INFO  impl.FollowerInfo (FollowerInfo.java:lambda$new$0(51)) - ee155057-4acb-4f3f-9013-4bd3c5a101b6@group-B3F5A0A8BDBD->90cc32e6-bdd6-4f93-abb1-bc520dd025bc: nextIndex: updateUnconditionally 11 -> 10
2019-09-17 11:52:07,018 [java.util.concurrent.ThreadPoolExecutor$Worker@9b33cb9[State = -1, empty queue]] WARN  server.GrpcLogAppender (GrpcLogAppender.java:timeoutAppendRequest(200)) - 166adff3-52d0-4f60-8e58-0e12ed96f4bf@group-012F5F91B630->ab50ed4d-57db-4f38-bd59-74c03932909c-GrpcLogAppender: appendEntries Timeout, request=166adff3-52d0-4f60-8e58-0e12ed96f4bf->ab50ed4d-57db-4f38-bd59-74c03932909c#178-t1, previous=(t:1, i:36), leaderCommit=32, initializing? false, entries: <empty>
2019-09-17 11:52:07,025 [grpc-default-executor-2] WARN  server.GrpcLogAppender (LogUtils.java:warn(134)) - 166adff3-52d0-4f60-8e58-0e12ed96f4bf@group-012F5F91B630->478df2fd-32fa-402c-a09a-4121263fb7de-AppendLogResponseHandler: Failed appendEntries: org.apache.ratis.thirdparty.io.grpc.StatusRuntimeException: UNAVAILABLE: io exception
2019-09-17 11:52:07,025 [grpc-default-executor-2] INFO  impl.FollowerInfo (FollowerInfo.java:lambda$new$0(51)) - 166adff3-52d0-4f60-8e58-0e12ed96f4bf@group-012F5F91B630->478df2fd-32fa-402c-a09a-4121263fb7de: nextIndex: updateUnconditionally 26 -> 25
2019-09-17 11:52:07,164 [Thread-1537] INFO  impl.FollowerState (FollowerState.java:run(106)) - db5c95e9-dab2-4d3b-9775-2e3d4de03f2d:group-4033F378C501 changes to CANDIDATE, lastRpcTime:1000, electionTimeout:1000ms
2019-09-17 11:52:07,164 [Thread-1537] INFO  impl.RoleInfo (RoleInfo.java:shutdownFollowerState(121)) - db5c95e9-dab2-4d3b-9775-2e3d4de03f2d: shutdown FollowerState
2019-09-17 11:52:07,164 [Thread-1537] INFO  impl.RaftServerImpl (RaftServerImpl.java:setRole(174)) - db5c95e9-dab2-4d3b-9775-2e3d4de03f2d@group-4033F378C501: changes role from  FOLLOWER to CANDIDATE at term 33 for changeToCandidate
2019-09-17 11:52:07,164 [Thread-1537] INFO  impl.RoleInfo (RoleInfo.java:updateAndGet(143)) - db5c95e9-dab2-4d3b-9775-2e3d4de03f2d: start LeaderElection
2019-09-17 11:52:07,168 [java.util.concurrent.ThreadPoolExecutor$Worker@3cd8d43b[State = -1, empty queue]] WARN  server.GrpcLogAppender (GrpcLogAppender.java:timeoutAppendRequest(200)) - ee155057-4acb-4f3f-9013-4bd3c5a101b6@group-B3F5A0A8BDBD->533f21c9-6148-4926-981b-3030ea271196-GrpcLogAppender: appendEntries Timeout, request=ee155057-4acb-4f3f-9013-4bd3c5a101b6->533f21c9-6148-4926-981b-3030ea271196#162-t2, previous=(t:2, i:20), leaderCommit=16, initializing? false, entries: <empty>
2019-09-17 11:52:07,174 [grpc-default-executor-2] WARN  server.GrpcLogAppender (LogUtils.java:warn(134)) - ee155057-4acb-4f3f-9013-4bd3c5a101b6@group-B3F5A0A8BDBD->90cc32e6-bdd6-4f93-abb1-bc520dd025bc-AppendLogResponseHandler: Failed appendEntries: org.apache.ratis.thirdparty.io.grpc.StatusRuntimeException: UNAVAILABLE: io exception
2019-09-17 11:52:07,175 [grpc-default-executor-2] INFO  impl.FollowerInfo (FollowerInfo.java:lambda$new$0(51)) - ee155057-4acb-4f3f-9013-4bd3c5a101b6@group-B3F5A0A8BDBD->90cc32e6-bdd6-4f93-abb1-bc520dd025bc: nextIndex: updateUnconditionally 10 -> 9
2019-09-17 11:52:07,188 [db5c95e9-dab2-4d3b-9775-2e3d4de03f2d@group-4033F378C501:LeaderElection49] INFO  impl.LeaderElection (LeaderElection.java:askForVotes(182)) - db5c95e9-dab2-4d3b-9775-2e3d4de03f2d@group-4033F378C501:LeaderElection49: begin an election at term 34 for 0: [768e87e1-01a1-4abe-adbb-724fc729cfde:192.168.157.219:39557, 0efbdbeb-0caf-4be4-a340-f9adf92e227b:192.168.157.219:42903, db5c95e9-dab2-4d3b-9775-2e3d4de03f2d:192.168.157.219:43472], old=null
2019-09-17 11:52:07,189 [db5c95e9-dab2-4d3b-9775-2e3d4de03f2d@group-4033F378C501:LeaderElection49] INFO  impl.LeaderElection (LogUtils.java:infoOrTrace(149)) - db5c95e9-dab2-4d3b-9775-2e3d4de03f2d@group-4033F378C501:LeaderElection49 got exception when requesting votes: {}
java.util.concurrent.ExecutionException: org.apache.ratis.thirdparty.io.grpc.StatusRuntimeException: UNAVAILABLE: io exception
	at java.util.concurrent.FutureTask.report(FutureTask.java:122)
	at java.util.concurrent.FutureTask.get(FutureTask.java:192)
	at org.apache.ratis.server.impl.LeaderElection.waitForResults(LeaderElection.java:263)
	at org.apache.ratis.server.impl.LeaderElection.askForVotes(LeaderElection.java:201)
	at org.apache.ratis.server.impl.LeaderElection.run(LeaderElection.java:133)
	at java.lang.Thread.run(Thread.java:748)
Caused by: org.apache.ratis.thirdparty.io.grpc.StatusRuntimeException: UNAVAILABLE: io exception
	at org.apache.ratis.thirdparty.io.grpc.stub.ClientCalls.toStatusRuntimeException(ClientCalls.java:233)
	at org.apache.ratis.thirdparty.io.grpc.stub.ClientCalls.getUnchecked(ClientCalls.java:214)
	at org.apache.ratis.thirdparty.io.grpc.stub.ClientCalls.blockingUnaryCall(ClientCalls.java:139)
	at org.apache.ratis.proto.grpc.RaftServerProtocolServiceGrpc$RaftServerProtocolServiceBlockingStub.requestVote(RaftServerProtocolServiceGrpc.java:265)
	at org.apache.ratis.grpc.server.GrpcServerProtocolClient.requestVote(GrpcServerProtocolClient.java:90)
	at org.apache.ratis.grpc.server.GrpcService.requestVote(GrpcService.java:204)
	at org.apache.ratis.server.impl.LeaderElection.lambda$submitRequests$1(LeaderElection.java:238)
	at java.util.concurrent.FutureTask.run(FutureTask.java:266)
	at java.util.concurrent.Executors$RunnableAdapter.call(Executors.java:511)
	at java.util.concurrent.FutureTask.run(FutureTask.java:266)
	at java.util.concurrent.ThreadPoolExecutor.runWorker(ThreadPoolExecutor.java:1149)
	at java.util.concurrent.ThreadPoolExecutor$Worker.run(ThreadPoolExecutor.java:624)
	... 1 more
Caused by: org.apache.ratis.thirdparty.io.netty.channel.AbstractChannel$AnnotatedConnectException: Connection refused: /192.168.157.219:42903
	at sun.nio.ch.SocketChannelImpl.checkConnect(Native Method)
	at sun.nio.ch.SocketChannelImpl.finishConnect(SocketChannelImpl.java:717)
	at org.apache.ratis.thirdparty.io.netty.channel.socket.nio.NioSocketChannel.doFinishConnect(NioSocketChannel.java:327)
	at org.apache.ratis.thirdparty.io.netty.channel.nio.AbstractNioChannel$AbstractNioUnsafe.finishConnect(AbstractNioChannel.java:340)
	at org.apache.ratis.thirdparty.io.netty.channel.nio.NioEventLoop.processSelectedKey(NioEventLoop.java:632)
	at org.apache.ratis.thirdparty.io.netty.channel.nio.NioEventLoop.processSelectedKeysOptimized(NioEventLoop.java:579)
	at org.apache.ratis.thirdparty.io.netty.channel.nio.NioEventLoop.processSelectedKeys(NioEventLoop.java:496)
	at org.apache.ratis.thirdparty.io.netty.channel.nio.NioEventLoop.run(NioEventLoop.java:458)
	at org.apache.ratis.thirdparty.io.netty.util.concurrent.SingleThreadEventExecutor$5.run(SingleThreadEventExecutor.java:897)
	at org.apache.ratis.thirdparty.io.netty.util.concurrent.FastThreadLocalRunnable.run(FastThreadLocalRunnable.java:30)
	... 1 more
Caused by: java.net.ConnectException: Connection refused
	... 11 more
2019-09-17 11:52:07,190 [db5c95e9-dab2-4d3b-9775-2e3d4de03f2d@group-4033F378C501:LeaderElection49] INFO  impl.LeaderElection (LogUtils.java:infoOrTrace(149)) - db5c95e9-dab2-4d3b-9775-2e3d4de03f2d@group-4033F378C501:LeaderElection49 got exception when requesting votes: {}
java.util.concurrent.ExecutionException: org.apache.ratis.thirdparty.io.grpc.StatusRuntimeException: UNAVAILABLE: io exception
	at java.util.concurrent.FutureTask.report(FutureTask.java:122)
	at java.util.concurrent.FutureTask.get(FutureTask.java:192)
	at org.apache.ratis.server.impl.LeaderElection.waitForResults(LeaderElection.java:263)
	at org.apache.ratis.server.impl.LeaderElection.askForVotes(LeaderElection.java:201)
	at org.apache.ratis.server.impl.LeaderElection.run(LeaderElection.java:133)
	at java.lang.Thread.run(Thread.java:748)
Caused by: org.apache.ratis.thirdparty.io.grpc.StatusRuntimeException: UNAVAILABLE: io exception
	at org.apache.ratis.thirdparty.io.grpc.stub.ClientCalls.toStatusRuntimeException(ClientCalls.java:233)
	at org.apache.ratis.thirdparty.io.grpc.stub.ClientCalls.getUnchecked(ClientCalls.java:214)
	at org.apache.ratis.thirdparty.io.grpc.stub.ClientCalls.blockingUnaryCall(ClientCalls.java:139)
	at org.apache.ratis.proto.grpc.RaftServerProtocolServiceGrpc$RaftServerProtocolServiceBlockingStub.requestVote(RaftServerProtocolServiceGrpc.java:265)
	at org.apache.ratis.grpc.server.GrpcServerProtocolClient.requestVote(GrpcServerProtocolClient.java:90)
	at org.apache.ratis.grpc.server.GrpcService.requestVote(GrpcService.java:204)
	at org.apache.ratis.server.impl.LeaderElection.lambda$submitRequests$1(LeaderElection.java:238)
	at java.util.concurrent.FutureTask.run(FutureTask.java:266)
	at java.util.concurrent.Executors$RunnableAdapter.call(Executors.java:511)
	at java.util.concurrent.FutureTask.run(FutureTask.java:266)
	at java.util.concurrent.ThreadPoolExecutor.runWorker(ThreadPoolExecutor.java:1149)
	at java.util.concurrent.ThreadPoolExecutor$Worker.run(ThreadPoolExecutor.java:624)
	... 1 more
Caused by: org.apache.ratis.thirdparty.io.netty.channel.AbstractChannel$AnnotatedConnectException: Connection refused: /192.168.157.219:39557
	at sun.nio.ch.SocketChannelImpl.checkConnect(Native Method)
	at sun.nio.ch.SocketChannelImpl.finishConnect(SocketChannelImpl.java:717)
	at org.apache.ratis.thirdparty.io.netty.channel.socket.nio.NioSocketChannel.doFinishConnect(NioSocketChannel.java:327)
	at org.apache.ratis.thirdparty.io.netty.channel.nio.AbstractNioChannel$AbstractNioUnsafe.finishConnect(AbstractNioChannel.java:340)
	at org.apache.ratis.thirdparty.io.netty.channel.nio.NioEventLoop.processSelectedKey(NioEventLoop.java:632)
	at org.apache.ratis.thirdparty.io.netty.channel.nio.NioEventLoop.processSelectedKeysOptimized(NioEventLoop.java:579)
	at org.apache.ratis.thirdparty.io.netty.channel.nio.NioEventLoop.processSelectedKeys(NioEventLoop.java:496)
	at org.apache.ratis.thirdparty.io.netty.channel.nio.NioEventLoop.run(NioEventLoop.java:458)
	at org.apache.ratis.thirdparty.io.netty.util.concurrent.SingleThreadEventExecutor$5.run(SingleThreadEventExecutor.java:897)
	at org.apache.ratis.thirdparty.io.netty.util.concurrent.FastThreadLocalRunnable.run(FastThreadLocalRunnable.java:30)
	... 1 more
Caused by: java.net.ConnectException: Connection refused
	... 11 more
2019-09-17 11:52:07,191 [db5c95e9-dab2-4d3b-9775-2e3d4de03f2d@group-4033F378C501:LeaderElection49] INFO  impl.LeaderElection (LeaderElection.java:logAndReturn(56)) - db5c95e9-dab2-4d3b-9775-2e3d4de03f2d@group-4033F378C501:LeaderElection49: Election REJECTED; received 0 response(s) [] and 2 exception(s); db5c95e9-dab2-4d3b-9775-2e3d4de03f2d@group-4033F378C501:t34, leader=null, voted=db5c95e9-dab2-4d3b-9775-2e3d4de03f2d, raftlog=db5c95e9-dab2-4d3b-9775-2e3d4de03f2d@group-4033F378C501-SegmentedRaftLog:OPENED:c28,f28,i28, conf=0: [768e87e1-01a1-4abe-adbb-724fc729cfde:192.168.157.219:39557, 0efbdbeb-0caf-4be4-a340-f9adf92e227b:192.168.157.219:42903, db5c95e9-dab2-4d3b-9775-2e3d4de03f2d:192.168.157.219:43472], old=null
2019-09-17 11:52:07,191 [db5c95e9-dab2-4d3b-9775-2e3d4de03f2d@group-4033F378C501:LeaderElection49] INFO  impl.LeaderElection (LogUtils.java:infoOrTrace(149)) -   Exception 0: {}
java.util.concurrent.ExecutionException: org.apache.ratis.thirdparty.io.grpc.StatusRuntimeException: UNAVAILABLE: io exception
	at java.util.concurrent.FutureTask.report(FutureTask.java:122)
	at java.util.concurrent.FutureTask.get(FutureTask.java:192)
	at org.apache.ratis.server.impl.LeaderElection.waitForResults(LeaderElection.java:263)
	at org.apache.ratis.server.impl.LeaderElection.askForVotes(LeaderElection.java:201)
	at org.apache.ratis.server.impl.LeaderElection.run(LeaderElection.java:133)
	at java.lang.Thread.run(Thread.java:748)
Caused by: org.apache.ratis.thirdparty.io.grpc.StatusRuntimeException: UNAVAILABLE: io exception
	at org.apache.ratis.thirdparty.io.grpc.stub.ClientCalls.toStatusRuntimeException(ClientCalls.java:233)
	at org.apache.ratis.thirdparty.io.grpc.stub.ClientCalls.getUnchecked(ClientCalls.java:214)
	at org.apache.ratis.thirdparty.io.grpc.stub.ClientCalls.blockingUnaryCall(ClientCalls.java:139)
	at org.apache.ratis.proto.grpc.RaftServerProtocolServiceGrpc$RaftServerProtocolServiceBlockingStub.requestVote(RaftServerProtocolServiceGrpc.java:265)
	at org.apache.ratis.grpc.server.GrpcServerProtocolClient.requestVote(GrpcServerProtocolClient.java:90)
	at org.apache.ratis.grpc.server.GrpcService.requestVote(GrpcService.java:204)
	at org.apache.ratis.server.impl.LeaderElection.lambda$submitRequests$1(LeaderElection.java:238)
	at java.util.concurrent.FutureTask.run(FutureTask.java:266)
	at java.util.concurrent.Executors$RunnableAdapter.call(Executors.java:511)
	at java.util.concurrent.FutureTask.run(FutureTask.java:266)
	at java.util.concurrent.ThreadPoolExecutor.runWorker(ThreadPoolExecutor.java:1149)
	at java.util.concurrent.ThreadPoolExecutor$Worker.run(ThreadPoolExecutor.java:624)
	... 1 more
Caused by: org.apache.ratis.thirdparty.io.netty.channel.AbstractChannel$AnnotatedConnectException: Connection refused: /192.168.157.219:42903
	at sun.nio.ch.SocketChannelImpl.checkConnect(Native Method)
	at sun.nio.ch.SocketChannelImpl.finishConnect(SocketChannelImpl.java:717)
	at org.apache.ratis.thirdparty.io.netty.channel.socket.nio.NioSocketChannel.doFinishConnect(NioSocketChannel.java:327)
	at org.apache.ratis.thirdparty.io.netty.channel.nio.AbstractNioChannel$AbstractNioUnsafe.finishConnect(AbstractNioChannel.java:340)
	at org.apache.ratis.thirdparty.io.netty.channel.nio.NioEventLoop.processSelectedKey(NioEventLoop.java:632)
	at org.apache.ratis.thirdparty.io.netty.channel.nio.NioEventLoop.processSelectedKeysOptimized(NioEventLoop.java:579)
	at org.apache.ratis.thirdparty.io.netty.channel.nio.NioEventLoop.processSelectedKeys(NioEventLoop.java:496)
	at org.apache.ratis.thirdparty.io.netty.channel.nio.NioEventLoop.run(NioEventLoop.java:458)
	at org.apache.ratis.thirdparty.io.netty.util.concurrent.SingleThreadEventExecutor$5.run(SingleThreadEventExecutor.java:897)
	at org.apache.ratis.thirdparty.io.netty.util.concurrent.FastThreadLocalRunnable.run(FastThreadLocalRunnable.java:30)
	... 1 more
Caused by: java.net.ConnectException: Connection refused
	... 11 more
2019-09-17 11:52:07,192 [db5c95e9-dab2-4d3b-9775-2e3d4de03f2d@group-4033F378C501:LeaderElection49] INFO  impl.LeaderElection (LogUtils.java:infoOrTrace(149)) -   Exception 1: {}
java.util.concurrent.ExecutionException: org.apache.ratis.thirdparty.io.grpc.StatusRuntimeException: UNAVAILABLE: io exception
	at java.util.concurrent.FutureTask.report(FutureTask.java:122)
	at java.util.concurrent.FutureTask.get(FutureTask.java:192)
	at org.apache.ratis.server.impl.LeaderElection.waitForResults(LeaderElection.java:263)
	at org.apache.ratis.server.impl.LeaderElection.askForVotes(LeaderElection.java:201)
	at org.apache.ratis.server.impl.LeaderElection.run(LeaderElection.java:133)
	at java.lang.Thread.run(Thread.java:748)
Caused by: org.apache.ratis.thirdparty.io.grpc.StatusRuntimeException: UNAVAILABLE: io exception
	at org.apache.ratis.thirdparty.io.grpc.stub.ClientCalls.toStatusRuntimeException(ClientCalls.java:233)
	at org.apache.ratis.thirdparty.io.grpc.stub.ClientCalls.getUnchecked(ClientCalls.java:214)
	at org.apache.ratis.thirdparty.io.grpc.stub.ClientCalls.blockingUnaryCall(ClientCalls.java:139)
	at org.apache.ratis.proto.grpc.RaftServerProtocolServiceGrpc$RaftServerProtocolServiceBlockingStub.requestVote(RaftServerProtocolServiceGrpc.java:265)
	at org.apache.ratis.grpc.server.GrpcServerProtocolClient.requestVote(GrpcServerProtocolClient.java:90)
	at org.apache.ratis.grpc.server.GrpcService.requestVote(GrpcService.java:204)
	at org.apache.ratis.server.impl.LeaderElection.lambda$submitRequests$1(LeaderElection.java:238)
	at java.util.concurrent.FutureTask.run(FutureTask.java:266)
	at java.util.concurrent.Executors$RunnableAdapter.call(Executors.java:511)
	at java.util.concurrent.FutureTask.run(FutureTask.java:266)
	at java.util.concurrent.ThreadPoolExecutor.runWorker(ThreadPoolExecutor.java:1149)
	at java.util.concurrent.ThreadPoolExecutor$Worker.run(ThreadPoolExecutor.java:624)
	... 1 more
Caused by: org.apache.ratis.thirdparty.io.netty.channel.AbstractChannel$AnnotatedConnectException: Connection refused: /192.168.157.219:39557
	at sun.nio.ch.SocketChannelImpl.checkConnect(Native Method)
	at sun.nio.ch.SocketChannelImpl.finishConnect(SocketChannelImpl.java:717)
	at org.apache.ratis.thirdparty.io.netty.channel.socket.nio.NioSocketChannel.doFinishConnect(NioSocketChannel.java:327)
	at org.apache.ratis.thirdparty.io.netty.channel.nio.AbstractNioChannel$AbstractNioUnsafe.finishConnect(AbstractNioChannel.java:340)
	at org.apache.ratis.thirdparty.io.netty.channel.nio.NioEventLoop.processSelectedKey(NioEventLoop.java:632)
	at org.apache.ratis.thirdparty.io.netty.channel.nio.NioEventLoop.processSelectedKeysOptimized(NioEventLoop.java:579)
	at org.apache.ratis.thirdparty.io.netty.channel.nio.NioEventLoop.processSelectedKeys(NioEventLoop.java:496)
	at org.apache.ratis.thirdparty.io.netty.channel.nio.NioEventLoop.run(NioEventLoop.java:458)
	at org.apache.ratis.thirdparty.io.netty.util.concurrent.SingleThreadEventExecutor$5.run(SingleThreadEventExecutor.java:897)
	at org.apache.ratis.thirdparty.io.netty.util.concurrent.FastThreadLocalRunnable.run(FastThreadLocalRunnable.java:30)
	... 1 more
Caused by: java.net.ConnectException: Connection refused
	... 11 more
2019-09-17 11:52:07,193 [db5c95e9-dab2-4d3b-9775-2e3d4de03f2d@group-4033F378C501:LeaderElection49] INFO  impl.RaftServerImpl (RaftServerImpl.java:setRole(174)) - db5c95e9-dab2-4d3b-9775-2e3d4de03f2d@group-4033F378C501: changes role from CANDIDATE to FOLLOWER at term 34 for DISCOVERED_A_NEW_TERM
2019-09-17 11:52:07,193 [db5c95e9-dab2-4d3b-9775-2e3d4de03f2d@group-4033F378C501:LeaderElection49] INFO  impl.RoleInfo (RoleInfo.java:shutdownLeaderElection(134)) - db5c95e9-dab2-4d3b-9775-2e3d4de03f2d: shutdown LeaderElection
2019-09-17 11:52:07,193 [db5c95e9-dab2-4d3b-9775-2e3d4de03f2d@group-4033F378C501:LeaderElection49] INFO  impl.RoleInfo (RoleInfo.java:updateAndGet(143)) - db5c95e9-dab2-4d3b-9775-2e3d4de03f2d: start FollowerState
2019-09-17 11:52:07,518 [java.util.concurrent.ThreadPoolExecutor$Worker@9b33cb9[State = -1, empty queue]] WARN  server.GrpcLogAppender (GrpcLogAppender.java:timeoutAppendRequest(200)) - 166adff3-52d0-4f60-8e58-0e12ed96f4bf@group-012F5F91B630->ab50ed4d-57db-4f38-bd59-74c03932909c-GrpcLogAppender: appendEntries Timeout, request=166adff3-52d0-4f60-8e58-0e12ed96f4bf->ab50ed4d-57db-4f38-bd59-74c03932909c#179-t1, previous=(t:1, i:36), leaderCommit=32, initializing? false, entries: <empty>
2019-09-17 11:52:07,526 [grpc-default-executor-1] WARN  server.GrpcLogAppender (LogUtils.java:warn(134)) - 166adff3-52d0-4f60-8e58-0e12ed96f4bf@group-012F5F91B630->478df2fd-32fa-402c-a09a-4121263fb7de-AppendLogResponseHandler: Failed appendEntries: org.apache.ratis.thirdparty.io.grpc.StatusRuntimeException: UNAVAILABLE: io exception
2019-09-17 11:52:07,526 [grpc-default-executor-1] INFO  impl.FollowerInfo (FollowerInfo.java:lambda$new$0(51)) - 166adff3-52d0-4f60-8e58-0e12ed96f4bf@group-012F5F91B630->478df2fd-32fa-402c-a09a-4121263fb7de: nextIndex: updateUnconditionally 25 -> 24
2019-09-17 11:52:07,668 [java.util.concurrent.ThreadPoolExecutor$Worker@3cd8d43b[State = -1, empty queue]] WARN  server.GrpcLogAppender (GrpcLogAppender.java:timeoutAppendRequest(200)) - ee155057-4acb-4f3f-9013-4bd3c5a101b6@group-B3F5A0A8BDBD->533f21c9-6148-4926-981b-3030ea271196-GrpcLogAppender: appendEntries Timeout, request=ee155057-4acb-4f3f-9013-4bd3c5a101b6->533f21c9-6148-4926-981b-3030ea271196#163-t2, previous=(t:2, i:20), leaderCommit=16, initializing? false, entries: <empty>
2019-09-17 11:52:07,676 [grpc-default-executor-4] WARN  server.GrpcLogAppender (LogUtils.java:warn(134)) - ee155057-4acb-4f3f-9013-4bd3c5a101b6@group-B3F5A0A8BDBD->90cc32e6-bdd6-4f93-abb1-bc520dd025bc-AppendLogResponseHandler: Failed appendEntries: org.apache.ratis.thirdparty.io.grpc.StatusRuntimeException: UNAVAILABLE: io exception
2019-09-17 11:52:07,677 [grpc-default-executor-4] INFO  impl.FollowerInfo (FollowerInfo.java:lambda$new$0(51)) - ee155057-4acb-4f3f-9013-4bd3c5a101b6@group-B3F5A0A8BDBD->90cc32e6-bdd6-4f93-abb1-bc520dd025bc: nextIndex: updateUnconditionally 9 -> 8
2019-09-17 11:52:08,019 [java.util.concurrent.ThreadPoolExecutor$Worker@9b33cb9[State = -1, empty queue]] WARN  server.GrpcLogAppender (GrpcLogAppender.java:timeoutAppendRequest(200)) - 166adff3-52d0-4f60-8e58-0e12ed96f4bf@group-012F5F91B630->ab50ed4d-57db-4f38-bd59-74c03932909c-GrpcLogAppender: appendEntries Timeout, request=166adff3-52d0-4f60-8e58-0e12ed96f4bf->ab50ed4d-57db-4f38-bd59-74c03932909c#180-t1, previous=(t:1, i:36), leaderCommit=32, initializing? false, entries: <empty>
2019-09-17 11:52:08,028 [grpc-default-executor-4] WARN  server.GrpcLogAppender (LogUtils.java:warn(134)) - 166adff3-52d0-4f60-8e58-0e12ed96f4bf@group-012F5F91B630->478df2fd-32fa-402c-a09a-4121263fb7de-AppendLogResponseHandler: Failed appendEntries: org.apache.ratis.thirdparty.io.grpc.StatusRuntimeException: UNAVAILABLE: io exception
2019-09-17 11:52:08,028 [grpc-default-executor-4] INFO  impl.FollowerInfo (FollowerInfo.java:lambda$new$0(51)) - 166adff3-52d0-4f60-8e58-0e12ed96f4bf@group-012F5F91B630->478df2fd-32fa-402c-a09a-4121263fb7de: nextIndex: updateUnconditionally 24 -> 23
2019-09-17 11:52:08,173 [java.util.concurrent.ThreadPoolExecutor$Worker@3cd8d43b[State = -1, empty queue]] WARN  server.GrpcLogAppender (GrpcLogAppender.java:timeoutAppendRequest(200)) - ee155057-4acb-4f3f-9013-4bd3c5a101b6@group-B3F5A0A8BDBD->533f21c9-6148-4926-981b-3030ea271196-GrpcLogAppender: appendEntries Timeout, request=ee155057-4acb-4f3f-9013-4bd3c5a101b6->533f21c9-6148-4926-981b-3030ea271196#164-t2, previous=(t:2, i:20), leaderCommit=16, initializing? false, entries: <empty>
2019-09-17 11:52:08,176 [grpc-default-executor-2] WARN  server.GrpcLogAppender (LogUtils.java:warn(134)) - ee155057-4acb-4f3f-9013-4bd3c5a101b6@group-B3F5A0A8BDBD->90cc32e6-bdd6-4f93-abb1-bc520dd025bc-AppendLogResponseHandler: Failed appendEntries: org.apache.ratis.thirdparty.io.grpc.StatusRuntimeException: UNAVAILABLE: io exception
2019-09-17 11:52:08,177 [grpc-default-executor-2] INFO  impl.FollowerInfo (FollowerInfo.java:lambda$new$0(51)) - ee155057-4acb-4f3f-9013-4bd3c5a101b6@group-B3F5A0A8BDBD->90cc32e6-bdd6-4f93-abb1-bc520dd025bc: nextIndex: updateUnconditionally 8 -> 7
2019-09-17 11:52:08,346 [Thread-1546] INFO  impl.FollowerState (FollowerState.java:run(106)) - db5c95e9-dab2-4d3b-9775-2e3d4de03f2d:group-4033F378C501 changes to CANDIDATE, lastRpcTime:1152, electionTimeout:1152ms
2019-09-17 11:52:08,346 [Thread-1546] INFO  impl.RoleInfo (RoleInfo.java:shutdownFollowerState(121)) - db5c95e9-dab2-4d3b-9775-2e3d4de03f2d: shutdown FollowerState
2019-09-17 11:52:08,346 [Thread-1546] INFO  impl.RaftServerImpl (RaftServerImpl.java:setRole(174)) - db5c95e9-dab2-4d3b-9775-2e3d4de03f2d@group-4033F378C501: changes role from  FOLLOWER to CANDIDATE at term 34 for changeToCandidate
2019-09-17 11:52:08,346 [Thread-1546] INFO  impl.RoleInfo (RoleInfo.java:updateAndGet(143)) - db5c95e9-dab2-4d3b-9775-2e3d4de03f2d: start LeaderElection
2019-09-17 11:52:08,363 [db5c95e9-dab2-4d3b-9775-2e3d4de03f2d@group-4033F378C501:LeaderElection50] INFO  impl.LeaderElection (LeaderElection.java:askForVotes(182)) - db5c95e9-dab2-4d3b-9775-2e3d4de03f2d@group-4033F378C501:LeaderElection50: begin an election at term 35 for 0: [768e87e1-01a1-4abe-adbb-724fc729cfde:192.168.157.219:39557, 0efbdbeb-0caf-4be4-a340-f9adf92e227b:192.168.157.219:42903, db5c95e9-dab2-4d3b-9775-2e3d4de03f2d:192.168.157.219:43472], old=null
2019-09-17 11:52:08,364 [db5c95e9-dab2-4d3b-9775-2e3d4de03f2d@group-4033F378C501:LeaderElection50] INFO  impl.LeaderElection (LogUtils.java:infoOrTrace(149)) - db5c95e9-dab2-4d3b-9775-2e3d4de03f2d@group-4033F378C501:LeaderElection50 got exception when requesting votes: {}
java.util.concurrent.ExecutionException: org.apache.ratis.thirdparty.io.grpc.StatusRuntimeException: UNAVAILABLE: io exception
	at java.util.concurrent.FutureTask.report(FutureTask.java:122)
	at java.util.concurrent.FutureTask.get(FutureTask.java:192)
	at org.apache.ratis.server.impl.LeaderElection.waitForResults(LeaderElection.java:263)
	at org.apache.ratis.server.impl.LeaderElection.askForVotes(LeaderElection.java:201)
	at org.apache.ratis.server.impl.LeaderElection.run(LeaderElection.java:133)
	at java.lang.Thread.run(Thread.java:748)
Caused by: org.apache.ratis.thirdparty.io.grpc.StatusRuntimeException: UNAVAILABLE: io exception
	at org.apache.ratis.thirdparty.io.grpc.stub.ClientCalls.toStatusRuntimeException(ClientCalls.java:233)
	at org.apache.ratis.thirdparty.io.grpc.stub.ClientCalls.getUnchecked(ClientCalls.java:214)
	at org.apache.ratis.thirdparty.io.grpc.stub.ClientCalls.blockingUnaryCall(ClientCalls.java:139)
	at org.apache.ratis.proto.grpc.RaftServerProtocolServiceGrpc$RaftServerProtocolServiceBlockingStub.requestVote(RaftServerProtocolServiceGrpc.java:265)
	at org.apache.ratis.grpc.server.GrpcServerProtocolClient.requestVote(GrpcServerProtocolClient.java:90)
	at org.apache.ratis.grpc.server.GrpcService.requestVote(GrpcService.java:204)
	at org.apache.ratis.server.impl.LeaderElection.lambda$submitRequests$1(LeaderElection.java:238)
	at java.util.concurrent.FutureTask.run(FutureTask.java:266)
	at java.util.concurrent.Executors$RunnableAdapter.call(Executors.java:511)
	at java.util.concurrent.FutureTask.run(FutureTask.java:266)
	at java.util.concurrent.ThreadPoolExecutor.runWorker(ThreadPoolExecutor.java:1149)
	at java.util.concurrent.ThreadPoolExecutor$Worker.run(ThreadPoolExecutor.java:624)
	... 1 more
Caused by: org.apache.ratis.thirdparty.io.netty.channel.AbstractChannel$AnnotatedConnectException: Connection refused: /192.168.157.219:39557
	at sun.nio.ch.SocketChannelImpl.checkConnect(Native Method)
	at sun.nio.ch.SocketChannelImpl.finishConnect(SocketChannelImpl.java:717)
	at org.apache.ratis.thirdparty.io.netty.channel.socket.nio.NioSocketChannel.doFinishConnect(NioSocketChannel.java:327)
	at org.apache.ratis.thirdparty.io.netty.channel.nio.AbstractNioChannel$AbstractNioUnsafe.finishConnect(AbstractNioChannel.java:340)
	at org.apache.ratis.thirdparty.io.netty.channel.nio.NioEventLoop.processSelectedKey(NioEventLoop.java:632)
	at org.apache.ratis.thirdparty.io.netty.channel.nio.NioEventLoop.processSelectedKeysOptimized(NioEventLoop.java:579)
	at org.apache.ratis.thirdparty.io.netty.channel.nio.NioEventLoop.processSelectedKeys(NioEventLoop.java:496)
	at org.apache.ratis.thirdparty.io.netty.channel.nio.NioEventLoop.run(NioEventLoop.java:458)
	at org.apache.ratis.thirdparty.io.netty.util.concurrent.SingleThreadEventExecutor$5.run(SingleThreadEventExecutor.java:897)
	at org.apache.ratis.thirdparty.io.netty.util.concurrent.FastThreadLocalRunnable.run(FastThreadLocalRunnable.java:30)
	... 1 more
Caused by: java.net.ConnectException: Connection refused
	... 11 more
2019-09-17 11:52:08,365 [db5c95e9-dab2-4d3b-9775-2e3d4de03f2d@group-4033F378C501:LeaderElection50] INFO  impl.LeaderElection (LogUtils.java:infoOrTrace(149)) - db5c95e9-dab2-4d3b-9775-2e3d4de03f2d@group-4033F378C501:LeaderElection50 got exception when requesting votes: {}
java.util.concurrent.ExecutionException: org.apache.ratis.thirdparty.io.grpc.StatusRuntimeException: UNAVAILABLE: io exception
	at java.util.concurrent.FutureTask.report(FutureTask.java:122)
	at java.util.concurrent.FutureTask.get(FutureTask.java:192)
	at org.apache.ratis.server.impl.LeaderElection.waitForResults(LeaderElection.java:263)
	at org.apache.ratis.server.impl.LeaderElection.askForVotes(LeaderElection.java:201)
	at org.apache.ratis.server.impl.LeaderElection.run(LeaderElection.java:133)
	at java.lang.Thread.run(Thread.java:748)
Caused by: org.apache.ratis.thirdparty.io.grpc.StatusRuntimeException: UNAVAILABLE: io exception
	at org.apache.ratis.thirdparty.io.grpc.stub.ClientCalls.toStatusRuntimeException(ClientCalls.java:233)
	at org.apache.ratis.thirdparty.io.grpc.stub.ClientCalls.getUnchecked(ClientCalls.java:214)
	at org.apache.ratis.thirdparty.io.grpc.stub.ClientCalls.blockingUnaryCall(ClientCalls.java:139)
	at org.apache.ratis.proto.grpc.RaftServerProtocolServiceGrpc$RaftServerProtocolServiceBlockingStub.requestVote(RaftServerProtocolServiceGrpc.java:265)
	at org.apache.ratis.grpc.server.GrpcServerProtocolClient.requestVote(GrpcServerProtocolClient.java:90)
	at org.apache.ratis.grpc.server.GrpcService.requestVote(GrpcService.java:204)
	at org.apache.ratis.server.impl.LeaderElection.lambda$submitRequests$1(LeaderElection.java:238)
	at java.util.concurrent.FutureTask.run(FutureTask.java:266)
	at java.util.concurrent.Executors$RunnableAdapter.call(Executors.java:511)
	at java.util.concurrent.FutureTask.run(FutureTask.java:266)
	at java.util.concurrent.ThreadPoolExecutor.runWorker(ThreadPoolExecutor.java:1149)
	at java.util.concurrent.ThreadPoolExecutor$Worker.run(ThreadPoolExecutor.java:624)
	... 1 more
Caused by: org.apache.ratis.thirdparty.io.netty.channel.AbstractChannel$AnnotatedConnectException: Connection refused: /192.168.157.219:42903
	at sun.nio.ch.SocketChannelImpl.checkConnect(Native Method)
	at sun.nio.ch.SocketChannelImpl.finishConnect(SocketChannelImpl.java:717)
	at org.apache.ratis.thirdparty.io.netty.channel.socket.nio.NioSocketChannel.doFinishConnect(NioSocketChannel.java:327)
	at org.apache.ratis.thirdparty.io.netty.channel.nio.AbstractNioChannel$AbstractNioUnsafe.finishConnect(AbstractNioChannel.java:340)
	at org.apache.ratis.thirdparty.io.netty.channel.nio.NioEventLoop.processSelectedKey(NioEventLoop.java:632)
	at org.apache.ratis.thirdparty.io.netty.channel.nio.NioEventLoop.processSelectedKeysOptimized(NioEventLoop.java:579)
	at org.apache.ratis.thirdparty.io.netty.channel.nio.NioEventLoop.processSelectedKeys(NioEventLoop.java:496)
	at org.apache.ratis.thirdparty.io.netty.channel.nio.NioEventLoop.run(NioEventLoop.java:458)
	at org.apache.ratis.thirdparty.io.netty.util.concurrent.SingleThreadEventExecutor$5.run(SingleThreadEventExecutor.java:897)
	at org.apache.ratis.thirdparty.io.netty.util.concurrent.FastThreadLocalRunnable.run(FastThreadLocalRunnable.java:30)
	... 1 more
Caused by: java.net.ConnectException: Connection refused
	... 11 more
2019-09-17 11:52:08,366 [db5c95e9-dab2-4d3b-9775-2e3d4de03f2d@group-4033F378C501:LeaderElection50] INFO  impl.LeaderElection (LeaderElection.java:logAndReturn(56)) - db5c95e9-dab2-4d3b-9775-2e3d4de03f2d@group-4033F378C501:LeaderElection50: Election REJECTED; received 0 response(s) [] and 2 exception(s); db5c95e9-dab2-4d3b-9775-2e3d4de03f2d@group-4033F378C501:t35, leader=null, voted=db5c95e9-dab2-4d3b-9775-2e3d4de03f2d, raftlog=db5c95e9-dab2-4d3b-9775-2e3d4de03f2d@group-4033F378C501-SegmentedRaftLog:OPENED:c28,f28,i28, conf=0: [768e87e1-01a1-4abe-adbb-724fc729cfde:192.168.157.219:39557, 0efbdbeb-0caf-4be4-a340-f9adf92e227b:192.168.157.219:42903, db5c95e9-dab2-4d3b-9775-2e3d4de03f2d:192.168.157.219:43472], old=null
2019-09-17 11:52:08,366 [db5c95e9-dab2-4d3b-9775-2e3d4de03f2d@group-4033F378C501:LeaderElection50] INFO  impl.LeaderElection (LogUtils.java:infoOrTrace(149)) -   Exception 0: {}
java.util.concurrent.ExecutionException: org.apache.ratis.thirdparty.io.grpc.StatusRuntimeException: UNAVAILABLE: io exception
	at java.util.concurrent.FutureTask.report(FutureTask.java:122)
	at java.util.concurrent.FutureTask.get(FutureTask.java:192)
	at org.apache.ratis.server.impl.LeaderElection.waitForResults(LeaderElection.java:263)
	at org.apache.ratis.server.impl.LeaderElection.askForVotes(LeaderElection.java:201)
	at org.apache.ratis.server.impl.LeaderElection.run(LeaderElection.java:133)
	at java.lang.Thread.run(Thread.java:748)
Caused by: org.apache.ratis.thirdparty.io.grpc.StatusRuntimeException: UNAVAILABLE: io exception
	at org.apache.ratis.thirdparty.io.grpc.stub.ClientCalls.toStatusRuntimeException(ClientCalls.java:233)
	at org.apache.ratis.thirdparty.io.grpc.stub.ClientCalls.getUnchecked(ClientCalls.java:214)
	at org.apache.ratis.thirdparty.io.grpc.stub.ClientCalls.blockingUnaryCall(ClientCalls.java:139)
	at org.apache.ratis.proto.grpc.RaftServerProtocolServiceGrpc$RaftServerProtocolServiceBlockingStub.requestVote(RaftServerProtocolServiceGrpc.java:265)
	at org.apache.ratis.grpc.server.GrpcServerProtocolClient.requestVote(GrpcServerProtocolClient.java:90)
	at org.apache.ratis.grpc.server.GrpcService.requestVote(GrpcService.java:204)
	at org.apache.ratis.server.impl.LeaderElection.lambda$submitRequests$1(LeaderElection.java:238)
	at java.util.concurrent.FutureTask.run(FutureTask.java:266)
	at java.util.concurrent.Executors$RunnableAdapter.call(Executors.java:511)
	at java.util.concurrent.FutureTask.run(FutureTask.java:266)
	at java.util.concurrent.ThreadPoolExecutor.runWorker(ThreadPoolExecutor.java:1149)
	at java.util.concurrent.ThreadPoolExecutor$Worker.run(ThreadPoolExecutor.java:624)
	... 1 more
Caused by: org.apache.ratis.thirdparty.io.netty.channel.AbstractChannel$AnnotatedConnectException: Connection refused: /192.168.157.219:39557
	at sun.nio.ch.SocketChannelImpl.checkConnect(Native Method)
	at sun.nio.ch.SocketChannelImpl.finishConnect(SocketChannelImpl.java:717)
	at org.apache.ratis.thirdparty.io.netty.channel.socket.nio.NioSocketChannel.doFinishConnect(NioSocketChannel.java:327)
	at org.apache.ratis.thirdparty.io.netty.channel.nio.AbstractNioChannel$AbstractNioUnsafe.finishConnect(AbstractNioChannel.java:340)
	at org.apache.ratis.thirdparty.io.netty.channel.nio.NioEventLoop.processSelectedKey(NioEventLoop.java:632)
	at org.apache.ratis.thirdparty.io.netty.channel.nio.NioEventLoop.processSelectedKeysOptimized(NioEventLoop.java:579)
	at org.apache.ratis.thirdparty.io.netty.channel.nio.NioEventLoop.processSelectedKeys(NioEventLoop.java:496)
	at org.apache.ratis.thirdparty.io.netty.channel.nio.NioEventLoop.run(NioEventLoop.java:458)
	at org.apache.ratis.thirdparty.io.netty.util.concurrent.SingleThreadEventExecutor$5.run(SingleThreadEventExecutor.java:897)
	at org.apache.ratis.thirdparty.io.netty.util.concurrent.FastThreadLocalRunnable.run(FastThreadLocalRunnable.java:30)
	... 1 more
Caused by: java.net.ConnectException: Connection refused
	... 11 more
2019-09-17 11:52:08,367 [db5c95e9-dab2-4d3b-9775-2e3d4de03f2d@group-4033F378C501:LeaderElection50] INFO  impl.LeaderElection (LogUtils.java:infoOrTrace(149)) -   Exception 1: {}
java.util.concurrent.ExecutionException: org.apache.ratis.thirdparty.io.grpc.StatusRuntimeException: UNAVAILABLE: io exception
	at java.util.concurrent.FutureTask.report(FutureTask.java:122)
	at java.util.concurrent.FutureTask.get(FutureTask.java:192)
	at org.apache.ratis.server.impl.LeaderElection.waitForResults(LeaderElection.java:263)
	at org.apache.ratis.server.impl.LeaderElection.askForVotes(LeaderElection.java:201)
	at org.apache.ratis.server.impl.LeaderElection.run(LeaderElection.java:133)
	at java.lang.Thread.run(Thread.java:748)
Caused by: org.apache.ratis.thirdparty.io.grpc.StatusRuntimeException: UNAVAILABLE: io exception
	at org.apache.ratis.thirdparty.io.grpc.stub.ClientCalls.toStatusRuntimeException(ClientCalls.java:233)
	at org.apache.ratis.thirdparty.io.grpc.stub.ClientCalls.getUnchecked(ClientCalls.java:214)
	at org.apache.ratis.thirdparty.io.grpc.stub.ClientCalls.blockingUnaryCall(ClientCalls.java:139)
	at org.apache.ratis.proto.grpc.RaftServerProtocolServiceGrpc$RaftServerProtocolServiceBlockingStub.requestVote(RaftServerProtocolServiceGrpc.java:265)
	at org.apache.ratis.grpc.server.GrpcServerProtocolClient.requestVote(GrpcServerProtocolClient.java:90)
	at org.apache.ratis.grpc.server.GrpcService.requestVote(GrpcService.java:204)
	at org.apache.ratis.server.impl.LeaderElection.lambda$submitRequests$1(LeaderElection.java:238)
	at java.util.concurrent.FutureTask.run(FutureTask.java:266)
	at java.util.concurrent.Executors$RunnableAdapter.call(Executors.java:511)
	at java.util.concurrent.FutureTask.run(FutureTask.java:266)
	at java.util.concurrent.ThreadPoolExecutor.runWorker(ThreadPoolExecutor.java:1149)
	at java.util.concurrent.ThreadPoolExecutor$Worker.run(ThreadPoolExecutor.java:624)
	... 1 more
Caused by: org.apache.ratis.thirdparty.io.netty.channel.AbstractChannel$AnnotatedConnectException: Connection refused: /192.168.157.219:42903
	at sun.nio.ch.SocketChannelImpl.checkConnect(Native Method)
	at sun.nio.ch.SocketChannelImpl.finishConnect(SocketChannelImpl.java:717)
	at org.apache.ratis.thirdparty.io.netty.channel.socket.nio.NioSocketChannel.doFinishConnect(NioSocketChannel.java:327)
	at org.apache.ratis.thirdparty.io.netty.channel.nio.AbstractNioChannel$AbstractNioUnsafe.finishConnect(AbstractNioChannel.java:340)
	at org.apache.ratis.thirdparty.io.netty.channel.nio.NioEventLoop.processSelectedKey(NioEventLoop.java:632)
	at org.apache.ratis.thirdparty.io.netty.channel.nio.NioEventLoop.processSelectedKeysOptimized(NioEventLoop.java:579)
	at org.apache.ratis.thirdparty.io.netty.channel.nio.NioEventLoop.processSelectedKeys(NioEventLoop.java:496)
	at org.apache.ratis.thirdparty.io.netty.channel.nio.NioEventLoop.run(NioEventLoop.java:458)
	at org.apache.ratis.thirdparty.io.netty.util.concurrent.SingleThreadEventExecutor$5.run(SingleThreadEventExecutor.java:897)
	at org.apache.ratis.thirdparty.io.netty.util.concurrent.FastThreadLocalRunnable.run(FastThreadLocalRunnable.java:30)
	... 1 more
Caused by: java.net.ConnectException: Connection refused
	... 11 more
2019-09-17 11:52:08,367 [db5c95e9-dab2-4d3b-9775-2e3d4de03f2d@group-4033F378C501:LeaderElection50] INFO  impl.RaftServerImpl (RaftServerImpl.java:setRole(174)) - db5c95e9-dab2-4d3b-9775-2e3d4de03f2d@group-4033F378C501: changes role from CANDIDATE to FOLLOWER at term 35 for DISCOVERED_A_NEW_TERM
2019-09-17 11:52:08,368 [db5c95e9-dab2-4d3b-9775-2e3d4de03f2d@group-4033F378C501:LeaderElection50] INFO  impl.RoleInfo (RoleInfo.java:shutdownLeaderElection(134)) - db5c95e9-dab2-4d3b-9775-2e3d4de03f2d: shutdown LeaderElection
2019-09-17 11:52:08,368 [db5c95e9-dab2-4d3b-9775-2e3d4de03f2d@group-4033F378C501:LeaderElection50] INFO  impl.RoleInfo (RoleInfo.java:updateAndGet(143)) - db5c95e9-dab2-4d3b-9775-2e3d4de03f2d: start FollowerState
2019-09-17 11:52:08,446 [main] INFO  ozoneimpl.OzoneContainer (OzoneContainer.java:stop(231)) - Attempting to stop container services.
2019-09-17 11:52:08,447 [main] INFO  impl.RaftServerProxy (RaftServerProxy.java:lambda$close$4(314)) - 166adff3-52d0-4f60-8e58-0e12ed96f4bf: close
2019-09-17 11:52:08,448 [main] INFO  impl.RaftServerImpl (RaftServerImpl.java:lambda$shutdown$3(251)) - 166adff3-52d0-4f60-8e58-0e12ed96f4bf@group-F2C098E7CD98: shutdown
2019-09-17 11:52:08,448 [main] INFO  util.JmxRegister (JmxRegister.java:unregister(73)) - Successfully un-registered JMX Bean with object name Ratis:service=RaftServer,group=group-F2C098E7CD98,id=166adff3-52d0-4f60-8e58-0e12ed96f4bf
2019-09-17 11:52:08,449 [main] INFO  impl.RoleInfo (RoleInfo.java:shutdownLeaderState(104)) - 166adff3-52d0-4f60-8e58-0e12ed96f4bf: shutdown LeaderState
2019-09-17 11:52:08,449 [main] INFO  impl.PendingRequests (PendingRequests.java:sendNotLeaderResponses(202)) - 166adff3-52d0-4f60-8e58-0e12ed96f4bf-PendingRequests: sendNotLeaderResponses
2019-09-17 11:52:08,450 [main] INFO  impl.StateMachineUpdater (StateMachineUpdater.java:stopAndJoin(125)) - 166adff3-52d0-4f60-8e58-0e12ed96f4bf@group-F2C098E7CD98-StateMachineUpdater: set stopIndex = 0
2019-09-17 11:52:08,450 [main] INFO  impl.RaftServerImpl (ServerState.java:close(385)) - 166adff3-52d0-4f60-8e58-0e12ed96f4bf@group-F2C098E7CD98: closes. applyIndex: 0
2019-09-17 11:52:08,451 [166adff3-52d0-4f60-8e58-0e12ed96f4bf@group-F2C098E7CD98-SegmentedRaftLogWorker] INFO  segmented.SegmentedRaftLogWorker (SegmentedRaftLogWorker.java:run(313)) - 166adff3-52d0-4f60-8e58-0e12ed96f4bf@group-F2C098E7CD98-SegmentedRaftLogWorker was interrupted, exiting. There are 0 tasks remaining in the queue.
2019-09-17 11:52:08,454 [main] INFO  segmented.SegmentedRaftLogWorker (SegmentedRaftLogWorker.java:close(228)) - 166adff3-52d0-4f60-8e58-0e12ed96f4bf@group-F2C098E7CD98-SegmentedRaftLogWorker close()
2019-09-17 11:52:08,458 [main] INFO  impl.RaftServerImpl (RaftServerImpl.java:lambda$shutdown$3(251)) - 166adff3-52d0-4f60-8e58-0e12ed96f4bf@group-012F5F91B630: shutdown
2019-09-17 11:52:08,459 [main] INFO  util.JmxRegister (JmxRegister.java:unregister(73)) - Successfully un-registered JMX Bean with object name Ratis:service=RaftServer,group=group-012F5F91B630,id=166adff3-52d0-4f60-8e58-0e12ed96f4bf
2019-09-17 11:52:08,459 [main] INFO  impl.RoleInfo (RoleInfo.java:shutdownLeaderState(104)) - 166adff3-52d0-4f60-8e58-0e12ed96f4bf: shutdown LeaderState
2019-09-17 11:52:08,463 [org.apache.ratis.server.impl.LogAppender$AppenderDaemon$$Lambda$415/826362286@1f579675] WARN  server.GrpcLogAppender (GrpcLogAppender.java:mayWait(143)) - 166adff3-52d0-4f60-8e58-0e12ed96f4bf@group-012F5F91B630->ab50ed4d-57db-4f38-bd59-74c03932909c-GrpcLogAppender: Wait interrupted by java.lang.InterruptedException
2019-09-17 11:52:08,463 [main] INFO  impl.PendingRequests (PendingRequests.java:sendNotLeaderResponses(202)) - 166adff3-52d0-4f60-8e58-0e12ed96f4bf-PendingRequests: sendNotLeaderResponses
2019-09-17 11:52:08,463 [ForkJoinPool.commonPool-worker-1] INFO  ozoneimpl.OzoneContainer (OzoneContainer.java:stop(231)) - Attempting to stop container services.
2019-09-17 11:52:08,463 [org.apache.ratis.server.impl.LogAppender$AppenderDaemon$$Lambda$415/826362286@24805984] WARN  server.GrpcLogAppender (GrpcLogAppender.java:mayWait(143)) - 166adff3-52d0-4f60-8e58-0e12ed96f4bf@group-012F5F91B630->478df2fd-32fa-402c-a09a-4121263fb7de-GrpcLogAppender: Wait interrupted by java.lang.InterruptedException
2019-09-17 11:52:08,464 [grpc-default-executor-2] INFO  server.GrpcServerProtocolService (GrpcServerProtocolService.java:onCompleted(113)) - ab50ed4d-57db-4f38-bd59-74c03932909c: Completed APPEND_ENTRIES, lastRequest: 166adff3-52d0-4f60-8e58-0e12ed96f4bf->ab50ed4d-57db-4f38-bd59-74c03932909c#186-t1, previous=(t:1, i:36), leaderCommit=32, initializing? false, entries: <empty>
2019-09-17 11:52:08,465 [ForkJoinPool.commonPool-worker-1] INFO  impl.RaftServerProxy (RaftServerProxy.java:lambda$close$4(314)) - db5c95e9-dab2-4d3b-9775-2e3d4de03f2d: close
2019-09-17 11:52:08,465 [ForkJoinPool.commonPool-worker-1] INFO  impl.RaftServerImpl (RaftServerImpl.java:lambda$shutdown$3(251)) - db5c95e9-dab2-4d3b-9775-2e3d4de03f2d@group-E134F790951C: shutdown
2019-09-17 11:52:08,465 [ForkJoinPool.commonPool-worker-1] INFO  util.JmxRegister (JmxRegister.java:unregister(73)) - Successfully un-registered JMX Bean with object name Ratis:service=RaftServer,group=group-E134F790951C,id=db5c95e9-dab2-4d3b-9775-2e3d4de03f2d
2019-09-17 11:52:08,470 [grpc-default-executor-2] INFO  server.GrpcLogAppender (GrpcLogAppender.java:onCompleted(293)) - 166adff3-52d0-4f60-8e58-0e12ed96f4bf@group-012F5F91B630->ab50ed4d-57db-4f38-bd59-74c03932909c-AppendLogResponseHandler: follower responses appendEntries COMPLETED
2019-09-17 11:52:08,470 [166adff3-52d0-4f60-8e58-0e12ed96f4bf@group-012F5F91B630-StateMachineUpdater] INFO  ratis.ContainerStateMachine (ContainerStateMachine.java:takeSnapshot(289)) - group-012F5F91B630: Taking a snapshot at:(t:1, i:28) file /tmp/workdir/hadoop-ozone/integration-test/target/test-dir/MiniOzoneClusterImpl-aba007c7-aff0-48a6-9a1c-5b8514ff46fc/datanode-6/data/ratis/d65c79fe-fa59-49e1-a6a1-012f5f91b630/sm/snapshot.1_28
2019-09-17 11:52:08,470 [main] INFO  impl.StateMachineUpdater (StateMachineUpdater.java:stopAndJoin(125)) - 166adff3-52d0-4f60-8e58-0e12ed96f4bf@group-012F5F91B630-StateMachineUpdater: set stopIndex = 32
2019-09-17 11:52:08,470 [ForkJoinPool.commonPool-worker-1] INFO  impl.RoleInfo (RoleInfo.java:shutdownLeaderState(104)) - db5c95e9-dab2-4d3b-9775-2e3d4de03f2d: shutdown LeaderState
2019-09-17 11:52:08,470 [grpc-default-executor-2] INFO  impl.FollowerInfo (FollowerInfo.java:lambda$new$0(51)) - 166adff3-52d0-4f60-8e58-0e12ed96f4bf@group-012F5F91B630->ab50ed4d-57db-4f38-bd59-74c03932909c: nextIndex: updateUnconditionally 37 -> 33
2019-09-17 11:52:08,471 [ForkJoinPool.commonPool-worker-1] INFO  impl.PendingRequests (PendingRequests.java:sendNotLeaderResponses(202)) - db5c95e9-dab2-4d3b-9775-2e3d4de03f2d-PendingRequests: sendNotLeaderResponses
2019-09-17 11:52:08,472 [ForkJoinPool.commonPool-worker-1] INFO  impl.StateMachineUpdater (StateMachineUpdater.java:stopAndJoin(125)) - db5c95e9-dab2-4d3b-9775-2e3d4de03f2d@group-E134F790951C-StateMachineUpdater: set stopIndex = 0
2019-09-17 11:52:08,472 [ForkJoinPool.commonPool-worker-1] INFO  impl.RaftServerImpl (ServerState.java:close(385)) - db5c95e9-dab2-4d3b-9775-2e3d4de03f2d@group-E134F790951C: closes. applyIndex: 0
2019-09-17 11:52:08,472 [db5c95e9-dab2-4d3b-9775-2e3d4de03f2d@group-E134F790951C-SegmentedRaftLogWorker] INFO  segmented.SegmentedRaftLogWorker (SegmentedRaftLogWorker.java:run(313)) - db5c95e9-dab2-4d3b-9775-2e3d4de03f2d@group-E134F790951C-SegmentedRaftLogWorker was interrupted, exiting. There are 0 tasks remaining in the queue.
2019-09-17 11:52:08,474 [ForkJoinPool.commonPool-worker-1] INFO  segmented.SegmentedRaftLogWorker (SegmentedRaftLogWorker.java:close(228)) - db5c95e9-dab2-4d3b-9775-2e3d4de03f2d@group-E134F790951C-SegmentedRaftLogWorker close()
2019-09-17 11:52:08,479 [ForkJoinPool.commonPool-worker-1] INFO  impl.RaftServerImpl (RaftServerImpl.java:lambda$shutdown$3(251)) - db5c95e9-dab2-4d3b-9775-2e3d4de03f2d@group-4033F378C501: shutdown
2019-09-17 11:52:08,479 [ForkJoinPool.commonPool-worker-1] INFO  util.JmxRegister (JmxRegister.java:unregister(73)) - Successfully un-registered JMX Bean with object name Ratis:service=RaftServer,group=group-4033F378C501,id=db5c95e9-dab2-4d3b-9775-2e3d4de03f2d
2019-09-17 11:52:08,479 [ForkJoinPool.commonPool-worker-1] INFO  impl.RoleInfo (RoleInfo.java:shutdownFollowerState(121)) - db5c95e9-dab2-4d3b-9775-2e3d4de03f2d: shutdown FollowerState
2019-09-17 11:52:08,479 [ForkJoinPool.commonPool-worker-1] INFO  impl.StateMachineUpdater (StateMachineUpdater.java:stopAndJoin(125)) - db5c95e9-dab2-4d3b-9775-2e3d4de03f2d@group-4033F378C501-StateMachineUpdater: set stopIndex = 28
2019-09-17 11:52:08,480 [Thread-1554] INFO  impl.FollowerState (FollowerState.java:run(115)) - db5c95e9-dab2-4d3b-9775-2e3d4de03f2d: FollowerState was interrupted: java.lang.InterruptedException: sleep interrupted
2019-09-17 11:52:08,480 [db5c95e9-dab2-4d3b-9775-2e3d4de03f2d@group-4033F378C501-StateMachineUpdater] INFO  ratis.ContainerStateMachine (ContainerStateMachine.java:takeSnapshot(289)) - group-4033F378C501: Taking a snapshot at:(t:1, i:26) file /tmp/workdir/hadoop-ozone/integration-test/target/test-dir/MiniOzoneClusterImpl-aba007c7-aff0-48a6-9a1c-5b8514ff46fc/datanode-3/data/ratis/39788b26-8e4f-498d-9caf-4033f378c501/sm/snapshot.1_26
2019-09-17 11:52:08,484 [166adff3-52d0-4f60-8e58-0e12ed96f4bf@group-012F5F91B630-StateMachineUpdater] INFO  ratis.ContainerStateMachine (ContainerStateMachine.java:takeSnapshot(300)) - group-012F5F91B630: Finished taking a snapshot at:(t:1, i:28) file:/tmp/workdir/hadoop-ozone/integration-test/target/test-dir/MiniOzoneClusterImpl-aba007c7-aff0-48a6-9a1c-5b8514ff46fc/datanode-6/data/ratis/d65c79fe-fa59-49e1-a6a1-012f5f91b630/sm/snapshot.1_28 time:14
2019-09-17 11:52:08,484 [166adff3-52d0-4f60-8e58-0e12ed96f4bf@group-012F5F91B630-StateMachineUpdater] INFO  impl.StateMachineUpdater (StateMachineUpdater.java:takeSnapshot(258)) - 166adff3-52d0-4f60-8e58-0e12ed96f4bf@group-012F5F91B630-StateMachineUpdater: Took a snapshot at index 28
2019-09-17 11:52:08,484 [166adff3-52d0-4f60-8e58-0e12ed96f4bf@group-012F5F91B630-StateMachineUpdater] INFO  impl.StateMachineUpdater (StateMachineUpdater.java:lambda$new$0(83)) - 166adff3-52d0-4f60-8e58-0e12ed96f4bf@group-012F5F91B630-StateMachineUpdater: snapshotIndex: updateIncreasingly -1 -> 28
2019-09-17 11:52:08,484 [166adff3-52d0-4f60-8e58-0e12ed96f4bf@group-012F5F91B630-StateMachineUpdater] INFO  ratis.ContainerStateMachine (ContainerStateMachine.java:takeSnapshot(289)) - group-012F5F91B630: Taking a snapshot at:(t:1, i:28) file /tmp/workdir/hadoop-ozone/integration-test/target/test-dir/MiniOzoneClusterImpl-aba007c7-aff0-48a6-9a1c-5b8514ff46fc/datanode-6/data/ratis/d65c79fe-fa59-49e1-a6a1-012f5f91b630/sm/snapshot.1_28
2019-09-17 11:52:08,486 [db5c95e9-dab2-4d3b-9775-2e3d4de03f2d@group-4033F378C501-StateMachineUpdater] INFO  ratis.ContainerStateMachine (ContainerStateMachine.java:takeSnapshot(300)) - group-4033F378C501: Finished taking a snapshot at:(t:1, i:26) file:/tmp/workdir/hadoop-ozone/integration-test/target/test-dir/MiniOzoneClusterImpl-aba007c7-aff0-48a6-9a1c-5b8514ff46fc/datanode-3/data/ratis/39788b26-8e4f-498d-9caf-4033f378c501/sm/snapshot.1_26 time:6
2019-09-17 11:52:08,486 [db5c95e9-dab2-4d3b-9775-2e3d4de03f2d@group-4033F378C501-StateMachineUpdater] INFO  impl.StateMachineUpdater (StateMachineUpdater.java:takeSnapshot(258)) - db5c95e9-dab2-4d3b-9775-2e3d4de03f2d@group-4033F378C501-StateMachineUpdater: Took a snapshot at index 26
2019-09-17 11:52:08,486 [db5c95e9-dab2-4d3b-9775-2e3d4de03f2d@group-4033F378C501-StateMachineUpdater] INFO  impl.StateMachineUpdater (StateMachineUpdater.java:lambda$new$0(83)) - db5c95e9-dab2-4d3b-9775-2e3d4de03f2d@group-4033F378C501-StateMachineUpdater: snapshotIndex: updateIncreasingly -1 -> 26
2019-09-17 11:52:08,486 [db5c95e9-dab2-4d3b-9775-2e3d4de03f2d@group-4033F378C501-StateMachineUpdater] INFO  ratis.ContainerStateMachine (ContainerStateMachine.java:takeSnapshot(289)) - group-4033F378C501: Taking a snapshot at:(t:1, i:26) file /tmp/workdir/hadoop-ozone/integration-test/target/test-dir/MiniOzoneClusterImpl-aba007c7-aff0-48a6-9a1c-5b8514ff46fc/datanode-3/data/ratis/39788b26-8e4f-498d-9caf-4033f378c501/sm/snapshot.1_26
2019-09-17 11:52:08,487 [166adff3-52d0-4f60-8e58-0e12ed96f4bf@group-012F5F91B630-StateMachineUpdater] INFO  ratis.ContainerStateMachine (ContainerStateMachine.java:takeSnapshot(300)) - group-012F5F91B630: Finished taking a snapshot at:(t:1, i:28) file:/tmp/workdir/hadoop-ozone/integration-test/target/test-dir/MiniOzoneClusterImpl-aba007c7-aff0-48a6-9a1c-5b8514ff46fc/datanode-6/data/ratis/d65c79fe-fa59-49e1-a6a1-012f5f91b630/sm/snapshot.1_28 time:3
2019-09-17 11:52:08,488 [166adff3-52d0-4f60-8e58-0e12ed96f4bf@group-012F5F91B630-StateMachineUpdater] INFO  impl.StateMachineUpdater (StateMachineUpdater.java:takeSnapshot(258)) - 166adff3-52d0-4f60-8e58-0e12ed96f4bf@group-012F5F91B630-StateMachineUpdater: Took a snapshot at index 28
2019-09-17 11:52:08,488 [166adff3-52d0-4f60-8e58-0e12ed96f4bf@group-012F5F91B630-StateMachineUpdater] INFO  impl.StateMachineUpdater (StateMachineUpdater.java:lambda$new$0(83)) - 166adff3-52d0-4f60-8e58-0e12ed96f4bf@group-012F5F91B630-StateMachineUpdater: snapshotIndex: updateIncreasingly 28 -> 28
2019-09-17 11:52:08,488 [main] INFO  impl.RaftServerImpl (ServerState.java:close(385)) - 166adff3-52d0-4f60-8e58-0e12ed96f4bf@group-012F5F91B630: closes. applyIndex: 32
2019-09-17 11:52:08,492 [166adff3-52d0-4f60-8e58-0e12ed96f4bf@group-012F5F91B630-SegmentedRaftLogWorker] ERROR ratis.XceiverServerRatis (XceiverServerRatis.java:triggerPipelineClose(575)) - pipeline Action CLOSE  on pipeline PipelineID=d65c79fe-fa59-49e1-a6a1-012f5f91b630.Reason : WriteLog:33: (t:1, i:33), STATEMACHINELOGENTRY, client-CC55B186F28B, cid=71-writeStateMachineData interrupted.
2019-09-17 11:52:08,492 [db5c95e9-dab2-4d3b-9775-2e3d4de03f2d@group-4033F378C501-StateMachineUpdater] INFO  ratis.ContainerStateMachine (ContainerStateMachine.java:takeSnapshot(300)) - group-4033F378C501: Finished taking a snapshot at:(t:1, i:26) file:/tmp/workdir/hadoop-ozone/integration-test/target/test-dir/MiniOzoneClusterImpl-aba007c7-aff0-48a6-9a1c-5b8514ff46fc/datanode-3/data/ratis/39788b26-8e4f-498d-9caf-4033f378c501/sm/snapshot.1_26 time:6
2019-09-17 11:52:08,503 [main] INFO  segmented.SegmentedRaftLogWorker (SegmentedRaftLogWorker.java:close(228)) - 166adff3-52d0-4f60-8e58-0e12ed96f4bf@group-012F5F91B630-SegmentedRaftLogWorker close()
2019-09-17 11:52:08,503 [db5c95e9-dab2-4d3b-9775-2e3d4de03f2d@group-4033F378C501-StateMachineUpdater] INFO  impl.StateMachineUpdater (StateMachineUpdater.java:takeSnapshot(258)) - db5c95e9-dab2-4d3b-9775-2e3d4de03f2d@group-4033F378C501-StateMachineUpdater: Took a snapshot at index 26
2019-09-17 11:52:08,505 [main] INFO  server.GrpcService (GrpcService.java:closeImpl(164)) - 166adff3-52d0-4f60-8e58-0e12ed96f4bf: shutdown server with port 39836 now
2019-09-17 11:52:08,505 [db5c95e9-dab2-4d3b-9775-2e3d4de03f2d@group-4033F378C501-StateMachineUpdater] INFO  impl.StateMachineUpdater (StateMachineUpdater.java:lambda$new$0(83)) - db5c95e9-dab2-4d3b-9775-2e3d4de03f2d@group-4033F378C501-StateMachineUpdater: snapshotIndex: updateIncreasingly 26 -> 26
2019-09-17 11:52:08,506 [ForkJoinPool.commonPool-worker-1] INFO  impl.RaftServerImpl (ServerState.java:close(385)) - db5c95e9-dab2-4d3b-9775-2e3d4de03f2d@group-4033F378C501: closes. applyIndex: 28
2019-09-17 11:52:08,506 [main] INFO  server.GrpcService (GrpcService.java:closeImpl(172)) - 166adff3-52d0-4f60-8e58-0e12ed96f4bf: shutdown server with port 39836 successfully
2019-09-17 11:52:08,506 [db5c95e9-dab2-4d3b-9775-2e3d4de03f2d@group-4033F378C501-SegmentedRaftLogWorker] INFO  segmented.SegmentedRaftLogWorker (SegmentedRaftLogWorker.java:run(313)) - db5c95e9-dab2-4d3b-9775-2e3d4de03f2d@group-4033F378C501-SegmentedRaftLogWorker was interrupted, exiting. There are 0 tasks remaining in the queue.
2019-09-17 11:52:08,507 [ForkJoinPool.commonPool-worker-1] INFO  segmented.SegmentedRaftLogWorker (SegmentedRaftLogWorker.java:close(228)) - db5c95e9-dab2-4d3b-9775-2e3d4de03f2d@group-4033F378C501-SegmentedRaftLogWorker close()
2019-09-17 11:52:08,510 [ForkJoinPool.commonPool-worker-1] INFO  server.GrpcService (GrpcService.java:closeImpl(164)) - db5c95e9-dab2-4d3b-9775-2e3d4de03f2d: shutdown server with port 43472 now
2019-09-17 11:52:08,510 [ForkJoinPool.commonPool-worker-1] INFO  server.GrpcService (GrpcService.java:closeImpl(172)) - db5c95e9-dab2-4d3b-9775-2e3d4de03f2d: shutdown server with port 43472 successfully
2019-09-17 11:52:08,511 [refreshUsed-/tmp/workdir/hadoop-ozone/integration-test/target/test-dir/MiniOzoneClusterImpl-aba007c7-aff0-48a6-9a1c-5b8514ff46fc/datanode-6/data/containers] WARN  fs.CachingGetSpaceUsed (CachingGetSpaceUsed.java:run(183)) - Thread Interrupted waiting to refresh disk information: sleep interrupted
2019-09-17 11:52:08,513 [refreshUsed-/tmp/workdir/hadoop-ozone/integration-test/target/test-dir/MiniOzoneClusterImpl-aba007c7-aff0-48a6-9a1c-5b8514ff46fc/datanode-3/data/containers] WARN  fs.CachingGetSpaceUsed (CachingGetSpaceUsed.java:run(183)) - Thread Interrupted waiting to refresh disk information: sleep interrupted
2019-09-17 11:52:08,532 [ForkJoinPool.commonPool-worker-1] INFO  utils.BackgroundService (BackgroundService.java:shutdown(148)) - Shutting down service BlockDeletingService
2019-09-17 11:52:08,532 [main] INFO  utils.BackgroundService (BackgroundService.java:shutdown(148)) - Shutting down service BlockDeletingService
2019-09-17 11:52:08,537 [ForkJoinPool.commonPool-worker-1] INFO  statemachine.DatanodeStateMachine (DatanodeStateMachine.java:stopDaemon(395)) - Ozone container server stopped.
2019-09-17 11:52:08,543 [main] INFO  statemachine.DatanodeStateMachine (DatanodeStateMachine.java:stopDaemon(395)) - Ozone container server stopped.
2019-09-17 11:52:08,545 [ForkJoinPool.commonPool-worker-1] INFO  handler.ContextHandler (ContextHandler.java:doStop(910)) - Stopped o.e.j.w.WebAppContext@4052c8c2{/,null,UNAVAILABLE}{/hddsDatanode}
2019-09-17 11:52:08,546 [main] INFO  handler.ContextHandler (ContextHandler.java:doStop(910)) - Stopped o.e.j.w.WebAppContext@7a485a36{/,null,UNAVAILABLE}{/hddsDatanode}
2019-09-17 11:52:08,546 [ForkJoinPool.commonPool-worker-1] INFO  server.AbstractConnector (AbstractConnector.java:doStop(318)) - Stopped ServerConnector@181b8c4b{HTTP/1.1,[http/1.1]}{0.0.0.0:0}
2019-09-17 11:52:08,547 [ForkJoinPool.commonPool-worker-1] INFO  handler.ContextHandler (ContextHandler.java:doStop(910)) - Stopped o.e.j.s.ServletContextHandler@41eb94bc{/static,jar:file:/home/user/.m2/repository/org/apache/hadoop/hadoop-hdds-container-service/0.5.0-SNAPSHOT/hadoop-hdds-container-service-0.5.0-SNAPSHOT.jar!/webapps/static,UNAVAILABLE}
2019-09-17 11:52:08,547 [main] INFO  server.AbstractConnector (AbstractConnector.java:doStop(318)) - Stopped ServerConnector@5cf3157b{HTTP/1.1,[http/1.1]}{0.0.0.0:0}
2019-09-17 11:52:08,549 [ForkJoinPool.commonPool-worker-1] INFO  handler.ContextHandler (ContextHandler.java:doStop(910)) - Stopped o.e.j.s.ServletContextHandler@27d33393{/logs,file:///tmp/workdir/hadoop-ozone/integration-test/target/log,UNAVAILABLE}
2019-09-17 11:52:08,549 [main] INFO  handler.ContextHandler (ContextHandler.java:doStop(910)) - Stopped o.e.j.s.ServletContextHandler@34780cd9{/static,jar:file:/home/user/.m2/repository/org/apache/hadoop/hadoop-hdds-container-service/0.5.0-SNAPSHOT/hadoop-hdds-container-service-0.5.0-SNAPSHOT.jar!/webapps/static,UNAVAILABLE}
2019-09-17 11:52:08,549 [main] INFO  handler.ContextHandler (ContextHandler.java:doStop(910)) - Stopped o.e.j.s.ServletContextHandler@72fd8a3c{/logs,file:///tmp/workdir/hadoop-ozone/integration-test/target/log,UNAVAILABLE}
2019-09-17 11:52:08,608 [Datanode State Machine Thread - 0] INFO  statemachine.DatanodeStateMachine (DatanodeStateMachine.java:lambda$startDaemon$0(350)) - Ozone container server started.
2019-09-17 11:52:08,669 [java.util.concurrent.ThreadPoolExecutor$Worker@3cd8d43b[State = -1, empty queue]] WARN  server.GrpcLogAppender (GrpcLogAppender.java:timeoutAppendRequest(200)) - ee155057-4acb-4f3f-9013-4bd3c5a101b6@group-B3F5A0A8BDBD->533f21c9-6148-4926-981b-3030ea271196-GrpcLogAppender: appendEntries Timeout, request=ee155057-4acb-4f3f-9013-4bd3c5a101b6->533f21c9-6148-4926-981b-3030ea271196#165-t2, previous=(t:2, i:20), leaderCommit=16, initializing? false, entries: <empty>
2019-09-17 11:52:08,677 [grpc-default-executor-2] WARN  server.GrpcLogAppender (LogUtils.java:warn(134)) - ee155057-4acb-4f3f-9013-4bd3c5a101b6@group-B3F5A0A8BDBD->90cc32e6-bdd6-4f93-abb1-bc520dd025bc-AppendLogResponseHandler: Failed appendEntries: org.apache.ratis.thirdparty.io.grpc.StatusRuntimeException: UNAVAILABLE: io exception
2019-09-17 11:52:08,677 [grpc-default-executor-2] INFO  impl.FollowerInfo (FollowerInfo.java:lambda$new$0(51)) - ee155057-4acb-4f3f-9013-4bd3c5a101b6@group-B3F5A0A8BDBD->90cc32e6-bdd6-4f93-abb1-bc520dd025bc: nextIndex: updateUnconditionally 7 -> 6
2019-09-17 11:52:09,085 [Datanode State Machine Thread - 0] INFO  statemachine.DatanodeStateMachine (DatanodeStateMachine.java:lambda$startDaemon$0(350)) - Ozone container server started.
2019-09-17 11:52:09,169 [java.util.concurrent.ThreadPoolExecutor$Worker@3cd8d43b[State = -1, empty queue]] WARN  server.GrpcLogAppender (GrpcLogAppender.java:timeoutAppendRequest(200)) - ee155057-4acb-4f3f-9013-4bd3c5a101b6@group-B3F5A0A8BDBD->533f21c9-6148-4926-981b-3030ea271196-GrpcLogAppender: appendEntries Timeout, request=ee155057-4acb-4f3f-9013-4bd3c5a101b6->533f21c9-6148-4926-981b-3030ea271196#166-t2, previous=(t:2, i:20), leaderCommit=16, initializing? false, entries: <empty>
2019-09-17 11:52:09,178 [grpc-default-executor-1] WARN  server.GrpcLogAppender (LogUtils.java:warn(134)) - ee155057-4acb-4f3f-9013-4bd3c5a101b6@group-B3F5A0A8BDBD->90cc32e6-bdd6-4f93-abb1-bc520dd025bc-AppendLogResponseHandler: Failed appendEntries: org.apache.ratis.thirdparty.io.grpc.StatusRuntimeException: UNAVAILABLE: io exception
2019-09-17 11:52:09,178 [grpc-default-executor-1] INFO  impl.FollowerInfo (FollowerInfo.java:lambda$new$0(51)) - ee155057-4acb-4f3f-9013-4bd3c5a101b6@group-B3F5A0A8BDBD->90cc32e6-bdd6-4f93-abb1-bc520dd025bc: nextIndex: updateUnconditionally 6 -> 5
2019-09-17 11:52:09,669 [java.util.concurrent.ThreadPoolExecutor$Worker@3cd8d43b[State = -1, empty queue]] WARN  server.GrpcLogAppender (GrpcLogAppender.java:timeoutAppendRequest(200)) - ee155057-4acb-4f3f-9013-4bd3c5a101b6@group-B3F5A0A8BDBD->533f21c9-6148-4926-981b-3030ea271196-GrpcLogAppender: appendEntries Timeout, request=ee155057-4acb-4f3f-9013-4bd3c5a101b6->533f21c9-6148-4926-981b-3030ea271196#167-t2, previous=(t:2, i:20), leaderCommit=16, initializing? false, entries: <empty>
2019-09-17 11:52:09,678 [grpc-default-executor-1] WARN  server.GrpcLogAppender (LogUtils.java:warn(134)) - ee155057-4acb-4f3f-9013-4bd3c5a101b6@group-B3F5A0A8BDBD->90cc32e6-bdd6-4f93-abb1-bc520dd025bc-AppendLogResponseHandler: Failed appendEntries: org.apache.ratis.thirdparty.io.grpc.StatusRuntimeException: UNAVAILABLE: io exception
2019-09-17 11:52:09,678 [grpc-default-executor-1] INFO  impl.FollowerInfo (FollowerInfo.java:lambda$new$0(51)) - ee155057-4acb-4f3f-9013-4bd3c5a101b6@group-B3F5A0A8BDBD->90cc32e6-bdd6-4f93-abb1-bc520dd025bc: nextIndex: updateUnconditionally 5 -> 4
2019-09-17 11:52:09,982 [ab50ed4d-57db-4f38-bd59-74c03932909c@group-012F5F91B630-SegmentedRaftLogWorker] WARN  segmented.SegmentedRaftLogWorker (SegmentedRaftLogWorker.java:getFromFuture(90)) - Timeout 2/~
org.apache.ratis.protocol.TimeoutIOException: Timeout 10s: WriteLog:33: (t:1, i:33), STATEMACHINELOGENTRY, client-CC55B186F28B, cid=71-writeStateMachineData
	at org.apache.ratis.util.IOUtils.getFromFuture(IOUtils.java:87)
	at org.apache.ratis.server.raftlog.segmented.SegmentedRaftLogWorker$StateMachineDataPolicy.getFromFuture(SegmentedRaftLogWorker.java:87)
	at org.apache.ratis.server.raftlog.segmented.SegmentedRaftLogWorker$WriteLog.execute(SegmentedRaftLogWorker.java:477)
	at org.apache.ratis.server.raftlog.segmented.SegmentedRaftLogWorker.run(SegmentedRaftLogWorker.java:289)
	at java.lang.Thread.run(Thread.java:748)
Caused by: java.util.concurrent.TimeoutException
	at java.util.concurrent.CompletableFuture.timedGet(CompletableFuture.java:1771)
	at java.util.concurrent.CompletableFuture.get(CompletableFuture.java:1915)
	at org.apache.ratis.util.IOUtils.getFromFuture(IOUtils.java:79)
	... 4 more
2019-09-17 11:52:10,169 [java.util.concurrent.ThreadPoolExecutor$Worker@3cd8d43b[State = -1, empty queue]] WARN  server.GrpcLogAppender (GrpcLogAppender.java:timeoutAppendRequest(200)) - ee155057-4acb-4f3f-9013-4bd3c5a101b6@group-B3F5A0A8BDBD->533f21c9-6148-4926-981b-3030ea271196-GrpcLogAppender: appendEntries Timeout, request=ee155057-4acb-4f3f-9013-4bd3c5a101b6->533f21c9-6148-4926-981b-3030ea271196#168-t2, previous=(t:2, i:20), leaderCommit=16, initializing? false, entries: <empty>
2019-09-17 11:52:10,179 [grpc-default-executor-2] WARN  server.GrpcLogAppender (LogUtils.java:warn(134)) - ee155057-4acb-4f3f-9013-4bd3c5a101b6@group-B3F5A0A8BDBD->90cc32e6-bdd6-4f93-abb1-bc520dd025bc-AppendLogResponseHandler: Failed appendEntries: org.apache.ratis.thirdparty.io.grpc.StatusRuntimeException: UNAVAILABLE: io exception
2019-09-17 11:52:10,180 [grpc-default-executor-2] INFO  impl.FollowerInfo (FollowerInfo.java:lambda$new$0(51)) - ee155057-4acb-4f3f-9013-4bd3c5a101b6@group-B3F5A0A8BDBD->90cc32e6-bdd6-4f93-abb1-bc520dd025bc: nextIndex: updateUnconditionally 4 -> 3
2019-09-17 11:52:10,670 [java.util.concurrent.ThreadPoolExecutor$Worker@3cd8d43b[State = -1, empty queue]] WARN  server.GrpcLogAppender (GrpcLogAppender.java:timeoutAppendRequest(200)) - ee155057-4acb-4f3f-9013-4bd3c5a101b6@group-B3F5A0A8BDBD->533f21c9-6148-4926-981b-3030ea271196-GrpcLogAppender: appendEntries Timeout, request=ee155057-4acb-4f3f-9013-4bd3c5a101b6->533f21c9-6148-4926-981b-3030ea271196#169-t2, previous=(t:2, i:20), leaderCommit=16, initializing? false, entries: <empty>
2019-09-17 11:52:10,681 [grpc-default-executor-4] WARN  server.GrpcLogAppender (LogUtils.java:warn(134)) - ee155057-4acb-4f3f-9013-4bd3c5a101b6@group-B3F5A0A8BDBD->90cc32e6-bdd6-4f93-abb1-bc520dd025bc-AppendLogResponseHandler: Failed appendEntries: org.apache.ratis.thirdparty.io.grpc.StatusRuntimeException: UNAVAILABLE: io exception
2019-09-17 11:52:10,681 [grpc-default-executor-4] INFO  impl.FollowerInfo (FollowerInfo.java:lambda$new$0(51)) - ee155057-4acb-4f3f-9013-4bd3c5a101b6@group-B3F5A0A8BDBD->90cc32e6-bdd6-4f93-abb1-bc520dd025bc: nextIndex: updateUnconditionally 3 -> 2
2019-09-17 11:52:11,173 [java.util.concurrent.ThreadPoolExecutor$Worker@3cd8d43b[State = -1, empty queue]] WARN  server.GrpcLogAppender (GrpcLogAppender.java:timeoutAppendRequest(200)) - ee155057-4acb-4f3f-9013-4bd3c5a101b6@group-B3F5A0A8BDBD->533f21c9-6148-4926-981b-3030ea271196-GrpcLogAppender: appendEntries Timeout, request=ee155057-4acb-4f3f-9013-4bd3c5a101b6->533f21c9-6148-4926-981b-3030ea271196#170-t2, previous=(t:2, i:20), leaderCommit=16, initializing? false, entries: <empty>
2019-09-17 11:52:11,183 [grpc-default-executor-4] WARN  server.GrpcLogAppender (LogUtils.java:warn(134)) - ee155057-4acb-4f3f-9013-4bd3c5a101b6@group-B3F5A0A8BDBD->90cc32e6-bdd6-4f93-abb1-bc520dd025bc-AppendLogResponseHandler: Failed appendEntries: org.apache.ratis.thirdparty.io.grpc.StatusRuntimeException: UNAVAILABLE: io exception
2019-09-17 11:52:11,184 [grpc-default-executor-4] INFO  impl.FollowerInfo (FollowerInfo.java:lambda$new$0(51)) - ee155057-4acb-4f3f-9013-4bd3c5a101b6@group-B3F5A0A8BDBD->90cc32e6-bdd6-4f93-abb1-bc520dd025bc: nextIndex: updateUnconditionally 2 -> 1
2019-09-17 11:52:11,674 [java.util.concurrent.ThreadPoolExecutor$Worker@3cd8d43b[State = -1, empty queue]] WARN  server.GrpcLogAppender (GrpcLogAppender.java:timeoutAppendRequest(200)) - ee155057-4acb-4f3f-9013-4bd3c5a101b6@group-B3F5A0A8BDBD->533f21c9-6148-4926-981b-3030ea271196-GrpcLogAppender: appendEntries Timeout, request=ee155057-4acb-4f3f-9013-4bd3c5a101b6->533f21c9-6148-4926-981b-3030ea271196#171-t2, previous=(t:2, i:20), leaderCommit=16, initializing? false, entries: <empty>
2019-09-17 11:52:11,684 [grpc-default-executor-4] WARN  server.GrpcLogAppender (LogUtils.java:warn(134)) - ee155057-4acb-4f3f-9013-4bd3c5a101b6@group-B3F5A0A8BDBD->90cc32e6-bdd6-4f93-abb1-bc520dd025bc-AppendLogResponseHandler: Failed appendEntries: org.apache.ratis.thirdparty.io.grpc.StatusRuntimeException: UNAVAILABLE: io exception
2019-09-17 11:52:11,685 [grpc-default-executor-4] INFO  impl.FollowerInfo (FollowerInfo.java:lambda$new$0(51)) - ee155057-4acb-4f3f-9013-4bd3c5a101b6@group-B3F5A0A8BDBD->90cc32e6-bdd6-4f93-abb1-bc520dd025bc: nextIndex: updateUnconditionally 1 -> 0
2019-09-17 11:52:12,174 [java.util.concurrent.ThreadPoolExecutor$Worker@3cd8d43b[State = -1, empty queue]] WARN  server.GrpcLogAppender (GrpcLogAppender.java:timeoutAppendRequest(200)) - ee155057-4acb-4f3f-9013-4bd3c5a101b6@group-B3F5A0A8BDBD->533f21c9-6148-4926-981b-3030ea271196-GrpcLogAppender: appendEntries Timeout, request=ee155057-4acb-4f3f-9013-4bd3c5a101b6->533f21c9-6148-4926-981b-3030ea271196#172-t2, previous=(t:2, i:20), leaderCommit=16, initializing? false, entries: <empty>
2019-09-17 11:52:12,185 [grpc-default-executor-2] WARN  server.GrpcLogAppender (LogUtils.java:warn(134)) - ee155057-4acb-4f3f-9013-4bd3c5a101b6@group-B3F5A0A8BDBD->90cc32e6-bdd6-4f93-abb1-bc520dd025bc-AppendLogResponseHandler: Failed appendEntries: org.apache.ratis.thirdparty.io.grpc.StatusRuntimeException: UNAVAILABLE: io exception
2019-09-17 11:52:12,185 [grpc-default-executor-2] INFO  impl.FollowerInfo (FollowerInfo.java:lambda$new$0(51)) - ee155057-4acb-4f3f-9013-4bd3c5a101b6@group-B3F5A0A8BDBD->90cc32e6-bdd6-4f93-abb1-bc520dd025bc: nextIndex: updateUnconditionally 0 -> 0
2019-09-17 11:52:12,674 [java.util.concurrent.ThreadPoolExecutor$Worker@3cd8d43b[State = -1, empty queue]] WARN  server.GrpcLogAppender (GrpcLogAppender.java:timeoutAppendRequest(200)) - ee155057-4acb-4f3f-9013-4bd3c5a101b6@group-B3F5A0A8BDBD->533f21c9-6148-4926-981b-3030ea271196-GrpcLogAppender: appendEntries Timeout, request=ee155057-4acb-4f3f-9013-4bd3c5a101b6->533f21c9-6148-4926-981b-3030ea271196#173-t2, previous=(t:2, i:20), leaderCommit=16, initializing? false, entries: <empty>
2019-09-17 11:52:12,685 [grpc-default-executor-1] WARN  server.GrpcLogAppender (LogUtils.java:warn(134)) - ee155057-4acb-4f3f-9013-4bd3c5a101b6@group-B3F5A0A8BDBD->90cc32e6-bdd6-4f93-abb1-bc520dd025bc-AppendLogResponseHandler: Failed appendEntries: org.apache.ratis.thirdparty.io.grpc.StatusRuntimeException: UNAVAILABLE: io exception
2019-09-17 11:52:12,686 [grpc-default-executor-1] INFO  impl.FollowerInfo (FollowerInfo.java:lambda$new$0(51)) - ee155057-4acb-4f3f-9013-4bd3c5a101b6@group-B3F5A0A8BDBD->90cc32e6-bdd6-4f93-abb1-bc520dd025bc: nextIndex: updateUnconditionally 0 -> 0
2019-09-17 11:52:13,174 [java.util.concurrent.ThreadPoolExecutor$Worker@3cd8d43b[State = -1, empty queue]] WARN  server.GrpcLogAppender (GrpcLogAppender.java:timeoutAppendRequest(200)) - ee155057-4acb-4f3f-9013-4bd3c5a101b6@group-B3F5A0A8BDBD->533f21c9-6148-4926-981b-3030ea271196-GrpcLogAppender: appendEntries Timeout, request=ee155057-4acb-4f3f-9013-4bd3c5a101b6->533f21c9-6148-4926-981b-3030ea271196#174-t2, previous=(t:2, i:20), leaderCommit=16, initializing? false, entries: <empty>
2019-09-17 11:52:13,186 [grpc-default-executor-4] WARN  server.GrpcLogAppender (LogUtils.java:warn(134)) - ee155057-4acb-4f3f-9013-4bd3c5a101b6@group-B3F5A0A8BDBD->90cc32e6-bdd6-4f93-abb1-bc520dd025bc-AppendLogResponseHandler: Failed appendEntries: org.apache.ratis.thirdparty.io.grpc.StatusRuntimeException: UNAVAILABLE: io exception
2019-09-17 11:52:13,187 [grpc-default-executor-4] INFO  impl.FollowerInfo (FollowerInfo.java:lambda$new$0(51)) - ee155057-4acb-4f3f-9013-4bd3c5a101b6@group-B3F5A0A8BDBD->90cc32e6-bdd6-4f93-abb1-bc520dd025bc: nextIndex: updateUnconditionally 0 -> 0
2019-09-17 11:52:13,551 [ForkJoinPool.commonPool-worker-1] INFO  ozoneimpl.OzoneContainer (OzoneContainer.java:stop(231)) - Attempting to stop container services.
2019-09-17 11:52:13,552 [main] INFO  ozoneimpl.OzoneContainer (OzoneContainer.java:stop(231)) - Attempting to stop container services.
2019-09-17 11:52:13,552 [ForkJoinPool.commonPool-worker-1] INFO  impl.RaftServerProxy (RaftServerProxy.java:lambda$close$4(314)) - 3059fe26-6a4f-4501-bc80-da7575b93cc0: close
2019-09-17 11:52:13,553 [main] INFO  impl.RaftServerProxy (RaftServerProxy.java:lambda$close$4(314)) - ee155057-4acb-4f3f-9013-4bd3c5a101b6: close
2019-09-17 11:52:13,553 [ForkJoinPool.commonPool-worker-1] INFO  impl.RaftServerImpl (RaftServerImpl.java:lambda$shutdown$3(251)) - 3059fe26-6a4f-4501-bc80-da7575b93cc0@group-8E7906917C53: shutdown
2019-09-17 11:52:13,554 [main] INFO  impl.RaftServerImpl (RaftServerImpl.java:lambda$shutdown$3(251)) - ee155057-4acb-4f3f-9013-4bd3c5a101b6@group-02999AF38EC1: shutdown
2019-09-17 11:52:13,554 [ForkJoinPool.commonPool-worker-1] INFO  util.JmxRegister (JmxRegister.java:unregister(73)) - Successfully un-registered JMX Bean with object name Ratis:service=RaftServer,group=group-8E7906917C53,id=3059fe26-6a4f-4501-bc80-da7575b93cc0
2019-09-17 11:52:13,554 [main] INFO  util.JmxRegister (JmxRegister.java:unregister(73)) - Successfully un-registered JMX Bean with object name Ratis:service=RaftServer,group=group-02999AF38EC1,id=ee155057-4acb-4f3f-9013-4bd3c5a101b6
2019-09-17 11:52:13,555 [ForkJoinPool.commonPool-worker-1] INFO  impl.RoleInfo (RoleInfo.java:shutdownLeaderState(104)) - 3059fe26-6a4f-4501-bc80-da7575b93cc0: shutdown LeaderState
2019-09-17 11:52:13,555 [main] INFO  impl.RoleInfo (RoleInfo.java:shutdownLeaderState(104)) - ee155057-4acb-4f3f-9013-4bd3c5a101b6: shutdown LeaderState
2019-09-17 11:52:13,555 [ForkJoinPool.commonPool-worker-1] INFO  impl.PendingRequests (PendingRequests.java:sendNotLeaderResponses(202)) - 3059fe26-6a4f-4501-bc80-da7575b93cc0-PendingRequests: sendNotLeaderResponses
2019-09-17 11:52:13,556 [main] INFO  impl.PendingRequests (PendingRequests.java:sendNotLeaderResponses(202)) - ee155057-4acb-4f3f-9013-4bd3c5a101b6-PendingRequests: sendNotLeaderResponses
2019-09-17 11:52:13,556 [ForkJoinPool.commonPool-worker-1] INFO  impl.StateMachineUpdater (StateMachineUpdater.java:stopAndJoin(125)) - 3059fe26-6a4f-4501-bc80-da7575b93cc0@group-8E7906917C53-StateMachineUpdater: set stopIndex = 0
2019-09-17 11:52:13,557 [main] INFO  impl.StateMachineUpdater (StateMachineUpdater.java:stopAndJoin(125)) - ee155057-4acb-4f3f-9013-4bd3c5a101b6@group-02999AF38EC1-StateMachineUpdater: set stopIndex = 0
2019-09-17 11:52:13,557 [ForkJoinPool.commonPool-worker-1] INFO  impl.RaftServerImpl (ServerState.java:close(385)) - 3059fe26-6a4f-4501-bc80-da7575b93cc0@group-8E7906917C53: closes. applyIndex: 0
2019-09-17 11:52:13,557 [main] INFO  impl.RaftServerImpl (ServerState.java:close(385)) - ee155057-4acb-4f3f-9013-4bd3c5a101b6@group-02999AF38EC1: closes. applyIndex: 0
2019-09-17 11:52:13,558 [3059fe26-6a4f-4501-bc80-da7575b93cc0@group-8E7906917C53-SegmentedRaftLogWorker] INFO  segmented.SegmentedRaftLogWorker (SegmentedRaftLogWorker.java:run(313)) - 3059fe26-6a4f-4501-bc80-da7575b93cc0@group-8E7906917C53-SegmentedRaftLogWorker was interrupted, exiting. There are 0 tasks remaining in the queue.
2019-09-17 11:52:13,558 [ee155057-4acb-4f3f-9013-4bd3c5a101b6@group-02999AF38EC1-SegmentedRaftLogWorker] INFO  segmented.SegmentedRaftLogWorker (SegmentedRaftLogWorker.java:run(313)) - ee155057-4acb-4f3f-9013-4bd3c5a101b6@group-02999AF38EC1-SegmentedRaftLogWorker was interrupted, exiting. There are 0 tasks remaining in the queue.
2019-09-17 11:52:13,570 [ForkJoinPool.commonPool-worker-1] INFO  segmented.SegmentedRaftLogWorker (SegmentedRaftLogWorker.java:close(228)) - 3059fe26-6a4f-4501-bc80-da7575b93cc0@group-8E7906917C53-SegmentedRaftLogWorker close()
2019-09-17 11:52:13,570 [main] INFO  segmented.SegmentedRaftLogWorker (SegmentedRaftLogWorker.java:close(228)) - ee155057-4acb-4f3f-9013-4bd3c5a101b6@group-02999AF38EC1-SegmentedRaftLogWorker close()
2019-09-17 11:52:13,574 [ForkJoinPool.commonPool-worker-1] INFO  server.GrpcService (GrpcService.java:closeImpl(164)) - 3059fe26-6a4f-4501-bc80-da7575b93cc0: shutdown server with port 39859 now
2019-09-17 11:52:13,576 [main] INFO  impl.RaftServerImpl (RaftServerImpl.java:lambda$shutdown$3(251)) - ee155057-4acb-4f3f-9013-4bd3c5a101b6@group-B3F5A0A8BDBD: shutdown
2019-09-17 11:52:13,578 [ForkJoinPool.commonPool-worker-1] INFO  server.GrpcService (GrpcService.java:closeImpl(172)) - 3059fe26-6a4f-4501-bc80-da7575b93cc0: shutdown server with port 39859 successfully
2019-09-17 11:52:13,578 [main] INFO  util.JmxRegister (JmxRegister.java:unregister(73)) - Successfully un-registered JMX Bean with object name Ratis:service=RaftServer,group=group-B3F5A0A8BDBD,id=ee155057-4acb-4f3f-9013-4bd3c5a101b6
2019-09-17 11:52:13,579 [main] INFO  impl.RoleInfo (RoleInfo.java:shutdownLeaderState(104)) - ee155057-4acb-4f3f-9013-4bd3c5a101b6: shutdown LeaderState
2019-09-17 11:52:13,582 [org.apache.ratis.server.impl.LogAppender$AppenderDaemon$$Lambda$415/826362286@5e5e2f7c] WARN  server.GrpcLogAppender (GrpcLogAppender.java:mayWait(143)) - ee155057-4acb-4f3f-9013-4bd3c5a101b6@group-B3F5A0A8BDBD->90cc32e6-bdd6-4f93-abb1-bc520dd025bc-GrpcLogAppender: Wait interrupted by java.lang.InterruptedException
2019-09-17 11:52:13,582 [org.apache.ratis.server.impl.LogAppender$AppenderDaemon$$Lambda$415/826362286@3a98c2fb] WARN  server.GrpcLogAppender (GrpcLogAppender.java:mayWait(143)) - ee155057-4acb-4f3f-9013-4bd3c5a101b6@group-B3F5A0A8BDBD->533f21c9-6148-4926-981b-3030ea271196-GrpcLogAppender: Wait interrupted by java.lang.InterruptedException
2019-09-17 11:52:13,582 [main] INFO  impl.PendingRequests (PendingRequests.java:sendNotLeaderResponses(202)) - ee155057-4acb-4f3f-9013-4bd3c5a101b6-PendingRequests: sendNotLeaderResponses
2019-09-17 11:52:13,583 [refreshUsed-/tmp/workdir/hadoop-ozone/integration-test/target/test-dir/MiniOzoneClusterImpl-aba007c7-aff0-48a6-9a1c-5b8514ff46fc/datanode-4/data/containers] WARN  fs.CachingGetSpaceUsed (CachingGetSpaceUsed.java:run(183)) - Thread Interrupted waiting to refresh disk information: sleep interrupted
2019-09-17 11:52:13,589 [grpc-default-executor-4] INFO  server.GrpcServerProtocolService (GrpcServerProtocolService.java:onCompleted(113)) - 533f21c9-6148-4926-981b-3030ea271196: Completed APPEND_ENTRIES, lastRequest: ee155057-4acb-4f3f-9013-4bd3c5a101b6->533f21c9-6148-4926-981b-3030ea271196#180-t2, previous=(t:2, i:20), leaderCommit=16, initializing? false, entries: <empty>
2019-09-17 11:52:13,589 [main] INFO  impl.StateMachineUpdater (StateMachineUpdater.java:stopAndJoin(125)) - ee155057-4acb-4f3f-9013-4bd3c5a101b6@group-B3F5A0A8BDBD-StateMachineUpdater: set stopIndex = 16
2019-09-17 11:52:13,589 [ee155057-4acb-4f3f-9013-4bd3c5a101b6@group-B3F5A0A8BDBD-StateMachineUpdater] INFO  ratis.ContainerStateMachine (ContainerStateMachine.java:takeSnapshot(289)) - group-B3F5A0A8BDBD: Taking a snapshot at:(t:2, i:12) file /tmp/workdir/hadoop-ozone/integration-test/target/test-dir/MiniOzoneClusterImpl-aba007c7-aff0-48a6-9a1c-5b8514ff46fc/datanode-8/data/ratis/1389dddd-6222-4e81-b4e1-b3f5a0a8bdbd/sm/snapshot.2_12
2019-09-17 11:52:13,591 [grpc-default-executor-4] INFO  server.GrpcLogAppender (GrpcLogAppender.java:onCompleted(293)) - ee155057-4acb-4f3f-9013-4bd3c5a101b6@group-B3F5A0A8BDBD->533f21c9-6148-4926-981b-3030ea271196-AppendLogResponseHandler: follower responses appendEntries COMPLETED
2019-09-17 11:52:13,594 [grpc-default-executor-4] INFO  impl.FollowerInfo (FollowerInfo.java:lambda$new$0(51)) - ee155057-4acb-4f3f-9013-4bd3c5a101b6@group-B3F5A0A8BDBD->533f21c9-6148-4926-981b-3030ea271196: nextIndex: updateUnconditionally 21 -> 17
2019-09-17 11:52:13,613 [ee155057-4acb-4f3f-9013-4bd3c5a101b6@group-B3F5A0A8BDBD-StateMachineUpdater] INFO  ratis.ContainerStateMachine (ContainerStateMachine.java:takeSnapshot(300)) - group-B3F5A0A8BDBD: Finished taking a snapshot at:(t:2, i:12) file:/tmp/workdir/hadoop-ozone/integration-test/target/test-dir/MiniOzoneClusterImpl-aba007c7-aff0-48a6-9a1c-5b8514ff46fc/datanode-8/data/ratis/1389dddd-6222-4e81-b4e1-b3f5a0a8bdbd/sm/snapshot.2_12 time:24
2019-09-17 11:52:13,614 [ee155057-4acb-4f3f-9013-4bd3c5a101b6@group-B3F5A0A8BDBD-StateMachineUpdater] INFO  impl.StateMachineUpdater (StateMachineUpdater.java:takeSnapshot(258)) - ee155057-4acb-4f3f-9013-4bd3c5a101b6@group-B3F5A0A8BDBD-StateMachineUpdater: Took a snapshot at index 12
2019-09-17 11:52:13,614 [ee155057-4acb-4f3f-9013-4bd3c5a101b6@group-B3F5A0A8BDBD-StateMachineUpdater] INFO  impl.StateMachineUpdater (StateMachineUpdater.java:lambda$new$0(83)) - ee155057-4acb-4f3f-9013-4bd3c5a101b6@group-B3F5A0A8BDBD-StateMachineUpdater: snapshotIndex: updateIncreasingly -1 -> 12
2019-09-17 11:52:13,614 [ee155057-4acb-4f3f-9013-4bd3c5a101b6@group-B3F5A0A8BDBD-StateMachineUpdater] INFO  ratis.ContainerStateMachine (ContainerStateMachine.java:takeSnapshot(289)) - group-B3F5A0A8BDBD: Taking a snapshot at:(t:2, i:12) file /tmp/workdir/hadoop-ozone/integration-test/target/test-dir/MiniOzoneClusterImpl-aba007c7-aff0-48a6-9a1c-5b8514ff46fc/datanode-8/data/ratis/1389dddd-6222-4e81-b4e1-b3f5a0a8bdbd/sm/snapshot.2_12
2019-09-17 11:52:13,618 [ForkJoinPool.commonPool-worker-1] INFO  utils.BackgroundService (BackgroundService.java:shutdown(148)) - Shutting down service BlockDeletingService
2019-09-17 11:52:13,623 [ForkJoinPool.commonPool-worker-1] INFO  statemachine.DatanodeStateMachine (DatanodeStateMachine.java:stopDaemon(395)) - Ozone container server stopped.
2019-09-17 11:52:13,627 [ee155057-4acb-4f3f-9013-4bd3c5a101b6@group-B3F5A0A8BDBD-StateMachineUpdater] INFO  ratis.ContainerStateMachine (ContainerStateMachine.java:takeSnapshot(300)) - group-B3F5A0A8BDBD: Finished taking a snapshot at:(t:2, i:12) file:/tmp/workdir/hadoop-ozone/integration-test/target/test-dir/MiniOzoneClusterImpl-aba007c7-aff0-48a6-9a1c-5b8514ff46fc/datanode-8/data/ratis/1389dddd-6222-4e81-b4e1-b3f5a0a8bdbd/sm/snapshot.2_12 time:12
2019-09-17 11:52:13,628 [ForkJoinPool.commonPool-worker-1] INFO  handler.ContextHandler (ContextHandler.java:doStop(910)) - Stopped o.e.j.w.WebAppContext@4dba773d{/,null,UNAVAILABLE}{/hddsDatanode}
2019-09-17 11:52:13,628 [ee155057-4acb-4f3f-9013-4bd3c5a101b6@group-B3F5A0A8BDBD-StateMachineUpdater] INFO  impl.StateMachineUpdater (StateMachineUpdater.java:takeSnapshot(258)) - ee155057-4acb-4f3f-9013-4bd3c5a101b6@group-B3F5A0A8BDBD-StateMachineUpdater: Took a snapshot at index 12
2019-09-17 11:52:13,628 [ee155057-4acb-4f3f-9013-4bd3c5a101b6@group-B3F5A0A8BDBD-StateMachineUpdater] INFO  impl.StateMachineUpdater (StateMachineUpdater.java:lambda$new$0(83)) - ee155057-4acb-4f3f-9013-4bd3c5a101b6@group-B3F5A0A8BDBD-StateMachineUpdater: snapshotIndex: updateIncreasingly 12 -> 12
2019-09-17 11:52:13,629 [main] INFO  impl.RaftServerImpl (ServerState.java:close(385)) - ee155057-4acb-4f3f-9013-4bd3c5a101b6@group-B3F5A0A8BDBD: closes. applyIndex: 16
2019-09-17 11:52:13,629 [ForkJoinPool.commonPool-worker-1] INFO  server.AbstractConnector (AbstractConnector.java:doStop(318)) - Stopped ServerConnector@1d9bd4da{HTTP/1.1,[http/1.1]}{0.0.0.0:0}
2019-09-17 11:52:13,631 [ForkJoinPool.commonPool-worker-1] INFO  handler.ContextHandler (ContextHandler.java:doStop(910)) - Stopped o.e.j.s.ServletContextHandler@1cc680e{/static,jar:file:/home/user/.m2/repository/org/apache/hadoop/hadoop-hdds-container-service/0.5.0-SNAPSHOT/hadoop-hdds-container-service-0.5.0-SNAPSHOT.jar!/webapps/static,UNAVAILABLE}
2019-09-17 11:52:13,634 [ee155057-4acb-4f3f-9013-4bd3c5a101b6@group-B3F5A0A8BDBD-SegmentedRaftLogWorker] ERROR ratis.XceiverServerRatis (XceiverServerRatis.java:triggerPipelineClose(575)) - pipeline Action CLOSE  on pipeline PipelineID=1389dddd-6222-4e81-b4e1-b3f5a0a8bdbd.Reason : WriteLog:17: (t:2, i:17), STATEMACHINELOGENTRY, client-86CC74F3E005, cid=38-writeStateMachineData interrupted.
2019-09-17 11:52:13,635 [ForkJoinPool.commonPool-worker-1] INFO  handler.ContextHandler (ContextHandler.java:doStop(910)) - Stopped o.e.j.s.ServletContextHandler@22eaa86e{/logs,file:///tmp/workdir/hadoop-ozone/integration-test/target/log,UNAVAILABLE}
2019-09-17 11:52:13,635 [main] INFO  segmented.SegmentedRaftLogWorker (SegmentedRaftLogWorker.java:close(228)) - ee155057-4acb-4f3f-9013-4bd3c5a101b6@group-B3F5A0A8BDBD-SegmentedRaftLogWorker close()
2019-09-17 11:52:13,637 [main] INFO  server.GrpcService (GrpcService.java:closeImpl(164)) - ee155057-4acb-4f3f-9013-4bd3c5a101b6: shutdown server with port 41943 now
2019-09-17 11:52:13,638 [main] INFO  server.GrpcService (GrpcService.java:closeImpl(172)) - ee155057-4acb-4f3f-9013-4bd3c5a101b6: shutdown server with port 41943 successfully
2019-09-17 11:52:13,641 [refreshUsed-/tmp/workdir/hadoop-ozone/integration-test/target/test-dir/MiniOzoneClusterImpl-aba007c7-aff0-48a6-9a1c-5b8514ff46fc/datanode-8/data/containers] WARN  fs.CachingGetSpaceUsed (CachingGetSpaceUsed.java:run(183)) - Thread Interrupted waiting to refresh disk information: sleep interrupted
2019-09-17 11:52:13,657 [main] INFO  utils.BackgroundService (BackgroundService.java:shutdown(148)) - Shutting down service BlockDeletingService
2019-09-17 11:52:13,661 [main] INFO  statemachine.DatanodeStateMachine (DatanodeStateMachine.java:stopDaemon(395)) - Ozone container server stopped.
2019-09-17 11:52:13,662 [main] INFO  handler.ContextHandler (ContextHandler.java:doStop(910)) - Stopped o.e.j.w.WebAppContext@70730db{/,null,UNAVAILABLE}{/hddsDatanode}
2019-09-17 11:52:13,663 [main] INFO  server.AbstractConnector (AbstractConnector.java:doStop(318)) - Stopped ServerConnector@5793b87{HTTP/1.1,[http/1.1]}{0.0.0.0:0}
2019-09-17 11:52:13,663 [main] INFO  handler.ContextHandler (ContextHandler.java:doStop(910)) - Stopped o.e.j.s.ServletContextHandler@33425811{/static,jar:file:/home/user/.m2/repository/org/apache/hadoop/hadoop-hdds-container-service/0.5.0-SNAPSHOT/hadoop-hdds-container-service-0.5.0-SNAPSHOT.jar!/webapps/static,UNAVAILABLE}
2019-09-17 11:52:13,663 [main] INFO  handler.ContextHandler (ContextHandler.java:doStop(910)) - Stopped o.e.j.s.ServletContextHandler@2bc426f0{/logs,file:///tmp/workdir/hadoop-ozone/integration-test/target/log,UNAVAILABLE}
2019-09-17 11:52:14,073 [Datanode State Machine Thread - 0] INFO  statemachine.DatanodeStateMachine (DatanodeStateMachine.java:lambda$startDaemon$0(350)) - Ozone container server started.
2019-09-17 11:52:14,088 [Datanode State Machine Thread - 0] INFO  statemachine.DatanodeStateMachine (DatanodeStateMachine.java:lambda$startDaemon$0(350)) - Ozone container server started.
2019-09-17 11:52:15,075 [533f21c9-6148-4926-981b-3030ea271196@group-B3F5A0A8BDBD-SegmentedRaftLogWorker] WARN  segmented.SegmentedRaftLogWorker (SegmentedRaftLogWorker.java:getFromFuture(90)) - Timeout 7/~
org.apache.ratis.protocol.TimeoutIOException: Timeout 10s: WriteLog:19: (t:2, i:19), STATEMACHINELOGENTRY, client-86CC74F3E005, cid=40-writeStateMachineData
	at org.apache.ratis.util.IOUtils.getFromFuture(IOUtils.java:87)
	at org.apache.ratis.server.raftlog.segmented.SegmentedRaftLogWorker$StateMachineDataPolicy.getFromFuture(SegmentedRaftLogWorker.java:87)
	at org.apache.ratis.server.raftlog.segmented.SegmentedRaftLogWorker$WriteLog.execute(SegmentedRaftLogWorker.java:477)
	at org.apache.ratis.server.raftlog.segmented.SegmentedRaftLogWorker.run(SegmentedRaftLogWorker.java:289)
	at java.lang.Thread.run(Thread.java:748)
Caused by: java.util.concurrent.TimeoutException
	at java.util.concurrent.CompletableFuture.timedGet(CompletableFuture.java:1771)
	at java.util.concurrent.CompletableFuture.get(CompletableFuture.java:1915)
	at org.apache.ratis.util.IOUtils.getFromFuture(IOUtils.java:79)
	... 4 more
2019-09-17 11:52:18,639 [ForkJoinPool.commonPool-worker-1] INFO  ozoneimpl.OzoneContainer (OzoneContainer.java:stop(231)) - Attempting to stop container services.
2019-09-17 11:52:18,642 [ForkJoinPool.commonPool-worker-1] INFO  impl.RaftServerProxy (RaftServerProxy.java:lambda$close$4(314)) - 533f21c9-6148-4926-981b-3030ea271196: close
2019-09-17 11:52:18,642 [ForkJoinPool.commonPool-worker-1] INFO  impl.RaftServerImpl (RaftServerImpl.java:lambda$shutdown$3(251)) - 533f21c9-6148-4926-981b-3030ea271196@group-D9629F26D855: shutdown
2019-09-17 11:52:18,643 [ForkJoinPool.commonPool-worker-1] INFO  util.JmxRegister (JmxRegister.java:unregister(73)) - Successfully un-registered JMX Bean with object name Ratis:service=RaftServer,group=group-D9629F26D855,id=533f21c9-6148-4926-981b-3030ea271196
2019-09-17 11:52:18,643 [ForkJoinPool.commonPool-worker-1] INFO  impl.RoleInfo (RoleInfo.java:shutdownLeaderState(104)) - 533f21c9-6148-4926-981b-3030ea271196: shutdown LeaderState
2019-09-17 11:52:18,644 [ForkJoinPool.commonPool-worker-1] INFO  impl.PendingRequests (PendingRequests.java:sendNotLeaderResponses(202)) - 533f21c9-6148-4926-981b-3030ea271196-PendingRequests: sendNotLeaderResponses
2019-09-17 11:52:18,645 [ForkJoinPool.commonPool-worker-1] INFO  impl.StateMachineUpdater (StateMachineUpdater.java:stopAndJoin(125)) - 533f21c9-6148-4926-981b-3030ea271196@group-D9629F26D855-StateMachineUpdater: set stopIndex = 0
2019-09-17 11:52:18,646 [ForkJoinPool.commonPool-worker-1] INFO  impl.RaftServerImpl (ServerState.java:close(385)) - 533f21c9-6148-4926-981b-3030ea271196@group-D9629F26D855: closes. applyIndex: 0
2019-09-17 11:52:18,647 [533f21c9-6148-4926-981b-3030ea271196@group-D9629F26D855-SegmentedRaftLogWorker] INFO  segmented.SegmentedRaftLogWorker (SegmentedRaftLogWorker.java:run(313)) - 533f21c9-6148-4926-981b-3030ea271196@group-D9629F26D855-SegmentedRaftLogWorker was interrupted, exiting. There are 0 tasks remaining in the queue.
2019-09-17 11:52:18,647 [ForkJoinPool.commonPool-worker-1] INFO  segmented.SegmentedRaftLogWorker (SegmentedRaftLogWorker.java:close(228)) - 533f21c9-6148-4926-981b-3030ea271196@group-D9629F26D855-SegmentedRaftLogWorker close()
2019-09-17 11:52:18,651 [ForkJoinPool.commonPool-worker-1] INFO  impl.RaftServerImpl (RaftServerImpl.java:lambda$shutdown$3(251)) - 533f21c9-6148-4926-981b-3030ea271196@group-B3F5A0A8BDBD: shutdown
2019-09-17 11:52:18,651 [ForkJoinPool.commonPool-worker-1] INFO  util.JmxRegister (JmxRegister.java:unregister(73)) - Successfully un-registered JMX Bean with object name Ratis:service=RaftServer,group=group-B3F5A0A8BDBD,id=533f21c9-6148-4926-981b-3030ea271196
2019-09-17 11:52:18,651 [ForkJoinPool.commonPool-worker-1] INFO  impl.RoleInfo (RoleInfo.java:shutdownFollowerState(121)) - 533f21c9-6148-4926-981b-3030ea271196: shutdown FollowerState
2019-09-17 11:52:18,652 [ForkJoinPool.commonPool-worker-1] INFO  impl.StateMachineUpdater (StateMachineUpdater.java:stopAndJoin(125)) - 533f21c9-6148-4926-981b-3030ea271196@group-B3F5A0A8BDBD-StateMachineUpdater: set stopIndex = 16
2019-09-17 11:52:18,652 [Thread-416] INFO  impl.FollowerState (FollowerState.java:run(115)) - 533f21c9-6148-4926-981b-3030ea271196: FollowerState was interrupted: java.lang.InterruptedException: sleep interrupted
2019-09-17 11:52:18,652 [533f21c9-6148-4926-981b-3030ea271196@group-B3F5A0A8BDBD-StateMachineUpdater] INFO  ratis.ContainerStateMachine (ContainerStateMachine.java:takeSnapshot(289)) - group-B3F5A0A8BDBD: Taking a snapshot at:(t:2, i:12) file /tmp/workdir/hadoop-ozone/integration-test/target/test-dir/MiniOzoneClusterImpl-aba007c7-aff0-48a6-9a1c-5b8514ff46fc/datanode-0/data/ratis/1389dddd-6222-4e81-b4e1-b3f5a0a8bdbd/sm/snapshot.2_12
2019-09-17 11:52:18,661 [533f21c9-6148-4926-981b-3030ea271196@group-B3F5A0A8BDBD-StateMachineUpdater] INFO  ratis.ContainerStateMachine (ContainerStateMachine.java:takeSnapshot(300)) - group-B3F5A0A8BDBD: Finished taking a snapshot at:(t:2, i:12) file:/tmp/workdir/hadoop-ozone/integration-test/target/test-dir/MiniOzoneClusterImpl-aba007c7-aff0-48a6-9a1c-5b8514ff46fc/datanode-0/data/ratis/1389dddd-6222-4e81-b4e1-b3f5a0a8bdbd/sm/snapshot.2_12 time:10
2019-09-17 11:52:18,662 [533f21c9-6148-4926-981b-3030ea271196@group-B3F5A0A8BDBD-StateMachineUpdater] INFO  impl.StateMachineUpdater (StateMachineUpdater.java:takeSnapshot(258)) - 533f21c9-6148-4926-981b-3030ea271196@group-B3F5A0A8BDBD-StateMachineUpdater: Took a snapshot at index 12
2019-09-17 11:52:18,662 [533f21c9-6148-4926-981b-3030ea271196@group-B3F5A0A8BDBD-StateMachineUpdater] INFO  impl.StateMachineUpdater (StateMachineUpdater.java:lambda$new$0(83)) - 533f21c9-6148-4926-981b-3030ea271196@group-B3F5A0A8BDBD-StateMachineUpdater: snapshotIndex: updateIncreasingly -1 -> 12
2019-09-17 11:52:18,663 [533f21c9-6148-4926-981b-3030ea271196@group-B3F5A0A8BDBD-StateMachineUpdater] INFO  ratis.ContainerStateMachine (ContainerStateMachine.java:takeSnapshot(289)) - group-B3F5A0A8BDBD: Taking a snapshot at:(t:2, i:12) file /tmp/workdir/hadoop-ozone/integration-test/target/test-dir/MiniOzoneClusterImpl-aba007c7-aff0-48a6-9a1c-5b8514ff46fc/datanode-0/data/ratis/1389dddd-6222-4e81-b4e1-b3f5a0a8bdbd/sm/snapshot.2_12
2019-09-17 11:52:18,665 [main] INFO  ozoneimpl.OzoneContainer (OzoneContainer.java:stop(231)) - Attempting to stop container services.
2019-09-17 11:52:18,666 [main] INFO  impl.RaftServerProxy (RaftServerProxy.java:lambda$close$4(314)) - ab50ed4d-57db-4f38-bd59-74c03932909c: close
2019-09-17 11:52:18,667 [main] INFO  impl.RaftServerImpl (RaftServerImpl.java:lambda$shutdown$3(251)) - ab50ed4d-57db-4f38-bd59-74c03932909c@group-012F5F91B630: shutdown
2019-09-17 11:52:18,667 [main] INFO  util.JmxRegister (JmxRegister.java:unregister(73)) - Successfully un-registered JMX Bean with object name Ratis:service=RaftServer,group=group-012F5F91B630,id=ab50ed4d-57db-4f38-bd59-74c03932909c
2019-09-17 11:52:18,667 [main] INFO  impl.RoleInfo (RoleInfo.java:shutdownFollowerState(121)) - ab50ed4d-57db-4f38-bd59-74c03932909c: shutdown FollowerState
2019-09-17 11:52:18,668 [main] INFO  impl.StateMachineUpdater (StateMachineUpdater.java:stopAndJoin(125)) - ab50ed4d-57db-4f38-bd59-74c03932909c@group-012F5F91B630-StateMachineUpdater: set stopIndex = 32
2019-09-17 11:52:18,668 [Thread-386] INFO  impl.FollowerState (FollowerState.java:run(115)) - ab50ed4d-57db-4f38-bd59-74c03932909c: FollowerState was interrupted: java.lang.InterruptedException: sleep interrupted
2019-09-17 11:52:18,668 [ab50ed4d-57db-4f38-bd59-74c03932909c@group-012F5F91B630-StateMachineUpdater] INFO  ratis.ContainerStateMachine (ContainerStateMachine.java:takeSnapshot(289)) - group-012F5F91B630: Taking a snapshot at:(t:1, i:28) file /tmp/workdir/hadoop-ozone/integration-test/target/test-dir/MiniOzoneClusterImpl-aba007c7-aff0-48a6-9a1c-5b8514ff46fc/datanode-9/data/ratis/d65c79fe-fa59-49e1-a6a1-012f5f91b630/sm/snapshot.1_28
2019-09-17 11:52:18,676 [ab50ed4d-57db-4f38-bd59-74c03932909c@group-012F5F91B630-StateMachineUpdater] INFO  ratis.ContainerStateMachine (ContainerStateMachine.java:takeSnapshot(300)) - group-012F5F91B630: Finished taking a snapshot at:(t:1, i:28) file:/tmp/workdir/hadoop-ozone/integration-test/target/test-dir/MiniOzoneClusterImpl-aba007c7-aff0-48a6-9a1c-5b8514ff46fc/datanode-9/data/ratis/d65c79fe-fa59-49e1-a6a1-012f5f91b630/sm/snapshot.1_28 time:7
2019-09-17 11:52:18,676 [533f21c9-6148-4926-981b-3030ea271196@group-B3F5A0A8BDBD-StateMachineUpdater] INFO  ratis.ContainerStateMachine (ContainerStateMachine.java:takeSnapshot(300)) - group-B3F5A0A8BDBD: Finished taking a snapshot at:(t:2, i:12) file:/tmp/workdir/hadoop-ozone/integration-test/target/test-dir/MiniOzoneClusterImpl-aba007c7-aff0-48a6-9a1c-5b8514ff46fc/datanode-0/data/ratis/1389dddd-6222-4e81-b4e1-b3f5a0a8bdbd/sm/snapshot.2_12 time:13
2019-09-17 11:52:18,676 [ab50ed4d-57db-4f38-bd59-74c03932909c@group-012F5F91B630-StateMachineUpdater] INFO  impl.StateMachineUpdater (StateMachineUpdater.java:takeSnapshot(258)) - ab50ed4d-57db-4f38-bd59-74c03932909c@group-012F5F91B630-StateMachineUpdater: Took a snapshot at index 28
2019-09-17 11:52:18,676 [ab50ed4d-57db-4f38-bd59-74c03932909c@group-012F5F91B630-StateMachineUpdater] INFO  impl.StateMachineUpdater (StateMachineUpdater.java:lambda$new$0(83)) - ab50ed4d-57db-4f38-bd59-74c03932909c@group-012F5F91B630-StateMachineUpdater: snapshotIndex: updateIncreasingly -1 -> 28
2019-09-17 11:52:18,676 [533f21c9-6148-4926-981b-3030ea271196@group-B3F5A0A8BDBD-StateMachineUpdater] INFO  impl.StateMachineUpdater (StateMachineUpdater.java:takeSnapshot(258)) - 533f21c9-6148-4926-981b-3030ea271196@group-B3F5A0A8BDBD-StateMachineUpdater: Took a snapshot at index 12
2019-09-17 11:52:18,676 [533f21c9-6148-4926-981b-3030ea271196@group-B3F5A0A8BDBD-StateMachineUpdater] INFO  impl.StateMachineUpdater (StateMachineUpdater.java:lambda$new$0(83)) - 533f21c9-6148-4926-981b-3030ea271196@group-B3F5A0A8BDBD-StateMachineUpdater: snapshotIndex: updateIncreasingly 12 -> 12
2019-09-17 11:52:18,676 [ab50ed4d-57db-4f38-bd59-74c03932909c@group-012F5F91B630-StateMachineUpdater] INFO  ratis.ContainerStateMachine (ContainerStateMachine.java:takeSnapshot(289)) - group-012F5F91B630: Taking a snapshot at:(t:1, i:28) file /tmp/workdir/hadoop-ozone/integration-test/target/test-dir/MiniOzoneClusterImpl-aba007c7-aff0-48a6-9a1c-5b8514ff46fc/datanode-9/data/ratis/d65c79fe-fa59-49e1-a6a1-012f5f91b630/sm/snapshot.1_28
2019-09-17 11:52:18,677 [ForkJoinPool.commonPool-worker-1] INFO  impl.RaftServerImpl (ServerState.java:close(385)) - 533f21c9-6148-4926-981b-3030ea271196@group-B3F5A0A8BDBD: closes. applyIndex: 16
2019-09-17 11:52:18,679 [533f21c9-6148-4926-981b-3030ea271196@group-B3F5A0A8BDBD-SegmentedRaftLogWorker] ERROR ratis.XceiverServerRatis (XceiverServerRatis.java:triggerPipelineClose(575)) - pipeline Action CLOSE  on pipeline PipelineID=1389dddd-6222-4e81-b4e1-b3f5a0a8bdbd.Reason : WriteLog:19: (t:2, i:19), STATEMACHINELOGENTRY, client-86CC74F3E005, cid=40-writeStateMachineData interrupted.
2019-09-17 11:52:18,689 [ForkJoinPool.commonPool-worker-1] INFO  segmented.SegmentedRaftLogWorker (SegmentedRaftLogWorker.java:close(228)) - 533f21c9-6148-4926-981b-3030ea271196@group-B3F5A0A8BDBD-SegmentedRaftLogWorker close()
2019-09-17 11:52:18,691 [ab50ed4d-57db-4f38-bd59-74c03932909c@group-012F5F91B630-StateMachineUpdater] INFO  ratis.ContainerStateMachine (ContainerStateMachine.java:takeSnapshot(300)) - group-012F5F91B630: Finished taking a snapshot at:(t:1, i:28) file:/tmp/workdir/hadoop-ozone/integration-test/target/test-dir/MiniOzoneClusterImpl-aba007c7-aff0-48a6-9a1c-5b8514ff46fc/datanode-9/data/ratis/d65c79fe-fa59-49e1-a6a1-012f5f91b630/sm/snapshot.1_28 time:14
2019-09-17 11:52:18,691 [ForkJoinPool.commonPool-worker-1] INFO  server.GrpcService (GrpcService.java:closeImpl(164)) - 533f21c9-6148-4926-981b-3030ea271196: shutdown server with port 45624 now
2019-09-17 11:52:18,691 [ab50ed4d-57db-4f38-bd59-74c03932909c@group-012F5F91B630-StateMachineUpdater] INFO  impl.StateMachineUpdater (StateMachineUpdater.java:takeSnapshot(258)) - ab50ed4d-57db-4f38-bd59-74c03932909c@group-012F5F91B630-StateMachineUpdater: Took a snapshot at index 28
2019-09-17 11:52:18,691 [ab50ed4d-57db-4f38-bd59-74c03932909c@group-012F5F91B630-StateMachineUpdater] INFO  impl.StateMachineUpdater (StateMachineUpdater.java:lambda$new$0(83)) - ab50ed4d-57db-4f38-bd59-74c03932909c@group-012F5F91B630-StateMachineUpdater: snapshotIndex: updateIncreasingly 28 -> 28
2019-09-17 11:52:18,692 [main] INFO  impl.RaftServerImpl (ServerState.java:close(385)) - ab50ed4d-57db-4f38-bd59-74c03932909c@group-012F5F91B630: closes. applyIndex: 32
2019-09-17 11:52:18,692 [ForkJoinPool.commonPool-worker-1] INFO  server.GrpcService (GrpcService.java:closeImpl(172)) - 533f21c9-6148-4926-981b-3030ea271196: shutdown server with port 45624 successfully
2019-09-17 11:52:18,693 [ab50ed4d-57db-4f38-bd59-74c03932909c@group-012F5F91B630-SegmentedRaftLogWorker] ERROR ratis.XceiverServerRatis (XceiverServerRatis.java:triggerPipelineClose(575)) - pipeline Action CLOSE  on pipeline PipelineID=d65c79fe-fa59-49e1-a6a1-012f5f91b630.Reason : WriteLog:33: (t:1, i:33), STATEMACHINELOGENTRY, client-CC55B186F28B, cid=71-writeStateMachineData interrupted.
2019-09-17 11:52:18,694 [main] INFO  segmented.SegmentedRaftLogWorker (SegmentedRaftLogWorker.java:close(228)) - ab50ed4d-57db-4f38-bd59-74c03932909c@group-012F5F91B630-SegmentedRaftLogWorker close()
2019-09-17 11:52:18,695 [refreshUsed-/tmp/workdir/hadoop-ozone/integration-test/target/test-dir/MiniOzoneClusterImpl-aba007c7-aff0-48a6-9a1c-5b8514ff46fc/datanode-0/data/containers] WARN  fs.CachingGetSpaceUsed (CachingGetSpaceUsed.java:run(183)) - Thread Interrupted waiting to refresh disk information: sleep interrupted
2019-09-17 11:52:18,696 [main] INFO  impl.RaftServerImpl (RaftServerImpl.java:lambda$shutdown$3(251)) - ab50ed4d-57db-4f38-bd59-74c03932909c@group-B51DFDD2EAB9: shutdown
2019-09-17 11:52:18,697 [main] INFO  util.JmxRegister (JmxRegister.java:unregister(73)) - Successfully un-registered JMX Bean with object name Ratis:service=RaftServer,group=group-B51DFDD2EAB9,id=ab50ed4d-57db-4f38-bd59-74c03932909c
2019-09-17 11:52:18,697 [main] INFO  impl.RoleInfo (RoleInfo.java:shutdownLeaderState(104)) - ab50ed4d-57db-4f38-bd59-74c03932909c: shutdown LeaderState
2019-09-17 11:52:18,698 [main] INFO  impl.PendingRequests (PendingRequests.java:sendNotLeaderResponses(202)) - ab50ed4d-57db-4f38-bd59-74c03932909c-PendingRequests: sendNotLeaderResponses
2019-09-17 11:52:18,701 [main] INFO  impl.StateMachineUpdater (StateMachineUpdater.java:stopAndJoin(125)) - ab50ed4d-57db-4f38-bd59-74c03932909c@group-B51DFDD2EAB9-StateMachineUpdater: set stopIndex = 0
2019-09-17 11:52:18,701 [main] INFO  impl.RaftServerImpl (ServerState.java:close(385)) - ab50ed4d-57db-4f38-bd59-74c03932909c@group-B51DFDD2EAB9: closes. applyIndex: 0
2019-09-17 11:52:18,701 [ab50ed4d-57db-4f38-bd59-74c03932909c@group-B51DFDD2EAB9-SegmentedRaftLogWorker] INFO  segmented.SegmentedRaftLogWorker (SegmentedRaftLogWorker.java:run(313)) - ab50ed4d-57db-4f38-bd59-74c03932909c@group-B51DFDD2EAB9-SegmentedRaftLogWorker was interrupted, exiting. There are 0 tasks remaining in the queue.
2019-09-17 11:52:18,701 [main] INFO  segmented.SegmentedRaftLogWorker (SegmentedRaftLogWorker.java:close(228)) - ab50ed4d-57db-4f38-bd59-74c03932909c@group-B51DFDD2EAB9-SegmentedRaftLogWorker close()
2019-09-17 11:52:18,703 [main] INFO  server.GrpcService (GrpcService.java:closeImpl(164)) - ab50ed4d-57db-4f38-bd59-74c03932909c: shutdown server with port 36833 now
2019-09-17 11:52:18,703 [main] INFO  server.GrpcService (GrpcService.java:closeImpl(172)) - ab50ed4d-57db-4f38-bd59-74c03932909c: shutdown server with port 36833 successfully
2019-09-17 11:52:18,704 [refreshUsed-/tmp/workdir/hadoop-ozone/integration-test/target/test-dir/MiniOzoneClusterImpl-aba007c7-aff0-48a6-9a1c-5b8514ff46fc/datanode-9/data/containers] WARN  fs.CachingGetSpaceUsed (CachingGetSpaceUsed.java:run(183)) - Thread Interrupted waiting to refresh disk information: sleep interrupted
2019-09-17 11:52:18,716 [ForkJoinPool.commonPool-worker-1] INFO  utils.BackgroundService (BackgroundService.java:shutdown(148)) - Shutting down service BlockDeletingService
2019-09-17 11:52:18,719 [ForkJoinPool.commonPool-worker-1] INFO  statemachine.DatanodeStateMachine (DatanodeStateMachine.java:stopDaemon(395)) - Ozone container server stopped.
2019-09-17 11:52:18,721 [main] INFO  utils.BackgroundService (BackgroundService.java:shutdown(148)) - Shutting down service BlockDeletingService
2019-09-17 11:52:18,722 [ForkJoinPool.commonPool-worker-1] INFO  handler.ContextHandler (ContextHandler.java:doStop(910)) - Stopped o.e.j.w.WebAppContext@3c5dbdf8{/,null,UNAVAILABLE}{/hddsDatanode}
2019-09-17 11:52:18,725 [main] INFO  statemachine.DatanodeStateMachine (DatanodeStateMachine.java:stopDaemon(395)) - Ozone container server stopped.
2019-09-17 11:52:18,725 [ForkJoinPool.commonPool-worker-1] INFO  server.AbstractConnector (AbstractConnector.java:doStop(318)) - Stopped ServerConnector@352c44a8{HTTP/1.1,[http/1.1]}{0.0.0.0:0}
2019-09-17 11:52:18,726 [ForkJoinPool.commonPool-worker-1] INFO  handler.ContextHandler (ContextHandler.java:doStop(910)) - Stopped o.e.j.s.ServletContextHandler@433348bc{/static,jar:file:/home/user/.m2/repository/org/apache/hadoop/hadoop-hdds-container-service/0.5.0-SNAPSHOT/hadoop-hdds-container-service-0.5.0-SNAPSHOT.jar!/webapps/static,UNAVAILABLE}
2019-09-17 11:52:18,727 [main] INFO  handler.ContextHandler (ContextHandler.java:doStop(910)) - Stopped o.e.j.w.WebAppContext@3f736a16{/,null,UNAVAILABLE}{/hddsDatanode}
2019-09-17 11:52:18,727 [ForkJoinPool.commonPool-worker-1] INFO  handler.ContextHandler (ContextHandler.java:doStop(910)) - Stopped o.e.j.s.ServletContextHandler@5fa23c{/logs,file:///tmp/workdir/hadoop-ozone/integration-test/target/log,UNAVAILABLE}
2019-09-17 11:52:18,728 [main] INFO  server.AbstractConnector (AbstractConnector.java:doStop(318)) - Stopped ServerConnector@4601203a{HTTP/1.1,[http/1.1]}{0.0.0.0:0}
2019-09-17 11:52:18,728 [main] INFO  handler.ContextHandler (ContextHandler.java:doStop(910)) - Stopped o.e.j.s.ServletContextHandler@4364712f{/static,jar:file:/home/user/.m2/repository/org/apache/hadoop/hadoop-hdds-container-service/0.5.0-SNAPSHOT/hadoop-hdds-container-service-0.5.0-SNAPSHOT.jar!/webapps/static,UNAVAILABLE}
2019-09-17 11:52:18,729 [main] INFO  handler.ContextHandler (ContextHandler.java:doStop(910)) - Stopped o.e.j.s.ServletContextHandler@53c6f96d{/logs,file:///tmp/workdir/hadoop-ozone/integration-test/target/log,UNAVAILABLE}
2019-09-17 11:52:18,730 [main] INFO  ozone.MiniOzoneClusterImpl (MiniOzoneClusterImpl.java:stop(344)) - Stopping the StorageContainerManager
2019-09-17 11:52:18,730 [main] INFO  server.StorageContainerManager (StorageContainerManager.java:stop(801)) - Stopping Replication Manager Service.
2019-09-17 11:52:18,730 [main] INFO  container.ReplicationManager (ReplicationManager.java:stop(203)) - Stopping Replication Monitor Thread.
2019-09-17 11:52:18,730 [main] INFO  server.StorageContainerManager (StorageContainerManager.java:stop(808)) - Stopping Lease Manager of the command watchers
2019-09-17 11:52:18,731 [main] INFO  server.StorageContainerManager (StorageContainerManager.java:stop(815)) - Stopping datanode service RPC server
2019-09-17 11:52:18,731 [main] INFO  server.SCMDatanodeProtocolServer (SCMDatanodeProtocolServer.java:stop(367)) - Stopping the RPC server for DataNodes
2019-09-17 11:52:18,731 [main] INFO  ipc.Server (Server.java:stop(3082)) - Stopping server on 40723
2019-09-17 11:52:18,733 [IPC Server listener on 40723] INFO  ipc.Server (Server.java:run(1185)) - Stopping IPC Server listener on 40723
2019-09-17 11:52:18,733 [IPC Server Responder] INFO  ipc.Server (Server.java:run(1319)) - Stopping IPC Server Responder
2019-09-17 11:52:18,821 [SCM Heartbeat Processing Thread - 0] WARN  node.NodeStateManager (NodeStateManager.java:scheduleNextHealthCheck(646)) - Current Thread is interrupted, shutting down HB processing thread for Node Manager.
2019-09-17 11:52:18,821 [main] INFO  server.StorageContainerManager (StorageContainerManager.java:stop(823)) - Stopping block service RPC server
2019-09-17 11:52:18,821 [main] INFO  server.SCMBlockProtocolServer (SCMBlockProtocolServer.java:stop(155)) - Stopping the RPC server for Block Protocol
2019-09-17 11:52:18,822 [main] INFO  ipc.Server (Server.java:stop(3082)) - Stopping server on 36951
2019-09-17 11:52:18,824 [IPC Server listener on 36951] INFO  ipc.Server (Server.java:run(1185)) - Stopping IPC Server listener on 36951
2019-09-17 11:52:18,824 [main] INFO  server.StorageContainerManager (StorageContainerManager.java:stop(830)) - Stopping the StorageContainerLocationProtocol RPC server
2019-09-17 11:52:18,824 [IPC Server Responder] INFO  ipc.Server (Server.java:run(1319)) - Stopping IPC Server Responder
2019-09-17 11:52:18,824 [main] INFO  server.SCMClientProtocolServer (SCMClientProtocolServer.java:stop(159)) - Stopping the RPC server for Client Protocol
2019-09-17 11:52:18,824 [main] INFO  ipc.Server (Server.java:stop(3082)) - Stopping server on 45173
2019-09-17 11:52:18,826 [IPC Server listener on 45173] INFO  ipc.Server (Server.java:run(1185)) - Stopping IPC Server listener on 45173
2019-09-17 11:52:18,826 [main] INFO  server.StorageContainerManager (StorageContainerManager.java:stop(837)) - Stopping Storage Container Manager HTTP server.
2019-09-17 11:52:18,826 [IPC Server Responder] INFO  ipc.Server (Server.java:run(1319)) - Stopping IPC Server Responder
2019-09-17 11:52:18,828 [main] INFO  handler.ContextHandler (ContextHandler.java:doStop(910)) - Stopped o.e.j.w.WebAppContext@7555b920{/,null,UNAVAILABLE}{/scm}
2019-09-17 11:52:18,828 [main] INFO  server.AbstractConnector (AbstractConnector.java:doStop(318)) - Stopped ServerConnector@6db66836{HTTP/1.1,[http/1.1]}{0.0.0.0:0}
2019-09-17 11:52:18,829 [main] INFO  handler.ContextHandler (ContextHandler.java:doStop(910)) - Stopped o.e.j.s.ServletContextHandler@6622fc65{/static,file:///tmp/workdir/hadoop-ozone/integration-test/target/test-classes/webapps/static,UNAVAILABLE}
2019-09-17 11:52:18,829 [main] INFO  handler.ContextHandler (ContextHandler.java:doStop(910)) - Stopped o.e.j.s.ServletContextHandler@732f29af{/logs,file:///tmp/workdir/hadoop-ozone/integration-test/target/log,UNAVAILABLE}
2019-09-17 11:52:18,830 [main] INFO  server.StorageContainerManager (StorageContainerManager.java:stop(848)) - Stopping Block Manager Service.
2019-09-17 11:52:18,831 [main] INFO  utils.BackgroundService (BackgroundService.java:shutdown(148)) - Shutting down service SCMBlockDeletingService
2019-09-17 11:52:18,831 [main] INFO  utils.BackgroundService (BackgroundService.java:shutdown(148)) - Shutting down service SCMBlockDeletingService
2019-09-17 11:52:18,832 [main] INFO  server.StorageContainerManager (StorageContainerManager.java:stop(870)) - Stopping SCM Event Queue.
2019-09-17 11:52:18,841 [main] INFO  impl.MetricsSystemImpl (MetricsSystemImpl.java:stop(210)) - Stopping XceiverClientMetrics metrics system...
2019-09-17 11:52:18,855 [prometheus] INFO  impl.MetricsSinkAdapter (MetricsSinkAdapter.java:publishMetricsFromQueue(141)) - prometheus thread interrupted.
2019-09-17 11:52:18,855 [main] INFO  impl.MetricsSystemImpl (MetricsSystemImpl.java:stop(216)) - XceiverClientMetrics metrics system stopped.
]]></system-out>
    <system-err><![CDATA[ERROR StatusLogger No Log4j 2 configuration file found. Using default configuration (logging only errors to the console), or user programmatically provided configurations. Set system property 'log4j2.debug' to show Log4j 2 internal initialization logging. See https://logging.apache.org/log4j/2.x/manual/configuration.html for instructions on how to configure Log4j 2
Sep 17, 2019 11:51:18 AM org.apache.ratis.thirdparty.io.grpc.internal.SerializingExecutor run
SEVERE: Exception while executing runnable org.apache.ratis.thirdparty.io.grpc.internal.ServerImpl$JumpToApplicationThreadServerStreamListener$1Closed@2de0de5c
org.apache.ratis.thirdparty.io.grpc.StatusRuntimeException: CANCELLED: call already cancelled
	at org.apache.ratis.thirdparty.io.grpc.Status.asRuntimeException(Status.java:517)
	at org.apache.ratis.thirdparty.io.grpc.stub.ServerCalls$ServerCallStreamObserverImpl.onCompleted(ServerCalls.java:356)
	at org.apache.ratis.grpc.server.GrpcServerProtocolService$ServerRequestStreamObserver.onError(GrpcServerProtocolService.java:121)
	at org.apache.ratis.thirdparty.io.grpc.stub.ServerCalls$StreamingServerCallHandler$StreamingServerCallListener.onCancel(ServerCalls.java:269)
	at org.apache.ratis.thirdparty.io.grpc.internal.ServerCallImpl$ServerStreamListenerImpl.closed(ServerCallImpl.java:293)
	at org.apache.ratis.thirdparty.io.grpc.internal.ServerImpl$JumpToApplicationThreadServerStreamListener$1Closed.runInContext(ServerImpl.java:741)
	at org.apache.ratis.thirdparty.io.grpc.internal.ContextRunnable.run(ContextRunnable.java:37)
	at org.apache.ratis.thirdparty.io.grpc.internal.SerializingExecutor.run(SerializingExecutor.java:123)
	at java.util.concurrent.ThreadPoolExecutor.runWorker(ThreadPoolExecutor.java:1149)
	at java.util.concurrent.ThreadPoolExecutor$Worker.run(ThreadPoolExecutor.java:624)
	at java.lang.Thread.run(Thread.java:748)

Sep 17, 2019 11:52:03 AM org.apache.ratis.thirdparty.io.grpc.internal.SerializingExecutor run
SEVERE: Exception while executing runnable org.apache.ratis.thirdparty.io.grpc.internal.ServerImpl$JumpToApplicationThreadServerStreamListener$1Closed@1ce2fe23
org.apache.ratis.thirdparty.io.grpc.StatusRuntimeException: CANCELLED: call already cancelled
	at org.apache.ratis.thirdparty.io.grpc.Status.asRuntimeException(Status.java:517)
	at org.apache.ratis.thirdparty.io.grpc.stub.ServerCalls$ServerCallStreamObserverImpl.onCompleted(ServerCalls.java:356)
	at org.apache.ratis.grpc.server.GrpcServerProtocolService$ServerRequestStreamObserver.onError(GrpcServerProtocolService.java:121)
	at org.apache.ratis.thirdparty.io.grpc.stub.ServerCalls$StreamingServerCallHandler$StreamingServerCallListener.onCancel(ServerCalls.java:269)
	at org.apache.ratis.thirdparty.io.grpc.internal.ServerCallImpl$ServerStreamListenerImpl.closed(ServerCallImpl.java:293)
	at org.apache.ratis.thirdparty.io.grpc.internal.ServerImpl$JumpToApplicationThreadServerStreamListener$1Closed.runInContext(ServerImpl.java:741)
	at org.apache.ratis.thirdparty.io.grpc.internal.ContextRunnable.run(ContextRunnable.java:37)
	at org.apache.ratis.thirdparty.io.grpc.internal.SerializingExecutor.run(SerializingExecutor.java:123)
	at java.util.concurrent.ThreadPoolExecutor.runWorker(ThreadPoolExecutor.java:1149)
	at java.util.concurrent.ThreadPoolExecutor$Worker.run(ThreadPoolExecutor.java:624)
	at java.lang.Thread.run(Thread.java:748)

Sep 17, 2019 11:52:03 AM org.apache.ratis.thirdparty.io.grpc.internal.SerializingExecutor run
SEVERE: Exception while executing runnable org.apache.ratis.thirdparty.io.grpc.internal.ServerImpl$JumpToApplicationThreadServerStreamListener$1Closed@1bde61e4
org.apache.ratis.thirdparty.io.grpc.StatusRuntimeException: CANCELLED: call already cancelled
	at org.apache.ratis.thirdparty.io.grpc.Status.asRuntimeException(Status.java:517)
	at org.apache.ratis.thirdparty.io.grpc.stub.ServerCalls$ServerCallStreamObserverImpl.onCompleted(ServerCalls.java:356)
	at org.apache.ratis.grpc.server.GrpcServerProtocolService$ServerRequestStreamObserver.onError(GrpcServerProtocolService.java:121)
	at org.apache.ratis.thirdparty.io.grpc.stub.ServerCalls$StreamingServerCallHandler$StreamingServerCallListener.onCancel(ServerCalls.java:269)
	at org.apache.ratis.thirdparty.io.grpc.internal.ServerCallImpl$ServerStreamListenerImpl.closed(ServerCallImpl.java:293)
	at org.apache.ratis.thirdparty.io.grpc.internal.ServerImpl$JumpToApplicationThreadServerStreamListener$1Closed.runInContext(ServerImpl.java:741)
	at org.apache.ratis.thirdparty.io.grpc.internal.ContextRunnable.run(ContextRunnable.java:37)
	at org.apache.ratis.thirdparty.io.grpc.internal.SerializingExecutor.run(SerializingExecutor.java:123)
	at java.util.concurrent.ThreadPoolExecutor.runWorker(ThreadPoolExecutor.java:1149)
	at java.util.concurrent.ThreadPoolExecutor$Worker.run(ThreadPoolExecutor.java:624)
	at java.lang.Thread.run(Thread.java:748)

]]></system-err>
  </testcase>
  <testcase name="testMultiBlockWritesWithDnFailures" classname="org.apache.hadoop.ozone.client.rpc.TestMultiBlockWritesWithDnFailures" time="37.853"/>
</testsuite>