<?xml version="1.0" encoding="UTF-8"?>
<testsuite xmlns:xsi="http://www.w3.org/2001/XMLSchema-instance" xsi:noNamespaceSchemaLocation="https://maven.apache.org/surefire/maven-surefire-plugin/xsd/surefire-test-report.xsd" name="org.apache.hadoop.ozone.client.rpc.TestBlockOutputStream" time="237.139" tests="6" errors="0" skipped="0" failures="1">
  <properties>
    <property name="awt.toolkit" value="sun.awt.X11.XToolkit"/>
    <property name="file.encoding.pkg" value="sun.io"/>
    <property name="java.specification.version" value="1.8"/>
    <property name="sun.cpu.isalist" value=""/>
    <property name="sun.jnu.encoding" value="UTF-8"/>
    <property name="java.class.path" value="/tmp/workdir/hadoop-ozone/integration-test/target/test-classes:/tmp/workdir/hadoop-ozone/integration-test/target/classes:/home/user/.m2/repository/org/apache/hadoop/hadoop-ozone-common/0.5.0-SNAPSHOT/hadoop-ozone-common-0.5.0-SNAPSHOT.jar:/home/user/.m2/repository/org/apache/commons/commons-compress/1.4.1/commons-compress-1.4.1.jar:/home/user/.m2/repository/org/tukaani/xz/1.0/xz-1.0.jar:/home/user/.m2/repository/org/apache/hadoop/hadoop-common/3.2.0/hadoop-common-3.2.0.jar:/home/user/.m2/repository/org/apache/hadoop/hadoop-hdfs/3.2.0/hadoop-hdfs-3.2.0.jar:/home/user/.m2/repository/org/apache/hadoop/hadoop-hdfs-client/3.2.0/hadoop-hdfs-client-3.2.0.jar:/home/user/.m2/repository/com/fasterxml/jackson/core/jackson-annotations/2.9.5/jackson-annotations-2.9.5.jar:/home/user/.m2/repository/org/apache/hadoop/hadoop-hdds-common/0.5.0-SNAPSHOT/hadoop-hdds-common-0.5.0-SNAPSHOT.jar:/home/user/.m2/repository/javax/annotation/javax.annotation-api/1.2/javax.annotation-api-1.2.jar:/home/user/.m2/repository/org/apache/ratis/ratis-server/0.4.0-78e95b9-SNAPSHOT/ratis-server-0.4.0-78e95b9-SNAPSHOT.jar:/home/user/.m2/repository/org/apache/ratis/ratis-thirdparty-misc/0.2.0/ratis-thirdparty-misc-0.2.0.jar:/home/user/.m2/repository/org/apache/ratis/ratis-proto/0.4.0-78e95b9-SNAPSHOT/ratis-proto-0.4.0-78e95b9-SNAPSHOT.jar:/home/user/.m2/repository/org/apache/ratis/ratis-common/0.4.0-78e95b9-SNAPSHOT/ratis-common-0.4.0-78e95b9-SNAPSHOT.jar:/home/user/.m2/repository/org/apache/ratis/ratis-client/0.4.0-78e95b9-SNAPSHOT/ratis-client-0.4.0-78e95b9-SNAPSHOT.jar:/home/user/.m2/repository/org/apache/ratis/ratis-metrics/0.4.0-78e95b9-SNAPSHOT/ratis-metrics-0.4.0-78e95b9-SNAPSHOT.jar:/home/user/.m2/repository/com/github/joshelser/dropwizard-metrics-hadoop-metrics2-reporter/0.1.2/dropwizard-metrics-hadoop-metrics2-reporter-0.1.2.jar:/home/user/.m2/repository/io/dropwizard/metrics/metrics-jvm/3.2.5/metrics-jvm-3.2.5.jar:/home/user/.m2/repository/io/dropwizard/metrics/metrics-ganglia/3.2.5/metrics-ganglia-3.2.5.jar:/home/user/.m2/repository/info/ganglia/gmetric4j/gmetric4j/1.0.7/gmetric4j-1.0.7.jar:/home/user/.m2/repository/org/apache/ratis/ratis-netty/0.4.0-78e95b9-SNAPSHOT/ratis-netty-0.4.0-78e95b9-SNAPSHOT.jar:/home/user/.m2/repository/org/apache/ratis/ratis-grpc/0.4.0-78e95b9-SNAPSHOT/ratis-grpc-0.4.0-78e95b9-SNAPSHOT.jar:/home/user/.m2/repository/org/rocksdb/rocksdbjni/6.0.1/rocksdbjni-6.0.1.jar:/home/user/.m2/repository/org/apache/logging/log4j/log4j-api/2.11.0/log4j-api-2.11.0.jar:/home/user/.m2/repository/org/apache/logging/log4j/log4j-core/2.11.0/log4j-core-2.11.0.jar:/home/user/.m2/repository/com/lmax/disruptor/3.4.2/disruptor-3.4.2.jar:/home/user/.m2/repository/org/apache/commons/commons-pool2/2.6.0/commons-pool2-2.6.0.jar:/home/user/.m2/repository/org/bouncycastle/bcpkix-jdk15on/1.60/bcpkix-jdk15on-1.60.jar:/home/user/.m2/repository/commons-validator/commons-validator/1.6/commons-validator-1.6.jar:/home/user/.m2/repository/commons-digester/commons-digester/1.8.1/commons-digester-1.8.1.jar:/home/user/.m2/repository/io/jaegertracing/jaeger-client/0.33.1/jaeger-client-0.33.1.jar:/home/user/.m2/repository/io/jaegertracing/jaeger-thrift/0.33.1/jaeger-thrift-0.33.1.jar:/home/user/.m2/repository/org/apache/thrift/libthrift/0.11.0/libthrift-0.11.0.jar:/home/user/.m2/repository/com/squareup/okhttp3/okhttp/3.9.0/okhttp-3.9.0.jar:/home/user/.m2/repository/com/squareup/okio/okio/1.13.0/okio-1.13.0.jar:/home/user/.m2/repository/io/jaegertracing/jaeger-core/0.33.1/jaeger-core-0.33.1.jar:/home/user/.m2/repository/io/jaegertracing/jaeger-tracerresolver/0.33.1/jaeger-tracerresolver-0.33.1.jar:/home/user/.m2/repository/io/opentracing/contrib/opentracing-tracerresolver/0.1.5/opentracing-tracerresolver-0.1.5.jar:/home/user/.m2/repository/io/opentracing/opentracing-util/0.31.0/opentracing-util-0.31.0.jar:/home/user/.m2/repository/io/opentracing/opentracing-api/0.31.0/opentracing-api-0.31.0.jar:/home/user/.m2/repository/io/opentracing/opentracing-noop/0.31.0/opentracing-noop-0.31.0.jar:/home/user/.m2/repository/org/apache/hadoop/hadoop-hdds-server-framework/0.5.0-SNAPSHOT/hadoop-hdds-server-framework-0.5.0-SNAPSHOT.jar:/home/user/.m2/repository/org/apache/hadoop/hadoop-hdds-container-service/0.5.0-SNAPSHOT/hadoop-hdds-container-service-0.5.0-SNAPSHOT.jar:/home/user/.m2/repository/org/apache/hadoop/hadoop-hdds-client/0.5.0-SNAPSHOT/hadoop-hdds-client-0.5.0-SNAPSHOT.jar:/home/user/.m2/repository/org/apache/hadoop/hadoop-hdds-tools/0.5.0-SNAPSHOT/hadoop-hdds-tools-0.5.0-SNAPSHOT.jar:/home/user/.m2/repository/org/apache/hadoop/hadoop-hdds-server-scm/0.5.0-SNAPSHOT/hadoop-hdds-server-scm-0.5.0-SNAPSHOT.jar:/home/user/.m2/repository/org/apache/hadoop/hadoop-hdds-docs/0.5.0-SNAPSHOT/hadoop-hdds-docs-0.5.0-SNAPSHOT.jar:/home/user/.m2/repository/io/dropwizard/metrics/metrics-core/3.2.4/metrics-core-3.2.4.jar:/home/user/.m2/repository/org/hamcrest/hamcrest-all/1.3/hamcrest-all-1.3.jar:/home/user/.m2/repository/org/bouncycastle/bcprov-jdk15on/1.60/bcprov-jdk15on-1.60.jar:/home/user/.m2/repository/info/picocli/picocli/3.9.6/picocli-3.9.6.jar:/home/user/.m2/repository/com/google/protobuf/protobuf-java/2.5.0/protobuf-java-2.5.0.jar:/home/user/.m2/repository/com/google/guava/guava/11.0.2/guava-11.0.2.jar:/home/user/.m2/repository/org/apache/hadoop/hadoop-ozone-ozone-manager/0.5.0-SNAPSHOT/hadoop-ozone-ozone-manager-0.5.0-SNAPSHOT.jar:/home/user/.m2/repository/org/apache/hadoop/hadoop-minikdc/3.2.0/hadoop-minikdc-3.2.0.jar:/home/user/.m2/repository/commons-io/commons-io/2.5/commons-io-2.5.jar:/home/user/.m2/repository/org/apache/kerby/kerb-simplekdc/1.0.1/kerb-simplekdc-1.0.1.jar:/home/user/.m2/repository/org/apache/kerby/kerb-client/1.0.1/kerb-client-1.0.1.jar:/home/user/.m2/repository/org/apache/kerby/kerby-config/1.0.1/kerby-config-1.0.1.jar:/home/user/.m2/repository/org/apache/kerby/kerb-core/1.0.1/kerb-core-1.0.1.jar:/home/user/.m2/repository/org/apache/kerby/kerby-pkix/1.0.1/kerby-pkix-1.0.1.jar:/home/user/.m2/repository/org/apache/kerby/kerby-asn1/1.0.1/kerby-asn1-1.0.1.jar:/home/user/.m2/repository/org/apache/kerby/kerby-util/1.0.1/kerby-util-1.0.1.jar:/home/user/.m2/repository/org/apache/kerby/kerb-common/1.0.1/kerb-common-1.0.1.jar:/home/user/.m2/repository/org/apache/kerby/kerb-crypto/1.0.1/kerb-crypto-1.0.1.jar:/home/user/.m2/repository/org/apache/kerby/kerb-util/1.0.1/kerb-util-1.0.1.jar:/home/user/.m2/repository/org/apache/kerby/token-provider/1.0.1/token-provider-1.0.1.jar:/home/user/.m2/repository/org/apache/kerby/kerb-admin/1.0.1/kerb-admin-1.0.1.jar:/home/user/.m2/repository/org/apache/kerby/kerb-server/1.0.1/kerb-server-1.0.1.jar:/home/user/.m2/repository/org/apache/kerby/kerb-identity/1.0.1/kerb-identity-1.0.1.jar:/home/user/.m2/repository/org/apache/kerby/kerby-xdr/1.0.1/kerby-xdr-1.0.1.jar:/home/user/.m2/repository/org/slf4j/slf4j-log4j12/1.7.25/slf4j-log4j12-1.7.25.jar:/home/user/.m2/repository/org/apache/hadoop/hadoop-ozone-s3gateway/0.5.0-SNAPSHOT/hadoop-ozone-s3gateway-0.5.0-SNAPSHOT.jar:/home/user/.m2/repository/org/jboss/weld/servlet/weld-servlet/2.4.7.Final/weld-servlet-2.4.7.Final.jar:/home/user/.m2/repository/org/glassfish/jersey/containers/jersey-container-servlet-core/2.27/jersey-container-servlet-core-2.27.jar:/home/user/.m2/repository/org/glassfish/hk2/external/javax.inject/2.5.0-b42/javax.inject-2.5.0-b42.jar:/home/user/.m2/repository/org/glassfish/jersey/core/jersey-common/2.27/jersey-common-2.27.jar:/home/user/.m2/repository/org/glassfish/hk2/osgi-resource-locator/1.0.1/osgi-resource-locator-1.0.1.jar:/home/user/.m2/repository/javax/ws/rs/javax.ws.rs-api/2.1/javax.ws.rs-api-2.1.jar:/home/user/.m2/repository/org/glassfish/jersey/ext/cdi/jersey-cdi1x/2.27/jersey-cdi1x-2.27.jar:/home/user/.m2/repository/org/glassfish/jersey/inject/jersey-hk2/2.27/jersey-hk2-2.27.jar:/home/user/.m2/repository/org/glassfish/hk2/hk2-locator/2.5.0-b42/hk2-locator-2.5.0-b42.jar:/home/user/.m2/repository/org/javassist/javassist/3.22.0-CR2/javassist-3.22.0-CR2.jar:/home/user/.m2/repository/org/glassfish/hk2/hk2-api/2.5.0/hk2-api-2.5.0.jar:/home/user/.m2/repository/org/glassfish/hk2/external/jakarta.inject/2.5.0/jakarta.inject-2.5.0.jar:/home/user/.m2/repository/org/glassfish/hk2/hk2-utils/2.5.0/hk2-utils-2.5.0.jar:/home/user/.m2/repository/jakarta/annotation/jakarta.annotation-api/1.3.4/jakarta.annotation-api-1.3.4.jar:/home/user/.m2/repository/org/glassfish/hk2/external/aopalliance-repackaged/2.5.0/aopalliance-repackaged-2.5.0.jar:/home/user/.m2/repository/com/fasterxml/jackson/dataformat/jackson-dataformat-xml/2.9.0/jackson-dataformat-xml-2.9.0.jar:/home/user/.m2/repository/com/fasterxml/jackson/core/jackson-core/2.9.5/jackson-core-2.9.5.jar:/home/user/.m2/repository/com/fasterxml/jackson/module/jackson-module-jaxb-annotations/2.9.5/jackson-module-jaxb-annotations-2.9.5.jar:/home/user/.m2/repository/javax/enterprise/cdi-api/1.2/cdi-api-1.2.jar:/home/user/.m2/repository/javax/el/javax.el-api/3.0.0/javax.el-api-3.0.0.jar:/home/user/.m2/repository/javax/interceptor/javax.interceptor-api/1.2/javax.interceptor-api-1.2.jar:/home/user/.m2/repository/javax/inject/javax.inject/1/javax.inject-1.jar:/home/user/.m2/repository/com/sun/xml/bind/jaxb-impl/2.3.0.1/jaxb-impl-2.3.0.1.jar:/home/user/.m2/repository/com/sun/xml/bind/jaxb-core/2.3.0.1/jaxb-core-2.3.0.1.jar:/home/user/.m2/repository/javax/xml/bind/jaxb-api/2.3.0/jaxb-api-2.3.0.jar:/home/user/.m2/repository/javax/activation/activation/1.1.1/activation-1.1.1.jar:/home/user/.m2/repository/org/apache/hadoop/hadoop-ozone-csi/0.5.0-SNAPSHOT/hadoop-ozone-csi-0.5.0-SNAPSHOT.jar:/home/user/.m2/repository/com/google/protobuf/protobuf-java-util/3.5.1/protobuf-java-util-3.5.1.jar:/home/user/.m2/repository/org/apache/hadoop/hadoop-hdds-config/0.5.0-SNAPSHOT/hadoop-hdds-config-0.5.0-SNAPSHOT.jar:/home/user/.m2/repository/io/grpc/grpc-netty/1.17.1/grpc-netty-1.17.1.jar:/home/user/.m2/repository/io/grpc/grpc-core/1.17.1/grpc-core-1.17.1.jar:/home/user/.m2/repository/io/grpc/grpc-context/1.17.1/grpc-context-1.17.1.jar:/home/user/.m2/repository/com/google/errorprone/error_prone_annotations/2.2.0/error_prone_annotations-2.2.0.jar:/home/user/.m2/repository/org/codehaus/mojo/animal-sniffer-annotations/1.17/animal-sniffer-annotations-1.17.jar:/home/user/.m2/repository/io/opencensus/opencensus-api/0.17.0/opencensus-api-0.17.0.jar:/home/user/.m2/repository/io/opencensus/opencensus-contrib-grpc-metrics/0.17.0/opencensus-contrib-grpc-metrics-0.17.0.jar:/home/user/.m2/repository/io/netty/netty-codec-http2/4.1.30.Final/netty-codec-http2-4.1.30.Final.jar:/home/user/.m2/repository/io/netty/netty-codec-http/4.1.30.Final/netty-codec-http-4.1.30.Final.jar:/home/user/.m2/repository/io/netty/netty-codec/4.1.30.Final/netty-codec-4.1.30.Final.jar:/home/user/.m2/repository/io/netty/netty-handler/4.1.30.Final/netty-handler-4.1.30.Final.jar:/home/user/.m2/repository/io/netty/netty-handler-proxy/4.1.30.Final/netty-handler-proxy-4.1.30.Final.jar:/home/user/.m2/repository/io/netty/netty-codec-socks/4.1.30.Final/netty-codec-socks-4.1.30.Final.jar:/home/user/.m2/repository/io/netty/netty-transport-native-epoll/4.1.30.Final/netty-transport-native-epoll-4.1.30.Final.jar:/home/user/.m2/repository/io/netty/netty-common/4.1.30.Final/netty-common-4.1.30.Final.jar:/home/user/.m2/repository/io/netty/netty-buffer/4.1.30.Final/netty-buffer-4.1.30.Final.jar:/home/user/.m2/repository/io/netty/netty-transport/4.1.30.Final/netty-transport-4.1.30.Final.jar:/home/user/.m2/repository/io/netty/netty-resolver/4.1.30.Final/netty-resolver-4.1.30.Final.jar:/home/user/.m2/repository/io/netty/netty-transport-native-unix-common/4.1.30.Final/netty-transport-native-unix-common-4.1.30.Final.jar:/home/user/.m2/repository/io/grpc/grpc-protobuf/1.17.1/grpc-protobuf-1.17.1.jar:/home/user/.m2/repository/com/google/api/grpc/proto-google-common-protos/1.0.0/proto-google-common-protos-1.0.0.jar:/home/user/.m2/repository/io/grpc/grpc-protobuf-lite/1.17.1/grpc-protobuf-lite-1.17.1.jar:/home/user/.m2/repository/io/grpc/grpc-stub/1.17.1/grpc-stub-1.17.1.jar:/home/user/.m2/repository/org/apache/hadoop/hadoop-ozone-recon/0.5.0-SNAPSHOT/hadoop-ozone-recon-0.5.0-SNAPSHOT.jar:/home/user/.m2/repository/org/apache/hadoop/hadoop-ozone-reconcodegen/0.5.0-SNAPSHOT/hadoop-ozone-reconcodegen-0.5.0-SNAPSHOT.jar:/home/user/.m2/repository/com/google/inject/extensions/guice-multibindings/4.0/guice-multibindings-4.0.jar:/home/user/.m2/repository/com/google/inject/guice/4.0/guice-4.0.jar:/home/user/.m2/repository/aopalliance/aopalliance/1.0/aopalliance-1.0.jar:/home/user/.m2/repository/com/google/inject/extensions/guice-servlet/4.0/guice-servlet-4.0.jar:/home/user/.m2/repository/org/glassfish/jersey/containers/jersey-container-servlet/2.27/jersey-container-servlet-2.27.jar:/home/user/.m2/repository/org/glassfish/hk2/guice-bridge/2.5.0/guice-bridge-2.5.0.jar:/home/user/.m2/repository/org/glassfish/jersey/core/jersey-server/2.27/jersey-server-2.27.jar:/home/user/.m2/repository/org/glassfish/jersey/core/jersey-client/2.27/jersey-client-2.27.jar:/home/user/.m2/repository/org/glassfish/jersey/media/jersey-media-jaxb/2.27/jersey-media-jaxb-2.27.jar:/home/user/.m2/repository/javax/validation/validation-api/1.1.0.Final/validation-api-1.1.0.Final.jar:/home/user/.m2/repository/org/glassfish/jersey/media/jersey-media-json-jackson/2.27/jersey-media-json-jackson-2.27.jar:/home/user/.m2/repository/org/glassfish/jersey/ext/jersey-entity-filtering/2.27/jersey-entity-filtering-2.27.jar:/home/user/.m2/repository/com/google/inject/extensions/guice-assistedinject/4.0/guice-assistedinject-4.0.jar:/home/user/.m2/repository/org/jooq/jooq/3.11.10/jooq-3.11.10.jar:/home/user/.m2/repository/org/jooq/jooq-meta/3.11.10/jooq-meta-3.11.10.jar:/home/user/.m2/repository/org/jooq/jooq-codegen/3.11.10/jooq-codegen-3.11.10.jar:/home/user/.m2/repository/com/jolbox/bonecp/0.8.0.RELEASE/bonecp-0.8.0.RELEASE.jar:/home/user/.m2/repository/org/xerial/sqlite-jdbc/3.25.2/sqlite-jdbc-3.25.2.jar:/home/user/.m2/repository/org/springframework/spring-jdbc/5.1.3.RELEASE/spring-jdbc-5.1.3.RELEASE.jar:/home/user/.m2/repository/org/springframework/spring-beans/5.1.3.RELEASE/spring-beans-5.1.3.RELEASE.jar:/home/user/.m2/repository/org/springframework/spring-core/5.1.3.RELEASE/spring-core-5.1.3.RELEASE.jar:/home/user/.m2/repository/org/springframework/spring-jcl/5.1.3.RELEASE/spring-jcl-5.1.3.RELEASE.jar:/home/user/.m2/repository/org/springframework/spring-tx/5.1.3.RELEASE/spring-tx-5.1.3.RELEASE.jar:/home/user/.m2/repository/org/apache/hadoop/hadoop-ozone-client/0.5.0-SNAPSHOT/hadoop-ozone-client-0.5.0-SNAPSHOT.jar:/home/user/.m2/repository/commons-lang/commons-lang/2.6/commons-lang-2.6.jar:/home/user/.m2/repository/org/apache/hadoop/hadoop-ozone-ozone-manager/0.5.0-SNAPSHOT/hadoop-ozone-ozone-manager-0.5.0-SNAPSHOT-tests.jar:/home/user/.m2/repository/junit/junit/4.11/junit-4.11.jar:/home/user/.m2/repository/org/hamcrest/hamcrest-core/1.3/hamcrest-core-1.3.jar:/home/user/.m2/repository/org/openjdk/jmh/jmh-core/1.19/jmh-core-1.19.jar:/home/user/.m2/repository/net/sf/jopt-simple/jopt-simple/4.6/jopt-simple-4.6.jar:/home/user/.m2/repository/org/apache/commons/commons-math3/3.1.1/commons-math3-3.1.1.jar:/home/user/.m2/repository/org/openjdk/jmh/jmh-generator-annprocess/1.19/jmh-generator-annprocess-1.19.jar:/home/user/.m2/repository/org/mockito/mockito-all/1.8.5/mockito-all-1.8.5.jar:/home/user/.m2/repository/org/apache/hadoop/hadoop-kms/3.2.0/hadoop-kms-3.2.0.jar:/home/user/.m2/repository/org/apache/hadoop/hadoop-auth/3.2.0/hadoop-auth-3.2.0.jar:/home/user/.m2/repository/com/nimbusds/nimbus-jose-jwt/4.41.1/nimbus-jose-jwt-4.41.1.jar:/home/user/.m2/repository/com/github/stephenc/jcip/jcip-annotations/1.0-1/jcip-annotations-1.0-1.jar:/home/user/.m2/repository/net/minidev/json-smart/2.3/json-smart-2.3.jar:/home/user/.m2/repository/net/minidev/accessors-smart/1.2/accessors-smart-1.2.jar:/home/user/.m2/repository/org/ow2/asm/asm/5.0.4/asm-5.0.4.jar:/home/user/.m2/repository/org/apache/curator/curator-framework/2.12.0/curator-framework-2.12.0.jar:/home/user/.m2/repository/com/sun/jersey/jersey-core/1.19/jersey-core-1.19.jar:/home/user/.m2/repository/javax/ws/rs/jsr311-api/1.1.1/jsr311-api-1.1.1.jar:/home/user/.m2/repository/com/sun/jersey/jersey-server/1.19/jersey-server-1.19.jar:/home/user/.m2/repository/javax/servlet/javax.servlet-api/3.1.0/javax.servlet-api-3.1.0.jar:/home/user/.m2/repository/org/eclipse/jetty/jetty-server/9.3.24.v20180605/jetty-server-9.3.24.v20180605.jar:/home/user/.m2/repository/org/eclipse/jetty/jetty-http/9.3.24.v20180605/jetty-http-9.3.24.v20180605.jar:/home/user/.m2/repository/org/eclipse/jetty/jetty-io/9.3.24.v20180605/jetty-io-9.3.24.v20180605.jar:/home/user/.m2/repository/org/eclipse/jetty/jetty-webapp/9.3.24.v20180605/jetty-webapp-9.3.24.v20180605.jar:/home/user/.m2/repository/org/eclipse/jetty/jetty-xml/9.3.24.v20180605/jetty-xml-9.3.24.v20180605.jar:/home/user/.m2/repository/log4j/log4j/1.2.17/log4j-1.2.17.jar:/home/user/.m2/repository/org/slf4j/slf4j-api/1.7.25/slf4j-api-1.7.25.jar:/home/user/.m2/repository/org/slf4j/jul-to-slf4j/1.7.25/jul-to-slf4j-1.7.25.jar:/home/user/.m2/repository/org/eclipse/jetty/jetty-util/9.3.24.v20180605/jetty-util-9.3.24.v20180605.jar:/home/user/.m2/repository/com/fasterxml/jackson/core/jackson-databind/2.9.5/jackson-databind-2.9.5.jar:/home/user/.m2/repository/org/apache/hadoop/hadoop-kms/3.2.0/hadoop-kms-3.2.0-tests.jar:/home/user/.m2/repository/org/apache/hadoop/hadoop-hdds-server-scm/0.5.0-SNAPSHOT/hadoop-hdds-server-scm-0.5.0-SNAPSHOT-tests.jar:/home/user/.m2/repository/org/apache/hadoop/hadoop-hdds-container-service/0.5.0-SNAPSHOT/hadoop-hdds-container-service-0.5.0-SNAPSHOT-tests.jar:/home/user/.m2/repository/org/yaml/snakeyaml/1.16/snakeyaml-1.16.jar:/home/user/.m2/repository/org/apache/hadoop/hadoop-common/3.2.0/hadoop-common-3.2.0-tests.jar:/home/user/.m2/repository/org/apache/hadoop/hadoop-annotations/3.2.0/hadoop-annotations-3.2.0.jar:/usr/lib/jvm/java-1.8-openjdk/jre/../lib/tools.jar:/home/user/.m2/repository/commons-cli/commons-cli/1.2/commons-cli-1.2.jar:/home/user/.m2/repository/org/apache/httpcomponents/httpclient/4.5.2/httpclient-4.5.2.jar:/home/user/.m2/repository/org/apache/httpcomponents/httpcore/4.4.4/httpcore-4.4.4.jar:/home/user/.m2/repository/commons-codec/commons-codec/1.11/commons-codec-1.11.jar:/home/user/.m2/repository/commons-net/commons-net/3.6/commons-net-3.6.jar:/home/user/.m2/repository/commons-collections/commons-collections/3.2.2/commons-collections-3.2.2.jar:/home/user/.m2/repository/org/eclipse/jetty/jetty-servlet/9.3.24.v20180605/jetty-servlet-9.3.24.v20180605.jar:/home/user/.m2/repository/org/eclipse/jetty/jetty-security/9.3.24.v20180605/jetty-security-9.3.24.v20180605.jar:/home/user/.m2/repository/javax/servlet/jsp/jsp-api/2.1/jsp-api-2.1.jar:/home/user/.m2/repository/com/sun/jersey/jersey-servlet/1.19/jersey-servlet-1.19.jar:/home/user/.m2/repository/com/sun/jersey/jersey-json/1.19/jersey-json-1.19.jar:/home/user/.m2/repository/org/codehaus/jettison/jettison/1.1/jettison-1.1.jar:/home/user/.m2/repository/org/codehaus/jackson/jackson-core-asl/1.9.13/jackson-core-asl-1.9.13.jar:/home/user/.m2/repository/org/codehaus/jackson/jackson-mapper-asl/1.9.13/jackson-mapper-asl-1.9.13.jar:/home/user/.m2/repository/org/codehaus/jackson/jackson-jaxrs/1.9.13/jackson-jaxrs-1.9.13.jar:/home/user/.m2/repository/org/codehaus/jackson/jackson-xc/1.9.13/jackson-xc-1.9.13.jar:/home/user/.m2/repository/commons-logging/commons-logging/1.1.3/commons-logging-1.1.3.jar:/home/user/.m2/repository/commons-beanutils/commons-beanutils/1.9.3/commons-beanutils-1.9.3.jar:/home/user/.m2/repository/org/apache/commons/commons-configuration2/2.1.1/commons-configuration2-2.1.1.jar:/home/user/.m2/repository/org/apache/commons/commons-lang3/3.7/commons-lang3-3.7.jar:/home/user/.m2/repository/org/apache/commons/commons-text/1.4/commons-text-1.4.jar:/home/user/.m2/repository/org/apache/avro/avro/1.7.7/avro-1.7.7.jar:/home/user/.m2/repository/com/thoughtworks/paranamer/paranamer/2.3/paranamer-2.3.jar:/home/user/.m2/repository/org/xerial/snappy/snappy-java/1.0.5/snappy-java-1.0.5.jar:/home/user/.m2/repository/com/google/re2j/re2j/1.1/re2j-1.1.jar:/home/user/.m2/repository/com/google/code/gson/gson/2.2.4/gson-2.2.4.jar:/home/user/.m2/repository/com/jcraft/jsch/0.1.54/jsch-0.1.54.jar:/home/user/.m2/repository/org/apache/curator/curator-client/2.12.0/curator-client-2.12.0.jar:/home/user/.m2/repository/org/apache/curator/curator-recipes/2.12.0/curator-recipes-2.12.0.jar:/home/user/.m2/repository/com/google/code/findbugs/jsr305/3.0.0/jsr305-3.0.0.jar:/home/user/.m2/repository/org/apache/htrace/htrace-core4/4.1.0-incubating/htrace-core4-4.1.0-incubating.jar:/home/user/.m2/repository/org/apache/zookeeper/zookeeper/3.4.13/zookeeper-3.4.13.jar:/home/user/.m2/repository/org/apache/yetus/audience-annotations/0.5.0/audience-annotations-0.5.0.jar:/home/user/.m2/repository/org/codehaus/woodstox/stax2-api/3.1.4/stax2-api-3.1.4.jar:/home/user/.m2/repository/com/fasterxml/woodstox/woodstox-core/5.0.3/woodstox-core-5.0.3.jar:/home/user/.m2/repository/dnsjava/dnsjava/2.1.7/dnsjava-2.1.7.jar:/home/user/.m2/repository/org/apache/hadoop/hadoop-hdfs/3.2.0/hadoop-hdfs-3.2.0-tests.jar:/home/user/.m2/repository/org/eclipse/jetty/jetty-util-ajax/9.3.24.v20180605/jetty-util-ajax-9.3.24.v20180605.jar:/home/user/.m2/repository/commons-daemon/commons-daemon/1.0.13/commons-daemon-1.0.13.jar:/home/user/.m2/repository/io/netty/netty/3.10.5.Final/netty-3.10.5.Final.jar:/home/user/.m2/repository/io/netty/netty-all/4.0.52.Final/netty-all-4.0.52.Final.jar:/home/user/.m2/repository/org/fusesource/leveldbjni/leveldbjni-all/1.8/leveldbjni-all-1.8.jar:"/>
    <property name="java.vm.vendor" value="IcedTea"/>
    <property name="sun.arch.data.model" value="64"/>
    <property name="test.build.dir" value="/tmp/workdir/hadoop-ozone/integration-test/target/test-dir"/>
    <property name="test.cache.data" value=""/>
    <property name="java.vendor.url" value="https://icedtea.classpath.org"/>
    <property name="user.timezone" value=""/>
    <property name="java.vm.specification.version" value="1.8"/>
    <property name="os.name" value="Linux"/>
    <property name="test.build.data" value="/tmp/workdir/hadoop-ozone/integration-test/target/test-dir"/>
    <property name="user.country" value="US"/>
    <property name="sun.java.launcher" value="SUN_STANDARD"/>
    <property name="sun.boot.library.path" value="/usr/lib/jvm/java-1.8-openjdk/jre/lib/amd64"/>
    <property name="sun.java.command" value="/tmp/workdir/hadoop-ozone/integration-test/target/surefire/surefirebooter9045042376737534487.jar /tmp/workdir/hadoop-ozone/integration-test/target/surefire 2019-09-17T10-35-48_880-jvmRun1 surefire7495247869498853867tmp surefire_331412217529118981634tmp"/>
    <property name="test" value="!TestMiniChaosOzoneCluster"/>
    <property name="surefire.test.class.path" value="/tmp/workdir/hadoop-ozone/integration-test/target/test-classes:/tmp/workdir/hadoop-ozone/integration-test/target/classes:/home/user/.m2/repository/org/apache/hadoop/hadoop-ozone-common/0.5.0-SNAPSHOT/hadoop-ozone-common-0.5.0-SNAPSHOT.jar:/home/user/.m2/repository/org/apache/commons/commons-compress/1.4.1/commons-compress-1.4.1.jar:/home/user/.m2/repository/org/tukaani/xz/1.0/xz-1.0.jar:/home/user/.m2/repository/org/apache/hadoop/hadoop-common/3.2.0/hadoop-common-3.2.0.jar:/home/user/.m2/repository/org/apache/hadoop/hadoop-hdfs/3.2.0/hadoop-hdfs-3.2.0.jar:/home/user/.m2/repository/org/apache/hadoop/hadoop-hdfs-client/3.2.0/hadoop-hdfs-client-3.2.0.jar:/home/user/.m2/repository/com/fasterxml/jackson/core/jackson-annotations/2.9.5/jackson-annotations-2.9.5.jar:/home/user/.m2/repository/org/apache/hadoop/hadoop-hdds-common/0.5.0-SNAPSHOT/hadoop-hdds-common-0.5.0-SNAPSHOT.jar:/home/user/.m2/repository/javax/annotation/javax.annotation-api/1.2/javax.annotation-api-1.2.jar:/home/user/.m2/repository/org/apache/ratis/ratis-server/0.4.0-78e95b9-SNAPSHOT/ratis-server-0.4.0-78e95b9-SNAPSHOT.jar:/home/user/.m2/repository/org/apache/ratis/ratis-thirdparty-misc/0.2.0/ratis-thirdparty-misc-0.2.0.jar:/home/user/.m2/repository/org/apache/ratis/ratis-proto/0.4.0-78e95b9-SNAPSHOT/ratis-proto-0.4.0-78e95b9-SNAPSHOT.jar:/home/user/.m2/repository/org/apache/ratis/ratis-common/0.4.0-78e95b9-SNAPSHOT/ratis-common-0.4.0-78e95b9-SNAPSHOT.jar:/home/user/.m2/repository/org/apache/ratis/ratis-client/0.4.0-78e95b9-SNAPSHOT/ratis-client-0.4.0-78e95b9-SNAPSHOT.jar:/home/user/.m2/repository/org/apache/ratis/ratis-metrics/0.4.0-78e95b9-SNAPSHOT/ratis-metrics-0.4.0-78e95b9-SNAPSHOT.jar:/home/user/.m2/repository/com/github/joshelser/dropwizard-metrics-hadoop-metrics2-reporter/0.1.2/dropwizard-metrics-hadoop-metrics2-reporter-0.1.2.jar:/home/user/.m2/repository/io/dropwizard/metrics/metrics-jvm/3.2.5/metrics-jvm-3.2.5.jar:/home/user/.m2/repository/io/dropwizard/metrics/metrics-ganglia/3.2.5/metrics-ganglia-3.2.5.jar:/home/user/.m2/repository/info/ganglia/gmetric4j/gmetric4j/1.0.7/gmetric4j-1.0.7.jar:/home/user/.m2/repository/org/apache/ratis/ratis-netty/0.4.0-78e95b9-SNAPSHOT/ratis-netty-0.4.0-78e95b9-SNAPSHOT.jar:/home/user/.m2/repository/org/apache/ratis/ratis-grpc/0.4.0-78e95b9-SNAPSHOT/ratis-grpc-0.4.0-78e95b9-SNAPSHOT.jar:/home/user/.m2/repository/org/rocksdb/rocksdbjni/6.0.1/rocksdbjni-6.0.1.jar:/home/user/.m2/repository/org/apache/logging/log4j/log4j-api/2.11.0/log4j-api-2.11.0.jar:/home/user/.m2/repository/org/apache/logging/log4j/log4j-core/2.11.0/log4j-core-2.11.0.jar:/home/user/.m2/repository/com/lmax/disruptor/3.4.2/disruptor-3.4.2.jar:/home/user/.m2/repository/org/apache/commons/commons-pool2/2.6.0/commons-pool2-2.6.0.jar:/home/user/.m2/repository/org/bouncycastle/bcpkix-jdk15on/1.60/bcpkix-jdk15on-1.60.jar:/home/user/.m2/repository/commons-validator/commons-validator/1.6/commons-validator-1.6.jar:/home/user/.m2/repository/commons-digester/commons-digester/1.8.1/commons-digester-1.8.1.jar:/home/user/.m2/repository/io/jaegertracing/jaeger-client/0.33.1/jaeger-client-0.33.1.jar:/home/user/.m2/repository/io/jaegertracing/jaeger-thrift/0.33.1/jaeger-thrift-0.33.1.jar:/home/user/.m2/repository/org/apache/thrift/libthrift/0.11.0/libthrift-0.11.0.jar:/home/user/.m2/repository/com/squareup/okhttp3/okhttp/3.9.0/okhttp-3.9.0.jar:/home/user/.m2/repository/com/squareup/okio/okio/1.13.0/okio-1.13.0.jar:/home/user/.m2/repository/io/jaegertracing/jaeger-core/0.33.1/jaeger-core-0.33.1.jar:/home/user/.m2/repository/io/jaegertracing/jaeger-tracerresolver/0.33.1/jaeger-tracerresolver-0.33.1.jar:/home/user/.m2/repository/io/opentracing/contrib/opentracing-tracerresolver/0.1.5/opentracing-tracerresolver-0.1.5.jar:/home/user/.m2/repository/io/opentracing/opentracing-util/0.31.0/opentracing-util-0.31.0.jar:/home/user/.m2/repository/io/opentracing/opentracing-api/0.31.0/opentracing-api-0.31.0.jar:/home/user/.m2/repository/io/opentracing/opentracing-noop/0.31.0/opentracing-noop-0.31.0.jar:/home/user/.m2/repository/org/apache/hadoop/hadoop-hdds-server-framework/0.5.0-SNAPSHOT/hadoop-hdds-server-framework-0.5.0-SNAPSHOT.jar:/home/user/.m2/repository/org/apache/hadoop/hadoop-hdds-container-service/0.5.0-SNAPSHOT/hadoop-hdds-container-service-0.5.0-SNAPSHOT.jar:/home/user/.m2/repository/org/apache/hadoop/hadoop-hdds-client/0.5.0-SNAPSHOT/hadoop-hdds-client-0.5.0-SNAPSHOT.jar:/home/user/.m2/repository/org/apache/hadoop/hadoop-hdds-tools/0.5.0-SNAPSHOT/hadoop-hdds-tools-0.5.0-SNAPSHOT.jar:/home/user/.m2/repository/org/apache/hadoop/hadoop-hdds-server-scm/0.5.0-SNAPSHOT/hadoop-hdds-server-scm-0.5.0-SNAPSHOT.jar:/home/user/.m2/repository/org/apache/hadoop/hadoop-hdds-docs/0.5.0-SNAPSHOT/hadoop-hdds-docs-0.5.0-SNAPSHOT.jar:/home/user/.m2/repository/io/dropwizard/metrics/metrics-core/3.2.4/metrics-core-3.2.4.jar:/home/user/.m2/repository/org/hamcrest/hamcrest-all/1.3/hamcrest-all-1.3.jar:/home/user/.m2/repository/org/bouncycastle/bcprov-jdk15on/1.60/bcprov-jdk15on-1.60.jar:/home/user/.m2/repository/info/picocli/picocli/3.9.6/picocli-3.9.6.jar:/home/user/.m2/repository/com/google/protobuf/protobuf-java/2.5.0/protobuf-java-2.5.0.jar:/home/user/.m2/repository/com/google/guava/guava/11.0.2/guava-11.0.2.jar:/home/user/.m2/repository/org/apache/hadoop/hadoop-ozone-ozone-manager/0.5.0-SNAPSHOT/hadoop-ozone-ozone-manager-0.5.0-SNAPSHOT.jar:/home/user/.m2/repository/org/apache/hadoop/hadoop-minikdc/3.2.0/hadoop-minikdc-3.2.0.jar:/home/user/.m2/repository/commons-io/commons-io/2.5/commons-io-2.5.jar:/home/user/.m2/repository/org/apache/kerby/kerb-simplekdc/1.0.1/kerb-simplekdc-1.0.1.jar:/home/user/.m2/repository/org/apache/kerby/kerb-client/1.0.1/kerb-client-1.0.1.jar:/home/user/.m2/repository/org/apache/kerby/kerby-config/1.0.1/kerby-config-1.0.1.jar:/home/user/.m2/repository/org/apache/kerby/kerb-core/1.0.1/kerb-core-1.0.1.jar:/home/user/.m2/repository/org/apache/kerby/kerby-pkix/1.0.1/kerby-pkix-1.0.1.jar:/home/user/.m2/repository/org/apache/kerby/kerby-asn1/1.0.1/kerby-asn1-1.0.1.jar:/home/user/.m2/repository/org/apache/kerby/kerby-util/1.0.1/kerby-util-1.0.1.jar:/home/user/.m2/repository/org/apache/kerby/kerb-common/1.0.1/kerb-common-1.0.1.jar:/home/user/.m2/repository/org/apache/kerby/kerb-crypto/1.0.1/kerb-crypto-1.0.1.jar:/home/user/.m2/repository/org/apache/kerby/kerb-util/1.0.1/kerb-util-1.0.1.jar:/home/user/.m2/repository/org/apache/kerby/token-provider/1.0.1/token-provider-1.0.1.jar:/home/user/.m2/repository/org/apache/kerby/kerb-admin/1.0.1/kerb-admin-1.0.1.jar:/home/user/.m2/repository/org/apache/kerby/kerb-server/1.0.1/kerb-server-1.0.1.jar:/home/user/.m2/repository/org/apache/kerby/kerb-identity/1.0.1/kerb-identity-1.0.1.jar:/home/user/.m2/repository/org/apache/kerby/kerby-xdr/1.0.1/kerby-xdr-1.0.1.jar:/home/user/.m2/repository/org/slf4j/slf4j-log4j12/1.7.25/slf4j-log4j12-1.7.25.jar:/home/user/.m2/repository/org/apache/hadoop/hadoop-ozone-s3gateway/0.5.0-SNAPSHOT/hadoop-ozone-s3gateway-0.5.0-SNAPSHOT.jar:/home/user/.m2/repository/org/jboss/weld/servlet/weld-servlet/2.4.7.Final/weld-servlet-2.4.7.Final.jar:/home/user/.m2/repository/org/glassfish/jersey/containers/jersey-container-servlet-core/2.27/jersey-container-servlet-core-2.27.jar:/home/user/.m2/repository/org/glassfish/hk2/external/javax.inject/2.5.0-b42/javax.inject-2.5.0-b42.jar:/home/user/.m2/repository/org/glassfish/jersey/core/jersey-common/2.27/jersey-common-2.27.jar:/home/user/.m2/repository/org/glassfish/hk2/osgi-resource-locator/1.0.1/osgi-resource-locator-1.0.1.jar:/home/user/.m2/repository/javax/ws/rs/javax.ws.rs-api/2.1/javax.ws.rs-api-2.1.jar:/home/user/.m2/repository/org/glassfish/jersey/ext/cdi/jersey-cdi1x/2.27/jersey-cdi1x-2.27.jar:/home/user/.m2/repository/org/glassfish/jersey/inject/jersey-hk2/2.27/jersey-hk2-2.27.jar:/home/user/.m2/repository/org/glassfish/hk2/hk2-locator/2.5.0-b42/hk2-locator-2.5.0-b42.jar:/home/user/.m2/repository/org/javassist/javassist/3.22.0-CR2/javassist-3.22.0-CR2.jar:/home/user/.m2/repository/org/glassfish/hk2/hk2-api/2.5.0/hk2-api-2.5.0.jar:/home/user/.m2/repository/org/glassfish/hk2/external/jakarta.inject/2.5.0/jakarta.inject-2.5.0.jar:/home/user/.m2/repository/org/glassfish/hk2/hk2-utils/2.5.0/hk2-utils-2.5.0.jar:/home/user/.m2/repository/jakarta/annotation/jakarta.annotation-api/1.3.4/jakarta.annotation-api-1.3.4.jar:/home/user/.m2/repository/org/glassfish/hk2/external/aopalliance-repackaged/2.5.0/aopalliance-repackaged-2.5.0.jar:/home/user/.m2/repository/com/fasterxml/jackson/dataformat/jackson-dataformat-xml/2.9.0/jackson-dataformat-xml-2.9.0.jar:/home/user/.m2/repository/com/fasterxml/jackson/core/jackson-core/2.9.5/jackson-core-2.9.5.jar:/home/user/.m2/repository/com/fasterxml/jackson/module/jackson-module-jaxb-annotations/2.9.5/jackson-module-jaxb-annotations-2.9.5.jar:/home/user/.m2/repository/javax/enterprise/cdi-api/1.2/cdi-api-1.2.jar:/home/user/.m2/repository/javax/el/javax.el-api/3.0.0/javax.el-api-3.0.0.jar:/home/user/.m2/repository/javax/interceptor/javax.interceptor-api/1.2/javax.interceptor-api-1.2.jar:/home/user/.m2/repository/javax/inject/javax.inject/1/javax.inject-1.jar:/home/user/.m2/repository/com/sun/xml/bind/jaxb-impl/2.3.0.1/jaxb-impl-2.3.0.1.jar:/home/user/.m2/repository/com/sun/xml/bind/jaxb-core/2.3.0.1/jaxb-core-2.3.0.1.jar:/home/user/.m2/repository/javax/xml/bind/jaxb-api/2.3.0/jaxb-api-2.3.0.jar:/home/user/.m2/repository/javax/activation/activation/1.1.1/activation-1.1.1.jar:/home/user/.m2/repository/org/apache/hadoop/hadoop-ozone-csi/0.5.0-SNAPSHOT/hadoop-ozone-csi-0.5.0-SNAPSHOT.jar:/home/user/.m2/repository/com/google/protobuf/protobuf-java-util/3.5.1/protobuf-java-util-3.5.1.jar:/home/user/.m2/repository/org/apache/hadoop/hadoop-hdds-config/0.5.0-SNAPSHOT/hadoop-hdds-config-0.5.0-SNAPSHOT.jar:/home/user/.m2/repository/io/grpc/grpc-netty/1.17.1/grpc-netty-1.17.1.jar:/home/user/.m2/repository/io/grpc/grpc-core/1.17.1/grpc-core-1.17.1.jar:/home/user/.m2/repository/io/grpc/grpc-context/1.17.1/grpc-context-1.17.1.jar:/home/user/.m2/repository/com/google/errorprone/error_prone_annotations/2.2.0/error_prone_annotations-2.2.0.jar:/home/user/.m2/repository/org/codehaus/mojo/animal-sniffer-annotations/1.17/animal-sniffer-annotations-1.17.jar:/home/user/.m2/repository/io/opencensus/opencensus-api/0.17.0/opencensus-api-0.17.0.jar:/home/user/.m2/repository/io/opencensus/opencensus-contrib-grpc-metrics/0.17.0/opencensus-contrib-grpc-metrics-0.17.0.jar:/home/user/.m2/repository/io/netty/netty-codec-http2/4.1.30.Final/netty-codec-http2-4.1.30.Final.jar:/home/user/.m2/repository/io/netty/netty-codec-http/4.1.30.Final/netty-codec-http-4.1.30.Final.jar:/home/user/.m2/repository/io/netty/netty-codec/4.1.30.Final/netty-codec-4.1.30.Final.jar:/home/user/.m2/repository/io/netty/netty-handler/4.1.30.Final/netty-handler-4.1.30.Final.jar:/home/user/.m2/repository/io/netty/netty-handler-proxy/4.1.30.Final/netty-handler-proxy-4.1.30.Final.jar:/home/user/.m2/repository/io/netty/netty-codec-socks/4.1.30.Final/netty-codec-socks-4.1.30.Final.jar:/home/user/.m2/repository/io/netty/netty-transport-native-epoll/4.1.30.Final/netty-transport-native-epoll-4.1.30.Final.jar:/home/user/.m2/repository/io/netty/netty-common/4.1.30.Final/netty-common-4.1.30.Final.jar:/home/user/.m2/repository/io/netty/netty-buffer/4.1.30.Final/netty-buffer-4.1.30.Final.jar:/home/user/.m2/repository/io/netty/netty-transport/4.1.30.Final/netty-transport-4.1.30.Final.jar:/home/user/.m2/repository/io/netty/netty-resolver/4.1.30.Final/netty-resolver-4.1.30.Final.jar:/home/user/.m2/repository/io/netty/netty-transport-native-unix-common/4.1.30.Final/netty-transport-native-unix-common-4.1.30.Final.jar:/home/user/.m2/repository/io/grpc/grpc-protobuf/1.17.1/grpc-protobuf-1.17.1.jar:/home/user/.m2/repository/com/google/api/grpc/proto-google-common-protos/1.0.0/proto-google-common-protos-1.0.0.jar:/home/user/.m2/repository/io/grpc/grpc-protobuf-lite/1.17.1/grpc-protobuf-lite-1.17.1.jar:/home/user/.m2/repository/io/grpc/grpc-stub/1.17.1/grpc-stub-1.17.1.jar:/home/user/.m2/repository/org/apache/hadoop/hadoop-ozone-recon/0.5.0-SNAPSHOT/hadoop-ozone-recon-0.5.0-SNAPSHOT.jar:/home/user/.m2/repository/org/apache/hadoop/hadoop-ozone-reconcodegen/0.5.0-SNAPSHOT/hadoop-ozone-reconcodegen-0.5.0-SNAPSHOT.jar:/home/user/.m2/repository/com/google/inject/extensions/guice-multibindings/4.0/guice-multibindings-4.0.jar:/home/user/.m2/repository/com/google/inject/guice/4.0/guice-4.0.jar:/home/user/.m2/repository/aopalliance/aopalliance/1.0/aopalliance-1.0.jar:/home/user/.m2/repository/com/google/inject/extensions/guice-servlet/4.0/guice-servlet-4.0.jar:/home/user/.m2/repository/org/glassfish/jersey/containers/jersey-container-servlet/2.27/jersey-container-servlet-2.27.jar:/home/user/.m2/repository/org/glassfish/hk2/guice-bridge/2.5.0/guice-bridge-2.5.0.jar:/home/user/.m2/repository/org/glassfish/jersey/core/jersey-server/2.27/jersey-server-2.27.jar:/home/user/.m2/repository/org/glassfish/jersey/core/jersey-client/2.27/jersey-client-2.27.jar:/home/user/.m2/repository/org/glassfish/jersey/media/jersey-media-jaxb/2.27/jersey-media-jaxb-2.27.jar:/home/user/.m2/repository/javax/validation/validation-api/1.1.0.Final/validation-api-1.1.0.Final.jar:/home/user/.m2/repository/org/glassfish/jersey/media/jersey-media-json-jackson/2.27/jersey-media-json-jackson-2.27.jar:/home/user/.m2/repository/org/glassfish/jersey/ext/jersey-entity-filtering/2.27/jersey-entity-filtering-2.27.jar:/home/user/.m2/repository/com/google/inject/extensions/guice-assistedinject/4.0/guice-assistedinject-4.0.jar:/home/user/.m2/repository/org/jooq/jooq/3.11.10/jooq-3.11.10.jar:/home/user/.m2/repository/org/jooq/jooq-meta/3.11.10/jooq-meta-3.11.10.jar:/home/user/.m2/repository/org/jooq/jooq-codegen/3.11.10/jooq-codegen-3.11.10.jar:/home/user/.m2/repository/com/jolbox/bonecp/0.8.0.RELEASE/bonecp-0.8.0.RELEASE.jar:/home/user/.m2/repository/org/xerial/sqlite-jdbc/3.25.2/sqlite-jdbc-3.25.2.jar:/home/user/.m2/repository/org/springframework/spring-jdbc/5.1.3.RELEASE/spring-jdbc-5.1.3.RELEASE.jar:/home/user/.m2/repository/org/springframework/spring-beans/5.1.3.RELEASE/spring-beans-5.1.3.RELEASE.jar:/home/user/.m2/repository/org/springframework/spring-core/5.1.3.RELEASE/spring-core-5.1.3.RELEASE.jar:/home/user/.m2/repository/org/springframework/spring-jcl/5.1.3.RELEASE/spring-jcl-5.1.3.RELEASE.jar:/home/user/.m2/repository/org/springframework/spring-tx/5.1.3.RELEASE/spring-tx-5.1.3.RELEASE.jar:/home/user/.m2/repository/org/apache/hadoop/hadoop-ozone-client/0.5.0-SNAPSHOT/hadoop-ozone-client-0.5.0-SNAPSHOT.jar:/home/user/.m2/repository/commons-lang/commons-lang/2.6/commons-lang-2.6.jar:/home/user/.m2/repository/org/apache/hadoop/hadoop-ozone-ozone-manager/0.5.0-SNAPSHOT/hadoop-ozone-ozone-manager-0.5.0-SNAPSHOT-tests.jar:/home/user/.m2/repository/junit/junit/4.11/junit-4.11.jar:/home/user/.m2/repository/org/hamcrest/hamcrest-core/1.3/hamcrest-core-1.3.jar:/home/user/.m2/repository/org/openjdk/jmh/jmh-core/1.19/jmh-core-1.19.jar:/home/user/.m2/repository/net/sf/jopt-simple/jopt-simple/4.6/jopt-simple-4.6.jar:/home/user/.m2/repository/org/apache/commons/commons-math3/3.1.1/commons-math3-3.1.1.jar:/home/user/.m2/repository/org/openjdk/jmh/jmh-generator-annprocess/1.19/jmh-generator-annprocess-1.19.jar:/home/user/.m2/repository/org/mockito/mockito-all/1.8.5/mockito-all-1.8.5.jar:/home/user/.m2/repository/org/apache/hadoop/hadoop-kms/3.2.0/hadoop-kms-3.2.0.jar:/home/user/.m2/repository/org/apache/hadoop/hadoop-auth/3.2.0/hadoop-auth-3.2.0.jar:/home/user/.m2/repository/com/nimbusds/nimbus-jose-jwt/4.41.1/nimbus-jose-jwt-4.41.1.jar:/home/user/.m2/repository/com/github/stephenc/jcip/jcip-annotations/1.0-1/jcip-annotations-1.0-1.jar:/home/user/.m2/repository/net/minidev/json-smart/2.3/json-smart-2.3.jar:/home/user/.m2/repository/net/minidev/accessors-smart/1.2/accessors-smart-1.2.jar:/home/user/.m2/repository/org/ow2/asm/asm/5.0.4/asm-5.0.4.jar:/home/user/.m2/repository/org/apache/curator/curator-framework/2.12.0/curator-framework-2.12.0.jar:/home/user/.m2/repository/com/sun/jersey/jersey-core/1.19/jersey-core-1.19.jar:/home/user/.m2/repository/javax/ws/rs/jsr311-api/1.1.1/jsr311-api-1.1.1.jar:/home/user/.m2/repository/com/sun/jersey/jersey-server/1.19/jersey-server-1.19.jar:/home/user/.m2/repository/javax/servlet/javax.servlet-api/3.1.0/javax.servlet-api-3.1.0.jar:/home/user/.m2/repository/org/eclipse/jetty/jetty-server/9.3.24.v20180605/jetty-server-9.3.24.v20180605.jar:/home/user/.m2/repository/org/eclipse/jetty/jetty-http/9.3.24.v20180605/jetty-http-9.3.24.v20180605.jar:/home/user/.m2/repository/org/eclipse/jetty/jetty-io/9.3.24.v20180605/jetty-io-9.3.24.v20180605.jar:/home/user/.m2/repository/org/eclipse/jetty/jetty-webapp/9.3.24.v20180605/jetty-webapp-9.3.24.v20180605.jar:/home/user/.m2/repository/org/eclipse/jetty/jetty-xml/9.3.24.v20180605/jetty-xml-9.3.24.v20180605.jar:/home/user/.m2/repository/log4j/log4j/1.2.17/log4j-1.2.17.jar:/home/user/.m2/repository/org/slf4j/slf4j-api/1.7.25/slf4j-api-1.7.25.jar:/home/user/.m2/repository/org/slf4j/jul-to-slf4j/1.7.25/jul-to-slf4j-1.7.25.jar:/home/user/.m2/repository/org/eclipse/jetty/jetty-util/9.3.24.v20180605/jetty-util-9.3.24.v20180605.jar:/home/user/.m2/repository/com/fasterxml/jackson/core/jackson-databind/2.9.5/jackson-databind-2.9.5.jar:/home/user/.m2/repository/org/apache/hadoop/hadoop-kms/3.2.0/hadoop-kms-3.2.0-tests.jar:/home/user/.m2/repository/org/apache/hadoop/hadoop-hdds-server-scm/0.5.0-SNAPSHOT/hadoop-hdds-server-scm-0.5.0-SNAPSHOT-tests.jar:/home/user/.m2/repository/org/apache/hadoop/hadoop-hdds-container-service/0.5.0-SNAPSHOT/hadoop-hdds-container-service-0.5.0-SNAPSHOT-tests.jar:/home/user/.m2/repository/org/yaml/snakeyaml/1.16/snakeyaml-1.16.jar:/home/user/.m2/repository/org/apache/hadoop/hadoop-common/3.2.0/hadoop-common-3.2.0-tests.jar:/home/user/.m2/repository/org/apache/hadoop/hadoop-annotations/3.2.0/hadoop-annotations-3.2.0.jar:/usr/lib/jvm/java-1.8-openjdk/jre/../lib/tools.jar:/home/user/.m2/repository/commons-cli/commons-cli/1.2/commons-cli-1.2.jar:/home/user/.m2/repository/org/apache/httpcomponents/httpclient/4.5.2/httpclient-4.5.2.jar:/home/user/.m2/repository/org/apache/httpcomponents/httpcore/4.4.4/httpcore-4.4.4.jar:/home/user/.m2/repository/commons-codec/commons-codec/1.11/commons-codec-1.11.jar:/home/user/.m2/repository/commons-net/commons-net/3.6/commons-net-3.6.jar:/home/user/.m2/repository/commons-collections/commons-collections/3.2.2/commons-collections-3.2.2.jar:/home/user/.m2/repository/org/eclipse/jetty/jetty-servlet/9.3.24.v20180605/jetty-servlet-9.3.24.v20180605.jar:/home/user/.m2/repository/org/eclipse/jetty/jetty-security/9.3.24.v20180605/jetty-security-9.3.24.v20180605.jar:/home/user/.m2/repository/javax/servlet/jsp/jsp-api/2.1/jsp-api-2.1.jar:/home/user/.m2/repository/com/sun/jersey/jersey-servlet/1.19/jersey-servlet-1.19.jar:/home/user/.m2/repository/com/sun/jersey/jersey-json/1.19/jersey-json-1.19.jar:/home/user/.m2/repository/org/codehaus/jettison/jettison/1.1/jettison-1.1.jar:/home/user/.m2/repository/org/codehaus/jackson/jackson-core-asl/1.9.13/jackson-core-asl-1.9.13.jar:/home/user/.m2/repository/org/codehaus/jackson/jackson-mapper-asl/1.9.13/jackson-mapper-asl-1.9.13.jar:/home/user/.m2/repository/org/codehaus/jackson/jackson-jaxrs/1.9.13/jackson-jaxrs-1.9.13.jar:/home/user/.m2/repository/org/codehaus/jackson/jackson-xc/1.9.13/jackson-xc-1.9.13.jar:/home/user/.m2/repository/commons-logging/commons-logging/1.1.3/commons-logging-1.1.3.jar:/home/user/.m2/repository/commons-beanutils/commons-beanutils/1.9.3/commons-beanutils-1.9.3.jar:/home/user/.m2/repository/org/apache/commons/commons-configuration2/2.1.1/commons-configuration2-2.1.1.jar:/home/user/.m2/repository/org/apache/commons/commons-lang3/3.7/commons-lang3-3.7.jar:/home/user/.m2/repository/org/apache/commons/commons-text/1.4/commons-text-1.4.jar:/home/user/.m2/repository/org/apache/avro/avro/1.7.7/avro-1.7.7.jar:/home/user/.m2/repository/com/thoughtworks/paranamer/paranamer/2.3/paranamer-2.3.jar:/home/user/.m2/repository/org/xerial/snappy/snappy-java/1.0.5/snappy-java-1.0.5.jar:/home/user/.m2/repository/com/google/re2j/re2j/1.1/re2j-1.1.jar:/home/user/.m2/repository/com/google/code/gson/gson/2.2.4/gson-2.2.4.jar:/home/user/.m2/repository/com/jcraft/jsch/0.1.54/jsch-0.1.54.jar:/home/user/.m2/repository/org/apache/curator/curator-client/2.12.0/curator-client-2.12.0.jar:/home/user/.m2/repository/org/apache/curator/curator-recipes/2.12.0/curator-recipes-2.12.0.jar:/home/user/.m2/repository/com/google/code/findbugs/jsr305/3.0.0/jsr305-3.0.0.jar:/home/user/.m2/repository/org/apache/htrace/htrace-core4/4.1.0-incubating/htrace-core4-4.1.0-incubating.jar:/home/user/.m2/repository/org/apache/zookeeper/zookeeper/3.4.13/zookeeper-3.4.13.jar:/home/user/.m2/repository/org/apache/yetus/audience-annotations/0.5.0/audience-annotations-0.5.0.jar:/home/user/.m2/repository/org/codehaus/woodstox/stax2-api/3.1.4/stax2-api-3.1.4.jar:/home/user/.m2/repository/com/fasterxml/woodstox/woodstox-core/5.0.3/woodstox-core-5.0.3.jar:/home/user/.m2/repository/dnsjava/dnsjava/2.1.7/dnsjava-2.1.7.jar:/home/user/.m2/repository/org/apache/hadoop/hadoop-hdfs/3.2.0/hadoop-hdfs-3.2.0-tests.jar:/home/user/.m2/repository/org/eclipse/jetty/jetty-util-ajax/9.3.24.v20180605/jetty-util-ajax-9.3.24.v20180605.jar:/home/user/.m2/repository/commons-daemon/commons-daemon/1.0.13/commons-daemon-1.0.13.jar:/home/user/.m2/repository/io/netty/netty/3.10.5.Final/netty-3.10.5.Final.jar:/home/user/.m2/repository/io/netty/netty-all/4.0.52.Final/netty-all-4.0.52.Final.jar:/home/user/.m2/repository/org/fusesource/leveldbjni/leveldbjni-all/1.8/leveldbjni-all-1.8.jar:"/>
    <property name="sun.cpu.endian" value="little"/>
    <property name="user.home" value="/home/user"/>
    <property name="user.language" value="en"/>
    <property name="java.specification.vendor" value="Oracle Corporation"/>
    <property name="java.home" value="/usr/lib/jvm/java-1.8-openjdk/jre"/>
    <property name="java.security.krb5.conf" value="/tmp/workdir/hadoop-ozone/integration-test/target/test-classes/krb5.conf"/>
    <property name="basedir" value="/tmp/workdir/hadoop-ozone/integration-test"/>
    <property name="file.separator" value="/"/>
    <property name="line.separator" value="&#10;"/>
    <property name="java.vm.specification.vendor" value="Oracle Corporation"/>
    <property name="java.specification.name" value="Java Platform API Specification"/>
    <property name="java.awt.graphicsenv" value="sun.awt.X11GraphicsEnvironment"/>
    <property name="surefire.real.class.path" value="/tmp/workdir/hadoop-ozone/integration-test/target/surefire/surefirebooter9045042376737534487.jar"/>
    <property name="hadoop.log.dir" value="/tmp/workdir/hadoop-ozone/integration-test/target/log"/>
    <property name="sun.boot.class.path" value="/usr/lib/jvm/java-1.8-openjdk/jre/lib/resources.jar:/usr/lib/jvm/java-1.8-openjdk/jre/lib/rt.jar:/usr/lib/jvm/java-1.8-openjdk/jre/lib/sunrsasign.jar:/usr/lib/jvm/java-1.8-openjdk/jre/lib/jsse.jar:/usr/lib/jvm/java-1.8-openjdk/jre/lib/jce.jar:/usr/lib/jvm/java-1.8-openjdk/jre/lib/charsets.jar:/usr/lib/jvm/java-1.8-openjdk/jre/lib/jfr.jar:/usr/lib/jvm/java-1.8-openjdk/jre/classes"/>
    <property name="sun.management.compiler" value="HotSpot 64-Bit Tiered Compilers"/>
    <property name="java.runtime.version" value="1.8.0_212-b04"/>
    <property name="java.net.preferIPv4Stack" value="true"/>
    <property name="user.name" value="jenkins1000"/>
    <property name="path.separator" value=":"/>
    <property name="java.security.egd" value="file:///dev/urandom"/>
    <property name="os.version" value="3.10.0-957.12.2.el7.x86_64"/>
    <property name="java.endorsed.dirs" value="/usr/lib/jvm/java-1.8-openjdk/jre/lib/endorsed"/>
    <property name="java.runtime.name" value="OpenJDK Runtime Environment"/>
    <property name="file.encoding" value="UTF-8"/>
    <property name="java.vm.name" value="OpenJDK 64-Bit Server VM"/>
    <property name="test.build.webapps" value=""/>
    <property name="localRepository" value="/home/user/.m2/repository"/>
    <property name="java.vendor.url.bug" value="https://icedtea.classpath.org/bugzilla"/>
    <property name="java.io.tmpdir" value="/tmp"/>
    <property name="require.test.libhadoop" value=""/>
    <property name="java.version" value="1.8.0_212"/>
    <property name="user.dir" value="/tmp/workdir/hadoop-ozone/integration-test"/>
    <property name="os.arch" value="amd64"/>
    <property name="java.vm.specification.name" value="Java Virtual Machine Specification"/>
    <property name="test.build.classes" value="/tmp/workdir/hadoop-ozone/integration-test/target/test-classes"/>
    <property name="java.awt.printerjob" value="sun.print.PSPrinterJob"/>
    <property name="sun.os.patch.level" value="unknown"/>
    <property name="hadoop.tmp.dir" value="/tmp/workdir/hadoop-ozone/integration-test/target/tmp"/>
    <property name="java.library.path" value="/usr/lib/jvm/java-1.8-openjdk/jre/lib/amd64/server:/usr/lib/jvm/java-1.8-openjdk/jre/lib/amd64:/usr/lib/jvm/java-1.8-openjdk/jre/../lib/amd64:/tmp/workdir/hadoop-ozone/integration-test/target/native/target/usr/local/lib:/tmp/workdir/hadoop-ozone/integration-test/../../hadoop-common-project/hadoop-common/target/native/target/usr/local/lib:/usr/java/packages/lib/amd64:/usr/lib64:/lib64:/lib:/usr/lib"/>
    <property name="java.vm.info" value="mixed mode"/>
    <property name="java.vendor" value="IcedTea"/>
    <property name="java.vm.version" value="25.212-b04"/>
    <property name="java.ext.dirs" value="/usr/lib/jvm/java-1.8-openjdk/jre/lib/ext:/usr/java/packages/lib/ext"/>
    <property name="sun.io.unicode.encoding" value="UnicodeLittle"/>
    <property name="java.class.version" value="52.0"/>
  </properties>
  <testcase name="testFlushChunk" classname="org.apache.hadoop.ozone.client.rpc.TestBlockOutputStream" time="5.317"/>
  <testcase name="testMultiChunkWrite2" classname="org.apache.hadoop.ozone.client.rpc.TestBlockOutputStream" time="5.499"/>
  <testcase name="testMultiChunkWrite" classname="org.apache.hadoop.ozone.client.rpc.TestBlockOutputStream" time="0.341"/>
  <testcase name="testFullBufferCondition" classname="org.apache.hadoop.ozone.client.rpc.TestBlockOutputStream" time="193.968">
    <failure type="java.lang.AssertionError">java.lang.AssertionError
	at org.junit.Assert.fail(Assert.java:86)
	at org.junit.Assert.assertTrue(Assert.java:41)
	at org.junit.Assert.assertTrue(Assert.java:52)
	at org.apache.hadoop.ozone.client.rpc.TestBlockOutputStream.testFullBufferCondition(TestBlockOutputStream.java:515)
	at sun.reflect.NativeMethodAccessorImpl.invoke0(Native Method)
	at sun.reflect.NativeMethodAccessorImpl.invoke(NativeMethodAccessorImpl.java:62)
	at sun.reflect.DelegatingMethodAccessorImpl.invoke(DelegatingMethodAccessorImpl.java:43)
	at java.lang.reflect.Method.invoke(Method.java:498)
	at org.junit.runners.model.FrameworkMethod$1.runReflectiveCall(FrameworkMethod.java:47)
	at org.junit.internal.runners.model.ReflectiveCallable.run(ReflectiveCallable.java:12)
	at org.junit.runners.model.FrameworkMethod.invokeExplosively(FrameworkMethod.java:44)
	at org.junit.internal.runners.statements.InvokeMethod.evaluate(InvokeMethod.java:17)
	at org.junit.runners.ParentRunner.runLeaf(ParentRunner.java:271)
	at org.junit.runners.BlockJUnit4ClassRunner.runChild(BlockJUnit4ClassRunner.java:70)
	at org.junit.runners.BlockJUnit4ClassRunner.runChild(BlockJUnit4ClassRunner.java:50)
	at org.junit.runners.ParentRunner$3.run(ParentRunner.java:238)
	at org.junit.runners.ParentRunner$1.schedule(ParentRunner.java:63)
	at org.junit.runners.ParentRunner.runChildren(ParentRunner.java:236)
	at org.junit.runners.ParentRunner.access$000(ParentRunner.java:53)
	at org.junit.runners.ParentRunner$2.evaluate(ParentRunner.java:229)
	at org.junit.internal.runners.statements.RunBefores.evaluate(RunBefores.java:26)
	at org.junit.internal.runners.statements.RunAfters.evaluate(RunAfters.java:27)
	at org.junit.runners.ParentRunner.run(ParentRunner.java:309)
	at org.apache.maven.surefire.junit4.JUnit4Provider.execute(JUnit4Provider.java:365)
	at org.apache.maven.surefire.junit4.JUnit4Provider.executeWithRerun(JUnit4Provider.java:273)
	at org.apache.maven.surefire.junit4.JUnit4Provider.executeTestSet(JUnit4Provider.java:238)
	at org.apache.maven.surefire.junit4.JUnit4Provider.invoke(JUnit4Provider.java:159)
	at org.apache.maven.surefire.booter.ForkedBooter.invokeProviderInSameClassLoader(ForkedBooter.java:384)
	at org.apache.maven.surefire.booter.ForkedBooter.runSuitesInProcess(ForkedBooter.java:345)
	at org.apache.maven.surefire.booter.ForkedBooter.execute(ForkedBooter.java:126)
	at org.apache.maven.surefire.booter.ForkedBooter.main(ForkedBooter.java:418)
</failure>
    <system-out><![CDATA[2019-09-17 11:34:01,845 [java.util.concurrent.ThreadPoolExecutor$Worker@7acd5285[State = -1, empty queue]] WARN  server.GrpcLogAppender (GrpcLogAppender.java:timeoutAppendRequest(200)) - 7aa83ab1-477a-4917-a557-8c7bdb1dca7a@group-4817D3A8AAC5->6ce6840f-3bb0-4d7d-8406-ba4a40805123-GrpcLogAppender: appendEntries Timeout, request=7aa83ab1-477a-4917-a557-8c7bdb1dca7a->6ce6840f-3bb0-4d7d-8406-ba4a40805123#16-t1, previous=(t:1, i:12), leaderCommit=12, initializing? false, entries: size=1, first=(t:1, i:13), STATEMACHINELOGENTRY, client-6D2DBBDC0506, cid=24
2019-09-17 11:34:01,845 [java.util.concurrent.ThreadPoolExecutor$Worker@f9cdb08[State = -1, empty queue]] WARN  server.GrpcLogAppender (GrpcLogAppender.java:timeoutAppendRequest(200)) - 7aa83ab1-477a-4917-a557-8c7bdb1dca7a@group-4817D3A8AAC5->285d9e5f-8853-4762-b181-afacccda6eae-GrpcLogAppender: appendEntries Timeout, request=7aa83ab1-477a-4917-a557-8c7bdb1dca7a->285d9e5f-8853-4762-b181-afacccda6eae#16-t1, previous=(t:1, i:12), leaderCommit=12, initializing? false, entries: size=1, first=(t:1, i:13), STATEMACHINELOGENTRY, client-6D2DBBDC0506, cid=24
2019-09-17 11:34:01,857 [java.util.concurrent.ThreadPoolExecutor$Worker@7acd5285[State = -1, empty queue]] WARN  server.GrpcLogAppender (GrpcLogAppender.java:timeoutAppendRequest(200)) - 7aa83ab1-477a-4917-a557-8c7bdb1dca7a@group-4817D3A8AAC5->6ce6840f-3bb0-4d7d-8406-ba4a40805123-GrpcLogAppender: appendEntries Timeout, request=7aa83ab1-477a-4917-a557-8c7bdb1dca7a->6ce6840f-3bb0-4d7d-8406-ba4a40805123#17-t1, previous=(t:1, i:13), leaderCommit=12, initializing? false, entries: size=1, first=(t:1, i:14), STATEMACHINELOGENTRY, client-6D2DBBDC0506, cid=25
2019-09-17 11:34:01,860 [java.util.concurrent.ThreadPoolExecutor$Worker@f9cdb08[State = -1, empty queue]] WARN  server.GrpcLogAppender (GrpcLogAppender.java:timeoutAppendRequest(200)) - 7aa83ab1-477a-4917-a557-8c7bdb1dca7a@group-4817D3A8AAC5->285d9e5f-8853-4762-b181-afacccda6eae-GrpcLogAppender: appendEntries Timeout, request=7aa83ab1-477a-4917-a557-8c7bdb1dca7a->285d9e5f-8853-4762-b181-afacccda6eae#17-t1, previous=(t:1, i:13), leaderCommit=12, initializing? false, entries: size=1, first=(t:1, i:14), STATEMACHINELOGENTRY, client-6D2DBBDC0506, cid=25
2019-09-17 11:34:01,860 [java.util.concurrent.ThreadPoolExecutor$Worker@7acd5285[State = -1, empty queue]] WARN  server.GrpcLogAppender (GrpcLogAppender.java:timeoutAppendRequest(200)) - 7aa83ab1-477a-4917-a557-8c7bdb1dca7a@group-4817D3A8AAC5->6ce6840f-3bb0-4d7d-8406-ba4a40805123-GrpcLogAppender: appendEntries Timeout, request=7aa83ab1-477a-4917-a557-8c7bdb1dca7a->6ce6840f-3bb0-4d7d-8406-ba4a40805123#18-t1, previous=(t:1, i:14), leaderCommit=12, initializing? false, entries: size=1, first=(t:1, i:15), STATEMACHINELOGENTRY, client-6D2DBBDC0506, cid=26
2019-09-17 11:34:01,864 [java.util.concurrent.ThreadPoolExecutor$Worker@f9cdb08[State = -1, empty queue]] WARN  server.GrpcLogAppender (GrpcLogAppender.java:timeoutAppendRequest(200)) - 7aa83ab1-477a-4917-a557-8c7bdb1dca7a@group-4817D3A8AAC5->285d9e5f-8853-4762-b181-afacccda6eae-GrpcLogAppender: appendEntries Timeout, request=7aa83ab1-477a-4917-a557-8c7bdb1dca7a->285d9e5f-8853-4762-b181-afacccda6eae#18-t1, previous=(t:1, i:14), leaderCommit=12, initializing? false, entries: size=1, first=(t:1, i:15), STATEMACHINELOGENTRY, client-6D2DBBDC0506, cid=26
2019-09-17 11:34:01,866 [java.util.concurrent.ThreadPoolExecutor$Worker@7acd5285[State = -1, empty queue]] WARN  server.GrpcLogAppender (GrpcLogAppender.java:timeoutAppendRequest(200)) - 7aa83ab1-477a-4917-a557-8c7bdb1dca7a@group-4817D3A8AAC5->6ce6840f-3bb0-4d7d-8406-ba4a40805123-GrpcLogAppender: appendEntries Timeout, request=7aa83ab1-477a-4917-a557-8c7bdb1dca7a->6ce6840f-3bb0-4d7d-8406-ba4a40805123#19-t1, previous=(t:1, i:15), leaderCommit=12, initializing? false, entries: size=1, first=(t:1, i:16), STATEMACHINELOGENTRY, client-6D2DBBDC0506, cid=27
2019-09-17 11:34:01,868 [java.util.concurrent.ThreadPoolExecutor$Worker@f9cdb08[State = -1, empty queue]] WARN  server.GrpcLogAppender (GrpcLogAppender.java:timeoutAppendRequest(200)) - 7aa83ab1-477a-4917-a557-8c7bdb1dca7a@group-4817D3A8AAC5->285d9e5f-8853-4762-b181-afacccda6eae-GrpcLogAppender: appendEntries Timeout, request=7aa83ab1-477a-4917-a557-8c7bdb1dca7a->285d9e5f-8853-4762-b181-afacccda6eae#19-t1, previous=(t:1, i:15), leaderCommit=12, initializing? false, entries: size=1, first=(t:1, i:16), STATEMACHINELOGENTRY, client-6D2DBBDC0506, cid=27
2019-09-17 11:34:01,870 [java.util.concurrent.ThreadPoolExecutor$Worker@7acd5285[State = -1, empty queue]] WARN  server.GrpcLogAppender (GrpcLogAppender.java:timeoutAppendRequest(200)) - 7aa83ab1-477a-4917-a557-8c7bdb1dca7a@group-4817D3A8AAC5->6ce6840f-3bb0-4d7d-8406-ba4a40805123-GrpcLogAppender: appendEntries Timeout, request=7aa83ab1-477a-4917-a557-8c7bdb1dca7a->6ce6840f-3bb0-4d7d-8406-ba4a40805123#20-t1, previous=(t:1, i:16), leaderCommit=12, initializing? false, entries: size=1, first=(t:1, i:17), STATEMACHINELOGENTRY, client-6D2DBBDC0506, cid=28
2019-09-17 11:34:01,872 [java.util.concurrent.ThreadPoolExecutor$Worker@f9cdb08[State = -1, empty queue]] WARN  server.GrpcLogAppender (GrpcLogAppender.java:timeoutAppendRequest(200)) - 7aa83ab1-477a-4917-a557-8c7bdb1dca7a@group-4817D3A8AAC5->285d9e5f-8853-4762-b181-afacccda6eae-GrpcLogAppender: appendEntries Timeout, request=7aa83ab1-477a-4917-a557-8c7bdb1dca7a->285d9e5f-8853-4762-b181-afacccda6eae#20-t1, previous=(t:1, i:16), leaderCommit=12, initializing? false, entries: size=1, first=(t:1, i:17), STATEMACHINELOGENTRY, client-6D2DBBDC0506, cid=28
2019-09-17 11:34:01,874 [java.util.concurrent.ThreadPoolExecutor$Worker@7acd5285[State = -1, empty queue]] WARN  server.GrpcLogAppender (GrpcLogAppender.java:timeoutAppendRequest(200)) - 7aa83ab1-477a-4917-a557-8c7bdb1dca7a@group-4817D3A8AAC5->6ce6840f-3bb0-4d7d-8406-ba4a40805123-GrpcLogAppender: appendEntries Timeout, request=7aa83ab1-477a-4917-a557-8c7bdb1dca7a->6ce6840f-3bb0-4d7d-8406-ba4a40805123#21-t1, previous=(t:1, i:17), leaderCommit=12, initializing? false, entries: size=1, first=(t:1, i:18), STATEMACHINELOGENTRY, client-6D2DBBDC0506, cid=29
2019-09-17 11:34:01,877 [java.util.concurrent.ThreadPoolExecutor$Worker@f9cdb08[State = -1, empty queue]] WARN  server.GrpcLogAppender (GrpcLogAppender.java:timeoutAppendRequest(200)) - 7aa83ab1-477a-4917-a557-8c7bdb1dca7a@group-4817D3A8AAC5->285d9e5f-8853-4762-b181-afacccda6eae-GrpcLogAppender: appendEntries Timeout, request=7aa83ab1-477a-4917-a557-8c7bdb1dca7a->285d9e5f-8853-4762-b181-afacccda6eae#21-t1, previous=(t:1, i:17), leaderCommit=12, initializing? false, entries: size=1, first=(t:1, i:18), STATEMACHINELOGENTRY, client-6D2DBBDC0506, cid=29
2019-09-17 11:34:03,903 [grpc-default-executor-7] INFO  client.GrpcClientProtocolClient (GrpcClientProtocolClient.java:onNext(264)) - client-6D2DBBDC0506->285d9e5f-8853-4762-b181-afacccda6eae: receive RaftClientReply:client-6D2DBBDC0506->285d9e5f-8853-4762-b181-afacccda6eae@group-4817D3A8AAC5, cid=24, FAILED org.apache.ratis.protocol.NotLeaderException: Server 285d9e5f-8853-4762-b181-afacccda6eae@group-4817D3A8AAC5 is not the leader 7aa83ab1-477a-4917-a557-8c7bdb1dca7a:192.168.157.219:37869, logIndex=0, commits[285d9e5f-8853-4762-b181-afacccda6eae:c12, 6ce6840f-3bb0-4d7d-8406-ba4a40805123:c10, 7aa83ab1-477a-4917-a557-8c7bdb1dca7a:c12]
2019-09-17 11:34:04,358 [java.util.concurrent.ThreadPoolExecutor$Worker@f9cdb08[State = -1, empty queue]] WARN  server.GrpcLogAppender (GrpcLogAppender.java:timeoutAppendRequest(200)) - 7aa83ab1-477a-4917-a557-8c7bdb1dca7a@group-4817D3A8AAC5->285d9e5f-8853-4762-b181-afacccda6eae-GrpcLogAppender: appendEntries Timeout, request=7aa83ab1-477a-4917-a557-8c7bdb1dca7a->285d9e5f-8853-4762-b181-afacccda6eae#22-t1, previous=(t:1, i:18), leaderCommit=12, initializing? false, entries: <empty>
2019-09-17 11:34:04,358 [java.util.concurrent.ThreadPoolExecutor$Worker@7acd5285[State = -1, empty queue]] WARN  server.GrpcLogAppender (GrpcLogAppender.java:timeoutAppendRequest(200)) - 7aa83ab1-477a-4917-a557-8c7bdb1dca7a@group-4817D3A8AAC5->6ce6840f-3bb0-4d7d-8406-ba4a40805123-GrpcLogAppender: appendEntries Timeout, request=7aa83ab1-477a-4917-a557-8c7bdb1dca7a->6ce6840f-3bb0-4d7d-8406-ba4a40805123#22-t1, previous=(t:1, i:18), leaderCommit=12, initializing? false, entries: <empty>
2019-09-17 11:34:06,859 [java.util.concurrent.ThreadPoolExecutor$Worker@7acd5285[State = -1, empty queue]] WARN  server.GrpcLogAppender (GrpcLogAppender.java:timeoutAppendRequest(200)) - 7aa83ab1-477a-4917-a557-8c7bdb1dca7a@group-4817D3A8AAC5->6ce6840f-3bb0-4d7d-8406-ba4a40805123-GrpcLogAppender: appendEntries Timeout, request=7aa83ab1-477a-4917-a557-8c7bdb1dca7a->6ce6840f-3bb0-4d7d-8406-ba4a40805123#23-t1, previous=(t:1, i:18), leaderCommit=12, initializing? false, entries: <empty>
2019-09-17 11:34:06,859 [java.util.concurrent.ThreadPoolExecutor$Worker@f9cdb08[State = -1, empty queue]] WARN  server.GrpcLogAppender (GrpcLogAppender.java:timeoutAppendRequest(200)) - 7aa83ab1-477a-4917-a557-8c7bdb1dca7a@group-4817D3A8AAC5->285d9e5f-8853-4762-b181-afacccda6eae-GrpcLogAppender: appendEntries Timeout, request=7aa83ab1-477a-4917-a557-8c7bdb1dca7a->285d9e5f-8853-4762-b181-afacccda6eae#23-t1, previous=(t:1, i:18), leaderCommit=12, initializing? false, entries: <empty>
2019-09-17 11:34:08,919 [285d9e5f-8853-4762-b181-afacccda6eae@group-4817D3A8AAC5-SegmentedRaftLogWorker] WARN  segmented.SegmentedRaftLogWorker (SegmentedRaftLogWorker.java:getFromFuture(90)) - Timeout 0/~
org.apache.ratis.protocol.TimeoutIOException: Timeout 10s: WriteLog:16: (t:1, i:16), STATEMACHINELOGENTRY, client-6D2DBBDC0506, cid=27-writeStateMachineData
	at org.apache.ratis.util.IOUtils.getFromFuture(IOUtils.java:87)
	at org.apache.ratis.server.raftlog.segmented.SegmentedRaftLogWorker$StateMachineDataPolicy.getFromFuture(SegmentedRaftLogWorker.java:87)
	at org.apache.ratis.server.raftlog.segmented.SegmentedRaftLogWorker$WriteLog.execute(SegmentedRaftLogWorker.java:477)
	at org.apache.ratis.server.raftlog.segmented.SegmentedRaftLogWorker.run(SegmentedRaftLogWorker.java:289)
	at java.lang.Thread.run(Thread.java:748)
Caused by: java.util.concurrent.TimeoutException
	at java.util.concurrent.CompletableFuture.timedGet(CompletableFuture.java:1771)
	at java.util.concurrent.CompletableFuture.get(CompletableFuture.java:1915)
	at org.apache.ratis.util.IOUtils.getFromFuture(IOUtils.java:79)
	... 4 more
2019-09-17 11:34:08,919 [7aa83ab1-477a-4917-a557-8c7bdb1dca7a@group-4817D3A8AAC5-SegmentedRaftLogWorker] WARN  segmented.SegmentedRaftLogWorker (SegmentedRaftLogWorker.java:getFromFuture(90)) - Timeout 0/~
org.apache.ratis.protocol.TimeoutIOException: Timeout 10s: WriteLog:14: (t:1, i:14), STATEMACHINELOGENTRY, client-6D2DBBDC0506, cid=25-writeStateMachineData
	at org.apache.ratis.util.IOUtils.getFromFuture(IOUtils.java:87)
	at org.apache.ratis.server.raftlog.segmented.SegmentedRaftLogWorker$StateMachineDataPolicy.getFromFuture(SegmentedRaftLogWorker.java:87)
	at org.apache.ratis.server.raftlog.segmented.SegmentedRaftLogWorker$WriteLog.execute(SegmentedRaftLogWorker.java:477)
	at org.apache.ratis.server.raftlog.segmented.SegmentedRaftLogWorker.run(SegmentedRaftLogWorker.java:289)
	at java.lang.Thread.run(Thread.java:748)
Caused by: java.util.concurrent.TimeoutException
	at java.util.concurrent.CompletableFuture.timedGet(CompletableFuture.java:1771)
	at java.util.concurrent.CompletableFuture.get(CompletableFuture.java:1915)
	at org.apache.ratis.util.IOUtils.getFromFuture(IOUtils.java:79)
	... 4 more
2019-09-17 11:34:08,934 [6ce6840f-3bb0-4d7d-8406-ba4a40805123@group-4817D3A8AAC5-SegmentedRaftLogWorker] WARN  segmented.SegmentedRaftLogWorker (SegmentedRaftLogWorker.java:getFromFuture(90)) - Timeout 0/~
org.apache.ratis.protocol.TimeoutIOException: Timeout 10s: WriteLog:14: (t:1, i:14), STATEMACHINELOGENTRY, client-6D2DBBDC0506, cid=25-writeStateMachineData
	at org.apache.ratis.util.IOUtils.getFromFuture(IOUtils.java:87)
	at org.apache.ratis.server.raftlog.segmented.SegmentedRaftLogWorker$StateMachineDataPolicy.getFromFuture(SegmentedRaftLogWorker.java:87)
	at org.apache.ratis.server.raftlog.segmented.SegmentedRaftLogWorker$WriteLog.execute(SegmentedRaftLogWorker.java:477)
	at org.apache.ratis.server.raftlog.segmented.SegmentedRaftLogWorker.run(SegmentedRaftLogWorker.java:289)
	at java.lang.Thread.run(Thread.java:748)
Caused by: java.util.concurrent.TimeoutException
	at java.util.concurrent.CompletableFuture.timedGet(CompletableFuture.java:1771)
	at java.util.concurrent.CompletableFuture.get(CompletableFuture.java:1915)
	at org.apache.ratis.util.IOUtils.getFromFuture(IOUtils.java:79)
	... 4 more
2019-09-17 11:34:08,946 [grpc-default-executor-7] INFO  client.GrpcClientProtocolClient (GrpcClientProtocolClient.java:onNext(264)) - client-6D2DBBDC0506->285d9e5f-8853-4762-b181-afacccda6eae: receive RaftClientReply:client-6D2DBBDC0506->285d9e5f-8853-4762-b181-afacccda6eae@group-4817D3A8AAC5, cid=24, FAILED org.apache.ratis.protocol.NotLeaderException: Server 285d9e5f-8853-4762-b181-afacccda6eae@group-4817D3A8AAC5 is not the leader 7aa83ab1-477a-4917-a557-8c7bdb1dca7a:192.168.157.219:37869, logIndex=0, commits[285d9e5f-8853-4762-b181-afacccda6eae:c12, 6ce6840f-3bb0-4d7d-8406-ba4a40805123:c10, 7aa83ab1-477a-4917-a557-8c7bdb1dca7a:c12]
2019-09-17 11:34:09,360 [java.util.concurrent.ThreadPoolExecutor$Worker@f9cdb08[State = -1, empty queue]] WARN  server.GrpcLogAppender (GrpcLogAppender.java:timeoutAppendRequest(200)) - 7aa83ab1-477a-4917-a557-8c7bdb1dca7a@group-4817D3A8AAC5->285d9e5f-8853-4762-b181-afacccda6eae-GrpcLogAppender: appendEntries Timeout, request=7aa83ab1-477a-4917-a557-8c7bdb1dca7a->285d9e5f-8853-4762-b181-afacccda6eae#24-t1, previous=(t:1, i:18), leaderCommit=12, initializing? false, entries: <empty>
2019-09-17 11:34:09,360 [java.util.concurrent.ThreadPoolExecutor$Worker@7acd5285[State = -1, empty queue]] WARN  server.GrpcLogAppender (GrpcLogAppender.java:timeoutAppendRequest(200)) - 7aa83ab1-477a-4917-a557-8c7bdb1dca7a@group-4817D3A8AAC5->6ce6840f-3bb0-4d7d-8406-ba4a40805123-GrpcLogAppender: appendEntries Timeout, request=7aa83ab1-477a-4917-a557-8c7bdb1dca7a->6ce6840f-3bb0-4d7d-8406-ba4a40805123#24-t1, previous=(t:1, i:18), leaderCommit=12, initializing? false, entries: <empty>
2019-09-17 11:34:11,861 [java.util.concurrent.ThreadPoolExecutor$Worker@7acd5285[State = -1, empty queue]] WARN  server.GrpcLogAppender (GrpcLogAppender.java:timeoutAppendRequest(200)) - 7aa83ab1-477a-4917-a557-8c7bdb1dca7a@group-4817D3A8AAC5->6ce6840f-3bb0-4d7d-8406-ba4a40805123-GrpcLogAppender: appendEntries Timeout, request=7aa83ab1-477a-4917-a557-8c7bdb1dca7a->6ce6840f-3bb0-4d7d-8406-ba4a40805123#25-t1, previous=(t:1, i:18), leaderCommit=12, initializing? false, entries: <empty>
2019-09-17 11:34:11,861 [java.util.concurrent.ThreadPoolExecutor$Worker@f9cdb08[State = -1, empty queue]] WARN  server.GrpcLogAppender (GrpcLogAppender.java:timeoutAppendRequest(200)) - 7aa83ab1-477a-4917-a557-8c7bdb1dca7a@group-4817D3A8AAC5->285d9e5f-8853-4762-b181-afacccda6eae-GrpcLogAppender: appendEntries Timeout, request=7aa83ab1-477a-4917-a557-8c7bdb1dca7a->285d9e5f-8853-4762-b181-afacccda6eae#25-t1, previous=(t:1, i:18), leaderCommit=12, initializing? false, entries: <empty>
2019-09-17 11:34:13,989 [grpc-default-executor-6] INFO  client.GrpcClientProtocolClient (GrpcClientProtocolClient.java:onNext(264)) - client-6D2DBBDC0506->285d9e5f-8853-4762-b181-afacccda6eae: receive RaftClientReply:client-6D2DBBDC0506->285d9e5f-8853-4762-b181-afacccda6eae@group-4817D3A8AAC5, cid=24, FAILED org.apache.ratis.protocol.NotLeaderException: Server 285d9e5f-8853-4762-b181-afacccda6eae@group-4817D3A8AAC5 is not the leader 7aa83ab1-477a-4917-a557-8c7bdb1dca7a:192.168.157.219:37869, logIndex=0, commits[285d9e5f-8853-4762-b181-afacccda6eae:c12, 6ce6840f-3bb0-4d7d-8406-ba4a40805123:c10, 7aa83ab1-477a-4917-a557-8c7bdb1dca7a:c12]
2019-09-17 11:34:14,362 [java.util.concurrent.ThreadPoolExecutor$Worker@f9cdb08[State = -1, empty queue]] WARN  server.GrpcLogAppender (GrpcLogAppender.java:timeoutAppendRequest(200)) - 7aa83ab1-477a-4917-a557-8c7bdb1dca7a@group-4817D3A8AAC5->285d9e5f-8853-4762-b181-afacccda6eae-GrpcLogAppender: appendEntries Timeout, request=7aa83ab1-477a-4917-a557-8c7bdb1dca7a->285d9e5f-8853-4762-b181-afacccda6eae#26-t1, previous=(t:1, i:18), leaderCommit=12, initializing? false, entries: <empty>
2019-09-17 11:34:14,362 [java.util.concurrent.ThreadPoolExecutor$Worker@7acd5285[State = -1, empty queue]] WARN  server.GrpcLogAppender (GrpcLogAppender.java:timeoutAppendRequest(200)) - 7aa83ab1-477a-4917-a557-8c7bdb1dca7a@group-4817D3A8AAC5->6ce6840f-3bb0-4d7d-8406-ba4a40805123-GrpcLogAppender: appendEntries Timeout, request=7aa83ab1-477a-4917-a557-8c7bdb1dca7a->6ce6840f-3bb0-4d7d-8406-ba4a40805123#26-t1, previous=(t:1, i:18), leaderCommit=12, initializing? false, entries: <empty>
2019-09-17 11:34:16,863 [java.util.concurrent.ThreadPoolExecutor$Worker@f9cdb08[State = -1, empty queue]] WARN  server.GrpcLogAppender (GrpcLogAppender.java:timeoutAppendRequest(200)) - 7aa83ab1-477a-4917-a557-8c7bdb1dca7a@group-4817D3A8AAC5->285d9e5f-8853-4762-b181-afacccda6eae-GrpcLogAppender: appendEntries Timeout, request=7aa83ab1-477a-4917-a557-8c7bdb1dca7a->285d9e5f-8853-4762-b181-afacccda6eae#27-t1, previous=(t:1, i:18), leaderCommit=12, initializing? false, entries: <empty>
2019-09-17 11:34:16,863 [java.util.concurrent.ThreadPoolExecutor$Worker@7acd5285[State = -1, empty queue]] WARN  server.GrpcLogAppender (GrpcLogAppender.java:timeoutAppendRequest(200)) - 7aa83ab1-477a-4917-a557-8c7bdb1dca7a@group-4817D3A8AAC5->6ce6840f-3bb0-4d7d-8406-ba4a40805123-GrpcLogAppender: appendEntries Timeout, request=7aa83ab1-477a-4917-a557-8c7bdb1dca7a->6ce6840f-3bb0-4d7d-8406-ba4a40805123#27-t1, previous=(t:1, i:18), leaderCommit=12, initializing? false, entries: <empty>
2019-09-17 11:34:18,923 [285d9e5f-8853-4762-b181-afacccda6eae@group-4817D3A8AAC5-SegmentedRaftLogWorker] WARN  segmented.SegmentedRaftLogWorker (SegmentedRaftLogWorker.java:getFromFuture(90)) - Timeout 1/~
org.apache.ratis.protocol.TimeoutIOException: Timeout 10s: WriteLog:16: (t:1, i:16), STATEMACHINELOGENTRY, client-6D2DBBDC0506, cid=27-writeStateMachineData
	at org.apache.ratis.util.IOUtils.getFromFuture(IOUtils.java:87)
	at org.apache.ratis.server.raftlog.segmented.SegmentedRaftLogWorker$StateMachineDataPolicy.getFromFuture(SegmentedRaftLogWorker.java:87)
	at org.apache.ratis.server.raftlog.segmented.SegmentedRaftLogWorker$WriteLog.execute(SegmentedRaftLogWorker.java:477)
	at org.apache.ratis.server.raftlog.segmented.SegmentedRaftLogWorker.run(SegmentedRaftLogWorker.java:289)
	at java.lang.Thread.run(Thread.java:748)
Caused by: java.util.concurrent.TimeoutException
	at java.util.concurrent.CompletableFuture.timedGet(CompletableFuture.java:1771)
	at java.util.concurrent.CompletableFuture.get(CompletableFuture.java:1915)
	at org.apache.ratis.util.IOUtils.getFromFuture(IOUtils.java:79)
	... 4 more
2019-09-17 11:34:18,923 [7aa83ab1-477a-4917-a557-8c7bdb1dca7a@group-4817D3A8AAC5-SegmentedRaftLogWorker] WARN  segmented.SegmentedRaftLogWorker (SegmentedRaftLogWorker.java:getFromFuture(90)) - Timeout 1/~
org.apache.ratis.protocol.TimeoutIOException: Timeout 10s: WriteLog:14: (t:1, i:14), STATEMACHINELOGENTRY, client-6D2DBBDC0506, cid=25-writeStateMachineData
	at org.apache.ratis.util.IOUtils.getFromFuture(IOUtils.java:87)
	at org.apache.ratis.server.raftlog.segmented.SegmentedRaftLogWorker$StateMachineDataPolicy.getFromFuture(SegmentedRaftLogWorker.java:87)
	at org.apache.ratis.server.raftlog.segmented.SegmentedRaftLogWorker$WriteLog.execute(SegmentedRaftLogWorker.java:477)
	at org.apache.ratis.server.raftlog.segmented.SegmentedRaftLogWorker.run(SegmentedRaftLogWorker.java:289)
	at java.lang.Thread.run(Thread.java:748)
Caused by: java.util.concurrent.TimeoutException
	at java.util.concurrent.CompletableFuture.timedGet(CompletableFuture.java:1771)
	at java.util.concurrent.CompletableFuture.get(CompletableFuture.java:1915)
	at org.apache.ratis.util.IOUtils.getFromFuture(IOUtils.java:79)
	... 4 more
2019-09-17 11:34:18,934 [6ce6840f-3bb0-4d7d-8406-ba4a40805123@group-4817D3A8AAC5-SegmentedRaftLogWorker] WARN  segmented.SegmentedRaftLogWorker (SegmentedRaftLogWorker.java:getFromFuture(90)) - Timeout 1/~
org.apache.ratis.protocol.TimeoutIOException: Timeout 10s: WriteLog:14: (t:1, i:14), STATEMACHINELOGENTRY, client-6D2DBBDC0506, cid=25-writeStateMachineData
	at org.apache.ratis.util.IOUtils.getFromFuture(IOUtils.java:87)
	at org.apache.ratis.server.raftlog.segmented.SegmentedRaftLogWorker$StateMachineDataPolicy.getFromFuture(SegmentedRaftLogWorker.java:87)
	at org.apache.ratis.server.raftlog.segmented.SegmentedRaftLogWorker$WriteLog.execute(SegmentedRaftLogWorker.java:477)
	at org.apache.ratis.server.raftlog.segmented.SegmentedRaftLogWorker.run(SegmentedRaftLogWorker.java:289)
	at java.lang.Thread.run(Thread.java:748)
Caused by: java.util.concurrent.TimeoutException
	at java.util.concurrent.CompletableFuture.timedGet(CompletableFuture.java:1771)
	at java.util.concurrent.CompletableFuture.get(CompletableFuture.java:1915)
	at org.apache.ratis.util.IOUtils.getFromFuture(IOUtils.java:79)
	... 4 more
2019-09-17 11:34:19,080 [grpc-default-executor-6] INFO  client.GrpcClientProtocolClient (GrpcClientProtocolClient.java:onNext(264)) - client-6D2DBBDC0506->6ce6840f-3bb0-4d7d-8406-ba4a40805123: receive RaftClientReply:client-6D2DBBDC0506->6ce6840f-3bb0-4d7d-8406-ba4a40805123@group-4817D3A8AAC5, cid=24, FAILED org.apache.ratis.protocol.NotLeaderException: Server 6ce6840f-3bb0-4d7d-8406-ba4a40805123@group-4817D3A8AAC5 is not the leader 7aa83ab1-477a-4917-a557-8c7bdb1dca7a:192.168.157.219:37869, logIndex=0, commits[6ce6840f-3bb0-4d7d-8406-ba4a40805123:c12, 7aa83ab1-477a-4917-a557-8c7bdb1dca7a:c12, 285d9e5f-8853-4762-b181-afacccda6eae:c10]
2019-09-17 11:34:19,364 [java.util.concurrent.ThreadPoolExecutor$Worker@7acd5285[State = -1, empty queue]] WARN  server.GrpcLogAppender (GrpcLogAppender.java:timeoutAppendRequest(200)) - 7aa83ab1-477a-4917-a557-8c7bdb1dca7a@group-4817D3A8AAC5->6ce6840f-3bb0-4d7d-8406-ba4a40805123-GrpcLogAppender: appendEntries Timeout, request=7aa83ab1-477a-4917-a557-8c7bdb1dca7a->6ce6840f-3bb0-4d7d-8406-ba4a40805123#28-t1, previous=(t:1, i:18), leaderCommit=12, initializing? false, entries: <empty>
2019-09-17 11:34:19,364 [java.util.concurrent.ThreadPoolExecutor$Worker@f9cdb08[State = -1, empty queue]] WARN  server.GrpcLogAppender (GrpcLogAppender.java:timeoutAppendRequest(200)) - 7aa83ab1-477a-4917-a557-8c7bdb1dca7a@group-4817D3A8AAC5->285d9e5f-8853-4762-b181-afacccda6eae-GrpcLogAppender: appendEntries Timeout, request=7aa83ab1-477a-4917-a557-8c7bdb1dca7a->285d9e5f-8853-4762-b181-afacccda6eae#28-t1, previous=(t:1, i:18), leaderCommit=12, initializing? false, entries: <empty>
2019-09-17 11:34:21,866 [java.util.concurrent.ThreadPoolExecutor$Worker@f9cdb08[State = -1, empty queue]] WARN  server.GrpcLogAppender (GrpcLogAppender.java:timeoutAppendRequest(200)) - 7aa83ab1-477a-4917-a557-8c7bdb1dca7a@group-4817D3A8AAC5->285d9e5f-8853-4762-b181-afacccda6eae-GrpcLogAppender: appendEntries Timeout, request=7aa83ab1-477a-4917-a557-8c7bdb1dca7a->285d9e5f-8853-4762-b181-afacccda6eae#29-t1, previous=(t:1, i:18), leaderCommit=12, initializing? false, entries: <empty>
2019-09-17 11:34:21,866 [java.util.concurrent.ThreadPoolExecutor$Worker@7acd5285[State = -1, empty queue]] WARN  server.GrpcLogAppender (GrpcLogAppender.java:timeoutAppendRequest(200)) - 7aa83ab1-477a-4917-a557-8c7bdb1dca7a@group-4817D3A8AAC5->6ce6840f-3bb0-4d7d-8406-ba4a40805123-GrpcLogAppender: appendEntries Timeout, request=7aa83ab1-477a-4917-a557-8c7bdb1dca7a->6ce6840f-3bb0-4d7d-8406-ba4a40805123#29-t1, previous=(t:1, i:18), leaderCommit=12, initializing? false, entries: <empty>
2019-09-17 11:34:24,155 [grpc-default-executor-6] INFO  client.GrpcClientProtocolClient (GrpcClientProtocolClient.java:onNext(264)) - client-6D2DBBDC0506->285d9e5f-8853-4762-b181-afacccda6eae: receive RaftClientReply:client-6D2DBBDC0506->285d9e5f-8853-4762-b181-afacccda6eae@group-4817D3A8AAC5, cid=24, FAILED org.apache.ratis.protocol.NotLeaderException: Server 285d9e5f-8853-4762-b181-afacccda6eae@group-4817D3A8AAC5 is not the leader 7aa83ab1-477a-4917-a557-8c7bdb1dca7a:192.168.157.219:37869, logIndex=0, commits[285d9e5f-8853-4762-b181-afacccda6eae:c12, 6ce6840f-3bb0-4d7d-8406-ba4a40805123:c10, 7aa83ab1-477a-4917-a557-8c7bdb1dca7a:c12]
2019-09-17 11:34:24,367 [java.util.concurrent.ThreadPoolExecutor$Worker@7acd5285[State = -1, empty queue]] WARN  server.GrpcLogAppender (GrpcLogAppender.java:timeoutAppendRequest(200)) - 7aa83ab1-477a-4917-a557-8c7bdb1dca7a@group-4817D3A8AAC5->6ce6840f-3bb0-4d7d-8406-ba4a40805123-GrpcLogAppender: appendEntries Timeout, request=7aa83ab1-477a-4917-a557-8c7bdb1dca7a->6ce6840f-3bb0-4d7d-8406-ba4a40805123#30-t1, previous=(t:1, i:18), leaderCommit=12, initializing? false, entries: <empty>
2019-09-17 11:34:24,367 [java.util.concurrent.ThreadPoolExecutor$Worker@f9cdb08[State = -1, empty queue]] WARN  server.GrpcLogAppender (GrpcLogAppender.java:timeoutAppendRequest(200)) - 7aa83ab1-477a-4917-a557-8c7bdb1dca7a@group-4817D3A8AAC5->285d9e5f-8853-4762-b181-afacccda6eae-GrpcLogAppender: appendEntries Timeout, request=7aa83ab1-477a-4917-a557-8c7bdb1dca7a->285d9e5f-8853-4762-b181-afacccda6eae#30-t1, previous=(t:1, i:18), leaderCommit=12, initializing? false, entries: <empty>
2019-09-17 11:34:26,868 [java.util.concurrent.ThreadPoolExecutor$Worker@7acd5285[State = -1, empty queue]] WARN  server.GrpcLogAppender (GrpcLogAppender.java:timeoutAppendRequest(200)) - 7aa83ab1-477a-4917-a557-8c7bdb1dca7a@group-4817D3A8AAC5->6ce6840f-3bb0-4d7d-8406-ba4a40805123-GrpcLogAppender: appendEntries Timeout, request=7aa83ab1-477a-4917-a557-8c7bdb1dca7a->6ce6840f-3bb0-4d7d-8406-ba4a40805123#31-t1, previous=(t:1, i:18), leaderCommit=12, initializing? false, entries: <empty>
2019-09-17 11:34:26,868 [java.util.concurrent.ThreadPoolExecutor$Worker@f9cdb08[State = -1, empty queue]] WARN  server.GrpcLogAppender (GrpcLogAppender.java:timeoutAppendRequest(200)) - 7aa83ab1-477a-4917-a557-8c7bdb1dca7a@group-4817D3A8AAC5->285d9e5f-8853-4762-b181-afacccda6eae-GrpcLogAppender: appendEntries Timeout, request=7aa83ab1-477a-4917-a557-8c7bdb1dca7a->285d9e5f-8853-4762-b181-afacccda6eae#31-t1, previous=(t:1, i:18), leaderCommit=12, initializing? false, entries: <empty>
2019-09-17 11:34:28,926 [285d9e5f-8853-4762-b181-afacccda6eae@group-4817D3A8AAC5-SegmentedRaftLogWorker] WARN  segmented.SegmentedRaftLogWorker (SegmentedRaftLogWorker.java:getFromFuture(90)) - Timeout 2/~
org.apache.ratis.protocol.TimeoutIOException: Timeout 10s: WriteLog:16: (t:1, i:16), STATEMACHINELOGENTRY, client-6D2DBBDC0506, cid=27-writeStateMachineData
	at org.apache.ratis.util.IOUtils.getFromFuture(IOUtils.java:87)
	at org.apache.ratis.server.raftlog.segmented.SegmentedRaftLogWorker$StateMachineDataPolicy.getFromFuture(SegmentedRaftLogWorker.java:87)
	at org.apache.ratis.server.raftlog.segmented.SegmentedRaftLogWorker$WriteLog.execute(SegmentedRaftLogWorker.java:477)
	at org.apache.ratis.server.raftlog.segmented.SegmentedRaftLogWorker.run(SegmentedRaftLogWorker.java:289)
	at java.lang.Thread.run(Thread.java:748)
Caused by: java.util.concurrent.TimeoutException
	at java.util.concurrent.CompletableFuture.timedGet(CompletableFuture.java:1771)
	at java.util.concurrent.CompletableFuture.get(CompletableFuture.java:1915)
	at org.apache.ratis.util.IOUtils.getFromFuture(IOUtils.java:79)
	... 4 more
2019-09-17 11:34:28,926 [7aa83ab1-477a-4917-a557-8c7bdb1dca7a@group-4817D3A8AAC5-SegmentedRaftLogWorker] WARN  segmented.SegmentedRaftLogWorker (SegmentedRaftLogWorker.java:getFromFuture(90)) - Timeout 2/~
org.apache.ratis.protocol.TimeoutIOException: Timeout 10s: WriteLog:14: (t:1, i:14), STATEMACHINELOGENTRY, client-6D2DBBDC0506, cid=25-writeStateMachineData
	at org.apache.ratis.util.IOUtils.getFromFuture(IOUtils.java:87)
	at org.apache.ratis.server.raftlog.segmented.SegmentedRaftLogWorker$StateMachineDataPolicy.getFromFuture(SegmentedRaftLogWorker.java:87)
	at org.apache.ratis.server.raftlog.segmented.SegmentedRaftLogWorker$WriteLog.execute(SegmentedRaftLogWorker.java:477)
	at org.apache.ratis.server.raftlog.segmented.SegmentedRaftLogWorker.run(SegmentedRaftLogWorker.java:289)
	at java.lang.Thread.run(Thread.java:748)
Caused by: java.util.concurrent.TimeoutException
	at java.util.concurrent.CompletableFuture.timedGet(CompletableFuture.java:1771)
	at java.util.concurrent.CompletableFuture.get(CompletableFuture.java:1915)
	at org.apache.ratis.util.IOUtils.getFromFuture(IOUtils.java:79)
	... 4 more
2019-09-17 11:34:28,935 [6ce6840f-3bb0-4d7d-8406-ba4a40805123@group-4817D3A8AAC5-SegmentedRaftLogWorker] WARN  segmented.SegmentedRaftLogWorker (SegmentedRaftLogWorker.java:getFromFuture(90)) - Timeout 2/~
org.apache.ratis.protocol.TimeoutIOException: Timeout 10s: WriteLog:14: (t:1, i:14), STATEMACHINELOGENTRY, client-6D2DBBDC0506, cid=25-writeStateMachineData
	at org.apache.ratis.util.IOUtils.getFromFuture(IOUtils.java:87)
	at org.apache.ratis.server.raftlog.segmented.SegmentedRaftLogWorker$StateMachineDataPolicy.getFromFuture(SegmentedRaftLogWorker.java:87)
	at org.apache.ratis.server.raftlog.segmented.SegmentedRaftLogWorker$WriteLog.execute(SegmentedRaftLogWorker.java:477)
	at org.apache.ratis.server.raftlog.segmented.SegmentedRaftLogWorker.run(SegmentedRaftLogWorker.java:289)
	at java.lang.Thread.run(Thread.java:748)
Caused by: java.util.concurrent.TimeoutException
	at java.util.concurrent.CompletableFuture.timedGet(CompletableFuture.java:1771)
	at java.util.concurrent.CompletableFuture.get(CompletableFuture.java:1915)
	at org.apache.ratis.util.IOUtils.getFromFuture(IOUtils.java:79)
	... 4 more
2019-09-17 11:34:29,200 [grpc-default-executor-7] INFO  client.GrpcClientProtocolClient (GrpcClientProtocolClient.java:onNext(264)) - client-6D2DBBDC0506->285d9e5f-8853-4762-b181-afacccda6eae: receive RaftClientReply:client-6D2DBBDC0506->285d9e5f-8853-4762-b181-afacccda6eae@group-4817D3A8AAC5, cid=24, FAILED org.apache.ratis.protocol.NotLeaderException: Server 285d9e5f-8853-4762-b181-afacccda6eae@group-4817D3A8AAC5 is not the leader 7aa83ab1-477a-4917-a557-8c7bdb1dca7a:192.168.157.219:37869, logIndex=0, commits[285d9e5f-8853-4762-b181-afacccda6eae:c12, 6ce6840f-3bb0-4d7d-8406-ba4a40805123:c10, 7aa83ab1-477a-4917-a557-8c7bdb1dca7a:c12]
2019-09-17 11:34:29,370 [java.util.concurrent.ThreadPoolExecutor$Worker@f9cdb08[State = -1, empty queue]] WARN  server.GrpcLogAppender (GrpcLogAppender.java:timeoutAppendRequest(200)) - 7aa83ab1-477a-4917-a557-8c7bdb1dca7a@group-4817D3A8AAC5->285d9e5f-8853-4762-b181-afacccda6eae-GrpcLogAppender: appendEntries Timeout, request=7aa83ab1-477a-4917-a557-8c7bdb1dca7a->285d9e5f-8853-4762-b181-afacccda6eae#32-t1, previous=(t:1, i:18), leaderCommit=12, initializing? false, entries: <empty>
2019-09-17 11:34:29,370 [java.util.concurrent.ThreadPoolExecutor$Worker@7acd5285[State = -1, empty queue]] WARN  server.GrpcLogAppender (GrpcLogAppender.java:timeoutAppendRequest(200)) - 7aa83ab1-477a-4917-a557-8c7bdb1dca7a@group-4817D3A8AAC5->6ce6840f-3bb0-4d7d-8406-ba4a40805123-GrpcLogAppender: appendEntries Timeout, request=7aa83ab1-477a-4917-a557-8c7bdb1dca7a->6ce6840f-3bb0-4d7d-8406-ba4a40805123#32-t1, previous=(t:1, i:18), leaderCommit=12, initializing? false, entries: <empty>
2019-09-17 11:34:31,871 [java.util.concurrent.ThreadPoolExecutor$Worker@7acd5285[State = -1, empty queue]] WARN  server.GrpcLogAppender (GrpcLogAppender.java:timeoutAppendRequest(200)) - 7aa83ab1-477a-4917-a557-8c7bdb1dca7a@group-4817D3A8AAC5->6ce6840f-3bb0-4d7d-8406-ba4a40805123-GrpcLogAppender: appendEntries Timeout, request=7aa83ab1-477a-4917-a557-8c7bdb1dca7a->6ce6840f-3bb0-4d7d-8406-ba4a40805123#33-t1, previous=(t:1, i:18), leaderCommit=12, initializing? false, entries: <empty>
2019-09-17 11:34:31,871 [java.util.concurrent.ThreadPoolExecutor$Worker@f9cdb08[State = -1, empty queue]] WARN  server.GrpcLogAppender (GrpcLogAppender.java:timeoutAppendRequest(200)) - 7aa83ab1-477a-4917-a557-8c7bdb1dca7a@group-4817D3A8AAC5->285d9e5f-8853-4762-b181-afacccda6eae-GrpcLogAppender: appendEntries Timeout, request=7aa83ab1-477a-4917-a557-8c7bdb1dca7a->285d9e5f-8853-4762-b181-afacccda6eae#33-t1, previous=(t:1, i:18), leaderCommit=12, initializing? false, entries: <empty>
2019-09-17 11:34:34,267 [grpc-default-executor-7] INFO  client.GrpcClientProtocolClient (GrpcClientProtocolClient.java:onNext(264)) - client-6D2DBBDC0506->6ce6840f-3bb0-4d7d-8406-ba4a40805123: receive RaftClientReply:client-6D2DBBDC0506->6ce6840f-3bb0-4d7d-8406-ba4a40805123@group-4817D3A8AAC5, cid=24, FAILED org.apache.ratis.protocol.NotLeaderException: Server 6ce6840f-3bb0-4d7d-8406-ba4a40805123@group-4817D3A8AAC5 is not the leader 7aa83ab1-477a-4917-a557-8c7bdb1dca7a:192.168.157.219:37869, logIndex=0, commits[6ce6840f-3bb0-4d7d-8406-ba4a40805123:c12, 7aa83ab1-477a-4917-a557-8c7bdb1dca7a:c12, 285d9e5f-8853-4762-b181-afacccda6eae:c10]
2019-09-17 11:34:34,371 [java.util.concurrent.ThreadPoolExecutor$Worker@f9cdb08[State = -1, empty queue]] WARN  server.GrpcLogAppender (GrpcLogAppender.java:timeoutAppendRequest(200)) - 7aa83ab1-477a-4917-a557-8c7bdb1dca7a@group-4817D3A8AAC5->285d9e5f-8853-4762-b181-afacccda6eae-GrpcLogAppender: appendEntries Timeout, request=7aa83ab1-477a-4917-a557-8c7bdb1dca7a->285d9e5f-8853-4762-b181-afacccda6eae#34-t1, previous=(t:1, i:18), leaderCommit=12, initializing? false, entries: <empty>
2019-09-17 11:34:34,371 [java.util.concurrent.ThreadPoolExecutor$Worker@7acd5285[State = -1, empty queue]] WARN  server.GrpcLogAppender (GrpcLogAppender.java:timeoutAppendRequest(200)) - 7aa83ab1-477a-4917-a557-8c7bdb1dca7a@group-4817D3A8AAC5->6ce6840f-3bb0-4d7d-8406-ba4a40805123-GrpcLogAppender: appendEntries Timeout, request=7aa83ab1-477a-4917-a557-8c7bdb1dca7a->6ce6840f-3bb0-4d7d-8406-ba4a40805123#34-t1, previous=(t:1, i:18), leaderCommit=12, initializing? false, entries: <empty>
2019-09-17 11:34:36,873 [java.util.concurrent.ThreadPoolExecutor$Worker@7acd5285[State = -1, empty queue]] WARN  server.GrpcLogAppender (GrpcLogAppender.java:timeoutAppendRequest(200)) - 7aa83ab1-477a-4917-a557-8c7bdb1dca7a@group-4817D3A8AAC5->6ce6840f-3bb0-4d7d-8406-ba4a40805123-GrpcLogAppender: appendEntries Timeout, request=7aa83ab1-477a-4917-a557-8c7bdb1dca7a->6ce6840f-3bb0-4d7d-8406-ba4a40805123#35-t1, previous=(t:1, i:18), leaderCommit=12, initializing? false, entries: <empty>
2019-09-17 11:34:36,873 [java.util.concurrent.ThreadPoolExecutor$Worker@f9cdb08[State = -1, empty queue]] WARN  server.GrpcLogAppender (GrpcLogAppender.java:timeoutAppendRequest(200)) - 7aa83ab1-477a-4917-a557-8c7bdb1dca7a@group-4817D3A8AAC5->285d9e5f-8853-4762-b181-afacccda6eae-GrpcLogAppender: appendEntries Timeout, request=7aa83ab1-477a-4917-a557-8c7bdb1dca7a->285d9e5f-8853-4762-b181-afacccda6eae#35-t1, previous=(t:1, i:18), leaderCommit=12, initializing? false, entries: <empty>
2019-09-17 11:34:38,927 [285d9e5f-8853-4762-b181-afacccda6eae@group-4817D3A8AAC5-SegmentedRaftLogWorker] WARN  segmented.SegmentedRaftLogWorker (SegmentedRaftLogWorker.java:getFromFuture(90)) - Timeout 3/~
org.apache.ratis.protocol.TimeoutIOException: Timeout 10s: WriteLog:16: (t:1, i:16), STATEMACHINELOGENTRY, client-6D2DBBDC0506, cid=27-writeStateMachineData
	at org.apache.ratis.util.IOUtils.getFromFuture(IOUtils.java:87)
	at org.apache.ratis.server.raftlog.segmented.SegmentedRaftLogWorker$StateMachineDataPolicy.getFromFuture(SegmentedRaftLogWorker.java:87)
	at org.apache.ratis.server.raftlog.segmented.SegmentedRaftLogWorker$WriteLog.execute(SegmentedRaftLogWorker.java:477)
	at org.apache.ratis.server.raftlog.segmented.SegmentedRaftLogWorker.run(SegmentedRaftLogWorker.java:289)
	at java.lang.Thread.run(Thread.java:748)
Caused by: java.util.concurrent.TimeoutException
	at java.util.concurrent.CompletableFuture.timedGet(CompletableFuture.java:1771)
	at java.util.concurrent.CompletableFuture.get(CompletableFuture.java:1915)
	at org.apache.ratis.util.IOUtils.getFromFuture(IOUtils.java:79)
	... 4 more
2019-09-17 11:34:38,927 [7aa83ab1-477a-4917-a557-8c7bdb1dca7a@group-4817D3A8AAC5-SegmentedRaftLogWorker] WARN  segmented.SegmentedRaftLogWorker (SegmentedRaftLogWorker.java:getFromFuture(90)) - Timeout 3/~
org.apache.ratis.protocol.TimeoutIOException: Timeout 10s: WriteLog:14: (t:1, i:14), STATEMACHINELOGENTRY, client-6D2DBBDC0506, cid=25-writeStateMachineData
	at org.apache.ratis.util.IOUtils.getFromFuture(IOUtils.java:87)
	at org.apache.ratis.server.raftlog.segmented.SegmentedRaftLogWorker$StateMachineDataPolicy.getFromFuture(SegmentedRaftLogWorker.java:87)
	at org.apache.ratis.server.raftlog.segmented.SegmentedRaftLogWorker$WriteLog.execute(SegmentedRaftLogWorker.java:477)
	at org.apache.ratis.server.raftlog.segmented.SegmentedRaftLogWorker.run(SegmentedRaftLogWorker.java:289)
	at java.lang.Thread.run(Thread.java:748)
Caused by: java.util.concurrent.TimeoutException
	at java.util.concurrent.CompletableFuture.timedGet(CompletableFuture.java:1771)
	at java.util.concurrent.CompletableFuture.get(CompletableFuture.java:1915)
	at org.apache.ratis.util.IOUtils.getFromFuture(IOUtils.java:79)
	... 4 more
2019-09-17 11:34:38,936 [6ce6840f-3bb0-4d7d-8406-ba4a40805123@group-4817D3A8AAC5-SegmentedRaftLogWorker] WARN  segmented.SegmentedRaftLogWorker (SegmentedRaftLogWorker.java:getFromFuture(90)) - Timeout 3/~
org.apache.ratis.protocol.TimeoutIOException: Timeout 10s: WriteLog:14: (t:1, i:14), STATEMACHINELOGENTRY, client-6D2DBBDC0506, cid=25-writeStateMachineData
	at org.apache.ratis.util.IOUtils.getFromFuture(IOUtils.java:87)
	at org.apache.ratis.server.raftlog.segmented.SegmentedRaftLogWorker$StateMachineDataPolicy.getFromFuture(SegmentedRaftLogWorker.java:87)
	at org.apache.ratis.server.raftlog.segmented.SegmentedRaftLogWorker$WriteLog.execute(SegmentedRaftLogWorker.java:477)
	at org.apache.ratis.server.raftlog.segmented.SegmentedRaftLogWorker.run(SegmentedRaftLogWorker.java:289)
	at java.lang.Thread.run(Thread.java:748)
Caused by: java.util.concurrent.TimeoutException
	at java.util.concurrent.CompletableFuture.timedGet(CompletableFuture.java:1771)
	at java.util.concurrent.CompletableFuture.get(CompletableFuture.java:1915)
	at org.apache.ratis.util.IOUtils.getFromFuture(IOUtils.java:79)
	... 4 more
2019-09-17 11:34:39,315 [grpc-default-executor-7] INFO  client.GrpcClientProtocolClient (GrpcClientProtocolClient.java:onNext(264)) - client-6D2DBBDC0506->6ce6840f-3bb0-4d7d-8406-ba4a40805123: receive RaftClientReply:client-6D2DBBDC0506->6ce6840f-3bb0-4d7d-8406-ba4a40805123@group-4817D3A8AAC5, cid=24, FAILED org.apache.ratis.protocol.NotLeaderException: Server 6ce6840f-3bb0-4d7d-8406-ba4a40805123@group-4817D3A8AAC5 is not the leader 7aa83ab1-477a-4917-a557-8c7bdb1dca7a:192.168.157.219:37869, logIndex=0, commits[6ce6840f-3bb0-4d7d-8406-ba4a40805123:c12, 7aa83ab1-477a-4917-a557-8c7bdb1dca7a:c12, 285d9e5f-8853-4762-b181-afacccda6eae:c10]
2019-09-17 11:34:39,374 [java.util.concurrent.ThreadPoolExecutor$Worker@7acd5285[State = -1, empty queue]] WARN  server.GrpcLogAppender (GrpcLogAppender.java:timeoutAppendRequest(200)) - 7aa83ab1-477a-4917-a557-8c7bdb1dca7a@group-4817D3A8AAC5->6ce6840f-3bb0-4d7d-8406-ba4a40805123-GrpcLogAppender: appendEntries Timeout, request=7aa83ab1-477a-4917-a557-8c7bdb1dca7a->6ce6840f-3bb0-4d7d-8406-ba4a40805123#36-t1, previous=(t:1, i:18), leaderCommit=12, initializing? false, entries: <empty>
2019-09-17 11:34:39,374 [java.util.concurrent.ThreadPoolExecutor$Worker@f9cdb08[State = -1, empty queue]] WARN  server.GrpcLogAppender (GrpcLogAppender.java:timeoutAppendRequest(200)) - 7aa83ab1-477a-4917-a557-8c7bdb1dca7a@group-4817D3A8AAC5->285d9e5f-8853-4762-b181-afacccda6eae-GrpcLogAppender: appendEntries Timeout, request=7aa83ab1-477a-4917-a557-8c7bdb1dca7a->285d9e5f-8853-4762-b181-afacccda6eae#36-t1, previous=(t:1, i:18), leaderCommit=12, initializing? false, entries: <empty>
2019-09-17 11:34:41,874 [java.util.concurrent.ThreadPoolExecutor$Worker@f9cdb08[State = -1, empty queue]] WARN  server.GrpcLogAppender (GrpcLogAppender.java:timeoutAppendRequest(200)) - 7aa83ab1-477a-4917-a557-8c7bdb1dca7a@group-4817D3A8AAC5->285d9e5f-8853-4762-b181-afacccda6eae-GrpcLogAppender: appendEntries Timeout, request=7aa83ab1-477a-4917-a557-8c7bdb1dca7a->285d9e5f-8853-4762-b181-afacccda6eae#37-t1, previous=(t:1, i:18), leaderCommit=12, initializing? false, entries: <empty>
2019-09-17 11:34:41,874 [java.util.concurrent.ThreadPoolExecutor$Worker@7acd5285[State = -1, empty queue]] WARN  server.GrpcLogAppender (GrpcLogAppender.java:timeoutAppendRequest(200)) - 7aa83ab1-477a-4917-a557-8c7bdb1dca7a@group-4817D3A8AAC5->6ce6840f-3bb0-4d7d-8406-ba4a40805123-GrpcLogAppender: appendEntries Timeout, request=7aa83ab1-477a-4917-a557-8c7bdb1dca7a->6ce6840f-3bb0-4d7d-8406-ba4a40805123#37-t1, previous=(t:1, i:18), leaderCommit=12, initializing? false, entries: <empty>
2019-09-17 11:34:44,361 [grpc-default-executor-7] INFO  client.GrpcClientProtocolClient (GrpcClientProtocolClient.java:onNext(264)) - client-6D2DBBDC0506->6ce6840f-3bb0-4d7d-8406-ba4a40805123: receive RaftClientReply:client-6D2DBBDC0506->6ce6840f-3bb0-4d7d-8406-ba4a40805123@group-4817D3A8AAC5, cid=24, FAILED org.apache.ratis.protocol.NotLeaderException: Server 6ce6840f-3bb0-4d7d-8406-ba4a40805123@group-4817D3A8AAC5 is not the leader 7aa83ab1-477a-4917-a557-8c7bdb1dca7a:192.168.157.219:37869, logIndex=0, commits[6ce6840f-3bb0-4d7d-8406-ba4a40805123:c12, 7aa83ab1-477a-4917-a557-8c7bdb1dca7a:c12, 285d9e5f-8853-4762-b181-afacccda6eae:c10]
2019-09-17 11:34:44,375 [java.util.concurrent.ThreadPoolExecutor$Worker@7acd5285[State = -1, empty queue]] WARN  server.GrpcLogAppender (GrpcLogAppender.java:timeoutAppendRequest(200)) - 7aa83ab1-477a-4917-a557-8c7bdb1dca7a@group-4817D3A8AAC5->6ce6840f-3bb0-4d7d-8406-ba4a40805123-GrpcLogAppender: appendEntries Timeout, request=7aa83ab1-477a-4917-a557-8c7bdb1dca7a->6ce6840f-3bb0-4d7d-8406-ba4a40805123#38-t1, previous=(t:1, i:18), leaderCommit=12, initializing? false, entries: <empty>
2019-09-17 11:34:44,375 [java.util.concurrent.ThreadPoolExecutor$Worker@f9cdb08[State = -1, empty queue]] WARN  server.GrpcLogAppender (GrpcLogAppender.java:timeoutAppendRequest(200)) - 7aa83ab1-477a-4917-a557-8c7bdb1dca7a@group-4817D3A8AAC5->285d9e5f-8853-4762-b181-afacccda6eae-GrpcLogAppender: appendEntries Timeout, request=7aa83ab1-477a-4917-a557-8c7bdb1dca7a->285d9e5f-8853-4762-b181-afacccda6eae#38-t1, previous=(t:1, i:18), leaderCommit=12, initializing? false, entries: <empty>
2019-09-17 11:34:46,876 [java.util.concurrent.ThreadPoolExecutor$Worker@f9cdb08[State = -1, empty queue]] WARN  server.GrpcLogAppender (GrpcLogAppender.java:timeoutAppendRequest(200)) - 7aa83ab1-477a-4917-a557-8c7bdb1dca7a@group-4817D3A8AAC5->285d9e5f-8853-4762-b181-afacccda6eae-GrpcLogAppender: appendEntries Timeout, request=7aa83ab1-477a-4917-a557-8c7bdb1dca7a->285d9e5f-8853-4762-b181-afacccda6eae#39-t1, previous=(t:1, i:18), leaderCommit=12, initializing? false, entries: <empty>
2019-09-17 11:34:46,876 [java.util.concurrent.ThreadPoolExecutor$Worker@7acd5285[State = -1, empty queue]] WARN  server.GrpcLogAppender (GrpcLogAppender.java:timeoutAppendRequest(200)) - 7aa83ab1-477a-4917-a557-8c7bdb1dca7a@group-4817D3A8AAC5->6ce6840f-3bb0-4d7d-8406-ba4a40805123-GrpcLogAppender: appendEntries Timeout, request=7aa83ab1-477a-4917-a557-8c7bdb1dca7a->6ce6840f-3bb0-4d7d-8406-ba4a40805123#39-t1, previous=(t:1, i:18), leaderCommit=12, initializing? false, entries: <empty>
2019-09-17 11:34:48,928 [285d9e5f-8853-4762-b181-afacccda6eae@group-4817D3A8AAC5-SegmentedRaftLogWorker] WARN  segmented.SegmentedRaftLogWorker (SegmentedRaftLogWorker.java:getFromFuture(90)) - Timeout 4/~
org.apache.ratis.protocol.TimeoutIOException: Timeout 10s: WriteLog:16: (t:1, i:16), STATEMACHINELOGENTRY, client-6D2DBBDC0506, cid=27-writeStateMachineData
	at org.apache.ratis.util.IOUtils.getFromFuture(IOUtils.java:87)
	at org.apache.ratis.server.raftlog.segmented.SegmentedRaftLogWorker$StateMachineDataPolicy.getFromFuture(SegmentedRaftLogWorker.java:87)
	at org.apache.ratis.server.raftlog.segmented.SegmentedRaftLogWorker$WriteLog.execute(SegmentedRaftLogWorker.java:477)
	at org.apache.ratis.server.raftlog.segmented.SegmentedRaftLogWorker.run(SegmentedRaftLogWorker.java:289)
	at java.lang.Thread.run(Thread.java:748)
Caused by: java.util.concurrent.TimeoutException
	at java.util.concurrent.CompletableFuture.timedGet(CompletableFuture.java:1771)
	at java.util.concurrent.CompletableFuture.get(CompletableFuture.java:1915)
	at org.apache.ratis.util.IOUtils.getFromFuture(IOUtils.java:79)
	... 4 more
2019-09-17 11:34:48,929 [7aa83ab1-477a-4917-a557-8c7bdb1dca7a@group-4817D3A8AAC5-SegmentedRaftLogWorker] WARN  segmented.SegmentedRaftLogWorker (SegmentedRaftLogWorker.java:getFromFuture(90)) - Timeout 4/~
org.apache.ratis.protocol.TimeoutIOException: Timeout 10s: WriteLog:14: (t:1, i:14), STATEMACHINELOGENTRY, client-6D2DBBDC0506, cid=25-writeStateMachineData
	at org.apache.ratis.util.IOUtils.getFromFuture(IOUtils.java:87)
	at org.apache.ratis.server.raftlog.segmented.SegmentedRaftLogWorker$StateMachineDataPolicy.getFromFuture(SegmentedRaftLogWorker.java:87)
	at org.apache.ratis.server.raftlog.segmented.SegmentedRaftLogWorker$WriteLog.execute(SegmentedRaftLogWorker.java:477)
	at org.apache.ratis.server.raftlog.segmented.SegmentedRaftLogWorker.run(SegmentedRaftLogWorker.java:289)
	at java.lang.Thread.run(Thread.java:748)
Caused by: java.util.concurrent.TimeoutException
	at java.util.concurrent.CompletableFuture.timedGet(CompletableFuture.java:1771)
	at java.util.concurrent.CompletableFuture.get(CompletableFuture.java:1915)
	at org.apache.ratis.util.IOUtils.getFromFuture(IOUtils.java:79)
	... 4 more
2019-09-17 11:34:48,937 [6ce6840f-3bb0-4d7d-8406-ba4a40805123@group-4817D3A8AAC5-SegmentedRaftLogWorker] WARN  segmented.SegmentedRaftLogWorker (SegmentedRaftLogWorker.java:getFromFuture(90)) - Timeout 4/~
org.apache.ratis.protocol.TimeoutIOException: Timeout 10s: WriteLog:14: (t:1, i:14), STATEMACHINELOGENTRY, client-6D2DBBDC0506, cid=25-writeStateMachineData
	at org.apache.ratis.util.IOUtils.getFromFuture(IOUtils.java:87)
	at org.apache.ratis.server.raftlog.segmented.SegmentedRaftLogWorker$StateMachineDataPolicy.getFromFuture(SegmentedRaftLogWorker.java:87)
	at org.apache.ratis.server.raftlog.segmented.SegmentedRaftLogWorker$WriteLog.execute(SegmentedRaftLogWorker.java:477)
	at org.apache.ratis.server.raftlog.segmented.SegmentedRaftLogWorker.run(SegmentedRaftLogWorker.java:289)
	at java.lang.Thread.run(Thread.java:748)
Caused by: java.util.concurrent.TimeoutException
	at java.util.concurrent.CompletableFuture.timedGet(CompletableFuture.java:1771)
	at java.util.concurrent.CompletableFuture.get(CompletableFuture.java:1915)
	at org.apache.ratis.util.IOUtils.getFromFuture(IOUtils.java:79)
	... 4 more
2019-09-17 11:34:49,377 [java.util.concurrent.ThreadPoolExecutor$Worker@7acd5285[State = -1, empty queue]] WARN  server.GrpcLogAppender (GrpcLogAppender.java:timeoutAppendRequest(200)) - 7aa83ab1-477a-4917-a557-8c7bdb1dca7a@group-4817D3A8AAC5->6ce6840f-3bb0-4d7d-8406-ba4a40805123-GrpcLogAppender: appendEntries Timeout, request=7aa83ab1-477a-4917-a557-8c7bdb1dca7a->6ce6840f-3bb0-4d7d-8406-ba4a40805123#40-t1, previous=(t:1, i:18), leaderCommit=12, initializing? false, entries: <empty>
2019-09-17 11:34:49,377 [java.util.concurrent.ThreadPoolExecutor$Worker@f9cdb08[State = -1, empty queue]] WARN  server.GrpcLogAppender (GrpcLogAppender.java:timeoutAppendRequest(200)) - 7aa83ab1-477a-4917-a557-8c7bdb1dca7a@group-4817D3A8AAC5->285d9e5f-8853-4762-b181-afacccda6eae-GrpcLogAppender: appendEntries Timeout, request=7aa83ab1-477a-4917-a557-8c7bdb1dca7a->285d9e5f-8853-4762-b181-afacccda6eae#40-t1, previous=(t:1, i:18), leaderCommit=12, initializing? false, entries: <empty>
2019-09-17 11:34:49,417 [grpc-default-executor-7] INFO  client.GrpcClientProtocolClient (GrpcClientProtocolClient.java:onNext(264)) - client-6D2DBBDC0506->285d9e5f-8853-4762-b181-afacccda6eae: receive RaftClientReply:client-6D2DBBDC0506->285d9e5f-8853-4762-b181-afacccda6eae@group-4817D3A8AAC5, cid=24, FAILED org.apache.ratis.protocol.NotLeaderException: Server 285d9e5f-8853-4762-b181-afacccda6eae@group-4817D3A8AAC5 is not the leader 7aa83ab1-477a-4917-a557-8c7bdb1dca7a:192.168.157.219:37869, logIndex=0, commits[285d9e5f-8853-4762-b181-afacccda6eae:c12, 6ce6840f-3bb0-4d7d-8406-ba4a40805123:c10, 7aa83ab1-477a-4917-a557-8c7bdb1dca7a:c12]
2019-09-17 11:34:51,878 [java.util.concurrent.ThreadPoolExecutor$Worker@7acd5285[State = -1, empty queue]] WARN  server.GrpcLogAppender (GrpcLogAppender.java:timeoutAppendRequest(200)) - 7aa83ab1-477a-4917-a557-8c7bdb1dca7a@group-4817D3A8AAC5->6ce6840f-3bb0-4d7d-8406-ba4a40805123-GrpcLogAppender: appendEntries Timeout, request=7aa83ab1-477a-4917-a557-8c7bdb1dca7a->6ce6840f-3bb0-4d7d-8406-ba4a40805123#41-t1, previous=(t:1, i:18), leaderCommit=12, initializing? false, entries: <empty>
2019-09-17 11:34:51,878 [java.util.concurrent.ThreadPoolExecutor$Worker@f9cdb08[State = -1, empty queue]] WARN  server.GrpcLogAppender (GrpcLogAppender.java:timeoutAppendRequest(200)) - 7aa83ab1-477a-4917-a557-8c7bdb1dca7a@group-4817D3A8AAC5->285d9e5f-8853-4762-b181-afacccda6eae-GrpcLogAppender: appendEntries Timeout, request=7aa83ab1-477a-4917-a557-8c7bdb1dca7a->285d9e5f-8853-4762-b181-afacccda6eae#41-t1, previous=(t:1, i:18), leaderCommit=12, initializing? false, entries: <empty>
2019-09-17 11:34:54,378 [java.util.concurrent.ThreadPoolExecutor$Worker@f9cdb08[State = -1, empty queue]] WARN  server.GrpcLogAppender (GrpcLogAppender.java:timeoutAppendRequest(200)) - 7aa83ab1-477a-4917-a557-8c7bdb1dca7a@group-4817D3A8AAC5->285d9e5f-8853-4762-b181-afacccda6eae-GrpcLogAppender: appendEntries Timeout, request=7aa83ab1-477a-4917-a557-8c7bdb1dca7a->285d9e5f-8853-4762-b181-afacccda6eae#42-t1, previous=(t:1, i:18), leaderCommit=12, initializing? false, entries: <empty>
2019-09-17 11:34:54,378 [java.util.concurrent.ThreadPoolExecutor$Worker@7acd5285[State = -1, empty queue]] WARN  server.GrpcLogAppender (GrpcLogAppender.java:timeoutAppendRequest(200)) - 7aa83ab1-477a-4917-a557-8c7bdb1dca7a@group-4817D3A8AAC5->6ce6840f-3bb0-4d7d-8406-ba4a40805123-GrpcLogAppender: appendEntries Timeout, request=7aa83ab1-477a-4917-a557-8c7bdb1dca7a->6ce6840f-3bb0-4d7d-8406-ba4a40805123#42-t1, previous=(t:1, i:18), leaderCommit=12, initializing? false, entries: <empty>
2019-09-17 11:34:54,466 [grpc-default-executor-6] INFO  client.GrpcClientProtocolClient (GrpcClientProtocolClient.java:onNext(264)) - client-6D2DBBDC0506->285d9e5f-8853-4762-b181-afacccda6eae: receive RaftClientReply:client-6D2DBBDC0506->285d9e5f-8853-4762-b181-afacccda6eae@group-4817D3A8AAC5, cid=24, FAILED org.apache.ratis.protocol.NotLeaderException: Server 285d9e5f-8853-4762-b181-afacccda6eae@group-4817D3A8AAC5 is not the leader 7aa83ab1-477a-4917-a557-8c7bdb1dca7a:192.168.157.219:37869, logIndex=0, commits[285d9e5f-8853-4762-b181-afacccda6eae:c12, 6ce6840f-3bb0-4d7d-8406-ba4a40805123:c10, 7aa83ab1-477a-4917-a557-8c7bdb1dca7a:c12]
2019-09-17 11:34:56,879 [java.util.concurrent.ThreadPoolExecutor$Worker@f9cdb08[State = -1, empty queue]] WARN  server.GrpcLogAppender (GrpcLogAppender.java:timeoutAppendRequest(200)) - 7aa83ab1-477a-4917-a557-8c7bdb1dca7a@group-4817D3A8AAC5->285d9e5f-8853-4762-b181-afacccda6eae-GrpcLogAppender: appendEntries Timeout, request=7aa83ab1-477a-4917-a557-8c7bdb1dca7a->285d9e5f-8853-4762-b181-afacccda6eae#43-t1, previous=(t:1, i:18), leaderCommit=12, initializing? false, entries: <empty>
2019-09-17 11:34:56,879 [java.util.concurrent.ThreadPoolExecutor$Worker@7acd5285[State = -1, empty queue]] WARN  server.GrpcLogAppender (GrpcLogAppender.java:timeoutAppendRequest(200)) - 7aa83ab1-477a-4917-a557-8c7bdb1dca7a@group-4817D3A8AAC5->6ce6840f-3bb0-4d7d-8406-ba4a40805123-GrpcLogAppender: appendEntries Timeout, request=7aa83ab1-477a-4917-a557-8c7bdb1dca7a->6ce6840f-3bb0-4d7d-8406-ba4a40805123#43-t1, previous=(t:1, i:18), leaderCommit=12, initializing? false, entries: <empty>
2019-09-17 11:34:58,930 [285d9e5f-8853-4762-b181-afacccda6eae@group-4817D3A8AAC5-SegmentedRaftLogWorker] WARN  segmented.SegmentedRaftLogWorker (SegmentedRaftLogWorker.java:getFromFuture(90)) - Timeout 5/~
org.apache.ratis.protocol.TimeoutIOException: Timeout 10s: WriteLog:16: (t:1, i:16), STATEMACHINELOGENTRY, client-6D2DBBDC0506, cid=27-writeStateMachineData
	at org.apache.ratis.util.IOUtils.getFromFuture(IOUtils.java:87)
	at org.apache.ratis.server.raftlog.segmented.SegmentedRaftLogWorker$StateMachineDataPolicy.getFromFuture(SegmentedRaftLogWorker.java:87)
	at org.apache.ratis.server.raftlog.segmented.SegmentedRaftLogWorker$WriteLog.execute(SegmentedRaftLogWorker.java:477)
	at org.apache.ratis.server.raftlog.segmented.SegmentedRaftLogWorker.run(SegmentedRaftLogWorker.java:289)
	at java.lang.Thread.run(Thread.java:748)
Caused by: java.util.concurrent.TimeoutException
	at java.util.concurrent.CompletableFuture.timedGet(CompletableFuture.java:1771)
	at java.util.concurrent.CompletableFuture.get(CompletableFuture.java:1915)
	at org.apache.ratis.util.IOUtils.getFromFuture(IOUtils.java:79)
	... 4 more
2019-09-17 11:34:58,930 [7aa83ab1-477a-4917-a557-8c7bdb1dca7a@group-4817D3A8AAC5-SegmentedRaftLogWorker] WARN  segmented.SegmentedRaftLogWorker (SegmentedRaftLogWorker.java:getFromFuture(90)) - Timeout 5/~
org.apache.ratis.protocol.TimeoutIOException: Timeout 10s: WriteLog:14: (t:1, i:14), STATEMACHINELOGENTRY, client-6D2DBBDC0506, cid=25-writeStateMachineData
	at org.apache.ratis.util.IOUtils.getFromFuture(IOUtils.java:87)
	at org.apache.ratis.server.raftlog.segmented.SegmentedRaftLogWorker$StateMachineDataPolicy.getFromFuture(SegmentedRaftLogWorker.java:87)
	at org.apache.ratis.server.raftlog.segmented.SegmentedRaftLogWorker$WriteLog.execute(SegmentedRaftLogWorker.java:477)
	at org.apache.ratis.server.raftlog.segmented.SegmentedRaftLogWorker.run(SegmentedRaftLogWorker.java:289)
	at java.lang.Thread.run(Thread.java:748)
Caused by: java.util.concurrent.TimeoutException
	at java.util.concurrent.CompletableFuture.timedGet(CompletableFuture.java:1771)
	at java.util.concurrent.CompletableFuture.get(CompletableFuture.java:1915)
	at org.apache.ratis.util.IOUtils.getFromFuture(IOUtils.java:79)
	... 4 more
2019-09-17 11:34:58,937 [6ce6840f-3bb0-4d7d-8406-ba4a40805123@group-4817D3A8AAC5-SegmentedRaftLogWorker] WARN  segmented.SegmentedRaftLogWorker (SegmentedRaftLogWorker.java:getFromFuture(90)) - Timeout 5/~
org.apache.ratis.protocol.TimeoutIOException: Timeout 10s: WriteLog:14: (t:1, i:14), STATEMACHINELOGENTRY, client-6D2DBBDC0506, cid=25-writeStateMachineData
	at org.apache.ratis.util.IOUtils.getFromFuture(IOUtils.java:87)
	at org.apache.ratis.server.raftlog.segmented.SegmentedRaftLogWorker$StateMachineDataPolicy.getFromFuture(SegmentedRaftLogWorker.java:87)
	at org.apache.ratis.server.raftlog.segmented.SegmentedRaftLogWorker$WriteLog.execute(SegmentedRaftLogWorker.java:477)
	at org.apache.ratis.server.raftlog.segmented.SegmentedRaftLogWorker.run(SegmentedRaftLogWorker.java:289)
	at java.lang.Thread.run(Thread.java:748)
Caused by: java.util.concurrent.TimeoutException
	at java.util.concurrent.CompletableFuture.timedGet(CompletableFuture.java:1771)
	at java.util.concurrent.CompletableFuture.get(CompletableFuture.java:1915)
	at org.apache.ratis.util.IOUtils.getFromFuture(IOUtils.java:79)
	... 4 more
2019-09-17 11:34:59,379 [java.util.concurrent.ThreadPoolExecutor$Worker@7acd5285[State = -1, empty queue]] WARN  server.GrpcLogAppender (GrpcLogAppender.java:timeoutAppendRequest(200)) - 7aa83ab1-477a-4917-a557-8c7bdb1dca7a@group-4817D3A8AAC5->6ce6840f-3bb0-4d7d-8406-ba4a40805123-GrpcLogAppender: appendEntries Timeout, request=7aa83ab1-477a-4917-a557-8c7bdb1dca7a->6ce6840f-3bb0-4d7d-8406-ba4a40805123#44-t1, previous=(t:1, i:18), leaderCommit=12, initializing? false, entries: <empty>
2019-09-17 11:34:59,379 [java.util.concurrent.ThreadPoolExecutor$Worker@f9cdb08[State = -1, empty queue]] WARN  server.GrpcLogAppender (GrpcLogAppender.java:timeoutAppendRequest(200)) - 7aa83ab1-477a-4917-a557-8c7bdb1dca7a@group-4817D3A8AAC5->285d9e5f-8853-4762-b181-afacccda6eae-GrpcLogAppender: appendEntries Timeout, request=7aa83ab1-477a-4917-a557-8c7bdb1dca7a->285d9e5f-8853-4762-b181-afacccda6eae#44-t1, previous=(t:1, i:18), leaderCommit=12, initializing? false, entries: <empty>
2019-09-17 11:34:59,509 [grpc-default-executor-6] INFO  client.GrpcClientProtocolClient (GrpcClientProtocolClient.java:onNext(264)) - client-6D2DBBDC0506->285d9e5f-8853-4762-b181-afacccda6eae: receive RaftClientReply:client-6D2DBBDC0506->285d9e5f-8853-4762-b181-afacccda6eae@group-4817D3A8AAC5, cid=24, FAILED org.apache.ratis.protocol.NotLeaderException: Server 285d9e5f-8853-4762-b181-afacccda6eae@group-4817D3A8AAC5 is not the leader 7aa83ab1-477a-4917-a557-8c7bdb1dca7a:192.168.157.219:37869, logIndex=0, commits[285d9e5f-8853-4762-b181-afacccda6eae:c12, 6ce6840f-3bb0-4d7d-8406-ba4a40805123:c10, 7aa83ab1-477a-4917-a557-8c7bdb1dca7a:c12]
2019-09-17 11:35:01,879 [java.util.concurrent.ThreadPoolExecutor$Worker@7acd5285[State = -1, empty queue]] WARN  server.GrpcLogAppender (GrpcLogAppender.java:timeoutAppendRequest(200)) - 7aa83ab1-477a-4917-a557-8c7bdb1dca7a@group-4817D3A8AAC5->6ce6840f-3bb0-4d7d-8406-ba4a40805123-GrpcLogAppender: appendEntries Timeout, request=7aa83ab1-477a-4917-a557-8c7bdb1dca7a->6ce6840f-3bb0-4d7d-8406-ba4a40805123#45-t1, previous=(t:1, i:18), leaderCommit=12, initializing? false, entries: <empty>
2019-09-17 11:35:01,880 [java.util.concurrent.ThreadPoolExecutor$Worker@f9cdb08[State = -1, empty queue]] WARN  server.GrpcLogAppender (GrpcLogAppender.java:timeoutAppendRequest(200)) - 7aa83ab1-477a-4917-a557-8c7bdb1dca7a@group-4817D3A8AAC5->285d9e5f-8853-4762-b181-afacccda6eae-GrpcLogAppender: appendEntries Timeout, request=7aa83ab1-477a-4917-a557-8c7bdb1dca7a->285d9e5f-8853-4762-b181-afacccda6eae#45-t1, previous=(t:1, i:18), leaderCommit=12, initializing? false, entries: <empty>
2019-09-17 11:35:04,380 [java.util.concurrent.ThreadPoolExecutor$Worker@7acd5285[State = -1, empty queue]] WARN  server.GrpcLogAppender (GrpcLogAppender.java:timeoutAppendRequest(200)) - 7aa83ab1-477a-4917-a557-8c7bdb1dca7a@group-4817D3A8AAC5->6ce6840f-3bb0-4d7d-8406-ba4a40805123-GrpcLogAppender: appendEntries Timeout, request=7aa83ab1-477a-4917-a557-8c7bdb1dca7a->6ce6840f-3bb0-4d7d-8406-ba4a40805123#46-t1, previous=(t:1, i:18), leaderCommit=12, initializing? false, entries: <empty>
2019-09-17 11:35:04,380 [java.util.concurrent.ThreadPoolExecutor$Worker@f9cdb08[State = -1, empty queue]] WARN  server.GrpcLogAppender (GrpcLogAppender.java:timeoutAppendRequest(200)) - 7aa83ab1-477a-4917-a557-8c7bdb1dca7a@group-4817D3A8AAC5->285d9e5f-8853-4762-b181-afacccda6eae-GrpcLogAppender: appendEntries Timeout, request=7aa83ab1-477a-4917-a557-8c7bdb1dca7a->285d9e5f-8853-4762-b181-afacccda6eae#46-t1, previous=(t:1, i:18), leaderCommit=12, initializing? false, entries: <empty>
2019-09-17 11:35:04,552 [grpc-default-executor-7] INFO  client.GrpcClientProtocolClient (GrpcClientProtocolClient.java:onNext(264)) - client-6D2DBBDC0506->6ce6840f-3bb0-4d7d-8406-ba4a40805123: receive RaftClientReply:client-6D2DBBDC0506->6ce6840f-3bb0-4d7d-8406-ba4a40805123@group-4817D3A8AAC5, cid=24, FAILED org.apache.ratis.protocol.NotLeaderException: Server 6ce6840f-3bb0-4d7d-8406-ba4a40805123@group-4817D3A8AAC5 is not the leader 7aa83ab1-477a-4917-a557-8c7bdb1dca7a:192.168.157.219:37869, logIndex=0, commits[6ce6840f-3bb0-4d7d-8406-ba4a40805123:c12, 7aa83ab1-477a-4917-a557-8c7bdb1dca7a:c12, 285d9e5f-8853-4762-b181-afacccda6eae:c10]
2019-09-17 11:35:06,881 [java.util.concurrent.ThreadPoolExecutor$Worker@7acd5285[State = -1, empty queue]] WARN  server.GrpcLogAppender (GrpcLogAppender.java:timeoutAppendRequest(200)) - 7aa83ab1-477a-4917-a557-8c7bdb1dca7a@group-4817D3A8AAC5->6ce6840f-3bb0-4d7d-8406-ba4a40805123-GrpcLogAppender: appendEntries Timeout, request=7aa83ab1-477a-4917-a557-8c7bdb1dca7a->6ce6840f-3bb0-4d7d-8406-ba4a40805123#47-t1, previous=(t:1, i:18), leaderCommit=12, initializing? false, entries: <empty>
2019-09-17 11:35:06,881 [java.util.concurrent.ThreadPoolExecutor$Worker@f9cdb08[State = -1, empty queue]] WARN  server.GrpcLogAppender (GrpcLogAppender.java:timeoutAppendRequest(200)) - 7aa83ab1-477a-4917-a557-8c7bdb1dca7a@group-4817D3A8AAC5->285d9e5f-8853-4762-b181-afacccda6eae-GrpcLogAppender: appendEntries Timeout, request=7aa83ab1-477a-4917-a557-8c7bdb1dca7a->285d9e5f-8853-4762-b181-afacccda6eae#47-t1, previous=(t:1, i:18), leaderCommit=12, initializing? false, entries: <empty>
2019-09-17 11:35:08,931 [285d9e5f-8853-4762-b181-afacccda6eae@group-4817D3A8AAC5-SegmentedRaftLogWorker] WARN  segmented.SegmentedRaftLogWorker (SegmentedRaftLogWorker.java:getFromFuture(90)) - Timeout 6/~
org.apache.ratis.protocol.TimeoutIOException: Timeout 10s: WriteLog:16: (t:1, i:16), STATEMACHINELOGENTRY, client-6D2DBBDC0506, cid=27-writeStateMachineData
	at org.apache.ratis.util.IOUtils.getFromFuture(IOUtils.java:87)
	at org.apache.ratis.server.raftlog.segmented.SegmentedRaftLogWorker$StateMachineDataPolicy.getFromFuture(SegmentedRaftLogWorker.java:87)
	at org.apache.ratis.server.raftlog.segmented.SegmentedRaftLogWorker$WriteLog.execute(SegmentedRaftLogWorker.java:477)
	at org.apache.ratis.server.raftlog.segmented.SegmentedRaftLogWorker.run(SegmentedRaftLogWorker.java:289)
	at java.lang.Thread.run(Thread.java:748)
Caused by: java.util.concurrent.TimeoutException
	at java.util.concurrent.CompletableFuture.timedGet(CompletableFuture.java:1771)
	at java.util.concurrent.CompletableFuture.get(CompletableFuture.java:1915)
	at org.apache.ratis.util.IOUtils.getFromFuture(IOUtils.java:79)
	... 4 more
2019-09-17 11:35:08,931 [7aa83ab1-477a-4917-a557-8c7bdb1dca7a@group-4817D3A8AAC5-SegmentedRaftLogWorker] WARN  segmented.SegmentedRaftLogWorker (SegmentedRaftLogWorker.java:getFromFuture(90)) - Timeout 6/~
org.apache.ratis.protocol.TimeoutIOException: Timeout 10s: WriteLog:14: (t:1, i:14), STATEMACHINELOGENTRY, client-6D2DBBDC0506, cid=25-writeStateMachineData
	at org.apache.ratis.util.IOUtils.getFromFuture(IOUtils.java:87)
	at org.apache.ratis.server.raftlog.segmented.SegmentedRaftLogWorker$StateMachineDataPolicy.getFromFuture(SegmentedRaftLogWorker.java:87)
	at org.apache.ratis.server.raftlog.segmented.SegmentedRaftLogWorker$WriteLog.execute(SegmentedRaftLogWorker.java:477)
	at org.apache.ratis.server.raftlog.segmented.SegmentedRaftLogWorker.run(SegmentedRaftLogWorker.java:289)
	at java.lang.Thread.run(Thread.java:748)
Caused by: java.util.concurrent.TimeoutException
	at java.util.concurrent.CompletableFuture.timedGet(CompletableFuture.java:1771)
	at java.util.concurrent.CompletableFuture.get(CompletableFuture.java:1915)
	at org.apache.ratis.util.IOUtils.getFromFuture(IOUtils.java:79)
	... 4 more
2019-09-17 11:35:08,963 [6ce6840f-3bb0-4d7d-8406-ba4a40805123@group-4817D3A8AAC5-SegmentedRaftLogWorker] WARN  segmented.SegmentedRaftLogWorker (SegmentedRaftLogWorker.java:getFromFuture(90)) - Timeout 6/~
org.apache.ratis.protocol.TimeoutIOException: Timeout 10s: WriteLog:14: (t:1, i:14), STATEMACHINELOGENTRY, client-6D2DBBDC0506, cid=25-writeStateMachineData
	at org.apache.ratis.util.IOUtils.getFromFuture(IOUtils.java:87)
	at org.apache.ratis.server.raftlog.segmented.SegmentedRaftLogWorker$StateMachineDataPolicy.getFromFuture(SegmentedRaftLogWorker.java:87)
	at org.apache.ratis.server.raftlog.segmented.SegmentedRaftLogWorker$WriteLog.execute(SegmentedRaftLogWorker.java:477)
	at org.apache.ratis.server.raftlog.segmented.SegmentedRaftLogWorker.run(SegmentedRaftLogWorker.java:289)
	at java.lang.Thread.run(Thread.java:748)
Caused by: java.util.concurrent.TimeoutException
	at java.util.concurrent.CompletableFuture.timedGet(CompletableFuture.java:1771)
	at java.util.concurrent.CompletableFuture.get(CompletableFuture.java:1915)
	at org.apache.ratis.util.IOUtils.getFromFuture(IOUtils.java:79)
	... 4 more
2019-09-17 11:35:09,382 [java.util.concurrent.ThreadPoolExecutor$Worker@7acd5285[State = -1, empty queue]] WARN  server.GrpcLogAppender (GrpcLogAppender.java:timeoutAppendRequest(200)) - 7aa83ab1-477a-4917-a557-8c7bdb1dca7a@group-4817D3A8AAC5->6ce6840f-3bb0-4d7d-8406-ba4a40805123-GrpcLogAppender: appendEntries Timeout, request=7aa83ab1-477a-4917-a557-8c7bdb1dca7a->6ce6840f-3bb0-4d7d-8406-ba4a40805123#48-t1, previous=(t:1, i:18), leaderCommit=12, initializing? false, entries: <empty>
2019-09-17 11:35:09,382 [java.util.concurrent.ThreadPoolExecutor$Worker@f9cdb08[State = -1, empty queue]] WARN  server.GrpcLogAppender (GrpcLogAppender.java:timeoutAppendRequest(200)) - 7aa83ab1-477a-4917-a557-8c7bdb1dca7a@group-4817D3A8AAC5->285d9e5f-8853-4762-b181-afacccda6eae-GrpcLogAppender: appendEntries Timeout, request=7aa83ab1-477a-4917-a557-8c7bdb1dca7a->285d9e5f-8853-4762-b181-afacccda6eae#48-t1, previous=(t:1, i:18), leaderCommit=12, initializing? false, entries: <empty>
2019-09-17 11:35:09,606 [grpc-default-executor-7] INFO  client.GrpcClientProtocolClient (GrpcClientProtocolClient.java:onNext(264)) - client-6D2DBBDC0506->6ce6840f-3bb0-4d7d-8406-ba4a40805123: receive RaftClientReply:client-6D2DBBDC0506->6ce6840f-3bb0-4d7d-8406-ba4a40805123@group-4817D3A8AAC5, cid=24, FAILED org.apache.ratis.protocol.NotLeaderException: Server 6ce6840f-3bb0-4d7d-8406-ba4a40805123@group-4817D3A8AAC5 is not the leader 7aa83ab1-477a-4917-a557-8c7bdb1dca7a:192.168.157.219:37869, logIndex=0, commits[6ce6840f-3bb0-4d7d-8406-ba4a40805123:c12, 7aa83ab1-477a-4917-a557-8c7bdb1dca7a:c12, 285d9e5f-8853-4762-b181-afacccda6eae:c10]
2019-09-17 11:35:11,883 [java.util.concurrent.ThreadPoolExecutor$Worker@7acd5285[State = -1, empty queue]] WARN  server.GrpcLogAppender (GrpcLogAppender.java:timeoutAppendRequest(200)) - 7aa83ab1-477a-4917-a557-8c7bdb1dca7a@group-4817D3A8AAC5->6ce6840f-3bb0-4d7d-8406-ba4a40805123-GrpcLogAppender: appendEntries Timeout, request=7aa83ab1-477a-4917-a557-8c7bdb1dca7a->6ce6840f-3bb0-4d7d-8406-ba4a40805123#49-t1, previous=(t:1, i:18), leaderCommit=12, initializing? false, entries: <empty>
2019-09-17 11:35:11,883 [java.util.concurrent.ThreadPoolExecutor$Worker@f9cdb08[State = -1, empty queue]] WARN  server.GrpcLogAppender (GrpcLogAppender.java:timeoutAppendRequest(200)) - 7aa83ab1-477a-4917-a557-8c7bdb1dca7a@group-4817D3A8AAC5->285d9e5f-8853-4762-b181-afacccda6eae-GrpcLogAppender: appendEntries Timeout, request=7aa83ab1-477a-4917-a557-8c7bdb1dca7a->285d9e5f-8853-4762-b181-afacccda6eae#49-t1, previous=(t:1, i:18), leaderCommit=12, initializing? false, entries: <empty>
2019-09-17 11:35:14,385 [java.util.concurrent.ThreadPoolExecutor$Worker@f9cdb08[State = -1, empty queue]] WARN  server.GrpcLogAppender (GrpcLogAppender.java:timeoutAppendRequest(200)) - 7aa83ab1-477a-4917-a557-8c7bdb1dca7a@group-4817D3A8AAC5->285d9e5f-8853-4762-b181-afacccda6eae-GrpcLogAppender: appendEntries Timeout, request=7aa83ab1-477a-4917-a557-8c7bdb1dca7a->285d9e5f-8853-4762-b181-afacccda6eae#50-t1, previous=(t:1, i:18), leaderCommit=12, initializing? false, entries: <empty>
2019-09-17 11:35:14,385 [java.util.concurrent.ThreadPoolExecutor$Worker@7acd5285[State = -1, empty queue]] WARN  server.GrpcLogAppender (GrpcLogAppender.java:timeoutAppendRequest(200)) - 7aa83ab1-477a-4917-a557-8c7bdb1dca7a@group-4817D3A8AAC5->6ce6840f-3bb0-4d7d-8406-ba4a40805123-GrpcLogAppender: appendEntries Timeout, request=7aa83ab1-477a-4917-a557-8c7bdb1dca7a->6ce6840f-3bb0-4d7d-8406-ba4a40805123#50-t1, previous=(t:1, i:18), leaderCommit=12, initializing? false, entries: <empty>
2019-09-17 11:35:14,661 [grpc-default-executor-6] INFO  client.GrpcClientProtocolClient (GrpcClientProtocolClient.java:onNext(264)) - client-6D2DBBDC0506->6ce6840f-3bb0-4d7d-8406-ba4a40805123: receive RaftClientReply:client-6D2DBBDC0506->6ce6840f-3bb0-4d7d-8406-ba4a40805123@group-4817D3A8AAC5, cid=24, FAILED org.apache.ratis.protocol.NotLeaderException: Server 6ce6840f-3bb0-4d7d-8406-ba4a40805123@group-4817D3A8AAC5 is not the leader 7aa83ab1-477a-4917-a557-8c7bdb1dca7a:192.168.157.219:37869, logIndex=0, commits[6ce6840f-3bb0-4d7d-8406-ba4a40805123:c12, 7aa83ab1-477a-4917-a557-8c7bdb1dca7a:c12, 285d9e5f-8853-4762-b181-afacccda6eae:c10]
2019-09-17 11:35:16,886 [java.util.concurrent.ThreadPoolExecutor$Worker@7acd5285[State = -1, empty queue]] WARN  server.GrpcLogAppender (GrpcLogAppender.java:timeoutAppendRequest(200)) - 7aa83ab1-477a-4917-a557-8c7bdb1dca7a@group-4817D3A8AAC5->6ce6840f-3bb0-4d7d-8406-ba4a40805123-GrpcLogAppender: appendEntries Timeout, request=7aa83ab1-477a-4917-a557-8c7bdb1dca7a->6ce6840f-3bb0-4d7d-8406-ba4a40805123#51-t1, previous=(t:1, i:18), leaderCommit=12, initializing? false, entries: <empty>
2019-09-17 11:35:16,886 [java.util.concurrent.ThreadPoolExecutor$Worker@f9cdb08[State = -1, empty queue]] WARN  server.GrpcLogAppender (GrpcLogAppender.java:timeoutAppendRequest(200)) - 7aa83ab1-477a-4917-a557-8c7bdb1dca7a@group-4817D3A8AAC5->285d9e5f-8853-4762-b181-afacccda6eae-GrpcLogAppender: appendEntries Timeout, request=7aa83ab1-477a-4917-a557-8c7bdb1dca7a->285d9e5f-8853-4762-b181-afacccda6eae#51-t1, previous=(t:1, i:18), leaderCommit=12, initializing? false, entries: <empty>
2019-09-17 11:35:18,934 [285d9e5f-8853-4762-b181-afacccda6eae@group-4817D3A8AAC5-SegmentedRaftLogWorker] WARN  segmented.SegmentedRaftLogWorker (SegmentedRaftLogWorker.java:getFromFuture(90)) - Timeout 7/~
org.apache.ratis.protocol.TimeoutIOException: Timeout 10s: WriteLog:16: (t:1, i:16), STATEMACHINELOGENTRY, client-6D2DBBDC0506, cid=27-writeStateMachineData
	at org.apache.ratis.util.IOUtils.getFromFuture(IOUtils.java:87)
	at org.apache.ratis.server.raftlog.segmented.SegmentedRaftLogWorker$StateMachineDataPolicy.getFromFuture(SegmentedRaftLogWorker.java:87)
	at org.apache.ratis.server.raftlog.segmented.SegmentedRaftLogWorker$WriteLog.execute(SegmentedRaftLogWorker.java:477)
	at org.apache.ratis.server.raftlog.segmented.SegmentedRaftLogWorker.run(SegmentedRaftLogWorker.java:289)
	at java.lang.Thread.run(Thread.java:748)
Caused by: java.util.concurrent.TimeoutException
	at java.util.concurrent.CompletableFuture.timedGet(CompletableFuture.java:1771)
	at java.util.concurrent.CompletableFuture.get(CompletableFuture.java:1915)
	at org.apache.ratis.util.IOUtils.getFromFuture(IOUtils.java:79)
	... 4 more
2019-09-17 11:35:18,964 [7aa83ab1-477a-4917-a557-8c7bdb1dca7a@group-4817D3A8AAC5-SegmentedRaftLogWorker] WARN  segmented.SegmentedRaftLogWorker (SegmentedRaftLogWorker.java:getFromFuture(90)) - Timeout 7/~
org.apache.ratis.protocol.TimeoutIOException: Timeout 10s: WriteLog:14: (t:1, i:14), STATEMACHINELOGENTRY, client-6D2DBBDC0506, cid=25-writeStateMachineData
	at org.apache.ratis.util.IOUtils.getFromFuture(IOUtils.java:87)
	at org.apache.ratis.server.raftlog.segmented.SegmentedRaftLogWorker$StateMachineDataPolicy.getFromFuture(SegmentedRaftLogWorker.java:87)
	at org.apache.ratis.server.raftlog.segmented.SegmentedRaftLogWorker$WriteLog.execute(SegmentedRaftLogWorker.java:477)
	at org.apache.ratis.server.raftlog.segmented.SegmentedRaftLogWorker.run(SegmentedRaftLogWorker.java:289)
	at java.lang.Thread.run(Thread.java:748)
Caused by: java.util.concurrent.TimeoutException
	at java.util.concurrent.CompletableFuture.timedGet(CompletableFuture.java:1771)
	at java.util.concurrent.CompletableFuture.get(CompletableFuture.java:1915)
	at org.apache.ratis.util.IOUtils.getFromFuture(IOUtils.java:79)
	... 4 more
2019-09-17 11:35:18,964 [6ce6840f-3bb0-4d7d-8406-ba4a40805123@group-4817D3A8AAC5-SegmentedRaftLogWorker] WARN  segmented.SegmentedRaftLogWorker (SegmentedRaftLogWorker.java:getFromFuture(90)) - Timeout 7/~
org.apache.ratis.protocol.TimeoutIOException: Timeout 10s: WriteLog:14: (t:1, i:14), STATEMACHINELOGENTRY, client-6D2DBBDC0506, cid=25-writeStateMachineData
	at org.apache.ratis.util.IOUtils.getFromFuture(IOUtils.java:87)
	at org.apache.ratis.server.raftlog.segmented.SegmentedRaftLogWorker$StateMachineDataPolicy.getFromFuture(SegmentedRaftLogWorker.java:87)
	at org.apache.ratis.server.raftlog.segmented.SegmentedRaftLogWorker$WriteLog.execute(SegmentedRaftLogWorker.java:477)
	at org.apache.ratis.server.raftlog.segmented.SegmentedRaftLogWorker.run(SegmentedRaftLogWorker.java:289)
	at java.lang.Thread.run(Thread.java:748)
Caused by: java.util.concurrent.TimeoutException
	at java.util.concurrent.CompletableFuture.timedGet(CompletableFuture.java:1771)
	at java.util.concurrent.CompletableFuture.get(CompletableFuture.java:1915)
	at org.apache.ratis.util.IOUtils.getFromFuture(IOUtils.java:79)
	... 4 more
2019-09-17 11:35:19,387 [java.util.concurrent.ThreadPoolExecutor$Worker@7acd5285[State = -1, empty queue]] WARN  server.GrpcLogAppender (GrpcLogAppender.java:timeoutAppendRequest(200)) - 7aa83ab1-477a-4917-a557-8c7bdb1dca7a@group-4817D3A8AAC5->6ce6840f-3bb0-4d7d-8406-ba4a40805123-GrpcLogAppender: appendEntries Timeout, request=7aa83ab1-477a-4917-a557-8c7bdb1dca7a->6ce6840f-3bb0-4d7d-8406-ba4a40805123#52-t1, previous=(t:1, i:18), leaderCommit=12, initializing? false, entries: <empty>
2019-09-17 11:35:19,387 [java.util.concurrent.ThreadPoolExecutor$Worker@f9cdb08[State = -1, empty queue]] WARN  server.GrpcLogAppender (GrpcLogAppender.java:timeoutAppendRequest(200)) - 7aa83ab1-477a-4917-a557-8c7bdb1dca7a@group-4817D3A8AAC5->285d9e5f-8853-4762-b181-afacccda6eae-GrpcLogAppender: appendEntries Timeout, request=7aa83ab1-477a-4917-a557-8c7bdb1dca7a->285d9e5f-8853-4762-b181-afacccda6eae#52-t1, previous=(t:1, i:18), leaderCommit=12, initializing? false, entries: <empty>
2019-09-17 11:35:19,735 [grpc-default-executor-6] INFO  client.GrpcClientProtocolClient (GrpcClientProtocolClient.java:onNext(264)) - client-6D2DBBDC0506->6ce6840f-3bb0-4d7d-8406-ba4a40805123: receive RaftClientReply:client-6D2DBBDC0506->6ce6840f-3bb0-4d7d-8406-ba4a40805123@group-4817D3A8AAC5, cid=24, FAILED org.apache.ratis.protocol.NotLeaderException: Server 6ce6840f-3bb0-4d7d-8406-ba4a40805123@group-4817D3A8AAC5 is not the leader 7aa83ab1-477a-4917-a557-8c7bdb1dca7a:192.168.157.219:37869, logIndex=0, commits[6ce6840f-3bb0-4d7d-8406-ba4a40805123:c12, 7aa83ab1-477a-4917-a557-8c7bdb1dca7a:c12, 285d9e5f-8853-4762-b181-afacccda6eae:c10]
2019-09-17 11:35:21,887 [java.util.concurrent.ThreadPoolExecutor$Worker@7acd5285[State = -1, empty queue]] WARN  server.GrpcLogAppender (GrpcLogAppender.java:timeoutAppendRequest(200)) - 7aa83ab1-477a-4917-a557-8c7bdb1dca7a@group-4817D3A8AAC5->6ce6840f-3bb0-4d7d-8406-ba4a40805123-GrpcLogAppender: appendEntries Timeout, request=7aa83ab1-477a-4917-a557-8c7bdb1dca7a->6ce6840f-3bb0-4d7d-8406-ba4a40805123#53-t1, previous=(t:1, i:18), leaderCommit=12, initializing? false, entries: <empty>
2019-09-17 11:35:21,887 [java.util.concurrent.ThreadPoolExecutor$Worker@f9cdb08[State = -1, empty queue]] WARN  server.GrpcLogAppender (GrpcLogAppender.java:timeoutAppendRequest(200)) - 7aa83ab1-477a-4917-a557-8c7bdb1dca7a@group-4817D3A8AAC5->285d9e5f-8853-4762-b181-afacccda6eae-GrpcLogAppender: appendEntries Timeout, request=7aa83ab1-477a-4917-a557-8c7bdb1dca7a->285d9e5f-8853-4762-b181-afacccda6eae#53-t1, previous=(t:1, i:18), leaderCommit=12, initializing? false, entries: <empty>
2019-09-17 11:35:24,388 [java.util.concurrent.ThreadPoolExecutor$Worker@7acd5285[State = -1, empty queue]] WARN  server.GrpcLogAppender (GrpcLogAppender.java:timeoutAppendRequest(200)) - 7aa83ab1-477a-4917-a557-8c7bdb1dca7a@group-4817D3A8AAC5->6ce6840f-3bb0-4d7d-8406-ba4a40805123-GrpcLogAppender: appendEntries Timeout, request=7aa83ab1-477a-4917-a557-8c7bdb1dca7a->6ce6840f-3bb0-4d7d-8406-ba4a40805123#54-t1, previous=(t:1, i:18), leaderCommit=12, initializing? false, entries: <empty>
2019-09-17 11:35:24,388 [java.util.concurrent.ThreadPoolExecutor$Worker@f9cdb08[State = -1, empty queue]] WARN  server.GrpcLogAppender (GrpcLogAppender.java:timeoutAppendRequest(200)) - 7aa83ab1-477a-4917-a557-8c7bdb1dca7a@group-4817D3A8AAC5->285d9e5f-8853-4762-b181-afacccda6eae-GrpcLogAppender: appendEntries Timeout, request=7aa83ab1-477a-4917-a557-8c7bdb1dca7a->285d9e5f-8853-4762-b181-afacccda6eae#54-t1, previous=(t:1, i:18), leaderCommit=12, initializing? false, entries: <empty>
2019-09-17 11:35:24,787 [grpc-default-executor-7] INFO  client.GrpcClientProtocolClient (GrpcClientProtocolClient.java:onNext(264)) - client-6D2DBBDC0506->6ce6840f-3bb0-4d7d-8406-ba4a40805123: receive RaftClientReply:client-6D2DBBDC0506->6ce6840f-3bb0-4d7d-8406-ba4a40805123@group-4817D3A8AAC5, cid=24, FAILED org.apache.ratis.protocol.NotLeaderException: Server 6ce6840f-3bb0-4d7d-8406-ba4a40805123@group-4817D3A8AAC5 is not the leader 7aa83ab1-477a-4917-a557-8c7bdb1dca7a:192.168.157.219:37869, logIndex=0, commits[6ce6840f-3bb0-4d7d-8406-ba4a40805123:c12, 7aa83ab1-477a-4917-a557-8c7bdb1dca7a:c12, 285d9e5f-8853-4762-b181-afacccda6eae:c10]
2019-09-17 11:35:26,889 [java.util.concurrent.ThreadPoolExecutor$Worker@7acd5285[State = -1, empty queue]] WARN  server.GrpcLogAppender (GrpcLogAppender.java:timeoutAppendRequest(200)) - 7aa83ab1-477a-4917-a557-8c7bdb1dca7a@group-4817D3A8AAC5->6ce6840f-3bb0-4d7d-8406-ba4a40805123-GrpcLogAppender: appendEntries Timeout, request=7aa83ab1-477a-4917-a557-8c7bdb1dca7a->6ce6840f-3bb0-4d7d-8406-ba4a40805123#55-t1, previous=(t:1, i:18), leaderCommit=12, initializing? false, entries: <empty>
2019-09-17 11:35:26,889 [java.util.concurrent.ThreadPoolExecutor$Worker@f9cdb08[State = -1, empty queue]] WARN  server.GrpcLogAppender (GrpcLogAppender.java:timeoutAppendRequest(200)) - 7aa83ab1-477a-4917-a557-8c7bdb1dca7a@group-4817D3A8AAC5->285d9e5f-8853-4762-b181-afacccda6eae-GrpcLogAppender: appendEntries Timeout, request=7aa83ab1-477a-4917-a557-8c7bdb1dca7a->285d9e5f-8853-4762-b181-afacccda6eae#55-t1, previous=(t:1, i:18), leaderCommit=12, initializing? false, entries: <empty>
2019-09-17 11:35:28,935 [285d9e5f-8853-4762-b181-afacccda6eae@group-4817D3A8AAC5-SegmentedRaftLogWorker] WARN  segmented.SegmentedRaftLogWorker (SegmentedRaftLogWorker.java:getFromFuture(90)) - Timeout 8/~
org.apache.ratis.protocol.TimeoutIOException: Timeout 10s: WriteLog:16: (t:1, i:16), STATEMACHINELOGENTRY, client-6D2DBBDC0506, cid=27-writeStateMachineData
	at org.apache.ratis.util.IOUtils.getFromFuture(IOUtils.java:87)
	at org.apache.ratis.server.raftlog.segmented.SegmentedRaftLogWorker$StateMachineDataPolicy.getFromFuture(SegmentedRaftLogWorker.java:87)
	at org.apache.ratis.server.raftlog.segmented.SegmentedRaftLogWorker$WriteLog.execute(SegmentedRaftLogWorker.java:477)
	at org.apache.ratis.server.raftlog.segmented.SegmentedRaftLogWorker.run(SegmentedRaftLogWorker.java:289)
	at java.lang.Thread.run(Thread.java:748)
Caused by: java.util.concurrent.TimeoutException
	at java.util.concurrent.CompletableFuture.timedGet(CompletableFuture.java:1771)
	at java.util.concurrent.CompletableFuture.get(CompletableFuture.java:1915)
	at org.apache.ratis.util.IOUtils.getFromFuture(IOUtils.java:79)
	... 4 more
2019-09-17 11:35:28,964 [7aa83ab1-477a-4917-a557-8c7bdb1dca7a@group-4817D3A8AAC5-SegmentedRaftLogWorker] WARN  segmented.SegmentedRaftLogWorker (SegmentedRaftLogWorker.java:getFromFuture(90)) - Timeout 8/~
org.apache.ratis.protocol.TimeoutIOException: Timeout 10s: WriteLog:14: (t:1, i:14), STATEMACHINELOGENTRY, client-6D2DBBDC0506, cid=25-writeStateMachineData
	at org.apache.ratis.util.IOUtils.getFromFuture(IOUtils.java:87)
	at org.apache.ratis.server.raftlog.segmented.SegmentedRaftLogWorker$StateMachineDataPolicy.getFromFuture(SegmentedRaftLogWorker.java:87)
	at org.apache.ratis.server.raftlog.segmented.SegmentedRaftLogWorker$WriteLog.execute(SegmentedRaftLogWorker.java:477)
	at org.apache.ratis.server.raftlog.segmented.SegmentedRaftLogWorker.run(SegmentedRaftLogWorker.java:289)
	at java.lang.Thread.run(Thread.java:748)
Caused by: java.util.concurrent.TimeoutException
	at java.util.concurrent.CompletableFuture.timedGet(CompletableFuture.java:1771)
	at java.util.concurrent.CompletableFuture.get(CompletableFuture.java:1915)
	at org.apache.ratis.util.IOUtils.getFromFuture(IOUtils.java:79)
	... 4 more
2019-09-17 11:35:28,965 [6ce6840f-3bb0-4d7d-8406-ba4a40805123@group-4817D3A8AAC5-SegmentedRaftLogWorker] WARN  segmented.SegmentedRaftLogWorker (SegmentedRaftLogWorker.java:getFromFuture(90)) - Timeout 8/~
org.apache.ratis.protocol.TimeoutIOException: Timeout 10s: WriteLog:14: (t:1, i:14), STATEMACHINELOGENTRY, client-6D2DBBDC0506, cid=25-writeStateMachineData
	at org.apache.ratis.util.IOUtils.getFromFuture(IOUtils.java:87)
	at org.apache.ratis.server.raftlog.segmented.SegmentedRaftLogWorker$StateMachineDataPolicy.getFromFuture(SegmentedRaftLogWorker.java:87)
	at org.apache.ratis.server.raftlog.segmented.SegmentedRaftLogWorker$WriteLog.execute(SegmentedRaftLogWorker.java:477)
	at org.apache.ratis.server.raftlog.segmented.SegmentedRaftLogWorker.run(SegmentedRaftLogWorker.java:289)
	at java.lang.Thread.run(Thread.java:748)
Caused by: java.util.concurrent.TimeoutException
	at java.util.concurrent.CompletableFuture.timedGet(CompletableFuture.java:1771)
	at java.util.concurrent.CompletableFuture.get(CompletableFuture.java:1915)
	at org.apache.ratis.util.IOUtils.getFromFuture(IOUtils.java:79)
	... 4 more
2019-09-17 11:35:29,389 [java.util.concurrent.ThreadPoolExecutor$Worker@f9cdb08[State = -1, empty queue]] WARN  server.GrpcLogAppender (GrpcLogAppender.java:timeoutAppendRequest(200)) - 7aa83ab1-477a-4917-a557-8c7bdb1dca7a@group-4817D3A8AAC5->285d9e5f-8853-4762-b181-afacccda6eae-GrpcLogAppender: appendEntries Timeout, request=7aa83ab1-477a-4917-a557-8c7bdb1dca7a->285d9e5f-8853-4762-b181-afacccda6eae#56-t1, previous=(t:1, i:18), leaderCommit=12, initializing? false, entries: <empty>
2019-09-17 11:35:29,389 [java.util.concurrent.ThreadPoolExecutor$Worker@7acd5285[State = -1, empty queue]] WARN  server.GrpcLogAppender (GrpcLogAppender.java:timeoutAppendRequest(200)) - 7aa83ab1-477a-4917-a557-8c7bdb1dca7a@group-4817D3A8AAC5->6ce6840f-3bb0-4d7d-8406-ba4a40805123-GrpcLogAppender: appendEntries Timeout, request=7aa83ab1-477a-4917-a557-8c7bdb1dca7a->6ce6840f-3bb0-4d7d-8406-ba4a40805123#56-t1, previous=(t:1, i:18), leaderCommit=12, initializing? false, entries: <empty>
2019-09-17 11:35:29,842 [grpc-default-executor-6] INFO  client.GrpcClientProtocolClient (GrpcClientProtocolClient.java:onNext(264)) - client-6D2DBBDC0506->285d9e5f-8853-4762-b181-afacccda6eae: receive RaftClientReply:client-6D2DBBDC0506->285d9e5f-8853-4762-b181-afacccda6eae@group-4817D3A8AAC5, cid=24, FAILED org.apache.ratis.protocol.NotLeaderException: Server 285d9e5f-8853-4762-b181-afacccda6eae@group-4817D3A8AAC5 is not the leader 7aa83ab1-477a-4917-a557-8c7bdb1dca7a:192.168.157.219:37869, logIndex=0, commits[285d9e5f-8853-4762-b181-afacccda6eae:c12, 6ce6840f-3bb0-4d7d-8406-ba4a40805123:c10, 7aa83ab1-477a-4917-a557-8c7bdb1dca7a:c12]
2019-09-17 11:35:31,890 [java.util.concurrent.ThreadPoolExecutor$Worker@f9cdb08[State = -1, empty queue]] WARN  server.GrpcLogAppender (GrpcLogAppender.java:timeoutAppendRequest(200)) - 7aa83ab1-477a-4917-a557-8c7bdb1dca7a@group-4817D3A8AAC5->285d9e5f-8853-4762-b181-afacccda6eae-GrpcLogAppender: appendEntries Timeout, request=7aa83ab1-477a-4917-a557-8c7bdb1dca7a->285d9e5f-8853-4762-b181-afacccda6eae#57-t1, previous=(t:1, i:18), leaderCommit=12, initializing? false, entries: <empty>
2019-09-17 11:35:31,890 [java.util.concurrent.ThreadPoolExecutor$Worker@7acd5285[State = -1, empty queue]] WARN  server.GrpcLogAppender (GrpcLogAppender.java:timeoutAppendRequest(200)) - 7aa83ab1-477a-4917-a557-8c7bdb1dca7a@group-4817D3A8AAC5->6ce6840f-3bb0-4d7d-8406-ba4a40805123-GrpcLogAppender: appendEntries Timeout, request=7aa83ab1-477a-4917-a557-8c7bdb1dca7a->6ce6840f-3bb0-4d7d-8406-ba4a40805123#57-t1, previous=(t:1, i:18), leaderCommit=12, initializing? false, entries: <empty>
2019-09-17 11:35:34,390 [java.util.concurrent.ThreadPoolExecutor$Worker@7acd5285[State = -1, empty queue]] WARN  server.GrpcLogAppender (GrpcLogAppender.java:timeoutAppendRequest(200)) - 7aa83ab1-477a-4917-a557-8c7bdb1dca7a@group-4817D3A8AAC5->6ce6840f-3bb0-4d7d-8406-ba4a40805123-GrpcLogAppender: appendEntries Timeout, request=7aa83ab1-477a-4917-a557-8c7bdb1dca7a->6ce6840f-3bb0-4d7d-8406-ba4a40805123#58-t1, previous=(t:1, i:18), leaderCommit=12, initializing? false, entries: <empty>
2019-09-17 11:35:34,390 [java.util.concurrent.ThreadPoolExecutor$Worker@f9cdb08[State = -1, empty queue]] WARN  server.GrpcLogAppender (GrpcLogAppender.java:timeoutAppendRequest(200)) - 7aa83ab1-477a-4917-a557-8c7bdb1dca7a@group-4817D3A8AAC5->285d9e5f-8853-4762-b181-afacccda6eae-GrpcLogAppender: appendEntries Timeout, request=7aa83ab1-477a-4917-a557-8c7bdb1dca7a->285d9e5f-8853-4762-b181-afacccda6eae#58-t1, previous=(t:1, i:18), leaderCommit=12, initializing? false, entries: <empty>
2019-09-17 11:35:34,908 [grpc-default-executor-7] INFO  client.GrpcClientProtocolClient (GrpcClientProtocolClient.java:onNext(264)) - client-6D2DBBDC0506->285d9e5f-8853-4762-b181-afacccda6eae: receive RaftClientReply:client-6D2DBBDC0506->285d9e5f-8853-4762-b181-afacccda6eae@group-4817D3A8AAC5, cid=24, FAILED org.apache.ratis.protocol.NotLeaderException: Server 285d9e5f-8853-4762-b181-afacccda6eae@group-4817D3A8AAC5 is not the leader 7aa83ab1-477a-4917-a557-8c7bdb1dca7a:192.168.157.219:37869, logIndex=0, commits[285d9e5f-8853-4762-b181-afacccda6eae:c12, 6ce6840f-3bb0-4d7d-8406-ba4a40805123:c10, 7aa83ab1-477a-4917-a557-8c7bdb1dca7a:c12]
2019-09-17 11:35:36,899 [java.util.concurrent.ThreadPoolExecutor$Worker@7acd5285[State = -1, empty queue]] WARN  server.GrpcLogAppender (GrpcLogAppender.java:timeoutAppendRequest(200)) - 7aa83ab1-477a-4917-a557-8c7bdb1dca7a@group-4817D3A8AAC5->6ce6840f-3bb0-4d7d-8406-ba4a40805123-GrpcLogAppender: appendEntries Timeout, request=7aa83ab1-477a-4917-a557-8c7bdb1dca7a->6ce6840f-3bb0-4d7d-8406-ba4a40805123#59-t1, previous=(t:1, i:18), leaderCommit=12, initializing? false, entries: <empty>
2019-09-17 11:35:36,899 [java.util.concurrent.ThreadPoolExecutor$Worker@f9cdb08[State = -1, empty queue]] WARN  server.GrpcLogAppender (GrpcLogAppender.java:timeoutAppendRequest(200)) - 7aa83ab1-477a-4917-a557-8c7bdb1dca7a@group-4817D3A8AAC5->285d9e5f-8853-4762-b181-afacccda6eae-GrpcLogAppender: appendEntries Timeout, request=7aa83ab1-477a-4917-a557-8c7bdb1dca7a->285d9e5f-8853-4762-b181-afacccda6eae#59-t1, previous=(t:1, i:18), leaderCommit=12, initializing? false, entries: <empty>
2019-09-17 11:35:38,939 [285d9e5f-8853-4762-b181-afacccda6eae@group-4817D3A8AAC5-SegmentedRaftLogWorker] WARN  segmented.SegmentedRaftLogWorker (SegmentedRaftLogWorker.java:getFromFuture(90)) - Timeout 9/~
org.apache.ratis.protocol.TimeoutIOException: Timeout 10s: WriteLog:16: (t:1, i:16), STATEMACHINELOGENTRY, client-6D2DBBDC0506, cid=27-writeStateMachineData
	at org.apache.ratis.util.IOUtils.getFromFuture(IOUtils.java:87)
	at org.apache.ratis.server.raftlog.segmented.SegmentedRaftLogWorker$StateMachineDataPolicy.getFromFuture(SegmentedRaftLogWorker.java:87)
	at org.apache.ratis.server.raftlog.segmented.SegmentedRaftLogWorker$WriteLog.execute(SegmentedRaftLogWorker.java:477)
	at org.apache.ratis.server.raftlog.segmented.SegmentedRaftLogWorker.run(SegmentedRaftLogWorker.java:289)
	at java.lang.Thread.run(Thread.java:748)
Caused by: java.util.concurrent.TimeoutException
	at java.util.concurrent.CompletableFuture.timedGet(CompletableFuture.java:1771)
	at java.util.concurrent.CompletableFuture.get(CompletableFuture.java:1915)
	at org.apache.ratis.util.IOUtils.getFromFuture(IOUtils.java:79)
	... 4 more
2019-09-17 11:35:38,965 [7aa83ab1-477a-4917-a557-8c7bdb1dca7a@group-4817D3A8AAC5-SegmentedRaftLogWorker] WARN  segmented.SegmentedRaftLogWorker (SegmentedRaftLogWorker.java:getFromFuture(90)) - Timeout 9/~
org.apache.ratis.protocol.TimeoutIOException: Timeout 10s: WriteLog:14: (t:1, i:14), STATEMACHINELOGENTRY, client-6D2DBBDC0506, cid=25-writeStateMachineData
	at org.apache.ratis.util.IOUtils.getFromFuture(IOUtils.java:87)
	at org.apache.ratis.server.raftlog.segmented.SegmentedRaftLogWorker$StateMachineDataPolicy.getFromFuture(SegmentedRaftLogWorker.java:87)
	at org.apache.ratis.server.raftlog.segmented.SegmentedRaftLogWorker$WriteLog.execute(SegmentedRaftLogWorker.java:477)
	at org.apache.ratis.server.raftlog.segmented.SegmentedRaftLogWorker.run(SegmentedRaftLogWorker.java:289)
	at java.lang.Thread.run(Thread.java:748)
Caused by: java.util.concurrent.TimeoutException
	at java.util.concurrent.CompletableFuture.timedGet(CompletableFuture.java:1771)
	at java.util.concurrent.CompletableFuture.get(CompletableFuture.java:1915)
	at org.apache.ratis.util.IOUtils.getFromFuture(IOUtils.java:79)
	... 4 more
2019-09-17 11:35:38,966 [6ce6840f-3bb0-4d7d-8406-ba4a40805123@group-4817D3A8AAC5-SegmentedRaftLogWorker] WARN  segmented.SegmentedRaftLogWorker (SegmentedRaftLogWorker.java:getFromFuture(90)) - Timeout 9/~
org.apache.ratis.protocol.TimeoutIOException: Timeout 10s: WriteLog:14: (t:1, i:14), STATEMACHINELOGENTRY, client-6D2DBBDC0506, cid=25-writeStateMachineData
	at org.apache.ratis.util.IOUtils.getFromFuture(IOUtils.java:87)
	at org.apache.ratis.server.raftlog.segmented.SegmentedRaftLogWorker$StateMachineDataPolicy.getFromFuture(SegmentedRaftLogWorker.java:87)
	at org.apache.ratis.server.raftlog.segmented.SegmentedRaftLogWorker$WriteLog.execute(SegmentedRaftLogWorker.java:477)
	at org.apache.ratis.server.raftlog.segmented.SegmentedRaftLogWorker.run(SegmentedRaftLogWorker.java:289)
	at java.lang.Thread.run(Thread.java:748)
Caused by: java.util.concurrent.TimeoutException
	at java.util.concurrent.CompletableFuture.timedGet(CompletableFuture.java:1771)
	at java.util.concurrent.CompletableFuture.get(CompletableFuture.java:1915)
	at org.apache.ratis.util.IOUtils.getFromFuture(IOUtils.java:79)
	... 4 more
2019-09-17 11:35:39,399 [java.util.concurrent.ThreadPoolExecutor$Worker@f9cdb08[State = -1, empty queue]] WARN  server.GrpcLogAppender (GrpcLogAppender.java:timeoutAppendRequest(200)) - 7aa83ab1-477a-4917-a557-8c7bdb1dca7a@group-4817D3A8AAC5->285d9e5f-8853-4762-b181-afacccda6eae-GrpcLogAppender: appendEntries Timeout, request=7aa83ab1-477a-4917-a557-8c7bdb1dca7a->285d9e5f-8853-4762-b181-afacccda6eae#60-t1, previous=(t:1, i:18), leaderCommit=12, initializing? false, entries: <empty>
2019-09-17 11:35:39,399 [java.util.concurrent.ThreadPoolExecutor$Worker@7acd5285[State = -1, empty queue]] WARN  server.GrpcLogAppender (GrpcLogAppender.java:timeoutAppendRequest(200)) - 7aa83ab1-477a-4917-a557-8c7bdb1dca7a@group-4817D3A8AAC5->6ce6840f-3bb0-4d7d-8406-ba4a40805123-GrpcLogAppender: appendEntries Timeout, request=7aa83ab1-477a-4917-a557-8c7bdb1dca7a->6ce6840f-3bb0-4d7d-8406-ba4a40805123#60-t1, previous=(t:1, i:18), leaderCommit=12, initializing? false, entries: <empty>
2019-09-17 11:35:39,962 [grpc-default-executor-7] INFO  client.GrpcClientProtocolClient (GrpcClientProtocolClient.java:onNext(264)) - client-6D2DBBDC0506->285d9e5f-8853-4762-b181-afacccda6eae: receive RaftClientReply:client-6D2DBBDC0506->285d9e5f-8853-4762-b181-afacccda6eae@group-4817D3A8AAC5, cid=24, FAILED org.apache.ratis.protocol.NotLeaderException: Server 285d9e5f-8853-4762-b181-afacccda6eae@group-4817D3A8AAC5 is not the leader 7aa83ab1-477a-4917-a557-8c7bdb1dca7a:192.168.157.219:37869, logIndex=0, commits[285d9e5f-8853-4762-b181-afacccda6eae:c12, 6ce6840f-3bb0-4d7d-8406-ba4a40805123:c10, 7aa83ab1-477a-4917-a557-8c7bdb1dca7a:c12]
2019-09-17 11:35:41,900 [java.util.concurrent.ThreadPoolExecutor$Worker@7acd5285[State = -1, empty queue]] WARN  server.GrpcLogAppender (GrpcLogAppender.java:timeoutAppendRequest(200)) - 7aa83ab1-477a-4917-a557-8c7bdb1dca7a@group-4817D3A8AAC5->6ce6840f-3bb0-4d7d-8406-ba4a40805123-GrpcLogAppender: appendEntries Timeout, request=7aa83ab1-477a-4917-a557-8c7bdb1dca7a->6ce6840f-3bb0-4d7d-8406-ba4a40805123#61-t1, previous=(t:1, i:18), leaderCommit=12, initializing? false, entries: <empty>
2019-09-17 11:35:41,900 [java.util.concurrent.ThreadPoolExecutor$Worker@f9cdb08[State = -1, empty queue]] WARN  server.GrpcLogAppender (GrpcLogAppender.java:timeoutAppendRequest(200)) - 7aa83ab1-477a-4917-a557-8c7bdb1dca7a@group-4817D3A8AAC5->285d9e5f-8853-4762-b181-afacccda6eae-GrpcLogAppender: appendEntries Timeout, request=7aa83ab1-477a-4917-a557-8c7bdb1dca7a->285d9e5f-8853-4762-b181-afacccda6eae#61-t1, previous=(t:1, i:18), leaderCommit=12, initializing? false, entries: <empty>
2019-09-17 11:35:44,401 [java.util.concurrent.ThreadPoolExecutor$Worker@7acd5285[State = -1, empty queue]] WARN  server.GrpcLogAppender (GrpcLogAppender.java:timeoutAppendRequest(200)) - 7aa83ab1-477a-4917-a557-8c7bdb1dca7a@group-4817D3A8AAC5->6ce6840f-3bb0-4d7d-8406-ba4a40805123-GrpcLogAppender: appendEntries Timeout, request=7aa83ab1-477a-4917-a557-8c7bdb1dca7a->6ce6840f-3bb0-4d7d-8406-ba4a40805123#62-t1, previous=(t:1, i:18), leaderCommit=12, initializing? false, entries: <empty>
2019-09-17 11:35:44,401 [java.util.concurrent.ThreadPoolExecutor$Worker@f9cdb08[State = -1, empty queue]] WARN  server.GrpcLogAppender (GrpcLogAppender.java:timeoutAppendRequest(200)) - 7aa83ab1-477a-4917-a557-8c7bdb1dca7a@group-4817D3A8AAC5->285d9e5f-8853-4762-b181-afacccda6eae-GrpcLogAppender: appendEntries Timeout, request=7aa83ab1-477a-4917-a557-8c7bdb1dca7a->285d9e5f-8853-4762-b181-afacccda6eae#62-t1, previous=(t:1, i:18), leaderCommit=12, initializing? false, entries: <empty>
2019-09-17 11:35:45,009 [grpc-default-executor-6] INFO  client.GrpcClientProtocolClient (GrpcClientProtocolClient.java:onNext(264)) - client-6D2DBBDC0506->6ce6840f-3bb0-4d7d-8406-ba4a40805123: receive RaftClientReply:client-6D2DBBDC0506->6ce6840f-3bb0-4d7d-8406-ba4a40805123@group-4817D3A8AAC5, cid=24, FAILED org.apache.ratis.protocol.NotLeaderException: Server 6ce6840f-3bb0-4d7d-8406-ba4a40805123@group-4817D3A8AAC5 is not the leader 7aa83ab1-477a-4917-a557-8c7bdb1dca7a:192.168.157.219:37869, logIndex=0, commits[6ce6840f-3bb0-4d7d-8406-ba4a40805123:c12, 7aa83ab1-477a-4917-a557-8c7bdb1dca7a:c12, 285d9e5f-8853-4762-b181-afacccda6eae:c10]
2019-09-17 11:35:46,901 [java.util.concurrent.ThreadPoolExecutor$Worker@7acd5285[State = -1, empty queue]] WARN  server.GrpcLogAppender (GrpcLogAppender.java:timeoutAppendRequest(200)) - 7aa83ab1-477a-4917-a557-8c7bdb1dca7a@group-4817D3A8AAC5->6ce6840f-3bb0-4d7d-8406-ba4a40805123-GrpcLogAppender: appendEntries Timeout, request=7aa83ab1-477a-4917-a557-8c7bdb1dca7a->6ce6840f-3bb0-4d7d-8406-ba4a40805123#63-t1, previous=(t:1, i:18), leaderCommit=12, initializing? false, entries: <empty>
2019-09-17 11:35:46,901 [java.util.concurrent.ThreadPoolExecutor$Worker@f9cdb08[State = -1, empty queue]] WARN  server.GrpcLogAppender (GrpcLogAppender.java:timeoutAppendRequest(200)) - 7aa83ab1-477a-4917-a557-8c7bdb1dca7a@group-4817D3A8AAC5->285d9e5f-8853-4762-b181-afacccda6eae-GrpcLogAppender: appendEntries Timeout, request=7aa83ab1-477a-4917-a557-8c7bdb1dca7a->285d9e5f-8853-4762-b181-afacccda6eae#63-t1, previous=(t:1, i:18), leaderCommit=12, initializing? false, entries: <empty>
2019-09-17 11:35:48,941 [285d9e5f-8853-4762-b181-afacccda6eae@group-4817D3A8AAC5-SegmentedRaftLogWorker] WARN  segmented.SegmentedRaftLogWorker (SegmentedRaftLogWorker.java:getFromFuture(90)) - Timeout 10/~
org.apache.ratis.protocol.TimeoutIOException: Timeout 10s: WriteLog:16: (t:1, i:16), STATEMACHINELOGENTRY, client-6D2DBBDC0506, cid=27-writeStateMachineData
	at org.apache.ratis.util.IOUtils.getFromFuture(IOUtils.java:87)
	at org.apache.ratis.server.raftlog.segmented.SegmentedRaftLogWorker$StateMachineDataPolicy.getFromFuture(SegmentedRaftLogWorker.java:87)
	at org.apache.ratis.server.raftlog.segmented.SegmentedRaftLogWorker$WriteLog.execute(SegmentedRaftLogWorker.java:477)
	at org.apache.ratis.server.raftlog.segmented.SegmentedRaftLogWorker.run(SegmentedRaftLogWorker.java:289)
	at java.lang.Thread.run(Thread.java:748)
Caused by: java.util.concurrent.TimeoutException
	at java.util.concurrent.CompletableFuture.timedGet(CompletableFuture.java:1771)
	at java.util.concurrent.CompletableFuture.get(CompletableFuture.java:1915)
	at org.apache.ratis.util.IOUtils.getFromFuture(IOUtils.java:79)
	... 4 more
2019-09-17 11:35:48,966 [7aa83ab1-477a-4917-a557-8c7bdb1dca7a@group-4817D3A8AAC5-SegmentedRaftLogWorker] WARN  segmented.SegmentedRaftLogWorker (SegmentedRaftLogWorker.java:getFromFuture(90)) - Timeout 10/~
org.apache.ratis.protocol.TimeoutIOException: Timeout 10s: WriteLog:14: (t:1, i:14), STATEMACHINELOGENTRY, client-6D2DBBDC0506, cid=25-writeStateMachineData
	at org.apache.ratis.util.IOUtils.getFromFuture(IOUtils.java:87)
	at org.apache.ratis.server.raftlog.segmented.SegmentedRaftLogWorker$StateMachineDataPolicy.getFromFuture(SegmentedRaftLogWorker.java:87)
	at org.apache.ratis.server.raftlog.segmented.SegmentedRaftLogWorker$WriteLog.execute(SegmentedRaftLogWorker.java:477)
	at org.apache.ratis.server.raftlog.segmented.SegmentedRaftLogWorker.run(SegmentedRaftLogWorker.java:289)
	at java.lang.Thread.run(Thread.java:748)
Caused by: java.util.concurrent.TimeoutException
	at java.util.concurrent.CompletableFuture.timedGet(CompletableFuture.java:1771)
	at java.util.concurrent.CompletableFuture.get(CompletableFuture.java:1915)
	at org.apache.ratis.util.IOUtils.getFromFuture(IOUtils.java:79)
	... 4 more
2019-09-17 11:35:48,967 [6ce6840f-3bb0-4d7d-8406-ba4a40805123@group-4817D3A8AAC5-SegmentedRaftLogWorker] WARN  segmented.SegmentedRaftLogWorker (SegmentedRaftLogWorker.java:getFromFuture(90)) - Timeout 10/~
org.apache.ratis.protocol.TimeoutIOException: Timeout 10s: WriteLog:14: (t:1, i:14), STATEMACHINELOGENTRY, client-6D2DBBDC0506, cid=25-writeStateMachineData
	at org.apache.ratis.util.IOUtils.getFromFuture(IOUtils.java:87)
	at org.apache.ratis.server.raftlog.segmented.SegmentedRaftLogWorker$StateMachineDataPolicy.getFromFuture(SegmentedRaftLogWorker.java:87)
	at org.apache.ratis.server.raftlog.segmented.SegmentedRaftLogWorker$WriteLog.execute(SegmentedRaftLogWorker.java:477)
	at org.apache.ratis.server.raftlog.segmented.SegmentedRaftLogWorker.run(SegmentedRaftLogWorker.java:289)
	at java.lang.Thread.run(Thread.java:748)
Caused by: java.util.concurrent.TimeoutException
	at java.util.concurrent.CompletableFuture.timedGet(CompletableFuture.java:1771)
	at java.util.concurrent.CompletableFuture.get(CompletableFuture.java:1915)
	at org.apache.ratis.util.IOUtils.getFromFuture(IOUtils.java:79)
	... 4 more
2019-09-17 11:35:49,402 [java.util.concurrent.ThreadPoolExecutor$Worker@7acd5285[State = -1, empty queue]] WARN  server.GrpcLogAppender (GrpcLogAppender.java:timeoutAppendRequest(200)) - 7aa83ab1-477a-4917-a557-8c7bdb1dca7a@group-4817D3A8AAC5->6ce6840f-3bb0-4d7d-8406-ba4a40805123-GrpcLogAppender: appendEntries Timeout, request=7aa83ab1-477a-4917-a557-8c7bdb1dca7a->6ce6840f-3bb0-4d7d-8406-ba4a40805123#64-t1, previous=(t:1, i:18), leaderCommit=12, initializing? false, entries: <empty>
2019-09-17 11:35:49,402 [java.util.concurrent.ThreadPoolExecutor$Worker@f9cdb08[State = -1, empty queue]] WARN  server.GrpcLogAppender (GrpcLogAppender.java:timeoutAppendRequest(200)) - 7aa83ab1-477a-4917-a557-8c7bdb1dca7a@group-4817D3A8AAC5->285d9e5f-8853-4762-b181-afacccda6eae-GrpcLogAppender: appendEntries Timeout, request=7aa83ab1-477a-4917-a557-8c7bdb1dca7a->285d9e5f-8853-4762-b181-afacccda6eae#64-t1, previous=(t:1, i:18), leaderCommit=12, initializing? false, entries: <empty>
2019-09-17 11:35:50,042 [grpc-default-executor-6] INFO  client.GrpcClientProtocolClient (GrpcClientProtocolClient.java:onNext(264)) - client-6D2DBBDC0506->285d9e5f-8853-4762-b181-afacccda6eae: receive RaftClientReply:client-6D2DBBDC0506->285d9e5f-8853-4762-b181-afacccda6eae@group-4817D3A8AAC5, cid=24, FAILED org.apache.ratis.protocol.NotLeaderException: Server 285d9e5f-8853-4762-b181-afacccda6eae@group-4817D3A8AAC5 is not the leader 7aa83ab1-477a-4917-a557-8c7bdb1dca7a:192.168.157.219:37869, logIndex=0, commits[285d9e5f-8853-4762-b181-afacccda6eae:c12, 6ce6840f-3bb0-4d7d-8406-ba4a40805123:c10, 7aa83ab1-477a-4917-a557-8c7bdb1dca7a:c12]
2019-09-17 11:35:51,903 [java.util.concurrent.ThreadPoolExecutor$Worker@f9cdb08[State = -1, empty queue]] WARN  server.GrpcLogAppender (GrpcLogAppender.java:timeoutAppendRequest(200)) - 7aa83ab1-477a-4917-a557-8c7bdb1dca7a@group-4817D3A8AAC5->285d9e5f-8853-4762-b181-afacccda6eae-GrpcLogAppender: appendEntries Timeout, request=7aa83ab1-477a-4917-a557-8c7bdb1dca7a->285d9e5f-8853-4762-b181-afacccda6eae#65-t1, previous=(t:1, i:18), leaderCommit=12, initializing? false, entries: <empty>
2019-09-17 11:35:51,903 [java.util.concurrent.ThreadPoolExecutor$Worker@7acd5285[State = -1, empty queue]] WARN  server.GrpcLogAppender (GrpcLogAppender.java:timeoutAppendRequest(200)) - 7aa83ab1-477a-4917-a557-8c7bdb1dca7a@group-4817D3A8AAC5->6ce6840f-3bb0-4d7d-8406-ba4a40805123-GrpcLogAppender: appendEntries Timeout, request=7aa83ab1-477a-4917-a557-8c7bdb1dca7a->6ce6840f-3bb0-4d7d-8406-ba4a40805123#65-t1, previous=(t:1, i:18), leaderCommit=12, initializing? false, entries: <empty>
2019-09-17 11:35:54,403 [java.util.concurrent.ThreadPoolExecutor$Worker@7acd5285[State = -1, empty queue]] WARN  server.GrpcLogAppender (GrpcLogAppender.java:timeoutAppendRequest(200)) - 7aa83ab1-477a-4917-a557-8c7bdb1dca7a@group-4817D3A8AAC5->6ce6840f-3bb0-4d7d-8406-ba4a40805123-GrpcLogAppender: appendEntries Timeout, request=7aa83ab1-477a-4917-a557-8c7bdb1dca7a->6ce6840f-3bb0-4d7d-8406-ba4a40805123#66-t1, previous=(t:1, i:18), leaderCommit=12, initializing? false, entries: <empty>
2019-09-17 11:35:54,403 [java.util.concurrent.ThreadPoolExecutor$Worker@f9cdb08[State = -1, empty queue]] WARN  server.GrpcLogAppender (GrpcLogAppender.java:timeoutAppendRequest(200)) - 7aa83ab1-477a-4917-a557-8c7bdb1dca7a@group-4817D3A8AAC5->285d9e5f-8853-4762-b181-afacccda6eae-GrpcLogAppender: appendEntries Timeout, request=7aa83ab1-477a-4917-a557-8c7bdb1dca7a->285d9e5f-8853-4762-b181-afacccda6eae#66-t1, previous=(t:1, i:18), leaderCommit=12, initializing? false, entries: <empty>
2019-09-17 11:35:55,097 [grpc-default-executor-7] INFO  client.GrpcClientProtocolClient (GrpcClientProtocolClient.java:onNext(264)) - client-6D2DBBDC0506->6ce6840f-3bb0-4d7d-8406-ba4a40805123: receive RaftClientReply:client-6D2DBBDC0506->6ce6840f-3bb0-4d7d-8406-ba4a40805123@group-4817D3A8AAC5, cid=24, FAILED org.apache.ratis.protocol.NotLeaderException: Server 6ce6840f-3bb0-4d7d-8406-ba4a40805123@group-4817D3A8AAC5 is not the leader 7aa83ab1-477a-4917-a557-8c7bdb1dca7a:192.168.157.219:37869, logIndex=0, commits[6ce6840f-3bb0-4d7d-8406-ba4a40805123:c12, 7aa83ab1-477a-4917-a557-8c7bdb1dca7a:c12, 285d9e5f-8853-4762-b181-afacccda6eae:c10]
2019-09-17 11:35:56,904 [java.util.concurrent.ThreadPoolExecutor$Worker@7acd5285[State = -1, empty queue]] WARN  server.GrpcLogAppender (GrpcLogAppender.java:timeoutAppendRequest(200)) - 7aa83ab1-477a-4917-a557-8c7bdb1dca7a@group-4817D3A8AAC5->6ce6840f-3bb0-4d7d-8406-ba4a40805123-GrpcLogAppender: appendEntries Timeout, request=7aa83ab1-477a-4917-a557-8c7bdb1dca7a->6ce6840f-3bb0-4d7d-8406-ba4a40805123#67-t1, previous=(t:1, i:18), leaderCommit=12, initializing? false, entries: <empty>
2019-09-17 11:35:56,904 [java.util.concurrent.ThreadPoolExecutor$Worker@f9cdb08[State = -1, empty queue]] WARN  server.GrpcLogAppender (GrpcLogAppender.java:timeoutAppendRequest(200)) - 7aa83ab1-477a-4917-a557-8c7bdb1dca7a@group-4817D3A8AAC5->285d9e5f-8853-4762-b181-afacccda6eae-GrpcLogAppender: appendEntries Timeout, request=7aa83ab1-477a-4917-a557-8c7bdb1dca7a->285d9e5f-8853-4762-b181-afacccda6eae#67-t1, previous=(t:1, i:18), leaderCommit=12, initializing? false, entries: <empty>
2019-09-17 11:35:59,047 [6ce6840f-3bb0-4d7d-8406-ba4a40805123@group-4817D3A8AAC5-SegmentedRaftLogWorker] WARN  segmented.SegmentedRaftLogWorker (SegmentedRaftLogWorker.java:getFromFuture(90)) - Timeout 11/~
org.apache.ratis.protocol.TimeoutIOException: Timeout 10s: WriteLog:14: (t:1, i:14), STATEMACHINELOGENTRY, client-6D2DBBDC0506, cid=25-writeStateMachineData
	at org.apache.ratis.util.IOUtils.getFromFuture(IOUtils.java:87)
	at org.apache.ratis.server.raftlog.segmented.SegmentedRaftLogWorker$StateMachineDataPolicy.getFromFuture(SegmentedRaftLogWorker.java:87)
	at org.apache.ratis.server.raftlog.segmented.SegmentedRaftLogWorker$WriteLog.execute(SegmentedRaftLogWorker.java:477)
	at org.apache.ratis.server.raftlog.segmented.SegmentedRaftLogWorker.run(SegmentedRaftLogWorker.java:289)
	at java.lang.Thread.run(Thread.java:748)
Caused by: java.util.concurrent.TimeoutException
	at java.util.concurrent.CompletableFuture.timedGet(CompletableFuture.java:1771)
	at java.util.concurrent.CompletableFuture.get(CompletableFuture.java:1915)
	at org.apache.ratis.util.IOUtils.getFromFuture(IOUtils.java:79)
	... 4 more
2019-09-17 11:35:59,047 [7aa83ab1-477a-4917-a557-8c7bdb1dca7a@group-4817D3A8AAC5-SegmentedRaftLogWorker] WARN  segmented.SegmentedRaftLogWorker (SegmentedRaftLogWorker.java:getFromFuture(90)) - Timeout 11/~
org.apache.ratis.protocol.TimeoutIOException: Timeout 10s: WriteLog:14: (t:1, i:14), STATEMACHINELOGENTRY, client-6D2DBBDC0506, cid=25-writeStateMachineData
	at org.apache.ratis.util.IOUtils.getFromFuture(IOUtils.java:87)
	at org.apache.ratis.server.raftlog.segmented.SegmentedRaftLogWorker$StateMachineDataPolicy.getFromFuture(SegmentedRaftLogWorker.java:87)
	at org.apache.ratis.server.raftlog.segmented.SegmentedRaftLogWorker$WriteLog.execute(SegmentedRaftLogWorker.java:477)
	at org.apache.ratis.server.raftlog.segmented.SegmentedRaftLogWorker.run(SegmentedRaftLogWorker.java:289)
	at java.lang.Thread.run(Thread.java:748)
Caused by: java.util.concurrent.TimeoutException
	at java.util.concurrent.CompletableFuture.timedGet(CompletableFuture.java:1771)
	at java.util.concurrent.CompletableFuture.get(CompletableFuture.java:1915)
	at org.apache.ratis.util.IOUtils.getFromFuture(IOUtils.java:79)
	... 4 more
2019-09-17 11:35:59,047 [285d9e5f-8853-4762-b181-afacccda6eae@group-4817D3A8AAC5-SegmentedRaftLogWorker] WARN  segmented.SegmentedRaftLogWorker (SegmentedRaftLogWorker.java:getFromFuture(90)) - Timeout 11/~
org.apache.ratis.protocol.TimeoutIOException: Timeout 10s: WriteLog:16: (t:1, i:16), STATEMACHINELOGENTRY, client-6D2DBBDC0506, cid=27-writeStateMachineData
	at org.apache.ratis.util.IOUtils.getFromFuture(IOUtils.java:87)
	at org.apache.ratis.server.raftlog.segmented.SegmentedRaftLogWorker$StateMachineDataPolicy.getFromFuture(SegmentedRaftLogWorker.java:87)
	at org.apache.ratis.server.raftlog.segmented.SegmentedRaftLogWorker$WriteLog.execute(SegmentedRaftLogWorker.java:477)
	at org.apache.ratis.server.raftlog.segmented.SegmentedRaftLogWorker.run(SegmentedRaftLogWorker.java:289)
	at java.lang.Thread.run(Thread.java:748)
Caused by: java.util.concurrent.TimeoutException
	at java.util.concurrent.CompletableFuture.timedGet(CompletableFuture.java:1771)
	at java.util.concurrent.CompletableFuture.get(CompletableFuture.java:1915)
	at org.apache.ratis.util.IOUtils.getFromFuture(IOUtils.java:79)
	... 4 more
2019-09-17 11:35:59,093 [org.apache.ratis.server.impl.LogAppender$AppenderDaemon$$Lambda$492/1964587901@4a600064] ERROR ratis.XceiverServerRatis (XceiverServerRatis.java:triggerPipelineClose(575)) - pipeline Action CLOSE  on pipeline PipelineID=ced6bf12-8106-4dd4-a459-4817d3a8aac5.Reason : 7aa83ab1-477a-4917-a557-8c7bdb1dca7a has not seen follower/s 6ce6840f-3bb0-4d7d-8406-ba4a40805123 for 120400ms 285d9e5f-8853-4762-b181-afacccda6eae for 120404ms
2019-09-17 11:35:59,093 [org.apache.ratis.server.impl.LogAppender$AppenderDaemon$$Lambda$492/1964587901@384b2d46] ERROR ratis.XceiverServerRatis (XceiverServerRatis.java:triggerPipelineClose(575)) - pipeline Action CLOSE  on pipeline PipelineID=ced6bf12-8106-4dd4-a459-4817d3a8aac5.Reason : 7aa83ab1-477a-4917-a557-8c7bdb1dca7a has not seen follower/s 6ce6840f-3bb0-4d7d-8406-ba4a40805123 for 120400ms 285d9e5f-8853-4762-b181-afacccda6eae for 120404ms
2019-09-17 11:35:59,404 [java.util.concurrent.ThreadPoolExecutor$Worker@f9cdb08[State = -1, empty queue]] WARN  server.GrpcLogAppender (GrpcLogAppender.java:timeoutAppendRequest(200)) - 7aa83ab1-477a-4917-a557-8c7bdb1dca7a@group-4817D3A8AAC5->285d9e5f-8853-4762-b181-afacccda6eae-GrpcLogAppender: appendEntries Timeout, request=7aa83ab1-477a-4917-a557-8c7bdb1dca7a->285d9e5f-8853-4762-b181-afacccda6eae#68-t1, previous=(t:1, i:18), leaderCommit=12, initializing? false, entries: <empty>
2019-09-17 11:35:59,404 [java.util.concurrent.ThreadPoolExecutor$Worker@7acd5285[State = -1, empty queue]] WARN  server.GrpcLogAppender (GrpcLogAppender.java:timeoutAppendRequest(200)) - 7aa83ab1-477a-4917-a557-8c7bdb1dca7a@group-4817D3A8AAC5->6ce6840f-3bb0-4d7d-8406-ba4a40805123-GrpcLogAppender: appendEntries Timeout, request=7aa83ab1-477a-4917-a557-8c7bdb1dca7a->6ce6840f-3bb0-4d7d-8406-ba4a40805123#68-t1, previous=(t:1, i:18), leaderCommit=12, initializing? false, entries: <empty>
2019-09-17 11:36:00,052 [EventQueue-PipelineActionsForPipelineActionHandler] ERROR pipeline.PipelineActionHandler (PipelineActionHandler.java:onMessage(60)) - Received pipeline action CLOSE for Pipeline[ Id: ced6bf12-8106-4dd4-a459-4817d3a8aac5, Nodes: 285d9e5f-8853-4762-b181-afacccda6eae{ip: 192.168.157.219, host: pr-hdds-2121-5jcdq-2838215776, networkLocation: /default-rack, certSerialId: null}6ce6840f-3bb0-4d7d-8406-ba4a40805123{ip: 192.168.157.219, host: pr-hdds-2121-5jcdq-2838215776, networkLocation: /default-rack, certSerialId: null}7aa83ab1-477a-4917-a557-8c7bdb1dca7a{ip: 192.168.157.219, host: pr-hdds-2121-5jcdq-2838215776, networkLocation: /default-rack, certSerialId: null}, Type:RATIS, Factor:THREE, State:OPEN] from datanode 7aa83ab1-477a-4917-a557-8c7bdb1dca7a{ip: 192.168.157.219, host: pr-hdds-2121-5jcdq-2838215776, networkLocation: /default-rack, certSerialId: null}. Reason : 7aa83ab1-477a-4917-a557-8c7bdb1dca7a has not seen follower/s 6ce6840f-3bb0-4d7d-8406-ba4a40805123 for 120400ms 285d9e5f-8853-4762-b181-afacccda6eae for 120404ms
2019-09-17 11:36:00,052 [EventQueue-PipelineActionsForPipelineActionHandler] INFO  pipeline.SCMPipelineManager (SCMPipelineManager.java:finalizeAndDestroyPipeline(311)) - destroying pipeline:Pipeline[ Id: ced6bf12-8106-4dd4-a459-4817d3a8aac5, Nodes: 285d9e5f-8853-4762-b181-afacccda6eae{ip: 192.168.157.219, host: pr-hdds-2121-5jcdq-2838215776, networkLocation: /default-rack, certSerialId: null}6ce6840f-3bb0-4d7d-8406-ba4a40805123{ip: 192.168.157.219, host: pr-hdds-2121-5jcdq-2838215776, networkLocation: /default-rack, certSerialId: null}7aa83ab1-477a-4917-a557-8c7bdb1dca7a{ip: 192.168.157.219, host: pr-hdds-2121-5jcdq-2838215776, networkLocation: /default-rack, certSerialId: null}, Type:RATIS, Factor:THREE, State:OPEN]
2019-09-17 11:36:00,053 [EventQueue-PipelineActionsForPipelineActionHandler] INFO  pipeline.PipelineStateManager (PipelineStateManager.java:finalizePipeline(123)) - Pipeline Pipeline[ Id: ced6bf12-8106-4dd4-a459-4817d3a8aac5, Nodes: 285d9e5f-8853-4762-b181-afacccda6eae{ip: 192.168.157.219, host: pr-hdds-2121-5jcdq-2838215776, networkLocation: /default-rack, certSerialId: null}6ce6840f-3bb0-4d7d-8406-ba4a40805123{ip: 192.168.157.219, host: pr-hdds-2121-5jcdq-2838215776, networkLocation: /default-rack, certSerialId: null}7aa83ab1-477a-4917-a557-8c7bdb1dca7a{ip: 192.168.157.219, host: pr-hdds-2121-5jcdq-2838215776, networkLocation: /default-rack, certSerialId: null}, Type:RATIS, Factor:THREE, State:CLOSED] moved to CLOSED state
2019-09-17 11:36:00,057 [EventQueue-CloseContainerForCloseContainerEventHandler] INFO  container.CloseContainerEventHandler (CloseContainerEventHandler.java:onMessage(61)) - Close container Event triggered for container : #1
2019-09-17 11:36:00,064 [EventQueue-CloseContainerForCloseContainerEventHandler] INFO  container.CloseContainerEventHandler (CloseContainerEventHandler.java:onMessage(61)) - Close container Event triggered for container : #3
2019-09-17 11:36:00,065 [EventQueue-CloseContainerForCloseContainerEventHandler] INFO  container.CloseContainerEventHandler (CloseContainerEventHandler.java:onMessage(61)) - Close container Event triggered for container : #4
2019-09-17 11:36:00,133 [grpc-default-executor-6] INFO  client.GrpcClientProtocolClient (GrpcClientProtocolClient.java:onNext(264)) - client-6D2DBBDC0506->6ce6840f-3bb0-4d7d-8406-ba4a40805123: receive RaftClientReply:client-6D2DBBDC0506->6ce6840f-3bb0-4d7d-8406-ba4a40805123@group-4817D3A8AAC5, cid=24, FAILED org.apache.ratis.protocol.NotLeaderException: Server 6ce6840f-3bb0-4d7d-8406-ba4a40805123@group-4817D3A8AAC5 is not the leader 7aa83ab1-477a-4917-a557-8c7bdb1dca7a:192.168.157.219:37869, logIndex=0, commits[6ce6840f-3bb0-4d7d-8406-ba4a40805123:c12, 7aa83ab1-477a-4917-a557-8c7bdb1dca7a:c12, 285d9e5f-8853-4762-b181-afacccda6eae:c10]
2019-09-17 11:36:01,552 [org.apache.ratis.server.impl.LogAppender$AppenderDaemon$$Lambda$492/1964587901@384b2d46] ERROR ratis.XceiverServerRatis (XceiverServerRatis.java:triggerPipelineClose(575)) - pipeline Action CLOSE  on pipeline PipelineID=ced6bf12-8106-4dd4-a459-4817d3a8aac5.Reason : 7aa83ab1-477a-4917-a557-8c7bdb1dca7a has not seen follower/s 6ce6840f-3bb0-4d7d-8406-ba4a40805123 for 122876ms 285d9e5f-8853-4762-b181-afacccda6eae for 122876ms
2019-09-17 11:36:01,552 [org.apache.ratis.server.impl.LogAppender$AppenderDaemon$$Lambda$492/1964587901@4a600064] ERROR ratis.XceiverServerRatis (XceiverServerRatis.java:triggerPipelineClose(575)) - pipeline Action CLOSE  on pipeline PipelineID=ced6bf12-8106-4dd4-a459-4817d3a8aac5.Reason : 7aa83ab1-477a-4917-a557-8c7bdb1dca7a has not seen follower/s 6ce6840f-3bb0-4d7d-8406-ba4a40805123 for 122876ms 285d9e5f-8853-4762-b181-afacccda6eae for 122876ms
2019-09-17 11:36:02,049 [EventQueue-PipelineActionsForPipelineActionHandler] ERROR pipeline.PipelineActionHandler (PipelineActionHandler.java:onMessage(60)) - Received pipeline action CLOSE for Pipeline[ Id: ced6bf12-8106-4dd4-a459-4817d3a8aac5, Nodes: 285d9e5f-8853-4762-b181-afacccda6eae{ip: 192.168.157.219, host: pr-hdds-2121-5jcdq-2838215776, networkLocation: /default-rack, certSerialId: null}6ce6840f-3bb0-4d7d-8406-ba4a40805123{ip: 192.168.157.219, host: pr-hdds-2121-5jcdq-2838215776, networkLocation: /default-rack, certSerialId: null}7aa83ab1-477a-4917-a557-8c7bdb1dca7a{ip: 192.168.157.219, host: pr-hdds-2121-5jcdq-2838215776, networkLocation: /default-rack, certSerialId: null}, Type:RATIS, Factor:THREE, State:CLOSED] from datanode 7aa83ab1-477a-4917-a557-8c7bdb1dca7a{ip: 192.168.157.219, host: pr-hdds-2121-5jcdq-2838215776, networkLocation: /default-rack, certSerialId: null}. Reason : 7aa83ab1-477a-4917-a557-8c7bdb1dca7a has not seen follower/s 6ce6840f-3bb0-4d7d-8406-ba4a40805123 for 122876ms 285d9e5f-8853-4762-b181-afacccda6eae for 122876ms
2019-09-17 11:36:02,049 [EventQueue-PipelineActionsForPipelineActionHandler] INFO  pipeline.SCMPipelineManager (SCMPipelineManager.java:finalizeAndDestroyPipeline(311)) - destroying pipeline:Pipeline[ Id: ced6bf12-8106-4dd4-a459-4817d3a8aac5, Nodes: 285d9e5f-8853-4762-b181-afacccda6eae{ip: 192.168.157.219, host: pr-hdds-2121-5jcdq-2838215776, networkLocation: /default-rack, certSerialId: null}6ce6840f-3bb0-4d7d-8406-ba4a40805123{ip: 192.168.157.219, host: pr-hdds-2121-5jcdq-2838215776, networkLocation: /default-rack, certSerialId: null}7aa83ab1-477a-4917-a557-8c7bdb1dca7a{ip: 192.168.157.219, host: pr-hdds-2121-5jcdq-2838215776, networkLocation: /default-rack, certSerialId: null}, Type:RATIS, Factor:THREE, State:CLOSED]
2019-09-17 11:36:02,051 [java.util.concurrent.ThreadPoolExecutor$Worker@7acd5285[State = -1, empty queue]] WARN  server.GrpcLogAppender (GrpcLogAppender.java:timeoutAppendRequest(200)) - 7aa83ab1-477a-4917-a557-8c7bdb1dca7a@group-4817D3A8AAC5->6ce6840f-3bb0-4d7d-8406-ba4a40805123-GrpcLogAppender: appendEntries Timeout, request=7aa83ab1-477a-4917-a557-8c7bdb1dca7a->6ce6840f-3bb0-4d7d-8406-ba4a40805123#69-t1, previous=(t:1, i:18), leaderCommit=12, initializing? false, entries: <empty>
2019-09-17 11:36:02,051 [java.util.concurrent.ThreadPoolExecutor$Worker@f9cdb08[State = -1, empty queue]] WARN  server.GrpcLogAppender (GrpcLogAppender.java:timeoutAppendRequest(200)) - 7aa83ab1-477a-4917-a557-8c7bdb1dca7a@group-4817D3A8AAC5->285d9e5f-8853-4762-b181-afacccda6eae-GrpcLogAppender: appendEntries Timeout, request=7aa83ab1-477a-4917-a557-8c7bdb1dca7a->285d9e5f-8853-4762-b181-afacccda6eae#69-t1, previous=(t:1, i:18), leaderCommit=12, initializing? false, entries: <empty>
2019-09-17 11:36:03,085 [org.apache.ratis.server.impl.LogAppender$AppenderDaemon$$Lambda$492/1964587901@4a600064] ERROR ratis.XceiverServerRatis (XceiverServerRatis.java:triggerPipelineClose(575)) - pipeline Action CLOSE  on pipeline PipelineID=ced6bf12-8106-4dd4-a459-4817d3a8aac5.Reason : 7aa83ab1-477a-4917-a557-8c7bdb1dca7a has not seen follower/s 6ce6840f-3bb0-4d7d-8406-ba4a40805123 for 124409ms 285d9e5f-8853-4762-b181-afacccda6eae for 124409ms
2019-09-17 11:36:03,085 [org.apache.ratis.server.impl.LogAppender$AppenderDaemon$$Lambda$492/1964587901@384b2d46] ERROR ratis.XceiverServerRatis (XceiverServerRatis.java:triggerPipelineClose(575)) - pipeline Action CLOSE  on pipeline PipelineID=ced6bf12-8106-4dd4-a459-4817d3a8aac5.Reason : 7aa83ab1-477a-4917-a557-8c7bdb1dca7a has not seen follower/s 6ce6840f-3bb0-4d7d-8406-ba4a40805123 for 124409ms 285d9e5f-8853-4762-b181-afacccda6eae for 124409ms
2019-09-17 11:36:04,077 [EventQueue-PipelineActionsForPipelineActionHandler] ERROR pipeline.PipelineActionHandler (PipelineActionHandler.java:onMessage(60)) - Received pipeline action CLOSE for Pipeline[ Id: ced6bf12-8106-4dd4-a459-4817d3a8aac5, Nodes: 285d9e5f-8853-4762-b181-afacccda6eae{ip: 192.168.157.219, host: pr-hdds-2121-5jcdq-2838215776, networkLocation: /default-rack, certSerialId: null}6ce6840f-3bb0-4d7d-8406-ba4a40805123{ip: 192.168.157.219, host: pr-hdds-2121-5jcdq-2838215776, networkLocation: /default-rack, certSerialId: null}7aa83ab1-477a-4917-a557-8c7bdb1dca7a{ip: 192.168.157.219, host: pr-hdds-2121-5jcdq-2838215776, networkLocation: /default-rack, certSerialId: null}, Type:RATIS, Factor:THREE, State:CLOSED] from datanode 7aa83ab1-477a-4917-a557-8c7bdb1dca7a{ip: 192.168.157.219, host: pr-hdds-2121-5jcdq-2838215776, networkLocation: /default-rack, certSerialId: null}. Reason : 7aa83ab1-477a-4917-a557-8c7bdb1dca7a has not seen follower/s 6ce6840f-3bb0-4d7d-8406-ba4a40805123 for 124409ms 285d9e5f-8853-4762-b181-afacccda6eae for 124409ms
2019-09-17 11:36:04,078 [EventQueue-PipelineActionsForPipelineActionHandler] INFO  pipeline.SCMPipelineManager (SCMPipelineManager.java:finalizeAndDestroyPipeline(311)) - destroying pipeline:Pipeline[ Id: ced6bf12-8106-4dd4-a459-4817d3a8aac5, Nodes: 285d9e5f-8853-4762-b181-afacccda6eae{ip: 192.168.157.219, host: pr-hdds-2121-5jcdq-2838215776, networkLocation: /default-rack, certSerialId: null}6ce6840f-3bb0-4d7d-8406-ba4a40805123{ip: 192.168.157.219, host: pr-hdds-2121-5jcdq-2838215776, networkLocation: /default-rack, certSerialId: null}7aa83ab1-477a-4917-a557-8c7bdb1dca7a{ip: 192.168.157.219, host: pr-hdds-2121-5jcdq-2838215776, networkLocation: /default-rack, certSerialId: null}, Type:RATIS, Factor:THREE, State:CLOSED]
2019-09-17 11:36:04,552 [java.util.concurrent.ThreadPoolExecutor$Worker@f9cdb08[State = -1, empty queue]] WARN  server.GrpcLogAppender (GrpcLogAppender.java:timeoutAppendRequest(200)) - 7aa83ab1-477a-4917-a557-8c7bdb1dca7a@group-4817D3A8AAC5->285d9e5f-8853-4762-b181-afacccda6eae-GrpcLogAppender: appendEntries Timeout, request=7aa83ab1-477a-4917-a557-8c7bdb1dca7a->285d9e5f-8853-4762-b181-afacccda6eae#70-t1, previous=(t:1, i:18), leaderCommit=12, initializing? false, entries: <empty>
2019-09-17 11:36:04,552 [java.util.concurrent.ThreadPoolExecutor$Worker@7acd5285[State = -1, empty queue]] WARN  server.GrpcLogAppender (GrpcLogAppender.java:timeoutAppendRequest(200)) - 7aa83ab1-477a-4917-a557-8c7bdb1dca7a@group-4817D3A8AAC5->6ce6840f-3bb0-4d7d-8406-ba4a40805123-GrpcLogAppender: appendEntries Timeout, request=7aa83ab1-477a-4917-a557-8c7bdb1dca7a->6ce6840f-3bb0-4d7d-8406-ba4a40805123#70-t1, previous=(t:1, i:18), leaderCommit=12, initializing? false, entries: <empty>
2019-09-17 11:36:05,191 [grpc-default-executor-7] INFO  client.GrpcClientProtocolClient (GrpcClientProtocolClient.java:onNext(264)) - client-6D2DBBDC0506->6ce6840f-3bb0-4d7d-8406-ba4a40805123: receive RaftClientReply:client-6D2DBBDC0506->6ce6840f-3bb0-4d7d-8406-ba4a40805123@group-4817D3A8AAC5, cid=24, FAILED org.apache.ratis.protocol.NotLeaderException: Server 6ce6840f-3bb0-4d7d-8406-ba4a40805123@group-4817D3A8AAC5 is not the leader 7aa83ab1-477a-4917-a557-8c7bdb1dca7a:192.168.157.219:37869, logIndex=0, commits[6ce6840f-3bb0-4d7d-8406-ba4a40805123:c12, 7aa83ab1-477a-4917-a557-8c7bdb1dca7a:c12, 285d9e5f-8853-4762-b181-afacccda6eae:c10]
2019-09-17 11:36:05,586 [org.apache.ratis.server.impl.LogAppender$AppenderDaemon$$Lambda$492/1964587901@4a600064] ERROR ratis.XceiverServerRatis (XceiverServerRatis.java:triggerPipelineClose(575)) - pipeline Action CLOSE  on pipeline PipelineID=ced6bf12-8106-4dd4-a459-4817d3a8aac5.Reason : 7aa83ab1-477a-4917-a557-8c7bdb1dca7a has not seen follower/s 6ce6840f-3bb0-4d7d-8406-ba4a40805123 for 126910ms 285d9e5f-8853-4762-b181-afacccda6eae for 126910ms
2019-09-17 11:36:05,586 [org.apache.ratis.server.impl.LogAppender$AppenderDaemon$$Lambda$492/1964587901@384b2d46] ERROR ratis.XceiverServerRatis (XceiverServerRatis.java:triggerPipelineClose(575)) - pipeline Action CLOSE  on pipeline PipelineID=ced6bf12-8106-4dd4-a459-4817d3a8aac5.Reason : 7aa83ab1-477a-4917-a557-8c7bdb1dca7a has not seen follower/s 6ce6840f-3bb0-4d7d-8406-ba4a40805123 for 126910ms 285d9e5f-8853-4762-b181-afacccda6eae for 126910ms
2019-09-17 11:36:06,075 [EventQueue-PipelineActionsForPipelineActionHandler] ERROR pipeline.PipelineActionHandler (PipelineActionHandler.java:onMessage(60)) - Received pipeline action CLOSE for Pipeline[ Id: ced6bf12-8106-4dd4-a459-4817d3a8aac5, Nodes: 285d9e5f-8853-4762-b181-afacccda6eae{ip: 192.168.157.219, host: pr-hdds-2121-5jcdq-2838215776, networkLocation: /default-rack, certSerialId: null}6ce6840f-3bb0-4d7d-8406-ba4a40805123{ip: 192.168.157.219, host: pr-hdds-2121-5jcdq-2838215776, networkLocation: /default-rack, certSerialId: null}7aa83ab1-477a-4917-a557-8c7bdb1dca7a{ip: 192.168.157.219, host: pr-hdds-2121-5jcdq-2838215776, networkLocation: /default-rack, certSerialId: null}, Type:RATIS, Factor:THREE, State:CLOSED] from datanode 7aa83ab1-477a-4917-a557-8c7bdb1dca7a{ip: 192.168.157.219, host: pr-hdds-2121-5jcdq-2838215776, networkLocation: /default-rack, certSerialId: null}. Reason : 7aa83ab1-477a-4917-a557-8c7bdb1dca7a has not seen follower/s 6ce6840f-3bb0-4d7d-8406-ba4a40805123 for 126910ms 285d9e5f-8853-4762-b181-afacccda6eae for 126910ms
2019-09-17 11:36:06,075 [EventQueue-PipelineActionsForPipelineActionHandler] INFO  pipeline.SCMPipelineManager (SCMPipelineManager.java:finalizeAndDestroyPipeline(311)) - destroying pipeline:Pipeline[ Id: ced6bf12-8106-4dd4-a459-4817d3a8aac5, Nodes: 285d9e5f-8853-4762-b181-afacccda6eae{ip: 192.168.157.219, host: pr-hdds-2121-5jcdq-2838215776, networkLocation: /default-rack, certSerialId: null}6ce6840f-3bb0-4d7d-8406-ba4a40805123{ip: 192.168.157.219, host: pr-hdds-2121-5jcdq-2838215776, networkLocation: /default-rack, certSerialId: null}7aa83ab1-477a-4917-a557-8c7bdb1dca7a{ip: 192.168.157.219, host: pr-hdds-2121-5jcdq-2838215776, networkLocation: /default-rack, certSerialId: null}, Type:RATIS, Factor:THREE, State:CLOSED]
2019-09-17 11:36:06,085 [java.util.concurrent.ThreadPoolExecutor$Worker@7acd5285[State = -1, empty queue]] WARN  server.GrpcLogAppender (GrpcLogAppender.java:timeoutAppendRequest(200)) - 7aa83ab1-477a-4917-a557-8c7bdb1dca7a@group-4817D3A8AAC5->6ce6840f-3bb0-4d7d-8406-ba4a40805123-GrpcLogAppender: appendEntries Timeout, request=7aa83ab1-477a-4917-a557-8c7bdb1dca7a->6ce6840f-3bb0-4d7d-8406-ba4a40805123#71-t1, previous=(t:1, i:18), leaderCommit=12, initializing? false, entries: size=1, first=(t:1, i:19), STATEMACHINELOGENTRY, client-96E8A486906C, cid=0
2019-09-17 11:36:06,088 [java.util.concurrent.ThreadPoolExecutor$Worker@f9cdb08[State = -1, empty queue]] WARN  server.GrpcLogAppender (GrpcLogAppender.java:timeoutAppendRequest(200)) - 7aa83ab1-477a-4917-a557-8c7bdb1dca7a@group-4817D3A8AAC5->285d9e5f-8853-4762-b181-afacccda6eae-GrpcLogAppender: appendEntries Timeout, request=7aa83ab1-477a-4917-a557-8c7bdb1dca7a->285d9e5f-8853-4762-b181-afacccda6eae#71-t1, previous=(t:1, i:18), leaderCommit=12, initializing? false, entries: size=1, first=(t:1, i:19), STATEMACHINELOGENTRY, client-96E8A486906C, cid=0
2019-09-17 11:36:08,088 [org.apache.ratis.server.impl.LogAppender$AppenderDaemon$$Lambda$492/1964587901@4a600064] ERROR ratis.XceiverServerRatis (XceiverServerRatis.java:triggerPipelineClose(575)) - pipeline Action CLOSE  on pipeline PipelineID=ced6bf12-8106-4dd4-a459-4817d3a8aac5.Reason : 7aa83ab1-477a-4917-a557-8c7bdb1dca7a has not seen follower/s 6ce6840f-3bb0-4d7d-8406-ba4a40805123 for 129412ms 285d9e5f-8853-4762-b181-afacccda6eae for 129413ms
2019-09-17 11:36:08,088 [org.apache.ratis.server.impl.LogAppender$AppenderDaemon$$Lambda$492/1964587901@384b2d46] ERROR ratis.XceiverServerRatis (XceiverServerRatis.java:triggerPipelineClose(575)) - pipeline Action CLOSE  on pipeline PipelineID=ced6bf12-8106-4dd4-a459-4817d3a8aac5.Reason : 7aa83ab1-477a-4917-a557-8c7bdb1dca7a has not seen follower/s 6ce6840f-3bb0-4d7d-8406-ba4a40805123 for 129412ms 285d9e5f-8853-4762-b181-afacccda6eae for 129413ms
2019-09-17 11:36:08,586 [java.util.concurrent.ThreadPoolExecutor$Worker@7acd5285[State = -1, empty queue]] WARN  server.GrpcLogAppender (GrpcLogAppender.java:timeoutAppendRequest(200)) - 7aa83ab1-477a-4917-a557-8c7bdb1dca7a@group-4817D3A8AAC5->6ce6840f-3bb0-4d7d-8406-ba4a40805123-GrpcLogAppender: appendEntries Timeout, request=7aa83ab1-477a-4917-a557-8c7bdb1dca7a->6ce6840f-3bb0-4d7d-8406-ba4a40805123#72-t1, previous=(t:1, i:19), leaderCommit=12, initializing? false, entries: <empty>
2019-09-17 11:36:08,586 [java.util.concurrent.ThreadPoolExecutor$Worker@f9cdb08[State = -1, empty queue]] WARN  server.GrpcLogAppender (GrpcLogAppender.java:timeoutAppendRequest(200)) - 7aa83ab1-477a-4917-a557-8c7bdb1dca7a@group-4817D3A8AAC5->285d9e5f-8853-4762-b181-afacccda6eae-GrpcLogAppender: appendEntries Timeout, request=7aa83ab1-477a-4917-a557-8c7bdb1dca7a->285d9e5f-8853-4762-b181-afacccda6eae#72-t1, previous=(t:1, i:19), leaderCommit=12, initializing? false, entries: <empty>
2019-09-17 11:36:09,051 [6ce6840f-3bb0-4d7d-8406-ba4a40805123@group-4817D3A8AAC5-SegmentedRaftLogWorker] WARN  segmented.SegmentedRaftLogWorker (SegmentedRaftLogWorker.java:getFromFuture(90)) - Timeout 12/~
org.apache.ratis.protocol.TimeoutIOException: Timeout 10s: WriteLog:14: (t:1, i:14), STATEMACHINELOGENTRY, client-6D2DBBDC0506, cid=25-writeStateMachineData
	at org.apache.ratis.util.IOUtils.getFromFuture(IOUtils.java:87)
	at org.apache.ratis.server.raftlog.segmented.SegmentedRaftLogWorker$StateMachineDataPolicy.getFromFuture(SegmentedRaftLogWorker.java:87)
	at org.apache.ratis.server.raftlog.segmented.SegmentedRaftLogWorker$WriteLog.execute(SegmentedRaftLogWorker.java:477)
	at org.apache.ratis.server.raftlog.segmented.SegmentedRaftLogWorker.run(SegmentedRaftLogWorker.java:289)
	at java.lang.Thread.run(Thread.java:748)
Caused by: java.util.concurrent.TimeoutException
	at java.util.concurrent.CompletableFuture.timedGet(CompletableFuture.java:1771)
	at java.util.concurrent.CompletableFuture.get(CompletableFuture.java:1915)
	at org.apache.ratis.util.IOUtils.getFromFuture(IOUtils.java:79)
	... 4 more
2019-09-17 11:36:09,052 [285d9e5f-8853-4762-b181-afacccda6eae@group-4817D3A8AAC5-SegmentedRaftLogWorker] WARN  segmented.SegmentedRaftLogWorker (SegmentedRaftLogWorker.java:getFromFuture(90)) - Timeout 12/~
org.apache.ratis.protocol.TimeoutIOException: Timeout 10s: WriteLog:16: (t:1, i:16), STATEMACHINELOGENTRY, client-6D2DBBDC0506, cid=27-writeStateMachineData
	at org.apache.ratis.util.IOUtils.getFromFuture(IOUtils.java:87)
	at org.apache.ratis.server.raftlog.segmented.SegmentedRaftLogWorker$StateMachineDataPolicy.getFromFuture(SegmentedRaftLogWorker.java:87)
	at org.apache.ratis.server.raftlog.segmented.SegmentedRaftLogWorker$WriteLog.execute(SegmentedRaftLogWorker.java:477)
	at org.apache.ratis.server.raftlog.segmented.SegmentedRaftLogWorker.run(SegmentedRaftLogWorker.java:289)
	at java.lang.Thread.run(Thread.java:748)
Caused by: java.util.concurrent.TimeoutException
	at java.util.concurrent.CompletableFuture.timedGet(CompletableFuture.java:1771)
	at java.util.concurrent.CompletableFuture.get(CompletableFuture.java:1915)
	at org.apache.ratis.util.IOUtils.getFromFuture(IOUtils.java:79)
	... 4 more
2019-09-17 11:36:09,052 [7aa83ab1-477a-4917-a557-8c7bdb1dca7a@group-4817D3A8AAC5-SegmentedRaftLogWorker] WARN  segmented.SegmentedRaftLogWorker (SegmentedRaftLogWorker.java:getFromFuture(90)) - Timeout 12/~
org.apache.ratis.protocol.TimeoutIOException: Timeout 10s: WriteLog:14: (t:1, i:14), STATEMACHINELOGENTRY, client-6D2DBBDC0506, cid=25-writeStateMachineData
	at org.apache.ratis.util.IOUtils.getFromFuture(IOUtils.java:87)
	at org.apache.ratis.server.raftlog.segmented.SegmentedRaftLogWorker$StateMachineDataPolicy.getFromFuture(SegmentedRaftLogWorker.java:87)
	at org.apache.ratis.server.raftlog.segmented.SegmentedRaftLogWorker$WriteLog.execute(SegmentedRaftLogWorker.java:477)
	at org.apache.ratis.server.raftlog.segmented.SegmentedRaftLogWorker.run(SegmentedRaftLogWorker.java:289)
	at java.lang.Thread.run(Thread.java:748)
Caused by: java.util.concurrent.TimeoutException
	at java.util.concurrent.CompletableFuture.timedGet(CompletableFuture.java:1771)
	at java.util.concurrent.CompletableFuture.get(CompletableFuture.java:1915)
	at org.apache.ratis.util.IOUtils.getFromFuture(IOUtils.java:79)
	... 4 more
2019-09-17 11:36:09,075 [EventQueue-PipelineActionsForPipelineActionHandler] ERROR pipeline.PipelineActionHandler (PipelineActionHandler.java:onMessage(60)) - Received pipeline action CLOSE for Pipeline[ Id: ced6bf12-8106-4dd4-a459-4817d3a8aac5, Nodes: 285d9e5f-8853-4762-b181-afacccda6eae{ip: 192.168.157.219, host: pr-hdds-2121-5jcdq-2838215776, networkLocation: /default-rack, certSerialId: null}6ce6840f-3bb0-4d7d-8406-ba4a40805123{ip: 192.168.157.219, host: pr-hdds-2121-5jcdq-2838215776, networkLocation: /default-rack, certSerialId: null}7aa83ab1-477a-4917-a557-8c7bdb1dca7a{ip: 192.168.157.219, host: pr-hdds-2121-5jcdq-2838215776, networkLocation: /default-rack, certSerialId: null}, Type:RATIS, Factor:THREE, State:CLOSED] from datanode 7aa83ab1-477a-4917-a557-8c7bdb1dca7a{ip: 192.168.157.219, host: pr-hdds-2121-5jcdq-2838215776, networkLocation: /default-rack, certSerialId: null}. Reason : 7aa83ab1-477a-4917-a557-8c7bdb1dca7a has not seen follower/s 6ce6840f-3bb0-4d7d-8406-ba4a40805123 for 129412ms 285d9e5f-8853-4762-b181-afacccda6eae for 129413ms
2019-09-17 11:36:09,075 [EventQueue-PipelineActionsForPipelineActionHandler] INFO  pipeline.SCMPipelineManager (SCMPipelineManager.java:finalizeAndDestroyPipeline(311)) - destroying pipeline:Pipeline[ Id: ced6bf12-8106-4dd4-a459-4817d3a8aac5, Nodes: 285d9e5f-8853-4762-b181-afacccda6eae{ip: 192.168.157.219, host: pr-hdds-2121-5jcdq-2838215776, networkLocation: /default-rack, certSerialId: null}6ce6840f-3bb0-4d7d-8406-ba4a40805123{ip: 192.168.157.219, host: pr-hdds-2121-5jcdq-2838215776, networkLocation: /default-rack, certSerialId: null}7aa83ab1-477a-4917-a557-8c7bdb1dca7a{ip: 192.168.157.219, host: pr-hdds-2121-5jcdq-2838215776, networkLocation: /default-rack, certSerialId: null}, Type:RATIS, Factor:THREE, State:CLOSED]
2019-09-17 11:36:10,234 [grpc-default-executor-7] INFO  client.GrpcClientProtocolClient (GrpcClientProtocolClient.java:onNext(264)) - client-6D2DBBDC0506->6ce6840f-3bb0-4d7d-8406-ba4a40805123: receive RaftClientReply:client-6D2DBBDC0506->6ce6840f-3bb0-4d7d-8406-ba4a40805123@group-4817D3A8AAC5, cid=24, FAILED org.apache.ratis.protocol.NotLeaderException: Server 6ce6840f-3bb0-4d7d-8406-ba4a40805123@group-4817D3A8AAC5 is not the leader 7aa83ab1-477a-4917-a557-8c7bdb1dca7a:192.168.157.219:37869, logIndex=0, commits[6ce6840f-3bb0-4d7d-8406-ba4a40805123:c12, 7aa83ab1-477a-4917-a557-8c7bdb1dca7a:c12, 285d9e5f-8853-4762-b181-afacccda6eae:c10]
2019-09-17 11:36:10,589 [org.apache.ratis.server.impl.LogAppender$AppenderDaemon$$Lambda$492/1964587901@4a600064] ERROR ratis.XceiverServerRatis (XceiverServerRatis.java:triggerPipelineClose(575)) - pipeline Action CLOSE  on pipeline PipelineID=ced6bf12-8106-4dd4-a459-4817d3a8aac5.Reason : 7aa83ab1-477a-4917-a557-8c7bdb1dca7a has not seen follower/s 6ce6840f-3bb0-4d7d-8406-ba4a40805123 for 131913ms 285d9e5f-8853-4762-b181-afacccda6eae for 131913ms
2019-09-17 11:36:10,592 [org.apache.ratis.server.impl.LogAppender$AppenderDaemon$$Lambda$492/1964587901@384b2d46] ERROR ratis.XceiverServerRatis (XceiverServerRatis.java:triggerPipelineClose(575)) - pipeline Action CLOSE  on pipeline PipelineID=ced6bf12-8106-4dd4-a459-4817d3a8aac5.Reason : 7aa83ab1-477a-4917-a557-8c7bdb1dca7a has not seen follower/s 6ce6840f-3bb0-4d7d-8406-ba4a40805123 for 131913ms 285d9e5f-8853-4762-b181-afacccda6eae for 131917ms
2019-09-17 11:36:11,074 [EventQueue-PipelineActionsForPipelineActionHandler] ERROR pipeline.PipelineActionHandler (PipelineActionHandler.java:onMessage(60)) - Received pipeline action CLOSE for Pipeline[ Id: ced6bf12-8106-4dd4-a459-4817d3a8aac5, Nodes: 285d9e5f-8853-4762-b181-afacccda6eae{ip: 192.168.157.219, host: pr-hdds-2121-5jcdq-2838215776, networkLocation: /default-rack, certSerialId: null}6ce6840f-3bb0-4d7d-8406-ba4a40805123{ip: 192.168.157.219, host: pr-hdds-2121-5jcdq-2838215776, networkLocation: /default-rack, certSerialId: null}7aa83ab1-477a-4917-a557-8c7bdb1dca7a{ip: 192.168.157.219, host: pr-hdds-2121-5jcdq-2838215776, networkLocation: /default-rack, certSerialId: null}, Type:RATIS, Factor:THREE, State:CLOSED] from datanode 7aa83ab1-477a-4917-a557-8c7bdb1dca7a{ip: 192.168.157.219, host: pr-hdds-2121-5jcdq-2838215776, networkLocation: /default-rack, certSerialId: null}. Reason : 7aa83ab1-477a-4917-a557-8c7bdb1dca7a has not seen follower/s 6ce6840f-3bb0-4d7d-8406-ba4a40805123 for 131913ms 285d9e5f-8853-4762-b181-afacccda6eae for 131913ms
2019-09-17 11:36:11,075 [EventQueue-PipelineActionsForPipelineActionHandler] INFO  pipeline.SCMPipelineManager (SCMPipelineManager.java:finalizeAndDestroyPipeline(311)) - destroying pipeline:Pipeline[ Id: ced6bf12-8106-4dd4-a459-4817d3a8aac5, Nodes: 285d9e5f-8853-4762-b181-afacccda6eae{ip: 192.168.157.219, host: pr-hdds-2121-5jcdq-2838215776, networkLocation: /default-rack, certSerialId: null}6ce6840f-3bb0-4d7d-8406-ba4a40805123{ip: 192.168.157.219, host: pr-hdds-2121-5jcdq-2838215776, networkLocation: /default-rack, certSerialId: null}7aa83ab1-477a-4917-a557-8c7bdb1dca7a{ip: 192.168.157.219, host: pr-hdds-2121-5jcdq-2838215776, networkLocation: /default-rack, certSerialId: null}, Type:RATIS, Factor:THREE, State:CLOSED]
2019-09-17 11:36:11,088 [java.util.concurrent.ThreadPoolExecutor$Worker@f9cdb08[State = -1, empty queue]] WARN  server.GrpcLogAppender (GrpcLogAppender.java:timeoutAppendRequest(200)) - 7aa83ab1-477a-4917-a557-8c7bdb1dca7a@group-4817D3A8AAC5->285d9e5f-8853-4762-b181-afacccda6eae-GrpcLogAppender: appendEntries Timeout, request=7aa83ab1-477a-4917-a557-8c7bdb1dca7a->285d9e5f-8853-4762-b181-afacccda6eae#73-t1, previous=(t:1, i:19), leaderCommit=12, initializing? false, entries: <empty>
2019-09-17 11:36:11,088 [java.util.concurrent.ThreadPoolExecutor$Worker@7acd5285[State = -1, empty queue]] WARN  server.GrpcLogAppender (GrpcLogAppender.java:timeoutAppendRequest(200)) - 7aa83ab1-477a-4917-a557-8c7bdb1dca7a@group-4817D3A8AAC5->6ce6840f-3bb0-4d7d-8406-ba4a40805123-GrpcLogAppender: appendEntries Timeout, request=7aa83ab1-477a-4917-a557-8c7bdb1dca7a->6ce6840f-3bb0-4d7d-8406-ba4a40805123#73-t1, previous=(t:1, i:19), leaderCommit=12, initializing? false, entries: <empty>
2019-09-17 11:36:13,090 [org.apache.ratis.server.impl.LogAppender$AppenderDaemon$$Lambda$492/1964587901@4a600064] ERROR ratis.XceiverServerRatis (XceiverServerRatis.java:triggerPipelineClose(575)) - pipeline Action CLOSE  on pipeline PipelineID=ced6bf12-8106-4dd4-a459-4817d3a8aac5.Reason : 7aa83ab1-477a-4917-a557-8c7bdb1dca7a has not seen follower/s 6ce6840f-3bb0-4d7d-8406-ba4a40805123 for 134414ms 285d9e5f-8853-4762-b181-afacccda6eae for 134414ms
2019-09-17 11:36:13,090 [org.apache.ratis.server.impl.LogAppender$AppenderDaemon$$Lambda$492/1964587901@384b2d46] ERROR ratis.XceiverServerRatis (XceiverServerRatis.java:triggerPipelineClose(575)) - pipeline Action CLOSE  on pipeline PipelineID=ced6bf12-8106-4dd4-a459-4817d3a8aac5.Reason : 7aa83ab1-477a-4917-a557-8c7bdb1dca7a has not seen follower/s 6ce6840f-3bb0-4d7d-8406-ba4a40805123 for 134414ms 285d9e5f-8853-4762-b181-afacccda6eae for 134415ms
2019-09-17 11:36:13,589 [java.util.concurrent.ThreadPoolExecutor$Worker@7acd5285[State = -1, empty queue]] WARN  server.GrpcLogAppender (GrpcLogAppender.java:timeoutAppendRequest(200)) - 7aa83ab1-477a-4917-a557-8c7bdb1dca7a@group-4817D3A8AAC5->6ce6840f-3bb0-4d7d-8406-ba4a40805123-GrpcLogAppender: appendEntries Timeout, request=7aa83ab1-477a-4917-a557-8c7bdb1dca7a->6ce6840f-3bb0-4d7d-8406-ba4a40805123#74-t1, previous=(t:1, i:19), leaderCommit=12, initializing? false, entries: <empty>
2019-09-17 11:36:13,589 [java.util.concurrent.ThreadPoolExecutor$Worker@f9cdb08[State = -1, empty queue]] WARN  server.GrpcLogAppender (GrpcLogAppender.java:timeoutAppendRequest(200)) - 7aa83ab1-477a-4917-a557-8c7bdb1dca7a@group-4817D3A8AAC5->285d9e5f-8853-4762-b181-afacccda6eae-GrpcLogAppender: appendEntries Timeout, request=7aa83ab1-477a-4917-a557-8c7bdb1dca7a->285d9e5f-8853-4762-b181-afacccda6eae#74-t1, previous=(t:1, i:19), leaderCommit=12, initializing? false, entries: <empty>
2019-09-17 11:36:14,075 [EventQueue-PipelineActionsForPipelineActionHandler] ERROR pipeline.PipelineActionHandler (PipelineActionHandler.java:onMessage(60)) - Received pipeline action CLOSE for Pipeline[ Id: ced6bf12-8106-4dd4-a459-4817d3a8aac5, Nodes: 285d9e5f-8853-4762-b181-afacccda6eae{ip: 192.168.157.219, host: pr-hdds-2121-5jcdq-2838215776, networkLocation: /default-rack, certSerialId: null}6ce6840f-3bb0-4d7d-8406-ba4a40805123{ip: 192.168.157.219, host: pr-hdds-2121-5jcdq-2838215776, networkLocation: /default-rack, certSerialId: null}7aa83ab1-477a-4917-a557-8c7bdb1dca7a{ip: 192.168.157.219, host: pr-hdds-2121-5jcdq-2838215776, networkLocation: /default-rack, certSerialId: null}, Type:RATIS, Factor:THREE, State:CLOSED] from datanode 7aa83ab1-477a-4917-a557-8c7bdb1dca7a{ip: 192.168.157.219, host: pr-hdds-2121-5jcdq-2838215776, networkLocation: /default-rack, certSerialId: null}. Reason : 7aa83ab1-477a-4917-a557-8c7bdb1dca7a has not seen follower/s 6ce6840f-3bb0-4d7d-8406-ba4a40805123 for 134414ms 285d9e5f-8853-4762-b181-afacccda6eae for 134414ms
2019-09-17 11:36:14,075 [EventQueue-PipelineActionsForPipelineActionHandler] INFO  pipeline.SCMPipelineManager (SCMPipelineManager.java:finalizeAndDestroyPipeline(311)) - destroying pipeline:Pipeline[ Id: ced6bf12-8106-4dd4-a459-4817d3a8aac5, Nodes: 285d9e5f-8853-4762-b181-afacccda6eae{ip: 192.168.157.219, host: pr-hdds-2121-5jcdq-2838215776, networkLocation: /default-rack, certSerialId: null}6ce6840f-3bb0-4d7d-8406-ba4a40805123{ip: 192.168.157.219, host: pr-hdds-2121-5jcdq-2838215776, networkLocation: /default-rack, certSerialId: null}7aa83ab1-477a-4917-a557-8c7bdb1dca7a{ip: 192.168.157.219, host: pr-hdds-2121-5jcdq-2838215776, networkLocation: /default-rack, certSerialId: null}, Type:RATIS, Factor:THREE, State:CLOSED]
2019-09-17 11:36:15,275 [grpc-default-executor-8] INFO  client.GrpcClientProtocolClient (GrpcClientProtocolClient.java:onNext(264)) - client-6D2DBBDC0506->6ce6840f-3bb0-4d7d-8406-ba4a40805123: receive RaftClientReply:client-6D2DBBDC0506->6ce6840f-3bb0-4d7d-8406-ba4a40805123@group-4817D3A8AAC5, cid=24, FAILED org.apache.ratis.protocol.NotLeaderException: Server 6ce6840f-3bb0-4d7d-8406-ba4a40805123@group-4817D3A8AAC5 is not the leader 7aa83ab1-477a-4917-a557-8c7bdb1dca7a:192.168.157.219:37869, logIndex=0, commits[6ce6840f-3bb0-4d7d-8406-ba4a40805123:c12, 7aa83ab1-477a-4917-a557-8c7bdb1dca7a:c12, 285d9e5f-8853-4762-b181-afacccda6eae:c10]
2019-09-17 11:36:15,591 [org.apache.ratis.server.impl.LogAppender$AppenderDaemon$$Lambda$492/1964587901@4a600064] ERROR ratis.XceiverServerRatis (XceiverServerRatis.java:triggerPipelineClose(575)) - pipeline Action CLOSE  on pipeline PipelineID=ced6bf12-8106-4dd4-a459-4817d3a8aac5.Reason : 7aa83ab1-477a-4917-a557-8c7bdb1dca7a has not seen follower/s 6ce6840f-3bb0-4d7d-8406-ba4a40805123 for 136915ms 285d9e5f-8853-4762-b181-afacccda6eae for 136915ms
2019-09-17 11:36:15,594 [org.apache.ratis.server.impl.LogAppender$AppenderDaemon$$Lambda$492/1964587901@384b2d46] ERROR ratis.XceiverServerRatis (XceiverServerRatis.java:triggerPipelineClose(575)) - pipeline Action CLOSE  on pipeline PipelineID=ced6bf12-8106-4dd4-a459-4817d3a8aac5.Reason : 7aa83ab1-477a-4917-a557-8c7bdb1dca7a has not seen follower/s 6ce6840f-3bb0-4d7d-8406-ba4a40805123 for 136915ms 285d9e5f-8853-4762-b181-afacccda6eae for 136915ms
2019-09-17 11:36:16,074 [EventQueue-PipelineActionsForPipelineActionHandler] ERROR pipeline.PipelineActionHandler (PipelineActionHandler.java:onMessage(60)) - Received pipeline action CLOSE for Pipeline[ Id: ced6bf12-8106-4dd4-a459-4817d3a8aac5, Nodes: 285d9e5f-8853-4762-b181-afacccda6eae{ip: 192.168.157.219, host: pr-hdds-2121-5jcdq-2838215776, networkLocation: /default-rack, certSerialId: null}6ce6840f-3bb0-4d7d-8406-ba4a40805123{ip: 192.168.157.219, host: pr-hdds-2121-5jcdq-2838215776, networkLocation: /default-rack, certSerialId: null}7aa83ab1-477a-4917-a557-8c7bdb1dca7a{ip: 192.168.157.219, host: pr-hdds-2121-5jcdq-2838215776, networkLocation: /default-rack, certSerialId: null}, Type:RATIS, Factor:THREE, State:CLOSED] from datanode 7aa83ab1-477a-4917-a557-8c7bdb1dca7a{ip: 192.168.157.219, host: pr-hdds-2121-5jcdq-2838215776, networkLocation: /default-rack, certSerialId: null}. Reason : 7aa83ab1-477a-4917-a557-8c7bdb1dca7a has not seen follower/s 6ce6840f-3bb0-4d7d-8406-ba4a40805123 for 136915ms 285d9e5f-8853-4762-b181-afacccda6eae for 136915ms
2019-09-17 11:36:16,074 [EventQueue-PipelineActionsForPipelineActionHandler] INFO  pipeline.SCMPipelineManager (SCMPipelineManager.java:finalizeAndDestroyPipeline(311)) - destroying pipeline:Pipeline[ Id: ced6bf12-8106-4dd4-a459-4817d3a8aac5, Nodes: 285d9e5f-8853-4762-b181-afacccda6eae{ip: 192.168.157.219, host: pr-hdds-2121-5jcdq-2838215776, networkLocation: /default-rack, certSerialId: null}6ce6840f-3bb0-4d7d-8406-ba4a40805123{ip: 192.168.157.219, host: pr-hdds-2121-5jcdq-2838215776, networkLocation: /default-rack, certSerialId: null}7aa83ab1-477a-4917-a557-8c7bdb1dca7a{ip: 192.168.157.219, host: pr-hdds-2121-5jcdq-2838215776, networkLocation: /default-rack, certSerialId: null}, Type:RATIS, Factor:THREE, State:CLOSED]
2019-09-17 11:36:16,090 [java.util.concurrent.ThreadPoolExecutor$Worker@7acd5285[State = -1, empty queue]] WARN  server.GrpcLogAppender (GrpcLogAppender.java:timeoutAppendRequest(200)) - 7aa83ab1-477a-4917-a557-8c7bdb1dca7a@group-4817D3A8AAC5->6ce6840f-3bb0-4d7d-8406-ba4a40805123-GrpcLogAppender: appendEntries Timeout, request=7aa83ab1-477a-4917-a557-8c7bdb1dca7a->6ce6840f-3bb0-4d7d-8406-ba4a40805123#75-t1, previous=(t:1, i:19), leaderCommit=12, initializing? false, entries: <empty>
2019-09-17 11:36:16,098 [java.util.concurrent.ThreadPoolExecutor$Worker@f9cdb08[State = -1, empty queue]] WARN  server.GrpcLogAppender (GrpcLogAppender.java:timeoutAppendRequest(200)) - 7aa83ab1-477a-4917-a557-8c7bdb1dca7a@group-4817D3A8AAC5->285d9e5f-8853-4762-b181-afacccda6eae-GrpcLogAppender: appendEntries Timeout, request=7aa83ab1-477a-4917-a557-8c7bdb1dca7a->285d9e5f-8853-4762-b181-afacccda6eae#75-t1, previous=(t:1, i:19), leaderCommit=12, initializing? false, entries: <empty>
2019-09-17 11:36:18,092 [org.apache.ratis.server.impl.LogAppender$AppenderDaemon$$Lambda$492/1964587901@4a600064] ERROR ratis.XceiverServerRatis (XceiverServerRatis.java:triggerPipelineClose(575)) - pipeline Action CLOSE  on pipeline PipelineID=ced6bf12-8106-4dd4-a459-4817d3a8aac5.Reason : 7aa83ab1-477a-4917-a557-8c7bdb1dca7a has not seen follower/s 6ce6840f-3bb0-4d7d-8406-ba4a40805123 for 139416ms 285d9e5f-8853-4762-b181-afacccda6eae for 139416ms
2019-09-17 11:36:18,092 [org.apache.ratis.server.impl.LogAppender$AppenderDaemon$$Lambda$492/1964587901@384b2d46] ERROR ratis.XceiverServerRatis (XceiverServerRatis.java:triggerPipelineClose(575)) - pipeline Action CLOSE  on pipeline PipelineID=ced6bf12-8106-4dd4-a459-4817d3a8aac5.Reason : 7aa83ab1-477a-4917-a557-8c7bdb1dca7a has not seen follower/s 6ce6840f-3bb0-4d7d-8406-ba4a40805123 for 139416ms 285d9e5f-8853-4762-b181-afacccda6eae for 139416ms
2019-09-17 11:36:18,591 [java.util.concurrent.ThreadPoolExecutor$Worker@7acd5285[State = -1, empty queue]] WARN  server.GrpcLogAppender (GrpcLogAppender.java:timeoutAppendRequest(200)) - 7aa83ab1-477a-4917-a557-8c7bdb1dca7a@group-4817D3A8AAC5->6ce6840f-3bb0-4d7d-8406-ba4a40805123-GrpcLogAppender: appendEntries Timeout, request=7aa83ab1-477a-4917-a557-8c7bdb1dca7a->6ce6840f-3bb0-4d7d-8406-ba4a40805123#76-t1, previous=(t:1, i:19), leaderCommit=12, initializing? false, entries: <empty>
2019-09-17 11:36:18,591 [java.util.concurrent.ThreadPoolExecutor$Worker@f9cdb08[State = -1, empty queue]] WARN  server.GrpcLogAppender (GrpcLogAppender.java:timeoutAppendRequest(200)) - 7aa83ab1-477a-4917-a557-8c7bdb1dca7a@group-4817D3A8AAC5->285d9e5f-8853-4762-b181-afacccda6eae-GrpcLogAppender: appendEntries Timeout, request=7aa83ab1-477a-4917-a557-8c7bdb1dca7a->285d9e5f-8853-4762-b181-afacccda6eae#76-t1, previous=(t:1, i:19), leaderCommit=12, initializing? false, entries: <empty>
2019-09-17 11:36:19,052 [6ce6840f-3bb0-4d7d-8406-ba4a40805123@group-4817D3A8AAC5-SegmentedRaftLogWorker] WARN  segmented.SegmentedRaftLogWorker (SegmentedRaftLogWorker.java:getFromFuture(90)) - Timeout 13/~
org.apache.ratis.protocol.TimeoutIOException: Timeout 10s: WriteLog:14: (t:1, i:14), STATEMACHINELOGENTRY, client-6D2DBBDC0506, cid=25-writeStateMachineData
	at org.apache.ratis.util.IOUtils.getFromFuture(IOUtils.java:87)
	at org.apache.ratis.server.raftlog.segmented.SegmentedRaftLogWorker$StateMachineDataPolicy.getFromFuture(SegmentedRaftLogWorker.java:87)
	at org.apache.ratis.server.raftlog.segmented.SegmentedRaftLogWorker$WriteLog.execute(SegmentedRaftLogWorker.java:477)
	at org.apache.ratis.server.raftlog.segmented.SegmentedRaftLogWorker.run(SegmentedRaftLogWorker.java:289)
	at java.lang.Thread.run(Thread.java:748)
Caused by: java.util.concurrent.TimeoutException
	at java.util.concurrent.CompletableFuture.timedGet(CompletableFuture.java:1771)
	at java.util.concurrent.CompletableFuture.get(CompletableFuture.java:1915)
	at org.apache.ratis.util.IOUtils.getFromFuture(IOUtils.java:79)
	... 4 more
2019-09-17 11:36:19,053 [285d9e5f-8853-4762-b181-afacccda6eae@group-4817D3A8AAC5-SegmentedRaftLogWorker] WARN  segmented.SegmentedRaftLogWorker (SegmentedRaftLogWorker.java:getFromFuture(90)) - Timeout 13/~
org.apache.ratis.protocol.TimeoutIOException: Timeout 10s: WriteLog:16: (t:1, i:16), STATEMACHINELOGENTRY, client-6D2DBBDC0506, cid=27-writeStateMachineData
	at org.apache.ratis.util.IOUtils.getFromFuture(IOUtils.java:87)
	at org.apache.ratis.server.raftlog.segmented.SegmentedRaftLogWorker$StateMachineDataPolicy.getFromFuture(SegmentedRaftLogWorker.java:87)
	at org.apache.ratis.server.raftlog.segmented.SegmentedRaftLogWorker$WriteLog.execute(SegmentedRaftLogWorker.java:477)
	at org.apache.ratis.server.raftlog.segmented.SegmentedRaftLogWorker.run(SegmentedRaftLogWorker.java:289)
	at java.lang.Thread.run(Thread.java:748)
Caused by: java.util.concurrent.TimeoutException
	at java.util.concurrent.CompletableFuture.timedGet(CompletableFuture.java:1771)
	at java.util.concurrent.CompletableFuture.get(CompletableFuture.java:1915)
	at org.apache.ratis.util.IOUtils.getFromFuture(IOUtils.java:79)
	... 4 more
2019-09-17 11:36:19,053 [7aa83ab1-477a-4917-a557-8c7bdb1dca7a@group-4817D3A8AAC5-SegmentedRaftLogWorker] WARN  segmented.SegmentedRaftLogWorker (SegmentedRaftLogWorker.java:getFromFuture(90)) - Timeout 13/~
org.apache.ratis.protocol.TimeoutIOException: Timeout 10s: WriteLog:14: (t:1, i:14), STATEMACHINELOGENTRY, client-6D2DBBDC0506, cid=25-writeStateMachineData
	at org.apache.ratis.util.IOUtils.getFromFuture(IOUtils.java:87)
	at org.apache.ratis.server.raftlog.segmented.SegmentedRaftLogWorker$StateMachineDataPolicy.getFromFuture(SegmentedRaftLogWorker.java:87)
	at org.apache.ratis.server.raftlog.segmented.SegmentedRaftLogWorker$WriteLog.execute(SegmentedRaftLogWorker.java:477)
	at org.apache.ratis.server.raftlog.segmented.SegmentedRaftLogWorker.run(SegmentedRaftLogWorker.java:289)
	at java.lang.Thread.run(Thread.java:748)
Caused by: java.util.concurrent.TimeoutException
	at java.util.concurrent.CompletableFuture.timedGet(CompletableFuture.java:1771)
	at java.util.concurrent.CompletableFuture.get(CompletableFuture.java:1915)
	at org.apache.ratis.util.IOUtils.getFromFuture(IOUtils.java:79)
	... 4 more
2019-09-17 11:36:19,074 [EventQueue-PipelineActionsForPipelineActionHandler] ERROR pipeline.PipelineActionHandler (PipelineActionHandler.java:onMessage(60)) - Received pipeline action CLOSE for Pipeline[ Id: ced6bf12-8106-4dd4-a459-4817d3a8aac5, Nodes: 285d9e5f-8853-4762-b181-afacccda6eae{ip: 192.168.157.219, host: pr-hdds-2121-5jcdq-2838215776, networkLocation: /default-rack, certSerialId: null}6ce6840f-3bb0-4d7d-8406-ba4a40805123{ip: 192.168.157.219, host: pr-hdds-2121-5jcdq-2838215776, networkLocation: /default-rack, certSerialId: null}7aa83ab1-477a-4917-a557-8c7bdb1dca7a{ip: 192.168.157.219, host: pr-hdds-2121-5jcdq-2838215776, networkLocation: /default-rack, certSerialId: null}, Type:RATIS, Factor:THREE, State:CLOSED] from datanode 7aa83ab1-477a-4917-a557-8c7bdb1dca7a{ip: 192.168.157.219, host: pr-hdds-2121-5jcdq-2838215776, networkLocation: /default-rack, certSerialId: null}. Reason : 7aa83ab1-477a-4917-a557-8c7bdb1dca7a has not seen follower/s 6ce6840f-3bb0-4d7d-8406-ba4a40805123 for 139416ms 285d9e5f-8853-4762-b181-afacccda6eae for 139416ms
2019-09-17 11:36:19,075 [EventQueue-PipelineActionsForPipelineActionHandler] INFO  pipeline.SCMPipelineManager (SCMPipelineManager.java:finalizeAndDestroyPipeline(311)) - destroying pipeline:Pipeline[ Id: ced6bf12-8106-4dd4-a459-4817d3a8aac5, Nodes: 285d9e5f-8853-4762-b181-afacccda6eae{ip: 192.168.157.219, host: pr-hdds-2121-5jcdq-2838215776, networkLocation: /default-rack, certSerialId: null}6ce6840f-3bb0-4d7d-8406-ba4a40805123{ip: 192.168.157.219, host: pr-hdds-2121-5jcdq-2838215776, networkLocation: /default-rack, certSerialId: null}7aa83ab1-477a-4917-a557-8c7bdb1dca7a{ip: 192.168.157.219, host: pr-hdds-2121-5jcdq-2838215776, networkLocation: /default-rack, certSerialId: null}, Type:RATIS, Factor:THREE, State:CLOSED]
2019-09-17 11:36:20,331 [grpc-default-executor-8] INFO  client.GrpcClientProtocolClient (GrpcClientProtocolClient.java:onNext(264)) - client-6D2DBBDC0506->285d9e5f-8853-4762-b181-afacccda6eae: receive RaftClientReply:client-6D2DBBDC0506->285d9e5f-8853-4762-b181-afacccda6eae@group-4817D3A8AAC5, cid=24, FAILED org.apache.ratis.protocol.NotLeaderException: Server 285d9e5f-8853-4762-b181-afacccda6eae@group-4817D3A8AAC5 is not the leader 7aa83ab1-477a-4917-a557-8c7bdb1dca7a:192.168.157.219:37869, logIndex=0, commits[285d9e5f-8853-4762-b181-afacccda6eae:c12, 6ce6840f-3bb0-4d7d-8406-ba4a40805123:c10, 7aa83ab1-477a-4917-a557-8c7bdb1dca7a:c12]
2019-09-17 11:36:20,593 [org.apache.ratis.server.impl.LogAppender$AppenderDaemon$$Lambda$492/1964587901@4a600064] ERROR ratis.XceiverServerRatis (XceiverServerRatis.java:triggerPipelineClose(575)) - pipeline Action CLOSE  on pipeline PipelineID=ced6bf12-8106-4dd4-a459-4817d3a8aac5.Reason : 7aa83ab1-477a-4917-a557-8c7bdb1dca7a has not seen follower/s 6ce6840f-3bb0-4d7d-8406-ba4a40805123 for 141917ms 285d9e5f-8853-4762-b181-afacccda6eae for 141917ms
2019-09-17 11:36:20,593 [org.apache.ratis.server.impl.LogAppender$AppenderDaemon$$Lambda$492/1964587901@384b2d46] ERROR ratis.XceiverServerRatis (XceiverServerRatis.java:triggerPipelineClose(575)) - pipeline Action CLOSE  on pipeline PipelineID=ced6bf12-8106-4dd4-a459-4817d3a8aac5.Reason : 7aa83ab1-477a-4917-a557-8c7bdb1dca7a has not seen follower/s 6ce6840f-3bb0-4d7d-8406-ba4a40805123 for 141917ms 285d9e5f-8853-4762-b181-afacccda6eae for 141917ms
2019-09-17 11:36:21,075 [EventQueue-PipelineActionsForPipelineActionHandler] ERROR pipeline.PipelineActionHandler (PipelineActionHandler.java:onMessage(60)) - Received pipeline action CLOSE for Pipeline[ Id: ced6bf12-8106-4dd4-a459-4817d3a8aac5, Nodes: 285d9e5f-8853-4762-b181-afacccda6eae{ip: 192.168.157.219, host: pr-hdds-2121-5jcdq-2838215776, networkLocation: /default-rack, certSerialId: null}6ce6840f-3bb0-4d7d-8406-ba4a40805123{ip: 192.168.157.219, host: pr-hdds-2121-5jcdq-2838215776, networkLocation: /default-rack, certSerialId: null}7aa83ab1-477a-4917-a557-8c7bdb1dca7a{ip: 192.168.157.219, host: pr-hdds-2121-5jcdq-2838215776, networkLocation: /default-rack, certSerialId: null}, Type:RATIS, Factor:THREE, State:CLOSED] from datanode 7aa83ab1-477a-4917-a557-8c7bdb1dca7a{ip: 192.168.157.219, host: pr-hdds-2121-5jcdq-2838215776, networkLocation: /default-rack, certSerialId: null}. Reason : 7aa83ab1-477a-4917-a557-8c7bdb1dca7a has not seen follower/s 6ce6840f-3bb0-4d7d-8406-ba4a40805123 for 141917ms 285d9e5f-8853-4762-b181-afacccda6eae for 141917ms
2019-09-17 11:36:21,075 [EventQueue-PipelineActionsForPipelineActionHandler] INFO  pipeline.SCMPipelineManager (SCMPipelineManager.java:finalizeAndDestroyPipeline(311)) - destroying pipeline:Pipeline[ Id: ced6bf12-8106-4dd4-a459-4817d3a8aac5, Nodes: 285d9e5f-8853-4762-b181-afacccda6eae{ip: 192.168.157.219, host: pr-hdds-2121-5jcdq-2838215776, networkLocation: /default-rack, certSerialId: null}6ce6840f-3bb0-4d7d-8406-ba4a40805123{ip: 192.168.157.219, host: pr-hdds-2121-5jcdq-2838215776, networkLocation: /default-rack, certSerialId: null}7aa83ab1-477a-4917-a557-8c7bdb1dca7a{ip: 192.168.157.219, host: pr-hdds-2121-5jcdq-2838215776, networkLocation: /default-rack, certSerialId: null}, Type:RATIS, Factor:THREE, State:CLOSED]
2019-09-17 11:36:21,092 [java.util.concurrent.ThreadPoolExecutor$Worker@7acd5285[State = -1, empty queue]] WARN  server.GrpcLogAppender (GrpcLogAppender.java:timeoutAppendRequest(200)) - 7aa83ab1-477a-4917-a557-8c7bdb1dca7a@group-4817D3A8AAC5->6ce6840f-3bb0-4d7d-8406-ba4a40805123-GrpcLogAppender: appendEntries Timeout, request=7aa83ab1-477a-4917-a557-8c7bdb1dca7a->6ce6840f-3bb0-4d7d-8406-ba4a40805123#77-t1, previous=(t:1, i:19), leaderCommit=12, initializing? false, entries: <empty>
2019-09-17 11:36:21,092 [java.util.concurrent.ThreadPoolExecutor$Worker@f9cdb08[State = -1, empty queue]] WARN  server.GrpcLogAppender (GrpcLogAppender.java:timeoutAppendRequest(200)) - 7aa83ab1-477a-4917-a557-8c7bdb1dca7a@group-4817D3A8AAC5->285d9e5f-8853-4762-b181-afacccda6eae-GrpcLogAppender: appendEntries Timeout, request=7aa83ab1-477a-4917-a557-8c7bdb1dca7a->285d9e5f-8853-4762-b181-afacccda6eae#77-t1, previous=(t:1, i:19), leaderCommit=12, initializing? false, entries: <empty>
2019-09-17 11:36:23,094 [org.apache.ratis.server.impl.LogAppender$AppenderDaemon$$Lambda$492/1964587901@384b2d46] ERROR ratis.XceiverServerRatis (XceiverServerRatis.java:triggerPipelineClose(575)) - pipeline Action CLOSE  on pipeline PipelineID=ced6bf12-8106-4dd4-a459-4817d3a8aac5.Reason : 7aa83ab1-477a-4917-a557-8c7bdb1dca7a has not seen follower/s 6ce6840f-3bb0-4d7d-8406-ba4a40805123 for 144418ms 285d9e5f-8853-4762-b181-afacccda6eae for 144418ms
2019-09-17 11:36:23,094 [org.apache.ratis.server.impl.LogAppender$AppenderDaemon$$Lambda$492/1964587901@4a600064] ERROR ratis.XceiverServerRatis (XceiverServerRatis.java:triggerPipelineClose(575)) - pipeline Action CLOSE  on pipeline PipelineID=ced6bf12-8106-4dd4-a459-4817d3a8aac5.Reason : 7aa83ab1-477a-4917-a557-8c7bdb1dca7a has not seen follower/s 6ce6840f-3bb0-4d7d-8406-ba4a40805123 for 144418ms 285d9e5f-8853-4762-b181-afacccda6eae for 144418ms
2019-09-17 11:36:23,592 [java.util.concurrent.ThreadPoolExecutor$Worker@7acd5285[State = -1, empty queue]] WARN  server.GrpcLogAppender (GrpcLogAppender.java:timeoutAppendRequest(200)) - 7aa83ab1-477a-4917-a557-8c7bdb1dca7a@group-4817D3A8AAC5->6ce6840f-3bb0-4d7d-8406-ba4a40805123-GrpcLogAppender: appendEntries Timeout, request=7aa83ab1-477a-4917-a557-8c7bdb1dca7a->6ce6840f-3bb0-4d7d-8406-ba4a40805123#78-t1, previous=(t:1, i:19), leaderCommit=12, initializing? false, entries: <empty>
2019-09-17 11:36:23,593 [java.util.concurrent.ThreadPoolExecutor$Worker@f9cdb08[State = -1, empty queue]] WARN  server.GrpcLogAppender (GrpcLogAppender.java:timeoutAppendRequest(200)) - 7aa83ab1-477a-4917-a557-8c7bdb1dca7a@group-4817D3A8AAC5->285d9e5f-8853-4762-b181-afacccda6eae-GrpcLogAppender: appendEntries Timeout, request=7aa83ab1-477a-4917-a557-8c7bdb1dca7a->285d9e5f-8853-4762-b181-afacccda6eae#78-t1, previous=(t:1, i:19), leaderCommit=12, initializing? false, entries: <empty>
2019-09-17 11:36:24,076 [EventQueue-PipelineActionsForPipelineActionHandler] ERROR pipeline.PipelineActionHandler (PipelineActionHandler.java:onMessage(60)) - Received pipeline action CLOSE for Pipeline[ Id: ced6bf12-8106-4dd4-a459-4817d3a8aac5, Nodes: 285d9e5f-8853-4762-b181-afacccda6eae{ip: 192.168.157.219, host: pr-hdds-2121-5jcdq-2838215776, networkLocation: /default-rack, certSerialId: null}6ce6840f-3bb0-4d7d-8406-ba4a40805123{ip: 192.168.157.219, host: pr-hdds-2121-5jcdq-2838215776, networkLocation: /default-rack, certSerialId: null}7aa83ab1-477a-4917-a557-8c7bdb1dca7a{ip: 192.168.157.219, host: pr-hdds-2121-5jcdq-2838215776, networkLocation: /default-rack, certSerialId: null}, Type:RATIS, Factor:THREE, State:CLOSED] from datanode 7aa83ab1-477a-4917-a557-8c7bdb1dca7a{ip: 192.168.157.219, host: pr-hdds-2121-5jcdq-2838215776, networkLocation: /default-rack, certSerialId: null}. Reason : 7aa83ab1-477a-4917-a557-8c7bdb1dca7a has not seen follower/s 6ce6840f-3bb0-4d7d-8406-ba4a40805123 for 144418ms 285d9e5f-8853-4762-b181-afacccda6eae for 144418ms
2019-09-17 11:36:24,076 [EventQueue-PipelineActionsForPipelineActionHandler] INFO  pipeline.SCMPipelineManager (SCMPipelineManager.java:finalizeAndDestroyPipeline(311)) - destroying pipeline:Pipeline[ Id: ced6bf12-8106-4dd4-a459-4817d3a8aac5, Nodes: 285d9e5f-8853-4762-b181-afacccda6eae{ip: 192.168.157.219, host: pr-hdds-2121-5jcdq-2838215776, networkLocation: /default-rack, certSerialId: null}6ce6840f-3bb0-4d7d-8406-ba4a40805123{ip: 192.168.157.219, host: pr-hdds-2121-5jcdq-2838215776, networkLocation: /default-rack, certSerialId: null}7aa83ab1-477a-4917-a557-8c7bdb1dca7a{ip: 192.168.157.219, host: pr-hdds-2121-5jcdq-2838215776, networkLocation: /default-rack, certSerialId: null}, Type:RATIS, Factor:THREE, State:CLOSED]
2019-09-17 11:36:25,378 [grpc-default-executor-8] INFO  client.GrpcClientProtocolClient (GrpcClientProtocolClient.java:onNext(264)) - client-6D2DBBDC0506->285d9e5f-8853-4762-b181-afacccda6eae: receive RaftClientReply:client-6D2DBBDC0506->285d9e5f-8853-4762-b181-afacccda6eae@group-4817D3A8AAC5, cid=24, FAILED org.apache.ratis.protocol.NotLeaderException: Server 285d9e5f-8853-4762-b181-afacccda6eae@group-4817D3A8AAC5 is not the leader 7aa83ab1-477a-4917-a557-8c7bdb1dca7a:192.168.157.219:37869, logIndex=0, commits[285d9e5f-8853-4762-b181-afacccda6eae:c12, 6ce6840f-3bb0-4d7d-8406-ba4a40805123:c10, 7aa83ab1-477a-4917-a557-8c7bdb1dca7a:c12]
2019-09-17 11:36:25,594 [org.apache.ratis.server.impl.LogAppender$AppenderDaemon$$Lambda$492/1964587901@4a600064] ERROR ratis.XceiverServerRatis (XceiverServerRatis.java:triggerPipelineClose(575)) - pipeline Action CLOSE  on pipeline PipelineID=ced6bf12-8106-4dd4-a459-4817d3a8aac5.Reason : 7aa83ab1-477a-4917-a557-8c7bdb1dca7a has not seen follower/s 6ce6840f-3bb0-4d7d-8406-ba4a40805123 for 146919ms 285d9e5f-8853-4762-b181-afacccda6eae for 146919ms
2019-09-17 11:36:25,595 [org.apache.ratis.server.impl.LogAppender$AppenderDaemon$$Lambda$492/1964587901@384b2d46] ERROR ratis.XceiverServerRatis (XceiverServerRatis.java:triggerPipelineClose(575)) - pipeline Action CLOSE  on pipeline PipelineID=ced6bf12-8106-4dd4-a459-4817d3a8aac5.Reason : 7aa83ab1-477a-4917-a557-8c7bdb1dca7a has not seen follower/s 6ce6840f-3bb0-4d7d-8406-ba4a40805123 for 146919ms 285d9e5f-8853-4762-b181-afacccda6eae for 146920ms
2019-09-17 11:36:26,076 [EventQueue-PipelineActionsForPipelineActionHandler] ERROR pipeline.PipelineActionHandler (PipelineActionHandler.java:onMessage(60)) - Received pipeline action CLOSE for Pipeline[ Id: ced6bf12-8106-4dd4-a459-4817d3a8aac5, Nodes: 285d9e5f-8853-4762-b181-afacccda6eae{ip: 192.168.157.219, host: pr-hdds-2121-5jcdq-2838215776, networkLocation: /default-rack, certSerialId: null}6ce6840f-3bb0-4d7d-8406-ba4a40805123{ip: 192.168.157.219, host: pr-hdds-2121-5jcdq-2838215776, networkLocation: /default-rack, certSerialId: null}7aa83ab1-477a-4917-a557-8c7bdb1dca7a{ip: 192.168.157.219, host: pr-hdds-2121-5jcdq-2838215776, networkLocation: /default-rack, certSerialId: null}, Type:RATIS, Factor:THREE, State:CLOSED] from datanode 7aa83ab1-477a-4917-a557-8c7bdb1dca7a{ip: 192.168.157.219, host: pr-hdds-2121-5jcdq-2838215776, networkLocation: /default-rack, certSerialId: null}. Reason : 7aa83ab1-477a-4917-a557-8c7bdb1dca7a has not seen follower/s 6ce6840f-3bb0-4d7d-8406-ba4a40805123 for 146919ms 285d9e5f-8853-4762-b181-afacccda6eae for 146919ms
2019-09-17 11:36:26,076 [EventQueue-PipelineActionsForPipelineActionHandler] INFO  pipeline.SCMPipelineManager (SCMPipelineManager.java:finalizeAndDestroyPipeline(311)) - destroying pipeline:Pipeline[ Id: ced6bf12-8106-4dd4-a459-4817d3a8aac5, Nodes: 285d9e5f-8853-4762-b181-afacccda6eae{ip: 192.168.157.219, host: pr-hdds-2121-5jcdq-2838215776, networkLocation: /default-rack, certSerialId: null}6ce6840f-3bb0-4d7d-8406-ba4a40805123{ip: 192.168.157.219, host: pr-hdds-2121-5jcdq-2838215776, networkLocation: /default-rack, certSerialId: null}7aa83ab1-477a-4917-a557-8c7bdb1dca7a{ip: 192.168.157.219, host: pr-hdds-2121-5jcdq-2838215776, networkLocation: /default-rack, certSerialId: null}, Type:RATIS, Factor:THREE, State:CLOSED]
2019-09-17 11:36:26,094 [java.util.concurrent.ThreadPoolExecutor$Worker@7acd5285[State = -1, empty queue]] WARN  server.GrpcLogAppender (GrpcLogAppender.java:timeoutAppendRequest(200)) - 7aa83ab1-477a-4917-a557-8c7bdb1dca7a@group-4817D3A8AAC5->6ce6840f-3bb0-4d7d-8406-ba4a40805123-GrpcLogAppender: appendEntries Timeout, request=7aa83ab1-477a-4917-a557-8c7bdb1dca7a->6ce6840f-3bb0-4d7d-8406-ba4a40805123#79-t1, previous=(t:1, i:19), leaderCommit=12, initializing? false, entries: <empty>
2019-09-17 11:36:26,094 [java.util.concurrent.ThreadPoolExecutor$Worker@f9cdb08[State = -1, empty queue]] WARN  server.GrpcLogAppender (GrpcLogAppender.java:timeoutAppendRequest(200)) - 7aa83ab1-477a-4917-a557-8c7bdb1dca7a@group-4817D3A8AAC5->285d9e5f-8853-4762-b181-afacccda6eae-GrpcLogAppender: appendEntries Timeout, request=7aa83ab1-477a-4917-a557-8c7bdb1dca7a->285d9e5f-8853-4762-b181-afacccda6eae#79-t1, previous=(t:1, i:19), leaderCommit=12, initializing? false, entries: <empty>
2019-09-17 11:36:28,095 [org.apache.ratis.server.impl.LogAppender$AppenderDaemon$$Lambda$492/1964587901@4a600064] ERROR ratis.XceiverServerRatis (XceiverServerRatis.java:triggerPipelineClose(575)) - pipeline Action CLOSE  on pipeline PipelineID=ced6bf12-8106-4dd4-a459-4817d3a8aac5.Reason : 7aa83ab1-477a-4917-a557-8c7bdb1dca7a has not seen follower/s 6ce6840f-3bb0-4d7d-8406-ba4a40805123 for 149419ms 285d9e5f-8853-4762-b181-afacccda6eae for 149420ms
2019-09-17 11:36:28,096 [org.apache.ratis.server.impl.LogAppender$AppenderDaemon$$Lambda$492/1964587901@384b2d46] ERROR ratis.XceiverServerRatis (XceiverServerRatis.java:triggerPipelineClose(575)) - pipeline Action CLOSE  on pipeline PipelineID=ced6bf12-8106-4dd4-a459-4817d3a8aac5.Reason : 7aa83ab1-477a-4917-a557-8c7bdb1dca7a has not seen follower/s 6ce6840f-3bb0-4d7d-8406-ba4a40805123 for 149420ms 285d9e5f-8853-4762-b181-afacccda6eae for 149420ms
2019-09-17 11:36:28,594 [java.util.concurrent.ThreadPoolExecutor$Worker@7acd5285[State = -1, empty queue]] WARN  server.GrpcLogAppender (GrpcLogAppender.java:timeoutAppendRequest(200)) - 7aa83ab1-477a-4917-a557-8c7bdb1dca7a@group-4817D3A8AAC5->6ce6840f-3bb0-4d7d-8406-ba4a40805123-GrpcLogAppender: appendEntries Timeout, request=7aa83ab1-477a-4917-a557-8c7bdb1dca7a->6ce6840f-3bb0-4d7d-8406-ba4a40805123#80-t1, previous=(t:1, i:19), leaderCommit=12, initializing? false, entries: <empty>
2019-09-17 11:36:28,595 [java.util.concurrent.ThreadPoolExecutor$Worker@f9cdb08[State = -1, empty queue]] WARN  server.GrpcLogAppender (GrpcLogAppender.java:timeoutAppendRequest(200)) - 7aa83ab1-477a-4917-a557-8c7bdb1dca7a@group-4817D3A8AAC5->285d9e5f-8853-4762-b181-afacccda6eae-GrpcLogAppender: appendEntries Timeout, request=7aa83ab1-477a-4917-a557-8c7bdb1dca7a->285d9e5f-8853-4762-b181-afacccda6eae#80-t1, previous=(t:1, i:19), leaderCommit=12, initializing? false, entries: <empty>
2019-09-17 11:36:29,053 [6ce6840f-3bb0-4d7d-8406-ba4a40805123@group-4817D3A8AAC5-SegmentedRaftLogWorker] WARN  segmented.SegmentedRaftLogWorker (SegmentedRaftLogWorker.java:getFromFuture(90)) - Timeout 14/~
org.apache.ratis.protocol.TimeoutIOException: Timeout 10s: WriteLog:14: (t:1, i:14), STATEMACHINELOGENTRY, client-6D2DBBDC0506, cid=25-writeStateMachineData
	at org.apache.ratis.util.IOUtils.getFromFuture(IOUtils.java:87)
	at org.apache.ratis.server.raftlog.segmented.SegmentedRaftLogWorker$StateMachineDataPolicy.getFromFuture(SegmentedRaftLogWorker.java:87)
	at org.apache.ratis.server.raftlog.segmented.SegmentedRaftLogWorker$WriteLog.execute(SegmentedRaftLogWorker.java:477)
	at org.apache.ratis.server.raftlog.segmented.SegmentedRaftLogWorker.run(SegmentedRaftLogWorker.java:289)
	at java.lang.Thread.run(Thread.java:748)
Caused by: java.util.concurrent.TimeoutException
	at java.util.concurrent.CompletableFuture.timedGet(CompletableFuture.java:1771)
	at java.util.concurrent.CompletableFuture.get(CompletableFuture.java:1915)
	at org.apache.ratis.util.IOUtils.getFromFuture(IOUtils.java:79)
	... 4 more
2019-09-17 11:36:29,054 [285d9e5f-8853-4762-b181-afacccda6eae@group-4817D3A8AAC5-SegmentedRaftLogWorker] WARN  segmented.SegmentedRaftLogWorker (SegmentedRaftLogWorker.java:getFromFuture(90)) - Timeout 14/~
org.apache.ratis.protocol.TimeoutIOException: Timeout 10s: WriteLog:16: (t:1, i:16), STATEMACHINELOGENTRY, client-6D2DBBDC0506, cid=27-writeStateMachineData
	at org.apache.ratis.util.IOUtils.getFromFuture(IOUtils.java:87)
	at org.apache.ratis.server.raftlog.segmented.SegmentedRaftLogWorker$StateMachineDataPolicy.getFromFuture(SegmentedRaftLogWorker.java:87)
	at org.apache.ratis.server.raftlog.segmented.SegmentedRaftLogWorker$WriteLog.execute(SegmentedRaftLogWorker.java:477)
	at org.apache.ratis.server.raftlog.segmented.SegmentedRaftLogWorker.run(SegmentedRaftLogWorker.java:289)
	at java.lang.Thread.run(Thread.java:748)
Caused by: java.util.concurrent.TimeoutException
	at java.util.concurrent.CompletableFuture.timedGet(CompletableFuture.java:1771)
	at java.util.concurrent.CompletableFuture.get(CompletableFuture.java:1915)
	at org.apache.ratis.util.IOUtils.getFromFuture(IOUtils.java:79)
	... 4 more
2019-09-17 11:36:29,054 [7aa83ab1-477a-4917-a557-8c7bdb1dca7a@group-4817D3A8AAC5-SegmentedRaftLogWorker] WARN  segmented.SegmentedRaftLogWorker (SegmentedRaftLogWorker.java:getFromFuture(90)) - Timeout 14/~
org.apache.ratis.protocol.TimeoutIOException: Timeout 10s: WriteLog:14: (t:1, i:14), STATEMACHINELOGENTRY, client-6D2DBBDC0506, cid=25-writeStateMachineData
	at org.apache.ratis.util.IOUtils.getFromFuture(IOUtils.java:87)
	at org.apache.ratis.server.raftlog.segmented.SegmentedRaftLogWorker$StateMachineDataPolicy.getFromFuture(SegmentedRaftLogWorker.java:87)
	at org.apache.ratis.server.raftlog.segmented.SegmentedRaftLogWorker$WriteLog.execute(SegmentedRaftLogWorker.java:477)
	at org.apache.ratis.server.raftlog.segmented.SegmentedRaftLogWorker.run(SegmentedRaftLogWorker.java:289)
	at java.lang.Thread.run(Thread.java:748)
Caused by: java.util.concurrent.TimeoutException
	at java.util.concurrent.CompletableFuture.timedGet(CompletableFuture.java:1771)
	at java.util.concurrent.CompletableFuture.get(CompletableFuture.java:1915)
	at org.apache.ratis.util.IOUtils.getFromFuture(IOUtils.java:79)
	... 4 more
2019-09-17 11:36:29,075 [EventQueue-PipelineActionsForPipelineActionHandler] ERROR pipeline.PipelineActionHandler (PipelineActionHandler.java:onMessage(60)) - Received pipeline action CLOSE for Pipeline[ Id: ced6bf12-8106-4dd4-a459-4817d3a8aac5, Nodes: 285d9e5f-8853-4762-b181-afacccda6eae{ip: 192.168.157.219, host: pr-hdds-2121-5jcdq-2838215776, networkLocation: /default-rack, certSerialId: null}6ce6840f-3bb0-4d7d-8406-ba4a40805123{ip: 192.168.157.219, host: pr-hdds-2121-5jcdq-2838215776, networkLocation: /default-rack, certSerialId: null}7aa83ab1-477a-4917-a557-8c7bdb1dca7a{ip: 192.168.157.219, host: pr-hdds-2121-5jcdq-2838215776, networkLocation: /default-rack, certSerialId: null}, Type:RATIS, Factor:THREE, State:CLOSED] from datanode 7aa83ab1-477a-4917-a557-8c7bdb1dca7a{ip: 192.168.157.219, host: pr-hdds-2121-5jcdq-2838215776, networkLocation: /default-rack, certSerialId: null}. Reason : 7aa83ab1-477a-4917-a557-8c7bdb1dca7a has not seen follower/s 6ce6840f-3bb0-4d7d-8406-ba4a40805123 for 149419ms 285d9e5f-8853-4762-b181-afacccda6eae for 149420ms
2019-09-17 11:36:29,075 [EventQueue-PipelineActionsForPipelineActionHandler] INFO  pipeline.SCMPipelineManager (SCMPipelineManager.java:finalizeAndDestroyPipeline(311)) - destroying pipeline:Pipeline[ Id: ced6bf12-8106-4dd4-a459-4817d3a8aac5, Nodes: 285d9e5f-8853-4762-b181-afacccda6eae{ip: 192.168.157.219, host: pr-hdds-2121-5jcdq-2838215776, networkLocation: /default-rack, certSerialId: null}6ce6840f-3bb0-4d7d-8406-ba4a40805123{ip: 192.168.157.219, host: pr-hdds-2121-5jcdq-2838215776, networkLocation: /default-rack, certSerialId: null}7aa83ab1-477a-4917-a557-8c7bdb1dca7a{ip: 192.168.157.219, host: pr-hdds-2121-5jcdq-2838215776, networkLocation: /default-rack, certSerialId: null}, Type:RATIS, Factor:THREE, State:CLOSED]
2019-09-17 11:36:30,421 [grpc-default-executor-7] INFO  client.GrpcClientProtocolClient (GrpcClientProtocolClient.java:onNext(264)) - client-6D2DBBDC0506->6ce6840f-3bb0-4d7d-8406-ba4a40805123: receive RaftClientReply:client-6D2DBBDC0506->6ce6840f-3bb0-4d7d-8406-ba4a40805123@group-4817D3A8AAC5, cid=24, FAILED org.apache.ratis.protocol.NotLeaderException: Server 6ce6840f-3bb0-4d7d-8406-ba4a40805123@group-4817D3A8AAC5 is not the leader 7aa83ab1-477a-4917-a557-8c7bdb1dca7a:192.168.157.219:37869, logIndex=0, commits[6ce6840f-3bb0-4d7d-8406-ba4a40805123:c12, 7aa83ab1-477a-4917-a557-8c7bdb1dca7a:c12, 285d9e5f-8853-4762-b181-afacccda6eae:c10]
2019-09-17 11:36:30,596 [org.apache.ratis.server.impl.LogAppender$AppenderDaemon$$Lambda$492/1964587901@4a600064] ERROR ratis.XceiverServerRatis (XceiverServerRatis.java:triggerPipelineClose(575)) - pipeline Action CLOSE  on pipeline PipelineID=ced6bf12-8106-4dd4-a459-4817d3a8aac5.Reason : 7aa83ab1-477a-4917-a557-8c7bdb1dca7a has not seen follower/s 6ce6840f-3bb0-4d7d-8406-ba4a40805123 for 151920ms 285d9e5f-8853-4762-b181-afacccda6eae for 151921ms
2019-09-17 11:36:30,597 [org.apache.ratis.server.impl.LogAppender$AppenderDaemon$$Lambda$492/1964587901@384b2d46] ERROR ratis.XceiverServerRatis (XceiverServerRatis.java:triggerPipelineClose(575)) - pipeline Action CLOSE  on pipeline PipelineID=ced6bf12-8106-4dd4-a459-4817d3a8aac5.Reason : 7aa83ab1-477a-4917-a557-8c7bdb1dca7a has not seen follower/s 6ce6840f-3bb0-4d7d-8406-ba4a40805123 for 151921ms 285d9e5f-8853-4762-b181-afacccda6eae for 151921ms
2019-09-17 11:36:31,075 [EventQueue-PipelineActionsForPipelineActionHandler] ERROR pipeline.PipelineActionHandler (PipelineActionHandler.java:onMessage(60)) - Received pipeline action CLOSE for Pipeline[ Id: ced6bf12-8106-4dd4-a459-4817d3a8aac5, Nodes: 285d9e5f-8853-4762-b181-afacccda6eae{ip: 192.168.157.219, host: pr-hdds-2121-5jcdq-2838215776, networkLocation: /default-rack, certSerialId: null}6ce6840f-3bb0-4d7d-8406-ba4a40805123{ip: 192.168.157.219, host: pr-hdds-2121-5jcdq-2838215776, networkLocation: /default-rack, certSerialId: null}7aa83ab1-477a-4917-a557-8c7bdb1dca7a{ip: 192.168.157.219, host: pr-hdds-2121-5jcdq-2838215776, networkLocation: /default-rack, certSerialId: null}, Type:RATIS, Factor:THREE, State:CLOSED] from datanode 7aa83ab1-477a-4917-a557-8c7bdb1dca7a{ip: 192.168.157.219, host: pr-hdds-2121-5jcdq-2838215776, networkLocation: /default-rack, certSerialId: null}. Reason : 7aa83ab1-477a-4917-a557-8c7bdb1dca7a has not seen follower/s 6ce6840f-3bb0-4d7d-8406-ba4a40805123 for 151920ms 285d9e5f-8853-4762-b181-afacccda6eae for 151921ms
2019-09-17 11:36:31,076 [EventQueue-PipelineActionsForPipelineActionHandler] INFO  pipeline.SCMPipelineManager (SCMPipelineManager.java:finalizeAndDestroyPipeline(311)) - destroying pipeline:Pipeline[ Id: ced6bf12-8106-4dd4-a459-4817d3a8aac5, Nodes: 285d9e5f-8853-4762-b181-afacccda6eae{ip: 192.168.157.219, host: pr-hdds-2121-5jcdq-2838215776, networkLocation: /default-rack, certSerialId: null}6ce6840f-3bb0-4d7d-8406-ba4a40805123{ip: 192.168.157.219, host: pr-hdds-2121-5jcdq-2838215776, networkLocation: /default-rack, certSerialId: null}7aa83ab1-477a-4917-a557-8c7bdb1dca7a{ip: 192.168.157.219, host: pr-hdds-2121-5jcdq-2838215776, networkLocation: /default-rack, certSerialId: null}, Type:RATIS, Factor:THREE, State:CLOSED]
2019-09-17 11:36:31,095 [java.util.concurrent.ThreadPoolExecutor$Worker@7acd5285[State = -1, empty queue]] WARN  server.GrpcLogAppender (GrpcLogAppender.java:timeoutAppendRequest(200)) - 7aa83ab1-477a-4917-a557-8c7bdb1dca7a@group-4817D3A8AAC5->6ce6840f-3bb0-4d7d-8406-ba4a40805123-GrpcLogAppender: appendEntries Timeout, request=7aa83ab1-477a-4917-a557-8c7bdb1dca7a->6ce6840f-3bb0-4d7d-8406-ba4a40805123#81-t1, previous=(t:1, i:19), leaderCommit=12, initializing? false, entries: <empty>
2019-09-17 11:36:31,096 [java.util.concurrent.ThreadPoolExecutor$Worker@f9cdb08[State = -1, empty queue]] WARN  server.GrpcLogAppender (GrpcLogAppender.java:timeoutAppendRequest(200)) - 7aa83ab1-477a-4917-a557-8c7bdb1dca7a@group-4817D3A8AAC5->285d9e5f-8853-4762-b181-afacccda6eae-GrpcLogAppender: appendEntries Timeout, request=7aa83ab1-477a-4917-a557-8c7bdb1dca7a->285d9e5f-8853-4762-b181-afacccda6eae#81-t1, previous=(t:1, i:19), leaderCommit=12, initializing? false, entries: <empty>
2019-09-17 11:36:33,097 [org.apache.ratis.server.impl.LogAppender$AppenderDaemon$$Lambda$492/1964587901@4a600064] ERROR ratis.XceiverServerRatis (XceiverServerRatis.java:triggerPipelineClose(575)) - pipeline Action CLOSE  on pipeline PipelineID=ced6bf12-8106-4dd4-a459-4817d3a8aac5.Reason : 7aa83ab1-477a-4917-a557-8c7bdb1dca7a has not seen follower/s 6ce6840f-3bb0-4d7d-8406-ba4a40805123 for 154421ms 285d9e5f-8853-4762-b181-afacccda6eae for 154421ms
2019-09-17 11:36:33,097 [org.apache.ratis.server.impl.LogAppender$AppenderDaemon$$Lambda$492/1964587901@384b2d46] ERROR ratis.XceiverServerRatis (XceiverServerRatis.java:triggerPipelineClose(575)) - pipeline Action CLOSE  on pipeline PipelineID=ced6bf12-8106-4dd4-a459-4817d3a8aac5.Reason : 7aa83ab1-477a-4917-a557-8c7bdb1dca7a has not seen follower/s 6ce6840f-3bb0-4d7d-8406-ba4a40805123 for 154422ms 285d9e5f-8853-4762-b181-afacccda6eae for 154422ms
2019-09-17 11:36:33,596 [java.util.concurrent.ThreadPoolExecutor$Worker@7acd5285[State = -1, empty queue]] WARN  server.GrpcLogAppender (GrpcLogAppender.java:timeoutAppendRequest(200)) - 7aa83ab1-477a-4917-a557-8c7bdb1dca7a@group-4817D3A8AAC5->6ce6840f-3bb0-4d7d-8406-ba4a40805123-GrpcLogAppender: appendEntries Timeout, request=7aa83ab1-477a-4917-a557-8c7bdb1dca7a->6ce6840f-3bb0-4d7d-8406-ba4a40805123#82-t1, previous=(t:1, i:19), leaderCommit=12, initializing? false, entries: <empty>
2019-09-17 11:36:33,597 [java.util.concurrent.ThreadPoolExecutor$Worker@f9cdb08[State = -1, empty queue]] WARN  server.GrpcLogAppender (GrpcLogAppender.java:timeoutAppendRequest(200)) - 7aa83ab1-477a-4917-a557-8c7bdb1dca7a@group-4817D3A8AAC5->285d9e5f-8853-4762-b181-afacccda6eae-GrpcLogAppender: appendEntries Timeout, request=7aa83ab1-477a-4917-a557-8c7bdb1dca7a->285d9e5f-8853-4762-b181-afacccda6eae#82-t1, previous=(t:1, i:19), leaderCommit=12, initializing? false, entries: <empty>
2019-09-17 11:36:34,075 [EventQueue-PipelineActionsForPipelineActionHandler] ERROR pipeline.PipelineActionHandler (PipelineActionHandler.java:onMessage(60)) - Received pipeline action CLOSE for Pipeline[ Id: ced6bf12-8106-4dd4-a459-4817d3a8aac5, Nodes: 285d9e5f-8853-4762-b181-afacccda6eae{ip: 192.168.157.219, host: pr-hdds-2121-5jcdq-2838215776, networkLocation: /default-rack, certSerialId: null}6ce6840f-3bb0-4d7d-8406-ba4a40805123{ip: 192.168.157.219, host: pr-hdds-2121-5jcdq-2838215776, networkLocation: /default-rack, certSerialId: null}7aa83ab1-477a-4917-a557-8c7bdb1dca7a{ip: 192.168.157.219, host: pr-hdds-2121-5jcdq-2838215776, networkLocation: /default-rack, certSerialId: null}, Type:RATIS, Factor:THREE, State:CLOSED] from datanode 7aa83ab1-477a-4917-a557-8c7bdb1dca7a{ip: 192.168.157.219, host: pr-hdds-2121-5jcdq-2838215776, networkLocation: /default-rack, certSerialId: null}. Reason : 7aa83ab1-477a-4917-a557-8c7bdb1dca7a has not seen follower/s 6ce6840f-3bb0-4d7d-8406-ba4a40805123 for 154421ms 285d9e5f-8853-4762-b181-afacccda6eae for 154421ms
2019-09-17 11:36:34,076 [EventQueue-PipelineActionsForPipelineActionHandler] INFO  pipeline.SCMPipelineManager (SCMPipelineManager.java:finalizeAndDestroyPipeline(311)) - destroying pipeline:Pipeline[ Id: ced6bf12-8106-4dd4-a459-4817d3a8aac5, Nodes: 285d9e5f-8853-4762-b181-afacccda6eae{ip: 192.168.157.219, host: pr-hdds-2121-5jcdq-2838215776, networkLocation: /default-rack, certSerialId: null}6ce6840f-3bb0-4d7d-8406-ba4a40805123{ip: 192.168.157.219, host: pr-hdds-2121-5jcdq-2838215776, networkLocation: /default-rack, certSerialId: null}7aa83ab1-477a-4917-a557-8c7bdb1dca7a{ip: 192.168.157.219, host: pr-hdds-2121-5jcdq-2838215776, networkLocation: /default-rack, certSerialId: null}, Type:RATIS, Factor:THREE, State:CLOSED]
2019-09-17 11:36:35,467 [grpc-default-executor-8] INFO  client.GrpcClientProtocolClient (GrpcClientProtocolClient.java:onNext(264)) - client-6D2DBBDC0506->6ce6840f-3bb0-4d7d-8406-ba4a40805123: receive RaftClientReply:client-6D2DBBDC0506->6ce6840f-3bb0-4d7d-8406-ba4a40805123@group-4817D3A8AAC5, cid=24, FAILED org.apache.ratis.protocol.NotLeaderException: Server 6ce6840f-3bb0-4d7d-8406-ba4a40805123@group-4817D3A8AAC5 is not the leader 7aa83ab1-477a-4917-a557-8c7bdb1dca7a:192.168.157.219:37869, logIndex=0, commits[6ce6840f-3bb0-4d7d-8406-ba4a40805123:c12, 7aa83ab1-477a-4917-a557-8c7bdb1dca7a:c12, 285d9e5f-8853-4762-b181-afacccda6eae:c10]
2019-09-17 11:36:35,598 [org.apache.ratis.server.impl.LogAppender$AppenderDaemon$$Lambda$492/1964587901@384b2d46] ERROR ratis.XceiverServerRatis (XceiverServerRatis.java:triggerPipelineClose(575)) - pipeline Action CLOSE  on pipeline PipelineID=ced6bf12-8106-4dd4-a459-4817d3a8aac5.Reason : 7aa83ab1-477a-4917-a557-8c7bdb1dca7a has not seen follower/s 6ce6840f-3bb0-4d7d-8406-ba4a40805123 for 156922ms 285d9e5f-8853-4762-b181-afacccda6eae for 156922ms
2019-09-17 11:36:35,598 [org.apache.ratis.server.impl.LogAppender$AppenderDaemon$$Lambda$492/1964587901@4a600064] ERROR ratis.XceiverServerRatis (XceiverServerRatis.java:triggerPipelineClose(575)) - pipeline Action CLOSE  on pipeline PipelineID=ced6bf12-8106-4dd4-a459-4817d3a8aac5.Reason : 7aa83ab1-477a-4917-a557-8c7bdb1dca7a has not seen follower/s 6ce6840f-3bb0-4d7d-8406-ba4a40805123 for 156922ms 285d9e5f-8853-4762-b181-afacccda6eae for 156922ms
2019-09-17 11:36:36,075 [EventQueue-PipelineActionsForPipelineActionHandler] ERROR pipeline.PipelineActionHandler (PipelineActionHandler.java:onMessage(60)) - Received pipeline action CLOSE for Pipeline[ Id: ced6bf12-8106-4dd4-a459-4817d3a8aac5, Nodes: 285d9e5f-8853-4762-b181-afacccda6eae{ip: 192.168.157.219, host: pr-hdds-2121-5jcdq-2838215776, networkLocation: /default-rack, certSerialId: null}6ce6840f-3bb0-4d7d-8406-ba4a40805123{ip: 192.168.157.219, host: pr-hdds-2121-5jcdq-2838215776, networkLocation: /default-rack, certSerialId: null}7aa83ab1-477a-4917-a557-8c7bdb1dca7a{ip: 192.168.157.219, host: pr-hdds-2121-5jcdq-2838215776, networkLocation: /default-rack, certSerialId: null}, Type:RATIS, Factor:THREE, State:CLOSED] from datanode 7aa83ab1-477a-4917-a557-8c7bdb1dca7a{ip: 192.168.157.219, host: pr-hdds-2121-5jcdq-2838215776, networkLocation: /default-rack, certSerialId: null}. Reason : 7aa83ab1-477a-4917-a557-8c7bdb1dca7a has not seen follower/s 6ce6840f-3bb0-4d7d-8406-ba4a40805123 for 156922ms 285d9e5f-8853-4762-b181-afacccda6eae for 156922ms
2019-09-17 11:36:36,076 [EventQueue-PipelineActionsForPipelineActionHandler] INFO  pipeline.SCMPipelineManager (SCMPipelineManager.java:finalizeAndDestroyPipeline(311)) - destroying pipeline:Pipeline[ Id: ced6bf12-8106-4dd4-a459-4817d3a8aac5, Nodes: 285d9e5f-8853-4762-b181-afacccda6eae{ip: 192.168.157.219, host: pr-hdds-2121-5jcdq-2838215776, networkLocation: /default-rack, certSerialId: null}6ce6840f-3bb0-4d7d-8406-ba4a40805123{ip: 192.168.157.219, host: pr-hdds-2121-5jcdq-2838215776, networkLocation: /default-rack, certSerialId: null}7aa83ab1-477a-4917-a557-8c7bdb1dca7a{ip: 192.168.157.219, host: pr-hdds-2121-5jcdq-2838215776, networkLocation: /default-rack, certSerialId: null}, Type:RATIS, Factor:THREE, State:CLOSED]
2019-09-17 11:36:36,097 [java.util.concurrent.ThreadPoolExecutor$Worker@7acd5285[State = -1, empty queue]] WARN  server.GrpcLogAppender (GrpcLogAppender.java:timeoutAppendRequest(200)) - 7aa83ab1-477a-4917-a557-8c7bdb1dca7a@group-4817D3A8AAC5->6ce6840f-3bb0-4d7d-8406-ba4a40805123-GrpcLogAppender: appendEntries Timeout, request=7aa83ab1-477a-4917-a557-8c7bdb1dca7a->6ce6840f-3bb0-4d7d-8406-ba4a40805123#83-t1, previous=(t:1, i:19), leaderCommit=12, initializing? false, entries: <empty>
2019-09-17 11:36:36,097 [java.util.concurrent.ThreadPoolExecutor$Worker@f9cdb08[State = -1, empty queue]] WARN  server.GrpcLogAppender (GrpcLogAppender.java:timeoutAppendRequest(200)) - 7aa83ab1-477a-4917-a557-8c7bdb1dca7a@group-4817D3A8AAC5->285d9e5f-8853-4762-b181-afacccda6eae-GrpcLogAppender: appendEntries Timeout, request=7aa83ab1-477a-4917-a557-8c7bdb1dca7a->285d9e5f-8853-4762-b181-afacccda6eae#83-t1, previous=(t:1, i:19), leaderCommit=12, initializing? false, entries: <empty>
2019-09-17 11:36:38,099 [org.apache.ratis.server.impl.LogAppender$AppenderDaemon$$Lambda$492/1964587901@4a600064] ERROR ratis.XceiverServerRatis (XceiverServerRatis.java:triggerPipelineClose(575)) - pipeline Action CLOSE  on pipeline PipelineID=ced6bf12-8106-4dd4-a459-4817d3a8aac5.Reason : 7aa83ab1-477a-4917-a557-8c7bdb1dca7a has not seen follower/s 6ce6840f-3bb0-4d7d-8406-ba4a40805123 for 159423ms 285d9e5f-8853-4762-b181-afacccda6eae for 159424ms
2019-09-17 11:36:38,099 [org.apache.ratis.server.impl.LogAppender$AppenderDaemon$$Lambda$492/1964587901@384b2d46] ERROR ratis.XceiverServerRatis (XceiverServerRatis.java:triggerPipelineClose(575)) - pipeline Action CLOSE  on pipeline PipelineID=ced6bf12-8106-4dd4-a459-4817d3a8aac5.Reason : 7aa83ab1-477a-4917-a557-8c7bdb1dca7a has not seen follower/s 6ce6840f-3bb0-4d7d-8406-ba4a40805123 for 159423ms 285d9e5f-8853-4762-b181-afacccda6eae for 159424ms
2019-09-17 11:36:38,598 [java.util.concurrent.ThreadPoolExecutor$Worker@7acd5285[State = -1, empty queue]] WARN  server.GrpcLogAppender (GrpcLogAppender.java:timeoutAppendRequest(200)) - 7aa83ab1-477a-4917-a557-8c7bdb1dca7a@group-4817D3A8AAC5->6ce6840f-3bb0-4d7d-8406-ba4a40805123-GrpcLogAppender: appendEntries Timeout, request=7aa83ab1-477a-4917-a557-8c7bdb1dca7a->6ce6840f-3bb0-4d7d-8406-ba4a40805123#84-t1, previous=(t:1, i:19), leaderCommit=12, initializing? false, entries: <empty>
2019-09-17 11:36:38,598 [java.util.concurrent.ThreadPoolExecutor$Worker@f9cdb08[State = -1, empty queue]] WARN  server.GrpcLogAppender (GrpcLogAppender.java:timeoutAppendRequest(200)) - 7aa83ab1-477a-4917-a557-8c7bdb1dca7a@group-4817D3A8AAC5->285d9e5f-8853-4762-b181-afacccda6eae-GrpcLogAppender: appendEntries Timeout, request=7aa83ab1-477a-4917-a557-8c7bdb1dca7a->285d9e5f-8853-4762-b181-afacccda6eae#84-t1, previous=(t:1, i:19), leaderCommit=12, initializing? false, entries: <empty>
2019-09-17 11:36:39,055 [6ce6840f-3bb0-4d7d-8406-ba4a40805123@group-4817D3A8AAC5-SegmentedRaftLogWorker] WARN  segmented.SegmentedRaftLogWorker (SegmentedRaftLogWorker.java:getFromFuture(90)) - Timeout 15/~
org.apache.ratis.protocol.TimeoutIOException: Timeout 10s: WriteLog:14: (t:1, i:14), STATEMACHINELOGENTRY, client-6D2DBBDC0506, cid=25-writeStateMachineData
	at org.apache.ratis.util.IOUtils.getFromFuture(IOUtils.java:87)
	at org.apache.ratis.server.raftlog.segmented.SegmentedRaftLogWorker$StateMachineDataPolicy.getFromFuture(SegmentedRaftLogWorker.java:87)
	at org.apache.ratis.server.raftlog.segmented.SegmentedRaftLogWorker$WriteLog.execute(SegmentedRaftLogWorker.java:477)
	at org.apache.ratis.server.raftlog.segmented.SegmentedRaftLogWorker.run(SegmentedRaftLogWorker.java:289)
	at java.lang.Thread.run(Thread.java:748)
Caused by: java.util.concurrent.TimeoutException
	at java.util.concurrent.CompletableFuture.timedGet(CompletableFuture.java:1771)
	at java.util.concurrent.CompletableFuture.get(CompletableFuture.java:1915)
	at org.apache.ratis.util.IOUtils.getFromFuture(IOUtils.java:79)
	... 4 more
2019-09-17 11:36:39,055 [7aa83ab1-477a-4917-a557-8c7bdb1dca7a@group-4817D3A8AAC5-SegmentedRaftLogWorker] WARN  segmented.SegmentedRaftLogWorker (SegmentedRaftLogWorker.java:getFromFuture(90)) - Timeout 15/~
org.apache.ratis.protocol.TimeoutIOException: Timeout 10s: WriteLog:14: (t:1, i:14), STATEMACHINELOGENTRY, client-6D2DBBDC0506, cid=25-writeStateMachineData
	at org.apache.ratis.util.IOUtils.getFromFuture(IOUtils.java:87)
	at org.apache.ratis.server.raftlog.segmented.SegmentedRaftLogWorker$StateMachineDataPolicy.getFromFuture(SegmentedRaftLogWorker.java:87)
	at org.apache.ratis.server.raftlog.segmented.SegmentedRaftLogWorker$WriteLog.execute(SegmentedRaftLogWorker.java:477)
	at org.apache.ratis.server.raftlog.segmented.SegmentedRaftLogWorker.run(SegmentedRaftLogWorker.java:289)
	at java.lang.Thread.run(Thread.java:748)
Caused by: java.util.concurrent.TimeoutException
	at java.util.concurrent.CompletableFuture.timedGet(CompletableFuture.java:1771)
	at java.util.concurrent.CompletableFuture.get(CompletableFuture.java:1915)
	at org.apache.ratis.util.IOUtils.getFromFuture(IOUtils.java:79)
	... 4 more
2019-09-17 11:36:39,055 [285d9e5f-8853-4762-b181-afacccda6eae@group-4817D3A8AAC5-SegmentedRaftLogWorker] WARN  segmented.SegmentedRaftLogWorker (SegmentedRaftLogWorker.java:getFromFuture(90)) - Timeout 15/~
org.apache.ratis.protocol.TimeoutIOException: Timeout 10s: WriteLog:16: (t:1, i:16), STATEMACHINELOGENTRY, client-6D2DBBDC0506, cid=27-writeStateMachineData
	at org.apache.ratis.util.IOUtils.getFromFuture(IOUtils.java:87)
	at org.apache.ratis.server.raftlog.segmented.SegmentedRaftLogWorker$StateMachineDataPolicy.getFromFuture(SegmentedRaftLogWorker.java:87)
	at org.apache.ratis.server.raftlog.segmented.SegmentedRaftLogWorker$WriteLog.execute(SegmentedRaftLogWorker.java:477)
	at org.apache.ratis.server.raftlog.segmented.SegmentedRaftLogWorker.run(SegmentedRaftLogWorker.java:289)
	at java.lang.Thread.run(Thread.java:748)
Caused by: java.util.concurrent.TimeoutException
	at java.util.concurrent.CompletableFuture.timedGet(CompletableFuture.java:1771)
	at java.util.concurrent.CompletableFuture.get(CompletableFuture.java:1915)
	at org.apache.ratis.util.IOUtils.getFromFuture(IOUtils.java:79)
	... 4 more
2019-09-17 11:36:39,079 [EventQueue-PipelineActionsForPipelineActionHandler] ERROR pipeline.PipelineActionHandler (PipelineActionHandler.java:onMessage(60)) - Received pipeline action CLOSE for Pipeline[ Id: ced6bf12-8106-4dd4-a459-4817d3a8aac5, Nodes: 285d9e5f-8853-4762-b181-afacccda6eae{ip: 192.168.157.219, host: pr-hdds-2121-5jcdq-2838215776, networkLocation: /default-rack, certSerialId: null}6ce6840f-3bb0-4d7d-8406-ba4a40805123{ip: 192.168.157.219, host: pr-hdds-2121-5jcdq-2838215776, networkLocation: /default-rack, certSerialId: null}7aa83ab1-477a-4917-a557-8c7bdb1dca7a{ip: 192.168.157.219, host: pr-hdds-2121-5jcdq-2838215776, networkLocation: /default-rack, certSerialId: null}, Type:RATIS, Factor:THREE, State:CLOSED] from datanode 7aa83ab1-477a-4917-a557-8c7bdb1dca7a{ip: 192.168.157.219, host: pr-hdds-2121-5jcdq-2838215776, networkLocation: /default-rack, certSerialId: null}. Reason : 7aa83ab1-477a-4917-a557-8c7bdb1dca7a has not seen follower/s 6ce6840f-3bb0-4d7d-8406-ba4a40805123 for 159423ms 285d9e5f-8853-4762-b181-afacccda6eae for 159424ms
2019-09-17 11:36:39,079 [EventQueue-PipelineActionsForPipelineActionHandler] INFO  pipeline.SCMPipelineManager (SCMPipelineManager.java:finalizeAndDestroyPipeline(311)) - destroying pipeline:Pipeline[ Id: ced6bf12-8106-4dd4-a459-4817d3a8aac5, Nodes: 285d9e5f-8853-4762-b181-afacccda6eae{ip: 192.168.157.219, host: pr-hdds-2121-5jcdq-2838215776, networkLocation: /default-rack, certSerialId: null}6ce6840f-3bb0-4d7d-8406-ba4a40805123{ip: 192.168.157.219, host: pr-hdds-2121-5jcdq-2838215776, networkLocation: /default-rack, certSerialId: null}7aa83ab1-477a-4917-a557-8c7bdb1dca7a{ip: 192.168.157.219, host: pr-hdds-2121-5jcdq-2838215776, networkLocation: /default-rack, certSerialId: null}, Type:RATIS, Factor:THREE, State:CLOSED]
2019-09-17 11:36:40,518 [grpc-default-executor-8] INFO  client.GrpcClientProtocolClient (GrpcClientProtocolClient.java:onNext(264)) - client-6D2DBBDC0506->6ce6840f-3bb0-4d7d-8406-ba4a40805123: receive RaftClientReply:client-6D2DBBDC0506->6ce6840f-3bb0-4d7d-8406-ba4a40805123@group-4817D3A8AAC5, cid=24, FAILED org.apache.ratis.protocol.NotLeaderException: Server 6ce6840f-3bb0-4d7d-8406-ba4a40805123@group-4817D3A8AAC5 is not the leader 7aa83ab1-477a-4917-a557-8c7bdb1dca7a:192.168.157.219:37869, logIndex=0, commits[6ce6840f-3bb0-4d7d-8406-ba4a40805123:c12, 7aa83ab1-477a-4917-a557-8c7bdb1dca7a:c12, 285d9e5f-8853-4762-b181-afacccda6eae:c10]
2019-09-17 11:36:40,601 [org.apache.ratis.server.impl.LogAppender$AppenderDaemon$$Lambda$492/1964587901@384b2d46] ERROR ratis.XceiverServerRatis (XceiverServerRatis.java:triggerPipelineClose(575)) - pipeline Action CLOSE  on pipeline PipelineID=ced6bf12-8106-4dd4-a459-4817d3a8aac5.Reason : 7aa83ab1-477a-4917-a557-8c7bdb1dca7a has not seen follower/s 6ce6840f-3bb0-4d7d-8406-ba4a40805123 for 161925ms 285d9e5f-8853-4762-b181-afacccda6eae for 161925ms
2019-09-17 11:36:40,601 [org.apache.ratis.server.impl.LogAppender$AppenderDaemon$$Lambda$492/1964587901@4a600064] ERROR ratis.XceiverServerRatis (XceiverServerRatis.java:triggerPipelineClose(575)) - pipeline Action CLOSE  on pipeline PipelineID=ced6bf12-8106-4dd4-a459-4817d3a8aac5.Reason : 7aa83ab1-477a-4917-a557-8c7bdb1dca7a has not seen follower/s 6ce6840f-3bb0-4d7d-8406-ba4a40805123 for 161925ms 285d9e5f-8853-4762-b181-afacccda6eae for 161925ms
2019-09-17 11:36:41,078 [EventQueue-PipelineActionsForPipelineActionHandler] ERROR pipeline.PipelineActionHandler (PipelineActionHandler.java:onMessage(60)) - Received pipeline action CLOSE for Pipeline[ Id: ced6bf12-8106-4dd4-a459-4817d3a8aac5, Nodes: 285d9e5f-8853-4762-b181-afacccda6eae{ip: 192.168.157.219, host: pr-hdds-2121-5jcdq-2838215776, networkLocation: /default-rack, certSerialId: null}6ce6840f-3bb0-4d7d-8406-ba4a40805123{ip: 192.168.157.219, host: pr-hdds-2121-5jcdq-2838215776, networkLocation: /default-rack, certSerialId: null}7aa83ab1-477a-4917-a557-8c7bdb1dca7a{ip: 192.168.157.219, host: pr-hdds-2121-5jcdq-2838215776, networkLocation: /default-rack, certSerialId: null}, Type:RATIS, Factor:THREE, State:CLOSED] from datanode 7aa83ab1-477a-4917-a557-8c7bdb1dca7a{ip: 192.168.157.219, host: pr-hdds-2121-5jcdq-2838215776, networkLocation: /default-rack, certSerialId: null}. Reason : 7aa83ab1-477a-4917-a557-8c7bdb1dca7a has not seen follower/s 6ce6840f-3bb0-4d7d-8406-ba4a40805123 for 161925ms 285d9e5f-8853-4762-b181-afacccda6eae for 161925ms
2019-09-17 11:36:41,079 [EventQueue-PipelineActionsForPipelineActionHandler] INFO  pipeline.SCMPipelineManager (SCMPipelineManager.java:finalizeAndDestroyPipeline(311)) - destroying pipeline:Pipeline[ Id: ced6bf12-8106-4dd4-a459-4817d3a8aac5, Nodes: 285d9e5f-8853-4762-b181-afacccda6eae{ip: 192.168.157.219, host: pr-hdds-2121-5jcdq-2838215776, networkLocation: /default-rack, certSerialId: null}6ce6840f-3bb0-4d7d-8406-ba4a40805123{ip: 192.168.157.219, host: pr-hdds-2121-5jcdq-2838215776, networkLocation: /default-rack, certSerialId: null}7aa83ab1-477a-4917-a557-8c7bdb1dca7a{ip: 192.168.157.219, host: pr-hdds-2121-5jcdq-2838215776, networkLocation: /default-rack, certSerialId: null}, Type:RATIS, Factor:THREE, State:CLOSED]
2019-09-17 11:36:41,099 [java.util.concurrent.ThreadPoolExecutor$Worker@7acd5285[State = -1, empty queue]] WARN  server.GrpcLogAppender (GrpcLogAppender.java:timeoutAppendRequest(200)) - 7aa83ab1-477a-4917-a557-8c7bdb1dca7a@group-4817D3A8AAC5->6ce6840f-3bb0-4d7d-8406-ba4a40805123-GrpcLogAppender: appendEntries Timeout, request=7aa83ab1-477a-4917-a557-8c7bdb1dca7a->6ce6840f-3bb0-4d7d-8406-ba4a40805123#85-t1, previous=(t:1, i:19), leaderCommit=12, initializing? false, entries: <empty>
2019-09-17 11:36:41,099 [java.util.concurrent.ThreadPoolExecutor$Worker@f9cdb08[State = -1, empty queue]] WARN  server.GrpcLogAppender (GrpcLogAppender.java:timeoutAppendRequest(200)) - 7aa83ab1-477a-4917-a557-8c7bdb1dca7a@group-4817D3A8AAC5->285d9e5f-8853-4762-b181-afacccda6eae-GrpcLogAppender: appendEntries Timeout, request=7aa83ab1-477a-4917-a557-8c7bdb1dca7a->285d9e5f-8853-4762-b181-afacccda6eae#85-t1, previous=(t:1, i:19), leaderCommit=12, initializing? false, entries: <empty>
2019-09-17 11:36:43,102 [org.apache.ratis.server.impl.LogAppender$AppenderDaemon$$Lambda$492/1964587901@384b2d46] ERROR ratis.XceiverServerRatis (XceiverServerRatis.java:triggerPipelineClose(575)) - pipeline Action CLOSE  on pipeline PipelineID=ced6bf12-8106-4dd4-a459-4817d3a8aac5.Reason : 7aa83ab1-477a-4917-a557-8c7bdb1dca7a has not seen follower/s 6ce6840f-3bb0-4d7d-8406-ba4a40805123 for 164426ms 285d9e5f-8853-4762-b181-afacccda6eae for 164427ms
2019-09-17 11:36:43,102 [org.apache.ratis.server.impl.LogAppender$AppenderDaemon$$Lambda$492/1964587901@4a600064] ERROR ratis.XceiverServerRatis (XceiverServerRatis.java:triggerPipelineClose(575)) - pipeline Action CLOSE  on pipeline PipelineID=ced6bf12-8106-4dd4-a459-4817d3a8aac5.Reason : 7aa83ab1-477a-4917-a557-8c7bdb1dca7a has not seen follower/s 6ce6840f-3bb0-4d7d-8406-ba4a40805123 for 164426ms 285d9e5f-8853-4762-b181-afacccda6eae for 164427ms
2019-09-17 11:36:43,601 [java.util.concurrent.ThreadPoolExecutor$Worker@7acd5285[State = -1, empty queue]] WARN  server.GrpcLogAppender (GrpcLogAppender.java:timeoutAppendRequest(200)) - 7aa83ab1-477a-4917-a557-8c7bdb1dca7a@group-4817D3A8AAC5->6ce6840f-3bb0-4d7d-8406-ba4a40805123-GrpcLogAppender: appendEntries Timeout, request=7aa83ab1-477a-4917-a557-8c7bdb1dca7a->6ce6840f-3bb0-4d7d-8406-ba4a40805123#86-t1, previous=(t:1, i:19), leaderCommit=12, initializing? false, entries: <empty>
2019-09-17 11:36:43,601 [java.util.concurrent.ThreadPoolExecutor$Worker@f9cdb08[State = -1, empty queue]] WARN  server.GrpcLogAppender (GrpcLogAppender.java:timeoutAppendRequest(200)) - 7aa83ab1-477a-4917-a557-8c7bdb1dca7a@group-4817D3A8AAC5->285d9e5f-8853-4762-b181-afacccda6eae-GrpcLogAppender: appendEntries Timeout, request=7aa83ab1-477a-4917-a557-8c7bdb1dca7a->285d9e5f-8853-4762-b181-afacccda6eae#86-t1, previous=(t:1, i:19), leaderCommit=12, initializing? false, entries: <empty>
2019-09-17 11:36:44,079 [EventQueue-PipelineActionsForPipelineActionHandler] ERROR pipeline.PipelineActionHandler (PipelineActionHandler.java:onMessage(60)) - Received pipeline action CLOSE for Pipeline[ Id: ced6bf12-8106-4dd4-a459-4817d3a8aac5, Nodes: 285d9e5f-8853-4762-b181-afacccda6eae{ip: 192.168.157.219, host: pr-hdds-2121-5jcdq-2838215776, networkLocation: /default-rack, certSerialId: null}6ce6840f-3bb0-4d7d-8406-ba4a40805123{ip: 192.168.157.219, host: pr-hdds-2121-5jcdq-2838215776, networkLocation: /default-rack, certSerialId: null}7aa83ab1-477a-4917-a557-8c7bdb1dca7a{ip: 192.168.157.219, host: pr-hdds-2121-5jcdq-2838215776, networkLocation: /default-rack, certSerialId: null}, Type:RATIS, Factor:THREE, State:CLOSED] from datanode 7aa83ab1-477a-4917-a557-8c7bdb1dca7a{ip: 192.168.157.219, host: pr-hdds-2121-5jcdq-2838215776, networkLocation: /default-rack, certSerialId: null}. Reason : 7aa83ab1-477a-4917-a557-8c7bdb1dca7a has not seen follower/s 6ce6840f-3bb0-4d7d-8406-ba4a40805123 for 164426ms 285d9e5f-8853-4762-b181-afacccda6eae for 164427ms
2019-09-17 11:36:44,080 [EventQueue-PipelineActionsForPipelineActionHandler] INFO  pipeline.SCMPipelineManager (SCMPipelineManager.java:finalizeAndDestroyPipeline(311)) - destroying pipeline:Pipeline[ Id: ced6bf12-8106-4dd4-a459-4817d3a8aac5, Nodes: 285d9e5f-8853-4762-b181-afacccda6eae{ip: 192.168.157.219, host: pr-hdds-2121-5jcdq-2838215776, networkLocation: /default-rack, certSerialId: null}6ce6840f-3bb0-4d7d-8406-ba4a40805123{ip: 192.168.157.219, host: pr-hdds-2121-5jcdq-2838215776, networkLocation: /default-rack, certSerialId: null}7aa83ab1-477a-4917-a557-8c7bdb1dca7a{ip: 192.168.157.219, host: pr-hdds-2121-5jcdq-2838215776, networkLocation: /default-rack, certSerialId: null}, Type:RATIS, Factor:THREE, State:CLOSED]
2019-09-17 11:36:45,566 [grpc-default-executor-7] INFO  client.GrpcClientProtocolClient (GrpcClientProtocolClient.java:onNext(264)) - client-6D2DBBDC0506->285d9e5f-8853-4762-b181-afacccda6eae: receive RaftClientReply:client-6D2DBBDC0506->285d9e5f-8853-4762-b181-afacccda6eae@group-4817D3A8AAC5, cid=24, FAILED org.apache.ratis.protocol.NotLeaderException: Server 285d9e5f-8853-4762-b181-afacccda6eae@group-4817D3A8AAC5 is not the leader 7aa83ab1-477a-4917-a557-8c7bdb1dca7a:192.168.157.219:37869, logIndex=0, commits[285d9e5f-8853-4762-b181-afacccda6eae:c12, 6ce6840f-3bb0-4d7d-8406-ba4a40805123:c10, 7aa83ab1-477a-4917-a557-8c7bdb1dca7a:c12]
2019-09-17 11:36:45,603 [org.apache.ratis.server.impl.LogAppender$AppenderDaemon$$Lambda$492/1964587901@4a600064] ERROR ratis.XceiverServerRatis (XceiverServerRatis.java:triggerPipelineClose(575)) - pipeline Action CLOSE  on pipeline PipelineID=ced6bf12-8106-4dd4-a459-4817d3a8aac5.Reason : 7aa83ab1-477a-4917-a557-8c7bdb1dca7a has not seen follower/s 6ce6840f-3bb0-4d7d-8406-ba4a40805123 for 166927ms 285d9e5f-8853-4762-b181-afacccda6eae for 166927ms
2019-09-17 11:36:45,604 [org.apache.ratis.server.impl.LogAppender$AppenderDaemon$$Lambda$492/1964587901@384b2d46] ERROR ratis.XceiverServerRatis (XceiverServerRatis.java:triggerPipelineClose(575)) - pipeline Action CLOSE  on pipeline PipelineID=ced6bf12-8106-4dd4-a459-4817d3a8aac5.Reason : 7aa83ab1-477a-4917-a557-8c7bdb1dca7a has not seen follower/s 6ce6840f-3bb0-4d7d-8406-ba4a40805123 for 166928ms 285d9e5f-8853-4762-b181-afacccda6eae for 166928ms
2019-09-17 11:36:46,079 [EventQueue-PipelineActionsForPipelineActionHandler] ERROR pipeline.PipelineActionHandler (PipelineActionHandler.java:onMessage(60)) - Received pipeline action CLOSE for Pipeline[ Id: ced6bf12-8106-4dd4-a459-4817d3a8aac5, Nodes: 285d9e5f-8853-4762-b181-afacccda6eae{ip: 192.168.157.219, host: pr-hdds-2121-5jcdq-2838215776, networkLocation: /default-rack, certSerialId: null}6ce6840f-3bb0-4d7d-8406-ba4a40805123{ip: 192.168.157.219, host: pr-hdds-2121-5jcdq-2838215776, networkLocation: /default-rack, certSerialId: null}7aa83ab1-477a-4917-a557-8c7bdb1dca7a{ip: 192.168.157.219, host: pr-hdds-2121-5jcdq-2838215776, networkLocation: /default-rack, certSerialId: null}, Type:RATIS, Factor:THREE, State:CLOSED] from datanode 7aa83ab1-477a-4917-a557-8c7bdb1dca7a{ip: 192.168.157.219, host: pr-hdds-2121-5jcdq-2838215776, networkLocation: /default-rack, certSerialId: null}. Reason : 7aa83ab1-477a-4917-a557-8c7bdb1dca7a has not seen follower/s 6ce6840f-3bb0-4d7d-8406-ba4a40805123 for 166927ms 285d9e5f-8853-4762-b181-afacccda6eae for 166927ms
2019-09-17 11:36:46,079 [EventQueue-PipelineActionsForPipelineActionHandler] INFO  pipeline.SCMPipelineManager (SCMPipelineManager.java:finalizeAndDestroyPipeline(311)) - destroying pipeline:Pipeline[ Id: ced6bf12-8106-4dd4-a459-4817d3a8aac5, Nodes: 285d9e5f-8853-4762-b181-afacccda6eae{ip: 192.168.157.219, host: pr-hdds-2121-5jcdq-2838215776, networkLocation: /default-rack, certSerialId: null}6ce6840f-3bb0-4d7d-8406-ba4a40805123{ip: 192.168.157.219, host: pr-hdds-2121-5jcdq-2838215776, networkLocation: /default-rack, certSerialId: null}7aa83ab1-477a-4917-a557-8c7bdb1dca7a{ip: 192.168.157.219, host: pr-hdds-2121-5jcdq-2838215776, networkLocation: /default-rack, certSerialId: null}, Type:RATIS, Factor:THREE, State:CLOSED]
2019-09-17 11:36:46,102 [java.util.concurrent.ThreadPoolExecutor$Worker@f9cdb08[State = -1, empty queue]] WARN  server.GrpcLogAppender (GrpcLogAppender.java:timeoutAppendRequest(200)) - 7aa83ab1-477a-4917-a557-8c7bdb1dca7a@group-4817D3A8AAC5->285d9e5f-8853-4762-b181-afacccda6eae-GrpcLogAppender: appendEntries Timeout, request=7aa83ab1-477a-4917-a557-8c7bdb1dca7a->285d9e5f-8853-4762-b181-afacccda6eae#87-t1, previous=(t:1, i:19), leaderCommit=12, initializing? false, entries: <empty>
2019-09-17 11:36:46,102 [java.util.concurrent.ThreadPoolExecutor$Worker@7acd5285[State = -1, empty queue]] WARN  server.GrpcLogAppender (GrpcLogAppender.java:timeoutAppendRequest(200)) - 7aa83ab1-477a-4917-a557-8c7bdb1dca7a@group-4817D3A8AAC5->6ce6840f-3bb0-4d7d-8406-ba4a40805123-GrpcLogAppender: appendEntries Timeout, request=7aa83ab1-477a-4917-a557-8c7bdb1dca7a->6ce6840f-3bb0-4d7d-8406-ba4a40805123#87-t1, previous=(t:1, i:19), leaderCommit=12, initializing? false, entries: <empty>
2019-09-17 11:36:48,105 [org.apache.ratis.server.impl.LogAppender$AppenderDaemon$$Lambda$492/1964587901@384b2d46] ERROR ratis.XceiverServerRatis (XceiverServerRatis.java:triggerPipelineClose(575)) - pipeline Action CLOSE  on pipeline PipelineID=ced6bf12-8106-4dd4-a459-4817d3a8aac5.Reason : 7aa83ab1-477a-4917-a557-8c7bdb1dca7a has not seen follower/s 6ce6840f-3bb0-4d7d-8406-ba4a40805123 for 169429ms 285d9e5f-8853-4762-b181-afacccda6eae for 169429ms
2019-09-17 11:36:48,105 [org.apache.ratis.server.impl.LogAppender$AppenderDaemon$$Lambda$492/1964587901@4a600064] ERROR ratis.XceiverServerRatis (XceiverServerRatis.java:triggerPipelineClose(575)) - pipeline Action CLOSE  on pipeline PipelineID=ced6bf12-8106-4dd4-a459-4817d3a8aac5.Reason : 7aa83ab1-477a-4917-a557-8c7bdb1dca7a has not seen follower/s 6ce6840f-3bb0-4d7d-8406-ba4a40805123 for 169429ms 285d9e5f-8853-4762-b181-afacccda6eae for 169429ms
2019-09-17 11:36:48,603 [java.util.concurrent.ThreadPoolExecutor$Worker@7acd5285[State = -1, empty queue]] WARN  server.GrpcLogAppender (GrpcLogAppender.java:timeoutAppendRequest(200)) - 7aa83ab1-477a-4917-a557-8c7bdb1dca7a@group-4817D3A8AAC5->6ce6840f-3bb0-4d7d-8406-ba4a40805123-GrpcLogAppender: appendEntries Timeout, request=7aa83ab1-477a-4917-a557-8c7bdb1dca7a->6ce6840f-3bb0-4d7d-8406-ba4a40805123#88-t1, previous=(t:1, i:19), leaderCommit=12, initializing? false, entries: <empty>
2019-09-17 11:36:48,604 [java.util.concurrent.ThreadPoolExecutor$Worker@f9cdb08[State = -1, empty queue]] WARN  server.GrpcLogAppender (GrpcLogAppender.java:timeoutAppendRequest(200)) - 7aa83ab1-477a-4917-a557-8c7bdb1dca7a@group-4817D3A8AAC5->285d9e5f-8853-4762-b181-afacccda6eae-GrpcLogAppender: appendEntries Timeout, request=7aa83ab1-477a-4917-a557-8c7bdb1dca7a->285d9e5f-8853-4762-b181-afacccda6eae#88-t1, previous=(t:1, i:19), leaderCommit=12, initializing? false, entries: <empty>
2019-09-17 11:36:49,056 [6ce6840f-3bb0-4d7d-8406-ba4a40805123@group-4817D3A8AAC5-SegmentedRaftLogWorker] WARN  segmented.SegmentedRaftLogWorker (SegmentedRaftLogWorker.java:getFromFuture(90)) - Timeout 16/~
org.apache.ratis.protocol.TimeoutIOException: Timeout 10s: WriteLog:14: (t:1, i:14), STATEMACHINELOGENTRY, client-6D2DBBDC0506, cid=25-writeStateMachineData
	at org.apache.ratis.util.IOUtils.getFromFuture(IOUtils.java:87)
	at org.apache.ratis.server.raftlog.segmented.SegmentedRaftLogWorker$StateMachineDataPolicy.getFromFuture(SegmentedRaftLogWorker.java:87)
	at org.apache.ratis.server.raftlog.segmented.SegmentedRaftLogWorker$WriteLog.execute(SegmentedRaftLogWorker.java:477)
	at org.apache.ratis.server.raftlog.segmented.SegmentedRaftLogWorker.run(SegmentedRaftLogWorker.java:289)
	at java.lang.Thread.run(Thread.java:748)
Caused by: java.util.concurrent.TimeoutException
	at java.util.concurrent.CompletableFuture.timedGet(CompletableFuture.java:1771)
	at java.util.concurrent.CompletableFuture.get(CompletableFuture.java:1915)
	at org.apache.ratis.util.IOUtils.getFromFuture(IOUtils.java:79)
	... 4 more
2019-09-17 11:36:49,078 [7aa83ab1-477a-4917-a557-8c7bdb1dca7a@group-4817D3A8AAC5-SegmentedRaftLogWorker] WARN  segmented.SegmentedRaftLogWorker (SegmentedRaftLogWorker.java:getFromFuture(90)) - Timeout 16/~
org.apache.ratis.protocol.TimeoutIOException: Timeout 10s: WriteLog:14: (t:1, i:14), STATEMACHINELOGENTRY, client-6D2DBBDC0506, cid=25-writeStateMachineData
	at org.apache.ratis.util.IOUtils.getFromFuture(IOUtils.java:87)
	at org.apache.ratis.server.raftlog.segmented.SegmentedRaftLogWorker$StateMachineDataPolicy.getFromFuture(SegmentedRaftLogWorker.java:87)
	at org.apache.ratis.server.raftlog.segmented.SegmentedRaftLogWorker$WriteLog.execute(SegmentedRaftLogWorker.java:477)
	at org.apache.ratis.server.raftlog.segmented.SegmentedRaftLogWorker.run(SegmentedRaftLogWorker.java:289)
	at java.lang.Thread.run(Thread.java:748)
Caused by: java.util.concurrent.TimeoutException
	at java.util.concurrent.CompletableFuture.timedGet(CompletableFuture.java:1771)
	at java.util.concurrent.CompletableFuture.get(CompletableFuture.java:1915)
	at org.apache.ratis.util.IOUtils.getFromFuture(IOUtils.java:79)
	... 4 more
2019-09-17 11:36:49,078 [285d9e5f-8853-4762-b181-afacccda6eae@group-4817D3A8AAC5-SegmentedRaftLogWorker] WARN  segmented.SegmentedRaftLogWorker (SegmentedRaftLogWorker.java:getFromFuture(90)) - Timeout 16/~
org.apache.ratis.protocol.TimeoutIOException: Timeout 10s: WriteLog:16: (t:1, i:16), STATEMACHINELOGENTRY, client-6D2DBBDC0506, cid=27-writeStateMachineData
	at org.apache.ratis.util.IOUtils.getFromFuture(IOUtils.java:87)
	at org.apache.ratis.server.raftlog.segmented.SegmentedRaftLogWorker$StateMachineDataPolicy.getFromFuture(SegmentedRaftLogWorker.java:87)
	at org.apache.ratis.server.raftlog.segmented.SegmentedRaftLogWorker$WriteLog.execute(SegmentedRaftLogWorker.java:477)
	at org.apache.ratis.server.raftlog.segmented.SegmentedRaftLogWorker.run(SegmentedRaftLogWorker.java:289)
	at java.lang.Thread.run(Thread.java:748)
Caused by: java.util.concurrent.TimeoutException
	at java.util.concurrent.CompletableFuture.timedGet(CompletableFuture.java:1771)
	at java.util.concurrent.CompletableFuture.get(CompletableFuture.java:1915)
	at org.apache.ratis.util.IOUtils.getFromFuture(IOUtils.java:79)
	... 4 more
2019-09-17 11:36:49,081 [EventQueue-PipelineActionsForPipelineActionHandler] ERROR pipeline.PipelineActionHandler (PipelineActionHandler.java:onMessage(60)) - Received pipeline action CLOSE for Pipeline[ Id: ced6bf12-8106-4dd4-a459-4817d3a8aac5, Nodes: 285d9e5f-8853-4762-b181-afacccda6eae{ip: 192.168.157.219, host: pr-hdds-2121-5jcdq-2838215776, networkLocation: /default-rack, certSerialId: null}6ce6840f-3bb0-4d7d-8406-ba4a40805123{ip: 192.168.157.219, host: pr-hdds-2121-5jcdq-2838215776, networkLocation: /default-rack, certSerialId: null}7aa83ab1-477a-4917-a557-8c7bdb1dca7a{ip: 192.168.157.219, host: pr-hdds-2121-5jcdq-2838215776, networkLocation: /default-rack, certSerialId: null}, Type:RATIS, Factor:THREE, State:CLOSED] from datanode 7aa83ab1-477a-4917-a557-8c7bdb1dca7a{ip: 192.168.157.219, host: pr-hdds-2121-5jcdq-2838215776, networkLocation: /default-rack, certSerialId: null}. Reason : 7aa83ab1-477a-4917-a557-8c7bdb1dca7a has not seen follower/s 6ce6840f-3bb0-4d7d-8406-ba4a40805123 for 169429ms 285d9e5f-8853-4762-b181-afacccda6eae for 169429ms
2019-09-17 11:36:49,081 [EventQueue-PipelineActionsForPipelineActionHandler] INFO  pipeline.SCMPipelineManager (SCMPipelineManager.java:finalizeAndDestroyPipeline(311)) - destroying pipeline:Pipeline[ Id: ced6bf12-8106-4dd4-a459-4817d3a8aac5, Nodes: 285d9e5f-8853-4762-b181-afacccda6eae{ip: 192.168.157.219, host: pr-hdds-2121-5jcdq-2838215776, networkLocation: /default-rack, certSerialId: null}6ce6840f-3bb0-4d7d-8406-ba4a40805123{ip: 192.168.157.219, host: pr-hdds-2121-5jcdq-2838215776, networkLocation: /default-rack, certSerialId: null}7aa83ab1-477a-4917-a557-8c7bdb1dca7a{ip: 192.168.157.219, host: pr-hdds-2121-5jcdq-2838215776, networkLocation: /default-rack, certSerialId: null}, Type:RATIS, Factor:THREE, State:CLOSED]
2019-09-17 11:36:50,605 [org.apache.ratis.server.impl.LogAppender$AppenderDaemon$$Lambda$492/1964587901@384b2d46] ERROR ratis.XceiverServerRatis (XceiverServerRatis.java:triggerPipelineClose(575)) - pipeline Action CLOSE  on pipeline PipelineID=ced6bf12-8106-4dd4-a459-4817d3a8aac5.Reason : 7aa83ab1-477a-4917-a557-8c7bdb1dca7a has not seen follower/s 6ce6840f-3bb0-4d7d-8406-ba4a40805123 for 171929ms 285d9e5f-8853-4762-b181-afacccda6eae for 171930ms
2019-09-17 11:36:50,606 [org.apache.ratis.server.impl.LogAppender$AppenderDaemon$$Lambda$492/1964587901@4a600064] ERROR ratis.XceiverServerRatis (XceiverServerRatis.java:triggerPipelineClose(575)) - pipeline Action CLOSE  on pipeline PipelineID=ced6bf12-8106-4dd4-a459-4817d3a8aac5.Reason : 7aa83ab1-477a-4917-a557-8c7bdb1dca7a has not seen follower/s 6ce6840f-3bb0-4d7d-8406-ba4a40805123 for 171930ms 285d9e5f-8853-4762-b181-afacccda6eae for 171930ms
2019-09-17 11:36:50,610 [grpc-default-executor-7] INFO  client.GrpcClientProtocolClient (GrpcClientProtocolClient.java:onNext(264)) - client-6D2DBBDC0506->285d9e5f-8853-4762-b181-afacccda6eae: receive RaftClientReply:client-6D2DBBDC0506->285d9e5f-8853-4762-b181-afacccda6eae@group-4817D3A8AAC5, cid=24, FAILED org.apache.ratis.protocol.NotLeaderException: Server 285d9e5f-8853-4762-b181-afacccda6eae@group-4817D3A8AAC5 is not the leader 7aa83ab1-477a-4917-a557-8c7bdb1dca7a:192.168.157.219:37869, logIndex=0, commits[285d9e5f-8853-4762-b181-afacccda6eae:c12, 6ce6840f-3bb0-4d7d-8406-ba4a40805123:c10, 7aa83ab1-477a-4917-a557-8c7bdb1dca7a:c12]
2019-09-17 11:36:51,081 [EventQueue-PipelineActionsForPipelineActionHandler] ERROR pipeline.PipelineActionHandler (PipelineActionHandler.java:onMessage(60)) - Received pipeline action CLOSE for Pipeline[ Id: ced6bf12-8106-4dd4-a459-4817d3a8aac5, Nodes: 285d9e5f-8853-4762-b181-afacccda6eae{ip: 192.168.157.219, host: pr-hdds-2121-5jcdq-2838215776, networkLocation: /default-rack, certSerialId: null}6ce6840f-3bb0-4d7d-8406-ba4a40805123{ip: 192.168.157.219, host: pr-hdds-2121-5jcdq-2838215776, networkLocation: /default-rack, certSerialId: null}7aa83ab1-477a-4917-a557-8c7bdb1dca7a{ip: 192.168.157.219, host: pr-hdds-2121-5jcdq-2838215776, networkLocation: /default-rack, certSerialId: null}, Type:RATIS, Factor:THREE, State:CLOSED] from datanode 7aa83ab1-477a-4917-a557-8c7bdb1dca7a{ip: 192.168.157.219, host: pr-hdds-2121-5jcdq-2838215776, networkLocation: /default-rack, certSerialId: null}. Reason : 7aa83ab1-477a-4917-a557-8c7bdb1dca7a has not seen follower/s 6ce6840f-3bb0-4d7d-8406-ba4a40805123 for 171929ms 285d9e5f-8853-4762-b181-afacccda6eae for 171930ms
2019-09-17 11:36:51,082 [EventQueue-PipelineActionsForPipelineActionHandler] INFO  pipeline.SCMPipelineManager (SCMPipelineManager.java:finalizeAndDestroyPipeline(311)) - destroying pipeline:Pipeline[ Id: ced6bf12-8106-4dd4-a459-4817d3a8aac5, Nodes: 285d9e5f-8853-4762-b181-afacccda6eae{ip: 192.168.157.219, host: pr-hdds-2121-5jcdq-2838215776, networkLocation: /default-rack, certSerialId: null}6ce6840f-3bb0-4d7d-8406-ba4a40805123{ip: 192.168.157.219, host: pr-hdds-2121-5jcdq-2838215776, networkLocation: /default-rack, certSerialId: null}7aa83ab1-477a-4917-a557-8c7bdb1dca7a{ip: 192.168.157.219, host: pr-hdds-2121-5jcdq-2838215776, networkLocation: /default-rack, certSerialId: null}, Type:RATIS, Factor:THREE, State:CLOSED]
2019-09-17 11:36:51,104 [java.util.concurrent.ThreadPoolExecutor$Worker@7acd5285[State = -1, empty queue]] WARN  server.GrpcLogAppender (GrpcLogAppender.java:timeoutAppendRequest(200)) - 7aa83ab1-477a-4917-a557-8c7bdb1dca7a@group-4817D3A8AAC5->6ce6840f-3bb0-4d7d-8406-ba4a40805123-GrpcLogAppender: appendEntries Timeout, request=7aa83ab1-477a-4917-a557-8c7bdb1dca7a->6ce6840f-3bb0-4d7d-8406-ba4a40805123#89-t1, previous=(t:1, i:19), leaderCommit=12, initializing? false, entries: <empty>
2019-09-17 11:36:51,104 [java.util.concurrent.ThreadPoolExecutor$Worker@f9cdb08[State = -1, empty queue]] WARN  server.GrpcLogAppender (GrpcLogAppender.java:timeoutAppendRequest(200)) - 7aa83ab1-477a-4917-a557-8c7bdb1dca7a@group-4817D3A8AAC5->285d9e5f-8853-4762-b181-afacccda6eae-GrpcLogAppender: appendEntries Timeout, request=7aa83ab1-477a-4917-a557-8c7bdb1dca7a->285d9e5f-8853-4762-b181-afacccda6eae#89-t1, previous=(t:1, i:19), leaderCommit=12, initializing? false, entries: <empty>
2019-09-17 11:36:53,106 [org.apache.ratis.server.impl.LogAppender$AppenderDaemon$$Lambda$492/1964587901@384b2d46] ERROR ratis.XceiverServerRatis (XceiverServerRatis.java:triggerPipelineClose(575)) - pipeline Action CLOSE  on pipeline PipelineID=ced6bf12-8106-4dd4-a459-4817d3a8aac5.Reason : 7aa83ab1-477a-4917-a557-8c7bdb1dca7a has not seen follower/s 6ce6840f-3bb0-4d7d-8406-ba4a40805123 for 174430ms 285d9e5f-8853-4762-b181-afacccda6eae for 174430ms
2019-09-17 11:36:53,106 [org.apache.ratis.server.impl.LogAppender$AppenderDaemon$$Lambda$492/1964587901@4a600064] ERROR ratis.XceiverServerRatis (XceiverServerRatis.java:triggerPipelineClose(575)) - pipeline Action CLOSE  on pipeline PipelineID=ced6bf12-8106-4dd4-a459-4817d3a8aac5.Reason : 7aa83ab1-477a-4917-a557-8c7bdb1dca7a has not seen follower/s 6ce6840f-3bb0-4d7d-8406-ba4a40805123 for 174430ms 285d9e5f-8853-4762-b181-afacccda6eae for 174430ms
2019-09-17 11:36:53,605 [java.util.concurrent.ThreadPoolExecutor$Worker@f9cdb08[State = -1, empty queue]] WARN  server.GrpcLogAppender (GrpcLogAppender.java:timeoutAppendRequest(200)) - 7aa83ab1-477a-4917-a557-8c7bdb1dca7a@group-4817D3A8AAC5->285d9e5f-8853-4762-b181-afacccda6eae-GrpcLogAppender: appendEntries Timeout, request=7aa83ab1-477a-4917-a557-8c7bdb1dca7a->285d9e5f-8853-4762-b181-afacccda6eae#90-t1, previous=(t:1, i:19), leaderCommit=12, initializing? false, entries: <empty>
2019-09-17 11:36:53,606 [java.util.concurrent.ThreadPoolExecutor$Worker@7acd5285[State = -1, empty queue]] WARN  server.GrpcLogAppender (GrpcLogAppender.java:timeoutAppendRequest(200)) - 7aa83ab1-477a-4917-a557-8c7bdb1dca7a@group-4817D3A8AAC5->6ce6840f-3bb0-4d7d-8406-ba4a40805123-GrpcLogAppender: appendEntries Timeout, request=7aa83ab1-477a-4917-a557-8c7bdb1dca7a->6ce6840f-3bb0-4d7d-8406-ba4a40805123#90-t1, previous=(t:1, i:19), leaderCommit=12, initializing? false, entries: <empty>
2019-09-17 11:36:54,081 [EventQueue-PipelineActionsForPipelineActionHandler] ERROR pipeline.PipelineActionHandler (PipelineActionHandler.java:onMessage(60)) - Received pipeline action CLOSE for Pipeline[ Id: ced6bf12-8106-4dd4-a459-4817d3a8aac5, Nodes: 285d9e5f-8853-4762-b181-afacccda6eae{ip: 192.168.157.219, host: pr-hdds-2121-5jcdq-2838215776, networkLocation: /default-rack, certSerialId: null}6ce6840f-3bb0-4d7d-8406-ba4a40805123{ip: 192.168.157.219, host: pr-hdds-2121-5jcdq-2838215776, networkLocation: /default-rack, certSerialId: null}7aa83ab1-477a-4917-a557-8c7bdb1dca7a{ip: 192.168.157.219, host: pr-hdds-2121-5jcdq-2838215776, networkLocation: /default-rack, certSerialId: null}, Type:RATIS, Factor:THREE, State:CLOSED] from datanode 7aa83ab1-477a-4917-a557-8c7bdb1dca7a{ip: 192.168.157.219, host: pr-hdds-2121-5jcdq-2838215776, networkLocation: /default-rack, certSerialId: null}. Reason : 7aa83ab1-477a-4917-a557-8c7bdb1dca7a has not seen follower/s 6ce6840f-3bb0-4d7d-8406-ba4a40805123 for 174430ms 285d9e5f-8853-4762-b181-afacccda6eae for 174430ms
2019-09-17 11:36:54,082 [EventQueue-PipelineActionsForPipelineActionHandler] INFO  pipeline.SCMPipelineManager (SCMPipelineManager.java:finalizeAndDestroyPipeline(311)) - destroying pipeline:Pipeline[ Id: ced6bf12-8106-4dd4-a459-4817d3a8aac5, Nodes: 285d9e5f-8853-4762-b181-afacccda6eae{ip: 192.168.157.219, host: pr-hdds-2121-5jcdq-2838215776, networkLocation: /default-rack, certSerialId: null}6ce6840f-3bb0-4d7d-8406-ba4a40805123{ip: 192.168.157.219, host: pr-hdds-2121-5jcdq-2838215776, networkLocation: /default-rack, certSerialId: null}7aa83ab1-477a-4917-a557-8c7bdb1dca7a{ip: 192.168.157.219, host: pr-hdds-2121-5jcdq-2838215776, networkLocation: /default-rack, certSerialId: null}, Type:RATIS, Factor:THREE, State:CLOSED]
2019-09-17 11:36:55,607 [org.apache.ratis.server.impl.LogAppender$AppenderDaemon$$Lambda$492/1964587901@384b2d46] ERROR ratis.XceiverServerRatis (XceiverServerRatis.java:triggerPipelineClose(575)) - pipeline Action CLOSE  on pipeline PipelineID=ced6bf12-8106-4dd4-a459-4817d3a8aac5.Reason : 7aa83ab1-477a-4917-a557-8c7bdb1dca7a has not seen follower/s 6ce6840f-3bb0-4d7d-8406-ba4a40805123 for 176931ms 285d9e5f-8853-4762-b181-afacccda6eae for 176931ms
2019-09-17 11:36:55,607 [org.apache.ratis.server.impl.LogAppender$AppenderDaemon$$Lambda$492/1964587901@4a600064] ERROR ratis.XceiverServerRatis (XceiverServerRatis.java:triggerPipelineClose(575)) - pipeline Action CLOSE  on pipeline PipelineID=ced6bf12-8106-4dd4-a459-4817d3a8aac5.Reason : 7aa83ab1-477a-4917-a557-8c7bdb1dca7a has not seen follower/s 6ce6840f-3bb0-4d7d-8406-ba4a40805123 for 176931ms 285d9e5f-8853-4762-b181-afacccda6eae for 176931ms
2019-09-17 11:36:55,649 [grpc-default-executor-7] INFO  client.GrpcClientProtocolClient (GrpcClientProtocolClient.java:onNext(264)) - client-6D2DBBDC0506->6ce6840f-3bb0-4d7d-8406-ba4a40805123: receive RaftClientReply:client-6D2DBBDC0506->6ce6840f-3bb0-4d7d-8406-ba4a40805123@group-4817D3A8AAC5, cid=24, FAILED org.apache.ratis.protocol.NotLeaderException: Server 6ce6840f-3bb0-4d7d-8406-ba4a40805123@group-4817D3A8AAC5 is not the leader 7aa83ab1-477a-4917-a557-8c7bdb1dca7a:192.168.157.219:37869, logIndex=0, commits[6ce6840f-3bb0-4d7d-8406-ba4a40805123:c12, 7aa83ab1-477a-4917-a557-8c7bdb1dca7a:c12, 285d9e5f-8853-4762-b181-afacccda6eae:c10]
2019-09-17 11:36:56,081 [EventQueue-PipelineActionsForPipelineActionHandler] ERROR pipeline.PipelineActionHandler (PipelineActionHandler.java:onMessage(60)) - Received pipeline action CLOSE for Pipeline[ Id: ced6bf12-8106-4dd4-a459-4817d3a8aac5, Nodes: 285d9e5f-8853-4762-b181-afacccda6eae{ip: 192.168.157.219, host: pr-hdds-2121-5jcdq-2838215776, networkLocation: /default-rack, certSerialId: null}6ce6840f-3bb0-4d7d-8406-ba4a40805123{ip: 192.168.157.219, host: pr-hdds-2121-5jcdq-2838215776, networkLocation: /default-rack, certSerialId: null}7aa83ab1-477a-4917-a557-8c7bdb1dca7a{ip: 192.168.157.219, host: pr-hdds-2121-5jcdq-2838215776, networkLocation: /default-rack, certSerialId: null}, Type:RATIS, Factor:THREE, State:CLOSED] from datanode 7aa83ab1-477a-4917-a557-8c7bdb1dca7a{ip: 192.168.157.219, host: pr-hdds-2121-5jcdq-2838215776, networkLocation: /default-rack, certSerialId: null}. Reason : 7aa83ab1-477a-4917-a557-8c7bdb1dca7a has not seen follower/s 6ce6840f-3bb0-4d7d-8406-ba4a40805123 for 176931ms 285d9e5f-8853-4762-b181-afacccda6eae for 176931ms
2019-09-17 11:36:56,082 [EventQueue-PipelineActionsForPipelineActionHandler] INFO  pipeline.SCMPipelineManager (SCMPipelineManager.java:finalizeAndDestroyPipeline(311)) - destroying pipeline:Pipeline[ Id: ced6bf12-8106-4dd4-a459-4817d3a8aac5, Nodes: 285d9e5f-8853-4762-b181-afacccda6eae{ip: 192.168.157.219, host: pr-hdds-2121-5jcdq-2838215776, networkLocation: /default-rack, certSerialId: null}6ce6840f-3bb0-4d7d-8406-ba4a40805123{ip: 192.168.157.219, host: pr-hdds-2121-5jcdq-2838215776, networkLocation: /default-rack, certSerialId: null}7aa83ab1-477a-4917-a557-8c7bdb1dca7a{ip: 192.168.157.219, host: pr-hdds-2121-5jcdq-2838215776, networkLocation: /default-rack, certSerialId: null}, Type:RATIS, Factor:THREE, State:CLOSED]
2019-09-17 11:36:56,106 [java.util.concurrent.ThreadPoolExecutor$Worker@7acd5285[State = -1, empty queue]] WARN  server.GrpcLogAppender (GrpcLogAppender.java:timeoutAppendRequest(200)) - 7aa83ab1-477a-4917-a557-8c7bdb1dca7a@group-4817D3A8AAC5->6ce6840f-3bb0-4d7d-8406-ba4a40805123-GrpcLogAppender: appendEntries Timeout, request=7aa83ab1-477a-4917-a557-8c7bdb1dca7a->6ce6840f-3bb0-4d7d-8406-ba4a40805123#91-t1, previous=(t:1, i:19), leaderCommit=12, initializing? false, entries: <empty>
2019-09-17 11:36:56,106 [java.util.concurrent.ThreadPoolExecutor$Worker@f9cdb08[State = -1, empty queue]] WARN  server.GrpcLogAppender (GrpcLogAppender.java:timeoutAppendRequest(200)) - 7aa83ab1-477a-4917-a557-8c7bdb1dca7a@group-4817D3A8AAC5->285d9e5f-8853-4762-b181-afacccda6eae-GrpcLogAppender: appendEntries Timeout, request=7aa83ab1-477a-4917-a557-8c7bdb1dca7a->285d9e5f-8853-4762-b181-afacccda6eae#91-t1, previous=(t:1, i:19), leaderCommit=12, initializing? false, entries: <empty>
2019-09-17 11:36:58,108 [org.apache.ratis.server.impl.LogAppender$AppenderDaemon$$Lambda$492/1964587901@384b2d46] ERROR ratis.XceiverServerRatis (XceiverServerRatis.java:triggerPipelineClose(575)) - pipeline Action CLOSE  on pipeline PipelineID=ced6bf12-8106-4dd4-a459-4817d3a8aac5.Reason : 7aa83ab1-477a-4917-a557-8c7bdb1dca7a has not seen follower/s 6ce6840f-3bb0-4d7d-8406-ba4a40805123 for 179432ms 285d9e5f-8853-4762-b181-afacccda6eae for 179432ms
2019-09-17 11:36:58,108 [org.apache.ratis.server.impl.LogAppender$AppenderDaemon$$Lambda$492/1964587901@4a600064] ERROR ratis.XceiverServerRatis (XceiverServerRatis.java:triggerPipelineClose(575)) - pipeline Action CLOSE  on pipeline PipelineID=ced6bf12-8106-4dd4-a459-4817d3a8aac5.Reason : 7aa83ab1-477a-4917-a557-8c7bdb1dca7a has not seen follower/s 6ce6840f-3bb0-4d7d-8406-ba4a40805123 for 179432ms 285d9e5f-8853-4762-b181-afacccda6eae for 179432ms
2019-09-17 11:36:58,607 [java.util.concurrent.ThreadPoolExecutor$Worker@f9cdb08[State = -1, empty queue]] WARN  server.GrpcLogAppender (GrpcLogAppender.java:timeoutAppendRequest(200)) - 7aa83ab1-477a-4917-a557-8c7bdb1dca7a@group-4817D3A8AAC5->285d9e5f-8853-4762-b181-afacccda6eae-GrpcLogAppender: appendEntries Timeout, request=7aa83ab1-477a-4917-a557-8c7bdb1dca7a->285d9e5f-8853-4762-b181-afacccda6eae#92-t1, previous=(t:1, i:19), leaderCommit=12, initializing? false, entries: <empty>
2019-09-17 11:36:58,607 [java.util.concurrent.ThreadPoolExecutor$Worker@7acd5285[State = -1, empty queue]] WARN  server.GrpcLogAppender (GrpcLogAppender.java:timeoutAppendRequest(200)) - 7aa83ab1-477a-4917-a557-8c7bdb1dca7a@group-4817D3A8AAC5->6ce6840f-3bb0-4d7d-8406-ba4a40805123-GrpcLogAppender: appendEntries Timeout, request=7aa83ab1-477a-4917-a557-8c7bdb1dca7a->6ce6840f-3bb0-4d7d-8406-ba4a40805123#92-t1, previous=(t:1, i:19), leaderCommit=12, initializing? false, entries: <empty>
2019-09-17 11:36:59,057 [6ce6840f-3bb0-4d7d-8406-ba4a40805123@group-4817D3A8AAC5-SegmentedRaftLogWorker] WARN  segmented.SegmentedRaftLogWorker (SegmentedRaftLogWorker.java:getFromFuture(90)) - Timeout 17/~
org.apache.ratis.protocol.TimeoutIOException: Timeout 10s: WriteLog:14: (t:1, i:14), STATEMACHINELOGENTRY, client-6D2DBBDC0506, cid=25-writeStateMachineData
	at org.apache.ratis.util.IOUtils.getFromFuture(IOUtils.java:87)
	at org.apache.ratis.server.raftlog.segmented.SegmentedRaftLogWorker$StateMachineDataPolicy.getFromFuture(SegmentedRaftLogWorker.java:87)
	at org.apache.ratis.server.raftlog.segmented.SegmentedRaftLogWorker$WriteLog.execute(SegmentedRaftLogWorker.java:477)
	at org.apache.ratis.server.raftlog.segmented.SegmentedRaftLogWorker.run(SegmentedRaftLogWorker.java:289)
	at java.lang.Thread.run(Thread.java:748)
Caused by: java.util.concurrent.TimeoutException
	at java.util.concurrent.CompletableFuture.timedGet(CompletableFuture.java:1771)
	at java.util.concurrent.CompletableFuture.get(CompletableFuture.java:1915)
	at org.apache.ratis.util.IOUtils.getFromFuture(IOUtils.java:79)
	... 4 more
2019-09-17 11:36:59,078 [7aa83ab1-477a-4917-a557-8c7bdb1dca7a@group-4817D3A8AAC5-SegmentedRaftLogWorker] WARN  segmented.SegmentedRaftLogWorker (SegmentedRaftLogWorker.java:getFromFuture(90)) - Timeout 17/~
org.apache.ratis.protocol.TimeoutIOException: Timeout 10s: WriteLog:14: (t:1, i:14), STATEMACHINELOGENTRY, client-6D2DBBDC0506, cid=25-writeStateMachineData
	at org.apache.ratis.util.IOUtils.getFromFuture(IOUtils.java:87)
	at org.apache.ratis.server.raftlog.segmented.SegmentedRaftLogWorker$StateMachineDataPolicy.getFromFuture(SegmentedRaftLogWorker.java:87)
	at org.apache.ratis.server.raftlog.segmented.SegmentedRaftLogWorker$WriteLog.execute(SegmentedRaftLogWorker.java:477)
	at org.apache.ratis.server.raftlog.segmented.SegmentedRaftLogWorker.run(SegmentedRaftLogWorker.java:289)
	at java.lang.Thread.run(Thread.java:748)
Caused by: java.util.concurrent.TimeoutException
	at java.util.concurrent.CompletableFuture.timedGet(CompletableFuture.java:1771)
	at java.util.concurrent.CompletableFuture.get(CompletableFuture.java:1915)
	at org.apache.ratis.util.IOUtils.getFromFuture(IOUtils.java:79)
	... 4 more
2019-09-17 11:36:59,079 [285d9e5f-8853-4762-b181-afacccda6eae@group-4817D3A8AAC5-SegmentedRaftLogWorker] WARN  segmented.SegmentedRaftLogWorker (SegmentedRaftLogWorker.java:getFromFuture(90)) - Timeout 17/~
org.apache.ratis.protocol.TimeoutIOException: Timeout 10s: WriteLog:16: (t:1, i:16), STATEMACHINELOGENTRY, client-6D2DBBDC0506, cid=27-writeStateMachineData
	at org.apache.ratis.util.IOUtils.getFromFuture(IOUtils.java:87)
	at org.apache.ratis.server.raftlog.segmented.SegmentedRaftLogWorker$StateMachineDataPolicy.getFromFuture(SegmentedRaftLogWorker.java:87)
	at org.apache.ratis.server.raftlog.segmented.SegmentedRaftLogWorker$WriteLog.execute(SegmentedRaftLogWorker.java:477)
	at org.apache.ratis.server.raftlog.segmented.SegmentedRaftLogWorker.run(SegmentedRaftLogWorker.java:289)
	at java.lang.Thread.run(Thread.java:748)
Caused by: java.util.concurrent.TimeoutException
	at java.util.concurrent.CompletableFuture.timedGet(CompletableFuture.java:1771)
	at java.util.concurrent.CompletableFuture.get(CompletableFuture.java:1915)
	at org.apache.ratis.util.IOUtils.getFromFuture(IOUtils.java:79)
	... 4 more
2019-09-17 11:36:59,081 [EventQueue-PipelineActionsForPipelineActionHandler] ERROR pipeline.PipelineActionHandler (PipelineActionHandler.java:onMessage(60)) - Received pipeline action CLOSE for Pipeline[ Id: ced6bf12-8106-4dd4-a459-4817d3a8aac5, Nodes: 285d9e5f-8853-4762-b181-afacccda6eae{ip: 192.168.157.219, host: pr-hdds-2121-5jcdq-2838215776, networkLocation: /default-rack, certSerialId: null}6ce6840f-3bb0-4d7d-8406-ba4a40805123{ip: 192.168.157.219, host: pr-hdds-2121-5jcdq-2838215776, networkLocation: /default-rack, certSerialId: null}7aa83ab1-477a-4917-a557-8c7bdb1dca7a{ip: 192.168.157.219, host: pr-hdds-2121-5jcdq-2838215776, networkLocation: /default-rack, certSerialId: null}, Type:RATIS, Factor:THREE, State:CLOSED] from datanode 7aa83ab1-477a-4917-a557-8c7bdb1dca7a{ip: 192.168.157.219, host: pr-hdds-2121-5jcdq-2838215776, networkLocation: /default-rack, certSerialId: null}. Reason : 7aa83ab1-477a-4917-a557-8c7bdb1dca7a has not seen follower/s 6ce6840f-3bb0-4d7d-8406-ba4a40805123 for 179432ms 285d9e5f-8853-4762-b181-afacccda6eae for 179432ms
2019-09-17 11:36:59,081 [EventQueue-PipelineActionsForPipelineActionHandler] INFO  pipeline.SCMPipelineManager (SCMPipelineManager.java:finalizeAndDestroyPipeline(311)) - destroying pipeline:Pipeline[ Id: ced6bf12-8106-4dd4-a459-4817d3a8aac5, Nodes: 285d9e5f-8853-4762-b181-afacccda6eae{ip: 192.168.157.219, host: pr-hdds-2121-5jcdq-2838215776, networkLocation: /default-rack, certSerialId: null}6ce6840f-3bb0-4d7d-8406-ba4a40805123{ip: 192.168.157.219, host: pr-hdds-2121-5jcdq-2838215776, networkLocation: /default-rack, certSerialId: null}7aa83ab1-477a-4917-a557-8c7bdb1dca7a{ip: 192.168.157.219, host: pr-hdds-2121-5jcdq-2838215776, networkLocation: /default-rack, certSerialId: null}, Type:RATIS, Factor:THREE, State:CLOSED]
2019-09-17 11:37:00,609 [org.apache.ratis.server.impl.LogAppender$AppenderDaemon$$Lambda$492/1964587901@384b2d46] ERROR ratis.XceiverServerRatis (XceiverServerRatis.java:triggerPipelineClose(575)) - pipeline Action CLOSE  on pipeline PipelineID=ced6bf12-8106-4dd4-a459-4817d3a8aac5.Reason : 7aa83ab1-477a-4917-a557-8c7bdb1dca7a has not seen follower/s 6ce6840f-3bb0-4d7d-8406-ba4a40805123 for 181933ms 285d9e5f-8853-4762-b181-afacccda6eae for 181933ms
2019-09-17 11:37:00,609 [org.apache.ratis.server.impl.LogAppender$AppenderDaemon$$Lambda$492/1964587901@4a600064] ERROR ratis.XceiverServerRatis (XceiverServerRatis.java:triggerPipelineClose(575)) - pipeline Action CLOSE  on pipeline PipelineID=ced6bf12-8106-4dd4-a459-4817d3a8aac5.Reason : 7aa83ab1-477a-4917-a557-8c7bdb1dca7a has not seen follower/s 6ce6840f-3bb0-4d7d-8406-ba4a40805123 for 181933ms 285d9e5f-8853-4762-b181-afacccda6eae for 181933ms
2019-09-17 11:37:00,680 [grpc-default-executor-8] INFO  client.GrpcClientProtocolClient (GrpcClientProtocolClient.java:onNext(264)) - client-6D2DBBDC0506->6ce6840f-3bb0-4d7d-8406-ba4a40805123: receive RaftClientReply:client-6D2DBBDC0506->6ce6840f-3bb0-4d7d-8406-ba4a40805123@group-4817D3A8AAC5, cid=24, FAILED org.apache.ratis.protocol.NotLeaderException: Server 6ce6840f-3bb0-4d7d-8406-ba4a40805123@group-4817D3A8AAC5 is not the leader 7aa83ab1-477a-4917-a557-8c7bdb1dca7a:192.168.157.219:37869, logIndex=0, commits[6ce6840f-3bb0-4d7d-8406-ba4a40805123:c12, 7aa83ab1-477a-4917-a557-8c7bdb1dca7a:c12, 285d9e5f-8853-4762-b181-afacccda6eae:c10]
2019-09-17 11:37:01,082 [EventQueue-PipelineActionsForPipelineActionHandler] ERROR pipeline.PipelineActionHandler (PipelineActionHandler.java:onMessage(60)) - Received pipeline action CLOSE for Pipeline[ Id: ced6bf12-8106-4dd4-a459-4817d3a8aac5, Nodes: 285d9e5f-8853-4762-b181-afacccda6eae{ip: 192.168.157.219, host: pr-hdds-2121-5jcdq-2838215776, networkLocation: /default-rack, certSerialId: null}6ce6840f-3bb0-4d7d-8406-ba4a40805123{ip: 192.168.157.219, host: pr-hdds-2121-5jcdq-2838215776, networkLocation: /default-rack, certSerialId: null}7aa83ab1-477a-4917-a557-8c7bdb1dca7a{ip: 192.168.157.219, host: pr-hdds-2121-5jcdq-2838215776, networkLocation: /default-rack, certSerialId: null}, Type:RATIS, Factor:THREE, State:CLOSED] from datanode 7aa83ab1-477a-4917-a557-8c7bdb1dca7a{ip: 192.168.157.219, host: pr-hdds-2121-5jcdq-2838215776, networkLocation: /default-rack, certSerialId: null}. Reason : 7aa83ab1-477a-4917-a557-8c7bdb1dca7a has not seen follower/s 6ce6840f-3bb0-4d7d-8406-ba4a40805123 for 181933ms 285d9e5f-8853-4762-b181-afacccda6eae for 181933ms
2019-09-17 11:37:01,082 [EventQueue-PipelineActionsForPipelineActionHandler] INFO  pipeline.SCMPipelineManager (SCMPipelineManager.java:finalizeAndDestroyPipeline(311)) - destroying pipeline:Pipeline[ Id: ced6bf12-8106-4dd4-a459-4817d3a8aac5, Nodes: 285d9e5f-8853-4762-b181-afacccda6eae{ip: 192.168.157.219, host: pr-hdds-2121-5jcdq-2838215776, networkLocation: /default-rack, certSerialId: null}6ce6840f-3bb0-4d7d-8406-ba4a40805123{ip: 192.168.157.219, host: pr-hdds-2121-5jcdq-2838215776, networkLocation: /default-rack, certSerialId: null}7aa83ab1-477a-4917-a557-8c7bdb1dca7a{ip: 192.168.157.219, host: pr-hdds-2121-5jcdq-2838215776, networkLocation: /default-rack, certSerialId: null}, Type:RATIS, Factor:THREE, State:CLOSED]
2019-09-17 11:37:01,108 [java.util.concurrent.ThreadPoolExecutor$Worker@f9cdb08[State = -1, empty queue]] WARN  server.GrpcLogAppender (GrpcLogAppender.java:timeoutAppendRequest(200)) - 7aa83ab1-477a-4917-a557-8c7bdb1dca7a@group-4817D3A8AAC5->285d9e5f-8853-4762-b181-afacccda6eae-GrpcLogAppender: appendEntries Timeout, request=7aa83ab1-477a-4917-a557-8c7bdb1dca7a->285d9e5f-8853-4762-b181-afacccda6eae#93-t1, previous=(t:1, i:19), leaderCommit=12, initializing? false, entries: <empty>
2019-09-17 11:37:01,108 [java.util.concurrent.ThreadPoolExecutor$Worker@7acd5285[State = -1, empty queue]] WARN  server.GrpcLogAppender (GrpcLogAppender.java:timeoutAppendRequest(200)) - 7aa83ab1-477a-4917-a557-8c7bdb1dca7a@group-4817D3A8AAC5->6ce6840f-3bb0-4d7d-8406-ba4a40805123-GrpcLogAppender: appendEntries Timeout, request=7aa83ab1-477a-4917-a557-8c7bdb1dca7a->6ce6840f-3bb0-4d7d-8406-ba4a40805123#93-t1, previous=(t:1, i:19), leaderCommit=12, initializing? false, entries: <empty>
2019-09-17 11:37:03,110 [org.apache.ratis.server.impl.LogAppender$AppenderDaemon$$Lambda$492/1964587901@4a600064] ERROR ratis.XceiverServerRatis (XceiverServerRatis.java:triggerPipelineClose(575)) - pipeline Action CLOSE  on pipeline PipelineID=ced6bf12-8106-4dd4-a459-4817d3a8aac5.Reason : 7aa83ab1-477a-4917-a557-8c7bdb1dca7a has not seen follower/s 6ce6840f-3bb0-4d7d-8406-ba4a40805123 for 184434ms 285d9e5f-8853-4762-b181-afacccda6eae for 184434ms
2019-09-17 11:37:03,110 [org.apache.ratis.server.impl.LogAppender$AppenderDaemon$$Lambda$492/1964587901@384b2d46] ERROR ratis.XceiverServerRatis (XceiverServerRatis.java:triggerPipelineClose(575)) - pipeline Action CLOSE  on pipeline PipelineID=ced6bf12-8106-4dd4-a459-4817d3a8aac5.Reason : 7aa83ab1-477a-4917-a557-8c7bdb1dca7a has not seen follower/s 6ce6840f-3bb0-4d7d-8406-ba4a40805123 for 184434ms 285d9e5f-8853-4762-b181-afacccda6eae for 184434ms
2019-09-17 11:37:03,609 [java.util.concurrent.ThreadPoolExecutor$Worker@7acd5285[State = -1, empty queue]] WARN  server.GrpcLogAppender (GrpcLogAppender.java:timeoutAppendRequest(200)) - 7aa83ab1-477a-4917-a557-8c7bdb1dca7a@group-4817D3A8AAC5->6ce6840f-3bb0-4d7d-8406-ba4a40805123-GrpcLogAppender: appendEntries Timeout, request=7aa83ab1-477a-4917-a557-8c7bdb1dca7a->6ce6840f-3bb0-4d7d-8406-ba4a40805123#94-t1, previous=(t:1, i:19), leaderCommit=12, initializing? false, entries: <empty>
2019-09-17 11:37:03,609 [java.util.concurrent.ThreadPoolExecutor$Worker@f9cdb08[State = -1, empty queue]] WARN  server.GrpcLogAppender (GrpcLogAppender.java:timeoutAppendRequest(200)) - 7aa83ab1-477a-4917-a557-8c7bdb1dca7a@group-4817D3A8AAC5->285d9e5f-8853-4762-b181-afacccda6eae-GrpcLogAppender: appendEntries Timeout, request=7aa83ab1-477a-4917-a557-8c7bdb1dca7a->285d9e5f-8853-4762-b181-afacccda6eae#94-t1, previous=(t:1, i:19), leaderCommit=12, initializing? false, entries: <empty>
2019-09-17 11:37:04,092 [EventQueue-PipelineActionsForPipelineActionHandler] ERROR pipeline.PipelineActionHandler (PipelineActionHandler.java:onMessage(60)) - Received pipeline action CLOSE for Pipeline[ Id: ced6bf12-8106-4dd4-a459-4817d3a8aac5, Nodes: 285d9e5f-8853-4762-b181-afacccda6eae{ip: 192.168.157.219, host: pr-hdds-2121-5jcdq-2838215776, networkLocation: /default-rack, certSerialId: null}6ce6840f-3bb0-4d7d-8406-ba4a40805123{ip: 192.168.157.219, host: pr-hdds-2121-5jcdq-2838215776, networkLocation: /default-rack, certSerialId: null}7aa83ab1-477a-4917-a557-8c7bdb1dca7a{ip: 192.168.157.219, host: pr-hdds-2121-5jcdq-2838215776, networkLocation: /default-rack, certSerialId: null}, Type:RATIS, Factor:THREE, State:CLOSED] from datanode 7aa83ab1-477a-4917-a557-8c7bdb1dca7a{ip: 192.168.157.219, host: pr-hdds-2121-5jcdq-2838215776, networkLocation: /default-rack, certSerialId: null}. Reason : 7aa83ab1-477a-4917-a557-8c7bdb1dca7a has not seen follower/s 6ce6840f-3bb0-4d7d-8406-ba4a40805123 for 184434ms 285d9e5f-8853-4762-b181-afacccda6eae for 184434ms
2019-09-17 11:37:04,093 [EventQueue-PipelineActionsForPipelineActionHandler] INFO  pipeline.SCMPipelineManager (SCMPipelineManager.java:finalizeAndDestroyPipeline(311)) - destroying pipeline:Pipeline[ Id: ced6bf12-8106-4dd4-a459-4817d3a8aac5, Nodes: 285d9e5f-8853-4762-b181-afacccda6eae{ip: 192.168.157.219, host: pr-hdds-2121-5jcdq-2838215776, networkLocation: /default-rack, certSerialId: null}6ce6840f-3bb0-4d7d-8406-ba4a40805123{ip: 192.168.157.219, host: pr-hdds-2121-5jcdq-2838215776, networkLocation: /default-rack, certSerialId: null}7aa83ab1-477a-4917-a557-8c7bdb1dca7a{ip: 192.168.157.219, host: pr-hdds-2121-5jcdq-2838215776, networkLocation: /default-rack, certSerialId: null}, Type:RATIS, Factor:THREE, State:CLOSED]
2019-09-17 11:37:05,612 [org.apache.ratis.server.impl.LogAppender$AppenderDaemon$$Lambda$492/1964587901@4a600064] ERROR ratis.XceiverServerRatis (XceiverServerRatis.java:triggerPipelineClose(575)) - pipeline Action CLOSE  on pipeline PipelineID=ced6bf12-8106-4dd4-a459-4817d3a8aac5.Reason : 7aa83ab1-477a-4917-a557-8c7bdb1dca7a has not seen follower/s 6ce6840f-3bb0-4d7d-8406-ba4a40805123 for 186936ms 285d9e5f-8853-4762-b181-afacccda6eae for 186936ms
2019-09-17 11:37:05,612 [org.apache.ratis.server.impl.LogAppender$AppenderDaemon$$Lambda$492/1964587901@384b2d46] ERROR ratis.XceiverServerRatis (XceiverServerRatis.java:triggerPipelineClose(575)) - pipeline Action CLOSE  on pipeline PipelineID=ced6bf12-8106-4dd4-a459-4817d3a8aac5.Reason : 7aa83ab1-477a-4917-a557-8c7bdb1dca7a has not seen follower/s 6ce6840f-3bb0-4d7d-8406-ba4a40805123 for 186935ms 285d9e5f-8853-4762-b181-afacccda6eae for 186936ms
2019-09-17 11:37:05,726 [grpc-default-executor-8] INFO  client.GrpcClientProtocolClient (GrpcClientProtocolClient.java:onNext(264)) - client-6D2DBBDC0506->285d9e5f-8853-4762-b181-afacccda6eae: receive RaftClientReply:client-6D2DBBDC0506->285d9e5f-8853-4762-b181-afacccda6eae@group-4817D3A8AAC5, cid=24, FAILED org.apache.ratis.protocol.NotLeaderException: Server 285d9e5f-8853-4762-b181-afacccda6eae@group-4817D3A8AAC5 is not the leader 7aa83ab1-477a-4917-a557-8c7bdb1dca7a:192.168.157.219:37869, logIndex=0, commits[285d9e5f-8853-4762-b181-afacccda6eae:c12, 6ce6840f-3bb0-4d7d-8406-ba4a40805123:c10, 7aa83ab1-477a-4917-a557-8c7bdb1dca7a:c12]
2019-09-17 11:37:06,073 [grpc-default-executor-8] INFO  impl.RaftServerProxy (RaftServerProxy.java:remove(95)) - 285d9e5f-8853-4762-b181-afacccda6eae: remove  FOLLOWER 285d9e5f-8853-4762-b181-afacccda6eae@group-4817D3A8AAC5:t1, leader=7aa83ab1-477a-4917-a557-8c7bdb1dca7a, voted=285d9e5f-8853-4762-b181-afacccda6eae, raftlog=285d9e5f-8853-4762-b181-afacccda6eae@group-4817D3A8AAC5-SegmentedRaftLog:OPENED:c12,f12,i19, conf=0: [6ce6840f-3bb0-4d7d-8406-ba4a40805123:192.168.157.219:39451, 7aa83ab1-477a-4917-a557-8c7bdb1dca7a:192.168.157.219:37869, 285d9e5f-8853-4762-b181-afacccda6eae:192.168.157.219:37993], old=null RUNNING
2019-09-17 11:37:06,077 [grpc-default-executor-8] INFO  impl.RaftServerImpl (RaftServerImpl.java:lambda$shutdown$3(251)) - 285d9e5f-8853-4762-b181-afacccda6eae@group-4817D3A8AAC5: shutdown
2019-09-17 11:37:06,078 [grpc-default-executor-8] INFO  util.JmxRegister (JmxRegister.java:unregister(73)) - Successfully un-registered JMX Bean with object name Ratis:service=RaftServer,group=group-4817D3A8AAC5,id=285d9e5f-8853-4762-b181-afacccda6eae
2019-09-17 11:37:06,078 [grpc-default-executor-8] INFO  impl.RoleInfo (RoleInfo.java:shutdownFollowerState(121)) - 285d9e5f-8853-4762-b181-afacccda6eae: shutdown FollowerState
2019-09-17 11:37:06,078 [grpc-default-executor-8] INFO  impl.StateMachineUpdater (StateMachineUpdater.java:stopAndJoin(125)) - 285d9e5f-8853-4762-b181-afacccda6eae@group-4817D3A8AAC5-StateMachineUpdater: set stopIndex = 12
2019-09-17 11:37:06,078 [Thread-325] INFO  impl.FollowerState (FollowerState.java:run(115)) - 285d9e5f-8853-4762-b181-afacccda6eae: FollowerState was interrupted: java.lang.InterruptedException: sleep interrupted
2019-09-17 11:37:06,080 [285d9e5f-8853-4762-b181-afacccda6eae@group-4817D3A8AAC5-StateMachineUpdater] INFO  ratis.ContainerStateMachine (ContainerStateMachine.java:takeSnapshot(289)) - group-4817D3A8AAC5: Taking a snapshot at:(t:1, i:10) file /tmp/workdir/hadoop-ozone/integration-test/target/test-dir/MiniOzoneClusterImpl-56be50ff-871f-410f-8770-4175db3196be/datanode-6/data/ratis/ced6bf12-8106-4dd4-a459-4817d3a8aac5/sm/snapshot.1_10
2019-09-17 11:37:06,084 [EventQueue-PipelineActionsForPipelineActionHandler] ERROR pipeline.PipelineActionHandler (PipelineActionHandler.java:onMessage(60)) - Received pipeline action CLOSE for Pipeline[ Id: ced6bf12-8106-4dd4-a459-4817d3a8aac5, Nodes: 285d9e5f-8853-4762-b181-afacccda6eae{ip: 192.168.157.219, host: pr-hdds-2121-5jcdq-2838215776, networkLocation: /default-rack, certSerialId: null}6ce6840f-3bb0-4d7d-8406-ba4a40805123{ip: 192.168.157.219, host: pr-hdds-2121-5jcdq-2838215776, networkLocation: /default-rack, certSerialId: null}7aa83ab1-477a-4917-a557-8c7bdb1dca7a{ip: 192.168.157.219, host: pr-hdds-2121-5jcdq-2838215776, networkLocation: /default-rack, certSerialId: null}, Type:RATIS, Factor:THREE, State:CLOSED] from datanode 7aa83ab1-477a-4917-a557-8c7bdb1dca7a{ip: 192.168.157.219, host: pr-hdds-2121-5jcdq-2838215776, networkLocation: /default-rack, certSerialId: null}. Reason : 7aa83ab1-477a-4917-a557-8c7bdb1dca7a has not seen follower/s 6ce6840f-3bb0-4d7d-8406-ba4a40805123 for 186936ms 285d9e5f-8853-4762-b181-afacccda6eae for 186936ms
2019-09-17 11:37:06,084 [EventQueue-PipelineActionsForPipelineActionHandler] INFO  pipeline.SCMPipelineManager (SCMPipelineManager.java:finalizeAndDestroyPipeline(311)) - destroying pipeline:Pipeline[ Id: ced6bf12-8106-4dd4-a459-4817d3a8aac5, Nodes: 285d9e5f-8853-4762-b181-afacccda6eae{ip: 192.168.157.219, host: pr-hdds-2121-5jcdq-2838215776, networkLocation: /default-rack, certSerialId: null}6ce6840f-3bb0-4d7d-8406-ba4a40805123{ip: 192.168.157.219, host: pr-hdds-2121-5jcdq-2838215776, networkLocation: /default-rack, certSerialId: null}7aa83ab1-477a-4917-a557-8c7bdb1dca7a{ip: 192.168.157.219, host: pr-hdds-2121-5jcdq-2838215776, networkLocation: /default-rack, certSerialId: null}, Type:RATIS, Factor:THREE, State:CLOSED]
2019-09-17 11:37:06,110 [java.util.concurrent.ThreadPoolExecutor$Worker@f9cdb08[State = -1, empty queue]] WARN  server.GrpcLogAppender (GrpcLogAppender.java:timeoutAppendRequest(200)) - 7aa83ab1-477a-4917-a557-8c7bdb1dca7a@group-4817D3A8AAC5->285d9e5f-8853-4762-b181-afacccda6eae-GrpcLogAppender: appendEntries Timeout, request=7aa83ab1-477a-4917-a557-8c7bdb1dca7a->285d9e5f-8853-4762-b181-afacccda6eae#95-t1, previous=(t:1, i:19), leaderCommit=12, initializing? false, entries: <empty>
2019-09-17 11:37:06,110 [java.util.concurrent.ThreadPoolExecutor$Worker@7acd5285[State = -1, empty queue]] WARN  server.GrpcLogAppender (GrpcLogAppender.java:timeoutAppendRequest(200)) - 7aa83ab1-477a-4917-a557-8c7bdb1dca7a@group-4817D3A8AAC5->6ce6840f-3bb0-4d7d-8406-ba4a40805123-GrpcLogAppender: appendEntries Timeout, request=7aa83ab1-477a-4917-a557-8c7bdb1dca7a->6ce6840f-3bb0-4d7d-8406-ba4a40805123#95-t1, previous=(t:1, i:19), leaderCommit=12, initializing? false, entries: <empty>
2019-09-17 11:37:06,110 [285d9e5f-8853-4762-b181-afacccda6eae@group-4817D3A8AAC5-StateMachineUpdater] INFO  ratis.ContainerStateMachine (ContainerStateMachine.java:takeSnapshot(300)) - group-4817D3A8AAC5: Finished taking a snapshot at:(t:1, i:10) file:/tmp/workdir/hadoop-ozone/integration-test/target/test-dir/MiniOzoneClusterImpl-56be50ff-871f-410f-8770-4175db3196be/datanode-6/data/ratis/ced6bf12-8106-4dd4-a459-4817d3a8aac5/sm/snapshot.1_10 time:32
2019-09-17 11:37:06,112 [285d9e5f-8853-4762-b181-afacccda6eae@group-4817D3A8AAC5-StateMachineUpdater] INFO  impl.StateMachineUpdater (StateMachineUpdater.java:takeSnapshot(258)) - 285d9e5f-8853-4762-b181-afacccda6eae@group-4817D3A8AAC5-StateMachineUpdater: Took a snapshot at index 10
2019-09-17 11:37:06,114 [285d9e5f-8853-4762-b181-afacccda6eae@group-4817D3A8AAC5-StateMachineUpdater] INFO  impl.StateMachineUpdater (StateMachineUpdater.java:lambda$new$0(83)) - 285d9e5f-8853-4762-b181-afacccda6eae@group-4817D3A8AAC5-StateMachineUpdater: snapshotIndex: updateIncreasingly -1 -> 10
2019-09-17 11:37:06,117 [285d9e5f-8853-4762-b181-afacccda6eae@group-4817D3A8AAC5-StateMachineUpdater] INFO  ratis.ContainerStateMachine (ContainerStateMachine.java:takeSnapshot(289)) - group-4817D3A8AAC5: Taking a snapshot at:(t:1, i:10) file /tmp/workdir/hadoop-ozone/integration-test/target/test-dir/MiniOzoneClusterImpl-56be50ff-871f-410f-8770-4175db3196be/datanode-6/data/ratis/ced6bf12-8106-4dd4-a459-4817d3a8aac5/sm/snapshot.1_10
2019-09-17 11:37:06,129 [285d9e5f-8853-4762-b181-afacccda6eae@group-4817D3A8AAC5-StateMachineUpdater] INFO  ratis.ContainerStateMachine (ContainerStateMachine.java:takeSnapshot(300)) - group-4817D3A8AAC5: Finished taking a snapshot at:(t:1, i:10) file:/tmp/workdir/hadoop-ozone/integration-test/target/test-dir/MiniOzoneClusterImpl-56be50ff-871f-410f-8770-4175db3196be/datanode-6/data/ratis/ced6bf12-8106-4dd4-a459-4817d3a8aac5/sm/snapshot.1_10 time:12
2019-09-17 11:37:06,130 [285d9e5f-8853-4762-b181-afacccda6eae@group-4817D3A8AAC5-StateMachineUpdater] INFO  impl.StateMachineUpdater (StateMachineUpdater.java:takeSnapshot(258)) - 285d9e5f-8853-4762-b181-afacccda6eae@group-4817D3A8AAC5-StateMachineUpdater: Took a snapshot at index 10
2019-09-17 11:37:06,130 [285d9e5f-8853-4762-b181-afacccda6eae@group-4817D3A8AAC5-StateMachineUpdater] INFO  impl.StateMachineUpdater (StateMachineUpdater.java:lambda$new$0(83)) - 285d9e5f-8853-4762-b181-afacccda6eae@group-4817D3A8AAC5-StateMachineUpdater: snapshotIndex: updateIncreasingly 10 -> 10
2019-09-17 11:37:06,130 [grpc-default-executor-8] INFO  impl.RaftServerImpl (ServerState.java:close(385)) - 285d9e5f-8853-4762-b181-afacccda6eae@group-4817D3A8AAC5: closes. applyIndex: 12
2019-09-17 11:37:06,144 [285d9e5f-8853-4762-b181-afacccda6eae@group-4817D3A8AAC5-SegmentedRaftLogWorker] ERROR ratis.XceiverServerRatis (XceiverServerRatis.java:triggerPipelineClose(575)) - pipeline Action CLOSE  on pipeline PipelineID=ced6bf12-8106-4dd4-a459-4817d3a8aac5.Reason : WriteLog:16: (t:1, i:16), STATEMACHINELOGENTRY, client-6D2DBBDC0506, cid=27-writeStateMachineData interrupted.
2019-09-17 11:37:06,148 [EventQueue-PipelineActionsForPipelineActionHandler] ERROR pipeline.PipelineActionHandler (PipelineActionHandler.java:onMessage(60)) - Received pipeline action CLOSE for Pipeline[ Id: ced6bf12-8106-4dd4-a459-4817d3a8aac5, Nodes: 285d9e5f-8853-4762-b181-afacccda6eae{ip: 192.168.157.219, host: pr-hdds-2121-5jcdq-2838215776, networkLocation: /default-rack, certSerialId: null}6ce6840f-3bb0-4d7d-8406-ba4a40805123{ip: 192.168.157.219, host: pr-hdds-2121-5jcdq-2838215776, networkLocation: /default-rack, certSerialId: null}7aa83ab1-477a-4917-a557-8c7bdb1dca7a{ip: 192.168.157.219, host: pr-hdds-2121-5jcdq-2838215776, networkLocation: /default-rack, certSerialId: null}, Type:RATIS, Factor:THREE, State:CLOSED] from datanode 285d9e5f-8853-4762-b181-afacccda6eae{ip: 192.168.157.219, host: pr-hdds-2121-5jcdq-2838215776, networkLocation: /default-rack, certSerialId: null}. Reason : WriteLog:16: (t:1, i:16), STATEMACHINELOGENTRY, client-6D2DBBDC0506, cid=27-writeStateMachineData interrupted.
2019-09-17 11:37:06,148 [EventQueue-PipelineActionsForPipelineActionHandler] INFO  pipeline.SCMPipelineManager (SCMPipelineManager.java:finalizeAndDestroyPipeline(311)) - destroying pipeline:Pipeline[ Id: ced6bf12-8106-4dd4-a459-4817d3a8aac5, Nodes: 285d9e5f-8853-4762-b181-afacccda6eae{ip: 192.168.157.219, host: pr-hdds-2121-5jcdq-2838215776, networkLocation: /default-rack, certSerialId: null}6ce6840f-3bb0-4d7d-8406-ba4a40805123{ip: 192.168.157.219, host: pr-hdds-2121-5jcdq-2838215776, networkLocation: /default-rack, certSerialId: null}7aa83ab1-477a-4917-a557-8c7bdb1dca7a{ip: 192.168.157.219, host: pr-hdds-2121-5jcdq-2838215776, networkLocation: /default-rack, certSerialId: null}, Type:RATIS, Factor:THREE, State:CLOSED]
2019-09-17 11:37:06,159 [grpc-default-executor-8] INFO  segmented.SegmentedRaftLogWorker (SegmentedRaftLogWorker.java:close(228)) - 285d9e5f-8853-4762-b181-afacccda6eae@group-4817D3A8AAC5-SegmentedRaftLogWorker close()
2019-09-17 11:37:06,178 [grpc-default-executor-8] INFO  interfaces.Container (KeyValueContainer.java:flushAndSyncDB(386)) - Container 1 is synced with bcsId 4.
2019-09-17 11:37:06,178 [grpc-default-executor-8] INFO  interfaces.Container (KeyValueContainer.java:flushAndSyncDB(386)) - Container 1 is synced with bcsId 4.
2019-09-17 11:37:06,195 [EventQueue-IncrementalContainerReportForIncrementalContainerReportHandler] INFO  container.IncrementalContainerReportHandler (AbstractContainerReportHandler.java:updateContainerState(169)) - Moving container #1 to QUASI_CLOSED state, datanode 285d9e5f-8853-4762-b181-afacccda6eae{ip: 192.168.157.219, host: pr-hdds-2121-5jcdq-2838215776, networkLocation: /default-rack, certSerialId: null} reported QUASI_CLOSED replica.
2019-09-17 11:37:06,195 [grpc-default-executor-8] INFO  interfaces.Container (KeyValueContainer.java:flushAndSyncDB(386)) - Container 3 is synced with bcsId 10.
2019-09-17 11:37:06,195 [grpc-default-executor-8] INFO  interfaces.Container (KeyValueContainer.java:flushAndSyncDB(386)) - Container 3 is synced with bcsId 10.
2019-09-17 11:37:06,210 [EventQueue-IncrementalContainerReportForIncrementalContainerReportHandler] INFO  container.IncrementalContainerReportHandler (AbstractContainerReportHandler.java:updateContainerState(169)) - Moving container #3 to QUASI_CLOSED state, datanode 285d9e5f-8853-4762-b181-afacccda6eae{ip: 192.168.157.219, host: pr-hdds-2121-5jcdq-2838215776, networkLocation: /default-rack, certSerialId: null} reported QUASI_CLOSED replica.
2019-09-17 11:37:06,226 [grpc-default-executor-8] INFO  interfaces.Container (KeyValueContainer.java:flushAndSyncDB(386)) - Container 4 is synced with bcsId 0.
2019-09-17 11:37:06,226 [grpc-default-executor-8] INFO  interfaces.Container (KeyValueContainer.java:flushAndSyncDB(386)) - Container 4 is synced with bcsId 0.
2019-09-17 11:37:06,232 [EventQueue-IncrementalContainerReportForIncrementalContainerReportHandler] INFO  container.IncrementalContainerReportHandler (AbstractContainerReportHandler.java:updateContainerState(169)) - Moving container #4 to QUASI_CLOSED state, datanode 285d9e5f-8853-4762-b181-afacccda6eae{ip: 192.168.157.219, host: pr-hdds-2121-5jcdq-2838215776, networkLocation: /default-rack, certSerialId: null} reported QUASI_CLOSED replica.
2019-09-17 11:37:06,238 [grpc-default-executor-8] INFO  impl.RaftServerProxy (RaftServerProxy.java:remove(95)) - 6ce6840f-3bb0-4d7d-8406-ba4a40805123: remove  FOLLOWER 6ce6840f-3bb0-4d7d-8406-ba4a40805123@group-4817D3A8AAC5:t1, leader=7aa83ab1-477a-4917-a557-8c7bdb1dca7a, voted=7aa83ab1-477a-4917-a557-8c7bdb1dca7a, raftlog=6ce6840f-3bb0-4d7d-8406-ba4a40805123@group-4817D3A8AAC5-SegmentedRaftLog:OPENED:c12,f12,i19, conf=0: [6ce6840f-3bb0-4d7d-8406-ba4a40805123:192.168.157.219:39451, 7aa83ab1-477a-4917-a557-8c7bdb1dca7a:192.168.157.219:37869, 285d9e5f-8853-4762-b181-afacccda6eae:192.168.157.219:37993], old=null RUNNING
2019-09-17 11:37:06,239 [grpc-default-executor-8] INFO  impl.RaftServerImpl (RaftServerImpl.java:lambda$shutdown$3(251)) - 6ce6840f-3bb0-4d7d-8406-ba4a40805123@group-4817D3A8AAC5: shutdown
2019-09-17 11:37:06,239 [grpc-default-executor-8] INFO  util.JmxRegister (JmxRegister.java:unregister(73)) - Successfully un-registered JMX Bean with object name Ratis:service=RaftServer,group=group-4817D3A8AAC5,id=6ce6840f-3bb0-4d7d-8406-ba4a40805123
2019-09-17 11:37:06,239 [grpc-default-executor-8] INFO  impl.RoleInfo (RoleInfo.java:shutdownFollowerState(121)) - 6ce6840f-3bb0-4d7d-8406-ba4a40805123: shutdown FollowerState
2019-09-17 11:37:06,239 [grpc-default-executor-8] INFO  impl.StateMachineUpdater (StateMachineUpdater.java:stopAndJoin(125)) - 6ce6840f-3bb0-4d7d-8406-ba4a40805123@group-4817D3A8AAC5-StateMachineUpdater: set stopIndex = 12
2019-09-17 11:37:06,239 [Thread-322] INFO  impl.FollowerState (FollowerState.java:run(115)) - 6ce6840f-3bb0-4d7d-8406-ba4a40805123: FollowerState was interrupted: java.lang.InterruptedException: sleep interrupted
2019-09-17 11:37:06,239 [6ce6840f-3bb0-4d7d-8406-ba4a40805123@group-4817D3A8AAC5-StateMachineUpdater] INFO  ratis.ContainerStateMachine (ContainerStateMachine.java:takeSnapshot(289)) - group-4817D3A8AAC5: Taking a snapshot at:(t:1, i:10) file /tmp/workdir/hadoop-ozone/integration-test/target/test-dir/MiniOzoneClusterImpl-56be50ff-871f-410f-8770-4175db3196be/datanode-2/data/ratis/ced6bf12-8106-4dd4-a459-4817d3a8aac5/sm/snapshot.1_10
2019-09-17 11:37:06,254 [6ce6840f-3bb0-4d7d-8406-ba4a40805123@group-4817D3A8AAC5-StateMachineUpdater] INFO  ratis.ContainerStateMachine (ContainerStateMachine.java:takeSnapshot(300)) - group-4817D3A8AAC5: Finished taking a snapshot at:(t:1, i:10) file:/tmp/workdir/hadoop-ozone/integration-test/target/test-dir/MiniOzoneClusterImpl-56be50ff-871f-410f-8770-4175db3196be/datanode-2/data/ratis/ced6bf12-8106-4dd4-a459-4817d3a8aac5/sm/snapshot.1_10 time:15
2019-09-17 11:37:06,254 [6ce6840f-3bb0-4d7d-8406-ba4a40805123@group-4817D3A8AAC5-StateMachineUpdater] INFO  impl.StateMachineUpdater (StateMachineUpdater.java:takeSnapshot(258)) - 6ce6840f-3bb0-4d7d-8406-ba4a40805123@group-4817D3A8AAC5-StateMachineUpdater: Took a snapshot at index 10
2019-09-17 11:37:06,254 [6ce6840f-3bb0-4d7d-8406-ba4a40805123@group-4817D3A8AAC5-StateMachineUpdater] INFO  impl.StateMachineUpdater (StateMachineUpdater.java:lambda$new$0(83)) - 6ce6840f-3bb0-4d7d-8406-ba4a40805123@group-4817D3A8AAC5-StateMachineUpdater: snapshotIndex: updateIncreasingly -1 -> 10
2019-09-17 11:37:06,255 [6ce6840f-3bb0-4d7d-8406-ba4a40805123@group-4817D3A8AAC5-StateMachineUpdater] INFO  ratis.ContainerStateMachine (ContainerStateMachine.java:takeSnapshot(289)) - group-4817D3A8AAC5: Taking a snapshot at:(t:1, i:10) file /tmp/workdir/hadoop-ozone/integration-test/target/test-dir/MiniOzoneClusterImpl-56be50ff-871f-410f-8770-4175db3196be/datanode-2/data/ratis/ced6bf12-8106-4dd4-a459-4817d3a8aac5/sm/snapshot.1_10
2019-09-17 11:37:06,257 [6ce6840f-3bb0-4d7d-8406-ba4a40805123@group-4817D3A8AAC5-StateMachineUpdater] INFO  ratis.ContainerStateMachine (ContainerStateMachine.java:takeSnapshot(300)) - group-4817D3A8AAC5: Finished taking a snapshot at:(t:1, i:10) file:/tmp/workdir/hadoop-ozone/integration-test/target/test-dir/MiniOzoneClusterImpl-56be50ff-871f-410f-8770-4175db3196be/datanode-2/data/ratis/ced6bf12-8106-4dd4-a459-4817d3a8aac5/sm/snapshot.1_10 time:2
2019-09-17 11:37:06,257 [6ce6840f-3bb0-4d7d-8406-ba4a40805123@group-4817D3A8AAC5-StateMachineUpdater] INFO  impl.StateMachineUpdater (StateMachineUpdater.java:takeSnapshot(258)) - 6ce6840f-3bb0-4d7d-8406-ba4a40805123@group-4817D3A8AAC5-StateMachineUpdater: Took a snapshot at index 10
2019-09-17 11:37:06,257 [6ce6840f-3bb0-4d7d-8406-ba4a40805123@group-4817D3A8AAC5-StateMachineUpdater] INFO  impl.StateMachineUpdater (StateMachineUpdater.java:lambda$new$0(83)) - 6ce6840f-3bb0-4d7d-8406-ba4a40805123@group-4817D3A8AAC5-StateMachineUpdater: snapshotIndex: updateIncreasingly 10 -> 10
2019-09-17 11:37:06,257 [grpc-default-executor-8] INFO  impl.RaftServerImpl (ServerState.java:close(385)) - 6ce6840f-3bb0-4d7d-8406-ba4a40805123@group-4817D3A8AAC5: closes. applyIndex: 12
2019-09-17 11:37:06,258 [6ce6840f-3bb0-4d7d-8406-ba4a40805123@group-4817D3A8AAC5-SegmentedRaftLogWorker] ERROR ratis.XceiverServerRatis (XceiverServerRatis.java:triggerPipelineClose(575)) - pipeline Action CLOSE  on pipeline PipelineID=ced6bf12-8106-4dd4-a459-4817d3a8aac5.Reason : WriteLog:14: (t:1, i:14), STATEMACHINELOGENTRY, client-6D2DBBDC0506, cid=25-writeStateMachineData interrupted.
2019-09-17 11:37:06,261 [EventQueue-PipelineActionsForPipelineActionHandler] ERROR pipeline.PipelineActionHandler (PipelineActionHandler.java:onMessage(60)) - Received pipeline action CLOSE for Pipeline[ Id: ced6bf12-8106-4dd4-a459-4817d3a8aac5, Nodes: 285d9e5f-8853-4762-b181-afacccda6eae{ip: 192.168.157.219, host: pr-hdds-2121-5jcdq-2838215776, networkLocation: /default-rack, certSerialId: null}6ce6840f-3bb0-4d7d-8406-ba4a40805123{ip: 192.168.157.219, host: pr-hdds-2121-5jcdq-2838215776, networkLocation: /default-rack, certSerialId: null}7aa83ab1-477a-4917-a557-8c7bdb1dca7a{ip: 192.168.157.219, host: pr-hdds-2121-5jcdq-2838215776, networkLocation: /default-rack, certSerialId: null}, Type:RATIS, Factor:THREE, State:CLOSED] from datanode 6ce6840f-3bb0-4d7d-8406-ba4a40805123{ip: 192.168.157.219, host: pr-hdds-2121-5jcdq-2838215776, networkLocation: /default-rack, certSerialId: null}. Reason : WriteLog:14: (t:1, i:14), STATEMACHINELOGENTRY, client-6D2DBBDC0506, cid=25-writeStateMachineData interrupted.
2019-09-17 11:37:06,261 [EventQueue-PipelineActionsForPipelineActionHandler] INFO  pipeline.SCMPipelineManager (SCMPipelineManager.java:finalizeAndDestroyPipeline(311)) - destroying pipeline:Pipeline[ Id: ced6bf12-8106-4dd4-a459-4817d3a8aac5, Nodes: 285d9e5f-8853-4762-b181-afacccda6eae{ip: 192.168.157.219, host: pr-hdds-2121-5jcdq-2838215776, networkLocation: /default-rack, certSerialId: null}6ce6840f-3bb0-4d7d-8406-ba4a40805123{ip: 192.168.157.219, host: pr-hdds-2121-5jcdq-2838215776, networkLocation: /default-rack, certSerialId: null}7aa83ab1-477a-4917-a557-8c7bdb1dca7a{ip: 192.168.157.219, host: pr-hdds-2121-5jcdq-2838215776, networkLocation: /default-rack, certSerialId: null}, Type:RATIS, Factor:THREE, State:CLOSED]
2019-09-17 11:37:06,262 [grpc-default-executor-8] INFO  segmented.SegmentedRaftLogWorker (SegmentedRaftLogWorker.java:close(228)) - 6ce6840f-3bb0-4d7d-8406-ba4a40805123@group-4817D3A8AAC5-SegmentedRaftLogWorker close()
2019-09-17 11:37:06,266 [grpc-default-executor-8] INFO  interfaces.Container (KeyValueContainer.java:flushAndSyncDB(386)) - Container 1 is synced with bcsId 4.
2019-09-17 11:37:06,267 [grpc-default-executor-8] INFO  interfaces.Container (KeyValueContainer.java:flushAndSyncDB(386)) - Container 1 is synced with bcsId 4.
2019-09-17 11:37:06,274 [grpc-default-executor-8] INFO  interfaces.Container (KeyValueContainer.java:flushAndSyncDB(386)) - Container 3 is synced with bcsId 10.
2019-09-17 11:37:06,274 [grpc-default-executor-8] INFO  interfaces.Container (KeyValueContainer.java:flushAndSyncDB(386)) - Container 3 is synced with bcsId 10.
2019-09-17 11:37:06,296 [grpc-default-executor-8] INFO  interfaces.Container (KeyValueContainer.java:flushAndSyncDB(386)) - Container 4 is synced with bcsId 0.
2019-09-17 11:37:06,296 [grpc-default-executor-8] INFO  interfaces.Container (KeyValueContainer.java:flushAndSyncDB(386)) - Container 4 is synced with bcsId 0.
2019-09-17 11:37:06,306 [grpc-default-executor-8] INFO  impl.RaftServerProxy (RaftServerProxy.java:remove(95)) - 7aa83ab1-477a-4917-a557-8c7bdb1dca7a: remove    LEADER 7aa83ab1-477a-4917-a557-8c7bdb1dca7a@group-4817D3A8AAC5:t1, leader=7aa83ab1-477a-4917-a557-8c7bdb1dca7a, voted=7aa83ab1-477a-4917-a557-8c7bdb1dca7a, raftlog=7aa83ab1-477a-4917-a557-8c7bdb1dca7a@group-4817D3A8AAC5-SegmentedRaftLog:OPENED:c12,f12,i19, conf=0: [6ce6840f-3bb0-4d7d-8406-ba4a40805123:192.168.157.219:39451, 7aa83ab1-477a-4917-a557-8c7bdb1dca7a:192.168.157.219:37869, 285d9e5f-8853-4762-b181-afacccda6eae:192.168.157.219:37993], old=null RUNNING
2019-09-17 11:37:06,307 [grpc-default-executor-8] INFO  impl.RaftServerImpl (RaftServerImpl.java:lambda$shutdown$3(251)) - 7aa83ab1-477a-4917-a557-8c7bdb1dca7a@group-4817D3A8AAC5: shutdown
2019-09-17 11:37:06,307 [grpc-default-executor-8] INFO  util.JmxRegister (JmxRegister.java:unregister(73)) - Successfully un-registered JMX Bean with object name Ratis:service=RaftServer,group=group-4817D3A8AAC5,id=7aa83ab1-477a-4917-a557-8c7bdb1dca7a
2019-09-17 11:37:06,307 [grpc-default-executor-8] INFO  impl.RoleInfo (RoleInfo.java:shutdownLeaderState(104)) - 7aa83ab1-477a-4917-a557-8c7bdb1dca7a: shutdown LeaderState
2019-09-17 11:37:06,310 [grpc-default-executor-8] INFO  impl.PendingRequests (PendingRequests.java:sendNotLeaderResponses(202)) - 7aa83ab1-477a-4917-a557-8c7bdb1dca7a-PendingRequests: sendNotLeaderResponses
2019-09-17 11:37:06,310 [org.apache.ratis.server.impl.LogAppender$AppenderDaemon$$Lambda$492/1964587901@4a600064] WARN  server.GrpcLogAppender (GrpcLogAppender.java:mayWait(143)) - 7aa83ab1-477a-4917-a557-8c7bdb1dca7a@group-4817D3A8AAC5->6ce6840f-3bb0-4d7d-8406-ba4a40805123-GrpcLogAppender: Wait interrupted by java.lang.InterruptedException
2019-09-17 11:37:06,310 [org.apache.ratis.server.impl.LogAppender$AppenderDaemon$$Lambda$492/1964587901@384b2d46] WARN  server.GrpcLogAppender (GrpcLogAppender.java:mayWait(143)) - 7aa83ab1-477a-4917-a557-8c7bdb1dca7a@group-4817D3A8AAC5->285d9e5f-8853-4762-b181-afacccda6eae-GrpcLogAppender: Wait interrupted by java.lang.InterruptedException
2019-09-17 11:37:06,312 [grpc-default-executor-6] INFO  server.GrpcServerProtocolService (GrpcServerProtocolService.java:onCompleted(113)) - 285d9e5f-8853-4762-b181-afacccda6eae: Completed APPEND_ENTRIES, lastRequest: 7aa83ab1-477a-4917-a557-8c7bdb1dca7a->285d9e5f-8853-4762-b181-afacccda6eae#96-t1, previous=(t:1, i:19), leaderCommit=12, initializing? false, entries: <empty>
2019-09-17 11:37:06,312 [grpc-default-executor-7] INFO  server.GrpcServerProtocolService (GrpcServerProtocolService.java:onCompleted(113)) - 6ce6840f-3bb0-4d7d-8406-ba4a40805123: Completed APPEND_ENTRIES, lastRequest: 7aa83ab1-477a-4917-a557-8c7bdb1dca7a->6ce6840f-3bb0-4d7d-8406-ba4a40805123#96-t1, previous=(t:1, i:19), leaderCommit=12, initializing? false, entries: <empty>
2019-09-17 11:37:06,313 [grpc-default-executor-6] INFO  server.GrpcLogAppender (GrpcLogAppender.java:onCompleted(293)) - 7aa83ab1-477a-4917-a557-8c7bdb1dca7a@group-4817D3A8AAC5->6ce6840f-3bb0-4d7d-8406-ba4a40805123-AppendLogResponseHandler: follower responses appendEntries COMPLETED
2019-09-17 11:37:06,313 [grpc-default-executor-7] INFO  server.GrpcLogAppender (GrpcLogAppender.java:onCompleted(293)) - 7aa83ab1-477a-4917-a557-8c7bdb1dca7a@group-4817D3A8AAC5->285d9e5f-8853-4762-b181-afacccda6eae-AppendLogResponseHandler: follower responses appendEntries COMPLETED
2019-09-17 11:37:06,317 [grpc-default-executor-8] INFO  impl.StateMachineUpdater (StateMachineUpdater.java:stopAndJoin(125)) - 7aa83ab1-477a-4917-a557-8c7bdb1dca7a@group-4817D3A8AAC5-StateMachineUpdater: set stopIndex = 12
2019-09-17 11:37:06,317 [grpc-default-executor-6] INFO  impl.FollowerInfo (FollowerInfo.java:lambda$new$0(51)) - 7aa83ab1-477a-4917-a557-8c7bdb1dca7a@group-4817D3A8AAC5->6ce6840f-3bb0-4d7d-8406-ba4a40805123: nextIndex: updateUnconditionally 20 -> 13
2019-09-17 11:37:06,317 [7aa83ab1-477a-4917-a557-8c7bdb1dca7a@group-4817D3A8AAC5-StateMachineUpdater] INFO  ratis.ContainerStateMachine (ContainerStateMachine.java:takeSnapshot(289)) - group-4817D3A8AAC5: Taking a snapshot at:(t:1, i:12) file /tmp/workdir/hadoop-ozone/integration-test/target/test-dir/MiniOzoneClusterImpl-56be50ff-871f-410f-8770-4175db3196be/datanode-1/data/ratis/ced6bf12-8106-4dd4-a459-4817d3a8aac5/sm/snapshot.1_12
2019-09-17 11:37:06,317 [grpc-default-executor-7] INFO  impl.FollowerInfo (FollowerInfo.java:lambda$new$0(51)) - 7aa83ab1-477a-4917-a557-8c7bdb1dca7a@group-4817D3A8AAC5->285d9e5f-8853-4762-b181-afacccda6eae: nextIndex: updateUnconditionally 20 -> 13
2019-09-17 11:37:06,325 [7aa83ab1-477a-4917-a557-8c7bdb1dca7a@group-4817D3A8AAC5-StateMachineUpdater] INFO  ratis.ContainerStateMachine (ContainerStateMachine.java:takeSnapshot(300)) - group-4817D3A8AAC5: Finished taking a snapshot at:(t:1, i:12) file:/tmp/workdir/hadoop-ozone/integration-test/target/test-dir/MiniOzoneClusterImpl-56be50ff-871f-410f-8770-4175db3196be/datanode-1/data/ratis/ced6bf12-8106-4dd4-a459-4817d3a8aac5/sm/snapshot.1_12 time:9
2019-09-17 11:37:06,327 [7aa83ab1-477a-4917-a557-8c7bdb1dca7a@group-4817D3A8AAC5-StateMachineUpdater] INFO  impl.StateMachineUpdater (StateMachineUpdater.java:takeSnapshot(258)) - 7aa83ab1-477a-4917-a557-8c7bdb1dca7a@group-4817D3A8AAC5-StateMachineUpdater: Took a snapshot at index 12
2019-09-17 11:37:06,327 [7aa83ab1-477a-4917-a557-8c7bdb1dca7a@group-4817D3A8AAC5-StateMachineUpdater] INFO  impl.StateMachineUpdater (StateMachineUpdater.java:lambda$new$0(83)) - 7aa83ab1-477a-4917-a557-8c7bdb1dca7a@group-4817D3A8AAC5-StateMachineUpdater: snapshotIndex: updateIncreasingly -1 -> 12
2019-09-17 11:37:06,327 [grpc-default-executor-8] INFO  impl.RaftServerImpl (ServerState.java:close(385)) - 7aa83ab1-477a-4917-a557-8c7bdb1dca7a@group-4817D3A8AAC5: closes. applyIndex: 12
2019-09-17 11:37:06,328 [Command processor thread] ERROR commandhandler.CloseContainerCommandHandler (CloseContainerCommandHandler.java:handle(125)) - Can't close container #3
java.io.IOException: org.apache.ratis.protocol.GroupMismatchException: 7aa83ab1-477a-4917-a557-8c7bdb1dca7a: group-4817D3A8AAC5 not found.
	at org.apache.hadoop.ozone.container.common.transport.server.ratis.XceiverServerRatis.submitRequest(XceiverServerRatis.java:502)
	at org.apache.hadoop.ozone.container.common.statemachine.commandhandler.CloseContainerCommandHandler.handle(CloseContainerCommandHandler.java:102)
	at org.apache.hadoop.ozone.container.common.statemachine.commandhandler.CommandDispatcher.handle(CommandDispatcher.java:99)
	at org.apache.hadoop.ozone.container.common.statemachine.DatanodeStateMachine.lambda$initCommandHandlerThread$1(DatanodeStateMachine.java:432)
	at java.lang.Thread.run(Thread.java:748)
Caused by: java.util.concurrent.ExecutionException: org.apache.ratis.protocol.GroupMismatchException: 7aa83ab1-477a-4917-a557-8c7bdb1dca7a: group-4817D3A8AAC5 not found.
	at java.util.concurrent.CompletableFuture.reportGet(CompletableFuture.java:357)
	at java.util.concurrent.CompletableFuture.get(CompletableFuture.java:1895)
	at org.apache.hadoop.ozone.container.common.transport.server.ratis.XceiverServerRatis.submitRequest(XceiverServerRatis.java:500)
	... 4 more
Caused by: org.apache.ratis.protocol.GroupMismatchException: 7aa83ab1-477a-4917-a557-8c7bdb1dca7a: group-4817D3A8AAC5 not found.
	at org.apache.ratis.server.impl.RaftServerProxy$ImplMap.get(RaftServerProxy.java:122)
	at org.apache.ratis.server.impl.RaftServerProxy.getImplFuture(RaftServerProxy.java:269)
	at org.apache.ratis.server.impl.RaftServerProxy.submitRequest(RaftServerProxy.java:327)
	at org.apache.ratis.server.impl.RaftServerProxy.submitClientRequestAsync(RaftServerProxy.java:333)
	... 5 more
2019-09-17 11:37:06,328 [7aa83ab1-477a-4917-a557-8c7bdb1dca7a@group-4817D3A8AAC5-SegmentedRaftLogWorker] ERROR ratis.XceiverServerRatis (XceiverServerRatis.java:triggerPipelineClose(575)) - pipeline Action CLOSE  on pipeline PipelineID=ced6bf12-8106-4dd4-a459-4817d3a8aac5.Reason : WriteLog:14: (t:1, i:14), STATEMACHINELOGENTRY, client-6D2DBBDC0506, cid=25-writeStateMachineData interrupted.
2019-09-17 11:37:06,330 [EventQueue-PipelineActionsForPipelineActionHandler] ERROR pipeline.PipelineActionHandler (PipelineActionHandler.java:onMessage(60)) - Received pipeline action CLOSE for Pipeline[ Id: ced6bf12-8106-4dd4-a459-4817d3a8aac5, Nodes: 285d9e5f-8853-4762-b181-afacccda6eae{ip: 192.168.157.219, host: pr-hdds-2121-5jcdq-2838215776, networkLocation: /default-rack, certSerialId: null}6ce6840f-3bb0-4d7d-8406-ba4a40805123{ip: 192.168.157.219, host: pr-hdds-2121-5jcdq-2838215776, networkLocation: /default-rack, certSerialId: null}7aa83ab1-477a-4917-a557-8c7bdb1dca7a{ip: 192.168.157.219, host: pr-hdds-2121-5jcdq-2838215776, networkLocation: /default-rack, certSerialId: null}, Type:RATIS, Factor:THREE, State:CLOSED] from datanode 7aa83ab1-477a-4917-a557-8c7bdb1dca7a{ip: 192.168.157.219, host: pr-hdds-2121-5jcdq-2838215776, networkLocation: /default-rack, certSerialId: null}. Reason : WriteLog:14: (t:1, i:14), STATEMACHINELOGENTRY, client-6D2DBBDC0506, cid=25-writeStateMachineData interrupted.
2019-09-17 11:37:06,330 [EventQueue-PipelineActionsForPipelineActionHandler] INFO  pipeline.SCMPipelineManager (SCMPipelineManager.java:finalizeAndDestroyPipeline(311)) - destroying pipeline:Pipeline[ Id: ced6bf12-8106-4dd4-a459-4817d3a8aac5, Nodes: 285d9e5f-8853-4762-b181-afacccda6eae{ip: 192.168.157.219, host: pr-hdds-2121-5jcdq-2838215776, networkLocation: /default-rack, certSerialId: null}6ce6840f-3bb0-4d7d-8406-ba4a40805123{ip: 192.168.157.219, host: pr-hdds-2121-5jcdq-2838215776, networkLocation: /default-rack, certSerialId: null}7aa83ab1-477a-4917-a557-8c7bdb1dca7a{ip: 192.168.157.219, host: pr-hdds-2121-5jcdq-2838215776, networkLocation: /default-rack, certSerialId: null}, Type:RATIS, Factor:THREE, State:CLOSED]
2019-09-17 11:37:06,331 [grpc-default-executor-8] INFO  segmented.SegmentedRaftLogWorker (SegmentedRaftLogWorker.java:close(228)) - 7aa83ab1-477a-4917-a557-8c7bdb1dca7a@group-4817D3A8AAC5-SegmentedRaftLogWorker close()
2019-09-17 11:37:06,336 [grpc-default-executor-8] INFO  interfaces.Container (KeyValueContainer.java:flushAndSyncDB(386)) - Container 1 is synced with bcsId 4.
2019-09-17 11:37:06,336 [grpc-default-executor-8] INFO  interfaces.Container (KeyValueContainer.java:flushAndSyncDB(386)) - Container 1 is synced with bcsId 4.
2019-09-17 11:37:06,343 [grpc-default-executor-8] INFO  interfaces.Container (KeyValueContainer.java:flushAndSyncDB(386)) - Container 3 is synced with bcsId 10.
2019-09-17 11:37:06,344 [grpc-default-executor-8] INFO  interfaces.Container (KeyValueContainer.java:flushAndSyncDB(386)) - Container 3 is synced with bcsId 10.
2019-09-17 11:37:06,368 [RatisPipelineUtilsThread] INFO  pipeline.PipelineStateManager (PipelineStateManager.java:removePipeline(108)) - Pipeline Pipeline[ Id: ced6bf12-8106-4dd4-a459-4817d3a8aac5, Nodes: 285d9e5f-8853-4762-b181-afacccda6eae{ip: 192.168.157.219, host: pr-hdds-2121-5jcdq-2838215776, networkLocation: /default-rack, certSerialId: null}6ce6840f-3bb0-4d7d-8406-ba4a40805123{ip: 192.168.157.219, host: pr-hdds-2121-5jcdq-2838215776, networkLocation: /default-rack, certSerialId: null}7aa83ab1-477a-4917-a557-8c7bdb1dca7a{ip: 192.168.157.219, host: pr-hdds-2121-5jcdq-2838215776, networkLocation: /default-rack, certSerialId: null}, Type:RATIS, Factor:THREE, State:CLOSED] removed from db
2019-09-17 11:37:06,384 [grpc-default-executor-9] INFO  impl.RaftServerProxy (RaftServerProxy.java:addNew(89)) - 6ce6840f-3bb0-4d7d-8406-ba4a40805123: addNew group-20B8EE63C133:[6ce6840f-3bb0-4d7d-8406-ba4a40805123:192.168.157.219:39451, 7aa83ab1-477a-4917-a557-8c7bdb1dca7a:192.168.157.219:37869, 285d9e5f-8853-4762-b181-afacccda6eae:192.168.157.219:37993] returns group-20B8EE63C133:java.util.concurrent.CompletableFuture@33e01d7[Not completed]
2019-09-17 11:37:06,386 [grpc-default-executor-8] INFO  impl.RaftServerProxy (RaftServerProxy.java:addNew(89)) - 285d9e5f-8853-4762-b181-afacccda6eae: addNew group-20B8EE63C133:[6ce6840f-3bb0-4d7d-8406-ba4a40805123:192.168.157.219:39451, 7aa83ab1-477a-4917-a557-8c7bdb1dca7a:192.168.157.219:37869, 285d9e5f-8853-4762-b181-afacccda6eae:192.168.157.219:37993] returns group-20B8EE63C133:java.util.concurrent.CompletableFuture@202691b1[Not completed]
2019-09-17 11:37:06,392 [grpc-default-executor-9] INFO  impl.RaftServerProxy (RaftServerProxy.java:addNew(89)) - 7aa83ab1-477a-4917-a557-8c7bdb1dca7a: addNew group-20B8EE63C133:[6ce6840f-3bb0-4d7d-8406-ba4a40805123:192.168.157.219:39451, 7aa83ab1-477a-4917-a557-8c7bdb1dca7a:192.168.157.219:37869, 285d9e5f-8853-4762-b181-afacccda6eae:192.168.157.219:37993] returns group-20B8EE63C133:java.util.concurrent.CompletableFuture@463c8fd4[Not completed]
2019-09-17 11:37:06,394 [pool-47-thread-1] INFO  impl.RaftServerImpl (RaftServerImpl.java:<init>(95)) - 6ce6840f-3bb0-4d7d-8406-ba4a40805123: new RaftServerImpl for group-20B8EE63C133:[6ce6840f-3bb0-4d7d-8406-ba4a40805123:192.168.157.219:39451, 7aa83ab1-477a-4917-a557-8c7bdb1dca7a:192.168.157.219:37869, 285d9e5f-8853-4762-b181-afacccda6eae:192.168.157.219:37993] with ContainerStateMachine:uninitialized
2019-09-17 11:37:06,394 [pool-47-thread-1] INFO  server.RaftServerConfigKeys (ConfUtils.java:logGet(43)) - raft.server.rpc.timeout.min = 5s (custom)
2019-09-17 11:37:06,395 [pool-47-thread-1] INFO  server.RaftServerConfigKeys (ConfUtils.java:logGet(43)) - raft.server.rpc.timeout.max = 5200ms (custom)
2019-09-17 11:37:06,395 [pool-47-thread-1] INFO  server.RaftServerConfigKeys (ConfUtils.java:logGet(43)) - raft.server.rpcslowness.timeout = 120s (custom)
2019-09-17 11:37:06,395 [pool-47-thread-1] INFO  server.RaftServerConfigKeys (ConfUtils.java:logGet(43)) - raft.server.sleep.deviation.threshold = 300 (default)
2019-09-17 11:37:06,395 [pool-47-thread-1] INFO  server.RaftServerConfigKeys (ConfUtils.java:logGet(43)) - raft.server.log.appender.install.snapshot.enabled = false (custom)
2019-09-17 11:37:06,395 [pool-47-thread-1] INFO  impl.RaftServerImpl (ServerState.java:<init>(103)) - 6ce6840f-3bb0-4d7d-8406-ba4a40805123@group-20B8EE63C133: ConfigurationManager, init=-1: [6ce6840f-3bb0-4d7d-8406-ba4a40805123:192.168.157.219:39451, 7aa83ab1-477a-4917-a557-8c7bdb1dca7a:192.168.157.219:37869, 285d9e5f-8853-4762-b181-afacccda6eae:192.168.157.219:37993], old=null, confs=<EMPTY_MAP>
2019-09-17 11:37:06,395 [pool-37-thread-1] INFO  impl.RaftServerImpl (RaftServerImpl.java:<init>(95)) - 7aa83ab1-477a-4917-a557-8c7bdb1dca7a: new RaftServerImpl for group-20B8EE63C133:[6ce6840f-3bb0-4d7d-8406-ba4a40805123:192.168.157.219:39451, 7aa83ab1-477a-4917-a557-8c7bdb1dca7a:192.168.157.219:37869, 285d9e5f-8853-4762-b181-afacccda6eae:192.168.157.219:37993] with ContainerStateMachine:uninitialized
2019-09-17 11:37:06,395 [pool-37-thread-1] INFO  server.RaftServerConfigKeys (ConfUtils.java:logGet(43)) - raft.server.rpc.timeout.min = 5s (custom)
2019-09-17 11:37:06,395 [pool-47-thread-1] INFO  server.RaftServerConfigKeys (ConfUtils.java:logGet(43)) - raft.server.storage.dir = [/tmp/workdir/hadoop-ozone/integration-test/target/test-dir/MiniOzoneClusterImpl-56be50ff-871f-410f-8770-4175db3196be/datanode-2/data/ratis] (custom)
2019-09-17 11:37:06,395 [pool-37-thread-1] INFO  server.RaftServerConfigKeys (ConfUtils.java:logGet(43)) - raft.server.rpc.timeout.max = 5200ms (custom)
2019-09-17 11:37:06,396 [pool-37-thread-1] INFO  server.RaftServerConfigKeys (ConfUtils.java:logGet(43)) - raft.server.rpcslowness.timeout = 120s (custom)
2019-09-17 11:37:06,396 [pool-47-thread-1] INFO  storage.RaftStorageDirectory (RaftStorageDirectory.java:analyzeStorage(246)) - The storage directory /tmp/workdir/hadoop-ozone/integration-test/target/test-dir/MiniOzoneClusterImpl-56be50ff-871f-410f-8770-4175db3196be/datanode-2/data/ratis/4277dbd7-9b59-4e2e-9a91-20b8ee63c133 does not exist. Creating ...
2019-09-17 11:37:06,396 [pool-37-thread-1] INFO  server.RaftServerConfigKeys (ConfUtils.java:logGet(43)) - raft.server.sleep.deviation.threshold = 300 (default)
2019-09-17 11:37:06,396 [pool-87-thread-1] INFO  impl.RaftServerImpl (RaftServerImpl.java:<init>(95)) - 285d9e5f-8853-4762-b181-afacccda6eae: new RaftServerImpl for group-20B8EE63C133:[6ce6840f-3bb0-4d7d-8406-ba4a40805123:192.168.157.219:39451, 7aa83ab1-477a-4917-a557-8c7bdb1dca7a:192.168.157.219:37869, 285d9e5f-8853-4762-b181-afacccda6eae:192.168.157.219:37993] with ContainerStateMachine:uninitialized
2019-09-17 11:37:06,396 [pool-37-thread-1] INFO  server.RaftServerConfigKeys (ConfUtils.java:logGet(43)) - raft.server.log.appender.install.snapshot.enabled = false (custom)
2019-09-17 11:37:06,396 [pool-87-thread-1] INFO  server.RaftServerConfigKeys (ConfUtils.java:logGet(43)) - raft.server.rpc.timeout.min = 5s (custom)
2019-09-17 11:37:06,396 [pool-37-thread-1] INFO  impl.RaftServerImpl (ServerState.java:<init>(103)) - 7aa83ab1-477a-4917-a557-8c7bdb1dca7a@group-20B8EE63C133: ConfigurationManager, init=-1: [6ce6840f-3bb0-4d7d-8406-ba4a40805123:192.168.157.219:39451, 7aa83ab1-477a-4917-a557-8c7bdb1dca7a:192.168.157.219:37869, 285d9e5f-8853-4762-b181-afacccda6eae:192.168.157.219:37993], old=null, confs=<EMPTY_MAP>
2019-09-17 11:37:06,396 [pool-87-thread-1] INFO  server.RaftServerConfigKeys (ConfUtils.java:logGet(43)) - raft.server.rpc.timeout.max = 5200ms (custom)
2019-09-17 11:37:06,397 [pool-37-thread-1] INFO  server.RaftServerConfigKeys (ConfUtils.java:logGet(43)) - raft.server.storage.dir = [/tmp/workdir/hadoop-ozone/integration-test/target/test-dir/MiniOzoneClusterImpl-56be50ff-871f-410f-8770-4175db3196be/datanode-1/data/ratis] (custom)
2019-09-17 11:37:06,397 [pool-87-thread-1] INFO  server.RaftServerConfigKeys (ConfUtils.java:logGet(43)) - raft.server.rpcslowness.timeout = 120s (custom)
2019-09-17 11:37:06,397 [pool-87-thread-1] INFO  server.RaftServerConfigKeys (ConfUtils.java:logGet(43)) - raft.server.sleep.deviation.threshold = 300 (default)
2019-09-17 11:37:06,397 [pool-87-thread-1] INFO  server.RaftServerConfigKeys (ConfUtils.java:logGet(43)) - raft.server.log.appender.install.snapshot.enabled = false (custom)
2019-09-17 11:37:06,397 [pool-37-thread-1] INFO  storage.RaftStorageDirectory (RaftStorageDirectory.java:analyzeStorage(246)) - The storage directory /tmp/workdir/hadoop-ozone/integration-test/target/test-dir/MiniOzoneClusterImpl-56be50ff-871f-410f-8770-4175db3196be/datanode-1/data/ratis/4277dbd7-9b59-4e2e-9a91-20b8ee63c133 does not exist. Creating ...
2019-09-17 11:37:06,397 [pool-87-thread-1] INFO  impl.RaftServerImpl (ServerState.java:<init>(103)) - 285d9e5f-8853-4762-b181-afacccda6eae@group-20B8EE63C133: ConfigurationManager, init=-1: [6ce6840f-3bb0-4d7d-8406-ba4a40805123:192.168.157.219:39451, 7aa83ab1-477a-4917-a557-8c7bdb1dca7a:192.168.157.219:37869, 285d9e5f-8853-4762-b181-afacccda6eae:192.168.157.219:37993], old=null, confs=<EMPTY_MAP>
2019-09-17 11:37:06,397 [pool-87-thread-1] INFO  server.RaftServerConfigKeys (ConfUtils.java:logGet(43)) - raft.server.storage.dir = [/tmp/workdir/hadoop-ozone/integration-test/target/test-dir/MiniOzoneClusterImpl-56be50ff-871f-410f-8770-4175db3196be/datanode-6/data/ratis] (custom)
2019-09-17 11:37:06,398 [pool-87-thread-1] INFO  storage.RaftStorageDirectory (RaftStorageDirectory.java:analyzeStorage(246)) - The storage directory /tmp/workdir/hadoop-ozone/integration-test/target/test-dir/MiniOzoneClusterImpl-56be50ff-871f-410f-8770-4175db3196be/datanode-6/data/ratis/4277dbd7-9b59-4e2e-9a91-20b8ee63c133 does not exist. Creating ...
2019-09-17 11:37:06,410 [pool-87-thread-1] INFO  storage.RaftStorageDirectory (RaftStorageDirectory.java:tryLock(328)) - Lock on /tmp/workdir/hadoop-ozone/integration-test/target/test-dir/MiniOzoneClusterImpl-56be50ff-871f-410f-8770-4175db3196be/datanode-6/data/ratis/4277dbd7-9b59-4e2e-9a91-20b8ee63c133/in_use.lock acquired by nodename 24557@pr-hdds-2121-5jcdq-2838215776
2019-09-17 11:37:06,410 [pool-37-thread-1] INFO  storage.RaftStorageDirectory (RaftStorageDirectory.java:tryLock(328)) - Lock on /tmp/workdir/hadoop-ozone/integration-test/target/test-dir/MiniOzoneClusterImpl-56be50ff-871f-410f-8770-4175db3196be/datanode-1/data/ratis/4277dbd7-9b59-4e2e-9a91-20b8ee63c133/in_use.lock acquired by nodename 24557@pr-hdds-2121-5jcdq-2838215776
2019-09-17 11:37:06,410 [pool-47-thread-1] INFO  storage.RaftStorageDirectory (RaftStorageDirectory.java:tryLock(328)) - Lock on /tmp/workdir/hadoop-ozone/integration-test/target/test-dir/MiniOzoneClusterImpl-56be50ff-871f-410f-8770-4175db3196be/datanode-2/data/ratis/4277dbd7-9b59-4e2e-9a91-20b8ee63c133/in_use.lock acquired by nodename 24557@pr-hdds-2121-5jcdq-2838215776
2019-09-17 11:37:06,423 [pool-37-thread-1] INFO  storage.RaftStorage (RaftStorage.java:format(72)) - Storage directory /tmp/workdir/hadoop-ozone/integration-test/target/test-dir/MiniOzoneClusterImpl-56be50ff-871f-410f-8770-4175db3196be/datanode-1/data/ratis/4277dbd7-9b59-4e2e-9a91-20b8ee63c133 has been successfully formatted.
2019-09-17 11:37:06,423 [pool-87-thread-1] INFO  storage.RaftStorage (RaftStorage.java:format(72)) - Storage directory /tmp/workdir/hadoop-ozone/integration-test/target/test-dir/MiniOzoneClusterImpl-56be50ff-871f-410f-8770-4175db3196be/datanode-6/data/ratis/4277dbd7-9b59-4e2e-9a91-20b8ee63c133 has been successfully formatted.
2019-09-17 11:37:06,423 [pool-47-thread-1] INFO  storage.RaftStorage (RaftStorage.java:format(72)) - Storage directory /tmp/workdir/hadoop-ozone/integration-test/target/test-dir/MiniOzoneClusterImpl-56be50ff-871f-410f-8770-4175db3196be/datanode-2/data/ratis/4277dbd7-9b59-4e2e-9a91-20b8ee63c133 has been successfully formatted.
2019-09-17 11:37:06,424 [pool-87-thread-1] INFO  ratis.ContainerStateMachine (ContainerStateMachine.java:loadSnapshot(230)) - group-20B8EE63C133: The snapshot info is null. Setting the last applied indexto:(t:0, i:~)
2019-09-17 11:37:06,424 [pool-37-thread-1] INFO  ratis.ContainerStateMachine (ContainerStateMachine.java:loadSnapshot(230)) - group-20B8EE63C133: The snapshot info is null. Setting the last applied indexto:(t:0, i:~)
2019-09-17 11:37:06,424 [pool-87-thread-1] INFO  server.RaftServerConfigKeys (ConfUtils.java:logGet(43)) - raft.server.notification.no-leader.timeout = 120s (custom)
2019-09-17 11:37:06,424 [pool-47-thread-1] INFO  ratis.ContainerStateMachine (ContainerStateMachine.java:loadSnapshot(230)) - group-20B8EE63C133: The snapshot info is null. Setting the last applied indexto:(t:0, i:~)
2019-09-17 11:37:06,424 [pool-87-thread-1] INFO  server.RaftServerConfigKeys (ConfUtils.java:logGet(43)) - raft.server.log.use.memory = false (default)
2019-09-17 11:37:06,424 [pool-37-thread-1] INFO  server.RaftServerConfigKeys (ConfUtils.java:logGet(43)) - raft.server.notification.no-leader.timeout = 120s (custom)
2019-09-17 11:37:06,424 [pool-87-thread-1] INFO  server.RaftServerConfigKeys (ConfUtils.java:logGet(43)) - raft.server.log.purge.gap = 1000000 (custom)
2019-09-17 11:37:06,424 [pool-47-thread-1] INFO  server.RaftServerConfigKeys (ConfUtils.java:logGet(43)) - raft.server.notification.no-leader.timeout = 120s (custom)
2019-09-17 11:37:06,425 [pool-87-thread-1] INFO  server.RaftServerConfigKeys (ConfUtils.java:logGet(43)) - raft.server.log.appender.buffer.byte-limit = 33554432 (custom)
2019-09-17 11:37:06,424 [pool-37-thread-1] INFO  server.RaftServerConfigKeys (ConfUtils.java:logGet(43)) - raft.server.log.use.memory = false (default)
2019-09-17 11:37:06,425 [pool-87-thread-1] INFO  server.RaftServerConfigKeys (ConfUtils.java:logGet(43)) - raft.server.log.segment.size.max = 1048576 (custom)
2019-09-17 11:37:06,425 [pool-47-thread-1] INFO  server.RaftServerConfigKeys (ConfUtils.java:logGet(43)) - raft.server.log.use.memory = false (default)
2019-09-17 11:37:06,425 [pool-87-thread-1] INFO  server.RaftServerConfigKeys (ConfUtils.java:logGet(43)) - raft.server.log.segment.cache.num.max = 2 (custom)
2019-09-17 11:37:06,425 [pool-37-thread-1] INFO  server.RaftServerConfigKeys (ConfUtils.java:logGet(43)) - raft.server.log.purge.gap = 1000000 (custom)
2019-09-17 11:37:06,425 [pool-87-thread-1] INFO  segmented.SegmentedRaftLogWorker (SegmentedRaftLogWorker.java:<init>(172)) - new 285d9e5f-8853-4762-b181-afacccda6eae@group-20B8EE63C133-SegmentedRaftLogWorker for RaftStorage:Storage Directory /tmp/workdir/hadoop-ozone/integration-test/target/test-dir/MiniOzoneClusterImpl-56be50ff-871f-410f-8770-4175db3196be/datanode-6/data/ratis/4277dbd7-9b59-4e2e-9a91-20b8ee63c133
2019-09-17 11:37:06,425 [pool-47-thread-1] INFO  server.RaftServerConfigKeys (ConfUtils.java:logGet(43)) - raft.server.log.purge.gap = 1000000 (custom)
2019-09-17 11:37:06,425 [pool-87-thread-1] INFO  server.RaftServerConfigKeys (ConfUtils.java:logGet(43)) - raft.server.log.queue.byte-limit = 2147483647 (custom)
2019-09-17 11:37:06,425 [pool-37-thread-1] INFO  server.RaftServerConfigKeys (ConfUtils.java:logGet(43)) - raft.server.log.appender.buffer.byte-limit = 33554432 (custom)
2019-09-17 11:37:06,426 [pool-87-thread-1] INFO  server.RaftServerConfigKeys (ConfUtils.java:logGet(43)) - raft.server.log.queue.element-limit = 1024 (custom)
2019-09-17 11:37:06,425 [pool-47-thread-1] INFO  server.RaftServerConfigKeys (ConfUtils.java:logGet(43)) - raft.server.log.appender.buffer.byte-limit = 33554432 (custom)
2019-09-17 11:37:06,426 [pool-87-thread-1] INFO  server.RaftServerConfigKeys (ConfUtils.java:logGet(43)) - raft.server.log.segment.size.max = 1048576 (custom)
2019-09-17 11:37:06,426 [pool-37-thread-1] INFO  server.RaftServerConfigKeys (ConfUtils.java:logGet(43)) - raft.server.log.segment.size.max = 1048576 (custom)
2019-09-17 11:37:06,426 [pool-87-thread-1] INFO  server.RaftServerConfigKeys (ConfUtils.java:logGet(43)) - raft.server.log.preallocated.size = 16384 (custom)
2019-09-17 11:37:06,426 [pool-47-thread-1] INFO  server.RaftServerConfigKeys (ConfUtils.java:logGet(43)) - raft.server.log.segment.size.max = 1048576 (custom)
2019-09-17 11:37:06,426 [pool-87-thread-1] INFO  server.RaftServerConfigKeys (ConfUtils.java:logGet(43)) - raft.server.log.write.buffer.size = 33554432 (custom)
2019-09-17 11:37:06,426 [pool-37-thread-1] INFO  server.RaftServerConfigKeys (ConfUtils.java:logGet(43)) - raft.server.log.segment.cache.num.max = 2 (custom)
2019-09-17 11:37:06,426 [pool-87-thread-1] INFO  server.RaftServerConfigKeys (ConfUtils.java:logGet(43)) - raft.server.log.force.sync.num = 128 (default)
2019-09-17 11:37:06,426 [pool-47-thread-1] INFO  server.RaftServerConfigKeys (ConfUtils.java:logGet(43)) - raft.server.log.segment.cache.num.max = 2 (custom)
2019-09-17 11:37:06,427 [pool-87-thread-1] INFO  server.RaftServerConfigKeys (ConfUtils.java:logGet(43)) - raft.server.log.statemachine.data.sync = true (default)
2019-09-17 11:37:06,426 [pool-37-thread-1] INFO  segmented.SegmentedRaftLogWorker (SegmentedRaftLogWorker.java:<init>(172)) - new 7aa83ab1-477a-4917-a557-8c7bdb1dca7a@group-20B8EE63C133-SegmentedRaftLogWorker for RaftStorage:Storage Directory /tmp/workdir/hadoop-ozone/integration-test/target/test-dir/MiniOzoneClusterImpl-56be50ff-871f-410f-8770-4175db3196be/datanode-1/data/ratis/4277dbd7-9b59-4e2e-9a91-20b8ee63c133
2019-09-17 11:37:06,427 [pool-87-thread-1] INFO  server.RaftServerConfigKeys (ConfUtils.java:logGet(43)) - raft.server.log.statemachine.data.sync.timeout = 10s (default)
2019-09-17 11:37:06,427 [pool-47-thread-1] INFO  segmented.SegmentedRaftLogWorker (SegmentedRaftLogWorker.java:<init>(172)) - new 6ce6840f-3bb0-4d7d-8406-ba4a40805123@group-20B8EE63C133-SegmentedRaftLogWorker for RaftStorage:Storage Directory /tmp/workdir/hadoop-ozone/integration-test/target/test-dir/MiniOzoneClusterImpl-56be50ff-871f-410f-8770-4175db3196be/datanode-2/data/ratis/4277dbd7-9b59-4e2e-9a91-20b8ee63c133
2019-09-17 11:37:06,427 [pool-87-thread-1] INFO  server.RaftServerConfigKeys (ConfUtils.java:logGet(43)) - raft.server.log.statemachine.data.sync.timeout.retry = -1 (default)
2019-09-17 11:37:06,427 [pool-37-thread-1] INFO  server.RaftServerConfigKeys (ConfUtils.java:logGet(43)) - raft.server.log.queue.byte-limit = 2147483647 (custom)
2019-09-17 11:37:06,427 [pool-87-thread-1] INFO  server.RaftServerConfigKeys (ConfUtils.java:logGet(43)) - raft.server.log.statemachine.data.caching.enabled = true (custom)
2019-09-17 11:37:06,427 [pool-47-thread-1] INFO  server.RaftServerConfigKeys (ConfUtils.java:logGet(43)) - raft.server.log.queue.byte-limit = 2147483647 (custom)
2019-09-17 11:37:06,427 [pool-37-thread-1] INFO  server.RaftServerConfigKeys (ConfUtils.java:logGet(43)) - raft.server.log.queue.element-limit = 1024 (custom)
2019-09-17 11:37:06,428 [pool-87-thread-1] INFO  segmented.SegmentedRaftLogWorker (SegmentedRaftLogWorker.java:lambda$new$0(132)) - 285d9e5f-8853-4762-b181-afacccda6eae@group-20B8EE63C133-SegmentedRaftLogWorker: flushIndex: setUnconditionally 0 -> -1
2019-09-17 11:37:06,428 [pool-47-thread-1] INFO  server.RaftServerConfigKeys (ConfUtils.java:logGet(43)) - raft.server.log.queue.element-limit = 1024 (custom)
2019-09-17 11:37:06,428 [pool-37-thread-1] INFO  server.RaftServerConfigKeys (ConfUtils.java:logGet(43)) - raft.server.log.segment.size.max = 1048576 (custom)
2019-09-17 11:37:06,428 [pool-87-thread-1] INFO  server.RaftServerConfigKeys (ConfUtils.java:logGet(43)) - raft.server.snapshot.auto.trigger.enabled = true (custom)
2019-09-17 11:37:06,428 [pool-47-thread-1] INFO  server.RaftServerConfigKeys (ConfUtils.java:logGet(43)) - raft.server.log.segment.size.max = 1048576 (custom)
2019-09-17 11:37:06,428 [pool-87-thread-1] INFO  server.RaftServerConfigKeys (ConfUtils.java:logGet(43)) - raft.server.snapshot.auto.trigger.threshold = 10000 (custom)
2019-09-17 11:37:06,428 [pool-37-thread-1] INFO  server.RaftServerConfigKeys (ConfUtils.java:logGet(43)) - raft.server.log.preallocated.size = 16384 (custom)
2019-09-17 11:37:06,428 [pool-87-thread-1] INFO  server.RaftServerConfigKeys (ConfUtils.java:logGet(43)) - raft.server.snapshot.retention.num.files = 5 (custom)
2019-09-17 11:37:06,428 [pool-47-thread-1] INFO  server.RaftServerConfigKeys (ConfUtils.java:logGet(43)) - raft.server.log.preallocated.size = 16384 (custom)
2019-09-17 11:37:06,429 [pool-87-thread-1] INFO  server.RaftServerConfigKeys (ConfUtils.java:logGet(43)) - raft.server.retrycache.expirytime = 600000ms (custom)
2019-09-17 11:37:06,428 [pool-37-thread-1] INFO  server.RaftServerConfigKeys (ConfUtils.java:logGet(43)) - raft.server.log.write.buffer.size = 33554432 (custom)
2019-09-17 11:37:06,429 [pool-47-thread-1] INFO  server.RaftServerConfigKeys (ConfUtils.java:logGet(43)) - raft.server.log.write.buffer.size = 33554432 (custom)
2019-09-17 11:37:06,429 [pool-37-thread-1] INFO  server.RaftServerConfigKeys (ConfUtils.java:logGet(43)) - raft.server.log.force.sync.num = 128 (default)
2019-09-17 11:37:06,429 [pool-47-thread-1] INFO  server.RaftServerConfigKeys (ConfUtils.java:logGet(43)) - raft.server.log.force.sync.num = 128 (default)
2019-09-17 11:37:06,429 [pool-37-thread-1] INFO  server.RaftServerConfigKeys (ConfUtils.java:logGet(43)) - raft.server.log.statemachine.data.sync = true (default)
2019-09-17 11:37:06,429 [pool-47-thread-1] INFO  server.RaftServerConfigKeys (ConfUtils.java:logGet(43)) - raft.server.log.statemachine.data.sync = true (default)
2019-09-17 11:37:06,429 [pool-37-thread-1] INFO  server.RaftServerConfigKeys (ConfUtils.java:logGet(43)) - raft.server.log.statemachine.data.sync.timeout = 10s (default)
2019-09-17 11:37:06,429 [pool-47-thread-1] INFO  server.RaftServerConfigKeys (ConfUtils.java:logGet(43)) - raft.server.log.statemachine.data.sync.timeout = 10s (default)
2019-09-17 11:37:06,429 [pool-37-thread-1] INFO  server.RaftServerConfigKeys (ConfUtils.java:logGet(43)) - raft.server.log.statemachine.data.sync.timeout.retry = -1 (default)
2019-09-17 11:37:06,430 [pool-47-thread-1] INFO  server.RaftServerConfigKeys (ConfUtils.java:logGet(43)) - raft.server.log.statemachine.data.sync.timeout.retry = -1 (default)
2019-09-17 11:37:06,430 [pool-37-thread-1] INFO  server.RaftServerConfigKeys (ConfUtils.java:logGet(43)) - raft.server.log.statemachine.data.caching.enabled = true (custom)
2019-09-17 11:37:06,430 [pool-47-thread-1] INFO  server.RaftServerConfigKeys (ConfUtils.java:logGet(43)) - raft.server.log.statemachine.data.caching.enabled = true (custom)
2019-09-17 11:37:06,430 [pool-37-thread-1] INFO  segmented.SegmentedRaftLogWorker (SegmentedRaftLogWorker.java:lambda$new$0(132)) - 7aa83ab1-477a-4917-a557-8c7bdb1dca7a@group-20B8EE63C133-SegmentedRaftLogWorker: flushIndex: setUnconditionally 0 -> -1
2019-09-17 11:37:06,430 [pool-47-thread-1] INFO  segmented.SegmentedRaftLogWorker (SegmentedRaftLogWorker.java:lambda$new$0(132)) - 6ce6840f-3bb0-4d7d-8406-ba4a40805123@group-20B8EE63C133-SegmentedRaftLogWorker: flushIndex: setUnconditionally 0 -> -1
2019-09-17 11:37:06,430 [pool-37-thread-1] INFO  server.RaftServerConfigKeys (ConfUtils.java:logGet(43)) - raft.server.snapshot.auto.trigger.enabled = true (custom)
2019-09-17 11:37:06,431 [pool-47-thread-1] INFO  server.RaftServerConfigKeys (ConfUtils.java:logGet(43)) - raft.server.snapshot.auto.trigger.enabled = true (custom)
2019-09-17 11:37:06,431 [pool-37-thread-1] INFO  server.RaftServerConfigKeys (ConfUtils.java:logGet(43)) - raft.server.snapshot.auto.trigger.threshold = 10000 (custom)
2019-09-17 11:37:06,431 [pool-47-thread-1] INFO  server.RaftServerConfigKeys (ConfUtils.java:logGet(43)) - raft.server.snapshot.auto.trigger.threshold = 10000 (custom)
2019-09-17 11:37:06,431 [pool-37-thread-1] INFO  server.RaftServerConfigKeys (ConfUtils.java:logGet(43)) - raft.server.snapshot.retention.num.files = 5 (custom)
2019-09-17 11:37:06,431 [pool-47-thread-1] INFO  server.RaftServerConfigKeys (ConfUtils.java:logGet(43)) - raft.server.snapshot.retention.num.files = 5 (custom)
2019-09-17 11:37:06,431 [pool-37-thread-1] INFO  server.RaftServerConfigKeys (ConfUtils.java:logGet(43)) - raft.server.retrycache.expirytime = 600000ms (custom)
2019-09-17 11:37:06,431 [pool-47-thread-1] INFO  server.RaftServerConfigKeys (ConfUtils.java:logGet(43)) - raft.server.retrycache.expirytime = 600000ms (custom)
2019-09-17 11:37:06,432 [pool-87-thread-1] INFO  impl.RaftServerImpl (RaftServerImpl.java:start(185)) - 285d9e5f-8853-4762-b181-afacccda6eae@group-20B8EE63C133: start as a follower, conf=-1: [6ce6840f-3bb0-4d7d-8406-ba4a40805123:192.168.157.219:39451, 7aa83ab1-477a-4917-a557-8c7bdb1dca7a:192.168.157.219:37869, 285d9e5f-8853-4762-b181-afacccda6eae:192.168.157.219:37993], old=null
2019-09-17 11:37:06,432 [pool-87-thread-1] INFO  impl.RaftServerImpl (RaftServerImpl.java:setRole(174)) - 285d9e5f-8853-4762-b181-afacccda6eae@group-20B8EE63C133: changes role from      null to FOLLOWER at term 0 for startAsFollower
2019-09-17 11:37:06,432 [pool-87-thread-1] INFO  impl.RoleInfo (RoleInfo.java:updateAndGet(143)) - 285d9e5f-8853-4762-b181-afacccda6eae: start FollowerState
2019-09-17 11:37:06,433 [pool-87-thread-1] INFO  util.JmxRegister (JmxRegister.java:tryRegister(44)) - Successfully registered JMX Bean with object name Ratis:service=RaftServer,group=group-20B8EE63C133,id=285d9e5f-8853-4762-b181-afacccda6eae
2019-09-17 11:37:06,435 [pool-37-thread-1] INFO  impl.RaftServerImpl (RaftServerImpl.java:start(185)) - 7aa83ab1-477a-4917-a557-8c7bdb1dca7a@group-20B8EE63C133: start as a follower, conf=-1: [6ce6840f-3bb0-4d7d-8406-ba4a40805123:192.168.157.219:39451, 7aa83ab1-477a-4917-a557-8c7bdb1dca7a:192.168.157.219:37869, 285d9e5f-8853-4762-b181-afacccda6eae:192.168.157.219:37993], old=null
2019-09-17 11:37:06,435 [pool-37-thread-1] INFO  impl.RaftServerImpl (RaftServerImpl.java:setRole(174)) - 7aa83ab1-477a-4917-a557-8c7bdb1dca7a@group-20B8EE63C133: changes role from      null to FOLLOWER at term 0 for startAsFollower
2019-09-17 11:37:06,436 [pool-37-thread-1] INFO  impl.RoleInfo (RoleInfo.java:updateAndGet(143)) - 7aa83ab1-477a-4917-a557-8c7bdb1dca7a: start FollowerState
2019-09-17 11:37:06,436 [pool-47-thread-1] INFO  impl.RaftServerImpl (RaftServerImpl.java:start(185)) - 6ce6840f-3bb0-4d7d-8406-ba4a40805123@group-20B8EE63C133: start as a follower, conf=-1: [6ce6840f-3bb0-4d7d-8406-ba4a40805123:192.168.157.219:39451, 7aa83ab1-477a-4917-a557-8c7bdb1dca7a:192.168.157.219:37869, 285d9e5f-8853-4762-b181-afacccda6eae:192.168.157.219:37993], old=null
2019-09-17 11:37:06,436 [pool-47-thread-1] INFO  impl.RaftServerImpl (RaftServerImpl.java:setRole(174)) - 6ce6840f-3bb0-4d7d-8406-ba4a40805123@group-20B8EE63C133: changes role from      null to FOLLOWER at term 0 for startAsFollower
2019-09-17 11:37:06,436 [pool-37-thread-1] INFO  util.JmxRegister (JmxRegister.java:tryRegister(44)) - Successfully registered JMX Bean with object name Ratis:service=RaftServer,group=group-20B8EE63C133,id=7aa83ab1-477a-4917-a557-8c7bdb1dca7a
2019-09-17 11:37:06,436 [pool-47-thread-1] INFO  impl.RoleInfo (RoleInfo.java:updateAndGet(143)) - 6ce6840f-3bb0-4d7d-8406-ba4a40805123: start FollowerState
2019-09-17 11:37:06,437 [pool-47-thread-1] INFO  util.JmxRegister (JmxRegister.java:tryRegister(44)) - Successfully registered JMX Bean with object name Ratis:service=RaftServer,group=group-20B8EE63C133,id=6ce6840f-3bb0-4d7d-8406-ba4a40805123
2019-09-17 11:37:06,438 [RatisPipelineUtilsThread] INFO  pipeline.PipelineStateManager (PipelineStateManager.java:addPipeline(56)) - Created pipeline Pipeline[ Id: 4277dbd7-9b59-4e2e-9a91-20b8ee63c133, Nodes: 285d9e5f-8853-4762-b181-afacccda6eae{ip: 192.168.157.219, host: pr-hdds-2121-5jcdq-2838215776, networkLocation: /default-rack, certSerialId: null}6ce6840f-3bb0-4d7d-8406-ba4a40805123{ip: 192.168.157.219, host: pr-hdds-2121-5jcdq-2838215776, networkLocation: /default-rack, certSerialId: null}7aa83ab1-477a-4917-a557-8c7bdb1dca7a{ip: 192.168.157.219, host: pr-hdds-2121-5jcdq-2838215776, networkLocation: /default-rack, certSerialId: null}, Type:RATIS, Factor:THREE, State:OPEN]
2019-09-17 11:37:07,366 [main] WARN  io.KeyOutputStream (KeyOutputStream.java:handleException(276)) - Encountered exception java.io.IOException: Unexpected Storage Container Exception: java.util.concurrent.CompletionException: java.util.concurrent.CompletionException: org.apache.ratis.protocol.GroupMismatchException: 7aa83ab1-477a-4917-a557-8c7bdb1dca7a: group-4817D3A8AAC5 not found. on the pipeline Pipeline[ Id: ced6bf12-8106-4dd4-a459-4817d3a8aac5, Nodes: 285d9e5f-8853-4762-b181-afacccda6eae{ip: 192.168.157.219, host: pr-hdds-2121-5jcdq-2838215776, networkLocation: /default-rack, certSerialId: null}6ce6840f-3bb0-4d7d-8406-ba4a40805123{ip: 192.168.157.219, host: pr-hdds-2121-5jcdq-2838215776, networkLocation: /default-rack, certSerialId: null}7aa83ab1-477a-4917-a557-8c7bdb1dca7a{ip: 192.168.157.219, host: pr-hdds-2121-5jcdq-2838215776, networkLocation: /default-rack, certSerialId: null}, Type:RATIS, Factor:THREE, State:OPEN]. The last committed block length is 0, uncommitted data length is 400 retry count 0
2019-09-17 11:37:07,414 [grpc-default-executor-8] INFO  client.GrpcClientProtocolClient (GrpcClientProtocolClient.java:onNext(264)) - client-78809F3E841A->285d9e5f-8853-4762-b181-afacccda6eae: receive RaftClientReply:client-78809F3E841A->285d9e5f-8853-4762-b181-afacccda6eae@group-20B8EE63C133, cid=36, FAILED org.apache.ratis.protocol.NotLeaderException: Server 285d9e5f-8853-4762-b181-afacccda6eae@group-20B8EE63C133 is not the leader, logIndex=0, commits[285d9e5f-8853-4762-b181-afacccda6eae:c-1]
2019-09-17 11:37:08,057 [grpc-default-executor-9] INFO  impl.RaftServerProxy (RaftServerProxy.java:remove(95)) - 285d9e5f-8853-4762-b181-afacccda6eae: remove group-4817D3A8AAC5:null
2019-09-17 11:37:08,063 [RatisPipelineUtilsThread] WARN  pipeline.RatisPipelineUtils (RatisPipelineUtils.java:destroyPipeline(66)) - Pipeline destroy failed for pipeline=PipelineID=ced6bf12-8106-4dd4-a459-4817d3a8aac5 dn=285d9e5f-8853-4762-b181-afacccda6eae{ip: 192.168.157.219, host: pr-hdds-2121-5jcdq-2838215776, networkLocation: /default-rack, certSerialId: null}
2019-09-17 11:37:08,068 [grpc-default-executor-9] INFO  impl.RaftServerProxy (RaftServerProxy.java:remove(95)) - 6ce6840f-3bb0-4d7d-8406-ba4a40805123: remove group-4817D3A8AAC5:null
2019-09-17 11:37:08,073 [RatisPipelineUtilsThread] WARN  pipeline.RatisPipelineUtils (RatisPipelineUtils.java:destroyPipeline(66)) - Pipeline destroy failed for pipeline=PipelineID=ced6bf12-8106-4dd4-a459-4817d3a8aac5 dn=6ce6840f-3bb0-4d7d-8406-ba4a40805123{ip: 192.168.157.219, host: pr-hdds-2121-5jcdq-2838215776, networkLocation: /default-rack, certSerialId: null}
2019-09-17 11:37:08,077 [grpc-default-executor-9] INFO  impl.RaftServerProxy (RaftServerProxy.java:remove(95)) - 7aa83ab1-477a-4917-a557-8c7bdb1dca7a: remove group-4817D3A8AAC5:null
2019-09-17 11:37:08,081 [RatisPipelineUtilsThread] WARN  pipeline.RatisPipelineUtils (RatisPipelineUtils.java:destroyPipeline(66)) - Pipeline destroy failed for pipeline=PipelineID=ced6bf12-8106-4dd4-a459-4817d3a8aac5 dn=7aa83ab1-477a-4917-a557-8c7bdb1dca7a{ip: 192.168.157.219, host: pr-hdds-2121-5jcdq-2838215776, networkLocation: /default-rack, certSerialId: null}
2019-09-17 11:37:08,081 [RatisPipelineUtilsThread] ERROR pipeline.SCMPipelineManager (Scheduler.java:lambda$schedule$1(70)) - Destroy pipeline failed for pipeline:Pipeline[ Id: ced6bf12-8106-4dd4-a459-4817d3a8aac5, Nodes: 285d9e5f-8853-4762-b181-afacccda6eae{ip: 192.168.157.219, host: pr-hdds-2121-5jcdq-2838215776, networkLocation: /default-rack, certSerialId: null}6ce6840f-3bb0-4d7d-8406-ba4a40805123{ip: 192.168.157.219, host: pr-hdds-2121-5jcdq-2838215776, networkLocation: /default-rack, certSerialId: null}7aa83ab1-477a-4917-a557-8c7bdb1dca7a{ip: 192.168.157.219, host: pr-hdds-2121-5jcdq-2838215776, networkLocation: /default-rack, certSerialId: null}, Type:RATIS, Factor:THREE, State:CLOSED]
org.apache.hadoop.hdds.scm.pipeline.PipelineNotFoundException: PipelineID=ced6bf12-8106-4dd4-a459-4817d3a8aac5 not found
	at org.apache.hadoop.hdds.scm.pipeline.PipelineStateMap.getPipeline(PipelineStateMap.java:132)
	at org.apache.hadoop.hdds.scm.pipeline.PipelineStateMap.removePipeline(PipelineStateMap.java:322)
	at org.apache.hadoop.hdds.scm.pipeline.PipelineStateManager.removePipeline(PipelineStateManager.java:107)
	at org.apache.hadoop.hdds.scm.pipeline.SCMPipelineManager.removePipeline(SCMPipelineManager.java:423)
	at org.apache.hadoop.hdds.scm.pipeline.SCMPipelineManager.destroyPipeline(SCMPipelineManager.java:409)
	at org.apache.hadoop.hdds.scm.pipeline.SCMPipelineManager.lambda$finalizeAndDestroyPipeline$0(SCMPipelineManager.java:318)
	at org.apache.hadoop.utils.Scheduler.lambda$schedule$1(Scheduler.java:68)
	at java.util.concurrent.Executors$RunnableAdapter.call(Executors.java:511)
	at java.util.concurrent.FutureTask.run(FutureTask.java:266)
	at java.util.concurrent.ScheduledThreadPoolExecutor$ScheduledFutureTask.access$201(ScheduledThreadPoolExecutor.java:180)
	at java.util.concurrent.ScheduledThreadPoolExecutor$ScheduledFutureTask.run(ScheduledThreadPoolExecutor.java:293)
	at java.util.concurrent.ThreadPoolExecutor.runWorker(ThreadPoolExecutor.java:1149)
	at java.util.concurrent.ThreadPoolExecutor$Worker.run(ThreadPoolExecutor.java:624)
	at java.lang.Thread.run(Thread.java:748)
2019-09-17 11:37:08,434 [grpc-default-executor-9] INFO  client.GrpcClientProtocolClient (GrpcClientProtocolClient.java:onNext(264)) - client-78809F3E841A->7aa83ab1-477a-4917-a557-8c7bdb1dca7a: receive RaftClientReply:client-78809F3E841A->7aa83ab1-477a-4917-a557-8c7bdb1dca7a@group-20B8EE63C133, cid=36, FAILED org.apache.ratis.protocol.NotLeaderException: Server 7aa83ab1-477a-4917-a557-8c7bdb1dca7a@group-20B8EE63C133 is not the leader, logIndex=0, commits[7aa83ab1-477a-4917-a557-8c7bdb1dca7a:c-1]
2019-09-17 11:37:09,456 [grpc-default-executor-8] INFO  client.GrpcClientProtocolClient (GrpcClientProtocolClient.java:onNext(264)) - client-78809F3E841A->6ce6840f-3bb0-4d7d-8406-ba4a40805123: receive RaftClientReply:client-78809F3E841A->6ce6840f-3bb0-4d7d-8406-ba4a40805123@group-20B8EE63C133, cid=36, FAILED org.apache.ratis.protocol.NotLeaderException: Server 6ce6840f-3bb0-4d7d-8406-ba4a40805123@group-20B8EE63C133 is not the leader, logIndex=0, commits[6ce6840f-3bb0-4d7d-8406-ba4a40805123:c-1]
2019-09-17 11:37:10,087 [grpc-default-executor-9] INFO  impl.RaftServerProxy (RaftServerProxy.java:remove(95)) - 285d9e5f-8853-4762-b181-afacccda6eae: remove group-4817D3A8AAC5:null
2019-09-17 11:37:10,094 [RatisPipelineUtilsThread] WARN  pipeline.RatisPipelineUtils (RatisPipelineUtils.java:destroyPipeline(66)) - Pipeline destroy failed for pipeline=PipelineID=ced6bf12-8106-4dd4-a459-4817d3a8aac5 dn=285d9e5f-8853-4762-b181-afacccda6eae{ip: 192.168.157.219, host: pr-hdds-2121-5jcdq-2838215776, networkLocation: /default-rack, certSerialId: null}
2019-09-17 11:37:10,100 [grpc-default-executor-9] INFO  impl.RaftServerProxy (RaftServerProxy.java:remove(95)) - 6ce6840f-3bb0-4d7d-8406-ba4a40805123: remove group-4817D3A8AAC5:null
2019-09-17 11:37:10,105 [RatisPipelineUtilsThread] WARN  pipeline.RatisPipelineUtils (RatisPipelineUtils.java:destroyPipeline(66)) - Pipeline destroy failed for pipeline=PipelineID=ced6bf12-8106-4dd4-a459-4817d3a8aac5 dn=6ce6840f-3bb0-4d7d-8406-ba4a40805123{ip: 192.168.157.219, host: pr-hdds-2121-5jcdq-2838215776, networkLocation: /default-rack, certSerialId: null}
2019-09-17 11:37:10,110 [grpc-default-executor-9] INFO  impl.RaftServerProxy (RaftServerProxy.java:remove(95)) - 7aa83ab1-477a-4917-a557-8c7bdb1dca7a: remove group-4817D3A8AAC5:null
2019-09-17 11:37:10,115 [RatisPipelineUtilsThread] WARN  pipeline.RatisPipelineUtils (RatisPipelineUtils.java:destroyPipeline(66)) - Pipeline destroy failed for pipeline=PipelineID=ced6bf12-8106-4dd4-a459-4817d3a8aac5 dn=7aa83ab1-477a-4917-a557-8c7bdb1dca7a{ip: 192.168.157.219, host: pr-hdds-2121-5jcdq-2838215776, networkLocation: /default-rack, certSerialId: null}
2019-09-17 11:37:10,115 [RatisPipelineUtilsThread] ERROR pipeline.SCMPipelineManager (Scheduler.java:lambda$schedule$1(70)) - Destroy pipeline failed for pipeline:Pipeline[ Id: ced6bf12-8106-4dd4-a459-4817d3a8aac5, Nodes: 285d9e5f-8853-4762-b181-afacccda6eae{ip: 192.168.157.219, host: pr-hdds-2121-5jcdq-2838215776, networkLocation: /default-rack, certSerialId: null}6ce6840f-3bb0-4d7d-8406-ba4a40805123{ip: 192.168.157.219, host: pr-hdds-2121-5jcdq-2838215776, networkLocation: /default-rack, certSerialId: null}7aa83ab1-477a-4917-a557-8c7bdb1dca7a{ip: 192.168.157.219, host: pr-hdds-2121-5jcdq-2838215776, networkLocation: /default-rack, certSerialId: null}, Type:RATIS, Factor:THREE, State:CLOSED]
org.apache.hadoop.hdds.scm.pipeline.PipelineNotFoundException: PipelineID=ced6bf12-8106-4dd4-a459-4817d3a8aac5 not found
	at org.apache.hadoop.hdds.scm.pipeline.PipelineStateMap.getPipeline(PipelineStateMap.java:132)
	at org.apache.hadoop.hdds.scm.pipeline.PipelineStateMap.removePipeline(PipelineStateMap.java:322)
	at org.apache.hadoop.hdds.scm.pipeline.PipelineStateManager.removePipeline(PipelineStateManager.java:107)
	at org.apache.hadoop.hdds.scm.pipeline.SCMPipelineManager.removePipeline(SCMPipelineManager.java:423)
	at org.apache.hadoop.hdds.scm.pipeline.SCMPipelineManager.destroyPipeline(SCMPipelineManager.java:409)
	at org.apache.hadoop.hdds.scm.pipeline.SCMPipelineManager.lambda$finalizeAndDestroyPipeline$0(SCMPipelineManager.java:318)
	at org.apache.hadoop.utils.Scheduler.lambda$schedule$1(Scheduler.java:68)
	at java.util.concurrent.Executors$RunnableAdapter.call(Executors.java:511)
	at java.util.concurrent.FutureTask.run(FutureTask.java:266)
	at java.util.concurrent.ScheduledThreadPoolExecutor$ScheduledFutureTask.access$201(ScheduledThreadPoolExecutor.java:180)
	at java.util.concurrent.ScheduledThreadPoolExecutor$ScheduledFutureTask.run(ScheduledThreadPoolExecutor.java:293)
	at java.util.concurrent.ThreadPoolExecutor.runWorker(ThreadPoolExecutor.java:1149)
	at java.util.concurrent.ThreadPoolExecutor$Worker.run(ThreadPoolExecutor.java:624)
	at java.lang.Thread.run(Thread.java:748)
2019-09-17 11:37:10,475 [grpc-default-executor-9] INFO  client.GrpcClientProtocolClient (GrpcClientProtocolClient.java:onNext(264)) - client-78809F3E841A->7aa83ab1-477a-4917-a557-8c7bdb1dca7a: receive RaftClientReply:client-78809F3E841A->7aa83ab1-477a-4917-a557-8c7bdb1dca7a@group-20B8EE63C133, cid=36, FAILED org.apache.ratis.protocol.NotLeaderException: Server 7aa83ab1-477a-4917-a557-8c7bdb1dca7a@group-20B8EE63C133 is not the leader, logIndex=0, commits[7aa83ab1-477a-4917-a557-8c7bdb1dca7a:c-1]
2019-09-17 11:37:11,454 [Thread-886] INFO  impl.FollowerState (FollowerState.java:run(106)) - 7aa83ab1-477a-4917-a557-8c7bdb1dca7a:group-20B8EE63C133 changes to CANDIDATE, lastRpcTime:5018, electionTimeout:5018ms
2019-09-17 11:37:11,454 [Thread-886] INFO  impl.RoleInfo (RoleInfo.java:shutdownFollowerState(121)) - 7aa83ab1-477a-4917-a557-8c7bdb1dca7a: shutdown FollowerState
2019-09-17 11:37:11,455 [Thread-886] INFO  impl.RaftServerImpl (RaftServerImpl.java:setRole(174)) - 7aa83ab1-477a-4917-a557-8c7bdb1dca7a@group-20B8EE63C133: changes role from  FOLLOWER to CANDIDATE at term 0 for changeToCandidate
2019-09-17 11:37:11,455 [Thread-886] INFO  impl.RoleInfo (RoleInfo.java:updateAndGet(143)) - 7aa83ab1-477a-4917-a557-8c7bdb1dca7a: start LeaderElection
2019-09-17 11:37:11,463 [Thread-884] INFO  impl.FollowerState (FollowerState.java:run(106)) - 285d9e5f-8853-4762-b181-afacccda6eae:group-20B8EE63C133 changes to CANDIDATE, lastRpcTime:5031, electionTimeout:5031ms
2019-09-17 11:37:11,464 [Thread-884] INFO  impl.RoleInfo (RoleInfo.java:shutdownFollowerState(121)) - 285d9e5f-8853-4762-b181-afacccda6eae: shutdown FollowerState
2019-09-17 11:37:11,464 [Thread-884] INFO  impl.RaftServerImpl (RaftServerImpl.java:setRole(174)) - 285d9e5f-8853-4762-b181-afacccda6eae@group-20B8EE63C133: changes role from  FOLLOWER to CANDIDATE at term 0 for changeToCandidate
2019-09-17 11:37:11,464 [Thread-884] INFO  impl.RoleInfo (RoleInfo.java:updateAndGet(143)) - 285d9e5f-8853-4762-b181-afacccda6eae: start LeaderElection
2019-09-17 11:37:11,486 [285d9e5f-8853-4762-b181-afacccda6eae@group-20B8EE63C133:LeaderElection15] INFO  impl.LeaderElection (LeaderElection.java:askForVotes(182)) - 285d9e5f-8853-4762-b181-afacccda6eae@group-20B8EE63C133:LeaderElection15: begin an election at term 1 for -1: [6ce6840f-3bb0-4d7d-8406-ba4a40805123:192.168.157.219:39451, 7aa83ab1-477a-4917-a557-8c7bdb1dca7a:192.168.157.219:37869, 285d9e5f-8853-4762-b181-afacccda6eae:192.168.157.219:37993], old=null
2019-09-17 11:37:11,486 [7aa83ab1-477a-4917-a557-8c7bdb1dca7a@group-20B8EE63C133:LeaderElection14] INFO  impl.LeaderElection (LeaderElection.java:askForVotes(182)) - 7aa83ab1-477a-4917-a557-8c7bdb1dca7a@group-20B8EE63C133:LeaderElection14: begin an election at term 1 for -1: [6ce6840f-3bb0-4d7d-8406-ba4a40805123:192.168.157.219:39451, 7aa83ab1-477a-4917-a557-8c7bdb1dca7a:192.168.157.219:37869, 285d9e5f-8853-4762-b181-afacccda6eae:192.168.157.219:37993], old=null
2019-09-17 11:37:11,487 [grpc-default-executor-10] INFO  client.GrpcClientProtocolClient (GrpcClientProtocolClient.java:onNext(264)) - client-78809F3E841A->285d9e5f-8853-4762-b181-afacccda6eae: receive RaftClientReply:client-78809F3E841A->285d9e5f-8853-4762-b181-afacccda6eae@group-20B8EE63C133, cid=36, FAILED org.apache.ratis.protocol.NotLeaderException: Server 285d9e5f-8853-4762-b181-afacccda6eae@group-20B8EE63C133 is not the leader, logIndex=0, commits[285d9e5f-8853-4762-b181-afacccda6eae:c-1]
2019-09-17 11:37:11,503 [grpc-default-executor-9] INFO  impl.RaftServerImpl (RaftServerImpl.java:setRole(174)) - 6ce6840f-3bb0-4d7d-8406-ba4a40805123@group-20B8EE63C133: changes role from  FOLLOWER to FOLLOWER at term 1 for recognizeCandidate:285d9e5f-8853-4762-b181-afacccda6eae
2019-09-17 11:37:11,503 [grpc-default-executor-9] INFO  impl.RoleInfo (RoleInfo.java:shutdownFollowerState(121)) - 6ce6840f-3bb0-4d7d-8406-ba4a40805123: shutdown FollowerState
2019-09-17 11:37:11,506 [Thread-887] INFO  impl.FollowerState (FollowerState.java:run(115)) - 6ce6840f-3bb0-4d7d-8406-ba4a40805123: FollowerState was interrupted: java.lang.InterruptedException: sleep interrupted
2019-09-17 11:37:11,506 [grpc-default-executor-9] INFO  impl.RoleInfo (RoleInfo.java:updateAndGet(143)) - 6ce6840f-3bb0-4d7d-8406-ba4a40805123: start FollowerState
2019-09-17 11:37:11,523 [285d9e5f-8853-4762-b181-afacccda6eae@group-20B8EE63C133:LeaderElection15] INFO  impl.LeaderElection (LeaderElection.java:logAndReturn(56)) - 285d9e5f-8853-4762-b181-afacccda6eae@group-20B8EE63C133:LeaderElection15: Election PASSED; received 2 response(s) [285d9e5f-8853-4762-b181-afacccda6eae<-7aa83ab1-477a-4917-a557-8c7bdb1dca7a#0:FAIL-t1, 285d9e5f-8853-4762-b181-afacccda6eae<-6ce6840f-3bb0-4d7d-8406-ba4a40805123#0:OK-t1] and 0 exception(s); 285d9e5f-8853-4762-b181-afacccda6eae@group-20B8EE63C133:t1, leader=null, voted=285d9e5f-8853-4762-b181-afacccda6eae, raftlog=285d9e5f-8853-4762-b181-afacccda6eae@group-20B8EE63C133-SegmentedRaftLog:OPENED:c-1,f-1,i0, conf=-1: [6ce6840f-3bb0-4d7d-8406-ba4a40805123:192.168.157.219:39451, 7aa83ab1-477a-4917-a557-8c7bdb1dca7a:192.168.157.219:37869, 285d9e5f-8853-4762-b181-afacccda6eae:192.168.157.219:37993], old=null
2019-09-17 11:37:11,523 [7aa83ab1-477a-4917-a557-8c7bdb1dca7a@group-20B8EE63C133:LeaderElection14] INFO  impl.LeaderElection (LeaderElection.java:logAndReturn(56)) - 7aa83ab1-477a-4917-a557-8c7bdb1dca7a@group-20B8EE63C133:LeaderElection14: Election REJECTED; received 2 response(s) [7aa83ab1-477a-4917-a557-8c7bdb1dca7a<-6ce6840f-3bb0-4d7d-8406-ba4a40805123#0:FAIL-t1, 7aa83ab1-477a-4917-a557-8c7bdb1dca7a<-285d9e5f-8853-4762-b181-afacccda6eae#0:FAIL-t1] and 0 exception(s); 7aa83ab1-477a-4917-a557-8c7bdb1dca7a@group-20B8EE63C133:t1, leader=null, voted=7aa83ab1-477a-4917-a557-8c7bdb1dca7a, raftlog=7aa83ab1-477a-4917-a557-8c7bdb1dca7a@group-20B8EE63C133-SegmentedRaftLog:OPENED:c-1,f-1,i0, conf=-1: [6ce6840f-3bb0-4d7d-8406-ba4a40805123:192.168.157.219:39451, 7aa83ab1-477a-4917-a557-8c7bdb1dca7a:192.168.157.219:37869, 285d9e5f-8853-4762-b181-afacccda6eae:192.168.157.219:37993], old=null
2019-09-17 11:37:11,523 [285d9e5f-8853-4762-b181-afacccda6eae@group-20B8EE63C133:LeaderElection15] INFO  impl.RoleInfo (RoleInfo.java:shutdownLeaderElection(134)) - 285d9e5f-8853-4762-b181-afacccda6eae: shutdown LeaderElection
2019-09-17 11:37:11,523 [7aa83ab1-477a-4917-a557-8c7bdb1dca7a@group-20B8EE63C133:LeaderElection14] INFO  impl.RaftServerImpl (RaftServerImpl.java:setRole(174)) - 7aa83ab1-477a-4917-a557-8c7bdb1dca7a@group-20B8EE63C133: changes role from CANDIDATE to FOLLOWER at term 1 for DISCOVERED_A_NEW_TERM
2019-09-17 11:37:11,523 [285d9e5f-8853-4762-b181-afacccda6eae@group-20B8EE63C133:LeaderElection15] INFO  impl.RaftServerImpl (RaftServerImpl.java:setRole(174)) - 285d9e5f-8853-4762-b181-afacccda6eae@group-20B8EE63C133: changes role from CANDIDATE to LEADER at term 1 for changeToLeader
2019-09-17 11:37:11,524 [7aa83ab1-477a-4917-a557-8c7bdb1dca7a@group-20B8EE63C133:LeaderElection14] INFO  impl.RoleInfo (RoleInfo.java:shutdownLeaderElection(134)) - 7aa83ab1-477a-4917-a557-8c7bdb1dca7a: shutdown LeaderElection
2019-09-17 11:37:11,524 [285d9e5f-8853-4762-b181-afacccda6eae@group-20B8EE63C133:LeaderElection15] INFO  impl.RaftServerImpl (ServerState.java:setLeader(253)) - 285d9e5f-8853-4762-b181-afacccda6eae@group-20B8EE63C133: change Leader from null to 285d9e5f-8853-4762-b181-afacccda6eae at term 1 for becomeLeader, leader elected after 5099ms
2019-09-17 11:37:11,524 [7aa83ab1-477a-4917-a557-8c7bdb1dca7a@group-20B8EE63C133:LeaderElection14] INFO  impl.RoleInfo (RoleInfo.java:updateAndGet(143)) - 7aa83ab1-477a-4917-a557-8c7bdb1dca7a: start FollowerState
2019-09-17 11:37:11,524 [285d9e5f-8853-4762-b181-afacccda6eae@group-20B8EE63C133:LeaderElection15] INFO  server.RaftServerConfigKeys (ConfUtils.java:logGet(43)) - raft.server.staging.catchup.gap = 1000 (default)
2019-09-17 11:37:11,524 [285d9e5f-8853-4762-b181-afacccda6eae@group-20B8EE63C133:LeaderElection15] INFO  server.RaftServerConfigKeys (ConfUtils.java:logGet(43)) - raft.server.rpc.sleep.time = 25ms (default)
2019-09-17 11:37:11,524 [285d9e5f-8853-4762-b181-afacccda6eae@group-20B8EE63C133:LeaderElection15] INFO  server.RaftServerConfigKeys (ConfUtils.java:logGet(43)) - raft.server.write.element-limit = 4096 (default)
2019-09-17 11:37:11,524 [285d9e5f-8853-4762-b181-afacccda6eae@group-20B8EE63C133:LeaderElection15] INFO  server.RaftServerConfigKeys (ConfUtils.java:logGet(43)) - raft.server.watch.timeout = 10s (default)
2019-09-17 11:37:11,524 [285d9e5f-8853-4762-b181-afacccda6eae@group-20B8EE63C133:LeaderElection15] INFO  server.RaftServerConfigKeys (ConfUtils.java:logGet(43)) - raft.server.watch.timeout.denomination = 1s (default)
2019-09-17 11:37:11,524 [285d9e5f-8853-4762-b181-afacccda6eae@group-20B8EE63C133:LeaderElection15] INFO  server.RaftServerConfigKeys (ConfUtils.java:logGet(43)) - raft.server.watch.element-limit = 65536 (default)
2019-09-17 11:37:11,526 [285d9e5f-8853-4762-b181-afacccda6eae@group-20B8EE63C133:LeaderElection15] INFO  server.RaftServerConfigKeys (ConfUtils.java:logGet(43)) - raft.server.log.appender.snapshot.chunk.size.max = 16MB (=16777216) (default)
2019-09-17 11:37:11,527 [285d9e5f-8853-4762-b181-afacccda6eae@group-20B8EE63C133:LeaderElection15] INFO  server.RaftServerConfigKeys (ConfUtils.java:logGet(43)) - raft.server.log.appender.buffer.byte-limit = 33554432 (custom)
2019-09-17 11:37:11,527 [285d9e5f-8853-4762-b181-afacccda6eae@group-20B8EE63C133:LeaderElection15] INFO  server.RaftServerConfigKeys (ConfUtils.java:logGet(43)) - raft.server.log.appender.buffer.element-limit = 1 (custom)
2019-09-17 11:37:11,527 [285d9e5f-8853-4762-b181-afacccda6eae@group-20B8EE63C133:LeaderElection15] INFO  grpc.GrpcConfigKeys$Server (ConfUtils.java:logGet(43)) - raft.grpc.server.leader.outstanding.appends.max = 128 (default)
2019-09-17 11:37:11,527 [285d9e5f-8853-4762-b181-afacccda6eae@group-20B8EE63C133:LeaderElection15] INFO  server.RaftServerConfigKeys (ConfUtils.java:logGet(43)) - raft.server.rpc.request.timeout = 3000ms (default)
2019-09-17 11:37:11,527 [285d9e5f-8853-4762-b181-afacccda6eae@group-20B8EE63C133:LeaderElection15] INFO  server.RaftServerConfigKeys (ConfUtils.java:logGet(43)) - raft.server.log.appender.install.snapshot.enabled = false (custom)
2019-09-17 11:37:11,527 [285d9e5f-8853-4762-b181-afacccda6eae@group-20B8EE63C133:LeaderElection15] INFO  server.RaftServerConfigKeys (ConfUtils.java:logGet(43)) - raft.server.log.appender.snapshot.chunk.size.max = 16MB (=16777216) (default)
2019-09-17 11:37:11,528 [285d9e5f-8853-4762-b181-afacccda6eae@group-20B8EE63C133:LeaderElection15] INFO  server.RaftServerConfigKeys (ConfUtils.java:logGet(43)) - raft.server.log.appender.buffer.byte-limit = 33554432 (custom)
2019-09-17 11:37:11,528 [285d9e5f-8853-4762-b181-afacccda6eae@group-20B8EE63C133:LeaderElection15] INFO  server.RaftServerConfigKeys (ConfUtils.java:logGet(43)) - raft.server.log.appender.buffer.element-limit = 1 (custom)
2019-09-17 11:37:11,528 [285d9e5f-8853-4762-b181-afacccda6eae@group-20B8EE63C133:LeaderElection15] INFO  grpc.GrpcConfigKeys$Server (ConfUtils.java:logGet(43)) - raft.grpc.server.leader.outstanding.appends.max = 128 (default)
2019-09-17 11:37:11,528 [285d9e5f-8853-4762-b181-afacccda6eae@group-20B8EE63C133:LeaderElection15] INFO  server.RaftServerConfigKeys (ConfUtils.java:logGet(43)) - raft.server.rpc.request.timeout = 3000ms (default)
2019-09-17 11:37:11,528 [285d9e5f-8853-4762-b181-afacccda6eae@group-20B8EE63C133:LeaderElection15] INFO  server.RaftServerConfigKeys (ConfUtils.java:logGet(43)) - raft.server.log.appender.install.snapshot.enabled = false (custom)
2019-09-17 11:37:11,528 [285d9e5f-8853-4762-b181-afacccda6eae@group-20B8EE63C133:LeaderElection15] INFO  impl.RoleInfo (RoleInfo.java:updateAndGet(143)) - 285d9e5f-8853-4762-b181-afacccda6eae: start LeaderState
2019-09-17 11:37:11,529 [285d9e5f-8853-4762-b181-afacccda6eae@group-20B8EE63C133:LeaderElection15] INFO  segmented.SegmentedRaftLogWorker (SegmentedRaftLogWorker.java:startLogSegment(380)) - 285d9e5f-8853-4762-b181-afacccda6eae@group-20B8EE63C133-SegmentedRaftLogWorker: Starting segment from index:0
2019-09-17 11:37:11,529 [285d9e5f-8853-4762-b181-afacccda6eae@group-20B8EE63C133:LeaderElection15] INFO  impl.RaftServerImpl (ServerState.java:setRaftConf(354)) - 285d9e5f-8853-4762-b181-afacccda6eae@group-20B8EE63C133: set configuration 0: [6ce6840f-3bb0-4d7d-8406-ba4a40805123:192.168.157.219:39451, 7aa83ab1-477a-4917-a557-8c7bdb1dca7a:192.168.157.219:37869, 285d9e5f-8853-4762-b181-afacccda6eae:192.168.157.219:37993], old=null at 0
2019-09-17 11:37:11,530 [grpc-default-executor-9] INFO  impl.RaftServerImpl (ServerState.java:setLeader(253)) - 6ce6840f-3bb0-4d7d-8406-ba4a40805123@group-20B8EE63C133: change Leader from null to 285d9e5f-8853-4762-b181-afacccda6eae at term 1 for appendEntries, leader elected after 5106ms
2019-09-17 11:37:11,530 [grpc-default-executor-8] INFO  impl.RaftServerImpl (ServerState.java:setLeader(253)) - 7aa83ab1-477a-4917-a557-8c7bdb1dca7a@group-20B8EE63C133: change Leader from null to 285d9e5f-8853-4762-b181-afacccda6eae at term 1 for appendEntries, leader elected after 5106ms
2019-09-17 11:37:11,532 [grpc-default-executor-8] INFO  impl.RaftServerImpl (ServerState.java:setRaftConf(354)) - 6ce6840f-3bb0-4d7d-8406-ba4a40805123@group-20B8EE63C133: set configuration 0: [6ce6840f-3bb0-4d7d-8406-ba4a40805123:192.168.157.219:39451, 7aa83ab1-477a-4917-a557-8c7bdb1dca7a:192.168.157.219:37869, 285d9e5f-8853-4762-b181-afacccda6eae:192.168.157.219:37993], old=null at 0
2019-09-17 11:37:11,532 [grpc-default-executor-9] INFO  impl.RaftServerImpl (ServerState.java:setRaftConf(354)) - 7aa83ab1-477a-4917-a557-8c7bdb1dca7a@group-20B8EE63C133: set configuration 0: [6ce6840f-3bb0-4d7d-8406-ba4a40805123:192.168.157.219:39451, 7aa83ab1-477a-4917-a557-8c7bdb1dca7a:192.168.157.219:37869, 285d9e5f-8853-4762-b181-afacccda6eae:192.168.157.219:37993], old=null at 0
2019-09-17 11:37:11,532 [grpc-default-executor-8] INFO  segmented.SegmentedRaftLogWorker (SegmentedRaftLogWorker.java:startLogSegment(380)) - 6ce6840f-3bb0-4d7d-8406-ba4a40805123@group-20B8EE63C133-SegmentedRaftLogWorker: Starting segment from index:0
2019-09-17 11:37:11,533 [grpc-default-executor-9] INFO  segmented.SegmentedRaftLogWorker (SegmentedRaftLogWorker.java:startLogSegment(380)) - 7aa83ab1-477a-4917-a557-8c7bdb1dca7a@group-20B8EE63C133-SegmentedRaftLogWorker: Starting segment from index:0
2019-09-17 11:37:11,569 [7aa83ab1-477a-4917-a557-8c7bdb1dca7a@group-20B8EE63C133-SegmentedRaftLogWorker] INFO  segmented.SegmentedRaftLogWorker (SegmentedRaftLogWorker.java:execute(569)) - 7aa83ab1-477a-4917-a557-8c7bdb1dca7a@group-20B8EE63C133-SegmentedRaftLogWorker: created new log segment /tmp/workdir/hadoop-ozone/integration-test/target/test-dir/MiniOzoneClusterImpl-56be50ff-871f-410f-8770-4175db3196be/datanode-1/data/ratis/4277dbd7-9b59-4e2e-9a91-20b8ee63c133/current/log_inprogress_0
2019-09-17 11:37:11,569 [285d9e5f-8853-4762-b181-afacccda6eae@group-20B8EE63C133-SegmentedRaftLogWorker] INFO  segmented.SegmentedRaftLogWorker (SegmentedRaftLogWorker.java:execute(569)) - 285d9e5f-8853-4762-b181-afacccda6eae@group-20B8EE63C133-SegmentedRaftLogWorker: created new log segment /tmp/workdir/hadoop-ozone/integration-test/target/test-dir/MiniOzoneClusterImpl-56be50ff-871f-410f-8770-4175db3196be/datanode-6/data/ratis/4277dbd7-9b59-4e2e-9a91-20b8ee63c133/current/log_inprogress_0
2019-09-17 11:37:11,569 [6ce6840f-3bb0-4d7d-8406-ba4a40805123@group-20B8EE63C133-SegmentedRaftLogWorker] INFO  segmented.SegmentedRaftLogWorker (SegmentedRaftLogWorker.java:execute(569)) - 6ce6840f-3bb0-4d7d-8406-ba4a40805123@group-20B8EE63C133-SegmentedRaftLogWorker: created new log segment /tmp/workdir/hadoop-ozone/integration-test/target/test-dir/MiniOzoneClusterImpl-56be50ff-871f-410f-8770-4175db3196be/datanode-2/data/ratis/4277dbd7-9b59-4e2e-9a91-20b8ee63c133/current/log_inprogress_0
2019-09-17 11:37:12,082 [grpc-default-executor-9] INFO  impl.RaftServerProxy (RaftServerProxy.java:remove(95)) - 285d9e5f-8853-4762-b181-afacccda6eae: remove group-4817D3A8AAC5:null
2019-09-17 11:37:12,087 [RatisPipelineUtilsThread] WARN  pipeline.RatisPipelineUtils (RatisPipelineUtils.java:destroyPipeline(66)) - Pipeline destroy failed for pipeline=PipelineID=ced6bf12-8106-4dd4-a459-4817d3a8aac5 dn=285d9e5f-8853-4762-b181-afacccda6eae{ip: 192.168.157.219, host: pr-hdds-2121-5jcdq-2838215776, networkLocation: /default-rack, certSerialId: null}
2019-09-17 11:37:12,093 [grpc-default-executor-9] INFO  impl.RaftServerProxy (RaftServerProxy.java:remove(95)) - 6ce6840f-3bb0-4d7d-8406-ba4a40805123: remove group-4817D3A8AAC5:null
2019-09-17 11:37:12,097 [RatisPipelineUtilsThread] WARN  pipeline.RatisPipelineUtils (RatisPipelineUtils.java:destroyPipeline(66)) - Pipeline destroy failed for pipeline=PipelineID=ced6bf12-8106-4dd4-a459-4817d3a8aac5 dn=6ce6840f-3bb0-4d7d-8406-ba4a40805123{ip: 192.168.157.219, host: pr-hdds-2121-5jcdq-2838215776, networkLocation: /default-rack, certSerialId: null}
2019-09-17 11:37:12,102 [grpc-default-executor-9] INFO  impl.RaftServerProxy (RaftServerProxy.java:remove(95)) - 7aa83ab1-477a-4917-a557-8c7bdb1dca7a: remove group-4817D3A8AAC5:null
2019-09-17 11:37:12,106 [RatisPipelineUtilsThread] WARN  pipeline.RatisPipelineUtils (RatisPipelineUtils.java:destroyPipeline(66)) - Pipeline destroy failed for pipeline=PipelineID=ced6bf12-8106-4dd4-a459-4817d3a8aac5 dn=7aa83ab1-477a-4917-a557-8c7bdb1dca7a{ip: 192.168.157.219, host: pr-hdds-2121-5jcdq-2838215776, networkLocation: /default-rack, certSerialId: null}
2019-09-17 11:37:12,106 [RatisPipelineUtilsThread] ERROR pipeline.SCMPipelineManager (Scheduler.java:lambda$schedule$1(70)) - Destroy pipeline failed for pipeline:Pipeline[ Id: ced6bf12-8106-4dd4-a459-4817d3a8aac5, Nodes: 285d9e5f-8853-4762-b181-afacccda6eae{ip: 192.168.157.219, host: pr-hdds-2121-5jcdq-2838215776, networkLocation: /default-rack, certSerialId: null}6ce6840f-3bb0-4d7d-8406-ba4a40805123{ip: 192.168.157.219, host: pr-hdds-2121-5jcdq-2838215776, networkLocation: /default-rack, certSerialId: null}7aa83ab1-477a-4917-a557-8c7bdb1dca7a{ip: 192.168.157.219, host: pr-hdds-2121-5jcdq-2838215776, networkLocation: /default-rack, certSerialId: null}, Type:RATIS, Factor:THREE, State:CLOSED]
org.apache.hadoop.hdds.scm.pipeline.PipelineNotFoundException: PipelineID=ced6bf12-8106-4dd4-a459-4817d3a8aac5 not found
	at org.apache.hadoop.hdds.scm.pipeline.PipelineStateMap.getPipeline(PipelineStateMap.java:132)
	at org.apache.hadoop.hdds.scm.pipeline.PipelineStateMap.removePipeline(PipelineStateMap.java:322)
	at org.apache.hadoop.hdds.scm.pipeline.PipelineStateManager.removePipeline(PipelineStateManager.java:107)
	at org.apache.hadoop.hdds.scm.pipeline.SCMPipelineManager.removePipeline(SCMPipelineManager.java:423)
	at org.apache.hadoop.hdds.scm.pipeline.SCMPipelineManager.destroyPipeline(SCMPipelineManager.java:409)
	at org.apache.hadoop.hdds.scm.pipeline.SCMPipelineManager.lambda$finalizeAndDestroyPipeline$0(SCMPipelineManager.java:318)
	at org.apache.hadoop.utils.Scheduler.lambda$schedule$1(Scheduler.java:68)
	at java.util.concurrent.Executors$RunnableAdapter.call(Executors.java:511)
	at java.util.concurrent.FutureTask.run(FutureTask.java:266)
	at java.util.concurrent.ScheduledThreadPoolExecutor$ScheduledFutureTask.access$201(ScheduledThreadPoolExecutor.java:180)
	at java.util.concurrent.ScheduledThreadPoolExecutor$ScheduledFutureTask.run(ScheduledThreadPoolExecutor.java:293)
	at java.util.concurrent.ThreadPoolExecutor.runWorker(ThreadPoolExecutor.java:1149)
	at java.util.concurrent.ThreadPoolExecutor$Worker.run(ThreadPoolExecutor.java:624)
	at java.lang.Thread.run(Thread.java:748)
2019-09-17 11:37:12,505 [grpc-default-executor-9] INFO  client.GrpcClientProtocolClient (GrpcClientProtocolClient.java:onNext(264)) - client-78809F3E841A->7aa83ab1-477a-4917-a557-8c7bdb1dca7a: receive RaftClientReply:client-78809F3E841A->7aa83ab1-477a-4917-a557-8c7bdb1dca7a@group-20B8EE63C133, cid=36, FAILED org.apache.ratis.protocol.NotLeaderException: Server 7aa83ab1-477a-4917-a557-8c7bdb1dca7a@group-20B8EE63C133 is not the leader 285d9e5f-8853-4762-b181-afacccda6eae:192.168.157.219:37993, logIndex=0, commits[7aa83ab1-477a-4917-a557-8c7bdb1dca7a:c-1, 6ce6840f-3bb0-4d7d-8406-ba4a40805123:c-1, 285d9e5f-8853-4762-b181-afacccda6eae:c-1]
2019-09-17 11:37:12,654 [grpc-default-executor-8] INFO  client.GrpcClientProtocolClient (GrpcClientProtocolClient.java:onNext(264)) - client-78809F3E841A->285d9e5f-8853-4762-b181-afacccda6eae: receive RaftClientReply:client-78809F3E841A->285d9e5f-8853-4762-b181-afacccda6eae@group-20B8EE63C133, cid=36, SUCCESS, logIndex=1, commits[285d9e5f-8853-4762-b181-afacccda6eae:c1, 6ce6840f-3bb0-4d7d-8406-ba4a40805123:c-1, 7aa83ab1-477a-4917-a557-8c7bdb1dca7a:c0]
2019-09-17 11:37:12,685 [grpc-default-executor-7] INFO  client.GrpcClientProtocolClient (GrpcClientProtocolClient.java:onNext(264)) - client-78809F3E841A->285d9e5f-8853-4762-b181-afacccda6eae: receive RaftClientReply:client-78809F3E841A->285d9e5f-8853-4762-b181-afacccda6eae@group-20B8EE63C133, cid=37, SUCCESS, logIndex=3, commits[285d9e5f-8853-4762-b181-afacccda6eae:c4, 6ce6840f-3bb0-4d7d-8406-ba4a40805123:c2, 7aa83ab1-477a-4917-a557-8c7bdb1dca7a:c2]
2019-09-17 11:37:12,712 [grpc-default-executor-7] INFO  client.GrpcClientProtocolClient (GrpcClientProtocolClient.java:onNext(264)) - client-78809F3E841A->285d9e5f-8853-4762-b181-afacccda6eae: receive RaftClientReply:client-78809F3E841A->285d9e5f-8853-4762-b181-afacccda6eae@group-20B8EE63C133, cid=38, SUCCESS, logIndex=4, commits[285d9e5f-8853-4762-b181-afacccda6eae:c12, 6ce6840f-3bb0-4d7d-8406-ba4a40805123:c7, 7aa83ab1-477a-4917-a557-8c7bdb1dca7a:c7]
2019-09-17 11:37:12,712 [grpc-default-executor-7] INFO  client.GrpcClientProtocolClient (GrpcClientProtocolClient.java:onNext(264)) - client-78809F3E841A->285d9e5f-8853-4762-b181-afacccda6eae: receive RaftClientReply:client-78809F3E841A->285d9e5f-8853-4762-b181-afacccda6eae@group-20B8EE63C133, cid=39, SUCCESS, logIndex=5, commits[285d9e5f-8853-4762-b181-afacccda6eae:c12, 6ce6840f-3bb0-4d7d-8406-ba4a40805123:c7, 7aa83ab1-477a-4917-a557-8c7bdb1dca7a:c7]
2019-09-17 11:37:12,713 [grpc-default-executor-7] INFO  client.GrpcClientProtocolClient (GrpcClientProtocolClient.java:onNext(264)) - client-78809F3E841A->285d9e5f-8853-4762-b181-afacccda6eae: receive RaftClientReply:client-78809F3E841A->285d9e5f-8853-4762-b181-afacccda6eae@group-20B8EE63C133, cid=40, SUCCESS, logIndex=6, commits[285d9e5f-8853-4762-b181-afacccda6eae:c12, 6ce6840f-3bb0-4d7d-8406-ba4a40805123:c7, 7aa83ab1-477a-4917-a557-8c7bdb1dca7a:c7]
2019-09-17 11:37:12,778 [grpc-default-executor-7] INFO  client.GrpcClientProtocolClient (GrpcClientProtocolClient.java:onNext(264)) - client-78809F3E841A->285d9e5f-8853-4762-b181-afacccda6eae: receive RaftClientReply:client-78809F3E841A->285d9e5f-8853-4762-b181-afacccda6eae@group-20B8EE63C133, cid=41, SUCCESS, logIndex=7, commits[285d9e5f-8853-4762-b181-afacccda6eae:c12, 6ce6840f-3bb0-4d7d-8406-ba4a40805123:c7, 7aa83ab1-477a-4917-a557-8c7bdb1dca7a:c7]
]]></system-out>
  </testcase>
  <testcase name="testBufferCaching" classname="org.apache.hadoop.ozone.client.rpc.TestBlockOutputStream" time="0.231"/>
  <testcase name="testWriteWithExceedingMaxBufferLimit" classname="org.apache.hadoop.ozone.client.rpc.TestBlockOutputStream" time="0.369"/>
</testsuite>