<?xml version="1.0" encoding="UTF-8"?>
<testsuite xmlns:xsi="http://www.w3.org/2001/XMLSchema-instance" xsi:noNamespaceSchemaLocation="https://maven.apache.org/surefire/maven-surefire-plugin/xsd/surefire-test-report.xsd" name="org.apache.hadoop.ozone.freon.TestRandomKeyGenerator" time="196.371" tests="5" errors="1" skipped="0" failures="0">
  <properties>
    <property name="awt.toolkit" value="sun.awt.X11.XToolkit"/>
    <property name="file.encoding.pkg" value="sun.io"/>
    <property name="java.specification.version" value="1.8"/>
    <property name="sun.cpu.isalist" value=""/>
    <property name="sun.jnu.encoding" value="UTF-8"/>
    <property name="java.class.path" value="/tmp/workdir/hadoop-ozone/tools/target/test-classes:/tmp/workdir/hadoop-ozone/tools/target/classes:/tmp/workdir/hadoop-ozone/ozone-manager/target/classes:/tmp/workdir/hadoop-hdds/docs/target/classes:/home/user/.m2/repository/org/bouncycastle/bcprov-jdk15on/1.60/bcprov-jdk15on-1.60.jar:/tmp/workdir/hadoop-ozone/common/target/classes:/home/user/.m2/repository/org/apache/commons/commons-compress/1.4.1/commons-compress-1.4.1.jar:/home/user/.m2/repository/org/tukaani/xz/1.0/xz-1.0.jar:/home/user/.m2/repository/org/apache/hadoop/hadoop-hdfs-client/3.2.0/hadoop-hdfs-client-3.2.0.jar:/home/user/.m2/repository/com/fasterxml/jackson/core/jackson-annotations/2.9.5/jackson-annotations-2.9.5.jar:/tmp/workdir/hadoop-hdds/common/target/classes:/tmp/workdir/hadoop-hdds/config/target/classes:/home/user/.m2/repository/javax/annotation/javax.annotation-api/1.2/javax.annotation-api-1.2.jar:/home/user/.m2/repository/org/apache/ratis/ratis-server/0.4.0-2337318-SNAPSHOT/ratis-server-0.4.0-2337318-SNAPSHOT.jar:/home/user/.m2/repository/org/apache/ratis/ratis-thirdparty-misc/0.2.0/ratis-thirdparty-misc-0.2.0.jar:/home/user/.m2/repository/org/apache/ratis/ratis-proto/0.4.0-2337318-SNAPSHOT/ratis-proto-0.4.0-2337318-SNAPSHOT.jar:/home/user/.m2/repository/org/apache/ratis/ratis-common/0.4.0-2337318-SNAPSHOT/ratis-common-0.4.0-2337318-SNAPSHOT.jar:/home/user/.m2/repository/org/apache/ratis/ratis-client/0.4.0-2337318-SNAPSHOT/ratis-client-0.4.0-2337318-SNAPSHOT.jar:/home/user/.m2/repository/org/apache/ratis/ratis-metrics/0.4.0-2337318-SNAPSHOT/ratis-metrics-0.4.0-2337318-SNAPSHOT.jar:/home/user/.m2/repository/org/apache/ratis/ratis-netty/0.4.0-2337318-SNAPSHOT/ratis-netty-0.4.0-2337318-SNAPSHOT.jar:/home/user/.m2/repository/org/apache/ratis/ratis-grpc/0.4.0-2337318-SNAPSHOT/ratis-grpc-0.4.0-2337318-SNAPSHOT.jar:/home/user/.m2/repository/org/rocksdb/rocksdbjni/6.0.1/rocksdbjni-6.0.1.jar:/home/user/.m2/repository/org/apache/logging/log4j/log4j-api/2.11.0/log4j-api-2.11.0.jar:/home/user/.m2/repository/org/apache/logging/log4j/log4j-core/2.11.0/log4j-core-2.11.0.jar:/home/user/.m2/repository/com/lmax/disruptor/3.4.2/disruptor-3.4.2.jar:/home/user/.m2/repository/org/apache/commons/commons-pool2/2.6.0/commons-pool2-2.6.0.jar:/home/user/.m2/repository/org/bouncycastle/bcpkix-jdk15on/1.60/bcpkix-jdk15on-1.60.jar:/home/user/.m2/repository/commons-validator/commons-validator/1.6/commons-validator-1.6.jar:/home/user/.m2/repository/commons-digester/commons-digester/1.8.1/commons-digester-1.8.1.jar:/home/user/.m2/repository/io/jaegertracing/jaeger-client/0.33.1/jaeger-client-0.33.1.jar:/home/user/.m2/repository/io/jaegertracing/jaeger-thrift/0.33.1/jaeger-thrift-0.33.1.jar:/home/user/.m2/repository/org/apache/thrift/libthrift/0.11.0/libthrift-0.11.0.jar:/home/user/.m2/repository/com/squareup/okhttp3/okhttp/3.9.0/okhttp-3.9.0.jar:/home/user/.m2/repository/com/squareup/okio/okio/1.13.0/okio-1.13.0.jar:/home/user/.m2/repository/io/jaegertracing/jaeger-core/0.33.1/jaeger-core-0.33.1.jar:/home/user/.m2/repository/io/jaegertracing/jaeger-tracerresolver/0.33.1/jaeger-tracerresolver-0.33.1.jar:/home/user/.m2/repository/io/opentracing/contrib/opentracing-tracerresolver/0.1.5/opentracing-tracerresolver-0.1.5.jar:/home/user/.m2/repository/io/opentracing/opentracing-util/0.31.0/opentracing-util-0.31.0.jar:/home/user/.m2/repository/io/opentracing/opentracing-api/0.31.0/opentracing-api-0.31.0.jar:/home/user/.m2/repository/io/opentracing/opentracing-noop/0.31.0/opentracing-noop-0.31.0.jar:/home/user/.m2/repository/org/yaml/snakeyaml/1.16/snakeyaml-1.16.jar:/tmp/workdir/hadoop-hdds/container-service/target/classes:/tmp/workdir/hadoop-hdds/client/target/classes:/tmp/workdir/hadoop-hdds/tools/target/classes:/home/user/.m2/repository/org/xerial/sqlite-jdbc/3.25.2/sqlite-jdbc-3.25.2.jar:/tmp/workdir/hadoop-hdds/server-scm/target/classes:/home/user/.m2/repository/org/hamcrest/hamcrest-all/1.3/hamcrest-all-1.3.jar:/home/user/.m2/repository/info/picocli/picocli/3.9.6/picocli-3.9.6.jar:/home/user/.m2/repository/com/google/protobuf/protobuf-java/2.5.0/protobuf-java-2.5.0.jar:/home/user/.m2/repository/com/google/guava/guava/11.0.2/guava-11.0.2.jar:/tmp/workdir/hadoop-ozone/client/target/classes:/home/user/.m2/repository/org/apache/hadoop/hadoop-ozone-filesystem/0.5.0-SNAPSHOT/hadoop-ozone-filesystem-0.5.0-SNAPSHOT.jar:/tmp/workdir/hadoop-hdds/framework/target/classes:/home/user/.m2/repository/org/apache/hadoop/hadoop-common/3.2.0/hadoop-common-3.2.0.jar:/home/user/.m2/repository/org/apache/hadoop/hadoop-annotations/3.2.0/hadoop-annotations-3.2.0.jar:/usr/lib/jvm/java-1.8-openjdk/jre/../lib/tools.jar:/home/user/.m2/repository/commons-cli/commons-cli/1.2/commons-cli-1.2.jar:/home/user/.m2/repository/org/apache/commons/commons-math3/3.1.1/commons-math3-3.1.1.jar:/home/user/.m2/repository/org/apache/httpcomponents/httpclient/4.5.2/httpclient-4.5.2.jar:/home/user/.m2/repository/org/apache/httpcomponents/httpcore/4.4.4/httpcore-4.4.4.jar:/home/user/.m2/repository/commons-codec/commons-codec/1.11/commons-codec-1.11.jar:/home/user/.m2/repository/commons-io/commons-io/2.5/commons-io-2.5.jar:/home/user/.m2/repository/commons-net/commons-net/3.6/commons-net-3.6.jar:/home/user/.m2/repository/commons-collections/commons-collections/3.2.2/commons-collections-3.2.2.jar:/home/user/.m2/repository/javax/servlet/javax.servlet-api/3.1.0/javax.servlet-api-3.1.0.jar:/home/user/.m2/repository/org/eclipse/jetty/jetty-server/9.3.24.v20180605/jetty-server-9.3.24.v20180605.jar:/home/user/.m2/repository/org/eclipse/jetty/jetty-http/9.3.24.v20180605/jetty-http-9.3.24.v20180605.jar:/home/user/.m2/repository/org/eclipse/jetty/jetty-io/9.3.24.v20180605/jetty-io-9.3.24.v20180605.jar:/home/user/.m2/repository/org/eclipse/jetty/jetty-util/9.3.24.v20180605/jetty-util-9.3.24.v20180605.jar:/home/user/.m2/repository/org/eclipse/jetty/jetty-servlet/9.3.24.v20180605/jetty-servlet-9.3.24.v20180605.jar:/home/user/.m2/repository/org/eclipse/jetty/jetty-security/9.3.24.v20180605/jetty-security-9.3.24.v20180605.jar:/home/user/.m2/repository/org/eclipse/jetty/jetty-webapp/9.3.24.v20180605/jetty-webapp-9.3.24.v20180605.jar:/home/user/.m2/repository/org/eclipse/jetty/jetty-xml/9.3.24.v20180605/jetty-xml-9.3.24.v20180605.jar:/home/user/.m2/repository/javax/servlet/jsp/jsp-api/2.1/jsp-api-2.1.jar:/home/user/.m2/repository/com/sun/jersey/jersey-core/1.19/jersey-core-1.19.jar:/home/user/.m2/repository/javax/ws/rs/jsr311-api/1.1.1/jsr311-api-1.1.1.jar:/home/user/.m2/repository/com/sun/jersey/jersey-servlet/1.19/jersey-servlet-1.19.jar:/home/user/.m2/repository/com/sun/jersey/jersey-json/1.19/jersey-json-1.19.jar:/home/user/.m2/repository/org/codehaus/jettison/jettison/1.1/jettison-1.1.jar:/home/user/.m2/repository/com/sun/xml/bind/jaxb-impl/2.3.0.1/jaxb-impl-2.3.0.1.jar:/home/user/.m2/repository/org/codehaus/jackson/jackson-core-asl/1.9.13/jackson-core-asl-1.9.13.jar:/home/user/.m2/repository/org/codehaus/jackson/jackson-mapper-asl/1.9.13/jackson-mapper-asl-1.9.13.jar:/home/user/.m2/repository/org/codehaus/jackson/jackson-jaxrs/1.9.13/jackson-jaxrs-1.9.13.jar:/home/user/.m2/repository/org/codehaus/jackson/jackson-xc/1.9.13/jackson-xc-1.9.13.jar:/home/user/.m2/repository/com/sun/jersey/jersey-server/1.19/jersey-server-1.19.jar:/home/user/.m2/repository/commons-logging/commons-logging/1.1.3/commons-logging-1.1.3.jar:/home/user/.m2/repository/log4j/log4j/1.2.17/log4j-1.2.17.jar:/home/user/.m2/repository/commons-beanutils/commons-beanutils/1.9.3/commons-beanutils-1.9.3.jar:/home/user/.m2/repository/org/apache/commons/commons-configuration2/2.1.1/commons-configuration2-2.1.1.jar:/home/user/.m2/repository/org/apache/commons/commons-lang3/3.7/commons-lang3-3.7.jar:/home/user/.m2/repository/org/apache/commons/commons-text/1.4/commons-text-1.4.jar:/home/user/.m2/repository/org/slf4j/slf4j-api/1.7.25/slf4j-api-1.7.25.jar:/home/user/.m2/repository/org/slf4j/slf4j-log4j12/1.7.25/slf4j-log4j12-1.7.25.jar:/home/user/.m2/repository/org/apache/avro/avro/1.7.7/avro-1.7.7.jar:/home/user/.m2/repository/com/thoughtworks/paranamer/paranamer/2.3/paranamer-2.3.jar:/home/user/.m2/repository/org/xerial/snappy/snappy-java/1.0.5/snappy-java-1.0.5.jar:/home/user/.m2/repository/com/google/re2j/re2j/1.1/re2j-1.1.jar:/home/user/.m2/repository/com/google/code/gson/gson/2.2.4/gson-2.2.4.jar:/home/user/.m2/repository/org/apache/hadoop/hadoop-auth/3.2.0/hadoop-auth-3.2.0.jar:/home/user/.m2/repository/com/nimbusds/nimbus-jose-jwt/4.41.1/nimbus-jose-jwt-4.41.1.jar:/home/user/.m2/repository/com/github/stephenc/jcip/jcip-annotations/1.0-1/jcip-annotations-1.0-1.jar:/home/user/.m2/repository/net/minidev/json-smart/2.3/json-smart-2.3.jar:/home/user/.m2/repository/net/minidev/accessors-smart/1.2/accessors-smart-1.2.jar:/home/user/.m2/repository/org/apache/curator/curator-framework/2.12.0/curator-framework-2.12.0.jar:/home/user/.m2/repository/com/jcraft/jsch/0.1.54/jsch-0.1.54.jar:/home/user/.m2/repository/org/apache/curator/curator-client/2.12.0/curator-client-2.12.0.jar:/home/user/.m2/repository/org/apache/curator/curator-recipes/2.12.0/curator-recipes-2.12.0.jar:/home/user/.m2/repository/com/google/code/findbugs/jsr305/3.0.0/jsr305-3.0.0.jar:/home/user/.m2/repository/org/apache/htrace/htrace-core4/4.1.0-incubating/htrace-core4-4.1.0-incubating.jar:/home/user/.m2/repository/org/apache/zookeeper/zookeeper/3.4.13/zookeeper-3.4.13.jar:/home/user/.m2/repository/org/apache/yetus/audience-annotations/0.5.0/audience-annotations-0.5.0.jar:/home/user/.m2/repository/org/apache/kerby/kerb-simplekdc/1.0.1/kerb-simplekdc-1.0.1.jar:/home/user/.m2/repository/org/apache/kerby/kerb-client/1.0.1/kerb-client-1.0.1.jar:/home/user/.m2/repository/org/apache/kerby/kerby-config/1.0.1/kerby-config-1.0.1.jar:/home/user/.m2/repository/org/apache/kerby/kerb-core/1.0.1/kerb-core-1.0.1.jar:/home/user/.m2/repository/org/apache/kerby/kerby-pkix/1.0.1/kerby-pkix-1.0.1.jar:/home/user/.m2/repository/org/apache/kerby/kerby-asn1/1.0.1/kerby-asn1-1.0.1.jar:/home/user/.m2/repository/org/apache/kerby/kerby-util/1.0.1/kerby-util-1.0.1.jar:/home/user/.m2/repository/org/apache/kerby/kerb-common/1.0.1/kerb-common-1.0.1.jar:/home/user/.m2/repository/org/apache/kerby/kerb-crypto/1.0.1/kerb-crypto-1.0.1.jar:/home/user/.m2/repository/org/apache/kerby/kerb-util/1.0.1/kerb-util-1.0.1.jar:/home/user/.m2/repository/org/apache/kerby/token-provider/1.0.1/token-provider-1.0.1.jar:/home/user/.m2/repository/org/apache/kerby/kerb-admin/1.0.1/kerb-admin-1.0.1.jar:/home/user/.m2/repository/org/apache/kerby/kerb-server/1.0.1/kerb-server-1.0.1.jar:/home/user/.m2/repository/org/apache/kerby/kerb-identity/1.0.1/kerb-identity-1.0.1.jar:/home/user/.m2/repository/org/apache/kerby/kerby-xdr/1.0.1/kerby-xdr-1.0.1.jar:/home/user/.m2/repository/com/fasterxml/jackson/core/jackson-databind/2.9.5/jackson-databind-2.9.5.jar:/home/user/.m2/repository/com/fasterxml/jackson/core/jackson-core/2.9.5/jackson-core-2.9.5.jar:/home/user/.m2/repository/org/codehaus/woodstox/stax2-api/3.1.4/stax2-api-3.1.4.jar:/home/user/.m2/repository/com/fasterxml/woodstox/woodstox-core/5.0.3/woodstox-core-5.0.3.jar:/home/user/.m2/repository/dnsjava/dnsjava/2.1.7/dnsjava-2.1.7.jar:/home/user/.m2/repository/org/apache/hadoop/hadoop-hdfs/3.2.0/hadoop-hdfs-3.2.0.jar:/home/user/.m2/repository/org/eclipse/jetty/jetty-util-ajax/9.3.24.v20180605/jetty-util-ajax-9.3.24.v20180605.jar:/home/user/.m2/repository/commons-daemon/commons-daemon/1.0.13/commons-daemon-1.0.13.jar:/home/user/.m2/repository/io/netty/netty/3.10.5.Final/netty-3.10.5.Final.jar:/home/user/.m2/repository/io/netty/netty-all/4.0.52.Final/netty-all-4.0.52.Final.jar:/home/user/.m2/repository/org/fusesource/leveldbjni/leveldbjni-all/1.8/leveldbjni-all-1.8.jar:/home/user/.m2/repository/com/sun/xml/bind/jaxb-core/2.3.0.1/jaxb-core-2.3.0.1.jar:/home/user/.m2/repository/javax/xml/bind/jaxb-api/2.3.0/jaxb-api-2.3.0.jar:/home/user/.m2/repository/javax/activation/activation/1.1.1/activation-1.1.1.jar:/home/user/.m2/repository/io/dropwizard/metrics/metrics-core/3.2.4/metrics-core-3.2.4.jar:/home/user/.m2/repository/org/openjdk/jmh/jmh-core/1.19/jmh-core-1.19.jar:/home/user/.m2/repository/net/sf/jopt-simple/jopt-simple/4.6/jopt-simple-4.6.jar:/home/user/.m2/repository/org/openjdk/jmh/jmh-generator-annprocess/1.19/jmh-generator-annprocess-1.19.jar:/home/user/.m2/repository/com/google/code/findbugs/findbugs/3.0.1/findbugs-3.0.1.jar:/home/user/.m2/repository/net/jcip/jcip-annotations/1.0/jcip-annotations-1.0.jar:/home/user/.m2/repository/com/google/code/findbugs/bcel-findbugs/6.0/bcel-findbugs-6.0.jar:/home/user/.m2/repository/com/google/code/findbugs/jFormatString/2.0.1/jFormatString-2.0.1.jar:/home/user/.m2/repository/dom4j/dom4j/1.6.1/dom4j-1.6.1.jar:/home/user/.m2/repository/xml-apis/xml-apis/1.0.b2/xml-apis-1.0.b2.jar:/home/user/.m2/repository/org/ow2/asm/asm-debug-all/5.0.2/asm-debug-all-5.0.2.jar:/home/user/.m2/repository/org/ow2/asm/asm-commons/5.0.2/asm-commons-5.0.2.jar:/home/user/.m2/repository/org/ow2/asm/asm-tree/5.0.2/asm-tree-5.0.2.jar:/home/user/.m2/repository/org/ow2/asm/asm/5.0.4/asm-5.0.4.jar:/home/user/.m2/repository/commons-lang/commons-lang/2.6/commons-lang-2.6.jar:/home/user/.m2/repository/com/apple/AppleJavaExtensions/1.4/AppleJavaExtensions-1.4.jar:/home/user/.m2/repository/jaxen/jaxen/1.1.6/jaxen-1.1.6.jar:/home/user/.m2/repository/junit/junit/4.11/junit-4.11.jar:/home/user/.m2/repository/org/hamcrest/hamcrest-core/1.3/hamcrest-core-1.3.jar:/home/user/.m2/repository/org/apache/hadoop/hadoop-common/3.2.0/hadoop-common-3.2.0-tests.jar:/home/user/.m2/repository/org/apache/hadoop/hadoop-ozone-integration-test/0.5.0-SNAPSHOT/hadoop-ozone-integration-test-0.5.0-SNAPSHOT-tests.jar:/tmp/workdir/hadoop-ozone/objectstore-service/target/classes:/tmp/workdir/hadoop-ozone/s3gateway/target/classes:/home/user/.m2/repository/org/jboss/weld/servlet/weld-servlet/2.4.7.Final/weld-servlet-2.4.7.Final.jar:/home/user/.m2/repository/org/glassfish/jersey/containers/jersey-container-servlet-core/2.27/jersey-container-servlet-core-2.27.jar:/home/user/.m2/repository/org/glassfish/hk2/external/javax.inject/2.5.0-b42/javax.inject-2.5.0-b42.jar:/home/user/.m2/repository/org/glassfish/jersey/core/jersey-common/2.27/jersey-common-2.27.jar:/home/user/.m2/repository/org/glassfish/hk2/osgi-resource-locator/1.0.1/osgi-resource-locator-1.0.1.jar:/home/user/.m2/repository/javax/ws/rs/javax.ws.rs-api/2.1/javax.ws.rs-api-2.1.jar:/home/user/.m2/repository/org/glassfish/jersey/ext/cdi/jersey-cdi1x/2.27/jersey-cdi1x-2.27.jar:/home/user/.m2/repository/org/glassfish/jersey/inject/jersey-hk2/2.27/jersey-hk2-2.27.jar:/home/user/.m2/repository/org/glassfish/hk2/hk2-locator/2.5.0-b42/hk2-locator-2.5.0-b42.jar:/home/user/.m2/repository/org/javassist/javassist/3.22.0-CR2/javassist-3.22.0-CR2.jar:/home/user/.m2/repository/org/glassfish/hk2/hk2-api/2.5.0/hk2-api-2.5.0.jar:/home/user/.m2/repository/org/glassfish/hk2/external/jakarta.inject/2.5.0/jakarta.inject-2.5.0.jar:/home/user/.m2/repository/org/glassfish/hk2/hk2-utils/2.5.0/hk2-utils-2.5.0.jar:/home/user/.m2/repository/jakarta/annotation/jakarta.annotation-api/1.3.4/jakarta.annotation-api-1.3.4.jar:/home/user/.m2/repository/org/glassfish/hk2/external/aopalliance-repackaged/2.5.0/aopalliance-repackaged-2.5.0.jar:/home/user/.m2/repository/com/fasterxml/jackson/dataformat/jackson-dataformat-xml/2.9.0/jackson-dataformat-xml-2.9.0.jar:/home/user/.m2/repository/com/fasterxml/jackson/module/jackson-module-jaxb-annotations/2.9.5/jackson-module-jaxb-annotations-2.9.5.jar:/home/user/.m2/repository/javax/enterprise/cdi-api/1.2/cdi-api-1.2.jar:/home/user/.m2/repository/javax/el/javax.el-api/3.0.0/javax.el-api-3.0.0.jar:/home/user/.m2/repository/javax/interceptor/javax.interceptor-api/1.2/javax.interceptor-api-1.2.jar:/home/user/.m2/repository/javax/inject/javax.inject/1/javax.inject-1.jar:/tmp/workdir/hadoop-ozone/csi/target/classes:/home/user/.m2/repository/com/google/protobuf/protobuf-java-util/3.5.1/protobuf-java-util-3.5.1.jar:/home/user/.m2/repository/io/grpc/grpc-netty/1.17.1/grpc-netty-1.17.1.jar:/home/user/.m2/repository/io/grpc/grpc-core/1.17.1/grpc-core-1.17.1.jar:/home/user/.m2/repository/io/grpc/grpc-context/1.17.1/grpc-context-1.17.1.jar:/home/user/.m2/repository/com/google/errorprone/error_prone_annotations/2.2.0/error_prone_annotations-2.2.0.jar:/home/user/.m2/repository/org/codehaus/mojo/animal-sniffer-annotations/1.17/animal-sniffer-annotations-1.17.jar:/home/user/.m2/repository/io/opencensus/opencensus-api/0.17.0/opencensus-api-0.17.0.jar:/home/user/.m2/repository/io/opencensus/opencensus-contrib-grpc-metrics/0.17.0/opencensus-contrib-grpc-metrics-0.17.0.jar:/home/user/.m2/repository/io/netty/netty-codec-http2/4.1.30.Final/netty-codec-http2-4.1.30.Final.jar:/home/user/.m2/repository/io/netty/netty-codec-http/4.1.30.Final/netty-codec-http-4.1.30.Final.jar:/home/user/.m2/repository/io/netty/netty-codec/4.1.30.Final/netty-codec-4.1.30.Final.jar:/home/user/.m2/repository/io/netty/netty-handler/4.1.30.Final/netty-handler-4.1.30.Final.jar:/home/user/.m2/repository/io/netty/netty-handler-proxy/4.1.30.Final/netty-handler-proxy-4.1.30.Final.jar:/home/user/.m2/repository/io/netty/netty-codec-socks/4.1.30.Final/netty-codec-socks-4.1.30.Final.jar:/home/user/.m2/repository/io/netty/netty-transport-native-epoll/4.1.30.Final/netty-transport-native-epoll-4.1.30.Final.jar:/home/user/.m2/repository/io/netty/netty-common/4.1.30.Final/netty-common-4.1.30.Final.jar:/home/user/.m2/repository/io/netty/netty-buffer/4.1.30.Final/netty-buffer-4.1.30.Final.jar:/home/user/.m2/repository/io/netty/netty-transport/4.1.30.Final/netty-transport-4.1.30.Final.jar:/home/user/.m2/repository/io/netty/netty-resolver/4.1.30.Final/netty-resolver-4.1.30.Final.jar:/home/user/.m2/repository/io/netty/netty-transport-native-unix-common/4.1.30.Final/netty-transport-native-unix-common-4.1.30.Final.jar:/home/user/.m2/repository/io/grpc/grpc-protobuf/1.17.1/grpc-protobuf-1.17.1.jar:/home/user/.m2/repository/com/google/api/grpc/proto-google-common-protos/1.0.0/proto-google-common-protos-1.0.0.jar:/home/user/.m2/repository/io/grpc/grpc-protobuf-lite/1.17.1/grpc-protobuf-lite-1.17.1.jar:/home/user/.m2/repository/io/grpc/grpc-stub/1.17.1/grpc-stub-1.17.1.jar:/tmp/workdir/hadoop-ozone/ozone-recon/target/classes:/tmp/workdir/hadoop-ozone/ozone-recon-codegen/target/classes:/home/user/.m2/repository/com/google/inject/extensions/guice-multibindings/4.0/guice-multibindings-4.0.jar:/home/user/.m2/repository/com/google/inject/guice/4.0/guice-4.0.jar:/home/user/.m2/repository/aopalliance/aopalliance/1.0/aopalliance-1.0.jar:/home/user/.m2/repository/com/google/inject/extensions/guice-servlet/4.0/guice-servlet-4.0.jar:/home/user/.m2/repository/org/glassfish/jersey/containers/jersey-container-servlet/2.27/jersey-container-servlet-2.27.jar:/home/user/.m2/repository/org/glassfish/hk2/guice-bridge/2.5.0/guice-bridge-2.5.0.jar:/home/user/.m2/repository/org/glassfish/jersey/core/jersey-server/2.27/jersey-server-2.27.jar:/home/user/.m2/repository/org/glassfish/jersey/core/jersey-client/2.27/jersey-client-2.27.jar:/home/user/.m2/repository/org/glassfish/jersey/media/jersey-media-jaxb/2.27/jersey-media-jaxb-2.27.jar:/home/user/.m2/repository/javax/validation/validation-api/1.1.0.Final/validation-api-1.1.0.Final.jar:/home/user/.m2/repository/org/glassfish/jersey/media/jersey-media-json-jackson/2.27/jersey-media-json-jackson-2.27.jar:/home/user/.m2/repository/org/glassfish/jersey/ext/jersey-entity-filtering/2.27/jersey-entity-filtering-2.27.jar:/home/user/.m2/repository/com/google/inject/extensions/guice-assistedinject/4.0/guice-assistedinject-4.0.jar:/home/user/.m2/repository/org/jooq/jooq/3.11.10/jooq-3.11.10.jar:/home/user/.m2/repository/org/jooq/jooq-meta/3.11.10/jooq-meta-3.11.10.jar:/home/user/.m2/repository/org/jooq/jooq-codegen/3.11.10/jooq-codegen-3.11.10.jar:/home/user/.m2/repository/com/jolbox/bonecp/0.8.0.RELEASE/bonecp-0.8.0.RELEASE.jar:/home/user/.m2/repository/org/springframework/spring-jdbc/5.1.3.RELEASE/spring-jdbc-5.1.3.RELEASE.jar:/home/user/.m2/repository/org/springframework/spring-beans/5.1.3.RELEASE/spring-beans-5.1.3.RELEASE.jar:/home/user/.m2/repository/org/springframework/spring-core/5.1.3.RELEASE/spring-core-5.1.3.RELEASE.jar:/home/user/.m2/repository/org/springframework/spring-jcl/5.1.3.RELEASE/spring-jcl-5.1.3.RELEASE.jar:/home/user/.m2/repository/org/springframework/spring-tx/5.1.3.RELEASE/spring-tx-5.1.3.RELEASE.jar:/home/user/.m2/repository/org/mockito/mockito-core/2.15.0/mockito-core-2.15.0.jar:/home/user/.m2/repository/net/bytebuddy/byte-buddy/1.7.9/byte-buddy-1.7.9.jar:/home/user/.m2/repository/net/bytebuddy/byte-buddy-agent/1.7.9/byte-buddy-agent-1.7.9.jar:/home/user/.m2/repository/org/objenesis/objenesis/1.0/objenesis-1.0.jar:"/>
    <property name="java.vm.vendor" value="IcedTea"/>
    <property name="sun.arch.data.model" value="64"/>
    <property name="test.build.dir" value="/tmp/workdir/hadoop-ozone/tools/target/test-dir"/>
    <property name="test.cache.data" value=""/>
    <property name="java.vendor.url" value="https://icedtea.classpath.org"/>
    <property name="user.timezone" value=""/>
    <property name="java.vm.specification.version" value="1.8"/>
    <property name="os.name" value="Linux"/>
    <property name="test.build.data" value="/tmp/workdir/hadoop-ozone/tools/target/test-dir"/>
    <property name="user.country" value="US"/>
    <property name="sun.java.launcher" value="SUN_STANDARD"/>
    <property name="sun.boot.library.path" value="/usr/lib/jvm/java-1.8-openjdk/jre/lib/amd64"/>
    <property name="sun.java.command" value="/tmp/workdir/hadoop-ozone/tools/target/surefire/surefirebooter7668666982511419866.jar /tmp/workdir/hadoop-ozone/tools/target/surefire 2019-07-13T14-11-23_931-jvmRun1 surefire599327163458564840tmp surefire_1034532092701832572709tmp"/>
    <property name="surefire.test.class.path" value="/tmp/workdir/hadoop-ozone/tools/target/test-classes:/tmp/workdir/hadoop-ozone/tools/target/classes:/tmp/workdir/hadoop-ozone/ozone-manager/target/classes:/tmp/workdir/hadoop-hdds/docs/target/classes:/home/user/.m2/repository/org/bouncycastle/bcprov-jdk15on/1.60/bcprov-jdk15on-1.60.jar:/tmp/workdir/hadoop-ozone/common/target/classes:/home/user/.m2/repository/org/apache/commons/commons-compress/1.4.1/commons-compress-1.4.1.jar:/home/user/.m2/repository/org/tukaani/xz/1.0/xz-1.0.jar:/home/user/.m2/repository/org/apache/hadoop/hadoop-hdfs-client/3.2.0/hadoop-hdfs-client-3.2.0.jar:/home/user/.m2/repository/com/fasterxml/jackson/core/jackson-annotations/2.9.5/jackson-annotations-2.9.5.jar:/tmp/workdir/hadoop-hdds/common/target/classes:/tmp/workdir/hadoop-hdds/config/target/classes:/home/user/.m2/repository/javax/annotation/javax.annotation-api/1.2/javax.annotation-api-1.2.jar:/home/user/.m2/repository/org/apache/ratis/ratis-server/0.4.0-2337318-SNAPSHOT/ratis-server-0.4.0-2337318-SNAPSHOT.jar:/home/user/.m2/repository/org/apache/ratis/ratis-thirdparty-misc/0.2.0/ratis-thirdparty-misc-0.2.0.jar:/home/user/.m2/repository/org/apache/ratis/ratis-proto/0.4.0-2337318-SNAPSHOT/ratis-proto-0.4.0-2337318-SNAPSHOT.jar:/home/user/.m2/repository/org/apache/ratis/ratis-common/0.4.0-2337318-SNAPSHOT/ratis-common-0.4.0-2337318-SNAPSHOT.jar:/home/user/.m2/repository/org/apache/ratis/ratis-client/0.4.0-2337318-SNAPSHOT/ratis-client-0.4.0-2337318-SNAPSHOT.jar:/home/user/.m2/repository/org/apache/ratis/ratis-metrics/0.4.0-2337318-SNAPSHOT/ratis-metrics-0.4.0-2337318-SNAPSHOT.jar:/home/user/.m2/repository/org/apache/ratis/ratis-netty/0.4.0-2337318-SNAPSHOT/ratis-netty-0.4.0-2337318-SNAPSHOT.jar:/home/user/.m2/repository/org/apache/ratis/ratis-grpc/0.4.0-2337318-SNAPSHOT/ratis-grpc-0.4.0-2337318-SNAPSHOT.jar:/home/user/.m2/repository/org/rocksdb/rocksdbjni/6.0.1/rocksdbjni-6.0.1.jar:/home/user/.m2/repository/org/apache/logging/log4j/log4j-api/2.11.0/log4j-api-2.11.0.jar:/home/user/.m2/repository/org/apache/logging/log4j/log4j-core/2.11.0/log4j-core-2.11.0.jar:/home/user/.m2/repository/com/lmax/disruptor/3.4.2/disruptor-3.4.2.jar:/home/user/.m2/repository/org/apache/commons/commons-pool2/2.6.0/commons-pool2-2.6.0.jar:/home/user/.m2/repository/org/bouncycastle/bcpkix-jdk15on/1.60/bcpkix-jdk15on-1.60.jar:/home/user/.m2/repository/commons-validator/commons-validator/1.6/commons-validator-1.6.jar:/home/user/.m2/repository/commons-digester/commons-digester/1.8.1/commons-digester-1.8.1.jar:/home/user/.m2/repository/io/jaegertracing/jaeger-client/0.33.1/jaeger-client-0.33.1.jar:/home/user/.m2/repository/io/jaegertracing/jaeger-thrift/0.33.1/jaeger-thrift-0.33.1.jar:/home/user/.m2/repository/org/apache/thrift/libthrift/0.11.0/libthrift-0.11.0.jar:/home/user/.m2/repository/com/squareup/okhttp3/okhttp/3.9.0/okhttp-3.9.0.jar:/home/user/.m2/repository/com/squareup/okio/okio/1.13.0/okio-1.13.0.jar:/home/user/.m2/repository/io/jaegertracing/jaeger-core/0.33.1/jaeger-core-0.33.1.jar:/home/user/.m2/repository/io/jaegertracing/jaeger-tracerresolver/0.33.1/jaeger-tracerresolver-0.33.1.jar:/home/user/.m2/repository/io/opentracing/contrib/opentracing-tracerresolver/0.1.5/opentracing-tracerresolver-0.1.5.jar:/home/user/.m2/repository/io/opentracing/opentracing-util/0.31.0/opentracing-util-0.31.0.jar:/home/user/.m2/repository/io/opentracing/opentracing-api/0.31.0/opentracing-api-0.31.0.jar:/home/user/.m2/repository/io/opentracing/opentracing-noop/0.31.0/opentracing-noop-0.31.0.jar:/home/user/.m2/repository/org/yaml/snakeyaml/1.16/snakeyaml-1.16.jar:/tmp/workdir/hadoop-hdds/container-service/target/classes:/tmp/workdir/hadoop-hdds/client/target/classes:/tmp/workdir/hadoop-hdds/tools/target/classes:/home/user/.m2/repository/org/xerial/sqlite-jdbc/3.25.2/sqlite-jdbc-3.25.2.jar:/tmp/workdir/hadoop-hdds/server-scm/target/classes:/home/user/.m2/repository/org/hamcrest/hamcrest-all/1.3/hamcrest-all-1.3.jar:/home/user/.m2/repository/info/picocli/picocli/3.9.6/picocli-3.9.6.jar:/home/user/.m2/repository/com/google/protobuf/protobuf-java/2.5.0/protobuf-java-2.5.0.jar:/home/user/.m2/repository/com/google/guava/guava/11.0.2/guava-11.0.2.jar:/tmp/workdir/hadoop-ozone/client/target/classes:/home/user/.m2/repository/org/apache/hadoop/hadoop-ozone-filesystem/0.5.0-SNAPSHOT/hadoop-ozone-filesystem-0.5.0-SNAPSHOT.jar:/tmp/workdir/hadoop-hdds/framework/target/classes:/home/user/.m2/repository/org/apache/hadoop/hadoop-common/3.2.0/hadoop-common-3.2.0.jar:/home/user/.m2/repository/org/apache/hadoop/hadoop-annotations/3.2.0/hadoop-annotations-3.2.0.jar:/usr/lib/jvm/java-1.8-openjdk/jre/../lib/tools.jar:/home/user/.m2/repository/commons-cli/commons-cli/1.2/commons-cli-1.2.jar:/home/user/.m2/repository/org/apache/commons/commons-math3/3.1.1/commons-math3-3.1.1.jar:/home/user/.m2/repository/org/apache/httpcomponents/httpclient/4.5.2/httpclient-4.5.2.jar:/home/user/.m2/repository/org/apache/httpcomponents/httpcore/4.4.4/httpcore-4.4.4.jar:/home/user/.m2/repository/commons-codec/commons-codec/1.11/commons-codec-1.11.jar:/home/user/.m2/repository/commons-io/commons-io/2.5/commons-io-2.5.jar:/home/user/.m2/repository/commons-net/commons-net/3.6/commons-net-3.6.jar:/home/user/.m2/repository/commons-collections/commons-collections/3.2.2/commons-collections-3.2.2.jar:/home/user/.m2/repository/javax/servlet/javax.servlet-api/3.1.0/javax.servlet-api-3.1.0.jar:/home/user/.m2/repository/org/eclipse/jetty/jetty-server/9.3.24.v20180605/jetty-server-9.3.24.v20180605.jar:/home/user/.m2/repository/org/eclipse/jetty/jetty-http/9.3.24.v20180605/jetty-http-9.3.24.v20180605.jar:/home/user/.m2/repository/org/eclipse/jetty/jetty-io/9.3.24.v20180605/jetty-io-9.3.24.v20180605.jar:/home/user/.m2/repository/org/eclipse/jetty/jetty-util/9.3.24.v20180605/jetty-util-9.3.24.v20180605.jar:/home/user/.m2/repository/org/eclipse/jetty/jetty-servlet/9.3.24.v20180605/jetty-servlet-9.3.24.v20180605.jar:/home/user/.m2/repository/org/eclipse/jetty/jetty-security/9.3.24.v20180605/jetty-security-9.3.24.v20180605.jar:/home/user/.m2/repository/org/eclipse/jetty/jetty-webapp/9.3.24.v20180605/jetty-webapp-9.3.24.v20180605.jar:/home/user/.m2/repository/org/eclipse/jetty/jetty-xml/9.3.24.v20180605/jetty-xml-9.3.24.v20180605.jar:/home/user/.m2/repository/javax/servlet/jsp/jsp-api/2.1/jsp-api-2.1.jar:/home/user/.m2/repository/com/sun/jersey/jersey-core/1.19/jersey-core-1.19.jar:/home/user/.m2/repository/javax/ws/rs/jsr311-api/1.1.1/jsr311-api-1.1.1.jar:/home/user/.m2/repository/com/sun/jersey/jersey-servlet/1.19/jersey-servlet-1.19.jar:/home/user/.m2/repository/com/sun/jersey/jersey-json/1.19/jersey-json-1.19.jar:/home/user/.m2/repository/org/codehaus/jettison/jettison/1.1/jettison-1.1.jar:/home/user/.m2/repository/com/sun/xml/bind/jaxb-impl/2.3.0.1/jaxb-impl-2.3.0.1.jar:/home/user/.m2/repository/org/codehaus/jackson/jackson-core-asl/1.9.13/jackson-core-asl-1.9.13.jar:/home/user/.m2/repository/org/codehaus/jackson/jackson-mapper-asl/1.9.13/jackson-mapper-asl-1.9.13.jar:/home/user/.m2/repository/org/codehaus/jackson/jackson-jaxrs/1.9.13/jackson-jaxrs-1.9.13.jar:/home/user/.m2/repository/org/codehaus/jackson/jackson-xc/1.9.13/jackson-xc-1.9.13.jar:/home/user/.m2/repository/com/sun/jersey/jersey-server/1.19/jersey-server-1.19.jar:/home/user/.m2/repository/commons-logging/commons-logging/1.1.3/commons-logging-1.1.3.jar:/home/user/.m2/repository/log4j/log4j/1.2.17/log4j-1.2.17.jar:/home/user/.m2/repository/commons-beanutils/commons-beanutils/1.9.3/commons-beanutils-1.9.3.jar:/home/user/.m2/repository/org/apache/commons/commons-configuration2/2.1.1/commons-configuration2-2.1.1.jar:/home/user/.m2/repository/org/apache/commons/commons-lang3/3.7/commons-lang3-3.7.jar:/home/user/.m2/repository/org/apache/commons/commons-text/1.4/commons-text-1.4.jar:/home/user/.m2/repository/org/slf4j/slf4j-api/1.7.25/slf4j-api-1.7.25.jar:/home/user/.m2/repository/org/slf4j/slf4j-log4j12/1.7.25/slf4j-log4j12-1.7.25.jar:/home/user/.m2/repository/org/apache/avro/avro/1.7.7/avro-1.7.7.jar:/home/user/.m2/repository/com/thoughtworks/paranamer/paranamer/2.3/paranamer-2.3.jar:/home/user/.m2/repository/org/xerial/snappy/snappy-java/1.0.5/snappy-java-1.0.5.jar:/home/user/.m2/repository/com/google/re2j/re2j/1.1/re2j-1.1.jar:/home/user/.m2/repository/com/google/code/gson/gson/2.2.4/gson-2.2.4.jar:/home/user/.m2/repository/org/apache/hadoop/hadoop-auth/3.2.0/hadoop-auth-3.2.0.jar:/home/user/.m2/repository/com/nimbusds/nimbus-jose-jwt/4.41.1/nimbus-jose-jwt-4.41.1.jar:/home/user/.m2/repository/com/github/stephenc/jcip/jcip-annotations/1.0-1/jcip-annotations-1.0-1.jar:/home/user/.m2/repository/net/minidev/json-smart/2.3/json-smart-2.3.jar:/home/user/.m2/repository/net/minidev/accessors-smart/1.2/accessors-smart-1.2.jar:/home/user/.m2/repository/org/apache/curator/curator-framework/2.12.0/curator-framework-2.12.0.jar:/home/user/.m2/repository/com/jcraft/jsch/0.1.54/jsch-0.1.54.jar:/home/user/.m2/repository/org/apache/curator/curator-client/2.12.0/curator-client-2.12.0.jar:/home/user/.m2/repository/org/apache/curator/curator-recipes/2.12.0/curator-recipes-2.12.0.jar:/home/user/.m2/repository/com/google/code/findbugs/jsr305/3.0.0/jsr305-3.0.0.jar:/home/user/.m2/repository/org/apache/htrace/htrace-core4/4.1.0-incubating/htrace-core4-4.1.0-incubating.jar:/home/user/.m2/repository/org/apache/zookeeper/zookeeper/3.4.13/zookeeper-3.4.13.jar:/home/user/.m2/repository/org/apache/yetus/audience-annotations/0.5.0/audience-annotations-0.5.0.jar:/home/user/.m2/repository/org/apache/kerby/kerb-simplekdc/1.0.1/kerb-simplekdc-1.0.1.jar:/home/user/.m2/repository/org/apache/kerby/kerb-client/1.0.1/kerb-client-1.0.1.jar:/home/user/.m2/repository/org/apache/kerby/kerby-config/1.0.1/kerby-config-1.0.1.jar:/home/user/.m2/repository/org/apache/kerby/kerb-core/1.0.1/kerb-core-1.0.1.jar:/home/user/.m2/repository/org/apache/kerby/kerby-pkix/1.0.1/kerby-pkix-1.0.1.jar:/home/user/.m2/repository/org/apache/kerby/kerby-asn1/1.0.1/kerby-asn1-1.0.1.jar:/home/user/.m2/repository/org/apache/kerby/kerby-util/1.0.1/kerby-util-1.0.1.jar:/home/user/.m2/repository/org/apache/kerby/kerb-common/1.0.1/kerb-common-1.0.1.jar:/home/user/.m2/repository/org/apache/kerby/kerb-crypto/1.0.1/kerb-crypto-1.0.1.jar:/home/user/.m2/repository/org/apache/kerby/kerb-util/1.0.1/kerb-util-1.0.1.jar:/home/user/.m2/repository/org/apache/kerby/token-provider/1.0.1/token-provider-1.0.1.jar:/home/user/.m2/repository/org/apache/kerby/kerb-admin/1.0.1/kerb-admin-1.0.1.jar:/home/user/.m2/repository/org/apache/kerby/kerb-server/1.0.1/kerb-server-1.0.1.jar:/home/user/.m2/repository/org/apache/kerby/kerb-identity/1.0.1/kerb-identity-1.0.1.jar:/home/user/.m2/repository/org/apache/kerby/kerby-xdr/1.0.1/kerby-xdr-1.0.1.jar:/home/user/.m2/repository/com/fasterxml/jackson/core/jackson-databind/2.9.5/jackson-databind-2.9.5.jar:/home/user/.m2/repository/com/fasterxml/jackson/core/jackson-core/2.9.5/jackson-core-2.9.5.jar:/home/user/.m2/repository/org/codehaus/woodstox/stax2-api/3.1.4/stax2-api-3.1.4.jar:/home/user/.m2/repository/com/fasterxml/woodstox/woodstox-core/5.0.3/woodstox-core-5.0.3.jar:/home/user/.m2/repository/dnsjava/dnsjava/2.1.7/dnsjava-2.1.7.jar:/home/user/.m2/repository/org/apache/hadoop/hadoop-hdfs/3.2.0/hadoop-hdfs-3.2.0.jar:/home/user/.m2/repository/org/eclipse/jetty/jetty-util-ajax/9.3.24.v20180605/jetty-util-ajax-9.3.24.v20180605.jar:/home/user/.m2/repository/commons-daemon/commons-daemon/1.0.13/commons-daemon-1.0.13.jar:/home/user/.m2/repository/io/netty/netty/3.10.5.Final/netty-3.10.5.Final.jar:/home/user/.m2/repository/io/netty/netty-all/4.0.52.Final/netty-all-4.0.52.Final.jar:/home/user/.m2/repository/org/fusesource/leveldbjni/leveldbjni-all/1.8/leveldbjni-all-1.8.jar:/home/user/.m2/repository/com/sun/xml/bind/jaxb-core/2.3.0.1/jaxb-core-2.3.0.1.jar:/home/user/.m2/repository/javax/xml/bind/jaxb-api/2.3.0/jaxb-api-2.3.0.jar:/home/user/.m2/repository/javax/activation/activation/1.1.1/activation-1.1.1.jar:/home/user/.m2/repository/io/dropwizard/metrics/metrics-core/3.2.4/metrics-core-3.2.4.jar:/home/user/.m2/repository/org/openjdk/jmh/jmh-core/1.19/jmh-core-1.19.jar:/home/user/.m2/repository/net/sf/jopt-simple/jopt-simple/4.6/jopt-simple-4.6.jar:/home/user/.m2/repository/org/openjdk/jmh/jmh-generator-annprocess/1.19/jmh-generator-annprocess-1.19.jar:/home/user/.m2/repository/com/google/code/findbugs/findbugs/3.0.1/findbugs-3.0.1.jar:/home/user/.m2/repository/net/jcip/jcip-annotations/1.0/jcip-annotations-1.0.jar:/home/user/.m2/repository/com/google/code/findbugs/bcel-findbugs/6.0/bcel-findbugs-6.0.jar:/home/user/.m2/repository/com/google/code/findbugs/jFormatString/2.0.1/jFormatString-2.0.1.jar:/home/user/.m2/repository/dom4j/dom4j/1.6.1/dom4j-1.6.1.jar:/home/user/.m2/repository/xml-apis/xml-apis/1.0.b2/xml-apis-1.0.b2.jar:/home/user/.m2/repository/org/ow2/asm/asm-debug-all/5.0.2/asm-debug-all-5.0.2.jar:/home/user/.m2/repository/org/ow2/asm/asm-commons/5.0.2/asm-commons-5.0.2.jar:/home/user/.m2/repository/org/ow2/asm/asm-tree/5.0.2/asm-tree-5.0.2.jar:/home/user/.m2/repository/org/ow2/asm/asm/5.0.4/asm-5.0.4.jar:/home/user/.m2/repository/commons-lang/commons-lang/2.6/commons-lang-2.6.jar:/home/user/.m2/repository/com/apple/AppleJavaExtensions/1.4/AppleJavaExtensions-1.4.jar:/home/user/.m2/repository/jaxen/jaxen/1.1.6/jaxen-1.1.6.jar:/home/user/.m2/repository/junit/junit/4.11/junit-4.11.jar:/home/user/.m2/repository/org/hamcrest/hamcrest-core/1.3/hamcrest-core-1.3.jar:/home/user/.m2/repository/org/apache/hadoop/hadoop-common/3.2.0/hadoop-common-3.2.0-tests.jar:/home/user/.m2/repository/org/apache/hadoop/hadoop-ozone-integration-test/0.5.0-SNAPSHOT/hadoop-ozone-integration-test-0.5.0-SNAPSHOT-tests.jar:/tmp/workdir/hadoop-ozone/objectstore-service/target/classes:/tmp/workdir/hadoop-ozone/s3gateway/target/classes:/home/user/.m2/repository/org/jboss/weld/servlet/weld-servlet/2.4.7.Final/weld-servlet-2.4.7.Final.jar:/home/user/.m2/repository/org/glassfish/jersey/containers/jersey-container-servlet-core/2.27/jersey-container-servlet-core-2.27.jar:/home/user/.m2/repository/org/glassfish/hk2/external/javax.inject/2.5.0-b42/javax.inject-2.5.0-b42.jar:/home/user/.m2/repository/org/glassfish/jersey/core/jersey-common/2.27/jersey-common-2.27.jar:/home/user/.m2/repository/org/glassfish/hk2/osgi-resource-locator/1.0.1/osgi-resource-locator-1.0.1.jar:/home/user/.m2/repository/javax/ws/rs/javax.ws.rs-api/2.1/javax.ws.rs-api-2.1.jar:/home/user/.m2/repository/org/glassfish/jersey/ext/cdi/jersey-cdi1x/2.27/jersey-cdi1x-2.27.jar:/home/user/.m2/repository/org/glassfish/jersey/inject/jersey-hk2/2.27/jersey-hk2-2.27.jar:/home/user/.m2/repository/org/glassfish/hk2/hk2-locator/2.5.0-b42/hk2-locator-2.5.0-b42.jar:/home/user/.m2/repository/org/javassist/javassist/3.22.0-CR2/javassist-3.22.0-CR2.jar:/home/user/.m2/repository/org/glassfish/hk2/hk2-api/2.5.0/hk2-api-2.5.0.jar:/home/user/.m2/repository/org/glassfish/hk2/external/jakarta.inject/2.5.0/jakarta.inject-2.5.0.jar:/home/user/.m2/repository/org/glassfish/hk2/hk2-utils/2.5.0/hk2-utils-2.5.0.jar:/home/user/.m2/repository/jakarta/annotation/jakarta.annotation-api/1.3.4/jakarta.annotation-api-1.3.4.jar:/home/user/.m2/repository/org/glassfish/hk2/external/aopalliance-repackaged/2.5.0/aopalliance-repackaged-2.5.0.jar:/home/user/.m2/repository/com/fasterxml/jackson/dataformat/jackson-dataformat-xml/2.9.0/jackson-dataformat-xml-2.9.0.jar:/home/user/.m2/repository/com/fasterxml/jackson/module/jackson-module-jaxb-annotations/2.9.5/jackson-module-jaxb-annotations-2.9.5.jar:/home/user/.m2/repository/javax/enterprise/cdi-api/1.2/cdi-api-1.2.jar:/home/user/.m2/repository/javax/el/javax.el-api/3.0.0/javax.el-api-3.0.0.jar:/home/user/.m2/repository/javax/interceptor/javax.interceptor-api/1.2/javax.interceptor-api-1.2.jar:/home/user/.m2/repository/javax/inject/javax.inject/1/javax.inject-1.jar:/tmp/workdir/hadoop-ozone/csi/target/classes:/home/user/.m2/repository/com/google/protobuf/protobuf-java-util/3.5.1/protobuf-java-util-3.5.1.jar:/home/user/.m2/repository/io/grpc/grpc-netty/1.17.1/grpc-netty-1.17.1.jar:/home/user/.m2/repository/io/grpc/grpc-core/1.17.1/grpc-core-1.17.1.jar:/home/user/.m2/repository/io/grpc/grpc-context/1.17.1/grpc-context-1.17.1.jar:/home/user/.m2/repository/com/google/errorprone/error_prone_annotations/2.2.0/error_prone_annotations-2.2.0.jar:/home/user/.m2/repository/org/codehaus/mojo/animal-sniffer-annotations/1.17/animal-sniffer-annotations-1.17.jar:/home/user/.m2/repository/io/opencensus/opencensus-api/0.17.0/opencensus-api-0.17.0.jar:/home/user/.m2/repository/io/opencensus/opencensus-contrib-grpc-metrics/0.17.0/opencensus-contrib-grpc-metrics-0.17.0.jar:/home/user/.m2/repository/io/netty/netty-codec-http2/4.1.30.Final/netty-codec-http2-4.1.30.Final.jar:/home/user/.m2/repository/io/netty/netty-codec-http/4.1.30.Final/netty-codec-http-4.1.30.Final.jar:/home/user/.m2/repository/io/netty/netty-codec/4.1.30.Final/netty-codec-4.1.30.Final.jar:/home/user/.m2/repository/io/netty/netty-handler/4.1.30.Final/netty-handler-4.1.30.Final.jar:/home/user/.m2/repository/io/netty/netty-handler-proxy/4.1.30.Final/netty-handler-proxy-4.1.30.Final.jar:/home/user/.m2/repository/io/netty/netty-codec-socks/4.1.30.Final/netty-codec-socks-4.1.30.Final.jar:/home/user/.m2/repository/io/netty/netty-transport-native-epoll/4.1.30.Final/netty-transport-native-epoll-4.1.30.Final.jar:/home/user/.m2/repository/io/netty/netty-common/4.1.30.Final/netty-common-4.1.30.Final.jar:/home/user/.m2/repository/io/netty/netty-buffer/4.1.30.Final/netty-buffer-4.1.30.Final.jar:/home/user/.m2/repository/io/netty/netty-transport/4.1.30.Final/netty-transport-4.1.30.Final.jar:/home/user/.m2/repository/io/netty/netty-resolver/4.1.30.Final/netty-resolver-4.1.30.Final.jar:/home/user/.m2/repository/io/netty/netty-transport-native-unix-common/4.1.30.Final/netty-transport-native-unix-common-4.1.30.Final.jar:/home/user/.m2/repository/io/grpc/grpc-protobuf/1.17.1/grpc-protobuf-1.17.1.jar:/home/user/.m2/repository/com/google/api/grpc/proto-google-common-protos/1.0.0/proto-google-common-protos-1.0.0.jar:/home/user/.m2/repository/io/grpc/grpc-protobuf-lite/1.17.1/grpc-protobuf-lite-1.17.1.jar:/home/user/.m2/repository/io/grpc/grpc-stub/1.17.1/grpc-stub-1.17.1.jar:/tmp/workdir/hadoop-ozone/ozone-recon/target/classes:/tmp/workdir/hadoop-ozone/ozone-recon-codegen/target/classes:/home/user/.m2/repository/com/google/inject/extensions/guice-multibindings/4.0/guice-multibindings-4.0.jar:/home/user/.m2/repository/com/google/inject/guice/4.0/guice-4.0.jar:/home/user/.m2/repository/aopalliance/aopalliance/1.0/aopalliance-1.0.jar:/home/user/.m2/repository/com/google/inject/extensions/guice-servlet/4.0/guice-servlet-4.0.jar:/home/user/.m2/repository/org/glassfish/jersey/containers/jersey-container-servlet/2.27/jersey-container-servlet-2.27.jar:/home/user/.m2/repository/org/glassfish/hk2/guice-bridge/2.5.0/guice-bridge-2.5.0.jar:/home/user/.m2/repository/org/glassfish/jersey/core/jersey-server/2.27/jersey-server-2.27.jar:/home/user/.m2/repository/org/glassfish/jersey/core/jersey-client/2.27/jersey-client-2.27.jar:/home/user/.m2/repository/org/glassfish/jersey/media/jersey-media-jaxb/2.27/jersey-media-jaxb-2.27.jar:/home/user/.m2/repository/javax/validation/validation-api/1.1.0.Final/validation-api-1.1.0.Final.jar:/home/user/.m2/repository/org/glassfish/jersey/media/jersey-media-json-jackson/2.27/jersey-media-json-jackson-2.27.jar:/home/user/.m2/repository/org/glassfish/jersey/ext/jersey-entity-filtering/2.27/jersey-entity-filtering-2.27.jar:/home/user/.m2/repository/com/google/inject/extensions/guice-assistedinject/4.0/guice-assistedinject-4.0.jar:/home/user/.m2/repository/org/jooq/jooq/3.11.10/jooq-3.11.10.jar:/home/user/.m2/repository/org/jooq/jooq-meta/3.11.10/jooq-meta-3.11.10.jar:/home/user/.m2/repository/org/jooq/jooq-codegen/3.11.10/jooq-codegen-3.11.10.jar:/home/user/.m2/repository/com/jolbox/bonecp/0.8.0.RELEASE/bonecp-0.8.0.RELEASE.jar:/home/user/.m2/repository/org/springframework/spring-jdbc/5.1.3.RELEASE/spring-jdbc-5.1.3.RELEASE.jar:/home/user/.m2/repository/org/springframework/spring-beans/5.1.3.RELEASE/spring-beans-5.1.3.RELEASE.jar:/home/user/.m2/repository/org/springframework/spring-core/5.1.3.RELEASE/spring-core-5.1.3.RELEASE.jar:/home/user/.m2/repository/org/springframework/spring-jcl/5.1.3.RELEASE/spring-jcl-5.1.3.RELEASE.jar:/home/user/.m2/repository/org/springframework/spring-tx/5.1.3.RELEASE/spring-tx-5.1.3.RELEASE.jar:/home/user/.m2/repository/org/mockito/mockito-core/2.15.0/mockito-core-2.15.0.jar:/home/user/.m2/repository/net/bytebuddy/byte-buddy/1.7.9/byte-buddy-1.7.9.jar:/home/user/.m2/repository/net/bytebuddy/byte-buddy-agent/1.7.9/byte-buddy-agent-1.7.9.jar:/home/user/.m2/repository/org/objenesis/objenesis/1.0/objenesis-1.0.jar:"/>
    <property name="sun.cpu.endian" value="little"/>
    <property name="user.home" value="/home/user"/>
    <property name="user.language" value="en"/>
    <property name="java.specification.vendor" value="Oracle Corporation"/>
    <property name="java.home" value="/usr/lib/jvm/java-1.8-openjdk/jre"/>
    <property name="java.security.krb5.conf" value="/tmp/workdir/hadoop-ozone/tools/target/test-classes/krb5.conf"/>
    <property name="basedir" value="/tmp/workdir/hadoop-ozone/tools"/>
    <property name="file.separator" value="/"/>
    <property name="line.separator" value="&#10;"/>
    <property name="java.vm.specification.vendor" value="Oracle Corporation"/>
    <property name="java.specification.name" value="Java Platform API Specification"/>
    <property name="java.awt.graphicsenv" value="sun.awt.X11GraphicsEnvironment"/>
    <property name="surefire.real.class.path" value="/tmp/workdir/hadoop-ozone/tools/target/surefire/surefirebooter7668666982511419866.jar"/>
    <property name="hadoop.log.dir" value="/tmp/workdir/hadoop-ozone/tools/target/log"/>
    <property name="sun.boot.class.path" value="/usr/lib/jvm/java-1.8-openjdk/jre/lib/resources.jar:/usr/lib/jvm/java-1.8-openjdk/jre/lib/rt.jar:/usr/lib/jvm/java-1.8-openjdk/jre/lib/sunrsasign.jar:/usr/lib/jvm/java-1.8-openjdk/jre/lib/jsse.jar:/usr/lib/jvm/java-1.8-openjdk/jre/lib/jce.jar:/usr/lib/jvm/java-1.8-openjdk/jre/lib/charsets.jar:/usr/lib/jvm/java-1.8-openjdk/jre/lib/jfr.jar:/usr/lib/jvm/java-1.8-openjdk/jre/classes"/>
    <property name="sun.management.compiler" value="HotSpot 64-Bit Tiered Compilers"/>
    <property name="java.runtime.version" value="1.8.0_212-b04"/>
    <property name="java.net.preferIPv4Stack" value="true"/>
    <property name="user.name" value="jenkins1000"/>
    <property name="path.separator" value=":"/>
    <property name="java.security.egd" value="file:///dev/urandom"/>
    <property name="os.version" value="3.10.0-957.12.2.el7.x86_64"/>
    <property name="java.endorsed.dirs" value="/usr/lib/jvm/java-1.8-openjdk/jre/lib/endorsed"/>
    <property name="java.runtime.name" value="OpenJDK Runtime Environment"/>
    <property name="file.encoding" value="UTF-8"/>
    <property name="java.vm.name" value="OpenJDK 64-Bit Server VM"/>
    <property name="test.build.webapps" value=""/>
    <property name="localRepository" value="/home/user/.m2/repository"/>
    <property name="java.vendor.url.bug" value="https://icedtea.classpath.org/bugzilla"/>
    <property name="java.io.tmpdir" value="/tmp"/>
    <property name="require.test.libhadoop" value=""/>
    <property name="java.version" value="1.8.0_212"/>
    <property name="user.dir" value="/tmp/workdir/hadoop-ozone/tools"/>
    <property name="os.arch" value="amd64"/>
    <property name="java.vm.specification.name" value="Java Virtual Machine Specification"/>
    <property name="test.build.classes" value="/tmp/workdir/hadoop-ozone/tools/target/test-classes"/>
    <property name="java.awt.printerjob" value="sun.print.PSPrinterJob"/>
    <property name="sun.os.patch.level" value="unknown"/>
    <property name="hadoop.tmp.dir" value="/tmp/workdir/hadoop-ozone/tools/target/tmp"/>
    <property name="java.library.path" value="/usr/lib/jvm/java-1.8-openjdk/jre/lib/amd64/server:/usr/lib/jvm/java-1.8-openjdk/jre/lib/amd64:/usr/lib/jvm/java-1.8-openjdk/jre/../lib/amd64:/tmp/workdir/hadoop-ozone/tools/target/native/target/usr/local/lib:/tmp/workdir/hadoop-ozone/tools/../../hadoop-common-project/hadoop-common/target/native/target/usr/local/lib:/usr/java/packages/lib/amd64:/usr/lib64:/lib64:/lib:/usr/lib"/>
    <property name="java.vm.info" value="mixed mode"/>
    <property name="java.vendor" value="IcedTea"/>
    <property name="java.vm.version" value="25.212-b04"/>
    <property name="java.ext.dirs" value="/usr/lib/jvm/java-1.8-openjdk/jre/lib/ext:/usr/java/packages/lib/ext"/>
    <property name="sun.io.unicode.encoding" value="UnicodeLittle"/>
    <property name="java.class.version" value="52.0"/>
  </properties>
  <testcase name="ratisTest3" classname="org.apache.hadoop.ozone.freon.TestRandomKeyGenerator" time="10.348"/>
  <testcase name="testThreadPoolSize" classname="org.apache.hadoop.ozone.freon.TestRandomKeyGenerator" time="5.052"/>
  <testcase name="defaultTest" classname="org.apache.hadoop.ozone.freon.TestRandomKeyGenerator" time="5.024"/>
  <testcase name="bigFileThan2GB" classname="org.apache.hadoop.ozone.freon.TestRandomKeyGenerator" time="136.271"/>
  <testcase name="multiThread" classname="org.apache.hadoop.ozone.freon.TestRandomKeyGenerator" time="10.073">
    <error type="java.lang.UnsupportedOperationException">java.lang.UnsupportedOperationException
	at java.util.AbstractList.add(AbstractList.java:148)
	at java.util.AbstractList.add(AbstractList.java:108)
	at java.util.AbstractCollection.addAll(AbstractCollection.java:344)
	at org.apache.hadoop.hdds.scm.storage.BlockOutputStream.watchForCommit(BlockOutputStream.java:363)
	at org.apache.hadoop.hdds.scm.storage.BlockOutputStream.handleFlush(BlockOutputStream.java:487)
	at org.apache.hadoop.hdds.scm.storage.BlockOutputStream.close(BlockOutputStream.java:501)
	at org.apache.hadoop.ozone.client.io.BlockOutputStreamEntry.close(BlockOutputStreamEntry.java:143)
	at org.apache.hadoop.ozone.client.io.KeyOutputStream.handleFlushOrClose(KeyOutputStream.java:434)
	at org.apache.hadoop.ozone.client.io.KeyOutputStream.close(KeyOutputStream.java:472)
	at org.apache.hadoop.ozone.client.io.OzoneOutputStream.close(OzoneOutputStream.java:60)
	at org.apache.hadoop.ozone.freon.RandomKeyGenerator$KeyProcessor.run(RandomKeyGenerator.java:696)
	at java.util.concurrent.Executors$RunnableAdapter.call(Executors.java:511)
	at java.util.concurrent.FutureTask.run(FutureTask.java:266)
	at java.util.concurrent.ThreadPoolExecutor.runWorker(ThreadPoolExecutor.java:1149)
	at java.util.concurrent.ThreadPoolExecutor$Worker.run(ThreadPoolExecutor.java:624)
	at java.lang.Thread.run(Thread.java:748)
</error>
    <system-out><![CDATA[2019-07-13 14:25:21,773 INFO  freon.RandomKeyGenerator (RandomKeyGenerator.java:call(262)) - Number of Threads: 10
2019-07-13 14:25:21,776 INFO  freon.RandomKeyGenerator (RandomKeyGenerator.java:call(267)) - Number of Volumes: 10.
2019-07-13 14:25:21,776 INFO  freon.RandomKeyGenerator (RandomKeyGenerator.java:call(268)) - Number of Buckets per Volume: 1.
2019-07-13 14:25:21,776 INFO  freon.RandomKeyGenerator (RandomKeyGenerator.java:call(269)) - Number of Keys per Bucket: 10.
2019-07-13 14:25:21,777 INFO  freon.RandomKeyGenerator (RandomKeyGenerator.java:call(270)) - Key size: 10240 bytes
2019-07-13 14:25:21,777 INFO  freon.RandomKeyGenerator (RandomKeyGenerator.java:call(271)) - Buffer size: 4096 bytes
2019-07-13 14:25:21,780 INFO  rpc.RpcClient (RpcClient.java:createVolume(287)) - Creating Volume: vol-0-74765, with jenkins1000 as owner.
2019-07-13 14:25:21,781 INFO  freon.RandomKeyGenerator (RandomKeyGenerator.java:call(299)) - Starting progress bar Thread.
2019-07-13 14:25:21,782 INFO  rpc.RpcClient (RpcClient.java:createVolume(287)) - Creating Volume: vol-6-07461, with jenkins1000 as owner.

2019-07-13 14:25:21,782 INFO  rpc.RpcClient (RpcClient.java:createVolume(287)) - Creating Volume: vol-9-24268, with jenkins1000 as owner.
2019-07-13 14:25:21,782 INFO  rpc.RpcClient (RpcClient.java:createVolume(287)) - Creating Volume: vol-7-30400, with jenkins1000 as owner.
2019-07-13 14:25:21,781 INFO  rpc.RpcClient (RpcClient.java:createVolume(287)) - Creating Volume: vol-8-45135, with jenkins1000 as owner.
 0.00% |█                                                                                                    |  0/100 Time: 0:00:002019-07-13 14:25:21,781 INFO  rpc.RpcClient (RpcClient.java:createVolume(287)) - Creating Volume: vol-2-15786, with jenkins1000 as owner.
2019-07-13 14:25:21,781 INFO  rpc.RpcClient (RpcClient.java:createVolume(287)) - Creating Volume: vol-1-19658, with jenkins1000 as owner.
2019-07-13 14:25:21,782 INFO  rpc.RpcClient (RpcClient.java:createVolume(287)) - Creating Volume: vol-3-15284, with jenkins1000 as owner.
2019-07-13 14:25:21,782 INFO  rpc.RpcClient (RpcClient.java:createVolume(287)) - Creating Volume: vol-4-67707, with jenkins1000 as owner.
2019-07-13 14:25:21,782 INFO  rpc.RpcClient (RpcClient.java:createVolume(287)) - Creating Volume: vol-5-57768, with jenkins1000 as owner.
2019-07-13 14:25:21,798 INFO  rpc.RpcClient (RpcClient.java:createBucket(424)) - Creating Bucket: vol-2-15786/bucket-0-77102, with Versioning false and Storage Type set to DISK and Encryption set to false 
2019-07-13 14:25:21,798 INFO  rpc.RpcClient (RpcClient.java:createBucket(424)) - Creating Bucket: vol-1-19658/bucket-0-89804, with Versioning false and Storage Type set to DISK and Encryption set to false 
2019-07-13 14:25:21,798 INFO  rpc.RpcClient (RpcClient.java:createBucket(424)) - Creating Bucket: vol-6-07461/bucket-0-46212, with Versioning false and Storage Type set to DISK and Encryption set to false 
2019-07-13 14:25:21,798 INFO  rpc.RpcClient (RpcClient.java:createBucket(424)) - Creating Bucket: vol-9-24268/bucket-0-12783, with Versioning false and Storage Type set to DISK and Encryption set to false 
2019-07-13 14:25:21,798 INFO  rpc.RpcClient (RpcClient.java:createBucket(424)) - Creating Bucket: vol-0-74765/bucket-0-09885, with Versioning false and Storage Type set to DISK and Encryption set to false 
2019-07-13 14:25:21,798 INFO  rpc.RpcClient (RpcClient.java:createBucket(424)) - Creating Bucket: vol-7-30400/bucket-0-00343, with Versioning false and Storage Type set to DISK and Encryption set to false 
2019-07-13 14:25:21,799 INFO  rpc.RpcClient (RpcClient.java:createBucket(424)) - Creating Bucket: vol-8-45135/bucket-0-41298, with Versioning false and Storage Type set to DISK and Encryption set to false 
2019-07-13 14:25:21,798 INFO  rpc.RpcClient (RpcClient.java:createBucket(424)) - Creating Bucket: vol-3-15284/bucket-0-17974, with Versioning false and Storage Type set to DISK and Encryption set to false 
2019-07-13 14:25:21,799 INFO  rpc.RpcClient (RpcClient.java:createBucket(424)) - Creating Bucket: vol-5-57768/bucket-0-30963, with Versioning false and Storage Type set to DISK and Encryption set to false 
2019-07-13 14:25:21,799 INFO  rpc.RpcClient (RpcClient.java:createBucket(424)) - Creating Bucket: vol-4-67707/bucket-0-31610, with Versioning false and Storage Type set to DISK and Encryption set to false 
2019-07-13 14:25:21,863 INFO  client.GrpcClientProtocolClient (GrpcClientProtocolClient.java:onNext(255)) - client-D06D1AE7400A->139f476c-7fe8-4a63-8b18-8c8a96cf6b87: receive RaftClientReply:client-D06D1AE7400A->139f476c-7fe8-4a63-8b18-8c8a96cf6b87@group-69B904785340, cid=5725, FAILED org.apache.ratis.protocol.NotLeaderException: Server 139f476c-7fe8-4a63-8b18-8c8a96cf6b87 is not the leader (73b493f9-ae73-4742-accf-399c7df130fd:192.168.69.103:40425). Request must be sent to leader., logIndex=0, commits[139f476c-7fe8-4a63-8b18-8c8a96cf6b87:c8807, 7c5123a2-69b6-4251-aec6-dbf2ea5b7f71:c8807, 73b493f9-ae73-4742-accf-399c7df130fd:c8807]
 0.00% |█                                                                                                    |  0/100 Time: 0:00:012019-07-13 14:25:23,371 INFO  client.GrpcClientProtocolClient (GrpcClientProtocolClient.java:onNext(255)) - client-D06D1AE7400A->73b493f9-ae73-4742-accf-399c7df130fd: receive RaftClientReply:client-D06D1AE7400A->73b493f9-ae73-4742-accf-399c7df130fd@group-69B904785340, cid=5725, SUCCESS, logIndex=8808, commits[73b493f9-ae73-4742-accf-399c7df130fd:c8808, 7c5123a2-69b6-4251-aec6-dbf2ea5b7f71:c8807, 139f476c-7fe8-4a63-8b18-8c8a96cf6b87:c8807]
 0.00% |█                                                                                                    |  0/100 Time: 0:00:02 0.00% |█                                                                                                    |  0/100 Time: 0:00:03 0.00% |█                                                                                                    |  0/100 Time: 0:00:042019-07-13 14:25:25,821 INFO  client.GrpcClientProtocolClient (GrpcClientProtocolClient.java:onNext(255)) - client-D06D1AE7400A->73b493f9-ae73-4742-accf-399c7df130fd: receive RaftClientReply:client-D06D1AE7400A->73b493f9-ae73-4742-accf-399c7df130fd@group-69B904785340, cid=5728, SUCCESS, logIndex=8810, commits[73b493f9-ae73-4742-accf-399c7df130fd:c8810, 7c5123a2-69b6-4251-aec6-dbf2ea5b7f71:c8808, 139f476c-7fe8-4a63-8b18-8c8a96cf6b87:c8808]
2019-07-13 14:25:25,826 INFO  client.GrpcClientProtocolClient (GrpcClientProtocolClient.java:onNext(255)) - client-D06D1AE7400A->73b493f9-ae73-4742-accf-399c7df130fd: receive RaftClientReply:client-D06D1AE7400A->73b493f9-ae73-4742-accf-399c7df130fd@group-69B904785340, cid=5730, SUCCESS, logIndex=8811, commits[73b493f9-ae73-4742-accf-399c7df130fd:c8812, 7c5123a2-69b6-4251-aec6-dbf2ea5b7f71:c8808, 139f476c-7fe8-4a63-8b18-8c8a96cf6b87:c8808]
2019-07-13 14:25:25,827 INFO  client.GrpcClientProtocolClient (GrpcClientProtocolClient.java:onNext(255)) - client-D06D1AE7400A->73b493f9-ae73-4742-accf-399c7df130fd: receive RaftClientReply:client-D06D1AE7400A->73b493f9-ae73-4742-accf-399c7df130fd@group-69B904785340, cid=5731, SUCCESS, logIndex=8812, commits[73b493f9-ae73-4742-accf-399c7df130fd:c8812, 7c5123a2-69b6-4251-aec6-dbf2ea5b7f71:c8808, 139f476c-7fe8-4a63-8b18-8c8a96cf6b87:c8808]
2019-07-13 14:25:25,827 INFO  client.GrpcClientProtocolClient (GrpcClientProtocolClient.java:onNext(255)) - client-D06D1AE7400A->73b493f9-ae73-4742-accf-399c7df130fd: receive RaftClientReply:client-D06D1AE7400A->73b493f9-ae73-4742-accf-399c7df130fd@group-69B904785340, cid=5729, SUCCESS, logIndex=8813, commits[73b493f9-ae73-4742-accf-399c7df130fd:c8818, 7c5123a2-69b6-4251-aec6-dbf2ea5b7f71:c8808, 139f476c-7fe8-4a63-8b18-8c8a96cf6b87:c8808]
2019-07-13 14:25:25,828 INFO  client.GrpcClientProtocolClient (GrpcClientProtocolClient.java:onNext(255)) - client-D06D1AE7400A->73b493f9-ae73-4742-accf-399c7df130fd: receive RaftClientReply:client-D06D1AE7400A->73b493f9-ae73-4742-accf-399c7df130fd@group-69B904785340, cid=5732, SUCCESS, logIndex=8814, commits[73b493f9-ae73-4742-accf-399c7df130fd:c8818, 7c5123a2-69b6-4251-aec6-dbf2ea5b7f71:c8808, 139f476c-7fe8-4a63-8b18-8c8a96cf6b87:c8808]
2019-07-13 14:25:25,828 INFO  client.GrpcClientProtocolClient (GrpcClientProtocolClient.java:onNext(255)) - client-D06D1AE7400A->73b493f9-ae73-4742-accf-399c7df130fd: receive RaftClientReply:client-D06D1AE7400A->73b493f9-ae73-4742-accf-399c7df130fd@group-69B904785340, cid=5734, SUCCESS, logIndex=8815, commits[73b493f9-ae73-4742-accf-399c7df130fd:c8825, 7c5123a2-69b6-4251-aec6-dbf2ea5b7f71:c8808, 139f476c-7fe8-4a63-8b18-8c8a96cf6b87:c8808]
2019-07-13 14:25:25,829 INFO  client.GrpcClientProtocolClient (GrpcClientProtocolClient.java:onNext(255)) - client-D06D1AE7400A->73b493f9-ae73-4742-accf-399c7df130fd: receive RaftClientReply:client-D06D1AE7400A->73b493f9-ae73-4742-accf-399c7df130fd@group-69B904785340, cid=5733, SUCCESS, logIndex=8816, commits[73b493f9-ae73-4742-accf-399c7df130fd:c8825, 7c5123a2-69b6-4251-aec6-dbf2ea5b7f71:c8808, 139f476c-7fe8-4a63-8b18-8c8a96cf6b87:c8808]
2019-07-13 14:25:25,829 INFO  client.GrpcClientProtocolClient (GrpcClientProtocolClient.java:onNext(255)) - client-D06D1AE7400A->73b493f9-ae73-4742-accf-399c7df130fd: receive RaftClientReply:client-D06D1AE7400A->73b493f9-ae73-4742-accf-399c7df130fd@group-69B904785340, cid=5735, SUCCESS, logIndex=8817, commits[73b493f9-ae73-4742-accf-399c7df130fd:c8818, 7c5123a2-69b6-4251-aec6-dbf2ea5b7f71:c8808, 139f476c-7fe8-4a63-8b18-8c8a96cf6b87:c8808]
2019-07-13 14:25:25,830 INFO  client.GrpcClientProtocolClient (GrpcClientProtocolClient.java:onNext(255)) - client-D06D1AE7400A->73b493f9-ae73-4742-accf-399c7df130fd: receive RaftClientReply:client-D06D1AE7400A->73b493f9-ae73-4742-accf-399c7df130fd@group-69B904785340, cid=5727, SUCCESS, logIndex=8818, commits[73b493f9-ae73-4742-accf-399c7df130fd:c8825, 7c5123a2-69b6-4251-aec6-dbf2ea5b7f71:c8808, 139f476c-7fe8-4a63-8b18-8c8a96cf6b87:c8808]
2019-07-13 14:25:25,835 INFO  client.GrpcClientProtocolClient (GrpcClientProtocolClient.java:onNext(255)) - client-D06D1AE7400A->73b493f9-ae73-4742-accf-399c7df130fd: receive RaftClientReply:client-D06D1AE7400A->73b493f9-ae73-4742-accf-399c7df130fd@group-69B904785340, cid=5736, SUCCESS, logIndex=8819, commits[73b493f9-ae73-4742-accf-399c7df130fd:c8828, 7c5123a2-69b6-4251-aec6-dbf2ea5b7f71:c8808, 139f476c-7fe8-4a63-8b18-8c8a96cf6b87:c8808]
2019-07-13 14:25:25,836 INFO  client.GrpcClientProtocolClient (GrpcClientProtocolClient.java:onNext(255)) - client-D06D1AE7400A->73b493f9-ae73-4742-accf-399c7df130fd: receive RaftClientReply:client-D06D1AE7400A->73b493f9-ae73-4742-accf-399c7df130fd@group-69B904785340, cid=5726, SUCCESS, logIndex=8820, commits[73b493f9-ae73-4742-accf-399c7df130fd:c8828, 7c5123a2-69b6-4251-aec6-dbf2ea5b7f71:c8808, 139f476c-7fe8-4a63-8b18-8c8a96cf6b87:c8808]
2019-07-13 14:25:25,837 INFO  client.GrpcClientProtocolClient (GrpcClientProtocolClient.java:onNext(255)) - client-D06D1AE7400A->73b493f9-ae73-4742-accf-399c7df130fd: receive RaftClientReply:client-D06D1AE7400A->73b493f9-ae73-4742-accf-399c7df130fd@group-69B904785340, cid=5737, SUCCESS, logIndex=8821, commits[73b493f9-ae73-4742-accf-399c7df130fd:c8828, 7c5123a2-69b6-4251-aec6-dbf2ea5b7f71:c8808, 139f476c-7fe8-4a63-8b18-8c8a96cf6b87:c8808]
2019-07-13 14:25:25,837 INFO  client.GrpcClientProtocolClient (GrpcClientProtocolClient.java:onNext(255)) - client-D06D1AE7400A->73b493f9-ae73-4742-accf-399c7df130fd: receive RaftClientReply:client-D06D1AE7400A->73b493f9-ae73-4742-accf-399c7df130fd@group-69B904785340, cid=5724, SUCCESS, logIndex=8822, commits[73b493f9-ae73-4742-accf-399c7df130fd:c8828, 7c5123a2-69b6-4251-aec6-dbf2ea5b7f71:c8808, 139f476c-7fe8-4a63-8b18-8c8a96cf6b87:c8808]
2019-07-13 14:25:25,838 INFO  client.GrpcClientProtocolClient (GrpcClientProtocolClient.java:onNext(255)) - client-D06D1AE7400A->73b493f9-ae73-4742-accf-399c7df130fd: receive RaftClientReply:client-D06D1AE7400A->73b493f9-ae73-4742-accf-399c7df130fd@group-69B904785340, cid=5722, SUCCESS, logIndex=8823, commits[73b493f9-ae73-4742-accf-399c7df130fd:c8828, 7c5123a2-69b6-4251-aec6-dbf2ea5b7f71:c8808, 139f476c-7fe8-4a63-8b18-8c8a96cf6b87:c8808]
2019-07-13 14:25:25,839 INFO  client.GrpcClientProtocolClient (GrpcClientProtocolClient.java:onNext(255)) - client-D06D1AE7400A->73b493f9-ae73-4742-accf-399c7df130fd: receive RaftClientReply:client-D06D1AE7400A->73b493f9-ae73-4742-accf-399c7df130fd@group-69B904785340, cid=5738, SUCCESS, logIndex=8824, commits[73b493f9-ae73-4742-accf-399c7df130fd:c8828, 7c5123a2-69b6-4251-aec6-dbf2ea5b7f71:c8808, 139f476c-7fe8-4a63-8b18-8c8a96cf6b87:c8808]
2019-07-13 14:25:25,839 INFO  client.GrpcClientProtocolClient (GrpcClientProtocolClient.java:onNext(255)) - client-D06D1AE7400A->73b493f9-ae73-4742-accf-399c7df130fd: receive RaftClientReply:client-D06D1AE7400A->73b493f9-ae73-4742-accf-399c7df130fd@group-69B904785340, cid=5723, SUCCESS, logIndex=8825, commits[73b493f9-ae73-4742-accf-399c7df130fd:c8828, 7c5123a2-69b6-4251-aec6-dbf2ea5b7f71:c8808, 139f476c-7fe8-4a63-8b18-8c8a96cf6b87:c8808]
2019-07-13 14:25:25,840 INFO  client.GrpcClientProtocolClient (GrpcClientProtocolClient.java:onNext(255)) - client-D06D1AE7400A->73b493f9-ae73-4742-accf-399c7df130fd: receive RaftClientReply:client-D06D1AE7400A->73b493f9-ae73-4742-accf-399c7df130fd@group-69B904785340, cid=5739, SUCCESS, logIndex=8826, commits[73b493f9-ae73-4742-accf-399c7df130fd:c8828, 7c5123a2-69b6-4251-aec6-dbf2ea5b7f71:c8808, 139f476c-7fe8-4a63-8b18-8c8a96cf6b87:c8808]
2019-07-13 14:25:25,840 INFO  client.GrpcClientProtocolClient (GrpcClientProtocolClient.java:onNext(255)) - client-D06D1AE7400A->73b493f9-ae73-4742-accf-399c7df130fd: receive RaftClientReply:client-D06D1AE7400A->73b493f9-ae73-4742-accf-399c7df130fd@group-69B904785340, cid=5740, SUCCESS, logIndex=8827, commits[73b493f9-ae73-4742-accf-399c7df130fd:c8828, 7c5123a2-69b6-4251-aec6-dbf2ea5b7f71:c8808, 139f476c-7fe8-4a63-8b18-8c8a96cf6b87:c8808]
2019-07-13 14:25:25,841 INFO  client.GrpcClientProtocolClient (GrpcClientProtocolClient.java:onNext(255)) - client-D06D1AE7400A->73b493f9-ae73-4742-accf-399c7df130fd: receive RaftClientReply:client-D06D1AE7400A->73b493f9-ae73-4742-accf-399c7df130fd@group-69B904785340, cid=5741, SUCCESS, logIndex=8828, commits[73b493f9-ae73-4742-accf-399c7df130fd:c8828, 7c5123a2-69b6-4251-aec6-dbf2ea5b7f71:c8808, 139f476c-7fe8-4a63-8b18-8c8a96cf6b87:c8808]
2019-07-13 14:25:26,379 WARN  server.GrpcLogAppender (GrpcLogAppender.java:timeoutAppendRequest(200)) - GrpcLogAppender(73b493f9-ae73-4742-accf-399c7df130fd->139f476c-7fe8-4a63-8b18-8c8a96cf6b87): appendEntries Timeout, request=73b493f9-ae73-4742-accf-399c7df130fd->139f476c-7fe8-4a63-8b18-8c8a96cf6b87#8835-t1, previous=(t:1, i:8809), leaderCommit=8808, initializing? false, entries: size=1, first=(t:1, i:8810), STATEMACHINELOGENTRY, client-D06D1AE7400A, cid=5728
2019-07-13 14:25:26,380 WARN  server.GrpcLogAppender (GrpcLogAppender.java:timeoutAppendRequest(200)) - GrpcLogAppender(73b493f9-ae73-4742-accf-399c7df130fd->139f476c-7fe8-4a63-8b18-8c8a96cf6b87): appendEntries Timeout, request=73b493f9-ae73-4742-accf-399c7df130fd->139f476c-7fe8-4a63-8b18-8c8a96cf6b87#8836-t1, previous=(t:1, i:8810), leaderCommit=8808, initializing? false, entries: size=1, first=(t:1, i:8811), STATEMACHINELOGENTRY, client-D06D1AE7400A, cid=5730
2019-07-13 14:25:26,380 WARN  server.GrpcLogAppender (GrpcLogAppender.java:timeoutAppendRequest(200)) - GrpcLogAppender(73b493f9-ae73-4742-accf-399c7df130fd->139f476c-7fe8-4a63-8b18-8c8a96cf6b87): appendEntries Timeout, request=73b493f9-ae73-4742-accf-399c7df130fd->139f476c-7fe8-4a63-8b18-8c8a96cf6b87#8837-t1, previous=(t:1, i:8811), leaderCommit=8808, initializing? false, entries: size=1, first=(t:1, i:8812), STATEMACHINELOGENTRY, client-D06D1AE7400A, cid=5731
2019-07-13 14:25:26,380 WARN  server.GrpcLogAppender (GrpcLogAppender.java:timeoutAppendRequest(200)) - GrpcLogAppender(73b493f9-ae73-4742-accf-399c7df130fd->139f476c-7fe8-4a63-8b18-8c8a96cf6b87): appendEntries Timeout, request=73b493f9-ae73-4742-accf-399c7df130fd->139f476c-7fe8-4a63-8b18-8c8a96cf6b87#8838-t1, previous=(t:1, i:8812), leaderCommit=8808, initializing? false, entries: size=1, first=(t:1, i:8813), STATEMACHINELOGENTRY, client-D06D1AE7400A, cid=5729
2019-07-13 14:25:26,381 WARN  server.GrpcLogAppender (GrpcLogAppender.java:timeoutAppendRequest(200)) - GrpcLogAppender(73b493f9-ae73-4742-accf-399c7df130fd->139f476c-7fe8-4a63-8b18-8c8a96cf6b87): appendEntries Timeout, request=73b493f9-ae73-4742-accf-399c7df130fd->139f476c-7fe8-4a63-8b18-8c8a96cf6b87#8839-t1, previous=(t:1, i:8813), leaderCommit=8808, initializing? false, entries: size=1, first=(t:1, i:8814), STATEMACHINELOGENTRY, client-D06D1AE7400A, cid=5732
2019-07-13 14:25:26,381 WARN  server.GrpcLogAppender (GrpcLogAppender.java:timeoutAppendRequest(200)) - GrpcLogAppender(73b493f9-ae73-4742-accf-399c7df130fd->139f476c-7fe8-4a63-8b18-8c8a96cf6b87): appendEntries Timeout, request=73b493f9-ae73-4742-accf-399c7df130fd->139f476c-7fe8-4a63-8b18-8c8a96cf6b87#8840-t1, previous=(t:1, i:8814), leaderCommit=8808, initializing? false, entries: size=1, first=(t:1, i:8815), STATEMACHINELOGENTRY, client-D06D1AE7400A, cid=5734
2019-07-13 14:25:26,381 WARN  server.GrpcLogAppender (GrpcLogAppender.java:timeoutAppendRequest(200)) - GrpcLogAppender(73b493f9-ae73-4742-accf-399c7df130fd->139f476c-7fe8-4a63-8b18-8c8a96cf6b87): appendEntries Timeout, request=73b493f9-ae73-4742-accf-399c7df130fd->139f476c-7fe8-4a63-8b18-8c8a96cf6b87#8841-t1, previous=(t:1, i:8815), leaderCommit=8808, initializing? false, entries: size=1, first=(t:1, i:8816), STATEMACHINELOGENTRY, client-D06D1AE7400A, cid=5733
2019-07-13 14:25:26,381 WARN  server.GrpcLogAppender (GrpcLogAppender.java:timeoutAppendRequest(200)) - GrpcLogAppender(73b493f9-ae73-4742-accf-399c7df130fd->139f476c-7fe8-4a63-8b18-8c8a96cf6b87): appendEntries Timeout, request=73b493f9-ae73-4742-accf-399c7df130fd->139f476c-7fe8-4a63-8b18-8c8a96cf6b87#8842-t1, previous=(t:1, i:8816), leaderCommit=8808, initializing? false, entries: size=1, first=(t:1, i:8817), STATEMACHINELOGENTRY, client-D06D1AE7400A, cid=5735
2019-07-13 14:25:26,381 WARN  server.GrpcLogAppender (GrpcLogAppender.java:timeoutAppendRequest(200)) - GrpcLogAppender(73b493f9-ae73-4742-accf-399c7df130fd->139f476c-7fe8-4a63-8b18-8c8a96cf6b87): appendEntries Timeout, request=73b493f9-ae73-4742-accf-399c7df130fd->139f476c-7fe8-4a63-8b18-8c8a96cf6b87#8843-t1, previous=(t:1, i:8817), leaderCommit=8808, initializing? false, entries: size=1, first=(t:1, i:8818), STATEMACHINELOGENTRY, client-D06D1AE7400A, cid=5727
2019-07-13 14:25:26,381 WARN  server.GrpcLogAppender (GrpcLogAppender.java:timeoutAppendRequest(200)) - GrpcLogAppender(73b493f9-ae73-4742-accf-399c7df130fd->139f476c-7fe8-4a63-8b18-8c8a96cf6b87): appendEntries Timeout, request=73b493f9-ae73-4742-accf-399c7df130fd->139f476c-7fe8-4a63-8b18-8c8a96cf6b87#8844-t1, previous=(t:1, i:8818), leaderCommit=8808, initializing? false, entries: size=1, first=(t:1, i:8819), STATEMACHINELOGENTRY, client-D06D1AE7400A, cid=5736
2019-07-13 14:25:26,382 WARN  server.GrpcLogAppender (GrpcLogAppender.java:timeoutAppendRequest(200)) - GrpcLogAppender(73b493f9-ae73-4742-accf-399c7df130fd->139f476c-7fe8-4a63-8b18-8c8a96cf6b87): appendEntries Timeout, request=73b493f9-ae73-4742-accf-399c7df130fd->139f476c-7fe8-4a63-8b18-8c8a96cf6b87#8845-t1, previous=(t:1, i:8819), leaderCommit=8808, initializing? false, entries: size=1, first=(t:1, i:8820), STATEMACHINELOGENTRY, client-D06D1AE7400A, cid=5726
2019-07-13 14:25:26,382 WARN  server.GrpcLogAppender (GrpcLogAppender.java:timeoutAppendRequest(200)) - GrpcLogAppender(73b493f9-ae73-4742-accf-399c7df130fd->139f476c-7fe8-4a63-8b18-8c8a96cf6b87): appendEntries Timeout, request=73b493f9-ae73-4742-accf-399c7df130fd->139f476c-7fe8-4a63-8b18-8c8a96cf6b87#8846-t1, previous=(t:1, i:8820), leaderCommit=8808, initializing? false, entries: size=1, first=(t:1, i:8821), STATEMACHINELOGENTRY, client-D06D1AE7400A, cid=5737
2019-07-13 14:25:26,382 WARN  server.GrpcLogAppender (GrpcLogAppender.java:timeoutAppendRequest(200)) - GrpcLogAppender(73b493f9-ae73-4742-accf-399c7df130fd->139f476c-7fe8-4a63-8b18-8c8a96cf6b87): appendEntries Timeout, request=73b493f9-ae73-4742-accf-399c7df130fd->139f476c-7fe8-4a63-8b18-8c8a96cf6b87#8847-t1, previous=(t:1, i:8821), leaderCommit=8808, initializing? false, entries: size=1, first=(t:1, i:8822), STATEMACHINELOGENTRY, client-D06D1AE7400A, cid=5724
2019-07-13 14:25:26,382 WARN  server.GrpcLogAppender (GrpcLogAppender.java:timeoutAppendRequest(200)) - GrpcLogAppender(73b493f9-ae73-4742-accf-399c7df130fd->139f476c-7fe8-4a63-8b18-8c8a96cf6b87): appendEntries Timeout, request=73b493f9-ae73-4742-accf-399c7df130fd->139f476c-7fe8-4a63-8b18-8c8a96cf6b87#8848-t1, previous=(t:1, i:8822), leaderCommit=8808, initializing? false, entries: size=1, first=(t:1, i:8823), STATEMACHINELOGENTRY, client-D06D1AE7400A, cid=5722
2019-07-13 14:25:26,383 WARN  server.GrpcLogAppender (GrpcLogAppender.java:timeoutAppendRequest(200)) - GrpcLogAppender(73b493f9-ae73-4742-accf-399c7df130fd->139f476c-7fe8-4a63-8b18-8c8a96cf6b87): appendEntries Timeout, request=73b493f9-ae73-4742-accf-399c7df130fd->139f476c-7fe8-4a63-8b18-8c8a96cf6b87#8849-t1, previous=(t:1, i:8823), leaderCommit=8808, initializing? false, entries: size=1, first=(t:1, i:8824), STATEMACHINELOGENTRY, client-D06D1AE7400A, cid=5738
2019-07-13 14:25:26,383 WARN  server.GrpcLogAppender (GrpcLogAppender.java:timeoutAppendRequest(200)) - GrpcLogAppender(73b493f9-ae73-4742-accf-399c7df130fd->139f476c-7fe8-4a63-8b18-8c8a96cf6b87): appendEntries Timeout, request=73b493f9-ae73-4742-accf-399c7df130fd->139f476c-7fe8-4a63-8b18-8c8a96cf6b87#8850-t1, previous=(t:1, i:8824), leaderCommit=8808, initializing? false, entries: size=1, first=(t:1, i:8825), STATEMACHINELOGENTRY, client-D06D1AE7400A, cid=5723
2019-07-13 14:25:26,383 WARN  server.GrpcLogAppender (GrpcLogAppender.java:timeoutAppendRequest(200)) - GrpcLogAppender(73b493f9-ae73-4742-accf-399c7df130fd->139f476c-7fe8-4a63-8b18-8c8a96cf6b87): appendEntries Timeout, request=73b493f9-ae73-4742-accf-399c7df130fd->139f476c-7fe8-4a63-8b18-8c8a96cf6b87#8851-t1, previous=(t:1, i:8825), leaderCommit=8808, initializing? false, entries: size=1, first=(t:1, i:8826), STATEMACHINELOGENTRY, client-D06D1AE7400A, cid=5739
2019-07-13 14:25:26,383 WARN  server.GrpcLogAppender (GrpcLogAppender.java:timeoutAppendRequest(200)) - GrpcLogAppender(73b493f9-ae73-4742-accf-399c7df130fd->139f476c-7fe8-4a63-8b18-8c8a96cf6b87): appendEntries Timeout, request=73b493f9-ae73-4742-accf-399c7df130fd->139f476c-7fe8-4a63-8b18-8c8a96cf6b87#8852-t1, previous=(t:1, i:8826), leaderCommit=8808, initializing? false, entries: size=1, first=(t:1, i:8827), STATEMACHINELOGENTRY, client-D06D1AE7400A, cid=5740
2019-07-13 14:25:26,383 WARN  server.GrpcLogAppender (GrpcLogAppender.java:timeoutAppendRequest(200)) - GrpcLogAppender(73b493f9-ae73-4742-accf-399c7df130fd->139f476c-7fe8-4a63-8b18-8c8a96cf6b87): appendEntries Timeout, request=73b493f9-ae73-4742-accf-399c7df130fd->139f476c-7fe8-4a63-8b18-8c8a96cf6b87#8853-t1, previous=(t:1, i:8827), leaderCommit=8808, initializing? false, entries: size=1, first=(t:1, i:8828), STATEMACHINELOGENTRY, client-D06D1AE7400A, cid=5741
 0.00% |█                                                                                                    |  0/100 Time: 0:00:05 0.00% |█                                                                                                    |  0/100 Time: 0:00:062019-07-13 14:25:28,184 WARN  server.GrpcLogAppender (GrpcLogAppender.java:onNextImpl(250)) - org.apache.ratis.grpc.server.GrpcLogAppender$AppendLogResponseHandler@7f399fd6: Request not found, ignoring reply: 73b493f9-ae73-4742-accf-399c7df130fd<-139f476c-7fe8-4a63-8b18-8c8a96cf6b87#8835:OK,SUCCESS,nextIndex:8811,term:1,followerCommit:8808
2019-07-13 14:25:28,184 WARN  server.GrpcLogAppender (GrpcLogAppender.java:onNextImpl(250)) - org.apache.ratis.grpc.server.GrpcLogAppender$AppendLogResponseHandler@7f399fd6: Request not found, ignoring reply: 73b493f9-ae73-4742-accf-399c7df130fd<-139f476c-7fe8-4a63-8b18-8c8a96cf6b87#8836:OK,SUCCESS,nextIndex:8812,term:1,followerCommit:8808
2019-07-13 14:25:28,184 WARN  server.GrpcLogAppender (GrpcLogAppender.java:onNextImpl(250)) - org.apache.ratis.grpc.server.GrpcLogAppender$AppendLogResponseHandler@7f399fd6: Request not found, ignoring reply: 73b493f9-ae73-4742-accf-399c7df130fd<-139f476c-7fe8-4a63-8b18-8c8a96cf6b87#8837:OK,SUCCESS,nextIndex:8813,term:1,followerCommit:8808
2019-07-13 14:25:28,185 WARN  server.GrpcLogAppender (GrpcLogAppender.java:onNextImpl(250)) - org.apache.ratis.grpc.server.GrpcLogAppender$AppendLogResponseHandler@7f399fd6: Request not found, ignoring reply: 73b493f9-ae73-4742-accf-399c7df130fd<-139f476c-7fe8-4a63-8b18-8c8a96cf6b87#8838:OK,SUCCESS,nextIndex:8814,term:1,followerCommit:8808
2019-07-13 14:25:28,187 WARN  server.GrpcLogAppender (GrpcLogAppender.java:onNextImpl(250)) - org.apache.ratis.grpc.server.GrpcLogAppender$AppendLogResponseHandler@7f399fd6: Request not found, ignoring reply: 73b493f9-ae73-4742-accf-399c7df130fd<-139f476c-7fe8-4a63-8b18-8c8a96cf6b87#8839:OK,SUCCESS,nextIndex:8815,term:1,followerCommit:8808
2019-07-13 14:25:28,187 WARN  server.GrpcLogAppender (GrpcLogAppender.java:onNextImpl(250)) - org.apache.ratis.grpc.server.GrpcLogAppender$AppendLogResponseHandler@7f399fd6: Request not found, ignoring reply: 73b493f9-ae73-4742-accf-399c7df130fd<-139f476c-7fe8-4a63-8b18-8c8a96cf6b87#8840:OK,SUCCESS,nextIndex:8816,term:1,followerCommit:8808
2019-07-13 14:25:28,187 WARN  server.GrpcLogAppender (GrpcLogAppender.java:onNextImpl(250)) - org.apache.ratis.grpc.server.GrpcLogAppender$AppendLogResponseHandler@7f399fd6: Request not found, ignoring reply: 73b493f9-ae73-4742-accf-399c7df130fd<-139f476c-7fe8-4a63-8b18-8c8a96cf6b87#8841:OK,SUCCESS,nextIndex:8817,term:1,followerCommit:8808
2019-07-13 14:25:28,188 WARN  server.GrpcLogAppender (GrpcLogAppender.java:onNextImpl(250)) - org.apache.ratis.grpc.server.GrpcLogAppender$AppendLogResponseHandler@7f399fd6: Request not found, ignoring reply: 73b493f9-ae73-4742-accf-399c7df130fd<-139f476c-7fe8-4a63-8b18-8c8a96cf6b87#8842:OK,SUCCESS,nextIndex:8818,term:1,followerCommit:8808
2019-07-13 14:25:28,188 WARN  server.GrpcLogAppender (GrpcLogAppender.java:onNextImpl(250)) - org.apache.ratis.grpc.server.GrpcLogAppender$AppendLogResponseHandler@7f399fd6: Request not found, ignoring reply: 73b493f9-ae73-4742-accf-399c7df130fd<-139f476c-7fe8-4a63-8b18-8c8a96cf6b87#8843:OK,SUCCESS,nextIndex:8819,term:1,followerCommit:8808
2019-07-13 14:25:28,188 WARN  server.GrpcLogAppender (GrpcLogAppender.java:onNextImpl(250)) - org.apache.ratis.grpc.server.GrpcLogAppender$AppendLogResponseHandler@7f399fd6: Request not found, ignoring reply: 73b493f9-ae73-4742-accf-399c7df130fd<-139f476c-7fe8-4a63-8b18-8c8a96cf6b87#8844:OK,SUCCESS,nextIndex:8820,term:1,followerCommit:8808
2019-07-13 14:25:28,188 WARN  server.GrpcLogAppender (GrpcLogAppender.java:onNextImpl(250)) - org.apache.ratis.grpc.server.GrpcLogAppender$AppendLogResponseHandler@7f399fd6: Request not found, ignoring reply: 73b493f9-ae73-4742-accf-399c7df130fd<-139f476c-7fe8-4a63-8b18-8c8a96cf6b87#8845:OK,SUCCESS,nextIndex:8821,term:1,followerCommit:8808
2019-07-13 14:25:28,188 WARN  server.GrpcLogAppender (GrpcLogAppender.java:onNextImpl(250)) - org.apache.ratis.grpc.server.GrpcLogAppender$AppendLogResponseHandler@7f399fd6: Request not found, ignoring reply: 73b493f9-ae73-4742-accf-399c7df130fd<-139f476c-7fe8-4a63-8b18-8c8a96cf6b87#8846:OK,SUCCESS,nextIndex:8822,term:1,followerCommit:8808
2019-07-13 14:25:28,189 WARN  server.GrpcLogAppender (GrpcLogAppender.java:onNextImpl(250)) - org.apache.ratis.grpc.server.GrpcLogAppender$AppendLogResponseHandler@7f399fd6: Request not found, ignoring reply: 73b493f9-ae73-4742-accf-399c7df130fd<-139f476c-7fe8-4a63-8b18-8c8a96cf6b87#8847:OK,SUCCESS,nextIndex:8823,term:1,followerCommit:8808
2019-07-13 14:25:28,189 WARN  server.GrpcLogAppender (GrpcLogAppender.java:onNextImpl(250)) - org.apache.ratis.grpc.server.GrpcLogAppender$AppendLogResponseHandler@7f399fd6: Request not found, ignoring reply: 73b493f9-ae73-4742-accf-399c7df130fd<-139f476c-7fe8-4a63-8b18-8c8a96cf6b87#8848:OK,SUCCESS,nextIndex:8824,term:1,followerCommit:8808
2019-07-13 14:25:28,189 WARN  server.GrpcLogAppender (GrpcLogAppender.java:onNextImpl(250)) - org.apache.ratis.grpc.server.GrpcLogAppender$AppendLogResponseHandler@7f399fd6: Request not found, ignoring reply: 73b493f9-ae73-4742-accf-399c7df130fd<-139f476c-7fe8-4a63-8b18-8c8a96cf6b87#8849:OK,SUCCESS,nextIndex:8825,term:1,followerCommit:8808
2019-07-13 14:25:28,189 WARN  server.GrpcLogAppender (GrpcLogAppender.java:onNextImpl(250)) - org.apache.ratis.grpc.server.GrpcLogAppender$AppendLogResponseHandler@7f399fd6: Request not found, ignoring reply: 73b493f9-ae73-4742-accf-399c7df130fd<-139f476c-7fe8-4a63-8b18-8c8a96cf6b87#8850:OK,SUCCESS,nextIndex:8826,term:1,followerCommit:8808
2019-07-13 14:25:28,190 WARN  server.GrpcLogAppender (GrpcLogAppender.java:onNextImpl(250)) - org.apache.ratis.grpc.server.GrpcLogAppender$AppendLogResponseHandler@7f399fd6: Request not found, ignoring reply: 73b493f9-ae73-4742-accf-399c7df130fd<-139f476c-7fe8-4a63-8b18-8c8a96cf6b87#8851:OK,SUCCESS,nextIndex:8827,term:1,followerCommit:8808
2019-07-13 14:25:28,190 WARN  server.GrpcLogAppender (GrpcLogAppender.java:onNextImpl(250)) - org.apache.ratis.grpc.server.GrpcLogAppender$AppendLogResponseHandler@7f399fd6: Request not found, ignoring reply: 73b493f9-ae73-4742-accf-399c7df130fd<-139f476c-7fe8-4a63-8b18-8c8a96cf6b87#8852:OK,SUCCESS,nextIndex:8828,term:1,followerCommit:8808
2019-07-13 14:25:28,190 WARN  server.GrpcLogAppender (GrpcLogAppender.java:onNextImpl(250)) - org.apache.ratis.grpc.server.GrpcLogAppender$AppendLogResponseHandler@7f399fd6: Request not found, ignoring reply: 73b493f9-ae73-4742-accf-399c7df130fd<-139f476c-7fe8-4a63-8b18-8c8a96cf6b87#8853:OK,SUCCESS,nextIndex:8829,term:1,followerCommit:8808
 0.00% |█                                                                                                    |  0/100 Time: 0:00:072019-07-13 14:25:28,816 WARN  server.GrpcLogAppender (GrpcLogAppender.java:timeoutAppendRequest(200)) - GrpcLogAppender(73b493f9-ae73-4742-accf-399c7df130fd->139f476c-7fe8-4a63-8b18-8c8a96cf6b87): appendEntries Timeout, request=73b493f9-ae73-4742-accf-399c7df130fd->139f476c-7fe8-4a63-8b18-8c8a96cf6b87#8854-t1, previous=(t:1, i:8828), leaderCommit=8812, initializing? false, entries: size=1, first=(t:1, i:8829), METADATAENTRY(c8810)
2019-07-13 14:25:28,817 WARN  server.GrpcLogAppender (GrpcLogAppender.java:timeoutAppendRequest(200)) - GrpcLogAppender(73b493f9-ae73-4742-accf-399c7df130fd->139f476c-7fe8-4a63-8b18-8c8a96cf6b87): appendEntries Timeout, request=73b493f9-ae73-4742-accf-399c7df130fd->139f476c-7fe8-4a63-8b18-8c8a96cf6b87#8855-t1, previous=(t:1, i:8829), leaderCommit=8812, initializing? false, entries: size=1, first=(t:1, i:8830), METADATAENTRY(c8812)
2019-07-13 14:25:28,824 WARN  server.GrpcLogAppender (GrpcLogAppender.java:timeoutAppendRequest(200)) - GrpcLogAppender(73b493f9-ae73-4742-accf-399c7df130fd->139f476c-7fe8-4a63-8b18-8c8a96cf6b87): appendEntries Timeout, request=73b493f9-ae73-4742-accf-399c7df130fd->139f476c-7fe8-4a63-8b18-8c8a96cf6b87#8856-t1, previous=(t:1, i:8830), leaderCommit=8818, initializing? false, entries: size=1, first=(t:1, i:8831), METADATAENTRY(c8818)
2019-07-13 14:25:28,825 WARN  server.GrpcLogAppender (GrpcLogAppender.java:timeoutAppendRequest(200)) - GrpcLogAppender(73b493f9-ae73-4742-accf-399c7df130fd->139f476c-7fe8-4a63-8b18-8c8a96cf6b87): appendEntries Timeout, request=73b493f9-ae73-4742-accf-399c7df130fd->139f476c-7fe8-4a63-8b18-8c8a96cf6b87#8857-t1, previous=(t:1, i:8831), leaderCommit=8825, initializing? false, entries: size=1, first=(t:1, i:8832), METADATAENTRY(c8825)
2019-07-13 14:25:28,827 WARN  server.GrpcLogAppender (GrpcLogAppender.java:timeoutAppendRequest(200)) - GrpcLogAppender(73b493f9-ae73-4742-accf-399c7df130fd->7c5123a2-69b6-4251-aec6-dbf2ea5b7f71): appendEntries Timeout, request=73b493f9-ae73-4742-accf-399c7df130fd->7c5123a2-69b6-4251-aec6-dbf2ea5b7f71#8858-t1, previous=(t:1, i:8832), leaderCommit=8826, initializing? false, entries: size=1, first=(t:1, i:8833), METADATAENTRY(c8826)
2019-07-13 14:25:28,827 WARN  server.GrpcLogAppender (GrpcLogAppender.java:timeoutAppendRequest(200)) - GrpcLogAppender(73b493f9-ae73-4742-accf-399c7df130fd->139f476c-7fe8-4a63-8b18-8c8a96cf6b87): appendEntries Timeout, request=73b493f9-ae73-4742-accf-399c7df130fd->139f476c-7fe8-4a63-8b18-8c8a96cf6b87#8858-t1, previous=(t:1, i:8832), leaderCommit=8826, initializing? false, entries: size=1, first=(t:1, i:8833), METADATAENTRY(c8826)
2019-07-13 14:25:28,827 WARN  server.GrpcLogAppender (GrpcLogAppender.java:timeoutAppendRequest(200)) - GrpcLogAppender(73b493f9-ae73-4742-accf-399c7df130fd->7c5123a2-69b6-4251-aec6-dbf2ea5b7f71): appendEntries Timeout, request=73b493f9-ae73-4742-accf-399c7df130fd->7c5123a2-69b6-4251-aec6-dbf2ea5b7f71#8859-t1, previous=(t:1, i:8833), leaderCommit=8828, initializing? false, entries: size=1, first=(t:1, i:8834), METADATAENTRY(c8828)
2019-07-13 14:25:28,827 WARN  server.GrpcLogAppender (GrpcLogAppender.java:timeoutAppendRequest(200)) - GrpcLogAppender(73b493f9-ae73-4742-accf-399c7df130fd->139f476c-7fe8-4a63-8b18-8c8a96cf6b87): appendEntries Timeout, request=73b493f9-ae73-4742-accf-399c7df130fd->139f476c-7fe8-4a63-8b18-8c8a96cf6b87#8859-t1, previous=(t:1, i:8833), leaderCommit=8828, initializing? false, entries: size=1, first=(t:1, i:8834), METADATAENTRY(c8828)
2019-07-13 14:25:28,858 WARN  server.GrpcLogAppender (GrpcLogAppender.java:onNextImpl(250)) - org.apache.ratis.grpc.server.GrpcLogAppender$AppendLogResponseHandler@7f399fd6: Request not found, ignoring reply: 73b493f9-ae73-4742-accf-399c7df130fd<-139f476c-7fe8-4a63-8b18-8c8a96cf6b87#8854:OK,SUCCESS,nextIndex:8830,term:1,followerCommit:8812
2019-07-13 14:25:28,859 WARN  server.GrpcLogAppender (GrpcLogAppender.java:onNextImpl(250)) - org.apache.ratis.grpc.server.GrpcLogAppender$AppendLogResponseHandler@4a3c6467: Request not found, ignoring reply: 73b493f9-ae73-4742-accf-399c7df130fd<-7c5123a2-69b6-4251-aec6-dbf2ea5b7f71#8858:OK,SUCCESS,nextIndex:8834,term:1,followerCommit:8826
2019-07-13 14:25:28,859 WARN  server.GrpcLogAppender (GrpcLogAppender.java:onNextImpl(250)) - org.apache.ratis.grpc.server.GrpcLogAppender$AppendLogResponseHandler@4a3c6467: Request not found, ignoring reply: 73b493f9-ae73-4742-accf-399c7df130fd<-7c5123a2-69b6-4251-aec6-dbf2ea5b7f71#8859:OK,SUCCESS,nextIndex:8835,term:1,followerCommit:8828
2019-07-13 14:25:28,859 WARN  server.GrpcLogAppender (GrpcLogAppender.java:onNextImpl(250)) - org.apache.ratis.grpc.server.GrpcLogAppender$AppendLogResponseHandler@7f399fd6: Request not found, ignoring reply: 73b493f9-ae73-4742-accf-399c7df130fd<-139f476c-7fe8-4a63-8b18-8c8a96cf6b87#8855:OK,SUCCESS,nextIndex:8831,term:1,followerCommit:8812
2019-07-13 14:25:28,860 WARN  server.GrpcLogAppender (GrpcLogAppender.java:onNextImpl(250)) - org.apache.ratis.grpc.server.GrpcLogAppender$AppendLogResponseHandler@7f399fd6: Request not found, ignoring reply: 73b493f9-ae73-4742-accf-399c7df130fd<-139f476c-7fe8-4a63-8b18-8c8a96cf6b87#8856:OK,SUCCESS,nextIndex:8832,term:1,followerCommit:8818
2019-07-13 14:25:28,860 WARN  server.GrpcLogAppender (GrpcLogAppender.java:onNextImpl(250)) - org.apache.ratis.grpc.server.GrpcLogAppender$AppendLogResponseHandler@7f399fd6: Request not found, ignoring reply: 73b493f9-ae73-4742-accf-399c7df130fd<-139f476c-7fe8-4a63-8b18-8c8a96cf6b87#8857:OK,SUCCESS,nextIndex:8833,term:1,followerCommit:8825
2019-07-13 14:25:28,860 WARN  server.GrpcLogAppender (GrpcLogAppender.java:onNextImpl(250)) - org.apache.ratis.grpc.server.GrpcLogAppender$AppendLogResponseHandler@7f399fd6: Request not found, ignoring reply: 73b493f9-ae73-4742-accf-399c7df130fd<-139f476c-7fe8-4a63-8b18-8c8a96cf6b87#8858:OK,SUCCESS,nextIndex:8834,term:1,followerCommit:8826
2019-07-13 14:25:28,861 WARN  server.GrpcLogAppender (GrpcLogAppender.java:onNextImpl(250)) - org.apache.ratis.grpc.server.GrpcLogAppender$AppendLogResponseHandler@7f399fd6: Request not found, ignoring reply: 73b493f9-ae73-4742-accf-399c7df130fd<-139f476c-7fe8-4a63-8b18-8c8a96cf6b87#8859:OK,SUCCESS,nextIndex:8835,term:1,followerCommit:8828
 0.00% |█                                                                                                    |  0/100 Time: 0:00:08 0.00% |█                                                                                                    |  0/100 Time: 0:00:092019-07-13 14:25:30,839 WARN  scm.XceiverClientRatis (XceiverClientRatis.java:watchForCommit(262)) - 3 way commit failed on pipeline Pipeline[ Id: e7959e08-bfd7-4cd2-93e6-69b904785340, Nodes: 139f476c-7fe8-4a63-8b18-8c8a96cf6b87{ip: 192.168.69.103, host: trunk-nightly-mhs6z-975101514, networkLocation: /default-rack, certSerialId: null}73b493f9-ae73-4742-accf-399c7df130fd{ip: 192.168.69.103, host: trunk-nightly-mhs6z-975101514, networkLocation: /default-rack, certSerialId: null}7c5123a2-69b6-4251-aec6-dbf2ea5b7f71{ip: 192.168.69.103, host: trunk-nightly-mhs6z-975101514, networkLocation: /default-rack, certSerialId: null}, Type:RATIS, Factor:THREE, State:OPEN]
java.util.concurrent.TimeoutException
	at java.util.concurrent.CompletableFuture.timedGet(CompletableFuture.java:1771)
	at java.util.concurrent.CompletableFuture.get(CompletableFuture.java:1915)
	at org.apache.hadoop.hdds.scm.XceiverClientRatis.watchForCommit(XceiverClientRatis.java:259)
	at org.apache.hadoop.hdds.scm.storage.CommitWatcher.watchForCommit(CommitWatcher.java:194)
	at org.apache.hadoop.hdds.scm.storage.CommitWatcher.watchOnLastIndex(CommitWatcher.java:157)
	at org.apache.hadoop.hdds.scm.storage.BlockOutputStream.watchForCommit(BlockOutputStream.java:355)
	at org.apache.hadoop.hdds.scm.storage.BlockOutputStream.handleFlush(BlockOutputStream.java:487)
	at org.apache.hadoop.hdds.scm.storage.BlockOutputStream.close(BlockOutputStream.java:501)
	at org.apache.hadoop.ozone.client.io.BlockOutputStreamEntry.close(BlockOutputStreamEntry.java:143)
	at org.apache.hadoop.ozone.client.io.KeyOutputStream.handleFlushOrClose(KeyOutputStream.java:434)
	at org.apache.hadoop.ozone.client.io.KeyOutputStream.close(KeyOutputStream.java:472)
	at org.apache.hadoop.ozone.client.io.OzoneOutputStream.close(OzoneOutputStream.java:60)
	at org.apache.hadoop.ozone.freon.RandomKeyGenerator$KeyProcessor.run(RandomKeyGenerator.java:696)
	at java.util.concurrent.Executors$RunnableAdapter.call(Executors.java:511)
	at java.util.concurrent.FutureTask.run(FutureTask.java:266)
	at java.util.concurrent.ThreadPoolExecutor.runWorker(ThreadPoolExecutor.java:1149)
	at java.util.concurrent.ThreadPoolExecutor$Worker.run(ThreadPoolExecutor.java:624)
	at java.lang.Thread.run(Thread.java:748)
2019-07-13 14:25:30,843 WARN  scm.XceiverClientRatis (XceiverClientRatis.java:watchForCommit(262)) - 3 way commit failed on pipeline Pipeline[ Id: e7959e08-bfd7-4cd2-93e6-69b904785340, Nodes: 139f476c-7fe8-4a63-8b18-8c8a96cf6b87{ip: 192.168.69.103, host: trunk-nightly-mhs6z-975101514, networkLocation: /default-rack, certSerialId: null}73b493f9-ae73-4742-accf-399c7df130fd{ip: 192.168.69.103, host: trunk-nightly-mhs6z-975101514, networkLocation: /default-rack, certSerialId: null}7c5123a2-69b6-4251-aec6-dbf2ea5b7f71{ip: 192.168.69.103, host: trunk-nightly-mhs6z-975101514, networkLocation: /default-rack, certSerialId: null}, Type:RATIS, Factor:THREE, State:OPEN]
java.util.concurrent.TimeoutException
	at java.util.concurrent.CompletableFuture.timedGet(CompletableFuture.java:1771)
	at java.util.concurrent.CompletableFuture.get(CompletableFuture.java:1915)
	at org.apache.hadoop.hdds.scm.XceiverClientRatis.watchForCommit(XceiverClientRatis.java:259)
	at org.apache.hadoop.hdds.scm.storage.CommitWatcher.watchForCommit(CommitWatcher.java:194)
	at org.apache.hadoop.hdds.scm.storage.CommitWatcher.watchOnLastIndex(CommitWatcher.java:157)
	at org.apache.hadoop.hdds.scm.storage.BlockOutputStream.watchForCommit(BlockOutputStream.java:355)
	at org.apache.hadoop.hdds.scm.storage.BlockOutputStream.handleFlush(BlockOutputStream.java:487)
	at org.apache.hadoop.hdds.scm.storage.BlockOutputStream.close(BlockOutputStream.java:501)
	at org.apache.hadoop.ozone.client.io.BlockOutputStreamEntry.close(BlockOutputStreamEntry.java:143)
	at org.apache.hadoop.ozone.client.io.KeyOutputStream.handleFlushOrClose(KeyOutputStream.java:434)
	at org.apache.hadoop.ozone.client.io.KeyOutputStream.close(KeyOutputStream.java:472)
	at org.apache.hadoop.ozone.client.io.OzoneOutputStream.close(OzoneOutputStream.java:60)
	at org.apache.hadoop.ozone.freon.RandomKeyGenerator$KeyProcessor.run(RandomKeyGenerator.java:696)
	at java.util.concurrent.Executors$RunnableAdapter.call(Executors.java:511)
	at java.util.concurrent.FutureTask.run(FutureTask.java:266)
	at java.util.concurrent.ThreadPoolExecutor.runWorker(ThreadPoolExecutor.java:1149)
	at java.util.concurrent.ThreadPoolExecutor$Worker.run(ThreadPoolExecutor.java:624)
	at java.lang.Thread.run(Thread.java:748)
2019-07-13 14:25:30,843 WARN  scm.XceiverClientRatis (XceiverClientRatis.java:watchForCommit(262)) - 3 way commit failed on pipeline Pipeline[ Id: e7959e08-bfd7-4cd2-93e6-69b904785340, Nodes: 139f476c-7fe8-4a63-8b18-8c8a96cf6b87{ip: 192.168.69.103, host: trunk-nightly-mhs6z-975101514, networkLocation: /default-rack, certSerialId: null}73b493f9-ae73-4742-accf-399c7df130fd{ip: 192.168.69.103, host: trunk-nightly-mhs6z-975101514, networkLocation: /default-rack, certSerialId: null}7c5123a2-69b6-4251-aec6-dbf2ea5b7f71{ip: 192.168.69.103, host: trunk-nightly-mhs6z-975101514, networkLocation: /default-rack, certSerialId: null}, Type:RATIS, Factor:THREE, State:OPEN]
java.util.concurrent.TimeoutException
	at java.util.concurrent.CompletableFuture.timedGet(CompletableFuture.java:1771)
	at java.util.concurrent.CompletableFuture.get(CompletableFuture.java:1915)
	at org.apache.hadoop.hdds.scm.XceiverClientRatis.watchForCommit(XceiverClientRatis.java:259)
	at org.apache.hadoop.hdds.scm.storage.CommitWatcher.watchForCommit(CommitWatcher.java:194)
	at org.apache.hadoop.hdds.scm.storage.CommitWatcher.watchOnLastIndex(CommitWatcher.java:157)
	at org.apache.hadoop.hdds.scm.storage.BlockOutputStream.watchForCommit(BlockOutputStream.java:355)
	at org.apache.hadoop.hdds.scm.storage.BlockOutputStream.handleFlush(BlockOutputStream.java:487)
	at org.apache.hadoop.hdds.scm.storage.BlockOutputStream.close(BlockOutputStream.java:501)
	at org.apache.hadoop.ozone.client.io.BlockOutputStreamEntry.close(BlockOutputStreamEntry.java:143)
	at org.apache.hadoop.ozone.client.io.KeyOutputStream.handleFlushOrClose(KeyOutputStream.java:434)
	at org.apache.hadoop.ozone.client.io.KeyOutputStream.close(KeyOutputStream.java:472)
	at org.apache.hadoop.ozone.client.io.OzoneOutputStream.close(OzoneOutputStream.java:60)
	at org.apache.hadoop.ozone.freon.RandomKeyGenerator$KeyProcessor.run(RandomKeyGenerator.java:696)
	at java.util.concurrent.Executors$RunnableAdapter.call(Executors.java:511)
	at java.util.concurrent.FutureTask.run(FutureTask.java:266)
	at java.util.concurrent.ThreadPoolExecutor.runWorker(ThreadPoolExecutor.java:1149)
	at java.util.concurrent.ThreadPoolExecutor$Worker.run(ThreadPoolExecutor.java:624)
	at java.lang.Thread.run(Thread.java:748)
2019-07-13 14:25:30,850 INFO  client.GrpcClientProtocolClient (GrpcClientProtocolClient.java:onNext(255)) - client-D06D1AE7400A->73b493f9-ae73-4742-accf-399c7df130fd: receive RaftClientReply:client-D06D1AE7400A->73b493f9-ae73-4742-accf-399c7df130fd@group-69B904785340, cid=5752, SUCCESS, logIndex=0, commits[73b493f9-ae73-4742-accf-399c7df130fd:c8832, 7c5123a2-69b6-4251-aec6-dbf2ea5b7f71:c8825, 139f476c-7fe8-4a63-8b18-8c8a96cf6b87:c8808]
2019-07-13 14:25:30,843 WARN  scm.XceiverClientRatis (XceiverClientRatis.java:watchForCommit(262)) - 3 way commit failed on pipeline Pipeline[ Id: e7959e08-bfd7-4cd2-93e6-69b904785340, Nodes: 139f476c-7fe8-4a63-8b18-8c8a96cf6b87{ip: 192.168.69.103, host: trunk-nightly-mhs6z-975101514, networkLocation: /default-rack, certSerialId: null}73b493f9-ae73-4742-accf-399c7df130fd{ip: 192.168.69.103, host: trunk-nightly-mhs6z-975101514, networkLocation: /default-rack, certSerialId: null}7c5123a2-69b6-4251-aec6-dbf2ea5b7f71{ip: 192.168.69.103, host: trunk-nightly-mhs6z-975101514, networkLocation: /default-rack, certSerialId: null}, Type:RATIS, Factor:THREE, State:OPEN]
java.util.concurrent.TimeoutException
	at java.util.concurrent.CompletableFuture.timedGet(CompletableFuture.java:1771)
	at java.util.concurrent.CompletableFuture.get(CompletableFuture.java:1915)
	at org.apache.hadoop.hdds.scm.XceiverClientRatis.watchForCommit(XceiverClientRatis.java:259)
	at org.apache.hadoop.hdds.scm.storage.CommitWatcher.watchForCommit(CommitWatcher.java:194)
	at org.apache.hadoop.hdds.scm.storage.CommitWatcher.watchOnLastIndex(CommitWatcher.java:157)
	at org.apache.hadoop.hdds.scm.storage.BlockOutputStream.watchForCommit(BlockOutputStream.java:355)
	at org.apache.hadoop.hdds.scm.storage.BlockOutputStream.handleFlush(BlockOutputStream.java:487)
	at org.apache.hadoop.hdds.scm.storage.BlockOutputStream.close(BlockOutputStream.java:501)
	at org.apache.hadoop.ozone.client.io.BlockOutputStreamEntry.close(BlockOutputStreamEntry.java:143)
	at org.apache.hadoop.ozone.client.io.KeyOutputStream.handleFlushOrClose(KeyOutputStream.java:434)
	at org.apache.hadoop.ozone.client.io.KeyOutputStream.close(KeyOutputStream.java:472)
	at org.apache.hadoop.ozone.client.io.OzoneOutputStream.close(OzoneOutputStream.java:60)
	at org.apache.hadoop.ozone.freon.RandomKeyGenerator$KeyProcessor.run(RandomKeyGenerator.java:696)
	at java.util.concurrent.Executors$RunnableAdapter.call(Executors.java:511)
	at java.util.concurrent.FutureTask.run(FutureTask.java:266)
	at java.util.concurrent.ThreadPoolExecutor.runWorker(ThreadPoolExecutor.java:1149)
	at java.util.concurrent.ThreadPoolExecutor$Worker.run(ThreadPoolExecutor.java:624)
	at java.lang.Thread.run(Thread.java:748)
2019-07-13 14:25:30,843 WARN  scm.XceiverClientRatis (XceiverClientRatis.java:watchForCommit(262)) - 3 way commit failed on pipeline Pipeline[ Id: e7959e08-bfd7-4cd2-93e6-69b904785340, Nodes: 139f476c-7fe8-4a63-8b18-8c8a96cf6b87{ip: 192.168.69.103, host: trunk-nightly-mhs6z-975101514, networkLocation: /default-rack, certSerialId: null}73b493f9-ae73-4742-accf-399c7df130fd{ip: 192.168.69.103, host: trunk-nightly-mhs6z-975101514, networkLocation: /default-rack, certSerialId: null}7c5123a2-69b6-4251-aec6-dbf2ea5b7f71{ip: 192.168.69.103, host: trunk-nightly-mhs6z-975101514, networkLocation: /default-rack, certSerialId: null}, Type:RATIS, Factor:THREE, State:OPEN]
java.util.concurrent.TimeoutException
	at java.util.concurrent.CompletableFuture.timedGet(CompletableFuture.java:1771)
	at java.util.concurrent.CompletableFuture.get(CompletableFuture.java:1915)
	at org.apache.hadoop.hdds.scm.XceiverClientRatis.watchForCommit(XceiverClientRatis.java:259)
	at org.apache.hadoop.hdds.scm.storage.CommitWatcher.watchForCommit(CommitWatcher.java:194)
	at org.apache.hadoop.hdds.scm.storage.CommitWatcher.watchOnLastIndex(CommitWatcher.java:157)
	at org.apache.hadoop.hdds.scm.storage.BlockOutputStream.watchForCommit(BlockOutputStream.java:355)
	at org.apache.hadoop.hdds.scm.storage.BlockOutputStream.handleFlush(BlockOutputStream.java:487)
	at org.apache.hadoop.hdds.scm.storage.BlockOutputStream.close(BlockOutputStream.java:501)
	at org.apache.hadoop.ozone.client.io.BlockOutputStreamEntry.close(BlockOutputStreamEntry.java:143)
	at org.apache.hadoop.ozone.client.io.KeyOutputStream.handleFlushOrClose(KeyOutputStream.java:434)
	at org.apache.hadoop.ozone.client.io.KeyOutputStream.close(KeyOutputStream.java:472)
	at org.apache.hadoop.ozone.client.io.OzoneOutputStream.close(OzoneOutputStream.java:60)
	at org.apache.hadoop.ozone.freon.RandomKeyGenerator$KeyProcessor.run(RandomKeyGenerator.java:696)
	at java.util.concurrent.Executors$RunnableAdapter.call(Executors.java:511)
	at java.util.concurrent.FutureTask.run(FutureTask.java:266)
	at java.util.concurrent.ThreadPoolExecutor.runWorker(ThreadPoolExecutor.java:1149)
	at java.util.concurrent.ThreadPoolExecutor$Worker.run(ThreadPoolExecutor.java:624)
	at java.lang.Thread.run(Thread.java:748)
2019-07-13 14:25:30,839 WARN  scm.XceiverClientRatis (XceiverClientRatis.java:watchForCommit(262)) - 3 way commit failed on pipeline Pipeline[ Id: e7959e08-bfd7-4cd2-93e6-69b904785340, Nodes: 139f476c-7fe8-4a63-8b18-8c8a96cf6b87{ip: 192.168.69.103, host: trunk-nightly-mhs6z-975101514, networkLocation: /default-rack, certSerialId: null}73b493f9-ae73-4742-accf-399c7df130fd{ip: 192.168.69.103, host: trunk-nightly-mhs6z-975101514, networkLocation: /default-rack, certSerialId: null}7c5123a2-69b6-4251-aec6-dbf2ea5b7f71{ip: 192.168.69.103, host: trunk-nightly-mhs6z-975101514, networkLocation: /default-rack, certSerialId: null}, Type:RATIS, Factor:THREE, State:OPEN]
java.util.concurrent.TimeoutException
	at java.util.concurrent.CompletableFuture.timedGet(CompletableFuture.java:1771)
	at java.util.concurrent.CompletableFuture.get(CompletableFuture.java:1915)
	at org.apache.hadoop.hdds.scm.XceiverClientRatis.watchForCommit(XceiverClientRatis.java:259)
	at org.apache.hadoop.hdds.scm.storage.CommitWatcher.watchForCommit(CommitWatcher.java:194)
	at org.apache.hadoop.hdds.scm.storage.CommitWatcher.watchOnLastIndex(CommitWatcher.java:157)
	at org.apache.hadoop.hdds.scm.storage.BlockOutputStream.watchForCommit(BlockOutputStream.java:355)
	at org.apache.hadoop.hdds.scm.storage.BlockOutputStream.handleFlush(BlockOutputStream.java:487)
	at org.apache.hadoop.hdds.scm.storage.BlockOutputStream.close(BlockOutputStream.java:501)
	at org.apache.hadoop.ozone.client.io.BlockOutputStreamEntry.close(BlockOutputStreamEntry.java:143)
	at org.apache.hadoop.ozone.client.io.KeyOutputStream.handleFlushOrClose(KeyOutputStream.java:434)
	at org.apache.hadoop.ozone.client.io.KeyOutputStream.close(KeyOutputStream.java:472)
	at org.apache.hadoop.ozone.client.io.OzoneOutputStream.close(OzoneOutputStream.java:60)
	at org.apache.hadoop.ozone.freon.RandomKeyGenerator$KeyProcessor.run(RandomKeyGenerator.java:696)
	at java.util.concurrent.Executors$RunnableAdapter.call(Executors.java:511)
	at java.util.concurrent.FutureTask.run(FutureTask.java:266)
	at java.util.concurrent.ThreadPoolExecutor.runWorker(ThreadPoolExecutor.java:1149)
	at java.util.concurrent.ThreadPoolExecutor$Worker.run(ThreadPoolExecutor.java:624)
	at java.lang.Thread.run(Thread.java:748)
2019-07-13 14:25:30,839 WARN  scm.XceiverClientRatis (XceiverClientRatis.java:watchForCommit(262)) - 3 way commit failed on pipeline Pipeline[ Id: e7959e08-bfd7-4cd2-93e6-69b904785340, Nodes: 139f476c-7fe8-4a63-8b18-8c8a96cf6b87{ip: 192.168.69.103, host: trunk-nightly-mhs6z-975101514, networkLocation: /default-rack, certSerialId: null}73b493f9-ae73-4742-accf-399c7df130fd{ip: 192.168.69.103, host: trunk-nightly-mhs6z-975101514, networkLocation: /default-rack, certSerialId: null}7c5123a2-69b6-4251-aec6-dbf2ea5b7f71{ip: 192.168.69.103, host: trunk-nightly-mhs6z-975101514, networkLocation: /default-rack, certSerialId: null}, Type:RATIS, Factor:THREE, State:OPEN]
java.util.concurrent.TimeoutException
	at java.util.concurrent.CompletableFuture.timedGet(CompletableFuture.java:1771)
	at java.util.concurrent.CompletableFuture.get(CompletableFuture.java:1915)
	at org.apache.hadoop.hdds.scm.XceiverClientRatis.watchForCommit(XceiverClientRatis.java:259)
	at org.apache.hadoop.hdds.scm.storage.CommitWatcher.watchForCommit(CommitWatcher.java:194)
	at org.apache.hadoop.hdds.scm.storage.CommitWatcher.watchOnLastIndex(CommitWatcher.java:157)
	at org.apache.hadoop.hdds.scm.storage.BlockOutputStream.watchForCommit(BlockOutputStream.java:355)
	at org.apache.hadoop.hdds.scm.storage.BlockOutputStream.handleFlush(BlockOutputStream.java:487)
	at org.apache.hadoop.hdds.scm.storage.BlockOutputStream.close(BlockOutputStream.java:501)
	at org.apache.hadoop.ozone.client.io.BlockOutputStreamEntry.close(BlockOutputStreamEntry.java:143)
	at org.apache.hadoop.ozone.client.io.KeyOutputStream.handleFlushOrClose(KeyOutputStream.java:434)
	at org.apache.hadoop.ozone.client.io.KeyOutputStream.close(KeyOutputStream.java:472)
	at org.apache.hadoop.ozone.client.io.OzoneOutputStream.close(OzoneOutputStream.java:60)
	at org.apache.hadoop.ozone.freon.RandomKeyGenerator$KeyProcessor.run(RandomKeyGenerator.java:696)
	at java.util.concurrent.Executors$RunnableAdapter.call(Executors.java:511)
	at java.util.concurrent.FutureTask.run(FutureTask.java:266)
	at java.util.concurrent.ThreadPoolExecutor.runWorker(ThreadPoolExecutor.java:1149)
	at java.util.concurrent.ThreadPoolExecutor$Worker.run(ThreadPoolExecutor.java:624)
	at java.lang.Thread.run(Thread.java:748)
2019-07-13 14:25:30,839 WARN  scm.XceiverClientRatis (XceiverClientRatis.java:watchForCommit(262)) - 3 way commit failed on pipeline Pipeline[ Id: e7959e08-bfd7-4cd2-93e6-69b904785340, Nodes: 139f476c-7fe8-4a63-8b18-8c8a96cf6b87{ip: 192.168.69.103, host: trunk-nightly-mhs6z-975101514, networkLocation: /default-rack, certSerialId: null}73b493f9-ae73-4742-accf-399c7df130fd{ip: 192.168.69.103, host: trunk-nightly-mhs6z-975101514, networkLocation: /default-rack, certSerialId: null}7c5123a2-69b6-4251-aec6-dbf2ea5b7f71{ip: 192.168.69.103, host: trunk-nightly-mhs6z-975101514, networkLocation: /default-rack, certSerialId: null}, Type:RATIS, Factor:THREE, State:OPEN]
java.util.concurrent.TimeoutException
	at java.util.concurrent.CompletableFuture.timedGet(CompletableFuture.java:1771)
	at java.util.concurrent.CompletableFuture.get(CompletableFuture.java:1915)
	at org.apache.hadoop.hdds.scm.XceiverClientRatis.watchForCommit(XceiverClientRatis.java:259)
	at org.apache.hadoop.hdds.scm.storage.CommitWatcher.watchForCommit(CommitWatcher.java:194)
	at org.apache.hadoop.hdds.scm.storage.CommitWatcher.watchOnLastIndex(CommitWatcher.java:157)
	at org.apache.hadoop.hdds.scm.storage.BlockOutputStream.watchForCommit(BlockOutputStream.java:355)
	at org.apache.hadoop.hdds.scm.storage.BlockOutputStream.handleFlush(BlockOutputStream.java:487)
	at org.apache.hadoop.hdds.scm.storage.BlockOutputStream.close(BlockOutputStream.java:501)
	at org.apache.hadoop.ozone.client.io.BlockOutputStreamEntry.close(BlockOutputStreamEntry.java:143)
	at org.apache.hadoop.ozone.client.io.KeyOutputStream.handleFlushOrClose(KeyOutputStream.java:434)
	at org.apache.hadoop.ozone.client.io.KeyOutputStream.close(KeyOutputStream.java:472)
	at org.apache.hadoop.ozone.client.io.OzoneOutputStream.close(OzoneOutputStream.java:60)
	at org.apache.hadoop.ozone.freon.RandomKeyGenerator$KeyProcessor.run(RandomKeyGenerator.java:696)
	at java.util.concurrent.Executors$RunnableAdapter.call(Executors.java:511)
	at java.util.concurrent.FutureTask.run(FutureTask.java:266)
	at java.util.concurrent.ThreadPoolExecutor.runWorker(ThreadPoolExecutor.java:1149)
	at java.util.concurrent.ThreadPoolExecutor$Worker.run(ThreadPoolExecutor.java:624)
	at java.lang.Thread.run(Thread.java:748)
2019-07-13 14:25:30,839 WARN  scm.XceiverClientRatis (XceiverClientRatis.java:watchForCommit(262)) - 3 way commit failed on pipeline Pipeline[ Id: e7959e08-bfd7-4cd2-93e6-69b904785340, Nodes: 139f476c-7fe8-4a63-8b18-8c8a96cf6b87{ip: 192.168.69.103, host: trunk-nightly-mhs6z-975101514, networkLocation: /default-rack, certSerialId: null}73b493f9-ae73-4742-accf-399c7df130fd{ip: 192.168.69.103, host: trunk-nightly-mhs6z-975101514, networkLocation: /default-rack, certSerialId: null}7c5123a2-69b6-4251-aec6-dbf2ea5b7f71{ip: 192.168.69.103, host: trunk-nightly-mhs6z-975101514, networkLocation: /default-rack, certSerialId: null}, Type:RATIS, Factor:THREE, State:OPEN]
java.util.concurrent.TimeoutException
	at java.util.concurrent.CompletableFuture.timedGet(CompletableFuture.java:1771)
	at java.util.concurrent.CompletableFuture.get(CompletableFuture.java:1915)
	at org.apache.hadoop.hdds.scm.XceiverClientRatis.watchForCommit(XceiverClientRatis.java:259)
	at org.apache.hadoop.hdds.scm.storage.CommitWatcher.watchForCommit(CommitWatcher.java:194)
	at org.apache.hadoop.hdds.scm.storage.CommitWatcher.watchOnLastIndex(CommitWatcher.java:157)
	at org.apache.hadoop.hdds.scm.storage.BlockOutputStream.watchForCommit(BlockOutputStream.java:355)
	at org.apache.hadoop.hdds.scm.storage.BlockOutputStream.handleFlush(BlockOutputStream.java:487)
	at org.apache.hadoop.hdds.scm.storage.BlockOutputStream.close(BlockOutputStream.java:501)
	at org.apache.hadoop.ozone.client.io.BlockOutputStreamEntry.close(BlockOutputStreamEntry.java:143)
	at org.apache.hadoop.ozone.client.io.KeyOutputStream.handleFlushOrClose(KeyOutputStream.java:434)
	at org.apache.hadoop.ozone.client.io.KeyOutputStream.close(KeyOutputStream.java:472)
	at org.apache.hadoop.ozone.client.io.OzoneOutputStream.close(OzoneOutputStream.java:60)
	at org.apache.hadoop.ozone.freon.RandomKeyGenerator$KeyProcessor.run(RandomKeyGenerator.java:696)
	at java.util.concurrent.Executors$RunnableAdapter.call(Executors.java:511)
	at java.util.concurrent.FutureTask.run(FutureTask.java:266)
	at java.util.concurrent.ThreadPoolExecutor.runWorker(ThreadPoolExecutor.java:1149)
	at java.util.concurrent.ThreadPoolExecutor$Worker.run(ThreadPoolExecutor.java:624)
	at java.lang.Thread.run(Thread.java:748)
2019-07-13 14:25:30,839 WARN  scm.XceiverClientRatis (XceiverClientRatis.java:watchForCommit(262)) - 3 way commit failed on pipeline Pipeline[ Id: e7959e08-bfd7-4cd2-93e6-69b904785340, Nodes: 139f476c-7fe8-4a63-8b18-8c8a96cf6b87{ip: 192.168.69.103, host: trunk-nightly-mhs6z-975101514, networkLocation: /default-rack, certSerialId: null}73b493f9-ae73-4742-accf-399c7df130fd{ip: 192.168.69.103, host: trunk-nightly-mhs6z-975101514, networkLocation: /default-rack, certSerialId: null}7c5123a2-69b6-4251-aec6-dbf2ea5b7f71{ip: 192.168.69.103, host: trunk-nightly-mhs6z-975101514, networkLocation: /default-rack, certSerialId: null}, Type:RATIS, Factor:THREE, State:OPEN]
java.util.concurrent.TimeoutException
	at java.util.concurrent.CompletableFuture.timedGet(CompletableFuture.java:1771)
	at java.util.concurrent.CompletableFuture.get(CompletableFuture.java:1915)
	at org.apache.hadoop.hdds.scm.XceiverClientRatis.watchForCommit(XceiverClientRatis.java:259)
	at org.apache.hadoop.hdds.scm.storage.CommitWatcher.watchForCommit(CommitWatcher.java:194)
	at org.apache.hadoop.hdds.scm.storage.CommitWatcher.watchOnLastIndex(CommitWatcher.java:157)
	at org.apache.hadoop.hdds.scm.storage.BlockOutputStream.watchForCommit(BlockOutputStream.java:355)
	at org.apache.hadoop.hdds.scm.storage.BlockOutputStream.handleFlush(BlockOutputStream.java:487)
	at org.apache.hadoop.hdds.scm.storage.BlockOutputStream.close(BlockOutputStream.java:501)
	at org.apache.hadoop.ozone.client.io.BlockOutputStreamEntry.close(BlockOutputStreamEntry.java:143)
	at org.apache.hadoop.ozone.client.io.KeyOutputStream.handleFlushOrClose(KeyOutputStream.java:434)
	at org.apache.hadoop.ozone.client.io.KeyOutputStream.close(KeyOutputStream.java:472)
	at org.apache.hadoop.ozone.client.io.OzoneOutputStream.close(OzoneOutputStream.java:60)
	at org.apache.hadoop.ozone.freon.RandomKeyGenerator$KeyProcessor.run(RandomKeyGenerator.java:696)
	at java.util.concurrent.Executors$RunnableAdapter.call(Executors.java:511)
	at java.util.concurrent.FutureTask.run(FutureTask.java:266)
	at java.util.concurrent.ThreadPoolExecutor.runWorker(ThreadPoolExecutor.java:1149)
	at java.util.concurrent.ThreadPoolExecutor$Worker.run(ThreadPoolExecutor.java:624)
	at java.lang.Thread.run(Thread.java:748)
2019-07-13 14:25:30,870 INFO  scm.XceiverClientRatis (XceiverClientRatis.java:lambda$watchForCommit$7(280)) - Could not commit index 8816 on pipeline Pipeline[ Id: e7959e08-bfd7-4cd2-93e6-69b904785340, Nodes: 139f476c-7fe8-4a63-8b18-8c8a96cf6b87{ip: 192.168.69.103, host: trunk-nightly-mhs6z-975101514, networkLocation: /default-rack, certSerialId: null}73b493f9-ae73-4742-accf-399c7df130fd{ip: 192.168.69.103, host: trunk-nightly-mhs6z-975101514, networkLocation: /default-rack, certSerialId: null}7c5123a2-69b6-4251-aec6-dbf2ea5b7f71{ip: 192.168.69.103, host: trunk-nightly-mhs6z-975101514, networkLocation: /default-rack, certSerialId: null}, Type:RATIS, Factor:THREE, State:OPEN] to all the nodes. Server 139f476c-7fe8-4a63-8b18-8c8a96cf6b87 has failed. Committed by majority.
2019-07-13 14:25:30,855 INFO  client.GrpcClientProtocolClient (GrpcClientProtocolClient.java:onNext(255)) - client-D06D1AE7400A->73b493f9-ae73-4742-accf-399c7df130fd: receive RaftClientReply:client-D06D1AE7400A->73b493f9-ae73-4742-accf-399c7df130fd@group-69B904785340, cid=5754, SUCCESS, logIndex=0, commits[73b493f9-ae73-4742-accf-399c7df130fd:c8832, 7c5123a2-69b6-4251-aec6-dbf2ea5b7f71:c8825, 139f476c-7fe8-4a63-8b18-8c8a96cf6b87:c8808]
2019-07-13 14:25:30,879 WARN  storage.BlockOutputStream (BlockOutputStream.java:watchForCommit(361)) - Failed to commit BlockId conID: 3 locID: 102434597884527526 bcsId: 8816 on Pipeline[ Id: e7959e08-bfd7-4cd2-93e6-69b904785340, Nodes: 139f476c-7fe8-4a63-8b18-8c8a96cf6b87{ip: 192.168.69.103, host: trunk-nightly-mhs6z-975101514, networkLocation: /default-rack, certSerialId: null}73b493f9-ae73-4742-accf-399c7df130fd{ip: 192.168.69.103, host: trunk-nightly-mhs6z-975101514, networkLocation: /default-rack, certSerialId: null}7c5123a2-69b6-4251-aec6-dbf2ea5b7f71{ip: 192.168.69.103, host: trunk-nightly-mhs6z-975101514, networkLocation: /default-rack, certSerialId: null}, Type:RATIS, Factor:THREE, State:OPEN]. Failed nodes: [139f476c-7fe8-4a63-8b18-8c8a96cf6b87{ip: null, host: null, networkLocation: /default-rack, certSerialId: null}]
2019-07-13 14:25:30,881 INFO  client.GrpcClientProtocolClient (GrpcClientProtocolClient.java:onNext(255)) - client-D06D1AE7400A->73b493f9-ae73-4742-accf-399c7df130fd: receive RaftClientReply:client-D06D1AE7400A->73b493f9-ae73-4742-accf-399c7df130fd@group-69B904785340, cid=5757, SUCCESS, logIndex=0, commits[73b493f9-ae73-4742-accf-399c7df130fd:c8832, 7c5123a2-69b6-4251-aec6-dbf2ea5b7f71:c8825, 139f476c-7fe8-4a63-8b18-8c8a96cf6b87:c8808]
2019-07-13 14:25:30,881 INFO  scm.XceiverClientRatis (XceiverClientRatis.java:lambda$watchForCommit$7(280)) - Could not commit index 8824 on pipeline Pipeline[ Id: e7959e08-bfd7-4cd2-93e6-69b904785340, Nodes: 139f476c-7fe8-4a63-8b18-8c8a96cf6b87{ip: 192.168.69.103, host: trunk-nightly-mhs6z-975101514, networkLocation: /default-rack, certSerialId: null}73b493f9-ae73-4742-accf-399c7df130fd{ip: 192.168.69.103, host: trunk-nightly-mhs6z-975101514, networkLocation: /default-rack, certSerialId: null}7c5123a2-69b6-4251-aec6-dbf2ea5b7f71{ip: 192.168.69.103, host: trunk-nightly-mhs6z-975101514, networkLocation: /default-rack, certSerialId: null}, Type:RATIS, Factor:THREE, State:OPEN] to all the nodes. Server 139f476c-7fe8-4a63-8b18-8c8a96cf6b87 has failed. Committed by majority.
2019-07-13 14:25:30,883 INFO  client.GrpcClientProtocolClient (GrpcClientProtocolClient.java:onNext(255)) - client-D06D1AE7400A->73b493f9-ae73-4742-accf-399c7df130fd: receive RaftClientReply:client-D06D1AE7400A->73b493f9-ae73-4742-accf-399c7df130fd@group-69B904785340, cid=5758, SUCCESS, logIndex=0, commits[73b493f9-ae73-4742-accf-399c7df130fd:c8832, 7c5123a2-69b6-4251-aec6-dbf2ea5b7f71:c8825, 139f476c-7fe8-4a63-8b18-8c8a96cf6b87:c8808]
2019-07-13 14:25:30,883 WARN  storage.BlockOutputStream (BlockOutputStream.java:watchForCommit(361)) - Failed to commit BlockId conID: 2 locID: 102434597884527520 bcsId: 8824 on Pipeline[ Id: e7959e08-bfd7-4cd2-93e6-69b904785340, Nodes: 139f476c-7fe8-4a63-8b18-8c8a96cf6b87{ip: 192.168.69.103, host: trunk-nightly-mhs6z-975101514, networkLocation: /default-rack, certSerialId: null}73b493f9-ae73-4742-accf-399c7df130fd{ip: 192.168.69.103, host: trunk-nightly-mhs6z-975101514, networkLocation: /default-rack, certSerialId: null}7c5123a2-69b6-4251-aec6-dbf2ea5b7f71{ip: 192.168.69.103, host: trunk-nightly-mhs6z-975101514, networkLocation: /default-rack, certSerialId: null}, Type:RATIS, Factor:THREE, State:OPEN]. Failed nodes: [139f476c-7fe8-4a63-8b18-8c8a96cf6b87{ip: null, host: null, networkLocation: /default-rack, certSerialId: null}]
2019-07-13 14:25:30,887 INFO  scm.XceiverClientRatis (XceiverClientRatis.java:lambda$watchForCommit$7(280)) - Could not commit index 8815 on pipeline Pipeline[ Id: e7959e08-bfd7-4cd2-93e6-69b904785340, Nodes: 139f476c-7fe8-4a63-8b18-8c8a96cf6b87{ip: 192.168.69.103, host: trunk-nightly-mhs6z-975101514, networkLocation: /default-rack, certSerialId: null}73b493f9-ae73-4742-accf-399c7df130fd{ip: 192.168.69.103, host: trunk-nightly-mhs6z-975101514, networkLocation: /default-rack, certSerialId: null}7c5123a2-69b6-4251-aec6-dbf2ea5b7f71{ip: 192.168.69.103, host: trunk-nightly-mhs6z-975101514, networkLocation: /default-rack, certSerialId: null}, Type:RATIS, Factor:THREE, State:OPEN] to all the nodes. Server 139f476c-7fe8-4a63-8b18-8c8a96cf6b87 has failed. Committed by majority.
2019-07-13 14:25:30,885 ERROR freon.RandomKeyGenerator (RandomKeyGenerator.java:run(718)) - Exception while adding key: key-0-45893 in bucket: bucket-0-41298 of volume: vol-8-45135.
java.lang.UnsupportedOperationException
	at java.util.AbstractList.add(AbstractList.java:148)
	at java.util.AbstractList.add(AbstractList.java:108)
	at java.util.AbstractCollection.addAll(AbstractCollection.java:344)
	at org.apache.hadoop.hdds.scm.storage.BlockOutputStream.watchForCommit(BlockOutputStream.java:363)
	at org.apache.hadoop.hdds.scm.storage.BlockOutputStream.handleFlush(BlockOutputStream.java:487)
	at org.apache.hadoop.hdds.scm.storage.BlockOutputStream.close(BlockOutputStream.java:501)
	at org.apache.hadoop.ozone.client.io.BlockOutputStreamEntry.close(BlockOutputStreamEntry.java:143)
	at org.apache.hadoop.ozone.client.io.KeyOutputStream.handleFlushOrClose(KeyOutputStream.java:434)
	at org.apache.hadoop.ozone.client.io.KeyOutputStream.close(KeyOutputStream.java:472)
	at org.apache.hadoop.ozone.client.io.OzoneOutputStream.close(OzoneOutputStream.java:60)
	at org.apache.hadoop.ozone.freon.RandomKeyGenerator$KeyProcessor.run(RandomKeyGenerator.java:696)
	at java.util.concurrent.Executors$RunnableAdapter.call(Executors.java:511)
	at java.util.concurrent.FutureTask.run(FutureTask.java:266)
	at java.util.concurrent.ThreadPoolExecutor.runWorker(ThreadPoolExecutor.java:1149)
	at java.util.concurrent.ThreadPoolExecutor$Worker.run(ThreadPoolExecutor.java:624)
	at java.lang.Thread.run(Thread.java:748)
2019-07-13 14:25:30,885 INFO  client.GrpcClientProtocolClient (GrpcClientProtocolClient.java:onNext(255)) - client-D06D1AE7400A->73b493f9-ae73-4742-accf-399c7df130fd: receive RaftClientReply:client-D06D1AE7400A->73b493f9-ae73-4742-accf-399c7df130fd@group-69B904785340, cid=5759, SUCCESS, logIndex=0, commits[73b493f9-ae73-4742-accf-399c7df130fd:c8832, 7c5123a2-69b6-4251-aec6-dbf2ea5b7f71:c8825, 139f476c-7fe8-4a63-8b18-8c8a96cf6b87:c8808]
2019-07-13 14:25:30,888 WARN  storage.BlockOutputStream (BlockOutputStream.java:watchForCommit(361)) - Failed to commit BlockId conID: 1 locID: 102434597884527524 bcsId: 8815 on Pipeline[ Id: e7959e08-bfd7-4cd2-93e6-69b904785340, Nodes: 139f476c-7fe8-4a63-8b18-8c8a96cf6b87{ip: 192.168.69.103, host: trunk-nightly-mhs6z-975101514, networkLocation: /default-rack, certSerialId: null}73b493f9-ae73-4742-accf-399c7df130fd{ip: 192.168.69.103, host: trunk-nightly-mhs6z-975101514, networkLocation: /default-rack, certSerialId: null}7c5123a2-69b6-4251-aec6-dbf2ea5b7f71{ip: 192.168.69.103, host: trunk-nightly-mhs6z-975101514, networkLocation: /default-rack, certSerialId: null}, Type:RATIS, Factor:THREE, State:OPEN]. Failed nodes: [139f476c-7fe8-4a63-8b18-8c8a96cf6b87{ip: null, host: null, networkLocation: /default-rack, certSerialId: null}]
2019-07-13 14:25:30,892 INFO  client.GrpcClientProtocolClient (GrpcClientProtocolClient.java:onNext(255)) - client-D06D1AE7400A->73b493f9-ae73-4742-accf-399c7df130fd: receive RaftClientReply:client-D06D1AE7400A->73b493f9-ae73-4742-accf-399c7df130fd@group-69B904785340, cid=5760, SUCCESS, logIndex=0, commits[73b493f9-ae73-4742-accf-399c7df130fd:c8832, 7c5123a2-69b6-4251-aec6-dbf2ea5b7f71:c8825, 139f476c-7fe8-4a63-8b18-8c8a96cf6b87:c8808]
2019-07-13 14:25:30,888 ERROR freon.RandomKeyGenerator (RandomKeyGenerator.java:run(718)) - Exception while adding key: key-1-69611 in bucket: bucket-0-77102 of volume: vol-2-15786.
java.lang.UnsupportedOperationException
	at java.util.AbstractList.add(AbstractList.java:148)
	at java.util.AbstractList.add(AbstractList.java:108)
	at java.util.AbstractCollection.addAll(AbstractCollection.java:344)
	at org.apache.hadoop.hdds.scm.storage.BlockOutputStream.watchForCommit(BlockOutputStream.java:363)
	at org.apache.hadoop.hdds.scm.storage.BlockOutputStream.handleFlush(BlockOutputStream.java:487)
	at org.apache.hadoop.hdds.scm.storage.BlockOutputStream.close(BlockOutputStream.java:501)
	at org.apache.hadoop.ozone.client.io.BlockOutputStreamEntry.close(BlockOutputStreamEntry.java:143)
	at org.apache.hadoop.ozone.client.io.KeyOutputStream.handleFlushOrClose(KeyOutputStream.java:434)
	at org.apache.hadoop.ozone.client.io.KeyOutputStream.close(KeyOutputStream.java:472)
	at org.apache.hadoop.ozone.client.io.OzoneOutputStream.close(OzoneOutputStream.java:60)
	at org.apache.hadoop.ozone.freon.RandomKeyGenerator$KeyProcessor.run(RandomKeyGenerator.java:696)
	at java.util.concurrent.Executors$RunnableAdapter.call(Executors.java:511)
	at java.util.concurrent.FutureTask.run(FutureTask.java:266)
	at java.util.concurrent.ThreadPoolExecutor.runWorker(ThreadPoolExecutor.java:1149)
	at java.util.concurrent.ThreadPoolExecutor$Worker.run(ThreadPoolExecutor.java:624)
	at java.lang.Thread.run(Thread.java:748)
2019-07-13 14:25:30,888 INFO  scm.XceiverClientRatis (XceiverClientRatis.java:lambda$watchForCommit$7(280)) - Could not commit index 8819 on pipeline Pipeline[ Id: e7959e08-bfd7-4cd2-93e6-69b904785340, Nodes: 139f476c-7fe8-4a63-8b18-8c8a96cf6b87{ip: 192.168.69.103, host: trunk-nightly-mhs6z-975101514, networkLocation: /default-rack, certSerialId: null}73b493f9-ae73-4742-accf-399c7df130fd{ip: 192.168.69.103, host: trunk-nightly-mhs6z-975101514, networkLocation: /default-rack, certSerialId: null}7c5123a2-69b6-4251-aec6-dbf2ea5b7f71{ip: 192.168.69.103, host: trunk-nightly-mhs6z-975101514, networkLocation: /default-rack, certSerialId: null}, Type:RATIS, Factor:THREE, State:OPEN] to all the nodes. Server 139f476c-7fe8-4a63-8b18-8c8a96cf6b87 has failed. Committed by majority.
2019-07-13 14:25:30,894 INFO  scm.XceiverClientRatis (XceiverClientRatis.java:lambda$watchForCommit$7(280)) - Could not commit index 8821 on pipeline Pipeline[ Id: e7959e08-bfd7-4cd2-93e6-69b904785340, Nodes: 139f476c-7fe8-4a63-8b18-8c8a96cf6b87{ip: 192.168.69.103, host: trunk-nightly-mhs6z-975101514, networkLocation: /default-rack, certSerialId: null}73b493f9-ae73-4742-accf-399c7df130fd{ip: 192.168.69.103, host: trunk-nightly-mhs6z-975101514, networkLocation: /default-rack, certSerialId: null}7c5123a2-69b6-4251-aec6-dbf2ea5b7f71{ip: 192.168.69.103, host: trunk-nightly-mhs6z-975101514, networkLocation: /default-rack, certSerialId: null}, Type:RATIS, Factor:THREE, State:OPEN] to all the nodes. Server 139f476c-7fe8-4a63-8b18-8c8a96cf6b87 has failed. Committed by majority.
2019-07-13 14:25:30,894 INFO  client.GrpcClientProtocolClient (GrpcClientProtocolClient.java:onNext(255)) - client-D06D1AE7400A->73b493f9-ae73-4742-accf-399c7df130fd: receive RaftClientReply:client-D06D1AE7400A->73b493f9-ae73-4742-accf-399c7df130fd@group-69B904785340, cid=5761, SUCCESS, logIndex=0, commits[73b493f9-ae73-4742-accf-399c7df130fd:c8832, 7c5123a2-69b6-4251-aec6-dbf2ea5b7f71:c8825, 139f476c-7fe8-4a63-8b18-8c8a96cf6b87:c8808]
2019-07-13 14:25:30,892 INFO  scm.XceiverClientRatis (XceiverClientRatis.java:lambda$watchForCommit$7(280)) - Could not commit index 8814 on pipeline Pipeline[ Id: e7959e08-bfd7-4cd2-93e6-69b904785340, Nodes: 139f476c-7fe8-4a63-8b18-8c8a96cf6b87{ip: 192.168.69.103, host: trunk-nightly-mhs6z-975101514, networkLocation: /default-rack, certSerialId: null}73b493f9-ae73-4742-accf-399c7df130fd{ip: 192.168.69.103, host: trunk-nightly-mhs6z-975101514, networkLocation: /default-rack, certSerialId: null}7c5123a2-69b6-4251-aec6-dbf2ea5b7f71{ip: 192.168.69.103, host: trunk-nightly-mhs6z-975101514, networkLocation: /default-rack, certSerialId: null}, Type:RATIS, Factor:THREE, State:OPEN] to all the nodes. Server 139f476c-7fe8-4a63-8b18-8c8a96cf6b87 has failed. Committed by majority.
2019-07-13 14:25:30,892 ERROR freon.RandomKeyGenerator (RandomKeyGenerator.java:run(718)) - Exception while adding key: key-0-24361 in bucket: bucket-0-30963 of volume: vol-5-57768.
java.lang.UnsupportedOperationException
	at java.util.AbstractList.add(AbstractList.java:148)
	at java.util.AbstractList.add(AbstractList.java:108)
	at java.util.AbstractCollection.addAll(AbstractCollection.java:344)
	at org.apache.hadoop.hdds.scm.storage.BlockOutputStream.watchForCommit(BlockOutputStream.java:363)
	at org.apache.hadoop.hdds.scm.storage.BlockOutputStream.handleFlush(BlockOutputStream.java:487)
	at org.apache.hadoop.hdds.scm.storage.BlockOutputStream.close(BlockOutputStream.java:501)
	at org.apache.hadoop.ozone.client.io.BlockOutputStreamEntry.close(BlockOutputStreamEntry.java:143)
	at org.apache.hadoop.ozone.client.io.KeyOutputStream.handleFlushOrClose(KeyOutputStream.java:434)
	at org.apache.hadoop.ozone.client.io.KeyOutputStream.close(KeyOutputStream.java:472)
	at org.apache.hadoop.ozone.client.io.OzoneOutputStream.close(OzoneOutputStream.java:60)
	at org.apache.hadoop.ozone.freon.RandomKeyGenerator$KeyProcessor.run(RandomKeyGenerator.java:696)
	at java.util.concurrent.Executors$RunnableAdapter.call(Executors.java:511)
	at java.util.concurrent.FutureTask.run(FutureTask.java:266)
	at java.util.concurrent.ThreadPoolExecutor.runWorker(ThreadPoolExecutor.java:1149)
	at java.util.concurrent.ThreadPoolExecutor$Worker.run(ThreadPoolExecutor.java:624)
	at java.lang.Thread.run(Thread.java:748)
2019-07-13 14:25:30,902 INFO  scm.XceiverClientRatis (XceiverClientRatis.java:lambda$watchForCommit$7(280)) - Could not commit index 8817 on pipeline Pipeline[ Id: e7959e08-bfd7-4cd2-93e6-69b904785340, Nodes: 139f476c-7fe8-4a63-8b18-8c8a96cf6b87{ip: 192.168.69.103, host: trunk-nightly-mhs6z-975101514, networkLocation: /default-rack, certSerialId: null}73b493f9-ae73-4742-accf-399c7df130fd{ip: 192.168.69.103, host: trunk-nightly-mhs6z-975101514, networkLocation: /default-rack, certSerialId: null}7c5123a2-69b6-4251-aec6-dbf2ea5b7f71{ip: 192.168.69.103, host: trunk-nightly-mhs6z-975101514, networkLocation: /default-rack, certSerialId: null}, Type:RATIS, Factor:THREE, State:OPEN] to all the nodes. Server 139f476c-7fe8-4a63-8b18-8c8a96cf6b87 has failed. Committed by majority.
2019-07-13 14:25:30,902 WARN  storage.BlockOutputStream (BlockOutputStream.java:watchForCommit(361)) - Failed to commit BlockId conID: 1 locID: 102434597884527527 bcsId: 8814 on Pipeline[ Id: e7959e08-bfd7-4cd2-93e6-69b904785340, Nodes: 139f476c-7fe8-4a63-8b18-8c8a96cf6b87{ip: 192.168.69.103, host: trunk-nightly-mhs6z-975101514, networkLocation: /default-rack, certSerialId: null}73b493f9-ae73-4742-accf-399c7df130fd{ip: 192.168.69.103, host: trunk-nightly-mhs6z-975101514, networkLocation: /default-rack, certSerialId: null}7c5123a2-69b6-4251-aec6-dbf2ea5b7f71{ip: 192.168.69.103, host: trunk-nightly-mhs6z-975101514, networkLocation: /default-rack, certSerialId: null}, Type:RATIS, Factor:THREE, State:OPEN]. Failed nodes: [139f476c-7fe8-4a63-8b18-8c8a96cf6b87{ip: null, host: null, networkLocation: /default-rack, certSerialId: null}]
2019-07-13 14:25:30,895 WARN  storage.BlockOutputStream (BlockOutputStream.java:watchForCommit(361)) - Failed to commit BlockId conID: 2 locID: 102434597884527519 bcsId: 8821 on Pipeline[ Id: e7959e08-bfd7-4cd2-93e6-69b904785340, Nodes: 139f476c-7fe8-4a63-8b18-8c8a96cf6b87{ip: 192.168.69.103, host: trunk-nightly-mhs6z-975101514, networkLocation: /default-rack, certSerialId: null}73b493f9-ae73-4742-accf-399c7df130fd{ip: 192.168.69.103, host: trunk-nightly-mhs6z-975101514, networkLocation: /default-rack, certSerialId: null}7c5123a2-69b6-4251-aec6-dbf2ea5b7f71{ip: 192.168.69.103, host: trunk-nightly-mhs6z-975101514, networkLocation: /default-rack, certSerialId: null}, Type:RATIS, Factor:THREE, State:OPEN]. Failed nodes: [139f476c-7fe8-4a63-8b18-8c8a96cf6b87{ip: null, host: null, networkLocation: /default-rack, certSerialId: null}]
2019-07-13 14:25:30,895 WARN  storage.BlockOutputStream (BlockOutputStream.java:watchForCommit(361)) - Failed to commit BlockId conID: 3 locID: 102434597884527521 bcsId: 8819 on Pipeline[ Id: e7959e08-bfd7-4cd2-93e6-69b904785340, Nodes: 139f476c-7fe8-4a63-8b18-8c8a96cf6b87{ip: 192.168.69.103, host: trunk-nightly-mhs6z-975101514, networkLocation: /default-rack, certSerialId: null}73b493f9-ae73-4742-accf-399c7df130fd{ip: 192.168.69.103, host: trunk-nightly-mhs6z-975101514, networkLocation: /default-rack, certSerialId: null}7c5123a2-69b6-4251-aec6-dbf2ea5b7f71{ip: 192.168.69.103, host: trunk-nightly-mhs6z-975101514, networkLocation: /default-rack, certSerialId: null}, Type:RATIS, Factor:THREE, State:OPEN]. Failed nodes: [139f476c-7fe8-4a63-8b18-8c8a96cf6b87{ip: null, host: null, networkLocation: /default-rack, certSerialId: null}]
2019-07-13 14:25:30,907 ERROR freon.RandomKeyGenerator (RandomKeyGenerator.java:run(718)) - Exception while adding key: key-0-66720 in bucket: bucket-0-12783 of volume: vol-9-24268.
java.lang.UnsupportedOperationException
	at java.util.AbstractList.add(AbstractList.java:148)
	at java.util.AbstractList.add(AbstractList.java:108)
	at java.util.AbstractCollection.addAll(AbstractCollection.java:344)
	at org.apache.hadoop.hdds.scm.storage.BlockOutputStream.watchForCommit(BlockOutputStream.java:363)
	at org.apache.hadoop.hdds.scm.storage.BlockOutputStream.handleFlush(BlockOutputStream.java:487)
	at org.apache.hadoop.hdds.scm.storage.BlockOutputStream.close(BlockOutputStream.java:501)
	at org.apache.hadoop.ozone.client.io.BlockOutputStreamEntry.close(BlockOutputStreamEntry.java:143)
	at org.apache.hadoop.ozone.client.io.KeyOutputStream.handleFlushOrClose(KeyOutputStream.java:434)
	at org.apache.hadoop.ozone.client.io.KeyOutputStream.close(KeyOutputStream.java:472)
	at org.apache.hadoop.ozone.client.io.OzoneOutputStream.close(OzoneOutputStream.java:60)
	at org.apache.hadoop.ozone.freon.RandomKeyGenerator$KeyProcessor.run(RandomKeyGenerator.java:696)
	at java.util.concurrent.Executors$RunnableAdapter.call(Executors.java:511)
	at java.util.concurrent.FutureTask.run(FutureTask.java:266)
	at java.util.concurrent.ThreadPoolExecutor.runWorker(ThreadPoolExecutor.java:1149)
	at java.util.concurrent.ThreadPoolExecutor$Worker.run(ThreadPoolExecutor.java:624)
	at java.lang.Thread.run(Thread.java:748)
2019-07-13 14:25:30,905 ERROR freon.RandomKeyGenerator (RandomKeyGenerator.java:run(718)) - Exception while adding key: key-1-36060 in bucket: bucket-0-41298 of volume: vol-8-45135.
java.lang.UnsupportedOperationException
	at java.util.AbstractList.add(AbstractList.java:148)
	at java.util.AbstractList.add(AbstractList.java:108)
	at java.util.AbstractCollection.addAll(AbstractCollection.java:344)
	at org.apache.hadoop.hdds.scm.storage.BlockOutputStream.watchForCommit(BlockOutputStream.java:363)
	at org.apache.hadoop.hdds.scm.storage.BlockOutputStream.handleFlush(BlockOutputStream.java:487)
	at org.apache.hadoop.hdds.scm.storage.BlockOutputStream.close(BlockOutputStream.java:501)
	at org.apache.hadoop.ozone.client.io.BlockOutputStreamEntry.close(BlockOutputStreamEntry.java:143)
	at org.apache.hadoop.ozone.client.io.KeyOutputStream.handleFlushOrClose(KeyOutputStream.java:434)
	at org.apache.hadoop.ozone.client.io.KeyOutputStream.close(KeyOutputStream.java:472)
	at org.apache.hadoop.ozone.client.io.OzoneOutputStream.close(OzoneOutputStream.java:60)
	at org.apache.hadoop.ozone.freon.RandomKeyGenerator$KeyProcessor.run(RandomKeyGenerator.java:696)
	at java.util.concurrent.Executors$RunnableAdapter.call(Executors.java:511)
	at java.util.concurrent.FutureTask.run(FutureTask.java:266)
	at java.util.concurrent.ThreadPoolExecutor.runWorker(ThreadPoolExecutor.java:1149)
	at java.util.concurrent.ThreadPoolExecutor$Worker.run(ThreadPoolExecutor.java:624)
	at java.lang.Thread.run(Thread.java:748)
2019-07-13 14:25:30,905 WARN  storage.BlockOutputStream (BlockOutputStream.java:watchForCommit(361)) - Failed to commit BlockId conID: 2 locID: 102434597884527522 bcsId: 8817 on Pipeline[ Id: e7959e08-bfd7-4cd2-93e6-69b904785340, Nodes: 139f476c-7fe8-4a63-8b18-8c8a96cf6b87{ip: 192.168.69.103, host: trunk-nightly-mhs6z-975101514, networkLocation: /default-rack, certSerialId: null}73b493f9-ae73-4742-accf-399c7df130fd{ip: 192.168.69.103, host: trunk-nightly-mhs6z-975101514, networkLocation: /default-rack, certSerialId: null}7c5123a2-69b6-4251-aec6-dbf2ea5b7f71{ip: 192.168.69.103, host: trunk-nightly-mhs6z-975101514, networkLocation: /default-rack, certSerialId: null}, Type:RATIS, Factor:THREE, State:OPEN]. Failed nodes: [139f476c-7fe8-4a63-8b18-8c8a96cf6b87{ip: null, host: null, networkLocation: /default-rack, certSerialId: null}]
2019-07-13 14:25:30,910 ERROR freon.RandomKeyGenerator (RandomKeyGenerator.java:run(718)) - Exception while adding key: key-0-54843 in bucket: bucket-0-77102 of volume: vol-2-15786.
java.lang.UnsupportedOperationException
	at java.util.AbstractList.add(AbstractList.java:148)
	at java.util.AbstractList.add(AbstractList.java:108)
	at java.util.AbstractCollection.addAll(AbstractCollection.java:344)
	at org.apache.hadoop.hdds.scm.storage.BlockOutputStream.watchForCommit(BlockOutputStream.java:363)
	at org.apache.hadoop.hdds.scm.storage.BlockOutputStream.handleFlush(BlockOutputStream.java:487)
	at org.apache.hadoop.hdds.scm.storage.BlockOutputStream.close(BlockOutputStream.java:501)
	at org.apache.hadoop.ozone.client.io.BlockOutputStreamEntry.close(BlockOutputStreamEntry.java:143)
	at org.apache.hadoop.ozone.client.io.KeyOutputStream.handleFlushOrClose(KeyOutputStream.java:434)
	at org.apache.hadoop.ozone.client.io.KeyOutputStream.close(KeyOutputStream.java:472)
	at org.apache.hadoop.ozone.client.io.OzoneOutputStream.close(OzoneOutputStream.java:60)
	at org.apache.hadoop.ozone.freon.RandomKeyGenerator$KeyProcessor.run(RandomKeyGenerator.java:696)
	at java.util.concurrent.Executors$RunnableAdapter.call(Executors.java:511)
	at java.util.concurrent.FutureTask.run(FutureTask.java:266)
	at java.util.concurrent.ThreadPoolExecutor.runWorker(ThreadPoolExecutor.java:1149)
	at java.util.concurrent.ThreadPoolExecutor$Worker.run(ThreadPoolExecutor.java:624)
	at java.lang.Thread.run(Thread.java:748)
2019-07-13 14:25:30,913 ERROR freon.RandomKeyGenerator (RandomKeyGenerator.java:run(718)) - Exception while adding key: key-0-74590 in bucket: bucket-0-31610 of volume: vol-4-67707.
java.lang.UnsupportedOperationException
	at java.util.AbstractList.add(AbstractList.java:148)
	at java.util.AbstractList.add(AbstractList.java:108)
	at java.util.AbstractCollection.addAll(AbstractCollection.java:344)
	at org.apache.hadoop.hdds.scm.storage.BlockOutputStream.watchForCommit(BlockOutputStream.java:363)
	at org.apache.hadoop.hdds.scm.storage.BlockOutputStream.handleFlush(BlockOutputStream.java:487)
	at org.apache.hadoop.hdds.scm.storage.BlockOutputStream.close(BlockOutputStream.java:501)
	at org.apache.hadoop.ozone.client.io.BlockOutputStreamEntry.close(BlockOutputStreamEntry.java:143)
	at org.apache.hadoop.ozone.client.io.KeyOutputStream.handleFlushOrClose(KeyOutputStream.java:434)
	at org.apache.hadoop.ozone.client.io.KeyOutputStream.close(KeyOutputStream.java:472)
	at org.apache.hadoop.ozone.client.io.OzoneOutputStream.close(OzoneOutputStream.java:60)
	at org.apache.hadoop.ozone.freon.RandomKeyGenerator$KeyProcessor.run(RandomKeyGenerator.java:696)
	at java.util.concurrent.Executors$RunnableAdapter.call(Executors.java:511)
	at java.util.concurrent.FutureTask.run(FutureTask.java:266)
	at java.util.concurrent.ThreadPoolExecutor.runWorker(ThreadPoolExecutor.java:1149)
	at java.util.concurrent.ThreadPoolExecutor$Worker.run(ThreadPoolExecutor.java:624)
	at java.lang.Thread.run(Thread.java:748)
2019-07-13 14:25:30,939 INFO  client.GrpcClientProtocolClient (GrpcClientProtocolClient.java:onNext(255)) - client-D06D1AE7400A->73b493f9-ae73-4742-accf-399c7df130fd: receive RaftClientReply:client-D06D1AE7400A->73b493f9-ae73-4742-accf-399c7df130fd@group-69B904785340, cid=5756, SUCCESS, logIndex=0, commits[73b493f9-ae73-4742-accf-399c7df130fd:c8832, 7c5123a2-69b6-4251-aec6-dbf2ea5b7f71:c8832, 139f476c-7fe8-4a63-8b18-8c8a96cf6b87:c8808]
2019-07-13 14:25:30,940 INFO  client.GrpcClientProtocolClient (GrpcClientProtocolClient.java:onNext(255)) - client-D06D1AE7400A->73b493f9-ae73-4742-accf-399c7df130fd: receive RaftClientReply:client-D06D1AE7400A->73b493f9-ae73-4742-accf-399c7df130fd@group-69B904785340, cid=5743, SUCCESS, logIndex=0, commits[73b493f9-ae73-4742-accf-399c7df130fd:c8832, 7c5123a2-69b6-4251-aec6-dbf2ea5b7f71:c8832, 139f476c-7fe8-4a63-8b18-8c8a96cf6b87:c8832]
2019-07-13 14:25:30,941 INFO  scm.XceiverClientRatis (XceiverClientRatis.java:lambda$watchForCommit$7(280)) - Could not commit index 8826 on pipeline Pipeline[ Id: e7959e08-bfd7-4cd2-93e6-69b904785340, Nodes: 139f476c-7fe8-4a63-8b18-8c8a96cf6b87{ip: 192.168.69.103, host: trunk-nightly-mhs6z-975101514, networkLocation: /default-rack, certSerialId: null}73b493f9-ae73-4742-accf-399c7df130fd{ip: 192.168.69.103, host: trunk-nightly-mhs6z-975101514, networkLocation: /default-rack, certSerialId: null}7c5123a2-69b6-4251-aec6-dbf2ea5b7f71{ip: 192.168.69.103, host: trunk-nightly-mhs6z-975101514, networkLocation: /default-rack, certSerialId: null}, Type:RATIS, Factor:THREE, State:OPEN] to all the nodes. Server 139f476c-7fe8-4a63-8b18-8c8a96cf6b87 has failed. Committed by majority.
2019-07-13 14:25:30,941 WARN  storage.BlockOutputStream (BlockOutputStream.java:watchForCommit(361)) - Failed to commit BlockId conID: 2 locID: 102434597884527525 bcsId: 8826 on Pipeline[ Id: e7959e08-bfd7-4cd2-93e6-69b904785340, Nodes: 139f476c-7fe8-4a63-8b18-8c8a96cf6b87{ip: 192.168.69.103, host: trunk-nightly-mhs6z-975101514, networkLocation: /default-rack, certSerialId: null}73b493f9-ae73-4742-accf-399c7df130fd{ip: 192.168.69.103, host: trunk-nightly-mhs6z-975101514, networkLocation: /default-rack, certSerialId: null}7c5123a2-69b6-4251-aec6-dbf2ea5b7f71{ip: 192.168.69.103, host: trunk-nightly-mhs6z-975101514, networkLocation: /default-rack, certSerialId: null}, Type:RATIS, Factor:THREE, State:OPEN]. Failed nodes: [139f476c-7fe8-4a63-8b18-8c8a96cf6b87{ip: null, host: null, networkLocation: /default-rack, certSerialId: null}]
2019-07-13 14:25:30,941 ERROR freon.RandomKeyGenerator (RandomKeyGenerator.java:run(718)) - Exception while adding key: key-0-47329 in bucket: bucket-0-17974 of volume: vol-3-15284.
java.lang.UnsupportedOperationException
	at java.util.AbstractList.add(AbstractList.java:148)
	at java.util.AbstractList.add(AbstractList.java:108)
	at java.util.AbstractCollection.addAll(AbstractCollection.java:344)
	at org.apache.hadoop.hdds.scm.storage.BlockOutputStream.watchForCommit(BlockOutputStream.java:363)
	at org.apache.hadoop.hdds.scm.storage.BlockOutputStream.handleFlush(BlockOutputStream.java:487)
	at org.apache.hadoop.hdds.scm.storage.BlockOutputStream.close(BlockOutputStream.java:501)
	at org.apache.hadoop.ozone.client.io.BlockOutputStreamEntry.close(BlockOutputStreamEntry.java:143)
	at org.apache.hadoop.ozone.client.io.KeyOutputStream.handleFlushOrClose(KeyOutputStream.java:434)
	at org.apache.hadoop.ozone.client.io.KeyOutputStream.close(KeyOutputStream.java:472)
	at org.apache.hadoop.ozone.client.io.OzoneOutputStream.close(OzoneOutputStream.java:60)
	at org.apache.hadoop.ozone.freon.RandomKeyGenerator$KeyProcessor.run(RandomKeyGenerator.java:696)
	at java.util.concurrent.Executors$RunnableAdapter.call(Executors.java:511)
	at java.util.concurrent.FutureTask.run(FutureTask.java:266)
	at java.util.concurrent.ThreadPoolExecutor.runWorker(ThreadPoolExecutor.java:1149)
	at java.util.concurrent.ThreadPoolExecutor$Worker.run(ThreadPoolExecutor.java:624)
	at java.lang.Thread.run(Thread.java:748)
2019-07-13 14:25:30,941 INFO  client.GrpcClientProtocolClient (GrpcClientProtocolClient.java:onNext(255)) - client-D06D1AE7400A->73b493f9-ae73-4742-accf-399c7df130fd: receive RaftClientReply:client-D06D1AE7400A->73b493f9-ae73-4742-accf-399c7df130fd@group-69B904785340, cid=5743, SUCCESS, logIndex=0, commits[73b493f9-ae73-4742-accf-399c7df130fd:c8832, 7c5123a2-69b6-4251-aec6-dbf2ea5b7f71:c8832, 139f476c-7fe8-4a63-8b18-8c8a96cf6b87:c8832]
2019-07-13 14:25:30,942 INFO  client.GrpcClientProtocolClient (GrpcClientProtocolClient.java:onNext(255)) - client-D06D1AE7400A->73b493f9-ae73-4742-accf-399c7df130fd: receive RaftClientReply:client-D06D1AE7400A->73b493f9-ae73-4742-accf-399c7df130fd@group-69B904785340, cid=5742, SUCCESS, logIndex=0, commits[73b493f9-ae73-4742-accf-399c7df130fd:c8832, 7c5123a2-69b6-4251-aec6-dbf2ea5b7f71:c8832, 139f476c-7fe8-4a63-8b18-8c8a96cf6b87:c8832]
2019-07-13 14:25:30,942 INFO  client.GrpcClientProtocolClient (GrpcClientProtocolClient.java:onNext(255)) - client-D06D1AE7400A->73b493f9-ae73-4742-accf-399c7df130fd: receive RaftClientReply:client-D06D1AE7400A->73b493f9-ae73-4742-accf-399c7df130fd@group-69B904785340, cid=5765, SUCCESS, logIndex=8835, commits[73b493f9-ae73-4742-accf-399c7df130fd:c8837, 7c5123a2-69b6-4251-aec6-dbf2ea5b7f71:c8832, 139f476c-7fe8-4a63-8b18-8c8a96cf6b87:c8832]
2019-07-13 14:25:30,943 INFO  client.GrpcClientProtocolClient (GrpcClientProtocolClient.java:onNext(255)) - client-D06D1AE7400A->73b493f9-ae73-4742-accf-399c7df130fd: receive RaftClientReply:client-D06D1AE7400A->73b493f9-ae73-4742-accf-399c7df130fd@group-69B904785340, cid=5755, SUCCESS, logIndex=0, commits[73b493f9-ae73-4742-accf-399c7df130fd:c8832, 7c5123a2-69b6-4251-aec6-dbf2ea5b7f71:c8832, 139f476c-7fe8-4a63-8b18-8c8a96cf6b87:c8832]
2019-07-13 14:25:30,944 INFO  client.GrpcClientProtocolClient (GrpcClientProtocolClient.java:onNext(255)) - client-D06D1AE7400A->73b493f9-ae73-4742-accf-399c7df130fd: receive RaftClientReply:client-D06D1AE7400A->73b493f9-ae73-4742-accf-399c7df130fd@group-69B904785340, cid=5742, SUCCESS, logIndex=0, commits[73b493f9-ae73-4742-accf-399c7df130fd:c8832, 7c5123a2-69b6-4251-aec6-dbf2ea5b7f71:c8832, 139f476c-7fe8-4a63-8b18-8c8a96cf6b87:c8832]
2019-07-13 14:25:30,944 INFO  client.GrpcClientProtocolClient (GrpcClientProtocolClient.java:onNext(255)) - client-D06D1AE7400A->73b493f9-ae73-4742-accf-399c7df130fd: receive RaftClientReply:client-D06D1AE7400A->73b493f9-ae73-4742-accf-399c7df130fd@group-69B904785340, cid=5753, SUCCESS, logIndex=0, commits[73b493f9-ae73-4742-accf-399c7df130fd:c8832, 7c5123a2-69b6-4251-aec6-dbf2ea5b7f71:c8832, 139f476c-7fe8-4a63-8b18-8c8a96cf6b87:c8832]
2019-07-13 14:25:30,945 INFO  client.GrpcClientProtocolClient (GrpcClientProtocolClient.java:onNext(255)) - client-D06D1AE7400A->73b493f9-ae73-4742-accf-399c7df130fd: receive RaftClientReply:client-D06D1AE7400A->73b493f9-ae73-4742-accf-399c7df130fd@group-69B904785340, cid=5766, SUCCESS, logIndex=8836, commits[73b493f9-ae73-4742-accf-399c7df130fd:c8837, 7c5123a2-69b6-4251-aec6-dbf2ea5b7f71:c8832, 139f476c-7fe8-4a63-8b18-8c8a96cf6b87:c8832]
2019-07-13 14:25:30,946 INFO  client.GrpcClientProtocolClient (GrpcClientProtocolClient.java:onNext(255)) - client-D06D1AE7400A->73b493f9-ae73-4742-accf-399c7df130fd: receive RaftClientReply:client-D06D1AE7400A->73b493f9-ae73-4742-accf-399c7df130fd@group-69B904785340, cid=5744, SUCCESS, logIndex=0, commits[73b493f9-ae73-4742-accf-399c7df130fd:c8835, 7c5123a2-69b6-4251-aec6-dbf2ea5b7f71:c8832, 139f476c-7fe8-4a63-8b18-8c8a96cf6b87:c8832]
2019-07-13 14:25:30,947 INFO  client.GrpcClientProtocolClient (GrpcClientProtocolClient.java:onNext(255)) - client-D06D1AE7400A->73b493f9-ae73-4742-accf-399c7df130fd: receive RaftClientReply:client-D06D1AE7400A->73b493f9-ae73-4742-accf-399c7df130fd@group-69B904785340, cid=5764, SUCCESS, logIndex=8837, commits[73b493f9-ae73-4742-accf-399c7df130fd:c8838, 7c5123a2-69b6-4251-aec6-dbf2ea5b7f71:c8832, 139f476c-7fe8-4a63-8b18-8c8a96cf6b87:c8832]
2019-07-13 14:25:30,948 INFO  client.GrpcClientProtocolClient (GrpcClientProtocolClient.java:onNext(255)) - client-D06D1AE7400A->73b493f9-ae73-4742-accf-399c7df130fd: receive RaftClientReply:client-D06D1AE7400A->73b493f9-ae73-4742-accf-399c7df130fd@group-69B904785340, cid=5744, SUCCESS, logIndex=0, commits[73b493f9-ae73-4742-accf-399c7df130fd:c8837, 7c5123a2-69b6-4251-aec6-dbf2ea5b7f71:c8832, 139f476c-7fe8-4a63-8b18-8c8a96cf6b87:c8832]
2019-07-13 14:25:30,948 INFO  client.GrpcClientProtocolClient (GrpcClientProtocolClient.java:onNext(255)) - client-D06D1AE7400A->73b493f9-ae73-4742-accf-399c7df130fd: receive RaftClientReply:client-D06D1AE7400A->73b493f9-ae73-4742-accf-399c7df130fd@group-69B904785340, cid=5745, SUCCESS, logIndex=0, commits[73b493f9-ae73-4742-accf-399c7df130fd:c8838, 7c5123a2-69b6-4251-aec6-dbf2ea5b7f71:c8832, 139f476c-7fe8-4a63-8b18-8c8a96cf6b87:c8832]
2019-07-13 14:25:30,949 INFO  client.GrpcClientProtocolClient (GrpcClientProtocolClient.java:onNext(255)) - client-D06D1AE7400A->73b493f9-ae73-4742-accf-399c7df130fd: receive RaftClientReply:client-D06D1AE7400A->73b493f9-ae73-4742-accf-399c7df130fd@group-69B904785340, cid=5767, SUCCESS, logIndex=8838, commits[73b493f9-ae73-4742-accf-399c7df130fd:c8838, 7c5123a2-69b6-4251-aec6-dbf2ea5b7f71:c8832, 139f476c-7fe8-4a63-8b18-8c8a96cf6b87:c8832]
2019-07-13 14:25:30,949 INFO  client.GrpcClientProtocolClient (GrpcClientProtocolClient.java:onNext(255)) - client-D06D1AE7400A->73b493f9-ae73-4742-accf-399c7df130fd: receive RaftClientReply:client-D06D1AE7400A->73b493f9-ae73-4742-accf-399c7df130fd@group-69B904785340, cid=5745, SUCCESS, logIndex=0, commits[73b493f9-ae73-4742-accf-399c7df130fd:c8838, 7c5123a2-69b6-4251-aec6-dbf2ea5b7f71:c8832, 139f476c-7fe8-4a63-8b18-8c8a96cf6b87:c8832]
2019-07-13 14:25:30,949 INFO  client.GrpcClientProtocolClient (GrpcClientProtocolClient.java:onNext(255)) - client-D06D1AE7400A->73b493f9-ae73-4742-accf-399c7df130fd: receive RaftClientReply:client-D06D1AE7400A->73b493f9-ae73-4742-accf-399c7df130fd@group-69B904785340, cid=5768, SUCCESS, logIndex=8839, commits[73b493f9-ae73-4742-accf-399c7df130fd:c8839, 7c5123a2-69b6-4251-aec6-dbf2ea5b7f71:c8832, 139f476c-7fe8-4a63-8b18-8c8a96cf6b87:c8832]
2019-07-13 14:25:30,949 INFO  client.GrpcClientProtocolClient (GrpcClientProtocolClient.java:onNext(255)) - client-D06D1AE7400A->73b493f9-ae73-4742-accf-399c7df130fd: receive RaftClientReply:client-D06D1AE7400A->73b493f9-ae73-4742-accf-399c7df130fd@group-69B904785340, cid=5746, SUCCESS, logIndex=0, commits[73b493f9-ae73-4742-accf-399c7df130fd:c8839, 7c5123a2-69b6-4251-aec6-dbf2ea5b7f71:c8832, 139f476c-7fe8-4a63-8b18-8c8a96cf6b87:c8832]
2019-07-13 14:25:30,950 INFO  client.GrpcClientProtocolClient (GrpcClientProtocolClient.java:onNext(255)) - client-D06D1AE7400A->73b493f9-ae73-4742-accf-399c7df130fd: receive RaftClientReply:client-D06D1AE7400A->73b493f9-ae73-4742-accf-399c7df130fd@group-69B904785340, cid=5746, SUCCESS, logIndex=0, commits[73b493f9-ae73-4742-accf-399c7df130fd:c8839, 7c5123a2-69b6-4251-aec6-dbf2ea5b7f71:c8832, 139f476c-7fe8-4a63-8b18-8c8a96cf6b87:c8832]
2019-07-13 14:25:30,950 INFO  client.GrpcClientProtocolClient (GrpcClientProtocolClient.java:onNext(255)) - client-D06D1AE7400A->73b493f9-ae73-4742-accf-399c7df130fd: receive RaftClientReply:client-D06D1AE7400A->73b493f9-ae73-4742-accf-399c7df130fd@group-69B904785340, cid=5763, SUCCESS, logIndex=8840, commits[73b493f9-ae73-4742-accf-399c7df130fd:c8840, 7c5123a2-69b6-4251-aec6-dbf2ea5b7f71:c8832, 139f476c-7fe8-4a63-8b18-8c8a96cf6b87:c8832]
2019-07-13 14:25:30,950 INFO  client.GrpcClientProtocolClient (GrpcClientProtocolClient.java:onNext(255)) - client-D06D1AE7400A->73b493f9-ae73-4742-accf-399c7df130fd: receive RaftClientReply:client-D06D1AE7400A->73b493f9-ae73-4742-accf-399c7df130fd@group-69B904785340, cid=5747, SUCCESS, logIndex=0, commits[73b493f9-ae73-4742-accf-399c7df130fd:c8839, 7c5123a2-69b6-4251-aec6-dbf2ea5b7f71:c8832, 139f476c-7fe8-4a63-8b18-8c8a96cf6b87:c8832]
2019-07-13 14:25:30,951 INFO  client.GrpcClientProtocolClient (GrpcClientProtocolClient.java:onNext(255)) - client-D06D1AE7400A->73b493f9-ae73-4742-accf-399c7df130fd: receive RaftClientReply:client-D06D1AE7400A->73b493f9-ae73-4742-accf-399c7df130fd@group-69B904785340, cid=5747, SUCCESS, logIndex=0, commits[73b493f9-ae73-4742-accf-399c7df130fd:c8840, 7c5123a2-69b6-4251-aec6-dbf2ea5b7f71:c8832, 139f476c-7fe8-4a63-8b18-8c8a96cf6b87:c8832]
2019-07-13 14:25:30,951 INFO  client.GrpcClientProtocolClient (GrpcClientProtocolClient.java:onNext(255)) - client-D06D1AE7400A->73b493f9-ae73-4742-accf-399c7df130fd: receive RaftClientReply:client-D06D1AE7400A->73b493f9-ae73-4742-accf-399c7df130fd@group-69B904785340, cid=5748, SUCCESS, logIndex=0, commits[73b493f9-ae73-4742-accf-399c7df130fd:c8840, 7c5123a2-69b6-4251-aec6-dbf2ea5b7f71:c8832, 139f476c-7fe8-4a63-8b18-8c8a96cf6b87:c8832]
2019-07-13 14:25:30,951 INFO  client.GrpcClientProtocolClient (GrpcClientProtocolClient.java:onNext(255)) - client-D06D1AE7400A->73b493f9-ae73-4742-accf-399c7df130fd: receive RaftClientReply:client-D06D1AE7400A->73b493f9-ae73-4742-accf-399c7df130fd@group-69B904785340, cid=5770, SUCCESS, logIndex=8841, commits[73b493f9-ae73-4742-accf-399c7df130fd:c8843, 7c5123a2-69b6-4251-aec6-dbf2ea5b7f71:c8832, 139f476c-7fe8-4a63-8b18-8c8a96cf6b87:c8832]
2019-07-13 14:25:30,952 INFO  client.GrpcClientProtocolClient (GrpcClientProtocolClient.java:onNext(255)) - client-D06D1AE7400A->73b493f9-ae73-4742-accf-399c7df130fd: receive RaftClientReply:client-D06D1AE7400A->73b493f9-ae73-4742-accf-399c7df130fd@group-69B904785340, cid=5748, SUCCESS, logIndex=0, commits[73b493f9-ae73-4742-accf-399c7df130fd:c8840, 7c5123a2-69b6-4251-aec6-dbf2ea5b7f71:c8832, 139f476c-7fe8-4a63-8b18-8c8a96cf6b87:c8832]
2019-07-13 14:25:30,952 INFO  client.GrpcClientProtocolClient (GrpcClientProtocolClient.java:onNext(255)) - client-D06D1AE7400A->73b493f9-ae73-4742-accf-399c7df130fd: receive RaftClientReply:client-D06D1AE7400A->73b493f9-ae73-4742-accf-399c7df130fd@group-69B904785340, cid=5749, SUCCESS, logIndex=0, commits[73b493f9-ae73-4742-accf-399c7df130fd:c8848, 7c5123a2-69b6-4251-aec6-dbf2ea5b7f71:c8832, 139f476c-7fe8-4a63-8b18-8c8a96cf6b87:c8832]
2019-07-13 14:25:30,953 INFO  client.GrpcClientProtocolClient (GrpcClientProtocolClient.java:onNext(255)) - client-D06D1AE7400A->73b493f9-ae73-4742-accf-399c7df130fd: receive RaftClientReply:client-D06D1AE7400A->73b493f9-ae73-4742-accf-399c7df130fd@group-69B904785340, cid=5771, SUCCESS, logIndex=8842, commits[73b493f9-ae73-4742-accf-399c7df130fd:c8843, 7c5123a2-69b6-4251-aec6-dbf2ea5b7f71:c8832, 139f476c-7fe8-4a63-8b18-8c8a96cf6b87:c8832]
2019-07-13 14:25:30,954 INFO  client.GrpcClientProtocolClient (GrpcClientProtocolClient.java:onNext(255)) - client-D06D1AE7400A->73b493f9-ae73-4742-accf-399c7df130fd: receive RaftClientReply:client-D06D1AE7400A->73b493f9-ae73-4742-accf-399c7df130fd@group-69B904785340, cid=5749, SUCCESS, logIndex=0, commits[73b493f9-ae73-4742-accf-399c7df130fd:c8848, 7c5123a2-69b6-4251-aec6-dbf2ea5b7f71:c8832, 139f476c-7fe8-4a63-8b18-8c8a96cf6b87:c8832]
2019-07-13 14:25:30,954 INFO  client.GrpcClientProtocolClient (GrpcClientProtocolClient.java:onNext(255)) - client-D06D1AE7400A->73b493f9-ae73-4742-accf-399c7df130fd: receive RaftClientReply:client-D06D1AE7400A->73b493f9-ae73-4742-accf-399c7df130fd@group-69B904785340, cid=5750, SUCCESS, logIndex=0, commits[73b493f9-ae73-4742-accf-399c7df130fd:c8848, 7c5123a2-69b6-4251-aec6-dbf2ea5b7f71:c8832, 139f476c-7fe8-4a63-8b18-8c8a96cf6b87:c8832]
2019-07-13 14:25:30,954 INFO  client.GrpcClientProtocolClient (GrpcClientProtocolClient.java:onNext(255)) - client-D06D1AE7400A->73b493f9-ae73-4742-accf-399c7df130fd: receive RaftClientReply:client-D06D1AE7400A->73b493f9-ae73-4742-accf-399c7df130fd@group-69B904785340, cid=5772, SUCCESS, logIndex=8843, commits[73b493f9-ae73-4742-accf-399c7df130fd:c8848, 7c5123a2-69b6-4251-aec6-dbf2ea5b7f71:c8832, 139f476c-7fe8-4a63-8b18-8c8a96cf6b87:c8832]
2019-07-13 14:25:30,955 INFO  client.GrpcClientProtocolClient (GrpcClientProtocolClient.java:onNext(255)) - client-D06D1AE7400A->73b493f9-ae73-4742-accf-399c7df130fd: receive RaftClientReply:client-D06D1AE7400A->73b493f9-ae73-4742-accf-399c7df130fd@group-69B904785340, cid=5773, SUCCESS, logIndex=8844, commits[73b493f9-ae73-4742-accf-399c7df130fd:c8848, 7c5123a2-69b6-4251-aec6-dbf2ea5b7f71:c8832, 139f476c-7fe8-4a63-8b18-8c8a96cf6b87:c8832]
2019-07-13 14:25:30,956 INFO  client.GrpcClientProtocolClient (GrpcClientProtocolClient.java:onNext(255)) - client-D06D1AE7400A->73b493f9-ae73-4742-accf-399c7df130fd: receive RaftClientReply:client-D06D1AE7400A->73b493f9-ae73-4742-accf-399c7df130fd@group-69B904785340, cid=5762, SUCCESS, logIndex=8845, commits[73b493f9-ae73-4742-accf-399c7df130fd:c8848, 7c5123a2-69b6-4251-aec6-dbf2ea5b7f71:c8832, 139f476c-7fe8-4a63-8b18-8c8a96cf6b87:c8832]
2019-07-13 14:25:30,956 INFO  client.GrpcClientProtocolClient (GrpcClientProtocolClient.java:onNext(255)) - client-D06D1AE7400A->73b493f9-ae73-4742-accf-399c7df130fd: receive RaftClientReply:client-D06D1AE7400A->73b493f9-ae73-4742-accf-399c7df130fd@group-69B904785340, cid=5750, SUCCESS, logIndex=0, commits[73b493f9-ae73-4742-accf-399c7df130fd:c8848, 7c5123a2-69b6-4251-aec6-dbf2ea5b7f71:c8832, 139f476c-7fe8-4a63-8b18-8c8a96cf6b87:c8832]
2019-07-13 14:25:30,956 INFO  client.GrpcClientProtocolClient (GrpcClientProtocolClient.java:onNext(255)) - client-D06D1AE7400A->73b493f9-ae73-4742-accf-399c7df130fd: receive RaftClientReply:client-D06D1AE7400A->73b493f9-ae73-4742-accf-399c7df130fd@group-69B904785340, cid=5751, SUCCESS, logIndex=0, commits[73b493f9-ae73-4742-accf-399c7df130fd:c8848, 7c5123a2-69b6-4251-aec6-dbf2ea5b7f71:c8832, 139f476c-7fe8-4a63-8b18-8c8a96cf6b87:c8832]
2019-07-13 14:25:30,957 INFO  client.GrpcClientProtocolClient (GrpcClientProtocolClient.java:onNext(255)) - client-D06D1AE7400A->73b493f9-ae73-4742-accf-399c7df130fd: receive RaftClientReply:client-D06D1AE7400A->73b493f9-ae73-4742-accf-399c7df130fd@group-69B904785340, cid=5774, SUCCESS, logIndex=8846, commits[73b493f9-ae73-4742-accf-399c7df130fd:c8848, 7c5123a2-69b6-4251-aec6-dbf2ea5b7f71:c8832, 139f476c-7fe8-4a63-8b18-8c8a96cf6b87:c8832]
2019-07-13 14:25:30,957 INFO  client.GrpcClientProtocolClient (GrpcClientProtocolClient.java:onNext(255)) - client-D06D1AE7400A->73b493f9-ae73-4742-accf-399c7df130fd: receive RaftClientReply:client-D06D1AE7400A->73b493f9-ae73-4742-accf-399c7df130fd@group-69B904785340, cid=5769, SUCCESS, logIndex=8847, commits[73b493f9-ae73-4742-accf-399c7df130fd:c8849, 7c5123a2-69b6-4251-aec6-dbf2ea5b7f71:c8835, 139f476c-7fe8-4a63-8b18-8c8a96cf6b87:c8832]
2019-07-13 14:25:30,957 INFO  client.GrpcClientProtocolClient (GrpcClientProtocolClient.java:onNext(255)) - client-D06D1AE7400A->73b493f9-ae73-4742-accf-399c7df130fd: receive RaftClientReply:client-D06D1AE7400A->73b493f9-ae73-4742-accf-399c7df130fd@group-69B904785340, cid=5751, SUCCESS, logIndex=0, commits[73b493f9-ae73-4742-accf-399c7df130fd:c8848, 7c5123a2-69b6-4251-aec6-dbf2ea5b7f71:c8832, 139f476c-7fe8-4a63-8b18-8c8a96cf6b87:c8832]
2019-07-13 14:25:30,957 INFO  client.GrpcClientProtocolClient (GrpcClientProtocolClient.java:onNext(255)) - client-D06D1AE7400A->73b493f9-ae73-4742-accf-399c7df130fd: receive RaftClientReply:client-D06D1AE7400A->73b493f9-ae73-4742-accf-399c7df130fd@group-69B904785340, cid=5775, SUCCESS, logIndex=8848, commits[73b493f9-ae73-4742-accf-399c7df130fd:c8848, 7c5123a2-69b6-4251-aec6-dbf2ea5b7f71:c8832, 139f476c-7fe8-4a63-8b18-8c8a96cf6b87:c8832]
2019-07-13 14:25:30,958 INFO  client.GrpcClientProtocolClient (GrpcClientProtocolClient.java:onNext(255)) - client-D06D1AE7400A->73b493f9-ae73-4742-accf-399c7df130fd: receive RaftClientReply:client-D06D1AE7400A->73b493f9-ae73-4742-accf-399c7df130fd@group-69B904785340, cid=5780, SUCCESS, logIndex=0, commits[73b493f9-ae73-4742-accf-399c7df130fd:c8854, 7c5123a2-69b6-4251-aec6-dbf2ea5b7f71:c8838, 139f476c-7fe8-4a63-8b18-8c8a96cf6b87:c8840]
2019-07-13 14:25:30,958 INFO  client.GrpcClientProtocolClient (GrpcClientProtocolClient.java:onNext(255)) - client-D06D1AE7400A->73b493f9-ae73-4742-accf-399c7df130fd: receive RaftClientReply:client-D06D1AE7400A->73b493f9-ae73-4742-accf-399c7df130fd@group-69B904785340, cid=5781, SUCCESS, logIndex=0, commits[73b493f9-ae73-4742-accf-399c7df130fd:c8854, 7c5123a2-69b6-4251-aec6-dbf2ea5b7f71:c8839, 139f476c-7fe8-4a63-8b18-8c8a96cf6b87:c8840]
2019-07-13 14:25:30,959 INFO  client.GrpcClientProtocolClient (GrpcClientProtocolClient.java:onNext(255)) - client-D06D1AE7400A->73b493f9-ae73-4742-accf-399c7df130fd: receive RaftClientReply:client-D06D1AE7400A->73b493f9-ae73-4742-accf-399c7df130fd@group-69B904785340, cid=5776, SUCCESS, logIndex=8855, commits[73b493f9-ae73-4742-accf-399c7df130fd:c8857, 7c5123a2-69b6-4251-aec6-dbf2ea5b7f71:c8841, 139f476c-7fe8-4a63-8b18-8c8a96cf6b87:c8840]
2019-07-13 14:25:30,959 INFO  client.GrpcClientProtocolClient (GrpcClientProtocolClient.java:onNext(255)) - client-D06D1AE7400A->73b493f9-ae73-4742-accf-399c7df130fd: receive RaftClientReply:client-D06D1AE7400A->73b493f9-ae73-4742-accf-399c7df130fd@group-69B904785340, cid=5777, SUCCESS, logIndex=8856, commits[73b493f9-ae73-4742-accf-399c7df130fd:c8859, 7c5123a2-69b6-4251-aec6-dbf2ea5b7f71:c8843, 139f476c-7fe8-4a63-8b18-8c8a96cf6b87:c8840]
2019-07-13 14:25:30,975 INFO  client.GrpcClientProtocolClient (GrpcClientProtocolClient.java:onNext(255)) - client-D06D1AE7400A->73b493f9-ae73-4742-accf-399c7df130fd: receive RaftClientReply:client-D06D1AE7400A->73b493f9-ae73-4742-accf-399c7df130fd@group-69B904785340, cid=5784, SUCCESS, logIndex=0, commits[73b493f9-ae73-4742-accf-399c7df130fd:c8862, 7c5123a2-69b6-4251-aec6-dbf2ea5b7f71:c8848, 139f476c-7fe8-4a63-8b18-8c8a96cf6b87:c8841]
2019-07-13 14:25:30,975 INFO  client.GrpcClientProtocolClient (GrpcClientProtocolClient.java:onNext(255)) - client-D06D1AE7400A->73b493f9-ae73-4742-accf-399c7df130fd: receive RaftClientReply:client-D06D1AE7400A->73b493f9-ae73-4742-accf-399c7df130fd@group-69B904785340, cid=5778, SUCCESS, logIndex=8861, commits[73b493f9-ae73-4742-accf-399c7df130fd:c8862, 7c5123a2-69b6-4251-aec6-dbf2ea5b7f71:c8848, 139f476c-7fe8-4a63-8b18-8c8a96cf6b87:c8840]
2019-07-13 14:25:30,975 INFO  client.GrpcClientProtocolClient (GrpcClientProtocolClient.java:onNext(255)) - client-D06D1AE7400A->73b493f9-ae73-4742-accf-399c7df130fd: receive RaftClientReply:client-D06D1AE7400A->73b493f9-ae73-4742-accf-399c7df130fd@group-69B904785340, cid=5779, SUCCESS, logIndex=8862, commits[73b493f9-ae73-4742-accf-399c7df130fd:c8864, 7c5123a2-69b6-4251-aec6-dbf2ea5b7f71:c8852, 139f476c-7fe8-4a63-8b18-8c8a96cf6b87:c8843]
2019-07-13 14:25:30,976 INFO  client.GrpcClientProtocolClient (GrpcClientProtocolClient.java:onNext(255)) - client-D06D1AE7400A->73b493f9-ae73-4742-accf-399c7df130fd: receive RaftClientReply:client-D06D1AE7400A->73b493f9-ae73-4742-accf-399c7df130fd@group-69B904785340, cid=5785, SUCCESS, logIndex=0, commits[73b493f9-ae73-4742-accf-399c7df130fd:c8862, 7c5123a2-69b6-4251-aec6-dbf2ea5b7f71:c8852, 139f476c-7fe8-4a63-8b18-8c8a96cf6b87:c8843]
2019-07-13 14:25:30,976 INFO  client.GrpcClientProtocolClient (GrpcClientProtocolClient.java:onNext(255)) - client-D06D1AE7400A->73b493f9-ae73-4742-accf-399c7df130fd: receive RaftClientReply:client-D06D1AE7400A->73b493f9-ae73-4742-accf-399c7df130fd@group-69B904785340, cid=5782, SUCCESS, logIndex=8863, commits[73b493f9-ae73-4742-accf-399c7df130fd:c8864, 7c5123a2-69b6-4251-aec6-dbf2ea5b7f71:c8852, 139f476c-7fe8-4a63-8b18-8c8a96cf6b87:c8843]
2019-07-13 14:25:30,977 INFO  client.GrpcClientProtocolClient (GrpcClientProtocolClient.java:onNext(255)) - client-D06D1AE7400A->73b493f9-ae73-4742-accf-399c7df130fd: receive RaftClientReply:client-D06D1AE7400A->73b493f9-ae73-4742-accf-399c7df130fd@group-69B904785340, cid=5786, SUCCESS, logIndex=0, commits[73b493f9-ae73-4742-accf-399c7df130fd:c8864, 7c5123a2-69b6-4251-aec6-dbf2ea5b7f71:c8852, 139f476c-7fe8-4a63-8b18-8c8a96cf6b87:c8848]
2019-07-13 14:25:30,977 INFO  client.GrpcClientProtocolClient (GrpcClientProtocolClient.java:onNext(255)) - client-D06D1AE7400A->73b493f9-ae73-4742-accf-399c7df130fd: receive RaftClientReply:client-D06D1AE7400A->73b493f9-ae73-4742-accf-399c7df130fd@group-69B904785340, cid=5783, SUCCESS, logIndex=8864, commits[73b493f9-ae73-4742-accf-399c7df130fd:c8864, 7c5123a2-69b6-4251-aec6-dbf2ea5b7f71:c8852, 139f476c-7fe8-4a63-8b18-8c8a96cf6b87:c8852]
2019-07-13 14:25:30,977 INFO  client.GrpcClientProtocolClient (GrpcClientProtocolClient.java:onNext(255)) - client-D06D1AE7400A->73b493f9-ae73-4742-accf-399c7df130fd: receive RaftClientReply:client-D06D1AE7400A->73b493f9-ae73-4742-accf-399c7df130fd@group-69B904785340, cid=5787, SUCCESS, logIndex=0, commits[73b493f9-ae73-4742-accf-399c7df130fd:c8864, 7c5123a2-69b6-4251-aec6-dbf2ea5b7f71:c8852, 139f476c-7fe8-4a63-8b18-8c8a96cf6b87:c8848]
2019-07-13 14:25:30,977 INFO  client.GrpcClientProtocolClient (GrpcClientProtocolClient.java:onNext(255)) - client-D06D1AE7400A->73b493f9-ae73-4742-accf-399c7df130fd: receive RaftClientReply:client-D06D1AE7400A->73b493f9-ae73-4742-accf-399c7df130fd@group-69B904785340, cid=5788, SUCCESS, logIndex=0, commits[73b493f9-ae73-4742-accf-399c7df130fd:c8864, 7c5123a2-69b6-4251-aec6-dbf2ea5b7f71:c8852, 139f476c-7fe8-4a63-8b18-8c8a96cf6b87:c8848]
2019-07-13 14:25:30,988 INFO  client.GrpcClientProtocolClient (GrpcClientProtocolClient.java:onNext(255)) - client-D06D1AE7400A->73b493f9-ae73-4742-accf-399c7df130fd: receive RaftClientReply:client-D06D1AE7400A->73b493f9-ae73-4742-accf-399c7df130fd@group-69B904785340, cid=5789, SUCCESS, logIndex=0, commits[73b493f9-ae73-4742-accf-399c7df130fd:c8865, 7c5123a2-69b6-4251-aec6-dbf2ea5b7f71:c8856, 139f476c-7fe8-4a63-8b18-8c8a96cf6b87:c8856]
2019-07-13 14:25:30,988 INFO  client.GrpcClientProtocolClient (GrpcClientProtocolClient.java:onNext(255)) - client-D06D1AE7400A->73b493f9-ae73-4742-accf-399c7df130fd: receive RaftClientReply:client-D06D1AE7400A->73b493f9-ae73-4742-accf-399c7df130fd@group-69B904785340, cid=5794, SUCCESS, logIndex=0, commits[73b493f9-ae73-4742-accf-399c7df130fd:c8871, 7c5123a2-69b6-4251-aec6-dbf2ea5b7f71:c8862, 139f476c-7fe8-4a63-8b18-8c8a96cf6b87:c8862]
2019-07-13 14:25:31,004 INFO  client.GrpcClientProtocolClient (GrpcClientProtocolClient.java:onNext(255)) - client-D06D1AE7400A->73b493f9-ae73-4742-accf-399c7df130fd: receive RaftClientReply:client-D06D1AE7400A->73b493f9-ae73-4742-accf-399c7df130fd@group-69B904785340, cid=5790, SUCCESS, logIndex=8867, commits[73b493f9-ae73-4742-accf-399c7df130fd:c8871, 7c5123a2-69b6-4251-aec6-dbf2ea5b7f71:c8862, 139f476c-7fe8-4a63-8b18-8c8a96cf6b87:c8864]
2019-07-13 14:25:31,005 INFO  client.GrpcClientProtocolClient (GrpcClientProtocolClient.java:onNext(255)) - client-D06D1AE7400A->73b493f9-ae73-4742-accf-399c7df130fd: receive RaftClientReply:client-D06D1AE7400A->73b493f9-ae73-4742-accf-399c7df130fd@group-69B904785340, cid=5791, SUCCESS, logIndex=8868, commits[73b493f9-ae73-4742-accf-399c7df130fd:c8871, 7c5123a2-69b6-4251-aec6-dbf2ea5b7f71:c8862, 139f476c-7fe8-4a63-8b18-8c8a96cf6b87:c8864]
2019-07-13 14:25:31,005 INFO  client.GrpcClientProtocolClient (GrpcClientProtocolClient.java:onNext(255)) - client-D06D1AE7400A->73b493f9-ae73-4742-accf-399c7df130fd: receive RaftClientReply:client-D06D1AE7400A->73b493f9-ae73-4742-accf-399c7df130fd@group-69B904785340, cid=5792, SUCCESS, logIndex=8869, commits[73b493f9-ae73-4742-accf-399c7df130fd:c8871, 7c5123a2-69b6-4251-aec6-dbf2ea5b7f71:c8862, 139f476c-7fe8-4a63-8b18-8c8a96cf6b87:c8864]
2019-07-13 14:25:31,006 INFO  client.GrpcClientProtocolClient (GrpcClientProtocolClient.java:onNext(255)) - client-D06D1AE7400A->73b493f9-ae73-4742-accf-399c7df130fd: receive RaftClientReply:client-D06D1AE7400A->73b493f9-ae73-4742-accf-399c7df130fd@group-69B904785340, cid=5793, SUCCESS, logIndex=8870, commits[73b493f9-ae73-4742-accf-399c7df130fd:c8871, 7c5123a2-69b6-4251-aec6-dbf2ea5b7f71:c8862, 139f476c-7fe8-4a63-8b18-8c8a96cf6b87:c8864]
2019-07-13 14:25:31,008 INFO  client.GrpcClientProtocolClient (GrpcClientProtocolClient.java:onNext(255)) - client-D06D1AE7400A->73b493f9-ae73-4742-accf-399c7df130fd: receive RaftClientReply:client-D06D1AE7400A->73b493f9-ae73-4742-accf-399c7df130fd@group-69B904785340, cid=5795, SUCCESS, logIndex=0, commits[73b493f9-ae73-4742-accf-399c7df130fd:c8873, 7c5123a2-69b6-4251-aec6-dbf2ea5b7f71:c8864, 139f476c-7fe8-4a63-8b18-8c8a96cf6b87:c8864]
2019-07-13 14:25:31,008 INFO  client.GrpcClientProtocolClient (GrpcClientProtocolClient.java:onNext(255)) - client-D06D1AE7400A->73b493f9-ae73-4742-accf-399c7df130fd: receive RaftClientReply:client-D06D1AE7400A->73b493f9-ae73-4742-accf-399c7df130fd@group-69B904785340, cid=5796, SUCCESS, logIndex=8874, commits[73b493f9-ae73-4742-accf-399c7df130fd:c8874, 7c5123a2-69b6-4251-aec6-dbf2ea5b7f71:c8864, 139f476c-7fe8-4a63-8b18-8c8a96cf6b87:c8864]
2019-07-13 14:25:31,010 INFO  client.GrpcClientProtocolClient (GrpcClientProtocolClient.java:onNext(255)) - client-D06D1AE7400A->73b493f9-ae73-4742-accf-399c7df130fd: receive RaftClientReply:client-D06D1AE7400A->73b493f9-ae73-4742-accf-399c7df130fd@group-69B904785340, cid=5797, SUCCESS, logIndex=8875, commits[73b493f9-ae73-4742-accf-399c7df130fd:c8875, 7c5123a2-69b6-4251-aec6-dbf2ea5b7f71:c8864, 139f476c-7fe8-4a63-8b18-8c8a96cf6b87:c8864]
2019-07-13 14:25:31,011 INFO  client.GrpcClientProtocolClient (GrpcClientProtocolClient.java:onNext(255)) - client-D06D1AE7400A->73b493f9-ae73-4742-accf-399c7df130fd: receive RaftClientReply:client-D06D1AE7400A->73b493f9-ae73-4742-accf-399c7df130fd@group-69B904785340, cid=5798, SUCCESS, logIndex=8876, commits[73b493f9-ae73-4742-accf-399c7df130fd:c8878, 7c5123a2-69b6-4251-aec6-dbf2ea5b7f71:c8864, 139f476c-7fe8-4a63-8b18-8c8a96cf6b87:c8864]
2019-07-13 14:25:31,012 INFO  client.GrpcClientProtocolClient (GrpcClientProtocolClient.java:onNext(255)) - client-D06D1AE7400A->73b493f9-ae73-4742-accf-399c7df130fd: receive RaftClientReply:client-D06D1AE7400A->73b493f9-ae73-4742-accf-399c7df130fd@group-69B904785340, cid=5799, SUCCESS, logIndex=8877, commits[73b493f9-ae73-4742-accf-399c7df130fd:c8878, 7c5123a2-69b6-4251-aec6-dbf2ea5b7f71:c8864, 139f476c-7fe8-4a63-8b18-8c8a96cf6b87:c8864]
2019-07-13 14:25:31,012 INFO  client.GrpcClientProtocolClient (GrpcClientProtocolClient.java:onNext(255)) - client-D06D1AE7400A->73b493f9-ae73-4742-accf-399c7df130fd: receive RaftClientReply:client-D06D1AE7400A->73b493f9-ae73-4742-accf-399c7df130fd@group-69B904785340, cid=5800, SUCCESS, logIndex=8878, commits[73b493f9-ae73-4742-accf-399c7df130fd:c8878, 7c5123a2-69b6-4251-aec6-dbf2ea5b7f71:c8864, 139f476c-7fe8-4a63-8b18-8c8a96cf6b87:c8864]
2019-07-13 14:25:31,013 INFO  client.GrpcClientProtocolClient (GrpcClientProtocolClient.java:onNext(255)) - client-D06D1AE7400A->73b493f9-ae73-4742-accf-399c7df130fd: receive RaftClientReply:client-D06D1AE7400A->73b493f9-ae73-4742-accf-399c7df130fd@group-69B904785340, cid=5801, SUCCESS, logIndex=8879, commits[73b493f9-ae73-4742-accf-399c7df130fd:c8882, 7c5123a2-69b6-4251-aec6-dbf2ea5b7f71:c8864, 139f476c-7fe8-4a63-8b18-8c8a96cf6b87:c8868]
2019-07-13 14:25:31,013 INFO  client.GrpcClientProtocolClient (GrpcClientProtocolClient.java:onNext(255)) - client-D06D1AE7400A->73b493f9-ae73-4742-accf-399c7df130fd: receive RaftClientReply:client-D06D1AE7400A->73b493f9-ae73-4742-accf-399c7df130fd@group-69B904785340, cid=5806, SUCCESS, logIndex=0, commits[73b493f9-ae73-4742-accf-399c7df130fd:c8887, 7c5123a2-69b6-4251-aec6-dbf2ea5b7f71:c8868, 139f476c-7fe8-4a63-8b18-8c8a96cf6b87:c8870]
2019-07-13 14:25:31,014 INFO  client.GrpcClientProtocolClient (GrpcClientProtocolClient.java:onNext(255)) - client-D06D1AE7400A->73b493f9-ae73-4742-accf-399c7df130fd: receive RaftClientReply:client-D06D1AE7400A->73b493f9-ae73-4742-accf-399c7df130fd@group-69B904785340, cid=5802, SUCCESS, logIndex=8880, commits[73b493f9-ae73-4742-accf-399c7df130fd:c8882, 7c5123a2-69b6-4251-aec6-dbf2ea5b7f71:c8864, 139f476c-7fe8-4a63-8b18-8c8a96cf6b87:c8864]
2019-07-13 14:25:31,014 INFO  client.GrpcClientProtocolClient (GrpcClientProtocolClient.java:onNext(255)) - client-D06D1AE7400A->73b493f9-ae73-4742-accf-399c7df130fd: receive RaftClientReply:client-D06D1AE7400A->73b493f9-ae73-4742-accf-399c7df130fd@group-69B904785340, cid=5807, SUCCESS, logIndex=0, commits[73b493f9-ae73-4742-accf-399c7df130fd:c8887, 7c5123a2-69b6-4251-aec6-dbf2ea5b7f71:c8870, 139f476c-7fe8-4a63-8b18-8c8a96cf6b87:c8870]
2019-07-13 14:25:31,014 INFO  client.GrpcClientProtocolClient (GrpcClientProtocolClient.java:onNext(255)) - client-D06D1AE7400A->73b493f9-ae73-4742-accf-399c7df130fd: receive RaftClientReply:client-D06D1AE7400A->73b493f9-ae73-4742-accf-399c7df130fd@group-69B904785340, cid=5803, SUCCESS, logIndex=8881, commits[73b493f9-ae73-4742-accf-399c7df130fd:c8882, 7c5123a2-69b6-4251-aec6-dbf2ea5b7f71:c8864, 139f476c-7fe8-4a63-8b18-8c8a96cf6b87:c8870]
2019-07-13 14:25:31,014 INFO  client.GrpcClientProtocolClient (GrpcClientProtocolClient.java:onNext(255)) - client-D06D1AE7400A->73b493f9-ae73-4742-accf-399c7df130fd: receive RaftClientReply:client-D06D1AE7400A->73b493f9-ae73-4742-accf-399c7df130fd@group-69B904785340, cid=5804, SUCCESS, logIndex=8882, commits[73b493f9-ae73-4742-accf-399c7df130fd:c8887, 7c5123a2-69b6-4251-aec6-dbf2ea5b7f71:c8870, 139f476c-7fe8-4a63-8b18-8c8a96cf6b87:c8870]
2019-07-13 14:25:31,015 INFO  client.GrpcClientProtocolClient (GrpcClientProtocolClient.java:onNext(255)) - client-D06D1AE7400A->73b493f9-ae73-4742-accf-399c7df130fd: receive RaftClientReply:client-D06D1AE7400A->73b493f9-ae73-4742-accf-399c7df130fd@group-69B904785340, cid=5805, SUCCESS, logIndex=8883, commits[73b493f9-ae73-4742-accf-399c7df130fd:c8887, 7c5123a2-69b6-4251-aec6-dbf2ea5b7f71:c8868, 139f476c-7fe8-4a63-8b18-8c8a96cf6b87:c8870]
2019-07-13 14:25:31,052 INFO  client.GrpcClientProtocolClient (GrpcClientProtocolClient.java:onNext(255)) - client-D06D1AE7400A->73b493f9-ae73-4742-accf-399c7df130fd: receive RaftClientReply:client-D06D1AE7400A->73b493f9-ae73-4742-accf-399c7df130fd@group-69B904785340, cid=5808, SUCCESS, logIndex=8888, commits[73b493f9-ae73-4742-accf-399c7df130fd:c8889, 7c5123a2-69b6-4251-aec6-dbf2ea5b7f71:c8870, 139f476c-7fe8-4a63-8b18-8c8a96cf6b87:c8874]
2019-07-13 14:25:31,053 INFO  client.GrpcClientProtocolClient (GrpcClientProtocolClient.java:onNext(255)) - client-D06D1AE7400A->73b493f9-ae73-4742-accf-399c7df130fd: receive RaftClientReply:client-D06D1AE7400A->73b493f9-ae73-4742-accf-399c7df130fd@group-69B904785340, cid=5809, SUCCESS, logIndex=8890, commits[73b493f9-ae73-4742-accf-399c7df130fd:c8892, 7c5123a2-69b6-4251-aec6-dbf2ea5b7f71:c8870, 139f476c-7fe8-4a63-8b18-8c8a96cf6b87:c8875]
2019-07-13 14:25:31,055 INFO  client.GrpcClientProtocolClient (GrpcClientProtocolClient.java:onNext(255)) - client-D06D1AE7400A->73b493f9-ae73-4742-accf-399c7df130fd: receive RaftClientReply:client-D06D1AE7400A->73b493f9-ae73-4742-accf-399c7df130fd@group-69B904785340, cid=5812, SUCCESS, logIndex=0, commits[73b493f9-ae73-4742-accf-399c7df130fd:c8895, 7c5123a2-69b6-4251-aec6-dbf2ea5b7f71:c8876, 139f476c-7fe8-4a63-8b18-8c8a96cf6b87:c8877]
2019-07-13 14:25:31,055 INFO  client.GrpcClientProtocolClient (GrpcClientProtocolClient.java:onNext(255)) - client-D06D1AE7400A->73b493f9-ae73-4742-accf-399c7df130fd: receive RaftClientReply:client-D06D1AE7400A->73b493f9-ae73-4742-accf-399c7df130fd@group-69B904785340, cid=5810, SUCCESS, logIndex=8891, commits[73b493f9-ae73-4742-accf-399c7df130fd:c8892, 7c5123a2-69b6-4251-aec6-dbf2ea5b7f71:c8870, 139f476c-7fe8-4a63-8b18-8c8a96cf6b87:c8875]
2019-07-13 14:25:31,055 INFO  client.GrpcClientProtocolClient (GrpcClientProtocolClient.java:onNext(255)) - client-D06D1AE7400A->73b493f9-ae73-4742-accf-399c7df130fd: receive RaftClientReply:client-D06D1AE7400A->73b493f9-ae73-4742-accf-399c7df130fd@group-69B904785340, cid=5814, SUCCESS, logIndex=0, commits[73b493f9-ae73-4742-accf-399c7df130fd:c8896, 7c5123a2-69b6-4251-aec6-dbf2ea5b7f71:c8877, 139f476c-7fe8-4a63-8b18-8c8a96cf6b87:c8878]
2019-07-13 14:25:31,055 INFO  client.GrpcClientProtocolClient (GrpcClientProtocolClient.java:onNext(255)) - client-D06D1AE7400A->73b493f9-ae73-4742-accf-399c7df130fd: receive RaftClientReply:client-D06D1AE7400A->73b493f9-ae73-4742-accf-399c7df130fd@group-69B904785340, cid=5811, SUCCESS, logIndex=8893, commits[73b493f9-ae73-4742-accf-399c7df130fd:c8895, 7c5123a2-69b6-4251-aec6-dbf2ea5b7f71:c8875, 139f476c-7fe8-4a63-8b18-8c8a96cf6b87:c8877]
2019-07-13 14:25:31,056 INFO  client.GrpcClientProtocolClient (GrpcClientProtocolClient.java:onNext(255)) - client-D06D1AE7400A->73b493f9-ae73-4742-accf-399c7df130fd: receive RaftClientReply:client-D06D1AE7400A->73b493f9-ae73-4742-accf-399c7df130fd@group-69B904785340, cid=5816, SUCCESS, logIndex=0, commits[73b493f9-ae73-4742-accf-399c7df130fd:c8897, 7c5123a2-69b6-4251-aec6-dbf2ea5b7f71:c8882, 139f476c-7fe8-4a63-8b18-8c8a96cf6b87:c8882]
2019-07-13 14:25:31,056 INFO  client.GrpcClientProtocolClient (GrpcClientProtocolClient.java:onNext(255)) - client-D06D1AE7400A->73b493f9-ae73-4742-accf-399c7df130fd: receive RaftClientReply:client-D06D1AE7400A->73b493f9-ae73-4742-accf-399c7df130fd@group-69B904785340, cid=5817, SUCCESS, logIndex=0, commits[73b493f9-ae73-4742-accf-399c7df130fd:c8897, 7c5123a2-69b6-4251-aec6-dbf2ea5b7f71:c8882, 139f476c-7fe8-4a63-8b18-8c8a96cf6b87:c8882]
2019-07-13 14:25:31,067 INFO  client.GrpcClientProtocolClient (GrpcClientProtocolClient.java:onNext(255)) - client-D06D1AE7400A->73b493f9-ae73-4742-accf-399c7df130fd: receive RaftClientReply:client-D06D1AE7400A->73b493f9-ae73-4742-accf-399c7df130fd@group-69B904785340, cid=5813, SUCCESS, logIndex=8898, commits[73b493f9-ae73-4742-accf-399c7df130fd:c8900, 7c5123a2-69b6-4251-aec6-dbf2ea5b7f71:c8887, 139f476c-7fe8-4a63-8b18-8c8a96cf6b87:c8882]
2019-07-13 14:25:31,068 INFO  client.GrpcClientProtocolClient (GrpcClientProtocolClient.java:onNext(255)) - client-D06D1AE7400A->73b493f9-ae73-4742-accf-399c7df130fd: receive RaftClientReply:client-D06D1AE7400A->73b493f9-ae73-4742-accf-399c7df130fd@group-69B904785340, cid=5818, SUCCESS, logIndex=0, commits[73b493f9-ae73-4742-accf-399c7df130fd:c8900, 7c5123a2-69b6-4251-aec6-dbf2ea5b7f71:c8887, 139f476c-7fe8-4a63-8b18-8c8a96cf6b87:c8887]
2019-07-13 14:25:31,070 INFO  client.GrpcClientProtocolClient (GrpcClientProtocolClient.java:onNext(255)) - client-D06D1AE7400A->73b493f9-ae73-4742-accf-399c7df130fd: receive RaftClientReply:client-D06D1AE7400A->73b493f9-ae73-4742-accf-399c7df130fd@group-69B904785340, cid=5815, SUCCESS, logIndex=8899, commits[73b493f9-ae73-4742-accf-399c7df130fd:c8900, 7c5123a2-69b6-4251-aec6-dbf2ea5b7f71:c8887, 139f476c-7fe8-4a63-8b18-8c8a96cf6b87:c8887]
2019-07-13 14:25:31,070 INFO  client.GrpcClientProtocolClient (GrpcClientProtocolClient.java:onNext(255)) - client-D06D1AE7400A->73b493f9-ae73-4742-accf-399c7df130fd: receive RaftClientReply:client-D06D1AE7400A->73b493f9-ae73-4742-accf-399c7df130fd@group-69B904785340, cid=5819, SUCCESS, logIndex=8900, commits[73b493f9-ae73-4742-accf-399c7df130fd:c8900, 7c5123a2-69b6-4251-aec6-dbf2ea5b7f71:c8887, 139f476c-7fe8-4a63-8b18-8c8a96cf6b87:c8882]
2019-07-13 14:25:31,071 INFO  client.GrpcClientProtocolClient (GrpcClientProtocolClient.java:onNext(255)) - client-D06D1AE7400A->73b493f9-ae73-4742-accf-399c7df130fd: receive RaftClientReply:client-D06D1AE7400A->73b493f9-ae73-4742-accf-399c7df130fd@group-69B904785340, cid=5820, SUCCESS, logIndex=8901, commits[73b493f9-ae73-4742-accf-399c7df130fd:c8905, 7c5123a2-69b6-4251-aec6-dbf2ea5b7f71:c8892, 139f476c-7fe8-4a63-8b18-8c8a96cf6b87:c8887]
2019-07-13 14:25:31,071 INFO  client.GrpcClientProtocolClient (GrpcClientProtocolClient.java:onNext(255)) - client-D06D1AE7400A->73b493f9-ae73-4742-accf-399c7df130fd: receive RaftClientReply:client-D06D1AE7400A->73b493f9-ae73-4742-accf-399c7df130fd@group-69B904785340, cid=5821, SUCCESS, logIndex=8902, commits[73b493f9-ae73-4742-accf-399c7df130fd:c8905, 7c5123a2-69b6-4251-aec6-dbf2ea5b7f71:c8892, 139f476c-7fe8-4a63-8b18-8c8a96cf6b87:c8887]
2019-07-13 14:25:31,071 INFO  client.GrpcClientProtocolClient (GrpcClientProtocolClient.java:onNext(255)) - client-D06D1AE7400A->73b493f9-ae73-4742-accf-399c7df130fd: receive RaftClientReply:client-D06D1AE7400A->73b493f9-ae73-4742-accf-399c7df130fd@group-69B904785340, cid=5823, SUCCESS, logIndex=0, commits[73b493f9-ae73-4742-accf-399c7df130fd:c8905, 7c5123a2-69b6-4251-aec6-dbf2ea5b7f71:c8897, 139f476c-7fe8-4a63-8b18-8c8a96cf6b87:c8892]
2019-07-13 14:25:31,072 INFO  client.GrpcClientProtocolClient (GrpcClientProtocolClient.java:onNext(255)) - client-D06D1AE7400A->73b493f9-ae73-4742-accf-399c7df130fd: receive RaftClientReply:client-D06D1AE7400A->73b493f9-ae73-4742-accf-399c7df130fd@group-69B904785340, cid=5822, SUCCESS, logIndex=8903, commits[73b493f9-ae73-4742-accf-399c7df130fd:c8905, 7c5123a2-69b6-4251-aec6-dbf2ea5b7f71:c8897, 139f476c-7fe8-4a63-8b18-8c8a96cf6b87:c8892]
2019-07-13 14:25:31,072 INFO  client.GrpcClientProtocolClient (GrpcClientProtocolClient.java:onNext(255)) - client-D06D1AE7400A->73b493f9-ae73-4742-accf-399c7df130fd: receive RaftClientReply:client-D06D1AE7400A->73b493f9-ae73-4742-accf-399c7df130fd@group-69B904785340, cid=5825, SUCCESS, logIndex=8906, commits[73b493f9-ae73-4742-accf-399c7df130fd:c8914, 7c5123a2-69b6-4251-aec6-dbf2ea5b7f71:c8900, 139f476c-7fe8-4a63-8b18-8c8a96cf6b87:c8892]
2019-07-13 14:25:31,073 INFO  client.GrpcClientProtocolClient (GrpcClientProtocolClient.java:onNext(255)) - client-D06D1AE7400A->73b493f9-ae73-4742-accf-399c7df130fd: receive RaftClientReply:client-D06D1AE7400A->73b493f9-ae73-4742-accf-399c7df130fd@group-69B904785340, cid=5826, SUCCESS, logIndex=8907, commits[73b493f9-ae73-4742-accf-399c7df130fd:c8914, 7c5123a2-69b6-4251-aec6-dbf2ea5b7f71:c8899, 139f476c-7fe8-4a63-8b18-8c8a96cf6b87:c8892]
2019-07-13 14:25:31,073 INFO  client.GrpcClientProtocolClient (GrpcClientProtocolClient.java:onNext(255)) - client-D06D1AE7400A->73b493f9-ae73-4742-accf-399c7df130fd: receive RaftClientReply:client-D06D1AE7400A->73b493f9-ae73-4742-accf-399c7df130fd@group-69B904785340, cid=5827, SUCCESS, logIndex=8908, commits[73b493f9-ae73-4742-accf-399c7df130fd:c8914, 7c5123a2-69b6-4251-aec6-dbf2ea5b7f71:c8900, 139f476c-7fe8-4a63-8b18-8c8a96cf6b87:c8892]
2019-07-13 14:25:31,074 INFO  client.GrpcClientProtocolClient (GrpcClientProtocolClient.java:onNext(255)) - client-D06D1AE7400A->73b493f9-ae73-4742-accf-399c7df130fd: receive RaftClientReply:client-D06D1AE7400A->73b493f9-ae73-4742-accf-399c7df130fd@group-69B904785340, cid=5828, SUCCESS, logIndex=8909, commits[73b493f9-ae73-4742-accf-399c7df130fd:c8916, 7c5123a2-69b6-4251-aec6-dbf2ea5b7f71:c8900, 139f476c-7fe8-4a63-8b18-8c8a96cf6b87:c8892]
2019-07-13 14:25:31,074 INFO  client.GrpcClientProtocolClient (GrpcClientProtocolClient.java:onNext(255)) - client-D06D1AE7400A->73b493f9-ae73-4742-accf-399c7df130fd: receive RaftClientReply:client-D06D1AE7400A->73b493f9-ae73-4742-accf-399c7df130fd@group-69B904785340, cid=5829, SUCCESS, logIndex=8910, commits[73b493f9-ae73-4742-accf-399c7df130fd:c8914, 7c5123a2-69b6-4251-aec6-dbf2ea5b7f71:c8900, 139f476c-7fe8-4a63-8b18-8c8a96cf6b87:c8892]
2019-07-13 14:25:31,074 INFO  client.GrpcClientProtocolClient (GrpcClientProtocolClient.java:onNext(255)) - client-D06D1AE7400A->73b493f9-ae73-4742-accf-399c7df130fd: receive RaftClientReply:client-D06D1AE7400A->73b493f9-ae73-4742-accf-399c7df130fd@group-69B904785340, cid=5830, SUCCESS, logIndex=8911, commits[73b493f9-ae73-4742-accf-399c7df130fd:c8914, 7c5123a2-69b6-4251-aec6-dbf2ea5b7f71:c8900, 139f476c-7fe8-4a63-8b18-8c8a96cf6b87:c8892]
2019-07-13 14:25:31,075 INFO  client.GrpcClientProtocolClient (GrpcClientProtocolClient.java:onNext(255)) - client-D06D1AE7400A->73b493f9-ae73-4742-accf-399c7df130fd: receive RaftClientReply:client-D06D1AE7400A->73b493f9-ae73-4742-accf-399c7df130fd@group-69B904785340, cid=5831, SUCCESS, logIndex=8912, commits[73b493f9-ae73-4742-accf-399c7df130fd:c8916, 7c5123a2-69b6-4251-aec6-dbf2ea5b7f71:c8900, 139f476c-7fe8-4a63-8b18-8c8a96cf6b87:c8892]
2019-07-13 14:25:31,075 INFO  client.GrpcClientProtocolClient (GrpcClientProtocolClient.java:onNext(255)) - client-D06D1AE7400A->73b493f9-ae73-4742-accf-399c7df130fd: receive RaftClientReply:client-D06D1AE7400A->73b493f9-ae73-4742-accf-399c7df130fd@group-69B904785340, cid=5832, SUCCESS, logIndex=8913, commits[73b493f9-ae73-4742-accf-399c7df130fd:c8916, 7c5123a2-69b6-4251-aec6-dbf2ea5b7f71:c8900, 139f476c-7fe8-4a63-8b18-8c8a96cf6b87:c8892]
2019-07-13 14:25:31,083 INFO  client.GrpcClientProtocolClient (GrpcClientProtocolClient.java:onNext(255)) - client-D06D1AE7400A->73b493f9-ae73-4742-accf-399c7df130fd: receive RaftClientReply:client-D06D1AE7400A->73b493f9-ae73-4742-accf-399c7df130fd@group-69B904785340, cid=5824, SUCCESS, logIndex=0, commits[73b493f9-ae73-4742-accf-399c7df130fd:c8916, 7c5123a2-69b6-4251-aec6-dbf2ea5b7f71:c8900, 139f476c-7fe8-4a63-8b18-8c8a96cf6b87:c8897]
2019-07-13 14:25:31,084 INFO  client.GrpcClientProtocolClient (GrpcClientProtocolClient.java:onNext(255)) - client-D06D1AE7400A->73b493f9-ae73-4742-accf-399c7df130fd: receive RaftClientReply:client-D06D1AE7400A->73b493f9-ae73-4742-accf-399c7df130fd@group-69B904785340, cid=5836, SUCCESS, logIndex=8917, commits[73b493f9-ae73-4742-accf-399c7df130fd:c8917, 7c5123a2-69b6-4251-aec6-dbf2ea5b7f71:c8916, 139f476c-7fe8-4a63-8b18-8c8a96cf6b87:c8897]
2019-07-13 14:25:31,085 INFO  client.GrpcClientProtocolClient (GrpcClientProtocolClient.java:onNext(255)) - client-D06D1AE7400A->73b493f9-ae73-4742-accf-399c7df130fd: receive RaftClientReply:client-D06D1AE7400A->73b493f9-ae73-4742-accf-399c7df130fd@group-69B904785340, cid=5833, SUCCESS, logIndex=0, commits[73b493f9-ae73-4742-accf-399c7df130fd:c8917, 7c5123a2-69b6-4251-aec6-dbf2ea5b7f71:c8916, 139f476c-7fe8-4a63-8b18-8c8a96cf6b87:c8899]
2019-07-13 14:25:31,085 INFO  client.GrpcClientProtocolClient (GrpcClientProtocolClient.java:onNext(255)) - client-D06D1AE7400A->73b493f9-ae73-4742-accf-399c7df130fd: receive RaftClientReply:client-D06D1AE7400A->73b493f9-ae73-4742-accf-399c7df130fd@group-69B904785340, cid=5837, SUCCESS, logIndex=8918, commits[73b493f9-ae73-4742-accf-399c7df130fd:c8918, 7c5123a2-69b6-4251-aec6-dbf2ea5b7f71:c8916, 139f476c-7fe8-4a63-8b18-8c8a96cf6b87:c8899]
2019-07-13 14:25:31,096 INFO  client.GrpcClientProtocolClient (GrpcClientProtocolClient.java:onNext(255)) - client-D06D1AE7400A->73b493f9-ae73-4742-accf-399c7df130fd: receive RaftClientReply:client-D06D1AE7400A->73b493f9-ae73-4742-accf-399c7df130fd@group-69B904785340, cid=5834, SUCCESS, logIndex=0, commits[73b493f9-ae73-4742-accf-399c7df130fd:c8919, 7c5123a2-69b6-4251-aec6-dbf2ea5b7f71:c8916, 139f476c-7fe8-4a63-8b18-8c8a96cf6b87:c8916]
2019-07-13 14:25:31,096 INFO  client.GrpcClientProtocolClient (GrpcClientProtocolClient.java:onNext(255)) - client-D06D1AE7400A->73b493f9-ae73-4742-accf-399c7df130fd: receive RaftClientReply:client-D06D1AE7400A->73b493f9-ae73-4742-accf-399c7df130fd@group-69B904785340, cid=5842, SUCCESS, logIndex=8919, commits[73b493f9-ae73-4742-accf-399c7df130fd:c8920, 7c5123a2-69b6-4251-aec6-dbf2ea5b7f71:c8916, 139f476c-7fe8-4a63-8b18-8c8a96cf6b87:c8916]
2019-07-13 14:25:31,096 INFO  client.GrpcClientProtocolClient (GrpcClientProtocolClient.java:onNext(255)) - client-D06D1AE7400A->73b493f9-ae73-4742-accf-399c7df130fd: receive RaftClientReply:client-D06D1AE7400A->73b493f9-ae73-4742-accf-399c7df130fd@group-69B904785340, cid=5835, SUCCESS, logIndex=0, commits[73b493f9-ae73-4742-accf-399c7df130fd:c8920, 7c5123a2-69b6-4251-aec6-dbf2ea5b7f71:c8916, 139f476c-7fe8-4a63-8b18-8c8a96cf6b87:c8916]
2019-07-13 14:25:31,097 INFO  client.GrpcClientProtocolClient (GrpcClientProtocolClient.java:onNext(255)) - client-D06D1AE7400A->73b493f9-ae73-4742-accf-399c7df130fd: receive RaftClientReply:client-D06D1AE7400A->73b493f9-ae73-4742-accf-399c7df130fd@group-69B904785340, cid=5838, SUCCESS, logIndex=0, commits[73b493f9-ae73-4742-accf-399c7df130fd:c8920, 7c5123a2-69b6-4251-aec6-dbf2ea5b7f71:c8916, 139f476c-7fe8-4a63-8b18-8c8a96cf6b87:c8916]
2019-07-13 14:25:31,097 INFO  client.GrpcClientProtocolClient (GrpcClientProtocolClient.java:onNext(255)) - client-D06D1AE7400A->73b493f9-ae73-4742-accf-399c7df130fd: receive RaftClientReply:client-D06D1AE7400A->73b493f9-ae73-4742-accf-399c7df130fd@group-69B904785340, cid=5843, SUCCESS, logIndex=8920, commits[73b493f9-ae73-4742-accf-399c7df130fd:c8920, 7c5123a2-69b6-4251-aec6-dbf2ea5b7f71:c8916, 139f476c-7fe8-4a63-8b18-8c8a96cf6b87:c8916]
2019-07-13 14:25:31,098 INFO  client.GrpcClientProtocolClient (GrpcClientProtocolClient.java:onNext(255)) - client-D06D1AE7400A->73b493f9-ae73-4742-accf-399c7df130fd: receive RaftClientReply:client-D06D1AE7400A->73b493f9-ae73-4742-accf-399c7df130fd@group-69B904785340, cid=5839, SUCCESS, logIndex=0, commits[73b493f9-ae73-4742-accf-399c7df130fd:c8920, 7c5123a2-69b6-4251-aec6-dbf2ea5b7f71:c8916, 139f476c-7fe8-4a63-8b18-8c8a96cf6b87:c8916]
2019-07-13 14:25:31,098 INFO  client.GrpcClientProtocolClient (GrpcClientProtocolClient.java:onNext(255)) - client-D06D1AE7400A->73b493f9-ae73-4742-accf-399c7df130fd: receive RaftClientReply:client-D06D1AE7400A->73b493f9-ae73-4742-accf-399c7df130fd@group-69B904785340, cid=5840, SUCCESS, logIndex=0, commits[73b493f9-ae73-4742-accf-399c7df130fd:c8920, 7c5123a2-69b6-4251-aec6-dbf2ea5b7f71:c8916, 139f476c-7fe8-4a63-8b18-8c8a96cf6b87:c8916]
2019-07-13 14:25:31,098 INFO  client.GrpcClientProtocolClient (GrpcClientProtocolClient.java:onNext(255)) - client-D06D1AE7400A->73b493f9-ae73-4742-accf-399c7df130fd: receive RaftClientReply:client-D06D1AE7400A->73b493f9-ae73-4742-accf-399c7df130fd@group-69B904785340, cid=5841, SUCCESS, logIndex=0, commits[73b493f9-ae73-4742-accf-399c7df130fd:c8920, 7c5123a2-69b6-4251-aec6-dbf2ea5b7f71:c8916, 139f476c-7fe8-4a63-8b18-8c8a96cf6b87:c8916]
2019-07-13 14:25:31,107 INFO  client.GrpcClientProtocolClient (GrpcClientProtocolClient.java:onNext(255)) - client-D06D1AE7400A->73b493f9-ae73-4742-accf-399c7df130fd: receive RaftClientReply:client-D06D1AE7400A->73b493f9-ae73-4742-accf-399c7df130fd@group-69B904785340, cid=5844, SUCCESS, logIndex=0, commits[73b493f9-ae73-4742-accf-399c7df130fd:c8924, 7c5123a2-69b6-4251-aec6-dbf2ea5b7f71:c8918, 139f476c-7fe8-4a63-8b18-8c8a96cf6b87:c8918]
2019-07-13 14:25:31,107 INFO  client.GrpcClientProtocolClient (GrpcClientProtocolClient.java:onNext(255)) - client-D06D1AE7400A->73b493f9-ae73-4742-accf-399c7df130fd: receive RaftClientReply:client-D06D1AE7400A->73b493f9-ae73-4742-accf-399c7df130fd@group-69B904785340, cid=5845, SUCCESS, logIndex=8923, commits[73b493f9-ae73-4742-accf-399c7df130fd:c8924, 7c5123a2-69b6-4251-aec6-dbf2ea5b7f71:c8918, 139f476c-7fe8-4a63-8b18-8c8a96cf6b87:c8918]
2019-07-13 14:25:31,108 INFO  client.GrpcClientProtocolClient (GrpcClientProtocolClient.java:onNext(255)) - client-D06D1AE7400A->73b493f9-ae73-4742-accf-399c7df130fd: receive RaftClientReply:client-D06D1AE7400A->73b493f9-ae73-4742-accf-399c7df130fd@group-69B904785340, cid=5846, SUCCESS, logIndex=8924, commits[73b493f9-ae73-4742-accf-399c7df130fd:c8926, 7c5123a2-69b6-4251-aec6-dbf2ea5b7f71:c8918, 139f476c-7fe8-4a63-8b18-8c8a96cf6b87:c8918]
2019-07-13 14:25:31,109 INFO  client.GrpcClientProtocolClient (GrpcClientProtocolClient.java:onNext(255)) - client-D06D1AE7400A->73b493f9-ae73-4742-accf-399c7df130fd: receive RaftClientReply:client-D06D1AE7400A->73b493f9-ae73-4742-accf-399c7df130fd@group-69B904785340, cid=5847, SUCCESS, logIndex=8925, commits[73b493f9-ae73-4742-accf-399c7df130fd:c8926, 7c5123a2-69b6-4251-aec6-dbf2ea5b7f71:c8918, 139f476c-7fe8-4a63-8b18-8c8a96cf6b87:c8918]
2019-07-13 14:25:31,110 INFO  client.GrpcClientProtocolClient (GrpcClientProtocolClient.java:onNext(255)) - client-D06D1AE7400A->73b493f9-ae73-4742-accf-399c7df130fd: receive RaftClientReply:client-D06D1AE7400A->73b493f9-ae73-4742-accf-399c7df130fd@group-69B904785340, cid=5848, SUCCESS, logIndex=8926, commits[73b493f9-ae73-4742-accf-399c7df130fd:c8927, 7c5123a2-69b6-4251-aec6-dbf2ea5b7f71:c8919, 139f476c-7fe8-4a63-8b18-8c8a96cf6b87:c8918]
2019-07-13 14:25:31,110 INFO  client.GrpcClientProtocolClient (GrpcClientProtocolClient.java:onNext(255)) - client-D06D1AE7400A->73b493f9-ae73-4742-accf-399c7df130fd: receive RaftClientReply:client-D06D1AE7400A->73b493f9-ae73-4742-accf-399c7df130fd@group-69B904785340, cid=5849, SUCCESS, logIndex=0, commits[73b493f9-ae73-4742-accf-399c7df130fd:c8929, 7c5123a2-69b6-4251-aec6-dbf2ea5b7f71:c8921, 139f476c-7fe8-4a63-8b18-8c8a96cf6b87:c8920]
2019-07-13 14:25:31,111 INFO  client.GrpcClientProtocolClient (GrpcClientProtocolClient.java:onNext(255)) - client-D06D1AE7400A->73b493f9-ae73-4742-accf-399c7df130fd: receive RaftClientReply:client-D06D1AE7400A->73b493f9-ae73-4742-accf-399c7df130fd@group-69B904785340, cid=5850, SUCCESS, logIndex=8929, commits[73b493f9-ae73-4742-accf-399c7df130fd:c8929, 7c5123a2-69b6-4251-aec6-dbf2ea5b7f71:c8921, 139f476c-7fe8-4a63-8b18-8c8a96cf6b87:c8918]
2019-07-13 14:25:31,111 INFO  client.GrpcClientProtocolClient (GrpcClientProtocolClient.java:onNext(255)) - client-D06D1AE7400A->73b493f9-ae73-4742-accf-399c7df130fd: receive RaftClientReply:client-D06D1AE7400A->73b493f9-ae73-4742-accf-399c7df130fd@group-69B904785340, cid=5851, SUCCESS, logIndex=8930, commits[73b493f9-ae73-4742-accf-399c7df130fd:c8934, 7c5123a2-69b6-4251-aec6-dbf2ea5b7f71:c8921, 139f476c-7fe8-4a63-8b18-8c8a96cf6b87:c8920]
2019-07-13 14:25:31,112 INFO  client.GrpcClientProtocolClient (GrpcClientProtocolClient.java:onNext(255)) - client-D06D1AE7400A->73b493f9-ae73-4742-accf-399c7df130fd: receive RaftClientReply:client-D06D1AE7400A->73b493f9-ae73-4742-accf-399c7df130fd@group-69B904785340, cid=5852, SUCCESS, logIndex=8931, commits[73b493f9-ae73-4742-accf-399c7df130fd:c8934, 7c5123a2-69b6-4251-aec6-dbf2ea5b7f71:c8921, 139f476c-7fe8-4a63-8b18-8c8a96cf6b87:c8920]
2019-07-13 14:25:31,113 INFO  client.GrpcClientProtocolClient (GrpcClientProtocolClient.java:onNext(255)) - client-D06D1AE7400A->73b493f9-ae73-4742-accf-399c7df130fd: receive RaftClientReply:client-D06D1AE7400A->73b493f9-ae73-4742-accf-399c7df130fd@group-69B904785340, cid=5853, SUCCESS, logIndex=8932, commits[73b493f9-ae73-4742-accf-399c7df130fd:c8934, 7c5123a2-69b6-4251-aec6-dbf2ea5b7f71:c8921, 139f476c-7fe8-4a63-8b18-8c8a96cf6b87:c8920]
2019-07-13 14:25:31,113 INFO  client.GrpcClientProtocolClient (GrpcClientProtocolClient.java:onNext(255)) - client-D06D1AE7400A->73b493f9-ae73-4742-accf-399c7df130fd: receive RaftClientReply:client-D06D1AE7400A->73b493f9-ae73-4742-accf-399c7df130fd@group-69B904785340, cid=5854, SUCCESS, logIndex=8933, commits[73b493f9-ae73-4742-accf-399c7df130fd:c8934, 7c5123a2-69b6-4251-aec6-dbf2ea5b7f71:c8921, 139f476c-7fe8-4a63-8b18-8c8a96cf6b87:c8920]
2019-07-13 14:25:31,113 INFO  client.GrpcClientProtocolClient (GrpcClientProtocolClient.java:onNext(255)) - client-D06D1AE7400A->73b493f9-ae73-4742-accf-399c7df130fd: receive RaftClientReply:client-D06D1AE7400A->73b493f9-ae73-4742-accf-399c7df130fd@group-69B904785340, cid=5855, SUCCESS, logIndex=8934, commits[73b493f9-ae73-4742-accf-399c7df130fd:c8934, 7c5123a2-69b6-4251-aec6-dbf2ea5b7f71:c8921, 139f476c-7fe8-4a63-8b18-8c8a96cf6b87:c8920]
2019-07-13 14:25:31,114 INFO  client.GrpcClientProtocolClient (GrpcClientProtocolClient.java:onNext(255)) - client-D06D1AE7400A->73b493f9-ae73-4742-accf-399c7df130fd: receive RaftClientReply:client-D06D1AE7400A->73b493f9-ae73-4742-accf-399c7df130fd@group-69B904785340, cid=5856, SUCCESS, logIndex=8935, commits[73b493f9-ae73-4742-accf-399c7df130fd:c8940, 7c5123a2-69b6-4251-aec6-dbf2ea5b7f71:c8921, 139f476c-7fe8-4a63-8b18-8c8a96cf6b87:c8920]
2019-07-13 14:25:31,114 INFO  client.GrpcClientProtocolClient (GrpcClientProtocolClient.java:onNext(255)) - client-D06D1AE7400A->73b493f9-ae73-4742-accf-399c7df130fd: receive RaftClientReply:client-D06D1AE7400A->73b493f9-ae73-4742-accf-399c7df130fd@group-69B904785340, cid=5857, SUCCESS, logIndex=8936, commits[73b493f9-ae73-4742-accf-399c7df130fd:c8940, 7c5123a2-69b6-4251-aec6-dbf2ea5b7f71:c8921, 139f476c-7fe8-4a63-8b18-8c8a96cf6b87:c8920]
2019-07-13 14:25:31,114 INFO  client.GrpcClientProtocolClient (GrpcClientProtocolClient.java:onNext(255)) - client-D06D1AE7400A->73b493f9-ae73-4742-accf-399c7df130fd: receive RaftClientReply:client-D06D1AE7400A->73b493f9-ae73-4742-accf-399c7df130fd@group-69B904785340, cid=5858, SUCCESS, logIndex=8937, commits[73b493f9-ae73-4742-accf-399c7df130fd:c8940, 7c5123a2-69b6-4251-aec6-dbf2ea5b7f71:c8921, 139f476c-7fe8-4a63-8b18-8c8a96cf6b87:c8920]
2019-07-13 14:25:31,115 INFO  client.GrpcClientProtocolClient (GrpcClientProtocolClient.java:onNext(255)) - client-D06D1AE7400A->73b493f9-ae73-4742-accf-399c7df130fd: receive RaftClientReply:client-D06D1AE7400A->73b493f9-ae73-4742-accf-399c7df130fd@group-69B904785340, cid=5859, SUCCESS, logIndex=8938, commits[73b493f9-ae73-4742-accf-399c7df130fd:c8940, 7c5123a2-69b6-4251-aec6-dbf2ea5b7f71:c8921, 139f476c-7fe8-4a63-8b18-8c8a96cf6b87:c8920]
2019-07-13 14:25:31,115 INFO  client.GrpcClientProtocolClient (GrpcClientProtocolClient.java:onNext(255)) - client-D06D1AE7400A->73b493f9-ae73-4742-accf-399c7df130fd: receive RaftClientReply:client-D06D1AE7400A->73b493f9-ae73-4742-accf-399c7df130fd@group-69B904785340, cid=5860, SUCCESS, logIndex=8939, commits[73b493f9-ae73-4742-accf-399c7df130fd:c8940, 7c5123a2-69b6-4251-aec6-dbf2ea5b7f71:c8921, 139f476c-7fe8-4a63-8b18-8c8a96cf6b87:c8920]
2019-07-13 14:25:31,116 INFO  client.GrpcClientProtocolClient (GrpcClientProtocolClient.java:onNext(255)) - client-D06D1AE7400A->73b493f9-ae73-4742-accf-399c7df130fd: receive RaftClientReply:client-D06D1AE7400A->73b493f9-ae73-4742-accf-399c7df130fd@group-69B904785340, cid=5861, SUCCESS, logIndex=8940, commits[73b493f9-ae73-4742-accf-399c7df130fd:c8940, 7c5123a2-69b6-4251-aec6-dbf2ea5b7f71:c8921, 139f476c-7fe8-4a63-8b18-8c8a96cf6b87:c8920]
2019-07-13 14:25:31,124 INFO  client.GrpcClientProtocolClient (GrpcClientProtocolClient.java:onNext(255)) - client-D06D1AE7400A->73b493f9-ae73-4742-accf-399c7df130fd: receive RaftClientReply:client-D06D1AE7400A->73b493f9-ae73-4742-accf-399c7df130fd@group-69B904785340, cid=5862, SUCCESS, logIndex=0, commits[73b493f9-ae73-4742-accf-399c7df130fd:c8947, 7c5123a2-69b6-4251-aec6-dbf2ea5b7f71:c8934, 139f476c-7fe8-4a63-8b18-8c8a96cf6b87:c8924]
2019-07-13 14:25:31,124 INFO  client.GrpcClientProtocolClient (GrpcClientProtocolClient.java:onNext(255)) - client-D06D1AE7400A->73b493f9-ae73-4742-accf-399c7df130fd: receive RaftClientReply:client-D06D1AE7400A->73b493f9-ae73-4742-accf-399c7df130fd@group-69B904785340, cid=5863, SUCCESS, logIndex=0, commits[73b493f9-ae73-4742-accf-399c7df130fd:c8947, 7c5123a2-69b6-4251-aec6-dbf2ea5b7f71:c8934, 139f476c-7fe8-4a63-8b18-8c8a96cf6b87:c8926]
2019-07-13 14:25:31,136 INFO  client.GrpcClientProtocolClient (GrpcClientProtocolClient.java:onNext(255)) - client-D06D1AE7400A->73b493f9-ae73-4742-accf-399c7df130fd: receive RaftClientReply:client-D06D1AE7400A->73b493f9-ae73-4742-accf-399c7df130fd@group-69B904785340, cid=5865, SUCCESS, logIndex=8949, commits[73b493f9-ae73-4742-accf-399c7df130fd:c8951, 7c5123a2-69b6-4251-aec6-dbf2ea5b7f71:c8940, 139f476c-7fe8-4a63-8b18-8c8a96cf6b87:c8926]
2019-07-13 14:25:31,136 INFO  client.GrpcClientProtocolClient (GrpcClientProtocolClient.java:onNext(255)) - client-D06D1AE7400A->73b493f9-ae73-4742-accf-399c7df130fd: receive RaftClientReply:client-D06D1AE7400A->73b493f9-ae73-4742-accf-399c7df130fd@group-69B904785340, cid=5864, SUCCESS, logIndex=0, commits[73b493f9-ae73-4742-accf-399c7df130fd:c8952, 7c5123a2-69b6-4251-aec6-dbf2ea5b7f71:c8940, 139f476c-7fe8-4a63-8b18-8c8a96cf6b87:c8933]
2019-07-13 14:25:31,137 INFO  client.GrpcClientProtocolClient (GrpcClientProtocolClient.java:onNext(255)) - client-D06D1AE7400A->73b493f9-ae73-4742-accf-399c7df130fd: receive RaftClientReply:client-D06D1AE7400A->73b493f9-ae73-4742-accf-399c7df130fd@group-69B904785340, cid=5866, SUCCESS, logIndex=8950, commits[73b493f9-ae73-4742-accf-399c7df130fd:c8952, 7c5123a2-69b6-4251-aec6-dbf2ea5b7f71:c8940, 139f476c-7fe8-4a63-8b18-8c8a96cf6b87:c8929]
2019-07-13 14:25:31,138 INFO  client.GrpcClientProtocolClient (GrpcClientProtocolClient.java:onNext(255)) - client-D06D1AE7400A->73b493f9-ae73-4742-accf-399c7df130fd: receive RaftClientReply:client-D06D1AE7400A->73b493f9-ae73-4742-accf-399c7df130fd@group-69B904785340, cid=5871, SUCCESS, logIndex=8951, commits[73b493f9-ae73-4742-accf-399c7df130fd:c8952, 7c5123a2-69b6-4251-aec6-dbf2ea5b7f71:c8940, 139f476c-7fe8-4a63-8b18-8c8a96cf6b87:c8926]
2019-07-13 14:25:31,138 INFO  client.GrpcClientProtocolClient (GrpcClientProtocolClient.java:onNext(255)) - client-D06D1AE7400A->73b493f9-ae73-4742-accf-399c7df130fd: receive RaftClientReply:client-D06D1AE7400A->73b493f9-ae73-4742-accf-399c7df130fd@group-69B904785340, cid=5867, SUCCESS, logIndex=0, commits[73b493f9-ae73-4742-accf-399c7df130fd:c8953, 7c5123a2-69b6-4251-aec6-dbf2ea5b7f71:c8947, 139f476c-7fe8-4a63-8b18-8c8a96cf6b87:c8933]
2019-07-13 14:25:31,139 INFO  client.GrpcClientProtocolClient (GrpcClientProtocolClient.java:onNext(255)) - client-D06D1AE7400A->73b493f9-ae73-4742-accf-399c7df130fd: receive RaftClientReply:client-D06D1AE7400A->73b493f9-ae73-4742-accf-399c7df130fd@group-69B904785340, cid=5872, SUCCESS, logIndex=8952, commits[73b493f9-ae73-4742-accf-399c7df130fd:c8952, 7c5123a2-69b6-4251-aec6-dbf2ea5b7f71:c8940, 139f476c-7fe8-4a63-8b18-8c8a96cf6b87:c8933]
2019-07-13 14:25:31,139 INFO  client.GrpcClientProtocolClient (GrpcClientProtocolClient.java:onNext(255)) - client-D06D1AE7400A->73b493f9-ae73-4742-accf-399c7df130fd: receive RaftClientReply:client-D06D1AE7400A->73b493f9-ae73-4742-accf-399c7df130fd@group-69B904785340, cid=5874, SUCCESS, logIndex=8953, commits[73b493f9-ae73-4742-accf-399c7df130fd:c8953, 7c5123a2-69b6-4251-aec6-dbf2ea5b7f71:c8947, 139f476c-7fe8-4a63-8b18-8c8a96cf6b87:c8933]
2019-07-13 14:25:31,139 INFO  client.GrpcClientProtocolClient (GrpcClientProtocolClient.java:onNext(255)) - client-D06D1AE7400A->73b493f9-ae73-4742-accf-399c7df130fd: receive RaftClientReply:client-D06D1AE7400A->73b493f9-ae73-4742-accf-399c7df130fd@group-69B904785340, cid=5868, SUCCESS, logIndex=0, commits[73b493f9-ae73-4742-accf-399c7df130fd:c8953, 7c5123a2-69b6-4251-aec6-dbf2ea5b7f71:c8947, 139f476c-7fe8-4a63-8b18-8c8a96cf6b87:c8934]
2019-07-13 14:25:31,140 INFO  client.GrpcClientProtocolClient (GrpcClientProtocolClient.java:onNext(255)) - client-D06D1AE7400A->73b493f9-ae73-4742-accf-399c7df130fd: receive RaftClientReply:client-D06D1AE7400A->73b493f9-ae73-4742-accf-399c7df130fd@group-69B904785340, cid=5869, SUCCESS, logIndex=0, commits[73b493f9-ae73-4742-accf-399c7df130fd:c8956, 7c5123a2-69b6-4251-aec6-dbf2ea5b7f71:c8947, 139f476c-7fe8-4a63-8b18-8c8a96cf6b87:c8940]
2019-07-13 14:25:31,140 INFO  client.GrpcClientProtocolClient (GrpcClientProtocolClient.java:onNext(255)) - client-D06D1AE7400A->73b493f9-ae73-4742-accf-399c7df130fd: receive RaftClientReply:client-D06D1AE7400A->73b493f9-ae73-4742-accf-399c7df130fd@group-69B904785340, cid=5875, SUCCESS, logIndex=8954, commits[73b493f9-ae73-4742-accf-399c7df130fd:c8956, 7c5123a2-69b6-4251-aec6-dbf2ea5b7f71:c8947, 139f476c-7fe8-4a63-8b18-8c8a96cf6b87:c8940]
2019-07-13 14:25:31,141 INFO  client.GrpcClientProtocolClient (GrpcClientProtocolClient.java:onNext(255)) - client-D06D1AE7400A->73b493f9-ae73-4742-accf-399c7df130fd: receive RaftClientReply:client-D06D1AE7400A->73b493f9-ae73-4742-accf-399c7df130fd@group-69B904785340, cid=5870, SUCCESS, logIndex=0, commits[73b493f9-ae73-4742-accf-399c7df130fd:c8956, 7c5123a2-69b6-4251-aec6-dbf2ea5b7f71:c8952, 139f476c-7fe8-4a63-8b18-8c8a96cf6b87:c8940]
2019-07-13 14:25:31,141 INFO  client.GrpcClientProtocolClient (GrpcClientProtocolClient.java:onNext(255)) - client-D06D1AE7400A->73b493f9-ae73-4742-accf-399c7df130fd: receive RaftClientReply:client-D06D1AE7400A->73b493f9-ae73-4742-accf-399c7df130fd@group-69B904785340, cid=5876, SUCCESS, logIndex=8955, commits[73b493f9-ae73-4742-accf-399c7df130fd:c8956, 7c5123a2-69b6-4251-aec6-dbf2ea5b7f71:c8952, 139f476c-7fe8-4a63-8b18-8c8a96cf6b87:c8940]
2019-07-13 14:25:31,141 INFO  client.GrpcClientProtocolClient (GrpcClientProtocolClient.java:onNext(255)) - client-D06D1AE7400A->73b493f9-ae73-4742-accf-399c7df130fd: receive RaftClientReply:client-D06D1AE7400A->73b493f9-ae73-4742-accf-399c7df130fd@group-69B904785340, cid=5873, SUCCESS, logIndex=0, commits[73b493f9-ae73-4742-accf-399c7df130fd:c8960, 7c5123a2-69b6-4251-aec6-dbf2ea5b7f71:c8952, 139f476c-7fe8-4a63-8b18-8c8a96cf6b87:c8940]
2019-07-13 14:25:31,142 INFO  client.GrpcClientProtocolClient (GrpcClientProtocolClient.java:onNext(255)) - client-D06D1AE7400A->73b493f9-ae73-4742-accf-399c7df130fd: receive RaftClientReply:client-D06D1AE7400A->73b493f9-ae73-4742-accf-399c7df130fd@group-69B904785340, cid=5877, SUCCESS, logIndex=8956, commits[73b493f9-ae73-4742-accf-399c7df130fd:c8956, 7c5123a2-69b6-4251-aec6-dbf2ea5b7f71:c8952, 139f476c-7fe8-4a63-8b18-8c8a96cf6b87:c8940]
2019-07-13 14:25:31,152 INFO  client.GrpcClientProtocolClient (GrpcClientProtocolClient.java:onNext(255)) - client-D06D1AE7400A->73b493f9-ae73-4742-accf-399c7df130fd: receive RaftClientReply:client-D06D1AE7400A->73b493f9-ae73-4742-accf-399c7df130fd@group-69B904785340, cid=5878, SUCCESS, logIndex=0, commits[73b493f9-ae73-4742-accf-399c7df130fd:c8962, 7c5123a2-69b6-4251-aec6-dbf2ea5b7f71:c8956, 139f476c-7fe8-4a63-8b18-8c8a96cf6b87:c8951]
2019-07-13 14:25:31,153 INFO  client.GrpcClientProtocolClient (GrpcClientProtocolClient.java:onNext(255)) - client-D06D1AE7400A->73b493f9-ae73-4742-accf-399c7df130fd: receive RaftClientReply:client-D06D1AE7400A->73b493f9-ae73-4742-accf-399c7df130fd@group-69B904785340, cid=5879, SUCCESS, logIndex=0, commits[73b493f9-ae73-4742-accf-399c7df130fd:c8962, 7c5123a2-69b6-4251-aec6-dbf2ea5b7f71:c8956, 139f476c-7fe8-4a63-8b18-8c8a96cf6b87:c8952]
2019-07-13 14:25:31,153 INFO  client.GrpcClientProtocolClient (GrpcClientProtocolClient.java:onNext(255)) - client-D06D1AE7400A->73b493f9-ae73-4742-accf-399c7df130fd: receive RaftClientReply:client-D06D1AE7400A->73b493f9-ae73-4742-accf-399c7df130fd@group-69B904785340, cid=5880, SUCCESS, logIndex=0, commits[73b493f9-ae73-4742-accf-399c7df130fd:c8962, 7c5123a2-69b6-4251-aec6-dbf2ea5b7f71:c8956, 139f476c-7fe8-4a63-8b18-8c8a96cf6b87:c8956]
2019-07-13 14:25:31,154 INFO  client.GrpcClientProtocolClient (GrpcClientProtocolClient.java:onNext(255)) - client-D06D1AE7400A->73b493f9-ae73-4742-accf-399c7df130fd: receive RaftClientReply:client-D06D1AE7400A->73b493f9-ae73-4742-accf-399c7df130fd@group-69B904785340, cid=5881, SUCCESS, logIndex=0, commits[73b493f9-ae73-4742-accf-399c7df130fd:c8962, 7c5123a2-69b6-4251-aec6-dbf2ea5b7f71:c8956, 139f476c-7fe8-4a63-8b18-8c8a96cf6b87:c8956]
2019-07-13 14:25:31,177 INFO  client.GrpcClientProtocolClient (GrpcClientProtocolClient.java:onNext(255)) - client-D06D1AE7400A->73b493f9-ae73-4742-accf-399c7df130fd: receive RaftClientReply:client-D06D1AE7400A->73b493f9-ae73-4742-accf-399c7df130fd@group-69B904785340, cid=5882, SUCCESS, logIndex=8963, commits[73b493f9-ae73-4742-accf-399c7df130fd:c8974, 7c5123a2-69b6-4251-aec6-dbf2ea5b7f71:c8961, 139f476c-7fe8-4a63-8b18-8c8a96cf6b87:c8956]
2019-07-13 14:25:31,179 INFO  client.GrpcClientProtocolClient (GrpcClientProtocolClient.java:onNext(255)) - client-D06D1AE7400A->73b493f9-ae73-4742-accf-399c7df130fd: receive RaftClientReply:client-D06D1AE7400A->73b493f9-ae73-4742-accf-399c7df130fd@group-69B904785340, cid=5883, SUCCESS, logIndex=8964, commits[73b493f9-ae73-4742-accf-399c7df130fd:c8974, 7c5123a2-69b6-4251-aec6-dbf2ea5b7f71:c8961, 139f476c-7fe8-4a63-8b18-8c8a96cf6b87:c8956]
2019-07-13 14:25:31,179 INFO  client.GrpcClientProtocolClient (GrpcClientProtocolClient.java:onNext(255)) - client-D06D1AE7400A->73b493f9-ae73-4742-accf-399c7df130fd: receive RaftClientReply:client-D06D1AE7400A->73b493f9-ae73-4742-accf-399c7df130fd@group-69B904785340, cid=5884, SUCCESS, logIndex=8965, commits[73b493f9-ae73-4742-accf-399c7df130fd:c8974, 7c5123a2-69b6-4251-aec6-dbf2ea5b7f71:c8961, 139f476c-7fe8-4a63-8b18-8c8a96cf6b87:c8956]
2019-07-13 14:25:31,180 INFO  client.GrpcClientProtocolClient (GrpcClientProtocolClient.java:onNext(255)) - client-D06D1AE7400A->73b493f9-ae73-4742-accf-399c7df130fd: receive RaftClientReply:client-D06D1AE7400A->73b493f9-ae73-4742-accf-399c7df130fd@group-69B904785340, cid=5885, SUCCESS, logIndex=8966, commits[73b493f9-ae73-4742-accf-399c7df130fd:c8974, 7c5123a2-69b6-4251-aec6-dbf2ea5b7f71:c8961, 139f476c-7fe8-4a63-8b18-8c8a96cf6b87:c8956]
2019-07-13 14:25:31,181 INFO  client.GrpcClientProtocolClient (GrpcClientProtocolClient.java:onNext(255)) - client-D06D1AE7400A->73b493f9-ae73-4742-accf-399c7df130fd: receive RaftClientReply:client-D06D1AE7400A->73b493f9-ae73-4742-accf-399c7df130fd@group-69B904785340, cid=5886, SUCCESS, logIndex=8967, commits[73b493f9-ae73-4742-accf-399c7df130fd:c8974, 7c5123a2-69b6-4251-aec6-dbf2ea5b7f71:c8961, 139f476c-7fe8-4a63-8b18-8c8a96cf6b87:c8956]
2019-07-13 14:25:31,182 INFO  client.GrpcClientProtocolClient (GrpcClientProtocolClient.java:onNext(255)) - client-D06D1AE7400A->73b493f9-ae73-4742-accf-399c7df130fd: receive RaftClientReply:client-D06D1AE7400A->73b493f9-ae73-4742-accf-399c7df130fd@group-69B904785340, cid=5887, SUCCESS, logIndex=8968, commits[73b493f9-ae73-4742-accf-399c7df130fd:c8974, 7c5123a2-69b6-4251-aec6-dbf2ea5b7f71:c8961, 139f476c-7fe8-4a63-8b18-8c8a96cf6b87:c8956]
2019-07-13 14:25:31,183 INFO  client.GrpcClientProtocolClient (GrpcClientProtocolClient.java:onNext(255)) - client-D06D1AE7400A->73b493f9-ae73-4742-accf-399c7df130fd: receive RaftClientReply:client-D06D1AE7400A->73b493f9-ae73-4742-accf-399c7df130fd@group-69B904785340, cid=5888, SUCCESS, logIndex=8969, commits[73b493f9-ae73-4742-accf-399c7df130fd:c8974, 7c5123a2-69b6-4251-aec6-dbf2ea5b7f71:c8961, 139f476c-7fe8-4a63-8b18-8c8a96cf6b87:c8956]
2019-07-13 14:25:31,183 INFO  client.GrpcClientProtocolClient (GrpcClientProtocolClient.java:onNext(255)) - client-D06D1AE7400A->73b493f9-ae73-4742-accf-399c7df130fd: receive RaftClientReply:client-D06D1AE7400A->73b493f9-ae73-4742-accf-399c7df130fd@group-69B904785340, cid=5889, SUCCESS, logIndex=8970, commits[73b493f9-ae73-4742-accf-399c7df130fd:c8974, 7c5123a2-69b6-4251-aec6-dbf2ea5b7f71:c8961, 139f476c-7fe8-4a63-8b18-8c8a96cf6b87:c8956]
2019-07-13 14:25:31,184 INFO  client.GrpcClientProtocolClient (GrpcClientProtocolClient.java:onNext(255)) - client-D06D1AE7400A->73b493f9-ae73-4742-accf-399c7df130fd: receive RaftClientReply:client-D06D1AE7400A->73b493f9-ae73-4742-accf-399c7df130fd@group-69B904785340, cid=5890, SUCCESS, logIndex=8971, commits[73b493f9-ae73-4742-accf-399c7df130fd:c8978, 7c5123a2-69b6-4251-aec6-dbf2ea5b7f71:c8962, 139f476c-7fe8-4a63-8b18-8c8a96cf6b87:c8961]
2019-07-13 14:25:31,184 INFO  client.GrpcClientProtocolClient (GrpcClientProtocolClient.java:onNext(255)) - client-D06D1AE7400A->73b493f9-ae73-4742-accf-399c7df130fd: receive RaftClientReply:client-D06D1AE7400A->73b493f9-ae73-4742-accf-399c7df130fd@group-69B904785340, cid=5891, SUCCESS, logIndex=8972, commits[73b493f9-ae73-4742-accf-399c7df130fd:c8974, 7c5123a2-69b6-4251-aec6-dbf2ea5b7f71:c8962, 139f476c-7fe8-4a63-8b18-8c8a96cf6b87:c8961]
2019-07-13 14:25:31,184 INFO  client.GrpcClientProtocolClient (GrpcClientProtocolClient.java:onNext(255)) - client-D06D1AE7400A->73b493f9-ae73-4742-accf-399c7df130fd: receive RaftClientReply:client-D06D1AE7400A->73b493f9-ae73-4742-accf-399c7df130fd@group-69B904785340, cid=5892, SUCCESS, logIndex=8973, commits[73b493f9-ae73-4742-accf-399c7df130fd:c8983, 7c5123a2-69b6-4251-aec6-dbf2ea5b7f71:c8963, 139f476c-7fe8-4a63-8b18-8c8a96cf6b87:c8961]
2019-07-13 14:25:31,185 INFO  client.GrpcClientProtocolClient (GrpcClientProtocolClient.java:onNext(255)) - client-D06D1AE7400A->73b493f9-ae73-4742-accf-399c7df130fd: receive RaftClientReply:client-D06D1AE7400A->73b493f9-ae73-4742-accf-399c7df130fd@group-69B904785340, cid=5893, SUCCESS, logIndex=8974, commits[73b493f9-ae73-4742-accf-399c7df130fd:c8983, 7c5123a2-69b6-4251-aec6-dbf2ea5b7f71:c8968, 139f476c-7fe8-4a63-8b18-8c8a96cf6b87:c8961]
2019-07-13 14:25:31,185 INFO  client.GrpcClientProtocolClient (GrpcClientProtocolClient.java:onNext(255)) - client-D06D1AE7400A->73b493f9-ae73-4742-accf-399c7df130fd: receive RaftClientReply:client-D06D1AE7400A->73b493f9-ae73-4742-accf-399c7df130fd@group-69B904785340, cid=5894, SUCCESS, logIndex=8975, commits[73b493f9-ae73-4742-accf-399c7df130fd:c8978, 7c5123a2-69b6-4251-aec6-dbf2ea5b7f71:c8962, 139f476c-7fe8-4a63-8b18-8c8a96cf6b87:c8961]
2019-07-13 14:25:31,185 INFO  client.GrpcClientProtocolClient (GrpcClientProtocolClient.java:onNext(255)) - client-D06D1AE7400A->73b493f9-ae73-4742-accf-399c7df130fd: receive RaftClientReply:client-D06D1AE7400A->73b493f9-ae73-4742-accf-399c7df130fd@group-69B904785340, cid=5895, SUCCESS, logIndex=8976, commits[73b493f9-ae73-4742-accf-399c7df130fd:c8978, 7c5123a2-69b6-4251-aec6-dbf2ea5b7f71:c8962, 139f476c-7fe8-4a63-8b18-8c8a96cf6b87:c8961]
2019-07-13 14:25:31,185 INFO  client.GrpcClientProtocolClient (GrpcClientProtocolClient.java:onNext(255)) - client-D06D1AE7400A->73b493f9-ae73-4742-accf-399c7df130fd: receive RaftClientReply:client-D06D1AE7400A->73b493f9-ae73-4742-accf-399c7df130fd@group-69B904785340, cid=5897, SUCCESS, logIndex=8977, commits[73b493f9-ae73-4742-accf-399c7df130fd:c8978, 7c5123a2-69b6-4251-aec6-dbf2ea5b7f71:c8962, 139f476c-7fe8-4a63-8b18-8c8a96cf6b87:c8961]
2019-07-13 14:25:31,186 INFO  client.GrpcClientProtocolClient (GrpcClientProtocolClient.java:onNext(255)) - client-D06D1AE7400A->73b493f9-ae73-4742-accf-399c7df130fd: receive RaftClientReply:client-D06D1AE7400A->73b493f9-ae73-4742-accf-399c7df130fd@group-69B904785340, cid=5898, SUCCESS, logIndex=8978, commits[73b493f9-ae73-4742-accf-399c7df130fd:c8983, 7c5123a2-69b6-4251-aec6-dbf2ea5b7f71:c8963, 139f476c-7fe8-4a63-8b18-8c8a96cf6b87:c8961]
2019-07-13 14:25:31,186 INFO  client.GrpcClientProtocolClient (GrpcClientProtocolClient.java:onNext(255)) - client-D06D1AE7400A->73b493f9-ae73-4742-accf-399c7df130fd: receive RaftClientReply:client-D06D1AE7400A->73b493f9-ae73-4742-accf-399c7df130fd@group-69B904785340, cid=5899, SUCCESS, logIndex=8979, commits[73b493f9-ae73-4742-accf-399c7df130fd:c8983, 7c5123a2-69b6-4251-aec6-dbf2ea5b7f71:c8963, 139f476c-7fe8-4a63-8b18-8c8a96cf6b87:c8961]
2019-07-13 14:25:31,186 INFO  client.GrpcClientProtocolClient (GrpcClientProtocolClient.java:onNext(255)) - client-D06D1AE7400A->73b493f9-ae73-4742-accf-399c7df130fd: receive RaftClientReply:client-D06D1AE7400A->73b493f9-ae73-4742-accf-399c7df130fd@group-69B904785340, cid=5896, SUCCESS, logIndex=8980, commits[73b493f9-ae73-4742-accf-399c7df130fd:c8989, 7c5123a2-69b6-4251-aec6-dbf2ea5b7f71:c8969, 139f476c-7fe8-4a63-8b18-8c8a96cf6b87:c8961]
2019-07-13 14:25:31,186 INFO  client.GrpcClientProtocolClient (GrpcClientProtocolClient.java:onNext(255)) - client-D06D1AE7400A->73b493f9-ae73-4742-accf-399c7df130fd: receive RaftClientReply:client-D06D1AE7400A->73b493f9-ae73-4742-accf-399c7df130fd@group-69B904785340, cid=5900, SUCCESS, logIndex=8981, commits[73b493f9-ae73-4742-accf-399c7df130fd:c8983, 7c5123a2-69b6-4251-aec6-dbf2ea5b7f71:c8967, 139f476c-7fe8-4a63-8b18-8c8a96cf6b87:c8961]
2019-07-13 14:25:31,186 INFO  client.GrpcClientProtocolClient (GrpcClientProtocolClient.java:onNext(255)) - client-D06D1AE7400A->73b493f9-ae73-4742-accf-399c7df130fd: receive RaftClientReply:client-D06D1AE7400A->73b493f9-ae73-4742-accf-399c7df130fd@group-69B904785340, cid=5901, SUCCESS, logIndex=8982, commits[73b493f9-ae73-4742-accf-399c7df130fd:c8989, 7c5123a2-69b6-4251-aec6-dbf2ea5b7f71:c8969, 139f476c-7fe8-4a63-8b18-8c8a96cf6b87:c8961]
2019-07-13 14:25:31,195 INFO  client.GrpcClientProtocolClient (GrpcClientProtocolClient.java:onNext(255)) - client-D06D1AE7400A->73b493f9-ae73-4742-accf-399c7df130fd: receive RaftClientReply:client-D06D1AE7400A->73b493f9-ae73-4742-accf-399c7df130fd@group-69B904785340, cid=5902, SUCCESS, logIndex=0, commits[73b493f9-ae73-4742-accf-399c7df130fd:c8996, 7c5123a2-69b6-4251-aec6-dbf2ea5b7f71:c8982, 139f476c-7fe8-4a63-8b18-8c8a96cf6b87:c8964]
2019-07-13 14:25:31,195 INFO  client.GrpcClientProtocolClient (GrpcClientProtocolClient.java:onNext(255)) - client-D06D1AE7400A->73b493f9-ae73-4742-accf-399c7df130fd: receive RaftClientReply:client-D06D1AE7400A->73b493f9-ae73-4742-accf-399c7df130fd@group-69B904785340, cid=5903, SUCCESS, logIndex=0, commits[73b493f9-ae73-4742-accf-399c7df130fd:c8996, 7c5123a2-69b6-4251-aec6-dbf2ea5b7f71:c8982, 139f476c-7fe8-4a63-8b18-8c8a96cf6b87:c8966]
2019-07-13 14:25:31,197 INFO  client.GrpcClientProtocolClient (GrpcClientProtocolClient.java:onNext(255)) - client-D06D1AE7400A->73b493f9-ae73-4742-accf-399c7df130fd: receive RaftClientReply:client-D06D1AE7400A->73b493f9-ae73-4742-accf-399c7df130fd@group-69B904785340, cid=5904, SUCCESS, logIndex=0, commits[73b493f9-ae73-4742-accf-399c7df130fd:c8996, 7c5123a2-69b6-4251-aec6-dbf2ea5b7f71:c8982, 139f476c-7fe8-4a63-8b18-8c8a96cf6b87:c8968]
2019-07-13 14:25:31,197 INFO  client.GrpcClientProtocolClient (GrpcClientProtocolClient.java:onNext(255)) - client-D06D1AE7400A->73b493f9-ae73-4742-accf-399c7df130fd: receive RaftClientReply:client-D06D1AE7400A->73b493f9-ae73-4742-accf-399c7df130fd@group-69B904785340, cid=5905, SUCCESS, logIndex=0, commits[73b493f9-ae73-4742-accf-399c7df130fd:c8996, 7c5123a2-69b6-4251-aec6-dbf2ea5b7f71:c8982, 139f476c-7fe8-4a63-8b18-8c8a96cf6b87:c8971]
2019-07-13 14:25:31,197 INFO  client.GrpcClientProtocolClient (GrpcClientProtocolClient.java:onNext(255)) - client-D06D1AE7400A->73b493f9-ae73-4742-accf-399c7df130fd: receive RaftClientReply:client-D06D1AE7400A->73b493f9-ae73-4742-accf-399c7df130fd@group-69B904785340, cid=5906, SUCCESS, logIndex=0, commits[73b493f9-ae73-4742-accf-399c7df130fd:c8996, 7c5123a2-69b6-4251-aec6-dbf2ea5b7f71:c8982, 139f476c-7fe8-4a63-8b18-8c8a96cf6b87:c8972]
2019-07-13 14:25:31,198 INFO  client.GrpcClientProtocolClient (GrpcClientProtocolClient.java:onNext(255)) - client-D06D1AE7400A->73b493f9-ae73-4742-accf-399c7df130fd: receive RaftClientReply:client-D06D1AE7400A->73b493f9-ae73-4742-accf-399c7df130fd@group-69B904785340, cid=5907, SUCCESS, logIndex=0, commits[73b493f9-ae73-4742-accf-399c7df130fd:c8996, 7c5123a2-69b6-4251-aec6-dbf2ea5b7f71:c8982, 139f476c-7fe8-4a63-8b18-8c8a96cf6b87:c8974]
2019-07-13 14:25:31,198 INFO  client.GrpcClientProtocolClient (GrpcClientProtocolClient.java:onNext(255)) - client-D06D1AE7400A->73b493f9-ae73-4742-accf-399c7df130fd: receive RaftClientReply:client-D06D1AE7400A->73b493f9-ae73-4742-accf-399c7df130fd@group-69B904785340, cid=5908, SUCCESS, logIndex=0, commits[73b493f9-ae73-4742-accf-399c7df130fd:c8996, 7c5123a2-69b6-4251-aec6-dbf2ea5b7f71:c8982, 139f476c-7fe8-4a63-8b18-8c8a96cf6b87:c8978]
2019-07-13 14:25:31,199 INFO  client.GrpcClientProtocolClient (GrpcClientProtocolClient.java:onNext(255)) - client-D06D1AE7400A->73b493f9-ae73-4742-accf-399c7df130fd: receive RaftClientReply:client-D06D1AE7400A->73b493f9-ae73-4742-accf-399c7df130fd@group-69B904785340, cid=5909, SUCCESS, logIndex=0, commits[73b493f9-ae73-4742-accf-399c7df130fd:c8996, 7c5123a2-69b6-4251-aec6-dbf2ea5b7f71:c8982, 139f476c-7fe8-4a63-8b18-8c8a96cf6b87:c8983]
2019-07-13 14:25:31,199 INFO  client.GrpcClientProtocolClient (GrpcClientProtocolClient.java:onNext(255)) - client-D06D1AE7400A->73b493f9-ae73-4742-accf-399c7df130fd: receive RaftClientReply:client-D06D1AE7400A->73b493f9-ae73-4742-accf-399c7df130fd@group-69B904785340, cid=5910, SUCCESS, logIndex=0, commits[73b493f9-ae73-4742-accf-399c7df130fd:c8996, 7c5123a2-69b6-4251-aec6-dbf2ea5b7f71:c8982, 139f476c-7fe8-4a63-8b18-8c8a96cf6b87:c8983]
2019-07-13 14:25:31,199 INFO  client.GrpcClientProtocolClient (GrpcClientProtocolClient.java:onNext(255)) - client-D06D1AE7400A->73b493f9-ae73-4742-accf-399c7df130fd: receive RaftClientReply:client-D06D1AE7400A->73b493f9-ae73-4742-accf-399c7df130fd@group-69B904785340, cid=5911, SUCCESS, logIndex=0, commits[73b493f9-ae73-4742-accf-399c7df130fd:c8996, 7c5123a2-69b6-4251-aec6-dbf2ea5b7f71:c8982, 139f476c-7fe8-4a63-8b18-8c8a96cf6b87:c8983]
2019-07-13 14:25:31,213 INFO  client.GrpcClientProtocolClient (GrpcClientProtocolClient.java:onNext(255)) - client-D06D1AE7400A->73b493f9-ae73-4742-accf-399c7df130fd: receive RaftClientReply:client-D06D1AE7400A->73b493f9-ae73-4742-accf-399c7df130fd@group-69B904785340, cid=5912, SUCCESS, logIndex=8997, commits[73b493f9-ae73-4742-accf-399c7df130fd:c8999, 7c5123a2-69b6-4251-aec6-dbf2ea5b7f71:c8996, 139f476c-7fe8-4a63-8b18-8c8a96cf6b87:c8996]
2019-07-13 14:25:31,214 INFO  client.GrpcClientProtocolClient (GrpcClientProtocolClient.java:onNext(255)) - client-D06D1AE7400A->73b493f9-ae73-4742-accf-399c7df130fd: receive RaftClientReply:client-D06D1AE7400A->73b493f9-ae73-4742-accf-399c7df130fd@group-69B904785340, cid=5913, SUCCESS, logIndex=8998, commits[73b493f9-ae73-4742-accf-399c7df130fd:c8999, 7c5123a2-69b6-4251-aec6-dbf2ea5b7f71:c8996, 139f476c-7fe8-4a63-8b18-8c8a96cf6b87:c8996]
2019-07-13 14:25:31,214 INFO  client.GrpcClientProtocolClient (GrpcClientProtocolClient.java:onNext(255)) - client-D06D1AE7400A->73b493f9-ae73-4742-accf-399c7df130fd: receive RaftClientReply:client-D06D1AE7400A->73b493f9-ae73-4742-accf-399c7df130fd@group-69B904785340, cid=5914, SUCCESS, logIndex=8999, commits[73b493f9-ae73-4742-accf-399c7df130fd:c9000, 7c5123a2-69b6-4251-aec6-dbf2ea5b7f71:c8996, 139f476c-7fe8-4a63-8b18-8c8a96cf6b87:c8996]
2019-07-13 14:25:31,215 INFO  client.GrpcClientProtocolClient (GrpcClientProtocolClient.java:onNext(255)) - client-D06D1AE7400A->73b493f9-ae73-4742-accf-399c7df130fd: receive RaftClientReply:client-D06D1AE7400A->73b493f9-ae73-4742-accf-399c7df130fd@group-69B904785340, cid=5915, SUCCESS, logIndex=9000, commits[73b493f9-ae73-4742-accf-399c7df130fd:c9000, 7c5123a2-69b6-4251-aec6-dbf2ea5b7f71:c8996, 139f476c-7fe8-4a63-8b18-8c8a96cf6b87:c8996]
2019-07-13 14:25:31,216 INFO  client.GrpcClientProtocolClient (GrpcClientProtocolClient.java:onNext(255)) - client-D06D1AE7400A->73b493f9-ae73-4742-accf-399c7df130fd: receive RaftClientReply:client-D06D1AE7400A->73b493f9-ae73-4742-accf-399c7df130fd@group-69B904785340, cid=5916, SUCCESS, logIndex=9001, commits[73b493f9-ae73-4742-accf-399c7df130fd:c9002, 7c5123a2-69b6-4251-aec6-dbf2ea5b7f71:c8996, 139f476c-7fe8-4a63-8b18-8c8a96cf6b87:c8996]
2019-07-13 14:25:31,216 INFO  client.GrpcClientProtocolClient (GrpcClientProtocolClient.java:onNext(255)) - client-D06D1AE7400A->73b493f9-ae73-4742-accf-399c7df130fd: receive RaftClientReply:client-D06D1AE7400A->73b493f9-ae73-4742-accf-399c7df130fd@group-69B904785340, cid=5917, SUCCESS, logIndex=9002, commits[73b493f9-ae73-4742-accf-399c7df130fd:c9003, 7c5123a2-69b6-4251-aec6-dbf2ea5b7f71:c8996, 139f476c-7fe8-4a63-8b18-8c8a96cf6b87:c8996]
2019-07-13 14:25:31,217 INFO  client.GrpcClientProtocolClient (GrpcClientProtocolClient.java:onNext(255)) - client-D06D1AE7400A->73b493f9-ae73-4742-accf-399c7df130fd: receive RaftClientReply:client-D06D1AE7400A->73b493f9-ae73-4742-accf-399c7df130fd@group-69B904785340, cid=5918, SUCCESS, logIndex=9003, commits[73b493f9-ae73-4742-accf-399c7df130fd:c9003, 7c5123a2-69b6-4251-aec6-dbf2ea5b7f71:c8996, 139f476c-7fe8-4a63-8b18-8c8a96cf6b87:c8996]
2019-07-13 14:25:31,217 INFO  client.GrpcClientProtocolClient (GrpcClientProtocolClient.java:onNext(255)) - client-D06D1AE7400A->73b493f9-ae73-4742-accf-399c7df130fd: receive RaftClientReply:client-D06D1AE7400A->73b493f9-ae73-4742-accf-399c7df130fd@group-69B904785340, cid=5919, SUCCESS, logIndex=9004, commits[73b493f9-ae73-4742-accf-399c7df130fd:c9004, 7c5123a2-69b6-4251-aec6-dbf2ea5b7f71:c8996, 139f476c-7fe8-4a63-8b18-8c8a96cf6b87:c8996]
2019-07-13 14:25:31,218 INFO  client.GrpcClientProtocolClient (GrpcClientProtocolClient.java:onNext(255)) - client-D06D1AE7400A->73b493f9-ae73-4742-accf-399c7df130fd: receive RaftClientReply:client-D06D1AE7400A->73b493f9-ae73-4742-accf-399c7df130fd@group-69B904785340, cid=5920, SUCCESS, logIndex=9005, commits[73b493f9-ae73-4742-accf-399c7df130fd:c9006, 7c5123a2-69b6-4251-aec6-dbf2ea5b7f71:c8996, 139f476c-7fe8-4a63-8b18-8c8a96cf6b87:c8996]
2019-07-13 14:25:31,218 INFO  client.GrpcClientProtocolClient (GrpcClientProtocolClient.java:onNext(255)) - client-D06D1AE7400A->73b493f9-ae73-4742-accf-399c7df130fd: receive RaftClientReply:client-D06D1AE7400A->73b493f9-ae73-4742-accf-399c7df130fd@group-69B904785340, cid=5921, SUCCESS, logIndex=9006, commits[73b493f9-ae73-4742-accf-399c7df130fd:c9007, 7c5123a2-69b6-4251-aec6-dbf2ea5b7f71:c8996, 139f476c-7fe8-4a63-8b18-8c8a96cf6b87:c8996]
2019-07-13 14:25:31,219 INFO  client.GrpcClientProtocolClient (GrpcClientProtocolClient.java:onNext(255)) - client-D06D1AE7400A->73b493f9-ae73-4742-accf-399c7df130fd: receive RaftClientReply:client-D06D1AE7400A->73b493f9-ae73-4742-accf-399c7df130fd@group-69B904785340, cid=5922, SUCCESS, logIndex=9007, commits[73b493f9-ae73-4742-accf-399c7df130fd:c9007, 7c5123a2-69b6-4251-aec6-dbf2ea5b7f71:c8996, 139f476c-7fe8-4a63-8b18-8c8a96cf6b87:c8996]
2019-07-13 14:25:31,219 INFO  client.GrpcClientProtocolClient (GrpcClientProtocolClient.java:onNext(255)) - client-D06D1AE7400A->73b493f9-ae73-4742-accf-399c7df130fd: receive RaftClientReply:client-D06D1AE7400A->73b493f9-ae73-4742-accf-399c7df130fd@group-69B904785340, cid=5923, SUCCESS, logIndex=9008, commits[73b493f9-ae73-4742-accf-399c7df130fd:c9014, 7c5123a2-69b6-4251-aec6-dbf2ea5b7f71:c8996, 139f476c-7fe8-4a63-8b18-8c8a96cf6b87:c8996]
2019-07-13 14:25:31,220 INFO  client.GrpcClientProtocolClient (GrpcClientProtocolClient.java:onNext(255)) - client-D06D1AE7400A->73b493f9-ae73-4742-accf-399c7df130fd: receive RaftClientReply:client-D06D1AE7400A->73b493f9-ae73-4742-accf-399c7df130fd@group-69B904785340, cid=5924, SUCCESS, logIndex=9009, commits[73b493f9-ae73-4742-accf-399c7df130fd:c9014, 7c5123a2-69b6-4251-aec6-dbf2ea5b7f71:c8996, 139f476c-7fe8-4a63-8b18-8c8a96cf6b87:c8996]
2019-07-13 14:25:31,220 INFO  client.GrpcClientProtocolClient (GrpcClientProtocolClient.java:onNext(255)) - client-D06D1AE7400A->73b493f9-ae73-4742-accf-399c7df130fd: receive RaftClientReply:client-D06D1AE7400A->73b493f9-ae73-4742-accf-399c7df130fd@group-69B904785340, cid=5926, SUCCESS, logIndex=9010, commits[73b493f9-ae73-4742-accf-399c7df130fd:c9014, 7c5123a2-69b6-4251-aec6-dbf2ea5b7f71:c8996, 139f476c-7fe8-4a63-8b18-8c8a96cf6b87:c8996]
2019-07-13 14:25:31,220 INFO  client.GrpcClientProtocolClient (GrpcClientProtocolClient.java:onNext(255)) - client-D06D1AE7400A->73b493f9-ae73-4742-accf-399c7df130fd: receive RaftClientReply:client-D06D1AE7400A->73b493f9-ae73-4742-accf-399c7df130fd@group-69B904785340, cid=5925, SUCCESS, logIndex=9011, commits[73b493f9-ae73-4742-accf-399c7df130fd:c9014, 7c5123a2-69b6-4251-aec6-dbf2ea5b7f71:c8996, 139f476c-7fe8-4a63-8b18-8c8a96cf6b87:c8996]
2019-07-13 14:25:31,221 INFO  client.GrpcClientProtocolClient (GrpcClientProtocolClient.java:onNext(255)) - client-D06D1AE7400A->73b493f9-ae73-4742-accf-399c7df130fd: receive RaftClientReply:client-D06D1AE7400A->73b493f9-ae73-4742-accf-399c7df130fd@group-69B904785340, cid=5927, SUCCESS, logIndex=9012, commits[73b493f9-ae73-4742-accf-399c7df130fd:c9016, 7c5123a2-69b6-4251-aec6-dbf2ea5b7f71:c8996, 139f476c-7fe8-4a63-8b18-8c8a96cf6b87:c8996]
2019-07-13 14:25:31,221 INFO  client.GrpcClientProtocolClient (GrpcClientProtocolClient.java:onNext(255)) - client-D06D1AE7400A->73b493f9-ae73-4742-accf-399c7df130fd: receive RaftClientReply:client-D06D1AE7400A->73b493f9-ae73-4742-accf-399c7df130fd@group-69B904785340, cid=5928, SUCCESS, logIndex=9013, commits[73b493f9-ae73-4742-accf-399c7df130fd:c9016, 7c5123a2-69b6-4251-aec6-dbf2ea5b7f71:c8996, 139f476c-7fe8-4a63-8b18-8c8a96cf6b87:c8996]
2019-07-13 14:25:31,221 INFO  client.GrpcClientProtocolClient (GrpcClientProtocolClient.java:onNext(255)) - client-D06D1AE7400A->73b493f9-ae73-4742-accf-399c7df130fd: receive RaftClientReply:client-D06D1AE7400A->73b493f9-ae73-4742-accf-399c7df130fd@group-69B904785340, cid=5929, SUCCESS, logIndex=9014, commits[73b493f9-ae73-4742-accf-399c7df130fd:c9014, 7c5123a2-69b6-4251-aec6-dbf2ea5b7f71:c8996, 139f476c-7fe8-4a63-8b18-8c8a96cf6b87:c8996]
2019-07-13 14:25:31,221 INFO  client.GrpcClientProtocolClient (GrpcClientProtocolClient.java:onNext(255)) - client-D06D1AE7400A->73b493f9-ae73-4742-accf-399c7df130fd: receive RaftClientReply:client-D06D1AE7400A->73b493f9-ae73-4742-accf-399c7df130fd@group-69B904785340, cid=5930, SUCCESS, logIndex=9015, commits[73b493f9-ae73-4742-accf-399c7df130fd:c9016, 7c5123a2-69b6-4251-aec6-dbf2ea5b7f71:c8996, 139f476c-7fe8-4a63-8b18-8c8a96cf6b87:c8996]
2019-07-13 14:25:31,221 INFO  client.GrpcClientProtocolClient (GrpcClientProtocolClient.java:onNext(255)) - client-D06D1AE7400A->73b493f9-ae73-4742-accf-399c7df130fd: receive RaftClientReply:client-D06D1AE7400A->73b493f9-ae73-4742-accf-399c7df130fd@group-69B904785340, cid=5931, SUCCESS, logIndex=9016, commits[73b493f9-ae73-4742-accf-399c7df130fd:c9016, 7c5123a2-69b6-4251-aec6-dbf2ea5b7f71:c8996, 139f476c-7fe8-4a63-8b18-8c8a96cf6b87:c8996]
2019-07-13 14:25:31,241 INFO  client.GrpcClientProtocolClient (GrpcClientProtocolClient.java:onNext(255)) - client-D06D1AE7400A->73b493f9-ae73-4742-accf-399c7df130fd: receive RaftClientReply:client-D06D1AE7400A->73b493f9-ae73-4742-accf-399c7df130fd@group-69B904785340, cid=5932, SUCCESS, logIndex=0, commits[73b493f9-ae73-4742-accf-399c7df130fd:c9021, 7c5123a2-69b6-4251-aec6-dbf2ea5b7f71:c9001, 139f476c-7fe8-4a63-8b18-8c8a96cf6b87:c8999]
2019-07-13 14:25:31,242 INFO  client.GrpcClientProtocolClient (GrpcClientProtocolClient.java:onNext(255)) - client-D06D1AE7400A->73b493f9-ae73-4742-accf-399c7df130fd: receive RaftClientReply:client-D06D1AE7400A->73b493f9-ae73-4742-accf-399c7df130fd@group-69B904785340, cid=5933, SUCCESS, logIndex=0, commits[73b493f9-ae73-4742-accf-399c7df130fd:c9024, 7c5123a2-69b6-4251-aec6-dbf2ea5b7f71:c9005, 139f476c-7fe8-4a63-8b18-8c8a96cf6b87:c9000]
2019-07-13 14:25:31,242 INFO  client.GrpcClientProtocolClient (GrpcClientProtocolClient.java:onNext(255)) - client-D06D1AE7400A->73b493f9-ae73-4742-accf-399c7df130fd: receive RaftClientReply:client-D06D1AE7400A->73b493f9-ae73-4742-accf-399c7df130fd@group-69B904785340, cid=5934, SUCCESS, logIndex=0, commits[73b493f9-ae73-4742-accf-399c7df130fd:c9027, 7c5123a2-69b6-4251-aec6-dbf2ea5b7f71:c9007, 139f476c-7fe8-4a63-8b18-8c8a96cf6b87:c9003]
2019-07-13 14:25:31,243 INFO  client.GrpcClientProtocolClient (GrpcClientProtocolClient.java:onNext(255)) - client-D06D1AE7400A->73b493f9-ae73-4742-accf-399c7df130fd: receive RaftClientReply:client-D06D1AE7400A->73b493f9-ae73-4742-accf-399c7df130fd@group-69B904785340, cid=5935, SUCCESS, logIndex=0, commits[73b493f9-ae73-4742-accf-399c7df130fd:c9027, 7c5123a2-69b6-4251-aec6-dbf2ea5b7f71:c9007, 139f476c-7fe8-4a63-8b18-8c8a96cf6b87:c9004]
2019-07-13 14:25:31,243 INFO  client.GrpcClientProtocolClient (GrpcClientProtocolClient.java:onNext(255)) - client-D06D1AE7400A->73b493f9-ae73-4742-accf-399c7df130fd: receive RaftClientReply:client-D06D1AE7400A->73b493f9-ae73-4742-accf-399c7df130fd@group-69B904785340, cid=5936, SUCCESS, logIndex=0, commits[73b493f9-ae73-4742-accf-399c7df130fd:c9027, 7c5123a2-69b6-4251-aec6-dbf2ea5b7f71:c9007, 139f476c-7fe8-4a63-8b18-8c8a96cf6b87:c9006]
2019-07-13 14:25:31,254 INFO  client.GrpcClientProtocolClient (GrpcClientProtocolClient.java:onNext(255)) - client-D06D1AE7400A->73b493f9-ae73-4742-accf-399c7df130fd: receive RaftClientReply:client-D06D1AE7400A->73b493f9-ae73-4742-accf-399c7df130fd@group-69B904785340, cid=5937, SUCCESS, logIndex=0, commits[73b493f9-ae73-4742-accf-399c7df130fd:c9029, 7c5123a2-69b6-4251-aec6-dbf2ea5b7f71:c9013, 139f476c-7fe8-4a63-8b18-8c8a96cf6b87:c9014]
2019-07-13 14:25:31,255 INFO  client.GrpcClientProtocolClient (GrpcClientProtocolClient.java:onNext(255)) - client-D06D1AE7400A->73b493f9-ae73-4742-accf-399c7df130fd: receive RaftClientReply:client-D06D1AE7400A->73b493f9-ae73-4742-accf-399c7df130fd@group-69B904785340, cid=5938, SUCCESS, logIndex=0, commits[73b493f9-ae73-4742-accf-399c7df130fd:c9029, 7c5123a2-69b6-4251-aec6-dbf2ea5b7f71:c9013, 139f476c-7fe8-4a63-8b18-8c8a96cf6b87:c9014]
2019-07-13 14:25:31,256 INFO  client.GrpcClientProtocolClient (GrpcClientProtocolClient.java:onNext(255)) - client-D06D1AE7400A->73b493f9-ae73-4742-accf-399c7df130fd: receive RaftClientReply:client-D06D1AE7400A->73b493f9-ae73-4742-accf-399c7df130fd@group-69B904785340, cid=5939, SUCCESS, logIndex=0, commits[73b493f9-ae73-4742-accf-399c7df130fd:c9029, 7c5123a2-69b6-4251-aec6-dbf2ea5b7f71:c9013, 139f476c-7fe8-4a63-8b18-8c8a96cf6b87:c9014]
2019-07-13 14:25:31,257 INFO  client.GrpcClientProtocolClient (GrpcClientProtocolClient.java:onNext(255)) - client-D06D1AE7400A->73b493f9-ae73-4742-accf-399c7df130fd: receive RaftClientReply:client-D06D1AE7400A->73b493f9-ae73-4742-accf-399c7df130fd@group-69B904785340, cid=5940, SUCCESS, logIndex=0, commits[73b493f9-ae73-4742-accf-399c7df130fd:c9030, 7c5123a2-69b6-4251-aec6-dbf2ea5b7f71:c9014, 139f476c-7fe8-4a63-8b18-8c8a96cf6b87:c9016]
2019-07-13 14:25:31,258 INFO  client.GrpcClientProtocolClient (GrpcClientProtocolClient.java:onNext(255)) - client-D06D1AE7400A->73b493f9-ae73-4742-accf-399c7df130fd: receive RaftClientReply:client-D06D1AE7400A->73b493f9-ae73-4742-accf-399c7df130fd@group-69B904785340, cid=5942, SUCCESS, logIndex=9031, commits[73b493f9-ae73-4742-accf-399c7df130fd:c9031, 7c5123a2-69b6-4251-aec6-dbf2ea5b7f71:c9016, 139f476c-7fe8-4a63-8b18-8c8a96cf6b87:c9029]
2019-07-13 14:25:31,258 INFO  client.GrpcClientProtocolClient (GrpcClientProtocolClient.java:onNext(255)) - client-D06D1AE7400A->73b493f9-ae73-4742-accf-399c7df130fd: receive RaftClientReply:client-D06D1AE7400A->73b493f9-ae73-4742-accf-399c7df130fd@group-69B904785340, cid=5941, SUCCESS, logIndex=0, commits[73b493f9-ae73-4742-accf-399c7df130fd:c9030, 7c5123a2-69b6-4251-aec6-dbf2ea5b7f71:c9016, 139f476c-7fe8-4a63-8b18-8c8a96cf6b87:c9016]
2019-07-13 14:25:31,258 INFO  client.GrpcClientProtocolClient (GrpcClientProtocolClient.java:onNext(255)) - client-D06D1AE7400A->73b493f9-ae73-4742-accf-399c7df130fd: receive RaftClientReply:client-D06D1AE7400A->73b493f9-ae73-4742-accf-399c7df130fd@group-69B904785340, cid=5943, SUCCESS, logIndex=9032, commits[73b493f9-ae73-4742-accf-399c7df130fd:c9032, 7c5123a2-69b6-4251-aec6-dbf2ea5b7f71:c9016, 139f476c-7fe8-4a63-8b18-8c8a96cf6b87:c9029]
2019-07-13 14:25:31,259 INFO  client.GrpcClientProtocolClient (GrpcClientProtocolClient.java:onNext(255)) - client-D06D1AE7400A->73b493f9-ae73-4742-accf-399c7df130fd: receive RaftClientReply:client-D06D1AE7400A->73b493f9-ae73-4742-accf-399c7df130fd@group-69B904785340, cid=5944, SUCCESS, logIndex=9033, commits[73b493f9-ae73-4742-accf-399c7df130fd:c9036, 7c5123a2-69b6-4251-aec6-dbf2ea5b7f71:c9029, 139f476c-7fe8-4a63-8b18-8c8a96cf6b87:c9029]
2019-07-13 14:25:31,261 INFO  client.GrpcClientProtocolClient (GrpcClientProtocolClient.java:onNext(255)) - client-D06D1AE7400A->73b493f9-ae73-4742-accf-399c7df130fd: receive RaftClientReply:client-D06D1AE7400A->73b493f9-ae73-4742-accf-399c7df130fd@group-69B904785340, cid=5945, SUCCESS, logIndex=9034, commits[73b493f9-ae73-4742-accf-399c7df130fd:c9036, 7c5123a2-69b6-4251-aec6-dbf2ea5b7f71:c9029, 139f476c-7fe8-4a63-8b18-8c8a96cf6b87:c9029]
2019-07-13 14:25:31,261 INFO  client.GrpcClientProtocolClient (GrpcClientProtocolClient.java:onNext(255)) - client-D06D1AE7400A->73b493f9-ae73-4742-accf-399c7df130fd: receive RaftClientReply:client-D06D1AE7400A->73b493f9-ae73-4742-accf-399c7df130fd@group-69B904785340, cid=5946, SUCCESS, logIndex=9035, commits[73b493f9-ae73-4742-accf-399c7df130fd:c9040, 7c5123a2-69b6-4251-aec6-dbf2ea5b7f71:c9029, 139f476c-7fe8-4a63-8b18-8c8a96cf6b87:c9029]
2019-07-13 14:25:31,261 INFO  client.GrpcClientProtocolClient (GrpcClientProtocolClient.java:onNext(255)) - client-D06D1AE7400A->73b493f9-ae73-4742-accf-399c7df130fd: receive RaftClientReply:client-D06D1AE7400A->73b493f9-ae73-4742-accf-399c7df130fd@group-69B904785340, cid=5947, SUCCESS, logIndex=9036, commits[73b493f9-ae73-4742-accf-399c7df130fd:c9036, 7c5123a2-69b6-4251-aec6-dbf2ea5b7f71:c9029, 139f476c-7fe8-4a63-8b18-8c8a96cf6b87:c9029]
2019-07-13 14:25:31,262 INFO  client.GrpcClientProtocolClient (GrpcClientProtocolClient.java:onNext(255)) - client-D06D1AE7400A->73b493f9-ae73-4742-accf-399c7df130fd: receive RaftClientReply:client-D06D1AE7400A->73b493f9-ae73-4742-accf-399c7df130fd@group-69B904785340, cid=5949, SUCCESS, logIndex=9037, commits[73b493f9-ae73-4742-accf-399c7df130fd:c9040, 7c5123a2-69b6-4251-aec6-dbf2ea5b7f71:c9029, 139f476c-7fe8-4a63-8b18-8c8a96cf6b87:c9029]
2019-07-13 14:25:31,262 INFO  client.GrpcClientProtocolClient (GrpcClientProtocolClient.java:onNext(255)) - client-D06D1AE7400A->73b493f9-ae73-4742-accf-399c7df130fd: receive RaftClientReply:client-D06D1AE7400A->73b493f9-ae73-4742-accf-399c7df130fd@group-69B904785340, cid=5950, SUCCESS, logIndex=9038, commits[73b493f9-ae73-4742-accf-399c7df130fd:c9040, 7c5123a2-69b6-4251-aec6-dbf2ea5b7f71:c9029, 139f476c-7fe8-4a63-8b18-8c8a96cf6b87:c9029]
2019-07-13 14:25:31,262 INFO  client.GrpcClientProtocolClient (GrpcClientProtocolClient.java:onNext(255)) - client-D06D1AE7400A->73b493f9-ae73-4742-accf-399c7df130fd: receive RaftClientReply:client-D06D1AE7400A->73b493f9-ae73-4742-accf-399c7df130fd@group-69B904785340, cid=5948, SUCCESS, logIndex=9039, commits[73b493f9-ae73-4742-accf-399c7df130fd:c9040, 7c5123a2-69b6-4251-aec6-dbf2ea5b7f71:c9029, 139f476c-7fe8-4a63-8b18-8c8a96cf6b87:c9029]
2019-07-13 14:25:31,262 INFO  client.GrpcClientProtocolClient (GrpcClientProtocolClient.java:onNext(255)) - client-D06D1AE7400A->73b493f9-ae73-4742-accf-399c7df130fd: receive RaftClientReply:client-D06D1AE7400A->73b493f9-ae73-4742-accf-399c7df130fd@group-69B904785340, cid=5951, SUCCESS, logIndex=9040, commits[73b493f9-ae73-4742-accf-399c7df130fd:c9040, 7c5123a2-69b6-4251-aec6-dbf2ea5b7f71:c9029, 139f476c-7fe8-4a63-8b18-8c8a96cf6b87:c9029]
2019-07-13 14:25:31,287 INFO  client.GrpcClientProtocolClient (GrpcClientProtocolClient.java:onNext(255)) - client-D06D1AE7400A->73b493f9-ae73-4742-accf-399c7df130fd: receive RaftClientReply:client-D06D1AE7400A->73b493f9-ae73-4742-accf-399c7df130fd@group-69B904785340, cid=5952, SUCCESS, logIndex=0, commits[73b493f9-ae73-4742-accf-399c7df130fd:c9047, 7c5123a2-69b6-4251-aec6-dbf2ea5b7f71:c9032, 139f476c-7fe8-4a63-8b18-8c8a96cf6b87:c9040]
2019-07-13 14:25:31,288 INFO  client.GrpcClientProtocolClient (GrpcClientProtocolClient.java:onNext(255)) - client-D06D1AE7400A->73b493f9-ae73-4742-accf-399c7df130fd: receive RaftClientReply:client-D06D1AE7400A->73b493f9-ae73-4742-accf-399c7df130fd@group-69B904785340, cid=5961, SUCCESS, logIndex=0, commits[73b493f9-ae73-4742-accf-399c7df130fd:c9047, 7c5123a2-69b6-4251-aec6-dbf2ea5b7f71:c9036, 139f476c-7fe8-4a63-8b18-8c8a96cf6b87:c9040]
2019-07-13 14:25:31,290 INFO  client.GrpcClientProtocolClient (GrpcClientProtocolClient.java:onNext(255)) - client-D06D1AE7400A->73b493f9-ae73-4742-accf-399c7df130fd: receive RaftClientReply:client-D06D1AE7400A->73b493f9-ae73-4742-accf-399c7df130fd@group-69B904785340, cid=5962, SUCCESS, logIndex=0, commits[73b493f9-ae73-4742-accf-399c7df130fd:c9047, 7c5123a2-69b6-4251-aec6-dbf2ea5b7f71:c9040, 139f476c-7fe8-4a63-8b18-8c8a96cf6b87:c9040]
2019-07-13 14:25:31,291 INFO  client.GrpcClientProtocolClient (GrpcClientProtocolClient.java:onNext(255)) - client-D06D1AE7400A->73b493f9-ae73-4742-accf-399c7df130fd: receive RaftClientReply:client-D06D1AE7400A->73b493f9-ae73-4742-accf-399c7df130fd@group-69B904785340, cid=5963, SUCCESS, logIndex=0, commits[73b493f9-ae73-4742-accf-399c7df130fd:c9047, 7c5123a2-69b6-4251-aec6-dbf2ea5b7f71:c9040, 139f476c-7fe8-4a63-8b18-8c8a96cf6b87:c9040]
2019-07-13 14:25:31,291 INFO  client.GrpcClientProtocolClient (GrpcClientProtocolClient.java:onNext(255)) - client-D06D1AE7400A->73b493f9-ae73-4742-accf-399c7df130fd: receive RaftClientReply:client-D06D1AE7400A->73b493f9-ae73-4742-accf-399c7df130fd@group-69B904785340, cid=5955, SUCCESS, logIndex=9048, commits[73b493f9-ae73-4742-accf-399c7df130fd:c9051, 7c5123a2-69b6-4251-aec6-dbf2ea5b7f71:c9040, 139f476c-7fe8-4a63-8b18-8c8a96cf6b87:c9040]
2019-07-13 14:25:31,292 INFO  client.GrpcClientProtocolClient (GrpcClientProtocolClient.java:onNext(255)) - client-D06D1AE7400A->73b493f9-ae73-4742-accf-399c7df130fd: receive RaftClientReply:client-D06D1AE7400A->73b493f9-ae73-4742-accf-399c7df130fd@group-69B904785340, cid=5964, SUCCESS, logIndex=0, commits[73b493f9-ae73-4742-accf-399c7df130fd:c9047, 7c5123a2-69b6-4251-aec6-dbf2ea5b7f71:c9040, 139f476c-7fe8-4a63-8b18-8c8a96cf6b87:c9040]
2019-07-13 14:25:31,293 INFO  client.GrpcClientProtocolClient (GrpcClientProtocolClient.java:onNext(255)) - client-D06D1AE7400A->73b493f9-ae73-4742-accf-399c7df130fd: receive RaftClientReply:client-D06D1AE7400A->73b493f9-ae73-4742-accf-399c7df130fd@group-69B904785340, cid=5954, SUCCESS, logIndex=9049, commits[73b493f9-ae73-4742-accf-399c7df130fd:c9051, 7c5123a2-69b6-4251-aec6-dbf2ea5b7f71:c9040, 139f476c-7fe8-4a63-8b18-8c8a96cf6b87:c9040]
2019-07-13 14:25:31,294 INFO  client.GrpcClientProtocolClient (GrpcClientProtocolClient.java:onNext(255)) - client-D06D1AE7400A->73b493f9-ae73-4742-accf-399c7df130fd: receive RaftClientReply:client-D06D1AE7400A->73b493f9-ae73-4742-accf-399c7df130fd@group-69B904785340, cid=5956, SUCCESS, logIndex=9050, commits[73b493f9-ae73-4742-accf-399c7df130fd:c9051, 7c5123a2-69b6-4251-aec6-dbf2ea5b7f71:c9040, 139f476c-7fe8-4a63-8b18-8c8a96cf6b87:c9040]
2019-07-13 14:25:31,294 INFO  client.GrpcClientProtocolClient (GrpcClientProtocolClient.java:onNext(255)) - client-D06D1AE7400A->73b493f9-ae73-4742-accf-399c7df130fd: receive RaftClientReply:client-D06D1AE7400A->73b493f9-ae73-4742-accf-399c7df130fd@group-69B904785340, cid=5953, SUCCESS, logIndex=9051, commits[73b493f9-ae73-4742-accf-399c7df130fd:c9051, 7c5123a2-69b6-4251-aec6-dbf2ea5b7f71:c9040, 139f476c-7fe8-4a63-8b18-8c8a96cf6b87:c9040]
2019-07-13 14:25:31,295 INFO  client.GrpcClientProtocolClient (GrpcClientProtocolClient.java:onNext(255)) - client-D06D1AE7400A->73b493f9-ae73-4742-accf-399c7df130fd: receive RaftClientReply:client-D06D1AE7400A->73b493f9-ae73-4742-accf-399c7df130fd@group-69B904785340, cid=5957, SUCCESS, logIndex=9052, commits[73b493f9-ae73-4742-accf-399c7df130fd:c9053, 7c5123a2-69b6-4251-aec6-dbf2ea5b7f71:c9040, 139f476c-7fe8-4a63-8b18-8c8a96cf6b87:c9040]
2019-07-13 14:25:31,295 INFO  client.GrpcClientProtocolClient (GrpcClientProtocolClient.java:onNext(255)) - client-D06D1AE7400A->73b493f9-ae73-4742-accf-399c7df130fd: receive RaftClientReply:client-D06D1AE7400A->73b493f9-ae73-4742-accf-399c7df130fd@group-69B904785340, cid=5958, SUCCESS, logIndex=9053, commits[73b493f9-ae73-4742-accf-399c7df130fd:c9053, 7c5123a2-69b6-4251-aec6-dbf2ea5b7f71:c9040, 139f476c-7fe8-4a63-8b18-8c8a96cf6b87:c9040]
2019-07-13 14:25:31,295 INFO  client.GrpcClientProtocolClient (GrpcClientProtocolClient.java:onNext(255)) - client-D06D1AE7400A->73b493f9-ae73-4742-accf-399c7df130fd: receive RaftClientReply:client-D06D1AE7400A->73b493f9-ae73-4742-accf-399c7df130fd@group-69B904785340, cid=5959, SUCCESS, logIndex=9054, commits[73b493f9-ae73-4742-accf-399c7df130fd:c9055, 7c5123a2-69b6-4251-aec6-dbf2ea5b7f71:c9040, 139f476c-7fe8-4a63-8b18-8c8a96cf6b87:c9040]
2019-07-13 14:25:31,296 INFO  client.GrpcClientProtocolClient (GrpcClientProtocolClient.java:onNext(255)) - client-D06D1AE7400A->73b493f9-ae73-4742-accf-399c7df130fd: receive RaftClientReply:client-D06D1AE7400A->73b493f9-ae73-4742-accf-399c7df130fd@group-69B904785340, cid=5960, SUCCESS, logIndex=9055, commits[73b493f9-ae73-4742-accf-399c7df130fd:c9055, 7c5123a2-69b6-4251-aec6-dbf2ea5b7f71:c9040, 139f476c-7fe8-4a63-8b18-8c8a96cf6b87:c9040]
2019-07-13 14:25:31,296 INFO  client.GrpcClientProtocolClient (GrpcClientProtocolClient.java:onNext(255)) - client-D06D1AE7400A->73b493f9-ae73-4742-accf-399c7df130fd: receive RaftClientReply:client-D06D1AE7400A->73b493f9-ae73-4742-accf-399c7df130fd@group-69B904785340, cid=5965, SUCCESS, logIndex=9056, commits[73b493f9-ae73-4742-accf-399c7df130fd:c9057, 7c5123a2-69b6-4251-aec6-dbf2ea5b7f71:c9040, 139f476c-7fe8-4a63-8b18-8c8a96cf6b87:c9040]
2019-07-13 14:25:31,296 INFO  client.GrpcClientProtocolClient (GrpcClientProtocolClient.java:onNext(255)) - client-D06D1AE7400A->73b493f9-ae73-4742-accf-399c7df130fd: receive RaftClientReply:client-D06D1AE7400A->73b493f9-ae73-4742-accf-399c7df130fd@group-69B904785340, cid=5966, SUCCESS, logIndex=9057, commits[73b493f9-ae73-4742-accf-399c7df130fd:c9057, 7c5123a2-69b6-4251-aec6-dbf2ea5b7f71:c9040, 139f476c-7fe8-4a63-8b18-8c8a96cf6b87:c9040]
2019-07-13 14:25:31,304 INFO  client.GrpcClientProtocolClient (GrpcClientProtocolClient.java:onNext(255)) - client-D06D1AE7400A->73b493f9-ae73-4742-accf-399c7df130fd: receive RaftClientReply:client-D06D1AE7400A->73b493f9-ae73-4742-accf-399c7df130fd@group-69B904785340, cid=5970, SUCCESS, logIndex=0, commits[73b493f9-ae73-4742-accf-399c7df130fd:c9061, 7c5123a2-69b6-4251-aec6-dbf2ea5b7f71:c9050, 139f476c-7fe8-4a63-8b18-8c8a96cf6b87:c9051]
2019-07-13 14:25:31,305 INFO  client.GrpcClientProtocolClient (GrpcClientProtocolClient.java:onNext(255)) - client-D06D1AE7400A->73b493f9-ae73-4742-accf-399c7df130fd: receive RaftClientReply:client-D06D1AE7400A->73b493f9-ae73-4742-accf-399c7df130fd@group-69B904785340, cid=5972, SUCCESS, logIndex=0, commits[73b493f9-ae73-4742-accf-399c7df130fd:c9063, 7c5123a2-69b6-4251-aec6-dbf2ea5b7f71:c9053, 139f476c-7fe8-4a63-8b18-8c8a96cf6b87:c9055]
2019-07-13 14:25:31,305 INFO  client.GrpcClientProtocolClient (GrpcClientProtocolClient.java:onNext(255)) - client-D06D1AE7400A->73b493f9-ae73-4742-accf-399c7df130fd: receive RaftClientReply:client-D06D1AE7400A->73b493f9-ae73-4742-accf-399c7df130fd@group-69B904785340, cid=5973, SUCCESS, logIndex=0, commits[73b493f9-ae73-4742-accf-399c7df130fd:c9064, 7c5123a2-69b6-4251-aec6-dbf2ea5b7f71:c9053, 139f476c-7fe8-4a63-8b18-8c8a96cf6b87:c9055]
2019-07-13 14:25:31,305 INFO  client.GrpcClientProtocolClient (GrpcClientProtocolClient.java:onNext(255)) - client-D06D1AE7400A->73b493f9-ae73-4742-accf-399c7df130fd: receive RaftClientReply:client-D06D1AE7400A->73b493f9-ae73-4742-accf-399c7df130fd@group-69B904785340, cid=5967, SUCCESS, logIndex=9065, commits[73b493f9-ae73-4742-accf-399c7df130fd:c9066, 7c5123a2-69b6-4251-aec6-dbf2ea5b7f71:c9053, 139f476c-7fe8-4a63-8b18-8c8a96cf6b87:c9057]
2019-07-13 14:25:31,305 INFO  client.GrpcClientProtocolClient (GrpcClientProtocolClient.java:onNext(255)) - client-D06D1AE7400A->73b493f9-ae73-4742-accf-399c7df130fd: receive RaftClientReply:client-D06D1AE7400A->73b493f9-ae73-4742-accf-399c7df130fd@group-69B904785340, cid=5977, SUCCESS, logIndex=0, commits[73b493f9-ae73-4742-accf-399c7df130fd:c9066, 7c5123a2-69b6-4251-aec6-dbf2ea5b7f71:c9055, 139f476c-7fe8-4a63-8b18-8c8a96cf6b87:c9057]
2019-07-13 14:25:31,315 INFO  client.GrpcClientProtocolClient (GrpcClientProtocolClient.java:onNext(255)) - client-D06D1AE7400A->73b493f9-ae73-4742-accf-399c7df130fd: receive RaftClientReply:client-D06D1AE7400A->73b493f9-ae73-4742-accf-399c7df130fd@group-69B904785340, cid=5968, SUCCESS, logIndex=9067, commits[73b493f9-ae73-4742-accf-399c7df130fd:c9069, 7c5123a2-69b6-4251-aec6-dbf2ea5b7f71:c9055, 139f476c-7fe8-4a63-8b18-8c8a96cf6b87:c9057]
2019-07-13 14:25:31,316 INFO  client.GrpcClientProtocolClient (GrpcClientProtocolClient.java:onNext(255)) - client-D06D1AE7400A->73b493f9-ae73-4742-accf-399c7df130fd: receive RaftClientReply:client-D06D1AE7400A->73b493f9-ae73-4742-accf-399c7df130fd@group-69B904785340, cid=5979, SUCCESS, logIndex=0, commits[73b493f9-ae73-4742-accf-399c7df130fd:c9070, 7c5123a2-69b6-4251-aec6-dbf2ea5b7f71:c9057, 139f476c-7fe8-4a63-8b18-8c8a96cf6b87:c9057]
2019-07-13 14:25:31,316 INFO  client.GrpcClientProtocolClient (GrpcClientProtocolClient.java:onNext(255)) - client-D06D1AE7400A->73b493f9-ae73-4742-accf-399c7df130fd: receive RaftClientReply:client-D06D1AE7400A->73b493f9-ae73-4742-accf-399c7df130fd@group-69B904785340, cid=5969, SUCCESS, logIndex=9068, commits[73b493f9-ae73-4742-accf-399c7df130fd:c9070, 7c5123a2-69b6-4251-aec6-dbf2ea5b7f71:c9055, 139f476c-7fe8-4a63-8b18-8c8a96cf6b87:c9057]
2019-07-13 14:25:31,318 INFO  client.GrpcClientProtocolClient (GrpcClientProtocolClient.java:onNext(255)) - client-D06D1AE7400A->73b493f9-ae73-4742-accf-399c7df130fd: receive RaftClientReply:client-D06D1AE7400A->73b493f9-ae73-4742-accf-399c7df130fd@group-69B904785340, cid=5971, SUCCESS, logIndex=9069, commits[73b493f9-ae73-4742-accf-399c7df130fd:c9070, 7c5123a2-69b6-4251-aec6-dbf2ea5b7f71:c9057, 139f476c-7fe8-4a63-8b18-8c8a96cf6b87:c9057]
2019-07-13 14:25:31,318 INFO  client.GrpcClientProtocolClient (GrpcClientProtocolClient.java:onNext(255)) - client-D06D1AE7400A->73b493f9-ae73-4742-accf-399c7df130fd: receive RaftClientReply:client-D06D1AE7400A->73b493f9-ae73-4742-accf-399c7df130fd@group-69B904785340, cid=5974, SUCCESS, logIndex=9070, commits[73b493f9-ae73-4742-accf-399c7df130fd:c9070, 7c5123a2-69b6-4251-aec6-dbf2ea5b7f71:c9057, 139f476c-7fe8-4a63-8b18-8c8a96cf6b87:c9057]
2019-07-13 14:25:31,320 INFO  client.GrpcClientProtocolClient (GrpcClientProtocolClient.java:onNext(255)) - client-D06D1AE7400A->73b493f9-ae73-4742-accf-399c7df130fd: receive RaftClientReply:client-D06D1AE7400A->73b493f9-ae73-4742-accf-399c7df130fd@group-69B904785340, cid=5990, SUCCESS, logIndex=0, commits[73b493f9-ae73-4742-accf-399c7df130fd:c9078, 7c5123a2-69b6-4251-aec6-dbf2ea5b7f71:c9067, 139f476c-7fe8-4a63-8b18-8c8a96cf6b87:c9067]
2019-07-13 14:25:31,320 INFO  client.GrpcClientProtocolClient (GrpcClientProtocolClient.java:onNext(255)) - client-D06D1AE7400A->73b493f9-ae73-4742-accf-399c7df130fd: receive RaftClientReply:client-D06D1AE7400A->73b493f9-ae73-4742-accf-399c7df130fd@group-69B904785340, cid=5975, SUCCESS, logIndex=9071, commits[73b493f9-ae73-4742-accf-399c7df130fd:c9073, 7c5123a2-69b6-4251-aec6-dbf2ea5b7f71:c9057, 139f476c-7fe8-4a63-8b18-8c8a96cf6b87:c9057]
2019-07-13 14:25:31,321 INFO  client.GrpcClientProtocolClient (GrpcClientProtocolClient.java:onNext(255)) - client-D06D1AE7400A->73b493f9-ae73-4742-accf-399c7df130fd: receive RaftClientReply:client-D06D1AE7400A->73b493f9-ae73-4742-accf-399c7df130fd@group-69B904785340, cid=5976, SUCCESS, logIndex=9072, commits[73b493f9-ae73-4742-accf-399c7df130fd:c9073, 7c5123a2-69b6-4251-aec6-dbf2ea5b7f71:c9057, 139f476c-7fe8-4a63-8b18-8c8a96cf6b87:c9057]
2019-07-13 14:25:31,321 INFO  client.GrpcClientProtocolClient (GrpcClientProtocolClient.java:onNext(255)) - client-D06D1AE7400A->73b493f9-ae73-4742-accf-399c7df130fd: receive RaftClientReply:client-D06D1AE7400A->73b493f9-ae73-4742-accf-399c7df130fd@group-69B904785340, cid=5991, SUCCESS, logIndex=0, commits[73b493f9-ae73-4742-accf-399c7df130fd:c9080, 7c5123a2-69b6-4251-aec6-dbf2ea5b7f71:c9069, 139f476c-7fe8-4a63-8b18-8c8a96cf6b87:c9070]
2019-07-13 14:25:31,322 INFO  client.GrpcClientProtocolClient (GrpcClientProtocolClient.java:onNext(255)) - client-D06D1AE7400A->73b493f9-ae73-4742-accf-399c7df130fd: receive RaftClientReply:client-D06D1AE7400A->73b493f9-ae73-4742-accf-399c7df130fd@group-69B904785340, cid=5978, SUCCESS, logIndex=9073, commits[73b493f9-ae73-4742-accf-399c7df130fd:c9073, 7c5123a2-69b6-4251-aec6-dbf2ea5b7f71:c9057, 139f476c-7fe8-4a63-8b18-8c8a96cf6b87:c9057]
2019-07-13 14:25:31,322 INFO  client.GrpcClientProtocolClient (GrpcClientProtocolClient.java:onNext(255)) - client-D06D1AE7400A->73b493f9-ae73-4742-accf-399c7df130fd: receive RaftClientReply:client-D06D1AE7400A->73b493f9-ae73-4742-accf-399c7df130fd@group-69B904785340, cid=5980, SUCCESS, logIndex=9074, commits[73b493f9-ae73-4742-accf-399c7df130fd:c9075, 7c5123a2-69b6-4251-aec6-dbf2ea5b7f71:c9057, 139f476c-7fe8-4a63-8b18-8c8a96cf6b87:c9057]
2019-07-13 14:25:31,323 INFO  client.GrpcClientProtocolClient (GrpcClientProtocolClient.java:onNext(255)) - client-D06D1AE7400A->73b493f9-ae73-4742-accf-399c7df130fd: receive RaftClientReply:client-D06D1AE7400A->73b493f9-ae73-4742-accf-399c7df130fd@group-69B904785340, cid=5993, SUCCESS, logIndex=0, commits[73b493f9-ae73-4742-accf-399c7df130fd:c9086, 7c5123a2-69b6-4251-aec6-dbf2ea5b7f71:c9073, 139f476c-7fe8-4a63-8b18-8c8a96cf6b87:c9072]
2019-07-13 14:25:31,323 INFO  client.GrpcClientProtocolClient (GrpcClientProtocolClient.java:onNext(255)) - client-D06D1AE7400A->73b493f9-ae73-4742-accf-399c7df130fd: receive RaftClientReply:client-D06D1AE7400A->73b493f9-ae73-4742-accf-399c7df130fd@group-69B904785340, cid=5981, SUCCESS, logIndex=9075, commits[73b493f9-ae73-4742-accf-399c7df130fd:c9076, 7c5123a2-69b6-4251-aec6-dbf2ea5b7f71:c9057, 139f476c-7fe8-4a63-8b18-8c8a96cf6b87:c9065]
2019-07-13 14:25:31,323 INFO  client.GrpcClientProtocolClient (GrpcClientProtocolClient.java:onNext(255)) - client-D06D1AE7400A->73b493f9-ae73-4742-accf-399c7df130fd: receive RaftClientReply:client-D06D1AE7400A->73b493f9-ae73-4742-accf-399c7df130fd@group-69B904785340, cid=5995, SUCCESS, logIndex=0, commits[73b493f9-ae73-4742-accf-399c7df130fd:c9086, 7c5123a2-69b6-4251-aec6-dbf2ea5b7f71:c9073, 139f476c-7fe8-4a63-8b18-8c8a96cf6b87:c9073]
2019-07-13 14:25:31,323 INFO  client.GrpcClientProtocolClient (GrpcClientProtocolClient.java:onNext(255)) - client-D06D1AE7400A->73b493f9-ae73-4742-accf-399c7df130fd: receive RaftClientReply:client-D06D1AE7400A->73b493f9-ae73-4742-accf-399c7df130fd@group-69B904785340, cid=5982, SUCCESS, logIndex=9077, commits[73b493f9-ae73-4742-accf-399c7df130fd:c9078, 7c5123a2-69b6-4251-aec6-dbf2ea5b7f71:c9057, 139f476c-7fe8-4a63-8b18-8c8a96cf6b87:c9067]
2019-07-13 14:25:31,324 INFO  client.GrpcClientProtocolClient (GrpcClientProtocolClient.java:onNext(255)) - client-D06D1AE7400A->73b493f9-ae73-4742-accf-399c7df130fd: receive RaftClientReply:client-D06D1AE7400A->73b493f9-ae73-4742-accf-399c7df130fd@group-69B904785340, cid=5983, SUCCESS, logIndex=9078, commits[73b493f9-ae73-4742-accf-399c7df130fd:c9078, 7c5123a2-69b6-4251-aec6-dbf2ea5b7f71:c9057, 139f476c-7fe8-4a63-8b18-8c8a96cf6b87:c9067]
2019-07-13 14:25:31,324 INFO  client.GrpcClientProtocolClient (GrpcClientProtocolClient.java:onNext(255)) - client-D06D1AE7400A->73b493f9-ae73-4742-accf-399c7df130fd: receive RaftClientReply:client-D06D1AE7400A->73b493f9-ae73-4742-accf-399c7df130fd@group-69B904785340, cid=5984, SUCCESS, logIndex=9081, commits[73b493f9-ae73-4742-accf-399c7df130fd:c9082, 7c5123a2-69b6-4251-aec6-dbf2ea5b7f71:c9070, 139f476c-7fe8-4a63-8b18-8c8a96cf6b87:c9070]
2019-07-13 14:25:31,325 INFO  client.GrpcClientProtocolClient (GrpcClientProtocolClient.java:onNext(255)) - client-D06D1AE7400A->73b493f9-ae73-4742-accf-399c7df130fd: receive RaftClientReply:client-D06D1AE7400A->73b493f9-ae73-4742-accf-399c7df130fd@group-69B904785340, cid=5985, SUCCESS, logIndex=9083, commits[73b493f9-ae73-4742-accf-399c7df130fd:c9084, 7c5123a2-69b6-4251-aec6-dbf2ea5b7f71:c9072, 139f476c-7fe8-4a63-8b18-8c8a96cf6b87:c9070]
2019-07-13 14:25:31,325 INFO  client.GrpcClientProtocolClient (GrpcClientProtocolClient.java:onNext(255)) - client-D06D1AE7400A->73b493f9-ae73-4742-accf-399c7df130fd: receive RaftClientReply:client-D06D1AE7400A->73b493f9-ae73-4742-accf-399c7df130fd@group-69B904785340, cid=5986, SUCCESS, logIndex=9084, commits[73b493f9-ae73-4742-accf-399c7df130fd:c9084, 7c5123a2-69b6-4251-aec6-dbf2ea5b7f71:c9073, 139f476c-7fe8-4a63-8b18-8c8a96cf6b87:c9070]
2019-07-13 14:25:31,334 INFO  client.GrpcClientProtocolClient (GrpcClientProtocolClient.java:onNext(255)) - client-D06D1AE7400A->73b493f9-ae73-4742-accf-399c7df130fd: receive RaftClientReply:client-D06D1AE7400A->73b493f9-ae73-4742-accf-399c7df130fd@group-69B904785340, cid=5987, SUCCESS, logIndex=9087, commits[73b493f9-ae73-4742-accf-399c7df130fd:c9087, 7c5123a2-69b6-4251-aec6-dbf2ea5b7f71:c9073, 139f476c-7fe8-4a63-8b18-8c8a96cf6b87:c9073]
2019-07-13 14:25:31,334 INFO  client.GrpcClientProtocolClient (GrpcClientProtocolClient.java:onNext(255)) - client-D06D1AE7400A->73b493f9-ae73-4742-accf-399c7df130fd: receive RaftClientReply:client-D06D1AE7400A->73b493f9-ae73-4742-accf-399c7df130fd@group-69B904785340, cid=5996, SUCCESS, logIndex=0, commits[73b493f9-ae73-4742-accf-399c7df130fd:c9087, 7c5123a2-69b6-4251-aec6-dbf2ea5b7f71:c9076, 139f476c-7fe8-4a63-8b18-8c8a96cf6b87:c9075]
2019-07-13 14:25:31,334 INFO  client.GrpcClientProtocolClient (GrpcClientProtocolClient.java:onNext(255)) - client-D06D1AE7400A->73b493f9-ae73-4742-accf-399c7df130fd: receive RaftClientReply:client-D06D1AE7400A->73b493f9-ae73-4742-accf-399c7df130fd@group-69B904785340, cid=5988, SUCCESS, logIndex=9089, commits[73b493f9-ae73-4742-accf-399c7df130fd:c9090, 7c5123a2-69b6-4251-aec6-dbf2ea5b7f71:c9077, 139f476c-7fe8-4a63-8b18-8c8a96cf6b87:c9077]
2019-07-13 14:25:31,335 INFO  client.GrpcClientProtocolClient (GrpcClientProtocolClient.java:onNext(255)) - client-D06D1AE7400A->73b493f9-ae73-4742-accf-399c7df130fd: receive RaftClientReply:client-D06D1AE7400A->73b493f9-ae73-4742-accf-399c7df130fd@group-69B904785340, cid=5989, SUCCESS, logIndex=9091, commits[73b493f9-ae73-4742-accf-399c7df130fd:c9091, 7c5123a2-69b6-4251-aec6-dbf2ea5b7f71:c9078, 139f476c-7fe8-4a63-8b18-8c8a96cf6b87:c9078]
2019-07-13 14:25:31,335 INFO  client.GrpcClientProtocolClient (GrpcClientProtocolClient.java:onNext(255)) - client-D06D1AE7400A->73b493f9-ae73-4742-accf-399c7df130fd: receive RaftClientReply:client-D06D1AE7400A->73b493f9-ae73-4742-accf-399c7df130fd@group-69B904785340, cid=5992, SUCCESS, logIndex=9094, commits[73b493f9-ae73-4742-accf-399c7df130fd:c9095, 7c5123a2-69b6-4251-aec6-dbf2ea5b7f71:c9078, 139f476c-7fe8-4a63-8b18-8c8a96cf6b87:c9083]
2019-07-13 14:25:31,337 INFO  client.GrpcClientProtocolClient (GrpcClientProtocolClient.java:onNext(255)) - client-D06D1AE7400A->73b493f9-ae73-4742-accf-399c7df130fd: receive RaftClientReply:client-D06D1AE7400A->73b493f9-ae73-4742-accf-399c7df130fd@group-69B904785340, cid=5999, SUCCESS, logIndex=0, commits[73b493f9-ae73-4742-accf-399c7df130fd:c9096, 7c5123a2-69b6-4251-aec6-dbf2ea5b7f71:c9081, 139f476c-7fe8-4a63-8b18-8c8a96cf6b87:c9084]
2019-07-13 14:25:31,338 INFO  client.GrpcClientProtocolClient (GrpcClientProtocolClient.java:onNext(255)) - client-D06D1AE7400A->73b493f9-ae73-4742-accf-399c7df130fd: receive RaftClientReply:client-D06D1AE7400A->73b493f9-ae73-4742-accf-399c7df130fd@group-69B904785340, cid=5994, SUCCESS, logIndex=9097, commits[73b493f9-ae73-4742-accf-399c7df130fd:c9097, 7c5123a2-69b6-4251-aec6-dbf2ea5b7f71:c9081, 139f476c-7fe8-4a63-8b18-8c8a96cf6b87:c9084]
2019-07-13 14:25:31,338 INFO  client.GrpcClientProtocolClient (GrpcClientProtocolClient.java:onNext(255)) - client-D06D1AE7400A->73b493f9-ae73-4742-accf-399c7df130fd: receive RaftClientReply:client-D06D1AE7400A->73b493f9-ae73-4742-accf-399c7df130fd@group-69B904785340, cid=6000, SUCCESS, logIndex=0, commits[73b493f9-ae73-4742-accf-399c7df130fd:c9097, 7c5123a2-69b6-4251-aec6-dbf2ea5b7f71:c9083, 139f476c-7fe8-4a63-8b18-8c8a96cf6b87:c9086]
2019-07-13 14:25:31,339 INFO  client.GrpcClientProtocolClient (GrpcClientProtocolClient.java:onNext(255)) - client-D06D1AE7400A->73b493f9-ae73-4742-accf-399c7df130fd: receive RaftClientReply:client-D06D1AE7400A->73b493f9-ae73-4742-accf-399c7df130fd@group-69B904785340, cid=5997, SUCCESS, logIndex=9098, commits[73b493f9-ae73-4742-accf-399c7df130fd:c9100, 7c5123a2-69b6-4251-aec6-dbf2ea5b7f71:c9083, 139f476c-7fe8-4a63-8b18-8c8a96cf6b87:c9086]
2019-07-13 14:25:31,340 INFO  client.GrpcClientProtocolClient (GrpcClientProtocolClient.java:onNext(255)) - client-D06D1AE7400A->73b493f9-ae73-4742-accf-399c7df130fd: receive RaftClientReply:client-D06D1AE7400A->73b493f9-ae73-4742-accf-399c7df130fd@group-69B904785340, cid=5998, SUCCESS, logIndex=9099, commits[73b493f9-ae73-4742-accf-399c7df130fd:c9100, 7c5123a2-69b6-4251-aec6-dbf2ea5b7f71:c9086, 139f476c-7fe8-4a63-8b18-8c8a96cf6b87:c9086]
2019-07-13 14:25:31,340 INFO  client.GrpcClientProtocolClient (GrpcClientProtocolClient.java:onNext(255)) - client-D06D1AE7400A->73b493f9-ae73-4742-accf-399c7df130fd: receive RaftClientReply:client-D06D1AE7400A->73b493f9-ae73-4742-accf-399c7df130fd@group-69B904785340, cid=6007, SUCCESS, logIndex=0, commits[73b493f9-ae73-4742-accf-399c7df130fd:c9107, 7c5123a2-69b6-4251-aec6-dbf2ea5b7f71:c9089, 139f476c-7fe8-4a63-8b18-8c8a96cf6b87:c9087]
2019-07-13 14:25:31,341 INFO  client.GrpcClientProtocolClient (GrpcClientProtocolClient.java:onNext(255)) - client-D06D1AE7400A->73b493f9-ae73-4742-accf-399c7df130fd: receive RaftClientReply:client-D06D1AE7400A->73b493f9-ae73-4742-accf-399c7df130fd@group-69B904785340, cid=6001, SUCCESS, logIndex=9100, commits[73b493f9-ae73-4742-accf-399c7df130fd:c9100, 7c5123a2-69b6-4251-aec6-dbf2ea5b7f71:c9083, 139f476c-7fe8-4a63-8b18-8c8a96cf6b87:c9086]
2019-07-13 14:25:31,341 INFO  client.GrpcClientProtocolClient (GrpcClientProtocolClient.java:onNext(255)) - client-D06D1AE7400A->73b493f9-ae73-4742-accf-399c7df130fd: receive RaftClientReply:client-D06D1AE7400A->73b493f9-ae73-4742-accf-399c7df130fd@group-69B904785340, cid=6008, SUCCESS, logIndex=0, commits[73b493f9-ae73-4742-accf-399c7df130fd:c9109, 7c5123a2-69b6-4251-aec6-dbf2ea5b7f71:c9094, 139f476c-7fe8-4a63-8b18-8c8a96cf6b87:c9091]
2019-07-13 14:25:31,342 INFO  client.GrpcClientProtocolClient (GrpcClientProtocolClient.java:onNext(255)) - client-D06D1AE7400A->73b493f9-ae73-4742-accf-399c7df130fd: receive RaftClientReply:client-D06D1AE7400A->73b493f9-ae73-4742-accf-399c7df130fd@group-69B904785340, cid=6002, SUCCESS, logIndex=9101, commits[73b493f9-ae73-4742-accf-399c7df130fd:c9107, 7c5123a2-69b6-4251-aec6-dbf2ea5b7f71:c9089, 139f476c-7fe8-4a63-8b18-8c8a96cf6b87:c9086]
2019-07-13 14:25:31,342 INFO  client.GrpcClientProtocolClient (GrpcClientProtocolClient.java:onNext(255)) - client-D06D1AE7400A->73b493f9-ae73-4742-accf-399c7df130fd: receive RaftClientReply:client-D06D1AE7400A->73b493f9-ae73-4742-accf-399c7df130fd@group-69B904785340, cid=6010, SUCCESS, logIndex=0, commits[73b493f9-ae73-4742-accf-399c7df130fd:c9109, 7c5123a2-69b6-4251-aec6-dbf2ea5b7f71:c9100, 139f476c-7fe8-4a63-8b18-8c8a96cf6b87:c9097]
2019-07-13 14:25:31,342 INFO  client.GrpcClientProtocolClient (GrpcClientProtocolClient.java:onNext(255)) - client-D06D1AE7400A->73b493f9-ae73-4742-accf-399c7df130fd: receive RaftClientReply:client-D06D1AE7400A->73b493f9-ae73-4742-accf-399c7df130fd@group-69B904785340, cid=6003, SUCCESS, logIndex=9102, commits[73b493f9-ae73-4742-accf-399c7df130fd:c9107, 7c5123a2-69b6-4251-aec6-dbf2ea5b7f71:c9089, 139f476c-7fe8-4a63-8b18-8c8a96cf6b87:c9086]
2019-07-13 14:25:31,343 INFO  client.GrpcClientProtocolClient (GrpcClientProtocolClient.java:onNext(255)) - client-D06D1AE7400A->73b493f9-ae73-4742-accf-399c7df130fd: receive RaftClientReply:client-D06D1AE7400A->73b493f9-ae73-4742-accf-399c7df130fd@group-69B904785340, cid=6012, SUCCESS, logIndex=0, commits[73b493f9-ae73-4742-accf-399c7df130fd:c9109, 7c5123a2-69b6-4251-aec6-dbf2ea5b7f71:c9100, 139f476c-7fe8-4a63-8b18-8c8a96cf6b87:c9099]
2019-07-13 14:25:31,343 INFO  client.GrpcClientProtocolClient (GrpcClientProtocolClient.java:onNext(255)) - client-D06D1AE7400A->73b493f9-ae73-4742-accf-399c7df130fd: receive RaftClientReply:client-D06D1AE7400A->73b493f9-ae73-4742-accf-399c7df130fd@group-69B904785340, cid=6004, SUCCESS, logIndex=9103, commits[73b493f9-ae73-4742-accf-399c7df130fd:c9107, 7c5123a2-69b6-4251-aec6-dbf2ea5b7f71:c9094, 139f476c-7fe8-4a63-8b18-8c8a96cf6b87:c9087]
2019-07-13 14:25:31,343 INFO  client.GrpcClientProtocolClient (GrpcClientProtocolClient.java:onNext(255)) - client-D06D1AE7400A->73b493f9-ae73-4742-accf-399c7df130fd: receive RaftClientReply:client-D06D1AE7400A->73b493f9-ae73-4742-accf-399c7df130fd@group-69B904785340, cid=6005, SUCCESS, logIndex=9104, commits[73b493f9-ae73-4742-accf-399c7df130fd:c9107, 7c5123a2-69b6-4251-aec6-dbf2ea5b7f71:c9089, 139f476c-7fe8-4a63-8b18-8c8a96cf6b87:c9087]
2019-07-13 14:25:31,344 INFO  client.GrpcClientProtocolClient (GrpcClientProtocolClient.java:onNext(255)) - client-D06D1AE7400A->73b493f9-ae73-4742-accf-399c7df130fd: receive RaftClientReply:client-D06D1AE7400A->73b493f9-ae73-4742-accf-399c7df130fd@group-69B904785340, cid=6006, SUCCESS, logIndex=9105, commits[73b493f9-ae73-4742-accf-399c7df130fd:c9109, 7c5123a2-69b6-4251-aec6-dbf2ea5b7f71:c9094, 139f476c-7fe8-4a63-8b18-8c8a96cf6b87:c9089]
2019-07-13 14:25:31,344 INFO  client.GrpcClientProtocolClient (GrpcClientProtocolClient.java:onNext(255)) - client-D06D1AE7400A->73b493f9-ae73-4742-accf-399c7df130fd: receive RaftClientReply:client-D06D1AE7400A->73b493f9-ae73-4742-accf-399c7df130fd@group-69B904785340, cid=6009, SUCCESS, logIndex=9113, commits[73b493f9-ae73-4742-accf-399c7df130fd:c9114, 7c5123a2-69b6-4251-aec6-dbf2ea5b7f71:c9100, 139f476c-7fe8-4a63-8b18-8c8a96cf6b87:c9107]
2019-07-13 14:25:31,344 INFO  client.GrpcClientProtocolClient (GrpcClientProtocolClient.java:onNext(255)) - client-D06D1AE7400A->73b493f9-ae73-4742-accf-399c7df130fd: receive RaftClientReply:client-D06D1AE7400A->73b493f9-ae73-4742-accf-399c7df130fd@group-69B904785340, cid=6011, SUCCESS, logIndex=9114, commits[73b493f9-ae73-4742-accf-399c7df130fd:c9114, 7c5123a2-69b6-4251-aec6-dbf2ea5b7f71:c9100, 139f476c-7fe8-4a63-8b18-8c8a96cf6b87:c9107]
2019-07-13 14:25:31,352 INFO  client.GrpcClientProtocolClient (GrpcClientProtocolClient.java:onNext(255)) - client-D06D1AE7400A->73b493f9-ae73-4742-accf-399c7df130fd: receive RaftClientReply:client-D06D1AE7400A->73b493f9-ae73-4742-accf-399c7df130fd@group-69B904785340, cid=6016, SUCCESS, logIndex=0, commits[73b493f9-ae73-4742-accf-399c7df130fd:c9114, 7c5123a2-69b6-4251-aec6-dbf2ea5b7f71:c9107, 139f476c-7fe8-4a63-8b18-8c8a96cf6b87:c9107]
2019-07-13 14:25:31,353 INFO  client.GrpcClientProtocolClient (GrpcClientProtocolClient.java:onNext(255)) - client-D06D1AE7400A->73b493f9-ae73-4742-accf-399c7df130fd: receive RaftClientReply:client-D06D1AE7400A->73b493f9-ae73-4742-accf-399c7df130fd@group-69B904785340, cid=6018, SUCCESS, logIndex=0, commits[73b493f9-ae73-4742-accf-399c7df130fd:c9114, 7c5123a2-69b6-4251-aec6-dbf2ea5b7f71:c9107, 139f476c-7fe8-4a63-8b18-8c8a96cf6b87:c9107]
2019-07-13 14:25:31,353 INFO  client.GrpcClientProtocolClient (GrpcClientProtocolClient.java:onNext(255)) - client-D06D1AE7400A->73b493f9-ae73-4742-accf-399c7df130fd: receive RaftClientReply:client-D06D1AE7400A->73b493f9-ae73-4742-accf-399c7df130fd@group-69B904785340, cid=6021, SUCCESS, logIndex=0, commits[73b493f9-ae73-4742-accf-399c7df130fd:c9114, 7c5123a2-69b6-4251-aec6-dbf2ea5b7f71:c9107, 139f476c-7fe8-4a63-8b18-8c8a96cf6b87:c9107]
2019-07-13 14:25:31,353 INFO  client.GrpcClientProtocolClient (GrpcClientProtocolClient.java:onNext(255)) - client-D06D1AE7400A->73b493f9-ae73-4742-accf-399c7df130fd: receive RaftClientReply:client-D06D1AE7400A->73b493f9-ae73-4742-accf-399c7df130fd@group-69B904785340, cid=6013, SUCCESS, logIndex=9115, commits[73b493f9-ae73-4742-accf-399c7df130fd:c9115, 7c5123a2-69b6-4251-aec6-dbf2ea5b7f71:c9107, 139f476c-7fe8-4a63-8b18-8c8a96cf6b87:c9114]
2019-07-13 14:25:31,354 INFO  client.GrpcClientProtocolClient (GrpcClientProtocolClient.java:onNext(255)) - client-D06D1AE7400A->73b493f9-ae73-4742-accf-399c7df130fd: receive RaftClientReply:client-D06D1AE7400A->73b493f9-ae73-4742-accf-399c7df130fd@group-69B904785340, cid=6022, SUCCESS, logIndex=0, commits[73b493f9-ae73-4742-accf-399c7df130fd:c9116, 7c5123a2-69b6-4251-aec6-dbf2ea5b7f71:c9114, 139f476c-7fe8-4a63-8b18-8c8a96cf6b87:c9114]
2019-07-13 14:25:31,354 INFO  client.GrpcClientProtocolClient (GrpcClientProtocolClient.java:onNext(255)) - client-D06D1AE7400A->73b493f9-ae73-4742-accf-399c7df130fd: receive RaftClientReply:client-D06D1AE7400A->73b493f9-ae73-4742-accf-399c7df130fd@group-69B904785340, cid=6014, SUCCESS, logIndex=9117, commits[73b493f9-ae73-4742-accf-399c7df130fd:c9117, 7c5123a2-69b6-4251-aec6-dbf2ea5b7f71:c9114, 139f476c-7fe8-4a63-8b18-8c8a96cf6b87:c9114]
2019-07-13 14:25:31,355 INFO  client.GrpcClientProtocolClient (GrpcClientProtocolClient.java:onNext(255)) - client-D06D1AE7400A->73b493f9-ae73-4742-accf-399c7df130fd: receive RaftClientReply:client-D06D1AE7400A->73b493f9-ae73-4742-accf-399c7df130fd@group-69B904785340, cid=6015, SUCCESS, logIndex=9118, commits[73b493f9-ae73-4742-accf-399c7df130fd:c9118, 7c5123a2-69b6-4251-aec6-dbf2ea5b7f71:c9114, 139f476c-7fe8-4a63-8b18-8c8a96cf6b87:c9114]
2019-07-13 14:25:31,356 INFO  client.GrpcClientProtocolClient (GrpcClientProtocolClient.java:onNext(255)) - client-D06D1AE7400A->73b493f9-ae73-4742-accf-399c7df130fd: receive RaftClientReply:client-D06D1AE7400A->73b493f9-ae73-4742-accf-399c7df130fd@group-69B904785340, cid=6017, SUCCESS, logIndex=9119, commits[73b493f9-ae73-4742-accf-399c7df130fd:c9120, 7c5123a2-69b6-4251-aec6-dbf2ea5b7f71:c9114, 139f476c-7fe8-4a63-8b18-8c8a96cf6b87:c9114]
2019-07-13 14:25:31,356 INFO  client.GrpcClientProtocolClient (GrpcClientProtocolClient.java:onNext(255)) - client-D06D1AE7400A->73b493f9-ae73-4742-accf-399c7df130fd: receive RaftClientReply:client-D06D1AE7400A->73b493f9-ae73-4742-accf-399c7df130fd@group-69B904785340, cid=6019, SUCCESS, logIndex=9120, commits[73b493f9-ae73-4742-accf-399c7df130fd:c9121, 7c5123a2-69b6-4251-aec6-dbf2ea5b7f71:c9114, 139f476c-7fe8-4a63-8b18-8c8a96cf6b87:c9114]
2019-07-13 14:25:31,357 INFO  client.GrpcClientProtocolClient (GrpcClientProtocolClient.java:onNext(255)) - client-D06D1AE7400A->73b493f9-ae73-4742-accf-399c7df130fd: receive RaftClientReply:client-D06D1AE7400A->73b493f9-ae73-4742-accf-399c7df130fd@group-69B904785340, cid=6020, SUCCESS, logIndex=9121, commits[73b493f9-ae73-4742-accf-399c7df130fd:c9123, 7c5123a2-69b6-4251-aec6-dbf2ea5b7f71:c9114, 139f476c-7fe8-4a63-8b18-8c8a96cf6b87:c9114]
2019-07-13 14:25:31,357 INFO  client.GrpcClientProtocolClient (GrpcClientProtocolClient.java:onNext(255)) - client-D06D1AE7400A->73b493f9-ae73-4742-accf-399c7df130fd: receive RaftClientReply:client-D06D1AE7400A->73b493f9-ae73-4742-accf-399c7df130fd@group-69B904785340, cid=6023, SUCCESS, logIndex=9122, commits[73b493f9-ae73-4742-accf-399c7df130fd:c9123, 7c5123a2-69b6-4251-aec6-dbf2ea5b7f71:c9114, 139f476c-7fe8-4a63-8b18-8c8a96cf6b87:c9114]
2019-07-13 14:25:31,358 INFO  client.GrpcClientProtocolClient (GrpcClientProtocolClient.java:onNext(255)) - client-D06D1AE7400A->73b493f9-ae73-4742-accf-399c7df130fd: receive RaftClientReply:client-D06D1AE7400A->73b493f9-ae73-4742-accf-399c7df130fd@group-69B904785340, cid=6024, SUCCESS, logIndex=9123, commits[73b493f9-ae73-4742-accf-399c7df130fd:c9125, 7c5123a2-69b6-4251-aec6-dbf2ea5b7f71:c9114, 139f476c-7fe8-4a63-8b18-8c8a96cf6b87:c9114]
2019-07-13 14:25:31,358 INFO  client.GrpcClientProtocolClient (GrpcClientProtocolClient.java:onNext(255)) - client-D06D1AE7400A->73b493f9-ae73-4742-accf-399c7df130fd: receive RaftClientReply:client-D06D1AE7400A->73b493f9-ae73-4742-accf-399c7df130fd@group-69B904785340, cid=6025, SUCCESS, logIndex=9124, commits[73b493f9-ae73-4742-accf-399c7df130fd:c9125, 7c5123a2-69b6-4251-aec6-dbf2ea5b7f71:c9114, 139f476c-7fe8-4a63-8b18-8c8a96cf6b87:c9114]
2019-07-13 14:25:31,359 INFO  client.GrpcClientProtocolClient (GrpcClientProtocolClient.java:onNext(255)) - client-D06D1AE7400A->73b493f9-ae73-4742-accf-399c7df130fd: receive RaftClientReply:client-D06D1AE7400A->73b493f9-ae73-4742-accf-399c7df130fd@group-69B904785340, cid=6026, SUCCESS, logIndex=9125, commits[73b493f9-ae73-4742-accf-399c7df130fd:c9128, 7c5123a2-69b6-4251-aec6-dbf2ea5b7f71:c9118, 139f476c-7fe8-4a63-8b18-8c8a96cf6b87:c9114]
2019-07-13 14:25:31,359 INFO  client.GrpcClientProtocolClient (GrpcClientProtocolClient.java:onNext(255)) - client-D06D1AE7400A->73b493f9-ae73-4742-accf-399c7df130fd: receive RaftClientReply:client-D06D1AE7400A->73b493f9-ae73-4742-accf-399c7df130fd@group-69B904785340, cid=6027, SUCCESS, logIndex=0, commits[73b493f9-ae73-4742-accf-399c7df130fd:c9131, 7c5123a2-69b6-4251-aec6-dbf2ea5b7f71:c9121, 139f476c-7fe8-4a63-8b18-8c8a96cf6b87:c9117]
2019-07-13 14:25:31,360 INFO  client.GrpcClientProtocolClient (GrpcClientProtocolClient.java:onNext(255)) - client-D06D1AE7400A->73b493f9-ae73-4742-accf-399c7df130fd: receive RaftClientReply:client-D06D1AE7400A->73b493f9-ae73-4742-accf-399c7df130fd@group-69B904785340, cid=6028, SUCCESS, logIndex=0, commits[73b493f9-ae73-4742-accf-399c7df130fd:c9132, 7c5123a2-69b6-4251-aec6-dbf2ea5b7f71:c9123, 139f476c-7fe8-4a63-8b18-8c8a96cf6b87:c9119]
2019-07-13 14:25:31,360 INFO  client.GrpcClientProtocolClient (GrpcClientProtocolClient.java:onNext(255)) - client-D06D1AE7400A->73b493f9-ae73-4742-accf-399c7df130fd: receive RaftClientReply:client-D06D1AE7400A->73b493f9-ae73-4742-accf-399c7df130fd@group-69B904785340, cid=6029, SUCCESS, logIndex=0, commits[73b493f9-ae73-4742-accf-399c7df130fd:c9132, 7c5123a2-69b6-4251-aec6-dbf2ea5b7f71:c9123, 139f476c-7fe8-4a63-8b18-8c8a96cf6b87:c9121]
2019-07-13 14:25:31,360 INFO  client.GrpcClientProtocolClient (GrpcClientProtocolClient.java:onNext(255)) - client-D06D1AE7400A->73b493f9-ae73-4742-accf-399c7df130fd: receive RaftClientReply:client-D06D1AE7400A->73b493f9-ae73-4742-accf-399c7df130fd@group-69B904785340, cid=6030, SUCCESS, logIndex=0, commits[73b493f9-ae73-4742-accf-399c7df130fd:c9133, 7c5123a2-69b6-4251-aec6-dbf2ea5b7f71:c9123, 139f476c-7fe8-4a63-8b18-8c8a96cf6b87:c9123]
2019-07-13 14:25:31,371 INFO  client.GrpcClientProtocolClient (GrpcClientProtocolClient.java:onNext(255)) - client-D06D1AE7400A->73b493f9-ae73-4742-accf-399c7df130fd: receive RaftClientReply:client-D06D1AE7400A->73b493f9-ae73-4742-accf-399c7df130fd@group-69B904785340, cid=6031, SUCCESS, logIndex=0, commits[73b493f9-ae73-4742-accf-399c7df130fd:c9134, 7c5123a2-69b6-4251-aec6-dbf2ea5b7f71:c9125, 139f476c-7fe8-4a63-8b18-8c8a96cf6b87:c9125]
 100.00% |█████████████████████████████████████████████████████████████████████████████████████████████████████|  100/100 Time: 0:00:10
2019-07-13 14:25:31,793 WARN  client.GrpcClientProtocolService (LogUtils.java:warn(134)) - 24-UnorderedRequestStreamObserver24: onError: org.apache.ratis.thirdparty.io.grpc.StatusRuntimeException: CANCELLED: cancelled before receiving half close
2019-07-13 14:25:31,793 WARN  client.GrpcClientProtocolService (LogUtils.java:warn(134)) - 26-UnorderedRequestStreamObserver26: onError: org.apache.ratis.thirdparty.io.grpc.StatusRuntimeException: CANCELLED: cancelled before receiving half close
2019-07-13 14:25:31,793 WARN  client.GrpcClientProtocolService (LogUtils.java:warn(134)) - 25-UnorderedRequestStreamObserver25: onError: org.apache.ratis.thirdparty.io.grpc.StatusRuntimeException: CANCELLED: cancelled before receiving half close
]]></system-out>
  </testcase>
</testsuite>