<?xml version="1.0" encoding="UTF-8"?>
<testsuite xmlns:xsi="http://www.w3.org/2001/XMLSchema-instance" xsi:noNamespaceSchemaLocation="https://maven.apache.org/surefire/maven-surefire-plugin/xsd/surefire-test-report.xsd" name="org.apache.hadoop.ozone.client.rpc.TestWatchForCommit" time="193.446" tests="6" errors="0" skipped="0" failures="2">
  <properties>
    <property name="awt.toolkit" value="sun.awt.X11.XToolkit"/>
    <property name="file.encoding.pkg" value="sun.io"/>
    <property name="java.specification.version" value="1.8"/>
    <property name="sun.cpu.isalist" value=""/>
    <property name="sun.jnu.encoding" value="UTF-8"/>
    <property name="java.class.path" value="/workdir/hadoop-ozone/integration-test/target/test-classes:/workdir/hadoop-ozone/integration-test/target/classes:/home/user/.m2/repository/org/apache/hadoop/hadoop-ozone-common/0.5.0-SNAPSHOT/hadoop-ozone-common-0.5.0-SNAPSHOT.jar:/home/user/.m2/repository/org/apache/commons/commons-compress/1.4.1/commons-compress-1.4.1.jar:/home/user/.m2/repository/org/tukaani/xz/1.0/xz-1.0.jar:/home/user/.m2/repository/org/apache/hadoop/hadoop-common/3.2.0/hadoop-common-3.2.0.jar:/home/user/.m2/repository/org/apache/hadoop/hadoop-hdfs/3.2.0/hadoop-hdfs-3.2.0.jar:/home/user/.m2/repository/org/apache/hadoop/hadoop-hdfs-client/3.2.0/hadoop-hdfs-client-3.2.0.jar:/home/user/.m2/repository/com/fasterxml/jackson/core/jackson-annotations/2.9.5/jackson-annotations-2.9.5.jar:/home/user/.m2/repository/org/apache/hadoop/hadoop-hdds-common/0.5.0-SNAPSHOT/hadoop-hdds-common-0.5.0-SNAPSHOT.jar:/home/user/.m2/repository/javax/annotation/javax.annotation-api/1.2/javax.annotation-api-1.2.jar:/home/user/.m2/repository/org/apache/ratis/ratis-server/0.4.0-2337318-SNAPSHOT/ratis-server-0.4.0-2337318-SNAPSHOT.jar:/home/user/.m2/repository/org/apache/ratis/ratis-thirdparty-misc/0.2.0/ratis-thirdparty-misc-0.2.0.jar:/home/user/.m2/repository/org/apache/ratis/ratis-proto/0.4.0-2337318-SNAPSHOT/ratis-proto-0.4.0-2337318-SNAPSHOT.jar:/home/user/.m2/repository/org/apache/ratis/ratis-common/0.4.0-2337318-SNAPSHOT/ratis-common-0.4.0-2337318-SNAPSHOT.jar:/home/user/.m2/repository/org/apache/ratis/ratis-client/0.4.0-2337318-SNAPSHOT/ratis-client-0.4.0-2337318-SNAPSHOT.jar:/home/user/.m2/repository/org/apache/ratis/ratis-metrics/0.4.0-2337318-SNAPSHOT/ratis-metrics-0.4.0-2337318-SNAPSHOT.jar:/home/user/.m2/repository/org/apache/ratis/ratis-netty/0.4.0-2337318-SNAPSHOT/ratis-netty-0.4.0-2337318-SNAPSHOT.jar:/home/user/.m2/repository/org/apache/ratis/ratis-grpc/0.4.0-2337318-SNAPSHOT/ratis-grpc-0.4.0-2337318-SNAPSHOT.jar:/home/user/.m2/repository/org/rocksdb/rocksdbjni/6.0.1/rocksdbjni-6.0.1.jar:/home/user/.m2/repository/org/apache/logging/log4j/log4j-api/2.11.0/log4j-api-2.11.0.jar:/home/user/.m2/repository/org/apache/logging/log4j/log4j-core/2.11.0/log4j-core-2.11.0.jar:/home/user/.m2/repository/com/lmax/disruptor/3.4.2/disruptor-3.4.2.jar:/home/user/.m2/repository/org/apache/commons/commons-pool2/2.6.0/commons-pool2-2.6.0.jar:/home/user/.m2/repository/org/bouncycastle/bcpkix-jdk15on/1.60/bcpkix-jdk15on-1.60.jar:/home/user/.m2/repository/commons-validator/commons-validator/1.6/commons-validator-1.6.jar:/home/user/.m2/repository/commons-digester/commons-digester/1.8.1/commons-digester-1.8.1.jar:/home/user/.m2/repository/io/jaegertracing/jaeger-client/0.33.1/jaeger-client-0.33.1.jar:/home/user/.m2/repository/io/jaegertracing/jaeger-thrift/0.33.1/jaeger-thrift-0.33.1.jar:/home/user/.m2/repository/org/apache/thrift/libthrift/0.11.0/libthrift-0.11.0.jar:/home/user/.m2/repository/com/squareup/okhttp3/okhttp/3.9.0/okhttp-3.9.0.jar:/home/user/.m2/repository/com/squareup/okio/okio/1.13.0/okio-1.13.0.jar:/home/user/.m2/repository/io/jaegertracing/jaeger-core/0.33.1/jaeger-core-0.33.1.jar:/home/user/.m2/repository/io/jaegertracing/jaeger-tracerresolver/0.33.1/jaeger-tracerresolver-0.33.1.jar:/home/user/.m2/repository/io/opentracing/contrib/opentracing-tracerresolver/0.1.5/opentracing-tracerresolver-0.1.5.jar:/home/user/.m2/repository/io/opentracing/opentracing-util/0.31.0/opentracing-util-0.31.0.jar:/home/user/.m2/repository/io/opentracing/opentracing-api/0.31.0/opentracing-api-0.31.0.jar:/home/user/.m2/repository/io/opentracing/opentracing-noop/0.31.0/opentracing-noop-0.31.0.jar:/home/user/.m2/repository/org/apache/hadoop/hadoop-hdds-server-framework/0.5.0-SNAPSHOT/hadoop-hdds-server-framework-0.5.0-SNAPSHOT.jar:/home/user/.m2/repository/org/apache/hadoop/hadoop-hdds-container-service/0.5.0-SNAPSHOT/hadoop-hdds-container-service-0.5.0-SNAPSHOT.jar:/home/user/.m2/repository/org/apache/hadoop/hadoop-hdds-client/0.5.0-SNAPSHOT/hadoop-hdds-client-0.5.0-SNAPSHOT.jar:/home/user/.m2/repository/org/apache/hadoop/hadoop-hdds-tools/0.5.0-SNAPSHOT/hadoop-hdds-tools-0.5.0-SNAPSHOT.jar:/home/user/.m2/repository/org/apache/hadoop/hadoop-hdds-server-scm/0.5.0-SNAPSHOT/hadoop-hdds-server-scm-0.5.0-SNAPSHOT.jar:/home/user/.m2/repository/org/apache/hadoop/hadoop-hdds-docs/0.5.0-SNAPSHOT/hadoop-hdds-docs-0.5.0-SNAPSHOT.jar:/home/user/.m2/repository/io/dropwizard/metrics/metrics-core/3.2.4/metrics-core-3.2.4.jar:/home/user/.m2/repository/org/hamcrest/hamcrest-all/1.3/hamcrest-all-1.3.jar:/home/user/.m2/repository/org/bouncycastle/bcprov-jdk15on/1.60/bcprov-jdk15on-1.60.jar:/home/user/.m2/repository/info/picocli/picocli/3.9.6/picocli-3.9.6.jar:/home/user/.m2/repository/com/google/protobuf/protobuf-java/2.5.0/protobuf-java-2.5.0.jar:/home/user/.m2/repository/com/google/guava/guava/11.0.2/guava-11.0.2.jar:/home/user/.m2/repository/org/apache/hadoop/hadoop-ozone-ozone-manager/0.5.0-SNAPSHOT/hadoop-ozone-ozone-manager-0.5.0-SNAPSHOT.jar:/home/user/.m2/repository/org/apache/hadoop/hadoop-minikdc/3.2.0/hadoop-minikdc-3.2.0.jar:/home/user/.m2/repository/commons-io/commons-io/2.5/commons-io-2.5.jar:/home/user/.m2/repository/org/apache/kerby/kerb-simplekdc/1.0.1/kerb-simplekdc-1.0.1.jar:/home/user/.m2/repository/org/apache/kerby/kerb-client/1.0.1/kerb-client-1.0.1.jar:/home/user/.m2/repository/org/apache/kerby/kerby-config/1.0.1/kerby-config-1.0.1.jar:/home/user/.m2/repository/org/apache/kerby/kerb-core/1.0.1/kerb-core-1.0.1.jar:/home/user/.m2/repository/org/apache/kerby/kerby-pkix/1.0.1/kerby-pkix-1.0.1.jar:/home/user/.m2/repository/org/apache/kerby/kerby-asn1/1.0.1/kerby-asn1-1.0.1.jar:/home/user/.m2/repository/org/apache/kerby/kerby-util/1.0.1/kerby-util-1.0.1.jar:/home/user/.m2/repository/org/apache/kerby/kerb-common/1.0.1/kerb-common-1.0.1.jar:/home/user/.m2/repository/org/apache/kerby/kerb-crypto/1.0.1/kerb-crypto-1.0.1.jar:/home/user/.m2/repository/org/apache/kerby/kerb-util/1.0.1/kerb-util-1.0.1.jar:/home/user/.m2/repository/org/apache/kerby/token-provider/1.0.1/token-provider-1.0.1.jar:/home/user/.m2/repository/org/apache/kerby/kerb-admin/1.0.1/kerb-admin-1.0.1.jar:/home/user/.m2/repository/org/apache/kerby/kerb-server/1.0.1/kerb-server-1.0.1.jar:/home/user/.m2/repository/org/apache/kerby/kerb-identity/1.0.1/kerb-identity-1.0.1.jar:/home/user/.m2/repository/org/apache/kerby/kerby-xdr/1.0.1/kerby-xdr-1.0.1.jar:/home/user/.m2/repository/org/slf4j/slf4j-log4j12/1.7.25/slf4j-log4j12-1.7.25.jar:/home/user/.m2/repository/org/apache/hadoop/hadoop-ozone-objectstore-service/0.5.0-SNAPSHOT/hadoop-ozone-objectstore-service-0.5.0-SNAPSHOT.jar:/home/user/.m2/repository/org/apache/hadoop/hadoop-ozone-s3gateway/0.5.0-SNAPSHOT/hadoop-ozone-s3gateway-0.5.0-SNAPSHOT.jar:/home/user/.m2/repository/org/jboss/weld/servlet/weld-servlet/2.4.7.Final/weld-servlet-2.4.7.Final.jar:/home/user/.m2/repository/org/glassfish/jersey/containers/jersey-container-servlet-core/2.27/jersey-container-servlet-core-2.27.jar:/home/user/.m2/repository/org/glassfish/hk2/external/javax.inject/2.5.0-b42/javax.inject-2.5.0-b42.jar:/home/user/.m2/repository/org/glassfish/jersey/core/jersey-common/2.27/jersey-common-2.27.jar:/home/user/.m2/repository/org/glassfish/hk2/osgi-resource-locator/1.0.1/osgi-resource-locator-1.0.1.jar:/home/user/.m2/repository/javax/ws/rs/javax.ws.rs-api/2.1/javax.ws.rs-api-2.1.jar:/home/user/.m2/repository/org/glassfish/jersey/ext/cdi/jersey-cdi1x/2.27/jersey-cdi1x-2.27.jar:/home/user/.m2/repository/org/glassfish/jersey/inject/jersey-hk2/2.27/jersey-hk2-2.27.jar:/home/user/.m2/repository/org/glassfish/hk2/hk2-locator/2.5.0-b42/hk2-locator-2.5.0-b42.jar:/home/user/.m2/repository/org/javassist/javassist/3.22.0-CR2/javassist-3.22.0-CR2.jar:/home/user/.m2/repository/org/glassfish/hk2/hk2-api/2.5.0/hk2-api-2.5.0.jar:/home/user/.m2/repository/org/glassfish/hk2/external/jakarta.inject/2.5.0/jakarta.inject-2.5.0.jar:/home/user/.m2/repository/org/glassfish/hk2/hk2-utils/2.5.0/hk2-utils-2.5.0.jar:/home/user/.m2/repository/jakarta/annotation/jakarta.annotation-api/1.3.4/jakarta.annotation-api-1.3.4.jar:/home/user/.m2/repository/org/glassfish/hk2/external/aopalliance-repackaged/2.5.0/aopalliance-repackaged-2.5.0.jar:/home/user/.m2/repository/com/fasterxml/jackson/dataformat/jackson-dataformat-xml/2.9.0/jackson-dataformat-xml-2.9.0.jar:/home/user/.m2/repository/com/fasterxml/jackson/core/jackson-core/2.9.5/jackson-core-2.9.5.jar:/home/user/.m2/repository/com/fasterxml/jackson/module/jackson-module-jaxb-annotations/2.9.5/jackson-module-jaxb-annotations-2.9.5.jar:/home/user/.m2/repository/javax/enterprise/cdi-api/1.2/cdi-api-1.2.jar:/home/user/.m2/repository/javax/el/javax.el-api/3.0.0/javax.el-api-3.0.0.jar:/home/user/.m2/repository/javax/interceptor/javax.interceptor-api/1.2/javax.interceptor-api-1.2.jar:/home/user/.m2/repository/javax/inject/javax.inject/1/javax.inject-1.jar:/home/user/.m2/repository/com/sun/xml/bind/jaxb-impl/2.3.0.1/jaxb-impl-2.3.0.1.jar:/home/user/.m2/repository/com/sun/xml/bind/jaxb-core/2.3.0.1/jaxb-core-2.3.0.1.jar:/home/user/.m2/repository/javax/xml/bind/jaxb-api/2.3.0/jaxb-api-2.3.0.jar:/home/user/.m2/repository/javax/activation/activation/1.1.1/activation-1.1.1.jar:/home/user/.m2/repository/org/apache/hadoop/hadoop-ozone-csi/0.5.0-SNAPSHOT/hadoop-ozone-csi-0.5.0-SNAPSHOT.jar:/home/user/.m2/repository/com/google/protobuf/protobuf-java-util/3.5.1/protobuf-java-util-3.5.1.jar:/home/user/.m2/repository/org/apache/hadoop/hadoop-hdds-config/0.5.0-SNAPSHOT/hadoop-hdds-config-0.5.0-SNAPSHOT.jar:/home/user/.m2/repository/io/grpc/grpc-netty/1.17.1/grpc-netty-1.17.1.jar:/home/user/.m2/repository/io/grpc/grpc-core/1.17.1/grpc-core-1.17.1.jar:/home/user/.m2/repository/io/grpc/grpc-context/1.17.1/grpc-context-1.17.1.jar:/home/user/.m2/repository/com/google/errorprone/error_prone_annotations/2.2.0/error_prone_annotations-2.2.0.jar:/home/user/.m2/repository/org/codehaus/mojo/animal-sniffer-annotations/1.17/animal-sniffer-annotations-1.17.jar:/home/user/.m2/repository/io/opencensus/opencensus-api/0.17.0/opencensus-api-0.17.0.jar:/home/user/.m2/repository/io/opencensus/opencensus-contrib-grpc-metrics/0.17.0/opencensus-contrib-grpc-metrics-0.17.0.jar:/home/user/.m2/repository/io/netty/netty-codec-http2/4.1.30.Final/netty-codec-http2-4.1.30.Final.jar:/home/user/.m2/repository/io/netty/netty-codec-http/4.1.30.Final/netty-codec-http-4.1.30.Final.jar:/home/user/.m2/repository/io/netty/netty-codec/4.1.30.Final/netty-codec-4.1.30.Final.jar:/home/user/.m2/repository/io/netty/netty-handler/4.1.30.Final/netty-handler-4.1.30.Final.jar:/home/user/.m2/repository/io/netty/netty-handler-proxy/4.1.30.Final/netty-handler-proxy-4.1.30.Final.jar:/home/user/.m2/repository/io/netty/netty-codec-socks/4.1.30.Final/netty-codec-socks-4.1.30.Final.jar:/home/user/.m2/repository/io/netty/netty-transport-native-epoll/4.1.30.Final/netty-transport-native-epoll-4.1.30.Final.jar:/home/user/.m2/repository/io/netty/netty-common/4.1.30.Final/netty-common-4.1.30.Final.jar:/home/user/.m2/repository/io/netty/netty-buffer/4.1.30.Final/netty-buffer-4.1.30.Final.jar:/home/user/.m2/repository/io/netty/netty-transport/4.1.30.Final/netty-transport-4.1.30.Final.jar:/home/user/.m2/repository/io/netty/netty-resolver/4.1.30.Final/netty-resolver-4.1.30.Final.jar:/home/user/.m2/repository/io/netty/netty-transport-native-unix-common/4.1.30.Final/netty-transport-native-unix-common-4.1.30.Final.jar:/home/user/.m2/repository/io/grpc/grpc-protobuf/1.17.1/grpc-protobuf-1.17.1.jar:/home/user/.m2/repository/com/google/api/grpc/proto-google-common-protos/1.0.0/proto-google-common-protos-1.0.0.jar:/home/user/.m2/repository/io/grpc/grpc-protobuf-lite/1.17.1/grpc-protobuf-lite-1.17.1.jar:/home/user/.m2/repository/io/grpc/grpc-stub/1.17.1/grpc-stub-1.17.1.jar:/home/user/.m2/repository/org/apache/hadoop/hadoop-ozone-recon/0.5.0-SNAPSHOT/hadoop-ozone-recon-0.5.0-SNAPSHOT.jar:/home/user/.m2/repository/org/apache/hadoop/hadoop-ozone-reconcodegen/0.5.0-SNAPSHOT/hadoop-ozone-reconcodegen-0.5.0-SNAPSHOT.jar:/home/user/.m2/repository/com/google/inject/extensions/guice-multibindings/4.0/guice-multibindings-4.0.jar:/home/user/.m2/repository/com/google/inject/guice/4.0/guice-4.0.jar:/home/user/.m2/repository/aopalliance/aopalliance/1.0/aopalliance-1.0.jar:/home/user/.m2/repository/com/google/inject/extensions/guice-servlet/4.0/guice-servlet-4.0.jar:/home/user/.m2/repository/org/glassfish/jersey/containers/jersey-container-servlet/2.27/jersey-container-servlet-2.27.jar:/home/user/.m2/repository/org/glassfish/hk2/guice-bridge/2.5.0/guice-bridge-2.5.0.jar:/home/user/.m2/repository/org/glassfish/jersey/core/jersey-server/2.27/jersey-server-2.27.jar:/home/user/.m2/repository/org/glassfish/jersey/core/jersey-client/2.27/jersey-client-2.27.jar:/home/user/.m2/repository/org/glassfish/jersey/media/jersey-media-jaxb/2.27/jersey-media-jaxb-2.27.jar:/home/user/.m2/repository/javax/validation/validation-api/1.1.0.Final/validation-api-1.1.0.Final.jar:/home/user/.m2/repository/org/glassfish/jersey/media/jersey-media-json-jackson/2.27/jersey-media-json-jackson-2.27.jar:/home/user/.m2/repository/org/glassfish/jersey/ext/jersey-entity-filtering/2.27/jersey-entity-filtering-2.27.jar:/home/user/.m2/repository/com/google/inject/extensions/guice-assistedinject/4.0/guice-assistedinject-4.0.jar:/home/user/.m2/repository/org/jooq/jooq/3.11.10/jooq-3.11.10.jar:/home/user/.m2/repository/org/jooq/jooq-meta/3.11.10/jooq-meta-3.11.10.jar:/home/user/.m2/repository/org/jooq/jooq-codegen/3.11.10/jooq-codegen-3.11.10.jar:/home/user/.m2/repository/com/jolbox/bonecp/0.8.0.RELEASE/bonecp-0.8.0.RELEASE.jar:/home/user/.m2/repository/org/xerial/sqlite-jdbc/3.25.2/sqlite-jdbc-3.25.2.jar:/home/user/.m2/repository/org/springframework/spring-jdbc/5.1.3.RELEASE/spring-jdbc-5.1.3.RELEASE.jar:/home/user/.m2/repository/org/springframework/spring-beans/5.1.3.RELEASE/spring-beans-5.1.3.RELEASE.jar:/home/user/.m2/repository/org/springframework/spring-core/5.1.3.RELEASE/spring-core-5.1.3.RELEASE.jar:/home/user/.m2/repository/org/springframework/spring-jcl/5.1.3.RELEASE/spring-jcl-5.1.3.RELEASE.jar:/home/user/.m2/repository/org/springframework/spring-tx/5.1.3.RELEASE/spring-tx-5.1.3.RELEASE.jar:/home/user/.m2/repository/org/apache/hadoop/hadoop-ozone-client/0.5.0-SNAPSHOT/hadoop-ozone-client-0.5.0-SNAPSHOT.jar:/home/user/.m2/repository/commons-lang/commons-lang/2.6/commons-lang-2.6.jar:/home/user/.m2/repository/org/apache/hadoop/hadoop-ozone-ozone-manager/0.5.0-SNAPSHOT/hadoop-ozone-ozone-manager-0.5.0-SNAPSHOT-tests.jar:/home/user/.m2/repository/junit/junit/4.11/junit-4.11.jar:/home/user/.m2/repository/org/hamcrest/hamcrest-core/1.3/hamcrest-core-1.3.jar:/home/user/.m2/repository/org/openjdk/jmh/jmh-core/1.19/jmh-core-1.19.jar:/home/user/.m2/repository/net/sf/jopt-simple/jopt-simple/4.6/jopt-simple-4.6.jar:/home/user/.m2/repository/org/apache/commons/commons-math3/3.1.1/commons-math3-3.1.1.jar:/home/user/.m2/repository/org/openjdk/jmh/jmh-generator-annprocess/1.19/jmh-generator-annprocess-1.19.jar:/home/user/.m2/repository/org/mockito/mockito-all/1.8.5/mockito-all-1.8.5.jar:/home/user/.m2/repository/org/apache/hadoop/hadoop-kms/3.2.0/hadoop-kms-3.2.0.jar:/home/user/.m2/repository/org/apache/hadoop/hadoop-auth/3.2.0/hadoop-auth-3.2.0.jar:/home/user/.m2/repository/com/nimbusds/nimbus-jose-jwt/4.41.1/nimbus-jose-jwt-4.41.1.jar:/home/user/.m2/repository/com/github/stephenc/jcip/jcip-annotations/1.0-1/jcip-annotations-1.0-1.jar:/home/user/.m2/repository/net/minidev/json-smart/2.3/json-smart-2.3.jar:/home/user/.m2/repository/net/minidev/accessors-smart/1.2/accessors-smart-1.2.jar:/home/user/.m2/repository/org/ow2/asm/asm/5.0.4/asm-5.0.4.jar:/home/user/.m2/repository/org/apache/curator/curator-framework/2.12.0/curator-framework-2.12.0.jar:/home/user/.m2/repository/com/sun/jersey/jersey-core/1.19/jersey-core-1.19.jar:/home/user/.m2/repository/javax/ws/rs/jsr311-api/1.1.1/jsr311-api-1.1.1.jar:/home/user/.m2/repository/com/sun/jersey/jersey-server/1.19/jersey-server-1.19.jar:/home/user/.m2/repository/javax/servlet/javax.servlet-api/3.1.0/javax.servlet-api-3.1.0.jar:/home/user/.m2/repository/org/eclipse/jetty/jetty-server/9.3.24.v20180605/jetty-server-9.3.24.v20180605.jar:/home/user/.m2/repository/org/eclipse/jetty/jetty-http/9.3.24.v20180605/jetty-http-9.3.24.v20180605.jar:/home/user/.m2/repository/org/eclipse/jetty/jetty-io/9.3.24.v20180605/jetty-io-9.3.24.v20180605.jar:/home/user/.m2/repository/org/eclipse/jetty/jetty-webapp/9.3.24.v20180605/jetty-webapp-9.3.24.v20180605.jar:/home/user/.m2/repository/org/eclipse/jetty/jetty-xml/9.3.24.v20180605/jetty-xml-9.3.24.v20180605.jar:/home/user/.m2/repository/log4j/log4j/1.2.17/log4j-1.2.17.jar:/home/user/.m2/repository/org/slf4j/slf4j-api/1.7.25/slf4j-api-1.7.25.jar:/home/user/.m2/repository/org/slf4j/jul-to-slf4j/1.7.25/jul-to-slf4j-1.7.25.jar:/home/user/.m2/repository/org/eclipse/jetty/jetty-util/9.3.24.v20180605/jetty-util-9.3.24.v20180605.jar:/home/user/.m2/repository/com/fasterxml/jackson/core/jackson-databind/2.9.5/jackson-databind-2.9.5.jar:/home/user/.m2/repository/org/apache/hadoop/hadoop-kms/3.2.0/hadoop-kms-3.2.0-tests.jar:/home/user/.m2/repository/org/apache/hadoop/hadoop-hdds-server-scm/0.5.0-SNAPSHOT/hadoop-hdds-server-scm-0.5.0-SNAPSHOT-tests.jar:/home/user/.m2/repository/org/apache/hadoop/hadoop-hdds-container-service/0.5.0-SNAPSHOT/hadoop-hdds-container-service-0.5.0-SNAPSHOT-tests.jar:/home/user/.m2/repository/org/yaml/snakeyaml/1.16/snakeyaml-1.16.jar:/home/user/.m2/repository/org/apache/hadoop/hadoop-common/3.2.0/hadoop-common-3.2.0-tests.jar:/home/user/.m2/repository/org/apache/hadoop/hadoop-annotations/3.2.0/hadoop-annotations-3.2.0.jar:/usr/lib/jvm/java-1.8-openjdk/jre/../lib/tools.jar:/home/user/.m2/repository/commons-cli/commons-cli/1.2/commons-cli-1.2.jar:/home/user/.m2/repository/org/apache/httpcomponents/httpclient/4.5.2/httpclient-4.5.2.jar:/home/user/.m2/repository/org/apache/httpcomponents/httpcore/4.4.4/httpcore-4.4.4.jar:/home/user/.m2/repository/commons-codec/commons-codec/1.11/commons-codec-1.11.jar:/home/user/.m2/repository/commons-net/commons-net/3.6/commons-net-3.6.jar:/home/user/.m2/repository/commons-collections/commons-collections/3.2.2/commons-collections-3.2.2.jar:/home/user/.m2/repository/org/eclipse/jetty/jetty-servlet/9.3.24.v20180605/jetty-servlet-9.3.24.v20180605.jar:/home/user/.m2/repository/org/eclipse/jetty/jetty-security/9.3.24.v20180605/jetty-security-9.3.24.v20180605.jar:/home/user/.m2/repository/javax/servlet/jsp/jsp-api/2.1/jsp-api-2.1.jar:/home/user/.m2/repository/com/sun/jersey/jersey-servlet/1.19/jersey-servlet-1.19.jar:/home/user/.m2/repository/com/sun/jersey/jersey-json/1.19/jersey-json-1.19.jar:/home/user/.m2/repository/org/codehaus/jettison/jettison/1.1/jettison-1.1.jar:/home/user/.m2/repository/org/codehaus/jackson/jackson-core-asl/1.9.13/jackson-core-asl-1.9.13.jar:/home/user/.m2/repository/org/codehaus/jackson/jackson-mapper-asl/1.9.13/jackson-mapper-asl-1.9.13.jar:/home/user/.m2/repository/org/codehaus/jackson/jackson-jaxrs/1.9.13/jackson-jaxrs-1.9.13.jar:/home/user/.m2/repository/org/codehaus/jackson/jackson-xc/1.9.13/jackson-xc-1.9.13.jar:/home/user/.m2/repository/commons-logging/commons-logging/1.1.3/commons-logging-1.1.3.jar:/home/user/.m2/repository/commons-beanutils/commons-beanutils/1.9.3/commons-beanutils-1.9.3.jar:/home/user/.m2/repository/org/apache/commons/commons-configuration2/2.1.1/commons-configuration2-2.1.1.jar:/home/user/.m2/repository/org/apache/commons/commons-lang3/3.7/commons-lang3-3.7.jar:/home/user/.m2/repository/org/apache/commons/commons-text/1.4/commons-text-1.4.jar:/home/user/.m2/repository/org/apache/avro/avro/1.7.7/avro-1.7.7.jar:/home/user/.m2/repository/com/thoughtworks/paranamer/paranamer/2.3/paranamer-2.3.jar:/home/user/.m2/repository/org/xerial/snappy/snappy-java/1.0.5/snappy-java-1.0.5.jar:/home/user/.m2/repository/com/google/re2j/re2j/1.1/re2j-1.1.jar:/home/user/.m2/repository/com/google/code/gson/gson/2.2.4/gson-2.2.4.jar:/home/user/.m2/repository/com/jcraft/jsch/0.1.54/jsch-0.1.54.jar:/home/user/.m2/repository/org/apache/curator/curator-client/2.12.0/curator-client-2.12.0.jar:/home/user/.m2/repository/org/apache/curator/curator-recipes/2.12.0/curator-recipes-2.12.0.jar:/home/user/.m2/repository/com/google/code/findbugs/jsr305/3.0.0/jsr305-3.0.0.jar:/home/user/.m2/repository/org/apache/htrace/htrace-core4/4.1.0-incubating/htrace-core4-4.1.0-incubating.jar:/home/user/.m2/repository/org/apache/zookeeper/zookeeper/3.4.13/zookeeper-3.4.13.jar:/home/user/.m2/repository/org/apache/yetus/audience-annotations/0.5.0/audience-annotations-0.5.0.jar:/home/user/.m2/repository/org/codehaus/woodstox/stax2-api/3.1.4/stax2-api-3.1.4.jar:/home/user/.m2/repository/com/fasterxml/woodstox/woodstox-core/5.0.3/woodstox-core-5.0.3.jar:/home/user/.m2/repository/dnsjava/dnsjava/2.1.7/dnsjava-2.1.7.jar:/home/user/.m2/repository/org/apache/hadoop/hadoop-hdfs/3.2.0/hadoop-hdfs-3.2.0-tests.jar:/home/user/.m2/repository/org/eclipse/jetty/jetty-util-ajax/9.3.24.v20180605/jetty-util-ajax-9.3.24.v20180605.jar:/home/user/.m2/repository/commons-daemon/commons-daemon/1.0.13/commons-daemon-1.0.13.jar:/home/user/.m2/repository/io/netty/netty/3.10.5.Final/netty-3.10.5.Final.jar:/home/user/.m2/repository/io/netty/netty-all/4.0.52.Final/netty-all-4.0.52.Final.jar:/home/user/.m2/repository/org/fusesource/leveldbjni/leveldbjni-all/1.8/leveldbjni-all-1.8.jar:"/>
    <property name="java.vm.vendor" value="IcedTea"/>
    <property name="sun.arch.data.model" value="64"/>
    <property name="test.build.dir" value="/workdir/hadoop-ozone/integration-test/target/test-dir"/>
    <property name="test.cache.data" value=""/>
    <property name="java.vendor.url" value="https://icedtea.classpath.org"/>
    <property name="user.timezone" value=""/>
    <property name="java.vm.specification.version" value="1.8"/>
    <property name="os.name" value="Linux"/>
    <property name="test.build.data" value="/workdir/hadoop-ozone/integration-test/target/test-dir"/>
    <property name="user.country" value="US"/>
    <property name="sun.java.launcher" value="SUN_STANDARD"/>
    <property name="sun.boot.library.path" value="/usr/lib/jvm/java-1.8-openjdk/jre/lib/amd64"/>
    <property name="sun.java.command" value="/workdir/hadoop-ozone/integration-test/target/surefire/surefirebooter6966709656726688145.jar /workdir/hadoop-ozone/integration-test/target/surefire 2019-07-14T08-10-17_023-jvmRun1 surefire7101865687297520103tmp surefire_393907107682888254093tmp"/>
    <property name="surefire.test.class.path" value="/workdir/hadoop-ozone/integration-test/target/test-classes:/workdir/hadoop-ozone/integration-test/target/classes:/home/user/.m2/repository/org/apache/hadoop/hadoop-ozone-common/0.5.0-SNAPSHOT/hadoop-ozone-common-0.5.0-SNAPSHOT.jar:/home/user/.m2/repository/org/apache/commons/commons-compress/1.4.1/commons-compress-1.4.1.jar:/home/user/.m2/repository/org/tukaani/xz/1.0/xz-1.0.jar:/home/user/.m2/repository/org/apache/hadoop/hadoop-common/3.2.0/hadoop-common-3.2.0.jar:/home/user/.m2/repository/org/apache/hadoop/hadoop-hdfs/3.2.0/hadoop-hdfs-3.2.0.jar:/home/user/.m2/repository/org/apache/hadoop/hadoop-hdfs-client/3.2.0/hadoop-hdfs-client-3.2.0.jar:/home/user/.m2/repository/com/fasterxml/jackson/core/jackson-annotations/2.9.5/jackson-annotations-2.9.5.jar:/home/user/.m2/repository/org/apache/hadoop/hadoop-hdds-common/0.5.0-SNAPSHOT/hadoop-hdds-common-0.5.0-SNAPSHOT.jar:/home/user/.m2/repository/javax/annotation/javax.annotation-api/1.2/javax.annotation-api-1.2.jar:/home/user/.m2/repository/org/apache/ratis/ratis-server/0.4.0-2337318-SNAPSHOT/ratis-server-0.4.0-2337318-SNAPSHOT.jar:/home/user/.m2/repository/org/apache/ratis/ratis-thirdparty-misc/0.2.0/ratis-thirdparty-misc-0.2.0.jar:/home/user/.m2/repository/org/apache/ratis/ratis-proto/0.4.0-2337318-SNAPSHOT/ratis-proto-0.4.0-2337318-SNAPSHOT.jar:/home/user/.m2/repository/org/apache/ratis/ratis-common/0.4.0-2337318-SNAPSHOT/ratis-common-0.4.0-2337318-SNAPSHOT.jar:/home/user/.m2/repository/org/apache/ratis/ratis-client/0.4.0-2337318-SNAPSHOT/ratis-client-0.4.0-2337318-SNAPSHOT.jar:/home/user/.m2/repository/org/apache/ratis/ratis-metrics/0.4.0-2337318-SNAPSHOT/ratis-metrics-0.4.0-2337318-SNAPSHOT.jar:/home/user/.m2/repository/org/apache/ratis/ratis-netty/0.4.0-2337318-SNAPSHOT/ratis-netty-0.4.0-2337318-SNAPSHOT.jar:/home/user/.m2/repository/org/apache/ratis/ratis-grpc/0.4.0-2337318-SNAPSHOT/ratis-grpc-0.4.0-2337318-SNAPSHOT.jar:/home/user/.m2/repository/org/rocksdb/rocksdbjni/6.0.1/rocksdbjni-6.0.1.jar:/home/user/.m2/repository/org/apache/logging/log4j/log4j-api/2.11.0/log4j-api-2.11.0.jar:/home/user/.m2/repository/org/apache/logging/log4j/log4j-core/2.11.0/log4j-core-2.11.0.jar:/home/user/.m2/repository/com/lmax/disruptor/3.4.2/disruptor-3.4.2.jar:/home/user/.m2/repository/org/apache/commons/commons-pool2/2.6.0/commons-pool2-2.6.0.jar:/home/user/.m2/repository/org/bouncycastle/bcpkix-jdk15on/1.60/bcpkix-jdk15on-1.60.jar:/home/user/.m2/repository/commons-validator/commons-validator/1.6/commons-validator-1.6.jar:/home/user/.m2/repository/commons-digester/commons-digester/1.8.1/commons-digester-1.8.1.jar:/home/user/.m2/repository/io/jaegertracing/jaeger-client/0.33.1/jaeger-client-0.33.1.jar:/home/user/.m2/repository/io/jaegertracing/jaeger-thrift/0.33.1/jaeger-thrift-0.33.1.jar:/home/user/.m2/repository/org/apache/thrift/libthrift/0.11.0/libthrift-0.11.0.jar:/home/user/.m2/repository/com/squareup/okhttp3/okhttp/3.9.0/okhttp-3.9.0.jar:/home/user/.m2/repository/com/squareup/okio/okio/1.13.0/okio-1.13.0.jar:/home/user/.m2/repository/io/jaegertracing/jaeger-core/0.33.1/jaeger-core-0.33.1.jar:/home/user/.m2/repository/io/jaegertracing/jaeger-tracerresolver/0.33.1/jaeger-tracerresolver-0.33.1.jar:/home/user/.m2/repository/io/opentracing/contrib/opentracing-tracerresolver/0.1.5/opentracing-tracerresolver-0.1.5.jar:/home/user/.m2/repository/io/opentracing/opentracing-util/0.31.0/opentracing-util-0.31.0.jar:/home/user/.m2/repository/io/opentracing/opentracing-api/0.31.0/opentracing-api-0.31.0.jar:/home/user/.m2/repository/io/opentracing/opentracing-noop/0.31.0/opentracing-noop-0.31.0.jar:/home/user/.m2/repository/org/apache/hadoop/hadoop-hdds-server-framework/0.5.0-SNAPSHOT/hadoop-hdds-server-framework-0.5.0-SNAPSHOT.jar:/home/user/.m2/repository/org/apache/hadoop/hadoop-hdds-container-service/0.5.0-SNAPSHOT/hadoop-hdds-container-service-0.5.0-SNAPSHOT.jar:/home/user/.m2/repository/org/apache/hadoop/hadoop-hdds-client/0.5.0-SNAPSHOT/hadoop-hdds-client-0.5.0-SNAPSHOT.jar:/home/user/.m2/repository/org/apache/hadoop/hadoop-hdds-tools/0.5.0-SNAPSHOT/hadoop-hdds-tools-0.5.0-SNAPSHOT.jar:/home/user/.m2/repository/org/apache/hadoop/hadoop-hdds-server-scm/0.5.0-SNAPSHOT/hadoop-hdds-server-scm-0.5.0-SNAPSHOT.jar:/home/user/.m2/repository/org/apache/hadoop/hadoop-hdds-docs/0.5.0-SNAPSHOT/hadoop-hdds-docs-0.5.0-SNAPSHOT.jar:/home/user/.m2/repository/io/dropwizard/metrics/metrics-core/3.2.4/metrics-core-3.2.4.jar:/home/user/.m2/repository/org/hamcrest/hamcrest-all/1.3/hamcrest-all-1.3.jar:/home/user/.m2/repository/org/bouncycastle/bcprov-jdk15on/1.60/bcprov-jdk15on-1.60.jar:/home/user/.m2/repository/info/picocli/picocli/3.9.6/picocli-3.9.6.jar:/home/user/.m2/repository/com/google/protobuf/protobuf-java/2.5.0/protobuf-java-2.5.0.jar:/home/user/.m2/repository/com/google/guava/guava/11.0.2/guava-11.0.2.jar:/home/user/.m2/repository/org/apache/hadoop/hadoop-ozone-ozone-manager/0.5.0-SNAPSHOT/hadoop-ozone-ozone-manager-0.5.0-SNAPSHOT.jar:/home/user/.m2/repository/org/apache/hadoop/hadoop-minikdc/3.2.0/hadoop-minikdc-3.2.0.jar:/home/user/.m2/repository/commons-io/commons-io/2.5/commons-io-2.5.jar:/home/user/.m2/repository/org/apache/kerby/kerb-simplekdc/1.0.1/kerb-simplekdc-1.0.1.jar:/home/user/.m2/repository/org/apache/kerby/kerb-client/1.0.1/kerb-client-1.0.1.jar:/home/user/.m2/repository/org/apache/kerby/kerby-config/1.0.1/kerby-config-1.0.1.jar:/home/user/.m2/repository/org/apache/kerby/kerb-core/1.0.1/kerb-core-1.0.1.jar:/home/user/.m2/repository/org/apache/kerby/kerby-pkix/1.0.1/kerby-pkix-1.0.1.jar:/home/user/.m2/repository/org/apache/kerby/kerby-asn1/1.0.1/kerby-asn1-1.0.1.jar:/home/user/.m2/repository/org/apache/kerby/kerby-util/1.0.1/kerby-util-1.0.1.jar:/home/user/.m2/repository/org/apache/kerby/kerb-common/1.0.1/kerb-common-1.0.1.jar:/home/user/.m2/repository/org/apache/kerby/kerb-crypto/1.0.1/kerb-crypto-1.0.1.jar:/home/user/.m2/repository/org/apache/kerby/kerb-util/1.0.1/kerb-util-1.0.1.jar:/home/user/.m2/repository/org/apache/kerby/token-provider/1.0.1/token-provider-1.0.1.jar:/home/user/.m2/repository/org/apache/kerby/kerb-admin/1.0.1/kerb-admin-1.0.1.jar:/home/user/.m2/repository/org/apache/kerby/kerb-server/1.0.1/kerb-server-1.0.1.jar:/home/user/.m2/repository/org/apache/kerby/kerb-identity/1.0.1/kerb-identity-1.0.1.jar:/home/user/.m2/repository/org/apache/kerby/kerby-xdr/1.0.1/kerby-xdr-1.0.1.jar:/home/user/.m2/repository/org/slf4j/slf4j-log4j12/1.7.25/slf4j-log4j12-1.7.25.jar:/home/user/.m2/repository/org/apache/hadoop/hadoop-ozone-objectstore-service/0.5.0-SNAPSHOT/hadoop-ozone-objectstore-service-0.5.0-SNAPSHOT.jar:/home/user/.m2/repository/org/apache/hadoop/hadoop-ozone-s3gateway/0.5.0-SNAPSHOT/hadoop-ozone-s3gateway-0.5.0-SNAPSHOT.jar:/home/user/.m2/repository/org/jboss/weld/servlet/weld-servlet/2.4.7.Final/weld-servlet-2.4.7.Final.jar:/home/user/.m2/repository/org/glassfish/jersey/containers/jersey-container-servlet-core/2.27/jersey-container-servlet-core-2.27.jar:/home/user/.m2/repository/org/glassfish/hk2/external/javax.inject/2.5.0-b42/javax.inject-2.5.0-b42.jar:/home/user/.m2/repository/org/glassfish/jersey/core/jersey-common/2.27/jersey-common-2.27.jar:/home/user/.m2/repository/org/glassfish/hk2/osgi-resource-locator/1.0.1/osgi-resource-locator-1.0.1.jar:/home/user/.m2/repository/javax/ws/rs/javax.ws.rs-api/2.1/javax.ws.rs-api-2.1.jar:/home/user/.m2/repository/org/glassfish/jersey/ext/cdi/jersey-cdi1x/2.27/jersey-cdi1x-2.27.jar:/home/user/.m2/repository/org/glassfish/jersey/inject/jersey-hk2/2.27/jersey-hk2-2.27.jar:/home/user/.m2/repository/org/glassfish/hk2/hk2-locator/2.5.0-b42/hk2-locator-2.5.0-b42.jar:/home/user/.m2/repository/org/javassist/javassist/3.22.0-CR2/javassist-3.22.0-CR2.jar:/home/user/.m2/repository/org/glassfish/hk2/hk2-api/2.5.0/hk2-api-2.5.0.jar:/home/user/.m2/repository/org/glassfish/hk2/external/jakarta.inject/2.5.0/jakarta.inject-2.5.0.jar:/home/user/.m2/repository/org/glassfish/hk2/hk2-utils/2.5.0/hk2-utils-2.5.0.jar:/home/user/.m2/repository/jakarta/annotation/jakarta.annotation-api/1.3.4/jakarta.annotation-api-1.3.4.jar:/home/user/.m2/repository/org/glassfish/hk2/external/aopalliance-repackaged/2.5.0/aopalliance-repackaged-2.5.0.jar:/home/user/.m2/repository/com/fasterxml/jackson/dataformat/jackson-dataformat-xml/2.9.0/jackson-dataformat-xml-2.9.0.jar:/home/user/.m2/repository/com/fasterxml/jackson/core/jackson-core/2.9.5/jackson-core-2.9.5.jar:/home/user/.m2/repository/com/fasterxml/jackson/module/jackson-module-jaxb-annotations/2.9.5/jackson-module-jaxb-annotations-2.9.5.jar:/home/user/.m2/repository/javax/enterprise/cdi-api/1.2/cdi-api-1.2.jar:/home/user/.m2/repository/javax/el/javax.el-api/3.0.0/javax.el-api-3.0.0.jar:/home/user/.m2/repository/javax/interceptor/javax.interceptor-api/1.2/javax.interceptor-api-1.2.jar:/home/user/.m2/repository/javax/inject/javax.inject/1/javax.inject-1.jar:/home/user/.m2/repository/com/sun/xml/bind/jaxb-impl/2.3.0.1/jaxb-impl-2.3.0.1.jar:/home/user/.m2/repository/com/sun/xml/bind/jaxb-core/2.3.0.1/jaxb-core-2.3.0.1.jar:/home/user/.m2/repository/javax/xml/bind/jaxb-api/2.3.0/jaxb-api-2.3.0.jar:/home/user/.m2/repository/javax/activation/activation/1.1.1/activation-1.1.1.jar:/home/user/.m2/repository/org/apache/hadoop/hadoop-ozone-csi/0.5.0-SNAPSHOT/hadoop-ozone-csi-0.5.0-SNAPSHOT.jar:/home/user/.m2/repository/com/google/protobuf/protobuf-java-util/3.5.1/protobuf-java-util-3.5.1.jar:/home/user/.m2/repository/org/apache/hadoop/hadoop-hdds-config/0.5.0-SNAPSHOT/hadoop-hdds-config-0.5.0-SNAPSHOT.jar:/home/user/.m2/repository/io/grpc/grpc-netty/1.17.1/grpc-netty-1.17.1.jar:/home/user/.m2/repository/io/grpc/grpc-core/1.17.1/grpc-core-1.17.1.jar:/home/user/.m2/repository/io/grpc/grpc-context/1.17.1/grpc-context-1.17.1.jar:/home/user/.m2/repository/com/google/errorprone/error_prone_annotations/2.2.0/error_prone_annotations-2.2.0.jar:/home/user/.m2/repository/org/codehaus/mojo/animal-sniffer-annotations/1.17/animal-sniffer-annotations-1.17.jar:/home/user/.m2/repository/io/opencensus/opencensus-api/0.17.0/opencensus-api-0.17.0.jar:/home/user/.m2/repository/io/opencensus/opencensus-contrib-grpc-metrics/0.17.0/opencensus-contrib-grpc-metrics-0.17.0.jar:/home/user/.m2/repository/io/netty/netty-codec-http2/4.1.30.Final/netty-codec-http2-4.1.30.Final.jar:/home/user/.m2/repository/io/netty/netty-codec-http/4.1.30.Final/netty-codec-http-4.1.30.Final.jar:/home/user/.m2/repository/io/netty/netty-codec/4.1.30.Final/netty-codec-4.1.30.Final.jar:/home/user/.m2/repository/io/netty/netty-handler/4.1.30.Final/netty-handler-4.1.30.Final.jar:/home/user/.m2/repository/io/netty/netty-handler-proxy/4.1.30.Final/netty-handler-proxy-4.1.30.Final.jar:/home/user/.m2/repository/io/netty/netty-codec-socks/4.1.30.Final/netty-codec-socks-4.1.30.Final.jar:/home/user/.m2/repository/io/netty/netty-transport-native-epoll/4.1.30.Final/netty-transport-native-epoll-4.1.30.Final.jar:/home/user/.m2/repository/io/netty/netty-common/4.1.30.Final/netty-common-4.1.30.Final.jar:/home/user/.m2/repository/io/netty/netty-buffer/4.1.30.Final/netty-buffer-4.1.30.Final.jar:/home/user/.m2/repository/io/netty/netty-transport/4.1.30.Final/netty-transport-4.1.30.Final.jar:/home/user/.m2/repository/io/netty/netty-resolver/4.1.30.Final/netty-resolver-4.1.30.Final.jar:/home/user/.m2/repository/io/netty/netty-transport-native-unix-common/4.1.30.Final/netty-transport-native-unix-common-4.1.30.Final.jar:/home/user/.m2/repository/io/grpc/grpc-protobuf/1.17.1/grpc-protobuf-1.17.1.jar:/home/user/.m2/repository/com/google/api/grpc/proto-google-common-protos/1.0.0/proto-google-common-protos-1.0.0.jar:/home/user/.m2/repository/io/grpc/grpc-protobuf-lite/1.17.1/grpc-protobuf-lite-1.17.1.jar:/home/user/.m2/repository/io/grpc/grpc-stub/1.17.1/grpc-stub-1.17.1.jar:/home/user/.m2/repository/org/apache/hadoop/hadoop-ozone-recon/0.5.0-SNAPSHOT/hadoop-ozone-recon-0.5.0-SNAPSHOT.jar:/home/user/.m2/repository/org/apache/hadoop/hadoop-ozone-reconcodegen/0.5.0-SNAPSHOT/hadoop-ozone-reconcodegen-0.5.0-SNAPSHOT.jar:/home/user/.m2/repository/com/google/inject/extensions/guice-multibindings/4.0/guice-multibindings-4.0.jar:/home/user/.m2/repository/com/google/inject/guice/4.0/guice-4.0.jar:/home/user/.m2/repository/aopalliance/aopalliance/1.0/aopalliance-1.0.jar:/home/user/.m2/repository/com/google/inject/extensions/guice-servlet/4.0/guice-servlet-4.0.jar:/home/user/.m2/repository/org/glassfish/jersey/containers/jersey-container-servlet/2.27/jersey-container-servlet-2.27.jar:/home/user/.m2/repository/org/glassfish/hk2/guice-bridge/2.5.0/guice-bridge-2.5.0.jar:/home/user/.m2/repository/org/glassfish/jersey/core/jersey-server/2.27/jersey-server-2.27.jar:/home/user/.m2/repository/org/glassfish/jersey/core/jersey-client/2.27/jersey-client-2.27.jar:/home/user/.m2/repository/org/glassfish/jersey/media/jersey-media-jaxb/2.27/jersey-media-jaxb-2.27.jar:/home/user/.m2/repository/javax/validation/validation-api/1.1.0.Final/validation-api-1.1.0.Final.jar:/home/user/.m2/repository/org/glassfish/jersey/media/jersey-media-json-jackson/2.27/jersey-media-json-jackson-2.27.jar:/home/user/.m2/repository/org/glassfish/jersey/ext/jersey-entity-filtering/2.27/jersey-entity-filtering-2.27.jar:/home/user/.m2/repository/com/google/inject/extensions/guice-assistedinject/4.0/guice-assistedinject-4.0.jar:/home/user/.m2/repository/org/jooq/jooq/3.11.10/jooq-3.11.10.jar:/home/user/.m2/repository/org/jooq/jooq-meta/3.11.10/jooq-meta-3.11.10.jar:/home/user/.m2/repository/org/jooq/jooq-codegen/3.11.10/jooq-codegen-3.11.10.jar:/home/user/.m2/repository/com/jolbox/bonecp/0.8.0.RELEASE/bonecp-0.8.0.RELEASE.jar:/home/user/.m2/repository/org/xerial/sqlite-jdbc/3.25.2/sqlite-jdbc-3.25.2.jar:/home/user/.m2/repository/org/springframework/spring-jdbc/5.1.3.RELEASE/spring-jdbc-5.1.3.RELEASE.jar:/home/user/.m2/repository/org/springframework/spring-beans/5.1.3.RELEASE/spring-beans-5.1.3.RELEASE.jar:/home/user/.m2/repository/org/springframework/spring-core/5.1.3.RELEASE/spring-core-5.1.3.RELEASE.jar:/home/user/.m2/repository/org/springframework/spring-jcl/5.1.3.RELEASE/spring-jcl-5.1.3.RELEASE.jar:/home/user/.m2/repository/org/springframework/spring-tx/5.1.3.RELEASE/spring-tx-5.1.3.RELEASE.jar:/home/user/.m2/repository/org/apache/hadoop/hadoop-ozone-client/0.5.0-SNAPSHOT/hadoop-ozone-client-0.5.0-SNAPSHOT.jar:/home/user/.m2/repository/commons-lang/commons-lang/2.6/commons-lang-2.6.jar:/home/user/.m2/repository/org/apache/hadoop/hadoop-ozone-ozone-manager/0.5.0-SNAPSHOT/hadoop-ozone-ozone-manager-0.5.0-SNAPSHOT-tests.jar:/home/user/.m2/repository/junit/junit/4.11/junit-4.11.jar:/home/user/.m2/repository/org/hamcrest/hamcrest-core/1.3/hamcrest-core-1.3.jar:/home/user/.m2/repository/org/openjdk/jmh/jmh-core/1.19/jmh-core-1.19.jar:/home/user/.m2/repository/net/sf/jopt-simple/jopt-simple/4.6/jopt-simple-4.6.jar:/home/user/.m2/repository/org/apache/commons/commons-math3/3.1.1/commons-math3-3.1.1.jar:/home/user/.m2/repository/org/openjdk/jmh/jmh-generator-annprocess/1.19/jmh-generator-annprocess-1.19.jar:/home/user/.m2/repository/org/mockito/mockito-all/1.8.5/mockito-all-1.8.5.jar:/home/user/.m2/repository/org/apache/hadoop/hadoop-kms/3.2.0/hadoop-kms-3.2.0.jar:/home/user/.m2/repository/org/apache/hadoop/hadoop-auth/3.2.0/hadoop-auth-3.2.0.jar:/home/user/.m2/repository/com/nimbusds/nimbus-jose-jwt/4.41.1/nimbus-jose-jwt-4.41.1.jar:/home/user/.m2/repository/com/github/stephenc/jcip/jcip-annotations/1.0-1/jcip-annotations-1.0-1.jar:/home/user/.m2/repository/net/minidev/json-smart/2.3/json-smart-2.3.jar:/home/user/.m2/repository/net/minidev/accessors-smart/1.2/accessors-smart-1.2.jar:/home/user/.m2/repository/org/ow2/asm/asm/5.0.4/asm-5.0.4.jar:/home/user/.m2/repository/org/apache/curator/curator-framework/2.12.0/curator-framework-2.12.0.jar:/home/user/.m2/repository/com/sun/jersey/jersey-core/1.19/jersey-core-1.19.jar:/home/user/.m2/repository/javax/ws/rs/jsr311-api/1.1.1/jsr311-api-1.1.1.jar:/home/user/.m2/repository/com/sun/jersey/jersey-server/1.19/jersey-server-1.19.jar:/home/user/.m2/repository/javax/servlet/javax.servlet-api/3.1.0/javax.servlet-api-3.1.0.jar:/home/user/.m2/repository/org/eclipse/jetty/jetty-server/9.3.24.v20180605/jetty-server-9.3.24.v20180605.jar:/home/user/.m2/repository/org/eclipse/jetty/jetty-http/9.3.24.v20180605/jetty-http-9.3.24.v20180605.jar:/home/user/.m2/repository/org/eclipse/jetty/jetty-io/9.3.24.v20180605/jetty-io-9.3.24.v20180605.jar:/home/user/.m2/repository/org/eclipse/jetty/jetty-webapp/9.3.24.v20180605/jetty-webapp-9.3.24.v20180605.jar:/home/user/.m2/repository/org/eclipse/jetty/jetty-xml/9.3.24.v20180605/jetty-xml-9.3.24.v20180605.jar:/home/user/.m2/repository/log4j/log4j/1.2.17/log4j-1.2.17.jar:/home/user/.m2/repository/org/slf4j/slf4j-api/1.7.25/slf4j-api-1.7.25.jar:/home/user/.m2/repository/org/slf4j/jul-to-slf4j/1.7.25/jul-to-slf4j-1.7.25.jar:/home/user/.m2/repository/org/eclipse/jetty/jetty-util/9.3.24.v20180605/jetty-util-9.3.24.v20180605.jar:/home/user/.m2/repository/com/fasterxml/jackson/core/jackson-databind/2.9.5/jackson-databind-2.9.5.jar:/home/user/.m2/repository/org/apache/hadoop/hadoop-kms/3.2.0/hadoop-kms-3.2.0-tests.jar:/home/user/.m2/repository/org/apache/hadoop/hadoop-hdds-server-scm/0.5.0-SNAPSHOT/hadoop-hdds-server-scm-0.5.0-SNAPSHOT-tests.jar:/home/user/.m2/repository/org/apache/hadoop/hadoop-hdds-container-service/0.5.0-SNAPSHOT/hadoop-hdds-container-service-0.5.0-SNAPSHOT-tests.jar:/home/user/.m2/repository/org/yaml/snakeyaml/1.16/snakeyaml-1.16.jar:/home/user/.m2/repository/org/apache/hadoop/hadoop-common/3.2.0/hadoop-common-3.2.0-tests.jar:/home/user/.m2/repository/org/apache/hadoop/hadoop-annotations/3.2.0/hadoop-annotations-3.2.0.jar:/usr/lib/jvm/java-1.8-openjdk/jre/../lib/tools.jar:/home/user/.m2/repository/commons-cli/commons-cli/1.2/commons-cli-1.2.jar:/home/user/.m2/repository/org/apache/httpcomponents/httpclient/4.5.2/httpclient-4.5.2.jar:/home/user/.m2/repository/org/apache/httpcomponents/httpcore/4.4.4/httpcore-4.4.4.jar:/home/user/.m2/repository/commons-codec/commons-codec/1.11/commons-codec-1.11.jar:/home/user/.m2/repository/commons-net/commons-net/3.6/commons-net-3.6.jar:/home/user/.m2/repository/commons-collections/commons-collections/3.2.2/commons-collections-3.2.2.jar:/home/user/.m2/repository/org/eclipse/jetty/jetty-servlet/9.3.24.v20180605/jetty-servlet-9.3.24.v20180605.jar:/home/user/.m2/repository/org/eclipse/jetty/jetty-security/9.3.24.v20180605/jetty-security-9.3.24.v20180605.jar:/home/user/.m2/repository/javax/servlet/jsp/jsp-api/2.1/jsp-api-2.1.jar:/home/user/.m2/repository/com/sun/jersey/jersey-servlet/1.19/jersey-servlet-1.19.jar:/home/user/.m2/repository/com/sun/jersey/jersey-json/1.19/jersey-json-1.19.jar:/home/user/.m2/repository/org/codehaus/jettison/jettison/1.1/jettison-1.1.jar:/home/user/.m2/repository/org/codehaus/jackson/jackson-core-asl/1.9.13/jackson-core-asl-1.9.13.jar:/home/user/.m2/repository/org/codehaus/jackson/jackson-mapper-asl/1.9.13/jackson-mapper-asl-1.9.13.jar:/home/user/.m2/repository/org/codehaus/jackson/jackson-jaxrs/1.9.13/jackson-jaxrs-1.9.13.jar:/home/user/.m2/repository/org/codehaus/jackson/jackson-xc/1.9.13/jackson-xc-1.9.13.jar:/home/user/.m2/repository/commons-logging/commons-logging/1.1.3/commons-logging-1.1.3.jar:/home/user/.m2/repository/commons-beanutils/commons-beanutils/1.9.3/commons-beanutils-1.9.3.jar:/home/user/.m2/repository/org/apache/commons/commons-configuration2/2.1.1/commons-configuration2-2.1.1.jar:/home/user/.m2/repository/org/apache/commons/commons-lang3/3.7/commons-lang3-3.7.jar:/home/user/.m2/repository/org/apache/commons/commons-text/1.4/commons-text-1.4.jar:/home/user/.m2/repository/org/apache/avro/avro/1.7.7/avro-1.7.7.jar:/home/user/.m2/repository/com/thoughtworks/paranamer/paranamer/2.3/paranamer-2.3.jar:/home/user/.m2/repository/org/xerial/snappy/snappy-java/1.0.5/snappy-java-1.0.5.jar:/home/user/.m2/repository/com/google/re2j/re2j/1.1/re2j-1.1.jar:/home/user/.m2/repository/com/google/code/gson/gson/2.2.4/gson-2.2.4.jar:/home/user/.m2/repository/com/jcraft/jsch/0.1.54/jsch-0.1.54.jar:/home/user/.m2/repository/org/apache/curator/curator-client/2.12.0/curator-client-2.12.0.jar:/home/user/.m2/repository/org/apache/curator/curator-recipes/2.12.0/curator-recipes-2.12.0.jar:/home/user/.m2/repository/com/google/code/findbugs/jsr305/3.0.0/jsr305-3.0.0.jar:/home/user/.m2/repository/org/apache/htrace/htrace-core4/4.1.0-incubating/htrace-core4-4.1.0-incubating.jar:/home/user/.m2/repository/org/apache/zookeeper/zookeeper/3.4.13/zookeeper-3.4.13.jar:/home/user/.m2/repository/org/apache/yetus/audience-annotations/0.5.0/audience-annotations-0.5.0.jar:/home/user/.m2/repository/org/codehaus/woodstox/stax2-api/3.1.4/stax2-api-3.1.4.jar:/home/user/.m2/repository/com/fasterxml/woodstox/woodstox-core/5.0.3/woodstox-core-5.0.3.jar:/home/user/.m2/repository/dnsjava/dnsjava/2.1.7/dnsjava-2.1.7.jar:/home/user/.m2/repository/org/apache/hadoop/hadoop-hdfs/3.2.0/hadoop-hdfs-3.2.0-tests.jar:/home/user/.m2/repository/org/eclipse/jetty/jetty-util-ajax/9.3.24.v20180605/jetty-util-ajax-9.3.24.v20180605.jar:/home/user/.m2/repository/commons-daemon/commons-daemon/1.0.13/commons-daemon-1.0.13.jar:/home/user/.m2/repository/io/netty/netty/3.10.5.Final/netty-3.10.5.Final.jar:/home/user/.m2/repository/io/netty/netty-all/4.0.52.Final/netty-all-4.0.52.Final.jar:/home/user/.m2/repository/org/fusesource/leveldbjni/leveldbjni-all/1.8/leveldbjni-all-1.8.jar:"/>
    <property name="sun.cpu.endian" value="little"/>
    <property name="user.home" value="/home/user"/>
    <property name="user.language" value="en"/>
    <property name="java.specification.vendor" value="Oracle Corporation"/>
    <property name="java.home" value="/usr/lib/jvm/java-1.8-openjdk/jre"/>
    <property name="java.security.krb5.conf" value="/workdir/hadoop-ozone/integration-test/target/test-classes/krb5.conf"/>
    <property name="basedir" value="/workdir/hadoop-ozone/integration-test"/>
    <property name="file.separator" value="/"/>
    <property name="line.separator" value="&#10;"/>
    <property name="java.vm.specification.vendor" value="Oracle Corporation"/>
    <property name="java.specification.name" value="Java Platform API Specification"/>
    <property name="java.awt.graphicsenv" value="sun.awt.X11GraphicsEnvironment"/>
    <property name="surefire.real.class.path" value="/workdir/hadoop-ozone/integration-test/target/surefire/surefirebooter6966709656726688145.jar"/>
    <property name="hadoop.log.dir" value="/workdir/hadoop-ozone/integration-test/target/log"/>
    <property name="sun.boot.class.path" value="/usr/lib/jvm/java-1.8-openjdk/jre/lib/resources.jar:/usr/lib/jvm/java-1.8-openjdk/jre/lib/rt.jar:/usr/lib/jvm/java-1.8-openjdk/jre/lib/sunrsasign.jar:/usr/lib/jvm/java-1.8-openjdk/jre/lib/jsse.jar:/usr/lib/jvm/java-1.8-openjdk/jre/lib/jce.jar:/usr/lib/jvm/java-1.8-openjdk/jre/lib/charsets.jar:/usr/lib/jvm/java-1.8-openjdk/jre/lib/jfr.jar:/usr/lib/jvm/java-1.8-openjdk/jre/classes"/>
    <property name="sun.management.compiler" value="HotSpot 64-Bit Tiered Compilers"/>
    <property name="java.runtime.version" value="1.8.0_212-b04"/>
    <property name="java.net.preferIPv4Stack" value="true"/>
    <property name="user.name" value="jenkins1000"/>
    <property name="path.separator" value=":"/>
    <property name="java.security.egd" value="file:///dev/urandom"/>
    <property name="os.version" value="3.10.0-957.12.2.el7.x86_64"/>
    <property name="java.endorsed.dirs" value="/usr/lib/jvm/java-1.8-openjdk/jre/lib/endorsed"/>
    <property name="java.runtime.name" value="OpenJDK Runtime Environment"/>
    <property name="file.encoding" value="UTF-8"/>
    <property name="java.vm.name" value="OpenJDK 64-Bit Server VM"/>
    <property name="test.build.webapps" value=""/>
    <property name="localRepository" value="/home/user/.m2/repository"/>
    <property name="java.vendor.url.bug" value="https://icedtea.classpath.org/bugzilla"/>
    <property name="java.io.tmpdir" value="/tmp"/>
    <property name="require.test.libhadoop" value=""/>
    <property name="java.version" value="1.8.0_212"/>
    <property name="user.dir" value="/workdir/hadoop-ozone/integration-test"/>
    <property name="os.arch" value="amd64"/>
    <property name="java.vm.specification.name" value="Java Virtual Machine Specification"/>
    <property name="test.build.classes" value="/workdir/hadoop-ozone/integration-test/target/test-classes"/>
    <property name="java.awt.printerjob" value="sun.print.PSPrinterJob"/>
    <property name="sun.os.patch.level" value="unknown"/>
    <property name="hadoop.tmp.dir" value="/workdir/hadoop-ozone/integration-test/target/tmp"/>
    <property name="java.library.path" value="/usr/lib/jvm/java-1.8-openjdk/jre/lib/amd64/server:/usr/lib/jvm/java-1.8-openjdk/jre/lib/amd64:/usr/lib/jvm/java-1.8-openjdk/jre/../lib/amd64:/workdir/hadoop-ozone/integration-test/target/native/target/usr/local/lib:/workdir/hadoop-ozone/integration-test/../../hadoop-common-project/hadoop-common/target/native/target/usr/local/lib:/usr/java/packages/lib/amd64:/usr/lib64:/lib64:/lib:/usr/lib"/>
    <property name="java.vm.info" value="mixed mode"/>
    <property name="java.vendor" value="IcedTea"/>
    <property name="java.vm.version" value="25.212-b04"/>
    <property name="java.ext.dirs" value="/usr/lib/jvm/java-1.8-openjdk/jre/lib/ext:/usr/java/packages/lib/ext"/>
    <property name="sun.io.unicode.encoding" value="UnicodeLittle"/>
    <property name="java.class.version" value="52.0"/>
  </properties>
  <testcase name="testWatchForCommitWithKeyWrite" classname="org.apache.hadoop.ozone.client.rpc.TestWatchForCommit" time="17.019">
    <failure message="expected:&lt;4&gt; but was:&lt;8&gt;" type="java.lang.AssertionError"><![CDATA[java.lang.AssertionError: expected:<4> but was:<8>
	at org.junit.Assert.fail(Assert.java:88)
	at org.junit.Assert.failNotEquals(Assert.java:743)
	at org.junit.Assert.assertEquals(Assert.java:118)
	at org.junit.Assert.assertEquals(Assert.java:555)
	at org.junit.Assert.assertEquals(Assert.java:542)
	at org.apache.hadoop.ozone.client.rpc.TestWatchForCommit.testWatchForCommitWithKeyWrite(TestWatchForCommit.java:167)
	at sun.reflect.NativeMethodAccessorImpl.invoke0(Native Method)
	at sun.reflect.NativeMethodAccessorImpl.invoke(NativeMethodAccessorImpl.java:62)
	at sun.reflect.DelegatingMethodAccessorImpl.invoke(DelegatingMethodAccessorImpl.java:43)
	at java.lang.reflect.Method.invoke(Method.java:498)
	at org.junit.runners.model.FrameworkMethod$1.runReflectiveCall(FrameworkMethod.java:47)
	at org.junit.internal.runners.model.ReflectiveCallable.run(ReflectiveCallable.java:12)
	at org.junit.runners.model.FrameworkMethod.invokeExplosively(FrameworkMethod.java:44)
	at org.junit.internal.runners.statements.InvokeMethod.evaluate(InvokeMethod.java:17)
	at org.junit.runners.ParentRunner.runLeaf(ParentRunner.java:271)
	at org.junit.runners.BlockJUnit4ClassRunner.runChild(BlockJUnit4ClassRunner.java:70)
	at org.junit.runners.BlockJUnit4ClassRunner.runChild(BlockJUnit4ClassRunner.java:50)
	at org.junit.runners.ParentRunner$3.run(ParentRunner.java:238)
	at org.junit.runners.ParentRunner$1.schedule(ParentRunner.java:63)
	at org.junit.runners.ParentRunner.runChildren(ParentRunner.java:236)
	at org.junit.runners.ParentRunner.access$000(ParentRunner.java:53)
	at org.junit.runners.ParentRunner$2.evaluate(ParentRunner.java:229)
	at org.junit.runners.ParentRunner.run(ParentRunner.java:309)
	at org.apache.maven.surefire.junit4.JUnit4Provider.execute(JUnit4Provider.java:365)
	at org.apache.maven.surefire.junit4.JUnit4Provider.executeWithRerun(JUnit4Provider.java:273)
	at org.apache.maven.surefire.junit4.JUnit4Provider.executeTestSet(JUnit4Provider.java:238)
	at org.apache.maven.surefire.junit4.JUnit4Provider.invoke(JUnit4Provider.java:159)
	at org.apache.maven.surefire.booter.ForkedBooter.invokeProviderInSameClassLoader(ForkedBooter.java:384)
	at org.apache.maven.surefire.booter.ForkedBooter.runSuitesInProcess(ForkedBooter.java:345)
	at org.apache.maven.surefire.booter.ForkedBooter.execute(ForkedBooter.java:126)
	at org.apache.maven.surefire.booter.ForkedBooter.main(ForkedBooter.java:418)
]]></failure>
    <system-out><![CDATA[2019-07-14 08:46:52,459 WARN  server.ServerUtils (ServerUtils.java:getScmDbDir(145)) - ozone.scm.db.dirs is not configured. We recommend adding this setting. Falling back to ozone.metadata.dirs instead.
2019-07-14 08:46:52,550 WARN  server.ServerUtils (ServerUtils.java:getScmDbDir(145)) - ozone.scm.db.dirs is not configured. We recommend adding this setting. Falling back to ozone.metadata.dirs instead.
2019-07-14 08:46:52,553 WARN  server.ServerUtils (ServerUtils.java:getScmDbDir(145)) - ozone.scm.db.dirs is not configured. We recommend adding this setting. Falling back to ozone.metadata.dirs instead.
2019-07-14 08:46:52,569 INFO  util.log (Log.java:initialized(192)) - Logging initialized @833ms
2019-07-14 08:46:52,671 INFO  db.DBStoreBuilder (DBStoreBuilder.java:addTable(110)) - using custom profile for table: deletedBlocks
2019-07-14 08:46:52,671 INFO  db.DBStoreBuilder (DBStoreBuilder.java:processTables(161)) - Using default column profile:DBProfile.DISK for Table:deletedBlocks
2019-07-14 08:46:52,672 INFO  db.DBStoreBuilder (DBStoreBuilder.java:addTable(110)) - using custom profile for table: validCerts
2019-07-14 08:46:52,672 INFO  db.DBStoreBuilder (DBStoreBuilder.java:processTables(161)) - Using default column profile:DBProfile.DISK for Table:validCerts
2019-07-14 08:46:52,672 INFO  db.DBStoreBuilder (DBStoreBuilder.java:addTable(110)) - using custom profile for table: revokedCerts
2019-07-14 08:46:52,672 INFO  db.DBStoreBuilder (DBStoreBuilder.java:processTables(161)) - Using default column profile:DBProfile.DISK for Table:revokedCerts
2019-07-14 08:46:52,684 INFO  db.DBStoreBuilder (DBStoreBuilder.java:addTable(110)) - using custom profile for table: default
2019-07-14 08:46:52,684 INFO  db.DBStoreBuilder (DBStoreBuilder.java:processTables(167)) - Using default column profile:DBProfile.DISK for Table:default
2019-07-14 08:46:52,685 INFO  db.DBStoreBuilder (DBStoreBuilder.java:getDbProfile(198)) - Using default options. DBProfile.DISK
2019-07-14 08:46:52,797 INFO  net.NodeSchemaLoader (NodeSchemaLoader.java:loadSchemaFromFile(125)) - Loading file from sun.misc.CompoundEnumeration@7714e963
2019-07-14 08:46:52,799 INFO  net.NodeSchemaLoader (NodeSchemaLoader.java:loadSchema(171)) - Loading network topology layer schema file
2019-07-14 08:46:52,876 WARN  server.ServerUtils (ServerUtils.java:sanitizeUserArgs(70)) - ozone.scm.stale.node.interval value = 300000 is larger than max = 100000 based on the key value of ozone.scm.heartbeat.thread.interval, reset to the max value 100000.
2019-07-14 08:46:52,878 WARN  server.ServerUtils (ServerUtils.java:sanitizeUserArgs(70)) - ozone.scm.stale.node.interval value = 300000 is larger than max = 100000 based on the key value of ozone.scm.heartbeat.thread.interval, reset to the max value 100000.
2019-07-14 08:46:52,880 INFO  node.SCMNodeManager (SCMNodeManager.java:<init>(119)) - Entering startup safe mode.
2019-07-14 08:46:52,963 WARN  server.ServerUtils (ServerUtils.java:getScmDbDir(145)) - ozone.scm.db.dirs is not configured. We recommend adding this setting. Falling back to ozone.metadata.dirs instead.
2019-07-14 08:46:53,021 INFO  pipeline.SCMPipelineManager (SCMPipelineManager.java:initializePipelineState(126)) - No pipeline exists in current db
2019-07-14 08:46:53,023 WARN  server.ServerUtils (ServerUtils.java:getScmDbDir(145)) - ozone.scm.db.dirs is not configured. We recommend adding this setting. Falling back to ozone.metadata.dirs instead.
2019-07-14 08:46:53,096 WARN  events.EventQueue (EventQueue.java:fireEvent(175)) - No event handler registered for event TypedEvent{payloadType=SafeModeStatus, name='SafeModeStatus'}
2019-07-14 08:46:53,429 INFO  ipc.CallQueueManager (CallQueueManager.java:<init>(84)) - Using callQueue: class java.util.concurrent.LinkedBlockingQueue, queueCapacity: 2000, scheduler: class org.apache.hadoop.ipc.DefaultRpcScheduler, ipcBackoff: false.
2019-07-14 08:46:53,455 INFO  ipc.Server (Server.java:run(1074)) - Starting Socket Reader #1 for port 37382
2019-07-14 08:46:53,478 INFO  ipc.CallQueueManager (CallQueueManager.java:<init>(84)) - Using callQueue: class java.util.concurrent.LinkedBlockingQueue, queueCapacity: 2000, scheduler: class org.apache.hadoop.ipc.DefaultRpcScheduler, ipcBackoff: false.
2019-07-14 08:46:53,479 INFO  ipc.Server (Server.java:run(1074)) - Starting Socket Reader #1 for port 36375
2019-07-14 08:46:53,485 INFO  ipc.CallQueueManager (CallQueueManager.java:<init>(84)) - Using callQueue: class java.util.concurrent.LinkedBlockingQueue, queueCapacity: 2000, scheduler: class org.apache.hadoop.ipc.DefaultRpcScheduler, ipcBackoff: false.
2019-07-14 08:46:53,486 INFO  ipc.Server (Server.java:run(1074)) - Starting Socket Reader #1 for port 45451
2019-07-14 08:46:53,631 INFO  hdfs.DFSUtil (DFSUtil.java:httpServerTemplateForNNAndJN(1641)) - Starting Web-server for scm at: http://0.0.0.0:0
2019-07-14 08:46:53,792 INFO  server.AuthenticationFilter (AuthenticationFilter.java:constructSecretProvider(240)) - Unable to initialize FileSignerSecretProvider, falling back to use random secrets.
2019-07-14 08:46:53,800 WARN  http.HttpRequestLog (HttpRequestLog.java:getRequestLog(97)) - Jetty request log can only be enabled using Log4j
2019-07-14 08:46:53,807 INFO  http.HttpServer2 (HttpServer2.java:addGlobalFilter(975)) - Added global filter 'safety' (class=org.apache.hadoop.http.HttpServer2$QuotingInputFilter)
2019-07-14 08:46:53,810 INFO  http.HttpServer2 (HttpServer2.java:addFilter(948)) - Added filter static_user_filter (class=org.apache.hadoop.http.lib.StaticUserWebFilter$StaticUserFilter) to context scm
2019-07-14 08:46:53,810 INFO  http.HttpServer2 (HttpServer2.java:addFilter(958)) - Added filter static_user_filter (class=org.apache.hadoop.http.lib.StaticUserWebFilter$StaticUserFilter) to context static
2019-07-14 08:46:53,810 INFO  http.HttpServer2 (HttpServer2.java:addFilter(958)) - Added filter static_user_filter (class=org.apache.hadoop.http.lib.StaticUserWebFilter$StaticUserFilter) to context logs
2019-07-14 08:46:53,838 INFO  server.StorageContainerManager (StorageContainerManager.java:start(759)) - StorageContainerLocationProtocol RPC server is listening at /0.0.0.0:45451
2019-07-14 08:46:53,897 WARN  impl.MetricsConfig (MetricsConfig.java:loadFirst(134)) - Cannot locate configuration: tried hadoop-metrics2-storagecontainermanager.properties,hadoop-metrics2.properties
2019-07-14 08:46:53,910 INFO  impl.MetricsSystemImpl (MetricsSystemImpl.java:startTimer(374)) - Scheduled Metric snapshot period at 10 second(s).
2019-07-14 08:46:53,910 INFO  impl.MetricsSystemImpl (MetricsSystemImpl.java:start(191)) - StorageContainerManager metrics system started
2019-07-14 08:46:54,129 INFO  server.SCMClientProtocolServer (SCMClientProtocolServer.java:start(149)) - RPC server for Client  is listening at /0.0.0.0:45451
2019-07-14 08:46:54,129 INFO  ipc.Server (Server.java:run(1314)) - IPC Server Responder: starting
2019-07-14 08:46:54,130 INFO  ipc.Server (Server.java:run(1153)) - IPC Server listener on 45451: starting
2019-07-14 08:46:54,137 INFO  server.StorageContainerManager (StorageContainerManager.java:start(768)) - ScmBlockLocationProtocol RPC server is listening at /0.0.0.0:36375
2019-07-14 08:46:54,137 INFO  server.SCMBlockProtocolServer (SCMBlockProtocolServer.java:start(140)) - RPC server for Block Protocol is listening at /0.0.0.0:36375
2019-07-14 08:46:54,137 INFO  ipc.Server (Server.java:run(1314)) - IPC Server Responder: starting
2019-07-14 08:46:54,137 INFO  ipc.Server (Server.java:run(1153)) - IPC Server listener on 36375: starting
2019-07-14 08:46:54,143 INFO  server.StorageContainerManager (StorageContainerManager.java:start(772)) - ScmDatanodeProtocl RPC server is listening at /0.0.0.0:37382
2019-07-14 08:46:54,143 INFO  server.SCMDatanodeProtocolServer (SCMDatanodeProtocolServer.java:start(191)) - RPC server for DataNodes is listening at /0.0.0.0:37382
2019-07-14 08:46:54,145 INFO  ipc.Server (Server.java:run(1314)) - IPC Server Responder: starting
2019-07-14 08:46:54,146 INFO  ipc.Server (Server.java:run(1153)) - IPC Server listener on 37382: starting
2019-07-14 08:46:54,158 INFO  http.HttpServer2 (HttpServer2.java:bindListener(1191)) - Jetty bound to port 35672
2019-07-14 08:46:54,160 INFO  server.Server (Server.java:doStart(351)) - jetty-9.3.24.v20180605, build timestamp: 2018-06-05T17:11:56Z, git hash: 84205aa28f11a4f31f2a3b86d1bba2cc8ab69827
2019-07-14 08:46:54,198 INFO  handler.ContextHandler (ContextHandler.java:doStart(781)) - Started o.e.j.s.ServletContextHandler@6bbe2511{/logs,file:///workdir/hadoop-ozone/integration-test/target/log,AVAILABLE}
2019-07-14 08:46:54,199 INFO  handler.ContextHandler (ContextHandler.java:doStart(781)) - Started o.e.j.s.ServletContextHandler@76012793{/static,file:///workdir/hadoop-ozone/integration-test/target/test-classes/webapps/static,AVAILABLE}
2019-07-14 08:46:54,230 INFO  handler.ContextHandler (ContextHandler.java:doStart(781)) - Started o.e.j.w.WebAppContext@6a1d204a{/,file:///workdir/hadoop-ozone/integration-test/target/test-classes/webapps/scm/,AVAILABLE}{/scm}
2019-07-14 08:46:54,235 INFO  server.AbstractConnector (AbstractConnector.java:doStart(278)) - Started ServerConnector@9d157ff{HTTP/1.1,[http/1.1]}{0.0.0.0:35672}
2019-07-14 08:46:54,236 INFO  server.Server (Server.java:doStart(419)) - Started @2499ms
2019-07-14 08:46:54,238 INFO  server.BaseHttpServer (BaseHttpServer.java:updateConnectorAddress(207)) - HTTP server of SCM is listening at http://0.0.0.0:35672
2019-07-14 08:46:54,244 INFO  util.JvmPauseMonitor (JvmPauseMonitor.java:run(188)) - Starting JVM pause monitor
2019-07-14 08:46:54,247 WARN  server.ServerUtils (ServerUtils.java:getDBPath(222)) - ozone.om.db.dirs is not configured. We recommend adding this setting. Falling back to ozone.metadata.dirs instead.
2019-07-14 08:46:54,345 WARN  server.ServerUtils (ServerUtils.java:getDBPath(222)) - ozone.om.db.dirs is not configured. We recommend adding this setting. Falling back to ozone.metadata.dirs instead.
2019-07-14 08:46:54,346 INFO  om.OzoneManager (OzoneManager.java:setOMNodeDetails(630)) - OM Service ID is not set. Setting it to the default ID: omServiceIdDefault
2019-07-14 08:46:54,346 INFO  om.OzoneManager (OzoneManager.java:setOMNodeDetails(636)) - OM Node ID is not set. Setting it to the OmStorage's OmID: 05438718-9e5d-410a-85b8-029f20ebd953
2019-07-14 08:46:54,347 INFO  om.OzoneManager (OzoneManager.java:loadOMHAConfigs(587)) - Found matching OM address with OMServiceId: null, OMNodeId: null, RPC Address: localhost:0 and Ratis port: 9872
2019-07-14 08:46:54,607 WARN  server.ServerUtils (ServerUtils.java:getDBPath(222)) - ozone.om.db.dirs is not configured. We recommend adding this setting. Falling back to ozone.metadata.dirs instead.
2019-07-14 08:46:54,619 INFO  db.DBStoreBuilder (DBStoreBuilder.java:addTable(110)) - using custom profile for table: userTable
2019-07-14 08:46:54,619 INFO  db.DBStoreBuilder (DBStoreBuilder.java:processTables(161)) - Using default column profile:DBProfile.DISK for Table:userTable
2019-07-14 08:46:54,620 INFO  db.DBStoreBuilder (DBStoreBuilder.java:addTable(110)) - using custom profile for table: volumeTable
2019-07-14 08:46:54,620 INFO  db.DBStoreBuilder (DBStoreBuilder.java:processTables(161)) - Using default column profile:DBProfile.DISK for Table:volumeTable
2019-07-14 08:46:54,621 INFO  db.DBStoreBuilder (DBStoreBuilder.java:addTable(110)) - using custom profile for table: bucketTable
2019-07-14 08:46:54,621 INFO  db.DBStoreBuilder (DBStoreBuilder.java:processTables(161)) - Using default column profile:DBProfile.DISK for Table:bucketTable
2019-07-14 08:46:54,622 INFO  db.DBStoreBuilder (DBStoreBuilder.java:addTable(110)) - using custom profile for table: keyTable
2019-07-14 08:46:54,622 INFO  db.DBStoreBuilder (DBStoreBuilder.java:processTables(161)) - Using default column profile:DBProfile.DISK for Table:keyTable
2019-07-14 08:46:54,622 INFO  db.DBStoreBuilder (DBStoreBuilder.java:addTable(110)) - using custom profile for table: deletedTable
2019-07-14 08:46:54,623 INFO  db.DBStoreBuilder (DBStoreBuilder.java:processTables(161)) - Using default column profile:DBProfile.DISK for Table:deletedTable
2019-07-14 08:46:54,623 INFO  db.DBStoreBuilder (DBStoreBuilder.java:addTable(110)) - using custom profile for table: openKeyTable
2019-07-14 08:46:54,624 INFO  db.DBStoreBuilder (DBStoreBuilder.java:processTables(161)) - Using default column profile:DBProfile.DISK for Table:openKeyTable
2019-07-14 08:46:54,624 INFO  db.DBStoreBuilder (DBStoreBuilder.java:addTable(110)) - using custom profile for table: s3Table
2019-07-14 08:46:54,624 INFO  db.DBStoreBuilder (DBStoreBuilder.java:processTables(161)) - Using default column profile:DBProfile.DISK for Table:s3Table
2019-07-14 08:46:54,625 INFO  db.DBStoreBuilder (DBStoreBuilder.java:addTable(110)) - using custom profile for table: multipartInfoTable
2019-07-14 08:46:54,625 INFO  db.DBStoreBuilder (DBStoreBuilder.java:processTables(161)) - Using default column profile:DBProfile.DISK for Table:multipartInfoTable
2019-07-14 08:46:54,626 INFO  db.DBStoreBuilder (DBStoreBuilder.java:addTable(110)) - using custom profile for table: dTokenTable
2019-07-14 08:46:54,626 INFO  db.DBStoreBuilder (DBStoreBuilder.java:processTables(161)) - Using default column profile:DBProfile.DISK for Table:dTokenTable
2019-07-14 08:46:54,626 INFO  db.DBStoreBuilder (DBStoreBuilder.java:addTable(110)) - using custom profile for table: s3SecretTable
2019-07-14 08:46:54,627 INFO  db.DBStoreBuilder (DBStoreBuilder.java:processTables(161)) - Using default column profile:DBProfile.DISK for Table:s3SecretTable
2019-07-14 08:46:54,627 INFO  db.DBStoreBuilder (DBStoreBuilder.java:addTable(110)) - using custom profile for table: prefixTable
2019-07-14 08:46:54,627 INFO  db.DBStoreBuilder (DBStoreBuilder.java:processTables(161)) - Using default column profile:DBProfile.DISK for Table:prefixTable
2019-07-14 08:46:54,628 INFO  db.DBStoreBuilder (DBStoreBuilder.java:addTable(110)) - using custom profile for table: default
2019-07-14 08:46:54,628 INFO  db.DBStoreBuilder (DBStoreBuilder.java:processTables(167)) - Using default column profile:DBProfile.DISK for Table:default
2019-07-14 08:46:54,629 INFO  db.DBStoreBuilder (DBStoreBuilder.java:getDbProfile(198)) - Using default options. DBProfile.DISK
2019-07-14 08:46:55,318 INFO  ipc.CallQueueManager (CallQueueManager.java:<init>(84)) - Using callQueue: class java.util.concurrent.LinkedBlockingQueue, queueCapacity: 2000, scheduler: class org.apache.hadoop.ipc.DefaultRpcScheduler, ipcBackoff: false.
2019-07-14 08:46:55,319 INFO  ipc.Server (Server.java:run(1074)) - Starting Socket Reader #1 for port 46316
2019-07-14 08:46:55,347 WARN  server.ServerUtils (ServerUtils.java:getDBPath(222)) - ozone.om.db.dirs is not configured. We recommend adding this setting. Falling back to ozone.metadata.dirs instead.
2019-07-14 08:46:55,348 INFO  om.OzoneManager (OzoneManager.java:start(1228)) - OzoneManager RPC server is listening at localhost/127.0.0.1:46316
2019-07-14 08:46:55,348 INFO  impl.MetricsSystemImpl (MetricsSystemImpl.java:init(158)) - OzoneManager metrics system started (again)
2019-07-14 08:46:55,350 INFO  ipc.Server (Server.java:run(1314)) - IPC Server Responder: starting
2019-07-14 08:46:55,351 INFO  ipc.Server (Server.java:run(1153)) - IPC Server listener on 46316: starting
2019-07-14 08:46:55,363 INFO  hdfs.DFSUtil (DFSUtil.java:httpServerTemplateForNNAndJN(1641)) - Starting Web-server for ozoneManager at: http://0.0.0.0:0
2019-07-14 08:46:55,365 INFO  server.AuthenticationFilter (AuthenticationFilter.java:constructSecretProvider(240)) - Unable to initialize FileSignerSecretProvider, falling back to use random secrets.
2019-07-14 08:46:55,365 WARN  http.HttpRequestLog (HttpRequestLog.java:getRequestLog(97)) - Jetty request log can only be enabled using Log4j
2019-07-14 08:46:55,368 INFO  http.HttpServer2 (HttpServer2.java:addGlobalFilter(975)) - Added global filter 'safety' (class=org.apache.hadoop.http.HttpServer2$QuotingInputFilter)
2019-07-14 08:46:55,368 INFO  http.HttpServer2 (HttpServer2.java:addFilter(948)) - Added filter static_user_filter (class=org.apache.hadoop.http.lib.StaticUserWebFilter$StaticUserFilter) to context ozoneManager
2019-07-14 08:46:55,369 INFO  http.HttpServer2 (HttpServer2.java:addFilter(958)) - Added filter static_user_filter (class=org.apache.hadoop.http.lib.StaticUserWebFilter$StaticUserFilter) to context logs
2019-07-14 08:46:55,369 INFO  http.HttpServer2 (HttpServer2.java:addFilter(958)) - Added filter static_user_filter (class=org.apache.hadoop.http.lib.StaticUserWebFilter$StaticUserFilter) to context static
2019-07-14 08:46:55,371 INFO  http.HttpServer2 (HttpServer2.java:bindListener(1191)) - Jetty bound to port 40708
2019-07-14 08:46:55,371 INFO  server.Server (Server.java:doStart(351)) - jetty-9.3.24.v20180605, build timestamp: 2018-06-05T17:11:56Z, git hash: 84205aa28f11a4f31f2a3b86d1bba2cc8ab69827
2019-07-14 08:46:55,373 INFO  handler.ContextHandler (ContextHandler.java:doStart(781)) - Started o.e.j.s.ServletContextHandler@3e134896{/logs,file:///workdir/hadoop-ozone/integration-test/target/log,AVAILABLE}
2019-07-14 08:46:55,374 INFO  handler.ContextHandler (ContextHandler.java:doStart(781)) - Started o.e.j.s.ServletContextHandler@2e3a5237{/static,file:///workdir/hadoop-ozone/integration-test/target/test-classes/webapps/static,AVAILABLE}
2019-07-14 08:46:55,378 INFO  handler.ContextHandler (ContextHandler.java:doStart(781)) - Started o.e.j.w.WebAppContext@5b78fdb1{/,file:///workdir/hadoop-ozone/integration-test/target/test-classes/webapps/ozoneManager/,AVAILABLE}{/ozoneManager}
2019-07-14 08:46:55,379 INFO  server.AbstractConnector (AbstractConnector.java:doStart(278)) - Started ServerConnector@48bfb884{HTTP/1.1,[http/1.1]}{0.0.0.0:40708}
2019-07-14 08:46:55,379 INFO  server.Server (Server.java:doStart(419)) - Started @3643ms
2019-07-14 08:46:55,380 INFO  server.BaseHttpServer (BaseHttpServer.java:updateConnectorAddress(207)) - HTTP server of OZONEMANAGER is listening at http://0.0.0.0:40708
2019-07-14 08:46:55,712 INFO  impl.MetricsSystemImpl (MetricsSystemImpl.java:init(158)) - HddsDatanode metrics system started (again)
2019-07-14 08:46:55,798 INFO  ozone.HddsDatanodeService (HddsDatanodeService.java:start(185)) - HddsDatanodeService host:trunk-nightly-5z2vd-27108033 ip:192.168.5.191
2019-07-14 08:46:55,840 INFO  volume.HddsVolume (HddsVolume.java:<init>(176)) - Creating Volume: /workdir/hadoop-ozone/integration-test/target/test-dir/MiniOzoneClusterImpl-23e8018c-609f-4d7a-98b9-4e300fa8af28/datanode-0/data/containers/hdds of  storage type : DISK and capacity : 52710309888
2019-07-14 08:46:55,842 INFO  volume.VolumeSet (VolumeSet.java:initializeVolumeSet(170)) - Added Volume : /workdir/hadoop-ozone/integration-test/target/test-dir/MiniOzoneClusterImpl-23e8018c-609f-4d7a-98b9-4e300fa8af28/datanode-0/data/containers/hdds to VolumeSet
2019-07-14 08:46:55,847 INFO  volume.ThrottledAsyncChecker (ThrottledAsyncChecker.java:schedule(140)) - Scheduling a check for org.apache.hadoop.ozone.container.common.volume.HddsVolume@1f52eb6f
2019-07-14 08:46:55,872 INFO  volume.HddsVolumeChecker (HddsVolumeChecker.java:checkAllVolumes(203)) - Scheduled health check for volume org.apache.hadoop.ozone.container.common.volume.HddsVolume@1f52eb6f
2019-07-14 08:46:55,994 INFO  impl.RaftServerProxy (ConfUtils.java:logGet(43)) - raft.rpc.type = GRPC (default)
2019-07-14 08:46:56,061 INFO  grpc.GrpcFactory (GrpcFactory.java:checkPooledByteBufAllocatorUseCacheForAllThreads(45)) - PERFORMANCE WARNING: useCacheForAllThreads is true that may cause Netty to create a lot garbage objects and, as a result, trigger GC.
	It is recommended to disable useCacheForAllThreads by setting -Dorg.apache.ratis.thirdparty.io.netty.allocator.useCacheForAllThreads=false in command line.
2019-07-14 08:46:56,066 INFO  grpc.GrpcConfigKeys$Server (ConfUtils.java:logGet(43)) - raft.grpc.server.port = 0 (default)
2019-07-14 08:46:56,067 INFO  server.GrpcService (ConfUtils.java:logGet(43)) - raft.grpc.message.size.max = 33570816 (custom)
2019-07-14 08:46:56,068 INFO  server.RaftServerConfigKeys (ConfUtils.java:logGet(43)) - raft.server.log.appender.buffer.byte-limit = 33554432 (custom)
2019-07-14 08:46:56,069 INFO  server.GrpcService (ConfUtils.java:logGet(43)) - raft.grpc.flow.control.window = 1MB (=1048576) (default)
2019-07-14 08:46:56,070 INFO  server.RaftServerConfigKeys (ConfUtils.java:logGet(43)) - raft.server.rpc.request.timeout = 3000ms (default)
2019-07-14 08:46:56,232 INFO  server.RaftServerConfigKeys (ConfUtils.java:logGet(43)) - raft.server.storage.dir = [/workdir/hadoop-ozone/integration-test/target/test-dir/MiniOzoneClusterImpl-23e8018c-609f-4d7a-98b9-4e300fa8af28/datanode-0/data/ratis] (custom)
2019-07-14 08:46:56,269 INFO  replication.SimpleContainerDownloader (SimpleContainerDownloader.java:<init>(72)) - Starting container downloader service to copy containers to replicate.
2019-07-14 08:46:56,282 INFO  hdfs.DFSUtil (DFSUtil.java:httpServerTemplateForNNAndJN(1641)) - Starting Web-server for hddsDatanode at: http://0.0.0.0:0
2019-07-14 08:46:56,285 INFO  server.AuthenticationFilter (AuthenticationFilter.java:constructSecretProvider(240)) - Unable to initialize FileSignerSecretProvider, falling back to use random secrets.
2019-07-14 08:46:56,285 WARN  http.HttpRequestLog (HttpRequestLog.java:getRequestLog(97)) - Jetty request log can only be enabled using Log4j
2019-07-14 08:46:56,289 INFO  http.HttpServer2 (HttpServer2.java:addGlobalFilter(975)) - Added global filter 'safety' (class=org.apache.hadoop.http.HttpServer2$QuotingInputFilter)
2019-07-14 08:46:56,290 INFO  http.HttpServer2 (HttpServer2.java:addFilter(948)) - Added filter static_user_filter (class=org.apache.hadoop.http.lib.StaticUserWebFilter$StaticUserFilter) to context hddsDatanode
2019-07-14 08:46:56,290 INFO  http.HttpServer2 (HttpServer2.java:addFilter(958)) - Added filter static_user_filter (class=org.apache.hadoop.http.lib.StaticUserWebFilter$StaticUserFilter) to context static
2019-07-14 08:46:56,290 INFO  http.HttpServer2 (HttpServer2.java:addFilter(958)) - Added filter static_user_filter (class=org.apache.hadoop.http.lib.StaticUserWebFilter$StaticUserFilter) to context logs
2019-07-14 08:46:56,292 INFO  http.HttpServer2 (HttpServer2.java:bindListener(1191)) - Jetty bound to port 45937
2019-07-14 08:46:56,292 INFO  server.Server (Server.java:doStart(351)) - jetty-9.3.24.v20180605, build timestamp: 2018-06-05T17:11:56Z, git hash: 84205aa28f11a4f31f2a3b86d1bba2cc8ab69827
2019-07-14 08:46:56,301 INFO  handler.ContextHandler (ContextHandler.java:doStart(781)) - Started o.e.j.s.ServletContextHandler@761956ac{/logs,file:///workdir/hadoop-ozone/integration-test/target/log,AVAILABLE}
2019-07-14 08:46:56,303 INFO  handler.ContextHandler (ContextHandler.java:doStart(781)) - Started o.e.j.s.ServletContextHandler@304d0259{/static,jar:file:/home/user/.m2/repository/org/apache/hadoop/hadoop-hdds-container-service/0.5.0-SNAPSHOT/hadoop-hdds-container-service-0.5.0-SNAPSHOT.jar!/webapps/static,AVAILABLE}
2019-07-14 08:46:56,359 INFO  handler.ContextHandler (ContextHandler.java:doStart(781)) - Started o.e.j.w.WebAppContext@124ac145{/,file:///tmp/jetty-0.0.0.0-45937-hddsDatanode-_-any-309187364193869317.dir/webapp/,AVAILABLE}{/hddsDatanode}
2019-07-14 08:46:56,360 INFO  server.AbstractConnector (AbstractConnector.java:doStart(278)) - Started ServerConnector@2def7a7a{HTTP/1.1,[http/1.1]}{0.0.0.0:45937}
2019-07-14 08:46:56,364 INFO  server.Server (Server.java:doStart(419)) - Started @4627ms
2019-07-14 08:46:56,366 INFO  server.BaseHttpServer (BaseHttpServer.java:updateConnectorAddress(207)) - HTTP server of HDDSDATANODE is listening at http://0.0.0.0:45937
2019-07-14 08:46:57,505 INFO  ozone.HddsDatanodeService (HddsDatanodeService.java:startPlugins(396)) - Started plug-in org.apache.hadoop.ozone.web.OzoneHddsDatanodeService@69f2cb04
2019-07-14 08:46:57,507 INFO  impl.MetricsSystemImpl (MetricsSystemImpl.java:init(158)) - HddsDatanode metrics system started (again)
2019-07-14 08:46:57,507 INFO  ozone.HddsDatanodeService (HddsDatanodeService.java:start(185)) - HddsDatanodeService host:trunk-nightly-5z2vd-27108033 ip:192.168.5.191
2019-07-14 08:46:57,514 INFO  util.JvmPauseMonitor (JvmPauseMonitor.java:run(188)) - Starting JVM pause monitor
2019-07-14 08:46:57,516 INFO  volume.HddsVolume (HddsVolume.java:<init>(176)) - Creating Volume: /workdir/hadoop-ozone/integration-test/target/test-dir/MiniOzoneClusterImpl-23e8018c-609f-4d7a-98b9-4e300fa8af28/datanode-1/data/containers/hdds of  storage type : DISK and capacity : 52710309888
2019-07-14 08:46:57,517 INFO  volume.VolumeSet (VolumeSet.java:initializeVolumeSet(170)) - Added Volume : /workdir/hadoop-ozone/integration-test/target/test-dir/MiniOzoneClusterImpl-23e8018c-609f-4d7a-98b9-4e300fa8af28/datanode-1/data/containers/hdds to VolumeSet
2019-07-14 08:46:57,518 INFO  volume.ThrottledAsyncChecker (ThrottledAsyncChecker.java:schedule(140)) - Scheduling a check for org.apache.hadoop.ozone.container.common.volume.HddsVolume@656a3d6b
2019-07-14 08:46:57,518 INFO  volume.HddsVolumeChecker (HddsVolumeChecker.java:checkAllVolumes(203)) - Scheduled health check for volume org.apache.hadoop.ozone.container.common.volume.HddsVolume@656a3d6b
2019-07-14 08:46:57,538 INFO  impl.RaftServerProxy (ConfUtils.java:logGet(43)) - raft.rpc.type = GRPC (default)
2019-07-14 08:46:57,538 INFO  grpc.GrpcFactory (GrpcFactory.java:checkPooledByteBufAllocatorUseCacheForAllThreads(45)) - PERFORMANCE WARNING: useCacheForAllThreads is true that may cause Netty to create a lot garbage objects and, as a result, trigger GC.
	It is recommended to disable useCacheForAllThreads by setting -Dorg.apache.ratis.thirdparty.io.netty.allocator.useCacheForAllThreads=false in command line.
2019-07-14 08:46:57,539 INFO  grpc.GrpcConfigKeys$Server (ConfUtils.java:logGet(43)) - raft.grpc.server.port = 0 (default)
2019-07-14 08:46:57,539 INFO  server.GrpcService (ConfUtils.java:logGet(43)) - raft.grpc.message.size.max = 33570816 (custom)
2019-07-14 08:46:57,539 INFO  server.RaftServerConfigKeys (ConfUtils.java:logGet(43)) - raft.server.log.appender.buffer.byte-limit = 33554432 (custom)
2019-07-14 08:46:57,539 INFO  server.GrpcService (ConfUtils.java:logGet(43)) - raft.grpc.flow.control.window = 1MB (=1048576) (default)
2019-07-14 08:46:57,540 INFO  server.RaftServerConfigKeys (ConfUtils.java:logGet(43)) - raft.server.rpc.request.timeout = 3000ms (default)
2019-07-14 08:46:57,540 INFO  server.RaftServerConfigKeys (ConfUtils.java:logGet(43)) - raft.server.storage.dir = [/workdir/hadoop-ozone/integration-test/target/test-dir/MiniOzoneClusterImpl-23e8018c-609f-4d7a-98b9-4e300fa8af28/datanode-1/data/ratis] (custom)
2019-07-14 08:46:57,541 INFO  replication.SimpleContainerDownloader (SimpleContainerDownloader.java:<init>(72)) - Starting container downloader service to copy containers to replicate.
2019-07-14 08:46:57,542 INFO  hdfs.DFSUtil (DFSUtil.java:httpServerTemplateForNNAndJN(1641)) - Starting Web-server for hddsDatanode at: http://0.0.0.0:0
2019-07-14 08:46:57,545 INFO  server.AuthenticationFilter (AuthenticationFilter.java:constructSecretProvider(240)) - Unable to initialize FileSignerSecretProvider, falling back to use random secrets.
2019-07-14 08:46:57,546 WARN  http.HttpRequestLog (HttpRequestLog.java:getRequestLog(97)) - Jetty request log can only be enabled using Log4j
2019-07-14 08:46:57,549 INFO  http.HttpServer2 (HttpServer2.java:addGlobalFilter(975)) - Added global filter 'safety' (class=org.apache.hadoop.http.HttpServer2$QuotingInputFilter)
2019-07-14 08:46:57,550 INFO  http.HttpServer2 (HttpServer2.java:addFilter(948)) - Added filter static_user_filter (class=org.apache.hadoop.http.lib.StaticUserWebFilter$StaticUserFilter) to context hddsDatanode
2019-07-14 08:46:57,550 INFO  http.HttpServer2 (HttpServer2.java:addFilter(958)) - Added filter static_user_filter (class=org.apache.hadoop.http.lib.StaticUserWebFilter$StaticUserFilter) to context static
2019-07-14 08:46:57,551 INFO  http.HttpServer2 (HttpServer2.java:addFilter(958)) - Added filter static_user_filter (class=org.apache.hadoop.http.lib.StaticUserWebFilter$StaticUserFilter) to context logs
2019-07-14 08:46:57,552 INFO  http.HttpServer2 (HttpServer2.java:bindListener(1191)) - Jetty bound to port 34728
2019-07-14 08:46:57,553 INFO  server.Server (Server.java:doStart(351)) - jetty-9.3.24.v20180605, build timestamp: 2018-06-05T17:11:56Z, git hash: 84205aa28f11a4f31f2a3b86d1bba2cc8ab69827
2019-07-14 08:46:57,556 INFO  handler.ContextHandler (ContextHandler.java:doStart(781)) - Started o.e.j.s.ServletContextHandler@733fb462{/logs,file:///workdir/hadoop-ozone/integration-test/target/log,AVAILABLE}
2019-07-14 08:46:57,557 INFO  handler.ContextHandler (ContextHandler.java:doStart(781)) - Started o.e.j.s.ServletContextHandler@359066bc{/static,jar:file:/home/user/.m2/repository/org/apache/hadoop/hadoop-hdds-container-service/0.5.0-SNAPSHOT/hadoop-hdds-container-service-0.5.0-SNAPSHOT.jar!/webapps/static,AVAILABLE}
2019-07-14 08:46:57,603 INFO  handler.ContextHandler (ContextHandler.java:doStart(781)) - Started o.e.j.w.WebAppContext@2a8b33ba{/,file:///tmp/jetty-0.0.0.0-34728-hddsDatanode-_-any-8433599393220126132.dir/webapp/,AVAILABLE}{/hddsDatanode}
2019-07-14 08:46:57,604 INFO  server.AbstractConnector (AbstractConnector.java:doStart(278)) - Started ServerConnector@4e8b357d{HTTP/1.1,[http/1.1]}{0.0.0.0:34728}
2019-07-14 08:46:57,605 INFO  server.Server (Server.java:doStart(419)) - Started @5868ms
2019-07-14 08:46:57,607 INFO  server.BaseHttpServer (BaseHttpServer.java:updateConnectorAddress(207)) - HTTP server of HDDSDATANODE is listening at http://0.0.0.0:34728
2019-07-14 08:46:57,648 INFO  datanode.InitDatanodeState (InitDatanodeState.java:persistContainerDatanodeDetails(140)) - DatanodeDetails is persisted to /workdir/hadoop-ozone/integration-test/target/test-dir/MiniOzoneClusterImpl-23e8018c-609f-4d7a-98b9-4e300fa8af28/datanode-0/meta/datanode.id
2019-07-14 08:46:57,742 INFO  ozone.HddsDatanodeService (HddsDatanodeService.java:startPlugins(396)) - Started plug-in org.apache.hadoop.ozone.web.OzoneHddsDatanodeService@6097fca9
2019-07-14 08:46:57,743 INFO  impl.MetricsSystemImpl (MetricsSystemImpl.java:init(158)) - HddsDatanode metrics system started (again)
2019-07-14 08:46:57,743 INFO  ozone.HddsDatanodeService (HddsDatanodeService.java:start(185)) - HddsDatanodeService host:trunk-nightly-5z2vd-27108033 ip:192.168.5.191
2019-07-14 08:46:57,745 INFO  util.JvmPauseMonitor (JvmPauseMonitor.java:run(188)) - Starting JVM pause monitor
2019-07-14 08:46:57,755 INFO  volume.HddsVolume (HddsVolume.java:<init>(176)) - Creating Volume: /workdir/hadoop-ozone/integration-test/target/test-dir/MiniOzoneClusterImpl-23e8018c-609f-4d7a-98b9-4e300fa8af28/datanode-2/data/containers/hdds of  storage type : DISK and capacity : 52710309888
2019-07-14 08:46:57,755 INFO  volume.VolumeSet (VolumeSet.java:initializeVolumeSet(170)) - Added Volume : /workdir/hadoop-ozone/integration-test/target/test-dir/MiniOzoneClusterImpl-23e8018c-609f-4d7a-98b9-4e300fa8af28/datanode-2/data/containers/hdds to VolumeSet
2019-07-14 08:46:57,755 INFO  volume.ThrottledAsyncChecker (ThrottledAsyncChecker.java:schedule(140)) - Scheduling a check for org.apache.hadoop.ozone.container.common.volume.HddsVolume@6371cf2f
2019-07-14 08:46:57,756 INFO  volume.HddsVolumeChecker (HddsVolumeChecker.java:checkAllVolumes(203)) - Scheduled health check for volume org.apache.hadoop.ozone.container.common.volume.HddsVolume@6371cf2f
2019-07-14 08:46:57,757 INFO  datanode.InitDatanodeState (InitDatanodeState.java:persistContainerDatanodeDetails(140)) - DatanodeDetails is persisted to /workdir/hadoop-ozone/integration-test/target/test-dir/MiniOzoneClusterImpl-23e8018c-609f-4d7a-98b9-4e300fa8af28/datanode-1/meta/datanode.id
2019-07-14 08:46:57,771 INFO  impl.RaftServerProxy (ConfUtils.java:logGet(43)) - raft.rpc.type = GRPC (default)
2019-07-14 08:46:57,771 INFO  grpc.GrpcFactory (GrpcFactory.java:checkPooledByteBufAllocatorUseCacheForAllThreads(45)) - PERFORMANCE WARNING: useCacheForAllThreads is true that may cause Netty to create a lot garbage objects and, as a result, trigger GC.
	It is recommended to disable useCacheForAllThreads by setting -Dorg.apache.ratis.thirdparty.io.netty.allocator.useCacheForAllThreads=false in command line.
2019-07-14 08:46:57,771 INFO  grpc.GrpcConfigKeys$Server (ConfUtils.java:logGet(43)) - raft.grpc.server.port = 0 (default)
2019-07-14 08:46:57,772 INFO  server.GrpcService (ConfUtils.java:logGet(43)) - raft.grpc.message.size.max = 33570816 (custom)
2019-07-14 08:46:57,772 INFO  server.RaftServerConfigKeys (ConfUtils.java:logGet(43)) - raft.server.log.appender.buffer.byte-limit = 33554432 (custom)
2019-07-14 08:46:57,772 INFO  server.GrpcService (ConfUtils.java:logGet(43)) - raft.grpc.flow.control.window = 1MB (=1048576) (default)
2019-07-14 08:46:57,772 INFO  server.RaftServerConfigKeys (ConfUtils.java:logGet(43)) - raft.server.rpc.request.timeout = 3000ms (default)
2019-07-14 08:46:57,773 INFO  server.RaftServerConfigKeys (ConfUtils.java:logGet(43)) - raft.server.storage.dir = [/workdir/hadoop-ozone/integration-test/target/test-dir/MiniOzoneClusterImpl-23e8018c-609f-4d7a-98b9-4e300fa8af28/datanode-2/data/ratis] (custom)
2019-07-14 08:46:57,774 INFO  replication.SimpleContainerDownloader (SimpleContainerDownloader.java:<init>(72)) - Starting container downloader service to copy containers to replicate.
2019-07-14 08:46:57,775 INFO  hdfs.DFSUtil (DFSUtil.java:httpServerTemplateForNNAndJN(1641)) - Starting Web-server for hddsDatanode at: http://0.0.0.0:0
2019-07-14 08:46:57,776 INFO  server.AuthenticationFilter (AuthenticationFilter.java:constructSecretProvider(240)) - Unable to initialize FileSignerSecretProvider, falling back to use random secrets.
2019-07-14 08:46:57,776 WARN  http.HttpRequestLog (HttpRequestLog.java:getRequestLog(97)) - Jetty request log can only be enabled using Log4j
2019-07-14 08:46:57,778 INFO  http.HttpServer2 (HttpServer2.java:addGlobalFilter(975)) - Added global filter 'safety' (class=org.apache.hadoop.http.HttpServer2$QuotingInputFilter)
2019-07-14 08:46:57,778 INFO  http.HttpServer2 (HttpServer2.java:addFilter(948)) - Added filter static_user_filter (class=org.apache.hadoop.http.lib.StaticUserWebFilter$StaticUserFilter) to context hddsDatanode
2019-07-14 08:46:57,779 INFO  http.HttpServer2 (HttpServer2.java:addFilter(958)) - Added filter static_user_filter (class=org.apache.hadoop.http.lib.StaticUserWebFilter$StaticUserFilter) to context logs
2019-07-14 08:46:57,779 INFO  http.HttpServer2 (HttpServer2.java:addFilter(958)) - Added filter static_user_filter (class=org.apache.hadoop.http.lib.StaticUserWebFilter$StaticUserFilter) to context static
2019-07-14 08:46:57,780 INFO  http.HttpServer2 (HttpServer2.java:bindListener(1191)) - Jetty bound to port 43630
2019-07-14 08:46:57,780 INFO  server.Server (Server.java:doStart(351)) - jetty-9.3.24.v20180605, build timestamp: 2018-06-05T17:11:56Z, git hash: 84205aa28f11a4f31f2a3b86d1bba2cc8ab69827
2019-07-14 08:46:57,783 INFO  handler.ContextHandler (ContextHandler.java:doStart(781)) - Started o.e.j.s.ServletContextHandler@3b97907c{/logs,file:///workdir/hadoop-ozone/integration-test/target/log,AVAILABLE}
2019-07-14 08:46:57,784 INFO  handler.ContextHandler (ContextHandler.java:doStart(781)) - Started o.e.j.s.ServletContextHandler@631c6d11{/static,jar:file:/home/user/.m2/repository/org/apache/hadoop/hadoop-hdds-container-service/0.5.0-SNAPSHOT/hadoop-hdds-container-service-0.5.0-SNAPSHOT.jar!/webapps/static,AVAILABLE}
2019-07-14 08:46:57,812 INFO  handler.ContextHandler (ContextHandler.java:doStart(781)) - Started o.e.j.w.WebAppContext@61608e1a{/,file:///tmp/jetty-0.0.0.0-43630-hddsDatanode-_-any-4989988415671522887.dir/webapp/,AVAILABLE}{/hddsDatanode}
2019-07-14 08:46:57,812 INFO  server.AbstractConnector (AbstractConnector.java:doStart(278)) - Started ServerConnector@7c46c9c3{HTTP/1.1,[http/1.1]}{0.0.0.0:43630}
2019-07-14 08:46:57,813 INFO  server.Server (Server.java:doStart(419)) - Started @6077ms
2019-07-14 08:46:57,815 INFO  server.BaseHttpServer (BaseHttpServer.java:updateConnectorAddress(207)) - HTTP server of HDDSDATANODE is listening at http://0.0.0.0:43630
2019-07-14 08:46:57,935 INFO  ozone.HddsDatanodeService (HddsDatanodeService.java:startPlugins(396)) - Started plug-in org.apache.hadoop.ozone.web.OzoneHddsDatanodeService@4026461d
2019-07-14 08:46:57,935 INFO  impl.MetricsSystemImpl (MetricsSystemImpl.java:init(158)) - HddsDatanode metrics system started (again)
2019-07-14 08:46:57,936 INFO  ozone.HddsDatanodeService (HddsDatanodeService.java:start(185)) - HddsDatanodeService host:trunk-nightly-5z2vd-27108033 ip:192.168.5.191
2019-07-14 08:46:57,937 INFO  util.JvmPauseMonitor (JvmPauseMonitor.java:run(188)) - Starting JVM pause monitor
2019-07-14 08:46:57,943 INFO  datanode.InitDatanodeState (InitDatanodeState.java:persistContainerDatanodeDetails(140)) - DatanodeDetails is persisted to /workdir/hadoop-ozone/integration-test/target/test-dir/MiniOzoneClusterImpl-23e8018c-609f-4d7a-98b9-4e300fa8af28/datanode-2/meta/datanode.id
2019-07-14 08:46:57,945 INFO  volume.HddsVolume (HddsVolume.java:<init>(176)) - Creating Volume: /workdir/hadoop-ozone/integration-test/target/test-dir/MiniOzoneClusterImpl-23e8018c-609f-4d7a-98b9-4e300fa8af28/datanode-3/data/containers/hdds of  storage type : DISK and capacity : 52710309888
2019-07-14 08:46:57,945 INFO  volume.VolumeSet (VolumeSet.java:initializeVolumeSet(170)) - Added Volume : /workdir/hadoop-ozone/integration-test/target/test-dir/MiniOzoneClusterImpl-23e8018c-609f-4d7a-98b9-4e300fa8af28/datanode-3/data/containers/hdds to VolumeSet
2019-07-14 08:46:57,945 INFO  volume.ThrottledAsyncChecker (ThrottledAsyncChecker.java:schedule(140)) - Scheduling a check for org.apache.hadoop.ozone.container.common.volume.HddsVolume@57bd6a8f
2019-07-14 08:46:57,946 INFO  volume.HddsVolumeChecker (HddsVolumeChecker.java:checkAllVolumes(203)) - Scheduled health check for volume org.apache.hadoop.ozone.container.common.volume.HddsVolume@57bd6a8f
2019-07-14 08:46:57,960 INFO  impl.RaftServerProxy (ConfUtils.java:logGet(43)) - raft.rpc.type = GRPC (default)
2019-07-14 08:46:57,960 INFO  grpc.GrpcFactory (GrpcFactory.java:checkPooledByteBufAllocatorUseCacheForAllThreads(45)) - PERFORMANCE WARNING: useCacheForAllThreads is true that may cause Netty to create a lot garbage objects and, as a result, trigger GC.
	It is recommended to disable useCacheForAllThreads by setting -Dorg.apache.ratis.thirdparty.io.netty.allocator.useCacheForAllThreads=false in command line.
2019-07-14 08:46:57,960 INFO  grpc.GrpcConfigKeys$Server (ConfUtils.java:logGet(43)) - raft.grpc.server.port = 0 (default)
2019-07-14 08:46:57,961 INFO  server.GrpcService (ConfUtils.java:logGet(43)) - raft.grpc.message.size.max = 33570816 (custom)
2019-07-14 08:46:57,961 INFO  server.RaftServerConfigKeys (ConfUtils.java:logGet(43)) - raft.server.log.appender.buffer.byte-limit = 33554432 (custom)
2019-07-14 08:46:57,961 INFO  server.GrpcService (ConfUtils.java:logGet(43)) - raft.grpc.flow.control.window = 1MB (=1048576) (default)
2019-07-14 08:46:57,961 INFO  server.RaftServerConfigKeys (ConfUtils.java:logGet(43)) - raft.server.rpc.request.timeout = 3000ms (default)
2019-07-14 08:46:57,962 INFO  server.RaftServerConfigKeys (ConfUtils.java:logGet(43)) - raft.server.storage.dir = [/workdir/hadoop-ozone/integration-test/target/test-dir/MiniOzoneClusterImpl-23e8018c-609f-4d7a-98b9-4e300fa8af28/datanode-3/data/ratis] (custom)
2019-07-14 08:46:57,962 INFO  replication.SimpleContainerDownloader (SimpleContainerDownloader.java:<init>(72)) - Starting container downloader service to copy containers to replicate.
2019-07-14 08:46:57,964 INFO  hdfs.DFSUtil (DFSUtil.java:httpServerTemplateForNNAndJN(1641)) - Starting Web-server for hddsDatanode at: http://0.0.0.0:0
2019-07-14 08:46:57,965 INFO  server.AuthenticationFilter (AuthenticationFilter.java:constructSecretProvider(240)) - Unable to initialize FileSignerSecretProvider, falling back to use random secrets.
2019-07-14 08:46:57,965 WARN  http.HttpRequestLog (HttpRequestLog.java:getRequestLog(97)) - Jetty request log can only be enabled using Log4j
2019-07-14 08:46:57,967 INFO  http.HttpServer2 (HttpServer2.java:addGlobalFilter(975)) - Added global filter 'safety' (class=org.apache.hadoop.http.HttpServer2$QuotingInputFilter)
2019-07-14 08:46:57,967 INFO  http.HttpServer2 (HttpServer2.java:addFilter(948)) - Added filter static_user_filter (class=org.apache.hadoop.http.lib.StaticUserWebFilter$StaticUserFilter) to context hddsDatanode
2019-07-14 08:46:57,967 INFO  http.HttpServer2 (HttpServer2.java:addFilter(958)) - Added filter static_user_filter (class=org.apache.hadoop.http.lib.StaticUserWebFilter$StaticUserFilter) to context static
2019-07-14 08:46:57,967 INFO  http.HttpServer2 (HttpServer2.java:addFilter(958)) - Added filter static_user_filter (class=org.apache.hadoop.http.lib.StaticUserWebFilter$StaticUserFilter) to context logs
2019-07-14 08:46:57,968 INFO  http.HttpServer2 (HttpServer2.java:bindListener(1191)) - Jetty bound to port 33236
2019-07-14 08:46:57,968 INFO  server.Server (Server.java:doStart(351)) - jetty-9.3.24.v20180605, build timestamp: 2018-06-05T17:11:56Z, git hash: 84205aa28f11a4f31f2a3b86d1bba2cc8ab69827
2019-07-14 08:46:57,971 INFO  handler.ContextHandler (ContextHandler.java:doStart(781)) - Started o.e.j.s.ServletContextHandler@5f395ce1{/logs,file:///workdir/hadoop-ozone/integration-test/target/log,AVAILABLE}
2019-07-14 08:46:57,971 INFO  handler.ContextHandler (ContextHandler.java:doStart(781)) - Started o.e.j.s.ServletContextHandler@1e30db85{/static,jar:file:/home/user/.m2/repository/org/apache/hadoop/hadoop-hdds-container-service/0.5.0-SNAPSHOT/hadoop-hdds-container-service-0.5.0-SNAPSHOT.jar!/webapps/static,AVAILABLE}
2019-07-14 08:46:58,022 INFO  handler.ContextHandler (ContextHandler.java:doStart(781)) - Started o.e.j.w.WebAppContext@1e00bfe2{/,file:///tmp/jetty-0.0.0.0-33236-hddsDatanode-_-any-7096519524324906222.dir/webapp/,AVAILABLE}{/hddsDatanode}
2019-07-14 08:46:58,022 INFO  server.AbstractConnector (AbstractConnector.java:doStart(278)) - Started ServerConnector@4702e7a5{HTTP/1.1,[http/1.1]}{0.0.0.0:33236}
2019-07-14 08:46:58,023 INFO  server.Server (Server.java:doStart(419)) - Started @6287ms
2019-07-14 08:46:58,026 INFO  server.BaseHttpServer (BaseHttpServer.java:updateConnectorAddress(207)) - HTTP server of HDDSDATANODE is listening at http://0.0.0.0:33236
2019-07-14 08:46:58,193 INFO  ozone.HddsDatanodeService (HddsDatanodeService.java:startPlugins(396)) - Started plug-in org.apache.hadoop.ozone.web.OzoneHddsDatanodeService@1bd8afc8
2019-07-14 08:46:58,194 INFO  impl.MetricsSystemImpl (MetricsSystemImpl.java:init(158)) - HddsDatanode metrics system started (again)
2019-07-14 08:46:58,195 INFO  ozone.HddsDatanodeService (HddsDatanodeService.java:start(185)) - HddsDatanodeService host:trunk-nightly-5z2vd-27108033 ip:192.168.5.191
2019-07-14 08:46:58,196 INFO  util.JvmPauseMonitor (JvmPauseMonitor.java:run(188)) - Starting JVM pause monitor
2019-07-14 08:46:58,199 INFO  datanode.InitDatanodeState (InitDatanodeState.java:persistContainerDatanodeDetails(140)) - DatanodeDetails is persisted to /workdir/hadoop-ozone/integration-test/target/test-dir/MiniOzoneClusterImpl-23e8018c-609f-4d7a-98b9-4e300fa8af28/datanode-3/meta/datanode.id
2019-07-14 08:46:58,207 INFO  volume.HddsVolume (HddsVolume.java:<init>(176)) - Creating Volume: /workdir/hadoop-ozone/integration-test/target/test-dir/MiniOzoneClusterImpl-23e8018c-609f-4d7a-98b9-4e300fa8af28/datanode-4/data/containers/hdds of  storage type : DISK and capacity : 52710309888
2019-07-14 08:46:58,207 INFO  volume.VolumeSet (VolumeSet.java:initializeVolumeSet(170)) - Added Volume : /workdir/hadoop-ozone/integration-test/target/test-dir/MiniOzoneClusterImpl-23e8018c-609f-4d7a-98b9-4e300fa8af28/datanode-4/data/containers/hdds to VolumeSet
2019-07-14 08:46:58,208 INFO  volume.ThrottledAsyncChecker (ThrottledAsyncChecker.java:schedule(140)) - Scheduling a check for org.apache.hadoop.ozone.container.common.volume.HddsVolume@77a0dd63
2019-07-14 08:46:58,208 INFO  volume.HddsVolumeChecker (HddsVolumeChecker.java:checkAllVolumes(203)) - Scheduled health check for volume org.apache.hadoop.ozone.container.common.volume.HddsVolume@77a0dd63
2019-07-14 08:46:58,230 INFO  impl.RaftServerProxy (ConfUtils.java:logGet(43)) - raft.rpc.type = GRPC (default)
2019-07-14 08:46:58,230 INFO  grpc.GrpcFactory (GrpcFactory.java:checkPooledByteBufAllocatorUseCacheForAllThreads(45)) - PERFORMANCE WARNING: useCacheForAllThreads is true that may cause Netty to create a lot garbage objects and, as a result, trigger GC.
	It is recommended to disable useCacheForAllThreads by setting -Dorg.apache.ratis.thirdparty.io.netty.allocator.useCacheForAllThreads=false in command line.
2019-07-14 08:46:58,231 INFO  grpc.GrpcConfigKeys$Server (ConfUtils.java:logGet(43)) - raft.grpc.server.port = 0 (default)
2019-07-14 08:46:58,231 INFO  server.GrpcService (ConfUtils.java:logGet(43)) - raft.grpc.message.size.max = 33570816 (custom)
2019-07-14 08:46:58,231 INFO  server.RaftServerConfigKeys (ConfUtils.java:logGet(43)) - raft.server.log.appender.buffer.byte-limit = 33554432 (custom)
2019-07-14 08:46:58,232 INFO  server.GrpcService (ConfUtils.java:logGet(43)) - raft.grpc.flow.control.window = 1MB (=1048576) (default)
2019-07-14 08:46:58,232 INFO  server.RaftServerConfigKeys (ConfUtils.java:logGet(43)) - raft.server.rpc.request.timeout = 3000ms (default)
2019-07-14 08:46:58,233 INFO  server.RaftServerConfigKeys (ConfUtils.java:logGet(43)) - raft.server.storage.dir = [/workdir/hadoop-ozone/integration-test/target/test-dir/MiniOzoneClusterImpl-23e8018c-609f-4d7a-98b9-4e300fa8af28/datanode-4/data/ratis] (custom)
2019-07-14 08:46:58,233 INFO  replication.SimpleContainerDownloader (SimpleContainerDownloader.java:<init>(72)) - Starting container downloader service to copy containers to replicate.
2019-07-14 08:46:58,235 INFO  hdfs.DFSUtil (DFSUtil.java:httpServerTemplateForNNAndJN(1641)) - Starting Web-server for hddsDatanode at: http://0.0.0.0:0
2019-07-14 08:46:58,237 INFO  server.AuthenticationFilter (AuthenticationFilter.java:constructSecretProvider(240)) - Unable to initialize FileSignerSecretProvider, falling back to use random secrets.
2019-07-14 08:46:58,238 WARN  http.HttpRequestLog (HttpRequestLog.java:getRequestLog(97)) - Jetty request log can only be enabled using Log4j
2019-07-14 08:46:58,240 INFO  http.HttpServer2 (HttpServer2.java:addGlobalFilter(975)) - Added global filter 'safety' (class=org.apache.hadoop.http.HttpServer2$QuotingInputFilter)
2019-07-14 08:46:58,241 INFO  http.HttpServer2 (HttpServer2.java:addFilter(948)) - Added filter static_user_filter (class=org.apache.hadoop.http.lib.StaticUserWebFilter$StaticUserFilter) to context hddsDatanode
2019-07-14 08:46:58,242 INFO  http.HttpServer2 (HttpServer2.java:addFilter(958)) - Added filter static_user_filter (class=org.apache.hadoop.http.lib.StaticUserWebFilter$StaticUserFilter) to context static
2019-07-14 08:46:58,242 INFO  http.HttpServer2 (HttpServer2.java:addFilter(958)) - Added filter static_user_filter (class=org.apache.hadoop.http.lib.StaticUserWebFilter$StaticUserFilter) to context logs
2019-07-14 08:46:58,243 INFO  http.HttpServer2 (HttpServer2.java:bindListener(1191)) - Jetty bound to port 44349
2019-07-14 08:46:58,244 INFO  server.Server (Server.java:doStart(351)) - jetty-9.3.24.v20180605, build timestamp: 2018-06-05T17:11:56Z, git hash: 84205aa28f11a4f31f2a3b86d1bba2cc8ab69827
2019-07-14 08:46:58,252 INFO  handler.ContextHandler (ContextHandler.java:doStart(781)) - Started o.e.j.s.ServletContextHandler@7aa01bd9{/logs,file:///workdir/hadoop-ozone/integration-test/target/log,AVAILABLE}
2019-07-14 08:46:58,253 INFO  handler.ContextHandler (ContextHandler.java:doStart(781)) - Started o.e.j.s.ServletContextHandler@615db358{/static,jar:file:/home/user/.m2/repository/org/apache/hadoop/hadoop-hdds-container-service/0.5.0-SNAPSHOT/hadoop-hdds-container-service-0.5.0-SNAPSHOT.jar!/webapps/static,AVAILABLE}
2019-07-14 08:46:58,297 INFO  handler.ContextHandler (ContextHandler.java:doStart(781)) - Started o.e.j.w.WebAppContext@34136bd1{/,file:///tmp/jetty-0.0.0.0-44349-hddsDatanode-_-any-3276365811493940121.dir/webapp/,AVAILABLE}{/hddsDatanode}
2019-07-14 08:46:58,297 INFO  server.AbstractConnector (AbstractConnector.java:doStart(278)) - Started ServerConnector@6de7778f{HTTP/1.1,[http/1.1]}{0.0.0.0:44349}
2019-07-14 08:46:58,300 INFO  server.Server (Server.java:doStart(419)) - Started @6562ms
2019-07-14 08:46:58,301 INFO  server.BaseHttpServer (BaseHttpServer.java:updateConnectorAddress(207)) - HTTP server of HDDSDATANODE is listening at http://0.0.0.0:44349
2019-07-14 08:46:58,425 INFO  ozone.HddsDatanodeService (HddsDatanodeService.java:startPlugins(396)) - Started plug-in org.apache.hadoop.ozone.web.OzoneHddsDatanodeService@5fdd97c1
2019-07-14 08:46:58,425 INFO  impl.MetricsSystemImpl (MetricsSystemImpl.java:init(158)) - HddsDatanode metrics system started (again)
2019-07-14 08:46:58,425 INFO  ozone.HddsDatanodeService (HddsDatanodeService.java:start(185)) - HddsDatanodeService host:trunk-nightly-5z2vd-27108033 ip:192.168.5.191
2019-07-14 08:46:58,428 INFO  util.JvmPauseMonitor (JvmPauseMonitor.java:run(188)) - Starting JVM pause monitor
2019-07-14 08:46:58,431 INFO  datanode.InitDatanodeState (InitDatanodeState.java:persistContainerDatanodeDetails(140)) - DatanodeDetails is persisted to /workdir/hadoop-ozone/integration-test/target/test-dir/MiniOzoneClusterImpl-23e8018c-609f-4d7a-98b9-4e300fa8af28/datanode-4/meta/datanode.id
2019-07-14 08:46:58,435 INFO  volume.HddsVolume (HddsVolume.java:<init>(176)) - Creating Volume: /workdir/hadoop-ozone/integration-test/target/test-dir/MiniOzoneClusterImpl-23e8018c-609f-4d7a-98b9-4e300fa8af28/datanode-5/data/containers/hdds of  storage type : DISK and capacity : 52710309888
2019-07-14 08:46:58,435 INFO  volume.VolumeSet (VolumeSet.java:initializeVolumeSet(170)) - Added Volume : /workdir/hadoop-ozone/integration-test/target/test-dir/MiniOzoneClusterImpl-23e8018c-609f-4d7a-98b9-4e300fa8af28/datanode-5/data/containers/hdds to VolumeSet
2019-07-14 08:46:58,436 INFO  volume.ThrottledAsyncChecker (ThrottledAsyncChecker.java:schedule(140)) - Scheduling a check for org.apache.hadoop.ozone.container.common.volume.HddsVolume@37d3e140
2019-07-14 08:46:58,436 INFO  volume.HddsVolumeChecker (HddsVolumeChecker.java:checkAllVolumes(203)) - Scheduled health check for volume org.apache.hadoop.ozone.container.common.volume.HddsVolume@37d3e140
2019-07-14 08:46:58,451 INFO  impl.RaftServerProxy (ConfUtils.java:logGet(43)) - raft.rpc.type = GRPC (default)
2019-07-14 08:46:58,451 INFO  grpc.GrpcFactory (GrpcFactory.java:checkPooledByteBufAllocatorUseCacheForAllThreads(45)) - PERFORMANCE WARNING: useCacheForAllThreads is true that may cause Netty to create a lot garbage objects and, as a result, trigger GC.
	It is recommended to disable useCacheForAllThreads by setting -Dorg.apache.ratis.thirdparty.io.netty.allocator.useCacheForAllThreads=false in command line.
2019-07-14 08:46:58,451 INFO  grpc.GrpcConfigKeys$Server (ConfUtils.java:logGet(43)) - raft.grpc.server.port = 0 (default)
2019-07-14 08:46:58,452 INFO  server.GrpcService (ConfUtils.java:logGet(43)) - raft.grpc.message.size.max = 33570816 (custom)
2019-07-14 08:46:58,452 INFO  server.RaftServerConfigKeys (ConfUtils.java:logGet(43)) - raft.server.log.appender.buffer.byte-limit = 33554432 (custom)
2019-07-14 08:46:58,452 INFO  server.GrpcService (ConfUtils.java:logGet(43)) - raft.grpc.flow.control.window = 1MB (=1048576) (default)
2019-07-14 08:46:58,452 INFO  server.RaftServerConfigKeys (ConfUtils.java:logGet(43)) - raft.server.rpc.request.timeout = 3000ms (default)
2019-07-14 08:46:58,453 INFO  server.RaftServerConfigKeys (ConfUtils.java:logGet(43)) - raft.server.storage.dir = [/workdir/hadoop-ozone/integration-test/target/test-dir/MiniOzoneClusterImpl-23e8018c-609f-4d7a-98b9-4e300fa8af28/datanode-5/data/ratis] (custom)
2019-07-14 08:46:58,453 INFO  replication.SimpleContainerDownloader (SimpleContainerDownloader.java:<init>(72)) - Starting container downloader service to copy containers to replicate.
2019-07-14 08:46:58,454 INFO  hdfs.DFSUtil (DFSUtil.java:httpServerTemplateForNNAndJN(1641)) - Starting Web-server for hddsDatanode at: http://0.0.0.0:0
2019-07-14 08:46:58,456 INFO  server.AuthenticationFilter (AuthenticationFilter.java:constructSecretProvider(240)) - Unable to initialize FileSignerSecretProvider, falling back to use random secrets.
2019-07-14 08:46:58,456 WARN  http.HttpRequestLog (HttpRequestLog.java:getRequestLog(97)) - Jetty request log can only be enabled using Log4j
2019-07-14 08:46:58,458 INFO  http.HttpServer2 (HttpServer2.java:addGlobalFilter(975)) - Added global filter 'safety' (class=org.apache.hadoop.http.HttpServer2$QuotingInputFilter)
2019-07-14 08:46:58,458 INFO  http.HttpServer2 (HttpServer2.java:addFilter(948)) - Added filter static_user_filter (class=org.apache.hadoop.http.lib.StaticUserWebFilter$StaticUserFilter) to context hddsDatanode
2019-07-14 08:46:58,458 INFO  http.HttpServer2 (HttpServer2.java:addFilter(958)) - Added filter static_user_filter (class=org.apache.hadoop.http.lib.StaticUserWebFilter$StaticUserFilter) to context static
2019-07-14 08:46:58,459 INFO  http.HttpServer2 (HttpServer2.java:addFilter(958)) - Added filter static_user_filter (class=org.apache.hadoop.http.lib.StaticUserWebFilter$StaticUserFilter) to context logs
2019-07-14 08:46:58,459 INFO  http.HttpServer2 (HttpServer2.java:bindListener(1191)) - Jetty bound to port 40921
2019-07-14 08:46:58,459 INFO  server.Server (Server.java:doStart(351)) - jetty-9.3.24.v20180605, build timestamp: 2018-06-05T17:11:56Z, git hash: 84205aa28f11a4f31f2a3b86d1bba2cc8ab69827
2019-07-14 08:46:58,462 INFO  handler.ContextHandler (ContextHandler.java:doStart(781)) - Started o.e.j.s.ServletContextHandler@545d2560{/logs,file:///workdir/hadoop-ozone/integration-test/target/log,AVAILABLE}
2019-07-14 08:46:58,462 INFO  handler.ContextHandler (ContextHandler.java:doStart(781)) - Started o.e.j.s.ServletContextHandler@6885ed19{/static,jar:file:/home/user/.m2/repository/org/apache/hadoop/hadoop-hdds-container-service/0.5.0-SNAPSHOT/hadoop-hdds-container-service-0.5.0-SNAPSHOT.jar!/webapps/static,AVAILABLE}
2019-07-14 08:46:58,490 INFO  handler.ContextHandler (ContextHandler.java:doStart(781)) - Started o.e.j.w.WebAppContext@40c8067{/,file:///tmp/jetty-0.0.0.0-40921-hddsDatanode-_-any-6114056451168213440.dir/webapp/,AVAILABLE}{/hddsDatanode}
2019-07-14 08:46:58,491 INFO  server.AbstractConnector (AbstractConnector.java:doStart(278)) - Started ServerConnector@46bb0bdf{HTTP/1.1,[http/1.1]}{0.0.0.0:40921}
2019-07-14 08:46:58,491 INFO  server.Server (Server.java:doStart(419)) - Started @6755ms
2019-07-14 08:46:58,492 INFO  server.BaseHttpServer (BaseHttpServer.java:updateConnectorAddress(207)) - HTTP server of HDDSDATANODE is listening at http://0.0.0.0:40921
2019-07-14 08:46:58,604 INFO  ozone.HddsDatanodeService (HddsDatanodeService.java:startPlugins(396)) - Started plug-in org.apache.hadoop.ozone.web.OzoneHddsDatanodeService@7d25913
2019-07-14 08:46:58,604 INFO  impl.MetricsSystemImpl (MetricsSystemImpl.java:init(158)) - HddsDatanode metrics system started (again)
2019-07-14 08:46:58,605 INFO  ozone.HddsDatanodeService (HddsDatanodeService.java:start(185)) - HddsDatanodeService host:trunk-nightly-5z2vd-27108033 ip:192.168.5.191
2019-07-14 08:46:58,647 INFO  util.JvmPauseMonitor (JvmPauseMonitor.java:run(188)) - Starting JVM pause monitor
2019-07-14 08:46:58,650 INFO  datanode.InitDatanodeState (InitDatanodeState.java:persistContainerDatanodeDetails(140)) - DatanodeDetails is persisted to /workdir/hadoop-ozone/integration-test/target/test-dir/MiniOzoneClusterImpl-23e8018c-609f-4d7a-98b9-4e300fa8af28/datanode-5/meta/datanode.id
2019-07-14 08:46:58,659 INFO  volume.HddsVolume (HddsVolume.java:<init>(176)) - Creating Volume: /workdir/hadoop-ozone/integration-test/target/test-dir/MiniOzoneClusterImpl-23e8018c-609f-4d7a-98b9-4e300fa8af28/datanode-6/data/containers/hdds of  storage type : DISK and capacity : 52710309888
2019-07-14 08:46:58,662 INFO  volume.VolumeSet (VolumeSet.java:initializeVolumeSet(170)) - Added Volume : /workdir/hadoop-ozone/integration-test/target/test-dir/MiniOzoneClusterImpl-23e8018c-609f-4d7a-98b9-4e300fa8af28/datanode-6/data/containers/hdds to VolumeSet
2019-07-14 08:46:58,662 INFO  volume.ThrottledAsyncChecker (ThrottledAsyncChecker.java:schedule(140)) - Scheduling a check for org.apache.hadoop.ozone.container.common.volume.HddsVolume@40a1b6d4
2019-07-14 08:46:58,664 INFO  volume.HddsVolumeChecker (HddsVolumeChecker.java:checkAllVolumes(203)) - Scheduled health check for volume org.apache.hadoop.ozone.container.common.volume.HddsVolume@40a1b6d4
2019-07-14 08:46:58,702 INFO  impl.RaftServerProxy (ConfUtils.java:logGet(43)) - raft.rpc.type = GRPC (default)
2019-07-14 08:46:58,703 INFO  grpc.GrpcFactory (GrpcFactory.java:checkPooledByteBufAllocatorUseCacheForAllThreads(45)) - PERFORMANCE WARNING: useCacheForAllThreads is true that may cause Netty to create a lot garbage objects and, as a result, trigger GC.
	It is recommended to disable useCacheForAllThreads by setting -Dorg.apache.ratis.thirdparty.io.netty.allocator.useCacheForAllThreads=false in command line.
2019-07-14 08:46:58,703 INFO  grpc.GrpcConfigKeys$Server (ConfUtils.java:logGet(43)) - raft.grpc.server.port = 0 (default)
2019-07-14 08:46:58,703 INFO  server.GrpcService (ConfUtils.java:logGet(43)) - raft.grpc.message.size.max = 33570816 (custom)
2019-07-14 08:46:58,704 INFO  server.RaftServerConfigKeys (ConfUtils.java:logGet(43)) - raft.server.log.appender.buffer.byte-limit = 33554432 (custom)
2019-07-14 08:46:58,704 INFO  server.GrpcService (ConfUtils.java:logGet(43)) - raft.grpc.flow.control.window = 1MB (=1048576) (default)
2019-07-14 08:46:58,704 INFO  server.RaftServerConfigKeys (ConfUtils.java:logGet(43)) - raft.server.rpc.request.timeout = 3000ms (default)
2019-07-14 08:46:58,705 INFO  server.RaftServerConfigKeys (ConfUtils.java:logGet(43)) - raft.server.storage.dir = [/workdir/hadoop-ozone/integration-test/target/test-dir/MiniOzoneClusterImpl-23e8018c-609f-4d7a-98b9-4e300fa8af28/datanode-6/data/ratis] (custom)
2019-07-14 08:46:58,706 INFO  replication.SimpleContainerDownloader (SimpleContainerDownloader.java:<init>(72)) - Starting container downloader service to copy containers to replicate.
2019-07-14 08:46:58,707 INFO  hdfs.DFSUtil (DFSUtil.java:httpServerTemplateForNNAndJN(1641)) - Starting Web-server for hddsDatanode at: http://0.0.0.0:0
2019-07-14 08:46:58,709 INFO  server.AuthenticationFilter (AuthenticationFilter.java:constructSecretProvider(240)) - Unable to initialize FileSignerSecretProvider, falling back to use random secrets.
2019-07-14 08:46:58,710 WARN  http.HttpRequestLog (HttpRequestLog.java:getRequestLog(97)) - Jetty request log can only be enabled using Log4j
2019-07-14 08:46:58,712 INFO  http.HttpServer2 (HttpServer2.java:addGlobalFilter(975)) - Added global filter 'safety' (class=org.apache.hadoop.http.HttpServer2$QuotingInputFilter)
2019-07-14 08:46:58,712 INFO  http.HttpServer2 (HttpServer2.java:addFilter(948)) - Added filter static_user_filter (class=org.apache.hadoop.http.lib.StaticUserWebFilter$StaticUserFilter) to context hddsDatanode
2019-07-14 08:46:58,713 INFO  http.HttpServer2 (HttpServer2.java:addFilter(958)) - Added filter static_user_filter (class=org.apache.hadoop.http.lib.StaticUserWebFilter$StaticUserFilter) to context static
2019-07-14 08:46:58,713 INFO  http.HttpServer2 (HttpServer2.java:addFilter(958)) - Added filter static_user_filter (class=org.apache.hadoop.http.lib.StaticUserWebFilter$StaticUserFilter) to context logs
2019-07-14 08:46:58,714 INFO  http.HttpServer2 (HttpServer2.java:bindListener(1191)) - Jetty bound to port 34493
2019-07-14 08:46:58,714 INFO  server.Server (Server.java:doStart(351)) - jetty-9.3.24.v20180605, build timestamp: 2018-06-05T17:11:56Z, git hash: 84205aa28f11a4f31f2a3b86d1bba2cc8ab69827
2019-07-14 08:46:58,716 INFO  handler.ContextHandler (ContextHandler.java:doStart(781)) - Started o.e.j.s.ServletContextHandler@718989fa{/logs,file:///workdir/hadoop-ozone/integration-test/target/log,AVAILABLE}
2019-07-14 08:46:58,717 INFO  handler.ContextHandler (ContextHandler.java:doStart(781)) - Started o.e.j.s.ServletContextHandler@6568f998{/static,jar:file:/home/user/.m2/repository/org/apache/hadoop/hadoop-hdds-container-service/0.5.0-SNAPSHOT/hadoop-hdds-container-service-0.5.0-SNAPSHOT.jar!/webapps/static,AVAILABLE}
2019-07-14 08:46:58,757 INFO  handler.ContextHandler (ContextHandler.java:doStart(781)) - Started o.e.j.w.WebAppContext@448ade1{/,file:///tmp/jetty-0.0.0.0-34493-hddsDatanode-_-any-1146794243190509980.dir/webapp/,AVAILABLE}{/hddsDatanode}
2019-07-14 08:46:58,757 INFO  server.AbstractConnector (AbstractConnector.java:doStart(278)) - Started ServerConnector@21f9c6ea{HTTP/1.1,[http/1.1]}{0.0.0.0:34493}
2019-07-14 08:46:58,758 INFO  server.Server (Server.java:doStart(419)) - Started @7022ms
2019-07-14 08:46:58,759 INFO  server.BaseHttpServer (BaseHttpServer.java:updateConnectorAddress(207)) - HTTP server of HDDSDATANODE is listening at http://0.0.0.0:34493
2019-07-14 08:46:58,924 INFO  ozone.HddsDatanodeService (HddsDatanodeService.java:startPlugins(396)) - Started plug-in org.apache.hadoop.ozone.web.OzoneHddsDatanodeService@112c2930
2019-07-14 08:46:58,925 INFO  ozone.MiniOzoneClusterImpl (MiniOzoneClusterImpl.java:lambda$waitForClusterToBeReady$0(142)) - Waiting for cluster to be ready. Got 0 of 7 DN Heartbeats.
2019-07-14 08:46:58,926 INFO  util.JvmPauseMonitor (JvmPauseMonitor.java:run(188)) - Starting JVM pause monitor
2019-07-14 08:46:58,929 INFO  datanode.InitDatanodeState (InitDatanodeState.java:persistContainerDatanodeDetails(140)) - DatanodeDetails is persisted to /workdir/hadoop-ozone/integration-test/target/test-dir/MiniOzoneClusterImpl-23e8018c-609f-4d7a-98b9-4e300fa8af28/datanode-6/meta/datanode.id
2019-07-14 08:46:59,571 INFO  ozoneimpl.OzoneContainer (OzoneContainer.java:start(186)) - Attempting to start container services.
2019-07-14 08:46:59,571 INFO  ozoneimpl.OzoneContainer (OzoneContainer.java:startContainerScrub(160)) - Background container scrubber has been disabled by hdds.containerscrub.enabled
2019-07-14 08:46:59,572 INFO  ratis.XceiverServerRatis (XceiverServerRatis.java:start(418)) - Starting XceiverServerRatis cf49eaf6-3185-427d-b0d8-0deb8303225c at port 0
2019-07-14 08:46:59,594 INFO  impl.RaftServerProxy (RaftServerProxy.java:lambda$start$3(299)) - cf49eaf6-3185-427d-b0d8-0deb8303225c: start RPC server
2019-07-14 08:46:59,722 INFO  server.GrpcService (GrpcService.java:startImpl(149)) - cf49eaf6-3185-427d-b0d8-0deb8303225c: GrpcService started, listening on 0.0.0.0/0.0.0.0:42861
2019-07-14 08:46:59,723 INFO  ratis.XceiverServerRatis (XceiverServerRatis.java:start(428)) - XceiverServerRatis cf49eaf6-3185-427d-b0d8-0deb8303225c is started using port 42861
2019-07-14 08:46:59,726 INFO  server.XceiverServerGrpc (XceiverServerGrpc.java:start(161)) - XceiverServerGrpc cf49eaf6-3185-427d-b0d8-0deb8303225c is started using port 43168
2019-07-14 08:46:59,762 INFO  ozoneimpl.OzoneContainer (OzoneContainer.java:start(186)) - Attempting to start container services.
2019-07-14 08:46:59,764 INFO  ozoneimpl.OzoneContainer (OzoneContainer.java:startContainerScrub(160)) - Background container scrubber has been disabled by hdds.containerscrub.enabled
2019-07-14 08:46:59,764 INFO  ratis.XceiverServerRatis (XceiverServerRatis.java:start(418)) - Starting XceiverServerRatis 80aedb7d-178f-4a5b-809b-3c2ed3caea8c at port 0
2019-07-14 08:46:59,774 INFO  impl.RaftServerProxy (RaftServerProxy.java:lambda$start$3(299)) - 80aedb7d-178f-4a5b-809b-3c2ed3caea8c: start RPC server
2019-07-14 08:46:59,778 INFO  server.GrpcService (GrpcService.java:startImpl(149)) - 80aedb7d-178f-4a5b-809b-3c2ed3caea8c: GrpcService started, listening on 0.0.0.0/0.0.0.0:35165
2019-07-14 08:46:59,779 INFO  ratis.XceiverServerRatis (XceiverServerRatis.java:start(428)) - XceiverServerRatis 80aedb7d-178f-4a5b-809b-3c2ed3caea8c is started using port 35165
2019-07-14 08:46:59,781 INFO  server.XceiverServerGrpc (XceiverServerGrpc.java:start(161)) - XceiverServerGrpc 80aedb7d-178f-4a5b-809b-3c2ed3caea8c is started using port 41960
2019-07-14 08:46:59,926 INFO  ozone.MiniOzoneClusterImpl (MiniOzoneClusterImpl.java:lambda$waitForClusterToBeReady$0(142)) - Waiting for cluster to be ready. Got 0 of 7 DN Heartbeats.
2019-07-14 08:46:59,947 INFO  ozoneimpl.OzoneContainer (OzoneContainer.java:start(186)) - Attempting to start container services.
2019-07-14 08:46:59,949 INFO  ozoneimpl.OzoneContainer (OzoneContainer.java:startContainerScrub(160)) - Background container scrubber has been disabled by hdds.containerscrub.enabled
2019-07-14 08:46:59,950 INFO  ratis.XceiverServerRatis (XceiverServerRatis.java:start(418)) - Starting XceiverServerRatis 45b257bb-fabe-467f-8d8e-ce81762ca88b at port 0
2019-07-14 08:46:59,958 INFO  impl.RaftServerProxy (RaftServerProxy.java:lambda$start$3(299)) - 45b257bb-fabe-467f-8d8e-ce81762ca88b: start RPC server
2019-07-14 08:46:59,962 INFO  server.GrpcService (GrpcService.java:startImpl(149)) - 45b257bb-fabe-467f-8d8e-ce81762ca88b: GrpcService started, listening on 0.0.0.0/0.0.0.0:42990
2019-07-14 08:46:59,962 INFO  ratis.XceiverServerRatis (XceiverServerRatis.java:start(428)) - XceiverServerRatis 45b257bb-fabe-467f-8d8e-ce81762ca88b is started using port 42990
2019-07-14 08:46:59,965 INFO  server.XceiverServerGrpc (XceiverServerGrpc.java:start(161)) - XceiverServerGrpc 45b257bb-fabe-467f-8d8e-ce81762ca88b is started using port 41649
2019-07-14 08:47:00,207 INFO  ozoneimpl.OzoneContainer (OzoneContainer.java:start(186)) - Attempting to start container services.
2019-07-14 08:47:00,209 INFO  ozoneimpl.OzoneContainer (OzoneContainer.java:startContainerScrub(160)) - Background container scrubber has been disabled by hdds.containerscrub.enabled
2019-07-14 08:47:00,210 INFO  ratis.XceiverServerRatis (XceiverServerRatis.java:start(418)) - Starting XceiverServerRatis 1915db36-1842-4533-89d6-17e313d02506 at port 0
2019-07-14 08:47:00,220 INFO  impl.RaftServerProxy (RaftServerProxy.java:lambda$start$3(299)) - 1915db36-1842-4533-89d6-17e313d02506: start RPC server
2019-07-14 08:47:00,225 INFO  server.GrpcService (GrpcService.java:startImpl(149)) - 1915db36-1842-4533-89d6-17e313d02506: GrpcService started, listening on 0.0.0.0/0.0.0.0:35136
2019-07-14 08:47:00,225 INFO  ratis.XceiverServerRatis (XceiverServerRatis.java:start(428)) - XceiverServerRatis 1915db36-1842-4533-89d6-17e313d02506 is started using port 35136
2019-07-14 08:47:00,228 INFO  server.XceiverServerGrpc (XceiverServerGrpc.java:start(161)) - XceiverServerGrpc 1915db36-1842-4533-89d6-17e313d02506 is started using port 41697
2019-07-14 08:47:00,436 INFO  ozoneimpl.OzoneContainer (OzoneContainer.java:start(186)) - Attempting to start container services.
2019-07-14 08:47:00,439 INFO  ozoneimpl.OzoneContainer (OzoneContainer.java:startContainerScrub(160)) - Background container scrubber has been disabled by hdds.containerscrub.enabled
2019-07-14 08:47:00,439 INFO  ratis.XceiverServerRatis (XceiverServerRatis.java:start(418)) - Starting XceiverServerRatis 5f0b5e26-5075-4a10-9fbe-a094d8ad9dce at port 0
2019-07-14 08:47:00,450 INFO  impl.RaftServerProxy (RaftServerProxy.java:lambda$start$3(299)) - 5f0b5e26-5075-4a10-9fbe-a094d8ad9dce: start RPC server
2019-07-14 08:47:00,454 INFO  server.GrpcService (GrpcService.java:startImpl(149)) - 5f0b5e26-5075-4a10-9fbe-a094d8ad9dce: GrpcService started, listening on 0.0.0.0/0.0.0.0:43193
2019-07-14 08:47:00,455 INFO  ratis.XceiverServerRatis (XceiverServerRatis.java:start(428)) - XceiverServerRatis 5f0b5e26-5075-4a10-9fbe-a094d8ad9dce is started using port 43193
2019-07-14 08:47:00,460 INFO  server.XceiverServerGrpc (XceiverServerGrpc.java:start(161)) - XceiverServerGrpc 5f0b5e26-5075-4a10-9fbe-a094d8ad9dce is started using port 33216
2019-07-14 08:47:00,663 INFO  ozoneimpl.OzoneContainer (OzoneContainer.java:start(186)) - Attempting to start container services.
2019-07-14 08:47:00,666 INFO  ozoneimpl.OzoneContainer (OzoneContainer.java:startContainerScrub(160)) - Background container scrubber has been disabled by hdds.containerscrub.enabled
2019-07-14 08:47:00,666 INFO  ratis.XceiverServerRatis (XceiverServerRatis.java:start(418)) - Starting XceiverServerRatis c3b732f8-4e03-4755-a3d4-2fde00b2f822 at port 0
2019-07-14 08:47:00,677 INFO  impl.RaftServerProxy (RaftServerProxy.java:lambda$start$3(299)) - c3b732f8-4e03-4755-a3d4-2fde00b2f822: start RPC server
2019-07-14 08:47:00,681 INFO  server.GrpcService (GrpcService.java:startImpl(149)) - c3b732f8-4e03-4755-a3d4-2fde00b2f822: GrpcService started, listening on 0.0.0.0/0.0.0.0:37970
2019-07-14 08:47:00,682 INFO  ratis.XceiverServerRatis (XceiverServerRatis.java:start(428)) - XceiverServerRatis c3b732f8-4e03-4755-a3d4-2fde00b2f822 is started using port 37970
2019-07-14 08:47:00,685 INFO  server.XceiverServerGrpc (XceiverServerGrpc.java:start(161)) - XceiverServerGrpc c3b732f8-4e03-4755-a3d4-2fde00b2f822 is started using port 39621
2019-07-14 08:47:00,926 INFO  ozone.MiniOzoneClusterImpl (MiniOzoneClusterImpl.java:lambda$waitForClusterToBeReady$0(142)) - Waiting for cluster to be ready. Got 0 of 7 DN Heartbeats.
2019-07-14 08:47:00,943 INFO  ozoneimpl.OzoneContainer (OzoneContainer.java:start(186)) - Attempting to start container services.
2019-07-14 08:47:00,946 INFO  ozoneimpl.OzoneContainer (OzoneContainer.java:startContainerScrub(160)) - Background container scrubber has been disabled by hdds.containerscrub.enabled
2019-07-14 08:47:00,947 INFO  ratis.XceiverServerRatis (XceiverServerRatis.java:start(418)) - Starting XceiverServerRatis e58dc62c-3546-4fa5-80de-76d096388b01 at port 0
2019-07-14 08:47:00,957 INFO  impl.RaftServerProxy (RaftServerProxy.java:lambda$start$3(299)) - e58dc62c-3546-4fa5-80de-76d096388b01: start RPC server
2019-07-14 08:47:00,961 INFO  server.GrpcService (GrpcService.java:startImpl(149)) - e58dc62c-3546-4fa5-80de-76d096388b01: GrpcService started, listening on 0.0.0.0/0.0.0.0:45738
2019-07-14 08:47:00,962 INFO  ratis.XceiverServerRatis (XceiverServerRatis.java:start(428)) - XceiverServerRatis e58dc62c-3546-4fa5-80de-76d096388b01 is started using port 45738
2019-07-14 08:47:00,966 INFO  server.XceiverServerGrpc (XceiverServerGrpc.java:start(161)) - XceiverServerGrpc e58dc62c-3546-4fa5-80de-76d096388b01 is started using port 34660
2019-07-14 08:47:01,558 INFO  net.NetworkTopology (NetworkTopologyImpl.java:add(110)) - Added a new node: /default-rack/192.168.5.191
2019-07-14 08:47:01,560 INFO  node.SCMNodeManager (SCMNodeManager.java:register(269)) - Registered Data node : cf49eaf6-3185-427d-b0d8-0deb8303225c{ip: 192.168.5.191, host: trunk-nightly-5z2vd-27108033, networkLocation: /default-rack, certSerialId: null}
2019-07-14 08:47:01,564 INFO  safemode.SCMSafeModeManager (DataNodeSafeModeRule.java:process(71)) - SCM in safe mode. 1 DataNodes registered, 1 required.
2019-07-14 08:47:01,564 INFO  safemode.SCMSafeModeManager (SCMSafeModeManager.java:validateSafeModeExitRules(177)) - ScmSafeModeManager, all rules are successfully validated
2019-07-14 08:47:01,565 INFO  safemode.SCMSafeModeManager (SCMSafeModeManager.java:exitSafeMode(193)) - SCM exiting safe mode.
2019-07-14 08:47:01,748 INFO  node.SCMNodeManager (SCMNodeManager.java:register(269)) - Registered Data node : 80aedb7d-178f-4a5b-809b-3c2ed3caea8c{ip: 192.168.5.191, host: trunk-nightly-5z2vd-27108033, networkLocation: /default-rack, certSerialId: null}
2019-07-14 08:47:01,929 INFO  ozone.MiniOzoneClusterImpl (MiniOzoneClusterImpl.java:lambda$waitForClusterToBeReady$0(142)) - Waiting for cluster to be ready. Got 2 of 7 DN Heartbeats.
2019-07-14 08:47:01,944 INFO  node.SCMNodeManager (SCMNodeManager.java:register(269)) - Registered Data node : 45b257bb-fabe-467f-8d8e-ce81762ca88b{ip: 192.168.5.191, host: trunk-nightly-5z2vd-27108033, networkLocation: /default-rack, certSerialId: null}
2019-07-14 08:47:02,458 INFO  node.SCMNodeManager (SCMNodeManager.java:register(269)) - Registered Data node : 1915db36-1842-4533-89d6-17e313d02506{ip: 192.168.5.191, host: trunk-nightly-5z2vd-27108033, networkLocation: /default-rack, certSerialId: null}
2019-07-14 08:47:02,475 INFO  node.SCMNodeManager (SCMNodeManager.java:register(269)) - Registered Data node : 5f0b5e26-5075-4a10-9fbe-a094d8ad9dce{ip: 192.168.5.191, host: trunk-nightly-5z2vd-27108033, networkLocation: /default-rack, certSerialId: null}
2019-07-14 08:47:02,499 INFO  impl.RaftServerProxy (RaftServerProxy.java:addNew(89)) - cf49eaf6-3185-427d-b0d8-0deb8303225c: addNew group-4B11BCF1597C:[cf49eaf6-3185-427d-b0d8-0deb8303225c:192.168.5.191:42861] returns group-4B11BCF1597C:java.util.concurrent.CompletableFuture@fd233a3[Not completed]
2019-07-14 08:47:02,524 INFO  impl.RaftServerImpl (RaftServerImpl.java:<init>(93)) - cf49eaf6-3185-427d-b0d8-0deb8303225c: new RaftServerImpl for group-4B11BCF1597C:[cf49eaf6-3185-427d-b0d8-0deb8303225c:192.168.5.191:42861] with ContainerStateMachine:uninitialized
2019-07-14 08:47:02,528 INFO  server.RaftServerConfigKeys (ConfUtils.java:logGet(43)) - raft.server.rpc.timeout.min = 5s (custom)
2019-07-14 08:47:02,530 INFO  server.RaftServerConfigKeys (ConfUtils.java:logGet(43)) - raft.server.rpc.timeout.max = 5200ms (custom)
2019-07-14 08:47:02,530 INFO  server.RaftServerConfigKeys (ConfUtils.java:logGet(43)) - raft.server.rpcslowness.timeout = 120s (custom)
2019-07-14 08:47:02,531 INFO  server.RaftServerConfigKeys (ConfUtils.java:logGet(43)) - raft.server.sleep.deviation.threshold = 300 (default)
2019-07-14 08:47:02,532 INFO  server.RaftServerConfigKeys (ConfUtils.java:logGet(43)) - raft.server.log.appender.install.snapshot.enabled = false (custom)
2019-07-14 08:47:02,542 INFO  impl.RaftServerImpl (ServerState.java:<init>(105)) - cf49eaf6-3185-427d-b0d8-0deb8303225c:group-4B11BCF1597C ConfigurationManager, init=-1: [cf49eaf6-3185-427d-b0d8-0deb8303225c:192.168.5.191:42861], old=null, confs=<EMPTY_MAP>
2019-07-14 08:47:02,542 INFO  server.RaftServerConfigKeys (ConfUtils.java:logGet(43)) - raft.server.storage.dir = [/workdir/hadoop-ozone/integration-test/target/test-dir/MiniOzoneClusterImpl-23e8018c-609f-4d7a-98b9-4e300fa8af28/datanode-0/data/ratis] (custom)
2019-07-14 08:47:02,551 INFO  storage.RaftStorageDirectory (RaftStorageDirectory.java:analyzeStorage(246)) - The storage directory /workdir/hadoop-ozone/integration-test/target/test-dir/MiniOzoneClusterImpl-23e8018c-609f-4d7a-98b9-4e300fa8af28/datanode-0/data/ratis/54fbb091-dc6c-48c1-9fa2-4b11bcf1597c does not exist. Creating ...
2019-07-14 08:47:02,570 INFO  storage.RaftStorageDirectory (RaftStorageDirectory.java:tryLock(328)) - Lock on /workdir/hadoop-ozone/integration-test/target/test-dir/MiniOzoneClusterImpl-23e8018c-609f-4d7a-98b9-4e300fa8af28/datanode-0/data/ratis/54fbb091-dc6c-48c1-9fa2-4b11bcf1597c/in_use.lock acquired by nodename 28443@trunk-nightly-5z2vd-27108033
2019-07-14 08:47:02,576 INFO  storage.RaftStorage (RaftStorage.java:format(72)) - Storage directory /workdir/hadoop-ozone/integration-test/target/test-dir/MiniOzoneClusterImpl-23e8018c-609f-4d7a-98b9-4e300fa8af28/datanode-0/data/ratis/54fbb091-dc6c-48c1-9fa2-4b11bcf1597c has been successfully formatted.
2019-07-14 08:47:02,578 INFO  ratis.ContainerStateMachine (ContainerStateMachine.java:loadSnapshot(200)) - group-4B11BCF1597C: The snapshot info is null. Setting the last applied indexto:(t:0, i:~)
2019-07-14 08:47:02,579 INFO  server.RaftServerConfigKeys (ConfUtils.java:logGet(43)) - raft.server.leader.election.timeout = 120s (custom)
2019-07-14 08:47:02,582 INFO  server.RaftServerConfigKeys (ConfUtils.java:logGet(43)) - raft.server.log.use.memory = false (default)
2019-07-14 08:47:02,589 INFO  server.RaftServerConfigKeys (ConfUtils.java:logGet(43)) - raft.server.log.purge.gap = 1000000000 (custom)
2019-07-14 08:47:02,589 INFO  server.RaftServerConfigKeys (ConfUtils.java:logGet(43)) - raft.server.log.appender.buffer.byte-limit = 33554432 (custom)
2019-07-14 08:47:02,591 INFO  server.RaftServerConfigKeys (ConfUtils.java:logGet(43)) - raft.server.log.segment.size.max = 1048576 (custom)
2019-07-14 08:47:02,596 INFO  server.RaftServerConfigKeys (ConfUtils.java:logGet(43)) - raft.server.log.segment.cache.num.max = 2 (custom)
2019-07-14 08:47:02,602 INFO  segmented.SegmentedRaftLogWorker (SegmentedRaftLogWorker.java:<init>(172)) - new cf49eaf6-3185-427d-b0d8-0deb8303225c-SegmentedRaftLogWorker:Storage Directory /workdir/hadoop-ozone/integration-test/target/test-dir/MiniOzoneClusterImpl-23e8018c-609f-4d7a-98b9-4e300fa8af28/datanode-0/data/ratis/54fbb091-dc6c-48c1-9fa2-4b11bcf1597c for RaftStorage:Storage Directory /workdir/hadoop-ozone/integration-test/target/test-dir/MiniOzoneClusterImpl-23e8018c-609f-4d7a-98b9-4e300fa8af28/datanode-0/data/ratis/54fbb091-dc6c-48c1-9fa2-4b11bcf1597c
2019-07-14 08:47:02,616 INFO  server.RaftServerConfigKeys (ConfUtils.java:logGet(43)) - raft.server.log.queue.byte-limit = 2147483647 (custom)
2019-07-14 08:47:02,617 INFO  server.RaftServerConfigKeys (ConfUtils.java:logGet(43)) - raft.server.log.queue.element-limit = 1024 (custom)
2019-07-14 08:47:02,622 INFO  server.RaftServerConfigKeys (ConfUtils.java:logGet(43)) - raft.server.log.segment.size.max = 1048576 (custom)
2019-07-14 08:47:02,623 INFO  server.RaftServerConfigKeys (ConfUtils.java:logGet(43)) - raft.server.log.preallocated.size = 16384 (custom)
2019-07-14 08:47:02,623 INFO  server.RaftServerConfigKeys (ConfUtils.java:logGet(43)) - raft.server.log.write.buffer.size = 33554432 (custom)
2019-07-14 08:47:02,624 INFO  server.RaftServerConfigKeys (ConfUtils.java:logGet(43)) - raft.server.log.force.sync.num = 128 (default)
2019-07-14 08:47:02,625 INFO  server.RaftServerConfigKeys (ConfUtils.java:logGet(43)) - raft.server.log.statemachine.data.sync = true (default)
2019-07-14 08:47:02,625 INFO  server.RaftServerConfigKeys (ConfUtils.java:logGet(43)) - raft.server.log.statemachine.data.sync.timeout = 10s (default)
2019-07-14 08:47:02,626 INFO  server.RaftServerConfigKeys (ConfUtils.java:logGet(43)) - raft.server.log.statemachine.data.sync.timeout.retry = -1 (default)
2019-07-14 08:47:02,635 INFO  server.RaftServerConfigKeys (ConfUtils.java:logGet(43)) - raft.server.log.statemachine.data.caching.enabled = true (custom)
2019-07-14 08:47:02,640 INFO  segmented.SegmentedRaftLogWorker (SegmentedRaftLogWorker.java:lambda$new$0(132)) - cf49eaf6-3185-427d-b0d8-0deb8303225c-SegmentedRaftLogWorker:Storage Directory /workdir/hadoop-ozone/integration-test/target/test-dir/MiniOzoneClusterImpl-23e8018c-609f-4d7a-98b9-4e300fa8af28/datanode-0/data/ratis/54fbb091-dc6c-48c1-9fa2-4b11bcf1597c: flushIndex: setUnconditionally 0 -> -1
2019-07-14 08:47:02,644 INFO  server.RaftServerConfigKeys (ConfUtils.java:logGet(43)) - raft.server.snapshot.auto.trigger.enabled = true (custom)
2019-07-14 08:47:02,645 INFO  server.RaftServerConfigKeys (ConfUtils.java:logGet(43)) - raft.server.snapshot.auto.trigger.threshold = 10000 (custom)
2019-07-14 08:47:02,645 INFO  server.RaftServerConfigKeys (ConfUtils.java:logGet(43)) - raft.server.retrycache.expirytime = 600000ms (custom)
2019-07-14 08:47:02,653 INFO  node.SCMNodeManager (SCMNodeManager.java:register(269)) - Registered Data node : c3b732f8-4e03-4755-a3d4-2fde00b2f822{ip: 192.168.5.191, host: trunk-nightly-5z2vd-27108033, networkLocation: /default-rack, certSerialId: null}
2019-07-14 08:47:02,670 INFO  impl.RaftServerImpl (RaftServerImpl.java:start(180)) - cf49eaf6-3185-427d-b0d8-0deb8303225c: start group-4B11BCF1597C
2019-07-14 08:47:02,671 INFO  impl.RaftServerImpl (RaftServerImpl.java:setRole(171)) - cf49eaf6-3185-427d-b0d8-0deb8303225c:group-4B11BCF1597C changes role from null to FOLLOWER at term 0 for startAsFollower
2019-07-14 08:47:02,672 INFO  impl.RoleInfo (RoleInfo.java:updateAndGet(143)) - cf49eaf6-3185-427d-b0d8-0deb8303225c: start FollowerState
2019-07-14 08:47:02,673 INFO  util.JmxRegister (JmxRegister.java:tryRegister(44)) - Successfully registered JMX Bean with object name Ratis:service=RaftServer,group=group-4B11BCF1597C,id=cf49eaf6-3185-427d-b0d8-0deb8303225c
2019-07-14 08:47:02,742 INFO  pipeline.PipelineStateManager (PipelineStateManager.java:addPipeline(56)) - Created pipeline Pipeline[ Id: 54fbb091-dc6c-48c1-9fa2-4b11bcf1597c, Nodes: cf49eaf6-3185-427d-b0d8-0deb8303225c{ip: 192.168.5.191, host: trunk-nightly-5z2vd-27108033, networkLocation: /default-rack, certSerialId: null}, Type:RATIS, Factor:ONE, State:OPEN]
2019-07-14 08:47:02,773 INFO  impl.RaftServerProxy (RaftServerProxy.java:addNew(89)) - 45b257bb-fabe-467f-8d8e-ce81762ca88b: addNew group-9846DE6605DA:[45b257bb-fabe-467f-8d8e-ce81762ca88b:192.168.5.191:42990] returns group-9846DE6605DA:java.util.concurrent.CompletableFuture@44fdbc99[Not completed]
2019-07-14 08:47:02,827 INFO  impl.RaftServerImpl (RaftServerImpl.java:<init>(93)) - 45b257bb-fabe-467f-8d8e-ce81762ca88b: new RaftServerImpl for group-9846DE6605DA:[45b257bb-fabe-467f-8d8e-ce81762ca88b:192.168.5.191:42990] with ContainerStateMachine:uninitialized
2019-07-14 08:47:02,830 INFO  server.RaftServerConfigKeys (ConfUtils.java:logGet(43)) - raft.server.rpc.timeout.min = 5s (custom)
2019-07-14 08:47:02,830 INFO  server.RaftServerConfigKeys (ConfUtils.java:logGet(43)) - raft.server.rpc.timeout.max = 5200ms (custom)
2019-07-14 08:47:02,830 INFO  server.RaftServerConfigKeys (ConfUtils.java:logGet(43)) - raft.server.rpcslowness.timeout = 120s (custom)
2019-07-14 08:47:02,830 INFO  server.RaftServerConfigKeys (ConfUtils.java:logGet(43)) - raft.server.sleep.deviation.threshold = 300 (default)
2019-07-14 08:47:02,830 INFO  server.RaftServerConfigKeys (ConfUtils.java:logGet(43)) - raft.server.log.appender.install.snapshot.enabled = false (custom)
2019-07-14 08:47:02,831 INFO  impl.RaftServerImpl (ServerState.java:<init>(105)) - 45b257bb-fabe-467f-8d8e-ce81762ca88b:group-9846DE6605DA ConfigurationManager, init=-1: [45b257bb-fabe-467f-8d8e-ce81762ca88b:192.168.5.191:42990], old=null, confs=<EMPTY_MAP>
2019-07-14 08:47:02,831 INFO  server.RaftServerConfigKeys (ConfUtils.java:logGet(43)) - raft.server.storage.dir = [/workdir/hadoop-ozone/integration-test/target/test-dir/MiniOzoneClusterImpl-23e8018c-609f-4d7a-98b9-4e300fa8af28/datanode-2/data/ratis] (custom)
2019-07-14 08:47:02,831 INFO  storage.RaftStorageDirectory (RaftStorageDirectory.java:analyzeStorage(246)) - The storage directory /workdir/hadoop-ozone/integration-test/target/test-dir/MiniOzoneClusterImpl-23e8018c-609f-4d7a-98b9-4e300fa8af28/datanode-2/data/ratis/589faaf2-18bd-401b-99ae-9846de6605da does not exist. Creating ...
2019-07-14 08:47:02,846 INFO  storage.RaftStorageDirectory (RaftStorageDirectory.java:tryLock(328)) - Lock on /workdir/hadoop-ozone/integration-test/target/test-dir/MiniOzoneClusterImpl-23e8018c-609f-4d7a-98b9-4e300fa8af28/datanode-2/data/ratis/589faaf2-18bd-401b-99ae-9846de6605da/in_use.lock acquired by nodename 28443@trunk-nightly-5z2vd-27108033
2019-07-14 08:47:02,856 INFO  storage.RaftStorage (RaftStorage.java:format(72)) - Storage directory /workdir/hadoop-ozone/integration-test/target/test-dir/MiniOzoneClusterImpl-23e8018c-609f-4d7a-98b9-4e300fa8af28/datanode-2/data/ratis/589faaf2-18bd-401b-99ae-9846de6605da has been successfully formatted.
2019-07-14 08:47:02,858 INFO  ratis.ContainerStateMachine (ContainerStateMachine.java:loadSnapshot(200)) - group-9846DE6605DA: The snapshot info is null. Setting the last applied indexto:(t:0, i:~)
2019-07-14 08:47:02,860 INFO  server.RaftServerConfigKeys (ConfUtils.java:logGet(43)) - raft.server.leader.election.timeout = 120s (custom)
2019-07-14 08:47:02,860 INFO  server.RaftServerConfigKeys (ConfUtils.java:logGet(43)) - raft.server.log.use.memory = false (default)
2019-07-14 08:47:02,860 INFO  server.RaftServerConfigKeys (ConfUtils.java:logGet(43)) - raft.server.log.purge.gap = 1000000000 (custom)
2019-07-14 08:47:02,860 INFO  server.RaftServerConfigKeys (ConfUtils.java:logGet(43)) - raft.server.log.appender.buffer.byte-limit = 33554432 (custom)
2019-07-14 08:47:02,860 INFO  server.RaftServerConfigKeys (ConfUtils.java:logGet(43)) - raft.server.log.segment.size.max = 1048576 (custom)
2019-07-14 08:47:02,861 INFO  server.RaftServerConfigKeys (ConfUtils.java:logGet(43)) - raft.server.log.segment.cache.num.max = 2 (custom)
2019-07-14 08:47:02,861 INFO  segmented.SegmentedRaftLogWorker (SegmentedRaftLogWorker.java:<init>(172)) - new 45b257bb-fabe-467f-8d8e-ce81762ca88b-SegmentedRaftLogWorker:Storage Directory /workdir/hadoop-ozone/integration-test/target/test-dir/MiniOzoneClusterImpl-23e8018c-609f-4d7a-98b9-4e300fa8af28/datanode-2/data/ratis/589faaf2-18bd-401b-99ae-9846de6605da for RaftStorage:Storage Directory /workdir/hadoop-ozone/integration-test/target/test-dir/MiniOzoneClusterImpl-23e8018c-609f-4d7a-98b9-4e300fa8af28/datanode-2/data/ratis/589faaf2-18bd-401b-99ae-9846de6605da
2019-07-14 08:47:02,863 INFO  server.RaftServerConfigKeys (ConfUtils.java:logGet(43)) - raft.server.log.queue.byte-limit = 2147483647 (custom)
2019-07-14 08:47:02,863 INFO  server.RaftServerConfigKeys (ConfUtils.java:logGet(43)) - raft.server.log.queue.element-limit = 1024 (custom)
2019-07-14 08:47:02,863 INFO  server.RaftServerConfigKeys (ConfUtils.java:logGet(43)) - raft.server.log.segment.size.max = 1048576 (custom)
2019-07-14 08:47:02,863 INFO  server.RaftServerConfigKeys (ConfUtils.java:logGet(43)) - raft.server.log.preallocated.size = 16384 (custom)
2019-07-14 08:47:02,864 INFO  server.RaftServerConfigKeys (ConfUtils.java:logGet(43)) - raft.server.log.write.buffer.size = 33554432 (custom)
2019-07-14 08:47:02,864 INFO  server.RaftServerConfigKeys (ConfUtils.java:logGet(43)) - raft.server.log.force.sync.num = 128 (default)
2019-07-14 08:47:02,864 INFO  server.RaftServerConfigKeys (ConfUtils.java:logGet(43)) - raft.server.log.statemachine.data.sync = true (default)
2019-07-14 08:47:02,864 INFO  server.RaftServerConfigKeys (ConfUtils.java:logGet(43)) - raft.server.log.statemachine.data.sync.timeout = 10s (default)
2019-07-14 08:47:02,864 INFO  server.RaftServerConfigKeys (ConfUtils.java:logGet(43)) - raft.server.log.statemachine.data.sync.timeout.retry = -1 (default)
2019-07-14 08:47:02,865 INFO  server.RaftServerConfigKeys (ConfUtils.java:logGet(43)) - raft.server.log.statemachine.data.caching.enabled = true (custom)
2019-07-14 08:47:02,865 INFO  segmented.SegmentedRaftLogWorker (SegmentedRaftLogWorker.java:lambda$new$0(132)) - 45b257bb-fabe-467f-8d8e-ce81762ca88b-SegmentedRaftLogWorker:Storage Directory /workdir/hadoop-ozone/integration-test/target/test-dir/MiniOzoneClusterImpl-23e8018c-609f-4d7a-98b9-4e300fa8af28/datanode-2/data/ratis/589faaf2-18bd-401b-99ae-9846de6605da: flushIndex: setUnconditionally 0 -> -1
2019-07-14 08:47:02,866 INFO  server.RaftServerConfigKeys (ConfUtils.java:logGet(43)) - raft.server.snapshot.auto.trigger.enabled = true (custom)
2019-07-14 08:47:02,866 INFO  server.RaftServerConfigKeys (ConfUtils.java:logGet(43)) - raft.server.snapshot.auto.trigger.threshold = 10000 (custom)
2019-07-14 08:47:02,866 INFO  server.RaftServerConfigKeys (ConfUtils.java:logGet(43)) - raft.server.retrycache.expirytime = 600000ms (custom)
2019-07-14 08:47:02,866 INFO  impl.RaftServerImpl (RaftServerImpl.java:start(180)) - 45b257bb-fabe-467f-8d8e-ce81762ca88b: start group-9846DE6605DA
2019-07-14 08:47:02,866 INFO  impl.RaftServerImpl (RaftServerImpl.java:setRole(171)) - 45b257bb-fabe-467f-8d8e-ce81762ca88b:group-9846DE6605DA changes role from null to FOLLOWER at term 0 for startAsFollower
2019-07-14 08:47:02,867 INFO  impl.RoleInfo (RoleInfo.java:updateAndGet(143)) - 45b257bb-fabe-467f-8d8e-ce81762ca88b: start FollowerState
2019-07-14 08:47:02,869 INFO  util.JmxRegister (JmxRegister.java:tryRegister(44)) - Successfully registered JMX Bean with object name Ratis:service=RaftServer,group=group-9846DE6605DA,id=45b257bb-fabe-467f-8d8e-ce81762ca88b
2019-07-14 08:47:02,886 INFO  pipeline.PipelineStateManager (PipelineStateManager.java:addPipeline(56)) - Created pipeline Pipeline[ Id: 589faaf2-18bd-401b-99ae-9846de6605da, Nodes: 45b257bb-fabe-467f-8d8e-ce81762ca88b{ip: 192.168.5.191, host: trunk-nightly-5z2vd-27108033, networkLocation: /default-rack, certSerialId: null}, Type:RATIS, Factor:ONE, State:OPEN]
2019-07-14 08:47:02,918 INFO  impl.RaftServerProxy (RaftServerProxy.java:addNew(89)) - 1915db36-1842-4533-89d6-17e313d02506: addNew group-04BABA50BB40:[1915db36-1842-4533-89d6-17e313d02506:192.168.5.191:35136] returns group-04BABA50BB40:java.util.concurrent.CompletableFuture@15a08f50[Not completed]
2019-07-14 08:47:02,929 INFO  ozone.MiniOzoneClusterImpl (MiniOzoneClusterImpl.java:lambda$waitForClusterToBeReady$0(142)) - Waiting for cluster to be ready. Got 6 of 7 DN Heartbeats.
2019-07-14 08:47:02,930 INFO  impl.RaftServerImpl (RaftServerImpl.java:<init>(93)) - 1915db36-1842-4533-89d6-17e313d02506: new RaftServerImpl for group-04BABA50BB40:[1915db36-1842-4533-89d6-17e313d02506:192.168.5.191:35136] with ContainerStateMachine:uninitialized
2019-07-14 08:47:02,934 INFO  server.RaftServerConfigKeys (ConfUtils.java:logGet(43)) - raft.server.rpc.timeout.min = 5s (custom)
2019-07-14 08:47:02,935 INFO  server.RaftServerConfigKeys (ConfUtils.java:logGet(43)) - raft.server.rpc.timeout.max = 5200ms (custom)
2019-07-14 08:47:02,935 INFO  server.RaftServerConfigKeys (ConfUtils.java:logGet(43)) - raft.server.rpcslowness.timeout = 120s (custom)
2019-07-14 08:47:02,935 INFO  server.RaftServerConfigKeys (ConfUtils.java:logGet(43)) - raft.server.sleep.deviation.threshold = 300 (default)
2019-07-14 08:47:02,935 INFO  server.RaftServerConfigKeys (ConfUtils.java:logGet(43)) - raft.server.log.appender.install.snapshot.enabled = false (custom)
2019-07-14 08:47:02,935 INFO  impl.RaftServerImpl (ServerState.java:<init>(105)) - 1915db36-1842-4533-89d6-17e313d02506:group-04BABA50BB40 ConfigurationManager, init=-1: [1915db36-1842-4533-89d6-17e313d02506:192.168.5.191:35136], old=null, confs=<EMPTY_MAP>
2019-07-14 08:47:02,935 INFO  node.SCMNodeManager (SCMNodeManager.java:register(269)) - Registered Data node : e58dc62c-3546-4fa5-80de-76d096388b01{ip: 192.168.5.191, host: trunk-nightly-5z2vd-27108033, networkLocation: /default-rack, certSerialId: null}
2019-07-14 08:47:02,935 INFO  server.RaftServerConfigKeys (ConfUtils.java:logGet(43)) - raft.server.storage.dir = [/workdir/hadoop-ozone/integration-test/target/test-dir/MiniOzoneClusterImpl-23e8018c-609f-4d7a-98b9-4e300fa8af28/datanode-3/data/ratis] (custom)
2019-07-14 08:47:02,936 INFO  storage.RaftStorageDirectory (RaftStorageDirectory.java:analyzeStorage(246)) - The storage directory /workdir/hadoop-ozone/integration-test/target/test-dir/MiniOzoneClusterImpl-23e8018c-609f-4d7a-98b9-4e300fa8af28/datanode-3/data/ratis/29bebc54-4f84-45fb-8d34-04baba50bb40 does not exist. Creating ...
2019-07-14 08:47:02,941 INFO  storage.RaftStorageDirectory (RaftStorageDirectory.java:tryLock(328)) - Lock on /workdir/hadoop-ozone/integration-test/target/test-dir/MiniOzoneClusterImpl-23e8018c-609f-4d7a-98b9-4e300fa8af28/datanode-3/data/ratis/29bebc54-4f84-45fb-8d34-04baba50bb40/in_use.lock acquired by nodename 28443@trunk-nightly-5z2vd-27108033
2019-07-14 08:47:02,946 INFO  storage.RaftStorage (RaftStorage.java:format(72)) - Storage directory /workdir/hadoop-ozone/integration-test/target/test-dir/MiniOzoneClusterImpl-23e8018c-609f-4d7a-98b9-4e300fa8af28/datanode-3/data/ratis/29bebc54-4f84-45fb-8d34-04baba50bb40 has been successfully formatted.
2019-07-14 08:47:02,946 INFO  ratis.ContainerStateMachine (ContainerStateMachine.java:loadSnapshot(200)) - group-04BABA50BB40: The snapshot info is null. Setting the last applied indexto:(t:0, i:~)
2019-07-14 08:47:02,947 INFO  server.RaftServerConfigKeys (ConfUtils.java:logGet(43)) - raft.server.leader.election.timeout = 120s (custom)
2019-07-14 08:47:02,947 INFO  server.RaftServerConfigKeys (ConfUtils.java:logGet(43)) - raft.server.log.use.memory = false (default)
2019-07-14 08:47:02,947 INFO  server.RaftServerConfigKeys (ConfUtils.java:logGet(43)) - raft.server.log.purge.gap = 1000000000 (custom)
2019-07-14 08:47:02,947 INFO  server.RaftServerConfigKeys (ConfUtils.java:logGet(43)) - raft.server.log.appender.buffer.byte-limit = 33554432 (custom)
2019-07-14 08:47:02,947 INFO  server.RaftServerConfigKeys (ConfUtils.java:logGet(43)) - raft.server.log.segment.size.max = 1048576 (custom)
2019-07-14 08:47:02,948 INFO  server.RaftServerConfigKeys (ConfUtils.java:logGet(43)) - raft.server.log.segment.cache.num.max = 2 (custom)
2019-07-14 08:47:02,948 INFO  segmented.SegmentedRaftLogWorker (SegmentedRaftLogWorker.java:<init>(172)) - new 1915db36-1842-4533-89d6-17e313d02506-SegmentedRaftLogWorker:Storage Directory /workdir/hadoop-ozone/integration-test/target/test-dir/MiniOzoneClusterImpl-23e8018c-609f-4d7a-98b9-4e300fa8af28/datanode-3/data/ratis/29bebc54-4f84-45fb-8d34-04baba50bb40 for RaftStorage:Storage Directory /workdir/hadoop-ozone/integration-test/target/test-dir/MiniOzoneClusterImpl-23e8018c-609f-4d7a-98b9-4e300fa8af28/datanode-3/data/ratis/29bebc54-4f84-45fb-8d34-04baba50bb40
2019-07-14 08:47:02,948 INFO  server.RaftServerConfigKeys (ConfUtils.java:logGet(43)) - raft.server.log.queue.byte-limit = 2147483647 (custom)
2019-07-14 08:47:02,948 INFO  server.RaftServerConfigKeys (ConfUtils.java:logGet(43)) - raft.server.log.queue.element-limit = 1024 (custom)
2019-07-14 08:47:02,949 INFO  server.RaftServerConfigKeys (ConfUtils.java:logGet(43)) - raft.server.log.segment.size.max = 1048576 (custom)
2019-07-14 08:47:02,949 INFO  server.RaftServerConfigKeys (ConfUtils.java:logGet(43)) - raft.server.log.preallocated.size = 16384 (custom)
2019-07-14 08:47:02,949 INFO  server.RaftServerConfigKeys (ConfUtils.java:logGet(43)) - raft.server.log.write.buffer.size = 33554432 (custom)
2019-07-14 08:47:02,949 INFO  server.RaftServerConfigKeys (ConfUtils.java:logGet(43)) - raft.server.log.force.sync.num = 128 (default)
2019-07-14 08:47:02,949 INFO  server.RaftServerConfigKeys (ConfUtils.java:logGet(43)) - raft.server.log.statemachine.data.sync = true (default)
2019-07-14 08:47:02,950 INFO  server.RaftServerConfigKeys (ConfUtils.java:logGet(43)) - raft.server.log.statemachine.data.sync.timeout = 10s (default)
2019-07-14 08:47:02,950 INFO  server.RaftServerConfigKeys (ConfUtils.java:logGet(43)) - raft.server.log.statemachine.data.sync.timeout.retry = -1 (default)
2019-07-14 08:47:02,950 INFO  server.RaftServerConfigKeys (ConfUtils.java:logGet(43)) - raft.server.log.statemachine.data.caching.enabled = true (custom)
2019-07-14 08:47:02,951 INFO  segmented.SegmentedRaftLogWorker (SegmentedRaftLogWorker.java:lambda$new$0(132)) - 1915db36-1842-4533-89d6-17e313d02506-SegmentedRaftLogWorker:Storage Directory /workdir/hadoop-ozone/integration-test/target/test-dir/MiniOzoneClusterImpl-23e8018c-609f-4d7a-98b9-4e300fa8af28/datanode-3/data/ratis/29bebc54-4f84-45fb-8d34-04baba50bb40: flushIndex: setUnconditionally 0 -> -1
2019-07-14 08:47:02,951 INFO  server.RaftServerConfigKeys (ConfUtils.java:logGet(43)) - raft.server.snapshot.auto.trigger.enabled = true (custom)
2019-07-14 08:47:02,951 INFO  server.RaftServerConfigKeys (ConfUtils.java:logGet(43)) - raft.server.snapshot.auto.trigger.threshold = 10000 (custom)
2019-07-14 08:47:02,952 INFO  server.RaftServerConfigKeys (ConfUtils.java:logGet(43)) - raft.server.retrycache.expirytime = 600000ms (custom)
2019-07-14 08:47:02,952 INFO  impl.RaftServerImpl (RaftServerImpl.java:start(180)) - 1915db36-1842-4533-89d6-17e313d02506: start group-04BABA50BB40
2019-07-14 08:47:02,952 INFO  impl.RaftServerImpl (RaftServerImpl.java:setRole(171)) - 1915db36-1842-4533-89d6-17e313d02506:group-04BABA50BB40 changes role from null to FOLLOWER at term 0 for startAsFollower
2019-07-14 08:47:02,952 INFO  impl.RoleInfo (RoleInfo.java:updateAndGet(143)) - 1915db36-1842-4533-89d6-17e313d02506: start FollowerState
2019-07-14 08:47:02,953 INFO  util.JmxRegister (JmxRegister.java:tryRegister(44)) - Successfully registered JMX Bean with object name Ratis:service=RaftServer,group=group-04BABA50BB40,id=1915db36-1842-4533-89d6-17e313d02506
2019-07-14 08:47:02,965 INFO  pipeline.PipelineStateManager (PipelineStateManager.java:addPipeline(56)) - Created pipeline Pipeline[ Id: 29bebc54-4f84-45fb-8d34-04baba50bb40, Nodes: 1915db36-1842-4533-89d6-17e313d02506{ip: 192.168.5.191, host: trunk-nightly-5z2vd-27108033, networkLocation: /default-rack, certSerialId: null}, Type:RATIS, Factor:ONE, State:OPEN]
2019-07-14 08:47:02,988 INFO  impl.RaftServerProxy (RaftServerProxy.java:addNew(89)) - 5f0b5e26-5075-4a10-9fbe-a094d8ad9dce: addNew group-7DB47F91FD65:[5f0b5e26-5075-4a10-9fbe-a094d8ad9dce:192.168.5.191:43193] returns group-7DB47F91FD65:java.util.concurrent.CompletableFuture@5cea18da[Not completed]
2019-07-14 08:47:02,989 INFO  impl.RaftServerImpl (RaftServerImpl.java:<init>(93)) - 5f0b5e26-5075-4a10-9fbe-a094d8ad9dce: new RaftServerImpl for group-7DB47F91FD65:[5f0b5e26-5075-4a10-9fbe-a094d8ad9dce:192.168.5.191:43193] with ContainerStateMachine:uninitialized
2019-07-14 08:47:02,991 INFO  server.RaftServerConfigKeys (ConfUtils.java:logGet(43)) - raft.server.rpc.timeout.min = 5s (custom)
2019-07-14 08:47:02,991 INFO  server.RaftServerConfigKeys (ConfUtils.java:logGet(43)) - raft.server.rpc.timeout.max = 5200ms (custom)
2019-07-14 08:47:02,992 INFO  server.RaftServerConfigKeys (ConfUtils.java:logGet(43)) - raft.server.rpcslowness.timeout = 120s (custom)
2019-07-14 08:47:02,992 INFO  server.RaftServerConfigKeys (ConfUtils.java:logGet(43)) - raft.server.sleep.deviation.threshold = 300 (default)
2019-07-14 08:47:02,992 INFO  server.RaftServerConfigKeys (ConfUtils.java:logGet(43)) - raft.server.log.appender.install.snapshot.enabled = false (custom)
2019-07-14 08:47:02,992 INFO  impl.RaftServerImpl (ServerState.java:<init>(105)) - 5f0b5e26-5075-4a10-9fbe-a094d8ad9dce:group-7DB47F91FD65 ConfigurationManager, init=-1: [5f0b5e26-5075-4a10-9fbe-a094d8ad9dce:192.168.5.191:43193], old=null, confs=<EMPTY_MAP>
2019-07-14 08:47:02,992 INFO  server.RaftServerConfigKeys (ConfUtils.java:logGet(43)) - raft.server.storage.dir = [/workdir/hadoop-ozone/integration-test/target/test-dir/MiniOzoneClusterImpl-23e8018c-609f-4d7a-98b9-4e300fa8af28/datanode-4/data/ratis] (custom)
2019-07-14 08:47:02,993 INFO  storage.RaftStorageDirectory (RaftStorageDirectory.java:analyzeStorage(246)) - The storage directory /workdir/hadoop-ozone/integration-test/target/test-dir/MiniOzoneClusterImpl-23e8018c-609f-4d7a-98b9-4e300fa8af28/datanode-4/data/ratis/ab0a4804-6911-4bf6-941f-7db47f91fd65 does not exist. Creating ...
2019-07-14 08:47:02,997 INFO  storage.RaftStorageDirectory (RaftStorageDirectory.java:tryLock(328)) - Lock on /workdir/hadoop-ozone/integration-test/target/test-dir/MiniOzoneClusterImpl-23e8018c-609f-4d7a-98b9-4e300fa8af28/datanode-4/data/ratis/ab0a4804-6911-4bf6-941f-7db47f91fd65/in_use.lock acquired by nodename 28443@trunk-nightly-5z2vd-27108033
2019-07-14 08:47:03,027 INFO  storage.RaftStorage (RaftStorage.java:format(72)) - Storage directory /workdir/hadoop-ozone/integration-test/target/test-dir/MiniOzoneClusterImpl-23e8018c-609f-4d7a-98b9-4e300fa8af28/datanode-4/data/ratis/ab0a4804-6911-4bf6-941f-7db47f91fd65 has been successfully formatted.
2019-07-14 08:47:03,028 INFO  ratis.ContainerStateMachine (ContainerStateMachine.java:loadSnapshot(200)) - group-7DB47F91FD65: The snapshot info is null. Setting the last applied indexto:(t:0, i:~)
2019-07-14 08:47:03,028 INFO  server.RaftServerConfigKeys (ConfUtils.java:logGet(43)) - raft.server.leader.election.timeout = 120s (custom)
2019-07-14 08:47:03,028 INFO  server.RaftServerConfigKeys (ConfUtils.java:logGet(43)) - raft.server.log.use.memory = false (default)
2019-07-14 08:47:03,029 INFO  server.RaftServerConfigKeys (ConfUtils.java:logGet(43)) - raft.server.log.purge.gap = 1000000000 (custom)
2019-07-14 08:47:03,029 INFO  server.RaftServerConfigKeys (ConfUtils.java:logGet(43)) - raft.server.log.appender.buffer.byte-limit = 33554432 (custom)
2019-07-14 08:47:03,029 INFO  server.RaftServerConfigKeys (ConfUtils.java:logGet(43)) - raft.server.log.segment.size.max = 1048576 (custom)
2019-07-14 08:47:03,029 INFO  server.RaftServerConfigKeys (ConfUtils.java:logGet(43)) - raft.server.log.segment.cache.num.max = 2 (custom)
2019-07-14 08:47:03,029 INFO  segmented.SegmentedRaftLogWorker (SegmentedRaftLogWorker.java:<init>(172)) - new 5f0b5e26-5075-4a10-9fbe-a094d8ad9dce-SegmentedRaftLogWorker:Storage Directory /workdir/hadoop-ozone/integration-test/target/test-dir/MiniOzoneClusterImpl-23e8018c-609f-4d7a-98b9-4e300fa8af28/datanode-4/data/ratis/ab0a4804-6911-4bf6-941f-7db47f91fd65 for RaftStorage:Storage Directory /workdir/hadoop-ozone/integration-test/target/test-dir/MiniOzoneClusterImpl-23e8018c-609f-4d7a-98b9-4e300fa8af28/datanode-4/data/ratis/ab0a4804-6911-4bf6-941f-7db47f91fd65
2019-07-14 08:47:03,030 INFO  server.RaftServerConfigKeys (ConfUtils.java:logGet(43)) - raft.server.log.queue.byte-limit = 2147483647 (custom)
2019-07-14 08:47:03,030 INFO  server.RaftServerConfigKeys (ConfUtils.java:logGet(43)) - raft.server.log.queue.element-limit = 1024 (custom)
2019-07-14 08:47:03,030 INFO  server.RaftServerConfigKeys (ConfUtils.java:logGet(43)) - raft.server.log.segment.size.max = 1048576 (custom)
2019-07-14 08:47:03,030 INFO  server.RaftServerConfigKeys (ConfUtils.java:logGet(43)) - raft.server.log.preallocated.size = 16384 (custom)
2019-07-14 08:47:03,031 INFO  server.RaftServerConfigKeys (ConfUtils.java:logGet(43)) - raft.server.log.write.buffer.size = 33554432 (custom)
2019-07-14 08:47:03,031 INFO  server.RaftServerConfigKeys (ConfUtils.java:logGet(43)) - raft.server.log.force.sync.num = 128 (default)
2019-07-14 08:47:03,031 INFO  server.RaftServerConfigKeys (ConfUtils.java:logGet(43)) - raft.server.log.statemachine.data.sync = true (default)
2019-07-14 08:47:03,031 INFO  server.RaftServerConfigKeys (ConfUtils.java:logGet(43)) - raft.server.log.statemachine.data.sync.timeout = 10s (default)
2019-07-14 08:47:03,031 INFO  server.RaftServerConfigKeys (ConfUtils.java:logGet(43)) - raft.server.log.statemachine.data.sync.timeout.retry = -1 (default)
2019-07-14 08:47:03,032 INFO  server.RaftServerConfigKeys (ConfUtils.java:logGet(43)) - raft.server.log.statemachine.data.caching.enabled = true (custom)
2019-07-14 08:47:03,032 INFO  segmented.SegmentedRaftLogWorker (SegmentedRaftLogWorker.java:lambda$new$0(132)) - 5f0b5e26-5075-4a10-9fbe-a094d8ad9dce-SegmentedRaftLogWorker:Storage Directory /workdir/hadoop-ozone/integration-test/target/test-dir/MiniOzoneClusterImpl-23e8018c-609f-4d7a-98b9-4e300fa8af28/datanode-4/data/ratis/ab0a4804-6911-4bf6-941f-7db47f91fd65: flushIndex: setUnconditionally 0 -> -1
2019-07-14 08:47:03,033 INFO  server.RaftServerConfigKeys (ConfUtils.java:logGet(43)) - raft.server.snapshot.auto.trigger.enabled = true (custom)
2019-07-14 08:47:03,033 INFO  server.RaftServerConfigKeys (ConfUtils.java:logGet(43)) - raft.server.snapshot.auto.trigger.threshold = 10000 (custom)
2019-07-14 08:47:03,033 INFO  server.RaftServerConfigKeys (ConfUtils.java:logGet(43)) - raft.server.retrycache.expirytime = 600000ms (custom)
2019-07-14 08:47:03,034 INFO  impl.RaftServerImpl (RaftServerImpl.java:start(180)) - 5f0b5e26-5075-4a10-9fbe-a094d8ad9dce: start group-7DB47F91FD65
2019-07-14 08:47:03,034 INFO  impl.RaftServerImpl (RaftServerImpl.java:setRole(171)) - 5f0b5e26-5075-4a10-9fbe-a094d8ad9dce:group-7DB47F91FD65 changes role from null to FOLLOWER at term 0 for startAsFollower
2019-07-14 08:47:03,034 INFO  impl.RoleInfo (RoleInfo.java:updateAndGet(143)) - 5f0b5e26-5075-4a10-9fbe-a094d8ad9dce: start FollowerState
2019-07-14 08:47:03,035 INFO  util.JmxRegister (JmxRegister.java:tryRegister(44)) - Successfully registered JMX Bean with object name Ratis:service=RaftServer,group=group-7DB47F91FD65,id=5f0b5e26-5075-4a10-9fbe-a094d8ad9dce
2019-07-14 08:47:03,049 INFO  pipeline.PipelineStateManager (PipelineStateManager.java:addPipeline(56)) - Created pipeline Pipeline[ Id: ab0a4804-6911-4bf6-941f-7db47f91fd65, Nodes: 5f0b5e26-5075-4a10-9fbe-a094d8ad9dce{ip: 192.168.5.191, host: trunk-nightly-5z2vd-27108033, networkLocation: /default-rack, certSerialId: null}, Type:RATIS, Factor:ONE, State:OPEN]
2019-07-14 08:47:03,074 INFO  impl.RaftServerProxy (RaftServerProxy.java:addNew(89)) - c3b732f8-4e03-4755-a3d4-2fde00b2f822: addNew group-911B77AB4209:[c3b732f8-4e03-4755-a3d4-2fde00b2f822:192.168.5.191:37970] returns group-911B77AB4209:java.util.concurrent.CompletableFuture@7150ab17[Not completed]
2019-07-14 08:47:03,075 INFO  impl.RaftServerImpl (RaftServerImpl.java:<init>(93)) - c3b732f8-4e03-4755-a3d4-2fde00b2f822: new RaftServerImpl for group-911B77AB4209:[c3b732f8-4e03-4755-a3d4-2fde00b2f822:192.168.5.191:37970] with ContainerStateMachine:uninitialized
2019-07-14 08:47:03,077 INFO  server.RaftServerConfigKeys (ConfUtils.java:logGet(43)) - raft.server.rpc.timeout.min = 5s (custom)
2019-07-14 08:47:03,077 INFO  server.RaftServerConfigKeys (ConfUtils.java:logGet(43)) - raft.server.rpc.timeout.max = 5200ms (custom)
2019-07-14 08:47:03,078 INFO  server.RaftServerConfigKeys (ConfUtils.java:logGet(43)) - raft.server.rpcslowness.timeout = 120s (custom)
2019-07-14 08:47:03,078 INFO  server.RaftServerConfigKeys (ConfUtils.java:logGet(43)) - raft.server.sleep.deviation.threshold = 300 (default)
2019-07-14 08:47:03,078 INFO  server.RaftServerConfigKeys (ConfUtils.java:logGet(43)) - raft.server.log.appender.install.snapshot.enabled = false (custom)
2019-07-14 08:47:03,078 INFO  impl.RaftServerImpl (ServerState.java:<init>(105)) - c3b732f8-4e03-4755-a3d4-2fde00b2f822:group-911B77AB4209 ConfigurationManager, init=-1: [c3b732f8-4e03-4755-a3d4-2fde00b2f822:192.168.5.191:37970], old=null, confs=<EMPTY_MAP>
2019-07-14 08:47:03,078 INFO  server.RaftServerConfigKeys (ConfUtils.java:logGet(43)) - raft.server.storage.dir = [/workdir/hadoop-ozone/integration-test/target/test-dir/MiniOzoneClusterImpl-23e8018c-609f-4d7a-98b9-4e300fa8af28/datanode-5/data/ratis] (custom)
2019-07-14 08:47:03,079 INFO  storage.RaftStorageDirectory (RaftStorageDirectory.java:analyzeStorage(246)) - The storage directory /workdir/hadoop-ozone/integration-test/target/test-dir/MiniOzoneClusterImpl-23e8018c-609f-4d7a-98b9-4e300fa8af28/datanode-5/data/ratis/50c75a5b-0ca0-41cc-afa7-911b77ab4209 does not exist. Creating ...
2019-07-14 08:47:03,091 INFO  storage.RaftStorageDirectory (RaftStorageDirectory.java:tryLock(328)) - Lock on /workdir/hadoop-ozone/integration-test/target/test-dir/MiniOzoneClusterImpl-23e8018c-609f-4d7a-98b9-4e300fa8af28/datanode-5/data/ratis/50c75a5b-0ca0-41cc-afa7-911b77ab4209/in_use.lock acquired by nodename 28443@trunk-nightly-5z2vd-27108033
2019-07-14 08:47:03,105 INFO  storage.RaftStorage (RaftStorage.java:format(72)) - Storage directory /workdir/hadoop-ozone/integration-test/target/test-dir/MiniOzoneClusterImpl-23e8018c-609f-4d7a-98b9-4e300fa8af28/datanode-5/data/ratis/50c75a5b-0ca0-41cc-afa7-911b77ab4209 has been successfully formatted.
2019-07-14 08:47:03,105 INFO  ratis.ContainerStateMachine (ContainerStateMachine.java:loadSnapshot(200)) - group-911B77AB4209: The snapshot info is null. Setting the last applied indexto:(t:0, i:~)
2019-07-14 08:47:03,105 INFO  server.RaftServerConfigKeys (ConfUtils.java:logGet(43)) - raft.server.leader.election.timeout = 120s (custom)
2019-07-14 08:47:03,106 INFO  server.RaftServerConfigKeys (ConfUtils.java:logGet(43)) - raft.server.log.use.memory = false (default)
2019-07-14 08:47:03,106 INFO  server.RaftServerConfigKeys (ConfUtils.java:logGet(43)) - raft.server.log.purge.gap = 1000000000 (custom)
2019-07-14 08:47:03,106 INFO  server.RaftServerConfigKeys (ConfUtils.java:logGet(43)) - raft.server.log.appender.buffer.byte-limit = 33554432 (custom)
2019-07-14 08:47:03,106 INFO  server.RaftServerConfigKeys (ConfUtils.java:logGet(43)) - raft.server.log.segment.size.max = 1048576 (custom)
2019-07-14 08:47:03,106 INFO  server.RaftServerConfigKeys (ConfUtils.java:logGet(43)) - raft.server.log.segment.cache.num.max = 2 (custom)
2019-07-14 08:47:03,107 INFO  segmented.SegmentedRaftLogWorker (SegmentedRaftLogWorker.java:<init>(172)) - new c3b732f8-4e03-4755-a3d4-2fde00b2f822-SegmentedRaftLogWorker:Storage Directory /workdir/hadoop-ozone/integration-test/target/test-dir/MiniOzoneClusterImpl-23e8018c-609f-4d7a-98b9-4e300fa8af28/datanode-5/data/ratis/50c75a5b-0ca0-41cc-afa7-911b77ab4209 for RaftStorage:Storage Directory /workdir/hadoop-ozone/integration-test/target/test-dir/MiniOzoneClusterImpl-23e8018c-609f-4d7a-98b9-4e300fa8af28/datanode-5/data/ratis/50c75a5b-0ca0-41cc-afa7-911b77ab4209
2019-07-14 08:47:03,107 INFO  server.RaftServerConfigKeys (ConfUtils.java:logGet(43)) - raft.server.log.queue.byte-limit = 2147483647 (custom)
2019-07-14 08:47:03,107 INFO  server.RaftServerConfigKeys (ConfUtils.java:logGet(43)) - raft.server.log.queue.element-limit = 1024 (custom)
2019-07-14 08:47:03,107 INFO  server.RaftServerConfigKeys (ConfUtils.java:logGet(43)) - raft.server.log.segment.size.max = 1048576 (custom)
2019-07-14 08:47:03,108 INFO  server.RaftServerConfigKeys (ConfUtils.java:logGet(43)) - raft.server.log.preallocated.size = 16384 (custom)
2019-07-14 08:47:03,108 INFO  server.RaftServerConfigKeys (ConfUtils.java:logGet(43)) - raft.server.log.write.buffer.size = 33554432 (custom)
2019-07-14 08:47:03,108 INFO  server.RaftServerConfigKeys (ConfUtils.java:logGet(43)) - raft.server.log.force.sync.num = 128 (default)
2019-07-14 08:47:03,108 INFO  server.RaftServerConfigKeys (ConfUtils.java:logGet(43)) - raft.server.log.statemachine.data.sync = true (default)
2019-07-14 08:47:03,108 INFO  server.RaftServerConfigKeys (ConfUtils.java:logGet(43)) - raft.server.log.statemachine.data.sync.timeout = 10s (default)
2019-07-14 08:47:03,109 INFO  server.RaftServerConfigKeys (ConfUtils.java:logGet(43)) - raft.server.log.statemachine.data.sync.timeout.retry = -1 (default)
2019-07-14 08:47:03,109 INFO  server.RaftServerConfigKeys (ConfUtils.java:logGet(43)) - raft.server.log.statemachine.data.caching.enabled = true (custom)
2019-07-14 08:47:03,109 INFO  segmented.SegmentedRaftLogWorker (SegmentedRaftLogWorker.java:lambda$new$0(132)) - c3b732f8-4e03-4755-a3d4-2fde00b2f822-SegmentedRaftLogWorker:Storage Directory /workdir/hadoop-ozone/integration-test/target/test-dir/MiniOzoneClusterImpl-23e8018c-609f-4d7a-98b9-4e300fa8af28/datanode-5/data/ratis/50c75a5b-0ca0-41cc-afa7-911b77ab4209: flushIndex: setUnconditionally 0 -> -1
2019-07-14 08:47:03,110 INFO  server.RaftServerConfigKeys (ConfUtils.java:logGet(43)) - raft.server.snapshot.auto.trigger.enabled = true (custom)
2019-07-14 08:47:03,110 INFO  server.RaftServerConfigKeys (ConfUtils.java:logGet(43)) - raft.server.snapshot.auto.trigger.threshold = 10000 (custom)
2019-07-14 08:47:03,110 INFO  server.RaftServerConfigKeys (ConfUtils.java:logGet(43)) - raft.server.retrycache.expirytime = 600000ms (custom)
2019-07-14 08:47:03,111 INFO  impl.RaftServerImpl (RaftServerImpl.java:start(180)) - c3b732f8-4e03-4755-a3d4-2fde00b2f822: start group-911B77AB4209
2019-07-14 08:47:03,111 INFO  impl.RaftServerImpl (RaftServerImpl.java:setRole(171)) - c3b732f8-4e03-4755-a3d4-2fde00b2f822:group-911B77AB4209 changes role from null to FOLLOWER at term 0 for startAsFollower
2019-07-14 08:47:03,111 INFO  impl.RoleInfo (RoleInfo.java:updateAndGet(143)) - c3b732f8-4e03-4755-a3d4-2fde00b2f822: start FollowerState
2019-07-14 08:47:03,112 INFO  util.JmxRegister (JmxRegister.java:tryRegister(44)) - Successfully registered JMX Bean with object name Ratis:service=RaftServer,group=group-911B77AB4209,id=c3b732f8-4e03-4755-a3d4-2fde00b2f822
2019-07-14 08:47:03,132 INFO  pipeline.PipelineStateManager (PipelineStateManager.java:addPipeline(56)) - Created pipeline Pipeline[ Id: 50c75a5b-0ca0-41cc-afa7-911b77ab4209, Nodes: c3b732f8-4e03-4755-a3d4-2fde00b2f822{ip: 192.168.5.191, host: trunk-nightly-5z2vd-27108033, networkLocation: /default-rack, certSerialId: null}, Type:RATIS, Factor:ONE, State:OPEN]
2019-07-14 08:47:03,161 INFO  impl.RaftServerProxy (RaftServerProxy.java:addNew(89)) - 80aedb7d-178f-4a5b-809b-3c2ed3caea8c: addNew group-AF2A6B79A510:[80aedb7d-178f-4a5b-809b-3c2ed3caea8c:192.168.5.191:35165] returns group-AF2A6B79A510:java.util.concurrent.CompletableFuture@1f31f359[Not completed]
2019-07-14 08:47:03,162 INFO  impl.RaftServerImpl (RaftServerImpl.java:<init>(93)) - 80aedb7d-178f-4a5b-809b-3c2ed3caea8c: new RaftServerImpl for group-AF2A6B79A510:[80aedb7d-178f-4a5b-809b-3c2ed3caea8c:192.168.5.191:35165] with ContainerStateMachine:uninitialized
2019-07-14 08:47:03,164 INFO  server.RaftServerConfigKeys (ConfUtils.java:logGet(43)) - raft.server.rpc.timeout.min = 5s (custom)
2019-07-14 08:47:03,165 INFO  server.RaftServerConfigKeys (ConfUtils.java:logGet(43)) - raft.server.rpc.timeout.max = 5200ms (custom)
2019-07-14 08:47:03,165 INFO  server.RaftServerConfigKeys (ConfUtils.java:logGet(43)) - raft.server.rpcslowness.timeout = 120s (custom)
2019-07-14 08:47:03,165 INFO  server.RaftServerConfigKeys (ConfUtils.java:logGet(43)) - raft.server.sleep.deviation.threshold = 300 (default)
2019-07-14 08:47:03,165 INFO  server.RaftServerConfigKeys (ConfUtils.java:logGet(43)) - raft.server.log.appender.install.snapshot.enabled = false (custom)
2019-07-14 08:47:03,165 INFO  impl.RaftServerImpl (ServerState.java:<init>(105)) - 80aedb7d-178f-4a5b-809b-3c2ed3caea8c:group-AF2A6B79A510 ConfigurationManager, init=-1: [80aedb7d-178f-4a5b-809b-3c2ed3caea8c:192.168.5.191:35165], old=null, confs=<EMPTY_MAP>
2019-07-14 08:47:03,166 INFO  server.RaftServerConfigKeys (ConfUtils.java:logGet(43)) - raft.server.storage.dir = [/workdir/hadoop-ozone/integration-test/target/test-dir/MiniOzoneClusterImpl-23e8018c-609f-4d7a-98b9-4e300fa8af28/datanode-1/data/ratis] (custom)
2019-07-14 08:47:03,166 INFO  storage.RaftStorageDirectory (RaftStorageDirectory.java:analyzeStorage(246)) - The storage directory /workdir/hadoop-ozone/integration-test/target/test-dir/MiniOzoneClusterImpl-23e8018c-609f-4d7a-98b9-4e300fa8af28/datanode-1/data/ratis/60093168-69d9-4cb7-8d02-af2a6b79a510 does not exist. Creating ...
2019-07-14 08:47:03,171 INFO  storage.RaftStorageDirectory (RaftStorageDirectory.java:tryLock(328)) - Lock on /workdir/hadoop-ozone/integration-test/target/test-dir/MiniOzoneClusterImpl-23e8018c-609f-4d7a-98b9-4e300fa8af28/datanode-1/data/ratis/60093168-69d9-4cb7-8d02-af2a6b79a510/in_use.lock acquired by nodename 28443@trunk-nightly-5z2vd-27108033
2019-07-14 08:47:03,175 INFO  storage.RaftStorage (RaftStorage.java:format(72)) - Storage directory /workdir/hadoop-ozone/integration-test/target/test-dir/MiniOzoneClusterImpl-23e8018c-609f-4d7a-98b9-4e300fa8af28/datanode-1/data/ratis/60093168-69d9-4cb7-8d02-af2a6b79a510 has been successfully formatted.
2019-07-14 08:47:03,175 INFO  ratis.ContainerStateMachine (ContainerStateMachine.java:loadSnapshot(200)) - group-AF2A6B79A510: The snapshot info is null. Setting the last applied indexto:(t:0, i:~)
2019-07-14 08:47:03,176 INFO  server.RaftServerConfigKeys (ConfUtils.java:logGet(43)) - raft.server.leader.election.timeout = 120s (custom)
2019-07-14 08:47:03,176 INFO  server.RaftServerConfigKeys (ConfUtils.java:logGet(43)) - raft.server.log.use.memory = false (default)
2019-07-14 08:47:03,176 INFO  server.RaftServerConfigKeys (ConfUtils.java:logGet(43)) - raft.server.log.purge.gap = 1000000000 (custom)
2019-07-14 08:47:03,176 INFO  server.RaftServerConfigKeys (ConfUtils.java:logGet(43)) - raft.server.log.appender.buffer.byte-limit = 33554432 (custom)
2019-07-14 08:47:03,176 INFO  server.RaftServerConfigKeys (ConfUtils.java:logGet(43)) - raft.server.log.segment.size.max = 1048576 (custom)
2019-07-14 08:47:03,177 INFO  server.RaftServerConfigKeys (ConfUtils.java:logGet(43)) - raft.server.log.segment.cache.num.max = 2 (custom)
2019-07-14 08:47:03,177 INFO  segmented.SegmentedRaftLogWorker (SegmentedRaftLogWorker.java:<init>(172)) - new 80aedb7d-178f-4a5b-809b-3c2ed3caea8c-SegmentedRaftLogWorker:Storage Directory /workdir/hadoop-ozone/integration-test/target/test-dir/MiniOzoneClusterImpl-23e8018c-609f-4d7a-98b9-4e300fa8af28/datanode-1/data/ratis/60093168-69d9-4cb7-8d02-af2a6b79a510 for RaftStorage:Storage Directory /workdir/hadoop-ozone/integration-test/target/test-dir/MiniOzoneClusterImpl-23e8018c-609f-4d7a-98b9-4e300fa8af28/datanode-1/data/ratis/60093168-69d9-4cb7-8d02-af2a6b79a510
2019-07-14 08:47:03,177 INFO  server.RaftServerConfigKeys (ConfUtils.java:logGet(43)) - raft.server.log.queue.byte-limit = 2147483647 (custom)
2019-07-14 08:47:03,177 INFO  server.RaftServerConfigKeys (ConfUtils.java:logGet(43)) - raft.server.log.queue.element-limit = 1024 (custom)
2019-07-14 08:47:03,178 INFO  server.RaftServerConfigKeys (ConfUtils.java:logGet(43)) - raft.server.log.segment.size.max = 1048576 (custom)
2019-07-14 08:47:03,178 INFO  server.RaftServerConfigKeys (ConfUtils.java:logGet(43)) - raft.server.log.preallocated.size = 16384 (custom)
2019-07-14 08:47:03,178 INFO  server.RaftServerConfigKeys (ConfUtils.java:logGet(43)) - raft.server.log.write.buffer.size = 33554432 (custom)
2019-07-14 08:47:03,178 INFO  server.RaftServerConfigKeys (ConfUtils.java:logGet(43)) - raft.server.log.force.sync.num = 128 (default)
2019-07-14 08:47:03,178 INFO  server.RaftServerConfigKeys (ConfUtils.java:logGet(43)) - raft.server.log.statemachine.data.sync = true (default)
2019-07-14 08:47:03,179 INFO  server.RaftServerConfigKeys (ConfUtils.java:logGet(43)) - raft.server.log.statemachine.data.sync.timeout = 10s (default)
2019-07-14 08:47:03,179 INFO  server.RaftServerConfigKeys (ConfUtils.java:logGet(43)) - raft.server.log.statemachine.data.sync.timeout.retry = -1 (default)
2019-07-14 08:47:03,179 INFO  server.RaftServerConfigKeys (ConfUtils.java:logGet(43)) - raft.server.log.statemachine.data.caching.enabled = true (custom)
2019-07-14 08:47:03,180 INFO  segmented.SegmentedRaftLogWorker (SegmentedRaftLogWorker.java:lambda$new$0(132)) - 80aedb7d-178f-4a5b-809b-3c2ed3caea8c-SegmentedRaftLogWorker:Storage Directory /workdir/hadoop-ozone/integration-test/target/test-dir/MiniOzoneClusterImpl-23e8018c-609f-4d7a-98b9-4e300fa8af28/datanode-1/data/ratis/60093168-69d9-4cb7-8d02-af2a6b79a510: flushIndex: setUnconditionally 0 -> -1
2019-07-14 08:47:03,180 INFO  server.RaftServerConfigKeys (ConfUtils.java:logGet(43)) - raft.server.snapshot.auto.trigger.enabled = true (custom)
2019-07-14 08:47:03,180 INFO  server.RaftServerConfigKeys (ConfUtils.java:logGet(43)) - raft.server.snapshot.auto.trigger.threshold = 10000 (custom)
2019-07-14 08:47:03,181 INFO  server.RaftServerConfigKeys (ConfUtils.java:logGet(43)) - raft.server.retrycache.expirytime = 600000ms (custom)
2019-07-14 08:47:03,181 INFO  impl.RaftServerImpl (RaftServerImpl.java:start(180)) - 80aedb7d-178f-4a5b-809b-3c2ed3caea8c: start group-AF2A6B79A510
2019-07-14 08:47:03,181 INFO  impl.RaftServerImpl (RaftServerImpl.java:setRole(171)) - 80aedb7d-178f-4a5b-809b-3c2ed3caea8c:group-AF2A6B79A510 changes role from null to FOLLOWER at term 0 for startAsFollower
2019-07-14 08:47:03,181 INFO  impl.RoleInfo (RoleInfo.java:updateAndGet(143)) - 80aedb7d-178f-4a5b-809b-3c2ed3caea8c: start FollowerState
2019-07-14 08:47:03,182 INFO  util.JmxRegister (JmxRegister.java:tryRegister(44)) - Successfully registered JMX Bean with object name Ratis:service=RaftServer,group=group-AF2A6B79A510,id=80aedb7d-178f-4a5b-809b-3c2ed3caea8c
2019-07-14 08:47:03,194 INFO  pipeline.PipelineStateManager (PipelineStateManager.java:addPipeline(56)) - Created pipeline Pipeline[ Id: 60093168-69d9-4cb7-8d02-af2a6b79a510, Nodes: 80aedb7d-178f-4a5b-809b-3c2ed3caea8c{ip: 192.168.5.191, host: trunk-nightly-5z2vd-27108033, networkLocation: /default-rack, certSerialId: null}, Type:RATIS, Factor:ONE, State:OPEN]
2019-07-14 08:47:03,213 INFO  impl.RaftServerProxy (RaftServerProxy.java:addNew(89)) - e58dc62c-3546-4fa5-80de-76d096388b01: addNew group-6858DAE486E0:[e58dc62c-3546-4fa5-80de-76d096388b01:192.168.5.191:45738] returns group-6858DAE486E0:java.util.concurrent.CompletableFuture@3889eb63[Not completed]
2019-07-14 08:47:03,215 INFO  impl.RaftServerImpl (RaftServerImpl.java:<init>(93)) - e58dc62c-3546-4fa5-80de-76d096388b01: new RaftServerImpl for group-6858DAE486E0:[e58dc62c-3546-4fa5-80de-76d096388b01:192.168.5.191:45738] with ContainerStateMachine:uninitialized
2019-07-14 08:47:03,216 INFO  server.RaftServerConfigKeys (ConfUtils.java:logGet(43)) - raft.server.rpc.timeout.min = 5s (custom)
2019-07-14 08:47:03,217 INFO  server.RaftServerConfigKeys (ConfUtils.java:logGet(43)) - raft.server.rpc.timeout.max = 5200ms (custom)
2019-07-14 08:47:03,217 INFO  server.RaftServerConfigKeys (ConfUtils.java:logGet(43)) - raft.server.rpcslowness.timeout = 120s (custom)
2019-07-14 08:47:03,217 INFO  server.RaftServerConfigKeys (ConfUtils.java:logGet(43)) - raft.server.sleep.deviation.threshold = 300 (default)
2019-07-14 08:47:03,217 INFO  server.RaftServerConfigKeys (ConfUtils.java:logGet(43)) - raft.server.log.appender.install.snapshot.enabled = false (custom)
2019-07-14 08:47:03,217 INFO  impl.RaftServerImpl (ServerState.java:<init>(105)) - e58dc62c-3546-4fa5-80de-76d096388b01:group-6858DAE486E0 ConfigurationManager, init=-1: [e58dc62c-3546-4fa5-80de-76d096388b01:192.168.5.191:45738], old=null, confs=<EMPTY_MAP>
2019-07-14 08:47:03,218 INFO  server.RaftServerConfigKeys (ConfUtils.java:logGet(43)) - raft.server.storage.dir = [/workdir/hadoop-ozone/integration-test/target/test-dir/MiniOzoneClusterImpl-23e8018c-609f-4d7a-98b9-4e300fa8af28/datanode-6/data/ratis] (custom)
2019-07-14 08:47:03,218 INFO  storage.RaftStorageDirectory (RaftStorageDirectory.java:analyzeStorage(246)) - The storage directory /workdir/hadoop-ozone/integration-test/target/test-dir/MiniOzoneClusterImpl-23e8018c-609f-4d7a-98b9-4e300fa8af28/datanode-6/data/ratis/3f36d5cf-36d1-46f4-a7a9-6858dae486e0 does not exist. Creating ...
2019-07-14 08:47:03,222 INFO  storage.RaftStorageDirectory (RaftStorageDirectory.java:tryLock(328)) - Lock on /workdir/hadoop-ozone/integration-test/target/test-dir/MiniOzoneClusterImpl-23e8018c-609f-4d7a-98b9-4e300fa8af28/datanode-6/data/ratis/3f36d5cf-36d1-46f4-a7a9-6858dae486e0/in_use.lock acquired by nodename 28443@trunk-nightly-5z2vd-27108033
2019-07-14 08:47:03,228 INFO  storage.RaftStorage (RaftStorage.java:format(72)) - Storage directory /workdir/hadoop-ozone/integration-test/target/test-dir/MiniOzoneClusterImpl-23e8018c-609f-4d7a-98b9-4e300fa8af28/datanode-6/data/ratis/3f36d5cf-36d1-46f4-a7a9-6858dae486e0 has been successfully formatted.
2019-07-14 08:47:03,228 INFO  ratis.ContainerStateMachine (ContainerStateMachine.java:loadSnapshot(200)) - group-6858DAE486E0: The snapshot info is null. Setting the last applied indexto:(t:0, i:~)
2019-07-14 08:47:03,228 INFO  server.RaftServerConfigKeys (ConfUtils.java:logGet(43)) - raft.server.leader.election.timeout = 120s (custom)
2019-07-14 08:47:03,228 INFO  server.RaftServerConfigKeys (ConfUtils.java:logGet(43)) - raft.server.log.use.memory = false (default)
2019-07-14 08:47:03,229 INFO  server.RaftServerConfigKeys (ConfUtils.java:logGet(43)) - raft.server.log.purge.gap = 1000000000 (custom)
2019-07-14 08:47:03,229 INFO  server.RaftServerConfigKeys (ConfUtils.java:logGet(43)) - raft.server.log.appender.buffer.byte-limit = 33554432 (custom)
2019-07-14 08:47:03,229 INFO  server.RaftServerConfigKeys (ConfUtils.java:logGet(43)) - raft.server.log.segment.size.max = 1048576 (custom)
2019-07-14 08:47:03,229 INFO  server.RaftServerConfigKeys (ConfUtils.java:logGet(43)) - raft.server.log.segment.cache.num.max = 2 (custom)
2019-07-14 08:47:03,229 INFO  segmented.SegmentedRaftLogWorker (SegmentedRaftLogWorker.java:<init>(172)) - new e58dc62c-3546-4fa5-80de-76d096388b01-SegmentedRaftLogWorker:Storage Directory /workdir/hadoop-ozone/integration-test/target/test-dir/MiniOzoneClusterImpl-23e8018c-609f-4d7a-98b9-4e300fa8af28/datanode-6/data/ratis/3f36d5cf-36d1-46f4-a7a9-6858dae486e0 for RaftStorage:Storage Directory /workdir/hadoop-ozone/integration-test/target/test-dir/MiniOzoneClusterImpl-23e8018c-609f-4d7a-98b9-4e300fa8af28/datanode-6/data/ratis/3f36d5cf-36d1-46f4-a7a9-6858dae486e0
2019-07-14 08:47:03,229 INFO  server.RaftServerConfigKeys (ConfUtils.java:logGet(43)) - raft.server.log.queue.byte-limit = 2147483647 (custom)
2019-07-14 08:47:03,230 INFO  server.RaftServerConfigKeys (ConfUtils.java:logGet(43)) - raft.server.log.queue.element-limit = 1024 (custom)
2019-07-14 08:47:03,230 INFO  server.RaftServerConfigKeys (ConfUtils.java:logGet(43)) - raft.server.log.segment.size.max = 1048576 (custom)
2019-07-14 08:47:03,230 INFO  server.RaftServerConfigKeys (ConfUtils.java:logGet(43)) - raft.server.log.preallocated.size = 16384 (custom)
2019-07-14 08:47:03,230 INFO  server.RaftServerConfigKeys (ConfUtils.java:logGet(43)) - raft.server.log.write.buffer.size = 33554432 (custom)
2019-07-14 08:47:03,231 INFO  server.RaftServerConfigKeys (ConfUtils.java:logGet(43)) - raft.server.log.force.sync.num = 128 (default)
2019-07-14 08:47:03,231 INFO  server.RaftServerConfigKeys (ConfUtils.java:logGet(43)) - raft.server.log.statemachine.data.sync = true (default)
2019-07-14 08:47:03,231 INFO  server.RaftServerConfigKeys (ConfUtils.java:logGet(43)) - raft.server.log.statemachine.data.sync.timeout = 10s (default)
2019-07-14 08:47:03,231 INFO  server.RaftServerConfigKeys (ConfUtils.java:logGet(43)) - raft.server.log.statemachine.data.sync.timeout.retry = -1 (default)
2019-07-14 08:47:03,232 INFO  server.RaftServerConfigKeys (ConfUtils.java:logGet(43)) - raft.server.log.statemachine.data.caching.enabled = true (custom)
2019-07-14 08:47:03,232 INFO  segmented.SegmentedRaftLogWorker (SegmentedRaftLogWorker.java:lambda$new$0(132)) - e58dc62c-3546-4fa5-80de-76d096388b01-SegmentedRaftLogWorker:Storage Directory /workdir/hadoop-ozone/integration-test/target/test-dir/MiniOzoneClusterImpl-23e8018c-609f-4d7a-98b9-4e300fa8af28/datanode-6/data/ratis/3f36d5cf-36d1-46f4-a7a9-6858dae486e0: flushIndex: setUnconditionally 0 -> -1
2019-07-14 08:47:03,232 INFO  server.RaftServerConfigKeys (ConfUtils.java:logGet(43)) - raft.server.snapshot.auto.trigger.enabled = true (custom)
2019-07-14 08:47:03,233 INFO  server.RaftServerConfigKeys (ConfUtils.java:logGet(43)) - raft.server.snapshot.auto.trigger.threshold = 10000 (custom)
2019-07-14 08:47:03,233 INFO  server.RaftServerConfigKeys (ConfUtils.java:logGet(43)) - raft.server.retrycache.expirytime = 600000ms (custom)
2019-07-14 08:47:03,233 INFO  impl.RaftServerImpl (RaftServerImpl.java:start(180)) - e58dc62c-3546-4fa5-80de-76d096388b01: start group-6858DAE486E0
2019-07-14 08:47:03,233 INFO  impl.RaftServerImpl (RaftServerImpl.java:setRole(171)) - e58dc62c-3546-4fa5-80de-76d096388b01:group-6858DAE486E0 changes role from null to FOLLOWER at term 0 for startAsFollower
2019-07-14 08:47:03,234 INFO  impl.RoleInfo (RoleInfo.java:updateAndGet(143)) - e58dc62c-3546-4fa5-80de-76d096388b01: start FollowerState
2019-07-14 08:47:03,234 INFO  util.JmxRegister (JmxRegister.java:tryRegister(44)) - Successfully registered JMX Bean with object name Ratis:service=RaftServer,group=group-6858DAE486E0,id=e58dc62c-3546-4fa5-80de-76d096388b01
2019-07-14 08:47:03,251 INFO  pipeline.PipelineStateManager (PipelineStateManager.java:addPipeline(56)) - Created pipeline Pipeline[ Id: 3f36d5cf-36d1-46f4-a7a9-6858dae486e0, Nodes: e58dc62c-3546-4fa5-80de-76d096388b01{ip: 192.168.5.191, host: trunk-nightly-5z2vd-27108033, networkLocation: /default-rack, certSerialId: null}, Type:RATIS, Factor:ONE, State:OPEN]
2019-07-14 08:47:03,290 INFO  impl.RaftServerProxy (RaftServerProxy.java:addNew(89)) - 45b257bb-fabe-467f-8d8e-ce81762ca88b: addNew group-22574E10A3AD:[45b257bb-fabe-467f-8d8e-ce81762ca88b:192.168.5.191:42990, 1915db36-1842-4533-89d6-17e313d02506:192.168.5.191:35136, 5f0b5e26-5075-4a10-9fbe-a094d8ad9dce:192.168.5.191:43193] returns group-22574E10A3AD:java.util.concurrent.CompletableFuture@70d79d62[Not completed]
2019-07-14 08:47:03,291 INFO  impl.RaftServerProxy (RaftServerProxy.java:addNew(89)) - 1915db36-1842-4533-89d6-17e313d02506: addNew group-22574E10A3AD:[45b257bb-fabe-467f-8d8e-ce81762ca88b:192.168.5.191:42990, 1915db36-1842-4533-89d6-17e313d02506:192.168.5.191:35136, 5f0b5e26-5075-4a10-9fbe-a094d8ad9dce:192.168.5.191:43193] returns group-22574E10A3AD:java.util.concurrent.CompletableFuture@6512b4c8[Not completed]
2019-07-14 08:47:03,291 INFO  impl.RaftServerProxy (RaftServerProxy.java:addNew(89)) - 5f0b5e26-5075-4a10-9fbe-a094d8ad9dce: addNew group-22574E10A3AD:[45b257bb-fabe-467f-8d8e-ce81762ca88b:192.168.5.191:42990, 1915db36-1842-4533-89d6-17e313d02506:192.168.5.191:35136, 5f0b5e26-5075-4a10-9fbe-a094d8ad9dce:192.168.5.191:43193] returns group-22574E10A3AD:java.util.concurrent.CompletableFuture@1654a72b[Not completed]
2019-07-14 08:47:03,292 INFO  impl.RaftServerImpl (RaftServerImpl.java:<init>(93)) - 45b257bb-fabe-467f-8d8e-ce81762ca88b: new RaftServerImpl for group-22574E10A3AD:[45b257bb-fabe-467f-8d8e-ce81762ca88b:192.168.5.191:42990, 1915db36-1842-4533-89d6-17e313d02506:192.168.5.191:35136, 5f0b5e26-5075-4a10-9fbe-a094d8ad9dce:192.168.5.191:43193] with ContainerStateMachine:uninitialized
2019-07-14 08:47:03,292 INFO  server.RaftServerConfigKeys (ConfUtils.java:logGet(43)) - raft.server.rpc.timeout.min = 5s (custom)
2019-07-14 08:47:03,292 INFO  server.RaftServerConfigKeys (ConfUtils.java:logGet(43)) - raft.server.rpc.timeout.max = 5200ms (custom)
2019-07-14 08:47:03,292 INFO  server.RaftServerConfigKeys (ConfUtils.java:logGet(43)) - raft.server.rpcslowness.timeout = 120s (custom)
2019-07-14 08:47:03,293 INFO  server.RaftServerConfigKeys (ConfUtils.java:logGet(43)) - raft.server.sleep.deviation.threshold = 300 (default)
2019-07-14 08:47:03,293 INFO  server.RaftServerConfigKeys (ConfUtils.java:logGet(43)) - raft.server.log.appender.install.snapshot.enabled = false (custom)
2019-07-14 08:47:03,293 INFO  impl.RaftServerImpl (RaftServerImpl.java:<init>(93)) - 5f0b5e26-5075-4a10-9fbe-a094d8ad9dce: new RaftServerImpl for group-22574E10A3AD:[45b257bb-fabe-467f-8d8e-ce81762ca88b:192.168.5.191:42990, 1915db36-1842-4533-89d6-17e313d02506:192.168.5.191:35136, 5f0b5e26-5075-4a10-9fbe-a094d8ad9dce:192.168.5.191:43193] with ContainerStateMachine:uninitialized
2019-07-14 08:47:03,293 INFO  impl.RaftServerImpl (ServerState.java:<init>(105)) - 45b257bb-fabe-467f-8d8e-ce81762ca88b:group-22574E10A3AD ConfigurationManager, init=-1: [45b257bb-fabe-467f-8d8e-ce81762ca88b:192.168.5.191:42990, 1915db36-1842-4533-89d6-17e313d02506:192.168.5.191:35136, 5f0b5e26-5075-4a10-9fbe-a094d8ad9dce:192.168.5.191:43193], old=null, confs=<EMPTY_MAP>
2019-07-14 08:47:03,293 INFO  server.RaftServerConfigKeys (ConfUtils.java:logGet(43)) - raft.server.rpc.timeout.min = 5s (custom)
2019-07-14 08:47:03,293 INFO  server.RaftServerConfigKeys (ConfUtils.java:logGet(43)) - raft.server.storage.dir = [/workdir/hadoop-ozone/integration-test/target/test-dir/MiniOzoneClusterImpl-23e8018c-609f-4d7a-98b9-4e300fa8af28/datanode-2/data/ratis] (custom)
2019-07-14 08:47:03,293 INFO  server.RaftServerConfigKeys (ConfUtils.java:logGet(43)) - raft.server.rpc.timeout.max = 5200ms (custom)
2019-07-14 08:47:03,294 INFO  server.RaftServerConfigKeys (ConfUtils.java:logGet(43)) - raft.server.rpcslowness.timeout = 120s (custom)
2019-07-14 08:47:03,294 INFO  impl.RaftServerImpl (RaftServerImpl.java:<init>(93)) - 1915db36-1842-4533-89d6-17e313d02506: new RaftServerImpl for group-22574E10A3AD:[45b257bb-fabe-467f-8d8e-ce81762ca88b:192.168.5.191:42990, 1915db36-1842-4533-89d6-17e313d02506:192.168.5.191:35136, 5f0b5e26-5075-4a10-9fbe-a094d8ad9dce:192.168.5.191:43193] with ContainerStateMachine:uninitialized
2019-07-14 08:47:03,294 INFO  storage.RaftStorageDirectory (RaftStorageDirectory.java:analyzeStorage(246)) - The storage directory /workdir/hadoop-ozone/integration-test/target/test-dir/MiniOzoneClusterImpl-23e8018c-609f-4d7a-98b9-4e300fa8af28/datanode-2/data/ratis/bb7b1d7d-532f-4eb3-9121-22574e10a3ad does not exist. Creating ...
2019-07-14 08:47:03,294 INFO  server.RaftServerConfigKeys (ConfUtils.java:logGet(43)) - raft.server.sleep.deviation.threshold = 300 (default)
2019-07-14 08:47:03,294 INFO  server.RaftServerConfigKeys (ConfUtils.java:logGet(43)) - raft.server.rpc.timeout.min = 5s (custom)
2019-07-14 08:47:03,294 INFO  server.RaftServerConfigKeys (ConfUtils.java:logGet(43)) - raft.server.log.appender.install.snapshot.enabled = false (custom)
2019-07-14 08:47:03,294 INFO  server.RaftServerConfigKeys (ConfUtils.java:logGet(43)) - raft.server.rpc.timeout.max = 5200ms (custom)
2019-07-14 08:47:03,294 INFO  impl.RaftServerImpl (ServerState.java:<init>(105)) - 5f0b5e26-5075-4a10-9fbe-a094d8ad9dce:group-22574E10A3AD ConfigurationManager, init=-1: [45b257bb-fabe-467f-8d8e-ce81762ca88b:192.168.5.191:42990, 1915db36-1842-4533-89d6-17e313d02506:192.168.5.191:35136, 5f0b5e26-5075-4a10-9fbe-a094d8ad9dce:192.168.5.191:43193], old=null, confs=<EMPTY_MAP>
2019-07-14 08:47:03,295 INFO  server.RaftServerConfigKeys (ConfUtils.java:logGet(43)) - raft.server.rpcslowness.timeout = 120s (custom)
2019-07-14 08:47:03,295 INFO  server.RaftServerConfigKeys (ConfUtils.java:logGet(43)) - raft.server.storage.dir = [/workdir/hadoop-ozone/integration-test/target/test-dir/MiniOzoneClusterImpl-23e8018c-609f-4d7a-98b9-4e300fa8af28/datanode-4/data/ratis] (custom)
2019-07-14 08:47:03,295 INFO  server.RaftServerConfigKeys (ConfUtils.java:logGet(43)) - raft.server.sleep.deviation.threshold = 300 (default)
2019-07-14 08:47:03,295 INFO  server.RaftServerConfigKeys (ConfUtils.java:logGet(43)) - raft.server.log.appender.install.snapshot.enabled = false (custom)
2019-07-14 08:47:03,295 INFO  storage.RaftStorageDirectory (RaftStorageDirectory.java:analyzeStorage(246)) - The storage directory /workdir/hadoop-ozone/integration-test/target/test-dir/MiniOzoneClusterImpl-23e8018c-609f-4d7a-98b9-4e300fa8af28/datanode-4/data/ratis/bb7b1d7d-532f-4eb3-9121-22574e10a3ad does not exist. Creating ...
2019-07-14 08:47:03,295 INFO  impl.RaftServerImpl (ServerState.java:<init>(105)) - 1915db36-1842-4533-89d6-17e313d02506:group-22574E10A3AD ConfigurationManager, init=-1: [45b257bb-fabe-467f-8d8e-ce81762ca88b:192.168.5.191:42990, 1915db36-1842-4533-89d6-17e313d02506:192.168.5.191:35136, 5f0b5e26-5075-4a10-9fbe-a094d8ad9dce:192.168.5.191:43193], old=null, confs=<EMPTY_MAP>
2019-07-14 08:47:03,296 INFO  server.RaftServerConfigKeys (ConfUtils.java:logGet(43)) - raft.server.storage.dir = [/workdir/hadoop-ozone/integration-test/target/test-dir/MiniOzoneClusterImpl-23e8018c-609f-4d7a-98b9-4e300fa8af28/datanode-3/data/ratis] (custom)
2019-07-14 08:47:03,296 INFO  storage.RaftStorageDirectory (RaftStorageDirectory.java:analyzeStorage(246)) - The storage directory /workdir/hadoop-ozone/integration-test/target/test-dir/MiniOzoneClusterImpl-23e8018c-609f-4d7a-98b9-4e300fa8af28/datanode-3/data/ratis/bb7b1d7d-532f-4eb3-9121-22574e10a3ad does not exist. Creating ...
2019-07-14 08:47:03,300 INFO  storage.RaftStorageDirectory (RaftStorageDirectory.java:tryLock(328)) - Lock on /workdir/hadoop-ozone/integration-test/target/test-dir/MiniOzoneClusterImpl-23e8018c-609f-4d7a-98b9-4e300fa8af28/datanode-2/data/ratis/bb7b1d7d-532f-4eb3-9121-22574e10a3ad/in_use.lock acquired by nodename 28443@trunk-nightly-5z2vd-27108033
2019-07-14 08:47:03,300 INFO  storage.RaftStorageDirectory (RaftStorageDirectory.java:tryLock(328)) - Lock on /workdir/hadoop-ozone/integration-test/target/test-dir/MiniOzoneClusterImpl-23e8018c-609f-4d7a-98b9-4e300fa8af28/datanode-4/data/ratis/bb7b1d7d-532f-4eb3-9121-22574e10a3ad/in_use.lock acquired by nodename 28443@trunk-nightly-5z2vd-27108033
2019-07-14 08:47:03,300 INFO  storage.RaftStorageDirectory (RaftStorageDirectory.java:tryLock(328)) - Lock on /workdir/hadoop-ozone/integration-test/target/test-dir/MiniOzoneClusterImpl-23e8018c-609f-4d7a-98b9-4e300fa8af28/datanode-3/data/ratis/bb7b1d7d-532f-4eb3-9121-22574e10a3ad/in_use.lock acquired by nodename 28443@trunk-nightly-5z2vd-27108033
2019-07-14 08:47:03,305 INFO  storage.RaftStorage (RaftStorage.java:format(72)) - Storage directory /workdir/hadoop-ozone/integration-test/target/test-dir/MiniOzoneClusterImpl-23e8018c-609f-4d7a-98b9-4e300fa8af28/datanode-4/data/ratis/bb7b1d7d-532f-4eb3-9121-22574e10a3ad has been successfully formatted.
2019-07-14 08:47:03,305 INFO  storage.RaftStorage (RaftStorage.java:format(72)) - Storage directory /workdir/hadoop-ozone/integration-test/target/test-dir/MiniOzoneClusterImpl-23e8018c-609f-4d7a-98b9-4e300fa8af28/datanode-3/data/ratis/bb7b1d7d-532f-4eb3-9121-22574e10a3ad has been successfully formatted.
2019-07-14 08:47:03,305 INFO  storage.RaftStorage (RaftStorage.java:format(72)) - Storage directory /workdir/hadoop-ozone/integration-test/target/test-dir/MiniOzoneClusterImpl-23e8018c-609f-4d7a-98b9-4e300fa8af28/datanode-2/data/ratis/bb7b1d7d-532f-4eb3-9121-22574e10a3ad has been successfully formatted.
2019-07-14 08:47:03,306 INFO  ratis.ContainerStateMachine (ContainerStateMachine.java:loadSnapshot(200)) - group-22574E10A3AD: The snapshot info is null. Setting the last applied indexto:(t:0, i:~)
2019-07-14 08:47:03,306 INFO  ratis.ContainerStateMachine (ContainerStateMachine.java:loadSnapshot(200)) - group-22574E10A3AD: The snapshot info is null. Setting the last applied indexto:(t:0, i:~)
2019-07-14 08:47:03,306 INFO  server.RaftServerConfigKeys (ConfUtils.java:logGet(43)) - raft.server.leader.election.timeout = 120s (custom)
2019-07-14 08:47:03,306 INFO  ratis.ContainerStateMachine (ContainerStateMachine.java:loadSnapshot(200)) - group-22574E10A3AD: The snapshot info is null. Setting the last applied indexto:(t:0, i:~)
2019-07-14 08:47:03,306 INFO  server.RaftServerConfigKeys (ConfUtils.java:logGet(43)) - raft.server.log.use.memory = false (default)
2019-07-14 08:47:03,306 INFO  server.RaftServerConfigKeys (ConfUtils.java:logGet(43)) - raft.server.leader.election.timeout = 120s (custom)
2019-07-14 08:47:03,307 INFO  server.RaftServerConfigKeys (ConfUtils.java:logGet(43)) - raft.server.log.purge.gap = 1000000000 (custom)
2019-07-14 08:47:03,306 INFO  server.RaftServerConfigKeys (ConfUtils.java:logGet(43)) - raft.server.leader.election.timeout = 120s (custom)
2019-07-14 08:47:03,307 INFO  server.RaftServerConfigKeys (ConfUtils.java:logGet(43)) - raft.server.log.appender.buffer.byte-limit = 33554432 (custom)
2019-07-14 08:47:03,307 INFO  server.RaftServerConfigKeys (ConfUtils.java:logGet(43)) - raft.server.log.use.memory = false (default)
2019-07-14 08:47:03,307 INFO  server.RaftServerConfigKeys (ConfUtils.java:logGet(43)) - raft.server.log.segment.size.max = 1048576 (custom)
2019-07-14 08:47:03,307 INFO  server.RaftServerConfigKeys (ConfUtils.java:logGet(43)) - raft.server.log.use.memory = false (default)
2019-07-14 08:47:03,307 INFO  server.RaftServerConfigKeys (ConfUtils.java:logGet(43)) - raft.server.log.segment.cache.num.max = 2 (custom)
2019-07-14 08:47:03,307 INFO  server.RaftServerConfigKeys (ConfUtils.java:logGet(43)) - raft.server.log.purge.gap = 1000000000 (custom)
2019-07-14 08:47:03,308 INFO  segmented.SegmentedRaftLogWorker (SegmentedRaftLogWorker.java:<init>(172)) - new 5f0b5e26-5075-4a10-9fbe-a094d8ad9dce-SegmentedRaftLogWorker:Storage Directory /workdir/hadoop-ozone/integration-test/target/test-dir/MiniOzoneClusterImpl-23e8018c-609f-4d7a-98b9-4e300fa8af28/datanode-4/data/ratis/bb7b1d7d-532f-4eb3-9121-22574e10a3ad for RaftStorage:Storage Directory /workdir/hadoop-ozone/integration-test/target/test-dir/MiniOzoneClusterImpl-23e8018c-609f-4d7a-98b9-4e300fa8af28/datanode-4/data/ratis/bb7b1d7d-532f-4eb3-9121-22574e10a3ad
2019-07-14 08:47:03,308 INFO  server.RaftServerConfigKeys (ConfUtils.java:logGet(43)) - raft.server.log.purge.gap = 1000000000 (custom)
2019-07-14 08:47:03,308 INFO  server.RaftServerConfigKeys (ConfUtils.java:logGet(43)) - raft.server.log.queue.byte-limit = 2147483647 (custom)
2019-07-14 08:47:03,308 INFO  server.RaftServerConfigKeys (ConfUtils.java:logGet(43)) - raft.server.log.appender.buffer.byte-limit = 33554432 (custom)
2019-07-14 08:47:03,310 INFO  server.RaftServerConfigKeys (ConfUtils.java:logGet(43)) - raft.server.log.queue.element-limit = 1024 (custom)
2019-07-14 08:47:03,308 INFO  server.RaftServerConfigKeys (ConfUtils.java:logGet(43)) - raft.server.log.appender.buffer.byte-limit = 33554432 (custom)
2019-07-14 08:47:03,310 INFO  server.RaftServerConfigKeys (ConfUtils.java:logGet(43)) - raft.server.log.segment.size.max = 1048576 (custom)
2019-07-14 08:47:03,310 INFO  server.RaftServerConfigKeys (ConfUtils.java:logGet(43)) - raft.server.log.segment.size.max = 1048576 (custom)
2019-07-14 08:47:03,310 INFO  server.RaftServerConfigKeys (ConfUtils.java:logGet(43)) - raft.server.log.preallocated.size = 16384 (custom)
2019-07-14 08:47:03,310 INFO  server.RaftServerConfigKeys (ConfUtils.java:logGet(43)) - raft.server.log.segment.size.max = 1048576 (custom)
2019-07-14 08:47:03,311 INFO  server.RaftServerConfigKeys (ConfUtils.java:logGet(43)) - raft.server.log.write.buffer.size = 33554432 (custom)
2019-07-14 08:47:03,311 INFO  server.RaftServerConfigKeys (ConfUtils.java:logGet(43)) - raft.server.log.segment.cache.num.max = 2 (custom)
2019-07-14 08:47:03,311 INFO  server.RaftServerConfigKeys (ConfUtils.java:logGet(43)) - raft.server.log.force.sync.num = 128 (default)
2019-07-14 08:47:03,311 INFO  server.RaftServerConfigKeys (ConfUtils.java:logGet(43)) - raft.server.log.segment.cache.num.max = 2 (custom)
2019-07-14 08:47:03,311 INFO  server.RaftServerConfigKeys (ConfUtils.java:logGet(43)) - raft.server.log.statemachine.data.sync = true (default)
2019-07-14 08:47:03,311 INFO  segmented.SegmentedRaftLogWorker (SegmentedRaftLogWorker.java:<init>(172)) - new 1915db36-1842-4533-89d6-17e313d02506-SegmentedRaftLogWorker:Storage Directory /workdir/hadoop-ozone/integration-test/target/test-dir/MiniOzoneClusterImpl-23e8018c-609f-4d7a-98b9-4e300fa8af28/datanode-3/data/ratis/bb7b1d7d-532f-4eb3-9121-22574e10a3ad for RaftStorage:Storage Directory /workdir/hadoop-ozone/integration-test/target/test-dir/MiniOzoneClusterImpl-23e8018c-609f-4d7a-98b9-4e300fa8af28/datanode-3/data/ratis/bb7b1d7d-532f-4eb3-9121-22574e10a3ad
2019-07-14 08:47:03,312 INFO  server.RaftServerConfigKeys (ConfUtils.java:logGet(43)) - raft.server.log.statemachine.data.sync.timeout = 10s (default)
2019-07-14 08:47:03,311 INFO  segmented.SegmentedRaftLogWorker (SegmentedRaftLogWorker.java:<init>(172)) - new 45b257bb-fabe-467f-8d8e-ce81762ca88b-SegmentedRaftLogWorker:Storage Directory /workdir/hadoop-ozone/integration-test/target/test-dir/MiniOzoneClusterImpl-23e8018c-609f-4d7a-98b9-4e300fa8af28/datanode-2/data/ratis/bb7b1d7d-532f-4eb3-9121-22574e10a3ad for RaftStorage:Storage Directory /workdir/hadoop-ozone/integration-test/target/test-dir/MiniOzoneClusterImpl-23e8018c-609f-4d7a-98b9-4e300fa8af28/datanode-2/data/ratis/bb7b1d7d-532f-4eb3-9121-22574e10a3ad
2019-07-14 08:47:03,312 INFO  server.RaftServerConfigKeys (ConfUtils.java:logGet(43)) - raft.server.log.statemachine.data.sync.timeout.retry = -1 (default)
2019-07-14 08:47:03,312 INFO  server.RaftServerConfigKeys (ConfUtils.java:logGet(43)) - raft.server.log.queue.byte-limit = 2147483647 (custom)
2019-07-14 08:47:03,315 INFO  server.RaftServerConfigKeys (ConfUtils.java:logGet(43)) - raft.server.log.statemachine.data.caching.enabled = true (custom)
2019-07-14 08:47:03,313 INFO  server.RaftServerConfigKeys (ConfUtils.java:logGet(43)) - raft.server.log.queue.byte-limit = 2147483647 (custom)
2019-07-14 08:47:03,315 INFO  server.RaftServerConfigKeys (ConfUtils.java:logGet(43)) - raft.server.log.queue.element-limit = 1024 (custom)
2019-07-14 08:47:03,315 INFO  segmented.SegmentedRaftLogWorker (SegmentedRaftLogWorker.java:lambda$new$0(132)) - 5f0b5e26-5075-4a10-9fbe-a094d8ad9dce-SegmentedRaftLogWorker:Storage Directory /workdir/hadoop-ozone/integration-test/target/test-dir/MiniOzoneClusterImpl-23e8018c-609f-4d7a-98b9-4e300fa8af28/datanode-4/data/ratis/bb7b1d7d-532f-4eb3-9121-22574e10a3ad: flushIndex: setUnconditionally 0 -> -1
2019-07-14 08:47:03,315 INFO  server.RaftServerConfigKeys (ConfUtils.java:logGet(43)) - raft.server.log.queue.element-limit = 1024 (custom)
2019-07-14 08:47:03,315 INFO  server.RaftServerConfigKeys (ConfUtils.java:logGet(43)) - raft.server.log.segment.size.max = 1048576 (custom)
2019-07-14 08:47:03,316 INFO  server.RaftServerConfigKeys (ConfUtils.java:logGet(43)) - raft.server.snapshot.auto.trigger.enabled = true (custom)
2019-07-14 08:47:03,316 INFO  server.RaftServerConfigKeys (ConfUtils.java:logGet(43)) - raft.server.log.segment.size.max = 1048576 (custom)
2019-07-14 08:47:03,316 INFO  server.RaftServerConfigKeys (ConfUtils.java:logGet(43)) - raft.server.snapshot.auto.trigger.threshold = 10000 (custom)
2019-07-14 08:47:03,316 INFO  server.RaftServerConfigKeys (ConfUtils.java:logGet(43)) - raft.server.log.preallocated.size = 16384 (custom)
2019-07-14 08:47:03,316 INFO  server.RaftServerConfigKeys (ConfUtils.java:logGet(43)) - raft.server.retrycache.expirytime = 600000ms (custom)
2019-07-14 08:47:03,316 INFO  server.RaftServerConfigKeys (ConfUtils.java:logGet(43)) - raft.server.log.preallocated.size = 16384 (custom)
2019-07-14 08:47:03,317 INFO  impl.RaftServerImpl (RaftServerImpl.java:start(180)) - 5f0b5e26-5075-4a10-9fbe-a094d8ad9dce: start group-22574E10A3AD
2019-07-14 08:47:03,316 INFO  server.RaftServerConfigKeys (ConfUtils.java:logGet(43)) - raft.server.log.write.buffer.size = 33554432 (custom)
2019-07-14 08:47:03,317 INFO  impl.RaftServerImpl (RaftServerImpl.java:setRole(171)) - 5f0b5e26-5075-4a10-9fbe-a094d8ad9dce:group-22574E10A3AD changes role from null to FOLLOWER at term 0 for startAsFollower
2019-07-14 08:47:03,317 INFO  server.RaftServerConfigKeys (ConfUtils.java:logGet(43)) - raft.server.log.write.buffer.size = 33554432 (custom)
2019-07-14 08:47:03,317 INFO  impl.RoleInfo (RoleInfo.java:updateAndGet(143)) - 5f0b5e26-5075-4a10-9fbe-a094d8ad9dce: start FollowerState
2019-07-14 08:47:03,317 INFO  server.RaftServerConfigKeys (ConfUtils.java:logGet(43)) - raft.server.log.force.sync.num = 128 (default)
2019-07-14 08:47:03,317 INFO  server.RaftServerConfigKeys (ConfUtils.java:logGet(43)) - raft.server.log.force.sync.num = 128 (default)
2019-07-14 08:47:03,317 INFO  server.RaftServerConfigKeys (ConfUtils.java:logGet(43)) - raft.server.log.statemachine.data.sync = true (default)
2019-07-14 08:47:03,318 INFO  util.JmxRegister (JmxRegister.java:tryRegister(44)) - Successfully registered JMX Bean with object name Ratis:service=RaftServer,group=group-22574E10A3AD,id=5f0b5e26-5075-4a10-9fbe-a094d8ad9dce
2019-07-14 08:47:03,318 INFO  server.RaftServerConfigKeys (ConfUtils.java:logGet(43)) - raft.server.log.statemachine.data.sync = true (default)
2019-07-14 08:47:03,318 INFO  server.RaftServerConfigKeys (ConfUtils.java:logGet(43)) - raft.server.log.statemachine.data.sync.timeout = 10s (default)
2019-07-14 08:47:03,318 INFO  server.RaftServerConfigKeys (ConfUtils.java:logGet(43)) - raft.server.log.statemachine.data.sync.timeout = 10s (default)
2019-07-14 08:47:03,318 INFO  server.RaftServerConfigKeys (ConfUtils.java:logGet(43)) - raft.server.log.statemachine.data.sync.timeout.retry = -1 (default)
2019-07-14 08:47:03,318 INFO  server.RaftServerConfigKeys (ConfUtils.java:logGet(43)) - raft.server.log.statemachine.data.sync.timeout.retry = -1 (default)
2019-07-14 08:47:03,319 INFO  server.RaftServerConfigKeys (ConfUtils.java:logGet(43)) - raft.server.log.statemachine.data.caching.enabled = true (custom)
2019-07-14 08:47:03,319 INFO  server.RaftServerConfigKeys (ConfUtils.java:logGet(43)) - raft.server.log.statemachine.data.caching.enabled = true (custom)
2019-07-14 08:47:03,319 INFO  segmented.SegmentedRaftLogWorker (SegmentedRaftLogWorker.java:lambda$new$0(132)) - 1915db36-1842-4533-89d6-17e313d02506-SegmentedRaftLogWorker:Storage Directory /workdir/hadoop-ozone/integration-test/target/test-dir/MiniOzoneClusterImpl-23e8018c-609f-4d7a-98b9-4e300fa8af28/datanode-3/data/ratis/bb7b1d7d-532f-4eb3-9121-22574e10a3ad: flushIndex: setUnconditionally 0 -> -1
2019-07-14 08:47:03,319 INFO  segmented.SegmentedRaftLogWorker (SegmentedRaftLogWorker.java:lambda$new$0(132)) - 45b257bb-fabe-467f-8d8e-ce81762ca88b-SegmentedRaftLogWorker:Storage Directory /workdir/hadoop-ozone/integration-test/target/test-dir/MiniOzoneClusterImpl-23e8018c-609f-4d7a-98b9-4e300fa8af28/datanode-2/data/ratis/bb7b1d7d-532f-4eb3-9121-22574e10a3ad: flushIndex: setUnconditionally 0 -> -1
2019-07-14 08:47:03,320 INFO  server.RaftServerConfigKeys (ConfUtils.java:logGet(43)) - raft.server.snapshot.auto.trigger.enabled = true (custom)
2019-07-14 08:47:03,320 INFO  server.RaftServerConfigKeys (ConfUtils.java:logGet(43)) - raft.server.snapshot.auto.trigger.threshold = 10000 (custom)
2019-07-14 08:47:03,320 INFO  server.RaftServerConfigKeys (ConfUtils.java:logGet(43)) - raft.server.snapshot.auto.trigger.enabled = true (custom)
2019-07-14 08:47:03,320 INFO  server.RaftServerConfigKeys (ConfUtils.java:logGet(43)) - raft.server.retrycache.expirytime = 600000ms (custom)
2019-07-14 08:47:03,320 INFO  server.RaftServerConfigKeys (ConfUtils.java:logGet(43)) - raft.server.snapshot.auto.trigger.threshold = 10000 (custom)
2019-07-14 08:47:03,320 INFO  impl.RaftServerImpl (RaftServerImpl.java:start(180)) - 1915db36-1842-4533-89d6-17e313d02506: start group-22574E10A3AD
2019-07-14 08:47:03,322 INFO  server.RaftServerConfigKeys (ConfUtils.java:logGet(43)) - raft.server.retrycache.expirytime = 600000ms (custom)
2019-07-14 08:47:03,323 INFO  impl.RaftServerImpl (RaftServerImpl.java:setRole(171)) - 1915db36-1842-4533-89d6-17e313d02506:group-22574E10A3AD changes role from null to FOLLOWER at term 0 for startAsFollower
2019-07-14 08:47:03,325 INFO  impl.RaftServerImpl (RaftServerImpl.java:start(180)) - 45b257bb-fabe-467f-8d8e-ce81762ca88b: start group-22574E10A3AD
2019-07-14 08:47:03,325 INFO  impl.RoleInfo (RoleInfo.java:updateAndGet(143)) - 1915db36-1842-4533-89d6-17e313d02506: start FollowerState
2019-07-14 08:47:03,325 INFO  impl.RaftServerImpl (RaftServerImpl.java:setRole(171)) - 45b257bb-fabe-467f-8d8e-ce81762ca88b:group-22574E10A3AD changes role from null to FOLLOWER at term 0 for startAsFollower
2019-07-14 08:47:03,325 INFO  impl.RoleInfo (RoleInfo.java:updateAndGet(143)) - 45b257bb-fabe-467f-8d8e-ce81762ca88b: start FollowerState
2019-07-14 08:47:03,327 INFO  util.JmxRegister (JmxRegister.java:tryRegister(44)) - Successfully registered JMX Bean with object name Ratis:service=RaftServer,group=group-22574E10A3AD,id=1915db36-1842-4533-89d6-17e313d02506
2019-07-14 08:47:03,329 INFO  util.JmxRegister (JmxRegister.java:tryRegister(44)) - Successfully registered JMX Bean with object name Ratis:service=RaftServer,group=group-22574E10A3AD,id=45b257bb-fabe-467f-8d8e-ce81762ca88b
2019-07-14 08:47:03,345 INFO  pipeline.PipelineStateManager (PipelineStateManager.java:addPipeline(56)) - Created pipeline Pipeline[ Id: bb7b1d7d-532f-4eb3-9121-22574e10a3ad, Nodes: 45b257bb-fabe-467f-8d8e-ce81762ca88b{ip: 192.168.5.191, host: trunk-nightly-5z2vd-27108033, networkLocation: /default-rack, certSerialId: null}1915db36-1842-4533-89d6-17e313d02506{ip: 192.168.5.191, host: trunk-nightly-5z2vd-27108033, networkLocation: /default-rack, certSerialId: null}5f0b5e26-5075-4a10-9fbe-a094d8ad9dce{ip: 192.168.5.191, host: trunk-nightly-5z2vd-27108033, networkLocation: /default-rack, certSerialId: null}, Type:RATIS, Factor:THREE, State:OPEN]
2019-07-14 08:47:03,373 INFO  impl.RaftServerProxy (RaftServerProxy.java:addNew(89)) - c3b732f8-4e03-4755-a3d4-2fde00b2f822: addNew group-DE8560F18611:[c3b732f8-4e03-4755-a3d4-2fde00b2f822:192.168.5.191:37970, e58dc62c-3546-4fa5-80de-76d096388b01:192.168.5.191:45738, 80aedb7d-178f-4a5b-809b-3c2ed3caea8c:192.168.5.191:35165] returns group-DE8560F18611:java.util.concurrent.CompletableFuture@5769ad10[Not completed]
2019-07-14 08:47:03,373 INFO  impl.RaftServerProxy (RaftServerProxy.java:addNew(89)) - e58dc62c-3546-4fa5-80de-76d096388b01: addNew group-DE8560F18611:[c3b732f8-4e03-4755-a3d4-2fde00b2f822:192.168.5.191:37970, e58dc62c-3546-4fa5-80de-76d096388b01:192.168.5.191:45738, 80aedb7d-178f-4a5b-809b-3c2ed3caea8c:192.168.5.191:35165] returns group-DE8560F18611:java.util.concurrent.CompletableFuture@295e3540[Not completed]
2019-07-14 08:47:03,373 INFO  impl.RaftServerProxy (RaftServerProxy.java:addNew(89)) - 80aedb7d-178f-4a5b-809b-3c2ed3caea8c: addNew group-DE8560F18611:[c3b732f8-4e03-4755-a3d4-2fde00b2f822:192.168.5.191:37970, e58dc62c-3546-4fa5-80de-76d096388b01:192.168.5.191:45738, 80aedb7d-178f-4a5b-809b-3c2ed3caea8c:192.168.5.191:35165] returns group-DE8560F18611:java.util.concurrent.CompletableFuture@30cfe2d2[Not completed]
2019-07-14 08:47:03,376 INFO  impl.RaftServerImpl (RaftServerImpl.java:<init>(93)) - c3b732f8-4e03-4755-a3d4-2fde00b2f822: new RaftServerImpl for group-DE8560F18611:[c3b732f8-4e03-4755-a3d4-2fde00b2f822:192.168.5.191:37970, e58dc62c-3546-4fa5-80de-76d096388b01:192.168.5.191:45738, 80aedb7d-178f-4a5b-809b-3c2ed3caea8c:192.168.5.191:35165] with ContainerStateMachine:uninitialized
2019-07-14 08:47:03,376 INFO  server.RaftServerConfigKeys (ConfUtils.java:logGet(43)) - raft.server.rpc.timeout.min = 5s (custom)
2019-07-14 08:47:03,376 INFO  server.RaftServerConfigKeys (ConfUtils.java:logGet(43)) - raft.server.rpc.timeout.max = 5200ms (custom)
2019-07-14 08:47:03,376 INFO  server.RaftServerConfigKeys (ConfUtils.java:logGet(43)) - raft.server.rpcslowness.timeout = 120s (custom)
2019-07-14 08:47:03,376 INFO  server.RaftServerConfigKeys (ConfUtils.java:logGet(43)) - raft.server.sleep.deviation.threshold = 300 (default)
2019-07-14 08:47:03,376 INFO  impl.RaftServerImpl (RaftServerImpl.java:<init>(93)) - e58dc62c-3546-4fa5-80de-76d096388b01: new RaftServerImpl for group-DE8560F18611:[c3b732f8-4e03-4755-a3d4-2fde00b2f822:192.168.5.191:37970, e58dc62c-3546-4fa5-80de-76d096388b01:192.168.5.191:45738, 80aedb7d-178f-4a5b-809b-3c2ed3caea8c:192.168.5.191:35165] with ContainerStateMachine:uninitialized
2019-07-14 08:47:03,376 INFO  server.RaftServerConfigKeys (ConfUtils.java:logGet(43)) - raft.server.log.appender.install.snapshot.enabled = false (custom)
2019-07-14 08:47:03,377 INFO  server.RaftServerConfigKeys (ConfUtils.java:logGet(43)) - raft.server.rpc.timeout.min = 5s (custom)
2019-07-14 08:47:03,377 INFO  impl.RaftServerImpl (ServerState.java:<init>(105)) - c3b732f8-4e03-4755-a3d4-2fde00b2f822:group-DE8560F18611 ConfigurationManager, init=-1: [c3b732f8-4e03-4755-a3d4-2fde00b2f822:192.168.5.191:37970, e58dc62c-3546-4fa5-80de-76d096388b01:192.168.5.191:45738, 80aedb7d-178f-4a5b-809b-3c2ed3caea8c:192.168.5.191:35165], old=null, confs=<EMPTY_MAP>
2019-07-14 08:47:03,377 INFO  server.RaftServerConfigKeys (ConfUtils.java:logGet(43)) - raft.server.rpc.timeout.max = 5200ms (custom)
2019-07-14 08:47:03,377 INFO  server.RaftServerConfigKeys (ConfUtils.java:logGet(43)) - raft.server.storage.dir = [/workdir/hadoop-ozone/integration-test/target/test-dir/MiniOzoneClusterImpl-23e8018c-609f-4d7a-98b9-4e300fa8af28/datanode-5/data/ratis] (custom)
2019-07-14 08:47:03,377 INFO  server.RaftServerConfigKeys (ConfUtils.java:logGet(43)) - raft.server.rpcslowness.timeout = 120s (custom)
2019-07-14 08:47:03,377 INFO  server.RaftServerConfigKeys (ConfUtils.java:logGet(43)) - raft.server.sleep.deviation.threshold = 300 (default)
2019-07-14 08:47:03,377 INFO  impl.RaftServerImpl (RaftServerImpl.java:<init>(93)) - 80aedb7d-178f-4a5b-809b-3c2ed3caea8c: new RaftServerImpl for group-DE8560F18611:[c3b732f8-4e03-4755-a3d4-2fde00b2f822:192.168.5.191:37970, e58dc62c-3546-4fa5-80de-76d096388b01:192.168.5.191:45738, 80aedb7d-178f-4a5b-809b-3c2ed3caea8c:192.168.5.191:35165] with ContainerStateMachine:uninitialized
2019-07-14 08:47:03,377 INFO  storage.RaftStorageDirectory (RaftStorageDirectory.java:analyzeStorage(246)) - The storage directory /workdir/hadoop-ozone/integration-test/target/test-dir/MiniOzoneClusterImpl-23e8018c-609f-4d7a-98b9-4e300fa8af28/datanode-5/data/ratis/6f8d808c-a628-49a9-b5f2-de8560f18611 does not exist. Creating ...
2019-07-14 08:47:03,377 INFO  server.RaftServerConfigKeys (ConfUtils.java:logGet(43)) - raft.server.log.appender.install.snapshot.enabled = false (custom)
2019-07-14 08:47:03,378 INFO  server.RaftServerConfigKeys (ConfUtils.java:logGet(43)) - raft.server.rpc.timeout.min = 5s (custom)
2019-07-14 08:47:03,378 INFO  impl.RaftServerImpl (ServerState.java:<init>(105)) - e58dc62c-3546-4fa5-80de-76d096388b01:group-DE8560F18611 ConfigurationManager, init=-1: [c3b732f8-4e03-4755-a3d4-2fde00b2f822:192.168.5.191:37970, e58dc62c-3546-4fa5-80de-76d096388b01:192.168.5.191:45738, 80aedb7d-178f-4a5b-809b-3c2ed3caea8c:192.168.5.191:35165], old=null, confs=<EMPTY_MAP>
2019-07-14 08:47:03,378 INFO  server.RaftServerConfigKeys (ConfUtils.java:logGet(43)) - raft.server.rpc.timeout.max = 5200ms (custom)
2019-07-14 08:47:03,378 INFO  server.RaftServerConfigKeys (ConfUtils.java:logGet(43)) - raft.server.storage.dir = [/workdir/hadoop-ozone/integration-test/target/test-dir/MiniOzoneClusterImpl-23e8018c-609f-4d7a-98b9-4e300fa8af28/datanode-6/data/ratis] (custom)
2019-07-14 08:47:03,378 INFO  server.RaftServerConfigKeys (ConfUtils.java:logGet(43)) - raft.server.rpcslowness.timeout = 120s (custom)
2019-07-14 08:47:03,378 INFO  server.RaftServerConfigKeys (ConfUtils.java:logGet(43)) - raft.server.sleep.deviation.threshold = 300 (default)
2019-07-14 08:47:03,378 INFO  storage.RaftStorageDirectory (RaftStorageDirectory.java:analyzeStorage(246)) - The storage directory /workdir/hadoop-ozone/integration-test/target/test-dir/MiniOzoneClusterImpl-23e8018c-609f-4d7a-98b9-4e300fa8af28/datanode-6/data/ratis/6f8d808c-a628-49a9-b5f2-de8560f18611 does not exist. Creating ...
2019-07-14 08:47:03,378 INFO  server.RaftServerConfigKeys (ConfUtils.java:logGet(43)) - raft.server.log.appender.install.snapshot.enabled = false (custom)
2019-07-14 08:47:03,379 INFO  impl.RaftServerImpl (ServerState.java:<init>(105)) - 80aedb7d-178f-4a5b-809b-3c2ed3caea8c:group-DE8560F18611 ConfigurationManager, init=-1: [c3b732f8-4e03-4755-a3d4-2fde00b2f822:192.168.5.191:37970, e58dc62c-3546-4fa5-80de-76d096388b01:192.168.5.191:45738, 80aedb7d-178f-4a5b-809b-3c2ed3caea8c:192.168.5.191:35165], old=null, confs=<EMPTY_MAP>
2019-07-14 08:47:03,379 INFO  server.RaftServerConfigKeys (ConfUtils.java:logGet(43)) - raft.server.storage.dir = [/workdir/hadoop-ozone/integration-test/target/test-dir/MiniOzoneClusterImpl-23e8018c-609f-4d7a-98b9-4e300fa8af28/datanode-1/data/ratis] (custom)
2019-07-14 08:47:03,379 INFO  storage.RaftStorageDirectory (RaftStorageDirectory.java:analyzeStorage(246)) - The storage directory /workdir/hadoop-ozone/integration-test/target/test-dir/MiniOzoneClusterImpl-23e8018c-609f-4d7a-98b9-4e300fa8af28/datanode-1/data/ratis/6f8d808c-a628-49a9-b5f2-de8560f18611 does not exist. Creating ...
2019-07-14 08:47:03,382 INFO  storage.RaftStorageDirectory (RaftStorageDirectory.java:tryLock(328)) - Lock on /workdir/hadoop-ozone/integration-test/target/test-dir/MiniOzoneClusterImpl-23e8018c-609f-4d7a-98b9-4e300fa8af28/datanode-1/data/ratis/6f8d808c-a628-49a9-b5f2-de8560f18611/in_use.lock acquired by nodename 28443@trunk-nightly-5z2vd-27108033
2019-07-14 08:47:03,382 INFO  storage.RaftStorageDirectory (RaftStorageDirectory.java:tryLock(328)) - Lock on /workdir/hadoop-ozone/integration-test/target/test-dir/MiniOzoneClusterImpl-23e8018c-609f-4d7a-98b9-4e300fa8af28/datanode-6/data/ratis/6f8d808c-a628-49a9-b5f2-de8560f18611/in_use.lock acquired by nodename 28443@trunk-nightly-5z2vd-27108033
2019-07-14 08:47:03,382 INFO  storage.RaftStorageDirectory (RaftStorageDirectory.java:tryLock(328)) - Lock on /workdir/hadoop-ozone/integration-test/target/test-dir/MiniOzoneClusterImpl-23e8018c-609f-4d7a-98b9-4e300fa8af28/datanode-5/data/ratis/6f8d808c-a628-49a9-b5f2-de8560f18611/in_use.lock acquired by nodename 28443@trunk-nightly-5z2vd-27108033
2019-07-14 08:47:03,391 INFO  storage.RaftStorage (RaftStorage.java:format(72)) - Storage directory /workdir/hadoop-ozone/integration-test/target/test-dir/MiniOzoneClusterImpl-23e8018c-609f-4d7a-98b9-4e300fa8af28/datanode-5/data/ratis/6f8d808c-a628-49a9-b5f2-de8560f18611 has been successfully formatted.
2019-07-14 08:47:03,391 INFO  storage.RaftStorage (RaftStorage.java:format(72)) - Storage directory /workdir/hadoop-ozone/integration-test/target/test-dir/MiniOzoneClusterImpl-23e8018c-609f-4d7a-98b9-4e300fa8af28/datanode-6/data/ratis/6f8d808c-a628-49a9-b5f2-de8560f18611 has been successfully formatted.
2019-07-14 08:47:03,391 INFO  ratis.ContainerStateMachine (ContainerStateMachine.java:loadSnapshot(200)) - group-DE8560F18611: The snapshot info is null. Setting the last applied indexto:(t:0, i:~)
2019-07-14 08:47:03,391 INFO  storage.RaftStorage (RaftStorage.java:format(72)) - Storage directory /workdir/hadoop-ozone/integration-test/target/test-dir/MiniOzoneClusterImpl-23e8018c-609f-4d7a-98b9-4e300fa8af28/datanode-1/data/ratis/6f8d808c-a628-49a9-b5f2-de8560f18611 has been successfully formatted.
2019-07-14 08:47:03,392 INFO  server.RaftServerConfigKeys (ConfUtils.java:logGet(43)) - raft.server.leader.election.timeout = 120s (custom)
2019-07-14 08:47:03,392 INFO  ratis.ContainerStateMachine (ContainerStateMachine.java:loadSnapshot(200)) - group-DE8560F18611: The snapshot info is null. Setting the last applied indexto:(t:0, i:~)
2019-07-14 08:47:03,392 INFO  server.RaftServerConfigKeys (ConfUtils.java:logGet(43)) - raft.server.log.use.memory = false (default)
2019-07-14 08:47:03,392 INFO  ratis.ContainerStateMachine (ContainerStateMachine.java:loadSnapshot(200)) - group-DE8560F18611: The snapshot info is null. Setting the last applied indexto:(t:0, i:~)
2019-07-14 08:47:03,392 INFO  server.RaftServerConfigKeys (ConfUtils.java:logGet(43)) - raft.server.log.purge.gap = 1000000000 (custom)
2019-07-14 08:47:03,392 INFO  server.RaftServerConfigKeys (ConfUtils.java:logGet(43)) - raft.server.leader.election.timeout = 120s (custom)
2019-07-14 08:47:03,392 INFO  server.RaftServerConfigKeys (ConfUtils.java:logGet(43)) - raft.server.log.appender.buffer.byte-limit = 33554432 (custom)
2019-07-14 08:47:03,392 INFO  server.RaftServerConfigKeys (ConfUtils.java:logGet(43)) - raft.server.leader.election.timeout = 120s (custom)
2019-07-14 08:47:03,393 INFO  server.RaftServerConfigKeys (ConfUtils.java:logGet(43)) - raft.server.log.segment.size.max = 1048576 (custom)
2019-07-14 08:47:03,393 INFO  server.RaftServerConfigKeys (ConfUtils.java:logGet(43)) - raft.server.log.use.memory = false (default)
2019-07-14 08:47:03,393 INFO  server.RaftServerConfigKeys (ConfUtils.java:logGet(43)) - raft.server.log.segment.cache.num.max = 2 (custom)
2019-07-14 08:47:03,393 INFO  server.RaftServerConfigKeys (ConfUtils.java:logGet(43)) - raft.server.log.use.memory = false (default)
2019-07-14 08:47:03,393 INFO  segmented.SegmentedRaftLogWorker (SegmentedRaftLogWorker.java:<init>(172)) - new c3b732f8-4e03-4755-a3d4-2fde00b2f822-SegmentedRaftLogWorker:Storage Directory /workdir/hadoop-ozone/integration-test/target/test-dir/MiniOzoneClusterImpl-23e8018c-609f-4d7a-98b9-4e300fa8af28/datanode-5/data/ratis/6f8d808c-a628-49a9-b5f2-de8560f18611 for RaftStorage:Storage Directory /workdir/hadoop-ozone/integration-test/target/test-dir/MiniOzoneClusterImpl-23e8018c-609f-4d7a-98b9-4e300fa8af28/datanode-5/data/ratis/6f8d808c-a628-49a9-b5f2-de8560f18611
2019-07-14 08:47:03,393 INFO  server.RaftServerConfigKeys (ConfUtils.java:logGet(43)) - raft.server.log.purge.gap = 1000000000 (custom)
2019-07-14 08:47:03,393 INFO  server.RaftServerConfigKeys (ConfUtils.java:logGet(43)) - raft.server.log.queue.byte-limit = 2147483647 (custom)
2019-07-14 08:47:03,393 INFO  server.RaftServerConfigKeys (ConfUtils.java:logGet(43)) - raft.server.log.purge.gap = 1000000000 (custom)
2019-07-14 08:47:03,395 INFO  server.RaftServerConfigKeys (ConfUtils.java:logGet(43)) - raft.server.log.queue.element-limit = 1024 (custom)
2019-07-14 08:47:03,395 INFO  server.RaftServerConfigKeys (ConfUtils.java:logGet(43)) - raft.server.log.appender.buffer.byte-limit = 33554432 (custom)
2019-07-14 08:47:03,395 INFO  server.RaftServerConfigKeys (ConfUtils.java:logGet(43)) - raft.server.log.segment.size.max = 1048576 (custom)
2019-07-14 08:47:03,395 INFO  server.RaftServerConfigKeys (ConfUtils.java:logGet(43)) - raft.server.log.appender.buffer.byte-limit = 33554432 (custom)
2019-07-14 08:47:03,395 INFO  server.RaftServerConfigKeys (ConfUtils.java:logGet(43)) - raft.server.log.preallocated.size = 16384 (custom)
2019-07-14 08:47:03,395 INFO  server.RaftServerConfigKeys (ConfUtils.java:logGet(43)) - raft.server.log.segment.size.max = 1048576 (custom)
2019-07-14 08:47:03,396 INFO  server.RaftServerConfigKeys (ConfUtils.java:logGet(43)) - raft.server.log.write.buffer.size = 33554432 (custom)
2019-07-14 08:47:03,396 INFO  server.RaftServerConfigKeys (ConfUtils.java:logGet(43)) - raft.server.log.segment.size.max = 1048576 (custom)
2019-07-14 08:47:03,396 INFO  server.RaftServerConfigKeys (ConfUtils.java:logGet(43)) - raft.server.log.force.sync.num = 128 (default)
2019-07-14 08:47:03,396 INFO  server.RaftServerConfigKeys (ConfUtils.java:logGet(43)) - raft.server.log.segment.cache.num.max = 2 (custom)
2019-07-14 08:47:03,396 INFO  server.RaftServerConfigKeys (ConfUtils.java:logGet(43)) - raft.server.log.statemachine.data.sync = true (default)
2019-07-14 08:47:03,396 INFO  server.RaftServerConfigKeys (ConfUtils.java:logGet(43)) - raft.server.log.segment.cache.num.max = 2 (custom)
2019-07-14 08:47:03,396 INFO  server.RaftServerConfigKeys (ConfUtils.java:logGet(43)) - raft.server.log.statemachine.data.sync.timeout = 10s (default)
2019-07-14 08:47:03,396 INFO  segmented.SegmentedRaftLogWorker (SegmentedRaftLogWorker.java:<init>(172)) - new e58dc62c-3546-4fa5-80de-76d096388b01-SegmentedRaftLogWorker:Storage Directory /workdir/hadoop-ozone/integration-test/target/test-dir/MiniOzoneClusterImpl-23e8018c-609f-4d7a-98b9-4e300fa8af28/datanode-6/data/ratis/6f8d808c-a628-49a9-b5f2-de8560f18611 for RaftStorage:Storage Directory /workdir/hadoop-ozone/integration-test/target/test-dir/MiniOzoneClusterImpl-23e8018c-609f-4d7a-98b9-4e300fa8af28/datanode-6/data/ratis/6f8d808c-a628-49a9-b5f2-de8560f18611
2019-07-14 08:47:03,397 INFO  server.RaftServerConfigKeys (ConfUtils.java:logGet(43)) - raft.server.log.statemachine.data.sync.timeout.retry = -1 (default)
2019-07-14 08:47:03,397 INFO  segmented.SegmentedRaftLogWorker (SegmentedRaftLogWorker.java:<init>(172)) - new 80aedb7d-178f-4a5b-809b-3c2ed3caea8c-SegmentedRaftLogWorker:Storage Directory /workdir/hadoop-ozone/integration-test/target/test-dir/MiniOzoneClusterImpl-23e8018c-609f-4d7a-98b9-4e300fa8af28/datanode-1/data/ratis/6f8d808c-a628-49a9-b5f2-de8560f18611 for RaftStorage:Storage Directory /workdir/hadoop-ozone/integration-test/target/test-dir/MiniOzoneClusterImpl-23e8018c-609f-4d7a-98b9-4e300fa8af28/datanode-1/data/ratis/6f8d808c-a628-49a9-b5f2-de8560f18611
2019-07-14 08:47:03,398 INFO  server.RaftServerConfigKeys (ConfUtils.java:logGet(43)) - raft.server.log.statemachine.data.caching.enabled = true (custom)
2019-07-14 08:47:03,397 INFO  server.RaftServerConfigKeys (ConfUtils.java:logGet(43)) - raft.server.log.queue.byte-limit = 2147483647 (custom)
2019-07-14 08:47:03,400 INFO  segmented.SegmentedRaftLogWorker (SegmentedRaftLogWorker.java:lambda$new$0(132)) - c3b732f8-4e03-4755-a3d4-2fde00b2f822-SegmentedRaftLogWorker:Storage Directory /workdir/hadoop-ozone/integration-test/target/test-dir/MiniOzoneClusterImpl-23e8018c-609f-4d7a-98b9-4e300fa8af28/datanode-5/data/ratis/6f8d808c-a628-49a9-b5f2-de8560f18611: flushIndex: setUnconditionally 0 -> -1
2019-07-14 08:47:03,398 INFO  server.RaftServerConfigKeys (ConfUtils.java:logGet(43)) - raft.server.log.queue.byte-limit = 2147483647 (custom)
2019-07-14 08:47:03,400 INFO  server.RaftServerConfigKeys (ConfUtils.java:logGet(43)) - raft.server.log.queue.element-limit = 1024 (custom)
2019-07-14 08:47:03,400 INFO  server.RaftServerConfigKeys (ConfUtils.java:logGet(43)) - raft.server.snapshot.auto.trigger.enabled = true (custom)
2019-07-14 08:47:03,400 INFO  server.RaftServerConfigKeys (ConfUtils.java:logGet(43)) - raft.server.log.queue.element-limit = 1024 (custom)
2019-07-14 08:47:03,400 INFO  server.RaftServerConfigKeys (ConfUtils.java:logGet(43)) - raft.server.snapshot.auto.trigger.threshold = 10000 (custom)
2019-07-14 08:47:03,400 INFO  server.RaftServerConfigKeys (ConfUtils.java:logGet(43)) - raft.server.log.segment.size.max = 1048576 (custom)
2019-07-14 08:47:03,401 INFO  server.RaftServerConfigKeys (ConfUtils.java:logGet(43)) - raft.server.retrycache.expirytime = 600000ms (custom)
2019-07-14 08:47:03,401 INFO  server.RaftServerConfigKeys (ConfUtils.java:logGet(43)) - raft.server.log.preallocated.size = 16384 (custom)
2019-07-14 08:47:03,400 INFO  server.RaftServerConfigKeys (ConfUtils.java:logGet(43)) - raft.server.log.segment.size.max = 1048576 (custom)
2019-07-14 08:47:03,401 INFO  server.RaftServerConfigKeys (ConfUtils.java:logGet(43)) - raft.server.log.write.buffer.size = 33554432 (custom)
2019-07-14 08:47:03,401 INFO  impl.RaftServerImpl (RaftServerImpl.java:start(180)) - c3b732f8-4e03-4755-a3d4-2fde00b2f822: start group-DE8560F18611
2019-07-14 08:47:03,401 INFO  server.RaftServerConfigKeys (ConfUtils.java:logGet(43)) - raft.server.log.force.sync.num = 128 (default)
2019-07-14 08:47:03,401 INFO  server.RaftServerConfigKeys (ConfUtils.java:logGet(43)) - raft.server.log.preallocated.size = 16384 (custom)
2019-07-14 08:47:03,401 INFO  server.RaftServerConfigKeys (ConfUtils.java:logGet(43)) - raft.server.log.statemachine.data.sync = true (default)
2019-07-14 08:47:03,401 INFO  impl.RaftServerImpl (RaftServerImpl.java:setRole(171)) - c3b732f8-4e03-4755-a3d4-2fde00b2f822:group-DE8560F18611 changes role from null to FOLLOWER at term 0 for startAsFollower
2019-07-14 08:47:03,402 INFO  server.RaftServerConfigKeys (ConfUtils.java:logGet(43)) - raft.server.log.statemachine.data.sync.timeout = 10s (default)
2019-07-14 08:47:03,402 INFO  server.RaftServerConfigKeys (ConfUtils.java:logGet(43)) - raft.server.log.write.buffer.size = 33554432 (custom)
2019-07-14 08:47:03,402 INFO  server.RaftServerConfigKeys (ConfUtils.java:logGet(43)) - raft.server.log.statemachine.data.sync.timeout.retry = -1 (default)
2019-07-14 08:47:03,402 INFO  impl.RoleInfo (RoleInfo.java:updateAndGet(143)) - c3b732f8-4e03-4755-a3d4-2fde00b2f822: start FollowerState
2019-07-14 08:47:03,402 INFO  server.RaftServerConfigKeys (ConfUtils.java:logGet(43)) - raft.server.log.statemachine.data.caching.enabled = true (custom)
2019-07-14 08:47:03,402 INFO  server.RaftServerConfigKeys (ConfUtils.java:logGet(43)) - raft.server.log.force.sync.num = 128 (default)
2019-07-14 08:47:03,403 INFO  server.RaftServerConfigKeys (ConfUtils.java:logGet(43)) - raft.server.log.statemachine.data.sync = true (default)
2019-07-14 08:47:03,403 INFO  segmented.SegmentedRaftLogWorker (SegmentedRaftLogWorker.java:lambda$new$0(132)) - e58dc62c-3546-4fa5-80de-76d096388b01-SegmentedRaftLogWorker:Storage Directory /workdir/hadoop-ozone/integration-test/target/test-dir/MiniOzoneClusterImpl-23e8018c-609f-4d7a-98b9-4e300fa8af28/datanode-6/data/ratis/6f8d808c-a628-49a9-b5f2-de8560f18611: flushIndex: setUnconditionally 0 -> -1
2019-07-14 08:47:03,403 INFO  util.JmxRegister (JmxRegister.java:tryRegister(44)) - Successfully registered JMX Bean with object name Ratis:service=RaftServer,group=group-DE8560F18611,id=c3b732f8-4e03-4755-a3d4-2fde00b2f822
2019-07-14 08:47:03,403 INFO  server.RaftServerConfigKeys (ConfUtils.java:logGet(43)) - raft.server.log.statemachine.data.sync.timeout = 10s (default)
2019-07-14 08:47:03,403 INFO  server.RaftServerConfigKeys (ConfUtils.java:logGet(43)) - raft.server.snapshot.auto.trigger.enabled = true (custom)
2019-07-14 08:47:03,403 INFO  server.RaftServerConfigKeys (ConfUtils.java:logGet(43)) - raft.server.log.statemachine.data.sync.timeout.retry = -1 (default)
2019-07-14 08:47:03,404 INFO  server.RaftServerConfigKeys (ConfUtils.java:logGet(43)) - raft.server.snapshot.auto.trigger.threshold = 10000 (custom)
2019-07-14 08:47:03,404 INFO  server.RaftServerConfigKeys (ConfUtils.java:logGet(43)) - raft.server.log.statemachine.data.caching.enabled = true (custom)
2019-07-14 08:47:03,404 INFO  server.RaftServerConfigKeys (ConfUtils.java:logGet(43)) - raft.server.retrycache.expirytime = 600000ms (custom)
2019-07-14 08:47:03,404 INFO  segmented.SegmentedRaftLogWorker (SegmentedRaftLogWorker.java:lambda$new$0(132)) - 80aedb7d-178f-4a5b-809b-3c2ed3caea8c-SegmentedRaftLogWorker:Storage Directory /workdir/hadoop-ozone/integration-test/target/test-dir/MiniOzoneClusterImpl-23e8018c-609f-4d7a-98b9-4e300fa8af28/datanode-1/data/ratis/6f8d808c-a628-49a9-b5f2-de8560f18611: flushIndex: setUnconditionally 0 -> -1
2019-07-14 08:47:03,404 INFO  impl.RaftServerImpl (RaftServerImpl.java:start(180)) - e58dc62c-3546-4fa5-80de-76d096388b01: start group-DE8560F18611
2019-07-14 08:47:03,404 INFO  impl.RaftServerImpl (RaftServerImpl.java:setRole(171)) - e58dc62c-3546-4fa5-80de-76d096388b01:group-DE8560F18611 changes role from null to FOLLOWER at term 0 for startAsFollower
2019-07-14 08:47:03,404 INFO  server.RaftServerConfigKeys (ConfUtils.java:logGet(43)) - raft.server.snapshot.auto.trigger.enabled = true (custom)
2019-07-14 08:47:03,405 INFO  impl.RoleInfo (RoleInfo.java:updateAndGet(143)) - e58dc62c-3546-4fa5-80de-76d096388b01: start FollowerState
2019-07-14 08:47:03,405 INFO  server.RaftServerConfigKeys (ConfUtils.java:logGet(43)) - raft.server.snapshot.auto.trigger.threshold = 10000 (custom)
2019-07-14 08:47:03,405 INFO  server.RaftServerConfigKeys (ConfUtils.java:logGet(43)) - raft.server.retrycache.expirytime = 600000ms (custom)
2019-07-14 08:47:03,405 INFO  util.JmxRegister (JmxRegister.java:tryRegister(44)) - Successfully registered JMX Bean with object name Ratis:service=RaftServer,group=group-DE8560F18611,id=e58dc62c-3546-4fa5-80de-76d096388b01
2019-07-14 08:47:03,405 INFO  impl.RaftServerImpl (RaftServerImpl.java:start(180)) - 80aedb7d-178f-4a5b-809b-3c2ed3caea8c: start group-DE8560F18611
2019-07-14 08:47:03,405 INFO  impl.RaftServerImpl (RaftServerImpl.java:setRole(171)) - 80aedb7d-178f-4a5b-809b-3c2ed3caea8c:group-DE8560F18611 changes role from null to FOLLOWER at term 0 for startAsFollower
2019-07-14 08:47:03,405 INFO  impl.RoleInfo (RoleInfo.java:updateAndGet(143)) - 80aedb7d-178f-4a5b-809b-3c2ed3caea8c: start FollowerState
2019-07-14 08:47:03,408 INFO  util.JmxRegister (JmxRegister.java:tryRegister(44)) - Successfully registered JMX Bean with object name Ratis:service=RaftServer,group=group-DE8560F18611,id=80aedb7d-178f-4a5b-809b-3c2ed3caea8c
2019-07-14 08:47:03,423 INFO  pipeline.PipelineStateManager (PipelineStateManager.java:addPipeline(56)) - Created pipeline Pipeline[ Id: 6f8d808c-a628-49a9-b5f2-de8560f18611, Nodes: c3b732f8-4e03-4755-a3d4-2fde00b2f822{ip: 192.168.5.191, host: trunk-nightly-5z2vd-27108033, networkLocation: /default-rack, certSerialId: null}80aedb7d-178f-4a5b-809b-3c2ed3caea8c{ip: 192.168.5.191, host: trunk-nightly-5z2vd-27108033, networkLocation: /default-rack, certSerialId: null}e58dc62c-3546-4fa5-80de-76d096388b01{ip: 192.168.5.191, host: trunk-nightly-5z2vd-27108033, networkLocation: /default-rack, certSerialId: null}, Type:RATIS, Factor:THREE, State:OPEN]
2019-07-14 08:47:03,930 INFO  ozone.MiniOzoneClusterImpl (MiniOzoneClusterImpl.java:lambda$waitForClusterToBeReady$0(142)) - Cluster is ready. Got 7 of 7 DN Heartbeats.
2019-07-14 08:47:04,262 INFO  rpc.RpcClient (RpcClient.java:createVolume(287)) - Creating Volume: watchforcommithandlingtest, with jenkins1000 as owner.
2019-07-14 08:47:04,320 INFO  rpc.RpcClient (RpcClient.java:createBucket(424)) - Creating Bucket: watchforcommithandlingtest/watchforcommithandlingtest, with Versioning false and Storage Type set to DISK and Encryption set to false 
2019-07-14 08:47:04,343 INFO  ozone.MiniOzoneClusterImpl (MiniOzoneClusterImpl.java:getStorageContainerLocationClient(241)) - Creating StorageContainerLocationProtocol RPC client with address /0.0.0.0:45451
2019-07-14 08:47:04,566 INFO  container.ReplicationManager (ReplicationManager.java:start(155)) - Starting Replication Monitor Thread.
2019-07-14 08:47:04,574 INFO  container.ReplicationManager (ReplicationManager.java:run(207)) - Replication Monitor Thread took 5 milliseconds for processing 1 containers.
2019-07-14 08:47:04,589 INFO  client.GrpcClientProtocolClient (GrpcClientProtocolClient.java:onNext(255)) - client-2811F390B80B->c3b732f8-4e03-4755-a3d4-2fde00b2f822: receive RaftClientReply:client-2811F390B80B->c3b732f8-4e03-4755-a3d4-2fde00b2f822@group-DE8560F18611, cid=13, FAILED org.apache.ratis.protocol.NotLeaderException: Server c3b732f8-4e03-4755-a3d4-2fde00b2f822 is not the leader (null). Request must be sent to leader., logIndex=0, commits[c3b732f8-4e03-4755-a3d4-2fde00b2f822:c-1]
2019-07-14 08:47:05,642 INFO  client.GrpcClientProtocolClient (GrpcClientProtocolClient.java:onNext(255)) - client-2811F390B80B->80aedb7d-178f-4a5b-809b-3c2ed3caea8c: receive RaftClientReply:client-2811F390B80B->80aedb7d-178f-4a5b-809b-3c2ed3caea8c@group-DE8560F18611, cid=13, FAILED org.apache.ratis.protocol.NotLeaderException: Server 80aedb7d-178f-4a5b-809b-3c2ed3caea8c is not the leader (null). Request must be sent to leader., logIndex=0, commits[80aedb7d-178f-4a5b-809b-3c2ed3caea8c:c-1]
2019-07-14 08:47:06,674 INFO  client.GrpcClientProtocolClient (GrpcClientProtocolClient.java:onNext(255)) - client-2811F390B80B->e58dc62c-3546-4fa5-80de-76d096388b01: receive RaftClientReply:client-2811F390B80B->e58dc62c-3546-4fa5-80de-76d096388b01@group-DE8560F18611, cid=13, FAILED org.apache.ratis.protocol.NotLeaderException: Server e58dc62c-3546-4fa5-80de-76d096388b01 is not the leader (null). Request must be sent to leader., logIndex=0, commits[e58dc62c-3546-4fa5-80de-76d096388b01:c-1]
2019-07-14 08:47:07,702 INFO  client.GrpcClientProtocolClient (GrpcClientProtocolClient.java:onNext(255)) - client-2811F390B80B->80aedb7d-178f-4a5b-809b-3c2ed3caea8c: receive RaftClientReply:client-2811F390B80B->80aedb7d-178f-4a5b-809b-3c2ed3caea8c@group-DE8560F18611, cid=13, FAILED org.apache.ratis.protocol.NotLeaderException: Server 80aedb7d-178f-4a5b-809b-3c2ed3caea8c is not the leader (null). Request must be sent to leader., logIndex=0, commits[80aedb7d-178f-4a5b-809b-3c2ed3caea8c:c-1]
2019-07-14 08:47:07,850 INFO  impl.FollowerState (FollowerState.java:run(106)) - cf49eaf6-3185-427d-b0d8-0deb8303225c:group-4B11BCF1597C changes to CANDIDATE, lastRpcTime:5178, electionTimeout:5178ms
2019-07-14 08:47:07,851 INFO  impl.RoleInfo (RoleInfo.java:shutdownFollowerState(121)) - cf49eaf6-3185-427d-b0d8-0deb8303225c: shutdown FollowerState
2019-07-14 08:47:07,851 INFO  impl.RaftServerImpl (RaftServerImpl.java:setRole(171)) - cf49eaf6-3185-427d-b0d8-0deb8303225c:group-4B11BCF1597C changes role from FOLLOWER to CANDIDATE at term 0 for changeToCandidate
2019-07-14 08:47:07,854 INFO  impl.RoleInfo (RoleInfo.java:updateAndGet(143)) - cf49eaf6-3185-427d-b0d8-0deb8303225c: start LeaderElection
2019-07-14 08:47:07,875 INFO  impl.LeaderElection (LeaderElection.java:askForVotes(181)) - cf49eaf6-3185-427d-b0d8-0deb8303225c:group-4B11BCF1597C:LeaderElection1: begin an election at term 1 for -1: [cf49eaf6-3185-427d-b0d8-0deb8303225c:192.168.5.191:42861], old=null
2019-07-14 08:47:07,876 INFO  impl.RoleInfo (RoleInfo.java:shutdownLeaderElection(134)) - cf49eaf6-3185-427d-b0d8-0deb8303225c: shutdown LeaderElection
2019-07-14 08:47:07,877 INFO  impl.RaftServerImpl (RaftServerImpl.java:setRole(171)) - cf49eaf6-3185-427d-b0d8-0deb8303225c:group-4B11BCF1597C changes role from CANDIDATE to LEADER at term 1 for changeToLeader
2019-07-14 08:47:07,877 INFO  impl.RaftServerImpl (ServerState.java:setLeader(263)) - cf49eaf6-3185-427d-b0d8-0deb8303225c:group-4B11BCF1597C change Leader from null to cf49eaf6-3185-427d-b0d8-0deb8303225c at term 1 for becomeLeader, leader elected after 5298ms
2019-07-14 08:47:07,883 INFO  server.RaftServerConfigKeys (ConfUtils.java:logGet(43)) - raft.server.staging.catchup.gap = 1000 (default)
2019-07-14 08:47:07,883 INFO  server.RaftServerConfigKeys (ConfUtils.java:logGet(43)) - raft.server.rpc.sleep.time = 25ms (default)
2019-07-14 08:47:07,886 INFO  server.RaftServerConfigKeys (ConfUtils.java:logGet(43)) - raft.server.write.element-limit = 4096 (default)
2019-07-14 08:47:07,888 INFO  server.RaftServerConfigKeys (ConfUtils.java:logGet(43)) - raft.server.watch.timeout = 10s (default)
2019-07-14 08:47:07,889 INFO  server.RaftServerConfigKeys (ConfUtils.java:logGet(43)) - raft.server.watch.timeout.denomination = 1s (default)
2019-07-14 08:47:07,889 INFO  server.RaftServerConfigKeys (ConfUtils.java:logGet(43)) - raft.server.watch.element-limit = 65536 (default)
2019-07-14 08:47:07,898 INFO  impl.RoleInfo (RoleInfo.java:updateAndGet(143)) - cf49eaf6-3185-427d-b0d8-0deb8303225c: start LeaderState
2019-07-14 08:47:07,921 INFO  segmented.SegmentedRaftLogWorker (SegmentedRaftLogWorker.java:startLogSegment(380)) - cf49eaf6-3185-427d-b0d8-0deb8303225c-SegmentedRaftLogWorker:Storage Directory /workdir/hadoop-ozone/integration-test/target/test-dir/MiniOzoneClusterImpl-23e8018c-609f-4d7a-98b9-4e300fa8af28/datanode-0/data/ratis/54fbb091-dc6c-48c1-9fa2-4b11bcf1597c: Starting segment from index:0
2019-07-14 08:47:07,929 INFO  impl.RaftServerImpl (ServerState.java:setRaftConf(361)) - cf49eaf6-3185-427d-b0d8-0deb8303225c:group-4B11BCF1597C set configuration 0: [cf49eaf6-3185-427d-b0d8-0deb8303225c:192.168.5.191:42861], old=null at 0
2019-07-14 08:47:08,067 INFO  impl.FollowerState (FollowerState.java:run(106)) - 45b257bb-fabe-467f-8d8e-ce81762ca88b:group-9846DE6605DA changes to CANDIDATE, lastRpcTime:5200, electionTimeout:5198ms
2019-07-14 08:47:08,069 INFO  impl.RoleInfo (RoleInfo.java:shutdownFollowerState(121)) - 45b257bb-fabe-467f-8d8e-ce81762ca88b: shutdown FollowerState
2019-07-14 08:47:08,069 INFO  impl.RaftServerImpl (RaftServerImpl.java:setRole(171)) - 45b257bb-fabe-467f-8d8e-ce81762ca88b:group-9846DE6605DA changes role from FOLLOWER to CANDIDATE at term 0 for changeToCandidate
2019-07-14 08:47:08,069 INFO  impl.RoleInfo (RoleInfo.java:updateAndGet(143)) - 45b257bb-fabe-467f-8d8e-ce81762ca88b: start LeaderElection
2019-07-14 08:47:08,087 INFO  impl.LeaderElection (LeaderElection.java:askForVotes(181)) - 45b257bb-fabe-467f-8d8e-ce81762ca88b:group-9846DE6605DA:LeaderElection2: begin an election at term 1 for -1: [45b257bb-fabe-467f-8d8e-ce81762ca88b:192.168.5.191:42990], old=null
2019-07-14 08:47:08,092 INFO  impl.RoleInfo (RoleInfo.java:shutdownLeaderElection(134)) - 45b257bb-fabe-467f-8d8e-ce81762ca88b: shutdown LeaderElection
2019-07-14 08:47:08,092 INFO  impl.RaftServerImpl (RaftServerImpl.java:setRole(171)) - 45b257bb-fabe-467f-8d8e-ce81762ca88b:group-9846DE6605DA changes role from CANDIDATE to LEADER at term 1 for changeToLeader
2019-07-14 08:47:08,092 INFO  impl.RaftServerImpl (ServerState.java:setLeader(263)) - 45b257bb-fabe-467f-8d8e-ce81762ca88b:group-9846DE6605DA change Leader from null to 45b257bb-fabe-467f-8d8e-ce81762ca88b at term 1 for becomeLeader, leader elected after 5232ms
2019-07-14 08:47:08,093 INFO  server.RaftServerConfigKeys (ConfUtils.java:logGet(43)) - raft.server.staging.catchup.gap = 1000 (default)
2019-07-14 08:47:08,093 INFO  server.RaftServerConfigKeys (ConfUtils.java:logGet(43)) - raft.server.rpc.sleep.time = 25ms (default)
2019-07-14 08:47:08,093 INFO  server.RaftServerConfigKeys (ConfUtils.java:logGet(43)) - raft.server.write.element-limit = 4096 (default)
2019-07-14 08:47:08,093 INFO  server.RaftServerConfigKeys (ConfUtils.java:logGet(43)) - raft.server.watch.timeout = 10s (default)
2019-07-14 08:47:08,095 INFO  server.RaftServerConfigKeys (ConfUtils.java:logGet(43)) - raft.server.watch.timeout.denomination = 1s (default)
2019-07-14 08:47:08,095 INFO  server.RaftServerConfigKeys (ConfUtils.java:logGet(43)) - raft.server.watch.element-limit = 65536 (default)
2019-07-14 08:47:08,096 INFO  impl.RoleInfo (RoleInfo.java:updateAndGet(143)) - 45b257bb-fabe-467f-8d8e-ce81762ca88b: start LeaderState
2019-07-14 08:47:08,096 INFO  segmented.SegmentedRaftLogWorker (SegmentedRaftLogWorker.java:startLogSegment(380)) - 45b257bb-fabe-467f-8d8e-ce81762ca88b-SegmentedRaftLogWorker:Storage Directory /workdir/hadoop-ozone/integration-test/target/test-dir/MiniOzoneClusterImpl-23e8018c-609f-4d7a-98b9-4e300fa8af28/datanode-2/data/ratis/589faaf2-18bd-401b-99ae-9846de6605da: Starting segment from index:0
2019-07-14 08:47:08,097 INFO  impl.RaftServerImpl (ServerState.java:setRaftConf(361)) - 45b257bb-fabe-467f-8d8e-ce81762ca88b:group-9846DE6605DA set configuration 0: [45b257bb-fabe-467f-8d8e-ce81762ca88b:192.168.5.191:42990], old=null at 0
2019-07-14 08:47:08,128 INFO  segmented.SegmentedRaftLogWorker (SegmentedRaftLogWorker.java:execute(569)) - cf49eaf6-3185-427d-b0d8-0deb8303225c-SegmentedRaftLogWorker:Storage Directory /workdir/hadoop-ozone/integration-test/target/test-dir/MiniOzoneClusterImpl-23e8018c-609f-4d7a-98b9-4e300fa8af28/datanode-0/data/ratis/54fbb091-dc6c-48c1-9fa2-4b11bcf1597c: created new log segment /workdir/hadoop-ozone/integration-test/target/test-dir/MiniOzoneClusterImpl-23e8018c-609f-4d7a-98b9-4e300fa8af28/datanode-0/data/ratis/54fbb091-dc6c-48c1-9fa2-4b11bcf1597c/current/log_inprogress_0
2019-07-14 08:47:08,128 INFO  segmented.SegmentedRaftLogWorker (SegmentedRaftLogWorker.java:execute(569)) - 45b257bb-fabe-467f-8d8e-ce81762ca88b-SegmentedRaftLogWorker:Storage Directory /workdir/hadoop-ozone/integration-test/target/test-dir/MiniOzoneClusterImpl-23e8018c-609f-4d7a-98b9-4e300fa8af28/datanode-2/data/ratis/589faaf2-18bd-401b-99ae-9846de6605da: created new log segment /workdir/hadoop-ozone/integration-test/target/test-dir/MiniOzoneClusterImpl-23e8018c-609f-4d7a-98b9-4e300fa8af28/datanode-2/data/ratis/589faaf2-18bd-401b-99ae-9846de6605da/current/log_inprogress_0
2019-07-14 08:47:08,129 INFO  impl.FollowerState (FollowerState.java:run(106)) - 1915db36-1842-4533-89d6-17e313d02506:group-04BABA50BB40 changes to CANDIDATE, lastRpcTime:5176, electionTimeout:5176ms
2019-07-14 08:47:08,131 INFO  impl.RoleInfo (RoleInfo.java:shutdownFollowerState(121)) - 1915db36-1842-4533-89d6-17e313d02506: shutdown FollowerState
2019-07-14 08:47:08,131 INFO  impl.RaftServerImpl (RaftServerImpl.java:setRole(171)) - 1915db36-1842-4533-89d6-17e313d02506:group-04BABA50BB40 changes role from FOLLOWER to CANDIDATE at term 0 for changeToCandidate
2019-07-14 08:47:08,131 INFO  impl.RoleInfo (RoleInfo.java:updateAndGet(143)) - 1915db36-1842-4533-89d6-17e313d02506: start LeaderElection
2019-07-14 08:47:08,144 INFO  impl.LeaderElection (LeaderElection.java:askForVotes(181)) - 1915db36-1842-4533-89d6-17e313d02506:group-04BABA50BB40:LeaderElection3: begin an election at term 1 for -1: [1915db36-1842-4533-89d6-17e313d02506:192.168.5.191:35136], old=null
2019-07-14 08:47:08,146 INFO  impl.RoleInfo (RoleInfo.java:shutdownLeaderElection(134)) - 1915db36-1842-4533-89d6-17e313d02506: shutdown LeaderElection
2019-07-14 08:47:08,146 INFO  impl.RaftServerImpl (RaftServerImpl.java:setRole(171)) - 1915db36-1842-4533-89d6-17e313d02506:group-04BABA50BB40 changes role from CANDIDATE to LEADER at term 1 for changeToLeader
2019-07-14 08:47:08,146 INFO  impl.RaftServerImpl (ServerState.java:setLeader(263)) - 1915db36-1842-4533-89d6-17e313d02506:group-04BABA50BB40 change Leader from null to 1915db36-1842-4533-89d6-17e313d02506 at term 1 for becomeLeader, leader elected after 5199ms
2019-07-14 08:47:08,146 INFO  server.RaftServerConfigKeys (ConfUtils.java:logGet(43)) - raft.server.staging.catchup.gap = 1000 (default)
2019-07-14 08:47:08,146 INFO  server.RaftServerConfigKeys (ConfUtils.java:logGet(43)) - raft.server.rpc.sleep.time = 25ms (default)
2019-07-14 08:47:08,147 INFO  server.RaftServerConfigKeys (ConfUtils.java:logGet(43)) - raft.server.write.element-limit = 4096 (default)
2019-07-14 08:47:08,147 INFO  server.RaftServerConfigKeys (ConfUtils.java:logGet(43)) - raft.server.watch.timeout = 10s (default)
2019-07-14 08:47:08,147 INFO  server.RaftServerConfigKeys (ConfUtils.java:logGet(43)) - raft.server.watch.timeout.denomination = 1s (default)
2019-07-14 08:47:08,147 INFO  server.RaftServerConfigKeys (ConfUtils.java:logGet(43)) - raft.server.watch.element-limit = 65536 (default)
2019-07-14 08:47:08,147 INFO  impl.RoleInfo (RoleInfo.java:updateAndGet(143)) - 1915db36-1842-4533-89d6-17e313d02506: start LeaderState
2019-07-14 08:47:08,148 INFO  segmented.SegmentedRaftLogWorker (SegmentedRaftLogWorker.java:startLogSegment(380)) - 1915db36-1842-4533-89d6-17e313d02506-SegmentedRaftLogWorker:Storage Directory /workdir/hadoop-ozone/integration-test/target/test-dir/MiniOzoneClusterImpl-23e8018c-609f-4d7a-98b9-4e300fa8af28/datanode-3/data/ratis/29bebc54-4f84-45fb-8d34-04baba50bb40: Starting segment from index:0
2019-07-14 08:47:08,148 INFO  impl.RaftServerImpl (ServerState.java:setRaftConf(361)) - 1915db36-1842-4533-89d6-17e313d02506:group-04BABA50BB40 set configuration 0: [1915db36-1842-4533-89d6-17e313d02506:192.168.5.191:35136], old=null at 0
2019-07-14 08:47:08,171 INFO  segmented.SegmentedRaftLogWorker (SegmentedRaftLogWorker.java:execute(569)) - 1915db36-1842-4533-89d6-17e313d02506-SegmentedRaftLogWorker:Storage Directory /workdir/hadoop-ozone/integration-test/target/test-dir/MiniOzoneClusterImpl-23e8018c-609f-4d7a-98b9-4e300fa8af28/datanode-3/data/ratis/29bebc54-4f84-45fb-8d34-04baba50bb40: created new log segment /workdir/hadoop-ozone/integration-test/target/test-dir/MiniOzoneClusterImpl-23e8018c-609f-4d7a-98b9-4e300fa8af28/datanode-3/data/ratis/29bebc54-4f84-45fb-8d34-04baba50bb40/current/log_inprogress_0
2019-07-14 08:47:08,194 INFO  impl.FollowerState (FollowerState.java:run(106)) - 5f0b5e26-5075-4a10-9fbe-a094d8ad9dce:group-7DB47F91FD65 changes to CANDIDATE, lastRpcTime:5159, electionTimeout:5159ms
2019-07-14 08:47:08,194 INFO  impl.RoleInfo (RoleInfo.java:shutdownFollowerState(121)) - 5f0b5e26-5075-4a10-9fbe-a094d8ad9dce: shutdown FollowerState
2019-07-14 08:47:08,194 INFO  impl.RaftServerImpl (RaftServerImpl.java:setRole(171)) - 5f0b5e26-5075-4a10-9fbe-a094d8ad9dce:group-7DB47F91FD65 changes role from FOLLOWER to CANDIDATE at term 0 for changeToCandidate
2019-07-14 08:47:08,194 INFO  impl.RoleInfo (RoleInfo.java:updateAndGet(143)) - 5f0b5e26-5075-4a10-9fbe-a094d8ad9dce: start LeaderElection
2019-07-14 08:47:08,203 INFO  impl.LeaderElection (LeaderElection.java:askForVotes(181)) - 5f0b5e26-5075-4a10-9fbe-a094d8ad9dce:group-7DB47F91FD65:LeaderElection4: begin an election at term 1 for -1: [5f0b5e26-5075-4a10-9fbe-a094d8ad9dce:192.168.5.191:43193], old=null
2019-07-14 08:47:08,205 INFO  impl.RoleInfo (RoleInfo.java:shutdownLeaderElection(134)) - 5f0b5e26-5075-4a10-9fbe-a094d8ad9dce: shutdown LeaderElection
2019-07-14 08:47:08,205 INFO  impl.RaftServerImpl (RaftServerImpl.java:setRole(171)) - 5f0b5e26-5075-4a10-9fbe-a094d8ad9dce:group-7DB47F91FD65 changes role from CANDIDATE to LEADER at term 1 for changeToLeader
2019-07-14 08:47:08,205 INFO  impl.RaftServerImpl (ServerState.java:setLeader(263)) - 5f0b5e26-5075-4a10-9fbe-a094d8ad9dce:group-7DB47F91FD65 change Leader from null to 5f0b5e26-5075-4a10-9fbe-a094d8ad9dce at term 1 for becomeLeader, leader elected after 5177ms
2019-07-14 08:47:08,206 INFO  server.RaftServerConfigKeys (ConfUtils.java:logGet(43)) - raft.server.staging.catchup.gap = 1000 (default)
2019-07-14 08:47:08,206 INFO  server.RaftServerConfigKeys (ConfUtils.java:logGet(43)) - raft.server.rpc.sleep.time = 25ms (default)
2019-07-14 08:47:08,206 INFO  server.RaftServerConfigKeys (ConfUtils.java:logGet(43)) - raft.server.write.element-limit = 4096 (default)
2019-07-14 08:47:08,206 INFO  server.RaftServerConfigKeys (ConfUtils.java:logGet(43)) - raft.server.watch.timeout = 10s (default)
2019-07-14 08:47:08,206 INFO  server.RaftServerConfigKeys (ConfUtils.java:logGet(43)) - raft.server.watch.timeout.denomination = 1s (default)
2019-07-14 08:47:08,206 INFO  server.RaftServerConfigKeys (ConfUtils.java:logGet(43)) - raft.server.watch.element-limit = 65536 (default)
2019-07-14 08:47:08,207 INFO  impl.RoleInfo (RoleInfo.java:updateAndGet(143)) - 5f0b5e26-5075-4a10-9fbe-a094d8ad9dce: start LeaderState
2019-07-14 08:47:08,207 INFO  segmented.SegmentedRaftLogWorker (SegmentedRaftLogWorker.java:startLogSegment(380)) - 5f0b5e26-5075-4a10-9fbe-a094d8ad9dce-SegmentedRaftLogWorker:Storage Directory /workdir/hadoop-ozone/integration-test/target/test-dir/MiniOzoneClusterImpl-23e8018c-609f-4d7a-98b9-4e300fa8af28/datanode-4/data/ratis/ab0a4804-6911-4bf6-941f-7db47f91fd65: Starting segment from index:0
2019-07-14 08:47:08,207 INFO  impl.RaftServerImpl (ServerState.java:setRaftConf(361)) - 5f0b5e26-5075-4a10-9fbe-a094d8ad9dce:group-7DB47F91FD65 set configuration 0: [5f0b5e26-5075-4a10-9fbe-a094d8ad9dce:192.168.5.191:43193], old=null at 0
2019-07-14 08:47:08,226 INFO  impl.FollowerState (FollowerState.java:run(106)) - c3b732f8-4e03-4755-a3d4-2fde00b2f822:group-911B77AB4209 changes to CANDIDATE, lastRpcTime:5114, electionTimeout:5102ms
2019-07-14 08:47:08,226 INFO  impl.RoleInfo (RoleInfo.java:shutdownFollowerState(121)) - c3b732f8-4e03-4755-a3d4-2fde00b2f822: shutdown FollowerState
2019-07-14 08:47:08,226 INFO  impl.RaftServerImpl (RaftServerImpl.java:setRole(171)) - c3b732f8-4e03-4755-a3d4-2fde00b2f822:group-911B77AB4209 changes role from FOLLOWER to CANDIDATE at term 0 for changeToCandidate
2019-07-14 08:47:08,226 INFO  impl.RoleInfo (RoleInfo.java:updateAndGet(143)) - c3b732f8-4e03-4755-a3d4-2fde00b2f822: start LeaderElection
2019-07-14 08:47:08,231 INFO  segmented.SegmentedRaftLogWorker (SegmentedRaftLogWorker.java:execute(569)) - 5f0b5e26-5075-4a10-9fbe-a094d8ad9dce-SegmentedRaftLogWorker:Storage Directory /workdir/hadoop-ozone/integration-test/target/test-dir/MiniOzoneClusterImpl-23e8018c-609f-4d7a-98b9-4e300fa8af28/datanode-4/data/ratis/ab0a4804-6911-4bf6-941f-7db47f91fd65: created new log segment /workdir/hadoop-ozone/integration-test/target/test-dir/MiniOzoneClusterImpl-23e8018c-609f-4d7a-98b9-4e300fa8af28/datanode-4/data/ratis/ab0a4804-6911-4bf6-941f-7db47f91fd65/current/log_inprogress_0
2019-07-14 08:47:08,236 INFO  impl.LeaderElection (LeaderElection.java:askForVotes(181)) - c3b732f8-4e03-4755-a3d4-2fde00b2f822:group-911B77AB4209:LeaderElection5: begin an election at term 1 for -1: [c3b732f8-4e03-4755-a3d4-2fde00b2f822:192.168.5.191:37970], old=null
2019-07-14 08:47:08,236 INFO  impl.RoleInfo (RoleInfo.java:shutdownLeaderElection(134)) - c3b732f8-4e03-4755-a3d4-2fde00b2f822: shutdown LeaderElection
2019-07-14 08:47:08,236 INFO  impl.RaftServerImpl (RaftServerImpl.java:setRole(171)) - c3b732f8-4e03-4755-a3d4-2fde00b2f822:group-911B77AB4209 changes role from CANDIDATE to LEADER at term 1 for changeToLeader
2019-07-14 08:47:08,236 INFO  impl.RaftServerImpl (ServerState.java:setLeader(263)) - c3b732f8-4e03-4755-a3d4-2fde00b2f822:group-911B77AB4209 change Leader from null to c3b732f8-4e03-4755-a3d4-2fde00b2f822 at term 1 for becomeLeader, leader elected after 5131ms
2019-07-14 08:47:08,237 INFO  server.RaftServerConfigKeys (ConfUtils.java:logGet(43)) - raft.server.staging.catchup.gap = 1000 (default)
2019-07-14 08:47:08,237 INFO  server.RaftServerConfigKeys (ConfUtils.java:logGet(43)) - raft.server.rpc.sleep.time = 25ms (default)
2019-07-14 08:47:08,237 INFO  server.RaftServerConfigKeys (ConfUtils.java:logGet(43)) - raft.server.write.element-limit = 4096 (default)
2019-07-14 08:47:08,237 INFO  server.RaftServerConfigKeys (ConfUtils.java:logGet(43)) - raft.server.watch.timeout = 10s (default)
2019-07-14 08:47:08,237 INFO  server.RaftServerConfigKeys (ConfUtils.java:logGet(43)) - raft.server.watch.timeout.denomination = 1s (default)
2019-07-14 08:47:08,238 INFO  server.RaftServerConfigKeys (ConfUtils.java:logGet(43)) - raft.server.watch.element-limit = 65536 (default)
2019-07-14 08:47:08,238 INFO  impl.RoleInfo (RoleInfo.java:updateAndGet(143)) - c3b732f8-4e03-4755-a3d4-2fde00b2f822: start LeaderState
2019-07-14 08:47:08,238 INFO  segmented.SegmentedRaftLogWorker (SegmentedRaftLogWorker.java:startLogSegment(380)) - c3b732f8-4e03-4755-a3d4-2fde00b2f822-SegmentedRaftLogWorker:Storage Directory /workdir/hadoop-ozone/integration-test/target/test-dir/MiniOzoneClusterImpl-23e8018c-609f-4d7a-98b9-4e300fa8af28/datanode-5/data/ratis/50c75a5b-0ca0-41cc-afa7-911b77ab4209: Starting segment from index:0
2019-07-14 08:47:08,239 INFO  impl.RaftServerImpl (ServerState.java:setRaftConf(361)) - c3b732f8-4e03-4755-a3d4-2fde00b2f822:group-911B77AB4209 set configuration 0: [c3b732f8-4e03-4755-a3d4-2fde00b2f822:192.168.5.191:37970], old=null at 0
2019-07-14 08:47:08,263 INFO  segmented.SegmentedRaftLogWorker (SegmentedRaftLogWorker.java:execute(569)) - c3b732f8-4e03-4755-a3d4-2fde00b2f822-SegmentedRaftLogWorker:Storage Directory /workdir/hadoop-ozone/integration-test/target/test-dir/MiniOzoneClusterImpl-23e8018c-609f-4d7a-98b9-4e300fa8af28/datanode-5/data/ratis/50c75a5b-0ca0-41cc-afa7-911b77ab4209: created new log segment /workdir/hadoop-ozone/integration-test/target/test-dir/MiniOzoneClusterImpl-23e8018c-609f-4d7a-98b9-4e300fa8af28/datanode-5/data/ratis/50c75a5b-0ca0-41cc-afa7-911b77ab4209/current/log_inprogress_0
2019-07-14 08:47:08,337 INFO  impl.FollowerState (FollowerState.java:run(106)) - 1915db36-1842-4533-89d6-17e313d02506:group-22574E10A3AD changes to CANDIDATE, lastRpcTime:5012, electionTimeout:5010ms
2019-07-14 08:47:08,337 INFO  impl.RoleInfo (RoleInfo.java:shutdownFollowerState(121)) - 1915db36-1842-4533-89d6-17e313d02506: shutdown FollowerState
2019-07-14 08:47:08,338 INFO  impl.RaftServerImpl (RaftServerImpl.java:setRole(171)) - 1915db36-1842-4533-89d6-17e313d02506:group-22574E10A3AD changes role from FOLLOWER to CANDIDATE at term 0 for changeToCandidate
2019-07-14 08:47:08,338 INFO  impl.RoleInfo (RoleInfo.java:updateAndGet(143)) - 1915db36-1842-4533-89d6-17e313d02506: start LeaderElection
2019-07-14 08:47:08,348 INFO  impl.LeaderElection (LeaderElection.java:askForVotes(181)) - 1915db36-1842-4533-89d6-17e313d02506:group-22574E10A3AD:LeaderElection6: begin an election at term 1 for -1: [45b257bb-fabe-467f-8d8e-ce81762ca88b:192.168.5.191:42990, 1915db36-1842-4533-89d6-17e313d02506:192.168.5.191:35136, 5f0b5e26-5075-4a10-9fbe-a094d8ad9dce:192.168.5.191:43193], old=null
2019-07-14 08:47:08,361 INFO  impl.FollowerState (FollowerState.java:run(106)) - e58dc62c-3546-4fa5-80de-76d096388b01:group-6858DAE486E0 changes to CANDIDATE, lastRpcTime:5127, electionTimeout:5127ms
2019-07-14 08:47:08,364 INFO  impl.RoleInfo (RoleInfo.java:shutdownFollowerState(121)) - e58dc62c-3546-4fa5-80de-76d096388b01: shutdown FollowerState
2019-07-14 08:47:08,364 INFO  impl.RaftServerImpl (RaftServerImpl.java:setRole(171)) - e58dc62c-3546-4fa5-80de-76d096388b01:group-6858DAE486E0 changes role from FOLLOWER to CANDIDATE at term 0 for changeToCandidate
2019-07-14 08:47:08,364 INFO  impl.RoleInfo (RoleInfo.java:updateAndGet(143)) - e58dc62c-3546-4fa5-80de-76d096388b01: start LeaderElection
2019-07-14 08:47:08,371 INFO  impl.FollowerState (FollowerState.java:run(106)) - 5f0b5e26-5075-4a10-9fbe-a094d8ad9dce:group-22574E10A3AD changes to CANDIDATE, lastRpcTime:5053, electionTimeout:5053ms
2019-07-14 08:47:08,371 INFO  impl.RoleInfo (RoleInfo.java:shutdownFollowerState(121)) - 5f0b5e26-5075-4a10-9fbe-a094d8ad9dce: shutdown FollowerState
2019-07-14 08:47:08,371 INFO  impl.RaftServerImpl (RaftServerImpl.java:setRole(171)) - 5f0b5e26-5075-4a10-9fbe-a094d8ad9dce:group-22574E10A3AD changes role from FOLLOWER to CANDIDATE at term 0 for changeToCandidate
2019-07-14 08:47:08,371 INFO  impl.RoleInfo (RoleInfo.java:updateAndGet(143)) - 5f0b5e26-5075-4a10-9fbe-a094d8ad9dce: start LeaderElection
2019-07-14 08:47:08,373 INFO  impl.FollowerState (FollowerState.java:run(106)) - 80aedb7d-178f-4a5b-809b-3c2ed3caea8c:group-AF2A6B79A510 changes to CANDIDATE, lastRpcTime:5192, electionTimeout:5191ms
2019-07-14 08:47:08,377 INFO  impl.RoleInfo (RoleInfo.java:shutdownFollowerState(121)) - 80aedb7d-178f-4a5b-809b-3c2ed3caea8c: shutdown FollowerState
2019-07-14 08:47:08,377 INFO  impl.LeaderElection (LeaderElection.java:askForVotes(181)) - e58dc62c-3546-4fa5-80de-76d096388b01:group-6858DAE486E0:LeaderElection7: begin an election at term 1 for -1: [e58dc62c-3546-4fa5-80de-76d096388b01:192.168.5.191:45738], old=null
2019-07-14 08:47:08,377 INFO  impl.RaftServerImpl (RaftServerImpl.java:setRole(171)) - 80aedb7d-178f-4a5b-809b-3c2ed3caea8c:group-AF2A6B79A510 changes role from FOLLOWER to CANDIDATE at term 0 for changeToCandidate
2019-07-14 08:47:08,377 INFO  impl.RoleInfo (RoleInfo.java:shutdownLeaderElection(134)) - e58dc62c-3546-4fa5-80de-76d096388b01: shutdown LeaderElection
2019-07-14 08:47:08,377 INFO  impl.RoleInfo (RoleInfo.java:updateAndGet(143)) - 80aedb7d-178f-4a5b-809b-3c2ed3caea8c: start LeaderElection
2019-07-14 08:47:08,378 INFO  impl.RaftServerImpl (RaftServerImpl.java:setRole(171)) - e58dc62c-3546-4fa5-80de-76d096388b01:group-6858DAE486E0 changes role from CANDIDATE to LEADER at term 1 for changeToLeader
2019-07-14 08:47:08,378 INFO  impl.RaftServerImpl (ServerState.java:setLeader(263)) - e58dc62c-3546-4fa5-80de-76d096388b01:group-6858DAE486E0 change Leader from null to e58dc62c-3546-4fa5-80de-76d096388b01 at term 1 for becomeLeader, leader elected after 5149ms
2019-07-14 08:47:08,381 INFO  server.RaftServerConfigKeys (ConfUtils.java:logGet(43)) - raft.server.staging.catchup.gap = 1000 (default)
2019-07-14 08:47:08,385 INFO  impl.LeaderElection (LeaderElection.java:askForVotes(181)) - 5f0b5e26-5075-4a10-9fbe-a094d8ad9dce:group-22574E10A3AD:LeaderElection8: begin an election at term 1 for -1: [45b257bb-fabe-467f-8d8e-ce81762ca88b:192.168.5.191:42990, 1915db36-1842-4533-89d6-17e313d02506:192.168.5.191:35136, 5f0b5e26-5075-4a10-9fbe-a094d8ad9dce:192.168.5.191:43193], old=null
2019-07-14 08:47:08,385 INFO  server.RaftServerConfigKeys (ConfUtils.java:logGet(43)) - raft.server.rpc.sleep.time = 25ms (default)
2019-07-14 08:47:08,386 INFO  server.RaftServerConfigKeys (ConfUtils.java:logGet(43)) - raft.server.write.element-limit = 4096 (default)
2019-07-14 08:47:08,386 INFO  server.RaftServerConfigKeys (ConfUtils.java:logGet(43)) - raft.server.watch.timeout = 10s (default)
2019-07-14 08:47:08,386 INFO  server.RaftServerConfigKeys (ConfUtils.java:logGet(43)) - raft.server.watch.timeout.denomination = 1s (default)
2019-07-14 08:47:08,389 INFO  server.RaftServerConfigKeys (ConfUtils.java:logGet(43)) - raft.server.watch.element-limit = 65536 (default)
2019-07-14 08:47:08,397 INFO  impl.LeaderElection (LeaderElection.java:askForVotes(181)) - 80aedb7d-178f-4a5b-809b-3c2ed3caea8c:group-AF2A6B79A510:LeaderElection9: begin an election at term 1 for -1: [80aedb7d-178f-4a5b-809b-3c2ed3caea8c:192.168.5.191:35165], old=null
2019-07-14 08:47:08,397 INFO  impl.RoleInfo (RoleInfo.java:updateAndGet(143)) - e58dc62c-3546-4fa5-80de-76d096388b01: start LeaderState
2019-07-14 08:47:08,397 INFO  impl.RoleInfo (RoleInfo.java:shutdownLeaderElection(134)) - 80aedb7d-178f-4a5b-809b-3c2ed3caea8c: shutdown LeaderElection
2019-07-14 08:47:08,400 INFO  segmented.SegmentedRaftLogWorker (SegmentedRaftLogWorker.java:startLogSegment(380)) - e58dc62c-3546-4fa5-80de-76d096388b01-SegmentedRaftLogWorker:Storage Directory /workdir/hadoop-ozone/integration-test/target/test-dir/MiniOzoneClusterImpl-23e8018c-609f-4d7a-98b9-4e300fa8af28/datanode-6/data/ratis/3f36d5cf-36d1-46f4-a7a9-6858dae486e0: Starting segment from index:0
2019-07-14 08:47:08,400 INFO  impl.RaftServerImpl (RaftServerImpl.java:setRole(171)) - 80aedb7d-178f-4a5b-809b-3c2ed3caea8c:group-AF2A6B79A510 changes role from CANDIDATE to LEADER at term 1 for changeToLeader
2019-07-14 08:47:08,400 INFO  impl.RaftServerImpl (ServerState.java:setLeader(263)) - 80aedb7d-178f-4a5b-809b-3c2ed3caea8c:group-AF2A6B79A510 change Leader from null to 80aedb7d-178f-4a5b-809b-3c2ed3caea8c at term 1 for becomeLeader, leader elected after 5224ms
2019-07-14 08:47:08,400 INFO  server.RaftServerConfigKeys (ConfUtils.java:logGet(43)) - raft.server.staging.catchup.gap = 1000 (default)
2019-07-14 08:47:08,400 INFO  impl.RaftServerImpl (ServerState.java:setRaftConf(361)) - e58dc62c-3546-4fa5-80de-76d096388b01:group-6858DAE486E0 set configuration 0: [e58dc62c-3546-4fa5-80de-76d096388b01:192.168.5.191:45738], old=null at 0
2019-07-14 08:47:08,400 INFO  server.RaftServerConfigKeys (ConfUtils.java:logGet(43)) - raft.server.rpc.sleep.time = 25ms (default)
2019-07-14 08:47:08,421 INFO  server.RaftServerConfigKeys (ConfUtils.java:logGet(43)) - raft.server.write.element-limit = 4096 (default)
2019-07-14 08:47:08,421 INFO  server.RaftServerConfigKeys (ConfUtils.java:logGet(43)) - raft.server.watch.timeout = 10s (default)
2019-07-14 08:47:08,421 INFO  server.RaftServerConfigKeys (ConfUtils.java:logGet(43)) - raft.server.watch.timeout.denomination = 1s (default)
2019-07-14 08:47:08,424 INFO  server.RaftServerConfigKeys (ConfUtils.java:logGet(43)) - raft.server.watch.element-limit = 65536 (default)
2019-07-14 08:47:08,424 INFO  impl.RoleInfo (RoleInfo.java:updateAndGet(143)) - 80aedb7d-178f-4a5b-809b-3c2ed3caea8c: start LeaderState
2019-07-14 08:47:08,424 INFO  segmented.SegmentedRaftLogWorker (SegmentedRaftLogWorker.java:startLogSegment(380)) - 80aedb7d-178f-4a5b-809b-3c2ed3caea8c-SegmentedRaftLogWorker:Storage Directory /workdir/hadoop-ozone/integration-test/target/test-dir/MiniOzoneClusterImpl-23e8018c-609f-4d7a-98b9-4e300fa8af28/datanode-1/data/ratis/60093168-69d9-4cb7-8d02-af2a6b79a510: Starting segment from index:0
2019-07-14 08:47:08,424 INFO  segmented.SegmentedRaftLogWorker (SegmentedRaftLogWorker.java:execute(569)) - e58dc62c-3546-4fa5-80de-76d096388b01-SegmentedRaftLogWorker:Storage Directory /workdir/hadoop-ozone/integration-test/target/test-dir/MiniOzoneClusterImpl-23e8018c-609f-4d7a-98b9-4e300fa8af28/datanode-6/data/ratis/3f36d5cf-36d1-46f4-a7a9-6858dae486e0: created new log segment /workdir/hadoop-ozone/integration-test/target/test-dir/MiniOzoneClusterImpl-23e8018c-609f-4d7a-98b9-4e300fa8af28/datanode-6/data/ratis/3f36d5cf-36d1-46f4-a7a9-6858dae486e0/current/log_inprogress_0
2019-07-14 08:47:08,425 INFO  impl.RaftServerImpl (ServerState.java:setRaftConf(361)) - 80aedb7d-178f-4a5b-809b-3c2ed3caea8c:group-AF2A6B79A510 set configuration 0: [80aedb7d-178f-4a5b-809b-3c2ed3caea8c:192.168.5.191:35165], old=null at 0
2019-07-14 08:47:08,449 INFO  segmented.SegmentedRaftLogWorker (SegmentedRaftLogWorker.java:execute(569)) - 80aedb7d-178f-4a5b-809b-3c2ed3caea8c-SegmentedRaftLogWorker:Storage Directory /workdir/hadoop-ozone/integration-test/target/test-dir/MiniOzoneClusterImpl-23e8018c-609f-4d7a-98b9-4e300fa8af28/datanode-1/data/ratis/60093168-69d9-4cb7-8d02-af2a6b79a510: created new log segment /workdir/hadoop-ozone/integration-test/target/test-dir/MiniOzoneClusterImpl-23e8018c-609f-4d7a-98b9-4e300fa8af28/datanode-1/data/ratis/60093168-69d9-4cb7-8d02-af2a6b79a510/current/log_inprogress_0
2019-07-14 08:47:08,469 INFO  impl.RaftServerImpl (RaftServerImpl.java:setRole(171)) - 45b257bb-fabe-467f-8d8e-ce81762ca88b:group-22574E10A3AD changes role from FOLLOWER to FOLLOWER at term 1 for recognizeCandidate:1915db36-1842-4533-89d6-17e313d02506
2019-07-14 08:47:08,469 INFO  impl.RoleInfo (RoleInfo.java:shutdownFollowerState(121)) - 45b257bb-fabe-467f-8d8e-ce81762ca88b: shutdown FollowerState
2019-07-14 08:47:08,469 INFO  impl.RoleInfo (RoleInfo.java:updateAndGet(143)) - 45b257bb-fabe-467f-8d8e-ce81762ca88b: start FollowerState
2019-07-14 08:47:08,491 INFO  impl.LeaderElection (LeaderElection.java:logAndReturn(56)) - 5f0b5e26-5075-4a10-9fbe-a094d8ad9dce:group-22574E10A3AD:LeaderElection8: Election REJECTED; received 2 response(s) [5f0b5e26-5075-4a10-9fbe-a094d8ad9dce<-45b257bb-fabe-467f-8d8e-ce81762ca88b#0:FAIL-t1, 5f0b5e26-5075-4a10-9fbe-a094d8ad9dce<-1915db36-1842-4533-89d6-17e313d02506#0:FAIL-t1] and 0 exception(s); 5f0b5e26-5075-4a10-9fbe-a094d8ad9dce:t1, leader=null, voted=5f0b5e26-5075-4a10-9fbe-a094d8ad9dce, raftlog=5f0b5e26-5075-4a10-9fbe-a094d8ad9dce-SegmentedRaftLog:OPENED:c-1,f-1,i0, conf=-1: [45b257bb-fabe-467f-8d8e-ce81762ca88b:192.168.5.191:42990, 1915db36-1842-4533-89d6-17e313d02506:192.168.5.191:35136, 5f0b5e26-5075-4a10-9fbe-a094d8ad9dce:192.168.5.191:43193], old=null
2019-07-14 08:47:08,491 INFO  impl.LeaderElection (LeaderElection.java:logAndReturn(56)) - 1915db36-1842-4533-89d6-17e313d02506:group-22574E10A3AD:LeaderElection6: Election PASSED; received 2 response(s) [1915db36-1842-4533-89d6-17e313d02506<-45b257bb-fabe-467f-8d8e-ce81762ca88b#0:OK-t1, 1915db36-1842-4533-89d6-17e313d02506<-5f0b5e26-5075-4a10-9fbe-a094d8ad9dce#0:FAIL-t1] and 0 exception(s); 1915db36-1842-4533-89d6-17e313d02506:t1, leader=null, voted=1915db36-1842-4533-89d6-17e313d02506, raftlog=1915db36-1842-4533-89d6-17e313d02506-SegmentedRaftLog:OPENED:c-1,f-1,i0, conf=-1: [45b257bb-fabe-467f-8d8e-ce81762ca88b:192.168.5.191:42990, 1915db36-1842-4533-89d6-17e313d02506:192.168.5.191:35136, 5f0b5e26-5075-4a10-9fbe-a094d8ad9dce:192.168.5.191:43193], old=null
2019-07-14 08:47:08,494 INFO  impl.RaftServerImpl (RaftServerImpl.java:setRole(171)) - 5f0b5e26-5075-4a10-9fbe-a094d8ad9dce:group-22574E10A3AD changes role from CANDIDATE to FOLLOWER at term 1 for DISCOVERED_A_NEW_TERM
2019-07-14 08:47:08,495 INFO  impl.RoleInfo (RoleInfo.java:shutdownLeaderElection(134)) - 5f0b5e26-5075-4a10-9fbe-a094d8ad9dce: shutdown LeaderElection
2019-07-14 08:47:08,494 INFO  impl.RoleInfo (RoleInfo.java:shutdownLeaderElection(134)) - 1915db36-1842-4533-89d6-17e313d02506: shutdown LeaderElection
2019-07-14 08:47:08,499 INFO  impl.RoleInfo (RoleInfo.java:updateAndGet(143)) - 5f0b5e26-5075-4a10-9fbe-a094d8ad9dce: start FollowerState
2019-07-14 08:47:08,499 INFO  impl.RaftServerImpl (RaftServerImpl.java:setRole(171)) - 1915db36-1842-4533-89d6-17e313d02506:group-22574E10A3AD changes role from CANDIDATE to LEADER at term 1 for changeToLeader
2019-07-14 08:47:08,501 INFO  impl.RaftServerImpl (ServerState.java:setLeader(263)) - 1915db36-1842-4533-89d6-17e313d02506:group-22574E10A3AD change Leader from null to 1915db36-1842-4533-89d6-17e313d02506 at term 1 for becomeLeader, leader elected after 5195ms
2019-07-14 08:47:08,505 INFO  server.RaftServerConfigKeys (ConfUtils.java:logGet(43)) - raft.server.staging.catchup.gap = 1000 (default)
2019-07-14 08:47:08,507 INFO  impl.FollowerState (FollowerState.java:run(106)) - e58dc62c-3546-4fa5-80de-76d096388b01:group-DE8560F18611 changes to CANDIDATE, lastRpcTime:5102, electionTimeout:5101ms
2019-07-14 08:47:08,507 INFO  server.RaftServerConfigKeys (ConfUtils.java:logGet(43)) - raft.server.rpc.sleep.time = 25ms (default)
2019-07-14 08:47:08,507 INFO  impl.RoleInfo (RoleInfo.java:shutdownFollowerState(121)) - e58dc62c-3546-4fa5-80de-76d096388b01: shutdown FollowerState
2019-07-14 08:47:08,507 INFO  impl.RaftServerImpl (RaftServerImpl.java:setRole(171)) - e58dc62c-3546-4fa5-80de-76d096388b01:group-DE8560F18611 changes role from FOLLOWER to CANDIDATE at term 0 for changeToCandidate
2019-07-14 08:47:08,507 INFO  server.RaftServerConfigKeys (ConfUtils.java:logGet(43)) - raft.server.write.element-limit = 4096 (default)
2019-07-14 08:47:08,507 INFO  impl.RoleInfo (RoleInfo.java:updateAndGet(143)) - e58dc62c-3546-4fa5-80de-76d096388b01: start LeaderElection
2019-07-14 08:47:08,507 INFO  server.RaftServerConfigKeys (ConfUtils.java:logGet(43)) - raft.server.watch.timeout = 10s (default)
2019-07-14 08:47:08,510 INFO  server.RaftServerConfigKeys (ConfUtils.java:logGet(43)) - raft.server.watch.timeout.denomination = 1s (default)
2019-07-14 08:47:08,512 INFO  server.RaftServerConfigKeys (ConfUtils.java:logGet(43)) - raft.server.watch.element-limit = 65536 (default)
2019-07-14 08:47:08,515 INFO  server.RaftServerConfigKeys (ConfUtils.java:logGet(43)) - raft.server.log.appender.snapshot.chunk.size.max = 16MB (=16777216) (default)
2019-07-14 08:47:08,515 INFO  server.RaftServerConfigKeys (ConfUtils.java:logGet(43)) - raft.server.log.appender.buffer.byte-limit = 33554432 (custom)
2019-07-14 08:47:08,516 INFO  server.RaftServerConfigKeys (ConfUtils.java:logGet(43)) - raft.server.log.appender.buffer.element-limit = 1 (custom)
2019-07-14 08:47:08,517 INFO  impl.LeaderElection (LeaderElection.java:askForVotes(181)) - e58dc62c-3546-4fa5-80de-76d096388b01:group-DE8560F18611:LeaderElection10: begin an election at term 1 for -1: [c3b732f8-4e03-4755-a3d4-2fde00b2f822:192.168.5.191:37970, e58dc62c-3546-4fa5-80de-76d096388b01:192.168.5.191:45738, 80aedb7d-178f-4a5b-809b-3c2ed3caea8c:192.168.5.191:35165], old=null
2019-07-14 08:47:08,521 INFO  grpc.GrpcConfigKeys$Server (ConfUtils.java:logGet(43)) - raft.grpc.server.leader.outstanding.appends.max = 128 (default)
2019-07-14 08:47:08,523 INFO  server.RaftServerConfigKeys (ConfUtils.java:logGet(43)) - raft.server.rpc.request.timeout = 3000ms (default)
2019-07-14 08:47:08,524 INFO  server.RaftServerConfigKeys (ConfUtils.java:logGet(43)) - raft.server.log.appender.install.snapshot.enabled = false (custom)
2019-07-14 08:47:08,524 INFO  server.RaftServerConfigKeys (ConfUtils.java:logGet(43)) - raft.server.log.appender.snapshot.chunk.size.max = 16MB (=16777216) (default)
2019-07-14 08:47:08,524 INFO  server.RaftServerConfigKeys (ConfUtils.java:logGet(43)) - raft.server.log.appender.buffer.byte-limit = 33554432 (custom)
2019-07-14 08:47:08,524 INFO  server.RaftServerConfigKeys (ConfUtils.java:logGet(43)) - raft.server.log.appender.buffer.element-limit = 1 (custom)
2019-07-14 08:47:08,525 INFO  grpc.GrpcConfigKeys$Server (ConfUtils.java:logGet(43)) - raft.grpc.server.leader.outstanding.appends.max = 128 (default)
2019-07-14 08:47:08,525 INFO  server.RaftServerConfigKeys (ConfUtils.java:logGet(43)) - raft.server.rpc.request.timeout = 3000ms (default)
2019-07-14 08:47:08,525 INFO  server.RaftServerConfigKeys (ConfUtils.java:logGet(43)) - raft.server.log.appender.install.snapshot.enabled = false (custom)
2019-07-14 08:47:08,527 INFO  impl.RoleInfo (RoleInfo.java:updateAndGet(143)) - 1915db36-1842-4533-89d6-17e313d02506: start LeaderState
2019-07-14 08:47:08,527 INFO  segmented.SegmentedRaftLogWorker (SegmentedRaftLogWorker.java:startLogSegment(380)) - 1915db36-1842-4533-89d6-17e313d02506-SegmentedRaftLogWorker:Storage Directory /workdir/hadoop-ozone/integration-test/target/test-dir/MiniOzoneClusterImpl-23e8018c-609f-4d7a-98b9-4e300fa8af28/datanode-3/data/ratis/bb7b1d7d-532f-4eb3-9121-22574e10a3ad: Starting segment from index:0
2019-07-14 08:47:08,548 INFO  impl.RaftServerImpl (ServerState.java:setRaftConf(361)) - 1915db36-1842-4533-89d6-17e313d02506:group-22574E10A3AD set configuration 0: [45b257bb-fabe-467f-8d8e-ce81762ca88b:192.168.5.191:42990, 1915db36-1842-4533-89d6-17e313d02506:192.168.5.191:35136, 5f0b5e26-5075-4a10-9fbe-a094d8ad9dce:192.168.5.191:43193], old=null at 0
2019-07-14 08:47:08,550 INFO  impl.RaftServerImpl (RaftServerImpl.java:setRole(171)) - 80aedb7d-178f-4a5b-809b-3c2ed3caea8c:group-DE8560F18611 changes role from FOLLOWER to FOLLOWER at term 1 for recognizeCandidate:e58dc62c-3546-4fa5-80de-76d096388b01
2019-07-14 08:47:08,550 INFO  impl.RaftServerImpl (RaftServerImpl.java:setRole(171)) - c3b732f8-4e03-4755-a3d4-2fde00b2f822:group-DE8560F18611 changes role from FOLLOWER to FOLLOWER at term 1 for recognizeCandidate:e58dc62c-3546-4fa5-80de-76d096388b01
2019-07-14 08:47:08,550 INFO  impl.RoleInfo (RoleInfo.java:shutdownFollowerState(121)) - 80aedb7d-178f-4a5b-809b-3c2ed3caea8c: shutdown FollowerState
2019-07-14 08:47:08,550 INFO  impl.RoleInfo (RoleInfo.java:shutdownFollowerState(121)) - c3b732f8-4e03-4755-a3d4-2fde00b2f822: shutdown FollowerState
2019-07-14 08:47:08,551 INFO  impl.FollowerState (FollowerState.java:run(114)) - 80aedb7d-178f-4a5b-809b-3c2ed3caea8c: FollowerState was interrupted: java.lang.InterruptedException: sleep interrupted
2019-07-14 08:47:08,551 INFO  impl.RoleInfo (RoleInfo.java:updateAndGet(143)) - 80aedb7d-178f-4a5b-809b-3c2ed3caea8c: start FollowerState
2019-07-14 08:47:08,553 INFO  segmented.SegmentedRaftLogWorker (SegmentedRaftLogWorker.java:execute(569)) - 1915db36-1842-4533-89d6-17e313d02506-SegmentedRaftLogWorker:Storage Directory /workdir/hadoop-ozone/integration-test/target/test-dir/MiniOzoneClusterImpl-23e8018c-609f-4d7a-98b9-4e300fa8af28/datanode-3/data/ratis/bb7b1d7d-532f-4eb3-9121-22574e10a3ad: created new log segment /workdir/hadoop-ozone/integration-test/target/test-dir/MiniOzoneClusterImpl-23e8018c-609f-4d7a-98b9-4e300fa8af28/datanode-3/data/ratis/bb7b1d7d-532f-4eb3-9121-22574e10a3ad/current/log_inprogress_0
2019-07-14 08:47:08,551 INFO  impl.FollowerState (FollowerState.java:run(114)) - c3b732f8-4e03-4755-a3d4-2fde00b2f822: FollowerState was interrupted: java.lang.InterruptedException: sleep interrupted
2019-07-14 08:47:08,551 INFO  impl.RoleInfo (RoleInfo.java:updateAndGet(143)) - c3b732f8-4e03-4755-a3d4-2fde00b2f822: start FollowerState
2019-07-14 08:47:08,587 INFO  impl.LeaderElection (LeaderElection.java:logAndReturn(56)) - e58dc62c-3546-4fa5-80de-76d096388b01:group-DE8560F18611:LeaderElection10: Election PASSED; received 1 response(s) [e58dc62c-3546-4fa5-80de-76d096388b01<-80aedb7d-178f-4a5b-809b-3c2ed3caea8c#0:OK-t1] and 0 exception(s); e58dc62c-3546-4fa5-80de-76d096388b01:t1, leader=null, voted=e58dc62c-3546-4fa5-80de-76d096388b01, raftlog=e58dc62c-3546-4fa5-80de-76d096388b01-SegmentedRaftLog:OPENED:c-1,f-1,i0, conf=-1: [c3b732f8-4e03-4755-a3d4-2fde00b2f822:192.168.5.191:37970, e58dc62c-3546-4fa5-80de-76d096388b01:192.168.5.191:45738, 80aedb7d-178f-4a5b-809b-3c2ed3caea8c:192.168.5.191:35165], old=null
2019-07-14 08:47:08,587 INFO  impl.RoleInfo (RoleInfo.java:shutdownLeaderElection(134)) - e58dc62c-3546-4fa5-80de-76d096388b01: shutdown LeaderElection
2019-07-14 08:47:08,589 INFO  impl.RaftServerImpl (RaftServerImpl.java:setRole(171)) - e58dc62c-3546-4fa5-80de-76d096388b01:group-DE8560F18611 changes role from CANDIDATE to LEADER at term 1 for changeToLeader
2019-07-14 08:47:08,589 INFO  impl.RaftServerImpl (ServerState.java:setLeader(263)) - e58dc62c-3546-4fa5-80de-76d096388b01:group-DE8560F18611 change Leader from null to e58dc62c-3546-4fa5-80de-76d096388b01 at term 1 for becomeLeader, leader elected after 5196ms
2019-07-14 08:47:08,589 INFO  server.RaftServerConfigKeys (ConfUtils.java:logGet(43)) - raft.server.staging.catchup.gap = 1000 (default)
2019-07-14 08:47:08,589 INFO  server.RaftServerConfigKeys (ConfUtils.java:logGet(43)) - raft.server.rpc.sleep.time = 25ms (default)
2019-07-14 08:47:08,590 INFO  server.RaftServerConfigKeys (ConfUtils.java:logGet(43)) - raft.server.write.element-limit = 4096 (default)
2019-07-14 08:47:08,590 INFO  server.RaftServerConfigKeys (ConfUtils.java:logGet(43)) - raft.server.watch.timeout = 10s (default)
2019-07-14 08:47:08,590 INFO  server.RaftServerConfigKeys (ConfUtils.java:logGet(43)) - raft.server.watch.timeout.denomination = 1s (default)
2019-07-14 08:47:08,590 INFO  server.RaftServerConfigKeys (ConfUtils.java:logGet(43)) - raft.server.watch.element-limit = 65536 (default)
2019-07-14 08:47:08,590 INFO  server.RaftServerConfigKeys (ConfUtils.java:logGet(43)) - raft.server.log.appender.snapshot.chunk.size.max = 16MB (=16777216) (default)
2019-07-14 08:47:08,592 INFO  server.RaftServerConfigKeys (ConfUtils.java:logGet(43)) - raft.server.log.appender.buffer.byte-limit = 33554432 (custom)
2019-07-14 08:47:08,592 INFO  server.RaftServerConfigKeys (ConfUtils.java:logGet(43)) - raft.server.log.appender.buffer.element-limit = 1 (custom)
2019-07-14 08:47:08,593 INFO  grpc.GrpcConfigKeys$Server (ConfUtils.java:logGet(43)) - raft.grpc.server.leader.outstanding.appends.max = 128 (default)
2019-07-14 08:47:08,594 INFO  server.RaftServerConfigKeys (ConfUtils.java:logGet(43)) - raft.server.rpc.request.timeout = 3000ms (default)
2019-07-14 08:47:08,594 INFO  server.RaftServerConfigKeys (ConfUtils.java:logGet(43)) - raft.server.log.appender.install.snapshot.enabled = false (custom)
2019-07-14 08:47:08,594 INFO  server.RaftServerConfigKeys (ConfUtils.java:logGet(43)) - raft.server.log.appender.snapshot.chunk.size.max = 16MB (=16777216) (default)
2019-07-14 08:47:08,594 INFO  server.RaftServerConfigKeys (ConfUtils.java:logGet(43)) - raft.server.log.appender.buffer.byte-limit = 33554432 (custom)
2019-07-14 08:47:08,595 INFO  server.RaftServerConfigKeys (ConfUtils.java:logGet(43)) - raft.server.log.appender.buffer.element-limit = 1 (custom)
2019-07-14 08:47:08,595 INFO  grpc.GrpcConfigKeys$Server (ConfUtils.java:logGet(43)) - raft.grpc.server.leader.outstanding.appends.max = 128 (default)
2019-07-14 08:47:08,595 INFO  server.RaftServerConfigKeys (ConfUtils.java:logGet(43)) - raft.server.rpc.request.timeout = 3000ms (default)
2019-07-14 08:47:08,595 INFO  server.RaftServerConfigKeys (ConfUtils.java:logGet(43)) - raft.server.log.appender.install.snapshot.enabled = false (custom)
2019-07-14 08:47:08,596 INFO  impl.RoleInfo (RoleInfo.java:updateAndGet(143)) - e58dc62c-3546-4fa5-80de-76d096388b01: start LeaderState
2019-07-14 08:47:08,597 INFO  segmented.SegmentedRaftLogWorker (SegmentedRaftLogWorker.java:startLogSegment(380)) - e58dc62c-3546-4fa5-80de-76d096388b01-SegmentedRaftLogWorker:Storage Directory /workdir/hadoop-ozone/integration-test/target/test-dir/MiniOzoneClusterImpl-23e8018c-609f-4d7a-98b9-4e300fa8af28/datanode-6/data/ratis/6f8d808c-a628-49a9-b5f2-de8560f18611: Starting segment from index:0
2019-07-14 08:47:08,598 INFO  impl.RaftServerImpl (ServerState.java:setRaftConf(361)) - e58dc62c-3546-4fa5-80de-76d096388b01:group-DE8560F18611 set configuration 0: [c3b732f8-4e03-4755-a3d4-2fde00b2f822:192.168.5.191:37970, e58dc62c-3546-4fa5-80de-76d096388b01:192.168.5.191:45738, 80aedb7d-178f-4a5b-809b-3c2ed3caea8c:192.168.5.191:35165], old=null at 0
2019-07-14 08:47:08,619 INFO  impl.RaftServerImpl (ServerState.java:setLeader(263)) - 45b257bb-fabe-467f-8d8e-ce81762ca88b:group-22574E10A3AD change Leader from null to 1915db36-1842-4533-89d6-17e313d02506 at term 1 for appendEntries, leader elected after 5312ms
2019-07-14 08:47:08,621 INFO  segmented.SegmentedRaftLogWorker (SegmentedRaftLogWorker.java:execute(569)) - e58dc62c-3546-4fa5-80de-76d096388b01-SegmentedRaftLogWorker:Storage Directory /workdir/hadoop-ozone/integration-test/target/test-dir/MiniOzoneClusterImpl-23e8018c-609f-4d7a-98b9-4e300fa8af28/datanode-6/data/ratis/6f8d808c-a628-49a9-b5f2-de8560f18611: created new log segment /workdir/hadoop-ozone/integration-test/target/test-dir/MiniOzoneClusterImpl-23e8018c-609f-4d7a-98b9-4e300fa8af28/datanode-6/data/ratis/6f8d808c-a628-49a9-b5f2-de8560f18611/current/log_inprogress_0
2019-07-14 08:47:08,621 INFO  impl.RaftServerImpl (ServerState.java:setLeader(263)) - 5f0b5e26-5075-4a10-9fbe-a094d8ad9dce:group-22574E10A3AD change Leader from null to 1915db36-1842-4533-89d6-17e313d02506 at term 1 for appendEntries, leader elected after 5314ms
2019-07-14 08:47:08,626 INFO  impl.RaftServerImpl (ServerState.java:setLeader(263)) - c3b732f8-4e03-4755-a3d4-2fde00b2f822:group-DE8560F18611 change Leader from null to e58dc62c-3546-4fa5-80de-76d096388b01 at term 1 for appendEntries, leader elected after 5234ms
2019-07-14 08:47:08,633 INFO  impl.RaftServerImpl (ServerState.java:setLeader(263)) - 80aedb7d-178f-4a5b-809b-3c2ed3caea8c:group-DE8560F18611 change Leader from null to e58dc62c-3546-4fa5-80de-76d096388b01 at term 1 for appendEntries, leader elected after 5240ms
2019-07-14 08:47:08,654 INFO  impl.RaftServerImpl (ServerState.java:setRaftConf(361)) - 45b257bb-fabe-467f-8d8e-ce81762ca88b:group-22574E10A3AD set configuration 0: [45b257bb-fabe-467f-8d8e-ce81762ca88b:192.168.5.191:42990, 1915db36-1842-4533-89d6-17e313d02506:192.168.5.191:35136, 5f0b5e26-5075-4a10-9fbe-a094d8ad9dce:192.168.5.191:43193], old=null at 0
2019-07-14 08:47:08,654 INFO  impl.RaftServerImpl (ServerState.java:setRaftConf(361)) - 5f0b5e26-5075-4a10-9fbe-a094d8ad9dce:group-22574E10A3AD set configuration 0: [45b257bb-fabe-467f-8d8e-ce81762ca88b:192.168.5.191:42990, 1915db36-1842-4533-89d6-17e313d02506:192.168.5.191:35136, 5f0b5e26-5075-4a10-9fbe-a094d8ad9dce:192.168.5.191:43193], old=null at 0
2019-07-14 08:47:08,654 INFO  segmented.SegmentedRaftLogWorker (SegmentedRaftLogWorker.java:startLogSegment(380)) - 45b257bb-fabe-467f-8d8e-ce81762ca88b-SegmentedRaftLogWorker:Storage Directory /workdir/hadoop-ozone/integration-test/target/test-dir/MiniOzoneClusterImpl-23e8018c-609f-4d7a-98b9-4e300fa8af28/datanode-2/data/ratis/bb7b1d7d-532f-4eb3-9121-22574e10a3ad: Starting segment from index:0
2019-07-14 08:47:08,654 INFO  impl.RaftServerImpl (ServerState.java:setRaftConf(361)) - c3b732f8-4e03-4755-a3d4-2fde00b2f822:group-DE8560F18611 set configuration 0: [c3b732f8-4e03-4755-a3d4-2fde00b2f822:192.168.5.191:37970, e58dc62c-3546-4fa5-80de-76d096388b01:192.168.5.191:45738, 80aedb7d-178f-4a5b-809b-3c2ed3caea8c:192.168.5.191:35165], old=null at 0
2019-07-14 08:47:08,654 INFO  impl.RaftServerImpl (ServerState.java:setRaftConf(361)) - 80aedb7d-178f-4a5b-809b-3c2ed3caea8c:group-DE8560F18611 set configuration 0: [c3b732f8-4e03-4755-a3d4-2fde00b2f822:192.168.5.191:37970, e58dc62c-3546-4fa5-80de-76d096388b01:192.168.5.191:45738, 80aedb7d-178f-4a5b-809b-3c2ed3caea8c:192.168.5.191:35165], old=null at 0
2019-07-14 08:47:08,655 INFO  segmented.SegmentedRaftLogWorker (SegmentedRaftLogWorker.java:startLogSegment(380)) - c3b732f8-4e03-4755-a3d4-2fde00b2f822-SegmentedRaftLogWorker:Storage Directory /workdir/hadoop-ozone/integration-test/target/test-dir/MiniOzoneClusterImpl-23e8018c-609f-4d7a-98b9-4e300fa8af28/datanode-5/data/ratis/6f8d808c-a628-49a9-b5f2-de8560f18611: Starting segment from index:0
2019-07-14 08:47:08,654 INFO  segmented.SegmentedRaftLogWorker (SegmentedRaftLogWorker.java:startLogSegment(380)) - 5f0b5e26-5075-4a10-9fbe-a094d8ad9dce-SegmentedRaftLogWorker:Storage Directory /workdir/hadoop-ozone/integration-test/target/test-dir/MiniOzoneClusterImpl-23e8018c-609f-4d7a-98b9-4e300fa8af28/datanode-4/data/ratis/bb7b1d7d-532f-4eb3-9121-22574e10a3ad: Starting segment from index:0
2019-07-14 08:47:08,655 INFO  segmented.SegmentedRaftLogWorker (SegmentedRaftLogWorker.java:startLogSegment(380)) - 80aedb7d-178f-4a5b-809b-3c2ed3caea8c-SegmentedRaftLogWorker:Storage Directory /workdir/hadoop-ozone/integration-test/target/test-dir/MiniOzoneClusterImpl-23e8018c-609f-4d7a-98b9-4e300fa8af28/datanode-1/data/ratis/6f8d808c-a628-49a9-b5f2-de8560f18611: Starting segment from index:0
2019-07-14 08:47:08,676 INFO  segmented.SegmentedRaftLogWorker (SegmentedRaftLogWorker.java:execute(569)) - 80aedb7d-178f-4a5b-809b-3c2ed3caea8c-SegmentedRaftLogWorker:Storage Directory /workdir/hadoop-ozone/integration-test/target/test-dir/MiniOzoneClusterImpl-23e8018c-609f-4d7a-98b9-4e300fa8af28/datanode-1/data/ratis/6f8d808c-a628-49a9-b5f2-de8560f18611: created new log segment /workdir/hadoop-ozone/integration-test/target/test-dir/MiniOzoneClusterImpl-23e8018c-609f-4d7a-98b9-4e300fa8af28/datanode-1/data/ratis/6f8d808c-a628-49a9-b5f2-de8560f18611/current/log_inprogress_0
2019-07-14 08:47:08,676 INFO  segmented.SegmentedRaftLogWorker (SegmentedRaftLogWorker.java:execute(569)) - 45b257bb-fabe-467f-8d8e-ce81762ca88b-SegmentedRaftLogWorker:Storage Directory /workdir/hadoop-ozone/integration-test/target/test-dir/MiniOzoneClusterImpl-23e8018c-609f-4d7a-98b9-4e300fa8af28/datanode-2/data/ratis/bb7b1d7d-532f-4eb3-9121-22574e10a3ad: created new log segment /workdir/hadoop-ozone/integration-test/target/test-dir/MiniOzoneClusterImpl-23e8018c-609f-4d7a-98b9-4e300fa8af28/datanode-2/data/ratis/bb7b1d7d-532f-4eb3-9121-22574e10a3ad/current/log_inprogress_0
2019-07-14 08:47:08,687 INFO  segmented.SegmentedRaftLogWorker (SegmentedRaftLogWorker.java:execute(569)) - c3b732f8-4e03-4755-a3d4-2fde00b2f822-SegmentedRaftLogWorker:Storage Directory /workdir/hadoop-ozone/integration-test/target/test-dir/MiniOzoneClusterImpl-23e8018c-609f-4d7a-98b9-4e300fa8af28/datanode-5/data/ratis/6f8d808c-a628-49a9-b5f2-de8560f18611: created new log segment /workdir/hadoop-ozone/integration-test/target/test-dir/MiniOzoneClusterImpl-23e8018c-609f-4d7a-98b9-4e300fa8af28/datanode-5/data/ratis/6f8d808c-a628-49a9-b5f2-de8560f18611/current/log_inprogress_0
2019-07-14 08:47:08,687 INFO  segmented.SegmentedRaftLogWorker (SegmentedRaftLogWorker.java:execute(569)) - 5f0b5e26-5075-4a10-9fbe-a094d8ad9dce-SegmentedRaftLogWorker:Storage Directory /workdir/hadoop-ozone/integration-test/target/test-dir/MiniOzoneClusterImpl-23e8018c-609f-4d7a-98b9-4e300fa8af28/datanode-4/data/ratis/bb7b1d7d-532f-4eb3-9121-22574e10a3ad: created new log segment /workdir/hadoop-ozone/integration-test/target/test-dir/MiniOzoneClusterImpl-23e8018c-609f-4d7a-98b9-4e300fa8af28/datanode-4/data/ratis/bb7b1d7d-532f-4eb3-9121-22574e10a3ad/current/log_inprogress_0
2019-07-14 08:47:08,725 INFO  client.GrpcClientProtocolClient (GrpcClientProtocolClient.java:onNext(255)) - client-2811F390B80B->c3b732f8-4e03-4755-a3d4-2fde00b2f822: receive RaftClientReply:client-2811F390B80B->c3b732f8-4e03-4755-a3d4-2fde00b2f822@group-DE8560F18611, cid=13, FAILED org.apache.ratis.protocol.NotLeaderException: Server c3b732f8-4e03-4755-a3d4-2fde00b2f822 is not the leader (e58dc62c-3546-4fa5-80de-76d096388b01:192.168.5.191:45738). Request must be sent to leader., logIndex=0, commits[c3b732f8-4e03-4755-a3d4-2fde00b2f822:c0, e58dc62c-3546-4fa5-80de-76d096388b01:c0, 80aedb7d-178f-4a5b-809b-3c2ed3caea8c:c-1]
2019-07-14 08:47:08,750 WARN  io.KeyOutputStream (KeyOutputStream.java:handleException(276)) - Encountered exception java.io.IOException: Unexpected Storage Container Exception: java.util.concurrent.CompletionException: java.util.concurrent.CompletionException: org.apache.ratis.protocol.RaftRetryFailureException: Failed RaftClientRequest:client-2811F390B80B->c3b732f8-4e03-4755-a3d4-2fde00b2f822@group-DE8560F18611, cid=13, seq=1*, RW, org.apache.hadoop.hdds.scm.XceiverClientRatis$$Lambda$309/674659751@687e5fbc for 5 attempts with RetryLimited(maxAttempts=5, sleepTime=1000ms) on the pipeline Pipeline[ Id: 6f8d808c-a628-49a9-b5f2-de8560f18611, Nodes: c3b732f8-4e03-4755-a3d4-2fde00b2f822{ip: 192.168.5.191, host: trunk-nightly-5z2vd-27108033, networkLocation: /default-rack, certSerialId: null}80aedb7d-178f-4a5b-809b-3c2ed3caea8c{ip: 192.168.5.191, host: trunk-nightly-5z2vd-27108033, networkLocation: /default-rack, certSerialId: null}e58dc62c-3546-4fa5-80de-76d096388b01{ip: 192.168.5.191, host: trunk-nightly-5z2vd-27108033, networkLocation: /default-rack, certSerialId: null}, Type:RATIS, Factor:THREE, State:OPEN]. The last committed block length is 0, uncommitted data length is 400 retry count 0
2019-07-14 08:47:08,796 INFO  client.GrpcClientProtocolClient (GrpcClientProtocolClient.java:onNext(255)) - client-1736A87D240A->45b257bb-fabe-467f-8d8e-ce81762ca88b: receive RaftClientReply:client-1736A87D240A->45b257bb-fabe-467f-8d8e-ce81762ca88b@group-22574E10A3AD, cid=19, FAILED org.apache.ratis.protocol.NotLeaderException: Server 45b257bb-fabe-467f-8d8e-ce81762ca88b is not the leader (1915db36-1842-4533-89d6-17e313d02506:192.168.5.191:35136). Request must be sent to leader., logIndex=0, commits[45b257bb-fabe-467f-8d8e-ce81762ca88b:c0, 1915db36-1842-4533-89d6-17e313d02506:c0, 5f0b5e26-5075-4a10-9fbe-a094d8ad9dce:c-1]
2019-07-14 08:47:09,019 INFO  client.GrpcClientProtocolClient (GrpcClientProtocolClient.java:onNext(255)) - client-1736A87D240A->1915db36-1842-4533-89d6-17e313d02506: receive RaftClientReply:client-1736A87D240A->1915db36-1842-4533-89d6-17e313d02506@group-22574E10A3AD, cid=19, SUCCESS, logIndex=1, commits[1915db36-1842-4533-89d6-17e313d02506:c1, 45b257bb-fabe-467f-8d8e-ce81762ca88b:c0, 5f0b5e26-5075-4a10-9fbe-a094d8ad9dce:c0]
2019-07-14 08:47:09,053 INFO  client.GrpcClientProtocolClient (GrpcClientProtocolClient.java:onNext(255)) - client-1736A87D240A->1915db36-1842-4533-89d6-17e313d02506: receive RaftClientReply:client-1736A87D240A->1915db36-1842-4533-89d6-17e313d02506@group-22574E10A3AD, cid=20, SUCCESS, logIndex=3, commits[1915db36-1842-4533-89d6-17e313d02506:c3, 45b257bb-fabe-467f-8d8e-ce81762ca88b:c2, 5f0b5e26-5075-4a10-9fbe-a094d8ad9dce:c2]
2019-07-14 08:47:09,104 INFO  client.GrpcClientProtocolClient (GrpcClientProtocolClient.java:onNext(255)) - client-1736A87D240A->1915db36-1842-4533-89d6-17e313d02506: receive RaftClientReply:client-1736A87D240A->1915db36-1842-4533-89d6-17e313d02506@group-22574E10A3AD, cid=21, SUCCESS, logIndex=5, commits[1915db36-1842-4533-89d6-17e313d02506:c12, 45b257bb-fabe-467f-8d8e-ce81762ca88b:c9, 5f0b5e26-5075-4a10-9fbe-a094d8ad9dce:c9]
2019-07-14 08:47:09,106 INFO  client.GrpcClientProtocolClient (GrpcClientProtocolClient.java:onNext(255)) - client-1736A87D240A->1915db36-1842-4533-89d6-17e313d02506: receive RaftClientReply:client-1736A87D240A->1915db36-1842-4533-89d6-17e313d02506@group-22574E10A3AD, cid=22, SUCCESS, logIndex=6, commits[1915db36-1842-4533-89d6-17e313d02506:c12, 45b257bb-fabe-467f-8d8e-ce81762ca88b:c9, 5f0b5e26-5075-4a10-9fbe-a094d8ad9dce:c9]
2019-07-14 08:47:09,109 INFO  client.GrpcClientProtocolClient (GrpcClientProtocolClient.java:onNext(255)) - client-1736A87D240A->1915db36-1842-4533-89d6-17e313d02506: receive RaftClientReply:client-1736A87D240A->1915db36-1842-4533-89d6-17e313d02506@group-22574E10A3AD, cid=23, SUCCESS, logIndex=7, commits[1915db36-1842-4533-89d6-17e313d02506:c12, 45b257bb-fabe-467f-8d8e-ce81762ca88b:c9, 5f0b5e26-5075-4a10-9fbe-a094d8ad9dce:c9]
2019-07-14 08:47:09,139 INFO  client.GrpcClientProtocolClient (GrpcClientProtocolClient.java:onNext(255)) - client-1736A87D240A->1915db36-1842-4533-89d6-17e313d02506: receive RaftClientReply:client-1736A87D240A->1915db36-1842-4533-89d6-17e313d02506@group-22574E10A3AD, cid=24, SUCCESS, logIndex=9, commits[1915db36-1842-4533-89d6-17e313d02506:c12, 45b257bb-fabe-467f-8d8e-ce81762ca88b:c9, 5f0b5e26-5075-4a10-9fbe-a094d8ad9dce:c9]
]]></system-out>
    <system-err><![CDATA[ERROR StatusLogger No Log4j 2 configuration file found. Using default configuration (logging only errors to the console), or user programmatically provided configurations. Set system property 'log4j2.debug' to show Log4j 2 internal initialization logging. See https://logging.apache.org/log4j/2.x/manual/configuration.html for instructions on how to configure Log4j 2
Jul 14, 2019 8:46:56 AM com.sun.jersey.server.impl.application.WebApplicationImpl _initiate
INFO: Initiating Jersey application, version 'Jersey: 1.19 02/11/2015 03:25 AM'
Jul 14, 2019 8:46:57 AM com.sun.jersey.server.impl.application.WebApplicationImpl _initiate
INFO: Initiating Jersey application, version 'Jersey: 1.19 02/11/2015 03:25 AM'
Jul 14, 2019 8:46:57 AM com.sun.jersey.server.impl.application.WebApplicationImpl _initiate
INFO: Initiating Jersey application, version 'Jersey: 1.19 02/11/2015 03:25 AM'
Jul 14, 2019 8:46:58 AM com.sun.jersey.server.impl.application.WebApplicationImpl _initiate
INFO: Initiating Jersey application, version 'Jersey: 1.19 02/11/2015 03:25 AM'
Jul 14, 2019 8:46:58 AM com.sun.jersey.server.impl.application.WebApplicationImpl _initiate
INFO: Initiating Jersey application, version 'Jersey: 1.19 02/11/2015 03:25 AM'
Jul 14, 2019 8:46:58 AM com.sun.jersey.server.impl.application.WebApplicationImpl _initiate
INFO: Initiating Jersey application, version 'Jersey: 1.19 02/11/2015 03:25 AM'
Jul 14, 2019 8:46:58 AM com.sun.jersey.server.impl.application.WebApplicationImpl _initiate
INFO: Initiating Jersey application, version 'Jersey: 1.19 02/11/2015 03:25 AM'
]]></system-err>
  </testcase>
  <testcase name="testWatchForCommitWithSmallerTimeoutValue" classname="org.apache.hadoop.ozone.client.rpc.TestWatchForCommit" time="43.484"/>
  <testcase name="testWatchForCommitForRetryfailure" classname="org.apache.hadoop.ozone.client.rpc.TestWatchForCommit" time="21.94">
    <failure message="expected exception not thrown" type="java.lang.AssertionError">java.lang.AssertionError: expected exception not thrown
	at org.junit.Assert.fail(Assert.java:88)
	at org.apache.hadoop.ozone.client.rpc.TestWatchForCommit.testWatchForCommitForRetryfailure(TestWatchForCommit.java:348)
	at sun.reflect.NativeMethodAccessorImpl.invoke0(Native Method)
	at sun.reflect.NativeMethodAccessorImpl.invoke(NativeMethodAccessorImpl.java:62)
	at sun.reflect.DelegatingMethodAccessorImpl.invoke(DelegatingMethodAccessorImpl.java:43)
	at java.lang.reflect.Method.invoke(Method.java:498)
	at org.junit.runners.model.FrameworkMethod$1.runReflectiveCall(FrameworkMethod.java:47)
	at org.junit.internal.runners.model.ReflectiveCallable.run(ReflectiveCallable.java:12)
	at org.junit.runners.model.FrameworkMethod.invokeExplosively(FrameworkMethod.java:44)
	at org.junit.internal.runners.statements.InvokeMethod.evaluate(InvokeMethod.java:17)
	at org.junit.runners.ParentRunner.runLeaf(ParentRunner.java:271)
	at org.junit.runners.BlockJUnit4ClassRunner.runChild(BlockJUnit4ClassRunner.java:70)
	at org.junit.runners.BlockJUnit4ClassRunner.runChild(BlockJUnit4ClassRunner.java:50)
	at org.junit.runners.ParentRunner$3.run(ParentRunner.java:238)
	at org.junit.runners.ParentRunner$1.schedule(ParentRunner.java:63)
	at org.junit.runners.ParentRunner.runChildren(ParentRunner.java:236)
	at org.junit.runners.ParentRunner.access$000(ParentRunner.java:53)
	at org.junit.runners.ParentRunner$2.evaluate(ParentRunner.java:229)
	at org.junit.runners.ParentRunner.run(ParentRunner.java:309)
	at org.apache.maven.surefire.junit4.JUnit4Provider.execute(JUnit4Provider.java:365)
	at org.apache.maven.surefire.junit4.JUnit4Provider.executeWithRerun(JUnit4Provider.java:273)
	at org.apache.maven.surefire.junit4.JUnit4Provider.executeTestSet(JUnit4Provider.java:238)
	at org.apache.maven.surefire.junit4.JUnit4Provider.invoke(JUnit4Provider.java:159)
	at org.apache.maven.surefire.booter.ForkedBooter.invokeProviderInSameClassLoader(ForkedBooter.java:384)
	at org.apache.maven.surefire.booter.ForkedBooter.runSuitesInProcess(ForkedBooter.java:345)
	at org.apache.maven.surefire.booter.ForkedBooter.execute(ForkedBooter.java:126)
	at org.apache.maven.surefire.booter.ForkedBooter.main(ForkedBooter.java:418)
</failure>
    <system-out><![CDATA[2019-07-14 08:47:52,657 WARN  server.ServerUtils (ServerUtils.java:getScmDbDir(145)) - ozone.scm.db.dirs is not configured. We recommend adding this setting. Falling back to ozone.metadata.dirs instead.
2019-07-14 08:47:52,672 WARN  server.ServerUtils (ServerUtils.java:getScmDbDir(145)) - ozone.scm.db.dirs is not configured. We recommend adding this setting. Falling back to ozone.metadata.dirs instead.
2019-07-14 08:47:52,672 WARN  server.ServerUtils (ServerUtils.java:getScmDbDir(145)) - ozone.scm.db.dirs is not configured. We recommend adding this setting. Falling back to ozone.metadata.dirs instead.
2019-07-14 08:47:52,673 INFO  db.DBStoreBuilder (DBStoreBuilder.java:addTable(110)) - using custom profile for table: deletedBlocks
2019-07-14 08:47:52,673 INFO  db.DBStoreBuilder (DBStoreBuilder.java:processTables(161)) - Using default column profile:DBProfile.DISK for Table:deletedBlocks
2019-07-14 08:47:52,673 INFO  db.DBStoreBuilder (DBStoreBuilder.java:addTable(110)) - using custom profile for table: validCerts
2019-07-14 08:47:52,674 INFO  db.DBStoreBuilder (DBStoreBuilder.java:processTables(161)) - Using default column profile:DBProfile.DISK for Table:validCerts
2019-07-14 08:47:52,674 INFO  db.DBStoreBuilder (DBStoreBuilder.java:addTable(110)) - using custom profile for table: revokedCerts
2019-07-14 08:47:52,674 INFO  db.DBStoreBuilder (DBStoreBuilder.java:processTables(161)) - Using default column profile:DBProfile.DISK for Table:revokedCerts
2019-07-14 08:47:52,674 INFO  db.DBStoreBuilder (DBStoreBuilder.java:addTable(110)) - using custom profile for table: default
2019-07-14 08:47:52,674 INFO  db.DBStoreBuilder (DBStoreBuilder.java:processTables(167)) - Using default column profile:DBProfile.DISK for Table:default
2019-07-14 08:47:52,675 INFO  db.DBStoreBuilder (DBStoreBuilder.java:getDbProfile(198)) - Using default options. DBProfile.DISK
2019-07-14 08:47:52,749 INFO  net.NodeSchemaLoader (NodeSchemaLoader.java:loadSchemaFromFile(125)) - Loading file from sun.misc.CompoundEnumeration@1e23ee0e
2019-07-14 08:47:52,749 INFO  net.NodeSchemaLoader (NodeSchemaLoader.java:loadSchema(171)) - Loading network topology layer schema file
2019-07-14 08:47:52,754 WARN  server.ServerUtils (ServerUtils.java:sanitizeUserArgs(70)) - ozone.scm.stale.node.interval value = 300000 is larger than max = 100000 based on the key value of ozone.scm.heartbeat.thread.interval, reset to the max value 100000.
2019-07-14 08:47:52,755 WARN  server.ServerUtils (ServerUtils.java:sanitizeUserArgs(70)) - ozone.scm.stale.node.interval value = 300000 is larger than max = 100000 based on the key value of ozone.scm.heartbeat.thread.interval, reset to the max value 100000.
2019-07-14 08:47:52,755 INFO  node.SCMNodeManager (SCMNodeManager.java:<init>(119)) - Entering startup safe mode.
2019-07-14 08:47:52,756 WARN  server.ServerUtils (ServerUtils.java:getScmDbDir(145)) - ozone.scm.db.dirs is not configured. We recommend adding this setting. Falling back to ozone.metadata.dirs instead.
2019-07-14 08:47:52,781 INFO  pipeline.SCMPipelineManager (SCMPipelineManager.java:initializePipelineState(126)) - No pipeline exists in current db
2019-07-14 08:47:52,781 WARN  server.ServerUtils (ServerUtils.java:getScmDbDir(145)) - ozone.scm.db.dirs is not configured. We recommend adding this setting. Falling back to ozone.metadata.dirs instead.
2019-07-14 08:47:52,807 WARN  events.EventQueue (EventQueue.java:fireEvent(175)) - No event handler registered for event TypedEvent{payloadType=SafeModeStatus, name='SafeModeStatus'}
2019-07-14 08:47:52,808 INFO  ipc.CallQueueManager (CallQueueManager.java:<init>(84)) - Using callQueue: class java.util.concurrent.LinkedBlockingQueue, queueCapacity: 2000, scheduler: class org.apache.hadoop.ipc.DefaultRpcScheduler, ipcBackoff: false.
2019-07-14 08:47:52,809 INFO  ipc.Server (Server.java:run(1074)) - Starting Socket Reader #1 for port 44296
2019-07-14 08:47:52,813 INFO  ipc.CallQueueManager (CallQueueManager.java:<init>(84)) - Using callQueue: class java.util.concurrent.LinkedBlockingQueue, queueCapacity: 2000, scheduler: class org.apache.hadoop.ipc.DefaultRpcScheduler, ipcBackoff: false.
2019-07-14 08:47:52,814 INFO  ipc.Server (Server.java:run(1074)) - Starting Socket Reader #1 for port 43547
2019-07-14 08:47:52,817 INFO  ipc.CallQueueManager (CallQueueManager.java:<init>(84)) - Using callQueue: class java.util.concurrent.LinkedBlockingQueue, queueCapacity: 2000, scheduler: class org.apache.hadoop.ipc.DefaultRpcScheduler, ipcBackoff: false.
2019-07-14 08:47:52,818 INFO  ipc.Server (Server.java:run(1074)) - Starting Socket Reader #1 for port 37403
2019-07-14 08:47:52,824 INFO  hdfs.DFSUtil (DFSUtil.java:httpServerTemplateForNNAndJN(1641)) - Starting Web-server for scm at: http://0.0.0.0:0
2019-07-14 08:47:52,828 INFO  server.AuthenticationFilter (AuthenticationFilter.java:constructSecretProvider(240)) - Unable to initialize FileSignerSecretProvider, falling back to use random secrets.
2019-07-14 08:47:52,829 WARN  http.HttpRequestLog (HttpRequestLog.java:getRequestLog(97)) - Jetty request log can only be enabled using Log4j
2019-07-14 08:47:52,831 INFO  http.HttpServer2 (HttpServer2.java:addGlobalFilter(975)) - Added global filter 'safety' (class=org.apache.hadoop.http.HttpServer2$QuotingInputFilter)
2019-07-14 08:47:52,832 INFO  http.HttpServer2 (HttpServer2.java:addFilter(948)) - Added filter static_user_filter (class=org.apache.hadoop.http.lib.StaticUserWebFilter$StaticUserFilter) to context scm
2019-07-14 08:47:52,833 INFO  http.HttpServer2 (HttpServer2.java:addFilter(958)) - Added filter static_user_filter (class=org.apache.hadoop.http.lib.StaticUserWebFilter$StaticUserFilter) to context logs
2019-07-14 08:47:52,833 INFO  http.HttpServer2 (HttpServer2.java:addFilter(958)) - Added filter static_user_filter (class=org.apache.hadoop.http.lib.StaticUserWebFilter$StaticUserFilter) to context static
2019-07-14 08:47:52,836 INFO  server.StorageContainerManager (StorageContainerManager.java:start(759)) - StorageContainerLocationProtocol RPC server is listening at /0.0.0.0:37403
2019-07-14 08:47:52,839 WARN  impl.MetricsConfig (MetricsConfig.java:loadFirst(134)) - Cannot locate configuration: tried hadoop-metrics2-storagecontainermanager.properties,hadoop-metrics2.properties
2019-07-14 08:47:52,840 INFO  impl.MetricsSystemImpl (MetricsSystemImpl.java:startTimer(374)) - Scheduled Metric snapshot period at 10 second(s).
2019-07-14 08:47:52,841 INFO  impl.MetricsSystemImpl (MetricsSystemImpl.java:start(191)) - StorageContainerManager metrics system started
2019-07-14 08:47:53,002 INFO  server.SCMClientProtocolServer (SCMClientProtocolServer.java:start(149)) - RPC server for Client  is listening at /0.0.0.0:37403
2019-07-14 08:47:53,003 INFO  ipc.Server (Server.java:run(1314)) - IPC Server Responder: starting
2019-07-14 08:47:53,003 INFO  ipc.Server (Server.java:run(1153)) - IPC Server listener on 37403: starting
2019-07-14 08:47:53,013 INFO  server.StorageContainerManager (StorageContainerManager.java:start(768)) - ScmBlockLocationProtocol RPC server is listening at /0.0.0.0:43547
2019-07-14 08:47:53,013 INFO  server.SCMBlockProtocolServer (SCMBlockProtocolServer.java:start(140)) - RPC server for Block Protocol is listening at /0.0.0.0:43547
2019-07-14 08:47:53,013 INFO  ipc.Server (Server.java:run(1314)) - IPC Server Responder: starting
2019-07-14 08:47:53,016 INFO  ipc.Server (Server.java:run(1153)) - IPC Server listener on 43547: starting
2019-07-14 08:47:53,023 INFO  server.StorageContainerManager (StorageContainerManager.java:start(772)) - ScmDatanodeProtocl RPC server is listening at /0.0.0.0:44296
2019-07-14 08:47:53,023 INFO  server.SCMDatanodeProtocolServer (SCMDatanodeProtocolServer.java:start(191)) - RPC server for DataNodes is listening at /0.0.0.0:44296
2019-07-14 08:47:53,024 INFO  ipc.Server (Server.java:run(1314)) - IPC Server Responder: starting
2019-07-14 08:47:53,024 INFO  ipc.Server (Server.java:run(1153)) - IPC Server listener on 44296: starting
2019-07-14 08:47:53,031 INFO  http.HttpServer2 (HttpServer2.java:bindListener(1191)) - Jetty bound to port 43686
2019-07-14 08:47:53,032 INFO  server.Server (Server.java:doStart(351)) - jetty-9.3.24.v20180605, build timestamp: 2018-06-05T17:11:56Z, git hash: 84205aa28f11a4f31f2a3b86d1bba2cc8ab69827
2019-07-14 08:47:53,034 INFO  handler.ContextHandler (ContextHandler.java:doStart(781)) - Started o.e.j.s.ServletContextHandler@11978f52{/logs,file:///workdir/hadoop-ozone/integration-test/target/log,AVAILABLE}
2019-07-14 08:47:53,035 INFO  handler.ContextHandler (ContextHandler.java:doStart(781)) - Started o.e.j.s.ServletContextHandler@484b5a21{/static,file:///workdir/hadoop-ozone/integration-test/target/test-classes/webapps/static,AVAILABLE}
2019-07-14 08:47:53,040 INFO  handler.ContextHandler (ContextHandler.java:doStart(781)) - Started o.e.j.w.WebAppContext@6a878778{/,file:///workdir/hadoop-ozone/integration-test/target/test-classes/webapps/scm/,AVAILABLE}{/scm}
2019-07-14 08:47:53,040 INFO  server.AbstractConnector (AbstractConnector.java:doStart(278)) - Started ServerConnector@1eabfad5{HTTP/1.1,[http/1.1]}{0.0.0.0:43686}
2019-07-14 08:47:53,043 INFO  server.Server (Server.java:doStart(419)) - Started @61307ms
2019-07-14 08:47:53,046 INFO  server.BaseHttpServer (BaseHttpServer.java:updateConnectorAddress(207)) - HTTP server of SCM is listening at http://0.0.0.0:43686
2019-07-14 08:47:53,046 WARN  server.ServerUtils (ServerUtils.java:getDBPath(222)) - ozone.om.db.dirs is not configured. We recommend adding this setting. Falling back to ozone.metadata.dirs instead.
2019-07-14 08:47:53,049 INFO  util.JvmPauseMonitor (JvmPauseMonitor.java:run(188)) - Starting JVM pause monitor
2019-07-14 08:47:53,055 WARN  server.ServerUtils (ServerUtils.java:getDBPath(222)) - ozone.om.db.dirs is not configured. We recommend adding this setting. Falling back to ozone.metadata.dirs instead.
2019-07-14 08:47:53,055 INFO  om.OzoneManager (OzoneManager.java:setOMNodeDetails(630)) - OM Service ID is not set. Setting it to the default ID: omServiceIdDefault
2019-07-14 08:47:53,056 INFO  om.OzoneManager (OzoneManager.java:setOMNodeDetails(636)) - OM Node ID is not set. Setting it to the OmStorage's OmID: d3461ae7-94d3-476e-9d30-c3870cfa676f
2019-07-14 08:47:53,056 INFO  om.OzoneManager (OzoneManager.java:loadOMHAConfigs(587)) - Found matching OM address with OMServiceId: null, OMNodeId: null, RPC Address: localhost:0 and Ratis port: 9872
2019-07-14 08:47:53,071 WARN  server.ServerUtils (ServerUtils.java:getDBPath(222)) - ozone.om.db.dirs is not configured. We recommend adding this setting. Falling back to ozone.metadata.dirs instead.
2019-07-14 08:47:53,072 INFO  db.DBStoreBuilder (DBStoreBuilder.java:addTable(110)) - using custom profile for table: userTable
2019-07-14 08:47:53,072 INFO  db.DBStoreBuilder (DBStoreBuilder.java:processTables(161)) - Using default column profile:DBProfile.DISK for Table:userTable
2019-07-14 08:47:53,073 INFO  db.DBStoreBuilder (DBStoreBuilder.java:addTable(110)) - using custom profile for table: volumeTable
2019-07-14 08:47:53,073 INFO  db.DBStoreBuilder (DBStoreBuilder.java:processTables(161)) - Using default column profile:DBProfile.DISK for Table:volumeTable
2019-07-14 08:47:53,073 INFO  db.DBStoreBuilder (DBStoreBuilder.java:addTable(110)) - using custom profile for table: bucketTable
2019-07-14 08:47:53,074 INFO  db.DBStoreBuilder (DBStoreBuilder.java:processTables(161)) - Using default column profile:DBProfile.DISK for Table:bucketTable
2019-07-14 08:47:53,074 INFO  db.DBStoreBuilder (DBStoreBuilder.java:addTable(110)) - using custom profile for table: keyTable
2019-07-14 08:47:53,074 INFO  db.DBStoreBuilder (DBStoreBuilder.java:processTables(161)) - Using default column profile:DBProfile.DISK for Table:keyTable
2019-07-14 08:47:53,074 INFO  db.DBStoreBuilder (DBStoreBuilder.java:addTable(110)) - using custom profile for table: deletedTable
2019-07-14 08:47:53,075 INFO  db.DBStoreBuilder (DBStoreBuilder.java:processTables(161)) - Using default column profile:DBProfile.DISK for Table:deletedTable
2019-07-14 08:47:53,075 INFO  db.DBStoreBuilder (DBStoreBuilder.java:addTable(110)) - using custom profile for table: openKeyTable
2019-07-14 08:47:53,075 INFO  db.DBStoreBuilder (DBStoreBuilder.java:processTables(161)) - Using default column profile:DBProfile.DISK for Table:openKeyTable
2019-07-14 08:47:53,076 INFO  db.DBStoreBuilder (DBStoreBuilder.java:addTable(110)) - using custom profile for table: s3Table
2019-07-14 08:47:53,076 INFO  db.DBStoreBuilder (DBStoreBuilder.java:processTables(161)) - Using default column profile:DBProfile.DISK for Table:s3Table
2019-07-14 08:47:53,076 INFO  db.DBStoreBuilder (DBStoreBuilder.java:addTable(110)) - using custom profile for table: multipartInfoTable
2019-07-14 08:47:53,076 INFO  db.DBStoreBuilder (DBStoreBuilder.java:processTables(161)) - Using default column profile:DBProfile.DISK for Table:multipartInfoTable
2019-07-14 08:47:53,077 INFO  db.DBStoreBuilder (DBStoreBuilder.java:addTable(110)) - using custom profile for table: dTokenTable
2019-07-14 08:47:53,077 INFO  db.DBStoreBuilder (DBStoreBuilder.java:processTables(161)) - Using default column profile:DBProfile.DISK for Table:dTokenTable
2019-07-14 08:47:53,077 INFO  db.DBStoreBuilder (DBStoreBuilder.java:addTable(110)) - using custom profile for table: s3SecretTable
2019-07-14 08:47:53,078 INFO  db.DBStoreBuilder (DBStoreBuilder.java:processTables(161)) - Using default column profile:DBProfile.DISK for Table:s3SecretTable
2019-07-14 08:47:53,078 INFO  db.DBStoreBuilder (DBStoreBuilder.java:addTable(110)) - using custom profile for table: prefixTable
2019-07-14 08:47:53,078 INFO  db.DBStoreBuilder (DBStoreBuilder.java:processTables(161)) - Using default column profile:DBProfile.DISK for Table:prefixTable
2019-07-14 08:47:53,079 INFO  db.DBStoreBuilder (DBStoreBuilder.java:addTable(110)) - using custom profile for table: default
2019-07-14 08:47:53,079 INFO  db.DBStoreBuilder (DBStoreBuilder.java:processTables(167)) - Using default column profile:DBProfile.DISK for Table:default
2019-07-14 08:47:53,079 INFO  db.DBStoreBuilder (DBStoreBuilder.java:getDbProfile(198)) - Using default options. DBProfile.DISK
2019-07-14 08:47:53,418 INFO  ipc.CallQueueManager (CallQueueManager.java:<init>(84)) - Using callQueue: class java.util.concurrent.LinkedBlockingQueue, queueCapacity: 2000, scheduler: class org.apache.hadoop.ipc.DefaultRpcScheduler, ipcBackoff: false.
2019-07-14 08:47:53,419 INFO  ipc.Server (Server.java:run(1074)) - Starting Socket Reader #1 for port 35552
2019-07-14 08:47:53,444 WARN  server.ServerUtils (ServerUtils.java:getDBPath(222)) - ozone.om.db.dirs is not configured. We recommend adding this setting. Falling back to ozone.metadata.dirs instead.
2019-07-14 08:47:53,444 INFO  om.OzoneManager (OzoneManager.java:start(1228)) - OzoneManager RPC server is listening at localhost/127.0.0.1:35552
2019-07-14 08:47:53,444 INFO  impl.MetricsSystemImpl (MetricsSystemImpl.java:init(158)) - OzoneManager metrics system started (again)
2019-07-14 08:47:53,445 INFO  ipc.Server (Server.java:run(1314)) - IPC Server Responder: starting
2019-07-14 08:47:53,446 INFO  ipc.Server (Server.java:run(1153)) - IPC Server listener on 35552: starting
2019-07-14 08:47:53,458 INFO  hdfs.DFSUtil (DFSUtil.java:httpServerTemplateForNNAndJN(1641)) - Starting Web-server for ozoneManager at: http://0.0.0.0:0
2019-07-14 08:47:53,460 INFO  server.AuthenticationFilter (AuthenticationFilter.java:constructSecretProvider(240)) - Unable to initialize FileSignerSecretProvider, falling back to use random secrets.
2019-07-14 08:47:53,460 WARN  http.HttpRequestLog (HttpRequestLog.java:getRequestLog(97)) - Jetty request log can only be enabled using Log4j
2019-07-14 08:47:53,462 INFO  http.HttpServer2 (HttpServer2.java:addGlobalFilter(975)) - Added global filter 'safety' (class=org.apache.hadoop.http.HttpServer2$QuotingInputFilter)
2019-07-14 08:47:53,463 INFO  http.HttpServer2 (HttpServer2.java:addFilter(948)) - Added filter static_user_filter (class=org.apache.hadoop.http.lib.StaticUserWebFilter$StaticUserFilter) to context ozoneManager
2019-07-14 08:47:53,463 INFO  http.HttpServer2 (HttpServer2.java:addFilter(958)) - Added filter static_user_filter (class=org.apache.hadoop.http.lib.StaticUserWebFilter$StaticUserFilter) to context static
2019-07-14 08:47:53,463 INFO  http.HttpServer2 (HttpServer2.java:addFilter(958)) - Added filter static_user_filter (class=org.apache.hadoop.http.lib.StaticUserWebFilter$StaticUserFilter) to context logs
2019-07-14 08:47:53,464 INFO  http.HttpServer2 (HttpServer2.java:bindListener(1191)) - Jetty bound to port 33982
2019-07-14 08:47:53,464 INFO  server.Server (Server.java:doStart(351)) - jetty-9.3.24.v20180605, build timestamp: 2018-06-05T17:11:56Z, git hash: 84205aa28f11a4f31f2a3b86d1bba2cc8ab69827
2019-07-14 08:47:53,466 INFO  handler.ContextHandler (ContextHandler.java:doStart(781)) - Started o.e.j.s.ServletContextHandler@498b611e{/logs,file:///workdir/hadoop-ozone/integration-test/target/log,AVAILABLE}
2019-07-14 08:47:53,467 INFO  handler.ContextHandler (ContextHandler.java:doStart(781)) - Started o.e.j.s.ServletContextHandler@4b56b517{/static,file:///workdir/hadoop-ozone/integration-test/target/test-classes/webapps/static,AVAILABLE}
2019-07-14 08:47:53,472 INFO  handler.ContextHandler (ContextHandler.java:doStart(781)) - Started o.e.j.w.WebAppContext@72ec16f8{/,file:///workdir/hadoop-ozone/integration-test/target/test-classes/webapps/ozoneManager/,AVAILABLE}{/ozoneManager}
2019-07-14 08:47:53,473 INFO  server.AbstractConnector (AbstractConnector.java:doStart(278)) - Started ServerConnector@279e1422{HTTP/1.1,[http/1.1]}{0.0.0.0:33982}
2019-07-14 08:47:53,476 INFO  server.Server (Server.java:doStart(419)) - Started @61740ms
2019-07-14 08:47:53,477 INFO  server.BaseHttpServer (BaseHttpServer.java:updateConnectorAddress(207)) - HTTP server of OZONEMANAGER is listening at http://0.0.0.0:33982
2019-07-14 08:47:53,495 INFO  impl.MetricsSystemImpl (MetricsSystemImpl.java:init(158)) - HddsDatanode metrics system started (again)
2019-07-14 08:47:53,496 INFO  ozone.HddsDatanodeService (HddsDatanodeService.java:start(185)) - HddsDatanodeService host:trunk-nightly-5z2vd-27108033 ip:192.168.5.191
2019-07-14 08:47:53,510 INFO  volume.HddsVolume (HddsVolume.java:<init>(176)) - Creating Volume: /workdir/hadoop-ozone/integration-test/target/test-dir/MiniOzoneClusterImpl-813f4eb2-d14a-42d0-ab02-1d0f0e18d9f3/datanode-0/data/containers/hdds of  storage type : DISK and capacity : 52710309888
2019-07-14 08:47:53,510 INFO  volume.VolumeSet (VolumeSet.java:initializeVolumeSet(170)) - Added Volume : /workdir/hadoop-ozone/integration-test/target/test-dir/MiniOzoneClusterImpl-813f4eb2-d14a-42d0-ab02-1d0f0e18d9f3/datanode-0/data/containers/hdds to VolumeSet
2019-07-14 08:47:53,510 INFO  volume.ThrottledAsyncChecker (ThrottledAsyncChecker.java:schedule(140)) - Scheduling a check for org.apache.hadoop.ozone.container.common.volume.HddsVolume@6879e983
2019-07-14 08:47:53,511 INFO  volume.HddsVolumeChecker (HddsVolumeChecker.java:checkAllVolumes(203)) - Scheduled health check for volume org.apache.hadoop.ozone.container.common.volume.HddsVolume@6879e983
2019-07-14 08:47:53,530 INFO  impl.RaftServerProxy (ConfUtils.java:logGet(43)) - raft.rpc.type = GRPC (default)
2019-07-14 08:47:53,531 INFO  grpc.GrpcFactory (GrpcFactory.java:checkPooledByteBufAllocatorUseCacheForAllThreads(45)) - PERFORMANCE WARNING: useCacheForAllThreads is true that may cause Netty to create a lot garbage objects and, as a result, trigger GC.
	It is recommended to disable useCacheForAllThreads by setting -Dorg.apache.ratis.thirdparty.io.netty.allocator.useCacheForAllThreads=false in command line.
2019-07-14 08:47:53,531 INFO  grpc.GrpcConfigKeys$Server (ConfUtils.java:logGet(43)) - raft.grpc.server.port = 0 (default)
2019-07-14 08:47:53,531 INFO  server.GrpcService (ConfUtils.java:logGet(43)) - raft.grpc.message.size.max = 33570816 (custom)
2019-07-14 08:47:53,531 INFO  server.RaftServerConfigKeys (ConfUtils.java:logGet(43)) - raft.server.log.appender.buffer.byte-limit = 33554432 (custom)
2019-07-14 08:47:53,531 INFO  server.GrpcService (ConfUtils.java:logGet(43)) - raft.grpc.flow.control.window = 1MB (=1048576) (default)
2019-07-14 08:47:53,532 INFO  server.RaftServerConfigKeys (ConfUtils.java:logGet(43)) - raft.server.rpc.request.timeout = 3000ms (default)
2019-07-14 08:47:53,532 INFO  server.RaftServerConfigKeys (ConfUtils.java:logGet(43)) - raft.server.storage.dir = [/workdir/hadoop-ozone/integration-test/target/test-dir/MiniOzoneClusterImpl-813f4eb2-d14a-42d0-ab02-1d0f0e18d9f3/datanode-0/data/ratis] (custom)
2019-07-14 08:47:53,533 INFO  replication.SimpleContainerDownloader (SimpleContainerDownloader.java:<init>(72)) - Starting container downloader service to copy containers to replicate.
2019-07-14 08:47:53,534 INFO  hdfs.DFSUtil (DFSUtil.java:httpServerTemplateForNNAndJN(1641)) - Starting Web-server for hddsDatanode at: http://0.0.0.0:0
2019-07-14 08:47:53,535 INFO  server.AuthenticationFilter (AuthenticationFilter.java:constructSecretProvider(240)) - Unable to initialize FileSignerSecretProvider, falling back to use random secrets.
2019-07-14 08:47:53,536 WARN  http.HttpRequestLog (HttpRequestLog.java:getRequestLog(97)) - Jetty request log can only be enabled using Log4j
2019-07-14 08:47:53,537 INFO  http.HttpServer2 (HttpServer2.java:addGlobalFilter(975)) - Added global filter 'safety' (class=org.apache.hadoop.http.HttpServer2$QuotingInputFilter)
2019-07-14 08:47:53,538 INFO  http.HttpServer2 (HttpServer2.java:addFilter(948)) - Added filter static_user_filter (class=org.apache.hadoop.http.lib.StaticUserWebFilter$StaticUserFilter) to context hddsDatanode
2019-07-14 08:47:53,538 INFO  http.HttpServer2 (HttpServer2.java:addFilter(958)) - Added filter static_user_filter (class=org.apache.hadoop.http.lib.StaticUserWebFilter$StaticUserFilter) to context static
2019-07-14 08:47:53,538 INFO  http.HttpServer2 (HttpServer2.java:addFilter(958)) - Added filter static_user_filter (class=org.apache.hadoop.http.lib.StaticUserWebFilter$StaticUserFilter) to context logs
2019-07-14 08:47:53,539 INFO  http.HttpServer2 (HttpServer2.java:bindListener(1191)) - Jetty bound to port 35514
2019-07-14 08:47:53,539 INFO  server.Server (Server.java:doStart(351)) - jetty-9.3.24.v20180605, build timestamp: 2018-06-05T17:11:56Z, git hash: 84205aa28f11a4f31f2a3b86d1bba2cc8ab69827
2019-07-14 08:47:53,544 INFO  handler.ContextHandler (ContextHandler.java:doStart(781)) - Started o.e.j.s.ServletContextHandler@27053257{/logs,file:///workdir/hadoop-ozone/integration-test/target/log,AVAILABLE}
2019-07-14 08:47:53,544 INFO  handler.ContextHandler (ContextHandler.java:doStart(781)) - Started o.e.j.s.ServletContextHandler@662713b6{/static,jar:file:/home/user/.m2/repository/org/apache/hadoop/hadoop-hdds-container-service/0.5.0-SNAPSHOT/hadoop-hdds-container-service-0.5.0-SNAPSHOT.jar!/webapps/static,AVAILABLE}
2019-07-14 08:47:53,584 INFO  handler.ContextHandler (ContextHandler.java:doStart(781)) - Started o.e.j.w.WebAppContext@5649f55{/,file:///tmp/jetty-0.0.0.0-35514-hddsDatanode-_-any-525914018033227383.dir/webapp/,AVAILABLE}{/hddsDatanode}
2019-07-14 08:47:53,585 INFO  server.AbstractConnector (AbstractConnector.java:doStart(278)) - Started ServerConnector@558127d2{HTTP/1.1,[http/1.1]}{0.0.0.0:35514}
2019-07-14 08:47:53,588 INFO  server.Server (Server.java:doStart(419)) - Started @61852ms
2019-07-14 08:47:53,589 INFO  server.BaseHttpServer (BaseHttpServer.java:updateConnectorAddress(207)) - HTTP server of HDDSDATANODE is listening at http://0.0.0.0:35514
2019-07-14 08:47:53,741 INFO  ozone.HddsDatanodeService (HddsDatanodeService.java:startPlugins(396)) - Started plug-in org.apache.hadoop.ozone.web.OzoneHddsDatanodeService@3b8b4846
2019-07-14 08:47:53,741 INFO  impl.MetricsSystemImpl (MetricsSystemImpl.java:init(158)) - HddsDatanode metrics system started (again)
2019-07-14 08:47:53,742 INFO  ozone.HddsDatanodeService (HddsDatanodeService.java:start(185)) - HddsDatanodeService host:trunk-nightly-5z2vd-27108033 ip:192.168.5.191
2019-07-14 08:47:53,743 INFO  util.JvmPauseMonitor (JvmPauseMonitor.java:run(188)) - Starting JVM pause monitor
2019-07-14 08:47:53,746 INFO  datanode.InitDatanodeState (InitDatanodeState.java:persistContainerDatanodeDetails(140)) - DatanodeDetails is persisted to /workdir/hadoop-ozone/integration-test/target/test-dir/MiniOzoneClusterImpl-813f4eb2-d14a-42d0-ab02-1d0f0e18d9f3/datanode-0/meta/datanode.id
2019-07-14 08:47:53,754 INFO  volume.HddsVolume (HddsVolume.java:<init>(176)) - Creating Volume: /workdir/hadoop-ozone/integration-test/target/test-dir/MiniOzoneClusterImpl-813f4eb2-d14a-42d0-ab02-1d0f0e18d9f3/datanode-1/data/containers/hdds of  storage type : DISK and capacity : 52710309888
2019-07-14 08:47:53,754 INFO  volume.VolumeSet (VolumeSet.java:initializeVolumeSet(170)) - Added Volume : /workdir/hadoop-ozone/integration-test/target/test-dir/MiniOzoneClusterImpl-813f4eb2-d14a-42d0-ab02-1d0f0e18d9f3/datanode-1/data/containers/hdds to VolumeSet
2019-07-14 08:47:53,754 INFO  volume.ThrottledAsyncChecker (ThrottledAsyncChecker.java:schedule(140)) - Scheduling a check for org.apache.hadoop.ozone.container.common.volume.HddsVolume@5ac646b3
2019-07-14 08:47:53,755 INFO  volume.HddsVolumeChecker (HddsVolumeChecker.java:checkAllVolumes(203)) - Scheduled health check for volume org.apache.hadoop.ozone.container.common.volume.HddsVolume@5ac646b3
2019-07-14 08:47:53,784 INFO  impl.RaftServerProxy (ConfUtils.java:logGet(43)) - raft.rpc.type = GRPC (default)
2019-07-14 08:47:53,784 INFO  grpc.GrpcFactory (GrpcFactory.java:checkPooledByteBufAllocatorUseCacheForAllThreads(45)) - PERFORMANCE WARNING: useCacheForAllThreads is true that may cause Netty to create a lot garbage objects and, as a result, trigger GC.
	It is recommended to disable useCacheForAllThreads by setting -Dorg.apache.ratis.thirdparty.io.netty.allocator.useCacheForAllThreads=false in command line.
2019-07-14 08:47:53,784 INFO  grpc.GrpcConfigKeys$Server (ConfUtils.java:logGet(43)) - raft.grpc.server.port = 0 (default)
2019-07-14 08:47:53,785 INFO  server.GrpcService (ConfUtils.java:logGet(43)) - raft.grpc.message.size.max = 33570816 (custom)
2019-07-14 08:47:53,785 INFO  server.RaftServerConfigKeys (ConfUtils.java:logGet(43)) - raft.server.log.appender.buffer.byte-limit = 33554432 (custom)
2019-07-14 08:47:53,785 INFO  server.GrpcService (ConfUtils.java:logGet(43)) - raft.grpc.flow.control.window = 1MB (=1048576) (default)
2019-07-14 08:47:53,785 INFO  server.RaftServerConfigKeys (ConfUtils.java:logGet(43)) - raft.server.rpc.request.timeout = 3000ms (default)
2019-07-14 08:47:53,786 INFO  server.RaftServerConfigKeys (ConfUtils.java:logGet(43)) - raft.server.storage.dir = [/workdir/hadoop-ozone/integration-test/target/test-dir/MiniOzoneClusterImpl-813f4eb2-d14a-42d0-ab02-1d0f0e18d9f3/datanode-1/data/ratis] (custom)
2019-07-14 08:47:53,786 INFO  replication.SimpleContainerDownloader (SimpleContainerDownloader.java:<init>(72)) - Starting container downloader service to copy containers to replicate.
2019-07-14 08:47:53,788 INFO  hdfs.DFSUtil (DFSUtil.java:httpServerTemplateForNNAndJN(1641)) - Starting Web-server for hddsDatanode at: http://0.0.0.0:0
2019-07-14 08:47:53,797 INFO  server.AuthenticationFilter (AuthenticationFilter.java:constructSecretProvider(240)) - Unable to initialize FileSignerSecretProvider, falling back to use random secrets.
2019-07-14 08:47:53,798 WARN  http.HttpRequestLog (HttpRequestLog.java:getRequestLog(97)) - Jetty request log can only be enabled using Log4j
2019-07-14 08:47:53,799 INFO  http.HttpServer2 (HttpServer2.java:addGlobalFilter(975)) - Added global filter 'safety' (class=org.apache.hadoop.http.HttpServer2$QuotingInputFilter)
2019-07-14 08:47:53,799 INFO  http.HttpServer2 (HttpServer2.java:addFilter(948)) - Added filter static_user_filter (class=org.apache.hadoop.http.lib.StaticUserWebFilter$StaticUserFilter) to context hddsDatanode
2019-07-14 08:47:53,799 INFO  http.HttpServer2 (HttpServer2.java:addFilter(958)) - Added filter static_user_filter (class=org.apache.hadoop.http.lib.StaticUserWebFilter$StaticUserFilter) to context static
2019-07-14 08:47:53,800 INFO  http.HttpServer2 (HttpServer2.java:addFilter(958)) - Added filter static_user_filter (class=org.apache.hadoop.http.lib.StaticUserWebFilter$StaticUserFilter) to context logs
2019-07-14 08:47:53,800 INFO  http.HttpServer2 (HttpServer2.java:bindListener(1191)) - Jetty bound to port 35823
2019-07-14 08:47:53,800 INFO  server.Server (Server.java:doStart(351)) - jetty-9.3.24.v20180605, build timestamp: 2018-06-05T17:11:56Z, git hash: 84205aa28f11a4f31f2a3b86d1bba2cc8ab69827
2019-07-14 08:47:53,802 INFO  handler.ContextHandler (ContextHandler.java:doStart(781)) - Started o.e.j.s.ServletContextHandler@2d88c1bf{/logs,file:///workdir/hadoop-ozone/integration-test/target/log,AVAILABLE}
2019-07-14 08:47:53,803 INFO  handler.ContextHandler (ContextHandler.java:doStart(781)) - Started o.e.j.s.ServletContextHandler@34652065{/static,jar:file:/home/user/.m2/repository/org/apache/hadoop/hadoop-hdds-container-service/0.5.0-SNAPSHOT/hadoop-hdds-container-service-0.5.0-SNAPSHOT.jar!/webapps/static,AVAILABLE}
2019-07-14 08:47:53,830 INFO  handler.ContextHandler (ContextHandler.java:doStart(781)) - Started o.e.j.w.WebAppContext@6c49ea0c{/,file:///tmp/jetty-0.0.0.0-35823-hddsDatanode-_-any-6369007249382523156.dir/webapp/,AVAILABLE}{/hddsDatanode}
2019-07-14 08:47:53,830 INFO  server.AbstractConnector (AbstractConnector.java:doStart(278)) - Started ServerConnector@417bfebd{HTTP/1.1,[http/1.1]}{0.0.0.0:35823}
2019-07-14 08:47:53,841 INFO  server.Server (Server.java:doStart(419)) - Started @62105ms
2019-07-14 08:47:53,842 INFO  server.BaseHttpServer (BaseHttpServer.java:updateConnectorAddress(207)) - HTTP server of HDDSDATANODE is listening at http://0.0.0.0:35823
2019-07-14 08:47:54,001 INFO  ozone.HddsDatanodeService (HddsDatanodeService.java:startPlugins(396)) - Started plug-in org.apache.hadoop.ozone.web.OzoneHddsDatanodeService@9499643
2019-07-14 08:47:54,004 INFO  impl.MetricsSystemImpl (MetricsSystemImpl.java:init(158)) - HddsDatanode metrics system started (again)
2019-07-14 08:47:54,005 INFO  ozone.HddsDatanodeService (HddsDatanodeService.java:start(185)) - HddsDatanodeService host:trunk-nightly-5z2vd-27108033 ip:192.168.5.191
2019-07-14 08:47:54,006 INFO  util.JvmPauseMonitor (JvmPauseMonitor.java:run(188)) - Starting JVM pause monitor
2019-07-14 08:47:54,009 INFO  datanode.InitDatanodeState (InitDatanodeState.java:persistContainerDatanodeDetails(140)) - DatanodeDetails is persisted to /workdir/hadoop-ozone/integration-test/target/test-dir/MiniOzoneClusterImpl-813f4eb2-d14a-42d0-ab02-1d0f0e18d9f3/datanode-1/meta/datanode.id
2019-07-14 08:47:54,017 INFO  volume.HddsVolume (HddsVolume.java:<init>(176)) - Creating Volume: /workdir/hadoop-ozone/integration-test/target/test-dir/MiniOzoneClusterImpl-813f4eb2-d14a-42d0-ab02-1d0f0e18d9f3/datanode-2/data/containers/hdds of  storage type : DISK and capacity : 52710309888
2019-07-14 08:47:54,018 INFO  volume.VolumeSet (VolumeSet.java:initializeVolumeSet(170)) - Added Volume : /workdir/hadoop-ozone/integration-test/target/test-dir/MiniOzoneClusterImpl-813f4eb2-d14a-42d0-ab02-1d0f0e18d9f3/datanode-2/data/containers/hdds to VolumeSet
2019-07-14 08:47:54,018 INFO  volume.ThrottledAsyncChecker (ThrottledAsyncChecker.java:schedule(140)) - Scheduling a check for org.apache.hadoop.ozone.container.common.volume.HddsVolume@d5a72cd
2019-07-14 08:47:54,019 INFO  volume.HddsVolumeChecker (HddsVolumeChecker.java:checkAllVolumes(203)) - Scheduled health check for volume org.apache.hadoop.ozone.container.common.volume.HddsVolume@d5a72cd
2019-07-14 08:47:54,042 INFO  impl.RaftServerProxy (ConfUtils.java:logGet(43)) - raft.rpc.type = GRPC (default)
2019-07-14 08:47:54,043 INFO  grpc.GrpcFactory (GrpcFactory.java:checkPooledByteBufAllocatorUseCacheForAllThreads(45)) - PERFORMANCE WARNING: useCacheForAllThreads is true that may cause Netty to create a lot garbage objects and, as a result, trigger GC.
	It is recommended to disable useCacheForAllThreads by setting -Dorg.apache.ratis.thirdparty.io.netty.allocator.useCacheForAllThreads=false in command line.
2019-07-14 08:47:54,043 INFO  grpc.GrpcConfigKeys$Server (ConfUtils.java:logGet(43)) - raft.grpc.server.port = 0 (default)
2019-07-14 08:47:54,044 INFO  server.GrpcService (ConfUtils.java:logGet(43)) - raft.grpc.message.size.max = 33570816 (custom)
2019-07-14 08:47:54,044 INFO  server.RaftServerConfigKeys (ConfUtils.java:logGet(43)) - raft.server.log.appender.buffer.byte-limit = 33554432 (custom)
2019-07-14 08:47:54,044 INFO  server.GrpcService (ConfUtils.java:logGet(43)) - raft.grpc.flow.control.window = 1MB (=1048576) (default)
2019-07-14 08:47:54,044 INFO  server.RaftServerConfigKeys (ConfUtils.java:logGet(43)) - raft.server.rpc.request.timeout = 3000ms (default)
2019-07-14 08:47:54,045 INFO  server.RaftServerConfigKeys (ConfUtils.java:logGet(43)) - raft.server.storage.dir = [/workdir/hadoop-ozone/integration-test/target/test-dir/MiniOzoneClusterImpl-813f4eb2-d14a-42d0-ab02-1d0f0e18d9f3/datanode-2/data/ratis] (custom)
2019-07-14 08:47:54,046 INFO  replication.SimpleContainerDownloader (SimpleContainerDownloader.java:<init>(72)) - Starting container downloader service to copy containers to replicate.
2019-07-14 08:47:54,047 INFO  hdfs.DFSUtil (DFSUtil.java:httpServerTemplateForNNAndJN(1641)) - Starting Web-server for hddsDatanode at: http://0.0.0.0:0
2019-07-14 08:47:54,049 INFO  server.AuthenticationFilter (AuthenticationFilter.java:constructSecretProvider(240)) - Unable to initialize FileSignerSecretProvider, falling back to use random secrets.
2019-07-14 08:47:54,050 WARN  http.HttpRequestLog (HttpRequestLog.java:getRequestLog(97)) - Jetty request log can only be enabled using Log4j
2019-07-14 08:47:54,051 INFO  http.HttpServer2 (HttpServer2.java:addGlobalFilter(975)) - Added global filter 'safety' (class=org.apache.hadoop.http.HttpServer2$QuotingInputFilter)
2019-07-14 08:47:54,052 INFO  http.HttpServer2 (HttpServer2.java:addFilter(948)) - Added filter static_user_filter (class=org.apache.hadoop.http.lib.StaticUserWebFilter$StaticUserFilter) to context hddsDatanode
2019-07-14 08:47:54,052 INFO  http.HttpServer2 (HttpServer2.java:addFilter(958)) - Added filter static_user_filter (class=org.apache.hadoop.http.lib.StaticUserWebFilter$StaticUserFilter) to context static
2019-07-14 08:47:54,052 INFO  http.HttpServer2 (HttpServer2.java:addFilter(958)) - Added filter static_user_filter (class=org.apache.hadoop.http.lib.StaticUserWebFilter$StaticUserFilter) to context logs
2019-07-14 08:47:54,053 INFO  http.HttpServer2 (HttpServer2.java:bindListener(1191)) - Jetty bound to port 40095
2019-07-14 08:47:54,053 INFO  server.Server (Server.java:doStart(351)) - jetty-9.3.24.v20180605, build timestamp: 2018-06-05T17:11:56Z, git hash: 84205aa28f11a4f31f2a3b86d1bba2cc8ab69827
2019-07-14 08:47:54,055 INFO  handler.ContextHandler (ContextHandler.java:doStart(781)) - Started o.e.j.s.ServletContextHandler@6dbeaef8{/logs,file:///workdir/hadoop-ozone/integration-test/target/log,AVAILABLE}
2019-07-14 08:47:54,056 INFO  handler.ContextHandler (ContextHandler.java:doStart(781)) - Started o.e.j.s.ServletContextHandler@77f529a6{/static,jar:file:/home/user/.m2/repository/org/apache/hadoop/hadoop-hdds-container-service/0.5.0-SNAPSHOT/hadoop-hdds-container-service-0.5.0-SNAPSHOT.jar!/webapps/static,AVAILABLE}
2019-07-14 08:47:54,088 INFO  handler.ContextHandler (ContextHandler.java:doStart(781)) - Started o.e.j.w.WebAppContext@2ff8d39b{/,file:///tmp/jetty-0.0.0.0-40095-hddsDatanode-_-any-5374197357613949612.dir/webapp/,AVAILABLE}{/hddsDatanode}
2019-07-14 08:47:54,088 INFO  server.AbstractConnector (AbstractConnector.java:doStart(278)) - Started ServerConnector@684a802a{HTTP/1.1,[http/1.1]}{0.0.0.0:40095}
2019-07-14 08:47:54,093 INFO  server.Server (Server.java:doStart(419)) - Started @62357ms
2019-07-14 08:47:54,094 INFO  server.BaseHttpServer (BaseHttpServer.java:updateConnectorAddress(207)) - HTTP server of HDDSDATANODE is listening at http://0.0.0.0:40095
2019-07-14 08:47:54,256 INFO  ozone.HddsDatanodeService (HddsDatanodeService.java:startPlugins(396)) - Started plug-in org.apache.hadoop.ozone.web.OzoneHddsDatanodeService@40fee459
2019-07-14 08:47:54,257 INFO  impl.MetricsSystemImpl (MetricsSystemImpl.java:init(158)) - HddsDatanode metrics system started (again)
2019-07-14 08:47:54,257 INFO  ozone.HddsDatanodeService (HddsDatanodeService.java:start(185)) - HddsDatanodeService host:trunk-nightly-5z2vd-27108033 ip:192.168.5.191
2019-07-14 08:47:54,258 INFO  util.JvmPauseMonitor (JvmPauseMonitor.java:run(188)) - Starting JVM pause monitor
2019-07-14 08:47:54,261 INFO  datanode.InitDatanodeState (InitDatanodeState.java:persistContainerDatanodeDetails(140)) - DatanodeDetails is persisted to /workdir/hadoop-ozone/integration-test/target/test-dir/MiniOzoneClusterImpl-813f4eb2-d14a-42d0-ab02-1d0f0e18d9f3/datanode-2/meta/datanode.id
2019-07-14 08:47:54,270 INFO  volume.HddsVolume (HddsVolume.java:<init>(176)) - Creating Volume: /workdir/hadoop-ozone/integration-test/target/test-dir/MiniOzoneClusterImpl-813f4eb2-d14a-42d0-ab02-1d0f0e18d9f3/datanode-3/data/containers/hdds of  storage type : DISK and capacity : 52710309888
2019-07-14 08:47:54,270 INFO  volume.VolumeSet (VolumeSet.java:initializeVolumeSet(170)) - Added Volume : /workdir/hadoop-ozone/integration-test/target/test-dir/MiniOzoneClusterImpl-813f4eb2-d14a-42d0-ab02-1d0f0e18d9f3/datanode-3/data/containers/hdds to VolumeSet
2019-07-14 08:47:54,271 INFO  volume.ThrottledAsyncChecker (ThrottledAsyncChecker.java:schedule(140)) - Scheduling a check for org.apache.hadoop.ozone.container.common.volume.HddsVolume@2c978637
2019-07-14 08:47:54,271 INFO  volume.HddsVolumeChecker (HddsVolumeChecker.java:checkAllVolumes(203)) - Scheduled health check for volume org.apache.hadoop.ozone.container.common.volume.HddsVolume@2c978637
2019-07-14 08:47:54,293 INFO  impl.RaftServerProxy (ConfUtils.java:logGet(43)) - raft.rpc.type = GRPC (default)
2019-07-14 08:47:54,294 INFO  grpc.GrpcFactory (GrpcFactory.java:checkPooledByteBufAllocatorUseCacheForAllThreads(45)) - PERFORMANCE WARNING: useCacheForAllThreads is true that may cause Netty to create a lot garbage objects and, as a result, trigger GC.
	It is recommended to disable useCacheForAllThreads by setting -Dorg.apache.ratis.thirdparty.io.netty.allocator.useCacheForAllThreads=false in command line.
2019-07-14 08:47:54,294 INFO  grpc.GrpcConfigKeys$Server (ConfUtils.java:logGet(43)) - raft.grpc.server.port = 0 (default)
2019-07-14 08:47:54,294 INFO  server.GrpcService (ConfUtils.java:logGet(43)) - raft.grpc.message.size.max = 33570816 (custom)
2019-07-14 08:47:54,295 INFO  server.RaftServerConfigKeys (ConfUtils.java:logGet(43)) - raft.server.log.appender.buffer.byte-limit = 33554432 (custom)
2019-07-14 08:47:54,295 INFO  server.GrpcService (ConfUtils.java:logGet(43)) - raft.grpc.flow.control.window = 1MB (=1048576) (default)
2019-07-14 08:47:54,295 INFO  server.RaftServerConfigKeys (ConfUtils.java:logGet(43)) - raft.server.rpc.request.timeout = 3000ms (default)
2019-07-14 08:47:54,296 INFO  server.RaftServerConfigKeys (ConfUtils.java:logGet(43)) - raft.server.storage.dir = [/workdir/hadoop-ozone/integration-test/target/test-dir/MiniOzoneClusterImpl-813f4eb2-d14a-42d0-ab02-1d0f0e18d9f3/datanode-3/data/ratis] (custom)
2019-07-14 08:47:54,296 INFO  replication.SimpleContainerDownloader (SimpleContainerDownloader.java:<init>(72)) - Starting container downloader service to copy containers to replicate.
2019-07-14 08:47:54,298 INFO  hdfs.DFSUtil (DFSUtil.java:httpServerTemplateForNNAndJN(1641)) - Starting Web-server for hddsDatanode at: http://0.0.0.0:0
2019-07-14 08:47:54,300 INFO  server.AuthenticationFilter (AuthenticationFilter.java:constructSecretProvider(240)) - Unable to initialize FileSignerSecretProvider, falling back to use random secrets.
2019-07-14 08:47:54,300 WARN  http.HttpRequestLog (HttpRequestLog.java:getRequestLog(97)) - Jetty request log can only be enabled using Log4j
2019-07-14 08:47:54,302 INFO  http.HttpServer2 (HttpServer2.java:addGlobalFilter(975)) - Added global filter 'safety' (class=org.apache.hadoop.http.HttpServer2$QuotingInputFilter)
2019-07-14 08:47:54,303 INFO  http.HttpServer2 (HttpServer2.java:addFilter(948)) - Added filter static_user_filter (class=org.apache.hadoop.http.lib.StaticUserWebFilter$StaticUserFilter) to context hddsDatanode
2019-07-14 08:47:54,303 INFO  http.HttpServer2 (HttpServer2.java:addFilter(958)) - Added filter static_user_filter (class=org.apache.hadoop.http.lib.StaticUserWebFilter$StaticUserFilter) to context logs
2019-07-14 08:47:54,303 INFO  http.HttpServer2 (HttpServer2.java:addFilter(958)) - Added filter static_user_filter (class=org.apache.hadoop.http.lib.StaticUserWebFilter$StaticUserFilter) to context static
2019-07-14 08:47:54,304 INFO  http.HttpServer2 (HttpServer2.java:bindListener(1191)) - Jetty bound to port 41804
2019-07-14 08:47:54,304 INFO  server.Server (Server.java:doStart(351)) - jetty-9.3.24.v20180605, build timestamp: 2018-06-05T17:11:56Z, git hash: 84205aa28f11a4f31f2a3b86d1bba2cc8ab69827
2019-07-14 08:47:54,307 INFO  handler.ContextHandler (ContextHandler.java:doStart(781)) - Started o.e.j.s.ServletContextHandler@5c316230{/logs,file:///workdir/hadoop-ozone/integration-test/target/log,AVAILABLE}
2019-07-14 08:47:54,308 INFO  handler.ContextHandler (ContextHandler.java:doStart(781)) - Started o.e.j.s.ServletContextHandler@10ba9780{/static,jar:file:/home/user/.m2/repository/org/apache/hadoop/hadoop-hdds-container-service/0.5.0-SNAPSHOT/hadoop-hdds-container-service-0.5.0-SNAPSHOT.jar!/webapps/static,AVAILABLE}
2019-07-14 08:47:54,349 INFO  handler.ContextHandler (ContextHandler.java:doStart(781)) - Started o.e.j.w.WebAppContext@7c4a03a{/,file:///tmp/jetty-0.0.0.0-41804-hddsDatanode-_-any-3496458254635056062.dir/webapp/,AVAILABLE}{/hddsDatanode}
2019-07-14 08:47:54,350 INFO  server.AbstractConnector (AbstractConnector.java:doStart(278)) - Started ServerConnector@63b58ff4{HTTP/1.1,[http/1.1]}{0.0.0.0:41804}
2019-07-14 08:47:54,353 INFO  server.Server (Server.java:doStart(419)) - Started @62617ms
2019-07-14 08:47:54,354 INFO  server.BaseHttpServer (BaseHttpServer.java:updateConnectorAddress(207)) - HTTP server of HDDSDATANODE is listening at http://0.0.0.0:41804
2019-07-14 08:47:54,473 INFO  ozone.HddsDatanodeService (HddsDatanodeService.java:startPlugins(396)) - Started plug-in org.apache.hadoop.ozone.web.OzoneHddsDatanodeService@38d4488c
2019-07-14 08:47:54,473 INFO  impl.MetricsSystemImpl (MetricsSystemImpl.java:init(158)) - HddsDatanode metrics system started (again)
2019-07-14 08:47:54,473 INFO  ozone.HddsDatanodeService (HddsDatanodeService.java:start(185)) - HddsDatanodeService host:trunk-nightly-5z2vd-27108033 ip:192.168.5.191
2019-07-14 08:47:54,474 INFO  util.JvmPauseMonitor (JvmPauseMonitor.java:run(188)) - Starting JVM pause monitor
2019-07-14 08:47:54,477 INFO  datanode.InitDatanodeState (InitDatanodeState.java:persistContainerDatanodeDetails(140)) - DatanodeDetails is persisted to /workdir/hadoop-ozone/integration-test/target/test-dir/MiniOzoneClusterImpl-813f4eb2-d14a-42d0-ab02-1d0f0e18d9f3/datanode-3/meta/datanode.id
2019-07-14 08:47:54,498 INFO  volume.HddsVolume (HddsVolume.java:<init>(176)) - Creating Volume: /workdir/hadoop-ozone/integration-test/target/test-dir/MiniOzoneClusterImpl-813f4eb2-d14a-42d0-ab02-1d0f0e18d9f3/datanode-4/data/containers/hdds of  storage type : DISK and capacity : 52710309888
2019-07-14 08:47:54,498 INFO  volume.VolumeSet (VolumeSet.java:initializeVolumeSet(170)) - Added Volume : /workdir/hadoop-ozone/integration-test/target/test-dir/MiniOzoneClusterImpl-813f4eb2-d14a-42d0-ab02-1d0f0e18d9f3/datanode-4/data/containers/hdds to VolumeSet
2019-07-14 08:47:54,498 INFO  volume.ThrottledAsyncChecker (ThrottledAsyncChecker.java:schedule(140)) - Scheduling a check for org.apache.hadoop.ozone.container.common.volume.HddsVolume@31c56721
2019-07-14 08:47:54,499 INFO  volume.HddsVolumeChecker (HddsVolumeChecker.java:checkAllVolumes(203)) - Scheduled health check for volume org.apache.hadoop.ozone.container.common.volume.HddsVolume@31c56721
2019-07-14 08:47:54,517 INFO  impl.RaftServerProxy (ConfUtils.java:logGet(43)) - raft.rpc.type = GRPC (default)
2019-07-14 08:47:54,517 INFO  grpc.GrpcFactory (GrpcFactory.java:checkPooledByteBufAllocatorUseCacheForAllThreads(45)) - PERFORMANCE WARNING: useCacheForAllThreads is true that may cause Netty to create a lot garbage objects and, as a result, trigger GC.
	It is recommended to disable useCacheForAllThreads by setting -Dorg.apache.ratis.thirdparty.io.netty.allocator.useCacheForAllThreads=false in command line.
2019-07-14 08:47:54,517 INFO  grpc.GrpcConfigKeys$Server (ConfUtils.java:logGet(43)) - raft.grpc.server.port = 0 (default)
2019-07-14 08:47:54,517 INFO  server.GrpcService (ConfUtils.java:logGet(43)) - raft.grpc.message.size.max = 33570816 (custom)
2019-07-14 08:47:54,518 INFO  server.RaftServerConfigKeys (ConfUtils.java:logGet(43)) - raft.server.log.appender.buffer.byte-limit = 33554432 (custom)
2019-07-14 08:47:54,518 INFO  server.GrpcService (ConfUtils.java:logGet(43)) - raft.grpc.flow.control.window = 1MB (=1048576) (default)
2019-07-14 08:47:54,518 INFO  server.RaftServerConfigKeys (ConfUtils.java:logGet(43)) - raft.server.rpc.request.timeout = 3000ms (default)
2019-07-14 08:47:54,518 INFO  server.RaftServerConfigKeys (ConfUtils.java:logGet(43)) - raft.server.storage.dir = [/workdir/hadoop-ozone/integration-test/target/test-dir/MiniOzoneClusterImpl-813f4eb2-d14a-42d0-ab02-1d0f0e18d9f3/datanode-4/data/ratis] (custom)
2019-07-14 08:47:54,519 INFO  replication.SimpleContainerDownloader (SimpleContainerDownloader.java:<init>(72)) - Starting container downloader service to copy containers to replicate.
2019-07-14 08:47:54,520 INFO  hdfs.DFSUtil (DFSUtil.java:httpServerTemplateForNNAndJN(1641)) - Starting Web-server for hddsDatanode at: http://0.0.0.0:0
2019-07-14 08:47:54,521 INFO  server.AuthenticationFilter (AuthenticationFilter.java:constructSecretProvider(240)) - Unable to initialize FileSignerSecretProvider, falling back to use random secrets.
2019-07-14 08:47:54,522 WARN  http.HttpRequestLog (HttpRequestLog.java:getRequestLog(97)) - Jetty request log can only be enabled using Log4j
2019-07-14 08:47:54,523 INFO  http.HttpServer2 (HttpServer2.java:addGlobalFilter(975)) - Added global filter 'safety' (class=org.apache.hadoop.http.HttpServer2$QuotingInputFilter)
2019-07-14 08:47:54,523 INFO  http.HttpServer2 (HttpServer2.java:addFilter(948)) - Added filter static_user_filter (class=org.apache.hadoop.http.lib.StaticUserWebFilter$StaticUserFilter) to context hddsDatanode
2019-07-14 08:47:54,524 INFO  http.HttpServer2 (HttpServer2.java:addFilter(958)) - Added filter static_user_filter (class=org.apache.hadoop.http.lib.StaticUserWebFilter$StaticUserFilter) to context static
2019-07-14 08:47:54,524 INFO  http.HttpServer2 (HttpServer2.java:addFilter(958)) - Added filter static_user_filter (class=org.apache.hadoop.http.lib.StaticUserWebFilter$StaticUserFilter) to context logs
2019-07-14 08:47:54,524 INFO  http.HttpServer2 (HttpServer2.java:bindListener(1191)) - Jetty bound to port 39520
2019-07-14 08:47:54,524 INFO  server.Server (Server.java:doStart(351)) - jetty-9.3.24.v20180605, build timestamp: 2018-06-05T17:11:56Z, git hash: 84205aa28f11a4f31f2a3b86d1bba2cc8ab69827
2019-07-14 08:47:54,526 INFO  handler.ContextHandler (ContextHandler.java:doStart(781)) - Started o.e.j.s.ServletContextHandler@2e64ae1a{/logs,file:///workdir/hadoop-ozone/integration-test/target/log,AVAILABLE}
2019-07-14 08:47:54,527 INFO  handler.ContextHandler (ContextHandler.java:doStart(781)) - Started o.e.j.s.ServletContextHandler@30a20fb3{/static,jar:file:/home/user/.m2/repository/org/apache/hadoop/hadoop-hdds-container-service/0.5.0-SNAPSHOT/hadoop-hdds-container-service-0.5.0-SNAPSHOT.jar!/webapps/static,AVAILABLE}
2019-07-14 08:47:54,555 INFO  handler.ContextHandler (ContextHandler.java:doStart(781)) - Started o.e.j.w.WebAppContext@574327ed{/,file:///tmp/jetty-0.0.0.0-39520-hddsDatanode-_-any-5053211238259144334.dir/webapp/,AVAILABLE}{/hddsDatanode}
2019-07-14 08:47:54,555 INFO  server.AbstractConnector (AbstractConnector.java:doStart(278)) - Started ServerConnector@4c7f2fdb{HTTP/1.1,[http/1.1]}{0.0.0.0:39520}
2019-07-14 08:47:54,558 INFO  server.Server (Server.java:doStart(419)) - Started @62822ms
2019-07-14 08:47:54,559 INFO  server.BaseHttpServer (BaseHttpServer.java:updateConnectorAddress(207)) - HTTP server of HDDSDATANODE is listening at http://0.0.0.0:39520
2019-07-14 08:47:54,672 INFO  ozone.HddsDatanodeService (HddsDatanodeService.java:startPlugins(396)) - Started plug-in org.apache.hadoop.ozone.web.OzoneHddsDatanodeService@3fe5ad73
2019-07-14 08:47:54,673 INFO  impl.MetricsSystemImpl (MetricsSystemImpl.java:init(158)) - HddsDatanode metrics system started (again)
2019-07-14 08:47:54,673 INFO  ozone.HddsDatanodeService (HddsDatanodeService.java:start(185)) - HddsDatanodeService host:trunk-nightly-5z2vd-27108033 ip:192.168.5.191
2019-07-14 08:47:54,674 INFO  util.JvmPauseMonitor (JvmPauseMonitor.java:run(188)) - Starting JVM pause monitor
2019-07-14 08:47:54,677 INFO  datanode.InitDatanodeState (InitDatanodeState.java:persistContainerDatanodeDetails(140)) - DatanodeDetails is persisted to /workdir/hadoop-ozone/integration-test/target/test-dir/MiniOzoneClusterImpl-813f4eb2-d14a-42d0-ab02-1d0f0e18d9f3/datanode-4/meta/datanode.id
2019-07-14 08:47:54,696 INFO  volume.HddsVolume (HddsVolume.java:<init>(176)) - Creating Volume: /workdir/hadoop-ozone/integration-test/target/test-dir/MiniOzoneClusterImpl-813f4eb2-d14a-42d0-ab02-1d0f0e18d9f3/datanode-5/data/containers/hdds of  storage type : DISK and capacity : 52710309888
2019-07-14 08:47:54,696 INFO  volume.VolumeSet (VolumeSet.java:initializeVolumeSet(170)) - Added Volume : /workdir/hadoop-ozone/integration-test/target/test-dir/MiniOzoneClusterImpl-813f4eb2-d14a-42d0-ab02-1d0f0e18d9f3/datanode-5/data/containers/hdds to VolumeSet
2019-07-14 08:47:54,696 INFO  volume.ThrottledAsyncChecker (ThrottledAsyncChecker.java:schedule(140)) - Scheduling a check for org.apache.hadoop.ozone.container.common.volume.HddsVolume@1dd9a3ae
2019-07-14 08:47:54,697 INFO  volume.HddsVolumeChecker (HddsVolumeChecker.java:checkAllVolumes(203)) - Scheduled health check for volume org.apache.hadoop.ozone.container.common.volume.HddsVolume@1dd9a3ae
2019-07-14 08:47:54,717 INFO  impl.RaftServerProxy (ConfUtils.java:logGet(43)) - raft.rpc.type = GRPC (default)
2019-07-14 08:47:54,717 INFO  grpc.GrpcFactory (GrpcFactory.java:checkPooledByteBufAllocatorUseCacheForAllThreads(45)) - PERFORMANCE WARNING: useCacheForAllThreads is true that may cause Netty to create a lot garbage objects and, as a result, trigger GC.
	It is recommended to disable useCacheForAllThreads by setting -Dorg.apache.ratis.thirdparty.io.netty.allocator.useCacheForAllThreads=false in command line.
2019-07-14 08:47:54,717 INFO  grpc.GrpcConfigKeys$Server (ConfUtils.java:logGet(43)) - raft.grpc.server.port = 0 (default)
2019-07-14 08:47:54,717 INFO  server.GrpcService (ConfUtils.java:logGet(43)) - raft.grpc.message.size.max = 33570816 (custom)
2019-07-14 08:47:54,718 INFO  server.RaftServerConfigKeys (ConfUtils.java:logGet(43)) - raft.server.log.appender.buffer.byte-limit = 33554432 (custom)
2019-07-14 08:47:54,718 INFO  server.GrpcService (ConfUtils.java:logGet(43)) - raft.grpc.flow.control.window = 1MB (=1048576) (default)
2019-07-14 08:47:54,718 INFO  server.RaftServerConfigKeys (ConfUtils.java:logGet(43)) - raft.server.rpc.request.timeout = 3000ms (default)
2019-07-14 08:47:54,719 INFO  server.RaftServerConfigKeys (ConfUtils.java:logGet(43)) - raft.server.storage.dir = [/workdir/hadoop-ozone/integration-test/target/test-dir/MiniOzoneClusterImpl-813f4eb2-d14a-42d0-ab02-1d0f0e18d9f3/datanode-5/data/ratis] (custom)
2019-07-14 08:47:54,719 INFO  replication.SimpleContainerDownloader (SimpleContainerDownloader.java:<init>(72)) - Starting container downloader service to copy containers to replicate.
2019-07-14 08:47:54,720 INFO  hdfs.DFSUtil (DFSUtil.java:httpServerTemplateForNNAndJN(1641)) - Starting Web-server for hddsDatanode at: http://0.0.0.0:0
2019-07-14 08:47:54,722 INFO  server.AuthenticationFilter (AuthenticationFilter.java:constructSecretProvider(240)) - Unable to initialize FileSignerSecretProvider, falling back to use random secrets.
2019-07-14 08:47:54,722 WARN  http.HttpRequestLog (HttpRequestLog.java:getRequestLog(97)) - Jetty request log can only be enabled using Log4j
2019-07-14 08:47:54,723 INFO  http.HttpServer2 (HttpServer2.java:addGlobalFilter(975)) - Added global filter 'safety' (class=org.apache.hadoop.http.HttpServer2$QuotingInputFilter)
2019-07-14 08:47:54,724 INFO  http.HttpServer2 (HttpServer2.java:addFilter(948)) - Added filter static_user_filter (class=org.apache.hadoop.http.lib.StaticUserWebFilter$StaticUserFilter) to context hddsDatanode
2019-07-14 08:47:54,724 INFO  http.HttpServer2 (HttpServer2.java:addFilter(958)) - Added filter static_user_filter (class=org.apache.hadoop.http.lib.StaticUserWebFilter$StaticUserFilter) to context logs
2019-07-14 08:47:54,724 INFO  http.HttpServer2 (HttpServer2.java:addFilter(958)) - Added filter static_user_filter (class=org.apache.hadoop.http.lib.StaticUserWebFilter$StaticUserFilter) to context static
2019-07-14 08:47:54,725 INFO  http.HttpServer2 (HttpServer2.java:bindListener(1191)) - Jetty bound to port 43699
2019-07-14 08:47:54,725 INFO  server.Server (Server.java:doStart(351)) - jetty-9.3.24.v20180605, build timestamp: 2018-06-05T17:11:56Z, git hash: 84205aa28f11a4f31f2a3b86d1bba2cc8ab69827
2019-07-14 08:47:54,727 INFO  handler.ContextHandler (ContextHandler.java:doStart(781)) - Started o.e.j.s.ServletContextHandler@47666b39{/logs,file:///workdir/hadoop-ozone/integration-test/target/log,AVAILABLE}
2019-07-14 08:47:54,727 INFO  handler.ContextHandler (ContextHandler.java:doStart(781)) - Started o.e.j.s.ServletContextHandler@6c8672b9{/static,jar:file:/home/user/.m2/repository/org/apache/hadoop/hadoop-hdds-container-service/0.5.0-SNAPSHOT/hadoop-hdds-container-service-0.5.0-SNAPSHOT.jar!/webapps/static,AVAILABLE}
2019-07-14 08:47:54,756 INFO  handler.ContextHandler (ContextHandler.java:doStart(781)) - Started o.e.j.w.WebAppContext@55574295{/,file:///tmp/jetty-0.0.0.0-43699-hddsDatanode-_-any-2573945892383912261.dir/webapp/,AVAILABLE}{/hddsDatanode}
2019-07-14 08:47:54,756 INFO  server.AbstractConnector (AbstractConnector.java:doStart(278)) - Started ServerConnector@750457a5{HTTP/1.1,[http/1.1]}{0.0.0.0:43699}
2019-07-14 08:47:54,760 INFO  server.Server (Server.java:doStart(419)) - Started @63023ms
2019-07-14 08:47:54,760 INFO  server.BaseHttpServer (BaseHttpServer.java:updateConnectorAddress(207)) - HTTP server of HDDSDATANODE is listening at http://0.0.0.0:43699
2019-07-14 08:47:54,897 INFO  ozone.HddsDatanodeService (HddsDatanodeService.java:startPlugins(396)) - Started plug-in org.apache.hadoop.ozone.web.OzoneHddsDatanodeService@39a30d1a
2019-07-14 08:47:54,897 INFO  impl.MetricsSystemImpl (MetricsSystemImpl.java:init(158)) - HddsDatanode metrics system started (again)
2019-07-14 08:47:54,898 INFO  ozone.HddsDatanodeService (HddsDatanodeService.java:start(185)) - HddsDatanodeService host:trunk-nightly-5z2vd-27108033 ip:192.168.5.191
2019-07-14 08:47:54,899 INFO  util.JvmPauseMonitor (JvmPauseMonitor.java:run(188)) - Starting JVM pause monitor
2019-07-14 08:47:54,900 INFO  datanode.InitDatanodeState (InitDatanodeState.java:persistContainerDatanodeDetails(140)) - DatanodeDetails is persisted to /workdir/hadoop-ozone/integration-test/target/test-dir/MiniOzoneClusterImpl-813f4eb2-d14a-42d0-ab02-1d0f0e18d9f3/datanode-5/meta/datanode.id
2019-07-14 08:47:54,912 INFO  volume.HddsVolume (HddsVolume.java:<init>(176)) - Creating Volume: /workdir/hadoop-ozone/integration-test/target/test-dir/MiniOzoneClusterImpl-813f4eb2-d14a-42d0-ab02-1d0f0e18d9f3/datanode-6/data/containers/hdds of  storage type : DISK and capacity : 52710309888
2019-07-14 08:47:54,912 INFO  volume.VolumeSet (VolumeSet.java:initializeVolumeSet(170)) - Added Volume : /workdir/hadoop-ozone/integration-test/target/test-dir/MiniOzoneClusterImpl-813f4eb2-d14a-42d0-ab02-1d0f0e18d9f3/datanode-6/data/containers/hdds to VolumeSet
2019-07-14 08:47:54,912 INFO  volume.ThrottledAsyncChecker (ThrottledAsyncChecker.java:schedule(140)) - Scheduling a check for org.apache.hadoop.ozone.container.common.volume.HddsVolume@58c36104
2019-07-14 08:47:54,913 INFO  volume.HddsVolumeChecker (HddsVolumeChecker.java:checkAllVolumes(203)) - Scheduled health check for volume org.apache.hadoop.ozone.container.common.volume.HddsVolume@58c36104
2019-07-14 08:47:54,934 INFO  impl.RaftServerProxy (ConfUtils.java:logGet(43)) - raft.rpc.type = GRPC (default)
2019-07-14 08:47:54,934 INFO  grpc.GrpcFactory (GrpcFactory.java:checkPooledByteBufAllocatorUseCacheForAllThreads(45)) - PERFORMANCE WARNING: useCacheForAllThreads is true that may cause Netty to create a lot garbage objects and, as a result, trigger GC.
	It is recommended to disable useCacheForAllThreads by setting -Dorg.apache.ratis.thirdparty.io.netty.allocator.useCacheForAllThreads=false in command line.
2019-07-14 08:47:54,935 INFO  grpc.GrpcConfigKeys$Server (ConfUtils.java:logGet(43)) - raft.grpc.server.port = 0 (default)
2019-07-14 08:47:54,935 INFO  server.GrpcService (ConfUtils.java:logGet(43)) - raft.grpc.message.size.max = 33570816 (custom)
2019-07-14 08:47:54,935 INFO  server.RaftServerConfigKeys (ConfUtils.java:logGet(43)) - raft.server.log.appender.buffer.byte-limit = 33554432 (custom)
2019-07-14 08:47:54,935 INFO  server.GrpcService (ConfUtils.java:logGet(43)) - raft.grpc.flow.control.window = 1MB (=1048576) (default)
2019-07-14 08:47:54,936 INFO  server.RaftServerConfigKeys (ConfUtils.java:logGet(43)) - raft.server.rpc.request.timeout = 3000ms (default)
2019-07-14 08:47:54,936 INFO  server.RaftServerConfigKeys (ConfUtils.java:logGet(43)) - raft.server.storage.dir = [/workdir/hadoop-ozone/integration-test/target/test-dir/MiniOzoneClusterImpl-813f4eb2-d14a-42d0-ab02-1d0f0e18d9f3/datanode-6/data/ratis] (custom)
2019-07-14 08:47:54,937 INFO  replication.SimpleContainerDownloader (SimpleContainerDownloader.java:<init>(72)) - Starting container downloader service to copy containers to replicate.
2019-07-14 08:47:54,938 INFO  hdfs.DFSUtil (DFSUtil.java:httpServerTemplateForNNAndJN(1641)) - Starting Web-server for hddsDatanode at: http://0.0.0.0:0
2019-07-14 08:47:54,940 INFO  server.AuthenticationFilter (AuthenticationFilter.java:constructSecretProvider(240)) - Unable to initialize FileSignerSecretProvider, falling back to use random secrets.
2019-07-14 08:47:54,940 WARN  http.HttpRequestLog (HttpRequestLog.java:getRequestLog(97)) - Jetty request log can only be enabled using Log4j
2019-07-14 08:47:54,942 INFO  http.HttpServer2 (HttpServer2.java:addGlobalFilter(975)) - Added global filter 'safety' (class=org.apache.hadoop.http.HttpServer2$QuotingInputFilter)
2019-07-14 08:47:54,942 INFO  http.HttpServer2 (HttpServer2.java:addFilter(948)) - Added filter static_user_filter (class=org.apache.hadoop.http.lib.StaticUserWebFilter$StaticUserFilter) to context hddsDatanode
2019-07-14 08:47:54,943 INFO  http.HttpServer2 (HttpServer2.java:addFilter(958)) - Added filter static_user_filter (class=org.apache.hadoop.http.lib.StaticUserWebFilter$StaticUserFilter) to context logs
2019-07-14 08:47:54,943 INFO  http.HttpServer2 (HttpServer2.java:addFilter(958)) - Added filter static_user_filter (class=org.apache.hadoop.http.lib.StaticUserWebFilter$StaticUserFilter) to context static
2019-07-14 08:47:54,943 INFO  http.HttpServer2 (HttpServer2.java:bindListener(1191)) - Jetty bound to port 40538
2019-07-14 08:47:54,944 INFO  server.Server (Server.java:doStart(351)) - jetty-9.3.24.v20180605, build timestamp: 2018-06-05T17:11:56Z, git hash: 84205aa28f11a4f31f2a3b86d1bba2cc8ab69827
2019-07-14 08:47:54,946 INFO  handler.ContextHandler (ContextHandler.java:doStart(781)) - Started o.e.j.s.ServletContextHandler@5513a46b{/logs,file:///workdir/hadoop-ozone/integration-test/target/log,AVAILABLE}
2019-07-14 08:47:54,946 INFO  handler.ContextHandler (ContextHandler.java:doStart(781)) - Started o.e.j.s.ServletContextHandler@5703c1fb{/static,jar:file:/home/user/.m2/repository/org/apache/hadoop/hadoop-hdds-container-service/0.5.0-SNAPSHOT/hadoop-hdds-container-service-0.5.0-SNAPSHOT.jar!/webapps/static,AVAILABLE}
2019-07-14 08:47:54,980 INFO  handler.ContextHandler (ContextHandler.java:doStart(781)) - Started o.e.j.w.WebAppContext@19de32cb{/,file:///tmp/jetty-0.0.0.0-40538-hddsDatanode-_-any-8555296596178363332.dir/webapp/,AVAILABLE}{/hddsDatanode}
2019-07-14 08:47:54,981 INFO  server.AbstractConnector (AbstractConnector.java:doStart(278)) - Started ServerConnector@7872e91f{HTTP/1.1,[http/1.1]}{0.0.0.0:40538}
2019-07-14 08:47:54,984 INFO  server.Server (Server.java:doStart(419)) - Started @63248ms
2019-07-14 08:47:54,985 INFO  server.BaseHttpServer (BaseHttpServer.java:updateConnectorAddress(207)) - HTTP server of HDDSDATANODE is listening at http://0.0.0.0:40538
2019-07-14 08:47:55,093 INFO  ozone.HddsDatanodeService (HddsDatanodeService.java:startPlugins(396)) - Started plug-in org.apache.hadoop.ozone.web.OzoneHddsDatanodeService@4f1a5b93
2019-07-14 08:47:55,094 INFO  ozone.MiniOzoneClusterImpl (MiniOzoneClusterImpl.java:lambda$waitForClusterToBeReady$0(142)) - Waiting for cluster to be ready. Got 0 of 7 DN Heartbeats.
2019-07-14 08:47:55,095 INFO  util.JvmPauseMonitor (JvmPauseMonitor.java:run(188)) - Starting JVM pause monitor
2019-07-14 08:47:55,097 INFO  datanode.InitDatanodeState (InitDatanodeState.java:persistContainerDatanodeDetails(140)) - DatanodeDetails is persisted to /workdir/hadoop-ozone/integration-test/target/test-dir/MiniOzoneClusterImpl-813f4eb2-d14a-42d0-ab02-1d0f0e18d9f3/datanode-6/meta/datanode.id
2019-07-14 08:47:55,764 INFO  ozoneimpl.OzoneContainer (OzoneContainer.java:start(186)) - Attempting to start container services.
2019-07-14 08:47:55,765 INFO  ozoneimpl.OzoneContainer (OzoneContainer.java:startContainerScrub(160)) - Background container scrubber has been disabled by hdds.containerscrub.enabled
2019-07-14 08:47:55,765 INFO  ratis.XceiverServerRatis (XceiverServerRatis.java:start(418)) - Starting XceiverServerRatis e0e906dc-5934-495b-8920-509eefe19847 at port 0
2019-07-14 08:47:55,772 INFO  impl.RaftServerProxy (RaftServerProxy.java:lambda$start$3(299)) - e0e906dc-5934-495b-8920-509eefe19847: start RPC server
2019-07-14 08:47:55,774 INFO  server.GrpcService (GrpcService.java:startImpl(149)) - e0e906dc-5934-495b-8920-509eefe19847: GrpcService started, listening on 0.0.0.0/0.0.0.0:41252
2019-07-14 08:47:55,774 INFO  ratis.XceiverServerRatis (XceiverServerRatis.java:start(428)) - XceiverServerRatis e0e906dc-5934-495b-8920-509eefe19847 is started using port 41252
2019-07-14 08:47:55,775 INFO  server.XceiverServerGrpc (XceiverServerGrpc.java:start(161)) - XceiverServerGrpc e0e906dc-5934-495b-8920-509eefe19847 is started using port 34064
2019-07-14 08:47:56,021 INFO  ozoneimpl.OzoneContainer (OzoneContainer.java:start(186)) - Attempting to start container services.
2019-07-14 08:47:56,021 INFO  ozoneimpl.OzoneContainer (OzoneContainer.java:startContainerScrub(160)) - Background container scrubber has been disabled by hdds.containerscrub.enabled
2019-07-14 08:47:56,021 INFO  ratis.XceiverServerRatis (XceiverServerRatis.java:start(418)) - Starting XceiverServerRatis 3b534486-5863-40fe-abd3-c4599ce5b3a5 at port 0
2019-07-14 08:47:56,028 INFO  impl.RaftServerProxy (RaftServerProxy.java:lambda$start$3(299)) - 3b534486-5863-40fe-abd3-c4599ce5b3a5: start RPC server
2019-07-14 08:47:56,033 INFO  server.GrpcService (GrpcService.java:startImpl(149)) - 3b534486-5863-40fe-abd3-c4599ce5b3a5: GrpcService started, listening on 0.0.0.0/0.0.0.0:46339
2019-07-14 08:47:56,034 INFO  ratis.XceiverServerRatis (XceiverServerRatis.java:start(428)) - XceiverServerRatis 3b534486-5863-40fe-abd3-c4599ce5b3a5 is started using port 46339
2019-07-14 08:47:56,037 INFO  server.XceiverServerGrpc (XceiverServerGrpc.java:start(161)) - XceiverServerGrpc 3b534486-5863-40fe-abd3-c4599ce5b3a5 is started using port 42459
2019-07-14 08:47:56,094 INFO  ozone.MiniOzoneClusterImpl (MiniOzoneClusterImpl.java:lambda$waitForClusterToBeReady$0(142)) - Waiting for cluster to be ready. Got 0 of 7 DN Heartbeats.
2019-07-14 08:47:56,279 INFO  ozoneimpl.OzoneContainer (OzoneContainer.java:start(186)) - Attempting to start container services.
2019-07-14 08:47:56,279 INFO  ozoneimpl.OzoneContainer (OzoneContainer.java:startContainerScrub(160)) - Background container scrubber has been disabled by hdds.containerscrub.enabled
2019-07-14 08:47:56,279 INFO  ratis.XceiverServerRatis (XceiverServerRatis.java:start(418)) - Starting XceiverServerRatis cc2591a2-a433-42b0-bef9-b70d672d3d27 at port 0
2019-07-14 08:47:56,287 INFO  impl.RaftServerProxy (RaftServerProxy.java:lambda$start$3(299)) - cc2591a2-a433-42b0-bef9-b70d672d3d27: start RPC server
2019-07-14 08:47:56,288 INFO  server.GrpcService (GrpcService.java:startImpl(149)) - cc2591a2-a433-42b0-bef9-b70d672d3d27: GrpcService started, listening on 0.0.0.0/0.0.0.0:44697
2019-07-14 08:47:56,288 INFO  ratis.XceiverServerRatis (XceiverServerRatis.java:start(428)) - XceiverServerRatis cc2591a2-a433-42b0-bef9-b70d672d3d27 is started using port 44697
2019-07-14 08:47:56,289 INFO  server.XceiverServerGrpc (XceiverServerGrpc.java:start(161)) - XceiverServerGrpc cc2591a2-a433-42b0-bef9-b70d672d3d27 is started using port 44520
2019-07-14 08:47:56,487 INFO  ozoneimpl.OzoneContainer (OzoneContainer.java:start(186)) - Attempting to start container services.
2019-07-14 08:47:56,488 INFO  ozoneimpl.OzoneContainer (OzoneContainer.java:startContainerScrub(160)) - Background container scrubber has been disabled by hdds.containerscrub.enabled
2019-07-14 08:47:56,488 INFO  ratis.XceiverServerRatis (XceiverServerRatis.java:start(418)) - Starting XceiverServerRatis 1380dc5f-a290-4284-8a2d-364e76bd8e8a at port 0
2019-07-14 08:47:56,495 INFO  impl.RaftServerProxy (RaftServerProxy.java:lambda$start$3(299)) - 1380dc5f-a290-4284-8a2d-364e76bd8e8a: start RPC server
2019-07-14 08:47:56,496 INFO  server.GrpcService (GrpcService.java:startImpl(149)) - 1380dc5f-a290-4284-8a2d-364e76bd8e8a: GrpcService started, listening on 0.0.0.0/0.0.0.0:45244
2019-07-14 08:47:56,496 INFO  ratis.XceiverServerRatis (XceiverServerRatis.java:start(428)) - XceiverServerRatis 1380dc5f-a290-4284-8a2d-364e76bd8e8a is started using port 45244
2019-07-14 08:47:56,497 INFO  server.XceiverServerGrpc (XceiverServerGrpc.java:start(161)) - XceiverServerGrpc 1380dc5f-a290-4284-8a2d-364e76bd8e8a is started using port 36141
2019-07-14 08:47:56,689 INFO  ozoneimpl.OzoneContainer (OzoneContainer.java:start(186)) - Attempting to start container services.
2019-07-14 08:47:56,689 INFO  ozoneimpl.OzoneContainer (OzoneContainer.java:startContainerScrub(160)) - Background container scrubber has been disabled by hdds.containerscrub.enabled
2019-07-14 08:47:56,690 INFO  ratis.XceiverServerRatis (XceiverServerRatis.java:start(418)) - Starting XceiverServerRatis 0e2566f0-f1df-4e5b-8236-e8a73d3032f4 at port 0
2019-07-14 08:47:56,702 INFO  impl.RaftServerProxy (RaftServerProxy.java:lambda$start$3(299)) - 0e2566f0-f1df-4e5b-8236-e8a73d3032f4: start RPC server
2019-07-14 08:47:56,706 INFO  server.GrpcService (GrpcService.java:startImpl(149)) - 0e2566f0-f1df-4e5b-8236-e8a73d3032f4: GrpcService started, listening on 0.0.0.0/0.0.0.0:41738
2019-07-14 08:47:56,706 INFO  ratis.XceiverServerRatis (XceiverServerRatis.java:start(428)) - XceiverServerRatis 0e2566f0-f1df-4e5b-8236-e8a73d3032f4 is started using port 41738
2019-07-14 08:47:56,711 INFO  server.XceiverServerGrpc (XceiverServerGrpc.java:start(161)) - XceiverServerGrpc 0e2566f0-f1df-4e5b-8236-e8a73d3032f4 is started using port 39208
2019-07-14 08:47:56,905 INFO  ozoneimpl.OzoneContainer (OzoneContainer.java:start(186)) - Attempting to start container services.
2019-07-14 08:47:56,905 INFO  ozoneimpl.OzoneContainer (OzoneContainer.java:startContainerScrub(160)) - Background container scrubber has been disabled by hdds.containerscrub.enabled
2019-07-14 08:47:56,905 INFO  ratis.XceiverServerRatis (XceiverServerRatis.java:start(418)) - Starting XceiverServerRatis d8295262-cae7-48ce-a5c7-414667f70876 at port 0
2019-07-14 08:47:56,914 INFO  impl.RaftServerProxy (RaftServerProxy.java:lambda$start$3(299)) - d8295262-cae7-48ce-a5c7-414667f70876: start RPC server
2019-07-14 08:47:56,914 INFO  server.GrpcService (GrpcService.java:startImpl(149)) - d8295262-cae7-48ce-a5c7-414667f70876: GrpcService started, listening on 0.0.0.0/0.0.0.0:41811
2019-07-14 08:47:56,915 INFO  ratis.XceiverServerRatis (XceiverServerRatis.java:start(428)) - XceiverServerRatis d8295262-cae7-48ce-a5c7-414667f70876 is started using port 41811
2019-07-14 08:47:56,915 INFO  server.XceiverServerGrpc (XceiverServerGrpc.java:start(161)) - XceiverServerGrpc d8295262-cae7-48ce-a5c7-414667f70876 is started using port 42977
2019-07-14 08:47:57,094 INFO  ozone.MiniOzoneClusterImpl (MiniOzoneClusterImpl.java:lambda$waitForClusterToBeReady$0(142)) - Waiting for cluster to be ready. Got 0 of 7 DN Heartbeats.
2019-07-14 08:47:57,102 INFO  ozoneimpl.OzoneContainer (OzoneContainer.java:start(186)) - Attempting to start container services.
2019-07-14 08:47:57,102 INFO  ozoneimpl.OzoneContainer (OzoneContainer.java:startContainerScrub(160)) - Background container scrubber has been disabled by hdds.containerscrub.enabled
2019-07-14 08:47:57,102 INFO  ratis.XceiverServerRatis (XceiverServerRatis.java:start(418)) - Starting XceiverServerRatis 084d1da2-e07b-4a37-b91f-b9c42ce6859b at port 0
2019-07-14 08:47:57,110 INFO  impl.RaftServerProxy (RaftServerProxy.java:lambda$start$3(299)) - 084d1da2-e07b-4a37-b91f-b9c42ce6859b: start RPC server
2019-07-14 08:47:57,111 INFO  server.GrpcService (GrpcService.java:startImpl(149)) - 084d1da2-e07b-4a37-b91f-b9c42ce6859b: GrpcService started, listening on 0.0.0.0/0.0.0.0:34588
2019-07-14 08:47:57,111 INFO  ratis.XceiverServerRatis (XceiverServerRatis.java:start(428)) - XceiverServerRatis 084d1da2-e07b-4a37-b91f-b9c42ce6859b is started using port 34588
2019-07-14 08:47:57,112 INFO  server.XceiverServerGrpc (XceiverServerGrpc.java:start(161)) - XceiverServerGrpc 084d1da2-e07b-4a37-b91f-b9c42ce6859b is started using port 36483
2019-07-14 08:47:57,754 INFO  net.NetworkTopology (NetworkTopologyImpl.java:add(110)) - Added a new node: /default-rack/192.168.5.191
2019-07-14 08:47:57,759 INFO  node.SCMNodeManager (SCMNodeManager.java:register(269)) - Registered Data node : e0e906dc-5934-495b-8920-509eefe19847{ip: 192.168.5.191, host: trunk-nightly-5z2vd-27108033, networkLocation: /default-rack, certSerialId: null}
2019-07-14 08:47:57,760 INFO  safemode.SCMSafeModeManager (DataNodeSafeModeRule.java:process(71)) - SCM in safe mode. 1 DataNodes registered, 1 required.
2019-07-14 08:47:57,764 INFO  safemode.SCMSafeModeManager (SCMSafeModeManager.java:validateSafeModeExitRules(177)) - ScmSafeModeManager, all rules are successfully validated
2019-07-14 08:47:57,764 INFO  safemode.SCMSafeModeManager (SCMSafeModeManager.java:exitSafeMode(193)) - SCM exiting safe mode.
2019-07-14 08:47:57,776 INFO  impl.RaftServerProxy (RaftServerProxy.java:addNew(89)) - e0e906dc-5934-495b-8920-509eefe19847: addNew group-D81253EFF309:[e0e906dc-5934-495b-8920-509eefe19847:192.168.5.191:41252] returns group-D81253EFF309:java.util.concurrent.CompletableFuture@183faa4d[Not completed]
2019-07-14 08:47:57,778 INFO  impl.RaftServerImpl (RaftServerImpl.java:<init>(93)) - e0e906dc-5934-495b-8920-509eefe19847: new RaftServerImpl for group-D81253EFF309:[e0e906dc-5934-495b-8920-509eefe19847:192.168.5.191:41252] with ContainerStateMachine:uninitialized
2019-07-14 08:47:57,778 INFO  server.RaftServerConfigKeys (ConfUtils.java:logGet(43)) - raft.server.rpc.timeout.min = 5s (custom)
2019-07-14 08:47:57,779 INFO  server.RaftServerConfigKeys (ConfUtils.java:logGet(43)) - raft.server.rpc.timeout.max = 5200ms (custom)
2019-07-14 08:47:57,779 INFO  server.RaftServerConfigKeys (ConfUtils.java:logGet(43)) - raft.server.rpcslowness.timeout = 120s (custom)
2019-07-14 08:47:57,779 INFO  server.RaftServerConfigKeys (ConfUtils.java:logGet(43)) - raft.server.sleep.deviation.threshold = 300 (default)
2019-07-14 08:47:57,779 INFO  server.RaftServerConfigKeys (ConfUtils.java:logGet(43)) - raft.server.log.appender.install.snapshot.enabled = false (custom)
2019-07-14 08:47:57,779 INFO  impl.RaftServerImpl (ServerState.java:<init>(105)) - e0e906dc-5934-495b-8920-509eefe19847:group-D81253EFF309 ConfigurationManager, init=-1: [e0e906dc-5934-495b-8920-509eefe19847:192.168.5.191:41252], old=null, confs=<EMPTY_MAP>
2019-07-14 08:47:57,779 INFO  server.RaftServerConfigKeys (ConfUtils.java:logGet(43)) - raft.server.storage.dir = [/workdir/hadoop-ozone/integration-test/target/test-dir/MiniOzoneClusterImpl-813f4eb2-d14a-42d0-ab02-1d0f0e18d9f3/datanode-0/data/ratis] (custom)
2019-07-14 08:47:57,780 INFO  storage.RaftStorageDirectory (RaftStorageDirectory.java:analyzeStorage(246)) - The storage directory /workdir/hadoop-ozone/integration-test/target/test-dir/MiniOzoneClusterImpl-813f4eb2-d14a-42d0-ab02-1d0f0e18d9f3/datanode-0/data/ratis/16996e32-6a8e-40dd-ad2c-d81253eff309 does not exist. Creating ...
2019-07-14 08:47:57,785 INFO  storage.RaftStorageDirectory (RaftStorageDirectory.java:tryLock(328)) - Lock on /workdir/hadoop-ozone/integration-test/target/test-dir/MiniOzoneClusterImpl-813f4eb2-d14a-42d0-ab02-1d0f0e18d9f3/datanode-0/data/ratis/16996e32-6a8e-40dd-ad2c-d81253eff309/in_use.lock acquired by nodename 28443@trunk-nightly-5z2vd-27108033
2019-07-14 08:47:57,789 INFO  storage.RaftStorage (RaftStorage.java:format(72)) - Storage directory /workdir/hadoop-ozone/integration-test/target/test-dir/MiniOzoneClusterImpl-813f4eb2-d14a-42d0-ab02-1d0f0e18d9f3/datanode-0/data/ratis/16996e32-6a8e-40dd-ad2c-d81253eff309 has been successfully formatted.
2019-07-14 08:47:57,789 INFO  ratis.ContainerStateMachine (ContainerStateMachine.java:loadSnapshot(200)) - group-D81253EFF309: The snapshot info is null. Setting the last applied indexto:(t:0, i:~)
2019-07-14 08:47:57,789 INFO  server.RaftServerConfigKeys (ConfUtils.java:logGet(43)) - raft.server.leader.election.timeout = 120s (custom)
2019-07-14 08:47:57,789 INFO  server.RaftServerConfigKeys (ConfUtils.java:logGet(43)) - raft.server.log.use.memory = false (default)
2019-07-14 08:47:57,790 INFO  server.RaftServerConfigKeys (ConfUtils.java:logGet(43)) - raft.server.log.purge.gap = 1000000000 (custom)
2019-07-14 08:47:57,790 INFO  server.RaftServerConfigKeys (ConfUtils.java:logGet(43)) - raft.server.log.appender.buffer.byte-limit = 33554432 (custom)
2019-07-14 08:47:57,790 INFO  server.RaftServerConfigKeys (ConfUtils.java:logGet(43)) - raft.server.log.segment.size.max = 1048576 (custom)
2019-07-14 08:47:57,790 INFO  server.RaftServerConfigKeys (ConfUtils.java:logGet(43)) - raft.server.log.segment.cache.num.max = 2 (custom)
2019-07-14 08:47:57,790 INFO  segmented.SegmentedRaftLogWorker (SegmentedRaftLogWorker.java:<init>(172)) - new e0e906dc-5934-495b-8920-509eefe19847-SegmentedRaftLogWorker:Storage Directory /workdir/hadoop-ozone/integration-test/target/test-dir/MiniOzoneClusterImpl-813f4eb2-d14a-42d0-ab02-1d0f0e18d9f3/datanode-0/data/ratis/16996e32-6a8e-40dd-ad2c-d81253eff309 for RaftStorage:Storage Directory /workdir/hadoop-ozone/integration-test/target/test-dir/MiniOzoneClusterImpl-813f4eb2-d14a-42d0-ab02-1d0f0e18d9f3/datanode-0/data/ratis/16996e32-6a8e-40dd-ad2c-d81253eff309
2019-07-14 08:47:57,791 INFO  server.RaftServerConfigKeys (ConfUtils.java:logGet(43)) - raft.server.log.queue.byte-limit = 2147483647 (custom)
2019-07-14 08:47:57,791 INFO  server.RaftServerConfigKeys (ConfUtils.java:logGet(43)) - raft.server.log.queue.element-limit = 1024 (custom)
2019-07-14 08:47:57,791 INFO  server.RaftServerConfigKeys (ConfUtils.java:logGet(43)) - raft.server.log.segment.size.max = 1048576 (custom)
2019-07-14 08:47:57,791 INFO  server.RaftServerConfigKeys (ConfUtils.java:logGet(43)) - raft.server.log.preallocated.size = 16384 (custom)
2019-07-14 08:47:57,792 INFO  server.RaftServerConfigKeys (ConfUtils.java:logGet(43)) - raft.server.log.write.buffer.size = 33554432 (custom)
2019-07-14 08:47:57,792 INFO  server.RaftServerConfigKeys (ConfUtils.java:logGet(43)) - raft.server.log.force.sync.num = 128 (default)
2019-07-14 08:47:57,792 INFO  server.RaftServerConfigKeys (ConfUtils.java:logGet(43)) - raft.server.log.statemachine.data.sync = true (default)
2019-07-14 08:47:57,792 INFO  server.RaftServerConfigKeys (ConfUtils.java:logGet(43)) - raft.server.log.statemachine.data.sync.timeout = 10s (default)
2019-07-14 08:47:57,792 INFO  server.RaftServerConfigKeys (ConfUtils.java:logGet(43)) - raft.server.log.statemachine.data.sync.timeout.retry = -1 (default)
2019-07-14 08:47:57,793 INFO  server.RaftServerConfigKeys (ConfUtils.java:logGet(43)) - raft.server.log.statemachine.data.caching.enabled = true (custom)
2019-07-14 08:47:57,793 INFO  segmented.SegmentedRaftLogWorker (SegmentedRaftLogWorker.java:lambda$new$0(132)) - e0e906dc-5934-495b-8920-509eefe19847-SegmentedRaftLogWorker:Storage Directory /workdir/hadoop-ozone/integration-test/target/test-dir/MiniOzoneClusterImpl-813f4eb2-d14a-42d0-ab02-1d0f0e18d9f3/datanode-0/data/ratis/16996e32-6a8e-40dd-ad2c-d81253eff309: flushIndex: setUnconditionally 0 -> -1
2019-07-14 08:47:57,793 INFO  server.RaftServerConfigKeys (ConfUtils.java:logGet(43)) - raft.server.snapshot.auto.trigger.enabled = true (custom)
2019-07-14 08:47:57,794 INFO  server.RaftServerConfigKeys (ConfUtils.java:logGet(43)) - raft.server.snapshot.auto.trigger.threshold = 10000 (custom)
2019-07-14 08:47:57,794 INFO  server.RaftServerConfigKeys (ConfUtils.java:logGet(43)) - raft.server.retrycache.expirytime = 600000ms (custom)
2019-07-14 08:47:57,794 INFO  impl.RaftServerImpl (RaftServerImpl.java:start(180)) - e0e906dc-5934-495b-8920-509eefe19847: start group-D81253EFF309
2019-07-14 08:47:57,794 INFO  impl.RaftServerImpl (RaftServerImpl.java:setRole(171)) - e0e906dc-5934-495b-8920-509eefe19847:group-D81253EFF309 changes role from null to FOLLOWER at term 0 for startAsFollower
2019-07-14 08:47:57,794 INFO  impl.RoleInfo (RoleInfo.java:updateAndGet(143)) - e0e906dc-5934-495b-8920-509eefe19847: start FollowerState
2019-07-14 08:47:57,795 INFO  util.JmxRegister (JmxRegister.java:tryRegister(44)) - Successfully registered JMX Bean with object name Ratis:service=RaftServer,group=group-D81253EFF309,id=e0e906dc-5934-495b-8920-509eefe19847
2019-07-14 08:47:57,798 INFO  pipeline.PipelineStateManager (PipelineStateManager.java:addPipeline(56)) - Created pipeline Pipeline[ Id: 16996e32-6a8e-40dd-ad2c-d81253eff309, Nodes: e0e906dc-5934-495b-8920-509eefe19847{ip: 192.168.5.191, host: trunk-nightly-5z2vd-27108033, networkLocation: /default-rack, certSerialId: null}, Type:RATIS, Factor:ONE, State:OPEN]
2019-07-14 08:47:58,007 INFO  node.SCMNodeManager (SCMNodeManager.java:register(269)) - Registered Data node : 3b534486-5863-40fe-abd3-c4599ce5b3a5{ip: 192.168.5.191, host: trunk-nightly-5z2vd-27108033, networkLocation: /default-rack, certSerialId: null}
2019-07-14 08:47:58,055 INFO  impl.RaftServerProxy (RaftServerProxy.java:addNew(89)) - 3b534486-5863-40fe-abd3-c4599ce5b3a5: addNew group-D4BA6EDFED0C:[3b534486-5863-40fe-abd3-c4599ce5b3a5:192.168.5.191:46339] returns group-D4BA6EDFED0C:java.util.concurrent.CompletableFuture@40bc9206[Not completed]
2019-07-14 08:47:58,056 INFO  impl.RaftServerImpl (RaftServerImpl.java:<init>(93)) - 3b534486-5863-40fe-abd3-c4599ce5b3a5: new RaftServerImpl for group-D4BA6EDFED0C:[3b534486-5863-40fe-abd3-c4599ce5b3a5:192.168.5.191:46339] with ContainerStateMachine:uninitialized
2019-07-14 08:47:58,057 INFO  server.RaftServerConfigKeys (ConfUtils.java:logGet(43)) - raft.server.rpc.timeout.min = 5s (custom)
2019-07-14 08:47:58,057 INFO  server.RaftServerConfigKeys (ConfUtils.java:logGet(43)) - raft.server.rpc.timeout.max = 5200ms (custom)
2019-07-14 08:47:58,057 INFO  server.RaftServerConfigKeys (ConfUtils.java:logGet(43)) - raft.server.rpcslowness.timeout = 120s (custom)
2019-07-14 08:47:58,057 INFO  server.RaftServerConfigKeys (ConfUtils.java:logGet(43)) - raft.server.sleep.deviation.threshold = 300 (default)
2019-07-14 08:47:58,057 INFO  server.RaftServerConfigKeys (ConfUtils.java:logGet(43)) - raft.server.log.appender.install.snapshot.enabled = false (custom)
2019-07-14 08:47:58,057 INFO  impl.RaftServerImpl (ServerState.java:<init>(105)) - 3b534486-5863-40fe-abd3-c4599ce5b3a5:group-D4BA6EDFED0C ConfigurationManager, init=-1: [3b534486-5863-40fe-abd3-c4599ce5b3a5:192.168.5.191:46339], old=null, confs=<EMPTY_MAP>
2019-07-14 08:47:58,057 INFO  server.RaftServerConfigKeys (ConfUtils.java:logGet(43)) - raft.server.storage.dir = [/workdir/hadoop-ozone/integration-test/target/test-dir/MiniOzoneClusterImpl-813f4eb2-d14a-42d0-ab02-1d0f0e18d9f3/datanode-1/data/ratis] (custom)
2019-07-14 08:47:58,058 INFO  storage.RaftStorageDirectory (RaftStorageDirectory.java:analyzeStorage(246)) - The storage directory /workdir/hadoop-ozone/integration-test/target/test-dir/MiniOzoneClusterImpl-813f4eb2-d14a-42d0-ab02-1d0f0e18d9f3/datanode-1/data/ratis/fa199370-75ee-43ef-ba3a-d4ba6edfed0c does not exist. Creating ...
2019-07-14 08:47:58,063 INFO  storage.RaftStorageDirectory (RaftStorageDirectory.java:tryLock(328)) - Lock on /workdir/hadoop-ozone/integration-test/target/test-dir/MiniOzoneClusterImpl-813f4eb2-d14a-42d0-ab02-1d0f0e18d9f3/datanode-1/data/ratis/fa199370-75ee-43ef-ba3a-d4ba6edfed0c/in_use.lock acquired by nodename 28443@trunk-nightly-5z2vd-27108033
2019-07-14 08:47:58,067 INFO  storage.RaftStorage (RaftStorage.java:format(72)) - Storage directory /workdir/hadoop-ozone/integration-test/target/test-dir/MiniOzoneClusterImpl-813f4eb2-d14a-42d0-ab02-1d0f0e18d9f3/datanode-1/data/ratis/fa199370-75ee-43ef-ba3a-d4ba6edfed0c has been successfully formatted.
2019-07-14 08:47:58,067 INFO  ratis.ContainerStateMachine (ContainerStateMachine.java:loadSnapshot(200)) - group-D4BA6EDFED0C: The snapshot info is null. Setting the last applied indexto:(t:0, i:~)
2019-07-14 08:47:58,067 INFO  server.RaftServerConfigKeys (ConfUtils.java:logGet(43)) - raft.server.leader.election.timeout = 120s (custom)
2019-07-14 08:47:58,067 INFO  server.RaftServerConfigKeys (ConfUtils.java:logGet(43)) - raft.server.log.use.memory = false (default)
2019-07-14 08:47:58,067 INFO  server.RaftServerConfigKeys (ConfUtils.java:logGet(43)) - raft.server.log.purge.gap = 1000000000 (custom)
2019-07-14 08:47:58,067 INFO  server.RaftServerConfigKeys (ConfUtils.java:logGet(43)) - raft.server.log.appender.buffer.byte-limit = 33554432 (custom)
2019-07-14 08:47:58,068 INFO  server.RaftServerConfigKeys (ConfUtils.java:logGet(43)) - raft.server.log.segment.size.max = 1048576 (custom)
2019-07-14 08:47:58,068 INFO  server.RaftServerConfigKeys (ConfUtils.java:logGet(43)) - raft.server.log.segment.cache.num.max = 2 (custom)
2019-07-14 08:47:58,068 INFO  segmented.SegmentedRaftLogWorker (SegmentedRaftLogWorker.java:<init>(172)) - new 3b534486-5863-40fe-abd3-c4599ce5b3a5-SegmentedRaftLogWorker:Storage Directory /workdir/hadoop-ozone/integration-test/target/test-dir/MiniOzoneClusterImpl-813f4eb2-d14a-42d0-ab02-1d0f0e18d9f3/datanode-1/data/ratis/fa199370-75ee-43ef-ba3a-d4ba6edfed0c for RaftStorage:Storage Directory /workdir/hadoop-ozone/integration-test/target/test-dir/MiniOzoneClusterImpl-813f4eb2-d14a-42d0-ab02-1d0f0e18d9f3/datanode-1/data/ratis/fa199370-75ee-43ef-ba3a-d4ba6edfed0c
2019-07-14 08:47:58,068 INFO  server.RaftServerConfigKeys (ConfUtils.java:logGet(43)) - raft.server.log.queue.byte-limit = 2147483647 (custom)
2019-07-14 08:47:58,068 INFO  server.RaftServerConfigKeys (ConfUtils.java:logGet(43)) - raft.server.log.queue.element-limit = 1024 (custom)
2019-07-14 08:47:58,069 INFO  server.RaftServerConfigKeys (ConfUtils.java:logGet(43)) - raft.server.log.segment.size.max = 1048576 (custom)
2019-07-14 08:47:58,069 INFO  server.RaftServerConfigKeys (ConfUtils.java:logGet(43)) - raft.server.log.preallocated.size = 16384 (custom)
2019-07-14 08:47:58,069 INFO  server.RaftServerConfigKeys (ConfUtils.java:logGet(43)) - raft.server.log.write.buffer.size = 33554432 (custom)
2019-07-14 08:47:58,069 INFO  server.RaftServerConfigKeys (ConfUtils.java:logGet(43)) - raft.server.log.force.sync.num = 128 (default)
2019-07-14 08:47:58,069 INFO  server.RaftServerConfigKeys (ConfUtils.java:logGet(43)) - raft.server.log.statemachine.data.sync = true (default)
2019-07-14 08:47:58,069 INFO  server.RaftServerConfigKeys (ConfUtils.java:logGet(43)) - raft.server.log.statemachine.data.sync.timeout = 10s (default)
2019-07-14 08:47:58,069 INFO  server.RaftServerConfigKeys (ConfUtils.java:logGet(43)) - raft.server.log.statemachine.data.sync.timeout.retry = -1 (default)
2019-07-14 08:47:58,070 INFO  server.RaftServerConfigKeys (ConfUtils.java:logGet(43)) - raft.server.log.statemachine.data.caching.enabled = true (custom)
2019-07-14 08:47:58,070 INFO  segmented.SegmentedRaftLogWorker (SegmentedRaftLogWorker.java:lambda$new$0(132)) - 3b534486-5863-40fe-abd3-c4599ce5b3a5-SegmentedRaftLogWorker:Storage Directory /workdir/hadoop-ozone/integration-test/target/test-dir/MiniOzoneClusterImpl-813f4eb2-d14a-42d0-ab02-1d0f0e18d9f3/datanode-1/data/ratis/fa199370-75ee-43ef-ba3a-d4ba6edfed0c: flushIndex: setUnconditionally 0 -> -1
2019-07-14 08:47:58,070 INFO  server.RaftServerConfigKeys (ConfUtils.java:logGet(43)) - raft.server.snapshot.auto.trigger.enabled = true (custom)
2019-07-14 08:47:58,071 INFO  server.RaftServerConfigKeys (ConfUtils.java:logGet(43)) - raft.server.snapshot.auto.trigger.threshold = 10000 (custom)
2019-07-14 08:47:58,071 INFO  server.RaftServerConfigKeys (ConfUtils.java:logGet(43)) - raft.server.retrycache.expirytime = 600000ms (custom)
2019-07-14 08:47:58,071 INFO  impl.RaftServerImpl (RaftServerImpl.java:start(180)) - 3b534486-5863-40fe-abd3-c4599ce5b3a5: start group-D4BA6EDFED0C
2019-07-14 08:47:58,071 INFO  impl.RaftServerImpl (RaftServerImpl.java:setRole(171)) - 3b534486-5863-40fe-abd3-c4599ce5b3a5:group-D4BA6EDFED0C changes role from null to FOLLOWER at term 0 for startAsFollower
2019-07-14 08:47:58,071 INFO  impl.RoleInfo (RoleInfo.java:updateAndGet(143)) - 3b534486-5863-40fe-abd3-c4599ce5b3a5: start FollowerState
2019-07-14 08:47:58,072 INFO  util.JmxRegister (JmxRegister.java:tryRegister(44)) - Successfully registered JMX Bean with object name Ratis:service=RaftServer,group=group-D4BA6EDFED0C,id=3b534486-5863-40fe-abd3-c4599ce5b3a5
2019-07-14 08:47:58,075 INFO  pipeline.PipelineStateManager (PipelineStateManager.java:addPipeline(56)) - Created pipeline Pipeline[ Id: fa199370-75ee-43ef-ba3a-d4ba6edfed0c, Nodes: 3b534486-5863-40fe-abd3-c4599ce5b3a5{ip: 192.168.5.191, host: trunk-nightly-5z2vd-27108033, networkLocation: /default-rack, certSerialId: null}, Type:RATIS, Factor:ONE, State:OPEN]
2019-07-14 08:47:58,095 INFO  ozone.MiniOzoneClusterImpl (MiniOzoneClusterImpl.java:lambda$waitForClusterToBeReady$0(142)) - Waiting for cluster to be ready. Got 2 of 7 DN Heartbeats.
2019-07-14 08:47:58,260 INFO  node.SCMNodeManager (SCMNodeManager.java:register(269)) - Registered Data node : cc2591a2-a433-42b0-bef9-b70d672d3d27{ip: 192.168.5.191, host: trunk-nightly-5z2vd-27108033, networkLocation: /default-rack, certSerialId: null}
2019-07-14 08:47:58,274 INFO  impl.RaftServerProxy (RaftServerProxy.java:addNew(89)) - cc2591a2-a433-42b0-bef9-b70d672d3d27: addNew group-7CA882D8A278:[cc2591a2-a433-42b0-bef9-b70d672d3d27:192.168.5.191:44697] returns group-7CA882D8A278:java.util.concurrent.CompletableFuture@51166d37[Not completed]
2019-07-14 08:47:58,275 INFO  impl.RaftServerImpl (RaftServerImpl.java:<init>(93)) - cc2591a2-a433-42b0-bef9-b70d672d3d27: new RaftServerImpl for group-7CA882D8A278:[cc2591a2-a433-42b0-bef9-b70d672d3d27:192.168.5.191:44697] with ContainerStateMachine:uninitialized
2019-07-14 08:47:58,275 INFO  server.RaftServerConfigKeys (ConfUtils.java:logGet(43)) - raft.server.rpc.timeout.min = 5s (custom)
2019-07-14 08:47:58,276 INFO  server.RaftServerConfigKeys (ConfUtils.java:logGet(43)) - raft.server.rpc.timeout.max = 5200ms (custom)
2019-07-14 08:47:58,276 INFO  server.RaftServerConfigKeys (ConfUtils.java:logGet(43)) - raft.server.rpcslowness.timeout = 120s (custom)
2019-07-14 08:47:58,276 INFO  server.RaftServerConfigKeys (ConfUtils.java:logGet(43)) - raft.server.sleep.deviation.threshold = 300 (default)
2019-07-14 08:47:58,276 INFO  server.RaftServerConfigKeys (ConfUtils.java:logGet(43)) - raft.server.log.appender.install.snapshot.enabled = false (custom)
2019-07-14 08:47:58,276 INFO  impl.RaftServerImpl (ServerState.java:<init>(105)) - cc2591a2-a433-42b0-bef9-b70d672d3d27:group-7CA882D8A278 ConfigurationManager, init=-1: [cc2591a2-a433-42b0-bef9-b70d672d3d27:192.168.5.191:44697], old=null, confs=<EMPTY_MAP>
2019-07-14 08:47:58,276 INFO  server.RaftServerConfigKeys (ConfUtils.java:logGet(43)) - raft.server.storage.dir = [/workdir/hadoop-ozone/integration-test/target/test-dir/MiniOzoneClusterImpl-813f4eb2-d14a-42d0-ab02-1d0f0e18d9f3/datanode-2/data/ratis] (custom)
2019-07-14 08:47:58,277 INFO  storage.RaftStorageDirectory (RaftStorageDirectory.java:analyzeStorage(246)) - The storage directory /workdir/hadoop-ozone/integration-test/target/test-dir/MiniOzoneClusterImpl-813f4eb2-d14a-42d0-ab02-1d0f0e18d9f3/datanode-2/data/ratis/82328fa2-a393-44e4-91db-7ca882d8a278 does not exist. Creating ...
2019-07-14 08:47:58,282 INFO  storage.RaftStorageDirectory (RaftStorageDirectory.java:tryLock(328)) - Lock on /workdir/hadoop-ozone/integration-test/target/test-dir/MiniOzoneClusterImpl-813f4eb2-d14a-42d0-ab02-1d0f0e18d9f3/datanode-2/data/ratis/82328fa2-a393-44e4-91db-7ca882d8a278/in_use.lock acquired by nodename 28443@trunk-nightly-5z2vd-27108033
2019-07-14 08:47:58,287 INFO  storage.RaftStorage (RaftStorage.java:format(72)) - Storage directory /workdir/hadoop-ozone/integration-test/target/test-dir/MiniOzoneClusterImpl-813f4eb2-d14a-42d0-ab02-1d0f0e18d9f3/datanode-2/data/ratis/82328fa2-a393-44e4-91db-7ca882d8a278 has been successfully formatted.
2019-07-14 08:47:58,287 INFO  ratis.ContainerStateMachine (ContainerStateMachine.java:loadSnapshot(200)) - group-7CA882D8A278: The snapshot info is null. Setting the last applied indexto:(t:0, i:~)
2019-07-14 08:47:58,287 INFO  server.RaftServerConfigKeys (ConfUtils.java:logGet(43)) - raft.server.leader.election.timeout = 120s (custom)
2019-07-14 08:47:58,287 INFO  server.RaftServerConfigKeys (ConfUtils.java:logGet(43)) - raft.server.log.use.memory = false (default)
2019-07-14 08:47:58,287 INFO  server.RaftServerConfigKeys (ConfUtils.java:logGet(43)) - raft.server.log.purge.gap = 1000000000 (custom)
2019-07-14 08:47:58,288 INFO  server.RaftServerConfigKeys (ConfUtils.java:logGet(43)) - raft.server.log.appender.buffer.byte-limit = 33554432 (custom)
2019-07-14 08:47:58,288 INFO  server.RaftServerConfigKeys (ConfUtils.java:logGet(43)) - raft.server.log.segment.size.max = 1048576 (custom)
2019-07-14 08:47:58,288 INFO  server.RaftServerConfigKeys (ConfUtils.java:logGet(43)) - raft.server.log.segment.cache.num.max = 2 (custom)
2019-07-14 08:47:58,288 INFO  segmented.SegmentedRaftLogWorker (SegmentedRaftLogWorker.java:<init>(172)) - new cc2591a2-a433-42b0-bef9-b70d672d3d27-SegmentedRaftLogWorker:Storage Directory /workdir/hadoop-ozone/integration-test/target/test-dir/MiniOzoneClusterImpl-813f4eb2-d14a-42d0-ab02-1d0f0e18d9f3/datanode-2/data/ratis/82328fa2-a393-44e4-91db-7ca882d8a278 for RaftStorage:Storage Directory /workdir/hadoop-ozone/integration-test/target/test-dir/MiniOzoneClusterImpl-813f4eb2-d14a-42d0-ab02-1d0f0e18d9f3/datanode-2/data/ratis/82328fa2-a393-44e4-91db-7ca882d8a278
2019-07-14 08:47:58,288 INFO  server.RaftServerConfigKeys (ConfUtils.java:logGet(43)) - raft.server.log.queue.byte-limit = 2147483647 (custom)
2019-07-14 08:47:58,289 INFO  server.RaftServerConfigKeys (ConfUtils.java:logGet(43)) - raft.server.log.queue.element-limit = 1024 (custom)
2019-07-14 08:47:58,289 INFO  server.RaftServerConfigKeys (ConfUtils.java:logGet(43)) - raft.server.log.segment.size.max = 1048576 (custom)
2019-07-14 08:47:58,289 INFO  server.RaftServerConfigKeys (ConfUtils.java:logGet(43)) - raft.server.log.preallocated.size = 16384 (custom)
2019-07-14 08:47:58,289 INFO  server.RaftServerConfigKeys (ConfUtils.java:logGet(43)) - raft.server.log.write.buffer.size = 33554432 (custom)
2019-07-14 08:47:58,289 INFO  server.RaftServerConfigKeys (ConfUtils.java:logGet(43)) - raft.server.log.force.sync.num = 128 (default)
2019-07-14 08:47:58,289 INFO  server.RaftServerConfigKeys (ConfUtils.java:logGet(43)) - raft.server.log.statemachine.data.sync = true (default)
2019-07-14 08:47:58,290 INFO  server.RaftServerConfigKeys (ConfUtils.java:logGet(43)) - raft.server.log.statemachine.data.sync.timeout = 10s (default)
2019-07-14 08:47:58,290 INFO  server.RaftServerConfigKeys (ConfUtils.java:logGet(43)) - raft.server.log.statemachine.data.sync.timeout.retry = -1 (default)
2019-07-14 08:47:58,290 INFO  server.RaftServerConfigKeys (ConfUtils.java:logGet(43)) - raft.server.log.statemachine.data.caching.enabled = true (custom)
2019-07-14 08:47:58,290 INFO  segmented.SegmentedRaftLogWorker (SegmentedRaftLogWorker.java:lambda$new$0(132)) - cc2591a2-a433-42b0-bef9-b70d672d3d27-SegmentedRaftLogWorker:Storage Directory /workdir/hadoop-ozone/integration-test/target/test-dir/MiniOzoneClusterImpl-813f4eb2-d14a-42d0-ab02-1d0f0e18d9f3/datanode-2/data/ratis/82328fa2-a393-44e4-91db-7ca882d8a278: flushIndex: setUnconditionally 0 -> -1
2019-07-14 08:47:58,291 INFO  server.RaftServerConfigKeys (ConfUtils.java:logGet(43)) - raft.server.snapshot.auto.trigger.enabled = true (custom)
2019-07-14 08:47:58,291 INFO  server.RaftServerConfigKeys (ConfUtils.java:logGet(43)) - raft.server.snapshot.auto.trigger.threshold = 10000 (custom)
2019-07-14 08:47:58,291 INFO  server.RaftServerConfigKeys (ConfUtils.java:logGet(43)) - raft.server.retrycache.expirytime = 600000ms (custom)
2019-07-14 08:47:58,291 INFO  impl.RaftServerImpl (RaftServerImpl.java:start(180)) - cc2591a2-a433-42b0-bef9-b70d672d3d27: start group-7CA882D8A278
2019-07-14 08:47:58,292 INFO  impl.RaftServerImpl (RaftServerImpl.java:setRole(171)) - cc2591a2-a433-42b0-bef9-b70d672d3d27:group-7CA882D8A278 changes role from null to FOLLOWER at term 0 for startAsFollower
2019-07-14 08:47:58,292 INFO  impl.RoleInfo (RoleInfo.java:updateAndGet(143)) - cc2591a2-a433-42b0-bef9-b70d672d3d27: start FollowerState
2019-07-14 08:47:58,292 INFO  util.JmxRegister (JmxRegister.java:tryRegister(44)) - Successfully registered JMX Bean with object name Ratis:service=RaftServer,group=group-7CA882D8A278,id=cc2591a2-a433-42b0-bef9-b70d672d3d27
2019-07-14 08:47:58,295 INFO  pipeline.PipelineStateManager (PipelineStateManager.java:addPipeline(56)) - Created pipeline Pipeline[ Id: 82328fa2-a393-44e4-91db-7ca882d8a278, Nodes: cc2591a2-a433-42b0-bef9-b70d672d3d27{ip: 192.168.5.191, host: trunk-nightly-5z2vd-27108033, networkLocation: /default-rack, certSerialId: null}, Type:RATIS, Factor:ONE, State:OPEN]
2019-07-14 08:47:58,327 INFO  impl.RaftServerProxy (RaftServerProxy.java:addNew(89)) - 3b534486-5863-40fe-abd3-c4599ce5b3a5: addNew group-447E48BD93BB:[e0e906dc-5934-495b-8920-509eefe19847:192.168.5.191:41252, 3b534486-5863-40fe-abd3-c4599ce5b3a5:192.168.5.191:46339, cc2591a2-a433-42b0-bef9-b70d672d3d27:192.168.5.191:44697] returns group-447E48BD93BB:java.util.concurrent.CompletableFuture@7f1980ef[Not completed]
2019-07-14 08:47:58,327 INFO  impl.RaftServerProxy (RaftServerProxy.java:addNew(89)) - e0e906dc-5934-495b-8920-509eefe19847: addNew group-447E48BD93BB:[e0e906dc-5934-495b-8920-509eefe19847:192.168.5.191:41252, 3b534486-5863-40fe-abd3-c4599ce5b3a5:192.168.5.191:46339, cc2591a2-a433-42b0-bef9-b70d672d3d27:192.168.5.191:44697] returns group-447E48BD93BB:java.util.concurrent.CompletableFuture@aae959c[Not completed]
2019-07-14 08:47:58,327 INFO  impl.RaftServerProxy (RaftServerProxy.java:addNew(89)) - cc2591a2-a433-42b0-bef9-b70d672d3d27: addNew group-447E48BD93BB:[e0e906dc-5934-495b-8920-509eefe19847:192.168.5.191:41252, 3b534486-5863-40fe-abd3-c4599ce5b3a5:192.168.5.191:46339, cc2591a2-a433-42b0-bef9-b70d672d3d27:192.168.5.191:44697] returns group-447E48BD93BB:java.util.concurrent.CompletableFuture@71022a59[Not completed]
2019-07-14 08:47:58,329 INFO  impl.RaftServerImpl (RaftServerImpl.java:<init>(93)) - 3b534486-5863-40fe-abd3-c4599ce5b3a5: new RaftServerImpl for group-447E48BD93BB:[e0e906dc-5934-495b-8920-509eefe19847:192.168.5.191:41252, 3b534486-5863-40fe-abd3-c4599ce5b3a5:192.168.5.191:46339, cc2591a2-a433-42b0-bef9-b70d672d3d27:192.168.5.191:44697] with ContainerStateMachine:uninitialized
2019-07-14 08:47:58,329 INFO  server.RaftServerConfigKeys (ConfUtils.java:logGet(43)) - raft.server.rpc.timeout.min = 5s (custom)
2019-07-14 08:47:58,329 INFO  server.RaftServerConfigKeys (ConfUtils.java:logGet(43)) - raft.server.rpc.timeout.max = 5200ms (custom)
2019-07-14 08:47:58,329 INFO  server.RaftServerConfigKeys (ConfUtils.java:logGet(43)) - raft.server.rpcslowness.timeout = 120s (custom)
2019-07-14 08:47:58,329 INFO  server.RaftServerConfigKeys (ConfUtils.java:logGet(43)) - raft.server.sleep.deviation.threshold = 300 (default)
2019-07-14 08:47:58,329 INFO  impl.RaftServerImpl (RaftServerImpl.java:<init>(93)) - cc2591a2-a433-42b0-bef9-b70d672d3d27: new RaftServerImpl for group-447E48BD93BB:[e0e906dc-5934-495b-8920-509eefe19847:192.168.5.191:41252, 3b534486-5863-40fe-abd3-c4599ce5b3a5:192.168.5.191:46339, cc2591a2-a433-42b0-bef9-b70d672d3d27:192.168.5.191:44697] with ContainerStateMachine:uninitialized
2019-07-14 08:47:58,330 INFO  server.RaftServerConfigKeys (ConfUtils.java:logGet(43)) - raft.server.log.appender.install.snapshot.enabled = false (custom)
2019-07-14 08:47:58,330 INFO  server.RaftServerConfigKeys (ConfUtils.java:logGet(43)) - raft.server.rpc.timeout.min = 5s (custom)
2019-07-14 08:47:58,330 INFO  impl.RaftServerImpl (ServerState.java:<init>(105)) - 3b534486-5863-40fe-abd3-c4599ce5b3a5:group-447E48BD93BB ConfigurationManager, init=-1: [e0e906dc-5934-495b-8920-509eefe19847:192.168.5.191:41252, 3b534486-5863-40fe-abd3-c4599ce5b3a5:192.168.5.191:46339, cc2591a2-a433-42b0-bef9-b70d672d3d27:192.168.5.191:44697], old=null, confs=<EMPTY_MAP>
2019-07-14 08:47:58,330 INFO  server.RaftServerConfigKeys (ConfUtils.java:logGet(43)) - raft.server.rpc.timeout.max = 5200ms (custom)
2019-07-14 08:47:58,330 INFO  server.RaftServerConfigKeys (ConfUtils.java:logGet(43)) - raft.server.storage.dir = [/workdir/hadoop-ozone/integration-test/target/test-dir/MiniOzoneClusterImpl-813f4eb2-d14a-42d0-ab02-1d0f0e18d9f3/datanode-1/data/ratis] (custom)
2019-07-14 08:47:58,330 INFO  server.RaftServerConfigKeys (ConfUtils.java:logGet(43)) - raft.server.rpcslowness.timeout = 120s (custom)
2019-07-14 08:47:58,330 INFO  impl.RaftServerImpl (RaftServerImpl.java:<init>(93)) - e0e906dc-5934-495b-8920-509eefe19847: new RaftServerImpl for group-447E48BD93BB:[e0e906dc-5934-495b-8920-509eefe19847:192.168.5.191:41252, 3b534486-5863-40fe-abd3-c4599ce5b3a5:192.168.5.191:46339, cc2591a2-a433-42b0-bef9-b70d672d3d27:192.168.5.191:44697] with ContainerStateMachine:uninitialized
2019-07-14 08:47:58,331 INFO  storage.RaftStorageDirectory (RaftStorageDirectory.java:analyzeStorage(246)) - The storage directory /workdir/hadoop-ozone/integration-test/target/test-dir/MiniOzoneClusterImpl-813f4eb2-d14a-42d0-ab02-1d0f0e18d9f3/datanode-1/data/ratis/21de086c-f263-4c99-af86-447e48bd93bb does not exist. Creating ...
2019-07-14 08:47:58,331 INFO  server.RaftServerConfigKeys (ConfUtils.java:logGet(43)) - raft.server.rpc.timeout.min = 5s (custom)
2019-07-14 08:47:58,330 INFO  server.RaftServerConfigKeys (ConfUtils.java:logGet(43)) - raft.server.sleep.deviation.threshold = 300 (default)
2019-07-14 08:47:58,331 INFO  server.RaftServerConfigKeys (ConfUtils.java:logGet(43)) - raft.server.rpc.timeout.max = 5200ms (custom)
2019-07-14 08:47:58,331 INFO  server.RaftServerConfigKeys (ConfUtils.java:logGet(43)) - raft.server.log.appender.install.snapshot.enabled = false (custom)
2019-07-14 08:47:58,331 INFO  server.RaftServerConfigKeys (ConfUtils.java:logGet(43)) - raft.server.rpcslowness.timeout = 120s (custom)
2019-07-14 08:47:58,331 INFO  impl.RaftServerImpl (ServerState.java:<init>(105)) - cc2591a2-a433-42b0-bef9-b70d672d3d27:group-447E48BD93BB ConfigurationManager, init=-1: [e0e906dc-5934-495b-8920-509eefe19847:192.168.5.191:41252, 3b534486-5863-40fe-abd3-c4599ce5b3a5:192.168.5.191:46339, cc2591a2-a433-42b0-bef9-b70d672d3d27:192.168.5.191:44697], old=null, confs=<EMPTY_MAP>
2019-07-14 08:47:58,332 INFO  server.RaftServerConfigKeys (ConfUtils.java:logGet(43)) - raft.server.sleep.deviation.threshold = 300 (default)
2019-07-14 08:47:58,332 INFO  server.RaftServerConfigKeys (ConfUtils.java:logGet(43)) - raft.server.storage.dir = [/workdir/hadoop-ozone/integration-test/target/test-dir/MiniOzoneClusterImpl-813f4eb2-d14a-42d0-ab02-1d0f0e18d9f3/datanode-2/data/ratis] (custom)
2019-07-14 08:47:58,332 INFO  server.RaftServerConfigKeys (ConfUtils.java:logGet(43)) - raft.server.log.appender.install.snapshot.enabled = false (custom)
2019-07-14 08:47:58,332 INFO  impl.RaftServerImpl (ServerState.java:<init>(105)) - e0e906dc-5934-495b-8920-509eefe19847:group-447E48BD93BB ConfigurationManager, init=-1: [e0e906dc-5934-495b-8920-509eefe19847:192.168.5.191:41252, 3b534486-5863-40fe-abd3-c4599ce5b3a5:192.168.5.191:46339, cc2591a2-a433-42b0-bef9-b70d672d3d27:192.168.5.191:44697], old=null, confs=<EMPTY_MAP>
2019-07-14 08:47:58,332 INFO  storage.RaftStorageDirectory (RaftStorageDirectory.java:analyzeStorage(246)) - The storage directory /workdir/hadoop-ozone/integration-test/target/test-dir/MiniOzoneClusterImpl-813f4eb2-d14a-42d0-ab02-1d0f0e18d9f3/datanode-2/data/ratis/21de086c-f263-4c99-af86-447e48bd93bb does not exist. Creating ...
2019-07-14 08:47:58,332 INFO  server.RaftServerConfigKeys (ConfUtils.java:logGet(43)) - raft.server.storage.dir = [/workdir/hadoop-ozone/integration-test/target/test-dir/MiniOzoneClusterImpl-813f4eb2-d14a-42d0-ab02-1d0f0e18d9f3/datanode-0/data/ratis] (custom)
2019-07-14 08:47:58,333 INFO  storage.RaftStorageDirectory (RaftStorageDirectory.java:analyzeStorage(246)) - The storage directory /workdir/hadoop-ozone/integration-test/target/test-dir/MiniOzoneClusterImpl-813f4eb2-d14a-42d0-ab02-1d0f0e18d9f3/datanode-0/data/ratis/21de086c-f263-4c99-af86-447e48bd93bb does not exist. Creating ...
2019-07-14 08:47:58,337 INFO  storage.RaftStorageDirectory (RaftStorageDirectory.java:tryLock(328)) - Lock on /workdir/hadoop-ozone/integration-test/target/test-dir/MiniOzoneClusterImpl-813f4eb2-d14a-42d0-ab02-1d0f0e18d9f3/datanode-2/data/ratis/21de086c-f263-4c99-af86-447e48bd93bb/in_use.lock acquired by nodename 28443@trunk-nightly-5z2vd-27108033
2019-07-14 08:47:58,337 INFO  storage.RaftStorageDirectory (RaftStorageDirectory.java:tryLock(328)) - Lock on /workdir/hadoop-ozone/integration-test/target/test-dir/MiniOzoneClusterImpl-813f4eb2-d14a-42d0-ab02-1d0f0e18d9f3/datanode-1/data/ratis/21de086c-f263-4c99-af86-447e48bd93bb/in_use.lock acquired by nodename 28443@trunk-nightly-5z2vd-27108033
2019-07-14 08:47:58,342 INFO  storage.RaftStorageDirectory (RaftStorageDirectory.java:tryLock(328)) - Lock on /workdir/hadoop-ozone/integration-test/target/test-dir/MiniOzoneClusterImpl-813f4eb2-d14a-42d0-ab02-1d0f0e18d9f3/datanode-0/data/ratis/21de086c-f263-4c99-af86-447e48bd93bb/in_use.lock acquired by nodename 28443@trunk-nightly-5z2vd-27108033
2019-07-14 08:47:58,342 INFO  storage.RaftStorage (RaftStorage.java:format(72)) - Storage directory /workdir/hadoop-ozone/integration-test/target/test-dir/MiniOzoneClusterImpl-813f4eb2-d14a-42d0-ab02-1d0f0e18d9f3/datanode-2/data/ratis/21de086c-f263-4c99-af86-447e48bd93bb has been successfully formatted.
2019-07-14 08:47:58,342 INFO  storage.RaftStorage (RaftStorage.java:format(72)) - Storage directory /workdir/hadoop-ozone/integration-test/target/test-dir/MiniOzoneClusterImpl-813f4eb2-d14a-42d0-ab02-1d0f0e18d9f3/datanode-1/data/ratis/21de086c-f263-4c99-af86-447e48bd93bb has been successfully formatted.
2019-07-14 08:47:58,342 INFO  ratis.ContainerStateMachine (ContainerStateMachine.java:loadSnapshot(200)) - group-447E48BD93BB: The snapshot info is null. Setting the last applied indexto:(t:0, i:~)
2019-07-14 08:47:58,342 INFO  ratis.ContainerStateMachine (ContainerStateMachine.java:loadSnapshot(200)) - group-447E48BD93BB: The snapshot info is null. Setting the last applied indexto:(t:0, i:~)
2019-07-14 08:47:58,342 INFO  server.RaftServerConfigKeys (ConfUtils.java:logGet(43)) - raft.server.leader.election.timeout = 120s (custom)
2019-07-14 08:47:58,343 INFO  server.RaftServerConfigKeys (ConfUtils.java:logGet(43)) - raft.server.leader.election.timeout = 120s (custom)
2019-07-14 08:47:58,343 INFO  server.RaftServerConfigKeys (ConfUtils.java:logGet(43)) - raft.server.log.use.memory = false (default)
2019-07-14 08:47:58,343 INFO  server.RaftServerConfigKeys (ConfUtils.java:logGet(43)) - raft.server.log.use.memory = false (default)
2019-07-14 08:47:58,343 INFO  server.RaftServerConfigKeys (ConfUtils.java:logGet(43)) - raft.server.log.purge.gap = 1000000000 (custom)
2019-07-14 08:47:58,343 INFO  server.RaftServerConfigKeys (ConfUtils.java:logGet(43)) - raft.server.log.purge.gap = 1000000000 (custom)
2019-07-14 08:47:58,343 INFO  server.RaftServerConfigKeys (ConfUtils.java:logGet(43)) - raft.server.log.appender.buffer.byte-limit = 33554432 (custom)
2019-07-14 08:47:58,343 INFO  server.RaftServerConfigKeys (ConfUtils.java:logGet(43)) - raft.server.log.appender.buffer.byte-limit = 33554432 (custom)
2019-07-14 08:47:58,344 INFO  server.RaftServerConfigKeys (ConfUtils.java:logGet(43)) - raft.server.log.segment.size.max = 1048576 (custom)
2019-07-14 08:47:58,344 INFO  server.RaftServerConfigKeys (ConfUtils.java:logGet(43)) - raft.server.log.segment.size.max = 1048576 (custom)
2019-07-14 08:47:58,344 INFO  server.RaftServerConfigKeys (ConfUtils.java:logGet(43)) - raft.server.log.segment.cache.num.max = 2 (custom)
2019-07-14 08:47:58,344 INFO  server.RaftServerConfigKeys (ConfUtils.java:logGet(43)) - raft.server.log.segment.cache.num.max = 2 (custom)
2019-07-14 08:47:58,344 INFO  segmented.SegmentedRaftLogWorker (SegmentedRaftLogWorker.java:<init>(172)) - new cc2591a2-a433-42b0-bef9-b70d672d3d27-SegmentedRaftLogWorker:Storage Directory /workdir/hadoop-ozone/integration-test/target/test-dir/MiniOzoneClusterImpl-813f4eb2-d14a-42d0-ab02-1d0f0e18d9f3/datanode-2/data/ratis/21de086c-f263-4c99-af86-447e48bd93bb for RaftStorage:Storage Directory /workdir/hadoop-ozone/integration-test/target/test-dir/MiniOzoneClusterImpl-813f4eb2-d14a-42d0-ab02-1d0f0e18d9f3/datanode-2/data/ratis/21de086c-f263-4c99-af86-447e48bd93bb
2019-07-14 08:47:58,344 INFO  segmented.SegmentedRaftLogWorker (SegmentedRaftLogWorker.java:<init>(172)) - new 3b534486-5863-40fe-abd3-c4599ce5b3a5-SegmentedRaftLogWorker:Storage Directory /workdir/hadoop-ozone/integration-test/target/test-dir/MiniOzoneClusterImpl-813f4eb2-d14a-42d0-ab02-1d0f0e18d9f3/datanode-1/data/ratis/21de086c-f263-4c99-af86-447e48bd93bb for RaftStorage:Storage Directory /workdir/hadoop-ozone/integration-test/target/test-dir/MiniOzoneClusterImpl-813f4eb2-d14a-42d0-ab02-1d0f0e18d9f3/datanode-1/data/ratis/21de086c-f263-4c99-af86-447e48bd93bb
2019-07-14 08:47:58,344 INFO  server.RaftServerConfigKeys (ConfUtils.java:logGet(43)) - raft.server.log.queue.byte-limit = 2147483647 (custom)
2019-07-14 08:47:58,345 INFO  server.RaftServerConfigKeys (ConfUtils.java:logGet(43)) - raft.server.log.queue.byte-limit = 2147483647 (custom)
2019-07-14 08:47:58,345 INFO  server.RaftServerConfigKeys (ConfUtils.java:logGet(43)) - raft.server.log.queue.element-limit = 1024 (custom)
2019-07-14 08:47:58,345 INFO  server.RaftServerConfigKeys (ConfUtils.java:logGet(43)) - raft.server.log.queue.element-limit = 1024 (custom)
2019-07-14 08:47:58,345 INFO  server.RaftServerConfigKeys (ConfUtils.java:logGet(43)) - raft.server.log.segment.size.max = 1048576 (custom)
2019-07-14 08:47:58,345 INFO  server.RaftServerConfigKeys (ConfUtils.java:logGet(43)) - raft.server.log.segment.size.max = 1048576 (custom)
2019-07-14 08:47:58,345 INFO  server.RaftServerConfigKeys (ConfUtils.java:logGet(43)) - raft.server.log.preallocated.size = 16384 (custom)
2019-07-14 08:47:58,345 INFO  server.RaftServerConfigKeys (ConfUtils.java:logGet(43)) - raft.server.log.preallocated.size = 16384 (custom)
2019-07-14 08:47:58,346 INFO  server.RaftServerConfigKeys (ConfUtils.java:logGet(43)) - raft.server.log.write.buffer.size = 33554432 (custom)
2019-07-14 08:47:58,346 INFO  server.RaftServerConfigKeys (ConfUtils.java:logGet(43)) - raft.server.log.write.buffer.size = 33554432 (custom)
2019-07-14 08:47:58,346 INFO  storage.RaftStorage (RaftStorage.java:format(72)) - Storage directory /workdir/hadoop-ozone/integration-test/target/test-dir/MiniOzoneClusterImpl-813f4eb2-d14a-42d0-ab02-1d0f0e18d9f3/datanode-0/data/ratis/21de086c-f263-4c99-af86-447e48bd93bb has been successfully formatted.
2019-07-14 08:47:58,346 INFO  server.RaftServerConfigKeys (ConfUtils.java:logGet(43)) - raft.server.log.force.sync.num = 128 (default)
2019-07-14 08:47:58,346 INFO  server.RaftServerConfigKeys (ConfUtils.java:logGet(43)) - raft.server.log.force.sync.num = 128 (default)
2019-07-14 08:47:58,346 INFO  server.RaftServerConfigKeys (ConfUtils.java:logGet(43)) - raft.server.log.statemachine.data.sync = true (default)
2019-07-14 08:47:58,346 INFO  ratis.ContainerStateMachine (ContainerStateMachine.java:loadSnapshot(200)) - group-447E48BD93BB: The snapshot info is null. Setting the last applied indexto:(t:0, i:~)
2019-07-14 08:47:58,347 INFO  server.RaftServerConfigKeys (ConfUtils.java:logGet(43)) - raft.server.log.statemachine.data.sync.timeout = 10s (default)
2019-07-14 08:47:58,346 INFO  server.RaftServerConfigKeys (ConfUtils.java:logGet(43)) - raft.server.log.statemachine.data.sync = true (default)
2019-07-14 08:47:58,347 INFO  server.RaftServerConfigKeys (ConfUtils.java:logGet(43)) - raft.server.log.statemachine.data.sync.timeout.retry = -1 (default)
2019-07-14 08:47:58,347 INFO  server.RaftServerConfigKeys (ConfUtils.java:logGet(43)) - raft.server.leader.election.timeout = 120s (custom)
2019-07-14 08:47:58,347 INFO  server.RaftServerConfigKeys (ConfUtils.java:logGet(43)) - raft.server.log.statemachine.data.caching.enabled = true (custom)
2019-07-14 08:47:58,347 INFO  server.RaftServerConfigKeys (ConfUtils.java:logGet(43)) - raft.server.log.statemachine.data.sync.timeout = 10s (default)
2019-07-14 08:47:58,347 INFO  server.RaftServerConfigKeys (ConfUtils.java:logGet(43)) - raft.server.log.use.memory = false (default)
2019-07-14 08:47:58,348 INFO  server.RaftServerConfigKeys (ConfUtils.java:logGet(43)) - raft.server.log.statemachine.data.sync.timeout.retry = -1 (default)
2019-07-14 08:47:58,348 INFO  segmented.SegmentedRaftLogWorker (SegmentedRaftLogWorker.java:lambda$new$0(132)) - cc2591a2-a433-42b0-bef9-b70d672d3d27-SegmentedRaftLogWorker:Storage Directory /workdir/hadoop-ozone/integration-test/target/test-dir/MiniOzoneClusterImpl-813f4eb2-d14a-42d0-ab02-1d0f0e18d9f3/datanode-2/data/ratis/21de086c-f263-4c99-af86-447e48bd93bb: flushIndex: setUnconditionally 0 -> -1
2019-07-14 08:47:58,348 INFO  server.RaftServerConfigKeys (ConfUtils.java:logGet(43)) - raft.server.log.statemachine.data.caching.enabled = true (custom)
2019-07-14 08:47:58,348 INFO  server.RaftServerConfigKeys (ConfUtils.java:logGet(43)) - raft.server.log.purge.gap = 1000000000 (custom)
2019-07-14 08:47:58,348 INFO  segmented.SegmentedRaftLogWorker (SegmentedRaftLogWorker.java:lambda$new$0(132)) - 3b534486-5863-40fe-abd3-c4599ce5b3a5-SegmentedRaftLogWorker:Storage Directory /workdir/hadoop-ozone/integration-test/target/test-dir/MiniOzoneClusterImpl-813f4eb2-d14a-42d0-ab02-1d0f0e18d9f3/datanode-1/data/ratis/21de086c-f263-4c99-af86-447e48bd93bb: flushIndex: setUnconditionally 0 -> -1
2019-07-14 08:47:58,348 INFO  server.RaftServerConfigKeys (ConfUtils.java:logGet(43)) - raft.server.snapshot.auto.trigger.enabled = true (custom)
2019-07-14 08:47:58,349 INFO  server.RaftServerConfigKeys (ConfUtils.java:logGet(43)) - raft.server.log.appender.buffer.byte-limit = 33554432 (custom)
2019-07-14 08:47:58,349 INFO  server.RaftServerConfigKeys (ConfUtils.java:logGet(43)) - raft.server.snapshot.auto.trigger.enabled = true (custom)
2019-07-14 08:47:58,349 INFO  server.RaftServerConfigKeys (ConfUtils.java:logGet(43)) - raft.server.snapshot.auto.trigger.threshold = 10000 (custom)
2019-07-14 08:47:58,349 INFO  server.RaftServerConfigKeys (ConfUtils.java:logGet(43)) - raft.server.snapshot.auto.trigger.threshold = 10000 (custom)
2019-07-14 08:47:58,349 INFO  server.RaftServerConfigKeys (ConfUtils.java:logGet(43)) - raft.server.log.segment.size.max = 1048576 (custom)
2019-07-14 08:47:58,349 INFO  server.RaftServerConfigKeys (ConfUtils.java:logGet(43)) - raft.server.retrycache.expirytime = 600000ms (custom)
2019-07-14 08:47:58,349 INFO  server.RaftServerConfigKeys (ConfUtils.java:logGet(43)) - raft.server.retrycache.expirytime = 600000ms (custom)
2019-07-14 08:47:58,350 INFO  impl.RaftServerImpl (RaftServerImpl.java:start(180)) - 3b534486-5863-40fe-abd3-c4599ce5b3a5: start group-447E48BD93BB
2019-07-14 08:47:58,350 INFO  server.RaftServerConfigKeys (ConfUtils.java:logGet(43)) - raft.server.log.segment.cache.num.max = 2 (custom)
2019-07-14 08:47:58,350 INFO  impl.RaftServerImpl (RaftServerImpl.java:setRole(171)) - 3b534486-5863-40fe-abd3-c4599ce5b3a5:group-447E48BD93BB changes role from null to FOLLOWER at term 0 for startAsFollower
2019-07-14 08:47:58,350 INFO  impl.RaftServerImpl (RaftServerImpl.java:start(180)) - cc2591a2-a433-42b0-bef9-b70d672d3d27: start group-447E48BD93BB
2019-07-14 08:47:58,350 INFO  impl.RoleInfo (RoleInfo.java:updateAndGet(143)) - 3b534486-5863-40fe-abd3-c4599ce5b3a5: start FollowerState
2019-07-14 08:47:58,350 INFO  segmented.SegmentedRaftLogWorker (SegmentedRaftLogWorker.java:<init>(172)) - new e0e906dc-5934-495b-8920-509eefe19847-SegmentedRaftLogWorker:Storage Directory /workdir/hadoop-ozone/integration-test/target/test-dir/MiniOzoneClusterImpl-813f4eb2-d14a-42d0-ab02-1d0f0e18d9f3/datanode-0/data/ratis/21de086c-f263-4c99-af86-447e48bd93bb for RaftStorage:Storage Directory /workdir/hadoop-ozone/integration-test/target/test-dir/MiniOzoneClusterImpl-813f4eb2-d14a-42d0-ab02-1d0f0e18d9f3/datanode-0/data/ratis/21de086c-f263-4c99-af86-447e48bd93bb
2019-07-14 08:47:58,350 INFO  impl.RaftServerImpl (RaftServerImpl.java:setRole(171)) - cc2591a2-a433-42b0-bef9-b70d672d3d27:group-447E48BD93BB changes role from null to FOLLOWER at term 0 for startAsFollower
2019-07-14 08:47:58,351 INFO  util.JmxRegister (JmxRegister.java:tryRegister(44)) - Successfully registered JMX Bean with object name Ratis:service=RaftServer,group=group-447E48BD93BB,id=3b534486-5863-40fe-abd3-c4599ce5b3a5
2019-07-14 08:47:58,351 INFO  server.RaftServerConfigKeys (ConfUtils.java:logGet(43)) - raft.server.log.queue.byte-limit = 2147483647 (custom)
2019-07-14 08:47:58,351 INFO  server.RaftServerConfigKeys (ConfUtils.java:logGet(43)) - raft.server.log.queue.element-limit = 1024 (custom)
2019-07-14 08:47:58,351 INFO  impl.RoleInfo (RoleInfo.java:updateAndGet(143)) - cc2591a2-a433-42b0-bef9-b70d672d3d27: start FollowerState
2019-07-14 08:47:58,351 INFO  server.RaftServerConfigKeys (ConfUtils.java:logGet(43)) - raft.server.log.segment.size.max = 1048576 (custom)
2019-07-14 08:47:58,352 INFO  server.RaftServerConfigKeys (ConfUtils.java:logGet(43)) - raft.server.log.preallocated.size = 16384 (custom)
2019-07-14 08:47:58,352 INFO  server.RaftServerConfigKeys (ConfUtils.java:logGet(43)) - raft.server.log.write.buffer.size = 33554432 (custom)
2019-07-14 08:47:58,352 INFO  util.JmxRegister (JmxRegister.java:tryRegister(44)) - Successfully registered JMX Bean with object name Ratis:service=RaftServer,group=group-447E48BD93BB,id=cc2591a2-a433-42b0-bef9-b70d672d3d27
2019-07-14 08:47:58,352 INFO  server.RaftServerConfigKeys (ConfUtils.java:logGet(43)) - raft.server.log.force.sync.num = 128 (default)
2019-07-14 08:47:58,352 INFO  server.RaftServerConfigKeys (ConfUtils.java:logGet(43)) - raft.server.log.statemachine.data.sync = true (default)
2019-07-14 08:47:58,353 INFO  server.RaftServerConfigKeys (ConfUtils.java:logGet(43)) - raft.server.log.statemachine.data.sync.timeout = 10s (default)
2019-07-14 08:47:58,353 INFO  server.RaftServerConfigKeys (ConfUtils.java:logGet(43)) - raft.server.log.statemachine.data.sync.timeout.retry = -1 (default)
2019-07-14 08:47:58,353 INFO  server.RaftServerConfigKeys (ConfUtils.java:logGet(43)) - raft.server.log.statemachine.data.caching.enabled = true (custom)
2019-07-14 08:47:58,353 INFO  segmented.SegmentedRaftLogWorker (SegmentedRaftLogWorker.java:lambda$new$0(132)) - e0e906dc-5934-495b-8920-509eefe19847-SegmentedRaftLogWorker:Storage Directory /workdir/hadoop-ozone/integration-test/target/test-dir/MiniOzoneClusterImpl-813f4eb2-d14a-42d0-ab02-1d0f0e18d9f3/datanode-0/data/ratis/21de086c-f263-4c99-af86-447e48bd93bb: flushIndex: setUnconditionally 0 -> -1
2019-07-14 08:47:58,354 INFO  server.RaftServerConfigKeys (ConfUtils.java:logGet(43)) - raft.server.snapshot.auto.trigger.enabled = true (custom)
2019-07-14 08:47:58,354 INFO  server.RaftServerConfigKeys (ConfUtils.java:logGet(43)) - raft.server.snapshot.auto.trigger.threshold = 10000 (custom)
2019-07-14 08:47:58,354 INFO  server.RaftServerConfigKeys (ConfUtils.java:logGet(43)) - raft.server.retrycache.expirytime = 600000ms (custom)
2019-07-14 08:47:58,354 INFO  impl.RaftServerImpl (RaftServerImpl.java:start(180)) - e0e906dc-5934-495b-8920-509eefe19847: start group-447E48BD93BB
2019-07-14 08:47:58,354 INFO  impl.RaftServerImpl (RaftServerImpl.java:setRole(171)) - e0e906dc-5934-495b-8920-509eefe19847:group-447E48BD93BB changes role from null to FOLLOWER at term 0 for startAsFollower
2019-07-14 08:47:58,354 INFO  impl.RoleInfo (RoleInfo.java:updateAndGet(143)) - e0e906dc-5934-495b-8920-509eefe19847: start FollowerState
2019-07-14 08:47:58,355 INFO  util.JmxRegister (JmxRegister.java:tryRegister(44)) - Successfully registered JMX Bean with object name Ratis:service=RaftServer,group=group-447E48BD93BB,id=e0e906dc-5934-495b-8920-509eefe19847
2019-07-14 08:47:58,357 INFO  pipeline.PipelineStateManager (PipelineStateManager.java:addPipeline(56)) - Created pipeline Pipeline[ Id: 21de086c-f263-4c99-af86-447e48bd93bb, Nodes: e0e906dc-5934-495b-8920-509eefe19847{ip: 192.168.5.191, host: trunk-nightly-5z2vd-27108033, networkLocation: /default-rack, certSerialId: null}3b534486-5863-40fe-abd3-c4599ce5b3a5{ip: 192.168.5.191, host: trunk-nightly-5z2vd-27108033, networkLocation: /default-rack, certSerialId: null}cc2591a2-a433-42b0-bef9-b70d672d3d27{ip: 192.168.5.191, host: trunk-nightly-5z2vd-27108033, networkLocation: /default-rack, certSerialId: null}, Type:RATIS, Factor:THREE, State:OPEN]
2019-07-14 08:47:58,476 INFO  node.SCMNodeManager (SCMNodeManager.java:register(269)) - Registered Data node : 1380dc5f-a290-4284-8a2d-364e76bd8e8a{ip: 192.168.5.191, host: trunk-nightly-5z2vd-27108033, networkLocation: /default-rack, certSerialId: null}
2019-07-14 08:47:58,488 INFO  impl.RaftServerProxy (RaftServerProxy.java:addNew(89)) - 1380dc5f-a290-4284-8a2d-364e76bd8e8a: addNew group-F1D21F8EB98B:[1380dc5f-a290-4284-8a2d-364e76bd8e8a:192.168.5.191:45244] returns group-F1D21F8EB98B:java.util.concurrent.CompletableFuture@33233f3c[Not completed]
2019-07-14 08:47:58,489 INFO  impl.RaftServerImpl (RaftServerImpl.java:<init>(93)) - 1380dc5f-a290-4284-8a2d-364e76bd8e8a: new RaftServerImpl for group-F1D21F8EB98B:[1380dc5f-a290-4284-8a2d-364e76bd8e8a:192.168.5.191:45244] with ContainerStateMachine:uninitialized
2019-07-14 08:47:58,489 INFO  server.RaftServerConfigKeys (ConfUtils.java:logGet(43)) - raft.server.rpc.timeout.min = 5s (custom)
2019-07-14 08:47:58,490 INFO  server.RaftServerConfigKeys (ConfUtils.java:logGet(43)) - raft.server.rpc.timeout.max = 5200ms (custom)
2019-07-14 08:47:58,490 INFO  server.RaftServerConfigKeys (ConfUtils.java:logGet(43)) - raft.server.rpcslowness.timeout = 120s (custom)
2019-07-14 08:47:58,490 INFO  server.RaftServerConfigKeys (ConfUtils.java:logGet(43)) - raft.server.sleep.deviation.threshold = 300 (default)
2019-07-14 08:47:58,490 INFO  server.RaftServerConfigKeys (ConfUtils.java:logGet(43)) - raft.server.log.appender.install.snapshot.enabled = false (custom)
2019-07-14 08:47:58,490 INFO  impl.RaftServerImpl (ServerState.java:<init>(105)) - 1380dc5f-a290-4284-8a2d-364e76bd8e8a:group-F1D21F8EB98B ConfigurationManager, init=-1: [1380dc5f-a290-4284-8a2d-364e76bd8e8a:192.168.5.191:45244], old=null, confs=<EMPTY_MAP>
2019-07-14 08:47:58,490 INFO  server.RaftServerConfigKeys (ConfUtils.java:logGet(43)) - raft.server.storage.dir = [/workdir/hadoop-ozone/integration-test/target/test-dir/MiniOzoneClusterImpl-813f4eb2-d14a-42d0-ab02-1d0f0e18d9f3/datanode-3/data/ratis] (custom)
2019-07-14 08:47:58,491 INFO  storage.RaftStorageDirectory (RaftStorageDirectory.java:analyzeStorage(246)) - The storage directory /workdir/hadoop-ozone/integration-test/target/test-dir/MiniOzoneClusterImpl-813f4eb2-d14a-42d0-ab02-1d0f0e18d9f3/datanode-3/data/ratis/a176b3ed-e51c-459f-a41d-f1d21f8eb98b does not exist. Creating ...
2019-07-14 08:47:58,504 INFO  storage.RaftStorageDirectory (RaftStorageDirectory.java:tryLock(328)) - Lock on /workdir/hadoop-ozone/integration-test/target/test-dir/MiniOzoneClusterImpl-813f4eb2-d14a-42d0-ab02-1d0f0e18d9f3/datanode-3/data/ratis/a176b3ed-e51c-459f-a41d-f1d21f8eb98b/in_use.lock acquired by nodename 28443@trunk-nightly-5z2vd-27108033
2019-07-14 08:47:58,517 INFO  storage.RaftStorage (RaftStorage.java:format(72)) - Storage directory /workdir/hadoop-ozone/integration-test/target/test-dir/MiniOzoneClusterImpl-813f4eb2-d14a-42d0-ab02-1d0f0e18d9f3/datanode-3/data/ratis/a176b3ed-e51c-459f-a41d-f1d21f8eb98b has been successfully formatted.
2019-07-14 08:47:58,517 INFO  ratis.ContainerStateMachine (ContainerStateMachine.java:loadSnapshot(200)) - group-F1D21F8EB98B: The snapshot info is null. Setting the last applied indexto:(t:0, i:~)
2019-07-14 08:47:58,517 INFO  server.RaftServerConfigKeys (ConfUtils.java:logGet(43)) - raft.server.leader.election.timeout = 120s (custom)
2019-07-14 08:47:58,518 INFO  server.RaftServerConfigKeys (ConfUtils.java:logGet(43)) - raft.server.log.use.memory = false (default)
2019-07-14 08:47:58,518 INFO  server.RaftServerConfigKeys (ConfUtils.java:logGet(43)) - raft.server.log.purge.gap = 1000000000 (custom)
2019-07-14 08:47:58,518 INFO  server.RaftServerConfigKeys (ConfUtils.java:logGet(43)) - raft.server.log.appender.buffer.byte-limit = 33554432 (custom)
2019-07-14 08:47:58,518 INFO  server.RaftServerConfigKeys (ConfUtils.java:logGet(43)) - raft.server.log.segment.size.max = 1048576 (custom)
2019-07-14 08:47:58,518 INFO  server.RaftServerConfigKeys (ConfUtils.java:logGet(43)) - raft.server.log.segment.cache.num.max = 2 (custom)
2019-07-14 08:47:58,518 INFO  segmented.SegmentedRaftLogWorker (SegmentedRaftLogWorker.java:<init>(172)) - new 1380dc5f-a290-4284-8a2d-364e76bd8e8a-SegmentedRaftLogWorker:Storage Directory /workdir/hadoop-ozone/integration-test/target/test-dir/MiniOzoneClusterImpl-813f4eb2-d14a-42d0-ab02-1d0f0e18d9f3/datanode-3/data/ratis/a176b3ed-e51c-459f-a41d-f1d21f8eb98b for RaftStorage:Storage Directory /workdir/hadoop-ozone/integration-test/target/test-dir/MiniOzoneClusterImpl-813f4eb2-d14a-42d0-ab02-1d0f0e18d9f3/datanode-3/data/ratis/a176b3ed-e51c-459f-a41d-f1d21f8eb98b
2019-07-14 08:47:58,519 INFO  server.RaftServerConfigKeys (ConfUtils.java:logGet(43)) - raft.server.log.queue.byte-limit = 2147483647 (custom)
2019-07-14 08:47:58,519 INFO  server.RaftServerConfigKeys (ConfUtils.java:logGet(43)) - raft.server.log.queue.element-limit = 1024 (custom)
2019-07-14 08:47:58,519 INFO  server.RaftServerConfigKeys (ConfUtils.java:logGet(43)) - raft.server.log.segment.size.max = 1048576 (custom)
2019-07-14 08:47:58,519 INFO  server.RaftServerConfigKeys (ConfUtils.java:logGet(43)) - raft.server.log.preallocated.size = 16384 (custom)
2019-07-14 08:47:58,520 INFO  server.RaftServerConfigKeys (ConfUtils.java:logGet(43)) - raft.server.log.write.buffer.size = 33554432 (custom)
2019-07-14 08:47:58,520 INFO  server.RaftServerConfigKeys (ConfUtils.java:logGet(43)) - raft.server.log.force.sync.num = 128 (default)
2019-07-14 08:47:58,520 INFO  server.RaftServerConfigKeys (ConfUtils.java:logGet(43)) - raft.server.log.statemachine.data.sync = true (default)
2019-07-14 08:47:58,520 INFO  server.RaftServerConfigKeys (ConfUtils.java:logGet(43)) - raft.server.log.statemachine.data.sync.timeout = 10s (default)
2019-07-14 08:47:58,520 INFO  server.RaftServerConfigKeys (ConfUtils.java:logGet(43)) - raft.server.log.statemachine.data.sync.timeout.retry = -1 (default)
2019-07-14 08:47:58,521 INFO  server.RaftServerConfigKeys (ConfUtils.java:logGet(43)) - raft.server.log.statemachine.data.caching.enabled = true (custom)
2019-07-14 08:47:58,521 INFO  segmented.SegmentedRaftLogWorker (SegmentedRaftLogWorker.java:lambda$new$0(132)) - 1380dc5f-a290-4284-8a2d-364e76bd8e8a-SegmentedRaftLogWorker:Storage Directory /workdir/hadoop-ozone/integration-test/target/test-dir/MiniOzoneClusterImpl-813f4eb2-d14a-42d0-ab02-1d0f0e18d9f3/datanode-3/data/ratis/a176b3ed-e51c-459f-a41d-f1d21f8eb98b: flushIndex: setUnconditionally 0 -> -1
2019-07-14 08:47:58,521 INFO  server.RaftServerConfigKeys (ConfUtils.java:logGet(43)) - raft.server.snapshot.auto.trigger.enabled = true (custom)
2019-07-14 08:47:58,522 INFO  server.RaftServerConfigKeys (ConfUtils.java:logGet(43)) - raft.server.snapshot.auto.trigger.threshold = 10000 (custom)
2019-07-14 08:47:58,522 INFO  server.RaftServerConfigKeys (ConfUtils.java:logGet(43)) - raft.server.retrycache.expirytime = 600000ms (custom)
2019-07-14 08:47:58,522 INFO  impl.RaftServerImpl (RaftServerImpl.java:start(180)) - 1380dc5f-a290-4284-8a2d-364e76bd8e8a: start group-F1D21F8EB98B
2019-07-14 08:47:58,522 INFO  impl.RaftServerImpl (RaftServerImpl.java:setRole(171)) - 1380dc5f-a290-4284-8a2d-364e76bd8e8a:group-F1D21F8EB98B changes role from null to FOLLOWER at term 0 for startAsFollower
2019-07-14 08:47:58,522 INFO  impl.RoleInfo (RoleInfo.java:updateAndGet(143)) - 1380dc5f-a290-4284-8a2d-364e76bd8e8a: start FollowerState
2019-07-14 08:47:58,523 INFO  util.JmxRegister (JmxRegister.java:tryRegister(44)) - Successfully registered JMX Bean with object name Ratis:service=RaftServer,group=group-F1D21F8EB98B,id=1380dc5f-a290-4284-8a2d-364e76bd8e8a
2019-07-14 08:47:58,525 INFO  pipeline.PipelineStateManager (PipelineStateManager.java:addPipeline(56)) - Created pipeline Pipeline[ Id: a176b3ed-e51c-459f-a41d-f1d21f8eb98b, Nodes: 1380dc5f-a290-4284-8a2d-364e76bd8e8a{ip: 192.168.5.191, host: trunk-nightly-5z2vd-27108033, networkLocation: /default-rack, certSerialId: null}, Type:RATIS, Factor:ONE, State:OPEN]
2019-07-14 08:47:58,675 INFO  node.SCMNodeManager (SCMNodeManager.java:register(269)) - Registered Data node : 0e2566f0-f1df-4e5b-8236-e8a73d3032f4{ip: 192.168.5.191, host: trunk-nightly-5z2vd-27108033, networkLocation: /default-rack, certSerialId: null}
2019-07-14 08:47:58,688 INFO  impl.RaftServerProxy (RaftServerProxy.java:addNew(89)) - 0e2566f0-f1df-4e5b-8236-e8a73d3032f4: addNew group-68431D7FABB1:[0e2566f0-f1df-4e5b-8236-e8a73d3032f4:192.168.5.191:41738] returns group-68431D7FABB1:java.util.concurrent.CompletableFuture@5c05dfe7[Not completed]
2019-07-14 08:47:58,689 INFO  impl.RaftServerImpl (RaftServerImpl.java:<init>(93)) - 0e2566f0-f1df-4e5b-8236-e8a73d3032f4: new RaftServerImpl for group-68431D7FABB1:[0e2566f0-f1df-4e5b-8236-e8a73d3032f4:192.168.5.191:41738] with ContainerStateMachine:uninitialized
2019-07-14 08:47:58,689 INFO  server.RaftServerConfigKeys (ConfUtils.java:logGet(43)) - raft.server.rpc.timeout.min = 5s (custom)
2019-07-14 08:47:58,689 INFO  server.RaftServerConfigKeys (ConfUtils.java:logGet(43)) - raft.server.rpc.timeout.max = 5200ms (custom)
2019-07-14 08:47:58,689 INFO  server.RaftServerConfigKeys (ConfUtils.java:logGet(43)) - raft.server.rpcslowness.timeout = 120s (custom)
2019-07-14 08:47:58,689 INFO  server.RaftServerConfigKeys (ConfUtils.java:logGet(43)) - raft.server.sleep.deviation.threshold = 300 (default)
2019-07-14 08:47:58,690 INFO  server.RaftServerConfigKeys (ConfUtils.java:logGet(43)) - raft.server.log.appender.install.snapshot.enabled = false (custom)
2019-07-14 08:47:58,690 INFO  impl.RaftServerImpl (ServerState.java:<init>(105)) - 0e2566f0-f1df-4e5b-8236-e8a73d3032f4:group-68431D7FABB1 ConfigurationManager, init=-1: [0e2566f0-f1df-4e5b-8236-e8a73d3032f4:192.168.5.191:41738], old=null, confs=<EMPTY_MAP>
2019-07-14 08:47:58,690 INFO  server.RaftServerConfigKeys (ConfUtils.java:logGet(43)) - raft.server.storage.dir = [/workdir/hadoop-ozone/integration-test/target/test-dir/MiniOzoneClusterImpl-813f4eb2-d14a-42d0-ab02-1d0f0e18d9f3/datanode-4/data/ratis] (custom)
2019-07-14 08:47:58,690 INFO  storage.RaftStorageDirectory (RaftStorageDirectory.java:analyzeStorage(246)) - The storage directory /workdir/hadoop-ozone/integration-test/target/test-dir/MiniOzoneClusterImpl-813f4eb2-d14a-42d0-ab02-1d0f0e18d9f3/datanode-4/data/ratis/72a09d1d-9e40-4fc2-b35b-68431d7fabb1 does not exist. Creating ...
2019-07-14 08:47:58,703 INFO  storage.RaftStorageDirectory (RaftStorageDirectory.java:tryLock(328)) - Lock on /workdir/hadoop-ozone/integration-test/target/test-dir/MiniOzoneClusterImpl-813f4eb2-d14a-42d0-ab02-1d0f0e18d9f3/datanode-4/data/ratis/72a09d1d-9e40-4fc2-b35b-68431d7fabb1/in_use.lock acquired by nodename 28443@trunk-nightly-5z2vd-27108033
2019-07-14 08:47:58,707 INFO  storage.RaftStorage (RaftStorage.java:format(72)) - Storage directory /workdir/hadoop-ozone/integration-test/target/test-dir/MiniOzoneClusterImpl-813f4eb2-d14a-42d0-ab02-1d0f0e18d9f3/datanode-4/data/ratis/72a09d1d-9e40-4fc2-b35b-68431d7fabb1 has been successfully formatted.
2019-07-14 08:47:58,708 INFO  ratis.ContainerStateMachine (ContainerStateMachine.java:loadSnapshot(200)) - group-68431D7FABB1: The snapshot info is null. Setting the last applied indexto:(t:0, i:~)
2019-07-14 08:47:58,708 INFO  server.RaftServerConfigKeys (ConfUtils.java:logGet(43)) - raft.server.leader.election.timeout = 120s (custom)
2019-07-14 08:47:58,708 INFO  server.RaftServerConfigKeys (ConfUtils.java:logGet(43)) - raft.server.log.use.memory = false (default)
2019-07-14 08:47:58,708 INFO  server.RaftServerConfigKeys (ConfUtils.java:logGet(43)) - raft.server.log.purge.gap = 1000000000 (custom)
2019-07-14 08:47:58,708 INFO  server.RaftServerConfigKeys (ConfUtils.java:logGet(43)) - raft.server.log.appender.buffer.byte-limit = 33554432 (custom)
2019-07-14 08:47:58,709 INFO  server.RaftServerConfigKeys (ConfUtils.java:logGet(43)) - raft.server.log.segment.size.max = 1048576 (custom)
2019-07-14 08:47:58,709 INFO  server.RaftServerConfigKeys (ConfUtils.java:logGet(43)) - raft.server.log.segment.cache.num.max = 2 (custom)
2019-07-14 08:47:58,709 INFO  segmented.SegmentedRaftLogWorker (SegmentedRaftLogWorker.java:<init>(172)) - new 0e2566f0-f1df-4e5b-8236-e8a73d3032f4-SegmentedRaftLogWorker:Storage Directory /workdir/hadoop-ozone/integration-test/target/test-dir/MiniOzoneClusterImpl-813f4eb2-d14a-42d0-ab02-1d0f0e18d9f3/datanode-4/data/ratis/72a09d1d-9e40-4fc2-b35b-68431d7fabb1 for RaftStorage:Storage Directory /workdir/hadoop-ozone/integration-test/target/test-dir/MiniOzoneClusterImpl-813f4eb2-d14a-42d0-ab02-1d0f0e18d9f3/datanode-4/data/ratis/72a09d1d-9e40-4fc2-b35b-68431d7fabb1
2019-07-14 08:47:58,709 INFO  server.RaftServerConfigKeys (ConfUtils.java:logGet(43)) - raft.server.log.queue.byte-limit = 2147483647 (custom)
2019-07-14 08:47:58,709 INFO  server.RaftServerConfigKeys (ConfUtils.java:logGet(43)) - raft.server.log.queue.element-limit = 1024 (custom)
2019-07-14 08:47:58,710 INFO  server.RaftServerConfigKeys (ConfUtils.java:logGet(43)) - raft.server.log.segment.size.max = 1048576 (custom)
2019-07-14 08:47:58,710 INFO  server.RaftServerConfigKeys (ConfUtils.java:logGet(43)) - raft.server.log.preallocated.size = 16384 (custom)
2019-07-14 08:47:58,710 INFO  server.RaftServerConfigKeys (ConfUtils.java:logGet(43)) - raft.server.log.write.buffer.size = 33554432 (custom)
2019-07-14 08:47:58,710 INFO  server.RaftServerConfigKeys (ConfUtils.java:logGet(43)) - raft.server.log.force.sync.num = 128 (default)
2019-07-14 08:47:58,710 INFO  server.RaftServerConfigKeys (ConfUtils.java:logGet(43)) - raft.server.log.statemachine.data.sync = true (default)
2019-07-14 08:47:58,711 INFO  server.RaftServerConfigKeys (ConfUtils.java:logGet(43)) - raft.server.log.statemachine.data.sync.timeout = 10s (default)
2019-07-14 08:47:58,711 INFO  server.RaftServerConfigKeys (ConfUtils.java:logGet(43)) - raft.server.log.statemachine.data.sync.timeout.retry = -1 (default)
2019-07-14 08:47:58,711 INFO  server.RaftServerConfigKeys (ConfUtils.java:logGet(43)) - raft.server.log.statemachine.data.caching.enabled = true (custom)
2019-07-14 08:47:58,711 INFO  segmented.SegmentedRaftLogWorker (SegmentedRaftLogWorker.java:lambda$new$0(132)) - 0e2566f0-f1df-4e5b-8236-e8a73d3032f4-SegmentedRaftLogWorker:Storage Directory /workdir/hadoop-ozone/integration-test/target/test-dir/MiniOzoneClusterImpl-813f4eb2-d14a-42d0-ab02-1d0f0e18d9f3/datanode-4/data/ratis/72a09d1d-9e40-4fc2-b35b-68431d7fabb1: flushIndex: setUnconditionally 0 -> -1
2019-07-14 08:47:58,712 INFO  server.RaftServerConfigKeys (ConfUtils.java:logGet(43)) - raft.server.snapshot.auto.trigger.enabled = true (custom)
2019-07-14 08:47:58,712 INFO  server.RaftServerConfigKeys (ConfUtils.java:logGet(43)) - raft.server.snapshot.auto.trigger.threshold = 10000 (custom)
2019-07-14 08:47:58,712 INFO  server.RaftServerConfigKeys (ConfUtils.java:logGet(43)) - raft.server.retrycache.expirytime = 600000ms (custom)
2019-07-14 08:47:58,712 INFO  impl.RaftServerImpl (RaftServerImpl.java:start(180)) - 0e2566f0-f1df-4e5b-8236-e8a73d3032f4: start group-68431D7FABB1
2019-07-14 08:47:58,713 INFO  impl.RaftServerImpl (RaftServerImpl.java:setRole(171)) - 0e2566f0-f1df-4e5b-8236-e8a73d3032f4:group-68431D7FABB1 changes role from null to FOLLOWER at term 0 for startAsFollower
2019-07-14 08:47:58,713 INFO  impl.RoleInfo (RoleInfo.java:updateAndGet(143)) - 0e2566f0-f1df-4e5b-8236-e8a73d3032f4: start FollowerState
2019-07-14 08:47:58,713 INFO  util.JmxRegister (JmxRegister.java:tryRegister(44)) - Successfully registered JMX Bean with object name Ratis:service=RaftServer,group=group-68431D7FABB1,id=0e2566f0-f1df-4e5b-8236-e8a73d3032f4
2019-07-14 08:47:58,716 INFO  pipeline.PipelineStateManager (PipelineStateManager.java:addPipeline(56)) - Created pipeline Pipeline[ Id: 72a09d1d-9e40-4fc2-b35b-68431d7fabb1, Nodes: 0e2566f0-f1df-4e5b-8236-e8a73d3032f4{ip: 192.168.5.191, host: trunk-nightly-5z2vd-27108033, networkLocation: /default-rack, certSerialId: null}, Type:RATIS, Factor:ONE, State:OPEN]
2019-07-14 08:47:58,900 INFO  node.SCMNodeManager (SCMNodeManager.java:register(269)) - Registered Data node : d8295262-cae7-48ce-a5c7-414667f70876{ip: 192.168.5.191, host: trunk-nightly-5z2vd-27108033, networkLocation: /default-rack, certSerialId: null}
2019-07-14 08:47:58,935 INFO  impl.RaftServerProxy (RaftServerProxy.java:addNew(89)) - d8295262-cae7-48ce-a5c7-414667f70876: addNew group-F89105E97EC3:[d8295262-cae7-48ce-a5c7-414667f70876:192.168.5.191:41811] returns group-F89105E97EC3:java.util.concurrent.CompletableFuture@3f82c84[Not completed]
2019-07-14 08:47:58,937 INFO  impl.RaftServerImpl (RaftServerImpl.java:<init>(93)) - d8295262-cae7-48ce-a5c7-414667f70876: new RaftServerImpl for group-F89105E97EC3:[d8295262-cae7-48ce-a5c7-414667f70876:192.168.5.191:41811] with ContainerStateMachine:uninitialized
2019-07-14 08:47:58,937 INFO  server.RaftServerConfigKeys (ConfUtils.java:logGet(43)) - raft.server.rpc.timeout.min = 5s (custom)
2019-07-14 08:47:58,937 INFO  server.RaftServerConfigKeys (ConfUtils.java:logGet(43)) - raft.server.rpc.timeout.max = 5200ms (custom)
2019-07-14 08:47:58,937 INFO  server.RaftServerConfigKeys (ConfUtils.java:logGet(43)) - raft.server.rpcslowness.timeout = 120s (custom)
2019-07-14 08:47:58,937 INFO  server.RaftServerConfigKeys (ConfUtils.java:logGet(43)) - raft.server.sleep.deviation.threshold = 300 (default)
2019-07-14 08:47:58,938 INFO  server.RaftServerConfigKeys (ConfUtils.java:logGet(43)) - raft.server.log.appender.install.snapshot.enabled = false (custom)
2019-07-14 08:47:58,938 INFO  impl.RaftServerImpl (ServerState.java:<init>(105)) - d8295262-cae7-48ce-a5c7-414667f70876:group-F89105E97EC3 ConfigurationManager, init=-1: [d8295262-cae7-48ce-a5c7-414667f70876:192.168.5.191:41811], old=null, confs=<EMPTY_MAP>
2019-07-14 08:47:58,938 INFO  server.RaftServerConfigKeys (ConfUtils.java:logGet(43)) - raft.server.storage.dir = [/workdir/hadoop-ozone/integration-test/target/test-dir/MiniOzoneClusterImpl-813f4eb2-d14a-42d0-ab02-1d0f0e18d9f3/datanode-5/data/ratis] (custom)
2019-07-14 08:47:58,938 INFO  storage.RaftStorageDirectory (RaftStorageDirectory.java:analyzeStorage(246)) - The storage directory /workdir/hadoop-ozone/integration-test/target/test-dir/MiniOzoneClusterImpl-813f4eb2-d14a-42d0-ab02-1d0f0e18d9f3/datanode-5/data/ratis/15227296-7dae-4e65-83ad-f89105e97ec3 does not exist. Creating ...
2019-07-14 08:47:58,943 INFO  storage.RaftStorageDirectory (RaftStorageDirectory.java:tryLock(328)) - Lock on /workdir/hadoop-ozone/integration-test/target/test-dir/MiniOzoneClusterImpl-813f4eb2-d14a-42d0-ab02-1d0f0e18d9f3/datanode-5/data/ratis/15227296-7dae-4e65-83ad-f89105e97ec3/in_use.lock acquired by nodename 28443@trunk-nightly-5z2vd-27108033
2019-07-14 08:47:58,947 INFO  storage.RaftStorage (RaftStorage.java:format(72)) - Storage directory /workdir/hadoop-ozone/integration-test/target/test-dir/MiniOzoneClusterImpl-813f4eb2-d14a-42d0-ab02-1d0f0e18d9f3/datanode-5/data/ratis/15227296-7dae-4e65-83ad-f89105e97ec3 has been successfully formatted.
2019-07-14 08:47:58,948 INFO  ratis.ContainerStateMachine (ContainerStateMachine.java:loadSnapshot(200)) - group-F89105E97EC3: The snapshot info is null. Setting the last applied indexto:(t:0, i:~)
2019-07-14 08:47:58,948 INFO  server.RaftServerConfigKeys (ConfUtils.java:logGet(43)) - raft.server.leader.election.timeout = 120s (custom)
2019-07-14 08:47:58,948 INFO  server.RaftServerConfigKeys (ConfUtils.java:logGet(43)) - raft.server.log.use.memory = false (default)
2019-07-14 08:47:58,948 INFO  server.RaftServerConfigKeys (ConfUtils.java:logGet(43)) - raft.server.log.purge.gap = 1000000000 (custom)
2019-07-14 08:47:58,948 INFO  server.RaftServerConfigKeys (ConfUtils.java:logGet(43)) - raft.server.log.appender.buffer.byte-limit = 33554432 (custom)
2019-07-14 08:47:58,949 INFO  server.RaftServerConfigKeys (ConfUtils.java:logGet(43)) - raft.server.log.segment.size.max = 1048576 (custom)
2019-07-14 08:47:58,949 INFO  server.RaftServerConfigKeys (ConfUtils.java:logGet(43)) - raft.server.log.segment.cache.num.max = 2 (custom)
2019-07-14 08:47:58,949 INFO  segmented.SegmentedRaftLogWorker (SegmentedRaftLogWorker.java:<init>(172)) - new d8295262-cae7-48ce-a5c7-414667f70876-SegmentedRaftLogWorker:Storage Directory /workdir/hadoop-ozone/integration-test/target/test-dir/MiniOzoneClusterImpl-813f4eb2-d14a-42d0-ab02-1d0f0e18d9f3/datanode-5/data/ratis/15227296-7dae-4e65-83ad-f89105e97ec3 for RaftStorage:Storage Directory /workdir/hadoop-ozone/integration-test/target/test-dir/MiniOzoneClusterImpl-813f4eb2-d14a-42d0-ab02-1d0f0e18d9f3/datanode-5/data/ratis/15227296-7dae-4e65-83ad-f89105e97ec3
2019-07-14 08:47:58,949 INFO  server.RaftServerConfigKeys (ConfUtils.java:logGet(43)) - raft.server.log.queue.byte-limit = 2147483647 (custom)
2019-07-14 08:47:58,949 INFO  server.RaftServerConfigKeys (ConfUtils.java:logGet(43)) - raft.server.log.queue.element-limit = 1024 (custom)
2019-07-14 08:47:58,950 INFO  server.RaftServerConfigKeys (ConfUtils.java:logGet(43)) - raft.server.log.segment.size.max = 1048576 (custom)
2019-07-14 08:47:58,950 INFO  server.RaftServerConfigKeys (ConfUtils.java:logGet(43)) - raft.server.log.preallocated.size = 16384 (custom)
2019-07-14 08:47:58,950 INFO  server.RaftServerConfigKeys (ConfUtils.java:logGet(43)) - raft.server.log.write.buffer.size = 33554432 (custom)
2019-07-14 08:47:58,950 INFO  server.RaftServerConfigKeys (ConfUtils.java:logGet(43)) - raft.server.log.force.sync.num = 128 (default)
2019-07-14 08:47:58,950 INFO  server.RaftServerConfigKeys (ConfUtils.java:logGet(43)) - raft.server.log.statemachine.data.sync = true (default)
2019-07-14 08:47:58,950 INFO  server.RaftServerConfigKeys (ConfUtils.java:logGet(43)) - raft.server.log.statemachine.data.sync.timeout = 10s (default)
2019-07-14 08:47:58,951 INFO  server.RaftServerConfigKeys (ConfUtils.java:logGet(43)) - raft.server.log.statemachine.data.sync.timeout.retry = -1 (default)
2019-07-14 08:47:58,951 INFO  server.RaftServerConfigKeys (ConfUtils.java:logGet(43)) - raft.server.log.statemachine.data.caching.enabled = true (custom)
2019-07-14 08:47:58,951 INFO  segmented.SegmentedRaftLogWorker (SegmentedRaftLogWorker.java:lambda$new$0(132)) - d8295262-cae7-48ce-a5c7-414667f70876-SegmentedRaftLogWorker:Storage Directory /workdir/hadoop-ozone/integration-test/target/test-dir/MiniOzoneClusterImpl-813f4eb2-d14a-42d0-ab02-1d0f0e18d9f3/datanode-5/data/ratis/15227296-7dae-4e65-83ad-f89105e97ec3: flushIndex: setUnconditionally 0 -> -1
2019-07-14 08:47:58,952 INFO  server.RaftServerConfigKeys (ConfUtils.java:logGet(43)) - raft.server.snapshot.auto.trigger.enabled = true (custom)
2019-07-14 08:47:58,952 INFO  server.RaftServerConfigKeys (ConfUtils.java:logGet(43)) - raft.server.snapshot.auto.trigger.threshold = 10000 (custom)
2019-07-14 08:47:58,952 INFO  server.RaftServerConfigKeys (ConfUtils.java:logGet(43)) - raft.server.retrycache.expirytime = 600000ms (custom)
2019-07-14 08:47:58,952 INFO  impl.RaftServerImpl (RaftServerImpl.java:start(180)) - d8295262-cae7-48ce-a5c7-414667f70876: start group-F89105E97EC3
2019-07-14 08:47:58,953 INFO  impl.RaftServerImpl (RaftServerImpl.java:setRole(171)) - d8295262-cae7-48ce-a5c7-414667f70876:group-F89105E97EC3 changes role from null to FOLLOWER at term 0 for startAsFollower
2019-07-14 08:47:58,953 INFO  impl.RoleInfo (RoleInfo.java:updateAndGet(143)) - d8295262-cae7-48ce-a5c7-414667f70876: start FollowerState
2019-07-14 08:47:58,953 INFO  util.JmxRegister (JmxRegister.java:tryRegister(44)) - Successfully registered JMX Bean with object name Ratis:service=RaftServer,group=group-F89105E97EC3,id=d8295262-cae7-48ce-a5c7-414667f70876
2019-07-14 08:47:58,956 INFO  pipeline.PipelineStateManager (PipelineStateManager.java:addPipeline(56)) - Created pipeline Pipeline[ Id: 15227296-7dae-4e65-83ad-f89105e97ec3, Nodes: d8295262-cae7-48ce-a5c7-414667f70876{ip: 192.168.5.191, host: trunk-nightly-5z2vd-27108033, networkLocation: /default-rack, certSerialId: null}, Type:RATIS, Factor:ONE, State:OPEN]
2019-07-14 08:47:58,969 INFO  impl.RaftServerProxy (RaftServerProxy.java:addNew(89)) - 1380dc5f-a290-4284-8a2d-364e76bd8e8a: addNew group-0330DB93486A:[1380dc5f-a290-4284-8a2d-364e76bd8e8a:192.168.5.191:45244, 0e2566f0-f1df-4e5b-8236-e8a73d3032f4:192.168.5.191:41738, d8295262-cae7-48ce-a5c7-414667f70876:192.168.5.191:41811] returns group-0330DB93486A:java.util.concurrent.CompletableFuture@3c0242e5[Not completed]
2019-07-14 08:47:58,969 INFO  impl.RaftServerProxy (RaftServerProxy.java:addNew(89)) - d8295262-cae7-48ce-a5c7-414667f70876: addNew group-0330DB93486A:[1380dc5f-a290-4284-8a2d-364e76bd8e8a:192.168.5.191:45244, 0e2566f0-f1df-4e5b-8236-e8a73d3032f4:192.168.5.191:41738, d8295262-cae7-48ce-a5c7-414667f70876:192.168.5.191:41811] returns group-0330DB93486A:java.util.concurrent.CompletableFuture@2951b7a0[Not completed]
2019-07-14 08:47:58,969 INFO  impl.RaftServerProxy (RaftServerProxy.java:addNew(89)) - 0e2566f0-f1df-4e5b-8236-e8a73d3032f4: addNew group-0330DB93486A:[1380dc5f-a290-4284-8a2d-364e76bd8e8a:192.168.5.191:45244, 0e2566f0-f1df-4e5b-8236-e8a73d3032f4:192.168.5.191:41738, d8295262-cae7-48ce-a5c7-414667f70876:192.168.5.191:41811] returns group-0330DB93486A:java.util.concurrent.CompletableFuture@3c16d78a[Not completed]
2019-07-14 08:47:58,970 INFO  impl.RaftServerImpl (RaftServerImpl.java:<init>(93)) - 1380dc5f-a290-4284-8a2d-364e76bd8e8a: new RaftServerImpl for group-0330DB93486A:[1380dc5f-a290-4284-8a2d-364e76bd8e8a:192.168.5.191:45244, 0e2566f0-f1df-4e5b-8236-e8a73d3032f4:192.168.5.191:41738, d8295262-cae7-48ce-a5c7-414667f70876:192.168.5.191:41811] with ContainerStateMachine:uninitialized
2019-07-14 08:47:58,970 INFO  server.RaftServerConfigKeys (ConfUtils.java:logGet(43)) - raft.server.rpc.timeout.min = 5s (custom)
2019-07-14 08:47:58,971 INFO  server.RaftServerConfigKeys (ConfUtils.java:logGet(43)) - raft.server.rpc.timeout.max = 5200ms (custom)
2019-07-14 08:47:58,971 INFO  server.RaftServerConfigKeys (ConfUtils.java:logGet(43)) - raft.server.rpcslowness.timeout = 120s (custom)
2019-07-14 08:47:58,971 INFO  impl.RaftServerImpl (RaftServerImpl.java:<init>(93)) - 0e2566f0-f1df-4e5b-8236-e8a73d3032f4: new RaftServerImpl for group-0330DB93486A:[1380dc5f-a290-4284-8a2d-364e76bd8e8a:192.168.5.191:45244, 0e2566f0-f1df-4e5b-8236-e8a73d3032f4:192.168.5.191:41738, d8295262-cae7-48ce-a5c7-414667f70876:192.168.5.191:41811] with ContainerStateMachine:uninitialized
2019-07-14 08:47:58,971 INFO  server.RaftServerConfigKeys (ConfUtils.java:logGet(43)) - raft.server.sleep.deviation.threshold = 300 (default)
2019-07-14 08:47:58,971 INFO  server.RaftServerConfigKeys (ConfUtils.java:logGet(43)) - raft.server.rpc.timeout.min = 5s (custom)
2019-07-14 08:47:58,971 INFO  server.RaftServerConfigKeys (ConfUtils.java:logGet(43)) - raft.server.log.appender.install.snapshot.enabled = false (custom)
2019-07-14 08:47:58,971 INFO  server.RaftServerConfigKeys (ConfUtils.java:logGet(43)) - raft.server.rpc.timeout.max = 5200ms (custom)
2019-07-14 08:47:58,971 INFO  impl.RaftServerImpl (RaftServerImpl.java:<init>(93)) - d8295262-cae7-48ce-a5c7-414667f70876: new RaftServerImpl for group-0330DB93486A:[1380dc5f-a290-4284-8a2d-364e76bd8e8a:192.168.5.191:45244, 0e2566f0-f1df-4e5b-8236-e8a73d3032f4:192.168.5.191:41738, d8295262-cae7-48ce-a5c7-414667f70876:192.168.5.191:41811] with ContainerStateMachine:uninitialized
2019-07-14 08:47:58,971 INFO  impl.RaftServerImpl (ServerState.java:<init>(105)) - 1380dc5f-a290-4284-8a2d-364e76bd8e8a:group-0330DB93486A ConfigurationManager, init=-1: [1380dc5f-a290-4284-8a2d-364e76bd8e8a:192.168.5.191:45244, 0e2566f0-f1df-4e5b-8236-e8a73d3032f4:192.168.5.191:41738, d8295262-cae7-48ce-a5c7-414667f70876:192.168.5.191:41811], old=null, confs=<EMPTY_MAP>
2019-07-14 08:47:58,972 INFO  server.RaftServerConfigKeys (ConfUtils.java:logGet(43)) - raft.server.rpc.timeout.min = 5s (custom)
2019-07-14 08:47:58,972 INFO  server.RaftServerConfigKeys (ConfUtils.java:logGet(43)) - raft.server.rpc.timeout.max = 5200ms (custom)
2019-07-14 08:47:58,972 INFO  server.RaftServerConfigKeys (ConfUtils.java:logGet(43)) - raft.server.rpcslowness.timeout = 120s (custom)
2019-07-14 08:47:58,972 INFO  server.RaftServerConfigKeys (ConfUtils.java:logGet(43)) - raft.server.rpcslowness.timeout = 120s (custom)
2019-07-14 08:47:58,973 INFO  server.RaftServerConfigKeys (ConfUtils.java:logGet(43)) - raft.server.sleep.deviation.threshold = 300 (default)
2019-07-14 08:47:58,972 INFO  server.RaftServerConfigKeys (ConfUtils.java:logGet(43)) - raft.server.storage.dir = [/workdir/hadoop-ozone/integration-test/target/test-dir/MiniOzoneClusterImpl-813f4eb2-d14a-42d0-ab02-1d0f0e18d9f3/datanode-3/data/ratis] (custom)
2019-07-14 08:47:58,973 INFO  server.RaftServerConfigKeys (ConfUtils.java:logGet(43)) - raft.server.log.appender.install.snapshot.enabled = false (custom)
2019-07-14 08:47:58,972 INFO  server.RaftServerConfigKeys (ConfUtils.java:logGet(43)) - raft.server.sleep.deviation.threshold = 300 (default)
2019-07-14 08:47:58,973 INFO  storage.RaftStorageDirectory (RaftStorageDirectory.java:analyzeStorage(246)) - The storage directory /workdir/hadoop-ozone/integration-test/target/test-dir/MiniOzoneClusterImpl-813f4eb2-d14a-42d0-ab02-1d0f0e18d9f3/datanode-3/data/ratis/f572dc8a-ef19-4da6-9ae0-0330db93486a does not exist. Creating ...
2019-07-14 08:47:58,973 INFO  impl.RaftServerImpl (ServerState.java:<init>(105)) - d8295262-cae7-48ce-a5c7-414667f70876:group-0330DB93486A ConfigurationManager, init=-1: [1380dc5f-a290-4284-8a2d-364e76bd8e8a:192.168.5.191:45244, 0e2566f0-f1df-4e5b-8236-e8a73d3032f4:192.168.5.191:41738, d8295262-cae7-48ce-a5c7-414667f70876:192.168.5.191:41811], old=null, confs=<EMPTY_MAP>
2019-07-14 08:47:58,973 INFO  server.RaftServerConfigKeys (ConfUtils.java:logGet(43)) - raft.server.log.appender.install.snapshot.enabled = false (custom)
2019-07-14 08:47:58,974 INFO  server.RaftServerConfigKeys (ConfUtils.java:logGet(43)) - raft.server.storage.dir = [/workdir/hadoop-ozone/integration-test/target/test-dir/MiniOzoneClusterImpl-813f4eb2-d14a-42d0-ab02-1d0f0e18d9f3/datanode-5/data/ratis] (custom)
2019-07-14 08:47:58,974 INFO  impl.RaftServerImpl (ServerState.java:<init>(105)) - 0e2566f0-f1df-4e5b-8236-e8a73d3032f4:group-0330DB93486A ConfigurationManager, init=-1: [1380dc5f-a290-4284-8a2d-364e76bd8e8a:192.168.5.191:45244, 0e2566f0-f1df-4e5b-8236-e8a73d3032f4:192.168.5.191:41738, d8295262-cae7-48ce-a5c7-414667f70876:192.168.5.191:41811], old=null, confs=<EMPTY_MAP>
2019-07-14 08:47:58,974 INFO  server.RaftServerConfigKeys (ConfUtils.java:logGet(43)) - raft.server.storage.dir = [/workdir/hadoop-ozone/integration-test/target/test-dir/MiniOzoneClusterImpl-813f4eb2-d14a-42d0-ab02-1d0f0e18d9f3/datanode-4/data/ratis] (custom)
2019-07-14 08:47:58,974 INFO  storage.RaftStorageDirectory (RaftStorageDirectory.java:analyzeStorage(246)) - The storage directory /workdir/hadoop-ozone/integration-test/target/test-dir/MiniOzoneClusterImpl-813f4eb2-d14a-42d0-ab02-1d0f0e18d9f3/datanode-5/data/ratis/f572dc8a-ef19-4da6-9ae0-0330db93486a does not exist. Creating ...
2019-07-14 08:47:58,974 INFO  storage.RaftStorageDirectory (RaftStorageDirectory.java:analyzeStorage(246)) - The storage directory /workdir/hadoop-ozone/integration-test/target/test-dir/MiniOzoneClusterImpl-813f4eb2-d14a-42d0-ab02-1d0f0e18d9f3/datanode-4/data/ratis/f572dc8a-ef19-4da6-9ae0-0330db93486a does not exist. Creating ...
2019-07-14 08:47:58,978 INFO  storage.RaftStorageDirectory (RaftStorageDirectory.java:tryLock(328)) - Lock on /workdir/hadoop-ozone/integration-test/target/test-dir/MiniOzoneClusterImpl-813f4eb2-d14a-42d0-ab02-1d0f0e18d9f3/datanode-5/data/ratis/f572dc8a-ef19-4da6-9ae0-0330db93486a/in_use.lock acquired by nodename 28443@trunk-nightly-5z2vd-27108033
2019-07-14 08:47:58,978 INFO  storage.RaftStorageDirectory (RaftStorageDirectory.java:tryLock(328)) - Lock on /workdir/hadoop-ozone/integration-test/target/test-dir/MiniOzoneClusterImpl-813f4eb2-d14a-42d0-ab02-1d0f0e18d9f3/datanode-4/data/ratis/f572dc8a-ef19-4da6-9ae0-0330db93486a/in_use.lock acquired by nodename 28443@trunk-nightly-5z2vd-27108033
2019-07-14 08:47:58,978 INFO  storage.RaftStorageDirectory (RaftStorageDirectory.java:tryLock(328)) - Lock on /workdir/hadoop-ozone/integration-test/target/test-dir/MiniOzoneClusterImpl-813f4eb2-d14a-42d0-ab02-1d0f0e18d9f3/datanode-3/data/ratis/f572dc8a-ef19-4da6-9ae0-0330db93486a/in_use.lock acquired by nodename 28443@trunk-nightly-5z2vd-27108033
2019-07-14 08:47:58,983 INFO  storage.RaftStorage (RaftStorage.java:format(72)) - Storage directory /workdir/hadoop-ozone/integration-test/target/test-dir/MiniOzoneClusterImpl-813f4eb2-d14a-42d0-ab02-1d0f0e18d9f3/datanode-5/data/ratis/f572dc8a-ef19-4da6-9ae0-0330db93486a has been successfully formatted.
2019-07-14 08:47:58,983 INFO  storage.RaftStorage (RaftStorage.java:format(72)) - Storage directory /workdir/hadoop-ozone/integration-test/target/test-dir/MiniOzoneClusterImpl-813f4eb2-d14a-42d0-ab02-1d0f0e18d9f3/datanode-4/data/ratis/f572dc8a-ef19-4da6-9ae0-0330db93486a has been successfully formatted.
2019-07-14 08:47:58,983 INFO  storage.RaftStorage (RaftStorage.java:format(72)) - Storage directory /workdir/hadoop-ozone/integration-test/target/test-dir/MiniOzoneClusterImpl-813f4eb2-d14a-42d0-ab02-1d0f0e18d9f3/datanode-3/data/ratis/f572dc8a-ef19-4da6-9ae0-0330db93486a has been successfully formatted.
2019-07-14 08:47:58,984 INFO  ratis.ContainerStateMachine (ContainerStateMachine.java:loadSnapshot(200)) - group-0330DB93486A: The snapshot info is null. Setting the last applied indexto:(t:0, i:~)
2019-07-14 08:47:58,984 INFO  ratis.ContainerStateMachine (ContainerStateMachine.java:loadSnapshot(200)) - group-0330DB93486A: The snapshot info is null. Setting the last applied indexto:(t:0, i:~)
2019-07-14 08:47:58,984 INFO  ratis.ContainerStateMachine (ContainerStateMachine.java:loadSnapshot(200)) - group-0330DB93486A: The snapshot info is null. Setting the last applied indexto:(t:0, i:~)
2019-07-14 08:47:58,984 INFO  server.RaftServerConfigKeys (ConfUtils.java:logGet(43)) - raft.server.leader.election.timeout = 120s (custom)
2019-07-14 08:47:58,984 INFO  server.RaftServerConfigKeys (ConfUtils.java:logGet(43)) - raft.server.leader.election.timeout = 120s (custom)
2019-07-14 08:47:58,985 INFO  server.RaftServerConfigKeys (ConfUtils.java:logGet(43)) - raft.server.log.use.memory = false (default)
2019-07-14 08:47:58,984 INFO  server.RaftServerConfigKeys (ConfUtils.java:logGet(43)) - raft.server.leader.election.timeout = 120s (custom)
2019-07-14 08:47:58,985 INFO  server.RaftServerConfigKeys (ConfUtils.java:logGet(43)) - raft.server.log.purge.gap = 1000000000 (custom)
2019-07-14 08:47:58,985 INFO  server.RaftServerConfigKeys (ConfUtils.java:logGet(43)) - raft.server.log.use.memory = false (default)
2019-07-14 08:47:58,985 INFO  server.RaftServerConfigKeys (ConfUtils.java:logGet(43)) - raft.server.log.appender.buffer.byte-limit = 33554432 (custom)
2019-07-14 08:47:58,985 INFO  server.RaftServerConfigKeys (ConfUtils.java:logGet(43)) - raft.server.log.use.memory = false (default)
2019-07-14 08:47:58,985 INFO  server.RaftServerConfigKeys (ConfUtils.java:logGet(43)) - raft.server.log.segment.size.max = 1048576 (custom)
2019-07-14 08:47:58,985 INFO  server.RaftServerConfigKeys (ConfUtils.java:logGet(43)) - raft.server.log.purge.gap = 1000000000 (custom)
2019-07-14 08:47:58,986 INFO  server.RaftServerConfigKeys (ConfUtils.java:logGet(43)) - raft.server.log.segment.cache.num.max = 2 (custom)
2019-07-14 08:47:58,986 INFO  segmented.SegmentedRaftLogWorker (SegmentedRaftLogWorker.java:<init>(172)) - new 1380dc5f-a290-4284-8a2d-364e76bd8e8a-SegmentedRaftLogWorker:Storage Directory /workdir/hadoop-ozone/integration-test/target/test-dir/MiniOzoneClusterImpl-813f4eb2-d14a-42d0-ab02-1d0f0e18d9f3/datanode-3/data/ratis/f572dc8a-ef19-4da6-9ae0-0330db93486a for RaftStorage:Storage Directory /workdir/hadoop-ozone/integration-test/target/test-dir/MiniOzoneClusterImpl-813f4eb2-d14a-42d0-ab02-1d0f0e18d9f3/datanode-3/data/ratis/f572dc8a-ef19-4da6-9ae0-0330db93486a
2019-07-14 08:47:58,986 INFO  server.RaftServerConfigKeys (ConfUtils.java:logGet(43)) - raft.server.log.purge.gap = 1000000000 (custom)
2019-07-14 08:47:58,986 INFO  server.RaftServerConfigKeys (ConfUtils.java:logGet(43)) - raft.server.log.queue.byte-limit = 2147483647 (custom)
2019-07-14 08:47:58,987 INFO  server.RaftServerConfigKeys (ConfUtils.java:logGet(43)) - raft.server.log.queue.element-limit = 1024 (custom)
2019-07-14 08:47:58,986 INFO  server.RaftServerConfigKeys (ConfUtils.java:logGet(43)) - raft.server.log.appender.buffer.byte-limit = 33554432 (custom)
2019-07-14 08:47:58,987 INFO  server.RaftServerConfigKeys (ConfUtils.java:logGet(43)) - raft.server.log.segment.size.max = 1048576 (custom)
2019-07-14 08:47:58,987 INFO  server.RaftServerConfigKeys (ConfUtils.java:logGet(43)) - raft.server.log.preallocated.size = 16384 (custom)
2019-07-14 08:47:58,987 INFO  server.RaftServerConfigKeys (ConfUtils.java:logGet(43)) - raft.server.log.write.buffer.size = 33554432 (custom)
2019-07-14 08:47:58,987 INFO  server.RaftServerConfigKeys (ConfUtils.java:logGet(43)) - raft.server.log.force.sync.num = 128 (default)
2019-07-14 08:47:58,986 INFO  server.RaftServerConfigKeys (ConfUtils.java:logGet(43)) - raft.server.log.appender.buffer.byte-limit = 33554432 (custom)
2019-07-14 08:47:58,988 INFO  server.RaftServerConfigKeys (ConfUtils.java:logGet(43)) - raft.server.log.statemachine.data.sync = true (default)
2019-07-14 08:47:58,988 INFO  server.RaftServerConfigKeys (ConfUtils.java:logGet(43)) - raft.server.log.statemachine.data.sync.timeout = 10s (default)
2019-07-14 08:47:58,987 INFO  server.RaftServerConfigKeys (ConfUtils.java:logGet(43)) - raft.server.log.segment.size.max = 1048576 (custom)
2019-07-14 08:47:58,988 INFO  server.RaftServerConfigKeys (ConfUtils.java:logGet(43)) - raft.server.log.statemachine.data.sync.timeout.retry = -1 (default)
2019-07-14 08:47:58,988 INFO  server.RaftServerConfigKeys (ConfUtils.java:logGet(43)) - raft.server.log.segment.size.max = 1048576 (custom)
2019-07-14 08:47:58,989 INFO  server.RaftServerConfigKeys (ConfUtils.java:logGet(43)) - raft.server.log.statemachine.data.caching.enabled = true (custom)
2019-07-14 08:47:58,988 INFO  server.RaftServerConfigKeys (ConfUtils.java:logGet(43)) - raft.server.log.segment.cache.num.max = 2 (custom)
2019-07-14 08:47:58,989 INFO  server.RaftServerConfigKeys (ConfUtils.java:logGet(43)) - raft.server.log.segment.cache.num.max = 2 (custom)
2019-07-14 08:47:58,989 INFO  segmented.SegmentedRaftLogWorker (SegmentedRaftLogWorker.java:<init>(172)) - new 0e2566f0-f1df-4e5b-8236-e8a73d3032f4-SegmentedRaftLogWorker:Storage Directory /workdir/hadoop-ozone/integration-test/target/test-dir/MiniOzoneClusterImpl-813f4eb2-d14a-42d0-ab02-1d0f0e18d9f3/datanode-4/data/ratis/f572dc8a-ef19-4da6-9ae0-0330db93486a for RaftStorage:Storage Directory /workdir/hadoop-ozone/integration-test/target/test-dir/MiniOzoneClusterImpl-813f4eb2-d14a-42d0-ab02-1d0f0e18d9f3/datanode-4/data/ratis/f572dc8a-ef19-4da6-9ae0-0330db93486a
2019-07-14 08:47:58,989 INFO  segmented.SegmentedRaftLogWorker (SegmentedRaftLogWorker.java:lambda$new$0(132)) - 1380dc5f-a290-4284-8a2d-364e76bd8e8a-SegmentedRaftLogWorker:Storage Directory /workdir/hadoop-ozone/integration-test/target/test-dir/MiniOzoneClusterImpl-813f4eb2-d14a-42d0-ab02-1d0f0e18d9f3/datanode-3/data/ratis/f572dc8a-ef19-4da6-9ae0-0330db93486a: flushIndex: setUnconditionally 0 -> -1
2019-07-14 08:47:58,989 INFO  server.RaftServerConfigKeys (ConfUtils.java:logGet(43)) - raft.server.log.queue.byte-limit = 2147483647 (custom)
2019-07-14 08:47:58,989 INFO  segmented.SegmentedRaftLogWorker (SegmentedRaftLogWorker.java:<init>(172)) - new d8295262-cae7-48ce-a5c7-414667f70876-SegmentedRaftLogWorker:Storage Directory /workdir/hadoop-ozone/integration-test/target/test-dir/MiniOzoneClusterImpl-813f4eb2-d14a-42d0-ab02-1d0f0e18d9f3/datanode-5/data/ratis/f572dc8a-ef19-4da6-9ae0-0330db93486a for RaftStorage:Storage Directory /workdir/hadoop-ozone/integration-test/target/test-dir/MiniOzoneClusterImpl-813f4eb2-d14a-42d0-ab02-1d0f0e18d9f3/datanode-5/data/ratis/f572dc8a-ef19-4da6-9ae0-0330db93486a
2019-07-14 08:47:58,990 INFO  server.RaftServerConfigKeys (ConfUtils.java:logGet(43)) - raft.server.log.queue.element-limit = 1024 (custom)
2019-07-14 08:47:58,990 INFO  server.RaftServerConfigKeys (ConfUtils.java:logGet(43)) - raft.server.snapshot.auto.trigger.enabled = true (custom)
2019-07-14 08:47:58,990 INFO  server.RaftServerConfigKeys (ConfUtils.java:logGet(43)) - raft.server.log.segment.size.max = 1048576 (custom)
2019-07-14 08:47:58,990 INFO  server.RaftServerConfigKeys (ConfUtils.java:logGet(43)) - raft.server.log.preallocated.size = 16384 (custom)
2019-07-14 08:47:58,990 INFO  server.RaftServerConfigKeys (ConfUtils.java:logGet(43)) - raft.server.log.queue.byte-limit = 2147483647 (custom)
2019-07-14 08:47:58,991 INFO  server.RaftServerConfigKeys (ConfUtils.java:logGet(43)) - raft.server.log.write.buffer.size = 33554432 (custom)
2019-07-14 08:47:58,991 INFO  server.RaftServerConfigKeys (ConfUtils.java:logGet(43)) - raft.server.log.force.sync.num = 128 (default)
2019-07-14 08:47:58,990 INFO  server.RaftServerConfigKeys (ConfUtils.java:logGet(43)) - raft.server.snapshot.auto.trigger.threshold = 10000 (custom)
2019-07-14 08:47:58,991 INFO  server.RaftServerConfigKeys (ConfUtils.java:logGet(43)) - raft.server.log.statemachine.data.sync = true (default)
2019-07-14 08:47:58,991 INFO  server.RaftServerConfigKeys (ConfUtils.java:logGet(43)) - raft.server.log.queue.element-limit = 1024 (custom)
2019-07-14 08:47:58,991 INFO  server.RaftServerConfigKeys (ConfUtils.java:logGet(43)) - raft.server.log.statemachine.data.sync.timeout = 10s (default)
2019-07-14 08:47:58,991 INFO  server.RaftServerConfigKeys (ConfUtils.java:logGet(43)) - raft.server.retrycache.expirytime = 600000ms (custom)
2019-07-14 08:47:58,992 INFO  server.RaftServerConfigKeys (ConfUtils.java:logGet(43)) - raft.server.log.statemachine.data.sync.timeout.retry = -1 (default)
2019-07-14 08:47:58,992 INFO  server.RaftServerConfigKeys (ConfUtils.java:logGet(43)) - raft.server.log.segment.size.max = 1048576 (custom)
2019-07-14 08:47:58,992 INFO  server.RaftServerConfigKeys (ConfUtils.java:logGet(43)) - raft.server.log.statemachine.data.caching.enabled = true (custom)
2019-07-14 08:47:58,992 INFO  impl.RaftServerImpl (RaftServerImpl.java:start(180)) - 1380dc5f-a290-4284-8a2d-364e76bd8e8a: start group-0330DB93486A
2019-07-14 08:47:58,993 INFO  impl.RaftServerImpl (RaftServerImpl.java:setRole(171)) - 1380dc5f-a290-4284-8a2d-364e76bd8e8a:group-0330DB93486A changes role from null to FOLLOWER at term 0 for startAsFollower
2019-07-14 08:47:58,992 INFO  server.RaftServerConfigKeys (ConfUtils.java:logGet(43)) - raft.server.log.preallocated.size = 16384 (custom)
2019-07-14 08:47:58,993 INFO  impl.RoleInfo (RoleInfo.java:updateAndGet(143)) - 1380dc5f-a290-4284-8a2d-364e76bd8e8a: start FollowerState
2019-07-14 08:47:58,993 INFO  segmented.SegmentedRaftLogWorker (SegmentedRaftLogWorker.java:lambda$new$0(132)) - 0e2566f0-f1df-4e5b-8236-e8a73d3032f4-SegmentedRaftLogWorker:Storage Directory /workdir/hadoop-ozone/integration-test/target/test-dir/MiniOzoneClusterImpl-813f4eb2-d14a-42d0-ab02-1d0f0e18d9f3/datanode-4/data/ratis/f572dc8a-ef19-4da6-9ae0-0330db93486a: flushIndex: setUnconditionally 0 -> -1
2019-07-14 08:47:58,993 INFO  server.RaftServerConfigKeys (ConfUtils.java:logGet(43)) - raft.server.log.write.buffer.size = 33554432 (custom)
2019-07-14 08:47:58,993 INFO  util.JmxRegister (JmxRegister.java:tryRegister(44)) - Successfully registered JMX Bean with object name Ratis:service=RaftServer,group=group-0330DB93486A,id=1380dc5f-a290-4284-8a2d-364e76bd8e8a
2019-07-14 08:47:58,993 INFO  server.RaftServerConfigKeys (ConfUtils.java:logGet(43)) - raft.server.log.force.sync.num = 128 (default)
2019-07-14 08:47:58,993 INFO  server.RaftServerConfigKeys (ConfUtils.java:logGet(43)) - raft.server.snapshot.auto.trigger.enabled = true (custom)
2019-07-14 08:47:58,995 INFO  server.RaftServerConfigKeys (ConfUtils.java:logGet(43)) - raft.server.snapshot.auto.trigger.threshold = 10000 (custom)
2019-07-14 08:47:58,995 INFO  server.RaftServerConfigKeys (ConfUtils.java:logGet(43)) - raft.server.log.statemachine.data.sync = true (default)
2019-07-14 08:47:58,995 INFO  server.RaftServerConfigKeys (ConfUtils.java:logGet(43)) - raft.server.retrycache.expirytime = 600000ms (custom)
2019-07-14 08:47:58,995 INFO  server.RaftServerConfigKeys (ConfUtils.java:logGet(43)) - raft.server.log.statemachine.data.sync.timeout = 10s (default)
2019-07-14 08:47:58,995 INFO  impl.RaftServerImpl (RaftServerImpl.java:start(180)) - 0e2566f0-f1df-4e5b-8236-e8a73d3032f4: start group-0330DB93486A
2019-07-14 08:47:58,995 INFO  server.RaftServerConfigKeys (ConfUtils.java:logGet(43)) - raft.server.log.statemachine.data.sync.timeout.retry = -1 (default)
2019-07-14 08:47:58,996 INFO  impl.RaftServerImpl (RaftServerImpl.java:setRole(171)) - 0e2566f0-f1df-4e5b-8236-e8a73d3032f4:group-0330DB93486A changes role from null to FOLLOWER at term 0 for startAsFollower
2019-07-14 08:47:58,996 INFO  server.RaftServerConfigKeys (ConfUtils.java:logGet(43)) - raft.server.log.statemachine.data.caching.enabled = true (custom)
2019-07-14 08:47:58,996 INFO  impl.RoleInfo (RoleInfo.java:updateAndGet(143)) - 0e2566f0-f1df-4e5b-8236-e8a73d3032f4: start FollowerState
2019-07-14 08:47:58,996 INFO  segmented.SegmentedRaftLogWorker (SegmentedRaftLogWorker.java:lambda$new$0(132)) - d8295262-cae7-48ce-a5c7-414667f70876-SegmentedRaftLogWorker:Storage Directory /workdir/hadoop-ozone/integration-test/target/test-dir/MiniOzoneClusterImpl-813f4eb2-d14a-42d0-ab02-1d0f0e18d9f3/datanode-5/data/ratis/f572dc8a-ef19-4da6-9ae0-0330db93486a: flushIndex: setUnconditionally 0 -> -1
2019-07-14 08:47:58,996 INFO  util.JmxRegister (JmxRegister.java:tryRegister(44)) - Successfully registered JMX Bean with object name Ratis:service=RaftServer,group=group-0330DB93486A,id=0e2566f0-f1df-4e5b-8236-e8a73d3032f4
2019-07-14 08:47:58,997 INFO  server.RaftServerConfigKeys (ConfUtils.java:logGet(43)) - raft.server.snapshot.auto.trigger.enabled = true (custom)
2019-07-14 08:47:58,997 INFO  server.RaftServerConfigKeys (ConfUtils.java:logGet(43)) - raft.server.snapshot.auto.trigger.threshold = 10000 (custom)
2019-07-14 08:47:58,997 INFO  server.RaftServerConfigKeys (ConfUtils.java:logGet(43)) - raft.server.retrycache.expirytime = 600000ms (custom)
2019-07-14 08:47:58,997 INFO  impl.RaftServerImpl (RaftServerImpl.java:start(180)) - d8295262-cae7-48ce-a5c7-414667f70876: start group-0330DB93486A
2019-07-14 08:47:58,997 INFO  impl.RaftServerImpl (RaftServerImpl.java:setRole(171)) - d8295262-cae7-48ce-a5c7-414667f70876:group-0330DB93486A changes role from null to FOLLOWER at term 0 for startAsFollower
2019-07-14 08:47:58,998 INFO  impl.RoleInfo (RoleInfo.java:updateAndGet(143)) - d8295262-cae7-48ce-a5c7-414667f70876: start FollowerState
2019-07-14 08:47:58,998 INFO  util.JmxRegister (JmxRegister.java:tryRegister(44)) - Successfully registered JMX Bean with object name Ratis:service=RaftServer,group=group-0330DB93486A,id=d8295262-cae7-48ce-a5c7-414667f70876
2019-07-14 08:47:59,001 INFO  pipeline.PipelineStateManager (PipelineStateManager.java:addPipeline(56)) - Created pipeline Pipeline[ Id: f572dc8a-ef19-4da6-9ae0-0330db93486a, Nodes: d8295262-cae7-48ce-a5c7-414667f70876{ip: 192.168.5.191, host: trunk-nightly-5z2vd-27108033, networkLocation: /default-rack, certSerialId: null}0e2566f0-f1df-4e5b-8236-e8a73d3032f4{ip: 192.168.5.191, host: trunk-nightly-5z2vd-27108033, networkLocation: /default-rack, certSerialId: null}1380dc5f-a290-4284-8a2d-364e76bd8e8a{ip: 192.168.5.191, host: trunk-nightly-5z2vd-27108033, networkLocation: /default-rack, certSerialId: null}, Type:RATIS, Factor:THREE, State:OPEN]
2019-07-14 08:47:59,095 INFO  ozone.MiniOzoneClusterImpl (MiniOzoneClusterImpl.java:lambda$waitForClusterToBeReady$0(142)) - Waiting for cluster to be ready. Got 6 of 7 DN Heartbeats.
2019-07-14 08:47:59,096 INFO  node.SCMNodeManager (SCMNodeManager.java:register(269)) - Registered Data node : 084d1da2-e07b-4a37-b91f-b9c42ce6859b{ip: 192.168.5.191, host: trunk-nightly-5z2vd-27108033, networkLocation: /default-rack, certSerialId: null}
2019-07-14 08:47:59,108 INFO  impl.RaftServerProxy (RaftServerProxy.java:addNew(89)) - 084d1da2-e07b-4a37-b91f-b9c42ce6859b: addNew group-3F1A8B2CBAE6:[084d1da2-e07b-4a37-b91f-b9c42ce6859b:192.168.5.191:34588] returns group-3F1A8B2CBAE6:java.util.concurrent.CompletableFuture@2f340d38[Not completed]
2019-07-14 08:47:59,109 INFO  impl.RaftServerImpl (RaftServerImpl.java:<init>(93)) - 084d1da2-e07b-4a37-b91f-b9c42ce6859b: new RaftServerImpl for group-3F1A8B2CBAE6:[084d1da2-e07b-4a37-b91f-b9c42ce6859b:192.168.5.191:34588] with ContainerStateMachine:uninitialized
2019-07-14 08:47:59,110 INFO  server.RaftServerConfigKeys (ConfUtils.java:logGet(43)) - raft.server.rpc.timeout.min = 5s (custom)
2019-07-14 08:47:59,110 INFO  server.RaftServerConfigKeys (ConfUtils.java:logGet(43)) - raft.server.rpc.timeout.max = 5200ms (custom)
2019-07-14 08:47:59,110 INFO  server.RaftServerConfigKeys (ConfUtils.java:logGet(43)) - raft.server.rpcslowness.timeout = 120s (custom)
2019-07-14 08:47:59,110 INFO  server.RaftServerConfigKeys (ConfUtils.java:logGet(43)) - raft.server.sleep.deviation.threshold = 300 (default)
2019-07-14 08:47:59,110 INFO  server.RaftServerConfigKeys (ConfUtils.java:logGet(43)) - raft.server.log.appender.install.snapshot.enabled = false (custom)
2019-07-14 08:47:59,110 INFO  impl.RaftServerImpl (ServerState.java:<init>(105)) - 084d1da2-e07b-4a37-b91f-b9c42ce6859b:group-3F1A8B2CBAE6 ConfigurationManager, init=-1: [084d1da2-e07b-4a37-b91f-b9c42ce6859b:192.168.5.191:34588], old=null, confs=<EMPTY_MAP>
2019-07-14 08:47:59,111 INFO  server.RaftServerConfigKeys (ConfUtils.java:logGet(43)) - raft.server.storage.dir = [/workdir/hadoop-ozone/integration-test/target/test-dir/MiniOzoneClusterImpl-813f4eb2-d14a-42d0-ab02-1d0f0e18d9f3/datanode-6/data/ratis] (custom)
2019-07-14 08:47:59,111 INFO  storage.RaftStorageDirectory (RaftStorageDirectory.java:analyzeStorage(246)) - The storage directory /workdir/hadoop-ozone/integration-test/target/test-dir/MiniOzoneClusterImpl-813f4eb2-d14a-42d0-ab02-1d0f0e18d9f3/datanode-6/data/ratis/8a671090-c34e-44fd-8d24-3f1a8b2cbae6 does not exist. Creating ...
2019-07-14 08:47:59,117 INFO  storage.RaftStorageDirectory (RaftStorageDirectory.java:tryLock(328)) - Lock on /workdir/hadoop-ozone/integration-test/target/test-dir/MiniOzoneClusterImpl-813f4eb2-d14a-42d0-ab02-1d0f0e18d9f3/datanode-6/data/ratis/8a671090-c34e-44fd-8d24-3f1a8b2cbae6/in_use.lock acquired by nodename 28443@trunk-nightly-5z2vd-27108033
2019-07-14 08:47:59,121 INFO  storage.RaftStorage (RaftStorage.java:format(72)) - Storage directory /workdir/hadoop-ozone/integration-test/target/test-dir/MiniOzoneClusterImpl-813f4eb2-d14a-42d0-ab02-1d0f0e18d9f3/datanode-6/data/ratis/8a671090-c34e-44fd-8d24-3f1a8b2cbae6 has been successfully formatted.
2019-07-14 08:47:59,122 INFO  ratis.ContainerStateMachine (ContainerStateMachine.java:loadSnapshot(200)) - group-3F1A8B2CBAE6: The snapshot info is null. Setting the last applied indexto:(t:0, i:~)
2019-07-14 08:47:59,122 INFO  server.RaftServerConfigKeys (ConfUtils.java:logGet(43)) - raft.server.leader.election.timeout = 120s (custom)
2019-07-14 08:47:59,122 INFO  server.RaftServerConfigKeys (ConfUtils.java:logGet(43)) - raft.server.log.use.memory = false (default)
2019-07-14 08:47:59,122 INFO  server.RaftServerConfigKeys (ConfUtils.java:logGet(43)) - raft.server.log.purge.gap = 1000000000 (custom)
2019-07-14 08:47:59,122 INFO  server.RaftServerConfigKeys (ConfUtils.java:logGet(43)) - raft.server.log.appender.buffer.byte-limit = 33554432 (custom)
2019-07-14 08:47:59,122 INFO  server.RaftServerConfigKeys (ConfUtils.java:logGet(43)) - raft.server.log.segment.size.max = 1048576 (custom)
2019-07-14 08:47:59,123 INFO  server.RaftServerConfigKeys (ConfUtils.java:logGet(43)) - raft.server.log.segment.cache.num.max = 2 (custom)
2019-07-14 08:47:59,123 INFO  segmented.SegmentedRaftLogWorker (SegmentedRaftLogWorker.java:<init>(172)) - new 084d1da2-e07b-4a37-b91f-b9c42ce6859b-SegmentedRaftLogWorker:Storage Directory /workdir/hadoop-ozone/integration-test/target/test-dir/MiniOzoneClusterImpl-813f4eb2-d14a-42d0-ab02-1d0f0e18d9f3/datanode-6/data/ratis/8a671090-c34e-44fd-8d24-3f1a8b2cbae6 for RaftStorage:Storage Directory /workdir/hadoop-ozone/integration-test/target/test-dir/MiniOzoneClusterImpl-813f4eb2-d14a-42d0-ab02-1d0f0e18d9f3/datanode-6/data/ratis/8a671090-c34e-44fd-8d24-3f1a8b2cbae6
2019-07-14 08:47:59,123 INFO  server.RaftServerConfigKeys (ConfUtils.java:logGet(43)) - raft.server.log.queue.byte-limit = 2147483647 (custom)
2019-07-14 08:47:59,123 INFO  server.RaftServerConfigKeys (ConfUtils.java:logGet(43)) - raft.server.log.queue.element-limit = 1024 (custom)
2019-07-14 08:47:59,123 INFO  server.RaftServerConfigKeys (ConfUtils.java:logGet(43)) - raft.server.log.segment.size.max = 1048576 (custom)
2019-07-14 08:47:59,124 INFO  server.RaftServerConfigKeys (ConfUtils.java:logGet(43)) - raft.server.log.preallocated.size = 16384 (custom)
2019-07-14 08:47:59,124 INFO  server.RaftServerConfigKeys (ConfUtils.java:logGet(43)) - raft.server.log.write.buffer.size = 33554432 (custom)
2019-07-14 08:47:59,124 INFO  server.RaftServerConfigKeys (ConfUtils.java:logGet(43)) - raft.server.log.force.sync.num = 128 (default)
2019-07-14 08:47:59,124 INFO  server.RaftServerConfigKeys (ConfUtils.java:logGet(43)) - raft.server.log.statemachine.data.sync = true (default)
2019-07-14 08:47:59,124 INFO  server.RaftServerConfigKeys (ConfUtils.java:logGet(43)) - raft.server.log.statemachine.data.sync.timeout = 10s (default)
2019-07-14 08:47:59,124 INFO  server.RaftServerConfigKeys (ConfUtils.java:logGet(43)) - raft.server.log.statemachine.data.sync.timeout.retry = -1 (default)
2019-07-14 08:47:59,125 INFO  server.RaftServerConfigKeys (ConfUtils.java:logGet(43)) - raft.server.log.statemachine.data.caching.enabled = true (custom)
2019-07-14 08:47:59,125 INFO  segmented.SegmentedRaftLogWorker (SegmentedRaftLogWorker.java:lambda$new$0(132)) - 084d1da2-e07b-4a37-b91f-b9c42ce6859b-SegmentedRaftLogWorker:Storage Directory /workdir/hadoop-ozone/integration-test/target/test-dir/MiniOzoneClusterImpl-813f4eb2-d14a-42d0-ab02-1d0f0e18d9f3/datanode-6/data/ratis/8a671090-c34e-44fd-8d24-3f1a8b2cbae6: flushIndex: setUnconditionally 0 -> -1
2019-07-14 08:47:59,125 INFO  server.RaftServerConfigKeys (ConfUtils.java:logGet(43)) - raft.server.snapshot.auto.trigger.enabled = true (custom)
2019-07-14 08:47:59,126 INFO  server.RaftServerConfigKeys (ConfUtils.java:logGet(43)) - raft.server.snapshot.auto.trigger.threshold = 10000 (custom)
2019-07-14 08:47:59,126 INFO  server.RaftServerConfigKeys (ConfUtils.java:logGet(43)) - raft.server.retrycache.expirytime = 600000ms (custom)
2019-07-14 08:47:59,126 INFO  impl.RaftServerImpl (RaftServerImpl.java:start(180)) - 084d1da2-e07b-4a37-b91f-b9c42ce6859b: start group-3F1A8B2CBAE6
2019-07-14 08:47:59,126 INFO  impl.RaftServerImpl (RaftServerImpl.java:setRole(171)) - 084d1da2-e07b-4a37-b91f-b9c42ce6859b:group-3F1A8B2CBAE6 changes role from null to FOLLOWER at term 0 for startAsFollower
2019-07-14 08:47:59,126 INFO  impl.RoleInfo (RoleInfo.java:updateAndGet(143)) - 084d1da2-e07b-4a37-b91f-b9c42ce6859b: start FollowerState
2019-07-14 08:47:59,127 INFO  util.JmxRegister (JmxRegister.java:tryRegister(44)) - Successfully registered JMX Bean with object name Ratis:service=RaftServer,group=group-3F1A8B2CBAE6,id=084d1da2-e07b-4a37-b91f-b9c42ce6859b
2019-07-14 08:47:59,129 INFO  pipeline.PipelineStateManager (PipelineStateManager.java:addPipeline(56)) - Created pipeline Pipeline[ Id: 8a671090-c34e-44fd-8d24-3f1a8b2cbae6, Nodes: 084d1da2-e07b-4a37-b91f-b9c42ce6859b{ip: 192.168.5.191, host: trunk-nightly-5z2vd-27108033, networkLocation: /default-rack, certSerialId: null}, Type:RATIS, Factor:ONE, State:OPEN]
2019-07-14 08:48:00,096 INFO  ozone.MiniOzoneClusterImpl (MiniOzoneClusterImpl.java:lambda$waitForClusterToBeReady$0(142)) - Cluster is ready. Got 7 of 7 DN Heartbeats.
2019-07-14 08:48:00,144 INFO  rpc.RpcClient (RpcClient.java:createVolume(287)) - Creating Volume: watchforcommithandlingtest, with jenkins1000 as owner.
2019-07-14 08:48:00,165 INFO  rpc.RpcClient (RpcClient.java:createBucket(424)) - Creating Bucket: watchforcommithandlingtest/watchforcommithandlingtest, with Versioning false and Storage Type set to DISK and Encryption set to false 
2019-07-14 08:48:00,170 INFO  ozone.MiniOzoneClusterImpl (MiniOzoneClusterImpl.java:getStorageContainerLocationClient(241)) - Creating StorageContainerLocationProtocol RPC client with address /0.0.0.0:37403
2019-07-14 08:48:00,190 INFO  client.GrpcClientProtocolClient (GrpcClientProtocolClient.java:onNext(255)) - client-3311122B2542->e0e906dc-5934-495b-8920-509eefe19847: receive RaftClientReply:client-3311122B2542->e0e906dc-5934-495b-8920-509eefe19847@group-447E48BD93BB, cid=54, FAILED org.apache.ratis.protocol.NotLeaderException: Server e0e906dc-5934-495b-8920-509eefe19847 is not the leader (null). Request must be sent to leader., logIndex=0, commits[e0e906dc-5934-495b-8920-509eefe19847:c-1]
2019-07-14 08:48:00,765 INFO  container.ReplicationManager (ReplicationManager.java:start(155)) - Starting Replication Monitor Thread.
2019-07-14 08:48:00,774 INFO  container.ReplicationManager (ReplicationManager.java:run(207)) - Replication Monitor Thread took 0 milliseconds for processing 1 containers.
2019-07-14 08:48:01,218 INFO  client.GrpcClientProtocolClient (GrpcClientProtocolClient.java:onNext(255)) - client-3311122B2542->cc2591a2-a433-42b0-bef9-b70d672d3d27: receive RaftClientReply:client-3311122B2542->cc2591a2-a433-42b0-bef9-b70d672d3d27@group-447E48BD93BB, cid=54, FAILED org.apache.ratis.protocol.NotLeaderException: Server cc2591a2-a433-42b0-bef9-b70d672d3d27 is not the leader (null). Request must be sent to leader., logIndex=0, commits[cc2591a2-a433-42b0-bef9-b70d672d3d27:c-1]
2019-07-14 08:48:02,244 INFO  client.GrpcClientProtocolClient (GrpcClientProtocolClient.java:onNext(255)) - client-3311122B2542->3b534486-5863-40fe-abd3-c4599ce5b3a5: receive RaftClientReply:client-3311122B2542->3b534486-5863-40fe-abd3-c4599ce5b3a5@group-447E48BD93BB, cid=54, FAILED org.apache.ratis.protocol.NotLeaderException: Server 3b534486-5863-40fe-abd3-c4599ce5b3a5 is not the leader (null). Request must be sent to leader., logIndex=0, commits[3b534486-5863-40fe-abd3-c4599ce5b3a5:c-1]
2019-07-14 08:48:02,848 INFO  impl.FollowerState (FollowerState.java:run(106)) - e0e906dc-5934-495b-8920-509eefe19847:group-D81253EFF309 changes to CANDIDATE, lastRpcTime:5053, electionTimeout:5053ms
2019-07-14 08:48:02,848 INFO  impl.RoleInfo (RoleInfo.java:shutdownFollowerState(121)) - e0e906dc-5934-495b-8920-509eefe19847: shutdown FollowerState
2019-07-14 08:48:02,848 INFO  impl.RaftServerImpl (RaftServerImpl.java:setRole(171)) - e0e906dc-5934-495b-8920-509eefe19847:group-D81253EFF309 changes role from FOLLOWER to CANDIDATE at term 0 for changeToCandidate
2019-07-14 08:48:02,849 INFO  impl.RoleInfo (RoleInfo.java:updateAndGet(143)) - e0e906dc-5934-495b-8920-509eefe19847: start LeaderElection
2019-07-14 08:48:02,878 INFO  impl.LeaderElection (LeaderElection.java:askForVotes(181)) - e0e906dc-5934-495b-8920-509eefe19847:group-D81253EFF309:LeaderElection27: begin an election at term 1 for -1: [e0e906dc-5934-495b-8920-509eefe19847:192.168.5.191:41252], old=null
2019-07-14 08:48:02,878 INFO  impl.RoleInfo (RoleInfo.java:shutdownLeaderElection(134)) - e0e906dc-5934-495b-8920-509eefe19847: shutdown LeaderElection
2019-07-14 08:48:02,879 INFO  impl.RaftServerImpl (RaftServerImpl.java:setRole(171)) - e0e906dc-5934-495b-8920-509eefe19847:group-D81253EFF309 changes role from CANDIDATE to LEADER at term 1 for changeToLeader
2019-07-14 08:48:02,879 INFO  impl.RaftServerImpl (ServerState.java:setLeader(263)) - e0e906dc-5934-495b-8920-509eefe19847:group-D81253EFF309 change Leader from null to e0e906dc-5934-495b-8920-509eefe19847 at term 1 for becomeLeader, leader elected after 5089ms
2019-07-14 08:48:02,879 INFO  server.RaftServerConfigKeys (ConfUtils.java:logGet(43)) - raft.server.staging.catchup.gap = 1000 (default)
2019-07-14 08:48:02,879 INFO  server.RaftServerConfigKeys (ConfUtils.java:logGet(43)) - raft.server.rpc.sleep.time = 25ms (default)
2019-07-14 08:48:02,879 INFO  server.RaftServerConfigKeys (ConfUtils.java:logGet(43)) - raft.server.write.element-limit = 4096 (default)
2019-07-14 08:48:02,879 INFO  server.RaftServerConfigKeys (ConfUtils.java:logGet(43)) - raft.server.watch.timeout = 10s (default)
2019-07-14 08:48:02,879 INFO  server.RaftServerConfigKeys (ConfUtils.java:logGet(43)) - raft.server.watch.timeout.denomination = 1s (default)
2019-07-14 08:48:02,880 INFO  server.RaftServerConfigKeys (ConfUtils.java:logGet(43)) - raft.server.watch.element-limit = 65536 (default)
2019-07-14 08:48:02,880 INFO  impl.RoleInfo (RoleInfo.java:updateAndGet(143)) - e0e906dc-5934-495b-8920-509eefe19847: start LeaderState
2019-07-14 08:48:02,880 INFO  segmented.SegmentedRaftLogWorker (SegmentedRaftLogWorker.java:startLogSegment(380)) - e0e906dc-5934-495b-8920-509eefe19847-SegmentedRaftLogWorker:Storage Directory /workdir/hadoop-ozone/integration-test/target/test-dir/MiniOzoneClusterImpl-813f4eb2-d14a-42d0-ab02-1d0f0e18d9f3/datanode-0/data/ratis/16996e32-6a8e-40dd-ad2c-d81253eff309: Starting segment from index:0
2019-07-14 08:48:02,881 INFO  impl.RaftServerImpl (ServerState.java:setRaftConf(361)) - e0e906dc-5934-495b-8920-509eefe19847:group-D81253EFF309 set configuration 0: [e0e906dc-5934-495b-8920-509eefe19847:192.168.5.191:41252], old=null at 0
2019-07-14 08:48:02,896 INFO  segmented.SegmentedRaftLogWorker (SegmentedRaftLogWorker.java:execute(569)) - e0e906dc-5934-495b-8920-509eefe19847-SegmentedRaftLogWorker:Storage Directory /workdir/hadoop-ozone/integration-test/target/test-dir/MiniOzoneClusterImpl-813f4eb2-d14a-42d0-ab02-1d0f0e18d9f3/datanode-0/data/ratis/16996e32-6a8e-40dd-ad2c-d81253eff309: created new log segment /workdir/hadoop-ozone/integration-test/target/test-dir/MiniOzoneClusterImpl-813f4eb2-d14a-42d0-ab02-1d0f0e18d9f3/datanode-0/data/ratis/16996e32-6a8e-40dd-ad2c-d81253eff309/current/log_inprogress_0
2019-07-14 08:48:03,104 INFO  impl.FollowerState (FollowerState.java:run(106)) - 3b534486-5863-40fe-abd3-c4599ce5b3a5:group-D4BA6EDFED0C changes to CANDIDATE, lastRpcTime:5032, electionTimeout:5032ms
2019-07-14 08:48:03,104 INFO  impl.RoleInfo (RoleInfo.java:shutdownFollowerState(121)) - 3b534486-5863-40fe-abd3-c4599ce5b3a5: shutdown FollowerState
2019-07-14 08:48:03,104 INFO  impl.RaftServerImpl (RaftServerImpl.java:setRole(171)) - 3b534486-5863-40fe-abd3-c4599ce5b3a5:group-D4BA6EDFED0C changes role from FOLLOWER to CANDIDATE at term 0 for changeToCandidate
2019-07-14 08:48:03,104 INFO  impl.RoleInfo (RoleInfo.java:updateAndGet(143)) - 3b534486-5863-40fe-abd3-c4599ce5b3a5: start LeaderElection
2019-07-14 08:48:03,131 INFO  impl.LeaderElection (LeaderElection.java:askForVotes(181)) - 3b534486-5863-40fe-abd3-c4599ce5b3a5:group-D4BA6EDFED0C:LeaderElection28: begin an election at term 1 for -1: [3b534486-5863-40fe-abd3-c4599ce5b3a5:192.168.5.191:46339], old=null
2019-07-14 08:48:03,132 INFO  impl.RoleInfo (RoleInfo.java:shutdownLeaderElection(134)) - 3b534486-5863-40fe-abd3-c4599ce5b3a5: shutdown LeaderElection
2019-07-14 08:48:03,132 INFO  impl.RaftServerImpl (RaftServerImpl.java:setRole(171)) - 3b534486-5863-40fe-abd3-c4599ce5b3a5:group-D4BA6EDFED0C changes role from CANDIDATE to LEADER at term 1 for changeToLeader
2019-07-14 08:48:03,132 INFO  impl.RaftServerImpl (ServerState.java:setLeader(263)) - 3b534486-5863-40fe-abd3-c4599ce5b3a5:group-D4BA6EDFED0C change Leader from null to 3b534486-5863-40fe-abd3-c4599ce5b3a5 at term 1 for becomeLeader, leader elected after 5064ms
2019-07-14 08:48:03,132 INFO  server.RaftServerConfigKeys (ConfUtils.java:logGet(43)) - raft.server.staging.catchup.gap = 1000 (default)
2019-07-14 08:48:03,132 INFO  server.RaftServerConfigKeys (ConfUtils.java:logGet(43)) - raft.server.rpc.sleep.time = 25ms (default)
2019-07-14 08:48:03,132 INFO  server.RaftServerConfigKeys (ConfUtils.java:logGet(43)) - raft.server.write.element-limit = 4096 (default)
2019-07-14 08:48:03,133 INFO  server.RaftServerConfigKeys (ConfUtils.java:logGet(43)) - raft.server.watch.timeout = 10s (default)
2019-07-14 08:48:03,133 INFO  server.RaftServerConfigKeys (ConfUtils.java:logGet(43)) - raft.server.watch.timeout.denomination = 1s (default)
2019-07-14 08:48:03,133 INFO  server.RaftServerConfigKeys (ConfUtils.java:logGet(43)) - raft.server.watch.element-limit = 65536 (default)
2019-07-14 08:48:03,133 INFO  impl.RoleInfo (RoleInfo.java:updateAndGet(143)) - 3b534486-5863-40fe-abd3-c4599ce5b3a5: start LeaderState
2019-07-14 08:48:03,133 INFO  segmented.SegmentedRaftLogWorker (SegmentedRaftLogWorker.java:startLogSegment(380)) - 3b534486-5863-40fe-abd3-c4599ce5b3a5-SegmentedRaftLogWorker:Storage Directory /workdir/hadoop-ozone/integration-test/target/test-dir/MiniOzoneClusterImpl-813f4eb2-d14a-42d0-ab02-1d0f0e18d9f3/datanode-1/data/ratis/fa199370-75ee-43ef-ba3a-d4ba6edfed0c: Starting segment from index:0
2019-07-14 08:48:03,134 INFO  impl.RaftServerImpl (ServerState.java:setRaftConf(361)) - 3b534486-5863-40fe-abd3-c4599ce5b3a5:group-D4BA6EDFED0C set configuration 0: [3b534486-5863-40fe-abd3-c4599ce5b3a5:192.168.5.191:46339], old=null at 0
2019-07-14 08:48:03,152 INFO  segmented.SegmentedRaftLogWorker (SegmentedRaftLogWorker.java:execute(569)) - 3b534486-5863-40fe-abd3-c4599ce5b3a5-SegmentedRaftLogWorker:Storage Directory /workdir/hadoop-ozone/integration-test/target/test-dir/MiniOzoneClusterImpl-813f4eb2-d14a-42d0-ab02-1d0f0e18d9f3/datanode-1/data/ratis/fa199370-75ee-43ef-ba3a-d4ba6edfed0c: created new log segment /workdir/hadoop-ozone/integration-test/target/test-dir/MiniOzoneClusterImpl-813f4eb2-d14a-42d0-ab02-1d0f0e18d9f3/datanode-1/data/ratis/fa199370-75ee-43ef-ba3a-d4ba6edfed0c/current/log_inprogress_0
2019-07-14 08:48:03,264 INFO  client.GrpcClientProtocolClient (GrpcClientProtocolClient.java:onNext(255)) - client-3311122B2542->e0e906dc-5934-495b-8920-509eefe19847: receive RaftClientReply:client-3311122B2542->e0e906dc-5934-495b-8920-509eefe19847@group-447E48BD93BB, cid=54, FAILED org.apache.ratis.protocol.NotLeaderException: Server e0e906dc-5934-495b-8920-509eefe19847 is not the leader (null). Request must be sent to leader., logIndex=0, commits[e0e906dc-5934-495b-8920-509eefe19847:c-1]
2019-07-14 08:48:03,386 INFO  impl.FollowerState (FollowerState.java:run(106)) - cc2591a2-a433-42b0-bef9-b70d672d3d27:group-447E48BD93BB changes to CANDIDATE, lastRpcTime:5035, electionTimeout:5034ms
2019-07-14 08:48:03,386 INFO  impl.RoleInfo (RoleInfo.java:shutdownFollowerState(121)) - cc2591a2-a433-42b0-bef9-b70d672d3d27: shutdown FollowerState
2019-07-14 08:48:03,387 INFO  impl.RaftServerImpl (RaftServerImpl.java:setRole(171)) - cc2591a2-a433-42b0-bef9-b70d672d3d27:group-447E48BD93BB changes role from FOLLOWER to CANDIDATE at term 0 for changeToCandidate
2019-07-14 08:48:03,387 INFO  impl.RoleInfo (RoleInfo.java:updateAndGet(143)) - cc2591a2-a433-42b0-bef9-b70d672d3d27: start LeaderElection
2019-07-14 08:48:03,411 INFO  impl.LeaderElection (LeaderElection.java:askForVotes(181)) - cc2591a2-a433-42b0-bef9-b70d672d3d27:group-447E48BD93BB:LeaderElection29: begin an election at term 1 for -1: [e0e906dc-5934-495b-8920-509eefe19847:192.168.5.191:41252, 3b534486-5863-40fe-abd3-c4599ce5b3a5:192.168.5.191:46339, cc2591a2-a433-42b0-bef9-b70d672d3d27:192.168.5.191:44697], old=null
2019-07-14 08:48:03,418 INFO  impl.RaftServerImpl (RaftServerImpl.java:setRole(171)) - e0e906dc-5934-495b-8920-509eefe19847:group-447E48BD93BB changes role from FOLLOWER to FOLLOWER at term 1 for recognizeCandidate:cc2591a2-a433-42b0-bef9-b70d672d3d27
2019-07-14 08:48:03,418 INFO  impl.RaftServerImpl (RaftServerImpl.java:setRole(171)) - 3b534486-5863-40fe-abd3-c4599ce5b3a5:group-447E48BD93BB changes role from FOLLOWER to FOLLOWER at term 1 for recognizeCandidate:cc2591a2-a433-42b0-bef9-b70d672d3d27
2019-07-14 08:48:03,418 INFO  impl.RoleInfo (RoleInfo.java:shutdownFollowerState(121)) - e0e906dc-5934-495b-8920-509eefe19847: shutdown FollowerState
2019-07-14 08:48:03,418 INFO  impl.RoleInfo (RoleInfo.java:shutdownFollowerState(121)) - 3b534486-5863-40fe-abd3-c4599ce5b3a5: shutdown FollowerState
2019-07-14 08:48:03,418 INFO  impl.FollowerState (FollowerState.java:run(114)) - e0e906dc-5934-495b-8920-509eefe19847: FollowerState was interrupted: java.lang.InterruptedException: sleep interrupted
2019-07-14 08:48:03,418 INFO  impl.RoleInfo (RoleInfo.java:updateAndGet(143)) - e0e906dc-5934-495b-8920-509eefe19847: start FollowerState
2019-07-14 08:48:03,419 INFO  impl.FollowerState (FollowerState.java:run(114)) - 3b534486-5863-40fe-abd3-c4599ce5b3a5: FollowerState was interrupted: java.lang.InterruptedException: sleep interrupted
2019-07-14 08:48:03,418 INFO  impl.RoleInfo (RoleInfo.java:updateAndGet(143)) - 3b534486-5863-40fe-abd3-c4599ce5b3a5: start FollowerState
2019-07-14 08:48:03,434 INFO  impl.LeaderElection (LeaderElection.java:logAndReturn(56)) - cc2591a2-a433-42b0-bef9-b70d672d3d27:group-447E48BD93BB:LeaderElection29: Election PASSED; received 1 response(s) [cc2591a2-a433-42b0-bef9-b70d672d3d27<-e0e906dc-5934-495b-8920-509eefe19847#0:OK-t1] and 0 exception(s); cc2591a2-a433-42b0-bef9-b70d672d3d27:t1, leader=null, voted=cc2591a2-a433-42b0-bef9-b70d672d3d27, raftlog=cc2591a2-a433-42b0-bef9-b70d672d3d27-SegmentedRaftLog:OPENED:c-1,f-1,i0, conf=-1: [e0e906dc-5934-495b-8920-509eefe19847:192.168.5.191:41252, 3b534486-5863-40fe-abd3-c4599ce5b3a5:192.168.5.191:46339, cc2591a2-a433-42b0-bef9-b70d672d3d27:192.168.5.191:44697], old=null
2019-07-14 08:48:03,434 INFO  impl.RoleInfo (RoleInfo.java:shutdownLeaderElection(134)) - cc2591a2-a433-42b0-bef9-b70d672d3d27: shutdown LeaderElection
2019-07-14 08:48:03,434 INFO  impl.RaftServerImpl (RaftServerImpl.java:setRole(171)) - cc2591a2-a433-42b0-bef9-b70d672d3d27:group-447E48BD93BB changes role from CANDIDATE to LEADER at term 1 for changeToLeader
2019-07-14 08:48:03,434 INFO  impl.RaftServerImpl (ServerState.java:setLeader(263)) - cc2591a2-a433-42b0-bef9-b70d672d3d27:group-447E48BD93BB change Leader from null to cc2591a2-a433-42b0-bef9-b70d672d3d27 at term 1 for becomeLeader, leader elected after 5091ms
2019-07-14 08:48:03,434 INFO  server.RaftServerConfigKeys (ConfUtils.java:logGet(43)) - raft.server.staging.catchup.gap = 1000 (default)
2019-07-14 08:48:03,435 INFO  server.RaftServerConfigKeys (ConfUtils.java:logGet(43)) - raft.server.rpc.sleep.time = 25ms (default)
2019-07-14 08:48:03,435 INFO  server.RaftServerConfigKeys (ConfUtils.java:logGet(43)) - raft.server.write.element-limit = 4096 (default)
2019-07-14 08:48:03,435 INFO  server.RaftServerConfigKeys (ConfUtils.java:logGet(43)) - raft.server.watch.timeout = 10s (default)
2019-07-14 08:48:03,435 INFO  server.RaftServerConfigKeys (ConfUtils.java:logGet(43)) - raft.server.watch.timeout.denomination = 1s (default)
2019-07-14 08:48:03,435 INFO  server.RaftServerConfigKeys (ConfUtils.java:logGet(43)) - raft.server.watch.element-limit = 65536 (default)
2019-07-14 08:48:03,436 INFO  server.RaftServerConfigKeys (ConfUtils.java:logGet(43)) - raft.server.log.appender.snapshot.chunk.size.max = 16MB (=16777216) (default)
2019-07-14 08:48:03,436 INFO  server.RaftServerConfigKeys (ConfUtils.java:logGet(43)) - raft.server.log.appender.buffer.byte-limit = 33554432 (custom)
2019-07-14 08:48:03,436 INFO  server.RaftServerConfigKeys (ConfUtils.java:logGet(43)) - raft.server.log.appender.buffer.element-limit = 1 (custom)
2019-07-14 08:48:03,436 INFO  grpc.GrpcConfigKeys$Server (ConfUtils.java:logGet(43)) - raft.grpc.server.leader.outstanding.appends.max = 128 (default)
2019-07-14 08:48:03,437 INFO  server.RaftServerConfigKeys (ConfUtils.java:logGet(43)) - raft.server.rpc.request.timeout = 3000ms (default)
2019-07-14 08:48:03,437 INFO  server.RaftServerConfigKeys (ConfUtils.java:logGet(43)) - raft.server.log.appender.install.snapshot.enabled = false (custom)
2019-07-14 08:48:03,437 INFO  server.RaftServerConfigKeys (ConfUtils.java:logGet(43)) - raft.server.log.appender.snapshot.chunk.size.max = 16MB (=16777216) (default)
2019-07-14 08:48:03,437 INFO  server.RaftServerConfigKeys (ConfUtils.java:logGet(43)) - raft.server.log.appender.buffer.byte-limit = 33554432 (custom)
2019-07-14 08:48:03,437 INFO  server.RaftServerConfigKeys (ConfUtils.java:logGet(43)) - raft.server.log.appender.buffer.element-limit = 1 (custom)
2019-07-14 08:48:03,438 INFO  grpc.GrpcConfigKeys$Server (ConfUtils.java:logGet(43)) - raft.grpc.server.leader.outstanding.appends.max = 128 (default)
2019-07-14 08:48:03,438 INFO  server.RaftServerConfigKeys (ConfUtils.java:logGet(43)) - raft.server.rpc.request.timeout = 3000ms (default)
2019-07-14 08:48:03,438 INFO  server.RaftServerConfigKeys (ConfUtils.java:logGet(43)) - raft.server.log.appender.install.snapshot.enabled = false (custom)
2019-07-14 08:48:03,438 INFO  impl.RoleInfo (RoleInfo.java:updateAndGet(143)) - cc2591a2-a433-42b0-bef9-b70d672d3d27: start LeaderState
2019-07-14 08:48:03,439 INFO  segmented.SegmentedRaftLogWorker (SegmentedRaftLogWorker.java:startLogSegment(380)) - cc2591a2-a433-42b0-bef9-b70d672d3d27-SegmentedRaftLogWorker:Storage Directory /workdir/hadoop-ozone/integration-test/target/test-dir/MiniOzoneClusterImpl-813f4eb2-d14a-42d0-ab02-1d0f0e18d9f3/datanode-2/data/ratis/21de086c-f263-4c99-af86-447e48bd93bb: Starting segment from index:0
2019-07-14 08:48:03,440 INFO  impl.RaftServerImpl (ServerState.java:setRaftConf(361)) - cc2591a2-a433-42b0-bef9-b70d672d3d27:group-447E48BD93BB set configuration 0: [e0e906dc-5934-495b-8920-509eefe19847:192.168.5.191:41252, 3b534486-5863-40fe-abd3-c4599ce5b3a5:192.168.5.191:46339, cc2591a2-a433-42b0-bef9-b70d672d3d27:192.168.5.191:44697], old=null at 0
2019-07-14 08:48:03,462 INFO  impl.RaftServerImpl (ServerState.java:setLeader(263)) - e0e906dc-5934-495b-8920-509eefe19847:group-447E48BD93BB change Leader from null to cc2591a2-a433-42b0-bef9-b70d672d3d27 at term 1 for appendEntries, leader elected after 5115ms
2019-07-14 08:48:03,462 INFO  impl.FollowerState (FollowerState.java:run(106)) - cc2591a2-a433-42b0-bef9-b70d672d3d27:group-7CA882D8A278 changes to CANDIDATE, lastRpcTime:5170, electionTimeout:5170ms
2019-07-14 08:48:03,462 INFO  impl.RoleInfo (RoleInfo.java:shutdownFollowerState(121)) - cc2591a2-a433-42b0-bef9-b70d672d3d27: shutdown FollowerState
2019-07-14 08:48:03,462 INFO  impl.RaftServerImpl (RaftServerImpl.java:setRole(171)) - cc2591a2-a433-42b0-bef9-b70d672d3d27:group-7CA882D8A278 changes role from FOLLOWER to CANDIDATE at term 0 for changeToCandidate
2019-07-14 08:48:03,467 INFO  impl.RaftServerImpl (ServerState.java:setLeader(263)) - 3b534486-5863-40fe-abd3-c4599ce5b3a5:group-447E48BD93BB change Leader from null to cc2591a2-a433-42b0-bef9-b70d672d3d27 at term 1 for appendEntries, leader elected after 5124ms
2019-07-14 08:48:03,467 INFO  segmented.SegmentedRaftLogWorker (SegmentedRaftLogWorker.java:execute(569)) - cc2591a2-a433-42b0-bef9-b70d672d3d27-SegmentedRaftLogWorker:Storage Directory /workdir/hadoop-ozone/integration-test/target/test-dir/MiniOzoneClusterImpl-813f4eb2-d14a-42d0-ab02-1d0f0e18d9f3/datanode-2/data/ratis/21de086c-f263-4c99-af86-447e48bd93bb: created new log segment /workdir/hadoop-ozone/integration-test/target/test-dir/MiniOzoneClusterImpl-813f4eb2-d14a-42d0-ab02-1d0f0e18d9f3/datanode-2/data/ratis/21de086c-f263-4c99-af86-447e48bd93bb/current/log_inprogress_0
2019-07-14 08:48:03,467 INFO  impl.RoleInfo (RoleInfo.java:updateAndGet(143)) - cc2591a2-a433-42b0-bef9-b70d672d3d27: start LeaderElection
2019-07-14 08:48:03,481 INFO  impl.RaftServerImpl (ServerState.java:setRaftConf(361)) - 3b534486-5863-40fe-abd3-c4599ce5b3a5:group-447E48BD93BB set configuration 0: [e0e906dc-5934-495b-8920-509eefe19847:192.168.5.191:41252, 3b534486-5863-40fe-abd3-c4599ce5b3a5:192.168.5.191:46339, cc2591a2-a433-42b0-bef9-b70d672d3d27:192.168.5.191:44697], old=null at 0
2019-07-14 08:48:03,481 INFO  impl.RaftServerImpl (ServerState.java:setRaftConf(361)) - e0e906dc-5934-495b-8920-509eefe19847:group-447E48BD93BB set configuration 0: [e0e906dc-5934-495b-8920-509eefe19847:192.168.5.191:41252, 3b534486-5863-40fe-abd3-c4599ce5b3a5:192.168.5.191:46339, cc2591a2-a433-42b0-bef9-b70d672d3d27:192.168.5.191:44697], old=null at 0
2019-07-14 08:48:03,482 INFO  segmented.SegmentedRaftLogWorker (SegmentedRaftLogWorker.java:startLogSegment(380)) - 3b534486-5863-40fe-abd3-c4599ce5b3a5-SegmentedRaftLogWorker:Storage Directory /workdir/hadoop-ozone/integration-test/target/test-dir/MiniOzoneClusterImpl-813f4eb2-d14a-42d0-ab02-1d0f0e18d9f3/datanode-1/data/ratis/21de086c-f263-4c99-af86-447e48bd93bb: Starting segment from index:0
2019-07-14 08:48:03,482 INFO  segmented.SegmentedRaftLogWorker (SegmentedRaftLogWorker.java:startLogSegment(380)) - e0e906dc-5934-495b-8920-509eefe19847-SegmentedRaftLogWorker:Storage Directory /workdir/hadoop-ozone/integration-test/target/test-dir/MiniOzoneClusterImpl-813f4eb2-d14a-42d0-ab02-1d0f0e18d9f3/datanode-0/data/ratis/21de086c-f263-4c99-af86-447e48bd93bb: Starting segment from index:0
2019-07-14 08:48:03,484 INFO  impl.LeaderElection (LeaderElection.java:askForVotes(181)) - cc2591a2-a433-42b0-bef9-b70d672d3d27:group-7CA882D8A278:LeaderElection30: begin an election at term 1 for -1: [cc2591a2-a433-42b0-bef9-b70d672d3d27:192.168.5.191:44697], old=null
2019-07-14 08:48:03,484 INFO  impl.RoleInfo (RoleInfo.java:shutdownLeaderElection(134)) - cc2591a2-a433-42b0-bef9-b70d672d3d27: shutdown LeaderElection
2019-07-14 08:48:03,484 INFO  impl.RaftServerImpl (RaftServerImpl.java:setRole(171)) - cc2591a2-a433-42b0-bef9-b70d672d3d27:group-7CA882D8A278 changes role from CANDIDATE to LEADER at term 1 for changeToLeader
2019-07-14 08:48:03,485 INFO  impl.RaftServerImpl (ServerState.java:setLeader(263)) - cc2591a2-a433-42b0-bef9-b70d672d3d27:group-7CA882D8A278 change Leader from null to cc2591a2-a433-42b0-bef9-b70d672d3d27 at term 1 for becomeLeader, leader elected after 5197ms
2019-07-14 08:48:03,485 INFO  server.RaftServerConfigKeys (ConfUtils.java:logGet(43)) - raft.server.staging.catchup.gap = 1000 (default)
2019-07-14 08:48:03,485 INFO  server.RaftServerConfigKeys (ConfUtils.java:logGet(43)) - raft.server.rpc.sleep.time = 25ms (default)
2019-07-14 08:48:03,485 INFO  server.RaftServerConfigKeys (ConfUtils.java:logGet(43)) - raft.server.write.element-limit = 4096 (default)
2019-07-14 08:48:03,485 INFO  server.RaftServerConfigKeys (ConfUtils.java:logGet(43)) - raft.server.watch.timeout = 10s (default)
2019-07-14 08:48:03,485 INFO  server.RaftServerConfigKeys (ConfUtils.java:logGet(43)) - raft.server.watch.timeout.denomination = 1s (default)
2019-07-14 08:48:03,486 INFO  server.RaftServerConfigKeys (ConfUtils.java:logGet(43)) - raft.server.watch.element-limit = 65536 (default)
2019-07-14 08:48:03,486 INFO  impl.RoleInfo (RoleInfo.java:updateAndGet(143)) - cc2591a2-a433-42b0-bef9-b70d672d3d27: start LeaderState
2019-07-14 08:48:03,486 INFO  segmented.SegmentedRaftLogWorker (SegmentedRaftLogWorker.java:startLogSegment(380)) - cc2591a2-a433-42b0-bef9-b70d672d3d27-SegmentedRaftLogWorker:Storage Directory /workdir/hadoop-ozone/integration-test/target/test-dir/MiniOzoneClusterImpl-813f4eb2-d14a-42d0-ab02-1d0f0e18d9f3/datanode-2/data/ratis/82328fa2-a393-44e4-91db-7ca882d8a278: Starting segment from index:0
2019-07-14 08:48:03,487 INFO  impl.RaftServerImpl (ServerState.java:setRaftConf(361)) - cc2591a2-a433-42b0-bef9-b70d672d3d27:group-7CA882D8A278 set configuration 0: [cc2591a2-a433-42b0-bef9-b70d672d3d27:192.168.5.191:44697], old=null at 0
2019-07-14 08:48:03,539 INFO  segmented.SegmentedRaftLogWorker (SegmentedRaftLogWorker.java:execute(569)) - e0e906dc-5934-495b-8920-509eefe19847-SegmentedRaftLogWorker:Storage Directory /workdir/hadoop-ozone/integration-test/target/test-dir/MiniOzoneClusterImpl-813f4eb2-d14a-42d0-ab02-1d0f0e18d9f3/datanode-0/data/ratis/21de086c-f263-4c99-af86-447e48bd93bb: created new log segment /workdir/hadoop-ozone/integration-test/target/test-dir/MiniOzoneClusterImpl-813f4eb2-d14a-42d0-ab02-1d0f0e18d9f3/datanode-0/data/ratis/21de086c-f263-4c99-af86-447e48bd93bb/current/log_inprogress_0
2019-07-14 08:48:03,539 INFO  segmented.SegmentedRaftLogWorker (SegmentedRaftLogWorker.java:execute(569)) - cc2591a2-a433-42b0-bef9-b70d672d3d27-SegmentedRaftLogWorker:Storage Directory /workdir/hadoop-ozone/integration-test/target/test-dir/MiniOzoneClusterImpl-813f4eb2-d14a-42d0-ab02-1d0f0e18d9f3/datanode-2/data/ratis/82328fa2-a393-44e4-91db-7ca882d8a278: created new log segment /workdir/hadoop-ozone/integration-test/target/test-dir/MiniOzoneClusterImpl-813f4eb2-d14a-42d0-ab02-1d0f0e18d9f3/datanode-2/data/ratis/82328fa2-a393-44e4-91db-7ca882d8a278/current/log_inprogress_0
2019-07-14 08:48:03,539 INFO  segmented.SegmentedRaftLogWorker (SegmentedRaftLogWorker.java:execute(569)) - 3b534486-5863-40fe-abd3-c4599ce5b3a5-SegmentedRaftLogWorker:Storage Directory /workdir/hadoop-ozone/integration-test/target/test-dir/MiniOzoneClusterImpl-813f4eb2-d14a-42d0-ab02-1d0f0e18d9f3/datanode-1/data/ratis/21de086c-f263-4c99-af86-447e48bd93bb: created new log segment /workdir/hadoop-ozone/integration-test/target/test-dir/MiniOzoneClusterImpl-813f4eb2-d14a-42d0-ab02-1d0f0e18d9f3/datanode-1/data/ratis/21de086c-f263-4c99-af86-447e48bd93bb/current/log_inprogress_0
2019-07-14 08:48:03,573 INFO  impl.FollowerState (FollowerState.java:run(106)) - 1380dc5f-a290-4284-8a2d-364e76bd8e8a:group-F1D21F8EB98B changes to CANDIDATE, lastRpcTime:5050, electionTimeout:5050ms
2019-07-14 08:48:03,573 INFO  impl.RoleInfo (RoleInfo.java:shutdownFollowerState(121)) - 1380dc5f-a290-4284-8a2d-364e76bd8e8a: shutdown FollowerState
2019-07-14 08:48:03,573 INFO  impl.RaftServerImpl (RaftServerImpl.java:setRole(171)) - 1380dc5f-a290-4284-8a2d-364e76bd8e8a:group-F1D21F8EB98B changes role from FOLLOWER to CANDIDATE at term 0 for changeToCandidate
2019-07-14 08:48:03,573 INFO  impl.RoleInfo (RoleInfo.java:updateAndGet(143)) - 1380dc5f-a290-4284-8a2d-364e76bd8e8a: start LeaderElection
2019-07-14 08:48:03,594 INFO  impl.LeaderElection (LeaderElection.java:askForVotes(181)) - 1380dc5f-a290-4284-8a2d-364e76bd8e8a:group-F1D21F8EB98B:LeaderElection31: begin an election at term 1 for -1: [1380dc5f-a290-4284-8a2d-364e76bd8e8a:192.168.5.191:45244], old=null
2019-07-14 08:48:03,595 INFO  impl.RoleInfo (RoleInfo.java:shutdownLeaderElection(134)) - 1380dc5f-a290-4284-8a2d-364e76bd8e8a: shutdown LeaderElection
2019-07-14 08:48:03,595 INFO  impl.RaftServerImpl (RaftServerImpl.java:setRole(171)) - 1380dc5f-a290-4284-8a2d-364e76bd8e8a:group-F1D21F8EB98B changes role from CANDIDATE to LEADER at term 1 for changeToLeader
2019-07-14 08:48:03,595 INFO  impl.RaftServerImpl (ServerState.java:setLeader(263)) - 1380dc5f-a290-4284-8a2d-364e76bd8e8a:group-F1D21F8EB98B change Leader from null to 1380dc5f-a290-4284-8a2d-364e76bd8e8a at term 1 for becomeLeader, leader elected after 5077ms
2019-07-14 08:48:03,595 INFO  server.RaftServerConfigKeys (ConfUtils.java:logGet(43)) - raft.server.staging.catchup.gap = 1000 (default)
2019-07-14 08:48:03,595 INFO  server.RaftServerConfigKeys (ConfUtils.java:logGet(43)) - raft.server.rpc.sleep.time = 25ms (default)
2019-07-14 08:48:03,595 INFO  server.RaftServerConfigKeys (ConfUtils.java:logGet(43)) - raft.server.write.element-limit = 4096 (default)
2019-07-14 08:48:03,596 INFO  server.RaftServerConfigKeys (ConfUtils.java:logGet(43)) - raft.server.watch.timeout = 10s (default)
2019-07-14 08:48:03,596 INFO  server.RaftServerConfigKeys (ConfUtils.java:logGet(43)) - raft.server.watch.timeout.denomination = 1s (default)
2019-07-14 08:48:03,596 INFO  server.RaftServerConfigKeys (ConfUtils.java:logGet(43)) - raft.server.watch.element-limit = 65536 (default)
2019-07-14 08:48:03,596 INFO  impl.RoleInfo (RoleInfo.java:updateAndGet(143)) - 1380dc5f-a290-4284-8a2d-364e76bd8e8a: start LeaderState
2019-07-14 08:48:03,596 INFO  segmented.SegmentedRaftLogWorker (SegmentedRaftLogWorker.java:startLogSegment(380)) - 1380dc5f-a290-4284-8a2d-364e76bd8e8a-SegmentedRaftLogWorker:Storage Directory /workdir/hadoop-ozone/integration-test/target/test-dir/MiniOzoneClusterImpl-813f4eb2-d14a-42d0-ab02-1d0f0e18d9f3/datanode-3/data/ratis/a176b3ed-e51c-459f-a41d-f1d21f8eb98b: Starting segment from index:0
2019-07-14 08:48:03,597 INFO  impl.RaftServerImpl (ServerState.java:setRaftConf(361)) - 1380dc5f-a290-4284-8a2d-364e76bd8e8a:group-F1D21F8EB98B set configuration 0: [1380dc5f-a290-4284-8a2d-364e76bd8e8a:192.168.5.191:45244], old=null at 0
2019-07-14 08:48:03,629 INFO  segmented.SegmentedRaftLogWorker (SegmentedRaftLogWorker.java:execute(569)) - 1380dc5f-a290-4284-8a2d-364e76bd8e8a-SegmentedRaftLogWorker:Storage Directory /workdir/hadoop-ozone/integration-test/target/test-dir/MiniOzoneClusterImpl-813f4eb2-d14a-42d0-ab02-1d0f0e18d9f3/datanode-3/data/ratis/a176b3ed-e51c-459f-a41d-f1d21f8eb98b: created new log segment /workdir/hadoop-ozone/integration-test/target/test-dir/MiniOzoneClusterImpl-813f4eb2-d14a-42d0-ab02-1d0f0e18d9f3/datanode-3/data/ratis/a176b3ed-e51c-459f-a41d-f1d21f8eb98b/current/log_inprogress_0
2019-07-14 08:48:03,732 INFO  impl.FollowerState (FollowerState.java:run(106)) - 0e2566f0-f1df-4e5b-8236-e8a73d3032f4:group-68431D7FABB1 changes to CANDIDATE, lastRpcTime:5019, electionTimeout:5019ms
2019-07-14 08:48:03,733 INFO  impl.RoleInfo (RoleInfo.java:shutdownFollowerState(121)) - 0e2566f0-f1df-4e5b-8236-e8a73d3032f4: shutdown FollowerState
2019-07-14 08:48:03,733 INFO  impl.RaftServerImpl (RaftServerImpl.java:setRole(171)) - 0e2566f0-f1df-4e5b-8236-e8a73d3032f4:group-68431D7FABB1 changes role from FOLLOWER to CANDIDATE at term 0 for changeToCandidate
2019-07-14 08:48:03,733 INFO  impl.RoleInfo (RoleInfo.java:updateAndGet(143)) - 0e2566f0-f1df-4e5b-8236-e8a73d3032f4: start LeaderElection
2019-07-14 08:48:03,753 INFO  impl.LeaderElection (LeaderElection.java:askForVotes(181)) - 0e2566f0-f1df-4e5b-8236-e8a73d3032f4:group-68431D7FABB1:LeaderElection32: begin an election at term 1 for -1: [0e2566f0-f1df-4e5b-8236-e8a73d3032f4:192.168.5.191:41738], old=null
2019-07-14 08:48:03,754 INFO  impl.RoleInfo (RoleInfo.java:shutdownLeaderElection(134)) - 0e2566f0-f1df-4e5b-8236-e8a73d3032f4: shutdown LeaderElection
2019-07-14 08:48:03,754 INFO  impl.RaftServerImpl (RaftServerImpl.java:setRole(171)) - 0e2566f0-f1df-4e5b-8236-e8a73d3032f4:group-68431D7FABB1 changes role from CANDIDATE to LEADER at term 1 for changeToLeader
2019-07-14 08:48:03,754 INFO  impl.RaftServerImpl (ServerState.java:setLeader(263)) - 0e2566f0-f1df-4e5b-8236-e8a73d3032f4:group-68431D7FABB1 change Leader from null to 0e2566f0-f1df-4e5b-8236-e8a73d3032f4 at term 1 for becomeLeader, leader elected after 5045ms
2019-07-14 08:48:03,754 INFO  server.RaftServerConfigKeys (ConfUtils.java:logGet(43)) - raft.server.staging.catchup.gap = 1000 (default)
2019-07-14 08:48:03,754 INFO  server.RaftServerConfigKeys (ConfUtils.java:logGet(43)) - raft.server.rpc.sleep.time = 25ms (default)
2019-07-14 08:48:03,754 INFO  server.RaftServerConfigKeys (ConfUtils.java:logGet(43)) - raft.server.write.element-limit = 4096 (default)
2019-07-14 08:48:03,755 INFO  server.RaftServerConfigKeys (ConfUtils.java:logGet(43)) - raft.server.watch.timeout = 10s (default)
2019-07-14 08:48:03,755 INFO  server.RaftServerConfigKeys (ConfUtils.java:logGet(43)) - raft.server.watch.timeout.denomination = 1s (default)
2019-07-14 08:48:03,755 INFO  server.RaftServerConfigKeys (ConfUtils.java:logGet(43)) - raft.server.watch.element-limit = 65536 (default)
2019-07-14 08:48:03,755 INFO  impl.RoleInfo (RoleInfo.java:updateAndGet(143)) - 0e2566f0-f1df-4e5b-8236-e8a73d3032f4: start LeaderState
2019-07-14 08:48:03,755 INFO  segmented.SegmentedRaftLogWorker (SegmentedRaftLogWorker.java:startLogSegment(380)) - 0e2566f0-f1df-4e5b-8236-e8a73d3032f4-SegmentedRaftLogWorker:Storage Directory /workdir/hadoop-ozone/integration-test/target/test-dir/MiniOzoneClusterImpl-813f4eb2-d14a-42d0-ab02-1d0f0e18d9f3/datanode-4/data/ratis/72a09d1d-9e40-4fc2-b35b-68431d7fabb1: Starting segment from index:0
2019-07-14 08:48:03,756 INFO  impl.RaftServerImpl (ServerState.java:setRaftConf(361)) - 0e2566f0-f1df-4e5b-8236-e8a73d3032f4:group-68431D7FABB1 set configuration 0: [0e2566f0-f1df-4e5b-8236-e8a73d3032f4:192.168.5.191:41738], old=null at 0
2019-07-14 08:48:03,776 INFO  segmented.SegmentedRaftLogWorker (SegmentedRaftLogWorker.java:execute(569)) - 0e2566f0-f1df-4e5b-8236-e8a73d3032f4-SegmentedRaftLogWorker:Storage Directory /workdir/hadoop-ozone/integration-test/target/test-dir/MiniOzoneClusterImpl-813f4eb2-d14a-42d0-ab02-1d0f0e18d9f3/datanode-4/data/ratis/72a09d1d-9e40-4fc2-b35b-68431d7fabb1: created new log segment /workdir/hadoop-ozone/integration-test/target/test-dir/MiniOzoneClusterImpl-813f4eb2-d14a-42d0-ab02-1d0f0e18d9f3/datanode-4/data/ratis/72a09d1d-9e40-4fc2-b35b-68431d7fabb1/current/log_inprogress_0
2019-07-14 08:48:04,066 INFO  impl.FollowerState (FollowerState.java:run(106)) - 0e2566f0-f1df-4e5b-8236-e8a73d3032f4:group-0330DB93486A changes to CANDIDATE, lastRpcTime:5069, electionTimeout:5069ms
2019-07-14 08:48:04,066 INFO  impl.RoleInfo (RoleInfo.java:shutdownFollowerState(121)) - 0e2566f0-f1df-4e5b-8236-e8a73d3032f4: shutdown FollowerState
2019-07-14 08:48:04,066 INFO  impl.RaftServerImpl (RaftServerImpl.java:setRole(171)) - 0e2566f0-f1df-4e5b-8236-e8a73d3032f4:group-0330DB93486A changes role from FOLLOWER to CANDIDATE at term 0 for changeToCandidate
2019-07-14 08:48:04,066 INFO  impl.RoleInfo (RoleInfo.java:updateAndGet(143)) - 0e2566f0-f1df-4e5b-8236-e8a73d3032f4: start LeaderElection
2019-07-14 08:48:04,082 INFO  impl.FollowerState (FollowerState.java:run(106)) - d8295262-cae7-48ce-a5c7-414667f70876:group-0330DB93486A changes to CANDIDATE, lastRpcTime:5084, electionTimeout:5078ms
2019-07-14 08:48:04,082 INFO  impl.RoleInfo (RoleInfo.java:shutdownFollowerState(121)) - d8295262-cae7-48ce-a5c7-414667f70876: shutdown FollowerState
2019-07-14 08:48:04,082 INFO  impl.RaftServerImpl (RaftServerImpl.java:setRole(171)) - d8295262-cae7-48ce-a5c7-414667f70876:group-0330DB93486A changes role from FOLLOWER to CANDIDATE at term 0 for changeToCandidate
2019-07-14 08:48:04,082 INFO  impl.RoleInfo (RoleInfo.java:updateAndGet(143)) - d8295262-cae7-48ce-a5c7-414667f70876: start LeaderElection
2019-07-14 08:48:04,094 INFO  impl.LeaderElection (LeaderElection.java:askForVotes(181)) - 0e2566f0-f1df-4e5b-8236-e8a73d3032f4:group-0330DB93486A:LeaderElection33: begin an election at term 1 for -1: [1380dc5f-a290-4284-8a2d-364e76bd8e8a:192.168.5.191:45244, 0e2566f0-f1df-4e5b-8236-e8a73d3032f4:192.168.5.191:41738, d8295262-cae7-48ce-a5c7-414667f70876:192.168.5.191:41811], old=null
2019-07-14 08:48:04,102 INFO  impl.LeaderElection (LeaderElection.java:askForVotes(181)) - d8295262-cae7-48ce-a5c7-414667f70876:group-0330DB93486A:LeaderElection34: begin an election at term 1 for -1: [1380dc5f-a290-4284-8a2d-364e76bd8e8a:192.168.5.191:45244, 0e2566f0-f1df-4e5b-8236-e8a73d3032f4:192.168.5.191:41738, d8295262-cae7-48ce-a5c7-414667f70876:192.168.5.191:41811], old=null
2019-07-14 08:48:04,103 INFO  impl.FollowerState (FollowerState.java:run(106)) - d8295262-cae7-48ce-a5c7-414667f70876:group-F89105E97EC3 changes to CANDIDATE, lastRpcTime:5150, electionTimeout:5150ms
2019-07-14 08:48:04,103 INFO  impl.RoleInfo (RoleInfo.java:shutdownFollowerState(121)) - d8295262-cae7-48ce-a5c7-414667f70876: shutdown FollowerState
2019-07-14 08:48:04,104 INFO  impl.RaftServerImpl (RaftServerImpl.java:setRole(171)) - d8295262-cae7-48ce-a5c7-414667f70876:group-F89105E97EC3 changes role from FOLLOWER to CANDIDATE at term 0 for changeToCandidate
2019-07-14 08:48:04,104 INFO  impl.RoleInfo (RoleInfo.java:updateAndGet(143)) - d8295262-cae7-48ce-a5c7-414667f70876: start LeaderElection
2019-07-14 08:48:04,124 INFO  impl.RaftServerImpl (RaftServerImpl.java:setRole(171)) - 1380dc5f-a290-4284-8a2d-364e76bd8e8a:group-0330DB93486A changes role from FOLLOWER to FOLLOWER at term 1 for recognizeCandidate:0e2566f0-f1df-4e5b-8236-e8a73d3032f4
2019-07-14 08:48:04,128 INFO  impl.LeaderElection (LeaderElection.java:askForVotes(181)) - d8295262-cae7-48ce-a5c7-414667f70876:group-F89105E97EC3:LeaderElection35: begin an election at term 1 for -1: [d8295262-cae7-48ce-a5c7-414667f70876:192.168.5.191:41811], old=null
2019-07-14 08:48:04,128 INFO  impl.RoleInfo (RoleInfo.java:shutdownFollowerState(121)) - 1380dc5f-a290-4284-8a2d-364e76bd8e8a: shutdown FollowerState
2019-07-14 08:48:04,129 INFO  impl.RoleInfo (RoleInfo.java:shutdownLeaderElection(134)) - d8295262-cae7-48ce-a5c7-414667f70876: shutdown LeaderElection
2019-07-14 08:48:04,129 INFO  impl.RoleInfo (RoleInfo.java:updateAndGet(143)) - 1380dc5f-a290-4284-8a2d-364e76bd8e8a: start FollowerState
2019-07-14 08:48:04,129 INFO  impl.RaftServerImpl (RaftServerImpl.java:setRole(171)) - d8295262-cae7-48ce-a5c7-414667f70876:group-F89105E97EC3 changes role from CANDIDATE to LEADER at term 1 for changeToLeader
2019-07-14 08:48:04,129 INFO  impl.RaftServerImpl (ServerState.java:setLeader(263)) - d8295262-cae7-48ce-a5c7-414667f70876:group-F89105E97EC3 change Leader from null to d8295262-cae7-48ce-a5c7-414667f70876 at term 1 for becomeLeader, leader elected after 5181ms
2019-07-14 08:48:04,129 INFO  server.RaftServerConfigKeys (ConfUtils.java:logGet(43)) - raft.server.staging.catchup.gap = 1000 (default)
2019-07-14 08:48:04,130 INFO  server.RaftServerConfigKeys (ConfUtils.java:logGet(43)) - raft.server.rpc.sleep.time = 25ms (default)
2019-07-14 08:48:04,130 INFO  server.RaftServerConfigKeys (ConfUtils.java:logGet(43)) - raft.server.write.element-limit = 4096 (default)
2019-07-14 08:48:04,130 INFO  server.RaftServerConfigKeys (ConfUtils.java:logGet(43)) - raft.server.watch.timeout = 10s (default)
2019-07-14 08:48:04,130 INFO  server.RaftServerConfigKeys (ConfUtils.java:logGet(43)) - raft.server.watch.timeout.denomination = 1s (default)
2019-07-14 08:48:04,130 INFO  server.RaftServerConfigKeys (ConfUtils.java:logGet(43)) - raft.server.watch.element-limit = 65536 (default)
2019-07-14 08:48:04,131 INFO  impl.RoleInfo (RoleInfo.java:updateAndGet(143)) - d8295262-cae7-48ce-a5c7-414667f70876: start LeaderState
2019-07-14 08:48:04,131 INFO  segmented.SegmentedRaftLogWorker (SegmentedRaftLogWorker.java:startLogSegment(380)) - d8295262-cae7-48ce-a5c7-414667f70876-SegmentedRaftLogWorker:Storage Directory /workdir/hadoop-ozone/integration-test/target/test-dir/MiniOzoneClusterImpl-813f4eb2-d14a-42d0-ab02-1d0f0e18d9f3/datanode-5/data/ratis/15227296-7dae-4e65-83ad-f89105e97ec3: Starting segment from index:0
2019-07-14 08:48:04,132 INFO  impl.RaftServerImpl (ServerState.java:setRaftConf(361)) - d8295262-cae7-48ce-a5c7-414667f70876:group-F89105E97EC3 set configuration 0: [d8295262-cae7-48ce-a5c7-414667f70876:192.168.5.191:41811], old=null at 0
2019-07-14 08:48:04,156 INFO  impl.LeaderElection (LeaderElection.java:logAndReturn(56)) - 0e2566f0-f1df-4e5b-8236-e8a73d3032f4:group-0330DB93486A:LeaderElection33: Election PASSED; received 2 response(s) [0e2566f0-f1df-4e5b-8236-e8a73d3032f4<-1380dc5f-a290-4284-8a2d-364e76bd8e8a#0:OK-t1, 0e2566f0-f1df-4e5b-8236-e8a73d3032f4<-d8295262-cae7-48ce-a5c7-414667f70876#0:FAIL-t1] and 0 exception(s); 0e2566f0-f1df-4e5b-8236-e8a73d3032f4:t1, leader=null, voted=0e2566f0-f1df-4e5b-8236-e8a73d3032f4, raftlog=0e2566f0-f1df-4e5b-8236-e8a73d3032f4-SegmentedRaftLog:OPENED:c-1,f-1,i0, conf=-1: [1380dc5f-a290-4284-8a2d-364e76bd8e8a:192.168.5.191:45244, 0e2566f0-f1df-4e5b-8236-e8a73d3032f4:192.168.5.191:41738, d8295262-cae7-48ce-a5c7-414667f70876:192.168.5.191:41811], old=null
2019-07-14 08:48:04,156 INFO  impl.RoleInfo (RoleInfo.java:shutdownLeaderElection(134)) - 0e2566f0-f1df-4e5b-8236-e8a73d3032f4: shutdown LeaderElection
2019-07-14 08:48:04,157 INFO  impl.RaftServerImpl (RaftServerImpl.java:setRole(171)) - 0e2566f0-f1df-4e5b-8236-e8a73d3032f4:group-0330DB93486A changes role from CANDIDATE to LEADER at term 1 for changeToLeader
2019-07-14 08:48:04,157 INFO  impl.RaftServerImpl (ServerState.java:setLeader(263)) - 0e2566f0-f1df-4e5b-8236-e8a73d3032f4:group-0330DB93486A change Leader from null to 0e2566f0-f1df-4e5b-8236-e8a73d3032f4 at term 1 for becomeLeader, leader elected after 5172ms
2019-07-14 08:48:04,157 INFO  impl.LeaderElection (LeaderElection.java:logAndReturn(56)) - d8295262-cae7-48ce-a5c7-414667f70876:group-0330DB93486A:LeaderElection34: Election REJECTED; received 2 response(s) [d8295262-cae7-48ce-a5c7-414667f70876<-1380dc5f-a290-4284-8a2d-364e76bd8e8a#0:FAIL-t1, d8295262-cae7-48ce-a5c7-414667f70876<-0e2566f0-f1df-4e5b-8236-e8a73d3032f4#0:FAIL-t1] and 0 exception(s); d8295262-cae7-48ce-a5c7-414667f70876:t1, leader=null, voted=d8295262-cae7-48ce-a5c7-414667f70876, raftlog=d8295262-cae7-48ce-a5c7-414667f70876-SegmentedRaftLog:OPENED:c-1,f-1,i0, conf=-1: [1380dc5f-a290-4284-8a2d-364e76bd8e8a:192.168.5.191:45244, 0e2566f0-f1df-4e5b-8236-e8a73d3032f4:192.168.5.191:41738, d8295262-cae7-48ce-a5c7-414667f70876:192.168.5.191:41811], old=null
2019-07-14 08:48:04,157 INFO  server.RaftServerConfigKeys (ConfUtils.java:logGet(43)) - raft.server.staging.catchup.gap = 1000 (default)
2019-07-14 08:48:04,157 INFO  impl.RaftServerImpl (RaftServerImpl.java:setRole(171)) - d8295262-cae7-48ce-a5c7-414667f70876:group-0330DB93486A changes role from CANDIDATE to FOLLOWER at term 1 for DISCOVERED_A_NEW_TERM
2019-07-14 08:48:04,157 INFO  server.RaftServerConfigKeys (ConfUtils.java:logGet(43)) - raft.server.rpc.sleep.time = 25ms (default)
2019-07-14 08:48:04,157 INFO  impl.RoleInfo (RoleInfo.java:shutdownLeaderElection(134)) - d8295262-cae7-48ce-a5c7-414667f70876: shutdown LeaderElection
2019-07-14 08:48:04,158 INFO  server.RaftServerConfigKeys (ConfUtils.java:logGet(43)) - raft.server.write.element-limit = 4096 (default)
2019-07-14 08:48:04,158 INFO  impl.RoleInfo (RoleInfo.java:updateAndGet(143)) - d8295262-cae7-48ce-a5c7-414667f70876: start FollowerState
2019-07-14 08:48:04,158 INFO  server.RaftServerConfigKeys (ConfUtils.java:logGet(43)) - raft.server.watch.timeout = 10s (default)
2019-07-14 08:48:04,158 INFO  server.RaftServerConfigKeys (ConfUtils.java:logGet(43)) - raft.server.watch.timeout.denomination = 1s (default)
2019-07-14 08:48:04,158 INFO  server.RaftServerConfigKeys (ConfUtils.java:logGet(43)) - raft.server.watch.element-limit = 65536 (default)
2019-07-14 08:48:04,159 INFO  server.RaftServerConfigKeys (ConfUtils.java:logGet(43)) - raft.server.log.appender.snapshot.chunk.size.max = 16MB (=16777216) (default)
2019-07-14 08:48:04,159 INFO  segmented.SegmentedRaftLogWorker (SegmentedRaftLogWorker.java:execute(569)) - d8295262-cae7-48ce-a5c7-414667f70876-SegmentedRaftLogWorker:Storage Directory /workdir/hadoop-ozone/integration-test/target/test-dir/MiniOzoneClusterImpl-813f4eb2-d14a-42d0-ab02-1d0f0e18d9f3/datanode-5/data/ratis/15227296-7dae-4e65-83ad-f89105e97ec3: created new log segment /workdir/hadoop-ozone/integration-test/target/test-dir/MiniOzoneClusterImpl-813f4eb2-d14a-42d0-ab02-1d0f0e18d9f3/datanode-5/data/ratis/15227296-7dae-4e65-83ad-f89105e97ec3/current/log_inprogress_0
2019-07-14 08:48:04,159 INFO  server.RaftServerConfigKeys (ConfUtils.java:logGet(43)) - raft.server.log.appender.buffer.byte-limit = 33554432 (custom)
2019-07-14 08:48:04,159 INFO  server.RaftServerConfigKeys (ConfUtils.java:logGet(43)) - raft.server.log.appender.buffer.element-limit = 1 (custom)
2019-07-14 08:48:04,160 INFO  grpc.GrpcConfigKeys$Server (ConfUtils.java:logGet(43)) - raft.grpc.server.leader.outstanding.appends.max = 128 (default)
2019-07-14 08:48:04,160 INFO  server.RaftServerConfigKeys (ConfUtils.java:logGet(43)) - raft.server.rpc.request.timeout = 3000ms (default)
2019-07-14 08:48:04,160 INFO  server.RaftServerConfigKeys (ConfUtils.java:logGet(43)) - raft.server.log.appender.install.snapshot.enabled = false (custom)
2019-07-14 08:48:04,160 INFO  server.RaftServerConfigKeys (ConfUtils.java:logGet(43)) - raft.server.log.appender.snapshot.chunk.size.max = 16MB (=16777216) (default)
2019-07-14 08:48:04,160 INFO  server.RaftServerConfigKeys (ConfUtils.java:logGet(43)) - raft.server.log.appender.buffer.byte-limit = 33554432 (custom)
2019-07-14 08:48:04,161 INFO  server.RaftServerConfigKeys (ConfUtils.java:logGet(43)) - raft.server.log.appender.buffer.element-limit = 1 (custom)
2019-07-14 08:48:04,161 INFO  grpc.GrpcConfigKeys$Server (ConfUtils.java:logGet(43)) - raft.grpc.server.leader.outstanding.appends.max = 128 (default)
2019-07-14 08:48:04,161 INFO  server.RaftServerConfigKeys (ConfUtils.java:logGet(43)) - raft.server.rpc.request.timeout = 3000ms (default)
2019-07-14 08:48:04,161 INFO  server.RaftServerConfigKeys (ConfUtils.java:logGet(43)) - raft.server.log.appender.install.snapshot.enabled = false (custom)
2019-07-14 08:48:04,161 INFO  impl.RoleInfo (RoleInfo.java:updateAndGet(143)) - 0e2566f0-f1df-4e5b-8236-e8a73d3032f4: start LeaderState
2019-07-14 08:48:04,162 INFO  segmented.SegmentedRaftLogWorker (SegmentedRaftLogWorker.java:startLogSegment(380)) - 0e2566f0-f1df-4e5b-8236-e8a73d3032f4-SegmentedRaftLogWorker:Storage Directory /workdir/hadoop-ozone/integration-test/target/test-dir/MiniOzoneClusterImpl-813f4eb2-d14a-42d0-ab02-1d0f0e18d9f3/datanode-4/data/ratis/f572dc8a-ef19-4da6-9ae0-0330db93486a: Starting segment from index:0
2019-07-14 08:48:04,163 INFO  impl.RaftServerImpl (ServerState.java:setRaftConf(361)) - 0e2566f0-f1df-4e5b-8236-e8a73d3032f4:group-0330DB93486A set configuration 0: [1380dc5f-a290-4284-8a2d-364e76bd8e8a:192.168.5.191:45244, 0e2566f0-f1df-4e5b-8236-e8a73d3032f4:192.168.5.191:41738, d8295262-cae7-48ce-a5c7-414667f70876:192.168.5.191:41811], old=null at 0
2019-07-14 08:48:04,184 INFO  impl.FollowerState (FollowerState.java:run(106)) - 084d1da2-e07b-4a37-b91f-b9c42ce6859b:group-3F1A8B2CBAE6 changes to CANDIDATE, lastRpcTime:5057, electionTimeout:5038ms
2019-07-14 08:48:04,184 INFO  impl.RoleInfo (RoleInfo.java:shutdownFollowerState(121)) - 084d1da2-e07b-4a37-b91f-b9c42ce6859b: shutdown FollowerState
2019-07-14 08:48:04,184 INFO  impl.RaftServerImpl (RaftServerImpl.java:setRole(171)) - 084d1da2-e07b-4a37-b91f-b9c42ce6859b:group-3F1A8B2CBAE6 changes role from FOLLOWER to CANDIDATE at term 0 for changeToCandidate
2019-07-14 08:48:04,184 INFO  impl.RoleInfo (RoleInfo.java:updateAndGet(143)) - 084d1da2-e07b-4a37-b91f-b9c42ce6859b: start LeaderElection
2019-07-14 08:48:04,189 INFO  segmented.SegmentedRaftLogWorker (SegmentedRaftLogWorker.java:execute(569)) - 0e2566f0-f1df-4e5b-8236-e8a73d3032f4-SegmentedRaftLogWorker:Storage Directory /workdir/hadoop-ozone/integration-test/target/test-dir/MiniOzoneClusterImpl-813f4eb2-d14a-42d0-ab02-1d0f0e18d9f3/datanode-4/data/ratis/f572dc8a-ef19-4da6-9ae0-0330db93486a: created new log segment /workdir/hadoop-ozone/integration-test/target/test-dir/MiniOzoneClusterImpl-813f4eb2-d14a-42d0-ab02-1d0f0e18d9f3/datanode-4/data/ratis/f572dc8a-ef19-4da6-9ae0-0330db93486a/current/log_inprogress_0
2019-07-14 08:48:04,200 INFO  impl.RaftServerImpl (ServerState.java:setLeader(263)) - 1380dc5f-a290-4284-8a2d-364e76bd8e8a:group-0330DB93486A change Leader from null to 0e2566f0-f1df-4e5b-8236-e8a73d3032f4 at term 1 for appendEntries, leader elected after 5215ms
2019-07-14 08:48:04,200 INFO  impl.RaftServerImpl (ServerState.java:setLeader(263)) - d8295262-cae7-48ce-a5c7-414667f70876:group-0330DB93486A change Leader from null to 0e2566f0-f1df-4e5b-8236-e8a73d3032f4 at term 1 for appendEntries, leader elected after 5215ms
2019-07-14 08:48:04,203 INFO  impl.LeaderElection (LeaderElection.java:askForVotes(181)) - 084d1da2-e07b-4a37-b91f-b9c42ce6859b:group-3F1A8B2CBAE6:LeaderElection36: begin an election at term 1 for -1: [084d1da2-e07b-4a37-b91f-b9c42ce6859b:192.168.5.191:34588], old=null
2019-07-14 08:48:04,203 INFO  impl.RaftServerImpl (ServerState.java:setRaftConf(361)) - 1380dc5f-a290-4284-8a2d-364e76bd8e8a:group-0330DB93486A set configuration 0: [1380dc5f-a290-4284-8a2d-364e76bd8e8a:192.168.5.191:45244, 0e2566f0-f1df-4e5b-8236-e8a73d3032f4:192.168.5.191:41738, d8295262-cae7-48ce-a5c7-414667f70876:192.168.5.191:41811], old=null at 0
2019-07-14 08:48:04,203 INFO  impl.RaftServerImpl (ServerState.java:setRaftConf(361)) - d8295262-cae7-48ce-a5c7-414667f70876:group-0330DB93486A set configuration 0: [1380dc5f-a290-4284-8a2d-364e76bd8e8a:192.168.5.191:45244, 0e2566f0-f1df-4e5b-8236-e8a73d3032f4:192.168.5.191:41738, d8295262-cae7-48ce-a5c7-414667f70876:192.168.5.191:41811], old=null at 0
2019-07-14 08:48:04,203 INFO  impl.RoleInfo (RoleInfo.java:shutdownLeaderElection(134)) - 084d1da2-e07b-4a37-b91f-b9c42ce6859b: shutdown LeaderElection
2019-07-14 08:48:04,204 INFO  segmented.SegmentedRaftLogWorker (SegmentedRaftLogWorker.java:startLogSegment(380)) - d8295262-cae7-48ce-a5c7-414667f70876-SegmentedRaftLogWorker:Storage Directory /workdir/hadoop-ozone/integration-test/target/test-dir/MiniOzoneClusterImpl-813f4eb2-d14a-42d0-ab02-1d0f0e18d9f3/datanode-5/data/ratis/f572dc8a-ef19-4da6-9ae0-0330db93486a: Starting segment from index:0
2019-07-14 08:48:04,204 INFO  segmented.SegmentedRaftLogWorker (SegmentedRaftLogWorker.java:startLogSegment(380)) - 1380dc5f-a290-4284-8a2d-364e76bd8e8a-SegmentedRaftLogWorker:Storage Directory /workdir/hadoop-ozone/integration-test/target/test-dir/MiniOzoneClusterImpl-813f4eb2-d14a-42d0-ab02-1d0f0e18d9f3/datanode-3/data/ratis/f572dc8a-ef19-4da6-9ae0-0330db93486a: Starting segment from index:0
2019-07-14 08:48:04,204 INFO  impl.RaftServerImpl (RaftServerImpl.java:setRole(171)) - 084d1da2-e07b-4a37-b91f-b9c42ce6859b:group-3F1A8B2CBAE6 changes role from CANDIDATE to LEADER at term 1 for changeToLeader
2019-07-14 08:48:04,205 INFO  impl.RaftServerImpl (ServerState.java:setLeader(263)) - 084d1da2-e07b-4a37-b91f-b9c42ce6859b:group-3F1A8B2CBAE6 change Leader from null to 084d1da2-e07b-4a37-b91f-b9c42ce6859b at term 1 for becomeLeader, leader elected after 5082ms
2019-07-14 08:48:04,205 INFO  server.RaftServerConfigKeys (ConfUtils.java:logGet(43)) - raft.server.staging.catchup.gap = 1000 (default)
2019-07-14 08:48:04,205 INFO  server.RaftServerConfigKeys (ConfUtils.java:logGet(43)) - raft.server.rpc.sleep.time = 25ms (default)
2019-07-14 08:48:04,205 INFO  server.RaftServerConfigKeys (ConfUtils.java:logGet(43)) - raft.server.write.element-limit = 4096 (default)
2019-07-14 08:48:04,205 INFO  server.RaftServerConfigKeys (ConfUtils.java:logGet(43)) - raft.server.watch.timeout = 10s (default)
2019-07-14 08:48:04,205 INFO  server.RaftServerConfigKeys (ConfUtils.java:logGet(43)) - raft.server.watch.timeout.denomination = 1s (default)
2019-07-14 08:48:04,206 INFO  server.RaftServerConfigKeys (ConfUtils.java:logGet(43)) - raft.server.watch.element-limit = 65536 (default)
2019-07-14 08:48:04,206 INFO  impl.RoleInfo (RoleInfo.java:updateAndGet(143)) - 084d1da2-e07b-4a37-b91f-b9c42ce6859b: start LeaderState
2019-07-14 08:48:04,206 INFO  segmented.SegmentedRaftLogWorker (SegmentedRaftLogWorker.java:startLogSegment(380)) - 084d1da2-e07b-4a37-b91f-b9c42ce6859b-SegmentedRaftLogWorker:Storage Directory /workdir/hadoop-ozone/integration-test/target/test-dir/MiniOzoneClusterImpl-813f4eb2-d14a-42d0-ab02-1d0f0e18d9f3/datanode-6/data/ratis/8a671090-c34e-44fd-8d24-3f1a8b2cbae6: Starting segment from index:0
2019-07-14 08:48:04,207 INFO  impl.RaftServerImpl (ServerState.java:setRaftConf(361)) - 084d1da2-e07b-4a37-b91f-b9c42ce6859b:group-3F1A8B2CBAE6 set configuration 0: [084d1da2-e07b-4a37-b91f-b9c42ce6859b:192.168.5.191:34588], old=null at 0
2019-07-14 08:48:04,231 INFO  segmented.SegmentedRaftLogWorker (SegmentedRaftLogWorker.java:execute(569)) - 084d1da2-e07b-4a37-b91f-b9c42ce6859b-SegmentedRaftLogWorker:Storage Directory /workdir/hadoop-ozone/integration-test/target/test-dir/MiniOzoneClusterImpl-813f4eb2-d14a-42d0-ab02-1d0f0e18d9f3/datanode-6/data/ratis/8a671090-c34e-44fd-8d24-3f1a8b2cbae6: created new log segment /workdir/hadoop-ozone/integration-test/target/test-dir/MiniOzoneClusterImpl-813f4eb2-d14a-42d0-ab02-1d0f0e18d9f3/datanode-6/data/ratis/8a671090-c34e-44fd-8d24-3f1a8b2cbae6/current/log_inprogress_0
2019-07-14 08:48:04,235 INFO  segmented.SegmentedRaftLogWorker (SegmentedRaftLogWorker.java:execute(569)) - 1380dc5f-a290-4284-8a2d-364e76bd8e8a-SegmentedRaftLogWorker:Storage Directory /workdir/hadoop-ozone/integration-test/target/test-dir/MiniOzoneClusterImpl-813f4eb2-d14a-42d0-ab02-1d0f0e18d9f3/datanode-3/data/ratis/f572dc8a-ef19-4da6-9ae0-0330db93486a: created new log segment /workdir/hadoop-ozone/integration-test/target/test-dir/MiniOzoneClusterImpl-813f4eb2-d14a-42d0-ab02-1d0f0e18d9f3/datanode-3/data/ratis/f572dc8a-ef19-4da6-9ae0-0330db93486a/current/log_inprogress_0
2019-07-14 08:48:04,235 INFO  segmented.SegmentedRaftLogWorker (SegmentedRaftLogWorker.java:execute(569)) - d8295262-cae7-48ce-a5c7-414667f70876-SegmentedRaftLogWorker:Storage Directory /workdir/hadoop-ozone/integration-test/target/test-dir/MiniOzoneClusterImpl-813f4eb2-d14a-42d0-ab02-1d0f0e18d9f3/datanode-5/data/ratis/f572dc8a-ef19-4da6-9ae0-0330db93486a: created new log segment /workdir/hadoop-ozone/integration-test/target/test-dir/MiniOzoneClusterImpl-813f4eb2-d14a-42d0-ab02-1d0f0e18d9f3/datanode-5/data/ratis/f572dc8a-ef19-4da6-9ae0-0330db93486a/current/log_inprogress_0
2019-07-14 08:48:04,289 INFO  client.GrpcClientProtocolClient (GrpcClientProtocolClient.java:onNext(255)) - client-3311122B2542->3b534486-5863-40fe-abd3-c4599ce5b3a5: receive RaftClientReply:client-3311122B2542->3b534486-5863-40fe-abd3-c4599ce5b3a5@group-447E48BD93BB, cid=54, FAILED org.apache.ratis.protocol.NotLeaderException: Server 3b534486-5863-40fe-abd3-c4599ce5b3a5 is not the leader (cc2591a2-a433-42b0-bef9-b70d672d3d27:192.168.5.191:44697). Request must be sent to leader., logIndex=0, commits[3b534486-5863-40fe-abd3-c4599ce5b3a5:c0, e0e906dc-5934-495b-8920-509eefe19847:c-1, cc2591a2-a433-42b0-bef9-b70d672d3d27:c0]
2019-07-14 08:48:04,383 INFO  client.GrpcClientProtocolClient (GrpcClientProtocolClient.java:onNext(255)) - client-3311122B2542->cc2591a2-a433-42b0-bef9-b70d672d3d27: receive RaftClientReply:client-3311122B2542->cc2591a2-a433-42b0-bef9-b70d672d3d27@group-447E48BD93BB, cid=54, SUCCESS, logIndex=1, commits[cc2591a2-a433-42b0-bef9-b70d672d3d27:c2, e0e906dc-5934-495b-8920-509eefe19847:c1, 3b534486-5863-40fe-abd3-c4599ce5b3a5:c1]
2019-07-14 08:48:04,387 INFO  datanode.ObjectStoreHandler (ObjectStoreHandler.java:close(155)) - Closing ObjectStoreHandler.
2019-07-14 08:48:04,389 INFO  ozone.HddsDatanodeService (HddsDatanodeService.java:stop(452)) - Stopped plug-in org.apache.hadoop.ozone.web.OzoneHddsDatanodeService@3b8b4846
2019-07-14 08:48:04,396 INFO  statemachine.DatanodeStateMachine (DatanodeStateMachine.java:lambda$startDaemon$0(350)) - Ozone container server started.
2019-07-14 08:48:09,397 INFO  ozoneimpl.OzoneContainer (OzoneContainer.java:stop(199)) - Attempting to stop container services.
2019-07-14 08:48:09,398 INFO  impl.RaftServerProxy (RaftServerProxy.java:lambda$close$4(314)) - e0e906dc-5934-495b-8920-509eefe19847: close
2019-07-14 08:48:09,398 INFO  impl.RaftServerImpl (RaftServerImpl.java:lambda$shutdown$3(245)) - e0e906dc-5934-495b-8920-509eefe19847: shutdown group-D81253EFF309
2019-07-14 08:48:09,399 INFO  util.JmxRegister (JmxRegister.java:unregister(73)) - Successfully un-registered JMX Bean with object name Ratis:service=RaftServer,group=group-D81253EFF309,id=e0e906dc-5934-495b-8920-509eefe19847
2019-07-14 08:48:09,399 INFO  impl.RoleInfo (RoleInfo.java:shutdownLeaderState(104)) - e0e906dc-5934-495b-8920-509eefe19847: shutdown LeaderState
2019-07-14 08:48:09,400 INFO  impl.PendingRequests (PendingRequests.java:sendNotLeaderResponses(202)) - e0e906dc-5934-495b-8920-509eefe19847-PendingRequests: sendNotLeaderResponses
2019-07-14 08:48:09,400 INFO  impl.StateMachineUpdater (StateMachineUpdater.java:stopAndJoin(115)) - StateMachineUpdater:e0e906dc-5934-495b-8920-509eefe19847:group-D81253EFF309: set stopIndex = 0
2019-07-14 08:48:09,400 INFO  impl.RaftServerImpl (ServerState.java:close(394)) - e0e906dc-5934-495b-8920-509eefe19847:group-D81253EFF309 closes. The last applied log index is 0
2019-07-14 08:48:09,401 INFO  segmented.SegmentedRaftLogWorker (SegmentedRaftLogWorker.java:run(313)) - e0e906dc-5934-495b-8920-509eefe19847-SegmentedRaftLogWorker:Storage Directory /workdir/hadoop-ozone/integration-test/target/test-dir/MiniOzoneClusterImpl-813f4eb2-d14a-42d0-ab02-1d0f0e18d9f3/datanode-0/data/ratis/16996e32-6a8e-40dd-ad2c-d81253eff309 was interrupted, exiting. There are 0 tasks remaining in the queue.
2019-07-14 08:48:09,420 INFO  segmented.SegmentedRaftLogWorker (SegmentedRaftLogWorker.java:close(228)) - e0e906dc-5934-495b-8920-509eefe19847-SegmentedRaftLogWorker:Storage Directory /workdir/hadoop-ozone/integration-test/target/test-dir/MiniOzoneClusterImpl-813f4eb2-d14a-42d0-ab02-1d0f0e18d9f3/datanode-0/data/ratis/16996e32-6a8e-40dd-ad2c-d81253eff309 close()
2019-07-14 08:48:09,431 INFO  impl.RaftServerImpl (RaftServerImpl.java:lambda$shutdown$3(245)) - e0e906dc-5934-495b-8920-509eefe19847: shutdown group-447E48BD93BB
2019-07-14 08:48:09,432 INFO  util.JmxRegister (JmxRegister.java:unregister(73)) - Successfully un-registered JMX Bean with object name Ratis:service=RaftServer,group=group-447E48BD93BB,id=e0e906dc-5934-495b-8920-509eefe19847
2019-07-14 08:48:09,432 INFO  impl.RoleInfo (RoleInfo.java:shutdownFollowerState(121)) - e0e906dc-5934-495b-8920-509eefe19847: shutdown FollowerState
2019-07-14 08:48:09,433 INFO  impl.StateMachineUpdater (StateMachineUpdater.java:stopAndJoin(115)) - StateMachineUpdater:e0e906dc-5934-495b-8920-509eefe19847:group-447E48BD93BB: set stopIndex = 2
2019-07-14 08:48:09,433 INFO  impl.FollowerState (FollowerState.java:run(114)) - e0e906dc-5934-495b-8920-509eefe19847: FollowerState was interrupted: java.lang.InterruptedException: sleep interrupted
2019-07-14 08:48:09,433 INFO  ratis.ContainerStateMachine (ContainerStateMachine.java:takeSnapshot(249)) - group-447E48BD93BB: Taking a snapshot at:(t:1, i:1) file /workdir/hadoop-ozone/integration-test/target/test-dir/MiniOzoneClusterImpl-813f4eb2-d14a-42d0-ab02-1d0f0e18d9f3/datanode-0/data/ratis/21de086c-f263-4c99-af86-447e48bd93bb/sm/snapshot.1_1
2019-07-14 08:48:09,437 INFO  ratis.ContainerStateMachine (ContainerStateMachine.java:takeSnapshot(257)) - group-447E48BD93BB: Finished taking a snapshot at:(t:1, i:1) file:/workdir/hadoop-ozone/integration-test/target/test-dir/MiniOzoneClusterImpl-813f4eb2-d14a-42d0-ab02-1d0f0e18d9f3/datanode-0/data/ratis/21de086c-f263-4c99-af86-447e48bd93bb/sm/snapshot.1_1 time:5
2019-07-14 08:48:09,437 INFO  impl.StateMachineUpdater (StateMachineUpdater.java:takeSnapshot(242)) - StateMachineUpdater:e0e906dc-5934-495b-8920-509eefe19847:group-447E48BD93BB: Took a snapshot at index 1
2019-07-14 08:48:09,438 INFO  impl.StateMachineUpdater (StateMachineUpdater.java:lambda$new$0(80)) - StateMachineUpdater:e0e906dc-5934-495b-8920-509eefe19847:group-447E48BD93BB: snapshotIndex: updateIncreasingly -1 -> 1
2019-07-14 08:48:09,438 INFO  impl.RaftServerImpl (ServerState.java:close(394)) - e0e906dc-5934-495b-8920-509eefe19847:group-447E48BD93BB closes. The last applied log index is 2
2019-07-14 08:48:09,439 INFO  segmented.SegmentedRaftLogWorker (SegmentedRaftLogWorker.java:run(313)) - e0e906dc-5934-495b-8920-509eefe19847-SegmentedRaftLogWorker:Storage Directory /workdir/hadoop-ozone/integration-test/target/test-dir/MiniOzoneClusterImpl-813f4eb2-d14a-42d0-ab02-1d0f0e18d9f3/datanode-0/data/ratis/21de086c-f263-4c99-af86-447e48bd93bb was interrupted, exiting. There are 0 tasks remaining in the queue.
2019-07-14 08:48:09,443 INFO  segmented.SegmentedRaftLogWorker (SegmentedRaftLogWorker.java:close(228)) - e0e906dc-5934-495b-8920-509eefe19847-SegmentedRaftLogWorker:Storage Directory /workdir/hadoop-ozone/integration-test/target/test-dir/MiniOzoneClusterImpl-813f4eb2-d14a-42d0-ab02-1d0f0e18d9f3/datanode-0/data/ratis/21de086c-f263-4c99-af86-447e48bd93bb close()
2019-07-14 08:48:09,450 INFO  server.GrpcService (GrpcService.java:closeImpl(155)) - e0e906dc-5934-495b-8920-509eefe19847: shutdown server with port 41252 now
2019-07-14 08:48:09,451 WARN  server.GrpcServerProtocolService (LogUtils.java:warn(134)) - e0e906dc-5934-495b-8920-509eefe19847: appendEntries onError: org.apache.ratis.thirdparty.io.grpc.StatusRuntimeException: CANCELLED: cancelled before receiving half close
2019-07-14 08:48:09,452 INFO  server.GrpcService (GrpcService.java:closeImpl(163)) - e0e906dc-5934-495b-8920-509eefe19847: shutdown server with port 41252 successfully
2019-07-14 08:48:09,452 WARN  server.GrpcLogAppender (LogUtils.java:warn(134)) - cc2591a2-a433-42b0-bef9-b70d672d3d27->e0e906dc-5934-495b-8920-509eefe19847: Failed appendEntries: org.apache.ratis.thirdparty.io.grpc.StatusRuntimeException: CANCELLED: HTTP/2 error code: CANCEL
Received Rst Stream
2019-07-14 08:48:09,453 INFO  impl.FollowerInfo (FollowerInfo.java:lambda$new$0(50)) - cc2591a2-a433-42b0-bef9-b70d672d3d27->e0e906dc-5934-495b-8920-509eefe19847: nextIndex: updateUnconditionally 3 -> 2
2019-07-14 08:48:09,456 INFO  utils.BackgroundService (BackgroundService.java:shutdown(148)) - Shutting down service BlockDeletingService
2019-07-14 08:48:09,457 WARN  fs.CachingGetSpaceUsed (CachingGetSpaceUsed.java:run(183)) - Thread Interrupted waiting to refresh disk information: sleep interrupted
2019-07-14 08:48:09,483 INFO  statemachine.DatanodeStateMachine (DatanodeStateMachine.java:stopDaemon(395)) - Ozone container server stopped.
2019-07-14 08:48:09,484 INFO  handler.ContextHandler (ContextHandler.java:doStop(910)) - Stopped o.e.j.w.WebAppContext@5649f55{/,null,UNAVAILABLE}{/hddsDatanode}
2019-07-14 08:48:09,485 INFO  server.AbstractConnector (AbstractConnector.java:doStop(318)) - Stopped ServerConnector@558127d2{HTTP/1.1,[http/1.1]}{0.0.0.0:0}
2019-07-14 08:48:09,486 INFO  handler.ContextHandler (ContextHandler.java:doStop(910)) - Stopped o.e.j.s.ServletContextHandler@662713b6{/static,jar:file:/home/user/.m2/repository/org/apache/hadoop/hadoop-hdds-container-service/0.5.0-SNAPSHOT/hadoop-hdds-container-service-0.5.0-SNAPSHOT.jar!/webapps/static,UNAVAILABLE}
2019-07-14 08:48:09,486 INFO  handler.ContextHandler (ContextHandler.java:doStop(910)) - Stopped o.e.j.s.ServletContextHandler@27053257{/logs,file:///workdir/hadoop-ozone/integration-test/target/log,UNAVAILABLE}
2019-07-14 08:48:09,488 INFO  datanode.ObjectStoreHandler (ObjectStoreHandler.java:close(155)) - Closing ObjectStoreHandler.
2019-07-14 08:48:09,488 INFO  ozone.HddsDatanodeService (HddsDatanodeService.java:stop(452)) - Stopped plug-in org.apache.hadoop.ozone.web.OzoneHddsDatanodeService@9499643
2019-07-14 08:48:10,401 INFO  statemachine.DatanodeStateMachine (DatanodeStateMachine.java:lambda$startDaemon$0(350)) - Ozone container server started.
2019-07-14 08:48:11,827 WARN  server.GrpcLogAppender (LogUtils.java:warn(134)) - cc2591a2-a433-42b0-bef9-b70d672d3d27->e0e906dc-5934-495b-8920-509eefe19847: Failed appendEntries: org.apache.ratis.thirdparty.io.grpc.StatusRuntimeException: UNAVAILABLE: io exception
2019-07-14 08:48:11,828 INFO  impl.FollowerInfo (FollowerInfo.java:lambda$new$0(50)) - cc2591a2-a433-42b0-bef9-b70d672d3d27->e0e906dc-5934-495b-8920-509eefe19847: nextIndex: updateUnconditionally 2 -> 1
2019-07-14 08:48:14,371 WARN  server.GrpcLogAppender (LogUtils.java:warn(134)) - cc2591a2-a433-42b0-bef9-b70d672d3d27->e0e906dc-5934-495b-8920-509eefe19847: Failed appendEntries: org.apache.ratis.thirdparty.io.grpc.StatusRuntimeException: UNAVAILABLE: io exception
2019-07-14 08:48:14,371 INFO  impl.FollowerInfo (FollowerInfo.java:lambda$new$0(50)) - cc2591a2-a433-42b0-bef9-b70d672d3d27->e0e906dc-5934-495b-8920-509eefe19847: nextIndex: updateUnconditionally 1 -> 0
2019-07-14 08:48:14,489 INFO  ozoneimpl.OzoneContainer (OzoneContainer.java:stop(199)) - Attempting to stop container services.
2019-07-14 08:48:14,490 INFO  impl.RaftServerProxy (RaftServerProxy.java:lambda$close$4(314)) - 3b534486-5863-40fe-abd3-c4599ce5b3a5: close
2019-07-14 08:48:14,490 INFO  impl.RaftServerImpl (RaftServerImpl.java:lambda$shutdown$3(245)) - 3b534486-5863-40fe-abd3-c4599ce5b3a5: shutdown group-447E48BD93BB
2019-07-14 08:48:14,491 INFO  impl.RaftServerImpl (RaftServerImpl.java:lambda$shutdown$3(245)) - 3b534486-5863-40fe-abd3-c4599ce5b3a5: shutdown group-D4BA6EDFED0C
2019-07-14 08:48:14,491 INFO  util.JmxRegister (JmxRegister.java:unregister(73)) - Successfully un-registered JMX Bean with object name Ratis:service=RaftServer,group=group-447E48BD93BB,id=3b534486-5863-40fe-abd3-c4599ce5b3a5
2019-07-14 08:48:14,491 INFO  util.JmxRegister (JmxRegister.java:unregister(73)) - Successfully un-registered JMX Bean with object name Ratis:service=RaftServer,group=group-D4BA6EDFED0C,id=3b534486-5863-40fe-abd3-c4599ce5b3a5
2019-07-14 08:48:14,491 INFO  impl.RoleInfo (RoleInfo.java:shutdownFollowerState(121)) - 3b534486-5863-40fe-abd3-c4599ce5b3a5: shutdown FollowerState
2019-07-14 08:48:14,492 INFO  impl.RoleInfo (RoleInfo.java:shutdownLeaderState(104)) - 3b534486-5863-40fe-abd3-c4599ce5b3a5: shutdown LeaderState
2019-07-14 08:48:14,492 INFO  impl.FollowerState (FollowerState.java:run(114)) - 3b534486-5863-40fe-abd3-c4599ce5b3a5: FollowerState was interrupted: java.lang.InterruptedException: sleep interrupted
2019-07-14 08:48:14,492 INFO  ratis.ContainerStateMachine (ContainerStateMachine.java:takeSnapshot(249)) - group-447E48BD93BB: Taking a snapshot at:(t:1, i:1) file /workdir/hadoop-ozone/integration-test/target/test-dir/MiniOzoneClusterImpl-813f4eb2-d14a-42d0-ab02-1d0f0e18d9f3/datanode-1/data/ratis/21de086c-f263-4c99-af86-447e48bd93bb/sm/snapshot.1_1
2019-07-14 08:48:14,492 INFO  impl.StateMachineUpdater (StateMachineUpdater.java:stopAndJoin(115)) - StateMachineUpdater:3b534486-5863-40fe-abd3-c4599ce5b3a5:group-447E48BD93BB: set stopIndex = 2
2019-07-14 08:48:14,498 INFO  ratis.ContainerStateMachine (ContainerStateMachine.java:takeSnapshot(257)) - group-447E48BD93BB: Finished taking a snapshot at:(t:1, i:1) file:/workdir/hadoop-ozone/integration-test/target/test-dir/MiniOzoneClusterImpl-813f4eb2-d14a-42d0-ab02-1d0f0e18d9f3/datanode-1/data/ratis/21de086c-f263-4c99-af86-447e48bd93bb/sm/snapshot.1_1 time:6
2019-07-14 08:48:14,498 INFO  impl.StateMachineUpdater (StateMachineUpdater.java:takeSnapshot(242)) - StateMachineUpdater:3b534486-5863-40fe-abd3-c4599ce5b3a5:group-447E48BD93BB: Took a snapshot at index 1
2019-07-14 08:48:14,492 INFO  impl.PendingRequests (PendingRequests.java:sendNotLeaderResponses(202)) - 3b534486-5863-40fe-abd3-c4599ce5b3a5-PendingRequests: sendNotLeaderResponses
2019-07-14 08:48:14,499 INFO  impl.StateMachineUpdater (StateMachineUpdater.java:lambda$new$0(80)) - StateMachineUpdater:3b534486-5863-40fe-abd3-c4599ce5b3a5:group-447E48BD93BB: snapshotIndex: updateIncreasingly -1 -> 1
2019-07-14 08:48:14,499 INFO  impl.StateMachineUpdater (StateMachineUpdater.java:stopAndJoin(115)) - StateMachineUpdater:3b534486-5863-40fe-abd3-c4599ce5b3a5:group-D4BA6EDFED0C: set stopIndex = 0
2019-07-14 08:48:14,499 INFO  impl.RaftServerImpl (ServerState.java:close(394)) - 3b534486-5863-40fe-abd3-c4599ce5b3a5:group-D4BA6EDFED0C closes. The last applied log index is 0
2019-07-14 08:48:14,499 INFO  impl.RaftServerImpl (ServerState.java:close(394)) - 3b534486-5863-40fe-abd3-c4599ce5b3a5:group-447E48BD93BB closes. The last applied log index is 2
2019-07-14 08:48:14,500 INFO  segmented.SegmentedRaftLogWorker (SegmentedRaftLogWorker.java:run(313)) - 3b534486-5863-40fe-abd3-c4599ce5b3a5-SegmentedRaftLogWorker:Storage Directory /workdir/hadoop-ozone/integration-test/target/test-dir/MiniOzoneClusterImpl-813f4eb2-d14a-42d0-ab02-1d0f0e18d9f3/datanode-1/data/ratis/fa199370-75ee-43ef-ba3a-d4ba6edfed0c was interrupted, exiting. There are 0 tasks remaining in the queue.
2019-07-14 08:48:14,500 INFO  segmented.SegmentedRaftLogWorker (SegmentedRaftLogWorker.java:run(313)) - 3b534486-5863-40fe-abd3-c4599ce5b3a5-SegmentedRaftLogWorker:Storage Directory /workdir/hadoop-ozone/integration-test/target/test-dir/MiniOzoneClusterImpl-813f4eb2-d14a-42d0-ab02-1d0f0e18d9f3/datanode-1/data/ratis/21de086c-f263-4c99-af86-447e48bd93bb was interrupted, exiting. There are 0 tasks remaining in the queue.
2019-07-14 08:48:14,510 INFO  segmented.SegmentedRaftLogWorker (SegmentedRaftLogWorker.java:close(228)) - 3b534486-5863-40fe-abd3-c4599ce5b3a5-SegmentedRaftLogWorker:Storage Directory /workdir/hadoop-ozone/integration-test/target/test-dir/MiniOzoneClusterImpl-813f4eb2-d14a-42d0-ab02-1d0f0e18d9f3/datanode-1/data/ratis/21de086c-f263-4c99-af86-447e48bd93bb close()
2019-07-14 08:48:14,510 INFO  segmented.SegmentedRaftLogWorker (SegmentedRaftLogWorker.java:close(228)) - 3b534486-5863-40fe-abd3-c4599ce5b3a5-SegmentedRaftLogWorker:Storage Directory /workdir/hadoop-ozone/integration-test/target/test-dir/MiniOzoneClusterImpl-813f4eb2-d14a-42d0-ab02-1d0f0e18d9f3/datanode-1/data/ratis/fa199370-75ee-43ef-ba3a-d4ba6edfed0c close()
2019-07-14 08:48:14,526 INFO  server.GrpcService (GrpcService.java:closeImpl(155)) - 3b534486-5863-40fe-abd3-c4599ce5b3a5: shutdown server with port 46339 now
2019-07-14 08:48:14,527 WARN  server.GrpcServerProtocolService (LogUtils.java:warn(134)) - 3b534486-5863-40fe-abd3-c4599ce5b3a5: appendEntries onError: org.apache.ratis.thirdparty.io.grpc.StatusRuntimeException: CANCELLED: cancelled before receiving half close
2019-07-14 08:48:14,528 INFO  server.GrpcService (GrpcService.java:closeImpl(163)) - 3b534486-5863-40fe-abd3-c4599ce5b3a5: shutdown server with port 46339 successfully
2019-07-14 08:48:14,528 WARN  server.GrpcLogAppender (LogUtils.java:warn(134)) - cc2591a2-a433-42b0-bef9-b70d672d3d27->3b534486-5863-40fe-abd3-c4599ce5b3a5: Failed appendEntries: org.apache.ratis.thirdparty.io.grpc.StatusRuntimeException: CANCELLED: HTTP/2 error code: CANCEL
Received Rst Stream
2019-07-14 08:48:14,529 INFO  impl.FollowerInfo (FollowerInfo.java:lambda$new$0(50)) - cc2591a2-a433-42b0-bef9-b70d672d3d27->3b534486-5863-40fe-abd3-c4599ce5b3a5: nextIndex: updateUnconditionally 3 -> 2
2019-07-14 08:48:14,529 INFO  utils.BackgroundService (BackgroundService.java:shutdown(148)) - Shutting down service BlockDeletingService
2019-07-14 08:48:14,536 WARN  fs.CachingGetSpaceUsed (CachingGetSpaceUsed.java:run(183)) - Thread Interrupted waiting to refresh disk information: sleep interrupted
2019-07-14 08:48:14,560 INFO  statemachine.DatanodeStateMachine (DatanodeStateMachine.java:stopDaemon(395)) - Ozone container server stopped.
2019-07-14 08:48:14,561 INFO  handler.ContextHandler (ContextHandler.java:doStop(910)) - Stopped o.e.j.w.WebAppContext@6c49ea0c{/,null,UNAVAILABLE}{/hddsDatanode}
2019-07-14 08:48:14,565 INFO  server.AbstractConnector (AbstractConnector.java:doStop(318)) - Stopped ServerConnector@417bfebd{HTTP/1.1,[http/1.1]}{0.0.0.0:0}
2019-07-14 08:48:14,566 INFO  handler.ContextHandler (ContextHandler.java:doStop(910)) - Stopped o.e.j.s.ServletContextHandler@34652065{/static,jar:file:/home/user/.m2/repository/org/apache/hadoop/hadoop-hdds-container-service/0.5.0-SNAPSHOT/hadoop-hdds-container-service-0.5.0-SNAPSHOT.jar!/webapps/static,UNAVAILABLE}
2019-07-14 08:48:14,566 INFO  handler.ContextHandler (ContextHandler.java:doStop(910)) - Stopped o.e.j.s.ServletContextHandler@2d88c1bf{/logs,file:///workdir/hadoop-ozone/integration-test/target/log,UNAVAILABLE}
2019-07-14 08:48:14,582 INFO  client.GrpcClientProtocolClient (GrpcClientProtocolClient.java:onNext(255)) - client-3311122B2542->cc2591a2-a433-42b0-bef9-b70d672d3d27: receive RaftClientReply:client-3311122B2542->cc2591a2-a433-42b0-bef9-b70d672d3d27@group-447E48BD93BB, cid=55, SUCCESS, logIndex=0, commits[cc2591a2-a433-42b0-bef9-b70d672d3d27:c2, e0e906dc-5934-495b-8920-509eefe19847:c2, 3b534486-5863-40fe-abd3-c4599ce5b3a5:c2]
]]></system-out>
    <system-err><![CDATA[Jul 14, 2019 8:47:53 AM com.sun.jersey.server.impl.application.WebApplicationImpl _initiate
INFO: Initiating Jersey application, version 'Jersey: 1.19 02/11/2015 03:25 AM'
Jul 14, 2019 8:47:53 AM com.sun.jersey.server.impl.application.WebApplicationImpl _initiate
INFO: Initiating Jersey application, version 'Jersey: 1.19 02/11/2015 03:25 AM'
Jul 14, 2019 8:47:54 AM com.sun.jersey.server.impl.application.WebApplicationImpl _initiate
INFO: Initiating Jersey application, version 'Jersey: 1.19 02/11/2015 03:25 AM'
Jul 14, 2019 8:47:54 AM com.sun.jersey.server.impl.application.WebApplicationImpl _initiate
INFO: Initiating Jersey application, version 'Jersey: 1.19 02/11/2015 03:25 AM'
Jul 14, 2019 8:47:54 AM com.sun.jersey.server.impl.application.WebApplicationImpl _initiate
INFO: Initiating Jersey application, version 'Jersey: 1.19 02/11/2015 03:25 AM'
Jul 14, 2019 8:47:54 AM com.sun.jersey.server.impl.application.WebApplicationImpl _initiate
INFO: Initiating Jersey application, version 'Jersey: 1.19 02/11/2015 03:25 AM'
Jul 14, 2019 8:47:54 AM com.sun.jersey.server.impl.application.WebApplicationImpl _initiate
INFO: Initiating Jersey application, version 'Jersey: 1.19 02/11/2015 03:25 AM'
]]></system-err>
  </testcase>
  <testcase name="testWatchForCommitForGroupMismatchException" classname="org.apache.hadoop.ozone.client.rpc.TestWatchForCommit" time="32.626"/>
  <testcase name="test2WayCommitForTimeoutException" classname="org.apache.hadoop.ozone.client.rpc.TestWatchForCommit" time="36.026"/>
  <testcase name="test2WayCommitForRetryfailure" classname="org.apache.hadoop.ozone.client.rpc.TestWatchForCommit" time="42.287"/>
</testsuite>