<?xml version="1.0" encoding="UTF-8"?>
<testsuite xmlns:xsi="http://www.w3.org/2001/XMLSchema-instance" xsi:noNamespaceSchemaLocation="https://maven.apache.org/surefire/maven-surefire-plugin/xsd/surefire-test-report.xsd" name="org.apache.hadoop.ozone.client.rpc.TestBlockOutputStreamWithFailures" time="741.371" tests="8" errors="4" skipped="0" failures="1">
  <properties>
    <property name="awt.toolkit" value="sun.awt.X11.XToolkit"/>
    <property name="file.encoding.pkg" value="sun.io"/>
    <property name="java.specification.version" value="1.8"/>
    <property name="sun.cpu.isalist" value=""/>
    <property name="sun.jnu.encoding" value="UTF-8"/>
    <property name="java.class.path" value="/workdir/hadoop-ozone/integration-test/target/test-classes:/workdir/hadoop-ozone/integration-test/target/classes:/home/user/.m2/repository/org/apache/hadoop/hadoop-ozone-common/0.5.0-SNAPSHOT/hadoop-ozone-common-0.5.0-SNAPSHOT.jar:/home/user/.m2/repository/org/apache/commons/commons-compress/1.4.1/commons-compress-1.4.1.jar:/home/user/.m2/repository/org/tukaani/xz/1.0/xz-1.0.jar:/home/user/.m2/repository/org/apache/hadoop/hadoop-common/3.2.0/hadoop-common-3.2.0.jar:/home/user/.m2/repository/org/apache/hadoop/hadoop-hdfs/3.2.0/hadoop-hdfs-3.2.0.jar:/home/user/.m2/repository/org/apache/hadoop/hadoop-hdfs-client/3.2.0/hadoop-hdfs-client-3.2.0.jar:/home/user/.m2/repository/com/fasterxml/jackson/core/jackson-annotations/2.9.5/jackson-annotations-2.9.5.jar:/home/user/.m2/repository/org/apache/hadoop/hadoop-hdds-common/0.5.0-SNAPSHOT/hadoop-hdds-common-0.5.0-SNAPSHOT.jar:/home/user/.m2/repository/javax/annotation/javax.annotation-api/1.2/javax.annotation-api-1.2.jar:/home/user/.m2/repository/org/apache/ratis/ratis-server/0.4.0-2337318-SNAPSHOT/ratis-server-0.4.0-2337318-SNAPSHOT.jar:/home/user/.m2/repository/org/apache/ratis/ratis-thirdparty-misc/0.2.0/ratis-thirdparty-misc-0.2.0.jar:/home/user/.m2/repository/org/apache/ratis/ratis-proto/0.4.0-2337318-SNAPSHOT/ratis-proto-0.4.0-2337318-SNAPSHOT.jar:/home/user/.m2/repository/org/apache/ratis/ratis-common/0.4.0-2337318-SNAPSHOT/ratis-common-0.4.0-2337318-SNAPSHOT.jar:/home/user/.m2/repository/org/apache/ratis/ratis-client/0.4.0-2337318-SNAPSHOT/ratis-client-0.4.0-2337318-SNAPSHOT.jar:/home/user/.m2/repository/org/apache/ratis/ratis-metrics/0.4.0-2337318-SNAPSHOT/ratis-metrics-0.4.0-2337318-SNAPSHOT.jar:/home/user/.m2/repository/org/apache/ratis/ratis-netty/0.4.0-2337318-SNAPSHOT/ratis-netty-0.4.0-2337318-SNAPSHOT.jar:/home/user/.m2/repository/org/apache/ratis/ratis-grpc/0.4.0-2337318-SNAPSHOT/ratis-grpc-0.4.0-2337318-SNAPSHOT.jar:/home/user/.m2/repository/org/rocksdb/rocksdbjni/6.0.1/rocksdbjni-6.0.1.jar:/home/user/.m2/repository/org/apache/logging/log4j/log4j-api/2.11.0/log4j-api-2.11.0.jar:/home/user/.m2/repository/org/apache/logging/log4j/log4j-core/2.11.0/log4j-core-2.11.0.jar:/home/user/.m2/repository/com/lmax/disruptor/3.4.2/disruptor-3.4.2.jar:/home/user/.m2/repository/org/apache/commons/commons-pool2/2.6.0/commons-pool2-2.6.0.jar:/home/user/.m2/repository/org/bouncycastle/bcpkix-jdk15on/1.60/bcpkix-jdk15on-1.60.jar:/home/user/.m2/repository/commons-validator/commons-validator/1.6/commons-validator-1.6.jar:/home/user/.m2/repository/commons-digester/commons-digester/1.8.1/commons-digester-1.8.1.jar:/home/user/.m2/repository/io/jaegertracing/jaeger-client/0.33.1/jaeger-client-0.33.1.jar:/home/user/.m2/repository/io/jaegertracing/jaeger-thrift/0.33.1/jaeger-thrift-0.33.1.jar:/home/user/.m2/repository/org/apache/thrift/libthrift/0.11.0/libthrift-0.11.0.jar:/home/user/.m2/repository/com/squareup/okhttp3/okhttp/3.9.0/okhttp-3.9.0.jar:/home/user/.m2/repository/com/squareup/okio/okio/1.13.0/okio-1.13.0.jar:/home/user/.m2/repository/io/jaegertracing/jaeger-core/0.33.1/jaeger-core-0.33.1.jar:/home/user/.m2/repository/io/jaegertracing/jaeger-tracerresolver/0.33.1/jaeger-tracerresolver-0.33.1.jar:/home/user/.m2/repository/io/opentracing/contrib/opentracing-tracerresolver/0.1.5/opentracing-tracerresolver-0.1.5.jar:/home/user/.m2/repository/io/opentracing/opentracing-util/0.31.0/opentracing-util-0.31.0.jar:/home/user/.m2/repository/io/opentracing/opentracing-api/0.31.0/opentracing-api-0.31.0.jar:/home/user/.m2/repository/io/opentracing/opentracing-noop/0.31.0/opentracing-noop-0.31.0.jar:/home/user/.m2/repository/org/apache/hadoop/hadoop-hdds-server-framework/0.5.0-SNAPSHOT/hadoop-hdds-server-framework-0.5.0-SNAPSHOT.jar:/home/user/.m2/repository/org/apache/hadoop/hadoop-hdds-container-service/0.5.0-SNAPSHOT/hadoop-hdds-container-service-0.5.0-SNAPSHOT.jar:/home/user/.m2/repository/org/apache/hadoop/hadoop-hdds-client/0.5.0-SNAPSHOT/hadoop-hdds-client-0.5.0-SNAPSHOT.jar:/home/user/.m2/repository/org/apache/hadoop/hadoop-hdds-tools/0.5.0-SNAPSHOT/hadoop-hdds-tools-0.5.0-SNAPSHOT.jar:/home/user/.m2/repository/org/apache/hadoop/hadoop-hdds-server-scm/0.5.0-SNAPSHOT/hadoop-hdds-server-scm-0.5.0-SNAPSHOT.jar:/home/user/.m2/repository/org/apache/hadoop/hadoop-hdds-docs/0.5.0-SNAPSHOT/hadoop-hdds-docs-0.5.0-SNAPSHOT.jar:/home/user/.m2/repository/io/dropwizard/metrics/metrics-core/3.2.4/metrics-core-3.2.4.jar:/home/user/.m2/repository/org/hamcrest/hamcrest-all/1.3/hamcrest-all-1.3.jar:/home/user/.m2/repository/org/bouncycastle/bcprov-jdk15on/1.60/bcprov-jdk15on-1.60.jar:/home/user/.m2/repository/info/picocli/picocli/3.9.6/picocli-3.9.6.jar:/home/user/.m2/repository/com/google/protobuf/protobuf-java/2.5.0/protobuf-java-2.5.0.jar:/home/user/.m2/repository/com/google/guava/guava/11.0.2/guava-11.0.2.jar:/home/user/.m2/repository/org/apache/hadoop/hadoop-ozone-ozone-manager/0.5.0-SNAPSHOT/hadoop-ozone-ozone-manager-0.5.0-SNAPSHOT.jar:/home/user/.m2/repository/org/apache/hadoop/hadoop-minikdc/3.2.0/hadoop-minikdc-3.2.0.jar:/home/user/.m2/repository/commons-io/commons-io/2.5/commons-io-2.5.jar:/home/user/.m2/repository/org/apache/kerby/kerb-simplekdc/1.0.1/kerb-simplekdc-1.0.1.jar:/home/user/.m2/repository/org/apache/kerby/kerb-client/1.0.1/kerb-client-1.0.1.jar:/home/user/.m2/repository/org/apache/kerby/kerby-config/1.0.1/kerby-config-1.0.1.jar:/home/user/.m2/repository/org/apache/kerby/kerb-core/1.0.1/kerb-core-1.0.1.jar:/home/user/.m2/repository/org/apache/kerby/kerby-pkix/1.0.1/kerby-pkix-1.0.1.jar:/home/user/.m2/repository/org/apache/kerby/kerby-asn1/1.0.1/kerby-asn1-1.0.1.jar:/home/user/.m2/repository/org/apache/kerby/kerby-util/1.0.1/kerby-util-1.0.1.jar:/home/user/.m2/repository/org/apache/kerby/kerb-common/1.0.1/kerb-common-1.0.1.jar:/home/user/.m2/repository/org/apache/kerby/kerb-crypto/1.0.1/kerb-crypto-1.0.1.jar:/home/user/.m2/repository/org/apache/kerby/kerb-util/1.0.1/kerb-util-1.0.1.jar:/home/user/.m2/repository/org/apache/kerby/token-provider/1.0.1/token-provider-1.0.1.jar:/home/user/.m2/repository/org/apache/kerby/kerb-admin/1.0.1/kerb-admin-1.0.1.jar:/home/user/.m2/repository/org/apache/kerby/kerb-server/1.0.1/kerb-server-1.0.1.jar:/home/user/.m2/repository/org/apache/kerby/kerb-identity/1.0.1/kerb-identity-1.0.1.jar:/home/user/.m2/repository/org/apache/kerby/kerby-xdr/1.0.1/kerby-xdr-1.0.1.jar:/home/user/.m2/repository/org/slf4j/slf4j-log4j12/1.7.25/slf4j-log4j12-1.7.25.jar:/home/user/.m2/repository/org/apache/hadoop/hadoop-ozone-objectstore-service/0.5.0-SNAPSHOT/hadoop-ozone-objectstore-service-0.5.0-SNAPSHOT.jar:/home/user/.m2/repository/org/apache/hadoop/hadoop-ozone-s3gateway/0.5.0-SNAPSHOT/hadoop-ozone-s3gateway-0.5.0-SNAPSHOT.jar:/home/user/.m2/repository/org/jboss/weld/servlet/weld-servlet/2.4.7.Final/weld-servlet-2.4.7.Final.jar:/home/user/.m2/repository/org/glassfish/jersey/containers/jersey-container-servlet-core/2.27/jersey-container-servlet-core-2.27.jar:/home/user/.m2/repository/org/glassfish/hk2/external/javax.inject/2.5.0-b42/javax.inject-2.5.0-b42.jar:/home/user/.m2/repository/org/glassfish/jersey/core/jersey-common/2.27/jersey-common-2.27.jar:/home/user/.m2/repository/org/glassfish/hk2/osgi-resource-locator/1.0.1/osgi-resource-locator-1.0.1.jar:/home/user/.m2/repository/javax/ws/rs/javax.ws.rs-api/2.1/javax.ws.rs-api-2.1.jar:/home/user/.m2/repository/org/glassfish/jersey/ext/cdi/jersey-cdi1x/2.27/jersey-cdi1x-2.27.jar:/home/user/.m2/repository/org/glassfish/jersey/inject/jersey-hk2/2.27/jersey-hk2-2.27.jar:/home/user/.m2/repository/org/glassfish/hk2/hk2-locator/2.5.0-b42/hk2-locator-2.5.0-b42.jar:/home/user/.m2/repository/org/javassist/javassist/3.22.0-CR2/javassist-3.22.0-CR2.jar:/home/user/.m2/repository/org/glassfish/hk2/hk2-api/2.5.0/hk2-api-2.5.0.jar:/home/user/.m2/repository/org/glassfish/hk2/external/jakarta.inject/2.5.0/jakarta.inject-2.5.0.jar:/home/user/.m2/repository/org/glassfish/hk2/hk2-utils/2.5.0/hk2-utils-2.5.0.jar:/home/user/.m2/repository/jakarta/annotation/jakarta.annotation-api/1.3.4/jakarta.annotation-api-1.3.4.jar:/home/user/.m2/repository/org/glassfish/hk2/external/aopalliance-repackaged/2.5.0/aopalliance-repackaged-2.5.0.jar:/home/user/.m2/repository/com/fasterxml/jackson/dataformat/jackson-dataformat-xml/2.9.0/jackson-dataformat-xml-2.9.0.jar:/home/user/.m2/repository/com/fasterxml/jackson/core/jackson-core/2.9.5/jackson-core-2.9.5.jar:/home/user/.m2/repository/com/fasterxml/jackson/module/jackson-module-jaxb-annotations/2.9.5/jackson-module-jaxb-annotations-2.9.5.jar:/home/user/.m2/repository/javax/enterprise/cdi-api/1.2/cdi-api-1.2.jar:/home/user/.m2/repository/javax/el/javax.el-api/3.0.0/javax.el-api-3.0.0.jar:/home/user/.m2/repository/javax/interceptor/javax.interceptor-api/1.2/javax.interceptor-api-1.2.jar:/home/user/.m2/repository/javax/inject/javax.inject/1/javax.inject-1.jar:/home/user/.m2/repository/com/sun/xml/bind/jaxb-impl/2.3.0.1/jaxb-impl-2.3.0.1.jar:/home/user/.m2/repository/com/sun/xml/bind/jaxb-core/2.3.0.1/jaxb-core-2.3.0.1.jar:/home/user/.m2/repository/javax/xml/bind/jaxb-api/2.3.0/jaxb-api-2.3.0.jar:/home/user/.m2/repository/javax/activation/activation/1.1.1/activation-1.1.1.jar:/home/user/.m2/repository/org/apache/hadoop/hadoop-ozone-csi/0.5.0-SNAPSHOT/hadoop-ozone-csi-0.5.0-SNAPSHOT.jar:/home/user/.m2/repository/com/google/protobuf/protobuf-java-util/3.5.1/protobuf-java-util-3.5.1.jar:/home/user/.m2/repository/org/apache/hadoop/hadoop-hdds-config/0.5.0-SNAPSHOT/hadoop-hdds-config-0.5.0-SNAPSHOT.jar:/home/user/.m2/repository/io/grpc/grpc-netty/1.17.1/grpc-netty-1.17.1.jar:/home/user/.m2/repository/io/grpc/grpc-core/1.17.1/grpc-core-1.17.1.jar:/home/user/.m2/repository/io/grpc/grpc-context/1.17.1/grpc-context-1.17.1.jar:/home/user/.m2/repository/com/google/errorprone/error_prone_annotations/2.2.0/error_prone_annotations-2.2.0.jar:/home/user/.m2/repository/org/codehaus/mojo/animal-sniffer-annotations/1.17/animal-sniffer-annotations-1.17.jar:/home/user/.m2/repository/io/opencensus/opencensus-api/0.17.0/opencensus-api-0.17.0.jar:/home/user/.m2/repository/io/opencensus/opencensus-contrib-grpc-metrics/0.17.0/opencensus-contrib-grpc-metrics-0.17.0.jar:/home/user/.m2/repository/io/netty/netty-codec-http2/4.1.30.Final/netty-codec-http2-4.1.30.Final.jar:/home/user/.m2/repository/io/netty/netty-codec-http/4.1.30.Final/netty-codec-http-4.1.30.Final.jar:/home/user/.m2/repository/io/netty/netty-codec/4.1.30.Final/netty-codec-4.1.30.Final.jar:/home/user/.m2/repository/io/netty/netty-handler/4.1.30.Final/netty-handler-4.1.30.Final.jar:/home/user/.m2/repository/io/netty/netty-handler-proxy/4.1.30.Final/netty-handler-proxy-4.1.30.Final.jar:/home/user/.m2/repository/io/netty/netty-codec-socks/4.1.30.Final/netty-codec-socks-4.1.30.Final.jar:/home/user/.m2/repository/io/netty/netty-transport-native-epoll/4.1.30.Final/netty-transport-native-epoll-4.1.30.Final.jar:/home/user/.m2/repository/io/netty/netty-common/4.1.30.Final/netty-common-4.1.30.Final.jar:/home/user/.m2/repository/io/netty/netty-buffer/4.1.30.Final/netty-buffer-4.1.30.Final.jar:/home/user/.m2/repository/io/netty/netty-transport/4.1.30.Final/netty-transport-4.1.30.Final.jar:/home/user/.m2/repository/io/netty/netty-resolver/4.1.30.Final/netty-resolver-4.1.30.Final.jar:/home/user/.m2/repository/io/netty/netty-transport-native-unix-common/4.1.30.Final/netty-transport-native-unix-common-4.1.30.Final.jar:/home/user/.m2/repository/io/grpc/grpc-protobuf/1.17.1/grpc-protobuf-1.17.1.jar:/home/user/.m2/repository/com/google/api/grpc/proto-google-common-protos/1.0.0/proto-google-common-protos-1.0.0.jar:/home/user/.m2/repository/io/grpc/grpc-protobuf-lite/1.17.1/grpc-protobuf-lite-1.17.1.jar:/home/user/.m2/repository/io/grpc/grpc-stub/1.17.1/grpc-stub-1.17.1.jar:/home/user/.m2/repository/org/apache/hadoop/hadoop-ozone-recon/0.5.0-SNAPSHOT/hadoop-ozone-recon-0.5.0-SNAPSHOT.jar:/home/user/.m2/repository/org/apache/hadoop/hadoop-ozone-reconcodegen/0.5.0-SNAPSHOT/hadoop-ozone-reconcodegen-0.5.0-SNAPSHOT.jar:/home/user/.m2/repository/com/google/inject/extensions/guice-multibindings/4.0/guice-multibindings-4.0.jar:/home/user/.m2/repository/com/google/inject/guice/4.0/guice-4.0.jar:/home/user/.m2/repository/aopalliance/aopalliance/1.0/aopalliance-1.0.jar:/home/user/.m2/repository/com/google/inject/extensions/guice-servlet/4.0/guice-servlet-4.0.jar:/home/user/.m2/repository/org/glassfish/jersey/containers/jersey-container-servlet/2.27/jersey-container-servlet-2.27.jar:/home/user/.m2/repository/org/glassfish/hk2/guice-bridge/2.5.0/guice-bridge-2.5.0.jar:/home/user/.m2/repository/org/glassfish/jersey/core/jersey-server/2.27/jersey-server-2.27.jar:/home/user/.m2/repository/org/glassfish/jersey/core/jersey-client/2.27/jersey-client-2.27.jar:/home/user/.m2/repository/org/glassfish/jersey/media/jersey-media-jaxb/2.27/jersey-media-jaxb-2.27.jar:/home/user/.m2/repository/javax/validation/validation-api/1.1.0.Final/validation-api-1.1.0.Final.jar:/home/user/.m2/repository/org/glassfish/jersey/media/jersey-media-json-jackson/2.27/jersey-media-json-jackson-2.27.jar:/home/user/.m2/repository/org/glassfish/jersey/ext/jersey-entity-filtering/2.27/jersey-entity-filtering-2.27.jar:/home/user/.m2/repository/com/google/inject/extensions/guice-assistedinject/4.0/guice-assistedinject-4.0.jar:/home/user/.m2/repository/org/jooq/jooq/3.11.10/jooq-3.11.10.jar:/home/user/.m2/repository/org/jooq/jooq-meta/3.11.10/jooq-meta-3.11.10.jar:/home/user/.m2/repository/org/jooq/jooq-codegen/3.11.10/jooq-codegen-3.11.10.jar:/home/user/.m2/repository/com/jolbox/bonecp/0.8.0.RELEASE/bonecp-0.8.0.RELEASE.jar:/home/user/.m2/repository/org/xerial/sqlite-jdbc/3.25.2/sqlite-jdbc-3.25.2.jar:/home/user/.m2/repository/org/springframework/spring-jdbc/5.1.3.RELEASE/spring-jdbc-5.1.3.RELEASE.jar:/home/user/.m2/repository/org/springframework/spring-beans/5.1.3.RELEASE/spring-beans-5.1.3.RELEASE.jar:/home/user/.m2/repository/org/springframework/spring-core/5.1.3.RELEASE/spring-core-5.1.3.RELEASE.jar:/home/user/.m2/repository/org/springframework/spring-jcl/5.1.3.RELEASE/spring-jcl-5.1.3.RELEASE.jar:/home/user/.m2/repository/org/springframework/spring-tx/5.1.3.RELEASE/spring-tx-5.1.3.RELEASE.jar:/home/user/.m2/repository/org/apache/hadoop/hadoop-ozone-client/0.5.0-SNAPSHOT/hadoop-ozone-client-0.5.0-SNAPSHOT.jar:/home/user/.m2/repository/commons-lang/commons-lang/2.6/commons-lang-2.6.jar:/home/user/.m2/repository/org/apache/hadoop/hadoop-ozone-ozone-manager/0.5.0-SNAPSHOT/hadoop-ozone-ozone-manager-0.5.0-SNAPSHOT-tests.jar:/home/user/.m2/repository/junit/junit/4.11/junit-4.11.jar:/home/user/.m2/repository/org/hamcrest/hamcrest-core/1.3/hamcrest-core-1.3.jar:/home/user/.m2/repository/org/openjdk/jmh/jmh-core/1.19/jmh-core-1.19.jar:/home/user/.m2/repository/net/sf/jopt-simple/jopt-simple/4.6/jopt-simple-4.6.jar:/home/user/.m2/repository/org/apache/commons/commons-math3/3.1.1/commons-math3-3.1.1.jar:/home/user/.m2/repository/org/openjdk/jmh/jmh-generator-annprocess/1.19/jmh-generator-annprocess-1.19.jar:/home/user/.m2/repository/org/mockito/mockito-all/1.8.5/mockito-all-1.8.5.jar:/home/user/.m2/repository/org/apache/hadoop/hadoop-kms/3.2.0/hadoop-kms-3.2.0.jar:/home/user/.m2/repository/org/apache/hadoop/hadoop-auth/3.2.0/hadoop-auth-3.2.0.jar:/home/user/.m2/repository/com/nimbusds/nimbus-jose-jwt/4.41.1/nimbus-jose-jwt-4.41.1.jar:/home/user/.m2/repository/com/github/stephenc/jcip/jcip-annotations/1.0-1/jcip-annotations-1.0-1.jar:/home/user/.m2/repository/net/minidev/json-smart/2.3/json-smart-2.3.jar:/home/user/.m2/repository/net/minidev/accessors-smart/1.2/accessors-smart-1.2.jar:/home/user/.m2/repository/org/ow2/asm/asm/5.0.4/asm-5.0.4.jar:/home/user/.m2/repository/org/apache/curator/curator-framework/2.12.0/curator-framework-2.12.0.jar:/home/user/.m2/repository/com/sun/jersey/jersey-core/1.19/jersey-core-1.19.jar:/home/user/.m2/repository/javax/ws/rs/jsr311-api/1.1.1/jsr311-api-1.1.1.jar:/home/user/.m2/repository/com/sun/jersey/jersey-server/1.19/jersey-server-1.19.jar:/home/user/.m2/repository/javax/servlet/javax.servlet-api/3.1.0/javax.servlet-api-3.1.0.jar:/home/user/.m2/repository/org/eclipse/jetty/jetty-server/9.3.24.v20180605/jetty-server-9.3.24.v20180605.jar:/home/user/.m2/repository/org/eclipse/jetty/jetty-http/9.3.24.v20180605/jetty-http-9.3.24.v20180605.jar:/home/user/.m2/repository/org/eclipse/jetty/jetty-io/9.3.24.v20180605/jetty-io-9.3.24.v20180605.jar:/home/user/.m2/repository/org/eclipse/jetty/jetty-webapp/9.3.24.v20180605/jetty-webapp-9.3.24.v20180605.jar:/home/user/.m2/repository/org/eclipse/jetty/jetty-xml/9.3.24.v20180605/jetty-xml-9.3.24.v20180605.jar:/home/user/.m2/repository/log4j/log4j/1.2.17/log4j-1.2.17.jar:/home/user/.m2/repository/org/slf4j/slf4j-api/1.7.25/slf4j-api-1.7.25.jar:/home/user/.m2/repository/org/slf4j/jul-to-slf4j/1.7.25/jul-to-slf4j-1.7.25.jar:/home/user/.m2/repository/org/eclipse/jetty/jetty-util/9.3.24.v20180605/jetty-util-9.3.24.v20180605.jar:/home/user/.m2/repository/com/fasterxml/jackson/core/jackson-databind/2.9.5/jackson-databind-2.9.5.jar:/home/user/.m2/repository/org/apache/hadoop/hadoop-kms/3.2.0/hadoop-kms-3.2.0-tests.jar:/home/user/.m2/repository/org/apache/hadoop/hadoop-hdds-server-scm/0.5.0-SNAPSHOT/hadoop-hdds-server-scm-0.5.0-SNAPSHOT-tests.jar:/home/user/.m2/repository/org/apache/hadoop/hadoop-hdds-container-service/0.5.0-SNAPSHOT/hadoop-hdds-container-service-0.5.0-SNAPSHOT-tests.jar:/home/user/.m2/repository/org/yaml/snakeyaml/1.16/snakeyaml-1.16.jar:/home/user/.m2/repository/org/apache/hadoop/hadoop-common/3.2.0/hadoop-common-3.2.0-tests.jar:/home/user/.m2/repository/org/apache/hadoop/hadoop-annotations/3.2.0/hadoop-annotations-3.2.0.jar:/usr/lib/jvm/java-1.8-openjdk/jre/../lib/tools.jar:/home/user/.m2/repository/commons-cli/commons-cli/1.2/commons-cli-1.2.jar:/home/user/.m2/repository/org/apache/httpcomponents/httpclient/4.5.2/httpclient-4.5.2.jar:/home/user/.m2/repository/org/apache/httpcomponents/httpcore/4.4.4/httpcore-4.4.4.jar:/home/user/.m2/repository/commons-codec/commons-codec/1.11/commons-codec-1.11.jar:/home/user/.m2/repository/commons-net/commons-net/3.6/commons-net-3.6.jar:/home/user/.m2/repository/commons-collections/commons-collections/3.2.2/commons-collections-3.2.2.jar:/home/user/.m2/repository/org/eclipse/jetty/jetty-servlet/9.3.24.v20180605/jetty-servlet-9.3.24.v20180605.jar:/home/user/.m2/repository/org/eclipse/jetty/jetty-security/9.3.24.v20180605/jetty-security-9.3.24.v20180605.jar:/home/user/.m2/repository/javax/servlet/jsp/jsp-api/2.1/jsp-api-2.1.jar:/home/user/.m2/repository/com/sun/jersey/jersey-servlet/1.19/jersey-servlet-1.19.jar:/home/user/.m2/repository/com/sun/jersey/jersey-json/1.19/jersey-json-1.19.jar:/home/user/.m2/repository/org/codehaus/jettison/jettison/1.1/jettison-1.1.jar:/home/user/.m2/repository/org/codehaus/jackson/jackson-core-asl/1.9.13/jackson-core-asl-1.9.13.jar:/home/user/.m2/repository/org/codehaus/jackson/jackson-mapper-asl/1.9.13/jackson-mapper-asl-1.9.13.jar:/home/user/.m2/repository/org/codehaus/jackson/jackson-jaxrs/1.9.13/jackson-jaxrs-1.9.13.jar:/home/user/.m2/repository/org/codehaus/jackson/jackson-xc/1.9.13/jackson-xc-1.9.13.jar:/home/user/.m2/repository/commons-logging/commons-logging/1.1.3/commons-logging-1.1.3.jar:/home/user/.m2/repository/commons-beanutils/commons-beanutils/1.9.3/commons-beanutils-1.9.3.jar:/home/user/.m2/repository/org/apache/commons/commons-configuration2/2.1.1/commons-configuration2-2.1.1.jar:/home/user/.m2/repository/org/apache/commons/commons-lang3/3.7/commons-lang3-3.7.jar:/home/user/.m2/repository/org/apache/commons/commons-text/1.4/commons-text-1.4.jar:/home/user/.m2/repository/org/apache/avro/avro/1.7.7/avro-1.7.7.jar:/home/user/.m2/repository/com/thoughtworks/paranamer/paranamer/2.3/paranamer-2.3.jar:/home/user/.m2/repository/org/xerial/snappy/snappy-java/1.0.5/snappy-java-1.0.5.jar:/home/user/.m2/repository/com/google/re2j/re2j/1.1/re2j-1.1.jar:/home/user/.m2/repository/com/google/code/gson/gson/2.2.4/gson-2.2.4.jar:/home/user/.m2/repository/com/jcraft/jsch/0.1.54/jsch-0.1.54.jar:/home/user/.m2/repository/org/apache/curator/curator-client/2.12.0/curator-client-2.12.0.jar:/home/user/.m2/repository/org/apache/curator/curator-recipes/2.12.0/curator-recipes-2.12.0.jar:/home/user/.m2/repository/com/google/code/findbugs/jsr305/3.0.0/jsr305-3.0.0.jar:/home/user/.m2/repository/org/apache/htrace/htrace-core4/4.1.0-incubating/htrace-core4-4.1.0-incubating.jar:/home/user/.m2/repository/org/apache/zookeeper/zookeeper/3.4.13/zookeeper-3.4.13.jar:/home/user/.m2/repository/org/apache/yetus/audience-annotations/0.5.0/audience-annotations-0.5.0.jar:/home/user/.m2/repository/org/codehaus/woodstox/stax2-api/3.1.4/stax2-api-3.1.4.jar:/home/user/.m2/repository/com/fasterxml/woodstox/woodstox-core/5.0.3/woodstox-core-5.0.3.jar:/home/user/.m2/repository/dnsjava/dnsjava/2.1.7/dnsjava-2.1.7.jar:/home/user/.m2/repository/org/apache/hadoop/hadoop-hdfs/3.2.0/hadoop-hdfs-3.2.0-tests.jar:/home/user/.m2/repository/org/eclipse/jetty/jetty-util-ajax/9.3.24.v20180605/jetty-util-ajax-9.3.24.v20180605.jar:/home/user/.m2/repository/commons-daemon/commons-daemon/1.0.13/commons-daemon-1.0.13.jar:/home/user/.m2/repository/io/netty/netty/3.10.5.Final/netty-3.10.5.Final.jar:/home/user/.m2/repository/io/netty/netty-all/4.0.52.Final/netty-all-4.0.52.Final.jar:/home/user/.m2/repository/org/fusesource/leveldbjni/leveldbjni-all/1.8/leveldbjni-all-1.8.jar:"/>
    <property name="java.vm.vendor" value="IcedTea"/>
    <property name="sun.arch.data.model" value="64"/>
    <property name="test.build.dir" value="/workdir/hadoop-ozone/integration-test/target/test-dir"/>
    <property name="test.cache.data" value=""/>
    <property name="java.vendor.url" value="https://icedtea.classpath.org"/>
    <property name="user.timezone" value=""/>
    <property name="java.vm.specification.version" value="1.8"/>
    <property name="os.name" value="Linux"/>
    <property name="test.build.data" value="/workdir/hadoop-ozone/integration-test/target/test-dir"/>
    <property name="user.country" value="US"/>
    <property name="sun.java.launcher" value="SUN_STANDARD"/>
    <property name="sun.boot.library.path" value="/usr/lib/jvm/java-1.8-openjdk/jre/lib/amd64"/>
    <property name="sun.java.command" value="/workdir/hadoop-ozone/integration-test/target/surefire/surefirebooter3340749722516734472.jar /workdir/hadoop-ozone/integration-test/target/surefire 2019-07-14T08-10-17_023-jvmRun1 surefire775372574623585531tmp surefire_289091576690620846773tmp"/>
    <property name="surefire.test.class.path" value="/workdir/hadoop-ozone/integration-test/target/test-classes:/workdir/hadoop-ozone/integration-test/target/classes:/home/user/.m2/repository/org/apache/hadoop/hadoop-ozone-common/0.5.0-SNAPSHOT/hadoop-ozone-common-0.5.0-SNAPSHOT.jar:/home/user/.m2/repository/org/apache/commons/commons-compress/1.4.1/commons-compress-1.4.1.jar:/home/user/.m2/repository/org/tukaani/xz/1.0/xz-1.0.jar:/home/user/.m2/repository/org/apache/hadoop/hadoop-common/3.2.0/hadoop-common-3.2.0.jar:/home/user/.m2/repository/org/apache/hadoop/hadoop-hdfs/3.2.0/hadoop-hdfs-3.2.0.jar:/home/user/.m2/repository/org/apache/hadoop/hadoop-hdfs-client/3.2.0/hadoop-hdfs-client-3.2.0.jar:/home/user/.m2/repository/com/fasterxml/jackson/core/jackson-annotations/2.9.5/jackson-annotations-2.9.5.jar:/home/user/.m2/repository/org/apache/hadoop/hadoop-hdds-common/0.5.0-SNAPSHOT/hadoop-hdds-common-0.5.0-SNAPSHOT.jar:/home/user/.m2/repository/javax/annotation/javax.annotation-api/1.2/javax.annotation-api-1.2.jar:/home/user/.m2/repository/org/apache/ratis/ratis-server/0.4.0-2337318-SNAPSHOT/ratis-server-0.4.0-2337318-SNAPSHOT.jar:/home/user/.m2/repository/org/apache/ratis/ratis-thirdparty-misc/0.2.0/ratis-thirdparty-misc-0.2.0.jar:/home/user/.m2/repository/org/apache/ratis/ratis-proto/0.4.0-2337318-SNAPSHOT/ratis-proto-0.4.0-2337318-SNAPSHOT.jar:/home/user/.m2/repository/org/apache/ratis/ratis-common/0.4.0-2337318-SNAPSHOT/ratis-common-0.4.0-2337318-SNAPSHOT.jar:/home/user/.m2/repository/org/apache/ratis/ratis-client/0.4.0-2337318-SNAPSHOT/ratis-client-0.4.0-2337318-SNAPSHOT.jar:/home/user/.m2/repository/org/apache/ratis/ratis-metrics/0.4.0-2337318-SNAPSHOT/ratis-metrics-0.4.0-2337318-SNAPSHOT.jar:/home/user/.m2/repository/org/apache/ratis/ratis-netty/0.4.0-2337318-SNAPSHOT/ratis-netty-0.4.0-2337318-SNAPSHOT.jar:/home/user/.m2/repository/org/apache/ratis/ratis-grpc/0.4.0-2337318-SNAPSHOT/ratis-grpc-0.4.0-2337318-SNAPSHOT.jar:/home/user/.m2/repository/org/rocksdb/rocksdbjni/6.0.1/rocksdbjni-6.0.1.jar:/home/user/.m2/repository/org/apache/logging/log4j/log4j-api/2.11.0/log4j-api-2.11.0.jar:/home/user/.m2/repository/org/apache/logging/log4j/log4j-core/2.11.0/log4j-core-2.11.0.jar:/home/user/.m2/repository/com/lmax/disruptor/3.4.2/disruptor-3.4.2.jar:/home/user/.m2/repository/org/apache/commons/commons-pool2/2.6.0/commons-pool2-2.6.0.jar:/home/user/.m2/repository/org/bouncycastle/bcpkix-jdk15on/1.60/bcpkix-jdk15on-1.60.jar:/home/user/.m2/repository/commons-validator/commons-validator/1.6/commons-validator-1.6.jar:/home/user/.m2/repository/commons-digester/commons-digester/1.8.1/commons-digester-1.8.1.jar:/home/user/.m2/repository/io/jaegertracing/jaeger-client/0.33.1/jaeger-client-0.33.1.jar:/home/user/.m2/repository/io/jaegertracing/jaeger-thrift/0.33.1/jaeger-thrift-0.33.1.jar:/home/user/.m2/repository/org/apache/thrift/libthrift/0.11.0/libthrift-0.11.0.jar:/home/user/.m2/repository/com/squareup/okhttp3/okhttp/3.9.0/okhttp-3.9.0.jar:/home/user/.m2/repository/com/squareup/okio/okio/1.13.0/okio-1.13.0.jar:/home/user/.m2/repository/io/jaegertracing/jaeger-core/0.33.1/jaeger-core-0.33.1.jar:/home/user/.m2/repository/io/jaegertracing/jaeger-tracerresolver/0.33.1/jaeger-tracerresolver-0.33.1.jar:/home/user/.m2/repository/io/opentracing/contrib/opentracing-tracerresolver/0.1.5/opentracing-tracerresolver-0.1.5.jar:/home/user/.m2/repository/io/opentracing/opentracing-util/0.31.0/opentracing-util-0.31.0.jar:/home/user/.m2/repository/io/opentracing/opentracing-api/0.31.0/opentracing-api-0.31.0.jar:/home/user/.m2/repository/io/opentracing/opentracing-noop/0.31.0/opentracing-noop-0.31.0.jar:/home/user/.m2/repository/org/apache/hadoop/hadoop-hdds-server-framework/0.5.0-SNAPSHOT/hadoop-hdds-server-framework-0.5.0-SNAPSHOT.jar:/home/user/.m2/repository/org/apache/hadoop/hadoop-hdds-container-service/0.5.0-SNAPSHOT/hadoop-hdds-container-service-0.5.0-SNAPSHOT.jar:/home/user/.m2/repository/org/apache/hadoop/hadoop-hdds-client/0.5.0-SNAPSHOT/hadoop-hdds-client-0.5.0-SNAPSHOT.jar:/home/user/.m2/repository/org/apache/hadoop/hadoop-hdds-tools/0.5.0-SNAPSHOT/hadoop-hdds-tools-0.5.0-SNAPSHOT.jar:/home/user/.m2/repository/org/apache/hadoop/hadoop-hdds-server-scm/0.5.0-SNAPSHOT/hadoop-hdds-server-scm-0.5.0-SNAPSHOT.jar:/home/user/.m2/repository/org/apache/hadoop/hadoop-hdds-docs/0.5.0-SNAPSHOT/hadoop-hdds-docs-0.5.0-SNAPSHOT.jar:/home/user/.m2/repository/io/dropwizard/metrics/metrics-core/3.2.4/metrics-core-3.2.4.jar:/home/user/.m2/repository/org/hamcrest/hamcrest-all/1.3/hamcrest-all-1.3.jar:/home/user/.m2/repository/org/bouncycastle/bcprov-jdk15on/1.60/bcprov-jdk15on-1.60.jar:/home/user/.m2/repository/info/picocli/picocli/3.9.6/picocli-3.9.6.jar:/home/user/.m2/repository/com/google/protobuf/protobuf-java/2.5.0/protobuf-java-2.5.0.jar:/home/user/.m2/repository/com/google/guava/guava/11.0.2/guava-11.0.2.jar:/home/user/.m2/repository/org/apache/hadoop/hadoop-ozone-ozone-manager/0.5.0-SNAPSHOT/hadoop-ozone-ozone-manager-0.5.0-SNAPSHOT.jar:/home/user/.m2/repository/org/apache/hadoop/hadoop-minikdc/3.2.0/hadoop-minikdc-3.2.0.jar:/home/user/.m2/repository/commons-io/commons-io/2.5/commons-io-2.5.jar:/home/user/.m2/repository/org/apache/kerby/kerb-simplekdc/1.0.1/kerb-simplekdc-1.0.1.jar:/home/user/.m2/repository/org/apache/kerby/kerb-client/1.0.1/kerb-client-1.0.1.jar:/home/user/.m2/repository/org/apache/kerby/kerby-config/1.0.1/kerby-config-1.0.1.jar:/home/user/.m2/repository/org/apache/kerby/kerb-core/1.0.1/kerb-core-1.0.1.jar:/home/user/.m2/repository/org/apache/kerby/kerby-pkix/1.0.1/kerby-pkix-1.0.1.jar:/home/user/.m2/repository/org/apache/kerby/kerby-asn1/1.0.1/kerby-asn1-1.0.1.jar:/home/user/.m2/repository/org/apache/kerby/kerby-util/1.0.1/kerby-util-1.0.1.jar:/home/user/.m2/repository/org/apache/kerby/kerb-common/1.0.1/kerb-common-1.0.1.jar:/home/user/.m2/repository/org/apache/kerby/kerb-crypto/1.0.1/kerb-crypto-1.0.1.jar:/home/user/.m2/repository/org/apache/kerby/kerb-util/1.0.1/kerb-util-1.0.1.jar:/home/user/.m2/repository/org/apache/kerby/token-provider/1.0.1/token-provider-1.0.1.jar:/home/user/.m2/repository/org/apache/kerby/kerb-admin/1.0.1/kerb-admin-1.0.1.jar:/home/user/.m2/repository/org/apache/kerby/kerb-server/1.0.1/kerb-server-1.0.1.jar:/home/user/.m2/repository/org/apache/kerby/kerb-identity/1.0.1/kerb-identity-1.0.1.jar:/home/user/.m2/repository/org/apache/kerby/kerby-xdr/1.0.1/kerby-xdr-1.0.1.jar:/home/user/.m2/repository/org/slf4j/slf4j-log4j12/1.7.25/slf4j-log4j12-1.7.25.jar:/home/user/.m2/repository/org/apache/hadoop/hadoop-ozone-objectstore-service/0.5.0-SNAPSHOT/hadoop-ozone-objectstore-service-0.5.0-SNAPSHOT.jar:/home/user/.m2/repository/org/apache/hadoop/hadoop-ozone-s3gateway/0.5.0-SNAPSHOT/hadoop-ozone-s3gateway-0.5.0-SNAPSHOT.jar:/home/user/.m2/repository/org/jboss/weld/servlet/weld-servlet/2.4.7.Final/weld-servlet-2.4.7.Final.jar:/home/user/.m2/repository/org/glassfish/jersey/containers/jersey-container-servlet-core/2.27/jersey-container-servlet-core-2.27.jar:/home/user/.m2/repository/org/glassfish/hk2/external/javax.inject/2.5.0-b42/javax.inject-2.5.0-b42.jar:/home/user/.m2/repository/org/glassfish/jersey/core/jersey-common/2.27/jersey-common-2.27.jar:/home/user/.m2/repository/org/glassfish/hk2/osgi-resource-locator/1.0.1/osgi-resource-locator-1.0.1.jar:/home/user/.m2/repository/javax/ws/rs/javax.ws.rs-api/2.1/javax.ws.rs-api-2.1.jar:/home/user/.m2/repository/org/glassfish/jersey/ext/cdi/jersey-cdi1x/2.27/jersey-cdi1x-2.27.jar:/home/user/.m2/repository/org/glassfish/jersey/inject/jersey-hk2/2.27/jersey-hk2-2.27.jar:/home/user/.m2/repository/org/glassfish/hk2/hk2-locator/2.5.0-b42/hk2-locator-2.5.0-b42.jar:/home/user/.m2/repository/org/javassist/javassist/3.22.0-CR2/javassist-3.22.0-CR2.jar:/home/user/.m2/repository/org/glassfish/hk2/hk2-api/2.5.0/hk2-api-2.5.0.jar:/home/user/.m2/repository/org/glassfish/hk2/external/jakarta.inject/2.5.0/jakarta.inject-2.5.0.jar:/home/user/.m2/repository/org/glassfish/hk2/hk2-utils/2.5.0/hk2-utils-2.5.0.jar:/home/user/.m2/repository/jakarta/annotation/jakarta.annotation-api/1.3.4/jakarta.annotation-api-1.3.4.jar:/home/user/.m2/repository/org/glassfish/hk2/external/aopalliance-repackaged/2.5.0/aopalliance-repackaged-2.5.0.jar:/home/user/.m2/repository/com/fasterxml/jackson/dataformat/jackson-dataformat-xml/2.9.0/jackson-dataformat-xml-2.9.0.jar:/home/user/.m2/repository/com/fasterxml/jackson/core/jackson-core/2.9.5/jackson-core-2.9.5.jar:/home/user/.m2/repository/com/fasterxml/jackson/module/jackson-module-jaxb-annotations/2.9.5/jackson-module-jaxb-annotations-2.9.5.jar:/home/user/.m2/repository/javax/enterprise/cdi-api/1.2/cdi-api-1.2.jar:/home/user/.m2/repository/javax/el/javax.el-api/3.0.0/javax.el-api-3.0.0.jar:/home/user/.m2/repository/javax/interceptor/javax.interceptor-api/1.2/javax.interceptor-api-1.2.jar:/home/user/.m2/repository/javax/inject/javax.inject/1/javax.inject-1.jar:/home/user/.m2/repository/com/sun/xml/bind/jaxb-impl/2.3.0.1/jaxb-impl-2.3.0.1.jar:/home/user/.m2/repository/com/sun/xml/bind/jaxb-core/2.3.0.1/jaxb-core-2.3.0.1.jar:/home/user/.m2/repository/javax/xml/bind/jaxb-api/2.3.0/jaxb-api-2.3.0.jar:/home/user/.m2/repository/javax/activation/activation/1.1.1/activation-1.1.1.jar:/home/user/.m2/repository/org/apache/hadoop/hadoop-ozone-csi/0.5.0-SNAPSHOT/hadoop-ozone-csi-0.5.0-SNAPSHOT.jar:/home/user/.m2/repository/com/google/protobuf/protobuf-java-util/3.5.1/protobuf-java-util-3.5.1.jar:/home/user/.m2/repository/org/apache/hadoop/hadoop-hdds-config/0.5.0-SNAPSHOT/hadoop-hdds-config-0.5.0-SNAPSHOT.jar:/home/user/.m2/repository/io/grpc/grpc-netty/1.17.1/grpc-netty-1.17.1.jar:/home/user/.m2/repository/io/grpc/grpc-core/1.17.1/grpc-core-1.17.1.jar:/home/user/.m2/repository/io/grpc/grpc-context/1.17.1/grpc-context-1.17.1.jar:/home/user/.m2/repository/com/google/errorprone/error_prone_annotations/2.2.0/error_prone_annotations-2.2.0.jar:/home/user/.m2/repository/org/codehaus/mojo/animal-sniffer-annotations/1.17/animal-sniffer-annotations-1.17.jar:/home/user/.m2/repository/io/opencensus/opencensus-api/0.17.0/opencensus-api-0.17.0.jar:/home/user/.m2/repository/io/opencensus/opencensus-contrib-grpc-metrics/0.17.0/opencensus-contrib-grpc-metrics-0.17.0.jar:/home/user/.m2/repository/io/netty/netty-codec-http2/4.1.30.Final/netty-codec-http2-4.1.30.Final.jar:/home/user/.m2/repository/io/netty/netty-codec-http/4.1.30.Final/netty-codec-http-4.1.30.Final.jar:/home/user/.m2/repository/io/netty/netty-codec/4.1.30.Final/netty-codec-4.1.30.Final.jar:/home/user/.m2/repository/io/netty/netty-handler/4.1.30.Final/netty-handler-4.1.30.Final.jar:/home/user/.m2/repository/io/netty/netty-handler-proxy/4.1.30.Final/netty-handler-proxy-4.1.30.Final.jar:/home/user/.m2/repository/io/netty/netty-codec-socks/4.1.30.Final/netty-codec-socks-4.1.30.Final.jar:/home/user/.m2/repository/io/netty/netty-transport-native-epoll/4.1.30.Final/netty-transport-native-epoll-4.1.30.Final.jar:/home/user/.m2/repository/io/netty/netty-common/4.1.30.Final/netty-common-4.1.30.Final.jar:/home/user/.m2/repository/io/netty/netty-buffer/4.1.30.Final/netty-buffer-4.1.30.Final.jar:/home/user/.m2/repository/io/netty/netty-transport/4.1.30.Final/netty-transport-4.1.30.Final.jar:/home/user/.m2/repository/io/netty/netty-resolver/4.1.30.Final/netty-resolver-4.1.30.Final.jar:/home/user/.m2/repository/io/netty/netty-transport-native-unix-common/4.1.30.Final/netty-transport-native-unix-common-4.1.30.Final.jar:/home/user/.m2/repository/io/grpc/grpc-protobuf/1.17.1/grpc-protobuf-1.17.1.jar:/home/user/.m2/repository/com/google/api/grpc/proto-google-common-protos/1.0.0/proto-google-common-protos-1.0.0.jar:/home/user/.m2/repository/io/grpc/grpc-protobuf-lite/1.17.1/grpc-protobuf-lite-1.17.1.jar:/home/user/.m2/repository/io/grpc/grpc-stub/1.17.1/grpc-stub-1.17.1.jar:/home/user/.m2/repository/org/apache/hadoop/hadoop-ozone-recon/0.5.0-SNAPSHOT/hadoop-ozone-recon-0.5.0-SNAPSHOT.jar:/home/user/.m2/repository/org/apache/hadoop/hadoop-ozone-reconcodegen/0.5.0-SNAPSHOT/hadoop-ozone-reconcodegen-0.5.0-SNAPSHOT.jar:/home/user/.m2/repository/com/google/inject/extensions/guice-multibindings/4.0/guice-multibindings-4.0.jar:/home/user/.m2/repository/com/google/inject/guice/4.0/guice-4.0.jar:/home/user/.m2/repository/aopalliance/aopalliance/1.0/aopalliance-1.0.jar:/home/user/.m2/repository/com/google/inject/extensions/guice-servlet/4.0/guice-servlet-4.0.jar:/home/user/.m2/repository/org/glassfish/jersey/containers/jersey-container-servlet/2.27/jersey-container-servlet-2.27.jar:/home/user/.m2/repository/org/glassfish/hk2/guice-bridge/2.5.0/guice-bridge-2.5.0.jar:/home/user/.m2/repository/org/glassfish/jersey/core/jersey-server/2.27/jersey-server-2.27.jar:/home/user/.m2/repository/org/glassfish/jersey/core/jersey-client/2.27/jersey-client-2.27.jar:/home/user/.m2/repository/org/glassfish/jersey/media/jersey-media-jaxb/2.27/jersey-media-jaxb-2.27.jar:/home/user/.m2/repository/javax/validation/validation-api/1.1.0.Final/validation-api-1.1.0.Final.jar:/home/user/.m2/repository/org/glassfish/jersey/media/jersey-media-json-jackson/2.27/jersey-media-json-jackson-2.27.jar:/home/user/.m2/repository/org/glassfish/jersey/ext/jersey-entity-filtering/2.27/jersey-entity-filtering-2.27.jar:/home/user/.m2/repository/com/google/inject/extensions/guice-assistedinject/4.0/guice-assistedinject-4.0.jar:/home/user/.m2/repository/org/jooq/jooq/3.11.10/jooq-3.11.10.jar:/home/user/.m2/repository/org/jooq/jooq-meta/3.11.10/jooq-meta-3.11.10.jar:/home/user/.m2/repository/org/jooq/jooq-codegen/3.11.10/jooq-codegen-3.11.10.jar:/home/user/.m2/repository/com/jolbox/bonecp/0.8.0.RELEASE/bonecp-0.8.0.RELEASE.jar:/home/user/.m2/repository/org/xerial/sqlite-jdbc/3.25.2/sqlite-jdbc-3.25.2.jar:/home/user/.m2/repository/org/springframework/spring-jdbc/5.1.3.RELEASE/spring-jdbc-5.1.3.RELEASE.jar:/home/user/.m2/repository/org/springframework/spring-beans/5.1.3.RELEASE/spring-beans-5.1.3.RELEASE.jar:/home/user/.m2/repository/org/springframework/spring-core/5.1.3.RELEASE/spring-core-5.1.3.RELEASE.jar:/home/user/.m2/repository/org/springframework/spring-jcl/5.1.3.RELEASE/spring-jcl-5.1.3.RELEASE.jar:/home/user/.m2/repository/org/springframework/spring-tx/5.1.3.RELEASE/spring-tx-5.1.3.RELEASE.jar:/home/user/.m2/repository/org/apache/hadoop/hadoop-ozone-client/0.5.0-SNAPSHOT/hadoop-ozone-client-0.5.0-SNAPSHOT.jar:/home/user/.m2/repository/commons-lang/commons-lang/2.6/commons-lang-2.6.jar:/home/user/.m2/repository/org/apache/hadoop/hadoop-ozone-ozone-manager/0.5.0-SNAPSHOT/hadoop-ozone-ozone-manager-0.5.0-SNAPSHOT-tests.jar:/home/user/.m2/repository/junit/junit/4.11/junit-4.11.jar:/home/user/.m2/repository/org/hamcrest/hamcrest-core/1.3/hamcrest-core-1.3.jar:/home/user/.m2/repository/org/openjdk/jmh/jmh-core/1.19/jmh-core-1.19.jar:/home/user/.m2/repository/net/sf/jopt-simple/jopt-simple/4.6/jopt-simple-4.6.jar:/home/user/.m2/repository/org/apache/commons/commons-math3/3.1.1/commons-math3-3.1.1.jar:/home/user/.m2/repository/org/openjdk/jmh/jmh-generator-annprocess/1.19/jmh-generator-annprocess-1.19.jar:/home/user/.m2/repository/org/mockito/mockito-all/1.8.5/mockito-all-1.8.5.jar:/home/user/.m2/repository/org/apache/hadoop/hadoop-kms/3.2.0/hadoop-kms-3.2.0.jar:/home/user/.m2/repository/org/apache/hadoop/hadoop-auth/3.2.0/hadoop-auth-3.2.0.jar:/home/user/.m2/repository/com/nimbusds/nimbus-jose-jwt/4.41.1/nimbus-jose-jwt-4.41.1.jar:/home/user/.m2/repository/com/github/stephenc/jcip/jcip-annotations/1.0-1/jcip-annotations-1.0-1.jar:/home/user/.m2/repository/net/minidev/json-smart/2.3/json-smart-2.3.jar:/home/user/.m2/repository/net/minidev/accessors-smart/1.2/accessors-smart-1.2.jar:/home/user/.m2/repository/org/ow2/asm/asm/5.0.4/asm-5.0.4.jar:/home/user/.m2/repository/org/apache/curator/curator-framework/2.12.0/curator-framework-2.12.0.jar:/home/user/.m2/repository/com/sun/jersey/jersey-core/1.19/jersey-core-1.19.jar:/home/user/.m2/repository/javax/ws/rs/jsr311-api/1.1.1/jsr311-api-1.1.1.jar:/home/user/.m2/repository/com/sun/jersey/jersey-server/1.19/jersey-server-1.19.jar:/home/user/.m2/repository/javax/servlet/javax.servlet-api/3.1.0/javax.servlet-api-3.1.0.jar:/home/user/.m2/repository/org/eclipse/jetty/jetty-server/9.3.24.v20180605/jetty-server-9.3.24.v20180605.jar:/home/user/.m2/repository/org/eclipse/jetty/jetty-http/9.3.24.v20180605/jetty-http-9.3.24.v20180605.jar:/home/user/.m2/repository/org/eclipse/jetty/jetty-io/9.3.24.v20180605/jetty-io-9.3.24.v20180605.jar:/home/user/.m2/repository/org/eclipse/jetty/jetty-webapp/9.3.24.v20180605/jetty-webapp-9.3.24.v20180605.jar:/home/user/.m2/repository/org/eclipse/jetty/jetty-xml/9.3.24.v20180605/jetty-xml-9.3.24.v20180605.jar:/home/user/.m2/repository/log4j/log4j/1.2.17/log4j-1.2.17.jar:/home/user/.m2/repository/org/slf4j/slf4j-api/1.7.25/slf4j-api-1.7.25.jar:/home/user/.m2/repository/org/slf4j/jul-to-slf4j/1.7.25/jul-to-slf4j-1.7.25.jar:/home/user/.m2/repository/org/eclipse/jetty/jetty-util/9.3.24.v20180605/jetty-util-9.3.24.v20180605.jar:/home/user/.m2/repository/com/fasterxml/jackson/core/jackson-databind/2.9.5/jackson-databind-2.9.5.jar:/home/user/.m2/repository/org/apache/hadoop/hadoop-kms/3.2.0/hadoop-kms-3.2.0-tests.jar:/home/user/.m2/repository/org/apache/hadoop/hadoop-hdds-server-scm/0.5.0-SNAPSHOT/hadoop-hdds-server-scm-0.5.0-SNAPSHOT-tests.jar:/home/user/.m2/repository/org/apache/hadoop/hadoop-hdds-container-service/0.5.0-SNAPSHOT/hadoop-hdds-container-service-0.5.0-SNAPSHOT-tests.jar:/home/user/.m2/repository/org/yaml/snakeyaml/1.16/snakeyaml-1.16.jar:/home/user/.m2/repository/org/apache/hadoop/hadoop-common/3.2.0/hadoop-common-3.2.0-tests.jar:/home/user/.m2/repository/org/apache/hadoop/hadoop-annotations/3.2.0/hadoop-annotations-3.2.0.jar:/usr/lib/jvm/java-1.8-openjdk/jre/../lib/tools.jar:/home/user/.m2/repository/commons-cli/commons-cli/1.2/commons-cli-1.2.jar:/home/user/.m2/repository/org/apache/httpcomponents/httpclient/4.5.2/httpclient-4.5.2.jar:/home/user/.m2/repository/org/apache/httpcomponents/httpcore/4.4.4/httpcore-4.4.4.jar:/home/user/.m2/repository/commons-codec/commons-codec/1.11/commons-codec-1.11.jar:/home/user/.m2/repository/commons-net/commons-net/3.6/commons-net-3.6.jar:/home/user/.m2/repository/commons-collections/commons-collections/3.2.2/commons-collections-3.2.2.jar:/home/user/.m2/repository/org/eclipse/jetty/jetty-servlet/9.3.24.v20180605/jetty-servlet-9.3.24.v20180605.jar:/home/user/.m2/repository/org/eclipse/jetty/jetty-security/9.3.24.v20180605/jetty-security-9.3.24.v20180605.jar:/home/user/.m2/repository/javax/servlet/jsp/jsp-api/2.1/jsp-api-2.1.jar:/home/user/.m2/repository/com/sun/jersey/jersey-servlet/1.19/jersey-servlet-1.19.jar:/home/user/.m2/repository/com/sun/jersey/jersey-json/1.19/jersey-json-1.19.jar:/home/user/.m2/repository/org/codehaus/jettison/jettison/1.1/jettison-1.1.jar:/home/user/.m2/repository/org/codehaus/jackson/jackson-core-asl/1.9.13/jackson-core-asl-1.9.13.jar:/home/user/.m2/repository/org/codehaus/jackson/jackson-mapper-asl/1.9.13/jackson-mapper-asl-1.9.13.jar:/home/user/.m2/repository/org/codehaus/jackson/jackson-jaxrs/1.9.13/jackson-jaxrs-1.9.13.jar:/home/user/.m2/repository/org/codehaus/jackson/jackson-xc/1.9.13/jackson-xc-1.9.13.jar:/home/user/.m2/repository/commons-logging/commons-logging/1.1.3/commons-logging-1.1.3.jar:/home/user/.m2/repository/commons-beanutils/commons-beanutils/1.9.3/commons-beanutils-1.9.3.jar:/home/user/.m2/repository/org/apache/commons/commons-configuration2/2.1.1/commons-configuration2-2.1.1.jar:/home/user/.m2/repository/org/apache/commons/commons-lang3/3.7/commons-lang3-3.7.jar:/home/user/.m2/repository/org/apache/commons/commons-text/1.4/commons-text-1.4.jar:/home/user/.m2/repository/org/apache/avro/avro/1.7.7/avro-1.7.7.jar:/home/user/.m2/repository/com/thoughtworks/paranamer/paranamer/2.3/paranamer-2.3.jar:/home/user/.m2/repository/org/xerial/snappy/snappy-java/1.0.5/snappy-java-1.0.5.jar:/home/user/.m2/repository/com/google/re2j/re2j/1.1/re2j-1.1.jar:/home/user/.m2/repository/com/google/code/gson/gson/2.2.4/gson-2.2.4.jar:/home/user/.m2/repository/com/jcraft/jsch/0.1.54/jsch-0.1.54.jar:/home/user/.m2/repository/org/apache/curator/curator-client/2.12.0/curator-client-2.12.0.jar:/home/user/.m2/repository/org/apache/curator/curator-recipes/2.12.0/curator-recipes-2.12.0.jar:/home/user/.m2/repository/com/google/code/findbugs/jsr305/3.0.0/jsr305-3.0.0.jar:/home/user/.m2/repository/org/apache/htrace/htrace-core4/4.1.0-incubating/htrace-core4-4.1.0-incubating.jar:/home/user/.m2/repository/org/apache/zookeeper/zookeeper/3.4.13/zookeeper-3.4.13.jar:/home/user/.m2/repository/org/apache/yetus/audience-annotations/0.5.0/audience-annotations-0.5.0.jar:/home/user/.m2/repository/org/codehaus/woodstox/stax2-api/3.1.4/stax2-api-3.1.4.jar:/home/user/.m2/repository/com/fasterxml/woodstox/woodstox-core/5.0.3/woodstox-core-5.0.3.jar:/home/user/.m2/repository/dnsjava/dnsjava/2.1.7/dnsjava-2.1.7.jar:/home/user/.m2/repository/org/apache/hadoop/hadoop-hdfs/3.2.0/hadoop-hdfs-3.2.0-tests.jar:/home/user/.m2/repository/org/eclipse/jetty/jetty-util-ajax/9.3.24.v20180605/jetty-util-ajax-9.3.24.v20180605.jar:/home/user/.m2/repository/commons-daemon/commons-daemon/1.0.13/commons-daemon-1.0.13.jar:/home/user/.m2/repository/io/netty/netty/3.10.5.Final/netty-3.10.5.Final.jar:/home/user/.m2/repository/io/netty/netty-all/4.0.52.Final/netty-all-4.0.52.Final.jar:/home/user/.m2/repository/org/fusesource/leveldbjni/leveldbjni-all/1.8/leveldbjni-all-1.8.jar:"/>
    <property name="sun.cpu.endian" value="little"/>
    <property name="user.home" value="/home/user"/>
    <property name="user.language" value="en"/>
    <property name="java.specification.vendor" value="Oracle Corporation"/>
    <property name="java.home" value="/usr/lib/jvm/java-1.8-openjdk/jre"/>
    <property name="java.security.krb5.conf" value="/workdir/hadoop-ozone/integration-test/target/test-classes/krb5.conf"/>
    <property name="basedir" value="/workdir/hadoop-ozone/integration-test"/>
    <property name="file.separator" value="/"/>
    <property name="line.separator" value="&#10;"/>
    <property name="java.vm.specification.vendor" value="Oracle Corporation"/>
    <property name="java.specification.name" value="Java Platform API Specification"/>
    <property name="java.awt.graphicsenv" value="sun.awt.X11GraphicsEnvironment"/>
    <property name="surefire.real.class.path" value="/workdir/hadoop-ozone/integration-test/target/surefire/surefirebooter3340749722516734472.jar"/>
    <property name="hadoop.log.dir" value="/workdir/hadoop-ozone/integration-test/target/log"/>
    <property name="sun.boot.class.path" value="/usr/lib/jvm/java-1.8-openjdk/jre/lib/resources.jar:/usr/lib/jvm/java-1.8-openjdk/jre/lib/rt.jar:/usr/lib/jvm/java-1.8-openjdk/jre/lib/sunrsasign.jar:/usr/lib/jvm/java-1.8-openjdk/jre/lib/jsse.jar:/usr/lib/jvm/java-1.8-openjdk/jre/lib/jce.jar:/usr/lib/jvm/java-1.8-openjdk/jre/lib/charsets.jar:/usr/lib/jvm/java-1.8-openjdk/jre/lib/jfr.jar:/usr/lib/jvm/java-1.8-openjdk/jre/classes"/>
    <property name="sun.management.compiler" value="HotSpot 64-Bit Tiered Compilers"/>
    <property name="java.runtime.version" value="1.8.0_212-b04"/>
    <property name="java.net.preferIPv4Stack" value="true"/>
    <property name="user.name" value="jenkins1000"/>
    <property name="path.separator" value=":"/>
    <property name="java.security.egd" value="file:///dev/urandom"/>
    <property name="os.version" value="3.10.0-957.12.2.el7.x86_64"/>
    <property name="java.endorsed.dirs" value="/usr/lib/jvm/java-1.8-openjdk/jre/lib/endorsed"/>
    <property name="java.runtime.name" value="OpenJDK Runtime Environment"/>
    <property name="file.encoding" value="UTF-8"/>
    <property name="java.vm.name" value="OpenJDK 64-Bit Server VM"/>
    <property name="test.build.webapps" value=""/>
    <property name="localRepository" value="/home/user/.m2/repository"/>
    <property name="java.vendor.url.bug" value="https://icedtea.classpath.org/bugzilla"/>
    <property name="java.io.tmpdir" value="/tmp"/>
    <property name="require.test.libhadoop" value=""/>
    <property name="java.version" value="1.8.0_212"/>
    <property name="user.dir" value="/workdir/hadoop-ozone/integration-test"/>
    <property name="os.arch" value="amd64"/>
    <property name="java.vm.specification.name" value="Java Virtual Machine Specification"/>
    <property name="test.build.classes" value="/workdir/hadoop-ozone/integration-test/target/test-classes"/>
    <property name="java.awt.printerjob" value="sun.print.PSPrinterJob"/>
    <property name="sun.os.patch.level" value="unknown"/>
    <property name="hadoop.tmp.dir" value="/workdir/hadoop-ozone/integration-test/target/tmp"/>
    <property name="java.library.path" value="/usr/lib/jvm/java-1.8-openjdk/jre/lib/amd64/server:/usr/lib/jvm/java-1.8-openjdk/jre/lib/amd64:/usr/lib/jvm/java-1.8-openjdk/jre/../lib/amd64:/workdir/hadoop-ozone/integration-test/target/native/target/usr/local/lib:/workdir/hadoop-ozone/integration-test/../../hadoop-common-project/hadoop-common/target/native/target/usr/local/lib:/usr/java/packages/lib/amd64:/usr/lib64:/lib64:/lib:/usr/lib"/>
    <property name="java.vm.info" value="mixed mode"/>
    <property name="java.vendor" value="IcedTea"/>
    <property name="java.vm.version" value="25.212-b04"/>
    <property name="java.ext.dirs" value="/usr/lib/jvm/java-1.8-openjdk/jre/lib/ext:/usr/java/packages/lib/ext"/>
    <property name="sun.io.unicode.encoding" value="UnicodeLittle"/>
    <property name="java.class.version" value="52.0"/>
  </properties>
  <testcase name="test2DatanodesFailure" classname="org.apache.hadoop.ozone.client.rpc.TestBlockOutputStreamWithFailures" time="108.732"/>
  <testcase name="testDatanodeFailureWithPreAllocation" classname="org.apache.hadoop.ozone.client.rpc.TestBlockOutputStreamWithFailures" time="224.359"/>
  <testcase name="testDatanodeFailureWithSingleNodeRatis" classname="org.apache.hadoop.ozone.client.rpc.TestBlockOutputStreamWithFailures" time="224.205"/>
  <testcase name="testWatchForCommitWithSingleNodeRatis" classname="org.apache.hadoop.ozone.client.rpc.TestBlockOutputStreamWithFailures" time="33.032">
    <error type="java.lang.IllegalArgumentException">java.lang.IllegalArgumentException
	at com.google.common.base.Preconditions.checkArgument(Preconditions.java:72)
	at org.apache.hadoop.hdds.scm.XceiverClientManager.acquireClient(XceiverClientManager.java:150)
	at org.apache.hadoop.hdds.scm.XceiverClientManager.acquireClientForReadData(XceiverClientManager.java:143)
	at org.apache.hadoop.hdds.scm.storage.BlockInputStream.getChunkInfos(BlockInputStream.java:154)
	at org.apache.hadoop.hdds.scm.storage.BlockInputStream.initialize(BlockInputStream.java:118)
	at org.apache.hadoop.hdds.scm.storage.BlockInputStream.read(BlockInputStream.java:222)
	at org.apache.hadoop.ozone.client.io.KeyInputStream.read(KeyInputStream.java:171)
	at org.apache.hadoop.ozone.client.io.OzoneInputStream.read(OzoneInputStream.java:47)
	at java.io.InputStream.read(InputStream.java:101)
	at org.apache.hadoop.ozone.container.ContainerTestHelper.validateData(ContainerTestHelper.java:709)
	at org.apache.hadoop.ozone.client.rpc.TestBlockOutputStreamWithFailures.validateData(TestBlockOutputStreamWithFailures.java:1212)
	at org.apache.hadoop.ozone.client.rpc.TestBlockOutputStreamWithFailures.testWatchForCommitWithSingleNodeRatis(TestBlockOutputStreamWithFailures.java:914)
	at sun.reflect.NativeMethodAccessorImpl.invoke0(Native Method)
	at sun.reflect.NativeMethodAccessorImpl.invoke(NativeMethodAccessorImpl.java:62)
	at sun.reflect.DelegatingMethodAccessorImpl.invoke(DelegatingMethodAccessorImpl.java:43)
	at java.lang.reflect.Method.invoke(Method.java:498)
	at org.junit.runners.model.FrameworkMethod$1.runReflectiveCall(FrameworkMethod.java:47)
	at org.junit.internal.runners.model.ReflectiveCallable.run(ReflectiveCallable.java:12)
	at org.junit.runners.model.FrameworkMethod.invokeExplosively(FrameworkMethod.java:44)
	at org.junit.internal.runners.statements.InvokeMethod.evaluate(InvokeMethod.java:17)
	at org.junit.internal.runners.statements.RunBefores.evaluate(RunBefores.java:26)
	at org.junit.internal.runners.statements.RunAfters.evaluate(RunAfters.java:27)
	at org.junit.runners.ParentRunner.runLeaf(ParentRunner.java:271)
	at org.junit.runners.BlockJUnit4ClassRunner.runChild(BlockJUnit4ClassRunner.java:70)
	at org.junit.runners.BlockJUnit4ClassRunner.runChild(BlockJUnit4ClassRunner.java:50)
	at org.junit.runners.ParentRunner$3.run(ParentRunner.java:238)
	at org.junit.runners.ParentRunner$1.schedule(ParentRunner.java:63)
	at org.junit.runners.ParentRunner.runChildren(ParentRunner.java:236)
	at org.junit.runners.ParentRunner.access$000(ParentRunner.java:53)
	at org.junit.runners.ParentRunner$2.evaluate(ParentRunner.java:229)
	at org.junit.runners.ParentRunner.run(ParentRunner.java:309)
	at org.apache.maven.surefire.junit4.JUnit4Provider.execute(JUnit4Provider.java:365)
	at org.apache.maven.surefire.junit4.JUnit4Provider.executeWithRerun(JUnit4Provider.java:273)
	at org.apache.maven.surefire.junit4.JUnit4Provider.executeTestSet(JUnit4Provider.java:238)
	at org.apache.maven.surefire.junit4.JUnit4Provider.invoke(JUnit4Provider.java:159)
	at org.apache.maven.surefire.booter.ForkedBooter.invokeProviderInSameClassLoader(ForkedBooter.java:384)
	at org.apache.maven.surefire.booter.ForkedBooter.runSuitesInProcess(ForkedBooter.java:345)
	at org.apache.maven.surefire.booter.ForkedBooter.execute(ForkedBooter.java:126)
	at org.apache.maven.surefire.booter.ForkedBooter.main(ForkedBooter.java:418)
</error>
    <system-out><![CDATA[2019-07-14 08:36:39,635 WARN  server.ServerUtils (ServerUtils.java:getScmDbDir(145)) - ozone.scm.db.dirs is not configured. We recommend adding this setting. Falling back to ozone.metadata.dirs instead.
2019-07-14 08:36:39,651 WARN  server.ServerUtils (ServerUtils.java:getScmDbDir(145)) - ozone.scm.db.dirs is not configured. We recommend adding this setting. Falling back to ozone.metadata.dirs instead.
2019-07-14 08:36:39,651 WARN  server.ServerUtils (ServerUtils.java:getScmDbDir(145)) - ozone.scm.db.dirs is not configured. We recommend adding this setting. Falling back to ozone.metadata.dirs instead.
2019-07-14 08:36:39,652 INFO  db.DBStoreBuilder (DBStoreBuilder.java:addTable(110)) - using custom profile for table: deletedBlocks
2019-07-14 08:36:39,652 INFO  db.DBStoreBuilder (DBStoreBuilder.java:processTables(161)) - Using default column profile:DBProfile.DISK for Table:deletedBlocks
2019-07-14 08:36:39,652 INFO  db.DBStoreBuilder (DBStoreBuilder.java:addTable(110)) - using custom profile for table: validCerts
2019-07-14 08:36:39,652 INFO  db.DBStoreBuilder (DBStoreBuilder.java:processTables(161)) - Using default column profile:DBProfile.DISK for Table:validCerts
2019-07-14 08:36:39,653 INFO  db.DBStoreBuilder (DBStoreBuilder.java:addTable(110)) - using custom profile for table: revokedCerts
2019-07-14 08:36:39,653 INFO  db.DBStoreBuilder (DBStoreBuilder.java:processTables(161)) - Using default column profile:DBProfile.DISK for Table:revokedCerts
2019-07-14 08:36:39,653 INFO  db.DBStoreBuilder (DBStoreBuilder.java:addTable(110)) - using custom profile for table: default
2019-07-14 08:36:39,653 INFO  db.DBStoreBuilder (DBStoreBuilder.java:processTables(167)) - Using default column profile:DBProfile.DISK for Table:default
2019-07-14 08:36:39,653 INFO  db.DBStoreBuilder (DBStoreBuilder.java:getDbProfile(198)) - Using default options. DBProfile.DISK
2019-07-14 08:36:39,720 INFO  net.NodeSchemaLoader (NodeSchemaLoader.java:loadSchemaFromFile(125)) - Loading file from sun.misc.CompoundEnumeration@3083e6ef
2019-07-14 08:36:39,720 INFO  net.NodeSchemaLoader (NodeSchemaLoader.java:loadSchema(171)) - Loading network topology layer schema file
2019-07-14 08:36:39,725 INFO  node.SCMNodeManager (SCMNodeManager.java:<init>(119)) - Entering startup safe mode.
2019-07-14 08:36:39,725 WARN  server.ServerUtils (ServerUtils.java:getScmDbDir(145)) - ozone.scm.db.dirs is not configured. We recommend adding this setting. Falling back to ozone.metadata.dirs instead.
2019-07-14 08:36:39,749 INFO  pipeline.SCMPipelineManager (SCMPipelineManager.java:initializePipelineState(126)) - No pipeline exists in current db
2019-07-14 08:36:39,749 WARN  server.ServerUtils (ServerUtils.java:getScmDbDir(145)) - ozone.scm.db.dirs is not configured. We recommend adding this setting. Falling back to ozone.metadata.dirs instead.
2019-07-14 08:36:39,774 WARN  events.EventQueue (EventQueue.java:fireEvent(175)) - No event handler registered for event TypedEvent{payloadType=SafeModeStatus, name='SafeModeStatus'}
2019-07-14 08:36:39,775 INFO  ipc.CallQueueManager (CallQueueManager.java:<init>(84)) - Using callQueue: class java.util.concurrent.LinkedBlockingQueue, queueCapacity: 2000, scheduler: class org.apache.hadoop.ipc.DefaultRpcScheduler, ipcBackoff: false.
2019-07-14 08:36:39,776 INFO  ipc.Server (Server.java:run(1074)) - Starting Socket Reader #1 for port 44244
2019-07-14 08:36:39,778 INFO  ipc.CallQueueManager (CallQueueManager.java:<init>(84)) - Using callQueue: class java.util.concurrent.LinkedBlockingQueue, queueCapacity: 2000, scheduler: class org.apache.hadoop.ipc.DefaultRpcScheduler, ipcBackoff: false.
2019-07-14 08:36:39,779 INFO  ipc.Server (Server.java:run(1074)) - Starting Socket Reader #1 for port 35432
2019-07-14 08:36:39,780 INFO  ipc.CallQueueManager (CallQueueManager.java:<init>(84)) - Using callQueue: class java.util.concurrent.LinkedBlockingQueue, queueCapacity: 2000, scheduler: class org.apache.hadoop.ipc.DefaultRpcScheduler, ipcBackoff: false.
2019-07-14 08:36:39,781 INFO  ipc.Server (Server.java:run(1074)) - Starting Socket Reader #1 for port 42101
2019-07-14 08:36:39,785 INFO  hdfs.DFSUtil (DFSUtil.java:httpServerTemplateForNNAndJN(1641)) - Starting Web-server for scm at: http://0.0.0.0:0
2019-07-14 08:36:39,787 INFO  server.AuthenticationFilter (AuthenticationFilter.java:constructSecretProvider(240)) - Unable to initialize FileSignerSecretProvider, falling back to use random secrets.
2019-07-14 08:36:39,788 WARN  http.HttpRequestLog (HttpRequestLog.java:getRequestLog(97)) - Jetty request log can only be enabled using Log4j
2019-07-14 08:36:39,790 INFO  http.HttpServer2 (HttpServer2.java:addGlobalFilter(975)) - Added global filter 'safety' (class=org.apache.hadoop.http.HttpServer2$QuotingInputFilter)
2019-07-14 08:36:39,791 INFO  http.HttpServer2 (HttpServer2.java:addFilter(948)) - Added filter static_user_filter (class=org.apache.hadoop.http.lib.StaticUserWebFilter$StaticUserFilter) to context scm
2019-07-14 08:36:39,791 INFO  http.HttpServer2 (HttpServer2.java:addFilter(958)) - Added filter static_user_filter (class=org.apache.hadoop.http.lib.StaticUserWebFilter$StaticUserFilter) to context static
2019-07-14 08:36:39,791 INFO  http.HttpServer2 (HttpServer2.java:addFilter(958)) - Added filter static_user_filter (class=org.apache.hadoop.http.lib.StaticUserWebFilter$StaticUserFilter) to context logs
2019-07-14 08:36:39,794 INFO  server.StorageContainerManager (StorageContainerManager.java:start(759)) - StorageContainerLocationProtocol RPC server is listening at /0.0.0.0:42101
2019-07-14 08:36:39,796 WARN  impl.MetricsConfig (MetricsConfig.java:loadFirst(134)) - Cannot locate configuration: tried hadoop-metrics2-storagecontainermanager.properties,hadoop-metrics2.properties
2019-07-14 08:36:39,797 INFO  impl.MetricsSystemImpl (MetricsSystemImpl.java:startTimer(374)) - Scheduled Metric snapshot period at 10 second(s).
2019-07-14 08:36:39,798 INFO  impl.MetricsSystemImpl (MetricsSystemImpl.java:start(191)) - StorageContainerManager metrics system started
2019-07-14 08:36:40,034 INFO  server.SCMClientProtocolServer (SCMClientProtocolServer.java:start(149)) - RPC server for Client  is listening at /0.0.0.0:42101
2019-07-14 08:36:40,035 INFO  ipc.Server (Server.java:run(1314)) - IPC Server Responder: starting
2019-07-14 08:36:40,035 INFO  ipc.Server (Server.java:run(1153)) - IPC Server listener on 42101: starting
2019-07-14 08:36:40,041 INFO  server.StorageContainerManager (StorageContainerManager.java:start(768)) - ScmBlockLocationProtocol RPC server is listening at /0.0.0.0:35432
2019-07-14 08:36:40,041 INFO  server.SCMBlockProtocolServer (SCMBlockProtocolServer.java:start(140)) - RPC server for Block Protocol is listening at /0.0.0.0:35432
2019-07-14 08:36:40,041 INFO  ipc.Server (Server.java:run(1314)) - IPC Server Responder: starting
2019-07-14 08:36:40,042 INFO  ipc.Server (Server.java:run(1153)) - IPC Server listener on 35432: starting
2019-07-14 08:36:40,045 INFO  server.StorageContainerManager (StorageContainerManager.java:start(772)) - ScmDatanodeProtocl RPC server is listening at /0.0.0.0:44244
2019-07-14 08:36:40,045 INFO  server.SCMDatanodeProtocolServer (SCMDatanodeProtocolServer.java:start(191)) - RPC server for DataNodes is listening at /0.0.0.0:44244
2019-07-14 08:36:40,045 INFO  ipc.Server (Server.java:run(1314)) - IPC Server Responder: starting
2019-07-14 08:36:40,046 INFO  ipc.Server (Server.java:run(1153)) - IPC Server listener on 44244: starting
2019-07-14 08:36:40,049 INFO  http.HttpServer2 (HttpServer2.java:bindListener(1191)) - Jetty bound to port 41639
2019-07-14 08:36:40,049 INFO  server.Server (Server.java:doStart(351)) - jetty-9.3.24.v20180605, build timestamp: 2018-06-05T17:11:56Z, git hash: 84205aa28f11a4f31f2a3b86d1bba2cc8ab69827
2019-07-14 08:36:40,051 INFO  handler.ContextHandler (ContextHandler.java:doStart(781)) - Started o.e.j.s.ServletContextHandler@7ef7faa9{/logs,file:///workdir/hadoop-ozone/integration-test/target/log,AVAILABLE}
2019-07-14 08:36:40,052 INFO  handler.ContextHandler (ContextHandler.java:doStart(781)) - Started o.e.j.s.ServletContextHandler@2c9aeec6{/static,file:///workdir/hadoop-ozone/integration-test/target/test-classes/webapps/static,AVAILABLE}
2019-07-14 08:36:40,057 INFO  handler.ContextHandler (ContextHandler.java:doStart(781)) - Started o.e.j.w.WebAppContext@37f7ce20{/,file:///workdir/hadoop-ozone/integration-test/target/test-classes/webapps/scm/,AVAILABLE}{/scm}
2019-07-14 08:36:40,058 INFO  server.AbstractConnector (AbstractConnector.java:doStart(278)) - Started ServerConnector@c931728{HTTP/1.1,[http/1.1]}{0.0.0.0:41639}
2019-07-14 08:36:40,059 INFO  server.Server (Server.java:doStart(419)) - Started @558284ms
2019-07-14 08:36:40,060 INFO  server.BaseHttpServer (BaseHttpServer.java:updateConnectorAddress(207)) - HTTP server of SCM is listening at http://0.0.0.0:41639
2019-07-14 08:36:40,061 WARN  server.ServerUtils (ServerUtils.java:getDBPath(222)) - ozone.om.db.dirs is not configured. We recommend adding this setting. Falling back to ozone.metadata.dirs instead.
2019-07-14 08:36:40,061 INFO  util.JvmPauseMonitor (JvmPauseMonitor.java:run(188)) - Starting JVM pause monitor
2019-07-14 08:36:40,067 WARN  server.ServerUtils (ServerUtils.java:getDBPath(222)) - ozone.om.db.dirs is not configured. We recommend adding this setting. Falling back to ozone.metadata.dirs instead.
2019-07-14 08:36:40,067 INFO  om.OzoneManager (OzoneManager.java:setOMNodeDetails(630)) - OM Service ID is not set. Setting it to the default ID: omServiceIdDefault
2019-07-14 08:36:40,067 INFO  om.OzoneManager (OzoneManager.java:setOMNodeDetails(636)) - OM Node ID is not set. Setting it to the OmStorage's OmID: b4df39cc-26bd-4857-8f96-e43bd4718f67
2019-07-14 08:36:40,068 INFO  om.OzoneManager (OzoneManager.java:loadOMHAConfigs(587)) - Found matching OM address with OMServiceId: null, OMNodeId: null, RPC Address: localhost:0 and Ratis port: 9872
2019-07-14 08:36:40,075 WARN  server.ServerUtils (ServerUtils.java:getDBPath(222)) - ozone.om.db.dirs is not configured. We recommend adding this setting. Falling back to ozone.metadata.dirs instead.
2019-07-14 08:36:40,075 INFO  db.DBStoreBuilder (DBStoreBuilder.java:addTable(110)) - using custom profile for table: userTable
2019-07-14 08:36:40,075 INFO  db.DBStoreBuilder (DBStoreBuilder.java:processTables(161)) - Using default column profile:DBProfile.DISK for Table:userTable
2019-07-14 08:36:40,076 INFO  db.DBStoreBuilder (DBStoreBuilder.java:addTable(110)) - using custom profile for table: volumeTable
2019-07-14 08:36:40,076 INFO  db.DBStoreBuilder (DBStoreBuilder.java:processTables(161)) - Using default column profile:DBProfile.DISK for Table:volumeTable
2019-07-14 08:36:40,076 INFO  db.DBStoreBuilder (DBStoreBuilder.java:addTable(110)) - using custom profile for table: bucketTable
2019-07-14 08:36:40,076 INFO  db.DBStoreBuilder (DBStoreBuilder.java:processTables(161)) - Using default column profile:DBProfile.DISK for Table:bucketTable
2019-07-14 08:36:40,077 INFO  db.DBStoreBuilder (DBStoreBuilder.java:addTable(110)) - using custom profile for table: keyTable
2019-07-14 08:36:40,077 INFO  db.DBStoreBuilder (DBStoreBuilder.java:processTables(161)) - Using default column profile:DBProfile.DISK for Table:keyTable
2019-07-14 08:36:40,077 INFO  db.DBStoreBuilder (DBStoreBuilder.java:addTable(110)) - using custom profile for table: deletedTable
2019-07-14 08:36:40,077 INFO  db.DBStoreBuilder (DBStoreBuilder.java:processTables(161)) - Using default column profile:DBProfile.DISK for Table:deletedTable
2019-07-14 08:36:40,077 INFO  db.DBStoreBuilder (DBStoreBuilder.java:addTable(110)) - using custom profile for table: openKeyTable
2019-07-14 08:36:40,078 INFO  db.DBStoreBuilder (DBStoreBuilder.java:processTables(161)) - Using default column profile:DBProfile.DISK for Table:openKeyTable
2019-07-14 08:36:40,078 INFO  db.DBStoreBuilder (DBStoreBuilder.java:addTable(110)) - using custom profile for table: s3Table
2019-07-14 08:36:40,078 INFO  db.DBStoreBuilder (DBStoreBuilder.java:processTables(161)) - Using default column profile:DBProfile.DISK for Table:s3Table
2019-07-14 08:36:40,078 INFO  db.DBStoreBuilder (DBStoreBuilder.java:addTable(110)) - using custom profile for table: multipartInfoTable
2019-07-14 08:36:40,079 INFO  db.DBStoreBuilder (DBStoreBuilder.java:processTables(161)) - Using default column profile:DBProfile.DISK for Table:multipartInfoTable
2019-07-14 08:36:40,079 INFO  db.DBStoreBuilder (DBStoreBuilder.java:addTable(110)) - using custom profile for table: dTokenTable
2019-07-14 08:36:40,079 INFO  db.DBStoreBuilder (DBStoreBuilder.java:processTables(161)) - Using default column profile:DBProfile.DISK for Table:dTokenTable
2019-07-14 08:36:40,079 INFO  db.DBStoreBuilder (DBStoreBuilder.java:addTable(110)) - using custom profile for table: s3SecretTable
2019-07-14 08:36:40,079 INFO  db.DBStoreBuilder (DBStoreBuilder.java:processTables(161)) - Using default column profile:DBProfile.DISK for Table:s3SecretTable
2019-07-14 08:36:40,080 INFO  db.DBStoreBuilder (DBStoreBuilder.java:addTable(110)) - using custom profile for table: prefixTable
2019-07-14 08:36:40,080 INFO  db.DBStoreBuilder (DBStoreBuilder.java:processTables(161)) - Using default column profile:DBProfile.DISK for Table:prefixTable
2019-07-14 08:36:40,080 INFO  db.DBStoreBuilder (DBStoreBuilder.java:addTable(110)) - using custom profile for table: default
2019-07-14 08:36:40,080 INFO  db.DBStoreBuilder (DBStoreBuilder.java:processTables(167)) - Using default column profile:DBProfile.DISK for Table:default
2019-07-14 08:36:40,080 INFO  db.DBStoreBuilder (DBStoreBuilder.java:getDbProfile(198)) - Using default options. DBProfile.DISK
2019-07-14 08:36:40,300 INFO  ipc.CallQueueManager (CallQueueManager.java:<init>(84)) - Using callQueue: class java.util.concurrent.LinkedBlockingQueue, queueCapacity: 2000, scheduler: class org.apache.hadoop.ipc.DefaultRpcScheduler, ipcBackoff: false.
2019-07-14 08:36:40,301 INFO  ipc.Server (Server.java:run(1074)) - Starting Socket Reader #1 for port 38248
2019-07-14 08:36:40,313 WARN  server.ServerUtils (ServerUtils.java:getDBPath(222)) - ozone.om.db.dirs is not configured. We recommend adding this setting. Falling back to ozone.metadata.dirs instead.
2019-07-14 08:36:40,313 INFO  om.OzoneManager (OzoneManager.java:start(1228)) - OzoneManager RPC server is listening at localhost/127.0.0.1:38248
2019-07-14 08:36:40,313 INFO  impl.MetricsSystemImpl (MetricsSystemImpl.java:init(158)) - OzoneManager metrics system started (again)
2019-07-14 08:36:40,317 INFO  ipc.Server (Server.java:run(1314)) - IPC Server Responder: starting
2019-07-14 08:36:40,318 INFO  ipc.Server (Server.java:run(1153)) - IPC Server listener on 38248: starting
2019-07-14 08:36:40,321 INFO  hdfs.DFSUtil (DFSUtil.java:httpServerTemplateForNNAndJN(1641)) - Starting Web-server for ozoneManager at: http://0.0.0.0:0
2019-07-14 08:36:40,322 INFO  server.AuthenticationFilter (AuthenticationFilter.java:constructSecretProvider(240)) - Unable to initialize FileSignerSecretProvider, falling back to use random secrets.
2019-07-14 08:36:40,323 WARN  http.HttpRequestLog (HttpRequestLog.java:getRequestLog(97)) - Jetty request log can only be enabled using Log4j
2019-07-14 08:36:40,324 INFO  http.HttpServer2 (HttpServer2.java:addGlobalFilter(975)) - Added global filter 'safety' (class=org.apache.hadoop.http.HttpServer2$QuotingInputFilter)
2019-07-14 08:36:40,324 INFO  http.HttpServer2 (HttpServer2.java:addFilter(948)) - Added filter static_user_filter (class=org.apache.hadoop.http.lib.StaticUserWebFilter$StaticUserFilter) to context ozoneManager
2019-07-14 08:36:40,325 INFO  http.HttpServer2 (HttpServer2.java:addFilter(958)) - Added filter static_user_filter (class=org.apache.hadoop.http.lib.StaticUserWebFilter$StaticUserFilter) to context logs
2019-07-14 08:36:40,325 INFO  http.HttpServer2 (HttpServer2.java:addFilter(958)) - Added filter static_user_filter (class=org.apache.hadoop.http.lib.StaticUserWebFilter$StaticUserFilter) to context static
2019-07-14 08:36:40,325 INFO  http.HttpServer2 (HttpServer2.java:bindListener(1191)) - Jetty bound to port 45619
2019-07-14 08:36:40,326 INFO  server.Server (Server.java:doStart(351)) - jetty-9.3.24.v20180605, build timestamp: 2018-06-05T17:11:56Z, git hash: 84205aa28f11a4f31f2a3b86d1bba2cc8ab69827
2019-07-14 08:36:40,327 INFO  handler.ContextHandler (ContextHandler.java:doStart(781)) - Started o.e.j.s.ServletContextHandler@68b3de47{/logs,file:///workdir/hadoop-ozone/integration-test/target/log,AVAILABLE}
2019-07-14 08:36:40,328 INFO  handler.ContextHandler (ContextHandler.java:doStart(781)) - Started o.e.j.s.ServletContextHandler@27c827ec{/static,file:///workdir/hadoop-ozone/integration-test/target/test-classes/webapps/static,AVAILABLE}
2019-07-14 08:36:40,332 INFO  handler.ContextHandler (ContextHandler.java:doStart(781)) - Started o.e.j.w.WebAppContext@4172c967{/,file:///workdir/hadoop-ozone/integration-test/target/test-classes/webapps/ozoneManager/,AVAILABLE}{/ozoneManager}
2019-07-14 08:36:40,332 INFO  server.AbstractConnector (AbstractConnector.java:doStart(278)) - Started ServerConnector@71ac5723{HTTP/1.1,[http/1.1]}{0.0.0.0:45619}
2019-07-14 08:36:40,334 INFO  server.Server (Server.java:doStart(419)) - Started @558558ms
2019-07-14 08:36:40,334 INFO  server.BaseHttpServer (BaseHttpServer.java:updateConnectorAddress(207)) - HTTP server of OZONEMANAGER is listening at http://0.0.0.0:45619
2019-07-14 08:36:40,346 INFO  impl.MetricsSystemImpl (MetricsSystemImpl.java:init(158)) - HddsDatanode metrics system started (again)
2019-07-14 08:36:40,346 INFO  ozone.HddsDatanodeService (HddsDatanodeService.java:start(185)) - HddsDatanodeService host:trunk-nightly-5z2vd-27108033 ip:192.168.5.191
2019-07-14 08:36:40,355 INFO  volume.HddsVolume (HddsVolume.java:<init>(176)) - Creating Volume: /workdir/hadoop-ozone/integration-test/target/test-dir/MiniOzoneClusterImpl-d4d9d1d5-6826-40d2-ba25-7fec43350d72/datanode-0/data/containers/hdds of  storage type : DISK and capacity : 52710309888
2019-07-14 08:36:40,355 INFO  volume.VolumeSet (VolumeSet.java:initializeVolumeSet(170)) - Added Volume : /workdir/hadoop-ozone/integration-test/target/test-dir/MiniOzoneClusterImpl-d4d9d1d5-6826-40d2-ba25-7fec43350d72/datanode-0/data/containers/hdds to VolumeSet
2019-07-14 08:36:40,355 INFO  volume.ThrottledAsyncChecker (ThrottledAsyncChecker.java:schedule(140)) - Scheduling a check for org.apache.hadoop.ozone.container.common.volume.HddsVolume@7bbe852a
2019-07-14 08:36:40,355 INFO  volume.HddsVolumeChecker (HddsVolumeChecker.java:checkAllVolumes(203)) - Scheduled health check for volume org.apache.hadoop.ozone.container.common.volume.HddsVolume@7bbe852a
2019-07-14 08:36:40,368 INFO  impl.RaftServerProxy (ConfUtils.java:logGet(43)) - raft.rpc.type = GRPC (default)
2019-07-14 08:36:40,368 INFO  grpc.GrpcFactory (GrpcFactory.java:checkPooledByteBufAllocatorUseCacheForAllThreads(45)) - PERFORMANCE WARNING: useCacheForAllThreads is true that may cause Netty to create a lot garbage objects and, as a result, trigger GC.
	It is recommended to disable useCacheForAllThreads by setting -Dorg.apache.ratis.thirdparty.io.netty.allocator.useCacheForAllThreads=false in command line.
2019-07-14 08:36:40,368 INFO  grpc.GrpcConfigKeys$Server (ConfUtils.java:logGet(43)) - raft.grpc.server.port = 0 (default)
2019-07-14 08:36:40,368 INFO  server.GrpcService (ConfUtils.java:logGet(43)) - raft.grpc.message.size.max = 33570816 (custom)
2019-07-14 08:36:40,368 INFO  server.RaftServerConfigKeys (ConfUtils.java:logGet(43)) - raft.server.log.appender.buffer.byte-limit = 33554432 (custom)
2019-07-14 08:36:40,369 INFO  server.GrpcService (ConfUtils.java:logGet(43)) - raft.grpc.flow.control.window = 1MB (=1048576) (default)
2019-07-14 08:36:40,369 INFO  server.RaftServerConfigKeys (ConfUtils.java:logGet(43)) - raft.server.rpc.request.timeout = 3000ms (default)
2019-07-14 08:36:40,369 INFO  server.RaftServerConfigKeys (ConfUtils.java:logGet(43)) - raft.server.storage.dir = [/workdir/hadoop-ozone/integration-test/target/test-dir/MiniOzoneClusterImpl-d4d9d1d5-6826-40d2-ba25-7fec43350d72/datanode-0/data/ratis] (custom)
2019-07-14 08:36:40,370 INFO  replication.SimpleContainerDownloader (SimpleContainerDownloader.java:<init>(72)) - Starting container downloader service to copy containers to replicate.
2019-07-14 08:36:40,370 INFO  hdfs.DFSUtil (DFSUtil.java:httpServerTemplateForNNAndJN(1641)) - Starting Web-server for hddsDatanode at: http://0.0.0.0:0
2019-07-14 08:36:40,371 INFO  server.AuthenticationFilter (AuthenticationFilter.java:constructSecretProvider(240)) - Unable to initialize FileSignerSecretProvider, falling back to use random secrets.
2019-07-14 08:36:40,372 WARN  http.HttpRequestLog (HttpRequestLog.java:getRequestLog(97)) - Jetty request log can only be enabled using Log4j
2019-07-14 08:36:40,373 INFO  http.HttpServer2 (HttpServer2.java:addGlobalFilter(975)) - Added global filter 'safety' (class=org.apache.hadoop.http.HttpServer2$QuotingInputFilter)
2019-07-14 08:36:40,373 INFO  http.HttpServer2 (HttpServer2.java:addFilter(948)) - Added filter static_user_filter (class=org.apache.hadoop.http.lib.StaticUserWebFilter$StaticUserFilter) to context hddsDatanode
2019-07-14 08:36:40,373 INFO  http.HttpServer2 (HttpServer2.java:addFilter(958)) - Added filter static_user_filter (class=org.apache.hadoop.http.lib.StaticUserWebFilter$StaticUserFilter) to context logs
2019-07-14 08:36:40,373 INFO  http.HttpServer2 (HttpServer2.java:addFilter(958)) - Added filter static_user_filter (class=org.apache.hadoop.http.lib.StaticUserWebFilter$StaticUserFilter) to context static
2019-07-14 08:36:40,374 INFO  http.HttpServer2 (HttpServer2.java:bindListener(1191)) - Jetty bound to port 44112
2019-07-14 08:36:40,374 INFO  server.Server (Server.java:doStart(351)) - jetty-9.3.24.v20180605, build timestamp: 2018-06-05T17:11:56Z, git hash: 84205aa28f11a4f31f2a3b86d1bba2cc8ab69827
2019-07-14 08:36:40,376 INFO  handler.ContextHandler (ContextHandler.java:doStart(781)) - Started o.e.j.s.ServletContextHandler@3c65f2e1{/logs,file:///workdir/hadoop-ozone/integration-test/target/log,AVAILABLE}
2019-07-14 08:36:40,376 INFO  handler.ContextHandler (ContextHandler.java:doStart(781)) - Started o.e.j.s.ServletContextHandler@78f1d29{/static,jar:file:/home/user/.m2/repository/org/apache/hadoop/hadoop-hdds-container-service/0.5.0-SNAPSHOT/hadoop-hdds-container-service-0.5.0-SNAPSHOT.jar!/webapps/static,AVAILABLE}
2019-07-14 08:36:40,402 INFO  handler.ContextHandler (ContextHandler.java:doStart(781)) - Started o.e.j.w.WebAppContext@19b0a9f2{/,file:///tmp/jetty-0.0.0.0-44112-hddsDatanode-_-any-1167245777702432665.dir/webapp/,AVAILABLE}{/hddsDatanode}
2019-07-14 08:36:40,402 INFO  server.AbstractConnector (AbstractConnector.java:doStart(278)) - Started ServerConnector@f4c3e9{HTTP/1.1,[http/1.1]}{0.0.0.0:44112}
2019-07-14 08:36:40,404 INFO  server.Server (Server.java:doStart(419)) - Started @558629ms
2019-07-14 08:36:40,404 INFO  server.BaseHttpServer (BaseHttpServer.java:updateConnectorAddress(207)) - HTTP server of HDDSDATANODE is listening at http://0.0.0.0:44112
2019-07-14 08:36:40,506 INFO  ozone.HddsDatanodeService (HddsDatanodeService.java:startPlugins(396)) - Started plug-in org.apache.hadoop.ozone.web.OzoneHddsDatanodeService@8a11a19
2019-07-14 08:36:40,506 INFO  impl.MetricsSystemImpl (MetricsSystemImpl.java:init(158)) - HddsDatanode metrics system started (again)
2019-07-14 08:36:40,508 INFO  ozone.HddsDatanodeService (HddsDatanodeService.java:start(185)) - HddsDatanodeService host:trunk-nightly-5z2vd-27108033 ip:192.168.5.191
2019-07-14 08:36:40,510 INFO  util.JvmPauseMonitor (JvmPauseMonitor.java:run(188)) - Starting JVM pause monitor
2019-07-14 08:36:40,512 INFO  datanode.InitDatanodeState (InitDatanodeState.java:persistContainerDatanodeDetails(140)) - DatanodeDetails is persisted to /workdir/hadoop-ozone/integration-test/target/test-dir/MiniOzoneClusterImpl-d4d9d1d5-6826-40d2-ba25-7fec43350d72/datanode-0/meta/datanode.id
2019-07-14 08:36:40,518 INFO  volume.HddsVolume (HddsVolume.java:<init>(176)) - Creating Volume: /workdir/hadoop-ozone/integration-test/target/test-dir/MiniOzoneClusterImpl-d4d9d1d5-6826-40d2-ba25-7fec43350d72/datanode-1/data/containers/hdds of  storage type : DISK and capacity : 52710309888
2019-07-14 08:36:40,518 INFO  volume.VolumeSet (VolumeSet.java:initializeVolumeSet(170)) - Added Volume : /workdir/hadoop-ozone/integration-test/target/test-dir/MiniOzoneClusterImpl-d4d9d1d5-6826-40d2-ba25-7fec43350d72/datanode-1/data/containers/hdds to VolumeSet
2019-07-14 08:36:40,518 INFO  volume.ThrottledAsyncChecker (ThrottledAsyncChecker.java:schedule(140)) - Scheduling a check for org.apache.hadoop.ozone.container.common.volume.HddsVolume@490704a5
2019-07-14 08:36:40,519 INFO  volume.HddsVolumeChecker (HddsVolumeChecker.java:checkAllVolumes(203)) - Scheduled health check for volume org.apache.hadoop.ozone.container.common.volume.HddsVolume@490704a5
2019-07-14 08:36:40,534 INFO  impl.RaftServerProxy (ConfUtils.java:logGet(43)) - raft.rpc.type = GRPC (default)
2019-07-14 08:36:40,534 INFO  grpc.GrpcFactory (GrpcFactory.java:checkPooledByteBufAllocatorUseCacheForAllThreads(45)) - PERFORMANCE WARNING: useCacheForAllThreads is true that may cause Netty to create a lot garbage objects and, as a result, trigger GC.
	It is recommended to disable useCacheForAllThreads by setting -Dorg.apache.ratis.thirdparty.io.netty.allocator.useCacheForAllThreads=false in command line.
2019-07-14 08:36:40,534 INFO  grpc.GrpcConfigKeys$Server (ConfUtils.java:logGet(43)) - raft.grpc.server.port = 0 (default)
2019-07-14 08:36:40,534 INFO  server.GrpcService (ConfUtils.java:logGet(43)) - raft.grpc.message.size.max = 33570816 (custom)
2019-07-14 08:36:40,534 INFO  server.RaftServerConfigKeys (ConfUtils.java:logGet(43)) - raft.server.log.appender.buffer.byte-limit = 33554432 (custom)
2019-07-14 08:36:40,535 INFO  server.GrpcService (ConfUtils.java:logGet(43)) - raft.grpc.flow.control.window = 1MB (=1048576) (default)
2019-07-14 08:36:40,535 INFO  server.RaftServerConfigKeys (ConfUtils.java:logGet(43)) - raft.server.rpc.request.timeout = 3000ms (default)
2019-07-14 08:36:40,535 INFO  server.RaftServerConfigKeys (ConfUtils.java:logGet(43)) - raft.server.storage.dir = [/workdir/hadoop-ozone/integration-test/target/test-dir/MiniOzoneClusterImpl-d4d9d1d5-6826-40d2-ba25-7fec43350d72/datanode-1/data/ratis] (custom)
2019-07-14 08:36:40,536 INFO  replication.SimpleContainerDownloader (SimpleContainerDownloader.java:<init>(72)) - Starting container downloader service to copy containers to replicate.
2019-07-14 08:36:40,536 INFO  hdfs.DFSUtil (DFSUtil.java:httpServerTemplateForNNAndJN(1641)) - Starting Web-server for hddsDatanode at: http://0.0.0.0:0
2019-07-14 08:36:40,537 INFO  server.AuthenticationFilter (AuthenticationFilter.java:constructSecretProvider(240)) - Unable to initialize FileSignerSecretProvider, falling back to use random secrets.
2019-07-14 08:36:40,538 WARN  http.HttpRequestLog (HttpRequestLog.java:getRequestLog(97)) - Jetty request log can only be enabled using Log4j
2019-07-14 08:36:40,539 INFO  http.HttpServer2 (HttpServer2.java:addGlobalFilter(975)) - Added global filter 'safety' (class=org.apache.hadoop.http.HttpServer2$QuotingInputFilter)
2019-07-14 08:36:40,539 INFO  http.HttpServer2 (HttpServer2.java:addFilter(948)) - Added filter static_user_filter (class=org.apache.hadoop.http.lib.StaticUserWebFilter$StaticUserFilter) to context hddsDatanode
2019-07-14 08:36:40,539 INFO  http.HttpServer2 (HttpServer2.java:addFilter(958)) - Added filter static_user_filter (class=org.apache.hadoop.http.lib.StaticUserWebFilter$StaticUserFilter) to context logs
2019-07-14 08:36:40,540 INFO  http.HttpServer2 (HttpServer2.java:addFilter(958)) - Added filter static_user_filter (class=org.apache.hadoop.http.lib.StaticUserWebFilter$StaticUserFilter) to context static
2019-07-14 08:36:40,540 INFO  http.HttpServer2 (HttpServer2.java:bindListener(1191)) - Jetty bound to port 45193
2019-07-14 08:36:40,540 INFO  server.Server (Server.java:doStart(351)) - jetty-9.3.24.v20180605, build timestamp: 2018-06-05T17:11:56Z, git hash: 84205aa28f11a4f31f2a3b86d1bba2cc8ab69827
2019-07-14 08:36:40,542 INFO  handler.ContextHandler (ContextHandler.java:doStart(781)) - Started o.e.j.s.ServletContextHandler@6d5d1204{/logs,file:///workdir/hadoop-ozone/integration-test/target/log,AVAILABLE}
2019-07-14 08:36:40,542 INFO  handler.ContextHandler (ContextHandler.java:doStart(781)) - Started o.e.j.s.ServletContextHandler@49ea4b65{/static,jar:file:/home/user/.m2/repository/org/apache/hadoop/hadoop-hdds-container-service/0.5.0-SNAPSHOT/hadoop-hdds-container-service-0.5.0-SNAPSHOT.jar!/webapps/static,AVAILABLE}
2019-07-14 08:36:40,568 INFO  handler.ContextHandler (ContextHandler.java:doStart(781)) - Started o.e.j.w.WebAppContext@d1973e8{/,file:///tmp/jetty-0.0.0.0-45193-hddsDatanode-_-any-9130269883172293712.dir/webapp/,AVAILABLE}{/hddsDatanode}
2019-07-14 08:36:40,569 INFO  server.AbstractConnector (AbstractConnector.java:doStart(278)) - Started ServerConnector@5ca10d0e{HTTP/1.1,[http/1.1]}{0.0.0.0:45193}
2019-07-14 08:36:40,569 INFO  server.Server (Server.java:doStart(419)) - Started @558794ms
2019-07-14 08:36:40,571 INFO  server.BaseHttpServer (BaseHttpServer.java:updateConnectorAddress(207)) - HTTP server of HDDSDATANODE is listening at http://0.0.0.0:45193
2019-07-14 08:36:40,690 INFO  ozone.HddsDatanodeService (HddsDatanodeService.java:startPlugins(396)) - Started plug-in org.apache.hadoop.ozone.web.OzoneHddsDatanodeService@571903ff
2019-07-14 08:36:40,690 INFO  impl.MetricsSystemImpl (MetricsSystemImpl.java:init(158)) - HddsDatanode metrics system started (again)
2019-07-14 08:36:40,692 INFO  ozone.HddsDatanodeService (HddsDatanodeService.java:start(185)) - HddsDatanodeService host:trunk-nightly-5z2vd-27108033 ip:192.168.5.191
2019-07-14 08:36:40,694 INFO  util.JvmPauseMonitor (JvmPauseMonitor.java:run(188)) - Starting JVM pause monitor
2019-07-14 08:36:40,695 INFO  datanode.InitDatanodeState (InitDatanodeState.java:persistContainerDatanodeDetails(140)) - DatanodeDetails is persisted to /workdir/hadoop-ozone/integration-test/target/test-dir/MiniOzoneClusterImpl-d4d9d1d5-6826-40d2-ba25-7fec43350d72/datanode-1/meta/datanode.id
2019-07-14 08:36:40,702 INFO  volume.HddsVolume (HddsVolume.java:<init>(176)) - Creating Volume: /workdir/hadoop-ozone/integration-test/target/test-dir/MiniOzoneClusterImpl-d4d9d1d5-6826-40d2-ba25-7fec43350d72/datanode-2/data/containers/hdds of  storage type : DISK and capacity : 52710309888
2019-07-14 08:36:40,702 INFO  volume.VolumeSet (VolumeSet.java:initializeVolumeSet(170)) - Added Volume : /workdir/hadoop-ozone/integration-test/target/test-dir/MiniOzoneClusterImpl-d4d9d1d5-6826-40d2-ba25-7fec43350d72/datanode-2/data/containers/hdds to VolumeSet
2019-07-14 08:36:40,703 INFO  volume.ThrottledAsyncChecker (ThrottledAsyncChecker.java:schedule(140)) - Scheduling a check for org.apache.hadoop.ozone.container.common.volume.HddsVolume@3fe3ebb3
2019-07-14 08:36:40,703 INFO  volume.HddsVolumeChecker (HddsVolumeChecker.java:checkAllVolumes(203)) - Scheduled health check for volume org.apache.hadoop.ozone.container.common.volume.HddsVolume@3fe3ebb3
2019-07-14 08:36:40,722 INFO  impl.RaftServerProxy (ConfUtils.java:logGet(43)) - raft.rpc.type = GRPC (default)
2019-07-14 08:36:40,723 INFO  grpc.GrpcFactory (GrpcFactory.java:checkPooledByteBufAllocatorUseCacheForAllThreads(45)) - PERFORMANCE WARNING: useCacheForAllThreads is true that may cause Netty to create a lot garbage objects and, as a result, trigger GC.
	It is recommended to disable useCacheForAllThreads by setting -Dorg.apache.ratis.thirdparty.io.netty.allocator.useCacheForAllThreads=false in command line.
2019-07-14 08:36:40,723 INFO  grpc.GrpcConfigKeys$Server (ConfUtils.java:logGet(43)) - raft.grpc.server.port = 0 (default)
2019-07-14 08:36:40,723 INFO  server.GrpcService (ConfUtils.java:logGet(43)) - raft.grpc.message.size.max = 33570816 (custom)
2019-07-14 08:36:40,723 INFO  server.RaftServerConfigKeys (ConfUtils.java:logGet(43)) - raft.server.log.appender.buffer.byte-limit = 33554432 (custom)
2019-07-14 08:36:40,724 INFO  server.GrpcService (ConfUtils.java:logGet(43)) - raft.grpc.flow.control.window = 1MB (=1048576) (default)
2019-07-14 08:36:40,724 INFO  server.RaftServerConfigKeys (ConfUtils.java:logGet(43)) - raft.server.rpc.request.timeout = 3000ms (default)
2019-07-14 08:36:40,724 INFO  server.RaftServerConfigKeys (ConfUtils.java:logGet(43)) - raft.server.storage.dir = [/workdir/hadoop-ozone/integration-test/target/test-dir/MiniOzoneClusterImpl-d4d9d1d5-6826-40d2-ba25-7fec43350d72/datanode-2/data/ratis] (custom)
2019-07-14 08:36:40,725 INFO  replication.SimpleContainerDownloader (SimpleContainerDownloader.java:<init>(72)) - Starting container downloader service to copy containers to replicate.
2019-07-14 08:36:40,726 INFO  hdfs.DFSUtil (DFSUtil.java:httpServerTemplateForNNAndJN(1641)) - Starting Web-server for hddsDatanode at: http://0.0.0.0:0
2019-07-14 08:36:40,728 INFO  server.AuthenticationFilter (AuthenticationFilter.java:constructSecretProvider(240)) - Unable to initialize FileSignerSecretProvider, falling back to use random secrets.
2019-07-14 08:36:40,728 WARN  http.HttpRequestLog (HttpRequestLog.java:getRequestLog(97)) - Jetty request log can only be enabled using Log4j
2019-07-14 08:36:40,730 INFO  http.HttpServer2 (HttpServer2.java:addGlobalFilter(975)) - Added global filter 'safety' (class=org.apache.hadoop.http.HttpServer2$QuotingInputFilter)
2019-07-14 08:36:40,730 INFO  http.HttpServer2 (HttpServer2.java:addFilter(948)) - Added filter static_user_filter (class=org.apache.hadoop.http.lib.StaticUserWebFilter$StaticUserFilter) to context hddsDatanode
2019-07-14 08:36:40,731 INFO  http.HttpServer2 (HttpServer2.java:addFilter(958)) - Added filter static_user_filter (class=org.apache.hadoop.http.lib.StaticUserWebFilter$StaticUserFilter) to context logs
2019-07-14 08:36:40,731 INFO  http.HttpServer2 (HttpServer2.java:addFilter(958)) - Added filter static_user_filter (class=org.apache.hadoop.http.lib.StaticUserWebFilter$StaticUserFilter) to context static
2019-07-14 08:36:40,732 INFO  http.HttpServer2 (HttpServer2.java:bindListener(1191)) - Jetty bound to port 36568
2019-07-14 08:36:40,732 INFO  server.Server (Server.java:doStart(351)) - jetty-9.3.24.v20180605, build timestamp: 2018-06-05T17:11:56Z, git hash: 84205aa28f11a4f31f2a3b86d1bba2cc8ab69827
2019-07-14 08:36:40,733 INFO  handler.ContextHandler (ContextHandler.java:doStart(781)) - Started o.e.j.s.ServletContextHandler@356ab368{/logs,file:///workdir/hadoop-ozone/integration-test/target/log,AVAILABLE}
2019-07-14 08:36:40,734 INFO  handler.ContextHandler (ContextHandler.java:doStart(781)) - Started o.e.j.s.ServletContextHandler@c555e1e{/static,jar:file:/home/user/.m2/repository/org/apache/hadoop/hadoop-hdds-container-service/0.5.0-SNAPSHOT/hadoop-hdds-container-service-0.5.0-SNAPSHOT.jar!/webapps/static,AVAILABLE}
2019-07-14 08:36:40,770 INFO  handler.ContextHandler (ContextHandler.java:doStart(781)) - Started o.e.j.w.WebAppContext@7bdddfa4{/,file:///tmp/jetty-0.0.0.0-36568-hddsDatanode-_-any-2802791561750007314.dir/webapp/,AVAILABLE}{/hddsDatanode}
2019-07-14 08:36:40,770 INFO  server.AbstractConnector (AbstractConnector.java:doStart(278)) - Started ServerConnector@1e12fdcf{HTTP/1.1,[http/1.1]}{0.0.0.0:36568}
2019-07-14 08:36:40,770 INFO  server.Server (Server.java:doStart(419)) - Started @558995ms
2019-07-14 08:36:40,772 INFO  server.BaseHttpServer (BaseHttpServer.java:updateConnectorAddress(207)) - HTTP server of HDDSDATANODE is listening at http://0.0.0.0:36568
2019-07-14 08:36:40,880 INFO  ozone.HddsDatanodeService (HddsDatanodeService.java:startPlugins(396)) - Started plug-in org.apache.hadoop.ozone.web.OzoneHddsDatanodeService@272f5373
2019-07-14 08:36:40,881 INFO  impl.MetricsSystemImpl (MetricsSystemImpl.java:init(158)) - HddsDatanode metrics system started (again)
2019-07-14 08:36:40,882 INFO  ozone.HddsDatanodeService (HddsDatanodeService.java:start(185)) - HddsDatanodeService host:trunk-nightly-5z2vd-27108033 ip:192.168.5.191
2019-07-14 08:36:40,884 INFO  util.JvmPauseMonitor (JvmPauseMonitor.java:run(188)) - Starting JVM pause monitor
2019-07-14 08:36:40,886 INFO  datanode.InitDatanodeState (InitDatanodeState.java:persistContainerDatanodeDetails(140)) - DatanodeDetails is persisted to /workdir/hadoop-ozone/integration-test/target/test-dir/MiniOzoneClusterImpl-d4d9d1d5-6826-40d2-ba25-7fec43350d72/datanode-2/meta/datanode.id
2019-07-14 08:36:40,893 INFO  volume.HddsVolume (HddsVolume.java:<init>(176)) - Creating Volume: /workdir/hadoop-ozone/integration-test/target/test-dir/MiniOzoneClusterImpl-d4d9d1d5-6826-40d2-ba25-7fec43350d72/datanode-3/data/containers/hdds of  storage type : DISK and capacity : 52710309888
2019-07-14 08:36:40,893 INFO  volume.VolumeSet (VolumeSet.java:initializeVolumeSet(170)) - Added Volume : /workdir/hadoop-ozone/integration-test/target/test-dir/MiniOzoneClusterImpl-d4d9d1d5-6826-40d2-ba25-7fec43350d72/datanode-3/data/containers/hdds to VolumeSet
2019-07-14 08:36:40,893 INFO  volume.ThrottledAsyncChecker (ThrottledAsyncChecker.java:schedule(140)) - Scheduling a check for org.apache.hadoop.ozone.container.common.volume.HddsVolume@13cc3984
2019-07-14 08:36:40,894 INFO  volume.HddsVolumeChecker (HddsVolumeChecker.java:checkAllVolumes(203)) - Scheduled health check for volume org.apache.hadoop.ozone.container.common.volume.HddsVolume@13cc3984
2019-07-14 08:36:40,907 INFO  impl.RaftServerProxy (ConfUtils.java:logGet(43)) - raft.rpc.type = GRPC (default)
2019-07-14 08:36:40,908 INFO  grpc.GrpcFactory (GrpcFactory.java:checkPooledByteBufAllocatorUseCacheForAllThreads(45)) - PERFORMANCE WARNING: useCacheForAllThreads is true that may cause Netty to create a lot garbage objects and, as a result, trigger GC.
	It is recommended to disable useCacheForAllThreads by setting -Dorg.apache.ratis.thirdparty.io.netty.allocator.useCacheForAllThreads=false in command line.
2019-07-14 08:36:40,908 INFO  grpc.GrpcConfigKeys$Server (ConfUtils.java:logGet(43)) - raft.grpc.server.port = 0 (default)
2019-07-14 08:36:40,908 INFO  server.GrpcService (ConfUtils.java:logGet(43)) - raft.grpc.message.size.max = 33570816 (custom)
2019-07-14 08:36:40,908 INFO  server.RaftServerConfigKeys (ConfUtils.java:logGet(43)) - raft.server.log.appender.buffer.byte-limit = 33554432 (custom)
2019-07-14 08:36:40,908 INFO  server.GrpcService (ConfUtils.java:logGet(43)) - raft.grpc.flow.control.window = 1MB (=1048576) (default)
2019-07-14 08:36:40,909 INFO  server.RaftServerConfigKeys (ConfUtils.java:logGet(43)) - raft.server.rpc.request.timeout = 3000ms (default)
2019-07-14 08:36:40,909 INFO  server.RaftServerConfigKeys (ConfUtils.java:logGet(43)) - raft.server.storage.dir = [/workdir/hadoop-ozone/integration-test/target/test-dir/MiniOzoneClusterImpl-d4d9d1d5-6826-40d2-ba25-7fec43350d72/datanode-3/data/ratis] (custom)
2019-07-14 08:36:40,909 INFO  replication.SimpleContainerDownloader (SimpleContainerDownloader.java:<init>(72)) - Starting container downloader service to copy containers to replicate.
2019-07-14 08:36:40,911 INFO  hdfs.DFSUtil (DFSUtil.java:httpServerTemplateForNNAndJN(1641)) - Starting Web-server for hddsDatanode at: http://0.0.0.0:0
2019-07-14 08:36:40,912 INFO  server.AuthenticationFilter (AuthenticationFilter.java:constructSecretProvider(240)) - Unable to initialize FileSignerSecretProvider, falling back to use random secrets.
2019-07-14 08:36:40,912 WARN  http.HttpRequestLog (HttpRequestLog.java:getRequestLog(97)) - Jetty request log can only be enabled using Log4j
2019-07-14 08:36:40,913 INFO  http.HttpServer2 (HttpServer2.java:addGlobalFilter(975)) - Added global filter 'safety' (class=org.apache.hadoop.http.HttpServer2$QuotingInputFilter)
2019-07-14 08:36:40,914 INFO  http.HttpServer2 (HttpServer2.java:addFilter(948)) - Added filter static_user_filter (class=org.apache.hadoop.http.lib.StaticUserWebFilter$StaticUserFilter) to context hddsDatanode
2019-07-14 08:36:40,914 INFO  http.HttpServer2 (HttpServer2.java:addFilter(958)) - Added filter static_user_filter (class=org.apache.hadoop.http.lib.StaticUserWebFilter$StaticUserFilter) to context logs
2019-07-14 08:36:40,914 INFO  http.HttpServer2 (HttpServer2.java:addFilter(958)) - Added filter static_user_filter (class=org.apache.hadoop.http.lib.StaticUserWebFilter$StaticUserFilter) to context static
2019-07-14 08:36:40,915 INFO  http.HttpServer2 (HttpServer2.java:bindListener(1191)) - Jetty bound to port 35818
2019-07-14 08:36:40,915 INFO  server.Server (Server.java:doStart(351)) - jetty-9.3.24.v20180605, build timestamp: 2018-06-05T17:11:56Z, git hash: 84205aa28f11a4f31f2a3b86d1bba2cc8ab69827
2019-07-14 08:36:40,916 INFO  handler.ContextHandler (ContextHandler.java:doStart(781)) - Started o.e.j.s.ServletContextHandler@408980aa{/logs,file:///workdir/hadoop-ozone/integration-test/target/log,AVAILABLE}
2019-07-14 08:36:40,917 INFO  handler.ContextHandler (ContextHandler.java:doStart(781)) - Started o.e.j.s.ServletContextHandler@34c2e03d{/static,jar:file:/home/user/.m2/repository/org/apache/hadoop/hadoop-hdds-container-service/0.5.0-SNAPSHOT/hadoop-hdds-container-service-0.5.0-SNAPSHOT.jar!/webapps/static,AVAILABLE}
2019-07-14 08:36:40,944 INFO  handler.ContextHandler (ContextHandler.java:doStart(781)) - Started o.e.j.w.WebAppContext@16e3d6d0{/,file:///tmp/jetty-0.0.0.0-35818-hddsDatanode-_-any-1855581453988942420.dir/webapp/,AVAILABLE}{/hddsDatanode}
2019-07-14 08:36:40,946 INFO  server.AbstractConnector (AbstractConnector.java:doStart(278)) - Started ServerConnector@6711432a{HTTP/1.1,[http/1.1]}{0.0.0.0:35818}
2019-07-14 08:36:40,946 INFO  server.Server (Server.java:doStart(419)) - Started @559171ms
2019-07-14 08:36:40,947 INFO  server.BaseHttpServer (BaseHttpServer.java:updateConnectorAddress(207)) - HTTP server of HDDSDATANODE is listening at http://0.0.0.0:35818
2019-07-14 08:36:41,049 INFO  ozone.HddsDatanodeService (HddsDatanodeService.java:startPlugins(396)) - Started plug-in org.apache.hadoop.ozone.web.OzoneHddsDatanodeService@3829306d
2019-07-14 08:36:41,049 INFO  impl.MetricsSystemImpl (MetricsSystemImpl.java:init(158)) - HddsDatanode metrics system started (again)
2019-07-14 08:36:41,052 INFO  ozone.HddsDatanodeService (HddsDatanodeService.java:start(185)) - HddsDatanodeService host:trunk-nightly-5z2vd-27108033 ip:192.168.5.191
2019-07-14 08:36:41,053 INFO  util.JvmPauseMonitor (JvmPauseMonitor.java:run(188)) - Starting JVM pause monitor
2019-07-14 08:36:41,054 INFO  datanode.InitDatanodeState (InitDatanodeState.java:persistContainerDatanodeDetails(140)) - DatanodeDetails is persisted to /workdir/hadoop-ozone/integration-test/target/test-dir/MiniOzoneClusterImpl-d4d9d1d5-6826-40d2-ba25-7fec43350d72/datanode-3/meta/datanode.id
2019-07-14 08:36:41,062 INFO  volume.HddsVolume (HddsVolume.java:<init>(176)) - Creating Volume: /workdir/hadoop-ozone/integration-test/target/test-dir/MiniOzoneClusterImpl-d4d9d1d5-6826-40d2-ba25-7fec43350d72/datanode-4/data/containers/hdds of  storage type : DISK and capacity : 52710309888
2019-07-14 08:36:41,062 INFO  volume.VolumeSet (VolumeSet.java:initializeVolumeSet(170)) - Added Volume : /workdir/hadoop-ozone/integration-test/target/test-dir/MiniOzoneClusterImpl-d4d9d1d5-6826-40d2-ba25-7fec43350d72/datanode-4/data/containers/hdds to VolumeSet
2019-07-14 08:36:41,063 INFO  volume.ThrottledAsyncChecker (ThrottledAsyncChecker.java:schedule(140)) - Scheduling a check for org.apache.hadoop.ozone.container.common.volume.HddsVolume@7b6b8cea
2019-07-14 08:36:41,063 INFO  volume.HddsVolumeChecker (HddsVolumeChecker.java:checkAllVolumes(203)) - Scheduled health check for volume org.apache.hadoop.ozone.container.common.volume.HddsVolume@7b6b8cea
2019-07-14 08:36:41,077 INFO  impl.RaftServerProxy (ConfUtils.java:logGet(43)) - raft.rpc.type = GRPC (default)
2019-07-14 08:36:41,078 INFO  grpc.GrpcFactory (GrpcFactory.java:checkPooledByteBufAllocatorUseCacheForAllThreads(45)) - PERFORMANCE WARNING: useCacheForAllThreads is true that may cause Netty to create a lot garbage objects and, as a result, trigger GC.
	It is recommended to disable useCacheForAllThreads by setting -Dorg.apache.ratis.thirdparty.io.netty.allocator.useCacheForAllThreads=false in command line.
2019-07-14 08:36:41,078 INFO  grpc.GrpcConfigKeys$Server (ConfUtils.java:logGet(43)) - raft.grpc.server.port = 0 (default)
2019-07-14 08:36:41,078 INFO  server.GrpcService (ConfUtils.java:logGet(43)) - raft.grpc.message.size.max = 33570816 (custom)
2019-07-14 08:36:41,078 INFO  server.RaftServerConfigKeys (ConfUtils.java:logGet(43)) - raft.server.log.appender.buffer.byte-limit = 33554432 (custom)
2019-07-14 08:36:41,078 INFO  server.GrpcService (ConfUtils.java:logGet(43)) - raft.grpc.flow.control.window = 1MB (=1048576) (default)
2019-07-14 08:36:41,079 INFO  server.RaftServerConfigKeys (ConfUtils.java:logGet(43)) - raft.server.rpc.request.timeout = 3000ms (default)
2019-07-14 08:36:41,079 INFO  server.RaftServerConfigKeys (ConfUtils.java:logGet(43)) - raft.server.storage.dir = [/workdir/hadoop-ozone/integration-test/target/test-dir/MiniOzoneClusterImpl-d4d9d1d5-6826-40d2-ba25-7fec43350d72/datanode-4/data/ratis] (custom)
2019-07-14 08:36:41,079 INFO  replication.SimpleContainerDownloader (SimpleContainerDownloader.java:<init>(72)) - Starting container downloader service to copy containers to replicate.
2019-07-14 08:36:41,080 INFO  hdfs.DFSUtil (DFSUtil.java:httpServerTemplateForNNAndJN(1641)) - Starting Web-server for hddsDatanode at: http://0.0.0.0:0
2019-07-14 08:36:41,081 INFO  server.AuthenticationFilter (AuthenticationFilter.java:constructSecretProvider(240)) - Unable to initialize FileSignerSecretProvider, falling back to use random secrets.
2019-07-14 08:36:41,082 WARN  http.HttpRequestLog (HttpRequestLog.java:getRequestLog(97)) - Jetty request log can only be enabled using Log4j
2019-07-14 08:36:41,083 INFO  http.HttpServer2 (HttpServer2.java:addGlobalFilter(975)) - Added global filter 'safety' (class=org.apache.hadoop.http.HttpServer2$QuotingInputFilter)
2019-07-14 08:36:41,083 INFO  http.HttpServer2 (HttpServer2.java:addFilter(948)) - Added filter static_user_filter (class=org.apache.hadoop.http.lib.StaticUserWebFilter$StaticUserFilter) to context hddsDatanode
2019-07-14 08:36:41,084 INFO  http.HttpServer2 (HttpServer2.java:addFilter(958)) - Added filter static_user_filter (class=org.apache.hadoop.http.lib.StaticUserWebFilter$StaticUserFilter) to context static
2019-07-14 08:36:41,084 INFO  http.HttpServer2 (HttpServer2.java:addFilter(958)) - Added filter static_user_filter (class=org.apache.hadoop.http.lib.StaticUserWebFilter$StaticUserFilter) to context logs
2019-07-14 08:36:41,084 INFO  http.HttpServer2 (HttpServer2.java:bindListener(1191)) - Jetty bound to port 43933
2019-07-14 08:36:41,084 INFO  server.Server (Server.java:doStart(351)) - jetty-9.3.24.v20180605, build timestamp: 2018-06-05T17:11:56Z, git hash: 84205aa28f11a4f31f2a3b86d1bba2cc8ab69827
2019-07-14 08:36:41,086 INFO  handler.ContextHandler (ContextHandler.java:doStart(781)) - Started o.e.j.s.ServletContextHandler@687d31a9{/logs,file:///workdir/hadoop-ozone/integration-test/target/log,AVAILABLE}
2019-07-14 08:36:41,086 INFO  handler.ContextHandler (ContextHandler.java:doStart(781)) - Started o.e.j.s.ServletContextHandler@4cc28ad0{/static,jar:file:/home/user/.m2/repository/org/apache/hadoop/hadoop-hdds-container-service/0.5.0-SNAPSHOT/hadoop-hdds-container-service-0.5.0-SNAPSHOT.jar!/webapps/static,AVAILABLE}
2019-07-14 08:36:41,112 INFO  handler.ContextHandler (ContextHandler.java:doStart(781)) - Started o.e.j.w.WebAppContext@dc24732{/,file:///tmp/jetty-0.0.0.0-43933-hddsDatanode-_-any-6178098444265308818.dir/webapp/,AVAILABLE}{/hddsDatanode}
2019-07-14 08:36:41,113 INFO  server.AbstractConnector (AbstractConnector.java:doStart(278)) - Started ServerConnector@44a1ae4e{HTTP/1.1,[http/1.1]}{0.0.0.0:43933}
2019-07-14 08:36:41,113 INFO  server.Server (Server.java:doStart(419)) - Started @559338ms
2019-07-14 08:36:41,115 INFO  server.BaseHttpServer (BaseHttpServer.java:updateConnectorAddress(207)) - HTTP server of HDDSDATANODE is listening at http://0.0.0.0:43933
2019-07-14 08:36:41,235 INFO  ozone.HddsDatanodeService (HddsDatanodeService.java:startPlugins(396)) - Started plug-in org.apache.hadoop.ozone.web.OzoneHddsDatanodeService@18711946
2019-07-14 08:36:41,236 INFO  impl.MetricsSystemImpl (MetricsSystemImpl.java:init(158)) - HddsDatanode metrics system started (again)
2019-07-14 08:36:41,239 INFO  ozone.HddsDatanodeService (HddsDatanodeService.java:start(185)) - HddsDatanodeService host:trunk-nightly-5z2vd-27108033 ip:192.168.5.191
2019-07-14 08:36:41,240 INFO  util.JvmPauseMonitor (JvmPauseMonitor.java:run(188)) - Starting JVM pause monitor
2019-07-14 08:36:41,241 INFO  datanode.InitDatanodeState (InitDatanodeState.java:persistContainerDatanodeDetails(140)) - DatanodeDetails is persisted to /workdir/hadoop-ozone/integration-test/target/test-dir/MiniOzoneClusterImpl-d4d9d1d5-6826-40d2-ba25-7fec43350d72/datanode-4/meta/datanode.id
2019-07-14 08:36:41,250 INFO  volume.HddsVolume (HddsVolume.java:<init>(176)) - Creating Volume: /workdir/hadoop-ozone/integration-test/target/test-dir/MiniOzoneClusterImpl-d4d9d1d5-6826-40d2-ba25-7fec43350d72/datanode-5/data/containers/hdds of  storage type : DISK and capacity : 52710309888
2019-07-14 08:36:41,250 INFO  volume.VolumeSet (VolumeSet.java:initializeVolumeSet(170)) - Added Volume : /workdir/hadoop-ozone/integration-test/target/test-dir/MiniOzoneClusterImpl-d4d9d1d5-6826-40d2-ba25-7fec43350d72/datanode-5/data/containers/hdds to VolumeSet
2019-07-14 08:36:41,251 INFO  volume.ThrottledAsyncChecker (ThrottledAsyncChecker.java:schedule(140)) - Scheduling a check for org.apache.hadoop.ozone.container.common.volume.HddsVolume@69e23e94
2019-07-14 08:36:41,251 INFO  volume.HddsVolumeChecker (HddsVolumeChecker.java:checkAllVolumes(203)) - Scheduled health check for volume org.apache.hadoop.ozone.container.common.volume.HddsVolume@69e23e94
2019-07-14 08:36:41,268 INFO  impl.RaftServerProxy (ConfUtils.java:logGet(43)) - raft.rpc.type = GRPC (default)
2019-07-14 08:36:41,269 INFO  grpc.GrpcFactory (GrpcFactory.java:checkPooledByteBufAllocatorUseCacheForAllThreads(45)) - PERFORMANCE WARNING: useCacheForAllThreads is true that may cause Netty to create a lot garbage objects and, as a result, trigger GC.
	It is recommended to disable useCacheForAllThreads by setting -Dorg.apache.ratis.thirdparty.io.netty.allocator.useCacheForAllThreads=false in command line.
2019-07-14 08:36:41,269 INFO  grpc.GrpcConfigKeys$Server (ConfUtils.java:logGet(43)) - raft.grpc.server.port = 0 (default)
2019-07-14 08:36:41,269 INFO  server.GrpcService (ConfUtils.java:logGet(43)) - raft.grpc.message.size.max = 33570816 (custom)
2019-07-14 08:36:41,269 INFO  server.RaftServerConfigKeys (ConfUtils.java:logGet(43)) - raft.server.log.appender.buffer.byte-limit = 33554432 (custom)
2019-07-14 08:36:41,269 INFO  server.GrpcService (ConfUtils.java:logGet(43)) - raft.grpc.flow.control.window = 1MB (=1048576) (default)
2019-07-14 08:36:41,270 INFO  server.RaftServerConfigKeys (ConfUtils.java:logGet(43)) - raft.server.rpc.request.timeout = 3000ms (default)
2019-07-14 08:36:41,270 INFO  server.RaftServerConfigKeys (ConfUtils.java:logGet(43)) - raft.server.storage.dir = [/workdir/hadoop-ozone/integration-test/target/test-dir/MiniOzoneClusterImpl-d4d9d1d5-6826-40d2-ba25-7fec43350d72/datanode-5/data/ratis] (custom)
2019-07-14 08:36:41,271 INFO  replication.SimpleContainerDownloader (SimpleContainerDownloader.java:<init>(72)) - Starting container downloader service to copy containers to replicate.
2019-07-14 08:36:41,272 INFO  hdfs.DFSUtil (DFSUtil.java:httpServerTemplateForNNAndJN(1641)) - Starting Web-server for hddsDatanode at: http://0.0.0.0:0
2019-07-14 08:36:41,274 INFO  server.AuthenticationFilter (AuthenticationFilter.java:constructSecretProvider(240)) - Unable to initialize FileSignerSecretProvider, falling back to use random secrets.
2019-07-14 08:36:41,275 WARN  http.HttpRequestLog (HttpRequestLog.java:getRequestLog(97)) - Jetty request log can only be enabled using Log4j
2019-07-14 08:36:41,277 INFO  http.HttpServer2 (HttpServer2.java:addGlobalFilter(975)) - Added global filter 'safety' (class=org.apache.hadoop.http.HttpServer2$QuotingInputFilter)
2019-07-14 08:36:41,278 INFO  http.HttpServer2 (HttpServer2.java:addFilter(948)) - Added filter static_user_filter (class=org.apache.hadoop.http.lib.StaticUserWebFilter$StaticUserFilter) to context hddsDatanode
2019-07-14 08:36:41,278 INFO  http.HttpServer2 (HttpServer2.java:addFilter(958)) - Added filter static_user_filter (class=org.apache.hadoop.http.lib.StaticUserWebFilter$StaticUserFilter) to context logs
2019-07-14 08:36:41,278 INFO  http.HttpServer2 (HttpServer2.java:addFilter(958)) - Added filter static_user_filter (class=org.apache.hadoop.http.lib.StaticUserWebFilter$StaticUserFilter) to context static
2019-07-14 08:36:41,279 INFO  http.HttpServer2 (HttpServer2.java:bindListener(1191)) - Jetty bound to port 35501
2019-07-14 08:36:41,279 INFO  server.Server (Server.java:doStart(351)) - jetty-9.3.24.v20180605, build timestamp: 2018-06-05T17:11:56Z, git hash: 84205aa28f11a4f31f2a3b86d1bba2cc8ab69827
2019-07-14 08:36:41,281 INFO  handler.ContextHandler (ContextHandler.java:doStart(781)) - Started o.e.j.s.ServletContextHandler@4110ffe5{/logs,file:///workdir/hadoop-ozone/integration-test/target/log,AVAILABLE}
2019-07-14 08:36:41,282 INFO  handler.ContextHandler (ContextHandler.java:doStart(781)) - Started o.e.j.s.ServletContextHandler@4981b83{/static,jar:file:/home/user/.m2/repository/org/apache/hadoop/hadoop-hdds-container-service/0.5.0-SNAPSHOT/hadoop-hdds-container-service-0.5.0-SNAPSHOT.jar!/webapps/static,AVAILABLE}
2019-07-14 08:36:41,324 INFO  handler.ContextHandler (ContextHandler.java:doStart(781)) - Started o.e.j.w.WebAppContext@5b5e45bc{/,file:///tmp/jetty-0.0.0.0-35501-hddsDatanode-_-any-3315097177575297301.dir/webapp/,AVAILABLE}{/hddsDatanode}
2019-07-14 08:36:41,324 INFO  server.AbstractConnector (AbstractConnector.java:doStart(278)) - Started ServerConnector@10c1682b{HTTP/1.1,[http/1.1]}{0.0.0.0:35501}
2019-07-14 08:36:41,326 INFO  server.Server (Server.java:doStart(419)) - Started @559551ms
2019-07-14 08:36:41,327 INFO  server.BaseHttpServer (BaseHttpServer.java:updateConnectorAddress(207)) - HTTP server of HDDSDATANODE is listening at http://0.0.0.0:35501
2019-07-14 08:36:41,443 INFO  ozone.HddsDatanodeService (HddsDatanodeService.java:startPlugins(396)) - Started plug-in org.apache.hadoop.ozone.web.OzoneHddsDatanodeService@2ee5fe1e
2019-07-14 08:36:41,444 INFO  impl.MetricsSystemImpl (MetricsSystemImpl.java:init(158)) - HddsDatanode metrics system started (again)
2019-07-14 08:36:41,446 INFO  ozone.HddsDatanodeService (HddsDatanodeService.java:start(185)) - HddsDatanodeService host:trunk-nightly-5z2vd-27108033 ip:192.168.5.191
2019-07-14 08:36:41,447 INFO  util.JvmPauseMonitor (JvmPauseMonitor.java:run(188)) - Starting JVM pause monitor
2019-07-14 08:36:41,449 INFO  datanode.InitDatanodeState (InitDatanodeState.java:persistContainerDatanodeDetails(140)) - DatanodeDetails is persisted to /workdir/hadoop-ozone/integration-test/target/test-dir/MiniOzoneClusterImpl-d4d9d1d5-6826-40d2-ba25-7fec43350d72/datanode-5/meta/datanode.id
2019-07-14 08:36:41,457 INFO  volume.HddsVolume (HddsVolume.java:<init>(176)) - Creating Volume: /workdir/hadoop-ozone/integration-test/target/test-dir/MiniOzoneClusterImpl-d4d9d1d5-6826-40d2-ba25-7fec43350d72/datanode-6/data/containers/hdds of  storage type : DISK and capacity : 52710309888
2019-07-14 08:36:41,457 INFO  volume.VolumeSet (VolumeSet.java:initializeVolumeSet(170)) - Added Volume : /workdir/hadoop-ozone/integration-test/target/test-dir/MiniOzoneClusterImpl-d4d9d1d5-6826-40d2-ba25-7fec43350d72/datanode-6/data/containers/hdds to VolumeSet
2019-07-14 08:36:41,457 INFO  volume.ThrottledAsyncChecker (ThrottledAsyncChecker.java:schedule(140)) - Scheduling a check for org.apache.hadoop.ozone.container.common.volume.HddsVolume@1bb3e150
2019-07-14 08:36:41,458 INFO  volume.HddsVolumeChecker (HddsVolumeChecker.java:checkAllVolumes(203)) - Scheduled health check for volume org.apache.hadoop.ozone.container.common.volume.HddsVolume@1bb3e150
2019-07-14 08:36:41,472 INFO  impl.RaftServerProxy (ConfUtils.java:logGet(43)) - raft.rpc.type = GRPC (default)
2019-07-14 08:36:41,472 INFO  grpc.GrpcFactory (GrpcFactory.java:checkPooledByteBufAllocatorUseCacheForAllThreads(45)) - PERFORMANCE WARNING: useCacheForAllThreads is true that may cause Netty to create a lot garbage objects and, as a result, trigger GC.
	It is recommended to disable useCacheForAllThreads by setting -Dorg.apache.ratis.thirdparty.io.netty.allocator.useCacheForAllThreads=false in command line.
2019-07-14 08:36:41,472 INFO  grpc.GrpcConfigKeys$Server (ConfUtils.java:logGet(43)) - raft.grpc.server.port = 0 (default)
2019-07-14 08:36:41,472 INFO  server.GrpcService (ConfUtils.java:logGet(43)) - raft.grpc.message.size.max = 33570816 (custom)
2019-07-14 08:36:41,473 INFO  server.RaftServerConfigKeys (ConfUtils.java:logGet(43)) - raft.server.log.appender.buffer.byte-limit = 33554432 (custom)
2019-07-14 08:36:41,473 INFO  server.GrpcService (ConfUtils.java:logGet(43)) - raft.grpc.flow.control.window = 1MB (=1048576) (default)
2019-07-14 08:36:41,473 INFO  server.RaftServerConfigKeys (ConfUtils.java:logGet(43)) - raft.server.rpc.request.timeout = 3000ms (default)
2019-07-14 08:36:41,473 INFO  server.RaftServerConfigKeys (ConfUtils.java:logGet(43)) - raft.server.storage.dir = [/workdir/hadoop-ozone/integration-test/target/test-dir/MiniOzoneClusterImpl-d4d9d1d5-6826-40d2-ba25-7fec43350d72/datanode-6/data/ratis] (custom)
2019-07-14 08:36:41,474 INFO  replication.SimpleContainerDownloader (SimpleContainerDownloader.java:<init>(72)) - Starting container downloader service to copy containers to replicate.
2019-07-14 08:36:41,475 INFO  hdfs.DFSUtil (DFSUtil.java:httpServerTemplateForNNAndJN(1641)) - Starting Web-server for hddsDatanode at: http://0.0.0.0:0
2019-07-14 08:36:41,476 INFO  server.AuthenticationFilter (AuthenticationFilter.java:constructSecretProvider(240)) - Unable to initialize FileSignerSecretProvider, falling back to use random secrets.
2019-07-14 08:36:41,476 WARN  http.HttpRequestLog (HttpRequestLog.java:getRequestLog(97)) - Jetty request log can only be enabled using Log4j
2019-07-14 08:36:41,477 INFO  http.HttpServer2 (HttpServer2.java:addGlobalFilter(975)) - Added global filter 'safety' (class=org.apache.hadoop.http.HttpServer2$QuotingInputFilter)
2019-07-14 08:36:41,478 INFO  http.HttpServer2 (HttpServer2.java:addFilter(948)) - Added filter static_user_filter (class=org.apache.hadoop.http.lib.StaticUserWebFilter$StaticUserFilter) to context hddsDatanode
2019-07-14 08:36:41,478 INFO  http.HttpServer2 (HttpServer2.java:addFilter(958)) - Added filter static_user_filter (class=org.apache.hadoop.http.lib.StaticUserWebFilter$StaticUserFilter) to context logs
2019-07-14 08:36:41,478 INFO  http.HttpServer2 (HttpServer2.java:addFilter(958)) - Added filter static_user_filter (class=org.apache.hadoop.http.lib.StaticUserWebFilter$StaticUserFilter) to context static
2019-07-14 08:36:41,478 INFO  http.HttpServer2 (HttpServer2.java:bindListener(1191)) - Jetty bound to port 35597
2019-07-14 08:36:41,478 INFO  server.Server (Server.java:doStart(351)) - jetty-9.3.24.v20180605, build timestamp: 2018-06-05T17:11:56Z, git hash: 84205aa28f11a4f31f2a3b86d1bba2cc8ab69827
2019-07-14 08:36:41,480 INFO  handler.ContextHandler (ContextHandler.java:doStart(781)) - Started o.e.j.s.ServletContextHandler@7a085d02{/logs,file:///workdir/hadoop-ozone/integration-test/target/log,AVAILABLE}
2019-07-14 08:36:41,481 INFO  handler.ContextHandler (ContextHandler.java:doStart(781)) - Started o.e.j.s.ServletContextHandler@7842260f{/static,jar:file:/home/user/.m2/repository/org/apache/hadoop/hadoop-hdds-container-service/0.5.0-SNAPSHOT/hadoop-hdds-container-service-0.5.0-SNAPSHOT.jar!/webapps/static,AVAILABLE}
2019-07-14 08:36:41,507 INFO  handler.ContextHandler (ContextHandler.java:doStart(781)) - Started o.e.j.w.WebAppContext@7641c4e7{/,file:///tmp/jetty-0.0.0.0-35597-hddsDatanode-_-any-6043542054009457298.dir/webapp/,AVAILABLE}{/hddsDatanode}
2019-07-14 08:36:41,507 INFO  server.AbstractConnector (AbstractConnector.java:doStart(278)) - Started ServerConnector@650a0b50{HTTP/1.1,[http/1.1]}{0.0.0.0:35597}
2019-07-14 08:36:41,509 INFO  server.Server (Server.java:doStart(419)) - Started @559734ms
2019-07-14 08:36:41,510 INFO  server.BaseHttpServer (BaseHttpServer.java:updateConnectorAddress(207)) - HTTP server of HDDSDATANODE is listening at http://0.0.0.0:35597
2019-07-14 08:36:41,655 INFO  ozone.HddsDatanodeService (HddsDatanodeService.java:startPlugins(396)) - Started plug-in org.apache.hadoop.ozone.web.OzoneHddsDatanodeService@1a13b5c1
2019-07-14 08:36:41,656 INFO  ozone.MiniOzoneClusterImpl (MiniOzoneClusterImpl.java:lambda$waitForClusterToBeReady$0(142)) - Waiting for cluster to be ready. Got 0 of 7 DN Heartbeats.
2019-07-14 08:36:41,667 INFO  util.JvmPauseMonitor (JvmPauseMonitor.java:run(188)) - Starting JVM pause monitor
2019-07-14 08:36:41,670 INFO  datanode.InitDatanodeState (InitDatanodeState.java:persistContainerDatanodeDetails(140)) - DatanodeDetails is persisted to /workdir/hadoop-ozone/integration-test/target/test-dir/MiniOzoneClusterImpl-d4d9d1d5-6826-40d2-ba25-7fec43350d72/datanode-6/meta/datanode.id
2019-07-14 08:36:42,530 INFO  ozoneimpl.OzoneContainer (OzoneContainer.java:start(186)) - Attempting to start container services.
2019-07-14 08:36:42,531 INFO  ozoneimpl.OzoneContainer (OzoneContainer.java:startContainerScrub(160)) - Background container scrubber has been disabled by hdds.containerscrub.enabled
2019-07-14 08:36:42,531 INFO  ratis.XceiverServerRatis (XceiverServerRatis.java:start(418)) - Starting XceiverServerRatis c20c3292-948d-4bbf-bd7e-6b3b697d6238 at port 0
2019-07-14 08:36:42,542 INFO  impl.RaftServerProxy (RaftServerProxy.java:lambda$start$3(299)) - c20c3292-948d-4bbf-bd7e-6b3b697d6238: start RPC server
2019-07-14 08:36:42,545 INFO  server.GrpcService (GrpcService.java:startImpl(149)) - c20c3292-948d-4bbf-bd7e-6b3b697d6238: GrpcService started, listening on 0.0.0.0/0.0.0.0:40518
2019-07-14 08:36:42,545 INFO  ratis.XceiverServerRatis (XceiverServerRatis.java:start(428)) - XceiverServerRatis c20c3292-948d-4bbf-bd7e-6b3b697d6238 is started using port 40518
2019-07-14 08:36:42,553 INFO  server.XceiverServerGrpc (XceiverServerGrpc.java:start(161)) - XceiverServerGrpc c20c3292-948d-4bbf-bd7e-6b3b697d6238 is started using port 36270
2019-07-14 08:36:42,657 INFO  ozone.MiniOzoneClusterImpl (MiniOzoneClusterImpl.java:lambda$waitForClusterToBeReady$0(142)) - Waiting for cluster to be ready. Got 0 of 7 DN Heartbeats.
2019-07-14 08:36:42,709 INFO  ozoneimpl.OzoneContainer (OzoneContainer.java:start(186)) - Attempting to start container services.
2019-07-14 08:36:42,709 INFO  ozoneimpl.OzoneContainer (OzoneContainer.java:startContainerScrub(160)) - Background container scrubber has been disabled by hdds.containerscrub.enabled
2019-07-14 08:36:42,709 INFO  ratis.XceiverServerRatis (XceiverServerRatis.java:start(418)) - Starting XceiverServerRatis 15bf218b-f591-44d2-b923-e6c91f666683 at port 0
2019-07-14 08:36:42,719 INFO  impl.RaftServerProxy (RaftServerProxy.java:lambda$start$3(299)) - 15bf218b-f591-44d2-b923-e6c91f666683: start RPC server
2019-07-14 08:36:42,722 INFO  server.GrpcService (GrpcService.java:startImpl(149)) - 15bf218b-f591-44d2-b923-e6c91f666683: GrpcService started, listening on 0.0.0.0/0.0.0.0:39583
2019-07-14 08:36:42,722 INFO  ratis.XceiverServerRatis (XceiverServerRatis.java:start(428)) - XceiverServerRatis 15bf218b-f591-44d2-b923-e6c91f666683 is started using port 39583
2019-07-14 08:36:42,722 INFO  server.XceiverServerGrpc (XceiverServerGrpc.java:start(161)) - XceiverServerGrpc 15bf218b-f591-44d2-b923-e6c91f666683 is started using port 45010
2019-07-14 08:36:42,891 INFO  ozoneimpl.OzoneContainer (OzoneContainer.java:start(186)) - Attempting to start container services.
2019-07-14 08:36:42,891 INFO  ozoneimpl.OzoneContainer (OzoneContainer.java:startContainerScrub(160)) - Background container scrubber has been disabled by hdds.containerscrub.enabled
2019-07-14 08:36:42,891 INFO  ratis.XceiverServerRatis (XceiverServerRatis.java:start(418)) - Starting XceiverServerRatis 9c20c9b5-9357-4e10-a431-87958d826eb0 at port 0
2019-07-14 08:36:42,901 INFO  impl.RaftServerProxy (RaftServerProxy.java:lambda$start$3(299)) - 9c20c9b5-9357-4e10-a431-87958d826eb0: start RPC server
2019-07-14 08:36:42,902 INFO  server.GrpcService (GrpcService.java:startImpl(149)) - 9c20c9b5-9357-4e10-a431-87958d826eb0: GrpcService started, listening on 0.0.0.0/0.0.0.0:36548
2019-07-14 08:36:42,902 INFO  ratis.XceiverServerRatis (XceiverServerRatis.java:start(428)) - XceiverServerRatis 9c20c9b5-9357-4e10-a431-87958d826eb0 is started using port 36548
2019-07-14 08:36:42,905 INFO  server.XceiverServerGrpc (XceiverServerGrpc.java:start(161)) - XceiverServerGrpc 9c20c9b5-9357-4e10-a431-87958d826eb0 is started using port 37792
2019-07-14 08:36:43,059 INFO  ozoneimpl.OzoneContainer (OzoneContainer.java:start(186)) - Attempting to start container services.
2019-07-14 08:36:43,060 INFO  ozoneimpl.OzoneContainer (OzoneContainer.java:startContainerScrub(160)) - Background container scrubber has been disabled by hdds.containerscrub.enabled
2019-07-14 08:36:43,060 INFO  ratis.XceiverServerRatis (XceiverServerRatis.java:start(418)) - Starting XceiverServerRatis 3d6e09b0-71ac-4bd1-9ea8-f038f205ef52 at port 0
2019-07-14 08:36:43,069 INFO  impl.RaftServerProxy (RaftServerProxy.java:lambda$start$3(299)) - 3d6e09b0-71ac-4bd1-9ea8-f038f205ef52: start RPC server
2019-07-14 08:36:43,072 INFO  server.GrpcService (GrpcService.java:startImpl(149)) - 3d6e09b0-71ac-4bd1-9ea8-f038f205ef52: GrpcService started, listening on 0.0.0.0/0.0.0.0:44791
2019-07-14 08:36:43,072 INFO  ratis.XceiverServerRatis (XceiverServerRatis.java:start(428)) - XceiverServerRatis 3d6e09b0-71ac-4bd1-9ea8-f038f205ef52 is started using port 44791
2019-07-14 08:36:43,072 INFO  server.XceiverServerGrpc (XceiverServerGrpc.java:start(161)) - XceiverServerGrpc 3d6e09b0-71ac-4bd1-9ea8-f038f205ef52 is started using port 39541
2019-07-14 08:36:43,254 INFO  ozoneimpl.OzoneContainer (OzoneContainer.java:start(186)) - Attempting to start container services.
2019-07-14 08:36:43,255 INFO  ozoneimpl.OzoneContainer (OzoneContainer.java:startContainerScrub(160)) - Background container scrubber has been disabled by hdds.containerscrub.enabled
2019-07-14 08:36:43,255 INFO  ratis.XceiverServerRatis (XceiverServerRatis.java:start(418)) - Starting XceiverServerRatis 222b7c1d-42ae-4fb6-8ca0-57306d8bd07f at port 0
2019-07-14 08:36:43,264 INFO  impl.RaftServerProxy (RaftServerProxy.java:lambda$start$3(299)) - 222b7c1d-42ae-4fb6-8ca0-57306d8bd07f: start RPC server
2019-07-14 08:36:43,266 INFO  server.GrpcService (GrpcService.java:startImpl(149)) - 222b7c1d-42ae-4fb6-8ca0-57306d8bd07f: GrpcService started, listening on 0.0.0.0/0.0.0.0:33127
2019-07-14 08:36:43,266 INFO  ratis.XceiverServerRatis (XceiverServerRatis.java:start(428)) - XceiverServerRatis 222b7c1d-42ae-4fb6-8ca0-57306d8bd07f is started using port 33127
2019-07-14 08:36:43,267 INFO  server.XceiverServerGrpc (XceiverServerGrpc.java:start(161)) - XceiverServerGrpc 222b7c1d-42ae-4fb6-8ca0-57306d8bd07f is started using port 39188
2019-07-14 08:36:43,453 INFO  ozoneimpl.OzoneContainer (OzoneContainer.java:start(186)) - Attempting to start container services.
2019-07-14 08:36:43,454 INFO  ozoneimpl.OzoneContainer (OzoneContainer.java:startContainerScrub(160)) - Background container scrubber has been disabled by hdds.containerscrub.enabled
2019-07-14 08:36:43,454 INFO  ratis.XceiverServerRatis (XceiverServerRatis.java:start(418)) - Starting XceiverServerRatis d8f94c70-e4ac-469c-9d6c-ddc9f8f48866 at port 0
2019-07-14 08:36:43,464 INFO  impl.RaftServerProxy (RaftServerProxy.java:lambda$start$3(299)) - d8f94c70-e4ac-469c-9d6c-ddc9f8f48866: start RPC server
2019-07-14 08:36:43,479 INFO  server.GrpcService (GrpcService.java:startImpl(149)) - d8f94c70-e4ac-469c-9d6c-ddc9f8f48866: GrpcService started, listening on 0.0.0.0/0.0.0.0:39033
2019-07-14 08:36:43,479 INFO  ratis.XceiverServerRatis (XceiverServerRatis.java:start(428)) - XceiverServerRatis d8f94c70-e4ac-469c-9d6c-ddc9f8f48866 is started using port 39033
2019-07-14 08:36:43,479 INFO  server.XceiverServerGrpc (XceiverServerGrpc.java:start(161)) - XceiverServerGrpc d8f94c70-e4ac-469c-9d6c-ddc9f8f48866 is started using port 38088
2019-07-14 08:36:43,658 INFO  ozone.MiniOzoneClusterImpl (MiniOzoneClusterImpl.java:lambda$waitForClusterToBeReady$0(142)) - Waiting for cluster to be ready. Got 0 of 7 DN Heartbeats.
2019-07-14 08:36:43,673 INFO  ozoneimpl.OzoneContainer (OzoneContainer.java:start(186)) - Attempting to start container services.
2019-07-14 08:36:43,673 INFO  ozoneimpl.OzoneContainer (OzoneContainer.java:startContainerScrub(160)) - Background container scrubber has been disabled by hdds.containerscrub.enabled
2019-07-14 08:36:43,674 INFO  ratis.XceiverServerRatis (XceiverServerRatis.java:start(418)) - Starting XceiverServerRatis f94c9d11-4a66-4c5b-82e4-ebde518e5a4f at port 0
2019-07-14 08:36:43,683 INFO  impl.RaftServerProxy (RaftServerProxy.java:lambda$start$3(299)) - f94c9d11-4a66-4c5b-82e4-ebde518e5a4f: start RPC server
2019-07-14 08:36:43,684 INFO  server.GrpcService (GrpcService.java:startImpl(149)) - f94c9d11-4a66-4c5b-82e4-ebde518e5a4f: GrpcService started, listening on 0.0.0.0/0.0.0.0:39966
2019-07-14 08:36:43,684 INFO  ratis.XceiverServerRatis (XceiverServerRatis.java:start(428)) - XceiverServerRatis f94c9d11-4a66-4c5b-82e4-ebde518e5a4f is started using port 39966
2019-07-14 08:36:43,685 INFO  server.XceiverServerGrpc (XceiverServerGrpc.java:start(161)) - XceiverServerGrpc f94c9d11-4a66-4c5b-82e4-ebde518e5a4f is started using port 36886
2019-07-14 08:36:44,516 INFO  net.NetworkTopology (NetworkTopologyImpl.java:add(110)) - Added a new node: /default-rack/192.168.5.191
2019-07-14 08:36:44,519 INFO  node.SCMNodeManager (SCMNodeManager.java:register(269)) - Registered Data node : c20c3292-948d-4bbf-bd7e-6b3b697d6238{ip: 192.168.5.191, host: trunk-nightly-5z2vd-27108033, networkLocation: /default-rack, certSerialId: null}
2019-07-14 08:36:44,520 INFO  safemode.SCMSafeModeManager (DataNodeSafeModeRule.java:process(71)) - SCM in safe mode. 1 DataNodes registered, 1 required.
2019-07-14 08:36:44,523 INFO  safemode.SCMSafeModeManager (SCMSafeModeManager.java:validateSafeModeExitRules(177)) - ScmSafeModeManager, all rules are successfully validated
2019-07-14 08:36:44,523 INFO  safemode.SCMSafeModeManager (SCMSafeModeManager.java:exitSafeMode(193)) - SCM exiting safe mode.
2019-07-14 08:36:44,557 INFO  impl.RaftServerProxy (RaftServerProxy.java:addNew(89)) - c20c3292-948d-4bbf-bd7e-6b3b697d6238: addNew group-BB2224A8FD83:[c20c3292-948d-4bbf-bd7e-6b3b697d6238:192.168.5.191:40518] returns group-BB2224A8FD83:java.util.concurrent.CompletableFuture@1fbc480f[Not completed]
2019-07-14 08:36:44,560 INFO  impl.RaftServerImpl (RaftServerImpl.java:<init>(93)) - c20c3292-948d-4bbf-bd7e-6b3b697d6238: new RaftServerImpl for group-BB2224A8FD83:[c20c3292-948d-4bbf-bd7e-6b3b697d6238:192.168.5.191:40518] with ContainerStateMachine:uninitialized
2019-07-14 08:36:44,560 INFO  server.RaftServerConfigKeys (ConfUtils.java:logGet(43)) - raft.server.rpc.timeout.min = 5s (custom)
2019-07-14 08:36:44,560 INFO  server.RaftServerConfigKeys (ConfUtils.java:logGet(43)) - raft.server.rpc.timeout.max = 5200ms (custom)
2019-07-14 08:36:44,560 INFO  server.RaftServerConfigKeys (ConfUtils.java:logGet(43)) - raft.server.rpcslowness.timeout = 120s (custom)
2019-07-14 08:36:44,560 INFO  server.RaftServerConfigKeys (ConfUtils.java:logGet(43)) - raft.server.sleep.deviation.threshold = 300 (default)
2019-07-14 08:36:44,561 INFO  server.RaftServerConfigKeys (ConfUtils.java:logGet(43)) - raft.server.log.appender.install.snapshot.enabled = false (custom)
2019-07-14 08:36:44,561 INFO  impl.RaftServerImpl (ServerState.java:<init>(105)) - c20c3292-948d-4bbf-bd7e-6b3b697d6238:group-BB2224A8FD83 ConfigurationManager, init=-1: [c20c3292-948d-4bbf-bd7e-6b3b697d6238:192.168.5.191:40518], old=null, confs=<EMPTY_MAP>
2019-07-14 08:36:44,561 INFO  server.RaftServerConfigKeys (ConfUtils.java:logGet(43)) - raft.server.storage.dir = [/workdir/hadoop-ozone/integration-test/target/test-dir/MiniOzoneClusterImpl-d4d9d1d5-6826-40d2-ba25-7fec43350d72/datanode-0/data/ratis] (custom)
2019-07-14 08:36:44,562 INFO  storage.RaftStorageDirectory (RaftStorageDirectory.java:analyzeStorage(246)) - The storage directory /workdir/hadoop-ozone/integration-test/target/test-dir/MiniOzoneClusterImpl-d4d9d1d5-6826-40d2-ba25-7fec43350d72/datanode-0/data/ratis/2930a69b-05f1-4ae4-add6-bb2224a8fd83 does not exist. Creating ...
2019-07-14 08:36:44,567 INFO  storage.RaftStorageDirectory (RaftStorageDirectory.java:tryLock(328)) - Lock on /workdir/hadoop-ozone/integration-test/target/test-dir/MiniOzoneClusterImpl-d4d9d1d5-6826-40d2-ba25-7fec43350d72/datanode-0/data/ratis/2930a69b-05f1-4ae4-add6-bb2224a8fd83/in_use.lock acquired by nodename 31844@trunk-nightly-5z2vd-27108033
2019-07-14 08:36:44,572 INFO  storage.RaftStorage (RaftStorage.java:format(72)) - Storage directory /workdir/hadoop-ozone/integration-test/target/test-dir/MiniOzoneClusterImpl-d4d9d1d5-6826-40d2-ba25-7fec43350d72/datanode-0/data/ratis/2930a69b-05f1-4ae4-add6-bb2224a8fd83 has been successfully formatted.
2019-07-14 08:36:44,572 INFO  ratis.ContainerStateMachine (ContainerStateMachine.java:loadSnapshot(200)) - group-BB2224A8FD83: The snapshot info is null. Setting the last applied indexto:(t:0, i:~)
2019-07-14 08:36:44,572 INFO  server.RaftServerConfigKeys (ConfUtils.java:logGet(43)) - raft.server.leader.election.timeout = 120s (custom)
2019-07-14 08:36:44,572 INFO  server.RaftServerConfigKeys (ConfUtils.java:logGet(43)) - raft.server.log.use.memory = false (default)
2019-07-14 08:36:44,573 INFO  server.RaftServerConfigKeys (ConfUtils.java:logGet(43)) - raft.server.log.purge.gap = 1000000000 (custom)
2019-07-14 08:36:44,573 INFO  server.RaftServerConfigKeys (ConfUtils.java:logGet(43)) - raft.server.log.appender.buffer.byte-limit = 33554432 (custom)
2019-07-14 08:36:44,573 INFO  server.RaftServerConfigKeys (ConfUtils.java:logGet(43)) - raft.server.log.segment.size.max = 1048576 (custom)
2019-07-14 08:36:44,573 INFO  server.RaftServerConfigKeys (ConfUtils.java:logGet(43)) - raft.server.log.segment.cache.num.max = 2 (custom)
2019-07-14 08:36:44,573 INFO  segmented.SegmentedRaftLogWorker (SegmentedRaftLogWorker.java:<init>(172)) - new c20c3292-948d-4bbf-bd7e-6b3b697d6238-SegmentedRaftLogWorker:Storage Directory /workdir/hadoop-ozone/integration-test/target/test-dir/MiniOzoneClusterImpl-d4d9d1d5-6826-40d2-ba25-7fec43350d72/datanode-0/data/ratis/2930a69b-05f1-4ae4-add6-bb2224a8fd83 for RaftStorage:Storage Directory /workdir/hadoop-ozone/integration-test/target/test-dir/MiniOzoneClusterImpl-d4d9d1d5-6826-40d2-ba25-7fec43350d72/datanode-0/data/ratis/2930a69b-05f1-4ae4-add6-bb2224a8fd83
2019-07-14 08:36:44,574 INFO  server.RaftServerConfigKeys (ConfUtils.java:logGet(43)) - raft.server.log.queue.byte-limit = 2147483647 (custom)
2019-07-14 08:36:44,574 INFO  server.RaftServerConfigKeys (ConfUtils.java:logGet(43)) - raft.server.log.queue.element-limit = 1024 (custom)
2019-07-14 08:36:44,574 INFO  server.RaftServerConfigKeys (ConfUtils.java:logGet(43)) - raft.server.log.segment.size.max = 1048576 (custom)
2019-07-14 08:36:44,575 INFO  server.RaftServerConfigKeys (ConfUtils.java:logGet(43)) - raft.server.log.preallocated.size = 16384 (custom)
2019-07-14 08:36:44,575 INFO  server.RaftServerConfigKeys (ConfUtils.java:logGet(43)) - raft.server.log.write.buffer.size = 33554432 (custom)
2019-07-14 08:36:44,575 INFO  server.RaftServerConfigKeys (ConfUtils.java:logGet(43)) - raft.server.log.force.sync.num = 128 (default)
2019-07-14 08:36:44,575 INFO  server.RaftServerConfigKeys (ConfUtils.java:logGet(43)) - raft.server.log.statemachine.data.sync = true (default)
2019-07-14 08:36:44,575 INFO  server.RaftServerConfigKeys (ConfUtils.java:logGet(43)) - raft.server.log.statemachine.data.sync.timeout = 10s (default)
2019-07-14 08:36:44,575 INFO  server.RaftServerConfigKeys (ConfUtils.java:logGet(43)) - raft.server.log.statemachine.data.sync.timeout.retry = -1 (default)
2019-07-14 08:36:44,576 INFO  server.RaftServerConfigKeys (ConfUtils.java:logGet(43)) - raft.server.log.statemachine.data.caching.enabled = true (custom)
2019-07-14 08:36:44,576 INFO  segmented.SegmentedRaftLogWorker (SegmentedRaftLogWorker.java:lambda$new$0(132)) - c20c3292-948d-4bbf-bd7e-6b3b697d6238-SegmentedRaftLogWorker:Storage Directory /workdir/hadoop-ozone/integration-test/target/test-dir/MiniOzoneClusterImpl-d4d9d1d5-6826-40d2-ba25-7fec43350d72/datanode-0/data/ratis/2930a69b-05f1-4ae4-add6-bb2224a8fd83: flushIndex: setUnconditionally 0 -> -1
2019-07-14 08:36:44,577 INFO  server.RaftServerConfigKeys (ConfUtils.java:logGet(43)) - raft.server.snapshot.auto.trigger.enabled = true (custom)
2019-07-14 08:36:44,577 INFO  server.RaftServerConfigKeys (ConfUtils.java:logGet(43)) - raft.server.snapshot.auto.trigger.threshold = 10000 (custom)
2019-07-14 08:36:44,577 INFO  server.RaftServerConfigKeys (ConfUtils.java:logGet(43)) - raft.server.retrycache.expirytime = 600000ms (custom)
2019-07-14 08:36:44,578 INFO  impl.RaftServerImpl (RaftServerImpl.java:start(180)) - c20c3292-948d-4bbf-bd7e-6b3b697d6238: start group-BB2224A8FD83
2019-07-14 08:36:44,578 INFO  impl.RaftServerImpl (RaftServerImpl.java:setRole(171)) - c20c3292-948d-4bbf-bd7e-6b3b697d6238:group-BB2224A8FD83 changes role from null to FOLLOWER at term 0 for startAsFollower
2019-07-14 08:36:44,578 INFO  impl.RoleInfo (RoleInfo.java:updateAndGet(143)) - c20c3292-948d-4bbf-bd7e-6b3b697d6238: start FollowerState
2019-07-14 08:36:44,580 INFO  util.JmxRegister (JmxRegister.java:tryRegister(44)) - Successfully registered JMX Bean with object name Ratis:service=RaftServer,group=group-BB2224A8FD83,id=c20c3292-948d-4bbf-bd7e-6b3b697d6238
2019-07-14 08:36:44,586 INFO  pipeline.PipelineStateManager (PipelineStateManager.java:addPipeline(56)) - Created pipeline Pipeline[ Id: 2930a69b-05f1-4ae4-add6-bb2224a8fd83, Nodes: c20c3292-948d-4bbf-bd7e-6b3b697d6238{ip: 192.168.5.191, host: trunk-nightly-5z2vd-27108033, networkLocation: /default-rack, certSerialId: null}, Type:RATIS, Factor:ONE, State:OPEN]
2019-07-14 08:36:44,659 INFO  ozone.MiniOzoneClusterImpl (MiniOzoneClusterImpl.java:lambda$waitForClusterToBeReady$0(142)) - Waiting for cluster to be ready. Got 1 of 7 DN Heartbeats.
2019-07-14 08:36:44,695 INFO  node.SCMNodeManager (SCMNodeManager.java:register(269)) - Registered Data node : 15bf218b-f591-44d2-b923-e6c91f666683{ip: 192.168.5.191, host: trunk-nightly-5z2vd-27108033, networkLocation: /default-rack, certSerialId: null}
2019-07-14 08:36:44,704 INFO  impl.RaftServerProxy (RaftServerProxy.java:addNew(89)) - 15bf218b-f591-44d2-b923-e6c91f666683: addNew group-7ECC7634C802:[15bf218b-f591-44d2-b923-e6c91f666683:192.168.5.191:39583] returns group-7ECC7634C802:java.util.concurrent.CompletableFuture@1408e227[Not completed]
2019-07-14 08:36:44,705 INFO  impl.RaftServerImpl (RaftServerImpl.java:<init>(93)) - 15bf218b-f591-44d2-b923-e6c91f666683: new RaftServerImpl for group-7ECC7634C802:[15bf218b-f591-44d2-b923-e6c91f666683:192.168.5.191:39583] with ContainerStateMachine:uninitialized
2019-07-14 08:36:44,705 INFO  server.RaftServerConfigKeys (ConfUtils.java:logGet(43)) - raft.server.rpc.timeout.min = 5s (custom)
2019-07-14 08:36:44,706 INFO  server.RaftServerConfigKeys (ConfUtils.java:logGet(43)) - raft.server.rpc.timeout.max = 5200ms (custom)
2019-07-14 08:36:44,706 INFO  server.RaftServerConfigKeys (ConfUtils.java:logGet(43)) - raft.server.rpcslowness.timeout = 120s (custom)
2019-07-14 08:36:44,706 INFO  server.RaftServerConfigKeys (ConfUtils.java:logGet(43)) - raft.server.sleep.deviation.threshold = 300 (default)
2019-07-14 08:36:44,706 INFO  server.RaftServerConfigKeys (ConfUtils.java:logGet(43)) - raft.server.log.appender.install.snapshot.enabled = false (custom)
2019-07-14 08:36:44,706 INFO  impl.RaftServerImpl (ServerState.java:<init>(105)) - 15bf218b-f591-44d2-b923-e6c91f666683:group-7ECC7634C802 ConfigurationManager, init=-1: [15bf218b-f591-44d2-b923-e6c91f666683:192.168.5.191:39583], old=null, confs=<EMPTY_MAP>
2019-07-14 08:36:44,706 INFO  server.RaftServerConfigKeys (ConfUtils.java:logGet(43)) - raft.server.storage.dir = [/workdir/hadoop-ozone/integration-test/target/test-dir/MiniOzoneClusterImpl-d4d9d1d5-6826-40d2-ba25-7fec43350d72/datanode-1/data/ratis] (custom)
2019-07-14 08:36:44,707 INFO  storage.RaftStorageDirectory (RaftStorageDirectory.java:analyzeStorage(246)) - The storage directory /workdir/hadoop-ozone/integration-test/target/test-dir/MiniOzoneClusterImpl-d4d9d1d5-6826-40d2-ba25-7fec43350d72/datanode-1/data/ratis/91a99986-75d5-4865-acdd-7ecc7634c802 does not exist. Creating ...
2019-07-14 08:36:44,711 INFO  storage.RaftStorageDirectory (RaftStorageDirectory.java:tryLock(328)) - Lock on /workdir/hadoop-ozone/integration-test/target/test-dir/MiniOzoneClusterImpl-d4d9d1d5-6826-40d2-ba25-7fec43350d72/datanode-1/data/ratis/91a99986-75d5-4865-acdd-7ecc7634c802/in_use.lock acquired by nodename 31844@trunk-nightly-5z2vd-27108033
2019-07-14 08:36:44,723 INFO  storage.RaftStorage (RaftStorage.java:format(72)) - Storage directory /workdir/hadoop-ozone/integration-test/target/test-dir/MiniOzoneClusterImpl-d4d9d1d5-6826-40d2-ba25-7fec43350d72/datanode-1/data/ratis/91a99986-75d5-4865-acdd-7ecc7634c802 has been successfully formatted.
2019-07-14 08:36:44,723 INFO  ratis.ContainerStateMachine (ContainerStateMachine.java:loadSnapshot(200)) - group-7ECC7634C802: The snapshot info is null. Setting the last applied indexto:(t:0, i:~)
2019-07-14 08:36:44,724 INFO  server.RaftServerConfigKeys (ConfUtils.java:logGet(43)) - raft.server.leader.election.timeout = 120s (custom)
2019-07-14 08:36:44,724 INFO  server.RaftServerConfigKeys (ConfUtils.java:logGet(43)) - raft.server.log.use.memory = false (default)
2019-07-14 08:36:44,724 INFO  server.RaftServerConfigKeys (ConfUtils.java:logGet(43)) - raft.server.log.purge.gap = 1000000000 (custom)
2019-07-14 08:36:44,724 INFO  server.RaftServerConfigKeys (ConfUtils.java:logGet(43)) - raft.server.log.appender.buffer.byte-limit = 33554432 (custom)
2019-07-14 08:36:44,724 INFO  server.RaftServerConfigKeys (ConfUtils.java:logGet(43)) - raft.server.log.segment.size.max = 1048576 (custom)
2019-07-14 08:36:44,724 INFO  server.RaftServerConfigKeys (ConfUtils.java:logGet(43)) - raft.server.log.segment.cache.num.max = 2 (custom)
2019-07-14 08:36:44,725 INFO  segmented.SegmentedRaftLogWorker (SegmentedRaftLogWorker.java:<init>(172)) - new 15bf218b-f591-44d2-b923-e6c91f666683-SegmentedRaftLogWorker:Storage Directory /workdir/hadoop-ozone/integration-test/target/test-dir/MiniOzoneClusterImpl-d4d9d1d5-6826-40d2-ba25-7fec43350d72/datanode-1/data/ratis/91a99986-75d5-4865-acdd-7ecc7634c802 for RaftStorage:Storage Directory /workdir/hadoop-ozone/integration-test/target/test-dir/MiniOzoneClusterImpl-d4d9d1d5-6826-40d2-ba25-7fec43350d72/datanode-1/data/ratis/91a99986-75d5-4865-acdd-7ecc7634c802
2019-07-14 08:36:44,725 INFO  server.RaftServerConfigKeys (ConfUtils.java:logGet(43)) - raft.server.log.queue.byte-limit = 2147483647 (custom)
2019-07-14 08:36:44,725 INFO  server.RaftServerConfigKeys (ConfUtils.java:logGet(43)) - raft.server.log.queue.element-limit = 1024 (custom)
2019-07-14 08:36:44,725 INFO  server.RaftServerConfigKeys (ConfUtils.java:logGet(43)) - raft.server.log.segment.size.max = 1048576 (custom)
2019-07-14 08:36:44,725 INFO  server.RaftServerConfigKeys (ConfUtils.java:logGet(43)) - raft.server.log.preallocated.size = 16384 (custom)
2019-07-14 08:36:44,726 INFO  server.RaftServerConfigKeys (ConfUtils.java:logGet(43)) - raft.server.log.write.buffer.size = 33554432 (custom)
2019-07-14 08:36:44,726 INFO  server.RaftServerConfigKeys (ConfUtils.java:logGet(43)) - raft.server.log.force.sync.num = 128 (default)
2019-07-14 08:36:44,726 INFO  server.RaftServerConfigKeys (ConfUtils.java:logGet(43)) - raft.server.log.statemachine.data.sync = true (default)
2019-07-14 08:36:44,726 INFO  server.RaftServerConfigKeys (ConfUtils.java:logGet(43)) - raft.server.log.statemachine.data.sync.timeout = 10s (default)
2019-07-14 08:36:44,726 INFO  server.RaftServerConfigKeys (ConfUtils.java:logGet(43)) - raft.server.log.statemachine.data.sync.timeout.retry = -1 (default)
2019-07-14 08:36:44,726 INFO  server.RaftServerConfigKeys (ConfUtils.java:logGet(43)) - raft.server.log.statemachine.data.caching.enabled = true (custom)
2019-07-14 08:36:44,727 INFO  segmented.SegmentedRaftLogWorker (SegmentedRaftLogWorker.java:lambda$new$0(132)) - 15bf218b-f591-44d2-b923-e6c91f666683-SegmentedRaftLogWorker:Storage Directory /workdir/hadoop-ozone/integration-test/target/test-dir/MiniOzoneClusterImpl-d4d9d1d5-6826-40d2-ba25-7fec43350d72/datanode-1/data/ratis/91a99986-75d5-4865-acdd-7ecc7634c802: flushIndex: setUnconditionally 0 -> -1
2019-07-14 08:36:44,727 INFO  server.RaftServerConfigKeys (ConfUtils.java:logGet(43)) - raft.server.snapshot.auto.trigger.enabled = true (custom)
2019-07-14 08:36:44,727 INFO  server.RaftServerConfigKeys (ConfUtils.java:logGet(43)) - raft.server.snapshot.auto.trigger.threshold = 10000 (custom)
2019-07-14 08:36:44,727 INFO  server.RaftServerConfigKeys (ConfUtils.java:logGet(43)) - raft.server.retrycache.expirytime = 600000ms (custom)
2019-07-14 08:36:44,728 INFO  impl.RaftServerImpl (RaftServerImpl.java:start(180)) - 15bf218b-f591-44d2-b923-e6c91f666683: start group-7ECC7634C802
2019-07-14 08:36:44,728 INFO  impl.RaftServerImpl (RaftServerImpl.java:setRole(171)) - 15bf218b-f591-44d2-b923-e6c91f666683:group-7ECC7634C802 changes role from null to FOLLOWER at term 0 for startAsFollower
2019-07-14 08:36:44,728 INFO  impl.RoleInfo (RoleInfo.java:updateAndGet(143)) - 15bf218b-f591-44d2-b923-e6c91f666683: start FollowerState
2019-07-14 08:36:44,729 INFO  util.JmxRegister (JmxRegister.java:tryRegister(44)) - Successfully registered JMX Bean with object name Ratis:service=RaftServer,group=group-7ECC7634C802,id=15bf218b-f591-44d2-b923-e6c91f666683
2019-07-14 08:36:44,734 INFO  pipeline.PipelineStateManager (PipelineStateManager.java:addPipeline(56)) - Created pipeline Pipeline[ Id: 91a99986-75d5-4865-acdd-7ecc7634c802, Nodes: 15bf218b-f591-44d2-b923-e6c91f666683{ip: 192.168.5.191, host: trunk-nightly-5z2vd-27108033, networkLocation: /default-rack, certSerialId: null}, Type:RATIS, Factor:ONE, State:OPEN]
2019-07-14 08:36:44,885 INFO  node.SCMNodeManager (SCMNodeManager.java:register(269)) - Registered Data node : 9c20c9b5-9357-4e10-a431-87958d826eb0{ip: 192.168.5.191, host: trunk-nightly-5z2vd-27108033, networkLocation: /default-rack, certSerialId: null}
2019-07-14 08:36:44,893 INFO  impl.RaftServerProxy (RaftServerProxy.java:addNew(89)) - 9c20c9b5-9357-4e10-a431-87958d826eb0: addNew group-E320AAD9F214:[9c20c9b5-9357-4e10-a431-87958d826eb0:192.168.5.191:36548] returns group-E320AAD9F214:java.util.concurrent.CompletableFuture@3d00fa8[Not completed]
2019-07-14 08:36:44,894 INFO  impl.RaftServerImpl (RaftServerImpl.java:<init>(93)) - 9c20c9b5-9357-4e10-a431-87958d826eb0: new RaftServerImpl for group-E320AAD9F214:[9c20c9b5-9357-4e10-a431-87958d826eb0:192.168.5.191:36548] with ContainerStateMachine:uninitialized
2019-07-14 08:36:44,895 INFO  server.RaftServerConfigKeys (ConfUtils.java:logGet(43)) - raft.server.rpc.timeout.min = 5s (custom)
2019-07-14 08:36:44,895 INFO  server.RaftServerConfigKeys (ConfUtils.java:logGet(43)) - raft.server.rpc.timeout.max = 5200ms (custom)
2019-07-14 08:36:44,895 INFO  server.RaftServerConfigKeys (ConfUtils.java:logGet(43)) - raft.server.rpcslowness.timeout = 120s (custom)
2019-07-14 08:36:44,895 INFO  server.RaftServerConfigKeys (ConfUtils.java:logGet(43)) - raft.server.sleep.deviation.threshold = 300 (default)
2019-07-14 08:36:44,895 INFO  server.RaftServerConfigKeys (ConfUtils.java:logGet(43)) - raft.server.log.appender.install.snapshot.enabled = false (custom)
2019-07-14 08:36:44,895 INFO  impl.RaftServerImpl (ServerState.java:<init>(105)) - 9c20c9b5-9357-4e10-a431-87958d826eb0:group-E320AAD9F214 ConfigurationManager, init=-1: [9c20c9b5-9357-4e10-a431-87958d826eb0:192.168.5.191:36548], old=null, confs=<EMPTY_MAP>
2019-07-14 08:36:44,896 INFO  server.RaftServerConfigKeys (ConfUtils.java:logGet(43)) - raft.server.storage.dir = [/workdir/hadoop-ozone/integration-test/target/test-dir/MiniOzoneClusterImpl-d4d9d1d5-6826-40d2-ba25-7fec43350d72/datanode-2/data/ratis] (custom)
2019-07-14 08:36:44,896 INFO  storage.RaftStorageDirectory (RaftStorageDirectory.java:analyzeStorage(246)) - The storage directory /workdir/hadoop-ozone/integration-test/target/test-dir/MiniOzoneClusterImpl-d4d9d1d5-6826-40d2-ba25-7fec43350d72/datanode-2/data/ratis/af8bf665-5452-4954-b809-e320aad9f214 does not exist. Creating ...
2019-07-14 08:36:44,901 INFO  storage.RaftStorageDirectory (RaftStorageDirectory.java:tryLock(328)) - Lock on /workdir/hadoop-ozone/integration-test/target/test-dir/MiniOzoneClusterImpl-d4d9d1d5-6826-40d2-ba25-7fec43350d72/datanode-2/data/ratis/af8bf665-5452-4954-b809-e320aad9f214/in_use.lock acquired by nodename 31844@trunk-nightly-5z2vd-27108033
2019-07-14 08:36:44,905 INFO  storage.RaftStorage (RaftStorage.java:format(72)) - Storage directory /workdir/hadoop-ozone/integration-test/target/test-dir/MiniOzoneClusterImpl-d4d9d1d5-6826-40d2-ba25-7fec43350d72/datanode-2/data/ratis/af8bf665-5452-4954-b809-e320aad9f214 has been successfully formatted.
2019-07-14 08:36:44,905 INFO  ratis.ContainerStateMachine (ContainerStateMachine.java:loadSnapshot(200)) - group-E320AAD9F214: The snapshot info is null. Setting the last applied indexto:(t:0, i:~)
2019-07-14 08:36:44,906 INFO  server.RaftServerConfigKeys (ConfUtils.java:logGet(43)) - raft.server.leader.election.timeout = 120s (custom)
2019-07-14 08:36:44,906 INFO  server.RaftServerConfigKeys (ConfUtils.java:logGet(43)) - raft.server.log.use.memory = false (default)
2019-07-14 08:36:44,906 INFO  server.RaftServerConfigKeys (ConfUtils.java:logGet(43)) - raft.server.log.purge.gap = 1000000000 (custom)
2019-07-14 08:36:44,906 INFO  server.RaftServerConfigKeys (ConfUtils.java:logGet(43)) - raft.server.log.appender.buffer.byte-limit = 33554432 (custom)
2019-07-14 08:36:44,906 INFO  server.RaftServerConfigKeys (ConfUtils.java:logGet(43)) - raft.server.log.segment.size.max = 1048576 (custom)
2019-07-14 08:36:44,906 INFO  server.RaftServerConfigKeys (ConfUtils.java:logGet(43)) - raft.server.log.segment.cache.num.max = 2 (custom)
2019-07-14 08:36:44,906 INFO  segmented.SegmentedRaftLogWorker (SegmentedRaftLogWorker.java:<init>(172)) - new 9c20c9b5-9357-4e10-a431-87958d826eb0-SegmentedRaftLogWorker:Storage Directory /workdir/hadoop-ozone/integration-test/target/test-dir/MiniOzoneClusterImpl-d4d9d1d5-6826-40d2-ba25-7fec43350d72/datanode-2/data/ratis/af8bf665-5452-4954-b809-e320aad9f214 for RaftStorage:Storage Directory /workdir/hadoop-ozone/integration-test/target/test-dir/MiniOzoneClusterImpl-d4d9d1d5-6826-40d2-ba25-7fec43350d72/datanode-2/data/ratis/af8bf665-5452-4954-b809-e320aad9f214
2019-07-14 08:36:44,907 INFO  server.RaftServerConfigKeys (ConfUtils.java:logGet(43)) - raft.server.log.queue.byte-limit = 2147483647 (custom)
2019-07-14 08:36:44,907 INFO  server.RaftServerConfigKeys (ConfUtils.java:logGet(43)) - raft.server.log.queue.element-limit = 1024 (custom)
2019-07-14 08:36:44,907 INFO  server.RaftServerConfigKeys (ConfUtils.java:logGet(43)) - raft.server.log.segment.size.max = 1048576 (custom)
2019-07-14 08:36:44,907 INFO  server.RaftServerConfigKeys (ConfUtils.java:logGet(43)) - raft.server.log.preallocated.size = 16384 (custom)
2019-07-14 08:36:44,907 INFO  server.RaftServerConfigKeys (ConfUtils.java:logGet(43)) - raft.server.log.write.buffer.size = 33554432 (custom)
2019-07-14 08:36:44,908 INFO  server.RaftServerConfigKeys (ConfUtils.java:logGet(43)) - raft.server.log.force.sync.num = 128 (default)
2019-07-14 08:36:44,908 INFO  server.RaftServerConfigKeys (ConfUtils.java:logGet(43)) - raft.server.log.statemachine.data.sync = true (default)
2019-07-14 08:36:44,908 INFO  server.RaftServerConfigKeys (ConfUtils.java:logGet(43)) - raft.server.log.statemachine.data.sync.timeout = 10s (default)
2019-07-14 08:36:44,908 INFO  server.RaftServerConfigKeys (ConfUtils.java:logGet(43)) - raft.server.log.statemachine.data.sync.timeout.retry = -1 (default)
2019-07-14 08:36:44,908 INFO  server.RaftServerConfigKeys (ConfUtils.java:logGet(43)) - raft.server.log.statemachine.data.caching.enabled = true (custom)
2019-07-14 08:36:44,909 INFO  segmented.SegmentedRaftLogWorker (SegmentedRaftLogWorker.java:lambda$new$0(132)) - 9c20c9b5-9357-4e10-a431-87958d826eb0-SegmentedRaftLogWorker:Storage Directory /workdir/hadoop-ozone/integration-test/target/test-dir/MiniOzoneClusterImpl-d4d9d1d5-6826-40d2-ba25-7fec43350d72/datanode-2/data/ratis/af8bf665-5452-4954-b809-e320aad9f214: flushIndex: setUnconditionally 0 -> -1
2019-07-14 08:36:44,909 INFO  server.RaftServerConfigKeys (ConfUtils.java:logGet(43)) - raft.server.snapshot.auto.trigger.enabled = true (custom)
2019-07-14 08:36:44,909 INFO  server.RaftServerConfigKeys (ConfUtils.java:logGet(43)) - raft.server.snapshot.auto.trigger.threshold = 10000 (custom)
2019-07-14 08:36:44,909 INFO  server.RaftServerConfigKeys (ConfUtils.java:logGet(43)) - raft.server.retrycache.expirytime = 600000ms (custom)
2019-07-14 08:36:44,910 INFO  impl.RaftServerImpl (RaftServerImpl.java:start(180)) - 9c20c9b5-9357-4e10-a431-87958d826eb0: start group-E320AAD9F214
2019-07-14 08:36:44,910 INFO  impl.RaftServerImpl (RaftServerImpl.java:setRole(171)) - 9c20c9b5-9357-4e10-a431-87958d826eb0:group-E320AAD9F214 changes role from null to FOLLOWER at term 0 for startAsFollower
2019-07-14 08:36:44,910 INFO  impl.RoleInfo (RoleInfo.java:updateAndGet(143)) - 9c20c9b5-9357-4e10-a431-87958d826eb0: start FollowerState
2019-07-14 08:36:44,910 INFO  util.JmxRegister (JmxRegister.java:tryRegister(44)) - Successfully registered JMX Bean with object name Ratis:service=RaftServer,group=group-E320AAD9F214,id=9c20c9b5-9357-4e10-a431-87958d826eb0
2019-07-14 08:36:44,917 INFO  pipeline.PipelineStateManager (PipelineStateManager.java:addPipeline(56)) - Created pipeline Pipeline[ Id: af8bf665-5452-4954-b809-e320aad9f214, Nodes: 9c20c9b5-9357-4e10-a431-87958d826eb0{ip: 192.168.5.191, host: trunk-nightly-5z2vd-27108033, networkLocation: /default-rack, certSerialId: null}, Type:RATIS, Factor:ONE, State:OPEN]
2019-07-14 08:36:44,930 INFO  impl.RaftServerProxy (RaftServerProxy.java:addNew(89)) - 9c20c9b5-9357-4e10-a431-87958d826eb0: addNew group-442727C201DD:[c20c3292-948d-4bbf-bd7e-6b3b697d6238:192.168.5.191:40518, 15bf218b-f591-44d2-b923-e6c91f666683:192.168.5.191:39583, 9c20c9b5-9357-4e10-a431-87958d826eb0:192.168.5.191:36548] returns group-442727C201DD:java.util.concurrent.CompletableFuture@63ac10f7[Not completed]
2019-07-14 08:36:44,930 INFO  impl.RaftServerProxy (RaftServerProxy.java:addNew(89)) - 15bf218b-f591-44d2-b923-e6c91f666683: addNew group-442727C201DD:[c20c3292-948d-4bbf-bd7e-6b3b697d6238:192.168.5.191:40518, 15bf218b-f591-44d2-b923-e6c91f666683:192.168.5.191:39583, 9c20c9b5-9357-4e10-a431-87958d826eb0:192.168.5.191:36548] returns group-442727C201DD:java.util.concurrent.CompletableFuture@396f7e0d[Not completed]
2019-07-14 08:36:44,930 INFO  impl.RaftServerProxy (RaftServerProxy.java:addNew(89)) - c20c3292-948d-4bbf-bd7e-6b3b697d6238: addNew group-442727C201DD:[c20c3292-948d-4bbf-bd7e-6b3b697d6238:192.168.5.191:40518, 15bf218b-f591-44d2-b923-e6c91f666683:192.168.5.191:39583, 9c20c9b5-9357-4e10-a431-87958d826eb0:192.168.5.191:36548] returns group-442727C201DD:java.util.concurrent.CompletableFuture@70d74f41[Not completed]
2019-07-14 08:36:44,931 INFO  impl.RaftServerImpl (RaftServerImpl.java:<init>(93)) - 9c20c9b5-9357-4e10-a431-87958d826eb0: new RaftServerImpl for group-442727C201DD:[c20c3292-948d-4bbf-bd7e-6b3b697d6238:192.168.5.191:40518, 15bf218b-f591-44d2-b923-e6c91f666683:192.168.5.191:39583, 9c20c9b5-9357-4e10-a431-87958d826eb0:192.168.5.191:36548] with ContainerStateMachine:uninitialized
2019-07-14 08:36:44,932 INFO  server.RaftServerConfigKeys (ConfUtils.java:logGet(43)) - raft.server.rpc.timeout.min = 5s (custom)
2019-07-14 08:36:44,932 INFO  server.RaftServerConfigKeys (ConfUtils.java:logGet(43)) - raft.server.rpc.timeout.max = 5200ms (custom)
2019-07-14 08:36:44,932 INFO  server.RaftServerConfigKeys (ConfUtils.java:logGet(43)) - raft.server.rpcslowness.timeout = 120s (custom)
2019-07-14 08:36:44,932 INFO  impl.RaftServerImpl (RaftServerImpl.java:<init>(93)) - c20c3292-948d-4bbf-bd7e-6b3b697d6238: new RaftServerImpl for group-442727C201DD:[c20c3292-948d-4bbf-bd7e-6b3b697d6238:192.168.5.191:40518, 15bf218b-f591-44d2-b923-e6c91f666683:192.168.5.191:39583, 9c20c9b5-9357-4e10-a431-87958d826eb0:192.168.5.191:36548] with ContainerStateMachine:uninitialized
2019-07-14 08:36:44,932 INFO  server.RaftServerConfigKeys (ConfUtils.java:logGet(43)) - raft.server.sleep.deviation.threshold = 300 (default)
2019-07-14 08:36:44,932 INFO  server.RaftServerConfigKeys (ConfUtils.java:logGet(43)) - raft.server.rpc.timeout.min = 5s (custom)
2019-07-14 08:36:44,932 INFO  server.RaftServerConfigKeys (ConfUtils.java:logGet(43)) - raft.server.log.appender.install.snapshot.enabled = false (custom)
2019-07-14 08:36:44,932 INFO  server.RaftServerConfigKeys (ConfUtils.java:logGet(43)) - raft.server.rpc.timeout.max = 5200ms (custom)
2019-07-14 08:36:44,933 INFO  impl.RaftServerImpl (ServerState.java:<init>(105)) - 9c20c9b5-9357-4e10-a431-87958d826eb0:group-442727C201DD ConfigurationManager, init=-1: [c20c3292-948d-4bbf-bd7e-6b3b697d6238:192.168.5.191:40518, 15bf218b-f591-44d2-b923-e6c91f666683:192.168.5.191:39583, 9c20c9b5-9357-4e10-a431-87958d826eb0:192.168.5.191:36548], old=null, confs=<EMPTY_MAP>
2019-07-14 08:36:44,933 INFO  impl.RaftServerImpl (RaftServerImpl.java:<init>(93)) - 15bf218b-f591-44d2-b923-e6c91f666683: new RaftServerImpl for group-442727C201DD:[c20c3292-948d-4bbf-bd7e-6b3b697d6238:192.168.5.191:40518, 15bf218b-f591-44d2-b923-e6c91f666683:192.168.5.191:39583, 9c20c9b5-9357-4e10-a431-87958d826eb0:192.168.5.191:36548] with ContainerStateMachine:uninitialized
2019-07-14 08:36:44,933 INFO  server.RaftServerConfigKeys (ConfUtils.java:logGet(43)) - raft.server.storage.dir = [/workdir/hadoop-ozone/integration-test/target/test-dir/MiniOzoneClusterImpl-d4d9d1d5-6826-40d2-ba25-7fec43350d72/datanode-2/data/ratis] (custom)
2019-07-14 08:36:44,933 INFO  server.RaftServerConfigKeys (ConfUtils.java:logGet(43)) - raft.server.rpcslowness.timeout = 120s (custom)
2019-07-14 08:36:44,933 INFO  server.RaftServerConfigKeys (ConfUtils.java:logGet(43)) - raft.server.rpc.timeout.min = 5s (custom)
2019-07-14 08:36:44,933 INFO  server.RaftServerConfigKeys (ConfUtils.java:logGet(43)) - raft.server.sleep.deviation.threshold = 300 (default)
2019-07-14 08:36:44,933 INFO  storage.RaftStorageDirectory (RaftStorageDirectory.java:analyzeStorage(246)) - The storage directory /workdir/hadoop-ozone/integration-test/target/test-dir/MiniOzoneClusterImpl-d4d9d1d5-6826-40d2-ba25-7fec43350d72/datanode-2/data/ratis/996ffe8f-26f5-4d1c-83e4-442727c201dd does not exist. Creating ...
2019-07-14 08:36:44,933 INFO  server.RaftServerConfigKeys (ConfUtils.java:logGet(43)) - raft.server.rpc.timeout.max = 5200ms (custom)
2019-07-14 08:36:44,933 INFO  server.RaftServerConfigKeys (ConfUtils.java:logGet(43)) - raft.server.log.appender.install.snapshot.enabled = false (custom)
2019-07-14 08:36:44,934 INFO  server.RaftServerConfigKeys (ConfUtils.java:logGet(43)) - raft.server.rpcslowness.timeout = 120s (custom)
2019-07-14 08:36:44,934 INFO  impl.RaftServerImpl (ServerState.java:<init>(105)) - c20c3292-948d-4bbf-bd7e-6b3b697d6238:group-442727C201DD ConfigurationManager, init=-1: [c20c3292-948d-4bbf-bd7e-6b3b697d6238:192.168.5.191:40518, 15bf218b-f591-44d2-b923-e6c91f666683:192.168.5.191:39583, 9c20c9b5-9357-4e10-a431-87958d826eb0:192.168.5.191:36548], old=null, confs=<EMPTY_MAP>
2019-07-14 08:36:44,934 INFO  server.RaftServerConfigKeys (ConfUtils.java:logGet(43)) - raft.server.sleep.deviation.threshold = 300 (default)
2019-07-14 08:36:44,934 INFO  server.RaftServerConfigKeys (ConfUtils.java:logGet(43)) - raft.server.storage.dir = [/workdir/hadoop-ozone/integration-test/target/test-dir/MiniOzoneClusterImpl-d4d9d1d5-6826-40d2-ba25-7fec43350d72/datanode-0/data/ratis] (custom)
2019-07-14 08:36:44,934 INFO  server.RaftServerConfigKeys (ConfUtils.java:logGet(43)) - raft.server.log.appender.install.snapshot.enabled = false (custom)
2019-07-14 08:36:44,935 INFO  impl.RaftServerImpl (ServerState.java:<init>(105)) - 15bf218b-f591-44d2-b923-e6c91f666683:group-442727C201DD ConfigurationManager, init=-1: [c20c3292-948d-4bbf-bd7e-6b3b697d6238:192.168.5.191:40518, 15bf218b-f591-44d2-b923-e6c91f666683:192.168.5.191:39583, 9c20c9b5-9357-4e10-a431-87958d826eb0:192.168.5.191:36548], old=null, confs=<EMPTY_MAP>
2019-07-14 08:36:44,935 INFO  storage.RaftStorageDirectory (RaftStorageDirectory.java:analyzeStorage(246)) - The storage directory /workdir/hadoop-ozone/integration-test/target/test-dir/MiniOzoneClusterImpl-d4d9d1d5-6826-40d2-ba25-7fec43350d72/datanode-0/data/ratis/996ffe8f-26f5-4d1c-83e4-442727c201dd does not exist. Creating ...
2019-07-14 08:36:44,935 INFO  server.RaftServerConfigKeys (ConfUtils.java:logGet(43)) - raft.server.storage.dir = [/workdir/hadoop-ozone/integration-test/target/test-dir/MiniOzoneClusterImpl-d4d9d1d5-6826-40d2-ba25-7fec43350d72/datanode-1/data/ratis] (custom)
2019-07-14 08:36:44,935 INFO  storage.RaftStorageDirectory (RaftStorageDirectory.java:analyzeStorage(246)) - The storage directory /workdir/hadoop-ozone/integration-test/target/test-dir/MiniOzoneClusterImpl-d4d9d1d5-6826-40d2-ba25-7fec43350d72/datanode-1/data/ratis/996ffe8f-26f5-4d1c-83e4-442727c201dd does not exist. Creating ...
2019-07-14 08:36:44,939 INFO  storage.RaftStorageDirectory (RaftStorageDirectory.java:tryLock(328)) - Lock on /workdir/hadoop-ozone/integration-test/target/test-dir/MiniOzoneClusterImpl-d4d9d1d5-6826-40d2-ba25-7fec43350d72/datanode-0/data/ratis/996ffe8f-26f5-4d1c-83e4-442727c201dd/in_use.lock acquired by nodename 31844@trunk-nightly-5z2vd-27108033
2019-07-14 08:36:44,939 INFO  storage.RaftStorageDirectory (RaftStorageDirectory.java:tryLock(328)) - Lock on /workdir/hadoop-ozone/integration-test/target/test-dir/MiniOzoneClusterImpl-d4d9d1d5-6826-40d2-ba25-7fec43350d72/datanode-2/data/ratis/996ffe8f-26f5-4d1c-83e4-442727c201dd/in_use.lock acquired by nodename 31844@trunk-nightly-5z2vd-27108033
2019-07-14 08:36:44,940 INFO  storage.RaftStorageDirectory (RaftStorageDirectory.java:tryLock(328)) - Lock on /workdir/hadoop-ozone/integration-test/target/test-dir/MiniOzoneClusterImpl-d4d9d1d5-6826-40d2-ba25-7fec43350d72/datanode-1/data/ratis/996ffe8f-26f5-4d1c-83e4-442727c201dd/in_use.lock acquired by nodename 31844@trunk-nightly-5z2vd-27108033
2019-07-14 08:36:44,943 INFO  storage.RaftStorage (RaftStorage.java:format(72)) - Storage directory /workdir/hadoop-ozone/integration-test/target/test-dir/MiniOzoneClusterImpl-d4d9d1d5-6826-40d2-ba25-7fec43350d72/datanode-0/data/ratis/996ffe8f-26f5-4d1c-83e4-442727c201dd has been successfully formatted.
2019-07-14 08:36:44,943 INFO  storage.RaftStorage (RaftStorage.java:format(72)) - Storage directory /workdir/hadoop-ozone/integration-test/target/test-dir/MiniOzoneClusterImpl-d4d9d1d5-6826-40d2-ba25-7fec43350d72/datanode-2/data/ratis/996ffe8f-26f5-4d1c-83e4-442727c201dd has been successfully formatted.
2019-07-14 08:36:44,944 INFO  ratis.ContainerStateMachine (ContainerStateMachine.java:loadSnapshot(200)) - group-442727C201DD: The snapshot info is null. Setting the last applied indexto:(t:0, i:~)
2019-07-14 08:36:44,944 INFO  ratis.ContainerStateMachine (ContainerStateMachine.java:loadSnapshot(200)) - group-442727C201DD: The snapshot info is null. Setting the last applied indexto:(t:0, i:~)
2019-07-14 08:36:44,944 INFO  server.RaftServerConfigKeys (ConfUtils.java:logGet(43)) - raft.server.leader.election.timeout = 120s (custom)
2019-07-14 08:36:44,944 INFO  server.RaftServerConfigKeys (ConfUtils.java:logGet(43)) - raft.server.leader.election.timeout = 120s (custom)
2019-07-14 08:36:44,944 INFO  server.RaftServerConfigKeys (ConfUtils.java:logGet(43)) - raft.server.log.use.memory = false (default)
2019-07-14 08:36:44,944 INFO  server.RaftServerConfigKeys (ConfUtils.java:logGet(43)) - raft.server.log.use.memory = false (default)
2019-07-14 08:36:44,944 INFO  server.RaftServerConfigKeys (ConfUtils.java:logGet(43)) - raft.server.log.purge.gap = 1000000000 (custom)
2019-07-14 08:36:44,944 INFO  server.RaftServerConfigKeys (ConfUtils.java:logGet(43)) - raft.server.log.purge.gap = 1000000000 (custom)
2019-07-14 08:36:44,944 INFO  server.RaftServerConfigKeys (ConfUtils.java:logGet(43)) - raft.server.log.appender.buffer.byte-limit = 33554432 (custom)
2019-07-14 08:36:44,945 INFO  server.RaftServerConfigKeys (ConfUtils.java:logGet(43)) - raft.server.log.appender.buffer.byte-limit = 33554432 (custom)
2019-07-14 08:36:44,945 INFO  server.RaftServerConfigKeys (ConfUtils.java:logGet(43)) - raft.server.log.segment.size.max = 1048576 (custom)
2019-07-14 08:36:44,945 INFO  server.RaftServerConfigKeys (ConfUtils.java:logGet(43)) - raft.server.log.segment.size.max = 1048576 (custom)
2019-07-14 08:36:44,945 INFO  server.RaftServerConfigKeys (ConfUtils.java:logGet(43)) - raft.server.log.segment.cache.num.max = 2 (custom)
2019-07-14 08:36:44,945 INFO  server.RaftServerConfigKeys (ConfUtils.java:logGet(43)) - raft.server.log.segment.cache.num.max = 2 (custom)
2019-07-14 08:36:44,945 INFO  segmented.SegmentedRaftLogWorker (SegmentedRaftLogWorker.java:<init>(172)) - new c20c3292-948d-4bbf-bd7e-6b3b697d6238-SegmentedRaftLogWorker:Storage Directory /workdir/hadoop-ozone/integration-test/target/test-dir/MiniOzoneClusterImpl-d4d9d1d5-6826-40d2-ba25-7fec43350d72/datanode-0/data/ratis/996ffe8f-26f5-4d1c-83e4-442727c201dd for RaftStorage:Storage Directory /workdir/hadoop-ozone/integration-test/target/test-dir/MiniOzoneClusterImpl-d4d9d1d5-6826-40d2-ba25-7fec43350d72/datanode-0/data/ratis/996ffe8f-26f5-4d1c-83e4-442727c201dd
2019-07-14 08:36:44,945 INFO  segmented.SegmentedRaftLogWorker (SegmentedRaftLogWorker.java:<init>(172)) - new 9c20c9b5-9357-4e10-a431-87958d826eb0-SegmentedRaftLogWorker:Storage Directory /workdir/hadoop-ozone/integration-test/target/test-dir/MiniOzoneClusterImpl-d4d9d1d5-6826-40d2-ba25-7fec43350d72/datanode-2/data/ratis/996ffe8f-26f5-4d1c-83e4-442727c201dd for RaftStorage:Storage Directory /workdir/hadoop-ozone/integration-test/target/test-dir/MiniOzoneClusterImpl-d4d9d1d5-6826-40d2-ba25-7fec43350d72/datanode-2/data/ratis/996ffe8f-26f5-4d1c-83e4-442727c201dd
2019-07-14 08:36:44,946 INFO  server.RaftServerConfigKeys (ConfUtils.java:logGet(43)) - raft.server.log.queue.byte-limit = 2147483647 (custom)
2019-07-14 08:36:44,946 INFO  server.RaftServerConfigKeys (ConfUtils.java:logGet(43)) - raft.server.log.queue.byte-limit = 2147483647 (custom)
2019-07-14 08:36:44,946 INFO  server.RaftServerConfigKeys (ConfUtils.java:logGet(43)) - raft.server.log.queue.element-limit = 1024 (custom)
2019-07-14 08:36:44,946 INFO  server.RaftServerConfigKeys (ConfUtils.java:logGet(43)) - raft.server.log.queue.element-limit = 1024 (custom)
2019-07-14 08:36:44,946 INFO  server.RaftServerConfigKeys (ConfUtils.java:logGet(43)) - raft.server.log.segment.size.max = 1048576 (custom)
2019-07-14 08:36:44,946 INFO  server.RaftServerConfigKeys (ConfUtils.java:logGet(43)) - raft.server.log.segment.size.max = 1048576 (custom)
2019-07-14 08:36:44,946 INFO  server.RaftServerConfigKeys (ConfUtils.java:logGet(43)) - raft.server.log.preallocated.size = 16384 (custom)
2019-07-14 08:36:44,946 INFO  server.RaftServerConfigKeys (ConfUtils.java:logGet(43)) - raft.server.log.preallocated.size = 16384 (custom)
2019-07-14 08:36:44,947 INFO  server.RaftServerConfigKeys (ConfUtils.java:logGet(43)) - raft.server.log.write.buffer.size = 33554432 (custom)
2019-07-14 08:36:44,947 INFO  server.RaftServerConfigKeys (ConfUtils.java:logGet(43)) - raft.server.log.write.buffer.size = 33554432 (custom)
2019-07-14 08:36:44,947 INFO  server.RaftServerConfigKeys (ConfUtils.java:logGet(43)) - raft.server.log.force.sync.num = 128 (default)
2019-07-14 08:36:44,947 INFO  server.RaftServerConfigKeys (ConfUtils.java:logGet(43)) - raft.server.log.force.sync.num = 128 (default)
2019-07-14 08:36:44,947 INFO  server.RaftServerConfigKeys (ConfUtils.java:logGet(43)) - raft.server.log.statemachine.data.sync = true (default)
2019-07-14 08:36:44,947 INFO  server.RaftServerConfigKeys (ConfUtils.java:logGet(43)) - raft.server.log.statemachine.data.sync = true (default)
2019-07-14 08:36:44,947 INFO  server.RaftServerConfigKeys (ConfUtils.java:logGet(43)) - raft.server.log.statemachine.data.sync.timeout = 10s (default)
2019-07-14 08:36:44,947 INFO  server.RaftServerConfigKeys (ConfUtils.java:logGet(43)) - raft.server.log.statemachine.data.sync.timeout = 10s (default)
2019-07-14 08:36:44,948 INFO  storage.RaftStorage (RaftStorage.java:format(72)) - Storage directory /workdir/hadoop-ozone/integration-test/target/test-dir/MiniOzoneClusterImpl-d4d9d1d5-6826-40d2-ba25-7fec43350d72/datanode-1/data/ratis/996ffe8f-26f5-4d1c-83e4-442727c201dd has been successfully formatted.
2019-07-14 08:36:44,948 INFO  server.RaftServerConfigKeys (ConfUtils.java:logGet(43)) - raft.server.log.statemachine.data.sync.timeout.retry = -1 (default)
2019-07-14 08:36:44,948 INFO  ratis.ContainerStateMachine (ContainerStateMachine.java:loadSnapshot(200)) - group-442727C201DD: The snapshot info is null. Setting the last applied indexto:(t:0, i:~)
2019-07-14 08:36:44,948 INFO  server.RaftServerConfigKeys (ConfUtils.java:logGet(43)) - raft.server.log.statemachine.data.sync.timeout.retry = -1 (default)
2019-07-14 08:36:44,948 INFO  server.RaftServerConfigKeys (ConfUtils.java:logGet(43)) - raft.server.leader.election.timeout = 120s (custom)
2019-07-14 08:36:44,948 INFO  server.RaftServerConfigKeys (ConfUtils.java:logGet(43)) - raft.server.log.statemachine.data.caching.enabled = true (custom)
2019-07-14 08:36:44,948 INFO  server.RaftServerConfigKeys (ConfUtils.java:logGet(43)) - raft.server.log.use.memory = false (default)
2019-07-14 08:36:44,948 INFO  server.RaftServerConfigKeys (ConfUtils.java:logGet(43)) - raft.server.log.statemachine.data.caching.enabled = true (custom)
2019-07-14 08:36:44,949 INFO  segmented.SegmentedRaftLogWorker (SegmentedRaftLogWorker.java:lambda$new$0(132)) - c20c3292-948d-4bbf-bd7e-6b3b697d6238-SegmentedRaftLogWorker:Storage Directory /workdir/hadoop-ozone/integration-test/target/test-dir/MiniOzoneClusterImpl-d4d9d1d5-6826-40d2-ba25-7fec43350d72/datanode-0/data/ratis/996ffe8f-26f5-4d1c-83e4-442727c201dd: flushIndex: setUnconditionally 0 -> -1
2019-07-14 08:36:44,949 INFO  server.RaftServerConfigKeys (ConfUtils.java:logGet(43)) - raft.server.log.purge.gap = 1000000000 (custom)
2019-07-14 08:36:44,949 INFO  segmented.SegmentedRaftLogWorker (SegmentedRaftLogWorker.java:lambda$new$0(132)) - 9c20c9b5-9357-4e10-a431-87958d826eb0-SegmentedRaftLogWorker:Storage Directory /workdir/hadoop-ozone/integration-test/target/test-dir/MiniOzoneClusterImpl-d4d9d1d5-6826-40d2-ba25-7fec43350d72/datanode-2/data/ratis/996ffe8f-26f5-4d1c-83e4-442727c201dd: flushIndex: setUnconditionally 0 -> -1
2019-07-14 08:36:44,949 INFO  server.RaftServerConfigKeys (ConfUtils.java:logGet(43)) - raft.server.snapshot.auto.trigger.enabled = true (custom)
2019-07-14 08:36:44,949 INFO  server.RaftServerConfigKeys (ConfUtils.java:logGet(43)) - raft.server.log.appender.buffer.byte-limit = 33554432 (custom)
2019-07-14 08:36:44,949 INFO  server.RaftServerConfigKeys (ConfUtils.java:logGet(43)) - raft.server.snapshot.auto.trigger.enabled = true (custom)
2019-07-14 08:36:44,949 INFO  server.RaftServerConfigKeys (ConfUtils.java:logGet(43)) - raft.server.snapshot.auto.trigger.threshold = 10000 (custom)
2019-07-14 08:36:44,950 INFO  server.RaftServerConfigKeys (ConfUtils.java:logGet(43)) - raft.server.snapshot.auto.trigger.threshold = 10000 (custom)
2019-07-14 08:36:44,950 INFO  server.RaftServerConfigKeys (ConfUtils.java:logGet(43)) - raft.server.log.segment.size.max = 1048576 (custom)
2019-07-14 08:36:44,950 INFO  server.RaftServerConfigKeys (ConfUtils.java:logGet(43)) - raft.server.retrycache.expirytime = 600000ms (custom)
2019-07-14 08:36:44,950 INFO  server.RaftServerConfigKeys (ConfUtils.java:logGet(43)) - raft.server.retrycache.expirytime = 600000ms (custom)
2019-07-14 08:36:44,950 INFO  impl.RaftServerImpl (RaftServerImpl.java:start(180)) - 9c20c9b5-9357-4e10-a431-87958d826eb0: start group-442727C201DD
2019-07-14 08:36:44,950 INFO  server.RaftServerConfigKeys (ConfUtils.java:logGet(43)) - raft.server.log.segment.cache.num.max = 2 (custom)
2019-07-14 08:36:44,950 INFO  impl.RaftServerImpl (RaftServerImpl.java:setRole(171)) - 9c20c9b5-9357-4e10-a431-87958d826eb0:group-442727C201DD changes role from null to FOLLOWER at term 0 for startAsFollower
2019-07-14 08:36:44,950 INFO  impl.RaftServerImpl (RaftServerImpl.java:start(180)) - c20c3292-948d-4bbf-bd7e-6b3b697d6238: start group-442727C201DD
2019-07-14 08:36:44,951 INFO  impl.RoleInfo (RoleInfo.java:updateAndGet(143)) - 9c20c9b5-9357-4e10-a431-87958d826eb0: start FollowerState
2019-07-14 08:36:44,951 INFO  segmented.SegmentedRaftLogWorker (SegmentedRaftLogWorker.java:<init>(172)) - new 15bf218b-f591-44d2-b923-e6c91f666683-SegmentedRaftLogWorker:Storage Directory /workdir/hadoop-ozone/integration-test/target/test-dir/MiniOzoneClusterImpl-d4d9d1d5-6826-40d2-ba25-7fec43350d72/datanode-1/data/ratis/996ffe8f-26f5-4d1c-83e4-442727c201dd for RaftStorage:Storage Directory /workdir/hadoop-ozone/integration-test/target/test-dir/MiniOzoneClusterImpl-d4d9d1d5-6826-40d2-ba25-7fec43350d72/datanode-1/data/ratis/996ffe8f-26f5-4d1c-83e4-442727c201dd
2019-07-14 08:36:44,951 INFO  impl.RaftServerImpl (RaftServerImpl.java:setRole(171)) - c20c3292-948d-4bbf-bd7e-6b3b697d6238:group-442727C201DD changes role from null to FOLLOWER at term 0 for startAsFollower
2019-07-14 08:36:44,951 INFO  server.RaftServerConfigKeys (ConfUtils.java:logGet(43)) - raft.server.log.queue.byte-limit = 2147483647 (custom)
2019-07-14 08:36:44,951 INFO  util.JmxRegister (JmxRegister.java:tryRegister(44)) - Successfully registered JMX Bean with object name Ratis:service=RaftServer,group=group-442727C201DD,id=9c20c9b5-9357-4e10-a431-87958d826eb0
2019-07-14 08:36:44,951 INFO  impl.RoleInfo (RoleInfo.java:updateAndGet(143)) - c20c3292-948d-4bbf-bd7e-6b3b697d6238: start FollowerState
2019-07-14 08:36:44,951 INFO  server.RaftServerConfigKeys (ConfUtils.java:logGet(43)) - raft.server.log.queue.element-limit = 1024 (custom)
2019-07-14 08:36:44,952 INFO  server.RaftServerConfigKeys (ConfUtils.java:logGet(43)) - raft.server.log.segment.size.max = 1048576 (custom)
2019-07-14 08:36:44,952 INFO  server.RaftServerConfigKeys (ConfUtils.java:logGet(43)) - raft.server.log.preallocated.size = 16384 (custom)
2019-07-14 08:36:44,952 INFO  util.JmxRegister (JmxRegister.java:tryRegister(44)) - Successfully registered JMX Bean with object name Ratis:service=RaftServer,group=group-442727C201DD,id=c20c3292-948d-4bbf-bd7e-6b3b697d6238
2019-07-14 08:36:44,952 INFO  server.RaftServerConfigKeys (ConfUtils.java:logGet(43)) - raft.server.log.write.buffer.size = 33554432 (custom)
2019-07-14 08:36:44,952 INFO  server.RaftServerConfigKeys (ConfUtils.java:logGet(43)) - raft.server.log.force.sync.num = 128 (default)
2019-07-14 08:36:44,952 INFO  server.RaftServerConfigKeys (ConfUtils.java:logGet(43)) - raft.server.log.statemachine.data.sync = true (default)
2019-07-14 08:36:44,952 INFO  server.RaftServerConfigKeys (ConfUtils.java:logGet(43)) - raft.server.log.statemachine.data.sync.timeout = 10s (default)
2019-07-14 08:36:44,952 INFO  server.RaftServerConfigKeys (ConfUtils.java:logGet(43)) - raft.server.log.statemachine.data.sync.timeout.retry = -1 (default)
2019-07-14 08:36:44,955 INFO  server.RaftServerConfigKeys (ConfUtils.java:logGet(43)) - raft.server.log.statemachine.data.caching.enabled = true (custom)
2019-07-14 08:36:44,955 INFO  segmented.SegmentedRaftLogWorker (SegmentedRaftLogWorker.java:lambda$new$0(132)) - 15bf218b-f591-44d2-b923-e6c91f666683-SegmentedRaftLogWorker:Storage Directory /workdir/hadoop-ozone/integration-test/target/test-dir/MiniOzoneClusterImpl-d4d9d1d5-6826-40d2-ba25-7fec43350d72/datanode-1/data/ratis/996ffe8f-26f5-4d1c-83e4-442727c201dd: flushIndex: setUnconditionally 0 -> -1
2019-07-14 08:36:44,958 INFO  server.RaftServerConfigKeys (ConfUtils.java:logGet(43)) - raft.server.snapshot.auto.trigger.enabled = true (custom)
2019-07-14 08:36:44,958 INFO  server.RaftServerConfigKeys (ConfUtils.java:logGet(43)) - raft.server.snapshot.auto.trigger.threshold = 10000 (custom)
2019-07-14 08:36:44,958 INFO  server.RaftServerConfigKeys (ConfUtils.java:logGet(43)) - raft.server.retrycache.expirytime = 600000ms (custom)
2019-07-14 08:36:44,958 INFO  impl.RaftServerImpl (RaftServerImpl.java:start(180)) - 15bf218b-f591-44d2-b923-e6c91f666683: start group-442727C201DD
2019-07-14 08:36:44,958 INFO  impl.RaftServerImpl (RaftServerImpl.java:setRole(171)) - 15bf218b-f591-44d2-b923-e6c91f666683:group-442727C201DD changes role from null to FOLLOWER at term 0 for startAsFollower
2019-07-14 08:36:44,958 INFO  impl.RoleInfo (RoleInfo.java:updateAndGet(143)) - 15bf218b-f591-44d2-b923-e6c91f666683: start FollowerState
2019-07-14 08:36:44,959 INFO  util.JmxRegister (JmxRegister.java:tryRegister(44)) - Successfully registered JMX Bean with object name Ratis:service=RaftServer,group=group-442727C201DD,id=15bf218b-f591-44d2-b923-e6c91f666683
2019-07-14 08:36:44,963 INFO  pipeline.PipelineStateManager (PipelineStateManager.java:addPipeline(56)) - Created pipeline Pipeline[ Id: 996ffe8f-26f5-4d1c-83e4-442727c201dd, Nodes: 9c20c9b5-9357-4e10-a431-87958d826eb0{ip: 192.168.5.191, host: trunk-nightly-5z2vd-27108033, networkLocation: /default-rack, certSerialId: null}15bf218b-f591-44d2-b923-e6c91f666683{ip: 192.168.5.191, host: trunk-nightly-5z2vd-27108033, networkLocation: /default-rack, certSerialId: null}c20c3292-948d-4bbf-bd7e-6b3b697d6238{ip: 192.168.5.191, host: trunk-nightly-5z2vd-27108033, networkLocation: /default-rack, certSerialId: null}, Type:RATIS, Factor:THREE, State:OPEN]
2019-07-14 08:36:45,055 INFO  node.SCMNodeManager (SCMNodeManager.java:register(269)) - Registered Data node : 3d6e09b0-71ac-4bd1-9ea8-f038f205ef52{ip: 192.168.5.191, host: trunk-nightly-5z2vd-27108033, networkLocation: /default-rack, certSerialId: null}
2019-07-14 08:36:45,065 INFO  impl.RaftServerProxy (RaftServerProxy.java:addNew(89)) - 3d6e09b0-71ac-4bd1-9ea8-f038f205ef52: addNew group-6F6075644236:[3d6e09b0-71ac-4bd1-9ea8-f038f205ef52:192.168.5.191:44791] returns group-6F6075644236:java.util.concurrent.CompletableFuture@4c339dcb[Not completed]
2019-07-14 08:36:45,067 INFO  impl.RaftServerImpl (RaftServerImpl.java:<init>(93)) - 3d6e09b0-71ac-4bd1-9ea8-f038f205ef52: new RaftServerImpl for group-6F6075644236:[3d6e09b0-71ac-4bd1-9ea8-f038f205ef52:192.168.5.191:44791] with ContainerStateMachine:uninitialized
2019-07-14 08:36:45,067 INFO  server.RaftServerConfigKeys (ConfUtils.java:logGet(43)) - raft.server.rpc.timeout.min = 5s (custom)
2019-07-14 08:36:45,067 INFO  server.RaftServerConfigKeys (ConfUtils.java:logGet(43)) - raft.server.rpc.timeout.max = 5200ms (custom)
2019-07-14 08:36:45,067 INFO  server.RaftServerConfigKeys (ConfUtils.java:logGet(43)) - raft.server.rpcslowness.timeout = 120s (custom)
2019-07-14 08:36:45,067 INFO  server.RaftServerConfigKeys (ConfUtils.java:logGet(43)) - raft.server.sleep.deviation.threshold = 300 (default)
2019-07-14 08:36:45,067 INFO  server.RaftServerConfigKeys (ConfUtils.java:logGet(43)) - raft.server.log.appender.install.snapshot.enabled = false (custom)
2019-07-14 08:36:45,068 INFO  impl.RaftServerImpl (ServerState.java:<init>(105)) - 3d6e09b0-71ac-4bd1-9ea8-f038f205ef52:group-6F6075644236 ConfigurationManager, init=-1: [3d6e09b0-71ac-4bd1-9ea8-f038f205ef52:192.168.5.191:44791], old=null, confs=<EMPTY_MAP>
2019-07-14 08:36:45,068 INFO  server.RaftServerConfigKeys (ConfUtils.java:logGet(43)) - raft.server.storage.dir = [/workdir/hadoop-ozone/integration-test/target/test-dir/MiniOzoneClusterImpl-d4d9d1d5-6826-40d2-ba25-7fec43350d72/datanode-3/data/ratis] (custom)
2019-07-14 08:36:45,068 INFO  storage.RaftStorageDirectory (RaftStorageDirectory.java:analyzeStorage(246)) - The storage directory /workdir/hadoop-ozone/integration-test/target/test-dir/MiniOzoneClusterImpl-d4d9d1d5-6826-40d2-ba25-7fec43350d72/datanode-3/data/ratis/c0285850-d29c-4263-bc1d-6f6075644236 does not exist. Creating ...
2019-07-14 08:36:45,074 INFO  storage.RaftStorageDirectory (RaftStorageDirectory.java:tryLock(328)) - Lock on /workdir/hadoop-ozone/integration-test/target/test-dir/MiniOzoneClusterImpl-d4d9d1d5-6826-40d2-ba25-7fec43350d72/datanode-3/data/ratis/c0285850-d29c-4263-bc1d-6f6075644236/in_use.lock acquired by nodename 31844@trunk-nightly-5z2vd-27108033
2019-07-14 08:36:45,078 INFO  storage.RaftStorage (RaftStorage.java:format(72)) - Storage directory /workdir/hadoop-ozone/integration-test/target/test-dir/MiniOzoneClusterImpl-d4d9d1d5-6826-40d2-ba25-7fec43350d72/datanode-3/data/ratis/c0285850-d29c-4263-bc1d-6f6075644236 has been successfully formatted.
2019-07-14 08:36:45,078 INFO  ratis.ContainerStateMachine (ContainerStateMachine.java:loadSnapshot(200)) - group-6F6075644236: The snapshot info is null. Setting the last applied indexto:(t:0, i:~)
2019-07-14 08:36:45,078 INFO  server.RaftServerConfigKeys (ConfUtils.java:logGet(43)) - raft.server.leader.election.timeout = 120s (custom)
2019-07-14 08:36:45,078 INFO  server.RaftServerConfigKeys (ConfUtils.java:logGet(43)) - raft.server.log.use.memory = false (default)
2019-07-14 08:36:45,079 INFO  server.RaftServerConfigKeys (ConfUtils.java:logGet(43)) - raft.server.log.purge.gap = 1000000000 (custom)
2019-07-14 08:36:45,079 INFO  server.RaftServerConfigKeys (ConfUtils.java:logGet(43)) - raft.server.log.appender.buffer.byte-limit = 33554432 (custom)
2019-07-14 08:36:45,079 INFO  server.RaftServerConfigKeys (ConfUtils.java:logGet(43)) - raft.server.log.segment.size.max = 1048576 (custom)
2019-07-14 08:36:45,079 INFO  server.RaftServerConfigKeys (ConfUtils.java:logGet(43)) - raft.server.log.segment.cache.num.max = 2 (custom)
2019-07-14 08:36:45,079 INFO  segmented.SegmentedRaftLogWorker (SegmentedRaftLogWorker.java:<init>(172)) - new 3d6e09b0-71ac-4bd1-9ea8-f038f205ef52-SegmentedRaftLogWorker:Storage Directory /workdir/hadoop-ozone/integration-test/target/test-dir/MiniOzoneClusterImpl-d4d9d1d5-6826-40d2-ba25-7fec43350d72/datanode-3/data/ratis/c0285850-d29c-4263-bc1d-6f6075644236 for RaftStorage:Storage Directory /workdir/hadoop-ozone/integration-test/target/test-dir/MiniOzoneClusterImpl-d4d9d1d5-6826-40d2-ba25-7fec43350d72/datanode-3/data/ratis/c0285850-d29c-4263-bc1d-6f6075644236
2019-07-14 08:36:45,080 INFO  server.RaftServerConfigKeys (ConfUtils.java:logGet(43)) - raft.server.log.queue.byte-limit = 2147483647 (custom)
2019-07-14 08:36:45,080 INFO  server.RaftServerConfigKeys (ConfUtils.java:logGet(43)) - raft.server.log.queue.element-limit = 1024 (custom)
2019-07-14 08:36:45,080 INFO  server.RaftServerConfigKeys (ConfUtils.java:logGet(43)) - raft.server.log.segment.size.max = 1048576 (custom)
2019-07-14 08:36:45,080 INFO  server.RaftServerConfigKeys (ConfUtils.java:logGet(43)) - raft.server.log.preallocated.size = 16384 (custom)
2019-07-14 08:36:45,080 INFO  server.RaftServerConfigKeys (ConfUtils.java:logGet(43)) - raft.server.log.write.buffer.size = 33554432 (custom)
2019-07-14 08:36:45,080 INFO  server.RaftServerConfigKeys (ConfUtils.java:logGet(43)) - raft.server.log.force.sync.num = 128 (default)
2019-07-14 08:36:45,081 INFO  server.RaftServerConfigKeys (ConfUtils.java:logGet(43)) - raft.server.log.statemachine.data.sync = true (default)
2019-07-14 08:36:45,081 INFO  server.RaftServerConfigKeys (ConfUtils.java:logGet(43)) - raft.server.log.statemachine.data.sync.timeout = 10s (default)
2019-07-14 08:36:45,081 INFO  server.RaftServerConfigKeys (ConfUtils.java:logGet(43)) - raft.server.log.statemachine.data.sync.timeout.retry = -1 (default)
2019-07-14 08:36:45,081 INFO  server.RaftServerConfigKeys (ConfUtils.java:logGet(43)) - raft.server.log.statemachine.data.caching.enabled = true (custom)
2019-07-14 08:36:45,082 INFO  segmented.SegmentedRaftLogWorker (SegmentedRaftLogWorker.java:lambda$new$0(132)) - 3d6e09b0-71ac-4bd1-9ea8-f038f205ef52-SegmentedRaftLogWorker:Storage Directory /workdir/hadoop-ozone/integration-test/target/test-dir/MiniOzoneClusterImpl-d4d9d1d5-6826-40d2-ba25-7fec43350d72/datanode-3/data/ratis/c0285850-d29c-4263-bc1d-6f6075644236: flushIndex: setUnconditionally 0 -> -1
2019-07-14 08:36:45,082 INFO  server.RaftServerConfigKeys (ConfUtils.java:logGet(43)) - raft.server.snapshot.auto.trigger.enabled = true (custom)
2019-07-14 08:36:45,082 INFO  server.RaftServerConfigKeys (ConfUtils.java:logGet(43)) - raft.server.snapshot.auto.trigger.threshold = 10000 (custom)
2019-07-14 08:36:45,083 INFO  server.RaftServerConfigKeys (ConfUtils.java:logGet(43)) - raft.server.retrycache.expirytime = 600000ms (custom)
2019-07-14 08:36:45,083 INFO  impl.RaftServerImpl (RaftServerImpl.java:start(180)) - 3d6e09b0-71ac-4bd1-9ea8-f038f205ef52: start group-6F6075644236
2019-07-14 08:36:45,083 INFO  impl.RaftServerImpl (RaftServerImpl.java:setRole(171)) - 3d6e09b0-71ac-4bd1-9ea8-f038f205ef52:group-6F6075644236 changes role from null to FOLLOWER at term 0 for startAsFollower
2019-07-14 08:36:45,083 INFO  impl.RoleInfo (RoleInfo.java:updateAndGet(143)) - 3d6e09b0-71ac-4bd1-9ea8-f038f205ef52: start FollowerState
2019-07-14 08:36:45,084 INFO  util.JmxRegister (JmxRegister.java:tryRegister(44)) - Successfully registered JMX Bean with object name Ratis:service=RaftServer,group=group-6F6075644236,id=3d6e09b0-71ac-4bd1-9ea8-f038f205ef52
2019-07-14 08:36:45,097 INFO  pipeline.PipelineStateManager (PipelineStateManager.java:addPipeline(56)) - Created pipeline Pipeline[ Id: c0285850-d29c-4263-bc1d-6f6075644236, Nodes: 3d6e09b0-71ac-4bd1-9ea8-f038f205ef52{ip: 192.168.5.191, host: trunk-nightly-5z2vd-27108033, networkLocation: /default-rack, certSerialId: null}, Type:RATIS, Factor:ONE, State:OPEN]
2019-07-14 08:36:45,243 INFO  node.SCMNodeManager (SCMNodeManager.java:register(269)) - Registered Data node : 222b7c1d-42ae-4fb6-8ca0-57306d8bd07f{ip: 192.168.5.191, host: trunk-nightly-5z2vd-27108033, networkLocation: /default-rack, certSerialId: null}
2019-07-14 08:36:45,255 INFO  impl.RaftServerProxy (RaftServerProxy.java:addNew(89)) - 222b7c1d-42ae-4fb6-8ca0-57306d8bd07f: addNew group-71D958905A4F:[222b7c1d-42ae-4fb6-8ca0-57306d8bd07f:192.168.5.191:33127] returns group-71D958905A4F:java.util.concurrent.CompletableFuture@72d034b6[Not completed]
2019-07-14 08:36:45,257 INFO  impl.RaftServerImpl (RaftServerImpl.java:<init>(93)) - 222b7c1d-42ae-4fb6-8ca0-57306d8bd07f: new RaftServerImpl for group-71D958905A4F:[222b7c1d-42ae-4fb6-8ca0-57306d8bd07f:192.168.5.191:33127] with ContainerStateMachine:uninitialized
2019-07-14 08:36:45,257 INFO  server.RaftServerConfigKeys (ConfUtils.java:logGet(43)) - raft.server.rpc.timeout.min = 5s (custom)
2019-07-14 08:36:45,257 INFO  server.RaftServerConfigKeys (ConfUtils.java:logGet(43)) - raft.server.rpc.timeout.max = 5200ms (custom)
2019-07-14 08:36:45,257 INFO  server.RaftServerConfigKeys (ConfUtils.java:logGet(43)) - raft.server.rpcslowness.timeout = 120s (custom)
2019-07-14 08:36:45,257 INFO  server.RaftServerConfigKeys (ConfUtils.java:logGet(43)) - raft.server.sleep.deviation.threshold = 300 (default)
2019-07-14 08:36:45,257 INFO  server.RaftServerConfigKeys (ConfUtils.java:logGet(43)) - raft.server.log.appender.install.snapshot.enabled = false (custom)
2019-07-14 08:36:45,257 INFO  impl.RaftServerImpl (ServerState.java:<init>(105)) - 222b7c1d-42ae-4fb6-8ca0-57306d8bd07f:group-71D958905A4F ConfigurationManager, init=-1: [222b7c1d-42ae-4fb6-8ca0-57306d8bd07f:192.168.5.191:33127], old=null, confs=<EMPTY_MAP>
2019-07-14 08:36:45,258 INFO  server.RaftServerConfigKeys (ConfUtils.java:logGet(43)) - raft.server.storage.dir = [/workdir/hadoop-ozone/integration-test/target/test-dir/MiniOzoneClusterImpl-d4d9d1d5-6826-40d2-ba25-7fec43350d72/datanode-4/data/ratis] (custom)
2019-07-14 08:36:45,258 INFO  storage.RaftStorageDirectory (RaftStorageDirectory.java:analyzeStorage(246)) - The storage directory /workdir/hadoop-ozone/integration-test/target/test-dir/MiniOzoneClusterImpl-d4d9d1d5-6826-40d2-ba25-7fec43350d72/datanode-4/data/ratis/2b7db7a2-c065-4a2b-ba8f-71d958905a4f does not exist. Creating ...
2019-07-14 08:36:45,271 INFO  storage.RaftStorageDirectory (RaftStorageDirectory.java:tryLock(328)) - Lock on /workdir/hadoop-ozone/integration-test/target/test-dir/MiniOzoneClusterImpl-d4d9d1d5-6826-40d2-ba25-7fec43350d72/datanode-4/data/ratis/2b7db7a2-c065-4a2b-ba8f-71d958905a4f/in_use.lock acquired by nodename 31844@trunk-nightly-5z2vd-27108033
2019-07-14 08:36:45,281 INFO  storage.RaftStorage (RaftStorage.java:format(72)) - Storage directory /workdir/hadoop-ozone/integration-test/target/test-dir/MiniOzoneClusterImpl-d4d9d1d5-6826-40d2-ba25-7fec43350d72/datanode-4/data/ratis/2b7db7a2-c065-4a2b-ba8f-71d958905a4f has been successfully formatted.
2019-07-14 08:36:45,281 INFO  ratis.ContainerStateMachine (ContainerStateMachine.java:loadSnapshot(200)) - group-71D958905A4F: The snapshot info is null. Setting the last applied indexto:(t:0, i:~)
2019-07-14 08:36:45,282 INFO  server.RaftServerConfigKeys (ConfUtils.java:logGet(43)) - raft.server.leader.election.timeout = 120s (custom)
2019-07-14 08:36:45,282 INFO  server.RaftServerConfigKeys (ConfUtils.java:logGet(43)) - raft.server.log.use.memory = false (default)
2019-07-14 08:36:45,282 INFO  server.RaftServerConfigKeys (ConfUtils.java:logGet(43)) - raft.server.log.purge.gap = 1000000000 (custom)
2019-07-14 08:36:45,282 INFO  server.RaftServerConfigKeys (ConfUtils.java:logGet(43)) - raft.server.log.appender.buffer.byte-limit = 33554432 (custom)
2019-07-14 08:36:45,282 INFO  server.RaftServerConfigKeys (ConfUtils.java:logGet(43)) - raft.server.log.segment.size.max = 1048576 (custom)
2019-07-14 08:36:45,282 INFO  server.RaftServerConfigKeys (ConfUtils.java:logGet(43)) - raft.server.log.segment.cache.num.max = 2 (custom)
2019-07-14 08:36:45,282 INFO  segmented.SegmentedRaftLogWorker (SegmentedRaftLogWorker.java:<init>(172)) - new 222b7c1d-42ae-4fb6-8ca0-57306d8bd07f-SegmentedRaftLogWorker:Storage Directory /workdir/hadoop-ozone/integration-test/target/test-dir/MiniOzoneClusterImpl-d4d9d1d5-6826-40d2-ba25-7fec43350d72/datanode-4/data/ratis/2b7db7a2-c065-4a2b-ba8f-71d958905a4f for RaftStorage:Storage Directory /workdir/hadoop-ozone/integration-test/target/test-dir/MiniOzoneClusterImpl-d4d9d1d5-6826-40d2-ba25-7fec43350d72/datanode-4/data/ratis/2b7db7a2-c065-4a2b-ba8f-71d958905a4f
2019-07-14 08:36:45,283 INFO  server.RaftServerConfigKeys (ConfUtils.java:logGet(43)) - raft.server.log.queue.byte-limit = 2147483647 (custom)
2019-07-14 08:36:45,283 INFO  server.RaftServerConfigKeys (ConfUtils.java:logGet(43)) - raft.server.log.queue.element-limit = 1024 (custom)
2019-07-14 08:36:45,283 INFO  server.RaftServerConfigKeys (ConfUtils.java:logGet(43)) - raft.server.log.segment.size.max = 1048576 (custom)
2019-07-14 08:36:45,283 INFO  server.RaftServerConfigKeys (ConfUtils.java:logGet(43)) - raft.server.log.preallocated.size = 16384 (custom)
2019-07-14 08:36:45,283 INFO  server.RaftServerConfigKeys (ConfUtils.java:logGet(43)) - raft.server.log.write.buffer.size = 33554432 (custom)
2019-07-14 08:36:45,283 INFO  server.RaftServerConfigKeys (ConfUtils.java:logGet(43)) - raft.server.log.force.sync.num = 128 (default)
2019-07-14 08:36:45,284 INFO  server.RaftServerConfigKeys (ConfUtils.java:logGet(43)) - raft.server.log.statemachine.data.sync = true (default)
2019-07-14 08:36:45,284 INFO  server.RaftServerConfigKeys (ConfUtils.java:logGet(43)) - raft.server.log.statemachine.data.sync.timeout = 10s (default)
2019-07-14 08:36:45,284 INFO  server.RaftServerConfigKeys (ConfUtils.java:logGet(43)) - raft.server.log.statemachine.data.sync.timeout.retry = -1 (default)
2019-07-14 08:36:45,284 INFO  server.RaftServerConfigKeys (ConfUtils.java:logGet(43)) - raft.server.log.statemachine.data.caching.enabled = true (custom)
2019-07-14 08:36:45,285 INFO  segmented.SegmentedRaftLogWorker (SegmentedRaftLogWorker.java:lambda$new$0(132)) - 222b7c1d-42ae-4fb6-8ca0-57306d8bd07f-SegmentedRaftLogWorker:Storage Directory /workdir/hadoop-ozone/integration-test/target/test-dir/MiniOzoneClusterImpl-d4d9d1d5-6826-40d2-ba25-7fec43350d72/datanode-4/data/ratis/2b7db7a2-c065-4a2b-ba8f-71d958905a4f: flushIndex: setUnconditionally 0 -> -1
2019-07-14 08:36:45,285 INFO  server.RaftServerConfigKeys (ConfUtils.java:logGet(43)) - raft.server.snapshot.auto.trigger.enabled = true (custom)
2019-07-14 08:36:45,285 INFO  server.RaftServerConfigKeys (ConfUtils.java:logGet(43)) - raft.server.snapshot.auto.trigger.threshold = 10000 (custom)
2019-07-14 08:36:45,285 INFO  server.RaftServerConfigKeys (ConfUtils.java:logGet(43)) - raft.server.retrycache.expirytime = 600000ms (custom)
2019-07-14 08:36:45,286 INFO  impl.RaftServerImpl (RaftServerImpl.java:start(180)) - 222b7c1d-42ae-4fb6-8ca0-57306d8bd07f: start group-71D958905A4F
2019-07-14 08:36:45,286 INFO  impl.RaftServerImpl (RaftServerImpl.java:setRole(171)) - 222b7c1d-42ae-4fb6-8ca0-57306d8bd07f:group-71D958905A4F changes role from null to FOLLOWER at term 0 for startAsFollower
2019-07-14 08:36:45,286 INFO  impl.RoleInfo (RoleInfo.java:updateAndGet(143)) - 222b7c1d-42ae-4fb6-8ca0-57306d8bd07f: start FollowerState
2019-07-14 08:36:45,286 INFO  util.JmxRegister (JmxRegister.java:tryRegister(44)) - Successfully registered JMX Bean with object name Ratis:service=RaftServer,group=group-71D958905A4F,id=222b7c1d-42ae-4fb6-8ca0-57306d8bd07f
2019-07-14 08:36:45,291 INFO  pipeline.PipelineStateManager (PipelineStateManager.java:addPipeline(56)) - Created pipeline Pipeline[ Id: 2b7db7a2-c065-4a2b-ba8f-71d958905a4f, Nodes: 222b7c1d-42ae-4fb6-8ca0-57306d8bd07f{ip: 192.168.5.191, host: trunk-nightly-5z2vd-27108033, networkLocation: /default-rack, certSerialId: null}, Type:RATIS, Factor:ONE, State:OPEN]
2019-07-14 08:36:45,449 INFO  node.SCMNodeManager (SCMNodeManager.java:register(269)) - Registered Data node : d8f94c70-e4ac-469c-9d6c-ddc9f8f48866{ip: 192.168.5.191, host: trunk-nightly-5z2vd-27108033, networkLocation: /default-rack, certSerialId: null}
2019-07-14 08:36:45,457 INFO  impl.RaftServerProxy (RaftServerProxy.java:addNew(89)) - d8f94c70-e4ac-469c-9d6c-ddc9f8f48866: addNew group-C1D2709EDE84:[d8f94c70-e4ac-469c-9d6c-ddc9f8f48866:192.168.5.191:39033] returns group-C1D2709EDE84:java.util.concurrent.CompletableFuture@18fc3b7c[Not completed]
2019-07-14 08:36:45,458 INFO  impl.RaftServerImpl (RaftServerImpl.java:<init>(93)) - d8f94c70-e4ac-469c-9d6c-ddc9f8f48866: new RaftServerImpl for group-C1D2709EDE84:[d8f94c70-e4ac-469c-9d6c-ddc9f8f48866:192.168.5.191:39033] with ContainerStateMachine:uninitialized
2019-07-14 08:36:45,459 INFO  server.RaftServerConfigKeys (ConfUtils.java:logGet(43)) - raft.server.rpc.timeout.min = 5s (custom)
2019-07-14 08:36:45,459 INFO  server.RaftServerConfigKeys (ConfUtils.java:logGet(43)) - raft.server.rpc.timeout.max = 5200ms (custom)
2019-07-14 08:36:45,459 INFO  server.RaftServerConfigKeys (ConfUtils.java:logGet(43)) - raft.server.rpcslowness.timeout = 120s (custom)
2019-07-14 08:36:45,459 INFO  server.RaftServerConfigKeys (ConfUtils.java:logGet(43)) - raft.server.sleep.deviation.threshold = 300 (default)
2019-07-14 08:36:45,459 INFO  server.RaftServerConfigKeys (ConfUtils.java:logGet(43)) - raft.server.log.appender.install.snapshot.enabled = false (custom)
2019-07-14 08:36:45,459 INFO  impl.RaftServerImpl (ServerState.java:<init>(105)) - d8f94c70-e4ac-469c-9d6c-ddc9f8f48866:group-C1D2709EDE84 ConfigurationManager, init=-1: [d8f94c70-e4ac-469c-9d6c-ddc9f8f48866:192.168.5.191:39033], old=null, confs=<EMPTY_MAP>
2019-07-14 08:36:45,460 INFO  server.RaftServerConfigKeys (ConfUtils.java:logGet(43)) - raft.server.storage.dir = [/workdir/hadoop-ozone/integration-test/target/test-dir/MiniOzoneClusterImpl-d4d9d1d5-6826-40d2-ba25-7fec43350d72/datanode-5/data/ratis] (custom)
2019-07-14 08:36:45,460 INFO  storage.RaftStorageDirectory (RaftStorageDirectory.java:analyzeStorage(246)) - The storage directory /workdir/hadoop-ozone/integration-test/target/test-dir/MiniOzoneClusterImpl-d4d9d1d5-6826-40d2-ba25-7fec43350d72/datanode-5/data/ratis/1774afa8-f79c-49ba-86a0-c1d2709ede84 does not exist. Creating ...
2019-07-14 08:36:45,464 INFO  storage.RaftStorageDirectory (RaftStorageDirectory.java:tryLock(328)) - Lock on /workdir/hadoop-ozone/integration-test/target/test-dir/MiniOzoneClusterImpl-d4d9d1d5-6826-40d2-ba25-7fec43350d72/datanode-5/data/ratis/1774afa8-f79c-49ba-86a0-c1d2709ede84/in_use.lock acquired by nodename 31844@trunk-nightly-5z2vd-27108033
2019-07-14 08:36:45,468 INFO  storage.RaftStorage (RaftStorage.java:format(72)) - Storage directory /workdir/hadoop-ozone/integration-test/target/test-dir/MiniOzoneClusterImpl-d4d9d1d5-6826-40d2-ba25-7fec43350d72/datanode-5/data/ratis/1774afa8-f79c-49ba-86a0-c1d2709ede84 has been successfully formatted.
2019-07-14 08:36:45,468 INFO  ratis.ContainerStateMachine (ContainerStateMachine.java:loadSnapshot(200)) - group-C1D2709EDE84: The snapshot info is null. Setting the last applied indexto:(t:0, i:~)
2019-07-14 08:36:45,469 INFO  server.RaftServerConfigKeys (ConfUtils.java:logGet(43)) - raft.server.leader.election.timeout = 120s (custom)
2019-07-14 08:36:45,469 INFO  server.RaftServerConfigKeys (ConfUtils.java:logGet(43)) - raft.server.log.use.memory = false (default)
2019-07-14 08:36:45,469 INFO  server.RaftServerConfigKeys (ConfUtils.java:logGet(43)) - raft.server.log.purge.gap = 1000000000 (custom)
2019-07-14 08:36:45,469 INFO  server.RaftServerConfigKeys (ConfUtils.java:logGet(43)) - raft.server.log.appender.buffer.byte-limit = 33554432 (custom)
2019-07-14 08:36:45,469 INFO  server.RaftServerConfigKeys (ConfUtils.java:logGet(43)) - raft.server.log.segment.size.max = 1048576 (custom)
2019-07-14 08:36:45,469 INFO  server.RaftServerConfigKeys (ConfUtils.java:logGet(43)) - raft.server.log.segment.cache.num.max = 2 (custom)
2019-07-14 08:36:45,470 INFO  segmented.SegmentedRaftLogWorker (SegmentedRaftLogWorker.java:<init>(172)) - new d8f94c70-e4ac-469c-9d6c-ddc9f8f48866-SegmentedRaftLogWorker:Storage Directory /workdir/hadoop-ozone/integration-test/target/test-dir/MiniOzoneClusterImpl-d4d9d1d5-6826-40d2-ba25-7fec43350d72/datanode-5/data/ratis/1774afa8-f79c-49ba-86a0-c1d2709ede84 for RaftStorage:Storage Directory /workdir/hadoop-ozone/integration-test/target/test-dir/MiniOzoneClusterImpl-d4d9d1d5-6826-40d2-ba25-7fec43350d72/datanode-5/data/ratis/1774afa8-f79c-49ba-86a0-c1d2709ede84
2019-07-14 08:36:45,470 INFO  server.RaftServerConfigKeys (ConfUtils.java:logGet(43)) - raft.server.log.queue.byte-limit = 2147483647 (custom)
2019-07-14 08:36:45,470 INFO  server.RaftServerConfigKeys (ConfUtils.java:logGet(43)) - raft.server.log.queue.element-limit = 1024 (custom)
2019-07-14 08:36:45,470 INFO  server.RaftServerConfigKeys (ConfUtils.java:logGet(43)) - raft.server.log.segment.size.max = 1048576 (custom)
2019-07-14 08:36:45,470 INFO  server.RaftServerConfigKeys (ConfUtils.java:logGet(43)) - raft.server.log.preallocated.size = 16384 (custom)
2019-07-14 08:36:45,470 INFO  server.RaftServerConfigKeys (ConfUtils.java:logGet(43)) - raft.server.log.write.buffer.size = 33554432 (custom)
2019-07-14 08:36:45,471 INFO  server.RaftServerConfigKeys (ConfUtils.java:logGet(43)) - raft.server.log.force.sync.num = 128 (default)
2019-07-14 08:36:45,471 INFO  server.RaftServerConfigKeys (ConfUtils.java:logGet(43)) - raft.server.log.statemachine.data.sync = true (default)
2019-07-14 08:36:45,471 INFO  server.RaftServerConfigKeys (ConfUtils.java:logGet(43)) - raft.server.log.statemachine.data.sync.timeout = 10s (default)
2019-07-14 08:36:45,471 INFO  server.RaftServerConfigKeys (ConfUtils.java:logGet(43)) - raft.server.log.statemachine.data.sync.timeout.retry = -1 (default)
2019-07-14 08:36:45,471 INFO  server.RaftServerConfigKeys (ConfUtils.java:logGet(43)) - raft.server.log.statemachine.data.caching.enabled = true (custom)
2019-07-14 08:36:45,472 INFO  segmented.SegmentedRaftLogWorker (SegmentedRaftLogWorker.java:lambda$new$0(132)) - d8f94c70-e4ac-469c-9d6c-ddc9f8f48866-SegmentedRaftLogWorker:Storage Directory /workdir/hadoop-ozone/integration-test/target/test-dir/MiniOzoneClusterImpl-d4d9d1d5-6826-40d2-ba25-7fec43350d72/datanode-5/data/ratis/1774afa8-f79c-49ba-86a0-c1d2709ede84: flushIndex: setUnconditionally 0 -> -1
2019-07-14 08:36:45,472 INFO  server.RaftServerConfigKeys (ConfUtils.java:logGet(43)) - raft.server.snapshot.auto.trigger.enabled = true (custom)
2019-07-14 08:36:45,472 INFO  server.RaftServerConfigKeys (ConfUtils.java:logGet(43)) - raft.server.snapshot.auto.trigger.threshold = 10000 (custom)
2019-07-14 08:36:45,472 INFO  server.RaftServerConfigKeys (ConfUtils.java:logGet(43)) - raft.server.retrycache.expirytime = 600000ms (custom)
2019-07-14 08:36:45,473 INFO  impl.RaftServerImpl (RaftServerImpl.java:start(180)) - d8f94c70-e4ac-469c-9d6c-ddc9f8f48866: start group-C1D2709EDE84
2019-07-14 08:36:45,473 INFO  impl.RaftServerImpl (RaftServerImpl.java:setRole(171)) - d8f94c70-e4ac-469c-9d6c-ddc9f8f48866:group-C1D2709EDE84 changes role from null to FOLLOWER at term 0 for startAsFollower
2019-07-14 08:36:45,473 INFO  impl.RoleInfo (RoleInfo.java:updateAndGet(143)) - d8f94c70-e4ac-469c-9d6c-ddc9f8f48866: start FollowerState
2019-07-14 08:36:45,473 INFO  util.JmxRegister (JmxRegister.java:tryRegister(44)) - Successfully registered JMX Bean with object name Ratis:service=RaftServer,group=group-C1D2709EDE84,id=d8f94c70-e4ac-469c-9d6c-ddc9f8f48866
2019-07-14 08:36:45,478 INFO  pipeline.PipelineStateManager (PipelineStateManager.java:addPipeline(56)) - Created pipeline Pipeline[ Id: 1774afa8-f79c-49ba-86a0-c1d2709ede84, Nodes: d8f94c70-e4ac-469c-9d6c-ddc9f8f48866{ip: 192.168.5.191, host: trunk-nightly-5z2vd-27108033, networkLocation: /default-rack, certSerialId: null}, Type:RATIS, Factor:ONE, State:OPEN]
2019-07-14 08:36:45,490 INFO  impl.RaftServerProxy (RaftServerProxy.java:addNew(89)) - 3d6e09b0-71ac-4bd1-9ea8-f038f205ef52: addNew group-DD1F58A66B83:[d8f94c70-e4ac-469c-9d6c-ddc9f8f48866:192.168.5.191:39033, 222b7c1d-42ae-4fb6-8ca0-57306d8bd07f:192.168.5.191:33127, 3d6e09b0-71ac-4bd1-9ea8-f038f205ef52:192.168.5.191:44791] returns group-DD1F58A66B83:java.util.concurrent.CompletableFuture@74391f94[Not completed]
2019-07-14 08:36:45,490 INFO  impl.RaftServerProxy (RaftServerProxy.java:addNew(89)) - 222b7c1d-42ae-4fb6-8ca0-57306d8bd07f: addNew group-DD1F58A66B83:[d8f94c70-e4ac-469c-9d6c-ddc9f8f48866:192.168.5.191:39033, 222b7c1d-42ae-4fb6-8ca0-57306d8bd07f:192.168.5.191:33127, 3d6e09b0-71ac-4bd1-9ea8-f038f205ef52:192.168.5.191:44791] returns group-DD1F58A66B83:java.util.concurrent.CompletableFuture@455a4e00[Not completed]
2019-07-14 08:36:45,490 INFO  impl.RaftServerProxy (RaftServerProxy.java:addNew(89)) - d8f94c70-e4ac-469c-9d6c-ddc9f8f48866: addNew group-DD1F58A66B83:[d8f94c70-e4ac-469c-9d6c-ddc9f8f48866:192.168.5.191:39033, 222b7c1d-42ae-4fb6-8ca0-57306d8bd07f:192.168.5.191:33127, 3d6e09b0-71ac-4bd1-9ea8-f038f205ef52:192.168.5.191:44791] returns group-DD1F58A66B83:java.util.concurrent.CompletableFuture@20fb2cee[Not completed]
2019-07-14 08:36:45,491 INFO  impl.RaftServerImpl (RaftServerImpl.java:<init>(93)) - 3d6e09b0-71ac-4bd1-9ea8-f038f205ef52: new RaftServerImpl for group-DD1F58A66B83:[d8f94c70-e4ac-469c-9d6c-ddc9f8f48866:192.168.5.191:39033, 222b7c1d-42ae-4fb6-8ca0-57306d8bd07f:192.168.5.191:33127, 3d6e09b0-71ac-4bd1-9ea8-f038f205ef52:192.168.5.191:44791] with ContainerStateMachine:uninitialized
2019-07-14 08:36:45,492 INFO  server.RaftServerConfigKeys (ConfUtils.java:logGet(43)) - raft.server.rpc.timeout.min = 5s (custom)
2019-07-14 08:36:45,492 INFO  server.RaftServerConfigKeys (ConfUtils.java:logGet(43)) - raft.server.rpc.timeout.max = 5200ms (custom)
2019-07-14 08:36:45,492 INFO  server.RaftServerConfigKeys (ConfUtils.java:logGet(43)) - raft.server.rpcslowness.timeout = 120s (custom)
2019-07-14 08:36:45,492 INFO  server.RaftServerConfigKeys (ConfUtils.java:logGet(43)) - raft.server.sleep.deviation.threshold = 300 (default)
2019-07-14 08:36:45,492 INFO  impl.RaftServerImpl (RaftServerImpl.java:<init>(93)) - 222b7c1d-42ae-4fb6-8ca0-57306d8bd07f: new RaftServerImpl for group-DD1F58A66B83:[d8f94c70-e4ac-469c-9d6c-ddc9f8f48866:192.168.5.191:39033, 222b7c1d-42ae-4fb6-8ca0-57306d8bd07f:192.168.5.191:33127, 3d6e09b0-71ac-4bd1-9ea8-f038f205ef52:192.168.5.191:44791] with ContainerStateMachine:uninitialized
2019-07-14 08:36:45,492 INFO  server.RaftServerConfigKeys (ConfUtils.java:logGet(43)) - raft.server.log.appender.install.snapshot.enabled = false (custom)
2019-07-14 08:36:45,492 INFO  server.RaftServerConfigKeys (ConfUtils.java:logGet(43)) - raft.server.rpc.timeout.min = 5s (custom)
2019-07-14 08:36:45,492 INFO  impl.RaftServerImpl (ServerState.java:<init>(105)) - 3d6e09b0-71ac-4bd1-9ea8-f038f205ef52:group-DD1F58A66B83 ConfigurationManager, init=-1: [d8f94c70-e4ac-469c-9d6c-ddc9f8f48866:192.168.5.191:39033, 222b7c1d-42ae-4fb6-8ca0-57306d8bd07f:192.168.5.191:33127, 3d6e09b0-71ac-4bd1-9ea8-f038f205ef52:192.168.5.191:44791], old=null, confs=<EMPTY_MAP>
2019-07-14 08:36:45,492 INFO  impl.RaftServerImpl (RaftServerImpl.java:<init>(93)) - d8f94c70-e4ac-469c-9d6c-ddc9f8f48866: new RaftServerImpl for group-DD1F58A66B83:[d8f94c70-e4ac-469c-9d6c-ddc9f8f48866:192.168.5.191:39033, 222b7c1d-42ae-4fb6-8ca0-57306d8bd07f:192.168.5.191:33127, 3d6e09b0-71ac-4bd1-9ea8-f038f205ef52:192.168.5.191:44791] with ContainerStateMachine:uninitialized
2019-07-14 08:36:45,493 INFO  server.RaftServerConfigKeys (ConfUtils.java:logGet(43)) - raft.server.storage.dir = [/workdir/hadoop-ozone/integration-test/target/test-dir/MiniOzoneClusterImpl-d4d9d1d5-6826-40d2-ba25-7fec43350d72/datanode-3/data/ratis] (custom)
2019-07-14 08:36:45,493 INFO  server.RaftServerConfigKeys (ConfUtils.java:logGet(43)) - raft.server.rpc.timeout.max = 5200ms (custom)
2019-07-14 08:36:45,493 INFO  server.RaftServerConfigKeys (ConfUtils.java:logGet(43)) - raft.server.rpc.timeout.min = 5s (custom)
2019-07-14 08:36:45,493 INFO  storage.RaftStorageDirectory (RaftStorageDirectory.java:analyzeStorage(246)) - The storage directory /workdir/hadoop-ozone/integration-test/target/test-dir/MiniOzoneClusterImpl-d4d9d1d5-6826-40d2-ba25-7fec43350d72/datanode-3/data/ratis/5f335a22-65dc-476a-94f1-dd1f58a66b83 does not exist. Creating ...
2019-07-14 08:36:45,493 INFO  server.RaftServerConfigKeys (ConfUtils.java:logGet(43)) - raft.server.rpcslowness.timeout = 120s (custom)
2019-07-14 08:36:45,493 INFO  server.RaftServerConfigKeys (ConfUtils.java:logGet(43)) - raft.server.rpc.timeout.max = 5200ms (custom)
2019-07-14 08:36:45,494 INFO  server.RaftServerConfigKeys (ConfUtils.java:logGet(43)) - raft.server.sleep.deviation.threshold = 300 (default)
2019-07-14 08:36:45,494 INFO  server.RaftServerConfigKeys (ConfUtils.java:logGet(43)) - raft.server.rpcslowness.timeout = 120s (custom)
2019-07-14 08:36:45,494 INFO  server.RaftServerConfigKeys (ConfUtils.java:logGet(43)) - raft.server.log.appender.install.snapshot.enabled = false (custom)
2019-07-14 08:36:45,494 INFO  server.RaftServerConfigKeys (ConfUtils.java:logGet(43)) - raft.server.sleep.deviation.threshold = 300 (default)
2019-07-14 08:36:45,494 INFO  server.RaftServerConfigKeys (ConfUtils.java:logGet(43)) - raft.server.log.appender.install.snapshot.enabled = false (custom)
2019-07-14 08:36:45,494 INFO  impl.RaftServerImpl (ServerState.java:<init>(105)) - 222b7c1d-42ae-4fb6-8ca0-57306d8bd07f:group-DD1F58A66B83 ConfigurationManager, init=-1: [d8f94c70-e4ac-469c-9d6c-ddc9f8f48866:192.168.5.191:39033, 222b7c1d-42ae-4fb6-8ca0-57306d8bd07f:192.168.5.191:33127, 3d6e09b0-71ac-4bd1-9ea8-f038f205ef52:192.168.5.191:44791], old=null, confs=<EMPTY_MAP>
2019-07-14 08:36:45,495 INFO  impl.RaftServerImpl (ServerState.java:<init>(105)) - d8f94c70-e4ac-469c-9d6c-ddc9f8f48866:group-DD1F58A66B83 ConfigurationManager, init=-1: [d8f94c70-e4ac-469c-9d6c-ddc9f8f48866:192.168.5.191:39033, 222b7c1d-42ae-4fb6-8ca0-57306d8bd07f:192.168.5.191:33127, 3d6e09b0-71ac-4bd1-9ea8-f038f205ef52:192.168.5.191:44791], old=null, confs=<EMPTY_MAP>
2019-07-14 08:36:45,495 INFO  server.RaftServerConfigKeys (ConfUtils.java:logGet(43)) - raft.server.storage.dir = [/workdir/hadoop-ozone/integration-test/target/test-dir/MiniOzoneClusterImpl-d4d9d1d5-6826-40d2-ba25-7fec43350d72/datanode-4/data/ratis] (custom)
2019-07-14 08:36:45,495 INFO  server.RaftServerConfigKeys (ConfUtils.java:logGet(43)) - raft.server.storage.dir = [/workdir/hadoop-ozone/integration-test/target/test-dir/MiniOzoneClusterImpl-d4d9d1d5-6826-40d2-ba25-7fec43350d72/datanode-5/data/ratis] (custom)
2019-07-14 08:36:45,495 INFO  storage.RaftStorageDirectory (RaftStorageDirectory.java:analyzeStorage(246)) - The storage directory /workdir/hadoop-ozone/integration-test/target/test-dir/MiniOzoneClusterImpl-d4d9d1d5-6826-40d2-ba25-7fec43350d72/datanode-4/data/ratis/5f335a22-65dc-476a-94f1-dd1f58a66b83 does not exist. Creating ...
2019-07-14 08:36:45,495 INFO  storage.RaftStorageDirectory (RaftStorageDirectory.java:analyzeStorage(246)) - The storage directory /workdir/hadoop-ozone/integration-test/target/test-dir/MiniOzoneClusterImpl-d4d9d1d5-6826-40d2-ba25-7fec43350d72/datanode-5/data/ratis/5f335a22-65dc-476a-94f1-dd1f58a66b83 does not exist. Creating ...
2019-07-14 08:36:45,497 INFO  storage.RaftStorageDirectory (RaftStorageDirectory.java:tryLock(328)) - Lock on /workdir/hadoop-ozone/integration-test/target/test-dir/MiniOzoneClusterImpl-d4d9d1d5-6826-40d2-ba25-7fec43350d72/datanode-3/data/ratis/5f335a22-65dc-476a-94f1-dd1f58a66b83/in_use.lock acquired by nodename 31844@trunk-nightly-5z2vd-27108033
2019-07-14 08:36:45,499 INFO  storage.RaftStorageDirectory (RaftStorageDirectory.java:tryLock(328)) - Lock on /workdir/hadoop-ozone/integration-test/target/test-dir/MiniOzoneClusterImpl-d4d9d1d5-6826-40d2-ba25-7fec43350d72/datanode-4/data/ratis/5f335a22-65dc-476a-94f1-dd1f58a66b83/in_use.lock acquired by nodename 31844@trunk-nightly-5z2vd-27108033
2019-07-14 08:36:45,499 INFO  storage.RaftStorageDirectory (RaftStorageDirectory.java:tryLock(328)) - Lock on /workdir/hadoop-ozone/integration-test/target/test-dir/MiniOzoneClusterImpl-d4d9d1d5-6826-40d2-ba25-7fec43350d72/datanode-5/data/ratis/5f335a22-65dc-476a-94f1-dd1f58a66b83/in_use.lock acquired by nodename 31844@trunk-nightly-5z2vd-27108033
2019-07-14 08:36:45,501 INFO  storage.RaftStorage (RaftStorage.java:format(72)) - Storage directory /workdir/hadoop-ozone/integration-test/target/test-dir/MiniOzoneClusterImpl-d4d9d1d5-6826-40d2-ba25-7fec43350d72/datanode-3/data/ratis/5f335a22-65dc-476a-94f1-dd1f58a66b83 has been successfully formatted.
2019-07-14 08:36:45,501 INFO  ratis.ContainerStateMachine (ContainerStateMachine.java:loadSnapshot(200)) - group-DD1F58A66B83: The snapshot info is null. Setting the last applied indexto:(t:0, i:~)
2019-07-14 08:36:45,502 INFO  server.RaftServerConfigKeys (ConfUtils.java:logGet(43)) - raft.server.leader.election.timeout = 120s (custom)
2019-07-14 08:36:45,502 INFO  server.RaftServerConfigKeys (ConfUtils.java:logGet(43)) - raft.server.log.use.memory = false (default)
2019-07-14 08:36:45,502 INFO  server.RaftServerConfigKeys (ConfUtils.java:logGet(43)) - raft.server.log.purge.gap = 1000000000 (custom)
2019-07-14 08:36:45,502 INFO  server.RaftServerConfigKeys (ConfUtils.java:logGet(43)) - raft.server.log.appender.buffer.byte-limit = 33554432 (custom)
2019-07-14 08:36:45,502 INFO  server.RaftServerConfigKeys (ConfUtils.java:logGet(43)) - raft.server.log.segment.size.max = 1048576 (custom)
2019-07-14 08:36:45,502 INFO  server.RaftServerConfigKeys (ConfUtils.java:logGet(43)) - raft.server.log.segment.cache.num.max = 2 (custom)
2019-07-14 08:36:45,502 INFO  segmented.SegmentedRaftLogWorker (SegmentedRaftLogWorker.java:<init>(172)) - new 3d6e09b0-71ac-4bd1-9ea8-f038f205ef52-SegmentedRaftLogWorker:Storage Directory /workdir/hadoop-ozone/integration-test/target/test-dir/MiniOzoneClusterImpl-d4d9d1d5-6826-40d2-ba25-7fec43350d72/datanode-3/data/ratis/5f335a22-65dc-476a-94f1-dd1f58a66b83 for RaftStorage:Storage Directory /workdir/hadoop-ozone/integration-test/target/test-dir/MiniOzoneClusterImpl-d4d9d1d5-6826-40d2-ba25-7fec43350d72/datanode-3/data/ratis/5f335a22-65dc-476a-94f1-dd1f58a66b83
2019-07-14 08:36:45,503 INFO  server.RaftServerConfigKeys (ConfUtils.java:logGet(43)) - raft.server.log.queue.byte-limit = 2147483647 (custom)
2019-07-14 08:36:45,503 INFO  server.RaftServerConfigKeys (ConfUtils.java:logGet(43)) - raft.server.log.queue.element-limit = 1024 (custom)
2019-07-14 08:36:45,503 INFO  server.RaftServerConfigKeys (ConfUtils.java:logGet(43)) - raft.server.log.segment.size.max = 1048576 (custom)
2019-07-14 08:36:45,503 INFO  server.RaftServerConfigKeys (ConfUtils.java:logGet(43)) - raft.server.log.preallocated.size = 16384 (custom)
2019-07-14 08:36:45,503 INFO  server.RaftServerConfigKeys (ConfUtils.java:logGet(43)) - raft.server.log.write.buffer.size = 33554432 (custom)
2019-07-14 08:36:45,503 INFO  server.RaftServerConfigKeys (ConfUtils.java:logGet(43)) - raft.server.log.force.sync.num = 128 (default)
2019-07-14 08:36:45,503 INFO  server.RaftServerConfigKeys (ConfUtils.java:logGet(43)) - raft.server.log.statemachine.data.sync = true (default)
2019-07-14 08:36:45,504 INFO  server.RaftServerConfigKeys (ConfUtils.java:logGet(43)) - raft.server.log.statemachine.data.sync.timeout = 10s (default)
2019-07-14 08:36:45,504 INFO  server.RaftServerConfigKeys (ConfUtils.java:logGet(43)) - raft.server.log.statemachine.data.sync.timeout.retry = -1 (default)
2019-07-14 08:36:45,504 INFO  server.RaftServerConfigKeys (ConfUtils.java:logGet(43)) - raft.server.log.statemachine.data.caching.enabled = true (custom)
2019-07-14 08:36:45,504 INFO  segmented.SegmentedRaftLogWorker (SegmentedRaftLogWorker.java:lambda$new$0(132)) - 3d6e09b0-71ac-4bd1-9ea8-f038f205ef52-SegmentedRaftLogWorker:Storage Directory /workdir/hadoop-ozone/integration-test/target/test-dir/MiniOzoneClusterImpl-d4d9d1d5-6826-40d2-ba25-7fec43350d72/datanode-3/data/ratis/5f335a22-65dc-476a-94f1-dd1f58a66b83: flushIndex: setUnconditionally 0 -> -1
2019-07-14 08:36:45,505 INFO  storage.RaftStorage (RaftStorage.java:format(72)) - Storage directory /workdir/hadoop-ozone/integration-test/target/test-dir/MiniOzoneClusterImpl-d4d9d1d5-6826-40d2-ba25-7fec43350d72/datanode-4/data/ratis/5f335a22-65dc-476a-94f1-dd1f58a66b83 has been successfully formatted.
2019-07-14 08:36:45,505 INFO  server.RaftServerConfigKeys (ConfUtils.java:logGet(43)) - raft.server.snapshot.auto.trigger.enabled = true (custom)
2019-07-14 08:36:45,505 INFO  storage.RaftStorage (RaftStorage.java:format(72)) - Storage directory /workdir/hadoop-ozone/integration-test/target/test-dir/MiniOzoneClusterImpl-d4d9d1d5-6826-40d2-ba25-7fec43350d72/datanode-5/data/ratis/5f335a22-65dc-476a-94f1-dd1f58a66b83 has been successfully formatted.
2019-07-14 08:36:45,505 INFO  server.RaftServerConfigKeys (ConfUtils.java:logGet(43)) - raft.server.snapshot.auto.trigger.threshold = 10000 (custom)
2019-07-14 08:36:45,505 INFO  ratis.ContainerStateMachine (ContainerStateMachine.java:loadSnapshot(200)) - group-DD1F58A66B83: The snapshot info is null. Setting the last applied indexto:(t:0, i:~)
2019-07-14 08:36:45,505 INFO  server.RaftServerConfigKeys (ConfUtils.java:logGet(43)) - raft.server.retrycache.expirytime = 600000ms (custom)
2019-07-14 08:36:45,505 INFO  ratis.ContainerStateMachine (ContainerStateMachine.java:loadSnapshot(200)) - group-DD1F58A66B83: The snapshot info is null. Setting the last applied indexto:(t:0, i:~)
2019-07-14 08:36:45,506 INFO  impl.RaftServerImpl (RaftServerImpl.java:start(180)) - 3d6e09b0-71ac-4bd1-9ea8-f038f205ef52: start group-DD1F58A66B83
2019-07-14 08:36:45,505 INFO  server.RaftServerConfigKeys (ConfUtils.java:logGet(43)) - raft.server.leader.election.timeout = 120s (custom)
2019-07-14 08:36:45,506 INFO  impl.RaftServerImpl (RaftServerImpl.java:setRole(171)) - 3d6e09b0-71ac-4bd1-9ea8-f038f205ef52:group-DD1F58A66B83 changes role from null to FOLLOWER at term 0 for startAsFollower
2019-07-14 08:36:45,506 INFO  server.RaftServerConfigKeys (ConfUtils.java:logGet(43)) - raft.server.log.use.memory = false (default)
2019-07-14 08:36:45,506 INFO  server.RaftServerConfigKeys (ConfUtils.java:logGet(43)) - raft.server.leader.election.timeout = 120s (custom)
2019-07-14 08:36:45,506 INFO  server.RaftServerConfigKeys (ConfUtils.java:logGet(43)) - raft.server.log.purge.gap = 1000000000 (custom)
2019-07-14 08:36:45,506 INFO  impl.RoleInfo (RoleInfo.java:updateAndGet(143)) - 3d6e09b0-71ac-4bd1-9ea8-f038f205ef52: start FollowerState
2019-07-14 08:36:45,506 INFO  server.RaftServerConfigKeys (ConfUtils.java:logGet(43)) - raft.server.log.appender.buffer.byte-limit = 33554432 (custom)
2019-07-14 08:36:45,506 INFO  server.RaftServerConfigKeys (ConfUtils.java:logGet(43)) - raft.server.log.use.memory = false (default)
2019-07-14 08:36:45,507 INFO  server.RaftServerConfigKeys (ConfUtils.java:logGet(43)) - raft.server.log.segment.size.max = 1048576 (custom)
2019-07-14 08:36:45,507 INFO  util.JmxRegister (JmxRegister.java:tryRegister(44)) - Successfully registered JMX Bean with object name Ratis:service=RaftServer,group=group-DD1F58A66B83,id=3d6e09b0-71ac-4bd1-9ea8-f038f205ef52
2019-07-14 08:36:45,507 INFO  server.RaftServerConfigKeys (ConfUtils.java:logGet(43)) - raft.server.log.purge.gap = 1000000000 (custom)
2019-07-14 08:36:45,507 INFO  server.RaftServerConfigKeys (ConfUtils.java:logGet(43)) - raft.server.log.segment.cache.num.max = 2 (custom)
2019-07-14 08:36:45,507 INFO  server.RaftServerConfigKeys (ConfUtils.java:logGet(43)) - raft.server.log.appender.buffer.byte-limit = 33554432 (custom)
2019-07-14 08:36:45,507 INFO  segmented.SegmentedRaftLogWorker (SegmentedRaftLogWorker.java:<init>(172)) - new 222b7c1d-42ae-4fb6-8ca0-57306d8bd07f-SegmentedRaftLogWorker:Storage Directory /workdir/hadoop-ozone/integration-test/target/test-dir/MiniOzoneClusterImpl-d4d9d1d5-6826-40d2-ba25-7fec43350d72/datanode-4/data/ratis/5f335a22-65dc-476a-94f1-dd1f58a66b83 for RaftStorage:Storage Directory /workdir/hadoop-ozone/integration-test/target/test-dir/MiniOzoneClusterImpl-d4d9d1d5-6826-40d2-ba25-7fec43350d72/datanode-4/data/ratis/5f335a22-65dc-476a-94f1-dd1f58a66b83
2019-07-14 08:36:45,508 INFO  server.RaftServerConfigKeys (ConfUtils.java:logGet(43)) - raft.server.log.segment.size.max = 1048576 (custom)
2019-07-14 08:36:45,508 INFO  server.RaftServerConfigKeys (ConfUtils.java:logGet(43)) - raft.server.log.queue.byte-limit = 2147483647 (custom)
2019-07-14 08:36:45,508 INFO  server.RaftServerConfigKeys (ConfUtils.java:logGet(43)) - raft.server.log.segment.cache.num.max = 2 (custom)
2019-07-14 08:36:45,508 INFO  server.RaftServerConfigKeys (ConfUtils.java:logGet(43)) - raft.server.log.queue.element-limit = 1024 (custom)
2019-07-14 08:36:45,508 INFO  segmented.SegmentedRaftLogWorker (SegmentedRaftLogWorker.java:<init>(172)) - new d8f94c70-e4ac-469c-9d6c-ddc9f8f48866-SegmentedRaftLogWorker:Storage Directory /workdir/hadoop-ozone/integration-test/target/test-dir/MiniOzoneClusterImpl-d4d9d1d5-6826-40d2-ba25-7fec43350d72/datanode-5/data/ratis/5f335a22-65dc-476a-94f1-dd1f58a66b83 for RaftStorage:Storage Directory /workdir/hadoop-ozone/integration-test/target/test-dir/MiniOzoneClusterImpl-d4d9d1d5-6826-40d2-ba25-7fec43350d72/datanode-5/data/ratis/5f335a22-65dc-476a-94f1-dd1f58a66b83
2019-07-14 08:36:45,508 INFO  server.RaftServerConfigKeys (ConfUtils.java:logGet(43)) - raft.server.log.segment.size.max = 1048576 (custom)
2019-07-14 08:36:45,509 INFO  server.RaftServerConfigKeys (ConfUtils.java:logGet(43)) - raft.server.log.queue.byte-limit = 2147483647 (custom)
2019-07-14 08:36:45,511 INFO  server.RaftServerConfigKeys (ConfUtils.java:logGet(43)) - raft.server.log.preallocated.size = 16384 (custom)
2019-07-14 08:36:45,512 INFO  server.RaftServerConfigKeys (ConfUtils.java:logGet(43)) - raft.server.log.queue.element-limit = 1024 (custom)
2019-07-14 08:36:45,512 INFO  server.RaftServerConfigKeys (ConfUtils.java:logGet(43)) - raft.server.log.write.buffer.size = 33554432 (custom)
2019-07-14 08:36:45,512 INFO  server.RaftServerConfigKeys (ConfUtils.java:logGet(43)) - raft.server.log.segment.size.max = 1048576 (custom)
2019-07-14 08:36:45,512 INFO  server.RaftServerConfigKeys (ConfUtils.java:logGet(43)) - raft.server.log.force.sync.num = 128 (default)
2019-07-14 08:36:45,512 INFO  server.RaftServerConfigKeys (ConfUtils.java:logGet(43)) - raft.server.log.preallocated.size = 16384 (custom)
2019-07-14 08:36:45,513 INFO  server.RaftServerConfigKeys (ConfUtils.java:logGet(43)) - raft.server.log.statemachine.data.sync = true (default)
2019-07-14 08:36:45,513 INFO  server.RaftServerConfigKeys (ConfUtils.java:logGet(43)) - raft.server.log.write.buffer.size = 33554432 (custom)
2019-07-14 08:36:45,513 INFO  server.RaftServerConfigKeys (ConfUtils.java:logGet(43)) - raft.server.log.statemachine.data.sync.timeout = 10s (default)
2019-07-14 08:36:45,513 INFO  server.RaftServerConfigKeys (ConfUtils.java:logGet(43)) - raft.server.log.force.sync.num = 128 (default)
2019-07-14 08:36:45,513 INFO  server.RaftServerConfigKeys (ConfUtils.java:logGet(43)) - raft.server.log.statemachine.data.sync.timeout.retry = -1 (default)
2019-07-14 08:36:45,514 INFO  server.RaftServerConfigKeys (ConfUtils.java:logGet(43)) - raft.server.log.statemachine.data.sync = true (default)
2019-07-14 08:36:45,514 INFO  server.RaftServerConfigKeys (ConfUtils.java:logGet(43)) - raft.server.log.statemachine.data.caching.enabled = true (custom)
2019-07-14 08:36:45,514 INFO  server.RaftServerConfigKeys (ConfUtils.java:logGet(43)) - raft.server.log.statemachine.data.sync.timeout = 10s (default)
2019-07-14 08:36:45,514 INFO  server.RaftServerConfigKeys (ConfUtils.java:logGet(43)) - raft.server.log.statemachine.data.sync.timeout.retry = -1 (default)
2019-07-14 08:36:45,514 INFO  segmented.SegmentedRaftLogWorker (SegmentedRaftLogWorker.java:lambda$new$0(132)) - 222b7c1d-42ae-4fb6-8ca0-57306d8bd07f-SegmentedRaftLogWorker:Storage Directory /workdir/hadoop-ozone/integration-test/target/test-dir/MiniOzoneClusterImpl-d4d9d1d5-6826-40d2-ba25-7fec43350d72/datanode-4/data/ratis/5f335a22-65dc-476a-94f1-dd1f58a66b83: flushIndex: setUnconditionally 0 -> -1
2019-07-14 08:36:45,514 INFO  server.RaftServerConfigKeys (ConfUtils.java:logGet(43)) - raft.server.log.statemachine.data.caching.enabled = true (custom)
2019-07-14 08:36:45,515 INFO  server.RaftServerConfigKeys (ConfUtils.java:logGet(43)) - raft.server.snapshot.auto.trigger.enabled = true (custom)
2019-07-14 08:36:45,515 INFO  segmented.SegmentedRaftLogWorker (SegmentedRaftLogWorker.java:lambda$new$0(132)) - d8f94c70-e4ac-469c-9d6c-ddc9f8f48866-SegmentedRaftLogWorker:Storage Directory /workdir/hadoop-ozone/integration-test/target/test-dir/MiniOzoneClusterImpl-d4d9d1d5-6826-40d2-ba25-7fec43350d72/datanode-5/data/ratis/5f335a22-65dc-476a-94f1-dd1f58a66b83: flushIndex: setUnconditionally 0 -> -1
2019-07-14 08:36:45,515 INFO  server.RaftServerConfigKeys (ConfUtils.java:logGet(43)) - raft.server.snapshot.auto.trigger.threshold = 10000 (custom)
2019-07-14 08:36:45,515 INFO  server.RaftServerConfigKeys (ConfUtils.java:logGet(43)) - raft.server.retrycache.expirytime = 600000ms (custom)
2019-07-14 08:36:45,515 INFO  server.RaftServerConfigKeys (ConfUtils.java:logGet(43)) - raft.server.snapshot.auto.trigger.enabled = true (custom)
2019-07-14 08:36:45,516 INFO  impl.RaftServerImpl (RaftServerImpl.java:start(180)) - 222b7c1d-42ae-4fb6-8ca0-57306d8bd07f: start group-DD1F58A66B83
2019-07-14 08:36:45,516 INFO  server.RaftServerConfigKeys (ConfUtils.java:logGet(43)) - raft.server.snapshot.auto.trigger.threshold = 10000 (custom)
2019-07-14 08:36:45,516 INFO  impl.RaftServerImpl (RaftServerImpl.java:setRole(171)) - 222b7c1d-42ae-4fb6-8ca0-57306d8bd07f:group-DD1F58A66B83 changes role from null to FOLLOWER at term 0 for startAsFollower
2019-07-14 08:36:45,516 INFO  server.RaftServerConfigKeys (ConfUtils.java:logGet(43)) - raft.server.retrycache.expirytime = 600000ms (custom)
2019-07-14 08:36:45,516 INFO  impl.RoleInfo (RoleInfo.java:updateAndGet(143)) - 222b7c1d-42ae-4fb6-8ca0-57306d8bd07f: start FollowerState
2019-07-14 08:36:45,516 INFO  impl.RaftServerImpl (RaftServerImpl.java:start(180)) - d8f94c70-e4ac-469c-9d6c-ddc9f8f48866: start group-DD1F58A66B83
2019-07-14 08:36:45,517 INFO  impl.RaftServerImpl (RaftServerImpl.java:setRole(171)) - d8f94c70-e4ac-469c-9d6c-ddc9f8f48866:group-DD1F58A66B83 changes role from null to FOLLOWER at term 0 for startAsFollower
2019-07-14 08:36:45,517 INFO  impl.RoleInfo (RoleInfo.java:updateAndGet(143)) - d8f94c70-e4ac-469c-9d6c-ddc9f8f48866: start FollowerState
2019-07-14 08:36:45,517 INFO  util.JmxRegister (JmxRegister.java:tryRegister(44)) - Successfully registered JMX Bean with object name Ratis:service=RaftServer,group=group-DD1F58A66B83,id=222b7c1d-42ae-4fb6-8ca0-57306d8bd07f
2019-07-14 08:36:45,517 INFO  util.JmxRegister (JmxRegister.java:tryRegister(44)) - Successfully registered JMX Bean with object name Ratis:service=RaftServer,group=group-DD1F58A66B83,id=d8f94c70-e4ac-469c-9d6c-ddc9f8f48866
2019-07-14 08:36:45,525 INFO  pipeline.PipelineStateManager (PipelineStateManager.java:addPipeline(56)) - Created pipeline Pipeline[ Id: 5f335a22-65dc-476a-94f1-dd1f58a66b83, Nodes: 3d6e09b0-71ac-4bd1-9ea8-f038f205ef52{ip: 192.168.5.191, host: trunk-nightly-5z2vd-27108033, networkLocation: /default-rack, certSerialId: null}222b7c1d-42ae-4fb6-8ca0-57306d8bd07f{ip: 192.168.5.191, host: trunk-nightly-5z2vd-27108033, networkLocation: /default-rack, certSerialId: null}d8f94c70-e4ac-469c-9d6c-ddc9f8f48866{ip: 192.168.5.191, host: trunk-nightly-5z2vd-27108033, networkLocation: /default-rack, certSerialId: null}, Type:RATIS, Factor:THREE, State:OPEN]
2019-07-14 08:36:45,659 INFO  ozone.MiniOzoneClusterImpl (MiniOzoneClusterImpl.java:lambda$waitForClusterToBeReady$0(142)) - Waiting for cluster to be ready. Got 6 of 7 DN Heartbeats.
2019-07-14 08:36:45,668 INFO  node.SCMNodeManager (SCMNodeManager.java:register(269)) - Registered Data node : f94c9d11-4a66-4c5b-82e4-ebde518e5a4f{ip: 192.168.5.191, host: trunk-nightly-5z2vd-27108033, networkLocation: /default-rack, certSerialId: null}
2019-07-14 08:36:45,686 INFO  impl.RaftServerProxy (RaftServerProxy.java:addNew(89)) - f94c9d11-4a66-4c5b-82e4-ebde518e5a4f: addNew group-2002B1DD1CF0:[f94c9d11-4a66-4c5b-82e4-ebde518e5a4f:192.168.5.191:39966] returns group-2002B1DD1CF0:java.util.concurrent.CompletableFuture@1236d43f[Not completed]
2019-07-14 08:36:45,687 INFO  impl.RaftServerImpl (RaftServerImpl.java:<init>(93)) - f94c9d11-4a66-4c5b-82e4-ebde518e5a4f: new RaftServerImpl for group-2002B1DD1CF0:[f94c9d11-4a66-4c5b-82e4-ebde518e5a4f:192.168.5.191:39966] with ContainerStateMachine:uninitialized
2019-07-14 08:36:45,687 INFO  server.RaftServerConfigKeys (ConfUtils.java:logGet(43)) - raft.server.rpc.timeout.min = 5s (custom)
2019-07-14 08:36:45,687 INFO  server.RaftServerConfigKeys (ConfUtils.java:logGet(43)) - raft.server.rpc.timeout.max = 5200ms (custom)
2019-07-14 08:36:45,687 INFO  server.RaftServerConfigKeys (ConfUtils.java:logGet(43)) - raft.server.rpcslowness.timeout = 120s (custom)
2019-07-14 08:36:45,688 INFO  server.RaftServerConfigKeys (ConfUtils.java:logGet(43)) - raft.server.sleep.deviation.threshold = 300 (default)
2019-07-14 08:36:45,688 INFO  server.RaftServerConfigKeys (ConfUtils.java:logGet(43)) - raft.server.log.appender.install.snapshot.enabled = false (custom)
2019-07-14 08:36:45,688 INFO  impl.RaftServerImpl (ServerState.java:<init>(105)) - f94c9d11-4a66-4c5b-82e4-ebde518e5a4f:group-2002B1DD1CF0 ConfigurationManager, init=-1: [f94c9d11-4a66-4c5b-82e4-ebde518e5a4f:192.168.5.191:39966], old=null, confs=<EMPTY_MAP>
2019-07-14 08:36:45,688 INFO  server.RaftServerConfigKeys (ConfUtils.java:logGet(43)) - raft.server.storage.dir = [/workdir/hadoop-ozone/integration-test/target/test-dir/MiniOzoneClusterImpl-d4d9d1d5-6826-40d2-ba25-7fec43350d72/datanode-6/data/ratis] (custom)
2019-07-14 08:36:45,689 INFO  storage.RaftStorageDirectory (RaftStorageDirectory.java:analyzeStorage(246)) - The storage directory /workdir/hadoop-ozone/integration-test/target/test-dir/MiniOzoneClusterImpl-d4d9d1d5-6826-40d2-ba25-7fec43350d72/datanode-6/data/ratis/5449e41e-414c-4fc1-b9cc-2002b1dd1cf0 does not exist. Creating ...
2019-07-14 08:36:45,694 INFO  storage.RaftStorageDirectory (RaftStorageDirectory.java:tryLock(328)) - Lock on /workdir/hadoop-ozone/integration-test/target/test-dir/MiniOzoneClusterImpl-d4d9d1d5-6826-40d2-ba25-7fec43350d72/datanode-6/data/ratis/5449e41e-414c-4fc1-b9cc-2002b1dd1cf0/in_use.lock acquired by nodename 31844@trunk-nightly-5z2vd-27108033
2019-07-14 08:36:45,698 INFO  storage.RaftStorage (RaftStorage.java:format(72)) - Storage directory /workdir/hadoop-ozone/integration-test/target/test-dir/MiniOzoneClusterImpl-d4d9d1d5-6826-40d2-ba25-7fec43350d72/datanode-6/data/ratis/5449e41e-414c-4fc1-b9cc-2002b1dd1cf0 has been successfully formatted.
2019-07-14 08:36:45,698 INFO  ratis.ContainerStateMachine (ContainerStateMachine.java:loadSnapshot(200)) - group-2002B1DD1CF0: The snapshot info is null. Setting the last applied indexto:(t:0, i:~)
2019-07-14 08:36:45,698 INFO  server.RaftServerConfigKeys (ConfUtils.java:logGet(43)) - raft.server.leader.election.timeout = 120s (custom)
2019-07-14 08:36:45,699 INFO  server.RaftServerConfigKeys (ConfUtils.java:logGet(43)) - raft.server.log.use.memory = false (default)
2019-07-14 08:36:45,699 INFO  server.RaftServerConfigKeys (ConfUtils.java:logGet(43)) - raft.server.log.purge.gap = 1000000000 (custom)
2019-07-14 08:36:45,699 INFO  server.RaftServerConfigKeys (ConfUtils.java:logGet(43)) - raft.server.log.appender.buffer.byte-limit = 33554432 (custom)
2019-07-14 08:36:45,699 INFO  server.RaftServerConfigKeys (ConfUtils.java:logGet(43)) - raft.server.log.segment.size.max = 1048576 (custom)
2019-07-14 08:36:45,699 INFO  server.RaftServerConfigKeys (ConfUtils.java:logGet(43)) - raft.server.log.segment.cache.num.max = 2 (custom)
2019-07-14 08:36:45,699 INFO  segmented.SegmentedRaftLogWorker (SegmentedRaftLogWorker.java:<init>(172)) - new f94c9d11-4a66-4c5b-82e4-ebde518e5a4f-SegmentedRaftLogWorker:Storage Directory /workdir/hadoop-ozone/integration-test/target/test-dir/MiniOzoneClusterImpl-d4d9d1d5-6826-40d2-ba25-7fec43350d72/datanode-6/data/ratis/5449e41e-414c-4fc1-b9cc-2002b1dd1cf0 for RaftStorage:Storage Directory /workdir/hadoop-ozone/integration-test/target/test-dir/MiniOzoneClusterImpl-d4d9d1d5-6826-40d2-ba25-7fec43350d72/datanode-6/data/ratis/5449e41e-414c-4fc1-b9cc-2002b1dd1cf0
2019-07-14 08:36:45,700 INFO  server.RaftServerConfigKeys (ConfUtils.java:logGet(43)) - raft.server.log.queue.byte-limit = 2147483647 (custom)
2019-07-14 08:36:45,700 INFO  server.RaftServerConfigKeys (ConfUtils.java:logGet(43)) - raft.server.log.queue.element-limit = 1024 (custom)
2019-07-14 08:36:45,700 INFO  server.RaftServerConfigKeys (ConfUtils.java:logGet(43)) - raft.server.log.segment.size.max = 1048576 (custom)
2019-07-14 08:36:45,700 INFO  server.RaftServerConfigKeys (ConfUtils.java:logGet(43)) - raft.server.log.preallocated.size = 16384 (custom)
2019-07-14 08:36:45,700 INFO  server.RaftServerConfigKeys (ConfUtils.java:logGet(43)) - raft.server.log.write.buffer.size = 33554432 (custom)
2019-07-14 08:36:45,701 INFO  server.RaftServerConfigKeys (ConfUtils.java:logGet(43)) - raft.server.log.force.sync.num = 128 (default)
2019-07-14 08:36:45,701 INFO  server.RaftServerConfigKeys (ConfUtils.java:logGet(43)) - raft.server.log.statemachine.data.sync = true (default)
2019-07-14 08:36:45,701 INFO  server.RaftServerConfigKeys (ConfUtils.java:logGet(43)) - raft.server.log.statemachine.data.sync.timeout = 10s (default)
2019-07-14 08:36:45,701 INFO  server.RaftServerConfigKeys (ConfUtils.java:logGet(43)) - raft.server.log.statemachine.data.sync.timeout.retry = -1 (default)
2019-07-14 08:36:45,701 INFO  server.RaftServerConfigKeys (ConfUtils.java:logGet(43)) - raft.server.log.statemachine.data.caching.enabled = true (custom)
2019-07-14 08:36:45,702 INFO  segmented.SegmentedRaftLogWorker (SegmentedRaftLogWorker.java:lambda$new$0(132)) - f94c9d11-4a66-4c5b-82e4-ebde518e5a4f-SegmentedRaftLogWorker:Storage Directory /workdir/hadoop-ozone/integration-test/target/test-dir/MiniOzoneClusterImpl-d4d9d1d5-6826-40d2-ba25-7fec43350d72/datanode-6/data/ratis/5449e41e-414c-4fc1-b9cc-2002b1dd1cf0: flushIndex: setUnconditionally 0 -> -1
2019-07-14 08:36:45,702 INFO  server.RaftServerConfigKeys (ConfUtils.java:logGet(43)) - raft.server.snapshot.auto.trigger.enabled = true (custom)
2019-07-14 08:36:45,702 INFO  server.RaftServerConfigKeys (ConfUtils.java:logGet(43)) - raft.server.snapshot.auto.trigger.threshold = 10000 (custom)
2019-07-14 08:36:45,702 INFO  server.RaftServerConfigKeys (ConfUtils.java:logGet(43)) - raft.server.retrycache.expirytime = 600000ms (custom)
2019-07-14 08:36:45,703 INFO  impl.RaftServerImpl (RaftServerImpl.java:start(180)) - f94c9d11-4a66-4c5b-82e4-ebde518e5a4f: start group-2002B1DD1CF0
2019-07-14 08:36:45,703 INFO  impl.RaftServerImpl (RaftServerImpl.java:setRole(171)) - f94c9d11-4a66-4c5b-82e4-ebde518e5a4f:group-2002B1DD1CF0 changes role from null to FOLLOWER at term 0 for startAsFollower
2019-07-14 08:36:45,703 INFO  impl.RoleInfo (RoleInfo.java:updateAndGet(143)) - f94c9d11-4a66-4c5b-82e4-ebde518e5a4f: start FollowerState
2019-07-14 08:36:45,703 INFO  util.JmxRegister (JmxRegister.java:tryRegister(44)) - Successfully registered JMX Bean with object name Ratis:service=RaftServer,group=group-2002B1DD1CF0,id=f94c9d11-4a66-4c5b-82e4-ebde518e5a4f
2019-07-14 08:36:45,708 INFO  pipeline.PipelineStateManager (PipelineStateManager.java:addPipeline(56)) - Created pipeline Pipeline[ Id: 5449e41e-414c-4fc1-b9cc-2002b1dd1cf0, Nodes: f94c9d11-4a66-4c5b-82e4-ebde518e5a4f{ip: 192.168.5.191, host: trunk-nightly-5z2vd-27108033, networkLocation: /default-rack, certSerialId: null}, Type:RATIS, Factor:ONE, State:OPEN]
2019-07-14 08:36:46,660 INFO  ozone.MiniOzoneClusterImpl (MiniOzoneClusterImpl.java:lambda$waitForClusterToBeReady$0(142)) - Cluster is ready. Got 7 of 7 DN Heartbeats.
2019-07-14 08:36:46,713 INFO  rpc.RpcClient (RpcClient.java:createVolume(287)) - Creating Volume: testblockoutputstream, with jenkins1000 as owner.
2019-07-14 08:36:46,739 INFO  rpc.RpcClient (RpcClient.java:createBucket(424)) - Creating Bucket: testblockoutputstream/testblockoutputstream, with Versioning false and Storage Type set to DISK and Encryption set to false 
2019-07-14 08:36:46,773 INFO  client.GrpcClientProtocolClient (GrpcClientProtocolClient.java:onNext(255)) - client-0A1229A644E4->9c20c9b5-9357-4e10-a431-87958d826eb0: receive RaftClientReply:client-0A1229A644E4->9c20c9b5-9357-4e10-a431-87958d826eb0@group-E320AAD9F214, cid=148, FAILED org.apache.ratis.protocol.NotLeaderException: Server 9c20c9b5-9357-4e10-a431-87958d826eb0 is not the leader (null). Request must be sent to leader., logIndex=0, commits[9c20c9b5-9357-4e10-a431-87958d826eb0:c-1]
2019-07-14 08:36:47,529 INFO  container.ReplicationManager (ReplicationManager.java:start(155)) - Starting Replication Monitor Thread.
2019-07-14 08:36:47,534 INFO  container.ReplicationManager (ReplicationManager.java:run(207)) - Replication Monitor Thread took 0 milliseconds for processing 1 containers.
2019-07-14 08:36:48,791 INFO  client.GrpcClientProtocolClient (GrpcClientProtocolClient.java:onNext(255)) - client-0A1229A644E4->9c20c9b5-9357-4e10-a431-87958d826eb0: receive RaftClientReply:client-0A1229A644E4->9c20c9b5-9357-4e10-a431-87958d826eb0@group-E320AAD9F214, cid=148, FAILED org.apache.ratis.protocol.NotLeaderException: Server 9c20c9b5-9357-4e10-a431-87958d826eb0 is not the leader (null). Request must be sent to leader., logIndex=0, commits[9c20c9b5-9357-4e10-a431-87958d826eb0:c-1]
2019-07-14 08:36:49,668 INFO  impl.FollowerState (FollowerState.java:run(106)) - c20c3292-948d-4bbf-bd7e-6b3b697d6238:group-BB2224A8FD83 changes to CANDIDATE, lastRpcTime:5089, electionTimeout:5089ms
2019-07-14 08:36:49,668 INFO  impl.RoleInfo (RoleInfo.java:shutdownFollowerState(121)) - c20c3292-948d-4bbf-bd7e-6b3b697d6238: shutdown FollowerState
2019-07-14 08:36:49,668 INFO  impl.RaftServerImpl (RaftServerImpl.java:setRole(171)) - c20c3292-948d-4bbf-bd7e-6b3b697d6238:group-BB2224A8FD83 changes role from FOLLOWER to CANDIDATE at term 0 for changeToCandidate
2019-07-14 08:36:49,668 INFO  impl.RoleInfo (RoleInfo.java:updateAndGet(143)) - c20c3292-948d-4bbf-bd7e-6b3b697d6238: start LeaderElection
2019-07-14 08:36:49,691 INFO  impl.LeaderElection (LeaderElection.java:askForVotes(181)) - c20c3292-948d-4bbf-bd7e-6b3b697d6238:group-BB2224A8FD83:LeaderElection53: begin an election at term 1 for -1: [c20c3292-948d-4bbf-bd7e-6b3b697d6238:192.168.5.191:40518], old=null
2019-07-14 08:36:49,691 INFO  impl.RoleInfo (RoleInfo.java:shutdownLeaderElection(134)) - c20c3292-948d-4bbf-bd7e-6b3b697d6238: shutdown LeaderElection
2019-07-14 08:36:49,691 INFO  impl.RaftServerImpl (RaftServerImpl.java:setRole(171)) - c20c3292-948d-4bbf-bd7e-6b3b697d6238:group-BB2224A8FD83 changes role from CANDIDATE to LEADER at term 1 for changeToLeader
2019-07-14 08:36:49,691 INFO  impl.RaftServerImpl (ServerState.java:setLeader(263)) - c20c3292-948d-4bbf-bd7e-6b3b697d6238:group-BB2224A8FD83 change Leader from null to c20c3292-948d-4bbf-bd7e-6b3b697d6238 at term 1 for becomeLeader, leader elected after 5119ms
2019-07-14 08:36:49,694 INFO  server.RaftServerConfigKeys (ConfUtils.java:logGet(43)) - raft.server.staging.catchup.gap = 1000 (default)
2019-07-14 08:36:49,694 INFO  server.RaftServerConfigKeys (ConfUtils.java:logGet(43)) - raft.server.rpc.sleep.time = 25ms (default)
2019-07-14 08:36:49,694 INFO  server.RaftServerConfigKeys (ConfUtils.java:logGet(43)) - raft.server.write.element-limit = 4096 (default)
2019-07-14 08:36:49,694 INFO  server.RaftServerConfigKeys (ConfUtils.java:logGet(43)) - raft.server.watch.timeout = 10s (default)
2019-07-14 08:36:49,695 INFO  server.RaftServerConfigKeys (ConfUtils.java:logGet(43)) - raft.server.watch.timeout.denomination = 1s (default)
2019-07-14 08:36:49,695 INFO  server.RaftServerConfigKeys (ConfUtils.java:logGet(43)) - raft.server.watch.element-limit = 65536 (default)
2019-07-14 08:36:49,695 INFO  impl.RoleInfo (RoleInfo.java:updateAndGet(143)) - c20c3292-948d-4bbf-bd7e-6b3b697d6238: start LeaderState
2019-07-14 08:36:49,696 INFO  segmented.SegmentedRaftLogWorker (SegmentedRaftLogWorker.java:startLogSegment(380)) - c20c3292-948d-4bbf-bd7e-6b3b697d6238-SegmentedRaftLogWorker:Storage Directory /workdir/hadoop-ozone/integration-test/target/test-dir/MiniOzoneClusterImpl-d4d9d1d5-6826-40d2-ba25-7fec43350d72/datanode-0/data/ratis/2930a69b-05f1-4ae4-add6-bb2224a8fd83: Starting segment from index:0
2019-07-14 08:36:49,696 INFO  impl.RaftServerImpl (ServerState.java:setRaftConf(361)) - c20c3292-948d-4bbf-bd7e-6b3b697d6238:group-BB2224A8FD83 set configuration 0: [c20c3292-948d-4bbf-bd7e-6b3b697d6238:192.168.5.191:40518], old=null at 0
2019-07-14 08:36:49,728 INFO  segmented.SegmentedRaftLogWorker (SegmentedRaftLogWorker.java:execute(569)) - c20c3292-948d-4bbf-bd7e-6b3b697d6238-SegmentedRaftLogWorker:Storage Directory /workdir/hadoop-ozone/integration-test/target/test-dir/MiniOzoneClusterImpl-d4d9d1d5-6826-40d2-ba25-7fec43350d72/datanode-0/data/ratis/2930a69b-05f1-4ae4-add6-bb2224a8fd83: created new log segment /workdir/hadoop-ozone/integration-test/target/test-dir/MiniOzoneClusterImpl-d4d9d1d5-6826-40d2-ba25-7fec43350d72/datanode-0/data/ratis/2930a69b-05f1-4ae4-add6-bb2224a8fd83/current/log_inprogress_0
2019-07-14 08:36:49,811 INFO  impl.FollowerState (FollowerState.java:run(106)) - 15bf218b-f591-44d2-b923-e6c91f666683:group-7ECC7634C802 changes to CANDIDATE, lastRpcTime:5082, electionTimeout:5082ms
2019-07-14 08:36:49,811 INFO  impl.RoleInfo (RoleInfo.java:shutdownFollowerState(121)) - 15bf218b-f591-44d2-b923-e6c91f666683: shutdown FollowerState
2019-07-14 08:36:49,811 INFO  impl.RaftServerImpl (RaftServerImpl.java:setRole(171)) - 15bf218b-f591-44d2-b923-e6c91f666683:group-7ECC7634C802 changes role from FOLLOWER to CANDIDATE at term 0 for changeToCandidate
2019-07-14 08:36:49,811 INFO  impl.RoleInfo (RoleInfo.java:updateAndGet(143)) - 15bf218b-f591-44d2-b923-e6c91f666683: start LeaderElection
2019-07-14 08:36:49,831 INFO  impl.LeaderElection (LeaderElection.java:askForVotes(181)) - 15bf218b-f591-44d2-b923-e6c91f666683:group-7ECC7634C802:LeaderElection54: begin an election at term 1 for -1: [15bf218b-f591-44d2-b923-e6c91f666683:192.168.5.191:39583], old=null
2019-07-14 08:36:49,832 INFO  impl.RoleInfo (RoleInfo.java:shutdownLeaderElection(134)) - 15bf218b-f591-44d2-b923-e6c91f666683: shutdown LeaderElection
2019-07-14 08:36:49,832 INFO  impl.RaftServerImpl (RaftServerImpl.java:setRole(171)) - 15bf218b-f591-44d2-b923-e6c91f666683:group-7ECC7634C802 changes role from CANDIDATE to LEADER at term 1 for changeToLeader
2019-07-14 08:36:49,832 INFO  impl.RaftServerImpl (ServerState.java:setLeader(263)) - 15bf218b-f591-44d2-b923-e6c91f666683:group-7ECC7634C802 change Leader from null to 15bf218b-f591-44d2-b923-e6c91f666683 at term 1 for becomeLeader, leader elected after 5108ms
2019-07-14 08:36:49,834 INFO  server.RaftServerConfigKeys (ConfUtils.java:logGet(43)) - raft.server.staging.catchup.gap = 1000 (default)
2019-07-14 08:36:49,834 INFO  server.RaftServerConfigKeys (ConfUtils.java:logGet(43)) - raft.server.rpc.sleep.time = 25ms (default)
2019-07-14 08:36:49,835 INFO  server.RaftServerConfigKeys (ConfUtils.java:logGet(43)) - raft.server.write.element-limit = 4096 (default)
2019-07-14 08:36:49,835 INFO  server.RaftServerConfigKeys (ConfUtils.java:logGet(43)) - raft.server.watch.timeout = 10s (default)
2019-07-14 08:36:49,835 INFO  server.RaftServerConfigKeys (ConfUtils.java:logGet(43)) - raft.server.watch.timeout.denomination = 1s (default)
2019-07-14 08:36:49,835 INFO  server.RaftServerConfigKeys (ConfUtils.java:logGet(43)) - raft.server.watch.element-limit = 65536 (default)
2019-07-14 08:36:49,835 INFO  impl.RoleInfo (RoleInfo.java:updateAndGet(143)) - 15bf218b-f591-44d2-b923-e6c91f666683: start LeaderState
2019-07-14 08:36:49,836 INFO  segmented.SegmentedRaftLogWorker (SegmentedRaftLogWorker.java:startLogSegment(380)) - 15bf218b-f591-44d2-b923-e6c91f666683-SegmentedRaftLogWorker:Storage Directory /workdir/hadoop-ozone/integration-test/target/test-dir/MiniOzoneClusterImpl-d4d9d1d5-6826-40d2-ba25-7fec43350d72/datanode-1/data/ratis/91a99986-75d5-4865-acdd-7ecc7634c802: Starting segment from index:0
2019-07-14 08:36:49,836 INFO  impl.RaftServerImpl (ServerState.java:setRaftConf(361)) - 15bf218b-f591-44d2-b923-e6c91f666683:group-7ECC7634C802 set configuration 0: [15bf218b-f591-44d2-b923-e6c91f666683:192.168.5.191:39583], old=null at 0
2019-07-14 08:36:49,867 INFO  segmented.SegmentedRaftLogWorker (SegmentedRaftLogWorker.java:execute(569)) - 15bf218b-f591-44d2-b923-e6c91f666683-SegmentedRaftLogWorker:Storage Directory /workdir/hadoop-ozone/integration-test/target/test-dir/MiniOzoneClusterImpl-d4d9d1d5-6826-40d2-ba25-7fec43350d72/datanode-1/data/ratis/91a99986-75d5-4865-acdd-7ecc7634c802: created new log segment /workdir/hadoop-ozone/integration-test/target/test-dir/MiniOzoneClusterImpl-d4d9d1d5-6826-40d2-ba25-7fec43350d72/datanode-1/data/ratis/91a99986-75d5-4865-acdd-7ecc7634c802/current/log_inprogress_0
2019-07-14 08:36:49,975 INFO  impl.FollowerState (FollowerState.java:run(106)) - 15bf218b-f591-44d2-b923-e6c91f666683:group-442727C201DD changes to CANDIDATE, lastRpcTime:5016, electionTimeout:5016ms
2019-07-14 08:36:49,975 INFO  impl.RoleInfo (RoleInfo.java:shutdownFollowerState(121)) - 15bf218b-f591-44d2-b923-e6c91f666683: shutdown FollowerState
2019-07-14 08:36:49,975 INFO  impl.RaftServerImpl (RaftServerImpl.java:setRole(171)) - 15bf218b-f591-44d2-b923-e6c91f666683:group-442727C201DD changes role from FOLLOWER to CANDIDATE at term 0 for changeToCandidate
2019-07-14 08:36:49,975 INFO  impl.RoleInfo (RoleInfo.java:updateAndGet(143)) - 15bf218b-f591-44d2-b923-e6c91f666683: start LeaderElection
2019-07-14 08:36:49,997 INFO  impl.LeaderElection (LeaderElection.java:askForVotes(181)) - 15bf218b-f591-44d2-b923-e6c91f666683:group-442727C201DD:LeaderElection55: begin an election at term 1 for -1: [c20c3292-948d-4bbf-bd7e-6b3b697d6238:192.168.5.191:40518, 15bf218b-f591-44d2-b923-e6c91f666683:192.168.5.191:39583, 9c20c9b5-9357-4e10-a431-87958d826eb0:192.168.5.191:36548], old=null
2019-07-14 08:36:50,007 INFO  impl.RaftServerImpl (RaftServerImpl.java:setRole(171)) - c20c3292-948d-4bbf-bd7e-6b3b697d6238:group-442727C201DD changes role from FOLLOWER to FOLLOWER at term 1 for recognizeCandidate:15bf218b-f591-44d2-b923-e6c91f666683
2019-07-14 08:36:50,007 INFO  impl.RaftServerImpl (RaftServerImpl.java:setRole(171)) - 9c20c9b5-9357-4e10-a431-87958d826eb0:group-442727C201DD changes role from FOLLOWER to FOLLOWER at term 1 for recognizeCandidate:15bf218b-f591-44d2-b923-e6c91f666683
2019-07-14 08:36:50,007 INFO  impl.RoleInfo (RoleInfo.java:shutdownFollowerState(121)) - c20c3292-948d-4bbf-bd7e-6b3b697d6238: shutdown FollowerState
2019-07-14 08:36:50,008 INFO  impl.RoleInfo (RoleInfo.java:shutdownFollowerState(121)) - 9c20c9b5-9357-4e10-a431-87958d826eb0: shutdown FollowerState
2019-07-14 08:36:50,008 INFO  impl.FollowerState (FollowerState.java:run(114)) - c20c3292-948d-4bbf-bd7e-6b3b697d6238: FollowerState was interrupted: java.lang.InterruptedException: sleep interrupted
2019-07-14 08:36:50,008 INFO  impl.RoleInfo (RoleInfo.java:updateAndGet(143)) - c20c3292-948d-4bbf-bd7e-6b3b697d6238: start FollowerState
2019-07-14 08:36:50,008 INFO  impl.RoleInfo (RoleInfo.java:updateAndGet(143)) - 9c20c9b5-9357-4e10-a431-87958d826eb0: start FollowerState
2019-07-14 08:36:50,008 INFO  impl.FollowerState (FollowerState.java:run(114)) - 9c20c9b5-9357-4e10-a431-87958d826eb0: FollowerState was interrupted: java.lang.InterruptedException: sleep interrupted
2019-07-14 08:36:50,024 INFO  impl.LeaderElection (LeaderElection.java:logAndReturn(56)) - 15bf218b-f591-44d2-b923-e6c91f666683:group-442727C201DD:LeaderElection55: Election PASSED; received 1 response(s) [15bf218b-f591-44d2-b923-e6c91f666683<-c20c3292-948d-4bbf-bd7e-6b3b697d6238#0:OK-t1] and 0 exception(s); 15bf218b-f591-44d2-b923-e6c91f666683:t1, leader=null, voted=15bf218b-f591-44d2-b923-e6c91f666683, raftlog=15bf218b-f591-44d2-b923-e6c91f666683-SegmentedRaftLog:OPENED:c-1,f-1,i0, conf=-1: [c20c3292-948d-4bbf-bd7e-6b3b697d6238:192.168.5.191:40518, 15bf218b-f591-44d2-b923-e6c91f666683:192.168.5.191:39583, 9c20c9b5-9357-4e10-a431-87958d826eb0:192.168.5.191:36548], old=null
2019-07-14 08:36:50,024 INFO  impl.RoleInfo (RoleInfo.java:shutdownLeaderElection(134)) - 15bf218b-f591-44d2-b923-e6c91f666683: shutdown LeaderElection
2019-07-14 08:36:50,024 INFO  impl.RaftServerImpl (RaftServerImpl.java:setRole(171)) - 15bf218b-f591-44d2-b923-e6c91f666683:group-442727C201DD changes role from CANDIDATE to LEADER at term 1 for changeToLeader
2019-07-14 08:36:50,024 INFO  impl.RaftServerImpl (ServerState.java:setLeader(263)) - 15bf218b-f591-44d2-b923-e6c91f666683:group-442727C201DD change Leader from null to 15bf218b-f591-44d2-b923-e6c91f666683 at term 1 for becomeLeader, leader elected after 5076ms
2019-07-14 08:36:50,024 INFO  server.RaftServerConfigKeys (ConfUtils.java:logGet(43)) - raft.server.staging.catchup.gap = 1000 (default)
2019-07-14 08:36:50,024 INFO  server.RaftServerConfigKeys (ConfUtils.java:logGet(43)) - raft.server.rpc.sleep.time = 25ms (default)
2019-07-14 08:36:50,025 INFO  server.RaftServerConfigKeys (ConfUtils.java:logGet(43)) - raft.server.write.element-limit = 4096 (default)
2019-07-14 08:36:50,025 INFO  server.RaftServerConfigKeys (ConfUtils.java:logGet(43)) - raft.server.watch.timeout = 10s (default)
2019-07-14 08:36:50,025 INFO  server.RaftServerConfigKeys (ConfUtils.java:logGet(43)) - raft.server.watch.timeout.denomination = 1s (default)
2019-07-14 08:36:50,025 INFO  server.RaftServerConfigKeys (ConfUtils.java:logGet(43)) - raft.server.watch.element-limit = 65536 (default)
2019-07-14 08:36:50,025 INFO  server.RaftServerConfigKeys (ConfUtils.java:logGet(43)) - raft.server.log.appender.snapshot.chunk.size.max = 16MB (=16777216) (default)
2019-07-14 08:36:50,026 INFO  server.RaftServerConfigKeys (ConfUtils.java:logGet(43)) - raft.server.log.appender.buffer.byte-limit = 33554432 (custom)
2019-07-14 08:36:50,026 INFO  server.RaftServerConfigKeys (ConfUtils.java:logGet(43)) - raft.server.log.appender.buffer.element-limit = 1 (custom)
2019-07-14 08:36:50,026 INFO  grpc.GrpcConfigKeys$Server (ConfUtils.java:logGet(43)) - raft.grpc.server.leader.outstanding.appends.max = 128 (default)
2019-07-14 08:36:50,026 INFO  server.RaftServerConfigKeys (ConfUtils.java:logGet(43)) - raft.server.rpc.request.timeout = 3000ms (default)
2019-07-14 08:36:50,026 INFO  server.RaftServerConfigKeys (ConfUtils.java:logGet(43)) - raft.server.log.appender.install.snapshot.enabled = false (custom)
2019-07-14 08:36:50,027 INFO  server.RaftServerConfigKeys (ConfUtils.java:logGet(43)) - raft.server.log.appender.snapshot.chunk.size.max = 16MB (=16777216) (default)
2019-07-14 08:36:50,027 INFO  server.RaftServerConfigKeys (ConfUtils.java:logGet(43)) - raft.server.log.appender.buffer.byte-limit = 33554432 (custom)
2019-07-14 08:36:50,027 INFO  server.RaftServerConfigKeys (ConfUtils.java:logGet(43)) - raft.server.log.appender.buffer.element-limit = 1 (custom)
2019-07-14 08:36:50,027 INFO  grpc.GrpcConfigKeys$Server (ConfUtils.java:logGet(43)) - raft.grpc.server.leader.outstanding.appends.max = 128 (default)
2019-07-14 08:36:50,027 INFO  server.RaftServerConfigKeys (ConfUtils.java:logGet(43)) - raft.server.rpc.request.timeout = 3000ms (default)
2019-07-14 08:36:50,027 INFO  server.RaftServerConfigKeys (ConfUtils.java:logGet(43)) - raft.server.log.appender.install.snapshot.enabled = false (custom)
2019-07-14 08:36:50,028 INFO  impl.RoleInfo (RoleInfo.java:updateAndGet(143)) - 15bf218b-f591-44d2-b923-e6c91f666683: start LeaderState
2019-07-14 08:36:50,028 INFO  segmented.SegmentedRaftLogWorker (SegmentedRaftLogWorker.java:startLogSegment(380)) - 15bf218b-f591-44d2-b923-e6c91f666683-SegmentedRaftLogWorker:Storage Directory /workdir/hadoop-ozone/integration-test/target/test-dir/MiniOzoneClusterImpl-d4d9d1d5-6826-40d2-ba25-7fec43350d72/datanode-1/data/ratis/996ffe8f-26f5-4d1c-83e4-442727c201dd: Starting segment from index:0
2019-07-14 08:36:50,029 INFO  impl.RaftServerImpl (ServerState.java:setRaftConf(361)) - 15bf218b-f591-44d2-b923-e6c91f666683:group-442727C201DD set configuration 0: [c20c3292-948d-4bbf-bd7e-6b3b697d6238:192.168.5.191:40518, 15bf218b-f591-44d2-b923-e6c91f666683:192.168.5.191:39583, 9c20c9b5-9357-4e10-a431-87958d826eb0:192.168.5.191:36548], old=null at 0
2019-07-14 08:36:50,054 INFO  impl.RaftServerImpl (ServerState.java:setLeader(263)) - c20c3292-948d-4bbf-bd7e-6b3b697d6238:group-442727C201DD change Leader from null to 15bf218b-f591-44d2-b923-e6c91f666683 at term 1 for appendEntries, leader elected after 5110ms
2019-07-14 08:36:50,069 INFO  segmented.SegmentedRaftLogWorker (SegmentedRaftLogWorker.java:execute(569)) - 15bf218b-f591-44d2-b923-e6c91f666683-SegmentedRaftLogWorker:Storage Directory /workdir/hadoop-ozone/integration-test/target/test-dir/MiniOzoneClusterImpl-d4d9d1d5-6826-40d2-ba25-7fec43350d72/datanode-1/data/ratis/996ffe8f-26f5-4d1c-83e4-442727c201dd: created new log segment /workdir/hadoop-ozone/integration-test/target/test-dir/MiniOzoneClusterImpl-d4d9d1d5-6826-40d2-ba25-7fec43350d72/datanode-1/data/ratis/996ffe8f-26f5-4d1c-83e4-442727c201dd/current/log_inprogress_0
2019-07-14 08:36:50,070 INFO  impl.RaftServerImpl (ServerState.java:setLeader(263)) - 9c20c9b5-9357-4e10-a431-87958d826eb0:group-442727C201DD change Leader from null to 15bf218b-f591-44d2-b923-e6c91f666683 at term 1 for appendEntries, leader elected after 5126ms
2019-07-14 08:36:50,074 INFO  impl.RaftServerImpl (ServerState.java:setRaftConf(361)) - c20c3292-948d-4bbf-bd7e-6b3b697d6238:group-442727C201DD set configuration 0: [c20c3292-948d-4bbf-bd7e-6b3b697d6238:192.168.5.191:40518, 15bf218b-f591-44d2-b923-e6c91f666683:192.168.5.191:39583, 9c20c9b5-9357-4e10-a431-87958d826eb0:192.168.5.191:36548], old=null at 0
2019-07-14 08:36:50,075 INFO  segmented.SegmentedRaftLogWorker (SegmentedRaftLogWorker.java:startLogSegment(380)) - c20c3292-948d-4bbf-bd7e-6b3b697d6238-SegmentedRaftLogWorker:Storage Directory /workdir/hadoop-ozone/integration-test/target/test-dir/MiniOzoneClusterImpl-d4d9d1d5-6826-40d2-ba25-7fec43350d72/datanode-0/data/ratis/996ffe8f-26f5-4d1c-83e4-442727c201dd: Starting segment from index:0
2019-07-14 08:36:50,075 INFO  impl.RaftServerImpl (ServerState.java:setRaftConf(361)) - 9c20c9b5-9357-4e10-a431-87958d826eb0:group-442727C201DD set configuration 0: [c20c3292-948d-4bbf-bd7e-6b3b697d6238:192.168.5.191:40518, 15bf218b-f591-44d2-b923-e6c91f666683:192.168.5.191:39583, 9c20c9b5-9357-4e10-a431-87958d826eb0:192.168.5.191:36548], old=null at 0
2019-07-14 08:36:50,075 INFO  segmented.SegmentedRaftLogWorker (SegmentedRaftLogWorker.java:startLogSegment(380)) - 9c20c9b5-9357-4e10-a431-87958d826eb0-SegmentedRaftLogWorker:Storage Directory /workdir/hadoop-ozone/integration-test/target/test-dir/MiniOzoneClusterImpl-d4d9d1d5-6826-40d2-ba25-7fec43350d72/datanode-2/data/ratis/996ffe8f-26f5-4d1c-83e4-442727c201dd: Starting segment from index:0
2019-07-14 08:36:50,081 INFO  impl.FollowerState (FollowerState.java:run(106)) - 9c20c9b5-9357-4e10-a431-87958d826eb0:group-E320AAD9F214 changes to CANDIDATE, lastRpcTime:5171, electionTimeout:5171ms
2019-07-14 08:36:50,082 INFO  impl.RoleInfo (RoleInfo.java:shutdownFollowerState(121)) - 9c20c9b5-9357-4e10-a431-87958d826eb0: shutdown FollowerState
2019-07-14 08:36:50,082 INFO  impl.RaftServerImpl (RaftServerImpl.java:setRole(171)) - 9c20c9b5-9357-4e10-a431-87958d826eb0:group-E320AAD9F214 changes role from FOLLOWER to CANDIDATE at term 0 for changeToCandidate
2019-07-14 08:36:50,082 INFO  impl.RoleInfo (RoleInfo.java:updateAndGet(143)) - 9c20c9b5-9357-4e10-a431-87958d826eb0: start LeaderElection
2019-07-14 08:36:50,105 INFO  segmented.SegmentedRaftLogWorker (SegmentedRaftLogWorker.java:execute(569)) - 9c20c9b5-9357-4e10-a431-87958d826eb0-SegmentedRaftLogWorker:Storage Directory /workdir/hadoop-ozone/integration-test/target/test-dir/MiniOzoneClusterImpl-d4d9d1d5-6826-40d2-ba25-7fec43350d72/datanode-2/data/ratis/996ffe8f-26f5-4d1c-83e4-442727c201dd: created new log segment /workdir/hadoop-ozone/integration-test/target/test-dir/MiniOzoneClusterImpl-d4d9d1d5-6826-40d2-ba25-7fec43350d72/datanode-2/data/ratis/996ffe8f-26f5-4d1c-83e4-442727c201dd/current/log_inprogress_0
2019-07-14 08:36:50,105 INFO  segmented.SegmentedRaftLogWorker (SegmentedRaftLogWorker.java:execute(569)) - c20c3292-948d-4bbf-bd7e-6b3b697d6238-SegmentedRaftLogWorker:Storage Directory /workdir/hadoop-ozone/integration-test/target/test-dir/MiniOzoneClusterImpl-d4d9d1d5-6826-40d2-ba25-7fec43350d72/datanode-0/data/ratis/996ffe8f-26f5-4d1c-83e4-442727c201dd: created new log segment /workdir/hadoop-ozone/integration-test/target/test-dir/MiniOzoneClusterImpl-d4d9d1d5-6826-40d2-ba25-7fec43350d72/datanode-0/data/ratis/996ffe8f-26f5-4d1c-83e4-442727c201dd/current/log_inprogress_0
2019-07-14 08:36:50,106 INFO  impl.LeaderElection (LeaderElection.java:askForVotes(181)) - 9c20c9b5-9357-4e10-a431-87958d826eb0:group-E320AAD9F214:LeaderElection56: begin an election at term 1 for -1: [9c20c9b5-9357-4e10-a431-87958d826eb0:192.168.5.191:36548], old=null
2019-07-14 08:36:50,107 INFO  impl.RoleInfo (RoleInfo.java:shutdownLeaderElection(134)) - 9c20c9b5-9357-4e10-a431-87958d826eb0: shutdown LeaderElection
2019-07-14 08:36:50,107 INFO  impl.RaftServerImpl (RaftServerImpl.java:setRole(171)) - 9c20c9b5-9357-4e10-a431-87958d826eb0:group-E320AAD9F214 changes role from CANDIDATE to LEADER at term 1 for changeToLeader
2019-07-14 08:36:50,107 INFO  impl.RaftServerImpl (ServerState.java:setLeader(263)) - 9c20c9b5-9357-4e10-a431-87958d826eb0:group-E320AAD9F214 change Leader from null to 9c20c9b5-9357-4e10-a431-87958d826eb0 at term 1 for becomeLeader, leader elected after 5201ms
2019-07-14 08:36:50,109 INFO  server.RaftServerConfigKeys (ConfUtils.java:logGet(43)) - raft.server.staging.catchup.gap = 1000 (default)
2019-07-14 08:36:50,109 INFO  server.RaftServerConfigKeys (ConfUtils.java:logGet(43)) - raft.server.rpc.sleep.time = 25ms (default)
2019-07-14 08:36:50,109 INFO  server.RaftServerConfigKeys (ConfUtils.java:logGet(43)) - raft.server.write.element-limit = 4096 (default)
2019-07-14 08:36:50,110 INFO  server.RaftServerConfigKeys (ConfUtils.java:logGet(43)) - raft.server.watch.timeout = 10s (default)
2019-07-14 08:36:50,110 INFO  server.RaftServerConfigKeys (ConfUtils.java:logGet(43)) - raft.server.watch.timeout.denomination = 1s (default)
2019-07-14 08:36:50,110 INFO  server.RaftServerConfigKeys (ConfUtils.java:logGet(43)) - raft.server.watch.element-limit = 65536 (default)
2019-07-14 08:36:50,110 INFO  impl.RoleInfo (RoleInfo.java:updateAndGet(143)) - 9c20c9b5-9357-4e10-a431-87958d826eb0: start LeaderState
2019-07-14 08:36:50,110 INFO  segmented.SegmentedRaftLogWorker (SegmentedRaftLogWorker.java:startLogSegment(380)) - 9c20c9b5-9357-4e10-a431-87958d826eb0-SegmentedRaftLogWorker:Storage Directory /workdir/hadoop-ozone/integration-test/target/test-dir/MiniOzoneClusterImpl-d4d9d1d5-6826-40d2-ba25-7fec43350d72/datanode-2/data/ratis/af8bf665-5452-4954-b809-e320aad9f214: Starting segment from index:0
2019-07-14 08:36:50,111 INFO  impl.RaftServerImpl (ServerState.java:setRaftConf(361)) - 9c20c9b5-9357-4e10-a431-87958d826eb0:group-E320AAD9F214 set configuration 0: [9c20c9b5-9357-4e10-a431-87958d826eb0:192.168.5.191:36548], old=null at 0
2019-07-14 08:36:50,134 INFO  segmented.SegmentedRaftLogWorker (SegmentedRaftLogWorker.java:execute(569)) - 9c20c9b5-9357-4e10-a431-87958d826eb0-SegmentedRaftLogWorker:Storage Directory /workdir/hadoop-ozone/integration-test/target/test-dir/MiniOzoneClusterImpl-d4d9d1d5-6826-40d2-ba25-7fec43350d72/datanode-2/data/ratis/af8bf665-5452-4954-b809-e320aad9f214: created new log segment /workdir/hadoop-ozone/integration-test/target/test-dir/MiniOzoneClusterImpl-d4d9d1d5-6826-40d2-ba25-7fec43350d72/datanode-2/data/ratis/af8bf665-5452-4954-b809-e320aad9f214/current/log_inprogress_0
2019-07-14 08:36:50,226 INFO  impl.FollowerState (FollowerState.java:run(106)) - 3d6e09b0-71ac-4bd1-9ea8-f038f205ef52:group-6F6075644236 changes to CANDIDATE, lastRpcTime:5142, electionTimeout:5142ms
2019-07-14 08:36:50,226 INFO  impl.RoleInfo (RoleInfo.java:shutdownFollowerState(121)) - 3d6e09b0-71ac-4bd1-9ea8-f038f205ef52: shutdown FollowerState
2019-07-14 08:36:50,226 INFO  impl.RaftServerImpl (RaftServerImpl.java:setRole(171)) - 3d6e09b0-71ac-4bd1-9ea8-f038f205ef52:group-6F6075644236 changes role from FOLLOWER to CANDIDATE at term 0 for changeToCandidate
2019-07-14 08:36:50,226 INFO  impl.RoleInfo (RoleInfo.java:updateAndGet(143)) - 3d6e09b0-71ac-4bd1-9ea8-f038f205ef52: start LeaderElection
2019-07-14 08:36:50,236 INFO  impl.LeaderElection (LeaderElection.java:askForVotes(181)) - 3d6e09b0-71ac-4bd1-9ea8-f038f205ef52:group-6F6075644236:LeaderElection57: begin an election at term 1 for -1: [3d6e09b0-71ac-4bd1-9ea8-f038f205ef52:192.168.5.191:44791], old=null
2019-07-14 08:36:50,236 INFO  impl.RoleInfo (RoleInfo.java:shutdownLeaderElection(134)) - 3d6e09b0-71ac-4bd1-9ea8-f038f205ef52: shutdown LeaderElection
2019-07-14 08:36:50,237 INFO  impl.RaftServerImpl (RaftServerImpl.java:setRole(171)) - 3d6e09b0-71ac-4bd1-9ea8-f038f205ef52:group-6F6075644236 changes role from CANDIDATE to LEADER at term 1 for changeToLeader
2019-07-14 08:36:50,237 INFO  impl.RaftServerImpl (ServerState.java:setLeader(263)) - 3d6e09b0-71ac-4bd1-9ea8-f038f205ef52:group-6F6075644236 change Leader from null to 3d6e09b0-71ac-4bd1-9ea8-f038f205ef52 at term 1 for becomeLeader, leader elected after 5158ms
2019-07-14 08:36:50,239 INFO  server.RaftServerConfigKeys (ConfUtils.java:logGet(43)) - raft.server.staging.catchup.gap = 1000 (default)
2019-07-14 08:36:50,239 INFO  server.RaftServerConfigKeys (ConfUtils.java:logGet(43)) - raft.server.rpc.sleep.time = 25ms (default)
2019-07-14 08:36:50,239 INFO  server.RaftServerConfigKeys (ConfUtils.java:logGet(43)) - raft.server.write.element-limit = 4096 (default)
2019-07-14 08:36:50,239 INFO  server.RaftServerConfigKeys (ConfUtils.java:logGet(43)) - raft.server.watch.timeout = 10s (default)
2019-07-14 08:36:50,239 INFO  server.RaftServerConfigKeys (ConfUtils.java:logGet(43)) - raft.server.watch.timeout.denomination = 1s (default)
2019-07-14 08:36:50,240 INFO  server.RaftServerConfigKeys (ConfUtils.java:logGet(43)) - raft.server.watch.element-limit = 65536 (default)
2019-07-14 08:36:50,240 INFO  impl.RoleInfo (RoleInfo.java:updateAndGet(143)) - 3d6e09b0-71ac-4bd1-9ea8-f038f205ef52: start LeaderState
2019-07-14 08:36:50,240 INFO  segmented.SegmentedRaftLogWorker (SegmentedRaftLogWorker.java:startLogSegment(380)) - 3d6e09b0-71ac-4bd1-9ea8-f038f205ef52-SegmentedRaftLogWorker:Storage Directory /workdir/hadoop-ozone/integration-test/target/test-dir/MiniOzoneClusterImpl-d4d9d1d5-6826-40d2-ba25-7fec43350d72/datanode-3/data/ratis/c0285850-d29c-4263-bc1d-6f6075644236: Starting segment from index:0
2019-07-14 08:36:50,241 INFO  impl.RaftServerImpl (ServerState.java:setRaftConf(361)) - 3d6e09b0-71ac-4bd1-9ea8-f038f205ef52:group-6F6075644236 set configuration 0: [3d6e09b0-71ac-4bd1-9ea8-f038f205ef52:192.168.5.191:44791], old=null at 0
2019-07-14 08:36:50,262 INFO  segmented.SegmentedRaftLogWorker (SegmentedRaftLogWorker.java:execute(569)) - 3d6e09b0-71ac-4bd1-9ea8-f038f205ef52-SegmentedRaftLogWorker:Storage Directory /workdir/hadoop-ozone/integration-test/target/test-dir/MiniOzoneClusterImpl-d4d9d1d5-6826-40d2-ba25-7fec43350d72/datanode-3/data/ratis/c0285850-d29c-4263-bc1d-6f6075644236: created new log segment /workdir/hadoop-ozone/integration-test/target/test-dir/MiniOzoneClusterImpl-d4d9d1d5-6826-40d2-ba25-7fec43350d72/datanode-3/data/ratis/c0285850-d29c-4263-bc1d-6f6075644236/current/log_inprogress_0
2019-07-14 08:36:50,437 INFO  impl.FollowerState (FollowerState.java:run(106)) - 222b7c1d-42ae-4fb6-8ca0-57306d8bd07f:group-71D958905A4F changes to CANDIDATE, lastRpcTime:5151, electionTimeout:5151ms
2019-07-14 08:36:50,438 INFO  impl.RoleInfo (RoleInfo.java:shutdownFollowerState(121)) - 222b7c1d-42ae-4fb6-8ca0-57306d8bd07f: shutdown FollowerState
2019-07-14 08:36:50,438 INFO  impl.RaftServerImpl (RaftServerImpl.java:setRole(171)) - 222b7c1d-42ae-4fb6-8ca0-57306d8bd07f:group-71D958905A4F changes role from FOLLOWER to CANDIDATE at term 0 for changeToCandidate
2019-07-14 08:36:50,438 INFO  impl.RoleInfo (RoleInfo.java:updateAndGet(143)) - 222b7c1d-42ae-4fb6-8ca0-57306d8bd07f: start LeaderElection
2019-07-14 08:36:50,459 INFO  impl.LeaderElection (LeaderElection.java:askForVotes(181)) - 222b7c1d-42ae-4fb6-8ca0-57306d8bd07f:group-71D958905A4F:LeaderElection58: begin an election at term 1 for -1: [222b7c1d-42ae-4fb6-8ca0-57306d8bd07f:192.168.5.191:33127], old=null
2019-07-14 08:36:50,459 INFO  impl.RoleInfo (RoleInfo.java:shutdownLeaderElection(134)) - 222b7c1d-42ae-4fb6-8ca0-57306d8bd07f: shutdown LeaderElection
2019-07-14 08:36:50,459 INFO  impl.RaftServerImpl (RaftServerImpl.java:setRole(171)) - 222b7c1d-42ae-4fb6-8ca0-57306d8bd07f:group-71D958905A4F changes role from CANDIDATE to LEADER at term 1 for changeToLeader
2019-07-14 08:36:50,460 INFO  impl.RaftServerImpl (ServerState.java:setLeader(263)) - 222b7c1d-42ae-4fb6-8ca0-57306d8bd07f:group-71D958905A4F change Leader from null to 222b7c1d-42ae-4fb6-8ca0-57306d8bd07f at term 1 for becomeLeader, leader elected after 5178ms
2019-07-14 08:36:50,462 INFO  server.RaftServerConfigKeys (ConfUtils.java:logGet(43)) - raft.server.staging.catchup.gap = 1000 (default)
2019-07-14 08:36:50,462 INFO  server.RaftServerConfigKeys (ConfUtils.java:logGet(43)) - raft.server.rpc.sleep.time = 25ms (default)
2019-07-14 08:36:50,462 INFO  server.RaftServerConfigKeys (ConfUtils.java:logGet(43)) - raft.server.write.element-limit = 4096 (default)
2019-07-14 08:36:50,462 INFO  server.RaftServerConfigKeys (ConfUtils.java:logGet(43)) - raft.server.watch.timeout = 10s (default)
2019-07-14 08:36:50,463 INFO  server.RaftServerConfigKeys (ConfUtils.java:logGet(43)) - raft.server.watch.timeout.denomination = 1s (default)
2019-07-14 08:36:50,463 INFO  server.RaftServerConfigKeys (ConfUtils.java:logGet(43)) - raft.server.watch.element-limit = 65536 (default)
2019-07-14 08:36:50,463 INFO  impl.RoleInfo (RoleInfo.java:updateAndGet(143)) - 222b7c1d-42ae-4fb6-8ca0-57306d8bd07f: start LeaderState
2019-07-14 08:36:50,463 INFO  segmented.SegmentedRaftLogWorker (SegmentedRaftLogWorker.java:startLogSegment(380)) - 222b7c1d-42ae-4fb6-8ca0-57306d8bd07f-SegmentedRaftLogWorker:Storage Directory /workdir/hadoop-ozone/integration-test/target/test-dir/MiniOzoneClusterImpl-d4d9d1d5-6826-40d2-ba25-7fec43350d72/datanode-4/data/ratis/2b7db7a2-c065-4a2b-ba8f-71d958905a4f: Starting segment from index:0
2019-07-14 08:36:50,464 INFO  impl.RaftServerImpl (ServerState.java:setRaftConf(361)) - 222b7c1d-42ae-4fb6-8ca0-57306d8bd07f:group-71D958905A4F set configuration 0: [222b7c1d-42ae-4fb6-8ca0-57306d8bd07f:192.168.5.191:33127], old=null at 0
2019-07-14 08:36:50,483 INFO  impl.FollowerState (FollowerState.java:run(106)) - d8f94c70-e4ac-469c-9d6c-ddc9f8f48866:group-C1D2709EDE84 changes to CANDIDATE, lastRpcTime:5009, electionTimeout:5009ms
2019-07-14 08:36:50,483 INFO  impl.RoleInfo (RoleInfo.java:shutdownFollowerState(121)) - d8f94c70-e4ac-469c-9d6c-ddc9f8f48866: shutdown FollowerState
2019-07-14 08:36:50,483 INFO  impl.RaftServerImpl (RaftServerImpl.java:setRole(171)) - d8f94c70-e4ac-469c-9d6c-ddc9f8f48866:group-C1D2709EDE84 changes role from FOLLOWER to CANDIDATE at term 0 for changeToCandidate
2019-07-14 08:36:50,483 INFO  impl.RoleInfo (RoleInfo.java:updateAndGet(143)) - d8f94c70-e4ac-469c-9d6c-ddc9f8f48866: start LeaderElection
2019-07-14 08:36:50,490 INFO  segmented.SegmentedRaftLogWorker (SegmentedRaftLogWorker.java:execute(569)) - 222b7c1d-42ae-4fb6-8ca0-57306d8bd07f-SegmentedRaftLogWorker:Storage Directory /workdir/hadoop-ozone/integration-test/target/test-dir/MiniOzoneClusterImpl-d4d9d1d5-6826-40d2-ba25-7fec43350d72/datanode-4/data/ratis/2b7db7a2-c065-4a2b-ba8f-71d958905a4f: created new log segment /workdir/hadoop-ozone/integration-test/target/test-dir/MiniOzoneClusterImpl-d4d9d1d5-6826-40d2-ba25-7fec43350d72/datanode-4/data/ratis/2b7db7a2-c065-4a2b-ba8f-71d958905a4f/current/log_inprogress_0
2019-07-14 08:36:50,499 INFO  impl.LeaderElection (LeaderElection.java:askForVotes(181)) - d8f94c70-e4ac-469c-9d6c-ddc9f8f48866:group-C1D2709EDE84:LeaderElection59: begin an election at term 1 for -1: [d8f94c70-e4ac-469c-9d6c-ddc9f8f48866:192.168.5.191:39033], old=null
2019-07-14 08:36:50,499 INFO  impl.RoleInfo (RoleInfo.java:shutdownLeaderElection(134)) - d8f94c70-e4ac-469c-9d6c-ddc9f8f48866: shutdown LeaderElection
2019-07-14 08:36:50,499 INFO  impl.RaftServerImpl (RaftServerImpl.java:setRole(171)) - d8f94c70-e4ac-469c-9d6c-ddc9f8f48866:group-C1D2709EDE84 changes role from CANDIDATE to LEADER at term 1 for changeToLeader
2019-07-14 08:36:50,499 INFO  impl.RaftServerImpl (ServerState.java:setLeader(263)) - d8f94c70-e4ac-469c-9d6c-ddc9f8f48866:group-C1D2709EDE84 change Leader from null to d8f94c70-e4ac-469c-9d6c-ddc9f8f48866 at term 1 for becomeLeader, leader elected after 5030ms
2019-07-14 08:36:50,501 INFO  server.RaftServerConfigKeys (ConfUtils.java:logGet(43)) - raft.server.staging.catchup.gap = 1000 (default)
2019-07-14 08:36:50,502 INFO  server.RaftServerConfigKeys (ConfUtils.java:logGet(43)) - raft.server.rpc.sleep.time = 25ms (default)
2019-07-14 08:36:50,502 INFO  server.RaftServerConfigKeys (ConfUtils.java:logGet(43)) - raft.server.write.element-limit = 4096 (default)
2019-07-14 08:36:50,502 INFO  server.RaftServerConfigKeys (ConfUtils.java:logGet(43)) - raft.server.watch.timeout = 10s (default)
2019-07-14 08:36:50,502 INFO  server.RaftServerConfigKeys (ConfUtils.java:logGet(43)) - raft.server.watch.timeout.denomination = 1s (default)
2019-07-14 08:36:50,502 INFO  server.RaftServerConfigKeys (ConfUtils.java:logGet(43)) - raft.server.watch.element-limit = 65536 (default)
2019-07-14 08:36:50,502 INFO  impl.RoleInfo (RoleInfo.java:updateAndGet(143)) - d8f94c70-e4ac-469c-9d6c-ddc9f8f48866: start LeaderState
2019-07-14 08:36:50,503 INFO  segmented.SegmentedRaftLogWorker (SegmentedRaftLogWorker.java:startLogSegment(380)) - d8f94c70-e4ac-469c-9d6c-ddc9f8f48866-SegmentedRaftLogWorker:Storage Directory /workdir/hadoop-ozone/integration-test/target/test-dir/MiniOzoneClusterImpl-d4d9d1d5-6826-40d2-ba25-7fec43350d72/datanode-5/data/ratis/1774afa8-f79c-49ba-86a0-c1d2709ede84: Starting segment from index:0
2019-07-14 08:36:50,503 INFO  impl.RaftServerImpl (ServerState.java:setRaftConf(361)) - d8f94c70-e4ac-469c-9d6c-ddc9f8f48866:group-C1D2709EDE84 set configuration 0: [d8f94c70-e4ac-469c-9d6c-ddc9f8f48866:192.168.5.191:39033], old=null at 0
2019-07-14 08:36:50,526 INFO  segmented.SegmentedRaftLogWorker (SegmentedRaftLogWorker.java:execute(569)) - d8f94c70-e4ac-469c-9d6c-ddc9f8f48866-SegmentedRaftLogWorker:Storage Directory /workdir/hadoop-ozone/integration-test/target/test-dir/MiniOzoneClusterImpl-d4d9d1d5-6826-40d2-ba25-7fec43350d72/datanode-5/data/ratis/1774afa8-f79c-49ba-86a0-c1d2709ede84: created new log segment /workdir/hadoop-ozone/integration-test/target/test-dir/MiniOzoneClusterImpl-d4d9d1d5-6826-40d2-ba25-7fec43350d72/datanode-5/data/ratis/1774afa8-f79c-49ba-86a0-c1d2709ede84/current/log_inprogress_0
2019-07-14 08:36:50,542 INFO  impl.FollowerState (FollowerState.java:run(106)) - 3d6e09b0-71ac-4bd1-9ea8-f038f205ef52:group-DD1F58A66B83 changes to CANDIDATE, lastRpcTime:5035, electionTimeout:5035ms
2019-07-14 08:36:50,542 INFO  impl.RoleInfo (RoleInfo.java:shutdownFollowerState(121)) - 3d6e09b0-71ac-4bd1-9ea8-f038f205ef52: shutdown FollowerState
2019-07-14 08:36:50,542 INFO  impl.RaftServerImpl (RaftServerImpl.java:setRole(171)) - 3d6e09b0-71ac-4bd1-9ea8-f038f205ef52:group-DD1F58A66B83 changes role from FOLLOWER to CANDIDATE at term 0 for changeToCandidate
2019-07-14 08:36:50,542 INFO  impl.RoleInfo (RoleInfo.java:updateAndGet(143)) - 3d6e09b0-71ac-4bd1-9ea8-f038f205ef52: start LeaderElection
2019-07-14 08:36:50,564 INFO  impl.LeaderElection (LeaderElection.java:askForVotes(181)) - 3d6e09b0-71ac-4bd1-9ea8-f038f205ef52:group-DD1F58A66B83:LeaderElection60: begin an election at term 1 for -1: [d8f94c70-e4ac-469c-9d6c-ddc9f8f48866:192.168.5.191:39033, 222b7c1d-42ae-4fb6-8ca0-57306d8bd07f:192.168.5.191:33127, 3d6e09b0-71ac-4bd1-9ea8-f038f205ef52:192.168.5.191:44791], old=null
2019-07-14 08:36:50,574 INFO  impl.RaftServerImpl (RaftServerImpl.java:setRole(171)) - 222b7c1d-42ae-4fb6-8ca0-57306d8bd07f:group-DD1F58A66B83 changes role from FOLLOWER to FOLLOWER at term 1 for recognizeCandidate:3d6e09b0-71ac-4bd1-9ea8-f038f205ef52
2019-07-14 08:36:50,574 INFO  impl.RaftServerImpl (RaftServerImpl.java:setRole(171)) - d8f94c70-e4ac-469c-9d6c-ddc9f8f48866:group-DD1F58A66B83 changes role from FOLLOWER to FOLLOWER at term 1 for recognizeCandidate:3d6e09b0-71ac-4bd1-9ea8-f038f205ef52
2019-07-14 08:36:50,574 INFO  impl.RoleInfo (RoleInfo.java:shutdownFollowerState(121)) - d8f94c70-e4ac-469c-9d6c-ddc9f8f48866: shutdown FollowerState
2019-07-14 08:36:50,575 INFO  impl.RoleInfo (RoleInfo.java:updateAndGet(143)) - d8f94c70-e4ac-469c-9d6c-ddc9f8f48866: start FollowerState
2019-07-14 08:36:50,574 INFO  impl.RoleInfo (RoleInfo.java:shutdownFollowerState(121)) - 222b7c1d-42ae-4fb6-8ca0-57306d8bd07f: shutdown FollowerState
2019-07-14 08:36:50,575 INFO  impl.FollowerState (FollowerState.java:run(114)) - d8f94c70-e4ac-469c-9d6c-ddc9f8f48866: FollowerState was interrupted: java.lang.InterruptedException: sleep interrupted
2019-07-14 08:36:50,577 INFO  impl.FollowerState (FollowerState.java:run(114)) - 222b7c1d-42ae-4fb6-8ca0-57306d8bd07f: FollowerState was interrupted: java.lang.InterruptedException: sleep interrupted
2019-07-14 08:36:50,577 INFO  impl.RoleInfo (RoleInfo.java:updateAndGet(143)) - 222b7c1d-42ae-4fb6-8ca0-57306d8bd07f: start FollowerState
2019-07-14 08:36:50,584 INFO  impl.LeaderElection (LeaderElection.java:logAndReturn(56)) - 3d6e09b0-71ac-4bd1-9ea8-f038f205ef52:group-DD1F58A66B83:LeaderElection60: Election PASSED; received 1 response(s) [3d6e09b0-71ac-4bd1-9ea8-f038f205ef52<-d8f94c70-e4ac-469c-9d6c-ddc9f8f48866#0:OK-t1] and 0 exception(s); 3d6e09b0-71ac-4bd1-9ea8-f038f205ef52:t1, leader=null, voted=3d6e09b0-71ac-4bd1-9ea8-f038f205ef52, raftlog=3d6e09b0-71ac-4bd1-9ea8-f038f205ef52-SegmentedRaftLog:OPENED:c-1,f-1,i0, conf=-1: [d8f94c70-e4ac-469c-9d6c-ddc9f8f48866:192.168.5.191:39033, 222b7c1d-42ae-4fb6-8ca0-57306d8bd07f:192.168.5.191:33127, 3d6e09b0-71ac-4bd1-9ea8-f038f205ef52:192.168.5.191:44791], old=null
2019-07-14 08:36:50,584 INFO  impl.RoleInfo (RoleInfo.java:shutdownLeaderElection(134)) - 3d6e09b0-71ac-4bd1-9ea8-f038f205ef52: shutdown LeaderElection
2019-07-14 08:36:50,586 INFO  impl.RaftServerImpl (RaftServerImpl.java:setRole(171)) - 3d6e09b0-71ac-4bd1-9ea8-f038f205ef52:group-DD1F58A66B83 changes role from CANDIDATE to LEADER at term 1 for changeToLeader
2019-07-14 08:36:50,586 INFO  impl.RaftServerImpl (ServerState.java:setLeader(263)) - 3d6e09b0-71ac-4bd1-9ea8-f038f205ef52:group-DD1F58A66B83 change Leader from null to 3d6e09b0-71ac-4bd1-9ea8-f038f205ef52 at term 1 for becomeLeader, leader elected after 5084ms
2019-07-14 08:36:50,587 INFO  server.RaftServerConfigKeys (ConfUtils.java:logGet(43)) - raft.server.staging.catchup.gap = 1000 (default)
2019-07-14 08:36:50,587 INFO  server.RaftServerConfigKeys (ConfUtils.java:logGet(43)) - raft.server.rpc.sleep.time = 25ms (default)
2019-07-14 08:36:50,587 INFO  server.RaftServerConfigKeys (ConfUtils.java:logGet(43)) - raft.server.write.element-limit = 4096 (default)
2019-07-14 08:36:50,587 INFO  server.RaftServerConfigKeys (ConfUtils.java:logGet(43)) - raft.server.watch.timeout = 10s (default)
2019-07-14 08:36:50,587 INFO  server.RaftServerConfigKeys (ConfUtils.java:logGet(43)) - raft.server.watch.timeout.denomination = 1s (default)
2019-07-14 08:36:50,587 INFO  server.RaftServerConfigKeys (ConfUtils.java:logGet(43)) - raft.server.watch.element-limit = 65536 (default)
2019-07-14 08:36:50,587 INFO  server.RaftServerConfigKeys (ConfUtils.java:logGet(43)) - raft.server.log.appender.snapshot.chunk.size.max = 16MB (=16777216) (default)
2019-07-14 08:36:50,588 INFO  server.RaftServerConfigKeys (ConfUtils.java:logGet(43)) - raft.server.log.appender.buffer.byte-limit = 33554432 (custom)
2019-07-14 08:36:50,588 INFO  server.RaftServerConfigKeys (ConfUtils.java:logGet(43)) - raft.server.log.appender.buffer.element-limit = 1 (custom)
2019-07-14 08:36:50,588 INFO  grpc.GrpcConfigKeys$Server (ConfUtils.java:logGet(43)) - raft.grpc.server.leader.outstanding.appends.max = 128 (default)
2019-07-14 08:36:50,588 INFO  server.RaftServerConfigKeys (ConfUtils.java:logGet(43)) - raft.server.rpc.request.timeout = 3000ms (default)
2019-07-14 08:36:50,588 INFO  server.RaftServerConfigKeys (ConfUtils.java:logGet(43)) - raft.server.log.appender.install.snapshot.enabled = false (custom)
2019-07-14 08:36:50,588 INFO  server.RaftServerConfigKeys (ConfUtils.java:logGet(43)) - raft.server.log.appender.snapshot.chunk.size.max = 16MB (=16777216) (default)
2019-07-14 08:36:50,588 INFO  server.RaftServerConfigKeys (ConfUtils.java:logGet(43)) - raft.server.log.appender.buffer.byte-limit = 33554432 (custom)
2019-07-14 08:36:50,589 INFO  server.RaftServerConfigKeys (ConfUtils.java:logGet(43)) - raft.server.log.appender.buffer.element-limit = 1 (custom)
2019-07-14 08:36:50,589 INFO  grpc.GrpcConfigKeys$Server (ConfUtils.java:logGet(43)) - raft.grpc.server.leader.outstanding.appends.max = 128 (default)
2019-07-14 08:36:50,589 INFO  server.RaftServerConfigKeys (ConfUtils.java:logGet(43)) - raft.server.rpc.request.timeout = 3000ms (default)
2019-07-14 08:36:50,589 INFO  server.RaftServerConfigKeys (ConfUtils.java:logGet(43)) - raft.server.log.appender.install.snapshot.enabled = false (custom)
2019-07-14 08:36:50,589 INFO  impl.RoleInfo (RoleInfo.java:updateAndGet(143)) - 3d6e09b0-71ac-4bd1-9ea8-f038f205ef52: start LeaderState
2019-07-14 08:36:50,589 INFO  segmented.SegmentedRaftLogWorker (SegmentedRaftLogWorker.java:startLogSegment(380)) - 3d6e09b0-71ac-4bd1-9ea8-f038f205ef52-SegmentedRaftLogWorker:Storage Directory /workdir/hadoop-ozone/integration-test/target/test-dir/MiniOzoneClusterImpl-d4d9d1d5-6826-40d2-ba25-7fec43350d72/datanode-3/data/ratis/5f335a22-65dc-476a-94f1-dd1f58a66b83: Starting segment from index:0
2019-07-14 08:36:50,590 INFO  impl.RaftServerImpl (ServerState.java:setRaftConf(361)) - 3d6e09b0-71ac-4bd1-9ea8-f038f205ef52:group-DD1F58A66B83 set configuration 0: [d8f94c70-e4ac-469c-9d6c-ddc9f8f48866:192.168.5.191:39033, 222b7c1d-42ae-4fb6-8ca0-57306d8bd07f:192.168.5.191:33127, 3d6e09b0-71ac-4bd1-9ea8-f038f205ef52:192.168.5.191:44791], old=null at 0
2019-07-14 08:36:50,610 INFO  impl.RaftServerImpl (ServerState.java:setLeader(263)) - 222b7c1d-42ae-4fb6-8ca0-57306d8bd07f:group-DD1F58A66B83 change Leader from null to 3d6e09b0-71ac-4bd1-9ea8-f038f205ef52 at term 1 for appendEntries, leader elected after 5104ms
2019-07-14 08:36:50,610 INFO  impl.RaftServerImpl (ServerState.java:setLeader(263)) - d8f94c70-e4ac-469c-9d6c-ddc9f8f48866:group-DD1F58A66B83 change Leader from null to 3d6e09b0-71ac-4bd1-9ea8-f038f205ef52 at term 1 for appendEntries, leader elected after 5104ms
2019-07-14 08:36:50,613 INFO  impl.RaftServerImpl (ServerState.java:setRaftConf(361)) - 222b7c1d-42ae-4fb6-8ca0-57306d8bd07f:group-DD1F58A66B83 set configuration 0: [d8f94c70-e4ac-469c-9d6c-ddc9f8f48866:192.168.5.191:39033, 222b7c1d-42ae-4fb6-8ca0-57306d8bd07f:192.168.5.191:33127, 3d6e09b0-71ac-4bd1-9ea8-f038f205ef52:192.168.5.191:44791], old=null at 0
2019-07-14 08:36:50,613 INFO  impl.RaftServerImpl (ServerState.java:setRaftConf(361)) - d8f94c70-e4ac-469c-9d6c-ddc9f8f48866:group-DD1F58A66B83 set configuration 0: [d8f94c70-e4ac-469c-9d6c-ddc9f8f48866:192.168.5.191:39033, 222b7c1d-42ae-4fb6-8ca0-57306d8bd07f:192.168.5.191:33127, 3d6e09b0-71ac-4bd1-9ea8-f038f205ef52:192.168.5.191:44791], old=null at 0
2019-07-14 08:36:50,613 INFO  segmented.SegmentedRaftLogWorker (SegmentedRaftLogWorker.java:startLogSegment(380)) - 222b7c1d-42ae-4fb6-8ca0-57306d8bd07f-SegmentedRaftLogWorker:Storage Directory /workdir/hadoop-ozone/integration-test/target/test-dir/MiniOzoneClusterImpl-d4d9d1d5-6826-40d2-ba25-7fec43350d72/datanode-4/data/ratis/5f335a22-65dc-476a-94f1-dd1f58a66b83: Starting segment from index:0
2019-07-14 08:36:50,613 INFO  segmented.SegmentedRaftLogWorker (SegmentedRaftLogWorker.java:startLogSegment(380)) - d8f94c70-e4ac-469c-9d6c-ddc9f8f48866-SegmentedRaftLogWorker:Storage Directory /workdir/hadoop-ozone/integration-test/target/test-dir/MiniOzoneClusterImpl-d4d9d1d5-6826-40d2-ba25-7fec43350d72/datanode-5/data/ratis/5f335a22-65dc-476a-94f1-dd1f58a66b83: Starting segment from index:0
2019-07-14 08:36:50,616 INFO  segmented.SegmentedRaftLogWorker (SegmentedRaftLogWorker.java:execute(569)) - 3d6e09b0-71ac-4bd1-9ea8-f038f205ef52-SegmentedRaftLogWorker:Storage Directory /workdir/hadoop-ozone/integration-test/target/test-dir/MiniOzoneClusterImpl-d4d9d1d5-6826-40d2-ba25-7fec43350d72/datanode-3/data/ratis/5f335a22-65dc-476a-94f1-dd1f58a66b83: created new log segment /workdir/hadoop-ozone/integration-test/target/test-dir/MiniOzoneClusterImpl-d4d9d1d5-6826-40d2-ba25-7fec43350d72/datanode-3/data/ratis/5f335a22-65dc-476a-94f1-dd1f58a66b83/current/log_inprogress_0
2019-07-14 08:36:50,635 INFO  segmented.SegmentedRaftLogWorker (SegmentedRaftLogWorker.java:execute(569)) - d8f94c70-e4ac-469c-9d6c-ddc9f8f48866-SegmentedRaftLogWorker:Storage Directory /workdir/hadoop-ozone/integration-test/target/test-dir/MiniOzoneClusterImpl-d4d9d1d5-6826-40d2-ba25-7fec43350d72/datanode-5/data/ratis/5f335a22-65dc-476a-94f1-dd1f58a66b83: created new log segment /workdir/hadoop-ozone/integration-test/target/test-dir/MiniOzoneClusterImpl-d4d9d1d5-6826-40d2-ba25-7fec43350d72/datanode-5/data/ratis/5f335a22-65dc-476a-94f1-dd1f58a66b83/current/log_inprogress_0
2019-07-14 08:36:50,635 INFO  segmented.SegmentedRaftLogWorker (SegmentedRaftLogWorker.java:execute(569)) - 222b7c1d-42ae-4fb6-8ca0-57306d8bd07f-SegmentedRaftLogWorker:Storage Directory /workdir/hadoop-ozone/integration-test/target/test-dir/MiniOzoneClusterImpl-d4d9d1d5-6826-40d2-ba25-7fec43350d72/datanode-4/data/ratis/5f335a22-65dc-476a-94f1-dd1f58a66b83: created new log segment /workdir/hadoop-ozone/integration-test/target/test-dir/MiniOzoneClusterImpl-d4d9d1d5-6826-40d2-ba25-7fec43350d72/datanode-4/data/ratis/5f335a22-65dc-476a-94f1-dd1f58a66b83/current/log_inprogress_0
2019-07-14 08:36:50,716 INFO  impl.FollowerState (FollowerState.java:run(106)) - f94c9d11-4a66-4c5b-82e4-ebde518e5a4f:group-2002B1DD1CF0 changes to CANDIDATE, lastRpcTime:5012, electionTimeout:5012ms
2019-07-14 08:36:50,716 INFO  impl.RoleInfo (RoleInfo.java:shutdownFollowerState(121)) - f94c9d11-4a66-4c5b-82e4-ebde518e5a4f: shutdown FollowerState
2019-07-14 08:36:50,716 INFO  impl.RaftServerImpl (RaftServerImpl.java:setRole(171)) - f94c9d11-4a66-4c5b-82e4-ebde518e5a4f:group-2002B1DD1CF0 changes role from FOLLOWER to CANDIDATE at term 0 for changeToCandidate
2019-07-14 08:36:50,716 INFO  impl.RoleInfo (RoleInfo.java:updateAndGet(143)) - f94c9d11-4a66-4c5b-82e4-ebde518e5a4f: start LeaderElection
2019-07-14 08:36:50,727 INFO  impl.LeaderElection (LeaderElection.java:askForVotes(181)) - f94c9d11-4a66-4c5b-82e4-ebde518e5a4f:group-2002B1DD1CF0:LeaderElection61: begin an election at term 1 for -1: [f94c9d11-4a66-4c5b-82e4-ebde518e5a4f:192.168.5.191:39966], old=null
2019-07-14 08:36:50,728 INFO  impl.RoleInfo (RoleInfo.java:shutdownLeaderElection(134)) - f94c9d11-4a66-4c5b-82e4-ebde518e5a4f: shutdown LeaderElection
2019-07-14 08:36:50,728 INFO  impl.RaftServerImpl (RaftServerImpl.java:setRole(171)) - f94c9d11-4a66-4c5b-82e4-ebde518e5a4f:group-2002B1DD1CF0 changes role from CANDIDATE to LEADER at term 1 for changeToLeader
2019-07-14 08:36:50,728 INFO  impl.RaftServerImpl (ServerState.java:setLeader(263)) - f94c9d11-4a66-4c5b-82e4-ebde518e5a4f:group-2002B1DD1CF0 change Leader from null to f94c9d11-4a66-4c5b-82e4-ebde518e5a4f at term 1 for becomeLeader, leader elected after 5029ms
2019-07-14 08:36:50,730 INFO  server.RaftServerConfigKeys (ConfUtils.java:logGet(43)) - raft.server.staging.catchup.gap = 1000 (default)
2019-07-14 08:36:50,730 INFO  server.RaftServerConfigKeys (ConfUtils.java:logGet(43)) - raft.server.rpc.sleep.time = 25ms (default)
2019-07-14 08:36:50,731 INFO  server.RaftServerConfigKeys (ConfUtils.java:logGet(43)) - raft.server.write.element-limit = 4096 (default)
2019-07-14 08:36:50,731 INFO  server.RaftServerConfigKeys (ConfUtils.java:logGet(43)) - raft.server.watch.timeout = 10s (default)
2019-07-14 08:36:50,731 INFO  server.RaftServerConfigKeys (ConfUtils.java:logGet(43)) - raft.server.watch.timeout.denomination = 1s (default)
2019-07-14 08:36:50,731 INFO  server.RaftServerConfigKeys (ConfUtils.java:logGet(43)) - raft.server.watch.element-limit = 65536 (default)
2019-07-14 08:36:50,731 INFO  impl.RoleInfo (RoleInfo.java:updateAndGet(143)) - f94c9d11-4a66-4c5b-82e4-ebde518e5a4f: start LeaderState
2019-07-14 08:36:50,731 INFO  segmented.SegmentedRaftLogWorker (SegmentedRaftLogWorker.java:startLogSegment(380)) - f94c9d11-4a66-4c5b-82e4-ebde518e5a4f-SegmentedRaftLogWorker:Storage Directory /workdir/hadoop-ozone/integration-test/target/test-dir/MiniOzoneClusterImpl-d4d9d1d5-6826-40d2-ba25-7fec43350d72/datanode-6/data/ratis/5449e41e-414c-4fc1-b9cc-2002b1dd1cf0: Starting segment from index:0
2019-07-14 08:36:50,732 INFO  impl.RaftServerImpl (ServerState.java:setRaftConf(361)) - f94c9d11-4a66-4c5b-82e4-ebde518e5a4f:group-2002B1DD1CF0 set configuration 0: [f94c9d11-4a66-4c5b-82e4-ebde518e5a4f:192.168.5.191:39966], old=null at 0
2019-07-14 08:36:50,756 INFO  segmented.SegmentedRaftLogWorker (SegmentedRaftLogWorker.java:execute(569)) - f94c9d11-4a66-4c5b-82e4-ebde518e5a4f-SegmentedRaftLogWorker:Storage Directory /workdir/hadoop-ozone/integration-test/target/test-dir/MiniOzoneClusterImpl-d4d9d1d5-6826-40d2-ba25-7fec43350d72/datanode-6/data/ratis/5449e41e-414c-4fc1-b9cc-2002b1dd1cf0: created new log segment /workdir/hadoop-ozone/integration-test/target/test-dir/MiniOzoneClusterImpl-d4d9d1d5-6826-40d2-ba25-7fec43350d72/datanode-6/data/ratis/5449e41e-414c-4fc1-b9cc-2002b1dd1cf0/current/log_inprogress_0
2019-07-14 08:36:50,851 INFO  client.GrpcClientProtocolClient (GrpcClientProtocolClient.java:onNext(255)) - client-0A1229A644E4->9c20c9b5-9357-4e10-a431-87958d826eb0: receive RaftClientReply:client-0A1229A644E4->9c20c9b5-9357-4e10-a431-87958d826eb0@group-E320AAD9F214, cid=148, SUCCESS, logIndex=1, commits[9c20c9b5-9357-4e10-a431-87958d826eb0:c1]
2019-07-14 08:36:50,865 INFO  client.GrpcClientProtocolClient (GrpcClientProtocolClient.java:onNext(255)) - client-0A1229A644E4->9c20c9b5-9357-4e10-a431-87958d826eb0: receive RaftClientReply:client-0A1229A644E4->9c20c9b5-9357-4e10-a431-87958d826eb0@group-E320AAD9F214, cid=149, SUCCESS, logIndex=3, commits[9c20c9b5-9357-4e10-a431-87958d826eb0:c5]
2019-07-14 08:36:50,893 INFO  client.GrpcClientProtocolClient (GrpcClientProtocolClient.java:onNext(255)) - client-0A1229A644E4->9c20c9b5-9357-4e10-a431-87958d826eb0: receive RaftClientReply:client-0A1229A644E4->9c20c9b5-9357-4e10-a431-87958d826eb0@group-E320AAD9F214, cid=150, SUCCESS, logIndex=4, commits[9c20c9b5-9357-4e10-a431-87958d826eb0:c10]
2019-07-14 08:36:50,894 INFO  client.GrpcClientProtocolClient (GrpcClientProtocolClient.java:onNext(255)) - client-0A1229A644E4->9c20c9b5-9357-4e10-a431-87958d826eb0: receive RaftClientReply:client-0A1229A644E4->9c20c9b5-9357-4e10-a431-87958d826eb0@group-E320AAD9F214, cid=151, SUCCESS, logIndex=5, commits[9c20c9b5-9357-4e10-a431-87958d826eb0:c10]
2019-07-14 08:36:50,894 INFO  client.GrpcClientProtocolClient (GrpcClientProtocolClient.java:onNext(255)) - client-0A1229A644E4->9c20c9b5-9357-4e10-a431-87958d826eb0: receive RaftClientReply:client-0A1229A644E4->9c20c9b5-9357-4e10-a431-87958d826eb0@group-E320AAD9F214, cid=152, SUCCESS, logIndex=7, commits[9c20c9b5-9357-4e10-a431-87958d826eb0:c10]
2019-07-14 08:36:50,895 INFO  client.GrpcClientProtocolClient (GrpcClientProtocolClient.java:onNext(255)) - client-0A1229A644E4->9c20c9b5-9357-4e10-a431-87958d826eb0: receive RaftClientReply:client-0A1229A644E4->9c20c9b5-9357-4e10-a431-87958d826eb0@group-E320AAD9F214, cid=153, SUCCESS, logIndex=9, commits[9c20c9b5-9357-4e10-a431-87958d826eb0:c10]
2019-07-14 08:36:50,902 INFO  client.GrpcClientProtocolClient (GrpcClientProtocolClient.java:onNext(255)) - client-0A1229A644E4->9c20c9b5-9357-4e10-a431-87958d826eb0: receive RaftClientReply:client-0A1229A644E4->9c20c9b5-9357-4e10-a431-87958d826eb0@group-E320AAD9F214, cid=154, SUCCESS, logIndex=11, commits[9c20c9b5-9357-4e10-a431-87958d826eb0:c11]
2019-07-14 08:36:50,906 INFO  client.GrpcClientProtocolClient (GrpcClientProtocolClient.java:onNext(255)) - client-0A1229A644E4->9c20c9b5-9357-4e10-a431-87958d826eb0: receive RaftClientReply:client-0A1229A644E4->9c20c9b5-9357-4e10-a431-87958d826eb0@group-E320AAD9F214, cid=155, SUCCESS, logIndex=13, commits[9c20c9b5-9357-4e10-a431-87958d826eb0:c13]
2019-07-14 08:36:50,909 INFO  container.CloseContainerEventHandler (CloseContainerEventHandler.java:onMessage(61)) - Close container Event triggered for container : #1
08:36:51.912 [grpc-default-executor-8] ERROR DNAudit - user=null | ip=null | op=WRITE_CHUNK {blockData=conID: 1 locID: 102438889505161227 bcsId: 13} | ret=FAILURE
org.apache.hadoop.hdds.scm.container.common.helpers.ContainerNotOpenException: Container 1 in CLOSED state
	at org.apache.hadoop.ozone.container.common.impl.HddsDispatcher.validateContainerCommand(HddsDispatcher.java:408) ~[hadoop-hdds-container-service-0.5.0-SNAPSHOT.jar:?]
	at org.apache.hadoop.ozone.container.common.transport.server.ratis.ContainerStateMachine.startTransaction(ContainerStateMachine.java:272) ~[hadoop-hdds-container-service-0.5.0-SNAPSHOT.jar:?]
	at org.apache.ratis.server.impl.RaftServerImpl.submitClientRequestAsync(RaftServerImpl.java:566) ~[ratis-server-0.4.0-2337318-SNAPSHOT.jar:0.4.0-2337318-SNAPSHOT]
	at org.apache.ratis.server.impl.RaftServerProxy.lambda$submitClientRequestAsync$7(RaftServerProxy.java:333) ~[ratis-server-0.4.0-2337318-SNAPSHOT.jar:0.4.0-2337318-SNAPSHOT]
	at org.apache.ratis.server.impl.RaftServerProxy.lambda$null$5(RaftServerProxy.java:328) ~[ratis-server-0.4.0-2337318-SNAPSHOT.jar:0.4.0-2337318-SNAPSHOT]
	at org.apache.ratis.util.JavaUtils.callAsUnchecked(JavaUtils.java:109) ~[ratis-common-0.4.0-2337318-SNAPSHOT.jar:0.4.0-2337318-SNAPSHOT]
	at org.apache.ratis.server.impl.RaftServerProxy.lambda$submitRequest$6(RaftServerProxy.java:328) ~[ratis-server-0.4.0-2337318-SNAPSHOT.jar:0.4.0-2337318-SNAPSHOT]
	at java.util.concurrent.CompletableFuture.uniComposeStage(CompletableFuture.java:981) ~[?:1.8.0_212]
	at java.util.concurrent.CompletableFuture.thenCompose(CompletableFuture.java:2124) ~[?:1.8.0_212]
	at org.apache.ratis.server.impl.RaftServerProxy.submitRequest(RaftServerProxy.java:327) ~[ratis-server-0.4.0-2337318-SNAPSHOT.jar:0.4.0-2337318-SNAPSHOT]
	at org.apache.ratis.server.impl.RaftServerProxy.submitClientRequestAsync(RaftServerProxy.java:333) ~[ratis-server-0.4.0-2337318-SNAPSHOT.jar:0.4.0-2337318-SNAPSHOT]
	at org.apache.ratis.grpc.client.GrpcClientProtocolService$RequestStreamObserver.processClientRequest(GrpcClientProtocolService.java:220) ~[ratis-grpc-0.4.0-2337318-SNAPSHOT.jar:0.4.0-2337318-SNAPSHOT]
	at org.apache.ratis.grpc.client.GrpcClientProtocolService$OrderedRequestStreamObserver.processClientRequest(GrpcClientProtocolService.java:326) ~[ratis-grpc-0.4.0-2337318-SNAPSHOT.jar:0.4.0-2337318-SNAPSHOT]
	at org.apache.ratis.util.SlidingWindow$Server.processRequestsFromHead(SlidingWindow.java:429) [ratis-common-0.4.0-2337318-SNAPSHOT.jar:0.4.0-2337318-SNAPSHOT]
	at org.apache.ratis.util.SlidingWindow$Server.receivedRequest(SlidingWindow.java:421) [ratis-common-0.4.0-2337318-SNAPSHOT.jar:0.4.0-2337318-SNAPSHOT]
	at org.apache.ratis.grpc.client.GrpcClientProtocolService$OrderedRequestStreamObserver.processClientRequest(GrpcClientProtocolService.java:345) [ratis-grpc-0.4.0-2337318-SNAPSHOT.jar:0.4.0-2337318-SNAPSHOT]
	at org.apache.ratis.grpc.client.GrpcClientProtocolService$RequestStreamObserver.onNext(GrpcClientProtocolService.java:240) [ratis-grpc-0.4.0-2337318-SNAPSHOT.jar:0.4.0-2337318-SNAPSHOT]
	at org.apache.ratis.grpc.client.GrpcClientProtocolService$RequestStreamObserver.onNext(GrpcClientProtocolService.java:168) [ratis-grpc-0.4.0-2337318-SNAPSHOT.jar:0.4.0-2337318-SNAPSHOT]
	at org.apache.ratis.thirdparty.io.grpc.stub.ServerCalls$StreamingServerCallHandler$StreamingServerCallListener.onMessage(ServerCalls.java:248) [ratis-thirdparty-misc-0.2.0.jar:0.2.0]
	at org.apache.ratis.thirdparty.io.grpc.internal.ServerCallImpl$ServerStreamListenerImpl.messagesAvailable(ServerCallImpl.java:263) [ratis-thirdparty-misc-0.2.0.jar:0.2.0]
	at org.apache.ratis.thirdparty.io.grpc.internal.ServerImpl$JumpToApplicationThreadServerStreamListener$1MessagesAvailable.runInContext(ServerImpl.java:686) [ratis-thirdparty-misc-0.2.0.jar:0.2.0]
	at org.apache.ratis.thirdparty.io.grpc.internal.ContextRunnable.run(ContextRunnable.java:37) [ratis-thirdparty-misc-0.2.0.jar:0.2.0]
	at org.apache.ratis.thirdparty.io.grpc.internal.SerializingExecutor.run(SerializingExecutor.java:123) [ratis-thirdparty-misc-0.2.0.jar:0.2.0]
	at java.util.concurrent.ThreadPoolExecutor.runWorker(ThreadPoolExecutor.java:1149) [?:1.8.0_212]
	at java.util.concurrent.ThreadPoolExecutor$Worker.run(ThreadPoolExecutor.java:624) [?:1.8.0_212]
	at java.lang.Thread.run(Thread.java:748) [?:1.8.0_212]
08:36:51.929 [grpc-default-executor-8] ERROR DNAudit - user=null | ip=null | op=WRITE_CHUNK {blockData=conID: 1 locID: 102438889505161227 bcsId: 13} | ret=FAILURE
org.apache.hadoop.hdds.scm.container.common.helpers.ContainerNotOpenException: Container 1 in CLOSED state
	at org.apache.hadoop.ozone.container.common.impl.HddsDispatcher.validateContainerCommand(HddsDispatcher.java:408) ~[hadoop-hdds-container-service-0.5.0-SNAPSHOT.jar:?]
	at org.apache.hadoop.ozone.container.common.transport.server.ratis.ContainerStateMachine.startTransaction(ContainerStateMachine.java:272) ~[hadoop-hdds-container-service-0.5.0-SNAPSHOT.jar:?]
	at org.apache.ratis.server.impl.RaftServerImpl.submitClientRequestAsync(RaftServerImpl.java:566) ~[ratis-server-0.4.0-2337318-SNAPSHOT.jar:0.4.0-2337318-SNAPSHOT]
	at org.apache.ratis.server.impl.RaftServerProxy.lambda$submitClientRequestAsync$7(RaftServerProxy.java:333) ~[ratis-server-0.4.0-2337318-SNAPSHOT.jar:0.4.0-2337318-SNAPSHOT]
	at org.apache.ratis.server.impl.RaftServerProxy.lambda$null$5(RaftServerProxy.java:328) ~[ratis-server-0.4.0-2337318-SNAPSHOT.jar:0.4.0-2337318-SNAPSHOT]
	at org.apache.ratis.util.JavaUtils.callAsUnchecked(JavaUtils.java:109) ~[ratis-common-0.4.0-2337318-SNAPSHOT.jar:0.4.0-2337318-SNAPSHOT]
	at org.apache.ratis.server.impl.RaftServerProxy.lambda$submitRequest$6(RaftServerProxy.java:328) ~[ratis-server-0.4.0-2337318-SNAPSHOT.jar:0.4.0-2337318-SNAPSHOT]
	at java.util.concurrent.CompletableFuture.uniComposeStage(CompletableFuture.java:981) ~[?:1.8.0_212]
	at java.util.concurrent.CompletableFuture.thenCompose(CompletableFuture.java:2124) ~[?:1.8.0_212]
	at org.apache.ratis.server.impl.RaftServerProxy.submitRequest(RaftServerProxy.java:327) ~[ratis-server-0.4.0-2337318-SNAPSHOT.jar:0.4.0-2337318-SNAPSHOT]
	at org.apache.ratis.server.impl.RaftServerProxy.submitClientRequestAsync(RaftServerProxy.java:333) ~[ratis-server-0.4.0-2337318-SNAPSHOT.jar:0.4.0-2337318-SNAPSHOT]
	at org.apache.ratis.grpc.client.GrpcClientProtocolService$RequestStreamObserver.processClientRequest(GrpcClientProtocolService.java:220) ~[ratis-grpc-0.4.0-2337318-SNAPSHOT.jar:0.4.0-2337318-SNAPSHOT]
	at org.apache.ratis.grpc.client.GrpcClientProtocolService$OrderedRequestStreamObserver.processClientRequest(GrpcClientProtocolService.java:326) ~[ratis-grpc-0.4.0-2337318-SNAPSHOT.jar:0.4.0-2337318-SNAPSHOT]
	at org.apache.ratis.util.SlidingWindow$Server.processRequestsFromHead(SlidingWindow.java:429) [ratis-common-0.4.0-2337318-SNAPSHOT.jar:0.4.0-2337318-SNAPSHOT]
	at org.apache.ratis.util.SlidingWindow$Server.receivedRequest(SlidingWindow.java:421) [ratis-common-0.4.0-2337318-SNAPSHOT.jar:0.4.0-2337318-SNAPSHOT]
	at org.apache.ratis.grpc.client.GrpcClientProtocolService$OrderedRequestStreamObserver.processClientRequest(GrpcClientProtocolService.java:345) [ratis-grpc-0.4.0-2337318-SNAPSHOT.jar:0.4.0-2337318-SNAPSHOT]
	at org.apache.ratis.grpc.client.GrpcClientProtocolService$RequestStreamObserver.onNext(GrpcClientProtocolService.java:240) [ratis-grpc-0.4.0-2337318-SNAPSHOT.jar:0.4.0-2337318-SNAPSHOT]
	at org.apache.ratis.grpc.client.GrpcClientProtocolService$RequestStreamObserver.onNext(GrpcClientProtocolService.java:168) [ratis-grpc-0.4.0-2337318-SNAPSHOT.jar:0.4.0-2337318-SNAPSHOT]
	at org.apache.ratis.thirdparty.io.grpc.stub.ServerCalls$StreamingServerCallHandler$StreamingServerCallListener.onMessage(ServerCalls.java:248) [ratis-thirdparty-misc-0.2.0.jar:0.2.0]
	at org.apache.ratis.thirdparty.io.grpc.internal.ServerCallImpl$ServerStreamListenerImpl.messagesAvailable(ServerCallImpl.java:263) [ratis-thirdparty-misc-0.2.0.jar:0.2.0]
	at org.apache.ratis.thirdparty.io.grpc.internal.ServerImpl$JumpToApplicationThreadServerStreamListener$1MessagesAvailable.runInContext(ServerImpl.java:686) [ratis-thirdparty-misc-0.2.0.jar:0.2.0]
	at org.apache.ratis.thirdparty.io.grpc.internal.ContextRunnable.run(ContextRunnable.java:37) [ratis-thirdparty-misc-0.2.0.jar:0.2.0]
	at org.apache.ratis.thirdparty.io.grpc.internal.SerializingExecutor.run(SerializingExecutor.java:123) [ratis-thirdparty-misc-0.2.0.jar:0.2.0]
	at java.util.concurrent.ThreadPoolExecutor.runWorker(ThreadPoolExecutor.java:1149) [?:1.8.0_212]
	at java.util.concurrent.ThreadPoolExecutor$Worker.run(ThreadPoolExecutor.java:624) [?:1.8.0_212]
	at java.lang.Thread.run(Thread.java:748) [?:1.8.0_212]
2019-07-14 08:36:51,937 INFO  client.GrpcClientProtocolClient (GrpcClientProtocolClient.java:onNext(255)) - client-0A1229A644E4->9c20c9b5-9357-4e10-a431-87958d826eb0: receive RaftClientReply:client-0A1229A644E4->9c20c9b5-9357-4e10-a431-87958d826eb0@group-E320AAD9F214, cid=156, FAILED org.apache.ratis.protocol.StateMachineException: org.apache.hadoop.hdds.scm.container.common.helpers.ContainerNotOpenException from Server 9c20c9b5-9357-4e10-a431-87958d826eb0: Container 1 in CLOSED state, logIndex=0, commits[9c20c9b5-9357-4e10-a431-87958d826eb0:c16]
2019-07-14 08:36:51,941 INFO  interfaces.Container (KeyValueContainer.java:compactDB(356)) - Container 1 is closed with bcsId 13.
08:36:51.941 [grpc-default-executor-8] ERROR DNAudit - user=null | ip=null | op=PUT_BLOCK {blockData=[blockId=conID: 1 locID: 102438889505161227 bcsId: 0,size=650]} | ret=FAILURE
org.apache.hadoop.hdds.scm.container.common.helpers.ContainerNotOpenException: Container 1 in CLOSED state
	at org.apache.hadoop.ozone.container.common.impl.HddsDispatcher.validateContainerCommand(HddsDispatcher.java:408) ~[hadoop-hdds-container-service-0.5.0-SNAPSHOT.jar:?]
	at org.apache.hadoop.ozone.container.common.transport.server.ratis.ContainerStateMachine.startTransaction(ContainerStateMachine.java:272) ~[hadoop-hdds-container-service-0.5.0-SNAPSHOT.jar:?]
	at org.apache.ratis.server.impl.RaftServerImpl.submitClientRequestAsync(RaftServerImpl.java:566) ~[ratis-server-0.4.0-2337318-SNAPSHOT.jar:0.4.0-2337318-SNAPSHOT]
	at org.apache.ratis.server.impl.RaftServerProxy.lambda$submitClientRequestAsync$7(RaftServerProxy.java:333) ~[ratis-server-0.4.0-2337318-SNAPSHOT.jar:0.4.0-2337318-SNAPSHOT]
	at org.apache.ratis.server.impl.RaftServerProxy.lambda$null$5(RaftServerProxy.java:328) ~[ratis-server-0.4.0-2337318-SNAPSHOT.jar:0.4.0-2337318-SNAPSHOT]
	at org.apache.ratis.util.JavaUtils.callAsUnchecked(JavaUtils.java:109) ~[ratis-common-0.4.0-2337318-SNAPSHOT.jar:0.4.0-2337318-SNAPSHOT]
	at org.apache.ratis.server.impl.RaftServerProxy.lambda$submitRequest$6(RaftServerProxy.java:328) ~[ratis-server-0.4.0-2337318-SNAPSHOT.jar:0.4.0-2337318-SNAPSHOT]
	at java.util.concurrent.CompletableFuture.uniComposeStage(CompletableFuture.java:981) ~[?:1.8.0_212]
	at java.util.concurrent.CompletableFuture.thenCompose(CompletableFuture.java:2124) ~[?:1.8.0_212]
	at org.apache.ratis.server.impl.RaftServerProxy.submitRequest(RaftServerProxy.java:327) ~[ratis-server-0.4.0-2337318-SNAPSHOT.jar:0.4.0-2337318-SNAPSHOT]
	at org.apache.ratis.server.impl.RaftServerProxy.submitClientRequestAsync(RaftServerProxy.java:333) ~[ratis-server-0.4.0-2337318-SNAPSHOT.jar:0.4.0-2337318-SNAPSHOT]
	at org.apache.ratis.grpc.client.GrpcClientProtocolService$RequestStreamObserver.processClientRequest(GrpcClientProtocolService.java:220) ~[ratis-grpc-0.4.0-2337318-SNAPSHOT.jar:0.4.0-2337318-SNAPSHOT]
	at org.apache.ratis.grpc.client.GrpcClientProtocolService$OrderedRequestStreamObserver.processClientRequest(GrpcClientProtocolService.java:326) ~[ratis-grpc-0.4.0-2337318-SNAPSHOT.jar:0.4.0-2337318-SNAPSHOT]
	at org.apache.ratis.util.SlidingWindow$Server.processRequestsFromHead(SlidingWindow.java:429) [ratis-common-0.4.0-2337318-SNAPSHOT.jar:0.4.0-2337318-SNAPSHOT]
	at org.apache.ratis.util.SlidingWindow$Server.receivedRequest(SlidingWindow.java:421) [ratis-common-0.4.0-2337318-SNAPSHOT.jar:0.4.0-2337318-SNAPSHOT]
	at org.apache.ratis.grpc.client.GrpcClientProtocolService$OrderedRequestStreamObserver.processClientRequest(GrpcClientProtocolService.java:345) [ratis-grpc-0.4.0-2337318-SNAPSHOT.jar:0.4.0-2337318-SNAPSHOT]
	at org.apache.ratis.grpc.client.GrpcClientProtocolService$RequestStreamObserver.onNext(GrpcClientProtocolService.java:240) [ratis-grpc-0.4.0-2337318-SNAPSHOT.jar:0.4.0-2337318-SNAPSHOT]
	at org.apache.ratis.grpc.client.GrpcClientProtocolService$RequestStreamObserver.onNext(GrpcClientProtocolService.java:168) [ratis-grpc-0.4.0-2337318-SNAPSHOT.jar:0.4.0-2337318-SNAPSHOT]
	at org.apache.ratis.thirdparty.io.grpc.stub.ServerCalls$StreamingServerCallHandler$StreamingServerCallListener.onMessage(ServerCalls.java:248) [ratis-thirdparty-misc-0.2.0.jar:0.2.0]
	at org.apache.ratis.thirdparty.io.grpc.internal.ServerCallImpl$ServerStreamListenerImpl.messagesAvailable(ServerCallImpl.java:263) [ratis-thirdparty-misc-0.2.0.jar:0.2.0]
	at org.apache.ratis.thirdparty.io.grpc.internal.ServerImpl$JumpToApplicationThreadServerStreamListener$1MessagesAvailable.runInContext(ServerImpl.java:686) [ratis-thirdparty-misc-0.2.0.jar:0.2.0]
	at org.apache.ratis.thirdparty.io.grpc.internal.ContextRunnable.run(ContextRunnable.java:37) [ratis-thirdparty-misc-0.2.0.jar:0.2.0]
	at org.apache.ratis.thirdparty.io.grpc.internal.SerializingExecutor.run(SerializingExecutor.java:123) [ratis-thirdparty-misc-0.2.0.jar:0.2.0]
	at java.util.concurrent.ThreadPoolExecutor.runWorker(ThreadPoolExecutor.java:1149) [?:1.8.0_212]
	at java.util.concurrent.ThreadPoolExecutor$Worker.run(ThreadPoolExecutor.java:624) [?:1.8.0_212]
	at java.lang.Thread.run(Thread.java:748) [?:1.8.0_212]
2019-07-14 08:36:51,947 INFO  client.GrpcClientProtocolClient (GrpcClientProtocolClient.java:onNext(255)) - client-0A1229A644E4->9c20c9b5-9357-4e10-a431-87958d826eb0: receive RaftClientReply:client-0A1229A644E4->9c20c9b5-9357-4e10-a431-87958d826eb0@group-E320AAD9F214, cid=157, FAILED org.apache.ratis.protocol.StateMachineException: org.apache.hadoop.hdds.scm.container.common.helpers.ContainerNotOpenException from Server 9c20c9b5-9357-4e10-a431-87958d826eb0: Container 1 in CLOSED state, logIndex=0, commits[9c20c9b5-9357-4e10-a431-87958d826eb0:c16]
08:36:51.953 [grpc-default-executor-8] ERROR DNAudit - user=null | ip=null | op=WRITE_CHUNK {blockData=conID: 1 locID: 102438889505161227 bcsId: 13} | ret=FAILURE
org.apache.hadoop.hdds.scm.container.common.helpers.ContainerNotOpenException: Container 1 in CLOSED state
	at org.apache.hadoop.ozone.container.common.impl.HddsDispatcher.validateContainerCommand(HddsDispatcher.java:408) ~[hadoop-hdds-container-service-0.5.0-SNAPSHOT.jar:?]
	at org.apache.hadoop.ozone.container.common.transport.server.ratis.ContainerStateMachine.startTransaction(ContainerStateMachine.java:272) ~[hadoop-hdds-container-service-0.5.0-SNAPSHOT.jar:?]
	at org.apache.ratis.server.impl.RaftServerImpl.submitClientRequestAsync(RaftServerImpl.java:566) ~[ratis-server-0.4.0-2337318-SNAPSHOT.jar:0.4.0-2337318-SNAPSHOT]
	at org.apache.ratis.server.impl.RaftServerProxy.lambda$submitClientRequestAsync$7(RaftServerProxy.java:333) ~[ratis-server-0.4.0-2337318-SNAPSHOT.jar:0.4.0-2337318-SNAPSHOT]
	at org.apache.ratis.server.impl.RaftServerProxy.lambda$null$5(RaftServerProxy.java:328) ~[ratis-server-0.4.0-2337318-SNAPSHOT.jar:0.4.0-2337318-SNAPSHOT]
	at org.apache.ratis.util.JavaUtils.callAsUnchecked(JavaUtils.java:109) ~[ratis-common-0.4.0-2337318-SNAPSHOT.jar:0.4.0-2337318-SNAPSHOT]
	at org.apache.ratis.server.impl.RaftServerProxy.lambda$submitRequest$6(RaftServerProxy.java:328) ~[ratis-server-0.4.0-2337318-SNAPSHOT.jar:0.4.0-2337318-SNAPSHOT]
	at java.util.concurrent.CompletableFuture.uniComposeStage(CompletableFuture.java:981) ~[?:1.8.0_212]
	at java.util.concurrent.CompletableFuture.thenCompose(CompletableFuture.java:2124) ~[?:1.8.0_212]
	at org.apache.ratis.server.impl.RaftServerProxy.submitRequest(RaftServerProxy.java:327) ~[ratis-server-0.4.0-2337318-SNAPSHOT.jar:0.4.0-2337318-SNAPSHOT]
	at org.apache.ratis.server.impl.RaftServerProxy.submitClientRequestAsync(RaftServerProxy.java:333) ~[ratis-server-0.4.0-2337318-SNAPSHOT.jar:0.4.0-2337318-SNAPSHOT]
	at org.apache.ratis.grpc.client.GrpcClientProtocolService$RequestStreamObserver.processClientRequest(GrpcClientProtocolService.java:220) ~[ratis-grpc-0.4.0-2337318-SNAPSHOT.jar:0.4.0-2337318-SNAPSHOT]
	at org.apache.ratis.grpc.client.GrpcClientProtocolService$OrderedRequestStreamObserver.processClientRequest(GrpcClientProtocolService.java:326) ~[ratis-grpc-0.4.0-2337318-SNAPSHOT.jar:0.4.0-2337318-SNAPSHOT]
	at org.apache.ratis.util.SlidingWindow$Server.processRequestsFromHead(SlidingWindow.java:429) [ratis-common-0.4.0-2337318-SNAPSHOT.jar:0.4.0-2337318-SNAPSHOT]
	at org.apache.ratis.util.SlidingWindow$Server.receivedRequest(SlidingWindow.java:421) [ratis-common-0.4.0-2337318-SNAPSHOT.jar:0.4.0-2337318-SNAPSHOT]
	at org.apache.ratis.grpc.client.GrpcClientProtocolService$OrderedRequestStreamObserver.processClientRequest(GrpcClientProtocolService.java:345) [ratis-grpc-0.4.0-2337318-SNAPSHOT.jar:0.4.0-2337318-SNAPSHOT]
	at org.apache.ratis.grpc.client.GrpcClientProtocolService$RequestStreamObserver.onNext(GrpcClientProtocolService.java:240) [ratis-grpc-0.4.0-2337318-SNAPSHOT.jar:0.4.0-2337318-SNAPSHOT]
	at org.apache.ratis.grpc.client.GrpcClientProtocolService$RequestStreamObserver.onNext(GrpcClientProtocolService.java:168) [ratis-grpc-0.4.0-2337318-SNAPSHOT.jar:0.4.0-2337318-SNAPSHOT]
	at org.apache.ratis.thirdparty.io.grpc.stub.ServerCalls$StreamingServerCallHandler$StreamingServerCallListener.onMessage(ServerCalls.java:248) [ratis-thirdparty-misc-0.2.0.jar:0.2.0]
	at org.apache.ratis.thirdparty.io.grpc.internal.ServerCallImpl$ServerStreamListenerImpl.messagesAvailable(ServerCallImpl.java:263) [ratis-thirdparty-misc-0.2.0.jar:0.2.0]
	at org.apache.ratis.thirdparty.io.grpc.internal.ServerImpl$JumpToApplicationThreadServerStreamListener$1MessagesAvailable.runInContext(ServerImpl.java:686) [ratis-thirdparty-misc-0.2.0.jar:0.2.0]
	at org.apache.ratis.thirdparty.io.grpc.internal.ContextRunnable.run(ContextRunnable.java:37) [ratis-thirdparty-misc-0.2.0.jar:0.2.0]
	at org.apache.ratis.thirdparty.io.grpc.internal.SerializingExecutor.run(SerializingExecutor.java:123) [ratis-thirdparty-misc-0.2.0.jar:0.2.0]
	at java.util.concurrent.ThreadPoolExecutor.runWorker(ThreadPoolExecutor.java:1149) [?:1.8.0_212]
	at java.util.concurrent.ThreadPoolExecutor$Worker.run(ThreadPoolExecutor.java:624) [?:1.8.0_212]
	at java.lang.Thread.run(Thread.java:748) [?:1.8.0_212]
2019-07-14 08:36:51,955 INFO  client.GrpcClientProtocolClient (GrpcClientProtocolClient.java:onNext(255)) - client-0A1229A644E4->9c20c9b5-9357-4e10-a431-87958d826eb0: receive RaftClientReply:client-0A1229A644E4->9c20c9b5-9357-4e10-a431-87958d826eb0@group-E320AAD9F214, cid=158, FAILED org.apache.ratis.protocol.StateMachineException: org.apache.hadoop.hdds.scm.container.common.helpers.ContainerNotOpenException from Server 9c20c9b5-9357-4e10-a431-87958d826eb0: Container 1 in CLOSED state, logIndex=0, commits[9c20c9b5-9357-4e10-a431-87958d826eb0:c16]
08:36:51.955 [grpc-default-executor-8] ERROR DNAudit - user=null | ip=null | op=WRITE_CHUNK {blockData=conID: 1 locID: 102438889505161227 bcsId: 13} | ret=FAILURE
org.apache.hadoop.hdds.scm.container.common.helpers.ContainerNotOpenException: Container 1 in CLOSED state
	at org.apache.hadoop.ozone.container.common.impl.HddsDispatcher.validateContainerCommand(HddsDispatcher.java:408) ~[hadoop-hdds-container-service-0.5.0-SNAPSHOT.jar:?]
	at org.apache.hadoop.ozone.container.common.transport.server.ratis.ContainerStateMachine.startTransaction(ContainerStateMachine.java:272) ~[hadoop-hdds-container-service-0.5.0-SNAPSHOT.jar:?]
	at org.apache.ratis.server.impl.RaftServerImpl.submitClientRequestAsync(RaftServerImpl.java:566) ~[ratis-server-0.4.0-2337318-SNAPSHOT.jar:0.4.0-2337318-SNAPSHOT]
	at org.apache.ratis.server.impl.RaftServerProxy.lambda$submitClientRequestAsync$7(RaftServerProxy.java:333) ~[ratis-server-0.4.0-2337318-SNAPSHOT.jar:0.4.0-2337318-SNAPSHOT]
	at org.apache.ratis.server.impl.RaftServerProxy.lambda$null$5(RaftServerProxy.java:328) ~[ratis-server-0.4.0-2337318-SNAPSHOT.jar:0.4.0-2337318-SNAPSHOT]
	at org.apache.ratis.util.JavaUtils.callAsUnchecked(JavaUtils.java:109) ~[ratis-common-0.4.0-2337318-SNAPSHOT.jar:0.4.0-2337318-SNAPSHOT]
	at org.apache.ratis.server.impl.RaftServerProxy.lambda$submitRequest$6(RaftServerProxy.java:328) ~[ratis-server-0.4.0-2337318-SNAPSHOT.jar:0.4.0-2337318-SNAPSHOT]
	at java.util.concurrent.CompletableFuture.uniComposeStage(CompletableFuture.java:981) ~[?:1.8.0_212]
	at java.util.concurrent.CompletableFuture.thenCompose(CompletableFuture.java:2124) ~[?:1.8.0_212]
	at org.apache.ratis.server.impl.RaftServerProxy.submitRequest(RaftServerProxy.java:327) ~[ratis-server-0.4.0-2337318-SNAPSHOT.jar:0.4.0-2337318-SNAPSHOT]
	at org.apache.ratis.server.impl.RaftServerProxy.submitClientRequestAsync(RaftServerProxy.java:333) ~[ratis-server-0.4.0-2337318-SNAPSHOT.jar:0.4.0-2337318-SNAPSHOT]
	at org.apache.ratis.grpc.client.GrpcClientProtocolService$RequestStreamObserver.processClientRequest(GrpcClientProtocolService.java:220) ~[ratis-grpc-0.4.0-2337318-SNAPSHOT.jar:0.4.0-2337318-SNAPSHOT]
	at org.apache.ratis.grpc.client.GrpcClientProtocolService$OrderedRequestStreamObserver.processClientRequest(GrpcClientProtocolService.java:326) ~[ratis-grpc-0.4.0-2337318-SNAPSHOT.jar:0.4.0-2337318-SNAPSHOT]
	at org.apache.ratis.util.SlidingWindow$Server.processRequestsFromHead(SlidingWindow.java:429) [ratis-common-0.4.0-2337318-SNAPSHOT.jar:0.4.0-2337318-SNAPSHOT]
	at org.apache.ratis.util.SlidingWindow$Server.receivedRequest(SlidingWindow.java:421) [ratis-common-0.4.0-2337318-SNAPSHOT.jar:0.4.0-2337318-SNAPSHOT]
	at org.apache.ratis.grpc.client.GrpcClientProtocolService$OrderedRequestStreamObserver.processClientRequest(GrpcClientProtocolService.java:345) [ratis-grpc-0.4.0-2337318-SNAPSHOT.jar:0.4.0-2337318-SNAPSHOT]
	at org.apache.ratis.grpc.client.GrpcClientProtocolService$RequestStreamObserver.onNext(GrpcClientProtocolService.java:240) [ratis-grpc-0.4.0-2337318-SNAPSHOT.jar:0.4.0-2337318-SNAPSHOT]
	at org.apache.ratis.grpc.client.GrpcClientProtocolService$RequestStreamObserver.onNext(GrpcClientProtocolService.java:168) [ratis-grpc-0.4.0-2337318-SNAPSHOT.jar:0.4.0-2337318-SNAPSHOT]
	at org.apache.ratis.thirdparty.io.grpc.stub.ServerCalls$StreamingServerCallHandler$StreamingServerCallListener.onMessage(ServerCalls.java:248) [ratis-thirdparty-misc-0.2.0.jar:0.2.0]
	at org.apache.ratis.thirdparty.io.grpc.internal.ServerCallImpl$ServerStreamListenerImpl.messagesAvailable(ServerCallImpl.java:263) [ratis-thirdparty-misc-0.2.0.jar:0.2.0]
	at org.apache.ratis.thirdparty.io.grpc.internal.ServerImpl$JumpToApplicationThreadServerStreamListener$1MessagesAvailable.runInContext(ServerImpl.java:686) [ratis-thirdparty-misc-0.2.0.jar:0.2.0]
	at org.apache.ratis.thirdparty.io.grpc.internal.ContextRunnable.run(ContextRunnable.java:37) [ratis-thirdparty-misc-0.2.0.jar:0.2.0]
	at org.apache.ratis.thirdparty.io.grpc.internal.SerializingExecutor.run(SerializingExecutor.java:123) [ratis-thirdparty-misc-0.2.0.jar:0.2.0]
	at java.util.concurrent.ThreadPoolExecutor.runWorker(ThreadPoolExecutor.java:1149) [?:1.8.0_212]
	at java.util.concurrent.ThreadPoolExecutor$Worker.run(ThreadPoolExecutor.java:624) [?:1.8.0_212]
	at java.lang.Thread.run(Thread.java:748) [?:1.8.0_212]
2019-07-14 08:36:51,969 INFO  client.GrpcClientProtocolClient (GrpcClientProtocolClient.java:onNext(255)) - client-0A1229A644E4->9c20c9b5-9357-4e10-a431-87958d826eb0: receive RaftClientReply:client-0A1229A644E4->9c20c9b5-9357-4e10-a431-87958d826eb0@group-E320AAD9F214, cid=159, FAILED org.apache.ratis.protocol.StateMachineException: org.apache.hadoop.hdds.scm.container.common.helpers.ContainerNotOpenException from Server 9c20c9b5-9357-4e10-a431-87958d826eb0: Container 1 in CLOSED state, logIndex=0, commits[9c20c9b5-9357-4e10-a431-87958d826eb0:c16]
08:36:51.972 [grpc-default-executor-8] ERROR DNAudit - user=null | ip=null | op=PUT_BLOCK {blockData=[blockId=conID: 1 locID: 102438889505161227 bcsId: 0,size=800]} | ret=FAILURE
org.apache.hadoop.hdds.scm.container.common.helpers.ContainerNotOpenException: Container 1 in CLOSED state
	at org.apache.hadoop.ozone.container.common.impl.HddsDispatcher.validateContainerCommand(HddsDispatcher.java:408) ~[hadoop-hdds-container-service-0.5.0-SNAPSHOT.jar:?]
	at org.apache.hadoop.ozone.container.common.transport.server.ratis.ContainerStateMachine.startTransaction(ContainerStateMachine.java:272) ~[hadoop-hdds-container-service-0.5.0-SNAPSHOT.jar:?]
	at org.apache.ratis.server.impl.RaftServerImpl.submitClientRequestAsync(RaftServerImpl.java:566) ~[ratis-server-0.4.0-2337318-SNAPSHOT.jar:0.4.0-2337318-SNAPSHOT]
	at org.apache.ratis.server.impl.RaftServerProxy.lambda$submitClientRequestAsync$7(RaftServerProxy.java:333) ~[ratis-server-0.4.0-2337318-SNAPSHOT.jar:0.4.0-2337318-SNAPSHOT]
	at org.apache.ratis.server.impl.RaftServerProxy.lambda$null$5(RaftServerProxy.java:328) ~[ratis-server-0.4.0-2337318-SNAPSHOT.jar:0.4.0-2337318-SNAPSHOT]
	at org.apache.ratis.util.JavaUtils.callAsUnchecked(JavaUtils.java:109) ~[ratis-common-0.4.0-2337318-SNAPSHOT.jar:0.4.0-2337318-SNAPSHOT]
	at org.apache.ratis.server.impl.RaftServerProxy.lambda$submitRequest$6(RaftServerProxy.java:328) ~[ratis-server-0.4.0-2337318-SNAPSHOT.jar:0.4.0-2337318-SNAPSHOT]
	at java.util.concurrent.CompletableFuture.uniComposeStage(CompletableFuture.java:981) ~[?:1.8.0_212]
	at java.util.concurrent.CompletableFuture.thenCompose(CompletableFuture.java:2124) ~[?:1.8.0_212]
	at org.apache.ratis.server.impl.RaftServerProxy.submitRequest(RaftServerProxy.java:327) ~[ratis-server-0.4.0-2337318-SNAPSHOT.jar:0.4.0-2337318-SNAPSHOT]
	at org.apache.ratis.server.impl.RaftServerProxy.submitClientRequestAsync(RaftServerProxy.java:333) ~[ratis-server-0.4.0-2337318-SNAPSHOT.jar:0.4.0-2337318-SNAPSHOT]
	at org.apache.ratis.grpc.client.GrpcClientProtocolService$RequestStreamObserver.processClientRequest(GrpcClientProtocolService.java:220) ~[ratis-grpc-0.4.0-2337318-SNAPSHOT.jar:0.4.0-2337318-SNAPSHOT]
	at org.apache.ratis.grpc.client.GrpcClientProtocolService$OrderedRequestStreamObserver.processClientRequest(GrpcClientProtocolService.java:326) ~[ratis-grpc-0.4.0-2337318-SNAPSHOT.jar:0.4.0-2337318-SNAPSHOT]
	at org.apache.ratis.util.SlidingWindow$Server.processRequestsFromHead(SlidingWindow.java:429) [ratis-common-0.4.0-2337318-SNAPSHOT.jar:0.4.0-2337318-SNAPSHOT]
	at org.apache.ratis.util.SlidingWindow$Server.receivedRequest(SlidingWindow.java:421) [ratis-common-0.4.0-2337318-SNAPSHOT.jar:0.4.0-2337318-SNAPSHOT]
	at org.apache.ratis.grpc.client.GrpcClientProtocolService$OrderedRequestStreamObserver.processClientRequest(GrpcClientProtocolService.java:345) [ratis-grpc-0.4.0-2337318-SNAPSHOT.jar:0.4.0-2337318-SNAPSHOT]
	at org.apache.ratis.grpc.client.GrpcClientProtocolService$RequestStreamObserver.onNext(GrpcClientProtocolService.java:240) [ratis-grpc-0.4.0-2337318-SNAPSHOT.jar:0.4.0-2337318-SNAPSHOT]
	at org.apache.ratis.grpc.client.GrpcClientProtocolService$RequestStreamObserver.onNext(GrpcClientProtocolService.java:168) [ratis-grpc-0.4.0-2337318-SNAPSHOT.jar:0.4.0-2337318-SNAPSHOT]
	at org.apache.ratis.thirdparty.io.grpc.stub.ServerCalls$StreamingServerCallHandler$StreamingServerCallListener.onMessage(ServerCalls.java:248) [ratis-thirdparty-misc-0.2.0.jar:0.2.0]
	at org.apache.ratis.thirdparty.io.grpc.internal.ServerCallImpl$ServerStreamListenerImpl.messagesAvailable(ServerCallImpl.java:263) [ratis-thirdparty-misc-0.2.0.jar:0.2.0]
	at org.apache.ratis.thirdparty.io.grpc.internal.ServerImpl$JumpToApplicationThreadServerStreamListener$1MessagesAvailable.runInContext(ServerImpl.java:686) [ratis-thirdparty-misc-0.2.0.jar:0.2.0]
	at org.apache.ratis.thirdparty.io.grpc.internal.ContextRunnable.run(ContextRunnable.java:37) [ratis-thirdparty-misc-0.2.0.jar:0.2.0]
	at org.apache.ratis.thirdparty.io.grpc.internal.SerializingExecutor.run(SerializingExecutor.java:123) [ratis-thirdparty-misc-0.2.0.jar:0.2.0]
	at java.util.concurrent.ThreadPoolExecutor.runWorker(ThreadPoolExecutor.java:1149) [?:1.8.0_212]
	at java.util.concurrent.ThreadPoolExecutor$Worker.run(ThreadPoolExecutor.java:624) [?:1.8.0_212]
	at java.lang.Thread.run(Thread.java:748) [?:1.8.0_212]
2019-07-14 08:36:51,973 INFO  client.GrpcClientProtocolClient (GrpcClientProtocolClient.java:onNext(255)) - client-0A1229A644E4->9c20c9b5-9357-4e10-a431-87958d826eb0: receive RaftClientReply:client-0A1229A644E4->9c20c9b5-9357-4e10-a431-87958d826eb0@group-E320AAD9F214, cid=160, FAILED org.apache.ratis.protocol.StateMachineException: org.apache.hadoop.hdds.scm.container.common.helpers.ContainerNotOpenException from Server 9c20c9b5-9357-4e10-a431-87958d826eb0: Container 1 in CLOSED state, logIndex=0, commits[9c20c9b5-9357-4e10-a431-87958d826eb0:c16]
2019-07-14 08:36:51,980 INFO  client.GrpcClientProtocolClient (GrpcClientProtocolClient.java:onNext(255)) - client-0A1229A644E4->9c20c9b5-9357-4e10-a431-87958d826eb0: receive RaftClientReply:client-0A1229A644E4->9c20c9b5-9357-4e10-a431-87958d826eb0@group-E320AAD9F214, cid=161, FAILED org.apache.ratis.protocol.StateMachineException: org.apache.hadoop.hdds.scm.container.common.helpers.ContainerNotOpenException from Server 9c20c9b5-9357-4e10-a431-87958d826eb0: Container 1 in CLOSED state, logIndex=0, commits[9c20c9b5-9357-4e10-a431-87958d826eb0:c16]
2019-07-14 08:36:52,084 INFO  client.GrpcClientProtocolClient (GrpcClientProtocolClient.java:onNext(255)) - client-703A0475F201->15bf218b-f591-44d2-b923-e6c91f666683: receive RaftClientReply:client-703A0475F201->15bf218b-f591-44d2-b923-e6c91f666683@group-7ECC7634C802, cid=162, SUCCESS, logIndex=1, commits[15bf218b-f591-44d2-b923-e6c91f666683:c1]
2019-07-14 08:36:52,109 INFO  client.GrpcClientProtocolClient (GrpcClientProtocolClient.java:onNext(255)) - client-703A0475F201->15bf218b-f591-44d2-b923-e6c91f666683: receive RaftClientReply:client-703A0475F201->15bf218b-f591-44d2-b923-e6c91f666683@group-7ECC7634C802, cid=163, SUCCESS, logIndex=3, commits[15bf218b-f591-44d2-b923-e6c91f666683:c3]
2019-07-14 08:36:52,179 INFO  client.GrpcClientProtocolClient (GrpcClientProtocolClient.java:onNext(255)) - client-703A0475F201->15bf218b-f591-44d2-b923-e6c91f666683: receive RaftClientReply:client-703A0475F201->15bf218b-f591-44d2-b923-e6c91f666683@group-7ECC7634C802, cid=164, SUCCESS, logIndex=4, commits[15bf218b-f591-44d2-b923-e6c91f666683:c10]
2019-07-14 08:36:52,180 INFO  client.GrpcClientProtocolClient (GrpcClientProtocolClient.java:onNext(255)) - client-703A0475F201->15bf218b-f591-44d2-b923-e6c91f666683: receive RaftClientReply:client-703A0475F201->15bf218b-f591-44d2-b923-e6c91f666683@group-7ECC7634C802, cid=165, SUCCESS, logIndex=5, commits[15bf218b-f591-44d2-b923-e6c91f666683:c10]
2019-07-14 08:36:52,180 INFO  client.GrpcClientProtocolClient (GrpcClientProtocolClient.java:onNext(255)) - client-703A0475F201->15bf218b-f591-44d2-b923-e6c91f666683: receive RaftClientReply:client-703A0475F201->15bf218b-f591-44d2-b923-e6c91f666683@group-7ECC7634C802, cid=166, SUCCESS, logIndex=6, commits[15bf218b-f591-44d2-b923-e6c91f666683:c10]
2019-07-14 08:36:52,181 INFO  client.GrpcClientProtocolClient (GrpcClientProtocolClient.java:onNext(255)) - client-703A0475F201->15bf218b-f591-44d2-b923-e6c91f666683: receive RaftClientReply:client-703A0475F201->15bf218b-f591-44d2-b923-e6c91f666683@group-7ECC7634C802, cid=167, SUCCESS, logIndex=8, commits[15bf218b-f591-44d2-b923-e6c91f666683:c10]
2019-07-14 08:36:52,192 INFO  client.GrpcClientProtocolClient (GrpcClientProtocolClient.java:onNext(255)) - client-703A0475F201->15bf218b-f591-44d2-b923-e6c91f666683: receive RaftClientReply:client-703A0475F201->15bf218b-f591-44d2-b923-e6c91f666683@group-7ECC7634C802, cid=168, SUCCESS, logIndex=11, commits[15bf218b-f591-44d2-b923-e6c91f666683:c11]
2019-07-14 08:36:52,192 INFO  client.GrpcClientProtocolClient (GrpcClientProtocolClient.java:onNext(255)) - client-703A0475F201->15bf218b-f591-44d2-b923-e6c91f666683: receive RaftClientReply:client-703A0475F201->15bf218b-f591-44d2-b923-e6c91f666683@group-7ECC7634C802, cid=169, SUCCESS, logIndex=12, commits[15bf218b-f591-44d2-b923-e6c91f666683:c13]
2019-07-14 08:36:52,210 INFO  pipeline.Pipeline (Pipeline.java:getProtobufMessage(195)) - Serialize pipeline PipelineID=91a99986-75d5-4865-acdd-7ecc7634c802 with nodesInOrder{ }
2019-07-14 08:36:52,213 INFO  ozone.MiniOzoneClusterImpl (MiniOzoneClusterImpl.java:shutdown(321)) - Shutting down the Mini Ozone Cluster
2019-07-14 08:36:52,213 INFO  ozone.MiniOzoneClusterImpl (MiniOzoneClusterImpl.java:stop(336)) - Stopping the Mini Ozone Cluster
2019-07-14 08:36:52,213 INFO  ozone.MiniOzoneClusterImpl (MiniOzoneClusterImpl.java:stop(338)) - Stopping the OzoneManager
2019-07-14 08:36:52,213 INFO  ipc.Server (Server.java:stop(3082)) - Stopping server on 38248
2019-07-14 08:36:52,227 INFO  ipc.Server (Server.java:run(1185)) - Stopping IPC Server listener on 38248
2019-07-14 08:36:52,227 INFO  utils.BackgroundService (BackgroundService.java:shutdown(148)) - Shutting down service KeyDeletingService
2019-07-14 08:36:52,231 INFO  ipc.Server (Server.java:run(1319)) - Stopping IPC Server Responder
2019-07-14 08:36:52,245 INFO  handler.ContextHandler (ContextHandler.java:doStop(910)) - Stopped o.e.j.w.WebAppContext@4172c967{/,null,UNAVAILABLE}{/ozoneManager}
2019-07-14 08:36:52,246 INFO  server.AbstractConnector (AbstractConnector.java:doStop(318)) - Stopped ServerConnector@71ac5723{HTTP/1.1,[http/1.1]}{0.0.0.0:0}
2019-07-14 08:36:52,246 INFO  handler.ContextHandler (ContextHandler.java:doStop(910)) - Stopped o.e.j.s.ServletContextHandler@27c827ec{/static,file:///workdir/hadoop-ozone/integration-test/target/test-classes/webapps/static,UNAVAILABLE}
2019-07-14 08:36:52,247 INFO  handler.ContextHandler (ContextHandler.java:doStop(910)) - Stopped o.e.j.s.ServletContextHandler@68b3de47{/logs,file:///workdir/hadoop-ozone/integration-test/target/log,UNAVAILABLE}
2019-07-14 08:36:52,250 INFO  ozone.MiniOzoneClusterImpl (MiniOzoneClusterImpl.java:stop(344)) - Shutting the HddsDatanodes
2019-07-14 08:36:52,250 INFO  datanode.ObjectStoreHandler (ObjectStoreHandler.java:close(155)) - Closing ObjectStoreHandler.
2019-07-14 08:36:52,250 INFO  datanode.ObjectStoreHandler (ObjectStoreHandler.java:close(155)) - Closing ObjectStoreHandler.
2019-07-14 08:36:52,251 INFO  ozone.HddsDatanodeService (HddsDatanodeService.java:stop(452)) - Stopped plug-in org.apache.hadoop.ozone.web.OzoneHddsDatanodeService@18711946
2019-07-14 08:36:52,251 INFO  ozone.HddsDatanodeService (HddsDatanodeService.java:stop(452)) - Stopped plug-in org.apache.hadoop.ozone.web.OzoneHddsDatanodeService@571903ff
2019-07-14 08:36:53,045 INFO  statemachine.DatanodeStateMachine (DatanodeStateMachine.java:lambda$startDaemon$0(350)) - Ozone container server started.
2019-07-14 08:36:53,245 INFO  statemachine.DatanodeStateMachine (DatanodeStateMachine.java:lambda$startDaemon$0(350)) - Ozone container server started.
2019-07-14 08:36:57,064 INFO  node.StaleNodeHandler (StaleNodeHandler.java:onMessage(58)) - Datanode 15bf218b-f591-44d2-b923-e6c91f666683{ip: 192.168.5.191, host: trunk-nightly-5z2vd-27108033, networkLocation: /default-rack, certSerialId: null} moved to stale state. Finalizing its pipelines [PipelineID=996ffe8f-26f5-4d1c-83e4-442727c201dd, PipelineID=91a99986-75d5-4865-acdd-7ecc7634c802]
2019-07-14 08:36:57,064 INFO  pipeline.SCMPipelineManager (SCMPipelineManager.java:finalizeAndDestroyPipeline(309)) - destroying pipeline:Pipeline[ Id: 996ffe8f-26f5-4d1c-83e4-442727c201dd, Nodes: 9c20c9b5-9357-4e10-a431-87958d826eb0{ip: 192.168.5.191, host: trunk-nightly-5z2vd-27108033, networkLocation: /default-rack, certSerialId: null}15bf218b-f591-44d2-b923-e6c91f666683{ip: 192.168.5.191, host: trunk-nightly-5z2vd-27108033, networkLocation: /default-rack, certSerialId: null}c20c3292-948d-4bbf-bd7e-6b3b697d6238{ip: 192.168.5.191, host: trunk-nightly-5z2vd-27108033, networkLocation: /default-rack, certSerialId: null}, Type:RATIS, Factor:THREE, State:OPEN]
2019-07-14 08:36:57,064 INFO  pipeline.PipelineStateManager (PipelineStateManager.java:finalizePipeline(123)) - Pipeline Pipeline[ Id: 996ffe8f-26f5-4d1c-83e4-442727c201dd, Nodes: 9c20c9b5-9357-4e10-a431-87958d826eb0{ip: 192.168.5.191, host: trunk-nightly-5z2vd-27108033, networkLocation: /default-rack, certSerialId: null}15bf218b-f591-44d2-b923-e6c91f666683{ip: 192.168.5.191, host: trunk-nightly-5z2vd-27108033, networkLocation: /default-rack, certSerialId: null}c20c3292-948d-4bbf-bd7e-6b3b697d6238{ip: 192.168.5.191, host: trunk-nightly-5z2vd-27108033, networkLocation: /default-rack, certSerialId: null}, Type:RATIS, Factor:THREE, State:CLOSED] moved to CLOSED state
2019-07-14 08:36:57,064 INFO  pipeline.SCMPipelineManager (SCMPipelineManager.java:finalizeAndDestroyPipeline(309)) - destroying pipeline:Pipeline[ Id: 91a99986-75d5-4865-acdd-7ecc7634c802, Nodes: 15bf218b-f591-44d2-b923-e6c91f666683{ip: 192.168.5.191, host: trunk-nightly-5z2vd-27108033, networkLocation: /default-rack, certSerialId: null}, Type:RATIS, Factor:ONE, State:OPEN]
2019-07-14 08:36:57,065 INFO  pipeline.PipelineStateManager (PipelineStateManager.java:finalizePipeline(123)) - Pipeline Pipeline[ Id: 91a99986-75d5-4865-acdd-7ecc7634c802, Nodes: 15bf218b-f591-44d2-b923-e6c91f666683{ip: 192.168.5.191, host: trunk-nightly-5z2vd-27108033, networkLocation: /default-rack, certSerialId: null}, Type:RATIS, Factor:ONE, State:CLOSED] moved to CLOSED state
2019-07-14 08:36:57,065 INFO  container.CloseContainerEventHandler (CloseContainerEventHandler.java:onMessage(61)) - Close container Event triggered for container : #2
2019-07-14 08:36:57,252 INFO  ozoneimpl.OzoneContainer (OzoneContainer.java:stop(199)) - Attempting to stop container services.
2019-07-14 08:36:57,252 INFO  ozoneimpl.OzoneContainer (OzoneContainer.java:stop(199)) - Attempting to stop container services.
2019-07-14 08:36:57,252 INFO  impl.RaftServerProxy (RaftServerProxy.java:lambda$close$4(314)) - 222b7c1d-42ae-4fb6-8ca0-57306d8bd07f: close
2019-07-14 08:36:57,252 INFO  impl.RaftServerProxy (RaftServerProxy.java:lambda$close$4(314)) - 15bf218b-f591-44d2-b923-e6c91f666683: close
2019-07-14 08:36:57,253 INFO  impl.RaftServerImpl (RaftServerImpl.java:lambda$shutdown$3(245)) - 222b7c1d-42ae-4fb6-8ca0-57306d8bd07f: shutdown group-71D958905A4F
2019-07-14 08:36:57,253 INFO  impl.RaftServerImpl (RaftServerImpl.java:lambda$shutdown$3(245)) - 15bf218b-f591-44d2-b923-e6c91f666683: shutdown group-442727C201DD
2019-07-14 08:36:57,254 INFO  util.JmxRegister (JmxRegister.java:unregister(73)) - Successfully un-registered JMX Bean with object name Ratis:service=RaftServer,group=group-71D958905A4F,id=222b7c1d-42ae-4fb6-8ca0-57306d8bd07f
2019-07-14 08:36:57,254 INFO  util.JmxRegister (JmxRegister.java:unregister(73)) - Successfully un-registered JMX Bean with object name Ratis:service=RaftServer,group=group-442727C201DD,id=15bf218b-f591-44d2-b923-e6c91f666683
2019-07-14 08:36:57,255 INFO  impl.RoleInfo (RoleInfo.java:shutdownLeaderState(104)) - 15bf218b-f591-44d2-b923-e6c91f666683: shutdown LeaderState
2019-07-14 08:36:57,254 INFO  impl.RoleInfo (RoleInfo.java:shutdownLeaderState(104)) - 222b7c1d-42ae-4fb6-8ca0-57306d8bd07f: shutdown LeaderState
2019-07-14 08:36:57,270 WARN  server.GrpcLogAppender (GrpcLogAppender.java:mayWait(143)) - GrpcLogAppender(15bf218b-f591-44d2-b923-e6c91f666683->c20c3292-948d-4bbf-bd7e-6b3b697d6238): Wait interrupted by java.lang.InterruptedException
2019-07-14 08:36:57,270 WARN  server.GrpcLogAppender (GrpcLogAppender.java:mayWait(143)) - GrpcLogAppender(15bf218b-f591-44d2-b923-e6c91f666683->9c20c9b5-9357-4e10-a431-87958d826eb0): Wait interrupted by java.lang.InterruptedException
2019-07-14 08:36:57,270 INFO  node.StaleNodeHandler (StaleNodeHandler.java:onMessage(58)) - Datanode 222b7c1d-42ae-4fb6-8ca0-57306d8bd07f{ip: 192.168.5.191, host: trunk-nightly-5z2vd-27108033, networkLocation: /default-rack, certSerialId: null} moved to stale state. Finalizing its pipelines [PipelineID=2b7db7a2-c065-4a2b-ba8f-71d958905a4f, PipelineID=5f335a22-65dc-476a-94f1-dd1f58a66b83]
2019-07-14 08:36:57,270 INFO  impl.PendingRequests (PendingRequests.java:sendNotLeaderResponses(202)) - 15bf218b-f591-44d2-b923-e6c91f666683-PendingRequests: sendNotLeaderResponses
2019-07-14 08:36:57,272 INFO  server.GrpcServerProtocolService (GrpcServerProtocolService.java:onCompleted(104)) - 9c20c9b5-9357-4e10-a431-87958d826eb0: appendEntries completed
2019-07-14 08:36:57,272 INFO  server.GrpcServerProtocolService (GrpcServerProtocolService.java:onCompleted(104)) - c20c3292-948d-4bbf-bd7e-6b3b697d6238: appendEntries completed
2019-07-14 08:36:57,271 INFO  pipeline.SCMPipelineManager (SCMPipelineManager.java:finalizeAndDestroyPipeline(309)) - destroying pipeline:Pipeline[ Id: 2b7db7a2-c065-4a2b-ba8f-71d958905a4f, Nodes: 222b7c1d-42ae-4fb6-8ca0-57306d8bd07f{ip: 192.168.5.191, host: trunk-nightly-5z2vd-27108033, networkLocation: /default-rack, certSerialId: null}, Type:RATIS, Factor:ONE, State:OPEN]
2019-07-14 08:36:57,271 INFO  impl.PendingRequests (PendingRequests.java:sendNotLeaderResponses(202)) - 222b7c1d-42ae-4fb6-8ca0-57306d8bd07f-PendingRequests: sendNotLeaderResponses
2019-07-14 08:36:57,273 INFO  server.GrpcLogAppender (GrpcLogAppender.java:onCompleted(292)) - 15bf218b-f591-44d2-b923-e6c91f666683->c20c3292-948d-4bbf-bd7e-6b3b697d6238: follower responses appendEntries COMPLETED
2019-07-14 08:36:57,273 INFO  server.GrpcLogAppender (GrpcLogAppender.java:onCompleted(292)) - 15bf218b-f591-44d2-b923-e6c91f666683->9c20c9b5-9357-4e10-a431-87958d826eb0: follower responses appendEntries COMPLETED
2019-07-14 08:36:57,272 INFO  pipeline.PipelineStateManager (PipelineStateManager.java:finalizePipeline(123)) - Pipeline Pipeline[ Id: 2b7db7a2-c065-4a2b-ba8f-71d958905a4f, Nodes: 222b7c1d-42ae-4fb6-8ca0-57306d8bd07f{ip: 192.168.5.191, host: trunk-nightly-5z2vd-27108033, networkLocation: /default-rack, certSerialId: null}, Type:RATIS, Factor:ONE, State:CLOSED] moved to CLOSED state
2019-07-14 08:36:57,274 INFO  impl.FollowerInfo (FollowerInfo.java:lambda$new$0(50)) - 15bf218b-f591-44d2-b923-e6c91f666683->9c20c9b5-9357-4e10-a431-87958d826eb0: nextIndex: updateUnconditionally 1 -> 0
2019-07-14 08:36:57,272 INFO  impl.StateMachineUpdater (StateMachineUpdater.java:stopAndJoin(115)) - StateMachineUpdater:15bf218b-f591-44d2-b923-e6c91f666683:group-442727C201DD: set stopIndex = 0
2019-07-14 08:36:57,274 INFO  pipeline.SCMPipelineManager (SCMPipelineManager.java:finalizeAndDestroyPipeline(309)) - destroying pipeline:Pipeline[ Id: 5f335a22-65dc-476a-94f1-dd1f58a66b83, Nodes: 3d6e09b0-71ac-4bd1-9ea8-f038f205ef52{ip: 192.168.5.191, host: trunk-nightly-5z2vd-27108033, networkLocation: /default-rack, certSerialId: null}222b7c1d-42ae-4fb6-8ca0-57306d8bd07f{ip: 192.168.5.191, host: trunk-nightly-5z2vd-27108033, networkLocation: /default-rack, certSerialId: null}d8f94c70-e4ac-469c-9d6c-ddc9f8f48866{ip: 192.168.5.191, host: trunk-nightly-5z2vd-27108033, networkLocation: /default-rack, certSerialId: null}, Type:RATIS, Factor:THREE, State:OPEN]
2019-07-14 08:36:57,274 INFO  impl.FollowerInfo (FollowerInfo.java:lambda$new$0(50)) - 15bf218b-f591-44d2-b923-e6c91f666683->c20c3292-948d-4bbf-bd7e-6b3b697d6238: nextIndex: updateUnconditionally 1 -> 0
2019-07-14 08:36:57,273 INFO  impl.StateMachineUpdater (StateMachineUpdater.java:stopAndJoin(115)) - StateMachineUpdater:222b7c1d-42ae-4fb6-8ca0-57306d8bd07f:group-71D958905A4F: set stopIndex = 0
2019-07-14 08:36:57,275 INFO  impl.RaftServerImpl (ServerState.java:close(394)) - 222b7c1d-42ae-4fb6-8ca0-57306d8bd07f:group-71D958905A4F closes. The last applied log index is 0
2019-07-14 08:36:57,275 INFO  pipeline.PipelineStateManager (PipelineStateManager.java:finalizePipeline(123)) - Pipeline Pipeline[ Id: 5f335a22-65dc-476a-94f1-dd1f58a66b83, Nodes: 3d6e09b0-71ac-4bd1-9ea8-f038f205ef52{ip: 192.168.5.191, host: trunk-nightly-5z2vd-27108033, networkLocation: /default-rack, certSerialId: null}222b7c1d-42ae-4fb6-8ca0-57306d8bd07f{ip: 192.168.5.191, host: trunk-nightly-5z2vd-27108033, networkLocation: /default-rack, certSerialId: null}d8f94c70-e4ac-469c-9d6c-ddc9f8f48866{ip: 192.168.5.191, host: trunk-nightly-5z2vd-27108033, networkLocation: /default-rack, certSerialId: null}, Type:RATIS, Factor:THREE, State:CLOSED] moved to CLOSED state
2019-07-14 08:36:57,274 INFO  impl.RaftServerImpl (ServerState.java:close(394)) - 15bf218b-f591-44d2-b923-e6c91f666683:group-442727C201DD closes. The last applied log index is 0
2019-07-14 08:36:57,276 INFO  segmented.SegmentedRaftLogWorker (SegmentedRaftLogWorker.java:run(313)) - 222b7c1d-42ae-4fb6-8ca0-57306d8bd07f-SegmentedRaftLogWorker:Storage Directory /workdir/hadoop-ozone/integration-test/target/test-dir/MiniOzoneClusterImpl-d4d9d1d5-6826-40d2-ba25-7fec43350d72/datanode-4/data/ratis/2b7db7a2-c065-4a2b-ba8f-71d958905a4f was interrupted, exiting. There are 0 tasks remaining in the queue.
2019-07-14 08:36:57,276 INFO  segmented.SegmentedRaftLogWorker (SegmentedRaftLogWorker.java:run(313)) - 15bf218b-f591-44d2-b923-e6c91f666683-SegmentedRaftLogWorker:Storage Directory /workdir/hadoop-ozone/integration-test/target/test-dir/MiniOzoneClusterImpl-d4d9d1d5-6826-40d2-ba25-7fec43350d72/datanode-1/data/ratis/996ffe8f-26f5-4d1c-83e4-442727c201dd was interrupted, exiting. There are 0 tasks remaining in the queue.
2019-07-14 08:36:57,284 INFO  segmented.SegmentedRaftLogWorker (SegmentedRaftLogWorker.java:close(228)) - 222b7c1d-42ae-4fb6-8ca0-57306d8bd07f-SegmentedRaftLogWorker:Storage Directory /workdir/hadoop-ozone/integration-test/target/test-dir/MiniOzoneClusterImpl-d4d9d1d5-6826-40d2-ba25-7fec43350d72/datanode-4/data/ratis/2b7db7a2-c065-4a2b-ba8f-71d958905a4f close()
2019-07-14 08:36:57,284 INFO  segmented.SegmentedRaftLogWorker (SegmentedRaftLogWorker.java:close(228)) - 15bf218b-f591-44d2-b923-e6c91f666683-SegmentedRaftLogWorker:Storage Directory /workdir/hadoop-ozone/integration-test/target/test-dir/MiniOzoneClusterImpl-d4d9d1d5-6826-40d2-ba25-7fec43350d72/datanode-1/data/ratis/996ffe8f-26f5-4d1c-83e4-442727c201dd close()
2019-07-14 08:36:57,294 INFO  impl.RaftServerImpl (RaftServerImpl.java:lambda$shutdown$3(245)) - 222b7c1d-42ae-4fb6-8ca0-57306d8bd07f: shutdown group-DD1F58A66B83
2019-07-14 08:36:57,296 INFO  impl.RaftServerImpl (RaftServerImpl.java:lambda$shutdown$3(245)) - 15bf218b-f591-44d2-b923-e6c91f666683: shutdown group-7ECC7634C802
2019-07-14 08:36:57,297 INFO  util.JmxRegister (JmxRegister.java:unregister(73)) - Successfully un-registered JMX Bean with object name Ratis:service=RaftServer,group=group-DD1F58A66B83,id=222b7c1d-42ae-4fb6-8ca0-57306d8bd07f
2019-07-14 08:36:57,297 INFO  util.JmxRegister (JmxRegister.java:unregister(73)) - Successfully un-registered JMX Bean with object name Ratis:service=RaftServer,group=group-7ECC7634C802,id=15bf218b-f591-44d2-b923-e6c91f666683
2019-07-14 08:36:57,297 INFO  impl.RoleInfo (RoleInfo.java:shutdownFollowerState(121)) - 222b7c1d-42ae-4fb6-8ca0-57306d8bd07f: shutdown FollowerState
2019-07-14 08:36:57,298 INFO  impl.RoleInfo (RoleInfo.java:shutdownLeaderState(104)) - 15bf218b-f591-44d2-b923-e6c91f666683: shutdown LeaderState
2019-07-14 08:36:57,298 INFO  impl.FollowerState (FollowerState.java:run(114)) - 222b7c1d-42ae-4fb6-8ca0-57306d8bd07f: FollowerState was interrupted: java.lang.InterruptedException: sleep interrupted
2019-07-14 08:36:57,298 INFO  impl.StateMachineUpdater (StateMachineUpdater.java:stopAndJoin(115)) - StateMachineUpdater:222b7c1d-42ae-4fb6-8ca0-57306d8bd07f:group-DD1F58A66B83: set stopIndex = 0
2019-07-14 08:36:57,298 INFO  impl.PendingRequests (PendingRequests.java:sendNotLeaderResponses(202)) - 15bf218b-f591-44d2-b923-e6c91f666683-PendingRequests: sendNotLeaderResponses
2019-07-14 08:36:57,301 INFO  impl.RaftServerImpl (ServerState.java:close(394)) - 222b7c1d-42ae-4fb6-8ca0-57306d8bd07f:group-DD1F58A66B83 closes. The last applied log index is 0
2019-07-14 08:36:57,309 INFO  impl.StateMachineUpdater (StateMachineUpdater.java:stopAndJoin(115)) - StateMachineUpdater:15bf218b-f591-44d2-b923-e6c91f666683:group-7ECC7634C802: set stopIndex = 14
2019-07-14 08:36:57,309 INFO  segmented.SegmentedRaftLogWorker (SegmentedRaftLogWorker.java:run(313)) - 222b7c1d-42ae-4fb6-8ca0-57306d8bd07f-SegmentedRaftLogWorker:Storage Directory /workdir/hadoop-ozone/integration-test/target/test-dir/MiniOzoneClusterImpl-d4d9d1d5-6826-40d2-ba25-7fec43350d72/datanode-4/data/ratis/5f335a22-65dc-476a-94f1-dd1f58a66b83 was interrupted, exiting. There are 0 tasks remaining in the queue.
2019-07-14 08:36:57,309 INFO  ratis.ContainerStateMachine (ContainerStateMachine.java:takeSnapshot(249)) - group-7ECC7634C802: Taking a snapshot at:(t:1, i:13) file /workdir/hadoop-ozone/integration-test/target/test-dir/MiniOzoneClusterImpl-d4d9d1d5-6826-40d2-ba25-7fec43350d72/datanode-1/data/ratis/91a99986-75d5-4865-acdd-7ecc7634c802/sm/snapshot.1_13
2019-07-14 08:36:57,311 INFO  segmented.SegmentedRaftLogWorker (SegmentedRaftLogWorker.java:close(228)) - 222b7c1d-42ae-4fb6-8ca0-57306d8bd07f-SegmentedRaftLogWorker:Storage Directory /workdir/hadoop-ozone/integration-test/target/test-dir/MiniOzoneClusterImpl-d4d9d1d5-6826-40d2-ba25-7fec43350d72/datanode-4/data/ratis/5f335a22-65dc-476a-94f1-dd1f58a66b83 close()
2019-07-14 08:36:57,312 INFO  ratis.ContainerStateMachine (ContainerStateMachine.java:takeSnapshot(257)) - group-7ECC7634C802: Finished taking a snapshot at:(t:1, i:13) file:/workdir/hadoop-ozone/integration-test/target/test-dir/MiniOzoneClusterImpl-d4d9d1d5-6826-40d2-ba25-7fec43350d72/datanode-1/data/ratis/91a99986-75d5-4865-acdd-7ecc7634c802/sm/snapshot.1_13 time:3
2019-07-14 08:36:57,314 INFO  impl.StateMachineUpdater (StateMachineUpdater.java:takeSnapshot(242)) - StateMachineUpdater:15bf218b-f591-44d2-b923-e6c91f666683:group-7ECC7634C802: Took a snapshot at index 13
2019-07-14 08:36:57,314 INFO  server.GrpcService (GrpcService.java:closeImpl(155)) - 222b7c1d-42ae-4fb6-8ca0-57306d8bd07f: shutdown server with port 33127 now
2019-07-14 08:36:57,314 INFO  impl.StateMachineUpdater (StateMachineUpdater.java:lambda$new$0(80)) - StateMachineUpdater:15bf218b-f591-44d2-b923-e6c91f666683:group-7ECC7634C802: snapshotIndex: updateIncreasingly -1 -> 13
2019-07-14 08:36:57,315 INFO  impl.RaftServerImpl (ServerState.java:close(394)) - 15bf218b-f591-44d2-b923-e6c91f666683:group-7ECC7634C802 closes. The last applied log index is 14
2019-07-14 08:36:57,315 WARN  server.GrpcServerProtocolService (LogUtils.java:warn(134)) - 222b7c1d-42ae-4fb6-8ca0-57306d8bd07f: appendEntries onError: org.apache.ratis.thirdparty.io.grpc.StatusRuntimeException: CANCELLED: cancelled before receiving half close
2019-07-14 08:36:57,315 INFO  segmented.SegmentedRaftLogWorker (SegmentedRaftLogWorker.java:run(313)) - 15bf218b-f591-44d2-b923-e6c91f666683-SegmentedRaftLogWorker:Storage Directory /workdir/hadoop-ozone/integration-test/target/test-dir/MiniOzoneClusterImpl-d4d9d1d5-6826-40d2-ba25-7fec43350d72/datanode-1/data/ratis/91a99986-75d5-4865-acdd-7ecc7634c802 was interrupted, exiting. There are 0 tasks remaining in the queue.
2019-07-14 08:36:57,315 WARN  server.GrpcLogAppender (LogUtils.java:warn(134)) - 3d6e09b0-71ac-4bd1-9ea8-f038f205ef52->222b7c1d-42ae-4fb6-8ca0-57306d8bd07f: Failed appendEntries: org.apache.ratis.thirdparty.io.grpc.StatusRuntimeException: CANCELLED: HTTP/2 error code: CANCEL
Received Rst Stream
2019-07-14 08:36:57,319 INFO  segmented.SegmentedRaftLogWorker (SegmentedRaftLogWorker.java:close(228)) - 15bf218b-f591-44d2-b923-e6c91f666683-SegmentedRaftLogWorker:Storage Directory /workdir/hadoop-ozone/integration-test/target/test-dir/MiniOzoneClusterImpl-d4d9d1d5-6826-40d2-ba25-7fec43350d72/datanode-1/data/ratis/91a99986-75d5-4865-acdd-7ecc7634c802 close()
2019-07-14 08:36:57,315 INFO  server.GrpcService (GrpcService.java:closeImpl(163)) - 222b7c1d-42ae-4fb6-8ca0-57306d8bd07f: shutdown server with port 33127 successfully
2019-07-14 08:36:57,321 INFO  server.GrpcService (GrpcService.java:closeImpl(155)) - 15bf218b-f591-44d2-b923-e6c91f666683: shutdown server with port 39583 now
2019-07-14 08:36:57,319 INFO  impl.FollowerInfo (FollowerInfo.java:lambda$new$0(50)) - 3d6e09b0-71ac-4bd1-9ea8-f038f205ef52->222b7c1d-42ae-4fb6-8ca0-57306d8bd07f: nextIndex: updateUnconditionally 1 -> 0
2019-07-14 08:36:57,322 INFO  server.GrpcService (GrpcService.java:closeImpl(163)) - 15bf218b-f591-44d2-b923-e6c91f666683: shutdown server with port 39583 successfully
2019-07-14 08:36:57,323 INFO  utils.BackgroundService (BackgroundService.java:shutdown(148)) - Shutting down service BlockDeletingService
2019-07-14 08:36:57,324 INFO  utils.BackgroundService (BackgroundService.java:shutdown(148)) - Shutting down service BlockDeletingService
2019-07-14 08:36:57,324 WARN  fs.CachingGetSpaceUsed (CachingGetSpaceUsed.java:run(183)) - Thread Interrupted waiting to refresh disk information: sleep interrupted
2019-07-14 08:36:57,327 WARN  fs.CachingGetSpaceUsed (CachingGetSpaceUsed.java:run(183)) - Thread Interrupted waiting to refresh disk information: sleep interrupted
2019-07-14 08:36:57,351 INFO  statemachine.DatanodeStateMachine (DatanodeStateMachine.java:stopDaemon(395)) - Ozone container server stopped.
2019-07-14 08:36:57,358 INFO  handler.ContextHandler (ContextHandler.java:doStop(910)) - Stopped o.e.j.w.WebAppContext@d1973e8{/,null,UNAVAILABLE}{/hddsDatanode}
2019-07-14 08:36:57,364 INFO  statemachine.DatanodeStateMachine (DatanodeStateMachine.java:stopDaemon(395)) - Ozone container server stopped.
2019-07-14 08:36:57,364 INFO  server.AbstractConnector (AbstractConnector.java:doStop(318)) - Stopped ServerConnector@5ca10d0e{HTTP/1.1,[http/1.1]}{0.0.0.0:0}
2019-07-14 08:36:57,366 INFO  handler.ContextHandler (ContextHandler.java:doStop(910)) - Stopped o.e.j.s.ServletContextHandler@49ea4b65{/static,jar:file:/home/user/.m2/repository/org/apache/hadoop/hadoop-hdds-container-service/0.5.0-SNAPSHOT/hadoop-hdds-container-service-0.5.0-SNAPSHOT.jar!/webapps/static,UNAVAILABLE}
2019-07-14 08:36:57,369 INFO  handler.ContextHandler (ContextHandler.java:doStop(910)) - Stopped o.e.j.s.ServletContextHandler@6d5d1204{/logs,file:///workdir/hadoop-ozone/integration-test/target/log,UNAVAILABLE}
2019-07-14 08:36:57,369 INFO  handler.ContextHandler (ContextHandler.java:doStop(910)) - Stopped o.e.j.w.WebAppContext@dc24732{/,null,UNAVAILABLE}{/hddsDatanode}
2019-07-14 08:36:57,370 INFO  datanode.ObjectStoreHandler (ObjectStoreHandler.java:close(155)) - Closing ObjectStoreHandler.
2019-07-14 08:36:57,370 INFO  server.AbstractConnector (AbstractConnector.java:doStop(318)) - Stopped ServerConnector@44a1ae4e{HTTP/1.1,[http/1.1]}{0.0.0.0:0}
2019-07-14 08:36:57,370 INFO  ozone.HddsDatanodeService (HddsDatanodeService.java:stop(452)) - Stopped plug-in org.apache.hadoop.ozone.web.OzoneHddsDatanodeService@272f5373
2019-07-14 08:36:57,371 INFO  handler.ContextHandler (ContextHandler.java:doStop(910)) - Stopped o.e.j.s.ServletContextHandler@4cc28ad0{/static,jar:file:/home/user/.m2/repository/org/apache/hadoop/hadoop-hdds-container-service/0.5.0-SNAPSHOT/hadoop-hdds-container-service-0.5.0-SNAPSHOT.jar!/webapps/static,UNAVAILABLE}
2019-07-14 08:36:57,371 INFO  handler.ContextHandler (ContextHandler.java:doStop(910)) - Stopped o.e.j.s.ServletContextHandler@687d31a9{/logs,file:///workdir/hadoop-ozone/integration-test/target/log,UNAVAILABLE}
2019-07-14 08:36:57,372 INFO  datanode.ObjectStoreHandler (ObjectStoreHandler.java:close(155)) - Closing ObjectStoreHandler.
2019-07-14 08:36:57,373 INFO  ozone.HddsDatanodeService (HddsDatanodeService.java:stop(452)) - Stopped plug-in org.apache.hadoop.ozone.web.OzoneHddsDatanodeService@3829306d
2019-07-14 08:36:57,941 INFO  statemachine.DatanodeStateMachine (DatanodeStateMachine.java:lambda$startDaemon$0(350)) - Ozone container server started.
2019-07-14 08:36:58,071 INFO  statemachine.DatanodeStateMachine (DatanodeStateMachine.java:lambda$startDaemon$0(350)) - Ozone container server started.
2019-07-14 08:36:58,145 WARN  server.GrpcLogAppender (LogUtils.java:warn(134)) - 3d6e09b0-71ac-4bd1-9ea8-f038f205ef52->222b7c1d-42ae-4fb6-8ca0-57306d8bd07f: Failed appendEntries: org.apache.ratis.thirdparty.io.grpc.StatusRuntimeException: UNAVAILABLE: io exception
2019-07-14 08:36:58,146 INFO  impl.FollowerInfo (FollowerInfo.java:lambda$new$0(50)) - 3d6e09b0-71ac-4bd1-9ea8-f038f205ef52->222b7c1d-42ae-4fb6-8ca0-57306d8bd07f: nextIndex: updateUnconditionally 0 -> 0
2019-07-14 08:37:00,198 INFO  impl.FollowerState (FollowerState.java:run(106)) - 9c20c9b5-9357-4e10-a431-87958d826eb0:group-442727C201DD changes to CANDIDATE, lastRpcTime:5084, electionTimeout:5032ms
2019-07-14 08:37:00,199 INFO  impl.RoleInfo (RoleInfo.java:shutdownFollowerState(121)) - 9c20c9b5-9357-4e10-a431-87958d826eb0: shutdown FollowerState
2019-07-14 08:37:00,199 INFO  impl.RaftServerImpl (RaftServerImpl.java:setRole(171)) - 9c20c9b5-9357-4e10-a431-87958d826eb0:group-442727C201DD changes role from FOLLOWER to CANDIDATE at term 1 for changeToCandidate
2019-07-14 08:37:00,199 INFO  impl.RoleInfo (RoleInfo.java:updateAndGet(143)) - 9c20c9b5-9357-4e10-a431-87958d826eb0: start LeaderElection
2019-07-14 08:37:00,200 INFO  impl.RaftServerImpl (ServerState.java:setLeader(263)) - 9c20c9b5-9357-4e10-a431-87958d826eb0:group-442727C201DD change Leader from 15bf218b-f591-44d2-b923-e6c91f666683 to null at term 1 for initElection
2019-07-14 08:37:00,217 INFO  impl.LeaderElection (LeaderElection.java:askForVotes(181)) - 9c20c9b5-9357-4e10-a431-87958d826eb0:group-442727C201DD:LeaderElection62: begin an election at term 2 for 0: [c20c3292-948d-4bbf-bd7e-6b3b697d6238:192.168.5.191:40518, 15bf218b-f591-44d2-b923-e6c91f666683:192.168.5.191:39583, 9c20c9b5-9357-4e10-a431-87958d826eb0:192.168.5.191:36548], old=null
2019-07-14 08:37:00,220 INFO  impl.LeaderElection (LogUtils.java:infoOrTrace(149)) - 9c20c9b5-9357-4e10-a431-87958d826eb0:group-442727C201DD:LeaderElection62 got exception when requesting votes: {}
java.util.concurrent.ExecutionException: org.apache.ratis.thirdparty.io.grpc.StatusRuntimeException: UNAVAILABLE: io exception
	at java.util.concurrent.FutureTask.report(FutureTask.java:122)
	at java.util.concurrent.FutureTask.get(FutureTask.java:192)
	at org.apache.ratis.server.impl.LeaderElection.waitForResults(LeaderElection.java:262)
	at org.apache.ratis.server.impl.LeaderElection.askForVotes(LeaderElection.java:200)
	at org.apache.ratis.server.impl.LeaderElection.run(LeaderElection.java:130)
	at java.lang.Thread.run(Thread.java:748)
Caused by: org.apache.ratis.thirdparty.io.grpc.StatusRuntimeException: UNAVAILABLE: io exception
	at org.apache.ratis.thirdparty.io.grpc.stub.ClientCalls.toStatusRuntimeException(ClientCalls.java:233)
	at org.apache.ratis.thirdparty.io.grpc.stub.ClientCalls.getUnchecked(ClientCalls.java:214)
	at org.apache.ratis.thirdparty.io.grpc.stub.ClientCalls.blockingUnaryCall(ClientCalls.java:139)
	at org.apache.ratis.proto.grpc.RaftServerProtocolServiceGrpc$RaftServerProtocolServiceBlockingStub.requestVote(RaftServerProtocolServiceGrpc.java:265)
	at org.apache.ratis.grpc.server.GrpcServerProtocolClient.requestVote(GrpcServerProtocolClient.java:83)
	at org.apache.ratis.grpc.server.GrpcService.requestVote(GrpcService.java:195)
	at org.apache.ratis.server.impl.LeaderElection.lambda$submitRequests$1(LeaderElection.java:237)
	at java.util.concurrent.FutureTask.run(FutureTask.java:266)
	at java.util.concurrent.Executors$RunnableAdapter.call(Executors.java:511)
	at java.util.concurrent.FutureTask.run(FutureTask.java:266)
	at java.util.concurrent.ThreadPoolExecutor.runWorker(ThreadPoolExecutor.java:1149)
	at java.util.concurrent.ThreadPoolExecutor$Worker.run(ThreadPoolExecutor.java:624)
	... 1 more
Caused by: org.apache.ratis.thirdparty.io.netty.channel.AbstractChannel$AnnotatedConnectException: Connection refused: /192.168.5.191:39583
	at sun.nio.ch.SocketChannelImpl.checkConnect(Native Method)
	at sun.nio.ch.SocketChannelImpl.finishConnect(SocketChannelImpl.java:717)
	at org.apache.ratis.thirdparty.io.netty.channel.socket.nio.NioSocketChannel.doFinishConnect(NioSocketChannel.java:327)
	at org.apache.ratis.thirdparty.io.netty.channel.nio.AbstractNioChannel$AbstractNioUnsafe.finishConnect(AbstractNioChannel.java:340)
	at org.apache.ratis.thirdparty.io.netty.channel.nio.NioEventLoop.processSelectedKey(NioEventLoop.java:632)
	at org.apache.ratis.thirdparty.io.netty.channel.nio.NioEventLoop.processSelectedKeysOptimized(NioEventLoop.java:579)
	at org.apache.ratis.thirdparty.io.netty.channel.nio.NioEventLoop.processSelectedKeys(NioEventLoop.java:496)
	at org.apache.ratis.thirdparty.io.netty.channel.nio.NioEventLoop.run(NioEventLoop.java:458)
	at org.apache.ratis.thirdparty.io.netty.util.concurrent.SingleThreadEventExecutor$5.run(SingleThreadEventExecutor.java:897)
	at org.apache.ratis.thirdparty.io.netty.util.concurrent.FastThreadLocalRunnable.run(FastThreadLocalRunnable.java:30)
	... 1 more
Caused by: java.net.ConnectException: Connection refused
	... 11 more
2019-07-14 08:37:00,225 INFO  impl.RaftServerImpl (ServerState.java:setLeader(263)) - c20c3292-948d-4bbf-bd7e-6b3b697d6238:group-442727C201DD change Leader from 15bf218b-f591-44d2-b923-e6c91f666683 to null at term 2 for updateCurrentTerm
2019-07-14 08:37:00,225 INFO  impl.RaftServerImpl (RaftServerImpl.java:setRole(171)) - c20c3292-948d-4bbf-bd7e-6b3b697d6238:group-442727C201DD changes role from FOLLOWER to FOLLOWER at term 2 for recognizeCandidate:9c20c9b5-9357-4e10-a431-87958d826eb0
2019-07-14 08:37:00,225 INFO  impl.RoleInfo (RoleInfo.java:shutdownFollowerState(121)) - c20c3292-948d-4bbf-bd7e-6b3b697d6238: shutdown FollowerState
2019-07-14 08:37:00,226 INFO  impl.RoleInfo (RoleInfo.java:updateAndGet(143)) - c20c3292-948d-4bbf-bd7e-6b3b697d6238: start FollowerState
2019-07-14 08:37:00,226 INFO  impl.FollowerState (FollowerState.java:run(114)) - c20c3292-948d-4bbf-bd7e-6b3b697d6238: FollowerState was interrupted: java.lang.InterruptedException: sleep interrupted
2019-07-14 08:37:00,233 INFO  impl.LeaderElection (LeaderElection.java:logAndReturn(56)) - 9c20c9b5-9357-4e10-a431-87958d826eb0:group-442727C201DD:LeaderElection62: Election PASSED; received 1 response(s) [9c20c9b5-9357-4e10-a431-87958d826eb0<-c20c3292-948d-4bbf-bd7e-6b3b697d6238#0:OK-t2] and 1 exception(s); 9c20c9b5-9357-4e10-a431-87958d826eb0:t2, leader=null, voted=9c20c9b5-9357-4e10-a431-87958d826eb0, raftlog=9c20c9b5-9357-4e10-a431-87958d826eb0-SegmentedRaftLog:OPENED:c0,f0,i0, conf=0: [c20c3292-948d-4bbf-bd7e-6b3b697d6238:192.168.5.191:40518, 15bf218b-f591-44d2-b923-e6c91f666683:192.168.5.191:39583, 9c20c9b5-9357-4e10-a431-87958d826eb0:192.168.5.191:36548], old=null
2019-07-14 08:37:00,233 INFO  impl.LeaderElection (LogUtils.java:infoOrTrace(149)) -   Exception 0: {}
java.util.concurrent.ExecutionException: org.apache.ratis.thirdparty.io.grpc.StatusRuntimeException: UNAVAILABLE: io exception
	at java.util.concurrent.FutureTask.report(FutureTask.java:122)
	at java.util.concurrent.FutureTask.get(FutureTask.java:192)
	at org.apache.ratis.server.impl.LeaderElection.waitForResults(LeaderElection.java:262)
	at org.apache.ratis.server.impl.LeaderElection.askForVotes(LeaderElection.java:200)
	at org.apache.ratis.server.impl.LeaderElection.run(LeaderElection.java:130)
	at java.lang.Thread.run(Thread.java:748)
Caused by: org.apache.ratis.thirdparty.io.grpc.StatusRuntimeException: UNAVAILABLE: io exception
	at org.apache.ratis.thirdparty.io.grpc.stub.ClientCalls.toStatusRuntimeException(ClientCalls.java:233)
	at org.apache.ratis.thirdparty.io.grpc.stub.ClientCalls.getUnchecked(ClientCalls.java:214)
	at org.apache.ratis.thirdparty.io.grpc.stub.ClientCalls.blockingUnaryCall(ClientCalls.java:139)
	at org.apache.ratis.proto.grpc.RaftServerProtocolServiceGrpc$RaftServerProtocolServiceBlockingStub.requestVote(RaftServerProtocolServiceGrpc.java:265)
	at org.apache.ratis.grpc.server.GrpcServerProtocolClient.requestVote(GrpcServerProtocolClient.java:83)
	at org.apache.ratis.grpc.server.GrpcService.requestVote(GrpcService.java:195)
	at org.apache.ratis.server.impl.LeaderElection.lambda$submitRequests$1(LeaderElection.java:237)
	at java.util.concurrent.FutureTask.run(FutureTask.java:266)
	at java.util.concurrent.Executors$RunnableAdapter.call(Executors.java:511)
	at java.util.concurrent.FutureTask.run(FutureTask.java:266)
	at java.util.concurrent.ThreadPoolExecutor.runWorker(ThreadPoolExecutor.java:1149)
	at java.util.concurrent.ThreadPoolExecutor$Worker.run(ThreadPoolExecutor.java:624)
	... 1 more
Caused by: org.apache.ratis.thirdparty.io.netty.channel.AbstractChannel$AnnotatedConnectException: Connection refused: /192.168.5.191:39583
	at sun.nio.ch.SocketChannelImpl.checkConnect(Native Method)
	at sun.nio.ch.SocketChannelImpl.finishConnect(SocketChannelImpl.java:717)
	at org.apache.ratis.thirdparty.io.netty.channel.socket.nio.NioSocketChannel.doFinishConnect(NioSocketChannel.java:327)
	at org.apache.ratis.thirdparty.io.netty.channel.nio.AbstractNioChannel$AbstractNioUnsafe.finishConnect(AbstractNioChannel.java:340)
	at org.apache.ratis.thirdparty.io.netty.channel.nio.NioEventLoop.processSelectedKey(NioEventLoop.java:632)
	at org.apache.ratis.thirdparty.io.netty.channel.nio.NioEventLoop.processSelectedKeysOptimized(NioEventLoop.java:579)
	at org.apache.ratis.thirdparty.io.netty.channel.nio.NioEventLoop.processSelectedKeys(NioEventLoop.java:496)
	at org.apache.ratis.thirdparty.io.netty.channel.nio.NioEventLoop.run(NioEventLoop.java:458)
	at org.apache.ratis.thirdparty.io.netty.util.concurrent.SingleThreadEventExecutor$5.run(SingleThreadEventExecutor.java:897)
	at org.apache.ratis.thirdparty.io.netty.util.concurrent.FastThreadLocalRunnable.run(FastThreadLocalRunnable.java:30)
	... 1 more
Caused by: java.net.ConnectException: Connection refused
	... 11 more
2019-07-14 08:37:00,233 INFO  impl.RoleInfo (RoleInfo.java:shutdownLeaderElection(134)) - 9c20c9b5-9357-4e10-a431-87958d826eb0: shutdown LeaderElection
2019-07-14 08:37:00,233 INFO  impl.RaftServerImpl (RaftServerImpl.java:setRole(171)) - 9c20c9b5-9357-4e10-a431-87958d826eb0:group-442727C201DD changes role from CANDIDATE to LEADER at term 2 for changeToLeader
2019-07-14 08:37:00,233 INFO  impl.RaftServerImpl (ServerState.java:setLeader(263)) - 9c20c9b5-9357-4e10-a431-87958d826eb0:group-442727C201DD change Leader from null to 9c20c9b5-9357-4e10-a431-87958d826eb0 at term 2 for becomeLeader, leader elected after 33ms
2019-07-14 08:37:00,234 INFO  server.RaftServerConfigKeys (ConfUtils.java:logGet(43)) - raft.server.staging.catchup.gap = 1000 (default)
2019-07-14 08:37:00,234 INFO  server.RaftServerConfigKeys (ConfUtils.java:logGet(43)) - raft.server.rpc.sleep.time = 25ms (default)
2019-07-14 08:37:00,234 INFO  server.RaftServerConfigKeys (ConfUtils.java:logGet(43)) - raft.server.write.element-limit = 4096 (default)
2019-07-14 08:37:00,234 INFO  server.RaftServerConfigKeys (ConfUtils.java:logGet(43)) - raft.server.watch.timeout = 10s (default)
2019-07-14 08:37:00,234 INFO  server.RaftServerConfigKeys (ConfUtils.java:logGet(43)) - raft.server.watch.timeout.denomination = 1s (default)
2019-07-14 08:37:00,234 INFO  server.RaftServerConfigKeys (ConfUtils.java:logGet(43)) - raft.server.watch.element-limit = 65536 (default)
2019-07-14 08:37:00,235 INFO  server.RaftServerConfigKeys (ConfUtils.java:logGet(43)) - raft.server.log.appender.snapshot.chunk.size.max = 16MB (=16777216) (default)
2019-07-14 08:37:00,235 INFO  server.RaftServerConfigKeys (ConfUtils.java:logGet(43)) - raft.server.log.appender.buffer.byte-limit = 33554432 (custom)
2019-07-14 08:37:00,235 INFO  server.RaftServerConfigKeys (ConfUtils.java:logGet(43)) - raft.server.log.appender.buffer.element-limit = 1 (custom)
2019-07-14 08:37:00,235 INFO  grpc.GrpcConfigKeys$Server (ConfUtils.java:logGet(43)) - raft.grpc.server.leader.outstanding.appends.max = 128 (default)
2019-07-14 08:37:00,236 INFO  server.RaftServerConfigKeys (ConfUtils.java:logGet(43)) - raft.server.rpc.request.timeout = 3000ms (default)
2019-07-14 08:37:00,236 INFO  server.RaftServerConfigKeys (ConfUtils.java:logGet(43)) - raft.server.log.appender.install.snapshot.enabled = false (custom)
2019-07-14 08:37:00,236 INFO  server.RaftServerConfigKeys (ConfUtils.java:logGet(43)) - raft.server.log.appender.snapshot.chunk.size.max = 16MB (=16777216) (default)
2019-07-14 08:37:00,236 INFO  server.RaftServerConfigKeys (ConfUtils.java:logGet(43)) - raft.server.log.appender.buffer.byte-limit = 33554432 (custom)
2019-07-14 08:37:00,236 INFO  server.RaftServerConfigKeys (ConfUtils.java:logGet(43)) - raft.server.log.appender.buffer.element-limit = 1 (custom)
2019-07-14 08:37:00,237 INFO  grpc.GrpcConfigKeys$Server (ConfUtils.java:logGet(43)) - raft.grpc.server.leader.outstanding.appends.max = 128 (default)
2019-07-14 08:37:00,237 INFO  server.RaftServerConfigKeys (ConfUtils.java:logGet(43)) - raft.server.rpc.request.timeout = 3000ms (default)
2019-07-14 08:37:00,237 INFO  server.RaftServerConfigKeys (ConfUtils.java:logGet(43)) - raft.server.log.appender.install.snapshot.enabled = false (custom)
2019-07-14 08:37:00,237 INFO  impl.RoleInfo (RoleInfo.java:updateAndGet(143)) - 9c20c9b5-9357-4e10-a431-87958d826eb0: start LeaderState
2019-07-14 08:37:00,238 INFO  segmented.SegmentedRaftLogWorker (SegmentedRaftLogWorker.java:rollLogSegment(385)) - 9c20c9b5-9357-4e10-a431-87958d826eb0-SegmentedRaftLogWorker:Storage Directory /workdir/hadoop-ozone/integration-test/target/test-dir/MiniOzoneClusterImpl-d4d9d1d5-6826-40d2-ba25-7fec43350d72/datanode-2/data/ratis/996ffe8f-26f5-4d1c-83e4-442727c201dd: Rolling segment log-0_0 to index:0
2019-07-14 08:37:00,238 INFO  segmented.SegmentedRaftLogWorker (SegmentedRaftLogWorker.java:execute(526)) - 9c20c9b5-9357-4e10-a431-87958d826eb0-SegmentedRaftLogWorker:Storage Directory /workdir/hadoop-ozone/integration-test/target/test-dir/MiniOzoneClusterImpl-d4d9d1d5-6826-40d2-ba25-7fec43350d72/datanode-2/data/ratis/996ffe8f-26f5-4d1c-83e4-442727c201dd: Rolled log segment from /workdir/hadoop-ozone/integration-test/target/test-dir/MiniOzoneClusterImpl-d4d9d1d5-6826-40d2-ba25-7fec43350d72/datanode-2/data/ratis/996ffe8f-26f5-4d1c-83e4-442727c201dd/current/log_inprogress_0 to /workdir/hadoop-ozone/integration-test/target/test-dir/MiniOzoneClusterImpl-d4d9d1d5-6826-40d2-ba25-7fec43350d72/datanode-2/data/ratis/996ffe8f-26f5-4d1c-83e4-442727c201dd/current/log_0-0
2019-07-14 08:37:00,239 INFO  impl.RaftServerImpl (ServerState.java:setRaftConf(361)) - 9c20c9b5-9357-4e10-a431-87958d826eb0:group-442727C201DD set configuration 1: [c20c3292-948d-4bbf-bd7e-6b3b697d6238:192.168.5.191:40518, 15bf218b-f591-44d2-b923-e6c91f666683:192.168.5.191:39583, 9c20c9b5-9357-4e10-a431-87958d826eb0:192.168.5.191:36548], old=null at 1
2019-07-14 08:37:00,239 WARN  server.GrpcLogAppender (LogUtils.java:warn(134)) - 9c20c9b5-9357-4e10-a431-87958d826eb0->15bf218b-f591-44d2-b923-e6c91f666683: Failed appendEntries: org.apache.ratis.thirdparty.io.grpc.StatusRuntimeException: UNAVAILABLE: io exception
2019-07-14 08:37:00,240 INFO  impl.FollowerInfo (FollowerInfo.java:lambda$new$0(50)) - 9c20c9b5-9357-4e10-a431-87958d826eb0->15bf218b-f591-44d2-b923-e6c91f666683: nextIndex: updateUnconditionally 1 -> 0
2019-07-14 08:37:00,240 INFO  impl.RaftServerImpl (ServerState.java:setLeader(263)) - c20c3292-948d-4bbf-bd7e-6b3b697d6238:group-442727C201DD change Leader from null to 9c20c9b5-9357-4e10-a431-87958d826eb0 at term 2 for appendEntries, leader elected after 14ms
2019-07-14 08:37:00,242 INFO  impl.RaftServerImpl (ServerState.java:setRaftConf(361)) - c20c3292-948d-4bbf-bd7e-6b3b697d6238:group-442727C201DD set configuration 1: [c20c3292-948d-4bbf-bd7e-6b3b697d6238:192.168.5.191:40518, 15bf218b-f591-44d2-b923-e6c91f666683:192.168.5.191:39583, 9c20c9b5-9357-4e10-a431-87958d826eb0:192.168.5.191:36548], old=null at 1
2019-07-14 08:37:00,243 INFO  segmented.SegmentedRaftLogWorker (SegmentedRaftLogWorker.java:rollLogSegment(385)) - c20c3292-948d-4bbf-bd7e-6b3b697d6238-SegmentedRaftLogWorker:Storage Directory /workdir/hadoop-ozone/integration-test/target/test-dir/MiniOzoneClusterImpl-d4d9d1d5-6826-40d2-ba25-7fec43350d72/datanode-0/data/ratis/996ffe8f-26f5-4d1c-83e4-442727c201dd: Rolling segment log-0_0 to index:0
2019-07-14 08:37:00,244 INFO  segmented.SegmentedRaftLogWorker (SegmentedRaftLogWorker.java:execute(526)) - c20c3292-948d-4bbf-bd7e-6b3b697d6238-SegmentedRaftLogWorker:Storage Directory /workdir/hadoop-ozone/integration-test/target/test-dir/MiniOzoneClusterImpl-d4d9d1d5-6826-40d2-ba25-7fec43350d72/datanode-0/data/ratis/996ffe8f-26f5-4d1c-83e4-442727c201dd: Rolled log segment from /workdir/hadoop-ozone/integration-test/target/test-dir/MiniOzoneClusterImpl-d4d9d1d5-6826-40d2-ba25-7fec43350d72/datanode-0/data/ratis/996ffe8f-26f5-4d1c-83e4-442727c201dd/current/log_inprogress_0 to /workdir/hadoop-ozone/integration-test/target/test-dir/MiniOzoneClusterImpl-d4d9d1d5-6826-40d2-ba25-7fec43350d72/datanode-0/data/ratis/996ffe8f-26f5-4d1c-83e4-442727c201dd/current/log_0-0
2019-07-14 08:37:00,272 INFO  segmented.SegmentedRaftLogWorker (SegmentedRaftLogWorker.java:execute(569)) - 9c20c9b5-9357-4e10-a431-87958d826eb0-SegmentedRaftLogWorker:Storage Directory /workdir/hadoop-ozone/integration-test/target/test-dir/MiniOzoneClusterImpl-d4d9d1d5-6826-40d2-ba25-7fec43350d72/datanode-2/data/ratis/996ffe8f-26f5-4d1c-83e4-442727c201dd: created new log segment /workdir/hadoop-ozone/integration-test/target/test-dir/MiniOzoneClusterImpl-d4d9d1d5-6826-40d2-ba25-7fec43350d72/datanode-2/data/ratis/996ffe8f-26f5-4d1c-83e4-442727c201dd/current/log_inprogress_1
2019-07-14 08:37:00,275 INFO  segmented.SegmentedRaftLogWorker (SegmentedRaftLogWorker.java:execute(569)) - c20c3292-948d-4bbf-bd7e-6b3b697d6238-SegmentedRaftLogWorker:Storage Directory /workdir/hadoop-ozone/integration-test/target/test-dir/MiniOzoneClusterImpl-d4d9d1d5-6826-40d2-ba25-7fec43350d72/datanode-0/data/ratis/996ffe8f-26f5-4d1c-83e4-442727c201dd: created new log segment /workdir/hadoop-ozone/integration-test/target/test-dir/MiniOzoneClusterImpl-d4d9d1d5-6826-40d2-ba25-7fec43350d72/datanode-0/data/ratis/996ffe8f-26f5-4d1c-83e4-442727c201dd/current/log_inprogress_1
2019-07-14 08:37:00,279 WARN  server.GrpcLogAppender (LogUtils.java:warn(134)) - 9c20c9b5-9357-4e10-a431-87958d826eb0->15bf218b-f591-44d2-b923-e6c91f666683: Failed appendEntries: org.apache.ratis.thirdparty.io.grpc.StatusRuntimeException: UNAVAILABLE: io exception
2019-07-14 08:37:00,279 INFO  impl.FollowerInfo (FollowerInfo.java:lambda$new$0(50)) - 9c20c9b5-9357-4e10-a431-87958d826eb0->15bf218b-f591-44d2-b923-e6c91f666683: nextIndex: updateUnconditionally 1 -> 0
2019-07-14 08:37:00,283 WARN  server.GrpcLogAppender (LogUtils.java:warn(134)) - 9c20c9b5-9357-4e10-a431-87958d826eb0->15bf218b-f591-44d2-b923-e6c91f666683: Failed appendEntries: org.apache.ratis.thirdparty.io.grpc.StatusRuntimeException: UNAVAILABLE: io exception
2019-07-14 08:37:00,283 INFO  impl.FollowerInfo (FollowerInfo.java:lambda$new$0(50)) - 9c20c9b5-9357-4e10-a431-87958d826eb0->15bf218b-f591-44d2-b923-e6c91f666683: nextIndex: updateUnconditionally 1 -> 0
2019-07-14 08:37:00,645 WARN  server.GrpcLogAppender (LogUtils.java:warn(134)) - 3d6e09b0-71ac-4bd1-9ea8-f038f205ef52->222b7c1d-42ae-4fb6-8ca0-57306d8bd07f: Failed appendEntries: org.apache.ratis.thirdparty.io.grpc.StatusRuntimeException: UNAVAILABLE: io exception
2019-07-14 08:37:00,646 INFO  impl.FollowerInfo (FollowerInfo.java:lambda$new$0(50)) - 3d6e09b0-71ac-4bd1-9ea8-f038f205ef52->222b7c1d-42ae-4fb6-8ca0-57306d8bd07f: nextIndex: updateUnconditionally 0 -> 0
2019-07-14 08:37:01,978 INFO  node.StaleNodeHandler (StaleNodeHandler.java:onMessage(58)) - Datanode 9c20c9b5-9357-4e10-a431-87958d826eb0{ip: 192.168.5.191, host: trunk-nightly-5z2vd-27108033, networkLocation: /default-rack, certSerialId: null} moved to stale state. Finalizing its pipelines [PipelineID=996ffe8f-26f5-4d1c-83e4-442727c201dd, PipelineID=af8bf665-5452-4954-b809-e320aad9f214]
2019-07-14 08:37:01,978 INFO  pipeline.SCMPipelineManager (SCMPipelineManager.java:finalizeAndDestroyPipeline(309)) - destroying pipeline:Pipeline[ Id: 996ffe8f-26f5-4d1c-83e4-442727c201dd, Nodes: 9c20c9b5-9357-4e10-a431-87958d826eb0{ip: 192.168.5.191, host: trunk-nightly-5z2vd-27108033, networkLocation: /default-rack, certSerialId: null}15bf218b-f591-44d2-b923-e6c91f666683{ip: 192.168.5.191, host: trunk-nightly-5z2vd-27108033, networkLocation: /default-rack, certSerialId: null}c20c3292-948d-4bbf-bd7e-6b3b697d6238{ip: 192.168.5.191, host: trunk-nightly-5z2vd-27108033, networkLocation: /default-rack, certSerialId: null}, Type:RATIS, Factor:THREE, State:CLOSED]
2019-07-14 08:37:01,979 INFO  pipeline.SCMPipelineManager (SCMPipelineManager.java:finalizeAndDestroyPipeline(309)) - destroying pipeline:Pipeline[ Id: af8bf665-5452-4954-b809-e320aad9f214, Nodes: 9c20c9b5-9357-4e10-a431-87958d826eb0{ip: 192.168.5.191, host: trunk-nightly-5z2vd-27108033, networkLocation: /default-rack, certSerialId: null}, Type:RATIS, Factor:ONE, State:OPEN]
2019-07-14 08:37:01,979 INFO  pipeline.PipelineStateManager (PipelineStateManager.java:finalizePipeline(123)) - Pipeline Pipeline[ Id: af8bf665-5452-4954-b809-e320aad9f214, Nodes: 9c20c9b5-9357-4e10-a431-87958d826eb0{ip: 192.168.5.191, host: trunk-nightly-5z2vd-27108033, networkLocation: /default-rack, certSerialId: null}, Type:RATIS, Factor:ONE, State:CLOSED] moved to CLOSED state
2019-07-14 08:37:02,078 INFO  node.StaleNodeHandler (StaleNodeHandler.java:onMessage(58)) - Datanode 3d6e09b0-71ac-4bd1-9ea8-f038f205ef52{ip: 192.168.5.191, host: trunk-nightly-5z2vd-27108033, networkLocation: /default-rack, certSerialId: null} moved to stale state. Finalizing its pipelines [PipelineID=c0285850-d29c-4263-bc1d-6f6075644236, PipelineID=5f335a22-65dc-476a-94f1-dd1f58a66b83]
2019-07-14 08:37:02,078 INFO  pipeline.SCMPipelineManager (SCMPipelineManager.java:finalizeAndDestroyPipeline(309)) - destroying pipeline:Pipeline[ Id: c0285850-d29c-4263-bc1d-6f6075644236, Nodes: 3d6e09b0-71ac-4bd1-9ea8-f038f205ef52{ip: 192.168.5.191, host: trunk-nightly-5z2vd-27108033, networkLocation: /default-rack, certSerialId: null}, Type:RATIS, Factor:ONE, State:OPEN]
2019-07-14 08:37:02,079 INFO  pipeline.PipelineStateManager (PipelineStateManager.java:finalizePipeline(123)) - Pipeline Pipeline[ Id: c0285850-d29c-4263-bc1d-6f6075644236, Nodes: 3d6e09b0-71ac-4bd1-9ea8-f038f205ef52{ip: 192.168.5.191, host: trunk-nightly-5z2vd-27108033, networkLocation: /default-rack, certSerialId: null}, Type:RATIS, Factor:ONE, State:CLOSED] moved to CLOSED state
2019-07-14 08:37:02,079 INFO  pipeline.SCMPipelineManager (SCMPipelineManager.java:finalizeAndDestroyPipeline(309)) - destroying pipeline:Pipeline[ Id: 5f335a22-65dc-476a-94f1-dd1f58a66b83, Nodes: 3d6e09b0-71ac-4bd1-9ea8-f038f205ef52{ip: 192.168.5.191, host: trunk-nightly-5z2vd-27108033, networkLocation: /default-rack, certSerialId: null}222b7c1d-42ae-4fb6-8ca0-57306d8bd07f{ip: 192.168.5.191, host: trunk-nightly-5z2vd-27108033, networkLocation: /default-rack, certSerialId: null}d8f94c70-e4ac-469c-9d6c-ddc9f8f48866{ip: 192.168.5.191, host: trunk-nightly-5z2vd-27108033, networkLocation: /default-rack, certSerialId: null}, Type:RATIS, Factor:THREE, State:CLOSED]
2019-07-14 08:37:02,371 INFO  ozoneimpl.OzoneContainer (OzoneContainer.java:stop(199)) - Attempting to stop container services.
2019-07-14 08:37:02,372 INFO  impl.RaftServerProxy (RaftServerProxy.java:lambda$close$4(314)) - 9c20c9b5-9357-4e10-a431-87958d826eb0: close
2019-07-14 08:37:02,372 INFO  impl.RaftServerImpl (RaftServerImpl.java:lambda$shutdown$3(245)) - 9c20c9b5-9357-4e10-a431-87958d826eb0: shutdown group-442727C201DD
2019-07-14 08:37:02,372 INFO  util.JmxRegister (JmxRegister.java:unregister(73)) - Successfully un-registered JMX Bean with object name Ratis:service=RaftServer,group=group-442727C201DD,id=9c20c9b5-9357-4e10-a431-87958d826eb0
2019-07-14 08:37:02,373 INFO  impl.RoleInfo (RoleInfo.java:shutdownLeaderState(104)) - 9c20c9b5-9357-4e10-a431-87958d826eb0: shutdown LeaderState
2019-07-14 08:37:02,378 WARN  server.GrpcLogAppender (GrpcLogAppender.java:mayWait(143)) - GrpcLogAppender(9c20c9b5-9357-4e10-a431-87958d826eb0->c20c3292-948d-4bbf-bd7e-6b3b697d6238): Wait interrupted by java.lang.InterruptedException
2019-07-14 08:37:02,378 INFO  impl.PendingRequests (PendingRequests.java:sendNotLeaderResponses(202)) - 9c20c9b5-9357-4e10-a431-87958d826eb0-PendingRequests: sendNotLeaderResponses
2019-07-14 08:37:02,378 INFO  ozoneimpl.OzoneContainer (OzoneContainer.java:stop(199)) - Attempting to stop container services.
2019-07-14 08:37:02,378 WARN  server.GrpcLogAppender (GrpcLogAppender.java:mayWait(143)) - GrpcLogAppender(9c20c9b5-9357-4e10-a431-87958d826eb0->15bf218b-f591-44d2-b923-e6c91f666683): Wait interrupted by java.lang.InterruptedException
2019-07-14 08:37:02,383 INFO  impl.RaftServerProxy (RaftServerProxy.java:lambda$close$4(314)) - 3d6e09b0-71ac-4bd1-9ea8-f038f205ef52: close
2019-07-14 08:37:02,383 INFO  impl.StateMachineUpdater (StateMachineUpdater.java:stopAndJoin(115)) - StateMachineUpdater:9c20c9b5-9357-4e10-a431-87958d826eb0:group-442727C201DD: set stopIndex = 2
2019-07-14 08:37:02,384 INFO  impl.RaftServerImpl (ServerState.java:close(394)) - 9c20c9b5-9357-4e10-a431-87958d826eb0:group-442727C201DD closes. The last applied log index is 2
2019-07-14 08:37:02,381 INFO  server.GrpcServerProtocolService (GrpcServerProtocolService.java:onCompleted(104)) - c20c3292-948d-4bbf-bd7e-6b3b697d6238: appendEntries completed
2019-07-14 08:37:02,384 INFO  segmented.SegmentedRaftLogWorker (SegmentedRaftLogWorker.java:run(313)) - 9c20c9b5-9357-4e10-a431-87958d826eb0-SegmentedRaftLogWorker:Storage Directory /workdir/hadoop-ozone/integration-test/target/test-dir/MiniOzoneClusterImpl-d4d9d1d5-6826-40d2-ba25-7fec43350d72/datanode-2/data/ratis/996ffe8f-26f5-4d1c-83e4-442727c201dd was interrupted, exiting. There are 0 tasks remaining in the queue.
2019-07-14 08:37:02,384 INFO  impl.RaftServerImpl (RaftServerImpl.java:lambda$shutdown$3(245)) - 3d6e09b0-71ac-4bd1-9ea8-f038f205ef52: shutdown group-6F6075644236
2019-07-14 08:37:02,387 INFO  segmented.SegmentedRaftLogWorker (SegmentedRaftLogWorker.java:close(228)) - 9c20c9b5-9357-4e10-a431-87958d826eb0-SegmentedRaftLogWorker:Storage Directory /workdir/hadoop-ozone/integration-test/target/test-dir/MiniOzoneClusterImpl-d4d9d1d5-6826-40d2-ba25-7fec43350d72/datanode-2/data/ratis/996ffe8f-26f5-4d1c-83e4-442727c201dd close()
2019-07-14 08:37:02,387 INFO  server.GrpcLogAppender (GrpcLogAppender.java:onCompleted(292)) - 9c20c9b5-9357-4e10-a431-87958d826eb0->c20c3292-948d-4bbf-bd7e-6b3b697d6238: follower responses appendEntries COMPLETED
2019-07-14 08:37:02,387 INFO  util.JmxRegister (JmxRegister.java:unregister(73)) - Successfully un-registered JMX Bean with object name Ratis:service=RaftServer,group=group-6F6075644236,id=3d6e09b0-71ac-4bd1-9ea8-f038f205ef52
2019-07-14 08:37:02,390 INFO  impl.FollowerInfo (FollowerInfo.java:lambda$new$0(50)) - 9c20c9b5-9357-4e10-a431-87958d826eb0->c20c3292-948d-4bbf-bd7e-6b3b697d6238: nextIndex: updateUnconditionally 3 -> 2
2019-07-14 08:37:02,389 INFO  impl.RaftServerImpl (RaftServerImpl.java:lambda$shutdown$3(245)) - 9c20c9b5-9357-4e10-a431-87958d826eb0: shutdown group-E320AAD9F214
2019-07-14 08:37:02,390 INFO  impl.RoleInfo (RoleInfo.java:shutdownLeaderState(104)) - 3d6e09b0-71ac-4bd1-9ea8-f038f205ef52: shutdown LeaderState
2019-07-14 08:37:02,391 INFO  util.JmxRegister (JmxRegister.java:unregister(73)) - Successfully un-registered JMX Bean with object name Ratis:service=RaftServer,group=group-E320AAD9F214,id=9c20c9b5-9357-4e10-a431-87958d826eb0
2019-07-14 08:37:02,391 INFO  impl.PendingRequests (PendingRequests.java:sendNotLeaderResponses(202)) - 3d6e09b0-71ac-4bd1-9ea8-f038f205ef52-PendingRequests: sendNotLeaderResponses
2019-07-14 08:37:02,391 INFO  impl.RoleInfo (RoleInfo.java:shutdownLeaderState(104)) - 9c20c9b5-9357-4e10-a431-87958d826eb0: shutdown LeaderState
2019-07-14 08:37:02,392 INFO  impl.StateMachineUpdater (StateMachineUpdater.java:stopAndJoin(115)) - StateMachineUpdater:3d6e09b0-71ac-4bd1-9ea8-f038f205ef52:group-6F6075644236: set stopIndex = 0
2019-07-14 08:37:02,393 INFO  impl.RaftServerImpl (ServerState.java:close(394)) - 3d6e09b0-71ac-4bd1-9ea8-f038f205ef52:group-6F6075644236 closes. The last applied log index is 0
2019-07-14 08:37:02,392 INFO  impl.PendingRequests (PendingRequests.java:sendNotLeaderResponses(202)) - 9c20c9b5-9357-4e10-a431-87958d826eb0-PendingRequests: sendNotLeaderResponses
2019-07-14 08:37:02,393 INFO  segmented.SegmentedRaftLogWorker (SegmentedRaftLogWorker.java:run(313)) - 3d6e09b0-71ac-4bd1-9ea8-f038f205ef52-SegmentedRaftLogWorker:Storage Directory /workdir/hadoop-ozone/integration-test/target/test-dir/MiniOzoneClusterImpl-d4d9d1d5-6826-40d2-ba25-7fec43350d72/datanode-3/data/ratis/c0285850-d29c-4263-bc1d-6f6075644236 was interrupted, exiting. There are 0 tasks remaining in the queue.
2019-07-14 08:37:02,401 INFO  segmented.SegmentedRaftLogWorker (SegmentedRaftLogWorker.java:close(228)) - 3d6e09b0-71ac-4bd1-9ea8-f038f205ef52-SegmentedRaftLogWorker:Storage Directory /workdir/hadoop-ozone/integration-test/target/test-dir/MiniOzoneClusterImpl-d4d9d1d5-6826-40d2-ba25-7fec43350d72/datanode-3/data/ratis/c0285850-d29c-4263-bc1d-6f6075644236 close()
2019-07-14 08:37:02,401 INFO  ratis.ContainerStateMachine (ContainerStateMachine.java:takeSnapshot(249)) - group-E320AAD9F214: Taking a snapshot at:(t:1, i:16) file /workdir/hadoop-ozone/integration-test/target/test-dir/MiniOzoneClusterImpl-d4d9d1d5-6826-40d2-ba25-7fec43350d72/datanode-2/data/ratis/af8bf665-5452-4954-b809-e320aad9f214/sm/snapshot.1_16
2019-07-14 08:37:02,401 INFO  impl.StateMachineUpdater (StateMachineUpdater.java:stopAndJoin(115)) - StateMachineUpdater:9c20c9b5-9357-4e10-a431-87958d826eb0:group-E320AAD9F214: set stopIndex = 16
2019-07-14 08:37:02,404 INFO  ratis.ContainerStateMachine (ContainerStateMachine.java:takeSnapshot(257)) - group-E320AAD9F214: Finished taking a snapshot at:(t:1, i:16) file:/workdir/hadoop-ozone/integration-test/target/test-dir/MiniOzoneClusterImpl-d4d9d1d5-6826-40d2-ba25-7fec43350d72/datanode-2/data/ratis/af8bf665-5452-4954-b809-e320aad9f214/sm/snapshot.1_16 time:2
2019-07-14 08:37:02,403 INFO  impl.RaftServerImpl (RaftServerImpl.java:lambda$shutdown$3(245)) - 3d6e09b0-71ac-4bd1-9ea8-f038f205ef52: shutdown group-DD1F58A66B83
2019-07-14 08:37:02,404 INFO  impl.StateMachineUpdater (StateMachineUpdater.java:takeSnapshot(242)) - StateMachineUpdater:9c20c9b5-9357-4e10-a431-87958d826eb0:group-E320AAD9F214: Took a snapshot at index 16
2019-07-14 08:37:02,404 INFO  util.JmxRegister (JmxRegister.java:unregister(73)) - Successfully un-registered JMX Bean with object name Ratis:service=RaftServer,group=group-DD1F58A66B83,id=3d6e09b0-71ac-4bd1-9ea8-f038f205ef52
2019-07-14 08:37:02,404 INFO  impl.StateMachineUpdater (StateMachineUpdater.java:lambda$new$0(80)) - StateMachineUpdater:9c20c9b5-9357-4e10-a431-87958d826eb0:group-E320AAD9F214: snapshotIndex: updateIncreasingly -1 -> 16
2019-07-14 08:37:02,405 INFO  impl.RoleInfo (RoleInfo.java:shutdownLeaderState(104)) - 3d6e09b0-71ac-4bd1-9ea8-f038f205ef52: shutdown LeaderState
2019-07-14 08:37:02,405 INFO  impl.RaftServerImpl (ServerState.java:close(394)) - 9c20c9b5-9357-4e10-a431-87958d826eb0:group-E320AAD9F214 closes. The last applied log index is 16
2019-07-14 08:37:02,406 WARN  server.GrpcLogAppender (GrpcLogAppender.java:mayWait(143)) - GrpcLogAppender(3d6e09b0-71ac-4bd1-9ea8-f038f205ef52->222b7c1d-42ae-4fb6-8ca0-57306d8bd07f): Wait interrupted by java.lang.InterruptedException
2019-07-14 08:37:02,405 INFO  impl.PendingRequests (PendingRequests.java:sendNotLeaderResponses(202)) - 3d6e09b0-71ac-4bd1-9ea8-f038f205ef52-PendingRequests: sendNotLeaderResponses
2019-07-14 08:37:02,406 WARN  server.GrpcLogAppender (GrpcLogAppender.java:mayWait(143)) - GrpcLogAppender(3d6e09b0-71ac-4bd1-9ea8-f038f205ef52->d8f94c70-e4ac-469c-9d6c-ddc9f8f48866): Wait interrupted by java.lang.InterruptedException
2019-07-14 08:37:02,406 INFO  impl.StateMachineUpdater (StateMachineUpdater.java:stopAndJoin(115)) - StateMachineUpdater:3d6e09b0-71ac-4bd1-9ea8-f038f205ef52:group-DD1F58A66B83: set stopIndex = 0
2019-07-14 08:37:02,407 INFO  impl.RaftServerImpl (ServerState.java:close(394)) - 3d6e09b0-71ac-4bd1-9ea8-f038f205ef52:group-DD1F58A66B83 closes. The last applied log index is 0
2019-07-14 08:37:02,406 INFO  segmented.SegmentedRaftLogWorker (SegmentedRaftLogWorker.java:run(313)) - 9c20c9b5-9357-4e10-a431-87958d826eb0-SegmentedRaftLogWorker:Storage Directory /workdir/hadoop-ozone/integration-test/target/test-dir/MiniOzoneClusterImpl-d4d9d1d5-6826-40d2-ba25-7fec43350d72/datanode-2/data/ratis/af8bf665-5452-4954-b809-e320aad9f214 was interrupted, exiting. There are 0 tasks remaining in the queue.
2019-07-14 08:37:02,408 INFO  segmented.SegmentedRaftLogWorker (SegmentedRaftLogWorker.java:run(313)) - 3d6e09b0-71ac-4bd1-9ea8-f038f205ef52-SegmentedRaftLogWorker:Storage Directory /workdir/hadoop-ozone/integration-test/target/test-dir/MiniOzoneClusterImpl-d4d9d1d5-6826-40d2-ba25-7fec43350d72/datanode-3/data/ratis/5f335a22-65dc-476a-94f1-dd1f58a66b83 was interrupted, exiting. There are 0 tasks remaining in the queue.
2019-07-14 08:37:02,407 INFO  server.GrpcServerProtocolService (GrpcServerProtocolService.java:onCompleted(104)) - d8f94c70-e4ac-469c-9d6c-ddc9f8f48866: appendEntries completed
2019-07-14 08:37:02,411 INFO  segmented.SegmentedRaftLogWorker (SegmentedRaftLogWorker.java:close(228)) - 9c20c9b5-9357-4e10-a431-87958d826eb0-SegmentedRaftLogWorker:Storage Directory /workdir/hadoop-ozone/integration-test/target/test-dir/MiniOzoneClusterImpl-d4d9d1d5-6826-40d2-ba25-7fec43350d72/datanode-2/data/ratis/af8bf665-5452-4954-b809-e320aad9f214 close()
2019-07-14 08:37:02,411 INFO  segmented.SegmentedRaftLogWorker (SegmentedRaftLogWorker.java:close(228)) - 3d6e09b0-71ac-4bd1-9ea8-f038f205ef52-SegmentedRaftLogWorker:Storage Directory /workdir/hadoop-ozone/integration-test/target/test-dir/MiniOzoneClusterImpl-d4d9d1d5-6826-40d2-ba25-7fec43350d72/datanode-3/data/ratis/5f335a22-65dc-476a-94f1-dd1f58a66b83 close()
2019-07-14 08:37:02,413 INFO  server.GrpcService (GrpcService.java:closeImpl(155)) - 9c20c9b5-9357-4e10-a431-87958d826eb0: shutdown server with port 36548 now
2019-07-14 08:37:02,413 INFO  server.GrpcLogAppender (GrpcLogAppender.java:onCompleted(292)) - 3d6e09b0-71ac-4bd1-9ea8-f038f205ef52->d8f94c70-e4ac-469c-9d6c-ddc9f8f48866: follower responses appendEntries COMPLETED
2019-07-14 08:37:02,416 INFO  server.GrpcService (GrpcService.java:closeImpl(155)) - 3d6e09b0-71ac-4bd1-9ea8-f038f205ef52: shutdown server with port 44791 now
2019-07-14 08:37:02,416 INFO  server.GrpcService (GrpcService.java:closeImpl(163)) - 9c20c9b5-9357-4e10-a431-87958d826eb0: shutdown server with port 36548 successfully
2019-07-14 08:37:02,416 INFO  impl.FollowerInfo (FollowerInfo.java:lambda$new$0(50)) - 3d6e09b0-71ac-4bd1-9ea8-f038f205ef52->d8f94c70-e4ac-469c-9d6c-ddc9f8f48866: nextIndex: updateUnconditionally 1 -> 0
2019-07-14 08:37:02,417 INFO  server.GrpcService (GrpcService.java:closeImpl(163)) - 3d6e09b0-71ac-4bd1-9ea8-f038f205ef52: shutdown server with port 44791 successfully
2019-07-14 08:37:02,418 INFO  utils.BackgroundService (BackgroundService.java:shutdown(148)) - Shutting down service BlockDeletingService
2019-07-14 08:37:02,419 INFO  utils.BackgroundService (BackgroundService.java:shutdown(148)) - Shutting down service BlockDeletingService
2019-07-14 08:37:02,420 WARN  fs.CachingGetSpaceUsed (CachingGetSpaceUsed.java:run(183)) - Thread Interrupted waiting to refresh disk information: sleep interrupted
2019-07-14 08:37:02,427 WARN  fs.CachingGetSpaceUsed (CachingGetSpaceUsed.java:run(183)) - Thread Interrupted waiting to refresh disk information: sleep interrupted
2019-07-14 08:37:02,440 INFO  statemachine.DatanodeStateMachine (DatanodeStateMachine.java:stopDaemon(395)) - Ozone container server stopped.
2019-07-14 08:37:02,451 INFO  statemachine.DatanodeStateMachine (DatanodeStateMachine.java:stopDaemon(395)) - Ozone container server stopped.
2019-07-14 08:37:02,454 INFO  handler.ContextHandler (ContextHandler.java:doStop(910)) - Stopped o.e.j.w.WebAppContext@16e3d6d0{/,null,UNAVAILABLE}{/hddsDatanode}
2019-07-14 08:37:02,456 INFO  handler.ContextHandler (ContextHandler.java:doStop(910)) - Stopped o.e.j.w.WebAppContext@7bdddfa4{/,null,UNAVAILABLE}{/hddsDatanode}
2019-07-14 08:37:02,457 INFO  server.AbstractConnector (AbstractConnector.java:doStop(318)) - Stopped ServerConnector@6711432a{HTTP/1.1,[http/1.1]}{0.0.0.0:0}
2019-07-14 08:37:02,457 INFO  server.AbstractConnector (AbstractConnector.java:doStop(318)) - Stopped ServerConnector@1e12fdcf{HTTP/1.1,[http/1.1]}{0.0.0.0:0}
2019-07-14 08:37:02,457 INFO  handler.ContextHandler (ContextHandler.java:doStop(910)) - Stopped o.e.j.s.ServletContextHandler@34c2e03d{/static,jar:file:/home/user/.m2/repository/org/apache/hadoop/hadoop-hdds-container-service/0.5.0-SNAPSHOT/hadoop-hdds-container-service-0.5.0-SNAPSHOT.jar!/webapps/static,UNAVAILABLE}
2019-07-14 08:37:02,459 INFO  handler.ContextHandler (ContextHandler.java:doStop(910)) - Stopped o.e.j.s.ServletContextHandler@c555e1e{/static,jar:file:/home/user/.m2/repository/org/apache/hadoop/hadoop-hdds-container-service/0.5.0-SNAPSHOT/hadoop-hdds-container-service-0.5.0-SNAPSHOT.jar!/webapps/static,UNAVAILABLE}
2019-07-14 08:37:02,459 INFO  handler.ContextHandler (ContextHandler.java:doStop(910)) - Stopped o.e.j.s.ServletContextHandler@408980aa{/logs,file:///workdir/hadoop-ozone/integration-test/target/log,UNAVAILABLE}
2019-07-14 08:37:02,461 INFO  handler.ContextHandler (ContextHandler.java:doStop(910)) - Stopped o.e.j.s.ServletContextHandler@356ab368{/logs,file:///workdir/hadoop-ozone/integration-test/target/log,UNAVAILABLE}
2019-07-14 08:37:02,462 INFO  datanode.ObjectStoreHandler (ObjectStoreHandler.java:close(155)) - Closing ObjectStoreHandler.
2019-07-14 08:37:02,463 INFO  ozone.HddsDatanodeService (HddsDatanodeService.java:stop(452)) - Stopped plug-in org.apache.hadoop.ozone.web.OzoneHddsDatanodeService@1a13b5c1
2019-07-14 08:37:02,463 INFO  datanode.ObjectStoreHandler (ObjectStoreHandler.java:close(155)) - Closing ObjectStoreHandler.
2019-07-14 08:37:02,463 INFO  ozone.HddsDatanodeService (HddsDatanodeService.java:stop(452)) - Stopped plug-in org.apache.hadoop.ozone.web.OzoneHddsDatanodeService@8a11a19
2019-07-14 08:37:02,513 INFO  statemachine.DatanodeStateMachine (DatanodeStateMachine.java:lambda$startDaemon$0(350)) - Ozone container server started.
2019-07-14 08:37:02,668 INFO  statemachine.DatanodeStateMachine (DatanodeStateMachine.java:lambda$startDaemon$0(350)) - Ozone container server started.
2019-07-14 08:37:06,076 INFO  impl.FollowerState (FollowerState.java:run(106)) - d8f94c70-e4ac-469c-9d6c-ddc9f8f48866:group-DD1F58A66B83 changes to CANDIDATE, lastRpcTime:5429, electionTimeout:5169ms
2019-07-14 08:37:06,076 INFO  impl.RoleInfo (RoleInfo.java:shutdownFollowerState(121)) - d8f94c70-e4ac-469c-9d6c-ddc9f8f48866: shutdown FollowerState
2019-07-14 08:37:06,076 INFO  impl.RaftServerImpl (RaftServerImpl.java:setRole(171)) - d8f94c70-e4ac-469c-9d6c-ddc9f8f48866:group-DD1F58A66B83 changes role from FOLLOWER to CANDIDATE at term 1 for changeToCandidate
2019-07-14 08:37:06,076 INFO  impl.RoleInfo (RoleInfo.java:updateAndGet(143)) - d8f94c70-e4ac-469c-9d6c-ddc9f8f48866: start LeaderElection
2019-07-14 08:37:06,079 INFO  impl.RaftServerImpl (ServerState.java:setLeader(263)) - d8f94c70-e4ac-469c-9d6c-ddc9f8f48866:group-DD1F58A66B83 change Leader from 3d6e09b0-71ac-4bd1-9ea8-f038f205ef52 to null at term 1 for initElection
2019-07-14 08:37:06,093 INFO  impl.LeaderElection (LeaderElection.java:askForVotes(181)) - d8f94c70-e4ac-469c-9d6c-ddc9f8f48866:group-DD1F58A66B83:LeaderElection63: begin an election at term 2 for 0: [d8f94c70-e4ac-469c-9d6c-ddc9f8f48866:192.168.5.191:39033, 222b7c1d-42ae-4fb6-8ca0-57306d8bd07f:192.168.5.191:33127, 3d6e09b0-71ac-4bd1-9ea8-f038f205ef52:192.168.5.191:44791], old=null
2019-07-14 08:37:06,096 INFO  impl.LeaderElection (LogUtils.java:infoOrTrace(149)) - d8f94c70-e4ac-469c-9d6c-ddc9f8f48866:group-DD1F58A66B83:LeaderElection63 got exception when requesting votes: {}
java.util.concurrent.ExecutionException: org.apache.ratis.thirdparty.io.grpc.StatusRuntimeException: UNAVAILABLE: io exception
	at java.util.concurrent.FutureTask.report(FutureTask.java:122)
	at java.util.concurrent.FutureTask.get(FutureTask.java:192)
	at org.apache.ratis.server.impl.LeaderElection.waitForResults(LeaderElection.java:262)
	at org.apache.ratis.server.impl.LeaderElection.askForVotes(LeaderElection.java:200)
	at org.apache.ratis.server.impl.LeaderElection.run(LeaderElection.java:130)
	at java.lang.Thread.run(Thread.java:748)
Caused by: org.apache.ratis.thirdparty.io.grpc.StatusRuntimeException: UNAVAILABLE: io exception
	at org.apache.ratis.thirdparty.io.grpc.stub.ClientCalls.toStatusRuntimeException(ClientCalls.java:233)
	at org.apache.ratis.thirdparty.io.grpc.stub.ClientCalls.getUnchecked(ClientCalls.java:214)
	at org.apache.ratis.thirdparty.io.grpc.stub.ClientCalls.blockingUnaryCall(ClientCalls.java:139)
	at org.apache.ratis.proto.grpc.RaftServerProtocolServiceGrpc$RaftServerProtocolServiceBlockingStub.requestVote(RaftServerProtocolServiceGrpc.java:265)
	at org.apache.ratis.grpc.server.GrpcServerProtocolClient.requestVote(GrpcServerProtocolClient.java:83)
	at org.apache.ratis.grpc.server.GrpcService.requestVote(GrpcService.java:195)
	at org.apache.ratis.server.impl.LeaderElection.lambda$submitRequests$1(LeaderElection.java:237)
	at java.util.concurrent.FutureTask.run(FutureTask.java:266)
	at java.util.concurrent.Executors$RunnableAdapter.call(Executors.java:511)
	at java.util.concurrent.FutureTask.run(FutureTask.java:266)
	at java.util.concurrent.ThreadPoolExecutor.runWorker(ThreadPoolExecutor.java:1149)
	at java.util.concurrent.ThreadPoolExecutor$Worker.run(ThreadPoolExecutor.java:624)
	... 1 more
Caused by: org.apache.ratis.thirdparty.io.netty.channel.AbstractChannel$AnnotatedConnectException: Connection refused: /192.168.5.191:44791
	at sun.nio.ch.SocketChannelImpl.checkConnect(Native Method)
	at sun.nio.ch.SocketChannelImpl.finishConnect(SocketChannelImpl.java:717)
	at org.apache.ratis.thirdparty.io.netty.channel.socket.nio.NioSocketChannel.doFinishConnect(NioSocketChannel.java:327)
	at org.apache.ratis.thirdparty.io.netty.channel.nio.AbstractNioChannel$AbstractNioUnsafe.finishConnect(AbstractNioChannel.java:340)
	at org.apache.ratis.thirdparty.io.netty.channel.nio.NioEventLoop.processSelectedKey(NioEventLoop.java:632)
	at org.apache.ratis.thirdparty.io.netty.channel.nio.NioEventLoop.processSelectedKeysOptimized(NioEventLoop.java:579)
	at org.apache.ratis.thirdparty.io.netty.channel.nio.NioEventLoop.processSelectedKeys(NioEventLoop.java:496)
	at org.apache.ratis.thirdparty.io.netty.channel.nio.NioEventLoop.run(NioEventLoop.java:458)
	at org.apache.ratis.thirdparty.io.netty.util.concurrent.SingleThreadEventExecutor$5.run(SingleThreadEventExecutor.java:897)
	at org.apache.ratis.thirdparty.io.netty.util.concurrent.FastThreadLocalRunnable.run(FastThreadLocalRunnable.java:30)
	... 1 more
Caused by: java.net.ConnectException: Connection refused
	... 11 more
2019-07-14 08:37:06,098 INFO  impl.LeaderElection (LogUtils.java:infoOrTrace(149)) - d8f94c70-e4ac-469c-9d6c-ddc9f8f48866:group-DD1F58A66B83:LeaderElection63 got exception when requesting votes: {}
java.util.concurrent.ExecutionException: org.apache.ratis.thirdparty.io.grpc.StatusRuntimeException: UNAVAILABLE: io exception
	at java.util.concurrent.FutureTask.report(FutureTask.java:122)
	at java.util.concurrent.FutureTask.get(FutureTask.java:192)
	at org.apache.ratis.server.impl.LeaderElection.waitForResults(LeaderElection.java:262)
	at org.apache.ratis.server.impl.LeaderElection.askForVotes(LeaderElection.java:200)
	at org.apache.ratis.server.impl.LeaderElection.run(LeaderElection.java:130)
	at java.lang.Thread.run(Thread.java:748)
Caused by: org.apache.ratis.thirdparty.io.grpc.StatusRuntimeException: UNAVAILABLE: io exception
	at org.apache.ratis.thirdparty.io.grpc.stub.ClientCalls.toStatusRuntimeException(ClientCalls.java:233)
	at org.apache.ratis.thirdparty.io.grpc.stub.ClientCalls.getUnchecked(ClientCalls.java:214)
	at org.apache.ratis.thirdparty.io.grpc.stub.ClientCalls.blockingUnaryCall(ClientCalls.java:139)
	at org.apache.ratis.proto.grpc.RaftServerProtocolServiceGrpc$RaftServerProtocolServiceBlockingStub.requestVote(RaftServerProtocolServiceGrpc.java:265)
	at org.apache.ratis.grpc.server.GrpcServerProtocolClient.requestVote(GrpcServerProtocolClient.java:83)
	at org.apache.ratis.grpc.server.GrpcService.requestVote(GrpcService.java:195)
	at org.apache.ratis.server.impl.LeaderElection.lambda$submitRequests$1(LeaderElection.java:237)
	at java.util.concurrent.FutureTask.run(FutureTask.java:266)
	at java.util.concurrent.Executors$RunnableAdapter.call(Executors.java:511)
	at java.util.concurrent.FutureTask.run(FutureTask.java:266)
	at java.util.concurrent.ThreadPoolExecutor.runWorker(ThreadPoolExecutor.java:1149)
	at java.util.concurrent.ThreadPoolExecutor$Worker.run(ThreadPoolExecutor.java:624)
	... 1 more
Caused by: org.apache.ratis.thirdparty.io.netty.channel.AbstractChannel$AnnotatedConnectException: Connection refused: /192.168.5.191:33127
	at sun.nio.ch.SocketChannelImpl.checkConnect(Native Method)
	at sun.nio.ch.SocketChannelImpl.finishConnect(SocketChannelImpl.java:717)
	at org.apache.ratis.thirdparty.io.netty.channel.socket.nio.NioSocketChannel.doFinishConnect(NioSocketChannel.java:327)
	at org.apache.ratis.thirdparty.io.netty.channel.nio.AbstractNioChannel$AbstractNioUnsafe.finishConnect(AbstractNioChannel.java:340)
	at org.apache.ratis.thirdparty.io.netty.channel.nio.NioEventLoop.processSelectedKey(NioEventLoop.java:632)
	at org.apache.ratis.thirdparty.io.netty.channel.nio.NioEventLoop.processSelectedKeysOptimized(NioEventLoop.java:579)
	at org.apache.ratis.thirdparty.io.netty.channel.nio.NioEventLoop.processSelectedKeys(NioEventLoop.java:496)
	at org.apache.ratis.thirdparty.io.netty.channel.nio.NioEventLoop.run(NioEventLoop.java:458)
	at org.apache.ratis.thirdparty.io.netty.util.concurrent.SingleThreadEventExecutor$5.run(SingleThreadEventExecutor.java:897)
	at org.apache.ratis.thirdparty.io.netty.util.concurrent.FastThreadLocalRunnable.run(FastThreadLocalRunnable.java:30)
	... 1 more
Caused by: java.net.ConnectException: Connection refused
	... 11 more
2019-07-14 08:37:06,099 INFO  impl.LeaderElection (LeaderElection.java:logAndReturn(56)) - d8f94c70-e4ac-469c-9d6c-ddc9f8f48866:group-DD1F58A66B83:LeaderElection63: Election REJECTED; received 0 response(s) [] and 2 exception(s); d8f94c70-e4ac-469c-9d6c-ddc9f8f48866:t2, leader=null, voted=d8f94c70-e4ac-469c-9d6c-ddc9f8f48866, raftlog=d8f94c70-e4ac-469c-9d6c-ddc9f8f48866-SegmentedRaftLog:OPENED:c0,f0,i0, conf=0: [d8f94c70-e4ac-469c-9d6c-ddc9f8f48866:192.168.5.191:39033, 222b7c1d-42ae-4fb6-8ca0-57306d8bd07f:192.168.5.191:33127, 3d6e09b0-71ac-4bd1-9ea8-f038f205ef52:192.168.5.191:44791], old=null
2019-07-14 08:37:06,099 INFO  impl.LeaderElection (LogUtils.java:infoOrTrace(149)) -   Exception 0: {}
java.util.concurrent.ExecutionException: org.apache.ratis.thirdparty.io.grpc.StatusRuntimeException: UNAVAILABLE: io exception
	at java.util.concurrent.FutureTask.report(FutureTask.java:122)
	at java.util.concurrent.FutureTask.get(FutureTask.java:192)
	at org.apache.ratis.server.impl.LeaderElection.waitForResults(LeaderElection.java:262)
	at org.apache.ratis.server.impl.LeaderElection.askForVotes(LeaderElection.java:200)
	at org.apache.ratis.server.impl.LeaderElection.run(LeaderElection.java:130)
	at java.lang.Thread.run(Thread.java:748)
Caused by: org.apache.ratis.thirdparty.io.grpc.StatusRuntimeException: UNAVAILABLE: io exception
	at org.apache.ratis.thirdparty.io.grpc.stub.ClientCalls.toStatusRuntimeException(ClientCalls.java:233)
	at org.apache.ratis.thirdparty.io.grpc.stub.ClientCalls.getUnchecked(ClientCalls.java:214)
	at org.apache.ratis.thirdparty.io.grpc.stub.ClientCalls.blockingUnaryCall(ClientCalls.java:139)
	at org.apache.ratis.proto.grpc.RaftServerProtocolServiceGrpc$RaftServerProtocolServiceBlockingStub.requestVote(RaftServerProtocolServiceGrpc.java:265)
	at org.apache.ratis.grpc.server.GrpcServerProtocolClient.requestVote(GrpcServerProtocolClient.java:83)
	at org.apache.ratis.grpc.server.GrpcService.requestVote(GrpcService.java:195)
	at org.apache.ratis.server.impl.LeaderElection.lambda$submitRequests$1(LeaderElection.java:237)
	at java.util.concurrent.FutureTask.run(FutureTask.java:266)
	at java.util.concurrent.Executors$RunnableAdapter.call(Executors.java:511)
	at java.util.concurrent.FutureTask.run(FutureTask.java:266)
	at java.util.concurrent.ThreadPoolExecutor.runWorker(ThreadPoolExecutor.java:1149)
	at java.util.concurrent.ThreadPoolExecutor$Worker.run(ThreadPoolExecutor.java:624)
	... 1 more
Caused by: org.apache.ratis.thirdparty.io.netty.channel.AbstractChannel$AnnotatedConnectException: Connection refused: /192.168.5.191:44791
	at sun.nio.ch.SocketChannelImpl.checkConnect(Native Method)
	at sun.nio.ch.SocketChannelImpl.finishConnect(SocketChannelImpl.java:717)
	at org.apache.ratis.thirdparty.io.netty.channel.socket.nio.NioSocketChannel.doFinishConnect(NioSocketChannel.java:327)
	at org.apache.ratis.thirdparty.io.netty.channel.nio.AbstractNioChannel$AbstractNioUnsafe.finishConnect(AbstractNioChannel.java:340)
	at org.apache.ratis.thirdparty.io.netty.channel.nio.NioEventLoop.processSelectedKey(NioEventLoop.java:632)
	at org.apache.ratis.thirdparty.io.netty.channel.nio.NioEventLoop.processSelectedKeysOptimized(NioEventLoop.java:579)
	at org.apache.ratis.thirdparty.io.netty.channel.nio.NioEventLoop.processSelectedKeys(NioEventLoop.java:496)
	at org.apache.ratis.thirdparty.io.netty.channel.nio.NioEventLoop.run(NioEventLoop.java:458)
	at org.apache.ratis.thirdparty.io.netty.util.concurrent.SingleThreadEventExecutor$5.run(SingleThreadEventExecutor.java:897)
	at org.apache.ratis.thirdparty.io.netty.util.concurrent.FastThreadLocalRunnable.run(FastThreadLocalRunnable.java:30)
	... 1 more
Caused by: java.net.ConnectException: Connection refused
	... 11 more
2019-07-14 08:37:06,100 INFO  impl.LeaderElection (LogUtils.java:infoOrTrace(149)) -   Exception 1: {}
java.util.concurrent.ExecutionException: org.apache.ratis.thirdparty.io.grpc.StatusRuntimeException: UNAVAILABLE: io exception
	at java.util.concurrent.FutureTask.report(FutureTask.java:122)
	at java.util.concurrent.FutureTask.get(FutureTask.java:192)
	at org.apache.ratis.server.impl.LeaderElection.waitForResults(LeaderElection.java:262)
	at org.apache.ratis.server.impl.LeaderElection.askForVotes(LeaderElection.java:200)
	at org.apache.ratis.server.impl.LeaderElection.run(LeaderElection.java:130)
	at java.lang.Thread.run(Thread.java:748)
Caused by: org.apache.ratis.thirdparty.io.grpc.StatusRuntimeException: UNAVAILABLE: io exception
	at org.apache.ratis.thirdparty.io.grpc.stub.ClientCalls.toStatusRuntimeException(ClientCalls.java:233)
	at org.apache.ratis.thirdparty.io.grpc.stub.ClientCalls.getUnchecked(ClientCalls.java:214)
	at org.apache.ratis.thirdparty.io.grpc.stub.ClientCalls.blockingUnaryCall(ClientCalls.java:139)
	at org.apache.ratis.proto.grpc.RaftServerProtocolServiceGrpc$RaftServerProtocolServiceBlockingStub.requestVote(RaftServerProtocolServiceGrpc.java:265)
	at org.apache.ratis.grpc.server.GrpcServerProtocolClient.requestVote(GrpcServerProtocolClient.java:83)
	at org.apache.ratis.grpc.server.GrpcService.requestVote(GrpcService.java:195)
	at org.apache.ratis.server.impl.LeaderElection.lambda$submitRequests$1(LeaderElection.java:237)
	at java.util.concurrent.FutureTask.run(FutureTask.java:266)
	at java.util.concurrent.Executors$RunnableAdapter.call(Executors.java:511)
	at java.util.concurrent.FutureTask.run(FutureTask.java:266)
	at java.util.concurrent.ThreadPoolExecutor.runWorker(ThreadPoolExecutor.java:1149)
	at java.util.concurrent.ThreadPoolExecutor$Worker.run(ThreadPoolExecutor.java:624)
	... 1 more
Caused by: org.apache.ratis.thirdparty.io.netty.channel.AbstractChannel$AnnotatedConnectException: Connection refused: /192.168.5.191:33127
	at sun.nio.ch.SocketChannelImpl.checkConnect(Native Method)
	at sun.nio.ch.SocketChannelImpl.finishConnect(SocketChannelImpl.java:717)
	at org.apache.ratis.thirdparty.io.netty.channel.socket.nio.NioSocketChannel.doFinishConnect(NioSocketChannel.java:327)
	at org.apache.ratis.thirdparty.io.netty.channel.nio.AbstractNioChannel$AbstractNioUnsafe.finishConnect(AbstractNioChannel.java:340)
	at org.apache.ratis.thirdparty.io.netty.channel.nio.NioEventLoop.processSelectedKey(NioEventLoop.java:632)
	at org.apache.ratis.thirdparty.io.netty.channel.nio.NioEventLoop.processSelectedKeysOptimized(NioEventLoop.java:579)
	at org.apache.ratis.thirdparty.io.netty.channel.nio.NioEventLoop.processSelectedKeys(NioEventLoop.java:496)
	at org.apache.ratis.thirdparty.io.netty.channel.nio.NioEventLoop.run(NioEventLoop.java:458)
	at org.apache.ratis.thirdparty.io.netty.util.concurrent.SingleThreadEventExecutor$5.run(SingleThreadEventExecutor.java:897)
	at org.apache.ratis.thirdparty.io.netty.util.concurrent.FastThreadLocalRunnable.run(FastThreadLocalRunnable.java:30)
	... 1 more
Caused by: java.net.ConnectException: Connection refused
	... 11 more
2019-07-14 08:37:06,100 INFO  impl.RaftServerImpl (RaftServerImpl.java:setRole(171)) - d8f94c70-e4ac-469c-9d6c-ddc9f8f48866:group-DD1F58A66B83 changes role from CANDIDATE to FOLLOWER at term 2 for DISCOVERED_A_NEW_TERM
2019-07-14 08:37:06,100 INFO  impl.RoleInfo (RoleInfo.java:shutdownLeaderElection(134)) - d8f94c70-e4ac-469c-9d6c-ddc9f8f48866: shutdown LeaderElection
2019-07-14 08:37:06,100 INFO  impl.RoleInfo (RoleInfo.java:updateAndGet(143)) - d8f94c70-e4ac-469c-9d6c-ddc9f8f48866: start FollowerState
2019-07-14 08:37:06,585 INFO  node.StaleNodeHandler (StaleNodeHandler.java:onMessage(58)) - Datanode c20c3292-948d-4bbf-bd7e-6b3b697d6238{ip: 192.168.5.191, host: trunk-nightly-5z2vd-27108033, networkLocation: /default-rack, certSerialId: null} moved to stale state. Finalizing its pipelines [PipelineID=2930a69b-05f1-4ae4-add6-bb2224a8fd83, PipelineID=996ffe8f-26f5-4d1c-83e4-442727c201dd]
2019-07-14 08:37:06,585 INFO  pipeline.SCMPipelineManager (SCMPipelineManager.java:finalizeAndDestroyPipeline(309)) - destroying pipeline:Pipeline[ Id: 2930a69b-05f1-4ae4-add6-bb2224a8fd83, Nodes: c20c3292-948d-4bbf-bd7e-6b3b697d6238{ip: 192.168.5.191, host: trunk-nightly-5z2vd-27108033, networkLocation: /default-rack, certSerialId: null}, Type:RATIS, Factor:ONE, State:OPEN]
2019-07-14 08:37:06,586 INFO  pipeline.PipelineStateManager (PipelineStateManager.java:finalizePipeline(123)) - Pipeline Pipeline[ Id: 2930a69b-05f1-4ae4-add6-bb2224a8fd83, Nodes: c20c3292-948d-4bbf-bd7e-6b3b697d6238{ip: 192.168.5.191, host: trunk-nightly-5z2vd-27108033, networkLocation: /default-rack, certSerialId: null}, Type:RATIS, Factor:ONE, State:CLOSED] moved to CLOSED state
2019-07-14 08:37:06,586 INFO  pipeline.SCMPipelineManager (SCMPipelineManager.java:finalizeAndDestroyPipeline(309)) - destroying pipeline:Pipeline[ Id: 996ffe8f-26f5-4d1c-83e4-442727c201dd, Nodes: 9c20c9b5-9357-4e10-a431-87958d826eb0{ip: 192.168.5.191, host: trunk-nightly-5z2vd-27108033, networkLocation: /default-rack, certSerialId: null}15bf218b-f591-44d2-b923-e6c91f666683{ip: 192.168.5.191, host: trunk-nightly-5z2vd-27108033, networkLocation: /default-rack, certSerialId: null}c20c3292-948d-4bbf-bd7e-6b3b697d6238{ip: 192.168.5.191, host: trunk-nightly-5z2vd-27108033, networkLocation: /default-rack, certSerialId: null}, Type:RATIS, Factor:THREE, State:CLOSED]
2019-07-14 08:37:06,685 INFO  node.StaleNodeHandler (StaleNodeHandler.java:onMessage(58)) - Datanode f94c9d11-4a66-4c5b-82e4-ebde518e5a4f{ip: 192.168.5.191, host: trunk-nightly-5z2vd-27108033, networkLocation: /default-rack, certSerialId: null} moved to stale state. Finalizing its pipelines [PipelineID=5449e41e-414c-4fc1-b9cc-2002b1dd1cf0]
2019-07-14 08:37:06,686 INFO  pipeline.SCMPipelineManager (SCMPipelineManager.java:finalizeAndDestroyPipeline(309)) - destroying pipeline:Pipeline[ Id: 5449e41e-414c-4fc1-b9cc-2002b1dd1cf0, Nodes: f94c9d11-4a66-4c5b-82e4-ebde518e5a4f{ip: 192.168.5.191, host: trunk-nightly-5z2vd-27108033, networkLocation: /default-rack, certSerialId: null}, Type:RATIS, Factor:ONE, State:OPEN]
2019-07-14 08:37:06,686 INFO  pipeline.PipelineStateManager (PipelineStateManager.java:finalizePipeline(123)) - Pipeline Pipeline[ Id: 5449e41e-414c-4fc1-b9cc-2002b1dd1cf0, Nodes: f94c9d11-4a66-4c5b-82e4-ebde518e5a4f{ip: 192.168.5.191, host: trunk-nightly-5z2vd-27108033, networkLocation: /default-rack, certSerialId: null}, Type:RATIS, Factor:ONE, State:CLOSED] moved to CLOSED state
2019-07-14 08:37:07,463 INFO  ozoneimpl.OzoneContainer (OzoneContainer.java:stop(199)) - Attempting to stop container services.
2019-07-14 08:37:07,464 INFO  ozoneimpl.OzoneContainer (OzoneContainer.java:stop(199)) - Attempting to stop container services.
2019-07-14 08:37:07,464 INFO  impl.RaftServerProxy (RaftServerProxy.java:lambda$close$4(314)) - f94c9d11-4a66-4c5b-82e4-ebde518e5a4f: close
2019-07-14 08:37:07,464 INFO  impl.RaftServerProxy (RaftServerProxy.java:lambda$close$4(314)) - c20c3292-948d-4bbf-bd7e-6b3b697d6238: close
2019-07-14 08:37:07,465 INFO  impl.RaftServerImpl (RaftServerImpl.java:lambda$shutdown$3(245)) - f94c9d11-4a66-4c5b-82e4-ebde518e5a4f: shutdown group-2002B1DD1CF0
2019-07-14 08:37:07,465 INFO  impl.RaftServerImpl (RaftServerImpl.java:lambda$shutdown$3(245)) - c20c3292-948d-4bbf-bd7e-6b3b697d6238: shutdown group-BB2224A8FD83
2019-07-14 08:37:07,465 INFO  util.JmxRegister (JmxRegister.java:unregister(73)) - Successfully un-registered JMX Bean with object name Ratis:service=RaftServer,group=group-2002B1DD1CF0,id=f94c9d11-4a66-4c5b-82e4-ebde518e5a4f
2019-07-14 08:37:07,466 INFO  impl.RoleInfo (RoleInfo.java:shutdownLeaderState(104)) - f94c9d11-4a66-4c5b-82e4-ebde518e5a4f: shutdown LeaderState
2019-07-14 08:37:07,466 INFO  util.JmxRegister (JmxRegister.java:unregister(73)) - Successfully un-registered JMX Bean with object name Ratis:service=RaftServer,group=group-BB2224A8FD83,id=c20c3292-948d-4bbf-bd7e-6b3b697d6238
2019-07-14 08:37:07,466 INFO  impl.PendingRequests (PendingRequests.java:sendNotLeaderResponses(202)) - f94c9d11-4a66-4c5b-82e4-ebde518e5a4f-PendingRequests: sendNotLeaderResponses
2019-07-14 08:37:07,467 INFO  impl.RoleInfo (RoleInfo.java:shutdownLeaderState(104)) - c20c3292-948d-4bbf-bd7e-6b3b697d6238: shutdown LeaderState
2019-07-14 08:37:07,467 INFO  impl.StateMachineUpdater (StateMachineUpdater.java:stopAndJoin(115)) - StateMachineUpdater:f94c9d11-4a66-4c5b-82e4-ebde518e5a4f:group-2002B1DD1CF0: set stopIndex = 0
2019-07-14 08:37:07,467 INFO  impl.PendingRequests (PendingRequests.java:sendNotLeaderResponses(202)) - c20c3292-948d-4bbf-bd7e-6b3b697d6238-PendingRequests: sendNotLeaderResponses
2019-07-14 08:37:07,468 INFO  impl.RaftServerImpl (ServerState.java:close(394)) - f94c9d11-4a66-4c5b-82e4-ebde518e5a4f:group-2002B1DD1CF0 closes. The last applied log index is 0
2019-07-14 08:37:07,468 INFO  impl.StateMachineUpdater (StateMachineUpdater.java:stopAndJoin(115)) - StateMachineUpdater:c20c3292-948d-4bbf-bd7e-6b3b697d6238:group-BB2224A8FD83: set stopIndex = 0
2019-07-14 08:37:07,469 INFO  segmented.SegmentedRaftLogWorker (SegmentedRaftLogWorker.java:run(313)) - f94c9d11-4a66-4c5b-82e4-ebde518e5a4f-SegmentedRaftLogWorker:Storage Directory /workdir/hadoop-ozone/integration-test/target/test-dir/MiniOzoneClusterImpl-d4d9d1d5-6826-40d2-ba25-7fec43350d72/datanode-6/data/ratis/5449e41e-414c-4fc1-b9cc-2002b1dd1cf0 was interrupted, exiting. There are 0 tasks remaining in the queue.
2019-07-14 08:37:07,469 INFO  impl.RaftServerImpl (ServerState.java:close(394)) - c20c3292-948d-4bbf-bd7e-6b3b697d6238:group-BB2224A8FD83 closes. The last applied log index is 0
2019-07-14 08:37:07,471 INFO  segmented.SegmentedRaftLogWorker (SegmentedRaftLogWorker.java:close(228)) - f94c9d11-4a66-4c5b-82e4-ebde518e5a4f-SegmentedRaftLogWorker:Storage Directory /workdir/hadoop-ozone/integration-test/target/test-dir/MiniOzoneClusterImpl-d4d9d1d5-6826-40d2-ba25-7fec43350d72/datanode-6/data/ratis/5449e41e-414c-4fc1-b9cc-2002b1dd1cf0 close()
2019-07-14 08:37:07,471 INFO  segmented.SegmentedRaftLogWorker (SegmentedRaftLogWorker.java:run(313)) - c20c3292-948d-4bbf-bd7e-6b3b697d6238-SegmentedRaftLogWorker:Storage Directory /workdir/hadoop-ozone/integration-test/target/test-dir/MiniOzoneClusterImpl-d4d9d1d5-6826-40d2-ba25-7fec43350d72/datanode-0/data/ratis/2930a69b-05f1-4ae4-add6-bb2224a8fd83 was interrupted, exiting. There are 0 tasks remaining in the queue.
2019-07-14 08:37:07,473 INFO  server.GrpcService (GrpcService.java:closeImpl(155)) - f94c9d11-4a66-4c5b-82e4-ebde518e5a4f: shutdown server with port 39966 now
2019-07-14 08:37:07,475 INFO  segmented.SegmentedRaftLogWorker (SegmentedRaftLogWorker.java:close(228)) - c20c3292-948d-4bbf-bd7e-6b3b697d6238-SegmentedRaftLogWorker:Storage Directory /workdir/hadoop-ozone/integration-test/target/test-dir/MiniOzoneClusterImpl-d4d9d1d5-6826-40d2-ba25-7fec43350d72/datanode-0/data/ratis/2930a69b-05f1-4ae4-add6-bb2224a8fd83 close()
2019-07-14 08:37:07,477 INFO  server.GrpcService (GrpcService.java:closeImpl(163)) - f94c9d11-4a66-4c5b-82e4-ebde518e5a4f: shutdown server with port 39966 successfully
2019-07-14 08:37:07,483 INFO  impl.RaftServerImpl (RaftServerImpl.java:lambda$shutdown$3(245)) - c20c3292-948d-4bbf-bd7e-6b3b697d6238: shutdown group-442727C201DD
2019-07-14 08:37:07,484 INFO  util.JmxRegister (JmxRegister.java:unregister(73)) - Successfully un-registered JMX Bean with object name Ratis:service=RaftServer,group=group-442727C201DD,id=c20c3292-948d-4bbf-bd7e-6b3b697d6238
2019-07-14 08:37:07,484 INFO  impl.RoleInfo (RoleInfo.java:shutdownFollowerState(121)) - c20c3292-948d-4bbf-bd7e-6b3b697d6238: shutdown FollowerState
2019-07-14 08:37:07,485 INFO  impl.StateMachineUpdater (StateMachineUpdater.java:stopAndJoin(115)) - StateMachineUpdater:c20c3292-948d-4bbf-bd7e-6b3b697d6238:group-442727C201DD: set stopIndex = 1
2019-07-14 08:37:07,485 INFO  impl.FollowerState (FollowerState.java:run(114)) - c20c3292-948d-4bbf-bd7e-6b3b697d6238: FollowerState was interrupted: java.lang.InterruptedException: sleep interrupted
2019-07-14 08:37:07,485 INFO  utils.BackgroundService (BackgroundService.java:shutdown(148)) - Shutting down service BlockDeletingService
2019-07-14 08:37:07,485 INFO  impl.RaftServerImpl (ServerState.java:close(394)) - c20c3292-948d-4bbf-bd7e-6b3b697d6238:group-442727C201DD closes. The last applied log index is 1
2019-07-14 08:37:07,487 INFO  segmented.SegmentedRaftLogWorker (SegmentedRaftLogWorker.java:run(313)) - c20c3292-948d-4bbf-bd7e-6b3b697d6238-SegmentedRaftLogWorker:Storage Directory /workdir/hadoop-ozone/integration-test/target/test-dir/MiniOzoneClusterImpl-d4d9d1d5-6826-40d2-ba25-7fec43350d72/datanode-0/data/ratis/996ffe8f-26f5-4d1c-83e4-442727c201dd was interrupted, exiting. There are 0 tasks remaining in the queue.
2019-07-14 08:37:07,488 INFO  segmented.SegmentedRaftLogWorker (SegmentedRaftLogWorker.java:close(228)) - c20c3292-948d-4bbf-bd7e-6b3b697d6238-SegmentedRaftLogWorker:Storage Directory /workdir/hadoop-ozone/integration-test/target/test-dir/MiniOzoneClusterImpl-d4d9d1d5-6826-40d2-ba25-7fec43350d72/datanode-0/data/ratis/996ffe8f-26f5-4d1c-83e4-442727c201dd close()
2019-07-14 08:37:07,488 INFO  server.GrpcService (GrpcService.java:closeImpl(155)) - c20c3292-948d-4bbf-bd7e-6b3b697d6238: shutdown server with port 40518 now
2019-07-14 08:37:07,488 INFO  server.GrpcService (GrpcService.java:closeImpl(163)) - c20c3292-948d-4bbf-bd7e-6b3b697d6238: shutdown server with port 40518 successfully
2019-07-14 08:37:07,490 INFO  utils.BackgroundService (BackgroundService.java:shutdown(148)) - Shutting down service BlockDeletingService
2019-07-14 08:37:07,491 WARN  fs.CachingGetSpaceUsed (CachingGetSpaceUsed.java:run(183)) - Thread Interrupted waiting to refresh disk information: sleep interrupted
2019-07-14 08:37:07,495 WARN  fs.CachingGetSpaceUsed (CachingGetSpaceUsed.java:run(183)) - Thread Interrupted waiting to refresh disk information: sleep interrupted
2019-07-14 08:37:07,509 INFO  statemachine.DatanodeStateMachine (DatanodeStateMachine.java:stopDaemon(395)) - Ozone container server stopped.
2019-07-14 08:37:07,514 INFO  statemachine.DatanodeStateMachine (DatanodeStateMachine.java:stopDaemon(395)) - Ozone container server stopped.
2019-07-14 08:37:07,521 INFO  handler.ContextHandler (ContextHandler.java:doStop(910)) - Stopped o.e.j.w.WebAppContext@7641c4e7{/,null,UNAVAILABLE}{/hddsDatanode}
2019-07-14 08:37:07,522 INFO  handler.ContextHandler (ContextHandler.java:doStop(910)) - Stopped o.e.j.w.WebAppContext@19b0a9f2{/,null,UNAVAILABLE}{/hddsDatanode}
2019-07-14 08:37:07,523 INFO  server.AbstractConnector (AbstractConnector.java:doStop(318)) - Stopped ServerConnector@f4c3e9{HTTP/1.1,[http/1.1]}{0.0.0.0:0}
2019-07-14 08:37:07,525 INFO  server.AbstractConnector (AbstractConnector.java:doStop(318)) - Stopped ServerConnector@650a0b50{HTTP/1.1,[http/1.1]}{0.0.0.0:0}
2019-07-14 08:37:07,525 INFO  handler.ContextHandler (ContextHandler.java:doStop(910)) - Stopped o.e.j.s.ServletContextHandler@78f1d29{/static,jar:file:/home/user/.m2/repository/org/apache/hadoop/hadoop-hdds-container-service/0.5.0-SNAPSHOT/hadoop-hdds-container-service-0.5.0-SNAPSHOT.jar!/webapps/static,UNAVAILABLE}
2019-07-14 08:37:07,525 INFO  handler.ContextHandler (ContextHandler.java:doStop(910)) - Stopped o.e.j.s.ServletContextHandler@7842260f{/static,jar:file:/home/user/.m2/repository/org/apache/hadoop/hadoop-hdds-container-service/0.5.0-SNAPSHOT/hadoop-hdds-container-service-0.5.0-SNAPSHOT.jar!/webapps/static,UNAVAILABLE}
2019-07-14 08:37:07,526 INFO  handler.ContextHandler (ContextHandler.java:doStop(910)) - Stopped o.e.j.s.ServletContextHandler@3c65f2e1{/logs,file:///workdir/hadoop-ozone/integration-test/target/log,UNAVAILABLE}
2019-07-14 08:37:07,527 INFO  handler.ContextHandler (ContextHandler.java:doStop(910)) - Stopped o.e.j.s.ServletContextHandler@7a085d02{/logs,file:///workdir/hadoop-ozone/integration-test/target/log,UNAVAILABLE}
2019-07-14 08:37:07,528 INFO  datanode.ObjectStoreHandler (ObjectStoreHandler.java:close(155)) - Closing ObjectStoreHandler.
2019-07-14 08:37:07,529 INFO  ozone.HddsDatanodeService (HddsDatanodeService.java:stop(452)) - Stopped plug-in org.apache.hadoop.ozone.web.OzoneHddsDatanodeService@2ee5fe1e
2019-07-14 08:37:08,451 INFO  statemachine.DatanodeStateMachine (DatanodeStateMachine.java:lambda$startDaemon$0(350)) - Ozone container server started.
2019-07-14 08:37:11,226 INFO  impl.FollowerState (FollowerState.java:run(106)) - d8f94c70-e4ac-469c-9d6c-ddc9f8f48866:group-DD1F58A66B83 changes to CANDIDATE, lastRpcTime:5125, electionTimeout:5125ms
2019-07-14 08:37:11,226 INFO  impl.RoleInfo (RoleInfo.java:shutdownFollowerState(121)) - d8f94c70-e4ac-469c-9d6c-ddc9f8f48866: shutdown FollowerState
2019-07-14 08:37:11,226 INFO  impl.RaftServerImpl (RaftServerImpl.java:setRole(171)) - d8f94c70-e4ac-469c-9d6c-ddc9f8f48866:group-DD1F58A66B83 changes role from FOLLOWER to CANDIDATE at term 2 for changeToCandidate
2019-07-14 08:37:11,226 INFO  impl.RoleInfo (RoleInfo.java:updateAndGet(143)) - d8f94c70-e4ac-469c-9d6c-ddc9f8f48866: start LeaderElection
2019-07-14 08:37:11,242 INFO  impl.LeaderElection (LeaderElection.java:askForVotes(181)) - d8f94c70-e4ac-469c-9d6c-ddc9f8f48866:group-DD1F58A66B83:LeaderElection64: begin an election at term 3 for 0: [d8f94c70-e4ac-469c-9d6c-ddc9f8f48866:192.168.5.191:39033, 222b7c1d-42ae-4fb6-8ca0-57306d8bd07f:192.168.5.191:33127, 3d6e09b0-71ac-4bd1-9ea8-f038f205ef52:192.168.5.191:44791], old=null
2019-07-14 08:37:11,243 INFO  impl.LeaderElection (LogUtils.java:infoOrTrace(149)) - d8f94c70-e4ac-469c-9d6c-ddc9f8f48866:group-DD1F58A66B83:LeaderElection64 got exception when requesting votes: {}
java.util.concurrent.ExecutionException: org.apache.ratis.thirdparty.io.grpc.StatusRuntimeException: UNAVAILABLE: io exception
	at java.util.concurrent.FutureTask.report(FutureTask.java:122)
	at java.util.concurrent.FutureTask.get(FutureTask.java:192)
	at org.apache.ratis.server.impl.LeaderElection.waitForResults(LeaderElection.java:262)
	at org.apache.ratis.server.impl.LeaderElection.askForVotes(LeaderElection.java:200)
	at org.apache.ratis.server.impl.LeaderElection.run(LeaderElection.java:130)
	at java.lang.Thread.run(Thread.java:748)
Caused by: org.apache.ratis.thirdparty.io.grpc.StatusRuntimeException: UNAVAILABLE: io exception
	at org.apache.ratis.thirdparty.io.grpc.stub.ClientCalls.toStatusRuntimeException(ClientCalls.java:233)
	at org.apache.ratis.thirdparty.io.grpc.stub.ClientCalls.getUnchecked(ClientCalls.java:214)
	at org.apache.ratis.thirdparty.io.grpc.stub.ClientCalls.blockingUnaryCall(ClientCalls.java:139)
	at org.apache.ratis.proto.grpc.RaftServerProtocolServiceGrpc$RaftServerProtocolServiceBlockingStub.requestVote(RaftServerProtocolServiceGrpc.java:265)
	at org.apache.ratis.grpc.server.GrpcServerProtocolClient.requestVote(GrpcServerProtocolClient.java:83)
	at org.apache.ratis.grpc.server.GrpcService.requestVote(GrpcService.java:195)
	at org.apache.ratis.server.impl.LeaderElection.lambda$submitRequests$1(LeaderElection.java:237)
	at java.util.concurrent.FutureTask.run(FutureTask.java:266)
	at java.util.concurrent.Executors$RunnableAdapter.call(Executors.java:511)
	at java.util.concurrent.FutureTask.run(FutureTask.java:266)
	at java.util.concurrent.ThreadPoolExecutor.runWorker(ThreadPoolExecutor.java:1149)
	at java.util.concurrent.ThreadPoolExecutor$Worker.run(ThreadPoolExecutor.java:624)
	... 1 more
Caused by: org.apache.ratis.thirdparty.io.netty.channel.AbstractChannel$AnnotatedConnectException: Connection refused: /192.168.5.191:33127
	at sun.nio.ch.SocketChannelImpl.checkConnect(Native Method)
	at sun.nio.ch.SocketChannelImpl.finishConnect(SocketChannelImpl.java:717)
	at org.apache.ratis.thirdparty.io.netty.channel.socket.nio.NioSocketChannel.doFinishConnect(NioSocketChannel.java:327)
	at org.apache.ratis.thirdparty.io.netty.channel.nio.AbstractNioChannel$AbstractNioUnsafe.finishConnect(AbstractNioChannel.java:340)
	at org.apache.ratis.thirdparty.io.netty.channel.nio.NioEventLoop.processSelectedKey(NioEventLoop.java:632)
	at org.apache.ratis.thirdparty.io.netty.channel.nio.NioEventLoop.processSelectedKeysOptimized(NioEventLoop.java:579)
	at org.apache.ratis.thirdparty.io.netty.channel.nio.NioEventLoop.processSelectedKeys(NioEventLoop.java:496)
	at org.apache.ratis.thirdparty.io.netty.channel.nio.NioEventLoop.run(NioEventLoop.java:458)
	at org.apache.ratis.thirdparty.io.netty.util.concurrent.SingleThreadEventExecutor$5.run(SingleThreadEventExecutor.java:897)
	at org.apache.ratis.thirdparty.io.netty.util.concurrent.FastThreadLocalRunnable.run(FastThreadLocalRunnable.java:30)
	... 1 more
Caused by: java.net.ConnectException: Connection refused
	... 11 more
2019-07-14 08:37:11,245 INFO  impl.LeaderElection (LogUtils.java:infoOrTrace(149)) - d8f94c70-e4ac-469c-9d6c-ddc9f8f48866:group-DD1F58A66B83:LeaderElection64 got exception when requesting votes: {}
java.util.concurrent.ExecutionException: org.apache.ratis.thirdparty.io.grpc.StatusRuntimeException: UNAVAILABLE: io exception
	at java.util.concurrent.FutureTask.report(FutureTask.java:122)
	at java.util.concurrent.FutureTask.get(FutureTask.java:192)
	at org.apache.ratis.server.impl.LeaderElection.waitForResults(LeaderElection.java:262)
	at org.apache.ratis.server.impl.LeaderElection.askForVotes(LeaderElection.java:200)
	at org.apache.ratis.server.impl.LeaderElection.run(LeaderElection.java:130)
	at java.lang.Thread.run(Thread.java:748)
Caused by: org.apache.ratis.thirdparty.io.grpc.StatusRuntimeException: UNAVAILABLE: io exception
	at org.apache.ratis.thirdparty.io.grpc.stub.ClientCalls.toStatusRuntimeException(ClientCalls.java:233)
	at org.apache.ratis.thirdparty.io.grpc.stub.ClientCalls.getUnchecked(ClientCalls.java:214)
	at org.apache.ratis.thirdparty.io.grpc.stub.ClientCalls.blockingUnaryCall(ClientCalls.java:139)
	at org.apache.ratis.proto.grpc.RaftServerProtocolServiceGrpc$RaftServerProtocolServiceBlockingStub.requestVote(RaftServerProtocolServiceGrpc.java:265)
	at org.apache.ratis.grpc.server.GrpcServerProtocolClient.requestVote(GrpcServerProtocolClient.java:83)
	at org.apache.ratis.grpc.server.GrpcService.requestVote(GrpcService.java:195)
	at org.apache.ratis.server.impl.LeaderElection.lambda$submitRequests$1(LeaderElection.java:237)
	at java.util.concurrent.FutureTask.run(FutureTask.java:266)
	at java.util.concurrent.Executors$RunnableAdapter.call(Executors.java:511)
	at java.util.concurrent.FutureTask.run(FutureTask.java:266)
	at java.util.concurrent.ThreadPoolExecutor.runWorker(ThreadPoolExecutor.java:1149)
	at java.util.concurrent.ThreadPoolExecutor$Worker.run(ThreadPoolExecutor.java:624)
	... 1 more
Caused by: org.apache.ratis.thirdparty.io.netty.channel.AbstractChannel$AnnotatedConnectException: Connection refused: /192.168.5.191:44791
	at sun.nio.ch.SocketChannelImpl.checkConnect(Native Method)
	at sun.nio.ch.SocketChannelImpl.finishConnect(SocketChannelImpl.java:717)
	at org.apache.ratis.thirdparty.io.netty.channel.socket.nio.NioSocketChannel.doFinishConnect(NioSocketChannel.java:327)
	at org.apache.ratis.thirdparty.io.netty.channel.nio.AbstractNioChannel$AbstractNioUnsafe.finishConnect(AbstractNioChannel.java:340)
	at org.apache.ratis.thirdparty.io.netty.channel.nio.NioEventLoop.processSelectedKey(NioEventLoop.java:632)
	at org.apache.ratis.thirdparty.io.netty.channel.nio.NioEventLoop.processSelectedKeysOptimized(NioEventLoop.java:579)
	at org.apache.ratis.thirdparty.io.netty.channel.nio.NioEventLoop.processSelectedKeys(NioEventLoop.java:496)
	at org.apache.ratis.thirdparty.io.netty.channel.nio.NioEventLoop.run(NioEventLoop.java:458)
	at org.apache.ratis.thirdparty.io.netty.util.concurrent.SingleThreadEventExecutor$5.run(SingleThreadEventExecutor.java:897)
	at org.apache.ratis.thirdparty.io.netty.util.concurrent.FastThreadLocalRunnable.run(FastThreadLocalRunnable.java:30)
	... 1 more
Caused by: java.net.ConnectException: Connection refused
	... 11 more
2019-07-14 08:37:11,246 INFO  impl.LeaderElection (LeaderElection.java:logAndReturn(56)) - d8f94c70-e4ac-469c-9d6c-ddc9f8f48866:group-DD1F58A66B83:LeaderElection64: Election REJECTED; received 0 response(s) [] and 2 exception(s); d8f94c70-e4ac-469c-9d6c-ddc9f8f48866:t3, leader=null, voted=d8f94c70-e4ac-469c-9d6c-ddc9f8f48866, raftlog=d8f94c70-e4ac-469c-9d6c-ddc9f8f48866-SegmentedRaftLog:OPENED:c0,f0,i0, conf=0: [d8f94c70-e4ac-469c-9d6c-ddc9f8f48866:192.168.5.191:39033, 222b7c1d-42ae-4fb6-8ca0-57306d8bd07f:192.168.5.191:33127, 3d6e09b0-71ac-4bd1-9ea8-f038f205ef52:192.168.5.191:44791], old=null
2019-07-14 08:37:11,247 INFO  impl.LeaderElection (LogUtils.java:infoOrTrace(149)) -   Exception 0: {}
java.util.concurrent.ExecutionException: org.apache.ratis.thirdparty.io.grpc.StatusRuntimeException: UNAVAILABLE: io exception
	at java.util.concurrent.FutureTask.report(FutureTask.java:122)
	at java.util.concurrent.FutureTask.get(FutureTask.java:192)
	at org.apache.ratis.server.impl.LeaderElection.waitForResults(LeaderElection.java:262)
	at org.apache.ratis.server.impl.LeaderElection.askForVotes(LeaderElection.java:200)
	at org.apache.ratis.server.impl.LeaderElection.run(LeaderElection.java:130)
	at java.lang.Thread.run(Thread.java:748)
Caused by: org.apache.ratis.thirdparty.io.grpc.StatusRuntimeException: UNAVAILABLE: io exception
	at org.apache.ratis.thirdparty.io.grpc.stub.ClientCalls.toStatusRuntimeException(ClientCalls.java:233)
	at org.apache.ratis.thirdparty.io.grpc.stub.ClientCalls.getUnchecked(ClientCalls.java:214)
	at org.apache.ratis.thirdparty.io.grpc.stub.ClientCalls.blockingUnaryCall(ClientCalls.java:139)
	at org.apache.ratis.proto.grpc.RaftServerProtocolServiceGrpc$RaftServerProtocolServiceBlockingStub.requestVote(RaftServerProtocolServiceGrpc.java:265)
	at org.apache.ratis.grpc.server.GrpcServerProtocolClient.requestVote(GrpcServerProtocolClient.java:83)
	at org.apache.ratis.grpc.server.GrpcService.requestVote(GrpcService.java:195)
	at org.apache.ratis.server.impl.LeaderElection.lambda$submitRequests$1(LeaderElection.java:237)
	at java.util.concurrent.FutureTask.run(FutureTask.java:266)
	at java.util.concurrent.Executors$RunnableAdapter.call(Executors.java:511)
	at java.util.concurrent.FutureTask.run(FutureTask.java:266)
	at java.util.concurrent.ThreadPoolExecutor.runWorker(ThreadPoolExecutor.java:1149)
	at java.util.concurrent.ThreadPoolExecutor$Worker.run(ThreadPoolExecutor.java:624)
	... 1 more
Caused by: org.apache.ratis.thirdparty.io.netty.channel.AbstractChannel$AnnotatedConnectException: Connection refused: /192.168.5.191:33127
	at sun.nio.ch.SocketChannelImpl.checkConnect(Native Method)
	at sun.nio.ch.SocketChannelImpl.finishConnect(SocketChannelImpl.java:717)
	at org.apache.ratis.thirdparty.io.netty.channel.socket.nio.NioSocketChannel.doFinishConnect(NioSocketChannel.java:327)
	at org.apache.ratis.thirdparty.io.netty.channel.nio.AbstractNioChannel$AbstractNioUnsafe.finishConnect(AbstractNioChannel.java:340)
	at org.apache.ratis.thirdparty.io.netty.channel.nio.NioEventLoop.processSelectedKey(NioEventLoop.java:632)
	at org.apache.ratis.thirdparty.io.netty.channel.nio.NioEventLoop.processSelectedKeysOptimized(NioEventLoop.java:579)
	at org.apache.ratis.thirdparty.io.netty.channel.nio.NioEventLoop.processSelectedKeys(NioEventLoop.java:496)
	at org.apache.ratis.thirdparty.io.netty.channel.nio.NioEventLoop.run(NioEventLoop.java:458)
	at org.apache.ratis.thirdparty.io.netty.util.concurrent.SingleThreadEventExecutor$5.run(SingleThreadEventExecutor.java:897)
	at org.apache.ratis.thirdparty.io.netty.util.concurrent.FastThreadLocalRunnable.run(FastThreadLocalRunnable.java:30)
	... 1 more
Caused by: java.net.ConnectException: Connection refused
	... 11 more
2019-07-14 08:37:11,247 INFO  impl.LeaderElection (LogUtils.java:infoOrTrace(149)) -   Exception 1: {}
java.util.concurrent.ExecutionException: org.apache.ratis.thirdparty.io.grpc.StatusRuntimeException: UNAVAILABLE: io exception
	at java.util.concurrent.FutureTask.report(FutureTask.java:122)
	at java.util.concurrent.FutureTask.get(FutureTask.java:192)
	at org.apache.ratis.server.impl.LeaderElection.waitForResults(LeaderElection.java:262)
	at org.apache.ratis.server.impl.LeaderElection.askForVotes(LeaderElection.java:200)
	at org.apache.ratis.server.impl.LeaderElection.run(LeaderElection.java:130)
	at java.lang.Thread.run(Thread.java:748)
Caused by: org.apache.ratis.thirdparty.io.grpc.StatusRuntimeException: UNAVAILABLE: io exception
	at org.apache.ratis.thirdparty.io.grpc.stub.ClientCalls.toStatusRuntimeException(ClientCalls.java:233)
	at org.apache.ratis.thirdparty.io.grpc.stub.ClientCalls.getUnchecked(ClientCalls.java:214)
	at org.apache.ratis.thirdparty.io.grpc.stub.ClientCalls.blockingUnaryCall(ClientCalls.java:139)
	at org.apache.ratis.proto.grpc.RaftServerProtocolServiceGrpc$RaftServerProtocolServiceBlockingStub.requestVote(RaftServerProtocolServiceGrpc.java:265)
	at org.apache.ratis.grpc.server.GrpcServerProtocolClient.requestVote(GrpcServerProtocolClient.java:83)
	at org.apache.ratis.grpc.server.GrpcService.requestVote(GrpcService.java:195)
	at org.apache.ratis.server.impl.LeaderElection.lambda$submitRequests$1(LeaderElection.java:237)
	at java.util.concurrent.FutureTask.run(FutureTask.java:266)
	at java.util.concurrent.Executors$RunnableAdapter.call(Executors.java:511)
	at java.util.concurrent.FutureTask.run(FutureTask.java:266)
	at java.util.concurrent.ThreadPoolExecutor.runWorker(ThreadPoolExecutor.java:1149)
	at java.util.concurrent.ThreadPoolExecutor$Worker.run(ThreadPoolExecutor.java:624)
	... 1 more
Caused by: org.apache.ratis.thirdparty.io.netty.channel.AbstractChannel$AnnotatedConnectException: Connection refused: /192.168.5.191:44791
	at sun.nio.ch.SocketChannelImpl.checkConnect(Native Method)
	at sun.nio.ch.SocketChannelImpl.finishConnect(SocketChannelImpl.java:717)
	at org.apache.ratis.thirdparty.io.netty.channel.socket.nio.NioSocketChannel.doFinishConnect(NioSocketChannel.java:327)
	at org.apache.ratis.thirdparty.io.netty.channel.nio.AbstractNioChannel$AbstractNioUnsafe.finishConnect(AbstractNioChannel.java:340)
	at org.apache.ratis.thirdparty.io.netty.channel.nio.NioEventLoop.processSelectedKey(NioEventLoop.java:632)
	at org.apache.ratis.thirdparty.io.netty.channel.nio.NioEventLoop.processSelectedKeysOptimized(NioEventLoop.java:579)
	at org.apache.ratis.thirdparty.io.netty.channel.nio.NioEventLoop.processSelectedKeys(NioEventLoop.java:496)
	at org.apache.ratis.thirdparty.io.netty.channel.nio.NioEventLoop.run(NioEventLoop.java:458)
	at org.apache.ratis.thirdparty.io.netty.util.concurrent.SingleThreadEventExecutor$5.run(SingleThreadEventExecutor.java:897)
	at org.apache.ratis.thirdparty.io.netty.util.concurrent.FastThreadLocalRunnable.run(FastThreadLocalRunnable.java:30)
	... 1 more
Caused by: java.net.ConnectException: Connection refused
	... 11 more
2019-07-14 08:37:11,247 INFO  impl.RaftServerImpl (RaftServerImpl.java:setRole(171)) - d8f94c70-e4ac-469c-9d6c-ddc9f8f48866:group-DD1F58A66B83 changes role from CANDIDATE to FOLLOWER at term 3 for DISCOVERED_A_NEW_TERM
2019-07-14 08:37:11,247 INFO  impl.RoleInfo (RoleInfo.java:shutdownLeaderElection(134)) - d8f94c70-e4ac-469c-9d6c-ddc9f8f48866: shutdown LeaderElection
2019-07-14 08:37:11,247 INFO  impl.RoleInfo (RoleInfo.java:updateAndGet(143)) - d8f94c70-e4ac-469c-9d6c-ddc9f8f48866: start FollowerState
2019-07-14 08:37:12,493 INFO  node.StaleNodeHandler (StaleNodeHandler.java:onMessage(58)) - Datanode d8f94c70-e4ac-469c-9d6c-ddc9f8f48866{ip: 192.168.5.191, host: trunk-nightly-5z2vd-27108033, networkLocation: /default-rack, certSerialId: null} moved to stale state. Finalizing its pipelines [PipelineID=1774afa8-f79c-49ba-86a0-c1d2709ede84, PipelineID=5f335a22-65dc-476a-94f1-dd1f58a66b83]
2019-07-14 08:37:12,493 INFO  pipeline.SCMPipelineManager (SCMPipelineManager.java:finalizeAndDestroyPipeline(309)) - destroying pipeline:Pipeline[ Id: 1774afa8-f79c-49ba-86a0-c1d2709ede84, Nodes: d8f94c70-e4ac-469c-9d6c-ddc9f8f48866{ip: 192.168.5.191, host: trunk-nightly-5z2vd-27108033, networkLocation: /default-rack, certSerialId: null}, Type:RATIS, Factor:ONE, State:OPEN]
2019-07-14 08:37:12,494 INFO  pipeline.PipelineStateManager (PipelineStateManager.java:finalizePipeline(123)) - Pipeline Pipeline[ Id: 1774afa8-f79c-49ba-86a0-c1d2709ede84, Nodes: d8f94c70-e4ac-469c-9d6c-ddc9f8f48866{ip: 192.168.5.191, host: trunk-nightly-5z2vd-27108033, networkLocation: /default-rack, certSerialId: null}, Type:RATIS, Factor:ONE, State:CLOSED] moved to CLOSED state
2019-07-14 08:37:12,494 INFO  pipeline.SCMPipelineManager (SCMPipelineManager.java:finalizeAndDestroyPipeline(309)) - destroying pipeline:Pipeline[ Id: 5f335a22-65dc-476a-94f1-dd1f58a66b83, Nodes: 3d6e09b0-71ac-4bd1-9ea8-f038f205ef52{ip: 192.168.5.191, host: trunk-nightly-5z2vd-27108033, networkLocation: /default-rack, certSerialId: null}222b7c1d-42ae-4fb6-8ca0-57306d8bd07f{ip: 192.168.5.191, host: trunk-nightly-5z2vd-27108033, networkLocation: /default-rack, certSerialId: null}d8f94c70-e4ac-469c-9d6c-ddc9f8f48866{ip: 192.168.5.191, host: trunk-nightly-5z2vd-27108033, networkLocation: /default-rack, certSerialId: null}, Type:RATIS, Factor:THREE, State:CLOSED]
2019-07-14 08:37:12,530 INFO  ozoneimpl.OzoneContainer (OzoneContainer.java:stop(199)) - Attempting to stop container services.
2019-07-14 08:37:12,530 INFO  impl.RaftServerProxy (RaftServerProxy.java:lambda$close$4(314)) - d8f94c70-e4ac-469c-9d6c-ddc9f8f48866: close
2019-07-14 08:37:12,531 INFO  impl.RaftServerImpl (RaftServerImpl.java:lambda$shutdown$3(245)) - d8f94c70-e4ac-469c-9d6c-ddc9f8f48866: shutdown group-C1D2709EDE84
2019-07-14 08:37:12,531 INFO  util.JmxRegister (JmxRegister.java:unregister(73)) - Successfully un-registered JMX Bean with object name Ratis:service=RaftServer,group=group-C1D2709EDE84,id=d8f94c70-e4ac-469c-9d6c-ddc9f8f48866
2019-07-14 08:37:12,531 INFO  impl.RoleInfo (RoleInfo.java:shutdownLeaderState(104)) - d8f94c70-e4ac-469c-9d6c-ddc9f8f48866: shutdown LeaderState
2019-07-14 08:37:12,532 INFO  impl.PendingRequests (PendingRequests.java:sendNotLeaderResponses(202)) - d8f94c70-e4ac-469c-9d6c-ddc9f8f48866-PendingRequests: sendNotLeaderResponses
2019-07-14 08:37:12,532 INFO  impl.StateMachineUpdater (StateMachineUpdater.java:stopAndJoin(115)) - StateMachineUpdater:d8f94c70-e4ac-469c-9d6c-ddc9f8f48866:group-C1D2709EDE84: set stopIndex = 0
2019-07-14 08:37:12,532 INFO  impl.RaftServerImpl (ServerState.java:close(394)) - d8f94c70-e4ac-469c-9d6c-ddc9f8f48866:group-C1D2709EDE84 closes. The last applied log index is 0
2019-07-14 08:37:12,533 INFO  segmented.SegmentedRaftLogWorker (SegmentedRaftLogWorker.java:run(313)) - d8f94c70-e4ac-469c-9d6c-ddc9f8f48866-SegmentedRaftLogWorker:Storage Directory /workdir/hadoop-ozone/integration-test/target/test-dir/MiniOzoneClusterImpl-d4d9d1d5-6826-40d2-ba25-7fec43350d72/datanode-5/data/ratis/1774afa8-f79c-49ba-86a0-c1d2709ede84 was interrupted, exiting. There are 0 tasks remaining in the queue.
2019-07-14 08:37:12,533 INFO  segmented.SegmentedRaftLogWorker (SegmentedRaftLogWorker.java:close(228)) - d8f94c70-e4ac-469c-9d6c-ddc9f8f48866-SegmentedRaftLogWorker:Storage Directory /workdir/hadoop-ozone/integration-test/target/test-dir/MiniOzoneClusterImpl-d4d9d1d5-6826-40d2-ba25-7fec43350d72/datanode-5/data/ratis/1774afa8-f79c-49ba-86a0-c1d2709ede84 close()
2019-07-14 08:37:12,534 INFO  impl.RaftServerImpl (RaftServerImpl.java:lambda$shutdown$3(245)) - d8f94c70-e4ac-469c-9d6c-ddc9f8f48866: shutdown group-DD1F58A66B83
2019-07-14 08:37:12,534 INFO  util.JmxRegister (JmxRegister.java:unregister(73)) - Successfully un-registered JMX Bean with object name Ratis:service=RaftServer,group=group-DD1F58A66B83,id=d8f94c70-e4ac-469c-9d6c-ddc9f8f48866
2019-07-14 08:37:12,534 INFO  impl.RoleInfo (RoleInfo.java:shutdownFollowerState(121)) - d8f94c70-e4ac-469c-9d6c-ddc9f8f48866: shutdown FollowerState
2019-07-14 08:37:12,535 INFO  impl.StateMachineUpdater (StateMachineUpdater.java:stopAndJoin(115)) - StateMachineUpdater:d8f94c70-e4ac-469c-9d6c-ddc9f8f48866:group-DD1F58A66B83: set stopIndex = 0
2019-07-14 08:37:12,535 INFO  impl.FollowerState (FollowerState.java:run(114)) - d8f94c70-e4ac-469c-9d6c-ddc9f8f48866: FollowerState was interrupted: java.lang.InterruptedException: sleep interrupted
2019-07-14 08:37:12,535 INFO  impl.RaftServerImpl (ServerState.java:close(394)) - d8f94c70-e4ac-469c-9d6c-ddc9f8f48866:group-DD1F58A66B83 closes. The last applied log index is 0
2019-07-14 08:37:12,537 INFO  segmented.SegmentedRaftLogWorker (SegmentedRaftLogWorker.java:run(313)) - d8f94c70-e4ac-469c-9d6c-ddc9f8f48866-SegmentedRaftLogWorker:Storage Directory /workdir/hadoop-ozone/integration-test/target/test-dir/MiniOzoneClusterImpl-d4d9d1d5-6826-40d2-ba25-7fec43350d72/datanode-5/data/ratis/5f335a22-65dc-476a-94f1-dd1f58a66b83 was interrupted, exiting. There are 0 tasks remaining in the queue.
2019-07-14 08:37:12,537 INFO  segmented.SegmentedRaftLogWorker (SegmentedRaftLogWorker.java:close(228)) - d8f94c70-e4ac-469c-9d6c-ddc9f8f48866-SegmentedRaftLogWorker:Storage Directory /workdir/hadoop-ozone/integration-test/target/test-dir/MiniOzoneClusterImpl-d4d9d1d5-6826-40d2-ba25-7fec43350d72/datanode-5/data/ratis/5f335a22-65dc-476a-94f1-dd1f58a66b83 close()
2019-07-14 08:37:12,538 INFO  server.GrpcService (GrpcService.java:closeImpl(155)) - d8f94c70-e4ac-469c-9d6c-ddc9f8f48866: shutdown server with port 39033 now
2019-07-14 08:37:12,538 INFO  server.GrpcService (GrpcService.java:closeImpl(163)) - d8f94c70-e4ac-469c-9d6c-ddc9f8f48866: shutdown server with port 39033 successfully
2019-07-14 08:37:12,539 INFO  utils.BackgroundService (BackgroundService.java:shutdown(148)) - Shutting down service BlockDeletingService
2019-07-14 08:37:12,544 WARN  fs.CachingGetSpaceUsed (CachingGetSpaceUsed.java:run(183)) - Thread Interrupted waiting to refresh disk information: sleep interrupted
2019-07-14 08:37:12,562 INFO  statemachine.DatanodeStateMachine (DatanodeStateMachine.java:stopDaemon(395)) - Ozone container server stopped.
2019-07-14 08:37:12,565 INFO  handler.ContextHandler (ContextHandler.java:doStop(910)) - Stopped o.e.j.w.WebAppContext@5b5e45bc{/,null,UNAVAILABLE}{/hddsDatanode}
2019-07-14 08:37:12,566 INFO  server.AbstractConnector (AbstractConnector.java:doStop(318)) - Stopped ServerConnector@10c1682b{HTTP/1.1,[http/1.1]}{0.0.0.0:0}
2019-07-14 08:37:12,567 INFO  handler.ContextHandler (ContextHandler.java:doStop(910)) - Stopped o.e.j.s.ServletContextHandler@4981b83{/static,jar:file:/home/user/.m2/repository/org/apache/hadoop/hadoop-hdds-container-service/0.5.0-SNAPSHOT/hadoop-hdds-container-service-0.5.0-SNAPSHOT.jar!/webapps/static,UNAVAILABLE}
2019-07-14 08:37:12,568 INFO  handler.ContextHandler (ContextHandler.java:doStop(910)) - Stopped o.e.j.s.ServletContextHandler@4110ffe5{/logs,file:///workdir/hadoop-ozone/integration-test/target/log,UNAVAILABLE}
2019-07-14 08:37:12,569 INFO  ozone.MiniOzoneClusterImpl (MiniOzoneClusterImpl.java:stop(353)) - Stopping the StorageContainerManager
2019-07-14 08:37:12,569 INFO  server.StorageContainerManager (StorageContainerManager.java:stop(796)) - Stopping Replication Manager Service.
2019-07-14 08:37:12,570 INFO  container.ReplicationManager (ReplicationManager.java:stop(187)) - Stopping Replication Monitor Thread.
2019-07-14 08:37:12,570 INFO  server.StorageContainerManager (StorageContainerManager.java:stop(803)) - Stopping Lease Manager of the command watchers
2019-07-14 08:37:12,570 INFO  server.StorageContainerManager (StorageContainerManager.java:stop(810)) - Stopping datanode service RPC server
2019-07-14 08:37:12,570 INFO  server.SCMDatanodeProtocolServer (SCMDatanodeProtocolServer.java:stop(375)) - Stopping the RPC server for DataNodes
2019-07-14 08:37:12,571 INFO  ipc.Server (Server.java:stop(3082)) - Stopping server on 44244
2019-07-14 08:37:12,574 INFO  ipc.Server (Server.java:run(1185)) - Stopping IPC Server listener on 44244
2019-07-14 08:37:12,574 INFO  ipc.Server (Server.java:run(1319)) - Stopping IPC Server Responder
2019-07-14 08:37:12,593 WARN  node.NodeStateManager (NodeStateManager.java:scheduleNextHealthCheck(631)) - Current Thread is interrupted, shutting down HB processing thread for Node Manager.
2019-07-14 08:37:12,593 INFO  server.StorageContainerManager (StorageContainerManager.java:stop(818)) - Stopping block service RPC server
2019-07-14 08:37:12,593 INFO  server.SCMBlockProtocolServer (SCMBlockProtocolServer.java:stop(148)) - Stopping the RPC server for Block Protocol
2019-07-14 08:37:12,594 INFO  ipc.Server (Server.java:stop(3082)) - Stopping server on 35432
2019-07-14 08:37:12,596 INFO  server.StorageContainerManager (StorageContainerManager.java:stop(825)) - Stopping the StorageContainerLocationProtocol RPC server
2019-07-14 08:37:12,596 INFO  server.SCMClientProtocolServer (SCMClientProtocolServer.java:stop(157)) - Stopping the RPC server for Client Protocol
2019-07-14 08:37:12,596 INFO  ipc.Server (Server.java:stop(3082)) - Stopping server on 42101
2019-07-14 08:37:12,597 INFO  ipc.Server (Server.java:run(1185)) - Stopping IPC Server listener on 35432
2019-07-14 08:37:12,597 INFO  ipc.Server (Server.java:run(1319)) - Stopping IPC Server Responder
2019-07-14 08:37:12,599 INFO  ipc.Server (Server.java:run(1185)) - Stopping IPC Server listener on 42101
2019-07-14 08:37:12,599 INFO  server.StorageContainerManager (StorageContainerManager.java:stop(832)) - Stopping Storage Container Manager HTTP server.
2019-07-14 08:37:12,600 INFO  ipc.Server (Server.java:run(1319)) - Stopping IPC Server Responder
2019-07-14 08:37:12,601 INFO  handler.ContextHandler (ContextHandler.java:doStop(910)) - Stopped o.e.j.w.WebAppContext@37f7ce20{/,null,UNAVAILABLE}{/scm}
2019-07-14 08:37:12,602 INFO  server.AbstractConnector (AbstractConnector.java:doStop(318)) - Stopped ServerConnector@c931728{HTTP/1.1,[http/1.1]}{0.0.0.0:0}
2019-07-14 08:37:12,602 INFO  handler.ContextHandler (ContextHandler.java:doStop(910)) - Stopped o.e.j.s.ServletContextHandler@2c9aeec6{/static,file:///workdir/hadoop-ozone/integration-test/target/test-classes/webapps/static,UNAVAILABLE}
2019-07-14 08:37:12,603 INFO  handler.ContextHandler (ContextHandler.java:doStop(910)) - Stopped o.e.j.s.ServletContextHandler@7ef7faa9{/logs,file:///workdir/hadoop-ozone/integration-test/target/log,UNAVAILABLE}
2019-07-14 08:37:12,605 INFO  server.StorageContainerManager (StorageContainerManager.java:stop(843)) - Stopping Block Manager Service.
2019-07-14 08:37:12,605 INFO  utils.BackgroundService (BackgroundService.java:shutdown(148)) - Shutting down service SCMBlockDeletingService
2019-07-14 08:37:12,606 INFO  utils.BackgroundService (BackgroundService.java:shutdown(148)) - Shutting down service SCMBlockDeletingService
2019-07-14 08:37:12,606 INFO  server.StorageContainerManager (StorageContainerManager.java:stop(865)) - Stopping SCM Event Queue.
2019-07-14 08:37:12,611 INFO  impl.MetricsSystemImpl (MetricsSystemImpl.java:stop(210)) - Stopping HddsDatanode metrics system...
2019-07-14 08:37:12,616 INFO  impl.MetricsSystemImpl (MetricsSystemImpl.java:stop(216)) - HddsDatanode metrics system stopped.
]]></system-out>
    <system-err><![CDATA[Jul 14, 2019 8:36:40 AM com.sun.jersey.server.impl.application.WebApplicationImpl _initiate
INFO: Initiating Jersey application, version 'Jersey: 1.19 02/11/2015 03:25 AM'
Jul 14, 2019 8:36:40 AM com.sun.jersey.server.impl.application.WebApplicationImpl _initiate
INFO: Initiating Jersey application, version 'Jersey: 1.19 02/11/2015 03:25 AM'
Jul 14, 2019 8:36:40 AM com.sun.jersey.server.impl.application.WebApplicationImpl _initiate
INFO: Initiating Jersey application, version 'Jersey: 1.19 02/11/2015 03:25 AM'
Jul 14, 2019 8:36:40 AM com.sun.jersey.server.impl.application.WebApplicationImpl _initiate
INFO: Initiating Jersey application, version 'Jersey: 1.19 02/11/2015 03:25 AM'
Jul 14, 2019 8:36:41 AM com.sun.jersey.server.impl.application.WebApplicationImpl _initiate
INFO: Initiating Jersey application, version 'Jersey: 1.19 02/11/2015 03:25 AM'
Jul 14, 2019 8:36:41 AM com.sun.jersey.server.impl.application.WebApplicationImpl _initiate
INFO: Initiating Jersey application, version 'Jersey: 1.19 02/11/2015 03:25 AM'
Jul 14, 2019 8:36:41 AM com.sun.jersey.server.impl.application.WebApplicationImpl _initiate
INFO: Initiating Jersey application, version 'Jersey: 1.19 02/11/2015 03:25 AM'
Jul 14, 2019 8:36:44 AM org.apache.ratis.thirdparty.io.grpc.internal.ManagedChannelOrphanWrapper$ManagedChannelReference cleanQueue
SEVERE: *~*~*~ Channel ManagedChannelImpl{logId=2700, target=192.168.5.191:40682} was not shutdown properly!!! ~*~*~*
    Make sure to call shutdown()/shutdownNow() and wait until awaitTermination() returns true.
java.lang.RuntimeException: ManagedChannel allocation site
	at org.apache.ratis.thirdparty.io.grpc.internal.ManagedChannelOrphanWrapper$ManagedChannelReference.<init>(ManagedChannelOrphanWrapper.java:103)
	at org.apache.ratis.thirdparty.io.grpc.internal.ManagedChannelOrphanWrapper.<init>(ManagedChannelOrphanWrapper.java:53)
	at org.apache.ratis.thirdparty.io.grpc.internal.ManagedChannelOrphanWrapper.<init>(ManagedChannelOrphanWrapper.java:44)
	at org.apache.ratis.thirdparty.io.grpc.internal.AbstractManagedChannelImplBuilder.build(AbstractManagedChannelImplBuilder.java:411)
	at org.apache.hadoop.hdds.scm.XceiverClientGrpc.connectToDatanode(XceiverClientGrpc.java:172)
	at org.apache.hadoop.hdds.scm.XceiverClientGrpc.reconnect(XceiverClientGrpc.java:417)
	at org.apache.hadoop.hdds.scm.XceiverClientGrpc.sendCommandAsync(XceiverClientGrpc.java:366)
	at org.apache.hadoop.hdds.scm.XceiverClientGrpc.sendCommandWithRetry(XceiverClientGrpc.java:279)
	at org.apache.hadoop.hdds.scm.XceiverClientGrpc.sendCommandWithTraceIDAndRetry(XceiverClientGrpc.java:248)
	at org.apache.hadoop.hdds.scm.XceiverClientGrpc.sendCommand(XceiverClientGrpc.java:231)
	at org.apache.hadoop.hdds.scm.storage.ContainerProtocolCalls.getBlock(ContainerProtocolCalls.java:118)
	at org.apache.hadoop.hdds.scm.storage.BlockInputStream.getChunkInfos(BlockInputStream.java:167)
	at org.apache.hadoop.hdds.scm.storage.BlockInputStream.initialize(BlockInputStream.java:118)
	at org.apache.hadoop.hdds.scm.storage.BlockInputStream.read(BlockInputStream.java:222)
	at org.apache.hadoop.ozone.client.io.KeyInputStream.read(KeyInputStream.java:171)
	at org.apache.hadoop.ozone.client.io.OzoneInputStream.read(OzoneInputStream.java:47)
	at java.io.InputStream.read(InputStream.java:101)
	at org.apache.hadoop.ozone.container.ContainerTestHelper.validateData(ContainerTestHelper.java:709)
	at org.apache.hadoop.ozone.client.rpc.TestBlockOutputStreamWithFailures.validateData(TestBlockOutputStreamWithFailures.java:1212)
	at org.apache.hadoop.ozone.client.rpc.TestBlockOutputStreamWithFailures.testDatanodeFailureWithSingleNodeRatis(TestBlockOutputStreamWithFailures.java:1054)
	at sun.reflect.NativeMethodAccessorImpl.invoke0(Native Method)
	at sun.reflect.NativeMethodAccessorImpl.invoke(NativeMethodAccessorImpl.java:62)
	at sun.reflect.DelegatingMethodAccessorImpl.invoke(DelegatingMethodAccessorImpl.java:43)
	at java.lang.reflect.Method.invoke(Method.java:498)
	at org.junit.runners.model.FrameworkMethod$1.runReflectiveCall(FrameworkMethod.java:47)
	at org.junit.internal.runners.model.ReflectiveCallable.run(ReflectiveCallable.java:12)
	at org.junit.runners.model.FrameworkMethod.invokeExplosively(FrameworkMethod.java:44)
	at org.junit.internal.runners.statements.InvokeMethod.evaluate(InvokeMethod.java:17)
	at org.junit.internal.runners.statements.RunBefores.evaluate(RunBefores.java:26)
	at org.junit.internal.runners.statements.RunAfters.evaluate(RunAfters.java:27)
	at org.junit.runners.ParentRunner.runLeaf(ParentRunner.java:271)
	at org.junit.runners.BlockJUnit4ClassRunner.runChild(BlockJUnit4ClassRunner.java:70)
	at org.junit.runners.BlockJUnit4ClassRunner.runChild(BlockJUnit4ClassRunner.java:50)
	at org.junit.runners.ParentRunner$3.run(ParentRunner.java:238)
	at org.junit.runners.ParentRunner$1.schedule(ParentRunner.java:63)
	at org.junit.runners.ParentRunner.runChildren(ParentRunner.java:236)
	at org.junit.runners.ParentRunner.access$000(ParentRunner.java:53)
	at org.junit.runners.ParentRunner$2.evaluate(ParentRunner.java:229)
	at org.junit.runners.ParentRunner.run(ParentRunner.java:309)
	at org.apache.maven.surefire.junit4.JUnit4Provider.execute(JUnit4Provider.java:365)
	at org.apache.maven.surefire.junit4.JUnit4Provider.executeWithRerun(JUnit4Provider.java:273)
	at org.apache.maven.surefire.junit4.JUnit4Provider.executeTestSet(JUnit4Provider.java:238)
	at org.apache.maven.surefire.junit4.JUnit4Provider.invoke(JUnit4Provider.java:159)
	at org.apache.maven.surefire.booter.ForkedBooter.invokeProviderInSameClassLoader(ForkedBooter.java:384)
	at org.apache.maven.surefire.booter.ForkedBooter.runSuitesInProcess(ForkedBooter.java:345)
	at org.apache.maven.surefire.booter.ForkedBooter.execute(ForkedBooter.java:126)
	at org.apache.maven.surefire.booter.ForkedBooter.main(ForkedBooter.java:418)

Jul 14, 2019 8:36:44 AM org.apache.ratis.thirdparty.io.grpc.internal.ManagedChannelOrphanWrapper$ManagedChannelReference cleanQueue
SEVERE: *~*~*~ Channel ManagedChannelImpl{logId=2669, target=192.168.5.191:35999} was not shutdown properly!!! ~*~*~*
    Make sure to call shutdown()/shutdownNow() and wait until awaitTermination() returns true.
java.lang.RuntimeException: ManagedChannel allocation site
	at org.apache.ratis.thirdparty.io.grpc.internal.ManagedChannelOrphanWrapper$ManagedChannelReference.<init>(ManagedChannelOrphanWrapper.java:103)
	at org.apache.ratis.thirdparty.io.grpc.internal.ManagedChannelOrphanWrapper.<init>(ManagedChannelOrphanWrapper.java:53)
	at org.apache.ratis.thirdparty.io.grpc.internal.ManagedChannelOrphanWrapper.<init>(ManagedChannelOrphanWrapper.java:44)
	at org.apache.ratis.thirdparty.io.grpc.internal.AbstractManagedChannelImplBuilder.build(AbstractManagedChannelImplBuilder.java:411)
	at org.apache.ratis.grpc.client.GrpcClientProtocolClient.<init>(GrpcClientProtocolClient.java:119)
	at org.apache.ratis.grpc.client.GrpcClientRpc.lambda$new$0(GrpcClientRpc.java:55)
	at org.apache.ratis.util.PeerProxyMap$PeerAndProxy.lambda$getProxy$0(PeerProxyMap.java:61)
	at org.apache.ratis.util.LifeCycle.startAndTransition(LifeCycle.java:202)
	at org.apache.ratis.util.PeerProxyMap$PeerAndProxy.getProxy(PeerProxyMap.java:60)
	at org.apache.ratis.util.PeerProxyMap.getProxy(PeerProxyMap.java:107)
	at org.apache.ratis.grpc.client.GrpcClientRpc.sendRequestAsync(GrpcClientRpc.java:66)
	at org.apache.ratis.client.impl.OrderedAsync.sendRequest(OrderedAsync.java:208)
	at org.apache.ratis.client.impl.OrderedAsync.sendRequestWithRetry(OrderedAsync.java:169)
	at org.apache.ratis.util.SlidingWindow$Client.sendOrDelayRequest(SlidingWindow.java:278)
	at org.apache.ratis.util.SlidingWindow$Client.submitNewRequest(SlidingWindow.java:257)
	at org.apache.ratis.client.impl.OrderedAsync.send(OrderedAsync.java:155)
	at org.apache.ratis.client.impl.RaftClientImpl.sendAsync(RaftClientImpl.java:145)
	at org.apache.ratis.client.impl.RaftClientImpl.sendAsync(RaftClientImpl.java:125)
	at org.apache.hadoop.hdds.scm.XceiverClientRatis.sendRequestAsync(XceiverClientRatis.java:224)
	at org.apache.hadoop.hdds.scm.XceiverClientRatis.sendCommandAsync(XceiverClientRatis.java:302)
	at org.apache.hadoop.hdds.scm.storage.ContainerProtocolCalls.writeChunkAsync(ContainerProtocolCalls.java:310)
	at org.apache.hadoop.hdds.scm.storage.BlockOutputStream.writeChunkToContainer(BlockOutputStream.java:610)
	at org.apache.hadoop.hdds.scm.storage.BlockOutputStream.writeChunk(BlockOutputStream.java:467)
	at org.apache.hadoop.hdds.scm.storage.BlockOutputStream.writeOnRetry(BlockOutputStream.java:293)
	at org.apache.hadoop.ozone.client.io.BlockOutputStreamEntry.writeOnRetry(BlockOutputStreamEntry.java:200)
	at org.apache.hadoop.ozone.client.io.KeyOutputStream.handleWrite(KeyOutputStream.java:209)
	at org.apache.hadoop.ozone.client.io.KeyOutputStream.handleRetry(KeyOutputStream.java:376)
	at org.apache.hadoop.ozone.client.io.KeyOutputStream.handleException(KeyOutputStream.java:325)
	at org.apache.hadoop.ozone.client.io.KeyOutputStream.handleFlushOrClose(KeyOutputStream.java:448)
	at org.apache.hadoop.ozone.client.io.KeyOutputStream.handleWrite(KeyOutputStream.java:235)
	at org.apache.hadoop.ozone.client.io.KeyOutputStream.write(KeyOutputStream.java:193)
	at org.apache.hadoop.ozone.client.io.OzoneOutputStream.write(OzoneOutputStream.java:49)
	at java.io.OutputStream.write(OutputStream.java:75)
	at org.apache.hadoop.ozone.client.rpc.TestBlockOutputStreamWithFailures.testDatanodeFailureWithSingleNodeRatis(TestBlockOutputStreamWithFailures.java:1017)
	at sun.reflect.NativeMethodAccessorImpl.invoke0(Native Method)
	at sun.reflect.NativeMethodAccessorImpl.invoke(NativeMethodAccessorImpl.java:62)
	at sun.reflect.DelegatingMethodAccessorImpl.invoke(DelegatingMethodAccessorImpl.java:43)
	at java.lang.reflect.Method.invoke(Method.java:498)
	at org.junit.runners.model.FrameworkMethod$1.runReflectiveCall(FrameworkMethod.java:47)
	at org.junit.internal.runners.model.ReflectiveCallable.run(ReflectiveCallable.java:12)
	at org.junit.runners.model.FrameworkMethod.invokeExplosively(FrameworkMethod.java:44)
	at org.junit.internal.runners.statements.InvokeMethod.evaluate(InvokeMethod.java:17)
	at org.junit.internal.runners.statements.RunBefores.evaluate(RunBefores.java:26)
	at org.junit.internal.runners.statements.RunAfters.evaluate(RunAfters.java:27)
	at org.junit.runners.ParentRunner.runLeaf(ParentRunner.java:271)
	at org.junit.runners.BlockJUnit4ClassRunner.runChild(BlockJUnit4ClassRunner.java:70)
	at org.junit.runners.BlockJUnit4ClassRunner.runChild(BlockJUnit4ClassRunner.java:50)
	at org.junit.runners.ParentRunner$3.run(ParentRunner.java:238)
	at org.junit.runners.ParentRunner$1.schedule(ParentRunner.java:63)
	at org.junit.runners.ParentRunner.runChildren(ParentRunner.java:236)
	at org.junit.runners.ParentRunner.access$000(ParentRunner.java:53)
	at org.junit.runners.ParentRunner$2.evaluate(ParentRunner.java:229)
	at org.junit.runners.ParentRunner.run(ParentRunner.java:309)
	at org.apache.maven.surefire.junit4.JUnit4Provider.execute(JUnit4Provider.java:365)
	at org.apache.maven.surefire.junit4.JUnit4Provider.executeWithRerun(JUnit4Provider.java:273)
	at org.apache.maven.surefire.junit4.JUnit4Provider.executeTestSet(JUnit4Provider.java:238)
	at org.apache.maven.surefire.junit4.JUnit4Provider.invoke(JUnit4Provider.java:159)
	at org.apache.maven.surefire.booter.ForkedBooter.invokeProviderInSameClassLoader(ForkedBooter.java:384)
	at org.apache.maven.surefire.booter.ForkedBooter.runSuitesInProcess(ForkedBooter.java:345)
	at org.apache.maven.surefire.booter.ForkedBooter.execute(ForkedBooter.java:126)
	at org.apache.maven.surefire.booter.ForkedBooter.main(ForkedBooter.java:418)

Jul 14, 2019 8:36:44 AM org.apache.ratis.thirdparty.io.grpc.internal.ManagedChannelOrphanWrapper$ManagedChannelReference cleanQueue
SEVERE: *~*~*~ Channel ManagedChannelImpl{logId=2695, target=192.168.5.191:41193} was not shutdown properly!!! ~*~*~*
    Make sure to call shutdown()/shutdownNow() and wait until awaitTermination() returns true.
java.lang.RuntimeException: ManagedChannel allocation site
	at org.apache.ratis.thirdparty.io.grpc.internal.ManagedChannelOrphanWrapper$ManagedChannelReference.<init>(ManagedChannelOrphanWrapper.java:103)
	at org.apache.ratis.thirdparty.io.grpc.internal.ManagedChannelOrphanWrapper.<init>(ManagedChannelOrphanWrapper.java:53)
	at org.apache.ratis.thirdparty.io.grpc.internal.ManagedChannelOrphanWrapper.<init>(ManagedChannelOrphanWrapper.java:44)
	at org.apache.ratis.thirdparty.io.grpc.internal.AbstractManagedChannelImplBuilder.build(AbstractManagedChannelImplBuilder.java:411)
	at org.apache.hadoop.hdds.scm.XceiverClientGrpc.connectToDatanode(XceiverClientGrpc.java:172)
	at org.apache.hadoop.hdds.scm.XceiverClientGrpc.reconnect(XceiverClientGrpc.java:417)
	at org.apache.hadoop.hdds.scm.XceiverClientGrpc.sendCommandAsync(XceiverClientGrpc.java:366)
	at org.apache.hadoop.hdds.scm.XceiverClientGrpc.sendCommandWithRetry(XceiverClientGrpc.java:279)
	at org.apache.hadoop.hdds.scm.XceiverClientGrpc.sendCommandWithTraceIDAndRetry(XceiverClientGrpc.java:248)
	at org.apache.hadoop.hdds.scm.XceiverClientGrpc.sendCommand(XceiverClientGrpc.java:231)
	at org.apache.hadoop.hdds.scm.storage.ContainerProtocolCalls.getBlock(ContainerProtocolCalls.java:118)
	at org.apache.hadoop.hdds.scm.storage.BlockInputStream.getChunkInfos(BlockInputStream.java:167)
	at org.apache.hadoop.hdds.scm.storage.BlockInputStream.initialize(BlockInputStream.java:118)
	at org.apache.hadoop.hdds.scm.storage.BlockInputStream.read(BlockInputStream.java:222)
	at org.apache.hadoop.ozone.client.io.KeyInputStream.read(KeyInputStream.java:171)
	at org.apache.hadoop.ozone.client.io.OzoneInputStream.read(OzoneInputStream.java:47)
	at java.io.InputStream.read(InputStream.java:101)
	at org.apache.hadoop.ozone.container.ContainerTestHelper.validateData(ContainerTestHelper.java:709)
	at org.apache.hadoop.ozone.client.rpc.TestBlockOutputStreamWithFailures.validateData(TestBlockOutputStreamWithFailures.java:1212)
	at org.apache.hadoop.ozone.client.rpc.TestBlockOutputStreamWithFailures.testDatanodeFailureWithSingleNodeRatis(TestBlockOutputStreamWithFailures.java:1054)
	at sun.reflect.NativeMethodAccessorImpl.invoke0(Native Method)
	at sun.reflect.NativeMethodAccessorImpl.invoke(NativeMethodAccessorImpl.java:62)
	at sun.reflect.DelegatingMethodAccessorImpl.invoke(DelegatingMethodAccessorImpl.java:43)
	at java.lang.reflect.Method.invoke(Method.java:498)
	at org.junit.runners.model.FrameworkMethod$1.runReflectiveCall(FrameworkMethod.java:47)
	at org.junit.internal.runners.model.ReflectiveCallable.run(ReflectiveCallable.java:12)
	at org.junit.runners.model.FrameworkMethod.invokeExplosively(FrameworkMethod.java:44)
	at org.junit.internal.runners.statements.InvokeMethod.evaluate(InvokeMethod.java:17)
	at org.junit.internal.runners.statements.RunBefores.evaluate(RunBefores.java:26)
	at org.junit.internal.runners.statements.RunAfters.evaluate(RunAfters.java:27)
	at org.junit.runners.ParentRunner.runLeaf(ParentRunner.java:271)
	at org.junit.runners.BlockJUnit4ClassRunner.runChild(BlockJUnit4ClassRunner.java:70)
	at org.junit.runners.BlockJUnit4ClassRunner.runChild(BlockJUnit4ClassRunner.java:50)
	at org.junit.runners.ParentRunner$3.run(ParentRunner.java:238)
	at org.junit.runners.ParentRunner$1.schedule(ParentRunner.java:63)
	at org.junit.runners.ParentRunner.runChildren(ParentRunner.java:236)
	at org.junit.runners.ParentRunner.access$000(ParentRunner.java:53)
	at org.junit.runners.ParentRunner$2.evaluate(ParentRunner.java:229)
	at org.junit.runners.ParentRunner.run(ParentRunner.java:309)
	at org.apache.maven.surefire.junit4.JUnit4Provider.execute(JUnit4Provider.java:365)
	at org.apache.maven.surefire.junit4.JUnit4Provider.executeWithRerun(JUnit4Provider.java:273)
	at org.apache.maven.surefire.junit4.JUnit4Provider.executeTestSet(JUnit4Provider.java:238)
	at org.apache.maven.surefire.junit4.JUnit4Provider.invoke(JUnit4Provider.java:159)
	at org.apache.maven.surefire.booter.ForkedBooter.invokeProviderInSameClassLoader(ForkedBooter.java:384)
	at org.apache.maven.surefire.booter.ForkedBooter.runSuitesInProcess(ForkedBooter.java:345)
	at org.apache.maven.surefire.booter.ForkedBooter.execute(ForkedBooter.java:126)
	at org.apache.maven.surefire.booter.ForkedBooter.main(ForkedBooter.java:418)

]]></system-err>
  </testcase>
  <testcase name="testWatchForCommitDatanodeFailure" classname="org.apache.hadoop.ozone.client.rpc.TestBlockOutputStreamWithFailures" time="47.642">
    <failure message="expected:&lt;2&gt; but was:&lt;3&gt;" type="java.lang.AssertionError"><![CDATA[java.lang.AssertionError: expected:<2> but was:<3>
	at org.junit.Assert.fail(Assert.java:88)
	at org.junit.Assert.failNotEquals(Assert.java:743)
	at org.junit.Assert.assertEquals(Assert.java:118)
	at org.junit.Assert.assertEquals(Assert.java:555)
	at org.junit.Assert.assertEquals(Assert.java:542)
	at org.apache.hadoop.ozone.client.rpc.TestBlockOutputStreamWithFailures.testWatchForCommitDatanodeFailure(TestBlockOutputStreamWithFailures.java:366)
	at sun.reflect.NativeMethodAccessorImpl.invoke0(Native Method)
	at sun.reflect.NativeMethodAccessorImpl.invoke(NativeMethodAccessorImpl.java:62)
	at sun.reflect.DelegatingMethodAccessorImpl.invoke(DelegatingMethodAccessorImpl.java:43)
	at java.lang.reflect.Method.invoke(Method.java:498)
	at org.junit.runners.model.FrameworkMethod$1.runReflectiveCall(FrameworkMethod.java:47)
	at org.junit.internal.runners.model.ReflectiveCallable.run(ReflectiveCallable.java:12)
	at org.junit.runners.model.FrameworkMethod.invokeExplosively(FrameworkMethod.java:44)
	at org.junit.internal.runners.statements.InvokeMethod.evaluate(InvokeMethod.java:17)
	at org.junit.internal.runners.statements.RunBefores.evaluate(RunBefores.java:26)
	at org.junit.internal.runners.statements.RunAfters.evaluate(RunAfters.java:27)
	at org.junit.runners.ParentRunner.runLeaf(ParentRunner.java:271)
	at org.junit.runners.BlockJUnit4ClassRunner.runChild(BlockJUnit4ClassRunner.java:70)
	at org.junit.runners.BlockJUnit4ClassRunner.runChild(BlockJUnit4ClassRunner.java:50)
	at org.junit.runners.ParentRunner$3.run(ParentRunner.java:238)
	at org.junit.runners.ParentRunner$1.schedule(ParentRunner.java:63)
	at org.junit.runners.ParentRunner.runChildren(ParentRunner.java:236)
	at org.junit.runners.ParentRunner.access$000(ParentRunner.java:53)
	at org.junit.runners.ParentRunner$2.evaluate(ParentRunner.java:229)
	at org.junit.runners.ParentRunner.run(ParentRunner.java:309)
	at org.apache.maven.surefire.junit4.JUnit4Provider.execute(JUnit4Provider.java:365)
	at org.apache.maven.surefire.junit4.JUnit4Provider.executeWithRerun(JUnit4Provider.java:273)
	at org.apache.maven.surefire.junit4.JUnit4Provider.executeTestSet(JUnit4Provider.java:238)
	at org.apache.maven.surefire.junit4.JUnit4Provider.invoke(JUnit4Provider.java:159)
	at org.apache.maven.surefire.booter.ForkedBooter.invokeProviderInSameClassLoader(ForkedBooter.java:384)
	at org.apache.maven.surefire.booter.ForkedBooter.runSuitesInProcess(ForkedBooter.java:345)
	at org.apache.maven.surefire.booter.ForkedBooter.execute(ForkedBooter.java:126)
	at org.apache.maven.surefire.booter.ForkedBooter.main(ForkedBooter.java:418)
]]></failure>
    <system-out><![CDATA[2019-07-14 08:37:12,667 WARN  server.ServerUtils (ServerUtils.java:getScmDbDir(145)) - ozone.scm.db.dirs is not configured. We recommend adding this setting. Falling back to ozone.metadata.dirs instead.
2019-07-14 08:37:12,674 WARN  server.ServerUtils (ServerUtils.java:getScmDbDir(145)) - ozone.scm.db.dirs is not configured. We recommend adding this setting. Falling back to ozone.metadata.dirs instead.
2019-07-14 08:37:12,675 WARN  server.ServerUtils (ServerUtils.java:getScmDbDir(145)) - ozone.scm.db.dirs is not configured. We recommend adding this setting. Falling back to ozone.metadata.dirs instead.
2019-07-14 08:37:12,675 INFO  db.DBStoreBuilder (DBStoreBuilder.java:addTable(110)) - using custom profile for table: deletedBlocks
2019-07-14 08:37:12,675 INFO  db.DBStoreBuilder (DBStoreBuilder.java:processTables(161)) - Using default column profile:DBProfile.DISK for Table:deletedBlocks
2019-07-14 08:37:12,676 INFO  db.DBStoreBuilder (DBStoreBuilder.java:addTable(110)) - using custom profile for table: validCerts
2019-07-14 08:37:12,676 INFO  db.DBStoreBuilder (DBStoreBuilder.java:processTables(161)) - Using default column profile:DBProfile.DISK for Table:validCerts
2019-07-14 08:37:12,676 INFO  db.DBStoreBuilder (DBStoreBuilder.java:addTable(110)) - using custom profile for table: revokedCerts
2019-07-14 08:37:12,676 INFO  db.DBStoreBuilder (DBStoreBuilder.java:processTables(161)) - Using default column profile:DBProfile.DISK for Table:revokedCerts
2019-07-14 08:37:12,676 INFO  db.DBStoreBuilder (DBStoreBuilder.java:addTable(110)) - using custom profile for table: default
2019-07-14 08:37:12,677 INFO  db.DBStoreBuilder (DBStoreBuilder.java:processTables(167)) - Using default column profile:DBProfile.DISK for Table:default
2019-07-14 08:37:12,677 INFO  db.DBStoreBuilder (DBStoreBuilder.java:getDbProfile(198)) - Using default options. DBProfile.DISK
2019-07-14 08:37:12,750 INFO  net.NodeSchemaLoader (NodeSchemaLoader.java:loadSchemaFromFile(125)) - Loading file from sun.misc.CompoundEnumeration@a3f1f32
2019-07-14 08:37:12,750 INFO  net.NodeSchemaLoader (NodeSchemaLoader.java:loadSchema(171)) - Loading network topology layer schema file
2019-07-14 08:37:12,755 INFO  node.SCMNodeManager (SCMNodeManager.java:<init>(119)) - Entering startup safe mode.
2019-07-14 08:37:12,756 WARN  server.ServerUtils (ServerUtils.java:getScmDbDir(145)) - ozone.scm.db.dirs is not configured. We recommend adding this setting. Falling back to ozone.metadata.dirs instead.
2019-07-14 08:37:12,779 INFO  pipeline.SCMPipelineManager (SCMPipelineManager.java:initializePipelineState(126)) - No pipeline exists in current db
2019-07-14 08:37:12,779 WARN  server.ServerUtils (ServerUtils.java:getScmDbDir(145)) - ozone.scm.db.dirs is not configured. We recommend adding this setting. Falling back to ozone.metadata.dirs instead.
2019-07-14 08:37:12,807 WARN  events.EventQueue (EventQueue.java:fireEvent(175)) - No event handler registered for event TypedEvent{payloadType=SafeModeStatus, name='SafeModeStatus'}
2019-07-14 08:37:12,808 INFO  ipc.CallQueueManager (CallQueueManager.java:<init>(84)) - Using callQueue: class java.util.concurrent.LinkedBlockingQueue, queueCapacity: 2000, scheduler: class org.apache.hadoop.ipc.DefaultRpcScheduler, ipcBackoff: false.
2019-07-14 08:37:12,809 INFO  ipc.Server (Server.java:run(1074)) - Starting Socket Reader #1 for port 44914
2019-07-14 08:37:12,811 INFO  ipc.CallQueueManager (CallQueueManager.java:<init>(84)) - Using callQueue: class java.util.concurrent.LinkedBlockingQueue, queueCapacity: 2000, scheduler: class org.apache.hadoop.ipc.DefaultRpcScheduler, ipcBackoff: false.
2019-07-14 08:37:12,812 INFO  ipc.Server (Server.java:run(1074)) - Starting Socket Reader #1 for port 45912
2019-07-14 08:37:12,813 INFO  ipc.CallQueueManager (CallQueueManager.java:<init>(84)) - Using callQueue: class java.util.concurrent.LinkedBlockingQueue, queueCapacity: 2000, scheduler: class org.apache.hadoop.ipc.DefaultRpcScheduler, ipcBackoff: false.
2019-07-14 08:37:12,814 INFO  ipc.Server (Server.java:run(1074)) - Starting Socket Reader #1 for port 33390
2019-07-14 08:37:12,817 INFO  hdfs.DFSUtil (DFSUtil.java:httpServerTemplateForNNAndJN(1641)) - Starting Web-server for scm at: http://0.0.0.0:0
2019-07-14 08:37:12,819 INFO  server.AuthenticationFilter (AuthenticationFilter.java:constructSecretProvider(240)) - Unable to initialize FileSignerSecretProvider, falling back to use random secrets.
2019-07-14 08:37:12,820 WARN  http.HttpRequestLog (HttpRequestLog.java:getRequestLog(97)) - Jetty request log can only be enabled using Log4j
2019-07-14 08:37:12,822 INFO  http.HttpServer2 (HttpServer2.java:addGlobalFilter(975)) - Added global filter 'safety' (class=org.apache.hadoop.http.HttpServer2$QuotingInputFilter)
2019-07-14 08:37:12,823 INFO  http.HttpServer2 (HttpServer2.java:addFilter(948)) - Added filter static_user_filter (class=org.apache.hadoop.http.lib.StaticUserWebFilter$StaticUserFilter) to context scm
2019-07-14 08:37:12,823 INFO  http.HttpServer2 (HttpServer2.java:addFilter(958)) - Added filter static_user_filter (class=org.apache.hadoop.http.lib.StaticUserWebFilter$StaticUserFilter) to context logs
2019-07-14 08:37:12,823 INFO  http.HttpServer2 (HttpServer2.java:addFilter(958)) - Added filter static_user_filter (class=org.apache.hadoop.http.lib.StaticUserWebFilter$StaticUserFilter) to context static
2019-07-14 08:37:12,825 INFO  server.StorageContainerManager (StorageContainerManager.java:start(759)) - StorageContainerLocationProtocol RPC server is listening at /0.0.0.0:33390
2019-07-14 08:37:12,828 WARN  impl.MetricsConfig (MetricsConfig.java:loadFirst(134)) - Cannot locate configuration: tried hadoop-metrics2-storagecontainermanager.properties,hadoop-metrics2.properties
2019-07-14 08:37:12,829 INFO  impl.MetricsSystemImpl (MetricsSystemImpl.java:startTimer(374)) - Scheduled Metric snapshot period at 10 second(s).
2019-07-14 08:37:12,829 INFO  impl.MetricsSystemImpl (MetricsSystemImpl.java:start(191)) - StorageContainerManager metrics system started
2019-07-14 08:37:12,876 INFO  server.SCMClientProtocolServer (SCMClientProtocolServer.java:start(149)) - RPC server for Client  is listening at /0.0.0.0:33390
2019-07-14 08:37:12,876 INFO  ipc.Server (Server.java:run(1314)) - IPC Server Responder: starting
2019-07-14 08:37:12,876 INFO  ipc.Server (Server.java:run(1153)) - IPC Server listener on 33390: starting
2019-07-14 08:37:12,880 INFO  server.StorageContainerManager (StorageContainerManager.java:start(768)) - ScmBlockLocationProtocol RPC server is listening at /0.0.0.0:45912
2019-07-14 08:37:12,880 INFO  server.SCMBlockProtocolServer (SCMBlockProtocolServer.java:start(140)) - RPC server for Block Protocol is listening at /0.0.0.0:45912
2019-07-14 08:37:12,881 INFO  ipc.Server (Server.java:run(1314)) - IPC Server Responder: starting
2019-07-14 08:37:12,881 INFO  ipc.Server (Server.java:run(1153)) - IPC Server listener on 45912: starting
2019-07-14 08:37:12,885 INFO  server.StorageContainerManager (StorageContainerManager.java:start(772)) - ScmDatanodeProtocl RPC server is listening at /0.0.0.0:44914
2019-07-14 08:37:12,885 INFO  server.SCMDatanodeProtocolServer (SCMDatanodeProtocolServer.java:start(191)) - RPC server for DataNodes is listening at /0.0.0.0:44914
2019-07-14 08:37:12,886 INFO  ipc.Server (Server.java:run(1314)) - IPC Server Responder: starting
2019-07-14 08:37:12,886 INFO  ipc.Server (Server.java:run(1153)) - IPC Server listener on 44914: starting
2019-07-14 08:37:12,890 INFO  http.HttpServer2 (HttpServer2.java:bindListener(1191)) - Jetty bound to port 46689
2019-07-14 08:37:12,890 INFO  server.Server (Server.java:doStart(351)) - jetty-9.3.24.v20180605, build timestamp: 2018-06-05T17:11:56Z, git hash: 84205aa28f11a4f31f2a3b86d1bba2cc8ab69827
2019-07-14 08:37:12,892 INFO  handler.ContextHandler (ContextHandler.java:doStart(781)) - Started o.e.j.s.ServletContextHandler@4f466207{/logs,file:///workdir/hadoop-ozone/integration-test/target/log,AVAILABLE}
2019-07-14 08:37:12,892 INFO  handler.ContextHandler (ContextHandler.java:doStart(781)) - Started o.e.j.s.ServletContextHandler@7aa62a90{/static,file:///workdir/hadoop-ozone/integration-test/target/test-classes/webapps/static,AVAILABLE}
2019-07-14 08:37:12,897 INFO  handler.ContextHandler (ContextHandler.java:doStart(781)) - Started o.e.j.w.WebAppContext@1e834a5b{/,file:///workdir/hadoop-ozone/integration-test/target/test-classes/webapps/scm/,AVAILABLE}{/scm}
2019-07-14 08:37:12,897 INFO  server.AbstractConnector (AbstractConnector.java:doStart(278)) - Started ServerConnector@7fda84cf{HTTP/1.1,[http/1.1]}{0.0.0.0:46689}
2019-07-14 08:37:12,898 INFO  server.Server (Server.java:doStart(419)) - Started @591123ms
2019-07-14 08:37:12,899 INFO  server.BaseHttpServer (BaseHttpServer.java:updateConnectorAddress(207)) - HTTP server of SCM is listening at http://0.0.0.0:46689
2019-07-14 08:37:12,899 WARN  server.ServerUtils (ServerUtils.java:getDBPath(222)) - ozone.om.db.dirs is not configured. We recommend adding this setting. Falling back to ozone.metadata.dirs instead.
2019-07-14 08:37:12,900 INFO  util.JvmPauseMonitor (JvmPauseMonitor.java:run(188)) - Starting JVM pause monitor
2019-07-14 08:37:12,905 WARN  server.ServerUtils (ServerUtils.java:getDBPath(222)) - ozone.om.db.dirs is not configured. We recommend adding this setting. Falling back to ozone.metadata.dirs instead.
2019-07-14 08:37:12,905 INFO  om.OzoneManager (OzoneManager.java:setOMNodeDetails(630)) - OM Service ID is not set. Setting it to the default ID: omServiceIdDefault
2019-07-14 08:37:12,905 INFO  om.OzoneManager (OzoneManager.java:setOMNodeDetails(636)) - OM Node ID is not set. Setting it to the OmStorage's OmID: 22629403-f9fd-472c-9a68-87afd5720107
2019-07-14 08:37:12,905 INFO  om.OzoneManager (OzoneManager.java:loadOMHAConfigs(587)) - Found matching OM address with OMServiceId: null, OMNodeId: null, RPC Address: localhost:0 and Ratis port: 9872
2019-07-14 08:37:12,912 WARN  server.ServerUtils (ServerUtils.java:getDBPath(222)) - ozone.om.db.dirs is not configured. We recommend adding this setting. Falling back to ozone.metadata.dirs instead.
2019-07-14 08:37:12,912 INFO  db.DBStoreBuilder (DBStoreBuilder.java:addTable(110)) - using custom profile for table: userTable
2019-07-14 08:37:12,912 INFO  db.DBStoreBuilder (DBStoreBuilder.java:processTables(161)) - Using default column profile:DBProfile.DISK for Table:userTable
2019-07-14 08:37:12,912 INFO  db.DBStoreBuilder (DBStoreBuilder.java:addTable(110)) - using custom profile for table: volumeTable
2019-07-14 08:37:12,912 INFO  db.DBStoreBuilder (DBStoreBuilder.java:processTables(161)) - Using default column profile:DBProfile.DISK for Table:volumeTable
2019-07-14 08:37:12,913 INFO  db.DBStoreBuilder (DBStoreBuilder.java:addTable(110)) - using custom profile for table: bucketTable
2019-07-14 08:37:12,913 INFO  db.DBStoreBuilder (DBStoreBuilder.java:processTables(161)) - Using default column profile:DBProfile.DISK for Table:bucketTable
2019-07-14 08:37:12,913 INFO  db.DBStoreBuilder (DBStoreBuilder.java:addTable(110)) - using custom profile for table: keyTable
2019-07-14 08:37:12,913 INFO  db.DBStoreBuilder (DBStoreBuilder.java:processTables(161)) - Using default column profile:DBProfile.DISK for Table:keyTable
2019-07-14 08:37:12,913 INFO  db.DBStoreBuilder (DBStoreBuilder.java:addTable(110)) - using custom profile for table: deletedTable
2019-07-14 08:37:12,914 INFO  db.DBStoreBuilder (DBStoreBuilder.java:processTables(161)) - Using default column profile:DBProfile.DISK for Table:deletedTable
2019-07-14 08:37:12,914 INFO  db.DBStoreBuilder (DBStoreBuilder.java:addTable(110)) - using custom profile for table: openKeyTable
2019-07-14 08:37:12,914 INFO  db.DBStoreBuilder (DBStoreBuilder.java:processTables(161)) - Using default column profile:DBProfile.DISK for Table:openKeyTable
2019-07-14 08:37:12,914 INFO  db.DBStoreBuilder (DBStoreBuilder.java:addTable(110)) - using custom profile for table: s3Table
2019-07-14 08:37:12,914 INFO  db.DBStoreBuilder (DBStoreBuilder.java:processTables(161)) - Using default column profile:DBProfile.DISK for Table:s3Table
2019-07-14 08:37:12,914 INFO  db.DBStoreBuilder (DBStoreBuilder.java:addTable(110)) - using custom profile for table: multipartInfoTable
2019-07-14 08:37:12,915 INFO  db.DBStoreBuilder (DBStoreBuilder.java:processTables(161)) - Using default column profile:DBProfile.DISK for Table:multipartInfoTable
2019-07-14 08:37:12,915 INFO  db.DBStoreBuilder (DBStoreBuilder.java:addTable(110)) - using custom profile for table: dTokenTable
2019-07-14 08:37:12,915 INFO  db.DBStoreBuilder (DBStoreBuilder.java:processTables(161)) - Using default column profile:DBProfile.DISK for Table:dTokenTable
2019-07-14 08:37:12,915 INFO  db.DBStoreBuilder (DBStoreBuilder.java:addTable(110)) - using custom profile for table: s3SecretTable
2019-07-14 08:37:12,915 INFO  db.DBStoreBuilder (DBStoreBuilder.java:processTables(161)) - Using default column profile:DBProfile.DISK for Table:s3SecretTable
2019-07-14 08:37:12,915 INFO  db.DBStoreBuilder (DBStoreBuilder.java:addTable(110)) - using custom profile for table: prefixTable
2019-07-14 08:37:12,916 INFO  db.DBStoreBuilder (DBStoreBuilder.java:processTables(161)) - Using default column profile:DBProfile.DISK for Table:prefixTable
2019-07-14 08:37:12,916 INFO  db.DBStoreBuilder (DBStoreBuilder.java:addTable(110)) - using custom profile for table: default
2019-07-14 08:37:12,916 INFO  db.DBStoreBuilder (DBStoreBuilder.java:processTables(167)) - Using default column profile:DBProfile.DISK for Table:default
2019-07-14 08:37:12,916 INFO  db.DBStoreBuilder (DBStoreBuilder.java:getDbProfile(198)) - Using default options. DBProfile.DISK
2019-07-14 08:37:13,277 INFO  ipc.CallQueueManager (CallQueueManager.java:<init>(84)) - Using callQueue: class java.util.concurrent.LinkedBlockingQueue, queueCapacity: 2000, scheduler: class org.apache.hadoop.ipc.DefaultRpcScheduler, ipcBackoff: false.
2019-07-14 08:37:13,278 INFO  ipc.Server (Server.java:run(1074)) - Starting Socket Reader #1 for port 41837
2019-07-14 08:37:13,290 WARN  server.ServerUtils (ServerUtils.java:getDBPath(222)) - ozone.om.db.dirs is not configured. We recommend adding this setting. Falling back to ozone.metadata.dirs instead.
2019-07-14 08:37:13,290 INFO  om.OzoneManager (OzoneManager.java:start(1228)) - OzoneManager RPC server is listening at localhost/127.0.0.1:41837
2019-07-14 08:37:13,290 INFO  impl.MetricsSystemImpl (MetricsSystemImpl.java:init(158)) - OzoneManager metrics system started (again)
2019-07-14 08:37:13,291 INFO  ipc.Server (Server.java:run(1314)) - IPC Server Responder: starting
2019-07-14 08:37:13,291 INFO  ipc.Server (Server.java:run(1153)) - IPC Server listener on 41837: starting
2019-07-14 08:37:13,297 INFO  hdfs.DFSUtil (DFSUtil.java:httpServerTemplateForNNAndJN(1641)) - Starting Web-server for ozoneManager at: http://0.0.0.0:0
2019-07-14 08:37:13,299 INFO  server.AuthenticationFilter (AuthenticationFilter.java:constructSecretProvider(240)) - Unable to initialize FileSignerSecretProvider, falling back to use random secrets.
2019-07-14 08:37:13,299 WARN  http.HttpRequestLog (HttpRequestLog.java:getRequestLog(97)) - Jetty request log can only be enabled using Log4j
2019-07-14 08:37:13,301 INFO  http.HttpServer2 (HttpServer2.java:addGlobalFilter(975)) - Added global filter 'safety' (class=org.apache.hadoop.http.HttpServer2$QuotingInputFilter)
2019-07-14 08:37:13,302 INFO  http.HttpServer2 (HttpServer2.java:addFilter(948)) - Added filter static_user_filter (class=org.apache.hadoop.http.lib.StaticUserWebFilter$StaticUserFilter) to context ozoneManager
2019-07-14 08:37:13,302 INFO  http.HttpServer2 (HttpServer2.java:addFilter(958)) - Added filter static_user_filter (class=org.apache.hadoop.http.lib.StaticUserWebFilter$StaticUserFilter) to context static
2019-07-14 08:37:13,303 INFO  http.HttpServer2 (HttpServer2.java:addFilter(958)) - Added filter static_user_filter (class=org.apache.hadoop.http.lib.StaticUserWebFilter$StaticUserFilter) to context logs
2019-07-14 08:37:13,303 INFO  http.HttpServer2 (HttpServer2.java:bindListener(1191)) - Jetty bound to port 35841
2019-07-14 08:37:13,304 INFO  server.Server (Server.java:doStart(351)) - jetty-9.3.24.v20180605, build timestamp: 2018-06-05T17:11:56Z, git hash: 84205aa28f11a4f31f2a3b86d1bba2cc8ab69827
2019-07-14 08:37:13,306 INFO  handler.ContextHandler (ContextHandler.java:doStart(781)) - Started o.e.j.s.ServletContextHandler@760ac834{/logs,file:///workdir/hadoop-ozone/integration-test/target/log,AVAILABLE}
2019-07-14 08:37:13,306 INFO  handler.ContextHandler (ContextHandler.java:doStart(781)) - Started o.e.j.s.ServletContextHandler@5a1a5521{/static,file:///workdir/hadoop-ozone/integration-test/target/test-classes/webapps/static,AVAILABLE}
2019-07-14 08:37:13,312 INFO  handler.ContextHandler (ContextHandler.java:doStart(781)) - Started o.e.j.w.WebAppContext@500beb9f{/,file:///workdir/hadoop-ozone/integration-test/target/test-classes/webapps/ozoneManager/,AVAILABLE}{/ozoneManager}
2019-07-14 08:37:13,312 INFO  server.AbstractConnector (AbstractConnector.java:doStart(278)) - Started ServerConnector@67e37d25{HTTP/1.1,[http/1.1]}{0.0.0.0:35841}
2019-07-14 08:37:13,313 INFO  server.Server (Server.java:doStart(419)) - Started @591538ms
2019-07-14 08:37:13,314 INFO  server.BaseHttpServer (BaseHttpServer.java:updateConnectorAddress(207)) - HTTP server of OZONEMANAGER is listening at http://0.0.0.0:35841
2019-07-14 08:37:13,331 INFO  impl.MetricsSystemImpl (MetricsSystemImpl.java:init(158)) - HddsDatanode metrics system started (again)
2019-07-14 08:37:13,332 INFO  ozone.HddsDatanodeService (HddsDatanodeService.java:start(185)) - HddsDatanodeService host:trunk-nightly-5z2vd-27108033 ip:192.168.5.191
2019-07-14 08:37:13,343 INFO  volume.HddsVolume (HddsVolume.java:<init>(176)) - Creating Volume: /workdir/hadoop-ozone/integration-test/target/test-dir/MiniOzoneClusterImpl-f39735a2-5420-4441-a07d-002a9dc39afb/datanode-0/data/containers/hdds of  storage type : DISK and capacity : 52710309888
2019-07-14 08:37:13,343 INFO  volume.VolumeSet (VolumeSet.java:initializeVolumeSet(170)) - Added Volume : /workdir/hadoop-ozone/integration-test/target/test-dir/MiniOzoneClusterImpl-f39735a2-5420-4441-a07d-002a9dc39afb/datanode-0/data/containers/hdds to VolumeSet
2019-07-14 08:37:13,344 INFO  volume.ThrottledAsyncChecker (ThrottledAsyncChecker.java:schedule(140)) - Scheduling a check for org.apache.hadoop.ozone.container.common.volume.HddsVolume@7896e96a
2019-07-14 08:37:13,344 INFO  volume.HddsVolumeChecker (HddsVolumeChecker.java:checkAllVolumes(203)) - Scheduled health check for volume org.apache.hadoop.ozone.container.common.volume.HddsVolume@7896e96a
2019-07-14 08:37:13,360 INFO  impl.RaftServerProxy (ConfUtils.java:logGet(43)) - raft.rpc.type = GRPC (default)
2019-07-14 08:37:13,361 INFO  grpc.GrpcFactory (GrpcFactory.java:checkPooledByteBufAllocatorUseCacheForAllThreads(45)) - PERFORMANCE WARNING: useCacheForAllThreads is true that may cause Netty to create a lot garbage objects and, as a result, trigger GC.
	It is recommended to disable useCacheForAllThreads by setting -Dorg.apache.ratis.thirdparty.io.netty.allocator.useCacheForAllThreads=false in command line.
2019-07-14 08:37:13,361 INFO  grpc.GrpcConfigKeys$Server (ConfUtils.java:logGet(43)) - raft.grpc.server.port = 0 (default)
2019-07-14 08:37:13,361 INFO  server.GrpcService (ConfUtils.java:logGet(43)) - raft.grpc.message.size.max = 33570816 (custom)
2019-07-14 08:37:13,361 INFO  server.RaftServerConfigKeys (ConfUtils.java:logGet(43)) - raft.server.log.appender.buffer.byte-limit = 33554432 (custom)
2019-07-14 08:37:13,361 INFO  server.GrpcService (ConfUtils.java:logGet(43)) - raft.grpc.flow.control.window = 1MB (=1048576) (default)
2019-07-14 08:37:13,362 INFO  server.RaftServerConfigKeys (ConfUtils.java:logGet(43)) - raft.server.rpc.request.timeout = 3000ms (default)
2019-07-14 08:37:13,362 INFO  server.RaftServerConfigKeys (ConfUtils.java:logGet(43)) - raft.server.storage.dir = [/workdir/hadoop-ozone/integration-test/target/test-dir/MiniOzoneClusterImpl-f39735a2-5420-4441-a07d-002a9dc39afb/datanode-0/data/ratis] (custom)
2019-07-14 08:37:13,363 INFO  replication.SimpleContainerDownloader (SimpleContainerDownloader.java:<init>(72)) - Starting container downloader service to copy containers to replicate.
2019-07-14 08:37:13,364 INFO  hdfs.DFSUtil (DFSUtil.java:httpServerTemplateForNNAndJN(1641)) - Starting Web-server for hddsDatanode at: http://0.0.0.0:0
2019-07-14 08:37:13,365 INFO  server.AuthenticationFilter (AuthenticationFilter.java:constructSecretProvider(240)) - Unable to initialize FileSignerSecretProvider, falling back to use random secrets.
2019-07-14 08:37:13,365 WARN  http.HttpRequestLog (HttpRequestLog.java:getRequestLog(97)) - Jetty request log can only be enabled using Log4j
2019-07-14 08:37:13,367 INFO  http.HttpServer2 (HttpServer2.java:addGlobalFilter(975)) - Added global filter 'safety' (class=org.apache.hadoop.http.HttpServer2$QuotingInputFilter)
2019-07-14 08:37:13,367 INFO  http.HttpServer2 (HttpServer2.java:addFilter(948)) - Added filter static_user_filter (class=org.apache.hadoop.http.lib.StaticUserWebFilter$StaticUserFilter) to context hddsDatanode
2019-07-14 08:37:13,367 INFO  http.HttpServer2 (HttpServer2.java:addFilter(958)) - Added filter static_user_filter (class=org.apache.hadoop.http.lib.StaticUserWebFilter$StaticUserFilter) to context static
2019-07-14 08:37:13,367 INFO  http.HttpServer2 (HttpServer2.java:addFilter(958)) - Added filter static_user_filter (class=org.apache.hadoop.http.lib.StaticUserWebFilter$StaticUserFilter) to context logs
2019-07-14 08:37:13,368 INFO  http.HttpServer2 (HttpServer2.java:bindListener(1191)) - Jetty bound to port 45782
2019-07-14 08:37:13,368 INFO  server.Server (Server.java:doStart(351)) - jetty-9.3.24.v20180605, build timestamp: 2018-06-05T17:11:56Z, git hash: 84205aa28f11a4f31f2a3b86d1bba2cc8ab69827
2019-07-14 08:37:13,370 INFO  handler.ContextHandler (ContextHandler.java:doStart(781)) - Started o.e.j.s.ServletContextHandler@292b7a02{/logs,file:///workdir/hadoop-ozone/integration-test/target/log,AVAILABLE}
2019-07-14 08:37:13,370 INFO  handler.ContextHandler (ContextHandler.java:doStart(781)) - Started o.e.j.s.ServletContextHandler@25dacc5a{/static,jar:file:/home/user/.m2/repository/org/apache/hadoop/hadoop-hdds-container-service/0.5.0-SNAPSHOT/hadoop-hdds-container-service-0.5.0-SNAPSHOT.jar!/webapps/static,AVAILABLE}
2019-07-14 08:37:13,410 INFO  handler.ContextHandler (ContextHandler.java:doStart(781)) - Started o.e.j.w.WebAppContext@64a00fe0{/,file:///tmp/jetty-0.0.0.0-45782-hddsDatanode-_-any-4028424608780518520.dir/webapp/,AVAILABLE}{/hddsDatanode}
2019-07-14 08:37:13,411 INFO  server.AbstractConnector (AbstractConnector.java:doStart(278)) - Started ServerConnector@347f0950{HTTP/1.1,[http/1.1]}{0.0.0.0:45782}
2019-07-14 08:37:13,412 INFO  server.Server (Server.java:doStart(419)) - Started @591637ms
2019-07-14 08:37:13,413 INFO  server.BaseHttpServer (BaseHttpServer.java:updateConnectorAddress(207)) - HTTP server of HDDSDATANODE is listening at http://0.0.0.0:45782
2019-07-14 08:37:13,531 INFO  ozone.HddsDatanodeService (HddsDatanodeService.java:startPlugins(396)) - Started plug-in org.apache.hadoop.ozone.web.OzoneHddsDatanodeService@216c6825
2019-07-14 08:37:13,532 INFO  impl.MetricsSystemImpl (MetricsSystemImpl.java:init(158)) - HddsDatanode metrics system started (again)
2019-07-14 08:37:13,533 INFO  ozone.HddsDatanodeService (HddsDatanodeService.java:start(185)) - HddsDatanodeService host:trunk-nightly-5z2vd-27108033 ip:192.168.5.191
2019-07-14 08:37:13,535 INFO  util.JvmPauseMonitor (JvmPauseMonitor.java:run(188)) - Starting JVM pause monitor
2019-07-14 08:37:13,536 INFO  datanode.InitDatanodeState (InitDatanodeState.java:persistContainerDatanodeDetails(140)) - DatanodeDetails is persisted to /workdir/hadoop-ozone/integration-test/target/test-dir/MiniOzoneClusterImpl-f39735a2-5420-4441-a07d-002a9dc39afb/datanode-0/meta/datanode.id
2019-07-14 08:37:13,545 INFO  volume.HddsVolume (HddsVolume.java:<init>(176)) - Creating Volume: /workdir/hadoop-ozone/integration-test/target/test-dir/MiniOzoneClusterImpl-f39735a2-5420-4441-a07d-002a9dc39afb/datanode-1/data/containers/hdds of  storage type : DISK and capacity : 52710309888
2019-07-14 08:37:13,545 INFO  volume.VolumeSet (VolumeSet.java:initializeVolumeSet(170)) - Added Volume : /workdir/hadoop-ozone/integration-test/target/test-dir/MiniOzoneClusterImpl-f39735a2-5420-4441-a07d-002a9dc39afb/datanode-1/data/containers/hdds to VolumeSet
2019-07-14 08:37:13,545 INFO  volume.ThrottledAsyncChecker (ThrottledAsyncChecker.java:schedule(140)) - Scheduling a check for org.apache.hadoop.ozone.container.common.volume.HddsVolume@145ce025
2019-07-14 08:37:13,546 INFO  volume.HddsVolumeChecker (HddsVolumeChecker.java:checkAllVolumes(203)) - Scheduled health check for volume org.apache.hadoop.ozone.container.common.volume.HddsVolume@145ce025
2019-07-14 08:37:13,558 INFO  impl.RaftServerProxy (ConfUtils.java:logGet(43)) - raft.rpc.type = GRPC (default)
2019-07-14 08:37:13,558 INFO  grpc.GrpcFactory (GrpcFactory.java:checkPooledByteBufAllocatorUseCacheForAllThreads(45)) - PERFORMANCE WARNING: useCacheForAllThreads is true that may cause Netty to create a lot garbage objects and, as a result, trigger GC.
	It is recommended to disable useCacheForAllThreads by setting -Dorg.apache.ratis.thirdparty.io.netty.allocator.useCacheForAllThreads=false in command line.
2019-07-14 08:37:13,558 INFO  grpc.GrpcConfigKeys$Server (ConfUtils.java:logGet(43)) - raft.grpc.server.port = 0 (default)
2019-07-14 08:37:13,559 INFO  server.GrpcService (ConfUtils.java:logGet(43)) - raft.grpc.message.size.max = 33570816 (custom)
2019-07-14 08:37:13,559 INFO  server.RaftServerConfigKeys (ConfUtils.java:logGet(43)) - raft.server.log.appender.buffer.byte-limit = 33554432 (custom)
2019-07-14 08:37:13,559 INFO  server.GrpcService (ConfUtils.java:logGet(43)) - raft.grpc.flow.control.window = 1MB (=1048576) (default)
2019-07-14 08:37:13,559 INFO  server.RaftServerConfigKeys (ConfUtils.java:logGet(43)) - raft.server.rpc.request.timeout = 3000ms (default)
2019-07-14 08:37:13,559 INFO  server.RaftServerConfigKeys (ConfUtils.java:logGet(43)) - raft.server.storage.dir = [/workdir/hadoop-ozone/integration-test/target/test-dir/MiniOzoneClusterImpl-f39735a2-5420-4441-a07d-002a9dc39afb/datanode-1/data/ratis] (custom)
2019-07-14 08:37:13,560 INFO  replication.SimpleContainerDownloader (SimpleContainerDownloader.java:<init>(72)) - Starting container downloader service to copy containers to replicate.
2019-07-14 08:37:13,561 INFO  hdfs.DFSUtil (DFSUtil.java:httpServerTemplateForNNAndJN(1641)) - Starting Web-server for hddsDatanode at: http://0.0.0.0:0
2019-07-14 08:37:13,562 INFO  server.AuthenticationFilter (AuthenticationFilter.java:constructSecretProvider(240)) - Unable to initialize FileSignerSecretProvider, falling back to use random secrets.
2019-07-14 08:37:13,562 WARN  http.HttpRequestLog (HttpRequestLog.java:getRequestLog(97)) - Jetty request log can only be enabled using Log4j
2019-07-14 08:37:13,563 INFO  http.HttpServer2 (HttpServer2.java:addGlobalFilter(975)) - Added global filter 'safety' (class=org.apache.hadoop.http.HttpServer2$QuotingInputFilter)
2019-07-14 08:37:13,564 INFO  http.HttpServer2 (HttpServer2.java:addFilter(948)) - Added filter static_user_filter (class=org.apache.hadoop.http.lib.StaticUserWebFilter$StaticUserFilter) to context hddsDatanode
2019-07-14 08:37:13,564 INFO  http.HttpServer2 (HttpServer2.java:addFilter(958)) - Added filter static_user_filter (class=org.apache.hadoop.http.lib.StaticUserWebFilter$StaticUserFilter) to context static
2019-07-14 08:37:13,564 INFO  http.HttpServer2 (HttpServer2.java:addFilter(958)) - Added filter static_user_filter (class=org.apache.hadoop.http.lib.StaticUserWebFilter$StaticUserFilter) to context logs
2019-07-14 08:37:13,564 INFO  http.HttpServer2 (HttpServer2.java:bindListener(1191)) - Jetty bound to port 45500
2019-07-14 08:37:13,565 INFO  server.Server (Server.java:doStart(351)) - jetty-9.3.24.v20180605, build timestamp: 2018-06-05T17:11:56Z, git hash: 84205aa28f11a4f31f2a3b86d1bba2cc8ab69827
2019-07-14 08:37:13,566 INFO  handler.ContextHandler (ContextHandler.java:doStart(781)) - Started o.e.j.s.ServletContextHandler@741687d4{/logs,file:///workdir/hadoop-ozone/integration-test/target/log,AVAILABLE}
2019-07-14 08:37:13,566 INFO  handler.ContextHandler (ContextHandler.java:doStart(781)) - Started o.e.j.s.ServletContextHandler@3958e148{/static,jar:file:/home/user/.m2/repository/org/apache/hadoop/hadoop-hdds-container-service/0.5.0-SNAPSHOT/hadoop-hdds-container-service-0.5.0-SNAPSHOT.jar!/webapps/static,AVAILABLE}
2019-07-14 08:37:13,593 INFO  handler.ContextHandler (ContextHandler.java:doStart(781)) - Started o.e.j.w.WebAppContext@7375ebe7{/,file:///tmp/jetty-0.0.0.0-45500-hddsDatanode-_-any-5572502735883132668.dir/webapp/,AVAILABLE}{/hddsDatanode}
2019-07-14 08:37:13,593 INFO  server.AbstractConnector (AbstractConnector.java:doStart(278)) - Started ServerConnector@16a7af5d{HTTP/1.1,[http/1.1]}{0.0.0.0:45500}
2019-07-14 08:37:13,593 INFO  server.Server (Server.java:doStart(419)) - Started @591818ms
2019-07-14 08:37:13,595 INFO  server.BaseHttpServer (BaseHttpServer.java:updateConnectorAddress(207)) - HTTP server of HDDSDATANODE is listening at http://0.0.0.0:45500
2019-07-14 08:37:13,720 INFO  ozone.HddsDatanodeService (HddsDatanodeService.java:startPlugins(396)) - Started plug-in org.apache.hadoop.ozone.web.OzoneHddsDatanodeService@78762e87
2019-07-14 08:37:13,720 INFO  impl.MetricsSystemImpl (MetricsSystemImpl.java:init(158)) - HddsDatanode metrics system started (again)
2019-07-14 08:37:13,722 INFO  ozone.HddsDatanodeService (HddsDatanodeService.java:start(185)) - HddsDatanodeService host:trunk-nightly-5z2vd-27108033 ip:192.168.5.191
2019-07-14 08:37:13,723 INFO  util.JvmPauseMonitor (JvmPauseMonitor.java:run(188)) - Starting JVM pause monitor
2019-07-14 08:37:13,725 INFO  datanode.InitDatanodeState (InitDatanodeState.java:persistContainerDatanodeDetails(140)) - DatanodeDetails is persisted to /workdir/hadoop-ozone/integration-test/target/test-dir/MiniOzoneClusterImpl-f39735a2-5420-4441-a07d-002a9dc39afb/datanode-1/meta/datanode.id
2019-07-14 08:37:13,731 INFO  volume.HddsVolume (HddsVolume.java:<init>(176)) - Creating Volume: /workdir/hadoop-ozone/integration-test/target/test-dir/MiniOzoneClusterImpl-f39735a2-5420-4441-a07d-002a9dc39afb/datanode-2/data/containers/hdds of  storage type : DISK and capacity : 52710309888
2019-07-14 08:37:13,732 INFO  volume.VolumeSet (VolumeSet.java:initializeVolumeSet(170)) - Added Volume : /workdir/hadoop-ozone/integration-test/target/test-dir/MiniOzoneClusterImpl-f39735a2-5420-4441-a07d-002a9dc39afb/datanode-2/data/containers/hdds to VolumeSet
2019-07-14 08:37:13,732 INFO  volume.ThrottledAsyncChecker (ThrottledAsyncChecker.java:schedule(140)) - Scheduling a check for org.apache.hadoop.ozone.container.common.volume.HddsVolume@7bf3bf2e
2019-07-14 08:37:13,733 INFO  volume.HddsVolumeChecker (HddsVolumeChecker.java:checkAllVolumes(203)) - Scheduled health check for volume org.apache.hadoop.ozone.container.common.volume.HddsVolume@7bf3bf2e
2019-07-14 08:37:13,747 INFO  impl.RaftServerProxy (ConfUtils.java:logGet(43)) - raft.rpc.type = GRPC (default)
2019-07-14 08:37:13,748 INFO  grpc.GrpcFactory (GrpcFactory.java:checkPooledByteBufAllocatorUseCacheForAllThreads(45)) - PERFORMANCE WARNING: useCacheForAllThreads is true that may cause Netty to create a lot garbage objects and, as a result, trigger GC.
	It is recommended to disable useCacheForAllThreads by setting -Dorg.apache.ratis.thirdparty.io.netty.allocator.useCacheForAllThreads=false in command line.
2019-07-14 08:37:13,748 INFO  grpc.GrpcConfigKeys$Server (ConfUtils.java:logGet(43)) - raft.grpc.server.port = 0 (default)
2019-07-14 08:37:13,748 INFO  server.GrpcService (ConfUtils.java:logGet(43)) - raft.grpc.message.size.max = 33570816 (custom)
2019-07-14 08:37:13,748 INFO  server.RaftServerConfigKeys (ConfUtils.java:logGet(43)) - raft.server.log.appender.buffer.byte-limit = 33554432 (custom)
2019-07-14 08:37:13,748 INFO  server.GrpcService (ConfUtils.java:logGet(43)) - raft.grpc.flow.control.window = 1MB (=1048576) (default)
2019-07-14 08:37:13,749 INFO  server.RaftServerConfigKeys (ConfUtils.java:logGet(43)) - raft.server.rpc.request.timeout = 3000ms (default)
2019-07-14 08:37:13,749 INFO  server.RaftServerConfigKeys (ConfUtils.java:logGet(43)) - raft.server.storage.dir = [/workdir/hadoop-ozone/integration-test/target/test-dir/MiniOzoneClusterImpl-f39735a2-5420-4441-a07d-002a9dc39afb/datanode-2/data/ratis] (custom)
2019-07-14 08:37:13,749 INFO  replication.SimpleContainerDownloader (SimpleContainerDownloader.java:<init>(72)) - Starting container downloader service to copy containers to replicate.
2019-07-14 08:37:13,751 INFO  hdfs.DFSUtil (DFSUtil.java:httpServerTemplateForNNAndJN(1641)) - Starting Web-server for hddsDatanode at: http://0.0.0.0:0
2019-07-14 08:37:13,752 INFO  server.AuthenticationFilter (AuthenticationFilter.java:constructSecretProvider(240)) - Unable to initialize FileSignerSecretProvider, falling back to use random secrets.
2019-07-14 08:37:13,753 WARN  http.HttpRequestLog (HttpRequestLog.java:getRequestLog(97)) - Jetty request log can only be enabled using Log4j
2019-07-14 08:37:13,755 INFO  http.HttpServer2 (HttpServer2.java:addGlobalFilter(975)) - Added global filter 'safety' (class=org.apache.hadoop.http.HttpServer2$QuotingInputFilter)
2019-07-14 08:37:13,755 INFO  http.HttpServer2 (HttpServer2.java:addFilter(948)) - Added filter static_user_filter (class=org.apache.hadoop.http.lib.StaticUserWebFilter$StaticUserFilter) to context hddsDatanode
2019-07-14 08:37:13,755 INFO  http.HttpServer2 (HttpServer2.java:addFilter(958)) - Added filter static_user_filter (class=org.apache.hadoop.http.lib.StaticUserWebFilter$StaticUserFilter) to context static
2019-07-14 08:37:13,756 INFO  http.HttpServer2 (HttpServer2.java:addFilter(958)) - Added filter static_user_filter (class=org.apache.hadoop.http.lib.StaticUserWebFilter$StaticUserFilter) to context logs
2019-07-14 08:37:13,756 INFO  http.HttpServer2 (HttpServer2.java:bindListener(1191)) - Jetty bound to port 43875
2019-07-14 08:37:13,757 INFO  server.Server (Server.java:doStart(351)) - jetty-9.3.24.v20180605, build timestamp: 2018-06-05T17:11:56Z, git hash: 84205aa28f11a4f31f2a3b86d1bba2cc8ab69827
2019-07-14 08:37:13,758 INFO  handler.ContextHandler (ContextHandler.java:doStart(781)) - Started o.e.j.s.ServletContextHandler@2f46bc25{/logs,file:///workdir/hadoop-ozone/integration-test/target/log,AVAILABLE}
2019-07-14 08:37:13,759 INFO  handler.ContextHandler (ContextHandler.java:doStart(781)) - Started o.e.j.s.ServletContextHandler@1f4d9c7f{/static,jar:file:/home/user/.m2/repository/org/apache/hadoop/hadoop-hdds-container-service/0.5.0-SNAPSHOT/hadoop-hdds-container-service-0.5.0-SNAPSHOT.jar!/webapps/static,AVAILABLE}
2019-07-14 08:37:13,798 INFO  handler.ContextHandler (ContextHandler.java:doStart(781)) - Started o.e.j.w.WebAppContext@5e2ab1c{/,file:///tmp/jetty-0.0.0.0-43875-hddsDatanode-_-any-6698759909027087779.dir/webapp/,AVAILABLE}{/hddsDatanode}
2019-07-14 08:37:13,798 INFO  server.AbstractConnector (AbstractConnector.java:doStart(278)) - Started ServerConnector@37596b44{HTTP/1.1,[http/1.1]}{0.0.0.0:43875}
2019-07-14 08:37:13,798 INFO  server.Server (Server.java:doStart(419)) - Started @592023ms
2019-07-14 08:37:13,800 INFO  server.BaseHttpServer (BaseHttpServer.java:updateConnectorAddress(207)) - HTTP server of HDDSDATANODE is listening at http://0.0.0.0:43875
2019-07-14 08:37:14,026 INFO  ozone.HddsDatanodeService (HddsDatanodeService.java:startPlugins(396)) - Started plug-in org.apache.hadoop.ozone.web.OzoneHddsDatanodeService@597084b7
2019-07-14 08:37:14,027 INFO  impl.MetricsSystemImpl (MetricsSystemImpl.java:init(158)) - HddsDatanode metrics system started (again)
2019-07-14 08:37:14,030 INFO  ozone.HddsDatanodeService (HddsDatanodeService.java:start(185)) - HddsDatanodeService host:trunk-nightly-5z2vd-27108033 ip:192.168.5.191
2019-07-14 08:37:14,031 INFO  util.JvmPauseMonitor (JvmPauseMonitor.java:run(188)) - Starting JVM pause monitor
2019-07-14 08:37:14,036 INFO  datanode.InitDatanodeState (InitDatanodeState.java:persistContainerDatanodeDetails(140)) - DatanodeDetails is persisted to /workdir/hadoop-ozone/integration-test/target/test-dir/MiniOzoneClusterImpl-f39735a2-5420-4441-a07d-002a9dc39afb/datanode-2/meta/datanode.id
2019-07-14 08:37:14,047 INFO  volume.HddsVolume (HddsVolume.java:<init>(176)) - Creating Volume: /workdir/hadoop-ozone/integration-test/target/test-dir/MiniOzoneClusterImpl-f39735a2-5420-4441-a07d-002a9dc39afb/datanode-3/data/containers/hdds of  storage type : DISK and capacity : 52710309888
2019-07-14 08:37:14,047 INFO  volume.VolumeSet (VolumeSet.java:initializeVolumeSet(170)) - Added Volume : /workdir/hadoop-ozone/integration-test/target/test-dir/MiniOzoneClusterImpl-f39735a2-5420-4441-a07d-002a9dc39afb/datanode-3/data/containers/hdds to VolumeSet
2019-07-14 08:37:14,047 INFO  volume.ThrottledAsyncChecker (ThrottledAsyncChecker.java:schedule(140)) - Scheduling a check for org.apache.hadoop.ozone.container.common.volume.HddsVolume@14b4f462
2019-07-14 08:37:14,048 INFO  volume.HddsVolumeChecker (HddsVolumeChecker.java:checkAllVolumes(203)) - Scheduled health check for volume org.apache.hadoop.ozone.container.common.volume.HddsVolume@14b4f462
2019-07-14 08:37:14,068 INFO  impl.RaftServerProxy (ConfUtils.java:logGet(43)) - raft.rpc.type = GRPC (default)
2019-07-14 08:37:14,068 INFO  grpc.GrpcFactory (GrpcFactory.java:checkPooledByteBufAllocatorUseCacheForAllThreads(45)) - PERFORMANCE WARNING: useCacheForAllThreads is true that may cause Netty to create a lot garbage objects and, as a result, trigger GC.
	It is recommended to disable useCacheForAllThreads by setting -Dorg.apache.ratis.thirdparty.io.netty.allocator.useCacheForAllThreads=false in command line.
2019-07-14 08:37:14,069 INFO  grpc.GrpcConfigKeys$Server (ConfUtils.java:logGet(43)) - raft.grpc.server.port = 0 (default)
2019-07-14 08:37:14,069 INFO  server.GrpcService (ConfUtils.java:logGet(43)) - raft.grpc.message.size.max = 33570816 (custom)
2019-07-14 08:37:14,069 INFO  server.RaftServerConfigKeys (ConfUtils.java:logGet(43)) - raft.server.log.appender.buffer.byte-limit = 33554432 (custom)
2019-07-14 08:37:14,070 INFO  server.GrpcService (ConfUtils.java:logGet(43)) - raft.grpc.flow.control.window = 1MB (=1048576) (default)
2019-07-14 08:37:14,070 INFO  server.RaftServerConfigKeys (ConfUtils.java:logGet(43)) - raft.server.rpc.request.timeout = 3000ms (default)
2019-07-14 08:37:14,070 INFO  server.RaftServerConfigKeys (ConfUtils.java:logGet(43)) - raft.server.storage.dir = [/workdir/hadoop-ozone/integration-test/target/test-dir/MiniOzoneClusterImpl-f39735a2-5420-4441-a07d-002a9dc39afb/datanode-3/data/ratis] (custom)
2019-07-14 08:37:14,071 INFO  replication.SimpleContainerDownloader (SimpleContainerDownloader.java:<init>(72)) - Starting container downloader service to copy containers to replicate.
2019-07-14 08:37:14,072 INFO  hdfs.DFSUtil (DFSUtil.java:httpServerTemplateForNNAndJN(1641)) - Starting Web-server for hddsDatanode at: http://0.0.0.0:0
2019-07-14 08:37:14,075 INFO  server.AuthenticationFilter (AuthenticationFilter.java:constructSecretProvider(240)) - Unable to initialize FileSignerSecretProvider, falling back to use random secrets.
2019-07-14 08:37:14,075 WARN  http.HttpRequestLog (HttpRequestLog.java:getRequestLog(97)) - Jetty request log can only be enabled using Log4j
2019-07-14 08:37:14,077 INFO  http.HttpServer2 (HttpServer2.java:addGlobalFilter(975)) - Added global filter 'safety' (class=org.apache.hadoop.http.HttpServer2$QuotingInputFilter)
2019-07-14 08:37:14,078 INFO  http.HttpServer2 (HttpServer2.java:addFilter(948)) - Added filter static_user_filter (class=org.apache.hadoop.http.lib.StaticUserWebFilter$StaticUserFilter) to context hddsDatanode
2019-07-14 08:37:14,078 INFO  http.HttpServer2 (HttpServer2.java:addFilter(958)) - Added filter static_user_filter (class=org.apache.hadoop.http.lib.StaticUserWebFilter$StaticUserFilter) to context logs
2019-07-14 08:37:14,078 INFO  http.HttpServer2 (HttpServer2.java:addFilter(958)) - Added filter static_user_filter (class=org.apache.hadoop.http.lib.StaticUserWebFilter$StaticUserFilter) to context static
2019-07-14 08:37:14,079 INFO  http.HttpServer2 (HttpServer2.java:bindListener(1191)) - Jetty bound to port 44635
2019-07-14 08:37:14,080 INFO  server.Server (Server.java:doStart(351)) - jetty-9.3.24.v20180605, build timestamp: 2018-06-05T17:11:56Z, git hash: 84205aa28f11a4f31f2a3b86d1bba2cc8ab69827
2019-07-14 08:37:14,082 INFO  handler.ContextHandler (ContextHandler.java:doStart(781)) - Started o.e.j.s.ServletContextHandler@18f8c76d{/logs,file:///workdir/hadoop-ozone/integration-test/target/log,AVAILABLE}
2019-07-14 08:37:14,083 INFO  handler.ContextHandler (ContextHandler.java:doStart(781)) - Started o.e.j.s.ServletContextHandler@7c59f315{/static,jar:file:/home/user/.m2/repository/org/apache/hadoop/hadoop-hdds-container-service/0.5.0-SNAPSHOT/hadoop-hdds-container-service-0.5.0-SNAPSHOT.jar!/webapps/static,AVAILABLE}
2019-07-14 08:37:14,125 INFO  handler.ContextHandler (ContextHandler.java:doStart(781)) - Started o.e.j.w.WebAppContext@39aaa7db{/,file:///tmp/jetty-0.0.0.0-44635-hddsDatanode-_-any-106831657581346878.dir/webapp/,AVAILABLE}{/hddsDatanode}
2019-07-14 08:37:14,125 INFO  server.AbstractConnector (AbstractConnector.java:doStart(278)) - Started ServerConnector@14a3a66c{HTTP/1.1,[http/1.1]}{0.0.0.0:44635}
2019-07-14 08:37:14,126 INFO  server.Server (Server.java:doStart(419)) - Started @592350ms
2019-07-14 08:37:14,127 INFO  server.BaseHttpServer (BaseHttpServer.java:updateConnectorAddress(207)) - HTTP server of HDDSDATANODE is listening at http://0.0.0.0:44635
2019-07-14 08:37:14,242 INFO  ozone.HddsDatanodeService (HddsDatanodeService.java:startPlugins(396)) - Started plug-in org.apache.hadoop.ozone.web.OzoneHddsDatanodeService@4f8488ef
2019-07-14 08:37:14,242 INFO  impl.MetricsSystemImpl (MetricsSystemImpl.java:init(158)) - HddsDatanode metrics system started (again)
2019-07-14 08:37:14,244 INFO  ozone.HddsDatanodeService (HddsDatanodeService.java:start(185)) - HddsDatanodeService host:trunk-nightly-5z2vd-27108033 ip:192.168.5.191
2019-07-14 08:37:14,246 INFO  util.JvmPauseMonitor (JvmPauseMonitor.java:run(188)) - Starting JVM pause monitor
2019-07-14 08:37:14,247 INFO  datanode.InitDatanodeState (InitDatanodeState.java:persistContainerDatanodeDetails(140)) - DatanodeDetails is persisted to /workdir/hadoop-ozone/integration-test/target/test-dir/MiniOzoneClusterImpl-f39735a2-5420-4441-a07d-002a9dc39afb/datanode-3/meta/datanode.id
2019-07-14 08:37:14,256 INFO  volume.HddsVolume (HddsVolume.java:<init>(176)) - Creating Volume: /workdir/hadoop-ozone/integration-test/target/test-dir/MiniOzoneClusterImpl-f39735a2-5420-4441-a07d-002a9dc39afb/datanode-4/data/containers/hdds of  storage type : DISK and capacity : 52710309888
2019-07-14 08:37:14,256 INFO  volume.VolumeSet (VolumeSet.java:initializeVolumeSet(170)) - Added Volume : /workdir/hadoop-ozone/integration-test/target/test-dir/MiniOzoneClusterImpl-f39735a2-5420-4441-a07d-002a9dc39afb/datanode-4/data/containers/hdds to VolumeSet
2019-07-14 08:37:14,256 INFO  volume.ThrottledAsyncChecker (ThrottledAsyncChecker.java:schedule(140)) - Scheduling a check for org.apache.hadoop.ozone.container.common.volume.HddsVolume@138a51d5
2019-07-14 08:37:14,257 INFO  volume.HddsVolumeChecker (HddsVolumeChecker.java:checkAllVolumes(203)) - Scheduled health check for volume org.apache.hadoop.ozone.container.common.volume.HddsVolume@138a51d5
2019-07-14 08:37:14,271 INFO  impl.RaftServerProxy (ConfUtils.java:logGet(43)) - raft.rpc.type = GRPC (default)
2019-07-14 08:37:14,271 INFO  grpc.GrpcFactory (GrpcFactory.java:checkPooledByteBufAllocatorUseCacheForAllThreads(45)) - PERFORMANCE WARNING: useCacheForAllThreads is true that may cause Netty to create a lot garbage objects and, as a result, trigger GC.
	It is recommended to disable useCacheForAllThreads by setting -Dorg.apache.ratis.thirdparty.io.netty.allocator.useCacheForAllThreads=false in command line.
2019-07-14 08:37:14,271 INFO  grpc.GrpcConfigKeys$Server (ConfUtils.java:logGet(43)) - raft.grpc.server.port = 0 (default)
2019-07-14 08:37:14,271 INFO  server.GrpcService (ConfUtils.java:logGet(43)) - raft.grpc.message.size.max = 33570816 (custom)
2019-07-14 08:37:14,272 INFO  server.RaftServerConfigKeys (ConfUtils.java:logGet(43)) - raft.server.log.appender.buffer.byte-limit = 33554432 (custom)
2019-07-14 08:37:14,272 INFO  server.GrpcService (ConfUtils.java:logGet(43)) - raft.grpc.flow.control.window = 1MB (=1048576) (default)
2019-07-14 08:37:14,272 INFO  server.RaftServerConfigKeys (ConfUtils.java:logGet(43)) - raft.server.rpc.request.timeout = 3000ms (default)
2019-07-14 08:37:14,273 INFO  server.RaftServerConfigKeys (ConfUtils.java:logGet(43)) - raft.server.storage.dir = [/workdir/hadoop-ozone/integration-test/target/test-dir/MiniOzoneClusterImpl-f39735a2-5420-4441-a07d-002a9dc39afb/datanode-4/data/ratis] (custom)
2019-07-14 08:37:14,273 INFO  replication.SimpleContainerDownloader (SimpleContainerDownloader.java:<init>(72)) - Starting container downloader service to copy containers to replicate.
2019-07-14 08:37:14,275 INFO  hdfs.DFSUtil (DFSUtil.java:httpServerTemplateForNNAndJN(1641)) - Starting Web-server for hddsDatanode at: http://0.0.0.0:0
2019-07-14 08:37:14,276 INFO  server.AuthenticationFilter (AuthenticationFilter.java:constructSecretProvider(240)) - Unable to initialize FileSignerSecretProvider, falling back to use random secrets.
2019-07-14 08:37:14,276 WARN  http.HttpRequestLog (HttpRequestLog.java:getRequestLog(97)) - Jetty request log can only be enabled using Log4j
2019-07-14 08:37:14,277 INFO  http.HttpServer2 (HttpServer2.java:addGlobalFilter(975)) - Added global filter 'safety' (class=org.apache.hadoop.http.HttpServer2$QuotingInputFilter)
2019-07-14 08:37:14,278 INFO  http.HttpServer2 (HttpServer2.java:addFilter(948)) - Added filter static_user_filter (class=org.apache.hadoop.http.lib.StaticUserWebFilter$StaticUserFilter) to context hddsDatanode
2019-07-14 08:37:14,278 INFO  http.HttpServer2 (HttpServer2.java:addFilter(958)) - Added filter static_user_filter (class=org.apache.hadoop.http.lib.StaticUserWebFilter$StaticUserFilter) to context logs
2019-07-14 08:37:14,278 INFO  http.HttpServer2 (HttpServer2.java:addFilter(958)) - Added filter static_user_filter (class=org.apache.hadoop.http.lib.StaticUserWebFilter$StaticUserFilter) to context static
2019-07-14 08:37:14,279 INFO  http.HttpServer2 (HttpServer2.java:bindListener(1191)) - Jetty bound to port 40760
2019-07-14 08:37:14,279 INFO  server.Server (Server.java:doStart(351)) - jetty-9.3.24.v20180605, build timestamp: 2018-06-05T17:11:56Z, git hash: 84205aa28f11a4f31f2a3b86d1bba2cc8ab69827
2019-07-14 08:37:14,280 INFO  handler.ContextHandler (ContextHandler.java:doStart(781)) - Started o.e.j.s.ServletContextHandler@1df8ea34{/logs,file:///workdir/hadoop-ozone/integration-test/target/log,AVAILABLE}
2019-07-14 08:37:14,281 INFO  handler.ContextHandler (ContextHandler.java:doStart(781)) - Started o.e.j.s.ServletContextHandler@63893cf6{/static,jar:file:/home/user/.m2/repository/org/apache/hadoop/hadoop-hdds-container-service/0.5.0-SNAPSHOT/hadoop-hdds-container-service-0.5.0-SNAPSHOT.jar!/webapps/static,AVAILABLE}
2019-07-14 08:37:14,308 INFO  handler.ContextHandler (ContextHandler.java:doStart(781)) - Started o.e.j.w.WebAppContext@3a33d655{/,file:///tmp/jetty-0.0.0.0-40760-hddsDatanode-_-any-6987109708510427161.dir/webapp/,AVAILABLE}{/hddsDatanode}
2019-07-14 08:37:14,309 INFO  server.AbstractConnector (AbstractConnector.java:doStart(278)) - Started ServerConnector@526a1b51{HTTP/1.1,[http/1.1]}{0.0.0.0:40760}
2019-07-14 08:37:14,309 INFO  server.Server (Server.java:doStart(419)) - Started @592534ms
2019-07-14 08:37:14,311 INFO  server.BaseHttpServer (BaseHttpServer.java:updateConnectorAddress(207)) - HTTP server of HDDSDATANODE is listening at http://0.0.0.0:40760
2019-07-14 08:37:14,412 INFO  ozone.HddsDatanodeService (HddsDatanodeService.java:startPlugins(396)) - Started plug-in org.apache.hadoop.ozone.web.OzoneHddsDatanodeService@7048d039
2019-07-14 08:37:14,412 INFO  impl.MetricsSystemImpl (MetricsSystemImpl.java:init(158)) - HddsDatanode metrics system started (again)
2019-07-14 08:37:14,414 INFO  ozone.HddsDatanodeService (HddsDatanodeService.java:start(185)) - HddsDatanodeService host:trunk-nightly-5z2vd-27108033 ip:192.168.5.191
2019-07-14 08:37:14,415 INFO  util.JvmPauseMonitor (JvmPauseMonitor.java:run(188)) - Starting JVM pause monitor
2019-07-14 08:37:14,417 INFO  datanode.InitDatanodeState (InitDatanodeState.java:persistContainerDatanodeDetails(140)) - DatanodeDetails is persisted to /workdir/hadoop-ozone/integration-test/target/test-dir/MiniOzoneClusterImpl-f39735a2-5420-4441-a07d-002a9dc39afb/datanode-4/meta/datanode.id
2019-07-14 08:37:14,426 INFO  volume.HddsVolume (HddsVolume.java:<init>(176)) - Creating Volume: /workdir/hadoop-ozone/integration-test/target/test-dir/MiniOzoneClusterImpl-f39735a2-5420-4441-a07d-002a9dc39afb/datanode-5/data/containers/hdds of  storage type : DISK and capacity : 52710309888
2019-07-14 08:37:14,426 INFO  volume.VolumeSet (VolumeSet.java:initializeVolumeSet(170)) - Added Volume : /workdir/hadoop-ozone/integration-test/target/test-dir/MiniOzoneClusterImpl-f39735a2-5420-4441-a07d-002a9dc39afb/datanode-5/data/containers/hdds to VolumeSet
2019-07-14 08:37:14,426 INFO  volume.ThrottledAsyncChecker (ThrottledAsyncChecker.java:schedule(140)) - Scheduling a check for org.apache.hadoop.ozone.container.common.volume.HddsVolume@7e729046
2019-07-14 08:37:14,427 INFO  volume.HddsVolumeChecker (HddsVolumeChecker.java:checkAllVolumes(203)) - Scheduled health check for volume org.apache.hadoop.ozone.container.common.volume.HddsVolume@7e729046
2019-07-14 08:37:14,440 INFO  impl.RaftServerProxy (ConfUtils.java:logGet(43)) - raft.rpc.type = GRPC (default)
2019-07-14 08:37:14,440 INFO  grpc.GrpcFactory (GrpcFactory.java:checkPooledByteBufAllocatorUseCacheForAllThreads(45)) - PERFORMANCE WARNING: useCacheForAllThreads is true that may cause Netty to create a lot garbage objects and, as a result, trigger GC.
	It is recommended to disable useCacheForAllThreads by setting -Dorg.apache.ratis.thirdparty.io.netty.allocator.useCacheForAllThreads=false in command line.
2019-07-14 08:37:14,441 INFO  grpc.GrpcConfigKeys$Server (ConfUtils.java:logGet(43)) - raft.grpc.server.port = 0 (default)
2019-07-14 08:37:14,441 INFO  server.GrpcService (ConfUtils.java:logGet(43)) - raft.grpc.message.size.max = 33570816 (custom)
2019-07-14 08:37:14,441 INFO  server.RaftServerConfigKeys (ConfUtils.java:logGet(43)) - raft.server.log.appender.buffer.byte-limit = 33554432 (custom)
2019-07-14 08:37:14,441 INFO  server.GrpcService (ConfUtils.java:logGet(43)) - raft.grpc.flow.control.window = 1MB (=1048576) (default)
2019-07-14 08:37:14,441 INFO  server.RaftServerConfigKeys (ConfUtils.java:logGet(43)) - raft.server.rpc.request.timeout = 3000ms (default)
2019-07-14 08:37:14,442 INFO  server.RaftServerConfigKeys (ConfUtils.java:logGet(43)) - raft.server.storage.dir = [/workdir/hadoop-ozone/integration-test/target/test-dir/MiniOzoneClusterImpl-f39735a2-5420-4441-a07d-002a9dc39afb/datanode-5/data/ratis] (custom)
2019-07-14 08:37:14,442 INFO  replication.SimpleContainerDownloader (SimpleContainerDownloader.java:<init>(72)) - Starting container downloader service to copy containers to replicate.
2019-07-14 08:37:14,443 INFO  hdfs.DFSUtil (DFSUtil.java:httpServerTemplateForNNAndJN(1641)) - Starting Web-server for hddsDatanode at: http://0.0.0.0:0
2019-07-14 08:37:14,444 INFO  server.AuthenticationFilter (AuthenticationFilter.java:constructSecretProvider(240)) - Unable to initialize FileSignerSecretProvider, falling back to use random secrets.
2019-07-14 08:37:14,444 WARN  http.HttpRequestLog (HttpRequestLog.java:getRequestLog(97)) - Jetty request log can only be enabled using Log4j
2019-07-14 08:37:14,445 INFO  http.HttpServer2 (HttpServer2.java:addGlobalFilter(975)) - Added global filter 'safety' (class=org.apache.hadoop.http.HttpServer2$QuotingInputFilter)
2019-07-14 08:37:14,446 INFO  http.HttpServer2 (HttpServer2.java:addFilter(948)) - Added filter static_user_filter (class=org.apache.hadoop.http.lib.StaticUserWebFilter$StaticUserFilter) to context hddsDatanode
2019-07-14 08:37:14,446 INFO  http.HttpServer2 (HttpServer2.java:addFilter(958)) - Added filter static_user_filter (class=org.apache.hadoop.http.lib.StaticUserWebFilter$StaticUserFilter) to context static
2019-07-14 08:37:14,446 INFO  http.HttpServer2 (HttpServer2.java:addFilter(958)) - Added filter static_user_filter (class=org.apache.hadoop.http.lib.StaticUserWebFilter$StaticUserFilter) to context logs
2019-07-14 08:37:14,447 INFO  http.HttpServer2 (HttpServer2.java:bindListener(1191)) - Jetty bound to port 33447
2019-07-14 08:37:14,447 INFO  server.Server (Server.java:doStart(351)) - jetty-9.3.24.v20180605, build timestamp: 2018-06-05T17:11:56Z, git hash: 84205aa28f11a4f31f2a3b86d1bba2cc8ab69827
2019-07-14 08:37:14,449 INFO  handler.ContextHandler (ContextHandler.java:doStart(781)) - Started o.e.j.s.ServletContextHandler@13a35d3b{/logs,file:///workdir/hadoop-ozone/integration-test/target/log,AVAILABLE}
2019-07-14 08:37:14,449 INFO  handler.ContextHandler (ContextHandler.java:doStart(781)) - Started o.e.j.s.ServletContextHandler@14e8304b{/static,jar:file:/home/user/.m2/repository/org/apache/hadoop/hadoop-hdds-container-service/0.5.0-SNAPSHOT/hadoop-hdds-container-service-0.5.0-SNAPSHOT.jar!/webapps/static,AVAILABLE}
2019-07-14 08:37:14,475 INFO  handler.ContextHandler (ContextHandler.java:doStart(781)) - Started o.e.j.w.WebAppContext@56d4481f{/,file:///tmp/jetty-0.0.0.0-33447-hddsDatanode-_-any-7585810373490576050.dir/webapp/,AVAILABLE}{/hddsDatanode}
2019-07-14 08:37:14,476 INFO  server.AbstractConnector (AbstractConnector.java:doStart(278)) - Started ServerConnector@625430f8{HTTP/1.1,[http/1.1]}{0.0.0.0:33447}
2019-07-14 08:37:14,476 INFO  server.Server (Server.java:doStart(419)) - Started @592701ms
2019-07-14 08:37:14,478 INFO  server.BaseHttpServer (BaseHttpServer.java:updateConnectorAddress(207)) - HTTP server of HDDSDATANODE is listening at http://0.0.0.0:33447
2019-07-14 08:37:14,616 INFO  ozone.HddsDatanodeService (HddsDatanodeService.java:startPlugins(396)) - Started plug-in org.apache.hadoop.ozone.web.OzoneHddsDatanodeService@2850fe85
2019-07-14 08:37:14,616 INFO  impl.MetricsSystemImpl (MetricsSystemImpl.java:init(158)) - HddsDatanode metrics system started (again)
2019-07-14 08:37:14,618 INFO  ozone.HddsDatanodeService (HddsDatanodeService.java:start(185)) - HddsDatanodeService host:trunk-nightly-5z2vd-27108033 ip:192.168.5.191
2019-07-14 08:37:14,620 INFO  util.JvmPauseMonitor (JvmPauseMonitor.java:run(188)) - Starting JVM pause monitor
2019-07-14 08:37:14,621 INFO  datanode.InitDatanodeState (InitDatanodeState.java:persistContainerDatanodeDetails(140)) - DatanodeDetails is persisted to /workdir/hadoop-ozone/integration-test/target/test-dir/MiniOzoneClusterImpl-f39735a2-5420-4441-a07d-002a9dc39afb/datanode-5/meta/datanode.id
2019-07-14 08:37:14,631 INFO  volume.HddsVolume (HddsVolume.java:<init>(176)) - Creating Volume: /workdir/hadoop-ozone/integration-test/target/test-dir/MiniOzoneClusterImpl-f39735a2-5420-4441-a07d-002a9dc39afb/datanode-6/data/containers/hdds of  storage type : DISK and capacity : 52710309888
2019-07-14 08:37:14,631 INFO  volume.VolumeSet (VolumeSet.java:initializeVolumeSet(170)) - Added Volume : /workdir/hadoop-ozone/integration-test/target/test-dir/MiniOzoneClusterImpl-f39735a2-5420-4441-a07d-002a9dc39afb/datanode-6/data/containers/hdds to VolumeSet
2019-07-14 08:37:14,632 INFO  volume.ThrottledAsyncChecker (ThrottledAsyncChecker.java:schedule(140)) - Scheduling a check for org.apache.hadoop.ozone.container.common.volume.HddsVolume@62284954
2019-07-14 08:37:14,632 INFO  volume.HddsVolumeChecker (HddsVolumeChecker.java:checkAllVolumes(203)) - Scheduled health check for volume org.apache.hadoop.ozone.container.common.volume.HddsVolume@62284954
2019-07-14 08:37:14,650 INFO  impl.RaftServerProxy (ConfUtils.java:logGet(43)) - raft.rpc.type = GRPC (default)
2019-07-14 08:37:14,650 INFO  grpc.GrpcFactory (GrpcFactory.java:checkPooledByteBufAllocatorUseCacheForAllThreads(45)) - PERFORMANCE WARNING: useCacheForAllThreads is true that may cause Netty to create a lot garbage objects and, as a result, trigger GC.
	It is recommended to disable useCacheForAllThreads by setting -Dorg.apache.ratis.thirdparty.io.netty.allocator.useCacheForAllThreads=false in command line.
2019-07-14 08:37:14,651 INFO  grpc.GrpcConfigKeys$Server (ConfUtils.java:logGet(43)) - raft.grpc.server.port = 0 (default)
2019-07-14 08:37:14,651 INFO  server.GrpcService (ConfUtils.java:logGet(43)) - raft.grpc.message.size.max = 33570816 (custom)
2019-07-14 08:37:14,651 INFO  server.RaftServerConfigKeys (ConfUtils.java:logGet(43)) - raft.server.log.appender.buffer.byte-limit = 33554432 (custom)
2019-07-14 08:37:14,651 INFO  server.GrpcService (ConfUtils.java:logGet(43)) - raft.grpc.flow.control.window = 1MB (=1048576) (default)
2019-07-14 08:37:14,652 INFO  server.RaftServerConfigKeys (ConfUtils.java:logGet(43)) - raft.server.rpc.request.timeout = 3000ms (default)
2019-07-14 08:37:14,652 INFO  server.RaftServerConfigKeys (ConfUtils.java:logGet(43)) - raft.server.storage.dir = [/workdir/hadoop-ozone/integration-test/target/test-dir/MiniOzoneClusterImpl-f39735a2-5420-4441-a07d-002a9dc39afb/datanode-6/data/ratis] (custom)
2019-07-14 08:37:14,653 INFO  replication.SimpleContainerDownloader (SimpleContainerDownloader.java:<init>(72)) - Starting container downloader service to copy containers to replicate.
2019-07-14 08:37:14,654 INFO  hdfs.DFSUtil (DFSUtil.java:httpServerTemplateForNNAndJN(1641)) - Starting Web-server for hddsDatanode at: http://0.0.0.0:0
2019-07-14 08:37:14,656 INFO  server.AuthenticationFilter (AuthenticationFilter.java:constructSecretProvider(240)) - Unable to initialize FileSignerSecretProvider, falling back to use random secrets.
2019-07-14 08:37:14,657 WARN  http.HttpRequestLog (HttpRequestLog.java:getRequestLog(97)) - Jetty request log can only be enabled using Log4j
2019-07-14 08:37:14,659 INFO  http.HttpServer2 (HttpServer2.java:addGlobalFilter(975)) - Added global filter 'safety' (class=org.apache.hadoop.http.HttpServer2$QuotingInputFilter)
2019-07-14 08:37:14,660 INFO  http.HttpServer2 (HttpServer2.java:addFilter(948)) - Added filter static_user_filter (class=org.apache.hadoop.http.lib.StaticUserWebFilter$StaticUserFilter) to context hddsDatanode
2019-07-14 08:37:14,660 INFO  http.HttpServer2 (HttpServer2.java:addFilter(958)) - Added filter static_user_filter (class=org.apache.hadoop.http.lib.StaticUserWebFilter$StaticUserFilter) to context static
2019-07-14 08:37:14,660 INFO  http.HttpServer2 (HttpServer2.java:addFilter(958)) - Added filter static_user_filter (class=org.apache.hadoop.http.lib.StaticUserWebFilter$StaticUserFilter) to context logs
2019-07-14 08:37:14,661 INFO  http.HttpServer2 (HttpServer2.java:bindListener(1191)) - Jetty bound to port 34476
2019-07-14 08:37:14,661 INFO  server.Server (Server.java:doStart(351)) - jetty-9.3.24.v20180605, build timestamp: 2018-06-05T17:11:56Z, git hash: 84205aa28f11a4f31f2a3b86d1bba2cc8ab69827
2019-07-14 08:37:14,664 INFO  handler.ContextHandler (ContextHandler.java:doStart(781)) - Started o.e.j.s.ServletContextHandler@3a9a12a1{/logs,file:///workdir/hadoop-ozone/integration-test/target/log,AVAILABLE}
2019-07-14 08:37:14,664 INFO  handler.ContextHandler (ContextHandler.java:doStart(781)) - Started o.e.j.s.ServletContextHandler@22a89db{/static,jar:file:/home/user/.m2/repository/org/apache/hadoop/hadoop-hdds-container-service/0.5.0-SNAPSHOT/hadoop-hdds-container-service-0.5.0-SNAPSHOT.jar!/webapps/static,AVAILABLE}
2019-07-14 08:37:14,708 INFO  handler.ContextHandler (ContextHandler.java:doStart(781)) - Started o.e.j.w.WebAppContext@14144cc9{/,file:///tmp/jetty-0.0.0.0-34476-hddsDatanode-_-any-5657050810581264449.dir/webapp/,AVAILABLE}{/hddsDatanode}
2019-07-14 08:37:14,708 INFO  server.AbstractConnector (AbstractConnector.java:doStart(278)) - Started ServerConnector@259647f2{HTTP/1.1,[http/1.1]}{0.0.0.0:34476}
2019-07-14 08:37:14,708 INFO  server.Server (Server.java:doStart(419)) - Started @592933ms
2019-07-14 08:37:14,714 INFO  server.BaseHttpServer (BaseHttpServer.java:updateConnectorAddress(207)) - HTTP server of HDDSDATANODE is listening at http://0.0.0.0:34476
2019-07-14 08:37:14,863 INFO  ozone.HddsDatanodeService (HddsDatanodeService.java:startPlugins(396)) - Started plug-in org.apache.hadoop.ozone.web.OzoneHddsDatanodeService@2f341732
2019-07-14 08:37:14,864 INFO  ozone.MiniOzoneClusterImpl (MiniOzoneClusterImpl.java:lambda$waitForClusterToBeReady$0(142)) - Waiting for cluster to be ready. Got 0 of 7 DN Heartbeats.
2019-07-14 08:37:14,867 INFO  util.JvmPauseMonitor (JvmPauseMonitor.java:run(188)) - Starting JVM pause monitor
2019-07-14 08:37:14,869 INFO  datanode.InitDatanodeState (InitDatanodeState.java:persistContainerDatanodeDetails(140)) - DatanodeDetails is persisted to /workdir/hadoop-ozone/integration-test/target/test-dir/MiniOzoneClusterImpl-f39735a2-5420-4441-a07d-002a9dc39afb/datanode-6/meta/datanode.id
2019-07-14 08:37:15,557 INFO  ozoneimpl.OzoneContainer (OzoneContainer.java:start(186)) - Attempting to start container services.
2019-07-14 08:37:15,560 INFO  ozoneimpl.OzoneContainer (OzoneContainer.java:startContainerScrub(160)) - Background container scrubber has been disabled by hdds.containerscrub.enabled
2019-07-14 08:37:15,560 INFO  ratis.XceiverServerRatis (XceiverServerRatis.java:start(418)) - Starting XceiverServerRatis e9a50411-88c9-48bf-afde-0143fc4b5cad at port 0
2019-07-14 08:37:15,567 INFO  impl.RaftServerProxy (RaftServerProxy.java:lambda$start$3(299)) - e9a50411-88c9-48bf-afde-0143fc4b5cad: start RPC server
2019-07-14 08:37:15,569 INFO  server.GrpcService (GrpcService.java:startImpl(149)) - e9a50411-88c9-48bf-afde-0143fc4b5cad: GrpcService started, listening on 0.0.0.0/0.0.0.0:38840
2019-07-14 08:37:15,569 INFO  ratis.XceiverServerRatis (XceiverServerRatis.java:start(428)) - XceiverServerRatis e9a50411-88c9-48bf-afde-0143fc4b5cad is started using port 38840
2019-07-14 08:37:15,569 INFO  server.XceiverServerGrpc (XceiverServerGrpc.java:start(161)) - XceiverServerGrpc e9a50411-88c9-48bf-afde-0143fc4b5cad is started using port 34796
2019-07-14 08:37:15,738 INFO  ozoneimpl.OzoneContainer (OzoneContainer.java:start(186)) - Attempting to start container services.
2019-07-14 08:37:15,741 INFO  ozoneimpl.OzoneContainer (OzoneContainer.java:startContainerScrub(160)) - Background container scrubber has been disabled by hdds.containerscrub.enabled
2019-07-14 08:37:15,741 INFO  ratis.XceiverServerRatis (XceiverServerRatis.java:start(418)) - Starting XceiverServerRatis 606a5d8c-f61d-40b4-b7e7-af2cae8db5c2 at port 0
2019-07-14 08:37:15,750 INFO  impl.RaftServerProxy (RaftServerProxy.java:lambda$start$3(299)) - 606a5d8c-f61d-40b4-b7e7-af2cae8db5c2: start RPC server
2019-07-14 08:37:15,752 INFO  server.GrpcService (GrpcService.java:startImpl(149)) - 606a5d8c-f61d-40b4-b7e7-af2cae8db5c2: GrpcService started, listening on 0.0.0.0/0.0.0.0:46349
2019-07-14 08:37:15,752 INFO  ratis.XceiverServerRatis (XceiverServerRatis.java:start(428)) - XceiverServerRatis 606a5d8c-f61d-40b4-b7e7-af2cae8db5c2 is started using port 46349
2019-07-14 08:37:15,753 INFO  server.XceiverServerGrpc (XceiverServerGrpc.java:start(161)) - XceiverServerGrpc 606a5d8c-f61d-40b4-b7e7-af2cae8db5c2 is started using port 45552
2019-07-14 08:37:15,864 INFO  ozone.MiniOzoneClusterImpl (MiniOzoneClusterImpl.java:lambda$waitForClusterToBeReady$0(142)) - Waiting for cluster to be ready. Got 0 of 7 DN Heartbeats.
2019-07-14 08:37:16,041 INFO  ozoneimpl.OzoneContainer (OzoneContainer.java:start(186)) - Attempting to start container services.
2019-07-14 08:37:16,049 INFO  ozoneimpl.OzoneContainer (OzoneContainer.java:startContainerScrub(160)) - Background container scrubber has been disabled by hdds.containerscrub.enabled
2019-07-14 08:37:16,049 INFO  ratis.XceiverServerRatis (XceiverServerRatis.java:start(418)) - Starting XceiverServerRatis 88f1e3a5-21e0-4d5e-8225-b72ef656a022 at port 0
2019-07-14 08:37:16,056 INFO  impl.RaftServerProxy (RaftServerProxy.java:lambda$start$3(299)) - 88f1e3a5-21e0-4d5e-8225-b72ef656a022: start RPC server
2019-07-14 08:37:16,059 INFO  server.GrpcService (GrpcService.java:startImpl(149)) - 88f1e3a5-21e0-4d5e-8225-b72ef656a022: GrpcService started, listening on 0.0.0.0/0.0.0.0:33272
2019-07-14 08:37:16,059 INFO  ratis.XceiverServerRatis (XceiverServerRatis.java:start(428)) - XceiverServerRatis 88f1e3a5-21e0-4d5e-8225-b72ef656a022 is started using port 33272
2019-07-14 08:37:16,061 INFO  server.XceiverServerGrpc (XceiverServerGrpc.java:start(161)) - XceiverServerGrpc 88f1e3a5-21e0-4d5e-8225-b72ef656a022 is started using port 34216
2019-07-14 08:37:16,251 INFO  ozoneimpl.OzoneContainer (OzoneContainer.java:start(186)) - Attempting to start container services.
2019-07-14 08:37:16,252 INFO  ozoneimpl.OzoneContainer (OzoneContainer.java:startContainerScrub(160)) - Background container scrubber has been disabled by hdds.containerscrub.enabled
2019-07-14 08:37:16,252 INFO  ratis.XceiverServerRatis (XceiverServerRatis.java:start(418)) - Starting XceiverServerRatis 9bd95888-5333-4516-99f7-a7e03f6f5c6c at port 0
2019-07-14 08:37:16,259 INFO  impl.RaftServerProxy (RaftServerProxy.java:lambda$start$3(299)) - 9bd95888-5333-4516-99f7-a7e03f6f5c6c: start RPC server
2019-07-14 08:37:16,262 INFO  server.GrpcService (GrpcService.java:startImpl(149)) - 9bd95888-5333-4516-99f7-a7e03f6f5c6c: GrpcService started, listening on 0.0.0.0/0.0.0.0:36134
2019-07-14 08:37:16,262 INFO  ratis.XceiverServerRatis (XceiverServerRatis.java:start(428)) - XceiverServerRatis 9bd95888-5333-4516-99f7-a7e03f6f5c6c is started using port 36134
2019-07-14 08:37:16,262 INFO  server.XceiverServerGrpc (XceiverServerGrpc.java:start(161)) - XceiverServerGrpc 9bd95888-5333-4516-99f7-a7e03f6f5c6c is started using port 39968
2019-07-14 08:37:16,421 INFO  ozoneimpl.OzoneContainer (OzoneContainer.java:start(186)) - Attempting to start container services.
2019-07-14 08:37:16,421 INFO  ozoneimpl.OzoneContainer (OzoneContainer.java:startContainerScrub(160)) - Background container scrubber has been disabled by hdds.containerscrub.enabled
2019-07-14 08:37:16,421 INFO  ratis.XceiverServerRatis (XceiverServerRatis.java:start(418)) - Starting XceiverServerRatis dbacfa91-0a3d-4e21-95bd-79a50c69b681 at port 0
2019-07-14 08:37:16,429 INFO  impl.RaftServerProxy (RaftServerProxy.java:lambda$start$3(299)) - dbacfa91-0a3d-4e21-95bd-79a50c69b681: start RPC server
2019-07-14 08:37:16,429 INFO  server.GrpcService (GrpcService.java:startImpl(149)) - dbacfa91-0a3d-4e21-95bd-79a50c69b681: GrpcService started, listening on 0.0.0.0/0.0.0.0:45739
2019-07-14 08:37:16,430 INFO  ratis.XceiverServerRatis (XceiverServerRatis.java:start(428)) - XceiverServerRatis dbacfa91-0a3d-4e21-95bd-79a50c69b681 is started using port 45739
2019-07-14 08:37:16,430 INFO  server.XceiverServerGrpc (XceiverServerGrpc.java:start(161)) - XceiverServerGrpc dbacfa91-0a3d-4e21-95bd-79a50c69b681 is started using port 37813
2019-07-14 08:37:16,633 INFO  ozoneimpl.OzoneContainer (OzoneContainer.java:start(186)) - Attempting to start container services.
2019-07-14 08:37:16,633 INFO  ozoneimpl.OzoneContainer (OzoneContainer.java:startContainerScrub(160)) - Background container scrubber has been disabled by hdds.containerscrub.enabled
2019-07-14 08:37:16,633 INFO  ratis.XceiverServerRatis (XceiverServerRatis.java:start(418)) - Starting XceiverServerRatis c8330a54-7443-462b-8726-431bec4162e5 at port 0
2019-07-14 08:37:16,640 INFO  impl.RaftServerProxy (RaftServerProxy.java:lambda$start$3(299)) - c8330a54-7443-462b-8726-431bec4162e5: start RPC server
2019-07-14 08:37:16,641 INFO  server.GrpcService (GrpcService.java:startImpl(149)) - c8330a54-7443-462b-8726-431bec4162e5: GrpcService started, listening on 0.0.0.0/0.0.0.0:46484
2019-07-14 08:37:16,641 INFO  ratis.XceiverServerRatis (XceiverServerRatis.java:start(428)) - XceiverServerRatis c8330a54-7443-462b-8726-431bec4162e5 is started using port 46484
2019-07-14 08:37:16,649 INFO  server.XceiverServerGrpc (XceiverServerGrpc.java:start(161)) - XceiverServerGrpc c8330a54-7443-462b-8726-431bec4162e5 is started using port 36579
2019-07-14 08:37:16,864 INFO  ozone.MiniOzoneClusterImpl (MiniOzoneClusterImpl.java:lambda$waitForClusterToBeReady$0(142)) - Waiting for cluster to be ready. Got 0 of 7 DN Heartbeats.
2019-07-14 08:37:16,875 INFO  ozoneimpl.OzoneContainer (OzoneContainer.java:start(186)) - Attempting to start container services.
2019-07-14 08:37:16,875 INFO  ozoneimpl.OzoneContainer (OzoneContainer.java:startContainerScrub(160)) - Background container scrubber has been disabled by hdds.containerscrub.enabled
2019-07-14 08:37:16,875 INFO  ratis.XceiverServerRatis (XceiverServerRatis.java:start(418)) - Starting XceiverServerRatis 958c9f7a-a73e-4508-9d57-39dce6ef7cee at port 0
2019-07-14 08:37:16,882 INFO  impl.RaftServerProxy (RaftServerProxy.java:lambda$start$3(299)) - 958c9f7a-a73e-4508-9d57-39dce6ef7cee: start RPC server
2019-07-14 08:37:16,886 INFO  server.GrpcService (GrpcService.java:startImpl(149)) - 958c9f7a-a73e-4508-9d57-39dce6ef7cee: GrpcService started, listening on 0.0.0.0/0.0.0.0:39898
2019-07-14 08:37:16,886 INFO  ratis.XceiverServerRatis (XceiverServerRatis.java:start(428)) - XceiverServerRatis 958c9f7a-a73e-4508-9d57-39dce6ef7cee is started using port 39898
2019-07-14 08:37:16,887 INFO  server.XceiverServerGrpc (XceiverServerGrpc.java:start(161)) - XceiverServerGrpc 958c9f7a-a73e-4508-9d57-39dce6ef7cee is started using port 46719
2019-07-14 08:37:17,540 INFO  net.NetworkTopology (NetworkTopologyImpl.java:add(110)) - Added a new node: /default-rack/192.168.5.191
2019-07-14 08:37:17,543 INFO  node.SCMNodeManager (SCMNodeManager.java:register(269)) - Registered Data node : e9a50411-88c9-48bf-afde-0143fc4b5cad{ip: 192.168.5.191, host: trunk-nightly-5z2vd-27108033, networkLocation: /default-rack, certSerialId: null}
2019-07-14 08:37:17,544 INFO  safemode.SCMSafeModeManager (DataNodeSafeModeRule.java:process(71)) - SCM in safe mode. 1 DataNodes registered, 1 required.
2019-07-14 08:37:17,546 INFO  safemode.SCMSafeModeManager (SCMSafeModeManager.java:validateSafeModeExitRules(177)) - ScmSafeModeManager, all rules are successfully validated
2019-07-14 08:37:17,546 INFO  safemode.SCMSafeModeManager (SCMSafeModeManager.java:exitSafeMode(193)) - SCM exiting safe mode.
2019-07-14 08:37:17,564 INFO  impl.RaftServerProxy (RaftServerProxy.java:addNew(89)) - e9a50411-88c9-48bf-afde-0143fc4b5cad: addNew group-B4F7A7E33D43:[e9a50411-88c9-48bf-afde-0143fc4b5cad:192.168.5.191:38840] returns group-B4F7A7E33D43:java.util.concurrent.CompletableFuture@75700bab[Not completed]
2019-07-14 08:37:17,565 INFO  impl.RaftServerImpl (RaftServerImpl.java:<init>(93)) - e9a50411-88c9-48bf-afde-0143fc4b5cad: new RaftServerImpl for group-B4F7A7E33D43:[e9a50411-88c9-48bf-afde-0143fc4b5cad:192.168.5.191:38840] with ContainerStateMachine:uninitialized
2019-07-14 08:37:17,566 INFO  server.RaftServerConfigKeys (ConfUtils.java:logGet(43)) - raft.server.rpc.timeout.min = 5s (custom)
2019-07-14 08:37:17,566 INFO  server.RaftServerConfigKeys (ConfUtils.java:logGet(43)) - raft.server.rpc.timeout.max = 5200ms (custom)
2019-07-14 08:37:17,566 INFO  server.RaftServerConfigKeys (ConfUtils.java:logGet(43)) - raft.server.rpcslowness.timeout = 120s (custom)
2019-07-14 08:37:17,566 INFO  server.RaftServerConfigKeys (ConfUtils.java:logGet(43)) - raft.server.sleep.deviation.threshold = 300 (default)
2019-07-14 08:37:17,566 INFO  server.RaftServerConfigKeys (ConfUtils.java:logGet(43)) - raft.server.log.appender.install.snapshot.enabled = false (custom)
2019-07-14 08:37:17,566 INFO  impl.RaftServerImpl (ServerState.java:<init>(105)) - e9a50411-88c9-48bf-afde-0143fc4b5cad:group-B4F7A7E33D43 ConfigurationManager, init=-1: [e9a50411-88c9-48bf-afde-0143fc4b5cad:192.168.5.191:38840], old=null, confs=<EMPTY_MAP>
2019-07-14 08:37:17,567 INFO  server.RaftServerConfigKeys (ConfUtils.java:logGet(43)) - raft.server.storage.dir = [/workdir/hadoop-ozone/integration-test/target/test-dir/MiniOzoneClusterImpl-f39735a2-5420-4441-a07d-002a9dc39afb/datanode-0/data/ratis] (custom)
2019-07-14 08:37:17,567 INFO  storage.RaftStorageDirectory (RaftStorageDirectory.java:analyzeStorage(246)) - The storage directory /workdir/hadoop-ozone/integration-test/target/test-dir/MiniOzoneClusterImpl-f39735a2-5420-4441-a07d-002a9dc39afb/datanode-0/data/ratis/ed598a55-0556-4208-985c-b4f7a7e33d43 does not exist. Creating ...
2019-07-14 08:37:17,572 INFO  storage.RaftStorageDirectory (RaftStorageDirectory.java:tryLock(328)) - Lock on /workdir/hadoop-ozone/integration-test/target/test-dir/MiniOzoneClusterImpl-f39735a2-5420-4441-a07d-002a9dc39afb/datanode-0/data/ratis/ed598a55-0556-4208-985c-b4f7a7e33d43/in_use.lock acquired by nodename 31844@trunk-nightly-5z2vd-27108033
2019-07-14 08:37:17,576 INFO  storage.RaftStorage (RaftStorage.java:format(72)) - Storage directory /workdir/hadoop-ozone/integration-test/target/test-dir/MiniOzoneClusterImpl-f39735a2-5420-4441-a07d-002a9dc39afb/datanode-0/data/ratis/ed598a55-0556-4208-985c-b4f7a7e33d43 has been successfully formatted.
2019-07-14 08:37:17,576 INFO  ratis.ContainerStateMachine (ContainerStateMachine.java:loadSnapshot(200)) - group-B4F7A7E33D43: The snapshot info is null. Setting the last applied indexto:(t:0, i:~)
2019-07-14 08:37:17,577 INFO  server.RaftServerConfigKeys (ConfUtils.java:logGet(43)) - raft.server.leader.election.timeout = 120s (custom)
2019-07-14 08:37:17,577 INFO  server.RaftServerConfigKeys (ConfUtils.java:logGet(43)) - raft.server.log.use.memory = false (default)
2019-07-14 08:37:17,577 INFO  server.RaftServerConfigKeys (ConfUtils.java:logGet(43)) - raft.server.log.purge.gap = 1000000000 (custom)
2019-07-14 08:37:17,577 INFO  server.RaftServerConfigKeys (ConfUtils.java:logGet(43)) - raft.server.log.appender.buffer.byte-limit = 33554432 (custom)
2019-07-14 08:37:17,577 INFO  server.RaftServerConfigKeys (ConfUtils.java:logGet(43)) - raft.server.log.segment.size.max = 1048576 (custom)
2019-07-14 08:37:17,577 INFO  server.RaftServerConfigKeys (ConfUtils.java:logGet(43)) - raft.server.log.segment.cache.num.max = 2 (custom)
2019-07-14 08:37:17,578 INFO  segmented.SegmentedRaftLogWorker (SegmentedRaftLogWorker.java:<init>(172)) - new e9a50411-88c9-48bf-afde-0143fc4b5cad-SegmentedRaftLogWorker:Storage Directory /workdir/hadoop-ozone/integration-test/target/test-dir/MiniOzoneClusterImpl-f39735a2-5420-4441-a07d-002a9dc39afb/datanode-0/data/ratis/ed598a55-0556-4208-985c-b4f7a7e33d43 for RaftStorage:Storage Directory /workdir/hadoop-ozone/integration-test/target/test-dir/MiniOzoneClusterImpl-f39735a2-5420-4441-a07d-002a9dc39afb/datanode-0/data/ratis/ed598a55-0556-4208-985c-b4f7a7e33d43
2019-07-14 08:37:17,578 INFO  server.RaftServerConfigKeys (ConfUtils.java:logGet(43)) - raft.server.log.queue.byte-limit = 2147483647 (custom)
2019-07-14 08:37:17,578 INFO  server.RaftServerConfigKeys (ConfUtils.java:logGet(43)) - raft.server.log.queue.element-limit = 1024 (custom)
2019-07-14 08:37:17,578 INFO  server.RaftServerConfigKeys (ConfUtils.java:logGet(43)) - raft.server.log.segment.size.max = 1048576 (custom)
2019-07-14 08:37:17,578 INFO  server.RaftServerConfigKeys (ConfUtils.java:logGet(43)) - raft.server.log.preallocated.size = 16384 (custom)
2019-07-14 08:37:17,578 INFO  server.RaftServerConfigKeys (ConfUtils.java:logGet(43)) - raft.server.log.write.buffer.size = 33554432 (custom)
2019-07-14 08:37:17,579 INFO  server.RaftServerConfigKeys (ConfUtils.java:logGet(43)) - raft.server.log.force.sync.num = 128 (default)
2019-07-14 08:37:17,579 INFO  server.RaftServerConfigKeys (ConfUtils.java:logGet(43)) - raft.server.log.statemachine.data.sync = true (default)
2019-07-14 08:37:17,579 INFO  server.RaftServerConfigKeys (ConfUtils.java:logGet(43)) - raft.server.log.statemachine.data.sync.timeout = 10s (default)
2019-07-14 08:37:17,579 INFO  server.RaftServerConfigKeys (ConfUtils.java:logGet(43)) - raft.server.log.statemachine.data.sync.timeout.retry = -1 (default)
2019-07-14 08:37:17,579 INFO  server.RaftServerConfigKeys (ConfUtils.java:logGet(43)) - raft.server.log.statemachine.data.caching.enabled = true (custom)
2019-07-14 08:37:17,580 INFO  segmented.SegmentedRaftLogWorker (SegmentedRaftLogWorker.java:lambda$new$0(132)) - e9a50411-88c9-48bf-afde-0143fc4b5cad-SegmentedRaftLogWorker:Storage Directory /workdir/hadoop-ozone/integration-test/target/test-dir/MiniOzoneClusterImpl-f39735a2-5420-4441-a07d-002a9dc39afb/datanode-0/data/ratis/ed598a55-0556-4208-985c-b4f7a7e33d43: flushIndex: setUnconditionally 0 -> -1
2019-07-14 08:37:17,580 INFO  server.RaftServerConfigKeys (ConfUtils.java:logGet(43)) - raft.server.snapshot.auto.trigger.enabled = true (custom)
2019-07-14 08:37:17,580 INFO  server.RaftServerConfigKeys (ConfUtils.java:logGet(43)) - raft.server.snapshot.auto.trigger.threshold = 10000 (custom)
2019-07-14 08:37:17,580 INFO  server.RaftServerConfigKeys (ConfUtils.java:logGet(43)) - raft.server.retrycache.expirytime = 600000ms (custom)
2019-07-14 08:37:17,581 INFO  impl.RaftServerImpl (RaftServerImpl.java:start(180)) - e9a50411-88c9-48bf-afde-0143fc4b5cad: start group-B4F7A7E33D43
2019-07-14 08:37:17,581 INFO  impl.RaftServerImpl (RaftServerImpl.java:setRole(171)) - e9a50411-88c9-48bf-afde-0143fc4b5cad:group-B4F7A7E33D43 changes role from null to FOLLOWER at term 0 for startAsFollower
2019-07-14 08:37:17,581 INFO  impl.RoleInfo (RoleInfo.java:updateAndGet(143)) - e9a50411-88c9-48bf-afde-0143fc4b5cad: start FollowerState
2019-07-14 08:37:17,582 INFO  util.JmxRegister (JmxRegister.java:tryRegister(44)) - Successfully registered JMX Bean with object name Ratis:service=RaftServer,group=group-B4F7A7E33D43,id=e9a50411-88c9-48bf-afde-0143fc4b5cad
2019-07-14 08:37:17,586 INFO  pipeline.PipelineStateManager (PipelineStateManager.java:addPipeline(56)) - Created pipeline Pipeline[ Id: ed598a55-0556-4208-985c-b4f7a7e33d43, Nodes: e9a50411-88c9-48bf-afde-0143fc4b5cad{ip: 192.168.5.191, host: trunk-nightly-5z2vd-27108033, networkLocation: /default-rack, certSerialId: null}, Type:RATIS, Factor:ONE, State:OPEN]
2019-07-14 08:37:17,724 INFO  node.SCMNodeManager (SCMNodeManager.java:register(269)) - Registered Data node : 606a5d8c-f61d-40b4-b7e7-af2cae8db5c2{ip: 192.168.5.191, host: trunk-nightly-5z2vd-27108033, networkLocation: /default-rack, certSerialId: null}
2019-07-14 08:37:17,731 INFO  impl.RaftServerProxy (RaftServerProxy.java:addNew(89)) - 606a5d8c-f61d-40b4-b7e7-af2cae8db5c2: addNew group-DC3334337CB9:[606a5d8c-f61d-40b4-b7e7-af2cae8db5c2:192.168.5.191:46349] returns group-DC3334337CB9:java.util.concurrent.CompletableFuture@7944dd37[Not completed]
2019-07-14 08:37:17,733 INFO  impl.RaftServerImpl (RaftServerImpl.java:<init>(93)) - 606a5d8c-f61d-40b4-b7e7-af2cae8db5c2: new RaftServerImpl for group-DC3334337CB9:[606a5d8c-f61d-40b4-b7e7-af2cae8db5c2:192.168.5.191:46349] with ContainerStateMachine:uninitialized
2019-07-14 08:37:17,733 INFO  server.RaftServerConfigKeys (ConfUtils.java:logGet(43)) - raft.server.rpc.timeout.min = 5s (custom)
2019-07-14 08:37:17,733 INFO  server.RaftServerConfigKeys (ConfUtils.java:logGet(43)) - raft.server.rpc.timeout.max = 5200ms (custom)
2019-07-14 08:37:17,733 INFO  server.RaftServerConfigKeys (ConfUtils.java:logGet(43)) - raft.server.rpcslowness.timeout = 120s (custom)
2019-07-14 08:37:17,733 INFO  server.RaftServerConfigKeys (ConfUtils.java:logGet(43)) - raft.server.sleep.deviation.threshold = 300 (default)
2019-07-14 08:37:17,733 INFO  server.RaftServerConfigKeys (ConfUtils.java:logGet(43)) - raft.server.log.appender.install.snapshot.enabled = false (custom)
2019-07-14 08:37:17,734 INFO  impl.RaftServerImpl (ServerState.java:<init>(105)) - 606a5d8c-f61d-40b4-b7e7-af2cae8db5c2:group-DC3334337CB9 ConfigurationManager, init=-1: [606a5d8c-f61d-40b4-b7e7-af2cae8db5c2:192.168.5.191:46349], old=null, confs=<EMPTY_MAP>
2019-07-14 08:37:17,734 INFO  server.RaftServerConfigKeys (ConfUtils.java:logGet(43)) - raft.server.storage.dir = [/workdir/hadoop-ozone/integration-test/target/test-dir/MiniOzoneClusterImpl-f39735a2-5420-4441-a07d-002a9dc39afb/datanode-1/data/ratis] (custom)
2019-07-14 08:37:17,734 INFO  storage.RaftStorageDirectory (RaftStorageDirectory.java:analyzeStorage(246)) - The storage directory /workdir/hadoop-ozone/integration-test/target/test-dir/MiniOzoneClusterImpl-f39735a2-5420-4441-a07d-002a9dc39afb/datanode-1/data/ratis/634687a8-5a79-4669-a117-dc3334337cb9 does not exist. Creating ...
2019-07-14 08:37:17,750 INFO  storage.RaftStorageDirectory (RaftStorageDirectory.java:tryLock(328)) - Lock on /workdir/hadoop-ozone/integration-test/target/test-dir/MiniOzoneClusterImpl-f39735a2-5420-4441-a07d-002a9dc39afb/datanode-1/data/ratis/634687a8-5a79-4669-a117-dc3334337cb9/in_use.lock acquired by nodename 31844@trunk-nightly-5z2vd-27108033
2019-07-14 08:37:17,758 INFO  storage.RaftStorage (RaftStorage.java:format(72)) - Storage directory /workdir/hadoop-ozone/integration-test/target/test-dir/MiniOzoneClusterImpl-f39735a2-5420-4441-a07d-002a9dc39afb/datanode-1/data/ratis/634687a8-5a79-4669-a117-dc3334337cb9 has been successfully formatted.
2019-07-14 08:37:17,758 INFO  ratis.ContainerStateMachine (ContainerStateMachine.java:loadSnapshot(200)) - group-DC3334337CB9: The snapshot info is null. Setting the last applied indexto:(t:0, i:~)
2019-07-14 08:37:17,758 INFO  server.RaftServerConfigKeys (ConfUtils.java:logGet(43)) - raft.server.leader.election.timeout = 120s (custom)
2019-07-14 08:37:17,758 INFO  server.RaftServerConfigKeys (ConfUtils.java:logGet(43)) - raft.server.log.use.memory = false (default)
2019-07-14 08:37:17,759 INFO  server.RaftServerConfigKeys (ConfUtils.java:logGet(43)) - raft.server.log.purge.gap = 1000000000 (custom)
2019-07-14 08:37:17,759 INFO  server.RaftServerConfigKeys (ConfUtils.java:logGet(43)) - raft.server.log.appender.buffer.byte-limit = 33554432 (custom)
2019-07-14 08:37:17,759 INFO  server.RaftServerConfigKeys (ConfUtils.java:logGet(43)) - raft.server.log.segment.size.max = 1048576 (custom)
2019-07-14 08:37:17,759 INFO  server.RaftServerConfigKeys (ConfUtils.java:logGet(43)) - raft.server.log.segment.cache.num.max = 2 (custom)
2019-07-14 08:37:17,759 INFO  segmented.SegmentedRaftLogWorker (SegmentedRaftLogWorker.java:<init>(172)) - new 606a5d8c-f61d-40b4-b7e7-af2cae8db5c2-SegmentedRaftLogWorker:Storage Directory /workdir/hadoop-ozone/integration-test/target/test-dir/MiniOzoneClusterImpl-f39735a2-5420-4441-a07d-002a9dc39afb/datanode-1/data/ratis/634687a8-5a79-4669-a117-dc3334337cb9 for RaftStorage:Storage Directory /workdir/hadoop-ozone/integration-test/target/test-dir/MiniOzoneClusterImpl-f39735a2-5420-4441-a07d-002a9dc39afb/datanode-1/data/ratis/634687a8-5a79-4669-a117-dc3334337cb9
2019-07-14 08:37:17,759 INFO  server.RaftServerConfigKeys (ConfUtils.java:logGet(43)) - raft.server.log.queue.byte-limit = 2147483647 (custom)
2019-07-14 08:37:17,760 INFO  server.RaftServerConfigKeys (ConfUtils.java:logGet(43)) - raft.server.log.queue.element-limit = 1024 (custom)
2019-07-14 08:37:17,760 INFO  server.RaftServerConfigKeys (ConfUtils.java:logGet(43)) - raft.server.log.segment.size.max = 1048576 (custom)
2019-07-14 08:37:17,760 INFO  server.RaftServerConfigKeys (ConfUtils.java:logGet(43)) - raft.server.log.preallocated.size = 16384 (custom)
2019-07-14 08:37:17,760 INFO  server.RaftServerConfigKeys (ConfUtils.java:logGet(43)) - raft.server.log.write.buffer.size = 33554432 (custom)
2019-07-14 08:37:17,760 INFO  server.RaftServerConfigKeys (ConfUtils.java:logGet(43)) - raft.server.log.force.sync.num = 128 (default)
2019-07-14 08:37:17,760 INFO  server.RaftServerConfigKeys (ConfUtils.java:logGet(43)) - raft.server.log.statemachine.data.sync = true (default)
2019-07-14 08:37:17,761 INFO  server.RaftServerConfigKeys (ConfUtils.java:logGet(43)) - raft.server.log.statemachine.data.sync.timeout = 10s (default)
2019-07-14 08:37:17,761 INFO  server.RaftServerConfigKeys (ConfUtils.java:logGet(43)) - raft.server.log.statemachine.data.sync.timeout.retry = -1 (default)
2019-07-14 08:37:17,761 INFO  server.RaftServerConfigKeys (ConfUtils.java:logGet(43)) - raft.server.log.statemachine.data.caching.enabled = true (custom)
2019-07-14 08:37:17,761 INFO  segmented.SegmentedRaftLogWorker (SegmentedRaftLogWorker.java:lambda$new$0(132)) - 606a5d8c-f61d-40b4-b7e7-af2cae8db5c2-SegmentedRaftLogWorker:Storage Directory /workdir/hadoop-ozone/integration-test/target/test-dir/MiniOzoneClusterImpl-f39735a2-5420-4441-a07d-002a9dc39afb/datanode-1/data/ratis/634687a8-5a79-4669-a117-dc3334337cb9: flushIndex: setUnconditionally 0 -> -1
2019-07-14 08:37:17,762 INFO  server.RaftServerConfigKeys (ConfUtils.java:logGet(43)) - raft.server.snapshot.auto.trigger.enabled = true (custom)
2019-07-14 08:37:17,762 INFO  server.RaftServerConfigKeys (ConfUtils.java:logGet(43)) - raft.server.snapshot.auto.trigger.threshold = 10000 (custom)
2019-07-14 08:37:17,762 INFO  server.RaftServerConfigKeys (ConfUtils.java:logGet(43)) - raft.server.retrycache.expirytime = 600000ms (custom)
2019-07-14 08:37:17,762 INFO  impl.RaftServerImpl (RaftServerImpl.java:start(180)) - 606a5d8c-f61d-40b4-b7e7-af2cae8db5c2: start group-DC3334337CB9
2019-07-14 08:37:17,763 INFO  impl.RaftServerImpl (RaftServerImpl.java:setRole(171)) - 606a5d8c-f61d-40b4-b7e7-af2cae8db5c2:group-DC3334337CB9 changes role from null to FOLLOWER at term 0 for startAsFollower
2019-07-14 08:37:17,763 INFO  impl.RoleInfo (RoleInfo.java:updateAndGet(143)) - 606a5d8c-f61d-40b4-b7e7-af2cae8db5c2: start FollowerState
2019-07-14 08:37:17,763 INFO  util.JmxRegister (JmxRegister.java:tryRegister(44)) - Successfully registered JMX Bean with object name Ratis:service=RaftServer,group=group-DC3334337CB9,id=606a5d8c-f61d-40b4-b7e7-af2cae8db5c2
2019-07-14 08:37:17,768 INFO  pipeline.PipelineStateManager (PipelineStateManager.java:addPipeline(56)) - Created pipeline Pipeline[ Id: 634687a8-5a79-4669-a117-dc3334337cb9, Nodes: 606a5d8c-f61d-40b4-b7e7-af2cae8db5c2{ip: 192.168.5.191, host: trunk-nightly-5z2vd-27108033, networkLocation: /default-rack, certSerialId: null}, Type:RATIS, Factor:ONE, State:OPEN]
2019-07-14 08:37:17,865 INFO  ozone.MiniOzoneClusterImpl (MiniOzoneClusterImpl.java:lambda$waitForClusterToBeReady$0(142)) - Waiting for cluster to be ready. Got 2 of 7 DN Heartbeats.
2019-07-14 08:37:18,032 INFO  node.SCMNodeManager (SCMNodeManager.java:register(269)) - Registered Data node : 88f1e3a5-21e0-4d5e-8225-b72ef656a022{ip: 192.168.5.191, host: trunk-nightly-5z2vd-27108033, networkLocation: /default-rack, certSerialId: null}
2019-07-14 08:37:18,041 INFO  impl.RaftServerProxy (RaftServerProxy.java:addNew(89)) - 88f1e3a5-21e0-4d5e-8225-b72ef656a022: addNew group-AF7B0BBF4339:[88f1e3a5-21e0-4d5e-8225-b72ef656a022:192.168.5.191:33272] returns group-AF7B0BBF4339:java.util.concurrent.CompletableFuture@63a62c66[Not completed]
2019-07-14 08:37:18,042 INFO  impl.RaftServerImpl (RaftServerImpl.java:<init>(93)) - 88f1e3a5-21e0-4d5e-8225-b72ef656a022: new RaftServerImpl for group-AF7B0BBF4339:[88f1e3a5-21e0-4d5e-8225-b72ef656a022:192.168.5.191:33272] with ContainerStateMachine:uninitialized
2019-07-14 08:37:18,042 INFO  server.RaftServerConfigKeys (ConfUtils.java:logGet(43)) - raft.server.rpc.timeout.min = 5s (custom)
2019-07-14 08:37:18,042 INFO  server.RaftServerConfigKeys (ConfUtils.java:logGet(43)) - raft.server.rpc.timeout.max = 5200ms (custom)
2019-07-14 08:37:18,042 INFO  server.RaftServerConfigKeys (ConfUtils.java:logGet(43)) - raft.server.rpcslowness.timeout = 120s (custom)
2019-07-14 08:37:18,043 INFO  server.RaftServerConfigKeys (ConfUtils.java:logGet(43)) - raft.server.sleep.deviation.threshold = 300 (default)
2019-07-14 08:37:18,043 INFO  server.RaftServerConfigKeys (ConfUtils.java:logGet(43)) - raft.server.log.appender.install.snapshot.enabled = false (custom)
2019-07-14 08:37:18,043 INFO  impl.RaftServerImpl (ServerState.java:<init>(105)) - 88f1e3a5-21e0-4d5e-8225-b72ef656a022:group-AF7B0BBF4339 ConfigurationManager, init=-1: [88f1e3a5-21e0-4d5e-8225-b72ef656a022:192.168.5.191:33272], old=null, confs=<EMPTY_MAP>
2019-07-14 08:37:18,043 INFO  server.RaftServerConfigKeys (ConfUtils.java:logGet(43)) - raft.server.storage.dir = [/workdir/hadoop-ozone/integration-test/target/test-dir/MiniOzoneClusterImpl-f39735a2-5420-4441-a07d-002a9dc39afb/datanode-2/data/ratis] (custom)
2019-07-14 08:37:18,043 INFO  storage.RaftStorageDirectory (RaftStorageDirectory.java:analyzeStorage(246)) - The storage directory /workdir/hadoop-ozone/integration-test/target/test-dir/MiniOzoneClusterImpl-f39735a2-5420-4441-a07d-002a9dc39afb/datanode-2/data/ratis/e98c918b-167c-4bb9-955d-af7b0bbf4339 does not exist. Creating ...
2019-07-14 08:37:18,048 INFO  storage.RaftStorageDirectory (RaftStorageDirectory.java:tryLock(328)) - Lock on /workdir/hadoop-ozone/integration-test/target/test-dir/MiniOzoneClusterImpl-f39735a2-5420-4441-a07d-002a9dc39afb/datanode-2/data/ratis/e98c918b-167c-4bb9-955d-af7b0bbf4339/in_use.lock acquired by nodename 31844@trunk-nightly-5z2vd-27108033
2019-07-14 08:37:18,052 INFO  storage.RaftStorage (RaftStorage.java:format(72)) - Storage directory /workdir/hadoop-ozone/integration-test/target/test-dir/MiniOzoneClusterImpl-f39735a2-5420-4441-a07d-002a9dc39afb/datanode-2/data/ratis/e98c918b-167c-4bb9-955d-af7b0bbf4339 has been successfully formatted.
2019-07-14 08:37:18,052 INFO  ratis.ContainerStateMachine (ContainerStateMachine.java:loadSnapshot(200)) - group-AF7B0BBF4339: The snapshot info is null. Setting the last applied indexto:(t:0, i:~)
2019-07-14 08:37:18,053 INFO  server.RaftServerConfigKeys (ConfUtils.java:logGet(43)) - raft.server.leader.election.timeout = 120s (custom)
2019-07-14 08:37:18,053 INFO  server.RaftServerConfigKeys (ConfUtils.java:logGet(43)) - raft.server.log.use.memory = false (default)
2019-07-14 08:37:18,053 INFO  server.RaftServerConfigKeys (ConfUtils.java:logGet(43)) - raft.server.log.purge.gap = 1000000000 (custom)
2019-07-14 08:37:18,053 INFO  server.RaftServerConfigKeys (ConfUtils.java:logGet(43)) - raft.server.log.appender.buffer.byte-limit = 33554432 (custom)
2019-07-14 08:37:18,053 INFO  server.RaftServerConfigKeys (ConfUtils.java:logGet(43)) - raft.server.log.segment.size.max = 1048576 (custom)
2019-07-14 08:37:18,053 INFO  server.RaftServerConfigKeys (ConfUtils.java:logGet(43)) - raft.server.log.segment.cache.num.max = 2 (custom)
2019-07-14 08:37:18,053 INFO  segmented.SegmentedRaftLogWorker (SegmentedRaftLogWorker.java:<init>(172)) - new 88f1e3a5-21e0-4d5e-8225-b72ef656a022-SegmentedRaftLogWorker:Storage Directory /workdir/hadoop-ozone/integration-test/target/test-dir/MiniOzoneClusterImpl-f39735a2-5420-4441-a07d-002a9dc39afb/datanode-2/data/ratis/e98c918b-167c-4bb9-955d-af7b0bbf4339 for RaftStorage:Storage Directory /workdir/hadoop-ozone/integration-test/target/test-dir/MiniOzoneClusterImpl-f39735a2-5420-4441-a07d-002a9dc39afb/datanode-2/data/ratis/e98c918b-167c-4bb9-955d-af7b0bbf4339
2019-07-14 08:37:18,054 INFO  server.RaftServerConfigKeys (ConfUtils.java:logGet(43)) - raft.server.log.queue.byte-limit = 2147483647 (custom)
2019-07-14 08:37:18,054 INFO  server.RaftServerConfigKeys (ConfUtils.java:logGet(43)) - raft.server.log.queue.element-limit = 1024 (custom)
2019-07-14 08:37:18,054 INFO  server.RaftServerConfigKeys (ConfUtils.java:logGet(43)) - raft.server.log.segment.size.max = 1048576 (custom)
2019-07-14 08:37:18,054 INFO  server.RaftServerConfigKeys (ConfUtils.java:logGet(43)) - raft.server.log.preallocated.size = 16384 (custom)
2019-07-14 08:37:18,054 INFO  server.RaftServerConfigKeys (ConfUtils.java:logGet(43)) - raft.server.log.write.buffer.size = 33554432 (custom)
2019-07-14 08:37:18,054 INFO  server.RaftServerConfigKeys (ConfUtils.java:logGet(43)) - raft.server.log.force.sync.num = 128 (default)
2019-07-14 08:37:18,055 INFO  server.RaftServerConfigKeys (ConfUtils.java:logGet(43)) - raft.server.log.statemachine.data.sync = true (default)
2019-07-14 08:37:18,055 INFO  server.RaftServerConfigKeys (ConfUtils.java:logGet(43)) - raft.server.log.statemachine.data.sync.timeout = 10s (default)
2019-07-14 08:37:18,055 INFO  server.RaftServerConfigKeys (ConfUtils.java:logGet(43)) - raft.server.log.statemachine.data.sync.timeout.retry = -1 (default)
2019-07-14 08:37:18,055 INFO  server.RaftServerConfigKeys (ConfUtils.java:logGet(43)) - raft.server.log.statemachine.data.caching.enabled = true (custom)
2019-07-14 08:37:18,055 INFO  segmented.SegmentedRaftLogWorker (SegmentedRaftLogWorker.java:lambda$new$0(132)) - 88f1e3a5-21e0-4d5e-8225-b72ef656a022-SegmentedRaftLogWorker:Storage Directory /workdir/hadoop-ozone/integration-test/target/test-dir/MiniOzoneClusterImpl-f39735a2-5420-4441-a07d-002a9dc39afb/datanode-2/data/ratis/e98c918b-167c-4bb9-955d-af7b0bbf4339: flushIndex: setUnconditionally 0 -> -1
2019-07-14 08:37:18,056 INFO  server.RaftServerConfigKeys (ConfUtils.java:logGet(43)) - raft.server.snapshot.auto.trigger.enabled = true (custom)
2019-07-14 08:37:18,056 INFO  server.RaftServerConfigKeys (ConfUtils.java:logGet(43)) - raft.server.snapshot.auto.trigger.threshold = 10000 (custom)
2019-07-14 08:37:18,056 INFO  server.RaftServerConfigKeys (ConfUtils.java:logGet(43)) - raft.server.retrycache.expirytime = 600000ms (custom)
2019-07-14 08:37:18,056 INFO  impl.RaftServerImpl (RaftServerImpl.java:start(180)) - 88f1e3a5-21e0-4d5e-8225-b72ef656a022: start group-AF7B0BBF4339
2019-07-14 08:37:18,056 INFO  impl.RaftServerImpl (RaftServerImpl.java:setRole(171)) - 88f1e3a5-21e0-4d5e-8225-b72ef656a022:group-AF7B0BBF4339 changes role from null to FOLLOWER at term 0 for startAsFollower
2019-07-14 08:37:18,057 INFO  impl.RoleInfo (RoleInfo.java:updateAndGet(143)) - 88f1e3a5-21e0-4d5e-8225-b72ef656a022: start FollowerState
2019-07-14 08:37:18,057 INFO  util.JmxRegister (JmxRegister.java:tryRegister(44)) - Successfully registered JMX Bean with object name Ratis:service=RaftServer,group=group-AF7B0BBF4339,id=88f1e3a5-21e0-4d5e-8225-b72ef656a022
2019-07-14 08:37:18,061 INFO  pipeline.PipelineStateManager (PipelineStateManager.java:addPipeline(56)) - Created pipeline Pipeline[ Id: e98c918b-167c-4bb9-955d-af7b0bbf4339, Nodes: 88f1e3a5-21e0-4d5e-8225-b72ef656a022{ip: 192.168.5.191, host: trunk-nightly-5z2vd-27108033, networkLocation: /default-rack, certSerialId: null}, Type:RATIS, Factor:ONE, State:OPEN]
2019-07-14 08:37:18,071 INFO  impl.RaftServerProxy (RaftServerProxy.java:addNew(89)) - e9a50411-88c9-48bf-afde-0143fc4b5cad: addNew group-D317E2EB8D42:[88f1e3a5-21e0-4d5e-8225-b72ef656a022:192.168.5.191:33272, 606a5d8c-f61d-40b4-b7e7-af2cae8db5c2:192.168.5.191:46349, e9a50411-88c9-48bf-afde-0143fc4b5cad:192.168.5.191:38840] returns group-D317E2EB8D42:java.util.concurrent.CompletableFuture@39ab8940[Not completed]
2019-07-14 08:37:18,071 INFO  impl.RaftServerProxy (RaftServerProxy.java:addNew(89)) - 606a5d8c-f61d-40b4-b7e7-af2cae8db5c2: addNew group-D317E2EB8D42:[88f1e3a5-21e0-4d5e-8225-b72ef656a022:192.168.5.191:33272, 606a5d8c-f61d-40b4-b7e7-af2cae8db5c2:192.168.5.191:46349, e9a50411-88c9-48bf-afde-0143fc4b5cad:192.168.5.191:38840] returns group-D317E2EB8D42:java.util.concurrent.CompletableFuture@21c60d0e[Not completed]
2019-07-14 08:37:18,071 INFO  impl.RaftServerProxy (RaftServerProxy.java:addNew(89)) - 88f1e3a5-21e0-4d5e-8225-b72ef656a022: addNew group-D317E2EB8D42:[88f1e3a5-21e0-4d5e-8225-b72ef656a022:192.168.5.191:33272, 606a5d8c-f61d-40b4-b7e7-af2cae8db5c2:192.168.5.191:46349, e9a50411-88c9-48bf-afde-0143fc4b5cad:192.168.5.191:38840] returns group-D317E2EB8D42:java.util.concurrent.CompletableFuture@554600b9[Not completed]
2019-07-14 08:37:18,072 INFO  impl.RaftServerImpl (RaftServerImpl.java:<init>(93)) - 88f1e3a5-21e0-4d5e-8225-b72ef656a022: new RaftServerImpl for group-D317E2EB8D42:[88f1e3a5-21e0-4d5e-8225-b72ef656a022:192.168.5.191:33272, 606a5d8c-f61d-40b4-b7e7-af2cae8db5c2:192.168.5.191:46349, e9a50411-88c9-48bf-afde-0143fc4b5cad:192.168.5.191:38840] with ContainerStateMachine:uninitialized
2019-07-14 08:37:18,072 INFO  server.RaftServerConfigKeys (ConfUtils.java:logGet(43)) - raft.server.rpc.timeout.min = 5s (custom)
2019-07-14 08:37:18,072 INFO  server.RaftServerConfigKeys (ConfUtils.java:logGet(43)) - raft.server.rpc.timeout.max = 5200ms (custom)
2019-07-14 08:37:18,072 INFO  server.RaftServerConfigKeys (ConfUtils.java:logGet(43)) - raft.server.rpcslowness.timeout = 120s (custom)
2019-07-14 08:37:18,072 INFO  impl.RaftServerImpl (RaftServerImpl.java:<init>(93)) - e9a50411-88c9-48bf-afde-0143fc4b5cad: new RaftServerImpl for group-D317E2EB8D42:[88f1e3a5-21e0-4d5e-8225-b72ef656a022:192.168.5.191:33272, 606a5d8c-f61d-40b4-b7e7-af2cae8db5c2:192.168.5.191:46349, e9a50411-88c9-48bf-afde-0143fc4b5cad:192.168.5.191:38840] with ContainerStateMachine:uninitialized
2019-07-14 08:37:18,072 INFO  server.RaftServerConfigKeys (ConfUtils.java:logGet(43)) - raft.server.sleep.deviation.threshold = 300 (default)
2019-07-14 08:37:18,072 INFO  server.RaftServerConfigKeys (ConfUtils.java:logGet(43)) - raft.server.rpc.timeout.min = 5s (custom)
2019-07-14 08:37:18,073 INFO  impl.RaftServerImpl (RaftServerImpl.java:<init>(93)) - 606a5d8c-f61d-40b4-b7e7-af2cae8db5c2: new RaftServerImpl for group-D317E2EB8D42:[88f1e3a5-21e0-4d5e-8225-b72ef656a022:192.168.5.191:33272, 606a5d8c-f61d-40b4-b7e7-af2cae8db5c2:192.168.5.191:46349, e9a50411-88c9-48bf-afde-0143fc4b5cad:192.168.5.191:38840] with ContainerStateMachine:uninitialized
2019-07-14 08:37:18,073 INFO  server.RaftServerConfigKeys (ConfUtils.java:logGet(43)) - raft.server.log.appender.install.snapshot.enabled = false (custom)
2019-07-14 08:37:18,073 INFO  server.RaftServerConfigKeys (ConfUtils.java:logGet(43)) - raft.server.rpc.timeout.min = 5s (custom)
2019-07-14 08:37:18,073 INFO  server.RaftServerConfigKeys (ConfUtils.java:logGet(43)) - raft.server.rpc.timeout.max = 5200ms (custom)
2019-07-14 08:37:18,073 INFO  server.RaftServerConfigKeys (ConfUtils.java:logGet(43)) - raft.server.rpc.timeout.max = 5200ms (custom)
2019-07-14 08:37:18,073 INFO  impl.RaftServerImpl (ServerState.java:<init>(105)) - 88f1e3a5-21e0-4d5e-8225-b72ef656a022:group-D317E2EB8D42 ConfigurationManager, init=-1: [88f1e3a5-21e0-4d5e-8225-b72ef656a022:192.168.5.191:33272, 606a5d8c-f61d-40b4-b7e7-af2cae8db5c2:192.168.5.191:46349, e9a50411-88c9-48bf-afde-0143fc4b5cad:192.168.5.191:38840], old=null, confs=<EMPTY_MAP>
2019-07-14 08:37:18,073 INFO  server.RaftServerConfigKeys (ConfUtils.java:logGet(43)) - raft.server.rpcslowness.timeout = 120s (custom)
2019-07-14 08:37:18,073 INFO  server.RaftServerConfigKeys (ConfUtils.java:logGet(43)) - raft.server.storage.dir = [/workdir/hadoop-ozone/integration-test/target/test-dir/MiniOzoneClusterImpl-f39735a2-5420-4441-a07d-002a9dc39afb/datanode-2/data/ratis] (custom)
2019-07-14 08:37:18,073 INFO  server.RaftServerConfigKeys (ConfUtils.java:logGet(43)) - raft.server.rpcslowness.timeout = 120s (custom)
2019-07-14 08:37:18,073 INFO  server.RaftServerConfigKeys (ConfUtils.java:logGet(43)) - raft.server.sleep.deviation.threshold = 300 (default)
2019-07-14 08:37:18,074 INFO  server.RaftServerConfigKeys (ConfUtils.java:logGet(43)) - raft.server.sleep.deviation.threshold = 300 (default)
2019-07-14 08:37:18,074 INFO  server.RaftServerConfigKeys (ConfUtils.java:logGet(43)) - raft.server.log.appender.install.snapshot.enabled = false (custom)
2019-07-14 08:37:18,074 INFO  storage.RaftStorageDirectory (RaftStorageDirectory.java:analyzeStorage(246)) - The storage directory /workdir/hadoop-ozone/integration-test/target/test-dir/MiniOzoneClusterImpl-f39735a2-5420-4441-a07d-002a9dc39afb/datanode-2/data/ratis/41ad84cb-a288-423d-ac75-d317e2eb8d42 does not exist. Creating ...
2019-07-14 08:37:18,074 INFO  impl.RaftServerImpl (ServerState.java:<init>(105)) - 606a5d8c-f61d-40b4-b7e7-af2cae8db5c2:group-D317E2EB8D42 ConfigurationManager, init=-1: [88f1e3a5-21e0-4d5e-8225-b72ef656a022:192.168.5.191:33272, 606a5d8c-f61d-40b4-b7e7-af2cae8db5c2:192.168.5.191:46349, e9a50411-88c9-48bf-afde-0143fc4b5cad:192.168.5.191:38840], old=null, confs=<EMPTY_MAP>
2019-07-14 08:37:18,074 INFO  server.RaftServerConfigKeys (ConfUtils.java:logGet(43)) - raft.server.log.appender.install.snapshot.enabled = false (custom)
2019-07-14 08:37:18,074 INFO  server.RaftServerConfigKeys (ConfUtils.java:logGet(43)) - raft.server.storage.dir = [/workdir/hadoop-ozone/integration-test/target/test-dir/MiniOzoneClusterImpl-f39735a2-5420-4441-a07d-002a9dc39afb/datanode-1/data/ratis] (custom)
2019-07-14 08:37:18,074 INFO  impl.RaftServerImpl (ServerState.java:<init>(105)) - e9a50411-88c9-48bf-afde-0143fc4b5cad:group-D317E2EB8D42 ConfigurationManager, init=-1: [88f1e3a5-21e0-4d5e-8225-b72ef656a022:192.168.5.191:33272, 606a5d8c-f61d-40b4-b7e7-af2cae8db5c2:192.168.5.191:46349, e9a50411-88c9-48bf-afde-0143fc4b5cad:192.168.5.191:38840], old=null, confs=<EMPTY_MAP>
2019-07-14 08:37:18,075 INFO  server.RaftServerConfigKeys (ConfUtils.java:logGet(43)) - raft.server.storage.dir = [/workdir/hadoop-ozone/integration-test/target/test-dir/MiniOzoneClusterImpl-f39735a2-5420-4441-a07d-002a9dc39afb/datanode-0/data/ratis] (custom)
2019-07-14 08:37:18,075 INFO  storage.RaftStorageDirectory (RaftStorageDirectory.java:analyzeStorage(246)) - The storage directory /workdir/hadoop-ozone/integration-test/target/test-dir/MiniOzoneClusterImpl-f39735a2-5420-4441-a07d-002a9dc39afb/datanode-1/data/ratis/41ad84cb-a288-423d-ac75-d317e2eb8d42 does not exist. Creating ...
2019-07-14 08:37:18,075 INFO  storage.RaftStorageDirectory (RaftStorageDirectory.java:analyzeStorage(246)) - The storage directory /workdir/hadoop-ozone/integration-test/target/test-dir/MiniOzoneClusterImpl-f39735a2-5420-4441-a07d-002a9dc39afb/datanode-0/data/ratis/41ad84cb-a288-423d-ac75-d317e2eb8d42 does not exist. Creating ...
2019-07-14 08:37:18,080 INFO  storage.RaftStorageDirectory (RaftStorageDirectory.java:tryLock(328)) - Lock on /workdir/hadoop-ozone/integration-test/target/test-dir/MiniOzoneClusterImpl-f39735a2-5420-4441-a07d-002a9dc39afb/datanode-1/data/ratis/41ad84cb-a288-423d-ac75-d317e2eb8d42/in_use.lock acquired by nodename 31844@trunk-nightly-5z2vd-27108033
2019-07-14 08:37:18,080 INFO  storage.RaftStorageDirectory (RaftStorageDirectory.java:tryLock(328)) - Lock on /workdir/hadoop-ozone/integration-test/target/test-dir/MiniOzoneClusterImpl-f39735a2-5420-4441-a07d-002a9dc39afb/datanode-2/data/ratis/41ad84cb-a288-423d-ac75-d317e2eb8d42/in_use.lock acquired by nodename 31844@trunk-nightly-5z2vd-27108033
2019-07-14 08:37:18,080 INFO  storage.RaftStorageDirectory (RaftStorageDirectory.java:tryLock(328)) - Lock on /workdir/hadoop-ozone/integration-test/target/test-dir/MiniOzoneClusterImpl-f39735a2-5420-4441-a07d-002a9dc39afb/datanode-0/data/ratis/41ad84cb-a288-423d-ac75-d317e2eb8d42/in_use.lock acquired by nodename 31844@trunk-nightly-5z2vd-27108033
2019-07-14 08:37:18,086 INFO  storage.RaftStorage (RaftStorage.java:format(72)) - Storage directory /workdir/hadoop-ozone/integration-test/target/test-dir/MiniOzoneClusterImpl-f39735a2-5420-4441-a07d-002a9dc39afb/datanode-2/data/ratis/41ad84cb-a288-423d-ac75-d317e2eb8d42 has been successfully formatted.
2019-07-14 08:37:18,086 INFO  storage.RaftStorage (RaftStorage.java:format(72)) - Storage directory /workdir/hadoop-ozone/integration-test/target/test-dir/MiniOzoneClusterImpl-f39735a2-5420-4441-a07d-002a9dc39afb/datanode-1/data/ratis/41ad84cb-a288-423d-ac75-d317e2eb8d42 has been successfully formatted.
2019-07-14 08:37:18,086 INFO  storage.RaftStorage (RaftStorage.java:format(72)) - Storage directory /workdir/hadoop-ozone/integration-test/target/test-dir/MiniOzoneClusterImpl-f39735a2-5420-4441-a07d-002a9dc39afb/datanode-0/data/ratis/41ad84cb-a288-423d-ac75-d317e2eb8d42 has been successfully formatted.
2019-07-14 08:37:18,086 INFO  ratis.ContainerStateMachine (ContainerStateMachine.java:loadSnapshot(200)) - group-D317E2EB8D42: The snapshot info is null. Setting the last applied indexto:(t:0, i:~)
2019-07-14 08:37:18,086 INFO  ratis.ContainerStateMachine (ContainerStateMachine.java:loadSnapshot(200)) - group-D317E2EB8D42: The snapshot info is null. Setting the last applied indexto:(t:0, i:~)
2019-07-14 08:37:18,086 INFO  server.RaftServerConfigKeys (ConfUtils.java:logGet(43)) - raft.server.leader.election.timeout = 120s (custom)
2019-07-14 08:37:18,086 INFO  ratis.ContainerStateMachine (ContainerStateMachine.java:loadSnapshot(200)) - group-D317E2EB8D42: The snapshot info is null. Setting the last applied indexto:(t:0, i:~)
2019-07-14 08:37:18,087 INFO  server.RaftServerConfigKeys (ConfUtils.java:logGet(43)) - raft.server.log.use.memory = false (default)
2019-07-14 08:37:18,086 INFO  server.RaftServerConfigKeys (ConfUtils.java:logGet(43)) - raft.server.leader.election.timeout = 120s (custom)
2019-07-14 08:37:18,087 INFO  server.RaftServerConfigKeys (ConfUtils.java:logGet(43)) - raft.server.log.purge.gap = 1000000000 (custom)
2019-07-14 08:37:18,087 INFO  server.RaftServerConfigKeys (ConfUtils.java:logGet(43)) - raft.server.leader.election.timeout = 120s (custom)
2019-07-14 08:37:18,087 INFO  server.RaftServerConfigKeys (ConfUtils.java:logGet(43)) - raft.server.log.appender.buffer.byte-limit = 33554432 (custom)
2019-07-14 08:37:18,087 INFO  server.RaftServerConfigKeys (ConfUtils.java:logGet(43)) - raft.server.log.use.memory = false (default)
2019-07-14 08:37:18,087 INFO  server.RaftServerConfigKeys (ConfUtils.java:logGet(43)) - raft.server.log.segment.size.max = 1048576 (custom)
2019-07-14 08:37:18,087 INFO  server.RaftServerConfigKeys (ConfUtils.java:logGet(43)) - raft.server.log.use.memory = false (default)
2019-07-14 08:37:18,087 INFO  server.RaftServerConfigKeys (ConfUtils.java:logGet(43)) - raft.server.log.segment.cache.num.max = 2 (custom)
2019-07-14 08:37:18,087 INFO  server.RaftServerConfigKeys (ConfUtils.java:logGet(43)) - raft.server.log.purge.gap = 1000000000 (custom)
2019-07-14 08:37:18,088 INFO  segmented.SegmentedRaftLogWorker (SegmentedRaftLogWorker.java:<init>(172)) - new 606a5d8c-f61d-40b4-b7e7-af2cae8db5c2-SegmentedRaftLogWorker:Storage Directory /workdir/hadoop-ozone/integration-test/target/test-dir/MiniOzoneClusterImpl-f39735a2-5420-4441-a07d-002a9dc39afb/datanode-1/data/ratis/41ad84cb-a288-423d-ac75-d317e2eb8d42 for RaftStorage:Storage Directory /workdir/hadoop-ozone/integration-test/target/test-dir/MiniOzoneClusterImpl-f39735a2-5420-4441-a07d-002a9dc39afb/datanode-1/data/ratis/41ad84cb-a288-423d-ac75-d317e2eb8d42
2019-07-14 08:37:18,088 INFO  server.RaftServerConfigKeys (ConfUtils.java:logGet(43)) - raft.server.log.purge.gap = 1000000000 (custom)
2019-07-14 08:37:18,088 INFO  server.RaftServerConfigKeys (ConfUtils.java:logGet(43)) - raft.server.log.queue.byte-limit = 2147483647 (custom)
2019-07-14 08:37:18,088 INFO  server.RaftServerConfigKeys (ConfUtils.java:logGet(43)) - raft.server.log.queue.element-limit = 1024 (custom)
2019-07-14 08:37:18,088 INFO  server.RaftServerConfigKeys (ConfUtils.java:logGet(43)) - raft.server.log.appender.buffer.byte-limit = 33554432 (custom)
2019-07-14 08:37:18,088 INFO  server.RaftServerConfigKeys (ConfUtils.java:logGet(43)) - raft.server.log.segment.size.max = 1048576 (custom)
2019-07-14 08:37:18,089 INFO  server.RaftServerConfigKeys (ConfUtils.java:logGet(43)) - raft.server.log.preallocated.size = 16384 (custom)
2019-07-14 08:37:18,088 INFO  server.RaftServerConfigKeys (ConfUtils.java:logGet(43)) - raft.server.log.appender.buffer.byte-limit = 33554432 (custom)
2019-07-14 08:37:18,089 INFO  server.RaftServerConfigKeys (ConfUtils.java:logGet(43)) - raft.server.log.write.buffer.size = 33554432 (custom)
2019-07-14 08:37:18,089 INFO  server.RaftServerConfigKeys (ConfUtils.java:logGet(43)) - raft.server.log.segment.size.max = 1048576 (custom)
2019-07-14 08:37:18,089 INFO  server.RaftServerConfigKeys (ConfUtils.java:logGet(43)) - raft.server.log.force.sync.num = 128 (default)
2019-07-14 08:37:18,089 INFO  server.RaftServerConfigKeys (ConfUtils.java:logGet(43)) - raft.server.log.segment.size.max = 1048576 (custom)
2019-07-14 08:37:18,089 INFO  server.RaftServerConfigKeys (ConfUtils.java:logGet(43)) - raft.server.log.statemachine.data.sync = true (default)
2019-07-14 08:37:18,089 INFO  server.RaftServerConfigKeys (ConfUtils.java:logGet(43)) - raft.server.log.segment.cache.num.max = 2 (custom)
2019-07-14 08:37:18,089 INFO  server.RaftServerConfigKeys (ConfUtils.java:logGet(43)) - raft.server.log.statemachine.data.sync.timeout = 10s (default)
2019-07-14 08:37:18,089 INFO  server.RaftServerConfigKeys (ConfUtils.java:logGet(43)) - raft.server.log.segment.cache.num.max = 2 (custom)
2019-07-14 08:37:18,090 INFO  server.RaftServerConfigKeys (ConfUtils.java:logGet(43)) - raft.server.log.statemachine.data.sync.timeout.retry = -1 (default)
2019-07-14 08:37:18,090 INFO  segmented.SegmentedRaftLogWorker (SegmentedRaftLogWorker.java:<init>(172)) - new 88f1e3a5-21e0-4d5e-8225-b72ef656a022-SegmentedRaftLogWorker:Storage Directory /workdir/hadoop-ozone/integration-test/target/test-dir/MiniOzoneClusterImpl-f39735a2-5420-4441-a07d-002a9dc39afb/datanode-2/data/ratis/41ad84cb-a288-423d-ac75-d317e2eb8d42 for RaftStorage:Storage Directory /workdir/hadoop-ozone/integration-test/target/test-dir/MiniOzoneClusterImpl-f39735a2-5420-4441-a07d-002a9dc39afb/datanode-2/data/ratis/41ad84cb-a288-423d-ac75-d317e2eb8d42
2019-07-14 08:37:18,090 INFO  server.RaftServerConfigKeys (ConfUtils.java:logGet(43)) - raft.server.log.statemachine.data.caching.enabled = true (custom)
2019-07-14 08:37:18,090 INFO  segmented.SegmentedRaftLogWorker (SegmentedRaftLogWorker.java:<init>(172)) - new e9a50411-88c9-48bf-afde-0143fc4b5cad-SegmentedRaftLogWorker:Storage Directory /workdir/hadoop-ozone/integration-test/target/test-dir/MiniOzoneClusterImpl-f39735a2-5420-4441-a07d-002a9dc39afb/datanode-0/data/ratis/41ad84cb-a288-423d-ac75-d317e2eb8d42 for RaftStorage:Storage Directory /workdir/hadoop-ozone/integration-test/target/test-dir/MiniOzoneClusterImpl-f39735a2-5420-4441-a07d-002a9dc39afb/datanode-0/data/ratis/41ad84cb-a288-423d-ac75-d317e2eb8d42
2019-07-14 08:37:18,090 INFO  server.RaftServerConfigKeys (ConfUtils.java:logGet(43)) - raft.server.log.queue.byte-limit = 2147483647 (custom)
2019-07-14 08:37:18,090 INFO  segmented.SegmentedRaftLogWorker (SegmentedRaftLogWorker.java:lambda$new$0(132)) - 606a5d8c-f61d-40b4-b7e7-af2cae8db5c2-SegmentedRaftLogWorker:Storage Directory /workdir/hadoop-ozone/integration-test/target/test-dir/MiniOzoneClusterImpl-f39735a2-5420-4441-a07d-002a9dc39afb/datanode-1/data/ratis/41ad84cb-a288-423d-ac75-d317e2eb8d42: flushIndex: setUnconditionally 0 -> -1
2019-07-14 08:37:18,090 INFO  server.RaftServerConfigKeys (ConfUtils.java:logGet(43)) - raft.server.log.queue.byte-limit = 2147483647 (custom)
2019-07-14 08:37:18,090 INFO  server.RaftServerConfigKeys (ConfUtils.java:logGet(43)) - raft.server.log.queue.element-limit = 1024 (custom)
2019-07-14 08:37:18,091 INFO  server.RaftServerConfigKeys (ConfUtils.java:logGet(43)) - raft.server.snapshot.auto.trigger.enabled = true (custom)
2019-07-14 08:37:18,091 INFO  server.RaftServerConfigKeys (ConfUtils.java:logGet(43)) - raft.server.log.queue.element-limit = 1024 (custom)
2019-07-14 08:37:18,091 INFO  server.RaftServerConfigKeys (ConfUtils.java:logGet(43)) - raft.server.snapshot.auto.trigger.threshold = 10000 (custom)
2019-07-14 08:37:18,091 INFO  server.RaftServerConfigKeys (ConfUtils.java:logGet(43)) - raft.server.log.segment.size.max = 1048576 (custom)
2019-07-14 08:37:18,091 INFO  server.RaftServerConfigKeys (ConfUtils.java:logGet(43)) - raft.server.retrycache.expirytime = 600000ms (custom)
2019-07-14 08:37:18,091 INFO  server.RaftServerConfigKeys (ConfUtils.java:logGet(43)) - raft.server.log.segment.size.max = 1048576 (custom)
2019-07-14 08:37:18,091 INFO  impl.RaftServerImpl (RaftServerImpl.java:start(180)) - 606a5d8c-f61d-40b4-b7e7-af2cae8db5c2: start group-D317E2EB8D42
2019-07-14 08:37:18,091 INFO  server.RaftServerConfigKeys (ConfUtils.java:logGet(43)) - raft.server.log.preallocated.size = 16384 (custom)
2019-07-14 08:37:18,092 INFO  impl.RaftServerImpl (RaftServerImpl.java:setRole(171)) - 606a5d8c-f61d-40b4-b7e7-af2cae8db5c2:group-D317E2EB8D42 changes role from null to FOLLOWER at term 0 for startAsFollower
2019-07-14 08:37:18,091 INFO  server.RaftServerConfigKeys (ConfUtils.java:logGet(43)) - raft.server.log.preallocated.size = 16384 (custom)
2019-07-14 08:37:18,092 INFO  impl.RoleInfo (RoleInfo.java:updateAndGet(143)) - 606a5d8c-f61d-40b4-b7e7-af2cae8db5c2: start FollowerState
2019-07-14 08:37:18,092 INFO  server.RaftServerConfigKeys (ConfUtils.java:logGet(43)) - raft.server.log.write.buffer.size = 33554432 (custom)
2019-07-14 08:37:18,092 INFO  server.RaftServerConfigKeys (ConfUtils.java:logGet(43)) - raft.server.log.write.buffer.size = 33554432 (custom)
2019-07-14 08:37:18,092 INFO  server.RaftServerConfigKeys (ConfUtils.java:logGet(43)) - raft.server.log.force.sync.num = 128 (default)
2019-07-14 08:37:18,102 INFO  util.JmxRegister (JmxRegister.java:tryRegister(44)) - Successfully registered JMX Bean with object name Ratis:service=RaftServer,group=group-D317E2EB8D42,id=606a5d8c-f61d-40b4-b7e7-af2cae8db5c2
2019-07-14 08:37:18,092 INFO  server.RaftServerConfigKeys (ConfUtils.java:logGet(43)) - raft.server.log.force.sync.num = 128 (default)
2019-07-14 08:37:18,102 INFO  server.RaftServerConfigKeys (ConfUtils.java:logGet(43)) - raft.server.log.statemachine.data.sync = true (default)
2019-07-14 08:37:18,103 INFO  server.RaftServerConfigKeys (ConfUtils.java:logGet(43)) - raft.server.log.statemachine.data.sync = true (default)
2019-07-14 08:37:18,103 INFO  server.RaftServerConfigKeys (ConfUtils.java:logGet(43)) - raft.server.log.statemachine.data.sync.timeout = 10s (default)
2019-07-14 08:37:18,109 INFO  server.RaftServerConfigKeys (ConfUtils.java:logGet(43)) - raft.server.log.statemachine.data.sync.timeout = 10s (default)
2019-07-14 08:37:18,109 INFO  server.RaftServerConfigKeys (ConfUtils.java:logGet(43)) - raft.server.log.statemachine.data.sync.timeout.retry = -1 (default)
2019-07-14 08:37:18,109 INFO  server.RaftServerConfigKeys (ConfUtils.java:logGet(43)) - raft.server.log.statemachine.data.sync.timeout.retry = -1 (default)
2019-07-14 08:37:18,109 INFO  server.RaftServerConfigKeys (ConfUtils.java:logGet(43)) - raft.server.log.statemachine.data.caching.enabled = true (custom)
2019-07-14 08:37:18,110 INFO  server.RaftServerConfigKeys (ConfUtils.java:logGet(43)) - raft.server.log.statemachine.data.caching.enabled = true (custom)
2019-07-14 08:37:18,112 INFO  segmented.SegmentedRaftLogWorker (SegmentedRaftLogWorker.java:lambda$new$0(132)) - 88f1e3a5-21e0-4d5e-8225-b72ef656a022-SegmentedRaftLogWorker:Storage Directory /workdir/hadoop-ozone/integration-test/target/test-dir/MiniOzoneClusterImpl-f39735a2-5420-4441-a07d-002a9dc39afb/datanode-2/data/ratis/41ad84cb-a288-423d-ac75-d317e2eb8d42: flushIndex: setUnconditionally 0 -> -1
2019-07-14 08:37:18,112 INFO  segmented.SegmentedRaftLogWorker (SegmentedRaftLogWorker.java:lambda$new$0(132)) - e9a50411-88c9-48bf-afde-0143fc4b5cad-SegmentedRaftLogWorker:Storage Directory /workdir/hadoop-ozone/integration-test/target/test-dir/MiniOzoneClusterImpl-f39735a2-5420-4441-a07d-002a9dc39afb/datanode-0/data/ratis/41ad84cb-a288-423d-ac75-d317e2eb8d42: flushIndex: setUnconditionally 0 -> -1
2019-07-14 08:37:18,112 INFO  server.RaftServerConfigKeys (ConfUtils.java:logGet(43)) - raft.server.snapshot.auto.trigger.enabled = true (custom)
2019-07-14 08:37:18,112 INFO  server.RaftServerConfigKeys (ConfUtils.java:logGet(43)) - raft.server.snapshot.auto.trigger.enabled = true (custom)
2019-07-14 08:37:18,112 INFO  server.RaftServerConfigKeys (ConfUtils.java:logGet(43)) - raft.server.snapshot.auto.trigger.threshold = 10000 (custom)
2019-07-14 08:37:18,112 INFO  server.RaftServerConfigKeys (ConfUtils.java:logGet(43)) - raft.server.snapshot.auto.trigger.threshold = 10000 (custom)
2019-07-14 08:37:18,112 INFO  server.RaftServerConfigKeys (ConfUtils.java:logGet(43)) - raft.server.retrycache.expirytime = 600000ms (custom)
2019-07-14 08:37:18,112 INFO  server.RaftServerConfigKeys (ConfUtils.java:logGet(43)) - raft.server.retrycache.expirytime = 600000ms (custom)
2019-07-14 08:37:18,113 INFO  impl.RaftServerImpl (RaftServerImpl.java:start(180)) - 88f1e3a5-21e0-4d5e-8225-b72ef656a022: start group-D317E2EB8D42
2019-07-14 08:37:18,113 INFO  impl.RaftServerImpl (RaftServerImpl.java:start(180)) - e9a50411-88c9-48bf-afde-0143fc4b5cad: start group-D317E2EB8D42
2019-07-14 08:37:18,113 INFO  impl.RaftServerImpl (RaftServerImpl.java:setRole(171)) - 88f1e3a5-21e0-4d5e-8225-b72ef656a022:group-D317E2EB8D42 changes role from null to FOLLOWER at term 0 for startAsFollower
2019-07-14 08:37:18,113 INFO  impl.RaftServerImpl (RaftServerImpl.java:setRole(171)) - e9a50411-88c9-48bf-afde-0143fc4b5cad:group-D317E2EB8D42 changes role from null to FOLLOWER at term 0 for startAsFollower
2019-07-14 08:37:18,113 INFO  impl.RoleInfo (RoleInfo.java:updateAndGet(143)) - 88f1e3a5-21e0-4d5e-8225-b72ef656a022: start FollowerState
2019-07-14 08:37:18,113 INFO  impl.RoleInfo (RoleInfo.java:updateAndGet(143)) - e9a50411-88c9-48bf-afde-0143fc4b5cad: start FollowerState
2019-07-14 08:37:18,113 INFO  util.JmxRegister (JmxRegister.java:tryRegister(44)) - Successfully registered JMX Bean with object name Ratis:service=RaftServer,group=group-D317E2EB8D42,id=88f1e3a5-21e0-4d5e-8225-b72ef656a022
2019-07-14 08:37:18,114 INFO  util.JmxRegister (JmxRegister.java:tryRegister(44)) - Successfully registered JMX Bean with object name Ratis:service=RaftServer,group=group-D317E2EB8D42,id=e9a50411-88c9-48bf-afde-0143fc4b5cad
2019-07-14 08:37:18,119 INFO  pipeline.PipelineStateManager (PipelineStateManager.java:addPipeline(56)) - Created pipeline Pipeline[ Id: 41ad84cb-a288-423d-ac75-d317e2eb8d42, Nodes: 88f1e3a5-21e0-4d5e-8225-b72ef656a022{ip: 192.168.5.191, host: trunk-nightly-5z2vd-27108033, networkLocation: /default-rack, certSerialId: null}e9a50411-88c9-48bf-afde-0143fc4b5cad{ip: 192.168.5.191, host: trunk-nightly-5z2vd-27108033, networkLocation: /default-rack, certSerialId: null}606a5d8c-f61d-40b4-b7e7-af2cae8db5c2{ip: 192.168.5.191, host: trunk-nightly-5z2vd-27108033, networkLocation: /default-rack, certSerialId: null}, Type:RATIS, Factor:THREE, State:OPEN]
2019-07-14 08:37:18,247 INFO  node.SCMNodeManager (SCMNodeManager.java:register(269)) - Registered Data node : 9bd95888-5333-4516-99f7-a7e03f6f5c6c{ip: 192.168.5.191, host: trunk-nightly-5z2vd-27108033, networkLocation: /default-rack, certSerialId: null}
2019-07-14 08:37:18,255 INFO  impl.RaftServerProxy (RaftServerProxy.java:addNew(89)) - 9bd95888-5333-4516-99f7-a7e03f6f5c6c: addNew group-226E5CA37268:[9bd95888-5333-4516-99f7-a7e03f6f5c6c:192.168.5.191:36134] returns group-226E5CA37268:java.util.concurrent.CompletableFuture@f877aad[Not completed]
2019-07-14 08:37:18,256 INFO  impl.RaftServerImpl (RaftServerImpl.java:<init>(93)) - 9bd95888-5333-4516-99f7-a7e03f6f5c6c: new RaftServerImpl for group-226E5CA37268:[9bd95888-5333-4516-99f7-a7e03f6f5c6c:192.168.5.191:36134] with ContainerStateMachine:uninitialized
2019-07-14 08:37:18,256 INFO  server.RaftServerConfigKeys (ConfUtils.java:logGet(43)) - raft.server.rpc.timeout.min = 5s (custom)
2019-07-14 08:37:18,256 INFO  server.RaftServerConfigKeys (ConfUtils.java:logGet(43)) - raft.server.rpc.timeout.max = 5200ms (custom)
2019-07-14 08:37:18,256 INFO  server.RaftServerConfigKeys (ConfUtils.java:logGet(43)) - raft.server.rpcslowness.timeout = 120s (custom)
2019-07-14 08:37:18,257 INFO  server.RaftServerConfigKeys (ConfUtils.java:logGet(43)) - raft.server.sleep.deviation.threshold = 300 (default)
2019-07-14 08:37:18,257 INFO  server.RaftServerConfigKeys (ConfUtils.java:logGet(43)) - raft.server.log.appender.install.snapshot.enabled = false (custom)
2019-07-14 08:37:18,257 INFO  impl.RaftServerImpl (ServerState.java:<init>(105)) - 9bd95888-5333-4516-99f7-a7e03f6f5c6c:group-226E5CA37268 ConfigurationManager, init=-1: [9bd95888-5333-4516-99f7-a7e03f6f5c6c:192.168.5.191:36134], old=null, confs=<EMPTY_MAP>
2019-07-14 08:37:18,257 INFO  server.RaftServerConfigKeys (ConfUtils.java:logGet(43)) - raft.server.storage.dir = [/workdir/hadoop-ozone/integration-test/target/test-dir/MiniOzoneClusterImpl-f39735a2-5420-4441-a07d-002a9dc39afb/datanode-3/data/ratis] (custom)
2019-07-14 08:37:18,257 INFO  storage.RaftStorageDirectory (RaftStorageDirectory.java:analyzeStorage(246)) - The storage directory /workdir/hadoop-ozone/integration-test/target/test-dir/MiniOzoneClusterImpl-f39735a2-5420-4441-a07d-002a9dc39afb/datanode-3/data/ratis/ceab14cc-5c98-434c-8f38-226e5ca37268 does not exist. Creating ...
2019-07-14 08:37:18,269 INFO  storage.RaftStorageDirectory (RaftStorageDirectory.java:tryLock(328)) - Lock on /workdir/hadoop-ozone/integration-test/target/test-dir/MiniOzoneClusterImpl-f39735a2-5420-4441-a07d-002a9dc39afb/datanode-3/data/ratis/ceab14cc-5c98-434c-8f38-226e5ca37268/in_use.lock acquired by nodename 31844@trunk-nightly-5z2vd-27108033
2019-07-14 08:37:18,280 INFO  storage.RaftStorage (RaftStorage.java:format(72)) - Storage directory /workdir/hadoop-ozone/integration-test/target/test-dir/MiniOzoneClusterImpl-f39735a2-5420-4441-a07d-002a9dc39afb/datanode-3/data/ratis/ceab14cc-5c98-434c-8f38-226e5ca37268 has been successfully formatted.
2019-07-14 08:37:18,280 INFO  ratis.ContainerStateMachine (ContainerStateMachine.java:loadSnapshot(200)) - group-226E5CA37268: The snapshot info is null. Setting the last applied indexto:(t:0, i:~)
2019-07-14 08:37:18,280 INFO  server.RaftServerConfigKeys (ConfUtils.java:logGet(43)) - raft.server.leader.election.timeout = 120s (custom)
2019-07-14 08:37:18,281 INFO  server.RaftServerConfigKeys (ConfUtils.java:logGet(43)) - raft.server.log.use.memory = false (default)
2019-07-14 08:37:18,281 INFO  server.RaftServerConfigKeys (ConfUtils.java:logGet(43)) - raft.server.log.purge.gap = 1000000000 (custom)
2019-07-14 08:37:18,281 INFO  server.RaftServerConfigKeys (ConfUtils.java:logGet(43)) - raft.server.log.appender.buffer.byte-limit = 33554432 (custom)
2019-07-14 08:37:18,281 INFO  server.RaftServerConfigKeys (ConfUtils.java:logGet(43)) - raft.server.log.segment.size.max = 1048576 (custom)
2019-07-14 08:37:18,281 INFO  server.RaftServerConfigKeys (ConfUtils.java:logGet(43)) - raft.server.log.segment.cache.num.max = 2 (custom)
2019-07-14 08:37:18,281 INFO  segmented.SegmentedRaftLogWorker (SegmentedRaftLogWorker.java:<init>(172)) - new 9bd95888-5333-4516-99f7-a7e03f6f5c6c-SegmentedRaftLogWorker:Storage Directory /workdir/hadoop-ozone/integration-test/target/test-dir/MiniOzoneClusterImpl-f39735a2-5420-4441-a07d-002a9dc39afb/datanode-3/data/ratis/ceab14cc-5c98-434c-8f38-226e5ca37268 for RaftStorage:Storage Directory /workdir/hadoop-ozone/integration-test/target/test-dir/MiniOzoneClusterImpl-f39735a2-5420-4441-a07d-002a9dc39afb/datanode-3/data/ratis/ceab14cc-5c98-434c-8f38-226e5ca37268
2019-07-14 08:37:18,281 INFO  server.RaftServerConfigKeys (ConfUtils.java:logGet(43)) - raft.server.log.queue.byte-limit = 2147483647 (custom)
2019-07-14 08:37:18,281 INFO  server.RaftServerConfigKeys (ConfUtils.java:logGet(43)) - raft.server.log.queue.element-limit = 1024 (custom)
2019-07-14 08:37:18,282 INFO  server.RaftServerConfigKeys (ConfUtils.java:logGet(43)) - raft.server.log.segment.size.max = 1048576 (custom)
2019-07-14 08:37:18,282 INFO  server.RaftServerConfigKeys (ConfUtils.java:logGet(43)) - raft.server.log.preallocated.size = 16384 (custom)
2019-07-14 08:37:18,282 INFO  server.RaftServerConfigKeys (ConfUtils.java:logGet(43)) - raft.server.log.write.buffer.size = 33554432 (custom)
2019-07-14 08:37:18,282 INFO  server.RaftServerConfigKeys (ConfUtils.java:logGet(43)) - raft.server.log.force.sync.num = 128 (default)
2019-07-14 08:37:18,282 INFO  server.RaftServerConfigKeys (ConfUtils.java:logGet(43)) - raft.server.log.statemachine.data.sync = true (default)
2019-07-14 08:37:18,282 INFO  server.RaftServerConfigKeys (ConfUtils.java:logGet(43)) - raft.server.log.statemachine.data.sync.timeout = 10s (default)
2019-07-14 08:37:18,282 INFO  server.RaftServerConfigKeys (ConfUtils.java:logGet(43)) - raft.server.log.statemachine.data.sync.timeout.retry = -1 (default)
2019-07-14 08:37:18,283 INFO  server.RaftServerConfigKeys (ConfUtils.java:logGet(43)) - raft.server.log.statemachine.data.caching.enabled = true (custom)
2019-07-14 08:37:18,283 INFO  segmented.SegmentedRaftLogWorker (SegmentedRaftLogWorker.java:lambda$new$0(132)) - 9bd95888-5333-4516-99f7-a7e03f6f5c6c-SegmentedRaftLogWorker:Storage Directory /workdir/hadoop-ozone/integration-test/target/test-dir/MiniOzoneClusterImpl-f39735a2-5420-4441-a07d-002a9dc39afb/datanode-3/data/ratis/ceab14cc-5c98-434c-8f38-226e5ca37268: flushIndex: setUnconditionally 0 -> -1
2019-07-14 08:37:18,283 INFO  server.RaftServerConfigKeys (ConfUtils.java:logGet(43)) - raft.server.snapshot.auto.trigger.enabled = true (custom)
2019-07-14 08:37:18,283 INFO  server.RaftServerConfigKeys (ConfUtils.java:logGet(43)) - raft.server.snapshot.auto.trigger.threshold = 10000 (custom)
2019-07-14 08:37:18,283 INFO  server.RaftServerConfigKeys (ConfUtils.java:logGet(43)) - raft.server.retrycache.expirytime = 600000ms (custom)
2019-07-14 08:37:18,284 INFO  impl.RaftServerImpl (RaftServerImpl.java:start(180)) - 9bd95888-5333-4516-99f7-a7e03f6f5c6c: start group-226E5CA37268
2019-07-14 08:37:18,284 INFO  impl.RaftServerImpl (RaftServerImpl.java:setRole(171)) - 9bd95888-5333-4516-99f7-a7e03f6f5c6c:group-226E5CA37268 changes role from null to FOLLOWER at term 0 for startAsFollower
2019-07-14 08:37:18,284 INFO  impl.RoleInfo (RoleInfo.java:updateAndGet(143)) - 9bd95888-5333-4516-99f7-a7e03f6f5c6c: start FollowerState
2019-07-14 08:37:18,284 INFO  util.JmxRegister (JmxRegister.java:tryRegister(44)) - Successfully registered JMX Bean with object name Ratis:service=RaftServer,group=group-226E5CA37268,id=9bd95888-5333-4516-99f7-a7e03f6f5c6c
2019-07-14 08:37:18,288 INFO  pipeline.PipelineStateManager (PipelineStateManager.java:addPipeline(56)) - Created pipeline Pipeline[ Id: ceab14cc-5c98-434c-8f38-226e5ca37268, Nodes: 9bd95888-5333-4516-99f7-a7e03f6f5c6c{ip: 192.168.5.191, host: trunk-nightly-5z2vd-27108033, networkLocation: /default-rack, certSerialId: null}, Type:RATIS, Factor:ONE, State:OPEN]
2019-07-14 08:37:18,417 INFO  node.SCMNodeManager (SCMNodeManager.java:register(269)) - Registered Data node : dbacfa91-0a3d-4e21-95bd-79a50c69b681{ip: 192.168.5.191, host: trunk-nightly-5z2vd-27108033, networkLocation: /default-rack, certSerialId: null}
2019-07-14 08:37:18,423 INFO  impl.RaftServerProxy (RaftServerProxy.java:addNew(89)) - dbacfa91-0a3d-4e21-95bd-79a50c69b681: addNew group-FF5581436574:[dbacfa91-0a3d-4e21-95bd-79a50c69b681:192.168.5.191:45739] returns group-FF5581436574:java.util.concurrent.CompletableFuture@330555dc[Not completed]
2019-07-14 08:37:18,424 INFO  impl.RaftServerImpl (RaftServerImpl.java:<init>(93)) - dbacfa91-0a3d-4e21-95bd-79a50c69b681: new RaftServerImpl for group-FF5581436574:[dbacfa91-0a3d-4e21-95bd-79a50c69b681:192.168.5.191:45739] with ContainerStateMachine:uninitialized
2019-07-14 08:37:18,424 INFO  server.RaftServerConfigKeys (ConfUtils.java:logGet(43)) - raft.server.rpc.timeout.min = 5s (custom)
2019-07-14 08:37:18,424 INFO  server.RaftServerConfigKeys (ConfUtils.java:logGet(43)) - raft.server.rpc.timeout.max = 5200ms (custom)
2019-07-14 08:37:18,425 INFO  server.RaftServerConfigKeys (ConfUtils.java:logGet(43)) - raft.server.rpcslowness.timeout = 120s (custom)
2019-07-14 08:37:18,425 INFO  server.RaftServerConfigKeys (ConfUtils.java:logGet(43)) - raft.server.sleep.deviation.threshold = 300 (default)
2019-07-14 08:37:18,425 INFO  server.RaftServerConfigKeys (ConfUtils.java:logGet(43)) - raft.server.log.appender.install.snapshot.enabled = false (custom)
2019-07-14 08:37:18,425 INFO  impl.RaftServerImpl (ServerState.java:<init>(105)) - dbacfa91-0a3d-4e21-95bd-79a50c69b681:group-FF5581436574 ConfigurationManager, init=-1: [dbacfa91-0a3d-4e21-95bd-79a50c69b681:192.168.5.191:45739], old=null, confs=<EMPTY_MAP>
2019-07-14 08:37:18,425 INFO  server.RaftServerConfigKeys (ConfUtils.java:logGet(43)) - raft.server.storage.dir = [/workdir/hadoop-ozone/integration-test/target/test-dir/MiniOzoneClusterImpl-f39735a2-5420-4441-a07d-002a9dc39afb/datanode-4/data/ratis] (custom)
2019-07-14 08:37:18,426 INFO  storage.RaftStorageDirectory (RaftStorageDirectory.java:analyzeStorage(246)) - The storage directory /workdir/hadoop-ozone/integration-test/target/test-dir/MiniOzoneClusterImpl-f39735a2-5420-4441-a07d-002a9dc39afb/datanode-4/data/ratis/bd85b8d7-3e08-4b95-a43d-ff5581436574 does not exist. Creating ...
2019-07-14 08:37:18,430 INFO  storage.RaftStorageDirectory (RaftStorageDirectory.java:tryLock(328)) - Lock on /workdir/hadoop-ozone/integration-test/target/test-dir/MiniOzoneClusterImpl-f39735a2-5420-4441-a07d-002a9dc39afb/datanode-4/data/ratis/bd85b8d7-3e08-4b95-a43d-ff5581436574/in_use.lock acquired by nodename 31844@trunk-nightly-5z2vd-27108033
2019-07-14 08:37:18,434 INFO  storage.RaftStorage (RaftStorage.java:format(72)) - Storage directory /workdir/hadoop-ozone/integration-test/target/test-dir/MiniOzoneClusterImpl-f39735a2-5420-4441-a07d-002a9dc39afb/datanode-4/data/ratis/bd85b8d7-3e08-4b95-a43d-ff5581436574 has been successfully formatted.
2019-07-14 08:37:18,434 INFO  ratis.ContainerStateMachine (ContainerStateMachine.java:loadSnapshot(200)) - group-FF5581436574: The snapshot info is null. Setting the last applied indexto:(t:0, i:~)
2019-07-14 08:37:18,435 INFO  server.RaftServerConfigKeys (ConfUtils.java:logGet(43)) - raft.server.leader.election.timeout = 120s (custom)
2019-07-14 08:37:18,435 INFO  server.RaftServerConfigKeys (ConfUtils.java:logGet(43)) - raft.server.log.use.memory = false (default)
2019-07-14 08:37:18,435 INFO  server.RaftServerConfigKeys (ConfUtils.java:logGet(43)) - raft.server.log.purge.gap = 1000000000 (custom)
2019-07-14 08:37:18,435 INFO  server.RaftServerConfigKeys (ConfUtils.java:logGet(43)) - raft.server.log.appender.buffer.byte-limit = 33554432 (custom)
2019-07-14 08:37:18,435 INFO  server.RaftServerConfigKeys (ConfUtils.java:logGet(43)) - raft.server.log.segment.size.max = 1048576 (custom)
2019-07-14 08:37:18,435 INFO  server.RaftServerConfigKeys (ConfUtils.java:logGet(43)) - raft.server.log.segment.cache.num.max = 2 (custom)
2019-07-14 08:37:18,435 INFO  segmented.SegmentedRaftLogWorker (SegmentedRaftLogWorker.java:<init>(172)) - new dbacfa91-0a3d-4e21-95bd-79a50c69b681-SegmentedRaftLogWorker:Storage Directory /workdir/hadoop-ozone/integration-test/target/test-dir/MiniOzoneClusterImpl-f39735a2-5420-4441-a07d-002a9dc39afb/datanode-4/data/ratis/bd85b8d7-3e08-4b95-a43d-ff5581436574 for RaftStorage:Storage Directory /workdir/hadoop-ozone/integration-test/target/test-dir/MiniOzoneClusterImpl-f39735a2-5420-4441-a07d-002a9dc39afb/datanode-4/data/ratis/bd85b8d7-3e08-4b95-a43d-ff5581436574
2019-07-14 08:37:18,435 INFO  server.RaftServerConfigKeys (ConfUtils.java:logGet(43)) - raft.server.log.queue.byte-limit = 2147483647 (custom)
2019-07-14 08:37:18,436 INFO  server.RaftServerConfigKeys (ConfUtils.java:logGet(43)) - raft.server.log.queue.element-limit = 1024 (custom)
2019-07-14 08:37:18,436 INFO  server.RaftServerConfigKeys (ConfUtils.java:logGet(43)) - raft.server.log.segment.size.max = 1048576 (custom)
2019-07-14 08:37:18,436 INFO  server.RaftServerConfigKeys (ConfUtils.java:logGet(43)) - raft.server.log.preallocated.size = 16384 (custom)
2019-07-14 08:37:18,436 INFO  server.RaftServerConfigKeys (ConfUtils.java:logGet(43)) - raft.server.log.write.buffer.size = 33554432 (custom)
2019-07-14 08:37:18,436 INFO  server.RaftServerConfigKeys (ConfUtils.java:logGet(43)) - raft.server.log.force.sync.num = 128 (default)
2019-07-14 08:37:18,436 INFO  server.RaftServerConfigKeys (ConfUtils.java:logGet(43)) - raft.server.log.statemachine.data.sync = true (default)
2019-07-14 08:37:18,436 INFO  server.RaftServerConfigKeys (ConfUtils.java:logGet(43)) - raft.server.log.statemachine.data.sync.timeout = 10s (default)
2019-07-14 08:37:18,437 INFO  server.RaftServerConfigKeys (ConfUtils.java:logGet(43)) - raft.server.log.statemachine.data.sync.timeout.retry = -1 (default)
2019-07-14 08:37:18,437 INFO  server.RaftServerConfigKeys (ConfUtils.java:logGet(43)) - raft.server.log.statemachine.data.caching.enabled = true (custom)
2019-07-14 08:37:18,437 INFO  segmented.SegmentedRaftLogWorker (SegmentedRaftLogWorker.java:lambda$new$0(132)) - dbacfa91-0a3d-4e21-95bd-79a50c69b681-SegmentedRaftLogWorker:Storage Directory /workdir/hadoop-ozone/integration-test/target/test-dir/MiniOzoneClusterImpl-f39735a2-5420-4441-a07d-002a9dc39afb/datanode-4/data/ratis/bd85b8d7-3e08-4b95-a43d-ff5581436574: flushIndex: setUnconditionally 0 -> -1
2019-07-14 08:37:18,438 INFO  server.RaftServerConfigKeys (ConfUtils.java:logGet(43)) - raft.server.snapshot.auto.trigger.enabled = true (custom)
2019-07-14 08:37:18,438 INFO  server.RaftServerConfigKeys (ConfUtils.java:logGet(43)) - raft.server.snapshot.auto.trigger.threshold = 10000 (custom)
2019-07-14 08:37:18,438 INFO  server.RaftServerConfigKeys (ConfUtils.java:logGet(43)) - raft.server.retrycache.expirytime = 600000ms (custom)
2019-07-14 08:37:18,438 INFO  impl.RaftServerImpl (RaftServerImpl.java:start(180)) - dbacfa91-0a3d-4e21-95bd-79a50c69b681: start group-FF5581436574
2019-07-14 08:37:18,438 INFO  impl.RaftServerImpl (RaftServerImpl.java:setRole(171)) - dbacfa91-0a3d-4e21-95bd-79a50c69b681:group-FF5581436574 changes role from null to FOLLOWER at term 0 for startAsFollower
2019-07-14 08:37:18,438 INFO  impl.RoleInfo (RoleInfo.java:updateAndGet(143)) - dbacfa91-0a3d-4e21-95bd-79a50c69b681: start FollowerState
2019-07-14 08:37:18,439 INFO  util.JmxRegister (JmxRegister.java:tryRegister(44)) - Successfully registered JMX Bean with object name Ratis:service=RaftServer,group=group-FF5581436574,id=dbacfa91-0a3d-4e21-95bd-79a50c69b681
2019-07-14 08:37:18,443 INFO  pipeline.PipelineStateManager (PipelineStateManager.java:addPipeline(56)) - Created pipeline Pipeline[ Id: bd85b8d7-3e08-4b95-a43d-ff5581436574, Nodes: dbacfa91-0a3d-4e21-95bd-79a50c69b681{ip: 192.168.5.191, host: trunk-nightly-5z2vd-27108033, networkLocation: /default-rack, certSerialId: null}, Type:RATIS, Factor:ONE, State:OPEN]
2019-07-14 08:37:18,621 INFO  node.SCMNodeManager (SCMNodeManager.java:register(269)) - Registered Data node : c8330a54-7443-462b-8726-431bec4162e5{ip: 192.168.5.191, host: trunk-nightly-5z2vd-27108033, networkLocation: /default-rack, certSerialId: null}
2019-07-14 08:37:18,628 INFO  impl.RaftServerProxy (RaftServerProxy.java:addNew(89)) - c8330a54-7443-462b-8726-431bec4162e5: addNew group-B267A8FCF71E:[c8330a54-7443-462b-8726-431bec4162e5:192.168.5.191:46484] returns group-B267A8FCF71E:java.util.concurrent.CompletableFuture@312d7f41[Not completed]
2019-07-14 08:37:18,629 INFO  impl.RaftServerImpl (RaftServerImpl.java:<init>(93)) - c8330a54-7443-462b-8726-431bec4162e5: new RaftServerImpl for group-B267A8FCF71E:[c8330a54-7443-462b-8726-431bec4162e5:192.168.5.191:46484] with ContainerStateMachine:uninitialized
2019-07-14 08:37:18,629 INFO  server.RaftServerConfigKeys (ConfUtils.java:logGet(43)) - raft.server.rpc.timeout.min = 5s (custom)
2019-07-14 08:37:18,629 INFO  server.RaftServerConfigKeys (ConfUtils.java:logGet(43)) - raft.server.rpc.timeout.max = 5200ms (custom)
2019-07-14 08:37:18,629 INFO  server.RaftServerConfigKeys (ConfUtils.java:logGet(43)) - raft.server.rpcslowness.timeout = 120s (custom)
2019-07-14 08:37:18,629 INFO  server.RaftServerConfigKeys (ConfUtils.java:logGet(43)) - raft.server.sleep.deviation.threshold = 300 (default)
2019-07-14 08:37:18,629 INFO  server.RaftServerConfigKeys (ConfUtils.java:logGet(43)) - raft.server.log.appender.install.snapshot.enabled = false (custom)
2019-07-14 08:37:18,629 INFO  impl.RaftServerImpl (ServerState.java:<init>(105)) - c8330a54-7443-462b-8726-431bec4162e5:group-B267A8FCF71E ConfigurationManager, init=-1: [c8330a54-7443-462b-8726-431bec4162e5:192.168.5.191:46484], old=null, confs=<EMPTY_MAP>
2019-07-14 08:37:18,630 INFO  server.RaftServerConfigKeys (ConfUtils.java:logGet(43)) - raft.server.storage.dir = [/workdir/hadoop-ozone/integration-test/target/test-dir/MiniOzoneClusterImpl-f39735a2-5420-4441-a07d-002a9dc39afb/datanode-5/data/ratis] (custom)
2019-07-14 08:37:18,630 INFO  storage.RaftStorageDirectory (RaftStorageDirectory.java:analyzeStorage(246)) - The storage directory /workdir/hadoop-ozone/integration-test/target/test-dir/MiniOzoneClusterImpl-f39735a2-5420-4441-a07d-002a9dc39afb/datanode-5/data/ratis/8abfb239-3fed-4ecb-9005-b267a8fcf71e does not exist. Creating ...
2019-07-14 08:37:18,634 INFO  storage.RaftStorageDirectory (RaftStorageDirectory.java:tryLock(328)) - Lock on /workdir/hadoop-ozone/integration-test/target/test-dir/MiniOzoneClusterImpl-f39735a2-5420-4441-a07d-002a9dc39afb/datanode-5/data/ratis/8abfb239-3fed-4ecb-9005-b267a8fcf71e/in_use.lock acquired by nodename 31844@trunk-nightly-5z2vd-27108033
2019-07-14 08:37:18,638 INFO  storage.RaftStorage (RaftStorage.java:format(72)) - Storage directory /workdir/hadoop-ozone/integration-test/target/test-dir/MiniOzoneClusterImpl-f39735a2-5420-4441-a07d-002a9dc39afb/datanode-5/data/ratis/8abfb239-3fed-4ecb-9005-b267a8fcf71e has been successfully formatted.
2019-07-14 08:37:18,639 INFO  ratis.ContainerStateMachine (ContainerStateMachine.java:loadSnapshot(200)) - group-B267A8FCF71E: The snapshot info is null. Setting the last applied indexto:(t:0, i:~)
2019-07-14 08:37:18,639 INFO  server.RaftServerConfigKeys (ConfUtils.java:logGet(43)) - raft.server.leader.election.timeout = 120s (custom)
2019-07-14 08:37:18,639 INFO  server.RaftServerConfigKeys (ConfUtils.java:logGet(43)) - raft.server.log.use.memory = false (default)
2019-07-14 08:37:18,639 INFO  server.RaftServerConfigKeys (ConfUtils.java:logGet(43)) - raft.server.log.purge.gap = 1000000000 (custom)
2019-07-14 08:37:18,639 INFO  server.RaftServerConfigKeys (ConfUtils.java:logGet(43)) - raft.server.log.appender.buffer.byte-limit = 33554432 (custom)
2019-07-14 08:37:18,639 INFO  server.RaftServerConfigKeys (ConfUtils.java:logGet(43)) - raft.server.log.segment.size.max = 1048576 (custom)
2019-07-14 08:37:18,639 INFO  server.RaftServerConfigKeys (ConfUtils.java:logGet(43)) - raft.server.log.segment.cache.num.max = 2 (custom)
2019-07-14 08:37:18,640 INFO  segmented.SegmentedRaftLogWorker (SegmentedRaftLogWorker.java:<init>(172)) - new c8330a54-7443-462b-8726-431bec4162e5-SegmentedRaftLogWorker:Storage Directory /workdir/hadoop-ozone/integration-test/target/test-dir/MiniOzoneClusterImpl-f39735a2-5420-4441-a07d-002a9dc39afb/datanode-5/data/ratis/8abfb239-3fed-4ecb-9005-b267a8fcf71e for RaftStorage:Storage Directory /workdir/hadoop-ozone/integration-test/target/test-dir/MiniOzoneClusterImpl-f39735a2-5420-4441-a07d-002a9dc39afb/datanode-5/data/ratis/8abfb239-3fed-4ecb-9005-b267a8fcf71e
2019-07-14 08:37:18,640 INFO  server.RaftServerConfigKeys (ConfUtils.java:logGet(43)) - raft.server.log.queue.byte-limit = 2147483647 (custom)
2019-07-14 08:37:18,640 INFO  server.RaftServerConfigKeys (ConfUtils.java:logGet(43)) - raft.server.log.queue.element-limit = 1024 (custom)
2019-07-14 08:37:18,640 INFO  server.RaftServerConfigKeys (ConfUtils.java:logGet(43)) - raft.server.log.segment.size.max = 1048576 (custom)
2019-07-14 08:37:18,640 INFO  server.RaftServerConfigKeys (ConfUtils.java:logGet(43)) - raft.server.log.preallocated.size = 16384 (custom)
2019-07-14 08:37:18,641 INFO  server.RaftServerConfigKeys (ConfUtils.java:logGet(43)) - raft.server.log.write.buffer.size = 33554432 (custom)
2019-07-14 08:37:18,641 INFO  server.RaftServerConfigKeys (ConfUtils.java:logGet(43)) - raft.server.log.force.sync.num = 128 (default)
2019-07-14 08:37:18,641 INFO  server.RaftServerConfigKeys (ConfUtils.java:logGet(43)) - raft.server.log.statemachine.data.sync = true (default)
2019-07-14 08:37:18,641 INFO  server.RaftServerConfigKeys (ConfUtils.java:logGet(43)) - raft.server.log.statemachine.data.sync.timeout = 10s (default)
2019-07-14 08:37:18,641 INFO  server.RaftServerConfigKeys (ConfUtils.java:logGet(43)) - raft.server.log.statemachine.data.sync.timeout.retry = -1 (default)
2019-07-14 08:37:18,642 INFO  server.RaftServerConfigKeys (ConfUtils.java:logGet(43)) - raft.server.log.statemachine.data.caching.enabled = true (custom)
2019-07-14 08:37:18,642 INFO  segmented.SegmentedRaftLogWorker (SegmentedRaftLogWorker.java:lambda$new$0(132)) - c8330a54-7443-462b-8726-431bec4162e5-SegmentedRaftLogWorker:Storage Directory /workdir/hadoop-ozone/integration-test/target/test-dir/MiniOzoneClusterImpl-f39735a2-5420-4441-a07d-002a9dc39afb/datanode-5/data/ratis/8abfb239-3fed-4ecb-9005-b267a8fcf71e: flushIndex: setUnconditionally 0 -> -1
2019-07-14 08:37:18,642 INFO  server.RaftServerConfigKeys (ConfUtils.java:logGet(43)) - raft.server.snapshot.auto.trigger.enabled = true (custom)
2019-07-14 08:37:18,642 INFO  server.RaftServerConfigKeys (ConfUtils.java:logGet(43)) - raft.server.snapshot.auto.trigger.threshold = 10000 (custom)
2019-07-14 08:37:18,643 INFO  server.RaftServerConfigKeys (ConfUtils.java:logGet(43)) - raft.server.retrycache.expirytime = 600000ms (custom)
2019-07-14 08:37:18,643 INFO  impl.RaftServerImpl (RaftServerImpl.java:start(180)) - c8330a54-7443-462b-8726-431bec4162e5: start group-B267A8FCF71E
2019-07-14 08:37:18,643 INFO  impl.RaftServerImpl (RaftServerImpl.java:setRole(171)) - c8330a54-7443-462b-8726-431bec4162e5:group-B267A8FCF71E changes role from null to FOLLOWER at term 0 for startAsFollower
2019-07-14 08:37:18,643 INFO  impl.RoleInfo (RoleInfo.java:updateAndGet(143)) - c8330a54-7443-462b-8726-431bec4162e5: start FollowerState
2019-07-14 08:37:18,643 INFO  util.JmxRegister (JmxRegister.java:tryRegister(44)) - Successfully registered JMX Bean with object name Ratis:service=RaftServer,group=group-B267A8FCF71E,id=c8330a54-7443-462b-8726-431bec4162e5
2019-07-14 08:37:18,648 INFO  pipeline.PipelineStateManager (PipelineStateManager.java:addPipeline(56)) - Created pipeline Pipeline[ Id: 8abfb239-3fed-4ecb-9005-b267a8fcf71e, Nodes: c8330a54-7443-462b-8726-431bec4162e5{ip: 192.168.5.191, host: trunk-nightly-5z2vd-27108033, networkLocation: /default-rack, certSerialId: null}, Type:RATIS, Factor:ONE, State:OPEN]
2019-07-14 08:37:18,655 INFO  impl.RaftServerProxy (RaftServerProxy.java:addNew(89)) - 9bd95888-5333-4516-99f7-a7e03f6f5c6c: addNew group-EC2B45E8A387:[c8330a54-7443-462b-8726-431bec4162e5:192.168.5.191:46484, 9bd95888-5333-4516-99f7-a7e03f6f5c6c:192.168.5.191:36134, dbacfa91-0a3d-4e21-95bd-79a50c69b681:192.168.5.191:45739] returns group-EC2B45E8A387:java.util.concurrent.CompletableFuture@574bf784[Not completed]
2019-07-14 08:37:18,655 INFO  impl.RaftServerProxy (RaftServerProxy.java:addNew(89)) - dbacfa91-0a3d-4e21-95bd-79a50c69b681: addNew group-EC2B45E8A387:[c8330a54-7443-462b-8726-431bec4162e5:192.168.5.191:46484, 9bd95888-5333-4516-99f7-a7e03f6f5c6c:192.168.5.191:36134, dbacfa91-0a3d-4e21-95bd-79a50c69b681:192.168.5.191:45739] returns group-EC2B45E8A387:java.util.concurrent.CompletableFuture@177884d9[Not completed]
2019-07-14 08:37:18,655 INFO  impl.RaftServerProxy (RaftServerProxy.java:addNew(89)) - c8330a54-7443-462b-8726-431bec4162e5: addNew group-EC2B45E8A387:[c8330a54-7443-462b-8726-431bec4162e5:192.168.5.191:46484, 9bd95888-5333-4516-99f7-a7e03f6f5c6c:192.168.5.191:36134, dbacfa91-0a3d-4e21-95bd-79a50c69b681:192.168.5.191:45739] returns group-EC2B45E8A387:java.util.concurrent.CompletableFuture@37fb9216[Not completed]
2019-07-14 08:37:18,656 INFO  impl.RaftServerImpl (RaftServerImpl.java:<init>(93)) - 9bd95888-5333-4516-99f7-a7e03f6f5c6c: new RaftServerImpl for group-EC2B45E8A387:[c8330a54-7443-462b-8726-431bec4162e5:192.168.5.191:46484, 9bd95888-5333-4516-99f7-a7e03f6f5c6c:192.168.5.191:36134, dbacfa91-0a3d-4e21-95bd-79a50c69b681:192.168.5.191:45739] with ContainerStateMachine:uninitialized
2019-07-14 08:37:18,656 INFO  server.RaftServerConfigKeys (ConfUtils.java:logGet(43)) - raft.server.rpc.timeout.min = 5s (custom)
2019-07-14 08:37:18,656 INFO  server.RaftServerConfigKeys (ConfUtils.java:logGet(43)) - raft.server.rpc.timeout.max = 5200ms (custom)
2019-07-14 08:37:18,656 INFO  impl.RaftServerImpl (RaftServerImpl.java:<init>(93)) - c8330a54-7443-462b-8726-431bec4162e5: new RaftServerImpl for group-EC2B45E8A387:[c8330a54-7443-462b-8726-431bec4162e5:192.168.5.191:46484, 9bd95888-5333-4516-99f7-a7e03f6f5c6c:192.168.5.191:36134, dbacfa91-0a3d-4e21-95bd-79a50c69b681:192.168.5.191:45739] with ContainerStateMachine:uninitialized
2019-07-14 08:37:18,656 INFO  server.RaftServerConfigKeys (ConfUtils.java:logGet(43)) - raft.server.rpcslowness.timeout = 120s (custom)
2019-07-14 08:37:18,657 INFO  server.RaftServerConfigKeys (ConfUtils.java:logGet(43)) - raft.server.rpc.timeout.min = 5s (custom)
2019-07-14 08:37:18,657 INFO  server.RaftServerConfigKeys (ConfUtils.java:logGet(43)) - raft.server.sleep.deviation.threshold = 300 (default)
2019-07-14 08:37:18,657 INFO  impl.RaftServerImpl (RaftServerImpl.java:<init>(93)) - dbacfa91-0a3d-4e21-95bd-79a50c69b681: new RaftServerImpl for group-EC2B45E8A387:[c8330a54-7443-462b-8726-431bec4162e5:192.168.5.191:46484, 9bd95888-5333-4516-99f7-a7e03f6f5c6c:192.168.5.191:36134, dbacfa91-0a3d-4e21-95bd-79a50c69b681:192.168.5.191:45739] with ContainerStateMachine:uninitialized
2019-07-14 08:37:18,657 INFO  server.RaftServerConfigKeys (ConfUtils.java:logGet(43)) - raft.server.rpc.timeout.max = 5200ms (custom)
2019-07-14 08:37:18,657 INFO  server.RaftServerConfigKeys (ConfUtils.java:logGet(43)) - raft.server.rpc.timeout.min = 5s (custom)
2019-07-14 08:37:18,657 INFO  server.RaftServerConfigKeys (ConfUtils.java:logGet(43)) - raft.server.log.appender.install.snapshot.enabled = false (custom)
2019-07-14 08:37:18,657 INFO  server.RaftServerConfigKeys (ConfUtils.java:logGet(43)) - raft.server.rpc.timeout.max = 5200ms (custom)
2019-07-14 08:37:18,657 INFO  server.RaftServerConfigKeys (ConfUtils.java:logGet(43)) - raft.server.rpcslowness.timeout = 120s (custom)
2019-07-14 08:37:18,658 INFO  server.RaftServerConfigKeys (ConfUtils.java:logGet(43)) - raft.server.rpcslowness.timeout = 120s (custom)
2019-07-14 08:37:18,657 INFO  impl.RaftServerImpl (ServerState.java:<init>(105)) - 9bd95888-5333-4516-99f7-a7e03f6f5c6c:group-EC2B45E8A387 ConfigurationManager, init=-1: [c8330a54-7443-462b-8726-431bec4162e5:192.168.5.191:46484, 9bd95888-5333-4516-99f7-a7e03f6f5c6c:192.168.5.191:36134, dbacfa91-0a3d-4e21-95bd-79a50c69b681:192.168.5.191:45739], old=null, confs=<EMPTY_MAP>
2019-07-14 08:37:18,658 INFO  server.RaftServerConfigKeys (ConfUtils.java:logGet(43)) - raft.server.sleep.deviation.threshold = 300 (default)
2019-07-14 08:37:18,658 INFO  server.RaftServerConfigKeys (ConfUtils.java:logGet(43)) - raft.server.sleep.deviation.threshold = 300 (default)
2019-07-14 08:37:18,658 INFO  server.RaftServerConfigKeys (ConfUtils.java:logGet(43)) - raft.server.log.appender.install.snapshot.enabled = false (custom)
2019-07-14 08:37:18,658 INFO  server.RaftServerConfigKeys (ConfUtils.java:logGet(43)) - raft.server.storage.dir = [/workdir/hadoop-ozone/integration-test/target/test-dir/MiniOzoneClusterImpl-f39735a2-5420-4441-a07d-002a9dc39afb/datanode-3/data/ratis] (custom)
2019-07-14 08:37:18,658 INFO  impl.RaftServerImpl (ServerState.java:<init>(105)) - dbacfa91-0a3d-4e21-95bd-79a50c69b681:group-EC2B45E8A387 ConfigurationManager, init=-1: [c8330a54-7443-462b-8726-431bec4162e5:192.168.5.191:46484, 9bd95888-5333-4516-99f7-a7e03f6f5c6c:192.168.5.191:36134, dbacfa91-0a3d-4e21-95bd-79a50c69b681:192.168.5.191:45739], old=null, confs=<EMPTY_MAP>
2019-07-14 08:37:18,658 INFO  server.RaftServerConfigKeys (ConfUtils.java:logGet(43)) - raft.server.log.appender.install.snapshot.enabled = false (custom)
2019-07-14 08:37:18,659 INFO  storage.RaftStorageDirectory (RaftStorageDirectory.java:analyzeStorage(246)) - The storage directory /workdir/hadoop-ozone/integration-test/target/test-dir/MiniOzoneClusterImpl-f39735a2-5420-4441-a07d-002a9dc39afb/datanode-3/data/ratis/fedcd1f1-a831-45a5-9e7d-ec2b45e8a387 does not exist. Creating ...
2019-07-14 08:37:18,659 INFO  impl.RaftServerImpl (ServerState.java:<init>(105)) - c8330a54-7443-462b-8726-431bec4162e5:group-EC2B45E8A387 ConfigurationManager, init=-1: [c8330a54-7443-462b-8726-431bec4162e5:192.168.5.191:46484, 9bd95888-5333-4516-99f7-a7e03f6f5c6c:192.168.5.191:36134, dbacfa91-0a3d-4e21-95bd-79a50c69b681:192.168.5.191:45739], old=null, confs=<EMPTY_MAP>
2019-07-14 08:37:18,659 INFO  server.RaftServerConfigKeys (ConfUtils.java:logGet(43)) - raft.server.storage.dir = [/workdir/hadoop-ozone/integration-test/target/test-dir/MiniOzoneClusterImpl-f39735a2-5420-4441-a07d-002a9dc39afb/datanode-4/data/ratis] (custom)
2019-07-14 08:37:18,659 INFO  server.RaftServerConfigKeys (ConfUtils.java:logGet(43)) - raft.server.storage.dir = [/workdir/hadoop-ozone/integration-test/target/test-dir/MiniOzoneClusterImpl-f39735a2-5420-4441-a07d-002a9dc39afb/datanode-5/data/ratis] (custom)
2019-07-14 08:37:18,660 INFO  storage.RaftStorageDirectory (RaftStorageDirectory.java:analyzeStorage(246)) - The storage directory /workdir/hadoop-ozone/integration-test/target/test-dir/MiniOzoneClusterImpl-f39735a2-5420-4441-a07d-002a9dc39afb/datanode-4/data/ratis/fedcd1f1-a831-45a5-9e7d-ec2b45e8a387 does not exist. Creating ...
2019-07-14 08:37:18,660 INFO  storage.RaftStorageDirectory (RaftStorageDirectory.java:analyzeStorage(246)) - The storage directory /workdir/hadoop-ozone/integration-test/target/test-dir/MiniOzoneClusterImpl-f39735a2-5420-4441-a07d-002a9dc39afb/datanode-5/data/ratis/fedcd1f1-a831-45a5-9e7d-ec2b45e8a387 does not exist. Creating ...
2019-07-14 08:37:18,664 INFO  storage.RaftStorageDirectory (RaftStorageDirectory.java:tryLock(328)) - Lock on /workdir/hadoop-ozone/integration-test/target/test-dir/MiniOzoneClusterImpl-f39735a2-5420-4441-a07d-002a9dc39afb/datanode-3/data/ratis/fedcd1f1-a831-45a5-9e7d-ec2b45e8a387/in_use.lock acquired by nodename 31844@trunk-nightly-5z2vd-27108033
2019-07-14 08:37:18,664 INFO  storage.RaftStorageDirectory (RaftStorageDirectory.java:tryLock(328)) - Lock on /workdir/hadoop-ozone/integration-test/target/test-dir/MiniOzoneClusterImpl-f39735a2-5420-4441-a07d-002a9dc39afb/datanode-4/data/ratis/fedcd1f1-a831-45a5-9e7d-ec2b45e8a387/in_use.lock acquired by nodename 31844@trunk-nightly-5z2vd-27108033
2019-07-14 08:37:18,664 INFO  storage.RaftStorageDirectory (RaftStorageDirectory.java:tryLock(328)) - Lock on /workdir/hadoop-ozone/integration-test/target/test-dir/MiniOzoneClusterImpl-f39735a2-5420-4441-a07d-002a9dc39afb/datanode-5/data/ratis/fedcd1f1-a831-45a5-9e7d-ec2b45e8a387/in_use.lock acquired by nodename 31844@trunk-nightly-5z2vd-27108033
2019-07-14 08:37:18,669 INFO  storage.RaftStorage (RaftStorage.java:format(72)) - Storage directory /workdir/hadoop-ozone/integration-test/target/test-dir/MiniOzoneClusterImpl-f39735a2-5420-4441-a07d-002a9dc39afb/datanode-5/data/ratis/fedcd1f1-a831-45a5-9e7d-ec2b45e8a387 has been successfully formatted.
2019-07-14 08:37:18,669 INFO  storage.RaftStorage (RaftStorage.java:format(72)) - Storage directory /workdir/hadoop-ozone/integration-test/target/test-dir/MiniOzoneClusterImpl-f39735a2-5420-4441-a07d-002a9dc39afb/datanode-4/data/ratis/fedcd1f1-a831-45a5-9e7d-ec2b45e8a387 has been successfully formatted.
2019-07-14 08:37:18,669 INFO  ratis.ContainerStateMachine (ContainerStateMachine.java:loadSnapshot(200)) - group-EC2B45E8A387: The snapshot info is null. Setting the last applied indexto:(t:0, i:~)
2019-07-14 08:37:18,669 INFO  ratis.ContainerStateMachine (ContainerStateMachine.java:loadSnapshot(200)) - group-EC2B45E8A387: The snapshot info is null. Setting the last applied indexto:(t:0, i:~)
2019-07-14 08:37:18,669 INFO  storage.RaftStorage (RaftStorage.java:format(72)) - Storage directory /workdir/hadoop-ozone/integration-test/target/test-dir/MiniOzoneClusterImpl-f39735a2-5420-4441-a07d-002a9dc39afb/datanode-3/data/ratis/fedcd1f1-a831-45a5-9e7d-ec2b45e8a387 has been successfully formatted.
2019-07-14 08:37:18,669 INFO  server.RaftServerConfigKeys (ConfUtils.java:logGet(43)) - raft.server.leader.election.timeout = 120s (custom)
2019-07-14 08:37:18,669 INFO  server.RaftServerConfigKeys (ConfUtils.java:logGet(43)) - raft.server.leader.election.timeout = 120s (custom)
2019-07-14 08:37:18,670 INFO  server.RaftServerConfigKeys (ConfUtils.java:logGet(43)) - raft.server.log.use.memory = false (default)
2019-07-14 08:37:18,670 INFO  server.RaftServerConfigKeys (ConfUtils.java:logGet(43)) - raft.server.log.purge.gap = 1000000000 (custom)
2019-07-14 08:37:18,670 INFO  ratis.ContainerStateMachine (ContainerStateMachine.java:loadSnapshot(200)) - group-EC2B45E8A387: The snapshot info is null. Setting the last applied indexto:(t:0, i:~)
2019-07-14 08:37:18,670 INFO  server.RaftServerConfigKeys (ConfUtils.java:logGet(43)) - raft.server.log.appender.buffer.byte-limit = 33554432 (custom)
2019-07-14 08:37:18,670 INFO  server.RaftServerConfigKeys (ConfUtils.java:logGet(43)) - raft.server.log.use.memory = false (default)
2019-07-14 08:37:18,670 INFO  server.RaftServerConfigKeys (ConfUtils.java:logGet(43)) - raft.server.log.segment.size.max = 1048576 (custom)
2019-07-14 08:37:18,670 INFO  server.RaftServerConfigKeys (ConfUtils.java:logGet(43)) - raft.server.leader.election.timeout = 120s (custom)
2019-07-14 08:37:18,671 INFO  server.RaftServerConfigKeys (ConfUtils.java:logGet(43)) - raft.server.log.segment.cache.num.max = 2 (custom)
2019-07-14 08:37:18,671 INFO  segmented.SegmentedRaftLogWorker (SegmentedRaftLogWorker.java:<init>(172)) - new dbacfa91-0a3d-4e21-95bd-79a50c69b681-SegmentedRaftLogWorker:Storage Directory /workdir/hadoop-ozone/integration-test/target/test-dir/MiniOzoneClusterImpl-f39735a2-5420-4441-a07d-002a9dc39afb/datanode-4/data/ratis/fedcd1f1-a831-45a5-9e7d-ec2b45e8a387 for RaftStorage:Storage Directory /workdir/hadoop-ozone/integration-test/target/test-dir/MiniOzoneClusterImpl-f39735a2-5420-4441-a07d-002a9dc39afb/datanode-4/data/ratis/fedcd1f1-a831-45a5-9e7d-ec2b45e8a387
2019-07-14 08:37:18,671 INFO  server.RaftServerConfigKeys (ConfUtils.java:logGet(43)) - raft.server.log.purge.gap = 1000000000 (custom)
2019-07-14 08:37:18,671 INFO  server.RaftServerConfigKeys (ConfUtils.java:logGet(43)) - raft.server.log.queue.byte-limit = 2147483647 (custom)
2019-07-14 08:37:18,671 INFO  server.RaftServerConfigKeys (ConfUtils.java:logGet(43)) - raft.server.log.use.memory = false (default)
2019-07-14 08:37:18,671 INFO  server.RaftServerConfigKeys (ConfUtils.java:logGet(43)) - raft.server.log.queue.element-limit = 1024 (custom)
2019-07-14 08:37:18,671 INFO  server.RaftServerConfigKeys (ConfUtils.java:logGet(43)) - raft.server.log.appender.buffer.byte-limit = 33554432 (custom)
2019-07-14 08:37:18,672 INFO  server.RaftServerConfigKeys (ConfUtils.java:logGet(43)) - raft.server.log.segment.size.max = 1048576 (custom)
2019-07-14 08:37:18,672 INFO  server.RaftServerConfigKeys (ConfUtils.java:logGet(43)) - raft.server.log.preallocated.size = 16384 (custom)
2019-07-14 08:37:18,672 INFO  server.RaftServerConfigKeys (ConfUtils.java:logGet(43)) - raft.server.log.purge.gap = 1000000000 (custom)
2019-07-14 08:37:18,672 INFO  server.RaftServerConfigKeys (ConfUtils.java:logGet(43)) - raft.server.log.write.buffer.size = 33554432 (custom)
2019-07-14 08:37:18,672 INFO  server.RaftServerConfigKeys (ConfUtils.java:logGet(43)) - raft.server.log.force.sync.num = 128 (default)
2019-07-14 08:37:18,672 INFO  server.RaftServerConfigKeys (ConfUtils.java:logGet(43)) - raft.server.log.segment.size.max = 1048576 (custom)
2019-07-14 08:37:18,673 INFO  server.RaftServerConfigKeys (ConfUtils.java:logGet(43)) - raft.server.log.statemachine.data.sync = true (default)
2019-07-14 08:37:18,673 INFO  server.RaftServerConfigKeys (ConfUtils.java:logGet(43)) - raft.server.log.statemachine.data.sync.timeout = 10s (default)
2019-07-14 08:37:18,672 INFO  server.RaftServerConfigKeys (ConfUtils.java:logGet(43)) - raft.server.log.appender.buffer.byte-limit = 33554432 (custom)
2019-07-14 08:37:18,673 INFO  server.RaftServerConfigKeys (ConfUtils.java:logGet(43)) - raft.server.log.statemachine.data.sync.timeout.retry = -1 (default)
2019-07-14 08:37:18,673 INFO  server.RaftServerConfigKeys (ConfUtils.java:logGet(43)) - raft.server.log.segment.cache.num.max = 2 (custom)
2019-07-14 08:37:18,674 INFO  server.RaftServerConfigKeys (ConfUtils.java:logGet(43)) - raft.server.log.statemachine.data.caching.enabled = true (custom)
2019-07-14 08:37:18,673 INFO  server.RaftServerConfigKeys (ConfUtils.java:logGet(43)) - raft.server.log.segment.size.max = 1048576 (custom)
2019-07-14 08:37:18,674 INFO  segmented.SegmentedRaftLogWorker (SegmentedRaftLogWorker.java:<init>(172)) - new c8330a54-7443-462b-8726-431bec4162e5-SegmentedRaftLogWorker:Storage Directory /workdir/hadoop-ozone/integration-test/target/test-dir/MiniOzoneClusterImpl-f39735a2-5420-4441-a07d-002a9dc39afb/datanode-5/data/ratis/fedcd1f1-a831-45a5-9e7d-ec2b45e8a387 for RaftStorage:Storage Directory /workdir/hadoop-ozone/integration-test/target/test-dir/MiniOzoneClusterImpl-f39735a2-5420-4441-a07d-002a9dc39afb/datanode-5/data/ratis/fedcd1f1-a831-45a5-9e7d-ec2b45e8a387
2019-07-14 08:37:18,674 INFO  segmented.SegmentedRaftLogWorker (SegmentedRaftLogWorker.java:lambda$new$0(132)) - dbacfa91-0a3d-4e21-95bd-79a50c69b681-SegmentedRaftLogWorker:Storage Directory /workdir/hadoop-ozone/integration-test/target/test-dir/MiniOzoneClusterImpl-f39735a2-5420-4441-a07d-002a9dc39afb/datanode-4/data/ratis/fedcd1f1-a831-45a5-9e7d-ec2b45e8a387: flushIndex: setUnconditionally 0 -> -1
2019-07-14 08:37:18,674 INFO  server.RaftServerConfigKeys (ConfUtils.java:logGet(43)) - raft.server.log.segment.cache.num.max = 2 (custom)
2019-07-14 08:37:18,674 INFO  server.RaftServerConfigKeys (ConfUtils.java:logGet(43)) - raft.server.log.queue.byte-limit = 2147483647 (custom)
2019-07-14 08:37:18,674 INFO  server.RaftServerConfigKeys (ConfUtils.java:logGet(43)) - raft.server.snapshot.auto.trigger.enabled = true (custom)
2019-07-14 08:37:18,674 INFO  segmented.SegmentedRaftLogWorker (SegmentedRaftLogWorker.java:<init>(172)) - new 9bd95888-5333-4516-99f7-a7e03f6f5c6c-SegmentedRaftLogWorker:Storage Directory /workdir/hadoop-ozone/integration-test/target/test-dir/MiniOzoneClusterImpl-f39735a2-5420-4441-a07d-002a9dc39afb/datanode-3/data/ratis/fedcd1f1-a831-45a5-9e7d-ec2b45e8a387 for RaftStorage:Storage Directory /workdir/hadoop-ozone/integration-test/target/test-dir/MiniOzoneClusterImpl-f39735a2-5420-4441-a07d-002a9dc39afb/datanode-3/data/ratis/fedcd1f1-a831-45a5-9e7d-ec2b45e8a387
2019-07-14 08:37:18,675 INFO  server.RaftServerConfigKeys (ConfUtils.java:logGet(43)) - raft.server.snapshot.auto.trigger.threshold = 10000 (custom)
2019-07-14 08:37:18,675 INFO  server.RaftServerConfigKeys (ConfUtils.java:logGet(43)) - raft.server.log.queue.element-limit = 1024 (custom)
2019-07-14 08:37:18,675 INFO  server.RaftServerConfigKeys (ConfUtils.java:logGet(43)) - raft.server.retrycache.expirytime = 600000ms (custom)
2019-07-14 08:37:18,675 INFO  server.RaftServerConfigKeys (ConfUtils.java:logGet(43)) - raft.server.log.queue.byte-limit = 2147483647 (custom)
2019-07-14 08:37:18,675 INFO  impl.RaftServerImpl (RaftServerImpl.java:start(180)) - dbacfa91-0a3d-4e21-95bd-79a50c69b681: start group-EC2B45E8A387
2019-07-14 08:37:18,676 INFO  impl.RaftServerImpl (RaftServerImpl.java:setRole(171)) - dbacfa91-0a3d-4e21-95bd-79a50c69b681:group-EC2B45E8A387 changes role from null to FOLLOWER at term 0 for startAsFollower
2019-07-14 08:37:18,675 INFO  server.RaftServerConfigKeys (ConfUtils.java:logGet(43)) - raft.server.log.segment.size.max = 1048576 (custom)
2019-07-14 08:37:18,676 INFO  impl.RoleInfo (RoleInfo.java:updateAndGet(143)) - dbacfa91-0a3d-4e21-95bd-79a50c69b681: start FollowerState
2019-07-14 08:37:18,675 INFO  server.RaftServerConfigKeys (ConfUtils.java:logGet(43)) - raft.server.log.queue.element-limit = 1024 (custom)
2019-07-14 08:37:18,676 INFO  server.RaftServerConfigKeys (ConfUtils.java:logGet(43)) - raft.server.log.preallocated.size = 16384 (custom)
2019-07-14 08:37:18,676 INFO  util.JmxRegister (JmxRegister.java:tryRegister(44)) - Successfully registered JMX Bean with object name Ratis:service=RaftServer,group=group-EC2B45E8A387,id=dbacfa91-0a3d-4e21-95bd-79a50c69b681
2019-07-14 08:37:18,676 INFO  server.RaftServerConfigKeys (ConfUtils.java:logGet(43)) - raft.server.log.segment.size.max = 1048576 (custom)
2019-07-14 08:37:18,676 INFO  server.RaftServerConfigKeys (ConfUtils.java:logGet(43)) - raft.server.log.write.buffer.size = 33554432 (custom)
2019-07-14 08:37:18,677 INFO  server.RaftServerConfigKeys (ConfUtils.java:logGet(43)) - raft.server.log.preallocated.size = 16384 (custom)
2019-07-14 08:37:18,677 INFO  server.RaftServerConfigKeys (ConfUtils.java:logGet(43)) - raft.server.log.force.sync.num = 128 (default)
2019-07-14 08:37:18,677 INFO  server.RaftServerConfigKeys (ConfUtils.java:logGet(43)) - raft.server.log.write.buffer.size = 33554432 (custom)
2019-07-14 08:37:18,677 INFO  server.RaftServerConfigKeys (ConfUtils.java:logGet(43)) - raft.server.log.statemachine.data.sync = true (default)
2019-07-14 08:37:18,677 INFO  server.RaftServerConfigKeys (ConfUtils.java:logGet(43)) - raft.server.log.force.sync.num = 128 (default)
2019-07-14 08:37:18,677 INFO  server.RaftServerConfigKeys (ConfUtils.java:logGet(43)) - raft.server.log.statemachine.data.sync.timeout = 10s (default)
2019-07-14 08:37:18,678 INFO  server.RaftServerConfigKeys (ConfUtils.java:logGet(43)) - raft.server.log.statemachine.data.sync = true (default)
2019-07-14 08:37:18,680 INFO  server.RaftServerConfigKeys (ConfUtils.java:logGet(43)) - raft.server.log.statemachine.data.sync.timeout.retry = -1 (default)
2019-07-14 08:37:18,681 INFO  server.RaftServerConfigKeys (ConfUtils.java:logGet(43)) - raft.server.log.statemachine.data.sync.timeout = 10s (default)
2019-07-14 08:37:18,681 INFO  server.RaftServerConfigKeys (ConfUtils.java:logGet(43)) - raft.server.log.statemachine.data.caching.enabled = true (custom)
2019-07-14 08:37:18,681 INFO  server.RaftServerConfigKeys (ConfUtils.java:logGet(43)) - raft.server.log.statemachine.data.sync.timeout.retry = -1 (default)
2019-07-14 08:37:18,681 INFO  segmented.SegmentedRaftLogWorker (SegmentedRaftLogWorker.java:lambda$new$0(132)) - c8330a54-7443-462b-8726-431bec4162e5-SegmentedRaftLogWorker:Storage Directory /workdir/hadoop-ozone/integration-test/target/test-dir/MiniOzoneClusterImpl-f39735a2-5420-4441-a07d-002a9dc39afb/datanode-5/data/ratis/fedcd1f1-a831-45a5-9e7d-ec2b45e8a387: flushIndex: setUnconditionally 0 -> -1
2019-07-14 08:37:18,681 INFO  server.RaftServerConfigKeys (ConfUtils.java:logGet(43)) - raft.server.log.statemachine.data.caching.enabled = true (custom)
2019-07-14 08:37:18,682 INFO  server.RaftServerConfigKeys (ConfUtils.java:logGet(43)) - raft.server.snapshot.auto.trigger.enabled = true (custom)
2019-07-14 08:37:18,682 INFO  segmented.SegmentedRaftLogWorker (SegmentedRaftLogWorker.java:lambda$new$0(132)) - 9bd95888-5333-4516-99f7-a7e03f6f5c6c-SegmentedRaftLogWorker:Storage Directory /workdir/hadoop-ozone/integration-test/target/test-dir/MiniOzoneClusterImpl-f39735a2-5420-4441-a07d-002a9dc39afb/datanode-3/data/ratis/fedcd1f1-a831-45a5-9e7d-ec2b45e8a387: flushIndex: setUnconditionally 0 -> -1
2019-07-14 08:37:18,682 INFO  server.RaftServerConfigKeys (ConfUtils.java:logGet(43)) - raft.server.snapshot.auto.trigger.threshold = 10000 (custom)
2019-07-14 08:37:18,682 INFO  server.RaftServerConfigKeys (ConfUtils.java:logGet(43)) - raft.server.snapshot.auto.trigger.enabled = true (custom)
2019-07-14 08:37:18,682 INFO  server.RaftServerConfigKeys (ConfUtils.java:logGet(43)) - raft.server.retrycache.expirytime = 600000ms (custom)
2019-07-14 08:37:18,682 INFO  server.RaftServerConfigKeys (ConfUtils.java:logGet(43)) - raft.server.snapshot.auto.trigger.threshold = 10000 (custom)
2019-07-14 08:37:18,682 INFO  impl.RaftServerImpl (RaftServerImpl.java:start(180)) - c8330a54-7443-462b-8726-431bec4162e5: start group-EC2B45E8A387
2019-07-14 08:37:18,683 INFO  server.RaftServerConfigKeys (ConfUtils.java:logGet(43)) - raft.server.retrycache.expirytime = 600000ms (custom)
2019-07-14 08:37:18,683 INFO  impl.RaftServerImpl (RaftServerImpl.java:setRole(171)) - c8330a54-7443-462b-8726-431bec4162e5:group-EC2B45E8A387 changes role from null to FOLLOWER at term 0 for startAsFollower
2019-07-14 08:37:18,683 INFO  impl.RaftServerImpl (RaftServerImpl.java:start(180)) - 9bd95888-5333-4516-99f7-a7e03f6f5c6c: start group-EC2B45E8A387
2019-07-14 08:37:18,683 INFO  impl.RoleInfo (RoleInfo.java:updateAndGet(143)) - c8330a54-7443-462b-8726-431bec4162e5: start FollowerState
2019-07-14 08:37:18,683 INFO  impl.RaftServerImpl (RaftServerImpl.java:setRole(171)) - 9bd95888-5333-4516-99f7-a7e03f6f5c6c:group-EC2B45E8A387 changes role from null to FOLLOWER at term 0 for startAsFollower
2019-07-14 08:37:18,683 INFO  impl.RoleInfo (RoleInfo.java:updateAndGet(143)) - 9bd95888-5333-4516-99f7-a7e03f6f5c6c: start FollowerState
2019-07-14 08:37:18,683 INFO  util.JmxRegister (JmxRegister.java:tryRegister(44)) - Successfully registered JMX Bean with object name Ratis:service=RaftServer,group=group-EC2B45E8A387,id=c8330a54-7443-462b-8726-431bec4162e5
2019-07-14 08:37:18,684 INFO  util.JmxRegister (JmxRegister.java:tryRegister(44)) - Successfully registered JMX Bean with object name Ratis:service=RaftServer,group=group-EC2B45E8A387,id=9bd95888-5333-4516-99f7-a7e03f6f5c6c
2019-07-14 08:37:18,691 INFO  pipeline.PipelineStateManager (PipelineStateManager.java:addPipeline(56)) - Created pipeline Pipeline[ Id: fedcd1f1-a831-45a5-9e7d-ec2b45e8a387, Nodes: 9bd95888-5333-4516-99f7-a7e03f6f5c6c{ip: 192.168.5.191, host: trunk-nightly-5z2vd-27108033, networkLocation: /default-rack, certSerialId: null}dbacfa91-0a3d-4e21-95bd-79a50c69b681{ip: 192.168.5.191, host: trunk-nightly-5z2vd-27108033, networkLocation: /default-rack, certSerialId: null}c8330a54-7443-462b-8726-431bec4162e5{ip: 192.168.5.191, host: trunk-nightly-5z2vd-27108033, networkLocation: /default-rack, certSerialId: null}, Type:RATIS, Factor:THREE, State:OPEN]
2019-07-14 08:37:18,866 INFO  ozone.MiniOzoneClusterImpl (MiniOzoneClusterImpl.java:lambda$waitForClusterToBeReady$0(142)) - Waiting for cluster to be ready. Got 6 of 7 DN Heartbeats.
2019-07-14 08:37:18,868 INFO  node.SCMNodeManager (SCMNodeManager.java:register(269)) - Registered Data node : 958c9f7a-a73e-4508-9d57-39dce6ef7cee{ip: 192.168.5.191, host: trunk-nightly-5z2vd-27108033, networkLocation: /default-rack, certSerialId: null}
2019-07-14 08:37:18,875 INFO  impl.RaftServerProxy (RaftServerProxy.java:addNew(89)) - 958c9f7a-a73e-4508-9d57-39dce6ef7cee: addNew group-E7075607A732:[958c9f7a-a73e-4508-9d57-39dce6ef7cee:192.168.5.191:39898] returns group-E7075607A732:java.util.concurrent.CompletableFuture@6b862c6f[Not completed]
2019-07-14 08:37:18,876 INFO  impl.RaftServerImpl (RaftServerImpl.java:<init>(93)) - 958c9f7a-a73e-4508-9d57-39dce6ef7cee: new RaftServerImpl for group-E7075607A732:[958c9f7a-a73e-4508-9d57-39dce6ef7cee:192.168.5.191:39898] with ContainerStateMachine:uninitialized
2019-07-14 08:37:18,877 INFO  server.RaftServerConfigKeys (ConfUtils.java:logGet(43)) - raft.server.rpc.timeout.min = 5s (custom)
2019-07-14 08:37:18,877 INFO  server.RaftServerConfigKeys (ConfUtils.java:logGet(43)) - raft.server.rpc.timeout.max = 5200ms (custom)
2019-07-14 08:37:18,877 INFO  server.RaftServerConfigKeys (ConfUtils.java:logGet(43)) - raft.server.rpcslowness.timeout = 120s (custom)
2019-07-14 08:37:18,877 INFO  server.RaftServerConfigKeys (ConfUtils.java:logGet(43)) - raft.server.sleep.deviation.threshold = 300 (default)
2019-07-14 08:37:18,877 INFO  server.RaftServerConfigKeys (ConfUtils.java:logGet(43)) - raft.server.log.appender.install.snapshot.enabled = false (custom)
2019-07-14 08:37:18,877 INFO  impl.RaftServerImpl (ServerState.java:<init>(105)) - 958c9f7a-a73e-4508-9d57-39dce6ef7cee:group-E7075607A732 ConfigurationManager, init=-1: [958c9f7a-a73e-4508-9d57-39dce6ef7cee:192.168.5.191:39898], old=null, confs=<EMPTY_MAP>
2019-07-14 08:37:18,877 INFO  server.RaftServerConfigKeys (ConfUtils.java:logGet(43)) - raft.server.storage.dir = [/workdir/hadoop-ozone/integration-test/target/test-dir/MiniOzoneClusterImpl-f39735a2-5420-4441-a07d-002a9dc39afb/datanode-6/data/ratis] (custom)
2019-07-14 08:37:18,878 INFO  storage.RaftStorageDirectory (RaftStorageDirectory.java:analyzeStorage(246)) - The storage directory /workdir/hadoop-ozone/integration-test/target/test-dir/MiniOzoneClusterImpl-f39735a2-5420-4441-a07d-002a9dc39afb/datanode-6/data/ratis/0c8461be-0ae1-4d56-962c-e7075607a732 does not exist. Creating ...
2019-07-14 08:37:18,883 INFO  storage.RaftStorageDirectory (RaftStorageDirectory.java:tryLock(328)) - Lock on /workdir/hadoop-ozone/integration-test/target/test-dir/MiniOzoneClusterImpl-f39735a2-5420-4441-a07d-002a9dc39afb/datanode-6/data/ratis/0c8461be-0ae1-4d56-962c-e7075607a732/in_use.lock acquired by nodename 31844@trunk-nightly-5z2vd-27108033
2019-07-14 08:37:18,887 INFO  storage.RaftStorage (RaftStorage.java:format(72)) - Storage directory /workdir/hadoop-ozone/integration-test/target/test-dir/MiniOzoneClusterImpl-f39735a2-5420-4441-a07d-002a9dc39afb/datanode-6/data/ratis/0c8461be-0ae1-4d56-962c-e7075607a732 has been successfully formatted.
2019-07-14 08:37:18,887 INFO  ratis.ContainerStateMachine (ContainerStateMachine.java:loadSnapshot(200)) - group-E7075607A732: The snapshot info is null. Setting the last applied indexto:(t:0, i:~)
2019-07-14 08:37:18,887 INFO  server.RaftServerConfigKeys (ConfUtils.java:logGet(43)) - raft.server.leader.election.timeout = 120s (custom)
2019-07-14 08:37:18,887 INFO  server.RaftServerConfigKeys (ConfUtils.java:logGet(43)) - raft.server.log.use.memory = false (default)
2019-07-14 08:37:18,887 INFO  server.RaftServerConfigKeys (ConfUtils.java:logGet(43)) - raft.server.log.purge.gap = 1000000000 (custom)
2019-07-14 08:37:18,888 INFO  server.RaftServerConfigKeys (ConfUtils.java:logGet(43)) - raft.server.log.appender.buffer.byte-limit = 33554432 (custom)
2019-07-14 08:37:18,888 INFO  server.RaftServerConfigKeys (ConfUtils.java:logGet(43)) - raft.server.log.segment.size.max = 1048576 (custom)
2019-07-14 08:37:18,888 INFO  server.RaftServerConfigKeys (ConfUtils.java:logGet(43)) - raft.server.log.segment.cache.num.max = 2 (custom)
2019-07-14 08:37:18,888 INFO  segmented.SegmentedRaftLogWorker (SegmentedRaftLogWorker.java:<init>(172)) - new 958c9f7a-a73e-4508-9d57-39dce6ef7cee-SegmentedRaftLogWorker:Storage Directory /workdir/hadoop-ozone/integration-test/target/test-dir/MiniOzoneClusterImpl-f39735a2-5420-4441-a07d-002a9dc39afb/datanode-6/data/ratis/0c8461be-0ae1-4d56-962c-e7075607a732 for RaftStorage:Storage Directory /workdir/hadoop-ozone/integration-test/target/test-dir/MiniOzoneClusterImpl-f39735a2-5420-4441-a07d-002a9dc39afb/datanode-6/data/ratis/0c8461be-0ae1-4d56-962c-e7075607a732
2019-07-14 08:37:18,888 INFO  server.RaftServerConfigKeys (ConfUtils.java:logGet(43)) - raft.server.log.queue.byte-limit = 2147483647 (custom)
2019-07-14 08:37:18,888 INFO  server.RaftServerConfigKeys (ConfUtils.java:logGet(43)) - raft.server.log.queue.element-limit = 1024 (custom)
2019-07-14 08:37:18,889 INFO  server.RaftServerConfigKeys (ConfUtils.java:logGet(43)) - raft.server.log.segment.size.max = 1048576 (custom)
2019-07-14 08:37:18,889 INFO  server.RaftServerConfigKeys (ConfUtils.java:logGet(43)) - raft.server.log.preallocated.size = 16384 (custom)
2019-07-14 08:37:18,889 INFO  server.RaftServerConfigKeys (ConfUtils.java:logGet(43)) - raft.server.log.write.buffer.size = 33554432 (custom)
2019-07-14 08:37:18,889 INFO  server.RaftServerConfigKeys (ConfUtils.java:logGet(43)) - raft.server.log.force.sync.num = 128 (default)
2019-07-14 08:37:18,889 INFO  server.RaftServerConfigKeys (ConfUtils.java:logGet(43)) - raft.server.log.statemachine.data.sync = true (default)
2019-07-14 08:37:18,889 INFO  server.RaftServerConfigKeys (ConfUtils.java:logGet(43)) - raft.server.log.statemachine.data.sync.timeout = 10s (default)
2019-07-14 08:37:18,890 INFO  server.RaftServerConfigKeys (ConfUtils.java:logGet(43)) - raft.server.log.statemachine.data.sync.timeout.retry = -1 (default)
2019-07-14 08:37:18,890 INFO  server.RaftServerConfigKeys (ConfUtils.java:logGet(43)) - raft.server.log.statemachine.data.caching.enabled = true (custom)
2019-07-14 08:37:18,890 INFO  segmented.SegmentedRaftLogWorker (SegmentedRaftLogWorker.java:lambda$new$0(132)) - 958c9f7a-a73e-4508-9d57-39dce6ef7cee-SegmentedRaftLogWorker:Storage Directory /workdir/hadoop-ozone/integration-test/target/test-dir/MiniOzoneClusterImpl-f39735a2-5420-4441-a07d-002a9dc39afb/datanode-6/data/ratis/0c8461be-0ae1-4d56-962c-e7075607a732: flushIndex: setUnconditionally 0 -> -1
2019-07-14 08:37:18,890 INFO  server.RaftServerConfigKeys (ConfUtils.java:logGet(43)) - raft.server.snapshot.auto.trigger.enabled = true (custom)
2019-07-14 08:37:18,891 INFO  server.RaftServerConfigKeys (ConfUtils.java:logGet(43)) - raft.server.snapshot.auto.trigger.threshold = 10000 (custom)
2019-07-14 08:37:18,891 INFO  server.RaftServerConfigKeys (ConfUtils.java:logGet(43)) - raft.server.retrycache.expirytime = 600000ms (custom)
2019-07-14 08:37:18,891 INFO  impl.RaftServerImpl (RaftServerImpl.java:start(180)) - 958c9f7a-a73e-4508-9d57-39dce6ef7cee: start group-E7075607A732
2019-07-14 08:37:18,891 INFO  impl.RaftServerImpl (RaftServerImpl.java:setRole(171)) - 958c9f7a-a73e-4508-9d57-39dce6ef7cee:group-E7075607A732 changes role from null to FOLLOWER at term 0 for startAsFollower
2019-07-14 08:37:18,891 INFO  impl.RoleInfo (RoleInfo.java:updateAndGet(143)) - 958c9f7a-a73e-4508-9d57-39dce6ef7cee: start FollowerState
2019-07-14 08:37:18,892 INFO  util.JmxRegister (JmxRegister.java:tryRegister(44)) - Successfully registered JMX Bean with object name Ratis:service=RaftServer,group=group-E7075607A732,id=958c9f7a-a73e-4508-9d57-39dce6ef7cee
2019-07-14 08:37:18,896 INFO  pipeline.PipelineStateManager (PipelineStateManager.java:addPipeline(56)) - Created pipeline Pipeline[ Id: 0c8461be-0ae1-4d56-962c-e7075607a732, Nodes: 958c9f7a-a73e-4508-9d57-39dce6ef7cee{ip: 192.168.5.191, host: trunk-nightly-5z2vd-27108033, networkLocation: /default-rack, certSerialId: null}, Type:RATIS, Factor:ONE, State:OPEN]
2019-07-14 08:37:19,866 INFO  ozone.MiniOzoneClusterImpl (MiniOzoneClusterImpl.java:lambda$waitForClusterToBeReady$0(142)) - Cluster is ready. Got 7 of 7 DN Heartbeats.
2019-07-14 08:37:19,909 INFO  rpc.RpcClient (RpcClient.java:createVolume(287)) - Creating Volume: testblockoutputstream, with jenkins1000 as owner.
2019-07-14 08:37:19,924 INFO  rpc.RpcClient (RpcClient.java:createBucket(424)) - Creating Bucket: testblockoutputstream/testblockoutputstream, with Versioning false and Storage Type set to DISK and Encryption set to false 
2019-07-14 08:37:19,952 INFO  client.GrpcClientProtocolClient (GrpcClientProtocolClient.java:onNext(255)) - client-630BB0C72078->88f1e3a5-21e0-4d5e-8225-b72ef656a022: receive RaftClientReply:client-630BB0C72078->88f1e3a5-21e0-4d5e-8225-b72ef656a022@group-D317E2EB8D42, cid=183, FAILED org.apache.ratis.protocol.NotLeaderException: Server 88f1e3a5-21e0-4d5e-8225-b72ef656a022 is not the leader (null). Request must be sent to leader., logIndex=0, commits[88f1e3a5-21e0-4d5e-8225-b72ef656a022:c-1]
2019-07-14 08:37:20,552 INFO  container.ReplicationManager (ReplicationManager.java:start(155)) - Starting Replication Monitor Thread.
2019-07-14 08:37:20,557 INFO  container.ReplicationManager (ReplicationManager.java:run(207)) - Replication Monitor Thread took 0 milliseconds for processing 1 containers.
2019-07-14 08:37:20,974 INFO  client.GrpcClientProtocolClient (GrpcClientProtocolClient.java:onNext(255)) - client-630BB0C72078->606a5d8c-f61d-40b4-b7e7-af2cae8db5c2: receive RaftClientReply:client-630BB0C72078->606a5d8c-f61d-40b4-b7e7-af2cae8db5c2@group-D317E2EB8D42, cid=183, FAILED org.apache.ratis.protocol.NotLeaderException: Server 606a5d8c-f61d-40b4-b7e7-af2cae8db5c2 is not the leader (null). Request must be sent to leader., logIndex=0, commits[606a5d8c-f61d-40b4-b7e7-af2cae8db5c2:c-1]
2019-07-14 08:37:21,989 INFO  client.GrpcClientProtocolClient (GrpcClientProtocolClient.java:onNext(255)) - client-630BB0C72078->e9a50411-88c9-48bf-afde-0143fc4b5cad: receive RaftClientReply:client-630BB0C72078->e9a50411-88c9-48bf-afde-0143fc4b5cad@group-D317E2EB8D42, cid=183, FAILED org.apache.ratis.protocol.NotLeaderException: Server e9a50411-88c9-48bf-afde-0143fc4b5cad is not the leader (null). Request must be sent to leader., logIndex=0, commits[e9a50411-88c9-48bf-afde-0143fc4b5cad:c-1]
2019-07-14 08:37:22,752 INFO  impl.FollowerState (FollowerState.java:run(106)) - e9a50411-88c9-48bf-afde-0143fc4b5cad:group-B4F7A7E33D43 changes to CANDIDATE, lastRpcTime:5171, electionTimeout:5171ms
2019-07-14 08:37:22,753 INFO  impl.RoleInfo (RoleInfo.java:shutdownFollowerState(121)) - e9a50411-88c9-48bf-afde-0143fc4b5cad: shutdown FollowerState
2019-07-14 08:37:22,753 INFO  impl.RaftServerImpl (RaftServerImpl.java:setRole(171)) - e9a50411-88c9-48bf-afde-0143fc4b5cad:group-B4F7A7E33D43 changes role from FOLLOWER to CANDIDATE at term 0 for changeToCandidate
2019-07-14 08:37:22,753 INFO  impl.RoleInfo (RoleInfo.java:updateAndGet(143)) - e9a50411-88c9-48bf-afde-0143fc4b5cad: start LeaderElection
2019-07-14 08:37:22,815 INFO  impl.FollowerState (FollowerState.java:run(106)) - 606a5d8c-f61d-40b4-b7e7-af2cae8db5c2:group-DC3334337CB9 changes to CANDIDATE, lastRpcTime:5052, electionTimeout:5052ms
2019-07-14 08:37:22,815 INFO  impl.RoleInfo (RoleInfo.java:shutdownFollowerState(121)) - 606a5d8c-f61d-40b4-b7e7-af2cae8db5c2: shutdown FollowerState
2019-07-14 08:37:22,816 INFO  impl.RaftServerImpl (RaftServerImpl.java:setRole(171)) - 606a5d8c-f61d-40b4-b7e7-af2cae8db5c2:group-DC3334337CB9 changes role from FOLLOWER to CANDIDATE at term 0 for changeToCandidate
2019-07-14 08:37:22,816 INFO  impl.RoleInfo (RoleInfo.java:updateAndGet(143)) - 606a5d8c-f61d-40b4-b7e7-af2cae8db5c2: start LeaderElection
2019-07-14 08:37:22,837 INFO  impl.LeaderElection (LeaderElection.java:askForVotes(181)) - e9a50411-88c9-48bf-afde-0143fc4b5cad:group-B4F7A7E33D43:LeaderElection65: begin an election at term 1 for -1: [e9a50411-88c9-48bf-afde-0143fc4b5cad:192.168.5.191:38840], old=null
2019-07-14 08:37:22,837 INFO  impl.LeaderElection (LeaderElection.java:askForVotes(181)) - 606a5d8c-f61d-40b4-b7e7-af2cae8db5c2:group-DC3334337CB9:LeaderElection66: begin an election at term 1 for -1: [606a5d8c-f61d-40b4-b7e7-af2cae8db5c2:192.168.5.191:46349], old=null
2019-07-14 08:37:22,838 INFO  impl.RoleInfo (RoleInfo.java:shutdownLeaderElection(134)) - e9a50411-88c9-48bf-afde-0143fc4b5cad: shutdown LeaderElection
2019-07-14 08:37:22,838 INFO  impl.RoleInfo (RoleInfo.java:shutdownLeaderElection(134)) - 606a5d8c-f61d-40b4-b7e7-af2cae8db5c2: shutdown LeaderElection
2019-07-14 08:37:22,838 INFO  impl.RaftServerImpl (RaftServerImpl.java:setRole(171)) - e9a50411-88c9-48bf-afde-0143fc4b5cad:group-B4F7A7E33D43 changes role from CANDIDATE to LEADER at term 1 for changeToLeader
2019-07-14 08:37:22,838 INFO  impl.RaftServerImpl (RaftServerImpl.java:setRole(171)) - 606a5d8c-f61d-40b4-b7e7-af2cae8db5c2:group-DC3334337CB9 changes role from CANDIDATE to LEADER at term 1 for changeToLeader
2019-07-14 08:37:22,838 INFO  impl.RaftServerImpl (ServerState.java:setLeader(263)) - e9a50411-88c9-48bf-afde-0143fc4b5cad:group-B4F7A7E33D43 change Leader from null to e9a50411-88c9-48bf-afde-0143fc4b5cad at term 1 for becomeLeader, leader elected after 5261ms
2019-07-14 08:37:22,838 INFO  impl.RaftServerImpl (ServerState.java:setLeader(263)) - 606a5d8c-f61d-40b4-b7e7-af2cae8db5c2:group-DC3334337CB9 change Leader from null to 606a5d8c-f61d-40b4-b7e7-af2cae8db5c2 at term 1 for becomeLeader, leader elected after 5079ms
2019-07-14 08:37:22,841 INFO  server.RaftServerConfigKeys (ConfUtils.java:logGet(43)) - raft.server.staging.catchup.gap = 1000 (default)
2019-07-14 08:37:22,843 INFO  server.RaftServerConfigKeys (ConfUtils.java:logGet(43)) - raft.server.staging.catchup.gap = 1000 (default)
2019-07-14 08:37:22,843 INFO  server.RaftServerConfigKeys (ConfUtils.java:logGet(43)) - raft.server.rpc.sleep.time = 25ms (default)
2019-07-14 08:37:22,843 INFO  server.RaftServerConfigKeys (ConfUtils.java:logGet(43)) - raft.server.rpc.sleep.time = 25ms (default)
2019-07-14 08:37:22,843 INFO  server.RaftServerConfigKeys (ConfUtils.java:logGet(43)) - raft.server.write.element-limit = 4096 (default)
2019-07-14 08:37:22,844 INFO  server.RaftServerConfigKeys (ConfUtils.java:logGet(43)) - raft.server.write.element-limit = 4096 (default)
2019-07-14 08:37:22,844 INFO  server.RaftServerConfigKeys (ConfUtils.java:logGet(43)) - raft.server.watch.timeout = 10s (default)
2019-07-14 08:37:22,844 INFO  server.RaftServerConfigKeys (ConfUtils.java:logGet(43)) - raft.server.watch.timeout = 10s (default)
2019-07-14 08:37:22,844 INFO  server.RaftServerConfigKeys (ConfUtils.java:logGet(43)) - raft.server.watch.timeout.denomination = 1s (default)
2019-07-14 08:37:22,844 INFO  server.RaftServerConfigKeys (ConfUtils.java:logGet(43)) - raft.server.watch.timeout.denomination = 1s (default)
2019-07-14 08:37:22,844 INFO  server.RaftServerConfigKeys (ConfUtils.java:logGet(43)) - raft.server.watch.element-limit = 65536 (default)
2019-07-14 08:37:22,845 INFO  server.RaftServerConfigKeys (ConfUtils.java:logGet(43)) - raft.server.watch.element-limit = 65536 (default)
2019-07-14 08:37:22,845 INFO  impl.RoleInfo (RoleInfo.java:updateAndGet(143)) - e9a50411-88c9-48bf-afde-0143fc4b5cad: start LeaderState
2019-07-14 08:37:22,845 INFO  impl.RoleInfo (RoleInfo.java:updateAndGet(143)) - 606a5d8c-f61d-40b4-b7e7-af2cae8db5c2: start LeaderState
2019-07-14 08:37:22,845 INFO  segmented.SegmentedRaftLogWorker (SegmentedRaftLogWorker.java:startLogSegment(380)) - e9a50411-88c9-48bf-afde-0143fc4b5cad-SegmentedRaftLogWorker:Storage Directory /workdir/hadoop-ozone/integration-test/target/test-dir/MiniOzoneClusterImpl-f39735a2-5420-4441-a07d-002a9dc39afb/datanode-0/data/ratis/ed598a55-0556-4208-985c-b4f7a7e33d43: Starting segment from index:0
2019-07-14 08:37:22,845 INFO  segmented.SegmentedRaftLogWorker (SegmentedRaftLogWorker.java:startLogSegment(380)) - 606a5d8c-f61d-40b4-b7e7-af2cae8db5c2-SegmentedRaftLogWorker:Storage Directory /workdir/hadoop-ozone/integration-test/target/test-dir/MiniOzoneClusterImpl-f39735a2-5420-4441-a07d-002a9dc39afb/datanode-1/data/ratis/634687a8-5a79-4669-a117-dc3334337cb9: Starting segment from index:0
2019-07-14 08:37:22,846 INFO  impl.RaftServerImpl (ServerState.java:setRaftConf(361)) - e9a50411-88c9-48bf-afde-0143fc4b5cad:group-B4F7A7E33D43 set configuration 0: [e9a50411-88c9-48bf-afde-0143fc4b5cad:192.168.5.191:38840], old=null at 0
2019-07-14 08:37:22,846 INFO  impl.RaftServerImpl (ServerState.java:setRaftConf(361)) - 606a5d8c-f61d-40b4-b7e7-af2cae8db5c2:group-DC3334337CB9 set configuration 0: [606a5d8c-f61d-40b4-b7e7-af2cae8db5c2:192.168.5.191:46349], old=null at 0
2019-07-14 08:37:22,872 INFO  segmented.SegmentedRaftLogWorker (SegmentedRaftLogWorker.java:execute(569)) - 606a5d8c-f61d-40b4-b7e7-af2cae8db5c2-SegmentedRaftLogWorker:Storage Directory /workdir/hadoop-ozone/integration-test/target/test-dir/MiniOzoneClusterImpl-f39735a2-5420-4441-a07d-002a9dc39afb/datanode-1/data/ratis/634687a8-5a79-4669-a117-dc3334337cb9: created new log segment /workdir/hadoop-ozone/integration-test/target/test-dir/MiniOzoneClusterImpl-f39735a2-5420-4441-a07d-002a9dc39afb/datanode-1/data/ratis/634687a8-5a79-4669-a117-dc3334337cb9/current/log_inprogress_0
2019-07-14 08:37:22,872 INFO  segmented.SegmentedRaftLogWorker (SegmentedRaftLogWorker.java:execute(569)) - e9a50411-88c9-48bf-afde-0143fc4b5cad-SegmentedRaftLogWorker:Storage Directory /workdir/hadoop-ozone/integration-test/target/test-dir/MiniOzoneClusterImpl-f39735a2-5420-4441-a07d-002a9dc39afb/datanode-0/data/ratis/ed598a55-0556-4208-985c-b4f7a7e33d43: created new log segment /workdir/hadoop-ozone/integration-test/target/test-dir/MiniOzoneClusterImpl-f39735a2-5420-4441-a07d-002a9dc39afb/datanode-0/data/ratis/ed598a55-0556-4208-985c-b4f7a7e33d43/current/log_inprogress_0
2019-07-14 08:37:23,000 INFO  client.GrpcClientProtocolClient (GrpcClientProtocolClient.java:onNext(255)) - client-630BB0C72078->606a5d8c-f61d-40b4-b7e7-af2cae8db5c2: receive RaftClientReply:client-630BB0C72078->606a5d8c-f61d-40b4-b7e7-af2cae8db5c2@group-D317E2EB8D42, cid=183, FAILED org.apache.ratis.protocol.NotLeaderException: Server 606a5d8c-f61d-40b4-b7e7-af2cae8db5c2 is not the leader (null). Request must be sent to leader., logIndex=0, commits[606a5d8c-f61d-40b4-b7e7-af2cae8db5c2:c-1]
2019-07-14 08:37:23,184 INFO  impl.FollowerState (FollowerState.java:run(106)) - 88f1e3a5-21e0-4d5e-8225-b72ef656a022:group-D317E2EB8D42 changes to CANDIDATE, lastRpcTime:5070, electionTimeout:5070ms
2019-07-14 08:37:23,184 INFO  impl.RoleInfo (RoleInfo.java:shutdownFollowerState(121)) - 88f1e3a5-21e0-4d5e-8225-b72ef656a022: shutdown FollowerState
2019-07-14 08:37:23,184 INFO  impl.RaftServerImpl (RaftServerImpl.java:setRole(171)) - 88f1e3a5-21e0-4d5e-8225-b72ef656a022:group-D317E2EB8D42 changes role from FOLLOWER to CANDIDATE at term 0 for changeToCandidate
2019-07-14 08:37:23,184 INFO  impl.RoleInfo (RoleInfo.java:updateAndGet(143)) - 88f1e3a5-21e0-4d5e-8225-b72ef656a022: start LeaderElection
2019-07-14 08:37:23,195 INFO  impl.LeaderElection (LeaderElection.java:askForVotes(181)) - 88f1e3a5-21e0-4d5e-8225-b72ef656a022:group-D317E2EB8D42:LeaderElection67: begin an election at term 1 for -1: [88f1e3a5-21e0-4d5e-8225-b72ef656a022:192.168.5.191:33272, 606a5d8c-f61d-40b4-b7e7-af2cae8db5c2:192.168.5.191:46349, e9a50411-88c9-48bf-afde-0143fc4b5cad:192.168.5.191:38840], old=null
2019-07-14 08:37:23,198 INFO  impl.RaftServerImpl (RaftServerImpl.java:setRole(171)) - 606a5d8c-f61d-40b4-b7e7-af2cae8db5c2:group-D317E2EB8D42 changes role from FOLLOWER to FOLLOWER at term 1 for recognizeCandidate:88f1e3a5-21e0-4d5e-8225-b72ef656a022
2019-07-14 08:37:23,198 INFO  impl.RaftServerImpl (RaftServerImpl.java:setRole(171)) - e9a50411-88c9-48bf-afde-0143fc4b5cad:group-D317E2EB8D42 changes role from FOLLOWER to FOLLOWER at term 1 for recognizeCandidate:88f1e3a5-21e0-4d5e-8225-b72ef656a022
2019-07-14 08:37:23,199 INFO  impl.RoleInfo (RoleInfo.java:shutdownFollowerState(121)) - 606a5d8c-f61d-40b4-b7e7-af2cae8db5c2: shutdown FollowerState
2019-07-14 08:37:23,199 INFO  impl.RoleInfo (RoleInfo.java:shutdownFollowerState(121)) - e9a50411-88c9-48bf-afde-0143fc4b5cad: shutdown FollowerState
2019-07-14 08:37:23,199 INFO  impl.FollowerState (FollowerState.java:run(114)) - 606a5d8c-f61d-40b4-b7e7-af2cae8db5c2: FollowerState was interrupted: java.lang.InterruptedException: sleep interrupted
2019-07-14 08:37:23,199 INFO  impl.RoleInfo (RoleInfo.java:updateAndGet(143)) - 606a5d8c-f61d-40b4-b7e7-af2cae8db5c2: start FollowerState
2019-07-14 08:37:23,202 INFO  impl.FollowerState (FollowerState.java:run(114)) - e9a50411-88c9-48bf-afde-0143fc4b5cad: FollowerState was interrupted: java.lang.InterruptedException: sleep interrupted
2019-07-14 08:37:23,199 INFO  impl.RoleInfo (RoleInfo.java:updateAndGet(143)) - e9a50411-88c9-48bf-afde-0143fc4b5cad: start FollowerState
2019-07-14 08:37:23,209 INFO  impl.FollowerState (FollowerState.java:run(106)) - 88f1e3a5-21e0-4d5e-8225-b72ef656a022:group-AF7B0BBF4339 changes to CANDIDATE, lastRpcTime:5152, electionTimeout:5152ms
2019-07-14 08:37:23,209 INFO  impl.RoleInfo (RoleInfo.java:shutdownFollowerState(121)) - 88f1e3a5-21e0-4d5e-8225-b72ef656a022: shutdown FollowerState
2019-07-14 08:37:23,209 INFO  impl.RaftServerImpl (RaftServerImpl.java:setRole(171)) - 88f1e3a5-21e0-4d5e-8225-b72ef656a022:group-AF7B0BBF4339 changes role from FOLLOWER to CANDIDATE at term 0 for changeToCandidate
2019-07-14 08:37:23,209 INFO  impl.RoleInfo (RoleInfo.java:updateAndGet(143)) - 88f1e3a5-21e0-4d5e-8225-b72ef656a022: start LeaderElection
2019-07-14 08:37:23,215 INFO  impl.LeaderElection (LeaderElection.java:logAndReturn(56)) - 88f1e3a5-21e0-4d5e-8225-b72ef656a022:group-D317E2EB8D42:LeaderElection67: Election PASSED; received 1 response(s) [88f1e3a5-21e0-4d5e-8225-b72ef656a022<-606a5d8c-f61d-40b4-b7e7-af2cae8db5c2#0:OK-t1] and 0 exception(s); 88f1e3a5-21e0-4d5e-8225-b72ef656a022:t1, leader=null, voted=88f1e3a5-21e0-4d5e-8225-b72ef656a022, raftlog=88f1e3a5-21e0-4d5e-8225-b72ef656a022-SegmentedRaftLog:OPENED:c-1,f-1,i0, conf=-1: [88f1e3a5-21e0-4d5e-8225-b72ef656a022:192.168.5.191:33272, 606a5d8c-f61d-40b4-b7e7-af2cae8db5c2:192.168.5.191:46349, e9a50411-88c9-48bf-afde-0143fc4b5cad:192.168.5.191:38840], old=null
2019-07-14 08:37:23,215 INFO  impl.RoleInfo (RoleInfo.java:shutdownLeaderElection(134)) - 88f1e3a5-21e0-4d5e-8225-b72ef656a022: shutdown LeaderElection
2019-07-14 08:37:23,215 INFO  impl.RaftServerImpl (RaftServerImpl.java:setRole(171)) - 88f1e3a5-21e0-4d5e-8225-b72ef656a022:group-D317E2EB8D42 changes role from CANDIDATE to LEADER at term 1 for changeToLeader
2019-07-14 08:37:23,216 INFO  impl.RaftServerImpl (ServerState.java:setLeader(263)) - 88f1e3a5-21e0-4d5e-8225-b72ef656a022:group-D317E2EB8D42 change Leader from null to 88f1e3a5-21e0-4d5e-8225-b72ef656a022 at term 1 for becomeLeader, leader elected after 5129ms
2019-07-14 08:37:23,218 INFO  server.RaftServerConfigKeys (ConfUtils.java:logGet(43)) - raft.server.staging.catchup.gap = 1000 (default)
2019-07-14 08:37:23,218 INFO  server.RaftServerConfigKeys (ConfUtils.java:logGet(43)) - raft.server.rpc.sleep.time = 25ms (default)
2019-07-14 08:37:23,218 INFO  server.RaftServerConfigKeys (ConfUtils.java:logGet(43)) - raft.server.write.element-limit = 4096 (default)
2019-07-14 08:37:23,218 INFO  server.RaftServerConfigKeys (ConfUtils.java:logGet(43)) - raft.server.watch.timeout = 10s (default)
2019-07-14 08:37:23,219 INFO  server.RaftServerConfigKeys (ConfUtils.java:logGet(43)) - raft.server.watch.timeout.denomination = 1s (default)
2019-07-14 08:37:23,219 INFO  server.RaftServerConfigKeys (ConfUtils.java:logGet(43)) - raft.server.watch.element-limit = 65536 (default)
2019-07-14 08:37:23,219 INFO  server.RaftServerConfigKeys (ConfUtils.java:logGet(43)) - raft.server.log.appender.snapshot.chunk.size.max = 16MB (=16777216) (default)
2019-07-14 08:37:23,219 INFO  server.RaftServerConfigKeys (ConfUtils.java:logGet(43)) - raft.server.log.appender.buffer.byte-limit = 33554432 (custom)
2019-07-14 08:37:23,219 INFO  server.RaftServerConfigKeys (ConfUtils.java:logGet(43)) - raft.server.log.appender.buffer.element-limit = 1 (custom)
2019-07-14 08:37:23,219 INFO  impl.LeaderElection (LeaderElection.java:askForVotes(181)) - 88f1e3a5-21e0-4d5e-8225-b72ef656a022:group-AF7B0BBF4339:LeaderElection68: begin an election at term 1 for -1: [88f1e3a5-21e0-4d5e-8225-b72ef656a022:192.168.5.191:33272], old=null
2019-07-14 08:37:23,220 INFO  grpc.GrpcConfigKeys$Server (ConfUtils.java:logGet(43)) - raft.grpc.server.leader.outstanding.appends.max = 128 (default)
2019-07-14 08:37:23,220 INFO  impl.RoleInfo (RoleInfo.java:shutdownLeaderElection(134)) - 88f1e3a5-21e0-4d5e-8225-b72ef656a022: shutdown LeaderElection
2019-07-14 08:37:23,220 INFO  server.RaftServerConfigKeys (ConfUtils.java:logGet(43)) - raft.server.rpc.request.timeout = 3000ms (default)
2019-07-14 08:37:23,220 INFO  impl.RaftServerImpl (RaftServerImpl.java:setRole(171)) - 88f1e3a5-21e0-4d5e-8225-b72ef656a022:group-AF7B0BBF4339 changes role from CANDIDATE to LEADER at term 1 for changeToLeader
2019-07-14 08:37:23,220 INFO  impl.RaftServerImpl (ServerState.java:setLeader(263)) - 88f1e3a5-21e0-4d5e-8225-b72ef656a022:group-AF7B0BBF4339 change Leader from null to 88f1e3a5-21e0-4d5e-8225-b72ef656a022 at term 1 for becomeLeader, leader elected after 5167ms
2019-07-14 08:37:23,220 INFO  server.RaftServerConfigKeys (ConfUtils.java:logGet(43)) - raft.server.log.appender.install.snapshot.enabled = false (custom)
2019-07-14 08:37:23,221 INFO  server.RaftServerConfigKeys (ConfUtils.java:logGet(43)) - raft.server.staging.catchup.gap = 1000 (default)
2019-07-14 08:37:23,221 INFO  server.RaftServerConfigKeys (ConfUtils.java:logGet(43)) - raft.server.log.appender.snapshot.chunk.size.max = 16MB (=16777216) (default)
2019-07-14 08:37:23,221 INFO  server.RaftServerConfigKeys (ConfUtils.java:logGet(43)) - raft.server.rpc.sleep.time = 25ms (default)
2019-07-14 08:37:23,221 INFO  server.RaftServerConfigKeys (ConfUtils.java:logGet(43)) - raft.server.log.appender.buffer.byte-limit = 33554432 (custom)
2019-07-14 08:37:23,221 INFO  server.RaftServerConfigKeys (ConfUtils.java:logGet(43)) - raft.server.write.element-limit = 4096 (default)
2019-07-14 08:37:23,221 INFO  server.RaftServerConfigKeys (ConfUtils.java:logGet(43)) - raft.server.log.appender.buffer.element-limit = 1 (custom)
2019-07-14 08:37:23,222 INFO  server.RaftServerConfigKeys (ConfUtils.java:logGet(43)) - raft.server.watch.timeout = 10s (default)
2019-07-14 08:37:23,222 INFO  grpc.GrpcConfigKeys$Server (ConfUtils.java:logGet(43)) - raft.grpc.server.leader.outstanding.appends.max = 128 (default)
2019-07-14 08:37:23,222 INFO  server.RaftServerConfigKeys (ConfUtils.java:logGet(43)) - raft.server.watch.timeout.denomination = 1s (default)
2019-07-14 08:37:23,222 INFO  server.RaftServerConfigKeys (ConfUtils.java:logGet(43)) - raft.server.rpc.request.timeout = 3000ms (default)
2019-07-14 08:37:23,222 INFO  server.RaftServerConfigKeys (ConfUtils.java:logGet(43)) - raft.server.watch.element-limit = 65536 (default)
2019-07-14 08:37:23,222 INFO  server.RaftServerConfigKeys (ConfUtils.java:logGet(43)) - raft.server.log.appender.install.snapshot.enabled = false (custom)
2019-07-14 08:37:23,223 INFO  impl.RoleInfo (RoleInfo.java:updateAndGet(143)) - 88f1e3a5-21e0-4d5e-8225-b72ef656a022: start LeaderState
2019-07-14 08:37:23,223 INFO  impl.RoleInfo (RoleInfo.java:updateAndGet(143)) - 88f1e3a5-21e0-4d5e-8225-b72ef656a022: start LeaderState
2019-07-14 08:37:23,223 INFO  segmented.SegmentedRaftLogWorker (SegmentedRaftLogWorker.java:startLogSegment(380)) - 88f1e3a5-21e0-4d5e-8225-b72ef656a022-SegmentedRaftLogWorker:Storage Directory /workdir/hadoop-ozone/integration-test/target/test-dir/MiniOzoneClusterImpl-f39735a2-5420-4441-a07d-002a9dc39afb/datanode-2/data/ratis/e98c918b-167c-4bb9-955d-af7b0bbf4339: Starting segment from index:0
2019-07-14 08:37:23,223 INFO  segmented.SegmentedRaftLogWorker (SegmentedRaftLogWorker.java:startLogSegment(380)) - 88f1e3a5-21e0-4d5e-8225-b72ef656a022-SegmentedRaftLogWorker:Storage Directory /workdir/hadoop-ozone/integration-test/target/test-dir/MiniOzoneClusterImpl-f39735a2-5420-4441-a07d-002a9dc39afb/datanode-2/data/ratis/41ad84cb-a288-423d-ac75-d317e2eb8d42: Starting segment from index:0
2019-07-14 08:37:23,223 INFO  impl.RaftServerImpl (ServerState.java:setRaftConf(361)) - 88f1e3a5-21e0-4d5e-8225-b72ef656a022:group-AF7B0BBF4339 set configuration 0: [88f1e3a5-21e0-4d5e-8225-b72ef656a022:192.168.5.191:33272], old=null at 0
2019-07-14 08:37:23,247 INFO  impl.RaftServerImpl (ServerState.java:setRaftConf(361)) - 88f1e3a5-21e0-4d5e-8225-b72ef656a022:group-D317E2EB8D42 set configuration 0: [88f1e3a5-21e0-4d5e-8225-b72ef656a022:192.168.5.191:33272, 606a5d8c-f61d-40b4-b7e7-af2cae8db5c2:192.168.5.191:46349, e9a50411-88c9-48bf-afde-0143fc4b5cad:192.168.5.191:38840], old=null at 0
2019-07-14 08:37:23,249 INFO  impl.RaftServerImpl (ServerState.java:setLeader(263)) - e9a50411-88c9-48bf-afde-0143fc4b5cad:group-D317E2EB8D42 change Leader from null to 88f1e3a5-21e0-4d5e-8225-b72ef656a022 at term 1 for appendEntries, leader elected after 5162ms
2019-07-14 08:37:23,249 INFO  impl.RaftServerImpl (ServerState.java:setLeader(263)) - 606a5d8c-f61d-40b4-b7e7-af2cae8db5c2:group-D317E2EB8D42 change Leader from null to 88f1e3a5-21e0-4d5e-8225-b72ef656a022 at term 1 for appendEntries, leader elected after 5162ms
2019-07-14 08:37:23,261 INFO  segmented.SegmentedRaftLogWorker (SegmentedRaftLogWorker.java:execute(569)) - 88f1e3a5-21e0-4d5e-8225-b72ef656a022-SegmentedRaftLogWorker:Storage Directory /workdir/hadoop-ozone/integration-test/target/test-dir/MiniOzoneClusterImpl-f39735a2-5420-4441-a07d-002a9dc39afb/datanode-2/data/ratis/e98c918b-167c-4bb9-955d-af7b0bbf4339: created new log segment /workdir/hadoop-ozone/integration-test/target/test-dir/MiniOzoneClusterImpl-f39735a2-5420-4441-a07d-002a9dc39afb/datanode-2/data/ratis/e98c918b-167c-4bb9-955d-af7b0bbf4339/current/log_inprogress_0
2019-07-14 08:37:23,261 INFO  segmented.SegmentedRaftLogWorker (SegmentedRaftLogWorker.java:execute(569)) - 88f1e3a5-21e0-4d5e-8225-b72ef656a022-SegmentedRaftLogWorker:Storage Directory /workdir/hadoop-ozone/integration-test/target/test-dir/MiniOzoneClusterImpl-f39735a2-5420-4441-a07d-002a9dc39afb/datanode-2/data/ratis/41ad84cb-a288-423d-ac75-d317e2eb8d42: created new log segment /workdir/hadoop-ozone/integration-test/target/test-dir/MiniOzoneClusterImpl-f39735a2-5420-4441-a07d-002a9dc39afb/datanode-2/data/ratis/41ad84cb-a288-423d-ac75-d317e2eb8d42/current/log_inprogress_0
2019-07-14 08:37:23,265 INFO  impl.RaftServerImpl (ServerState.java:setRaftConf(361)) - 606a5d8c-f61d-40b4-b7e7-af2cae8db5c2:group-D317E2EB8D42 set configuration 0: [88f1e3a5-21e0-4d5e-8225-b72ef656a022:192.168.5.191:33272, 606a5d8c-f61d-40b4-b7e7-af2cae8db5c2:192.168.5.191:46349, e9a50411-88c9-48bf-afde-0143fc4b5cad:192.168.5.191:38840], old=null at 0
2019-07-14 08:37:23,265 INFO  impl.RaftServerImpl (ServerState.java:setRaftConf(361)) - e9a50411-88c9-48bf-afde-0143fc4b5cad:group-D317E2EB8D42 set configuration 0: [88f1e3a5-21e0-4d5e-8225-b72ef656a022:192.168.5.191:33272, 606a5d8c-f61d-40b4-b7e7-af2cae8db5c2:192.168.5.191:46349, e9a50411-88c9-48bf-afde-0143fc4b5cad:192.168.5.191:38840], old=null at 0
2019-07-14 08:37:23,265 INFO  segmented.SegmentedRaftLogWorker (SegmentedRaftLogWorker.java:startLogSegment(380)) - 606a5d8c-f61d-40b4-b7e7-af2cae8db5c2-SegmentedRaftLogWorker:Storage Directory /workdir/hadoop-ozone/integration-test/target/test-dir/MiniOzoneClusterImpl-f39735a2-5420-4441-a07d-002a9dc39afb/datanode-1/data/ratis/41ad84cb-a288-423d-ac75-d317e2eb8d42: Starting segment from index:0
2019-07-14 08:37:23,265 INFO  segmented.SegmentedRaftLogWorker (SegmentedRaftLogWorker.java:startLogSegment(380)) - e9a50411-88c9-48bf-afde-0143fc4b5cad-SegmentedRaftLogWorker:Storage Directory /workdir/hadoop-ozone/integration-test/target/test-dir/MiniOzoneClusterImpl-f39735a2-5420-4441-a07d-002a9dc39afb/datanode-0/data/ratis/41ad84cb-a288-423d-ac75-d317e2eb8d42: Starting segment from index:0
2019-07-14 08:37:23,287 INFO  segmented.SegmentedRaftLogWorker (SegmentedRaftLogWorker.java:execute(569)) - 606a5d8c-f61d-40b4-b7e7-af2cae8db5c2-SegmentedRaftLogWorker:Storage Directory /workdir/hadoop-ozone/integration-test/target/test-dir/MiniOzoneClusterImpl-f39735a2-5420-4441-a07d-002a9dc39afb/datanode-1/data/ratis/41ad84cb-a288-423d-ac75-d317e2eb8d42: created new log segment /workdir/hadoop-ozone/integration-test/target/test-dir/MiniOzoneClusterImpl-f39735a2-5420-4441-a07d-002a9dc39afb/datanode-1/data/ratis/41ad84cb-a288-423d-ac75-d317e2eb8d42/current/log_inprogress_0
2019-07-14 08:37:23,290 INFO  segmented.SegmentedRaftLogWorker (SegmentedRaftLogWorker.java:execute(569)) - e9a50411-88c9-48bf-afde-0143fc4b5cad-SegmentedRaftLogWorker:Storage Directory /workdir/hadoop-ozone/integration-test/target/test-dir/MiniOzoneClusterImpl-f39735a2-5420-4441-a07d-002a9dc39afb/datanode-0/data/ratis/41ad84cb-a288-423d-ac75-d317e2eb8d42: created new log segment /workdir/hadoop-ozone/integration-test/target/test-dir/MiniOzoneClusterImpl-f39735a2-5420-4441-a07d-002a9dc39afb/datanode-0/data/ratis/41ad84cb-a288-423d-ac75-d317e2eb8d42/current/log_inprogress_0
2019-07-14 08:37:23,423 INFO  impl.FollowerState (FollowerState.java:run(106)) - 9bd95888-5333-4516-99f7-a7e03f6f5c6c:group-226E5CA37268 changes to CANDIDATE, lastRpcTime:5139, electionTimeout:5139ms
2019-07-14 08:37:23,423 INFO  impl.RoleInfo (RoleInfo.java:shutdownFollowerState(121)) - 9bd95888-5333-4516-99f7-a7e03f6f5c6c: shutdown FollowerState
2019-07-14 08:37:23,424 INFO  impl.RaftServerImpl (RaftServerImpl.java:setRole(171)) - 9bd95888-5333-4516-99f7-a7e03f6f5c6c:group-226E5CA37268 changes role from FOLLOWER to CANDIDATE at term 0 for changeToCandidate
2019-07-14 08:37:23,424 INFO  impl.RoleInfo (RoleInfo.java:updateAndGet(143)) - 9bd95888-5333-4516-99f7-a7e03f6f5c6c: start LeaderElection
2019-07-14 08:37:23,435 INFO  impl.LeaderElection (LeaderElection.java:askForVotes(181)) - 9bd95888-5333-4516-99f7-a7e03f6f5c6c:group-226E5CA37268:LeaderElection69: begin an election at term 1 for -1: [9bd95888-5333-4516-99f7-a7e03f6f5c6c:192.168.5.191:36134], old=null
2019-07-14 08:37:23,435 INFO  impl.RoleInfo (RoleInfo.java:shutdownLeaderElection(134)) - 9bd95888-5333-4516-99f7-a7e03f6f5c6c: shutdown LeaderElection
2019-07-14 08:37:23,435 INFO  impl.RaftServerImpl (RaftServerImpl.java:setRole(171)) - 9bd95888-5333-4516-99f7-a7e03f6f5c6c:group-226E5CA37268 changes role from CANDIDATE to LEADER at term 1 for changeToLeader
2019-07-14 08:37:23,435 INFO  impl.RaftServerImpl (ServerState.java:setLeader(263)) - 9bd95888-5333-4516-99f7-a7e03f6f5c6c:group-226E5CA37268 change Leader from null to 9bd95888-5333-4516-99f7-a7e03f6f5c6c at term 1 for becomeLeader, leader elected after 5154ms
2019-07-14 08:37:23,438 INFO  server.RaftServerConfigKeys (ConfUtils.java:logGet(43)) - raft.server.staging.catchup.gap = 1000 (default)
2019-07-14 08:37:23,438 INFO  server.RaftServerConfigKeys (ConfUtils.java:logGet(43)) - raft.server.rpc.sleep.time = 25ms (default)
2019-07-14 08:37:23,438 INFO  server.RaftServerConfigKeys (ConfUtils.java:logGet(43)) - raft.server.write.element-limit = 4096 (default)
2019-07-14 08:37:23,438 INFO  server.RaftServerConfigKeys (ConfUtils.java:logGet(43)) - raft.server.watch.timeout = 10s (default)
2019-07-14 08:37:23,438 INFO  server.RaftServerConfigKeys (ConfUtils.java:logGet(43)) - raft.server.watch.timeout.denomination = 1s (default)
2019-07-14 08:37:23,438 INFO  server.RaftServerConfigKeys (ConfUtils.java:logGet(43)) - raft.server.watch.element-limit = 65536 (default)
2019-07-14 08:37:23,439 INFO  impl.RoleInfo (RoleInfo.java:updateAndGet(143)) - 9bd95888-5333-4516-99f7-a7e03f6f5c6c: start LeaderState
2019-07-14 08:37:23,439 INFO  segmented.SegmentedRaftLogWorker (SegmentedRaftLogWorker.java:startLogSegment(380)) - 9bd95888-5333-4516-99f7-a7e03f6f5c6c-SegmentedRaftLogWorker:Storage Directory /workdir/hadoop-ozone/integration-test/target/test-dir/MiniOzoneClusterImpl-f39735a2-5420-4441-a07d-002a9dc39afb/datanode-3/data/ratis/ceab14cc-5c98-434c-8f38-226e5ca37268: Starting segment from index:0
2019-07-14 08:37:23,440 INFO  impl.RaftServerImpl (ServerState.java:setRaftConf(361)) - 9bd95888-5333-4516-99f7-a7e03f6f5c6c:group-226E5CA37268 set configuration 0: [9bd95888-5333-4516-99f7-a7e03f6f5c6c:192.168.5.191:36134], old=null at 0
2019-07-14 08:37:23,466 INFO  segmented.SegmentedRaftLogWorker (SegmentedRaftLogWorker.java:execute(569)) - 9bd95888-5333-4516-99f7-a7e03f6f5c6c-SegmentedRaftLogWorker:Storage Directory /workdir/hadoop-ozone/integration-test/target/test-dir/MiniOzoneClusterImpl-f39735a2-5420-4441-a07d-002a9dc39afb/datanode-3/data/ratis/ceab14cc-5c98-434c-8f38-226e5ca37268: created new log segment /workdir/hadoop-ozone/integration-test/target/test-dir/MiniOzoneClusterImpl-f39735a2-5420-4441-a07d-002a9dc39afb/datanode-3/data/ratis/ceab14cc-5c98-434c-8f38-226e5ca37268/current/log_inprogress_0
2019-07-14 08:37:23,551 INFO  impl.FollowerState (FollowerState.java:run(106)) - dbacfa91-0a3d-4e21-95bd-79a50c69b681:group-FF5581436574 changes to CANDIDATE, lastRpcTime:5112, electionTimeout:5112ms
2019-07-14 08:37:23,551 INFO  impl.RoleInfo (RoleInfo.java:shutdownFollowerState(121)) - dbacfa91-0a3d-4e21-95bd-79a50c69b681: shutdown FollowerState
2019-07-14 08:37:23,551 INFO  impl.RaftServerImpl (RaftServerImpl.java:setRole(171)) - dbacfa91-0a3d-4e21-95bd-79a50c69b681:group-FF5581436574 changes role from FOLLOWER to CANDIDATE at term 0 for changeToCandidate
2019-07-14 08:37:23,551 INFO  impl.RoleInfo (RoleInfo.java:updateAndGet(143)) - dbacfa91-0a3d-4e21-95bd-79a50c69b681: start LeaderElection
2019-07-14 08:37:23,562 INFO  impl.LeaderElection (LeaderElection.java:askForVotes(181)) - dbacfa91-0a3d-4e21-95bd-79a50c69b681:group-FF5581436574:LeaderElection70: begin an election at term 1 for -1: [dbacfa91-0a3d-4e21-95bd-79a50c69b681:192.168.5.191:45739], old=null
2019-07-14 08:37:23,563 INFO  impl.RoleInfo (RoleInfo.java:shutdownLeaderElection(134)) - dbacfa91-0a3d-4e21-95bd-79a50c69b681: shutdown LeaderElection
2019-07-14 08:37:23,563 INFO  impl.RaftServerImpl (RaftServerImpl.java:setRole(171)) - dbacfa91-0a3d-4e21-95bd-79a50c69b681:group-FF5581436574 changes role from CANDIDATE to LEADER at term 1 for changeToLeader
2019-07-14 08:37:23,563 INFO  impl.RaftServerImpl (ServerState.java:setLeader(263)) - dbacfa91-0a3d-4e21-95bd-79a50c69b681:group-FF5581436574 change Leader from null to dbacfa91-0a3d-4e21-95bd-79a50c69b681 at term 1 for becomeLeader, leader elected after 5128ms
2019-07-14 08:37:23,565 INFO  server.RaftServerConfigKeys (ConfUtils.java:logGet(43)) - raft.server.staging.catchup.gap = 1000 (default)
2019-07-14 08:37:23,566 INFO  server.RaftServerConfigKeys (ConfUtils.java:logGet(43)) - raft.server.rpc.sleep.time = 25ms (default)
2019-07-14 08:37:23,566 INFO  server.RaftServerConfigKeys (ConfUtils.java:logGet(43)) - raft.server.write.element-limit = 4096 (default)
2019-07-14 08:37:23,566 INFO  server.RaftServerConfigKeys (ConfUtils.java:logGet(43)) - raft.server.watch.timeout = 10s (default)
2019-07-14 08:37:23,567 INFO  server.RaftServerConfigKeys (ConfUtils.java:logGet(43)) - raft.server.watch.timeout.denomination = 1s (default)
2019-07-14 08:37:23,567 INFO  server.RaftServerConfigKeys (ConfUtils.java:logGet(43)) - raft.server.watch.element-limit = 65536 (default)
2019-07-14 08:37:23,568 INFO  impl.RoleInfo (RoleInfo.java:updateAndGet(143)) - dbacfa91-0a3d-4e21-95bd-79a50c69b681: start LeaderState
2019-07-14 08:37:23,569 INFO  segmented.SegmentedRaftLogWorker (SegmentedRaftLogWorker.java:startLogSegment(380)) - dbacfa91-0a3d-4e21-95bd-79a50c69b681-SegmentedRaftLogWorker:Storage Directory /workdir/hadoop-ozone/integration-test/target/test-dir/MiniOzoneClusterImpl-f39735a2-5420-4441-a07d-002a9dc39afb/datanode-4/data/ratis/bd85b8d7-3e08-4b95-a43d-ff5581436574: Starting segment from index:0
2019-07-14 08:37:23,570 INFO  impl.RaftServerImpl (ServerState.java:setRaftConf(361)) - dbacfa91-0a3d-4e21-95bd-79a50c69b681:group-FF5581436574 set configuration 0: [dbacfa91-0a3d-4e21-95bd-79a50c69b681:192.168.5.191:45739], old=null at 0
2019-07-14 08:37:23,595 INFO  segmented.SegmentedRaftLogWorker (SegmentedRaftLogWorker.java:execute(569)) - dbacfa91-0a3d-4e21-95bd-79a50c69b681-SegmentedRaftLogWorker:Storage Directory /workdir/hadoop-ozone/integration-test/target/test-dir/MiniOzoneClusterImpl-f39735a2-5420-4441-a07d-002a9dc39afb/datanode-4/data/ratis/bd85b8d7-3e08-4b95-a43d-ff5581436574: created new log segment /workdir/hadoop-ozone/integration-test/target/test-dir/MiniOzoneClusterImpl-f39735a2-5420-4441-a07d-002a9dc39afb/datanode-4/data/ratis/bd85b8d7-3e08-4b95-a43d-ff5581436574/current/log_inprogress_0
2019-07-14 08:37:23,693 INFO  impl.FollowerState (FollowerState.java:run(106)) - dbacfa91-0a3d-4e21-95bd-79a50c69b681:group-EC2B45E8A387 changes to CANDIDATE, lastRpcTime:5016, electionTimeout:5016ms
2019-07-14 08:37:23,693 INFO  impl.RoleInfo (RoleInfo.java:shutdownFollowerState(121)) - dbacfa91-0a3d-4e21-95bd-79a50c69b681: shutdown FollowerState
2019-07-14 08:37:23,693 INFO  impl.RaftServerImpl (RaftServerImpl.java:setRole(171)) - dbacfa91-0a3d-4e21-95bd-79a50c69b681:group-EC2B45E8A387 changes role from FOLLOWER to CANDIDATE at term 0 for changeToCandidate
2019-07-14 08:37:23,693 INFO  impl.RoleInfo (RoleInfo.java:updateAndGet(143)) - dbacfa91-0a3d-4e21-95bd-79a50c69b681: start LeaderElection
2019-07-14 08:37:23,697 INFO  impl.FollowerState (FollowerState.java:run(106)) - c8330a54-7443-462b-8726-431bec4162e5:group-EC2B45E8A387 changes to CANDIDATE, lastRpcTime:5014, electionTimeout:5012ms
2019-07-14 08:37:23,699 INFO  impl.RoleInfo (RoleInfo.java:shutdownFollowerState(121)) - c8330a54-7443-462b-8726-431bec4162e5: shutdown FollowerState
2019-07-14 08:37:23,699 INFO  impl.RaftServerImpl (RaftServerImpl.java:setRole(171)) - c8330a54-7443-462b-8726-431bec4162e5:group-EC2B45E8A387 changes role from FOLLOWER to CANDIDATE at term 0 for changeToCandidate
2019-07-14 08:37:23,700 INFO  impl.RoleInfo (RoleInfo.java:updateAndGet(143)) - c8330a54-7443-462b-8726-431bec4162e5: start LeaderElection
2019-07-14 08:37:23,709 INFO  impl.LeaderElection (LeaderElection.java:askForVotes(181)) - c8330a54-7443-462b-8726-431bec4162e5:group-EC2B45E8A387:LeaderElection72: begin an election at term 1 for -1: [c8330a54-7443-462b-8726-431bec4162e5:192.168.5.191:46484, 9bd95888-5333-4516-99f7-a7e03f6f5c6c:192.168.5.191:36134, dbacfa91-0a3d-4e21-95bd-79a50c69b681:192.168.5.191:45739], old=null
2019-07-14 08:37:23,709 INFO  impl.LeaderElection (LeaderElection.java:askForVotes(181)) - dbacfa91-0a3d-4e21-95bd-79a50c69b681:group-EC2B45E8A387:LeaderElection71: begin an election at term 1 for -1: [c8330a54-7443-462b-8726-431bec4162e5:192.168.5.191:46484, 9bd95888-5333-4516-99f7-a7e03f6f5c6c:192.168.5.191:36134, dbacfa91-0a3d-4e21-95bd-79a50c69b681:192.168.5.191:45739], old=null
2019-07-14 08:37:23,718 INFO  impl.RaftServerImpl (RaftServerImpl.java:setRole(171)) - 9bd95888-5333-4516-99f7-a7e03f6f5c6c:group-EC2B45E8A387 changes role from FOLLOWER to FOLLOWER at term 1 for recognizeCandidate:dbacfa91-0a3d-4e21-95bd-79a50c69b681
2019-07-14 08:37:23,722 INFO  impl.RoleInfo (RoleInfo.java:shutdownFollowerState(121)) - 9bd95888-5333-4516-99f7-a7e03f6f5c6c: shutdown FollowerState
2019-07-14 08:37:23,722 INFO  impl.RoleInfo (RoleInfo.java:updateAndGet(143)) - 9bd95888-5333-4516-99f7-a7e03f6f5c6c: start FollowerState
2019-07-14 08:37:23,722 INFO  impl.FollowerState (FollowerState.java:run(114)) - 9bd95888-5333-4516-99f7-a7e03f6f5c6c: FollowerState was interrupted: java.lang.InterruptedException: sleep interrupted
2019-07-14 08:37:23,749 INFO  impl.LeaderElection (LeaderElection.java:logAndReturn(56)) - c8330a54-7443-462b-8726-431bec4162e5:group-EC2B45E8A387:LeaderElection72: Election REJECTED; received 2 response(s) [c8330a54-7443-462b-8726-431bec4162e5<-9bd95888-5333-4516-99f7-a7e03f6f5c6c#0:FAIL-t1, c8330a54-7443-462b-8726-431bec4162e5<-dbacfa91-0a3d-4e21-95bd-79a50c69b681#0:FAIL-t1] and 0 exception(s); c8330a54-7443-462b-8726-431bec4162e5:t1, leader=null, voted=c8330a54-7443-462b-8726-431bec4162e5, raftlog=c8330a54-7443-462b-8726-431bec4162e5-SegmentedRaftLog:OPENED:c-1,f-1,i0, conf=-1: [c8330a54-7443-462b-8726-431bec4162e5:192.168.5.191:46484, 9bd95888-5333-4516-99f7-a7e03f6f5c6c:192.168.5.191:36134, dbacfa91-0a3d-4e21-95bd-79a50c69b681:192.168.5.191:45739], old=null
2019-07-14 08:37:23,749 INFO  impl.LeaderElection (LeaderElection.java:logAndReturn(56)) - dbacfa91-0a3d-4e21-95bd-79a50c69b681:group-EC2B45E8A387:LeaderElection71: Election PASSED; received 2 response(s) [dbacfa91-0a3d-4e21-95bd-79a50c69b681<-c8330a54-7443-462b-8726-431bec4162e5#0:FAIL-t1, dbacfa91-0a3d-4e21-95bd-79a50c69b681<-9bd95888-5333-4516-99f7-a7e03f6f5c6c#0:OK-t1] and 0 exception(s); dbacfa91-0a3d-4e21-95bd-79a50c69b681:t1, leader=null, voted=dbacfa91-0a3d-4e21-95bd-79a50c69b681, raftlog=dbacfa91-0a3d-4e21-95bd-79a50c69b681-SegmentedRaftLog:OPENED:c-1,f-1,i0, conf=-1: [c8330a54-7443-462b-8726-431bec4162e5:192.168.5.191:46484, 9bd95888-5333-4516-99f7-a7e03f6f5c6c:192.168.5.191:36134, dbacfa91-0a3d-4e21-95bd-79a50c69b681:192.168.5.191:45739], old=null
2019-07-14 08:37:23,749 INFO  impl.RaftServerImpl (RaftServerImpl.java:setRole(171)) - c8330a54-7443-462b-8726-431bec4162e5:group-EC2B45E8A387 changes role from CANDIDATE to FOLLOWER at term 1 for DISCOVERED_A_NEW_TERM
2019-07-14 08:37:23,749 INFO  impl.RoleInfo (RoleInfo.java:shutdownLeaderElection(134)) - dbacfa91-0a3d-4e21-95bd-79a50c69b681: shutdown LeaderElection
2019-07-14 08:37:23,749 INFO  impl.RoleInfo (RoleInfo.java:shutdownLeaderElection(134)) - c8330a54-7443-462b-8726-431bec4162e5: shutdown LeaderElection
2019-07-14 08:37:23,750 INFO  impl.RaftServerImpl (RaftServerImpl.java:setRole(171)) - dbacfa91-0a3d-4e21-95bd-79a50c69b681:group-EC2B45E8A387 changes role from CANDIDATE to LEADER at term 1 for changeToLeader
2019-07-14 08:37:23,750 INFO  impl.RoleInfo (RoleInfo.java:updateAndGet(143)) - c8330a54-7443-462b-8726-431bec4162e5: start FollowerState
2019-07-14 08:37:23,750 INFO  impl.RaftServerImpl (ServerState.java:setLeader(263)) - dbacfa91-0a3d-4e21-95bd-79a50c69b681:group-EC2B45E8A387 change Leader from null to dbacfa91-0a3d-4e21-95bd-79a50c69b681 at term 1 for becomeLeader, leader elected after 5080ms
2019-07-14 08:37:23,750 INFO  server.RaftServerConfigKeys (ConfUtils.java:logGet(43)) - raft.server.staging.catchup.gap = 1000 (default)
2019-07-14 08:37:23,750 INFO  server.RaftServerConfigKeys (ConfUtils.java:logGet(43)) - raft.server.rpc.sleep.time = 25ms (default)
2019-07-14 08:37:23,750 INFO  server.RaftServerConfigKeys (ConfUtils.java:logGet(43)) - raft.server.write.element-limit = 4096 (default)
2019-07-14 08:37:23,751 INFO  server.RaftServerConfigKeys (ConfUtils.java:logGet(43)) - raft.server.watch.timeout = 10s (default)
2019-07-14 08:37:23,751 INFO  server.RaftServerConfigKeys (ConfUtils.java:logGet(43)) - raft.server.watch.timeout.denomination = 1s (default)
2019-07-14 08:37:23,751 INFO  server.RaftServerConfigKeys (ConfUtils.java:logGet(43)) - raft.server.watch.element-limit = 65536 (default)
2019-07-14 08:37:23,751 INFO  server.RaftServerConfigKeys (ConfUtils.java:logGet(43)) - raft.server.log.appender.snapshot.chunk.size.max = 16MB (=16777216) (default)
2019-07-14 08:37:23,751 INFO  server.RaftServerConfigKeys (ConfUtils.java:logGet(43)) - raft.server.log.appender.buffer.byte-limit = 33554432 (custom)
2019-07-14 08:37:23,752 INFO  server.RaftServerConfigKeys (ConfUtils.java:logGet(43)) - raft.server.log.appender.buffer.element-limit = 1 (custom)
2019-07-14 08:37:23,752 INFO  grpc.GrpcConfigKeys$Server (ConfUtils.java:logGet(43)) - raft.grpc.server.leader.outstanding.appends.max = 128 (default)
2019-07-14 08:37:23,752 INFO  server.RaftServerConfigKeys (ConfUtils.java:logGet(43)) - raft.server.rpc.request.timeout = 3000ms (default)
2019-07-14 08:37:23,752 INFO  server.RaftServerConfigKeys (ConfUtils.java:logGet(43)) - raft.server.log.appender.install.snapshot.enabled = false (custom)
2019-07-14 08:37:23,752 INFO  server.RaftServerConfigKeys (ConfUtils.java:logGet(43)) - raft.server.log.appender.snapshot.chunk.size.max = 16MB (=16777216) (default)
2019-07-14 08:37:23,753 INFO  server.RaftServerConfigKeys (ConfUtils.java:logGet(43)) - raft.server.log.appender.buffer.byte-limit = 33554432 (custom)
2019-07-14 08:37:23,753 INFO  server.RaftServerConfigKeys (ConfUtils.java:logGet(43)) - raft.server.log.appender.buffer.element-limit = 1 (custom)
2019-07-14 08:37:23,753 INFO  grpc.GrpcConfigKeys$Server (ConfUtils.java:logGet(43)) - raft.grpc.server.leader.outstanding.appends.max = 128 (default)
2019-07-14 08:37:23,753 INFO  server.RaftServerConfigKeys (ConfUtils.java:logGet(43)) - raft.server.rpc.request.timeout = 3000ms (default)
2019-07-14 08:37:23,753 INFO  server.RaftServerConfigKeys (ConfUtils.java:logGet(43)) - raft.server.log.appender.install.snapshot.enabled = false (custom)
2019-07-14 08:37:23,754 INFO  impl.RoleInfo (RoleInfo.java:updateAndGet(143)) - dbacfa91-0a3d-4e21-95bd-79a50c69b681: start LeaderState
2019-07-14 08:37:23,754 INFO  segmented.SegmentedRaftLogWorker (SegmentedRaftLogWorker.java:startLogSegment(380)) - dbacfa91-0a3d-4e21-95bd-79a50c69b681-SegmentedRaftLogWorker:Storage Directory /workdir/hadoop-ozone/integration-test/target/test-dir/MiniOzoneClusterImpl-f39735a2-5420-4441-a07d-002a9dc39afb/datanode-4/data/ratis/fedcd1f1-a831-45a5-9e7d-ec2b45e8a387: Starting segment from index:0
2019-07-14 08:37:23,755 INFO  impl.RaftServerImpl (ServerState.java:setRaftConf(361)) - dbacfa91-0a3d-4e21-95bd-79a50c69b681:group-EC2B45E8A387 set configuration 0: [c8330a54-7443-462b-8726-431bec4162e5:192.168.5.191:46484, 9bd95888-5333-4516-99f7-a7e03f6f5c6c:192.168.5.191:36134, dbacfa91-0a3d-4e21-95bd-79a50c69b681:192.168.5.191:45739], old=null at 0
2019-07-14 08:37:23,776 INFO  impl.RaftServerImpl (ServerState.java:setLeader(263)) - c8330a54-7443-462b-8726-431bec4162e5:group-EC2B45E8A387 change Leader from null to dbacfa91-0a3d-4e21-95bd-79a50c69b681 at term 1 for appendEntries, leader elected after 5106ms
2019-07-14 08:37:23,776 INFO  impl.RaftServerImpl (ServerState.java:setLeader(263)) - 9bd95888-5333-4516-99f7-a7e03f6f5c6c:group-EC2B45E8A387 change Leader from null to dbacfa91-0a3d-4e21-95bd-79a50c69b681 at term 1 for appendEntries, leader elected after 5105ms
2019-07-14 08:37:23,778 INFO  segmented.SegmentedRaftLogWorker (SegmentedRaftLogWorker.java:execute(569)) - dbacfa91-0a3d-4e21-95bd-79a50c69b681-SegmentedRaftLogWorker:Storage Directory /workdir/hadoop-ozone/integration-test/target/test-dir/MiniOzoneClusterImpl-f39735a2-5420-4441-a07d-002a9dc39afb/datanode-4/data/ratis/fedcd1f1-a831-45a5-9e7d-ec2b45e8a387: created new log segment /workdir/hadoop-ozone/integration-test/target/test-dir/MiniOzoneClusterImpl-f39735a2-5420-4441-a07d-002a9dc39afb/datanode-4/data/ratis/fedcd1f1-a831-45a5-9e7d-ec2b45e8a387/current/log_inprogress_0
2019-07-14 08:37:23,778 INFO  impl.RaftServerImpl (ServerState.java:setRaftConf(361)) - c8330a54-7443-462b-8726-431bec4162e5:group-EC2B45E8A387 set configuration 0: [c8330a54-7443-462b-8726-431bec4162e5:192.168.5.191:46484, 9bd95888-5333-4516-99f7-a7e03f6f5c6c:192.168.5.191:36134, dbacfa91-0a3d-4e21-95bd-79a50c69b681:192.168.5.191:45739], old=null at 0
2019-07-14 08:37:23,778 INFO  impl.RaftServerImpl (ServerState.java:setRaftConf(361)) - 9bd95888-5333-4516-99f7-a7e03f6f5c6c:group-EC2B45E8A387 set configuration 0: [c8330a54-7443-462b-8726-431bec4162e5:192.168.5.191:46484, 9bd95888-5333-4516-99f7-a7e03f6f5c6c:192.168.5.191:36134, dbacfa91-0a3d-4e21-95bd-79a50c69b681:192.168.5.191:45739], old=null at 0
2019-07-14 08:37:23,778 INFO  segmented.SegmentedRaftLogWorker (SegmentedRaftLogWorker.java:startLogSegment(380)) - c8330a54-7443-462b-8726-431bec4162e5-SegmentedRaftLogWorker:Storage Directory /workdir/hadoop-ozone/integration-test/target/test-dir/MiniOzoneClusterImpl-f39735a2-5420-4441-a07d-002a9dc39afb/datanode-5/data/ratis/fedcd1f1-a831-45a5-9e7d-ec2b45e8a387: Starting segment from index:0
2019-07-14 08:37:23,779 INFO  segmented.SegmentedRaftLogWorker (SegmentedRaftLogWorker.java:startLogSegment(380)) - 9bd95888-5333-4516-99f7-a7e03f6f5c6c-SegmentedRaftLogWorker:Storage Directory /workdir/hadoop-ozone/integration-test/target/test-dir/MiniOzoneClusterImpl-f39735a2-5420-4441-a07d-002a9dc39afb/datanode-3/data/ratis/fedcd1f1-a831-45a5-9e7d-ec2b45e8a387: Starting segment from index:0
2019-07-14 08:37:23,801 INFO  segmented.SegmentedRaftLogWorker (SegmentedRaftLogWorker.java:execute(569)) - 9bd95888-5333-4516-99f7-a7e03f6f5c6c-SegmentedRaftLogWorker:Storage Directory /workdir/hadoop-ozone/integration-test/target/test-dir/MiniOzoneClusterImpl-f39735a2-5420-4441-a07d-002a9dc39afb/datanode-3/data/ratis/fedcd1f1-a831-45a5-9e7d-ec2b45e8a387: created new log segment /workdir/hadoop-ozone/integration-test/target/test-dir/MiniOzoneClusterImpl-f39735a2-5420-4441-a07d-002a9dc39afb/datanode-3/data/ratis/fedcd1f1-a831-45a5-9e7d-ec2b45e8a387/current/log_inprogress_0
2019-07-14 08:37:23,801 INFO  segmented.SegmentedRaftLogWorker (SegmentedRaftLogWorker.java:execute(569)) - c8330a54-7443-462b-8726-431bec4162e5-SegmentedRaftLogWorker:Storage Directory /workdir/hadoop-ozone/integration-test/target/test-dir/MiniOzoneClusterImpl-f39735a2-5420-4441-a07d-002a9dc39afb/datanode-5/data/ratis/fedcd1f1-a831-45a5-9e7d-ec2b45e8a387: created new log segment /workdir/hadoop-ozone/integration-test/target/test-dir/MiniOzoneClusterImpl-f39735a2-5420-4441-a07d-002a9dc39afb/datanode-5/data/ratis/fedcd1f1-a831-45a5-9e7d-ec2b45e8a387/current/log_inprogress_0
2019-07-14 08:37:23,827 INFO  impl.FollowerState (FollowerState.java:run(106)) - c8330a54-7443-462b-8726-431bec4162e5:group-B267A8FCF71E changes to CANDIDATE, lastRpcTime:5183, electionTimeout:5183ms
2019-07-14 08:37:23,827 INFO  impl.RoleInfo (RoleInfo.java:shutdownFollowerState(121)) - c8330a54-7443-462b-8726-431bec4162e5: shutdown FollowerState
2019-07-14 08:37:23,827 INFO  impl.RaftServerImpl (RaftServerImpl.java:setRole(171)) - c8330a54-7443-462b-8726-431bec4162e5:group-B267A8FCF71E changes role from FOLLOWER to CANDIDATE at term 0 for changeToCandidate
2019-07-14 08:37:23,827 INFO  impl.RoleInfo (RoleInfo.java:updateAndGet(143)) - c8330a54-7443-462b-8726-431bec4162e5: start LeaderElection
2019-07-14 08:37:23,836 INFO  impl.LeaderElection (LeaderElection.java:askForVotes(181)) - c8330a54-7443-462b-8726-431bec4162e5:group-B267A8FCF71E:LeaderElection73: begin an election at term 1 for -1: [c8330a54-7443-462b-8726-431bec4162e5:192.168.5.191:46484], old=null
2019-07-14 08:37:23,836 INFO  impl.RoleInfo (RoleInfo.java:shutdownLeaderElection(134)) - c8330a54-7443-462b-8726-431bec4162e5: shutdown LeaderElection
2019-07-14 08:37:23,836 INFO  impl.RaftServerImpl (RaftServerImpl.java:setRole(171)) - c8330a54-7443-462b-8726-431bec4162e5:group-B267A8FCF71E changes role from CANDIDATE to LEADER at term 1 for changeToLeader
2019-07-14 08:37:23,836 INFO  impl.RaftServerImpl (ServerState.java:setLeader(263)) - c8330a54-7443-462b-8726-431bec4162e5:group-B267A8FCF71E change Leader from null to c8330a54-7443-462b-8726-431bec4162e5 at term 1 for becomeLeader, leader elected after 5197ms
2019-07-14 08:37:23,839 INFO  server.RaftServerConfigKeys (ConfUtils.java:logGet(43)) - raft.server.staging.catchup.gap = 1000 (default)
2019-07-14 08:37:23,839 INFO  server.RaftServerConfigKeys (ConfUtils.java:logGet(43)) - raft.server.rpc.sleep.time = 25ms (default)
2019-07-14 08:37:23,839 INFO  server.RaftServerConfigKeys (ConfUtils.java:logGet(43)) - raft.server.write.element-limit = 4096 (default)
2019-07-14 08:37:23,839 INFO  server.RaftServerConfigKeys (ConfUtils.java:logGet(43)) - raft.server.watch.timeout = 10s (default)
2019-07-14 08:37:23,839 INFO  server.RaftServerConfigKeys (ConfUtils.java:logGet(43)) - raft.server.watch.timeout.denomination = 1s (default)
2019-07-14 08:37:23,839 INFO  server.RaftServerConfigKeys (ConfUtils.java:logGet(43)) - raft.server.watch.element-limit = 65536 (default)
2019-07-14 08:37:23,840 INFO  impl.RoleInfo (RoleInfo.java:updateAndGet(143)) - c8330a54-7443-462b-8726-431bec4162e5: start LeaderState
2019-07-14 08:37:23,840 INFO  segmented.SegmentedRaftLogWorker (SegmentedRaftLogWorker.java:startLogSegment(380)) - c8330a54-7443-462b-8726-431bec4162e5-SegmentedRaftLogWorker:Storage Directory /workdir/hadoop-ozone/integration-test/target/test-dir/MiniOzoneClusterImpl-f39735a2-5420-4441-a07d-002a9dc39afb/datanode-5/data/ratis/8abfb239-3fed-4ecb-9005-b267a8fcf71e: Starting segment from index:0
2019-07-14 08:37:23,841 INFO  impl.RaftServerImpl (ServerState.java:setRaftConf(361)) - c8330a54-7443-462b-8726-431bec4162e5:group-B267A8FCF71E set configuration 0: [c8330a54-7443-462b-8726-431bec4162e5:192.168.5.191:46484], old=null at 0
2019-07-14 08:37:23,866 INFO  segmented.SegmentedRaftLogWorker (SegmentedRaftLogWorker.java:execute(569)) - c8330a54-7443-462b-8726-431bec4162e5-SegmentedRaftLogWorker:Storage Directory /workdir/hadoop-ozone/integration-test/target/test-dir/MiniOzoneClusterImpl-f39735a2-5420-4441-a07d-002a9dc39afb/datanode-5/data/ratis/8abfb239-3fed-4ecb-9005-b267a8fcf71e: created new log segment /workdir/hadoop-ozone/integration-test/target/test-dir/MiniOzoneClusterImpl-f39735a2-5420-4441-a07d-002a9dc39afb/datanode-5/data/ratis/8abfb239-3fed-4ecb-9005-b267a8fcf71e/current/log_inprogress_0
2019-07-14 08:37:23,945 INFO  impl.FollowerState (FollowerState.java:run(106)) - 958c9f7a-a73e-4508-9d57-39dce6ef7cee:group-E7075607A732 changes to CANDIDATE, lastRpcTime:5053, electionTimeout:5053ms
2019-07-14 08:37:23,945 INFO  impl.RoleInfo (RoleInfo.java:shutdownFollowerState(121)) - 958c9f7a-a73e-4508-9d57-39dce6ef7cee: shutdown FollowerState
2019-07-14 08:37:23,945 INFO  impl.RaftServerImpl (RaftServerImpl.java:setRole(171)) - 958c9f7a-a73e-4508-9d57-39dce6ef7cee:group-E7075607A732 changes role from FOLLOWER to CANDIDATE at term 0 for changeToCandidate
2019-07-14 08:37:23,945 INFO  impl.RoleInfo (RoleInfo.java:updateAndGet(143)) - 958c9f7a-a73e-4508-9d57-39dce6ef7cee: start LeaderElection
2019-07-14 08:37:23,955 INFO  impl.LeaderElection (LeaderElection.java:askForVotes(181)) - 958c9f7a-a73e-4508-9d57-39dce6ef7cee:group-E7075607A732:LeaderElection74: begin an election at term 1 for -1: [958c9f7a-a73e-4508-9d57-39dce6ef7cee:192.168.5.191:39898], old=null
2019-07-14 08:37:23,955 INFO  impl.RoleInfo (RoleInfo.java:shutdownLeaderElection(134)) - 958c9f7a-a73e-4508-9d57-39dce6ef7cee: shutdown LeaderElection
2019-07-14 08:37:23,955 INFO  impl.RaftServerImpl (RaftServerImpl.java:setRole(171)) - 958c9f7a-a73e-4508-9d57-39dce6ef7cee:group-E7075607A732 changes role from CANDIDATE to LEADER at term 1 for changeToLeader
2019-07-14 08:37:23,955 INFO  impl.RaftServerImpl (ServerState.java:setLeader(263)) - 958c9f7a-a73e-4508-9d57-39dce6ef7cee:group-E7075607A732 change Leader from null to 958c9f7a-a73e-4508-9d57-39dce6ef7cee at term 1 for becomeLeader, leader elected after 5068ms
2019-07-14 08:37:23,958 INFO  server.RaftServerConfigKeys (ConfUtils.java:logGet(43)) - raft.server.staging.catchup.gap = 1000 (default)
2019-07-14 08:37:23,958 INFO  server.RaftServerConfigKeys (ConfUtils.java:logGet(43)) - raft.server.rpc.sleep.time = 25ms (default)
2019-07-14 08:37:23,958 INFO  server.RaftServerConfigKeys (ConfUtils.java:logGet(43)) - raft.server.write.element-limit = 4096 (default)
2019-07-14 08:37:23,958 INFO  server.RaftServerConfigKeys (ConfUtils.java:logGet(43)) - raft.server.watch.timeout = 10s (default)
2019-07-14 08:37:23,958 INFO  server.RaftServerConfigKeys (ConfUtils.java:logGet(43)) - raft.server.watch.timeout.denomination = 1s (default)
2019-07-14 08:37:23,958 INFO  server.RaftServerConfigKeys (ConfUtils.java:logGet(43)) - raft.server.watch.element-limit = 65536 (default)
2019-07-14 08:37:23,959 INFO  impl.RoleInfo (RoleInfo.java:updateAndGet(143)) - 958c9f7a-a73e-4508-9d57-39dce6ef7cee: start LeaderState
2019-07-14 08:37:23,959 INFO  segmented.SegmentedRaftLogWorker (SegmentedRaftLogWorker.java:startLogSegment(380)) - 958c9f7a-a73e-4508-9d57-39dce6ef7cee-SegmentedRaftLogWorker:Storage Directory /workdir/hadoop-ozone/integration-test/target/test-dir/MiniOzoneClusterImpl-f39735a2-5420-4441-a07d-002a9dc39afb/datanode-6/data/ratis/0c8461be-0ae1-4d56-962c-e7075607a732: Starting segment from index:0
2019-07-14 08:37:23,960 INFO  impl.RaftServerImpl (ServerState.java:setRaftConf(361)) - 958c9f7a-a73e-4508-9d57-39dce6ef7cee:group-E7075607A732 set configuration 0: [958c9f7a-a73e-4508-9d57-39dce6ef7cee:192.168.5.191:39898], old=null at 0
2019-07-14 08:37:23,989 INFO  segmented.SegmentedRaftLogWorker (SegmentedRaftLogWorker.java:execute(569)) - 958c9f7a-a73e-4508-9d57-39dce6ef7cee-SegmentedRaftLogWorker:Storage Directory /workdir/hadoop-ozone/integration-test/target/test-dir/MiniOzoneClusterImpl-f39735a2-5420-4441-a07d-002a9dc39afb/datanode-6/data/ratis/0c8461be-0ae1-4d56-962c-e7075607a732: created new log segment /workdir/hadoop-ozone/integration-test/target/test-dir/MiniOzoneClusterImpl-f39735a2-5420-4441-a07d-002a9dc39afb/datanode-6/data/ratis/0c8461be-0ae1-4d56-962c-e7075607a732/current/log_inprogress_0
2019-07-14 08:37:24,098 INFO  client.GrpcClientProtocolClient (GrpcClientProtocolClient.java:onNext(255)) - client-630BB0C72078->88f1e3a5-21e0-4d5e-8225-b72ef656a022: receive RaftClientReply:client-630BB0C72078->88f1e3a5-21e0-4d5e-8225-b72ef656a022@group-D317E2EB8D42, cid=183, SUCCESS, logIndex=1, commits[88f1e3a5-21e0-4d5e-8225-b72ef656a022:c1, 606a5d8c-f61d-40b4-b7e7-af2cae8db5c2:c0, e9a50411-88c9-48bf-afde-0143fc4b5cad:c0]
2019-07-14 08:37:24,116 INFO  client.GrpcClientProtocolClient (GrpcClientProtocolClient.java:onNext(255)) - client-630BB0C72078->88f1e3a5-21e0-4d5e-8225-b72ef656a022: receive RaftClientReply:client-630BB0C72078->88f1e3a5-21e0-4d5e-8225-b72ef656a022@group-D317E2EB8D42, cid=184, SUCCESS, logIndex=3, commits[88f1e3a5-21e0-4d5e-8225-b72ef656a022:c4, 606a5d8c-f61d-40b4-b7e7-af2cae8db5c2:c2, e9a50411-88c9-48bf-afde-0143fc4b5cad:c2]
2019-07-14 08:37:24,139 INFO  client.GrpcClientProtocolClient (GrpcClientProtocolClient.java:onNext(255)) - client-630BB0C72078->88f1e3a5-21e0-4d5e-8225-b72ef656a022: receive RaftClientReply:client-630BB0C72078->88f1e3a5-21e0-4d5e-8225-b72ef656a022@group-D317E2EB8D42, cid=185, SUCCESS, logIndex=4, commits[88f1e3a5-21e0-4d5e-8225-b72ef656a022:c12, 606a5d8c-f61d-40b4-b7e7-af2cae8db5c2:c8, e9a50411-88c9-48bf-afde-0143fc4b5cad:c8]
2019-07-14 08:37:24,140 INFO  client.GrpcClientProtocolClient (GrpcClientProtocolClient.java:onNext(255)) - client-630BB0C72078->88f1e3a5-21e0-4d5e-8225-b72ef656a022: receive RaftClientReply:client-630BB0C72078->88f1e3a5-21e0-4d5e-8225-b72ef656a022@group-D317E2EB8D42, cid=186, SUCCESS, logIndex=5, commits[88f1e3a5-21e0-4d5e-8225-b72ef656a022:c12, 606a5d8c-f61d-40b4-b7e7-af2cae8db5c2:c8, e9a50411-88c9-48bf-afde-0143fc4b5cad:c8]
2019-07-14 08:37:24,140 INFO  client.GrpcClientProtocolClient (GrpcClientProtocolClient.java:onNext(255)) - client-630BB0C72078->88f1e3a5-21e0-4d5e-8225-b72ef656a022: receive RaftClientReply:client-630BB0C72078->88f1e3a5-21e0-4d5e-8225-b72ef656a022@group-D317E2EB8D42, cid=187, SUCCESS, logIndex=6, commits[88f1e3a5-21e0-4d5e-8225-b72ef656a022:c12, 606a5d8c-f61d-40b4-b7e7-af2cae8db5c2:c8, e9a50411-88c9-48bf-afde-0143fc4b5cad:c8]
2019-07-14 08:37:24,183 INFO  client.GrpcClientProtocolClient (GrpcClientProtocolClient.java:onNext(255)) - client-630BB0C72078->88f1e3a5-21e0-4d5e-8225-b72ef656a022: receive RaftClientReply:client-630BB0C72078->88f1e3a5-21e0-4d5e-8225-b72ef656a022@group-D317E2EB8D42, cid=188, SUCCESS, logIndex=7, commits[88f1e3a5-21e0-4d5e-8225-b72ef656a022:c12, 606a5d8c-f61d-40b4-b7e7-af2cae8db5c2:c8, e9a50411-88c9-48bf-afde-0143fc4b5cad:c8]
2019-07-14 08:37:24,195 INFO  client.GrpcClientProtocolClient (GrpcClientProtocolClient.java:onNext(255)) - client-630BB0C72078->88f1e3a5-21e0-4d5e-8225-b72ef656a022: receive RaftClientReply:client-630BB0C72078->88f1e3a5-21e0-4d5e-8225-b72ef656a022@group-D317E2EB8D42, cid=189, SUCCESS, logIndex=13, commits[88f1e3a5-21e0-4d5e-8225-b72ef656a022:c14, 606a5d8c-f61d-40b4-b7e7-af2cae8db5c2:c8, e9a50411-88c9-48bf-afde-0143fc4b5cad:c12]
2019-07-14 08:37:24,196 INFO  client.GrpcClientProtocolClient (GrpcClientProtocolClient.java:onNext(255)) - client-630BB0C72078->88f1e3a5-21e0-4d5e-8225-b72ef656a022: receive RaftClientReply:client-630BB0C72078->88f1e3a5-21e0-4d5e-8225-b72ef656a022@group-D317E2EB8D42, cid=190, SUCCESS, logIndex=14, commits[88f1e3a5-21e0-4d5e-8225-b72ef656a022:c14, 606a5d8c-f61d-40b4-b7e7-af2cae8db5c2:c12, e9a50411-88c9-48bf-afde-0143fc4b5cad:c12]
2019-07-14 08:37:24,208 INFO  client.GrpcClientProtocolClient (GrpcClientProtocolClient.java:onNext(255)) - client-630BB0C72078->88f1e3a5-21e0-4d5e-8225-b72ef656a022: receive RaftClientReply:client-630BB0C72078->88f1e3a5-21e0-4d5e-8225-b72ef656a022@group-D317E2EB8D42, cid=191, SUCCESS, logIndex=0, commits[88f1e3a5-21e0-4d5e-8225-b72ef656a022:c16, 606a5d8c-f61d-40b4-b7e7-af2cae8db5c2:c14, e9a50411-88c9-48bf-afde-0143fc4b5cad:c14]
2019-07-14 08:37:24,209 INFO  datanode.ObjectStoreHandler (ObjectStoreHandler.java:close(155)) - Closing ObjectStoreHandler.
2019-07-14 08:37:24,210 INFO  ozone.HddsDatanodeService (HddsDatanodeService.java:stop(452)) - Stopped plug-in org.apache.hadoop.ozone.web.OzoneHddsDatanodeService@597084b7
2019-07-14 08:37:25,086 INFO  statemachine.DatanodeStateMachine (DatanodeStateMachine.java:lambda$startDaemon$0(350)) - Ozone container server started.
2019-07-14 08:37:29,189 INFO  node.StaleNodeHandler (StaleNodeHandler.java:onMessage(58)) - Datanode 88f1e3a5-21e0-4d5e-8225-b72ef656a022{ip: 192.168.5.191, host: trunk-nightly-5z2vd-27108033, networkLocation: /default-rack, certSerialId: null} moved to stale state. Finalizing its pipelines [PipelineID=e98c918b-167c-4bb9-955d-af7b0bbf4339, PipelineID=41ad84cb-a288-423d-ac75-d317e2eb8d42]
2019-07-14 08:37:29,189 INFO  pipeline.SCMPipelineManager (SCMPipelineManager.java:finalizeAndDestroyPipeline(309)) - destroying pipeline:Pipeline[ Id: e98c918b-167c-4bb9-955d-af7b0bbf4339, Nodes: 88f1e3a5-21e0-4d5e-8225-b72ef656a022{ip: 192.168.5.191, host: trunk-nightly-5z2vd-27108033, networkLocation: /default-rack, certSerialId: null}, Type:RATIS, Factor:ONE, State:OPEN]
2019-07-14 08:37:29,190 INFO  pipeline.PipelineStateManager (PipelineStateManager.java:finalizePipeline(123)) - Pipeline Pipeline[ Id: e98c918b-167c-4bb9-955d-af7b0bbf4339, Nodes: 88f1e3a5-21e0-4d5e-8225-b72ef656a022{ip: 192.168.5.191, host: trunk-nightly-5z2vd-27108033, networkLocation: /default-rack, certSerialId: null}, Type:RATIS, Factor:ONE, State:CLOSED] moved to CLOSED state
2019-07-14 08:37:29,190 INFO  pipeline.SCMPipelineManager (SCMPipelineManager.java:finalizeAndDestroyPipeline(309)) - destroying pipeline:Pipeline[ Id: 41ad84cb-a288-423d-ac75-d317e2eb8d42, Nodes: 88f1e3a5-21e0-4d5e-8225-b72ef656a022{ip: 192.168.5.191, host: trunk-nightly-5z2vd-27108033, networkLocation: /default-rack, certSerialId: null}e9a50411-88c9-48bf-afde-0143fc4b5cad{ip: 192.168.5.191, host: trunk-nightly-5z2vd-27108033, networkLocation: /default-rack, certSerialId: null}606a5d8c-f61d-40b4-b7e7-af2cae8db5c2{ip: 192.168.5.191, host: trunk-nightly-5z2vd-27108033, networkLocation: /default-rack, certSerialId: null}, Type:RATIS, Factor:THREE, State:OPEN]
2019-07-14 08:37:29,190 INFO  pipeline.PipelineStateManager (PipelineStateManager.java:finalizePipeline(123)) - Pipeline Pipeline[ Id: 41ad84cb-a288-423d-ac75-d317e2eb8d42, Nodes: 88f1e3a5-21e0-4d5e-8225-b72ef656a022{ip: 192.168.5.191, host: trunk-nightly-5z2vd-27108033, networkLocation: /default-rack, certSerialId: null}e9a50411-88c9-48bf-afde-0143fc4b5cad{ip: 192.168.5.191, host: trunk-nightly-5z2vd-27108033, networkLocation: /default-rack, certSerialId: null}606a5d8c-f61d-40b4-b7e7-af2cae8db5c2{ip: 192.168.5.191, host: trunk-nightly-5z2vd-27108033, networkLocation: /default-rack, certSerialId: null}, Type:RATIS, Factor:THREE, State:CLOSED] moved to CLOSED state
2019-07-14 08:37:29,191 INFO  container.CloseContainerEventHandler (CloseContainerEventHandler.java:onMessage(61)) - Close container Event triggered for container : #1
2019-07-14 08:37:29,211 INFO  ozoneimpl.OzoneContainer (OzoneContainer.java:stop(199)) - Attempting to stop container services.
2019-07-14 08:37:29,211 INFO  impl.RaftServerProxy (RaftServerProxy.java:lambda$close$4(314)) - 88f1e3a5-21e0-4d5e-8225-b72ef656a022: close
2019-07-14 08:37:29,212 INFO  impl.RaftServerImpl (RaftServerImpl.java:lambda$shutdown$3(245)) - 88f1e3a5-21e0-4d5e-8225-b72ef656a022: shutdown group-AF7B0BBF4339
2019-07-14 08:37:29,212 INFO  impl.RaftServerImpl (RaftServerImpl.java:lambda$shutdown$3(245)) - 88f1e3a5-21e0-4d5e-8225-b72ef656a022: shutdown group-D317E2EB8D42
2019-07-14 08:37:29,213 INFO  util.JmxRegister (JmxRegister.java:unregister(73)) - Successfully un-registered JMX Bean with object name Ratis:service=RaftServer,group=group-AF7B0BBF4339,id=88f1e3a5-21e0-4d5e-8225-b72ef656a022
2019-07-14 08:37:29,213 INFO  util.JmxRegister (JmxRegister.java:unregister(73)) - Successfully un-registered JMX Bean with object name Ratis:service=RaftServer,group=group-D317E2EB8D42,id=88f1e3a5-21e0-4d5e-8225-b72ef656a022
2019-07-14 08:37:29,213 INFO  impl.RoleInfo (RoleInfo.java:shutdownLeaderState(104)) - 88f1e3a5-21e0-4d5e-8225-b72ef656a022: shutdown LeaderState
2019-07-14 08:37:29,214 INFO  impl.RoleInfo (RoleInfo.java:shutdownLeaderState(104)) - 88f1e3a5-21e0-4d5e-8225-b72ef656a022: shutdown LeaderState
2019-07-14 08:37:29,214 INFO  impl.PendingRequests (PendingRequests.java:sendNotLeaderResponses(202)) - 88f1e3a5-21e0-4d5e-8225-b72ef656a022-PendingRequests: sendNotLeaderResponses
2019-07-14 08:37:29,221 WARN  server.GrpcLogAppender (GrpcLogAppender.java:mayWait(143)) - GrpcLogAppender(88f1e3a5-21e0-4d5e-8225-b72ef656a022->606a5d8c-f61d-40b4-b7e7-af2cae8db5c2): Wait interrupted by java.lang.InterruptedException
2019-07-14 08:37:29,221 WARN  server.GrpcLogAppender (GrpcLogAppender.java:mayWait(143)) - GrpcLogAppender(88f1e3a5-21e0-4d5e-8225-b72ef656a022->e9a50411-88c9-48bf-afde-0143fc4b5cad): Wait interrupted by java.lang.InterruptedException
2019-07-14 08:37:29,221 INFO  impl.PendingRequests (PendingRequests.java:sendNotLeaderResponses(202)) - 88f1e3a5-21e0-4d5e-8225-b72ef656a022-PendingRequests: sendNotLeaderResponses
2019-07-14 08:37:29,221 INFO  impl.StateMachineUpdater (StateMachineUpdater.java:stopAndJoin(115)) - StateMachineUpdater:88f1e3a5-21e0-4d5e-8225-b72ef656a022:group-AF7B0BBF4339: set stopIndex = 0
2019-07-14 08:37:29,226 INFO  impl.StateMachineUpdater (StateMachineUpdater.java:stopAndJoin(115)) - StateMachineUpdater:88f1e3a5-21e0-4d5e-8225-b72ef656a022:group-D317E2EB8D42: set stopIndex = 16
2019-07-14 08:37:29,221 INFO  server.GrpcServerProtocolService (GrpcServerProtocolService.java:onCompleted(104)) - 606a5d8c-f61d-40b4-b7e7-af2cae8db5c2: appendEntries completed
2019-07-14 08:37:29,221 INFO  server.GrpcServerProtocolService (GrpcServerProtocolService.java:onCompleted(104)) - e9a50411-88c9-48bf-afde-0143fc4b5cad: appendEntries completed
2019-07-14 08:37:29,226 INFO  ratis.ContainerStateMachine (ContainerStateMachine.java:takeSnapshot(249)) - group-D317E2EB8D42: Taking a snapshot at:(t:1, i:14) file /workdir/hadoop-ozone/integration-test/target/test-dir/MiniOzoneClusterImpl-f39735a2-5420-4441-a07d-002a9dc39afb/datanode-2/data/ratis/41ad84cb-a288-423d-ac75-d317e2eb8d42/sm/snapshot.1_14
2019-07-14 08:37:29,226 INFO  impl.RaftServerImpl (ServerState.java:close(394)) - 88f1e3a5-21e0-4d5e-8225-b72ef656a022:group-AF7B0BBF4339 closes. The last applied log index is 0
2019-07-14 08:37:29,227 INFO  server.GrpcLogAppender (GrpcLogAppender.java:onCompleted(292)) - 88f1e3a5-21e0-4d5e-8225-b72ef656a022->e9a50411-88c9-48bf-afde-0143fc4b5cad: follower responses appendEntries COMPLETED
2019-07-14 08:37:29,227 INFO  server.GrpcLogAppender (GrpcLogAppender.java:onCompleted(292)) - 88f1e3a5-21e0-4d5e-8225-b72ef656a022->606a5d8c-f61d-40b4-b7e7-af2cae8db5c2: follower responses appendEntries COMPLETED
2019-07-14 08:37:29,228 INFO  impl.FollowerInfo (FollowerInfo.java:lambda$new$0(50)) - 88f1e3a5-21e0-4d5e-8225-b72ef656a022->e9a50411-88c9-48bf-afde-0143fc4b5cad: nextIndex: updateUnconditionally 17 -> 16
2019-07-14 08:37:29,228 INFO  segmented.SegmentedRaftLogWorker (SegmentedRaftLogWorker.java:run(313)) - 88f1e3a5-21e0-4d5e-8225-b72ef656a022-SegmentedRaftLogWorker:Storage Directory /workdir/hadoop-ozone/integration-test/target/test-dir/MiniOzoneClusterImpl-f39735a2-5420-4441-a07d-002a9dc39afb/datanode-2/data/ratis/e98c918b-167c-4bb9-955d-af7b0bbf4339 was interrupted, exiting. There are 0 tasks remaining in the queue.
2019-07-14 08:37:29,228 INFO  ratis.ContainerStateMachine (ContainerStateMachine.java:takeSnapshot(257)) - group-D317E2EB8D42: Finished taking a snapshot at:(t:1, i:14) file:/workdir/hadoop-ozone/integration-test/target/test-dir/MiniOzoneClusterImpl-f39735a2-5420-4441-a07d-002a9dc39afb/datanode-2/data/ratis/41ad84cb-a288-423d-ac75-d317e2eb8d42/sm/snapshot.1_14 time:1
2019-07-14 08:37:29,228 INFO  impl.FollowerInfo (FollowerInfo.java:lambda$new$0(50)) - 88f1e3a5-21e0-4d5e-8225-b72ef656a022->606a5d8c-f61d-40b4-b7e7-af2cae8db5c2: nextIndex: updateUnconditionally 17 -> 16
2019-07-14 08:37:29,231 INFO  segmented.SegmentedRaftLogWorker (SegmentedRaftLogWorker.java:close(228)) - 88f1e3a5-21e0-4d5e-8225-b72ef656a022-SegmentedRaftLogWorker:Storage Directory /workdir/hadoop-ozone/integration-test/target/test-dir/MiniOzoneClusterImpl-f39735a2-5420-4441-a07d-002a9dc39afb/datanode-2/data/ratis/e98c918b-167c-4bb9-955d-af7b0bbf4339 close()
2019-07-14 08:37:29,231 INFO  impl.StateMachineUpdater (StateMachineUpdater.java:takeSnapshot(242)) - StateMachineUpdater:88f1e3a5-21e0-4d5e-8225-b72ef656a022:group-D317E2EB8D42: Took a snapshot at index 14
2019-07-14 08:37:29,236 INFO  impl.StateMachineUpdater (StateMachineUpdater.java:lambda$new$0(80)) - StateMachineUpdater:88f1e3a5-21e0-4d5e-8225-b72ef656a022:group-D317E2EB8D42: snapshotIndex: updateIncreasingly -1 -> 14
2019-07-14 08:37:29,236 INFO  impl.RaftServerImpl (ServerState.java:close(394)) - 88f1e3a5-21e0-4d5e-8225-b72ef656a022:group-D317E2EB8D42 closes. The last applied log index is 16
2019-07-14 08:37:29,237 INFO  segmented.SegmentedRaftLogWorker (SegmentedRaftLogWorker.java:run(313)) - 88f1e3a5-21e0-4d5e-8225-b72ef656a022-SegmentedRaftLogWorker:Storage Directory /workdir/hadoop-ozone/integration-test/target/test-dir/MiniOzoneClusterImpl-f39735a2-5420-4441-a07d-002a9dc39afb/datanode-2/data/ratis/41ad84cb-a288-423d-ac75-d317e2eb8d42 was interrupted, exiting. There are 0 tasks remaining in the queue.
2019-07-14 08:37:29,239 INFO  segmented.SegmentedRaftLogWorker (SegmentedRaftLogWorker.java:close(228)) - 88f1e3a5-21e0-4d5e-8225-b72ef656a022-SegmentedRaftLogWorker:Storage Directory /workdir/hadoop-ozone/integration-test/target/test-dir/MiniOzoneClusterImpl-f39735a2-5420-4441-a07d-002a9dc39afb/datanode-2/data/ratis/41ad84cb-a288-423d-ac75-d317e2eb8d42 close()
2019-07-14 08:37:29,244 INFO  server.GrpcService (GrpcService.java:closeImpl(155)) - 88f1e3a5-21e0-4d5e-8225-b72ef656a022: shutdown server with port 33272 now
2019-07-14 08:37:29,245 WARN  client.GrpcClientProtocolService (LogUtils.java:warn(134)) - 2-UnorderedRequestStreamObserver2: onError: org.apache.ratis.thirdparty.io.grpc.StatusRuntimeException: CANCELLED: cancelled before receiving half close
2019-07-14 08:37:29,245 INFO  server.GrpcService (GrpcService.java:closeImpl(163)) - 88f1e3a5-21e0-4d5e-8225-b72ef656a022: shutdown server with port 33272 successfully
2019-07-14 08:37:29,247 INFO  utils.BackgroundService (BackgroundService.java:shutdown(148)) - Shutting down service BlockDeletingService
2019-07-14 08:37:29,248 WARN  fs.CachingGetSpaceUsed (CachingGetSpaceUsed.java:run(183)) - Thread Interrupted waiting to refresh disk information: sleep interrupted
2019-07-14 08:37:29,277 INFO  statemachine.DatanodeStateMachine (DatanodeStateMachine.java:stopDaemon(395)) - Ozone container server stopped.
2019-07-14 08:37:29,288 INFO  handler.ContextHandler (ContextHandler.java:doStop(910)) - Stopped o.e.j.w.WebAppContext@5e2ab1c{/,null,UNAVAILABLE}{/hddsDatanode}
2019-07-14 08:37:29,289 INFO  server.AbstractConnector (AbstractConnector.java:doStop(318)) - Stopped ServerConnector@37596b44{HTTP/1.1,[http/1.1]}{0.0.0.0:0}
2019-07-14 08:37:29,289 INFO  handler.ContextHandler (ContextHandler.java:doStop(910)) - Stopped o.e.j.s.ServletContextHandler@1f4d9c7f{/static,jar:file:/home/user/.m2/repository/org/apache/hadoop/hadoop-hdds-container-service/0.5.0-SNAPSHOT/hadoop-hdds-container-service-0.5.0-SNAPSHOT.jar!/webapps/static,UNAVAILABLE}
2019-07-14 08:37:29,290 INFO  handler.ContextHandler (ContextHandler.java:doStop(910)) - Stopped o.e.j.s.ServletContextHandler@2f46bc25{/logs,file:///workdir/hadoop-ozone/integration-test/target/log,UNAVAILABLE}
2019-07-14 08:37:31,319 INFO  client.GrpcClientProtocolClient (GrpcClientProtocolClient.java:onNext(255)) - client-630BB0C72078->e9a50411-88c9-48bf-afde-0143fc4b5cad: receive RaftClientReply:client-630BB0C72078->e9a50411-88c9-48bf-afde-0143fc4b5cad@group-D317E2EB8D42, cid=192, FAILED org.apache.ratis.protocol.NotLeaderException: Server e9a50411-88c9-48bf-afde-0143fc4b5cad is not the leader (88f1e3a5-21e0-4d5e-8225-b72ef656a022:192.168.5.191:33272). Request must be sent to leader., logIndex=0, commits[e9a50411-88c9-48bf-afde-0143fc4b5cad:c16, 88f1e3a5-21e0-4d5e-8225-b72ef656a022:c16, 606a5d8c-f61d-40b4-b7e7-af2cae8db5c2:c16]
2019-07-14 08:37:32,344 INFO  client.GrpcClientProtocolClient (GrpcClientProtocolClient.java:onNext(255)) - client-630BB0C72078->606a5d8c-f61d-40b4-b7e7-af2cae8db5c2: receive RaftClientReply:client-630BB0C72078->606a5d8c-f61d-40b4-b7e7-af2cae8db5c2@group-D317E2EB8D42, cid=192, FAILED org.apache.ratis.protocol.NotLeaderException: Server 606a5d8c-f61d-40b4-b7e7-af2cae8db5c2 is not the leader (88f1e3a5-21e0-4d5e-8225-b72ef656a022:192.168.5.191:33272). Request must be sent to leader., logIndex=0, commits[606a5d8c-f61d-40b4-b7e7-af2cae8db5c2:c16, 88f1e3a5-21e0-4d5e-8225-b72ef656a022:c16, e9a50411-88c9-48bf-afde-0143fc4b5cad:c16]
2019-07-14 08:37:33,360 INFO  client.GrpcClientProtocolClient (GrpcClientProtocolClient.java:onNext(255)) - client-630BB0C72078->606a5d8c-f61d-40b4-b7e7-af2cae8db5c2: receive RaftClientReply:client-630BB0C72078->606a5d8c-f61d-40b4-b7e7-af2cae8db5c2@group-D317E2EB8D42, cid=192, FAILED org.apache.ratis.protocol.NotLeaderException: Server 606a5d8c-f61d-40b4-b7e7-af2cae8db5c2 is not the leader (88f1e3a5-21e0-4d5e-8225-b72ef656a022:192.168.5.191:33272). Request must be sent to leader., logIndex=0, commits[606a5d8c-f61d-40b4-b7e7-af2cae8db5c2:c16, 88f1e3a5-21e0-4d5e-8225-b72ef656a022:c16, e9a50411-88c9-48bf-afde-0143fc4b5cad:c16]
2019-07-14 08:37:34,379 INFO  client.GrpcClientProtocolClient (GrpcClientProtocolClient.java:onNext(255)) - client-630BB0C72078->606a5d8c-f61d-40b4-b7e7-af2cae8db5c2: receive RaftClientReply:client-630BB0C72078->606a5d8c-f61d-40b4-b7e7-af2cae8db5c2@group-D317E2EB8D42, cid=192, FAILED org.apache.ratis.protocol.NotLeaderException: Server 606a5d8c-f61d-40b4-b7e7-af2cae8db5c2 is not the leader (88f1e3a5-21e0-4d5e-8225-b72ef656a022:192.168.5.191:33272). Request must be sent to leader., logIndex=0, commits[606a5d8c-f61d-40b4-b7e7-af2cae8db5c2:c16, 88f1e3a5-21e0-4d5e-8225-b72ef656a022:c16, e9a50411-88c9-48bf-afde-0143fc4b5cad:c16]
2019-07-14 08:37:35,395 INFO  client.GrpcClientProtocolClient (GrpcClientProtocolClient.java:onNext(255)) - client-630BB0C72078->e9a50411-88c9-48bf-afde-0143fc4b5cad: receive RaftClientReply:client-630BB0C72078->e9a50411-88c9-48bf-afde-0143fc4b5cad@group-D317E2EB8D42, cid=192, FAILED org.apache.ratis.protocol.NotLeaderException: Server e9a50411-88c9-48bf-afde-0143fc4b5cad is not the leader (88f1e3a5-21e0-4d5e-8225-b72ef656a022:192.168.5.191:33272). Request must be sent to leader., logIndex=0, commits[e9a50411-88c9-48bf-afde-0143fc4b5cad:c16, 88f1e3a5-21e0-4d5e-8225-b72ef656a022:c16, 606a5d8c-f61d-40b4-b7e7-af2cae8db5c2:c16]
2019-07-14 08:37:36,410 INFO  client.GrpcClientProtocolClient (GrpcClientProtocolClient.java:onNext(255)) - client-630BB0C72078->e9a50411-88c9-48bf-afde-0143fc4b5cad: receive RaftClientReply:client-630BB0C72078->e9a50411-88c9-48bf-afde-0143fc4b5cad@group-D317E2EB8D42, cid=192, FAILED org.apache.ratis.protocol.NotLeaderException: Server e9a50411-88c9-48bf-afde-0143fc4b5cad is not the leader (88f1e3a5-21e0-4d5e-8225-b72ef656a022:192.168.5.191:33272). Request must be sent to leader., logIndex=0, commits[e9a50411-88c9-48bf-afde-0143fc4b5cad:c16, 88f1e3a5-21e0-4d5e-8225-b72ef656a022:c16, 606a5d8c-f61d-40b4-b7e7-af2cae8db5c2:c16]
2019-07-14 08:37:37,426 INFO  client.GrpcClientProtocolClient (GrpcClientProtocolClient.java:onNext(255)) - client-630BB0C72078->e9a50411-88c9-48bf-afde-0143fc4b5cad: receive RaftClientReply:client-630BB0C72078->e9a50411-88c9-48bf-afde-0143fc4b5cad@group-D317E2EB8D42, cid=192, FAILED org.apache.ratis.protocol.NotLeaderException: Server e9a50411-88c9-48bf-afde-0143fc4b5cad is not the leader (88f1e3a5-21e0-4d5e-8225-b72ef656a022:192.168.5.191:33272). Request must be sent to leader., logIndex=0, commits[e9a50411-88c9-48bf-afde-0143fc4b5cad:c16, 88f1e3a5-21e0-4d5e-8225-b72ef656a022:c16, 606a5d8c-f61d-40b4-b7e7-af2cae8db5c2:c16]
2019-07-14 08:37:38,421 INFO  impl.FollowerState (FollowerState.java:run(106)) - e9a50411-88c9-48bf-afde-0143fc4b5cad:group-D317E2EB8D42 changes to CANDIDATE, lastRpcTime:9218, electionTimeout:5117ms
2019-07-14 08:37:38,421 INFO  impl.RoleInfo (RoleInfo.java:shutdownFollowerState(121)) - e9a50411-88c9-48bf-afde-0143fc4b5cad: shutdown FollowerState
2019-07-14 08:37:38,421 INFO  impl.RaftServerImpl (RaftServerImpl.java:setRole(171)) - e9a50411-88c9-48bf-afde-0143fc4b5cad:group-D317E2EB8D42 changes role from FOLLOWER to CANDIDATE at term 1 for changeToCandidate
2019-07-14 08:37:38,421 INFO  impl.RoleInfo (RoleInfo.java:updateAndGet(143)) - e9a50411-88c9-48bf-afde-0143fc4b5cad: start LeaderElection
2019-07-14 08:37:38,425 INFO  impl.RaftServerImpl (ServerState.java:setLeader(263)) - e9a50411-88c9-48bf-afde-0143fc4b5cad:group-D317E2EB8D42 change Leader from 88f1e3a5-21e0-4d5e-8225-b72ef656a022 to null at term 1 for initElection
2019-07-14 08:37:38,438 INFO  impl.FollowerState (FollowerState.java:run(106)) - 606a5d8c-f61d-40b4-b7e7-af2cae8db5c2:group-D317E2EB8D42 changes to CANDIDATE, lastRpcTime:9229, electionTimeout:5008ms
2019-07-14 08:37:38,438 INFO  impl.RoleInfo (RoleInfo.java:shutdownFollowerState(121)) - 606a5d8c-f61d-40b4-b7e7-af2cae8db5c2: shutdown FollowerState
2019-07-14 08:37:38,438 INFO  impl.RaftServerImpl (RaftServerImpl.java:setRole(171)) - 606a5d8c-f61d-40b4-b7e7-af2cae8db5c2:group-D317E2EB8D42 changes role from FOLLOWER to CANDIDATE at term 1 for changeToCandidate
2019-07-14 08:37:38,438 INFO  impl.RoleInfo (RoleInfo.java:updateAndGet(143)) - 606a5d8c-f61d-40b4-b7e7-af2cae8db5c2: start LeaderElection
2019-07-14 08:37:38,443 INFO  impl.RaftServerImpl (ServerState.java:setLeader(263)) - 606a5d8c-f61d-40b4-b7e7-af2cae8db5c2:group-D317E2EB8D42 change Leader from 88f1e3a5-21e0-4d5e-8225-b72ef656a022 to null at term 1 for initElection
2019-07-14 08:37:38,443 INFO  impl.LeaderElection (LeaderElection.java:askForVotes(181)) - e9a50411-88c9-48bf-afde-0143fc4b5cad:group-D317E2EB8D42:LeaderElection75: begin an election at term 2 for 0: [88f1e3a5-21e0-4d5e-8225-b72ef656a022:192.168.5.191:33272, 606a5d8c-f61d-40b4-b7e7-af2cae8db5c2:192.168.5.191:46349, e9a50411-88c9-48bf-afde-0143fc4b5cad:192.168.5.191:38840], old=null
2019-07-14 08:37:38,443 INFO  client.GrpcClientProtocolClient (GrpcClientProtocolClient.java:onNext(255)) - client-630BB0C72078->606a5d8c-f61d-40b4-b7e7-af2cae8db5c2: receive RaftClientReply:client-630BB0C72078->606a5d8c-f61d-40b4-b7e7-af2cae8db5c2@group-D317E2EB8D42, cid=192, FAILED org.apache.ratis.protocol.NotLeaderException: Server 606a5d8c-f61d-40b4-b7e7-af2cae8db5c2 is not the leader (88f1e3a5-21e0-4d5e-8225-b72ef656a022:192.168.5.191:33272). Request must be sent to leader., logIndex=0, commits[606a5d8c-f61d-40b4-b7e7-af2cae8db5c2:c16, 88f1e3a5-21e0-4d5e-8225-b72ef656a022:c16, e9a50411-88c9-48bf-afde-0143fc4b5cad:c16]
2019-07-14 08:37:38,452 INFO  impl.LeaderElection (LogUtils.java:infoOrTrace(149)) - e9a50411-88c9-48bf-afde-0143fc4b5cad:group-D317E2EB8D42:LeaderElection75 got exception when requesting votes: {}
java.util.concurrent.ExecutionException: org.apache.ratis.thirdparty.io.grpc.StatusRuntimeException: UNAVAILABLE: io exception
	at java.util.concurrent.FutureTask.report(FutureTask.java:122)
	at java.util.concurrent.FutureTask.get(FutureTask.java:192)
	at org.apache.ratis.server.impl.LeaderElection.waitForResults(LeaderElection.java:262)
	at org.apache.ratis.server.impl.LeaderElection.askForVotes(LeaderElection.java:200)
	at org.apache.ratis.server.impl.LeaderElection.run(LeaderElection.java:130)
	at java.lang.Thread.run(Thread.java:748)
Caused by: org.apache.ratis.thirdparty.io.grpc.StatusRuntimeException: UNAVAILABLE: io exception
	at org.apache.ratis.thirdparty.io.grpc.stub.ClientCalls.toStatusRuntimeException(ClientCalls.java:233)
	at org.apache.ratis.thirdparty.io.grpc.stub.ClientCalls.getUnchecked(ClientCalls.java:214)
	at org.apache.ratis.thirdparty.io.grpc.stub.ClientCalls.blockingUnaryCall(ClientCalls.java:139)
	at org.apache.ratis.proto.grpc.RaftServerProtocolServiceGrpc$RaftServerProtocolServiceBlockingStub.requestVote(RaftServerProtocolServiceGrpc.java:265)
	at org.apache.ratis.grpc.server.GrpcServerProtocolClient.requestVote(GrpcServerProtocolClient.java:83)
	at org.apache.ratis.grpc.server.GrpcService.requestVote(GrpcService.java:195)
	at org.apache.ratis.server.impl.LeaderElection.lambda$submitRequests$1(LeaderElection.java:237)
	at java.util.concurrent.FutureTask.run(FutureTask.java:266)
	at java.util.concurrent.Executors$RunnableAdapter.call(Executors.java:511)
	at java.util.concurrent.FutureTask.run(FutureTask.java:266)
	at java.util.concurrent.ThreadPoolExecutor.runWorker(ThreadPoolExecutor.java:1149)
	at java.util.concurrent.ThreadPoolExecutor$Worker.run(ThreadPoolExecutor.java:624)
	... 1 more
Caused by: org.apache.ratis.thirdparty.io.netty.channel.AbstractChannel$AnnotatedConnectException: Connection refused: /192.168.5.191:33272
	at sun.nio.ch.SocketChannelImpl.checkConnect(Native Method)
	at sun.nio.ch.SocketChannelImpl.finishConnect(SocketChannelImpl.java:717)
	at org.apache.ratis.thirdparty.io.netty.channel.socket.nio.NioSocketChannel.doFinishConnect(NioSocketChannel.java:327)
	at org.apache.ratis.thirdparty.io.netty.channel.nio.AbstractNioChannel$AbstractNioUnsafe.finishConnect(AbstractNioChannel.java:340)
	at org.apache.ratis.thirdparty.io.netty.channel.nio.NioEventLoop.processSelectedKey(NioEventLoop.java:632)
	at org.apache.ratis.thirdparty.io.netty.channel.nio.NioEventLoop.processSelectedKeysOptimized(NioEventLoop.java:579)
	at org.apache.ratis.thirdparty.io.netty.channel.nio.NioEventLoop.processSelectedKeys(NioEventLoop.java:496)
	at org.apache.ratis.thirdparty.io.netty.channel.nio.NioEventLoop.run(NioEventLoop.java:458)
	at org.apache.ratis.thirdparty.io.netty.util.concurrent.SingleThreadEventExecutor$5.run(SingleThreadEventExecutor.java:897)
	at org.apache.ratis.thirdparty.io.netty.util.concurrent.FastThreadLocalRunnable.run(FastThreadLocalRunnable.java:30)
	... 1 more
Caused by: java.net.ConnectException: Connection refused
	... 11 more
2019-07-14 08:37:38,456 INFO  impl.LeaderElection (LeaderElection.java:askForVotes(181)) - 606a5d8c-f61d-40b4-b7e7-af2cae8db5c2:group-D317E2EB8D42:LeaderElection76: begin an election at term 2 for 0: [88f1e3a5-21e0-4d5e-8225-b72ef656a022:192.168.5.191:33272, 606a5d8c-f61d-40b4-b7e7-af2cae8db5c2:192.168.5.191:46349, e9a50411-88c9-48bf-afde-0143fc4b5cad:192.168.5.191:38840], old=null
2019-07-14 08:37:38,461 INFO  impl.LeaderElection (LeaderElection.java:logAndReturn(56)) - e9a50411-88c9-48bf-afde-0143fc4b5cad:group-D317E2EB8D42:LeaderElection75: Election REJECTED; received 1 response(s) [e9a50411-88c9-48bf-afde-0143fc4b5cad<-606a5d8c-f61d-40b4-b7e7-af2cae8db5c2#0:FAIL-t2] and 1 exception(s); e9a50411-88c9-48bf-afde-0143fc4b5cad:t2, leader=null, voted=e9a50411-88c9-48bf-afde-0143fc4b5cad, raftlog=e9a50411-88c9-48bf-afde-0143fc4b5cad-SegmentedRaftLog:OPENED:c16,f16,i16, conf=0: [88f1e3a5-21e0-4d5e-8225-b72ef656a022:192.168.5.191:33272, 606a5d8c-f61d-40b4-b7e7-af2cae8db5c2:192.168.5.191:46349, e9a50411-88c9-48bf-afde-0143fc4b5cad:192.168.5.191:38840], old=null
2019-07-14 08:37:38,461 INFO  impl.LeaderElection (LogUtils.java:infoOrTrace(149)) -   Exception 0: {}
java.util.concurrent.ExecutionException: org.apache.ratis.thirdparty.io.grpc.StatusRuntimeException: UNAVAILABLE: io exception
	at java.util.concurrent.FutureTask.report(FutureTask.java:122)
	at java.util.concurrent.FutureTask.get(FutureTask.java:192)
	at org.apache.ratis.server.impl.LeaderElection.waitForResults(LeaderElection.java:262)
	at org.apache.ratis.server.impl.LeaderElection.askForVotes(LeaderElection.java:200)
	at org.apache.ratis.server.impl.LeaderElection.run(LeaderElection.java:130)
	at java.lang.Thread.run(Thread.java:748)
Caused by: org.apache.ratis.thirdparty.io.grpc.StatusRuntimeException: UNAVAILABLE: io exception
	at org.apache.ratis.thirdparty.io.grpc.stub.ClientCalls.toStatusRuntimeException(ClientCalls.java:233)
	at org.apache.ratis.thirdparty.io.grpc.stub.ClientCalls.getUnchecked(ClientCalls.java:214)
	at org.apache.ratis.thirdparty.io.grpc.stub.ClientCalls.blockingUnaryCall(ClientCalls.java:139)
	at org.apache.ratis.proto.grpc.RaftServerProtocolServiceGrpc$RaftServerProtocolServiceBlockingStub.requestVote(RaftServerProtocolServiceGrpc.java:265)
	at org.apache.ratis.grpc.server.GrpcServerProtocolClient.requestVote(GrpcServerProtocolClient.java:83)
	at org.apache.ratis.grpc.server.GrpcService.requestVote(GrpcService.java:195)
	at org.apache.ratis.server.impl.LeaderElection.lambda$submitRequests$1(LeaderElection.java:237)
	at java.util.concurrent.FutureTask.run(FutureTask.java:266)
	at java.util.concurrent.Executors$RunnableAdapter.call(Executors.java:511)
	at java.util.concurrent.FutureTask.run(FutureTask.java:266)
	at java.util.concurrent.ThreadPoolExecutor.runWorker(ThreadPoolExecutor.java:1149)
	at java.util.concurrent.ThreadPoolExecutor$Worker.run(ThreadPoolExecutor.java:624)
	... 1 more
Caused by: org.apache.ratis.thirdparty.io.netty.channel.AbstractChannel$AnnotatedConnectException: Connection refused: /192.168.5.191:33272
	at sun.nio.ch.SocketChannelImpl.checkConnect(Native Method)
	at sun.nio.ch.SocketChannelImpl.finishConnect(SocketChannelImpl.java:717)
	at org.apache.ratis.thirdparty.io.netty.channel.socket.nio.NioSocketChannel.doFinishConnect(NioSocketChannel.java:327)
	at org.apache.ratis.thirdparty.io.netty.channel.nio.AbstractNioChannel$AbstractNioUnsafe.finishConnect(AbstractNioChannel.java:340)
	at org.apache.ratis.thirdparty.io.netty.channel.nio.NioEventLoop.processSelectedKey(NioEventLoop.java:632)
	at org.apache.ratis.thirdparty.io.netty.channel.nio.NioEventLoop.processSelectedKeysOptimized(NioEventLoop.java:579)
	at org.apache.ratis.thirdparty.io.netty.channel.nio.NioEventLoop.processSelectedKeys(NioEventLoop.java:496)
	at org.apache.ratis.thirdparty.io.netty.channel.nio.NioEventLoop.run(NioEventLoop.java:458)
	at org.apache.ratis.thirdparty.io.netty.util.concurrent.SingleThreadEventExecutor$5.run(SingleThreadEventExecutor.java:897)
	at org.apache.ratis.thirdparty.io.netty.util.concurrent.FastThreadLocalRunnable.run(FastThreadLocalRunnable.java:30)
	... 1 more
Caused by: java.net.ConnectException: Connection refused
	... 11 more
2019-07-14 08:37:38,461 INFO  impl.RaftServerImpl (RaftServerImpl.java:setRole(171)) - e9a50411-88c9-48bf-afde-0143fc4b5cad:group-D317E2EB8D42 changes role from CANDIDATE to FOLLOWER at term 2 for DISCOVERED_A_NEW_TERM
2019-07-14 08:37:38,461 INFO  impl.RoleInfo (RoleInfo.java:shutdownLeaderElection(134)) - e9a50411-88c9-48bf-afde-0143fc4b5cad: shutdown LeaderElection
2019-07-14 08:37:38,462 INFO  impl.RoleInfo (RoleInfo.java:updateAndGet(143)) - e9a50411-88c9-48bf-afde-0143fc4b5cad: start FollowerState
2019-07-14 08:37:38,463 INFO  impl.LeaderElection (LogUtils.java:infoOrTrace(149)) - 606a5d8c-f61d-40b4-b7e7-af2cae8db5c2:group-D317E2EB8D42:LeaderElection76 got exception when requesting votes: {}
java.util.concurrent.ExecutionException: org.apache.ratis.thirdparty.io.grpc.StatusRuntimeException: UNAVAILABLE: io exception
	at java.util.concurrent.FutureTask.report(FutureTask.java:122)
	at java.util.concurrent.FutureTask.get(FutureTask.java:192)
	at org.apache.ratis.server.impl.LeaderElection.waitForResults(LeaderElection.java:262)
	at org.apache.ratis.server.impl.LeaderElection.askForVotes(LeaderElection.java:200)
	at org.apache.ratis.server.impl.LeaderElection.run(LeaderElection.java:130)
	at java.lang.Thread.run(Thread.java:748)
Caused by: org.apache.ratis.thirdparty.io.grpc.StatusRuntimeException: UNAVAILABLE: io exception
	at org.apache.ratis.thirdparty.io.grpc.stub.ClientCalls.toStatusRuntimeException(ClientCalls.java:233)
	at org.apache.ratis.thirdparty.io.grpc.stub.ClientCalls.getUnchecked(ClientCalls.java:214)
	at org.apache.ratis.thirdparty.io.grpc.stub.ClientCalls.blockingUnaryCall(ClientCalls.java:139)
	at org.apache.ratis.proto.grpc.RaftServerProtocolServiceGrpc$RaftServerProtocolServiceBlockingStub.requestVote(RaftServerProtocolServiceGrpc.java:265)
	at org.apache.ratis.grpc.server.GrpcServerProtocolClient.requestVote(GrpcServerProtocolClient.java:83)
	at org.apache.ratis.grpc.server.GrpcService.requestVote(GrpcService.java:195)
	at org.apache.ratis.server.impl.LeaderElection.lambda$submitRequests$1(LeaderElection.java:237)
	at java.util.concurrent.FutureTask.run(FutureTask.java:266)
	at java.util.concurrent.Executors$RunnableAdapter.call(Executors.java:511)
	at java.util.concurrent.FutureTask.run(FutureTask.java:266)
	at java.util.concurrent.ThreadPoolExecutor.runWorker(ThreadPoolExecutor.java:1149)
	at java.util.concurrent.ThreadPoolExecutor$Worker.run(ThreadPoolExecutor.java:624)
	... 1 more
Caused by: org.apache.ratis.thirdparty.io.netty.channel.AbstractChannel$AnnotatedConnectException: Connection refused: /192.168.5.191:33272
	at sun.nio.ch.SocketChannelImpl.checkConnect(Native Method)
	at sun.nio.ch.SocketChannelImpl.finishConnect(SocketChannelImpl.java:717)
	at org.apache.ratis.thirdparty.io.netty.channel.socket.nio.NioSocketChannel.doFinishConnect(NioSocketChannel.java:327)
	at org.apache.ratis.thirdparty.io.netty.channel.nio.AbstractNioChannel$AbstractNioUnsafe.finishConnect(AbstractNioChannel.java:340)
	at org.apache.ratis.thirdparty.io.netty.channel.nio.NioEventLoop.processSelectedKey(NioEventLoop.java:632)
	at org.apache.ratis.thirdparty.io.netty.channel.nio.NioEventLoop.processSelectedKeysOptimized(NioEventLoop.java:579)
	at org.apache.ratis.thirdparty.io.netty.channel.nio.NioEventLoop.processSelectedKeys(NioEventLoop.java:496)
	at org.apache.ratis.thirdparty.io.netty.channel.nio.NioEventLoop.run(NioEventLoop.java:458)
	at org.apache.ratis.thirdparty.io.netty.util.concurrent.SingleThreadEventExecutor$5.run(SingleThreadEventExecutor.java:897)
	at org.apache.ratis.thirdparty.io.netty.util.concurrent.FastThreadLocalRunnable.run(FastThreadLocalRunnable.java:30)
	... 1 more
Caused by: java.net.ConnectException: Connection refused
	... 11 more
2019-07-14 08:37:38,469 INFO  impl.LeaderElection (LeaderElection.java:logAndReturn(56)) - 606a5d8c-f61d-40b4-b7e7-af2cae8db5c2:group-D317E2EB8D42:LeaderElection76: Election REJECTED; received 1 response(s) [606a5d8c-f61d-40b4-b7e7-af2cae8db5c2<-e9a50411-88c9-48bf-afde-0143fc4b5cad#0:FAIL-t2] and 1 exception(s); 606a5d8c-f61d-40b4-b7e7-af2cae8db5c2:t2, leader=null, voted=606a5d8c-f61d-40b4-b7e7-af2cae8db5c2, raftlog=606a5d8c-f61d-40b4-b7e7-af2cae8db5c2-SegmentedRaftLog:OPENED:c16,f16,i16, conf=0: [88f1e3a5-21e0-4d5e-8225-b72ef656a022:192.168.5.191:33272, 606a5d8c-f61d-40b4-b7e7-af2cae8db5c2:192.168.5.191:46349, e9a50411-88c9-48bf-afde-0143fc4b5cad:192.168.5.191:38840], old=null
2019-07-14 08:37:38,469 INFO  impl.LeaderElection (LogUtils.java:infoOrTrace(149)) -   Exception 0: {}
java.util.concurrent.ExecutionException: org.apache.ratis.thirdparty.io.grpc.StatusRuntimeException: UNAVAILABLE: io exception
	at java.util.concurrent.FutureTask.report(FutureTask.java:122)
	at java.util.concurrent.FutureTask.get(FutureTask.java:192)
	at org.apache.ratis.server.impl.LeaderElection.waitForResults(LeaderElection.java:262)
	at org.apache.ratis.server.impl.LeaderElection.askForVotes(LeaderElection.java:200)
	at org.apache.ratis.server.impl.LeaderElection.run(LeaderElection.java:130)
	at java.lang.Thread.run(Thread.java:748)
Caused by: org.apache.ratis.thirdparty.io.grpc.StatusRuntimeException: UNAVAILABLE: io exception
	at org.apache.ratis.thirdparty.io.grpc.stub.ClientCalls.toStatusRuntimeException(ClientCalls.java:233)
	at org.apache.ratis.thirdparty.io.grpc.stub.ClientCalls.getUnchecked(ClientCalls.java:214)
	at org.apache.ratis.thirdparty.io.grpc.stub.ClientCalls.blockingUnaryCall(ClientCalls.java:139)
	at org.apache.ratis.proto.grpc.RaftServerProtocolServiceGrpc$RaftServerProtocolServiceBlockingStub.requestVote(RaftServerProtocolServiceGrpc.java:265)
	at org.apache.ratis.grpc.server.GrpcServerProtocolClient.requestVote(GrpcServerProtocolClient.java:83)
	at org.apache.ratis.grpc.server.GrpcService.requestVote(GrpcService.java:195)
	at org.apache.ratis.server.impl.LeaderElection.lambda$submitRequests$1(LeaderElection.java:237)
	at java.util.concurrent.FutureTask.run(FutureTask.java:266)
	at java.util.concurrent.Executors$RunnableAdapter.call(Executors.java:511)
	at java.util.concurrent.FutureTask.run(FutureTask.java:266)
	at java.util.concurrent.ThreadPoolExecutor.runWorker(ThreadPoolExecutor.java:1149)
	at java.util.concurrent.ThreadPoolExecutor$Worker.run(ThreadPoolExecutor.java:624)
	... 1 more
Caused by: org.apache.ratis.thirdparty.io.netty.channel.AbstractChannel$AnnotatedConnectException: Connection refused: /192.168.5.191:33272
	at sun.nio.ch.SocketChannelImpl.checkConnect(Native Method)
	at sun.nio.ch.SocketChannelImpl.finishConnect(SocketChannelImpl.java:717)
	at org.apache.ratis.thirdparty.io.netty.channel.socket.nio.NioSocketChannel.doFinishConnect(NioSocketChannel.java:327)
	at org.apache.ratis.thirdparty.io.netty.channel.nio.AbstractNioChannel$AbstractNioUnsafe.finishConnect(AbstractNioChannel.java:340)
	at org.apache.ratis.thirdparty.io.netty.channel.nio.NioEventLoop.processSelectedKey(NioEventLoop.java:632)
	at org.apache.ratis.thirdparty.io.netty.channel.nio.NioEventLoop.processSelectedKeysOptimized(NioEventLoop.java:579)
	at org.apache.ratis.thirdparty.io.netty.channel.nio.NioEventLoop.processSelectedKeys(NioEventLoop.java:496)
	at org.apache.ratis.thirdparty.io.netty.channel.nio.NioEventLoop.run(NioEventLoop.java:458)
	at org.apache.ratis.thirdparty.io.netty.util.concurrent.SingleThreadEventExecutor$5.run(SingleThreadEventExecutor.java:897)
	at org.apache.ratis.thirdparty.io.netty.util.concurrent.FastThreadLocalRunnable.run(FastThreadLocalRunnable.java:30)
	... 1 more
Caused by: java.net.ConnectException: Connection refused
	... 11 more
2019-07-14 08:37:38,470 INFO  impl.RaftServerImpl (RaftServerImpl.java:setRole(171)) - 606a5d8c-f61d-40b4-b7e7-af2cae8db5c2:group-D317E2EB8D42 changes role from CANDIDATE to FOLLOWER at term 2 for DISCOVERED_A_NEW_TERM
2019-07-14 08:37:38,470 INFO  impl.RoleInfo (RoleInfo.java:shutdownLeaderElection(134)) - 606a5d8c-f61d-40b4-b7e7-af2cae8db5c2: shutdown LeaderElection
2019-07-14 08:37:38,470 INFO  impl.RoleInfo (RoleInfo.java:updateAndGet(143)) - 606a5d8c-f61d-40b4-b7e7-af2cae8db5c2: start FollowerState
2019-07-14 08:37:39,460 INFO  client.GrpcClientProtocolClient (GrpcClientProtocolClient.java:onNext(255)) - client-630BB0C72078->e9a50411-88c9-48bf-afde-0143fc4b5cad: receive RaftClientReply:client-630BB0C72078->e9a50411-88c9-48bf-afde-0143fc4b5cad@group-D317E2EB8D42, cid=192, FAILED org.apache.ratis.protocol.NotLeaderException: Server e9a50411-88c9-48bf-afde-0143fc4b5cad is not the leader (null). Request must be sent to leader., logIndex=0, commits[e9a50411-88c9-48bf-afde-0143fc4b5cad:c16, 88f1e3a5-21e0-4d5e-8225-b72ef656a022:c16, 606a5d8c-f61d-40b4-b7e7-af2cae8db5c2:c16]
2019-07-14 08:37:40,474 INFO  client.GrpcClientProtocolClient (GrpcClientProtocolClient.java:onNext(255)) - client-630BB0C72078->606a5d8c-f61d-40b4-b7e7-af2cae8db5c2: receive RaftClientReply:client-630BB0C72078->606a5d8c-f61d-40b4-b7e7-af2cae8db5c2@group-D317E2EB8D42, cid=192, FAILED org.apache.ratis.protocol.NotLeaderException: Server 606a5d8c-f61d-40b4-b7e7-af2cae8db5c2 is not the leader (null). Request must be sent to leader., logIndex=0, commits[606a5d8c-f61d-40b4-b7e7-af2cae8db5c2:c16, 88f1e3a5-21e0-4d5e-8225-b72ef656a022:c16, e9a50411-88c9-48bf-afde-0143fc4b5cad:c16]
2019-07-14 08:37:42,489 INFO  client.GrpcClientProtocolClient (GrpcClientProtocolClient.java:onNext(255)) - client-630BB0C72078->e9a50411-88c9-48bf-afde-0143fc4b5cad: receive RaftClientReply:client-630BB0C72078->e9a50411-88c9-48bf-afde-0143fc4b5cad@group-D317E2EB8D42, cid=192, FAILED org.apache.ratis.protocol.NotLeaderException: Server e9a50411-88c9-48bf-afde-0143fc4b5cad is not the leader (null). Request must be sent to leader., logIndex=0, commits[e9a50411-88c9-48bf-afde-0143fc4b5cad:c16, 88f1e3a5-21e0-4d5e-8225-b72ef656a022:c16, 606a5d8c-f61d-40b4-b7e7-af2cae8db5c2:c16]
2019-07-14 08:37:43,503 INFO  client.GrpcClientProtocolClient (GrpcClientProtocolClient.java:onNext(255)) - client-630BB0C72078->606a5d8c-f61d-40b4-b7e7-af2cae8db5c2: receive RaftClientReply:client-630BB0C72078->606a5d8c-f61d-40b4-b7e7-af2cae8db5c2@group-D317E2EB8D42, cid=192, FAILED org.apache.ratis.protocol.NotLeaderException: Server 606a5d8c-f61d-40b4-b7e7-af2cae8db5c2 is not the leader (null). Request must be sent to leader., logIndex=0, commits[606a5d8c-f61d-40b4-b7e7-af2cae8db5c2:c16, 88f1e3a5-21e0-4d5e-8225-b72ef656a022:c16, e9a50411-88c9-48bf-afde-0143fc4b5cad:c16]
2019-07-14 08:37:43,602 INFO  impl.FollowerState (FollowerState.java:run(106)) - e9a50411-88c9-48bf-afde-0143fc4b5cad:group-D317E2EB8D42 changes to CANDIDATE, lastRpcTime:5140, electionTimeout:5140ms
2019-07-14 08:37:43,602 INFO  impl.RoleInfo (RoleInfo.java:shutdownFollowerState(121)) - e9a50411-88c9-48bf-afde-0143fc4b5cad: shutdown FollowerState
2019-07-14 08:37:43,603 INFO  impl.RaftServerImpl (RaftServerImpl.java:setRole(171)) - e9a50411-88c9-48bf-afde-0143fc4b5cad:group-D317E2EB8D42 changes role from FOLLOWER to CANDIDATE at term 2 for changeToCandidate
2019-07-14 08:37:43,603 INFO  impl.RoleInfo (RoleInfo.java:updateAndGet(143)) - e9a50411-88c9-48bf-afde-0143fc4b5cad: start LeaderElection
2019-07-14 08:37:43,619 INFO  impl.LeaderElection (LeaderElection.java:askForVotes(181)) - e9a50411-88c9-48bf-afde-0143fc4b5cad:group-D317E2EB8D42:LeaderElection77: begin an election at term 3 for 0: [88f1e3a5-21e0-4d5e-8225-b72ef656a022:192.168.5.191:33272, 606a5d8c-f61d-40b4-b7e7-af2cae8db5c2:192.168.5.191:46349, e9a50411-88c9-48bf-afde-0143fc4b5cad:192.168.5.191:38840], old=null
2019-07-14 08:37:43,620 INFO  impl.LeaderElection (LogUtils.java:infoOrTrace(149)) - e9a50411-88c9-48bf-afde-0143fc4b5cad:group-D317E2EB8D42:LeaderElection77 got exception when requesting votes: {}
java.util.concurrent.ExecutionException: org.apache.ratis.thirdparty.io.grpc.StatusRuntimeException: UNAVAILABLE: io exception
	at java.util.concurrent.FutureTask.report(FutureTask.java:122)
	at java.util.concurrent.FutureTask.get(FutureTask.java:192)
	at org.apache.ratis.server.impl.LeaderElection.waitForResults(LeaderElection.java:262)
	at org.apache.ratis.server.impl.LeaderElection.askForVotes(LeaderElection.java:200)
	at org.apache.ratis.server.impl.LeaderElection.run(LeaderElection.java:130)
	at java.lang.Thread.run(Thread.java:748)
Caused by: org.apache.ratis.thirdparty.io.grpc.StatusRuntimeException: UNAVAILABLE: io exception
	at org.apache.ratis.thirdparty.io.grpc.stub.ClientCalls.toStatusRuntimeException(ClientCalls.java:233)
	at org.apache.ratis.thirdparty.io.grpc.stub.ClientCalls.getUnchecked(ClientCalls.java:214)
	at org.apache.ratis.thirdparty.io.grpc.stub.ClientCalls.blockingUnaryCall(ClientCalls.java:139)
	at org.apache.ratis.proto.grpc.RaftServerProtocolServiceGrpc$RaftServerProtocolServiceBlockingStub.requestVote(RaftServerProtocolServiceGrpc.java:265)
	at org.apache.ratis.grpc.server.GrpcServerProtocolClient.requestVote(GrpcServerProtocolClient.java:83)
	at org.apache.ratis.grpc.server.GrpcService.requestVote(GrpcService.java:195)
	at org.apache.ratis.server.impl.LeaderElection.lambda$submitRequests$1(LeaderElection.java:237)
	at java.util.concurrent.FutureTask.run(FutureTask.java:266)
	at java.util.concurrent.Executors$RunnableAdapter.call(Executors.java:511)
	at java.util.concurrent.FutureTask.run(FutureTask.java:266)
	at java.util.concurrent.ThreadPoolExecutor.runWorker(ThreadPoolExecutor.java:1149)
	at java.util.concurrent.ThreadPoolExecutor$Worker.run(ThreadPoolExecutor.java:624)
	... 1 more
Caused by: org.apache.ratis.thirdparty.io.netty.channel.AbstractChannel$AnnotatedConnectException: Connection refused: /192.168.5.191:33272
	at sun.nio.ch.SocketChannelImpl.checkConnect(Native Method)
	at sun.nio.ch.SocketChannelImpl.finishConnect(SocketChannelImpl.java:717)
	at org.apache.ratis.thirdparty.io.netty.channel.socket.nio.NioSocketChannel.doFinishConnect(NioSocketChannel.java:327)
	at org.apache.ratis.thirdparty.io.netty.channel.nio.AbstractNioChannel$AbstractNioUnsafe.finishConnect(AbstractNioChannel.java:340)
	at org.apache.ratis.thirdparty.io.netty.channel.nio.NioEventLoop.processSelectedKey(NioEventLoop.java:632)
	at org.apache.ratis.thirdparty.io.netty.channel.nio.NioEventLoop.processSelectedKeysOptimized(NioEventLoop.java:579)
	at org.apache.ratis.thirdparty.io.netty.channel.nio.NioEventLoop.processSelectedKeys(NioEventLoop.java:496)
	at org.apache.ratis.thirdparty.io.netty.channel.nio.NioEventLoop.run(NioEventLoop.java:458)
	at org.apache.ratis.thirdparty.io.netty.util.concurrent.SingleThreadEventExecutor$5.run(SingleThreadEventExecutor.java:897)
	at org.apache.ratis.thirdparty.io.netty.util.concurrent.FastThreadLocalRunnable.run(FastThreadLocalRunnable.java:30)
	... 1 more
Caused by: java.net.ConnectException: Connection refused
	... 11 more
2019-07-14 08:37:43,624 INFO  impl.RaftServerImpl (RaftServerImpl.java:setRole(171)) - 606a5d8c-f61d-40b4-b7e7-af2cae8db5c2:group-D317E2EB8D42 changes role from FOLLOWER to FOLLOWER at term 3 for recognizeCandidate:e9a50411-88c9-48bf-afde-0143fc4b5cad
2019-07-14 08:37:43,624 INFO  impl.RoleInfo (RoleInfo.java:shutdownFollowerState(121)) - 606a5d8c-f61d-40b4-b7e7-af2cae8db5c2: shutdown FollowerState
2019-07-14 08:37:43,624 INFO  impl.RoleInfo (RoleInfo.java:updateAndGet(143)) - 606a5d8c-f61d-40b4-b7e7-af2cae8db5c2: start FollowerState
2019-07-14 08:37:43,624 INFO  impl.FollowerState (FollowerState.java:run(114)) - 606a5d8c-f61d-40b4-b7e7-af2cae8db5c2: FollowerState was interrupted: java.lang.InterruptedException: sleep interrupted
2019-07-14 08:37:43,640 INFO  impl.LeaderElection (LeaderElection.java:logAndReturn(56)) - e9a50411-88c9-48bf-afde-0143fc4b5cad:group-D317E2EB8D42:LeaderElection77: Election PASSED; received 1 response(s) [e9a50411-88c9-48bf-afde-0143fc4b5cad<-606a5d8c-f61d-40b4-b7e7-af2cae8db5c2#0:OK-t3] and 1 exception(s); e9a50411-88c9-48bf-afde-0143fc4b5cad:t3, leader=null, voted=e9a50411-88c9-48bf-afde-0143fc4b5cad, raftlog=e9a50411-88c9-48bf-afde-0143fc4b5cad-SegmentedRaftLog:OPENED:c16,f16,i16, conf=0: [88f1e3a5-21e0-4d5e-8225-b72ef656a022:192.168.5.191:33272, 606a5d8c-f61d-40b4-b7e7-af2cae8db5c2:192.168.5.191:46349, e9a50411-88c9-48bf-afde-0143fc4b5cad:192.168.5.191:38840], old=null
2019-07-14 08:37:43,640 INFO  impl.LeaderElection (LogUtils.java:infoOrTrace(149)) -   Exception 0: {}
java.util.concurrent.ExecutionException: org.apache.ratis.thirdparty.io.grpc.StatusRuntimeException: UNAVAILABLE: io exception
	at java.util.concurrent.FutureTask.report(FutureTask.java:122)
	at java.util.concurrent.FutureTask.get(FutureTask.java:192)
	at org.apache.ratis.server.impl.LeaderElection.waitForResults(LeaderElection.java:262)
	at org.apache.ratis.server.impl.LeaderElection.askForVotes(LeaderElection.java:200)
	at org.apache.ratis.server.impl.LeaderElection.run(LeaderElection.java:130)
	at java.lang.Thread.run(Thread.java:748)
Caused by: org.apache.ratis.thirdparty.io.grpc.StatusRuntimeException: UNAVAILABLE: io exception
	at org.apache.ratis.thirdparty.io.grpc.stub.ClientCalls.toStatusRuntimeException(ClientCalls.java:233)
	at org.apache.ratis.thirdparty.io.grpc.stub.ClientCalls.getUnchecked(ClientCalls.java:214)
	at org.apache.ratis.thirdparty.io.grpc.stub.ClientCalls.blockingUnaryCall(ClientCalls.java:139)
	at org.apache.ratis.proto.grpc.RaftServerProtocolServiceGrpc$RaftServerProtocolServiceBlockingStub.requestVote(RaftServerProtocolServiceGrpc.java:265)
	at org.apache.ratis.grpc.server.GrpcServerProtocolClient.requestVote(GrpcServerProtocolClient.java:83)
	at org.apache.ratis.grpc.server.GrpcService.requestVote(GrpcService.java:195)
	at org.apache.ratis.server.impl.LeaderElection.lambda$submitRequests$1(LeaderElection.java:237)
	at java.util.concurrent.FutureTask.run(FutureTask.java:266)
	at java.util.concurrent.Executors$RunnableAdapter.call(Executors.java:511)
	at java.util.concurrent.FutureTask.run(FutureTask.java:266)
	at java.util.concurrent.ThreadPoolExecutor.runWorker(ThreadPoolExecutor.java:1149)
	at java.util.concurrent.ThreadPoolExecutor$Worker.run(ThreadPoolExecutor.java:624)
	... 1 more
Caused by: org.apache.ratis.thirdparty.io.netty.channel.AbstractChannel$AnnotatedConnectException: Connection refused: /192.168.5.191:33272
	at sun.nio.ch.SocketChannelImpl.checkConnect(Native Method)
	at sun.nio.ch.SocketChannelImpl.finishConnect(SocketChannelImpl.java:717)
	at org.apache.ratis.thirdparty.io.netty.channel.socket.nio.NioSocketChannel.doFinishConnect(NioSocketChannel.java:327)
	at org.apache.ratis.thirdparty.io.netty.channel.nio.AbstractNioChannel$AbstractNioUnsafe.finishConnect(AbstractNioChannel.java:340)
	at org.apache.ratis.thirdparty.io.netty.channel.nio.NioEventLoop.processSelectedKey(NioEventLoop.java:632)
	at org.apache.ratis.thirdparty.io.netty.channel.nio.NioEventLoop.processSelectedKeysOptimized(NioEventLoop.java:579)
	at org.apache.ratis.thirdparty.io.netty.channel.nio.NioEventLoop.processSelectedKeys(NioEventLoop.java:496)
	at org.apache.ratis.thirdparty.io.netty.channel.nio.NioEventLoop.run(NioEventLoop.java:458)
	at org.apache.ratis.thirdparty.io.netty.util.concurrent.SingleThreadEventExecutor$5.run(SingleThreadEventExecutor.java:897)
	at org.apache.ratis.thirdparty.io.netty.util.concurrent.FastThreadLocalRunnable.run(FastThreadLocalRunnable.java:30)
	... 1 more
Caused by: java.net.ConnectException: Connection refused
	... 11 more
2019-07-14 08:37:43,641 INFO  impl.RoleInfo (RoleInfo.java:shutdownLeaderElection(134)) - e9a50411-88c9-48bf-afde-0143fc4b5cad: shutdown LeaderElection
2019-07-14 08:37:43,641 INFO  impl.RaftServerImpl (RaftServerImpl.java:setRole(171)) - e9a50411-88c9-48bf-afde-0143fc4b5cad:group-D317E2EB8D42 changes role from CANDIDATE to LEADER at term 3 for changeToLeader
2019-07-14 08:37:43,641 INFO  impl.RaftServerImpl (ServerState.java:setLeader(263)) - e9a50411-88c9-48bf-afde-0143fc4b5cad:group-D317E2EB8D42 change Leader from null to e9a50411-88c9-48bf-afde-0143fc4b5cad at term 3 for becomeLeader, leader elected after 5215ms
2019-07-14 08:37:43,641 INFO  server.RaftServerConfigKeys (ConfUtils.java:logGet(43)) - raft.server.staging.catchup.gap = 1000 (default)
2019-07-14 08:37:43,642 INFO  server.RaftServerConfigKeys (ConfUtils.java:logGet(43)) - raft.server.rpc.sleep.time = 25ms (default)
2019-07-14 08:37:43,642 INFO  server.RaftServerConfigKeys (ConfUtils.java:logGet(43)) - raft.server.write.element-limit = 4096 (default)
2019-07-14 08:37:43,642 INFO  server.RaftServerConfigKeys (ConfUtils.java:logGet(43)) - raft.server.watch.timeout = 10s (default)
2019-07-14 08:37:43,642 INFO  server.RaftServerConfigKeys (ConfUtils.java:logGet(43)) - raft.server.watch.timeout.denomination = 1s (default)
2019-07-14 08:37:43,642 INFO  server.RaftServerConfigKeys (ConfUtils.java:logGet(43)) - raft.server.watch.element-limit = 65536 (default)
2019-07-14 08:37:43,643 INFO  server.RaftServerConfigKeys (ConfUtils.java:logGet(43)) - raft.server.log.appender.snapshot.chunk.size.max = 16MB (=16777216) (default)
2019-07-14 08:37:43,643 INFO  server.RaftServerConfigKeys (ConfUtils.java:logGet(43)) - raft.server.log.appender.buffer.byte-limit = 33554432 (custom)
2019-07-14 08:37:43,643 INFO  server.RaftServerConfigKeys (ConfUtils.java:logGet(43)) - raft.server.log.appender.buffer.element-limit = 1 (custom)
2019-07-14 08:37:43,643 INFO  grpc.GrpcConfigKeys$Server (ConfUtils.java:logGet(43)) - raft.grpc.server.leader.outstanding.appends.max = 128 (default)
2019-07-14 08:37:43,643 INFO  server.RaftServerConfigKeys (ConfUtils.java:logGet(43)) - raft.server.rpc.request.timeout = 3000ms (default)
2019-07-14 08:37:43,644 INFO  server.RaftServerConfigKeys (ConfUtils.java:logGet(43)) - raft.server.log.appender.install.snapshot.enabled = false (custom)
2019-07-14 08:37:43,644 INFO  server.RaftServerConfigKeys (ConfUtils.java:logGet(43)) - raft.server.log.appender.snapshot.chunk.size.max = 16MB (=16777216) (default)
2019-07-14 08:37:43,644 INFO  server.RaftServerConfigKeys (ConfUtils.java:logGet(43)) - raft.server.log.appender.buffer.byte-limit = 33554432 (custom)
2019-07-14 08:37:43,644 INFO  server.RaftServerConfigKeys (ConfUtils.java:logGet(43)) - raft.server.log.appender.buffer.element-limit = 1 (custom)
2019-07-14 08:37:43,645 INFO  grpc.GrpcConfigKeys$Server (ConfUtils.java:logGet(43)) - raft.grpc.server.leader.outstanding.appends.max = 128 (default)
2019-07-14 08:37:43,645 INFO  server.RaftServerConfigKeys (ConfUtils.java:logGet(43)) - raft.server.rpc.request.timeout = 3000ms (default)
2019-07-14 08:37:43,645 INFO  server.RaftServerConfigKeys (ConfUtils.java:logGet(43)) - raft.server.log.appender.install.snapshot.enabled = false (custom)
2019-07-14 08:37:43,645 INFO  impl.RoleInfo (RoleInfo.java:updateAndGet(143)) - e9a50411-88c9-48bf-afde-0143fc4b5cad: start LeaderState
2019-07-14 08:37:43,646 INFO  segmented.SegmentedRaftLogWorker (SegmentedRaftLogWorker.java:rollLogSegment(385)) - e9a50411-88c9-48bf-afde-0143fc4b5cad-SegmentedRaftLogWorker:Storage Directory /workdir/hadoop-ozone/integration-test/target/test-dir/MiniOzoneClusterImpl-f39735a2-5420-4441-a07d-002a9dc39afb/datanode-0/data/ratis/41ad84cb-a288-423d-ac75-d317e2eb8d42: Rolling segment log-0_16 to index:16
2019-07-14 08:37:43,647 INFO  impl.RaftServerImpl (ServerState.java:setRaftConf(361)) - e9a50411-88c9-48bf-afde-0143fc4b5cad:group-D317E2EB8D42 set configuration 17: [88f1e3a5-21e0-4d5e-8225-b72ef656a022:192.168.5.191:33272, 606a5d8c-f61d-40b4-b7e7-af2cae8db5c2:192.168.5.191:46349, e9a50411-88c9-48bf-afde-0143fc4b5cad:192.168.5.191:38840], old=null at 17
2019-07-14 08:37:43,647 INFO  segmented.SegmentedRaftLogWorker (SegmentedRaftLogWorker.java:execute(526)) - e9a50411-88c9-48bf-afde-0143fc4b5cad-SegmentedRaftLogWorker:Storage Directory /workdir/hadoop-ozone/integration-test/target/test-dir/MiniOzoneClusterImpl-f39735a2-5420-4441-a07d-002a9dc39afb/datanode-0/data/ratis/41ad84cb-a288-423d-ac75-d317e2eb8d42: Rolled log segment from /workdir/hadoop-ozone/integration-test/target/test-dir/MiniOzoneClusterImpl-f39735a2-5420-4441-a07d-002a9dc39afb/datanode-0/data/ratis/41ad84cb-a288-423d-ac75-d317e2eb8d42/current/log_inprogress_0 to /workdir/hadoop-ozone/integration-test/target/test-dir/MiniOzoneClusterImpl-f39735a2-5420-4441-a07d-002a9dc39afb/datanode-0/data/ratis/41ad84cb-a288-423d-ac75-d317e2eb8d42/current/log_0-16
2019-07-14 08:37:43,647 WARN  server.GrpcLogAppender (LogUtils.java:warn(134)) - e9a50411-88c9-48bf-afde-0143fc4b5cad->88f1e3a5-21e0-4d5e-8225-b72ef656a022: Failed appendEntries: org.apache.ratis.thirdparty.io.grpc.StatusRuntimeException: UNAVAILABLE: io exception
2019-07-14 08:37:43,648 INFO  impl.FollowerInfo (FollowerInfo.java:lambda$new$0(50)) - e9a50411-88c9-48bf-afde-0143fc4b5cad->88f1e3a5-21e0-4d5e-8225-b72ef656a022: nextIndex: updateUnconditionally 17 -> 1
2019-07-14 08:37:43,648 INFO  impl.RaftServerImpl (ServerState.java:setLeader(263)) - 606a5d8c-f61d-40b4-b7e7-af2cae8db5c2:group-D317E2EB8D42 change Leader from null to e9a50411-88c9-48bf-afde-0143fc4b5cad at term 3 for appendEntries, leader elected after 5205ms
2019-07-14 08:37:43,653 INFO  impl.RaftServerImpl (ServerState.java:setRaftConf(361)) - 606a5d8c-f61d-40b4-b7e7-af2cae8db5c2:group-D317E2EB8D42 set configuration 17: [88f1e3a5-21e0-4d5e-8225-b72ef656a022:192.168.5.191:33272, 606a5d8c-f61d-40b4-b7e7-af2cae8db5c2:192.168.5.191:46349, e9a50411-88c9-48bf-afde-0143fc4b5cad:192.168.5.191:38840], old=null at 17
2019-07-14 08:37:43,653 INFO  segmented.SegmentedRaftLogWorker (SegmentedRaftLogWorker.java:rollLogSegment(385)) - 606a5d8c-f61d-40b4-b7e7-af2cae8db5c2-SegmentedRaftLogWorker:Storage Directory /workdir/hadoop-ozone/integration-test/target/test-dir/MiniOzoneClusterImpl-f39735a2-5420-4441-a07d-002a9dc39afb/datanode-1/data/ratis/41ad84cb-a288-423d-ac75-d317e2eb8d42: Rolling segment log-0_16 to index:16
2019-07-14 08:37:43,654 INFO  segmented.SegmentedRaftLogWorker (SegmentedRaftLogWorker.java:execute(526)) - 606a5d8c-f61d-40b4-b7e7-af2cae8db5c2-SegmentedRaftLogWorker:Storage Directory /workdir/hadoop-ozone/integration-test/target/test-dir/MiniOzoneClusterImpl-f39735a2-5420-4441-a07d-002a9dc39afb/datanode-1/data/ratis/41ad84cb-a288-423d-ac75-d317e2eb8d42: Rolled log segment from /workdir/hadoop-ozone/integration-test/target/test-dir/MiniOzoneClusterImpl-f39735a2-5420-4441-a07d-002a9dc39afb/datanode-1/data/ratis/41ad84cb-a288-423d-ac75-d317e2eb8d42/current/log_inprogress_0 to /workdir/hadoop-ozone/integration-test/target/test-dir/MiniOzoneClusterImpl-f39735a2-5420-4441-a07d-002a9dc39afb/datanode-1/data/ratis/41ad84cb-a288-423d-ac75-d317e2eb8d42/current/log_0-16
2019-07-14 08:37:43,681 INFO  segmented.SegmentedRaftLogWorker (SegmentedRaftLogWorker.java:execute(569)) - 606a5d8c-f61d-40b4-b7e7-af2cae8db5c2-SegmentedRaftLogWorker:Storage Directory /workdir/hadoop-ozone/integration-test/target/test-dir/MiniOzoneClusterImpl-f39735a2-5420-4441-a07d-002a9dc39afb/datanode-1/data/ratis/41ad84cb-a288-423d-ac75-d317e2eb8d42: created new log segment /workdir/hadoop-ozone/integration-test/target/test-dir/MiniOzoneClusterImpl-f39735a2-5420-4441-a07d-002a9dc39afb/datanode-1/data/ratis/41ad84cb-a288-423d-ac75-d317e2eb8d42/current/log_inprogress_17
2019-07-14 08:37:43,681 INFO  segmented.SegmentedRaftLogWorker (SegmentedRaftLogWorker.java:execute(569)) - e9a50411-88c9-48bf-afde-0143fc4b5cad-SegmentedRaftLogWorker:Storage Directory /workdir/hadoop-ozone/integration-test/target/test-dir/MiniOzoneClusterImpl-f39735a2-5420-4441-a07d-002a9dc39afb/datanode-0/data/ratis/41ad84cb-a288-423d-ac75-d317e2eb8d42: created new log segment /workdir/hadoop-ozone/integration-test/target/test-dir/MiniOzoneClusterImpl-f39735a2-5420-4441-a07d-002a9dc39afb/datanode-0/data/ratis/41ad84cb-a288-423d-ac75-d317e2eb8d42/current/log_inprogress_17
2019-07-14 08:37:43,722 WARN  server.GrpcLogAppender (LogUtils.java:warn(134)) - e9a50411-88c9-48bf-afde-0143fc4b5cad->88f1e3a5-21e0-4d5e-8225-b72ef656a022: Failed appendEntries: org.apache.ratis.thirdparty.io.grpc.StatusRuntimeException: UNAVAILABLE: io exception
2019-07-14 08:37:43,722 INFO  impl.FollowerInfo (FollowerInfo.java:lambda$new$0(50)) - e9a50411-88c9-48bf-afde-0143fc4b5cad->88f1e3a5-21e0-4d5e-8225-b72ef656a022: nextIndex: updateUnconditionally 2 -> 1
08:37:44.509 [grpc-default-executor-8] ERROR DNAudit - user=null | ip=null | op=WRITE_CHUNK {blockData=conID: 1 locID: 102438891679776782 bcsId: 14} | ret=FAILURE
org.apache.hadoop.hdds.scm.container.common.helpers.ContainerNotOpenException: Container 1 in CLOSING state
	at org.apache.hadoop.ozone.container.common.impl.HddsDispatcher.validateContainerCommand(HddsDispatcher.java:408) ~[hadoop-hdds-container-service-0.5.0-SNAPSHOT.jar:?]
	at org.apache.hadoop.ozone.container.common.transport.server.ratis.ContainerStateMachine.startTransaction(ContainerStateMachine.java:272) ~[hadoop-hdds-container-service-0.5.0-SNAPSHOT.jar:?]
	at org.apache.ratis.server.impl.RaftServerImpl.submitClientRequestAsync(RaftServerImpl.java:566) ~[ratis-server-0.4.0-2337318-SNAPSHOT.jar:0.4.0-2337318-SNAPSHOT]
	at org.apache.ratis.server.impl.RaftServerProxy.lambda$submitClientRequestAsync$7(RaftServerProxy.java:333) ~[ratis-server-0.4.0-2337318-SNAPSHOT.jar:0.4.0-2337318-SNAPSHOT]
	at org.apache.ratis.server.impl.RaftServerProxy.lambda$null$5(RaftServerProxy.java:328) ~[ratis-server-0.4.0-2337318-SNAPSHOT.jar:0.4.0-2337318-SNAPSHOT]
	at org.apache.ratis.util.JavaUtils.callAsUnchecked(JavaUtils.java:109) ~[ratis-common-0.4.0-2337318-SNAPSHOT.jar:0.4.0-2337318-SNAPSHOT]
	at org.apache.ratis.server.impl.RaftServerProxy.lambda$submitRequest$6(RaftServerProxy.java:328) ~[ratis-server-0.4.0-2337318-SNAPSHOT.jar:0.4.0-2337318-SNAPSHOT]
	at java.util.concurrent.CompletableFuture.uniComposeStage(CompletableFuture.java:981) ~[?:1.8.0_212]
	at java.util.concurrent.CompletableFuture.thenCompose(CompletableFuture.java:2124) ~[?:1.8.0_212]
	at org.apache.ratis.server.impl.RaftServerProxy.submitRequest(RaftServerProxy.java:327) ~[ratis-server-0.4.0-2337318-SNAPSHOT.jar:0.4.0-2337318-SNAPSHOT]
	at org.apache.ratis.server.impl.RaftServerProxy.submitClientRequestAsync(RaftServerProxy.java:333) ~[ratis-server-0.4.0-2337318-SNAPSHOT.jar:0.4.0-2337318-SNAPSHOT]
	at org.apache.ratis.grpc.client.GrpcClientProtocolService$RequestStreamObserver.processClientRequest(GrpcClientProtocolService.java:220) ~[ratis-grpc-0.4.0-2337318-SNAPSHOT.jar:0.4.0-2337318-SNAPSHOT]
	at org.apache.ratis.grpc.client.GrpcClientProtocolService$OrderedRequestStreamObserver.processClientRequest(GrpcClientProtocolService.java:326) ~[ratis-grpc-0.4.0-2337318-SNAPSHOT.jar:0.4.0-2337318-SNAPSHOT]
	at org.apache.ratis.util.SlidingWindow$Server.processRequestsFromHead(SlidingWindow.java:429) [ratis-common-0.4.0-2337318-SNAPSHOT.jar:0.4.0-2337318-SNAPSHOT]
	at org.apache.ratis.util.SlidingWindow$Server.receivedRequest(SlidingWindow.java:421) [ratis-common-0.4.0-2337318-SNAPSHOT.jar:0.4.0-2337318-SNAPSHOT]
	at org.apache.ratis.grpc.client.GrpcClientProtocolService$OrderedRequestStreamObserver.processClientRequest(GrpcClientProtocolService.java:345) [ratis-grpc-0.4.0-2337318-SNAPSHOT.jar:0.4.0-2337318-SNAPSHOT]
	at org.apache.ratis.grpc.client.GrpcClientProtocolService$RequestStreamObserver.onNext(GrpcClientProtocolService.java:240) [ratis-grpc-0.4.0-2337318-SNAPSHOT.jar:0.4.0-2337318-SNAPSHOT]
	at org.apache.ratis.grpc.client.GrpcClientProtocolService$RequestStreamObserver.onNext(GrpcClientProtocolService.java:168) [ratis-grpc-0.4.0-2337318-SNAPSHOT.jar:0.4.0-2337318-SNAPSHOT]
	at org.apache.ratis.thirdparty.io.grpc.stub.ServerCalls$StreamingServerCallHandler$StreamingServerCallListener.onMessage(ServerCalls.java:248) [ratis-thirdparty-misc-0.2.0.jar:0.2.0]
	at org.apache.ratis.thirdparty.io.grpc.internal.ServerCallImpl$ServerStreamListenerImpl.messagesAvailable(ServerCallImpl.java:263) [ratis-thirdparty-misc-0.2.0.jar:0.2.0]
	at org.apache.ratis.thirdparty.io.grpc.internal.ServerImpl$JumpToApplicationThreadServerStreamListener$1MessagesAvailable.runInContext(ServerImpl.java:686) [ratis-thirdparty-misc-0.2.0.jar:0.2.0]
	at org.apache.ratis.thirdparty.io.grpc.internal.ContextRunnable.run(ContextRunnable.java:37) [ratis-thirdparty-misc-0.2.0.jar:0.2.0]
	at org.apache.ratis.thirdparty.io.grpc.internal.SerializingExecutor.run(SerializingExecutor.java:123) [ratis-thirdparty-misc-0.2.0.jar:0.2.0]
	at java.util.concurrent.ThreadPoolExecutor.runWorker(ThreadPoolExecutor.java:1149) [?:1.8.0_212]
	at java.util.concurrent.ThreadPoolExecutor$Worker.run(ThreadPoolExecutor.java:624) [?:1.8.0_212]
	at java.lang.Thread.run(Thread.java:748) [?:1.8.0_212]
2019-07-14 08:37:44,528 INFO  client.GrpcClientProtocolClient (GrpcClientProtocolClient.java:onNext(255)) - client-630BB0C72078->e9a50411-88c9-48bf-afde-0143fc4b5cad: receive RaftClientReply:client-630BB0C72078->e9a50411-88c9-48bf-afde-0143fc4b5cad@group-D317E2EB8D42, cid=192, FAILED org.apache.ratis.protocol.StateMachineException: org.apache.hadoop.hdds.scm.container.common.helpers.ContainerNotOpenException from Server e9a50411-88c9-48bf-afde-0143fc4b5cad: Container 1 in CLOSING state, logIndex=0, commits[e9a50411-88c9-48bf-afde-0143fc4b5cad:c18, 88f1e3a5-21e0-4d5e-8225-b72ef656a022:c16, 606a5d8c-f61d-40b4-b7e7-af2cae8db5c2:c17]
08:37:44.530 [grpc-default-executor-11] ERROR DNAudit - user=null | ip=null | op=WRITE_CHUNK {blockData=conID: 1 locID: 102438891679776782 bcsId: 14} | ret=FAILURE
org.apache.hadoop.hdds.scm.container.common.helpers.ContainerNotOpenException: Container 1 in CLOSING state
	at org.apache.hadoop.ozone.container.common.impl.HddsDispatcher.validateContainerCommand(HddsDispatcher.java:408) ~[hadoop-hdds-container-service-0.5.0-SNAPSHOT.jar:?]
	at org.apache.hadoop.ozone.container.common.transport.server.ratis.ContainerStateMachine.startTransaction(ContainerStateMachine.java:272) ~[hadoop-hdds-container-service-0.5.0-SNAPSHOT.jar:?]
	at org.apache.ratis.server.impl.RaftServerImpl.submitClientRequestAsync(RaftServerImpl.java:566) ~[ratis-server-0.4.0-2337318-SNAPSHOT.jar:0.4.0-2337318-SNAPSHOT]
	at org.apache.ratis.server.impl.RaftServerProxy.lambda$submitClientRequestAsync$7(RaftServerProxy.java:333) ~[ratis-server-0.4.0-2337318-SNAPSHOT.jar:0.4.0-2337318-SNAPSHOT]
	at org.apache.ratis.server.impl.RaftServerProxy.lambda$null$5(RaftServerProxy.java:328) ~[ratis-server-0.4.0-2337318-SNAPSHOT.jar:0.4.0-2337318-SNAPSHOT]
	at org.apache.ratis.util.JavaUtils.callAsUnchecked(JavaUtils.java:109) ~[ratis-common-0.4.0-2337318-SNAPSHOT.jar:0.4.0-2337318-SNAPSHOT]
	at org.apache.ratis.server.impl.RaftServerProxy.lambda$submitRequest$6(RaftServerProxy.java:328) ~[ratis-server-0.4.0-2337318-SNAPSHOT.jar:0.4.0-2337318-SNAPSHOT]
	at java.util.concurrent.CompletableFuture.uniComposeStage(CompletableFuture.java:981) ~[?:1.8.0_212]
	at java.util.concurrent.CompletableFuture.thenCompose(CompletableFuture.java:2124) ~[?:1.8.0_212]
	at org.apache.ratis.server.impl.RaftServerProxy.submitRequest(RaftServerProxy.java:327) ~[ratis-server-0.4.0-2337318-SNAPSHOT.jar:0.4.0-2337318-SNAPSHOT]
	at org.apache.ratis.server.impl.RaftServerProxy.submitClientRequestAsync(RaftServerProxy.java:333) ~[ratis-server-0.4.0-2337318-SNAPSHOT.jar:0.4.0-2337318-SNAPSHOT]
	at org.apache.ratis.grpc.client.GrpcClientProtocolService$RequestStreamObserver.processClientRequest(GrpcClientProtocolService.java:220) ~[ratis-grpc-0.4.0-2337318-SNAPSHOT.jar:0.4.0-2337318-SNAPSHOT]
	at org.apache.ratis.grpc.client.GrpcClientProtocolService$OrderedRequestStreamObserver.processClientRequest(GrpcClientProtocolService.java:326) ~[ratis-grpc-0.4.0-2337318-SNAPSHOT.jar:0.4.0-2337318-SNAPSHOT]
	at org.apache.ratis.util.SlidingWindow$Server.processRequestsFromHead(SlidingWindow.java:429) [ratis-common-0.4.0-2337318-SNAPSHOT.jar:0.4.0-2337318-SNAPSHOT]
	at org.apache.ratis.util.SlidingWindow$Server.receivedRequest(SlidingWindow.java:421) [ratis-common-0.4.0-2337318-SNAPSHOT.jar:0.4.0-2337318-SNAPSHOT]
	at org.apache.ratis.grpc.client.GrpcClientProtocolService$OrderedRequestStreamObserver.processClientRequest(GrpcClientProtocolService.java:345) [ratis-grpc-0.4.0-2337318-SNAPSHOT.jar:0.4.0-2337318-SNAPSHOT]
	at org.apache.ratis.grpc.client.GrpcClientProtocolService$RequestStreamObserver.onNext(GrpcClientProtocolService.java:240) [ratis-grpc-0.4.0-2337318-SNAPSHOT.jar:0.4.0-2337318-SNAPSHOT]
	at org.apache.ratis.grpc.client.GrpcClientProtocolService$RequestStreamObserver.onNext(GrpcClientProtocolService.java:168) [ratis-grpc-0.4.0-2337318-SNAPSHOT.jar:0.4.0-2337318-SNAPSHOT]
	at org.apache.ratis.thirdparty.io.grpc.stub.ServerCalls$StreamingServerCallHandler$StreamingServerCallListener.onMessage(ServerCalls.java:248) [ratis-thirdparty-misc-0.2.0.jar:0.2.0]
	at org.apache.ratis.thirdparty.io.grpc.internal.ServerCallImpl$ServerStreamListenerImpl.messagesAvailable(ServerCallImpl.java:263) [ratis-thirdparty-misc-0.2.0.jar:0.2.0]
	at org.apache.ratis.thirdparty.io.grpc.internal.ServerImpl$JumpToApplicationThreadServerStreamListener$1MessagesAvailable.runInContext(ServerImpl.java:686) [ratis-thirdparty-misc-0.2.0.jar:0.2.0]
	at org.apache.ratis.thirdparty.io.grpc.internal.ContextRunnable.run(ContextRunnable.java:37) [ratis-thirdparty-misc-0.2.0.jar:0.2.0]
	at org.apache.ratis.thirdparty.io.grpc.internal.SerializingExecutor.run(SerializingExecutor.java:123) [ratis-thirdparty-misc-0.2.0.jar:0.2.0]
	at java.util.concurrent.ThreadPoolExecutor.runWorker(ThreadPoolExecutor.java:1149) [?:1.8.0_212]
	at java.util.concurrent.ThreadPoolExecutor$Worker.run(ThreadPoolExecutor.java:624) [?:1.8.0_212]
	at java.lang.Thread.run(Thread.java:748) [?:1.8.0_212]
08:37:44.538 [grpc-default-executor-11] ERROR DNAudit - user=null | ip=null | op=PUT_BLOCK {blockData=[blockId=conID: 1 locID: 102438891679776782 bcsId: 0,size=650]} | ret=FAILURE
org.apache.hadoop.hdds.scm.container.common.helpers.ContainerNotOpenException: Container 1 in CLOSING state
	at org.apache.hadoop.ozone.container.common.impl.HddsDispatcher.validateContainerCommand(HddsDispatcher.java:408) ~[hadoop-hdds-container-service-0.5.0-SNAPSHOT.jar:?]
	at org.apache.hadoop.ozone.container.common.transport.server.ratis.ContainerStateMachine.startTransaction(ContainerStateMachine.java:272) ~[hadoop-hdds-container-service-0.5.0-SNAPSHOT.jar:?]
	at org.apache.ratis.server.impl.RaftServerImpl.submitClientRequestAsync(RaftServerImpl.java:566) ~[ratis-server-0.4.0-2337318-SNAPSHOT.jar:0.4.0-2337318-SNAPSHOT]
	at org.apache.ratis.server.impl.RaftServerProxy.lambda$submitClientRequestAsync$7(RaftServerProxy.java:333) ~[ratis-server-0.4.0-2337318-SNAPSHOT.jar:0.4.0-2337318-SNAPSHOT]
	at org.apache.ratis.server.impl.RaftServerProxy.lambda$null$5(RaftServerProxy.java:328) ~[ratis-server-0.4.0-2337318-SNAPSHOT.jar:0.4.0-2337318-SNAPSHOT]
	at org.apache.ratis.util.JavaUtils.callAsUnchecked(JavaUtils.java:109) ~[ratis-common-0.4.0-2337318-SNAPSHOT.jar:0.4.0-2337318-SNAPSHOT]
	at org.apache.ratis.server.impl.RaftServerProxy.lambda$submitRequest$6(RaftServerProxy.java:328) ~[ratis-server-0.4.0-2337318-SNAPSHOT.jar:0.4.0-2337318-SNAPSHOT]
	at java.util.concurrent.CompletableFuture.uniComposeStage(CompletableFuture.java:981) ~[?:1.8.0_212]
	at java.util.concurrent.CompletableFuture.thenCompose(CompletableFuture.java:2124) ~[?:1.8.0_212]
	at org.apache.ratis.server.impl.RaftServerProxy.submitRequest(RaftServerProxy.java:327) ~[ratis-server-0.4.0-2337318-SNAPSHOT.jar:0.4.0-2337318-SNAPSHOT]
	at org.apache.ratis.server.impl.RaftServerProxy.submitClientRequestAsync(RaftServerProxy.java:333) ~[ratis-server-0.4.0-2337318-SNAPSHOT.jar:0.4.0-2337318-SNAPSHOT]
	at org.apache.ratis.grpc.client.GrpcClientProtocolService$RequestStreamObserver.processClientRequest(GrpcClientProtocolService.java:220) ~[ratis-grpc-0.4.0-2337318-SNAPSHOT.jar:0.4.0-2337318-SNAPSHOT]
	at org.apache.ratis.grpc.client.GrpcClientProtocolService$OrderedRequestStreamObserver.processClientRequest(GrpcClientProtocolService.java:326) ~[ratis-grpc-0.4.0-2337318-SNAPSHOT.jar:0.4.0-2337318-SNAPSHOT]
	at org.apache.ratis.util.SlidingWindow$Server.processRequestsFromHead(SlidingWindow.java:429) [ratis-common-0.4.0-2337318-SNAPSHOT.jar:0.4.0-2337318-SNAPSHOT]
	at org.apache.ratis.util.SlidingWindow$Server.receivedRequest(SlidingWindow.java:421) [ratis-common-0.4.0-2337318-SNAPSHOT.jar:0.4.0-2337318-SNAPSHOT]
	at org.apache.ratis.grpc.client.GrpcClientProtocolService$OrderedRequestStreamObserver.processClientRequest(GrpcClientProtocolService.java:345) [ratis-grpc-0.4.0-2337318-SNAPSHOT.jar:0.4.0-2337318-SNAPSHOT]
	at org.apache.ratis.grpc.client.GrpcClientProtocolService$RequestStreamObserver.onNext(GrpcClientProtocolService.java:240) [ratis-grpc-0.4.0-2337318-SNAPSHOT.jar:0.4.0-2337318-SNAPSHOT]
	at org.apache.ratis.grpc.client.GrpcClientProtocolService$RequestStreamObserver.onNext(GrpcClientProtocolService.java:168) [ratis-grpc-0.4.0-2337318-SNAPSHOT.jar:0.4.0-2337318-SNAPSHOT]
	at org.apache.ratis.thirdparty.io.grpc.stub.ServerCalls$StreamingServerCallHandler$StreamingServerCallListener.onMessage(ServerCalls.java:248) [ratis-thirdparty-misc-0.2.0.jar:0.2.0]
	at org.apache.ratis.thirdparty.io.grpc.internal.ServerCallImpl$ServerStreamListenerImpl.messagesAvailable(ServerCallImpl.java:263) [ratis-thirdparty-misc-0.2.0.jar:0.2.0]
	at org.apache.ratis.thirdparty.io.grpc.internal.ServerImpl$JumpToApplicationThreadServerStreamListener$1MessagesAvailable.runInContext(ServerImpl.java:686) [ratis-thirdparty-misc-0.2.0.jar:0.2.0]
	at org.apache.ratis.thirdparty.io.grpc.internal.ContextRunnable.run(ContextRunnable.java:37) [ratis-thirdparty-misc-0.2.0.jar:0.2.0]
	at org.apache.ratis.thirdparty.io.grpc.internal.SerializingExecutor.run(SerializingExecutor.java:123) [ratis-thirdparty-misc-0.2.0.jar:0.2.0]
	at java.util.concurrent.ThreadPoolExecutor.runWorker(ThreadPoolExecutor.java:1149) [?:1.8.0_212]
	at java.util.concurrent.ThreadPoolExecutor$Worker.run(ThreadPoolExecutor.java:624) [?:1.8.0_212]
	at java.lang.Thread.run(Thread.java:748) [?:1.8.0_212]
2019-07-14 08:37:44,539 INFO  client.GrpcClientProtocolClient (GrpcClientProtocolClient.java:onNext(255)) - client-630BB0C72078->e9a50411-88c9-48bf-afde-0143fc4b5cad: receive RaftClientReply:client-630BB0C72078->e9a50411-88c9-48bf-afde-0143fc4b5cad@group-D317E2EB8D42, cid=193, FAILED org.apache.ratis.protocol.StateMachineException: org.apache.hadoop.hdds.scm.container.common.helpers.ContainerNotOpenException from Server e9a50411-88c9-48bf-afde-0143fc4b5cad: Container 1 in CLOSING state, logIndex=0, commits[e9a50411-88c9-48bf-afde-0143fc4b5cad:c18, 88f1e3a5-21e0-4d5e-8225-b72ef656a022:c16, 606a5d8c-f61d-40b4-b7e7-af2cae8db5c2:c17]
08:37:44.546 [grpc-default-executor-11] ERROR DNAudit - user=null | ip=null | op=WRITE_CHUNK {blockData=conID: 1 locID: 102438891679776782 bcsId: 14} | ret=FAILURE
org.apache.hadoop.hdds.scm.container.common.helpers.ContainerNotOpenException: Container 1 in CLOSING state
	at org.apache.hadoop.ozone.container.common.impl.HddsDispatcher.validateContainerCommand(HddsDispatcher.java:408) ~[hadoop-hdds-container-service-0.5.0-SNAPSHOT.jar:?]
	at org.apache.hadoop.ozone.container.common.transport.server.ratis.ContainerStateMachine.startTransaction(ContainerStateMachine.java:272) ~[hadoop-hdds-container-service-0.5.0-SNAPSHOT.jar:?]
	at org.apache.ratis.server.impl.RaftServerImpl.submitClientRequestAsync(RaftServerImpl.java:566) ~[ratis-server-0.4.0-2337318-SNAPSHOT.jar:0.4.0-2337318-SNAPSHOT]
	at org.apache.ratis.server.impl.RaftServerProxy.lambda$submitClientRequestAsync$7(RaftServerProxy.java:333) ~[ratis-server-0.4.0-2337318-SNAPSHOT.jar:0.4.0-2337318-SNAPSHOT]
	at org.apache.ratis.server.impl.RaftServerProxy.lambda$null$5(RaftServerProxy.java:328) ~[ratis-server-0.4.0-2337318-SNAPSHOT.jar:0.4.0-2337318-SNAPSHOT]
	at org.apache.ratis.util.JavaUtils.callAsUnchecked(JavaUtils.java:109) ~[ratis-common-0.4.0-2337318-SNAPSHOT.jar:0.4.0-2337318-SNAPSHOT]
	at org.apache.ratis.server.impl.RaftServerProxy.lambda$submitRequest$6(RaftServerProxy.java:328) ~[ratis-server-0.4.0-2337318-SNAPSHOT.jar:0.4.0-2337318-SNAPSHOT]
	at java.util.concurrent.CompletableFuture.uniComposeStage(CompletableFuture.java:981) ~[?:1.8.0_212]
	at java.util.concurrent.CompletableFuture.thenCompose(CompletableFuture.java:2124) ~[?:1.8.0_212]
	at org.apache.ratis.server.impl.RaftServerProxy.submitRequest(RaftServerProxy.java:327) ~[ratis-server-0.4.0-2337318-SNAPSHOT.jar:0.4.0-2337318-SNAPSHOT]
	at org.apache.ratis.server.impl.RaftServerProxy.submitClientRequestAsync(RaftServerProxy.java:333) ~[ratis-server-0.4.0-2337318-SNAPSHOT.jar:0.4.0-2337318-SNAPSHOT]
	at org.apache.ratis.grpc.client.GrpcClientProtocolService$RequestStreamObserver.processClientRequest(GrpcClientProtocolService.java:220) ~[ratis-grpc-0.4.0-2337318-SNAPSHOT.jar:0.4.0-2337318-SNAPSHOT]
	at org.apache.ratis.grpc.client.GrpcClientProtocolService$OrderedRequestStreamObserver.processClientRequest(GrpcClientProtocolService.java:326) ~[ratis-grpc-0.4.0-2337318-SNAPSHOT.jar:0.4.0-2337318-SNAPSHOT]
	at org.apache.ratis.util.SlidingWindow$Server.processRequestsFromHead(SlidingWindow.java:429) [ratis-common-0.4.0-2337318-SNAPSHOT.jar:0.4.0-2337318-SNAPSHOT]
	at org.apache.ratis.util.SlidingWindow$Server.receivedRequest(SlidingWindow.java:421) [ratis-common-0.4.0-2337318-SNAPSHOT.jar:0.4.0-2337318-SNAPSHOT]
	at org.apache.ratis.grpc.client.GrpcClientProtocolService$OrderedRequestStreamObserver.processClientRequest(GrpcClientProtocolService.java:345) [ratis-grpc-0.4.0-2337318-SNAPSHOT.jar:0.4.0-2337318-SNAPSHOT]
	at org.apache.ratis.grpc.client.GrpcClientProtocolService$RequestStreamObserver.onNext(GrpcClientProtocolService.java:240) [ratis-grpc-0.4.0-2337318-SNAPSHOT.jar:0.4.0-2337318-SNAPSHOT]
	at org.apache.ratis.grpc.client.GrpcClientProtocolService$RequestStreamObserver.onNext(GrpcClientProtocolService.java:168) [ratis-grpc-0.4.0-2337318-SNAPSHOT.jar:0.4.0-2337318-SNAPSHOT]
	at org.apache.ratis.thirdparty.io.grpc.stub.ServerCalls$StreamingServerCallHandler$StreamingServerCallListener.onMessage(ServerCalls.java:248) [ratis-thirdparty-misc-0.2.0.jar:0.2.0]
	at org.apache.ratis.thirdparty.io.grpc.internal.ServerCallImpl$ServerStreamListenerImpl.messagesAvailable(ServerCallImpl.java:263) [ratis-thirdparty-misc-0.2.0.jar:0.2.0]
	at org.apache.ratis.thirdparty.io.grpc.internal.ServerImpl$JumpToApplicationThreadServerStreamListener$1MessagesAvailable.runInContext(ServerImpl.java:686) [ratis-thirdparty-misc-0.2.0.jar:0.2.0]
	at org.apache.ratis.thirdparty.io.grpc.internal.ContextRunnable.run(ContextRunnable.java:37) [ratis-thirdparty-misc-0.2.0.jar:0.2.0]
	at org.apache.ratis.thirdparty.io.grpc.internal.SerializingExecutor.run(SerializingExecutor.java:123) [ratis-thirdparty-misc-0.2.0.jar:0.2.0]
	at java.util.concurrent.ThreadPoolExecutor.runWorker(ThreadPoolExecutor.java:1149) [?:1.8.0_212]
	at java.util.concurrent.ThreadPoolExecutor$Worker.run(ThreadPoolExecutor.java:624) [?:1.8.0_212]
	at java.lang.Thread.run(Thread.java:748) [?:1.8.0_212]
2019-07-14 08:37:44,548 INFO  client.GrpcClientProtocolClient (GrpcClientProtocolClient.java:onNext(255)) - client-630BB0C72078->e9a50411-88c9-48bf-afde-0143fc4b5cad: receive RaftClientReply:client-630BB0C72078->e9a50411-88c9-48bf-afde-0143fc4b5cad@group-D317E2EB8D42, cid=194, FAILED org.apache.ratis.protocol.StateMachineException: org.apache.hadoop.hdds.scm.container.common.helpers.ContainerNotOpenException from Server e9a50411-88c9-48bf-afde-0143fc4b5cad: Container 1 in CLOSING state, logIndex=0, commits[e9a50411-88c9-48bf-afde-0143fc4b5cad:c18, 88f1e3a5-21e0-4d5e-8225-b72ef656a022:c16, 606a5d8c-f61d-40b4-b7e7-af2cae8db5c2:c17]
08:37:44.553 [grpc-default-executor-11] ERROR DNAudit - user=null | ip=null | op=WRITE_CHUNK {blockData=conID: 1 locID: 102438891679776782 bcsId: 14} | ret=FAILURE
org.apache.hadoop.hdds.scm.container.common.helpers.ContainerNotOpenException: Container 1 in CLOSING state
	at org.apache.hadoop.ozone.container.common.impl.HddsDispatcher.validateContainerCommand(HddsDispatcher.java:408) ~[hadoop-hdds-container-service-0.5.0-SNAPSHOT.jar:?]
	at org.apache.hadoop.ozone.container.common.transport.server.ratis.ContainerStateMachine.startTransaction(ContainerStateMachine.java:272) ~[hadoop-hdds-container-service-0.5.0-SNAPSHOT.jar:?]
	at org.apache.ratis.server.impl.RaftServerImpl.submitClientRequestAsync(RaftServerImpl.java:566) ~[ratis-server-0.4.0-2337318-SNAPSHOT.jar:0.4.0-2337318-SNAPSHOT]
	at org.apache.ratis.server.impl.RaftServerProxy.lambda$submitClientRequestAsync$7(RaftServerProxy.java:333) ~[ratis-server-0.4.0-2337318-SNAPSHOT.jar:0.4.0-2337318-SNAPSHOT]
	at org.apache.ratis.server.impl.RaftServerProxy.lambda$null$5(RaftServerProxy.java:328) ~[ratis-server-0.4.0-2337318-SNAPSHOT.jar:0.4.0-2337318-SNAPSHOT]
	at org.apache.ratis.util.JavaUtils.callAsUnchecked(JavaUtils.java:109) ~[ratis-common-0.4.0-2337318-SNAPSHOT.jar:0.4.0-2337318-SNAPSHOT]
	at org.apache.ratis.server.impl.RaftServerProxy.lambda$submitRequest$6(RaftServerProxy.java:328) ~[ratis-server-0.4.0-2337318-SNAPSHOT.jar:0.4.0-2337318-SNAPSHOT]
	at java.util.concurrent.CompletableFuture.uniComposeStage(CompletableFuture.java:981) ~[?:1.8.0_212]
	at java.util.concurrent.CompletableFuture.thenCompose(CompletableFuture.java:2124) ~[?:1.8.0_212]
	at org.apache.ratis.server.impl.RaftServerProxy.submitRequest(RaftServerProxy.java:327) ~[ratis-server-0.4.0-2337318-SNAPSHOT.jar:0.4.0-2337318-SNAPSHOT]
	at org.apache.ratis.server.impl.RaftServerProxy.submitClientRequestAsync(RaftServerProxy.java:333) ~[ratis-server-0.4.0-2337318-SNAPSHOT.jar:0.4.0-2337318-SNAPSHOT]
	at org.apache.ratis.grpc.client.GrpcClientProtocolService$RequestStreamObserver.processClientRequest(GrpcClientProtocolService.java:220) ~[ratis-grpc-0.4.0-2337318-SNAPSHOT.jar:0.4.0-2337318-SNAPSHOT]
	at org.apache.ratis.grpc.client.GrpcClientProtocolService$OrderedRequestStreamObserver.processClientRequest(GrpcClientProtocolService.java:326) ~[ratis-grpc-0.4.0-2337318-SNAPSHOT.jar:0.4.0-2337318-SNAPSHOT]
	at org.apache.ratis.util.SlidingWindow$Server.processRequestsFromHead(SlidingWindow.java:429) [ratis-common-0.4.0-2337318-SNAPSHOT.jar:0.4.0-2337318-SNAPSHOT]
	at org.apache.ratis.util.SlidingWindow$Server.receivedRequest(SlidingWindow.java:421) [ratis-common-0.4.0-2337318-SNAPSHOT.jar:0.4.0-2337318-SNAPSHOT]
	at org.apache.ratis.grpc.client.GrpcClientProtocolService$OrderedRequestStreamObserver.processClientRequest(GrpcClientProtocolService.java:345) [ratis-grpc-0.4.0-2337318-SNAPSHOT.jar:0.4.0-2337318-SNAPSHOT]
	at org.apache.ratis.grpc.client.GrpcClientProtocolService$RequestStreamObserver.onNext(GrpcClientProtocolService.java:240) [ratis-grpc-0.4.0-2337318-SNAPSHOT.jar:0.4.0-2337318-SNAPSHOT]
	at org.apache.ratis.grpc.client.GrpcClientProtocolService$RequestStreamObserver.onNext(GrpcClientProtocolService.java:168) [ratis-grpc-0.4.0-2337318-SNAPSHOT.jar:0.4.0-2337318-SNAPSHOT]
	at org.apache.ratis.thirdparty.io.grpc.stub.ServerCalls$StreamingServerCallHandler$StreamingServerCallListener.onMessage(ServerCalls.java:248) [ratis-thirdparty-misc-0.2.0.jar:0.2.0]
	at org.apache.ratis.thirdparty.io.grpc.internal.ServerCallImpl$ServerStreamListenerImpl.messagesAvailable(ServerCallImpl.java:263) [ratis-thirdparty-misc-0.2.0.jar:0.2.0]
	at org.apache.ratis.thirdparty.io.grpc.internal.ServerImpl$JumpToApplicationThreadServerStreamListener$1MessagesAvailable.runInContext(ServerImpl.java:686) [ratis-thirdparty-misc-0.2.0.jar:0.2.0]
	at org.apache.ratis.thirdparty.io.grpc.internal.ContextRunnable.run(ContextRunnable.java:37) [ratis-thirdparty-misc-0.2.0.jar:0.2.0]
	at org.apache.ratis.thirdparty.io.grpc.internal.SerializingExecutor.run(SerializingExecutor.java:123) [ratis-thirdparty-misc-0.2.0.jar:0.2.0]
	at java.util.concurrent.ThreadPoolExecutor.runWorker(ThreadPoolExecutor.java:1149) [?:1.8.0_212]
	at java.util.concurrent.ThreadPoolExecutor$Worker.run(ThreadPoolExecutor.java:624) [?:1.8.0_212]
	at java.lang.Thread.run(Thread.java:748) [?:1.8.0_212]
2019-07-14 08:37:44,554 INFO  client.GrpcClientProtocolClient (GrpcClientProtocolClient.java:onNext(255)) - client-630BB0C72078->e9a50411-88c9-48bf-afde-0143fc4b5cad: receive RaftClientReply:client-630BB0C72078->e9a50411-88c9-48bf-afde-0143fc4b5cad@group-D317E2EB8D42, cid=195, FAILED org.apache.ratis.protocol.StateMachineException: org.apache.hadoop.hdds.scm.container.common.helpers.ContainerNotOpenException from Server e9a50411-88c9-48bf-afde-0143fc4b5cad: Container 1 in CLOSING state, logIndex=0, commits[e9a50411-88c9-48bf-afde-0143fc4b5cad:c18, 88f1e3a5-21e0-4d5e-8225-b72ef656a022:c16, 606a5d8c-f61d-40b4-b7e7-af2cae8db5c2:c17]
08:37:44.555 [grpc-default-executor-11] ERROR DNAudit - user=null | ip=null | op=PUT_BLOCK {blockData=[blockId=conID: 1 locID: 102438891679776782 bcsId: 0,size=800]} | ret=FAILURE
org.apache.hadoop.hdds.scm.container.common.helpers.ContainerNotOpenException: Container 1 in CLOSING state
	at org.apache.hadoop.ozone.container.common.impl.HddsDispatcher.validateContainerCommand(HddsDispatcher.java:408) ~[hadoop-hdds-container-service-0.5.0-SNAPSHOT.jar:?]
	at org.apache.hadoop.ozone.container.common.transport.server.ratis.ContainerStateMachine.startTransaction(ContainerStateMachine.java:272) ~[hadoop-hdds-container-service-0.5.0-SNAPSHOT.jar:?]
	at org.apache.ratis.server.impl.RaftServerImpl.submitClientRequestAsync(RaftServerImpl.java:566) ~[ratis-server-0.4.0-2337318-SNAPSHOT.jar:0.4.0-2337318-SNAPSHOT]
	at org.apache.ratis.server.impl.RaftServerProxy.lambda$submitClientRequestAsync$7(RaftServerProxy.java:333) ~[ratis-server-0.4.0-2337318-SNAPSHOT.jar:0.4.0-2337318-SNAPSHOT]
	at org.apache.ratis.server.impl.RaftServerProxy.lambda$null$5(RaftServerProxy.java:328) ~[ratis-server-0.4.0-2337318-SNAPSHOT.jar:0.4.0-2337318-SNAPSHOT]
	at org.apache.ratis.util.JavaUtils.callAsUnchecked(JavaUtils.java:109) ~[ratis-common-0.4.0-2337318-SNAPSHOT.jar:0.4.0-2337318-SNAPSHOT]
	at org.apache.ratis.server.impl.RaftServerProxy.lambda$submitRequest$6(RaftServerProxy.java:328) ~[ratis-server-0.4.0-2337318-SNAPSHOT.jar:0.4.0-2337318-SNAPSHOT]
	at java.util.concurrent.CompletableFuture.uniComposeStage(CompletableFuture.java:981) ~[?:1.8.0_212]
	at java.util.concurrent.CompletableFuture.thenCompose(CompletableFuture.java:2124) ~[?:1.8.0_212]
	at org.apache.ratis.server.impl.RaftServerProxy.submitRequest(RaftServerProxy.java:327) ~[ratis-server-0.4.0-2337318-SNAPSHOT.jar:0.4.0-2337318-SNAPSHOT]
	at org.apache.ratis.server.impl.RaftServerProxy.submitClientRequestAsync(RaftServerProxy.java:333) ~[ratis-server-0.4.0-2337318-SNAPSHOT.jar:0.4.0-2337318-SNAPSHOT]
	at org.apache.ratis.grpc.client.GrpcClientProtocolService$RequestStreamObserver.processClientRequest(GrpcClientProtocolService.java:220) ~[ratis-grpc-0.4.0-2337318-SNAPSHOT.jar:0.4.0-2337318-SNAPSHOT]
	at org.apache.ratis.grpc.client.GrpcClientProtocolService$OrderedRequestStreamObserver.processClientRequest(GrpcClientProtocolService.java:326) ~[ratis-grpc-0.4.0-2337318-SNAPSHOT.jar:0.4.0-2337318-SNAPSHOT]
	at org.apache.ratis.util.SlidingWindow$Server.processRequestsFromHead(SlidingWindow.java:429) [ratis-common-0.4.0-2337318-SNAPSHOT.jar:0.4.0-2337318-SNAPSHOT]
	at org.apache.ratis.util.SlidingWindow$Server.receivedRequest(SlidingWindow.java:421) [ratis-common-0.4.0-2337318-SNAPSHOT.jar:0.4.0-2337318-SNAPSHOT]
	at org.apache.ratis.grpc.client.GrpcClientProtocolService$OrderedRequestStreamObserver.processClientRequest(GrpcClientProtocolService.java:345) [ratis-grpc-0.4.0-2337318-SNAPSHOT.jar:0.4.0-2337318-SNAPSHOT]
	at org.apache.ratis.grpc.client.GrpcClientProtocolService$RequestStreamObserver.onNext(GrpcClientProtocolService.java:240) [ratis-grpc-0.4.0-2337318-SNAPSHOT.jar:0.4.0-2337318-SNAPSHOT]
	at org.apache.ratis.grpc.client.GrpcClientProtocolService$RequestStreamObserver.onNext(GrpcClientProtocolService.java:168) [ratis-grpc-0.4.0-2337318-SNAPSHOT.jar:0.4.0-2337318-SNAPSHOT]
	at org.apache.ratis.thirdparty.io.grpc.stub.ServerCalls$StreamingServerCallHandler$StreamingServerCallListener.onMessage(ServerCalls.java:248) [ratis-thirdparty-misc-0.2.0.jar:0.2.0]
	at org.apache.ratis.thirdparty.io.grpc.internal.ServerCallImpl$ServerStreamListenerImpl.messagesAvailable(ServerCallImpl.java:263) [ratis-thirdparty-misc-0.2.0.jar:0.2.0]
	at org.apache.ratis.thirdparty.io.grpc.internal.ServerImpl$JumpToApplicationThreadServerStreamListener$1MessagesAvailable.runInContext(ServerImpl.java:686) [ratis-thirdparty-misc-0.2.0.jar:0.2.0]
	at org.apache.ratis.thirdparty.io.grpc.internal.ContextRunnable.run(ContextRunnable.java:37) [ratis-thirdparty-misc-0.2.0.jar:0.2.0]
	at org.apache.ratis.thirdparty.io.grpc.internal.SerializingExecutor.run(SerializingExecutor.java:123) [ratis-thirdparty-misc-0.2.0.jar:0.2.0]
	at java.util.concurrent.ThreadPoolExecutor.runWorker(ThreadPoolExecutor.java:1149) [?:1.8.0_212]
	at java.util.concurrent.ThreadPoolExecutor$Worker.run(ThreadPoolExecutor.java:624) [?:1.8.0_212]
	at java.lang.Thread.run(Thread.java:748) [?:1.8.0_212]
2019-07-14 08:37:44,566 INFO  client.GrpcClientProtocolClient (GrpcClientProtocolClient.java:onNext(255)) - client-630BB0C72078->e9a50411-88c9-48bf-afde-0143fc4b5cad: receive RaftClientReply:client-630BB0C72078->e9a50411-88c9-48bf-afde-0143fc4b5cad@group-D317E2EB8D42, cid=196, FAILED org.apache.ratis.protocol.StateMachineException: org.apache.hadoop.hdds.scm.container.common.helpers.ContainerNotOpenException from Server e9a50411-88c9-48bf-afde-0143fc4b5cad: Container 1 in CLOSING state, logIndex=0, commits[e9a50411-88c9-48bf-afde-0143fc4b5cad:c18, 88f1e3a5-21e0-4d5e-8225-b72ef656a022:c16, 606a5d8c-f61d-40b4-b7e7-af2cae8db5c2:c17]
2019-07-14 08:37:44,567 INFO  client.GrpcClientProtocolClient (GrpcClientProtocolClient.java:onNext(255)) - client-630BB0C72078->e9a50411-88c9-48bf-afde-0143fc4b5cad: receive RaftClientReply:client-630BB0C72078->e9a50411-88c9-48bf-afde-0143fc4b5cad@group-D317E2EB8D42, cid=197, FAILED org.apache.ratis.protocol.StateMachineException: org.apache.hadoop.hdds.scm.container.common.helpers.ContainerNotOpenException from Server e9a50411-88c9-48bf-afde-0143fc4b5cad: Container 1 in CLOSING state, logIndex=0, commits[e9a50411-88c9-48bf-afde-0143fc4b5cad:c18, 88f1e3a5-21e0-4d5e-8225-b72ef656a022:c16, 606a5d8c-f61d-40b4-b7e7-af2cae8db5c2:c17]
2019-07-14 08:37:44,625 INFO  client.GrpcClientProtocolClient (GrpcClientProtocolClient.java:onNext(255)) - client-FE206A313A7C->9bd95888-5333-4516-99f7-a7e03f6f5c6c: receive RaftClientReply:client-FE206A313A7C->9bd95888-5333-4516-99f7-a7e03f6f5c6c@group-EC2B45E8A387, cid=198, FAILED org.apache.ratis.protocol.NotLeaderException: Server 9bd95888-5333-4516-99f7-a7e03f6f5c6c is not the leader (dbacfa91-0a3d-4e21-95bd-79a50c69b681:192.168.5.191:45739). Request must be sent to leader., logIndex=0, commits[9bd95888-5333-4516-99f7-a7e03f6f5c6c:c0, c8330a54-7443-462b-8726-431bec4162e5:c0, dbacfa91-0a3d-4e21-95bd-79a50c69b681:c0]
2019-07-14 08:37:44,747 INFO  client.GrpcClientProtocolClient (GrpcClientProtocolClient.java:onNext(255)) - client-FE206A313A7C->dbacfa91-0a3d-4e21-95bd-79a50c69b681: receive RaftClientReply:client-FE206A313A7C->dbacfa91-0a3d-4e21-95bd-79a50c69b681@group-EC2B45E8A387, cid=198, SUCCESS, logIndex=1, commits[dbacfa91-0a3d-4e21-95bd-79a50c69b681:c1, c8330a54-7443-462b-8726-431bec4162e5:c0, 9bd95888-5333-4516-99f7-a7e03f6f5c6c:c0]
2019-07-14 08:37:44,758 INFO  client.GrpcClientProtocolClient (GrpcClientProtocolClient.java:onNext(255)) - client-FE206A313A7C->dbacfa91-0a3d-4e21-95bd-79a50c69b681: receive RaftClientReply:client-FE206A313A7C->dbacfa91-0a3d-4e21-95bd-79a50c69b681@group-EC2B45E8A387, cid=199, SUCCESS, logIndex=3, commits[dbacfa91-0a3d-4e21-95bd-79a50c69b681:c4, c8330a54-7443-462b-8726-431bec4162e5:c2, 9bd95888-5333-4516-99f7-a7e03f6f5c6c:c1]
2019-07-14 08:37:44,785 INFO  client.GrpcClientProtocolClient (GrpcClientProtocolClient.java:onNext(255)) - client-FE206A313A7C->dbacfa91-0a3d-4e21-95bd-79a50c69b681: receive RaftClientReply:client-FE206A313A7C->dbacfa91-0a3d-4e21-95bd-79a50c69b681@group-EC2B45E8A387, cid=200, SUCCESS, logIndex=4, commits[dbacfa91-0a3d-4e21-95bd-79a50c69b681:c12, c8330a54-7443-462b-8726-431bec4162e5:c7, 9bd95888-5333-4516-99f7-a7e03f6f5c6c:c7]
2019-07-14 08:37:44,786 INFO  client.GrpcClientProtocolClient (GrpcClientProtocolClient.java:onNext(255)) - client-FE206A313A7C->dbacfa91-0a3d-4e21-95bd-79a50c69b681: receive RaftClientReply:client-FE206A313A7C->dbacfa91-0a3d-4e21-95bd-79a50c69b681@group-EC2B45E8A387, cid=201, SUCCESS, logIndex=5, commits[dbacfa91-0a3d-4e21-95bd-79a50c69b681:c12, c8330a54-7443-462b-8726-431bec4162e5:c7, 9bd95888-5333-4516-99f7-a7e03f6f5c6c:c7]
2019-07-14 08:37:44,786 INFO  client.GrpcClientProtocolClient (GrpcClientProtocolClient.java:onNext(255)) - client-FE206A313A7C->dbacfa91-0a3d-4e21-95bd-79a50c69b681: receive RaftClientReply:client-FE206A313A7C->dbacfa91-0a3d-4e21-95bd-79a50c69b681@group-EC2B45E8A387, cid=202, SUCCESS, logIndex=6, commits[dbacfa91-0a3d-4e21-95bd-79a50c69b681:c12, c8330a54-7443-462b-8726-431bec4162e5:c7, 9bd95888-5333-4516-99f7-a7e03f6f5c6c:c7]
2019-07-14 08:37:44,830 INFO  client.GrpcClientProtocolClient (GrpcClientProtocolClient.java:onNext(255)) - client-FE206A313A7C->dbacfa91-0a3d-4e21-95bd-79a50c69b681: receive RaftClientReply:client-FE206A313A7C->dbacfa91-0a3d-4e21-95bd-79a50c69b681@group-EC2B45E8A387, cid=203, SUCCESS, logIndex=7, commits[dbacfa91-0a3d-4e21-95bd-79a50c69b681:c12, c8330a54-7443-462b-8726-431bec4162e5:c7, 9bd95888-5333-4516-99f7-a7e03f6f5c6c:c7]
2019-07-14 08:37:44,842 INFO  client.GrpcClientProtocolClient (GrpcClientProtocolClient.java:onNext(255)) - client-FE206A313A7C->dbacfa91-0a3d-4e21-95bd-79a50c69b681: receive RaftClientReply:client-FE206A313A7C->dbacfa91-0a3d-4e21-95bd-79a50c69b681@group-EC2B45E8A387, cid=204, SUCCESS, logIndex=13, commits[dbacfa91-0a3d-4e21-95bd-79a50c69b681:c13, c8330a54-7443-462b-8726-431bec4162e5:c7, 9bd95888-5333-4516-99f7-a7e03f6f5c6c:c12]
2019-07-14 08:37:44,843 INFO  client.GrpcClientProtocolClient (GrpcClientProtocolClient.java:onNext(255)) - client-FE206A313A7C->dbacfa91-0a3d-4e21-95bd-79a50c69b681: receive RaftClientReply:client-FE206A313A7C->dbacfa91-0a3d-4e21-95bd-79a50c69b681@group-EC2B45E8A387, cid=205, SUCCESS, logIndex=14, commits[dbacfa91-0a3d-4e21-95bd-79a50c69b681:c14, c8330a54-7443-462b-8726-431bec4162e5:c12, 9bd95888-5333-4516-99f7-a7e03f6f5c6c:c12]
2019-07-14 08:37:44,849 INFO  client.GrpcClientProtocolClient (GrpcClientProtocolClient.java:onNext(255)) - client-FE206A313A7C->dbacfa91-0a3d-4e21-95bd-79a50c69b681: receive RaftClientReply:client-FE206A313A7C->dbacfa91-0a3d-4e21-95bd-79a50c69b681@group-EC2B45E8A387, cid=206, SUCCESS, logIndex=0, commits[dbacfa91-0a3d-4e21-95bd-79a50c69b681:c16, c8330a54-7443-462b-8726-431bec4162e5:c14, 9bd95888-5333-4516-99f7-a7e03f6f5c6c:c14]
2019-07-14 08:37:44,850 INFO  ozone.MiniOzoneClusterImpl (MiniOzoneClusterImpl.java:shutdown(321)) - Shutting down the Mini Ozone Cluster
2019-07-14 08:37:44,850 INFO  ozone.MiniOzoneClusterImpl (MiniOzoneClusterImpl.java:stop(336)) - Stopping the Mini Ozone Cluster
2019-07-14 08:37:44,850 INFO  ozone.MiniOzoneClusterImpl (MiniOzoneClusterImpl.java:stop(338)) - Stopping the OzoneManager
2019-07-14 08:37:44,850 INFO  ipc.Server (Server.java:stop(3082)) - Stopping server on 41837
2019-07-14 08:37:44,862 INFO  ipc.Server (Server.java:run(1185)) - Stopping IPC Server listener on 41837
2019-07-14 08:37:44,873 INFO  utils.BackgroundService (BackgroundService.java:shutdown(148)) - Shutting down service KeyDeletingService
2019-07-14 08:37:44,873 INFO  ipc.Server (Server.java:run(1319)) - Stopping IPC Server Responder
2019-07-14 08:37:44,882 INFO  handler.ContextHandler (ContextHandler.java:doStop(910)) - Stopped o.e.j.w.WebAppContext@500beb9f{/,null,UNAVAILABLE}{/ozoneManager}
2019-07-14 08:37:44,883 INFO  server.AbstractConnector (AbstractConnector.java:doStop(318)) - Stopped ServerConnector@67e37d25{HTTP/1.1,[http/1.1]}{0.0.0.0:0}
2019-07-14 08:37:44,884 INFO  handler.ContextHandler (ContextHandler.java:doStop(910)) - Stopped o.e.j.s.ServletContextHandler@5a1a5521{/static,file:///workdir/hadoop-ozone/integration-test/target/test-classes/webapps/static,UNAVAILABLE}
2019-07-14 08:37:44,884 INFO  handler.ContextHandler (ContextHandler.java:doStop(910)) - Stopped o.e.j.s.ServletContextHandler@760ac834{/logs,file:///workdir/hadoop-ozone/integration-test/target/log,UNAVAILABLE}
2019-07-14 08:37:44,887 INFO  ozone.MiniOzoneClusterImpl (MiniOzoneClusterImpl.java:stop(344)) - Shutting the HddsDatanodes
2019-07-14 08:37:44,888 INFO  datanode.ObjectStoreHandler (ObjectStoreHandler.java:close(155)) - Closing ObjectStoreHandler.
2019-07-14 08:37:44,888 INFO  datanode.ObjectStoreHandler (ObjectStoreHandler.java:close(155)) - Closing ObjectStoreHandler.
2019-07-14 08:37:44,888 INFO  ozone.HddsDatanodeService (HddsDatanodeService.java:stop(452)) - Stopped plug-in org.apache.hadoop.ozone.web.OzoneHddsDatanodeService@7048d039
2019-07-14 08:37:44,888 INFO  ozone.HddsDatanodeService (HddsDatanodeService.java:stop(452)) - Stopped plug-in org.apache.hadoop.ozone.web.OzoneHddsDatanodeService@78762e87
2019-07-14 08:37:45,091 INFO  statemachine.DatanodeStateMachine (DatanodeStateMachine.java:lambda$startDaemon$0(350)) - Ozone container server started.
2019-07-14 08:37:45,689 INFO  statemachine.DatanodeStateMachine (DatanodeStateMachine.java:lambda$startDaemon$0(350)) - Ozone container server started.
2019-07-14 08:37:46,223 WARN  server.GrpcLogAppender (LogUtils.java:warn(134)) - e9a50411-88c9-48bf-afde-0143fc4b5cad->88f1e3a5-21e0-4d5e-8225-b72ef656a022: Failed appendEntries: org.apache.ratis.thirdparty.io.grpc.StatusRuntimeException: UNAVAILABLE: io exception
2019-07-14 08:37:46,227 INFO  impl.FollowerInfo (FollowerInfo.java:lambda$new$0(50)) - e9a50411-88c9-48bf-afde-0143fc4b5cad->88f1e3a5-21e0-4d5e-8225-b72ef656a022: nextIndex: updateUnconditionally 1 -> 0
2019-07-14 08:37:48,723 WARN  server.GrpcLogAppender (LogUtils.java:warn(134)) - e9a50411-88c9-48bf-afde-0143fc4b5cad->88f1e3a5-21e0-4d5e-8225-b72ef656a022: Failed appendEntries: org.apache.ratis.thirdparty.io.grpc.StatusRuntimeException: UNAVAILABLE: io exception
2019-07-14 08:37:48,724 INFO  impl.FollowerInfo (FollowerInfo.java:lambda$new$0(50)) - e9a50411-88c9-48bf-afde-0143fc4b5cad->88f1e3a5-21e0-4d5e-8225-b72ef656a022: nextIndex: updateUnconditionally 0 -> 0
2019-07-14 08:37:49,117 INFO  node.StaleNodeHandler (StaleNodeHandler.java:onMessage(58)) - Datanode 606a5d8c-f61d-40b4-b7e7-af2cae8db5c2{ip: 192.168.5.191, host: trunk-nightly-5z2vd-27108033, networkLocation: /default-rack, certSerialId: null} moved to stale state. Finalizing its pipelines [PipelineID=634687a8-5a79-4669-a117-dc3334337cb9, PipelineID=41ad84cb-a288-423d-ac75-d317e2eb8d42]
2019-07-14 08:37:49,117 INFO  pipeline.SCMPipelineManager (SCMPipelineManager.java:finalizeAndDestroyPipeline(309)) - destroying pipeline:Pipeline[ Id: 634687a8-5a79-4669-a117-dc3334337cb9, Nodes: 606a5d8c-f61d-40b4-b7e7-af2cae8db5c2{ip: 192.168.5.191, host: trunk-nightly-5z2vd-27108033, networkLocation: /default-rack, certSerialId: null}, Type:RATIS, Factor:ONE, State:OPEN]
2019-07-14 08:37:49,117 INFO  pipeline.PipelineStateManager (PipelineStateManager.java:finalizePipeline(123)) - Pipeline Pipeline[ Id: 634687a8-5a79-4669-a117-dc3334337cb9, Nodes: 606a5d8c-f61d-40b4-b7e7-af2cae8db5c2{ip: 192.168.5.191, host: trunk-nightly-5z2vd-27108033, networkLocation: /default-rack, certSerialId: null}, Type:RATIS, Factor:ONE, State:CLOSED] moved to CLOSED state
2019-07-14 08:37:49,118 INFO  pipeline.SCMPipelineManager (SCMPipelineManager.java:finalizeAndDestroyPipeline(309)) - destroying pipeline:Pipeline[ Id: 41ad84cb-a288-423d-ac75-d317e2eb8d42, Nodes: 88f1e3a5-21e0-4d5e-8225-b72ef656a022{ip: 192.168.5.191, host: trunk-nightly-5z2vd-27108033, networkLocation: /default-rack, certSerialId: null}e9a50411-88c9-48bf-afde-0143fc4b5cad{ip: 192.168.5.191, host: trunk-nightly-5z2vd-27108033, networkLocation: /default-rack, certSerialId: null}606a5d8c-f61d-40b4-b7e7-af2cae8db5c2{ip: 192.168.5.191, host: trunk-nightly-5z2vd-27108033, networkLocation: /default-rack, certSerialId: null}, Type:RATIS, Factor:THREE, State:CLOSED]
2019-07-14 08:37:49,718 INFO  node.StaleNodeHandler (StaleNodeHandler.java:onMessage(58)) - Datanode dbacfa91-0a3d-4e21-95bd-79a50c69b681{ip: 192.168.5.191, host: trunk-nightly-5z2vd-27108033, networkLocation: /default-rack, certSerialId: null} moved to stale state. Finalizing its pipelines [PipelineID=bd85b8d7-3e08-4b95-a43d-ff5581436574, PipelineID=fedcd1f1-a831-45a5-9e7d-ec2b45e8a387]
2019-07-14 08:37:49,718 INFO  pipeline.SCMPipelineManager (SCMPipelineManager.java:finalizeAndDestroyPipeline(309)) - destroying pipeline:Pipeline[ Id: bd85b8d7-3e08-4b95-a43d-ff5581436574, Nodes: dbacfa91-0a3d-4e21-95bd-79a50c69b681{ip: 192.168.5.191, host: trunk-nightly-5z2vd-27108033, networkLocation: /default-rack, certSerialId: null}, Type:RATIS, Factor:ONE, State:OPEN]
2019-07-14 08:37:49,718 INFO  pipeline.PipelineStateManager (PipelineStateManager.java:finalizePipeline(123)) - Pipeline Pipeline[ Id: bd85b8d7-3e08-4b95-a43d-ff5581436574, Nodes: dbacfa91-0a3d-4e21-95bd-79a50c69b681{ip: 192.168.5.191, host: trunk-nightly-5z2vd-27108033, networkLocation: /default-rack, certSerialId: null}, Type:RATIS, Factor:ONE, State:CLOSED] moved to CLOSED state
2019-07-14 08:37:49,718 INFO  pipeline.SCMPipelineManager (SCMPipelineManager.java:finalizeAndDestroyPipeline(309)) - destroying pipeline:Pipeline[ Id: fedcd1f1-a831-45a5-9e7d-ec2b45e8a387, Nodes: 9bd95888-5333-4516-99f7-a7e03f6f5c6c{ip: 192.168.5.191, host: trunk-nightly-5z2vd-27108033, networkLocation: /default-rack, certSerialId: null}dbacfa91-0a3d-4e21-95bd-79a50c69b681{ip: 192.168.5.191, host: trunk-nightly-5z2vd-27108033, networkLocation: /default-rack, certSerialId: null}c8330a54-7443-462b-8726-431bec4162e5{ip: 192.168.5.191, host: trunk-nightly-5z2vd-27108033, networkLocation: /default-rack, certSerialId: null}, Type:RATIS, Factor:THREE, State:OPEN]
2019-07-14 08:37:49,719 INFO  pipeline.PipelineStateManager (PipelineStateManager.java:finalizePipeline(123)) - Pipeline Pipeline[ Id: fedcd1f1-a831-45a5-9e7d-ec2b45e8a387, Nodes: 9bd95888-5333-4516-99f7-a7e03f6f5c6c{ip: 192.168.5.191, host: trunk-nightly-5z2vd-27108033, networkLocation: /default-rack, certSerialId: null}dbacfa91-0a3d-4e21-95bd-79a50c69b681{ip: 192.168.5.191, host: trunk-nightly-5z2vd-27108033, networkLocation: /default-rack, certSerialId: null}c8330a54-7443-462b-8726-431bec4162e5{ip: 192.168.5.191, host: trunk-nightly-5z2vd-27108033, networkLocation: /default-rack, certSerialId: null}, Type:RATIS, Factor:THREE, State:CLOSED] moved to CLOSED state
2019-07-14 08:37:49,719 INFO  container.CloseContainerEventHandler (CloseContainerEventHandler.java:onMessage(61)) - Close container Event triggered for container : #2
2019-07-14 08:37:49,889 INFO  ozoneimpl.OzoneContainer (OzoneContainer.java:stop(199)) - Attempting to stop container services.
2019-07-14 08:37:49,889 INFO  ozoneimpl.OzoneContainer (OzoneContainer.java:stop(199)) - Attempting to stop container services.
2019-07-14 08:37:49,890 INFO  impl.RaftServerProxy (RaftServerProxy.java:lambda$close$4(314)) - dbacfa91-0a3d-4e21-95bd-79a50c69b681: close
2019-07-14 08:37:49,890 INFO  impl.RaftServerProxy (RaftServerProxy.java:lambda$close$4(314)) - 606a5d8c-f61d-40b4-b7e7-af2cae8db5c2: close
2019-07-14 08:37:49,890 INFO  impl.RaftServerImpl (RaftServerImpl.java:lambda$shutdown$3(245)) - dbacfa91-0a3d-4e21-95bd-79a50c69b681: shutdown group-FF5581436574
2019-07-14 08:37:49,891 INFO  impl.RaftServerImpl (RaftServerImpl.java:lambda$shutdown$3(245)) - 606a5d8c-f61d-40b4-b7e7-af2cae8db5c2: shutdown group-DC3334337CB9
2019-07-14 08:37:49,891 INFO  util.JmxRegister (JmxRegister.java:unregister(73)) - Successfully un-registered JMX Bean with object name Ratis:service=RaftServer,group=group-FF5581436574,id=dbacfa91-0a3d-4e21-95bd-79a50c69b681
2019-07-14 08:37:49,891 INFO  util.JmxRegister (JmxRegister.java:unregister(73)) - Successfully un-registered JMX Bean with object name Ratis:service=RaftServer,group=group-DC3334337CB9,id=606a5d8c-f61d-40b4-b7e7-af2cae8db5c2
2019-07-14 08:37:49,892 INFO  impl.RoleInfo (RoleInfo.java:shutdownLeaderState(104)) - dbacfa91-0a3d-4e21-95bd-79a50c69b681: shutdown LeaderState
2019-07-14 08:37:49,892 INFO  impl.RoleInfo (RoleInfo.java:shutdownLeaderState(104)) - 606a5d8c-f61d-40b4-b7e7-af2cae8db5c2: shutdown LeaderState
2019-07-14 08:37:49,892 INFO  impl.PendingRequests (PendingRequests.java:sendNotLeaderResponses(202)) - dbacfa91-0a3d-4e21-95bd-79a50c69b681-PendingRequests: sendNotLeaderResponses
2019-07-14 08:37:49,893 INFO  impl.PendingRequests (PendingRequests.java:sendNotLeaderResponses(202)) - 606a5d8c-f61d-40b4-b7e7-af2cae8db5c2-PendingRequests: sendNotLeaderResponses
2019-07-14 08:37:49,893 INFO  impl.StateMachineUpdater (StateMachineUpdater.java:stopAndJoin(115)) - StateMachineUpdater:dbacfa91-0a3d-4e21-95bd-79a50c69b681:group-FF5581436574: set stopIndex = 0
2019-07-14 08:37:49,894 INFO  impl.StateMachineUpdater (StateMachineUpdater.java:stopAndJoin(115)) - StateMachineUpdater:606a5d8c-f61d-40b4-b7e7-af2cae8db5c2:group-DC3334337CB9: set stopIndex = 0
2019-07-14 08:37:49,894 INFO  impl.RaftServerImpl (ServerState.java:close(394)) - dbacfa91-0a3d-4e21-95bd-79a50c69b681:group-FF5581436574 closes. The last applied log index is 0
2019-07-14 08:37:49,894 INFO  impl.RaftServerImpl (ServerState.java:close(394)) - 606a5d8c-f61d-40b4-b7e7-af2cae8db5c2:group-DC3334337CB9 closes. The last applied log index is 0
2019-07-14 08:37:49,895 INFO  segmented.SegmentedRaftLogWorker (SegmentedRaftLogWorker.java:run(313)) - dbacfa91-0a3d-4e21-95bd-79a50c69b681-SegmentedRaftLogWorker:Storage Directory /workdir/hadoop-ozone/integration-test/target/test-dir/MiniOzoneClusterImpl-f39735a2-5420-4441-a07d-002a9dc39afb/datanode-4/data/ratis/bd85b8d7-3e08-4b95-a43d-ff5581436574 was interrupted, exiting. There are 0 tasks remaining in the queue.
2019-07-14 08:37:49,895 INFO  segmented.SegmentedRaftLogWorker (SegmentedRaftLogWorker.java:run(313)) - 606a5d8c-f61d-40b4-b7e7-af2cae8db5c2-SegmentedRaftLogWorker:Storage Directory /workdir/hadoop-ozone/integration-test/target/test-dir/MiniOzoneClusterImpl-f39735a2-5420-4441-a07d-002a9dc39afb/datanode-1/data/ratis/634687a8-5a79-4669-a117-dc3334337cb9 was interrupted, exiting. There are 0 tasks remaining in the queue.
2019-07-14 08:37:49,901 INFO  segmented.SegmentedRaftLogWorker (SegmentedRaftLogWorker.java:close(228)) - dbacfa91-0a3d-4e21-95bd-79a50c69b681-SegmentedRaftLogWorker:Storage Directory /workdir/hadoop-ozone/integration-test/target/test-dir/MiniOzoneClusterImpl-f39735a2-5420-4441-a07d-002a9dc39afb/datanode-4/data/ratis/bd85b8d7-3e08-4b95-a43d-ff5581436574 close()
2019-07-14 08:37:49,905 INFO  impl.RaftServerImpl (RaftServerImpl.java:lambda$shutdown$3(245)) - dbacfa91-0a3d-4e21-95bd-79a50c69b681: shutdown group-EC2B45E8A387
2019-07-14 08:37:49,906 INFO  util.JmxRegister (JmxRegister.java:unregister(73)) - Successfully un-registered JMX Bean with object name Ratis:service=RaftServer,group=group-EC2B45E8A387,id=dbacfa91-0a3d-4e21-95bd-79a50c69b681
2019-07-14 08:37:49,906 INFO  impl.RoleInfo (RoleInfo.java:shutdownLeaderState(104)) - dbacfa91-0a3d-4e21-95bd-79a50c69b681: shutdown LeaderState
2019-07-14 08:37:49,911 INFO  impl.PendingRequests (PendingRequests.java:sendNotLeaderResponses(202)) - dbacfa91-0a3d-4e21-95bd-79a50c69b681-PendingRequests: sendNotLeaderResponses
2019-07-14 08:37:49,911 INFO  segmented.SegmentedRaftLogWorker (SegmentedRaftLogWorker.java:close(228)) - 606a5d8c-f61d-40b4-b7e7-af2cae8db5c2-SegmentedRaftLogWorker:Storage Directory /workdir/hadoop-ozone/integration-test/target/test-dir/MiniOzoneClusterImpl-f39735a2-5420-4441-a07d-002a9dc39afb/datanode-1/data/ratis/634687a8-5a79-4669-a117-dc3334337cb9 close()
2019-07-14 08:37:49,915 INFO  ratis.ContainerStateMachine (ContainerStateMachine.java:takeSnapshot(249)) - group-EC2B45E8A387: Taking a snapshot at:(t:1, i:14) file /workdir/hadoop-ozone/integration-test/target/test-dir/MiniOzoneClusterImpl-f39735a2-5420-4441-a07d-002a9dc39afb/datanode-4/data/ratis/fedcd1f1-a831-45a5-9e7d-ec2b45e8a387/sm/snapshot.1_14
2019-07-14 08:37:49,915 WARN  server.GrpcLogAppender (GrpcLogAppender.java:mayWait(143)) - GrpcLogAppender(dbacfa91-0a3d-4e21-95bd-79a50c69b681->c8330a54-7443-462b-8726-431bec4162e5): Wait interrupted by java.lang.InterruptedException
2019-07-14 08:37:49,915 INFO  impl.StateMachineUpdater (StateMachineUpdater.java:stopAndJoin(115)) - StateMachineUpdater:dbacfa91-0a3d-4e21-95bd-79a50c69b681:group-EC2B45E8A387: set stopIndex = 16
2019-07-14 08:37:49,911 WARN  server.GrpcLogAppender (GrpcLogAppender.java:mayWait(143)) - GrpcLogAppender(dbacfa91-0a3d-4e21-95bd-79a50c69b681->9bd95888-5333-4516-99f7-a7e03f6f5c6c): Wait interrupted by java.lang.InterruptedException
2019-07-14 08:37:49,921 INFO  server.GrpcServerProtocolService (GrpcServerProtocolService.java:onCompleted(104)) - c8330a54-7443-462b-8726-431bec4162e5: appendEntries completed
2019-07-14 08:37:49,920 INFO  ratis.ContainerStateMachine (ContainerStateMachine.java:takeSnapshot(257)) - group-EC2B45E8A387: Finished taking a snapshot at:(t:1, i:14) file:/workdir/hadoop-ozone/integration-test/target/test-dir/MiniOzoneClusterImpl-f39735a2-5420-4441-a07d-002a9dc39afb/datanode-4/data/ratis/fedcd1f1-a831-45a5-9e7d-ec2b45e8a387/sm/snapshot.1_14 time:5
2019-07-14 08:37:49,921 INFO  impl.StateMachineUpdater (StateMachineUpdater.java:takeSnapshot(242)) - StateMachineUpdater:dbacfa91-0a3d-4e21-95bd-79a50c69b681:group-EC2B45E8A387: Took a snapshot at index 14
2019-07-14 08:37:49,920 INFO  impl.RaftServerImpl (RaftServerImpl.java:lambda$shutdown$3(245)) - 606a5d8c-f61d-40b4-b7e7-af2cae8db5c2: shutdown group-D317E2EB8D42
2019-07-14 08:37:49,921 INFO  server.GrpcLogAppender (GrpcLogAppender.java:onCompleted(292)) - dbacfa91-0a3d-4e21-95bd-79a50c69b681->c8330a54-7443-462b-8726-431bec4162e5: follower responses appendEntries COMPLETED
2019-07-14 08:37:49,921 INFO  impl.StateMachineUpdater (StateMachineUpdater.java:lambda$new$0(80)) - StateMachineUpdater:dbacfa91-0a3d-4e21-95bd-79a50c69b681:group-EC2B45E8A387: snapshotIndex: updateIncreasingly -1 -> 14
2019-07-14 08:37:49,922 INFO  impl.FollowerInfo (FollowerInfo.java:lambda$new$0(50)) - dbacfa91-0a3d-4e21-95bd-79a50c69b681->c8330a54-7443-462b-8726-431bec4162e5: nextIndex: updateUnconditionally 17 -> 16
2019-07-14 08:37:49,921 INFO  server.GrpcServerProtocolService (GrpcServerProtocolService.java:onCompleted(104)) - 9bd95888-5333-4516-99f7-a7e03f6f5c6c: appendEntries completed
2019-07-14 08:37:49,922 INFO  impl.RaftServerImpl (ServerState.java:close(394)) - dbacfa91-0a3d-4e21-95bd-79a50c69b681:group-EC2B45E8A387 closes. The last applied log index is 16
2019-07-14 08:37:49,922 INFO  util.JmxRegister (JmxRegister.java:unregister(73)) - Successfully un-registered JMX Bean with object name Ratis:service=RaftServer,group=group-D317E2EB8D42,id=606a5d8c-f61d-40b4-b7e7-af2cae8db5c2
2019-07-14 08:37:49,923 INFO  segmented.SegmentedRaftLogWorker (SegmentedRaftLogWorker.java:run(313)) - dbacfa91-0a3d-4e21-95bd-79a50c69b681-SegmentedRaftLogWorker:Storage Directory /workdir/hadoop-ozone/integration-test/target/test-dir/MiniOzoneClusterImpl-f39735a2-5420-4441-a07d-002a9dc39afb/datanode-4/data/ratis/fedcd1f1-a831-45a5-9e7d-ec2b45e8a387 was interrupted, exiting. There are 0 tasks remaining in the queue.
2019-07-14 08:37:49,923 INFO  server.GrpcLogAppender (GrpcLogAppender.java:onCompleted(292)) - dbacfa91-0a3d-4e21-95bd-79a50c69b681->9bd95888-5333-4516-99f7-a7e03f6f5c6c: follower responses appendEntries COMPLETED
2019-07-14 08:37:49,925 INFO  segmented.SegmentedRaftLogWorker (SegmentedRaftLogWorker.java:close(228)) - dbacfa91-0a3d-4e21-95bd-79a50c69b681-SegmentedRaftLogWorker:Storage Directory /workdir/hadoop-ozone/integration-test/target/test-dir/MiniOzoneClusterImpl-f39735a2-5420-4441-a07d-002a9dc39afb/datanode-4/data/ratis/fedcd1f1-a831-45a5-9e7d-ec2b45e8a387 close()
2019-07-14 08:37:49,923 INFO  impl.RoleInfo (RoleInfo.java:shutdownFollowerState(121)) - 606a5d8c-f61d-40b4-b7e7-af2cae8db5c2: shutdown FollowerState
2019-07-14 08:37:49,930 INFO  server.GrpcService (GrpcService.java:closeImpl(155)) - dbacfa91-0a3d-4e21-95bd-79a50c69b681: shutdown server with port 45739 now
2019-07-14 08:37:49,926 INFO  impl.FollowerInfo (FollowerInfo.java:lambda$new$0(50)) - dbacfa91-0a3d-4e21-95bd-79a50c69b681->9bd95888-5333-4516-99f7-a7e03f6f5c6c: nextIndex: updateUnconditionally 17 -> 16
2019-07-14 08:37:49,930 INFO  impl.FollowerState (FollowerState.java:run(114)) - 606a5d8c-f61d-40b4-b7e7-af2cae8db5c2: FollowerState was interrupted: java.lang.InterruptedException: sleep interrupted
2019-07-14 08:37:49,930 INFO  ratis.ContainerStateMachine (ContainerStateMachine.java:takeSnapshot(249)) - group-D317E2EB8D42: Taking a snapshot at:(t:1, i:14) file /workdir/hadoop-ozone/integration-test/target/test-dir/MiniOzoneClusterImpl-f39735a2-5420-4441-a07d-002a9dc39afb/datanode-1/data/ratis/41ad84cb-a288-423d-ac75-d317e2eb8d42/sm/snapshot.1_14
2019-07-14 08:37:49,933 WARN  client.GrpcClientProtocolService (LogUtils.java:warn(134)) - 1-UnorderedRequestStreamObserver1: onError: org.apache.ratis.thirdparty.io.grpc.StatusRuntimeException: CANCELLED: cancelled before receiving half close
2019-07-14 08:37:49,930 INFO  impl.StateMachineUpdater (StateMachineUpdater.java:stopAndJoin(115)) - StateMachineUpdater:606a5d8c-f61d-40b4-b7e7-af2cae8db5c2:group-D317E2EB8D42: set stopIndex = 18
2019-07-14 08:37:49,934 INFO  ratis.ContainerStateMachine (ContainerStateMachine.java:takeSnapshot(257)) - group-D317E2EB8D42: Finished taking a snapshot at:(t:1, i:14) file:/workdir/hadoop-ozone/integration-test/target/test-dir/MiniOzoneClusterImpl-f39735a2-5420-4441-a07d-002a9dc39afb/datanode-1/data/ratis/41ad84cb-a288-423d-ac75-d317e2eb8d42/sm/snapshot.1_14 time:3
2019-07-14 08:37:49,933 INFO  server.GrpcService (GrpcService.java:closeImpl(163)) - dbacfa91-0a3d-4e21-95bd-79a50c69b681: shutdown server with port 45739 successfully
2019-07-14 08:37:49,934 INFO  impl.StateMachineUpdater (StateMachineUpdater.java:takeSnapshot(242)) - StateMachineUpdater:606a5d8c-f61d-40b4-b7e7-af2cae8db5c2:group-D317E2EB8D42: Took a snapshot at index 14
2019-07-14 08:37:49,934 INFO  impl.StateMachineUpdater (StateMachineUpdater.java:lambda$new$0(80)) - StateMachineUpdater:606a5d8c-f61d-40b4-b7e7-af2cae8db5c2:group-D317E2EB8D42: snapshotIndex: updateIncreasingly -1 -> 14
2019-07-14 08:37:49,935 INFO  impl.RaftServerImpl (ServerState.java:close(394)) - 606a5d8c-f61d-40b4-b7e7-af2cae8db5c2:group-D317E2EB8D42 closes. The last applied log index is 18
2019-07-14 08:37:49,935 INFO  segmented.SegmentedRaftLogWorker (SegmentedRaftLogWorker.java:run(313)) - 606a5d8c-f61d-40b4-b7e7-af2cae8db5c2-SegmentedRaftLogWorker:Storage Directory /workdir/hadoop-ozone/integration-test/target/test-dir/MiniOzoneClusterImpl-f39735a2-5420-4441-a07d-002a9dc39afb/datanode-1/data/ratis/41ad84cb-a288-423d-ac75-d317e2eb8d42 was interrupted, exiting. There are 0 tasks remaining in the queue.
2019-07-14 08:37:49,939 INFO  segmented.SegmentedRaftLogWorker (SegmentedRaftLogWorker.java:close(228)) - 606a5d8c-f61d-40b4-b7e7-af2cae8db5c2-SegmentedRaftLogWorker:Storage Directory /workdir/hadoop-ozone/integration-test/target/test-dir/MiniOzoneClusterImpl-f39735a2-5420-4441-a07d-002a9dc39afb/datanode-1/data/ratis/41ad84cb-a288-423d-ac75-d317e2eb8d42 close()
2019-07-14 08:37:49,944 INFO  server.GrpcService (GrpcService.java:closeImpl(155)) - 606a5d8c-f61d-40b4-b7e7-af2cae8db5c2: shutdown server with port 46349 now
2019-07-14 08:37:49,944 WARN  server.GrpcServerProtocolService (LogUtils.java:warn(134)) - 606a5d8c-f61d-40b4-b7e7-af2cae8db5c2: appendEntries onError: org.apache.ratis.thirdparty.io.grpc.StatusRuntimeException: CANCELLED: cancelled before receiving half close
2019-07-14 08:37:49,944 INFO  server.GrpcService (GrpcService.java:closeImpl(163)) - 606a5d8c-f61d-40b4-b7e7-af2cae8db5c2: shutdown server with port 46349 successfully
2019-07-14 08:37:49,945 INFO  utils.BackgroundService (BackgroundService.java:shutdown(148)) - Shutting down service BlockDeletingService
2019-07-14 08:37:49,945 WARN  server.GrpcLogAppender (LogUtils.java:warn(134)) - e9a50411-88c9-48bf-afde-0143fc4b5cad->606a5d8c-f61d-40b4-b7e7-af2cae8db5c2: Failed appendEntries: org.apache.ratis.thirdparty.io.grpc.StatusRuntimeException: CANCELLED: HTTP/2 error code: CANCEL
Received Rst Stream
2019-07-14 08:37:49,946 INFO  impl.FollowerInfo (FollowerInfo.java:lambda$new$0(50)) - e9a50411-88c9-48bf-afde-0143fc4b5cad->606a5d8c-f61d-40b4-b7e7-af2cae8db5c2: nextIndex: updateUnconditionally 19 -> 18
2019-07-14 08:37:49,946 INFO  utils.BackgroundService (BackgroundService.java:shutdown(148)) - Shutting down service BlockDeletingService
2019-07-14 08:37:49,948 WARN  fs.CachingGetSpaceUsed (CachingGetSpaceUsed.java:run(183)) - Thread Interrupted waiting to refresh disk information: sleep interrupted
2019-07-14 08:37:49,951 WARN  fs.CachingGetSpaceUsed (CachingGetSpaceUsed.java:run(183)) - Thread Interrupted waiting to refresh disk information: sleep interrupted
2019-07-14 08:37:49,972 INFO  statemachine.DatanodeStateMachine (DatanodeStateMachine.java:stopDaemon(395)) - Ozone container server stopped.
2019-07-14 08:37:49,977 INFO  statemachine.DatanodeStateMachine (DatanodeStateMachine.java:stopDaemon(395)) - Ozone container server stopped.
2019-07-14 08:37:49,983 INFO  handler.ContextHandler (ContextHandler.java:doStop(910)) - Stopped o.e.j.w.WebAppContext@3a33d655{/,null,UNAVAILABLE}{/hddsDatanode}
2019-07-14 08:37:49,983 INFO  handler.ContextHandler (ContextHandler.java:doStop(910)) - Stopped o.e.j.w.WebAppContext@7375ebe7{/,null,UNAVAILABLE}{/hddsDatanode}
2019-07-14 08:37:49,984 INFO  server.AbstractConnector (AbstractConnector.java:doStop(318)) - Stopped ServerConnector@526a1b51{HTTP/1.1,[http/1.1]}{0.0.0.0:0}
2019-07-14 08:37:49,984 INFO  server.AbstractConnector (AbstractConnector.java:doStop(318)) - Stopped ServerConnector@16a7af5d{HTTP/1.1,[http/1.1]}{0.0.0.0:0}
2019-07-14 08:37:49,984 INFO  handler.ContextHandler (ContextHandler.java:doStop(910)) - Stopped o.e.j.s.ServletContextHandler@63893cf6{/static,jar:file:/home/user/.m2/repository/org/apache/hadoop/hadoop-hdds-container-service/0.5.0-SNAPSHOT/hadoop-hdds-container-service-0.5.0-SNAPSHOT.jar!/webapps/static,UNAVAILABLE}
2019-07-14 08:37:49,986 INFO  handler.ContextHandler (ContextHandler.java:doStop(910)) - Stopped o.e.j.s.ServletContextHandler@3958e148{/static,jar:file:/home/user/.m2/repository/org/apache/hadoop/hadoop-hdds-container-service/0.5.0-SNAPSHOT/hadoop-hdds-container-service-0.5.0-SNAPSHOT.jar!/webapps/static,UNAVAILABLE}
2019-07-14 08:37:49,986 INFO  handler.ContextHandler (ContextHandler.java:doStop(910)) - Stopped o.e.j.s.ServletContextHandler@1df8ea34{/logs,file:///workdir/hadoop-ozone/integration-test/target/log,UNAVAILABLE}
2019-07-14 08:37:49,988 INFO  handler.ContextHandler (ContextHandler.java:doStop(910)) - Stopped o.e.j.s.ServletContextHandler@741687d4{/logs,file:///workdir/hadoop-ozone/integration-test/target/log,UNAVAILABLE}
2019-07-14 08:37:49,989 INFO  datanode.ObjectStoreHandler (ObjectStoreHandler.java:close(155)) - Closing ObjectStoreHandler.
2019-07-14 08:37:49,989 INFO  datanode.ObjectStoreHandler (ObjectStoreHandler.java:close(155)) - Closing ObjectStoreHandler.
2019-07-14 08:37:49,990 INFO  ozone.HddsDatanodeService (HddsDatanodeService.java:stop(452)) - Stopped plug-in org.apache.hadoop.ozone.web.OzoneHddsDatanodeService@4f8488ef
2019-07-14 08:37:49,990 INFO  ozone.HddsDatanodeService (HddsDatanodeService.java:stop(452)) - Stopped plug-in org.apache.hadoop.ozone.web.OzoneHddsDatanodeService@216c6825
2019-07-14 08:37:50,089 INFO  statemachine.DatanodeStateMachine (DatanodeStateMachine.java:lambda$startDaemon$0(350)) - Ozone container server started.
2019-07-14 08:37:50,735 INFO  statemachine.DatanodeStateMachine (DatanodeStateMachine.java:lambda$startDaemon$0(350)) - Ozone container server started.
2019-07-14 08:37:51,224 WARN  server.GrpcLogAppender (LogUtils.java:warn(134)) - e9a50411-88c9-48bf-afde-0143fc4b5cad->88f1e3a5-21e0-4d5e-8225-b72ef656a022: Failed appendEntries: org.apache.ratis.thirdparty.io.grpc.StatusRuntimeException: UNAVAILABLE: io exception
2019-07-14 08:37:51,225 INFO  impl.FollowerInfo (FollowerInfo.java:lambda$new$0(50)) - e9a50411-88c9-48bf-afde-0143fc4b5cad->88f1e3a5-21e0-4d5e-8225-b72ef656a022: nextIndex: updateUnconditionally 0 -> 0
2019-07-14 08:37:51,227 WARN  server.GrpcLogAppender (LogUtils.java:warn(134)) - e9a50411-88c9-48bf-afde-0143fc4b5cad->606a5d8c-f61d-40b4-b7e7-af2cae8db5c2: Failed appendEntries: org.apache.ratis.thirdparty.io.grpc.StatusRuntimeException: UNAVAILABLE: io exception
2019-07-14 08:37:51,228 INFO  impl.FollowerInfo (FollowerInfo.java:lambda$new$0(50)) - e9a50411-88c9-48bf-afde-0143fc4b5cad->606a5d8c-f61d-40b4-b7e7-af2cae8db5c2: nextIndex: updateUnconditionally 18 -> 17
2019-07-14 08:37:53,725 WARN  server.GrpcLogAppender (LogUtils.java:warn(134)) - e9a50411-88c9-48bf-afde-0143fc4b5cad->88f1e3a5-21e0-4d5e-8225-b72ef656a022: Failed appendEntries: org.apache.ratis.thirdparty.io.grpc.StatusRuntimeException: UNAVAILABLE: io exception
2019-07-14 08:37:53,726 INFO  impl.FollowerInfo (FollowerInfo.java:lambda$new$0(50)) - e9a50411-88c9-48bf-afde-0143fc4b5cad->88f1e3a5-21e0-4d5e-8225-b72ef656a022: nextIndex: updateUnconditionally 0 -> 0
2019-07-14 08:37:53,728 WARN  server.GrpcLogAppender (LogUtils.java:warn(134)) - e9a50411-88c9-48bf-afde-0143fc4b5cad->606a5d8c-f61d-40b4-b7e7-af2cae8db5c2: Failed appendEntries: org.apache.ratis.thirdparty.io.grpc.StatusRuntimeException: UNAVAILABLE: io exception
2019-07-14 08:37:53,728 INFO  impl.FollowerInfo (FollowerInfo.java:lambda$new$0(50)) - e9a50411-88c9-48bf-afde-0143fc4b5cad->606a5d8c-f61d-40b4-b7e7-af2cae8db5c2: nextIndex: updateUnconditionally 17 -> 16
2019-07-14 08:37:54,125 INFO  node.StaleNodeHandler (StaleNodeHandler.java:onMessage(58)) - Datanode e9a50411-88c9-48bf-afde-0143fc4b5cad{ip: 192.168.5.191, host: trunk-nightly-5z2vd-27108033, networkLocation: /default-rack, certSerialId: null} moved to stale state. Finalizing its pipelines [PipelineID=41ad84cb-a288-423d-ac75-d317e2eb8d42, PipelineID=ed598a55-0556-4208-985c-b4f7a7e33d43]
2019-07-14 08:37:54,126 INFO  pipeline.SCMPipelineManager (SCMPipelineManager.java:finalizeAndDestroyPipeline(309)) - destroying pipeline:Pipeline[ Id: 41ad84cb-a288-423d-ac75-d317e2eb8d42, Nodes: 88f1e3a5-21e0-4d5e-8225-b72ef656a022{ip: 192.168.5.191, host: trunk-nightly-5z2vd-27108033, networkLocation: /default-rack, certSerialId: null}e9a50411-88c9-48bf-afde-0143fc4b5cad{ip: 192.168.5.191, host: trunk-nightly-5z2vd-27108033, networkLocation: /default-rack, certSerialId: null}606a5d8c-f61d-40b4-b7e7-af2cae8db5c2{ip: 192.168.5.191, host: trunk-nightly-5z2vd-27108033, networkLocation: /default-rack, certSerialId: null}, Type:RATIS, Factor:THREE, State:CLOSED]
2019-07-14 08:37:54,126 INFO  pipeline.SCMPipelineManager (SCMPipelineManager.java:finalizeAndDestroyPipeline(309)) - destroying pipeline:Pipeline[ Id: ed598a55-0556-4208-985c-b4f7a7e33d43, Nodes: e9a50411-88c9-48bf-afde-0143fc4b5cad{ip: 192.168.5.191, host: trunk-nightly-5z2vd-27108033, networkLocation: /default-rack, certSerialId: null}, Type:RATIS, Factor:ONE, State:OPEN]
2019-07-14 08:37:54,126 INFO  pipeline.PipelineStateManager (PipelineStateManager.java:finalizePipeline(123)) - Pipeline Pipeline[ Id: ed598a55-0556-4208-985c-b4f7a7e33d43, Nodes: e9a50411-88c9-48bf-afde-0143fc4b5cad{ip: 192.168.5.191, host: trunk-nightly-5z2vd-27108033, networkLocation: /default-rack, certSerialId: null}, Type:RATIS, Factor:ONE, State:CLOSED] moved to CLOSED state
2019-07-14 08:37:54,826 INFO  node.StaleNodeHandler (StaleNodeHandler.java:onMessage(58)) - Datanode 9bd95888-5333-4516-99f7-a7e03f6f5c6c{ip: 192.168.5.191, host: trunk-nightly-5z2vd-27108033, networkLocation: /default-rack, certSerialId: null} moved to stale state. Finalizing its pipelines [PipelineID=fedcd1f1-a831-45a5-9e7d-ec2b45e8a387, PipelineID=ceab14cc-5c98-434c-8f38-226e5ca37268]
2019-07-14 08:37:54,827 INFO  pipeline.SCMPipelineManager (SCMPipelineManager.java:finalizeAndDestroyPipeline(309)) - destroying pipeline:Pipeline[ Id: fedcd1f1-a831-45a5-9e7d-ec2b45e8a387, Nodes: 9bd95888-5333-4516-99f7-a7e03f6f5c6c{ip: 192.168.5.191, host: trunk-nightly-5z2vd-27108033, networkLocation: /default-rack, certSerialId: null}dbacfa91-0a3d-4e21-95bd-79a50c69b681{ip: 192.168.5.191, host: trunk-nightly-5z2vd-27108033, networkLocation: /default-rack, certSerialId: null}c8330a54-7443-462b-8726-431bec4162e5{ip: 192.168.5.191, host: trunk-nightly-5z2vd-27108033, networkLocation: /default-rack, certSerialId: null}, Type:RATIS, Factor:THREE, State:CLOSED]
2019-07-14 08:37:54,827 INFO  pipeline.SCMPipelineManager (SCMPipelineManager.java:finalizeAndDestroyPipeline(309)) - destroying pipeline:Pipeline[ Id: ceab14cc-5c98-434c-8f38-226e5ca37268, Nodes: 9bd95888-5333-4516-99f7-a7e03f6f5c6c{ip: 192.168.5.191, host: trunk-nightly-5z2vd-27108033, networkLocation: /default-rack, certSerialId: null}, Type:RATIS, Factor:ONE, State:OPEN]
2019-07-14 08:37:54,827 INFO  pipeline.PipelineStateManager (PipelineStateManager.java:finalizePipeline(123)) - Pipeline Pipeline[ Id: ceab14cc-5c98-434c-8f38-226e5ca37268, Nodes: 9bd95888-5333-4516-99f7-a7e03f6f5c6c{ip: 192.168.5.191, host: trunk-nightly-5z2vd-27108033, networkLocation: /default-rack, certSerialId: null}, Type:RATIS, Factor:ONE, State:CLOSED] moved to CLOSED state
2019-07-14 08:37:54,991 INFO  ozoneimpl.OzoneContainer (OzoneContainer.java:stop(199)) - Attempting to stop container services.
2019-07-14 08:37:54,991 INFO  ozoneimpl.OzoneContainer (OzoneContainer.java:stop(199)) - Attempting to stop container services.
2019-07-14 08:37:54,992 INFO  impl.RaftServerProxy (RaftServerProxy.java:lambda$close$4(314)) - e9a50411-88c9-48bf-afde-0143fc4b5cad: close
2019-07-14 08:37:54,992 INFO  impl.RaftServerProxy (RaftServerProxy.java:lambda$close$4(314)) - 9bd95888-5333-4516-99f7-a7e03f6f5c6c: close
2019-07-14 08:37:54,992 INFO  impl.RaftServerImpl (RaftServerImpl.java:lambda$shutdown$3(245)) - e9a50411-88c9-48bf-afde-0143fc4b5cad: shutdown group-D317E2EB8D42
2019-07-14 08:37:54,992 INFO  impl.RaftServerImpl (RaftServerImpl.java:lambda$shutdown$3(245)) - 9bd95888-5333-4516-99f7-a7e03f6f5c6c: shutdown group-EC2B45E8A387
2019-07-14 08:37:54,993 INFO  util.JmxRegister (JmxRegister.java:unregister(73)) - Successfully un-registered JMX Bean with object name Ratis:service=RaftServer,group=group-D317E2EB8D42,id=e9a50411-88c9-48bf-afde-0143fc4b5cad
2019-07-14 08:37:54,993 INFO  util.JmxRegister (JmxRegister.java:unregister(73)) - Successfully un-registered JMX Bean with object name Ratis:service=RaftServer,group=group-EC2B45E8A387,id=9bd95888-5333-4516-99f7-a7e03f6f5c6c
2019-07-14 08:37:54,993 INFO  impl.RoleInfo (RoleInfo.java:shutdownLeaderState(104)) - e9a50411-88c9-48bf-afde-0143fc4b5cad: shutdown LeaderState
2019-07-14 08:37:54,994 INFO  impl.RoleInfo (RoleInfo.java:shutdownFollowerState(121)) - 9bd95888-5333-4516-99f7-a7e03f6f5c6c: shutdown FollowerState
2019-07-14 08:37:54,998 WARN  server.GrpcLogAppender (GrpcLogAppender.java:mayWait(143)) - GrpcLogAppender(e9a50411-88c9-48bf-afde-0143fc4b5cad->88f1e3a5-21e0-4d5e-8225-b72ef656a022): Wait interrupted by java.lang.InterruptedException
2019-07-14 08:37:54,998 INFO  impl.FollowerState (FollowerState.java:run(114)) - 9bd95888-5333-4516-99f7-a7e03f6f5c6c: FollowerState was interrupted: java.lang.InterruptedException: sleep interrupted
2019-07-14 08:37:54,998 WARN  server.GrpcLogAppender (GrpcLogAppender.java:mayWait(143)) - GrpcLogAppender(e9a50411-88c9-48bf-afde-0143fc4b5cad->606a5d8c-f61d-40b4-b7e7-af2cae8db5c2): Wait interrupted by java.lang.InterruptedException
2019-07-14 08:37:54,998 INFO  impl.PendingRequests (PendingRequests.java:sendNotLeaderResponses(202)) - e9a50411-88c9-48bf-afde-0143fc4b5cad-PendingRequests: sendNotLeaderResponses
2019-07-14 08:37:54,998 INFO  ratis.ContainerStateMachine (ContainerStateMachine.java:takeSnapshot(249)) - group-EC2B45E8A387: Taking a snapshot at:(t:1, i:14) file /workdir/hadoop-ozone/integration-test/target/test-dir/MiniOzoneClusterImpl-f39735a2-5420-4441-a07d-002a9dc39afb/datanode-3/data/ratis/fedcd1f1-a831-45a5-9e7d-ec2b45e8a387/sm/snapshot.1_14
2019-07-14 08:37:54,998 INFO  impl.StateMachineUpdater (StateMachineUpdater.java:stopAndJoin(115)) - StateMachineUpdater:9bd95888-5333-4516-99f7-a7e03f6f5c6c:group-EC2B45E8A387: set stopIndex = 16
2019-07-14 08:37:55,003 INFO  ratis.ContainerStateMachine (ContainerStateMachine.java:takeSnapshot(257)) - group-EC2B45E8A387: Finished taking a snapshot at:(t:1, i:14) file:/workdir/hadoop-ozone/integration-test/target/test-dir/MiniOzoneClusterImpl-f39735a2-5420-4441-a07d-002a9dc39afb/datanode-3/data/ratis/fedcd1f1-a831-45a5-9e7d-ec2b45e8a387/sm/snapshot.1_14 time:5
2019-07-14 08:37:55,003 INFO  impl.StateMachineUpdater (StateMachineUpdater.java:takeSnapshot(242)) - StateMachineUpdater:9bd95888-5333-4516-99f7-a7e03f6f5c6c:group-EC2B45E8A387: Took a snapshot at index 14
2019-07-14 08:37:55,003 INFO  ratis.ContainerStateMachine (ContainerStateMachine.java:takeSnapshot(249)) - group-D317E2EB8D42: Taking a snapshot at:(t:1, i:14) file /workdir/hadoop-ozone/integration-test/target/test-dir/MiniOzoneClusterImpl-f39735a2-5420-4441-a07d-002a9dc39afb/datanode-0/data/ratis/41ad84cb-a288-423d-ac75-d317e2eb8d42/sm/snapshot.1_14
2019-07-14 08:37:55,003 INFO  impl.StateMachineUpdater (StateMachineUpdater.java:stopAndJoin(115)) - StateMachineUpdater:e9a50411-88c9-48bf-afde-0143fc4b5cad:group-D317E2EB8D42: set stopIndex = 18
2019-07-14 08:37:55,003 INFO  impl.StateMachineUpdater (StateMachineUpdater.java:lambda$new$0(80)) - StateMachineUpdater:9bd95888-5333-4516-99f7-a7e03f6f5c6c:group-EC2B45E8A387: snapshotIndex: updateIncreasingly -1 -> 14
2019-07-14 08:37:55,004 INFO  impl.RaftServerImpl (ServerState.java:close(394)) - 9bd95888-5333-4516-99f7-a7e03f6f5c6c:group-EC2B45E8A387 closes. The last applied log index is 16
2019-07-14 08:37:55,005 INFO  segmented.SegmentedRaftLogWorker (SegmentedRaftLogWorker.java:run(313)) - 9bd95888-5333-4516-99f7-a7e03f6f5c6c-SegmentedRaftLogWorker:Storage Directory /workdir/hadoop-ozone/integration-test/target/test-dir/MiniOzoneClusterImpl-f39735a2-5420-4441-a07d-002a9dc39afb/datanode-3/data/ratis/fedcd1f1-a831-45a5-9e7d-ec2b45e8a387 was interrupted, exiting. There are 0 tasks remaining in the queue.
2019-07-14 08:37:55,015 INFO  segmented.SegmentedRaftLogWorker (SegmentedRaftLogWorker.java:close(228)) - 9bd95888-5333-4516-99f7-a7e03f6f5c6c-SegmentedRaftLogWorker:Storage Directory /workdir/hadoop-ozone/integration-test/target/test-dir/MiniOzoneClusterImpl-f39735a2-5420-4441-a07d-002a9dc39afb/datanode-3/data/ratis/fedcd1f1-a831-45a5-9e7d-ec2b45e8a387 close()
2019-07-14 08:37:55,015 INFO  ratis.ContainerStateMachine (ContainerStateMachine.java:takeSnapshot(257)) - group-D317E2EB8D42: Finished taking a snapshot at:(t:1, i:14) file:/workdir/hadoop-ozone/integration-test/target/test-dir/MiniOzoneClusterImpl-f39735a2-5420-4441-a07d-002a9dc39afb/datanode-0/data/ratis/41ad84cb-a288-423d-ac75-d317e2eb8d42/sm/snapshot.1_14 time:11
2019-07-14 08:37:55,018 INFO  impl.RaftServerImpl (RaftServerImpl.java:lambda$shutdown$3(245)) - 9bd95888-5333-4516-99f7-a7e03f6f5c6c: shutdown group-226E5CA37268
2019-07-14 08:37:55,018 INFO  impl.StateMachineUpdater (StateMachineUpdater.java:takeSnapshot(242)) - StateMachineUpdater:e9a50411-88c9-48bf-afde-0143fc4b5cad:group-D317E2EB8D42: Took a snapshot at index 14
2019-07-14 08:37:55,019 INFO  util.JmxRegister (JmxRegister.java:unregister(73)) - Successfully un-registered JMX Bean with object name Ratis:service=RaftServer,group=group-226E5CA37268,id=9bd95888-5333-4516-99f7-a7e03f6f5c6c
2019-07-14 08:37:55,019 INFO  impl.RoleInfo (RoleInfo.java:shutdownLeaderState(104)) - 9bd95888-5333-4516-99f7-a7e03f6f5c6c: shutdown LeaderState
2019-07-14 08:37:55,019 INFO  impl.StateMachineUpdater (StateMachineUpdater.java:lambda$new$0(80)) - StateMachineUpdater:e9a50411-88c9-48bf-afde-0143fc4b5cad:group-D317E2EB8D42: snapshotIndex: updateIncreasingly -1 -> 14
2019-07-14 08:37:55,020 INFO  impl.PendingRequests (PendingRequests.java:sendNotLeaderResponses(202)) - 9bd95888-5333-4516-99f7-a7e03f6f5c6c-PendingRequests: sendNotLeaderResponses
2019-07-14 08:37:55,020 INFO  impl.RaftServerImpl (ServerState.java:close(394)) - e9a50411-88c9-48bf-afde-0143fc4b5cad:group-D317E2EB8D42 closes. The last applied log index is 18
2019-07-14 08:37:55,020 INFO  impl.StateMachineUpdater (StateMachineUpdater.java:stopAndJoin(115)) - StateMachineUpdater:9bd95888-5333-4516-99f7-a7e03f6f5c6c:group-226E5CA37268: set stopIndex = 0
2019-07-14 08:37:55,021 INFO  segmented.SegmentedRaftLogWorker (SegmentedRaftLogWorker.java:run(313)) - e9a50411-88c9-48bf-afde-0143fc4b5cad-SegmentedRaftLogWorker:Storage Directory /workdir/hadoop-ozone/integration-test/target/test-dir/MiniOzoneClusterImpl-f39735a2-5420-4441-a07d-002a9dc39afb/datanode-0/data/ratis/41ad84cb-a288-423d-ac75-d317e2eb8d42 was interrupted, exiting. There are 0 tasks remaining in the queue.
2019-07-14 08:37:55,021 INFO  impl.RaftServerImpl (ServerState.java:close(394)) - 9bd95888-5333-4516-99f7-a7e03f6f5c6c:group-226E5CA37268 closes. The last applied log index is 0
2019-07-14 08:37:55,023 INFO  segmented.SegmentedRaftLogWorker (SegmentedRaftLogWorker.java:close(228)) - e9a50411-88c9-48bf-afde-0143fc4b5cad-SegmentedRaftLogWorker:Storage Directory /workdir/hadoop-ozone/integration-test/target/test-dir/MiniOzoneClusterImpl-f39735a2-5420-4441-a07d-002a9dc39afb/datanode-0/data/ratis/41ad84cb-a288-423d-ac75-d317e2eb8d42 close()
2019-07-14 08:37:55,023 INFO  segmented.SegmentedRaftLogWorker (SegmentedRaftLogWorker.java:run(313)) - 9bd95888-5333-4516-99f7-a7e03f6f5c6c-SegmentedRaftLogWorker:Storage Directory /workdir/hadoop-ozone/integration-test/target/test-dir/MiniOzoneClusterImpl-f39735a2-5420-4441-a07d-002a9dc39afb/datanode-3/data/ratis/ceab14cc-5c98-434c-8f38-226e5ca37268 was interrupted, exiting. There are 0 tasks remaining in the queue.
2019-07-14 08:37:55,027 INFO  impl.RaftServerImpl (RaftServerImpl.java:lambda$shutdown$3(245)) - e9a50411-88c9-48bf-afde-0143fc4b5cad: shutdown group-B4F7A7E33D43
2019-07-14 08:37:55,028 INFO  segmented.SegmentedRaftLogWorker (SegmentedRaftLogWorker.java:close(228)) - 9bd95888-5333-4516-99f7-a7e03f6f5c6c-SegmentedRaftLogWorker:Storage Directory /workdir/hadoop-ozone/integration-test/target/test-dir/MiniOzoneClusterImpl-f39735a2-5420-4441-a07d-002a9dc39afb/datanode-3/data/ratis/ceab14cc-5c98-434c-8f38-226e5ca37268 close()
2019-07-14 08:37:55,028 INFO  util.JmxRegister (JmxRegister.java:unregister(73)) - Successfully un-registered JMX Bean with object name Ratis:service=RaftServer,group=group-B4F7A7E33D43,id=e9a50411-88c9-48bf-afde-0143fc4b5cad
2019-07-14 08:37:55,033 INFO  server.GrpcService (GrpcService.java:closeImpl(155)) - 9bd95888-5333-4516-99f7-a7e03f6f5c6c: shutdown server with port 36134 now
2019-07-14 08:37:55,033 INFO  impl.RoleInfo (RoleInfo.java:shutdownLeaderState(104)) - e9a50411-88c9-48bf-afde-0143fc4b5cad: shutdown LeaderState
2019-07-14 08:37:55,033 INFO  impl.PendingRequests (PendingRequests.java:sendNotLeaderResponses(202)) - e9a50411-88c9-48bf-afde-0143fc4b5cad-PendingRequests: sendNotLeaderResponses
2019-07-14 08:37:55,034 INFO  server.GrpcService (GrpcService.java:closeImpl(163)) - 9bd95888-5333-4516-99f7-a7e03f6f5c6c: shutdown server with port 36134 successfully
2019-07-14 08:37:55,034 INFO  impl.StateMachineUpdater (StateMachineUpdater.java:stopAndJoin(115)) - StateMachineUpdater:e9a50411-88c9-48bf-afde-0143fc4b5cad:group-B4F7A7E33D43: set stopIndex = 0
2019-07-14 08:37:55,034 INFO  impl.RaftServerImpl (ServerState.java:close(394)) - e9a50411-88c9-48bf-afde-0143fc4b5cad:group-B4F7A7E33D43 closes. The last applied log index is 0
2019-07-14 08:37:55,035 INFO  segmented.SegmentedRaftLogWorker (SegmentedRaftLogWorker.java:run(313)) - e9a50411-88c9-48bf-afde-0143fc4b5cad-SegmentedRaftLogWorker:Storage Directory /workdir/hadoop-ozone/integration-test/target/test-dir/MiniOzoneClusterImpl-f39735a2-5420-4441-a07d-002a9dc39afb/datanode-0/data/ratis/ed598a55-0556-4208-985c-b4f7a7e33d43 was interrupted, exiting. There are 0 tasks remaining in the queue.
2019-07-14 08:37:55,037 INFO  segmented.SegmentedRaftLogWorker (SegmentedRaftLogWorker.java:close(228)) - e9a50411-88c9-48bf-afde-0143fc4b5cad-SegmentedRaftLogWorker:Storage Directory /workdir/hadoop-ozone/integration-test/target/test-dir/MiniOzoneClusterImpl-f39735a2-5420-4441-a07d-002a9dc39afb/datanode-0/data/ratis/ed598a55-0556-4208-985c-b4f7a7e33d43 close()
2019-07-14 08:37:55,040 INFO  server.GrpcService (GrpcService.java:closeImpl(155)) - e9a50411-88c9-48bf-afde-0143fc4b5cad: shutdown server with port 38840 now
2019-07-14 08:37:55,041 INFO  utils.BackgroundService (BackgroundService.java:shutdown(148)) - Shutting down service BlockDeletingService
2019-07-14 08:37:55,041 INFO  server.GrpcService (GrpcService.java:closeImpl(163)) - e9a50411-88c9-48bf-afde-0143fc4b5cad: shutdown server with port 38840 successfully
2019-07-14 08:37:55,044 INFO  utils.BackgroundService (BackgroundService.java:shutdown(148)) - Shutting down service BlockDeletingService
2019-07-14 08:37:55,046 WARN  fs.CachingGetSpaceUsed (CachingGetSpaceUsed.java:run(183)) - Thread Interrupted waiting to refresh disk information: sleep interrupted
2019-07-14 08:37:55,046 WARN  fs.CachingGetSpaceUsed (CachingGetSpaceUsed.java:run(183)) - Thread Interrupted waiting to refresh disk information: sleep interrupted
2019-07-14 08:37:55,065 INFO  statemachine.DatanodeStateMachine (DatanodeStateMachine.java:stopDaemon(395)) - Ozone container server stopped.
2019-07-14 08:37:55,069 INFO  handler.ContextHandler (ContextHandler.java:doStop(910)) - Stopped o.e.j.w.WebAppContext@64a00fe0{/,null,UNAVAILABLE}{/hddsDatanode}
2019-07-14 08:37:55,074 INFO  statemachine.DatanodeStateMachine (DatanodeStateMachine.java:stopDaemon(395)) - Ozone container server stopped.
2019-07-14 08:37:55,074 INFO  server.AbstractConnector (AbstractConnector.java:doStop(318)) - Stopped ServerConnector@347f0950{HTTP/1.1,[http/1.1]}{0.0.0.0:0}
2019-07-14 08:37:55,076 INFO  handler.ContextHandler (ContextHandler.java:doStop(910)) - Stopped o.e.j.s.ServletContextHandler@25dacc5a{/static,jar:file:/home/user/.m2/repository/org/apache/hadoop/hadoop-hdds-container-service/0.5.0-SNAPSHOT/hadoop-hdds-container-service-0.5.0-SNAPSHOT.jar!/webapps/static,UNAVAILABLE}
2019-07-14 08:37:55,077 INFO  handler.ContextHandler (ContextHandler.java:doStop(910)) - Stopped o.e.j.s.ServletContextHandler@292b7a02{/logs,file:///workdir/hadoop-ozone/integration-test/target/log,UNAVAILABLE}
2019-07-14 08:37:55,078 INFO  handler.ContextHandler (ContextHandler.java:doStop(910)) - Stopped o.e.j.w.WebAppContext@39aaa7db{/,null,UNAVAILABLE}{/hddsDatanode}
2019-07-14 08:37:55,078 INFO  datanode.ObjectStoreHandler (ObjectStoreHandler.java:close(155)) - Closing ObjectStoreHandler.
2019-07-14 08:37:55,079 INFO  ozone.HddsDatanodeService (HddsDatanodeService.java:stop(452)) - Stopped plug-in org.apache.hadoop.ozone.web.OzoneHddsDatanodeService@2f341732
2019-07-14 08:37:55,079 INFO  server.AbstractConnector (AbstractConnector.java:doStop(318)) - Stopped ServerConnector@14a3a66c{HTTP/1.1,[http/1.1]}{0.0.0.0:0}
2019-07-14 08:37:55,079 INFO  handler.ContextHandler (ContextHandler.java:doStop(910)) - Stopped o.e.j.s.ServletContextHandler@7c59f315{/static,jar:file:/home/user/.m2/repository/org/apache/hadoop/hadoop-hdds-container-service/0.5.0-SNAPSHOT/hadoop-hdds-container-service-0.5.0-SNAPSHOT.jar!/webapps/static,UNAVAILABLE}
2019-07-14 08:37:55,080 INFO  handler.ContextHandler (ContextHandler.java:doStop(910)) - Stopped o.e.j.s.ServletContextHandler@18f8c76d{/logs,file:///workdir/hadoop-ozone/integration-test/target/log,UNAVAILABLE}
2019-07-14 08:37:55,081 INFO  datanode.ObjectStoreHandler (ObjectStoreHandler.java:close(155)) - Closing ObjectStoreHandler.
2019-07-14 08:37:55,081 INFO  ozone.HddsDatanodeService (HddsDatanodeService.java:stop(452)) - Stopped plug-in org.apache.hadoop.ozone.web.OzoneHddsDatanodeService@2850fe85
2019-07-14 08:37:55,736 INFO  statemachine.DatanodeStateMachine (DatanodeStateMachine.java:lambda$startDaemon$0(350)) - Ozone container server started.
2019-07-14 08:37:55,876 INFO  statemachine.DatanodeStateMachine (DatanodeStateMachine.java:lambda$startDaemon$0(350)) - Ozone container server started.
2019-07-14 08:37:59,567 INFO  impl.FollowerState (FollowerState.java:run(106)) - c8330a54-7443-462b-8726-431bec4162e5:group-EC2B45E8A387 changes to CANDIDATE, lastRpcTime:9718, electionTimeout:5111ms
2019-07-14 08:37:59,567 INFO  impl.RoleInfo (RoleInfo.java:shutdownFollowerState(121)) - c8330a54-7443-462b-8726-431bec4162e5: shutdown FollowerState
2019-07-14 08:37:59,568 INFO  impl.RaftServerImpl (RaftServerImpl.java:setRole(171)) - c8330a54-7443-462b-8726-431bec4162e5:group-EC2B45E8A387 changes role from FOLLOWER to CANDIDATE at term 1 for changeToCandidate
2019-07-14 08:37:59,568 INFO  impl.RoleInfo (RoleInfo.java:updateAndGet(143)) - c8330a54-7443-462b-8726-431bec4162e5: start LeaderElection
2019-07-14 08:37:59,575 INFO  impl.RaftServerImpl (ServerState.java:setLeader(263)) - c8330a54-7443-462b-8726-431bec4162e5:group-EC2B45E8A387 change Leader from dbacfa91-0a3d-4e21-95bd-79a50c69b681 to null at term 1 for initElection
2019-07-14 08:37:59,601 INFO  impl.LeaderElection (LeaderElection.java:askForVotes(181)) - c8330a54-7443-462b-8726-431bec4162e5:group-EC2B45E8A387:LeaderElection78: begin an election at term 2 for 0: [c8330a54-7443-462b-8726-431bec4162e5:192.168.5.191:46484, 9bd95888-5333-4516-99f7-a7e03f6f5c6c:192.168.5.191:36134, dbacfa91-0a3d-4e21-95bd-79a50c69b681:192.168.5.191:45739], old=null
2019-07-14 08:37:59,604 INFO  impl.LeaderElection (LogUtils.java:infoOrTrace(149)) - c8330a54-7443-462b-8726-431bec4162e5:group-EC2B45E8A387:LeaderElection78 got exception when requesting votes: {}
java.util.concurrent.ExecutionException: org.apache.ratis.thirdparty.io.grpc.StatusRuntimeException: UNAVAILABLE: io exception
	at java.util.concurrent.FutureTask.report(FutureTask.java:122)
	at java.util.concurrent.FutureTask.get(FutureTask.java:192)
	at org.apache.ratis.server.impl.LeaderElection.waitForResults(LeaderElection.java:262)
	at org.apache.ratis.server.impl.LeaderElection.askForVotes(LeaderElection.java:200)
	at org.apache.ratis.server.impl.LeaderElection.run(LeaderElection.java:130)
	at java.lang.Thread.run(Thread.java:748)
Caused by: org.apache.ratis.thirdparty.io.grpc.StatusRuntimeException: UNAVAILABLE: io exception
	at org.apache.ratis.thirdparty.io.grpc.stub.ClientCalls.toStatusRuntimeException(ClientCalls.java:233)
	at org.apache.ratis.thirdparty.io.grpc.stub.ClientCalls.getUnchecked(ClientCalls.java:214)
	at org.apache.ratis.thirdparty.io.grpc.stub.ClientCalls.blockingUnaryCall(ClientCalls.java:139)
	at org.apache.ratis.proto.grpc.RaftServerProtocolServiceGrpc$RaftServerProtocolServiceBlockingStub.requestVote(RaftServerProtocolServiceGrpc.java:265)
	at org.apache.ratis.grpc.server.GrpcServerProtocolClient.requestVote(GrpcServerProtocolClient.java:83)
	at org.apache.ratis.grpc.server.GrpcService.requestVote(GrpcService.java:195)
	at org.apache.ratis.server.impl.LeaderElection.lambda$submitRequests$1(LeaderElection.java:237)
	at java.util.concurrent.FutureTask.run(FutureTask.java:266)
	at java.util.concurrent.Executors$RunnableAdapter.call(Executors.java:511)
	at java.util.concurrent.FutureTask.run(FutureTask.java:266)
	at java.util.concurrent.ThreadPoolExecutor.runWorker(ThreadPoolExecutor.java:1149)
	at java.util.concurrent.ThreadPoolExecutor$Worker.run(ThreadPoolExecutor.java:624)
	... 1 more
Caused by: org.apache.ratis.thirdparty.io.netty.channel.AbstractChannel$AnnotatedConnectException: Connection refused: /192.168.5.191:45739
	at sun.nio.ch.SocketChannelImpl.checkConnect(Native Method)
	at sun.nio.ch.SocketChannelImpl.finishConnect(SocketChannelImpl.java:717)
	at org.apache.ratis.thirdparty.io.netty.channel.socket.nio.NioSocketChannel.doFinishConnect(NioSocketChannel.java:327)
	at org.apache.ratis.thirdparty.io.netty.channel.nio.AbstractNioChannel$AbstractNioUnsafe.finishConnect(AbstractNioChannel.java:340)
	at org.apache.ratis.thirdparty.io.netty.channel.nio.NioEventLoop.processSelectedKey(NioEventLoop.java:632)
	at org.apache.ratis.thirdparty.io.netty.channel.nio.NioEventLoop.processSelectedKeysOptimized(NioEventLoop.java:579)
	at org.apache.ratis.thirdparty.io.netty.channel.nio.NioEventLoop.processSelectedKeys(NioEventLoop.java:496)
	at org.apache.ratis.thirdparty.io.netty.channel.nio.NioEventLoop.run(NioEventLoop.java:458)
	at org.apache.ratis.thirdparty.io.netty.util.concurrent.SingleThreadEventExecutor$5.run(SingleThreadEventExecutor.java:897)
	at org.apache.ratis.thirdparty.io.netty.util.concurrent.FastThreadLocalRunnable.run(FastThreadLocalRunnable.java:30)
	... 1 more
Caused by: java.net.ConnectException: Connection refused
	... 11 more
2019-07-14 08:37:59,606 INFO  impl.LeaderElection (LogUtils.java:infoOrTrace(149)) - c8330a54-7443-462b-8726-431bec4162e5:group-EC2B45E8A387:LeaderElection78 got exception when requesting votes: {}
java.util.concurrent.ExecutionException: org.apache.ratis.thirdparty.io.grpc.StatusRuntimeException: UNAVAILABLE: io exception
	at java.util.concurrent.FutureTask.report(FutureTask.java:122)
	at java.util.concurrent.FutureTask.get(FutureTask.java:192)
	at org.apache.ratis.server.impl.LeaderElection.waitForResults(LeaderElection.java:262)
	at org.apache.ratis.server.impl.LeaderElection.askForVotes(LeaderElection.java:200)
	at org.apache.ratis.server.impl.LeaderElection.run(LeaderElection.java:130)
	at java.lang.Thread.run(Thread.java:748)
Caused by: org.apache.ratis.thirdparty.io.grpc.StatusRuntimeException: UNAVAILABLE: io exception
	at org.apache.ratis.thirdparty.io.grpc.stub.ClientCalls.toStatusRuntimeException(ClientCalls.java:233)
	at org.apache.ratis.thirdparty.io.grpc.stub.ClientCalls.getUnchecked(ClientCalls.java:214)
	at org.apache.ratis.thirdparty.io.grpc.stub.ClientCalls.blockingUnaryCall(ClientCalls.java:139)
	at org.apache.ratis.proto.grpc.RaftServerProtocolServiceGrpc$RaftServerProtocolServiceBlockingStub.requestVote(RaftServerProtocolServiceGrpc.java:265)
	at org.apache.ratis.grpc.server.GrpcServerProtocolClient.requestVote(GrpcServerProtocolClient.java:83)
	at org.apache.ratis.grpc.server.GrpcService.requestVote(GrpcService.java:195)
	at org.apache.ratis.server.impl.LeaderElection.lambda$submitRequests$1(LeaderElection.java:237)
	at java.util.concurrent.FutureTask.run(FutureTask.java:266)
	at java.util.concurrent.Executors$RunnableAdapter.call(Executors.java:511)
	at java.util.concurrent.FutureTask.run(FutureTask.java:266)
	at java.util.concurrent.ThreadPoolExecutor.runWorker(ThreadPoolExecutor.java:1149)
	at java.util.concurrent.ThreadPoolExecutor$Worker.run(ThreadPoolExecutor.java:624)
	... 1 more
Caused by: org.apache.ratis.thirdparty.io.netty.channel.AbstractChannel$AnnotatedConnectException: Connection refused: /192.168.5.191:36134
	at sun.nio.ch.SocketChannelImpl.checkConnect(Native Method)
	at sun.nio.ch.SocketChannelImpl.finishConnect(SocketChannelImpl.java:717)
	at org.apache.ratis.thirdparty.io.netty.channel.socket.nio.NioSocketChannel.doFinishConnect(NioSocketChannel.java:327)
	at org.apache.ratis.thirdparty.io.netty.channel.nio.AbstractNioChannel$AbstractNioUnsafe.finishConnect(AbstractNioChannel.java:340)
	at org.apache.ratis.thirdparty.io.netty.channel.nio.NioEventLoop.processSelectedKey(NioEventLoop.java:632)
	at org.apache.ratis.thirdparty.io.netty.channel.nio.NioEventLoop.processSelectedKeysOptimized(NioEventLoop.java:579)
	at org.apache.ratis.thirdparty.io.netty.channel.nio.NioEventLoop.processSelectedKeys(NioEventLoop.java:496)
	at org.apache.ratis.thirdparty.io.netty.channel.nio.NioEventLoop.run(NioEventLoop.java:458)
	at org.apache.ratis.thirdparty.io.netty.util.concurrent.SingleThreadEventExecutor$5.run(SingleThreadEventExecutor.java:897)
	at org.apache.ratis.thirdparty.io.netty.util.concurrent.FastThreadLocalRunnable.run(FastThreadLocalRunnable.java:30)
	... 1 more
Caused by: java.net.ConnectException: Connection refused
	... 11 more
2019-07-14 08:37:59,607 INFO  impl.LeaderElection (LeaderElection.java:logAndReturn(56)) - c8330a54-7443-462b-8726-431bec4162e5:group-EC2B45E8A387:LeaderElection78: Election REJECTED; received 0 response(s) [] and 2 exception(s); c8330a54-7443-462b-8726-431bec4162e5:t2, leader=null, voted=c8330a54-7443-462b-8726-431bec4162e5, raftlog=c8330a54-7443-462b-8726-431bec4162e5-SegmentedRaftLog:OPENED:c16,f16,i16, conf=0: [c8330a54-7443-462b-8726-431bec4162e5:192.168.5.191:46484, 9bd95888-5333-4516-99f7-a7e03f6f5c6c:192.168.5.191:36134, dbacfa91-0a3d-4e21-95bd-79a50c69b681:192.168.5.191:45739], old=null
2019-07-14 08:37:59,608 INFO  impl.LeaderElection (LogUtils.java:infoOrTrace(149)) -   Exception 0: {}
java.util.concurrent.ExecutionException: org.apache.ratis.thirdparty.io.grpc.StatusRuntimeException: UNAVAILABLE: io exception
	at java.util.concurrent.FutureTask.report(FutureTask.java:122)
	at java.util.concurrent.FutureTask.get(FutureTask.java:192)
	at org.apache.ratis.server.impl.LeaderElection.waitForResults(LeaderElection.java:262)
	at org.apache.ratis.server.impl.LeaderElection.askForVotes(LeaderElection.java:200)
	at org.apache.ratis.server.impl.LeaderElection.run(LeaderElection.java:130)
	at java.lang.Thread.run(Thread.java:748)
Caused by: org.apache.ratis.thirdparty.io.grpc.StatusRuntimeException: UNAVAILABLE: io exception
	at org.apache.ratis.thirdparty.io.grpc.stub.ClientCalls.toStatusRuntimeException(ClientCalls.java:233)
	at org.apache.ratis.thirdparty.io.grpc.stub.ClientCalls.getUnchecked(ClientCalls.java:214)
	at org.apache.ratis.thirdparty.io.grpc.stub.ClientCalls.blockingUnaryCall(ClientCalls.java:139)
	at org.apache.ratis.proto.grpc.RaftServerProtocolServiceGrpc$RaftServerProtocolServiceBlockingStub.requestVote(RaftServerProtocolServiceGrpc.java:265)
	at org.apache.ratis.grpc.server.GrpcServerProtocolClient.requestVote(GrpcServerProtocolClient.java:83)
	at org.apache.ratis.grpc.server.GrpcService.requestVote(GrpcService.java:195)
	at org.apache.ratis.server.impl.LeaderElection.lambda$submitRequests$1(LeaderElection.java:237)
	at java.util.concurrent.FutureTask.run(FutureTask.java:266)
	at java.util.concurrent.Executors$RunnableAdapter.call(Executors.java:511)
	at java.util.concurrent.FutureTask.run(FutureTask.java:266)
	at java.util.concurrent.ThreadPoolExecutor.runWorker(ThreadPoolExecutor.java:1149)
	at java.util.concurrent.ThreadPoolExecutor$Worker.run(ThreadPoolExecutor.java:624)
	... 1 more
Caused by: org.apache.ratis.thirdparty.io.netty.channel.AbstractChannel$AnnotatedConnectException: Connection refused: /192.168.5.191:45739
	at sun.nio.ch.SocketChannelImpl.checkConnect(Native Method)
	at sun.nio.ch.SocketChannelImpl.finishConnect(SocketChannelImpl.java:717)
	at org.apache.ratis.thirdparty.io.netty.channel.socket.nio.NioSocketChannel.doFinishConnect(NioSocketChannel.java:327)
	at org.apache.ratis.thirdparty.io.netty.channel.nio.AbstractNioChannel$AbstractNioUnsafe.finishConnect(AbstractNioChannel.java:340)
	at org.apache.ratis.thirdparty.io.netty.channel.nio.NioEventLoop.processSelectedKey(NioEventLoop.java:632)
	at org.apache.ratis.thirdparty.io.netty.channel.nio.NioEventLoop.processSelectedKeysOptimized(NioEventLoop.java:579)
	at org.apache.ratis.thirdparty.io.netty.channel.nio.NioEventLoop.processSelectedKeys(NioEventLoop.java:496)
	at org.apache.ratis.thirdparty.io.netty.channel.nio.NioEventLoop.run(NioEventLoop.java:458)
	at org.apache.ratis.thirdparty.io.netty.util.concurrent.SingleThreadEventExecutor$5.run(SingleThreadEventExecutor.java:897)
	at org.apache.ratis.thirdparty.io.netty.util.concurrent.FastThreadLocalRunnable.run(FastThreadLocalRunnable.java:30)
	... 1 more
Caused by: java.net.ConnectException: Connection refused
	... 11 more
2019-07-14 08:37:59,608 INFO  impl.LeaderElection (LogUtils.java:infoOrTrace(149)) -   Exception 1: {}
java.util.concurrent.ExecutionException: org.apache.ratis.thirdparty.io.grpc.StatusRuntimeException: UNAVAILABLE: io exception
	at java.util.concurrent.FutureTask.report(FutureTask.java:122)
	at java.util.concurrent.FutureTask.get(FutureTask.java:192)
	at org.apache.ratis.server.impl.LeaderElection.waitForResults(LeaderElection.java:262)
	at org.apache.ratis.server.impl.LeaderElection.askForVotes(LeaderElection.java:200)
	at org.apache.ratis.server.impl.LeaderElection.run(LeaderElection.java:130)
	at java.lang.Thread.run(Thread.java:748)
Caused by: org.apache.ratis.thirdparty.io.grpc.StatusRuntimeException: UNAVAILABLE: io exception
	at org.apache.ratis.thirdparty.io.grpc.stub.ClientCalls.toStatusRuntimeException(ClientCalls.java:233)
	at org.apache.ratis.thirdparty.io.grpc.stub.ClientCalls.getUnchecked(ClientCalls.java:214)
	at org.apache.ratis.thirdparty.io.grpc.stub.ClientCalls.blockingUnaryCall(ClientCalls.java:139)
	at org.apache.ratis.proto.grpc.RaftServerProtocolServiceGrpc$RaftServerProtocolServiceBlockingStub.requestVote(RaftServerProtocolServiceGrpc.java:265)
	at org.apache.ratis.grpc.server.GrpcServerProtocolClient.requestVote(GrpcServerProtocolClient.java:83)
	at org.apache.ratis.grpc.server.GrpcService.requestVote(GrpcService.java:195)
	at org.apache.ratis.server.impl.LeaderElection.lambda$submitRequests$1(LeaderElection.java:237)
	at java.util.concurrent.FutureTask.run(FutureTask.java:266)
	at java.util.concurrent.Executors$RunnableAdapter.call(Executors.java:511)
	at java.util.concurrent.FutureTask.run(FutureTask.java:266)
	at java.util.concurrent.ThreadPoolExecutor.runWorker(ThreadPoolExecutor.java:1149)
	at java.util.concurrent.ThreadPoolExecutor$Worker.run(ThreadPoolExecutor.java:624)
	... 1 more
Caused by: org.apache.ratis.thirdparty.io.netty.channel.AbstractChannel$AnnotatedConnectException: Connection refused: /192.168.5.191:36134
	at sun.nio.ch.SocketChannelImpl.checkConnect(Native Method)
	at sun.nio.ch.SocketChannelImpl.finishConnect(SocketChannelImpl.java:717)
	at org.apache.ratis.thirdparty.io.netty.channel.socket.nio.NioSocketChannel.doFinishConnect(NioSocketChannel.java:327)
	at org.apache.ratis.thirdparty.io.netty.channel.nio.AbstractNioChannel$AbstractNioUnsafe.finishConnect(AbstractNioChannel.java:340)
	at org.apache.ratis.thirdparty.io.netty.channel.nio.NioEventLoop.processSelectedKey(NioEventLoop.java:632)
	at org.apache.ratis.thirdparty.io.netty.channel.nio.NioEventLoop.processSelectedKeysOptimized(NioEventLoop.java:579)
	at org.apache.ratis.thirdparty.io.netty.channel.nio.NioEventLoop.processSelectedKeys(NioEventLoop.java:496)
	at org.apache.ratis.thirdparty.io.netty.channel.nio.NioEventLoop.run(NioEventLoop.java:458)
	at org.apache.ratis.thirdparty.io.netty.util.concurrent.SingleThreadEventExecutor$5.run(SingleThreadEventExecutor.java:897)
	at org.apache.ratis.thirdparty.io.netty.util.concurrent.FastThreadLocalRunnable.run(FastThreadLocalRunnable.java:30)
	... 1 more
Caused by: java.net.ConnectException: Connection refused
	... 11 more
2019-07-14 08:37:59,608 INFO  impl.RaftServerImpl (RaftServerImpl.java:setRole(171)) - c8330a54-7443-462b-8726-431bec4162e5:group-EC2B45E8A387 changes role from CANDIDATE to FOLLOWER at term 2 for DISCOVERED_A_NEW_TERM
2019-07-14 08:37:59,608 INFO  impl.RoleInfo (RoleInfo.java:shutdownLeaderElection(134)) - c8330a54-7443-462b-8726-431bec4162e5: shutdown LeaderElection
2019-07-14 08:37:59,608 INFO  impl.RoleInfo (RoleInfo.java:updateAndGet(143)) - c8330a54-7443-462b-8726-431bec4162e5: start FollowerState
2019-07-14 08:37:59,833 INFO  node.StaleNodeHandler (StaleNodeHandler.java:onMessage(58)) - Datanode c8330a54-7443-462b-8726-431bec4162e5{ip: 192.168.5.191, host: trunk-nightly-5z2vd-27108033, networkLocation: /default-rack, certSerialId: null} moved to stale state. Finalizing its pipelines [PipelineID=8abfb239-3fed-4ecb-9005-b267a8fcf71e, PipelineID=fedcd1f1-a831-45a5-9e7d-ec2b45e8a387]
2019-07-14 08:37:59,833 INFO  pipeline.SCMPipelineManager (SCMPipelineManager.java:finalizeAndDestroyPipeline(309)) - destroying pipeline:Pipeline[ Id: 8abfb239-3fed-4ecb-9005-b267a8fcf71e, Nodes: c8330a54-7443-462b-8726-431bec4162e5{ip: 192.168.5.191, host: trunk-nightly-5z2vd-27108033, networkLocation: /default-rack, certSerialId: null}, Type:RATIS, Factor:ONE, State:OPEN]
2019-07-14 08:37:59,833 INFO  pipeline.PipelineStateManager (PipelineStateManager.java:finalizePipeline(123)) - Pipeline Pipeline[ Id: 8abfb239-3fed-4ecb-9005-b267a8fcf71e, Nodes: c8330a54-7443-462b-8726-431bec4162e5{ip: 192.168.5.191, host: trunk-nightly-5z2vd-27108033, networkLocation: /default-rack, certSerialId: null}, Type:RATIS, Factor:ONE, State:CLOSED] moved to CLOSED state
2019-07-14 08:37:59,834 INFO  pipeline.SCMPipelineManager (SCMPipelineManager.java:finalizeAndDestroyPipeline(309)) - destroying pipeline:Pipeline[ Id: fedcd1f1-a831-45a5-9e7d-ec2b45e8a387, Nodes: 9bd95888-5333-4516-99f7-a7e03f6f5c6c{ip: 192.168.5.191, host: trunk-nightly-5z2vd-27108033, networkLocation: /default-rack, certSerialId: null}dbacfa91-0a3d-4e21-95bd-79a50c69b681{ip: 192.168.5.191, host: trunk-nightly-5z2vd-27108033, networkLocation: /default-rack, certSerialId: null}c8330a54-7443-462b-8726-431bec4162e5{ip: 192.168.5.191, host: trunk-nightly-5z2vd-27108033, networkLocation: /default-rack, certSerialId: null}, Type:RATIS, Factor:THREE, State:CLOSED]
2019-07-14 08:37:59,933 INFO  node.StaleNodeHandler (StaleNodeHandler.java:onMessage(58)) - Datanode 958c9f7a-a73e-4508-9d57-39dce6ef7cee{ip: 192.168.5.191, host: trunk-nightly-5z2vd-27108033, networkLocation: /default-rack, certSerialId: null} moved to stale state. Finalizing its pipelines [PipelineID=0c8461be-0ae1-4d56-962c-e7075607a732]
2019-07-14 08:37:59,933 INFO  pipeline.SCMPipelineManager (SCMPipelineManager.java:finalizeAndDestroyPipeline(309)) - destroying pipeline:Pipeline[ Id: 0c8461be-0ae1-4d56-962c-e7075607a732, Nodes: 958c9f7a-a73e-4508-9d57-39dce6ef7cee{ip: 192.168.5.191, host: trunk-nightly-5z2vd-27108033, networkLocation: /default-rack, certSerialId: null}, Type:RATIS, Factor:ONE, State:OPEN]
2019-07-14 08:37:59,933 INFO  pipeline.PipelineStateManager (PipelineStateManager.java:finalizePipeline(123)) - Pipeline Pipeline[ Id: 0c8461be-0ae1-4d56-962c-e7075607a732, Nodes: 958c9f7a-a73e-4508-9d57-39dce6ef7cee{ip: 192.168.5.191, host: trunk-nightly-5z2vd-27108033, networkLocation: /default-rack, certSerialId: null}, Type:RATIS, Factor:ONE, State:CLOSED] moved to CLOSED state
2019-07-14 08:38:00,080 INFO  ozoneimpl.OzoneContainer (OzoneContainer.java:stop(199)) - Attempting to stop container services.
2019-07-14 08:38:00,080 INFO  impl.RaftServerProxy (RaftServerProxy.java:lambda$close$4(314)) - 958c9f7a-a73e-4508-9d57-39dce6ef7cee: close
2019-07-14 08:38:00,081 INFO  impl.RaftServerImpl (RaftServerImpl.java:lambda$shutdown$3(245)) - 958c9f7a-a73e-4508-9d57-39dce6ef7cee: shutdown group-E7075607A732
2019-07-14 08:38:00,081 INFO  util.JmxRegister (JmxRegister.java:unregister(73)) - Successfully un-registered JMX Bean with object name Ratis:service=RaftServer,group=group-E7075607A732,id=958c9f7a-a73e-4508-9d57-39dce6ef7cee
2019-07-14 08:38:00,081 INFO  impl.RoleInfo (RoleInfo.java:shutdownLeaderState(104)) - 958c9f7a-a73e-4508-9d57-39dce6ef7cee: shutdown LeaderState
2019-07-14 08:38:00,082 INFO  impl.PendingRequests (PendingRequests.java:sendNotLeaderResponses(202)) - 958c9f7a-a73e-4508-9d57-39dce6ef7cee-PendingRequests: sendNotLeaderResponses
2019-07-14 08:38:00,082 INFO  impl.StateMachineUpdater (StateMachineUpdater.java:stopAndJoin(115)) - StateMachineUpdater:958c9f7a-a73e-4508-9d57-39dce6ef7cee:group-E7075607A732: set stopIndex = 0
2019-07-14 08:38:00,082 INFO  ozoneimpl.OzoneContainer (OzoneContainer.java:stop(199)) - Attempting to stop container services.
2019-07-14 08:38:00,082 INFO  impl.RaftServerImpl (ServerState.java:close(394)) - 958c9f7a-a73e-4508-9d57-39dce6ef7cee:group-E7075607A732 closes. The last applied log index is 0
2019-07-14 08:38:00,083 INFO  impl.RaftServerProxy (RaftServerProxy.java:lambda$close$4(314)) - c8330a54-7443-462b-8726-431bec4162e5: close
2019-07-14 08:38:00,083 INFO  segmented.SegmentedRaftLogWorker (SegmentedRaftLogWorker.java:run(313)) - 958c9f7a-a73e-4508-9d57-39dce6ef7cee-SegmentedRaftLogWorker:Storage Directory /workdir/hadoop-ozone/integration-test/target/test-dir/MiniOzoneClusterImpl-f39735a2-5420-4441-a07d-002a9dc39afb/datanode-6/data/ratis/0c8461be-0ae1-4d56-962c-e7075607a732 was interrupted, exiting. There are 0 tasks remaining in the queue.
2019-07-14 08:38:00,084 INFO  impl.RaftServerImpl (RaftServerImpl.java:lambda$shutdown$3(245)) - c8330a54-7443-462b-8726-431bec4162e5: shutdown group-B267A8FCF71E
2019-07-14 08:38:00,086 INFO  segmented.SegmentedRaftLogWorker (SegmentedRaftLogWorker.java:close(228)) - 958c9f7a-a73e-4508-9d57-39dce6ef7cee-SegmentedRaftLogWorker:Storage Directory /workdir/hadoop-ozone/integration-test/target/test-dir/MiniOzoneClusterImpl-f39735a2-5420-4441-a07d-002a9dc39afb/datanode-6/data/ratis/0c8461be-0ae1-4d56-962c-e7075607a732 close()
2019-07-14 08:38:00,086 INFO  util.JmxRegister (JmxRegister.java:unregister(73)) - Successfully un-registered JMX Bean with object name Ratis:service=RaftServer,group=group-B267A8FCF71E,id=c8330a54-7443-462b-8726-431bec4162e5
2019-07-14 08:38:00,090 INFO  impl.RoleInfo (RoleInfo.java:shutdownLeaderState(104)) - c8330a54-7443-462b-8726-431bec4162e5: shutdown LeaderState
2019-07-14 08:38:00,089 INFO  server.GrpcService (GrpcService.java:closeImpl(155)) - 958c9f7a-a73e-4508-9d57-39dce6ef7cee: shutdown server with port 39898 now
2019-07-14 08:38:00,090 INFO  impl.PendingRequests (PendingRequests.java:sendNotLeaderResponses(202)) - c8330a54-7443-462b-8726-431bec4162e5-PendingRequests: sendNotLeaderResponses
2019-07-14 08:38:00,092 INFO  server.GrpcService (GrpcService.java:closeImpl(163)) - 958c9f7a-a73e-4508-9d57-39dce6ef7cee: shutdown server with port 39898 successfully
2019-07-14 08:38:00,092 INFO  impl.StateMachineUpdater (StateMachineUpdater.java:stopAndJoin(115)) - StateMachineUpdater:c8330a54-7443-462b-8726-431bec4162e5:group-B267A8FCF71E: set stopIndex = 0
2019-07-14 08:38:00,093 INFO  impl.RaftServerImpl (ServerState.java:close(394)) - c8330a54-7443-462b-8726-431bec4162e5:group-B267A8FCF71E closes. The last applied log index is 0
2019-07-14 08:38:00,093 INFO  segmented.SegmentedRaftLogWorker (SegmentedRaftLogWorker.java:run(313)) - c8330a54-7443-462b-8726-431bec4162e5-SegmentedRaftLogWorker:Storage Directory /workdir/hadoop-ozone/integration-test/target/test-dir/MiniOzoneClusterImpl-f39735a2-5420-4441-a07d-002a9dc39afb/datanode-5/data/ratis/8abfb239-3fed-4ecb-9005-b267a8fcf71e was interrupted, exiting. There are 0 tasks remaining in the queue.
2019-07-14 08:38:00,100 INFO  segmented.SegmentedRaftLogWorker (SegmentedRaftLogWorker.java:close(228)) - c8330a54-7443-462b-8726-431bec4162e5-SegmentedRaftLogWorker:Storage Directory /workdir/hadoop-ozone/integration-test/target/test-dir/MiniOzoneClusterImpl-f39735a2-5420-4441-a07d-002a9dc39afb/datanode-5/data/ratis/8abfb239-3fed-4ecb-9005-b267a8fcf71e close()
2019-07-14 08:38:00,100 INFO  utils.BackgroundService (BackgroundService.java:shutdown(148)) - Shutting down service BlockDeletingService
2019-07-14 08:38:00,102 INFO  impl.RaftServerImpl (RaftServerImpl.java:lambda$shutdown$3(245)) - c8330a54-7443-462b-8726-431bec4162e5: shutdown group-EC2B45E8A387
2019-07-14 08:38:00,103 INFO  util.JmxRegister (JmxRegister.java:unregister(73)) - Successfully un-registered JMX Bean with object name Ratis:service=RaftServer,group=group-EC2B45E8A387,id=c8330a54-7443-462b-8726-431bec4162e5
2019-07-14 08:38:00,104 INFO  impl.RoleInfo (RoleInfo.java:shutdownFollowerState(121)) - c8330a54-7443-462b-8726-431bec4162e5: shutdown FollowerState
2019-07-14 08:38:00,104 INFO  impl.StateMachineUpdater (StateMachineUpdater.java:stopAndJoin(115)) - StateMachineUpdater:c8330a54-7443-462b-8726-431bec4162e5:group-EC2B45E8A387: set stopIndex = 16
2019-07-14 08:38:00,105 INFO  impl.FollowerState (FollowerState.java:run(114)) - c8330a54-7443-462b-8726-431bec4162e5: FollowerState was interrupted: java.lang.InterruptedException: sleep interrupted
2019-07-14 08:38:00,105 INFO  ratis.ContainerStateMachine (ContainerStateMachine.java:takeSnapshot(249)) - group-EC2B45E8A387: Taking a snapshot at:(t:1, i:14) file /workdir/hadoop-ozone/integration-test/target/test-dir/MiniOzoneClusterImpl-f39735a2-5420-4441-a07d-002a9dc39afb/datanode-5/data/ratis/fedcd1f1-a831-45a5-9e7d-ec2b45e8a387/sm/snapshot.1_14
2019-07-14 08:38:00,107 WARN  fs.CachingGetSpaceUsed (CachingGetSpaceUsed.java:run(183)) - Thread Interrupted waiting to refresh disk information: sleep interrupted
2019-07-14 08:38:00,108 INFO  ratis.ContainerStateMachine (ContainerStateMachine.java:takeSnapshot(257)) - group-EC2B45E8A387: Finished taking a snapshot at:(t:1, i:14) file:/workdir/hadoop-ozone/integration-test/target/test-dir/MiniOzoneClusterImpl-f39735a2-5420-4441-a07d-002a9dc39afb/datanode-5/data/ratis/fedcd1f1-a831-45a5-9e7d-ec2b45e8a387/sm/snapshot.1_14 time:4
2019-07-14 08:38:00,108 INFO  impl.StateMachineUpdater (StateMachineUpdater.java:takeSnapshot(242)) - StateMachineUpdater:c8330a54-7443-462b-8726-431bec4162e5:group-EC2B45E8A387: Took a snapshot at index 14
2019-07-14 08:38:00,108 INFO  impl.StateMachineUpdater (StateMachineUpdater.java:lambda$new$0(80)) - StateMachineUpdater:c8330a54-7443-462b-8726-431bec4162e5:group-EC2B45E8A387: snapshotIndex: updateIncreasingly -1 -> 14
2019-07-14 08:38:00,109 INFO  impl.RaftServerImpl (ServerState.java:close(394)) - c8330a54-7443-462b-8726-431bec4162e5:group-EC2B45E8A387 closes. The last applied log index is 16
2019-07-14 08:38:00,109 INFO  segmented.SegmentedRaftLogWorker (SegmentedRaftLogWorker.java:run(313)) - c8330a54-7443-462b-8726-431bec4162e5-SegmentedRaftLogWorker:Storage Directory /workdir/hadoop-ozone/integration-test/target/test-dir/MiniOzoneClusterImpl-f39735a2-5420-4441-a07d-002a9dc39afb/datanode-5/data/ratis/fedcd1f1-a831-45a5-9e7d-ec2b45e8a387 was interrupted, exiting. There are 0 tasks remaining in the queue.
2019-07-14 08:38:00,110 INFO  segmented.SegmentedRaftLogWorker (SegmentedRaftLogWorker.java:close(228)) - c8330a54-7443-462b-8726-431bec4162e5-SegmentedRaftLogWorker:Storage Directory /workdir/hadoop-ozone/integration-test/target/test-dir/MiniOzoneClusterImpl-f39735a2-5420-4441-a07d-002a9dc39afb/datanode-5/data/ratis/fedcd1f1-a831-45a5-9e7d-ec2b45e8a387 close()
2019-07-14 08:38:00,111 INFO  server.GrpcService (GrpcService.java:closeImpl(155)) - c8330a54-7443-462b-8726-431bec4162e5: shutdown server with port 46484 now
2019-07-14 08:38:00,112 INFO  server.GrpcService (GrpcService.java:closeImpl(163)) - c8330a54-7443-462b-8726-431bec4162e5: shutdown server with port 46484 successfully
2019-07-14 08:38:00,114 INFO  utils.BackgroundService (BackgroundService.java:shutdown(148)) - Shutting down service BlockDeletingService
2019-07-14 08:38:00,118 WARN  fs.CachingGetSpaceUsed (CachingGetSpaceUsed.java:run(183)) - Thread Interrupted waiting to refresh disk information: sleep interrupted
2019-07-14 08:38:00,125 INFO  statemachine.DatanodeStateMachine (DatanodeStateMachine.java:stopDaemon(395)) - Ozone container server stopped.
2019-07-14 08:38:00,129 INFO  handler.ContextHandler (ContextHandler.java:doStop(910)) - Stopped o.e.j.w.WebAppContext@14144cc9{/,null,UNAVAILABLE}{/hddsDatanode}
2019-07-14 08:38:00,131 INFO  server.AbstractConnector (AbstractConnector.java:doStop(318)) - Stopped ServerConnector@259647f2{HTTP/1.1,[http/1.1]}{0.0.0.0:0}
2019-07-14 08:38:00,135 INFO  handler.ContextHandler (ContextHandler.java:doStop(910)) - Stopped o.e.j.s.ServletContextHandler@22a89db{/static,jar:file:/home/user/.m2/repository/org/apache/hadoop/hadoop-hdds-container-service/0.5.0-SNAPSHOT/hadoop-hdds-container-service-0.5.0-SNAPSHOT.jar!/webapps/static,UNAVAILABLE}
2019-07-14 08:38:00,136 INFO  handler.ContextHandler (ContextHandler.java:doStop(910)) - Stopped o.e.j.s.ServletContextHandler@3a9a12a1{/logs,file:///workdir/hadoop-ozone/integration-test/target/log,UNAVAILABLE}
2019-07-14 08:38:00,146 INFO  statemachine.DatanodeStateMachine (DatanodeStateMachine.java:stopDaemon(395)) - Ozone container server stopped.
2019-07-14 08:38:00,147 INFO  handler.ContextHandler (ContextHandler.java:doStop(910)) - Stopped o.e.j.w.WebAppContext@56d4481f{/,null,UNAVAILABLE}{/hddsDatanode}
2019-07-14 08:38:00,147 INFO  server.AbstractConnector (AbstractConnector.java:doStop(318)) - Stopped ServerConnector@625430f8{HTTP/1.1,[http/1.1]}{0.0.0.0:0}
2019-07-14 08:38:00,148 INFO  handler.ContextHandler (ContextHandler.java:doStop(910)) - Stopped o.e.j.s.ServletContextHandler@14e8304b{/static,jar:file:/home/user/.m2/repository/org/apache/hadoop/hadoop-hdds-container-service/0.5.0-SNAPSHOT/hadoop-hdds-container-service-0.5.0-SNAPSHOT.jar!/webapps/static,UNAVAILABLE}
2019-07-14 08:38:00,148 INFO  handler.ContextHandler (ContextHandler.java:doStop(910)) - Stopped o.e.j.s.ServletContextHandler@13a35d3b{/logs,file:///workdir/hadoop-ozone/integration-test/target/log,UNAVAILABLE}
2019-07-14 08:38:00,149 INFO  ozone.MiniOzoneClusterImpl (MiniOzoneClusterImpl.java:stop(353)) - Stopping the StorageContainerManager
2019-07-14 08:38:00,150 INFO  server.StorageContainerManager (StorageContainerManager.java:stop(796)) - Stopping Replication Manager Service.
2019-07-14 08:38:00,150 INFO  container.ReplicationManager (ReplicationManager.java:stop(187)) - Stopping Replication Monitor Thread.
2019-07-14 08:38:00,150 INFO  server.StorageContainerManager (StorageContainerManager.java:stop(803)) - Stopping Lease Manager of the command watchers
2019-07-14 08:38:00,150 INFO  server.StorageContainerManager (StorageContainerManager.java:stop(810)) - Stopping datanode service RPC server
2019-07-14 08:38:00,150 INFO  server.SCMDatanodeProtocolServer (SCMDatanodeProtocolServer.java:stop(375)) - Stopping the RPC server for DataNodes
2019-07-14 08:38:00,151 INFO  ipc.Server (Server.java:stop(3082)) - Stopping server on 44914
2019-07-14 08:38:00,154 INFO  ipc.Server (Server.java:run(1185)) - Stopping IPC Server listener on 44914
2019-07-14 08:38:00,154 INFO  ipc.Server (Server.java:run(1319)) - Stopping IPC Server Responder
2019-07-14 08:38:00,235 WARN  node.NodeStateManager (NodeStateManager.java:scheduleNextHealthCheck(631)) - Current Thread is interrupted, shutting down HB processing thread for Node Manager.
2019-07-14 08:38:00,236 INFO  server.StorageContainerManager (StorageContainerManager.java:stop(818)) - Stopping block service RPC server
2019-07-14 08:38:00,236 INFO  server.SCMBlockProtocolServer (SCMBlockProtocolServer.java:stop(148)) - Stopping the RPC server for Block Protocol
2019-07-14 08:38:00,236 INFO  ipc.Server (Server.java:stop(3082)) - Stopping server on 45912
2019-07-14 08:38:00,238 INFO  ipc.Server (Server.java:run(1185)) - Stopping IPC Server listener on 45912
2019-07-14 08:38:00,238 INFO  server.StorageContainerManager (StorageContainerManager.java:stop(825)) - Stopping the StorageContainerLocationProtocol RPC server
2019-07-14 08:38:00,239 INFO  server.SCMClientProtocolServer (SCMClientProtocolServer.java:stop(157)) - Stopping the RPC server for Client Protocol
2019-07-14 08:38:00,239 INFO  ipc.Server (Server.java:run(1319)) - Stopping IPC Server Responder
2019-07-14 08:38:00,239 INFO  ipc.Server (Server.java:stop(3082)) - Stopping server on 33390
2019-07-14 08:38:00,242 INFO  ipc.Server (Server.java:run(1185)) - Stopping IPC Server listener on 33390
2019-07-14 08:38:00,242 INFO  server.StorageContainerManager (StorageContainerManager.java:stop(832)) - Stopping Storage Container Manager HTTP server.
2019-07-14 08:38:00,242 INFO  ipc.Server (Server.java:run(1319)) - Stopping IPC Server Responder
2019-07-14 08:38:00,243 INFO  handler.ContextHandler (ContextHandler.java:doStop(910)) - Stopped o.e.j.w.WebAppContext@1e834a5b{/,null,UNAVAILABLE}{/scm}
2019-07-14 08:38:00,243 INFO  server.AbstractConnector (AbstractConnector.java:doStop(318)) - Stopped ServerConnector@7fda84cf{HTTP/1.1,[http/1.1]}{0.0.0.0:0}
2019-07-14 08:38:00,244 INFO  handler.ContextHandler (ContextHandler.java:doStop(910)) - Stopped o.e.j.s.ServletContextHandler@7aa62a90{/static,file:///workdir/hadoop-ozone/integration-test/target/test-classes/webapps/static,UNAVAILABLE}
2019-07-14 08:38:00,244 INFO  handler.ContextHandler (ContextHandler.java:doStop(910)) - Stopped o.e.j.s.ServletContextHandler@4f466207{/logs,file:///workdir/hadoop-ozone/integration-test/target/log,UNAVAILABLE}
2019-07-14 08:38:00,245 INFO  server.StorageContainerManager (StorageContainerManager.java:stop(843)) - Stopping Block Manager Service.
2019-07-14 08:38:00,246 INFO  utils.BackgroundService (BackgroundService.java:shutdown(148)) - Shutting down service SCMBlockDeletingService
2019-07-14 08:38:00,246 INFO  utils.BackgroundService (BackgroundService.java:shutdown(148)) - Shutting down service SCMBlockDeletingService
2019-07-14 08:38:00,246 INFO  server.StorageContainerManager (StorageContainerManager.java:stop(865)) - Stopping SCM Event Queue.
2019-07-14 08:38:00,251 INFO  impl.MetricsSystemImpl (MetricsSystemImpl.java:stop(210)) - Stopping HddsDatanode metrics system...
2019-07-14 08:38:00,261 INFO  impl.MetricsSystemImpl (MetricsSystemImpl.java:stop(216)) - HddsDatanode metrics system stopped.
]]></system-out>
    <system-err><![CDATA[Jul 14, 2019 8:37:13 AM com.sun.jersey.server.impl.application.WebApplicationImpl _initiate
INFO: Initiating Jersey application, version 'Jersey: 1.19 02/11/2015 03:25 AM'
Jul 14, 2019 8:37:13 AM com.sun.jersey.server.impl.application.WebApplicationImpl _initiate
INFO: Initiating Jersey application, version 'Jersey: 1.19 02/11/2015 03:25 AM'
Jul 14, 2019 8:37:13 AM com.sun.jersey.server.impl.application.WebApplicationImpl _initiate
INFO: Initiating Jersey application, version 'Jersey: 1.19 02/11/2015 03:25 AM'
Jul 14, 2019 8:37:14 AM com.sun.jersey.server.impl.application.WebApplicationImpl _initiate
INFO: Initiating Jersey application, version 'Jersey: 1.19 02/11/2015 03:25 AM'
Jul 14, 2019 8:37:14 AM com.sun.jersey.server.impl.application.WebApplicationImpl _initiate
INFO: Initiating Jersey application, version 'Jersey: 1.19 02/11/2015 03:25 AM'
Jul 14, 2019 8:37:14 AM com.sun.jersey.server.impl.application.WebApplicationImpl _initiate
INFO: Initiating Jersey application, version 'Jersey: 1.19 02/11/2015 03:25 AM'
Jul 14, 2019 8:37:14 AM com.sun.jersey.server.impl.application.WebApplicationImpl _initiate
INFO: Initiating Jersey application, version 'Jersey: 1.19 02/11/2015 03:25 AM'
Jul 14, 2019 8:37:17 AM org.apache.ratis.thirdparty.io.grpc.internal.ManagedChannelOrphanWrapper$ManagedChannelReference cleanQueue
SEVERE: *~*~*~ Channel ManagedChannelImpl{logId=2855, target=192.168.5.191:39583} was not shutdown properly!!! ~*~*~*
    Make sure to call shutdown()/shutdownNow() and wait until awaitTermination() returns true.
java.lang.RuntimeException: ManagedChannel allocation site
	at org.apache.ratis.thirdparty.io.grpc.internal.ManagedChannelOrphanWrapper$ManagedChannelReference.<init>(ManagedChannelOrphanWrapper.java:103)
	at org.apache.ratis.thirdparty.io.grpc.internal.ManagedChannelOrphanWrapper.<init>(ManagedChannelOrphanWrapper.java:53)
	at org.apache.ratis.thirdparty.io.grpc.internal.ManagedChannelOrphanWrapper.<init>(ManagedChannelOrphanWrapper.java:44)
	at org.apache.ratis.thirdparty.io.grpc.internal.AbstractManagedChannelImplBuilder.build(AbstractManagedChannelImplBuilder.java:411)
	at org.apache.ratis.grpc.client.GrpcClientProtocolClient.<init>(GrpcClientProtocolClient.java:119)
	at org.apache.ratis.grpc.client.GrpcClientRpc.lambda$new$0(GrpcClientRpc.java:55)
	at org.apache.ratis.util.PeerProxyMap$PeerAndProxy.lambda$getProxy$0(PeerProxyMap.java:61)
	at org.apache.ratis.util.LifeCycle.startAndTransition(LifeCycle.java:202)
	at org.apache.ratis.util.PeerProxyMap$PeerAndProxy.getProxy(PeerProxyMap.java:60)
	at org.apache.ratis.util.PeerProxyMap.getProxy(PeerProxyMap.java:107)
	at org.apache.ratis.grpc.client.GrpcClientRpc.sendRequestAsync(GrpcClientRpc.java:66)
	at org.apache.ratis.client.impl.OrderedAsync.sendRequest(OrderedAsync.java:208)
	at org.apache.ratis.client.impl.OrderedAsync.sendRequestWithRetry(OrderedAsync.java:169)
	at org.apache.ratis.util.SlidingWindow$Client.sendOrDelayRequest(SlidingWindow.java:278)
	at org.apache.ratis.util.SlidingWindow$Client.submitNewRequest(SlidingWindow.java:257)
	at org.apache.ratis.client.impl.OrderedAsync.send(OrderedAsync.java:155)
	at org.apache.ratis.client.impl.RaftClientImpl.sendAsync(RaftClientImpl.java:145)
	at org.apache.ratis.client.impl.RaftClientImpl.sendAsync(RaftClientImpl.java:125)
	at org.apache.hadoop.hdds.scm.XceiverClientRatis.sendRequestAsync(XceiverClientRatis.java:224)
	at org.apache.hadoop.hdds.scm.XceiverClientRatis.sendCommandAsync(XceiverClientRatis.java:302)
	at org.apache.hadoop.hdds.scm.storage.ContainerProtocolCalls.writeChunkAsync(ContainerProtocolCalls.java:310)
	at org.apache.hadoop.hdds.scm.storage.BlockOutputStream.writeChunkToContainer(BlockOutputStream.java:610)
	at org.apache.hadoop.hdds.scm.storage.BlockOutputStream.writeChunk(BlockOutputStream.java:467)
	at org.apache.hadoop.hdds.scm.storage.BlockOutputStream.writeOnRetry(BlockOutputStream.java:293)
	at org.apache.hadoop.ozone.client.io.BlockOutputStreamEntry.writeOnRetry(BlockOutputStreamEntry.java:200)
	at org.apache.hadoop.ozone.client.io.KeyOutputStream.handleWrite(KeyOutputStream.java:209)
	at org.apache.hadoop.ozone.client.io.KeyOutputStream.handleRetry(KeyOutputStream.java:376)
	at org.apache.hadoop.ozone.client.io.KeyOutputStream.handleException(KeyOutputStream.java:325)
	at org.apache.hadoop.ozone.client.io.KeyOutputStream.handleFlushOrClose(KeyOutputStream.java:448)
	at org.apache.hadoop.ozone.client.io.KeyOutputStream.handleWrite(KeyOutputStream.java:235)
	at org.apache.hadoop.ozone.client.io.KeyOutputStream.write(KeyOutputStream.java:193)
	at org.apache.hadoop.ozone.client.io.OzoneOutputStream.write(OzoneOutputStream.java:49)
	at java.io.OutputStream.write(OutputStream.java:75)
	at org.apache.hadoop.ozone.client.rpc.TestBlockOutputStreamWithFailures.testWatchForCommitWithSingleNodeRatis(TestBlockOutputStreamWithFailures.java:881)
	at sun.reflect.NativeMethodAccessorImpl.invoke0(Native Method)
	at sun.reflect.NativeMethodAccessorImpl.invoke(NativeMethodAccessorImpl.java:62)
	at sun.reflect.DelegatingMethodAccessorImpl.invoke(DelegatingMethodAccessorImpl.java:43)
	at java.lang.reflect.Method.invoke(Method.java:498)
	at org.junit.runners.model.FrameworkMethod$1.runReflectiveCall(FrameworkMethod.java:47)
	at org.junit.internal.runners.model.ReflectiveCallable.run(ReflectiveCallable.java:12)
	at org.junit.runners.model.FrameworkMethod.invokeExplosively(FrameworkMethod.java:44)
	at org.junit.internal.runners.statements.InvokeMethod.evaluate(InvokeMethod.java:17)
	at org.junit.internal.runners.statements.RunBefores.evaluate(RunBefores.java:26)
	at org.junit.internal.runners.statements.RunAfters.evaluate(RunAfters.java:27)
	at org.junit.runners.ParentRunner.runLeaf(ParentRunner.java:271)
	at org.junit.runners.BlockJUnit4ClassRunner.runChild(BlockJUnit4ClassRunner.java:70)
	at org.junit.runners.BlockJUnit4ClassRunner.runChild(BlockJUnit4ClassRunner.java:50)
	at org.junit.runners.ParentRunner$3.run(ParentRunner.java:238)
	at org.junit.runners.ParentRunner$1.schedule(ParentRunner.java:63)
	at org.junit.runners.ParentRunner.runChildren(ParentRunner.java:236)
	at org.junit.runners.ParentRunner.access$000(ParentRunner.java:53)
	at org.junit.runners.ParentRunner$2.evaluate(ParentRunner.java:229)
	at org.junit.runners.ParentRunner.run(ParentRunner.java:309)
	at org.apache.maven.surefire.junit4.JUnit4Provider.execute(JUnit4Provider.java:365)
	at org.apache.maven.surefire.junit4.JUnit4Provider.executeWithRerun(JUnit4Provider.java:273)
	at org.apache.maven.surefire.junit4.JUnit4Provider.executeTestSet(JUnit4Provider.java:238)
	at org.apache.maven.surefire.junit4.JUnit4Provider.invoke(JUnit4Provider.java:159)
	at org.apache.maven.surefire.booter.ForkedBooter.invokeProviderInSameClassLoader(ForkedBooter.java:384)
	at org.apache.maven.surefire.booter.ForkedBooter.runSuitesInProcess(ForkedBooter.java:345)
	at org.apache.maven.surefire.booter.ForkedBooter.execute(ForkedBooter.java:126)
	at org.apache.maven.surefire.booter.ForkedBooter.main(ForkedBooter.java:418)

Jul 14, 2019 8:37:17 AM org.apache.ratis.thirdparty.io.grpc.internal.ManagedChannelOrphanWrapper$ManagedChannelReference cleanQueue
SEVERE: *~*~*~ Channel ManagedChannelImpl{logId=2850, target=192.168.5.191:36548} was not shutdown properly!!! ~*~*~*
    Make sure to call shutdown()/shutdownNow() and wait until awaitTermination() returns true.
java.lang.RuntimeException: ManagedChannel allocation site
	at org.apache.ratis.thirdparty.io.grpc.internal.ManagedChannelOrphanWrapper$ManagedChannelReference.<init>(ManagedChannelOrphanWrapper.java:103)
	at org.apache.ratis.thirdparty.io.grpc.internal.ManagedChannelOrphanWrapper.<init>(ManagedChannelOrphanWrapper.java:53)
	at org.apache.ratis.thirdparty.io.grpc.internal.ManagedChannelOrphanWrapper.<init>(ManagedChannelOrphanWrapper.java:44)
	at org.apache.ratis.thirdparty.io.grpc.internal.AbstractManagedChannelImplBuilder.build(AbstractManagedChannelImplBuilder.java:411)
	at org.apache.ratis.grpc.client.GrpcClientProtocolClient.<init>(GrpcClientProtocolClient.java:119)
	at org.apache.ratis.grpc.client.GrpcClientRpc.lambda$new$0(GrpcClientRpc.java:55)
	at org.apache.ratis.util.PeerProxyMap$PeerAndProxy.lambda$getProxy$0(PeerProxyMap.java:61)
	at org.apache.ratis.util.LifeCycle.startAndTransition(LifeCycle.java:202)
	at org.apache.ratis.util.PeerProxyMap$PeerAndProxy.getProxy(PeerProxyMap.java:60)
	at org.apache.ratis.util.PeerProxyMap.getProxy(PeerProxyMap.java:107)
	at org.apache.ratis.grpc.client.GrpcClientRpc.sendRequestAsync(GrpcClientRpc.java:66)
	at org.apache.ratis.client.impl.OrderedAsync.sendRequest(OrderedAsync.java:208)
	at org.apache.ratis.client.impl.OrderedAsync.sendRequestWithRetry(OrderedAsync.java:169)
	at org.apache.ratis.util.SlidingWindow$Client.sendOrDelayRequest(SlidingWindow.java:278)
	at org.apache.ratis.util.SlidingWindow$Client.retry(SlidingWindow.java:294)
	at org.apache.ratis.client.impl.OrderedAsync.lambda$scheduleWithTimeout$7(OrderedAsync.java:195)
	at org.apache.ratis.util.TimeoutScheduler.lambda$onTimeout$0(TimeoutScheduler.java:85)
	at org.apache.ratis.util.TimeoutScheduler.lambda$onTimeout$1(TimeoutScheduler.java:104)
	at org.apache.ratis.util.LogUtils.runAndLog(LogUtils.java:50)
	at org.apache.ratis.util.LogUtils$1.run(LogUtils.java:91)
	at java.util.concurrent.Executors$RunnableAdapter.call(Executors.java:511)
	at java.util.concurrent.FutureTask.run(FutureTask.java:266)
	at java.util.concurrent.ScheduledThreadPoolExecutor$ScheduledFutureTask.access$201(ScheduledThreadPoolExecutor.java:180)
	at java.util.concurrent.ScheduledThreadPoolExecutor$ScheduledFutureTask.run(ScheduledThreadPoolExecutor.java:293)
	at java.util.concurrent.ThreadPoolExecutor.runWorker(ThreadPoolExecutor.java:1149)
	at java.util.concurrent.ThreadPoolExecutor$Worker.run(ThreadPoolExecutor.java:624)
	at java.lang.Thread.run(Thread.java:748)

]]></system-err>
  </testcase>
  <testcase name="testFailureWithPrimeSizedData" classname="org.apache.hadoop.ozone.client.rpc.TestBlockOutputStreamWithFailures" time="33.98">
    <error type="java.lang.IllegalArgumentException">java.lang.IllegalArgumentException
	at com.google.common.base.Preconditions.checkArgument(Preconditions.java:72)
	at org.apache.hadoop.hdds.scm.XceiverClientManager.acquireClient(XceiverClientManager.java:150)
	at org.apache.hadoop.hdds.scm.XceiverClientManager.acquireClientForReadData(XceiverClientManager.java:143)
	at org.apache.hadoop.hdds.scm.storage.BlockInputStream.getChunkInfos(BlockInputStream.java:154)
	at org.apache.hadoop.hdds.scm.storage.BlockInputStream.initialize(BlockInputStream.java:118)
	at org.apache.hadoop.hdds.scm.storage.BlockInputStream.read(BlockInputStream.java:222)
	at org.apache.hadoop.ozone.client.io.KeyInputStream.read(KeyInputStream.java:171)
	at org.apache.hadoop.ozone.client.io.OzoneInputStream.read(OzoneInputStream.java:47)
	at java.io.InputStream.read(InputStream.java:101)
	at org.apache.hadoop.ozone.container.ContainerTestHelper.validateData(ContainerTestHelper.java:709)
	at org.apache.hadoop.ozone.client.rpc.TestBlockOutputStreamWithFailures.validateData(TestBlockOutputStreamWithFailures.java:1212)
	at org.apache.hadoop.ozone.client.rpc.TestBlockOutputStreamWithFailures.testFailureWithPrimeSizedData(TestBlockOutputStreamWithFailures.java:658)
	at sun.reflect.NativeMethodAccessorImpl.invoke0(Native Method)
	at sun.reflect.NativeMethodAccessorImpl.invoke(NativeMethodAccessorImpl.java:62)
	at sun.reflect.DelegatingMethodAccessorImpl.invoke(DelegatingMethodAccessorImpl.java:43)
	at java.lang.reflect.Method.invoke(Method.java:498)
	at org.junit.runners.model.FrameworkMethod$1.runReflectiveCall(FrameworkMethod.java:47)
	at org.junit.internal.runners.model.ReflectiveCallable.run(ReflectiveCallable.java:12)
	at org.junit.runners.model.FrameworkMethod.invokeExplosively(FrameworkMethod.java:44)
	at org.junit.internal.runners.statements.InvokeMethod.evaluate(InvokeMethod.java:17)
	at org.junit.internal.runners.statements.RunBefores.evaluate(RunBefores.java:26)
	at org.junit.internal.runners.statements.RunAfters.evaluate(RunAfters.java:27)
	at org.junit.runners.ParentRunner.runLeaf(ParentRunner.java:271)
	at org.junit.runners.BlockJUnit4ClassRunner.runChild(BlockJUnit4ClassRunner.java:70)
	at org.junit.runners.BlockJUnit4ClassRunner.runChild(BlockJUnit4ClassRunner.java:50)
	at org.junit.runners.ParentRunner$3.run(ParentRunner.java:238)
	at org.junit.runners.ParentRunner$1.schedule(ParentRunner.java:63)
	at org.junit.runners.ParentRunner.runChildren(ParentRunner.java:236)
	at org.junit.runners.ParentRunner.access$000(ParentRunner.java:53)
	at org.junit.runners.ParentRunner$2.evaluate(ParentRunner.java:229)
	at org.junit.runners.ParentRunner.run(ParentRunner.java:309)
	at org.apache.maven.surefire.junit4.JUnit4Provider.execute(JUnit4Provider.java:365)
	at org.apache.maven.surefire.junit4.JUnit4Provider.executeWithRerun(JUnit4Provider.java:273)
	at org.apache.maven.surefire.junit4.JUnit4Provider.executeTestSet(JUnit4Provider.java:238)
	at org.apache.maven.surefire.junit4.JUnit4Provider.invoke(JUnit4Provider.java:159)
	at org.apache.maven.surefire.booter.ForkedBooter.invokeProviderInSameClassLoader(ForkedBooter.java:384)
	at org.apache.maven.surefire.booter.ForkedBooter.runSuitesInProcess(ForkedBooter.java:345)
	at org.apache.maven.surefire.booter.ForkedBooter.execute(ForkedBooter.java:126)
	at org.apache.maven.surefire.booter.ForkedBooter.main(ForkedBooter.java:418)
</error>
    <system-out><![CDATA[2019-07-14 08:38:00,312 WARN  server.ServerUtils (ServerUtils.java:getScmDbDir(145)) - ozone.scm.db.dirs is not configured. We recommend adding this setting. Falling back to ozone.metadata.dirs instead.
2019-07-14 08:38:00,321 WARN  server.ServerUtils (ServerUtils.java:getScmDbDir(145)) - ozone.scm.db.dirs is not configured. We recommend adding this setting. Falling back to ozone.metadata.dirs instead.
2019-07-14 08:38:00,321 WARN  server.ServerUtils (ServerUtils.java:getScmDbDir(145)) - ozone.scm.db.dirs is not configured. We recommend adding this setting. Falling back to ozone.metadata.dirs instead.
2019-07-14 08:38:00,321 INFO  db.DBStoreBuilder (DBStoreBuilder.java:addTable(110)) - using custom profile for table: deletedBlocks
2019-07-14 08:38:00,322 INFO  db.DBStoreBuilder (DBStoreBuilder.java:processTables(161)) - Using default column profile:DBProfile.DISK for Table:deletedBlocks
2019-07-14 08:38:00,322 INFO  db.DBStoreBuilder (DBStoreBuilder.java:addTable(110)) - using custom profile for table: validCerts
2019-07-14 08:38:00,322 INFO  db.DBStoreBuilder (DBStoreBuilder.java:processTables(161)) - Using default column profile:DBProfile.DISK for Table:validCerts
2019-07-14 08:38:00,322 INFO  db.DBStoreBuilder (DBStoreBuilder.java:addTable(110)) - using custom profile for table: revokedCerts
2019-07-14 08:38:00,322 INFO  db.DBStoreBuilder (DBStoreBuilder.java:processTables(161)) - Using default column profile:DBProfile.DISK for Table:revokedCerts
2019-07-14 08:38:00,323 INFO  db.DBStoreBuilder (DBStoreBuilder.java:addTable(110)) - using custom profile for table: default
2019-07-14 08:38:00,323 INFO  db.DBStoreBuilder (DBStoreBuilder.java:processTables(167)) - Using default column profile:DBProfile.DISK for Table:default
2019-07-14 08:38:00,323 INFO  db.DBStoreBuilder (DBStoreBuilder.java:getDbProfile(198)) - Using default options. DBProfile.DISK
2019-07-14 08:38:00,402 INFO  net.NodeSchemaLoader (NodeSchemaLoader.java:loadSchemaFromFile(125)) - Loading file from sun.misc.CompoundEnumeration@52b4da7c
2019-07-14 08:38:00,403 INFO  net.NodeSchemaLoader (NodeSchemaLoader.java:loadSchema(171)) - Loading network topology layer schema file
2019-07-14 08:38:00,409 INFO  node.SCMNodeManager (SCMNodeManager.java:<init>(119)) - Entering startup safe mode.
2019-07-14 08:38:00,410 WARN  server.ServerUtils (ServerUtils.java:getScmDbDir(145)) - ozone.scm.db.dirs is not configured. We recommend adding this setting. Falling back to ozone.metadata.dirs instead.
2019-07-14 08:38:00,434 INFO  pipeline.SCMPipelineManager (SCMPipelineManager.java:initializePipelineState(126)) - No pipeline exists in current db
2019-07-14 08:38:00,434 WARN  server.ServerUtils (ServerUtils.java:getScmDbDir(145)) - ozone.scm.db.dirs is not configured. We recommend adding this setting. Falling back to ozone.metadata.dirs instead.
2019-07-14 08:38:00,461 WARN  events.EventQueue (EventQueue.java:fireEvent(175)) - No event handler registered for event TypedEvent{payloadType=SafeModeStatus, name='SafeModeStatus'}
2019-07-14 08:38:00,462 INFO  ipc.CallQueueManager (CallQueueManager.java:<init>(84)) - Using callQueue: class java.util.concurrent.LinkedBlockingQueue, queueCapacity: 2000, scheduler: class org.apache.hadoop.ipc.DefaultRpcScheduler, ipcBackoff: false.
2019-07-14 08:38:00,464 INFO  ipc.Server (Server.java:run(1074)) - Starting Socket Reader #1 for port 37002
2019-07-14 08:38:00,465 INFO  ipc.CallQueueManager (CallQueueManager.java:<init>(84)) - Using callQueue: class java.util.concurrent.LinkedBlockingQueue, queueCapacity: 2000, scheduler: class org.apache.hadoop.ipc.DefaultRpcScheduler, ipcBackoff: false.
2019-07-14 08:38:00,466 INFO  ipc.Server (Server.java:run(1074)) - Starting Socket Reader #1 for port 46043
2019-07-14 08:38:00,468 INFO  ipc.CallQueueManager (CallQueueManager.java:<init>(84)) - Using callQueue: class java.util.concurrent.LinkedBlockingQueue, queueCapacity: 2000, scheduler: class org.apache.hadoop.ipc.DefaultRpcScheduler, ipcBackoff: false.
2019-07-14 08:38:00,468 INFO  ipc.Server (Server.java:run(1074)) - Starting Socket Reader #1 for port 40498
2019-07-14 08:38:00,472 INFO  hdfs.DFSUtil (DFSUtil.java:httpServerTemplateForNNAndJN(1641)) - Starting Web-server for scm at: http://0.0.0.0:0
2019-07-14 08:38:00,477 INFO  server.AuthenticationFilter (AuthenticationFilter.java:constructSecretProvider(240)) - Unable to initialize FileSignerSecretProvider, falling back to use random secrets.
2019-07-14 08:38:00,478 WARN  http.HttpRequestLog (HttpRequestLog.java:getRequestLog(97)) - Jetty request log can only be enabled using Log4j
2019-07-14 08:38:00,480 INFO  http.HttpServer2 (HttpServer2.java:addGlobalFilter(975)) - Added global filter 'safety' (class=org.apache.hadoop.http.HttpServer2$QuotingInputFilter)
2019-07-14 08:38:00,481 INFO  http.HttpServer2 (HttpServer2.java:addFilter(948)) - Added filter static_user_filter (class=org.apache.hadoop.http.lib.StaticUserWebFilter$StaticUserFilter) to context scm
2019-07-14 08:38:00,481 INFO  http.HttpServer2 (HttpServer2.java:addFilter(958)) - Added filter static_user_filter (class=org.apache.hadoop.http.lib.StaticUserWebFilter$StaticUserFilter) to context static
2019-07-14 08:38:00,481 INFO  http.HttpServer2 (HttpServer2.java:addFilter(958)) - Added filter static_user_filter (class=org.apache.hadoop.http.lib.StaticUserWebFilter$StaticUserFilter) to context logs
2019-07-14 08:38:00,483 INFO  server.StorageContainerManager (StorageContainerManager.java:start(759)) - StorageContainerLocationProtocol RPC server is listening at /0.0.0.0:40498
2019-07-14 08:38:00,486 WARN  impl.MetricsConfig (MetricsConfig.java:loadFirst(134)) - Cannot locate configuration: tried hadoop-metrics2-storagecontainermanager.properties,hadoop-metrics2.properties
2019-07-14 08:38:00,487 INFO  impl.MetricsSystemImpl (MetricsSystemImpl.java:startTimer(374)) - Scheduled Metric snapshot period at 10 second(s).
2019-07-14 08:38:00,487 INFO  impl.MetricsSystemImpl (MetricsSystemImpl.java:start(191)) - StorageContainerManager metrics system started
2019-07-14 08:38:00,552 INFO  server.SCMClientProtocolServer (SCMClientProtocolServer.java:start(149)) - RPC server for Client  is listening at /0.0.0.0:40498
2019-07-14 08:38:00,552 INFO  ipc.Server (Server.java:run(1314)) - IPC Server Responder: starting
2019-07-14 08:38:00,553 INFO  ipc.Server (Server.java:run(1153)) - IPC Server listener on 40498: starting
2019-07-14 08:38:00,558 INFO  server.StorageContainerManager (StorageContainerManager.java:start(768)) - ScmBlockLocationProtocol RPC server is listening at /0.0.0.0:46043
2019-07-14 08:38:00,558 INFO  server.SCMBlockProtocolServer (SCMBlockProtocolServer.java:start(140)) - RPC server for Block Protocol is listening at /0.0.0.0:46043
2019-07-14 08:38:00,558 INFO  ipc.Server (Server.java:run(1314)) - IPC Server Responder: starting
2019-07-14 08:38:00,558 INFO  ipc.Server (Server.java:run(1153)) - IPC Server listener on 46043: starting
2019-07-14 08:38:00,563 INFO  server.StorageContainerManager (StorageContainerManager.java:start(772)) - ScmDatanodeProtocl RPC server is listening at /0.0.0.0:37002
2019-07-14 08:38:00,563 INFO  server.SCMDatanodeProtocolServer (SCMDatanodeProtocolServer.java:start(191)) - RPC server for DataNodes is listening at /0.0.0.0:37002
2019-07-14 08:38:00,564 INFO  ipc.Server (Server.java:run(1314)) - IPC Server Responder: starting
2019-07-14 08:38:00,564 INFO  ipc.Server (Server.java:run(1153)) - IPC Server listener on 37002: starting
2019-07-14 08:38:00,568 INFO  http.HttpServer2 (HttpServer2.java:bindListener(1191)) - Jetty bound to port 41397
2019-07-14 08:38:00,569 INFO  server.Server (Server.java:doStart(351)) - jetty-9.3.24.v20180605, build timestamp: 2018-06-05T17:11:56Z, git hash: 84205aa28f11a4f31f2a3b86d1bba2cc8ab69827
2019-07-14 08:38:00,571 INFO  handler.ContextHandler (ContextHandler.java:doStart(781)) - Started o.e.j.s.ServletContextHandler@23938caa{/logs,file:///workdir/hadoop-ozone/integration-test/target/log,AVAILABLE}
2019-07-14 08:38:00,571 INFO  handler.ContextHandler (ContextHandler.java:doStart(781)) - Started o.e.j.s.ServletContextHandler@6049b4c9{/static,file:///workdir/hadoop-ozone/integration-test/target/test-classes/webapps/static,AVAILABLE}
2019-07-14 08:38:00,576 INFO  handler.ContextHandler (ContextHandler.java:doStart(781)) - Started o.e.j.w.WebAppContext@408573b1{/,file:///workdir/hadoop-ozone/integration-test/target/test-classes/webapps/scm/,AVAILABLE}{/scm}
2019-07-14 08:38:00,577 INFO  server.AbstractConnector (AbstractConnector.java:doStart(278)) - Started ServerConnector@5b7600ec{HTTP/1.1,[http/1.1]}{0.0.0.0:41397}
2019-07-14 08:38:00,578 INFO  server.Server (Server.java:doStart(419)) - Started @638803ms
2019-07-14 08:38:00,579 INFO  server.BaseHttpServer (BaseHttpServer.java:updateConnectorAddress(207)) - HTTP server of SCM is listening at http://0.0.0.0:41397
2019-07-14 08:38:00,579 WARN  server.ServerUtils (ServerUtils.java:getDBPath(222)) - ozone.om.db.dirs is not configured. We recommend adding this setting. Falling back to ozone.metadata.dirs instead.
2019-07-14 08:38:00,580 INFO  util.JvmPauseMonitor (JvmPauseMonitor.java:run(188)) - Starting JVM pause monitor
2019-07-14 08:38:00,586 WARN  server.ServerUtils (ServerUtils.java:getDBPath(222)) - ozone.om.db.dirs is not configured. We recommend adding this setting. Falling back to ozone.metadata.dirs instead.
2019-07-14 08:38:00,587 INFO  om.OzoneManager (OzoneManager.java:setOMNodeDetails(630)) - OM Service ID is not set. Setting it to the default ID: omServiceIdDefault
2019-07-14 08:38:00,587 INFO  om.OzoneManager (OzoneManager.java:setOMNodeDetails(636)) - OM Node ID is not set. Setting it to the OmStorage's OmID: 647bc768-8770-42cc-ab99-86a1281a3245
2019-07-14 08:38:00,587 INFO  om.OzoneManager (OzoneManager.java:loadOMHAConfigs(587)) - Found matching OM address with OMServiceId: null, OMNodeId: null, RPC Address: localhost:0 and Ratis port: 9872
2019-07-14 08:38:00,594 WARN  server.ServerUtils (ServerUtils.java:getDBPath(222)) - ozone.om.db.dirs is not configured. We recommend adding this setting. Falling back to ozone.metadata.dirs instead.
2019-07-14 08:38:00,595 INFO  db.DBStoreBuilder (DBStoreBuilder.java:addTable(110)) - using custom profile for table: userTable
2019-07-14 08:38:00,595 INFO  db.DBStoreBuilder (DBStoreBuilder.java:processTables(161)) - Using default column profile:DBProfile.DISK for Table:userTable
2019-07-14 08:38:00,595 INFO  db.DBStoreBuilder (DBStoreBuilder.java:addTable(110)) - using custom profile for table: volumeTable
2019-07-14 08:38:00,595 INFO  db.DBStoreBuilder (DBStoreBuilder.java:processTables(161)) - Using default column profile:DBProfile.DISK for Table:volumeTable
2019-07-14 08:38:00,595 INFO  db.DBStoreBuilder (DBStoreBuilder.java:addTable(110)) - using custom profile for table: bucketTable
2019-07-14 08:38:00,596 INFO  db.DBStoreBuilder (DBStoreBuilder.java:processTables(161)) - Using default column profile:DBProfile.DISK for Table:bucketTable
2019-07-14 08:38:00,596 INFO  db.DBStoreBuilder (DBStoreBuilder.java:addTable(110)) - using custom profile for table: keyTable
2019-07-14 08:38:00,596 INFO  db.DBStoreBuilder (DBStoreBuilder.java:processTables(161)) - Using default column profile:DBProfile.DISK for Table:keyTable
2019-07-14 08:38:00,596 INFO  db.DBStoreBuilder (DBStoreBuilder.java:addTable(110)) - using custom profile for table: deletedTable
2019-07-14 08:38:00,596 INFO  db.DBStoreBuilder (DBStoreBuilder.java:processTables(161)) - Using default column profile:DBProfile.DISK for Table:deletedTable
2019-07-14 08:38:00,597 INFO  db.DBStoreBuilder (DBStoreBuilder.java:addTable(110)) - using custom profile for table: openKeyTable
2019-07-14 08:38:00,597 INFO  db.DBStoreBuilder (DBStoreBuilder.java:processTables(161)) - Using default column profile:DBProfile.DISK for Table:openKeyTable
2019-07-14 08:38:00,597 INFO  db.DBStoreBuilder (DBStoreBuilder.java:addTable(110)) - using custom profile for table: s3Table
2019-07-14 08:38:00,597 INFO  db.DBStoreBuilder (DBStoreBuilder.java:processTables(161)) - Using default column profile:DBProfile.DISK for Table:s3Table
2019-07-14 08:38:00,598 INFO  db.DBStoreBuilder (DBStoreBuilder.java:addTable(110)) - using custom profile for table: multipartInfoTable
2019-07-14 08:38:00,598 INFO  db.DBStoreBuilder (DBStoreBuilder.java:processTables(161)) - Using default column profile:DBProfile.DISK for Table:multipartInfoTable
2019-07-14 08:38:00,598 INFO  db.DBStoreBuilder (DBStoreBuilder.java:addTable(110)) - using custom profile for table: dTokenTable
2019-07-14 08:38:00,598 INFO  db.DBStoreBuilder (DBStoreBuilder.java:processTables(161)) - Using default column profile:DBProfile.DISK for Table:dTokenTable
2019-07-14 08:38:00,599 INFO  db.DBStoreBuilder (DBStoreBuilder.java:addTable(110)) - using custom profile for table: s3SecretTable
2019-07-14 08:38:00,599 INFO  db.DBStoreBuilder (DBStoreBuilder.java:processTables(161)) - Using default column profile:DBProfile.DISK for Table:s3SecretTable
2019-07-14 08:38:00,599 INFO  db.DBStoreBuilder (DBStoreBuilder.java:addTable(110)) - using custom profile for table: prefixTable
2019-07-14 08:38:00,599 INFO  db.DBStoreBuilder (DBStoreBuilder.java:processTables(161)) - Using default column profile:DBProfile.DISK for Table:prefixTable
2019-07-14 08:38:00,599 INFO  db.DBStoreBuilder (DBStoreBuilder.java:addTable(110)) - using custom profile for table: default
2019-07-14 08:38:00,599 INFO  db.DBStoreBuilder (DBStoreBuilder.java:processTables(167)) - Using default column profile:DBProfile.DISK for Table:default
2019-07-14 08:38:00,600 INFO  db.DBStoreBuilder (DBStoreBuilder.java:getDbProfile(198)) - Using default options. DBProfile.DISK
2019-07-14 08:38:00,968 INFO  ipc.CallQueueManager (CallQueueManager.java:<init>(84)) - Using callQueue: class java.util.concurrent.LinkedBlockingQueue, queueCapacity: 2000, scheduler: class org.apache.hadoop.ipc.DefaultRpcScheduler, ipcBackoff: false.
2019-07-14 08:38:00,969 INFO  ipc.Server (Server.java:run(1074)) - Starting Socket Reader #1 for port 39887
2019-07-14 08:38:00,988 WARN  server.ServerUtils (ServerUtils.java:getDBPath(222)) - ozone.om.db.dirs is not configured. We recommend adding this setting. Falling back to ozone.metadata.dirs instead.
2019-07-14 08:38:00,989 INFO  om.OzoneManager (OzoneManager.java:start(1228)) - OzoneManager RPC server is listening at localhost/127.0.0.1:39887
2019-07-14 08:38:00,989 INFO  impl.MetricsSystemImpl (MetricsSystemImpl.java:init(158)) - OzoneManager metrics system started (again)
2019-07-14 08:38:00,990 INFO  ipc.Server (Server.java:run(1153)) - IPC Server listener on 39887: starting
2019-07-14 08:38:00,990 INFO  ipc.Server (Server.java:run(1314)) - IPC Server Responder: starting
2019-07-14 08:38:00,999 INFO  hdfs.DFSUtil (DFSUtil.java:httpServerTemplateForNNAndJN(1641)) - Starting Web-server for ozoneManager at: http://0.0.0.0:0
2019-07-14 08:38:01,000 INFO  server.AuthenticationFilter (AuthenticationFilter.java:constructSecretProvider(240)) - Unable to initialize FileSignerSecretProvider, falling back to use random secrets.
2019-07-14 08:38:01,001 WARN  http.HttpRequestLog (HttpRequestLog.java:getRequestLog(97)) - Jetty request log can only be enabled using Log4j
2019-07-14 08:38:01,003 INFO  http.HttpServer2 (HttpServer2.java:addGlobalFilter(975)) - Added global filter 'safety' (class=org.apache.hadoop.http.HttpServer2$QuotingInputFilter)
2019-07-14 08:38:01,003 INFO  http.HttpServer2 (HttpServer2.java:addFilter(948)) - Added filter static_user_filter (class=org.apache.hadoop.http.lib.StaticUserWebFilter$StaticUserFilter) to context ozoneManager
2019-07-14 08:38:01,004 INFO  http.HttpServer2 (HttpServer2.java:addFilter(958)) - Added filter static_user_filter (class=org.apache.hadoop.http.lib.StaticUserWebFilter$StaticUserFilter) to context logs
2019-07-14 08:38:01,004 INFO  http.HttpServer2 (HttpServer2.java:addFilter(958)) - Added filter static_user_filter (class=org.apache.hadoop.http.lib.StaticUserWebFilter$StaticUserFilter) to context static
2019-07-14 08:38:01,005 INFO  http.HttpServer2 (HttpServer2.java:bindListener(1191)) - Jetty bound to port 34335
2019-07-14 08:38:01,005 INFO  server.Server (Server.java:doStart(351)) - jetty-9.3.24.v20180605, build timestamp: 2018-06-05T17:11:56Z, git hash: 84205aa28f11a4f31f2a3b86d1bba2cc8ab69827
2019-07-14 08:38:01,007 INFO  handler.ContextHandler (ContextHandler.java:doStart(781)) - Started o.e.j.s.ServletContextHandler@71077d1{/logs,file:///workdir/hadoop-ozone/integration-test/target/log,AVAILABLE}
2019-07-14 08:38:01,007 INFO  handler.ContextHandler (ContextHandler.java:doStart(781)) - Started o.e.j.s.ServletContextHandler@630a647c{/static,file:///workdir/hadoop-ozone/integration-test/target/test-classes/webapps/static,AVAILABLE}
2019-07-14 08:38:01,011 INFO  handler.ContextHandler (ContextHandler.java:doStart(781)) - Started o.e.j.w.WebAppContext@4537c9f8{/,file:///workdir/hadoop-ozone/integration-test/target/test-classes/webapps/ozoneManager/,AVAILABLE}{/ozoneManager}
2019-07-14 08:38:01,012 INFO  server.AbstractConnector (AbstractConnector.java:doStart(278)) - Started ServerConnector@698e2cba{HTTP/1.1,[http/1.1]}{0.0.0.0:34335}
2019-07-14 08:38:01,013 INFO  server.Server (Server.java:doStart(419)) - Started @639238ms
2019-07-14 08:38:01,014 INFO  server.BaseHttpServer (BaseHttpServer.java:updateConnectorAddress(207)) - HTTP server of OZONEMANAGER is listening at http://0.0.0.0:34335
2019-07-14 08:38:01,029 INFO  impl.MetricsSystemImpl (MetricsSystemImpl.java:init(158)) - HddsDatanode metrics system started (again)
2019-07-14 08:38:01,030 INFO  ozone.HddsDatanodeService (HddsDatanodeService.java:start(185)) - HddsDatanodeService host:trunk-nightly-5z2vd-27108033 ip:192.168.5.191
2019-07-14 08:38:01,042 INFO  volume.HddsVolume (HddsVolume.java:<init>(176)) - Creating Volume: /workdir/hadoop-ozone/integration-test/target/test-dir/MiniOzoneClusterImpl-bc5e9f25-ea62-49b4-a651-322acf43a6ff/datanode-0/data/containers/hdds of  storage type : DISK and capacity : 52710309888
2019-07-14 08:38:01,043 INFO  volume.VolumeSet (VolumeSet.java:initializeVolumeSet(170)) - Added Volume : /workdir/hadoop-ozone/integration-test/target/test-dir/MiniOzoneClusterImpl-bc5e9f25-ea62-49b4-a651-322acf43a6ff/datanode-0/data/containers/hdds to VolumeSet
2019-07-14 08:38:01,043 INFO  volume.ThrottledAsyncChecker (ThrottledAsyncChecker.java:schedule(140)) - Scheduling a check for org.apache.hadoop.ozone.container.common.volume.HddsVolume@578cd644
2019-07-14 08:38:01,044 INFO  volume.HddsVolumeChecker (HddsVolumeChecker.java:checkAllVolumes(203)) - Scheduled health check for volume org.apache.hadoop.ozone.container.common.volume.HddsVolume@578cd644
2019-07-14 08:38:01,059 INFO  impl.RaftServerProxy (ConfUtils.java:logGet(43)) - raft.rpc.type = GRPC (default)
2019-07-14 08:38:01,059 INFO  grpc.GrpcFactory (GrpcFactory.java:checkPooledByteBufAllocatorUseCacheForAllThreads(45)) - PERFORMANCE WARNING: useCacheForAllThreads is true that may cause Netty to create a lot garbage objects and, as a result, trigger GC.
	It is recommended to disable useCacheForAllThreads by setting -Dorg.apache.ratis.thirdparty.io.netty.allocator.useCacheForAllThreads=false in command line.
2019-07-14 08:38:01,059 INFO  grpc.GrpcConfigKeys$Server (ConfUtils.java:logGet(43)) - raft.grpc.server.port = 0 (default)
2019-07-14 08:38:01,060 INFO  server.GrpcService (ConfUtils.java:logGet(43)) - raft.grpc.message.size.max = 33570816 (custom)
2019-07-14 08:38:01,060 INFO  server.RaftServerConfigKeys (ConfUtils.java:logGet(43)) - raft.server.log.appender.buffer.byte-limit = 33554432 (custom)
2019-07-14 08:38:01,060 INFO  server.GrpcService (ConfUtils.java:logGet(43)) - raft.grpc.flow.control.window = 1MB (=1048576) (default)
2019-07-14 08:38:01,060 INFO  server.RaftServerConfigKeys (ConfUtils.java:logGet(43)) - raft.server.rpc.request.timeout = 3000ms (default)
2019-07-14 08:38:01,061 INFO  server.RaftServerConfigKeys (ConfUtils.java:logGet(43)) - raft.server.storage.dir = [/workdir/hadoop-ozone/integration-test/target/test-dir/MiniOzoneClusterImpl-bc5e9f25-ea62-49b4-a651-322acf43a6ff/datanode-0/data/ratis] (custom)
2019-07-14 08:38:01,062 INFO  replication.SimpleContainerDownloader (SimpleContainerDownloader.java:<init>(72)) - Starting container downloader service to copy containers to replicate.
2019-07-14 08:38:01,064 INFO  hdfs.DFSUtil (DFSUtil.java:httpServerTemplateForNNAndJN(1641)) - Starting Web-server for hddsDatanode at: http://0.0.0.0:0
2019-07-14 08:38:01,065 INFO  server.AuthenticationFilter (AuthenticationFilter.java:constructSecretProvider(240)) - Unable to initialize FileSignerSecretProvider, falling back to use random secrets.
2019-07-14 08:38:01,066 WARN  http.HttpRequestLog (HttpRequestLog.java:getRequestLog(97)) - Jetty request log can only be enabled using Log4j
2019-07-14 08:38:01,067 INFO  http.HttpServer2 (HttpServer2.java:addGlobalFilter(975)) - Added global filter 'safety' (class=org.apache.hadoop.http.HttpServer2$QuotingInputFilter)
2019-07-14 08:38:01,067 INFO  http.HttpServer2 (HttpServer2.java:addFilter(948)) - Added filter static_user_filter (class=org.apache.hadoop.http.lib.StaticUserWebFilter$StaticUserFilter) to context hddsDatanode
2019-07-14 08:38:01,067 INFO  http.HttpServer2 (HttpServer2.java:addFilter(958)) - Added filter static_user_filter (class=org.apache.hadoop.http.lib.StaticUserWebFilter$StaticUserFilter) to context logs
2019-07-14 08:38:01,068 INFO  http.HttpServer2 (HttpServer2.java:addFilter(958)) - Added filter static_user_filter (class=org.apache.hadoop.http.lib.StaticUserWebFilter$StaticUserFilter) to context static
2019-07-14 08:38:01,068 INFO  http.HttpServer2 (HttpServer2.java:bindListener(1191)) - Jetty bound to port 41711
2019-07-14 08:38:01,068 INFO  server.Server (Server.java:doStart(351)) - jetty-9.3.24.v20180605, build timestamp: 2018-06-05T17:11:56Z, git hash: 84205aa28f11a4f31f2a3b86d1bba2cc8ab69827
2019-07-14 08:38:01,070 INFO  handler.ContextHandler (ContextHandler.java:doStart(781)) - Started o.e.j.s.ServletContextHandler@420d123d{/logs,file:///workdir/hadoop-ozone/integration-test/target/log,AVAILABLE}
2019-07-14 08:38:01,071 INFO  handler.ContextHandler (ContextHandler.java:doStart(781)) - Started o.e.j.s.ServletContextHandler@112d8c18{/static,jar:file:/home/user/.m2/repository/org/apache/hadoop/hadoop-hdds-container-service/0.5.0-SNAPSHOT/hadoop-hdds-container-service-0.5.0-SNAPSHOT.jar!/webapps/static,AVAILABLE}
2019-07-14 08:38:01,101 INFO  handler.ContextHandler (ContextHandler.java:doStart(781)) - Started o.e.j.w.WebAppContext@38410ce5{/,file:///tmp/jetty-0.0.0.0-41711-hddsDatanode-_-any-2418218064018119642.dir/webapp/,AVAILABLE}{/hddsDatanode}
2019-07-14 08:38:01,101 INFO  server.AbstractConnector (AbstractConnector.java:doStart(278)) - Started ServerConnector@68ecc60e{HTTP/1.1,[http/1.1]}{0.0.0.0:41711}
2019-07-14 08:38:01,101 INFO  server.Server (Server.java:doStart(419)) - Started @639326ms
2019-07-14 08:38:01,103 INFO  server.BaseHttpServer (BaseHttpServer.java:updateConnectorAddress(207)) - HTTP server of HDDSDATANODE is listening at http://0.0.0.0:41711
2019-07-14 08:38:01,214 INFO  ozone.HddsDatanodeService (HddsDatanodeService.java:startPlugins(396)) - Started plug-in org.apache.hadoop.ozone.web.OzoneHddsDatanodeService@3ea4dcc5
2019-07-14 08:38:01,214 INFO  impl.MetricsSystemImpl (MetricsSystemImpl.java:init(158)) - HddsDatanode metrics system started (again)
2019-07-14 08:38:01,214 INFO  ozone.HddsDatanodeService (HddsDatanodeService.java:start(185)) - HddsDatanodeService host:trunk-nightly-5z2vd-27108033 ip:192.168.5.191
2019-07-14 08:38:01,218 INFO  util.JvmPauseMonitor (JvmPauseMonitor.java:run(188)) - Starting JVM pause monitor
2019-07-14 08:38:01,219 INFO  datanode.InitDatanodeState (InitDatanodeState.java:persistContainerDatanodeDetails(140)) - DatanodeDetails is persisted to /workdir/hadoop-ozone/integration-test/target/test-dir/MiniOzoneClusterImpl-bc5e9f25-ea62-49b4-a651-322acf43a6ff/datanode-0/meta/datanode.id
2019-07-14 08:38:01,227 INFO  volume.HddsVolume (HddsVolume.java:<init>(176)) - Creating Volume: /workdir/hadoop-ozone/integration-test/target/test-dir/MiniOzoneClusterImpl-bc5e9f25-ea62-49b4-a651-322acf43a6ff/datanode-1/data/containers/hdds of  storage type : DISK and capacity : 52710309888
2019-07-14 08:38:01,228 INFO  volume.VolumeSet (VolumeSet.java:initializeVolumeSet(170)) - Added Volume : /workdir/hadoop-ozone/integration-test/target/test-dir/MiniOzoneClusterImpl-bc5e9f25-ea62-49b4-a651-322acf43a6ff/datanode-1/data/containers/hdds to VolumeSet
2019-07-14 08:38:01,228 INFO  volume.ThrottledAsyncChecker (ThrottledAsyncChecker.java:schedule(140)) - Scheduling a check for org.apache.hadoop.ozone.container.common.volume.HddsVolume@2f4b2ee3
2019-07-14 08:38:01,228 INFO  volume.HddsVolumeChecker (HddsVolumeChecker.java:checkAllVolumes(203)) - Scheduled health check for volume org.apache.hadoop.ozone.container.common.volume.HddsVolume@2f4b2ee3
2019-07-14 08:38:01,244 INFO  impl.RaftServerProxy (ConfUtils.java:logGet(43)) - raft.rpc.type = GRPC (default)
2019-07-14 08:38:01,244 INFO  grpc.GrpcFactory (GrpcFactory.java:checkPooledByteBufAllocatorUseCacheForAllThreads(45)) - PERFORMANCE WARNING: useCacheForAllThreads is true that may cause Netty to create a lot garbage objects and, as a result, trigger GC.
	It is recommended to disable useCacheForAllThreads by setting -Dorg.apache.ratis.thirdparty.io.netty.allocator.useCacheForAllThreads=false in command line.
2019-07-14 08:38:01,245 INFO  grpc.GrpcConfigKeys$Server (ConfUtils.java:logGet(43)) - raft.grpc.server.port = 0 (default)
2019-07-14 08:38:01,245 INFO  server.GrpcService (ConfUtils.java:logGet(43)) - raft.grpc.message.size.max = 33570816 (custom)
2019-07-14 08:38:01,245 INFO  server.RaftServerConfigKeys (ConfUtils.java:logGet(43)) - raft.server.log.appender.buffer.byte-limit = 33554432 (custom)
2019-07-14 08:38:01,245 INFO  server.GrpcService (ConfUtils.java:logGet(43)) - raft.grpc.flow.control.window = 1MB (=1048576) (default)
2019-07-14 08:38:01,246 INFO  server.RaftServerConfigKeys (ConfUtils.java:logGet(43)) - raft.server.rpc.request.timeout = 3000ms (default)
2019-07-14 08:38:01,246 INFO  server.RaftServerConfigKeys (ConfUtils.java:logGet(43)) - raft.server.storage.dir = [/workdir/hadoop-ozone/integration-test/target/test-dir/MiniOzoneClusterImpl-bc5e9f25-ea62-49b4-a651-322acf43a6ff/datanode-1/data/ratis] (custom)
2019-07-14 08:38:01,247 INFO  replication.SimpleContainerDownloader (SimpleContainerDownloader.java:<init>(72)) - Starting container downloader service to copy containers to replicate.
2019-07-14 08:38:01,248 INFO  hdfs.DFSUtil (DFSUtil.java:httpServerTemplateForNNAndJN(1641)) - Starting Web-server for hddsDatanode at: http://0.0.0.0:0
2019-07-14 08:38:01,250 INFO  server.AuthenticationFilter (AuthenticationFilter.java:constructSecretProvider(240)) - Unable to initialize FileSignerSecretProvider, falling back to use random secrets.
2019-07-14 08:38:01,250 WARN  http.HttpRequestLog (HttpRequestLog.java:getRequestLog(97)) - Jetty request log can only be enabled using Log4j
2019-07-14 08:38:01,251 INFO  http.HttpServer2 (HttpServer2.java:addGlobalFilter(975)) - Added global filter 'safety' (class=org.apache.hadoop.http.HttpServer2$QuotingInputFilter)
2019-07-14 08:38:01,251 INFO  http.HttpServer2 (HttpServer2.java:addFilter(948)) - Added filter static_user_filter (class=org.apache.hadoop.http.lib.StaticUserWebFilter$StaticUserFilter) to context hddsDatanode
2019-07-14 08:38:01,252 INFO  http.HttpServer2 (HttpServer2.java:addFilter(958)) - Added filter static_user_filter (class=org.apache.hadoop.http.lib.StaticUserWebFilter$StaticUserFilter) to context logs
2019-07-14 08:38:01,252 INFO  http.HttpServer2 (HttpServer2.java:addFilter(958)) - Added filter static_user_filter (class=org.apache.hadoop.http.lib.StaticUserWebFilter$StaticUserFilter) to context static
2019-07-14 08:38:01,252 INFO  http.HttpServer2 (HttpServer2.java:bindListener(1191)) - Jetty bound to port 36444
2019-07-14 08:38:01,253 INFO  server.Server (Server.java:doStart(351)) - jetty-9.3.24.v20180605, build timestamp: 2018-06-05T17:11:56Z, git hash: 84205aa28f11a4f31f2a3b86d1bba2cc8ab69827
2019-07-14 08:38:01,254 INFO  handler.ContextHandler (ContextHandler.java:doStart(781)) - Started o.e.j.s.ServletContextHandler@7aa4ef24{/logs,file:///workdir/hadoop-ozone/integration-test/target/log,AVAILABLE}
2019-07-14 08:38:01,254 INFO  handler.ContextHandler (ContextHandler.java:doStart(781)) - Started o.e.j.s.ServletContextHandler@46ebd87a{/static,jar:file:/home/user/.m2/repository/org/apache/hadoop/hadoop-hdds-container-service/0.5.0-SNAPSHOT/hadoop-hdds-container-service-0.5.0-SNAPSHOT.jar!/webapps/static,AVAILABLE}
2019-07-14 08:38:01,281 INFO  handler.ContextHandler (ContextHandler.java:doStart(781)) - Started o.e.j.w.WebAppContext@3705e3fb{/,file:///tmp/jetty-0.0.0.0-36444-hddsDatanode-_-any-336159358662969580.dir/webapp/,AVAILABLE}{/hddsDatanode}
2019-07-14 08:38:01,281 INFO  server.AbstractConnector (AbstractConnector.java:doStart(278)) - Started ServerConnector@cfe7be3{HTTP/1.1,[http/1.1]}{0.0.0.0:36444}
2019-07-14 08:38:01,283 INFO  server.Server (Server.java:doStart(419)) - Started @639507ms
2019-07-14 08:38:01,283 INFO  server.BaseHttpServer (BaseHttpServer.java:updateConnectorAddress(207)) - HTTP server of HDDSDATANODE is listening at http://0.0.0.0:36444
2019-07-14 08:38:01,389 INFO  ozone.HddsDatanodeService (HddsDatanodeService.java:startPlugins(396)) - Started plug-in org.apache.hadoop.ozone.web.OzoneHddsDatanodeService@5697f801
2019-07-14 08:38:01,389 INFO  impl.MetricsSystemImpl (MetricsSystemImpl.java:init(158)) - HddsDatanode metrics system started (again)
2019-07-14 08:38:01,391 INFO  ozone.HddsDatanodeService (HddsDatanodeService.java:start(185)) - HddsDatanodeService host:trunk-nightly-5z2vd-27108033 ip:192.168.5.191
2019-07-14 08:38:01,392 INFO  util.JvmPauseMonitor (JvmPauseMonitor.java:run(188)) - Starting JVM pause monitor
2019-07-14 08:38:01,393 INFO  datanode.InitDatanodeState (InitDatanodeState.java:persistContainerDatanodeDetails(140)) - DatanodeDetails is persisted to /workdir/hadoop-ozone/integration-test/target/test-dir/MiniOzoneClusterImpl-bc5e9f25-ea62-49b4-a651-322acf43a6ff/datanode-1/meta/datanode.id
2019-07-14 08:38:01,402 INFO  volume.HddsVolume (HddsVolume.java:<init>(176)) - Creating Volume: /workdir/hadoop-ozone/integration-test/target/test-dir/MiniOzoneClusterImpl-bc5e9f25-ea62-49b4-a651-322acf43a6ff/datanode-2/data/containers/hdds of  storage type : DISK and capacity : 52710309888
2019-07-14 08:38:01,402 INFO  volume.VolumeSet (VolumeSet.java:initializeVolumeSet(170)) - Added Volume : /workdir/hadoop-ozone/integration-test/target/test-dir/MiniOzoneClusterImpl-bc5e9f25-ea62-49b4-a651-322acf43a6ff/datanode-2/data/containers/hdds to VolumeSet
2019-07-14 08:38:01,402 INFO  volume.ThrottledAsyncChecker (ThrottledAsyncChecker.java:schedule(140)) - Scheduling a check for org.apache.hadoop.ozone.container.common.volume.HddsVolume@3bc00359
2019-07-14 08:38:01,403 INFO  volume.HddsVolumeChecker (HddsVolumeChecker.java:checkAllVolumes(203)) - Scheduled health check for volume org.apache.hadoop.ozone.container.common.volume.HddsVolume@3bc00359
2019-07-14 08:38:01,420 INFO  impl.RaftServerProxy (ConfUtils.java:logGet(43)) - raft.rpc.type = GRPC (default)
2019-07-14 08:38:01,420 INFO  grpc.GrpcFactory (GrpcFactory.java:checkPooledByteBufAllocatorUseCacheForAllThreads(45)) - PERFORMANCE WARNING: useCacheForAllThreads is true that may cause Netty to create a lot garbage objects and, as a result, trigger GC.
	It is recommended to disable useCacheForAllThreads by setting -Dorg.apache.ratis.thirdparty.io.netty.allocator.useCacheForAllThreads=false in command line.
2019-07-14 08:38:01,420 INFO  grpc.GrpcConfigKeys$Server (ConfUtils.java:logGet(43)) - raft.grpc.server.port = 0 (default)
2019-07-14 08:38:01,420 INFO  server.GrpcService (ConfUtils.java:logGet(43)) - raft.grpc.message.size.max = 33570816 (custom)
2019-07-14 08:38:01,420 INFO  server.RaftServerConfigKeys (ConfUtils.java:logGet(43)) - raft.server.log.appender.buffer.byte-limit = 33554432 (custom)
2019-07-14 08:38:01,421 INFO  server.GrpcService (ConfUtils.java:logGet(43)) - raft.grpc.flow.control.window = 1MB (=1048576) (default)
2019-07-14 08:38:01,421 INFO  server.RaftServerConfigKeys (ConfUtils.java:logGet(43)) - raft.server.rpc.request.timeout = 3000ms (default)
2019-07-14 08:38:01,421 INFO  server.RaftServerConfigKeys (ConfUtils.java:logGet(43)) - raft.server.storage.dir = [/workdir/hadoop-ozone/integration-test/target/test-dir/MiniOzoneClusterImpl-bc5e9f25-ea62-49b4-a651-322acf43a6ff/datanode-2/data/ratis] (custom)
2019-07-14 08:38:01,422 INFO  replication.SimpleContainerDownloader (SimpleContainerDownloader.java:<init>(72)) - Starting container downloader service to copy containers to replicate.
2019-07-14 08:38:01,423 INFO  hdfs.DFSUtil (DFSUtil.java:httpServerTemplateForNNAndJN(1641)) - Starting Web-server for hddsDatanode at: http://0.0.0.0:0
2019-07-14 08:38:01,424 INFO  server.AuthenticationFilter (AuthenticationFilter.java:constructSecretProvider(240)) - Unable to initialize FileSignerSecretProvider, falling back to use random secrets.
2019-07-14 08:38:01,425 WARN  http.HttpRequestLog (HttpRequestLog.java:getRequestLog(97)) - Jetty request log can only be enabled using Log4j
2019-07-14 08:38:01,426 INFO  http.HttpServer2 (HttpServer2.java:addGlobalFilter(975)) - Added global filter 'safety' (class=org.apache.hadoop.http.HttpServer2$QuotingInputFilter)
2019-07-14 08:38:01,426 INFO  http.HttpServer2 (HttpServer2.java:addFilter(948)) - Added filter static_user_filter (class=org.apache.hadoop.http.lib.StaticUserWebFilter$StaticUserFilter) to context hddsDatanode
2019-07-14 08:38:01,426 INFO  http.HttpServer2 (HttpServer2.java:addFilter(958)) - Added filter static_user_filter (class=org.apache.hadoop.http.lib.StaticUserWebFilter$StaticUserFilter) to context static
2019-07-14 08:38:01,427 INFO  http.HttpServer2 (HttpServer2.java:addFilter(958)) - Added filter static_user_filter (class=org.apache.hadoop.http.lib.StaticUserWebFilter$StaticUserFilter) to context logs
2019-07-14 08:38:01,427 INFO  http.HttpServer2 (HttpServer2.java:bindListener(1191)) - Jetty bound to port 38857
2019-07-14 08:38:01,427 INFO  server.Server (Server.java:doStart(351)) - jetty-9.3.24.v20180605, build timestamp: 2018-06-05T17:11:56Z, git hash: 84205aa28f11a4f31f2a3b86d1bba2cc8ab69827
2019-07-14 08:38:01,428 INFO  handler.ContextHandler (ContextHandler.java:doStart(781)) - Started o.e.j.s.ServletContextHandler@12db2921{/logs,file:///workdir/hadoop-ozone/integration-test/target/log,AVAILABLE}
2019-07-14 08:38:01,429 INFO  handler.ContextHandler (ContextHandler.java:doStart(781)) - Started o.e.j.s.ServletContextHandler@75225415{/static,jar:file:/home/user/.m2/repository/org/apache/hadoop/hadoop-hdds-container-service/0.5.0-SNAPSHOT/hadoop-hdds-container-service-0.5.0-SNAPSHOT.jar!/webapps/static,AVAILABLE}
2019-07-14 08:38:01,456 INFO  handler.ContextHandler (ContextHandler.java:doStart(781)) - Started o.e.j.w.WebAppContext@708f4d81{/,file:///tmp/jetty-0.0.0.0-38857-hddsDatanode-_-any-5087815403626812432.dir/webapp/,AVAILABLE}{/hddsDatanode}
2019-07-14 08:38:01,456 INFO  server.AbstractConnector (AbstractConnector.java:doStart(278)) - Started ServerConnector@23cf78f9{HTTP/1.1,[http/1.1]}{0.0.0.0:38857}
2019-07-14 08:38:01,458 INFO  server.Server (Server.java:doStart(419)) - Started @639683ms
2019-07-14 08:38:01,458 INFO  server.BaseHttpServer (BaseHttpServer.java:updateConnectorAddress(207)) - HTTP server of HDDSDATANODE is listening at http://0.0.0.0:38857
2019-07-14 08:38:01,561 INFO  ozone.HddsDatanodeService (HddsDatanodeService.java:startPlugins(396)) - Started plug-in org.apache.hadoop.ozone.web.OzoneHddsDatanodeService@f7a19c4
2019-07-14 08:38:01,561 INFO  impl.MetricsSystemImpl (MetricsSystemImpl.java:init(158)) - HddsDatanode metrics system started (again)
2019-07-14 08:38:01,564 INFO  ozone.HddsDatanodeService (HddsDatanodeService.java:start(185)) - HddsDatanodeService host:trunk-nightly-5z2vd-27108033 ip:192.168.5.191
2019-07-14 08:38:01,565 INFO  util.JvmPauseMonitor (JvmPauseMonitor.java:run(188)) - Starting JVM pause monitor
2019-07-14 08:38:01,566 INFO  datanode.InitDatanodeState (InitDatanodeState.java:persistContainerDatanodeDetails(140)) - DatanodeDetails is persisted to /workdir/hadoop-ozone/integration-test/target/test-dir/MiniOzoneClusterImpl-bc5e9f25-ea62-49b4-a651-322acf43a6ff/datanode-2/meta/datanode.id
2019-07-14 08:38:01,575 INFO  volume.HddsVolume (HddsVolume.java:<init>(176)) - Creating Volume: /workdir/hadoop-ozone/integration-test/target/test-dir/MiniOzoneClusterImpl-bc5e9f25-ea62-49b4-a651-322acf43a6ff/datanode-3/data/containers/hdds of  storage type : DISK and capacity : 52710309888
2019-07-14 08:38:01,575 INFO  volume.VolumeSet (VolumeSet.java:initializeVolumeSet(170)) - Added Volume : /workdir/hadoop-ozone/integration-test/target/test-dir/MiniOzoneClusterImpl-bc5e9f25-ea62-49b4-a651-322acf43a6ff/datanode-3/data/containers/hdds to VolumeSet
2019-07-14 08:38:01,575 INFO  volume.ThrottledAsyncChecker (ThrottledAsyncChecker.java:schedule(140)) - Scheduling a check for org.apache.hadoop.ozone.container.common.volume.HddsVolume@79dd79eb
2019-07-14 08:38:01,576 INFO  volume.HddsVolumeChecker (HddsVolumeChecker.java:checkAllVolumes(203)) - Scheduled health check for volume org.apache.hadoop.ozone.container.common.volume.HddsVolume@79dd79eb
2019-07-14 08:38:01,595 INFO  impl.RaftServerProxy (ConfUtils.java:logGet(43)) - raft.rpc.type = GRPC (default)
2019-07-14 08:38:01,595 INFO  grpc.GrpcFactory (GrpcFactory.java:checkPooledByteBufAllocatorUseCacheForAllThreads(45)) - PERFORMANCE WARNING: useCacheForAllThreads is true that may cause Netty to create a lot garbage objects and, as a result, trigger GC.
	It is recommended to disable useCacheForAllThreads by setting -Dorg.apache.ratis.thirdparty.io.netty.allocator.useCacheForAllThreads=false in command line.
2019-07-14 08:38:01,595 INFO  grpc.GrpcConfigKeys$Server (ConfUtils.java:logGet(43)) - raft.grpc.server.port = 0 (default)
2019-07-14 08:38:01,595 INFO  server.GrpcService (ConfUtils.java:logGet(43)) - raft.grpc.message.size.max = 33570816 (custom)
2019-07-14 08:38:01,595 INFO  server.RaftServerConfigKeys (ConfUtils.java:logGet(43)) - raft.server.log.appender.buffer.byte-limit = 33554432 (custom)
2019-07-14 08:38:01,596 INFO  server.GrpcService (ConfUtils.java:logGet(43)) - raft.grpc.flow.control.window = 1MB (=1048576) (default)
2019-07-14 08:38:01,596 INFO  server.RaftServerConfigKeys (ConfUtils.java:logGet(43)) - raft.server.rpc.request.timeout = 3000ms (default)
2019-07-14 08:38:01,596 INFO  server.RaftServerConfigKeys (ConfUtils.java:logGet(43)) - raft.server.storage.dir = [/workdir/hadoop-ozone/integration-test/target/test-dir/MiniOzoneClusterImpl-bc5e9f25-ea62-49b4-a651-322acf43a6ff/datanode-3/data/ratis] (custom)
2019-07-14 08:38:01,597 INFO  replication.SimpleContainerDownloader (SimpleContainerDownloader.java:<init>(72)) - Starting container downloader service to copy containers to replicate.
2019-07-14 08:38:01,598 INFO  hdfs.DFSUtil (DFSUtil.java:httpServerTemplateForNNAndJN(1641)) - Starting Web-server for hddsDatanode at: http://0.0.0.0:0
2019-07-14 08:38:01,599 INFO  server.AuthenticationFilter (AuthenticationFilter.java:constructSecretProvider(240)) - Unable to initialize FileSignerSecretProvider, falling back to use random secrets.
2019-07-14 08:38:01,599 WARN  http.HttpRequestLog (HttpRequestLog.java:getRequestLog(97)) - Jetty request log can only be enabled using Log4j
2019-07-14 08:38:01,600 INFO  http.HttpServer2 (HttpServer2.java:addGlobalFilter(975)) - Added global filter 'safety' (class=org.apache.hadoop.http.HttpServer2$QuotingInputFilter)
2019-07-14 08:38:01,601 INFO  http.HttpServer2 (HttpServer2.java:addFilter(948)) - Added filter static_user_filter (class=org.apache.hadoop.http.lib.StaticUserWebFilter$StaticUserFilter) to context hddsDatanode
2019-07-14 08:38:01,601 INFO  http.HttpServer2 (HttpServer2.java:addFilter(958)) - Added filter static_user_filter (class=org.apache.hadoop.http.lib.StaticUserWebFilter$StaticUserFilter) to context static
2019-07-14 08:38:01,601 INFO  http.HttpServer2 (HttpServer2.java:addFilter(958)) - Added filter static_user_filter (class=org.apache.hadoop.http.lib.StaticUserWebFilter$StaticUserFilter) to context logs
2019-07-14 08:38:01,602 INFO  http.HttpServer2 (HttpServer2.java:bindListener(1191)) - Jetty bound to port 38498
2019-07-14 08:38:01,602 INFO  server.Server (Server.java:doStart(351)) - jetty-9.3.24.v20180605, build timestamp: 2018-06-05T17:11:56Z, git hash: 84205aa28f11a4f31f2a3b86d1bba2cc8ab69827
2019-07-14 08:38:01,603 INFO  handler.ContextHandler (ContextHandler.java:doStart(781)) - Started o.e.j.s.ServletContextHandler@7631fb3e{/logs,file:///workdir/hadoop-ozone/integration-test/target/log,AVAILABLE}
2019-07-14 08:38:01,603 INFO  handler.ContextHandler (ContextHandler.java:doStart(781)) - Started o.e.j.s.ServletContextHandler@ab5c335{/static,jar:file:/home/user/.m2/repository/org/apache/hadoop/hadoop-hdds-container-service/0.5.0-SNAPSHOT/hadoop-hdds-container-service-0.5.0-SNAPSHOT.jar!/webapps/static,AVAILABLE}
2019-07-14 08:38:01,631 INFO  handler.ContextHandler (ContextHandler.java:doStart(781)) - Started o.e.j.w.WebAppContext@3653bb61{/,file:///tmp/jetty-0.0.0.0-38498-hddsDatanode-_-any-1576400243727887592.dir/webapp/,AVAILABLE}{/hddsDatanode}
2019-07-14 08:38:01,631 INFO  server.AbstractConnector (AbstractConnector.java:doStart(278)) - Started ServerConnector@65595be7{HTTP/1.1,[http/1.1]}{0.0.0.0:38498}
2019-07-14 08:38:01,631 INFO  server.Server (Server.java:doStart(419)) - Started @639856ms
2019-07-14 08:38:01,633 INFO  server.BaseHttpServer (BaseHttpServer.java:updateConnectorAddress(207)) - HTTP server of HDDSDATANODE is listening at http://0.0.0.0:38498
2019-07-14 08:38:01,733 INFO  ozone.HddsDatanodeService (HddsDatanodeService.java:startPlugins(396)) - Started plug-in org.apache.hadoop.ozone.web.OzoneHddsDatanodeService@7dfbdcfe
2019-07-14 08:38:01,733 INFO  impl.MetricsSystemImpl (MetricsSystemImpl.java:init(158)) - HddsDatanode metrics system started (again)
2019-07-14 08:38:01,735 INFO  ozone.HddsDatanodeService (HddsDatanodeService.java:start(185)) - HddsDatanodeService host:trunk-nightly-5z2vd-27108033 ip:192.168.5.191
2019-07-14 08:38:01,735 INFO  util.JvmPauseMonitor (JvmPauseMonitor.java:run(188)) - Starting JVM pause monitor
2019-07-14 08:38:01,737 INFO  datanode.InitDatanodeState (InitDatanodeState.java:persistContainerDatanodeDetails(140)) - DatanodeDetails is persisted to /workdir/hadoop-ozone/integration-test/target/test-dir/MiniOzoneClusterImpl-bc5e9f25-ea62-49b4-a651-322acf43a6ff/datanode-3/meta/datanode.id
2019-07-14 08:38:01,744 INFO  volume.HddsVolume (HddsVolume.java:<init>(176)) - Creating Volume: /workdir/hadoop-ozone/integration-test/target/test-dir/MiniOzoneClusterImpl-bc5e9f25-ea62-49b4-a651-322acf43a6ff/datanode-4/data/containers/hdds of  storage type : DISK and capacity : 52710309888
2019-07-14 08:38:01,744 INFO  volume.VolumeSet (VolumeSet.java:initializeVolumeSet(170)) - Added Volume : /workdir/hadoop-ozone/integration-test/target/test-dir/MiniOzoneClusterImpl-bc5e9f25-ea62-49b4-a651-322acf43a6ff/datanode-4/data/containers/hdds to VolumeSet
2019-07-14 08:38:01,745 INFO  volume.ThrottledAsyncChecker (ThrottledAsyncChecker.java:schedule(140)) - Scheduling a check for org.apache.hadoop.ozone.container.common.volume.HddsVolume@bf70ce5
2019-07-14 08:38:01,745 INFO  volume.HddsVolumeChecker (HddsVolumeChecker.java:checkAllVolumes(203)) - Scheduled health check for volume org.apache.hadoop.ozone.container.common.volume.HddsVolume@bf70ce5
2019-07-14 08:38:01,757 INFO  impl.RaftServerProxy (ConfUtils.java:logGet(43)) - raft.rpc.type = GRPC (default)
2019-07-14 08:38:01,757 INFO  grpc.GrpcFactory (GrpcFactory.java:checkPooledByteBufAllocatorUseCacheForAllThreads(45)) - PERFORMANCE WARNING: useCacheForAllThreads is true that may cause Netty to create a lot garbage objects and, as a result, trigger GC.
	It is recommended to disable useCacheForAllThreads by setting -Dorg.apache.ratis.thirdparty.io.netty.allocator.useCacheForAllThreads=false in command line.
2019-07-14 08:38:01,757 INFO  grpc.GrpcConfigKeys$Server (ConfUtils.java:logGet(43)) - raft.grpc.server.port = 0 (default)
2019-07-14 08:38:01,757 INFO  server.GrpcService (ConfUtils.java:logGet(43)) - raft.grpc.message.size.max = 33570816 (custom)
2019-07-14 08:38:01,757 INFO  server.RaftServerConfigKeys (ConfUtils.java:logGet(43)) - raft.server.log.appender.buffer.byte-limit = 33554432 (custom)
2019-07-14 08:38:01,758 INFO  server.GrpcService (ConfUtils.java:logGet(43)) - raft.grpc.flow.control.window = 1MB (=1048576) (default)
2019-07-14 08:38:01,758 INFO  server.RaftServerConfigKeys (ConfUtils.java:logGet(43)) - raft.server.rpc.request.timeout = 3000ms (default)
2019-07-14 08:38:01,758 INFO  server.RaftServerConfigKeys (ConfUtils.java:logGet(43)) - raft.server.storage.dir = [/workdir/hadoop-ozone/integration-test/target/test-dir/MiniOzoneClusterImpl-bc5e9f25-ea62-49b4-a651-322acf43a6ff/datanode-4/data/ratis] (custom)
2019-07-14 08:38:01,759 INFO  replication.SimpleContainerDownloader (SimpleContainerDownloader.java:<init>(72)) - Starting container downloader service to copy containers to replicate.
2019-07-14 08:38:01,760 INFO  hdfs.DFSUtil (DFSUtil.java:httpServerTemplateForNNAndJN(1641)) - Starting Web-server for hddsDatanode at: http://0.0.0.0:0
2019-07-14 08:38:01,761 INFO  server.AuthenticationFilter (AuthenticationFilter.java:constructSecretProvider(240)) - Unable to initialize FileSignerSecretProvider, falling back to use random secrets.
2019-07-14 08:38:01,761 WARN  http.HttpRequestLog (HttpRequestLog.java:getRequestLog(97)) - Jetty request log can only be enabled using Log4j
2019-07-14 08:38:01,762 INFO  http.HttpServer2 (HttpServer2.java:addGlobalFilter(975)) - Added global filter 'safety' (class=org.apache.hadoop.http.HttpServer2$QuotingInputFilter)
2019-07-14 08:38:01,762 INFO  http.HttpServer2 (HttpServer2.java:addFilter(948)) - Added filter static_user_filter (class=org.apache.hadoop.http.lib.StaticUserWebFilter$StaticUserFilter) to context hddsDatanode
2019-07-14 08:38:01,762 INFO  http.HttpServer2 (HttpServer2.java:addFilter(958)) - Added filter static_user_filter (class=org.apache.hadoop.http.lib.StaticUserWebFilter$StaticUserFilter) to context logs
2019-07-14 08:38:01,763 INFO  http.HttpServer2 (HttpServer2.java:addFilter(958)) - Added filter static_user_filter (class=org.apache.hadoop.http.lib.StaticUserWebFilter$StaticUserFilter) to context static
2019-07-14 08:38:01,763 INFO  http.HttpServer2 (HttpServer2.java:bindListener(1191)) - Jetty bound to port 33948
2019-07-14 08:38:01,763 INFO  server.Server (Server.java:doStart(351)) - jetty-9.3.24.v20180605, build timestamp: 2018-06-05T17:11:56Z, git hash: 84205aa28f11a4f31f2a3b86d1bba2cc8ab69827
2019-07-14 08:38:01,764 INFO  handler.ContextHandler (ContextHandler.java:doStart(781)) - Started o.e.j.s.ServletContextHandler@6a7db16e{/logs,file:///workdir/hadoop-ozone/integration-test/target/log,AVAILABLE}
2019-07-14 08:38:01,765 INFO  handler.ContextHandler (ContextHandler.java:doStart(781)) - Started o.e.j.s.ServletContextHandler@7cfc2a08{/static,jar:file:/home/user/.m2/repository/org/apache/hadoop/hadoop-hdds-container-service/0.5.0-SNAPSHOT/hadoop-hdds-container-service-0.5.0-SNAPSHOT.jar!/webapps/static,AVAILABLE}
2019-07-14 08:38:01,791 INFO  handler.ContextHandler (ContextHandler.java:doStart(781)) - Started o.e.j.w.WebAppContext@11885841{/,file:///tmp/jetty-0.0.0.0-33948-hddsDatanode-_-any-7738062663115051353.dir/webapp/,AVAILABLE}{/hddsDatanode}
2019-07-14 08:38:01,791 INFO  server.AbstractConnector (AbstractConnector.java:doStart(278)) - Started ServerConnector@24d998ba{HTTP/1.1,[http/1.1]}{0.0.0.0:33948}
2019-07-14 08:38:01,792 INFO  server.Server (Server.java:doStart(419)) - Started @640017ms
2019-07-14 08:38:01,793 INFO  server.BaseHttpServer (BaseHttpServer.java:updateConnectorAddress(207)) - HTTP server of HDDSDATANODE is listening at http://0.0.0.0:33948
2019-07-14 08:38:02,057 INFO  ozone.HddsDatanodeService (HddsDatanodeService.java:startPlugins(396)) - Started plug-in org.apache.hadoop.ozone.web.OzoneHddsDatanodeService@648ec9f4
2019-07-14 08:38:02,058 INFO  impl.MetricsSystemImpl (MetricsSystemImpl.java:init(158)) - HddsDatanode metrics system started (again)
2019-07-14 08:38:02,060 INFO  ozone.HddsDatanodeService (HddsDatanodeService.java:start(185)) - HddsDatanodeService host:trunk-nightly-5z2vd-27108033 ip:192.168.5.191
2019-07-14 08:38:02,061 INFO  util.JvmPauseMonitor (JvmPauseMonitor.java:run(188)) - Starting JVM pause monitor
2019-07-14 08:38:02,063 INFO  datanode.InitDatanodeState (InitDatanodeState.java:persistContainerDatanodeDetails(140)) - DatanodeDetails is persisted to /workdir/hadoop-ozone/integration-test/target/test-dir/MiniOzoneClusterImpl-bc5e9f25-ea62-49b4-a651-322acf43a6ff/datanode-4/meta/datanode.id
2019-07-14 08:38:02,077 INFO  volume.HddsVolume (HddsVolume.java:<init>(176)) - Creating Volume: /workdir/hadoop-ozone/integration-test/target/test-dir/MiniOzoneClusterImpl-bc5e9f25-ea62-49b4-a651-322acf43a6ff/datanode-5/data/containers/hdds of  storage type : DISK and capacity : 52710309888
2019-07-14 08:38:02,078 INFO  volume.VolumeSet (VolumeSet.java:initializeVolumeSet(170)) - Added Volume : /workdir/hadoop-ozone/integration-test/target/test-dir/MiniOzoneClusterImpl-bc5e9f25-ea62-49b4-a651-322acf43a6ff/datanode-5/data/containers/hdds to VolumeSet
2019-07-14 08:38:02,078 INFO  volume.ThrottledAsyncChecker (ThrottledAsyncChecker.java:schedule(140)) - Scheduling a check for org.apache.hadoop.ozone.container.common.volume.HddsVolume@3eff5c32
2019-07-14 08:38:02,078 INFO  volume.HddsVolumeChecker (HddsVolumeChecker.java:checkAllVolumes(203)) - Scheduled health check for volume org.apache.hadoop.ozone.container.common.volume.HddsVolume@3eff5c32
2019-07-14 08:38:02,090 INFO  impl.RaftServerProxy (ConfUtils.java:logGet(43)) - raft.rpc.type = GRPC (default)
2019-07-14 08:38:02,090 INFO  grpc.GrpcFactory (GrpcFactory.java:checkPooledByteBufAllocatorUseCacheForAllThreads(45)) - PERFORMANCE WARNING: useCacheForAllThreads is true that may cause Netty to create a lot garbage objects and, as a result, trigger GC.
	It is recommended to disable useCacheForAllThreads by setting -Dorg.apache.ratis.thirdparty.io.netty.allocator.useCacheForAllThreads=false in command line.
2019-07-14 08:38:02,091 INFO  grpc.GrpcConfigKeys$Server (ConfUtils.java:logGet(43)) - raft.grpc.server.port = 0 (default)
2019-07-14 08:38:02,091 INFO  server.GrpcService (ConfUtils.java:logGet(43)) - raft.grpc.message.size.max = 33570816 (custom)
2019-07-14 08:38:02,091 INFO  server.RaftServerConfigKeys (ConfUtils.java:logGet(43)) - raft.server.log.appender.buffer.byte-limit = 33554432 (custom)
2019-07-14 08:38:02,091 INFO  server.GrpcService (ConfUtils.java:logGet(43)) - raft.grpc.flow.control.window = 1MB (=1048576) (default)
2019-07-14 08:38:02,091 INFO  server.RaftServerConfigKeys (ConfUtils.java:logGet(43)) - raft.server.rpc.request.timeout = 3000ms (default)
2019-07-14 08:38:02,092 INFO  server.RaftServerConfigKeys (ConfUtils.java:logGet(43)) - raft.server.storage.dir = [/workdir/hadoop-ozone/integration-test/target/test-dir/MiniOzoneClusterImpl-bc5e9f25-ea62-49b4-a651-322acf43a6ff/datanode-5/data/ratis] (custom)
2019-07-14 08:38:02,092 INFO  replication.SimpleContainerDownloader (SimpleContainerDownloader.java:<init>(72)) - Starting container downloader service to copy containers to replicate.
2019-07-14 08:38:02,093 INFO  hdfs.DFSUtil (DFSUtil.java:httpServerTemplateForNNAndJN(1641)) - Starting Web-server for hddsDatanode at: http://0.0.0.0:0
2019-07-14 08:38:02,094 INFO  server.AuthenticationFilter (AuthenticationFilter.java:constructSecretProvider(240)) - Unable to initialize FileSignerSecretProvider, falling back to use random secrets.
2019-07-14 08:38:02,095 WARN  http.HttpRequestLog (HttpRequestLog.java:getRequestLog(97)) - Jetty request log can only be enabled using Log4j
2019-07-14 08:38:02,096 INFO  http.HttpServer2 (HttpServer2.java:addGlobalFilter(975)) - Added global filter 'safety' (class=org.apache.hadoop.http.HttpServer2$QuotingInputFilter)
2019-07-14 08:38:02,096 INFO  http.HttpServer2 (HttpServer2.java:addFilter(948)) - Added filter static_user_filter (class=org.apache.hadoop.http.lib.StaticUserWebFilter$StaticUserFilter) to context hddsDatanode
2019-07-14 08:38:02,096 INFO  http.HttpServer2 (HttpServer2.java:addFilter(958)) - Added filter static_user_filter (class=org.apache.hadoop.http.lib.StaticUserWebFilter$StaticUserFilter) to context logs
2019-07-14 08:38:02,097 INFO  http.HttpServer2 (HttpServer2.java:addFilter(958)) - Added filter static_user_filter (class=org.apache.hadoop.http.lib.StaticUserWebFilter$StaticUserFilter) to context static
2019-07-14 08:38:02,097 INFO  http.HttpServer2 (HttpServer2.java:bindListener(1191)) - Jetty bound to port 45426
2019-07-14 08:38:02,097 INFO  server.Server (Server.java:doStart(351)) - jetty-9.3.24.v20180605, build timestamp: 2018-06-05T17:11:56Z, git hash: 84205aa28f11a4f31f2a3b86d1bba2cc8ab69827
2019-07-14 08:38:02,099 INFO  handler.ContextHandler (ContextHandler.java:doStart(781)) - Started o.e.j.s.ServletContextHandler@3a5812dc{/logs,file:///workdir/hadoop-ozone/integration-test/target/log,AVAILABLE}
2019-07-14 08:38:02,099 INFO  handler.ContextHandler (ContextHandler.java:doStart(781)) - Started o.e.j.s.ServletContextHandler@495c3d15{/static,jar:file:/home/user/.m2/repository/org/apache/hadoop/hadoop-hdds-container-service/0.5.0-SNAPSHOT/hadoop-hdds-container-service-0.5.0-SNAPSHOT.jar!/webapps/static,AVAILABLE}
2019-07-14 08:38:02,125 INFO  handler.ContextHandler (ContextHandler.java:doStart(781)) - Started o.e.j.w.WebAppContext@7bb50de0{/,file:///tmp/jetty-0.0.0.0-45426-hddsDatanode-_-any-2581514327387343952.dir/webapp/,AVAILABLE}{/hddsDatanode}
2019-07-14 08:38:02,125 INFO  server.AbstractConnector (AbstractConnector.java:doStart(278)) - Started ServerConnector@63916a3{HTTP/1.1,[http/1.1]}{0.0.0.0:45426}
2019-07-14 08:38:02,125 INFO  server.Server (Server.java:doStart(419)) - Started @640350ms
2019-07-14 08:38:02,127 INFO  server.BaseHttpServer (BaseHttpServer.java:updateConnectorAddress(207)) - HTTP server of HDDSDATANODE is listening at http://0.0.0.0:45426
2019-07-14 08:38:02,227 INFO  ozone.HddsDatanodeService (HddsDatanodeService.java:startPlugins(396)) - Started plug-in org.apache.hadoop.ozone.web.OzoneHddsDatanodeService@4746b5d
2019-07-14 08:38:02,227 INFO  impl.MetricsSystemImpl (MetricsSystemImpl.java:init(158)) - HddsDatanode metrics system started (again)
2019-07-14 08:38:02,231 INFO  ozone.HddsDatanodeService (HddsDatanodeService.java:start(185)) - HddsDatanodeService host:trunk-nightly-5z2vd-27108033 ip:192.168.5.191
2019-07-14 08:38:02,232 INFO  util.JvmPauseMonitor (JvmPauseMonitor.java:run(188)) - Starting JVM pause monitor
2019-07-14 08:38:02,234 INFO  datanode.InitDatanodeState (InitDatanodeState.java:persistContainerDatanodeDetails(140)) - DatanodeDetails is persisted to /workdir/hadoop-ozone/integration-test/target/test-dir/MiniOzoneClusterImpl-bc5e9f25-ea62-49b4-a651-322acf43a6ff/datanode-5/meta/datanode.id
2019-07-14 08:38:02,244 INFO  volume.HddsVolume (HddsVolume.java:<init>(176)) - Creating Volume: /workdir/hadoop-ozone/integration-test/target/test-dir/MiniOzoneClusterImpl-bc5e9f25-ea62-49b4-a651-322acf43a6ff/datanode-6/data/containers/hdds of  storage type : DISK and capacity : 52710309888
2019-07-14 08:38:02,244 INFO  volume.VolumeSet (VolumeSet.java:initializeVolumeSet(170)) - Added Volume : /workdir/hadoop-ozone/integration-test/target/test-dir/MiniOzoneClusterImpl-bc5e9f25-ea62-49b4-a651-322acf43a6ff/datanode-6/data/containers/hdds to VolumeSet
2019-07-14 08:38:02,244 INFO  volume.ThrottledAsyncChecker (ThrottledAsyncChecker.java:schedule(140)) - Scheduling a check for org.apache.hadoop.ozone.container.common.volume.HddsVolume@5be521cd
2019-07-14 08:38:02,245 INFO  volume.HddsVolumeChecker (HddsVolumeChecker.java:checkAllVolumes(203)) - Scheduled health check for volume org.apache.hadoop.ozone.container.common.volume.HddsVolume@5be521cd
2019-07-14 08:38:02,258 INFO  impl.RaftServerProxy (ConfUtils.java:logGet(43)) - raft.rpc.type = GRPC (default)
2019-07-14 08:38:02,258 INFO  grpc.GrpcFactory (GrpcFactory.java:checkPooledByteBufAllocatorUseCacheForAllThreads(45)) - PERFORMANCE WARNING: useCacheForAllThreads is true that may cause Netty to create a lot garbage objects and, as a result, trigger GC.
	It is recommended to disable useCacheForAllThreads by setting -Dorg.apache.ratis.thirdparty.io.netty.allocator.useCacheForAllThreads=false in command line.
2019-07-14 08:38:02,259 INFO  grpc.GrpcConfigKeys$Server (ConfUtils.java:logGet(43)) - raft.grpc.server.port = 0 (default)
2019-07-14 08:38:02,259 INFO  server.GrpcService (ConfUtils.java:logGet(43)) - raft.grpc.message.size.max = 33570816 (custom)
2019-07-14 08:38:02,259 INFO  server.RaftServerConfigKeys (ConfUtils.java:logGet(43)) - raft.server.log.appender.buffer.byte-limit = 33554432 (custom)
2019-07-14 08:38:02,259 INFO  server.GrpcService (ConfUtils.java:logGet(43)) - raft.grpc.flow.control.window = 1MB (=1048576) (default)
2019-07-14 08:38:02,259 INFO  server.RaftServerConfigKeys (ConfUtils.java:logGet(43)) - raft.server.rpc.request.timeout = 3000ms (default)
2019-07-14 08:38:02,260 INFO  server.RaftServerConfigKeys (ConfUtils.java:logGet(43)) - raft.server.storage.dir = [/workdir/hadoop-ozone/integration-test/target/test-dir/MiniOzoneClusterImpl-bc5e9f25-ea62-49b4-a651-322acf43a6ff/datanode-6/data/ratis] (custom)
2019-07-14 08:38:02,260 INFO  replication.SimpleContainerDownloader (SimpleContainerDownloader.java:<init>(72)) - Starting container downloader service to copy containers to replicate.
2019-07-14 08:38:02,261 INFO  hdfs.DFSUtil (DFSUtil.java:httpServerTemplateForNNAndJN(1641)) - Starting Web-server for hddsDatanode at: http://0.0.0.0:0
2019-07-14 08:38:02,262 INFO  server.AuthenticationFilter (AuthenticationFilter.java:constructSecretProvider(240)) - Unable to initialize FileSignerSecretProvider, falling back to use random secrets.
2019-07-14 08:38:02,263 WARN  http.HttpRequestLog (HttpRequestLog.java:getRequestLog(97)) - Jetty request log can only be enabled using Log4j
2019-07-14 08:38:02,264 INFO  http.HttpServer2 (HttpServer2.java:addGlobalFilter(975)) - Added global filter 'safety' (class=org.apache.hadoop.http.HttpServer2$QuotingInputFilter)
2019-07-14 08:38:02,264 INFO  http.HttpServer2 (HttpServer2.java:addFilter(948)) - Added filter static_user_filter (class=org.apache.hadoop.http.lib.StaticUserWebFilter$StaticUserFilter) to context hddsDatanode
2019-07-14 08:38:02,264 INFO  http.HttpServer2 (HttpServer2.java:addFilter(958)) - Added filter static_user_filter (class=org.apache.hadoop.http.lib.StaticUserWebFilter$StaticUserFilter) to context logs
2019-07-14 08:38:02,265 INFO  http.HttpServer2 (HttpServer2.java:addFilter(958)) - Added filter static_user_filter (class=org.apache.hadoop.http.lib.StaticUserWebFilter$StaticUserFilter) to context static
2019-07-14 08:38:02,265 INFO  http.HttpServer2 (HttpServer2.java:bindListener(1191)) - Jetty bound to port 38915
2019-07-14 08:38:02,265 INFO  server.Server (Server.java:doStart(351)) - jetty-9.3.24.v20180605, build timestamp: 2018-06-05T17:11:56Z, git hash: 84205aa28f11a4f31f2a3b86d1bba2cc8ab69827
2019-07-14 08:38:02,267 INFO  handler.ContextHandler (ContextHandler.java:doStart(781)) - Started o.e.j.s.ServletContextHandler@13ebbdab{/logs,file:///workdir/hadoop-ozone/integration-test/target/log,AVAILABLE}
2019-07-14 08:38:02,267 INFO  handler.ContextHandler (ContextHandler.java:doStart(781)) - Started o.e.j.s.ServletContextHandler@5b1295c0{/static,jar:file:/home/user/.m2/repository/org/apache/hadoop/hadoop-hdds-container-service/0.5.0-SNAPSHOT/hadoop-hdds-container-service-0.5.0-SNAPSHOT.jar!/webapps/static,AVAILABLE}
2019-07-14 08:38:02,295 INFO  handler.ContextHandler (ContextHandler.java:doStart(781)) - Started o.e.j.w.WebAppContext@3479b4cd{/,file:///tmp/jetty-0.0.0.0-38915-hddsDatanode-_-any-4516054587360655002.dir/webapp/,AVAILABLE}{/hddsDatanode}
2019-07-14 08:38:02,295 INFO  server.AbstractConnector (AbstractConnector.java:doStart(278)) - Started ServerConnector@34b63def{HTTP/1.1,[http/1.1]}{0.0.0.0:38915}
2019-07-14 08:38:02,295 INFO  server.Server (Server.java:doStart(419)) - Started @640520ms
2019-07-14 08:38:02,297 INFO  server.BaseHttpServer (BaseHttpServer.java:updateConnectorAddress(207)) - HTTP server of HDDSDATANODE is listening at http://0.0.0.0:38915
2019-07-14 08:38:02,395 INFO  ozone.HddsDatanodeService (HddsDatanodeService.java:startPlugins(396)) - Started plug-in org.apache.hadoop.ozone.web.OzoneHddsDatanodeService@357904d7
2019-07-14 08:38:02,395 INFO  ozone.MiniOzoneClusterImpl (MiniOzoneClusterImpl.java:lambda$waitForClusterToBeReady$0(142)) - Waiting for cluster to be ready. Got 0 of 7 DN Heartbeats.
2019-07-14 08:38:02,399 INFO  util.JvmPauseMonitor (JvmPauseMonitor.java:run(188)) - Starting JVM pause monitor
2019-07-14 08:38:02,400 INFO  datanode.InitDatanodeState (InitDatanodeState.java:persistContainerDatanodeDetails(140)) - DatanodeDetails is persisted to /workdir/hadoop-ozone/integration-test/target/test-dir/MiniOzoneClusterImpl-bc5e9f25-ea62-49b4-a651-322acf43a6ff/datanode-6/meta/datanode.id
2019-07-14 08:38:03,373 INFO  ozoneimpl.OzoneContainer (OzoneContainer.java:start(186)) - Attempting to start container services.
2019-07-14 08:38:03,374 INFO  ozoneimpl.OzoneContainer (OzoneContainer.java:startContainerScrub(160)) - Background container scrubber has been disabled by hdds.containerscrub.enabled
2019-07-14 08:38:03,374 INFO  ratis.XceiverServerRatis (XceiverServerRatis.java:start(418)) - Starting XceiverServerRatis 42fb55ec-a868-4f87-91e7-014db3a3e8de at port 0
2019-07-14 08:38:03,381 INFO  impl.RaftServerProxy (RaftServerProxy.java:lambda$start$3(299)) - 42fb55ec-a868-4f87-91e7-014db3a3e8de: start RPC server
2019-07-14 08:38:03,383 INFO  server.GrpcService (GrpcService.java:startImpl(149)) - 42fb55ec-a868-4f87-91e7-014db3a3e8de: GrpcService started, listening on 0.0.0.0/0.0.0.0:43104
2019-07-14 08:38:03,383 INFO  ratis.XceiverServerRatis (XceiverServerRatis.java:start(428)) - XceiverServerRatis 42fb55ec-a868-4f87-91e7-014db3a3e8de is started using port 43104
2019-07-14 08:38:03,384 INFO  server.XceiverServerGrpc (XceiverServerGrpc.java:start(161)) - XceiverServerGrpc 42fb55ec-a868-4f87-91e7-014db3a3e8de is started using port 40987
2019-07-14 08:38:03,395 INFO  ozone.MiniOzoneClusterImpl (MiniOzoneClusterImpl.java:lambda$waitForClusterToBeReady$0(142)) - Waiting for cluster to be ready. Got 0 of 7 DN Heartbeats.
2019-07-14 08:38:03,399 INFO  ozoneimpl.OzoneContainer (OzoneContainer.java:start(186)) - Attempting to start container services.
2019-07-14 08:38:03,400 INFO  ozoneimpl.OzoneContainer (OzoneContainer.java:startContainerScrub(160)) - Background container scrubber has been disabled by hdds.containerscrub.enabled
2019-07-14 08:38:03,400 INFO  ratis.XceiverServerRatis (XceiverServerRatis.java:start(418)) - Starting XceiverServerRatis 0a3ddfcf-3f94-4936-a3d0-6a4ece9c0826 at port 0
2019-07-14 08:38:03,407 INFO  impl.RaftServerProxy (RaftServerProxy.java:lambda$start$3(299)) - 0a3ddfcf-3f94-4936-a3d0-6a4ece9c0826: start RPC server
2019-07-14 08:38:03,408 INFO  server.GrpcService (GrpcService.java:startImpl(149)) - 0a3ddfcf-3f94-4936-a3d0-6a4ece9c0826: GrpcService started, listening on 0.0.0.0/0.0.0.0:33243
2019-07-14 08:38:03,408 INFO  ratis.XceiverServerRatis (XceiverServerRatis.java:start(428)) - XceiverServerRatis 0a3ddfcf-3f94-4936-a3d0-6a4ece9c0826 is started using port 33243
2019-07-14 08:38:03,408 INFO  server.XceiverServerGrpc (XceiverServerGrpc.java:start(161)) - XceiverServerGrpc 0a3ddfcf-3f94-4936-a3d0-6a4ece9c0826 is started using port 38844
2019-07-14 08:38:03,577 INFO  ozoneimpl.OzoneContainer (OzoneContainer.java:start(186)) - Attempting to start container services.
2019-07-14 08:38:03,577 INFO  ozoneimpl.OzoneContainer (OzoneContainer.java:startContainerScrub(160)) - Background container scrubber has been disabled by hdds.containerscrub.enabled
2019-07-14 08:38:03,577 INFO  ratis.XceiverServerRatis (XceiverServerRatis.java:start(418)) - Starting XceiverServerRatis 93815d00-d04d-4827-abd2-cd1dc4ee69f6 at port 0
2019-07-14 08:38:03,584 INFO  impl.RaftServerProxy (RaftServerProxy.java:lambda$start$3(299)) - 93815d00-d04d-4827-abd2-cd1dc4ee69f6: start RPC server
2019-07-14 08:38:03,587 INFO  server.GrpcService (GrpcService.java:startImpl(149)) - 93815d00-d04d-4827-abd2-cd1dc4ee69f6: GrpcService started, listening on 0.0.0.0/0.0.0.0:42573
2019-07-14 08:38:03,587 INFO  ratis.XceiverServerRatis (XceiverServerRatis.java:start(428)) - XceiverServerRatis 93815d00-d04d-4827-abd2-cd1dc4ee69f6 is started using port 42573
2019-07-14 08:38:03,598 INFO  server.XceiverServerGrpc (XceiverServerGrpc.java:start(161)) - XceiverServerGrpc 93815d00-d04d-4827-abd2-cd1dc4ee69f6 is started using port 41399
2019-07-14 08:38:03,741 INFO  ozoneimpl.OzoneContainer (OzoneContainer.java:start(186)) - Attempting to start container services.
2019-07-14 08:38:03,741 INFO  ozoneimpl.OzoneContainer (OzoneContainer.java:startContainerScrub(160)) - Background container scrubber has been disabled by hdds.containerscrub.enabled
2019-07-14 08:38:03,741 INFO  ratis.XceiverServerRatis (XceiverServerRatis.java:start(418)) - Starting XceiverServerRatis e7760f15-2ba8-4abd-948a-61820a731ba5 at port 0
2019-07-14 08:38:03,749 INFO  impl.RaftServerProxy (RaftServerProxy.java:lambda$start$3(299)) - e7760f15-2ba8-4abd-948a-61820a731ba5: start RPC server
2019-07-14 08:38:03,751 INFO  server.GrpcService (GrpcService.java:startImpl(149)) - e7760f15-2ba8-4abd-948a-61820a731ba5: GrpcService started, listening on 0.0.0.0/0.0.0.0:44688
2019-07-14 08:38:03,751 INFO  ratis.XceiverServerRatis (XceiverServerRatis.java:start(428)) - XceiverServerRatis e7760f15-2ba8-4abd-948a-61820a731ba5 is started using port 44688
2019-07-14 08:38:03,752 INFO  server.XceiverServerGrpc (XceiverServerGrpc.java:start(161)) - XceiverServerGrpc e7760f15-2ba8-4abd-948a-61820a731ba5 is started using port 35233
2019-07-14 08:38:04,067 INFO  ozoneimpl.OzoneContainer (OzoneContainer.java:start(186)) - Attempting to start container services.
2019-07-14 08:38:04,067 INFO  ozoneimpl.OzoneContainer (OzoneContainer.java:startContainerScrub(160)) - Background container scrubber has been disabled by hdds.containerscrub.enabled
2019-07-14 08:38:04,067 INFO  ratis.XceiverServerRatis (XceiverServerRatis.java:start(418)) - Starting XceiverServerRatis af1a4b33-ecf5-419a-a1ef-747317418a5f at port 0
2019-07-14 08:38:04,074 INFO  impl.RaftServerProxy (RaftServerProxy.java:lambda$start$3(299)) - af1a4b33-ecf5-419a-a1ef-747317418a5f: start RPC server
2019-07-14 08:38:04,075 INFO  server.GrpcService (GrpcService.java:startImpl(149)) - af1a4b33-ecf5-419a-a1ef-747317418a5f: GrpcService started, listening on 0.0.0.0/0.0.0.0:35568
2019-07-14 08:38:04,075 INFO  ratis.XceiverServerRatis (XceiverServerRatis.java:start(428)) - XceiverServerRatis af1a4b33-ecf5-419a-a1ef-747317418a5f is started using port 35568
2019-07-14 08:38:04,076 INFO  server.XceiverServerGrpc (XceiverServerGrpc.java:start(161)) - XceiverServerGrpc af1a4b33-ecf5-419a-a1ef-747317418a5f is started using port 38798
2019-07-14 08:38:04,245 INFO  ozoneimpl.OzoneContainer (OzoneContainer.java:start(186)) - Attempting to start container services.
2019-07-14 08:38:04,245 INFO  ozoneimpl.OzoneContainer (OzoneContainer.java:startContainerScrub(160)) - Background container scrubber has been disabled by hdds.containerscrub.enabled
2019-07-14 08:38:04,245 INFO  ratis.XceiverServerRatis (XceiverServerRatis.java:start(418)) - Starting XceiverServerRatis 89224a59-d9cf-47b8-a74c-554e37b7647b at port 0
2019-07-14 08:38:04,252 INFO  impl.RaftServerProxy (RaftServerProxy.java:lambda$start$3(299)) - 89224a59-d9cf-47b8-a74c-554e37b7647b: start RPC server
2019-07-14 08:38:04,253 INFO  server.GrpcService (GrpcService.java:startImpl(149)) - 89224a59-d9cf-47b8-a74c-554e37b7647b: GrpcService started, listening on 0.0.0.0/0.0.0.0:40828
2019-07-14 08:38:04,253 INFO  ratis.XceiverServerRatis (XceiverServerRatis.java:start(428)) - XceiverServerRatis 89224a59-d9cf-47b8-a74c-554e37b7647b is started using port 40828
2019-07-14 08:38:04,254 INFO  server.XceiverServerGrpc (XceiverServerGrpc.java:start(161)) - XceiverServerGrpc 89224a59-d9cf-47b8-a74c-554e37b7647b is started using port 45094
2019-07-14 08:38:04,396 INFO  ozone.MiniOzoneClusterImpl (MiniOzoneClusterImpl.java:lambda$waitForClusterToBeReady$0(142)) - Waiting for cluster to be ready. Got 0 of 7 DN Heartbeats.
2019-07-14 08:38:04,404 INFO  ozoneimpl.OzoneContainer (OzoneContainer.java:start(186)) - Attempting to start container services.
2019-07-14 08:38:04,409 INFO  ozoneimpl.OzoneContainer (OzoneContainer.java:startContainerScrub(160)) - Background container scrubber has been disabled by hdds.containerscrub.enabled
2019-07-14 08:38:04,409 INFO  ratis.XceiverServerRatis (XceiverServerRatis.java:start(418)) - Starting XceiverServerRatis f56d7db9-1019-40eb-bad9-c23a60c3bfde at port 0
2019-07-14 08:38:04,417 INFO  impl.RaftServerProxy (RaftServerProxy.java:lambda$start$3(299)) - f56d7db9-1019-40eb-bad9-c23a60c3bfde: start RPC server
2019-07-14 08:38:04,427 INFO  server.GrpcService (GrpcService.java:startImpl(149)) - f56d7db9-1019-40eb-bad9-c23a60c3bfde: GrpcService started, listening on 0.0.0.0/0.0.0.0:35033
2019-07-14 08:38:04,427 INFO  ratis.XceiverServerRatis (XceiverServerRatis.java:start(428)) - XceiverServerRatis f56d7db9-1019-40eb-bad9-c23a60c3bfde is started using port 35033
2019-07-14 08:38:04,428 INFO  server.XceiverServerGrpc (XceiverServerGrpc.java:start(161)) - XceiverServerGrpc f56d7db9-1019-40eb-bad9-c23a60c3bfde is started using port 42124
2019-07-14 08:38:05,223 INFO  net.NetworkTopology (NetworkTopologyImpl.java:add(110)) - Added a new node: /default-rack/192.168.5.191
2019-07-14 08:38:05,226 INFO  node.SCMNodeManager (SCMNodeManager.java:register(269)) - Registered Data node : 42fb55ec-a868-4f87-91e7-014db3a3e8de{ip: 192.168.5.191, host: trunk-nightly-5z2vd-27108033, networkLocation: /default-rack, certSerialId: null}
2019-07-14 08:38:05,227 INFO  safemode.SCMSafeModeManager (DataNodeSafeModeRule.java:process(71)) - SCM in safe mode. 1 DataNodes registered, 1 required.
2019-07-14 08:38:05,229 INFO  safemode.SCMSafeModeManager (SCMSafeModeManager.java:validateSafeModeExitRules(177)) - ScmSafeModeManager, all rules are successfully validated
2019-07-14 08:38:05,229 INFO  safemode.SCMSafeModeManager (SCMSafeModeManager.java:exitSafeMode(193)) - SCM exiting safe mode.
2019-07-14 08:38:05,248 INFO  impl.RaftServerProxy (RaftServerProxy.java:addNew(89)) - 42fb55ec-a868-4f87-91e7-014db3a3e8de: addNew group-DC8DA109E706:[42fb55ec-a868-4f87-91e7-014db3a3e8de:192.168.5.191:43104] returns group-DC8DA109E706:java.util.concurrent.CompletableFuture@2fab70b8[Not completed]
2019-07-14 08:38:05,250 INFO  impl.RaftServerImpl (RaftServerImpl.java:<init>(93)) - 42fb55ec-a868-4f87-91e7-014db3a3e8de: new RaftServerImpl for group-DC8DA109E706:[42fb55ec-a868-4f87-91e7-014db3a3e8de:192.168.5.191:43104] with ContainerStateMachine:uninitialized
2019-07-14 08:38:05,250 INFO  server.RaftServerConfigKeys (ConfUtils.java:logGet(43)) - raft.server.rpc.timeout.min = 5s (custom)
2019-07-14 08:38:05,250 INFO  server.RaftServerConfigKeys (ConfUtils.java:logGet(43)) - raft.server.rpc.timeout.max = 5200ms (custom)
2019-07-14 08:38:05,250 INFO  server.RaftServerConfigKeys (ConfUtils.java:logGet(43)) - raft.server.rpcslowness.timeout = 120s (custom)
2019-07-14 08:38:05,250 INFO  server.RaftServerConfigKeys (ConfUtils.java:logGet(43)) - raft.server.sleep.deviation.threshold = 300 (default)
2019-07-14 08:38:05,250 INFO  server.RaftServerConfigKeys (ConfUtils.java:logGet(43)) - raft.server.log.appender.install.snapshot.enabled = false (custom)
2019-07-14 08:38:05,250 INFO  impl.RaftServerImpl (ServerState.java:<init>(105)) - 42fb55ec-a868-4f87-91e7-014db3a3e8de:group-DC8DA109E706 ConfigurationManager, init=-1: [42fb55ec-a868-4f87-91e7-014db3a3e8de:192.168.5.191:43104], old=null, confs=<EMPTY_MAP>
2019-07-14 08:38:05,251 INFO  server.RaftServerConfigKeys (ConfUtils.java:logGet(43)) - raft.server.storage.dir = [/workdir/hadoop-ozone/integration-test/target/test-dir/MiniOzoneClusterImpl-bc5e9f25-ea62-49b4-a651-322acf43a6ff/datanode-0/data/ratis] (custom)
2019-07-14 08:38:05,251 INFO  storage.RaftStorageDirectory (RaftStorageDirectory.java:analyzeStorage(246)) - The storage directory /workdir/hadoop-ozone/integration-test/target/test-dir/MiniOzoneClusterImpl-bc5e9f25-ea62-49b4-a651-322acf43a6ff/datanode-0/data/ratis/42a80fde-8f82-4779-8316-dc8da109e706 does not exist. Creating ...
2019-07-14 08:38:05,264 INFO  storage.RaftStorageDirectory (RaftStorageDirectory.java:tryLock(328)) - Lock on /workdir/hadoop-ozone/integration-test/target/test-dir/MiniOzoneClusterImpl-bc5e9f25-ea62-49b4-a651-322acf43a6ff/datanode-0/data/ratis/42a80fde-8f82-4779-8316-dc8da109e706/in_use.lock acquired by nodename 31844@trunk-nightly-5z2vd-27108033
2019-07-14 08:38:05,268 INFO  storage.RaftStorage (RaftStorage.java:format(72)) - Storage directory /workdir/hadoop-ozone/integration-test/target/test-dir/MiniOzoneClusterImpl-bc5e9f25-ea62-49b4-a651-322acf43a6ff/datanode-0/data/ratis/42a80fde-8f82-4779-8316-dc8da109e706 has been successfully formatted.
2019-07-14 08:38:05,269 INFO  ratis.ContainerStateMachine (ContainerStateMachine.java:loadSnapshot(200)) - group-DC8DA109E706: The snapshot info is null. Setting the last applied indexto:(t:0, i:~)
2019-07-14 08:38:05,269 INFO  server.RaftServerConfigKeys (ConfUtils.java:logGet(43)) - raft.server.leader.election.timeout = 120s (custom)
2019-07-14 08:38:05,269 INFO  server.RaftServerConfigKeys (ConfUtils.java:logGet(43)) - raft.server.log.use.memory = false (default)
2019-07-14 08:38:05,269 INFO  server.RaftServerConfigKeys (ConfUtils.java:logGet(43)) - raft.server.log.purge.gap = 1000000000 (custom)
2019-07-14 08:38:05,269 INFO  server.RaftServerConfigKeys (ConfUtils.java:logGet(43)) - raft.server.log.appender.buffer.byte-limit = 33554432 (custom)
2019-07-14 08:38:05,270 INFO  server.RaftServerConfigKeys (ConfUtils.java:logGet(43)) - raft.server.log.segment.size.max = 1048576 (custom)
2019-07-14 08:38:05,270 INFO  server.RaftServerConfigKeys (ConfUtils.java:logGet(43)) - raft.server.log.segment.cache.num.max = 2 (custom)
2019-07-14 08:38:05,270 INFO  segmented.SegmentedRaftLogWorker (SegmentedRaftLogWorker.java:<init>(172)) - new 42fb55ec-a868-4f87-91e7-014db3a3e8de-SegmentedRaftLogWorker:Storage Directory /workdir/hadoop-ozone/integration-test/target/test-dir/MiniOzoneClusterImpl-bc5e9f25-ea62-49b4-a651-322acf43a6ff/datanode-0/data/ratis/42a80fde-8f82-4779-8316-dc8da109e706 for RaftStorage:Storage Directory /workdir/hadoop-ozone/integration-test/target/test-dir/MiniOzoneClusterImpl-bc5e9f25-ea62-49b4-a651-322acf43a6ff/datanode-0/data/ratis/42a80fde-8f82-4779-8316-dc8da109e706
2019-07-14 08:38:05,270 INFO  server.RaftServerConfigKeys (ConfUtils.java:logGet(43)) - raft.server.log.queue.byte-limit = 2147483647 (custom)
2019-07-14 08:38:05,270 INFO  server.RaftServerConfigKeys (ConfUtils.java:logGet(43)) - raft.server.log.queue.element-limit = 1024 (custom)
2019-07-14 08:38:05,271 INFO  server.RaftServerConfigKeys (ConfUtils.java:logGet(43)) - raft.server.log.segment.size.max = 1048576 (custom)
2019-07-14 08:38:05,271 INFO  server.RaftServerConfigKeys (ConfUtils.java:logGet(43)) - raft.server.log.preallocated.size = 16384 (custom)
2019-07-14 08:38:05,271 INFO  server.RaftServerConfigKeys (ConfUtils.java:logGet(43)) - raft.server.log.write.buffer.size = 33554432 (custom)
2019-07-14 08:38:05,271 INFO  server.RaftServerConfigKeys (ConfUtils.java:logGet(43)) - raft.server.log.force.sync.num = 128 (default)
2019-07-14 08:38:05,271 INFO  server.RaftServerConfigKeys (ConfUtils.java:logGet(43)) - raft.server.log.statemachine.data.sync = true (default)
2019-07-14 08:38:05,271 INFO  server.RaftServerConfigKeys (ConfUtils.java:logGet(43)) - raft.server.log.statemachine.data.sync.timeout = 10s (default)
2019-07-14 08:38:05,272 INFO  server.RaftServerConfigKeys (ConfUtils.java:logGet(43)) - raft.server.log.statemachine.data.sync.timeout.retry = -1 (default)
2019-07-14 08:38:05,272 INFO  server.RaftServerConfigKeys (ConfUtils.java:logGet(43)) - raft.server.log.statemachine.data.caching.enabled = true (custom)
2019-07-14 08:38:05,272 INFO  segmented.SegmentedRaftLogWorker (SegmentedRaftLogWorker.java:lambda$new$0(132)) - 42fb55ec-a868-4f87-91e7-014db3a3e8de-SegmentedRaftLogWorker:Storage Directory /workdir/hadoop-ozone/integration-test/target/test-dir/MiniOzoneClusterImpl-bc5e9f25-ea62-49b4-a651-322acf43a6ff/datanode-0/data/ratis/42a80fde-8f82-4779-8316-dc8da109e706: flushIndex: setUnconditionally 0 -> -1
2019-07-14 08:38:05,273 INFO  server.RaftServerConfigKeys (ConfUtils.java:logGet(43)) - raft.server.snapshot.auto.trigger.enabled = true (custom)
2019-07-14 08:38:05,273 INFO  server.RaftServerConfigKeys (ConfUtils.java:logGet(43)) - raft.server.snapshot.auto.trigger.threshold = 10000 (custom)
2019-07-14 08:38:05,273 INFO  server.RaftServerConfigKeys (ConfUtils.java:logGet(43)) - raft.server.retrycache.expirytime = 600000ms (custom)
2019-07-14 08:38:05,273 INFO  impl.RaftServerImpl (RaftServerImpl.java:start(180)) - 42fb55ec-a868-4f87-91e7-014db3a3e8de: start group-DC8DA109E706
2019-07-14 08:38:05,273 INFO  impl.RaftServerImpl (RaftServerImpl.java:setRole(171)) - 42fb55ec-a868-4f87-91e7-014db3a3e8de:group-DC8DA109E706 changes role from null to FOLLOWER at term 0 for startAsFollower
2019-07-14 08:38:05,273 INFO  impl.RoleInfo (RoleInfo.java:updateAndGet(143)) - 42fb55ec-a868-4f87-91e7-014db3a3e8de: start FollowerState
2019-07-14 08:38:05,275 INFO  util.JmxRegister (JmxRegister.java:tryRegister(44)) - Successfully registered JMX Bean with object name Ratis:service=RaftServer,group=group-DC8DA109E706,id=42fb55ec-a868-4f87-91e7-014db3a3e8de
2019-07-14 08:38:05,288 INFO  pipeline.PipelineStateManager (PipelineStateManager.java:addPipeline(56)) - Created pipeline Pipeline[ Id: 42a80fde-8f82-4779-8316-dc8da109e706, Nodes: 42fb55ec-a868-4f87-91e7-014db3a3e8de{ip: 192.168.5.191, host: trunk-nightly-5z2vd-27108033, networkLocation: /default-rack, certSerialId: null}, Type:RATIS, Factor:ONE, State:OPEN]
2019-07-14 08:38:05,394 INFO  node.SCMNodeManager (SCMNodeManager.java:register(269)) - Registered Data node : 0a3ddfcf-3f94-4936-a3d0-6a4ece9c0826{ip: 192.168.5.191, host: trunk-nightly-5z2vd-27108033, networkLocation: /default-rack, certSerialId: null}
2019-07-14 08:38:05,396 INFO  ozone.MiniOzoneClusterImpl (MiniOzoneClusterImpl.java:lambda$waitForClusterToBeReady$0(142)) - Waiting for cluster to be ready. Got 2 of 7 DN Heartbeats.
2019-07-14 08:38:05,401 INFO  impl.RaftServerProxy (RaftServerProxy.java:addNew(89)) - 0a3ddfcf-3f94-4936-a3d0-6a4ece9c0826: addNew group-6A56D83734DD:[0a3ddfcf-3f94-4936-a3d0-6a4ece9c0826:192.168.5.191:33243] returns group-6A56D83734DD:java.util.concurrent.CompletableFuture@3659e88e[Not completed]
2019-07-14 08:38:05,402 INFO  impl.RaftServerImpl (RaftServerImpl.java:<init>(93)) - 0a3ddfcf-3f94-4936-a3d0-6a4ece9c0826: new RaftServerImpl for group-6A56D83734DD:[0a3ddfcf-3f94-4936-a3d0-6a4ece9c0826:192.168.5.191:33243] with ContainerStateMachine:uninitialized
2019-07-14 08:38:05,403 INFO  server.RaftServerConfigKeys (ConfUtils.java:logGet(43)) - raft.server.rpc.timeout.min = 5s (custom)
2019-07-14 08:38:05,403 INFO  server.RaftServerConfigKeys (ConfUtils.java:logGet(43)) - raft.server.rpc.timeout.max = 5200ms (custom)
2019-07-14 08:38:05,403 INFO  server.RaftServerConfigKeys (ConfUtils.java:logGet(43)) - raft.server.rpcslowness.timeout = 120s (custom)
2019-07-14 08:38:05,403 INFO  server.RaftServerConfigKeys (ConfUtils.java:logGet(43)) - raft.server.sleep.deviation.threshold = 300 (default)
2019-07-14 08:38:05,403 INFO  server.RaftServerConfigKeys (ConfUtils.java:logGet(43)) - raft.server.log.appender.install.snapshot.enabled = false (custom)
2019-07-14 08:38:05,403 INFO  impl.RaftServerImpl (ServerState.java:<init>(105)) - 0a3ddfcf-3f94-4936-a3d0-6a4ece9c0826:group-6A56D83734DD ConfigurationManager, init=-1: [0a3ddfcf-3f94-4936-a3d0-6a4ece9c0826:192.168.5.191:33243], old=null, confs=<EMPTY_MAP>
2019-07-14 08:38:05,403 INFO  server.RaftServerConfigKeys (ConfUtils.java:logGet(43)) - raft.server.storage.dir = [/workdir/hadoop-ozone/integration-test/target/test-dir/MiniOzoneClusterImpl-bc5e9f25-ea62-49b4-a651-322acf43a6ff/datanode-1/data/ratis] (custom)
2019-07-14 08:38:05,404 INFO  storage.RaftStorageDirectory (RaftStorageDirectory.java:analyzeStorage(246)) - The storage directory /workdir/hadoop-ozone/integration-test/target/test-dir/MiniOzoneClusterImpl-bc5e9f25-ea62-49b4-a651-322acf43a6ff/datanode-1/data/ratis/e4a8beb7-65e1-4345-bd1f-6a56d83734dd does not exist. Creating ...
2019-07-14 08:38:05,408 INFO  storage.RaftStorageDirectory (RaftStorageDirectory.java:tryLock(328)) - Lock on /workdir/hadoop-ozone/integration-test/target/test-dir/MiniOzoneClusterImpl-bc5e9f25-ea62-49b4-a651-322acf43a6ff/datanode-1/data/ratis/e4a8beb7-65e1-4345-bd1f-6a56d83734dd/in_use.lock acquired by nodename 31844@trunk-nightly-5z2vd-27108033
2019-07-14 08:38:05,412 INFO  storage.RaftStorage (RaftStorage.java:format(72)) - Storage directory /workdir/hadoop-ozone/integration-test/target/test-dir/MiniOzoneClusterImpl-bc5e9f25-ea62-49b4-a651-322acf43a6ff/datanode-1/data/ratis/e4a8beb7-65e1-4345-bd1f-6a56d83734dd has been successfully formatted.
2019-07-14 08:38:05,413 INFO  ratis.ContainerStateMachine (ContainerStateMachine.java:loadSnapshot(200)) - group-6A56D83734DD: The snapshot info is null. Setting the last applied indexto:(t:0, i:~)
2019-07-14 08:38:05,413 INFO  server.RaftServerConfigKeys (ConfUtils.java:logGet(43)) - raft.server.leader.election.timeout = 120s (custom)
2019-07-14 08:38:05,413 INFO  server.RaftServerConfigKeys (ConfUtils.java:logGet(43)) - raft.server.log.use.memory = false (default)
2019-07-14 08:38:05,413 INFO  server.RaftServerConfigKeys (ConfUtils.java:logGet(43)) - raft.server.log.purge.gap = 1000000000 (custom)
2019-07-14 08:38:05,413 INFO  server.RaftServerConfigKeys (ConfUtils.java:logGet(43)) - raft.server.log.appender.buffer.byte-limit = 33554432 (custom)
2019-07-14 08:38:05,413 INFO  server.RaftServerConfigKeys (ConfUtils.java:logGet(43)) - raft.server.log.segment.size.max = 1048576 (custom)
2019-07-14 08:38:05,414 INFO  server.RaftServerConfigKeys (ConfUtils.java:logGet(43)) - raft.server.log.segment.cache.num.max = 2 (custom)
2019-07-14 08:38:05,414 INFO  segmented.SegmentedRaftLogWorker (SegmentedRaftLogWorker.java:<init>(172)) - new 0a3ddfcf-3f94-4936-a3d0-6a4ece9c0826-SegmentedRaftLogWorker:Storage Directory /workdir/hadoop-ozone/integration-test/target/test-dir/MiniOzoneClusterImpl-bc5e9f25-ea62-49b4-a651-322acf43a6ff/datanode-1/data/ratis/e4a8beb7-65e1-4345-bd1f-6a56d83734dd for RaftStorage:Storage Directory /workdir/hadoop-ozone/integration-test/target/test-dir/MiniOzoneClusterImpl-bc5e9f25-ea62-49b4-a651-322acf43a6ff/datanode-1/data/ratis/e4a8beb7-65e1-4345-bd1f-6a56d83734dd
2019-07-14 08:38:05,414 INFO  server.RaftServerConfigKeys (ConfUtils.java:logGet(43)) - raft.server.log.queue.byte-limit = 2147483647 (custom)
2019-07-14 08:38:05,414 INFO  server.RaftServerConfigKeys (ConfUtils.java:logGet(43)) - raft.server.log.queue.element-limit = 1024 (custom)
2019-07-14 08:38:05,414 INFO  server.RaftServerConfigKeys (ConfUtils.java:logGet(43)) - raft.server.log.segment.size.max = 1048576 (custom)
2019-07-14 08:38:05,414 INFO  server.RaftServerConfigKeys (ConfUtils.java:logGet(43)) - raft.server.log.preallocated.size = 16384 (custom)
2019-07-14 08:38:05,415 INFO  server.RaftServerConfigKeys (ConfUtils.java:logGet(43)) - raft.server.log.write.buffer.size = 33554432 (custom)
2019-07-14 08:38:05,415 INFO  server.RaftServerConfigKeys (ConfUtils.java:logGet(43)) - raft.server.log.force.sync.num = 128 (default)
2019-07-14 08:38:05,415 INFO  server.RaftServerConfigKeys (ConfUtils.java:logGet(43)) - raft.server.log.statemachine.data.sync = true (default)
2019-07-14 08:38:05,415 INFO  server.RaftServerConfigKeys (ConfUtils.java:logGet(43)) - raft.server.log.statemachine.data.sync.timeout = 10s (default)
2019-07-14 08:38:05,415 INFO  server.RaftServerConfigKeys (ConfUtils.java:logGet(43)) - raft.server.log.statemachine.data.sync.timeout.retry = -1 (default)
2019-07-14 08:38:05,416 INFO  server.RaftServerConfigKeys (ConfUtils.java:logGet(43)) - raft.server.log.statemachine.data.caching.enabled = true (custom)
2019-07-14 08:38:05,416 INFO  segmented.SegmentedRaftLogWorker (SegmentedRaftLogWorker.java:lambda$new$0(132)) - 0a3ddfcf-3f94-4936-a3d0-6a4ece9c0826-SegmentedRaftLogWorker:Storage Directory /workdir/hadoop-ozone/integration-test/target/test-dir/MiniOzoneClusterImpl-bc5e9f25-ea62-49b4-a651-322acf43a6ff/datanode-1/data/ratis/e4a8beb7-65e1-4345-bd1f-6a56d83734dd: flushIndex: setUnconditionally 0 -> -1
2019-07-14 08:38:05,416 INFO  server.RaftServerConfigKeys (ConfUtils.java:logGet(43)) - raft.server.snapshot.auto.trigger.enabled = true (custom)
2019-07-14 08:38:05,416 INFO  server.RaftServerConfigKeys (ConfUtils.java:logGet(43)) - raft.server.snapshot.auto.trigger.threshold = 10000 (custom)
2019-07-14 08:38:05,417 INFO  server.RaftServerConfigKeys (ConfUtils.java:logGet(43)) - raft.server.retrycache.expirytime = 600000ms (custom)
2019-07-14 08:38:05,417 INFO  impl.RaftServerImpl (RaftServerImpl.java:start(180)) - 0a3ddfcf-3f94-4936-a3d0-6a4ece9c0826: start group-6A56D83734DD
2019-07-14 08:38:05,417 INFO  impl.RaftServerImpl (RaftServerImpl.java:setRole(171)) - 0a3ddfcf-3f94-4936-a3d0-6a4ece9c0826:group-6A56D83734DD changes role from null to FOLLOWER at term 0 for startAsFollower
2019-07-14 08:38:05,417 INFO  impl.RoleInfo (RoleInfo.java:updateAndGet(143)) - 0a3ddfcf-3f94-4936-a3d0-6a4ece9c0826: start FollowerState
2019-07-14 08:38:05,418 INFO  util.JmxRegister (JmxRegister.java:tryRegister(44)) - Successfully registered JMX Bean with object name Ratis:service=RaftServer,group=group-6A56D83734DD,id=0a3ddfcf-3f94-4936-a3d0-6a4ece9c0826
2019-07-14 08:38:05,422 INFO  pipeline.PipelineStateManager (PipelineStateManager.java:addPipeline(56)) - Created pipeline Pipeline[ Id: e4a8beb7-65e1-4345-bd1f-6a56d83734dd, Nodes: 0a3ddfcf-3f94-4936-a3d0-6a4ece9c0826{ip: 192.168.5.191, host: trunk-nightly-5z2vd-27108033, networkLocation: /default-rack, certSerialId: null}, Type:RATIS, Factor:ONE, State:OPEN]
2019-07-14 08:38:05,565 INFO  node.SCMNodeManager (SCMNodeManager.java:register(269)) - Registered Data node : 93815d00-d04d-4827-abd2-cd1dc4ee69f6{ip: 192.168.5.191, host: trunk-nightly-5z2vd-27108033, networkLocation: /default-rack, certSerialId: null}
2019-07-14 08:38:05,575 INFO  impl.RaftServerProxy (RaftServerProxy.java:addNew(89)) - 93815d00-d04d-4827-abd2-cd1dc4ee69f6: addNew group-2B6F66A34D1B:[93815d00-d04d-4827-abd2-cd1dc4ee69f6:192.168.5.191:42573] returns group-2B6F66A34D1B:java.util.concurrent.CompletableFuture@3425cefb[Not completed]
2019-07-14 08:38:05,576 INFO  impl.RaftServerImpl (RaftServerImpl.java:<init>(93)) - 93815d00-d04d-4827-abd2-cd1dc4ee69f6: new RaftServerImpl for group-2B6F66A34D1B:[93815d00-d04d-4827-abd2-cd1dc4ee69f6:192.168.5.191:42573] with ContainerStateMachine:uninitialized
2019-07-14 08:38:05,576 INFO  server.RaftServerConfigKeys (ConfUtils.java:logGet(43)) - raft.server.rpc.timeout.min = 5s (custom)
2019-07-14 08:38:05,576 INFO  server.RaftServerConfigKeys (ConfUtils.java:logGet(43)) - raft.server.rpc.timeout.max = 5200ms (custom)
2019-07-14 08:38:05,576 INFO  server.RaftServerConfigKeys (ConfUtils.java:logGet(43)) - raft.server.rpcslowness.timeout = 120s (custom)
2019-07-14 08:38:05,576 INFO  server.RaftServerConfigKeys (ConfUtils.java:logGet(43)) - raft.server.sleep.deviation.threshold = 300 (default)
2019-07-14 08:38:05,577 INFO  server.RaftServerConfigKeys (ConfUtils.java:logGet(43)) - raft.server.log.appender.install.snapshot.enabled = false (custom)
2019-07-14 08:38:05,577 INFO  impl.RaftServerImpl (ServerState.java:<init>(105)) - 93815d00-d04d-4827-abd2-cd1dc4ee69f6:group-2B6F66A34D1B ConfigurationManager, init=-1: [93815d00-d04d-4827-abd2-cd1dc4ee69f6:192.168.5.191:42573], old=null, confs=<EMPTY_MAP>
2019-07-14 08:38:05,577 INFO  server.RaftServerConfigKeys (ConfUtils.java:logGet(43)) - raft.server.storage.dir = [/workdir/hadoop-ozone/integration-test/target/test-dir/MiniOzoneClusterImpl-bc5e9f25-ea62-49b4-a651-322acf43a6ff/datanode-2/data/ratis] (custom)
2019-07-14 08:38:05,577 INFO  storage.RaftStorageDirectory (RaftStorageDirectory.java:analyzeStorage(246)) - The storage directory /workdir/hadoop-ozone/integration-test/target/test-dir/MiniOzoneClusterImpl-bc5e9f25-ea62-49b4-a651-322acf43a6ff/datanode-2/data/ratis/5f3fbc3a-5a9a-420a-9672-2b6f66a34d1b does not exist. Creating ...
2019-07-14 08:38:05,582 INFO  storage.RaftStorageDirectory (RaftStorageDirectory.java:tryLock(328)) - Lock on /workdir/hadoop-ozone/integration-test/target/test-dir/MiniOzoneClusterImpl-bc5e9f25-ea62-49b4-a651-322acf43a6ff/datanode-2/data/ratis/5f3fbc3a-5a9a-420a-9672-2b6f66a34d1b/in_use.lock acquired by nodename 31844@trunk-nightly-5z2vd-27108033
2019-07-14 08:38:05,585 INFO  storage.RaftStorage (RaftStorage.java:format(72)) - Storage directory /workdir/hadoop-ozone/integration-test/target/test-dir/MiniOzoneClusterImpl-bc5e9f25-ea62-49b4-a651-322acf43a6ff/datanode-2/data/ratis/5f3fbc3a-5a9a-420a-9672-2b6f66a34d1b has been successfully formatted.
2019-07-14 08:38:05,586 INFO  ratis.ContainerStateMachine (ContainerStateMachine.java:loadSnapshot(200)) - group-2B6F66A34D1B: The snapshot info is null. Setting the last applied indexto:(t:0, i:~)
2019-07-14 08:38:05,586 INFO  server.RaftServerConfigKeys (ConfUtils.java:logGet(43)) - raft.server.leader.election.timeout = 120s (custom)
2019-07-14 08:38:05,586 INFO  server.RaftServerConfigKeys (ConfUtils.java:logGet(43)) - raft.server.log.use.memory = false (default)
2019-07-14 08:38:05,586 INFO  server.RaftServerConfigKeys (ConfUtils.java:logGet(43)) - raft.server.log.purge.gap = 1000000000 (custom)
2019-07-14 08:38:05,586 INFO  server.RaftServerConfigKeys (ConfUtils.java:logGet(43)) - raft.server.log.appender.buffer.byte-limit = 33554432 (custom)
2019-07-14 08:38:05,586 INFO  server.RaftServerConfigKeys (ConfUtils.java:logGet(43)) - raft.server.log.segment.size.max = 1048576 (custom)
2019-07-14 08:38:05,587 INFO  server.RaftServerConfigKeys (ConfUtils.java:logGet(43)) - raft.server.log.segment.cache.num.max = 2 (custom)
2019-07-14 08:38:05,587 INFO  segmented.SegmentedRaftLogWorker (SegmentedRaftLogWorker.java:<init>(172)) - new 93815d00-d04d-4827-abd2-cd1dc4ee69f6-SegmentedRaftLogWorker:Storage Directory /workdir/hadoop-ozone/integration-test/target/test-dir/MiniOzoneClusterImpl-bc5e9f25-ea62-49b4-a651-322acf43a6ff/datanode-2/data/ratis/5f3fbc3a-5a9a-420a-9672-2b6f66a34d1b for RaftStorage:Storage Directory /workdir/hadoop-ozone/integration-test/target/test-dir/MiniOzoneClusterImpl-bc5e9f25-ea62-49b4-a651-322acf43a6ff/datanode-2/data/ratis/5f3fbc3a-5a9a-420a-9672-2b6f66a34d1b
2019-07-14 08:38:05,587 INFO  server.RaftServerConfigKeys (ConfUtils.java:logGet(43)) - raft.server.log.queue.byte-limit = 2147483647 (custom)
2019-07-14 08:38:05,587 INFO  server.RaftServerConfigKeys (ConfUtils.java:logGet(43)) - raft.server.log.queue.element-limit = 1024 (custom)
2019-07-14 08:38:05,587 INFO  server.RaftServerConfigKeys (ConfUtils.java:logGet(43)) - raft.server.log.segment.size.max = 1048576 (custom)
2019-07-14 08:38:05,588 INFO  server.RaftServerConfigKeys (ConfUtils.java:logGet(43)) - raft.server.log.preallocated.size = 16384 (custom)
2019-07-14 08:38:05,588 INFO  server.RaftServerConfigKeys (ConfUtils.java:logGet(43)) - raft.server.log.write.buffer.size = 33554432 (custom)
2019-07-14 08:38:05,588 INFO  server.RaftServerConfigKeys (ConfUtils.java:logGet(43)) - raft.server.log.force.sync.num = 128 (default)
2019-07-14 08:38:05,588 INFO  server.RaftServerConfigKeys (ConfUtils.java:logGet(43)) - raft.server.log.statemachine.data.sync = true (default)
2019-07-14 08:38:05,588 INFO  server.RaftServerConfigKeys (ConfUtils.java:logGet(43)) - raft.server.log.statemachine.data.sync.timeout = 10s (default)
2019-07-14 08:38:05,588 INFO  server.RaftServerConfigKeys (ConfUtils.java:logGet(43)) - raft.server.log.statemachine.data.sync.timeout.retry = -1 (default)
2019-07-14 08:38:05,589 INFO  server.RaftServerConfigKeys (ConfUtils.java:logGet(43)) - raft.server.log.statemachine.data.caching.enabled = true (custom)
2019-07-14 08:38:05,589 INFO  segmented.SegmentedRaftLogWorker (SegmentedRaftLogWorker.java:lambda$new$0(132)) - 93815d00-d04d-4827-abd2-cd1dc4ee69f6-SegmentedRaftLogWorker:Storage Directory /workdir/hadoop-ozone/integration-test/target/test-dir/MiniOzoneClusterImpl-bc5e9f25-ea62-49b4-a651-322acf43a6ff/datanode-2/data/ratis/5f3fbc3a-5a9a-420a-9672-2b6f66a34d1b: flushIndex: setUnconditionally 0 -> -1
2019-07-14 08:38:05,589 INFO  server.RaftServerConfigKeys (ConfUtils.java:logGet(43)) - raft.server.snapshot.auto.trigger.enabled = true (custom)
2019-07-14 08:38:05,589 INFO  server.RaftServerConfigKeys (ConfUtils.java:logGet(43)) - raft.server.snapshot.auto.trigger.threshold = 10000 (custom)
2019-07-14 08:38:05,590 INFO  server.RaftServerConfigKeys (ConfUtils.java:logGet(43)) - raft.server.retrycache.expirytime = 600000ms (custom)
2019-07-14 08:38:05,590 INFO  impl.RaftServerImpl (RaftServerImpl.java:start(180)) - 93815d00-d04d-4827-abd2-cd1dc4ee69f6: start group-2B6F66A34D1B
2019-07-14 08:38:05,590 INFO  impl.RaftServerImpl (RaftServerImpl.java:setRole(171)) - 93815d00-d04d-4827-abd2-cd1dc4ee69f6:group-2B6F66A34D1B changes role from null to FOLLOWER at term 0 for startAsFollower
2019-07-14 08:38:05,590 INFO  impl.RoleInfo (RoleInfo.java:updateAndGet(143)) - 93815d00-d04d-4827-abd2-cd1dc4ee69f6: start FollowerState
2019-07-14 08:38:05,591 INFO  util.JmxRegister (JmxRegister.java:tryRegister(44)) - Successfully registered JMX Bean with object name Ratis:service=RaftServer,group=group-2B6F66A34D1B,id=93815d00-d04d-4827-abd2-cd1dc4ee69f6
2019-07-14 08:38:05,595 INFO  pipeline.PipelineStateManager (PipelineStateManager.java:addPipeline(56)) - Created pipeline Pipeline[ Id: 5f3fbc3a-5a9a-420a-9672-2b6f66a34d1b, Nodes: 93815d00-d04d-4827-abd2-cd1dc4ee69f6{ip: 192.168.5.191, host: trunk-nightly-5z2vd-27108033, networkLocation: /default-rack, certSerialId: null}, Type:RATIS, Factor:ONE, State:OPEN]
2019-07-14 08:38:05,615 INFO  impl.RaftServerProxy (RaftServerProxy.java:addNew(89)) - 93815d00-d04d-4827-abd2-cd1dc4ee69f6: addNew group-E1CE863F6E46:[42fb55ec-a868-4f87-91e7-014db3a3e8de:192.168.5.191:43104, 93815d00-d04d-4827-abd2-cd1dc4ee69f6:192.168.5.191:42573, 0a3ddfcf-3f94-4936-a3d0-6a4ece9c0826:192.168.5.191:33243] returns group-E1CE863F6E46:java.util.concurrent.CompletableFuture@690046a0[Not completed]
2019-07-14 08:38:05,615 INFO  impl.RaftServerProxy (RaftServerProxy.java:addNew(89)) - 42fb55ec-a868-4f87-91e7-014db3a3e8de: addNew group-E1CE863F6E46:[42fb55ec-a868-4f87-91e7-014db3a3e8de:192.168.5.191:43104, 93815d00-d04d-4827-abd2-cd1dc4ee69f6:192.168.5.191:42573, 0a3ddfcf-3f94-4936-a3d0-6a4ece9c0826:192.168.5.191:33243] returns group-E1CE863F6E46:java.util.concurrent.CompletableFuture@888fabb[Not completed]
2019-07-14 08:38:05,615 INFO  impl.RaftServerProxy (RaftServerProxy.java:addNew(89)) - 0a3ddfcf-3f94-4936-a3d0-6a4ece9c0826: addNew group-E1CE863F6E46:[42fb55ec-a868-4f87-91e7-014db3a3e8de:192.168.5.191:43104, 93815d00-d04d-4827-abd2-cd1dc4ee69f6:192.168.5.191:42573, 0a3ddfcf-3f94-4936-a3d0-6a4ece9c0826:192.168.5.191:33243] returns group-E1CE863F6E46:java.util.concurrent.CompletableFuture@14194d84[Not completed]
2019-07-14 08:38:05,616 INFO  impl.RaftServerImpl (RaftServerImpl.java:<init>(93)) - 42fb55ec-a868-4f87-91e7-014db3a3e8de: new RaftServerImpl for group-E1CE863F6E46:[42fb55ec-a868-4f87-91e7-014db3a3e8de:192.168.5.191:43104, 93815d00-d04d-4827-abd2-cd1dc4ee69f6:192.168.5.191:42573, 0a3ddfcf-3f94-4936-a3d0-6a4ece9c0826:192.168.5.191:33243] with ContainerStateMachine:uninitialized
2019-07-14 08:38:05,616 INFO  server.RaftServerConfigKeys (ConfUtils.java:logGet(43)) - raft.server.rpc.timeout.min = 5s (custom)
2019-07-14 08:38:05,616 INFO  server.RaftServerConfigKeys (ConfUtils.java:logGet(43)) - raft.server.rpc.timeout.max = 5200ms (custom)
2019-07-14 08:38:05,617 INFO  impl.RaftServerImpl (RaftServerImpl.java:<init>(93)) - 93815d00-d04d-4827-abd2-cd1dc4ee69f6: new RaftServerImpl for group-E1CE863F6E46:[42fb55ec-a868-4f87-91e7-014db3a3e8de:192.168.5.191:43104, 93815d00-d04d-4827-abd2-cd1dc4ee69f6:192.168.5.191:42573, 0a3ddfcf-3f94-4936-a3d0-6a4ece9c0826:192.168.5.191:33243] with ContainerStateMachine:uninitialized
2019-07-14 08:38:05,617 INFO  server.RaftServerConfigKeys (ConfUtils.java:logGet(43)) - raft.server.rpcslowness.timeout = 120s (custom)
2019-07-14 08:38:05,617 INFO  server.RaftServerConfigKeys (ConfUtils.java:logGet(43)) - raft.server.rpc.timeout.min = 5s (custom)
2019-07-14 08:38:05,617 INFO  server.RaftServerConfigKeys (ConfUtils.java:logGet(43)) - raft.server.sleep.deviation.threshold = 300 (default)
2019-07-14 08:38:05,617 INFO  impl.RaftServerImpl (RaftServerImpl.java:<init>(93)) - 0a3ddfcf-3f94-4936-a3d0-6a4ece9c0826: new RaftServerImpl for group-E1CE863F6E46:[42fb55ec-a868-4f87-91e7-014db3a3e8de:192.168.5.191:43104, 93815d00-d04d-4827-abd2-cd1dc4ee69f6:192.168.5.191:42573, 0a3ddfcf-3f94-4936-a3d0-6a4ece9c0826:192.168.5.191:33243] with ContainerStateMachine:uninitialized
2019-07-14 08:38:05,617 INFO  server.RaftServerConfigKeys (ConfUtils.java:logGet(43)) - raft.server.log.appender.install.snapshot.enabled = false (custom)
2019-07-14 08:38:05,617 INFO  server.RaftServerConfigKeys (ConfUtils.java:logGet(43)) - raft.server.rpc.timeout.max = 5200ms (custom)
2019-07-14 08:38:05,617 INFO  impl.RaftServerImpl (ServerState.java:<init>(105)) - 42fb55ec-a868-4f87-91e7-014db3a3e8de:group-E1CE863F6E46 ConfigurationManager, init=-1: [42fb55ec-a868-4f87-91e7-014db3a3e8de:192.168.5.191:43104, 93815d00-d04d-4827-abd2-cd1dc4ee69f6:192.168.5.191:42573, 0a3ddfcf-3f94-4936-a3d0-6a4ece9c0826:192.168.5.191:33243], old=null, confs=<EMPTY_MAP>
2019-07-14 08:38:05,617 INFO  server.RaftServerConfigKeys (ConfUtils.java:logGet(43)) - raft.server.rpc.timeout.min = 5s (custom)
2019-07-14 08:38:05,618 INFO  server.RaftServerConfigKeys (ConfUtils.java:logGet(43)) - raft.server.storage.dir = [/workdir/hadoop-ozone/integration-test/target/test-dir/MiniOzoneClusterImpl-bc5e9f25-ea62-49b4-a651-322acf43a6ff/datanode-0/data/ratis] (custom)
2019-07-14 08:38:05,618 INFO  server.RaftServerConfigKeys (ConfUtils.java:logGet(43)) - raft.server.rpcslowness.timeout = 120s (custom)
2019-07-14 08:38:05,618 INFO  server.RaftServerConfigKeys (ConfUtils.java:logGet(43)) - raft.server.rpc.timeout.max = 5200ms (custom)
2019-07-14 08:38:05,618 INFO  storage.RaftStorageDirectory (RaftStorageDirectory.java:analyzeStorage(246)) - The storage directory /workdir/hadoop-ozone/integration-test/target/test-dir/MiniOzoneClusterImpl-bc5e9f25-ea62-49b4-a651-322acf43a6ff/datanode-0/data/ratis/fd89ffc8-e2e3-40ba-aea4-e1ce863f6e46 does not exist. Creating ...
2019-07-14 08:38:05,618 INFO  server.RaftServerConfigKeys (ConfUtils.java:logGet(43)) - raft.server.sleep.deviation.threshold = 300 (default)
2019-07-14 08:38:05,619 INFO  server.RaftServerConfigKeys (ConfUtils.java:logGet(43)) - raft.server.log.appender.install.snapshot.enabled = false (custom)
2019-07-14 08:38:05,618 INFO  server.RaftServerConfigKeys (ConfUtils.java:logGet(43)) - raft.server.rpcslowness.timeout = 120s (custom)
2019-07-14 08:38:05,619 INFO  impl.RaftServerImpl (ServerState.java:<init>(105)) - 93815d00-d04d-4827-abd2-cd1dc4ee69f6:group-E1CE863F6E46 ConfigurationManager, init=-1: [42fb55ec-a868-4f87-91e7-014db3a3e8de:192.168.5.191:43104, 93815d00-d04d-4827-abd2-cd1dc4ee69f6:192.168.5.191:42573, 0a3ddfcf-3f94-4936-a3d0-6a4ece9c0826:192.168.5.191:33243], old=null, confs=<EMPTY_MAP>
2019-07-14 08:38:05,619 INFO  server.RaftServerConfigKeys (ConfUtils.java:logGet(43)) - raft.server.sleep.deviation.threshold = 300 (default)
2019-07-14 08:38:05,619 INFO  server.RaftServerConfigKeys (ConfUtils.java:logGet(43)) - raft.server.storage.dir = [/workdir/hadoop-ozone/integration-test/target/test-dir/MiniOzoneClusterImpl-bc5e9f25-ea62-49b4-a651-322acf43a6ff/datanode-2/data/ratis] (custom)
2019-07-14 08:38:05,619 INFO  server.RaftServerConfigKeys (ConfUtils.java:logGet(43)) - raft.server.log.appender.install.snapshot.enabled = false (custom)
2019-07-14 08:38:05,619 INFO  impl.RaftServerImpl (ServerState.java:<init>(105)) - 0a3ddfcf-3f94-4936-a3d0-6a4ece9c0826:group-E1CE863F6E46 ConfigurationManager, init=-1: [42fb55ec-a868-4f87-91e7-014db3a3e8de:192.168.5.191:43104, 93815d00-d04d-4827-abd2-cd1dc4ee69f6:192.168.5.191:42573, 0a3ddfcf-3f94-4936-a3d0-6a4ece9c0826:192.168.5.191:33243], old=null, confs=<EMPTY_MAP>
2019-07-14 08:38:05,620 INFO  storage.RaftStorageDirectory (RaftStorageDirectory.java:analyzeStorage(246)) - The storage directory /workdir/hadoop-ozone/integration-test/target/test-dir/MiniOzoneClusterImpl-bc5e9f25-ea62-49b4-a651-322acf43a6ff/datanode-2/data/ratis/fd89ffc8-e2e3-40ba-aea4-e1ce863f6e46 does not exist. Creating ...
2019-07-14 08:38:05,620 INFO  server.RaftServerConfigKeys (ConfUtils.java:logGet(43)) - raft.server.storage.dir = [/workdir/hadoop-ozone/integration-test/target/test-dir/MiniOzoneClusterImpl-bc5e9f25-ea62-49b4-a651-322acf43a6ff/datanode-1/data/ratis] (custom)
2019-07-14 08:38:05,620 INFO  storage.RaftStorageDirectory (RaftStorageDirectory.java:analyzeStorage(246)) - The storage directory /workdir/hadoop-ozone/integration-test/target/test-dir/MiniOzoneClusterImpl-bc5e9f25-ea62-49b4-a651-322acf43a6ff/datanode-1/data/ratis/fd89ffc8-e2e3-40ba-aea4-e1ce863f6e46 does not exist. Creating ...
2019-07-14 08:38:05,625 INFO  storage.RaftStorageDirectory (RaftStorageDirectory.java:tryLock(328)) - Lock on /workdir/hadoop-ozone/integration-test/target/test-dir/MiniOzoneClusterImpl-bc5e9f25-ea62-49b4-a651-322acf43a6ff/datanode-2/data/ratis/fd89ffc8-e2e3-40ba-aea4-e1ce863f6e46/in_use.lock acquired by nodename 31844@trunk-nightly-5z2vd-27108033
2019-07-14 08:38:05,625 INFO  storage.RaftStorageDirectory (RaftStorageDirectory.java:tryLock(328)) - Lock on /workdir/hadoop-ozone/integration-test/target/test-dir/MiniOzoneClusterImpl-bc5e9f25-ea62-49b4-a651-322acf43a6ff/datanode-0/data/ratis/fd89ffc8-e2e3-40ba-aea4-e1ce863f6e46/in_use.lock acquired by nodename 31844@trunk-nightly-5z2vd-27108033
2019-07-14 08:38:05,627 INFO  storage.RaftStorageDirectory (RaftStorageDirectory.java:tryLock(328)) - Lock on /workdir/hadoop-ozone/integration-test/target/test-dir/MiniOzoneClusterImpl-bc5e9f25-ea62-49b4-a651-322acf43a6ff/datanode-1/data/ratis/fd89ffc8-e2e3-40ba-aea4-e1ce863f6e46/in_use.lock acquired by nodename 31844@trunk-nightly-5z2vd-27108033
2019-07-14 08:38:05,629 INFO  storage.RaftStorage (RaftStorage.java:format(72)) - Storage directory /workdir/hadoop-ozone/integration-test/target/test-dir/MiniOzoneClusterImpl-bc5e9f25-ea62-49b4-a651-322acf43a6ff/datanode-0/data/ratis/fd89ffc8-e2e3-40ba-aea4-e1ce863f6e46 has been successfully formatted.
2019-07-14 08:38:05,629 INFO  storage.RaftStorage (RaftStorage.java:format(72)) - Storage directory /workdir/hadoop-ozone/integration-test/target/test-dir/MiniOzoneClusterImpl-bc5e9f25-ea62-49b4-a651-322acf43a6ff/datanode-2/data/ratis/fd89ffc8-e2e3-40ba-aea4-e1ce863f6e46 has been successfully formatted.
2019-07-14 08:38:05,630 INFO  ratis.ContainerStateMachine (ContainerStateMachine.java:loadSnapshot(200)) - group-E1CE863F6E46: The snapshot info is null. Setting the last applied indexto:(t:0, i:~)
2019-07-14 08:38:05,630 INFO  ratis.ContainerStateMachine (ContainerStateMachine.java:loadSnapshot(200)) - group-E1CE863F6E46: The snapshot info is null. Setting the last applied indexto:(t:0, i:~)
2019-07-14 08:38:05,630 INFO  server.RaftServerConfigKeys (ConfUtils.java:logGet(43)) - raft.server.leader.election.timeout = 120s (custom)
2019-07-14 08:38:05,630 INFO  server.RaftServerConfigKeys (ConfUtils.java:logGet(43)) - raft.server.leader.election.timeout = 120s (custom)
2019-07-14 08:38:05,630 INFO  server.RaftServerConfigKeys (ConfUtils.java:logGet(43)) - raft.server.log.use.memory = false (default)
2019-07-14 08:38:05,630 INFO  server.RaftServerConfigKeys (ConfUtils.java:logGet(43)) - raft.server.log.use.memory = false (default)
2019-07-14 08:38:05,631 INFO  server.RaftServerConfigKeys (ConfUtils.java:logGet(43)) - raft.server.log.purge.gap = 1000000000 (custom)
2019-07-14 08:38:05,631 INFO  server.RaftServerConfigKeys (ConfUtils.java:logGet(43)) - raft.server.log.purge.gap = 1000000000 (custom)
2019-07-14 08:38:05,631 INFO  server.RaftServerConfigKeys (ConfUtils.java:logGet(43)) - raft.server.log.appender.buffer.byte-limit = 33554432 (custom)
2019-07-14 08:38:05,631 INFO  storage.RaftStorage (RaftStorage.java:format(72)) - Storage directory /workdir/hadoop-ozone/integration-test/target/test-dir/MiniOzoneClusterImpl-bc5e9f25-ea62-49b4-a651-322acf43a6ff/datanode-1/data/ratis/fd89ffc8-e2e3-40ba-aea4-e1ce863f6e46 has been successfully formatted.
2019-07-14 08:38:05,631 INFO  server.RaftServerConfigKeys (ConfUtils.java:logGet(43)) - raft.server.log.segment.size.max = 1048576 (custom)
2019-07-14 08:38:05,631 INFO  server.RaftServerConfigKeys (ConfUtils.java:logGet(43)) - raft.server.log.segment.cache.num.max = 2 (custom)
2019-07-14 08:38:05,631 INFO  server.RaftServerConfigKeys (ConfUtils.java:logGet(43)) - raft.server.log.appender.buffer.byte-limit = 33554432 (custom)
2019-07-14 08:38:05,632 INFO  segmented.SegmentedRaftLogWorker (SegmentedRaftLogWorker.java:<init>(172)) - new 93815d00-d04d-4827-abd2-cd1dc4ee69f6-SegmentedRaftLogWorker:Storage Directory /workdir/hadoop-ozone/integration-test/target/test-dir/MiniOzoneClusterImpl-bc5e9f25-ea62-49b4-a651-322acf43a6ff/datanode-2/data/ratis/fd89ffc8-e2e3-40ba-aea4-e1ce863f6e46 for RaftStorage:Storage Directory /workdir/hadoop-ozone/integration-test/target/test-dir/MiniOzoneClusterImpl-bc5e9f25-ea62-49b4-a651-322acf43a6ff/datanode-2/data/ratis/fd89ffc8-e2e3-40ba-aea4-e1ce863f6e46
2019-07-14 08:38:05,631 INFO  ratis.ContainerStateMachine (ContainerStateMachine.java:loadSnapshot(200)) - group-E1CE863F6E46: The snapshot info is null. Setting the last applied indexto:(t:0, i:~)
2019-07-14 08:38:05,632 INFO  server.RaftServerConfigKeys (ConfUtils.java:logGet(43)) - raft.server.log.queue.byte-limit = 2147483647 (custom)
2019-07-14 08:38:05,632 INFO  server.RaftServerConfigKeys (ConfUtils.java:logGet(43)) - raft.server.log.segment.size.max = 1048576 (custom)
2019-07-14 08:38:05,632 INFO  server.RaftServerConfigKeys (ConfUtils.java:logGet(43)) - raft.server.log.queue.element-limit = 1024 (custom)
2019-07-14 08:38:05,632 INFO  server.RaftServerConfigKeys (ConfUtils.java:logGet(43)) - raft.server.leader.election.timeout = 120s (custom)
2019-07-14 08:38:05,633 INFO  server.RaftServerConfigKeys (ConfUtils.java:logGet(43)) - raft.server.log.segment.size.max = 1048576 (custom)
2019-07-14 08:38:05,632 INFO  server.RaftServerConfigKeys (ConfUtils.java:logGet(43)) - raft.server.log.segment.cache.num.max = 2 (custom)
2019-07-14 08:38:05,633 INFO  server.RaftServerConfigKeys (ConfUtils.java:logGet(43)) - raft.server.log.preallocated.size = 16384 (custom)
2019-07-14 08:38:05,633 INFO  server.RaftServerConfigKeys (ConfUtils.java:logGet(43)) - raft.server.log.use.memory = false (default)
2019-07-14 08:38:05,633 INFO  server.RaftServerConfigKeys (ConfUtils.java:logGet(43)) - raft.server.log.write.buffer.size = 33554432 (custom)
2019-07-14 08:38:05,633 INFO  server.RaftServerConfigKeys (ConfUtils.java:logGet(43)) - raft.server.log.force.sync.num = 128 (default)
2019-07-14 08:38:05,633 INFO  segmented.SegmentedRaftLogWorker (SegmentedRaftLogWorker.java:<init>(172)) - new 42fb55ec-a868-4f87-91e7-014db3a3e8de-SegmentedRaftLogWorker:Storage Directory /workdir/hadoop-ozone/integration-test/target/test-dir/MiniOzoneClusterImpl-bc5e9f25-ea62-49b4-a651-322acf43a6ff/datanode-0/data/ratis/fd89ffc8-e2e3-40ba-aea4-e1ce863f6e46 for RaftStorage:Storage Directory /workdir/hadoop-ozone/integration-test/target/test-dir/MiniOzoneClusterImpl-bc5e9f25-ea62-49b4-a651-322acf43a6ff/datanode-0/data/ratis/fd89ffc8-e2e3-40ba-aea4-e1ce863f6e46
2019-07-14 08:38:05,634 INFO  server.RaftServerConfigKeys (ConfUtils.java:logGet(43)) - raft.server.log.statemachine.data.sync = true (default)
2019-07-14 08:38:05,633 INFO  server.RaftServerConfigKeys (ConfUtils.java:logGet(43)) - raft.server.log.purge.gap = 1000000000 (custom)
2019-07-14 08:38:05,634 INFO  server.RaftServerConfigKeys (ConfUtils.java:logGet(43)) - raft.server.log.statemachine.data.sync.timeout = 10s (default)
2019-07-14 08:38:05,634 INFO  server.RaftServerConfigKeys (ConfUtils.java:logGet(43)) - raft.server.log.queue.byte-limit = 2147483647 (custom)
2019-07-14 08:38:05,634 INFO  server.RaftServerConfigKeys (ConfUtils.java:logGet(43)) - raft.server.log.statemachine.data.sync.timeout.retry = -1 (default)
2019-07-14 08:38:05,634 INFO  server.RaftServerConfigKeys (ConfUtils.java:logGet(43)) - raft.server.log.appender.buffer.byte-limit = 33554432 (custom)
2019-07-14 08:38:05,635 INFO  server.RaftServerConfigKeys (ConfUtils.java:logGet(43)) - raft.server.log.statemachine.data.caching.enabled = true (custom)
2019-07-14 08:38:05,634 INFO  server.RaftServerConfigKeys (ConfUtils.java:logGet(43)) - raft.server.log.queue.element-limit = 1024 (custom)
2019-07-14 08:38:05,635 INFO  server.RaftServerConfigKeys (ConfUtils.java:logGet(43)) - raft.server.log.segment.size.max = 1048576 (custom)
2019-07-14 08:38:05,635 INFO  server.RaftServerConfigKeys (ConfUtils.java:logGet(43)) - raft.server.log.segment.size.max = 1048576 (custom)
2019-07-14 08:38:05,635 INFO  segmented.SegmentedRaftLogWorker (SegmentedRaftLogWorker.java:lambda$new$0(132)) - 93815d00-d04d-4827-abd2-cd1dc4ee69f6-SegmentedRaftLogWorker:Storage Directory /workdir/hadoop-ozone/integration-test/target/test-dir/MiniOzoneClusterImpl-bc5e9f25-ea62-49b4-a651-322acf43a6ff/datanode-2/data/ratis/fd89ffc8-e2e3-40ba-aea4-e1ce863f6e46: flushIndex: setUnconditionally 0 -> -1
2019-07-14 08:38:05,635 INFO  server.RaftServerConfigKeys (ConfUtils.java:logGet(43)) - raft.server.log.preallocated.size = 16384 (custom)
2019-07-14 08:38:05,635 INFO  server.RaftServerConfigKeys (ConfUtils.java:logGet(43)) - raft.server.log.segment.cache.num.max = 2 (custom)
2019-07-14 08:38:05,636 INFO  server.RaftServerConfigKeys (ConfUtils.java:logGet(43)) - raft.server.snapshot.auto.trigger.enabled = true (custom)
2019-07-14 08:38:05,636 INFO  server.RaftServerConfigKeys (ConfUtils.java:logGet(43)) - raft.server.snapshot.auto.trigger.threshold = 10000 (custom)
2019-07-14 08:38:05,636 INFO  server.RaftServerConfigKeys (ConfUtils.java:logGet(43)) - raft.server.log.write.buffer.size = 33554432 (custom)
2019-07-14 08:38:05,636 INFO  server.RaftServerConfigKeys (ConfUtils.java:logGet(43)) - raft.server.retrycache.expirytime = 600000ms (custom)
2019-07-14 08:38:05,636 INFO  segmented.SegmentedRaftLogWorker (SegmentedRaftLogWorker.java:<init>(172)) - new 0a3ddfcf-3f94-4936-a3d0-6a4ece9c0826-SegmentedRaftLogWorker:Storage Directory /workdir/hadoop-ozone/integration-test/target/test-dir/MiniOzoneClusterImpl-bc5e9f25-ea62-49b4-a651-322acf43a6ff/datanode-1/data/ratis/fd89ffc8-e2e3-40ba-aea4-e1ce863f6e46 for RaftStorage:Storage Directory /workdir/hadoop-ozone/integration-test/target/test-dir/MiniOzoneClusterImpl-bc5e9f25-ea62-49b4-a651-322acf43a6ff/datanode-1/data/ratis/fd89ffc8-e2e3-40ba-aea4-e1ce863f6e46
2019-07-14 08:38:05,636 INFO  impl.RaftServerImpl (RaftServerImpl.java:start(180)) - 93815d00-d04d-4827-abd2-cd1dc4ee69f6: start group-E1CE863F6E46
2019-07-14 08:38:05,637 INFO  impl.RaftServerImpl (RaftServerImpl.java:setRole(171)) - 93815d00-d04d-4827-abd2-cd1dc4ee69f6:group-E1CE863F6E46 changes role from null to FOLLOWER at term 0 for startAsFollower
2019-07-14 08:38:05,636 INFO  server.RaftServerConfigKeys (ConfUtils.java:logGet(43)) - raft.server.log.force.sync.num = 128 (default)
2019-07-14 08:38:05,637 INFO  impl.RoleInfo (RoleInfo.java:updateAndGet(143)) - 93815d00-d04d-4827-abd2-cd1dc4ee69f6: start FollowerState
2019-07-14 08:38:05,637 INFO  server.RaftServerConfigKeys (ConfUtils.java:logGet(43)) - raft.server.log.queue.byte-limit = 2147483647 (custom)
2019-07-14 08:38:05,637 INFO  server.RaftServerConfigKeys (ConfUtils.java:logGet(43)) - raft.server.log.queue.element-limit = 1024 (custom)
2019-07-14 08:38:05,637 INFO  server.RaftServerConfigKeys (ConfUtils.java:logGet(43)) - raft.server.log.statemachine.data.sync = true (default)
2019-07-14 08:38:05,637 INFO  server.RaftServerConfigKeys (ConfUtils.java:logGet(43)) - raft.server.log.segment.size.max = 1048576 (custom)
2019-07-14 08:38:05,637 INFO  util.JmxRegister (JmxRegister.java:tryRegister(44)) - Successfully registered JMX Bean with object name Ratis:service=RaftServer,group=group-E1CE863F6E46,id=93815d00-d04d-4827-abd2-cd1dc4ee69f6
2019-07-14 08:38:05,638 INFO  server.RaftServerConfigKeys (ConfUtils.java:logGet(43)) - raft.server.log.preallocated.size = 16384 (custom)
2019-07-14 08:38:05,638 INFO  server.RaftServerConfigKeys (ConfUtils.java:logGet(43)) - raft.server.log.write.buffer.size = 33554432 (custom)
2019-07-14 08:38:05,638 INFO  server.RaftServerConfigKeys (ConfUtils.java:logGet(43)) - raft.server.log.statemachine.data.sync.timeout = 10s (default)
2019-07-14 08:38:05,638 INFO  server.RaftServerConfigKeys (ConfUtils.java:logGet(43)) - raft.server.log.force.sync.num = 128 (default)
2019-07-14 08:38:05,638 INFO  server.RaftServerConfigKeys (ConfUtils.java:logGet(43)) - raft.server.log.statemachine.data.sync.timeout.retry = -1 (default)
2019-07-14 08:38:05,639 INFO  server.RaftServerConfigKeys (ConfUtils.java:logGet(43)) - raft.server.log.statemachine.data.sync = true (default)
2019-07-14 08:38:05,639 INFO  server.RaftServerConfigKeys (ConfUtils.java:logGet(43)) - raft.server.log.statemachine.data.caching.enabled = true (custom)
2019-07-14 08:38:05,639 INFO  server.RaftServerConfigKeys (ConfUtils.java:logGet(43)) - raft.server.log.statemachine.data.sync.timeout = 10s (default)
2019-07-14 08:38:05,642 INFO  server.RaftServerConfigKeys (ConfUtils.java:logGet(43)) - raft.server.log.statemachine.data.sync.timeout.retry = -1 (default)
2019-07-14 08:38:05,642 INFO  segmented.SegmentedRaftLogWorker (SegmentedRaftLogWorker.java:lambda$new$0(132)) - 42fb55ec-a868-4f87-91e7-014db3a3e8de-SegmentedRaftLogWorker:Storage Directory /workdir/hadoop-ozone/integration-test/target/test-dir/MiniOzoneClusterImpl-bc5e9f25-ea62-49b4-a651-322acf43a6ff/datanode-0/data/ratis/fd89ffc8-e2e3-40ba-aea4-e1ce863f6e46: flushIndex: setUnconditionally 0 -> -1
2019-07-14 08:38:05,642 INFO  server.RaftServerConfigKeys (ConfUtils.java:logGet(43)) - raft.server.log.statemachine.data.caching.enabled = true (custom)
2019-07-14 08:38:05,642 INFO  server.RaftServerConfigKeys (ConfUtils.java:logGet(43)) - raft.server.snapshot.auto.trigger.enabled = true (custom)
2019-07-14 08:38:05,642 INFO  segmented.SegmentedRaftLogWorker (SegmentedRaftLogWorker.java:lambda$new$0(132)) - 0a3ddfcf-3f94-4936-a3d0-6a4ece9c0826-SegmentedRaftLogWorker:Storage Directory /workdir/hadoop-ozone/integration-test/target/test-dir/MiniOzoneClusterImpl-bc5e9f25-ea62-49b4-a651-322acf43a6ff/datanode-1/data/ratis/fd89ffc8-e2e3-40ba-aea4-e1ce863f6e46: flushIndex: setUnconditionally 0 -> -1
2019-07-14 08:38:05,642 INFO  server.RaftServerConfigKeys (ConfUtils.java:logGet(43)) - raft.server.snapshot.auto.trigger.threshold = 10000 (custom)
2019-07-14 08:38:05,643 INFO  server.RaftServerConfigKeys (ConfUtils.java:logGet(43)) - raft.server.retrycache.expirytime = 600000ms (custom)
2019-07-14 08:38:05,643 INFO  server.RaftServerConfigKeys (ConfUtils.java:logGet(43)) - raft.server.snapshot.auto.trigger.enabled = true (custom)
2019-07-14 08:38:05,643 INFO  impl.RaftServerImpl (RaftServerImpl.java:start(180)) - 42fb55ec-a868-4f87-91e7-014db3a3e8de: start group-E1CE863F6E46
2019-07-14 08:38:05,643 INFO  server.RaftServerConfigKeys (ConfUtils.java:logGet(43)) - raft.server.snapshot.auto.trigger.threshold = 10000 (custom)
2019-07-14 08:38:05,643 INFO  impl.RaftServerImpl (RaftServerImpl.java:setRole(171)) - 42fb55ec-a868-4f87-91e7-014db3a3e8de:group-E1CE863F6E46 changes role from null to FOLLOWER at term 0 for startAsFollower
2019-07-14 08:38:05,643 INFO  server.RaftServerConfigKeys (ConfUtils.java:logGet(43)) - raft.server.retrycache.expirytime = 600000ms (custom)
2019-07-14 08:38:05,643 INFO  impl.RoleInfo (RoleInfo.java:updateAndGet(143)) - 42fb55ec-a868-4f87-91e7-014db3a3e8de: start FollowerState
2019-07-14 08:38:05,643 INFO  impl.RaftServerImpl (RaftServerImpl.java:start(180)) - 0a3ddfcf-3f94-4936-a3d0-6a4ece9c0826: start group-E1CE863F6E46
2019-07-14 08:38:05,644 INFO  impl.RaftServerImpl (RaftServerImpl.java:setRole(171)) - 0a3ddfcf-3f94-4936-a3d0-6a4ece9c0826:group-E1CE863F6E46 changes role from null to FOLLOWER at term 0 for startAsFollower
2019-07-14 08:38:05,644 INFO  impl.RoleInfo (RoleInfo.java:updateAndGet(143)) - 0a3ddfcf-3f94-4936-a3d0-6a4ece9c0826: start FollowerState
2019-07-14 08:38:05,644 INFO  util.JmxRegister (JmxRegister.java:tryRegister(44)) - Successfully registered JMX Bean with object name Ratis:service=RaftServer,group=group-E1CE863F6E46,id=42fb55ec-a868-4f87-91e7-014db3a3e8de
2019-07-14 08:38:05,644 INFO  util.JmxRegister (JmxRegister.java:tryRegister(44)) - Successfully registered JMX Bean with object name Ratis:service=RaftServer,group=group-E1CE863F6E46,id=0a3ddfcf-3f94-4936-a3d0-6a4ece9c0826
2019-07-14 08:38:05,651 INFO  pipeline.PipelineStateManager (PipelineStateManager.java:addPipeline(56)) - Created pipeline Pipeline[ Id: fd89ffc8-e2e3-40ba-aea4-e1ce863f6e46, Nodes: 0a3ddfcf-3f94-4936-a3d0-6a4ece9c0826{ip: 192.168.5.191, host: trunk-nightly-5z2vd-27108033, networkLocation: /default-rack, certSerialId: null}93815d00-d04d-4827-abd2-cd1dc4ee69f6{ip: 192.168.5.191, host: trunk-nightly-5z2vd-27108033, networkLocation: /default-rack, certSerialId: null}42fb55ec-a868-4f87-91e7-014db3a3e8de{ip: 192.168.5.191, host: trunk-nightly-5z2vd-27108033, networkLocation: /default-rack, certSerialId: null}, Type:RATIS, Factor:THREE, State:OPEN]
2019-07-14 08:38:05,737 INFO  node.SCMNodeManager (SCMNodeManager.java:register(269)) - Registered Data node : e7760f15-2ba8-4abd-948a-61820a731ba5{ip: 192.168.5.191, host: trunk-nightly-5z2vd-27108033, networkLocation: /default-rack, certSerialId: null}
2019-07-14 08:38:05,752 INFO  impl.RaftServerProxy (RaftServerProxy.java:addNew(89)) - e7760f15-2ba8-4abd-948a-61820a731ba5: addNew group-E2883DE1F1DD:[e7760f15-2ba8-4abd-948a-61820a731ba5:192.168.5.191:44688] returns group-E2883DE1F1DD:java.util.concurrent.CompletableFuture@5d659321[Not completed]
2019-07-14 08:38:05,753 INFO  impl.RaftServerImpl (RaftServerImpl.java:<init>(93)) - e7760f15-2ba8-4abd-948a-61820a731ba5: new RaftServerImpl for group-E2883DE1F1DD:[e7760f15-2ba8-4abd-948a-61820a731ba5:192.168.5.191:44688] with ContainerStateMachine:uninitialized
2019-07-14 08:38:05,753 INFO  server.RaftServerConfigKeys (ConfUtils.java:logGet(43)) - raft.server.rpc.timeout.min = 5s (custom)
2019-07-14 08:38:05,753 INFO  server.RaftServerConfigKeys (ConfUtils.java:logGet(43)) - raft.server.rpc.timeout.max = 5200ms (custom)
2019-07-14 08:38:05,753 INFO  server.RaftServerConfigKeys (ConfUtils.java:logGet(43)) - raft.server.rpcslowness.timeout = 120s (custom)
2019-07-14 08:38:05,753 INFO  server.RaftServerConfigKeys (ConfUtils.java:logGet(43)) - raft.server.sleep.deviation.threshold = 300 (default)
2019-07-14 08:38:05,753 INFO  server.RaftServerConfigKeys (ConfUtils.java:logGet(43)) - raft.server.log.appender.install.snapshot.enabled = false (custom)
2019-07-14 08:38:05,753 INFO  impl.RaftServerImpl (ServerState.java:<init>(105)) - e7760f15-2ba8-4abd-948a-61820a731ba5:group-E2883DE1F1DD ConfigurationManager, init=-1: [e7760f15-2ba8-4abd-948a-61820a731ba5:192.168.5.191:44688], old=null, confs=<EMPTY_MAP>
2019-07-14 08:38:05,754 INFO  server.RaftServerConfigKeys (ConfUtils.java:logGet(43)) - raft.server.storage.dir = [/workdir/hadoop-ozone/integration-test/target/test-dir/MiniOzoneClusterImpl-bc5e9f25-ea62-49b4-a651-322acf43a6ff/datanode-3/data/ratis] (custom)
2019-07-14 08:38:05,754 INFO  storage.RaftStorageDirectory (RaftStorageDirectory.java:analyzeStorage(246)) - The storage directory /workdir/hadoop-ozone/integration-test/target/test-dir/MiniOzoneClusterImpl-bc5e9f25-ea62-49b4-a651-322acf43a6ff/datanode-3/data/ratis/a644076f-00d4-4914-aab4-e2883de1f1dd does not exist. Creating ...
2019-07-14 08:38:05,758 INFO  storage.RaftStorageDirectory (RaftStorageDirectory.java:tryLock(328)) - Lock on /workdir/hadoop-ozone/integration-test/target/test-dir/MiniOzoneClusterImpl-bc5e9f25-ea62-49b4-a651-322acf43a6ff/datanode-3/data/ratis/a644076f-00d4-4914-aab4-e2883de1f1dd/in_use.lock acquired by nodename 31844@trunk-nightly-5z2vd-27108033
2019-07-14 08:38:05,764 INFO  storage.RaftStorage (RaftStorage.java:format(72)) - Storage directory /workdir/hadoop-ozone/integration-test/target/test-dir/MiniOzoneClusterImpl-bc5e9f25-ea62-49b4-a651-322acf43a6ff/datanode-3/data/ratis/a644076f-00d4-4914-aab4-e2883de1f1dd has been successfully formatted.
2019-07-14 08:38:05,764 INFO  ratis.ContainerStateMachine (ContainerStateMachine.java:loadSnapshot(200)) - group-E2883DE1F1DD: The snapshot info is null. Setting the last applied indexto:(t:0, i:~)
2019-07-14 08:38:05,764 INFO  server.RaftServerConfigKeys (ConfUtils.java:logGet(43)) - raft.server.leader.election.timeout = 120s (custom)
2019-07-14 08:38:05,764 INFO  server.RaftServerConfigKeys (ConfUtils.java:logGet(43)) - raft.server.log.use.memory = false (default)
2019-07-14 08:38:05,764 INFO  server.RaftServerConfigKeys (ConfUtils.java:logGet(43)) - raft.server.log.purge.gap = 1000000000 (custom)
2019-07-14 08:38:05,764 INFO  server.RaftServerConfigKeys (ConfUtils.java:logGet(43)) - raft.server.log.appender.buffer.byte-limit = 33554432 (custom)
2019-07-14 08:38:05,765 INFO  server.RaftServerConfigKeys (ConfUtils.java:logGet(43)) - raft.server.log.segment.size.max = 1048576 (custom)
2019-07-14 08:38:05,765 INFO  server.RaftServerConfigKeys (ConfUtils.java:logGet(43)) - raft.server.log.segment.cache.num.max = 2 (custom)
2019-07-14 08:38:05,765 INFO  segmented.SegmentedRaftLogWorker (SegmentedRaftLogWorker.java:<init>(172)) - new e7760f15-2ba8-4abd-948a-61820a731ba5-SegmentedRaftLogWorker:Storage Directory /workdir/hadoop-ozone/integration-test/target/test-dir/MiniOzoneClusterImpl-bc5e9f25-ea62-49b4-a651-322acf43a6ff/datanode-3/data/ratis/a644076f-00d4-4914-aab4-e2883de1f1dd for RaftStorage:Storage Directory /workdir/hadoop-ozone/integration-test/target/test-dir/MiniOzoneClusterImpl-bc5e9f25-ea62-49b4-a651-322acf43a6ff/datanode-3/data/ratis/a644076f-00d4-4914-aab4-e2883de1f1dd
2019-07-14 08:38:05,765 INFO  server.RaftServerConfigKeys (ConfUtils.java:logGet(43)) - raft.server.log.queue.byte-limit = 2147483647 (custom)
2019-07-14 08:38:05,765 INFO  server.RaftServerConfigKeys (ConfUtils.java:logGet(43)) - raft.server.log.queue.element-limit = 1024 (custom)
2019-07-14 08:38:05,766 INFO  server.RaftServerConfigKeys (ConfUtils.java:logGet(43)) - raft.server.log.segment.size.max = 1048576 (custom)
2019-07-14 08:38:05,766 INFO  server.RaftServerConfigKeys (ConfUtils.java:logGet(43)) - raft.server.log.preallocated.size = 16384 (custom)
2019-07-14 08:38:05,766 INFO  server.RaftServerConfigKeys (ConfUtils.java:logGet(43)) - raft.server.log.write.buffer.size = 33554432 (custom)
2019-07-14 08:38:05,766 INFO  server.RaftServerConfigKeys (ConfUtils.java:logGet(43)) - raft.server.log.force.sync.num = 128 (default)
2019-07-14 08:38:05,766 INFO  server.RaftServerConfigKeys (ConfUtils.java:logGet(43)) - raft.server.log.statemachine.data.sync = true (default)
2019-07-14 08:38:05,766 INFO  server.RaftServerConfigKeys (ConfUtils.java:logGet(43)) - raft.server.log.statemachine.data.sync.timeout = 10s (default)
2019-07-14 08:38:05,766 INFO  server.RaftServerConfigKeys (ConfUtils.java:logGet(43)) - raft.server.log.statemachine.data.sync.timeout.retry = -1 (default)
2019-07-14 08:38:05,767 INFO  server.RaftServerConfigKeys (ConfUtils.java:logGet(43)) - raft.server.log.statemachine.data.caching.enabled = true (custom)
2019-07-14 08:38:05,767 INFO  segmented.SegmentedRaftLogWorker (SegmentedRaftLogWorker.java:lambda$new$0(132)) - e7760f15-2ba8-4abd-948a-61820a731ba5-SegmentedRaftLogWorker:Storage Directory /workdir/hadoop-ozone/integration-test/target/test-dir/MiniOzoneClusterImpl-bc5e9f25-ea62-49b4-a651-322acf43a6ff/datanode-3/data/ratis/a644076f-00d4-4914-aab4-e2883de1f1dd: flushIndex: setUnconditionally 0 -> -1
2019-07-14 08:38:05,767 INFO  server.RaftServerConfigKeys (ConfUtils.java:logGet(43)) - raft.server.snapshot.auto.trigger.enabled = true (custom)
2019-07-14 08:38:05,768 INFO  server.RaftServerConfigKeys (ConfUtils.java:logGet(43)) - raft.server.snapshot.auto.trigger.threshold = 10000 (custom)
2019-07-14 08:38:05,768 INFO  server.RaftServerConfigKeys (ConfUtils.java:logGet(43)) - raft.server.retrycache.expirytime = 600000ms (custom)
2019-07-14 08:38:05,768 INFO  impl.RaftServerImpl (RaftServerImpl.java:start(180)) - e7760f15-2ba8-4abd-948a-61820a731ba5: start group-E2883DE1F1DD
2019-07-14 08:38:05,768 INFO  impl.RaftServerImpl (RaftServerImpl.java:setRole(171)) - e7760f15-2ba8-4abd-948a-61820a731ba5:group-E2883DE1F1DD changes role from null to FOLLOWER at term 0 for startAsFollower
2019-07-14 08:38:05,768 INFO  impl.RoleInfo (RoleInfo.java:updateAndGet(143)) - e7760f15-2ba8-4abd-948a-61820a731ba5: start FollowerState
2019-07-14 08:38:05,769 INFO  util.JmxRegister (JmxRegister.java:tryRegister(44)) - Successfully registered JMX Bean with object name Ratis:service=RaftServer,group=group-E2883DE1F1DD,id=e7760f15-2ba8-4abd-948a-61820a731ba5
2019-07-14 08:38:05,773 INFO  pipeline.PipelineStateManager (PipelineStateManager.java:addPipeline(56)) - Created pipeline Pipeline[ Id: a644076f-00d4-4914-aab4-e2883de1f1dd, Nodes: e7760f15-2ba8-4abd-948a-61820a731ba5{ip: 192.168.5.191, host: trunk-nightly-5z2vd-27108033, networkLocation: /default-rack, certSerialId: null}, Type:RATIS, Factor:ONE, State:OPEN]
2019-07-14 08:38:06,063 INFO  node.SCMNodeManager (SCMNodeManager.java:register(269)) - Registered Data node : af1a4b33-ecf5-419a-a1ef-747317418a5f{ip: 192.168.5.191, host: trunk-nightly-5z2vd-27108033, networkLocation: /default-rack, certSerialId: null}
2019-07-14 08:38:06,076 INFO  impl.RaftServerProxy (RaftServerProxy.java:addNew(89)) - af1a4b33-ecf5-419a-a1ef-747317418a5f: addNew group-F0BC3210E35C:[af1a4b33-ecf5-419a-a1ef-747317418a5f:192.168.5.191:35568] returns group-F0BC3210E35C:java.util.concurrent.CompletableFuture@5bf9939e[Not completed]
2019-07-14 08:38:06,077 INFO  impl.RaftServerImpl (RaftServerImpl.java:<init>(93)) - af1a4b33-ecf5-419a-a1ef-747317418a5f: new RaftServerImpl for group-F0BC3210E35C:[af1a4b33-ecf5-419a-a1ef-747317418a5f:192.168.5.191:35568] with ContainerStateMachine:uninitialized
2019-07-14 08:38:06,077 INFO  server.RaftServerConfigKeys (ConfUtils.java:logGet(43)) - raft.server.rpc.timeout.min = 5s (custom)
2019-07-14 08:38:06,077 INFO  server.RaftServerConfigKeys (ConfUtils.java:logGet(43)) - raft.server.rpc.timeout.max = 5200ms (custom)
2019-07-14 08:38:06,077 INFO  server.RaftServerConfigKeys (ConfUtils.java:logGet(43)) - raft.server.rpcslowness.timeout = 120s (custom)
2019-07-14 08:38:06,078 INFO  server.RaftServerConfigKeys (ConfUtils.java:logGet(43)) - raft.server.sleep.deviation.threshold = 300 (default)
2019-07-14 08:38:06,078 INFO  server.RaftServerConfigKeys (ConfUtils.java:logGet(43)) - raft.server.log.appender.install.snapshot.enabled = false (custom)
2019-07-14 08:38:06,078 INFO  impl.RaftServerImpl (ServerState.java:<init>(105)) - af1a4b33-ecf5-419a-a1ef-747317418a5f:group-F0BC3210E35C ConfigurationManager, init=-1: [af1a4b33-ecf5-419a-a1ef-747317418a5f:192.168.5.191:35568], old=null, confs=<EMPTY_MAP>
2019-07-14 08:38:06,078 INFO  server.RaftServerConfigKeys (ConfUtils.java:logGet(43)) - raft.server.storage.dir = [/workdir/hadoop-ozone/integration-test/target/test-dir/MiniOzoneClusterImpl-bc5e9f25-ea62-49b4-a651-322acf43a6ff/datanode-4/data/ratis] (custom)
2019-07-14 08:38:06,079 INFO  storage.RaftStorageDirectory (RaftStorageDirectory.java:analyzeStorage(246)) - The storage directory /workdir/hadoop-ozone/integration-test/target/test-dir/MiniOzoneClusterImpl-bc5e9f25-ea62-49b4-a651-322acf43a6ff/datanode-4/data/ratis/cb3e8774-5937-422d-afc4-f0bc3210e35c does not exist. Creating ...
2019-07-14 08:38:06,092 INFO  storage.RaftStorageDirectory (RaftStorageDirectory.java:tryLock(328)) - Lock on /workdir/hadoop-ozone/integration-test/target/test-dir/MiniOzoneClusterImpl-bc5e9f25-ea62-49b4-a651-322acf43a6ff/datanode-4/data/ratis/cb3e8774-5937-422d-afc4-f0bc3210e35c/in_use.lock acquired by nodename 31844@trunk-nightly-5z2vd-27108033
2019-07-14 08:38:06,100 INFO  storage.RaftStorage (RaftStorage.java:format(72)) - Storage directory /workdir/hadoop-ozone/integration-test/target/test-dir/MiniOzoneClusterImpl-bc5e9f25-ea62-49b4-a651-322acf43a6ff/datanode-4/data/ratis/cb3e8774-5937-422d-afc4-f0bc3210e35c has been successfully formatted.
2019-07-14 08:38:06,101 INFO  ratis.ContainerStateMachine (ContainerStateMachine.java:loadSnapshot(200)) - group-F0BC3210E35C: The snapshot info is null. Setting the last applied indexto:(t:0, i:~)
2019-07-14 08:38:06,101 INFO  server.RaftServerConfigKeys (ConfUtils.java:logGet(43)) - raft.server.leader.election.timeout = 120s (custom)
2019-07-14 08:38:06,101 INFO  server.RaftServerConfigKeys (ConfUtils.java:logGet(43)) - raft.server.log.use.memory = false (default)
2019-07-14 08:38:06,101 INFO  server.RaftServerConfigKeys (ConfUtils.java:logGet(43)) - raft.server.log.purge.gap = 1000000000 (custom)
2019-07-14 08:38:06,101 INFO  server.RaftServerConfigKeys (ConfUtils.java:logGet(43)) - raft.server.log.appender.buffer.byte-limit = 33554432 (custom)
2019-07-14 08:38:06,101 INFO  server.RaftServerConfigKeys (ConfUtils.java:logGet(43)) - raft.server.log.segment.size.max = 1048576 (custom)
2019-07-14 08:38:06,102 INFO  server.RaftServerConfigKeys (ConfUtils.java:logGet(43)) - raft.server.log.segment.cache.num.max = 2 (custom)
2019-07-14 08:38:06,102 INFO  segmented.SegmentedRaftLogWorker (SegmentedRaftLogWorker.java:<init>(172)) - new af1a4b33-ecf5-419a-a1ef-747317418a5f-SegmentedRaftLogWorker:Storage Directory /workdir/hadoop-ozone/integration-test/target/test-dir/MiniOzoneClusterImpl-bc5e9f25-ea62-49b4-a651-322acf43a6ff/datanode-4/data/ratis/cb3e8774-5937-422d-afc4-f0bc3210e35c for RaftStorage:Storage Directory /workdir/hadoop-ozone/integration-test/target/test-dir/MiniOzoneClusterImpl-bc5e9f25-ea62-49b4-a651-322acf43a6ff/datanode-4/data/ratis/cb3e8774-5937-422d-afc4-f0bc3210e35c
2019-07-14 08:38:06,102 INFO  server.RaftServerConfigKeys (ConfUtils.java:logGet(43)) - raft.server.log.queue.byte-limit = 2147483647 (custom)
2019-07-14 08:38:06,102 INFO  server.RaftServerConfigKeys (ConfUtils.java:logGet(43)) - raft.server.log.queue.element-limit = 1024 (custom)
2019-07-14 08:38:06,102 INFO  server.RaftServerConfigKeys (ConfUtils.java:logGet(43)) - raft.server.log.segment.size.max = 1048576 (custom)
2019-07-14 08:38:06,103 INFO  server.RaftServerConfigKeys (ConfUtils.java:logGet(43)) - raft.server.log.preallocated.size = 16384 (custom)
2019-07-14 08:38:06,103 INFO  server.RaftServerConfigKeys (ConfUtils.java:logGet(43)) - raft.server.log.write.buffer.size = 33554432 (custom)
2019-07-14 08:38:06,103 INFO  server.RaftServerConfigKeys (ConfUtils.java:logGet(43)) - raft.server.log.force.sync.num = 128 (default)
2019-07-14 08:38:06,103 INFO  server.RaftServerConfigKeys (ConfUtils.java:logGet(43)) - raft.server.log.statemachine.data.sync = true (default)
2019-07-14 08:38:06,103 INFO  server.RaftServerConfigKeys (ConfUtils.java:logGet(43)) - raft.server.log.statemachine.data.sync.timeout = 10s (default)
2019-07-14 08:38:06,103 INFO  server.RaftServerConfigKeys (ConfUtils.java:logGet(43)) - raft.server.log.statemachine.data.sync.timeout.retry = -1 (default)
2019-07-14 08:38:06,104 INFO  server.RaftServerConfigKeys (ConfUtils.java:logGet(43)) - raft.server.log.statemachine.data.caching.enabled = true (custom)
2019-07-14 08:38:06,104 INFO  segmented.SegmentedRaftLogWorker (SegmentedRaftLogWorker.java:lambda$new$0(132)) - af1a4b33-ecf5-419a-a1ef-747317418a5f-SegmentedRaftLogWorker:Storage Directory /workdir/hadoop-ozone/integration-test/target/test-dir/MiniOzoneClusterImpl-bc5e9f25-ea62-49b4-a651-322acf43a6ff/datanode-4/data/ratis/cb3e8774-5937-422d-afc4-f0bc3210e35c: flushIndex: setUnconditionally 0 -> -1
2019-07-14 08:38:06,104 INFO  server.RaftServerConfigKeys (ConfUtils.java:logGet(43)) - raft.server.snapshot.auto.trigger.enabled = true (custom)
2019-07-14 08:38:06,105 INFO  server.RaftServerConfigKeys (ConfUtils.java:logGet(43)) - raft.server.snapshot.auto.trigger.threshold = 10000 (custom)
2019-07-14 08:38:06,105 INFO  server.RaftServerConfigKeys (ConfUtils.java:logGet(43)) - raft.server.retrycache.expirytime = 600000ms (custom)
2019-07-14 08:38:06,105 INFO  impl.RaftServerImpl (RaftServerImpl.java:start(180)) - af1a4b33-ecf5-419a-a1ef-747317418a5f: start group-F0BC3210E35C
2019-07-14 08:38:06,105 INFO  impl.RaftServerImpl (RaftServerImpl.java:setRole(171)) - af1a4b33-ecf5-419a-a1ef-747317418a5f:group-F0BC3210E35C changes role from null to FOLLOWER at term 0 for startAsFollower
2019-07-14 08:38:06,105 INFO  impl.RoleInfo (RoleInfo.java:updateAndGet(143)) - af1a4b33-ecf5-419a-a1ef-747317418a5f: start FollowerState
2019-07-14 08:38:06,106 INFO  util.JmxRegister (JmxRegister.java:tryRegister(44)) - Successfully registered JMX Bean with object name Ratis:service=RaftServer,group=group-F0BC3210E35C,id=af1a4b33-ecf5-419a-a1ef-747317418a5f
2019-07-14 08:38:06,111 INFO  pipeline.PipelineStateManager (PipelineStateManager.java:addPipeline(56)) - Created pipeline Pipeline[ Id: cb3e8774-5937-422d-afc4-f0bc3210e35c, Nodes: af1a4b33-ecf5-419a-a1ef-747317418a5f{ip: 192.168.5.191, host: trunk-nightly-5z2vd-27108033, networkLocation: /default-rack, certSerialId: null}, Type:RATIS, Factor:ONE, State:OPEN]
2019-07-14 08:38:06,232 INFO  node.SCMNodeManager (SCMNodeManager.java:register(269)) - Registered Data node : 89224a59-d9cf-47b8-a74c-554e37b7647b{ip: 192.168.5.191, host: trunk-nightly-5z2vd-27108033, networkLocation: /default-rack, certSerialId: null}
2019-07-14 08:38:06,239 INFO  impl.RaftServerProxy (RaftServerProxy.java:addNew(89)) - 89224a59-d9cf-47b8-a74c-554e37b7647b: addNew group-EBA2712CFC58:[89224a59-d9cf-47b8-a74c-554e37b7647b:192.168.5.191:40828] returns group-EBA2712CFC58:java.util.concurrent.CompletableFuture@4cebbcab[Not completed]
2019-07-14 08:38:06,240 INFO  impl.RaftServerImpl (RaftServerImpl.java:<init>(93)) - 89224a59-d9cf-47b8-a74c-554e37b7647b: new RaftServerImpl for group-EBA2712CFC58:[89224a59-d9cf-47b8-a74c-554e37b7647b:192.168.5.191:40828] with ContainerStateMachine:uninitialized
2019-07-14 08:38:06,240 INFO  server.RaftServerConfigKeys (ConfUtils.java:logGet(43)) - raft.server.rpc.timeout.min = 5s (custom)
2019-07-14 08:38:06,240 INFO  server.RaftServerConfigKeys (ConfUtils.java:logGet(43)) - raft.server.rpc.timeout.max = 5200ms (custom)
2019-07-14 08:38:06,241 INFO  server.RaftServerConfigKeys (ConfUtils.java:logGet(43)) - raft.server.rpcslowness.timeout = 120s (custom)
2019-07-14 08:38:06,241 INFO  server.RaftServerConfigKeys (ConfUtils.java:logGet(43)) - raft.server.sleep.deviation.threshold = 300 (default)
2019-07-14 08:38:06,241 INFO  server.RaftServerConfigKeys (ConfUtils.java:logGet(43)) - raft.server.log.appender.install.snapshot.enabled = false (custom)
2019-07-14 08:38:06,241 INFO  impl.RaftServerImpl (ServerState.java:<init>(105)) - 89224a59-d9cf-47b8-a74c-554e37b7647b:group-EBA2712CFC58 ConfigurationManager, init=-1: [89224a59-d9cf-47b8-a74c-554e37b7647b:192.168.5.191:40828], old=null, confs=<EMPTY_MAP>
2019-07-14 08:38:06,241 INFO  server.RaftServerConfigKeys (ConfUtils.java:logGet(43)) - raft.server.storage.dir = [/workdir/hadoop-ozone/integration-test/target/test-dir/MiniOzoneClusterImpl-bc5e9f25-ea62-49b4-a651-322acf43a6ff/datanode-5/data/ratis] (custom)
2019-07-14 08:38:06,242 INFO  storage.RaftStorageDirectory (RaftStorageDirectory.java:analyzeStorage(246)) - The storage directory /workdir/hadoop-ozone/integration-test/target/test-dir/MiniOzoneClusterImpl-bc5e9f25-ea62-49b4-a651-322acf43a6ff/datanode-5/data/ratis/1fb41ff5-7371-4cf5-a4a5-eba2712cfc58 does not exist. Creating ...
2019-07-14 08:38:06,246 INFO  storage.RaftStorageDirectory (RaftStorageDirectory.java:tryLock(328)) - Lock on /workdir/hadoop-ozone/integration-test/target/test-dir/MiniOzoneClusterImpl-bc5e9f25-ea62-49b4-a651-322acf43a6ff/datanode-5/data/ratis/1fb41ff5-7371-4cf5-a4a5-eba2712cfc58/in_use.lock acquired by nodename 31844@trunk-nightly-5z2vd-27108033
2019-07-14 08:38:06,250 INFO  storage.RaftStorage (RaftStorage.java:format(72)) - Storage directory /workdir/hadoop-ozone/integration-test/target/test-dir/MiniOzoneClusterImpl-bc5e9f25-ea62-49b4-a651-322acf43a6ff/datanode-5/data/ratis/1fb41ff5-7371-4cf5-a4a5-eba2712cfc58 has been successfully formatted.
2019-07-14 08:38:06,250 INFO  ratis.ContainerStateMachine (ContainerStateMachine.java:loadSnapshot(200)) - group-EBA2712CFC58: The snapshot info is null. Setting the last applied indexto:(t:0, i:~)
2019-07-14 08:38:06,250 INFO  server.RaftServerConfigKeys (ConfUtils.java:logGet(43)) - raft.server.leader.election.timeout = 120s (custom)
2019-07-14 08:38:06,250 INFO  server.RaftServerConfigKeys (ConfUtils.java:logGet(43)) - raft.server.log.use.memory = false (default)
2019-07-14 08:38:06,250 INFO  server.RaftServerConfigKeys (ConfUtils.java:logGet(43)) - raft.server.log.purge.gap = 1000000000 (custom)
2019-07-14 08:38:06,251 INFO  server.RaftServerConfigKeys (ConfUtils.java:logGet(43)) - raft.server.log.appender.buffer.byte-limit = 33554432 (custom)
2019-07-14 08:38:06,251 INFO  server.RaftServerConfigKeys (ConfUtils.java:logGet(43)) - raft.server.log.segment.size.max = 1048576 (custom)
2019-07-14 08:38:06,251 INFO  server.RaftServerConfigKeys (ConfUtils.java:logGet(43)) - raft.server.log.segment.cache.num.max = 2 (custom)
2019-07-14 08:38:06,251 INFO  segmented.SegmentedRaftLogWorker (SegmentedRaftLogWorker.java:<init>(172)) - new 89224a59-d9cf-47b8-a74c-554e37b7647b-SegmentedRaftLogWorker:Storage Directory /workdir/hadoop-ozone/integration-test/target/test-dir/MiniOzoneClusterImpl-bc5e9f25-ea62-49b4-a651-322acf43a6ff/datanode-5/data/ratis/1fb41ff5-7371-4cf5-a4a5-eba2712cfc58 for RaftStorage:Storage Directory /workdir/hadoop-ozone/integration-test/target/test-dir/MiniOzoneClusterImpl-bc5e9f25-ea62-49b4-a651-322acf43a6ff/datanode-5/data/ratis/1fb41ff5-7371-4cf5-a4a5-eba2712cfc58
2019-07-14 08:38:06,251 INFO  server.RaftServerConfigKeys (ConfUtils.java:logGet(43)) - raft.server.log.queue.byte-limit = 2147483647 (custom)
2019-07-14 08:38:06,251 INFO  server.RaftServerConfigKeys (ConfUtils.java:logGet(43)) - raft.server.log.queue.element-limit = 1024 (custom)
2019-07-14 08:38:06,252 INFO  server.RaftServerConfigKeys (ConfUtils.java:logGet(43)) - raft.server.log.segment.size.max = 1048576 (custom)
2019-07-14 08:38:06,252 INFO  server.RaftServerConfigKeys (ConfUtils.java:logGet(43)) - raft.server.log.preallocated.size = 16384 (custom)
2019-07-14 08:38:06,252 INFO  server.RaftServerConfigKeys (ConfUtils.java:logGet(43)) - raft.server.log.write.buffer.size = 33554432 (custom)
2019-07-14 08:38:06,252 INFO  server.RaftServerConfigKeys (ConfUtils.java:logGet(43)) - raft.server.log.force.sync.num = 128 (default)
2019-07-14 08:38:06,252 INFO  server.RaftServerConfigKeys (ConfUtils.java:logGet(43)) - raft.server.log.statemachine.data.sync = true (default)
2019-07-14 08:38:06,252 INFO  server.RaftServerConfigKeys (ConfUtils.java:logGet(43)) - raft.server.log.statemachine.data.sync.timeout = 10s (default)
2019-07-14 08:38:06,252 INFO  server.RaftServerConfigKeys (ConfUtils.java:logGet(43)) - raft.server.log.statemachine.data.sync.timeout.retry = -1 (default)
2019-07-14 08:38:06,253 INFO  server.RaftServerConfigKeys (ConfUtils.java:logGet(43)) - raft.server.log.statemachine.data.caching.enabled = true (custom)
2019-07-14 08:38:06,253 INFO  segmented.SegmentedRaftLogWorker (SegmentedRaftLogWorker.java:lambda$new$0(132)) - 89224a59-d9cf-47b8-a74c-554e37b7647b-SegmentedRaftLogWorker:Storage Directory /workdir/hadoop-ozone/integration-test/target/test-dir/MiniOzoneClusterImpl-bc5e9f25-ea62-49b4-a651-322acf43a6ff/datanode-5/data/ratis/1fb41ff5-7371-4cf5-a4a5-eba2712cfc58: flushIndex: setUnconditionally 0 -> -1
2019-07-14 08:38:06,254 INFO  server.RaftServerConfigKeys (ConfUtils.java:logGet(43)) - raft.server.snapshot.auto.trigger.enabled = true (custom)
2019-07-14 08:38:06,254 INFO  server.RaftServerConfigKeys (ConfUtils.java:logGet(43)) - raft.server.snapshot.auto.trigger.threshold = 10000 (custom)
2019-07-14 08:38:06,254 INFO  server.RaftServerConfigKeys (ConfUtils.java:logGet(43)) - raft.server.retrycache.expirytime = 600000ms (custom)
2019-07-14 08:38:06,254 INFO  impl.RaftServerImpl (RaftServerImpl.java:start(180)) - 89224a59-d9cf-47b8-a74c-554e37b7647b: start group-EBA2712CFC58
2019-07-14 08:38:06,254 INFO  impl.RaftServerImpl (RaftServerImpl.java:setRole(171)) - 89224a59-d9cf-47b8-a74c-554e37b7647b:group-EBA2712CFC58 changes role from null to FOLLOWER at term 0 for startAsFollower
2019-07-14 08:38:06,254 INFO  impl.RoleInfo (RoleInfo.java:updateAndGet(143)) - 89224a59-d9cf-47b8-a74c-554e37b7647b: start FollowerState
2019-07-14 08:38:06,255 INFO  util.JmxRegister (JmxRegister.java:tryRegister(44)) - Successfully registered JMX Bean with object name Ratis:service=RaftServer,group=group-EBA2712CFC58,id=89224a59-d9cf-47b8-a74c-554e37b7647b
2019-07-14 08:38:06,259 INFO  pipeline.PipelineStateManager (PipelineStateManager.java:addPipeline(56)) - Created pipeline Pipeline[ Id: 1fb41ff5-7371-4cf5-a4a5-eba2712cfc58, Nodes: 89224a59-d9cf-47b8-a74c-554e37b7647b{ip: 192.168.5.191, host: trunk-nightly-5z2vd-27108033, networkLocation: /default-rack, certSerialId: null}, Type:RATIS, Factor:ONE, State:OPEN]
2019-07-14 08:38:06,282 INFO  impl.RaftServerProxy (RaftServerProxy.java:addNew(89)) - 89224a59-d9cf-47b8-a74c-554e37b7647b: addNew group-860D5A8274E1:[89224a59-d9cf-47b8-a74c-554e37b7647b:192.168.5.191:40828, af1a4b33-ecf5-419a-a1ef-747317418a5f:192.168.5.191:35568, e7760f15-2ba8-4abd-948a-61820a731ba5:192.168.5.191:44688] returns group-860D5A8274E1:java.util.concurrent.CompletableFuture@541931ac[Not completed]
2019-07-14 08:38:06,282 INFO  impl.RaftServerProxy (RaftServerProxy.java:addNew(89)) - e7760f15-2ba8-4abd-948a-61820a731ba5: addNew group-860D5A8274E1:[89224a59-d9cf-47b8-a74c-554e37b7647b:192.168.5.191:40828, af1a4b33-ecf5-419a-a1ef-747317418a5f:192.168.5.191:35568, e7760f15-2ba8-4abd-948a-61820a731ba5:192.168.5.191:44688] returns group-860D5A8274E1:java.util.concurrent.CompletableFuture@67253878[Not completed]
2019-07-14 08:38:06,282 INFO  impl.RaftServerProxy (RaftServerProxy.java:addNew(89)) - af1a4b33-ecf5-419a-a1ef-747317418a5f: addNew group-860D5A8274E1:[89224a59-d9cf-47b8-a74c-554e37b7647b:192.168.5.191:40828, af1a4b33-ecf5-419a-a1ef-747317418a5f:192.168.5.191:35568, e7760f15-2ba8-4abd-948a-61820a731ba5:192.168.5.191:44688] returns group-860D5A8274E1:java.util.concurrent.CompletableFuture@561a81d4[Not completed]
2019-07-14 08:38:06,284 INFO  impl.RaftServerImpl (RaftServerImpl.java:<init>(93)) - 89224a59-d9cf-47b8-a74c-554e37b7647b: new RaftServerImpl for group-860D5A8274E1:[89224a59-d9cf-47b8-a74c-554e37b7647b:192.168.5.191:40828, af1a4b33-ecf5-419a-a1ef-747317418a5f:192.168.5.191:35568, e7760f15-2ba8-4abd-948a-61820a731ba5:192.168.5.191:44688] with ContainerStateMachine:uninitialized
2019-07-14 08:38:06,284 INFO  server.RaftServerConfigKeys (ConfUtils.java:logGet(43)) - raft.server.rpc.timeout.min = 5s (custom)
2019-07-14 08:38:06,284 INFO  server.RaftServerConfigKeys (ConfUtils.java:logGet(43)) - raft.server.rpc.timeout.max = 5200ms (custom)
2019-07-14 08:38:06,284 INFO  impl.RaftServerImpl (RaftServerImpl.java:<init>(93)) - af1a4b33-ecf5-419a-a1ef-747317418a5f: new RaftServerImpl for group-860D5A8274E1:[89224a59-d9cf-47b8-a74c-554e37b7647b:192.168.5.191:40828, af1a4b33-ecf5-419a-a1ef-747317418a5f:192.168.5.191:35568, e7760f15-2ba8-4abd-948a-61820a731ba5:192.168.5.191:44688] with ContainerStateMachine:uninitialized
2019-07-14 08:38:06,284 INFO  server.RaftServerConfigKeys (ConfUtils.java:logGet(43)) - raft.server.rpcslowness.timeout = 120s (custom)
2019-07-14 08:38:06,284 INFO  impl.RaftServerImpl (RaftServerImpl.java:<init>(93)) - e7760f15-2ba8-4abd-948a-61820a731ba5: new RaftServerImpl for group-860D5A8274E1:[89224a59-d9cf-47b8-a74c-554e37b7647b:192.168.5.191:40828, af1a4b33-ecf5-419a-a1ef-747317418a5f:192.168.5.191:35568, e7760f15-2ba8-4abd-948a-61820a731ba5:192.168.5.191:44688] with ContainerStateMachine:uninitialized
2019-07-14 08:38:06,284 INFO  server.RaftServerConfigKeys (ConfUtils.java:logGet(43)) - raft.server.rpc.timeout.min = 5s (custom)
2019-07-14 08:38:06,285 INFO  server.RaftServerConfigKeys (ConfUtils.java:logGet(43)) - raft.server.rpc.timeout.min = 5s (custom)
2019-07-14 08:38:06,284 INFO  server.RaftServerConfigKeys (ConfUtils.java:logGet(43)) - raft.server.sleep.deviation.threshold = 300 (default)
2019-07-14 08:38:06,285 INFO  server.RaftServerConfigKeys (ConfUtils.java:logGet(43)) - raft.server.rpc.timeout.max = 5200ms (custom)
2019-07-14 08:38:06,285 INFO  server.RaftServerConfigKeys (ConfUtils.java:logGet(43)) - raft.server.rpc.timeout.max = 5200ms (custom)
2019-07-14 08:38:06,285 INFO  server.RaftServerConfigKeys (ConfUtils.java:logGet(43)) - raft.server.rpcslowness.timeout = 120s (custom)
2019-07-14 08:38:06,285 INFO  server.RaftServerConfigKeys (ConfUtils.java:logGet(43)) - raft.server.sleep.deviation.threshold = 300 (default)
2019-07-14 08:38:06,285 INFO  server.RaftServerConfigKeys (ConfUtils.java:logGet(43)) - raft.server.log.appender.install.snapshot.enabled = false (custom)
2019-07-14 08:38:06,286 INFO  server.RaftServerConfigKeys (ConfUtils.java:logGet(43)) - raft.server.log.appender.install.snapshot.enabled = false (custom)
2019-07-14 08:38:06,285 INFO  server.RaftServerConfigKeys (ConfUtils.java:logGet(43)) - raft.server.rpcslowness.timeout = 120s (custom)
2019-07-14 08:38:06,286 INFO  impl.RaftServerImpl (ServerState.java:<init>(105)) - e7760f15-2ba8-4abd-948a-61820a731ba5:group-860D5A8274E1 ConfigurationManager, init=-1: [89224a59-d9cf-47b8-a74c-554e37b7647b:192.168.5.191:40828, af1a4b33-ecf5-419a-a1ef-747317418a5f:192.168.5.191:35568, e7760f15-2ba8-4abd-948a-61820a731ba5:192.168.5.191:44688], old=null, confs=<EMPTY_MAP>
2019-07-14 08:38:06,286 INFO  impl.RaftServerImpl (ServerState.java:<init>(105)) - 89224a59-d9cf-47b8-a74c-554e37b7647b:group-860D5A8274E1 ConfigurationManager, init=-1: [89224a59-d9cf-47b8-a74c-554e37b7647b:192.168.5.191:40828, af1a4b33-ecf5-419a-a1ef-747317418a5f:192.168.5.191:35568, e7760f15-2ba8-4abd-948a-61820a731ba5:192.168.5.191:44688], old=null, confs=<EMPTY_MAP>
2019-07-14 08:38:06,286 INFO  server.RaftServerConfigKeys (ConfUtils.java:logGet(43)) - raft.server.storage.dir = [/workdir/hadoop-ozone/integration-test/target/test-dir/MiniOzoneClusterImpl-bc5e9f25-ea62-49b4-a651-322acf43a6ff/datanode-3/data/ratis] (custom)
2019-07-14 08:38:06,286 INFO  server.RaftServerConfigKeys (ConfUtils.java:logGet(43)) - raft.server.sleep.deviation.threshold = 300 (default)
2019-07-14 08:38:06,286 INFO  server.RaftServerConfigKeys (ConfUtils.java:logGet(43)) - raft.server.storage.dir = [/workdir/hadoop-ozone/integration-test/target/test-dir/MiniOzoneClusterImpl-bc5e9f25-ea62-49b4-a651-322acf43a6ff/datanode-5/data/ratis] (custom)
2019-07-14 08:38:06,287 INFO  server.RaftServerConfigKeys (ConfUtils.java:logGet(43)) - raft.server.log.appender.install.snapshot.enabled = false (custom)
2019-07-14 08:38:06,287 INFO  storage.RaftStorageDirectory (RaftStorageDirectory.java:analyzeStorage(246)) - The storage directory /workdir/hadoop-ozone/integration-test/target/test-dir/MiniOzoneClusterImpl-bc5e9f25-ea62-49b4-a651-322acf43a6ff/datanode-3/data/ratis/304628ff-048f-4c34-8c5c-860d5a8274e1 does not exist. Creating ...
2019-07-14 08:38:06,287 INFO  impl.RaftServerImpl (ServerState.java:<init>(105)) - af1a4b33-ecf5-419a-a1ef-747317418a5f:group-860D5A8274E1 ConfigurationManager, init=-1: [89224a59-d9cf-47b8-a74c-554e37b7647b:192.168.5.191:40828, af1a4b33-ecf5-419a-a1ef-747317418a5f:192.168.5.191:35568, e7760f15-2ba8-4abd-948a-61820a731ba5:192.168.5.191:44688], old=null, confs=<EMPTY_MAP>
2019-07-14 08:38:06,287 INFO  storage.RaftStorageDirectory (RaftStorageDirectory.java:analyzeStorage(246)) - The storage directory /workdir/hadoop-ozone/integration-test/target/test-dir/MiniOzoneClusterImpl-bc5e9f25-ea62-49b4-a651-322acf43a6ff/datanode-5/data/ratis/304628ff-048f-4c34-8c5c-860d5a8274e1 does not exist. Creating ...
2019-07-14 08:38:06,287 INFO  server.RaftServerConfigKeys (ConfUtils.java:logGet(43)) - raft.server.storage.dir = [/workdir/hadoop-ozone/integration-test/target/test-dir/MiniOzoneClusterImpl-bc5e9f25-ea62-49b4-a651-322acf43a6ff/datanode-4/data/ratis] (custom)
2019-07-14 08:38:06,288 INFO  storage.RaftStorageDirectory (RaftStorageDirectory.java:analyzeStorage(246)) - The storage directory /workdir/hadoop-ozone/integration-test/target/test-dir/MiniOzoneClusterImpl-bc5e9f25-ea62-49b4-a651-322acf43a6ff/datanode-4/data/ratis/304628ff-048f-4c34-8c5c-860d5a8274e1 does not exist. Creating ...
2019-07-14 08:38:06,292 INFO  storage.RaftStorageDirectory (RaftStorageDirectory.java:tryLock(328)) - Lock on /workdir/hadoop-ozone/integration-test/target/test-dir/MiniOzoneClusterImpl-bc5e9f25-ea62-49b4-a651-322acf43a6ff/datanode-3/data/ratis/304628ff-048f-4c34-8c5c-860d5a8274e1/in_use.lock acquired by nodename 31844@trunk-nightly-5z2vd-27108033
2019-07-14 08:38:06,292 INFO  storage.RaftStorageDirectory (RaftStorageDirectory.java:tryLock(328)) - Lock on /workdir/hadoop-ozone/integration-test/target/test-dir/MiniOzoneClusterImpl-bc5e9f25-ea62-49b4-a651-322acf43a6ff/datanode-5/data/ratis/304628ff-048f-4c34-8c5c-860d5a8274e1/in_use.lock acquired by nodename 31844@trunk-nightly-5z2vd-27108033
2019-07-14 08:38:06,292 INFO  storage.RaftStorageDirectory (RaftStorageDirectory.java:tryLock(328)) - Lock on /workdir/hadoop-ozone/integration-test/target/test-dir/MiniOzoneClusterImpl-bc5e9f25-ea62-49b4-a651-322acf43a6ff/datanode-4/data/ratis/304628ff-048f-4c34-8c5c-860d5a8274e1/in_use.lock acquired by nodename 31844@trunk-nightly-5z2vd-27108033
2019-07-14 08:38:06,297 INFO  storage.RaftStorage (RaftStorage.java:format(72)) - Storage directory /workdir/hadoop-ozone/integration-test/target/test-dir/MiniOzoneClusterImpl-bc5e9f25-ea62-49b4-a651-322acf43a6ff/datanode-3/data/ratis/304628ff-048f-4c34-8c5c-860d5a8274e1 has been successfully formatted.
2019-07-14 08:38:06,297 INFO  storage.RaftStorage (RaftStorage.java:format(72)) - Storage directory /workdir/hadoop-ozone/integration-test/target/test-dir/MiniOzoneClusterImpl-bc5e9f25-ea62-49b4-a651-322acf43a6ff/datanode-4/data/ratis/304628ff-048f-4c34-8c5c-860d5a8274e1 has been successfully formatted.
2019-07-14 08:38:06,297 INFO  storage.RaftStorage (RaftStorage.java:format(72)) - Storage directory /workdir/hadoop-ozone/integration-test/target/test-dir/MiniOzoneClusterImpl-bc5e9f25-ea62-49b4-a651-322acf43a6ff/datanode-5/data/ratis/304628ff-048f-4c34-8c5c-860d5a8274e1 has been successfully formatted.
2019-07-14 08:38:06,298 INFO  ratis.ContainerStateMachine (ContainerStateMachine.java:loadSnapshot(200)) - group-860D5A8274E1: The snapshot info is null. Setting the last applied indexto:(t:0, i:~)
2019-07-14 08:38:06,297 INFO  ratis.ContainerStateMachine (ContainerStateMachine.java:loadSnapshot(200)) - group-860D5A8274E1: The snapshot info is null. Setting the last applied indexto:(t:0, i:~)
2019-07-14 08:38:06,298 INFO  ratis.ContainerStateMachine (ContainerStateMachine.java:loadSnapshot(200)) - group-860D5A8274E1: The snapshot info is null. Setting the last applied indexto:(t:0, i:~)
2019-07-14 08:38:06,298 INFO  server.RaftServerConfigKeys (ConfUtils.java:logGet(43)) - raft.server.leader.election.timeout = 120s (custom)
2019-07-14 08:38:06,298 INFO  server.RaftServerConfigKeys (ConfUtils.java:logGet(43)) - raft.server.leader.election.timeout = 120s (custom)
2019-07-14 08:38:06,298 INFO  server.RaftServerConfigKeys (ConfUtils.java:logGet(43)) - raft.server.leader.election.timeout = 120s (custom)
2019-07-14 08:38:06,299 INFO  server.RaftServerConfigKeys (ConfUtils.java:logGet(43)) - raft.server.log.use.memory = false (default)
2019-07-14 08:38:06,298 INFO  server.RaftServerConfigKeys (ConfUtils.java:logGet(43)) - raft.server.log.use.memory = false (default)
2019-07-14 08:38:06,299 INFO  server.RaftServerConfigKeys (ConfUtils.java:logGet(43)) - raft.server.log.purge.gap = 1000000000 (custom)
2019-07-14 08:38:06,299 INFO  server.RaftServerConfigKeys (ConfUtils.java:logGet(43)) - raft.server.log.use.memory = false (default)
2019-07-14 08:38:06,299 INFO  server.RaftServerConfigKeys (ConfUtils.java:logGet(43)) - raft.server.log.appender.buffer.byte-limit = 33554432 (custom)
2019-07-14 08:38:06,299 INFO  server.RaftServerConfigKeys (ConfUtils.java:logGet(43)) - raft.server.log.segment.size.max = 1048576 (custom)
2019-07-14 08:38:06,299 INFO  server.RaftServerConfigKeys (ConfUtils.java:logGet(43)) - raft.server.log.purge.gap = 1000000000 (custom)
2019-07-14 08:38:06,300 INFO  server.RaftServerConfigKeys (ConfUtils.java:logGet(43)) - raft.server.log.segment.cache.num.max = 2 (custom)
2019-07-14 08:38:06,300 INFO  segmented.SegmentedRaftLogWorker (SegmentedRaftLogWorker.java:<init>(172)) - new 89224a59-d9cf-47b8-a74c-554e37b7647b-SegmentedRaftLogWorker:Storage Directory /workdir/hadoop-ozone/integration-test/target/test-dir/MiniOzoneClusterImpl-bc5e9f25-ea62-49b4-a651-322acf43a6ff/datanode-5/data/ratis/304628ff-048f-4c34-8c5c-860d5a8274e1 for RaftStorage:Storage Directory /workdir/hadoop-ozone/integration-test/target/test-dir/MiniOzoneClusterImpl-bc5e9f25-ea62-49b4-a651-322acf43a6ff/datanode-5/data/ratis/304628ff-048f-4c34-8c5c-860d5a8274e1
2019-07-14 08:38:06,299 INFO  server.RaftServerConfigKeys (ConfUtils.java:logGet(43)) - raft.server.log.purge.gap = 1000000000 (custom)
2019-07-14 08:38:06,300 INFO  server.RaftServerConfigKeys (ConfUtils.java:logGet(43)) - raft.server.log.queue.byte-limit = 2147483647 (custom)
2019-07-14 08:38:06,300 INFO  server.RaftServerConfigKeys (ConfUtils.java:logGet(43)) - raft.server.log.appender.buffer.byte-limit = 33554432 (custom)
2019-07-14 08:38:06,300 INFO  server.RaftServerConfigKeys (ConfUtils.java:logGet(43)) - raft.server.log.queue.element-limit = 1024 (custom)
2019-07-14 08:38:06,300 INFO  server.RaftServerConfigKeys (ConfUtils.java:logGet(43)) - raft.server.log.appender.buffer.byte-limit = 33554432 (custom)
2019-07-14 08:38:06,301 INFO  server.RaftServerConfigKeys (ConfUtils.java:logGet(43)) - raft.server.log.segment.size.max = 1048576 (custom)
2019-07-14 08:38:06,301 INFO  server.RaftServerConfigKeys (ConfUtils.java:logGet(43)) - raft.server.log.segment.size.max = 1048576 (custom)
2019-07-14 08:38:06,301 INFO  server.RaftServerConfigKeys (ConfUtils.java:logGet(43)) - raft.server.log.preallocated.size = 16384 (custom)
2019-07-14 08:38:06,301 INFO  server.RaftServerConfigKeys (ConfUtils.java:logGet(43)) - raft.server.log.write.buffer.size = 33554432 (custom)
2019-07-14 08:38:06,301 INFO  server.RaftServerConfigKeys (ConfUtils.java:logGet(43)) - raft.server.log.segment.size.max = 1048576 (custom)
2019-07-14 08:38:06,302 INFO  server.RaftServerConfigKeys (ConfUtils.java:logGet(43)) - raft.server.log.force.sync.num = 128 (default)
2019-07-14 08:38:06,301 INFO  server.RaftServerConfigKeys (ConfUtils.java:logGet(43)) - raft.server.log.segment.cache.num.max = 2 (custom)
2019-07-14 08:38:06,302 INFO  server.RaftServerConfigKeys (ConfUtils.java:logGet(43)) - raft.server.log.statemachine.data.sync = true (default)
2019-07-14 08:38:06,302 INFO  server.RaftServerConfigKeys (ConfUtils.java:logGet(43)) - raft.server.log.segment.cache.num.max = 2 (custom)
2019-07-14 08:38:06,302 INFO  server.RaftServerConfigKeys (ConfUtils.java:logGet(43)) - raft.server.log.statemachine.data.sync.timeout = 10s (default)
2019-07-14 08:38:06,303 INFO  server.RaftServerConfigKeys (ConfUtils.java:logGet(43)) - raft.server.log.statemachine.data.sync.timeout.retry = -1 (default)
2019-07-14 08:38:06,302 INFO  segmented.SegmentedRaftLogWorker (SegmentedRaftLogWorker.java:<init>(172)) - new af1a4b33-ecf5-419a-a1ef-747317418a5f-SegmentedRaftLogWorker:Storage Directory /workdir/hadoop-ozone/integration-test/target/test-dir/MiniOzoneClusterImpl-bc5e9f25-ea62-49b4-a651-322acf43a6ff/datanode-4/data/ratis/304628ff-048f-4c34-8c5c-860d5a8274e1 for RaftStorage:Storage Directory /workdir/hadoop-ozone/integration-test/target/test-dir/MiniOzoneClusterImpl-bc5e9f25-ea62-49b4-a651-322acf43a6ff/datanode-4/data/ratis/304628ff-048f-4c34-8c5c-860d5a8274e1
2019-07-14 08:38:06,303 INFO  server.RaftServerConfigKeys (ConfUtils.java:logGet(43)) - raft.server.log.statemachine.data.caching.enabled = true (custom)
2019-07-14 08:38:06,302 INFO  segmented.SegmentedRaftLogWorker (SegmentedRaftLogWorker.java:<init>(172)) - new e7760f15-2ba8-4abd-948a-61820a731ba5-SegmentedRaftLogWorker:Storage Directory /workdir/hadoop-ozone/integration-test/target/test-dir/MiniOzoneClusterImpl-bc5e9f25-ea62-49b4-a651-322acf43a6ff/datanode-3/data/ratis/304628ff-048f-4c34-8c5c-860d5a8274e1 for RaftStorage:Storage Directory /workdir/hadoop-ozone/integration-test/target/test-dir/MiniOzoneClusterImpl-bc5e9f25-ea62-49b4-a651-322acf43a6ff/datanode-3/data/ratis/304628ff-048f-4c34-8c5c-860d5a8274e1
2019-07-14 08:38:06,303 INFO  segmented.SegmentedRaftLogWorker (SegmentedRaftLogWorker.java:lambda$new$0(132)) - 89224a59-d9cf-47b8-a74c-554e37b7647b-SegmentedRaftLogWorker:Storage Directory /workdir/hadoop-ozone/integration-test/target/test-dir/MiniOzoneClusterImpl-bc5e9f25-ea62-49b4-a651-322acf43a6ff/datanode-5/data/ratis/304628ff-048f-4c34-8c5c-860d5a8274e1: flushIndex: setUnconditionally 0 -> -1
2019-07-14 08:38:06,303 INFO  server.RaftServerConfigKeys (ConfUtils.java:logGet(43)) - raft.server.log.queue.byte-limit = 2147483647 (custom)
2019-07-14 08:38:06,303 INFO  server.RaftServerConfigKeys (ConfUtils.java:logGet(43)) - raft.server.log.queue.byte-limit = 2147483647 (custom)
2019-07-14 08:38:06,304 INFO  server.RaftServerConfigKeys (ConfUtils.java:logGet(43)) - raft.server.snapshot.auto.trigger.enabled = true (custom)
2019-07-14 08:38:06,304 INFO  server.RaftServerConfigKeys (ConfUtils.java:logGet(43)) - raft.server.snapshot.auto.trigger.threshold = 10000 (custom)
2019-07-14 08:38:06,304 INFO  server.RaftServerConfigKeys (ConfUtils.java:logGet(43)) - raft.server.log.queue.element-limit = 1024 (custom)
2019-07-14 08:38:06,304 INFO  server.RaftServerConfigKeys (ConfUtils.java:logGet(43)) - raft.server.retrycache.expirytime = 600000ms (custom)
2019-07-14 08:38:06,304 INFO  server.RaftServerConfigKeys (ConfUtils.java:logGet(43)) - raft.server.log.queue.element-limit = 1024 (custom)
2019-07-14 08:38:06,305 INFO  impl.RaftServerImpl (RaftServerImpl.java:start(180)) - 89224a59-d9cf-47b8-a74c-554e37b7647b: start group-860D5A8274E1
2019-07-14 08:38:06,304 INFO  server.RaftServerConfigKeys (ConfUtils.java:logGet(43)) - raft.server.log.segment.size.max = 1048576 (custom)
2019-07-14 08:38:06,305 INFO  impl.RaftServerImpl (RaftServerImpl.java:setRole(171)) - 89224a59-d9cf-47b8-a74c-554e37b7647b:group-860D5A8274E1 changes role from null to FOLLOWER at term 0 for startAsFollower
2019-07-14 08:38:06,305 INFO  server.RaftServerConfigKeys (ConfUtils.java:logGet(43)) - raft.server.log.segment.size.max = 1048576 (custom)
2019-07-14 08:38:06,305 INFO  impl.RoleInfo (RoleInfo.java:updateAndGet(143)) - 89224a59-d9cf-47b8-a74c-554e37b7647b: start FollowerState
2019-07-14 08:38:06,305 INFO  server.RaftServerConfigKeys (ConfUtils.java:logGet(43)) - raft.server.log.preallocated.size = 16384 (custom)
2019-07-14 08:38:06,305 INFO  server.RaftServerConfigKeys (ConfUtils.java:logGet(43)) - raft.server.log.preallocated.size = 16384 (custom)
2019-07-14 08:38:06,306 INFO  util.JmxRegister (JmxRegister.java:tryRegister(44)) - Successfully registered JMX Bean with object name Ratis:service=RaftServer,group=group-860D5A8274E1,id=89224a59-d9cf-47b8-a74c-554e37b7647b
2019-07-14 08:38:06,306 INFO  server.RaftServerConfigKeys (ConfUtils.java:logGet(43)) - raft.server.log.write.buffer.size = 33554432 (custom)
2019-07-14 08:38:06,306 INFO  server.RaftServerConfigKeys (ConfUtils.java:logGet(43)) - raft.server.log.write.buffer.size = 33554432 (custom)
2019-07-14 08:38:06,306 INFO  server.RaftServerConfigKeys (ConfUtils.java:logGet(43)) - raft.server.log.force.sync.num = 128 (default)
2019-07-14 08:38:06,306 INFO  server.RaftServerConfigKeys (ConfUtils.java:logGet(43)) - raft.server.log.force.sync.num = 128 (default)
2019-07-14 08:38:06,307 INFO  server.RaftServerConfigKeys (ConfUtils.java:logGet(43)) - raft.server.log.statemachine.data.sync = true (default)
2019-07-14 08:38:06,307 INFO  server.RaftServerConfigKeys (ConfUtils.java:logGet(43)) - raft.server.log.statemachine.data.sync = true (default)
2019-07-14 08:38:06,307 INFO  server.RaftServerConfigKeys (ConfUtils.java:logGet(43)) - raft.server.log.statemachine.data.sync.timeout = 10s (default)
2019-07-14 08:38:06,310 INFO  server.RaftServerConfigKeys (ConfUtils.java:logGet(43)) - raft.server.log.statemachine.data.sync.timeout.retry = -1 (default)
2019-07-14 08:38:06,307 INFO  server.RaftServerConfigKeys (ConfUtils.java:logGet(43)) - raft.server.log.statemachine.data.sync.timeout = 10s (default)
2019-07-14 08:38:06,311 INFO  server.RaftServerConfigKeys (ConfUtils.java:logGet(43)) - raft.server.log.statemachine.data.caching.enabled = true (custom)
2019-07-14 08:38:06,311 INFO  server.RaftServerConfigKeys (ConfUtils.java:logGet(43)) - raft.server.log.statemachine.data.sync.timeout.retry = -1 (default)
2019-07-14 08:38:06,311 INFO  segmented.SegmentedRaftLogWorker (SegmentedRaftLogWorker.java:lambda$new$0(132)) - af1a4b33-ecf5-419a-a1ef-747317418a5f-SegmentedRaftLogWorker:Storage Directory /workdir/hadoop-ozone/integration-test/target/test-dir/MiniOzoneClusterImpl-bc5e9f25-ea62-49b4-a651-322acf43a6ff/datanode-4/data/ratis/304628ff-048f-4c34-8c5c-860d5a8274e1: flushIndex: setUnconditionally 0 -> -1
2019-07-14 08:38:06,311 INFO  server.RaftServerConfigKeys (ConfUtils.java:logGet(43)) - raft.server.log.statemachine.data.caching.enabled = true (custom)
2019-07-14 08:38:06,312 INFO  server.RaftServerConfigKeys (ConfUtils.java:logGet(43)) - raft.server.snapshot.auto.trigger.enabled = true (custom)
2019-07-14 08:38:06,312 INFO  segmented.SegmentedRaftLogWorker (SegmentedRaftLogWorker.java:lambda$new$0(132)) - e7760f15-2ba8-4abd-948a-61820a731ba5-SegmentedRaftLogWorker:Storage Directory /workdir/hadoop-ozone/integration-test/target/test-dir/MiniOzoneClusterImpl-bc5e9f25-ea62-49b4-a651-322acf43a6ff/datanode-3/data/ratis/304628ff-048f-4c34-8c5c-860d5a8274e1: flushIndex: setUnconditionally 0 -> -1
2019-07-14 08:38:06,312 INFO  server.RaftServerConfigKeys (ConfUtils.java:logGet(43)) - raft.server.snapshot.auto.trigger.threshold = 10000 (custom)
2019-07-14 08:38:06,312 INFO  server.RaftServerConfigKeys (ConfUtils.java:logGet(43)) - raft.server.retrycache.expirytime = 600000ms (custom)
2019-07-14 08:38:06,312 INFO  server.RaftServerConfigKeys (ConfUtils.java:logGet(43)) - raft.server.snapshot.auto.trigger.enabled = true (custom)
2019-07-14 08:38:06,312 INFO  impl.RaftServerImpl (RaftServerImpl.java:start(180)) - af1a4b33-ecf5-419a-a1ef-747317418a5f: start group-860D5A8274E1
2019-07-14 08:38:06,313 INFO  server.RaftServerConfigKeys (ConfUtils.java:logGet(43)) - raft.server.snapshot.auto.trigger.threshold = 10000 (custom)
2019-07-14 08:38:06,313 INFO  impl.RaftServerImpl (RaftServerImpl.java:setRole(171)) - af1a4b33-ecf5-419a-a1ef-747317418a5f:group-860D5A8274E1 changes role from null to FOLLOWER at term 0 for startAsFollower
2019-07-14 08:38:06,313 INFO  server.RaftServerConfigKeys (ConfUtils.java:logGet(43)) - raft.server.retrycache.expirytime = 600000ms (custom)
2019-07-14 08:38:06,313 INFO  impl.RoleInfo (RoleInfo.java:updateAndGet(143)) - af1a4b33-ecf5-419a-a1ef-747317418a5f: start FollowerState
2019-07-14 08:38:06,313 INFO  impl.RaftServerImpl (RaftServerImpl.java:start(180)) - e7760f15-2ba8-4abd-948a-61820a731ba5: start group-860D5A8274E1
2019-07-14 08:38:06,313 INFO  impl.RaftServerImpl (RaftServerImpl.java:setRole(171)) - e7760f15-2ba8-4abd-948a-61820a731ba5:group-860D5A8274E1 changes role from null to FOLLOWER at term 0 for startAsFollower
2019-07-14 08:38:06,314 INFO  impl.RoleInfo (RoleInfo.java:updateAndGet(143)) - e7760f15-2ba8-4abd-948a-61820a731ba5: start FollowerState
2019-07-14 08:38:06,314 INFO  util.JmxRegister (JmxRegister.java:tryRegister(44)) - Successfully registered JMX Bean with object name Ratis:service=RaftServer,group=group-860D5A8274E1,id=af1a4b33-ecf5-419a-a1ef-747317418a5f
2019-07-14 08:38:06,314 INFO  util.JmxRegister (JmxRegister.java:tryRegister(44)) - Successfully registered JMX Bean with object name Ratis:service=RaftServer,group=group-860D5A8274E1,id=e7760f15-2ba8-4abd-948a-61820a731ba5
2019-07-14 08:38:06,321 INFO  pipeline.PipelineStateManager (PipelineStateManager.java:addPipeline(56)) - Created pipeline Pipeline[ Id: 304628ff-048f-4c34-8c5c-860d5a8274e1, Nodes: 89224a59-d9cf-47b8-a74c-554e37b7647b{ip: 192.168.5.191, host: trunk-nightly-5z2vd-27108033, networkLocation: /default-rack, certSerialId: null}af1a4b33-ecf5-419a-a1ef-747317418a5f{ip: 192.168.5.191, host: trunk-nightly-5z2vd-27108033, networkLocation: /default-rack, certSerialId: null}e7760f15-2ba8-4abd-948a-61820a731ba5{ip: 192.168.5.191, host: trunk-nightly-5z2vd-27108033, networkLocation: /default-rack, certSerialId: null}, Type:RATIS, Factor:THREE, State:OPEN]
2019-07-14 08:38:06,397 INFO  ozone.MiniOzoneClusterImpl (MiniOzoneClusterImpl.java:lambda$waitForClusterToBeReady$0(142)) - Waiting for cluster to be ready. Got 6 of 7 DN Heartbeats.
2019-07-14 08:38:06,400 INFO  node.SCMNodeManager (SCMNodeManager.java:register(269)) - Registered Data node : f56d7db9-1019-40eb-bad9-c23a60c3bfde{ip: 192.168.5.191, host: trunk-nightly-5z2vd-27108033, networkLocation: /default-rack, certSerialId: null}
2019-07-14 08:38:06,407 INFO  impl.RaftServerProxy (RaftServerProxy.java:addNew(89)) - f56d7db9-1019-40eb-bad9-c23a60c3bfde: addNew group-37518BF05389:[f56d7db9-1019-40eb-bad9-c23a60c3bfde:192.168.5.191:35033] returns group-37518BF05389:java.util.concurrent.CompletableFuture@7c49f015[Not completed]
2019-07-14 08:38:06,408 INFO  impl.RaftServerImpl (RaftServerImpl.java:<init>(93)) - f56d7db9-1019-40eb-bad9-c23a60c3bfde: new RaftServerImpl for group-37518BF05389:[f56d7db9-1019-40eb-bad9-c23a60c3bfde:192.168.5.191:35033] with ContainerStateMachine:uninitialized
2019-07-14 08:38:06,410 INFO  server.RaftServerConfigKeys (ConfUtils.java:logGet(43)) - raft.server.rpc.timeout.min = 5s (custom)
2019-07-14 08:38:06,411 INFO  server.RaftServerConfigKeys (ConfUtils.java:logGet(43)) - raft.server.rpc.timeout.max = 5200ms (custom)
2019-07-14 08:38:06,411 INFO  server.RaftServerConfigKeys (ConfUtils.java:logGet(43)) - raft.server.rpcslowness.timeout = 120s (custom)
2019-07-14 08:38:06,411 INFO  server.RaftServerConfigKeys (ConfUtils.java:logGet(43)) - raft.server.sleep.deviation.threshold = 300 (default)
2019-07-14 08:38:06,411 INFO  server.RaftServerConfigKeys (ConfUtils.java:logGet(43)) - raft.server.log.appender.install.snapshot.enabled = false (custom)
2019-07-14 08:38:06,411 INFO  impl.RaftServerImpl (ServerState.java:<init>(105)) - f56d7db9-1019-40eb-bad9-c23a60c3bfde:group-37518BF05389 ConfigurationManager, init=-1: [f56d7db9-1019-40eb-bad9-c23a60c3bfde:192.168.5.191:35033], old=null, confs=<EMPTY_MAP>
2019-07-14 08:38:06,411 INFO  server.RaftServerConfigKeys (ConfUtils.java:logGet(43)) - raft.server.storage.dir = [/workdir/hadoop-ozone/integration-test/target/test-dir/MiniOzoneClusterImpl-bc5e9f25-ea62-49b4-a651-322acf43a6ff/datanode-6/data/ratis] (custom)
2019-07-14 08:38:06,412 INFO  storage.RaftStorageDirectory (RaftStorageDirectory.java:analyzeStorage(246)) - The storage directory /workdir/hadoop-ozone/integration-test/target/test-dir/MiniOzoneClusterImpl-bc5e9f25-ea62-49b4-a651-322acf43a6ff/datanode-6/data/ratis/5ad93f93-ddf3-4fc8-ae43-37518bf05389 does not exist. Creating ...
2019-07-14 08:38:06,417 INFO  storage.RaftStorageDirectory (RaftStorageDirectory.java:tryLock(328)) - Lock on /workdir/hadoop-ozone/integration-test/target/test-dir/MiniOzoneClusterImpl-bc5e9f25-ea62-49b4-a651-322acf43a6ff/datanode-6/data/ratis/5ad93f93-ddf3-4fc8-ae43-37518bf05389/in_use.lock acquired by nodename 31844@trunk-nightly-5z2vd-27108033
2019-07-14 08:38:06,421 INFO  storage.RaftStorage (RaftStorage.java:format(72)) - Storage directory /workdir/hadoop-ozone/integration-test/target/test-dir/MiniOzoneClusterImpl-bc5e9f25-ea62-49b4-a651-322acf43a6ff/datanode-6/data/ratis/5ad93f93-ddf3-4fc8-ae43-37518bf05389 has been successfully formatted.
2019-07-14 08:38:06,421 INFO  ratis.ContainerStateMachine (ContainerStateMachine.java:loadSnapshot(200)) - group-37518BF05389: The snapshot info is null. Setting the last applied indexto:(t:0, i:~)
2019-07-14 08:38:06,422 INFO  server.RaftServerConfigKeys (ConfUtils.java:logGet(43)) - raft.server.leader.election.timeout = 120s (custom)
2019-07-14 08:38:06,422 INFO  server.RaftServerConfigKeys (ConfUtils.java:logGet(43)) - raft.server.log.use.memory = false (default)
2019-07-14 08:38:06,422 INFO  server.RaftServerConfigKeys (ConfUtils.java:logGet(43)) - raft.server.log.purge.gap = 1000000000 (custom)
2019-07-14 08:38:06,422 INFO  server.RaftServerConfigKeys (ConfUtils.java:logGet(43)) - raft.server.log.appender.buffer.byte-limit = 33554432 (custom)
2019-07-14 08:38:06,422 INFO  server.RaftServerConfigKeys (ConfUtils.java:logGet(43)) - raft.server.log.segment.size.max = 1048576 (custom)
2019-07-14 08:38:06,422 INFO  server.RaftServerConfigKeys (ConfUtils.java:logGet(43)) - raft.server.log.segment.cache.num.max = 2 (custom)
2019-07-14 08:38:06,423 INFO  segmented.SegmentedRaftLogWorker (SegmentedRaftLogWorker.java:<init>(172)) - new f56d7db9-1019-40eb-bad9-c23a60c3bfde-SegmentedRaftLogWorker:Storage Directory /workdir/hadoop-ozone/integration-test/target/test-dir/MiniOzoneClusterImpl-bc5e9f25-ea62-49b4-a651-322acf43a6ff/datanode-6/data/ratis/5ad93f93-ddf3-4fc8-ae43-37518bf05389 for RaftStorage:Storage Directory /workdir/hadoop-ozone/integration-test/target/test-dir/MiniOzoneClusterImpl-bc5e9f25-ea62-49b4-a651-322acf43a6ff/datanode-6/data/ratis/5ad93f93-ddf3-4fc8-ae43-37518bf05389
2019-07-14 08:38:06,423 INFO  server.RaftServerConfigKeys (ConfUtils.java:logGet(43)) - raft.server.log.queue.byte-limit = 2147483647 (custom)
2019-07-14 08:38:06,423 INFO  server.RaftServerConfigKeys (ConfUtils.java:logGet(43)) - raft.server.log.queue.element-limit = 1024 (custom)
2019-07-14 08:38:06,423 INFO  server.RaftServerConfigKeys (ConfUtils.java:logGet(43)) - raft.server.log.segment.size.max = 1048576 (custom)
2019-07-14 08:38:06,423 INFO  server.RaftServerConfigKeys (ConfUtils.java:logGet(43)) - raft.server.log.preallocated.size = 16384 (custom)
2019-07-14 08:38:06,424 INFO  server.RaftServerConfigKeys (ConfUtils.java:logGet(43)) - raft.server.log.write.buffer.size = 33554432 (custom)
2019-07-14 08:38:06,424 INFO  server.RaftServerConfigKeys (ConfUtils.java:logGet(43)) - raft.server.log.force.sync.num = 128 (default)
2019-07-14 08:38:06,424 INFO  server.RaftServerConfigKeys (ConfUtils.java:logGet(43)) - raft.server.log.statemachine.data.sync = true (default)
2019-07-14 08:38:06,424 INFO  server.RaftServerConfigKeys (ConfUtils.java:logGet(43)) - raft.server.log.statemachine.data.sync.timeout = 10s (default)
2019-07-14 08:38:06,424 INFO  server.RaftServerConfigKeys (ConfUtils.java:logGet(43)) - raft.server.log.statemachine.data.sync.timeout.retry = -1 (default)
2019-07-14 08:38:06,425 INFO  server.RaftServerConfigKeys (ConfUtils.java:logGet(43)) - raft.server.log.statemachine.data.caching.enabled = true (custom)
2019-07-14 08:38:06,425 INFO  segmented.SegmentedRaftLogWorker (SegmentedRaftLogWorker.java:lambda$new$0(132)) - f56d7db9-1019-40eb-bad9-c23a60c3bfde-SegmentedRaftLogWorker:Storage Directory /workdir/hadoop-ozone/integration-test/target/test-dir/MiniOzoneClusterImpl-bc5e9f25-ea62-49b4-a651-322acf43a6ff/datanode-6/data/ratis/5ad93f93-ddf3-4fc8-ae43-37518bf05389: flushIndex: setUnconditionally 0 -> -1
2019-07-14 08:38:06,425 INFO  server.RaftServerConfigKeys (ConfUtils.java:logGet(43)) - raft.server.snapshot.auto.trigger.enabled = true (custom)
2019-07-14 08:38:06,425 INFO  server.RaftServerConfigKeys (ConfUtils.java:logGet(43)) - raft.server.snapshot.auto.trigger.threshold = 10000 (custom)
2019-07-14 08:38:06,426 INFO  server.RaftServerConfigKeys (ConfUtils.java:logGet(43)) - raft.server.retrycache.expirytime = 600000ms (custom)
2019-07-14 08:38:06,426 INFO  impl.RaftServerImpl (RaftServerImpl.java:start(180)) - f56d7db9-1019-40eb-bad9-c23a60c3bfde: start group-37518BF05389
2019-07-14 08:38:06,426 INFO  impl.RaftServerImpl (RaftServerImpl.java:setRole(171)) - f56d7db9-1019-40eb-bad9-c23a60c3bfde:group-37518BF05389 changes role from null to FOLLOWER at term 0 for startAsFollower
2019-07-14 08:38:06,426 INFO  impl.RoleInfo (RoleInfo.java:updateAndGet(143)) - f56d7db9-1019-40eb-bad9-c23a60c3bfde: start FollowerState
2019-07-14 08:38:06,426 INFO  util.JmxRegister (JmxRegister.java:tryRegister(44)) - Successfully registered JMX Bean with object name Ratis:service=RaftServer,group=group-37518BF05389,id=f56d7db9-1019-40eb-bad9-c23a60c3bfde
2019-07-14 08:38:06,431 INFO  pipeline.PipelineStateManager (PipelineStateManager.java:addPipeline(56)) - Created pipeline Pipeline[ Id: 5ad93f93-ddf3-4fc8-ae43-37518bf05389, Nodes: f56d7db9-1019-40eb-bad9-c23a60c3bfde{ip: 192.168.5.191, host: trunk-nightly-5z2vd-27108033, networkLocation: /default-rack, certSerialId: null}, Type:RATIS, Factor:ONE, State:OPEN]
2019-07-14 08:38:07,397 INFO  ozone.MiniOzoneClusterImpl (MiniOzoneClusterImpl.java:lambda$waitForClusterToBeReady$0(142)) - Cluster is ready. Got 7 of 7 DN Heartbeats.
2019-07-14 08:38:07,456 INFO  rpc.RpcClient (RpcClient.java:createVolume(287)) - Creating Volume: testblockoutputstream, with jenkins1000 as owner.
2019-07-14 08:38:07,471 INFO  rpc.RpcClient (RpcClient.java:createBucket(424)) - Creating Bucket: testblockoutputstream/testblockoutputstream, with Versioning false and Storage Type set to DISK and Encryption set to false 
2019-07-14 08:38:07,502 INFO  client.GrpcClientProtocolClient (GrpcClientProtocolClient.java:onNext(255)) - client-FF58EE7D6F66->0a3ddfcf-3f94-4936-a3d0-6a4ece9c0826: receive RaftClientReply:client-FF58EE7D6F66->0a3ddfcf-3f94-4936-a3d0-6a4ece9c0826@group-E1CE863F6E46, cid=220, FAILED org.apache.ratis.protocol.NotLeaderException: Server 0a3ddfcf-3f94-4936-a3d0-6a4ece9c0826 is not the leader (null). Request must be sent to leader., logIndex=0, commits[0a3ddfcf-3f94-4936-a3d0-6a4ece9c0826:c-1]
2019-07-14 08:38:08,235 INFO  container.ReplicationManager (ReplicationManager.java:start(155)) - Starting Replication Monitor Thread.
2019-07-14 08:38:08,240 INFO  container.ReplicationManager (ReplicationManager.java:run(207)) - Replication Monitor Thread took 1 milliseconds for processing 1 containers.
2019-07-14 08:38:08,525 INFO  client.GrpcClientProtocolClient (GrpcClientProtocolClient.java:onNext(255)) - client-FF58EE7D6F66->93815d00-d04d-4827-abd2-cd1dc4ee69f6: receive RaftClientReply:client-FF58EE7D6F66->93815d00-d04d-4827-abd2-cd1dc4ee69f6@group-E1CE863F6E46, cid=220, FAILED org.apache.ratis.protocol.NotLeaderException: Server 93815d00-d04d-4827-abd2-cd1dc4ee69f6 is not the leader (null). Request must be sent to leader., logIndex=0, commits[93815d00-d04d-4827-abd2-cd1dc4ee69f6:c-1]
2019-07-14 08:38:09,539 INFO  client.GrpcClientProtocolClient (GrpcClientProtocolClient.java:onNext(255)) - client-FF58EE7D6F66->0a3ddfcf-3f94-4936-a3d0-6a4ece9c0826: receive RaftClientReply:client-FF58EE7D6F66->0a3ddfcf-3f94-4936-a3d0-6a4ece9c0826@group-E1CE863F6E46, cid=220, FAILED org.apache.ratis.protocol.NotLeaderException: Server 0a3ddfcf-3f94-4936-a3d0-6a4ece9c0826 is not the leader (null). Request must be sent to leader., logIndex=0, commits[0a3ddfcf-3f94-4936-a3d0-6a4ece9c0826:c-1]
2019-07-14 08:38:10,428 INFO  impl.FollowerState (FollowerState.java:run(106)) - 42fb55ec-a868-4f87-91e7-014db3a3e8de:group-DC8DA109E706 changes to CANDIDATE, lastRpcTime:5154, electionTimeout:5154ms
2019-07-14 08:38:10,428 INFO  impl.RoleInfo (RoleInfo.java:shutdownFollowerState(121)) - 42fb55ec-a868-4f87-91e7-014db3a3e8de: shutdown FollowerState
2019-07-14 08:38:10,428 INFO  impl.RaftServerImpl (RaftServerImpl.java:setRole(171)) - 42fb55ec-a868-4f87-91e7-014db3a3e8de:group-DC8DA109E706 changes role from FOLLOWER to CANDIDATE at term 0 for changeToCandidate
2019-07-14 08:38:10,429 INFO  impl.RoleInfo (RoleInfo.java:updateAndGet(143)) - 42fb55ec-a868-4f87-91e7-014db3a3e8de: start LeaderElection
2019-07-14 08:38:10,450 INFO  impl.LeaderElection (LeaderElection.java:askForVotes(181)) - 42fb55ec-a868-4f87-91e7-014db3a3e8de:group-DC8DA109E706:LeaderElection79: begin an election at term 1 for -1: [42fb55ec-a868-4f87-91e7-014db3a3e8de:192.168.5.191:43104], old=null
2019-07-14 08:38:10,450 INFO  impl.RoleInfo (RoleInfo.java:shutdownLeaderElection(134)) - 42fb55ec-a868-4f87-91e7-014db3a3e8de: shutdown LeaderElection
2019-07-14 08:38:10,450 INFO  impl.RaftServerImpl (RaftServerImpl.java:setRole(171)) - 42fb55ec-a868-4f87-91e7-014db3a3e8de:group-DC8DA109E706 changes role from CANDIDATE to LEADER at term 1 for changeToLeader
2019-07-14 08:38:10,451 INFO  impl.RaftServerImpl (ServerState.java:setLeader(263)) - 42fb55ec-a868-4f87-91e7-014db3a3e8de:group-DC8DA109E706 change Leader from null to 42fb55ec-a868-4f87-91e7-014db3a3e8de at term 1 for becomeLeader, leader elected after 5181ms
2019-07-14 08:38:10,453 INFO  server.RaftServerConfigKeys (ConfUtils.java:logGet(43)) - raft.server.staging.catchup.gap = 1000 (default)
2019-07-14 08:38:10,453 INFO  server.RaftServerConfigKeys (ConfUtils.java:logGet(43)) - raft.server.rpc.sleep.time = 25ms (default)
2019-07-14 08:38:10,453 INFO  server.RaftServerConfigKeys (ConfUtils.java:logGet(43)) - raft.server.write.element-limit = 4096 (default)
2019-07-14 08:38:10,453 INFO  server.RaftServerConfigKeys (ConfUtils.java:logGet(43)) - raft.server.watch.timeout = 10s (default)
2019-07-14 08:38:10,454 INFO  server.RaftServerConfigKeys (ConfUtils.java:logGet(43)) - raft.server.watch.timeout.denomination = 1s (default)
2019-07-14 08:38:10,454 INFO  server.RaftServerConfigKeys (ConfUtils.java:logGet(43)) - raft.server.watch.element-limit = 65536 (default)
2019-07-14 08:38:10,454 INFO  impl.RoleInfo (RoleInfo.java:updateAndGet(143)) - 42fb55ec-a868-4f87-91e7-014db3a3e8de: start LeaderState
2019-07-14 08:38:10,454 INFO  segmented.SegmentedRaftLogWorker (SegmentedRaftLogWorker.java:startLogSegment(380)) - 42fb55ec-a868-4f87-91e7-014db3a3e8de-SegmentedRaftLogWorker:Storage Directory /workdir/hadoop-ozone/integration-test/target/test-dir/MiniOzoneClusterImpl-bc5e9f25-ea62-49b4-a651-322acf43a6ff/datanode-0/data/ratis/42a80fde-8f82-4779-8316-dc8da109e706: Starting segment from index:0
2019-07-14 08:38:10,455 INFO  impl.RaftServerImpl (ServerState.java:setRaftConf(361)) - 42fb55ec-a868-4f87-91e7-014db3a3e8de:group-DC8DA109E706 set configuration 0: [42fb55ec-a868-4f87-91e7-014db3a3e8de:192.168.5.191:43104], old=null at 0
2019-07-14 08:38:10,479 INFO  segmented.SegmentedRaftLogWorker (SegmentedRaftLogWorker.java:execute(569)) - 42fb55ec-a868-4f87-91e7-014db3a3e8de-SegmentedRaftLogWorker:Storage Directory /workdir/hadoop-ozone/integration-test/target/test-dir/MiniOzoneClusterImpl-bc5e9f25-ea62-49b4-a651-322acf43a6ff/datanode-0/data/ratis/42a80fde-8f82-4779-8316-dc8da109e706: created new log segment /workdir/hadoop-ozone/integration-test/target/test-dir/MiniOzoneClusterImpl-bc5e9f25-ea62-49b4-a651-322acf43a6ff/datanode-0/data/ratis/42a80fde-8f82-4779-8316-dc8da109e706/current/log_inprogress_0
2019-07-14 08:38:10,525 INFO  impl.FollowerState (FollowerState.java:run(106)) - 0a3ddfcf-3f94-4936-a3d0-6a4ece9c0826:group-6A56D83734DD changes to CANDIDATE, lastRpcTime:5107, electionTimeout:5107ms
2019-07-14 08:38:10,525 INFO  impl.RoleInfo (RoleInfo.java:shutdownFollowerState(121)) - 0a3ddfcf-3f94-4936-a3d0-6a4ece9c0826: shutdown FollowerState
2019-07-14 08:38:10,525 INFO  impl.RaftServerImpl (RaftServerImpl.java:setRole(171)) - 0a3ddfcf-3f94-4936-a3d0-6a4ece9c0826:group-6A56D83734DD changes role from FOLLOWER to CANDIDATE at term 0 for changeToCandidate
2019-07-14 08:38:10,525 INFO  impl.RoleInfo (RoleInfo.java:updateAndGet(143)) - 0a3ddfcf-3f94-4936-a3d0-6a4ece9c0826: start LeaderElection
2019-07-14 08:38:10,548 INFO  impl.LeaderElection (LeaderElection.java:askForVotes(181)) - 0a3ddfcf-3f94-4936-a3d0-6a4ece9c0826:group-6A56D83734DD:LeaderElection80: begin an election at term 1 for -1: [0a3ddfcf-3f94-4936-a3d0-6a4ece9c0826:192.168.5.191:33243], old=null
2019-07-14 08:38:10,549 INFO  impl.RoleInfo (RoleInfo.java:shutdownLeaderElection(134)) - 0a3ddfcf-3f94-4936-a3d0-6a4ece9c0826: shutdown LeaderElection
2019-07-14 08:38:10,549 INFO  impl.RaftServerImpl (RaftServerImpl.java:setRole(171)) - 0a3ddfcf-3f94-4936-a3d0-6a4ece9c0826:group-6A56D83734DD changes role from CANDIDATE to LEADER at term 1 for changeToLeader
2019-07-14 08:38:10,552 INFO  impl.RaftServerImpl (ServerState.java:setLeader(263)) - 0a3ddfcf-3f94-4936-a3d0-6a4ece9c0826:group-6A56D83734DD change Leader from null to 0a3ddfcf-3f94-4936-a3d0-6a4ece9c0826 at term 1 for becomeLeader, leader elected after 5138ms
2019-07-14 08:38:10,554 INFO  server.RaftServerConfigKeys (ConfUtils.java:logGet(43)) - raft.server.staging.catchup.gap = 1000 (default)
2019-07-14 08:38:10,554 INFO  server.RaftServerConfigKeys (ConfUtils.java:logGet(43)) - raft.server.rpc.sleep.time = 25ms (default)
2019-07-14 08:38:10,554 INFO  client.GrpcClientProtocolClient (GrpcClientProtocolClient.java:onNext(255)) - client-FF58EE7D6F66->42fb55ec-a868-4f87-91e7-014db3a3e8de: receive RaftClientReply:client-FF58EE7D6F66->42fb55ec-a868-4f87-91e7-014db3a3e8de@group-E1CE863F6E46, cid=220, FAILED org.apache.ratis.protocol.NotLeaderException: Server 42fb55ec-a868-4f87-91e7-014db3a3e8de is not the leader (null). Request must be sent to leader., logIndex=0, commits[42fb55ec-a868-4f87-91e7-014db3a3e8de:c-1]
2019-07-14 08:38:10,555 INFO  server.RaftServerConfigKeys (ConfUtils.java:logGet(43)) - raft.server.write.element-limit = 4096 (default)
2019-07-14 08:38:10,555 INFO  server.RaftServerConfigKeys (ConfUtils.java:logGet(43)) - raft.server.watch.timeout = 10s (default)
2019-07-14 08:38:10,555 INFO  server.RaftServerConfigKeys (ConfUtils.java:logGet(43)) - raft.server.watch.timeout.denomination = 1s (default)
2019-07-14 08:38:10,555 INFO  server.RaftServerConfigKeys (ConfUtils.java:logGet(43)) - raft.server.watch.element-limit = 65536 (default)
2019-07-14 08:38:10,558 INFO  impl.RoleInfo (RoleInfo.java:updateAndGet(143)) - 0a3ddfcf-3f94-4936-a3d0-6a4ece9c0826: start LeaderState
2019-07-14 08:38:10,558 INFO  segmented.SegmentedRaftLogWorker (SegmentedRaftLogWorker.java:startLogSegment(380)) - 0a3ddfcf-3f94-4936-a3d0-6a4ece9c0826-SegmentedRaftLogWorker:Storage Directory /workdir/hadoop-ozone/integration-test/target/test-dir/MiniOzoneClusterImpl-bc5e9f25-ea62-49b4-a651-322acf43a6ff/datanode-1/data/ratis/e4a8beb7-65e1-4345-bd1f-6a56d83734dd: Starting segment from index:0
2019-07-14 08:38:10,558 INFO  impl.RaftServerImpl (ServerState.java:setRaftConf(361)) - 0a3ddfcf-3f94-4936-a3d0-6a4ece9c0826:group-6A56D83734DD set configuration 0: [0a3ddfcf-3f94-4936-a3d0-6a4ece9c0826:192.168.5.191:33243], old=null at 0
2019-07-14 08:38:10,577 INFO  segmented.SegmentedRaftLogWorker (SegmentedRaftLogWorker.java:execute(569)) - 0a3ddfcf-3f94-4936-a3d0-6a4ece9c0826-SegmentedRaftLogWorker:Storage Directory /workdir/hadoop-ozone/integration-test/target/test-dir/MiniOzoneClusterImpl-bc5e9f25-ea62-49b4-a651-322acf43a6ff/datanode-1/data/ratis/e4a8beb7-65e1-4345-bd1f-6a56d83734dd: created new log segment /workdir/hadoop-ozone/integration-test/target/test-dir/MiniOzoneClusterImpl-bc5e9f25-ea62-49b4-a651-322acf43a6ff/datanode-1/data/ratis/e4a8beb7-65e1-4345-bd1f-6a56d83734dd/current/log_inprogress_0
2019-07-14 08:38:10,657 INFO  impl.FollowerState (FollowerState.java:run(106)) - 93815d00-d04d-4827-abd2-cd1dc4ee69f6:group-2B6F66A34D1B changes to CANDIDATE, lastRpcTime:5066, electionTimeout:5066ms
2019-07-14 08:38:10,657 INFO  impl.RoleInfo (RoleInfo.java:shutdownFollowerState(121)) - 93815d00-d04d-4827-abd2-cd1dc4ee69f6: shutdown FollowerState
2019-07-14 08:38:10,657 INFO  impl.RaftServerImpl (RaftServerImpl.java:setRole(171)) - 93815d00-d04d-4827-abd2-cd1dc4ee69f6:group-2B6F66A34D1B changes role from FOLLOWER to CANDIDATE at term 0 for changeToCandidate
2019-07-14 08:38:10,657 INFO  impl.RoleInfo (RoleInfo.java:updateAndGet(143)) - 93815d00-d04d-4827-abd2-cd1dc4ee69f6: start LeaderElection
2019-07-14 08:38:10,672 INFO  impl.LeaderElection (LeaderElection.java:askForVotes(181)) - 93815d00-d04d-4827-abd2-cd1dc4ee69f6:group-2B6F66A34D1B:LeaderElection81: begin an election at term 1 for -1: [93815d00-d04d-4827-abd2-cd1dc4ee69f6:192.168.5.191:42573], old=null
2019-07-14 08:38:10,673 INFO  impl.RoleInfo (RoleInfo.java:shutdownLeaderElection(134)) - 93815d00-d04d-4827-abd2-cd1dc4ee69f6: shutdown LeaderElection
2019-07-14 08:38:10,673 INFO  impl.RaftServerImpl (RaftServerImpl.java:setRole(171)) - 93815d00-d04d-4827-abd2-cd1dc4ee69f6:group-2B6F66A34D1B changes role from CANDIDATE to LEADER at term 1 for changeToLeader
2019-07-14 08:38:10,673 INFO  impl.RaftServerImpl (ServerState.java:setLeader(263)) - 93815d00-d04d-4827-abd2-cd1dc4ee69f6:group-2B6F66A34D1B change Leader from null to 93815d00-d04d-4827-abd2-cd1dc4ee69f6 at term 1 for becomeLeader, leader elected after 5087ms
2019-07-14 08:38:10,676 INFO  server.RaftServerConfigKeys (ConfUtils.java:logGet(43)) - raft.server.staging.catchup.gap = 1000 (default)
2019-07-14 08:38:10,676 INFO  server.RaftServerConfigKeys (ConfUtils.java:logGet(43)) - raft.server.rpc.sleep.time = 25ms (default)
2019-07-14 08:38:10,676 INFO  server.RaftServerConfigKeys (ConfUtils.java:logGet(43)) - raft.server.write.element-limit = 4096 (default)
2019-07-14 08:38:10,676 INFO  server.RaftServerConfigKeys (ConfUtils.java:logGet(43)) - raft.server.watch.timeout = 10s (default)
2019-07-14 08:38:10,676 INFO  server.RaftServerConfigKeys (ConfUtils.java:logGet(43)) - raft.server.watch.timeout.denomination = 1s (default)
2019-07-14 08:38:10,676 INFO  server.RaftServerConfigKeys (ConfUtils.java:logGet(43)) - raft.server.watch.element-limit = 65536 (default)
2019-07-14 08:38:10,677 INFO  impl.RoleInfo (RoleInfo.java:updateAndGet(143)) - 93815d00-d04d-4827-abd2-cd1dc4ee69f6: start LeaderState
2019-07-14 08:38:10,677 INFO  segmented.SegmentedRaftLogWorker (SegmentedRaftLogWorker.java:startLogSegment(380)) - 93815d00-d04d-4827-abd2-cd1dc4ee69f6-SegmentedRaftLogWorker:Storage Directory /workdir/hadoop-ozone/integration-test/target/test-dir/MiniOzoneClusterImpl-bc5e9f25-ea62-49b4-a651-322acf43a6ff/datanode-2/data/ratis/5f3fbc3a-5a9a-420a-9672-2b6f66a34d1b: Starting segment from index:0
2019-07-14 08:38:10,677 INFO  impl.RaftServerImpl (ServerState.java:setRaftConf(361)) - 93815d00-d04d-4827-abd2-cd1dc4ee69f6:group-2B6F66A34D1B set configuration 0: [93815d00-d04d-4827-abd2-cd1dc4ee69f6:192.168.5.191:42573], old=null at 0
2019-07-14 08:38:10,690 INFO  impl.FollowerState (FollowerState.java:run(106)) - 0a3ddfcf-3f94-4936-a3d0-6a4ece9c0826:group-E1CE863F6E46 changes to CANDIDATE, lastRpcTime:5045, electionTimeout:5045ms
2019-07-14 08:38:10,690 INFO  impl.RoleInfo (RoleInfo.java:shutdownFollowerState(121)) - 0a3ddfcf-3f94-4936-a3d0-6a4ece9c0826: shutdown FollowerState
2019-07-14 08:38:10,690 INFO  impl.RaftServerImpl (RaftServerImpl.java:setRole(171)) - 0a3ddfcf-3f94-4936-a3d0-6a4ece9c0826:group-E1CE863F6E46 changes role from FOLLOWER to CANDIDATE at term 0 for changeToCandidate
2019-07-14 08:38:10,690 INFO  impl.RoleInfo (RoleInfo.java:updateAndGet(143)) - 0a3ddfcf-3f94-4936-a3d0-6a4ece9c0826: start LeaderElection
2019-07-14 08:38:10,699 INFO  impl.FollowerState (FollowerState.java:run(106)) - 93815d00-d04d-4827-abd2-cd1dc4ee69f6:group-E1CE863F6E46 changes to CANDIDATE, lastRpcTime:5062, electionTimeout:5059ms
2019-07-14 08:38:10,699 INFO  impl.RoleInfo (RoleInfo.java:shutdownFollowerState(121)) - 93815d00-d04d-4827-abd2-cd1dc4ee69f6: shutdown FollowerState
2019-07-14 08:38:10,699 INFO  impl.RaftServerImpl (RaftServerImpl.java:setRole(171)) - 93815d00-d04d-4827-abd2-cd1dc4ee69f6:group-E1CE863F6E46 changes role from FOLLOWER to CANDIDATE at term 0 for changeToCandidate
2019-07-14 08:38:10,702 INFO  impl.RoleInfo (RoleInfo.java:updateAndGet(143)) - 93815d00-d04d-4827-abd2-cd1dc4ee69f6: start LeaderElection
2019-07-14 08:38:10,705 INFO  segmented.SegmentedRaftLogWorker (SegmentedRaftLogWorker.java:execute(569)) - 93815d00-d04d-4827-abd2-cd1dc4ee69f6-SegmentedRaftLogWorker:Storage Directory /workdir/hadoop-ozone/integration-test/target/test-dir/MiniOzoneClusterImpl-bc5e9f25-ea62-49b4-a651-322acf43a6ff/datanode-2/data/ratis/5f3fbc3a-5a9a-420a-9672-2b6f66a34d1b: created new log segment /workdir/hadoop-ozone/integration-test/target/test-dir/MiniOzoneClusterImpl-bc5e9f25-ea62-49b4-a651-322acf43a6ff/datanode-2/data/ratis/5f3fbc3a-5a9a-420a-9672-2b6f66a34d1b/current/log_inprogress_0
2019-07-14 08:38:10,721 INFO  impl.LeaderElection (LeaderElection.java:askForVotes(181)) - 0a3ddfcf-3f94-4936-a3d0-6a4ece9c0826:group-E1CE863F6E46:LeaderElection82: begin an election at term 1 for -1: [42fb55ec-a868-4f87-91e7-014db3a3e8de:192.168.5.191:43104, 93815d00-d04d-4827-abd2-cd1dc4ee69f6:192.168.5.191:42573, 0a3ddfcf-3f94-4936-a3d0-6a4ece9c0826:192.168.5.191:33243], old=null
2019-07-14 08:38:10,721 INFO  impl.LeaderElection (LeaderElection.java:askForVotes(181)) - 93815d00-d04d-4827-abd2-cd1dc4ee69f6:group-E1CE863F6E46:LeaderElection83: begin an election at term 1 for -1: [42fb55ec-a868-4f87-91e7-014db3a3e8de:192.168.5.191:43104, 93815d00-d04d-4827-abd2-cd1dc4ee69f6:192.168.5.191:42573, 0a3ddfcf-3f94-4936-a3d0-6a4ece9c0826:192.168.5.191:33243], old=null
2019-07-14 08:38:10,728 INFO  impl.RaftServerImpl (RaftServerImpl.java:setRole(171)) - 42fb55ec-a868-4f87-91e7-014db3a3e8de:group-E1CE863F6E46 changes role from FOLLOWER to FOLLOWER at term 1 for recognizeCandidate:0a3ddfcf-3f94-4936-a3d0-6a4ece9c0826
2019-07-14 08:38:10,731 INFO  impl.RoleInfo (RoleInfo.java:shutdownFollowerState(121)) - 42fb55ec-a868-4f87-91e7-014db3a3e8de: shutdown FollowerState
2019-07-14 08:38:10,732 INFO  impl.RoleInfo (RoleInfo.java:updateAndGet(143)) - 42fb55ec-a868-4f87-91e7-014db3a3e8de: start FollowerState
2019-07-14 08:38:10,732 INFO  impl.FollowerState (FollowerState.java:run(114)) - 42fb55ec-a868-4f87-91e7-014db3a3e8de: FollowerState was interrupted: java.lang.InterruptedException: sleep interrupted
2019-07-14 08:38:10,757 INFO  impl.LeaderElection (LeaderElection.java:logAndReturn(56)) - 0a3ddfcf-3f94-4936-a3d0-6a4ece9c0826:group-E1CE863F6E46:LeaderElection82: Election PASSED; received 2 response(s) [0a3ddfcf-3f94-4936-a3d0-6a4ece9c0826<-42fb55ec-a868-4f87-91e7-014db3a3e8de#0:OK-t1, 0a3ddfcf-3f94-4936-a3d0-6a4ece9c0826<-93815d00-d04d-4827-abd2-cd1dc4ee69f6#0:FAIL-t1] and 0 exception(s); 0a3ddfcf-3f94-4936-a3d0-6a4ece9c0826:t1, leader=null, voted=0a3ddfcf-3f94-4936-a3d0-6a4ece9c0826, raftlog=0a3ddfcf-3f94-4936-a3d0-6a4ece9c0826-SegmentedRaftLog:OPENED:c-1,f-1,i0, conf=-1: [42fb55ec-a868-4f87-91e7-014db3a3e8de:192.168.5.191:43104, 93815d00-d04d-4827-abd2-cd1dc4ee69f6:192.168.5.191:42573, 0a3ddfcf-3f94-4936-a3d0-6a4ece9c0826:192.168.5.191:33243], old=null
2019-07-14 08:38:10,757 INFO  impl.LeaderElection (LeaderElection.java:logAndReturn(56)) - 93815d00-d04d-4827-abd2-cd1dc4ee69f6:group-E1CE863F6E46:LeaderElection83: Election REJECTED; received 2 response(s) [93815d00-d04d-4827-abd2-cd1dc4ee69f6<-42fb55ec-a868-4f87-91e7-014db3a3e8de#0:FAIL-t1, 93815d00-d04d-4827-abd2-cd1dc4ee69f6<-0a3ddfcf-3f94-4936-a3d0-6a4ece9c0826#0:FAIL-t1] and 0 exception(s); 93815d00-d04d-4827-abd2-cd1dc4ee69f6:t1, leader=null, voted=93815d00-d04d-4827-abd2-cd1dc4ee69f6, raftlog=93815d00-d04d-4827-abd2-cd1dc4ee69f6-SegmentedRaftLog:OPENED:c-1,f-1,i0, conf=-1: [42fb55ec-a868-4f87-91e7-014db3a3e8de:192.168.5.191:43104, 93815d00-d04d-4827-abd2-cd1dc4ee69f6:192.168.5.191:42573, 0a3ddfcf-3f94-4936-a3d0-6a4ece9c0826:192.168.5.191:33243], old=null
2019-07-14 08:38:10,757 INFO  impl.RoleInfo (RoleInfo.java:shutdownLeaderElection(134)) - 0a3ddfcf-3f94-4936-a3d0-6a4ece9c0826: shutdown LeaderElection
2019-07-14 08:38:10,757 INFO  impl.RaftServerImpl (RaftServerImpl.java:setRole(171)) - 93815d00-d04d-4827-abd2-cd1dc4ee69f6:group-E1CE863F6E46 changes role from CANDIDATE to FOLLOWER at term 1 for DISCOVERED_A_NEW_TERM
2019-07-14 08:38:10,757 INFO  impl.RaftServerImpl (RaftServerImpl.java:setRole(171)) - 0a3ddfcf-3f94-4936-a3d0-6a4ece9c0826:group-E1CE863F6E46 changes role from CANDIDATE to LEADER at term 1 for changeToLeader
2019-07-14 08:38:10,757 INFO  impl.RoleInfo (RoleInfo.java:shutdownLeaderElection(134)) - 93815d00-d04d-4827-abd2-cd1dc4ee69f6: shutdown LeaderElection
2019-07-14 08:38:10,758 INFO  impl.RaftServerImpl (ServerState.java:setLeader(263)) - 0a3ddfcf-3f94-4936-a3d0-6a4ece9c0826:group-E1CE863F6E46 change Leader from null to 0a3ddfcf-3f94-4936-a3d0-6a4ece9c0826 at term 1 for becomeLeader, leader elected after 5125ms
2019-07-14 08:38:10,758 INFO  impl.RoleInfo (RoleInfo.java:updateAndGet(143)) - 93815d00-d04d-4827-abd2-cd1dc4ee69f6: start FollowerState
2019-07-14 08:38:10,758 INFO  server.RaftServerConfigKeys (ConfUtils.java:logGet(43)) - raft.server.staging.catchup.gap = 1000 (default)
2019-07-14 08:38:10,758 INFO  server.RaftServerConfigKeys (ConfUtils.java:logGet(43)) - raft.server.rpc.sleep.time = 25ms (default)
2019-07-14 08:38:10,758 INFO  server.RaftServerConfigKeys (ConfUtils.java:logGet(43)) - raft.server.write.element-limit = 4096 (default)
2019-07-14 08:38:10,759 INFO  server.RaftServerConfigKeys (ConfUtils.java:logGet(43)) - raft.server.watch.timeout = 10s (default)
2019-07-14 08:38:10,759 INFO  server.RaftServerConfigKeys (ConfUtils.java:logGet(43)) - raft.server.watch.timeout.denomination = 1s (default)
2019-07-14 08:38:10,759 INFO  server.RaftServerConfigKeys (ConfUtils.java:logGet(43)) - raft.server.watch.element-limit = 65536 (default)
2019-07-14 08:38:10,759 INFO  server.RaftServerConfigKeys (ConfUtils.java:logGet(43)) - raft.server.log.appender.snapshot.chunk.size.max = 16MB (=16777216) (default)
2019-07-14 08:38:10,759 INFO  server.RaftServerConfigKeys (ConfUtils.java:logGet(43)) - raft.server.log.appender.buffer.byte-limit = 33554432 (custom)
2019-07-14 08:38:10,759 INFO  server.RaftServerConfigKeys (ConfUtils.java:logGet(43)) - raft.server.log.appender.buffer.element-limit = 1 (custom)
2019-07-14 08:38:10,760 INFO  grpc.GrpcConfigKeys$Server (ConfUtils.java:logGet(43)) - raft.grpc.server.leader.outstanding.appends.max = 128 (default)
2019-07-14 08:38:10,760 INFO  server.RaftServerConfigKeys (ConfUtils.java:logGet(43)) - raft.server.rpc.request.timeout = 3000ms (default)
2019-07-14 08:38:10,760 INFO  server.RaftServerConfigKeys (ConfUtils.java:logGet(43)) - raft.server.log.appender.install.snapshot.enabled = false (custom)
2019-07-14 08:38:10,760 INFO  server.RaftServerConfigKeys (ConfUtils.java:logGet(43)) - raft.server.log.appender.snapshot.chunk.size.max = 16MB (=16777216) (default)
2019-07-14 08:38:10,760 INFO  server.RaftServerConfigKeys (ConfUtils.java:logGet(43)) - raft.server.log.appender.buffer.byte-limit = 33554432 (custom)
2019-07-14 08:38:10,761 INFO  server.RaftServerConfigKeys (ConfUtils.java:logGet(43)) - raft.server.log.appender.buffer.element-limit = 1 (custom)
2019-07-14 08:38:10,761 INFO  grpc.GrpcConfigKeys$Server (ConfUtils.java:logGet(43)) - raft.grpc.server.leader.outstanding.appends.max = 128 (default)
2019-07-14 08:38:10,761 INFO  server.RaftServerConfigKeys (ConfUtils.java:logGet(43)) - raft.server.rpc.request.timeout = 3000ms (default)
2019-07-14 08:38:10,761 INFO  server.RaftServerConfigKeys (ConfUtils.java:logGet(43)) - raft.server.log.appender.install.snapshot.enabled = false (custom)
2019-07-14 08:38:10,761 INFO  impl.RoleInfo (RoleInfo.java:updateAndGet(143)) - 0a3ddfcf-3f94-4936-a3d0-6a4ece9c0826: start LeaderState
2019-07-14 08:38:10,761 INFO  segmented.SegmentedRaftLogWorker (SegmentedRaftLogWorker.java:startLogSegment(380)) - 0a3ddfcf-3f94-4936-a3d0-6a4ece9c0826-SegmentedRaftLogWorker:Storage Directory /workdir/hadoop-ozone/integration-test/target/test-dir/MiniOzoneClusterImpl-bc5e9f25-ea62-49b4-a651-322acf43a6ff/datanode-1/data/ratis/fd89ffc8-e2e3-40ba-aea4-e1ce863f6e46: Starting segment from index:0
2019-07-14 08:38:10,762 INFO  impl.RaftServerImpl (ServerState.java:setRaftConf(361)) - 0a3ddfcf-3f94-4936-a3d0-6a4ece9c0826:group-E1CE863F6E46 set configuration 0: [42fb55ec-a868-4f87-91e7-014db3a3e8de:192.168.5.191:43104, 93815d00-d04d-4827-abd2-cd1dc4ee69f6:192.168.5.191:42573, 0a3ddfcf-3f94-4936-a3d0-6a4ece9c0826:192.168.5.191:33243], old=null at 0
2019-07-14 08:38:10,764 INFO  impl.RaftServerImpl (ServerState.java:setLeader(263)) - 42fb55ec-a868-4f87-91e7-014db3a3e8de:group-E1CE863F6E46 change Leader from null to 0a3ddfcf-3f94-4936-a3d0-6a4ece9c0826 at term 1 for appendEntries, leader elected after 5133ms
2019-07-14 08:38:10,764 INFO  impl.RaftServerImpl (ServerState.java:setLeader(263)) - 93815d00-d04d-4827-abd2-cd1dc4ee69f6:group-E1CE863F6E46 change Leader from null to 0a3ddfcf-3f94-4936-a3d0-6a4ece9c0826 at term 1 for appendEntries, leader elected after 5133ms
2019-07-14 08:38:10,767 INFO  impl.RaftServerImpl (ServerState.java:setRaftConf(361)) - 42fb55ec-a868-4f87-91e7-014db3a3e8de:group-E1CE863F6E46 set configuration 0: [42fb55ec-a868-4f87-91e7-014db3a3e8de:192.168.5.191:43104, 93815d00-d04d-4827-abd2-cd1dc4ee69f6:192.168.5.191:42573, 0a3ddfcf-3f94-4936-a3d0-6a4ece9c0826:192.168.5.191:33243], old=null at 0
2019-07-14 08:38:10,768 INFO  segmented.SegmentedRaftLogWorker (SegmentedRaftLogWorker.java:startLogSegment(380)) - 42fb55ec-a868-4f87-91e7-014db3a3e8de-SegmentedRaftLogWorker:Storage Directory /workdir/hadoop-ozone/integration-test/target/test-dir/MiniOzoneClusterImpl-bc5e9f25-ea62-49b4-a651-322acf43a6ff/datanode-0/data/ratis/fd89ffc8-e2e3-40ba-aea4-e1ce863f6e46: Starting segment from index:0
2019-07-14 08:38:10,768 INFO  impl.RaftServerImpl (ServerState.java:setRaftConf(361)) - 93815d00-d04d-4827-abd2-cd1dc4ee69f6:group-E1CE863F6E46 set configuration 0: [42fb55ec-a868-4f87-91e7-014db3a3e8de:192.168.5.191:43104, 93815d00-d04d-4827-abd2-cd1dc4ee69f6:192.168.5.191:42573, 0a3ddfcf-3f94-4936-a3d0-6a4ece9c0826:192.168.5.191:33243], old=null at 0
2019-07-14 08:38:10,768 INFO  segmented.SegmentedRaftLogWorker (SegmentedRaftLogWorker.java:startLogSegment(380)) - 93815d00-d04d-4827-abd2-cd1dc4ee69f6-SegmentedRaftLogWorker:Storage Directory /workdir/hadoop-ozone/integration-test/target/test-dir/MiniOzoneClusterImpl-bc5e9f25-ea62-49b4-a651-322acf43a6ff/datanode-2/data/ratis/fd89ffc8-e2e3-40ba-aea4-e1ce863f6e46: Starting segment from index:0
2019-07-14 08:38:10,784 INFO  segmented.SegmentedRaftLogWorker (SegmentedRaftLogWorker.java:execute(569)) - 0a3ddfcf-3f94-4936-a3d0-6a4ece9c0826-SegmentedRaftLogWorker:Storage Directory /workdir/hadoop-ozone/integration-test/target/test-dir/MiniOzoneClusterImpl-bc5e9f25-ea62-49b4-a651-322acf43a6ff/datanode-1/data/ratis/fd89ffc8-e2e3-40ba-aea4-e1ce863f6e46: created new log segment /workdir/hadoop-ozone/integration-test/target/test-dir/MiniOzoneClusterImpl-bc5e9f25-ea62-49b4-a651-322acf43a6ff/datanode-1/data/ratis/fd89ffc8-e2e3-40ba-aea4-e1ce863f6e46/current/log_inprogress_0
2019-07-14 08:38:10,789 INFO  segmented.SegmentedRaftLogWorker (SegmentedRaftLogWorker.java:execute(569)) - 42fb55ec-a868-4f87-91e7-014db3a3e8de-SegmentedRaftLogWorker:Storage Directory /workdir/hadoop-ozone/integration-test/target/test-dir/MiniOzoneClusterImpl-bc5e9f25-ea62-49b4-a651-322acf43a6ff/datanode-0/data/ratis/fd89ffc8-e2e3-40ba-aea4-e1ce863f6e46: created new log segment /workdir/hadoop-ozone/integration-test/target/test-dir/MiniOzoneClusterImpl-bc5e9f25-ea62-49b4-a651-322acf43a6ff/datanode-0/data/ratis/fd89ffc8-e2e3-40ba-aea4-e1ce863f6e46/current/log_inprogress_0
2019-07-14 08:38:10,789 INFO  segmented.SegmentedRaftLogWorker (SegmentedRaftLogWorker.java:execute(569)) - 93815d00-d04d-4827-abd2-cd1dc4ee69f6-SegmentedRaftLogWorker:Storage Directory /workdir/hadoop-ozone/integration-test/target/test-dir/MiniOzoneClusterImpl-bc5e9f25-ea62-49b4-a651-322acf43a6ff/datanode-2/data/ratis/fd89ffc8-e2e3-40ba-aea4-e1ce863f6e46: created new log segment /workdir/hadoop-ozone/integration-test/target/test-dir/MiniOzoneClusterImpl-bc5e9f25-ea62-49b4-a651-322acf43a6ff/datanode-2/data/ratis/fd89ffc8-e2e3-40ba-aea4-e1ce863f6e46/current/log_inprogress_0
2019-07-14 08:38:10,816 INFO  impl.FollowerState (FollowerState.java:run(106)) - e7760f15-2ba8-4abd-948a-61820a731ba5:group-E2883DE1F1DD changes to CANDIDATE, lastRpcTime:5047, electionTimeout:5047ms
2019-07-14 08:38:10,816 INFO  impl.RoleInfo (RoleInfo.java:shutdownFollowerState(121)) - e7760f15-2ba8-4abd-948a-61820a731ba5: shutdown FollowerState
2019-07-14 08:38:10,816 INFO  impl.RaftServerImpl (RaftServerImpl.java:setRole(171)) - e7760f15-2ba8-4abd-948a-61820a731ba5:group-E2883DE1F1DD changes role from FOLLOWER to CANDIDATE at term 0 for changeToCandidate
2019-07-14 08:38:10,816 INFO  impl.RoleInfo (RoleInfo.java:updateAndGet(143)) - e7760f15-2ba8-4abd-948a-61820a731ba5: start LeaderElection
2019-07-14 08:38:10,828 INFO  impl.LeaderElection (LeaderElection.java:askForVotes(181)) - e7760f15-2ba8-4abd-948a-61820a731ba5:group-E2883DE1F1DD:LeaderElection84: begin an election at term 1 for -1: [e7760f15-2ba8-4abd-948a-61820a731ba5:192.168.5.191:44688], old=null
2019-07-14 08:38:10,828 INFO  impl.RoleInfo (RoleInfo.java:shutdownLeaderElection(134)) - e7760f15-2ba8-4abd-948a-61820a731ba5: shutdown LeaderElection
2019-07-14 08:38:10,828 INFO  impl.RaftServerImpl (RaftServerImpl.java:setRole(171)) - e7760f15-2ba8-4abd-948a-61820a731ba5:group-E2883DE1F1DD changes role from CANDIDATE to LEADER at term 1 for changeToLeader
2019-07-14 08:38:10,828 INFO  impl.RaftServerImpl (ServerState.java:setLeader(263)) - e7760f15-2ba8-4abd-948a-61820a731ba5:group-E2883DE1F1DD change Leader from null to e7760f15-2ba8-4abd-948a-61820a731ba5 at term 1 for becomeLeader, leader elected after 5064ms
2019-07-14 08:38:10,830 INFO  server.RaftServerConfigKeys (ConfUtils.java:logGet(43)) - raft.server.staging.catchup.gap = 1000 (default)
2019-07-14 08:38:10,831 INFO  server.RaftServerConfigKeys (ConfUtils.java:logGet(43)) - raft.server.rpc.sleep.time = 25ms (default)
2019-07-14 08:38:10,831 INFO  server.RaftServerConfigKeys (ConfUtils.java:logGet(43)) - raft.server.write.element-limit = 4096 (default)
2019-07-14 08:38:10,831 INFO  server.RaftServerConfigKeys (ConfUtils.java:logGet(43)) - raft.server.watch.timeout = 10s (default)
2019-07-14 08:38:10,831 INFO  server.RaftServerConfigKeys (ConfUtils.java:logGet(43)) - raft.server.watch.timeout.denomination = 1s (default)
2019-07-14 08:38:10,831 INFO  server.RaftServerConfigKeys (ConfUtils.java:logGet(43)) - raft.server.watch.element-limit = 65536 (default)
2019-07-14 08:38:10,831 INFO  impl.RoleInfo (RoleInfo.java:updateAndGet(143)) - e7760f15-2ba8-4abd-948a-61820a731ba5: start LeaderState
2019-07-14 08:38:10,832 INFO  segmented.SegmentedRaftLogWorker (SegmentedRaftLogWorker.java:startLogSegment(380)) - e7760f15-2ba8-4abd-948a-61820a731ba5-SegmentedRaftLogWorker:Storage Directory /workdir/hadoop-ozone/integration-test/target/test-dir/MiniOzoneClusterImpl-bc5e9f25-ea62-49b4-a651-322acf43a6ff/datanode-3/data/ratis/a644076f-00d4-4914-aab4-e2883de1f1dd: Starting segment from index:0
2019-07-14 08:38:10,832 INFO  impl.RaftServerImpl (ServerState.java:setRaftConf(361)) - e7760f15-2ba8-4abd-948a-61820a731ba5:group-E2883DE1F1DD set configuration 0: [e7760f15-2ba8-4abd-948a-61820a731ba5:192.168.5.191:44688], old=null at 0
2019-07-14 08:38:10,856 INFO  segmented.SegmentedRaftLogWorker (SegmentedRaftLogWorker.java:execute(569)) - e7760f15-2ba8-4abd-948a-61820a731ba5-SegmentedRaftLogWorker:Storage Directory /workdir/hadoop-ozone/integration-test/target/test-dir/MiniOzoneClusterImpl-bc5e9f25-ea62-49b4-a651-322acf43a6ff/datanode-3/data/ratis/a644076f-00d4-4914-aab4-e2883de1f1dd: created new log segment /workdir/hadoop-ozone/integration-test/target/test-dir/MiniOzoneClusterImpl-bc5e9f25-ea62-49b4-a651-322acf43a6ff/datanode-3/data/ratis/a644076f-00d4-4914-aab4-e2883de1f1dd/current/log_inprogress_0
2019-07-14 08:38:11,257 INFO  impl.FollowerState (FollowerState.java:run(106)) - af1a4b33-ecf5-419a-a1ef-747317418a5f:group-F0BC3210E35C changes to CANDIDATE, lastRpcTime:5151, electionTimeout:5151ms
2019-07-14 08:38:11,257 INFO  impl.RoleInfo (RoleInfo.java:shutdownFollowerState(121)) - af1a4b33-ecf5-419a-a1ef-747317418a5f: shutdown FollowerState
2019-07-14 08:38:11,257 INFO  impl.RaftServerImpl (RaftServerImpl.java:setRole(171)) - af1a4b33-ecf5-419a-a1ef-747317418a5f:group-F0BC3210E35C changes role from FOLLOWER to CANDIDATE at term 0 for changeToCandidate
2019-07-14 08:38:11,257 INFO  impl.RoleInfo (RoleInfo.java:updateAndGet(143)) - af1a4b33-ecf5-419a-a1ef-747317418a5f: start LeaderElection
2019-07-14 08:38:11,277 INFO  impl.LeaderElection (LeaderElection.java:askForVotes(181)) - af1a4b33-ecf5-419a-a1ef-747317418a5f:group-F0BC3210E35C:LeaderElection85: begin an election at term 1 for -1: [af1a4b33-ecf5-419a-a1ef-747317418a5f:192.168.5.191:35568], old=null
2019-07-14 08:38:11,277 INFO  impl.RoleInfo (RoleInfo.java:shutdownLeaderElection(134)) - af1a4b33-ecf5-419a-a1ef-747317418a5f: shutdown LeaderElection
2019-07-14 08:38:11,277 INFO  impl.RaftServerImpl (RaftServerImpl.java:setRole(171)) - af1a4b33-ecf5-419a-a1ef-747317418a5f:group-F0BC3210E35C changes role from CANDIDATE to LEADER at term 1 for changeToLeader
2019-07-14 08:38:11,278 INFO  impl.RaftServerImpl (ServerState.java:setLeader(263)) - af1a4b33-ecf5-419a-a1ef-747317418a5f:group-F0BC3210E35C change Leader from null to af1a4b33-ecf5-419a-a1ef-747317418a5f at term 1 for becomeLeader, leader elected after 5176ms
2019-07-14 08:38:11,279 INFO  server.RaftServerConfigKeys (ConfUtils.java:logGet(43)) - raft.server.staging.catchup.gap = 1000 (default)
2019-07-14 08:38:11,280 INFO  server.RaftServerConfigKeys (ConfUtils.java:logGet(43)) - raft.server.rpc.sleep.time = 25ms (default)
2019-07-14 08:38:11,280 INFO  server.RaftServerConfigKeys (ConfUtils.java:logGet(43)) - raft.server.write.element-limit = 4096 (default)
2019-07-14 08:38:11,280 INFO  server.RaftServerConfigKeys (ConfUtils.java:logGet(43)) - raft.server.watch.timeout = 10s (default)
2019-07-14 08:38:11,280 INFO  server.RaftServerConfigKeys (ConfUtils.java:logGet(43)) - raft.server.watch.timeout.denomination = 1s (default)
2019-07-14 08:38:11,280 INFO  server.RaftServerConfigKeys (ConfUtils.java:logGet(43)) - raft.server.watch.element-limit = 65536 (default)
2019-07-14 08:38:11,280 INFO  impl.RoleInfo (RoleInfo.java:updateAndGet(143)) - af1a4b33-ecf5-419a-a1ef-747317418a5f: start LeaderState
2019-07-14 08:38:11,281 INFO  segmented.SegmentedRaftLogWorker (SegmentedRaftLogWorker.java:startLogSegment(380)) - af1a4b33-ecf5-419a-a1ef-747317418a5f-SegmentedRaftLogWorker:Storage Directory /workdir/hadoop-ozone/integration-test/target/test-dir/MiniOzoneClusterImpl-bc5e9f25-ea62-49b4-a651-322acf43a6ff/datanode-4/data/ratis/cb3e8774-5937-422d-afc4-f0bc3210e35c: Starting segment from index:0
2019-07-14 08:38:11,281 INFO  impl.RaftServerImpl (ServerState.java:setRaftConf(361)) - af1a4b33-ecf5-419a-a1ef-747317418a5f:group-F0BC3210E35C set configuration 0: [af1a4b33-ecf5-419a-a1ef-747317418a5f:192.168.5.191:35568], old=null at 0
2019-07-14 08:38:11,304 INFO  segmented.SegmentedRaftLogWorker (SegmentedRaftLogWorker.java:execute(569)) - af1a4b33-ecf5-419a-a1ef-747317418a5f-SegmentedRaftLogWorker:Storage Directory /workdir/hadoop-ozone/integration-test/target/test-dir/MiniOzoneClusterImpl-bc5e9f25-ea62-49b4-a651-322acf43a6ff/datanode-4/data/ratis/cb3e8774-5937-422d-afc4-f0bc3210e35c: created new log segment /workdir/hadoop-ozone/integration-test/target/test-dir/MiniOzoneClusterImpl-bc5e9f25-ea62-49b4-a651-322acf43a6ff/datanode-4/data/ratis/cb3e8774-5937-422d-afc4-f0bc3210e35c/current/log_inprogress_0
2019-07-14 08:38:11,436 INFO  impl.FollowerState (FollowerState.java:run(106)) - af1a4b33-ecf5-419a-a1ef-747317418a5f:group-860D5A8274E1 changes to CANDIDATE, lastRpcTime:5122, electionTimeout:5122ms
2019-07-14 08:38:11,436 INFO  impl.RoleInfo (RoleInfo.java:shutdownFollowerState(121)) - af1a4b33-ecf5-419a-a1ef-747317418a5f: shutdown FollowerState
2019-07-14 08:38:11,436 INFO  impl.RaftServerImpl (RaftServerImpl.java:setRole(171)) - af1a4b33-ecf5-419a-a1ef-747317418a5f:group-860D5A8274E1 changes role from FOLLOWER to CANDIDATE at term 0 for changeToCandidate
2019-07-14 08:38:11,436 INFO  impl.RoleInfo (RoleInfo.java:updateAndGet(143)) - af1a4b33-ecf5-419a-a1ef-747317418a5f: start LeaderElection
2019-07-14 08:38:11,455 INFO  impl.FollowerState (FollowerState.java:run(106)) - 89224a59-d9cf-47b8-a74c-554e37b7647b:group-EBA2712CFC58 changes to CANDIDATE, lastRpcTime:5192, electionTimeout:5182ms
2019-07-14 08:38:11,456 INFO  impl.RoleInfo (RoleInfo.java:shutdownFollowerState(121)) - 89224a59-d9cf-47b8-a74c-554e37b7647b: shutdown FollowerState
2019-07-14 08:38:11,455 INFO  impl.FollowerState (FollowerState.java:run(106)) - e7760f15-2ba8-4abd-948a-61820a731ba5:group-860D5A8274E1 changes to CANDIDATE, lastRpcTime:5141, electionTimeout:5135ms
2019-07-14 08:38:11,456 INFO  impl.RaftServerImpl (RaftServerImpl.java:setRole(171)) - 89224a59-d9cf-47b8-a74c-554e37b7647b:group-EBA2712CFC58 changes role from FOLLOWER to CANDIDATE at term 0 for changeToCandidate
2019-07-14 08:38:11,456 INFO  impl.RoleInfo (RoleInfo.java:shutdownFollowerState(121)) - e7760f15-2ba8-4abd-948a-61820a731ba5: shutdown FollowerState
2019-07-14 08:38:11,456 INFO  impl.RaftServerImpl (RaftServerImpl.java:setRole(171)) - e7760f15-2ba8-4abd-948a-61820a731ba5:group-860D5A8274E1 changes role from FOLLOWER to CANDIDATE at term 0 for changeToCandidate
2019-07-14 08:38:11,456 INFO  impl.RoleInfo (RoleInfo.java:updateAndGet(143)) - 89224a59-d9cf-47b8-a74c-554e37b7647b: start LeaderElection
2019-07-14 08:38:11,456 INFO  impl.RoleInfo (RoleInfo.java:updateAndGet(143)) - e7760f15-2ba8-4abd-948a-61820a731ba5: start LeaderElection
2019-07-14 08:38:11,466 INFO  impl.LeaderElection (LeaderElection.java:askForVotes(181)) - af1a4b33-ecf5-419a-a1ef-747317418a5f:group-860D5A8274E1:LeaderElection86: begin an election at term 1 for -1: [89224a59-d9cf-47b8-a74c-554e37b7647b:192.168.5.191:40828, af1a4b33-ecf5-419a-a1ef-747317418a5f:192.168.5.191:35568, e7760f15-2ba8-4abd-948a-61820a731ba5:192.168.5.191:44688], old=null
2019-07-14 08:38:11,468 INFO  impl.FollowerState (FollowerState.java:run(106)) - 89224a59-d9cf-47b8-a74c-554e37b7647b:group-860D5A8274E1 changes to CANDIDATE, lastRpcTime:5163, electionTimeout:5162ms
2019-07-14 08:38:11,468 INFO  impl.RoleInfo (RoleInfo.java:shutdownFollowerState(121)) - 89224a59-d9cf-47b8-a74c-554e37b7647b: shutdown FollowerState
2019-07-14 08:38:11,469 INFO  impl.RaftServerImpl (RaftServerImpl.java:setRole(171)) - 89224a59-d9cf-47b8-a74c-554e37b7647b:group-860D5A8274E1 changes role from FOLLOWER to CANDIDATE at term 0 for changeToCandidate
2019-07-14 08:38:11,469 INFO  impl.RoleInfo (RoleInfo.java:updateAndGet(143)) - 89224a59-d9cf-47b8-a74c-554e37b7647b: start LeaderElection
2019-07-14 08:38:11,476 INFO  impl.LeaderElection (LeaderElection.java:askForVotes(181)) - e7760f15-2ba8-4abd-948a-61820a731ba5:group-860D5A8274E1:LeaderElection88: begin an election at term 1 for -1: [89224a59-d9cf-47b8-a74c-554e37b7647b:192.168.5.191:40828, af1a4b33-ecf5-419a-a1ef-747317418a5f:192.168.5.191:35568, e7760f15-2ba8-4abd-948a-61820a731ba5:192.168.5.191:44688], old=null
2019-07-14 08:38:11,476 INFO  impl.LeaderElection (LeaderElection.java:askForVotes(181)) - 89224a59-d9cf-47b8-a74c-554e37b7647b:group-EBA2712CFC58:LeaderElection87: begin an election at term 1 for -1: [89224a59-d9cf-47b8-a74c-554e37b7647b:192.168.5.191:40828], old=null
2019-07-14 08:38:11,476 INFO  impl.RoleInfo (RoleInfo.java:shutdownLeaderElection(134)) - 89224a59-d9cf-47b8-a74c-554e37b7647b: shutdown LeaderElection
2019-07-14 08:38:11,477 INFO  impl.RaftServerImpl (RaftServerImpl.java:setRole(171)) - 89224a59-d9cf-47b8-a74c-554e37b7647b:group-EBA2712CFC58 changes role from CANDIDATE to LEADER at term 1 for changeToLeader
2019-07-14 08:38:11,477 INFO  impl.RaftServerImpl (ServerState.java:setLeader(263)) - 89224a59-d9cf-47b8-a74c-554e37b7647b:group-EBA2712CFC58 change Leader from null to 89224a59-d9cf-47b8-a74c-554e37b7647b at term 1 for becomeLeader, leader elected after 5226ms
2019-07-14 08:38:11,479 INFO  server.RaftServerConfigKeys (ConfUtils.java:logGet(43)) - raft.server.staging.catchup.gap = 1000 (default)
2019-07-14 08:38:11,479 INFO  server.RaftServerConfigKeys (ConfUtils.java:logGet(43)) - raft.server.rpc.sleep.time = 25ms (default)
2019-07-14 08:38:11,480 INFO  server.RaftServerConfigKeys (ConfUtils.java:logGet(43)) - raft.server.write.element-limit = 4096 (default)
2019-07-14 08:38:11,480 INFO  server.RaftServerConfigKeys (ConfUtils.java:logGet(43)) - raft.server.watch.timeout = 10s (default)
2019-07-14 08:38:11,480 INFO  server.RaftServerConfigKeys (ConfUtils.java:logGet(43)) - raft.server.watch.timeout.denomination = 1s (default)
2019-07-14 08:38:11,480 INFO  server.RaftServerConfigKeys (ConfUtils.java:logGet(43)) - raft.server.watch.element-limit = 65536 (default)
2019-07-14 08:38:11,480 INFO  impl.RoleInfo (RoleInfo.java:updateAndGet(143)) - 89224a59-d9cf-47b8-a74c-554e37b7647b: start LeaderState
2019-07-14 08:38:11,483 INFO  impl.LeaderElection (LeaderElection.java:askForVotes(181)) - 89224a59-d9cf-47b8-a74c-554e37b7647b:group-860D5A8274E1:LeaderElection89: begin an election at term 1 for -1: [89224a59-d9cf-47b8-a74c-554e37b7647b:192.168.5.191:40828, af1a4b33-ecf5-419a-a1ef-747317418a5f:192.168.5.191:35568, e7760f15-2ba8-4abd-948a-61820a731ba5:192.168.5.191:44688], old=null
2019-07-14 08:38:11,483 INFO  segmented.SegmentedRaftLogWorker (SegmentedRaftLogWorker.java:startLogSegment(380)) - 89224a59-d9cf-47b8-a74c-554e37b7647b-SegmentedRaftLogWorker:Storage Directory /workdir/hadoop-ozone/integration-test/target/test-dir/MiniOzoneClusterImpl-bc5e9f25-ea62-49b4-a651-322acf43a6ff/datanode-5/data/ratis/1fb41ff5-7371-4cf5-a4a5-eba2712cfc58: Starting segment from index:0
2019-07-14 08:38:11,485 INFO  impl.RaftServerImpl (ServerState.java:setRaftConf(361)) - 89224a59-d9cf-47b8-a74c-554e37b7647b:group-EBA2712CFC58 set configuration 0: [89224a59-d9cf-47b8-a74c-554e37b7647b:192.168.5.191:40828], old=null at 0
2019-07-14 08:38:11,488 INFO  impl.LeaderElection (LeaderElection.java:logAndReturn(56)) - e7760f15-2ba8-4abd-948a-61820a731ba5:group-860D5A8274E1:LeaderElection88: Election REJECTED; received 2 response(s) [e7760f15-2ba8-4abd-948a-61820a731ba5<-89224a59-d9cf-47b8-a74c-554e37b7647b#0:FAIL-t1, e7760f15-2ba8-4abd-948a-61820a731ba5<-af1a4b33-ecf5-419a-a1ef-747317418a5f#0:FAIL-t1] and 0 exception(s); e7760f15-2ba8-4abd-948a-61820a731ba5:t1, leader=null, voted=e7760f15-2ba8-4abd-948a-61820a731ba5, raftlog=e7760f15-2ba8-4abd-948a-61820a731ba5-SegmentedRaftLog:OPENED:c-1,f-1,i0, conf=-1: [89224a59-d9cf-47b8-a74c-554e37b7647b:192.168.5.191:40828, af1a4b33-ecf5-419a-a1ef-747317418a5f:192.168.5.191:35568, e7760f15-2ba8-4abd-948a-61820a731ba5:192.168.5.191:44688], old=null
2019-07-14 08:38:11,488 INFO  impl.LeaderElection (LeaderElection.java:logAndReturn(56)) - af1a4b33-ecf5-419a-a1ef-747317418a5f:group-860D5A8274E1:LeaderElection86: Election REJECTED; received 2 response(s) [af1a4b33-ecf5-419a-a1ef-747317418a5f<-89224a59-d9cf-47b8-a74c-554e37b7647b#0:FAIL-t1, af1a4b33-ecf5-419a-a1ef-747317418a5f<-e7760f15-2ba8-4abd-948a-61820a731ba5#0:FAIL-t1] and 0 exception(s); af1a4b33-ecf5-419a-a1ef-747317418a5f:t1, leader=null, voted=af1a4b33-ecf5-419a-a1ef-747317418a5f, raftlog=af1a4b33-ecf5-419a-a1ef-747317418a5f-SegmentedRaftLog:OPENED:c-1,f-1,i0, conf=-1: [89224a59-d9cf-47b8-a74c-554e37b7647b:192.168.5.191:40828, af1a4b33-ecf5-419a-a1ef-747317418a5f:192.168.5.191:35568, e7760f15-2ba8-4abd-948a-61820a731ba5:192.168.5.191:44688], old=null
2019-07-14 08:38:11,488 INFO  impl.RaftServerImpl (RaftServerImpl.java:setRole(171)) - e7760f15-2ba8-4abd-948a-61820a731ba5:group-860D5A8274E1 changes role from CANDIDATE to FOLLOWER at term 1 for DISCOVERED_A_NEW_TERM
2019-07-14 08:38:11,488 INFO  impl.RaftServerImpl (RaftServerImpl.java:setRole(171)) - af1a4b33-ecf5-419a-a1ef-747317418a5f:group-860D5A8274E1 changes role from CANDIDATE to FOLLOWER at term 1 for DISCOVERED_A_NEW_TERM
2019-07-14 08:38:11,488 INFO  impl.RoleInfo (RoleInfo.java:shutdownLeaderElection(134)) - e7760f15-2ba8-4abd-948a-61820a731ba5: shutdown LeaderElection
2019-07-14 08:38:11,488 INFO  impl.RoleInfo (RoleInfo.java:shutdownLeaderElection(134)) - af1a4b33-ecf5-419a-a1ef-747317418a5f: shutdown LeaderElection
2019-07-14 08:38:11,489 INFO  impl.RoleInfo (RoleInfo.java:updateAndGet(143)) - e7760f15-2ba8-4abd-948a-61820a731ba5: start FollowerState
2019-07-14 08:38:11,489 INFO  impl.RoleInfo (RoleInfo.java:updateAndGet(143)) - af1a4b33-ecf5-419a-a1ef-747317418a5f: start FollowerState
2019-07-14 08:38:11,490 INFO  impl.LeaderElection (LeaderElection.java:logAndReturn(56)) - 89224a59-d9cf-47b8-a74c-554e37b7647b:group-860D5A8274E1:LeaderElection89: Election REJECTED; received 2 response(s) [89224a59-d9cf-47b8-a74c-554e37b7647b<-af1a4b33-ecf5-419a-a1ef-747317418a5f#0:FAIL-t1, 89224a59-d9cf-47b8-a74c-554e37b7647b<-e7760f15-2ba8-4abd-948a-61820a731ba5#0:FAIL-t1] and 0 exception(s); 89224a59-d9cf-47b8-a74c-554e37b7647b:t1, leader=null, voted=89224a59-d9cf-47b8-a74c-554e37b7647b, raftlog=89224a59-d9cf-47b8-a74c-554e37b7647b-SegmentedRaftLog:OPENED:c-1,f-1,i0, conf=-1: [89224a59-d9cf-47b8-a74c-554e37b7647b:192.168.5.191:40828, af1a4b33-ecf5-419a-a1ef-747317418a5f:192.168.5.191:35568, e7760f15-2ba8-4abd-948a-61820a731ba5:192.168.5.191:44688], old=null
2019-07-14 08:38:11,490 INFO  impl.RaftServerImpl (RaftServerImpl.java:setRole(171)) - 89224a59-d9cf-47b8-a74c-554e37b7647b:group-860D5A8274E1 changes role from CANDIDATE to FOLLOWER at term 1 for DISCOVERED_A_NEW_TERM
2019-07-14 08:38:11,490 INFO  impl.RoleInfo (RoleInfo.java:shutdownLeaderElection(134)) - 89224a59-d9cf-47b8-a74c-554e37b7647b: shutdown LeaderElection
2019-07-14 08:38:11,491 INFO  impl.RoleInfo (RoleInfo.java:updateAndGet(143)) - 89224a59-d9cf-47b8-a74c-554e37b7647b: start FollowerState
2019-07-14 08:38:11,506 INFO  segmented.SegmentedRaftLogWorker (SegmentedRaftLogWorker.java:execute(569)) - 89224a59-d9cf-47b8-a74c-554e37b7647b-SegmentedRaftLogWorker:Storage Directory /workdir/hadoop-ozone/integration-test/target/test-dir/MiniOzoneClusterImpl-bc5e9f25-ea62-49b4-a651-322acf43a6ff/datanode-5/data/ratis/1fb41ff5-7371-4cf5-a4a5-eba2712cfc58: created new log segment /workdir/hadoop-ozone/integration-test/target/test-dir/MiniOzoneClusterImpl-bc5e9f25-ea62-49b4-a651-322acf43a6ff/datanode-5/data/ratis/1fb41ff5-7371-4cf5-a4a5-eba2712cfc58/current/log_inprogress_0
2019-07-14 08:38:11,544 INFO  impl.FollowerState (FollowerState.java:run(106)) - f56d7db9-1019-40eb-bad9-c23a60c3bfde:group-37518BF05389 changes to CANDIDATE, lastRpcTime:5117, electionTimeout:5117ms
2019-07-14 08:38:11,544 INFO  impl.RoleInfo (RoleInfo.java:shutdownFollowerState(121)) - f56d7db9-1019-40eb-bad9-c23a60c3bfde: shutdown FollowerState
2019-07-14 08:38:11,544 INFO  impl.RaftServerImpl (RaftServerImpl.java:setRole(171)) - f56d7db9-1019-40eb-bad9-c23a60c3bfde:group-37518BF05389 changes role from FOLLOWER to CANDIDATE at term 0 for changeToCandidate
2019-07-14 08:38:11,544 INFO  impl.RoleInfo (RoleInfo.java:updateAndGet(143)) - f56d7db9-1019-40eb-bad9-c23a60c3bfde: start LeaderElection
2019-07-14 08:38:11,557 INFO  impl.LeaderElection (LeaderElection.java:askForVotes(181)) - f56d7db9-1019-40eb-bad9-c23a60c3bfde:group-37518BF05389:LeaderElection90: begin an election at term 1 for -1: [f56d7db9-1019-40eb-bad9-c23a60c3bfde:192.168.5.191:35033], old=null
2019-07-14 08:38:11,558 INFO  impl.RoleInfo (RoleInfo.java:shutdownLeaderElection(134)) - f56d7db9-1019-40eb-bad9-c23a60c3bfde: shutdown LeaderElection
2019-07-14 08:38:11,558 INFO  impl.RaftServerImpl (RaftServerImpl.java:setRole(171)) - f56d7db9-1019-40eb-bad9-c23a60c3bfde:group-37518BF05389 changes role from CANDIDATE to LEADER at term 1 for changeToLeader
2019-07-14 08:38:11,558 INFO  impl.RaftServerImpl (ServerState.java:setLeader(263)) - f56d7db9-1019-40eb-bad9-c23a60c3bfde:group-37518BF05389 change Leader from null to f56d7db9-1019-40eb-bad9-c23a60c3bfde at term 1 for becomeLeader, leader elected after 5136ms
2019-07-14 08:38:11,558 INFO  server.RaftServerConfigKeys (ConfUtils.java:logGet(43)) - raft.server.staging.catchup.gap = 1000 (default)
2019-07-14 08:38:11,558 INFO  server.RaftServerConfigKeys (ConfUtils.java:logGet(43)) - raft.server.rpc.sleep.time = 25ms (default)
2019-07-14 08:38:11,558 INFO  server.RaftServerConfigKeys (ConfUtils.java:logGet(43)) - raft.server.write.element-limit = 4096 (default)
2019-07-14 08:38:11,558 INFO  server.RaftServerConfigKeys (ConfUtils.java:logGet(43)) - raft.server.watch.timeout = 10s (default)
2019-07-14 08:38:11,559 INFO  server.RaftServerConfigKeys (ConfUtils.java:logGet(43)) - raft.server.watch.timeout.denomination = 1s (default)
2019-07-14 08:38:11,559 INFO  server.RaftServerConfigKeys (ConfUtils.java:logGet(43)) - raft.server.watch.element-limit = 65536 (default)
2019-07-14 08:38:11,559 INFO  impl.RoleInfo (RoleInfo.java:updateAndGet(143)) - f56d7db9-1019-40eb-bad9-c23a60c3bfde: start LeaderState
2019-07-14 08:38:11,559 INFO  segmented.SegmentedRaftLogWorker (SegmentedRaftLogWorker.java:startLogSegment(380)) - f56d7db9-1019-40eb-bad9-c23a60c3bfde-SegmentedRaftLogWorker:Storage Directory /workdir/hadoop-ozone/integration-test/target/test-dir/MiniOzoneClusterImpl-bc5e9f25-ea62-49b4-a651-322acf43a6ff/datanode-6/data/ratis/5ad93f93-ddf3-4fc8-ae43-37518bf05389: Starting segment from index:0
2019-07-14 08:38:11,562 INFO  impl.RaftServerImpl (ServerState.java:setRaftConf(361)) - f56d7db9-1019-40eb-bad9-c23a60c3bfde:group-37518BF05389 set configuration 0: [f56d7db9-1019-40eb-bad9-c23a60c3bfde:192.168.5.191:35033], old=null at 0
2019-07-14 08:38:11,563 INFO  client.GrpcClientProtocolClient (GrpcClientProtocolClient.java:onNext(255)) - client-FF58EE7D6F66->93815d00-d04d-4827-abd2-cd1dc4ee69f6: receive RaftClientReply:client-FF58EE7D6F66->93815d00-d04d-4827-abd2-cd1dc4ee69f6@group-E1CE863F6E46, cid=220, FAILED org.apache.ratis.protocol.NotLeaderException: Server 93815d00-d04d-4827-abd2-cd1dc4ee69f6 is not the leader (0a3ddfcf-3f94-4936-a3d0-6a4ece9c0826:192.168.5.191:33243). Request must be sent to leader., logIndex=0, commits[93815d00-d04d-4827-abd2-cd1dc4ee69f6:c-1, 42fb55ec-a868-4f87-91e7-014db3a3e8de:c-1, 0a3ddfcf-3f94-4936-a3d0-6a4ece9c0826:c-1]
2019-07-14 08:38:11,585 INFO  segmented.SegmentedRaftLogWorker (SegmentedRaftLogWorker.java:execute(569)) - f56d7db9-1019-40eb-bad9-c23a60c3bfde-SegmentedRaftLogWorker:Storage Directory /workdir/hadoop-ozone/integration-test/target/test-dir/MiniOzoneClusterImpl-bc5e9f25-ea62-49b4-a651-322acf43a6ff/datanode-6/data/ratis/5ad93f93-ddf3-4fc8-ae43-37518bf05389: created new log segment /workdir/hadoop-ozone/integration-test/target/test-dir/MiniOzoneClusterImpl-bc5e9f25-ea62-49b4-a651-322acf43a6ff/datanode-6/data/ratis/5ad93f93-ddf3-4fc8-ae43-37518bf05389/current/log_inprogress_0
2019-07-14 08:38:11,641 INFO  client.GrpcClientProtocolClient (GrpcClientProtocolClient.java:onNext(255)) - client-FF58EE7D6F66->0a3ddfcf-3f94-4936-a3d0-6a4ece9c0826: receive RaftClientReply:client-FF58EE7D6F66->0a3ddfcf-3f94-4936-a3d0-6a4ece9c0826@group-E1CE863F6E46, cid=220, SUCCESS, logIndex=1, commits[0a3ddfcf-3f94-4936-a3d0-6a4ece9c0826:c1, 42fb55ec-a868-4f87-91e7-014db3a3e8de:c-1, 93815d00-d04d-4827-abd2-cd1dc4ee69f6:c0]
2019-07-14 08:38:11,651 INFO  client.GrpcClientProtocolClient (GrpcClientProtocolClient.java:onNext(255)) - client-FF58EE7D6F66->0a3ddfcf-3f94-4936-a3d0-6a4ece9c0826: receive RaftClientReply:client-FF58EE7D6F66->0a3ddfcf-3f94-4936-a3d0-6a4ece9c0826@group-E1CE863F6E46, cid=221, SUCCESS, logIndex=3, commits[0a3ddfcf-3f94-4936-a3d0-6a4ece9c0826:c4, 42fb55ec-a868-4f87-91e7-014db3a3e8de:c-1, 93815d00-d04d-4827-abd2-cd1dc4ee69f6:c2]
2019-07-14 08:38:11,670 INFO  client.GrpcClientProtocolClient (GrpcClientProtocolClient.java:onNext(255)) - client-FF58EE7D6F66->0a3ddfcf-3f94-4936-a3d0-6a4ece9c0826: receive RaftClientReply:client-FF58EE7D6F66->0a3ddfcf-3f94-4936-a3d0-6a4ece9c0826@group-E1CE863F6E46, cid=222, SUCCESS, logIndex=4, commits[0a3ddfcf-3f94-4936-a3d0-6a4ece9c0826:c6, 42fb55ec-a868-4f87-91e7-014db3a3e8de:c4, 93815d00-d04d-4827-abd2-cd1dc4ee69f6:c4]
2019-07-14 08:38:11,673 INFO  container.CloseContainerEventHandler (CloseContainerEventHandler.java:onMessage(61)) - Close container Event triggered for container : #1
2019-07-14 08:38:11,674 INFO  container.CloseContainerEventHandler (CloseContainerEventHandler.java:onMessage(61)) - Close container Event triggered for container : #1
2019-07-14 08:38:11,674 INFO  container.CloseContainerEventHandler (CloseContainerEventHandler.java:onMessage(61)) - Close container Event triggered for container : #1
2019-07-14 08:38:13,667 INFO  interfaces.Container (KeyValueContainer.java:compactDB(356)) - Container 1 is closed with bcsId 4.
2019-07-14 08:38:13,675 INFO  interfaces.Container (KeyValueContainer.java:compactDB(356)) - Container 1 is closed with bcsId 4.
08:38:13.677 [grpc-default-executor-13] ERROR DNAudit - user=null | ip=null | op=WRITE_CHUNK {blockData=conID: 1 locID: 102438894795751441 bcsId: 4} | ret=FAILURE
org.apache.hadoop.hdds.scm.container.common.helpers.ContainerNotOpenException: Container 1 in CLOSED state
	at org.apache.hadoop.ozone.container.common.impl.HddsDispatcher.validateContainerCommand(HddsDispatcher.java:408) ~[hadoop-hdds-container-service-0.5.0-SNAPSHOT.jar:?]
	at org.apache.hadoop.ozone.container.common.transport.server.ratis.ContainerStateMachine.startTransaction(ContainerStateMachine.java:272) ~[hadoop-hdds-container-service-0.5.0-SNAPSHOT.jar:?]
	at org.apache.ratis.server.impl.RaftServerImpl.submitClientRequestAsync(RaftServerImpl.java:566) ~[ratis-server-0.4.0-2337318-SNAPSHOT.jar:0.4.0-2337318-SNAPSHOT]
	at org.apache.ratis.server.impl.RaftServerProxy.lambda$submitClientRequestAsync$7(RaftServerProxy.java:333) ~[ratis-server-0.4.0-2337318-SNAPSHOT.jar:0.4.0-2337318-SNAPSHOT]
	at org.apache.ratis.server.impl.RaftServerProxy.lambda$null$5(RaftServerProxy.java:328) ~[ratis-server-0.4.0-2337318-SNAPSHOT.jar:0.4.0-2337318-SNAPSHOT]
	at org.apache.ratis.util.JavaUtils.callAsUnchecked(JavaUtils.java:109) ~[ratis-common-0.4.0-2337318-SNAPSHOT.jar:0.4.0-2337318-SNAPSHOT]
	at org.apache.ratis.server.impl.RaftServerProxy.lambda$submitRequest$6(RaftServerProxy.java:328) ~[ratis-server-0.4.0-2337318-SNAPSHOT.jar:0.4.0-2337318-SNAPSHOT]
	at java.util.concurrent.CompletableFuture.uniComposeStage(CompletableFuture.java:981) ~[?:1.8.0_212]
	at java.util.concurrent.CompletableFuture.thenCompose(CompletableFuture.java:2124) ~[?:1.8.0_212]
	at org.apache.ratis.server.impl.RaftServerProxy.submitRequest(RaftServerProxy.java:327) ~[ratis-server-0.4.0-2337318-SNAPSHOT.jar:0.4.0-2337318-SNAPSHOT]
	at org.apache.ratis.server.impl.RaftServerProxy.submitClientRequestAsync(RaftServerProxy.java:333) ~[ratis-server-0.4.0-2337318-SNAPSHOT.jar:0.4.0-2337318-SNAPSHOT]
	at org.apache.ratis.grpc.client.GrpcClientProtocolService$RequestStreamObserver.processClientRequest(GrpcClientProtocolService.java:220) ~[ratis-grpc-0.4.0-2337318-SNAPSHOT.jar:0.4.0-2337318-SNAPSHOT]
	at org.apache.ratis.grpc.client.GrpcClientProtocolService$OrderedRequestStreamObserver.processClientRequest(GrpcClientProtocolService.java:326) ~[ratis-grpc-0.4.0-2337318-SNAPSHOT.jar:0.4.0-2337318-SNAPSHOT]
	at org.apache.ratis.util.SlidingWindow$Server.processRequestsFromHead(SlidingWindow.java:429) [ratis-common-0.4.0-2337318-SNAPSHOT.jar:0.4.0-2337318-SNAPSHOT]
	at org.apache.ratis.util.SlidingWindow$Server.receivedRequest(SlidingWindow.java:421) [ratis-common-0.4.0-2337318-SNAPSHOT.jar:0.4.0-2337318-SNAPSHOT]
	at org.apache.ratis.grpc.client.GrpcClientProtocolService$OrderedRequestStreamObserver.processClientRequest(GrpcClientProtocolService.java:345) [ratis-grpc-0.4.0-2337318-SNAPSHOT.jar:0.4.0-2337318-SNAPSHOT]
	at org.apache.ratis.grpc.client.GrpcClientProtocolService$RequestStreamObserver.onNext(GrpcClientProtocolService.java:240) [ratis-grpc-0.4.0-2337318-SNAPSHOT.jar:0.4.0-2337318-SNAPSHOT]
	at org.apache.ratis.grpc.client.GrpcClientProtocolService$RequestStreamObserver.onNext(GrpcClientProtocolService.java:168) [ratis-grpc-0.4.0-2337318-SNAPSHOT.jar:0.4.0-2337318-SNAPSHOT]
	at org.apache.ratis.thirdparty.io.grpc.stub.ServerCalls$StreamingServerCallHandler$StreamingServerCallListener.onMessage(ServerCalls.java:248) [ratis-thirdparty-misc-0.2.0.jar:0.2.0]
	at org.apache.ratis.thirdparty.io.grpc.internal.ServerCallImpl$ServerStreamListenerImpl.messagesAvailable(ServerCallImpl.java:263) [ratis-thirdparty-misc-0.2.0.jar:0.2.0]
	at org.apache.ratis.thirdparty.io.grpc.internal.ServerImpl$JumpToApplicationThreadServerStreamListener$1MessagesAvailable.runInContext(ServerImpl.java:686) [ratis-thirdparty-misc-0.2.0.jar:0.2.0]
	at org.apache.ratis.thirdparty.io.grpc.internal.ContextRunnable.run(ContextRunnable.java:37) [ratis-thirdparty-misc-0.2.0.jar:0.2.0]
	at org.apache.ratis.thirdparty.io.grpc.internal.SerializingExecutor.run(SerializingExecutor.java:123) [ratis-thirdparty-misc-0.2.0.jar:0.2.0]
	at java.util.concurrent.ThreadPoolExecutor.runWorker(ThreadPoolExecutor.java:1149) [?:1.8.0_212]
	at java.util.concurrent.ThreadPoolExecutor$Worker.run(ThreadPoolExecutor.java:624) [?:1.8.0_212]
	at java.lang.Thread.run(Thread.java:748) [?:1.8.0_212]
2019-07-14 08:38:13,680 INFO  interfaces.Container (KeyValueContainer.java:compactDB(356)) - Container 1 is closed with bcsId 4.
08:38:13.679 [grpc-default-executor-13] ERROR DNAudit - user=null | ip=null | op=WRITE_CHUNK {blockData=conID: 1 locID: 102438894795751441 bcsId: 4} | ret=FAILURE
org.apache.hadoop.hdds.scm.container.common.helpers.ContainerNotOpenException: Container 1 in CLOSED state
	at org.apache.hadoop.ozone.container.common.impl.HddsDispatcher.validateContainerCommand(HddsDispatcher.java:408) ~[hadoop-hdds-container-service-0.5.0-SNAPSHOT.jar:?]
	at org.apache.hadoop.ozone.container.common.transport.server.ratis.ContainerStateMachine.startTransaction(ContainerStateMachine.java:272) ~[hadoop-hdds-container-service-0.5.0-SNAPSHOT.jar:?]
	at org.apache.ratis.server.impl.RaftServerImpl.submitClientRequestAsync(RaftServerImpl.java:566) ~[ratis-server-0.4.0-2337318-SNAPSHOT.jar:0.4.0-2337318-SNAPSHOT]
	at org.apache.ratis.server.impl.RaftServerProxy.lambda$submitClientRequestAsync$7(RaftServerProxy.java:333) ~[ratis-server-0.4.0-2337318-SNAPSHOT.jar:0.4.0-2337318-SNAPSHOT]
	at org.apache.ratis.server.impl.RaftServerProxy.lambda$null$5(RaftServerProxy.java:328) ~[ratis-server-0.4.0-2337318-SNAPSHOT.jar:0.4.0-2337318-SNAPSHOT]
	at org.apache.ratis.util.JavaUtils.callAsUnchecked(JavaUtils.java:109) ~[ratis-common-0.4.0-2337318-SNAPSHOT.jar:0.4.0-2337318-SNAPSHOT]
	at org.apache.ratis.server.impl.RaftServerProxy.lambda$submitRequest$6(RaftServerProxy.java:328) ~[ratis-server-0.4.0-2337318-SNAPSHOT.jar:0.4.0-2337318-SNAPSHOT]
	at java.util.concurrent.CompletableFuture.uniComposeStage(CompletableFuture.java:981) ~[?:1.8.0_212]
	at java.util.concurrent.CompletableFuture.thenCompose(CompletableFuture.java:2124) ~[?:1.8.0_212]
	at org.apache.ratis.server.impl.RaftServerProxy.submitRequest(RaftServerProxy.java:327) ~[ratis-server-0.4.0-2337318-SNAPSHOT.jar:0.4.0-2337318-SNAPSHOT]
	at org.apache.ratis.server.impl.RaftServerProxy.submitClientRequestAsync(RaftServerProxy.java:333) ~[ratis-server-0.4.0-2337318-SNAPSHOT.jar:0.4.0-2337318-SNAPSHOT]
	at org.apache.ratis.grpc.client.GrpcClientProtocolService$RequestStreamObserver.processClientRequest(GrpcClientProtocolService.java:220) ~[ratis-grpc-0.4.0-2337318-SNAPSHOT.jar:0.4.0-2337318-SNAPSHOT]
	at org.apache.ratis.grpc.client.GrpcClientProtocolService$OrderedRequestStreamObserver.processClientRequest(GrpcClientProtocolService.java:326) ~[ratis-grpc-0.4.0-2337318-SNAPSHOT.jar:0.4.0-2337318-SNAPSHOT]
	at org.apache.ratis.util.SlidingWindow$Server.processRequestsFromHead(SlidingWindow.java:429) [ratis-common-0.4.0-2337318-SNAPSHOT.jar:0.4.0-2337318-SNAPSHOT]
	at org.apache.ratis.util.SlidingWindow$Server.receivedRequest(SlidingWindow.java:421) [ratis-common-0.4.0-2337318-SNAPSHOT.jar:0.4.0-2337318-SNAPSHOT]
	at org.apache.ratis.grpc.client.GrpcClientProtocolService$OrderedRequestStreamObserver.processClientRequest(GrpcClientProtocolService.java:345) [ratis-grpc-0.4.0-2337318-SNAPSHOT.jar:0.4.0-2337318-SNAPSHOT]
	at org.apache.ratis.grpc.client.GrpcClientProtocolService$RequestStreamObserver.onNext(GrpcClientProtocolService.java:240) [ratis-grpc-0.4.0-2337318-SNAPSHOT.jar:0.4.0-2337318-SNAPSHOT]
	at org.apache.ratis.grpc.client.GrpcClientProtocolService$RequestStreamObserver.onNext(GrpcClientProtocolService.java:168) [ratis-grpc-0.4.0-2337318-SNAPSHOT.jar:0.4.0-2337318-SNAPSHOT]
	at org.apache.ratis.thirdparty.io.grpc.stub.ServerCalls$StreamingServerCallHandler$StreamingServerCallListener.onMessage(ServerCalls.java:248) [ratis-thirdparty-misc-0.2.0.jar:0.2.0]
	at org.apache.ratis.thirdparty.io.grpc.internal.ServerCallImpl$ServerStreamListenerImpl.messagesAvailable(ServerCallImpl.java:263) [ratis-thirdparty-misc-0.2.0.jar:0.2.0]
	at org.apache.ratis.thirdparty.io.grpc.internal.ServerImpl$JumpToApplicationThreadServerStreamListener$1MessagesAvailable.runInContext(ServerImpl.java:686) [ratis-thirdparty-misc-0.2.0.jar:0.2.0]
	at org.apache.ratis.thirdparty.io.grpc.internal.ContextRunnable.run(ContextRunnable.java:37) [ratis-thirdparty-misc-0.2.0.jar:0.2.0]
	at org.apache.ratis.thirdparty.io.grpc.internal.SerializingExecutor.run(SerializingExecutor.java:123) [ratis-thirdparty-misc-0.2.0.jar:0.2.0]
	at java.util.concurrent.ThreadPoolExecutor.runWorker(ThreadPoolExecutor.java:1149) [?:1.8.0_212]
	at java.util.concurrent.ThreadPoolExecutor$Worker.run(ThreadPoolExecutor.java:624) [?:1.8.0_212]
	at java.lang.Thread.run(Thread.java:748) [?:1.8.0_212]
2019-07-14 08:38:13,692 INFO  client.GrpcClientProtocolClient (GrpcClientProtocolClient.java:onNext(255)) - client-FF58EE7D6F66->0a3ddfcf-3f94-4936-a3d0-6a4ece9c0826: receive RaftClientReply:client-FF58EE7D6F66->0a3ddfcf-3f94-4936-a3d0-6a4ece9c0826@group-E1CE863F6E46, cid=223, FAILED org.apache.ratis.protocol.StateMachineException: org.apache.hadoop.hdds.scm.container.common.helpers.ContainerNotOpenException from Server 0a3ddfcf-3f94-4936-a3d0-6a4ece9c0826: Container 1 in CLOSED state, logIndex=0, commits[0a3ddfcf-3f94-4936-a3d0-6a4ece9c0826:c8, 42fb55ec-a868-4f87-91e7-014db3a3e8de:c7, 93815d00-d04d-4827-abd2-cd1dc4ee69f6:c7]
08:38:13.693 [grpc-default-executor-13] ERROR DNAudit - user=null | ip=null | op=PUT_BLOCK {blockData=[blockId=conID: 1 locID: 102438894795751441 bcsId: 0,size=334]} | ret=FAILURE
org.apache.hadoop.hdds.scm.container.common.helpers.ContainerNotOpenException: Container 1 in CLOSED state
	at org.apache.hadoop.ozone.container.common.impl.HddsDispatcher.validateContainerCommand(HddsDispatcher.java:408) ~[hadoop-hdds-container-service-0.5.0-SNAPSHOT.jar:?]
	at org.apache.hadoop.ozone.container.common.transport.server.ratis.ContainerStateMachine.startTransaction(ContainerStateMachine.java:272) ~[hadoop-hdds-container-service-0.5.0-SNAPSHOT.jar:?]
	at org.apache.ratis.server.impl.RaftServerImpl.submitClientRequestAsync(RaftServerImpl.java:566) ~[ratis-server-0.4.0-2337318-SNAPSHOT.jar:0.4.0-2337318-SNAPSHOT]
	at org.apache.ratis.server.impl.RaftServerProxy.lambda$submitClientRequestAsync$7(RaftServerProxy.java:333) ~[ratis-server-0.4.0-2337318-SNAPSHOT.jar:0.4.0-2337318-SNAPSHOT]
	at org.apache.ratis.server.impl.RaftServerProxy.lambda$null$5(RaftServerProxy.java:328) ~[ratis-server-0.4.0-2337318-SNAPSHOT.jar:0.4.0-2337318-SNAPSHOT]
	at org.apache.ratis.util.JavaUtils.callAsUnchecked(JavaUtils.java:109) ~[ratis-common-0.4.0-2337318-SNAPSHOT.jar:0.4.0-2337318-SNAPSHOT]
	at org.apache.ratis.server.impl.RaftServerProxy.lambda$submitRequest$6(RaftServerProxy.java:328) ~[ratis-server-0.4.0-2337318-SNAPSHOT.jar:0.4.0-2337318-SNAPSHOT]
	at java.util.concurrent.CompletableFuture.uniComposeStage(CompletableFuture.java:981) ~[?:1.8.0_212]
	at java.util.concurrent.CompletableFuture.thenCompose(CompletableFuture.java:2124) ~[?:1.8.0_212]
	at org.apache.ratis.server.impl.RaftServerProxy.submitRequest(RaftServerProxy.java:327) ~[ratis-server-0.4.0-2337318-SNAPSHOT.jar:0.4.0-2337318-SNAPSHOT]
	at org.apache.ratis.server.impl.RaftServerProxy.submitClientRequestAsync(RaftServerProxy.java:333) ~[ratis-server-0.4.0-2337318-SNAPSHOT.jar:0.4.0-2337318-SNAPSHOT]
	at org.apache.ratis.grpc.client.GrpcClientProtocolService$RequestStreamObserver.processClientRequest(GrpcClientProtocolService.java:220) ~[ratis-grpc-0.4.0-2337318-SNAPSHOT.jar:0.4.0-2337318-SNAPSHOT]
	at org.apache.ratis.grpc.client.GrpcClientProtocolService$OrderedRequestStreamObserver.processClientRequest(GrpcClientProtocolService.java:326) ~[ratis-grpc-0.4.0-2337318-SNAPSHOT.jar:0.4.0-2337318-SNAPSHOT]
	at org.apache.ratis.util.SlidingWindow$Server.processRequestsFromHead(SlidingWindow.java:429) [ratis-common-0.4.0-2337318-SNAPSHOT.jar:0.4.0-2337318-SNAPSHOT]
	at org.apache.ratis.util.SlidingWindow$Server.receivedRequest(SlidingWindow.java:421) [ratis-common-0.4.0-2337318-SNAPSHOT.jar:0.4.0-2337318-SNAPSHOT]
	at org.apache.ratis.grpc.client.GrpcClientProtocolService$OrderedRequestStreamObserver.processClientRequest(GrpcClientProtocolService.java:345) [ratis-grpc-0.4.0-2337318-SNAPSHOT.jar:0.4.0-2337318-SNAPSHOT]
	at org.apache.ratis.grpc.client.GrpcClientProtocolService$RequestStreamObserver.onNext(GrpcClientProtocolService.java:240) [ratis-grpc-0.4.0-2337318-SNAPSHOT.jar:0.4.0-2337318-SNAPSHOT]
	at org.apache.ratis.grpc.client.GrpcClientProtocolService$RequestStreamObserver.onNext(GrpcClientProtocolService.java:168) [ratis-grpc-0.4.0-2337318-SNAPSHOT.jar:0.4.0-2337318-SNAPSHOT]
	at org.apache.ratis.thirdparty.io.grpc.stub.ServerCalls$StreamingServerCallHandler$StreamingServerCallListener.onMessage(ServerCalls.java:248) [ratis-thirdparty-misc-0.2.0.jar:0.2.0]
	at org.apache.ratis.thirdparty.io.grpc.internal.ServerCallImpl$ServerStreamListenerImpl.messagesAvailable(ServerCallImpl.java:263) [ratis-thirdparty-misc-0.2.0.jar:0.2.0]
	at org.apache.ratis.thirdparty.io.grpc.internal.ServerImpl$JumpToApplicationThreadServerStreamListener$1MessagesAvailable.runInContext(ServerImpl.java:686) [ratis-thirdparty-misc-0.2.0.jar:0.2.0]
	at org.apache.ratis.thirdparty.io.grpc.internal.ContextRunnable.run(ContextRunnable.java:37) [ratis-thirdparty-misc-0.2.0.jar:0.2.0]
	at org.apache.ratis.thirdparty.io.grpc.internal.SerializingExecutor.run(SerializingExecutor.java:123) [ratis-thirdparty-misc-0.2.0.jar:0.2.0]
	at java.util.concurrent.ThreadPoolExecutor.runWorker(ThreadPoolExecutor.java:1149) [?:1.8.0_212]
	at java.util.concurrent.ThreadPoolExecutor$Worker.run(ThreadPoolExecutor.java:624) [?:1.8.0_212]
	at java.lang.Thread.run(Thread.java:748) [?:1.8.0_212]
2019-07-14 08:38:13,694 INFO  client.GrpcClientProtocolClient (GrpcClientProtocolClient.java:onNext(255)) - client-FF58EE7D6F66->0a3ddfcf-3f94-4936-a3d0-6a4ece9c0826: receive RaftClientReply:client-FF58EE7D6F66->0a3ddfcf-3f94-4936-a3d0-6a4ece9c0826@group-E1CE863F6E46, cid=224, FAILED org.apache.ratis.protocol.StateMachineException: org.apache.hadoop.hdds.scm.container.common.helpers.ContainerNotOpenException from Server 0a3ddfcf-3f94-4936-a3d0-6a4ece9c0826: Container 1 in CLOSED state, logIndex=0, commits[0a3ddfcf-3f94-4936-a3d0-6a4ece9c0826:c8, 42fb55ec-a868-4f87-91e7-014db3a3e8de:c7, 93815d00-d04d-4827-abd2-cd1dc4ee69f6:c7]
2019-07-14 08:38:13,700 INFO  client.GrpcClientProtocolClient (GrpcClientProtocolClient.java:onNext(255)) - client-FF58EE7D6F66->0a3ddfcf-3f94-4936-a3d0-6a4ece9c0826: receive RaftClientReply:client-FF58EE7D6F66->0a3ddfcf-3f94-4936-a3d0-6a4ece9c0826@group-E1CE863F6E46, cid=225, FAILED org.apache.ratis.protocol.StateMachineException: org.apache.hadoop.hdds.scm.container.common.helpers.ContainerNotOpenException from Server 0a3ddfcf-3f94-4936-a3d0-6a4ece9c0826: Container 1 in CLOSED state, logIndex=0, commits[0a3ddfcf-3f94-4936-a3d0-6a4ece9c0826:c8, 42fb55ec-a868-4f87-91e7-014db3a3e8de:c7, 93815d00-d04d-4827-abd2-cd1dc4ee69f6:c7]
2019-07-14 08:38:13,777 INFO  client.GrpcClientProtocolClient (GrpcClientProtocolClient.java:onNext(255)) - client-FF58EE7D6F66->0a3ddfcf-3f94-4936-a3d0-6a4ece9c0826: receive RaftClientReply:client-FF58EE7D6F66->0a3ddfcf-3f94-4936-a3d0-6a4ece9c0826@group-E1CE863F6E46, cid=226, SUCCESS, logIndex=9, commits[0a3ddfcf-3f94-4936-a3d0-6a4ece9c0826:c11, 42fb55ec-a868-4f87-91e7-014db3a3e8de:c8, 93815d00-d04d-4827-abd2-cd1dc4ee69f6:c8]
2019-07-14 08:38:13,783 INFO  client.GrpcClientProtocolClient (GrpcClientProtocolClient.java:onNext(255)) - client-FF58EE7D6F66->0a3ddfcf-3f94-4936-a3d0-6a4ece9c0826: receive RaftClientReply:client-FF58EE7D6F66->0a3ddfcf-3f94-4936-a3d0-6a4ece9c0826@group-E1CE863F6E46, cid=227, SUCCESS, logIndex=10, commits[0a3ddfcf-3f94-4936-a3d0-6a4ece9c0826:c11, 42fb55ec-a868-4f87-91e7-014db3a3e8de:c8, 93815d00-d04d-4827-abd2-cd1dc4ee69f6:c8]
2019-07-14 08:38:13,796 INFO  client.GrpcClientProtocolClient (GrpcClientProtocolClient.java:onNext(255)) - client-FF58EE7D6F66->0a3ddfcf-3f94-4936-a3d0-6a4ece9c0826: receive RaftClientReply:client-FF58EE7D6F66->0a3ddfcf-3f94-4936-a3d0-6a4ece9c0826@group-E1CE863F6E46, cid=228, SUCCESS, logIndex=11, commits[0a3ddfcf-3f94-4936-a3d0-6a4ece9c0826:c13, 42fb55ec-a868-4f87-91e7-014db3a3e8de:c11, 93815d00-d04d-4827-abd2-cd1dc4ee69f6:c11]
2019-07-14 08:38:13,812 INFO  pipeline.Pipeline (Pipeline.java:getProtobufMessage(195)) - Serialize pipeline PipelineID=fd89ffc8-e2e3-40ba-aea4-e1ce863f6e46 with nodesInOrder{ }
2019-07-14 08:38:13,813 INFO  ozone.MiniOzoneClusterImpl (MiniOzoneClusterImpl.java:shutdown(321)) - Shutting down the Mini Ozone Cluster
2019-07-14 08:38:13,814 INFO  ozone.MiniOzoneClusterImpl (MiniOzoneClusterImpl.java:stop(336)) - Stopping the Mini Ozone Cluster
2019-07-14 08:38:13,814 INFO  ozone.MiniOzoneClusterImpl (MiniOzoneClusterImpl.java:stop(338)) - Stopping the OzoneManager
2019-07-14 08:38:13,814 INFO  ipc.Server (Server.java:stop(3082)) - Stopping server on 39887
2019-07-14 08:38:13,841 INFO  ipc.Server (Server.java:run(1185)) - Stopping IPC Server listener on 39887
2019-07-14 08:38:13,841 INFO  utils.BackgroundService (BackgroundService.java:shutdown(148)) - Shutting down service KeyDeletingService
2019-07-14 08:38:13,841 INFO  ipc.Server (Server.java:run(1319)) - Stopping IPC Server Responder
2019-07-14 08:38:13,865 INFO  handler.ContextHandler (ContextHandler.java:doStop(910)) - Stopped o.e.j.w.WebAppContext@4537c9f8{/,null,UNAVAILABLE}{/ozoneManager}
2019-07-14 08:38:13,866 INFO  server.AbstractConnector (AbstractConnector.java:doStop(318)) - Stopped ServerConnector@698e2cba{HTTP/1.1,[http/1.1]}{0.0.0.0:0}
2019-07-14 08:38:13,867 INFO  handler.ContextHandler (ContextHandler.java:doStop(910)) - Stopped o.e.j.s.ServletContextHandler@630a647c{/static,file:///workdir/hadoop-ozone/integration-test/target/test-classes/webapps/static,UNAVAILABLE}
2019-07-14 08:38:13,867 INFO  handler.ContextHandler (ContextHandler.java:doStop(910)) - Stopped o.e.j.s.ServletContextHandler@71077d1{/logs,file:///workdir/hadoop-ozone/integration-test/target/log,UNAVAILABLE}
2019-07-14 08:38:13,870 INFO  ozone.MiniOzoneClusterImpl (MiniOzoneClusterImpl.java:stop(344)) - Shutting the HddsDatanodes
2019-07-14 08:38:13,870 INFO  datanode.ObjectStoreHandler (ObjectStoreHandler.java:close(155)) - Closing ObjectStoreHandler.
2019-07-14 08:38:13,870 INFO  datanode.ObjectStoreHandler (ObjectStoreHandler.java:close(155)) - Closing ObjectStoreHandler.
2019-07-14 08:38:13,871 INFO  ozone.HddsDatanodeService (HddsDatanodeService.java:stop(452)) - Stopped plug-in org.apache.hadoop.ozone.web.OzoneHddsDatanodeService@648ec9f4
2019-07-14 08:38:13,871 INFO  ozone.HddsDatanodeService (HddsDatanodeService.java:stop(452)) - Stopped plug-in org.apache.hadoop.ozone.web.OzoneHddsDatanodeService@5697f801
2019-07-14 08:38:14,062 INFO  statemachine.DatanodeStateMachine (DatanodeStateMachine.java:lambda$startDaemon$0(350)) - Ozone container server started.
2019-07-14 08:38:14,767 INFO  statemachine.DatanodeStateMachine (DatanodeStateMachine.java:lambda$startDaemon$0(350)) - Ozone container server started.
2019-07-14 08:38:16,635 INFO  impl.FollowerState (FollowerState.java:run(106)) - 89224a59-d9cf-47b8-a74c-554e37b7647b:group-860D5A8274E1 changes to CANDIDATE, lastRpcTime:5144, electionTimeout:5142ms
2019-07-14 08:38:16,635 INFO  impl.RoleInfo (RoleInfo.java:shutdownFollowerState(121)) - 89224a59-d9cf-47b8-a74c-554e37b7647b: shutdown FollowerState
2019-07-14 08:38:16,635 INFO  impl.RaftServerImpl (RaftServerImpl.java:setRole(171)) - 89224a59-d9cf-47b8-a74c-554e37b7647b:group-860D5A8274E1 changes role from FOLLOWER to CANDIDATE at term 1 for changeToCandidate
2019-07-14 08:38:16,636 INFO  impl.RoleInfo (RoleInfo.java:updateAndGet(143)) - 89224a59-d9cf-47b8-a74c-554e37b7647b: start LeaderElection
2019-07-14 08:38:16,661 INFO  impl.LeaderElection (LeaderElection.java:askForVotes(181)) - 89224a59-d9cf-47b8-a74c-554e37b7647b:group-860D5A8274E1:LeaderElection91: begin an election at term 2 for -1: [89224a59-d9cf-47b8-a74c-554e37b7647b:192.168.5.191:40828, af1a4b33-ecf5-419a-a1ef-747317418a5f:192.168.5.191:35568, e7760f15-2ba8-4abd-948a-61820a731ba5:192.168.5.191:44688], old=null
2019-07-14 08:38:16,664 INFO  impl.RaftServerImpl (RaftServerImpl.java:setRole(171)) - af1a4b33-ecf5-419a-a1ef-747317418a5f:group-860D5A8274E1 changes role from FOLLOWER to FOLLOWER at term 2 for recognizeCandidate:89224a59-d9cf-47b8-a74c-554e37b7647b
2019-07-14 08:38:16,664 INFO  impl.RaftServerImpl (RaftServerImpl.java:setRole(171)) - e7760f15-2ba8-4abd-948a-61820a731ba5:group-860D5A8274E1 changes role from FOLLOWER to FOLLOWER at term 2 for recognizeCandidate:89224a59-d9cf-47b8-a74c-554e37b7647b
2019-07-14 08:38:16,664 INFO  impl.RoleInfo (RoleInfo.java:shutdownFollowerState(121)) - af1a4b33-ecf5-419a-a1ef-747317418a5f: shutdown FollowerState
2019-07-14 08:38:16,664 INFO  impl.RoleInfo (RoleInfo.java:shutdownFollowerState(121)) - e7760f15-2ba8-4abd-948a-61820a731ba5: shutdown FollowerState
2019-07-14 08:38:16,664 INFO  impl.RoleInfo (RoleInfo.java:updateAndGet(143)) - af1a4b33-ecf5-419a-a1ef-747317418a5f: start FollowerState
2019-07-14 08:38:16,664 INFO  impl.FollowerState (FollowerState.java:run(114)) - af1a4b33-ecf5-419a-a1ef-747317418a5f: FollowerState was interrupted: java.lang.InterruptedException: sleep interrupted
2019-07-14 08:38:16,664 INFO  impl.RoleInfo (RoleInfo.java:updateAndGet(143)) - e7760f15-2ba8-4abd-948a-61820a731ba5: start FollowerState
2019-07-14 08:38:16,668 INFO  impl.FollowerState (FollowerState.java:run(114)) - e7760f15-2ba8-4abd-948a-61820a731ba5: FollowerState was interrupted: java.lang.InterruptedException: sleep interrupted
2019-07-14 08:38:16,677 INFO  impl.LeaderElection (LeaderElection.java:logAndReturn(56)) - 89224a59-d9cf-47b8-a74c-554e37b7647b:group-860D5A8274E1:LeaderElection91: Election PASSED; received 1 response(s) [89224a59-d9cf-47b8-a74c-554e37b7647b<-af1a4b33-ecf5-419a-a1ef-747317418a5f#0:OK-t2] and 0 exception(s); 89224a59-d9cf-47b8-a74c-554e37b7647b:t2, leader=null, voted=89224a59-d9cf-47b8-a74c-554e37b7647b, raftlog=89224a59-d9cf-47b8-a74c-554e37b7647b-SegmentedRaftLog:OPENED:c-1,f-1,i0, conf=-1: [89224a59-d9cf-47b8-a74c-554e37b7647b:192.168.5.191:40828, af1a4b33-ecf5-419a-a1ef-747317418a5f:192.168.5.191:35568, e7760f15-2ba8-4abd-948a-61820a731ba5:192.168.5.191:44688], old=null
2019-07-14 08:38:16,677 INFO  impl.RoleInfo (RoleInfo.java:shutdownLeaderElection(134)) - 89224a59-d9cf-47b8-a74c-554e37b7647b: shutdown LeaderElection
2019-07-14 08:38:16,677 INFO  impl.RaftServerImpl (RaftServerImpl.java:setRole(171)) - 89224a59-d9cf-47b8-a74c-554e37b7647b:group-860D5A8274E1 changes role from CANDIDATE to LEADER at term 2 for changeToLeader
2019-07-14 08:38:16,678 INFO  impl.RaftServerImpl (ServerState.java:setLeader(263)) - 89224a59-d9cf-47b8-a74c-554e37b7647b:group-860D5A8274E1 change Leader from null to 89224a59-d9cf-47b8-a74c-554e37b7647b at term 2 for becomeLeader, leader elected after 10379ms
2019-07-14 08:38:16,678 INFO  server.RaftServerConfigKeys (ConfUtils.java:logGet(43)) - raft.server.staging.catchup.gap = 1000 (default)
2019-07-14 08:38:16,678 INFO  server.RaftServerConfigKeys (ConfUtils.java:logGet(43)) - raft.server.rpc.sleep.time = 25ms (default)
2019-07-14 08:38:16,678 INFO  server.RaftServerConfigKeys (ConfUtils.java:logGet(43)) - raft.server.write.element-limit = 4096 (default)
2019-07-14 08:38:16,678 INFO  server.RaftServerConfigKeys (ConfUtils.java:logGet(43)) - raft.server.watch.timeout = 10s (default)
2019-07-14 08:38:16,678 INFO  server.RaftServerConfigKeys (ConfUtils.java:logGet(43)) - raft.server.watch.timeout.denomination = 1s (default)
2019-07-14 08:38:16,679 INFO  server.RaftServerConfigKeys (ConfUtils.java:logGet(43)) - raft.server.watch.element-limit = 65536 (default)
2019-07-14 08:38:16,679 INFO  server.RaftServerConfigKeys (ConfUtils.java:logGet(43)) - raft.server.log.appender.snapshot.chunk.size.max = 16MB (=16777216) (default)
2019-07-14 08:38:16,679 INFO  server.RaftServerConfigKeys (ConfUtils.java:logGet(43)) - raft.server.log.appender.buffer.byte-limit = 33554432 (custom)
2019-07-14 08:38:16,679 INFO  server.RaftServerConfigKeys (ConfUtils.java:logGet(43)) - raft.server.log.appender.buffer.element-limit = 1 (custom)
2019-07-14 08:38:16,680 INFO  grpc.GrpcConfigKeys$Server (ConfUtils.java:logGet(43)) - raft.grpc.server.leader.outstanding.appends.max = 128 (default)
2019-07-14 08:38:16,680 INFO  server.RaftServerConfigKeys (ConfUtils.java:logGet(43)) - raft.server.rpc.request.timeout = 3000ms (default)
2019-07-14 08:38:16,680 INFO  server.RaftServerConfigKeys (ConfUtils.java:logGet(43)) - raft.server.log.appender.install.snapshot.enabled = false (custom)
2019-07-14 08:38:16,680 INFO  server.RaftServerConfigKeys (ConfUtils.java:logGet(43)) - raft.server.log.appender.snapshot.chunk.size.max = 16MB (=16777216) (default)
2019-07-14 08:38:16,680 INFO  server.RaftServerConfigKeys (ConfUtils.java:logGet(43)) - raft.server.log.appender.buffer.byte-limit = 33554432 (custom)
2019-07-14 08:38:16,681 INFO  server.RaftServerConfigKeys (ConfUtils.java:logGet(43)) - raft.server.log.appender.buffer.element-limit = 1 (custom)
2019-07-14 08:38:16,681 INFO  grpc.GrpcConfigKeys$Server (ConfUtils.java:logGet(43)) - raft.grpc.server.leader.outstanding.appends.max = 128 (default)
2019-07-14 08:38:16,681 INFO  server.RaftServerConfigKeys (ConfUtils.java:logGet(43)) - raft.server.rpc.request.timeout = 3000ms (default)
2019-07-14 08:38:16,681 INFO  server.RaftServerConfigKeys (ConfUtils.java:logGet(43)) - raft.server.log.appender.install.snapshot.enabled = false (custom)
2019-07-14 08:38:16,681 INFO  impl.RoleInfo (RoleInfo.java:updateAndGet(143)) - 89224a59-d9cf-47b8-a74c-554e37b7647b: start LeaderState
2019-07-14 08:38:16,682 INFO  segmented.SegmentedRaftLogWorker (SegmentedRaftLogWorker.java:startLogSegment(380)) - 89224a59-d9cf-47b8-a74c-554e37b7647b-SegmentedRaftLogWorker:Storage Directory /workdir/hadoop-ozone/integration-test/target/test-dir/MiniOzoneClusterImpl-bc5e9f25-ea62-49b4-a651-322acf43a6ff/datanode-5/data/ratis/304628ff-048f-4c34-8c5c-860d5a8274e1: Starting segment from index:0
2019-07-14 08:38:16,683 INFO  impl.RaftServerImpl (ServerState.java:setRaftConf(361)) - 89224a59-d9cf-47b8-a74c-554e37b7647b:group-860D5A8274E1 set configuration 0: [89224a59-d9cf-47b8-a74c-554e37b7647b:192.168.5.191:40828, af1a4b33-ecf5-419a-a1ef-747317418a5f:192.168.5.191:35568, e7760f15-2ba8-4abd-948a-61820a731ba5:192.168.5.191:44688], old=null at 0
2019-07-14 08:38:16,684 INFO  impl.RaftServerImpl (ServerState.java:setLeader(263)) - af1a4b33-ecf5-419a-a1ef-747317418a5f:group-860D5A8274E1 change Leader from null to 89224a59-d9cf-47b8-a74c-554e37b7647b at term 2 for appendEntries, leader elected after 10385ms
2019-07-14 08:38:16,684 INFO  impl.RaftServerImpl (ServerState.java:setLeader(263)) - e7760f15-2ba8-4abd-948a-61820a731ba5:group-860D5A8274E1 change Leader from null to 89224a59-d9cf-47b8-a74c-554e37b7647b at term 2 for appendEntries, leader elected after 10385ms
2019-07-14 08:38:16,686 INFO  impl.RaftServerImpl (ServerState.java:setRaftConf(361)) - af1a4b33-ecf5-419a-a1ef-747317418a5f:group-860D5A8274E1 set configuration 0: [89224a59-d9cf-47b8-a74c-554e37b7647b:192.168.5.191:40828, af1a4b33-ecf5-419a-a1ef-747317418a5f:192.168.5.191:35568, e7760f15-2ba8-4abd-948a-61820a731ba5:192.168.5.191:44688], old=null at 0
2019-07-14 08:38:16,687 INFO  impl.RaftServerImpl (ServerState.java:setRaftConf(361)) - e7760f15-2ba8-4abd-948a-61820a731ba5:group-860D5A8274E1 set configuration 0: [89224a59-d9cf-47b8-a74c-554e37b7647b:192.168.5.191:40828, af1a4b33-ecf5-419a-a1ef-747317418a5f:192.168.5.191:35568, e7760f15-2ba8-4abd-948a-61820a731ba5:192.168.5.191:44688], old=null at 0
2019-07-14 08:38:16,687 INFO  segmented.SegmentedRaftLogWorker (SegmentedRaftLogWorker.java:startLogSegment(380)) - af1a4b33-ecf5-419a-a1ef-747317418a5f-SegmentedRaftLogWorker:Storage Directory /workdir/hadoop-ozone/integration-test/target/test-dir/MiniOzoneClusterImpl-bc5e9f25-ea62-49b4-a651-322acf43a6ff/datanode-4/data/ratis/304628ff-048f-4c34-8c5c-860d5a8274e1: Starting segment from index:0
2019-07-14 08:38:16,687 INFO  segmented.SegmentedRaftLogWorker (SegmentedRaftLogWorker.java:startLogSegment(380)) - e7760f15-2ba8-4abd-948a-61820a731ba5-SegmentedRaftLogWorker:Storage Directory /workdir/hadoop-ozone/integration-test/target/test-dir/MiniOzoneClusterImpl-bc5e9f25-ea62-49b4-a651-322acf43a6ff/datanode-3/data/ratis/304628ff-048f-4c34-8c5c-860d5a8274e1: Starting segment from index:0
2019-07-14 08:38:16,707 INFO  segmented.SegmentedRaftLogWorker (SegmentedRaftLogWorker.java:execute(569)) - 89224a59-d9cf-47b8-a74c-554e37b7647b-SegmentedRaftLogWorker:Storage Directory /workdir/hadoop-ozone/integration-test/target/test-dir/MiniOzoneClusterImpl-bc5e9f25-ea62-49b4-a651-322acf43a6ff/datanode-5/data/ratis/304628ff-048f-4c34-8c5c-860d5a8274e1: created new log segment /workdir/hadoop-ozone/integration-test/target/test-dir/MiniOzoneClusterImpl-bc5e9f25-ea62-49b4-a651-322acf43a6ff/datanode-5/data/ratis/304628ff-048f-4c34-8c5c-860d5a8274e1/current/log_inprogress_0
2019-07-14 08:38:16,712 INFO  segmented.SegmentedRaftLogWorker (SegmentedRaftLogWorker.java:execute(569)) - af1a4b33-ecf5-419a-a1ef-747317418a5f-SegmentedRaftLogWorker:Storage Directory /workdir/hadoop-ozone/integration-test/target/test-dir/MiniOzoneClusterImpl-bc5e9f25-ea62-49b4-a651-322acf43a6ff/datanode-4/data/ratis/304628ff-048f-4c34-8c5c-860d5a8274e1: created new log segment /workdir/hadoop-ozone/integration-test/target/test-dir/MiniOzoneClusterImpl-bc5e9f25-ea62-49b4-a651-322acf43a6ff/datanode-4/data/ratis/304628ff-048f-4c34-8c5c-860d5a8274e1/current/log_inprogress_0
2019-07-14 08:38:16,715 INFO  segmented.SegmentedRaftLogWorker (SegmentedRaftLogWorker.java:execute(569)) - e7760f15-2ba8-4abd-948a-61820a731ba5-SegmentedRaftLogWorker:Storage Directory /workdir/hadoop-ozone/integration-test/target/test-dir/MiniOzoneClusterImpl-bc5e9f25-ea62-49b4-a651-322acf43a6ff/datanode-3/data/ratis/304628ff-048f-4c34-8c5c-860d5a8274e1: created new log segment /workdir/hadoop-ozone/integration-test/target/test-dir/MiniOzoneClusterImpl-bc5e9f25-ea62-49b4-a651-322acf43a6ff/datanode-3/data/ratis/304628ff-048f-4c34-8c5c-860d5a8274e1/current/log_inprogress_0
2019-07-14 08:38:18,091 INFO  node.StaleNodeHandler (StaleNodeHandler.java:onMessage(58)) - Datanode af1a4b33-ecf5-419a-a1ef-747317418a5f{ip: 192.168.5.191, host: trunk-nightly-5z2vd-27108033, networkLocation: /default-rack, certSerialId: null} moved to stale state. Finalizing its pipelines [PipelineID=304628ff-048f-4c34-8c5c-860d5a8274e1, PipelineID=cb3e8774-5937-422d-afc4-f0bc3210e35c]
2019-07-14 08:38:18,091 INFO  pipeline.SCMPipelineManager (SCMPipelineManager.java:finalizeAndDestroyPipeline(309)) - destroying pipeline:Pipeline[ Id: 304628ff-048f-4c34-8c5c-860d5a8274e1, Nodes: 89224a59-d9cf-47b8-a74c-554e37b7647b{ip: 192.168.5.191, host: trunk-nightly-5z2vd-27108033, networkLocation: /default-rack, certSerialId: null}af1a4b33-ecf5-419a-a1ef-747317418a5f{ip: 192.168.5.191, host: trunk-nightly-5z2vd-27108033, networkLocation: /default-rack, certSerialId: null}e7760f15-2ba8-4abd-948a-61820a731ba5{ip: 192.168.5.191, host: trunk-nightly-5z2vd-27108033, networkLocation: /default-rack, certSerialId: null}, Type:RATIS, Factor:THREE, State:OPEN]
2019-07-14 08:38:18,092 INFO  pipeline.PipelineStateManager (PipelineStateManager.java:finalizePipeline(123)) - Pipeline Pipeline[ Id: 304628ff-048f-4c34-8c5c-860d5a8274e1, Nodes: 89224a59-d9cf-47b8-a74c-554e37b7647b{ip: 192.168.5.191, host: trunk-nightly-5z2vd-27108033, networkLocation: /default-rack, certSerialId: null}af1a4b33-ecf5-419a-a1ef-747317418a5f{ip: 192.168.5.191, host: trunk-nightly-5z2vd-27108033, networkLocation: /default-rack, certSerialId: null}e7760f15-2ba8-4abd-948a-61820a731ba5{ip: 192.168.5.191, host: trunk-nightly-5z2vd-27108033, networkLocation: /default-rack, certSerialId: null}, Type:RATIS, Factor:THREE, State:CLOSED] moved to CLOSED state
2019-07-14 08:38:18,092 INFO  pipeline.SCMPipelineManager (SCMPipelineManager.java:finalizeAndDestroyPipeline(309)) - destroying pipeline:Pipeline[ Id: cb3e8774-5937-422d-afc4-f0bc3210e35c, Nodes: af1a4b33-ecf5-419a-a1ef-747317418a5f{ip: 192.168.5.191, host: trunk-nightly-5z2vd-27108033, networkLocation: /default-rack, certSerialId: null}, Type:RATIS, Factor:ONE, State:OPEN]
2019-07-14 08:38:18,092 INFO  pipeline.PipelineStateManager (PipelineStateManager.java:finalizePipeline(123)) - Pipeline Pipeline[ Id: cb3e8774-5937-422d-afc4-f0bc3210e35c, Nodes: af1a4b33-ecf5-419a-a1ef-747317418a5f{ip: 192.168.5.191, host: trunk-nightly-5z2vd-27108033, networkLocation: /default-rack, certSerialId: null}, Type:RATIS, Factor:ONE, State:CLOSED] moved to CLOSED state
2019-07-14 08:38:18,792 INFO  node.StaleNodeHandler (StaleNodeHandler.java:onMessage(58)) - Datanode 0a3ddfcf-3f94-4936-a3d0-6a4ece9c0826{ip: 192.168.5.191, host: trunk-nightly-5z2vd-27108033, networkLocation: /default-rack, certSerialId: null} moved to stale state. Finalizing its pipelines [PipelineID=e4a8beb7-65e1-4345-bd1f-6a56d83734dd, PipelineID=fd89ffc8-e2e3-40ba-aea4-e1ce863f6e46]
2019-07-14 08:38:18,792 INFO  pipeline.SCMPipelineManager (SCMPipelineManager.java:finalizeAndDestroyPipeline(309)) - destroying pipeline:Pipeline[ Id: e4a8beb7-65e1-4345-bd1f-6a56d83734dd, Nodes: 0a3ddfcf-3f94-4936-a3d0-6a4ece9c0826{ip: 192.168.5.191, host: trunk-nightly-5z2vd-27108033, networkLocation: /default-rack, certSerialId: null}, Type:RATIS, Factor:ONE, State:OPEN]
2019-07-14 08:38:18,792 INFO  pipeline.PipelineStateManager (PipelineStateManager.java:finalizePipeline(123)) - Pipeline Pipeline[ Id: e4a8beb7-65e1-4345-bd1f-6a56d83734dd, Nodes: 0a3ddfcf-3f94-4936-a3d0-6a4ece9c0826{ip: 192.168.5.191, host: trunk-nightly-5z2vd-27108033, networkLocation: /default-rack, certSerialId: null}, Type:RATIS, Factor:ONE, State:CLOSED] moved to CLOSED state
2019-07-14 08:38:18,793 INFO  pipeline.SCMPipelineManager (SCMPipelineManager.java:finalizeAndDestroyPipeline(309)) - destroying pipeline:Pipeline[ Id: fd89ffc8-e2e3-40ba-aea4-e1ce863f6e46, Nodes: 0a3ddfcf-3f94-4936-a3d0-6a4ece9c0826{ip: 192.168.5.191, host: trunk-nightly-5z2vd-27108033, networkLocation: /default-rack, certSerialId: null}93815d00-d04d-4827-abd2-cd1dc4ee69f6{ip: 192.168.5.191, host: trunk-nightly-5z2vd-27108033, networkLocation: /default-rack, certSerialId: null}42fb55ec-a868-4f87-91e7-014db3a3e8de{ip: 192.168.5.191, host: trunk-nightly-5z2vd-27108033, networkLocation: /default-rack, certSerialId: null}, Type:RATIS, Factor:THREE, State:OPEN]
2019-07-14 08:38:18,793 INFO  pipeline.PipelineStateManager (PipelineStateManager.java:finalizePipeline(123)) - Pipeline Pipeline[ Id: fd89ffc8-e2e3-40ba-aea4-e1ce863f6e46, Nodes: 0a3ddfcf-3f94-4936-a3d0-6a4ece9c0826{ip: 192.168.5.191, host: trunk-nightly-5z2vd-27108033, networkLocation: /default-rack, certSerialId: null}93815d00-d04d-4827-abd2-cd1dc4ee69f6{ip: 192.168.5.191, host: trunk-nightly-5z2vd-27108033, networkLocation: /default-rack, certSerialId: null}42fb55ec-a868-4f87-91e7-014db3a3e8de{ip: 192.168.5.191, host: trunk-nightly-5z2vd-27108033, networkLocation: /default-rack, certSerialId: null}, Type:RATIS, Factor:THREE, State:CLOSED] moved to CLOSED state
2019-07-14 08:38:18,793 INFO  container.CloseContainerEventHandler (CloseContainerEventHandler.java:onMessage(61)) - Close container Event triggered for container : #2
2019-07-14 08:38:18,872 INFO  ozoneimpl.OzoneContainer (OzoneContainer.java:stop(199)) - Attempting to stop container services.
2019-07-14 08:38:18,872 INFO  ozoneimpl.OzoneContainer (OzoneContainer.java:stop(199)) - Attempting to stop container services.
2019-07-14 08:38:18,872 INFO  impl.RaftServerProxy (RaftServerProxy.java:lambda$close$4(314)) - af1a4b33-ecf5-419a-a1ef-747317418a5f: close
2019-07-14 08:38:18,873 INFO  impl.RaftServerProxy (RaftServerProxy.java:lambda$close$4(314)) - 0a3ddfcf-3f94-4936-a3d0-6a4ece9c0826: close
2019-07-14 08:38:18,873 INFO  impl.RaftServerImpl (RaftServerImpl.java:lambda$shutdown$3(245)) - af1a4b33-ecf5-419a-a1ef-747317418a5f: shutdown group-860D5A8274E1
2019-07-14 08:38:18,873 INFO  impl.RaftServerImpl (RaftServerImpl.java:lambda$shutdown$3(245)) - 0a3ddfcf-3f94-4936-a3d0-6a4ece9c0826: shutdown group-6A56D83734DD
2019-07-14 08:38:18,873 INFO  util.JmxRegister (JmxRegister.java:unregister(73)) - Successfully un-registered JMX Bean with object name Ratis:service=RaftServer,group=group-860D5A8274E1,id=af1a4b33-ecf5-419a-a1ef-747317418a5f
2019-07-14 08:38:18,874 INFO  util.JmxRegister (JmxRegister.java:unregister(73)) - Successfully un-registered JMX Bean with object name Ratis:service=RaftServer,group=group-6A56D83734DD,id=0a3ddfcf-3f94-4936-a3d0-6a4ece9c0826
2019-07-14 08:38:18,874 INFO  impl.RoleInfo (RoleInfo.java:shutdownFollowerState(121)) - af1a4b33-ecf5-419a-a1ef-747317418a5f: shutdown FollowerState
2019-07-14 08:38:18,874 INFO  impl.RoleInfo (RoleInfo.java:shutdownLeaderState(104)) - 0a3ddfcf-3f94-4936-a3d0-6a4ece9c0826: shutdown LeaderState
2019-07-14 08:38:18,875 INFO  impl.FollowerState (FollowerState.java:run(114)) - af1a4b33-ecf5-419a-a1ef-747317418a5f: FollowerState was interrupted: java.lang.InterruptedException: sleep interrupted
2019-07-14 08:38:18,875 INFO  impl.StateMachineUpdater (StateMachineUpdater.java:stopAndJoin(115)) - StateMachineUpdater:af1a4b33-ecf5-419a-a1ef-747317418a5f:group-860D5A8274E1: set stopIndex = -1
2019-07-14 08:38:18,875 INFO  impl.PendingRequests (PendingRequests.java:sendNotLeaderResponses(202)) - 0a3ddfcf-3f94-4936-a3d0-6a4ece9c0826-PendingRequests: sendNotLeaderResponses
2019-07-14 08:38:18,880 INFO  impl.RaftServerImpl (ServerState.java:close(394)) - af1a4b33-ecf5-419a-a1ef-747317418a5f:group-860D5A8274E1 closes. The last applied log index is -1
2019-07-14 08:38:18,880 INFO  impl.StateMachineUpdater (StateMachineUpdater.java:stopAndJoin(115)) - StateMachineUpdater:0a3ddfcf-3f94-4936-a3d0-6a4ece9c0826:group-6A56D83734DD: set stopIndex = 0
2019-07-14 08:38:18,881 INFO  segmented.SegmentedRaftLogWorker (SegmentedRaftLogWorker.java:run(313)) - af1a4b33-ecf5-419a-a1ef-747317418a5f-SegmentedRaftLogWorker:Storage Directory /workdir/hadoop-ozone/integration-test/target/test-dir/MiniOzoneClusterImpl-bc5e9f25-ea62-49b4-a651-322acf43a6ff/datanode-4/data/ratis/304628ff-048f-4c34-8c5c-860d5a8274e1 was interrupted, exiting. There are 0 tasks remaining in the queue.
2019-07-14 08:38:18,881 INFO  impl.RaftServerImpl (ServerState.java:close(394)) - 0a3ddfcf-3f94-4936-a3d0-6a4ece9c0826:group-6A56D83734DD closes. The last applied log index is 0
2019-07-14 08:38:18,884 INFO  segmented.SegmentedRaftLogWorker (SegmentedRaftLogWorker.java:close(228)) - af1a4b33-ecf5-419a-a1ef-747317418a5f-SegmentedRaftLogWorker:Storage Directory /workdir/hadoop-ozone/integration-test/target/test-dir/MiniOzoneClusterImpl-bc5e9f25-ea62-49b4-a651-322acf43a6ff/datanode-4/data/ratis/304628ff-048f-4c34-8c5c-860d5a8274e1 close()
2019-07-14 08:38:18,884 INFO  segmented.SegmentedRaftLogWorker (SegmentedRaftLogWorker.java:run(313)) - 0a3ddfcf-3f94-4936-a3d0-6a4ece9c0826-SegmentedRaftLogWorker:Storage Directory /workdir/hadoop-ozone/integration-test/target/test-dir/MiniOzoneClusterImpl-bc5e9f25-ea62-49b4-a651-322acf43a6ff/datanode-1/data/ratis/e4a8beb7-65e1-4345-bd1f-6a56d83734dd was interrupted, exiting. There are 0 tasks remaining in the queue.
2019-07-14 08:38:18,889 INFO  impl.RaftServerImpl (RaftServerImpl.java:lambda$shutdown$3(245)) - af1a4b33-ecf5-419a-a1ef-747317418a5f: shutdown group-F0BC3210E35C
2019-07-14 08:38:18,891 INFO  segmented.SegmentedRaftLogWorker (SegmentedRaftLogWorker.java:close(228)) - 0a3ddfcf-3f94-4936-a3d0-6a4ece9c0826-SegmentedRaftLogWorker:Storage Directory /workdir/hadoop-ozone/integration-test/target/test-dir/MiniOzoneClusterImpl-bc5e9f25-ea62-49b4-a651-322acf43a6ff/datanode-1/data/ratis/e4a8beb7-65e1-4345-bd1f-6a56d83734dd close()
2019-07-14 08:38:18,891 INFO  util.JmxRegister (JmxRegister.java:unregister(73)) - Successfully un-registered JMX Bean with object name Ratis:service=RaftServer,group=group-F0BC3210E35C,id=af1a4b33-ecf5-419a-a1ef-747317418a5f
2019-07-14 08:38:18,896 INFO  impl.RaftServerImpl (RaftServerImpl.java:lambda$shutdown$3(245)) - 0a3ddfcf-3f94-4936-a3d0-6a4ece9c0826: shutdown group-E1CE863F6E46
2019-07-14 08:38:18,897 INFO  impl.RoleInfo (RoleInfo.java:shutdownLeaderState(104)) - af1a4b33-ecf5-419a-a1ef-747317418a5f: shutdown LeaderState
2019-07-14 08:38:18,897 INFO  util.JmxRegister (JmxRegister.java:unregister(73)) - Successfully un-registered JMX Bean with object name Ratis:service=RaftServer,group=group-E1CE863F6E46,id=0a3ddfcf-3f94-4936-a3d0-6a4ece9c0826
2019-07-14 08:38:18,897 INFO  impl.PendingRequests (PendingRequests.java:sendNotLeaderResponses(202)) - af1a4b33-ecf5-419a-a1ef-747317418a5f-PendingRequests: sendNotLeaderResponses
2019-07-14 08:38:18,897 INFO  impl.RoleInfo (RoleInfo.java:shutdownLeaderState(104)) - 0a3ddfcf-3f94-4936-a3d0-6a4ece9c0826: shutdown LeaderState
2019-07-14 08:38:18,898 INFO  impl.StateMachineUpdater (StateMachineUpdater.java:stopAndJoin(115)) - StateMachineUpdater:af1a4b33-ecf5-419a-a1ef-747317418a5f:group-F0BC3210E35C: set stopIndex = 0
2019-07-14 08:38:18,903 WARN  server.GrpcLogAppender (GrpcLogAppender.java:mayWait(143)) - GrpcLogAppender(0a3ddfcf-3f94-4936-a3d0-6a4ece9c0826->42fb55ec-a868-4f87-91e7-014db3a3e8de): Wait interrupted by java.lang.InterruptedException
2019-07-14 08:38:18,903 WARN  server.GrpcLogAppender (GrpcLogAppender.java:mayWait(143)) - GrpcLogAppender(0a3ddfcf-3f94-4936-a3d0-6a4ece9c0826->93815d00-d04d-4827-abd2-cd1dc4ee69f6): Wait interrupted by java.lang.InterruptedException
2019-07-14 08:38:18,902 INFO  impl.PendingRequests (PendingRequests.java:sendNotLeaderResponses(202)) - 0a3ddfcf-3f94-4936-a3d0-6a4ece9c0826-PendingRequests: sendNotLeaderResponses
2019-07-14 08:38:18,904 INFO  server.GrpcServerProtocolService (GrpcServerProtocolService.java:onCompleted(104)) - 42fb55ec-a868-4f87-91e7-014db3a3e8de: appendEntries completed
2019-07-14 08:38:18,904 INFO  server.GrpcServerProtocolService (GrpcServerProtocolService.java:onCompleted(104)) - 93815d00-d04d-4827-abd2-cd1dc4ee69f6: appendEntries completed
2019-07-14 08:38:18,908 INFO  ratis.ContainerStateMachine (ContainerStateMachine.java:takeSnapshot(249)) - group-E1CE863F6E46: Taking a snapshot at:(t:1, i:13) file /workdir/hadoop-ozone/integration-test/target/test-dir/MiniOzoneClusterImpl-bc5e9f25-ea62-49b4-a651-322acf43a6ff/datanode-1/data/ratis/fd89ffc8-e2e3-40ba-aea4-e1ce863f6e46/sm/snapshot.1_13
2019-07-14 08:38:18,903 INFO  impl.RaftServerImpl (ServerState.java:close(394)) - af1a4b33-ecf5-419a-a1ef-747317418a5f:group-F0BC3210E35C closes. The last applied log index is 0
2019-07-14 08:38:18,909 INFO  ratis.ContainerStateMachine (ContainerStateMachine.java:takeSnapshot(257)) - group-E1CE863F6E46: Finished taking a snapshot at:(t:1, i:13) file:/workdir/hadoop-ozone/integration-test/target/test-dir/MiniOzoneClusterImpl-bc5e9f25-ea62-49b4-a651-322acf43a6ff/datanode-1/data/ratis/fd89ffc8-e2e3-40ba-aea4-e1ce863f6e46/sm/snapshot.1_13 time:0
2019-07-14 08:38:18,909 INFO  segmented.SegmentedRaftLogWorker (SegmentedRaftLogWorker.java:run(313)) - af1a4b33-ecf5-419a-a1ef-747317418a5f-SegmentedRaftLogWorker:Storage Directory /workdir/hadoop-ozone/integration-test/target/test-dir/MiniOzoneClusterImpl-bc5e9f25-ea62-49b4-a651-322acf43a6ff/datanode-4/data/ratis/cb3e8774-5937-422d-afc4-f0bc3210e35c was interrupted, exiting. There are 0 tasks remaining in the queue.
2019-07-14 08:38:18,908 INFO  server.GrpcLogAppender (GrpcLogAppender.java:onCompleted(292)) - 0a3ddfcf-3f94-4936-a3d0-6a4ece9c0826->93815d00-d04d-4827-abd2-cd1dc4ee69f6: follower responses appendEntries COMPLETED
2019-07-14 08:38:18,908 INFO  server.GrpcLogAppender (GrpcLogAppender.java:onCompleted(292)) - 0a3ddfcf-3f94-4936-a3d0-6a4ece9c0826->42fb55ec-a868-4f87-91e7-014db3a3e8de: follower responses appendEntries COMPLETED
2019-07-14 08:38:18,908 INFO  impl.StateMachineUpdater (StateMachineUpdater.java:stopAndJoin(115)) - StateMachineUpdater:0a3ddfcf-3f94-4936-a3d0-6a4ece9c0826:group-E1CE863F6E46: set stopIndex = 13
2019-07-14 08:38:18,912 INFO  impl.FollowerInfo (FollowerInfo.java:lambda$new$0(50)) - 0a3ddfcf-3f94-4936-a3d0-6a4ece9c0826->42fb55ec-a868-4f87-91e7-014db3a3e8de: nextIndex: updateUnconditionally 14 -> 13
2019-07-14 08:38:18,912 INFO  impl.FollowerInfo (FollowerInfo.java:lambda$new$0(50)) - 0a3ddfcf-3f94-4936-a3d0-6a4ece9c0826->93815d00-d04d-4827-abd2-cd1dc4ee69f6: nextIndex: updateUnconditionally 14 -> 13
2019-07-14 08:38:18,912 INFO  segmented.SegmentedRaftLogWorker (SegmentedRaftLogWorker.java:close(228)) - af1a4b33-ecf5-419a-a1ef-747317418a5f-SegmentedRaftLogWorker:Storage Directory /workdir/hadoop-ozone/integration-test/target/test-dir/MiniOzoneClusterImpl-bc5e9f25-ea62-49b4-a651-322acf43a6ff/datanode-4/data/ratis/cb3e8774-5937-422d-afc4-f0bc3210e35c close()
2019-07-14 08:38:18,909 INFO  impl.StateMachineUpdater (StateMachineUpdater.java:takeSnapshot(242)) - StateMachineUpdater:0a3ddfcf-3f94-4936-a3d0-6a4ece9c0826:group-E1CE863F6E46: Took a snapshot at index 13
2019-07-14 08:38:18,919 INFO  server.GrpcService (GrpcService.java:closeImpl(155)) - af1a4b33-ecf5-419a-a1ef-747317418a5f: shutdown server with port 35568 now
2019-07-14 08:38:18,919 INFO  impl.StateMachineUpdater (StateMachineUpdater.java:lambda$new$0(80)) - StateMachineUpdater:0a3ddfcf-3f94-4936-a3d0-6a4ece9c0826:group-E1CE863F6E46: snapshotIndex: updateIncreasingly -1 -> 13
2019-07-14 08:38:18,920 INFO  impl.RaftServerImpl (ServerState.java:close(394)) - 0a3ddfcf-3f94-4936-a3d0-6a4ece9c0826:group-E1CE863F6E46 closes. The last applied log index is 13
2019-07-14 08:38:18,920 WARN  server.GrpcServerProtocolService (LogUtils.java:warn(134)) - af1a4b33-ecf5-419a-a1ef-747317418a5f: appendEntries onError: org.apache.ratis.thirdparty.io.grpc.StatusRuntimeException: CANCELLED: cancelled before receiving half close
2019-07-14 08:38:18,921 INFO  server.GrpcService (GrpcService.java:closeImpl(163)) - af1a4b33-ecf5-419a-a1ef-747317418a5f: shutdown server with port 35568 successfully
2019-07-14 08:38:18,920 INFO  segmented.SegmentedRaftLogWorker (SegmentedRaftLogWorker.java:run(313)) - 0a3ddfcf-3f94-4936-a3d0-6a4ece9c0826-SegmentedRaftLogWorker:Storage Directory /workdir/hadoop-ozone/integration-test/target/test-dir/MiniOzoneClusterImpl-bc5e9f25-ea62-49b4-a651-322acf43a6ff/datanode-1/data/ratis/fd89ffc8-e2e3-40ba-aea4-e1ce863f6e46 was interrupted, exiting. There are 0 tasks remaining in the queue.
2019-07-14 08:38:18,921 WARN  server.GrpcLogAppender (LogUtils.java:warn(134)) - 89224a59-d9cf-47b8-a74c-554e37b7647b->af1a4b33-ecf5-419a-a1ef-747317418a5f: Failed appendEntries: org.apache.ratis.thirdparty.io.grpc.StatusRuntimeException: CANCELLED: HTTP/2 error code: CANCEL
Received Rst Stream
2019-07-14 08:38:18,922 INFO  impl.FollowerInfo (FollowerInfo.java:lambda$new$0(50)) - 89224a59-d9cf-47b8-a74c-554e37b7647b->af1a4b33-ecf5-419a-a1ef-747317418a5f: nextIndex: updateUnconditionally 1 -> 0
2019-07-14 08:38:18,926 INFO  segmented.SegmentedRaftLogWorker (SegmentedRaftLogWorker.java:close(228)) - 0a3ddfcf-3f94-4936-a3d0-6a4ece9c0826-SegmentedRaftLogWorker:Storage Directory /workdir/hadoop-ozone/integration-test/target/test-dir/MiniOzoneClusterImpl-bc5e9f25-ea62-49b4-a651-322acf43a6ff/datanode-1/data/ratis/fd89ffc8-e2e3-40ba-aea4-e1ce863f6e46 close()
2019-07-14 08:38:18,930 INFO  utils.BackgroundService (BackgroundService.java:shutdown(148)) - Shutting down service BlockDeletingService
2019-07-14 08:38:18,933 INFO  server.GrpcService (GrpcService.java:closeImpl(155)) - 0a3ddfcf-3f94-4936-a3d0-6a4ece9c0826: shutdown server with port 33243 now
2019-07-14 08:38:18,934 INFO  server.GrpcService (GrpcService.java:closeImpl(163)) - 0a3ddfcf-3f94-4936-a3d0-6a4ece9c0826: shutdown server with port 33243 successfully
2019-07-14 08:38:18,935 WARN  fs.CachingGetSpaceUsed (CachingGetSpaceUsed.java:run(183)) - Thread Interrupted waiting to refresh disk information: sleep interrupted
2019-07-14 08:38:18,938 INFO  utils.BackgroundService (BackgroundService.java:shutdown(148)) - Shutting down service BlockDeletingService
2019-07-14 08:38:18,942 WARN  fs.CachingGetSpaceUsed (CachingGetSpaceUsed.java:run(183)) - Thread Interrupted waiting to refresh disk information: sleep interrupted
2019-07-14 08:38:18,961 INFO  statemachine.DatanodeStateMachine (DatanodeStateMachine.java:stopDaemon(395)) - Ozone container server stopped.
2019-07-14 08:38:18,962 INFO  handler.ContextHandler (ContextHandler.java:doStop(910)) - Stopped o.e.j.w.WebAppContext@11885841{/,null,UNAVAILABLE}{/hddsDatanode}
2019-07-14 08:38:18,963 INFO  server.AbstractConnector (AbstractConnector.java:doStop(318)) - Stopped ServerConnector@24d998ba{HTTP/1.1,[http/1.1]}{0.0.0.0:0}
2019-07-14 08:38:18,963 INFO  handler.ContextHandler (ContextHandler.java:doStop(910)) - Stopped o.e.j.s.ServletContextHandler@7cfc2a08{/static,jar:file:/home/user/.m2/repository/org/apache/hadoop/hadoop-hdds-container-service/0.5.0-SNAPSHOT/hadoop-hdds-container-service-0.5.0-SNAPSHOT.jar!/webapps/static,UNAVAILABLE}
2019-07-14 08:38:18,964 INFO  handler.ContextHandler (ContextHandler.java:doStop(910)) - Stopped o.e.j.s.ServletContextHandler@6a7db16e{/logs,file:///workdir/hadoop-ozone/integration-test/target/log,UNAVAILABLE}
2019-07-14 08:38:18,969 INFO  statemachine.DatanodeStateMachine (DatanodeStateMachine.java:stopDaemon(395)) - Ozone container server stopped.
2019-07-14 08:38:18,970 INFO  datanode.ObjectStoreHandler (ObjectStoreHandler.java:close(155)) - Closing ObjectStoreHandler.
2019-07-14 08:38:18,974 INFO  ozone.HddsDatanodeService (HddsDatanodeService.java:stop(452)) - Stopped plug-in org.apache.hadoop.ozone.web.OzoneHddsDatanodeService@7dfbdcfe
2019-07-14 08:38:18,976 INFO  handler.ContextHandler (ContextHandler.java:doStop(910)) - Stopped o.e.j.w.WebAppContext@3705e3fb{/,null,UNAVAILABLE}{/hddsDatanode}
2019-07-14 08:38:18,976 INFO  server.AbstractConnector (AbstractConnector.java:doStop(318)) - Stopped ServerConnector@cfe7be3{HTTP/1.1,[http/1.1]}{0.0.0.0:0}
2019-07-14 08:38:18,978 INFO  handler.ContextHandler (ContextHandler.java:doStop(910)) - Stopped o.e.j.s.ServletContextHandler@46ebd87a{/static,jar:file:/home/user/.m2/repository/org/apache/hadoop/hadoop-hdds-container-service/0.5.0-SNAPSHOT/hadoop-hdds-container-service-0.5.0-SNAPSHOT.jar!/webapps/static,UNAVAILABLE}
2019-07-14 08:38:18,980 INFO  handler.ContextHandler (ContextHandler.java:doStop(910)) - Stopped o.e.j.s.ServletContextHandler@7aa4ef24{/logs,file:///workdir/hadoop-ozone/integration-test/target/log,UNAVAILABLE}
2019-07-14 08:38:18,981 INFO  datanode.ObjectStoreHandler (ObjectStoreHandler.java:close(155)) - Closing ObjectStoreHandler.
2019-07-14 08:38:18,981 INFO  ozone.HddsDatanodeService (HddsDatanodeService.java:stop(452)) - Stopped plug-in org.apache.hadoop.ozone.web.OzoneHddsDatanodeService@f7a19c4
2019-07-14 08:38:19,216 WARN  server.GrpcLogAppender (LogUtils.java:warn(134)) - 89224a59-d9cf-47b8-a74c-554e37b7647b->af1a4b33-ecf5-419a-a1ef-747317418a5f: Failed appendEntries: org.apache.ratis.thirdparty.io.grpc.StatusRuntimeException: UNAVAILABLE: io exception
2019-07-14 08:38:19,217 INFO  impl.FollowerInfo (FollowerInfo.java:lambda$new$0(50)) - 89224a59-d9cf-47b8-a74c-554e37b7647b->af1a4b33-ecf5-419a-a1ef-747317418a5f: nextIndex: updateUnconditionally 0 -> 0
2019-07-14 08:38:19,736 INFO  statemachine.DatanodeStateMachine (DatanodeStateMachine.java:lambda$startDaemon$0(350)) - Ozone container server started.
2019-07-14 08:38:19,771 INFO  statemachine.DatanodeStateMachine (DatanodeStateMachine.java:lambda$startDaemon$0(350)) - Ozone container server started.
2019-07-14 08:38:21,717 WARN  server.GrpcLogAppender (LogUtils.java:warn(134)) - 89224a59-d9cf-47b8-a74c-554e37b7647b->af1a4b33-ecf5-419a-a1ef-747317418a5f: Failed appendEntries: org.apache.ratis.thirdparty.io.grpc.StatusRuntimeException: UNAVAILABLE: io exception
2019-07-14 08:38:21,718 INFO  impl.FollowerInfo (FollowerInfo.java:lambda$new$0(50)) - 89224a59-d9cf-47b8-a74c-554e37b7647b->af1a4b33-ecf5-419a-a1ef-747317418a5f: nextIndex: updateUnconditionally 0 -> 0
2019-07-14 08:38:23,803 INFO  node.StaleNodeHandler (StaleNodeHandler.java:onMessage(58)) - Datanode e7760f15-2ba8-4abd-948a-61820a731ba5{ip: 192.168.5.191, host: trunk-nightly-5z2vd-27108033, networkLocation: /default-rack, certSerialId: null} moved to stale state. Finalizing its pipelines [PipelineID=304628ff-048f-4c34-8c5c-860d5a8274e1, PipelineID=a644076f-00d4-4914-aab4-e2883de1f1dd]
2019-07-14 08:38:23,803 INFO  pipeline.SCMPipelineManager (SCMPipelineManager.java:finalizeAndDestroyPipeline(309)) - destroying pipeline:Pipeline[ Id: 304628ff-048f-4c34-8c5c-860d5a8274e1, Nodes: 89224a59-d9cf-47b8-a74c-554e37b7647b{ip: 192.168.5.191, host: trunk-nightly-5z2vd-27108033, networkLocation: /default-rack, certSerialId: null}af1a4b33-ecf5-419a-a1ef-747317418a5f{ip: 192.168.5.191, host: trunk-nightly-5z2vd-27108033, networkLocation: /default-rack, certSerialId: null}e7760f15-2ba8-4abd-948a-61820a731ba5{ip: 192.168.5.191, host: trunk-nightly-5z2vd-27108033, networkLocation: /default-rack, certSerialId: null}, Type:RATIS, Factor:THREE, State:CLOSED]
2019-07-14 08:38:23,804 INFO  pipeline.SCMPipelineManager (SCMPipelineManager.java:finalizeAndDestroyPipeline(309)) - destroying pipeline:Pipeline[ Id: a644076f-00d4-4914-aab4-e2883de1f1dd, Nodes: e7760f15-2ba8-4abd-948a-61820a731ba5{ip: 192.168.5.191, host: trunk-nightly-5z2vd-27108033, networkLocation: /default-rack, certSerialId: null}, Type:RATIS, Factor:ONE, State:OPEN]
2019-07-14 08:38:23,804 INFO  pipeline.PipelineStateManager (PipelineStateManager.java:finalizePipeline(123)) - Pipeline Pipeline[ Id: a644076f-00d4-4914-aab4-e2883de1f1dd, Nodes: e7760f15-2ba8-4abd-948a-61820a731ba5{ip: 192.168.5.191, host: trunk-nightly-5z2vd-27108033, networkLocation: /default-rack, certSerialId: null}, Type:RATIS, Factor:ONE, State:CLOSED] moved to CLOSED state
2019-07-14 08:38:23,804 INFO  node.StaleNodeHandler (StaleNodeHandler.java:onMessage(58)) - Datanode 93815d00-d04d-4827-abd2-cd1dc4ee69f6{ip: 192.168.5.191, host: trunk-nightly-5z2vd-27108033, networkLocation: /default-rack, certSerialId: null} moved to stale state. Finalizing its pipelines [PipelineID=5f3fbc3a-5a9a-420a-9672-2b6f66a34d1b, PipelineID=fd89ffc8-e2e3-40ba-aea4-e1ce863f6e46]
2019-07-14 08:38:23,804 INFO  pipeline.SCMPipelineManager (SCMPipelineManager.java:finalizeAndDestroyPipeline(309)) - destroying pipeline:Pipeline[ Id: 5f3fbc3a-5a9a-420a-9672-2b6f66a34d1b, Nodes: 93815d00-d04d-4827-abd2-cd1dc4ee69f6{ip: 192.168.5.191, host: trunk-nightly-5z2vd-27108033, networkLocation: /default-rack, certSerialId: null}, Type:RATIS, Factor:ONE, State:OPEN]
2019-07-14 08:38:23,804 INFO  pipeline.PipelineStateManager (PipelineStateManager.java:finalizePipeline(123)) - Pipeline Pipeline[ Id: 5f3fbc3a-5a9a-420a-9672-2b6f66a34d1b, Nodes: 93815d00-d04d-4827-abd2-cd1dc4ee69f6{ip: 192.168.5.191, host: trunk-nightly-5z2vd-27108033, networkLocation: /default-rack, certSerialId: null}, Type:RATIS, Factor:ONE, State:CLOSED] moved to CLOSED state
2019-07-14 08:38:23,805 INFO  pipeline.SCMPipelineManager (SCMPipelineManager.java:finalizeAndDestroyPipeline(309)) - destroying pipeline:Pipeline[ Id: fd89ffc8-e2e3-40ba-aea4-e1ce863f6e46, Nodes: 0a3ddfcf-3f94-4936-a3d0-6a4ece9c0826{ip: 192.168.5.191, host: trunk-nightly-5z2vd-27108033, networkLocation: /default-rack, certSerialId: null}93815d00-d04d-4827-abd2-cd1dc4ee69f6{ip: 192.168.5.191, host: trunk-nightly-5z2vd-27108033, networkLocation: /default-rack, certSerialId: null}42fb55ec-a868-4f87-91e7-014db3a3e8de{ip: 192.168.5.191, host: trunk-nightly-5z2vd-27108033, networkLocation: /default-rack, certSerialId: null}, Type:RATIS, Factor:THREE, State:CLOSED]
2019-07-14 08:38:23,976 INFO  ozoneimpl.OzoneContainer (OzoneContainer.java:stop(199)) - Attempting to stop container services.
2019-07-14 08:38:23,977 INFO  impl.RaftServerProxy (RaftServerProxy.java:lambda$close$4(314)) - e7760f15-2ba8-4abd-948a-61820a731ba5: close
2019-07-14 08:38:23,977 INFO  impl.RaftServerImpl (RaftServerImpl.java:lambda$shutdown$3(245)) - e7760f15-2ba8-4abd-948a-61820a731ba5: shutdown group-860D5A8274E1
2019-07-14 08:38:23,978 INFO  util.JmxRegister (JmxRegister.java:unregister(73)) - Successfully un-registered JMX Bean with object name Ratis:service=RaftServer,group=group-860D5A8274E1,id=e7760f15-2ba8-4abd-948a-61820a731ba5
2019-07-14 08:38:23,978 INFO  impl.RoleInfo (RoleInfo.java:shutdownFollowerState(121)) - e7760f15-2ba8-4abd-948a-61820a731ba5: shutdown FollowerState
2019-07-14 08:38:23,979 INFO  impl.StateMachineUpdater (StateMachineUpdater.java:stopAndJoin(115)) - StateMachineUpdater:e7760f15-2ba8-4abd-948a-61820a731ba5:group-860D5A8274E1: set stopIndex = 0
2019-07-14 08:38:23,979 INFO  impl.FollowerState (FollowerState.java:run(114)) - e7760f15-2ba8-4abd-948a-61820a731ba5: FollowerState was interrupted: java.lang.InterruptedException: sleep interrupted
2019-07-14 08:38:23,979 INFO  impl.RaftServerImpl (ServerState.java:close(394)) - e7760f15-2ba8-4abd-948a-61820a731ba5:group-860D5A8274E1 closes. The last applied log index is 0
2019-07-14 08:38:23,983 INFO  ozoneimpl.OzoneContainer (OzoneContainer.java:stop(199)) - Attempting to stop container services.
2019-07-14 08:38:23,983 INFO  segmented.SegmentedRaftLogWorker (SegmentedRaftLogWorker.java:run(313)) - e7760f15-2ba8-4abd-948a-61820a731ba5-SegmentedRaftLogWorker:Storage Directory /workdir/hadoop-ozone/integration-test/target/test-dir/MiniOzoneClusterImpl-bc5e9f25-ea62-49b4-a651-322acf43a6ff/datanode-3/data/ratis/304628ff-048f-4c34-8c5c-860d5a8274e1 was interrupted, exiting. There are 0 tasks remaining in the queue.
2019-07-14 08:38:23,985 INFO  impl.RaftServerProxy (RaftServerProxy.java:lambda$close$4(314)) - 93815d00-d04d-4827-abd2-cd1dc4ee69f6: close
2019-07-14 08:38:23,986 INFO  impl.RaftServerImpl (RaftServerImpl.java:lambda$shutdown$3(245)) - 93815d00-d04d-4827-abd2-cd1dc4ee69f6: shutdown group-2B6F66A34D1B
2019-07-14 08:38:23,986 INFO  segmented.SegmentedRaftLogWorker (SegmentedRaftLogWorker.java:close(228)) - e7760f15-2ba8-4abd-948a-61820a731ba5-SegmentedRaftLogWorker:Storage Directory /workdir/hadoop-ozone/integration-test/target/test-dir/MiniOzoneClusterImpl-bc5e9f25-ea62-49b4-a651-322acf43a6ff/datanode-3/data/ratis/304628ff-048f-4c34-8c5c-860d5a8274e1 close()
2019-07-14 08:38:23,986 INFO  util.JmxRegister (JmxRegister.java:unregister(73)) - Successfully un-registered JMX Bean with object name Ratis:service=RaftServer,group=group-2B6F66A34D1B,id=93815d00-d04d-4827-abd2-cd1dc4ee69f6
2019-07-14 08:38:23,990 INFO  impl.RaftServerImpl (RaftServerImpl.java:lambda$shutdown$3(245)) - e7760f15-2ba8-4abd-948a-61820a731ba5: shutdown group-E2883DE1F1DD
2019-07-14 08:38:23,991 INFO  util.JmxRegister (JmxRegister.java:unregister(73)) - Successfully un-registered JMX Bean with object name Ratis:service=RaftServer,group=group-E2883DE1F1DD,id=e7760f15-2ba8-4abd-948a-61820a731ba5
2019-07-14 08:38:23,991 INFO  impl.RoleInfo (RoleInfo.java:shutdownLeaderState(104)) - e7760f15-2ba8-4abd-948a-61820a731ba5: shutdown LeaderState
2019-07-14 08:38:23,990 INFO  impl.RoleInfo (RoleInfo.java:shutdownLeaderState(104)) - 93815d00-d04d-4827-abd2-cd1dc4ee69f6: shutdown LeaderState
2019-07-14 08:38:23,992 INFO  impl.PendingRequests (PendingRequests.java:sendNotLeaderResponses(202)) - e7760f15-2ba8-4abd-948a-61820a731ba5-PendingRequests: sendNotLeaderResponses
2019-07-14 08:38:23,992 INFO  impl.PendingRequests (PendingRequests.java:sendNotLeaderResponses(202)) - 93815d00-d04d-4827-abd2-cd1dc4ee69f6-PendingRequests: sendNotLeaderResponses
2019-07-14 08:38:23,992 INFO  impl.StateMachineUpdater (StateMachineUpdater.java:stopAndJoin(115)) - StateMachineUpdater:e7760f15-2ba8-4abd-948a-61820a731ba5:group-E2883DE1F1DD: set stopIndex = 0
2019-07-14 08:38:23,993 INFO  impl.StateMachineUpdater (StateMachineUpdater.java:stopAndJoin(115)) - StateMachineUpdater:93815d00-d04d-4827-abd2-cd1dc4ee69f6:group-2B6F66A34D1B: set stopIndex = 0
2019-07-14 08:38:23,993 INFO  impl.RaftServerImpl (ServerState.java:close(394)) - e7760f15-2ba8-4abd-948a-61820a731ba5:group-E2883DE1F1DD closes. The last applied log index is 0
2019-07-14 08:38:23,993 INFO  impl.RaftServerImpl (ServerState.java:close(394)) - 93815d00-d04d-4827-abd2-cd1dc4ee69f6:group-2B6F66A34D1B closes. The last applied log index is 0
2019-07-14 08:38:23,994 INFO  segmented.SegmentedRaftLogWorker (SegmentedRaftLogWorker.java:run(313)) - e7760f15-2ba8-4abd-948a-61820a731ba5-SegmentedRaftLogWorker:Storage Directory /workdir/hadoop-ozone/integration-test/target/test-dir/MiniOzoneClusterImpl-bc5e9f25-ea62-49b4-a651-322acf43a6ff/datanode-3/data/ratis/a644076f-00d4-4914-aab4-e2883de1f1dd was interrupted, exiting. There are 0 tasks remaining in the queue.
2019-07-14 08:38:23,994 INFO  segmented.SegmentedRaftLogWorker (SegmentedRaftLogWorker.java:run(313)) - 93815d00-d04d-4827-abd2-cd1dc4ee69f6-SegmentedRaftLogWorker:Storage Directory /workdir/hadoop-ozone/integration-test/target/test-dir/MiniOzoneClusterImpl-bc5e9f25-ea62-49b4-a651-322acf43a6ff/datanode-2/data/ratis/5f3fbc3a-5a9a-420a-9672-2b6f66a34d1b was interrupted, exiting. There are 0 tasks remaining in the queue.
2019-07-14 08:38:23,998 INFO  segmented.SegmentedRaftLogWorker (SegmentedRaftLogWorker.java:close(228)) - e7760f15-2ba8-4abd-948a-61820a731ba5-SegmentedRaftLogWorker:Storage Directory /workdir/hadoop-ozone/integration-test/target/test-dir/MiniOzoneClusterImpl-bc5e9f25-ea62-49b4-a651-322acf43a6ff/datanode-3/data/ratis/a644076f-00d4-4914-aab4-e2883de1f1dd close()
2019-07-14 08:38:23,998 INFO  segmented.SegmentedRaftLogWorker (SegmentedRaftLogWorker.java:close(228)) - 93815d00-d04d-4827-abd2-cd1dc4ee69f6-SegmentedRaftLogWorker:Storage Directory /workdir/hadoop-ozone/integration-test/target/test-dir/MiniOzoneClusterImpl-bc5e9f25-ea62-49b4-a651-322acf43a6ff/datanode-2/data/ratis/5f3fbc3a-5a9a-420a-9672-2b6f66a34d1b close()
2019-07-14 08:38:24,002 INFO  server.GrpcService (GrpcService.java:closeImpl(155)) - e7760f15-2ba8-4abd-948a-61820a731ba5: shutdown server with port 44688 now
2019-07-14 08:38:24,015 INFO  impl.RaftServerImpl (RaftServerImpl.java:lambda$shutdown$3(245)) - 93815d00-d04d-4827-abd2-cd1dc4ee69f6: shutdown group-E1CE863F6E46
2019-07-14 08:38:24,016 INFO  util.JmxRegister (JmxRegister.java:unregister(73)) - Successfully un-registered JMX Bean with object name Ratis:service=RaftServer,group=group-E1CE863F6E46,id=93815d00-d04d-4827-abd2-cd1dc4ee69f6
2019-07-14 08:38:24,016 WARN  server.GrpcServerProtocolService (LogUtils.java:warn(134)) - e7760f15-2ba8-4abd-948a-61820a731ba5: appendEntries onError: org.apache.ratis.thirdparty.io.grpc.StatusRuntimeException: CANCELLED: cancelled before receiving half close
2019-07-14 08:38:24,016 INFO  server.GrpcService (GrpcService.java:closeImpl(163)) - e7760f15-2ba8-4abd-948a-61820a731ba5: shutdown server with port 44688 successfully
2019-07-14 08:38:24,016 INFO  impl.RoleInfo (RoleInfo.java:shutdownFollowerState(121)) - 93815d00-d04d-4827-abd2-cd1dc4ee69f6: shutdown FollowerState
2019-07-14 08:38:24,017 WARN  server.GrpcLogAppender (LogUtils.java:warn(134)) - 89224a59-d9cf-47b8-a74c-554e37b7647b->e7760f15-2ba8-4abd-948a-61820a731ba5: Failed appendEntries: org.apache.ratis.thirdparty.io.grpc.StatusRuntimeException: CANCELLED: HTTP/2 error code: CANCEL
Received Rst Stream
2019-07-14 08:38:24,017 INFO  impl.FollowerState (FollowerState.java:run(114)) - 93815d00-d04d-4827-abd2-cd1dc4ee69f6: FollowerState was interrupted: java.lang.InterruptedException: sleep interrupted
2019-07-14 08:38:24,017 INFO  ratis.ContainerStateMachine (ContainerStateMachine.java:takeSnapshot(249)) - group-E1CE863F6E46: Taking a snapshot at:(t:1, i:11) file /workdir/hadoop-ozone/integration-test/target/test-dir/MiniOzoneClusterImpl-bc5e9f25-ea62-49b4-a651-322acf43a6ff/datanode-2/data/ratis/fd89ffc8-e2e3-40ba-aea4-e1ce863f6e46/sm/snapshot.1_11
2019-07-14 08:38:24,017 INFO  impl.StateMachineUpdater (StateMachineUpdater.java:stopAndJoin(115)) - StateMachineUpdater:93815d00-d04d-4827-abd2-cd1dc4ee69f6:group-E1CE863F6E46: set stopIndex = 13
2019-07-14 08:38:24,025 INFO  ratis.ContainerStateMachine (ContainerStateMachine.java:takeSnapshot(257)) - group-E1CE863F6E46: Finished taking a snapshot at:(t:1, i:11) file:/workdir/hadoop-ozone/integration-test/target/test-dir/MiniOzoneClusterImpl-bc5e9f25-ea62-49b4-a651-322acf43a6ff/datanode-2/data/ratis/fd89ffc8-e2e3-40ba-aea4-e1ce863f6e46/sm/snapshot.1_11 time:8
2019-07-14 08:38:24,018 INFO  impl.FollowerInfo (FollowerInfo.java:lambda$new$0(50)) - 89224a59-d9cf-47b8-a74c-554e37b7647b->e7760f15-2ba8-4abd-948a-61820a731ba5: nextIndex: updateUnconditionally 1 -> 0
2019-07-14 08:38:24,026 INFO  utils.BackgroundService (BackgroundService.java:shutdown(148)) - Shutting down service BlockDeletingService
2019-07-14 08:38:24,025 INFO  impl.StateMachineUpdater (StateMachineUpdater.java:takeSnapshot(242)) - StateMachineUpdater:93815d00-d04d-4827-abd2-cd1dc4ee69f6:group-E1CE863F6E46: Took a snapshot at index 11
2019-07-14 08:38:24,026 INFO  impl.StateMachineUpdater (StateMachineUpdater.java:lambda$new$0(80)) - StateMachineUpdater:93815d00-d04d-4827-abd2-cd1dc4ee69f6:group-E1CE863F6E46: snapshotIndex: updateIncreasingly -1 -> 11
2019-07-14 08:38:24,027 INFO  impl.RaftServerImpl (ServerState.java:close(394)) - 93815d00-d04d-4827-abd2-cd1dc4ee69f6:group-E1CE863F6E46 closes. The last applied log index is 13
2019-07-14 08:38:24,027 WARN  fs.CachingGetSpaceUsed (CachingGetSpaceUsed.java:run(183)) - Thread Interrupted waiting to refresh disk information: sleep interrupted
2019-07-14 08:38:24,027 INFO  segmented.SegmentedRaftLogWorker (SegmentedRaftLogWorker.java:run(313)) - 93815d00-d04d-4827-abd2-cd1dc4ee69f6-SegmentedRaftLogWorker:Storage Directory /workdir/hadoop-ozone/integration-test/target/test-dir/MiniOzoneClusterImpl-bc5e9f25-ea62-49b4-a651-322acf43a6ff/datanode-2/data/ratis/fd89ffc8-e2e3-40ba-aea4-e1ce863f6e46 was interrupted, exiting. There are 0 tasks remaining in the queue.
2019-07-14 08:38:24,030 INFO  segmented.SegmentedRaftLogWorker (SegmentedRaftLogWorker.java:close(228)) - 93815d00-d04d-4827-abd2-cd1dc4ee69f6-SegmentedRaftLogWorker:Storage Directory /workdir/hadoop-ozone/integration-test/target/test-dir/MiniOzoneClusterImpl-bc5e9f25-ea62-49b4-a651-322acf43a6ff/datanode-2/data/ratis/fd89ffc8-e2e3-40ba-aea4-e1ce863f6e46 close()
2019-07-14 08:38:24,032 INFO  server.GrpcService (GrpcService.java:closeImpl(155)) - 93815d00-d04d-4827-abd2-cd1dc4ee69f6: shutdown server with port 42573 now
2019-07-14 08:38:24,032 INFO  server.GrpcService (GrpcService.java:closeImpl(163)) - 93815d00-d04d-4827-abd2-cd1dc4ee69f6: shutdown server with port 42573 successfully
2019-07-14 08:38:24,035 INFO  utils.BackgroundService (BackgroundService.java:shutdown(148)) - Shutting down service BlockDeletingService
2019-07-14 08:38:24,037 WARN  fs.CachingGetSpaceUsed (CachingGetSpaceUsed.java:run(183)) - Thread Interrupted waiting to refresh disk information: sleep interrupted
2019-07-14 08:38:24,052 INFO  statemachine.DatanodeStateMachine (DatanodeStateMachine.java:stopDaemon(395)) - Ozone container server stopped.
2019-07-14 08:38:24,065 INFO  statemachine.DatanodeStateMachine (DatanodeStateMachine.java:stopDaemon(395)) - Ozone container server stopped.
2019-07-14 08:38:24,069 INFO  handler.ContextHandler (ContextHandler.java:doStop(910)) - Stopped o.e.j.w.WebAppContext@3653bb61{/,null,UNAVAILABLE}{/hddsDatanode}
2019-07-14 08:38:24,071 INFO  handler.ContextHandler (ContextHandler.java:doStop(910)) - Stopped o.e.j.w.WebAppContext@708f4d81{/,null,UNAVAILABLE}{/hddsDatanode}
2019-07-14 08:38:24,072 INFO  server.AbstractConnector (AbstractConnector.java:doStop(318)) - Stopped ServerConnector@65595be7{HTTP/1.1,[http/1.1]}{0.0.0.0:0}
2019-07-14 08:38:24,072 INFO  server.AbstractConnector (AbstractConnector.java:doStop(318)) - Stopped ServerConnector@23cf78f9{HTTP/1.1,[http/1.1]}{0.0.0.0:0}
2019-07-14 08:38:24,072 INFO  handler.ContextHandler (ContextHandler.java:doStop(910)) - Stopped o.e.j.s.ServletContextHandler@ab5c335{/static,jar:file:/home/user/.m2/repository/org/apache/hadoop/hadoop-hdds-container-service/0.5.0-SNAPSHOT/hadoop-hdds-container-service-0.5.0-SNAPSHOT.jar!/webapps/static,UNAVAILABLE}
2019-07-14 08:38:24,075 INFO  handler.ContextHandler (ContextHandler.java:doStop(910)) - Stopped o.e.j.s.ServletContextHandler@75225415{/static,jar:file:/home/user/.m2/repository/org/apache/hadoop/hadoop-hdds-container-service/0.5.0-SNAPSHOT/hadoop-hdds-container-service-0.5.0-SNAPSHOT.jar!/webapps/static,UNAVAILABLE}
2019-07-14 08:38:24,075 INFO  handler.ContextHandler (ContextHandler.java:doStop(910)) - Stopped o.e.j.s.ServletContextHandler@7631fb3e{/logs,file:///workdir/hadoop-ozone/integration-test/target/log,UNAVAILABLE}
2019-07-14 08:38:24,077 INFO  handler.ContextHandler (ContextHandler.java:doStop(910)) - Stopped o.e.j.s.ServletContextHandler@12db2921{/logs,file:///workdir/hadoop-ozone/integration-test/target/log,UNAVAILABLE}
2019-07-14 08:38:24,077 INFO  datanode.ObjectStoreHandler (ObjectStoreHandler.java:close(155)) - Closing ObjectStoreHandler.
2019-07-14 08:38:24,078 INFO  ozone.HddsDatanodeService (HddsDatanodeService.java:stop(452)) - Stopped plug-in org.apache.hadoop.ozone.web.OzoneHddsDatanodeService@357904d7
2019-07-14 08:38:24,078 INFO  datanode.ObjectStoreHandler (ObjectStoreHandler.java:close(155)) - Closing ObjectStoreHandler.
2019-07-14 08:38:24,078 INFO  ozone.HddsDatanodeService (HddsDatanodeService.java:stop(452)) - Stopped plug-in org.apache.hadoop.ozone.web.OzoneHddsDatanodeService@3ea4dcc5
2019-07-14 08:38:24,219 WARN  server.GrpcLogAppender (LogUtils.java:warn(134)) - 89224a59-d9cf-47b8-a74c-554e37b7647b->af1a4b33-ecf5-419a-a1ef-747317418a5f: Failed appendEntries: org.apache.ratis.thirdparty.io.grpc.StatusRuntimeException: UNAVAILABLE: io exception
2019-07-14 08:38:24,219 INFO  impl.FollowerInfo (FollowerInfo.java:lambda$new$0(50)) - 89224a59-d9cf-47b8-a74c-554e37b7647b->af1a4b33-ecf5-419a-a1ef-747317418a5f: nextIndex: updateUnconditionally 0 -> 0
2019-07-14 08:38:24,222 WARN  server.GrpcLogAppender (LogUtils.java:warn(134)) - 89224a59-d9cf-47b8-a74c-554e37b7647b->e7760f15-2ba8-4abd-948a-61820a731ba5: Failed appendEntries: org.apache.ratis.thirdparty.io.grpc.StatusRuntimeException: UNAVAILABLE: io exception
2019-07-14 08:38:24,223 INFO  impl.FollowerInfo (FollowerInfo.java:lambda$new$0(50)) - 89224a59-d9cf-47b8-a74c-554e37b7647b->e7760f15-2ba8-4abd-948a-61820a731ba5: nextIndex: updateUnconditionally 0 -> 0
2019-07-14 08:38:24,400 INFO  statemachine.DatanodeStateMachine (DatanodeStateMachine.java:lambda$startDaemon$0(350)) - Ozone container server started.
2019-07-14 08:38:24,772 INFO  statemachine.DatanodeStateMachine (DatanodeStateMachine.java:lambda$startDaemon$0(350)) - Ozone container server started.
2019-07-14 08:38:26,097 INFO  impl.FollowerState (FollowerState.java:run(106)) - 42fb55ec-a868-4f87-91e7-014db3a3e8de:group-E1CE863F6E46 changes to CANDIDATE, lastRpcTime:7309, electionTimeout:5050ms
2019-07-14 08:38:26,097 INFO  impl.RoleInfo (RoleInfo.java:shutdownFollowerState(121)) - 42fb55ec-a868-4f87-91e7-014db3a3e8de: shutdown FollowerState
2019-07-14 08:38:26,098 INFO  impl.RaftServerImpl (RaftServerImpl.java:setRole(171)) - 42fb55ec-a868-4f87-91e7-014db3a3e8de:group-E1CE863F6E46 changes role from FOLLOWER to CANDIDATE at term 1 for changeToCandidate
2019-07-14 08:38:26,098 INFO  impl.RoleInfo (RoleInfo.java:updateAndGet(143)) - 42fb55ec-a868-4f87-91e7-014db3a3e8de: start LeaderElection
2019-07-14 08:38:26,098 INFO  impl.RaftServerImpl (ServerState.java:setLeader(263)) - 42fb55ec-a868-4f87-91e7-014db3a3e8de:group-E1CE863F6E46 change Leader from 0a3ddfcf-3f94-4936-a3d0-6a4ece9c0826 to null at term 1 for initElection
2019-07-14 08:38:26,108 INFO  impl.LeaderElection (LeaderElection.java:askForVotes(181)) - 42fb55ec-a868-4f87-91e7-014db3a3e8de:group-E1CE863F6E46:LeaderElection92: begin an election at term 2 for 0: [42fb55ec-a868-4f87-91e7-014db3a3e8de:192.168.5.191:43104, 93815d00-d04d-4827-abd2-cd1dc4ee69f6:192.168.5.191:42573, 0a3ddfcf-3f94-4936-a3d0-6a4ece9c0826:192.168.5.191:33243], old=null
2019-07-14 08:38:26,111 INFO  impl.LeaderElection (LogUtils.java:infoOrTrace(149)) - 42fb55ec-a868-4f87-91e7-014db3a3e8de:group-E1CE863F6E46:LeaderElection92 got exception when requesting votes: {}
java.util.concurrent.ExecutionException: org.apache.ratis.thirdparty.io.grpc.StatusRuntimeException: UNAVAILABLE: io exception
	at java.util.concurrent.FutureTask.report(FutureTask.java:122)
	at java.util.concurrent.FutureTask.get(FutureTask.java:192)
	at org.apache.ratis.server.impl.LeaderElection.waitForResults(LeaderElection.java:262)
	at org.apache.ratis.server.impl.LeaderElection.askForVotes(LeaderElection.java:200)
	at org.apache.ratis.server.impl.LeaderElection.run(LeaderElection.java:130)
	at java.lang.Thread.run(Thread.java:748)
Caused by: org.apache.ratis.thirdparty.io.grpc.StatusRuntimeException: UNAVAILABLE: io exception
	at org.apache.ratis.thirdparty.io.grpc.stub.ClientCalls.toStatusRuntimeException(ClientCalls.java:233)
	at org.apache.ratis.thirdparty.io.grpc.stub.ClientCalls.getUnchecked(ClientCalls.java:214)
	at org.apache.ratis.thirdparty.io.grpc.stub.ClientCalls.blockingUnaryCall(ClientCalls.java:139)
	at org.apache.ratis.proto.grpc.RaftServerProtocolServiceGrpc$RaftServerProtocolServiceBlockingStub.requestVote(RaftServerProtocolServiceGrpc.java:265)
	at org.apache.ratis.grpc.server.GrpcServerProtocolClient.requestVote(GrpcServerProtocolClient.java:83)
	at org.apache.ratis.grpc.server.GrpcService.requestVote(GrpcService.java:195)
	at org.apache.ratis.server.impl.LeaderElection.lambda$submitRequests$1(LeaderElection.java:237)
	at java.util.concurrent.FutureTask.run(FutureTask.java:266)
	at java.util.concurrent.Executors$RunnableAdapter.call(Executors.java:511)
	at java.util.concurrent.FutureTask.run(FutureTask.java:266)
	at java.util.concurrent.ThreadPoolExecutor.runWorker(ThreadPoolExecutor.java:1149)
	at java.util.concurrent.ThreadPoolExecutor$Worker.run(ThreadPoolExecutor.java:624)
	... 1 more
Caused by: org.apache.ratis.thirdparty.io.netty.channel.AbstractChannel$AnnotatedConnectException: Connection refused: /192.168.5.191:33243
	at sun.nio.ch.SocketChannelImpl.checkConnect(Native Method)
	at sun.nio.ch.SocketChannelImpl.finishConnect(SocketChannelImpl.java:717)
	at org.apache.ratis.thirdparty.io.netty.channel.socket.nio.NioSocketChannel.doFinishConnect(NioSocketChannel.java:327)
	at org.apache.ratis.thirdparty.io.netty.channel.nio.AbstractNioChannel$AbstractNioUnsafe.finishConnect(AbstractNioChannel.java:340)
	at org.apache.ratis.thirdparty.io.netty.channel.nio.NioEventLoop.processSelectedKey(NioEventLoop.java:632)
	at org.apache.ratis.thirdparty.io.netty.channel.nio.NioEventLoop.processSelectedKeysOptimized(NioEventLoop.java:579)
	at org.apache.ratis.thirdparty.io.netty.channel.nio.NioEventLoop.processSelectedKeys(NioEventLoop.java:496)
	at org.apache.ratis.thirdparty.io.netty.channel.nio.NioEventLoop.run(NioEventLoop.java:458)
	at org.apache.ratis.thirdparty.io.netty.util.concurrent.SingleThreadEventExecutor$5.run(SingleThreadEventExecutor.java:897)
	at org.apache.ratis.thirdparty.io.netty.util.concurrent.FastThreadLocalRunnable.run(FastThreadLocalRunnable.java:30)
	... 1 more
Caused by: java.net.ConnectException: Connection refused
	... 11 more
2019-07-14 08:38:26,114 INFO  impl.LeaderElection (LogUtils.java:infoOrTrace(149)) - 42fb55ec-a868-4f87-91e7-014db3a3e8de:group-E1CE863F6E46:LeaderElection92 got exception when requesting votes: {}
java.util.concurrent.ExecutionException: org.apache.ratis.thirdparty.io.grpc.StatusRuntimeException: UNAVAILABLE: io exception
	at java.util.concurrent.FutureTask.report(FutureTask.java:122)
	at java.util.concurrent.FutureTask.get(FutureTask.java:192)
	at org.apache.ratis.server.impl.LeaderElection.waitForResults(LeaderElection.java:262)
	at org.apache.ratis.server.impl.LeaderElection.askForVotes(LeaderElection.java:200)
	at org.apache.ratis.server.impl.LeaderElection.run(LeaderElection.java:130)
	at java.lang.Thread.run(Thread.java:748)
Caused by: org.apache.ratis.thirdparty.io.grpc.StatusRuntimeException: UNAVAILABLE: io exception
	at org.apache.ratis.thirdparty.io.grpc.stub.ClientCalls.toStatusRuntimeException(ClientCalls.java:233)
	at org.apache.ratis.thirdparty.io.grpc.stub.ClientCalls.getUnchecked(ClientCalls.java:214)
	at org.apache.ratis.thirdparty.io.grpc.stub.ClientCalls.blockingUnaryCall(ClientCalls.java:139)
	at org.apache.ratis.proto.grpc.RaftServerProtocolServiceGrpc$RaftServerProtocolServiceBlockingStub.requestVote(RaftServerProtocolServiceGrpc.java:265)
	at org.apache.ratis.grpc.server.GrpcServerProtocolClient.requestVote(GrpcServerProtocolClient.java:83)
	at org.apache.ratis.grpc.server.GrpcService.requestVote(GrpcService.java:195)
	at org.apache.ratis.server.impl.LeaderElection.lambda$submitRequests$1(LeaderElection.java:237)
	at java.util.concurrent.FutureTask.run(FutureTask.java:266)
	at java.util.concurrent.Executors$RunnableAdapter.call(Executors.java:511)
	at java.util.concurrent.FutureTask.run(FutureTask.java:266)
	at java.util.concurrent.ThreadPoolExecutor.runWorker(ThreadPoolExecutor.java:1149)
	at java.util.concurrent.ThreadPoolExecutor$Worker.run(ThreadPoolExecutor.java:624)
	... 1 more
Caused by: org.apache.ratis.thirdparty.io.netty.channel.AbstractChannel$AnnotatedConnectException: Connection refused: /192.168.5.191:42573
	at sun.nio.ch.SocketChannelImpl.checkConnect(Native Method)
	at sun.nio.ch.SocketChannelImpl.finishConnect(SocketChannelImpl.java:717)
	at org.apache.ratis.thirdparty.io.netty.channel.socket.nio.NioSocketChannel.doFinishConnect(NioSocketChannel.java:327)
	at org.apache.ratis.thirdparty.io.netty.channel.nio.AbstractNioChannel$AbstractNioUnsafe.finishConnect(AbstractNioChannel.java:340)
	at org.apache.ratis.thirdparty.io.netty.channel.nio.NioEventLoop.processSelectedKey(NioEventLoop.java:632)
	at org.apache.ratis.thirdparty.io.netty.channel.nio.NioEventLoop.processSelectedKeysOptimized(NioEventLoop.java:579)
	at org.apache.ratis.thirdparty.io.netty.channel.nio.NioEventLoop.processSelectedKeys(NioEventLoop.java:496)
	at org.apache.ratis.thirdparty.io.netty.channel.nio.NioEventLoop.run(NioEventLoop.java:458)
	at org.apache.ratis.thirdparty.io.netty.util.concurrent.SingleThreadEventExecutor$5.run(SingleThreadEventExecutor.java:897)
	at org.apache.ratis.thirdparty.io.netty.util.concurrent.FastThreadLocalRunnable.run(FastThreadLocalRunnable.java:30)
	... 1 more
Caused by: java.net.ConnectException: Connection refused
	... 11 more
2019-07-14 08:38:26,116 INFO  impl.LeaderElection (LeaderElection.java:logAndReturn(56)) - 42fb55ec-a868-4f87-91e7-014db3a3e8de:group-E1CE863F6E46:LeaderElection92: Election REJECTED; received 0 response(s) [] and 2 exception(s); 42fb55ec-a868-4f87-91e7-014db3a3e8de:t2, leader=null, voted=42fb55ec-a868-4f87-91e7-014db3a3e8de, raftlog=42fb55ec-a868-4f87-91e7-014db3a3e8de-SegmentedRaftLog:OPENED:c13,f13,i13, conf=0: [42fb55ec-a868-4f87-91e7-014db3a3e8de:192.168.5.191:43104, 93815d00-d04d-4827-abd2-cd1dc4ee69f6:192.168.5.191:42573, 0a3ddfcf-3f94-4936-a3d0-6a4ece9c0826:192.168.5.191:33243], old=null
2019-07-14 08:38:26,116 INFO  impl.LeaderElection (LogUtils.java:infoOrTrace(149)) -   Exception 0: {}
java.util.concurrent.ExecutionException: org.apache.ratis.thirdparty.io.grpc.StatusRuntimeException: UNAVAILABLE: io exception
	at java.util.concurrent.FutureTask.report(FutureTask.java:122)
	at java.util.concurrent.FutureTask.get(FutureTask.java:192)
	at org.apache.ratis.server.impl.LeaderElection.waitForResults(LeaderElection.java:262)
	at org.apache.ratis.server.impl.LeaderElection.askForVotes(LeaderElection.java:200)
	at org.apache.ratis.server.impl.LeaderElection.run(LeaderElection.java:130)
	at java.lang.Thread.run(Thread.java:748)
Caused by: org.apache.ratis.thirdparty.io.grpc.StatusRuntimeException: UNAVAILABLE: io exception
	at org.apache.ratis.thirdparty.io.grpc.stub.ClientCalls.toStatusRuntimeException(ClientCalls.java:233)
	at org.apache.ratis.thirdparty.io.grpc.stub.ClientCalls.getUnchecked(ClientCalls.java:214)
	at org.apache.ratis.thirdparty.io.grpc.stub.ClientCalls.blockingUnaryCall(ClientCalls.java:139)
	at org.apache.ratis.proto.grpc.RaftServerProtocolServiceGrpc$RaftServerProtocolServiceBlockingStub.requestVote(RaftServerProtocolServiceGrpc.java:265)
	at org.apache.ratis.grpc.server.GrpcServerProtocolClient.requestVote(GrpcServerProtocolClient.java:83)
	at org.apache.ratis.grpc.server.GrpcService.requestVote(GrpcService.java:195)
	at org.apache.ratis.server.impl.LeaderElection.lambda$submitRequests$1(LeaderElection.java:237)
	at java.util.concurrent.FutureTask.run(FutureTask.java:266)
	at java.util.concurrent.Executors$RunnableAdapter.call(Executors.java:511)
	at java.util.concurrent.FutureTask.run(FutureTask.java:266)
	at java.util.concurrent.ThreadPoolExecutor.runWorker(ThreadPoolExecutor.java:1149)
	at java.util.concurrent.ThreadPoolExecutor$Worker.run(ThreadPoolExecutor.java:624)
	... 1 more
Caused by: org.apache.ratis.thirdparty.io.netty.channel.AbstractChannel$AnnotatedConnectException: Connection refused: /192.168.5.191:33243
	at sun.nio.ch.SocketChannelImpl.checkConnect(Native Method)
	at sun.nio.ch.SocketChannelImpl.finishConnect(SocketChannelImpl.java:717)
	at org.apache.ratis.thirdparty.io.netty.channel.socket.nio.NioSocketChannel.doFinishConnect(NioSocketChannel.java:327)
	at org.apache.ratis.thirdparty.io.netty.channel.nio.AbstractNioChannel$AbstractNioUnsafe.finishConnect(AbstractNioChannel.java:340)
	at org.apache.ratis.thirdparty.io.netty.channel.nio.NioEventLoop.processSelectedKey(NioEventLoop.java:632)
	at org.apache.ratis.thirdparty.io.netty.channel.nio.NioEventLoop.processSelectedKeysOptimized(NioEventLoop.java:579)
	at org.apache.ratis.thirdparty.io.netty.channel.nio.NioEventLoop.processSelectedKeys(NioEventLoop.java:496)
	at org.apache.ratis.thirdparty.io.netty.channel.nio.NioEventLoop.run(NioEventLoop.java:458)
	at org.apache.ratis.thirdparty.io.netty.util.concurrent.SingleThreadEventExecutor$5.run(SingleThreadEventExecutor.java:897)
	at org.apache.ratis.thirdparty.io.netty.util.concurrent.FastThreadLocalRunnable.run(FastThreadLocalRunnable.java:30)
	... 1 more
Caused by: java.net.ConnectException: Connection refused
	... 11 more
2019-07-14 08:38:26,116 INFO  impl.LeaderElection (LogUtils.java:infoOrTrace(149)) -   Exception 1: {}
java.util.concurrent.ExecutionException: org.apache.ratis.thirdparty.io.grpc.StatusRuntimeException: UNAVAILABLE: io exception
	at java.util.concurrent.FutureTask.report(FutureTask.java:122)
	at java.util.concurrent.FutureTask.get(FutureTask.java:192)
	at org.apache.ratis.server.impl.LeaderElection.waitForResults(LeaderElection.java:262)
	at org.apache.ratis.server.impl.LeaderElection.askForVotes(LeaderElection.java:200)
	at org.apache.ratis.server.impl.LeaderElection.run(LeaderElection.java:130)
	at java.lang.Thread.run(Thread.java:748)
Caused by: org.apache.ratis.thirdparty.io.grpc.StatusRuntimeException: UNAVAILABLE: io exception
	at org.apache.ratis.thirdparty.io.grpc.stub.ClientCalls.toStatusRuntimeException(ClientCalls.java:233)
	at org.apache.ratis.thirdparty.io.grpc.stub.ClientCalls.getUnchecked(ClientCalls.java:214)
	at org.apache.ratis.thirdparty.io.grpc.stub.ClientCalls.blockingUnaryCall(ClientCalls.java:139)
	at org.apache.ratis.proto.grpc.RaftServerProtocolServiceGrpc$RaftServerProtocolServiceBlockingStub.requestVote(RaftServerProtocolServiceGrpc.java:265)
	at org.apache.ratis.grpc.server.GrpcServerProtocolClient.requestVote(GrpcServerProtocolClient.java:83)
	at org.apache.ratis.grpc.server.GrpcService.requestVote(GrpcService.java:195)
	at org.apache.ratis.server.impl.LeaderElection.lambda$submitRequests$1(LeaderElection.java:237)
	at java.util.concurrent.FutureTask.run(FutureTask.java:266)
	at java.util.concurrent.Executors$RunnableAdapter.call(Executors.java:511)
	at java.util.concurrent.FutureTask.run(FutureTask.java:266)
	at java.util.concurrent.ThreadPoolExecutor.runWorker(ThreadPoolExecutor.java:1149)
	at java.util.concurrent.ThreadPoolExecutor$Worker.run(ThreadPoolExecutor.java:624)
	... 1 more
Caused by: org.apache.ratis.thirdparty.io.netty.channel.AbstractChannel$AnnotatedConnectException: Connection refused: /192.168.5.191:42573
	at sun.nio.ch.SocketChannelImpl.checkConnect(Native Method)
	at sun.nio.ch.SocketChannelImpl.finishConnect(SocketChannelImpl.java:717)
	at org.apache.ratis.thirdparty.io.netty.channel.socket.nio.NioSocketChannel.doFinishConnect(NioSocketChannel.java:327)
	at org.apache.ratis.thirdparty.io.netty.channel.nio.AbstractNioChannel$AbstractNioUnsafe.finishConnect(AbstractNioChannel.java:340)
	at org.apache.ratis.thirdparty.io.netty.channel.nio.NioEventLoop.processSelectedKey(NioEventLoop.java:632)
	at org.apache.ratis.thirdparty.io.netty.channel.nio.NioEventLoop.processSelectedKeysOptimized(NioEventLoop.java:579)
	at org.apache.ratis.thirdparty.io.netty.channel.nio.NioEventLoop.processSelectedKeys(NioEventLoop.java:496)
	at org.apache.ratis.thirdparty.io.netty.channel.nio.NioEventLoop.run(NioEventLoop.java:458)
	at org.apache.ratis.thirdparty.io.netty.util.concurrent.SingleThreadEventExecutor$5.run(SingleThreadEventExecutor.java:897)
	at org.apache.ratis.thirdparty.io.netty.util.concurrent.FastThreadLocalRunnable.run(FastThreadLocalRunnable.java:30)
	... 1 more
Caused by: java.net.ConnectException: Connection refused
	... 11 more
2019-07-14 08:38:26,117 INFO  impl.RaftServerImpl (RaftServerImpl.java:setRole(171)) - 42fb55ec-a868-4f87-91e7-014db3a3e8de:group-E1CE863F6E46 changes role from CANDIDATE to FOLLOWER at term 2 for DISCOVERED_A_NEW_TERM
2019-07-14 08:38:26,117 INFO  impl.RoleInfo (RoleInfo.java:shutdownLeaderElection(134)) - 42fb55ec-a868-4f87-91e7-014db3a3e8de: shutdown LeaderElection
2019-07-14 08:38:26,117 INFO  impl.RoleInfo (RoleInfo.java:updateAndGet(143)) - 42fb55ec-a868-4f87-91e7-014db3a3e8de: start FollowerState
2019-07-14 08:38:26,718 WARN  server.GrpcLogAppender (LogUtils.java:warn(134)) - 89224a59-d9cf-47b8-a74c-554e37b7647b->af1a4b33-ecf5-419a-a1ef-747317418a5f: Failed appendEntries: org.apache.ratis.thirdparty.io.grpc.StatusRuntimeException: UNAVAILABLE: io exception
2019-07-14 08:38:26,719 INFO  impl.FollowerInfo (FollowerInfo.java:lambda$new$0(50)) - 89224a59-d9cf-47b8-a74c-554e37b7647b->af1a4b33-ecf5-419a-a1ef-747317418a5f: nextIndex: updateUnconditionally 0 -> 0
2019-07-14 08:38:26,720 WARN  nio.NioEventLoop (NioEventLoop.java:select(786)) - Selector.select() returned prematurely {} times in a row; rebuilding Selector {}.
2019-07-14 08:38:26,720 INFO  nio.NioEventLoop (NioEventLoop.java:rebuildSelector0(396)) - Migrated 0 channel(s) to the new Selector.
2019-07-14 08:38:26,723 WARN  server.GrpcLogAppender (LogUtils.java:warn(134)) - 89224a59-d9cf-47b8-a74c-554e37b7647b->e7760f15-2ba8-4abd-948a-61820a731ba5: Failed appendEntries: org.apache.ratis.thirdparty.io.grpc.StatusRuntimeException: UNAVAILABLE: io exception
2019-07-14 08:38:26,723 INFO  impl.FollowerInfo (FollowerInfo.java:lambda$new$0(50)) - 89224a59-d9cf-47b8-a74c-554e37b7647b->e7760f15-2ba8-4abd-948a-61820a731ba5: nextIndex: updateUnconditionally 0 -> 0
2019-07-14 08:38:28,410 INFO  node.StaleNodeHandler (StaleNodeHandler.java:onMessage(58)) - Datanode f56d7db9-1019-40eb-bad9-c23a60c3bfde{ip: 192.168.5.191, host: trunk-nightly-5z2vd-27108033, networkLocation: /default-rack, certSerialId: null} moved to stale state. Finalizing its pipelines [PipelineID=5ad93f93-ddf3-4fc8-ae43-37518bf05389]
2019-07-14 08:38:28,410 INFO  pipeline.SCMPipelineManager (SCMPipelineManager.java:finalizeAndDestroyPipeline(309)) - destroying pipeline:Pipeline[ Id: 5ad93f93-ddf3-4fc8-ae43-37518bf05389, Nodes: f56d7db9-1019-40eb-bad9-c23a60c3bfde{ip: 192.168.5.191, host: trunk-nightly-5z2vd-27108033, networkLocation: /default-rack, certSerialId: null}, Type:RATIS, Factor:ONE, State:OPEN]
2019-07-14 08:38:28,410 INFO  pipeline.PipelineStateManager (PipelineStateManager.java:finalizePipeline(123)) - Pipeline Pipeline[ Id: 5ad93f93-ddf3-4fc8-ae43-37518bf05389, Nodes: f56d7db9-1019-40eb-bad9-c23a60c3bfde{ip: 192.168.5.191, host: trunk-nightly-5z2vd-27108033, networkLocation: /default-rack, certSerialId: null}, Type:RATIS, Factor:ONE, State:CLOSED] moved to CLOSED state
2019-07-14 08:38:28,811 INFO  node.StaleNodeHandler (StaleNodeHandler.java:onMessage(58)) - Datanode 42fb55ec-a868-4f87-91e7-014db3a3e8de{ip: 192.168.5.191, host: trunk-nightly-5z2vd-27108033, networkLocation: /default-rack, certSerialId: null} moved to stale state. Finalizing its pipelines [PipelineID=42a80fde-8f82-4779-8316-dc8da109e706, PipelineID=fd89ffc8-e2e3-40ba-aea4-e1ce863f6e46]
2019-07-14 08:38:28,811 INFO  pipeline.SCMPipelineManager (SCMPipelineManager.java:finalizeAndDestroyPipeline(309)) - destroying pipeline:Pipeline[ Id: 42a80fde-8f82-4779-8316-dc8da109e706, Nodes: 42fb55ec-a868-4f87-91e7-014db3a3e8de{ip: 192.168.5.191, host: trunk-nightly-5z2vd-27108033, networkLocation: /default-rack, certSerialId: null}, Type:RATIS, Factor:ONE, State:OPEN]
2019-07-14 08:38:28,811 INFO  pipeline.PipelineStateManager (PipelineStateManager.java:finalizePipeline(123)) - Pipeline Pipeline[ Id: 42a80fde-8f82-4779-8316-dc8da109e706, Nodes: 42fb55ec-a868-4f87-91e7-014db3a3e8de{ip: 192.168.5.191, host: trunk-nightly-5z2vd-27108033, networkLocation: /default-rack, certSerialId: null}, Type:RATIS, Factor:ONE, State:CLOSED] moved to CLOSED state
2019-07-14 08:38:28,811 INFO  pipeline.SCMPipelineManager (SCMPipelineManager.java:finalizeAndDestroyPipeline(309)) - destroying pipeline:Pipeline[ Id: fd89ffc8-e2e3-40ba-aea4-e1ce863f6e46, Nodes: 0a3ddfcf-3f94-4936-a3d0-6a4ece9c0826{ip: 192.168.5.191, host: trunk-nightly-5z2vd-27108033, networkLocation: /default-rack, certSerialId: null}93815d00-d04d-4827-abd2-cd1dc4ee69f6{ip: 192.168.5.191, host: trunk-nightly-5z2vd-27108033, networkLocation: /default-rack, certSerialId: null}42fb55ec-a868-4f87-91e7-014db3a3e8de{ip: 192.168.5.191, host: trunk-nightly-5z2vd-27108033, networkLocation: /default-rack, certSerialId: null}, Type:RATIS, Factor:THREE, State:CLOSED]
2019-07-14 08:38:29,079 INFO  ozoneimpl.OzoneContainer (OzoneContainer.java:stop(199)) - Attempting to stop container services.
2019-07-14 08:38:29,079 INFO  ozoneimpl.OzoneContainer (OzoneContainer.java:stop(199)) - Attempting to stop container services.
2019-07-14 08:38:29,079 INFO  impl.RaftServerProxy (RaftServerProxy.java:lambda$close$4(314)) - f56d7db9-1019-40eb-bad9-c23a60c3bfde: close
2019-07-14 08:38:29,080 INFO  impl.RaftServerProxy (RaftServerProxy.java:lambda$close$4(314)) - 42fb55ec-a868-4f87-91e7-014db3a3e8de: close
2019-07-14 08:38:29,080 INFO  impl.RaftServerImpl (RaftServerImpl.java:lambda$shutdown$3(245)) - f56d7db9-1019-40eb-bad9-c23a60c3bfde: shutdown group-37518BF05389
2019-07-14 08:38:29,080 INFO  impl.RaftServerImpl (RaftServerImpl.java:lambda$shutdown$3(245)) - 42fb55ec-a868-4f87-91e7-014db3a3e8de: shutdown group-DC8DA109E706
2019-07-14 08:38:29,081 INFO  util.JmxRegister (JmxRegister.java:unregister(73)) - Successfully un-registered JMX Bean with object name Ratis:service=RaftServer,group=group-37518BF05389,id=f56d7db9-1019-40eb-bad9-c23a60c3bfde
2019-07-14 08:38:29,081 INFO  util.JmxRegister (JmxRegister.java:unregister(73)) - Successfully un-registered JMX Bean with object name Ratis:service=RaftServer,group=group-DC8DA109E706,id=42fb55ec-a868-4f87-91e7-014db3a3e8de
2019-07-14 08:38:29,082 INFO  impl.RoleInfo (RoleInfo.java:shutdownLeaderState(104)) - f56d7db9-1019-40eb-bad9-c23a60c3bfde: shutdown LeaderState
2019-07-14 08:38:29,082 INFO  impl.RoleInfo (RoleInfo.java:shutdownLeaderState(104)) - 42fb55ec-a868-4f87-91e7-014db3a3e8de: shutdown LeaderState
2019-07-14 08:38:29,082 INFO  impl.PendingRequests (PendingRequests.java:sendNotLeaderResponses(202)) - f56d7db9-1019-40eb-bad9-c23a60c3bfde-PendingRequests: sendNotLeaderResponses
2019-07-14 08:38:29,083 INFO  impl.PendingRequests (PendingRequests.java:sendNotLeaderResponses(202)) - 42fb55ec-a868-4f87-91e7-014db3a3e8de-PendingRequests: sendNotLeaderResponses
2019-07-14 08:38:29,083 INFO  impl.StateMachineUpdater (StateMachineUpdater.java:stopAndJoin(115)) - StateMachineUpdater:f56d7db9-1019-40eb-bad9-c23a60c3bfde:group-37518BF05389: set stopIndex = 0
2019-07-14 08:38:29,084 INFO  impl.StateMachineUpdater (StateMachineUpdater.java:stopAndJoin(115)) - StateMachineUpdater:42fb55ec-a868-4f87-91e7-014db3a3e8de:group-DC8DA109E706: set stopIndex = 0
2019-07-14 08:38:29,084 INFO  impl.RaftServerImpl (ServerState.java:close(394)) - f56d7db9-1019-40eb-bad9-c23a60c3bfde:group-37518BF05389 closes. The last applied log index is 0
2019-07-14 08:38:29,084 INFO  impl.RaftServerImpl (ServerState.java:close(394)) - 42fb55ec-a868-4f87-91e7-014db3a3e8de:group-DC8DA109E706 closes. The last applied log index is 0
2019-07-14 08:38:29,085 INFO  segmented.SegmentedRaftLogWorker (SegmentedRaftLogWorker.java:run(313)) - f56d7db9-1019-40eb-bad9-c23a60c3bfde-SegmentedRaftLogWorker:Storage Directory /workdir/hadoop-ozone/integration-test/target/test-dir/MiniOzoneClusterImpl-bc5e9f25-ea62-49b4-a651-322acf43a6ff/datanode-6/data/ratis/5ad93f93-ddf3-4fc8-ae43-37518bf05389 was interrupted, exiting. There are 0 tasks remaining in the queue.
2019-07-14 08:38:29,085 INFO  segmented.SegmentedRaftLogWorker (SegmentedRaftLogWorker.java:run(313)) - 42fb55ec-a868-4f87-91e7-014db3a3e8de-SegmentedRaftLogWorker:Storage Directory /workdir/hadoop-ozone/integration-test/target/test-dir/MiniOzoneClusterImpl-bc5e9f25-ea62-49b4-a651-322acf43a6ff/datanode-0/data/ratis/42a80fde-8f82-4779-8316-dc8da109e706 was interrupted, exiting. There are 0 tasks remaining in the queue.
2019-07-14 08:38:29,088 INFO  segmented.SegmentedRaftLogWorker (SegmentedRaftLogWorker.java:close(228)) - f56d7db9-1019-40eb-bad9-c23a60c3bfde-SegmentedRaftLogWorker:Storage Directory /workdir/hadoop-ozone/integration-test/target/test-dir/MiniOzoneClusterImpl-bc5e9f25-ea62-49b4-a651-322acf43a6ff/datanode-6/data/ratis/5ad93f93-ddf3-4fc8-ae43-37518bf05389 close()
2019-07-14 08:38:29,090 INFO  segmented.SegmentedRaftLogWorker (SegmentedRaftLogWorker.java:close(228)) - 42fb55ec-a868-4f87-91e7-014db3a3e8de-SegmentedRaftLogWorker:Storage Directory /workdir/hadoop-ozone/integration-test/target/test-dir/MiniOzoneClusterImpl-bc5e9f25-ea62-49b4-a651-322acf43a6ff/datanode-0/data/ratis/42a80fde-8f82-4779-8316-dc8da109e706 close()
2019-07-14 08:38:29,092 INFO  server.GrpcService (GrpcService.java:closeImpl(155)) - f56d7db9-1019-40eb-bad9-c23a60c3bfde: shutdown server with port 35033 now
2019-07-14 08:38:29,094 INFO  impl.RaftServerImpl (RaftServerImpl.java:lambda$shutdown$3(245)) - 42fb55ec-a868-4f87-91e7-014db3a3e8de: shutdown group-E1CE863F6E46
2019-07-14 08:38:29,096 INFO  server.GrpcService (GrpcService.java:closeImpl(163)) - f56d7db9-1019-40eb-bad9-c23a60c3bfde: shutdown server with port 35033 successfully
2019-07-14 08:38:29,096 INFO  util.JmxRegister (JmxRegister.java:unregister(73)) - Successfully un-registered JMX Bean with object name Ratis:service=RaftServer,group=group-E1CE863F6E46,id=42fb55ec-a868-4f87-91e7-014db3a3e8de
2019-07-14 08:38:29,097 INFO  impl.RoleInfo (RoleInfo.java:shutdownFollowerState(121)) - 42fb55ec-a868-4f87-91e7-014db3a3e8de: shutdown FollowerState
2019-07-14 08:38:29,098 INFO  impl.StateMachineUpdater (StateMachineUpdater.java:stopAndJoin(115)) - StateMachineUpdater:42fb55ec-a868-4f87-91e7-014db3a3e8de:group-E1CE863F6E46: set stopIndex = 13
2019-07-14 08:38:29,098 INFO  ratis.ContainerStateMachine (ContainerStateMachine.java:takeSnapshot(249)) - group-E1CE863F6E46: Taking a snapshot at:(t:1, i:11) file /workdir/hadoop-ozone/integration-test/target/test-dir/MiniOzoneClusterImpl-bc5e9f25-ea62-49b4-a651-322acf43a6ff/datanode-0/data/ratis/fd89ffc8-e2e3-40ba-aea4-e1ce863f6e46/sm/snapshot.1_11
2019-07-14 08:38:29,098 INFO  impl.FollowerState (FollowerState.java:run(114)) - 42fb55ec-a868-4f87-91e7-014db3a3e8de: FollowerState was interrupted: java.lang.InterruptedException: sleep interrupted
2019-07-14 08:38:29,098 INFO  utils.BackgroundService (BackgroundService.java:shutdown(148)) - Shutting down service BlockDeletingService
2019-07-14 08:38:29,098 INFO  ratis.ContainerStateMachine (ContainerStateMachine.java:takeSnapshot(257)) - group-E1CE863F6E46: Finished taking a snapshot at:(t:1, i:11) file:/workdir/hadoop-ozone/integration-test/target/test-dir/MiniOzoneClusterImpl-bc5e9f25-ea62-49b4-a651-322acf43a6ff/datanode-0/data/ratis/fd89ffc8-e2e3-40ba-aea4-e1ce863f6e46/sm/snapshot.1_11 time:1
2019-07-14 08:38:29,099 INFO  impl.StateMachineUpdater (StateMachineUpdater.java:takeSnapshot(242)) - StateMachineUpdater:42fb55ec-a868-4f87-91e7-014db3a3e8de:group-E1CE863F6E46: Took a snapshot at index 11
2019-07-14 08:38:29,099 INFO  impl.StateMachineUpdater (StateMachineUpdater.java:lambda$new$0(80)) - StateMachineUpdater:42fb55ec-a868-4f87-91e7-014db3a3e8de:group-E1CE863F6E46: snapshotIndex: updateIncreasingly -1 -> 11
2019-07-14 08:38:29,099 INFO  impl.RaftServerImpl (ServerState.java:close(394)) - 42fb55ec-a868-4f87-91e7-014db3a3e8de:group-E1CE863F6E46 closes. The last applied log index is 13
2019-07-14 08:38:29,100 WARN  fs.CachingGetSpaceUsed (CachingGetSpaceUsed.java:run(183)) - Thread Interrupted waiting to refresh disk information: sleep interrupted
2019-07-14 08:38:29,100 INFO  segmented.SegmentedRaftLogWorker (SegmentedRaftLogWorker.java:run(313)) - 42fb55ec-a868-4f87-91e7-014db3a3e8de-SegmentedRaftLogWorker:Storage Directory /workdir/hadoop-ozone/integration-test/target/test-dir/MiniOzoneClusterImpl-bc5e9f25-ea62-49b4-a651-322acf43a6ff/datanode-0/data/ratis/fd89ffc8-e2e3-40ba-aea4-e1ce863f6e46 was interrupted, exiting. There are 0 tasks remaining in the queue.
2019-07-14 08:38:29,102 INFO  segmented.SegmentedRaftLogWorker (SegmentedRaftLogWorker.java:close(228)) - 42fb55ec-a868-4f87-91e7-014db3a3e8de-SegmentedRaftLogWorker:Storage Directory /workdir/hadoop-ozone/integration-test/target/test-dir/MiniOzoneClusterImpl-bc5e9f25-ea62-49b4-a651-322acf43a6ff/datanode-0/data/ratis/fd89ffc8-e2e3-40ba-aea4-e1ce863f6e46 close()
2019-07-14 08:38:29,104 INFO  server.GrpcService (GrpcService.java:closeImpl(155)) - 42fb55ec-a868-4f87-91e7-014db3a3e8de: shutdown server with port 43104 now
2019-07-14 08:38:29,104 INFO  server.GrpcService (GrpcService.java:closeImpl(163)) - 42fb55ec-a868-4f87-91e7-014db3a3e8de: shutdown server with port 43104 successfully
2019-07-14 08:38:29,107 INFO  utils.BackgroundService (BackgroundService.java:shutdown(148)) - Shutting down service BlockDeletingService
2019-07-14 08:38:29,108 WARN  fs.CachingGetSpaceUsed (CachingGetSpaceUsed.java:run(183)) - Thread Interrupted waiting to refresh disk information: sleep interrupted
2019-07-14 08:38:29,122 INFO  statemachine.DatanodeStateMachine (DatanodeStateMachine.java:stopDaemon(395)) - Ozone container server stopped.
2019-07-14 08:38:29,123 INFO  handler.ContextHandler (ContextHandler.java:doStop(910)) - Stopped o.e.j.w.WebAppContext@3479b4cd{/,null,UNAVAILABLE}{/hddsDatanode}
2019-07-14 08:38:29,124 INFO  server.AbstractConnector (AbstractConnector.java:doStop(318)) - Stopped ServerConnector@34b63def{HTTP/1.1,[http/1.1]}{0.0.0.0:0}
2019-07-14 08:38:29,124 INFO  handler.ContextHandler (ContextHandler.java:doStop(910)) - Stopped o.e.j.s.ServletContextHandler@5b1295c0{/static,jar:file:/home/user/.m2/repository/org/apache/hadoop/hadoop-hdds-container-service/0.5.0-SNAPSHOT/hadoop-hdds-container-service-0.5.0-SNAPSHOT.jar!/webapps/static,UNAVAILABLE}
2019-07-14 08:38:29,125 INFO  handler.ContextHandler (ContextHandler.java:doStop(910)) - Stopped o.e.j.s.ServletContextHandler@13ebbdab{/logs,file:///workdir/hadoop-ozone/integration-test/target/log,UNAVAILABLE}
2019-07-14 08:38:29,125 INFO  datanode.ObjectStoreHandler (ObjectStoreHandler.java:close(155)) - Closing ObjectStoreHandler.
2019-07-14 08:38:29,126 INFO  ozone.HddsDatanodeService (HddsDatanodeService.java:stop(452)) - Stopped plug-in org.apache.hadoop.ozone.web.OzoneHddsDatanodeService@4746b5d
2019-07-14 08:38:29,136 INFO  statemachine.DatanodeStateMachine (DatanodeStateMachine.java:stopDaemon(395)) - Ozone container server stopped.
2019-07-14 08:38:29,143 INFO  handler.ContextHandler (ContextHandler.java:doStop(910)) - Stopped o.e.j.w.WebAppContext@38410ce5{/,null,UNAVAILABLE}{/hddsDatanode}
2019-07-14 08:38:29,144 INFO  server.AbstractConnector (AbstractConnector.java:doStop(318)) - Stopped ServerConnector@68ecc60e{HTTP/1.1,[http/1.1]}{0.0.0.0:0}
2019-07-14 08:38:29,146 INFO  handler.ContextHandler (ContextHandler.java:doStop(910)) - Stopped o.e.j.s.ServletContextHandler@112d8c18{/static,jar:file:/home/user/.m2/repository/org/apache/hadoop/hadoop-hdds-container-service/0.5.0-SNAPSHOT/hadoop-hdds-container-service-0.5.0-SNAPSHOT.jar!/webapps/static,UNAVAILABLE}
2019-07-14 08:38:29,147 INFO  handler.ContextHandler (ContextHandler.java:doStop(910)) - Stopped o.e.j.s.ServletContextHandler@420d123d{/logs,file:///workdir/hadoop-ozone/integration-test/target/log,UNAVAILABLE}
2019-07-14 08:38:29,219 WARN  server.GrpcLogAppender (LogUtils.java:warn(134)) - 89224a59-d9cf-47b8-a74c-554e37b7647b->af1a4b33-ecf5-419a-a1ef-747317418a5f: Failed appendEntries: org.apache.ratis.thirdparty.io.grpc.StatusRuntimeException: UNAVAILABLE: io exception
2019-07-14 08:38:29,219 INFO  impl.FollowerInfo (FollowerInfo.java:lambda$new$0(50)) - 89224a59-d9cf-47b8-a74c-554e37b7647b->af1a4b33-ecf5-419a-a1ef-747317418a5f: nextIndex: updateUnconditionally 0 -> 0
2019-07-14 08:38:29,223 WARN  server.GrpcLogAppender (LogUtils.java:warn(134)) - 89224a59-d9cf-47b8-a74c-554e37b7647b->e7760f15-2ba8-4abd-948a-61820a731ba5: Failed appendEntries: org.apache.ratis.thirdparty.io.grpc.StatusRuntimeException: UNAVAILABLE: io exception
2019-07-14 08:38:29,224 INFO  impl.FollowerInfo (FollowerInfo.java:lambda$new$0(50)) - 89224a59-d9cf-47b8-a74c-554e37b7647b->e7760f15-2ba8-4abd-948a-61820a731ba5: nextIndex: updateUnconditionally 0 -> 0
2019-07-14 08:38:29,233 INFO  statemachine.DatanodeStateMachine (DatanodeStateMachine.java:lambda$startDaemon$0(350)) - Ozone container server started.
2019-07-14 08:38:31,719 WARN  server.GrpcLogAppender (LogUtils.java:warn(134)) - 89224a59-d9cf-47b8-a74c-554e37b7647b->af1a4b33-ecf5-419a-a1ef-747317418a5f: Failed appendEntries: org.apache.ratis.thirdparty.io.grpc.StatusRuntimeException: UNAVAILABLE: io exception
2019-07-14 08:38:31,720 INFO  impl.FollowerInfo (FollowerInfo.java:lambda$new$0(50)) - 89224a59-d9cf-47b8-a74c-554e37b7647b->af1a4b33-ecf5-419a-a1ef-747317418a5f: nextIndex: updateUnconditionally 0 -> 0
2019-07-14 08:38:31,723 WARN  server.GrpcLogAppender (LogUtils.java:warn(134)) - 89224a59-d9cf-47b8-a74c-554e37b7647b->e7760f15-2ba8-4abd-948a-61820a731ba5: Failed appendEntries: org.apache.ratis.thirdparty.io.grpc.StatusRuntimeException: UNAVAILABLE: io exception
2019-07-14 08:38:31,723 INFO  impl.FollowerInfo (FollowerInfo.java:lambda$new$0(50)) - 89224a59-d9cf-47b8-a74c-554e37b7647b->e7760f15-2ba8-4abd-948a-61820a731ba5: nextIndex: updateUnconditionally 0 -> 0
2019-07-14 08:38:33,316 INFO  node.StaleNodeHandler (StaleNodeHandler.java:onMessage(58)) - Datanode 89224a59-d9cf-47b8-a74c-554e37b7647b{ip: 192.168.5.191, host: trunk-nightly-5z2vd-27108033, networkLocation: /default-rack, certSerialId: null} moved to stale state. Finalizing its pipelines [PipelineID=304628ff-048f-4c34-8c5c-860d5a8274e1, PipelineID=1fb41ff5-7371-4cf5-a4a5-eba2712cfc58]
2019-07-14 08:38:33,317 INFO  pipeline.SCMPipelineManager (SCMPipelineManager.java:finalizeAndDestroyPipeline(309)) - destroying pipeline:Pipeline[ Id: 304628ff-048f-4c34-8c5c-860d5a8274e1, Nodes: 89224a59-d9cf-47b8-a74c-554e37b7647b{ip: 192.168.5.191, host: trunk-nightly-5z2vd-27108033, networkLocation: /default-rack, certSerialId: null}af1a4b33-ecf5-419a-a1ef-747317418a5f{ip: 192.168.5.191, host: trunk-nightly-5z2vd-27108033, networkLocation: /default-rack, certSerialId: null}e7760f15-2ba8-4abd-948a-61820a731ba5{ip: 192.168.5.191, host: trunk-nightly-5z2vd-27108033, networkLocation: /default-rack, certSerialId: null}, Type:RATIS, Factor:THREE, State:CLOSED]
2019-07-14 08:38:33,317 INFO  pipeline.SCMPipelineManager (SCMPipelineManager.java:finalizeAndDestroyPipeline(309)) - destroying pipeline:Pipeline[ Id: 1fb41ff5-7371-4cf5-a4a5-eba2712cfc58, Nodes: 89224a59-d9cf-47b8-a74c-554e37b7647b{ip: 192.168.5.191, host: trunk-nightly-5z2vd-27108033, networkLocation: /default-rack, certSerialId: null}, Type:RATIS, Factor:ONE, State:OPEN]
2019-07-14 08:38:33,317 INFO  pipeline.PipelineStateManager (PipelineStateManager.java:finalizePipeline(123)) - Pipeline Pipeline[ Id: 1fb41ff5-7371-4cf5-a4a5-eba2712cfc58, Nodes: 89224a59-d9cf-47b8-a74c-554e37b7647b{ip: 192.168.5.191, host: trunk-nightly-5z2vd-27108033, networkLocation: /default-rack, certSerialId: null}, Type:RATIS, Factor:ONE, State:CLOSED] moved to CLOSED state
2019-07-14 08:38:34,127 INFO  ozoneimpl.OzoneContainer (OzoneContainer.java:stop(199)) - Attempting to stop container services.
2019-07-14 08:38:34,127 INFO  impl.RaftServerProxy (RaftServerProxy.java:lambda$close$4(314)) - 89224a59-d9cf-47b8-a74c-554e37b7647b: close
2019-07-14 08:38:34,128 INFO  impl.RaftServerImpl (RaftServerImpl.java:lambda$shutdown$3(245)) - 89224a59-d9cf-47b8-a74c-554e37b7647b: shutdown group-860D5A8274E1
2019-07-14 08:38:34,129 INFO  util.JmxRegister (JmxRegister.java:unregister(73)) - Successfully un-registered JMX Bean with object name Ratis:service=RaftServer,group=group-860D5A8274E1,id=89224a59-d9cf-47b8-a74c-554e37b7647b
2019-07-14 08:38:34,129 INFO  impl.RoleInfo (RoleInfo.java:shutdownLeaderState(104)) - 89224a59-d9cf-47b8-a74c-554e37b7647b: shutdown LeaderState
2019-07-14 08:38:34,132 INFO  impl.PendingRequests (PendingRequests.java:sendNotLeaderResponses(202)) - 89224a59-d9cf-47b8-a74c-554e37b7647b-PendingRequests: sendNotLeaderResponses
2019-07-14 08:38:34,133 WARN  server.GrpcLogAppender (GrpcLogAppender.java:mayWait(143)) - GrpcLogAppender(89224a59-d9cf-47b8-a74c-554e37b7647b->af1a4b33-ecf5-419a-a1ef-747317418a5f): Wait interrupted by java.lang.InterruptedException
2019-07-14 08:38:34,133 WARN  server.GrpcLogAppender (GrpcLogAppender.java:mayWait(143)) - GrpcLogAppender(89224a59-d9cf-47b8-a74c-554e37b7647b->e7760f15-2ba8-4abd-948a-61820a731ba5): Wait interrupted by java.lang.InterruptedException
2019-07-14 08:38:34,133 INFO  impl.StateMachineUpdater (StateMachineUpdater.java:stopAndJoin(115)) - StateMachineUpdater:89224a59-d9cf-47b8-a74c-554e37b7647b:group-860D5A8274E1: set stopIndex = 0
2019-07-14 08:38:34,134 INFO  impl.RaftServerImpl (ServerState.java:close(394)) - 89224a59-d9cf-47b8-a74c-554e37b7647b:group-860D5A8274E1 closes. The last applied log index is 0
2019-07-14 08:38:34,134 INFO  segmented.SegmentedRaftLogWorker (SegmentedRaftLogWorker.java:run(313)) - 89224a59-d9cf-47b8-a74c-554e37b7647b-SegmentedRaftLogWorker:Storage Directory /workdir/hadoop-ozone/integration-test/target/test-dir/MiniOzoneClusterImpl-bc5e9f25-ea62-49b4-a651-322acf43a6ff/datanode-5/data/ratis/304628ff-048f-4c34-8c5c-860d5a8274e1 was interrupted, exiting. There are 0 tasks remaining in the queue.
2019-07-14 08:38:34,136 INFO  segmented.SegmentedRaftLogWorker (SegmentedRaftLogWorker.java:close(228)) - 89224a59-d9cf-47b8-a74c-554e37b7647b-SegmentedRaftLogWorker:Storage Directory /workdir/hadoop-ozone/integration-test/target/test-dir/MiniOzoneClusterImpl-bc5e9f25-ea62-49b4-a651-322acf43a6ff/datanode-5/data/ratis/304628ff-048f-4c34-8c5c-860d5a8274e1 close()
2019-07-14 08:38:34,137 INFO  impl.RaftServerImpl (RaftServerImpl.java:lambda$shutdown$3(245)) - 89224a59-d9cf-47b8-a74c-554e37b7647b: shutdown group-EBA2712CFC58
2019-07-14 08:38:34,138 INFO  util.JmxRegister (JmxRegister.java:unregister(73)) - Successfully un-registered JMX Bean with object name Ratis:service=RaftServer,group=group-EBA2712CFC58,id=89224a59-d9cf-47b8-a74c-554e37b7647b
2019-07-14 08:38:34,138 INFO  impl.RoleInfo (RoleInfo.java:shutdownLeaderState(104)) - 89224a59-d9cf-47b8-a74c-554e37b7647b: shutdown LeaderState
2019-07-14 08:38:34,139 INFO  impl.PendingRequests (PendingRequests.java:sendNotLeaderResponses(202)) - 89224a59-d9cf-47b8-a74c-554e37b7647b-PendingRequests: sendNotLeaderResponses
2019-07-14 08:38:34,139 INFO  impl.StateMachineUpdater (StateMachineUpdater.java:stopAndJoin(115)) - StateMachineUpdater:89224a59-d9cf-47b8-a74c-554e37b7647b:group-EBA2712CFC58: set stopIndex = 0
2019-07-14 08:38:34,139 INFO  impl.RaftServerImpl (ServerState.java:close(394)) - 89224a59-d9cf-47b8-a74c-554e37b7647b:group-EBA2712CFC58 closes. The last applied log index is 0
2019-07-14 08:38:34,140 INFO  segmented.SegmentedRaftLogWorker (SegmentedRaftLogWorker.java:run(313)) - 89224a59-d9cf-47b8-a74c-554e37b7647b-SegmentedRaftLogWorker:Storage Directory /workdir/hadoop-ozone/integration-test/target/test-dir/MiniOzoneClusterImpl-bc5e9f25-ea62-49b4-a651-322acf43a6ff/datanode-5/data/ratis/1fb41ff5-7371-4cf5-a4a5-eba2712cfc58 was interrupted, exiting. There are 0 tasks remaining in the queue.
2019-07-14 08:38:34,141 INFO  segmented.SegmentedRaftLogWorker (SegmentedRaftLogWorker.java:close(228)) - 89224a59-d9cf-47b8-a74c-554e37b7647b-SegmentedRaftLogWorker:Storage Directory /workdir/hadoop-ozone/integration-test/target/test-dir/MiniOzoneClusterImpl-bc5e9f25-ea62-49b4-a651-322acf43a6ff/datanode-5/data/ratis/1fb41ff5-7371-4cf5-a4a5-eba2712cfc58 close()
2019-07-14 08:38:34,143 INFO  server.GrpcService (GrpcService.java:closeImpl(155)) - 89224a59-d9cf-47b8-a74c-554e37b7647b: shutdown server with port 40828 now
2019-07-14 08:38:34,143 INFO  server.GrpcService (GrpcService.java:closeImpl(163)) - 89224a59-d9cf-47b8-a74c-554e37b7647b: shutdown server with port 40828 successfully
2019-07-14 08:38:34,145 INFO  utils.BackgroundService (BackgroundService.java:shutdown(148)) - Shutting down service BlockDeletingService
2019-07-14 08:38:34,146 WARN  fs.CachingGetSpaceUsed (CachingGetSpaceUsed.java:run(183)) - Thread Interrupted waiting to refresh disk information: sleep interrupted
2019-07-14 08:38:34,164 INFO  statemachine.DatanodeStateMachine (DatanodeStateMachine.java:stopDaemon(395)) - Ozone container server stopped.
2019-07-14 08:38:34,185 INFO  handler.ContextHandler (ContextHandler.java:doStop(910)) - Stopped o.e.j.w.WebAppContext@7bb50de0{/,null,UNAVAILABLE}{/hddsDatanode}
2019-07-14 08:38:34,186 INFO  server.AbstractConnector (AbstractConnector.java:doStop(318)) - Stopped ServerConnector@63916a3{HTTP/1.1,[http/1.1]}{0.0.0.0:0}
2019-07-14 08:38:34,186 INFO  handler.ContextHandler (ContextHandler.java:doStop(910)) - Stopped o.e.j.s.ServletContextHandler@495c3d15{/static,jar:file:/home/user/.m2/repository/org/apache/hadoop/hadoop-hdds-container-service/0.5.0-SNAPSHOT/hadoop-hdds-container-service-0.5.0-SNAPSHOT.jar!/webapps/static,UNAVAILABLE}
2019-07-14 08:38:34,187 INFO  handler.ContextHandler (ContextHandler.java:doStop(910)) - Stopped o.e.j.s.ServletContextHandler@3a5812dc{/logs,file:///workdir/hadoop-ozone/integration-test/target/log,UNAVAILABLE}
2019-07-14 08:38:34,188 INFO  ozone.MiniOzoneClusterImpl (MiniOzoneClusterImpl.java:stop(353)) - Stopping the StorageContainerManager
2019-07-14 08:38:34,188 INFO  server.StorageContainerManager (StorageContainerManager.java:stop(796)) - Stopping Replication Manager Service.
2019-07-14 08:38:34,188 INFO  container.ReplicationManager (ReplicationManager.java:stop(187)) - Stopping Replication Monitor Thread.
2019-07-14 08:38:34,188 INFO  server.StorageContainerManager (StorageContainerManager.java:stop(803)) - Stopping Lease Manager of the command watchers
2019-07-14 08:38:34,189 INFO  server.StorageContainerManager (StorageContainerManager.java:stop(810)) - Stopping datanode service RPC server
2019-07-14 08:38:34,189 INFO  server.SCMDatanodeProtocolServer (SCMDatanodeProtocolServer.java:stop(375)) - Stopping the RPC server for DataNodes
2019-07-14 08:38:34,189 INFO  ipc.Server (Server.java:stop(3082)) - Stopping server on 37002
2019-07-14 08:38:34,191 INFO  ipc.Server (Server.java:run(1185)) - Stopping IPC Server listener on 37002
2019-07-14 08:38:34,193 INFO  ipc.Server (Server.java:run(1319)) - Stopping IPC Server Responder
2019-07-14 08:38:34,217 WARN  node.NodeStateManager (NodeStateManager.java:scheduleNextHealthCheck(631)) - Current Thread is interrupted, shutting down HB processing thread for Node Manager.
2019-07-14 08:38:34,218 INFO  server.StorageContainerManager (StorageContainerManager.java:stop(818)) - Stopping block service RPC server
2019-07-14 08:38:34,218 INFO  server.SCMBlockProtocolServer (SCMBlockProtocolServer.java:stop(148)) - Stopping the RPC server for Block Protocol
2019-07-14 08:38:34,218 INFO  ipc.Server (Server.java:stop(3082)) - Stopping server on 46043
2019-07-14 08:38:34,220 INFO  ipc.Server (Server.java:run(1185)) - Stopping IPC Server listener on 46043
2019-07-14 08:38:34,220 INFO  server.StorageContainerManager (StorageContainerManager.java:stop(825)) - Stopping the StorageContainerLocationProtocol RPC server
2019-07-14 08:38:34,221 INFO  server.SCMClientProtocolServer (SCMClientProtocolServer.java:stop(157)) - Stopping the RPC server for Client Protocol
2019-07-14 08:38:34,222 INFO  ipc.Server (Server.java:stop(3082)) - Stopping server on 40498
2019-07-14 08:38:34,220 INFO  ipc.Server (Server.java:run(1319)) - Stopping IPC Server Responder
2019-07-14 08:38:34,224 INFO  ipc.Server (Server.java:run(1185)) - Stopping IPC Server listener on 40498
2019-07-14 08:38:34,228 INFO  server.StorageContainerManager (StorageContainerManager.java:stop(832)) - Stopping Storage Container Manager HTTP server.
2019-07-14 08:38:34,228 INFO  ipc.Server (Server.java:run(1319)) - Stopping IPC Server Responder
2019-07-14 08:38:34,229 INFO  handler.ContextHandler (ContextHandler.java:doStop(910)) - Stopped o.e.j.w.WebAppContext@408573b1{/,null,UNAVAILABLE}{/scm}
2019-07-14 08:38:34,230 INFO  server.AbstractConnector (AbstractConnector.java:doStop(318)) - Stopped ServerConnector@5b7600ec{HTTP/1.1,[http/1.1]}{0.0.0.0:0}
2019-07-14 08:38:34,231 INFO  handler.ContextHandler (ContextHandler.java:doStop(910)) - Stopped o.e.j.s.ServletContextHandler@6049b4c9{/static,file:///workdir/hadoop-ozone/integration-test/target/test-classes/webapps/static,UNAVAILABLE}
2019-07-14 08:38:34,231 INFO  handler.ContextHandler (ContextHandler.java:doStop(910)) - Stopped o.e.j.s.ServletContextHandler@23938caa{/logs,file:///workdir/hadoop-ozone/integration-test/target/log,UNAVAILABLE}
2019-07-14 08:38:34,232 INFO  server.StorageContainerManager (StorageContainerManager.java:stop(843)) - Stopping Block Manager Service.
2019-07-14 08:38:34,232 INFO  utils.BackgroundService (BackgroundService.java:shutdown(148)) - Shutting down service SCMBlockDeletingService
2019-07-14 08:38:34,232 INFO  utils.BackgroundService (BackgroundService.java:shutdown(148)) - Shutting down service SCMBlockDeletingService
2019-07-14 08:38:34,233 INFO  server.StorageContainerManager (StorageContainerManager.java:stop(865)) - Stopping SCM Event Queue.
2019-07-14 08:38:34,237 INFO  impl.MetricsSystemImpl (MetricsSystemImpl.java:stop(210)) - Stopping HddsDatanode metrics system...
2019-07-14 08:38:34,246 INFO  impl.MetricsSystemImpl (MetricsSystemImpl.java:stop(216)) - HddsDatanode metrics system stopped.
]]></system-out>
    <system-err><![CDATA[Jul 14, 2019 8:38:01 AM com.sun.jersey.server.impl.application.WebApplicationImpl _initiate
INFO: Initiating Jersey application, version 'Jersey: 1.19 02/11/2015 03:25 AM'
Jul 14, 2019 8:38:01 AM com.sun.jersey.server.impl.application.WebApplicationImpl _initiate
INFO: Initiating Jersey application, version 'Jersey: 1.19 02/11/2015 03:25 AM'
Jul 14, 2019 8:38:01 AM com.sun.jersey.server.impl.application.WebApplicationImpl _initiate
INFO: Initiating Jersey application, version 'Jersey: 1.19 02/11/2015 03:25 AM'
Jul 14, 2019 8:38:01 AM com.sun.jersey.server.impl.application.WebApplicationImpl _initiate
INFO: Initiating Jersey application, version 'Jersey: 1.19 02/11/2015 03:25 AM'
Jul 14, 2019 8:38:01 AM com.sun.jersey.server.impl.application.WebApplicationImpl _initiate
INFO: Initiating Jersey application, version 'Jersey: 1.19 02/11/2015 03:25 AM'
Jul 14, 2019 8:38:02 AM com.sun.jersey.server.impl.application.WebApplicationImpl _initiate
INFO: Initiating Jersey application, version 'Jersey: 1.19 02/11/2015 03:25 AM'
Jul 14, 2019 8:38:02 AM com.sun.jersey.server.impl.application.WebApplicationImpl _initiate
INFO: Initiating Jersey application, version 'Jersey: 1.19 02/11/2015 03:25 AM'
Jul 14, 2019 8:38:05 AM org.apache.ratis.thirdparty.io.grpc.internal.ManagedChannelOrphanWrapper$ManagedChannelReference cleanQueue
SEVERE: *~*~*~ Channel ManagedChannelImpl{logId=3198, target=192.168.5.191:45739} was not shutdown properly!!! ~*~*~*
    Make sure to call shutdown()/shutdownNow() and wait until awaitTermination() returns true.
java.lang.RuntimeException: ManagedChannel allocation site
	at org.apache.ratis.thirdparty.io.grpc.internal.ManagedChannelOrphanWrapper$ManagedChannelReference.<init>(ManagedChannelOrphanWrapper.java:103)
	at org.apache.ratis.thirdparty.io.grpc.internal.ManagedChannelOrphanWrapper.<init>(ManagedChannelOrphanWrapper.java:53)
	at org.apache.ratis.thirdparty.io.grpc.internal.ManagedChannelOrphanWrapper.<init>(ManagedChannelOrphanWrapper.java:44)
	at org.apache.ratis.thirdparty.io.grpc.internal.AbstractManagedChannelImplBuilder.build(AbstractManagedChannelImplBuilder.java:411)
	at org.apache.ratis.grpc.client.GrpcClientProtocolClient.<init>(GrpcClientProtocolClient.java:119)
	at org.apache.ratis.grpc.client.GrpcClientRpc.lambda$new$0(GrpcClientRpc.java:55)
	at org.apache.ratis.util.PeerProxyMap$PeerAndProxy.lambda$getProxy$0(PeerProxyMap.java:61)
	at org.apache.ratis.util.LifeCycle.startAndTransition(LifeCycle.java:202)
	at org.apache.ratis.util.PeerProxyMap$PeerAndProxy.getProxy(PeerProxyMap.java:60)
	at org.apache.ratis.util.PeerProxyMap.getProxy(PeerProxyMap.java:107)
	at org.apache.ratis.grpc.client.GrpcClientRpc.sendRequestAsync(GrpcClientRpc.java:66)
	at org.apache.ratis.client.impl.OrderedAsync.sendRequest(OrderedAsync.java:208)
	at org.apache.ratis.client.impl.OrderedAsync.sendRequestWithRetry(OrderedAsync.java:169)
	at org.apache.ratis.util.SlidingWindow$Client.sendOrDelayRequest(SlidingWindow.java:278)
	at org.apache.ratis.util.SlidingWindow$Client.retry(SlidingWindow.java:294)
	at org.apache.ratis.client.impl.OrderedAsync.lambda$scheduleWithTimeout$7(OrderedAsync.java:195)
	at org.apache.ratis.util.TimeoutScheduler.lambda$onTimeout$0(TimeoutScheduler.java:85)
	at org.apache.ratis.util.TimeoutScheduler.lambda$onTimeout$1(TimeoutScheduler.java:104)
	at org.apache.ratis.util.LogUtils.runAndLog(LogUtils.java:50)
	at org.apache.ratis.util.LogUtils$1.run(LogUtils.java:91)
	at java.util.concurrent.Executors$RunnableAdapter.call(Executors.java:511)
	at java.util.concurrent.FutureTask.run(FutureTask.java:266)
	at java.util.concurrent.ScheduledThreadPoolExecutor$ScheduledFutureTask.access$201(ScheduledThreadPoolExecutor.java:180)
	at java.util.concurrent.ScheduledThreadPoolExecutor$ScheduledFutureTask.run(ScheduledThreadPoolExecutor.java:293)
	at java.util.concurrent.ThreadPoolExecutor.runWorker(ThreadPoolExecutor.java:1149)
	at java.util.concurrent.ThreadPoolExecutor$Worker.run(ThreadPoolExecutor.java:624)
	at java.lang.Thread.run(Thread.java:748)

Jul 14, 2019 8:38:05 AM org.apache.ratis.thirdparty.io.grpc.internal.ManagedChannelOrphanWrapper$ManagedChannelReference cleanQueue
SEVERE: *~*~*~ Channel ManagedChannelImpl{logId=3188, target=192.168.5.191:38840} was not shutdown properly!!! ~*~*~*
    Make sure to call shutdown()/shutdownNow() and wait until awaitTermination() returns true.
java.lang.RuntimeException: ManagedChannel allocation site
	at org.apache.ratis.thirdparty.io.grpc.internal.ManagedChannelOrphanWrapper$ManagedChannelReference.<init>(ManagedChannelOrphanWrapper.java:103)
	at org.apache.ratis.thirdparty.io.grpc.internal.ManagedChannelOrphanWrapper.<init>(ManagedChannelOrphanWrapper.java:53)
	at org.apache.ratis.thirdparty.io.grpc.internal.ManagedChannelOrphanWrapper.<init>(ManagedChannelOrphanWrapper.java:44)
	at org.apache.ratis.thirdparty.io.grpc.internal.AbstractManagedChannelImplBuilder.build(AbstractManagedChannelImplBuilder.java:411)
	at org.apache.ratis.grpc.client.GrpcClientProtocolClient.<init>(GrpcClientProtocolClient.java:119)
	at org.apache.ratis.grpc.client.GrpcClientRpc.lambda$new$0(GrpcClientRpc.java:55)
	at org.apache.ratis.util.PeerProxyMap$PeerAndProxy.lambda$getProxy$0(PeerProxyMap.java:61)
	at org.apache.ratis.util.LifeCycle.startAndTransition(LifeCycle.java:202)
	at org.apache.ratis.util.PeerProxyMap$PeerAndProxy.getProxy(PeerProxyMap.java:60)
	at org.apache.ratis.util.PeerProxyMap.getProxy(PeerProxyMap.java:107)
	at org.apache.ratis.grpc.client.GrpcClientRpc.sendRequestAsync(GrpcClientRpc.java:66)
	at org.apache.ratis.client.impl.OrderedAsync.sendRequest(OrderedAsync.java:208)
	at org.apache.ratis.client.impl.OrderedAsync.sendRequestWithRetry(OrderedAsync.java:169)
	at org.apache.ratis.util.SlidingWindow$Client.sendOrDelayRequest(SlidingWindow.java:278)
	at org.apache.ratis.util.SlidingWindow$Client.retry(SlidingWindow.java:294)
	at org.apache.ratis.client.impl.OrderedAsync.lambda$scheduleWithTimeout$7(OrderedAsync.java:195)
	at org.apache.ratis.util.TimeoutScheduler.lambda$onTimeout$0(TimeoutScheduler.java:85)
	at org.apache.ratis.util.TimeoutScheduler.lambda$onTimeout$1(TimeoutScheduler.java:104)
	at org.apache.ratis.util.LogUtils.runAndLog(LogUtils.java:50)
	at org.apache.ratis.util.LogUtils$1.run(LogUtils.java:91)
	at java.util.concurrent.Executors$RunnableAdapter.call(Executors.java:511)
	at java.util.concurrent.FutureTask.run(FutureTask.java:266)
	at java.util.concurrent.ScheduledThreadPoolExecutor$ScheduledFutureTask.access$201(ScheduledThreadPoolExecutor.java:180)
	at java.util.concurrent.ScheduledThreadPoolExecutor$ScheduledFutureTask.run(ScheduledThreadPoolExecutor.java:293)
	at java.util.concurrent.ThreadPoolExecutor.runWorker(ThreadPoolExecutor.java:1149)
	at java.util.concurrent.ThreadPoolExecutor$Worker.run(ThreadPoolExecutor.java:624)
	at java.lang.Thread.run(Thread.java:748)

]]></system-err>
  </testcase>
  <testcase name="testWatchForCommitWithCloseContainerException" classname="org.apache.hadoop.ozone.client.rpc.TestBlockOutputStreamWithFailures" time="33.688">
    <error type="java.lang.IllegalArgumentException">java.lang.IllegalArgumentException
	at com.google.common.base.Preconditions.checkArgument(Preconditions.java:72)
	at org.apache.hadoop.hdds.scm.XceiverClientManager.acquireClient(XceiverClientManager.java:150)
	at org.apache.hadoop.hdds.scm.XceiverClientManager.acquireClientForReadData(XceiverClientManager.java:143)
	at org.apache.hadoop.hdds.scm.storage.BlockInputStream.getChunkInfos(BlockInputStream.java:154)
	at org.apache.hadoop.hdds.scm.storage.BlockInputStream.initialize(BlockInputStream.java:118)
	at org.apache.hadoop.hdds.scm.storage.BlockInputStream.read(BlockInputStream.java:222)
	at org.apache.hadoop.ozone.client.io.KeyInputStream.read(KeyInputStream.java:171)
	at org.apache.hadoop.ozone.client.io.OzoneInputStream.read(OzoneInputStream.java:47)
	at java.io.InputStream.read(InputStream.java:101)
	at org.apache.hadoop.ozone.container.ContainerTestHelper.validateData(ContainerTestHelper.java:709)
	at org.apache.hadoop.ozone.client.rpc.TestBlockOutputStreamWithFailures.validateData(TestBlockOutputStreamWithFailures.java:1212)
	at org.apache.hadoop.ozone.client.rpc.TestBlockOutputStreamWithFailures.testWatchForCommitWithCloseContainerException(TestBlockOutputStreamWithFailures.java:260)
	at sun.reflect.NativeMethodAccessorImpl.invoke0(Native Method)
	at sun.reflect.NativeMethodAccessorImpl.invoke(NativeMethodAccessorImpl.java:62)
	at sun.reflect.DelegatingMethodAccessorImpl.invoke(DelegatingMethodAccessorImpl.java:43)
	at java.lang.reflect.Method.invoke(Method.java:498)
	at org.junit.runners.model.FrameworkMethod$1.runReflectiveCall(FrameworkMethod.java:47)
	at org.junit.internal.runners.model.ReflectiveCallable.run(ReflectiveCallable.java:12)
	at org.junit.runners.model.FrameworkMethod.invokeExplosively(FrameworkMethod.java:44)
	at org.junit.internal.runners.statements.InvokeMethod.evaluate(InvokeMethod.java:17)
	at org.junit.internal.runners.statements.RunBefores.evaluate(RunBefores.java:26)
	at org.junit.internal.runners.statements.RunAfters.evaluate(RunAfters.java:27)
	at org.junit.runners.ParentRunner.runLeaf(ParentRunner.java:271)
	at org.junit.runners.BlockJUnit4ClassRunner.runChild(BlockJUnit4ClassRunner.java:70)
	at org.junit.runners.BlockJUnit4ClassRunner.runChild(BlockJUnit4ClassRunner.java:50)
	at org.junit.runners.ParentRunner$3.run(ParentRunner.java:238)
	at org.junit.runners.ParentRunner$1.schedule(ParentRunner.java:63)
	at org.junit.runners.ParentRunner.runChildren(ParentRunner.java:236)
	at org.junit.runners.ParentRunner.access$000(ParentRunner.java:53)
	at org.junit.runners.ParentRunner$2.evaluate(ParentRunner.java:229)
	at org.junit.runners.ParentRunner.run(ParentRunner.java:309)
	at org.apache.maven.surefire.junit4.JUnit4Provider.execute(JUnit4Provider.java:365)
	at org.apache.maven.surefire.junit4.JUnit4Provider.executeWithRerun(JUnit4Provider.java:273)
	at org.apache.maven.surefire.junit4.JUnit4Provider.executeTestSet(JUnit4Provider.java:238)
	at org.apache.maven.surefire.junit4.JUnit4Provider.invoke(JUnit4Provider.java:159)
	at org.apache.maven.surefire.booter.ForkedBooter.invokeProviderInSameClassLoader(ForkedBooter.java:384)
	at org.apache.maven.surefire.booter.ForkedBooter.runSuitesInProcess(ForkedBooter.java:345)
	at org.apache.maven.surefire.booter.ForkedBooter.execute(ForkedBooter.java:126)
	at org.apache.maven.surefire.booter.ForkedBooter.main(ForkedBooter.java:418)
</error>
    <system-out><![CDATA[2019-07-14 08:38:34,292 WARN  server.ServerUtils (ServerUtils.java:getScmDbDir(145)) - ozone.scm.db.dirs is not configured. We recommend adding this setting. Falling back to ozone.metadata.dirs instead.
2019-07-14 08:38:34,310 WARN  server.ServerUtils (ServerUtils.java:getScmDbDir(145)) - ozone.scm.db.dirs is not configured. We recommend adding this setting. Falling back to ozone.metadata.dirs instead.
2019-07-14 08:38:34,310 WARN  server.ServerUtils (ServerUtils.java:getScmDbDir(145)) - ozone.scm.db.dirs is not configured. We recommend adding this setting. Falling back to ozone.metadata.dirs instead.
2019-07-14 08:38:34,310 INFO  db.DBStoreBuilder (DBStoreBuilder.java:addTable(110)) - using custom profile for table: deletedBlocks
2019-07-14 08:38:34,311 INFO  db.DBStoreBuilder (DBStoreBuilder.java:processTables(161)) - Using default column profile:DBProfile.DISK for Table:deletedBlocks
2019-07-14 08:38:34,311 INFO  db.DBStoreBuilder (DBStoreBuilder.java:addTable(110)) - using custom profile for table: validCerts
2019-07-14 08:38:34,311 INFO  db.DBStoreBuilder (DBStoreBuilder.java:processTables(161)) - Using default column profile:DBProfile.DISK for Table:validCerts
2019-07-14 08:38:34,311 INFO  db.DBStoreBuilder (DBStoreBuilder.java:addTable(110)) - using custom profile for table: revokedCerts
2019-07-14 08:38:34,312 INFO  db.DBStoreBuilder (DBStoreBuilder.java:processTables(161)) - Using default column profile:DBProfile.DISK for Table:revokedCerts
2019-07-14 08:38:34,312 INFO  db.DBStoreBuilder (DBStoreBuilder.java:addTable(110)) - using custom profile for table: default
2019-07-14 08:38:34,312 INFO  db.DBStoreBuilder (DBStoreBuilder.java:processTables(167)) - Using default column profile:DBProfile.DISK for Table:default
2019-07-14 08:38:34,312 INFO  db.DBStoreBuilder (DBStoreBuilder.java:getDbProfile(198)) - Using default options. DBProfile.DISK
2019-07-14 08:38:34,391 INFO  net.NodeSchemaLoader (NodeSchemaLoader.java:loadSchemaFromFile(125)) - Loading file from sun.misc.CompoundEnumeration@40f49d72
2019-07-14 08:38:34,391 INFO  net.NodeSchemaLoader (NodeSchemaLoader.java:loadSchema(171)) - Loading network topology layer schema file
2019-07-14 08:38:34,397 INFO  node.SCMNodeManager (SCMNodeManager.java:<init>(119)) - Entering startup safe mode.
2019-07-14 08:38:34,397 WARN  server.ServerUtils (ServerUtils.java:getScmDbDir(145)) - ozone.scm.db.dirs is not configured. We recommend adding this setting. Falling back to ozone.metadata.dirs instead.
2019-07-14 08:38:34,422 INFO  pipeline.SCMPipelineManager (SCMPipelineManager.java:initializePipelineState(126)) - No pipeline exists in current db
2019-07-14 08:38:34,422 WARN  server.ServerUtils (ServerUtils.java:getScmDbDir(145)) - ozone.scm.db.dirs is not configured. We recommend adding this setting. Falling back to ozone.metadata.dirs instead.
2019-07-14 08:38:34,449 WARN  events.EventQueue (EventQueue.java:fireEvent(175)) - No event handler registered for event TypedEvent{payloadType=SafeModeStatus, name='SafeModeStatus'}
2019-07-14 08:38:34,450 INFO  ipc.CallQueueManager (CallQueueManager.java:<init>(84)) - Using callQueue: class java.util.concurrent.LinkedBlockingQueue, queueCapacity: 2000, scheduler: class org.apache.hadoop.ipc.DefaultRpcScheduler, ipcBackoff: false.
2019-07-14 08:38:34,451 INFO  ipc.Server (Server.java:run(1074)) - Starting Socket Reader #1 for port 35074
2019-07-14 08:38:34,453 INFO  ipc.CallQueueManager (CallQueueManager.java:<init>(84)) - Using callQueue: class java.util.concurrent.LinkedBlockingQueue, queueCapacity: 2000, scheduler: class org.apache.hadoop.ipc.DefaultRpcScheduler, ipcBackoff: false.
2019-07-14 08:38:34,453 INFO  ipc.Server (Server.java:run(1074)) - Starting Socket Reader #1 for port 39266
2019-07-14 08:38:34,455 INFO  ipc.CallQueueManager (CallQueueManager.java:<init>(84)) - Using callQueue: class java.util.concurrent.LinkedBlockingQueue, queueCapacity: 2000, scheduler: class org.apache.hadoop.ipc.DefaultRpcScheduler, ipcBackoff: false.
2019-07-14 08:38:34,456 INFO  ipc.Server (Server.java:run(1074)) - Starting Socket Reader #1 for port 38694
2019-07-14 08:38:34,460 INFO  hdfs.DFSUtil (DFSUtil.java:httpServerTemplateForNNAndJN(1641)) - Starting Web-server for scm at: http://0.0.0.0:0
2019-07-14 08:38:34,463 INFO  server.AuthenticationFilter (AuthenticationFilter.java:constructSecretProvider(240)) - Unable to initialize FileSignerSecretProvider, falling back to use random secrets.
2019-07-14 08:38:34,464 WARN  http.HttpRequestLog (HttpRequestLog.java:getRequestLog(97)) - Jetty request log can only be enabled using Log4j
2019-07-14 08:38:34,466 INFO  http.HttpServer2 (HttpServer2.java:addGlobalFilter(975)) - Added global filter 'safety' (class=org.apache.hadoop.http.HttpServer2$QuotingInputFilter)
2019-07-14 08:38:34,467 INFO  http.HttpServer2 (HttpServer2.java:addFilter(948)) - Added filter static_user_filter (class=org.apache.hadoop.http.lib.StaticUserWebFilter$StaticUserFilter) to context scm
2019-07-14 08:38:34,467 INFO  http.HttpServer2 (HttpServer2.java:addFilter(958)) - Added filter static_user_filter (class=org.apache.hadoop.http.lib.StaticUserWebFilter$StaticUserFilter) to context logs
2019-07-14 08:38:34,467 INFO  http.HttpServer2 (HttpServer2.java:addFilter(958)) - Added filter static_user_filter (class=org.apache.hadoop.http.lib.StaticUserWebFilter$StaticUserFilter) to context static
2019-07-14 08:38:34,469 INFO  server.StorageContainerManager (StorageContainerManager.java:start(759)) - StorageContainerLocationProtocol RPC server is listening at /0.0.0.0:38694
2019-07-14 08:38:34,472 WARN  impl.MetricsConfig (MetricsConfig.java:loadFirst(134)) - Cannot locate configuration: tried hadoop-metrics2-storagecontainermanager.properties,hadoop-metrics2.properties
2019-07-14 08:38:34,473 INFO  impl.MetricsSystemImpl (MetricsSystemImpl.java:startTimer(374)) - Scheduled Metric snapshot period at 10 second(s).
2019-07-14 08:38:34,473 INFO  impl.MetricsSystemImpl (MetricsSystemImpl.java:start(191)) - StorageContainerManager metrics system started
2019-07-14 08:38:34,533 INFO  server.SCMClientProtocolServer (SCMClientProtocolServer.java:start(149)) - RPC server for Client  is listening at /0.0.0.0:38694
2019-07-14 08:38:34,534 INFO  ipc.Server (Server.java:run(1314)) - IPC Server Responder: starting
2019-07-14 08:38:34,534 INFO  ipc.Server (Server.java:run(1153)) - IPC Server listener on 38694: starting
2019-07-14 08:38:34,539 INFO  server.StorageContainerManager (StorageContainerManager.java:start(768)) - ScmBlockLocationProtocol RPC server is listening at /0.0.0.0:39266
2019-07-14 08:38:34,539 INFO  server.SCMBlockProtocolServer (SCMBlockProtocolServer.java:start(140)) - RPC server for Block Protocol is listening at /0.0.0.0:39266
2019-07-14 08:38:34,540 INFO  ipc.Server (Server.java:run(1314)) - IPC Server Responder: starting
2019-07-14 08:38:34,540 INFO  ipc.Server (Server.java:run(1153)) - IPC Server listener on 39266: starting
2019-07-14 08:38:34,544 INFO  server.StorageContainerManager (StorageContainerManager.java:start(772)) - ScmDatanodeProtocl RPC server is listening at /0.0.0.0:35074
2019-07-14 08:38:34,544 INFO  server.SCMDatanodeProtocolServer (SCMDatanodeProtocolServer.java:start(191)) - RPC server for DataNodes is listening at /0.0.0.0:35074
2019-07-14 08:38:34,544 INFO  ipc.Server (Server.java:run(1314)) - IPC Server Responder: starting
2019-07-14 08:38:34,544 INFO  ipc.Server (Server.java:run(1153)) - IPC Server listener on 35074: starting
2019-07-14 08:38:34,549 INFO  http.HttpServer2 (HttpServer2.java:bindListener(1191)) - Jetty bound to port 45138
2019-07-14 08:38:34,549 INFO  server.Server (Server.java:doStart(351)) - jetty-9.3.24.v20180605, build timestamp: 2018-06-05T17:11:56Z, git hash: 84205aa28f11a4f31f2a3b86d1bba2cc8ab69827
2019-07-14 08:38:34,551 INFO  handler.ContextHandler (ContextHandler.java:doStart(781)) - Started o.e.j.s.ServletContextHandler@2f0b7b6d{/logs,file:///workdir/hadoop-ozone/integration-test/target/log,AVAILABLE}
2019-07-14 08:38:34,552 INFO  handler.ContextHandler (ContextHandler.java:doStart(781)) - Started o.e.j.s.ServletContextHandler@56f3f9da{/static,file:///workdir/hadoop-ozone/integration-test/target/test-classes/webapps/static,AVAILABLE}
2019-07-14 08:38:34,556 INFO  handler.ContextHandler (ContextHandler.java:doStart(781)) - Started o.e.j.w.WebAppContext@43f670f3{/,file:///workdir/hadoop-ozone/integration-test/target/test-classes/webapps/scm/,AVAILABLE}{/scm}
2019-07-14 08:38:34,556 INFO  server.AbstractConnector (AbstractConnector.java:doStart(278)) - Started ServerConnector@6311640d{HTTP/1.1,[http/1.1]}{0.0.0.0:45138}
2019-07-14 08:38:34,557 INFO  server.Server (Server.java:doStart(419)) - Started @672782ms
2019-07-14 08:38:34,560 INFO  server.BaseHttpServer (BaseHttpServer.java:updateConnectorAddress(207)) - HTTP server of SCM is listening at http://0.0.0.0:45138
2019-07-14 08:38:34,561 WARN  server.ServerUtils (ServerUtils.java:getDBPath(222)) - ozone.om.db.dirs is not configured. We recommend adding this setting. Falling back to ozone.metadata.dirs instead.
2019-07-14 08:38:34,561 INFO  util.JvmPauseMonitor (JvmPauseMonitor.java:run(188)) - Starting JVM pause monitor
2019-07-14 08:38:34,566 WARN  server.ServerUtils (ServerUtils.java:getDBPath(222)) - ozone.om.db.dirs is not configured. We recommend adding this setting. Falling back to ozone.metadata.dirs instead.
2019-07-14 08:38:34,566 INFO  om.OzoneManager (OzoneManager.java:setOMNodeDetails(630)) - OM Service ID is not set. Setting it to the default ID: omServiceIdDefault
2019-07-14 08:38:34,567 INFO  om.OzoneManager (OzoneManager.java:setOMNodeDetails(636)) - OM Node ID is not set. Setting it to the OmStorage's OmID: 13eee83c-318f-4c08-913e-8ae862abfe74
2019-07-14 08:38:34,567 INFO  om.OzoneManager (OzoneManager.java:loadOMHAConfigs(587)) - Found matching OM address with OMServiceId: null, OMNodeId: null, RPC Address: localhost:0 and Ratis port: 9872
2019-07-14 08:38:34,573 WARN  server.ServerUtils (ServerUtils.java:getDBPath(222)) - ozone.om.db.dirs is not configured. We recommend adding this setting. Falling back to ozone.metadata.dirs instead.
2019-07-14 08:38:34,574 INFO  db.DBStoreBuilder (DBStoreBuilder.java:addTable(110)) - using custom profile for table: userTable
2019-07-14 08:38:34,574 INFO  db.DBStoreBuilder (DBStoreBuilder.java:processTables(161)) - Using default column profile:DBProfile.DISK for Table:userTable
2019-07-14 08:38:34,574 INFO  db.DBStoreBuilder (DBStoreBuilder.java:addTable(110)) - using custom profile for table: volumeTable
2019-07-14 08:38:34,575 INFO  db.DBStoreBuilder (DBStoreBuilder.java:processTables(161)) - Using default column profile:DBProfile.DISK for Table:volumeTable
2019-07-14 08:38:34,575 INFO  db.DBStoreBuilder (DBStoreBuilder.java:addTable(110)) - using custom profile for table: bucketTable
2019-07-14 08:38:34,575 INFO  db.DBStoreBuilder (DBStoreBuilder.java:processTables(161)) - Using default column profile:DBProfile.DISK for Table:bucketTable
2019-07-14 08:38:34,575 INFO  db.DBStoreBuilder (DBStoreBuilder.java:addTable(110)) - using custom profile for table: keyTable
2019-07-14 08:38:34,576 INFO  db.DBStoreBuilder (DBStoreBuilder.java:processTables(161)) - Using default column profile:DBProfile.DISK for Table:keyTable
2019-07-14 08:38:34,576 INFO  db.DBStoreBuilder (DBStoreBuilder.java:addTable(110)) - using custom profile for table: deletedTable
2019-07-14 08:38:34,576 INFO  db.DBStoreBuilder (DBStoreBuilder.java:processTables(161)) - Using default column profile:DBProfile.DISK for Table:deletedTable
2019-07-14 08:38:34,576 INFO  db.DBStoreBuilder (DBStoreBuilder.java:addTable(110)) - using custom profile for table: openKeyTable
2019-07-14 08:38:34,577 INFO  db.DBStoreBuilder (DBStoreBuilder.java:processTables(161)) - Using default column profile:DBProfile.DISK for Table:openKeyTable
2019-07-14 08:38:34,577 INFO  db.DBStoreBuilder (DBStoreBuilder.java:addTable(110)) - using custom profile for table: s3Table
2019-07-14 08:38:34,577 INFO  db.DBStoreBuilder (DBStoreBuilder.java:processTables(161)) - Using default column profile:DBProfile.DISK for Table:s3Table
2019-07-14 08:38:34,578 INFO  db.DBStoreBuilder (DBStoreBuilder.java:addTable(110)) - using custom profile for table: multipartInfoTable
2019-07-14 08:38:34,578 INFO  db.DBStoreBuilder (DBStoreBuilder.java:processTables(161)) - Using default column profile:DBProfile.DISK for Table:multipartInfoTable
2019-07-14 08:38:34,578 INFO  db.DBStoreBuilder (DBStoreBuilder.java:addTable(110)) - using custom profile for table: dTokenTable
2019-07-14 08:38:34,578 INFO  db.DBStoreBuilder (DBStoreBuilder.java:processTables(161)) - Using default column profile:DBProfile.DISK for Table:dTokenTable
2019-07-14 08:38:34,579 INFO  db.DBStoreBuilder (DBStoreBuilder.java:addTable(110)) - using custom profile for table: s3SecretTable
2019-07-14 08:38:34,579 INFO  db.DBStoreBuilder (DBStoreBuilder.java:processTables(161)) - Using default column profile:DBProfile.DISK for Table:s3SecretTable
2019-07-14 08:38:34,579 INFO  db.DBStoreBuilder (DBStoreBuilder.java:addTable(110)) - using custom profile for table: prefixTable
2019-07-14 08:38:34,579 INFO  db.DBStoreBuilder (DBStoreBuilder.java:processTables(161)) - Using default column profile:DBProfile.DISK for Table:prefixTable
2019-07-14 08:38:34,580 INFO  db.DBStoreBuilder (DBStoreBuilder.java:addTable(110)) - using custom profile for table: default
2019-07-14 08:38:34,580 INFO  db.DBStoreBuilder (DBStoreBuilder.java:processTables(167)) - Using default column profile:DBProfile.DISK for Table:default
2019-07-14 08:38:34,580 INFO  db.DBStoreBuilder (DBStoreBuilder.java:getDbProfile(198)) - Using default options. DBProfile.DISK
2019-07-14 08:38:34,855 INFO  ipc.CallQueueManager (CallQueueManager.java:<init>(84)) - Using callQueue: class java.util.concurrent.LinkedBlockingQueue, queueCapacity: 2000, scheduler: class org.apache.hadoop.ipc.DefaultRpcScheduler, ipcBackoff: false.
2019-07-14 08:38:34,856 INFO  ipc.Server (Server.java:run(1074)) - Starting Socket Reader #1 for port 43135
2019-07-14 08:38:34,870 WARN  server.ServerUtils (ServerUtils.java:getDBPath(222)) - ozone.om.db.dirs is not configured. We recommend adding this setting. Falling back to ozone.metadata.dirs instead.
2019-07-14 08:38:34,870 INFO  om.OzoneManager (OzoneManager.java:start(1228)) - OzoneManager RPC server is listening at localhost/127.0.0.1:43135
2019-07-14 08:38:34,870 INFO  impl.MetricsSystemImpl (MetricsSystemImpl.java:init(158)) - OzoneManager metrics system started (again)
2019-07-14 08:38:34,871 INFO  ipc.Server (Server.java:run(1314)) - IPC Server Responder: starting
2019-07-14 08:38:34,871 INFO  ipc.Server (Server.java:run(1153)) - IPC Server listener on 43135: starting
2019-07-14 08:38:34,875 INFO  hdfs.DFSUtil (DFSUtil.java:httpServerTemplateForNNAndJN(1641)) - Starting Web-server for ozoneManager at: http://0.0.0.0:0
2019-07-14 08:38:34,877 INFO  server.AuthenticationFilter (AuthenticationFilter.java:constructSecretProvider(240)) - Unable to initialize FileSignerSecretProvider, falling back to use random secrets.
2019-07-14 08:38:34,877 WARN  http.HttpRequestLog (HttpRequestLog.java:getRequestLog(97)) - Jetty request log can only be enabled using Log4j
2019-07-14 08:38:34,878 INFO  http.HttpServer2 (HttpServer2.java:addGlobalFilter(975)) - Added global filter 'safety' (class=org.apache.hadoop.http.HttpServer2$QuotingInputFilter)
2019-07-14 08:38:34,879 INFO  http.HttpServer2 (HttpServer2.java:addFilter(948)) - Added filter static_user_filter (class=org.apache.hadoop.http.lib.StaticUserWebFilter$StaticUserFilter) to context ozoneManager
2019-07-14 08:38:34,879 INFO  http.HttpServer2 (HttpServer2.java:addFilter(958)) - Added filter static_user_filter (class=org.apache.hadoop.http.lib.StaticUserWebFilter$StaticUserFilter) to context static
2019-07-14 08:38:34,879 INFO  http.HttpServer2 (HttpServer2.java:addFilter(958)) - Added filter static_user_filter (class=org.apache.hadoop.http.lib.StaticUserWebFilter$StaticUserFilter) to context logs
2019-07-14 08:38:34,880 INFO  http.HttpServer2 (HttpServer2.java:bindListener(1191)) - Jetty bound to port 44438
2019-07-14 08:38:34,880 INFO  server.Server (Server.java:doStart(351)) - jetty-9.3.24.v20180605, build timestamp: 2018-06-05T17:11:56Z, git hash: 84205aa28f11a4f31f2a3b86d1bba2cc8ab69827
2019-07-14 08:38:34,881 INFO  handler.ContextHandler (ContextHandler.java:doStart(781)) - Started o.e.j.s.ServletContextHandler@5e83badc{/logs,file:///workdir/hadoop-ozone/integration-test/target/log,AVAILABLE}
2019-07-14 08:38:34,882 INFO  handler.ContextHandler (ContextHandler.java:doStart(781)) - Started o.e.j.s.ServletContextHandler@23df16cf{/static,file:///workdir/hadoop-ozone/integration-test/target/test-classes/webapps/static,AVAILABLE}
2019-07-14 08:38:34,885 INFO  handler.ContextHandler (ContextHandler.java:doStart(781)) - Started o.e.j.w.WebAppContext@52268f73{/,file:///workdir/hadoop-ozone/integration-test/target/test-classes/webapps/ozoneManager/,AVAILABLE}{/ozoneManager}
2019-07-14 08:38:34,885 INFO  server.AbstractConnector (AbstractConnector.java:doStart(278)) - Started ServerConnector@3938e876{HTTP/1.1,[http/1.1]}{0.0.0.0:44438}
2019-07-14 08:38:34,885 INFO  server.Server (Server.java:doStart(419)) - Started @673110ms
2019-07-14 08:38:34,887 INFO  server.BaseHttpServer (BaseHttpServer.java:updateConnectorAddress(207)) - HTTP server of OZONEMANAGER is listening at http://0.0.0.0:44438
2019-07-14 08:38:34,898 INFO  impl.MetricsSystemImpl (MetricsSystemImpl.java:init(158)) - HddsDatanode metrics system started (again)
2019-07-14 08:38:34,898 INFO  ozone.HddsDatanodeService (HddsDatanodeService.java:start(185)) - HddsDatanodeService host:trunk-nightly-5z2vd-27108033 ip:192.168.5.191
2019-07-14 08:38:34,911 INFO  volume.HddsVolume (HddsVolume.java:<init>(176)) - Creating Volume: /workdir/hadoop-ozone/integration-test/target/test-dir/MiniOzoneClusterImpl-8c37849b-ee6b-479b-81cf-86fe5980264c/datanode-0/data/containers/hdds of  storage type : DISK and capacity : 52710309888
2019-07-14 08:38:34,911 INFO  volume.VolumeSet (VolumeSet.java:initializeVolumeSet(170)) - Added Volume : /workdir/hadoop-ozone/integration-test/target/test-dir/MiniOzoneClusterImpl-8c37849b-ee6b-479b-81cf-86fe5980264c/datanode-0/data/containers/hdds to VolumeSet
2019-07-14 08:38:34,911 INFO  volume.ThrottledAsyncChecker (ThrottledAsyncChecker.java:schedule(140)) - Scheduling a check for org.apache.hadoop.ozone.container.common.volume.HddsVolume@63f88d35
2019-07-14 08:38:34,911 INFO  volume.HddsVolumeChecker (HddsVolumeChecker.java:checkAllVolumes(203)) - Scheduled health check for volume org.apache.hadoop.ozone.container.common.volume.HddsVolume@63f88d35
2019-07-14 08:38:34,925 INFO  impl.RaftServerProxy (ConfUtils.java:logGet(43)) - raft.rpc.type = GRPC (default)
2019-07-14 08:38:34,925 INFO  grpc.GrpcFactory (GrpcFactory.java:checkPooledByteBufAllocatorUseCacheForAllThreads(45)) - PERFORMANCE WARNING: useCacheForAllThreads is true that may cause Netty to create a lot garbage objects and, as a result, trigger GC.
	It is recommended to disable useCacheForAllThreads by setting -Dorg.apache.ratis.thirdparty.io.netty.allocator.useCacheForAllThreads=false in command line.
2019-07-14 08:38:34,925 INFO  grpc.GrpcConfigKeys$Server (ConfUtils.java:logGet(43)) - raft.grpc.server.port = 0 (default)
2019-07-14 08:38:34,925 INFO  server.GrpcService (ConfUtils.java:logGet(43)) - raft.grpc.message.size.max = 33570816 (custom)
2019-07-14 08:38:34,925 INFO  server.RaftServerConfigKeys (ConfUtils.java:logGet(43)) - raft.server.log.appender.buffer.byte-limit = 33554432 (custom)
2019-07-14 08:38:34,926 INFO  server.GrpcService (ConfUtils.java:logGet(43)) - raft.grpc.flow.control.window = 1MB (=1048576) (default)
2019-07-14 08:38:34,926 INFO  server.RaftServerConfigKeys (ConfUtils.java:logGet(43)) - raft.server.rpc.request.timeout = 3000ms (default)
2019-07-14 08:38:34,926 INFO  server.RaftServerConfigKeys (ConfUtils.java:logGet(43)) - raft.server.storage.dir = [/workdir/hadoop-ozone/integration-test/target/test-dir/MiniOzoneClusterImpl-8c37849b-ee6b-479b-81cf-86fe5980264c/datanode-0/data/ratis] (custom)
2019-07-14 08:38:34,927 INFO  replication.SimpleContainerDownloader (SimpleContainerDownloader.java:<init>(72)) - Starting container downloader service to copy containers to replicate.
2019-07-14 08:38:34,928 INFO  hdfs.DFSUtil (DFSUtil.java:httpServerTemplateForNNAndJN(1641)) - Starting Web-server for hddsDatanode at: http://0.0.0.0:0
2019-07-14 08:38:34,929 INFO  server.AuthenticationFilter (AuthenticationFilter.java:constructSecretProvider(240)) - Unable to initialize FileSignerSecretProvider, falling back to use random secrets.
2019-07-14 08:38:34,929 WARN  http.HttpRequestLog (HttpRequestLog.java:getRequestLog(97)) - Jetty request log can only be enabled using Log4j
2019-07-14 08:38:34,930 INFO  http.HttpServer2 (HttpServer2.java:addGlobalFilter(975)) - Added global filter 'safety' (class=org.apache.hadoop.http.HttpServer2$QuotingInputFilter)
2019-07-14 08:38:34,931 INFO  http.HttpServer2 (HttpServer2.java:addFilter(948)) - Added filter static_user_filter (class=org.apache.hadoop.http.lib.StaticUserWebFilter$StaticUserFilter) to context hddsDatanode
2019-07-14 08:38:34,931 INFO  http.HttpServer2 (HttpServer2.java:addFilter(958)) - Added filter static_user_filter (class=org.apache.hadoop.http.lib.StaticUserWebFilter$StaticUserFilter) to context static
2019-07-14 08:38:34,931 INFO  http.HttpServer2 (HttpServer2.java:addFilter(958)) - Added filter static_user_filter (class=org.apache.hadoop.http.lib.StaticUserWebFilter$StaticUserFilter) to context logs
2019-07-14 08:38:34,931 INFO  http.HttpServer2 (HttpServer2.java:bindListener(1191)) - Jetty bound to port 36648
2019-07-14 08:38:34,932 INFO  server.Server (Server.java:doStart(351)) - jetty-9.3.24.v20180605, build timestamp: 2018-06-05T17:11:56Z, git hash: 84205aa28f11a4f31f2a3b86d1bba2cc8ab69827
2019-07-14 08:38:34,933 INFO  handler.ContextHandler (ContextHandler.java:doStart(781)) - Started o.e.j.s.ServletContextHandler@4f55da9b{/logs,file:///workdir/hadoop-ozone/integration-test/target/log,AVAILABLE}
2019-07-14 08:38:34,934 INFO  handler.ContextHandler (ContextHandler.java:doStart(781)) - Started o.e.j.s.ServletContextHandler@68f9a4f4{/static,jar:file:/home/user/.m2/repository/org/apache/hadoop/hadoop-hdds-container-service/0.5.0-SNAPSHOT/hadoop-hdds-container-service-0.5.0-SNAPSHOT.jar!/webapps/static,AVAILABLE}
2019-07-14 08:38:34,961 INFO  handler.ContextHandler (ContextHandler.java:doStart(781)) - Started o.e.j.w.WebAppContext@627b5e5b{/,file:///tmp/jetty-0.0.0.0-36648-hddsDatanode-_-any-4665886948888376043.dir/webapp/,AVAILABLE}{/hddsDatanode}
2019-07-14 08:38:34,961 INFO  server.AbstractConnector (AbstractConnector.java:doStart(278)) - Started ServerConnector@211ffbd0{HTTP/1.1,[http/1.1]}{0.0.0.0:36648}
2019-07-14 08:38:34,961 INFO  server.Server (Server.java:doStart(419)) - Started @673186ms
2019-07-14 08:38:34,963 INFO  server.BaseHttpServer (BaseHttpServer.java:updateConnectorAddress(207)) - HTTP server of HDDSDATANODE is listening at http://0.0.0.0:36648
2019-07-14 08:38:35,064 INFO  ozone.HddsDatanodeService (HddsDatanodeService.java:startPlugins(396)) - Started plug-in org.apache.hadoop.ozone.web.OzoneHddsDatanodeService@672c6b93
2019-07-14 08:38:35,064 INFO  impl.MetricsSystemImpl (MetricsSystemImpl.java:init(158)) - HddsDatanode metrics system started (again)
2019-07-14 08:38:35,064 INFO  ozone.HddsDatanodeService (HddsDatanodeService.java:start(185)) - HddsDatanodeService host:trunk-nightly-5z2vd-27108033 ip:192.168.5.191
2019-07-14 08:38:35,065 INFO  util.JvmPauseMonitor (JvmPauseMonitor.java:run(188)) - Starting JVM pause monitor
2019-07-14 08:38:35,067 INFO  datanode.InitDatanodeState (InitDatanodeState.java:persistContainerDatanodeDetails(140)) - DatanodeDetails is persisted to /workdir/hadoop-ozone/integration-test/target/test-dir/MiniOzoneClusterImpl-8c37849b-ee6b-479b-81cf-86fe5980264c/datanode-0/meta/datanode.id
2019-07-14 08:38:35,077 INFO  volume.HddsVolume (HddsVolume.java:<init>(176)) - Creating Volume: /workdir/hadoop-ozone/integration-test/target/test-dir/MiniOzoneClusterImpl-8c37849b-ee6b-479b-81cf-86fe5980264c/datanode-1/data/containers/hdds of  storage type : DISK and capacity : 52710309888
2019-07-14 08:38:35,078 INFO  volume.VolumeSet (VolumeSet.java:initializeVolumeSet(170)) - Added Volume : /workdir/hadoop-ozone/integration-test/target/test-dir/MiniOzoneClusterImpl-8c37849b-ee6b-479b-81cf-86fe5980264c/datanode-1/data/containers/hdds to VolumeSet
2019-07-14 08:38:35,078 INFO  volume.ThrottledAsyncChecker (ThrottledAsyncChecker.java:schedule(140)) - Scheduling a check for org.apache.hadoop.ozone.container.common.volume.HddsVolume@25d73ca6
2019-07-14 08:38:35,079 INFO  volume.HddsVolumeChecker (HddsVolumeChecker.java:checkAllVolumes(203)) - Scheduled health check for volume org.apache.hadoop.ozone.container.common.volume.HddsVolume@25d73ca6
2019-07-14 08:38:35,093 INFO  impl.RaftServerProxy (ConfUtils.java:logGet(43)) - raft.rpc.type = GRPC (default)
2019-07-14 08:38:35,093 INFO  grpc.GrpcFactory (GrpcFactory.java:checkPooledByteBufAllocatorUseCacheForAllThreads(45)) - PERFORMANCE WARNING: useCacheForAllThreads is true that may cause Netty to create a lot garbage objects and, as a result, trigger GC.
	It is recommended to disable useCacheForAllThreads by setting -Dorg.apache.ratis.thirdparty.io.netty.allocator.useCacheForAllThreads=false in command line.
2019-07-14 08:38:35,094 INFO  grpc.GrpcConfigKeys$Server (ConfUtils.java:logGet(43)) - raft.grpc.server.port = 0 (default)
2019-07-14 08:38:35,094 INFO  server.GrpcService (ConfUtils.java:logGet(43)) - raft.grpc.message.size.max = 33570816 (custom)
2019-07-14 08:38:35,094 INFO  server.RaftServerConfigKeys (ConfUtils.java:logGet(43)) - raft.server.log.appender.buffer.byte-limit = 33554432 (custom)
2019-07-14 08:38:35,094 INFO  server.GrpcService (ConfUtils.java:logGet(43)) - raft.grpc.flow.control.window = 1MB (=1048576) (default)
2019-07-14 08:38:35,094 INFO  server.RaftServerConfigKeys (ConfUtils.java:logGet(43)) - raft.server.rpc.request.timeout = 3000ms (default)
2019-07-14 08:38:35,095 INFO  server.RaftServerConfigKeys (ConfUtils.java:logGet(43)) - raft.server.storage.dir = [/workdir/hadoop-ozone/integration-test/target/test-dir/MiniOzoneClusterImpl-8c37849b-ee6b-479b-81cf-86fe5980264c/datanode-1/data/ratis] (custom)
2019-07-14 08:38:35,095 INFO  replication.SimpleContainerDownloader (SimpleContainerDownloader.java:<init>(72)) - Starting container downloader service to copy containers to replicate.
2019-07-14 08:38:35,096 INFO  hdfs.DFSUtil (DFSUtil.java:httpServerTemplateForNNAndJN(1641)) - Starting Web-server for hddsDatanode at: http://0.0.0.0:0
2019-07-14 08:38:35,098 INFO  server.AuthenticationFilter (AuthenticationFilter.java:constructSecretProvider(240)) - Unable to initialize FileSignerSecretProvider, falling back to use random secrets.
2019-07-14 08:38:35,098 WARN  http.HttpRequestLog (HttpRequestLog.java:getRequestLog(97)) - Jetty request log can only be enabled using Log4j
2019-07-14 08:38:35,099 INFO  http.HttpServer2 (HttpServer2.java:addGlobalFilter(975)) - Added global filter 'safety' (class=org.apache.hadoop.http.HttpServer2$QuotingInputFilter)
2019-07-14 08:38:35,100 INFO  http.HttpServer2 (HttpServer2.java:addFilter(948)) - Added filter static_user_filter (class=org.apache.hadoop.http.lib.StaticUserWebFilter$StaticUserFilter) to context hddsDatanode
2019-07-14 08:38:35,100 INFO  http.HttpServer2 (HttpServer2.java:addFilter(958)) - Added filter static_user_filter (class=org.apache.hadoop.http.lib.StaticUserWebFilter$StaticUserFilter) to context static
2019-07-14 08:38:35,100 INFO  http.HttpServer2 (HttpServer2.java:addFilter(958)) - Added filter static_user_filter (class=org.apache.hadoop.http.lib.StaticUserWebFilter$StaticUserFilter) to context logs
2019-07-14 08:38:35,101 INFO  http.HttpServer2 (HttpServer2.java:bindListener(1191)) - Jetty bound to port 40918
2019-07-14 08:38:35,101 INFO  server.Server (Server.java:doStart(351)) - jetty-9.3.24.v20180605, build timestamp: 2018-06-05T17:11:56Z, git hash: 84205aa28f11a4f31f2a3b86d1bba2cc8ab69827
2019-07-14 08:38:35,103 INFO  handler.ContextHandler (ContextHandler.java:doStart(781)) - Started o.e.j.s.ServletContextHandler@2fef413c{/logs,file:///workdir/hadoop-ozone/integration-test/target/log,AVAILABLE}
2019-07-14 08:38:35,104 INFO  handler.ContextHandler (ContextHandler.java:doStart(781)) - Started o.e.j.s.ServletContextHandler@7b9661d4{/static,jar:file:/home/user/.m2/repository/org/apache/hadoop/hadoop-hdds-container-service/0.5.0-SNAPSHOT/hadoop-hdds-container-service-0.5.0-SNAPSHOT.jar!/webapps/static,AVAILABLE}
2019-07-14 08:38:35,133 INFO  handler.ContextHandler (ContextHandler.java:doStart(781)) - Started o.e.j.w.WebAppContext@1a177f2c{/,file:///tmp/jetty-0.0.0.0-40918-hddsDatanode-_-any-7338014390164677222.dir/webapp/,AVAILABLE}{/hddsDatanode}
2019-07-14 08:38:35,133 INFO  server.AbstractConnector (AbstractConnector.java:doStart(278)) - Started ServerConnector@c82f6bd{HTTP/1.1,[http/1.1]}{0.0.0.0:40918}
2019-07-14 08:38:35,134 INFO  server.Server (Server.java:doStart(419)) - Started @673358ms
2019-07-14 08:38:35,135 INFO  server.BaseHttpServer (BaseHttpServer.java:updateConnectorAddress(207)) - HTTP server of HDDSDATANODE is listening at http://0.0.0.0:40918
2019-07-14 08:38:35,240 INFO  ozone.HddsDatanodeService (HddsDatanodeService.java:startPlugins(396)) - Started plug-in org.apache.hadoop.ozone.web.OzoneHddsDatanodeService@2523730b
2019-07-14 08:38:35,240 INFO  impl.MetricsSystemImpl (MetricsSystemImpl.java:init(158)) - HddsDatanode metrics system started (again)
2019-07-14 08:38:35,241 INFO  ozone.HddsDatanodeService (HddsDatanodeService.java:start(185)) - HddsDatanodeService host:trunk-nightly-5z2vd-27108033 ip:192.168.5.191
2019-07-14 08:38:35,242 INFO  util.JvmPauseMonitor (JvmPauseMonitor.java:run(188)) - Starting JVM pause monitor
2019-07-14 08:38:35,244 INFO  datanode.InitDatanodeState (InitDatanodeState.java:persistContainerDatanodeDetails(140)) - DatanodeDetails is persisted to /workdir/hadoop-ozone/integration-test/target/test-dir/MiniOzoneClusterImpl-8c37849b-ee6b-479b-81cf-86fe5980264c/datanode-1/meta/datanode.id
2019-07-14 08:38:35,254 INFO  volume.HddsVolume (HddsVolume.java:<init>(176)) - Creating Volume: /workdir/hadoop-ozone/integration-test/target/test-dir/MiniOzoneClusterImpl-8c37849b-ee6b-479b-81cf-86fe5980264c/datanode-2/data/containers/hdds of  storage type : DISK and capacity : 52710309888
2019-07-14 08:38:35,254 INFO  volume.VolumeSet (VolumeSet.java:initializeVolumeSet(170)) - Added Volume : /workdir/hadoop-ozone/integration-test/target/test-dir/MiniOzoneClusterImpl-8c37849b-ee6b-479b-81cf-86fe5980264c/datanode-2/data/containers/hdds to VolumeSet
2019-07-14 08:38:35,254 INFO  volume.ThrottledAsyncChecker (ThrottledAsyncChecker.java:schedule(140)) - Scheduling a check for org.apache.hadoop.ozone.container.common.volume.HddsVolume@2eab279
2019-07-14 08:38:35,255 INFO  volume.HddsVolumeChecker (HddsVolumeChecker.java:checkAllVolumes(203)) - Scheduled health check for volume org.apache.hadoop.ozone.container.common.volume.HddsVolume@2eab279
2019-07-14 08:38:35,268 INFO  impl.RaftServerProxy (ConfUtils.java:logGet(43)) - raft.rpc.type = GRPC (default)
2019-07-14 08:38:35,268 INFO  grpc.GrpcFactory (GrpcFactory.java:checkPooledByteBufAllocatorUseCacheForAllThreads(45)) - PERFORMANCE WARNING: useCacheForAllThreads is true that may cause Netty to create a lot garbage objects and, as a result, trigger GC.
	It is recommended to disable useCacheForAllThreads by setting -Dorg.apache.ratis.thirdparty.io.netty.allocator.useCacheForAllThreads=false in command line.
2019-07-14 08:38:35,268 INFO  grpc.GrpcConfigKeys$Server (ConfUtils.java:logGet(43)) - raft.grpc.server.port = 0 (default)
2019-07-14 08:38:35,268 INFO  server.GrpcService (ConfUtils.java:logGet(43)) - raft.grpc.message.size.max = 33570816 (custom)
2019-07-14 08:38:35,269 INFO  server.RaftServerConfigKeys (ConfUtils.java:logGet(43)) - raft.server.log.appender.buffer.byte-limit = 33554432 (custom)
2019-07-14 08:38:35,269 INFO  server.GrpcService (ConfUtils.java:logGet(43)) - raft.grpc.flow.control.window = 1MB (=1048576) (default)
2019-07-14 08:38:35,269 INFO  server.RaftServerConfigKeys (ConfUtils.java:logGet(43)) - raft.server.rpc.request.timeout = 3000ms (default)
2019-07-14 08:38:35,269 INFO  server.RaftServerConfigKeys (ConfUtils.java:logGet(43)) - raft.server.storage.dir = [/workdir/hadoop-ozone/integration-test/target/test-dir/MiniOzoneClusterImpl-8c37849b-ee6b-479b-81cf-86fe5980264c/datanode-2/data/ratis] (custom)
2019-07-14 08:38:35,270 INFO  replication.SimpleContainerDownloader (SimpleContainerDownloader.java:<init>(72)) - Starting container downloader service to copy containers to replicate.
2019-07-14 08:38:35,271 INFO  hdfs.DFSUtil (DFSUtil.java:httpServerTemplateForNNAndJN(1641)) - Starting Web-server for hddsDatanode at: http://0.0.0.0:0
2019-07-14 08:38:35,272 INFO  server.AuthenticationFilter (AuthenticationFilter.java:constructSecretProvider(240)) - Unable to initialize FileSignerSecretProvider, falling back to use random secrets.
2019-07-14 08:38:35,272 WARN  http.HttpRequestLog (HttpRequestLog.java:getRequestLog(97)) - Jetty request log can only be enabled using Log4j
2019-07-14 08:38:35,273 INFO  http.HttpServer2 (HttpServer2.java:addGlobalFilter(975)) - Added global filter 'safety' (class=org.apache.hadoop.http.HttpServer2$QuotingInputFilter)
2019-07-14 08:38:35,274 INFO  http.HttpServer2 (HttpServer2.java:addFilter(948)) - Added filter static_user_filter (class=org.apache.hadoop.http.lib.StaticUserWebFilter$StaticUserFilter) to context hddsDatanode
2019-07-14 08:38:35,274 INFO  http.HttpServer2 (HttpServer2.java:addFilter(958)) - Added filter static_user_filter (class=org.apache.hadoop.http.lib.StaticUserWebFilter$StaticUserFilter) to context logs
2019-07-14 08:38:35,274 INFO  http.HttpServer2 (HttpServer2.java:addFilter(958)) - Added filter static_user_filter (class=org.apache.hadoop.http.lib.StaticUserWebFilter$StaticUserFilter) to context static
2019-07-14 08:38:35,274 INFO  http.HttpServer2 (HttpServer2.java:bindListener(1191)) - Jetty bound to port 42066
2019-07-14 08:38:35,274 INFO  server.Server (Server.java:doStart(351)) - jetty-9.3.24.v20180605, build timestamp: 2018-06-05T17:11:56Z, git hash: 84205aa28f11a4f31f2a3b86d1bba2cc8ab69827
2019-07-14 08:38:35,276 INFO  handler.ContextHandler (ContextHandler.java:doStart(781)) - Started o.e.j.s.ServletContextHandler@23d030b1{/logs,file:///workdir/hadoop-ozone/integration-test/target/log,AVAILABLE}
2019-07-14 08:38:35,276 INFO  handler.ContextHandler (ContextHandler.java:doStart(781)) - Started o.e.j.s.ServletContextHandler@31bbcced{/static,jar:file:/home/user/.m2/repository/org/apache/hadoop/hadoop-hdds-container-service/0.5.0-SNAPSHOT/hadoop-hdds-container-service-0.5.0-SNAPSHOT.jar!/webapps/static,AVAILABLE}
2019-07-14 08:38:35,303 INFO  handler.ContextHandler (ContextHandler.java:doStart(781)) - Started o.e.j.w.WebAppContext@5d260659{/,file:///tmp/jetty-0.0.0.0-42066-hddsDatanode-_-any-1574749147067331350.dir/webapp/,AVAILABLE}{/hddsDatanode}
2019-07-14 08:38:35,303 INFO  server.AbstractConnector (AbstractConnector.java:doStart(278)) - Started ServerConnector@136dc728{HTTP/1.1,[http/1.1]}{0.0.0.0:42066}
2019-07-14 08:38:35,303 INFO  server.Server (Server.java:doStart(419)) - Started @673528ms
2019-07-14 08:38:35,305 INFO  server.BaseHttpServer (BaseHttpServer.java:updateConnectorAddress(207)) - HTTP server of HDDSDATANODE is listening at http://0.0.0.0:42066
2019-07-14 08:38:35,407 INFO  ozone.HddsDatanodeService (HddsDatanodeService.java:startPlugins(396)) - Started plug-in org.apache.hadoop.ozone.web.OzoneHddsDatanodeService@78b906d
2019-07-14 08:38:35,407 INFO  impl.MetricsSystemImpl (MetricsSystemImpl.java:init(158)) - HddsDatanode metrics system started (again)
2019-07-14 08:38:35,408 INFO  ozone.HddsDatanodeService (HddsDatanodeService.java:start(185)) - HddsDatanodeService host:trunk-nightly-5z2vd-27108033 ip:192.168.5.191
2019-07-14 08:38:35,409 INFO  util.JvmPauseMonitor (JvmPauseMonitor.java:run(188)) - Starting JVM pause monitor
2019-07-14 08:38:35,410 INFO  datanode.InitDatanodeState (InitDatanodeState.java:persistContainerDatanodeDetails(140)) - DatanodeDetails is persisted to /workdir/hadoop-ozone/integration-test/target/test-dir/MiniOzoneClusterImpl-8c37849b-ee6b-479b-81cf-86fe5980264c/datanode-2/meta/datanode.id
2019-07-14 08:38:35,421 INFO  volume.HddsVolume (HddsVolume.java:<init>(176)) - Creating Volume: /workdir/hadoop-ozone/integration-test/target/test-dir/MiniOzoneClusterImpl-8c37849b-ee6b-479b-81cf-86fe5980264c/datanode-3/data/containers/hdds of  storage type : DISK and capacity : 52710309888
2019-07-14 08:38:35,422 INFO  volume.VolumeSet (VolumeSet.java:initializeVolumeSet(170)) - Added Volume : /workdir/hadoop-ozone/integration-test/target/test-dir/MiniOzoneClusterImpl-8c37849b-ee6b-479b-81cf-86fe5980264c/datanode-3/data/containers/hdds to VolumeSet
2019-07-14 08:38:35,422 INFO  volume.ThrottledAsyncChecker (ThrottledAsyncChecker.java:schedule(140)) - Scheduling a check for org.apache.hadoop.ozone.container.common.volume.HddsVolume@6c40ae2d
2019-07-14 08:38:35,422 INFO  volume.HddsVolumeChecker (HddsVolumeChecker.java:checkAllVolumes(203)) - Scheduled health check for volume org.apache.hadoop.ozone.container.common.volume.HddsVolume@6c40ae2d
2019-07-14 08:38:35,438 INFO  impl.RaftServerProxy (ConfUtils.java:logGet(43)) - raft.rpc.type = GRPC (default)
2019-07-14 08:38:35,438 INFO  grpc.GrpcFactory (GrpcFactory.java:checkPooledByteBufAllocatorUseCacheForAllThreads(45)) - PERFORMANCE WARNING: useCacheForAllThreads is true that may cause Netty to create a lot garbage objects and, as a result, trigger GC.
	It is recommended to disable useCacheForAllThreads by setting -Dorg.apache.ratis.thirdparty.io.netty.allocator.useCacheForAllThreads=false in command line.
2019-07-14 08:38:35,438 INFO  grpc.GrpcConfigKeys$Server (ConfUtils.java:logGet(43)) - raft.grpc.server.port = 0 (default)
2019-07-14 08:38:35,438 INFO  server.GrpcService (ConfUtils.java:logGet(43)) - raft.grpc.message.size.max = 33570816 (custom)
2019-07-14 08:38:35,438 INFO  server.RaftServerConfigKeys (ConfUtils.java:logGet(43)) - raft.server.log.appender.buffer.byte-limit = 33554432 (custom)
2019-07-14 08:38:35,439 INFO  server.GrpcService (ConfUtils.java:logGet(43)) - raft.grpc.flow.control.window = 1MB (=1048576) (default)
2019-07-14 08:38:35,439 INFO  server.RaftServerConfigKeys (ConfUtils.java:logGet(43)) - raft.server.rpc.request.timeout = 3000ms (default)
2019-07-14 08:38:35,439 INFO  server.RaftServerConfigKeys (ConfUtils.java:logGet(43)) - raft.server.storage.dir = [/workdir/hadoop-ozone/integration-test/target/test-dir/MiniOzoneClusterImpl-8c37849b-ee6b-479b-81cf-86fe5980264c/datanode-3/data/ratis] (custom)
2019-07-14 08:38:35,440 INFO  replication.SimpleContainerDownloader (SimpleContainerDownloader.java:<init>(72)) - Starting container downloader service to copy containers to replicate.
2019-07-14 08:38:35,441 INFO  hdfs.DFSUtil (DFSUtil.java:httpServerTemplateForNNAndJN(1641)) - Starting Web-server for hddsDatanode at: http://0.0.0.0:0
2019-07-14 08:38:35,442 INFO  server.AuthenticationFilter (AuthenticationFilter.java:constructSecretProvider(240)) - Unable to initialize FileSignerSecretProvider, falling back to use random secrets.
2019-07-14 08:38:35,442 WARN  http.HttpRequestLog (HttpRequestLog.java:getRequestLog(97)) - Jetty request log can only be enabled using Log4j
2019-07-14 08:38:35,443 INFO  http.HttpServer2 (HttpServer2.java:addGlobalFilter(975)) - Added global filter 'safety' (class=org.apache.hadoop.http.HttpServer2$QuotingInputFilter)
2019-07-14 08:38:35,444 INFO  http.HttpServer2 (HttpServer2.java:addFilter(948)) - Added filter static_user_filter (class=org.apache.hadoop.http.lib.StaticUserWebFilter$StaticUserFilter) to context hddsDatanode
2019-07-14 08:38:35,444 INFO  http.HttpServer2 (HttpServer2.java:addFilter(958)) - Added filter static_user_filter (class=org.apache.hadoop.http.lib.StaticUserWebFilter$StaticUserFilter) to context logs
2019-07-14 08:38:35,444 INFO  http.HttpServer2 (HttpServer2.java:addFilter(958)) - Added filter static_user_filter (class=org.apache.hadoop.http.lib.StaticUserWebFilter$StaticUserFilter) to context static
2019-07-14 08:38:35,445 INFO  http.HttpServer2 (HttpServer2.java:bindListener(1191)) - Jetty bound to port 40421
2019-07-14 08:38:35,445 INFO  server.Server (Server.java:doStart(351)) - jetty-9.3.24.v20180605, build timestamp: 2018-06-05T17:11:56Z, git hash: 84205aa28f11a4f31f2a3b86d1bba2cc8ab69827
2019-07-14 08:38:35,447 INFO  handler.ContextHandler (ContextHandler.java:doStart(781)) - Started o.e.j.s.ServletContextHandler@34e0d52e{/logs,file:///workdir/hadoop-ozone/integration-test/target/log,AVAILABLE}
2019-07-14 08:38:35,447 INFO  handler.ContextHandler (ContextHandler.java:doStart(781)) - Started o.e.j.s.ServletContextHandler@216fe151{/static,jar:file:/home/user/.m2/repository/org/apache/hadoop/hadoop-hdds-container-service/0.5.0-SNAPSHOT/hadoop-hdds-container-service-0.5.0-SNAPSHOT.jar!/webapps/static,AVAILABLE}
2019-07-14 08:38:35,476 INFO  handler.ContextHandler (ContextHandler.java:doStart(781)) - Started o.e.j.w.WebAppContext@77d5c4c6{/,file:///tmp/jetty-0.0.0.0-40421-hddsDatanode-_-any-8276416226384327506.dir/webapp/,AVAILABLE}{/hddsDatanode}
2019-07-14 08:38:35,476 INFO  server.AbstractConnector (AbstractConnector.java:doStart(278)) - Started ServerConnector@171a6fd1{HTTP/1.1,[http/1.1]}{0.0.0.0:40421}
2019-07-14 08:38:35,476 INFO  server.Server (Server.java:doStart(419)) - Started @673701ms
2019-07-14 08:38:35,479 INFO  server.BaseHttpServer (BaseHttpServer.java:updateConnectorAddress(207)) - HTTP server of HDDSDATANODE is listening at http://0.0.0.0:40421
2019-07-14 08:38:35,606 INFO  ozone.HddsDatanodeService (HddsDatanodeService.java:startPlugins(396)) - Started plug-in org.apache.hadoop.ozone.web.OzoneHddsDatanodeService@749330a8
2019-07-14 08:38:35,607 INFO  impl.MetricsSystemImpl (MetricsSystemImpl.java:init(158)) - HddsDatanode metrics system started (again)
2019-07-14 08:38:35,607 INFO  ozone.HddsDatanodeService (HddsDatanodeService.java:start(185)) - HddsDatanodeService host:trunk-nightly-5z2vd-27108033 ip:192.168.5.191
2019-07-14 08:38:35,608 INFO  util.JvmPauseMonitor (JvmPauseMonitor.java:run(188)) - Starting JVM pause monitor
2019-07-14 08:38:35,609 INFO  datanode.InitDatanodeState (InitDatanodeState.java:persistContainerDatanodeDetails(140)) - DatanodeDetails is persisted to /workdir/hadoop-ozone/integration-test/target/test-dir/MiniOzoneClusterImpl-8c37849b-ee6b-479b-81cf-86fe5980264c/datanode-3/meta/datanode.id
2019-07-14 08:38:35,621 INFO  volume.HddsVolume (HddsVolume.java:<init>(176)) - Creating Volume: /workdir/hadoop-ozone/integration-test/target/test-dir/MiniOzoneClusterImpl-8c37849b-ee6b-479b-81cf-86fe5980264c/datanode-4/data/containers/hdds of  storage type : DISK and capacity : 52710309888
2019-07-14 08:38:35,621 INFO  volume.VolumeSet (VolumeSet.java:initializeVolumeSet(170)) - Added Volume : /workdir/hadoop-ozone/integration-test/target/test-dir/MiniOzoneClusterImpl-8c37849b-ee6b-479b-81cf-86fe5980264c/datanode-4/data/containers/hdds to VolumeSet
2019-07-14 08:38:35,621 INFO  volume.ThrottledAsyncChecker (ThrottledAsyncChecker.java:schedule(140)) - Scheduling a check for org.apache.hadoop.ozone.container.common.volume.HddsVolume@56c72fff
2019-07-14 08:38:35,622 INFO  volume.HddsVolumeChecker (HddsVolumeChecker.java:checkAllVolumes(203)) - Scheduled health check for volume org.apache.hadoop.ozone.container.common.volume.HddsVolume@56c72fff
2019-07-14 08:38:35,635 INFO  impl.RaftServerProxy (ConfUtils.java:logGet(43)) - raft.rpc.type = GRPC (default)
2019-07-14 08:38:35,636 INFO  grpc.GrpcFactory (GrpcFactory.java:checkPooledByteBufAllocatorUseCacheForAllThreads(45)) - PERFORMANCE WARNING: useCacheForAllThreads is true that may cause Netty to create a lot garbage objects and, as a result, trigger GC.
	It is recommended to disable useCacheForAllThreads by setting -Dorg.apache.ratis.thirdparty.io.netty.allocator.useCacheForAllThreads=false in command line.
2019-07-14 08:38:35,636 INFO  grpc.GrpcConfigKeys$Server (ConfUtils.java:logGet(43)) - raft.grpc.server.port = 0 (default)
2019-07-14 08:38:35,636 INFO  server.GrpcService (ConfUtils.java:logGet(43)) - raft.grpc.message.size.max = 33570816 (custom)
2019-07-14 08:38:35,636 INFO  server.RaftServerConfigKeys (ConfUtils.java:logGet(43)) - raft.server.log.appender.buffer.byte-limit = 33554432 (custom)
2019-07-14 08:38:35,636 INFO  server.GrpcService (ConfUtils.java:logGet(43)) - raft.grpc.flow.control.window = 1MB (=1048576) (default)
2019-07-14 08:38:35,636 INFO  server.RaftServerConfigKeys (ConfUtils.java:logGet(43)) - raft.server.rpc.request.timeout = 3000ms (default)
2019-07-14 08:38:35,637 INFO  server.RaftServerConfigKeys (ConfUtils.java:logGet(43)) - raft.server.storage.dir = [/workdir/hadoop-ozone/integration-test/target/test-dir/MiniOzoneClusterImpl-8c37849b-ee6b-479b-81cf-86fe5980264c/datanode-4/data/ratis] (custom)
2019-07-14 08:38:35,637 INFO  replication.SimpleContainerDownloader (SimpleContainerDownloader.java:<init>(72)) - Starting container downloader service to copy containers to replicate.
2019-07-14 08:38:35,638 INFO  hdfs.DFSUtil (DFSUtil.java:httpServerTemplateForNNAndJN(1641)) - Starting Web-server for hddsDatanode at: http://0.0.0.0:0
2019-07-14 08:38:35,641 INFO  server.AuthenticationFilter (AuthenticationFilter.java:constructSecretProvider(240)) - Unable to initialize FileSignerSecretProvider, falling back to use random secrets.
2019-07-14 08:38:35,641 WARN  http.HttpRequestLog (HttpRequestLog.java:getRequestLog(97)) - Jetty request log can only be enabled using Log4j
2019-07-14 08:38:35,643 INFO  http.HttpServer2 (HttpServer2.java:addGlobalFilter(975)) - Added global filter 'safety' (class=org.apache.hadoop.http.HttpServer2$QuotingInputFilter)
2019-07-14 08:38:35,643 INFO  http.HttpServer2 (HttpServer2.java:addFilter(948)) - Added filter static_user_filter (class=org.apache.hadoop.http.lib.StaticUserWebFilter$StaticUserFilter) to context hddsDatanode
2019-07-14 08:38:35,644 INFO  http.HttpServer2 (HttpServer2.java:addFilter(958)) - Added filter static_user_filter (class=org.apache.hadoop.http.lib.StaticUserWebFilter$StaticUserFilter) to context logs
2019-07-14 08:38:35,644 INFO  http.HttpServer2 (HttpServer2.java:addFilter(958)) - Added filter static_user_filter (class=org.apache.hadoop.http.lib.StaticUserWebFilter$StaticUserFilter) to context static
2019-07-14 08:38:35,645 INFO  http.HttpServer2 (HttpServer2.java:bindListener(1191)) - Jetty bound to port 41865
2019-07-14 08:38:35,645 INFO  server.Server (Server.java:doStart(351)) - jetty-9.3.24.v20180605, build timestamp: 2018-06-05T17:11:56Z, git hash: 84205aa28f11a4f31f2a3b86d1bba2cc8ab69827
2019-07-14 08:38:35,646 INFO  handler.ContextHandler (ContextHandler.java:doStart(781)) - Started o.e.j.s.ServletContextHandler@61377842{/logs,file:///workdir/hadoop-ozone/integration-test/target/log,AVAILABLE}
2019-07-14 08:38:35,647 INFO  handler.ContextHandler (ContextHandler.java:doStart(781)) - Started o.e.j.s.ServletContextHandler@26f29ee5{/static,jar:file:/home/user/.m2/repository/org/apache/hadoop/hadoop-hdds-container-service/0.5.0-SNAPSHOT/hadoop-hdds-container-service-0.5.0-SNAPSHOT.jar!/webapps/static,AVAILABLE}
2019-07-14 08:38:35,684 INFO  handler.ContextHandler (ContextHandler.java:doStart(781)) - Started o.e.j.w.WebAppContext@76ad048a{/,file:///tmp/jetty-0.0.0.0-41865-hddsDatanode-_-any-720813247970108958.dir/webapp/,AVAILABLE}{/hddsDatanode}
2019-07-14 08:38:35,684 INFO  server.AbstractConnector (AbstractConnector.java:doStart(278)) - Started ServerConnector@586be63c{HTTP/1.1,[http/1.1]}{0.0.0.0:41865}
2019-07-14 08:38:35,684 INFO  server.Server (Server.java:doStart(419)) - Started @673909ms
2019-07-14 08:38:35,686 INFO  server.BaseHttpServer (BaseHttpServer.java:updateConnectorAddress(207)) - HTTP server of HDDSDATANODE is listening at http://0.0.0.0:41865
2019-07-14 08:38:35,794 INFO  ozone.HddsDatanodeService (HddsDatanodeService.java:startPlugins(396)) - Started plug-in org.apache.hadoop.ozone.web.OzoneHddsDatanodeService@7c87c960
2019-07-14 08:38:35,794 INFO  impl.MetricsSystemImpl (MetricsSystemImpl.java:init(158)) - HddsDatanode metrics system started (again)
2019-07-14 08:38:35,795 INFO  ozone.HddsDatanodeService (HddsDatanodeService.java:start(185)) - HddsDatanodeService host:trunk-nightly-5z2vd-27108033 ip:192.168.5.191
2019-07-14 08:38:35,796 INFO  util.JvmPauseMonitor (JvmPauseMonitor.java:run(188)) - Starting JVM pause monitor
2019-07-14 08:38:35,797 INFO  datanode.InitDatanodeState (InitDatanodeState.java:persistContainerDatanodeDetails(140)) - DatanodeDetails is persisted to /workdir/hadoop-ozone/integration-test/target/test-dir/MiniOzoneClusterImpl-8c37849b-ee6b-479b-81cf-86fe5980264c/datanode-4/meta/datanode.id
2019-07-14 08:38:35,809 INFO  volume.HddsVolume (HddsVolume.java:<init>(176)) - Creating Volume: /workdir/hadoop-ozone/integration-test/target/test-dir/MiniOzoneClusterImpl-8c37849b-ee6b-479b-81cf-86fe5980264c/datanode-5/data/containers/hdds of  storage type : DISK and capacity : 52710309888
2019-07-14 08:38:35,809 INFO  volume.VolumeSet (VolumeSet.java:initializeVolumeSet(170)) - Added Volume : /workdir/hadoop-ozone/integration-test/target/test-dir/MiniOzoneClusterImpl-8c37849b-ee6b-479b-81cf-86fe5980264c/datanode-5/data/containers/hdds to VolumeSet
2019-07-14 08:38:35,809 INFO  volume.ThrottledAsyncChecker (ThrottledAsyncChecker.java:schedule(140)) - Scheduling a check for org.apache.hadoop.ozone.container.common.volume.HddsVolume@7408b3db
2019-07-14 08:38:35,810 INFO  volume.HddsVolumeChecker (HddsVolumeChecker.java:checkAllVolumes(203)) - Scheduled health check for volume org.apache.hadoop.ozone.container.common.volume.HddsVolume@7408b3db
2019-07-14 08:38:35,825 INFO  impl.RaftServerProxy (ConfUtils.java:logGet(43)) - raft.rpc.type = GRPC (default)
2019-07-14 08:38:35,825 INFO  grpc.GrpcFactory (GrpcFactory.java:checkPooledByteBufAllocatorUseCacheForAllThreads(45)) - PERFORMANCE WARNING: useCacheForAllThreads is true that may cause Netty to create a lot garbage objects and, as a result, trigger GC.
	It is recommended to disable useCacheForAllThreads by setting -Dorg.apache.ratis.thirdparty.io.netty.allocator.useCacheForAllThreads=false in command line.
2019-07-14 08:38:35,825 INFO  grpc.GrpcConfigKeys$Server (ConfUtils.java:logGet(43)) - raft.grpc.server.port = 0 (default)
2019-07-14 08:38:35,826 INFO  server.GrpcService (ConfUtils.java:logGet(43)) - raft.grpc.message.size.max = 33570816 (custom)
2019-07-14 08:38:35,826 INFO  server.RaftServerConfigKeys (ConfUtils.java:logGet(43)) - raft.server.log.appender.buffer.byte-limit = 33554432 (custom)
2019-07-14 08:38:35,826 INFO  server.GrpcService (ConfUtils.java:logGet(43)) - raft.grpc.flow.control.window = 1MB (=1048576) (default)
2019-07-14 08:38:35,826 INFO  server.RaftServerConfigKeys (ConfUtils.java:logGet(43)) - raft.server.rpc.request.timeout = 3000ms (default)
2019-07-14 08:38:35,827 INFO  server.RaftServerConfigKeys (ConfUtils.java:logGet(43)) - raft.server.storage.dir = [/workdir/hadoop-ozone/integration-test/target/test-dir/MiniOzoneClusterImpl-8c37849b-ee6b-479b-81cf-86fe5980264c/datanode-5/data/ratis] (custom)
2019-07-14 08:38:35,827 INFO  replication.SimpleContainerDownloader (SimpleContainerDownloader.java:<init>(72)) - Starting container downloader service to copy containers to replicate.
2019-07-14 08:38:35,828 INFO  hdfs.DFSUtil (DFSUtil.java:httpServerTemplateForNNAndJN(1641)) - Starting Web-server for hddsDatanode at: http://0.0.0.0:0
2019-07-14 08:38:35,829 INFO  server.AuthenticationFilter (AuthenticationFilter.java:constructSecretProvider(240)) - Unable to initialize FileSignerSecretProvider, falling back to use random secrets.
2019-07-14 08:38:35,830 WARN  http.HttpRequestLog (HttpRequestLog.java:getRequestLog(97)) - Jetty request log can only be enabled using Log4j
2019-07-14 08:38:35,831 INFO  http.HttpServer2 (HttpServer2.java:addGlobalFilter(975)) - Added global filter 'safety' (class=org.apache.hadoop.http.HttpServer2$QuotingInputFilter)
2019-07-14 08:38:35,831 INFO  http.HttpServer2 (HttpServer2.java:addFilter(948)) - Added filter static_user_filter (class=org.apache.hadoop.http.lib.StaticUserWebFilter$StaticUserFilter) to context hddsDatanode
2019-07-14 08:38:35,831 INFO  http.HttpServer2 (HttpServer2.java:addFilter(958)) - Added filter static_user_filter (class=org.apache.hadoop.http.lib.StaticUserWebFilter$StaticUserFilter) to context static
2019-07-14 08:38:35,832 INFO  http.HttpServer2 (HttpServer2.java:addFilter(958)) - Added filter static_user_filter (class=org.apache.hadoop.http.lib.StaticUserWebFilter$StaticUserFilter) to context logs
2019-07-14 08:38:35,832 INFO  http.HttpServer2 (HttpServer2.java:bindListener(1191)) - Jetty bound to port 41132
2019-07-14 08:38:35,832 INFO  server.Server (Server.java:doStart(351)) - jetty-9.3.24.v20180605, build timestamp: 2018-06-05T17:11:56Z, git hash: 84205aa28f11a4f31f2a3b86d1bba2cc8ab69827
2019-07-14 08:38:35,834 INFO  handler.ContextHandler (ContextHandler.java:doStart(781)) - Started o.e.j.s.ServletContextHandler@1b3aa246{/logs,file:///workdir/hadoop-ozone/integration-test/target/log,AVAILABLE}
2019-07-14 08:38:35,834 INFO  handler.ContextHandler (ContextHandler.java:doStart(781)) - Started o.e.j.s.ServletContextHandler@32c8df0b{/static,jar:file:/home/user/.m2/repository/org/apache/hadoop/hadoop-hdds-container-service/0.5.0-SNAPSHOT/hadoop-hdds-container-service-0.5.0-SNAPSHOT.jar!/webapps/static,AVAILABLE}
2019-07-14 08:38:35,863 INFO  handler.ContextHandler (ContextHandler.java:doStart(781)) - Started o.e.j.w.WebAppContext@4cee91b{/,file:///tmp/jetty-0.0.0.0-41132-hddsDatanode-_-any-3358072208923351855.dir/webapp/,AVAILABLE}{/hddsDatanode}
2019-07-14 08:38:35,863 INFO  server.AbstractConnector (AbstractConnector.java:doStart(278)) - Started ServerConnector@7b70596d{HTTP/1.1,[http/1.1]}{0.0.0.0:41132}
2019-07-14 08:38:35,863 INFO  server.Server (Server.java:doStart(419)) - Started @674088ms
2019-07-14 08:38:35,865 INFO  server.BaseHttpServer (BaseHttpServer.java:updateConnectorAddress(207)) - HTTP server of HDDSDATANODE is listening at http://0.0.0.0:41132
2019-07-14 08:38:35,963 INFO  ozone.HddsDatanodeService (HddsDatanodeService.java:startPlugins(396)) - Started plug-in org.apache.hadoop.ozone.web.OzoneHddsDatanodeService@3b33b54e
2019-07-14 08:38:35,964 INFO  impl.MetricsSystemImpl (MetricsSystemImpl.java:init(158)) - HddsDatanode metrics system started (again)
2019-07-14 08:38:35,964 INFO  ozone.HddsDatanodeService (HddsDatanodeService.java:start(185)) - HddsDatanodeService host:trunk-nightly-5z2vd-27108033 ip:192.168.5.191
2019-07-14 08:38:35,965 INFO  util.JvmPauseMonitor (JvmPauseMonitor.java:run(188)) - Starting JVM pause monitor
2019-07-14 08:38:35,967 INFO  datanode.InitDatanodeState (InitDatanodeState.java:persistContainerDatanodeDetails(140)) - DatanodeDetails is persisted to /workdir/hadoop-ozone/integration-test/target/test-dir/MiniOzoneClusterImpl-8c37849b-ee6b-479b-81cf-86fe5980264c/datanode-5/meta/datanode.id
2019-07-14 08:38:35,978 INFO  volume.HddsVolume (HddsVolume.java:<init>(176)) - Creating Volume: /workdir/hadoop-ozone/integration-test/target/test-dir/MiniOzoneClusterImpl-8c37849b-ee6b-479b-81cf-86fe5980264c/datanode-6/data/containers/hdds of  storage type : DISK and capacity : 52710309888
2019-07-14 08:38:35,978 INFO  volume.VolumeSet (VolumeSet.java:initializeVolumeSet(170)) - Added Volume : /workdir/hadoop-ozone/integration-test/target/test-dir/MiniOzoneClusterImpl-8c37849b-ee6b-479b-81cf-86fe5980264c/datanode-6/data/containers/hdds to VolumeSet
2019-07-14 08:38:35,978 INFO  volume.ThrottledAsyncChecker (ThrottledAsyncChecker.java:schedule(140)) - Scheduling a check for org.apache.hadoop.ozone.container.common.volume.HddsVolume@6267b25a
2019-07-14 08:38:35,979 INFO  volume.HddsVolumeChecker (HddsVolumeChecker.java:checkAllVolumes(203)) - Scheduled health check for volume org.apache.hadoop.ozone.container.common.volume.HddsVolume@6267b25a
2019-07-14 08:38:35,998 INFO  impl.RaftServerProxy (ConfUtils.java:logGet(43)) - raft.rpc.type = GRPC (default)
2019-07-14 08:38:35,999 INFO  grpc.GrpcFactory (GrpcFactory.java:checkPooledByteBufAllocatorUseCacheForAllThreads(45)) - PERFORMANCE WARNING: useCacheForAllThreads is true that may cause Netty to create a lot garbage objects and, as a result, trigger GC.
	It is recommended to disable useCacheForAllThreads by setting -Dorg.apache.ratis.thirdparty.io.netty.allocator.useCacheForAllThreads=false in command line.
2019-07-14 08:38:35,999 INFO  grpc.GrpcConfigKeys$Server (ConfUtils.java:logGet(43)) - raft.grpc.server.port = 0 (default)
2019-07-14 08:38:35,999 INFO  server.GrpcService (ConfUtils.java:logGet(43)) - raft.grpc.message.size.max = 33570816 (custom)
2019-07-14 08:38:35,999 INFO  server.RaftServerConfigKeys (ConfUtils.java:logGet(43)) - raft.server.log.appender.buffer.byte-limit = 33554432 (custom)
2019-07-14 08:38:36,000 INFO  server.GrpcService (ConfUtils.java:logGet(43)) - raft.grpc.flow.control.window = 1MB (=1048576) (default)
2019-07-14 08:38:36,000 INFO  server.RaftServerConfigKeys (ConfUtils.java:logGet(43)) - raft.server.rpc.request.timeout = 3000ms (default)
2019-07-14 08:38:36,001 INFO  server.RaftServerConfigKeys (ConfUtils.java:logGet(43)) - raft.server.storage.dir = [/workdir/hadoop-ozone/integration-test/target/test-dir/MiniOzoneClusterImpl-8c37849b-ee6b-479b-81cf-86fe5980264c/datanode-6/data/ratis] (custom)
2019-07-14 08:38:36,001 INFO  replication.SimpleContainerDownloader (SimpleContainerDownloader.java:<init>(72)) - Starting container downloader service to copy containers to replicate.
2019-07-14 08:38:36,002 INFO  hdfs.DFSUtil (DFSUtil.java:httpServerTemplateForNNAndJN(1641)) - Starting Web-server for hddsDatanode at: http://0.0.0.0:0
2019-07-14 08:38:36,004 INFO  server.AuthenticationFilter (AuthenticationFilter.java:constructSecretProvider(240)) - Unable to initialize FileSignerSecretProvider, falling back to use random secrets.
2019-07-14 08:38:36,004 WARN  http.HttpRequestLog (HttpRequestLog.java:getRequestLog(97)) - Jetty request log can only be enabled using Log4j
2019-07-14 08:38:36,005 INFO  http.HttpServer2 (HttpServer2.java:addGlobalFilter(975)) - Added global filter 'safety' (class=org.apache.hadoop.http.HttpServer2$QuotingInputFilter)
2019-07-14 08:38:36,006 INFO  http.HttpServer2 (HttpServer2.java:addFilter(948)) - Added filter static_user_filter (class=org.apache.hadoop.http.lib.StaticUserWebFilter$StaticUserFilter) to context hddsDatanode
2019-07-14 08:38:36,006 INFO  http.HttpServer2 (HttpServer2.java:addFilter(958)) - Added filter static_user_filter (class=org.apache.hadoop.http.lib.StaticUserWebFilter$StaticUserFilter) to context logs
2019-07-14 08:38:36,006 INFO  http.HttpServer2 (HttpServer2.java:addFilter(958)) - Added filter static_user_filter (class=org.apache.hadoop.http.lib.StaticUserWebFilter$StaticUserFilter) to context static
2019-07-14 08:38:36,006 INFO  http.HttpServer2 (HttpServer2.java:bindListener(1191)) - Jetty bound to port 40801
2019-07-14 08:38:36,007 INFO  server.Server (Server.java:doStart(351)) - jetty-9.3.24.v20180605, build timestamp: 2018-06-05T17:11:56Z, git hash: 84205aa28f11a4f31f2a3b86d1bba2cc8ab69827
2019-07-14 08:38:36,008 INFO  handler.ContextHandler (ContextHandler.java:doStart(781)) - Started o.e.j.s.ServletContextHandler@4982b310{/logs,file:///workdir/hadoop-ozone/integration-test/target/log,AVAILABLE}
2019-07-14 08:38:36,009 INFO  handler.ContextHandler (ContextHandler.java:doStart(781)) - Started o.e.j.s.ServletContextHandler@3f41a7ab{/static,jar:file:/home/user/.m2/repository/org/apache/hadoop/hadoop-hdds-container-service/0.5.0-SNAPSHOT/hadoop-hdds-container-service-0.5.0-SNAPSHOT.jar!/webapps/static,AVAILABLE}
2019-07-14 08:38:36,036 INFO  handler.ContextHandler (ContextHandler.java:doStart(781)) - Started o.e.j.w.WebAppContext@53ed864c{/,file:///tmp/jetty-0.0.0.0-40801-hddsDatanode-_-any-3641743151582632803.dir/webapp/,AVAILABLE}{/hddsDatanode}
2019-07-14 08:38:36,036 INFO  server.AbstractConnector (AbstractConnector.java:doStart(278)) - Started ServerConnector@29514616{HTTP/1.1,[http/1.1]}{0.0.0.0:40801}
2019-07-14 08:38:36,036 INFO  server.Server (Server.java:doStart(419)) - Started @674261ms
2019-07-14 08:38:36,038 INFO  server.BaseHttpServer (BaseHttpServer.java:updateConnectorAddress(207)) - HTTP server of HDDSDATANODE is listening at http://0.0.0.0:40801
2019-07-14 08:38:36,308 INFO  ozone.HddsDatanodeService (HddsDatanodeService.java:startPlugins(396)) - Started plug-in org.apache.hadoop.ozone.web.OzoneHddsDatanodeService@64d691b2
2019-07-14 08:38:36,309 INFO  ozone.MiniOzoneClusterImpl (MiniOzoneClusterImpl.java:lambda$waitForClusterToBeReady$0(142)) - Waiting for cluster to be ready. Got 0 of 7 DN Heartbeats.
2019-07-14 08:38:36,310 INFO  util.JvmPauseMonitor (JvmPauseMonitor.java:run(188)) - Starting JVM pause monitor
2019-07-14 08:38:36,312 INFO  datanode.InitDatanodeState (InitDatanodeState.java:persistContainerDatanodeDetails(140)) - DatanodeDetails is persisted to /workdir/hadoop-ozone/integration-test/target/test-dir/MiniOzoneClusterImpl-8c37849b-ee6b-479b-81cf-86fe5980264c/datanode-6/meta/datanode.id
2019-07-14 08:38:37,081 INFO  ozoneimpl.OzoneContainer (OzoneContainer.java:start(186)) - Attempting to start container services.
2019-07-14 08:38:37,081 INFO  ozoneimpl.OzoneContainer (OzoneContainer.java:startContainerScrub(160)) - Background container scrubber has been disabled by hdds.containerscrub.enabled
2019-07-14 08:38:37,082 INFO  ratis.XceiverServerRatis (XceiverServerRatis.java:start(418)) - Starting XceiverServerRatis a8cea552-2699-45ae-8278-4317896b9350 at port 0
2019-07-14 08:38:37,089 INFO  impl.RaftServerProxy (RaftServerProxy.java:lambda$start$3(299)) - a8cea552-2699-45ae-8278-4317896b9350: start RPC server
2019-07-14 08:38:37,090 INFO  server.GrpcService (GrpcService.java:startImpl(149)) - a8cea552-2699-45ae-8278-4317896b9350: GrpcService started, listening on 0.0.0.0/0.0.0.0:42756
2019-07-14 08:38:37,090 INFO  ratis.XceiverServerRatis (XceiverServerRatis.java:start(428)) - XceiverServerRatis a8cea552-2699-45ae-8278-4317896b9350 is started using port 42756
2019-07-14 08:38:37,091 INFO  server.XceiverServerGrpc (XceiverServerGrpc.java:start(161)) - XceiverServerGrpc a8cea552-2699-45ae-8278-4317896b9350 is started using port 44437
2019-07-14 08:38:37,258 INFO  ozoneimpl.OzoneContainer (OzoneContainer.java:start(186)) - Attempting to start container services.
2019-07-14 08:38:37,259 INFO  ozoneimpl.OzoneContainer (OzoneContainer.java:startContainerScrub(160)) - Background container scrubber has been disabled by hdds.containerscrub.enabled
2019-07-14 08:38:37,259 INFO  ratis.XceiverServerRatis (XceiverServerRatis.java:start(418)) - Starting XceiverServerRatis 24defd36-f550-465d-8eca-c7db59fabf58 at port 0
2019-07-14 08:38:37,266 INFO  impl.RaftServerProxy (RaftServerProxy.java:lambda$start$3(299)) - 24defd36-f550-465d-8eca-c7db59fabf58: start RPC server
2019-07-14 08:38:37,266 INFO  server.GrpcService (GrpcService.java:startImpl(149)) - 24defd36-f550-465d-8eca-c7db59fabf58: GrpcService started, listening on 0.0.0.0/0.0.0.0:42099
2019-07-14 08:38:37,267 INFO  ratis.XceiverServerRatis (XceiverServerRatis.java:start(428)) - XceiverServerRatis 24defd36-f550-465d-8eca-c7db59fabf58 is started using port 42099
2019-07-14 08:38:37,267 INFO  server.XceiverServerGrpc (XceiverServerGrpc.java:start(161)) - XceiverServerGrpc 24defd36-f550-465d-8eca-c7db59fabf58 is started using port 35035
2019-07-14 08:38:37,309 INFO  ozone.MiniOzoneClusterImpl (MiniOzoneClusterImpl.java:lambda$waitForClusterToBeReady$0(142)) - Waiting for cluster to be ready. Got 0 of 7 DN Heartbeats.
2019-07-14 08:38:37,414 INFO  ozoneimpl.OzoneContainer (OzoneContainer.java:start(186)) - Attempting to start container services.
2019-07-14 08:38:37,414 INFO  ozoneimpl.OzoneContainer (OzoneContainer.java:startContainerScrub(160)) - Background container scrubber has been disabled by hdds.containerscrub.enabled
2019-07-14 08:38:37,414 INFO  ratis.XceiverServerRatis (XceiverServerRatis.java:start(418)) - Starting XceiverServerRatis 4769d2c9-7940-482b-b46d-49f67155139d at port 0
2019-07-14 08:38:37,422 INFO  impl.RaftServerProxy (RaftServerProxy.java:lambda$start$3(299)) - 4769d2c9-7940-482b-b46d-49f67155139d: start RPC server
2019-07-14 08:38:37,422 INFO  server.GrpcService (GrpcService.java:startImpl(149)) - 4769d2c9-7940-482b-b46d-49f67155139d: GrpcService started, listening on 0.0.0.0/0.0.0.0:39435
2019-07-14 08:38:37,422 INFO  ratis.XceiverServerRatis (XceiverServerRatis.java:start(428)) - XceiverServerRatis 4769d2c9-7940-482b-b46d-49f67155139d is started using port 39435
2019-07-14 08:38:37,423 INFO  server.XceiverServerGrpc (XceiverServerGrpc.java:start(161)) - XceiverServerGrpc 4769d2c9-7940-482b-b46d-49f67155139d is started using port 42348
2019-07-14 08:38:37,621 INFO  ozoneimpl.OzoneContainer (OzoneContainer.java:start(186)) - Attempting to start container services.
2019-07-14 08:38:37,622 INFO  ozoneimpl.OzoneContainer (OzoneContainer.java:startContainerScrub(160)) - Background container scrubber has been disabled by hdds.containerscrub.enabled
2019-07-14 08:38:37,622 INFO  ratis.XceiverServerRatis (XceiverServerRatis.java:start(418)) - Starting XceiverServerRatis ee405930-b1f4-4448-af63-adfe72e2c983 at port 0
2019-07-14 08:38:37,629 INFO  impl.RaftServerProxy (RaftServerProxy.java:lambda$start$3(299)) - ee405930-b1f4-4448-af63-adfe72e2c983: start RPC server
2019-07-14 08:38:37,632 INFO  server.GrpcService (GrpcService.java:startImpl(149)) - ee405930-b1f4-4448-af63-adfe72e2c983: GrpcService started, listening on 0.0.0.0/0.0.0.0:35939
2019-07-14 08:38:37,632 INFO  ratis.XceiverServerRatis (XceiverServerRatis.java:start(428)) - XceiverServerRatis ee405930-b1f4-4448-af63-adfe72e2c983 is started using port 35939
2019-07-14 08:38:37,633 INFO  server.XceiverServerGrpc (XceiverServerGrpc.java:start(161)) - XceiverServerGrpc ee405930-b1f4-4448-af63-adfe72e2c983 is started using port 35408
2019-07-14 08:38:37,802 INFO  ozoneimpl.OzoneContainer (OzoneContainer.java:start(186)) - Attempting to start container services.
2019-07-14 08:38:37,802 INFO  ozoneimpl.OzoneContainer (OzoneContainer.java:startContainerScrub(160)) - Background container scrubber has been disabled by hdds.containerscrub.enabled
2019-07-14 08:38:37,802 INFO  ratis.XceiverServerRatis (XceiverServerRatis.java:start(418)) - Starting XceiverServerRatis 6bedcca4-5eec-4fa9-8466-1c8e4f91b574 at port 0
2019-07-14 08:38:37,811 INFO  impl.RaftServerProxy (RaftServerProxy.java:lambda$start$3(299)) - 6bedcca4-5eec-4fa9-8466-1c8e4f91b574: start RPC server
2019-07-14 08:38:37,814 INFO  server.GrpcService (GrpcService.java:startImpl(149)) - 6bedcca4-5eec-4fa9-8466-1c8e4f91b574: GrpcService started, listening on 0.0.0.0/0.0.0.0:46138
2019-07-14 08:38:37,814 INFO  ratis.XceiverServerRatis (XceiverServerRatis.java:start(428)) - XceiverServerRatis 6bedcca4-5eec-4fa9-8466-1c8e4f91b574 is started using port 46138
2019-07-14 08:38:37,815 INFO  server.XceiverServerGrpc (XceiverServerGrpc.java:start(161)) - XceiverServerGrpc 6bedcca4-5eec-4fa9-8466-1c8e4f91b574 is started using port 40289
2019-07-14 08:38:37,971 INFO  ozoneimpl.OzoneContainer (OzoneContainer.java:start(186)) - Attempting to start container services.
2019-07-14 08:38:37,971 INFO  ozoneimpl.OzoneContainer (OzoneContainer.java:startContainerScrub(160)) - Background container scrubber has been disabled by hdds.containerscrub.enabled
2019-07-14 08:38:37,971 INFO  ratis.XceiverServerRatis (XceiverServerRatis.java:start(418)) - Starting XceiverServerRatis ec1a8e93-f637-42e2-ad11-c2fb9339dc8c at port 0
2019-07-14 08:38:37,978 INFO  impl.RaftServerProxy (RaftServerProxy.java:lambda$start$3(299)) - ec1a8e93-f637-42e2-ad11-c2fb9339dc8c: start RPC server
2019-07-14 08:38:37,979 INFO  server.GrpcService (GrpcService.java:startImpl(149)) - ec1a8e93-f637-42e2-ad11-c2fb9339dc8c: GrpcService started, listening on 0.0.0.0/0.0.0.0:45589
2019-07-14 08:38:37,979 INFO  ratis.XceiverServerRatis (XceiverServerRatis.java:start(428)) - XceiverServerRatis ec1a8e93-f637-42e2-ad11-c2fb9339dc8c is started using port 45589
2019-07-14 08:38:37,979 INFO  server.XceiverServerGrpc (XceiverServerGrpc.java:start(161)) - XceiverServerGrpc ec1a8e93-f637-42e2-ad11-c2fb9339dc8c is started using port 35092
2019-07-14 08:38:38,310 INFO  ozone.MiniOzoneClusterImpl (MiniOzoneClusterImpl.java:lambda$waitForClusterToBeReady$0(142)) - Waiting for cluster to be ready. Got 0 of 7 DN Heartbeats.
2019-07-14 08:38:38,317 INFO  ozoneimpl.OzoneContainer (OzoneContainer.java:start(186)) - Attempting to start container services.
2019-07-14 08:38:38,317 INFO  ozoneimpl.OzoneContainer (OzoneContainer.java:startContainerScrub(160)) - Background container scrubber has been disabled by hdds.containerscrub.enabled
2019-07-14 08:38:38,317 INFO  ratis.XceiverServerRatis (XceiverServerRatis.java:start(418)) - Starting XceiverServerRatis f8f717d9-fa08-4b11-80ff-252fbec0febd at port 0
2019-07-14 08:38:38,325 INFO  impl.RaftServerProxy (RaftServerProxy.java:lambda$start$3(299)) - f8f717d9-fa08-4b11-80ff-252fbec0febd: start RPC server
2019-07-14 08:38:38,329 INFO  server.GrpcService (GrpcService.java:startImpl(149)) - f8f717d9-fa08-4b11-80ff-252fbec0febd: GrpcService started, listening on 0.0.0.0/0.0.0.0:46821
2019-07-14 08:38:38,329 INFO  ratis.XceiverServerRatis (XceiverServerRatis.java:start(428)) - XceiverServerRatis f8f717d9-fa08-4b11-80ff-252fbec0febd is started using port 46821
2019-07-14 08:38:38,330 INFO  server.XceiverServerGrpc (XceiverServerGrpc.java:start(161)) - XceiverServerGrpc f8f717d9-fa08-4b11-80ff-252fbec0febd is started using port 35003
2019-07-14 08:38:39,071 INFO  net.NetworkTopology (NetworkTopologyImpl.java:add(110)) - Added a new node: /default-rack/192.168.5.191
2019-07-14 08:38:39,074 INFO  node.SCMNodeManager (SCMNodeManager.java:register(269)) - Registered Data node : a8cea552-2699-45ae-8278-4317896b9350{ip: 192.168.5.191, host: trunk-nightly-5z2vd-27108033, networkLocation: /default-rack, certSerialId: null}
2019-07-14 08:38:39,075 INFO  safemode.SCMSafeModeManager (DataNodeSafeModeRule.java:process(71)) - SCM in safe mode. 1 DataNodes registered, 1 required.
2019-07-14 08:38:39,077 INFO  safemode.SCMSafeModeManager (SCMSafeModeManager.java:validateSafeModeExitRules(177)) - ScmSafeModeManager, all rules are successfully validated
2019-07-14 08:38:39,077 INFO  safemode.SCMSafeModeManager (SCMSafeModeManager.java:exitSafeMode(193)) - SCM exiting safe mode.
2019-07-14 08:38:39,090 INFO  impl.RaftServerProxy (RaftServerProxy.java:addNew(89)) - a8cea552-2699-45ae-8278-4317896b9350: addNew group-46E84FBD1CD6:[a8cea552-2699-45ae-8278-4317896b9350:192.168.5.191:42756] returns group-46E84FBD1CD6:java.util.concurrent.CompletableFuture@3177f1bb[Not completed]
2019-07-14 08:38:39,092 INFO  impl.RaftServerImpl (RaftServerImpl.java:<init>(93)) - a8cea552-2699-45ae-8278-4317896b9350: new RaftServerImpl for group-46E84FBD1CD6:[a8cea552-2699-45ae-8278-4317896b9350:192.168.5.191:42756] with ContainerStateMachine:uninitialized
2019-07-14 08:38:39,092 INFO  server.RaftServerConfigKeys (ConfUtils.java:logGet(43)) - raft.server.rpc.timeout.min = 5s (custom)
2019-07-14 08:38:39,092 INFO  server.RaftServerConfigKeys (ConfUtils.java:logGet(43)) - raft.server.rpc.timeout.max = 5200ms (custom)
2019-07-14 08:38:39,092 INFO  server.RaftServerConfigKeys (ConfUtils.java:logGet(43)) - raft.server.rpcslowness.timeout = 120s (custom)
2019-07-14 08:38:39,092 INFO  server.RaftServerConfigKeys (ConfUtils.java:logGet(43)) - raft.server.sleep.deviation.threshold = 300 (default)
2019-07-14 08:38:39,092 INFO  server.RaftServerConfigKeys (ConfUtils.java:logGet(43)) - raft.server.log.appender.install.snapshot.enabled = false (custom)
2019-07-14 08:38:39,093 INFO  impl.RaftServerImpl (ServerState.java:<init>(105)) - a8cea552-2699-45ae-8278-4317896b9350:group-46E84FBD1CD6 ConfigurationManager, init=-1: [a8cea552-2699-45ae-8278-4317896b9350:192.168.5.191:42756], old=null, confs=<EMPTY_MAP>
2019-07-14 08:38:39,093 INFO  server.RaftServerConfigKeys (ConfUtils.java:logGet(43)) - raft.server.storage.dir = [/workdir/hadoop-ozone/integration-test/target/test-dir/MiniOzoneClusterImpl-8c37849b-ee6b-479b-81cf-86fe5980264c/datanode-0/data/ratis] (custom)
2019-07-14 08:38:39,093 INFO  storage.RaftStorageDirectory (RaftStorageDirectory.java:analyzeStorage(246)) - The storage directory /workdir/hadoop-ozone/integration-test/target/test-dir/MiniOzoneClusterImpl-8c37849b-ee6b-479b-81cf-86fe5980264c/datanode-0/data/ratis/b7fcdbac-69a1-44af-aaca-46e84fbd1cd6 does not exist. Creating ...
2019-07-14 08:38:39,103 INFO  storage.RaftStorageDirectory (RaftStorageDirectory.java:tryLock(328)) - Lock on /workdir/hadoop-ozone/integration-test/target/test-dir/MiniOzoneClusterImpl-8c37849b-ee6b-479b-81cf-86fe5980264c/datanode-0/data/ratis/b7fcdbac-69a1-44af-aaca-46e84fbd1cd6/in_use.lock acquired by nodename 31844@trunk-nightly-5z2vd-27108033
2019-07-14 08:38:39,107 INFO  storage.RaftStorage (RaftStorage.java:format(72)) - Storage directory /workdir/hadoop-ozone/integration-test/target/test-dir/MiniOzoneClusterImpl-8c37849b-ee6b-479b-81cf-86fe5980264c/datanode-0/data/ratis/b7fcdbac-69a1-44af-aaca-46e84fbd1cd6 has been successfully formatted.
2019-07-14 08:38:39,107 INFO  ratis.ContainerStateMachine (ContainerStateMachine.java:loadSnapshot(200)) - group-46E84FBD1CD6: The snapshot info is null. Setting the last applied indexto:(t:0, i:~)
2019-07-14 08:38:39,107 INFO  server.RaftServerConfigKeys (ConfUtils.java:logGet(43)) - raft.server.leader.election.timeout = 120s (custom)
2019-07-14 08:38:39,108 INFO  server.RaftServerConfigKeys (ConfUtils.java:logGet(43)) - raft.server.log.use.memory = false (default)
2019-07-14 08:38:39,108 INFO  server.RaftServerConfigKeys (ConfUtils.java:logGet(43)) - raft.server.log.purge.gap = 1000000000 (custom)
2019-07-14 08:38:39,108 INFO  server.RaftServerConfigKeys (ConfUtils.java:logGet(43)) - raft.server.log.appender.buffer.byte-limit = 33554432 (custom)
2019-07-14 08:38:39,108 INFO  server.RaftServerConfigKeys (ConfUtils.java:logGet(43)) - raft.server.log.segment.size.max = 1048576 (custom)
2019-07-14 08:38:39,108 INFO  server.RaftServerConfigKeys (ConfUtils.java:logGet(43)) - raft.server.log.segment.cache.num.max = 2 (custom)
2019-07-14 08:38:39,108 INFO  segmented.SegmentedRaftLogWorker (SegmentedRaftLogWorker.java:<init>(172)) - new a8cea552-2699-45ae-8278-4317896b9350-SegmentedRaftLogWorker:Storage Directory /workdir/hadoop-ozone/integration-test/target/test-dir/MiniOzoneClusterImpl-8c37849b-ee6b-479b-81cf-86fe5980264c/datanode-0/data/ratis/b7fcdbac-69a1-44af-aaca-46e84fbd1cd6 for RaftStorage:Storage Directory /workdir/hadoop-ozone/integration-test/target/test-dir/MiniOzoneClusterImpl-8c37849b-ee6b-479b-81cf-86fe5980264c/datanode-0/data/ratis/b7fcdbac-69a1-44af-aaca-46e84fbd1cd6
2019-07-14 08:38:39,109 INFO  server.RaftServerConfigKeys (ConfUtils.java:logGet(43)) - raft.server.log.queue.byte-limit = 2147483647 (custom)
2019-07-14 08:38:39,109 INFO  server.RaftServerConfigKeys (ConfUtils.java:logGet(43)) - raft.server.log.queue.element-limit = 1024 (custom)
2019-07-14 08:38:39,109 INFO  server.RaftServerConfigKeys (ConfUtils.java:logGet(43)) - raft.server.log.segment.size.max = 1048576 (custom)
2019-07-14 08:38:39,109 INFO  server.RaftServerConfigKeys (ConfUtils.java:logGet(43)) - raft.server.log.preallocated.size = 16384 (custom)
2019-07-14 08:38:39,110 INFO  server.RaftServerConfigKeys (ConfUtils.java:logGet(43)) - raft.server.log.write.buffer.size = 33554432 (custom)
2019-07-14 08:38:39,110 INFO  server.RaftServerConfigKeys (ConfUtils.java:logGet(43)) - raft.server.log.force.sync.num = 128 (default)
2019-07-14 08:38:39,110 INFO  server.RaftServerConfigKeys (ConfUtils.java:logGet(43)) - raft.server.log.statemachine.data.sync = true (default)
2019-07-14 08:38:39,110 INFO  server.RaftServerConfigKeys (ConfUtils.java:logGet(43)) - raft.server.log.statemachine.data.sync.timeout = 10s (default)
2019-07-14 08:38:39,110 INFO  server.RaftServerConfigKeys (ConfUtils.java:logGet(43)) - raft.server.log.statemachine.data.sync.timeout.retry = -1 (default)
2019-07-14 08:38:39,110 INFO  server.RaftServerConfigKeys (ConfUtils.java:logGet(43)) - raft.server.log.statemachine.data.caching.enabled = true (custom)
2019-07-14 08:38:39,111 INFO  segmented.SegmentedRaftLogWorker (SegmentedRaftLogWorker.java:lambda$new$0(132)) - a8cea552-2699-45ae-8278-4317896b9350-SegmentedRaftLogWorker:Storage Directory /workdir/hadoop-ozone/integration-test/target/test-dir/MiniOzoneClusterImpl-8c37849b-ee6b-479b-81cf-86fe5980264c/datanode-0/data/ratis/b7fcdbac-69a1-44af-aaca-46e84fbd1cd6: flushIndex: setUnconditionally 0 -> -1
2019-07-14 08:38:39,111 INFO  server.RaftServerConfigKeys (ConfUtils.java:logGet(43)) - raft.server.snapshot.auto.trigger.enabled = true (custom)
2019-07-14 08:38:39,112 INFO  server.RaftServerConfigKeys (ConfUtils.java:logGet(43)) - raft.server.snapshot.auto.trigger.threshold = 10000 (custom)
2019-07-14 08:38:39,112 INFO  server.RaftServerConfigKeys (ConfUtils.java:logGet(43)) - raft.server.retrycache.expirytime = 600000ms (custom)
2019-07-14 08:38:39,112 INFO  impl.RaftServerImpl (RaftServerImpl.java:start(180)) - a8cea552-2699-45ae-8278-4317896b9350: start group-46E84FBD1CD6
2019-07-14 08:38:39,112 INFO  impl.RaftServerImpl (RaftServerImpl.java:setRole(171)) - a8cea552-2699-45ae-8278-4317896b9350:group-46E84FBD1CD6 changes role from null to FOLLOWER at term 0 for startAsFollower
2019-07-14 08:38:39,112 INFO  impl.RoleInfo (RoleInfo.java:updateAndGet(143)) - a8cea552-2699-45ae-8278-4317896b9350: start FollowerState
2019-07-14 08:38:39,113 INFO  util.JmxRegister (JmxRegister.java:tryRegister(44)) - Successfully registered JMX Bean with object name Ratis:service=RaftServer,group=group-46E84FBD1CD6,id=a8cea552-2699-45ae-8278-4317896b9350
2019-07-14 08:38:39,116 INFO  pipeline.PipelineStateManager (PipelineStateManager.java:addPipeline(56)) - Created pipeline Pipeline[ Id: b7fcdbac-69a1-44af-aaca-46e84fbd1cd6, Nodes: a8cea552-2699-45ae-8278-4317896b9350{ip: 192.168.5.191, host: trunk-nightly-5z2vd-27108033, networkLocation: /default-rack, certSerialId: null}, Type:RATIS, Factor:ONE, State:OPEN]
2019-07-14 08:38:39,243 INFO  node.SCMNodeManager (SCMNodeManager.java:register(269)) - Registered Data node : 24defd36-f550-465d-8eca-c7db59fabf58{ip: 192.168.5.191, host: trunk-nightly-5z2vd-27108033, networkLocation: /default-rack, certSerialId: null}
2019-07-14 08:38:39,265 INFO  impl.RaftServerProxy (RaftServerProxy.java:addNew(89)) - 24defd36-f550-465d-8eca-c7db59fabf58: addNew group-DCEF002934FE:[24defd36-f550-465d-8eca-c7db59fabf58:192.168.5.191:42099] returns group-DCEF002934FE:java.util.concurrent.CompletableFuture@4553b912[Not completed]
2019-07-14 08:38:39,266 INFO  impl.RaftServerImpl (RaftServerImpl.java:<init>(93)) - 24defd36-f550-465d-8eca-c7db59fabf58: new RaftServerImpl for group-DCEF002934FE:[24defd36-f550-465d-8eca-c7db59fabf58:192.168.5.191:42099] with ContainerStateMachine:uninitialized
2019-07-14 08:38:39,266 INFO  server.RaftServerConfigKeys (ConfUtils.java:logGet(43)) - raft.server.rpc.timeout.min = 5s (custom)
2019-07-14 08:38:39,266 INFO  server.RaftServerConfigKeys (ConfUtils.java:logGet(43)) - raft.server.rpc.timeout.max = 5200ms (custom)
2019-07-14 08:38:39,266 INFO  server.RaftServerConfigKeys (ConfUtils.java:logGet(43)) - raft.server.rpcslowness.timeout = 120s (custom)
2019-07-14 08:38:39,266 INFO  server.RaftServerConfigKeys (ConfUtils.java:logGet(43)) - raft.server.sleep.deviation.threshold = 300 (default)
2019-07-14 08:38:39,266 INFO  server.RaftServerConfigKeys (ConfUtils.java:logGet(43)) - raft.server.log.appender.install.snapshot.enabled = false (custom)
2019-07-14 08:38:39,267 INFO  impl.RaftServerImpl (ServerState.java:<init>(105)) - 24defd36-f550-465d-8eca-c7db59fabf58:group-DCEF002934FE ConfigurationManager, init=-1: [24defd36-f550-465d-8eca-c7db59fabf58:192.168.5.191:42099], old=null, confs=<EMPTY_MAP>
2019-07-14 08:38:39,267 INFO  server.RaftServerConfigKeys (ConfUtils.java:logGet(43)) - raft.server.storage.dir = [/workdir/hadoop-ozone/integration-test/target/test-dir/MiniOzoneClusterImpl-8c37849b-ee6b-479b-81cf-86fe5980264c/datanode-1/data/ratis] (custom)
2019-07-14 08:38:39,267 INFO  storage.RaftStorageDirectory (RaftStorageDirectory.java:analyzeStorage(246)) - The storage directory /workdir/hadoop-ozone/integration-test/target/test-dir/MiniOzoneClusterImpl-8c37849b-ee6b-479b-81cf-86fe5980264c/datanode-1/data/ratis/fe6d374f-1602-4e8b-8aed-dcef002934fe does not exist. Creating ...
2019-07-14 08:38:39,272 INFO  storage.RaftStorageDirectory (RaftStorageDirectory.java:tryLock(328)) - Lock on /workdir/hadoop-ozone/integration-test/target/test-dir/MiniOzoneClusterImpl-8c37849b-ee6b-479b-81cf-86fe5980264c/datanode-1/data/ratis/fe6d374f-1602-4e8b-8aed-dcef002934fe/in_use.lock acquired by nodename 31844@trunk-nightly-5z2vd-27108033
2019-07-14 08:38:39,275 INFO  storage.RaftStorage (RaftStorage.java:format(72)) - Storage directory /workdir/hadoop-ozone/integration-test/target/test-dir/MiniOzoneClusterImpl-8c37849b-ee6b-479b-81cf-86fe5980264c/datanode-1/data/ratis/fe6d374f-1602-4e8b-8aed-dcef002934fe has been successfully formatted.
2019-07-14 08:38:39,276 INFO  ratis.ContainerStateMachine (ContainerStateMachine.java:loadSnapshot(200)) - group-DCEF002934FE: The snapshot info is null. Setting the last applied indexto:(t:0, i:~)
2019-07-14 08:38:39,276 INFO  server.RaftServerConfigKeys (ConfUtils.java:logGet(43)) - raft.server.leader.election.timeout = 120s (custom)
2019-07-14 08:38:39,276 INFO  server.RaftServerConfigKeys (ConfUtils.java:logGet(43)) - raft.server.log.use.memory = false (default)
2019-07-14 08:38:39,276 INFO  server.RaftServerConfigKeys (ConfUtils.java:logGet(43)) - raft.server.log.purge.gap = 1000000000 (custom)
2019-07-14 08:38:39,276 INFO  server.RaftServerConfigKeys (ConfUtils.java:logGet(43)) - raft.server.log.appender.buffer.byte-limit = 33554432 (custom)
2019-07-14 08:38:39,276 INFO  server.RaftServerConfigKeys (ConfUtils.java:logGet(43)) - raft.server.log.segment.size.max = 1048576 (custom)
2019-07-14 08:38:39,277 INFO  server.RaftServerConfigKeys (ConfUtils.java:logGet(43)) - raft.server.log.segment.cache.num.max = 2 (custom)
2019-07-14 08:38:39,277 INFO  segmented.SegmentedRaftLogWorker (SegmentedRaftLogWorker.java:<init>(172)) - new 24defd36-f550-465d-8eca-c7db59fabf58-SegmentedRaftLogWorker:Storage Directory /workdir/hadoop-ozone/integration-test/target/test-dir/MiniOzoneClusterImpl-8c37849b-ee6b-479b-81cf-86fe5980264c/datanode-1/data/ratis/fe6d374f-1602-4e8b-8aed-dcef002934fe for RaftStorage:Storage Directory /workdir/hadoop-ozone/integration-test/target/test-dir/MiniOzoneClusterImpl-8c37849b-ee6b-479b-81cf-86fe5980264c/datanode-1/data/ratis/fe6d374f-1602-4e8b-8aed-dcef002934fe
2019-07-14 08:38:39,277 INFO  server.RaftServerConfigKeys (ConfUtils.java:logGet(43)) - raft.server.log.queue.byte-limit = 2147483647 (custom)
2019-07-14 08:38:39,277 INFO  server.RaftServerConfigKeys (ConfUtils.java:logGet(43)) - raft.server.log.queue.element-limit = 1024 (custom)
2019-07-14 08:38:39,277 INFO  server.RaftServerConfigKeys (ConfUtils.java:logGet(43)) - raft.server.log.segment.size.max = 1048576 (custom)
2019-07-14 08:38:39,277 INFO  server.RaftServerConfigKeys (ConfUtils.java:logGet(43)) - raft.server.log.preallocated.size = 16384 (custom)
2019-07-14 08:38:39,278 INFO  server.RaftServerConfigKeys (ConfUtils.java:logGet(43)) - raft.server.log.write.buffer.size = 33554432 (custom)
2019-07-14 08:38:39,278 INFO  server.RaftServerConfigKeys (ConfUtils.java:logGet(43)) - raft.server.log.force.sync.num = 128 (default)
2019-07-14 08:38:39,278 INFO  server.RaftServerConfigKeys (ConfUtils.java:logGet(43)) - raft.server.log.statemachine.data.sync = true (default)
2019-07-14 08:38:39,278 INFO  server.RaftServerConfigKeys (ConfUtils.java:logGet(43)) - raft.server.log.statemachine.data.sync.timeout = 10s (default)
2019-07-14 08:38:39,278 INFO  server.RaftServerConfigKeys (ConfUtils.java:logGet(43)) - raft.server.log.statemachine.data.sync.timeout.retry = -1 (default)
2019-07-14 08:38:39,278 INFO  server.RaftServerConfigKeys (ConfUtils.java:logGet(43)) - raft.server.log.statemachine.data.caching.enabled = true (custom)
2019-07-14 08:38:39,279 INFO  segmented.SegmentedRaftLogWorker (SegmentedRaftLogWorker.java:lambda$new$0(132)) - 24defd36-f550-465d-8eca-c7db59fabf58-SegmentedRaftLogWorker:Storage Directory /workdir/hadoop-ozone/integration-test/target/test-dir/MiniOzoneClusterImpl-8c37849b-ee6b-479b-81cf-86fe5980264c/datanode-1/data/ratis/fe6d374f-1602-4e8b-8aed-dcef002934fe: flushIndex: setUnconditionally 0 -> -1
2019-07-14 08:38:39,279 INFO  server.RaftServerConfigKeys (ConfUtils.java:logGet(43)) - raft.server.snapshot.auto.trigger.enabled = true (custom)
2019-07-14 08:38:39,279 INFO  server.RaftServerConfigKeys (ConfUtils.java:logGet(43)) - raft.server.snapshot.auto.trigger.threshold = 10000 (custom)
2019-07-14 08:38:39,279 INFO  server.RaftServerConfigKeys (ConfUtils.java:logGet(43)) - raft.server.retrycache.expirytime = 600000ms (custom)
2019-07-14 08:38:39,280 INFO  impl.RaftServerImpl (RaftServerImpl.java:start(180)) - 24defd36-f550-465d-8eca-c7db59fabf58: start group-DCEF002934FE
2019-07-14 08:38:39,280 INFO  impl.RaftServerImpl (RaftServerImpl.java:setRole(171)) - 24defd36-f550-465d-8eca-c7db59fabf58:group-DCEF002934FE changes role from null to FOLLOWER at term 0 for startAsFollower
2019-07-14 08:38:39,280 INFO  impl.RoleInfo (RoleInfo.java:updateAndGet(143)) - 24defd36-f550-465d-8eca-c7db59fabf58: start FollowerState
2019-07-14 08:38:39,280 INFO  util.JmxRegister (JmxRegister.java:tryRegister(44)) - Successfully registered JMX Bean with object name Ratis:service=RaftServer,group=group-DCEF002934FE,id=24defd36-f550-465d-8eca-c7db59fabf58
2019-07-14 08:38:39,282 INFO  pipeline.PipelineStateManager (PipelineStateManager.java:addPipeline(56)) - Created pipeline Pipeline[ Id: fe6d374f-1602-4e8b-8aed-dcef002934fe, Nodes: 24defd36-f550-465d-8eca-c7db59fabf58{ip: 192.168.5.191, host: trunk-nightly-5z2vd-27108033, networkLocation: /default-rack, certSerialId: null}, Type:RATIS, Factor:ONE, State:OPEN]
2019-07-14 08:38:39,310 INFO  ozone.MiniOzoneClusterImpl (MiniOzoneClusterImpl.java:lambda$waitForClusterToBeReady$0(142)) - Waiting for cluster to be ready. Got 2 of 7 DN Heartbeats.
2019-07-14 08:38:39,409 INFO  node.SCMNodeManager (SCMNodeManager.java:register(269)) - Registered Data node : 4769d2c9-7940-482b-b46d-49f67155139d{ip: 192.168.5.191, host: trunk-nightly-5z2vd-27108033, networkLocation: /default-rack, certSerialId: null}
2019-07-14 08:38:39,418 INFO  impl.RaftServerProxy (RaftServerProxy.java:addNew(89)) - 4769d2c9-7940-482b-b46d-49f67155139d: addNew group-351C248B0510:[4769d2c9-7940-482b-b46d-49f67155139d:192.168.5.191:39435] returns group-351C248B0510:java.util.concurrent.CompletableFuture@65fe931b[Not completed]
2019-07-14 08:38:39,419 INFO  impl.RaftServerImpl (RaftServerImpl.java:<init>(93)) - 4769d2c9-7940-482b-b46d-49f67155139d: new RaftServerImpl for group-351C248B0510:[4769d2c9-7940-482b-b46d-49f67155139d:192.168.5.191:39435] with ContainerStateMachine:uninitialized
2019-07-14 08:38:39,420 INFO  server.RaftServerConfigKeys (ConfUtils.java:logGet(43)) - raft.server.rpc.timeout.min = 5s (custom)
2019-07-14 08:38:39,420 INFO  server.RaftServerConfigKeys (ConfUtils.java:logGet(43)) - raft.server.rpc.timeout.max = 5200ms (custom)
2019-07-14 08:38:39,420 INFO  server.RaftServerConfigKeys (ConfUtils.java:logGet(43)) - raft.server.rpcslowness.timeout = 120s (custom)
2019-07-14 08:38:39,420 INFO  server.RaftServerConfigKeys (ConfUtils.java:logGet(43)) - raft.server.sleep.deviation.threshold = 300 (default)
2019-07-14 08:38:39,420 INFO  server.RaftServerConfigKeys (ConfUtils.java:logGet(43)) - raft.server.log.appender.install.snapshot.enabled = false (custom)
2019-07-14 08:38:39,420 INFO  impl.RaftServerImpl (ServerState.java:<init>(105)) - 4769d2c9-7940-482b-b46d-49f67155139d:group-351C248B0510 ConfigurationManager, init=-1: [4769d2c9-7940-482b-b46d-49f67155139d:192.168.5.191:39435], old=null, confs=<EMPTY_MAP>
2019-07-14 08:38:39,420 INFO  server.RaftServerConfigKeys (ConfUtils.java:logGet(43)) - raft.server.storage.dir = [/workdir/hadoop-ozone/integration-test/target/test-dir/MiniOzoneClusterImpl-8c37849b-ee6b-479b-81cf-86fe5980264c/datanode-2/data/ratis] (custom)
2019-07-14 08:38:39,421 INFO  storage.RaftStorageDirectory (RaftStorageDirectory.java:analyzeStorage(246)) - The storage directory /workdir/hadoop-ozone/integration-test/target/test-dir/MiniOzoneClusterImpl-8c37849b-ee6b-479b-81cf-86fe5980264c/datanode-2/data/ratis/0e0592b4-5079-4e3b-99bb-351c248b0510 does not exist. Creating ...
2019-07-14 08:38:39,426 INFO  storage.RaftStorageDirectory (RaftStorageDirectory.java:tryLock(328)) - Lock on /workdir/hadoop-ozone/integration-test/target/test-dir/MiniOzoneClusterImpl-8c37849b-ee6b-479b-81cf-86fe5980264c/datanode-2/data/ratis/0e0592b4-5079-4e3b-99bb-351c248b0510/in_use.lock acquired by nodename 31844@trunk-nightly-5z2vd-27108033
2019-07-14 08:38:39,430 INFO  storage.RaftStorage (RaftStorage.java:format(72)) - Storage directory /workdir/hadoop-ozone/integration-test/target/test-dir/MiniOzoneClusterImpl-8c37849b-ee6b-479b-81cf-86fe5980264c/datanode-2/data/ratis/0e0592b4-5079-4e3b-99bb-351c248b0510 has been successfully formatted.
2019-07-14 08:38:39,430 INFO  ratis.ContainerStateMachine (ContainerStateMachine.java:loadSnapshot(200)) - group-351C248B0510: The snapshot info is null. Setting the last applied indexto:(t:0, i:~)
2019-07-14 08:38:39,430 INFO  server.RaftServerConfigKeys (ConfUtils.java:logGet(43)) - raft.server.leader.election.timeout = 120s (custom)
2019-07-14 08:38:39,430 INFO  server.RaftServerConfigKeys (ConfUtils.java:logGet(43)) - raft.server.log.use.memory = false (default)
2019-07-14 08:38:39,430 INFO  server.RaftServerConfigKeys (ConfUtils.java:logGet(43)) - raft.server.log.purge.gap = 1000000000 (custom)
2019-07-14 08:38:39,431 INFO  server.RaftServerConfigKeys (ConfUtils.java:logGet(43)) - raft.server.log.appender.buffer.byte-limit = 33554432 (custom)
2019-07-14 08:38:39,431 INFO  server.RaftServerConfigKeys (ConfUtils.java:logGet(43)) - raft.server.log.segment.size.max = 1048576 (custom)
2019-07-14 08:38:39,431 INFO  server.RaftServerConfigKeys (ConfUtils.java:logGet(43)) - raft.server.log.segment.cache.num.max = 2 (custom)
2019-07-14 08:38:39,431 INFO  segmented.SegmentedRaftLogWorker (SegmentedRaftLogWorker.java:<init>(172)) - new 4769d2c9-7940-482b-b46d-49f67155139d-SegmentedRaftLogWorker:Storage Directory /workdir/hadoop-ozone/integration-test/target/test-dir/MiniOzoneClusterImpl-8c37849b-ee6b-479b-81cf-86fe5980264c/datanode-2/data/ratis/0e0592b4-5079-4e3b-99bb-351c248b0510 for RaftStorage:Storage Directory /workdir/hadoop-ozone/integration-test/target/test-dir/MiniOzoneClusterImpl-8c37849b-ee6b-479b-81cf-86fe5980264c/datanode-2/data/ratis/0e0592b4-5079-4e3b-99bb-351c248b0510
2019-07-14 08:38:39,431 INFO  server.RaftServerConfigKeys (ConfUtils.java:logGet(43)) - raft.server.log.queue.byte-limit = 2147483647 (custom)
2019-07-14 08:38:39,431 INFO  server.RaftServerConfigKeys (ConfUtils.java:logGet(43)) - raft.server.log.queue.element-limit = 1024 (custom)
2019-07-14 08:38:39,432 INFO  server.RaftServerConfigKeys (ConfUtils.java:logGet(43)) - raft.server.log.segment.size.max = 1048576 (custom)
2019-07-14 08:38:39,432 INFO  server.RaftServerConfigKeys (ConfUtils.java:logGet(43)) - raft.server.log.preallocated.size = 16384 (custom)
2019-07-14 08:38:39,432 INFO  server.RaftServerConfigKeys (ConfUtils.java:logGet(43)) - raft.server.log.write.buffer.size = 33554432 (custom)
2019-07-14 08:38:39,432 INFO  server.RaftServerConfigKeys (ConfUtils.java:logGet(43)) - raft.server.log.force.sync.num = 128 (default)
2019-07-14 08:38:39,432 INFO  server.RaftServerConfigKeys (ConfUtils.java:logGet(43)) - raft.server.log.statemachine.data.sync = true (default)
2019-07-14 08:38:39,433 INFO  server.RaftServerConfigKeys (ConfUtils.java:logGet(43)) - raft.server.log.statemachine.data.sync.timeout = 10s (default)
2019-07-14 08:38:39,433 INFO  server.RaftServerConfigKeys (ConfUtils.java:logGet(43)) - raft.server.log.statemachine.data.sync.timeout.retry = -1 (default)
2019-07-14 08:38:39,433 INFO  server.RaftServerConfigKeys (ConfUtils.java:logGet(43)) - raft.server.log.statemachine.data.caching.enabled = true (custom)
2019-07-14 08:38:39,433 INFO  segmented.SegmentedRaftLogWorker (SegmentedRaftLogWorker.java:lambda$new$0(132)) - 4769d2c9-7940-482b-b46d-49f67155139d-SegmentedRaftLogWorker:Storage Directory /workdir/hadoop-ozone/integration-test/target/test-dir/MiniOzoneClusterImpl-8c37849b-ee6b-479b-81cf-86fe5980264c/datanode-2/data/ratis/0e0592b4-5079-4e3b-99bb-351c248b0510: flushIndex: setUnconditionally 0 -> -1
2019-07-14 08:38:39,434 INFO  server.RaftServerConfigKeys (ConfUtils.java:logGet(43)) - raft.server.snapshot.auto.trigger.enabled = true (custom)
2019-07-14 08:38:39,434 INFO  server.RaftServerConfigKeys (ConfUtils.java:logGet(43)) - raft.server.snapshot.auto.trigger.threshold = 10000 (custom)
2019-07-14 08:38:39,434 INFO  server.RaftServerConfigKeys (ConfUtils.java:logGet(43)) - raft.server.retrycache.expirytime = 600000ms (custom)
2019-07-14 08:38:39,434 INFO  impl.RaftServerImpl (RaftServerImpl.java:start(180)) - 4769d2c9-7940-482b-b46d-49f67155139d: start group-351C248B0510
2019-07-14 08:38:39,434 INFO  impl.RaftServerImpl (RaftServerImpl.java:setRole(171)) - 4769d2c9-7940-482b-b46d-49f67155139d:group-351C248B0510 changes role from null to FOLLOWER at term 0 for startAsFollower
2019-07-14 08:38:39,435 INFO  impl.RoleInfo (RoleInfo.java:updateAndGet(143)) - 4769d2c9-7940-482b-b46d-49f67155139d: start FollowerState
2019-07-14 08:38:39,435 INFO  util.JmxRegister (JmxRegister.java:tryRegister(44)) - Successfully registered JMX Bean with object name Ratis:service=RaftServer,group=group-351C248B0510,id=4769d2c9-7940-482b-b46d-49f67155139d
2019-07-14 08:38:39,437 INFO  pipeline.PipelineStateManager (PipelineStateManager.java:addPipeline(56)) - Created pipeline Pipeline[ Id: 0e0592b4-5079-4e3b-99bb-351c248b0510, Nodes: 4769d2c9-7940-482b-b46d-49f67155139d{ip: 192.168.5.191, host: trunk-nightly-5z2vd-27108033, networkLocation: /default-rack, certSerialId: null}, Type:RATIS, Factor:ONE, State:OPEN]
2019-07-14 08:38:39,448 INFO  impl.RaftServerProxy (RaftServerProxy.java:addNew(89)) - 24defd36-f550-465d-8eca-c7db59fabf58: addNew group-DBA10722B97E:[24defd36-f550-465d-8eca-c7db59fabf58:192.168.5.191:42099, a8cea552-2699-45ae-8278-4317896b9350:192.168.5.191:42756, 4769d2c9-7940-482b-b46d-49f67155139d:192.168.5.191:39435] returns group-DBA10722B97E:java.util.concurrent.CompletableFuture@51a9753e[Not completed]
2019-07-14 08:38:39,449 INFO  impl.RaftServerProxy (RaftServerProxy.java:addNew(89)) - 4769d2c9-7940-482b-b46d-49f67155139d: addNew group-DBA10722B97E:[24defd36-f550-465d-8eca-c7db59fabf58:192.168.5.191:42099, a8cea552-2699-45ae-8278-4317896b9350:192.168.5.191:42756, 4769d2c9-7940-482b-b46d-49f67155139d:192.168.5.191:39435] returns group-DBA10722B97E:java.util.concurrent.CompletableFuture@89ac9b[Not completed]
2019-07-14 08:38:39,449 INFO  impl.RaftServerProxy (RaftServerProxy.java:addNew(89)) - a8cea552-2699-45ae-8278-4317896b9350: addNew group-DBA10722B97E:[24defd36-f550-465d-8eca-c7db59fabf58:192.168.5.191:42099, a8cea552-2699-45ae-8278-4317896b9350:192.168.5.191:42756, 4769d2c9-7940-482b-b46d-49f67155139d:192.168.5.191:39435] returns group-DBA10722B97E:java.util.concurrent.CompletableFuture@4dfbbe30[Not completed]
2019-07-14 08:38:39,449 INFO  impl.RaftServerImpl (RaftServerImpl.java:<init>(93)) - 24defd36-f550-465d-8eca-c7db59fabf58: new RaftServerImpl for group-DBA10722B97E:[24defd36-f550-465d-8eca-c7db59fabf58:192.168.5.191:42099, a8cea552-2699-45ae-8278-4317896b9350:192.168.5.191:42756, 4769d2c9-7940-482b-b46d-49f67155139d:192.168.5.191:39435] with ContainerStateMachine:uninitialized
2019-07-14 08:38:39,449 INFO  server.RaftServerConfigKeys (ConfUtils.java:logGet(43)) - raft.server.rpc.timeout.min = 5s (custom)
2019-07-14 08:38:39,449 INFO  server.RaftServerConfigKeys (ConfUtils.java:logGet(43)) - raft.server.rpc.timeout.max = 5200ms (custom)
2019-07-14 08:38:39,450 INFO  server.RaftServerConfigKeys (ConfUtils.java:logGet(43)) - raft.server.rpcslowness.timeout = 120s (custom)
2019-07-14 08:38:39,450 INFO  impl.RaftServerImpl (RaftServerImpl.java:<init>(93)) - 4769d2c9-7940-482b-b46d-49f67155139d: new RaftServerImpl for group-DBA10722B97E:[24defd36-f550-465d-8eca-c7db59fabf58:192.168.5.191:42099, a8cea552-2699-45ae-8278-4317896b9350:192.168.5.191:42756, 4769d2c9-7940-482b-b46d-49f67155139d:192.168.5.191:39435] with ContainerStateMachine:uninitialized
2019-07-14 08:38:39,450 INFO  server.RaftServerConfigKeys (ConfUtils.java:logGet(43)) - raft.server.sleep.deviation.threshold = 300 (default)
2019-07-14 08:38:39,450 INFO  server.RaftServerConfigKeys (ConfUtils.java:logGet(43)) - raft.server.rpc.timeout.min = 5s (custom)
2019-07-14 08:38:39,450 INFO  impl.RaftServerImpl (RaftServerImpl.java:<init>(93)) - a8cea552-2699-45ae-8278-4317896b9350: new RaftServerImpl for group-DBA10722B97E:[24defd36-f550-465d-8eca-c7db59fabf58:192.168.5.191:42099, a8cea552-2699-45ae-8278-4317896b9350:192.168.5.191:42756, 4769d2c9-7940-482b-b46d-49f67155139d:192.168.5.191:39435] with ContainerStateMachine:uninitialized
2019-07-14 08:38:39,450 INFO  server.RaftServerConfigKeys (ConfUtils.java:logGet(43)) - raft.server.log.appender.install.snapshot.enabled = false (custom)
2019-07-14 08:38:39,450 INFO  server.RaftServerConfigKeys (ConfUtils.java:logGet(43)) - raft.server.rpc.timeout.min = 5s (custom)
2019-07-14 08:38:39,450 INFO  server.RaftServerConfigKeys (ConfUtils.java:logGet(43)) - raft.server.rpc.timeout.max = 5200ms (custom)
2019-07-14 08:38:39,451 INFO  server.RaftServerConfigKeys (ConfUtils.java:logGet(43)) - raft.server.rpc.timeout.max = 5200ms (custom)
2019-07-14 08:38:39,450 INFO  impl.RaftServerImpl (ServerState.java:<init>(105)) - 24defd36-f550-465d-8eca-c7db59fabf58:group-DBA10722B97E ConfigurationManager, init=-1: [24defd36-f550-465d-8eca-c7db59fabf58:192.168.5.191:42099, a8cea552-2699-45ae-8278-4317896b9350:192.168.5.191:42756, 4769d2c9-7940-482b-b46d-49f67155139d:192.168.5.191:39435], old=null, confs=<EMPTY_MAP>
2019-07-14 08:38:39,451 INFO  server.RaftServerConfigKeys (ConfUtils.java:logGet(43)) - raft.server.rpcslowness.timeout = 120s (custom)
2019-07-14 08:38:39,451 INFO  server.RaftServerConfigKeys (ConfUtils.java:logGet(43)) - raft.server.rpcslowness.timeout = 120s (custom)
2019-07-14 08:38:39,451 INFO  server.RaftServerConfigKeys (ConfUtils.java:logGet(43)) - raft.server.sleep.deviation.threshold = 300 (default)
2019-07-14 08:38:39,451 INFO  server.RaftServerConfigKeys (ConfUtils.java:logGet(43)) - raft.server.log.appender.install.snapshot.enabled = false (custom)
2019-07-14 08:38:39,451 INFO  server.RaftServerConfigKeys (ConfUtils.java:logGet(43)) - raft.server.storage.dir = [/workdir/hadoop-ozone/integration-test/target/test-dir/MiniOzoneClusterImpl-8c37849b-ee6b-479b-81cf-86fe5980264c/datanode-1/data/ratis] (custom)
2019-07-14 08:38:39,451 INFO  impl.RaftServerImpl (ServerState.java:<init>(105)) - a8cea552-2699-45ae-8278-4317896b9350:group-DBA10722B97E ConfigurationManager, init=-1: [24defd36-f550-465d-8eca-c7db59fabf58:192.168.5.191:42099, a8cea552-2699-45ae-8278-4317896b9350:192.168.5.191:42756, 4769d2c9-7940-482b-b46d-49f67155139d:192.168.5.191:39435], old=null, confs=<EMPTY_MAP>
2019-07-14 08:38:39,451 INFO  server.RaftServerConfigKeys (ConfUtils.java:logGet(43)) - raft.server.sleep.deviation.threshold = 300 (default)
2019-07-14 08:38:39,452 INFO  server.RaftServerConfigKeys (ConfUtils.java:logGet(43)) - raft.server.storage.dir = [/workdir/hadoop-ozone/integration-test/target/test-dir/MiniOzoneClusterImpl-8c37849b-ee6b-479b-81cf-86fe5980264c/datanode-0/data/ratis] (custom)
2019-07-14 08:38:39,452 INFO  storage.RaftStorageDirectory (RaftStorageDirectory.java:analyzeStorage(246)) - The storage directory /workdir/hadoop-ozone/integration-test/target/test-dir/MiniOzoneClusterImpl-8c37849b-ee6b-479b-81cf-86fe5980264c/datanode-1/data/ratis/b4a5756e-cf1e-4ae1-8a17-dba10722b97e does not exist. Creating ...
2019-07-14 08:38:39,452 INFO  server.RaftServerConfigKeys (ConfUtils.java:logGet(43)) - raft.server.log.appender.install.snapshot.enabled = false (custom)
2019-07-14 08:38:39,452 INFO  storage.RaftStorageDirectory (RaftStorageDirectory.java:analyzeStorage(246)) - The storage directory /workdir/hadoop-ozone/integration-test/target/test-dir/MiniOzoneClusterImpl-8c37849b-ee6b-479b-81cf-86fe5980264c/datanode-0/data/ratis/b4a5756e-cf1e-4ae1-8a17-dba10722b97e does not exist. Creating ...
2019-07-14 08:38:39,452 INFO  impl.RaftServerImpl (ServerState.java:<init>(105)) - 4769d2c9-7940-482b-b46d-49f67155139d:group-DBA10722B97E ConfigurationManager, init=-1: [24defd36-f550-465d-8eca-c7db59fabf58:192.168.5.191:42099, a8cea552-2699-45ae-8278-4317896b9350:192.168.5.191:42756, 4769d2c9-7940-482b-b46d-49f67155139d:192.168.5.191:39435], old=null, confs=<EMPTY_MAP>
2019-07-14 08:38:39,453 INFO  server.RaftServerConfigKeys (ConfUtils.java:logGet(43)) - raft.server.storage.dir = [/workdir/hadoop-ozone/integration-test/target/test-dir/MiniOzoneClusterImpl-8c37849b-ee6b-479b-81cf-86fe5980264c/datanode-2/data/ratis] (custom)
2019-07-14 08:38:39,453 INFO  storage.RaftStorageDirectory (RaftStorageDirectory.java:analyzeStorage(246)) - The storage directory /workdir/hadoop-ozone/integration-test/target/test-dir/MiniOzoneClusterImpl-8c37849b-ee6b-479b-81cf-86fe5980264c/datanode-2/data/ratis/b4a5756e-cf1e-4ae1-8a17-dba10722b97e does not exist. Creating ...
2019-07-14 08:38:39,458 INFO  storage.RaftStorageDirectory (RaftStorageDirectory.java:tryLock(328)) - Lock on /workdir/hadoop-ozone/integration-test/target/test-dir/MiniOzoneClusterImpl-8c37849b-ee6b-479b-81cf-86fe5980264c/datanode-0/data/ratis/b4a5756e-cf1e-4ae1-8a17-dba10722b97e/in_use.lock acquired by nodename 31844@trunk-nightly-5z2vd-27108033
2019-07-14 08:38:39,458 INFO  storage.RaftStorageDirectory (RaftStorageDirectory.java:tryLock(328)) - Lock on /workdir/hadoop-ozone/integration-test/target/test-dir/MiniOzoneClusterImpl-8c37849b-ee6b-479b-81cf-86fe5980264c/datanode-1/data/ratis/b4a5756e-cf1e-4ae1-8a17-dba10722b97e/in_use.lock acquired by nodename 31844@trunk-nightly-5z2vd-27108033
2019-07-14 08:38:39,458 INFO  storage.RaftStorageDirectory (RaftStorageDirectory.java:tryLock(328)) - Lock on /workdir/hadoop-ozone/integration-test/target/test-dir/MiniOzoneClusterImpl-8c37849b-ee6b-479b-81cf-86fe5980264c/datanode-2/data/ratis/b4a5756e-cf1e-4ae1-8a17-dba10722b97e/in_use.lock acquired by nodename 31844@trunk-nightly-5z2vd-27108033
2019-07-14 08:38:39,463 INFO  storage.RaftStorage (RaftStorage.java:format(72)) - Storage directory /workdir/hadoop-ozone/integration-test/target/test-dir/MiniOzoneClusterImpl-8c37849b-ee6b-479b-81cf-86fe5980264c/datanode-2/data/ratis/b4a5756e-cf1e-4ae1-8a17-dba10722b97e has been successfully formatted.
2019-07-14 08:38:39,463 INFO  storage.RaftStorage (RaftStorage.java:format(72)) - Storage directory /workdir/hadoop-ozone/integration-test/target/test-dir/MiniOzoneClusterImpl-8c37849b-ee6b-479b-81cf-86fe5980264c/datanode-0/data/ratis/b4a5756e-cf1e-4ae1-8a17-dba10722b97e has been successfully formatted.
2019-07-14 08:38:39,463 INFO  storage.RaftStorage (RaftStorage.java:format(72)) - Storage directory /workdir/hadoop-ozone/integration-test/target/test-dir/MiniOzoneClusterImpl-8c37849b-ee6b-479b-81cf-86fe5980264c/datanode-1/data/ratis/b4a5756e-cf1e-4ae1-8a17-dba10722b97e has been successfully formatted.
2019-07-14 08:38:39,463 INFO  ratis.ContainerStateMachine (ContainerStateMachine.java:loadSnapshot(200)) - group-DBA10722B97E: The snapshot info is null. Setting the last applied indexto:(t:0, i:~)
2019-07-14 08:38:39,463 INFO  ratis.ContainerStateMachine (ContainerStateMachine.java:loadSnapshot(200)) - group-DBA10722B97E: The snapshot info is null. Setting the last applied indexto:(t:0, i:~)
2019-07-14 08:38:39,463 INFO  server.RaftServerConfigKeys (ConfUtils.java:logGet(43)) - raft.server.leader.election.timeout = 120s (custom)
2019-07-14 08:38:39,463 INFO  ratis.ContainerStateMachine (ContainerStateMachine.java:loadSnapshot(200)) - group-DBA10722B97E: The snapshot info is null. Setting the last applied indexto:(t:0, i:~)
2019-07-14 08:38:39,464 INFO  server.RaftServerConfigKeys (ConfUtils.java:logGet(43)) - raft.server.log.use.memory = false (default)
2019-07-14 08:38:39,463 INFO  server.RaftServerConfigKeys (ConfUtils.java:logGet(43)) - raft.server.leader.election.timeout = 120s (custom)
2019-07-14 08:38:39,464 INFO  server.RaftServerConfigKeys (ConfUtils.java:logGet(43)) - raft.server.log.purge.gap = 1000000000 (custom)
2019-07-14 08:38:39,464 INFO  server.RaftServerConfigKeys (ConfUtils.java:logGet(43)) - raft.server.leader.election.timeout = 120s (custom)
2019-07-14 08:38:39,464 INFO  server.RaftServerConfigKeys (ConfUtils.java:logGet(43)) - raft.server.log.appender.buffer.byte-limit = 33554432 (custom)
2019-07-14 08:38:39,464 INFO  server.RaftServerConfigKeys (ConfUtils.java:logGet(43)) - raft.server.log.use.memory = false (default)
2019-07-14 08:38:39,464 INFO  server.RaftServerConfigKeys (ConfUtils.java:logGet(43)) - raft.server.log.segment.size.max = 1048576 (custom)
2019-07-14 08:38:39,464 INFO  server.RaftServerConfigKeys (ConfUtils.java:logGet(43)) - raft.server.log.use.memory = false (default)
2019-07-14 08:38:39,465 INFO  server.RaftServerConfigKeys (ConfUtils.java:logGet(43)) - raft.server.log.segment.cache.num.max = 2 (custom)
2019-07-14 08:38:39,465 INFO  server.RaftServerConfigKeys (ConfUtils.java:logGet(43)) - raft.server.log.purge.gap = 1000000000 (custom)
2019-07-14 08:38:39,465 INFO  segmented.SegmentedRaftLogWorker (SegmentedRaftLogWorker.java:<init>(172)) - new a8cea552-2699-45ae-8278-4317896b9350-SegmentedRaftLogWorker:Storage Directory /workdir/hadoop-ozone/integration-test/target/test-dir/MiniOzoneClusterImpl-8c37849b-ee6b-479b-81cf-86fe5980264c/datanode-0/data/ratis/b4a5756e-cf1e-4ae1-8a17-dba10722b97e for RaftStorage:Storage Directory /workdir/hadoop-ozone/integration-test/target/test-dir/MiniOzoneClusterImpl-8c37849b-ee6b-479b-81cf-86fe5980264c/datanode-0/data/ratis/b4a5756e-cf1e-4ae1-8a17-dba10722b97e
2019-07-14 08:38:39,465 INFO  server.RaftServerConfigKeys (ConfUtils.java:logGet(43)) - raft.server.log.purge.gap = 1000000000 (custom)
2019-07-14 08:38:39,465 INFO  server.RaftServerConfigKeys (ConfUtils.java:logGet(43)) - raft.server.log.queue.byte-limit = 2147483647 (custom)
2019-07-14 08:38:39,465 INFO  server.RaftServerConfigKeys (ConfUtils.java:logGet(43)) - raft.server.log.appender.buffer.byte-limit = 33554432 (custom)
2019-07-14 08:38:39,466 INFO  server.RaftServerConfigKeys (ConfUtils.java:logGet(43)) - raft.server.log.queue.element-limit = 1024 (custom)
2019-07-14 08:38:39,465 INFO  server.RaftServerConfigKeys (ConfUtils.java:logGet(43)) - raft.server.log.appender.buffer.byte-limit = 33554432 (custom)
2019-07-14 08:38:39,466 INFO  server.RaftServerConfigKeys (ConfUtils.java:logGet(43)) - raft.server.log.segment.size.max = 1048576 (custom)
2019-07-14 08:38:39,466 INFO  server.RaftServerConfigKeys (ConfUtils.java:logGet(43)) - raft.server.log.segment.size.max = 1048576 (custom)
2019-07-14 08:38:39,466 INFO  server.RaftServerConfigKeys (ConfUtils.java:logGet(43)) - raft.server.log.preallocated.size = 16384 (custom)
2019-07-14 08:38:39,467 INFO  server.RaftServerConfigKeys (ConfUtils.java:logGet(43)) - raft.server.log.write.buffer.size = 33554432 (custom)
2019-07-14 08:38:39,466 INFO  server.RaftServerConfigKeys (ConfUtils.java:logGet(43)) - raft.server.log.segment.size.max = 1048576 (custom)
2019-07-14 08:38:39,467 INFO  server.RaftServerConfigKeys (ConfUtils.java:logGet(43)) - raft.server.log.force.sync.num = 128 (default)
2019-07-14 08:38:39,467 INFO  server.RaftServerConfigKeys (ConfUtils.java:logGet(43)) - raft.server.log.statemachine.data.sync = true (default)
2019-07-14 08:38:39,466 INFO  server.RaftServerConfigKeys (ConfUtils.java:logGet(43)) - raft.server.log.segment.cache.num.max = 2 (custom)
2019-07-14 08:38:39,467 INFO  server.RaftServerConfigKeys (ConfUtils.java:logGet(43)) - raft.server.log.statemachine.data.sync.timeout = 10s (default)
2019-07-14 08:38:39,468 INFO  server.RaftServerConfigKeys (ConfUtils.java:logGet(43)) - raft.server.log.statemachine.data.sync.timeout.retry = -1 (default)
2019-07-14 08:38:39,467 INFO  server.RaftServerConfigKeys (ConfUtils.java:logGet(43)) - raft.server.log.segment.cache.num.max = 2 (custom)
2019-07-14 08:38:39,468 INFO  server.RaftServerConfigKeys (ConfUtils.java:logGet(43)) - raft.server.log.statemachine.data.caching.enabled = true (custom)
2019-07-14 08:38:39,467 INFO  segmented.SegmentedRaftLogWorker (SegmentedRaftLogWorker.java:<init>(172)) - new 4769d2c9-7940-482b-b46d-49f67155139d-SegmentedRaftLogWorker:Storage Directory /workdir/hadoop-ozone/integration-test/target/test-dir/MiniOzoneClusterImpl-8c37849b-ee6b-479b-81cf-86fe5980264c/datanode-2/data/ratis/b4a5756e-cf1e-4ae1-8a17-dba10722b97e for RaftStorage:Storage Directory /workdir/hadoop-ozone/integration-test/target/test-dir/MiniOzoneClusterImpl-8c37849b-ee6b-479b-81cf-86fe5980264c/datanode-2/data/ratis/b4a5756e-cf1e-4ae1-8a17-dba10722b97e
2019-07-14 08:38:39,468 INFO  segmented.SegmentedRaftLogWorker (SegmentedRaftLogWorker.java:lambda$new$0(132)) - a8cea552-2699-45ae-8278-4317896b9350-SegmentedRaftLogWorker:Storage Directory /workdir/hadoop-ozone/integration-test/target/test-dir/MiniOzoneClusterImpl-8c37849b-ee6b-479b-81cf-86fe5980264c/datanode-0/data/ratis/b4a5756e-cf1e-4ae1-8a17-dba10722b97e: flushIndex: setUnconditionally 0 -> -1
2019-07-14 08:38:39,468 INFO  segmented.SegmentedRaftLogWorker (SegmentedRaftLogWorker.java:<init>(172)) - new 24defd36-f550-465d-8eca-c7db59fabf58-SegmentedRaftLogWorker:Storage Directory /workdir/hadoop-ozone/integration-test/target/test-dir/MiniOzoneClusterImpl-8c37849b-ee6b-479b-81cf-86fe5980264c/datanode-1/data/ratis/b4a5756e-cf1e-4ae1-8a17-dba10722b97e for RaftStorage:Storage Directory /workdir/hadoop-ozone/integration-test/target/test-dir/MiniOzoneClusterImpl-8c37849b-ee6b-479b-81cf-86fe5980264c/datanode-1/data/ratis/b4a5756e-cf1e-4ae1-8a17-dba10722b97e
2019-07-14 08:38:39,468 INFO  server.RaftServerConfigKeys (ConfUtils.java:logGet(43)) - raft.server.log.queue.byte-limit = 2147483647 (custom)
2019-07-14 08:38:39,469 INFO  server.RaftServerConfigKeys (ConfUtils.java:logGet(43)) - raft.server.snapshot.auto.trigger.enabled = true (custom)
2019-07-14 08:38:39,468 INFO  server.RaftServerConfigKeys (ConfUtils.java:logGet(43)) - raft.server.log.queue.byte-limit = 2147483647 (custom)
2019-07-14 08:38:39,469 INFO  server.RaftServerConfigKeys (ConfUtils.java:logGet(43)) - raft.server.snapshot.auto.trigger.threshold = 10000 (custom)
2019-07-14 08:38:39,469 INFO  server.RaftServerConfigKeys (ConfUtils.java:logGet(43)) - raft.server.log.queue.element-limit = 1024 (custom)
2019-07-14 08:38:39,469 INFO  server.RaftServerConfigKeys (ConfUtils.java:logGet(43)) - raft.server.retrycache.expirytime = 600000ms (custom)
2019-07-14 08:38:39,469 INFO  server.RaftServerConfigKeys (ConfUtils.java:logGet(43)) - raft.server.log.queue.element-limit = 1024 (custom)
2019-07-14 08:38:39,469 INFO  impl.RaftServerImpl (RaftServerImpl.java:start(180)) - a8cea552-2699-45ae-8278-4317896b9350: start group-DBA10722B97E
2019-07-14 08:38:39,469 INFO  server.RaftServerConfigKeys (ConfUtils.java:logGet(43)) - raft.server.log.segment.size.max = 1048576 (custom)
2019-07-14 08:38:39,470 INFO  impl.RaftServerImpl (RaftServerImpl.java:setRole(171)) - a8cea552-2699-45ae-8278-4317896b9350:group-DBA10722B97E changes role from null to FOLLOWER at term 0 for startAsFollower
2019-07-14 08:38:39,470 INFO  impl.RoleInfo (RoleInfo.java:updateAndGet(143)) - a8cea552-2699-45ae-8278-4317896b9350: start FollowerState
2019-07-14 08:38:39,470 INFO  server.RaftServerConfigKeys (ConfUtils.java:logGet(43)) - raft.server.log.segment.size.max = 1048576 (custom)
2019-07-14 08:38:39,470 INFO  server.RaftServerConfigKeys (ConfUtils.java:logGet(43)) - raft.server.log.preallocated.size = 16384 (custom)
2019-07-14 08:38:39,470 INFO  util.JmxRegister (JmxRegister.java:tryRegister(44)) - Successfully registered JMX Bean with object name Ratis:service=RaftServer,group=group-DBA10722B97E,id=a8cea552-2699-45ae-8278-4317896b9350
2019-07-14 08:38:39,470 INFO  server.RaftServerConfigKeys (ConfUtils.java:logGet(43)) - raft.server.log.preallocated.size = 16384 (custom)
2019-07-14 08:38:39,470 INFO  server.RaftServerConfigKeys (ConfUtils.java:logGet(43)) - raft.server.log.write.buffer.size = 33554432 (custom)
2019-07-14 08:38:39,471 INFO  server.RaftServerConfigKeys (ConfUtils.java:logGet(43)) - raft.server.log.write.buffer.size = 33554432 (custom)
2019-07-14 08:38:39,471 INFO  server.RaftServerConfigKeys (ConfUtils.java:logGet(43)) - raft.server.log.force.sync.num = 128 (default)
2019-07-14 08:38:39,471 INFO  server.RaftServerConfigKeys (ConfUtils.java:logGet(43)) - raft.server.log.force.sync.num = 128 (default)
2019-07-14 08:38:39,471 INFO  server.RaftServerConfigKeys (ConfUtils.java:logGet(43)) - raft.server.log.statemachine.data.sync = true (default)
2019-07-14 08:38:39,471 INFO  server.RaftServerConfigKeys (ConfUtils.java:logGet(43)) - raft.server.log.statemachine.data.sync = true (default)
2019-07-14 08:38:39,472 INFO  server.RaftServerConfigKeys (ConfUtils.java:logGet(43)) - raft.server.log.statemachine.data.sync.timeout = 10s (default)
2019-07-14 08:38:39,472 INFO  server.RaftServerConfigKeys (ConfUtils.java:logGet(43)) - raft.server.log.statemachine.data.sync.timeout = 10s (default)
2019-07-14 08:38:39,472 INFO  server.RaftServerConfigKeys (ConfUtils.java:logGet(43)) - raft.server.log.statemachine.data.sync.timeout.retry = -1 (default)
2019-07-14 08:38:39,472 INFO  server.RaftServerConfigKeys (ConfUtils.java:logGet(43)) - raft.server.log.statemachine.data.sync.timeout.retry = -1 (default)
2019-07-14 08:38:39,473 INFO  server.RaftServerConfigKeys (ConfUtils.java:logGet(43)) - raft.server.log.statemachine.data.caching.enabled = true (custom)
2019-07-14 08:38:39,473 INFO  server.RaftServerConfigKeys (ConfUtils.java:logGet(43)) - raft.server.log.statemachine.data.caching.enabled = true (custom)
2019-07-14 08:38:39,473 INFO  segmented.SegmentedRaftLogWorker (SegmentedRaftLogWorker.java:lambda$new$0(132)) - 4769d2c9-7940-482b-b46d-49f67155139d-SegmentedRaftLogWorker:Storage Directory /workdir/hadoop-ozone/integration-test/target/test-dir/MiniOzoneClusterImpl-8c37849b-ee6b-479b-81cf-86fe5980264c/datanode-2/data/ratis/b4a5756e-cf1e-4ae1-8a17-dba10722b97e: flushIndex: setUnconditionally 0 -> -1
2019-07-14 08:38:39,473 INFO  segmented.SegmentedRaftLogWorker (SegmentedRaftLogWorker.java:lambda$new$0(132)) - 24defd36-f550-465d-8eca-c7db59fabf58-SegmentedRaftLogWorker:Storage Directory /workdir/hadoop-ozone/integration-test/target/test-dir/MiniOzoneClusterImpl-8c37849b-ee6b-479b-81cf-86fe5980264c/datanode-1/data/ratis/b4a5756e-cf1e-4ae1-8a17-dba10722b97e: flushIndex: setUnconditionally 0 -> -1
2019-07-14 08:38:39,473 INFO  server.RaftServerConfigKeys (ConfUtils.java:logGet(43)) - raft.server.snapshot.auto.trigger.enabled = true (custom)
2019-07-14 08:38:39,474 INFO  server.RaftServerConfigKeys (ConfUtils.java:logGet(43)) - raft.server.snapshot.auto.trigger.enabled = true (custom)
2019-07-14 08:38:39,474 INFO  server.RaftServerConfigKeys (ConfUtils.java:logGet(43)) - raft.server.snapshot.auto.trigger.threshold = 10000 (custom)
2019-07-14 08:38:39,474 INFO  server.RaftServerConfigKeys (ConfUtils.java:logGet(43)) - raft.server.snapshot.auto.trigger.threshold = 10000 (custom)
2019-07-14 08:38:39,474 INFO  server.RaftServerConfigKeys (ConfUtils.java:logGet(43)) - raft.server.retrycache.expirytime = 600000ms (custom)
2019-07-14 08:38:39,474 INFO  server.RaftServerConfigKeys (ConfUtils.java:logGet(43)) - raft.server.retrycache.expirytime = 600000ms (custom)
2019-07-14 08:38:39,474 INFO  impl.RaftServerImpl (RaftServerImpl.java:start(180)) - 4769d2c9-7940-482b-b46d-49f67155139d: start group-DBA10722B97E
2019-07-14 08:38:39,474 INFO  impl.RaftServerImpl (RaftServerImpl.java:start(180)) - 24defd36-f550-465d-8eca-c7db59fabf58: start group-DBA10722B97E
2019-07-14 08:38:39,474 INFO  impl.RaftServerImpl (RaftServerImpl.java:setRole(171)) - 4769d2c9-7940-482b-b46d-49f67155139d:group-DBA10722B97E changes role from null to FOLLOWER at term 0 for startAsFollower
2019-07-14 08:38:39,475 INFO  impl.RaftServerImpl (RaftServerImpl.java:setRole(171)) - 24defd36-f550-465d-8eca-c7db59fabf58:group-DBA10722B97E changes role from null to FOLLOWER at term 0 for startAsFollower
2019-07-14 08:38:39,475 INFO  impl.RoleInfo (RoleInfo.java:updateAndGet(143)) - 4769d2c9-7940-482b-b46d-49f67155139d: start FollowerState
2019-07-14 08:38:39,475 INFO  impl.RoleInfo (RoleInfo.java:updateAndGet(143)) - 24defd36-f550-465d-8eca-c7db59fabf58: start FollowerState
2019-07-14 08:38:39,475 INFO  util.JmxRegister (JmxRegister.java:tryRegister(44)) - Successfully registered JMX Bean with object name Ratis:service=RaftServer,group=group-DBA10722B97E,id=4769d2c9-7940-482b-b46d-49f67155139d
2019-07-14 08:38:39,475 INFO  util.JmxRegister (JmxRegister.java:tryRegister(44)) - Successfully registered JMX Bean with object name Ratis:service=RaftServer,group=group-DBA10722B97E,id=24defd36-f550-465d-8eca-c7db59fabf58
2019-07-14 08:38:39,477 INFO  pipeline.PipelineStateManager (PipelineStateManager.java:addPipeline(56)) - Created pipeline Pipeline[ Id: b4a5756e-cf1e-4ae1-8a17-dba10722b97e, Nodes: 24defd36-f550-465d-8eca-c7db59fabf58{ip: 192.168.5.191, host: trunk-nightly-5z2vd-27108033, networkLocation: /default-rack, certSerialId: null}4769d2c9-7940-482b-b46d-49f67155139d{ip: 192.168.5.191, host: trunk-nightly-5z2vd-27108033, networkLocation: /default-rack, certSerialId: null}a8cea552-2699-45ae-8278-4317896b9350{ip: 192.168.5.191, host: trunk-nightly-5z2vd-27108033, networkLocation: /default-rack, certSerialId: null}, Type:RATIS, Factor:THREE, State:OPEN]
2019-07-14 08:38:39,609 INFO  node.SCMNodeManager (SCMNodeManager.java:register(269)) - Registered Data node : ee405930-b1f4-4448-af63-adfe72e2c983{ip: 192.168.5.191, host: trunk-nightly-5z2vd-27108033, networkLocation: /default-rack, certSerialId: null}
2019-07-14 08:38:39,616 INFO  impl.RaftServerProxy (RaftServerProxy.java:addNew(89)) - ee405930-b1f4-4448-af63-adfe72e2c983: addNew group-8941310C78C9:[ee405930-b1f4-4448-af63-adfe72e2c983:192.168.5.191:35939] returns group-8941310C78C9:java.util.concurrent.CompletableFuture@25c05576[Not completed]
2019-07-14 08:38:39,617 INFO  impl.RaftServerImpl (RaftServerImpl.java:<init>(93)) - ee405930-b1f4-4448-af63-adfe72e2c983: new RaftServerImpl for group-8941310C78C9:[ee405930-b1f4-4448-af63-adfe72e2c983:192.168.5.191:35939] with ContainerStateMachine:uninitialized
2019-07-14 08:38:39,617 INFO  server.RaftServerConfigKeys (ConfUtils.java:logGet(43)) - raft.server.rpc.timeout.min = 5s (custom)
2019-07-14 08:38:39,617 INFO  server.RaftServerConfigKeys (ConfUtils.java:logGet(43)) - raft.server.rpc.timeout.max = 5200ms (custom)
2019-07-14 08:38:39,617 INFO  server.RaftServerConfigKeys (ConfUtils.java:logGet(43)) - raft.server.rpcslowness.timeout = 120s (custom)
2019-07-14 08:38:39,617 INFO  server.RaftServerConfigKeys (ConfUtils.java:logGet(43)) - raft.server.sleep.deviation.threshold = 300 (default)
2019-07-14 08:38:39,617 INFO  server.RaftServerConfigKeys (ConfUtils.java:logGet(43)) - raft.server.log.appender.install.snapshot.enabled = false (custom)
2019-07-14 08:38:39,618 INFO  impl.RaftServerImpl (ServerState.java:<init>(105)) - ee405930-b1f4-4448-af63-adfe72e2c983:group-8941310C78C9 ConfigurationManager, init=-1: [ee405930-b1f4-4448-af63-adfe72e2c983:192.168.5.191:35939], old=null, confs=<EMPTY_MAP>
2019-07-14 08:38:39,618 INFO  server.RaftServerConfigKeys (ConfUtils.java:logGet(43)) - raft.server.storage.dir = [/workdir/hadoop-ozone/integration-test/target/test-dir/MiniOzoneClusterImpl-8c37849b-ee6b-479b-81cf-86fe5980264c/datanode-3/data/ratis] (custom)
2019-07-14 08:38:39,618 INFO  storage.RaftStorageDirectory (RaftStorageDirectory.java:analyzeStorage(246)) - The storage directory /workdir/hadoop-ozone/integration-test/target/test-dir/MiniOzoneClusterImpl-8c37849b-ee6b-479b-81cf-86fe5980264c/datanode-3/data/ratis/4389c57f-02a2-4819-97bf-8941310c78c9 does not exist. Creating ...
2019-07-14 08:38:39,630 INFO  storage.RaftStorageDirectory (RaftStorageDirectory.java:tryLock(328)) - Lock on /workdir/hadoop-ozone/integration-test/target/test-dir/MiniOzoneClusterImpl-8c37849b-ee6b-479b-81cf-86fe5980264c/datanode-3/data/ratis/4389c57f-02a2-4819-97bf-8941310c78c9/in_use.lock acquired by nodename 31844@trunk-nightly-5z2vd-27108033
2019-07-14 08:38:39,634 INFO  storage.RaftStorage (RaftStorage.java:format(72)) - Storage directory /workdir/hadoop-ozone/integration-test/target/test-dir/MiniOzoneClusterImpl-8c37849b-ee6b-479b-81cf-86fe5980264c/datanode-3/data/ratis/4389c57f-02a2-4819-97bf-8941310c78c9 has been successfully formatted.
2019-07-14 08:38:39,635 INFO  ratis.ContainerStateMachine (ContainerStateMachine.java:loadSnapshot(200)) - group-8941310C78C9: The snapshot info is null. Setting the last applied indexto:(t:0, i:~)
2019-07-14 08:38:39,635 INFO  server.RaftServerConfigKeys (ConfUtils.java:logGet(43)) - raft.server.leader.election.timeout = 120s (custom)
2019-07-14 08:38:39,635 INFO  server.RaftServerConfigKeys (ConfUtils.java:logGet(43)) - raft.server.log.use.memory = false (default)
2019-07-14 08:38:39,635 INFO  server.RaftServerConfigKeys (ConfUtils.java:logGet(43)) - raft.server.log.purge.gap = 1000000000 (custom)
2019-07-14 08:38:39,635 INFO  server.RaftServerConfigKeys (ConfUtils.java:logGet(43)) - raft.server.log.appender.buffer.byte-limit = 33554432 (custom)
2019-07-14 08:38:39,635 INFO  server.RaftServerConfigKeys (ConfUtils.java:logGet(43)) - raft.server.log.segment.size.max = 1048576 (custom)
2019-07-14 08:38:39,635 INFO  server.RaftServerConfigKeys (ConfUtils.java:logGet(43)) - raft.server.log.segment.cache.num.max = 2 (custom)
2019-07-14 08:38:39,636 INFO  segmented.SegmentedRaftLogWorker (SegmentedRaftLogWorker.java:<init>(172)) - new ee405930-b1f4-4448-af63-adfe72e2c983-SegmentedRaftLogWorker:Storage Directory /workdir/hadoop-ozone/integration-test/target/test-dir/MiniOzoneClusterImpl-8c37849b-ee6b-479b-81cf-86fe5980264c/datanode-3/data/ratis/4389c57f-02a2-4819-97bf-8941310c78c9 for RaftStorage:Storage Directory /workdir/hadoop-ozone/integration-test/target/test-dir/MiniOzoneClusterImpl-8c37849b-ee6b-479b-81cf-86fe5980264c/datanode-3/data/ratis/4389c57f-02a2-4819-97bf-8941310c78c9
2019-07-14 08:38:39,636 INFO  server.RaftServerConfigKeys (ConfUtils.java:logGet(43)) - raft.server.log.queue.byte-limit = 2147483647 (custom)
2019-07-14 08:38:39,636 INFO  server.RaftServerConfigKeys (ConfUtils.java:logGet(43)) - raft.server.log.queue.element-limit = 1024 (custom)
2019-07-14 08:38:39,636 INFO  server.RaftServerConfigKeys (ConfUtils.java:logGet(43)) - raft.server.log.segment.size.max = 1048576 (custom)
2019-07-14 08:38:39,636 INFO  server.RaftServerConfigKeys (ConfUtils.java:logGet(43)) - raft.server.log.preallocated.size = 16384 (custom)
2019-07-14 08:38:39,636 INFO  server.RaftServerConfigKeys (ConfUtils.java:logGet(43)) - raft.server.log.write.buffer.size = 33554432 (custom)
2019-07-14 08:38:39,637 INFO  server.RaftServerConfigKeys (ConfUtils.java:logGet(43)) - raft.server.log.force.sync.num = 128 (default)
2019-07-14 08:38:39,637 INFO  server.RaftServerConfigKeys (ConfUtils.java:logGet(43)) - raft.server.log.statemachine.data.sync = true (default)
2019-07-14 08:38:39,637 INFO  server.RaftServerConfigKeys (ConfUtils.java:logGet(43)) - raft.server.log.statemachine.data.sync.timeout = 10s (default)
2019-07-14 08:38:39,637 INFO  server.RaftServerConfigKeys (ConfUtils.java:logGet(43)) - raft.server.log.statemachine.data.sync.timeout.retry = -1 (default)
2019-07-14 08:38:39,637 INFO  server.RaftServerConfigKeys (ConfUtils.java:logGet(43)) - raft.server.log.statemachine.data.caching.enabled = true (custom)
2019-07-14 08:38:39,638 INFO  segmented.SegmentedRaftLogWorker (SegmentedRaftLogWorker.java:lambda$new$0(132)) - ee405930-b1f4-4448-af63-adfe72e2c983-SegmentedRaftLogWorker:Storage Directory /workdir/hadoop-ozone/integration-test/target/test-dir/MiniOzoneClusterImpl-8c37849b-ee6b-479b-81cf-86fe5980264c/datanode-3/data/ratis/4389c57f-02a2-4819-97bf-8941310c78c9: flushIndex: setUnconditionally 0 -> -1
2019-07-14 08:38:39,638 INFO  server.RaftServerConfigKeys (ConfUtils.java:logGet(43)) - raft.server.snapshot.auto.trigger.enabled = true (custom)
2019-07-14 08:38:39,638 INFO  server.RaftServerConfigKeys (ConfUtils.java:logGet(43)) - raft.server.snapshot.auto.trigger.threshold = 10000 (custom)
2019-07-14 08:38:39,638 INFO  server.RaftServerConfigKeys (ConfUtils.java:logGet(43)) - raft.server.retrycache.expirytime = 600000ms (custom)
2019-07-14 08:38:39,639 INFO  impl.RaftServerImpl (RaftServerImpl.java:start(180)) - ee405930-b1f4-4448-af63-adfe72e2c983: start group-8941310C78C9
2019-07-14 08:38:39,639 INFO  impl.RaftServerImpl (RaftServerImpl.java:setRole(171)) - ee405930-b1f4-4448-af63-adfe72e2c983:group-8941310C78C9 changes role from null to FOLLOWER at term 0 for startAsFollower
2019-07-14 08:38:39,639 INFO  impl.RoleInfo (RoleInfo.java:updateAndGet(143)) - ee405930-b1f4-4448-af63-adfe72e2c983: start FollowerState
2019-07-14 08:38:39,650 INFO  util.JmxRegister (JmxRegister.java:tryRegister(44)) - Successfully registered JMX Bean with object name Ratis:service=RaftServer,group=group-8941310C78C9,id=ee405930-b1f4-4448-af63-adfe72e2c983
2019-07-14 08:38:39,660 INFO  pipeline.PipelineStateManager (PipelineStateManager.java:addPipeline(56)) - Created pipeline Pipeline[ Id: 4389c57f-02a2-4819-97bf-8941310c78c9, Nodes: ee405930-b1f4-4448-af63-adfe72e2c983{ip: 192.168.5.191, host: trunk-nightly-5z2vd-27108033, networkLocation: /default-rack, certSerialId: null}, Type:RATIS, Factor:ONE, State:OPEN]
2019-07-14 08:38:39,797 INFO  node.SCMNodeManager (SCMNodeManager.java:register(269)) - Registered Data node : 6bedcca4-5eec-4fa9-8466-1c8e4f91b574{ip: 192.168.5.191, host: trunk-nightly-5z2vd-27108033, networkLocation: /default-rack, certSerialId: null}
2019-07-14 08:38:39,804 INFO  impl.RaftServerProxy (RaftServerProxy.java:addNew(89)) - 6bedcca4-5eec-4fa9-8466-1c8e4f91b574: addNew group-9209A58C6435:[6bedcca4-5eec-4fa9-8466-1c8e4f91b574:192.168.5.191:46138] returns group-9209A58C6435:java.util.concurrent.CompletableFuture@7e6fe49[Not completed]
2019-07-14 08:38:39,805 INFO  impl.RaftServerImpl (RaftServerImpl.java:<init>(93)) - 6bedcca4-5eec-4fa9-8466-1c8e4f91b574: new RaftServerImpl for group-9209A58C6435:[6bedcca4-5eec-4fa9-8466-1c8e4f91b574:192.168.5.191:46138] with ContainerStateMachine:uninitialized
2019-07-14 08:38:39,805 INFO  server.RaftServerConfigKeys (ConfUtils.java:logGet(43)) - raft.server.rpc.timeout.min = 5s (custom)
2019-07-14 08:38:39,805 INFO  server.RaftServerConfigKeys (ConfUtils.java:logGet(43)) - raft.server.rpc.timeout.max = 5200ms (custom)
2019-07-14 08:38:39,805 INFO  server.RaftServerConfigKeys (ConfUtils.java:logGet(43)) - raft.server.rpcslowness.timeout = 120s (custom)
2019-07-14 08:38:39,805 INFO  server.RaftServerConfigKeys (ConfUtils.java:logGet(43)) - raft.server.sleep.deviation.threshold = 300 (default)
2019-07-14 08:38:39,806 INFO  server.RaftServerConfigKeys (ConfUtils.java:logGet(43)) - raft.server.log.appender.install.snapshot.enabled = false (custom)
2019-07-14 08:38:39,806 INFO  impl.RaftServerImpl (ServerState.java:<init>(105)) - 6bedcca4-5eec-4fa9-8466-1c8e4f91b574:group-9209A58C6435 ConfigurationManager, init=-1: [6bedcca4-5eec-4fa9-8466-1c8e4f91b574:192.168.5.191:46138], old=null, confs=<EMPTY_MAP>
2019-07-14 08:38:39,806 INFO  server.RaftServerConfigKeys (ConfUtils.java:logGet(43)) - raft.server.storage.dir = [/workdir/hadoop-ozone/integration-test/target/test-dir/MiniOzoneClusterImpl-8c37849b-ee6b-479b-81cf-86fe5980264c/datanode-4/data/ratis] (custom)
2019-07-14 08:38:39,806 INFO  storage.RaftStorageDirectory (RaftStorageDirectory.java:analyzeStorage(246)) - The storage directory /workdir/hadoop-ozone/integration-test/target/test-dir/MiniOzoneClusterImpl-8c37849b-ee6b-479b-81cf-86fe5980264c/datanode-4/data/ratis/0350c28a-26f1-4909-9570-9209a58c6435 does not exist. Creating ...
2019-07-14 08:38:39,811 INFO  storage.RaftStorageDirectory (RaftStorageDirectory.java:tryLock(328)) - Lock on /workdir/hadoop-ozone/integration-test/target/test-dir/MiniOzoneClusterImpl-8c37849b-ee6b-479b-81cf-86fe5980264c/datanode-4/data/ratis/0350c28a-26f1-4909-9570-9209a58c6435/in_use.lock acquired by nodename 31844@trunk-nightly-5z2vd-27108033
2019-07-14 08:38:39,815 INFO  storage.RaftStorage (RaftStorage.java:format(72)) - Storage directory /workdir/hadoop-ozone/integration-test/target/test-dir/MiniOzoneClusterImpl-8c37849b-ee6b-479b-81cf-86fe5980264c/datanode-4/data/ratis/0350c28a-26f1-4909-9570-9209a58c6435 has been successfully formatted.
2019-07-14 08:38:39,815 INFO  ratis.ContainerStateMachine (ContainerStateMachine.java:loadSnapshot(200)) - group-9209A58C6435: The snapshot info is null. Setting the last applied indexto:(t:0, i:~)
2019-07-14 08:38:39,815 INFO  server.RaftServerConfigKeys (ConfUtils.java:logGet(43)) - raft.server.leader.election.timeout = 120s (custom)
2019-07-14 08:38:39,815 INFO  server.RaftServerConfigKeys (ConfUtils.java:logGet(43)) - raft.server.log.use.memory = false (default)
2019-07-14 08:38:39,815 INFO  server.RaftServerConfigKeys (ConfUtils.java:logGet(43)) - raft.server.log.purge.gap = 1000000000 (custom)
2019-07-14 08:38:39,816 INFO  server.RaftServerConfigKeys (ConfUtils.java:logGet(43)) - raft.server.log.appender.buffer.byte-limit = 33554432 (custom)
2019-07-14 08:38:39,816 INFO  server.RaftServerConfigKeys (ConfUtils.java:logGet(43)) - raft.server.log.segment.size.max = 1048576 (custom)
2019-07-14 08:38:39,816 INFO  server.RaftServerConfigKeys (ConfUtils.java:logGet(43)) - raft.server.log.segment.cache.num.max = 2 (custom)
2019-07-14 08:38:39,816 INFO  segmented.SegmentedRaftLogWorker (SegmentedRaftLogWorker.java:<init>(172)) - new 6bedcca4-5eec-4fa9-8466-1c8e4f91b574-SegmentedRaftLogWorker:Storage Directory /workdir/hadoop-ozone/integration-test/target/test-dir/MiniOzoneClusterImpl-8c37849b-ee6b-479b-81cf-86fe5980264c/datanode-4/data/ratis/0350c28a-26f1-4909-9570-9209a58c6435 for RaftStorage:Storage Directory /workdir/hadoop-ozone/integration-test/target/test-dir/MiniOzoneClusterImpl-8c37849b-ee6b-479b-81cf-86fe5980264c/datanode-4/data/ratis/0350c28a-26f1-4909-9570-9209a58c6435
2019-07-14 08:38:39,816 INFO  server.RaftServerConfigKeys (ConfUtils.java:logGet(43)) - raft.server.log.queue.byte-limit = 2147483647 (custom)
2019-07-14 08:38:39,817 INFO  server.RaftServerConfigKeys (ConfUtils.java:logGet(43)) - raft.server.log.queue.element-limit = 1024 (custom)
2019-07-14 08:38:39,817 INFO  server.RaftServerConfigKeys (ConfUtils.java:logGet(43)) - raft.server.log.segment.size.max = 1048576 (custom)
2019-07-14 08:38:39,817 INFO  server.RaftServerConfigKeys (ConfUtils.java:logGet(43)) - raft.server.log.preallocated.size = 16384 (custom)
2019-07-14 08:38:39,817 INFO  server.RaftServerConfigKeys (ConfUtils.java:logGet(43)) - raft.server.log.write.buffer.size = 33554432 (custom)
2019-07-14 08:38:39,817 INFO  server.RaftServerConfigKeys (ConfUtils.java:logGet(43)) - raft.server.log.force.sync.num = 128 (default)
2019-07-14 08:38:39,818 INFO  server.RaftServerConfigKeys (ConfUtils.java:logGet(43)) - raft.server.log.statemachine.data.sync = true (default)
2019-07-14 08:38:39,818 INFO  server.RaftServerConfigKeys (ConfUtils.java:logGet(43)) - raft.server.log.statemachine.data.sync.timeout = 10s (default)
2019-07-14 08:38:39,818 INFO  server.RaftServerConfigKeys (ConfUtils.java:logGet(43)) - raft.server.log.statemachine.data.sync.timeout.retry = -1 (default)
2019-07-14 08:38:39,818 INFO  server.RaftServerConfigKeys (ConfUtils.java:logGet(43)) - raft.server.log.statemachine.data.caching.enabled = true (custom)
2019-07-14 08:38:39,819 INFO  segmented.SegmentedRaftLogWorker (SegmentedRaftLogWorker.java:lambda$new$0(132)) - 6bedcca4-5eec-4fa9-8466-1c8e4f91b574-SegmentedRaftLogWorker:Storage Directory /workdir/hadoop-ozone/integration-test/target/test-dir/MiniOzoneClusterImpl-8c37849b-ee6b-479b-81cf-86fe5980264c/datanode-4/data/ratis/0350c28a-26f1-4909-9570-9209a58c6435: flushIndex: setUnconditionally 0 -> -1
2019-07-14 08:38:39,819 INFO  server.RaftServerConfigKeys (ConfUtils.java:logGet(43)) - raft.server.snapshot.auto.trigger.enabled = true (custom)
2019-07-14 08:38:39,819 INFO  server.RaftServerConfigKeys (ConfUtils.java:logGet(43)) - raft.server.snapshot.auto.trigger.threshold = 10000 (custom)
2019-07-14 08:38:39,819 INFO  server.RaftServerConfigKeys (ConfUtils.java:logGet(43)) - raft.server.retrycache.expirytime = 600000ms (custom)
2019-07-14 08:38:39,820 INFO  impl.RaftServerImpl (RaftServerImpl.java:start(180)) - 6bedcca4-5eec-4fa9-8466-1c8e4f91b574: start group-9209A58C6435
2019-07-14 08:38:39,820 INFO  impl.RaftServerImpl (RaftServerImpl.java:setRole(171)) - 6bedcca4-5eec-4fa9-8466-1c8e4f91b574:group-9209A58C6435 changes role from null to FOLLOWER at term 0 for startAsFollower
2019-07-14 08:38:39,820 INFO  impl.RoleInfo (RoleInfo.java:updateAndGet(143)) - 6bedcca4-5eec-4fa9-8466-1c8e4f91b574: start FollowerState
2019-07-14 08:38:39,820 INFO  util.JmxRegister (JmxRegister.java:tryRegister(44)) - Successfully registered JMX Bean with object name Ratis:service=RaftServer,group=group-9209A58C6435,id=6bedcca4-5eec-4fa9-8466-1c8e4f91b574
2019-07-14 08:38:39,822 INFO  pipeline.PipelineStateManager (PipelineStateManager.java:addPipeline(56)) - Created pipeline Pipeline[ Id: 0350c28a-26f1-4909-9570-9209a58c6435, Nodes: 6bedcca4-5eec-4fa9-8466-1c8e4f91b574{ip: 192.168.5.191, host: trunk-nightly-5z2vd-27108033, networkLocation: /default-rack, certSerialId: null}, Type:RATIS, Factor:ONE, State:OPEN]
2019-07-14 08:38:39,967 INFO  node.SCMNodeManager (SCMNodeManager.java:register(269)) - Registered Data node : ec1a8e93-f637-42e2-ad11-c2fb9339dc8c{ip: 192.168.5.191, host: trunk-nightly-5z2vd-27108033, networkLocation: /default-rack, certSerialId: null}
2019-07-14 08:38:39,977 INFO  impl.RaftServerProxy (RaftServerProxy.java:addNew(89)) - ec1a8e93-f637-42e2-ad11-c2fb9339dc8c: addNew group-B5B414B11892:[ec1a8e93-f637-42e2-ad11-c2fb9339dc8c:192.168.5.191:45589] returns group-B5B414B11892:java.util.concurrent.CompletableFuture@6b082524[Not completed]
2019-07-14 08:38:39,978 INFO  impl.RaftServerImpl (RaftServerImpl.java:<init>(93)) - ec1a8e93-f637-42e2-ad11-c2fb9339dc8c: new RaftServerImpl for group-B5B414B11892:[ec1a8e93-f637-42e2-ad11-c2fb9339dc8c:192.168.5.191:45589] with ContainerStateMachine:uninitialized
2019-07-14 08:38:39,978 INFO  server.RaftServerConfigKeys (ConfUtils.java:logGet(43)) - raft.server.rpc.timeout.min = 5s (custom)
2019-07-14 08:38:39,978 INFO  server.RaftServerConfigKeys (ConfUtils.java:logGet(43)) - raft.server.rpc.timeout.max = 5200ms (custom)
2019-07-14 08:38:39,978 INFO  server.RaftServerConfigKeys (ConfUtils.java:logGet(43)) - raft.server.rpcslowness.timeout = 120s (custom)
2019-07-14 08:38:39,978 INFO  server.RaftServerConfigKeys (ConfUtils.java:logGet(43)) - raft.server.sleep.deviation.threshold = 300 (default)
2019-07-14 08:38:39,978 INFO  server.RaftServerConfigKeys (ConfUtils.java:logGet(43)) - raft.server.log.appender.install.snapshot.enabled = false (custom)
2019-07-14 08:38:39,978 INFO  impl.RaftServerImpl (ServerState.java:<init>(105)) - ec1a8e93-f637-42e2-ad11-c2fb9339dc8c:group-B5B414B11892 ConfigurationManager, init=-1: [ec1a8e93-f637-42e2-ad11-c2fb9339dc8c:192.168.5.191:45589], old=null, confs=<EMPTY_MAP>
2019-07-14 08:38:39,979 INFO  server.RaftServerConfigKeys (ConfUtils.java:logGet(43)) - raft.server.storage.dir = [/workdir/hadoop-ozone/integration-test/target/test-dir/MiniOzoneClusterImpl-8c37849b-ee6b-479b-81cf-86fe5980264c/datanode-5/data/ratis] (custom)
2019-07-14 08:38:39,979 INFO  storage.RaftStorageDirectory (RaftStorageDirectory.java:analyzeStorage(246)) - The storage directory /workdir/hadoop-ozone/integration-test/target/test-dir/MiniOzoneClusterImpl-8c37849b-ee6b-479b-81cf-86fe5980264c/datanode-5/data/ratis/a64519e4-a9ed-49af-b417-b5b414b11892 does not exist. Creating ...
2019-07-14 08:38:39,991 INFO  storage.RaftStorageDirectory (RaftStorageDirectory.java:tryLock(328)) - Lock on /workdir/hadoop-ozone/integration-test/target/test-dir/MiniOzoneClusterImpl-8c37849b-ee6b-479b-81cf-86fe5980264c/datanode-5/data/ratis/a64519e4-a9ed-49af-b417-b5b414b11892/in_use.lock acquired by nodename 31844@trunk-nightly-5z2vd-27108033
2019-07-14 08:38:39,999 INFO  storage.RaftStorage (RaftStorage.java:format(72)) - Storage directory /workdir/hadoop-ozone/integration-test/target/test-dir/MiniOzoneClusterImpl-8c37849b-ee6b-479b-81cf-86fe5980264c/datanode-5/data/ratis/a64519e4-a9ed-49af-b417-b5b414b11892 has been successfully formatted.
2019-07-14 08:38:39,999 INFO  ratis.ContainerStateMachine (ContainerStateMachine.java:loadSnapshot(200)) - group-B5B414B11892: The snapshot info is null. Setting the last applied indexto:(t:0, i:~)
2019-07-14 08:38:39,999 INFO  server.RaftServerConfigKeys (ConfUtils.java:logGet(43)) - raft.server.leader.election.timeout = 120s (custom)
2019-07-14 08:38:39,999 INFO  server.RaftServerConfigKeys (ConfUtils.java:logGet(43)) - raft.server.log.use.memory = false (default)
2019-07-14 08:38:39,999 INFO  server.RaftServerConfigKeys (ConfUtils.java:logGet(43)) - raft.server.log.purge.gap = 1000000000 (custom)
2019-07-14 08:38:40,000 INFO  server.RaftServerConfigKeys (ConfUtils.java:logGet(43)) - raft.server.log.appender.buffer.byte-limit = 33554432 (custom)
2019-07-14 08:38:40,000 INFO  server.RaftServerConfigKeys (ConfUtils.java:logGet(43)) - raft.server.log.segment.size.max = 1048576 (custom)
2019-07-14 08:38:40,000 INFO  server.RaftServerConfigKeys (ConfUtils.java:logGet(43)) - raft.server.log.segment.cache.num.max = 2 (custom)
2019-07-14 08:38:40,000 INFO  segmented.SegmentedRaftLogWorker (SegmentedRaftLogWorker.java:<init>(172)) - new ec1a8e93-f637-42e2-ad11-c2fb9339dc8c-SegmentedRaftLogWorker:Storage Directory /workdir/hadoop-ozone/integration-test/target/test-dir/MiniOzoneClusterImpl-8c37849b-ee6b-479b-81cf-86fe5980264c/datanode-5/data/ratis/a64519e4-a9ed-49af-b417-b5b414b11892 for RaftStorage:Storage Directory /workdir/hadoop-ozone/integration-test/target/test-dir/MiniOzoneClusterImpl-8c37849b-ee6b-479b-81cf-86fe5980264c/datanode-5/data/ratis/a64519e4-a9ed-49af-b417-b5b414b11892
2019-07-14 08:38:40,000 INFO  server.RaftServerConfigKeys (ConfUtils.java:logGet(43)) - raft.server.log.queue.byte-limit = 2147483647 (custom)
2019-07-14 08:38:40,000 INFO  server.RaftServerConfigKeys (ConfUtils.java:logGet(43)) - raft.server.log.queue.element-limit = 1024 (custom)
2019-07-14 08:38:40,001 INFO  server.RaftServerConfigKeys (ConfUtils.java:logGet(43)) - raft.server.log.segment.size.max = 1048576 (custom)
2019-07-14 08:38:40,001 INFO  server.RaftServerConfigKeys (ConfUtils.java:logGet(43)) - raft.server.log.preallocated.size = 16384 (custom)
2019-07-14 08:38:40,001 INFO  server.RaftServerConfigKeys (ConfUtils.java:logGet(43)) - raft.server.log.write.buffer.size = 33554432 (custom)
2019-07-14 08:38:40,001 INFO  server.RaftServerConfigKeys (ConfUtils.java:logGet(43)) - raft.server.log.force.sync.num = 128 (default)
2019-07-14 08:38:40,001 INFO  server.RaftServerConfigKeys (ConfUtils.java:logGet(43)) - raft.server.log.statemachine.data.sync = true (default)
2019-07-14 08:38:40,001 INFO  server.RaftServerConfigKeys (ConfUtils.java:logGet(43)) - raft.server.log.statemachine.data.sync.timeout = 10s (default)
2019-07-14 08:38:40,002 INFO  server.RaftServerConfigKeys (ConfUtils.java:logGet(43)) - raft.server.log.statemachine.data.sync.timeout.retry = -1 (default)
2019-07-14 08:38:40,002 INFO  server.RaftServerConfigKeys (ConfUtils.java:logGet(43)) - raft.server.log.statemachine.data.caching.enabled = true (custom)
2019-07-14 08:38:40,002 INFO  segmented.SegmentedRaftLogWorker (SegmentedRaftLogWorker.java:lambda$new$0(132)) - ec1a8e93-f637-42e2-ad11-c2fb9339dc8c-SegmentedRaftLogWorker:Storage Directory /workdir/hadoop-ozone/integration-test/target/test-dir/MiniOzoneClusterImpl-8c37849b-ee6b-479b-81cf-86fe5980264c/datanode-5/data/ratis/a64519e4-a9ed-49af-b417-b5b414b11892: flushIndex: setUnconditionally 0 -> -1
2019-07-14 08:38:40,003 INFO  server.RaftServerConfigKeys (ConfUtils.java:logGet(43)) - raft.server.snapshot.auto.trigger.enabled = true (custom)
2019-07-14 08:38:40,003 INFO  server.RaftServerConfigKeys (ConfUtils.java:logGet(43)) - raft.server.snapshot.auto.trigger.threshold = 10000 (custom)
2019-07-14 08:38:40,003 INFO  server.RaftServerConfigKeys (ConfUtils.java:logGet(43)) - raft.server.retrycache.expirytime = 600000ms (custom)
2019-07-14 08:38:40,003 INFO  impl.RaftServerImpl (RaftServerImpl.java:start(180)) - ec1a8e93-f637-42e2-ad11-c2fb9339dc8c: start group-B5B414B11892
2019-07-14 08:38:40,003 INFO  impl.RaftServerImpl (RaftServerImpl.java:setRole(171)) - ec1a8e93-f637-42e2-ad11-c2fb9339dc8c:group-B5B414B11892 changes role from null to FOLLOWER at term 0 for startAsFollower
2019-07-14 08:38:40,003 INFO  impl.RoleInfo (RoleInfo.java:updateAndGet(143)) - ec1a8e93-f637-42e2-ad11-c2fb9339dc8c: start FollowerState
2019-07-14 08:38:40,004 INFO  util.JmxRegister (JmxRegister.java:tryRegister(44)) - Successfully registered JMX Bean with object name Ratis:service=RaftServer,group=group-B5B414B11892,id=ec1a8e93-f637-42e2-ad11-c2fb9339dc8c
2019-07-14 08:38:40,006 INFO  pipeline.PipelineStateManager (PipelineStateManager.java:addPipeline(56)) - Created pipeline Pipeline[ Id: a64519e4-a9ed-49af-b417-b5b414b11892, Nodes: ec1a8e93-f637-42e2-ad11-c2fb9339dc8c{ip: 192.168.5.191, host: trunk-nightly-5z2vd-27108033, networkLocation: /default-rack, certSerialId: null}, Type:RATIS, Factor:ONE, State:OPEN]
2019-07-14 08:38:40,015 INFO  impl.RaftServerProxy (RaftServerProxy.java:addNew(89)) - ee405930-b1f4-4448-af63-adfe72e2c983: addNew group-12575AD69176:[ee405930-b1f4-4448-af63-adfe72e2c983:192.168.5.191:35939, ec1a8e93-f637-42e2-ad11-c2fb9339dc8c:192.168.5.191:45589, 6bedcca4-5eec-4fa9-8466-1c8e4f91b574:192.168.5.191:46138] returns group-12575AD69176:java.util.concurrent.CompletableFuture@56dbd94b[Not completed]
2019-07-14 08:38:40,015 INFO  impl.RaftServerProxy (RaftServerProxy.java:addNew(89)) - 6bedcca4-5eec-4fa9-8466-1c8e4f91b574: addNew group-12575AD69176:[ee405930-b1f4-4448-af63-adfe72e2c983:192.168.5.191:35939, ec1a8e93-f637-42e2-ad11-c2fb9339dc8c:192.168.5.191:45589, 6bedcca4-5eec-4fa9-8466-1c8e4f91b574:192.168.5.191:46138] returns group-12575AD69176:java.util.concurrent.CompletableFuture@545fd77f[Not completed]
2019-07-14 08:38:40,016 INFO  impl.RaftServerProxy (RaftServerProxy.java:addNew(89)) - ec1a8e93-f637-42e2-ad11-c2fb9339dc8c: addNew group-12575AD69176:[ee405930-b1f4-4448-af63-adfe72e2c983:192.168.5.191:35939, ec1a8e93-f637-42e2-ad11-c2fb9339dc8c:192.168.5.191:45589, 6bedcca4-5eec-4fa9-8466-1c8e4f91b574:192.168.5.191:46138] returns group-12575AD69176:java.util.concurrent.CompletableFuture@2874eab9[Not completed]
2019-07-14 08:38:40,016 INFO  impl.RaftServerImpl (RaftServerImpl.java:<init>(93)) - 6bedcca4-5eec-4fa9-8466-1c8e4f91b574: new RaftServerImpl for group-12575AD69176:[ee405930-b1f4-4448-af63-adfe72e2c983:192.168.5.191:35939, ec1a8e93-f637-42e2-ad11-c2fb9339dc8c:192.168.5.191:45589, 6bedcca4-5eec-4fa9-8466-1c8e4f91b574:192.168.5.191:46138] with ContainerStateMachine:uninitialized
2019-07-14 08:38:40,016 INFO  server.RaftServerConfigKeys (ConfUtils.java:logGet(43)) - raft.server.rpc.timeout.min = 5s (custom)
2019-07-14 08:38:40,017 INFO  server.RaftServerConfigKeys (ConfUtils.java:logGet(43)) - raft.server.rpc.timeout.max = 5200ms (custom)
2019-07-14 08:38:40,017 INFO  impl.RaftServerImpl (RaftServerImpl.java:<init>(93)) - ec1a8e93-f637-42e2-ad11-c2fb9339dc8c: new RaftServerImpl for group-12575AD69176:[ee405930-b1f4-4448-af63-adfe72e2c983:192.168.5.191:35939, ec1a8e93-f637-42e2-ad11-c2fb9339dc8c:192.168.5.191:45589, 6bedcca4-5eec-4fa9-8466-1c8e4f91b574:192.168.5.191:46138] with ContainerStateMachine:uninitialized
2019-07-14 08:38:40,017 INFO  server.RaftServerConfigKeys (ConfUtils.java:logGet(43)) - raft.server.rpcslowness.timeout = 120s (custom)
2019-07-14 08:38:40,017 INFO  server.RaftServerConfigKeys (ConfUtils.java:logGet(43)) - raft.server.rpc.timeout.min = 5s (custom)
2019-07-14 08:38:40,017 INFO  server.RaftServerConfigKeys (ConfUtils.java:logGet(43)) - raft.server.sleep.deviation.threshold = 300 (default)
2019-07-14 08:38:40,017 INFO  impl.RaftServerImpl (RaftServerImpl.java:<init>(93)) - ee405930-b1f4-4448-af63-adfe72e2c983: new RaftServerImpl for group-12575AD69176:[ee405930-b1f4-4448-af63-adfe72e2c983:192.168.5.191:35939, ec1a8e93-f637-42e2-ad11-c2fb9339dc8c:192.168.5.191:45589, 6bedcca4-5eec-4fa9-8466-1c8e4f91b574:192.168.5.191:46138] with ContainerStateMachine:uninitialized
2019-07-14 08:38:40,017 INFO  server.RaftServerConfigKeys (ConfUtils.java:logGet(43)) - raft.server.rpc.timeout.max = 5200ms (custom)
2019-07-14 08:38:40,017 INFO  server.RaftServerConfigKeys (ConfUtils.java:logGet(43)) - raft.server.rpc.timeout.min = 5s (custom)
2019-07-14 08:38:40,018 INFO  server.RaftServerConfigKeys (ConfUtils.java:logGet(43)) - raft.server.rpc.timeout.max = 5200ms (custom)
2019-07-14 08:38:40,017 INFO  server.RaftServerConfigKeys (ConfUtils.java:logGet(43)) - raft.server.log.appender.install.snapshot.enabled = false (custom)
2019-07-14 08:38:40,018 INFO  server.RaftServerConfigKeys (ConfUtils.java:logGet(43)) - raft.server.rpcslowness.timeout = 120s (custom)
2019-07-14 08:38:40,018 INFO  server.RaftServerConfigKeys (ConfUtils.java:logGet(43)) - raft.server.sleep.deviation.threshold = 300 (default)
2019-07-14 08:38:40,018 INFO  server.RaftServerConfigKeys (ConfUtils.java:logGet(43)) - raft.server.rpcslowness.timeout = 120s (custom)
2019-07-14 08:38:40,018 INFO  server.RaftServerConfigKeys (ConfUtils.java:logGet(43)) - raft.server.log.appender.install.snapshot.enabled = false (custom)
2019-07-14 08:38:40,018 INFO  impl.RaftServerImpl (ServerState.java:<init>(105)) - 6bedcca4-5eec-4fa9-8466-1c8e4f91b574:group-12575AD69176 ConfigurationManager, init=-1: [ee405930-b1f4-4448-af63-adfe72e2c983:192.168.5.191:35939, ec1a8e93-f637-42e2-ad11-c2fb9339dc8c:192.168.5.191:45589, 6bedcca4-5eec-4fa9-8466-1c8e4f91b574:192.168.5.191:46138], old=null, confs=<EMPTY_MAP>
2019-07-14 08:38:40,019 INFO  impl.RaftServerImpl (ServerState.java:<init>(105)) - ee405930-b1f4-4448-af63-adfe72e2c983:group-12575AD69176 ConfigurationManager, init=-1: [ee405930-b1f4-4448-af63-adfe72e2c983:192.168.5.191:35939, ec1a8e93-f637-42e2-ad11-c2fb9339dc8c:192.168.5.191:45589, 6bedcca4-5eec-4fa9-8466-1c8e4f91b574:192.168.5.191:46138], old=null, confs=<EMPTY_MAP>
2019-07-14 08:38:40,018 INFO  server.RaftServerConfigKeys (ConfUtils.java:logGet(43)) - raft.server.sleep.deviation.threshold = 300 (default)
2019-07-14 08:38:40,019 INFO  server.RaftServerConfigKeys (ConfUtils.java:logGet(43)) - raft.server.storage.dir = [/workdir/hadoop-ozone/integration-test/target/test-dir/MiniOzoneClusterImpl-8c37849b-ee6b-479b-81cf-86fe5980264c/datanode-3/data/ratis] (custom)
2019-07-14 08:38:40,019 INFO  server.RaftServerConfigKeys (ConfUtils.java:logGet(43)) - raft.server.storage.dir = [/workdir/hadoop-ozone/integration-test/target/test-dir/MiniOzoneClusterImpl-8c37849b-ee6b-479b-81cf-86fe5980264c/datanode-4/data/ratis] (custom)
2019-07-14 08:38:40,019 INFO  server.RaftServerConfigKeys (ConfUtils.java:logGet(43)) - raft.server.log.appender.install.snapshot.enabled = false (custom)
2019-07-14 08:38:40,020 INFO  storage.RaftStorageDirectory (RaftStorageDirectory.java:analyzeStorage(246)) - The storage directory /workdir/hadoop-ozone/integration-test/target/test-dir/MiniOzoneClusterImpl-8c37849b-ee6b-479b-81cf-86fe5980264c/datanode-3/data/ratis/04e226ef-7dd7-4202-97f5-12575ad69176 does not exist. Creating ...
2019-07-14 08:38:40,020 INFO  storage.RaftStorageDirectory (RaftStorageDirectory.java:analyzeStorage(246)) - The storage directory /workdir/hadoop-ozone/integration-test/target/test-dir/MiniOzoneClusterImpl-8c37849b-ee6b-479b-81cf-86fe5980264c/datanode-4/data/ratis/04e226ef-7dd7-4202-97f5-12575ad69176 does not exist. Creating ...
2019-07-14 08:38:40,020 INFO  impl.RaftServerImpl (ServerState.java:<init>(105)) - ec1a8e93-f637-42e2-ad11-c2fb9339dc8c:group-12575AD69176 ConfigurationManager, init=-1: [ee405930-b1f4-4448-af63-adfe72e2c983:192.168.5.191:35939, ec1a8e93-f637-42e2-ad11-c2fb9339dc8c:192.168.5.191:45589, 6bedcca4-5eec-4fa9-8466-1c8e4f91b574:192.168.5.191:46138], old=null, confs=<EMPTY_MAP>
2019-07-14 08:38:40,020 INFO  server.RaftServerConfigKeys (ConfUtils.java:logGet(43)) - raft.server.storage.dir = [/workdir/hadoop-ozone/integration-test/target/test-dir/MiniOzoneClusterImpl-8c37849b-ee6b-479b-81cf-86fe5980264c/datanode-5/data/ratis] (custom)
2019-07-14 08:38:40,020 INFO  storage.RaftStorageDirectory (RaftStorageDirectory.java:analyzeStorage(246)) - The storage directory /workdir/hadoop-ozone/integration-test/target/test-dir/MiniOzoneClusterImpl-8c37849b-ee6b-479b-81cf-86fe5980264c/datanode-5/data/ratis/04e226ef-7dd7-4202-97f5-12575ad69176 does not exist. Creating ...
2019-07-14 08:38:40,025 INFO  storage.RaftStorageDirectory (RaftStorageDirectory.java:tryLock(328)) - Lock on /workdir/hadoop-ozone/integration-test/target/test-dir/MiniOzoneClusterImpl-8c37849b-ee6b-479b-81cf-86fe5980264c/datanode-3/data/ratis/04e226ef-7dd7-4202-97f5-12575ad69176/in_use.lock acquired by nodename 31844@trunk-nightly-5z2vd-27108033
2019-07-14 08:38:40,025 INFO  storage.RaftStorageDirectory (RaftStorageDirectory.java:tryLock(328)) - Lock on /workdir/hadoop-ozone/integration-test/target/test-dir/MiniOzoneClusterImpl-8c37849b-ee6b-479b-81cf-86fe5980264c/datanode-5/data/ratis/04e226ef-7dd7-4202-97f5-12575ad69176/in_use.lock acquired by nodename 31844@trunk-nightly-5z2vd-27108033
2019-07-14 08:38:40,025 INFO  storage.RaftStorageDirectory (RaftStorageDirectory.java:tryLock(328)) - Lock on /workdir/hadoop-ozone/integration-test/target/test-dir/MiniOzoneClusterImpl-8c37849b-ee6b-479b-81cf-86fe5980264c/datanode-4/data/ratis/04e226ef-7dd7-4202-97f5-12575ad69176/in_use.lock acquired by nodename 31844@trunk-nightly-5z2vd-27108033
2019-07-14 08:38:40,030 INFO  storage.RaftStorage (RaftStorage.java:format(72)) - Storage directory /workdir/hadoop-ozone/integration-test/target/test-dir/MiniOzoneClusterImpl-8c37849b-ee6b-479b-81cf-86fe5980264c/datanode-3/data/ratis/04e226ef-7dd7-4202-97f5-12575ad69176 has been successfully formatted.
2019-07-14 08:38:40,030 INFO  storage.RaftStorage (RaftStorage.java:format(72)) - Storage directory /workdir/hadoop-ozone/integration-test/target/test-dir/MiniOzoneClusterImpl-8c37849b-ee6b-479b-81cf-86fe5980264c/datanode-4/data/ratis/04e226ef-7dd7-4202-97f5-12575ad69176 has been successfully formatted.
2019-07-14 08:38:40,030 INFO  ratis.ContainerStateMachine (ContainerStateMachine.java:loadSnapshot(200)) - group-12575AD69176: The snapshot info is null. Setting the last applied indexto:(t:0, i:~)
2019-07-14 08:38:40,030 INFO  storage.RaftStorage (RaftStorage.java:format(72)) - Storage directory /workdir/hadoop-ozone/integration-test/target/test-dir/MiniOzoneClusterImpl-8c37849b-ee6b-479b-81cf-86fe5980264c/datanode-5/data/ratis/04e226ef-7dd7-4202-97f5-12575ad69176 has been successfully formatted.
2019-07-14 08:38:40,030 INFO  server.RaftServerConfigKeys (ConfUtils.java:logGet(43)) - raft.server.leader.election.timeout = 120s (custom)
2019-07-14 08:38:40,030 INFO  ratis.ContainerStateMachine (ContainerStateMachine.java:loadSnapshot(200)) - group-12575AD69176: The snapshot info is null. Setting the last applied indexto:(t:0, i:~)
2019-07-14 08:38:40,031 INFO  server.RaftServerConfigKeys (ConfUtils.java:logGet(43)) - raft.server.log.use.memory = false (default)
2019-07-14 08:38:40,031 INFO  ratis.ContainerStateMachine (ContainerStateMachine.java:loadSnapshot(200)) - group-12575AD69176: The snapshot info is null. Setting the last applied indexto:(t:0, i:~)
2019-07-14 08:38:40,031 INFO  server.RaftServerConfigKeys (ConfUtils.java:logGet(43)) - raft.server.log.purge.gap = 1000000000 (custom)
2019-07-14 08:38:40,031 INFO  server.RaftServerConfigKeys (ConfUtils.java:logGet(43)) - raft.server.leader.election.timeout = 120s (custom)
2019-07-14 08:38:40,031 INFO  server.RaftServerConfigKeys (ConfUtils.java:logGet(43)) - raft.server.log.appender.buffer.byte-limit = 33554432 (custom)
2019-07-14 08:38:40,031 INFO  server.RaftServerConfigKeys (ConfUtils.java:logGet(43)) - raft.server.leader.election.timeout = 120s (custom)
2019-07-14 08:38:40,032 INFO  server.RaftServerConfigKeys (ConfUtils.java:logGet(43)) - raft.server.log.segment.size.max = 1048576 (custom)
2019-07-14 08:38:40,031 INFO  server.RaftServerConfigKeys (ConfUtils.java:logGet(43)) - raft.server.log.use.memory = false (default)
2019-07-14 08:38:40,032 INFO  server.RaftServerConfigKeys (ConfUtils.java:logGet(43)) - raft.server.log.segment.cache.num.max = 2 (custom)
2019-07-14 08:38:40,032 INFO  server.RaftServerConfigKeys (ConfUtils.java:logGet(43)) - raft.server.log.use.memory = false (default)
2019-07-14 08:38:40,032 INFO  segmented.SegmentedRaftLogWorker (SegmentedRaftLogWorker.java:<init>(172)) - new ee405930-b1f4-4448-af63-adfe72e2c983-SegmentedRaftLogWorker:Storage Directory /workdir/hadoop-ozone/integration-test/target/test-dir/MiniOzoneClusterImpl-8c37849b-ee6b-479b-81cf-86fe5980264c/datanode-3/data/ratis/04e226ef-7dd7-4202-97f5-12575ad69176 for RaftStorage:Storage Directory /workdir/hadoop-ozone/integration-test/target/test-dir/MiniOzoneClusterImpl-8c37849b-ee6b-479b-81cf-86fe5980264c/datanode-3/data/ratis/04e226ef-7dd7-4202-97f5-12575ad69176
2019-07-14 08:38:40,032 INFO  server.RaftServerConfigKeys (ConfUtils.java:logGet(43)) - raft.server.log.purge.gap = 1000000000 (custom)
2019-07-14 08:38:40,033 INFO  server.RaftServerConfigKeys (ConfUtils.java:logGet(43)) - raft.server.log.queue.byte-limit = 2147483647 (custom)
2019-07-14 08:38:40,032 INFO  server.RaftServerConfigKeys (ConfUtils.java:logGet(43)) - raft.server.log.purge.gap = 1000000000 (custom)
2019-07-14 08:38:40,033 INFO  server.RaftServerConfigKeys (ConfUtils.java:logGet(43)) - raft.server.log.queue.element-limit = 1024 (custom)
2019-07-14 08:38:40,033 INFO  server.RaftServerConfigKeys (ConfUtils.java:logGet(43)) - raft.server.log.appender.buffer.byte-limit = 33554432 (custom)
2019-07-14 08:38:40,033 INFO  server.RaftServerConfigKeys (ConfUtils.java:logGet(43)) - raft.server.log.segment.size.max = 1048576 (custom)
2019-07-14 08:38:40,033 INFO  server.RaftServerConfigKeys (ConfUtils.java:logGet(43)) - raft.server.log.preallocated.size = 16384 (custom)
2019-07-14 08:38:40,033 INFO  server.RaftServerConfigKeys (ConfUtils.java:logGet(43)) - raft.server.log.appender.buffer.byte-limit = 33554432 (custom)
2019-07-14 08:38:40,034 INFO  server.RaftServerConfigKeys (ConfUtils.java:logGet(43)) - raft.server.log.write.buffer.size = 33554432 (custom)
2019-07-14 08:38:40,034 INFO  server.RaftServerConfigKeys (ConfUtils.java:logGet(43)) - raft.server.log.force.sync.num = 128 (default)
2019-07-14 08:38:40,033 INFO  server.RaftServerConfigKeys (ConfUtils.java:logGet(43)) - raft.server.log.segment.size.max = 1048576 (custom)
2019-07-14 08:38:40,034 INFO  server.RaftServerConfigKeys (ConfUtils.java:logGet(43)) - raft.server.log.statemachine.data.sync = true (default)
2019-07-14 08:38:40,034 INFO  server.RaftServerConfigKeys (ConfUtils.java:logGet(43)) - raft.server.log.segment.size.max = 1048576 (custom)
2019-07-14 08:38:40,034 INFO  server.RaftServerConfigKeys (ConfUtils.java:logGet(43)) - raft.server.log.statemachine.data.sync.timeout = 10s (default)
2019-07-14 08:38:40,035 INFO  server.RaftServerConfigKeys (ConfUtils.java:logGet(43)) - raft.server.log.statemachine.data.sync.timeout.retry = -1 (default)
2019-07-14 08:38:40,034 INFO  server.RaftServerConfigKeys (ConfUtils.java:logGet(43)) - raft.server.log.segment.cache.num.max = 2 (custom)
2019-07-14 08:38:40,035 INFO  server.RaftServerConfigKeys (ConfUtils.java:logGet(43)) - raft.server.log.statemachine.data.caching.enabled = true (custom)
2019-07-14 08:38:40,035 INFO  server.RaftServerConfigKeys (ConfUtils.java:logGet(43)) - raft.server.log.segment.cache.num.max = 2 (custom)
2019-07-14 08:38:40,035 INFO  segmented.SegmentedRaftLogWorker (SegmentedRaftLogWorker.java:lambda$new$0(132)) - ee405930-b1f4-4448-af63-adfe72e2c983-SegmentedRaftLogWorker:Storage Directory /workdir/hadoop-ozone/integration-test/target/test-dir/MiniOzoneClusterImpl-8c37849b-ee6b-479b-81cf-86fe5980264c/datanode-3/data/ratis/04e226ef-7dd7-4202-97f5-12575ad69176: flushIndex: setUnconditionally 0 -> -1
2019-07-14 08:38:40,035 INFO  segmented.SegmentedRaftLogWorker (SegmentedRaftLogWorker.java:<init>(172)) - new 6bedcca4-5eec-4fa9-8466-1c8e4f91b574-SegmentedRaftLogWorker:Storage Directory /workdir/hadoop-ozone/integration-test/target/test-dir/MiniOzoneClusterImpl-8c37849b-ee6b-479b-81cf-86fe5980264c/datanode-4/data/ratis/04e226ef-7dd7-4202-97f5-12575ad69176 for RaftStorage:Storage Directory /workdir/hadoop-ozone/integration-test/target/test-dir/MiniOzoneClusterImpl-8c37849b-ee6b-479b-81cf-86fe5980264c/datanode-4/data/ratis/04e226ef-7dd7-4202-97f5-12575ad69176
2019-07-14 08:38:40,035 INFO  segmented.SegmentedRaftLogWorker (SegmentedRaftLogWorker.java:<init>(172)) - new ec1a8e93-f637-42e2-ad11-c2fb9339dc8c-SegmentedRaftLogWorker:Storage Directory /workdir/hadoop-ozone/integration-test/target/test-dir/MiniOzoneClusterImpl-8c37849b-ee6b-479b-81cf-86fe5980264c/datanode-5/data/ratis/04e226ef-7dd7-4202-97f5-12575ad69176 for RaftStorage:Storage Directory /workdir/hadoop-ozone/integration-test/target/test-dir/MiniOzoneClusterImpl-8c37849b-ee6b-479b-81cf-86fe5980264c/datanode-5/data/ratis/04e226ef-7dd7-4202-97f5-12575ad69176
2019-07-14 08:38:40,036 INFO  server.RaftServerConfigKeys (ConfUtils.java:logGet(43)) - raft.server.snapshot.auto.trigger.enabled = true (custom)
2019-07-14 08:38:40,036 INFO  server.RaftServerConfigKeys (ConfUtils.java:logGet(43)) - raft.server.log.queue.byte-limit = 2147483647 (custom)
2019-07-14 08:38:40,036 INFO  server.RaftServerConfigKeys (ConfUtils.java:logGet(43)) - raft.server.snapshot.auto.trigger.threshold = 10000 (custom)
2019-07-14 08:38:40,036 INFO  server.RaftServerConfigKeys (ConfUtils.java:logGet(43)) - raft.server.log.queue.byte-limit = 2147483647 (custom)
2019-07-14 08:38:40,036 INFO  server.RaftServerConfigKeys (ConfUtils.java:logGet(43)) - raft.server.retrycache.expirytime = 600000ms (custom)
2019-07-14 08:38:40,036 INFO  server.RaftServerConfigKeys (ConfUtils.java:logGet(43)) - raft.server.log.queue.element-limit = 1024 (custom)
2019-07-14 08:38:40,037 INFO  impl.RaftServerImpl (RaftServerImpl.java:start(180)) - ee405930-b1f4-4448-af63-adfe72e2c983: start group-12575AD69176
2019-07-14 08:38:40,036 INFO  server.RaftServerConfigKeys (ConfUtils.java:logGet(43)) - raft.server.log.queue.element-limit = 1024 (custom)
2019-07-14 08:38:40,037 INFO  impl.RaftServerImpl (RaftServerImpl.java:setRole(171)) - ee405930-b1f4-4448-af63-adfe72e2c983:group-12575AD69176 changes role from null to FOLLOWER at term 0 for startAsFollower
2019-07-14 08:38:40,037 INFO  server.RaftServerConfigKeys (ConfUtils.java:logGet(43)) - raft.server.log.segment.size.max = 1048576 (custom)
2019-07-14 08:38:40,037 INFO  impl.RoleInfo (RoleInfo.java:updateAndGet(143)) - ee405930-b1f4-4448-af63-adfe72e2c983: start FollowerState
2019-07-14 08:38:40,037 INFO  server.RaftServerConfigKeys (ConfUtils.java:logGet(43)) - raft.server.log.segment.size.max = 1048576 (custom)
2019-07-14 08:38:40,037 INFO  server.RaftServerConfigKeys (ConfUtils.java:logGet(43)) - raft.server.log.preallocated.size = 16384 (custom)
2019-07-14 08:38:40,038 INFO  server.RaftServerConfigKeys (ConfUtils.java:logGet(43)) - raft.server.log.preallocated.size = 16384 (custom)
2019-07-14 08:38:40,038 INFO  util.JmxRegister (JmxRegister.java:tryRegister(44)) - Successfully registered JMX Bean with object name Ratis:service=RaftServer,group=group-12575AD69176,id=ee405930-b1f4-4448-af63-adfe72e2c983
2019-07-14 08:38:40,038 INFO  server.RaftServerConfigKeys (ConfUtils.java:logGet(43)) - raft.server.log.write.buffer.size = 33554432 (custom)
2019-07-14 08:38:40,038 INFO  server.RaftServerConfigKeys (ConfUtils.java:logGet(43)) - raft.server.log.force.sync.num = 128 (default)
2019-07-14 08:38:40,038 INFO  server.RaftServerConfigKeys (ConfUtils.java:logGet(43)) - raft.server.log.write.buffer.size = 33554432 (custom)
2019-07-14 08:38:40,038 INFO  server.RaftServerConfigKeys (ConfUtils.java:logGet(43)) - raft.server.log.statemachine.data.sync = true (default)
2019-07-14 08:38:40,038 INFO  server.RaftServerConfigKeys (ConfUtils.java:logGet(43)) - raft.server.log.force.sync.num = 128 (default)
2019-07-14 08:38:40,039 INFO  server.RaftServerConfigKeys (ConfUtils.java:logGet(43)) - raft.server.log.statemachine.data.sync.timeout = 10s (default)
2019-07-14 08:38:40,039 INFO  server.RaftServerConfigKeys (ConfUtils.java:logGet(43)) - raft.server.log.statemachine.data.sync = true (default)
2019-07-14 08:38:40,039 INFO  server.RaftServerConfigKeys (ConfUtils.java:logGet(43)) - raft.server.log.statemachine.data.sync.timeout.retry = -1 (default)
2019-07-14 08:38:40,039 INFO  server.RaftServerConfigKeys (ConfUtils.java:logGet(43)) - raft.server.log.statemachine.data.sync.timeout = 10s (default)
2019-07-14 08:38:40,039 INFO  server.RaftServerConfigKeys (ConfUtils.java:logGet(43)) - raft.server.log.statemachine.data.caching.enabled = true (custom)
2019-07-14 08:38:40,039 INFO  server.RaftServerConfigKeys (ConfUtils.java:logGet(43)) - raft.server.log.statemachine.data.sync.timeout.retry = -1 (default)
2019-07-14 08:38:40,040 INFO  segmented.SegmentedRaftLogWorker (SegmentedRaftLogWorker.java:lambda$new$0(132)) - 6bedcca4-5eec-4fa9-8466-1c8e4f91b574-SegmentedRaftLogWorker:Storage Directory /workdir/hadoop-ozone/integration-test/target/test-dir/MiniOzoneClusterImpl-8c37849b-ee6b-479b-81cf-86fe5980264c/datanode-4/data/ratis/04e226ef-7dd7-4202-97f5-12575ad69176: flushIndex: setUnconditionally 0 -> -1
2019-07-14 08:38:40,040 INFO  server.RaftServerConfigKeys (ConfUtils.java:logGet(43)) - raft.server.log.statemachine.data.caching.enabled = true (custom)
2019-07-14 08:38:40,040 INFO  server.RaftServerConfigKeys (ConfUtils.java:logGet(43)) - raft.server.snapshot.auto.trigger.enabled = true (custom)
2019-07-14 08:38:40,040 INFO  segmented.SegmentedRaftLogWorker (SegmentedRaftLogWorker.java:lambda$new$0(132)) - ec1a8e93-f637-42e2-ad11-c2fb9339dc8c-SegmentedRaftLogWorker:Storage Directory /workdir/hadoop-ozone/integration-test/target/test-dir/MiniOzoneClusterImpl-8c37849b-ee6b-479b-81cf-86fe5980264c/datanode-5/data/ratis/04e226ef-7dd7-4202-97f5-12575ad69176: flushIndex: setUnconditionally 0 -> -1
2019-07-14 08:38:40,040 INFO  server.RaftServerConfigKeys (ConfUtils.java:logGet(43)) - raft.server.snapshot.auto.trigger.threshold = 10000 (custom)
2019-07-14 08:38:40,040 INFO  server.RaftServerConfigKeys (ConfUtils.java:logGet(43)) - raft.server.retrycache.expirytime = 600000ms (custom)
2019-07-14 08:38:40,040 INFO  server.RaftServerConfigKeys (ConfUtils.java:logGet(43)) - raft.server.snapshot.auto.trigger.enabled = true (custom)
2019-07-14 08:38:40,041 INFO  impl.RaftServerImpl (RaftServerImpl.java:start(180)) - 6bedcca4-5eec-4fa9-8466-1c8e4f91b574: start group-12575AD69176
2019-07-14 08:38:40,041 INFO  server.RaftServerConfigKeys (ConfUtils.java:logGet(43)) - raft.server.snapshot.auto.trigger.threshold = 10000 (custom)
2019-07-14 08:38:40,041 INFO  impl.RaftServerImpl (RaftServerImpl.java:setRole(171)) - 6bedcca4-5eec-4fa9-8466-1c8e4f91b574:group-12575AD69176 changes role from null to FOLLOWER at term 0 for startAsFollower
2019-07-14 08:38:40,041 INFO  server.RaftServerConfigKeys (ConfUtils.java:logGet(43)) - raft.server.retrycache.expirytime = 600000ms (custom)
2019-07-14 08:38:40,041 INFO  impl.RoleInfo (RoleInfo.java:updateAndGet(143)) - 6bedcca4-5eec-4fa9-8466-1c8e4f91b574: start FollowerState
2019-07-14 08:38:40,041 INFO  impl.RaftServerImpl (RaftServerImpl.java:start(180)) - ec1a8e93-f637-42e2-ad11-c2fb9339dc8c: start group-12575AD69176
2019-07-14 08:38:40,041 INFO  impl.RaftServerImpl (RaftServerImpl.java:setRole(171)) - ec1a8e93-f637-42e2-ad11-c2fb9339dc8c:group-12575AD69176 changes role from null to FOLLOWER at term 0 for startAsFollower
2019-07-14 08:38:40,042 INFO  impl.RoleInfo (RoleInfo.java:updateAndGet(143)) - ec1a8e93-f637-42e2-ad11-c2fb9339dc8c: start FollowerState
2019-07-14 08:38:40,042 INFO  util.JmxRegister (JmxRegister.java:tryRegister(44)) - Successfully registered JMX Bean with object name Ratis:service=RaftServer,group=group-12575AD69176,id=6bedcca4-5eec-4fa9-8466-1c8e4f91b574
2019-07-14 08:38:40,042 INFO  util.JmxRegister (JmxRegister.java:tryRegister(44)) - Successfully registered JMX Bean with object name Ratis:service=RaftServer,group=group-12575AD69176,id=ec1a8e93-f637-42e2-ad11-c2fb9339dc8c
2019-07-14 08:38:40,045 INFO  pipeline.PipelineStateManager (PipelineStateManager.java:addPipeline(56)) - Created pipeline Pipeline[ Id: 04e226ef-7dd7-4202-97f5-12575ad69176, Nodes: ee405930-b1f4-4448-af63-adfe72e2c983{ip: 192.168.5.191, host: trunk-nightly-5z2vd-27108033, networkLocation: /default-rack, certSerialId: null}6bedcca4-5eec-4fa9-8466-1c8e4f91b574{ip: 192.168.5.191, host: trunk-nightly-5z2vd-27108033, networkLocation: /default-rack, certSerialId: null}ec1a8e93-f637-42e2-ad11-c2fb9339dc8c{ip: 192.168.5.191, host: trunk-nightly-5z2vd-27108033, networkLocation: /default-rack, certSerialId: null}, Type:RATIS, Factor:THREE, State:OPEN]
2019-07-14 08:38:40,311 INFO  ozone.MiniOzoneClusterImpl (MiniOzoneClusterImpl.java:lambda$waitForClusterToBeReady$0(142)) - Waiting for cluster to be ready. Got 6 of 7 DN Heartbeats.
2019-07-14 08:38:40,312 INFO  node.SCMNodeManager (SCMNodeManager.java:register(269)) - Registered Data node : f8f717d9-fa08-4b11-80ff-252fbec0febd{ip: 192.168.5.191, host: trunk-nightly-5z2vd-27108033, networkLocation: /default-rack, certSerialId: null}
2019-07-14 08:38:40,323 INFO  impl.RaftServerProxy (RaftServerProxy.java:addNew(89)) - f8f717d9-fa08-4b11-80ff-252fbec0febd: addNew group-7A4D5FAACD80:[f8f717d9-fa08-4b11-80ff-252fbec0febd:192.168.5.191:46821] returns group-7A4D5FAACD80:java.util.concurrent.CompletableFuture@5b14b360[Not completed]
2019-07-14 08:38:40,324 INFO  impl.RaftServerImpl (RaftServerImpl.java:<init>(93)) - f8f717d9-fa08-4b11-80ff-252fbec0febd: new RaftServerImpl for group-7A4D5FAACD80:[f8f717d9-fa08-4b11-80ff-252fbec0febd:192.168.5.191:46821] with ContainerStateMachine:uninitialized
2019-07-14 08:38:40,325 INFO  server.RaftServerConfigKeys (ConfUtils.java:logGet(43)) - raft.server.rpc.timeout.min = 5s (custom)
2019-07-14 08:38:40,325 INFO  server.RaftServerConfigKeys (ConfUtils.java:logGet(43)) - raft.server.rpc.timeout.max = 5200ms (custom)
2019-07-14 08:38:40,325 INFO  server.RaftServerConfigKeys (ConfUtils.java:logGet(43)) - raft.server.rpcslowness.timeout = 120s (custom)
2019-07-14 08:38:40,325 INFO  server.RaftServerConfigKeys (ConfUtils.java:logGet(43)) - raft.server.sleep.deviation.threshold = 300 (default)
2019-07-14 08:38:40,325 INFO  server.RaftServerConfigKeys (ConfUtils.java:logGet(43)) - raft.server.log.appender.install.snapshot.enabled = false (custom)
2019-07-14 08:38:40,325 INFO  impl.RaftServerImpl (ServerState.java:<init>(105)) - f8f717d9-fa08-4b11-80ff-252fbec0febd:group-7A4D5FAACD80 ConfigurationManager, init=-1: [f8f717d9-fa08-4b11-80ff-252fbec0febd:192.168.5.191:46821], old=null, confs=<EMPTY_MAP>
2019-07-14 08:38:40,325 INFO  server.RaftServerConfigKeys (ConfUtils.java:logGet(43)) - raft.server.storage.dir = [/workdir/hadoop-ozone/integration-test/target/test-dir/MiniOzoneClusterImpl-8c37849b-ee6b-479b-81cf-86fe5980264c/datanode-6/data/ratis] (custom)
2019-07-14 08:38:40,326 INFO  storage.RaftStorageDirectory (RaftStorageDirectory.java:analyzeStorage(246)) - The storage directory /workdir/hadoop-ozone/integration-test/target/test-dir/MiniOzoneClusterImpl-8c37849b-ee6b-479b-81cf-86fe5980264c/datanode-6/data/ratis/96b2ef7a-f28b-4df2-a937-7a4d5faacd80 does not exist. Creating ...
2019-07-14 08:38:40,331 INFO  storage.RaftStorageDirectory (RaftStorageDirectory.java:tryLock(328)) - Lock on /workdir/hadoop-ozone/integration-test/target/test-dir/MiniOzoneClusterImpl-8c37849b-ee6b-479b-81cf-86fe5980264c/datanode-6/data/ratis/96b2ef7a-f28b-4df2-a937-7a4d5faacd80/in_use.lock acquired by nodename 31844@trunk-nightly-5z2vd-27108033
2019-07-14 08:38:40,338 INFO  storage.RaftStorage (RaftStorage.java:format(72)) - Storage directory /workdir/hadoop-ozone/integration-test/target/test-dir/MiniOzoneClusterImpl-8c37849b-ee6b-479b-81cf-86fe5980264c/datanode-6/data/ratis/96b2ef7a-f28b-4df2-a937-7a4d5faacd80 has been successfully formatted.
2019-07-14 08:38:40,338 INFO  ratis.ContainerStateMachine (ContainerStateMachine.java:loadSnapshot(200)) - group-7A4D5FAACD80: The snapshot info is null. Setting the last applied indexto:(t:0, i:~)
2019-07-14 08:38:40,338 INFO  server.RaftServerConfigKeys (ConfUtils.java:logGet(43)) - raft.server.leader.election.timeout = 120s (custom)
2019-07-14 08:38:40,339 INFO  server.RaftServerConfigKeys (ConfUtils.java:logGet(43)) - raft.server.log.use.memory = false (default)
2019-07-14 08:38:40,339 INFO  server.RaftServerConfigKeys (ConfUtils.java:logGet(43)) - raft.server.log.purge.gap = 1000000000 (custom)
2019-07-14 08:38:40,339 INFO  server.RaftServerConfigKeys (ConfUtils.java:logGet(43)) - raft.server.log.appender.buffer.byte-limit = 33554432 (custom)
2019-07-14 08:38:40,339 INFO  server.RaftServerConfigKeys (ConfUtils.java:logGet(43)) - raft.server.log.segment.size.max = 1048576 (custom)
2019-07-14 08:38:40,339 INFO  server.RaftServerConfigKeys (ConfUtils.java:logGet(43)) - raft.server.log.segment.cache.num.max = 2 (custom)
2019-07-14 08:38:40,339 INFO  segmented.SegmentedRaftLogWorker (SegmentedRaftLogWorker.java:<init>(172)) - new f8f717d9-fa08-4b11-80ff-252fbec0febd-SegmentedRaftLogWorker:Storage Directory /workdir/hadoop-ozone/integration-test/target/test-dir/MiniOzoneClusterImpl-8c37849b-ee6b-479b-81cf-86fe5980264c/datanode-6/data/ratis/96b2ef7a-f28b-4df2-a937-7a4d5faacd80 for RaftStorage:Storage Directory /workdir/hadoop-ozone/integration-test/target/test-dir/MiniOzoneClusterImpl-8c37849b-ee6b-479b-81cf-86fe5980264c/datanode-6/data/ratis/96b2ef7a-f28b-4df2-a937-7a4d5faacd80
2019-07-14 08:38:40,340 INFO  server.RaftServerConfigKeys (ConfUtils.java:logGet(43)) - raft.server.log.queue.byte-limit = 2147483647 (custom)
2019-07-14 08:38:40,340 INFO  server.RaftServerConfigKeys (ConfUtils.java:logGet(43)) - raft.server.log.queue.element-limit = 1024 (custom)
2019-07-14 08:38:40,340 INFO  server.RaftServerConfigKeys (ConfUtils.java:logGet(43)) - raft.server.log.segment.size.max = 1048576 (custom)
2019-07-14 08:38:40,340 INFO  server.RaftServerConfigKeys (ConfUtils.java:logGet(43)) - raft.server.log.preallocated.size = 16384 (custom)
2019-07-14 08:38:40,340 INFO  server.RaftServerConfigKeys (ConfUtils.java:logGet(43)) - raft.server.log.write.buffer.size = 33554432 (custom)
2019-07-14 08:38:40,340 INFO  server.RaftServerConfigKeys (ConfUtils.java:logGet(43)) - raft.server.log.force.sync.num = 128 (default)
2019-07-14 08:38:40,341 INFO  server.RaftServerConfigKeys (ConfUtils.java:logGet(43)) - raft.server.log.statemachine.data.sync = true (default)
2019-07-14 08:38:40,341 INFO  server.RaftServerConfigKeys (ConfUtils.java:logGet(43)) - raft.server.log.statemachine.data.sync.timeout = 10s (default)
2019-07-14 08:38:40,341 INFO  server.RaftServerConfigKeys (ConfUtils.java:logGet(43)) - raft.server.log.statemachine.data.sync.timeout.retry = -1 (default)
2019-07-14 08:38:40,341 INFO  server.RaftServerConfigKeys (ConfUtils.java:logGet(43)) - raft.server.log.statemachine.data.caching.enabled = true (custom)
2019-07-14 08:38:40,342 INFO  segmented.SegmentedRaftLogWorker (SegmentedRaftLogWorker.java:lambda$new$0(132)) - f8f717d9-fa08-4b11-80ff-252fbec0febd-SegmentedRaftLogWorker:Storage Directory /workdir/hadoop-ozone/integration-test/target/test-dir/MiniOzoneClusterImpl-8c37849b-ee6b-479b-81cf-86fe5980264c/datanode-6/data/ratis/96b2ef7a-f28b-4df2-a937-7a4d5faacd80: flushIndex: setUnconditionally 0 -> -1
2019-07-14 08:38:40,342 INFO  server.RaftServerConfigKeys (ConfUtils.java:logGet(43)) - raft.server.snapshot.auto.trigger.enabled = true (custom)
2019-07-14 08:38:40,342 INFO  server.RaftServerConfigKeys (ConfUtils.java:logGet(43)) - raft.server.snapshot.auto.trigger.threshold = 10000 (custom)
2019-07-14 08:38:40,342 INFO  server.RaftServerConfigKeys (ConfUtils.java:logGet(43)) - raft.server.retrycache.expirytime = 600000ms (custom)
2019-07-14 08:38:40,343 INFO  impl.RaftServerImpl (RaftServerImpl.java:start(180)) - f8f717d9-fa08-4b11-80ff-252fbec0febd: start group-7A4D5FAACD80
2019-07-14 08:38:40,343 INFO  impl.RaftServerImpl (RaftServerImpl.java:setRole(171)) - f8f717d9-fa08-4b11-80ff-252fbec0febd:group-7A4D5FAACD80 changes role from null to FOLLOWER at term 0 for startAsFollower
2019-07-14 08:38:40,343 INFO  impl.RoleInfo (RoleInfo.java:updateAndGet(143)) - f8f717d9-fa08-4b11-80ff-252fbec0febd: start FollowerState
2019-07-14 08:38:40,343 INFO  util.JmxRegister (JmxRegister.java:tryRegister(44)) - Successfully registered JMX Bean with object name Ratis:service=RaftServer,group=group-7A4D5FAACD80,id=f8f717d9-fa08-4b11-80ff-252fbec0febd
2019-07-14 08:38:40,345 INFO  pipeline.PipelineStateManager (PipelineStateManager.java:addPipeline(56)) - Created pipeline Pipeline[ Id: 96b2ef7a-f28b-4df2-a937-7a4d5faacd80, Nodes: f8f717d9-fa08-4b11-80ff-252fbec0febd{ip: 192.168.5.191, host: trunk-nightly-5z2vd-27108033, networkLocation: /default-rack, certSerialId: null}, Type:RATIS, Factor:ONE, State:OPEN]
2019-07-14 08:38:41,311 INFO  ozone.MiniOzoneClusterImpl (MiniOzoneClusterImpl.java:lambda$waitForClusterToBeReady$0(142)) - Cluster is ready. Got 7 of 7 DN Heartbeats.
2019-07-14 08:38:41,342 INFO  rpc.RpcClient (RpcClient.java:createVolume(287)) - Creating Volume: testblockoutputstream, with jenkins1000 as owner.
2019-07-14 08:38:41,357 INFO  rpc.RpcClient (RpcClient.java:createBucket(424)) - Creating Bucket: testblockoutputstream/testblockoutputstream, with Versioning false and Storage Type set to DISK and Encryption set to false 
2019-07-14 08:38:41,381 INFO  client.GrpcClientProtocolClient (GrpcClientProtocolClient.java:onNext(255)) - client-DEA56E5B4AA2->ee405930-b1f4-4448-af63-adfe72e2c983: receive RaftClientReply:client-DEA56E5B4AA2->ee405930-b1f4-4448-af63-adfe72e2c983@group-12575AD69176, cid=242, FAILED org.apache.ratis.protocol.NotLeaderException: Server ee405930-b1f4-4448-af63-adfe72e2c983 is not the leader (null). Request must be sent to leader., logIndex=0, commits[ee405930-b1f4-4448-af63-adfe72e2c983:c-1]
2019-07-14 08:38:42,080 INFO  container.ReplicationManager (ReplicationManager.java:start(155)) - Starting Replication Monitor Thread.
2019-07-14 08:38:42,085 INFO  container.ReplicationManager (ReplicationManager.java:run(207)) - Replication Monitor Thread took 0 milliseconds for processing 1 containers.
2019-07-14 08:38:42,394 INFO  client.GrpcClientProtocolClient (GrpcClientProtocolClient.java:onNext(255)) - client-DEA56E5B4AA2->6bedcca4-5eec-4fa9-8466-1c8e4f91b574: receive RaftClientReply:client-DEA56E5B4AA2->6bedcca4-5eec-4fa9-8466-1c8e4f91b574@group-12575AD69176, cid=242, FAILED org.apache.ratis.protocol.NotLeaderException: Server 6bedcca4-5eec-4fa9-8466-1c8e4f91b574 is not the leader (null). Request must be sent to leader., logIndex=0, commits[6bedcca4-5eec-4fa9-8466-1c8e4f91b574:c-1]
2019-07-14 08:38:43,402 INFO  client.GrpcClientProtocolClient (GrpcClientProtocolClient.java:onNext(255)) - client-DEA56E5B4AA2->ee405930-b1f4-4448-af63-adfe72e2c983: receive RaftClientReply:client-DEA56E5B4AA2->ee405930-b1f4-4448-af63-adfe72e2c983@group-12575AD69176, cid=242, FAILED org.apache.ratis.protocol.NotLeaderException: Server ee405930-b1f4-4448-af63-adfe72e2c983 is not the leader (null). Request must be sent to leader., logIndex=0, commits[ee405930-b1f4-4448-af63-adfe72e2c983:c-1]
2019-07-14 08:38:44,204 INFO  impl.FollowerState (FollowerState.java:run(106)) - a8cea552-2699-45ae-8278-4317896b9350:group-46E84FBD1CD6 changes to CANDIDATE, lastRpcTime:5091, electionTimeout:5091ms
2019-07-14 08:38:44,204 INFO  impl.RoleInfo (RoleInfo.java:shutdownFollowerState(121)) - a8cea552-2699-45ae-8278-4317896b9350: shutdown FollowerState
2019-07-14 08:38:44,204 INFO  impl.RaftServerImpl (RaftServerImpl.java:setRole(171)) - a8cea552-2699-45ae-8278-4317896b9350:group-46E84FBD1CD6 changes role from FOLLOWER to CANDIDATE at term 0 for changeToCandidate
2019-07-14 08:38:44,204 INFO  impl.RoleInfo (RoleInfo.java:updateAndGet(143)) - a8cea552-2699-45ae-8278-4317896b9350: start LeaderElection
2019-07-14 08:38:44,225 INFO  impl.LeaderElection (LeaderElection.java:askForVotes(181)) - a8cea552-2699-45ae-8278-4317896b9350:group-46E84FBD1CD6:LeaderElection93: begin an election at term 1 for -1: [a8cea552-2699-45ae-8278-4317896b9350:192.168.5.191:42756], old=null
2019-07-14 08:38:44,225 INFO  impl.RoleInfo (RoleInfo.java:shutdownLeaderElection(134)) - a8cea552-2699-45ae-8278-4317896b9350: shutdown LeaderElection
2019-07-14 08:38:44,225 INFO  impl.RaftServerImpl (RaftServerImpl.java:setRole(171)) - a8cea552-2699-45ae-8278-4317896b9350:group-46E84FBD1CD6 changes role from CANDIDATE to LEADER at term 1 for changeToLeader
2019-07-14 08:38:44,225 INFO  impl.RaftServerImpl (ServerState.java:setLeader(263)) - a8cea552-2699-45ae-8278-4317896b9350:group-46E84FBD1CD6 change Leader from null to a8cea552-2699-45ae-8278-4317896b9350 at term 1 for becomeLeader, leader elected after 5118ms
2019-07-14 08:38:44,226 INFO  server.RaftServerConfigKeys (ConfUtils.java:logGet(43)) - raft.server.staging.catchup.gap = 1000 (default)
2019-07-14 08:38:44,226 INFO  server.RaftServerConfigKeys (ConfUtils.java:logGet(43)) - raft.server.rpc.sleep.time = 25ms (default)
2019-07-14 08:38:44,226 INFO  server.RaftServerConfigKeys (ConfUtils.java:logGet(43)) - raft.server.write.element-limit = 4096 (default)
2019-07-14 08:38:44,226 INFO  server.RaftServerConfigKeys (ConfUtils.java:logGet(43)) - raft.server.watch.timeout = 10s (default)
2019-07-14 08:38:44,226 INFO  server.RaftServerConfigKeys (ConfUtils.java:logGet(43)) - raft.server.watch.timeout.denomination = 1s (default)
2019-07-14 08:38:44,226 INFO  server.RaftServerConfigKeys (ConfUtils.java:logGet(43)) - raft.server.watch.element-limit = 65536 (default)
2019-07-14 08:38:44,227 INFO  impl.RoleInfo (RoleInfo.java:updateAndGet(143)) - a8cea552-2699-45ae-8278-4317896b9350: start LeaderState
2019-07-14 08:38:44,227 INFO  segmented.SegmentedRaftLogWorker (SegmentedRaftLogWorker.java:startLogSegment(380)) - a8cea552-2699-45ae-8278-4317896b9350-SegmentedRaftLogWorker:Storage Directory /workdir/hadoop-ozone/integration-test/target/test-dir/MiniOzoneClusterImpl-8c37849b-ee6b-479b-81cf-86fe5980264c/datanode-0/data/ratis/b7fcdbac-69a1-44af-aaca-46e84fbd1cd6: Starting segment from index:0
2019-07-14 08:38:44,228 INFO  impl.RaftServerImpl (ServerState.java:setRaftConf(361)) - a8cea552-2699-45ae-8278-4317896b9350:group-46E84FBD1CD6 set configuration 0: [a8cea552-2699-45ae-8278-4317896b9350:192.168.5.191:42756], old=null at 0
2019-07-14 08:38:44,258 INFO  segmented.SegmentedRaftLogWorker (SegmentedRaftLogWorker.java:execute(569)) - a8cea552-2699-45ae-8278-4317896b9350-SegmentedRaftLogWorker:Storage Directory /workdir/hadoop-ozone/integration-test/target/test-dir/MiniOzoneClusterImpl-8c37849b-ee6b-479b-81cf-86fe5980264c/datanode-0/data/ratis/b7fcdbac-69a1-44af-aaca-46e84fbd1cd6: created new log segment /workdir/hadoop-ozone/integration-test/target/test-dir/MiniOzoneClusterImpl-8c37849b-ee6b-479b-81cf-86fe5980264c/datanode-0/data/ratis/b7fcdbac-69a1-44af-aaca-46e84fbd1cd6/current/log_inprogress_0
2019-07-14 08:38:44,412 INFO  client.GrpcClientProtocolClient (GrpcClientProtocolClient.java:onNext(255)) - client-DEA56E5B4AA2->6bedcca4-5eec-4fa9-8466-1c8e4f91b574: receive RaftClientReply:client-DEA56E5B4AA2->6bedcca4-5eec-4fa9-8466-1c8e4f91b574@group-12575AD69176, cid=242, FAILED org.apache.ratis.protocol.NotLeaderException: Server 6bedcca4-5eec-4fa9-8466-1c8e4f91b574 is not the leader (null). Request must be sent to leader., logIndex=0, commits[6bedcca4-5eec-4fa9-8466-1c8e4f91b574:c-1]
2019-07-14 08:38:44,426 INFO  impl.FollowerState (FollowerState.java:run(106)) - 24defd36-f550-465d-8eca-c7db59fabf58:group-DCEF002934FE changes to CANDIDATE, lastRpcTime:5146, electionTimeout:5146ms
2019-07-14 08:38:44,427 INFO  impl.RoleInfo (RoleInfo.java:shutdownFollowerState(121)) - 24defd36-f550-465d-8eca-c7db59fabf58: shutdown FollowerState
2019-07-14 08:38:44,427 INFO  impl.RaftServerImpl (RaftServerImpl.java:setRole(171)) - 24defd36-f550-465d-8eca-c7db59fabf58:group-DCEF002934FE changes role from FOLLOWER to CANDIDATE at term 0 for changeToCandidate
2019-07-14 08:38:44,427 INFO  impl.RoleInfo (RoleInfo.java:updateAndGet(143)) - 24defd36-f550-465d-8eca-c7db59fabf58: start LeaderElection
2019-07-14 08:38:44,445 INFO  impl.LeaderElection (LeaderElection.java:askForVotes(181)) - 24defd36-f550-465d-8eca-c7db59fabf58:group-DCEF002934FE:LeaderElection94: begin an election at term 1 for -1: [24defd36-f550-465d-8eca-c7db59fabf58:192.168.5.191:42099], old=null
2019-07-14 08:38:44,445 INFO  impl.RoleInfo (RoleInfo.java:shutdownLeaderElection(134)) - 24defd36-f550-465d-8eca-c7db59fabf58: shutdown LeaderElection
2019-07-14 08:38:44,445 INFO  impl.RaftServerImpl (RaftServerImpl.java:setRole(171)) - 24defd36-f550-465d-8eca-c7db59fabf58:group-DCEF002934FE changes role from CANDIDATE to LEADER at term 1 for changeToLeader
2019-07-14 08:38:44,445 INFO  impl.RaftServerImpl (ServerState.java:setLeader(263)) - 24defd36-f550-465d-8eca-c7db59fabf58:group-DCEF002934FE change Leader from null to 24defd36-f550-465d-8eca-c7db59fabf58 at term 1 for becomeLeader, leader elected after 5169ms
2019-07-14 08:38:44,445 INFO  server.RaftServerConfigKeys (ConfUtils.java:logGet(43)) - raft.server.staging.catchup.gap = 1000 (default)
2019-07-14 08:38:44,446 INFO  server.RaftServerConfigKeys (ConfUtils.java:logGet(43)) - raft.server.rpc.sleep.time = 25ms (default)
2019-07-14 08:38:44,446 INFO  server.RaftServerConfigKeys (ConfUtils.java:logGet(43)) - raft.server.write.element-limit = 4096 (default)
2019-07-14 08:38:44,446 INFO  server.RaftServerConfigKeys (ConfUtils.java:logGet(43)) - raft.server.watch.timeout = 10s (default)
2019-07-14 08:38:44,446 INFO  server.RaftServerConfigKeys (ConfUtils.java:logGet(43)) - raft.server.watch.timeout.denomination = 1s (default)
2019-07-14 08:38:44,446 INFO  server.RaftServerConfigKeys (ConfUtils.java:logGet(43)) - raft.server.watch.element-limit = 65536 (default)
2019-07-14 08:38:44,446 INFO  impl.RoleInfo (RoleInfo.java:updateAndGet(143)) - 24defd36-f550-465d-8eca-c7db59fabf58: start LeaderState
2019-07-14 08:38:44,447 INFO  segmented.SegmentedRaftLogWorker (SegmentedRaftLogWorker.java:startLogSegment(380)) - 24defd36-f550-465d-8eca-c7db59fabf58-SegmentedRaftLogWorker:Storage Directory /workdir/hadoop-ozone/integration-test/target/test-dir/MiniOzoneClusterImpl-8c37849b-ee6b-479b-81cf-86fe5980264c/datanode-1/data/ratis/fe6d374f-1602-4e8b-8aed-dcef002934fe: Starting segment from index:0
2019-07-14 08:38:44,447 INFO  impl.RaftServerImpl (ServerState.java:setRaftConf(361)) - 24defd36-f550-465d-8eca-c7db59fabf58:group-DCEF002934FE set configuration 0: [24defd36-f550-465d-8eca-c7db59fabf58:192.168.5.191:42099], old=null at 0
2019-07-14 08:38:44,478 INFO  segmented.SegmentedRaftLogWorker (SegmentedRaftLogWorker.java:execute(569)) - 24defd36-f550-465d-8eca-c7db59fabf58-SegmentedRaftLogWorker:Storage Directory /workdir/hadoop-ozone/integration-test/target/test-dir/MiniOzoneClusterImpl-8c37849b-ee6b-479b-81cf-86fe5980264c/datanode-1/data/ratis/fe6d374f-1602-4e8b-8aed-dcef002934fe: created new log segment /workdir/hadoop-ozone/integration-test/target/test-dir/MiniOzoneClusterImpl-8c37849b-ee6b-479b-81cf-86fe5980264c/datanode-1/data/ratis/fe6d374f-1602-4e8b-8aed-dcef002934fe/current/log_inprogress_0
2019-07-14 08:38:44,573 INFO  impl.FollowerState (FollowerState.java:run(106)) - 24defd36-f550-465d-8eca-c7db59fabf58:group-DBA10722B97E changes to CANDIDATE, lastRpcTime:5097, electionTimeout:5097ms
2019-07-14 08:38:44,573 INFO  impl.RoleInfo (RoleInfo.java:shutdownFollowerState(121)) - 24defd36-f550-465d-8eca-c7db59fabf58: shutdown FollowerState
2019-07-14 08:38:44,573 INFO  impl.RaftServerImpl (RaftServerImpl.java:setRole(171)) - 24defd36-f550-465d-8eca-c7db59fabf58:group-DBA10722B97E changes role from FOLLOWER to CANDIDATE at term 0 for changeToCandidate
2019-07-14 08:38:44,573 INFO  impl.RoleInfo (RoleInfo.java:updateAndGet(143)) - 24defd36-f550-465d-8eca-c7db59fabf58: start LeaderElection
2019-07-14 08:38:44,584 INFO  impl.LeaderElection (LeaderElection.java:askForVotes(181)) - 24defd36-f550-465d-8eca-c7db59fabf58:group-DBA10722B97E:LeaderElection95: begin an election at term 1 for -1: [24defd36-f550-465d-8eca-c7db59fabf58:192.168.5.191:42099, a8cea552-2699-45ae-8278-4317896b9350:192.168.5.191:42756, 4769d2c9-7940-482b-b46d-49f67155139d:192.168.5.191:39435], old=null
2019-07-14 08:38:44,591 INFO  impl.RaftServerImpl (RaftServerImpl.java:setRole(171)) - 4769d2c9-7940-482b-b46d-49f67155139d:group-DBA10722B97E changes role from FOLLOWER to FOLLOWER at term 1 for recognizeCandidate:24defd36-f550-465d-8eca-c7db59fabf58
2019-07-14 08:38:44,591 INFO  impl.FollowerState (FollowerState.java:run(106)) - 4769d2c9-7940-482b-b46d-49f67155139d:group-351C248B0510 changes to CANDIDATE, lastRpcTime:5156, electionTimeout:5154ms
2019-07-14 08:38:44,604 INFO  impl.RaftServerImpl (RaftServerImpl.java:setRole(171)) - a8cea552-2699-45ae-8278-4317896b9350:group-DBA10722B97E changes role from FOLLOWER to FOLLOWER at term 1 for recognizeCandidate:24defd36-f550-465d-8eca-c7db59fabf58
2019-07-14 08:38:44,604 INFO  impl.RoleInfo (RoleInfo.java:shutdownFollowerState(121)) - a8cea552-2699-45ae-8278-4317896b9350: shutdown FollowerState
2019-07-14 08:38:44,591 INFO  impl.RoleInfo (RoleInfo.java:shutdownFollowerState(121)) - 4769d2c9-7940-482b-b46d-49f67155139d: shutdown FollowerState
2019-07-14 08:38:44,604 INFO  impl.FollowerState (FollowerState.java:run(114)) - a8cea552-2699-45ae-8278-4317896b9350: FollowerState was interrupted: java.lang.InterruptedException: sleep interrupted
2019-07-14 08:38:44,605 INFO  impl.FollowerState (FollowerState.java:run(114)) - 4769d2c9-7940-482b-b46d-49f67155139d: FollowerState was interrupted: java.lang.InterruptedException: sleep interrupted
2019-07-14 08:38:44,604 INFO  impl.RoleInfo (RoleInfo.java:updateAndGet(143)) - a8cea552-2699-45ae-8278-4317896b9350: start FollowerState
2019-07-14 08:38:44,604 INFO  impl.RoleInfo (RoleInfo.java:shutdownFollowerState(121)) - 4769d2c9-7940-482b-b46d-49f67155139d: shutdown FollowerState
2019-07-14 08:38:44,605 INFO  impl.RaftServerImpl (RaftServerImpl.java:setRole(171)) - 4769d2c9-7940-482b-b46d-49f67155139d:group-351C248B0510 changes role from FOLLOWER to CANDIDATE at term 0 for changeToCandidate
2019-07-14 08:38:44,605 INFO  impl.RoleInfo (RoleInfo.java:updateAndGet(143)) - 4769d2c9-7940-482b-b46d-49f67155139d: start FollowerState
2019-07-14 08:38:44,605 INFO  impl.RoleInfo (RoleInfo.java:updateAndGet(143)) - 4769d2c9-7940-482b-b46d-49f67155139d: start LeaderElection
2019-07-14 08:38:44,611 INFO  impl.LeaderElection (LeaderElection.java:logAndReturn(56)) - 24defd36-f550-465d-8eca-c7db59fabf58:group-DBA10722B97E:LeaderElection95: Election PASSED; received 1 response(s) [24defd36-f550-465d-8eca-c7db59fabf58<-a8cea552-2699-45ae-8278-4317896b9350#0:OK-t1] and 0 exception(s); 24defd36-f550-465d-8eca-c7db59fabf58:t1, leader=null, voted=24defd36-f550-465d-8eca-c7db59fabf58, raftlog=24defd36-f550-465d-8eca-c7db59fabf58-SegmentedRaftLog:OPENED:c-1,f-1,i0, conf=-1: [24defd36-f550-465d-8eca-c7db59fabf58:192.168.5.191:42099, a8cea552-2699-45ae-8278-4317896b9350:192.168.5.191:42756, 4769d2c9-7940-482b-b46d-49f67155139d:192.168.5.191:39435], old=null
2019-07-14 08:38:44,611 INFO  impl.RoleInfo (RoleInfo.java:shutdownLeaderElection(134)) - 24defd36-f550-465d-8eca-c7db59fabf58: shutdown LeaderElection
2019-07-14 08:38:44,611 INFO  impl.RaftServerImpl (RaftServerImpl.java:setRole(171)) - 24defd36-f550-465d-8eca-c7db59fabf58:group-DBA10722B97E changes role from CANDIDATE to LEADER at term 1 for changeToLeader
2019-07-14 08:38:44,611 INFO  impl.RaftServerImpl (ServerState.java:setLeader(263)) - 24defd36-f550-465d-8eca-c7db59fabf58:group-DBA10722B97E change Leader from null to 24defd36-f550-465d-8eca-c7db59fabf58 at term 1 for becomeLeader, leader elected after 5147ms
2019-07-14 08:38:44,611 INFO  server.RaftServerConfigKeys (ConfUtils.java:logGet(43)) - raft.server.staging.catchup.gap = 1000 (default)
2019-07-14 08:38:44,611 INFO  server.RaftServerConfigKeys (ConfUtils.java:logGet(43)) - raft.server.rpc.sleep.time = 25ms (default)
2019-07-14 08:38:44,611 INFO  server.RaftServerConfigKeys (ConfUtils.java:logGet(43)) - raft.server.write.element-limit = 4096 (default)
2019-07-14 08:38:44,612 INFO  server.RaftServerConfigKeys (ConfUtils.java:logGet(43)) - raft.server.watch.timeout = 10s (default)
2019-07-14 08:38:44,612 INFO  server.RaftServerConfigKeys (ConfUtils.java:logGet(43)) - raft.server.watch.timeout.denomination = 1s (default)
2019-07-14 08:38:44,612 INFO  server.RaftServerConfigKeys (ConfUtils.java:logGet(43)) - raft.server.watch.element-limit = 65536 (default)
2019-07-14 08:38:44,612 INFO  server.RaftServerConfigKeys (ConfUtils.java:logGet(43)) - raft.server.log.appender.snapshot.chunk.size.max = 16MB (=16777216) (default)
2019-07-14 08:38:44,612 INFO  impl.LeaderElection (LeaderElection.java:askForVotes(181)) - 4769d2c9-7940-482b-b46d-49f67155139d:group-351C248B0510:LeaderElection96: begin an election at term 1 for -1: [4769d2c9-7940-482b-b46d-49f67155139d:192.168.5.191:39435], old=null
2019-07-14 08:38:44,612 INFO  server.RaftServerConfigKeys (ConfUtils.java:logGet(43)) - raft.server.log.appender.buffer.byte-limit = 33554432 (custom)
2019-07-14 08:38:44,612 INFO  impl.RoleInfo (RoleInfo.java:shutdownLeaderElection(134)) - 4769d2c9-7940-482b-b46d-49f67155139d: shutdown LeaderElection
2019-07-14 08:38:44,613 INFO  server.RaftServerConfigKeys (ConfUtils.java:logGet(43)) - raft.server.log.appender.buffer.element-limit = 1 (custom)
2019-07-14 08:38:44,613 INFO  impl.RaftServerImpl (RaftServerImpl.java:setRole(171)) - 4769d2c9-7940-482b-b46d-49f67155139d:group-351C248B0510 changes role from CANDIDATE to LEADER at term 1 for changeToLeader
2019-07-14 08:38:44,613 INFO  grpc.GrpcConfigKeys$Server (ConfUtils.java:logGet(43)) - raft.grpc.server.leader.outstanding.appends.max = 128 (default)
2019-07-14 08:38:44,613 INFO  impl.RaftServerImpl (ServerState.java:setLeader(263)) - 4769d2c9-7940-482b-b46d-49f67155139d:group-351C248B0510 change Leader from null to 4769d2c9-7940-482b-b46d-49f67155139d at term 1 for becomeLeader, leader elected after 5182ms
2019-07-14 08:38:44,613 INFO  server.RaftServerConfigKeys (ConfUtils.java:logGet(43)) - raft.server.rpc.request.timeout = 3000ms (default)
2019-07-14 08:38:44,613 INFO  server.RaftServerConfigKeys (ConfUtils.java:logGet(43)) - raft.server.staging.catchup.gap = 1000 (default)
2019-07-14 08:38:44,613 INFO  server.RaftServerConfigKeys (ConfUtils.java:logGet(43)) - raft.server.log.appender.install.snapshot.enabled = false (custom)
2019-07-14 08:38:44,614 INFO  server.RaftServerConfigKeys (ConfUtils.java:logGet(43)) - raft.server.rpc.sleep.time = 25ms (default)
2019-07-14 08:38:44,614 INFO  server.RaftServerConfigKeys (ConfUtils.java:logGet(43)) - raft.server.log.appender.snapshot.chunk.size.max = 16MB (=16777216) (default)
2019-07-14 08:38:44,614 INFO  server.RaftServerConfigKeys (ConfUtils.java:logGet(43)) - raft.server.write.element-limit = 4096 (default)
2019-07-14 08:38:44,614 INFO  server.RaftServerConfigKeys (ConfUtils.java:logGet(43)) - raft.server.log.appender.buffer.byte-limit = 33554432 (custom)
2019-07-14 08:38:44,614 INFO  server.RaftServerConfigKeys (ConfUtils.java:logGet(43)) - raft.server.watch.timeout = 10s (default)
2019-07-14 08:38:44,614 INFO  server.RaftServerConfigKeys (ConfUtils.java:logGet(43)) - raft.server.log.appender.buffer.element-limit = 1 (custom)
2019-07-14 08:38:44,614 INFO  server.RaftServerConfigKeys (ConfUtils.java:logGet(43)) - raft.server.watch.timeout.denomination = 1s (default)
2019-07-14 08:38:44,615 INFO  grpc.GrpcConfigKeys$Server (ConfUtils.java:logGet(43)) - raft.grpc.server.leader.outstanding.appends.max = 128 (default)
2019-07-14 08:38:44,615 INFO  server.RaftServerConfigKeys (ConfUtils.java:logGet(43)) - raft.server.watch.element-limit = 65536 (default)
2019-07-14 08:38:44,615 INFO  server.RaftServerConfigKeys (ConfUtils.java:logGet(43)) - raft.server.rpc.request.timeout = 3000ms (default)
2019-07-14 08:38:44,615 INFO  impl.RoleInfo (RoleInfo.java:updateAndGet(143)) - 4769d2c9-7940-482b-b46d-49f67155139d: start LeaderState
2019-07-14 08:38:44,615 INFO  server.RaftServerConfigKeys (ConfUtils.java:logGet(43)) - raft.server.log.appender.install.snapshot.enabled = false (custom)
2019-07-14 08:38:44,615 INFO  segmented.SegmentedRaftLogWorker (SegmentedRaftLogWorker.java:startLogSegment(380)) - 4769d2c9-7940-482b-b46d-49f67155139d-SegmentedRaftLogWorker:Storage Directory /workdir/hadoop-ozone/integration-test/target/test-dir/MiniOzoneClusterImpl-8c37849b-ee6b-479b-81cf-86fe5980264c/datanode-2/data/ratis/0e0592b4-5079-4e3b-99bb-351c248b0510: Starting segment from index:0
2019-07-14 08:38:44,616 INFO  impl.RoleInfo (RoleInfo.java:updateAndGet(143)) - 24defd36-f550-465d-8eca-c7db59fabf58: start LeaderState
2019-07-14 08:38:44,616 INFO  segmented.SegmentedRaftLogWorker (SegmentedRaftLogWorker.java:startLogSegment(380)) - 24defd36-f550-465d-8eca-c7db59fabf58-SegmentedRaftLogWorker:Storage Directory /workdir/hadoop-ozone/integration-test/target/test-dir/MiniOzoneClusterImpl-8c37849b-ee6b-479b-81cf-86fe5980264c/datanode-1/data/ratis/b4a5756e-cf1e-4ae1-8a17-dba10722b97e: Starting segment from index:0
2019-07-14 08:38:44,616 INFO  impl.RaftServerImpl (ServerState.java:setRaftConf(361)) - 4769d2c9-7940-482b-b46d-49f67155139d:group-351C248B0510 set configuration 0: [4769d2c9-7940-482b-b46d-49f67155139d:192.168.5.191:39435], old=null at 0
2019-07-14 08:38:44,638 INFO  impl.RaftServerImpl (ServerState.java:setRaftConf(361)) - 24defd36-f550-465d-8eca-c7db59fabf58:group-DBA10722B97E set configuration 0: [24defd36-f550-465d-8eca-c7db59fabf58:192.168.5.191:42099, a8cea552-2699-45ae-8278-4317896b9350:192.168.5.191:42756, 4769d2c9-7940-482b-b46d-49f67155139d:192.168.5.191:39435], old=null at 0
2019-07-14 08:38:44,639 INFO  impl.RaftServerImpl (ServerState.java:setLeader(263)) - 4769d2c9-7940-482b-b46d-49f67155139d:group-DBA10722B97E change Leader from null to 24defd36-f550-465d-8eca-c7db59fabf58 at term 1 for appendEntries, leader elected after 5176ms
2019-07-14 08:38:44,639 INFO  impl.RaftServerImpl (ServerState.java:setLeader(263)) - a8cea552-2699-45ae-8278-4317896b9350:group-DBA10722B97E change Leader from null to 24defd36-f550-465d-8eca-c7db59fabf58 at term 1 for appendEntries, leader elected after 5176ms
2019-07-14 08:38:44,645 INFO  segmented.SegmentedRaftLogWorker (SegmentedRaftLogWorker.java:execute(569)) - 24defd36-f550-465d-8eca-c7db59fabf58-SegmentedRaftLogWorker:Storage Directory /workdir/hadoop-ozone/integration-test/target/test-dir/MiniOzoneClusterImpl-8c37849b-ee6b-479b-81cf-86fe5980264c/datanode-1/data/ratis/b4a5756e-cf1e-4ae1-8a17-dba10722b97e: created new log segment /workdir/hadoop-ozone/integration-test/target/test-dir/MiniOzoneClusterImpl-8c37849b-ee6b-479b-81cf-86fe5980264c/datanode-1/data/ratis/b4a5756e-cf1e-4ae1-8a17-dba10722b97e/current/log_inprogress_0
2019-07-14 08:38:44,645 INFO  segmented.SegmentedRaftLogWorker (SegmentedRaftLogWorker.java:execute(569)) - 4769d2c9-7940-482b-b46d-49f67155139d-SegmentedRaftLogWorker:Storage Directory /workdir/hadoop-ozone/integration-test/target/test-dir/MiniOzoneClusterImpl-8c37849b-ee6b-479b-81cf-86fe5980264c/datanode-2/data/ratis/0e0592b4-5079-4e3b-99bb-351c248b0510: created new log segment /workdir/hadoop-ozone/integration-test/target/test-dir/MiniOzoneClusterImpl-8c37849b-ee6b-479b-81cf-86fe5980264c/datanode-2/data/ratis/0e0592b4-5079-4e3b-99bb-351c248b0510/current/log_inprogress_0
2019-07-14 08:38:44,646 INFO  impl.RaftServerImpl (ServerState.java:setRaftConf(361)) - 4769d2c9-7940-482b-b46d-49f67155139d:group-DBA10722B97E set configuration 0: [24defd36-f550-465d-8eca-c7db59fabf58:192.168.5.191:42099, a8cea552-2699-45ae-8278-4317896b9350:192.168.5.191:42756, 4769d2c9-7940-482b-b46d-49f67155139d:192.168.5.191:39435], old=null at 0
2019-07-14 08:38:44,648 INFO  impl.RaftServerImpl (ServerState.java:setRaftConf(361)) - a8cea552-2699-45ae-8278-4317896b9350:group-DBA10722B97E set configuration 0: [24defd36-f550-465d-8eca-c7db59fabf58:192.168.5.191:42099, a8cea552-2699-45ae-8278-4317896b9350:192.168.5.191:42756, 4769d2c9-7940-482b-b46d-49f67155139d:192.168.5.191:39435], old=null at 0
2019-07-14 08:38:44,649 INFO  segmented.SegmentedRaftLogWorker (SegmentedRaftLogWorker.java:startLogSegment(380)) - 4769d2c9-7940-482b-b46d-49f67155139d-SegmentedRaftLogWorker:Storage Directory /workdir/hadoop-ozone/integration-test/target/test-dir/MiniOzoneClusterImpl-8c37849b-ee6b-479b-81cf-86fe5980264c/datanode-2/data/ratis/b4a5756e-cf1e-4ae1-8a17-dba10722b97e: Starting segment from index:0
2019-07-14 08:38:44,649 INFO  segmented.SegmentedRaftLogWorker (SegmentedRaftLogWorker.java:startLogSegment(380)) - a8cea552-2699-45ae-8278-4317896b9350-SegmentedRaftLogWorker:Storage Directory /workdir/hadoop-ozone/integration-test/target/test-dir/MiniOzoneClusterImpl-8c37849b-ee6b-479b-81cf-86fe5980264c/datanode-0/data/ratis/b4a5756e-cf1e-4ae1-8a17-dba10722b97e: Starting segment from index:0
2019-07-14 08:38:44,672 INFO  segmented.SegmentedRaftLogWorker (SegmentedRaftLogWorker.java:execute(569)) - a8cea552-2699-45ae-8278-4317896b9350-SegmentedRaftLogWorker:Storage Directory /workdir/hadoop-ozone/integration-test/target/test-dir/MiniOzoneClusterImpl-8c37849b-ee6b-479b-81cf-86fe5980264c/datanode-0/data/ratis/b4a5756e-cf1e-4ae1-8a17-dba10722b97e: created new log segment /workdir/hadoop-ozone/integration-test/target/test-dir/MiniOzoneClusterImpl-8c37849b-ee6b-479b-81cf-86fe5980264c/datanode-0/data/ratis/b4a5756e-cf1e-4ae1-8a17-dba10722b97e/current/log_inprogress_0
2019-07-14 08:38:44,672 INFO  segmented.SegmentedRaftLogWorker (SegmentedRaftLogWorker.java:execute(569)) - 4769d2c9-7940-482b-b46d-49f67155139d-SegmentedRaftLogWorker:Storage Directory /workdir/hadoop-ozone/integration-test/target/test-dir/MiniOzoneClusterImpl-8c37849b-ee6b-479b-81cf-86fe5980264c/datanode-2/data/ratis/b4a5756e-cf1e-4ae1-8a17-dba10722b97e: created new log segment /workdir/hadoop-ozone/integration-test/target/test-dir/MiniOzoneClusterImpl-8c37849b-ee6b-479b-81cf-86fe5980264c/datanode-2/data/ratis/b4a5756e-cf1e-4ae1-8a17-dba10722b97e/current/log_inprogress_0
2019-07-14 08:38:44,796 INFO  impl.FollowerState (FollowerState.java:run(106)) - ee405930-b1f4-4448-af63-adfe72e2c983:group-8941310C78C9 changes to CANDIDATE, lastRpcTime:5157, electionTimeout:5146ms
2019-07-14 08:38:44,797 INFO  impl.RoleInfo (RoleInfo.java:shutdownFollowerState(121)) - ee405930-b1f4-4448-af63-adfe72e2c983: shutdown FollowerState
2019-07-14 08:38:44,797 INFO  impl.RaftServerImpl (RaftServerImpl.java:setRole(171)) - ee405930-b1f4-4448-af63-adfe72e2c983:group-8941310C78C9 changes role from FOLLOWER to CANDIDATE at term 0 for changeToCandidate
2019-07-14 08:38:44,797 INFO  impl.RoleInfo (RoleInfo.java:updateAndGet(143)) - ee405930-b1f4-4448-af63-adfe72e2c983: start LeaderElection
2019-07-14 08:38:44,814 INFO  impl.LeaderElection (LeaderElection.java:askForVotes(181)) - ee405930-b1f4-4448-af63-adfe72e2c983:group-8941310C78C9:LeaderElection97: begin an election at term 1 for -1: [ee405930-b1f4-4448-af63-adfe72e2c983:192.168.5.191:35939], old=null
2019-07-14 08:38:44,815 INFO  impl.RoleInfo (RoleInfo.java:shutdownLeaderElection(134)) - ee405930-b1f4-4448-af63-adfe72e2c983: shutdown LeaderElection
2019-07-14 08:38:44,815 INFO  impl.RaftServerImpl (RaftServerImpl.java:setRole(171)) - ee405930-b1f4-4448-af63-adfe72e2c983:group-8941310C78C9 changes role from CANDIDATE to LEADER at term 1 for changeToLeader
2019-07-14 08:38:44,815 INFO  impl.RaftServerImpl (ServerState.java:setLeader(263)) - ee405930-b1f4-4448-af63-adfe72e2c983:group-8941310C78C9 change Leader from null to ee405930-b1f4-4448-af63-adfe72e2c983 at term 1 for becomeLeader, leader elected after 5180ms
2019-07-14 08:38:44,815 INFO  server.RaftServerConfigKeys (ConfUtils.java:logGet(43)) - raft.server.staging.catchup.gap = 1000 (default)
2019-07-14 08:38:44,815 INFO  server.RaftServerConfigKeys (ConfUtils.java:logGet(43)) - raft.server.rpc.sleep.time = 25ms (default)
2019-07-14 08:38:44,815 INFO  server.RaftServerConfigKeys (ConfUtils.java:logGet(43)) - raft.server.write.element-limit = 4096 (default)
2019-07-14 08:38:44,816 INFO  server.RaftServerConfigKeys (ConfUtils.java:logGet(43)) - raft.server.watch.timeout = 10s (default)
2019-07-14 08:38:44,816 INFO  server.RaftServerConfigKeys (ConfUtils.java:logGet(43)) - raft.server.watch.timeout.denomination = 1s (default)
2019-07-14 08:38:44,816 INFO  server.RaftServerConfigKeys (ConfUtils.java:logGet(43)) - raft.server.watch.element-limit = 65536 (default)
2019-07-14 08:38:44,816 INFO  impl.RoleInfo (RoleInfo.java:updateAndGet(143)) - ee405930-b1f4-4448-af63-adfe72e2c983: start LeaderState
2019-07-14 08:38:44,816 INFO  segmented.SegmentedRaftLogWorker (SegmentedRaftLogWorker.java:startLogSegment(380)) - ee405930-b1f4-4448-af63-adfe72e2c983-SegmentedRaftLogWorker:Storage Directory /workdir/hadoop-ozone/integration-test/target/test-dir/MiniOzoneClusterImpl-8c37849b-ee6b-479b-81cf-86fe5980264c/datanode-3/data/ratis/4389c57f-02a2-4819-97bf-8941310c78c9: Starting segment from index:0
2019-07-14 08:38:44,817 INFO  impl.RaftServerImpl (ServerState.java:setRaftConf(361)) - ee405930-b1f4-4448-af63-adfe72e2c983:group-8941310C78C9 set configuration 0: [ee405930-b1f4-4448-af63-adfe72e2c983:192.168.5.191:35939], old=null at 0
2019-07-14 08:38:44,839 INFO  segmented.SegmentedRaftLogWorker (SegmentedRaftLogWorker.java:execute(569)) - ee405930-b1f4-4448-af63-adfe72e2c983-SegmentedRaftLogWorker:Storage Directory /workdir/hadoop-ozone/integration-test/target/test-dir/MiniOzoneClusterImpl-8c37849b-ee6b-479b-81cf-86fe5980264c/datanode-3/data/ratis/4389c57f-02a2-4819-97bf-8941310c78c9: created new log segment /workdir/hadoop-ozone/integration-test/target/test-dir/MiniOzoneClusterImpl-8c37849b-ee6b-479b-81cf-86fe5980264c/datanode-3/data/ratis/4389c57f-02a2-4819-97bf-8941310c78c9/current/log_inprogress_0
2019-07-14 08:38:44,959 INFO  impl.FollowerState (FollowerState.java:run(106)) - 6bedcca4-5eec-4fa9-8466-1c8e4f91b574:group-9209A58C6435 changes to CANDIDATE, lastRpcTime:5139, electionTimeout:5139ms
2019-07-14 08:38:44,960 INFO  impl.RoleInfo (RoleInfo.java:shutdownFollowerState(121)) - 6bedcca4-5eec-4fa9-8466-1c8e4f91b574: shutdown FollowerState
2019-07-14 08:38:44,960 INFO  impl.RaftServerImpl (RaftServerImpl.java:setRole(171)) - 6bedcca4-5eec-4fa9-8466-1c8e4f91b574:group-9209A58C6435 changes role from FOLLOWER to CANDIDATE at term 0 for changeToCandidate
2019-07-14 08:38:44,960 INFO  impl.RoleInfo (RoleInfo.java:updateAndGet(143)) - 6bedcca4-5eec-4fa9-8466-1c8e4f91b574: start LeaderElection
2019-07-14 08:38:44,967 INFO  impl.LeaderElection (LeaderElection.java:askForVotes(181)) - 6bedcca4-5eec-4fa9-8466-1c8e4f91b574:group-9209A58C6435:LeaderElection98: begin an election at term 1 for -1: [6bedcca4-5eec-4fa9-8466-1c8e4f91b574:192.168.5.191:46138], old=null
2019-07-14 08:38:44,967 INFO  impl.RoleInfo (RoleInfo.java:shutdownLeaderElection(134)) - 6bedcca4-5eec-4fa9-8466-1c8e4f91b574: shutdown LeaderElection
2019-07-14 08:38:44,968 INFO  impl.RaftServerImpl (RaftServerImpl.java:setRole(171)) - 6bedcca4-5eec-4fa9-8466-1c8e4f91b574:group-9209A58C6435 changes role from CANDIDATE to LEADER at term 1 for changeToLeader
2019-07-14 08:38:44,968 INFO  impl.RaftServerImpl (ServerState.java:setLeader(263)) - 6bedcca4-5eec-4fa9-8466-1c8e4f91b574:group-9209A58C6435 change Leader from null to 6bedcca4-5eec-4fa9-8466-1c8e4f91b574 at term 1 for becomeLeader, leader elected after 5152ms
2019-07-14 08:38:44,968 INFO  server.RaftServerConfigKeys (ConfUtils.java:logGet(43)) - raft.server.staging.catchup.gap = 1000 (default)
2019-07-14 08:38:44,968 INFO  server.RaftServerConfigKeys (ConfUtils.java:logGet(43)) - raft.server.rpc.sleep.time = 25ms (default)
2019-07-14 08:38:44,968 INFO  server.RaftServerConfigKeys (ConfUtils.java:logGet(43)) - raft.server.write.element-limit = 4096 (default)
2019-07-14 08:38:44,968 INFO  server.RaftServerConfigKeys (ConfUtils.java:logGet(43)) - raft.server.watch.timeout = 10s (default)
2019-07-14 08:38:44,969 INFO  server.RaftServerConfigKeys (ConfUtils.java:logGet(43)) - raft.server.watch.timeout.denomination = 1s (default)
2019-07-14 08:38:44,969 INFO  server.RaftServerConfigKeys (ConfUtils.java:logGet(43)) - raft.server.watch.element-limit = 65536 (default)
2019-07-14 08:38:44,969 INFO  impl.RoleInfo (RoleInfo.java:updateAndGet(143)) - 6bedcca4-5eec-4fa9-8466-1c8e4f91b574: start LeaderState
2019-07-14 08:38:44,969 INFO  segmented.SegmentedRaftLogWorker (SegmentedRaftLogWorker.java:startLogSegment(380)) - 6bedcca4-5eec-4fa9-8466-1c8e4f91b574-SegmentedRaftLogWorker:Storage Directory /workdir/hadoop-ozone/integration-test/target/test-dir/MiniOzoneClusterImpl-8c37849b-ee6b-479b-81cf-86fe5980264c/datanode-4/data/ratis/0350c28a-26f1-4909-9570-9209a58c6435: Starting segment from index:0
2019-07-14 08:38:44,970 INFO  impl.RaftServerImpl (ServerState.java:setRaftConf(361)) - 6bedcca4-5eec-4fa9-8466-1c8e4f91b574:group-9209A58C6435 set configuration 0: [6bedcca4-5eec-4fa9-8466-1c8e4f91b574:192.168.5.191:46138], old=null at 0
2019-07-14 08:38:44,998 INFO  segmented.SegmentedRaftLogWorker (SegmentedRaftLogWorker.java:execute(569)) - 6bedcca4-5eec-4fa9-8466-1c8e4f91b574-SegmentedRaftLogWorker:Storage Directory /workdir/hadoop-ozone/integration-test/target/test-dir/MiniOzoneClusterImpl-8c37849b-ee6b-479b-81cf-86fe5980264c/datanode-4/data/ratis/0350c28a-26f1-4909-9570-9209a58c6435: created new log segment /workdir/hadoop-ozone/integration-test/target/test-dir/MiniOzoneClusterImpl-8c37849b-ee6b-479b-81cf-86fe5980264c/datanode-4/data/ratis/0350c28a-26f1-4909-9570-9209a58c6435/current/log_inprogress_0
2019-07-14 08:38:45,084 INFO  impl.FollowerState (FollowerState.java:run(106)) - 6bedcca4-5eec-4fa9-8466-1c8e4f91b574:group-12575AD69176 changes to CANDIDATE, lastRpcTime:5042, electionTimeout:5042ms
2019-07-14 08:38:45,084 INFO  impl.RoleInfo (RoleInfo.java:shutdownFollowerState(121)) - 6bedcca4-5eec-4fa9-8466-1c8e4f91b574: shutdown FollowerState
2019-07-14 08:38:45,084 INFO  impl.RaftServerImpl (RaftServerImpl.java:setRole(171)) - 6bedcca4-5eec-4fa9-8466-1c8e4f91b574:group-12575AD69176 changes role from FOLLOWER to CANDIDATE at term 0 for changeToCandidate
2019-07-14 08:38:45,084 INFO  impl.RoleInfo (RoleInfo.java:updateAndGet(143)) - 6bedcca4-5eec-4fa9-8466-1c8e4f91b574: start LeaderElection
2019-07-14 08:38:45,091 INFO  impl.LeaderElection (LeaderElection.java:askForVotes(181)) - 6bedcca4-5eec-4fa9-8466-1c8e4f91b574:group-12575AD69176:LeaderElection99: begin an election at term 1 for -1: [ee405930-b1f4-4448-af63-adfe72e2c983:192.168.5.191:35939, ec1a8e93-f637-42e2-ad11-c2fb9339dc8c:192.168.5.191:45589, 6bedcca4-5eec-4fa9-8466-1c8e4f91b574:192.168.5.191:46138], old=null
2019-07-14 08:38:45,101 INFO  impl.RaftServerImpl (RaftServerImpl.java:setRole(171)) - ee405930-b1f4-4448-af63-adfe72e2c983:group-12575AD69176 changes role from FOLLOWER to FOLLOWER at term 1 for recognizeCandidate:6bedcca4-5eec-4fa9-8466-1c8e4f91b574
2019-07-14 08:38:45,101 INFO  impl.RaftServerImpl (RaftServerImpl.java:setRole(171)) - ec1a8e93-f637-42e2-ad11-c2fb9339dc8c:group-12575AD69176 changes role from FOLLOWER to FOLLOWER at term 1 for recognizeCandidate:6bedcca4-5eec-4fa9-8466-1c8e4f91b574
2019-07-14 08:38:45,101 INFO  impl.RoleInfo (RoleInfo.java:shutdownFollowerState(121)) - ee405930-b1f4-4448-af63-adfe72e2c983: shutdown FollowerState
2019-07-14 08:38:45,101 INFO  impl.RoleInfo (RoleInfo.java:shutdownFollowerState(121)) - ec1a8e93-f637-42e2-ad11-c2fb9339dc8c: shutdown FollowerState
2019-07-14 08:38:45,102 INFO  impl.RoleInfo (RoleInfo.java:updateAndGet(143)) - ee405930-b1f4-4448-af63-adfe72e2c983: start FollowerState
2019-07-14 08:38:45,102 INFO  impl.FollowerState (FollowerState.java:run(114)) - ec1a8e93-f637-42e2-ad11-c2fb9339dc8c: FollowerState was interrupted: java.lang.InterruptedException: sleep interrupted
2019-07-14 08:38:45,102 INFO  impl.RoleInfo (RoleInfo.java:updateAndGet(143)) - ec1a8e93-f637-42e2-ad11-c2fb9339dc8c: start FollowerState
2019-07-14 08:38:45,102 INFO  impl.FollowerState (FollowerState.java:run(114)) - ee405930-b1f4-4448-af63-adfe72e2c983: FollowerState was interrupted: java.lang.InterruptedException: sleep interrupted
2019-07-14 08:38:45,108 INFO  impl.LeaderElection (LeaderElection.java:logAndReturn(56)) - 6bedcca4-5eec-4fa9-8466-1c8e4f91b574:group-12575AD69176:LeaderElection99: Election PASSED; received 1 response(s) [6bedcca4-5eec-4fa9-8466-1c8e4f91b574<-ee405930-b1f4-4448-af63-adfe72e2c983#0:OK-t1] and 0 exception(s); 6bedcca4-5eec-4fa9-8466-1c8e4f91b574:t1, leader=null, voted=6bedcca4-5eec-4fa9-8466-1c8e4f91b574, raftlog=6bedcca4-5eec-4fa9-8466-1c8e4f91b574-SegmentedRaftLog:OPENED:c-1,f-1,i0, conf=-1: [ee405930-b1f4-4448-af63-adfe72e2c983:192.168.5.191:35939, ec1a8e93-f637-42e2-ad11-c2fb9339dc8c:192.168.5.191:45589, 6bedcca4-5eec-4fa9-8466-1c8e4f91b574:192.168.5.191:46138], old=null
2019-07-14 08:38:45,108 INFO  impl.RoleInfo (RoleInfo.java:shutdownLeaderElection(134)) - 6bedcca4-5eec-4fa9-8466-1c8e4f91b574: shutdown LeaderElection
2019-07-14 08:38:45,108 INFO  impl.RaftServerImpl (RaftServerImpl.java:setRole(171)) - 6bedcca4-5eec-4fa9-8466-1c8e4f91b574:group-12575AD69176 changes role from CANDIDATE to LEADER at term 1 for changeToLeader
2019-07-14 08:38:45,108 INFO  impl.RaftServerImpl (ServerState.java:setLeader(263)) - 6bedcca4-5eec-4fa9-8466-1c8e4f91b574:group-12575AD69176 change Leader from null to 6bedcca4-5eec-4fa9-8466-1c8e4f91b574 at term 1 for becomeLeader, leader elected after 5077ms
2019-07-14 08:38:45,108 INFO  server.RaftServerConfigKeys (ConfUtils.java:logGet(43)) - raft.server.staging.catchup.gap = 1000 (default)
2019-07-14 08:38:45,109 INFO  server.RaftServerConfigKeys (ConfUtils.java:logGet(43)) - raft.server.rpc.sleep.time = 25ms (default)
2019-07-14 08:38:45,109 INFO  server.RaftServerConfigKeys (ConfUtils.java:logGet(43)) - raft.server.write.element-limit = 4096 (default)
2019-07-14 08:38:45,109 INFO  server.RaftServerConfigKeys (ConfUtils.java:logGet(43)) - raft.server.watch.timeout = 10s (default)
2019-07-14 08:38:45,109 INFO  server.RaftServerConfigKeys (ConfUtils.java:logGet(43)) - raft.server.watch.timeout.denomination = 1s (default)
2019-07-14 08:38:45,109 INFO  server.RaftServerConfigKeys (ConfUtils.java:logGet(43)) - raft.server.watch.element-limit = 65536 (default)
2019-07-14 08:38:45,109 INFO  server.RaftServerConfigKeys (ConfUtils.java:logGet(43)) - raft.server.log.appender.snapshot.chunk.size.max = 16MB (=16777216) (default)
2019-07-14 08:38:45,110 INFO  server.RaftServerConfigKeys (ConfUtils.java:logGet(43)) - raft.server.log.appender.buffer.byte-limit = 33554432 (custom)
2019-07-14 08:38:45,110 INFO  server.RaftServerConfigKeys (ConfUtils.java:logGet(43)) - raft.server.log.appender.buffer.element-limit = 1 (custom)
2019-07-14 08:38:45,110 INFO  grpc.GrpcConfigKeys$Server (ConfUtils.java:logGet(43)) - raft.grpc.server.leader.outstanding.appends.max = 128 (default)
2019-07-14 08:38:45,110 INFO  server.RaftServerConfigKeys (ConfUtils.java:logGet(43)) - raft.server.rpc.request.timeout = 3000ms (default)
2019-07-14 08:38:45,111 INFO  server.RaftServerConfigKeys (ConfUtils.java:logGet(43)) - raft.server.log.appender.install.snapshot.enabled = false (custom)
2019-07-14 08:38:45,111 INFO  server.RaftServerConfigKeys (ConfUtils.java:logGet(43)) - raft.server.log.appender.snapshot.chunk.size.max = 16MB (=16777216) (default)
2019-07-14 08:38:45,111 INFO  server.RaftServerConfigKeys (ConfUtils.java:logGet(43)) - raft.server.log.appender.buffer.byte-limit = 33554432 (custom)
2019-07-14 08:38:45,111 INFO  server.RaftServerConfigKeys (ConfUtils.java:logGet(43)) - raft.server.log.appender.buffer.element-limit = 1 (custom)
2019-07-14 08:38:45,111 INFO  grpc.GrpcConfigKeys$Server (ConfUtils.java:logGet(43)) - raft.grpc.server.leader.outstanding.appends.max = 128 (default)
2019-07-14 08:38:45,111 INFO  server.RaftServerConfigKeys (ConfUtils.java:logGet(43)) - raft.server.rpc.request.timeout = 3000ms (default)
2019-07-14 08:38:45,112 INFO  server.RaftServerConfigKeys (ConfUtils.java:logGet(43)) - raft.server.log.appender.install.snapshot.enabled = false (custom)
2019-07-14 08:38:45,112 INFO  impl.RoleInfo (RoleInfo.java:updateAndGet(143)) - 6bedcca4-5eec-4fa9-8466-1c8e4f91b574: start LeaderState
2019-07-14 08:38:45,112 INFO  segmented.SegmentedRaftLogWorker (SegmentedRaftLogWorker.java:startLogSegment(380)) - 6bedcca4-5eec-4fa9-8466-1c8e4f91b574-SegmentedRaftLogWorker:Storage Directory /workdir/hadoop-ozone/integration-test/target/test-dir/MiniOzoneClusterImpl-8c37849b-ee6b-479b-81cf-86fe5980264c/datanode-4/data/ratis/04e226ef-7dd7-4202-97f5-12575ad69176: Starting segment from index:0
2019-07-14 08:38:45,113 INFO  impl.RaftServerImpl (ServerState.java:setRaftConf(361)) - 6bedcca4-5eec-4fa9-8466-1c8e4f91b574:group-12575AD69176 set configuration 0: [ee405930-b1f4-4448-af63-adfe72e2c983:192.168.5.191:35939, ec1a8e93-f637-42e2-ad11-c2fb9339dc8c:192.168.5.191:45589, 6bedcca4-5eec-4fa9-8466-1c8e4f91b574:192.168.5.191:46138], old=null at 0
2019-07-14 08:38:45,134 INFO  impl.RaftServerImpl (ServerState.java:setLeader(263)) - ec1a8e93-f637-42e2-ad11-c2fb9339dc8c:group-12575AD69176 change Leader from null to 6bedcca4-5eec-4fa9-8466-1c8e4f91b574 at term 1 for appendEntries, leader elected after 5102ms
2019-07-14 08:38:45,134 INFO  impl.RaftServerImpl (ServerState.java:setLeader(263)) - ee405930-b1f4-4448-af63-adfe72e2c983:group-12575AD69176 change Leader from null to 6bedcca4-5eec-4fa9-8466-1c8e4f91b574 at term 1 for appendEntries, leader elected after 5103ms
2019-07-14 08:38:45,134 INFO  impl.FollowerState (FollowerState.java:run(106)) - ec1a8e93-f637-42e2-ad11-c2fb9339dc8c:group-B5B414B11892 changes to CANDIDATE, lastRpcTime:5130, electionTimeout:5124ms
2019-07-14 08:38:45,135 INFO  impl.RoleInfo (RoleInfo.java:shutdownFollowerState(121)) - ec1a8e93-f637-42e2-ad11-c2fb9339dc8c: shutdown FollowerState
2019-07-14 08:38:45,135 INFO  impl.RaftServerImpl (RaftServerImpl.java:setRole(171)) - ec1a8e93-f637-42e2-ad11-c2fb9339dc8c:group-B5B414B11892 changes role from FOLLOWER to CANDIDATE at term 0 for changeToCandidate
2019-07-14 08:38:45,135 INFO  impl.RoleInfo (RoleInfo.java:updateAndGet(143)) - ec1a8e93-f637-42e2-ad11-c2fb9339dc8c: start LeaderElection
2019-07-14 08:38:45,138 INFO  segmented.SegmentedRaftLogWorker (SegmentedRaftLogWorker.java:execute(569)) - 6bedcca4-5eec-4fa9-8466-1c8e4f91b574-SegmentedRaftLogWorker:Storage Directory /workdir/hadoop-ozone/integration-test/target/test-dir/MiniOzoneClusterImpl-8c37849b-ee6b-479b-81cf-86fe5980264c/datanode-4/data/ratis/04e226ef-7dd7-4202-97f5-12575ad69176: created new log segment /workdir/hadoop-ozone/integration-test/target/test-dir/MiniOzoneClusterImpl-8c37849b-ee6b-479b-81cf-86fe5980264c/datanode-4/data/ratis/04e226ef-7dd7-4202-97f5-12575ad69176/current/log_inprogress_0
2019-07-14 08:38:45,139 INFO  impl.RaftServerImpl (ServerState.java:setRaftConf(361)) - ec1a8e93-f637-42e2-ad11-c2fb9339dc8c:group-12575AD69176 set configuration 0: [ee405930-b1f4-4448-af63-adfe72e2c983:192.168.5.191:35939, ec1a8e93-f637-42e2-ad11-c2fb9339dc8c:192.168.5.191:45589, 6bedcca4-5eec-4fa9-8466-1c8e4f91b574:192.168.5.191:46138], old=null at 0
2019-07-14 08:38:45,139 INFO  impl.RaftServerImpl (ServerState.java:setRaftConf(361)) - ee405930-b1f4-4448-af63-adfe72e2c983:group-12575AD69176 set configuration 0: [ee405930-b1f4-4448-af63-adfe72e2c983:192.168.5.191:35939, ec1a8e93-f637-42e2-ad11-c2fb9339dc8c:192.168.5.191:45589, 6bedcca4-5eec-4fa9-8466-1c8e4f91b574:192.168.5.191:46138], old=null at 0
2019-07-14 08:38:45,139 INFO  segmented.SegmentedRaftLogWorker (SegmentedRaftLogWorker.java:startLogSegment(380)) - ec1a8e93-f637-42e2-ad11-c2fb9339dc8c-SegmentedRaftLogWorker:Storage Directory /workdir/hadoop-ozone/integration-test/target/test-dir/MiniOzoneClusterImpl-8c37849b-ee6b-479b-81cf-86fe5980264c/datanode-5/data/ratis/04e226ef-7dd7-4202-97f5-12575ad69176: Starting segment from index:0
2019-07-14 08:38:45,139 INFO  segmented.SegmentedRaftLogWorker (SegmentedRaftLogWorker.java:startLogSegment(380)) - ee405930-b1f4-4448-af63-adfe72e2c983-SegmentedRaftLogWorker:Storage Directory /workdir/hadoop-ozone/integration-test/target/test-dir/MiniOzoneClusterImpl-8c37849b-ee6b-479b-81cf-86fe5980264c/datanode-3/data/ratis/04e226ef-7dd7-4202-97f5-12575ad69176: Starting segment from index:0
2019-07-14 08:38:45,142 INFO  impl.LeaderElection (LeaderElection.java:askForVotes(181)) - ec1a8e93-f637-42e2-ad11-c2fb9339dc8c:group-B5B414B11892:LeaderElection100: begin an election at term 1 for -1: [ec1a8e93-f637-42e2-ad11-c2fb9339dc8c:192.168.5.191:45589], old=null
2019-07-14 08:38:45,142 INFO  impl.RoleInfo (RoleInfo.java:shutdownLeaderElection(134)) - ec1a8e93-f637-42e2-ad11-c2fb9339dc8c: shutdown LeaderElection
2019-07-14 08:38:45,143 INFO  impl.RaftServerImpl (RaftServerImpl.java:setRole(171)) - ec1a8e93-f637-42e2-ad11-c2fb9339dc8c:group-B5B414B11892 changes role from CANDIDATE to LEADER at term 1 for changeToLeader
2019-07-14 08:38:45,143 INFO  impl.RaftServerImpl (ServerState.java:setLeader(263)) - ec1a8e93-f637-42e2-ad11-c2fb9339dc8c:group-B5B414B11892 change Leader from null to ec1a8e93-f637-42e2-ad11-c2fb9339dc8c at term 1 for becomeLeader, leader elected after 5143ms
2019-07-14 08:38:45,143 INFO  server.RaftServerConfigKeys (ConfUtils.java:logGet(43)) - raft.server.staging.catchup.gap = 1000 (default)
2019-07-14 08:38:45,143 INFO  server.RaftServerConfigKeys (ConfUtils.java:logGet(43)) - raft.server.rpc.sleep.time = 25ms (default)
2019-07-14 08:38:45,143 INFO  server.RaftServerConfigKeys (ConfUtils.java:logGet(43)) - raft.server.write.element-limit = 4096 (default)
2019-07-14 08:38:45,143 INFO  server.RaftServerConfigKeys (ConfUtils.java:logGet(43)) - raft.server.watch.timeout = 10s (default)
2019-07-14 08:38:45,143 INFO  server.RaftServerConfigKeys (ConfUtils.java:logGet(43)) - raft.server.watch.timeout.denomination = 1s (default)
2019-07-14 08:38:45,144 INFO  server.RaftServerConfigKeys (ConfUtils.java:logGet(43)) - raft.server.watch.element-limit = 65536 (default)
2019-07-14 08:38:45,144 INFO  impl.RoleInfo (RoleInfo.java:updateAndGet(143)) - ec1a8e93-f637-42e2-ad11-c2fb9339dc8c: start LeaderState
2019-07-14 08:38:45,144 INFO  segmented.SegmentedRaftLogWorker (SegmentedRaftLogWorker.java:startLogSegment(380)) - ec1a8e93-f637-42e2-ad11-c2fb9339dc8c-SegmentedRaftLogWorker:Storage Directory /workdir/hadoop-ozone/integration-test/target/test-dir/MiniOzoneClusterImpl-8c37849b-ee6b-479b-81cf-86fe5980264c/datanode-5/data/ratis/a64519e4-a9ed-49af-b417-b5b414b11892: Starting segment from index:0
2019-07-14 08:38:45,145 INFO  impl.RaftServerImpl (ServerState.java:setRaftConf(361)) - ec1a8e93-f637-42e2-ad11-c2fb9339dc8c:group-B5B414B11892 set configuration 0: [ec1a8e93-f637-42e2-ad11-c2fb9339dc8c:192.168.5.191:45589], old=null at 0
2019-07-14 08:38:45,172 INFO  segmented.SegmentedRaftLogWorker (SegmentedRaftLogWorker.java:execute(569)) - ec1a8e93-f637-42e2-ad11-c2fb9339dc8c-SegmentedRaftLogWorker:Storage Directory /workdir/hadoop-ozone/integration-test/target/test-dir/MiniOzoneClusterImpl-8c37849b-ee6b-479b-81cf-86fe5980264c/datanode-5/data/ratis/a64519e4-a9ed-49af-b417-b5b414b11892: created new log segment /workdir/hadoop-ozone/integration-test/target/test-dir/MiniOzoneClusterImpl-8c37849b-ee6b-479b-81cf-86fe5980264c/datanode-5/data/ratis/a64519e4-a9ed-49af-b417-b5b414b11892/current/log_inprogress_0
2019-07-14 08:38:45,172 INFO  segmented.SegmentedRaftLogWorker (SegmentedRaftLogWorker.java:execute(569)) - ec1a8e93-f637-42e2-ad11-c2fb9339dc8c-SegmentedRaftLogWorker:Storage Directory /workdir/hadoop-ozone/integration-test/target/test-dir/MiniOzoneClusterImpl-8c37849b-ee6b-479b-81cf-86fe5980264c/datanode-5/data/ratis/04e226ef-7dd7-4202-97f5-12575ad69176: created new log segment /workdir/hadoop-ozone/integration-test/target/test-dir/MiniOzoneClusterImpl-8c37849b-ee6b-479b-81cf-86fe5980264c/datanode-5/data/ratis/04e226ef-7dd7-4202-97f5-12575ad69176/current/log_inprogress_0
2019-07-14 08:38:45,172 INFO  segmented.SegmentedRaftLogWorker (SegmentedRaftLogWorker.java:execute(569)) - ee405930-b1f4-4448-af63-adfe72e2c983-SegmentedRaftLogWorker:Storage Directory /workdir/hadoop-ozone/integration-test/target/test-dir/MiniOzoneClusterImpl-8c37849b-ee6b-479b-81cf-86fe5980264c/datanode-3/data/ratis/04e226ef-7dd7-4202-97f5-12575ad69176: created new log segment /workdir/hadoop-ozone/integration-test/target/test-dir/MiniOzoneClusterImpl-8c37849b-ee6b-479b-81cf-86fe5980264c/datanode-3/data/ratis/04e226ef-7dd7-4202-97f5-12575ad69176/current/log_inprogress_0
2019-07-14 08:38:45,431 INFO  client.GrpcClientProtocolClient (GrpcClientProtocolClient.java:onNext(255)) - client-DEA56E5B4AA2->ee405930-b1f4-4448-af63-adfe72e2c983: receive RaftClientReply:client-DEA56E5B4AA2->ee405930-b1f4-4448-af63-adfe72e2c983@group-12575AD69176, cid=242, FAILED org.apache.ratis.protocol.NotLeaderException: Server ee405930-b1f4-4448-af63-adfe72e2c983 is not the leader (6bedcca4-5eec-4fa9-8466-1c8e4f91b574:192.168.5.191:46138). Request must be sent to leader., logIndex=0, commits[ee405930-b1f4-4448-af63-adfe72e2c983:c-1, ec1a8e93-f637-42e2-ad11-c2fb9339dc8c:c-1, 6bedcca4-5eec-4fa9-8466-1c8e4f91b574:c-1]
2019-07-14 08:38:45,478 INFO  impl.FollowerState (FollowerState.java:run(106)) - f8f717d9-fa08-4b11-80ff-252fbec0febd:group-7A4D5FAACD80 changes to CANDIDATE, lastRpcTime:5135, electionTimeout:5135ms
2019-07-14 08:38:45,479 INFO  impl.RoleInfo (RoleInfo.java:shutdownFollowerState(121)) - f8f717d9-fa08-4b11-80ff-252fbec0febd: shutdown FollowerState
2019-07-14 08:38:45,479 INFO  impl.RaftServerImpl (RaftServerImpl.java:setRole(171)) - f8f717d9-fa08-4b11-80ff-252fbec0febd:group-7A4D5FAACD80 changes role from FOLLOWER to CANDIDATE at term 0 for changeToCandidate
2019-07-14 08:38:45,479 INFO  impl.RoleInfo (RoleInfo.java:updateAndGet(143)) - f8f717d9-fa08-4b11-80ff-252fbec0febd: start LeaderElection
2019-07-14 08:38:45,489 INFO  impl.LeaderElection (LeaderElection.java:askForVotes(181)) - f8f717d9-fa08-4b11-80ff-252fbec0febd:group-7A4D5FAACD80:LeaderElection101: begin an election at term 1 for -1: [f8f717d9-fa08-4b11-80ff-252fbec0febd:192.168.5.191:46821], old=null
2019-07-14 08:38:45,489 INFO  impl.RoleInfo (RoleInfo.java:shutdownLeaderElection(134)) - f8f717d9-fa08-4b11-80ff-252fbec0febd: shutdown LeaderElection
2019-07-14 08:38:45,489 INFO  impl.RaftServerImpl (RaftServerImpl.java:setRole(171)) - f8f717d9-fa08-4b11-80ff-252fbec0febd:group-7A4D5FAACD80 changes role from CANDIDATE to LEADER at term 1 for changeToLeader
2019-07-14 08:38:45,490 INFO  impl.RaftServerImpl (ServerState.java:setLeader(263)) - f8f717d9-fa08-4b11-80ff-252fbec0febd:group-7A4D5FAACD80 change Leader from null to f8f717d9-fa08-4b11-80ff-252fbec0febd at term 1 for becomeLeader, leader elected after 5151ms
2019-07-14 08:38:45,490 INFO  server.RaftServerConfigKeys (ConfUtils.java:logGet(43)) - raft.server.staging.catchup.gap = 1000 (default)
2019-07-14 08:38:45,490 INFO  server.RaftServerConfigKeys (ConfUtils.java:logGet(43)) - raft.server.rpc.sleep.time = 25ms (default)
2019-07-14 08:38:45,490 INFO  server.RaftServerConfigKeys (ConfUtils.java:logGet(43)) - raft.server.write.element-limit = 4096 (default)
2019-07-14 08:38:45,490 INFO  server.RaftServerConfigKeys (ConfUtils.java:logGet(43)) - raft.server.watch.timeout = 10s (default)
2019-07-14 08:38:45,491 INFO  server.RaftServerConfigKeys (ConfUtils.java:logGet(43)) - raft.server.watch.timeout.denomination = 1s (default)
2019-07-14 08:38:45,491 INFO  server.RaftServerConfigKeys (ConfUtils.java:logGet(43)) - raft.server.watch.element-limit = 65536 (default)
2019-07-14 08:38:45,491 INFO  impl.RoleInfo (RoleInfo.java:updateAndGet(143)) - f8f717d9-fa08-4b11-80ff-252fbec0febd: start LeaderState
2019-07-14 08:38:45,491 INFO  segmented.SegmentedRaftLogWorker (SegmentedRaftLogWorker.java:startLogSegment(380)) - f8f717d9-fa08-4b11-80ff-252fbec0febd-SegmentedRaftLogWorker:Storage Directory /workdir/hadoop-ozone/integration-test/target/test-dir/MiniOzoneClusterImpl-8c37849b-ee6b-479b-81cf-86fe5980264c/datanode-6/data/ratis/96b2ef7a-f28b-4df2-a937-7a4d5faacd80: Starting segment from index:0
2019-07-14 08:38:45,492 INFO  impl.RaftServerImpl (ServerState.java:setRaftConf(361)) - f8f717d9-fa08-4b11-80ff-252fbec0febd:group-7A4D5FAACD80 set configuration 0: [f8f717d9-fa08-4b11-80ff-252fbec0febd:192.168.5.191:46821], old=null at 0
2019-07-14 08:38:45,518 INFO  segmented.SegmentedRaftLogWorker (SegmentedRaftLogWorker.java:execute(569)) - f8f717d9-fa08-4b11-80ff-252fbec0febd-SegmentedRaftLogWorker:Storage Directory /workdir/hadoop-ozone/integration-test/target/test-dir/MiniOzoneClusterImpl-8c37849b-ee6b-479b-81cf-86fe5980264c/datanode-6/data/ratis/96b2ef7a-f28b-4df2-a937-7a4d5faacd80: created new log segment /workdir/hadoop-ozone/integration-test/target/test-dir/MiniOzoneClusterImpl-8c37849b-ee6b-479b-81cf-86fe5980264c/datanode-6/data/ratis/96b2ef7a-f28b-4df2-a937-7a4d5faacd80/current/log_inprogress_0
2019-07-14 08:38:45,534 INFO  client.GrpcClientProtocolClient (GrpcClientProtocolClient.java:onNext(255)) - client-DEA56E5B4AA2->6bedcca4-5eec-4fa9-8466-1c8e4f91b574: receive RaftClientReply:client-DEA56E5B4AA2->6bedcca4-5eec-4fa9-8466-1c8e4f91b574@group-12575AD69176, cid=242, SUCCESS, logIndex=1, commits[6bedcca4-5eec-4fa9-8466-1c8e4f91b574:c1, ee405930-b1f4-4448-af63-adfe72e2c983:c0, ec1a8e93-f637-42e2-ad11-c2fb9339dc8c:c0]
2019-07-14 08:38:45,550 INFO  client.GrpcClientProtocolClient (GrpcClientProtocolClient.java:onNext(255)) - client-DEA56E5B4AA2->6bedcca4-5eec-4fa9-8466-1c8e4f91b574: receive RaftClientReply:client-DEA56E5B4AA2->6bedcca4-5eec-4fa9-8466-1c8e4f91b574@group-12575AD69176, cid=243, SUCCESS, logIndex=3, commits[6bedcca4-5eec-4fa9-8466-1c8e4f91b574:c3, ee405930-b1f4-4448-af63-adfe72e2c983:c2, ec1a8e93-f637-42e2-ad11-c2fb9339dc8c:c2]
2019-07-14 08:38:45,578 INFO  client.GrpcClientProtocolClient (GrpcClientProtocolClient.java:onNext(255)) - client-DEA56E5B4AA2->6bedcca4-5eec-4fa9-8466-1c8e4f91b574: receive RaftClientReply:client-DEA56E5B4AA2->6bedcca4-5eec-4fa9-8466-1c8e4f91b574@group-12575AD69176, cid=244, SUCCESS, logIndex=4, commits[6bedcca4-5eec-4fa9-8466-1c8e4f91b574:c11, ee405930-b1f4-4448-af63-adfe72e2c983:c7, ec1a8e93-f637-42e2-ad11-c2fb9339dc8c:c7]
2019-07-14 08:38:45,579 INFO  client.GrpcClientProtocolClient (GrpcClientProtocolClient.java:onNext(255)) - client-DEA56E5B4AA2->6bedcca4-5eec-4fa9-8466-1c8e4f91b574: receive RaftClientReply:client-DEA56E5B4AA2->6bedcca4-5eec-4fa9-8466-1c8e4f91b574@group-12575AD69176, cid=245, SUCCESS, logIndex=5, commits[6bedcca4-5eec-4fa9-8466-1c8e4f91b574:c11, ee405930-b1f4-4448-af63-adfe72e2c983:c7, ec1a8e93-f637-42e2-ad11-c2fb9339dc8c:c7]
2019-07-14 08:38:45,579 INFO  client.GrpcClientProtocolClient (GrpcClientProtocolClient.java:onNext(255)) - client-DEA56E5B4AA2->6bedcca4-5eec-4fa9-8466-1c8e4f91b574: receive RaftClientReply:client-DEA56E5B4AA2->6bedcca4-5eec-4fa9-8466-1c8e4f91b574@group-12575AD69176, cid=246, SUCCESS, logIndex=6, commits[6bedcca4-5eec-4fa9-8466-1c8e4f91b574:c11, ee405930-b1f4-4448-af63-adfe72e2c983:c7, ec1a8e93-f637-42e2-ad11-c2fb9339dc8c:c7]
2019-07-14 08:38:45,620 INFO  client.GrpcClientProtocolClient (GrpcClientProtocolClient.java:onNext(255)) - client-DEA56E5B4AA2->6bedcca4-5eec-4fa9-8466-1c8e4f91b574: receive RaftClientReply:client-DEA56E5B4AA2->6bedcca4-5eec-4fa9-8466-1c8e4f91b574@group-12575AD69176, cid=247, SUCCESS, logIndex=7, commits[6bedcca4-5eec-4fa9-8466-1c8e4f91b574:c11, ee405930-b1f4-4448-af63-adfe72e2c983:c7, ec1a8e93-f637-42e2-ad11-c2fb9339dc8c:c7]
2019-07-14 08:38:45,635 INFO  client.GrpcClientProtocolClient (GrpcClientProtocolClient.java:onNext(255)) - client-DEA56E5B4AA2->6bedcca4-5eec-4fa9-8466-1c8e4f91b574: receive RaftClientReply:client-DEA56E5B4AA2->6bedcca4-5eec-4fa9-8466-1c8e4f91b574@group-12575AD69176, cid=248, SUCCESS, logIndex=12, commits[6bedcca4-5eec-4fa9-8466-1c8e4f91b574:c13, ee405930-b1f4-4448-af63-adfe72e2c983:c11, ec1a8e93-f637-42e2-ad11-c2fb9339dc8c:c11]
2019-07-14 08:38:45,638 INFO  client.GrpcClientProtocolClient (GrpcClientProtocolClient.java:onNext(255)) - client-DEA56E5B4AA2->6bedcca4-5eec-4fa9-8466-1c8e4f91b574: receive RaftClientReply:client-DEA56E5B4AA2->6bedcca4-5eec-4fa9-8466-1c8e4f91b574@group-12575AD69176, cid=249, SUCCESS, logIndex=13, commits[6bedcca4-5eec-4fa9-8466-1c8e4f91b574:c13, ee405930-b1f4-4448-af63-adfe72e2c983:c11, ec1a8e93-f637-42e2-ad11-c2fb9339dc8c:c11]
2019-07-14 08:38:45,648 INFO  client.GrpcClientProtocolClient (GrpcClientProtocolClient.java:onNext(255)) - client-DEA56E5B4AA2->6bedcca4-5eec-4fa9-8466-1c8e4f91b574: receive RaftClientReply:client-DEA56E5B4AA2->6bedcca4-5eec-4fa9-8466-1c8e4f91b574@group-12575AD69176, cid=250, SUCCESS, logIndex=0, commits[6bedcca4-5eec-4fa9-8466-1c8e4f91b574:c15, ee405930-b1f4-4448-af63-adfe72e2c983:c13, ec1a8e93-f637-42e2-ad11-c2fb9339dc8c:c13]
2019-07-14 08:38:45,649 INFO  container.CloseContainerEventHandler (CloseContainerEventHandler.java:onMessage(61)) - Close container Event triggered for container : #1
2019-07-14 08:38:45,650 INFO  container.CloseContainerEventHandler (CloseContainerEventHandler.java:onMessage(61)) - Close container Event triggered for container : #1
2019-07-14 08:38:45,650 INFO  container.CloseContainerEventHandler (CloseContainerEventHandler.java:onMessage(61)) - Close container Event triggered for container : #1
2019-07-14 08:38:46,830 INFO  interfaces.Container (KeyValueContainer.java:compactDB(356)) - Container 1 is closed with bcsId 13.
2019-07-14 08:38:46,830 INFO  interfaces.Container (KeyValueContainer.java:compactDB(356)) - Container 1 is closed with bcsId 13.
2019-07-14 08:38:46,839 INFO  interfaces.Container (KeyValueContainer.java:compactDB(356)) - Container 1 is closed with bcsId 13.
08:38:47.152 [grpc-default-executor-12] ERROR DNAudit - user=null | ip=null | op=WRITE_CHUNK {blockData=conID: 1 locID: 102438897016373268 bcsId: 13} | ret=FAILURE
org.apache.hadoop.hdds.scm.container.common.helpers.ContainerNotOpenException: Container 1 in CLOSED state
	at org.apache.hadoop.ozone.container.common.impl.HddsDispatcher.validateContainerCommand(HddsDispatcher.java:408) ~[hadoop-hdds-container-service-0.5.0-SNAPSHOT.jar:?]
	at org.apache.hadoop.ozone.container.common.transport.server.ratis.ContainerStateMachine.startTransaction(ContainerStateMachine.java:272) ~[hadoop-hdds-container-service-0.5.0-SNAPSHOT.jar:?]
	at org.apache.ratis.server.impl.RaftServerImpl.submitClientRequestAsync(RaftServerImpl.java:566) ~[ratis-server-0.4.0-2337318-SNAPSHOT.jar:0.4.0-2337318-SNAPSHOT]
	at org.apache.ratis.server.impl.RaftServerProxy.lambda$submitClientRequestAsync$7(RaftServerProxy.java:333) ~[ratis-server-0.4.0-2337318-SNAPSHOT.jar:0.4.0-2337318-SNAPSHOT]
	at org.apache.ratis.server.impl.RaftServerProxy.lambda$null$5(RaftServerProxy.java:328) ~[ratis-server-0.4.0-2337318-SNAPSHOT.jar:0.4.0-2337318-SNAPSHOT]
	at org.apache.ratis.util.JavaUtils.callAsUnchecked(JavaUtils.java:109) ~[ratis-common-0.4.0-2337318-SNAPSHOT.jar:0.4.0-2337318-SNAPSHOT]
	at org.apache.ratis.server.impl.RaftServerProxy.lambda$submitRequest$6(RaftServerProxy.java:328) ~[ratis-server-0.4.0-2337318-SNAPSHOT.jar:0.4.0-2337318-SNAPSHOT]
	at java.util.concurrent.CompletableFuture.uniComposeStage(CompletableFuture.java:981) ~[?:1.8.0_212]
	at java.util.concurrent.CompletableFuture.thenCompose(CompletableFuture.java:2124) ~[?:1.8.0_212]
	at org.apache.ratis.server.impl.RaftServerProxy.submitRequest(RaftServerProxy.java:327) ~[ratis-server-0.4.0-2337318-SNAPSHOT.jar:0.4.0-2337318-SNAPSHOT]
	at org.apache.ratis.server.impl.RaftServerProxy.submitClientRequestAsync(RaftServerProxy.java:333) ~[ratis-server-0.4.0-2337318-SNAPSHOT.jar:0.4.0-2337318-SNAPSHOT]
	at org.apache.ratis.grpc.client.GrpcClientProtocolService$RequestStreamObserver.processClientRequest(GrpcClientProtocolService.java:220) ~[ratis-grpc-0.4.0-2337318-SNAPSHOT.jar:0.4.0-2337318-SNAPSHOT]
	at org.apache.ratis.grpc.client.GrpcClientProtocolService$OrderedRequestStreamObserver.processClientRequest(GrpcClientProtocolService.java:326) ~[ratis-grpc-0.4.0-2337318-SNAPSHOT.jar:0.4.0-2337318-SNAPSHOT]
	at org.apache.ratis.util.SlidingWindow$Server.processRequestsFromHead(SlidingWindow.java:429) [ratis-common-0.4.0-2337318-SNAPSHOT.jar:0.4.0-2337318-SNAPSHOT]
	at org.apache.ratis.util.SlidingWindow$Server.receivedRequest(SlidingWindow.java:421) [ratis-common-0.4.0-2337318-SNAPSHOT.jar:0.4.0-2337318-SNAPSHOT]
	at org.apache.ratis.grpc.client.GrpcClientProtocolService$OrderedRequestStreamObserver.processClientRequest(GrpcClientProtocolService.java:345) [ratis-grpc-0.4.0-2337318-SNAPSHOT.jar:0.4.0-2337318-SNAPSHOT]
	at org.apache.ratis.grpc.client.GrpcClientProtocolService$RequestStreamObserver.onNext(GrpcClientProtocolService.java:240) [ratis-grpc-0.4.0-2337318-SNAPSHOT.jar:0.4.0-2337318-SNAPSHOT]
	at org.apache.ratis.grpc.client.GrpcClientProtocolService$RequestStreamObserver.onNext(GrpcClientProtocolService.java:168) [ratis-grpc-0.4.0-2337318-SNAPSHOT.jar:0.4.0-2337318-SNAPSHOT]
	at org.apache.ratis.thirdparty.io.grpc.stub.ServerCalls$StreamingServerCallHandler$StreamingServerCallListener.onMessage(ServerCalls.java:248) [ratis-thirdparty-misc-0.2.0.jar:0.2.0]
	at org.apache.ratis.thirdparty.io.grpc.internal.ServerCallImpl$ServerStreamListenerImpl.messagesAvailable(ServerCallImpl.java:263) [ratis-thirdparty-misc-0.2.0.jar:0.2.0]
	at org.apache.ratis.thirdparty.io.grpc.internal.ServerImpl$JumpToApplicationThreadServerStreamListener$1MessagesAvailable.runInContext(ServerImpl.java:686) [ratis-thirdparty-misc-0.2.0.jar:0.2.0]
	at org.apache.ratis.thirdparty.io.grpc.internal.ContextRunnable.run(ContextRunnable.java:37) [ratis-thirdparty-misc-0.2.0.jar:0.2.0]
	at org.apache.ratis.thirdparty.io.grpc.internal.SerializingExecutor.run(SerializingExecutor.java:123) [ratis-thirdparty-misc-0.2.0.jar:0.2.0]
	at java.util.concurrent.ThreadPoolExecutor.runWorker(ThreadPoolExecutor.java:1149) [?:1.8.0_212]
	at java.util.concurrent.ThreadPoolExecutor$Worker.run(ThreadPoolExecutor.java:624) [?:1.8.0_212]
	at java.lang.Thread.run(Thread.java:748) [?:1.8.0_212]
08:38:47.155 [grpc-default-executor-12] ERROR DNAudit - user=null | ip=null | op=WRITE_CHUNK {blockData=conID: 1 locID: 102438897016373268 bcsId: 13} | ret=FAILURE
org.apache.hadoop.hdds.scm.container.common.helpers.ContainerNotOpenException: Container 1 in CLOSED state
	at org.apache.hadoop.ozone.container.common.impl.HddsDispatcher.validateContainerCommand(HddsDispatcher.java:408) ~[hadoop-hdds-container-service-0.5.0-SNAPSHOT.jar:?]
	at org.apache.hadoop.ozone.container.common.transport.server.ratis.ContainerStateMachine.startTransaction(ContainerStateMachine.java:272) ~[hadoop-hdds-container-service-0.5.0-SNAPSHOT.jar:?]
	at org.apache.ratis.server.impl.RaftServerImpl.submitClientRequestAsync(RaftServerImpl.java:566) ~[ratis-server-0.4.0-2337318-SNAPSHOT.jar:0.4.0-2337318-SNAPSHOT]
	at org.apache.ratis.server.impl.RaftServerProxy.lambda$submitClientRequestAsync$7(RaftServerProxy.java:333) ~[ratis-server-0.4.0-2337318-SNAPSHOT.jar:0.4.0-2337318-SNAPSHOT]
	at org.apache.ratis.server.impl.RaftServerProxy.lambda$null$5(RaftServerProxy.java:328) ~[ratis-server-0.4.0-2337318-SNAPSHOT.jar:0.4.0-2337318-SNAPSHOT]
	at org.apache.ratis.util.JavaUtils.callAsUnchecked(JavaUtils.java:109) ~[ratis-common-0.4.0-2337318-SNAPSHOT.jar:0.4.0-2337318-SNAPSHOT]
	at org.apache.ratis.server.impl.RaftServerProxy.lambda$submitRequest$6(RaftServerProxy.java:328) ~[ratis-server-0.4.0-2337318-SNAPSHOT.jar:0.4.0-2337318-SNAPSHOT]
	at java.util.concurrent.CompletableFuture.uniComposeStage(CompletableFuture.java:981) ~[?:1.8.0_212]
	at java.util.concurrent.CompletableFuture.thenCompose(CompletableFuture.java:2124) ~[?:1.8.0_212]
	at org.apache.ratis.server.impl.RaftServerProxy.submitRequest(RaftServerProxy.java:327) ~[ratis-server-0.4.0-2337318-SNAPSHOT.jar:0.4.0-2337318-SNAPSHOT]
	at org.apache.ratis.server.impl.RaftServerProxy.submitClientRequestAsync(RaftServerProxy.java:333) ~[ratis-server-0.4.0-2337318-SNAPSHOT.jar:0.4.0-2337318-SNAPSHOT]
	at org.apache.ratis.grpc.client.GrpcClientProtocolService$RequestStreamObserver.processClientRequest(GrpcClientProtocolService.java:220) ~[ratis-grpc-0.4.0-2337318-SNAPSHOT.jar:0.4.0-2337318-SNAPSHOT]
	at org.apache.ratis.grpc.client.GrpcClientProtocolService$OrderedRequestStreamObserver.processClientRequest(GrpcClientProtocolService.java:326) ~[ratis-grpc-0.4.0-2337318-SNAPSHOT.jar:0.4.0-2337318-SNAPSHOT]
	at org.apache.ratis.util.SlidingWindow$Server.processRequestsFromHead(SlidingWindow.java:429) [ratis-common-0.4.0-2337318-SNAPSHOT.jar:0.4.0-2337318-SNAPSHOT]
	at org.apache.ratis.util.SlidingWindow$Server.receivedRequest(SlidingWindow.java:421) [ratis-common-0.4.0-2337318-SNAPSHOT.jar:0.4.0-2337318-SNAPSHOT]
	at org.apache.ratis.grpc.client.GrpcClientProtocolService$OrderedRequestStreamObserver.processClientRequest(GrpcClientProtocolService.java:345) [ratis-grpc-0.4.0-2337318-SNAPSHOT.jar:0.4.0-2337318-SNAPSHOT]
	at org.apache.ratis.grpc.client.GrpcClientProtocolService$RequestStreamObserver.onNext(GrpcClientProtocolService.java:240) [ratis-grpc-0.4.0-2337318-SNAPSHOT.jar:0.4.0-2337318-SNAPSHOT]
	at org.apache.ratis.grpc.client.GrpcClientProtocolService$RequestStreamObserver.onNext(GrpcClientProtocolService.java:168) [ratis-grpc-0.4.0-2337318-SNAPSHOT.jar:0.4.0-2337318-SNAPSHOT]
	at org.apache.ratis.thirdparty.io.grpc.stub.ServerCalls$StreamingServerCallHandler$StreamingServerCallListener.onMessage(ServerCalls.java:248) [ratis-thirdparty-misc-0.2.0.jar:0.2.0]
	at org.apache.ratis.thirdparty.io.grpc.internal.ServerCallImpl$ServerStreamListenerImpl.messagesAvailable(ServerCallImpl.java:263) [ratis-thirdparty-misc-0.2.0.jar:0.2.0]
	at org.apache.ratis.thirdparty.io.grpc.internal.ServerImpl$JumpToApplicationThreadServerStreamListener$1MessagesAvailable.runInContext(ServerImpl.java:686) [ratis-thirdparty-misc-0.2.0.jar:0.2.0]
	at org.apache.ratis.thirdparty.io.grpc.internal.ContextRunnable.run(ContextRunnable.java:37) [ratis-thirdparty-misc-0.2.0.jar:0.2.0]
	at org.apache.ratis.thirdparty.io.grpc.internal.SerializingExecutor.run(SerializingExecutor.java:123) [ratis-thirdparty-misc-0.2.0.jar:0.2.0]
	at java.util.concurrent.ThreadPoolExecutor.runWorker(ThreadPoolExecutor.java:1149) [?:1.8.0_212]
	at java.util.concurrent.ThreadPoolExecutor$Worker.run(ThreadPoolExecutor.java:624) [?:1.8.0_212]
	at java.lang.Thread.run(Thread.java:748) [?:1.8.0_212]
08:38:47.179 [grpc-default-executor-12] ERROR DNAudit - user=null | ip=null | op=PUT_BLOCK {blockData=[blockId=conID: 1 locID: 102438897016373268 bcsId: 0,size=650]} | ret=FAILURE
org.apache.hadoop.hdds.scm.container.common.helpers.ContainerNotOpenException: Container 1 in CLOSED state
	at org.apache.hadoop.ozone.container.common.impl.HddsDispatcher.validateContainerCommand(HddsDispatcher.java:408) ~[hadoop-hdds-container-service-0.5.0-SNAPSHOT.jar:?]
	at org.apache.hadoop.ozone.container.common.transport.server.ratis.ContainerStateMachine.startTransaction(ContainerStateMachine.java:272) ~[hadoop-hdds-container-service-0.5.0-SNAPSHOT.jar:?]
	at org.apache.ratis.server.impl.RaftServerImpl.submitClientRequestAsync(RaftServerImpl.java:566) ~[ratis-server-0.4.0-2337318-SNAPSHOT.jar:0.4.0-2337318-SNAPSHOT]
	at org.apache.ratis.server.impl.RaftServerProxy.lambda$submitClientRequestAsync$7(RaftServerProxy.java:333) ~[ratis-server-0.4.0-2337318-SNAPSHOT.jar:0.4.0-2337318-SNAPSHOT]
	at org.apache.ratis.server.impl.RaftServerProxy.lambda$null$5(RaftServerProxy.java:328) ~[ratis-server-0.4.0-2337318-SNAPSHOT.jar:0.4.0-2337318-SNAPSHOT]
	at org.apache.ratis.util.JavaUtils.callAsUnchecked(JavaUtils.java:109) ~[ratis-common-0.4.0-2337318-SNAPSHOT.jar:0.4.0-2337318-SNAPSHOT]
	at org.apache.ratis.server.impl.RaftServerProxy.lambda$submitRequest$6(RaftServerProxy.java:328) ~[ratis-server-0.4.0-2337318-SNAPSHOT.jar:0.4.0-2337318-SNAPSHOT]
	at java.util.concurrent.CompletableFuture.uniComposeStage(CompletableFuture.java:981) ~[?:1.8.0_212]
	at java.util.concurrent.CompletableFuture.thenCompose(CompletableFuture.java:2124) ~[?:1.8.0_212]
	at org.apache.ratis.server.impl.RaftServerProxy.submitRequest(RaftServerProxy.java:327) ~[ratis-server-0.4.0-2337318-SNAPSHOT.jar:0.4.0-2337318-SNAPSHOT]
	at org.apache.ratis.server.impl.RaftServerProxy.submitClientRequestAsync(RaftServerProxy.java:333) ~[ratis-server-0.4.0-2337318-SNAPSHOT.jar:0.4.0-2337318-SNAPSHOT]
	at org.apache.ratis.grpc.client.GrpcClientProtocolService$RequestStreamObserver.processClientRequest(GrpcClientProtocolService.java:220) ~[ratis-grpc-0.4.0-2337318-SNAPSHOT.jar:0.4.0-2337318-SNAPSHOT]
	at org.apache.ratis.grpc.client.GrpcClientProtocolService$OrderedRequestStreamObserver.processClientRequest(GrpcClientProtocolService.java:326) ~[ratis-grpc-0.4.0-2337318-SNAPSHOT.jar:0.4.0-2337318-SNAPSHOT]
	at org.apache.ratis.util.SlidingWindow$Server.processRequestsFromHead(SlidingWindow.java:429) [ratis-common-0.4.0-2337318-SNAPSHOT.jar:0.4.0-2337318-SNAPSHOT]
	at org.apache.ratis.util.SlidingWindow$Server.receivedRequest(SlidingWindow.java:421) [ratis-common-0.4.0-2337318-SNAPSHOT.jar:0.4.0-2337318-SNAPSHOT]
	at org.apache.ratis.grpc.client.GrpcClientProtocolService$OrderedRequestStreamObserver.processClientRequest(GrpcClientProtocolService.java:345) [ratis-grpc-0.4.0-2337318-SNAPSHOT.jar:0.4.0-2337318-SNAPSHOT]
	at org.apache.ratis.grpc.client.GrpcClientProtocolService$RequestStreamObserver.onNext(GrpcClientProtocolService.java:240) [ratis-grpc-0.4.0-2337318-SNAPSHOT.jar:0.4.0-2337318-SNAPSHOT]
	at org.apache.ratis.grpc.client.GrpcClientProtocolService$RequestStreamObserver.onNext(GrpcClientProtocolService.java:168) [ratis-grpc-0.4.0-2337318-SNAPSHOT.jar:0.4.0-2337318-SNAPSHOT]
	at org.apache.ratis.thirdparty.io.grpc.stub.ServerCalls$StreamingServerCallHandler$StreamingServerCallListener.onMessage(ServerCalls.java:248) [ratis-thirdparty-misc-0.2.0.jar:0.2.0]
	at org.apache.ratis.thirdparty.io.grpc.internal.ServerCallImpl$ServerStreamListenerImpl.messagesAvailable(ServerCallImpl.java:263) [ratis-thirdparty-misc-0.2.0.jar:0.2.0]
	at org.apache.ratis.thirdparty.io.grpc.internal.ServerImpl$JumpToApplicationThreadServerStreamListener$1MessagesAvailable.runInContext(ServerImpl.java:686) [ratis-thirdparty-misc-0.2.0.jar:0.2.0]
	at org.apache.ratis.thirdparty.io.grpc.internal.ContextRunnable.run(ContextRunnable.java:37) [ratis-thirdparty-misc-0.2.0.jar:0.2.0]
	at org.apache.ratis.thirdparty.io.grpc.internal.SerializingExecutor.run(SerializingExecutor.java:123) [ratis-thirdparty-misc-0.2.0.jar:0.2.0]
	at java.util.concurrent.ThreadPoolExecutor.runWorker(ThreadPoolExecutor.java:1149) [?:1.8.0_212]
	at java.util.concurrent.ThreadPoolExecutor$Worker.run(ThreadPoolExecutor.java:624) [?:1.8.0_212]
	at java.lang.Thread.run(Thread.java:748) [?:1.8.0_212]
2019-07-14 08:38:47,180 INFO  client.GrpcClientProtocolClient (GrpcClientProtocolClient.java:onNext(255)) - client-DEA56E5B4AA2->6bedcca4-5eec-4fa9-8466-1c8e4f91b574: receive RaftClientReply:client-DEA56E5B4AA2->6bedcca4-5eec-4fa9-8466-1c8e4f91b574@group-12575AD69176, cid=251, FAILED org.apache.ratis.protocol.StateMachineException: org.apache.hadoop.hdds.scm.container.common.helpers.ContainerNotOpenException from Server 6bedcca4-5eec-4fa9-8466-1c8e4f91b574: Container 1 in CLOSED state, logIndex=0, commits[6bedcca4-5eec-4fa9-8466-1c8e4f91b574:c17, ee405930-b1f4-4448-af63-adfe72e2c983:c16, ec1a8e93-f637-42e2-ad11-c2fb9339dc8c:c16]
2019-07-14 08:38:47,186 INFO  client.GrpcClientProtocolClient (GrpcClientProtocolClient.java:onNext(255)) - client-DEA56E5B4AA2->6bedcca4-5eec-4fa9-8466-1c8e4f91b574: receive RaftClientReply:client-DEA56E5B4AA2->6bedcca4-5eec-4fa9-8466-1c8e4f91b574@group-12575AD69176, cid=252, FAILED org.apache.ratis.protocol.StateMachineException: org.apache.hadoop.hdds.scm.container.common.helpers.ContainerNotOpenException from Server 6bedcca4-5eec-4fa9-8466-1c8e4f91b574: Container 1 in CLOSED state, logIndex=0, commits[6bedcca4-5eec-4fa9-8466-1c8e4f91b574:c17, ee405930-b1f4-4448-af63-adfe72e2c983:c16, ec1a8e93-f637-42e2-ad11-c2fb9339dc8c:c16]
08:38:47.186 [grpc-default-executor-12] ERROR DNAudit - user=null | ip=null | op=WRITE_CHUNK {blockData=conID: 1 locID: 102438897016373268 bcsId: 13} | ret=FAILURE
org.apache.hadoop.hdds.scm.container.common.helpers.ContainerNotOpenException: Container 1 in CLOSED state
	at org.apache.hadoop.ozone.container.common.impl.HddsDispatcher.validateContainerCommand(HddsDispatcher.java:408) ~[hadoop-hdds-container-service-0.5.0-SNAPSHOT.jar:?]
	at org.apache.hadoop.ozone.container.common.transport.server.ratis.ContainerStateMachine.startTransaction(ContainerStateMachine.java:272) ~[hadoop-hdds-container-service-0.5.0-SNAPSHOT.jar:?]
	at org.apache.ratis.server.impl.RaftServerImpl.submitClientRequestAsync(RaftServerImpl.java:566) ~[ratis-server-0.4.0-2337318-SNAPSHOT.jar:0.4.0-2337318-SNAPSHOT]
	at org.apache.ratis.server.impl.RaftServerProxy.lambda$submitClientRequestAsync$7(RaftServerProxy.java:333) ~[ratis-server-0.4.0-2337318-SNAPSHOT.jar:0.4.0-2337318-SNAPSHOT]
	at org.apache.ratis.server.impl.RaftServerProxy.lambda$null$5(RaftServerProxy.java:328) ~[ratis-server-0.4.0-2337318-SNAPSHOT.jar:0.4.0-2337318-SNAPSHOT]
	at org.apache.ratis.util.JavaUtils.callAsUnchecked(JavaUtils.java:109) ~[ratis-common-0.4.0-2337318-SNAPSHOT.jar:0.4.0-2337318-SNAPSHOT]
	at org.apache.ratis.server.impl.RaftServerProxy.lambda$submitRequest$6(RaftServerProxy.java:328) ~[ratis-server-0.4.0-2337318-SNAPSHOT.jar:0.4.0-2337318-SNAPSHOT]
	at java.util.concurrent.CompletableFuture.uniComposeStage(CompletableFuture.java:981) ~[?:1.8.0_212]
	at java.util.concurrent.CompletableFuture.thenCompose(CompletableFuture.java:2124) ~[?:1.8.0_212]
	at org.apache.ratis.server.impl.RaftServerProxy.submitRequest(RaftServerProxy.java:327) ~[ratis-server-0.4.0-2337318-SNAPSHOT.jar:0.4.0-2337318-SNAPSHOT]
	at org.apache.ratis.server.impl.RaftServerProxy.submitClientRequestAsync(RaftServerProxy.java:333) ~[ratis-server-0.4.0-2337318-SNAPSHOT.jar:0.4.0-2337318-SNAPSHOT]
	at org.apache.ratis.grpc.client.GrpcClientProtocolService$RequestStreamObserver.processClientRequest(GrpcClientProtocolService.java:220) ~[ratis-grpc-0.4.0-2337318-SNAPSHOT.jar:0.4.0-2337318-SNAPSHOT]
	at org.apache.ratis.grpc.client.GrpcClientProtocolService$OrderedRequestStreamObserver.processClientRequest(GrpcClientProtocolService.java:326) ~[ratis-grpc-0.4.0-2337318-SNAPSHOT.jar:0.4.0-2337318-SNAPSHOT]
	at org.apache.ratis.util.SlidingWindow$Server.processRequestsFromHead(SlidingWindow.java:429) [ratis-common-0.4.0-2337318-SNAPSHOT.jar:0.4.0-2337318-SNAPSHOT]
	at org.apache.ratis.util.SlidingWindow$Server.receivedRequest(SlidingWindow.java:421) [ratis-common-0.4.0-2337318-SNAPSHOT.jar:0.4.0-2337318-SNAPSHOT]
	at org.apache.ratis.grpc.client.GrpcClientProtocolService$OrderedRequestStreamObserver.processClientRequest(GrpcClientProtocolService.java:345) [ratis-grpc-0.4.0-2337318-SNAPSHOT.jar:0.4.0-2337318-SNAPSHOT]
	at org.apache.ratis.grpc.client.GrpcClientProtocolService$RequestStreamObserver.onNext(GrpcClientProtocolService.java:240) [ratis-grpc-0.4.0-2337318-SNAPSHOT.jar:0.4.0-2337318-SNAPSHOT]
	at org.apache.ratis.grpc.client.GrpcClientProtocolService$RequestStreamObserver.onNext(GrpcClientProtocolService.java:168) [ratis-grpc-0.4.0-2337318-SNAPSHOT.jar:0.4.0-2337318-SNAPSHOT]
	at org.apache.ratis.thirdparty.io.grpc.stub.ServerCalls$StreamingServerCallHandler$StreamingServerCallListener.onMessage(ServerCalls.java:248) [ratis-thirdparty-misc-0.2.0.jar:0.2.0]
	at org.apache.ratis.thirdparty.io.grpc.internal.ServerCallImpl$ServerStreamListenerImpl.messagesAvailable(ServerCallImpl.java:263) [ratis-thirdparty-misc-0.2.0.jar:0.2.0]
	at org.apache.ratis.thirdparty.io.grpc.internal.ServerImpl$JumpToApplicationThreadServerStreamListener$1MessagesAvailable.runInContext(ServerImpl.java:686) [ratis-thirdparty-misc-0.2.0.jar:0.2.0]
	at org.apache.ratis.thirdparty.io.grpc.internal.ContextRunnable.run(ContextRunnable.java:37) [ratis-thirdparty-misc-0.2.0.jar:0.2.0]
	at org.apache.ratis.thirdparty.io.grpc.internal.SerializingExecutor.run(SerializingExecutor.java:123) [ratis-thirdparty-misc-0.2.0.jar:0.2.0]
	at java.util.concurrent.ThreadPoolExecutor.runWorker(ThreadPoolExecutor.java:1149) [?:1.8.0_212]
	at java.util.concurrent.ThreadPoolExecutor$Worker.run(ThreadPoolExecutor.java:624) [?:1.8.0_212]
	at java.lang.Thread.run(Thread.java:748) [?:1.8.0_212]
2019-07-14 08:38:47,192 INFO  client.GrpcClientProtocolClient (GrpcClientProtocolClient.java:onNext(255)) - client-DEA56E5B4AA2->6bedcca4-5eec-4fa9-8466-1c8e4f91b574: receive RaftClientReply:client-DEA56E5B4AA2->6bedcca4-5eec-4fa9-8466-1c8e4f91b574@group-12575AD69176, cid=253, FAILED org.apache.ratis.protocol.StateMachineException: org.apache.hadoop.hdds.scm.container.common.helpers.ContainerNotOpenException from Server 6bedcca4-5eec-4fa9-8466-1c8e4f91b574: Container 1 in CLOSED state, logIndex=0, commits[6bedcca4-5eec-4fa9-8466-1c8e4f91b574:c17, ee405930-b1f4-4448-af63-adfe72e2c983:c16, ec1a8e93-f637-42e2-ad11-c2fb9339dc8c:c16]
2019-07-14 08:38:47,194 INFO  client.GrpcClientProtocolClient (GrpcClientProtocolClient.java:onNext(255)) - client-DEA56E5B4AA2->6bedcca4-5eec-4fa9-8466-1c8e4f91b574: receive RaftClientReply:client-DEA56E5B4AA2->6bedcca4-5eec-4fa9-8466-1c8e4f91b574@group-12575AD69176, cid=254, FAILED org.apache.ratis.protocol.StateMachineException: org.apache.hadoop.hdds.scm.container.common.helpers.ContainerNotOpenException from Server 6bedcca4-5eec-4fa9-8466-1c8e4f91b574: Container 1 in CLOSED state, logIndex=0, commits[6bedcca4-5eec-4fa9-8466-1c8e4f91b574:c17, ee405930-b1f4-4448-af63-adfe72e2c983:c16, ec1a8e93-f637-42e2-ad11-c2fb9339dc8c:c16]
08:38:47.193 [grpc-default-executor-12] ERROR DNAudit - user=null | ip=null | op=WRITE_CHUNK {blockData=conID: 1 locID: 102438897016373268 bcsId: 13} | ret=FAILURE
org.apache.hadoop.hdds.scm.container.common.helpers.ContainerNotOpenException: Container 1 in CLOSED state
	at org.apache.hadoop.ozone.container.common.impl.HddsDispatcher.validateContainerCommand(HddsDispatcher.java:408) ~[hadoop-hdds-container-service-0.5.0-SNAPSHOT.jar:?]
	at org.apache.hadoop.ozone.container.common.transport.server.ratis.ContainerStateMachine.startTransaction(ContainerStateMachine.java:272) ~[hadoop-hdds-container-service-0.5.0-SNAPSHOT.jar:?]
	at org.apache.ratis.server.impl.RaftServerImpl.submitClientRequestAsync(RaftServerImpl.java:566) ~[ratis-server-0.4.0-2337318-SNAPSHOT.jar:0.4.0-2337318-SNAPSHOT]
	at org.apache.ratis.server.impl.RaftServerProxy.lambda$submitClientRequestAsync$7(RaftServerProxy.java:333) ~[ratis-server-0.4.0-2337318-SNAPSHOT.jar:0.4.0-2337318-SNAPSHOT]
	at org.apache.ratis.server.impl.RaftServerProxy.lambda$null$5(RaftServerProxy.java:328) ~[ratis-server-0.4.0-2337318-SNAPSHOT.jar:0.4.0-2337318-SNAPSHOT]
	at org.apache.ratis.util.JavaUtils.callAsUnchecked(JavaUtils.java:109) ~[ratis-common-0.4.0-2337318-SNAPSHOT.jar:0.4.0-2337318-SNAPSHOT]
	at org.apache.ratis.server.impl.RaftServerProxy.lambda$submitRequest$6(RaftServerProxy.java:328) ~[ratis-server-0.4.0-2337318-SNAPSHOT.jar:0.4.0-2337318-SNAPSHOT]
	at java.util.concurrent.CompletableFuture.uniComposeStage(CompletableFuture.java:981) ~[?:1.8.0_212]
	at java.util.concurrent.CompletableFuture.thenCompose(CompletableFuture.java:2124) ~[?:1.8.0_212]
	at org.apache.ratis.server.impl.RaftServerProxy.submitRequest(RaftServerProxy.java:327) ~[ratis-server-0.4.0-2337318-SNAPSHOT.jar:0.4.0-2337318-SNAPSHOT]
	at org.apache.ratis.server.impl.RaftServerProxy.submitClientRequestAsync(RaftServerProxy.java:333) ~[ratis-server-0.4.0-2337318-SNAPSHOT.jar:0.4.0-2337318-SNAPSHOT]
	at org.apache.ratis.grpc.client.GrpcClientProtocolService$RequestStreamObserver.processClientRequest(GrpcClientProtocolService.java:220) ~[ratis-grpc-0.4.0-2337318-SNAPSHOT.jar:0.4.0-2337318-SNAPSHOT]
	at org.apache.ratis.grpc.client.GrpcClientProtocolService$OrderedRequestStreamObserver.processClientRequest(GrpcClientProtocolService.java:326) ~[ratis-grpc-0.4.0-2337318-SNAPSHOT.jar:0.4.0-2337318-SNAPSHOT]
	at org.apache.ratis.util.SlidingWindow$Server.processRequestsFromHead(SlidingWindow.java:429) [ratis-common-0.4.0-2337318-SNAPSHOT.jar:0.4.0-2337318-SNAPSHOT]
	at org.apache.ratis.util.SlidingWindow$Server.receivedRequest(SlidingWindow.java:421) [ratis-common-0.4.0-2337318-SNAPSHOT.jar:0.4.0-2337318-SNAPSHOT]
	at org.apache.ratis.grpc.client.GrpcClientProtocolService$OrderedRequestStreamObserver.processClientRequest(GrpcClientProtocolService.java:345) [ratis-grpc-0.4.0-2337318-SNAPSHOT.jar:0.4.0-2337318-SNAPSHOT]
	at org.apache.ratis.grpc.client.GrpcClientProtocolService$RequestStreamObserver.onNext(GrpcClientProtocolService.java:240) [ratis-grpc-0.4.0-2337318-SNAPSHOT.jar:0.4.0-2337318-SNAPSHOT]
	at org.apache.ratis.grpc.client.GrpcClientProtocolService$RequestStreamObserver.onNext(GrpcClientProtocolService.java:168) [ratis-grpc-0.4.0-2337318-SNAPSHOT.jar:0.4.0-2337318-SNAPSHOT]
	at org.apache.ratis.thirdparty.io.grpc.stub.ServerCalls$StreamingServerCallHandler$StreamingServerCallListener.onMessage(ServerCalls.java:248) [ratis-thirdparty-misc-0.2.0.jar:0.2.0]
	at org.apache.ratis.thirdparty.io.grpc.internal.ServerCallImpl$ServerStreamListenerImpl.messagesAvailable(ServerCallImpl.java:263) [ratis-thirdparty-misc-0.2.0.jar:0.2.0]
	at org.apache.ratis.thirdparty.io.grpc.internal.ServerImpl$JumpToApplicationThreadServerStreamListener$1MessagesAvailable.runInContext(ServerImpl.java:686) [ratis-thirdparty-misc-0.2.0.jar:0.2.0]
	at org.apache.ratis.thirdparty.io.grpc.internal.ContextRunnable.run(ContextRunnable.java:37) [ratis-thirdparty-misc-0.2.0.jar:0.2.0]
	at org.apache.ratis.thirdparty.io.grpc.internal.SerializingExecutor.run(SerializingExecutor.java:123) [ratis-thirdparty-misc-0.2.0.jar:0.2.0]
	at java.util.concurrent.ThreadPoolExecutor.runWorker(ThreadPoolExecutor.java:1149) [?:1.8.0_212]
	at java.util.concurrent.ThreadPoolExecutor$Worker.run(ThreadPoolExecutor.java:624) [?:1.8.0_212]
	at java.lang.Thread.run(Thread.java:748) [?:1.8.0_212]
2019-07-14 08:38:47,207 INFO  client.GrpcClientProtocolClient (GrpcClientProtocolClient.java:onNext(255)) - client-DEA56E5B4AA2->6bedcca4-5eec-4fa9-8466-1c8e4f91b574: receive RaftClientReply:client-DEA56E5B4AA2->6bedcca4-5eec-4fa9-8466-1c8e4f91b574@group-12575AD69176, cid=255, FAILED org.apache.ratis.protocol.StateMachineException: org.apache.hadoop.hdds.scm.container.common.helpers.ContainerNotOpenException from Server 6bedcca4-5eec-4fa9-8466-1c8e4f91b574: Container 1 in CLOSED state, logIndex=0, commits[6bedcca4-5eec-4fa9-8466-1c8e4f91b574:c17, ee405930-b1f4-4448-af63-adfe72e2c983:c16, ec1a8e93-f637-42e2-ad11-c2fb9339dc8c:c16]
08:38:47.206 [grpc-default-executor-12] ERROR DNAudit - user=null | ip=null | op=PUT_BLOCK {blockData=[blockId=conID: 1 locID: 102438897016373268 bcsId: 0,size=800]} | ret=FAILURE
org.apache.hadoop.hdds.scm.container.common.helpers.ContainerNotOpenException: Container 1 in CLOSED state
	at org.apache.hadoop.ozone.container.common.impl.HddsDispatcher.validateContainerCommand(HddsDispatcher.java:408) ~[hadoop-hdds-container-service-0.5.0-SNAPSHOT.jar:?]
	at org.apache.hadoop.ozone.container.common.transport.server.ratis.ContainerStateMachine.startTransaction(ContainerStateMachine.java:272) ~[hadoop-hdds-container-service-0.5.0-SNAPSHOT.jar:?]
	at org.apache.ratis.server.impl.RaftServerImpl.submitClientRequestAsync(RaftServerImpl.java:566) ~[ratis-server-0.4.0-2337318-SNAPSHOT.jar:0.4.0-2337318-SNAPSHOT]
	at org.apache.ratis.server.impl.RaftServerProxy.lambda$submitClientRequestAsync$7(RaftServerProxy.java:333) ~[ratis-server-0.4.0-2337318-SNAPSHOT.jar:0.4.0-2337318-SNAPSHOT]
	at org.apache.ratis.server.impl.RaftServerProxy.lambda$null$5(RaftServerProxy.java:328) ~[ratis-server-0.4.0-2337318-SNAPSHOT.jar:0.4.0-2337318-SNAPSHOT]
	at org.apache.ratis.util.JavaUtils.callAsUnchecked(JavaUtils.java:109) ~[ratis-common-0.4.0-2337318-SNAPSHOT.jar:0.4.0-2337318-SNAPSHOT]
	at org.apache.ratis.server.impl.RaftServerProxy.lambda$submitRequest$6(RaftServerProxy.java:328) ~[ratis-server-0.4.0-2337318-SNAPSHOT.jar:0.4.0-2337318-SNAPSHOT]
	at java.util.concurrent.CompletableFuture.uniComposeStage(CompletableFuture.java:981) ~[?:1.8.0_212]
	at java.util.concurrent.CompletableFuture.thenCompose(CompletableFuture.java:2124) ~[?:1.8.0_212]
	at org.apache.ratis.server.impl.RaftServerProxy.submitRequest(RaftServerProxy.java:327) ~[ratis-server-0.4.0-2337318-SNAPSHOT.jar:0.4.0-2337318-SNAPSHOT]
	at org.apache.ratis.server.impl.RaftServerProxy.submitClientRequestAsync(RaftServerProxy.java:333) ~[ratis-server-0.4.0-2337318-SNAPSHOT.jar:0.4.0-2337318-SNAPSHOT]
	at org.apache.ratis.grpc.client.GrpcClientProtocolService$RequestStreamObserver.processClientRequest(GrpcClientProtocolService.java:220) ~[ratis-grpc-0.4.0-2337318-SNAPSHOT.jar:0.4.0-2337318-SNAPSHOT]
	at org.apache.ratis.grpc.client.GrpcClientProtocolService$OrderedRequestStreamObserver.processClientRequest(GrpcClientProtocolService.java:326) ~[ratis-grpc-0.4.0-2337318-SNAPSHOT.jar:0.4.0-2337318-SNAPSHOT]
	at org.apache.ratis.util.SlidingWindow$Server.processRequestsFromHead(SlidingWindow.java:429) [ratis-common-0.4.0-2337318-SNAPSHOT.jar:0.4.0-2337318-SNAPSHOT]
	at org.apache.ratis.util.SlidingWindow$Server.receivedRequest(SlidingWindow.java:421) [ratis-common-0.4.0-2337318-SNAPSHOT.jar:0.4.0-2337318-SNAPSHOT]
	at org.apache.ratis.grpc.client.GrpcClientProtocolService$OrderedRequestStreamObserver.processClientRequest(GrpcClientProtocolService.java:345) [ratis-grpc-0.4.0-2337318-SNAPSHOT.jar:0.4.0-2337318-SNAPSHOT]
	at org.apache.ratis.grpc.client.GrpcClientProtocolService$RequestStreamObserver.onNext(GrpcClientProtocolService.java:240) [ratis-grpc-0.4.0-2337318-SNAPSHOT.jar:0.4.0-2337318-SNAPSHOT]
	at org.apache.ratis.grpc.client.GrpcClientProtocolService$RequestStreamObserver.onNext(GrpcClientProtocolService.java:168) [ratis-grpc-0.4.0-2337318-SNAPSHOT.jar:0.4.0-2337318-SNAPSHOT]
	at org.apache.ratis.thirdparty.io.grpc.stub.ServerCalls$StreamingServerCallHandler$StreamingServerCallListener.onMessage(ServerCalls.java:248) [ratis-thirdparty-misc-0.2.0.jar:0.2.0]
	at org.apache.ratis.thirdparty.io.grpc.internal.ServerCallImpl$ServerStreamListenerImpl.messagesAvailable(ServerCallImpl.java:263) [ratis-thirdparty-misc-0.2.0.jar:0.2.0]
	at org.apache.ratis.thirdparty.io.grpc.internal.ServerImpl$JumpToApplicationThreadServerStreamListener$1MessagesAvailable.runInContext(ServerImpl.java:686) [ratis-thirdparty-misc-0.2.0.jar:0.2.0]
	at org.apache.ratis.thirdparty.io.grpc.internal.ContextRunnable.run(ContextRunnable.java:37) [ratis-thirdparty-misc-0.2.0.jar:0.2.0]
	at org.apache.ratis.thirdparty.io.grpc.internal.SerializingExecutor.run(SerializingExecutor.java:123) [ratis-thirdparty-misc-0.2.0.jar:0.2.0]
	at java.util.concurrent.ThreadPoolExecutor.runWorker(ThreadPoolExecutor.java:1149) [?:1.8.0_212]
	at java.util.concurrent.ThreadPoolExecutor$Worker.run(ThreadPoolExecutor.java:624) [?:1.8.0_212]
	at java.lang.Thread.run(Thread.java:748) [?:1.8.0_212]
2019-07-14 08:38:47,214 INFO  client.GrpcClientProtocolClient (GrpcClientProtocolClient.java:onNext(255)) - client-DEA56E5B4AA2->6bedcca4-5eec-4fa9-8466-1c8e4f91b574: receive RaftClientReply:client-DEA56E5B4AA2->6bedcca4-5eec-4fa9-8466-1c8e4f91b574@group-12575AD69176, cid=256, FAILED org.apache.ratis.protocol.StateMachineException: org.apache.hadoop.hdds.scm.container.common.helpers.ContainerNotOpenException from Server 6bedcca4-5eec-4fa9-8466-1c8e4f91b574: Container 1 in CLOSED state, logIndex=0, commits[6bedcca4-5eec-4fa9-8466-1c8e4f91b574:c17, ee405930-b1f4-4448-af63-adfe72e2c983:c16, ec1a8e93-f637-42e2-ad11-c2fb9339dc8c:c16]
2019-07-14 08:38:47,380 INFO  client.GrpcClientProtocolClient (GrpcClientProtocolClient.java:onNext(255)) - client-DEA56E5B4AA2->6bedcca4-5eec-4fa9-8466-1c8e4f91b574: receive RaftClientReply:client-DEA56E5B4AA2->6bedcca4-5eec-4fa9-8466-1c8e4f91b574@group-12575AD69176, cid=257, SUCCESS, logIndex=18, commits[6bedcca4-5eec-4fa9-8466-1c8e4f91b574:c22, ee405930-b1f4-4448-af63-adfe72e2c983:c17, ec1a8e93-f637-42e2-ad11-c2fb9339dc8c:c17]
2019-07-14 08:38:47,387 INFO  client.GrpcClientProtocolClient (GrpcClientProtocolClient.java:onNext(255)) - client-DEA56E5B4AA2->6bedcca4-5eec-4fa9-8466-1c8e4f91b574: receive RaftClientReply:client-DEA56E5B4AA2->6bedcca4-5eec-4fa9-8466-1c8e4f91b574@group-12575AD69176, cid=258, SUCCESS, logIndex=19, commits[6bedcca4-5eec-4fa9-8466-1c8e4f91b574:c23, ee405930-b1f4-4448-af63-adfe72e2c983:c17, ec1a8e93-f637-42e2-ad11-c2fb9339dc8c:c17]
2019-07-14 08:38:47,402 INFO  client.GrpcClientProtocolClient (GrpcClientProtocolClient.java:onNext(255)) - client-DEA56E5B4AA2->6bedcca4-5eec-4fa9-8466-1c8e4f91b574: receive RaftClientReply:client-DEA56E5B4AA2->6bedcca4-5eec-4fa9-8466-1c8e4f91b574@group-12575AD69176, cid=259, SUCCESS, logIndex=20, commits[6bedcca4-5eec-4fa9-8466-1c8e4f91b574:c29, ee405930-b1f4-4448-af63-adfe72e2c983:c23, ec1a8e93-f637-42e2-ad11-c2fb9339dc8c:c23]
2019-07-14 08:38:47,403 INFO  client.GrpcClientProtocolClient (GrpcClientProtocolClient.java:onNext(255)) - client-DEA56E5B4AA2->6bedcca4-5eec-4fa9-8466-1c8e4f91b574: receive RaftClientReply:client-DEA56E5B4AA2->6bedcca4-5eec-4fa9-8466-1c8e4f91b574@group-12575AD69176, cid=260, SUCCESS, logIndex=21, commits[6bedcca4-5eec-4fa9-8466-1c8e4f91b574:c29, ee405930-b1f4-4448-af63-adfe72e2c983:c23, ec1a8e93-f637-42e2-ad11-c2fb9339dc8c:c23]
2019-07-14 08:38:47,403 INFO  client.GrpcClientProtocolClient (GrpcClientProtocolClient.java:onNext(255)) - client-DEA56E5B4AA2->6bedcca4-5eec-4fa9-8466-1c8e4f91b574: receive RaftClientReply:client-DEA56E5B4AA2->6bedcca4-5eec-4fa9-8466-1c8e4f91b574@group-12575AD69176, cid=261, SUCCESS, logIndex=22, commits[6bedcca4-5eec-4fa9-8466-1c8e4f91b574:c29, ee405930-b1f4-4448-af63-adfe72e2c983:c23, ec1a8e93-f637-42e2-ad11-c2fb9339dc8c:c23]
2019-07-14 08:38:47,448 INFO  client.GrpcClientProtocolClient (GrpcClientProtocolClient.java:onNext(255)) - client-DEA56E5B4AA2->6bedcca4-5eec-4fa9-8466-1c8e4f91b574: receive RaftClientReply:client-DEA56E5B4AA2->6bedcca4-5eec-4fa9-8466-1c8e4f91b574@group-12575AD69176, cid=262, SUCCESS, logIndex=23, commits[6bedcca4-5eec-4fa9-8466-1c8e4f91b574:c29, ee405930-b1f4-4448-af63-adfe72e2c983:c23, ec1a8e93-f637-42e2-ad11-c2fb9339dc8c:c23]
2019-07-14 08:38:47,456 INFO  client.GrpcClientProtocolClient (GrpcClientProtocolClient.java:onNext(255)) - client-DEA56E5B4AA2->6bedcca4-5eec-4fa9-8466-1c8e4f91b574: receive RaftClientReply:client-DEA56E5B4AA2->6bedcca4-5eec-4fa9-8466-1c8e4f91b574@group-12575AD69176, cid=263, SUCCESS, logIndex=30, commits[6bedcca4-5eec-4fa9-8466-1c8e4f91b574:c31, ee405930-b1f4-4448-af63-adfe72e2c983:c29, ec1a8e93-f637-42e2-ad11-c2fb9339dc8c:c29]
2019-07-14 08:38:47,457 INFO  client.GrpcClientProtocolClient (GrpcClientProtocolClient.java:onNext(255)) - client-DEA56E5B4AA2->6bedcca4-5eec-4fa9-8466-1c8e4f91b574: receive RaftClientReply:client-DEA56E5B4AA2->6bedcca4-5eec-4fa9-8466-1c8e4f91b574@group-12575AD69176, cid=264, SUCCESS, logIndex=31, commits[6bedcca4-5eec-4fa9-8466-1c8e4f91b574:c31, ee405930-b1f4-4448-af63-adfe72e2c983:c29, ec1a8e93-f637-42e2-ad11-c2fb9339dc8c:c29]
2019-07-14 08:38:47,462 INFO  client.GrpcClientProtocolClient (GrpcClientProtocolClient.java:onNext(255)) - client-DEA56E5B4AA2->6bedcca4-5eec-4fa9-8466-1c8e4f91b574: receive RaftClientReply:client-DEA56E5B4AA2->6bedcca4-5eec-4fa9-8466-1c8e4f91b574@group-12575AD69176, cid=265, SUCCESS, logIndex=0, commits[6bedcca4-5eec-4fa9-8466-1c8e4f91b574:c33, ee405930-b1f4-4448-af63-adfe72e2c983:c31, ec1a8e93-f637-42e2-ad11-c2fb9339dc8c:c31]
2019-07-14 08:38:47,479 INFO  pipeline.Pipeline (Pipeline.java:getProtobufMessage(195)) - Serialize pipeline PipelineID=04e226ef-7dd7-4202-97f5-12575ad69176 with nodesInOrder{ }
2019-07-14 08:38:47,480 INFO  ozone.MiniOzoneClusterImpl (MiniOzoneClusterImpl.java:shutdown(321)) - Shutting down the Mini Ozone Cluster
2019-07-14 08:38:47,480 INFO  ozone.MiniOzoneClusterImpl (MiniOzoneClusterImpl.java:stop(336)) - Stopping the Mini Ozone Cluster
2019-07-14 08:38:47,481 INFO  ozone.MiniOzoneClusterImpl (MiniOzoneClusterImpl.java:stop(338)) - Stopping the OzoneManager
2019-07-14 08:38:47,481 INFO  ipc.Server (Server.java:stop(3082)) - Stopping server on 43135
2019-07-14 08:38:47,489 INFO  ipc.Server (Server.java:run(1185)) - Stopping IPC Server listener on 43135
2019-07-14 08:38:47,490 INFO  utils.BackgroundService (BackgroundService.java:shutdown(148)) - Shutting down service KeyDeletingService
2019-07-14 08:38:47,499 INFO  ipc.Server (Server.java:run(1319)) - Stopping IPC Server Responder
2019-07-14 08:38:47,518 INFO  handler.ContextHandler (ContextHandler.java:doStop(910)) - Stopped o.e.j.w.WebAppContext@52268f73{/,null,UNAVAILABLE}{/ozoneManager}
2019-07-14 08:38:47,519 INFO  server.AbstractConnector (AbstractConnector.java:doStop(318)) - Stopped ServerConnector@3938e876{HTTP/1.1,[http/1.1]}{0.0.0.0:0}
2019-07-14 08:38:47,519 INFO  handler.ContextHandler (ContextHandler.java:doStop(910)) - Stopped o.e.j.s.ServletContextHandler@23df16cf{/static,file:///workdir/hadoop-ozone/integration-test/target/test-classes/webapps/static,UNAVAILABLE}
2019-07-14 08:38:47,519 INFO  handler.ContextHandler (ContextHandler.java:doStop(910)) - Stopped o.e.j.s.ServletContextHandler@5e83badc{/logs,file:///workdir/hadoop-ozone/integration-test/target/log,UNAVAILABLE}
2019-07-14 08:38:47,523 INFO  ozone.MiniOzoneClusterImpl (MiniOzoneClusterImpl.java:stop(344)) - Shutting the HddsDatanodes
2019-07-14 08:38:47,524 INFO  datanode.ObjectStoreHandler (ObjectStoreHandler.java:close(155)) - Closing ObjectStoreHandler.
2019-07-14 08:38:47,524 INFO  datanode.ObjectStoreHandler (ObjectStoreHandler.java:close(155)) - Closing ObjectStoreHandler.
2019-07-14 08:38:47,524 INFO  ozone.HddsDatanodeService (HddsDatanodeService.java:stop(452)) - Stopped plug-in org.apache.hadoop.ozone.web.OzoneHddsDatanodeService@7c87c960
2019-07-14 08:38:47,524 INFO  ozone.HddsDatanodeService (HddsDatanodeService.java:stop(452)) - Stopped plug-in org.apache.hadoop.ozone.web.OzoneHddsDatanodeService@2523730b
2019-07-14 08:38:48,242 INFO  statemachine.DatanodeStateMachine (DatanodeStateMachine.java:lambda$startDaemon$0(350)) - Ozone container server started.
2019-07-14 08:38:48,367 INFO  statemachine.DatanodeStateMachine (DatanodeStateMachine.java:lambda$startDaemon$0(350)) - Ozone container server started.
2019-07-14 08:38:52,286 INFO  node.StaleNodeHandler (StaleNodeHandler.java:onMessage(58)) - Datanode 24defd36-f550-465d-8eca-c7db59fabf58{ip: 192.168.5.191, host: trunk-nightly-5z2vd-27108033, networkLocation: /default-rack, certSerialId: null} moved to stale state. Finalizing its pipelines [PipelineID=fe6d374f-1602-4e8b-8aed-dcef002934fe, PipelineID=b4a5756e-cf1e-4ae1-8a17-dba10722b97e]
2019-07-14 08:38:52,286 INFO  pipeline.SCMPipelineManager (SCMPipelineManager.java:finalizeAndDestroyPipeline(309)) - destroying pipeline:Pipeline[ Id: fe6d374f-1602-4e8b-8aed-dcef002934fe, Nodes: 24defd36-f550-465d-8eca-c7db59fabf58{ip: 192.168.5.191, host: trunk-nightly-5z2vd-27108033, networkLocation: /default-rack, certSerialId: null}, Type:RATIS, Factor:ONE, State:OPEN]
2019-07-14 08:38:52,286 INFO  pipeline.PipelineStateManager (PipelineStateManager.java:finalizePipeline(123)) - Pipeline Pipeline[ Id: fe6d374f-1602-4e8b-8aed-dcef002934fe, Nodes: 24defd36-f550-465d-8eca-c7db59fabf58{ip: 192.168.5.191, host: trunk-nightly-5z2vd-27108033, networkLocation: /default-rack, certSerialId: null}, Type:RATIS, Factor:ONE, State:CLOSED] moved to CLOSED state
2019-07-14 08:38:52,286 INFO  pipeline.SCMPipelineManager (SCMPipelineManager.java:finalizeAndDestroyPipeline(309)) - destroying pipeline:Pipeline[ Id: b4a5756e-cf1e-4ae1-8a17-dba10722b97e, Nodes: 24defd36-f550-465d-8eca-c7db59fabf58{ip: 192.168.5.191, host: trunk-nightly-5z2vd-27108033, networkLocation: /default-rack, certSerialId: null}4769d2c9-7940-482b-b46d-49f67155139d{ip: 192.168.5.191, host: trunk-nightly-5z2vd-27108033, networkLocation: /default-rack, certSerialId: null}a8cea552-2699-45ae-8278-4317896b9350{ip: 192.168.5.191, host: trunk-nightly-5z2vd-27108033, networkLocation: /default-rack, certSerialId: null}, Type:RATIS, Factor:THREE, State:OPEN]
2019-07-14 08:38:52,287 INFO  pipeline.PipelineStateManager (PipelineStateManager.java:finalizePipeline(123)) - Pipeline Pipeline[ Id: b4a5756e-cf1e-4ae1-8a17-dba10722b97e, Nodes: 24defd36-f550-465d-8eca-c7db59fabf58{ip: 192.168.5.191, host: trunk-nightly-5z2vd-27108033, networkLocation: /default-rack, certSerialId: null}4769d2c9-7940-482b-b46d-49f67155139d{ip: 192.168.5.191, host: trunk-nightly-5z2vd-27108033, networkLocation: /default-rack, certSerialId: null}a8cea552-2699-45ae-8278-4317896b9350{ip: 192.168.5.191, host: trunk-nightly-5z2vd-27108033, networkLocation: /default-rack, certSerialId: null}, Type:RATIS, Factor:THREE, State:CLOSED] moved to CLOSED state
2019-07-14 08:38:52,386 INFO  node.StaleNodeHandler (StaleNodeHandler.java:onMessage(58)) - Datanode 6bedcca4-5eec-4fa9-8466-1c8e4f91b574{ip: 192.168.5.191, host: trunk-nightly-5z2vd-27108033, networkLocation: /default-rack, certSerialId: null} moved to stale state. Finalizing its pipelines [PipelineID=0350c28a-26f1-4909-9570-9209a58c6435, PipelineID=04e226ef-7dd7-4202-97f5-12575ad69176]
2019-07-14 08:38:52,386 INFO  pipeline.SCMPipelineManager (SCMPipelineManager.java:finalizeAndDestroyPipeline(309)) - destroying pipeline:Pipeline[ Id: 0350c28a-26f1-4909-9570-9209a58c6435, Nodes: 6bedcca4-5eec-4fa9-8466-1c8e4f91b574{ip: 192.168.5.191, host: trunk-nightly-5z2vd-27108033, networkLocation: /default-rack, certSerialId: null}, Type:RATIS, Factor:ONE, State:OPEN]
2019-07-14 08:38:52,386 INFO  pipeline.PipelineStateManager (PipelineStateManager.java:finalizePipeline(123)) - Pipeline Pipeline[ Id: 0350c28a-26f1-4909-9570-9209a58c6435, Nodes: 6bedcca4-5eec-4fa9-8466-1c8e4f91b574{ip: 192.168.5.191, host: trunk-nightly-5z2vd-27108033, networkLocation: /default-rack, certSerialId: null}, Type:RATIS, Factor:ONE, State:CLOSED] moved to CLOSED state
2019-07-14 08:38:52,386 INFO  pipeline.SCMPipelineManager (SCMPipelineManager.java:finalizeAndDestroyPipeline(309)) - destroying pipeline:Pipeline[ Id: 04e226ef-7dd7-4202-97f5-12575ad69176, Nodes: ee405930-b1f4-4448-af63-adfe72e2c983{ip: 192.168.5.191, host: trunk-nightly-5z2vd-27108033, networkLocation: /default-rack, certSerialId: null}6bedcca4-5eec-4fa9-8466-1c8e4f91b574{ip: 192.168.5.191, host: trunk-nightly-5z2vd-27108033, networkLocation: /default-rack, certSerialId: null}ec1a8e93-f637-42e2-ad11-c2fb9339dc8c{ip: 192.168.5.191, host: trunk-nightly-5z2vd-27108033, networkLocation: /default-rack, certSerialId: null}, Type:RATIS, Factor:THREE, State:OPEN]
2019-07-14 08:38:52,386 INFO  pipeline.PipelineStateManager (PipelineStateManager.java:finalizePipeline(123)) - Pipeline Pipeline[ Id: 04e226ef-7dd7-4202-97f5-12575ad69176, Nodes: ee405930-b1f4-4448-af63-adfe72e2c983{ip: 192.168.5.191, host: trunk-nightly-5z2vd-27108033, networkLocation: /default-rack, certSerialId: null}6bedcca4-5eec-4fa9-8466-1c8e4f91b574{ip: 192.168.5.191, host: trunk-nightly-5z2vd-27108033, networkLocation: /default-rack, certSerialId: null}ec1a8e93-f637-42e2-ad11-c2fb9339dc8c{ip: 192.168.5.191, host: trunk-nightly-5z2vd-27108033, networkLocation: /default-rack, certSerialId: null}, Type:RATIS, Factor:THREE, State:CLOSED] moved to CLOSED state
2019-07-14 08:38:52,387 INFO  container.CloseContainerEventHandler (CloseContainerEventHandler.java:onMessage(61)) - Close container Event triggered for container : #2
2019-07-14 08:38:52,525 INFO  ozoneimpl.OzoneContainer (OzoneContainer.java:stop(199)) - Attempting to stop container services.
2019-07-14 08:38:52,525 INFO  ozoneimpl.OzoneContainer (OzoneContainer.java:stop(199)) - Attempting to stop container services.
2019-07-14 08:38:52,526 INFO  impl.RaftServerProxy (RaftServerProxy.java:lambda$close$4(314)) - 24defd36-f550-465d-8eca-c7db59fabf58: close
2019-07-14 08:38:52,526 INFO  impl.RaftServerProxy (RaftServerProxy.java:lambda$close$4(314)) - 6bedcca4-5eec-4fa9-8466-1c8e4f91b574: close
2019-07-14 08:38:52,526 INFO  impl.RaftServerImpl (RaftServerImpl.java:lambda$shutdown$3(245)) - 24defd36-f550-465d-8eca-c7db59fabf58: shutdown group-DCEF002934FE
2019-07-14 08:38:52,526 INFO  impl.RaftServerImpl (RaftServerImpl.java:lambda$shutdown$3(245)) - 6bedcca4-5eec-4fa9-8466-1c8e4f91b574: shutdown group-9209A58C6435
2019-07-14 08:38:52,527 INFO  util.JmxRegister (JmxRegister.java:unregister(73)) - Successfully un-registered JMX Bean with object name Ratis:service=RaftServer,group=group-DCEF002934FE,id=24defd36-f550-465d-8eca-c7db59fabf58
2019-07-14 08:38:52,527 INFO  util.JmxRegister (JmxRegister.java:unregister(73)) - Successfully un-registered JMX Bean with object name Ratis:service=RaftServer,group=group-9209A58C6435,id=6bedcca4-5eec-4fa9-8466-1c8e4f91b574
2019-07-14 08:38:52,527 INFO  impl.RoleInfo (RoleInfo.java:shutdownLeaderState(104)) - 24defd36-f550-465d-8eca-c7db59fabf58: shutdown LeaderState
2019-07-14 08:38:52,528 INFO  impl.RoleInfo (RoleInfo.java:shutdownLeaderState(104)) - 6bedcca4-5eec-4fa9-8466-1c8e4f91b574: shutdown LeaderState
2019-07-14 08:38:52,528 INFO  impl.PendingRequests (PendingRequests.java:sendNotLeaderResponses(202)) - 24defd36-f550-465d-8eca-c7db59fabf58-PendingRequests: sendNotLeaderResponses
2019-07-14 08:38:52,529 INFO  impl.PendingRequests (PendingRequests.java:sendNotLeaderResponses(202)) - 6bedcca4-5eec-4fa9-8466-1c8e4f91b574-PendingRequests: sendNotLeaderResponses
2019-07-14 08:38:52,529 INFO  impl.StateMachineUpdater (StateMachineUpdater.java:stopAndJoin(115)) - StateMachineUpdater:24defd36-f550-465d-8eca-c7db59fabf58:group-DCEF002934FE: set stopIndex = 0
2019-07-14 08:38:52,529 INFO  impl.StateMachineUpdater (StateMachineUpdater.java:stopAndJoin(115)) - StateMachineUpdater:6bedcca4-5eec-4fa9-8466-1c8e4f91b574:group-9209A58C6435: set stopIndex = 0
2019-07-14 08:38:52,530 INFO  impl.RaftServerImpl (ServerState.java:close(394)) - 24defd36-f550-465d-8eca-c7db59fabf58:group-DCEF002934FE closes. The last applied log index is 0
2019-07-14 08:38:52,530 INFO  impl.RaftServerImpl (ServerState.java:close(394)) - 6bedcca4-5eec-4fa9-8466-1c8e4f91b574:group-9209A58C6435 closes. The last applied log index is 0
2019-07-14 08:38:52,531 INFO  segmented.SegmentedRaftLogWorker (SegmentedRaftLogWorker.java:run(313)) - 24defd36-f550-465d-8eca-c7db59fabf58-SegmentedRaftLogWorker:Storage Directory /workdir/hadoop-ozone/integration-test/target/test-dir/MiniOzoneClusterImpl-8c37849b-ee6b-479b-81cf-86fe5980264c/datanode-1/data/ratis/fe6d374f-1602-4e8b-8aed-dcef002934fe was interrupted, exiting. There are 0 tasks remaining in the queue.
2019-07-14 08:38:52,531 INFO  segmented.SegmentedRaftLogWorker (SegmentedRaftLogWorker.java:run(313)) - 6bedcca4-5eec-4fa9-8466-1c8e4f91b574-SegmentedRaftLogWorker:Storage Directory /workdir/hadoop-ozone/integration-test/target/test-dir/MiniOzoneClusterImpl-8c37849b-ee6b-479b-81cf-86fe5980264c/datanode-4/data/ratis/0350c28a-26f1-4909-9570-9209a58c6435 was interrupted, exiting. There are 0 tasks remaining in the queue.
2019-07-14 08:38:52,536 INFO  segmented.SegmentedRaftLogWorker (SegmentedRaftLogWorker.java:close(228)) - 6bedcca4-5eec-4fa9-8466-1c8e4f91b574-SegmentedRaftLogWorker:Storage Directory /workdir/hadoop-ozone/integration-test/target/test-dir/MiniOzoneClusterImpl-8c37849b-ee6b-479b-81cf-86fe5980264c/datanode-4/data/ratis/0350c28a-26f1-4909-9570-9209a58c6435 close()
2019-07-14 08:38:52,536 INFO  segmented.SegmentedRaftLogWorker (SegmentedRaftLogWorker.java:close(228)) - 24defd36-f550-465d-8eca-c7db59fabf58-SegmentedRaftLogWorker:Storage Directory /workdir/hadoop-ozone/integration-test/target/test-dir/MiniOzoneClusterImpl-8c37849b-ee6b-479b-81cf-86fe5980264c/datanode-1/data/ratis/fe6d374f-1602-4e8b-8aed-dcef002934fe close()
2019-07-14 08:38:52,541 INFO  impl.RaftServerImpl (RaftServerImpl.java:lambda$shutdown$3(245)) - 6bedcca4-5eec-4fa9-8466-1c8e4f91b574: shutdown group-12575AD69176
2019-07-14 08:38:52,546 INFO  impl.RaftServerImpl (RaftServerImpl.java:lambda$shutdown$3(245)) - 24defd36-f550-465d-8eca-c7db59fabf58: shutdown group-DBA10722B97E
2019-07-14 08:38:52,546 INFO  util.JmxRegister (JmxRegister.java:unregister(73)) - Successfully un-registered JMX Bean with object name Ratis:service=RaftServer,group=group-12575AD69176,id=6bedcca4-5eec-4fa9-8466-1c8e4f91b574
2019-07-14 08:38:52,546 INFO  util.JmxRegister (JmxRegister.java:unregister(73)) - Successfully un-registered JMX Bean with object name Ratis:service=RaftServer,group=group-DBA10722B97E,id=24defd36-f550-465d-8eca-c7db59fabf58
2019-07-14 08:38:52,547 INFO  impl.RoleInfo (RoleInfo.java:shutdownLeaderState(104)) - 6bedcca4-5eec-4fa9-8466-1c8e4f91b574: shutdown LeaderState
2019-07-14 08:38:52,547 INFO  impl.RoleInfo (RoleInfo.java:shutdownLeaderState(104)) - 24defd36-f550-465d-8eca-c7db59fabf58: shutdown LeaderState
2019-07-14 08:38:52,552 WARN  server.GrpcLogAppender (GrpcLogAppender.java:mayWait(143)) - GrpcLogAppender(6bedcca4-5eec-4fa9-8466-1c8e4f91b574->ee405930-b1f4-4448-af63-adfe72e2c983): Wait interrupted by java.lang.InterruptedException
2019-07-14 08:38:52,556 WARN  server.GrpcLogAppender (GrpcLogAppender.java:mayWait(143)) - GrpcLogAppender(24defd36-f550-465d-8eca-c7db59fabf58->a8cea552-2699-45ae-8278-4317896b9350): Wait interrupted by java.lang.InterruptedException
2019-07-14 08:38:52,552 WARN  server.GrpcLogAppender (GrpcLogAppender.java:mayWait(143)) - GrpcLogAppender(6bedcca4-5eec-4fa9-8466-1c8e4f91b574->ec1a8e93-f637-42e2-ad11-c2fb9339dc8c): Wait interrupted by java.lang.InterruptedException
2019-07-14 08:38:52,552 INFO  impl.PendingRequests (PendingRequests.java:sendNotLeaderResponses(202)) - 6bedcca4-5eec-4fa9-8466-1c8e4f91b574-PendingRequests: sendNotLeaderResponses
2019-07-14 08:38:52,557 INFO  server.GrpcServerProtocolService (GrpcServerProtocolService.java:onCompleted(104)) - a8cea552-2699-45ae-8278-4317896b9350: appendEntries completed
2019-07-14 08:38:52,557 INFO  server.GrpcServerProtocolService (GrpcServerProtocolService.java:onCompleted(104)) - ee405930-b1f4-4448-af63-adfe72e2c983: appendEntries completed
2019-07-14 08:38:52,556 WARN  server.GrpcLogAppender (GrpcLogAppender.java:mayWait(143)) - GrpcLogAppender(24defd36-f550-465d-8eca-c7db59fabf58->4769d2c9-7940-482b-b46d-49f67155139d): Wait interrupted by java.lang.InterruptedException
2019-07-14 08:38:52,556 INFO  impl.PendingRequests (PendingRequests.java:sendNotLeaderResponses(202)) - 24defd36-f550-465d-8eca-c7db59fabf58-PendingRequests: sendNotLeaderResponses
2019-07-14 08:38:52,562 INFO  server.GrpcLogAppender (GrpcLogAppender.java:onCompleted(292)) - 24defd36-f550-465d-8eca-c7db59fabf58->a8cea552-2699-45ae-8278-4317896b9350: follower responses appendEntries COMPLETED
2019-07-14 08:38:52,562 INFO  server.GrpcServerProtocolService (GrpcServerProtocolService.java:onCompleted(104)) - 4769d2c9-7940-482b-b46d-49f67155139d: appendEntries completed
2019-07-14 08:38:52,561 INFO  ratis.ContainerStateMachine (ContainerStateMachine.java:takeSnapshot(249)) - group-12575AD69176: Taking a snapshot at:(t:1, i:31) file /workdir/hadoop-ozone/integration-test/target/test-dir/MiniOzoneClusterImpl-8c37849b-ee6b-479b-81cf-86fe5980264c/datanode-4/data/ratis/04e226ef-7dd7-4202-97f5-12575ad69176/sm/snapshot.1_31
2019-07-14 08:38:52,561 INFO  impl.StateMachineUpdater (StateMachineUpdater.java:stopAndJoin(115)) - StateMachineUpdater:6bedcca4-5eec-4fa9-8466-1c8e4f91b574:group-12575AD69176: set stopIndex = 33
2019-07-14 08:38:52,557 INFO  server.GrpcServerProtocolService (GrpcServerProtocolService.java:onCompleted(104)) - ec1a8e93-f637-42e2-ad11-c2fb9339dc8c: appendEntries completed
2019-07-14 08:38:52,563 INFO  ratis.ContainerStateMachine (ContainerStateMachine.java:takeSnapshot(257)) - group-12575AD69176: Finished taking a snapshot at:(t:1, i:31) file:/workdir/hadoop-ozone/integration-test/target/test-dir/MiniOzoneClusterImpl-8c37849b-ee6b-479b-81cf-86fe5980264c/datanode-4/data/ratis/04e226ef-7dd7-4202-97f5-12575ad69176/sm/snapshot.1_31 time:2
2019-07-14 08:38:52,564 INFO  impl.StateMachineUpdater (StateMachineUpdater.java:takeSnapshot(242)) - StateMachineUpdater:6bedcca4-5eec-4fa9-8466-1c8e4f91b574:group-12575AD69176: Took a snapshot at index 31
2019-07-14 08:38:52,563 INFO  server.GrpcLogAppender (GrpcLogAppender.java:onCompleted(292)) - 24defd36-f550-465d-8eca-c7db59fabf58->4769d2c9-7940-482b-b46d-49f67155139d: follower responses appendEntries COMPLETED
2019-07-14 08:38:52,562 INFO  impl.FollowerInfo (FollowerInfo.java:lambda$new$0(50)) - 24defd36-f550-465d-8eca-c7db59fabf58->a8cea552-2699-45ae-8278-4317896b9350: nextIndex: updateUnconditionally 1 -> 0
2019-07-14 08:38:52,562 INFO  impl.StateMachineUpdater (StateMachineUpdater.java:stopAndJoin(115)) - StateMachineUpdater:24defd36-f550-465d-8eca-c7db59fabf58:group-DBA10722B97E: set stopIndex = 0
2019-07-14 08:38:52,565 INFO  impl.RaftServerImpl (ServerState.java:close(394)) - 24defd36-f550-465d-8eca-c7db59fabf58:group-DBA10722B97E closes. The last applied log index is 0
2019-07-14 08:38:52,562 INFO  server.GrpcLogAppender (GrpcLogAppender.java:onCompleted(292)) - 6bedcca4-5eec-4fa9-8466-1c8e4f91b574->ee405930-b1f4-4448-af63-adfe72e2c983: follower responses appendEntries COMPLETED
2019-07-14 08:38:52,565 INFO  segmented.SegmentedRaftLogWorker (SegmentedRaftLogWorker.java:run(313)) - 24defd36-f550-465d-8eca-c7db59fabf58-SegmentedRaftLogWorker:Storage Directory /workdir/hadoop-ozone/integration-test/target/test-dir/MiniOzoneClusterImpl-8c37849b-ee6b-479b-81cf-86fe5980264c/datanode-1/data/ratis/b4a5756e-cf1e-4ae1-8a17-dba10722b97e was interrupted, exiting. There are 0 tasks remaining in the queue.
2019-07-14 08:38:52,564 INFO  impl.FollowerInfo (FollowerInfo.java:lambda$new$0(50)) - 24defd36-f550-465d-8eca-c7db59fabf58->4769d2c9-7940-482b-b46d-49f67155139d: nextIndex: updateUnconditionally 1 -> 0
2019-07-14 08:38:52,564 INFO  server.GrpcLogAppender (GrpcLogAppender.java:onCompleted(292)) - 6bedcca4-5eec-4fa9-8466-1c8e4f91b574->ec1a8e93-f637-42e2-ad11-c2fb9339dc8c: follower responses appendEntries COMPLETED
2019-07-14 08:38:52,564 INFO  impl.StateMachineUpdater (StateMachineUpdater.java:lambda$new$0(80)) - StateMachineUpdater:6bedcca4-5eec-4fa9-8466-1c8e4f91b574:group-12575AD69176: snapshotIndex: updateIncreasingly -1 -> 31
2019-07-14 08:38:52,568 INFO  impl.FollowerInfo (FollowerInfo.java:lambda$new$0(50)) - 6bedcca4-5eec-4fa9-8466-1c8e4f91b574->ec1a8e93-f637-42e2-ad11-c2fb9339dc8c: nextIndex: updateUnconditionally 34 -> 33
2019-07-14 08:38:52,568 INFO  segmented.SegmentedRaftLogWorker (SegmentedRaftLogWorker.java:close(228)) - 24defd36-f550-465d-8eca-c7db59fabf58-SegmentedRaftLogWorker:Storage Directory /workdir/hadoop-ozone/integration-test/target/test-dir/MiniOzoneClusterImpl-8c37849b-ee6b-479b-81cf-86fe5980264c/datanode-1/data/ratis/b4a5756e-cf1e-4ae1-8a17-dba10722b97e close()
2019-07-14 08:38:52,565 INFO  impl.FollowerInfo (FollowerInfo.java:lambda$new$0(50)) - 6bedcca4-5eec-4fa9-8466-1c8e4f91b574->ee405930-b1f4-4448-af63-adfe72e2c983: nextIndex: updateUnconditionally 34 -> 33
2019-07-14 08:38:52,573 INFO  server.GrpcService (GrpcService.java:closeImpl(155)) - 24defd36-f550-465d-8eca-c7db59fabf58: shutdown server with port 42099 now
2019-07-14 08:38:52,568 INFO  impl.RaftServerImpl (ServerState.java:close(394)) - 6bedcca4-5eec-4fa9-8466-1c8e4f91b574:group-12575AD69176 closes. The last applied log index is 33
2019-07-14 08:38:52,573 INFO  server.GrpcService (GrpcService.java:closeImpl(163)) - 24defd36-f550-465d-8eca-c7db59fabf58: shutdown server with port 42099 successfully
2019-07-14 08:38:52,574 INFO  segmented.SegmentedRaftLogWorker (SegmentedRaftLogWorker.java:run(313)) - 6bedcca4-5eec-4fa9-8466-1c8e4f91b574-SegmentedRaftLogWorker:Storage Directory /workdir/hadoop-ozone/integration-test/target/test-dir/MiniOzoneClusterImpl-8c37849b-ee6b-479b-81cf-86fe5980264c/datanode-4/data/ratis/04e226ef-7dd7-4202-97f5-12575ad69176 was interrupted, exiting. There are 0 tasks remaining in the queue.
2019-07-14 08:38:52,577 INFO  segmented.SegmentedRaftLogWorker (SegmentedRaftLogWorker.java:close(228)) - 6bedcca4-5eec-4fa9-8466-1c8e4f91b574-SegmentedRaftLogWorker:Storage Directory /workdir/hadoop-ozone/integration-test/target/test-dir/MiniOzoneClusterImpl-8c37849b-ee6b-479b-81cf-86fe5980264c/datanode-4/data/ratis/04e226ef-7dd7-4202-97f5-12575ad69176 close()
2019-07-14 08:38:52,582 INFO  server.GrpcService (GrpcService.java:closeImpl(155)) - 6bedcca4-5eec-4fa9-8466-1c8e4f91b574: shutdown server with port 46138 now
2019-07-14 08:38:52,582 INFO  utils.BackgroundService (BackgroundService.java:shutdown(148)) - Shutting down service BlockDeletingService
2019-07-14 08:38:52,582 WARN  client.GrpcClientProtocolService (LogUtils.java:warn(134)) - 3-UnorderedRequestStreamObserver3: onError: org.apache.ratis.thirdparty.io.grpc.StatusRuntimeException: CANCELLED: cancelled before receiving half close
2019-07-14 08:38:52,582 INFO  server.GrpcService (GrpcService.java:closeImpl(163)) - 6bedcca4-5eec-4fa9-8466-1c8e4f91b574: shutdown server with port 46138 successfully
2019-07-14 08:38:52,584 WARN  fs.CachingGetSpaceUsed (CachingGetSpaceUsed.java:run(183)) - Thread Interrupted waiting to refresh disk information: sleep interrupted
2019-07-14 08:38:52,586 INFO  utils.BackgroundService (BackgroundService.java:shutdown(148)) - Shutting down service BlockDeletingService
2019-07-14 08:38:52,591 WARN  fs.CachingGetSpaceUsed (CachingGetSpaceUsed.java:run(183)) - Thread Interrupted waiting to refresh disk information: sleep interrupted
2019-07-14 08:38:52,610 INFO  statemachine.DatanodeStateMachine (DatanodeStateMachine.java:stopDaemon(395)) - Ozone container server stopped.
2019-07-14 08:38:52,614 INFO  handler.ContextHandler (ContextHandler.java:doStop(910)) - Stopped o.e.j.w.WebAppContext@76ad048a{/,null,UNAVAILABLE}{/hddsDatanode}
2019-07-14 08:38:52,616 INFO  statemachine.DatanodeStateMachine (DatanodeStateMachine.java:stopDaemon(395)) - Ozone container server stopped.
2019-07-14 08:38:52,620 INFO  server.AbstractConnector (AbstractConnector.java:doStop(318)) - Stopped ServerConnector@586be63c{HTTP/1.1,[http/1.1]}{0.0.0.0:0}
2019-07-14 08:38:52,622 INFO  handler.ContextHandler (ContextHandler.java:doStop(910)) - Stopped o.e.j.w.WebAppContext@1a177f2c{/,null,UNAVAILABLE}{/hddsDatanode}
2019-07-14 08:38:52,622 INFO  handler.ContextHandler (ContextHandler.java:doStop(910)) - Stopped o.e.j.s.ServletContextHandler@26f29ee5{/static,jar:file:/home/user/.m2/repository/org/apache/hadoop/hadoop-hdds-container-service/0.5.0-SNAPSHOT/hadoop-hdds-container-service-0.5.0-SNAPSHOT.jar!/webapps/static,UNAVAILABLE}
2019-07-14 08:38:52,623 INFO  server.AbstractConnector (AbstractConnector.java:doStop(318)) - Stopped ServerConnector@c82f6bd{HTTP/1.1,[http/1.1]}{0.0.0.0:0}
2019-07-14 08:38:52,623 INFO  handler.ContextHandler (ContextHandler.java:doStop(910)) - Stopped o.e.j.s.ServletContextHandler@61377842{/logs,file:///workdir/hadoop-ozone/integration-test/target/log,UNAVAILABLE}
2019-07-14 08:38:52,625 INFO  handler.ContextHandler (ContextHandler.java:doStop(910)) - Stopped o.e.j.s.ServletContextHandler@7b9661d4{/static,jar:file:/home/user/.m2/repository/org/apache/hadoop/hadoop-hdds-container-service/0.5.0-SNAPSHOT/hadoop-hdds-container-service-0.5.0-SNAPSHOT.jar!/webapps/static,UNAVAILABLE}
2019-07-14 08:38:52,627 INFO  handler.ContextHandler (ContextHandler.java:doStop(910)) - Stopped o.e.j.s.ServletContextHandler@2fef413c{/logs,file:///workdir/hadoop-ozone/integration-test/target/log,UNAVAILABLE}
2019-07-14 08:38:52,627 INFO  datanode.ObjectStoreHandler (ObjectStoreHandler.java:close(155)) - Closing ObjectStoreHandler.
2019-07-14 08:38:52,628 INFO  datanode.ObjectStoreHandler (ObjectStoreHandler.java:close(155)) - Closing ObjectStoreHandler.
2019-07-14 08:38:52,628 INFO  ozone.HddsDatanodeService (HddsDatanodeService.java:stop(452)) - Stopped plug-in org.apache.hadoop.ozone.web.OzoneHddsDatanodeService@749330a8
2019-07-14 08:38:52,628 INFO  ozone.HddsDatanodeService (HddsDatanodeService.java:stop(452)) - Stopped plug-in org.apache.hadoop.ozone.web.OzoneHddsDatanodeService@78b906d
2019-07-14 08:38:53,370 INFO  statemachine.DatanodeStateMachine (DatanodeStateMachine.java:lambda$startDaemon$0(350)) - Ozone container server started.
2019-07-14 08:38:53,412 INFO  statemachine.DatanodeStateMachine (DatanodeStateMachine.java:lambda$startDaemon$0(350)) - Ozone container server started.
2019-07-14 08:38:57,392 INFO  node.StaleNodeHandler (StaleNodeHandler.java:onMessage(58)) - Datanode ee405930-b1f4-4448-af63-adfe72e2c983{ip: 192.168.5.191, host: trunk-nightly-5z2vd-27108033, networkLocation: /default-rack, certSerialId: null} moved to stale state. Finalizing its pipelines [PipelineID=4389c57f-02a2-4819-97bf-8941310c78c9, PipelineID=04e226ef-7dd7-4202-97f5-12575ad69176]
2019-07-14 08:38:57,392 INFO  pipeline.SCMPipelineManager (SCMPipelineManager.java:finalizeAndDestroyPipeline(309)) - destroying pipeline:Pipeline[ Id: 4389c57f-02a2-4819-97bf-8941310c78c9, Nodes: ee405930-b1f4-4448-af63-adfe72e2c983{ip: 192.168.5.191, host: trunk-nightly-5z2vd-27108033, networkLocation: /default-rack, certSerialId: null}, Type:RATIS, Factor:ONE, State:OPEN]
2019-07-14 08:38:57,392 INFO  pipeline.PipelineStateManager (PipelineStateManager.java:finalizePipeline(123)) - Pipeline Pipeline[ Id: 4389c57f-02a2-4819-97bf-8941310c78c9, Nodes: ee405930-b1f4-4448-af63-adfe72e2c983{ip: 192.168.5.191, host: trunk-nightly-5z2vd-27108033, networkLocation: /default-rack, certSerialId: null}, Type:RATIS, Factor:ONE, State:CLOSED] moved to CLOSED state
2019-07-14 08:38:57,393 INFO  pipeline.SCMPipelineManager (SCMPipelineManager.java:finalizeAndDestroyPipeline(309)) - destroying pipeline:Pipeline[ Id: 04e226ef-7dd7-4202-97f5-12575ad69176, Nodes: ee405930-b1f4-4448-af63-adfe72e2c983{ip: 192.168.5.191, host: trunk-nightly-5z2vd-27108033, networkLocation: /default-rack, certSerialId: null}6bedcca4-5eec-4fa9-8466-1c8e4f91b574{ip: 192.168.5.191, host: trunk-nightly-5z2vd-27108033, networkLocation: /default-rack, certSerialId: null}ec1a8e93-f637-42e2-ad11-c2fb9339dc8c{ip: 192.168.5.191, host: trunk-nightly-5z2vd-27108033, networkLocation: /default-rack, certSerialId: null}, Type:RATIS, Factor:THREE, State:CLOSED]
2019-07-14 08:38:57,492 INFO  node.StaleNodeHandler (StaleNodeHandler.java:onMessage(58)) - Datanode 4769d2c9-7940-482b-b46d-49f67155139d{ip: 192.168.5.191, host: trunk-nightly-5z2vd-27108033, networkLocation: /default-rack, certSerialId: null} moved to stale state. Finalizing its pipelines [PipelineID=b4a5756e-cf1e-4ae1-8a17-dba10722b97e, PipelineID=0e0592b4-5079-4e3b-99bb-351c248b0510]
2019-07-14 08:38:57,492 INFO  pipeline.SCMPipelineManager (SCMPipelineManager.java:finalizeAndDestroyPipeline(309)) - destroying pipeline:Pipeline[ Id: b4a5756e-cf1e-4ae1-8a17-dba10722b97e, Nodes: 24defd36-f550-465d-8eca-c7db59fabf58{ip: 192.168.5.191, host: trunk-nightly-5z2vd-27108033, networkLocation: /default-rack, certSerialId: null}4769d2c9-7940-482b-b46d-49f67155139d{ip: 192.168.5.191, host: trunk-nightly-5z2vd-27108033, networkLocation: /default-rack, certSerialId: null}a8cea552-2699-45ae-8278-4317896b9350{ip: 192.168.5.191, host: trunk-nightly-5z2vd-27108033, networkLocation: /default-rack, certSerialId: null}, Type:RATIS, Factor:THREE, State:CLOSED]
2019-07-14 08:38:57,492 INFO  pipeline.SCMPipelineManager (SCMPipelineManager.java:finalizeAndDestroyPipeline(309)) - destroying pipeline:Pipeline[ Id: 0e0592b4-5079-4e3b-99bb-351c248b0510, Nodes: 4769d2c9-7940-482b-b46d-49f67155139d{ip: 192.168.5.191, host: trunk-nightly-5z2vd-27108033, networkLocation: /default-rack, certSerialId: null}, Type:RATIS, Factor:ONE, State:OPEN]
2019-07-14 08:38:57,493 INFO  pipeline.PipelineStateManager (PipelineStateManager.java:finalizePipeline(123)) - Pipeline Pipeline[ Id: 0e0592b4-5079-4e3b-99bb-351c248b0510, Nodes: 4769d2c9-7940-482b-b46d-49f67155139d{ip: 192.168.5.191, host: trunk-nightly-5z2vd-27108033, networkLocation: /default-rack, certSerialId: null}, Type:RATIS, Factor:ONE, State:CLOSED] moved to CLOSED state
2019-07-14 08:38:57,629 INFO  ozoneimpl.OzoneContainer (OzoneContainer.java:stop(199)) - Attempting to stop container services.
2019-07-14 08:38:57,629 INFO  ozoneimpl.OzoneContainer (OzoneContainer.java:stop(199)) - Attempting to stop container services.
2019-07-14 08:38:57,630 INFO  impl.RaftServerProxy (RaftServerProxy.java:lambda$close$4(314)) - ee405930-b1f4-4448-af63-adfe72e2c983: close
2019-07-14 08:38:57,630 INFO  impl.RaftServerProxy (RaftServerProxy.java:lambda$close$4(314)) - 4769d2c9-7940-482b-b46d-49f67155139d: close
2019-07-14 08:38:57,630 INFO  impl.RaftServerImpl (RaftServerImpl.java:lambda$shutdown$3(245)) - ee405930-b1f4-4448-af63-adfe72e2c983: shutdown group-8941310C78C9
2019-07-14 08:38:57,631 INFO  impl.RaftServerImpl (RaftServerImpl.java:lambda$shutdown$3(245)) - 4769d2c9-7940-482b-b46d-49f67155139d: shutdown group-DBA10722B97E
2019-07-14 08:38:57,631 INFO  util.JmxRegister (JmxRegister.java:unregister(73)) - Successfully un-registered JMX Bean with object name Ratis:service=RaftServer,group=group-8941310C78C9,id=ee405930-b1f4-4448-af63-adfe72e2c983
2019-07-14 08:38:57,632 INFO  impl.RoleInfo (RoleInfo.java:shutdownLeaderState(104)) - ee405930-b1f4-4448-af63-adfe72e2c983: shutdown LeaderState
2019-07-14 08:38:57,632 INFO  util.JmxRegister (JmxRegister.java:unregister(73)) - Successfully un-registered JMX Bean with object name Ratis:service=RaftServer,group=group-DBA10722B97E,id=4769d2c9-7940-482b-b46d-49f67155139d
2019-07-14 08:38:57,632 INFO  impl.PendingRequests (PendingRequests.java:sendNotLeaderResponses(202)) - ee405930-b1f4-4448-af63-adfe72e2c983-PendingRequests: sendNotLeaderResponses
2019-07-14 08:38:57,633 INFO  impl.RoleInfo (RoleInfo.java:shutdownFollowerState(121)) - 4769d2c9-7940-482b-b46d-49f67155139d: shutdown FollowerState
2019-07-14 08:38:57,633 INFO  impl.StateMachineUpdater (StateMachineUpdater.java:stopAndJoin(115)) - StateMachineUpdater:ee405930-b1f4-4448-af63-adfe72e2c983:group-8941310C78C9: set stopIndex = 0
2019-07-14 08:38:57,634 INFO  impl.RaftServerImpl (ServerState.java:close(394)) - ee405930-b1f4-4448-af63-adfe72e2c983:group-8941310C78C9 closes. The last applied log index is 0
2019-07-14 08:38:57,634 INFO  impl.FollowerState (FollowerState.java:run(114)) - 4769d2c9-7940-482b-b46d-49f67155139d: FollowerState was interrupted: java.lang.InterruptedException: sleep interrupted
2019-07-14 08:38:57,635 INFO  segmented.SegmentedRaftLogWorker (SegmentedRaftLogWorker.java:run(313)) - ee405930-b1f4-4448-af63-adfe72e2c983-SegmentedRaftLogWorker:Storage Directory /workdir/hadoop-ozone/integration-test/target/test-dir/MiniOzoneClusterImpl-8c37849b-ee6b-479b-81cf-86fe5980264c/datanode-3/data/ratis/4389c57f-02a2-4819-97bf-8941310c78c9 was interrupted, exiting. There are 0 tasks remaining in the queue.
2019-07-14 08:38:57,634 INFO  impl.StateMachineUpdater (StateMachineUpdater.java:stopAndJoin(115)) - StateMachineUpdater:4769d2c9-7940-482b-b46d-49f67155139d:group-DBA10722B97E: set stopIndex = 0
2019-07-14 08:38:57,638 INFO  segmented.SegmentedRaftLogWorker (SegmentedRaftLogWorker.java:close(228)) - ee405930-b1f4-4448-af63-adfe72e2c983-SegmentedRaftLogWorker:Storage Directory /workdir/hadoop-ozone/integration-test/target/test-dir/MiniOzoneClusterImpl-8c37849b-ee6b-479b-81cf-86fe5980264c/datanode-3/data/ratis/4389c57f-02a2-4819-97bf-8941310c78c9 close()
2019-07-14 08:38:57,638 INFO  impl.RaftServerImpl (ServerState.java:close(394)) - 4769d2c9-7940-482b-b46d-49f67155139d:group-DBA10722B97E closes. The last applied log index is 0
2019-07-14 08:38:57,648 INFO  impl.RaftServerImpl (RaftServerImpl.java:lambda$shutdown$3(245)) - ee405930-b1f4-4448-af63-adfe72e2c983: shutdown group-12575AD69176
2019-07-14 08:38:57,649 INFO  segmented.SegmentedRaftLogWorker (SegmentedRaftLogWorker.java:run(313)) - 4769d2c9-7940-482b-b46d-49f67155139d-SegmentedRaftLogWorker:Storage Directory /workdir/hadoop-ozone/integration-test/target/test-dir/MiniOzoneClusterImpl-8c37849b-ee6b-479b-81cf-86fe5980264c/datanode-2/data/ratis/b4a5756e-cf1e-4ae1-8a17-dba10722b97e was interrupted, exiting. There are 0 tasks remaining in the queue.
2019-07-14 08:38:57,649 INFO  util.JmxRegister (JmxRegister.java:unregister(73)) - Successfully un-registered JMX Bean with object name Ratis:service=RaftServer,group=group-12575AD69176,id=ee405930-b1f4-4448-af63-adfe72e2c983
2019-07-14 08:38:57,649 INFO  segmented.SegmentedRaftLogWorker (SegmentedRaftLogWorker.java:close(228)) - 4769d2c9-7940-482b-b46d-49f67155139d-SegmentedRaftLogWorker:Storage Directory /workdir/hadoop-ozone/integration-test/target/test-dir/MiniOzoneClusterImpl-8c37849b-ee6b-479b-81cf-86fe5980264c/datanode-2/data/ratis/b4a5756e-cf1e-4ae1-8a17-dba10722b97e close()
2019-07-14 08:38:57,650 INFO  impl.RoleInfo (RoleInfo.java:shutdownFollowerState(121)) - ee405930-b1f4-4448-af63-adfe72e2c983: shutdown FollowerState
2019-07-14 08:38:57,652 INFO  impl.StateMachineUpdater (StateMachineUpdater.java:stopAndJoin(115)) - StateMachineUpdater:ee405930-b1f4-4448-af63-adfe72e2c983:group-12575AD69176: set stopIndex = 33
2019-07-14 08:38:57,652 INFO  impl.RaftServerImpl (RaftServerImpl.java:lambda$shutdown$3(245)) - 4769d2c9-7940-482b-b46d-49f67155139d: shutdown group-351C248B0510
2019-07-14 08:38:57,652 INFO  impl.FollowerState (FollowerState.java:run(114)) - ee405930-b1f4-4448-af63-adfe72e2c983: FollowerState was interrupted: java.lang.InterruptedException: sleep interrupted
2019-07-14 08:38:57,652 INFO  ratis.ContainerStateMachine (ContainerStateMachine.java:takeSnapshot(249)) - group-12575AD69176: Taking a snapshot at:(t:1, i:31) file /workdir/hadoop-ozone/integration-test/target/test-dir/MiniOzoneClusterImpl-8c37849b-ee6b-479b-81cf-86fe5980264c/datanode-3/data/ratis/04e226ef-7dd7-4202-97f5-12575ad69176/sm/snapshot.1_31
2019-07-14 08:38:57,653 INFO  util.JmxRegister (JmxRegister.java:unregister(73)) - Successfully un-registered JMX Bean with object name Ratis:service=RaftServer,group=group-351C248B0510,id=4769d2c9-7940-482b-b46d-49f67155139d
2019-07-14 08:38:57,654 INFO  impl.RoleInfo (RoleInfo.java:shutdownLeaderState(104)) - 4769d2c9-7940-482b-b46d-49f67155139d: shutdown LeaderState
2019-07-14 08:38:57,654 INFO  ratis.ContainerStateMachine (ContainerStateMachine.java:takeSnapshot(257)) - group-12575AD69176: Finished taking a snapshot at:(t:1, i:31) file:/workdir/hadoop-ozone/integration-test/target/test-dir/MiniOzoneClusterImpl-8c37849b-ee6b-479b-81cf-86fe5980264c/datanode-3/data/ratis/04e226ef-7dd7-4202-97f5-12575ad69176/sm/snapshot.1_31 time:1
2019-07-14 08:38:57,654 INFO  impl.StateMachineUpdater (StateMachineUpdater.java:takeSnapshot(242)) - StateMachineUpdater:ee405930-b1f4-4448-af63-adfe72e2c983:group-12575AD69176: Took a snapshot at index 31
2019-07-14 08:38:57,654 INFO  impl.PendingRequests (PendingRequests.java:sendNotLeaderResponses(202)) - 4769d2c9-7940-482b-b46d-49f67155139d-PendingRequests: sendNotLeaderResponses
2019-07-14 08:38:57,654 INFO  impl.StateMachineUpdater (StateMachineUpdater.java:lambda$new$0(80)) - StateMachineUpdater:ee405930-b1f4-4448-af63-adfe72e2c983:group-12575AD69176: snapshotIndex: updateIncreasingly -1 -> 31
2019-07-14 08:38:57,655 INFO  impl.StateMachineUpdater (StateMachineUpdater.java:stopAndJoin(115)) - StateMachineUpdater:4769d2c9-7940-482b-b46d-49f67155139d:group-351C248B0510: set stopIndex = 0
2019-07-14 08:38:57,655 INFO  impl.RaftServerImpl (ServerState.java:close(394)) - 4769d2c9-7940-482b-b46d-49f67155139d:group-351C248B0510 closes. The last applied log index is 0
2019-07-14 08:38:57,655 INFO  impl.RaftServerImpl (ServerState.java:close(394)) - ee405930-b1f4-4448-af63-adfe72e2c983:group-12575AD69176 closes. The last applied log index is 33
2019-07-14 08:38:57,655 INFO  segmented.SegmentedRaftLogWorker (SegmentedRaftLogWorker.java:run(313)) - 4769d2c9-7940-482b-b46d-49f67155139d-SegmentedRaftLogWorker:Storage Directory /workdir/hadoop-ozone/integration-test/target/test-dir/MiniOzoneClusterImpl-8c37849b-ee6b-479b-81cf-86fe5980264c/datanode-2/data/ratis/0e0592b4-5079-4e3b-99bb-351c248b0510 was interrupted, exiting. There are 0 tasks remaining in the queue.
2019-07-14 08:38:57,656 INFO  segmented.SegmentedRaftLogWorker (SegmentedRaftLogWorker.java:run(313)) - ee405930-b1f4-4448-af63-adfe72e2c983-SegmentedRaftLogWorker:Storage Directory /workdir/hadoop-ozone/integration-test/target/test-dir/MiniOzoneClusterImpl-8c37849b-ee6b-479b-81cf-86fe5980264c/datanode-3/data/ratis/04e226ef-7dd7-4202-97f5-12575ad69176 was interrupted, exiting. There are 0 tasks remaining in the queue.
2019-07-14 08:38:57,656 INFO  segmented.SegmentedRaftLogWorker (SegmentedRaftLogWorker.java:close(228)) - 4769d2c9-7940-482b-b46d-49f67155139d-SegmentedRaftLogWorker:Storage Directory /workdir/hadoop-ozone/integration-test/target/test-dir/MiniOzoneClusterImpl-8c37849b-ee6b-479b-81cf-86fe5980264c/datanode-2/data/ratis/0e0592b4-5079-4e3b-99bb-351c248b0510 close()
2019-07-14 08:38:57,656 INFO  segmented.SegmentedRaftLogWorker (SegmentedRaftLogWorker.java:close(228)) - ee405930-b1f4-4448-af63-adfe72e2c983-SegmentedRaftLogWorker:Storage Directory /workdir/hadoop-ozone/integration-test/target/test-dir/MiniOzoneClusterImpl-8c37849b-ee6b-479b-81cf-86fe5980264c/datanode-3/data/ratis/04e226ef-7dd7-4202-97f5-12575ad69176 close()
2019-07-14 08:38:57,658 INFO  server.GrpcService (GrpcService.java:closeImpl(155)) - 4769d2c9-7940-482b-b46d-49f67155139d: shutdown server with port 39435 now
2019-07-14 08:38:57,661 INFO  server.GrpcService (GrpcService.java:closeImpl(155)) - ee405930-b1f4-4448-af63-adfe72e2c983: shutdown server with port 35939 now
2019-07-14 08:38:57,661 INFO  server.GrpcService (GrpcService.java:closeImpl(163)) - 4769d2c9-7940-482b-b46d-49f67155139d: shutdown server with port 39435 successfully
2019-07-14 08:38:57,661 INFO  server.GrpcService (GrpcService.java:closeImpl(163)) - ee405930-b1f4-4448-af63-adfe72e2c983: shutdown server with port 35939 successfully
2019-07-14 08:38:57,662 INFO  utils.BackgroundService (BackgroundService.java:shutdown(148)) - Shutting down service BlockDeletingService
2019-07-14 08:38:57,664 INFO  utils.BackgroundService (BackgroundService.java:shutdown(148)) - Shutting down service BlockDeletingService
2019-07-14 08:38:57,665 WARN  fs.CachingGetSpaceUsed (CachingGetSpaceUsed.java:run(183)) - Thread Interrupted waiting to refresh disk information: sleep interrupted
2019-07-14 08:38:57,672 WARN  fs.CachingGetSpaceUsed (CachingGetSpaceUsed.java:run(183)) - Thread Interrupted waiting to refresh disk information: sleep interrupted
2019-07-14 08:38:57,686 INFO  statemachine.DatanodeStateMachine (DatanodeStateMachine.java:stopDaemon(395)) - Ozone container server stopped.
2019-07-14 08:38:57,694 INFO  statemachine.DatanodeStateMachine (DatanodeStateMachine.java:stopDaemon(395)) - Ozone container server stopped.
2019-07-14 08:38:57,696 INFO  handler.ContextHandler (ContextHandler.java:doStop(910)) - Stopped o.e.j.w.WebAppContext@5d260659{/,null,UNAVAILABLE}{/hddsDatanode}
2019-07-14 08:38:57,697 INFO  handler.ContextHandler (ContextHandler.java:doStop(910)) - Stopped o.e.j.w.WebAppContext@77d5c4c6{/,null,UNAVAILABLE}{/hddsDatanode}
2019-07-14 08:38:57,697 INFO  server.AbstractConnector (AbstractConnector.java:doStop(318)) - Stopped ServerConnector@136dc728{HTTP/1.1,[http/1.1]}{0.0.0.0:0}
2019-07-14 08:38:57,699 INFO  handler.ContextHandler (ContextHandler.java:doStop(910)) - Stopped o.e.j.s.ServletContextHandler@31bbcced{/static,jar:file:/home/user/.m2/repository/org/apache/hadoop/hadoop-hdds-container-service/0.5.0-SNAPSHOT/hadoop-hdds-container-service-0.5.0-SNAPSHOT.jar!/webapps/static,UNAVAILABLE}
2019-07-14 08:38:57,699 INFO  server.AbstractConnector (AbstractConnector.java:doStop(318)) - Stopped ServerConnector@171a6fd1{HTTP/1.1,[http/1.1]}{0.0.0.0:0}
2019-07-14 08:38:57,701 INFO  handler.ContextHandler (ContextHandler.java:doStop(910)) - Stopped o.e.j.s.ServletContextHandler@23d030b1{/logs,file:///workdir/hadoop-ozone/integration-test/target/log,UNAVAILABLE}
2019-07-14 08:38:57,701 INFO  handler.ContextHandler (ContextHandler.java:doStop(910)) - Stopped o.e.j.s.ServletContextHandler@216fe151{/static,jar:file:/home/user/.m2/repository/org/apache/hadoop/hadoop-hdds-container-service/0.5.0-SNAPSHOT/hadoop-hdds-container-service-0.5.0-SNAPSHOT.jar!/webapps/static,UNAVAILABLE}
2019-07-14 08:38:57,702 INFO  handler.ContextHandler (ContextHandler.java:doStop(910)) - Stopped o.e.j.s.ServletContextHandler@34e0d52e{/logs,file:///workdir/hadoop-ozone/integration-test/target/log,UNAVAILABLE}
2019-07-14 08:38:57,702 INFO  datanode.ObjectStoreHandler (ObjectStoreHandler.java:close(155)) - Closing ObjectStoreHandler.
2019-07-14 08:38:57,702 INFO  ozone.HddsDatanodeService (HddsDatanodeService.java:stop(452)) - Stopped plug-in org.apache.hadoop.ozone.web.OzoneHddsDatanodeService@672c6b93
2019-07-14 08:38:57,703 INFO  datanode.ObjectStoreHandler (ObjectStoreHandler.java:close(155)) - Closing ObjectStoreHandler.
2019-07-14 08:38:57,703 INFO  ozone.HddsDatanodeService (HddsDatanodeService.java:stop(452)) - Stopped plug-in org.apache.hadoop.ozone.web.OzoneHddsDatanodeService@64d691b2
2019-07-14 08:38:58,069 INFO  statemachine.DatanodeStateMachine (DatanodeStateMachine.java:lambda$startDaemon$0(350)) - Ozone container server started.
2019-07-14 08:38:58,311 INFO  statemachine.DatanodeStateMachine (DatanodeStateMachine.java:lambda$startDaemon$0(350)) - Ozone container server started.
2019-07-14 08:39:00,032 INFO  impl.FollowerState (FollowerState.java:run(106)) - a8cea552-2699-45ae-8278-4317896b9350:group-DBA10722B97E changes to CANDIDATE, lastRpcTime:7848, electionTimeout:5166ms
2019-07-14 08:39:00,032 INFO  impl.RoleInfo (RoleInfo.java:shutdownFollowerState(121)) - a8cea552-2699-45ae-8278-4317896b9350: shutdown FollowerState
2019-07-14 08:39:00,032 INFO  impl.RaftServerImpl (RaftServerImpl.java:setRole(171)) - a8cea552-2699-45ae-8278-4317896b9350:group-DBA10722B97E changes role from FOLLOWER to CANDIDATE at term 1 for changeToCandidate
2019-07-14 08:39:00,032 INFO  impl.RoleInfo (RoleInfo.java:updateAndGet(143)) - a8cea552-2699-45ae-8278-4317896b9350: start LeaderElection
2019-07-14 08:39:00,033 INFO  impl.RaftServerImpl (ServerState.java:setLeader(263)) - a8cea552-2699-45ae-8278-4317896b9350:group-DBA10722B97E change Leader from 24defd36-f550-465d-8eca-c7db59fabf58 to null at term 1 for initElection
2019-07-14 08:39:00,050 INFO  impl.LeaderElection (LeaderElection.java:askForVotes(181)) - a8cea552-2699-45ae-8278-4317896b9350:group-DBA10722B97E:LeaderElection102: begin an election at term 2 for 0: [24defd36-f550-465d-8eca-c7db59fabf58:192.168.5.191:42099, a8cea552-2699-45ae-8278-4317896b9350:192.168.5.191:42756, 4769d2c9-7940-482b-b46d-49f67155139d:192.168.5.191:39435], old=null
2019-07-14 08:39:00,053 INFO  impl.LeaderElection (LogUtils.java:infoOrTrace(149)) - a8cea552-2699-45ae-8278-4317896b9350:group-DBA10722B97E:LeaderElection102 got exception when requesting votes: {}
java.util.concurrent.ExecutionException: org.apache.ratis.thirdparty.io.grpc.StatusRuntimeException: UNAVAILABLE: io exception
	at java.util.concurrent.FutureTask.report(FutureTask.java:122)
	at java.util.concurrent.FutureTask.get(FutureTask.java:192)
	at org.apache.ratis.server.impl.LeaderElection.waitForResults(LeaderElection.java:262)
	at org.apache.ratis.server.impl.LeaderElection.askForVotes(LeaderElection.java:200)
	at org.apache.ratis.server.impl.LeaderElection.run(LeaderElection.java:130)
	at java.lang.Thread.run(Thread.java:748)
Caused by: org.apache.ratis.thirdparty.io.grpc.StatusRuntimeException: UNAVAILABLE: io exception
	at org.apache.ratis.thirdparty.io.grpc.stub.ClientCalls.toStatusRuntimeException(ClientCalls.java:233)
	at org.apache.ratis.thirdparty.io.grpc.stub.ClientCalls.getUnchecked(ClientCalls.java:214)
	at org.apache.ratis.thirdparty.io.grpc.stub.ClientCalls.blockingUnaryCall(ClientCalls.java:139)
	at org.apache.ratis.proto.grpc.RaftServerProtocolServiceGrpc$RaftServerProtocolServiceBlockingStub.requestVote(RaftServerProtocolServiceGrpc.java:265)
	at org.apache.ratis.grpc.server.GrpcServerProtocolClient.requestVote(GrpcServerProtocolClient.java:83)
	at org.apache.ratis.grpc.server.GrpcService.requestVote(GrpcService.java:195)
	at org.apache.ratis.server.impl.LeaderElection.lambda$submitRequests$1(LeaderElection.java:237)
	at java.util.concurrent.FutureTask.run(FutureTask.java:266)
	at java.util.concurrent.Executors$RunnableAdapter.call(Executors.java:511)
	at java.util.concurrent.FutureTask.run(FutureTask.java:266)
	at java.util.concurrent.ThreadPoolExecutor.runWorker(ThreadPoolExecutor.java:1149)
	at java.util.concurrent.ThreadPoolExecutor$Worker.run(ThreadPoolExecutor.java:624)
	... 1 more
Caused by: org.apache.ratis.thirdparty.io.netty.channel.AbstractChannel$AnnotatedConnectException: Connection refused: /192.168.5.191:39435
	at sun.nio.ch.SocketChannelImpl.checkConnect(Native Method)
	at sun.nio.ch.SocketChannelImpl.finishConnect(SocketChannelImpl.java:717)
	at org.apache.ratis.thirdparty.io.netty.channel.socket.nio.NioSocketChannel.doFinishConnect(NioSocketChannel.java:327)
	at org.apache.ratis.thirdparty.io.netty.channel.nio.AbstractNioChannel$AbstractNioUnsafe.finishConnect(AbstractNioChannel.java:340)
	at org.apache.ratis.thirdparty.io.netty.channel.nio.NioEventLoop.processSelectedKey(NioEventLoop.java:632)
	at org.apache.ratis.thirdparty.io.netty.channel.nio.NioEventLoop.processSelectedKeysOptimized(NioEventLoop.java:579)
	at org.apache.ratis.thirdparty.io.netty.channel.nio.NioEventLoop.processSelectedKeys(NioEventLoop.java:496)
	at org.apache.ratis.thirdparty.io.netty.channel.nio.NioEventLoop.run(NioEventLoop.java:458)
	at org.apache.ratis.thirdparty.io.netty.util.concurrent.SingleThreadEventExecutor$5.run(SingleThreadEventExecutor.java:897)
	at org.apache.ratis.thirdparty.io.netty.util.concurrent.FastThreadLocalRunnable.run(FastThreadLocalRunnable.java:30)
	... 1 more
Caused by: java.net.ConnectException: Connection refused
	... 11 more
2019-07-14 08:39:00,068 INFO  impl.LeaderElection (LogUtils.java:infoOrTrace(149)) - a8cea552-2699-45ae-8278-4317896b9350:group-DBA10722B97E:LeaderElection102 got exception when requesting votes: {}
java.util.concurrent.ExecutionException: org.apache.ratis.thirdparty.io.grpc.StatusRuntimeException: UNAVAILABLE: io exception
	at java.util.concurrent.FutureTask.report(FutureTask.java:122)
	at java.util.concurrent.FutureTask.get(FutureTask.java:192)
	at org.apache.ratis.server.impl.LeaderElection.waitForResults(LeaderElection.java:262)
	at org.apache.ratis.server.impl.LeaderElection.askForVotes(LeaderElection.java:200)
	at org.apache.ratis.server.impl.LeaderElection.run(LeaderElection.java:130)
	at java.lang.Thread.run(Thread.java:748)
Caused by: org.apache.ratis.thirdparty.io.grpc.StatusRuntimeException: UNAVAILABLE: io exception
	at org.apache.ratis.thirdparty.io.grpc.stub.ClientCalls.toStatusRuntimeException(ClientCalls.java:233)
	at org.apache.ratis.thirdparty.io.grpc.stub.ClientCalls.getUnchecked(ClientCalls.java:214)
	at org.apache.ratis.thirdparty.io.grpc.stub.ClientCalls.blockingUnaryCall(ClientCalls.java:139)
	at org.apache.ratis.proto.grpc.RaftServerProtocolServiceGrpc$RaftServerProtocolServiceBlockingStub.requestVote(RaftServerProtocolServiceGrpc.java:265)
	at org.apache.ratis.grpc.server.GrpcServerProtocolClient.requestVote(GrpcServerProtocolClient.java:83)
	at org.apache.ratis.grpc.server.GrpcService.requestVote(GrpcService.java:195)
	at org.apache.ratis.server.impl.LeaderElection.lambda$submitRequests$1(LeaderElection.java:237)
	at java.util.concurrent.FutureTask.run(FutureTask.java:266)
	at java.util.concurrent.Executors$RunnableAdapter.call(Executors.java:511)
	at java.util.concurrent.FutureTask.run(FutureTask.java:266)
	at java.util.concurrent.ThreadPoolExecutor.runWorker(ThreadPoolExecutor.java:1149)
	at java.util.concurrent.ThreadPoolExecutor$Worker.run(ThreadPoolExecutor.java:624)
	... 1 more
Caused by: org.apache.ratis.thirdparty.io.netty.channel.AbstractChannel$AnnotatedConnectException: Connection refused: /192.168.5.191:42099
	at sun.nio.ch.SocketChannelImpl.checkConnect(Native Method)
	at sun.nio.ch.SocketChannelImpl.finishConnect(SocketChannelImpl.java:717)
	at org.apache.ratis.thirdparty.io.netty.channel.socket.nio.NioSocketChannel.doFinishConnect(NioSocketChannel.java:327)
	at org.apache.ratis.thirdparty.io.netty.channel.nio.AbstractNioChannel$AbstractNioUnsafe.finishConnect(AbstractNioChannel.java:340)
	at org.apache.ratis.thirdparty.io.netty.channel.nio.NioEventLoop.processSelectedKey(NioEventLoop.java:632)
	at org.apache.ratis.thirdparty.io.netty.channel.nio.NioEventLoop.processSelectedKeysOptimized(NioEventLoop.java:579)
	at org.apache.ratis.thirdparty.io.netty.channel.nio.NioEventLoop.processSelectedKeys(NioEventLoop.java:496)
	at org.apache.ratis.thirdparty.io.netty.channel.nio.NioEventLoop.run(NioEventLoop.java:458)
	at org.apache.ratis.thirdparty.io.netty.util.concurrent.SingleThreadEventExecutor$5.run(SingleThreadEventExecutor.java:897)
	at org.apache.ratis.thirdparty.io.netty.util.concurrent.FastThreadLocalRunnable.run(FastThreadLocalRunnable.java:30)
	... 1 more
Caused by: java.net.ConnectException: Connection refused
	... 11 more
2019-07-14 08:39:00,069 INFO  impl.LeaderElection (LeaderElection.java:logAndReturn(56)) - a8cea552-2699-45ae-8278-4317896b9350:group-DBA10722B97E:LeaderElection102: Election REJECTED; received 0 response(s) [] and 2 exception(s); a8cea552-2699-45ae-8278-4317896b9350:t2, leader=null, voted=a8cea552-2699-45ae-8278-4317896b9350, raftlog=a8cea552-2699-45ae-8278-4317896b9350-SegmentedRaftLog:OPENED:c0,f0,i0, conf=0: [24defd36-f550-465d-8eca-c7db59fabf58:192.168.5.191:42099, a8cea552-2699-45ae-8278-4317896b9350:192.168.5.191:42756, 4769d2c9-7940-482b-b46d-49f67155139d:192.168.5.191:39435], old=null
2019-07-14 08:39:00,069 INFO  impl.LeaderElection (LogUtils.java:infoOrTrace(149)) -   Exception 0: {}
java.util.concurrent.ExecutionException: org.apache.ratis.thirdparty.io.grpc.StatusRuntimeException: UNAVAILABLE: io exception
	at java.util.concurrent.FutureTask.report(FutureTask.java:122)
	at java.util.concurrent.FutureTask.get(FutureTask.java:192)
	at org.apache.ratis.server.impl.LeaderElection.waitForResults(LeaderElection.java:262)
	at org.apache.ratis.server.impl.LeaderElection.askForVotes(LeaderElection.java:200)
	at org.apache.ratis.server.impl.LeaderElection.run(LeaderElection.java:130)
	at java.lang.Thread.run(Thread.java:748)
Caused by: org.apache.ratis.thirdparty.io.grpc.StatusRuntimeException: UNAVAILABLE: io exception
	at org.apache.ratis.thirdparty.io.grpc.stub.ClientCalls.toStatusRuntimeException(ClientCalls.java:233)
	at org.apache.ratis.thirdparty.io.grpc.stub.ClientCalls.getUnchecked(ClientCalls.java:214)
	at org.apache.ratis.thirdparty.io.grpc.stub.ClientCalls.blockingUnaryCall(ClientCalls.java:139)
	at org.apache.ratis.proto.grpc.RaftServerProtocolServiceGrpc$RaftServerProtocolServiceBlockingStub.requestVote(RaftServerProtocolServiceGrpc.java:265)
	at org.apache.ratis.grpc.server.GrpcServerProtocolClient.requestVote(GrpcServerProtocolClient.java:83)
	at org.apache.ratis.grpc.server.GrpcService.requestVote(GrpcService.java:195)
	at org.apache.ratis.server.impl.LeaderElection.lambda$submitRequests$1(LeaderElection.java:237)
	at java.util.concurrent.FutureTask.run(FutureTask.java:266)
	at java.util.concurrent.Executors$RunnableAdapter.call(Executors.java:511)
	at java.util.concurrent.FutureTask.run(FutureTask.java:266)
	at java.util.concurrent.ThreadPoolExecutor.runWorker(ThreadPoolExecutor.java:1149)
	at java.util.concurrent.ThreadPoolExecutor$Worker.run(ThreadPoolExecutor.java:624)
	... 1 more
Caused by: org.apache.ratis.thirdparty.io.netty.channel.AbstractChannel$AnnotatedConnectException: Connection refused: /192.168.5.191:39435
	at sun.nio.ch.SocketChannelImpl.checkConnect(Native Method)
	at sun.nio.ch.SocketChannelImpl.finishConnect(SocketChannelImpl.java:717)
	at org.apache.ratis.thirdparty.io.netty.channel.socket.nio.NioSocketChannel.doFinishConnect(NioSocketChannel.java:327)
	at org.apache.ratis.thirdparty.io.netty.channel.nio.AbstractNioChannel$AbstractNioUnsafe.finishConnect(AbstractNioChannel.java:340)
	at org.apache.ratis.thirdparty.io.netty.channel.nio.NioEventLoop.processSelectedKey(NioEventLoop.java:632)
	at org.apache.ratis.thirdparty.io.netty.channel.nio.NioEventLoop.processSelectedKeysOptimized(NioEventLoop.java:579)
	at org.apache.ratis.thirdparty.io.netty.channel.nio.NioEventLoop.processSelectedKeys(NioEventLoop.java:496)
	at org.apache.ratis.thirdparty.io.netty.channel.nio.NioEventLoop.run(NioEventLoop.java:458)
	at org.apache.ratis.thirdparty.io.netty.util.concurrent.SingleThreadEventExecutor$5.run(SingleThreadEventExecutor.java:897)
	at org.apache.ratis.thirdparty.io.netty.util.concurrent.FastThreadLocalRunnable.run(FastThreadLocalRunnable.java:30)
	... 1 more
Caused by: java.net.ConnectException: Connection refused
	... 11 more
2019-07-14 08:39:00,069 INFO  impl.LeaderElection (LogUtils.java:infoOrTrace(149)) -   Exception 1: {}
java.util.concurrent.ExecutionException: org.apache.ratis.thirdparty.io.grpc.StatusRuntimeException: UNAVAILABLE: io exception
	at java.util.concurrent.FutureTask.report(FutureTask.java:122)
	at java.util.concurrent.FutureTask.get(FutureTask.java:192)
	at org.apache.ratis.server.impl.LeaderElection.waitForResults(LeaderElection.java:262)
	at org.apache.ratis.server.impl.LeaderElection.askForVotes(LeaderElection.java:200)
	at org.apache.ratis.server.impl.LeaderElection.run(LeaderElection.java:130)
	at java.lang.Thread.run(Thread.java:748)
Caused by: org.apache.ratis.thirdparty.io.grpc.StatusRuntimeException: UNAVAILABLE: io exception
	at org.apache.ratis.thirdparty.io.grpc.stub.ClientCalls.toStatusRuntimeException(ClientCalls.java:233)
	at org.apache.ratis.thirdparty.io.grpc.stub.ClientCalls.getUnchecked(ClientCalls.java:214)
	at org.apache.ratis.thirdparty.io.grpc.stub.ClientCalls.blockingUnaryCall(ClientCalls.java:139)
	at org.apache.ratis.proto.grpc.RaftServerProtocolServiceGrpc$RaftServerProtocolServiceBlockingStub.requestVote(RaftServerProtocolServiceGrpc.java:265)
	at org.apache.ratis.grpc.server.GrpcServerProtocolClient.requestVote(GrpcServerProtocolClient.java:83)
	at org.apache.ratis.grpc.server.GrpcService.requestVote(GrpcService.java:195)
	at org.apache.ratis.server.impl.LeaderElection.lambda$submitRequests$1(LeaderElection.java:237)
	at java.util.concurrent.FutureTask.run(FutureTask.java:266)
	at java.util.concurrent.Executors$RunnableAdapter.call(Executors.java:511)
	at java.util.concurrent.FutureTask.run(FutureTask.java:266)
	at java.util.concurrent.ThreadPoolExecutor.runWorker(ThreadPoolExecutor.java:1149)
	at java.util.concurrent.ThreadPoolExecutor$Worker.run(ThreadPoolExecutor.java:624)
	... 1 more
Caused by: org.apache.ratis.thirdparty.io.netty.channel.AbstractChannel$AnnotatedConnectException: Connection refused: /192.168.5.191:42099
	at sun.nio.ch.SocketChannelImpl.checkConnect(Native Method)
	at sun.nio.ch.SocketChannelImpl.finishConnect(SocketChannelImpl.java:717)
	at org.apache.ratis.thirdparty.io.netty.channel.socket.nio.NioSocketChannel.doFinishConnect(NioSocketChannel.java:327)
	at org.apache.ratis.thirdparty.io.netty.channel.nio.AbstractNioChannel$AbstractNioUnsafe.finishConnect(AbstractNioChannel.java:340)
	at org.apache.ratis.thirdparty.io.netty.channel.nio.NioEventLoop.processSelectedKey(NioEventLoop.java:632)
	at org.apache.ratis.thirdparty.io.netty.channel.nio.NioEventLoop.processSelectedKeysOptimized(NioEventLoop.java:579)
	at org.apache.ratis.thirdparty.io.netty.channel.nio.NioEventLoop.processSelectedKeys(NioEventLoop.java:496)
	at org.apache.ratis.thirdparty.io.netty.channel.nio.NioEventLoop.run(NioEventLoop.java:458)
	at org.apache.ratis.thirdparty.io.netty.util.concurrent.SingleThreadEventExecutor$5.run(SingleThreadEventExecutor.java:897)
	at org.apache.ratis.thirdparty.io.netty.util.concurrent.FastThreadLocalRunnable.run(FastThreadLocalRunnable.java:30)
	... 1 more
Caused by: java.net.ConnectException: Connection refused
	... 11 more
2019-07-14 08:39:00,069 INFO  impl.RaftServerImpl (RaftServerImpl.java:setRole(171)) - a8cea552-2699-45ae-8278-4317896b9350:group-DBA10722B97E changes role from CANDIDATE to FOLLOWER at term 2 for DISCOVERED_A_NEW_TERM
2019-07-14 08:39:00,070 INFO  impl.RoleInfo (RoleInfo.java:shutdownLeaderElection(134)) - a8cea552-2699-45ae-8278-4317896b9350: shutdown LeaderElection
2019-07-14 08:39:00,070 INFO  impl.RoleInfo (RoleInfo.java:updateAndGet(143)) - a8cea552-2699-45ae-8278-4317896b9350: start FollowerState
2019-07-14 08:39:00,332 INFO  impl.FollowerState (FollowerState.java:run(106)) - ec1a8e93-f637-42e2-ad11-c2fb9339dc8c:group-12575AD69176 changes to CANDIDATE, lastRpcTime:7868, electionTimeout:5132ms
2019-07-14 08:39:00,332 INFO  impl.RoleInfo (RoleInfo.java:shutdownFollowerState(121)) - ec1a8e93-f637-42e2-ad11-c2fb9339dc8c: shutdown FollowerState
2019-07-14 08:39:00,332 INFO  impl.RaftServerImpl (RaftServerImpl.java:setRole(171)) - ec1a8e93-f637-42e2-ad11-c2fb9339dc8c:group-12575AD69176 changes role from FOLLOWER to CANDIDATE at term 1 for changeToCandidate
2019-07-14 08:39:00,332 INFO  impl.RoleInfo (RoleInfo.java:updateAndGet(143)) - ec1a8e93-f637-42e2-ad11-c2fb9339dc8c: start LeaderElection
2019-07-14 08:39:00,333 INFO  impl.RaftServerImpl (ServerState.java:setLeader(263)) - ec1a8e93-f637-42e2-ad11-c2fb9339dc8c:group-12575AD69176 change Leader from 6bedcca4-5eec-4fa9-8466-1c8e4f91b574 to null at term 1 for initElection
2019-07-14 08:39:00,348 INFO  impl.LeaderElection (LeaderElection.java:askForVotes(181)) - ec1a8e93-f637-42e2-ad11-c2fb9339dc8c:group-12575AD69176:LeaderElection103: begin an election at term 2 for 0: [ee405930-b1f4-4448-af63-adfe72e2c983:192.168.5.191:35939, ec1a8e93-f637-42e2-ad11-c2fb9339dc8c:192.168.5.191:45589, 6bedcca4-5eec-4fa9-8466-1c8e4f91b574:192.168.5.191:46138], old=null
2019-07-14 08:39:00,350 INFO  impl.LeaderElection (LogUtils.java:infoOrTrace(149)) - ec1a8e93-f637-42e2-ad11-c2fb9339dc8c:group-12575AD69176:LeaderElection103 got exception when requesting votes: {}
java.util.concurrent.ExecutionException: org.apache.ratis.thirdparty.io.grpc.StatusRuntimeException: UNAVAILABLE: io exception
	at java.util.concurrent.FutureTask.report(FutureTask.java:122)
	at java.util.concurrent.FutureTask.get(FutureTask.java:192)
	at org.apache.ratis.server.impl.LeaderElection.waitForResults(LeaderElection.java:262)
	at org.apache.ratis.server.impl.LeaderElection.askForVotes(LeaderElection.java:200)
	at org.apache.ratis.server.impl.LeaderElection.run(LeaderElection.java:130)
	at java.lang.Thread.run(Thread.java:748)
Caused by: org.apache.ratis.thirdparty.io.grpc.StatusRuntimeException: UNAVAILABLE: io exception
	at org.apache.ratis.thirdparty.io.grpc.stub.ClientCalls.toStatusRuntimeException(ClientCalls.java:233)
	at org.apache.ratis.thirdparty.io.grpc.stub.ClientCalls.getUnchecked(ClientCalls.java:214)
	at org.apache.ratis.thirdparty.io.grpc.stub.ClientCalls.blockingUnaryCall(ClientCalls.java:139)
	at org.apache.ratis.proto.grpc.RaftServerProtocolServiceGrpc$RaftServerProtocolServiceBlockingStub.requestVote(RaftServerProtocolServiceGrpc.java:265)
	at org.apache.ratis.grpc.server.GrpcServerProtocolClient.requestVote(GrpcServerProtocolClient.java:83)
	at org.apache.ratis.grpc.server.GrpcService.requestVote(GrpcService.java:195)
	at org.apache.ratis.server.impl.LeaderElection.lambda$submitRequests$1(LeaderElection.java:237)
	at java.util.concurrent.FutureTask.run(FutureTask.java:266)
	at java.util.concurrent.Executors$RunnableAdapter.call(Executors.java:511)
	at java.util.concurrent.FutureTask.run(FutureTask.java:266)
	at java.util.concurrent.ThreadPoolExecutor.runWorker(ThreadPoolExecutor.java:1149)
	at java.util.concurrent.ThreadPoolExecutor$Worker.run(ThreadPoolExecutor.java:624)
	... 1 more
Caused by: org.apache.ratis.thirdparty.io.netty.channel.AbstractChannel$AnnotatedConnectException: Connection refused: /192.168.5.191:35939
	at sun.nio.ch.SocketChannelImpl.checkConnect(Native Method)
	at sun.nio.ch.SocketChannelImpl.finishConnect(SocketChannelImpl.java:717)
	at org.apache.ratis.thirdparty.io.netty.channel.socket.nio.NioSocketChannel.doFinishConnect(NioSocketChannel.java:327)
	at org.apache.ratis.thirdparty.io.netty.channel.nio.AbstractNioChannel$AbstractNioUnsafe.finishConnect(AbstractNioChannel.java:340)
	at org.apache.ratis.thirdparty.io.netty.channel.nio.NioEventLoop.processSelectedKey(NioEventLoop.java:632)
	at org.apache.ratis.thirdparty.io.netty.channel.nio.NioEventLoop.processSelectedKeysOptimized(NioEventLoop.java:579)
	at org.apache.ratis.thirdparty.io.netty.channel.nio.NioEventLoop.processSelectedKeys(NioEventLoop.java:496)
	at org.apache.ratis.thirdparty.io.netty.channel.nio.NioEventLoop.run(NioEventLoop.java:458)
	at org.apache.ratis.thirdparty.io.netty.util.concurrent.SingleThreadEventExecutor$5.run(SingleThreadEventExecutor.java:897)
	at org.apache.ratis.thirdparty.io.netty.util.concurrent.FastThreadLocalRunnable.run(FastThreadLocalRunnable.java:30)
	... 1 more
Caused by: java.net.ConnectException: Connection refused
	... 11 more
2019-07-14 08:39:00,352 INFO  impl.LeaderElection (LogUtils.java:infoOrTrace(149)) - ec1a8e93-f637-42e2-ad11-c2fb9339dc8c:group-12575AD69176:LeaderElection103 got exception when requesting votes: {}
java.util.concurrent.ExecutionException: org.apache.ratis.thirdparty.io.grpc.StatusRuntimeException: UNAVAILABLE: io exception
	at java.util.concurrent.FutureTask.report(FutureTask.java:122)
	at java.util.concurrent.FutureTask.get(FutureTask.java:192)
	at org.apache.ratis.server.impl.LeaderElection.waitForResults(LeaderElection.java:262)
	at org.apache.ratis.server.impl.LeaderElection.askForVotes(LeaderElection.java:200)
	at org.apache.ratis.server.impl.LeaderElection.run(LeaderElection.java:130)
	at java.lang.Thread.run(Thread.java:748)
Caused by: org.apache.ratis.thirdparty.io.grpc.StatusRuntimeException: UNAVAILABLE: io exception
	at org.apache.ratis.thirdparty.io.grpc.stub.ClientCalls.toStatusRuntimeException(ClientCalls.java:233)
	at org.apache.ratis.thirdparty.io.grpc.stub.ClientCalls.getUnchecked(ClientCalls.java:214)
	at org.apache.ratis.thirdparty.io.grpc.stub.ClientCalls.blockingUnaryCall(ClientCalls.java:139)
	at org.apache.ratis.proto.grpc.RaftServerProtocolServiceGrpc$RaftServerProtocolServiceBlockingStub.requestVote(RaftServerProtocolServiceGrpc.java:265)
	at org.apache.ratis.grpc.server.GrpcServerProtocolClient.requestVote(GrpcServerProtocolClient.java:83)
	at org.apache.ratis.grpc.server.GrpcService.requestVote(GrpcService.java:195)
	at org.apache.ratis.server.impl.LeaderElection.lambda$submitRequests$1(LeaderElection.java:237)
	at java.util.concurrent.FutureTask.run(FutureTask.java:266)
	at java.util.concurrent.Executors$RunnableAdapter.call(Executors.java:511)
	at java.util.concurrent.FutureTask.run(FutureTask.java:266)
	at java.util.concurrent.ThreadPoolExecutor.runWorker(ThreadPoolExecutor.java:1149)
	at java.util.concurrent.ThreadPoolExecutor$Worker.run(ThreadPoolExecutor.java:624)
	... 1 more
Caused by: org.apache.ratis.thirdparty.io.netty.channel.AbstractChannel$AnnotatedConnectException: Connection refused: /192.168.5.191:46138
	at sun.nio.ch.SocketChannelImpl.checkConnect(Native Method)
	at sun.nio.ch.SocketChannelImpl.finishConnect(SocketChannelImpl.java:717)
	at org.apache.ratis.thirdparty.io.netty.channel.socket.nio.NioSocketChannel.doFinishConnect(NioSocketChannel.java:327)
	at org.apache.ratis.thirdparty.io.netty.channel.nio.AbstractNioChannel$AbstractNioUnsafe.finishConnect(AbstractNioChannel.java:340)
	at org.apache.ratis.thirdparty.io.netty.channel.nio.NioEventLoop.processSelectedKey(NioEventLoop.java:632)
	at org.apache.ratis.thirdparty.io.netty.channel.nio.NioEventLoop.processSelectedKeysOptimized(NioEventLoop.java:579)
	at org.apache.ratis.thirdparty.io.netty.channel.nio.NioEventLoop.processSelectedKeys(NioEventLoop.java:496)
	at org.apache.ratis.thirdparty.io.netty.channel.nio.NioEventLoop.run(NioEventLoop.java:458)
	at org.apache.ratis.thirdparty.io.netty.util.concurrent.SingleThreadEventExecutor$5.run(SingleThreadEventExecutor.java:897)
	at org.apache.ratis.thirdparty.io.netty.util.concurrent.FastThreadLocalRunnable.run(FastThreadLocalRunnable.java:30)
	... 1 more
Caused by: java.net.ConnectException: Connection refused
	... 11 more
2019-07-14 08:39:00,354 INFO  impl.LeaderElection (LeaderElection.java:logAndReturn(56)) - ec1a8e93-f637-42e2-ad11-c2fb9339dc8c:group-12575AD69176:LeaderElection103: Election REJECTED; received 0 response(s) [] and 2 exception(s); ec1a8e93-f637-42e2-ad11-c2fb9339dc8c:t2, leader=null, voted=ec1a8e93-f637-42e2-ad11-c2fb9339dc8c, raftlog=ec1a8e93-f637-42e2-ad11-c2fb9339dc8c-SegmentedRaftLog:OPENED:c33,f33,i33, conf=0: [ee405930-b1f4-4448-af63-adfe72e2c983:192.168.5.191:35939, ec1a8e93-f637-42e2-ad11-c2fb9339dc8c:192.168.5.191:45589, 6bedcca4-5eec-4fa9-8466-1c8e4f91b574:192.168.5.191:46138], old=null
2019-07-14 08:39:00,354 INFO  impl.LeaderElection (LogUtils.java:infoOrTrace(149)) -   Exception 0: {}
java.util.concurrent.ExecutionException: org.apache.ratis.thirdparty.io.grpc.StatusRuntimeException: UNAVAILABLE: io exception
	at java.util.concurrent.FutureTask.report(FutureTask.java:122)
	at java.util.concurrent.FutureTask.get(FutureTask.java:192)
	at org.apache.ratis.server.impl.LeaderElection.waitForResults(LeaderElection.java:262)
	at org.apache.ratis.server.impl.LeaderElection.askForVotes(LeaderElection.java:200)
	at org.apache.ratis.server.impl.LeaderElection.run(LeaderElection.java:130)
	at java.lang.Thread.run(Thread.java:748)
Caused by: org.apache.ratis.thirdparty.io.grpc.StatusRuntimeException: UNAVAILABLE: io exception
	at org.apache.ratis.thirdparty.io.grpc.stub.ClientCalls.toStatusRuntimeException(ClientCalls.java:233)
	at org.apache.ratis.thirdparty.io.grpc.stub.ClientCalls.getUnchecked(ClientCalls.java:214)
	at org.apache.ratis.thirdparty.io.grpc.stub.ClientCalls.blockingUnaryCall(ClientCalls.java:139)
	at org.apache.ratis.proto.grpc.RaftServerProtocolServiceGrpc$RaftServerProtocolServiceBlockingStub.requestVote(RaftServerProtocolServiceGrpc.java:265)
	at org.apache.ratis.grpc.server.GrpcServerProtocolClient.requestVote(GrpcServerProtocolClient.java:83)
	at org.apache.ratis.grpc.server.GrpcService.requestVote(GrpcService.java:195)
	at org.apache.ratis.server.impl.LeaderElection.lambda$submitRequests$1(LeaderElection.java:237)
	at java.util.concurrent.FutureTask.run(FutureTask.java:266)
	at java.util.concurrent.Executors$RunnableAdapter.call(Executors.java:511)
	at java.util.concurrent.FutureTask.run(FutureTask.java:266)
	at java.util.concurrent.ThreadPoolExecutor.runWorker(ThreadPoolExecutor.java:1149)
	at java.util.concurrent.ThreadPoolExecutor$Worker.run(ThreadPoolExecutor.java:624)
	... 1 more
Caused by: org.apache.ratis.thirdparty.io.netty.channel.AbstractChannel$AnnotatedConnectException: Connection refused: /192.168.5.191:35939
	at sun.nio.ch.SocketChannelImpl.checkConnect(Native Method)
	at sun.nio.ch.SocketChannelImpl.finishConnect(SocketChannelImpl.java:717)
	at org.apache.ratis.thirdparty.io.netty.channel.socket.nio.NioSocketChannel.doFinishConnect(NioSocketChannel.java:327)
	at org.apache.ratis.thirdparty.io.netty.channel.nio.AbstractNioChannel$AbstractNioUnsafe.finishConnect(AbstractNioChannel.java:340)
	at org.apache.ratis.thirdparty.io.netty.channel.nio.NioEventLoop.processSelectedKey(NioEventLoop.java:632)
	at org.apache.ratis.thirdparty.io.netty.channel.nio.NioEventLoop.processSelectedKeysOptimized(NioEventLoop.java:579)
	at org.apache.ratis.thirdparty.io.netty.channel.nio.NioEventLoop.processSelectedKeys(NioEventLoop.java:496)
	at org.apache.ratis.thirdparty.io.netty.channel.nio.NioEventLoop.run(NioEventLoop.java:458)
	at org.apache.ratis.thirdparty.io.netty.util.concurrent.SingleThreadEventExecutor$5.run(SingleThreadEventExecutor.java:897)
	at org.apache.ratis.thirdparty.io.netty.util.concurrent.FastThreadLocalRunnable.run(FastThreadLocalRunnable.java:30)
	... 1 more
Caused by: java.net.ConnectException: Connection refused
	... 11 more
2019-07-14 08:39:00,354 INFO  impl.LeaderElection (LogUtils.java:infoOrTrace(149)) -   Exception 1: {}
java.util.concurrent.ExecutionException: org.apache.ratis.thirdparty.io.grpc.StatusRuntimeException: UNAVAILABLE: io exception
	at java.util.concurrent.FutureTask.report(FutureTask.java:122)
	at java.util.concurrent.FutureTask.get(FutureTask.java:192)
	at org.apache.ratis.server.impl.LeaderElection.waitForResults(LeaderElection.java:262)
	at org.apache.ratis.server.impl.LeaderElection.askForVotes(LeaderElection.java:200)
	at org.apache.ratis.server.impl.LeaderElection.run(LeaderElection.java:130)
	at java.lang.Thread.run(Thread.java:748)
Caused by: org.apache.ratis.thirdparty.io.grpc.StatusRuntimeException: UNAVAILABLE: io exception
	at org.apache.ratis.thirdparty.io.grpc.stub.ClientCalls.toStatusRuntimeException(ClientCalls.java:233)
	at org.apache.ratis.thirdparty.io.grpc.stub.ClientCalls.getUnchecked(ClientCalls.java:214)
	at org.apache.ratis.thirdparty.io.grpc.stub.ClientCalls.blockingUnaryCall(ClientCalls.java:139)
	at org.apache.ratis.proto.grpc.RaftServerProtocolServiceGrpc$RaftServerProtocolServiceBlockingStub.requestVote(RaftServerProtocolServiceGrpc.java:265)
	at org.apache.ratis.grpc.server.GrpcServerProtocolClient.requestVote(GrpcServerProtocolClient.java:83)
	at org.apache.ratis.grpc.server.GrpcService.requestVote(GrpcService.java:195)
	at org.apache.ratis.server.impl.LeaderElection.lambda$submitRequests$1(LeaderElection.java:237)
	at java.util.concurrent.FutureTask.run(FutureTask.java:266)
	at java.util.concurrent.Executors$RunnableAdapter.call(Executors.java:511)
	at java.util.concurrent.FutureTask.run(FutureTask.java:266)
	at java.util.concurrent.ThreadPoolExecutor.runWorker(ThreadPoolExecutor.java:1149)
	at java.util.concurrent.ThreadPoolExecutor$Worker.run(ThreadPoolExecutor.java:624)
	... 1 more
Caused by: org.apache.ratis.thirdparty.io.netty.channel.AbstractChannel$AnnotatedConnectException: Connection refused: /192.168.5.191:46138
	at sun.nio.ch.SocketChannelImpl.checkConnect(Native Method)
	at sun.nio.ch.SocketChannelImpl.finishConnect(SocketChannelImpl.java:717)
	at org.apache.ratis.thirdparty.io.netty.channel.socket.nio.NioSocketChannel.doFinishConnect(NioSocketChannel.java:327)
	at org.apache.ratis.thirdparty.io.netty.channel.nio.AbstractNioChannel$AbstractNioUnsafe.finishConnect(AbstractNioChannel.java:340)
	at org.apache.ratis.thirdparty.io.netty.channel.nio.NioEventLoop.processSelectedKey(NioEventLoop.java:632)
	at org.apache.ratis.thirdparty.io.netty.channel.nio.NioEventLoop.processSelectedKeysOptimized(NioEventLoop.java:579)
	at org.apache.ratis.thirdparty.io.netty.channel.nio.NioEventLoop.processSelectedKeys(NioEventLoop.java:496)
	at org.apache.ratis.thirdparty.io.netty.channel.nio.NioEventLoop.run(NioEventLoop.java:458)
	at org.apache.ratis.thirdparty.io.netty.util.concurrent.SingleThreadEventExecutor$5.run(SingleThreadEventExecutor.java:897)
	at org.apache.ratis.thirdparty.io.netty.util.concurrent.FastThreadLocalRunnable.run(FastThreadLocalRunnable.java:30)
	... 1 more
Caused by: java.net.ConnectException: Connection refused
	... 11 more
2019-07-14 08:39:00,355 INFO  impl.RaftServerImpl (RaftServerImpl.java:setRole(171)) - ec1a8e93-f637-42e2-ad11-c2fb9339dc8c:group-12575AD69176 changes role from CANDIDATE to FOLLOWER at term 2 for DISCOVERED_A_NEW_TERM
2019-07-14 08:39:00,355 INFO  impl.RoleInfo (RoleInfo.java:shutdownLeaderElection(134)) - ec1a8e93-f637-42e2-ad11-c2fb9339dc8c: shutdown LeaderElection
2019-07-14 08:39:00,355 INFO  impl.RoleInfo (RoleInfo.java:updateAndGet(143)) - ec1a8e93-f637-42e2-ad11-c2fb9339dc8c: start FollowerState
2019-07-14 08:39:02,098 INFO  node.StaleNodeHandler (StaleNodeHandler.java:onMessage(58)) - Datanode a8cea552-2699-45ae-8278-4317896b9350{ip: 192.168.5.191, host: trunk-nightly-5z2vd-27108033, networkLocation: /default-rack, certSerialId: null} moved to stale state. Finalizing its pipelines [PipelineID=b7fcdbac-69a1-44af-aaca-46e84fbd1cd6, PipelineID=b4a5756e-cf1e-4ae1-8a17-dba10722b97e]
2019-07-14 08:39:02,099 INFO  pipeline.SCMPipelineManager (SCMPipelineManager.java:finalizeAndDestroyPipeline(309)) - destroying pipeline:Pipeline[ Id: b7fcdbac-69a1-44af-aaca-46e84fbd1cd6, Nodes: a8cea552-2699-45ae-8278-4317896b9350{ip: 192.168.5.191, host: trunk-nightly-5z2vd-27108033, networkLocation: /default-rack, certSerialId: null}, Type:RATIS, Factor:ONE, State:OPEN]
2019-07-14 08:39:02,099 INFO  pipeline.PipelineStateManager (PipelineStateManager.java:finalizePipeline(123)) - Pipeline Pipeline[ Id: b7fcdbac-69a1-44af-aaca-46e84fbd1cd6, Nodes: a8cea552-2699-45ae-8278-4317896b9350{ip: 192.168.5.191, host: trunk-nightly-5z2vd-27108033, networkLocation: /default-rack, certSerialId: null}, Type:RATIS, Factor:ONE, State:CLOSED] moved to CLOSED state
2019-07-14 08:39:02,099 INFO  pipeline.SCMPipelineManager (SCMPipelineManager.java:finalizeAndDestroyPipeline(309)) - destroying pipeline:Pipeline[ Id: b4a5756e-cf1e-4ae1-8a17-dba10722b97e, Nodes: 24defd36-f550-465d-8eca-c7db59fabf58{ip: 192.168.5.191, host: trunk-nightly-5z2vd-27108033, networkLocation: /default-rack, certSerialId: null}4769d2c9-7940-482b-b46d-49f67155139d{ip: 192.168.5.191, host: trunk-nightly-5z2vd-27108033, networkLocation: /default-rack, certSerialId: null}a8cea552-2699-45ae-8278-4317896b9350{ip: 192.168.5.191, host: trunk-nightly-5z2vd-27108033, networkLocation: /default-rack, certSerialId: null}, Type:RATIS, Factor:THREE, State:CLOSED]
2019-07-14 08:39:02,399 INFO  node.StaleNodeHandler (StaleNodeHandler.java:onMessage(58)) - Datanode f8f717d9-fa08-4b11-80ff-252fbec0febd{ip: 192.168.5.191, host: trunk-nightly-5z2vd-27108033, networkLocation: /default-rack, certSerialId: null} moved to stale state. Finalizing its pipelines [PipelineID=96b2ef7a-f28b-4df2-a937-7a4d5faacd80]
2019-07-14 08:39:02,399 INFO  pipeline.SCMPipelineManager (SCMPipelineManager.java:finalizeAndDestroyPipeline(309)) - destroying pipeline:Pipeline[ Id: 96b2ef7a-f28b-4df2-a937-7a4d5faacd80, Nodes: f8f717d9-fa08-4b11-80ff-252fbec0febd{ip: 192.168.5.191, host: trunk-nightly-5z2vd-27108033, networkLocation: /default-rack, certSerialId: null}, Type:RATIS, Factor:ONE, State:OPEN]
2019-07-14 08:39:02,399 INFO  pipeline.PipelineStateManager (PipelineStateManager.java:finalizePipeline(123)) - Pipeline Pipeline[ Id: 96b2ef7a-f28b-4df2-a937-7a4d5faacd80, Nodes: f8f717d9-fa08-4b11-80ff-252fbec0febd{ip: 192.168.5.191, host: trunk-nightly-5z2vd-27108033, networkLocation: /default-rack, certSerialId: null}, Type:RATIS, Factor:ONE, State:CLOSED] moved to CLOSED state
2019-07-14 08:39:02,703 INFO  ozoneimpl.OzoneContainer (OzoneContainer.java:stop(199)) - Attempting to stop container services.
2019-07-14 08:39:02,704 INFO  impl.RaftServerProxy (RaftServerProxy.java:lambda$close$4(314)) - a8cea552-2699-45ae-8278-4317896b9350: close
2019-07-14 08:39:02,704 INFO  ozoneimpl.OzoneContainer (OzoneContainer.java:stop(199)) - Attempting to stop container services.
2019-07-14 08:39:02,704 INFO  impl.RaftServerImpl (RaftServerImpl.java:lambda$shutdown$3(245)) - a8cea552-2699-45ae-8278-4317896b9350: shutdown group-46E84FBD1CD6
2019-07-14 08:39:02,705 INFO  impl.RaftServerProxy (RaftServerProxy.java:lambda$close$4(314)) - f8f717d9-fa08-4b11-80ff-252fbec0febd: close
2019-07-14 08:39:02,705 INFO  util.JmxRegister (JmxRegister.java:unregister(73)) - Successfully un-registered JMX Bean with object name Ratis:service=RaftServer,group=group-46E84FBD1CD6,id=a8cea552-2699-45ae-8278-4317896b9350
2019-07-14 08:39:02,705 INFO  impl.RaftServerImpl (RaftServerImpl.java:lambda$shutdown$3(245)) - f8f717d9-fa08-4b11-80ff-252fbec0febd: shutdown group-7A4D5FAACD80
2019-07-14 08:39:02,706 INFO  impl.RoleInfo (RoleInfo.java:shutdownLeaderState(104)) - a8cea552-2699-45ae-8278-4317896b9350: shutdown LeaderState
2019-07-14 08:39:02,706 INFO  util.JmxRegister (JmxRegister.java:unregister(73)) - Successfully un-registered JMX Bean with object name Ratis:service=RaftServer,group=group-7A4D5FAACD80,id=f8f717d9-fa08-4b11-80ff-252fbec0febd
2019-07-14 08:39:02,707 INFO  impl.RoleInfo (RoleInfo.java:shutdownLeaderState(104)) - f8f717d9-fa08-4b11-80ff-252fbec0febd: shutdown LeaderState
2019-07-14 08:39:02,706 INFO  impl.PendingRequests (PendingRequests.java:sendNotLeaderResponses(202)) - a8cea552-2699-45ae-8278-4317896b9350-PendingRequests: sendNotLeaderResponses
2019-07-14 08:39:02,707 INFO  impl.PendingRequests (PendingRequests.java:sendNotLeaderResponses(202)) - f8f717d9-fa08-4b11-80ff-252fbec0febd-PendingRequests: sendNotLeaderResponses
2019-07-14 08:39:02,708 INFO  impl.StateMachineUpdater (StateMachineUpdater.java:stopAndJoin(115)) - StateMachineUpdater:a8cea552-2699-45ae-8278-4317896b9350:group-46E84FBD1CD6: set stopIndex = 0
2019-07-14 08:39:02,708 INFO  impl.StateMachineUpdater (StateMachineUpdater.java:stopAndJoin(115)) - StateMachineUpdater:f8f717d9-fa08-4b11-80ff-252fbec0febd:group-7A4D5FAACD80: set stopIndex = 0
2019-07-14 08:39:02,708 INFO  impl.RaftServerImpl (ServerState.java:close(394)) - a8cea552-2699-45ae-8278-4317896b9350:group-46E84FBD1CD6 closes. The last applied log index is 0
2019-07-14 08:39:02,709 INFO  impl.RaftServerImpl (ServerState.java:close(394)) - f8f717d9-fa08-4b11-80ff-252fbec0febd:group-7A4D5FAACD80 closes. The last applied log index is 0
2019-07-14 08:39:02,709 INFO  segmented.SegmentedRaftLogWorker (SegmentedRaftLogWorker.java:run(313)) - a8cea552-2699-45ae-8278-4317896b9350-SegmentedRaftLogWorker:Storage Directory /workdir/hadoop-ozone/integration-test/target/test-dir/MiniOzoneClusterImpl-8c37849b-ee6b-479b-81cf-86fe5980264c/datanode-0/data/ratis/b7fcdbac-69a1-44af-aaca-46e84fbd1cd6 was interrupted, exiting. There are 0 tasks remaining in the queue.
2019-07-14 08:39:02,710 INFO  segmented.SegmentedRaftLogWorker (SegmentedRaftLogWorker.java:run(313)) - f8f717d9-fa08-4b11-80ff-252fbec0febd-SegmentedRaftLogWorker:Storage Directory /workdir/hadoop-ozone/integration-test/target/test-dir/MiniOzoneClusterImpl-8c37849b-ee6b-479b-81cf-86fe5980264c/datanode-6/data/ratis/96b2ef7a-f28b-4df2-a937-7a4d5faacd80 was interrupted, exiting. There are 0 tasks remaining in the queue.
2019-07-14 08:39:02,710 INFO  segmented.SegmentedRaftLogWorker (SegmentedRaftLogWorker.java:close(228)) - a8cea552-2699-45ae-8278-4317896b9350-SegmentedRaftLogWorker:Storage Directory /workdir/hadoop-ozone/integration-test/target/test-dir/MiniOzoneClusterImpl-8c37849b-ee6b-479b-81cf-86fe5980264c/datanode-0/data/ratis/b7fcdbac-69a1-44af-aaca-46e84fbd1cd6 close()
2019-07-14 08:39:02,710 INFO  segmented.SegmentedRaftLogWorker (SegmentedRaftLogWorker.java:close(228)) - f8f717d9-fa08-4b11-80ff-252fbec0febd-SegmentedRaftLogWorker:Storage Directory /workdir/hadoop-ozone/integration-test/target/test-dir/MiniOzoneClusterImpl-8c37849b-ee6b-479b-81cf-86fe5980264c/datanode-6/data/ratis/96b2ef7a-f28b-4df2-a937-7a4d5faacd80 close()
2019-07-14 08:39:02,713 INFO  impl.RaftServerImpl (RaftServerImpl.java:lambda$shutdown$3(245)) - a8cea552-2699-45ae-8278-4317896b9350: shutdown group-DBA10722B97E
2019-07-14 08:39:02,716 INFO  server.GrpcService (GrpcService.java:closeImpl(155)) - f8f717d9-fa08-4b11-80ff-252fbec0febd: shutdown server with port 46821 now
2019-07-14 08:39:02,716 INFO  util.JmxRegister (JmxRegister.java:unregister(73)) - Successfully un-registered JMX Bean with object name Ratis:service=RaftServer,group=group-DBA10722B97E,id=a8cea552-2699-45ae-8278-4317896b9350
2019-07-14 08:39:02,718 INFO  server.GrpcService (GrpcService.java:closeImpl(163)) - f8f717d9-fa08-4b11-80ff-252fbec0febd: shutdown server with port 46821 successfully
2019-07-14 08:39:02,718 INFO  impl.RoleInfo (RoleInfo.java:shutdownFollowerState(121)) - a8cea552-2699-45ae-8278-4317896b9350: shutdown FollowerState
2019-07-14 08:39:02,719 INFO  impl.StateMachineUpdater (StateMachineUpdater.java:stopAndJoin(115)) - StateMachineUpdater:a8cea552-2699-45ae-8278-4317896b9350:group-DBA10722B97E: set stopIndex = 0
2019-07-14 08:39:02,719 INFO  impl.FollowerState (FollowerState.java:run(114)) - a8cea552-2699-45ae-8278-4317896b9350: FollowerState was interrupted: java.lang.InterruptedException: sleep interrupted
2019-07-14 08:39:02,719 INFO  impl.RaftServerImpl (ServerState.java:close(394)) - a8cea552-2699-45ae-8278-4317896b9350:group-DBA10722B97E closes. The last applied log index is 0
2019-07-14 08:39:02,720 INFO  segmented.SegmentedRaftLogWorker (SegmentedRaftLogWorker.java:run(313)) - a8cea552-2699-45ae-8278-4317896b9350-SegmentedRaftLogWorker:Storage Directory /workdir/hadoop-ozone/integration-test/target/test-dir/MiniOzoneClusterImpl-8c37849b-ee6b-479b-81cf-86fe5980264c/datanode-0/data/ratis/b4a5756e-cf1e-4ae1-8a17-dba10722b97e was interrupted, exiting. There are 0 tasks remaining in the queue.
2019-07-14 08:39:02,720 INFO  segmented.SegmentedRaftLogWorker (SegmentedRaftLogWorker.java:close(228)) - a8cea552-2699-45ae-8278-4317896b9350-SegmentedRaftLogWorker:Storage Directory /workdir/hadoop-ozone/integration-test/target/test-dir/MiniOzoneClusterImpl-8c37849b-ee6b-479b-81cf-86fe5980264c/datanode-0/data/ratis/b4a5756e-cf1e-4ae1-8a17-dba10722b97e close()
2019-07-14 08:39:02,722 INFO  server.GrpcService (GrpcService.java:closeImpl(155)) - a8cea552-2699-45ae-8278-4317896b9350: shutdown server with port 42756 now
2019-07-14 08:39:02,725 INFO  server.GrpcService (GrpcService.java:closeImpl(163)) - a8cea552-2699-45ae-8278-4317896b9350: shutdown server with port 42756 successfully
2019-07-14 08:39:02,725 INFO  utils.BackgroundService (BackgroundService.java:shutdown(148)) - Shutting down service BlockDeletingService
2019-07-14 08:39:02,726 INFO  utils.BackgroundService (BackgroundService.java:shutdown(148)) - Shutting down service BlockDeletingService
2019-07-14 08:39:02,729 WARN  fs.CachingGetSpaceUsed (CachingGetSpaceUsed.java:run(183)) - Thread Interrupted waiting to refresh disk information: sleep interrupted
2019-07-14 08:39:02,732 WARN  fs.CachingGetSpaceUsed (CachingGetSpaceUsed.java:run(183)) - Thread Interrupted waiting to refresh disk information: sleep interrupted
2019-07-14 08:39:02,746 INFO  statemachine.DatanodeStateMachine (DatanodeStateMachine.java:stopDaemon(395)) - Ozone container server stopped.
2019-07-14 08:39:02,750 INFO  statemachine.DatanodeStateMachine (DatanodeStateMachine.java:stopDaemon(395)) - Ozone container server stopped.
2019-07-14 08:39:02,761 INFO  handler.ContextHandler (ContextHandler.java:doStop(910)) - Stopped o.e.j.w.WebAppContext@53ed864c{/,null,UNAVAILABLE}{/hddsDatanode}
2019-07-14 08:39:02,762 INFO  handler.ContextHandler (ContextHandler.java:doStop(910)) - Stopped o.e.j.w.WebAppContext@627b5e5b{/,null,UNAVAILABLE}{/hddsDatanode}
2019-07-14 08:39:02,763 INFO  server.AbstractConnector (AbstractConnector.java:doStop(318)) - Stopped ServerConnector@29514616{HTTP/1.1,[http/1.1]}{0.0.0.0:0}
2019-07-14 08:39:02,763 INFO  server.AbstractConnector (AbstractConnector.java:doStop(318)) - Stopped ServerConnector@211ffbd0{HTTP/1.1,[http/1.1]}{0.0.0.0:0}
2019-07-14 08:39:02,763 INFO  handler.ContextHandler (ContextHandler.java:doStop(910)) - Stopped o.e.j.s.ServletContextHandler@3f41a7ab{/static,jar:file:/home/user/.m2/repository/org/apache/hadoop/hadoop-hdds-container-service/0.5.0-SNAPSHOT/hadoop-hdds-container-service-0.5.0-SNAPSHOT.jar!/webapps/static,UNAVAILABLE}
2019-07-14 08:39:02,765 INFO  handler.ContextHandler (ContextHandler.java:doStop(910)) - Stopped o.e.j.s.ServletContextHandler@68f9a4f4{/static,jar:file:/home/user/.m2/repository/org/apache/hadoop/hadoop-hdds-container-service/0.5.0-SNAPSHOT/hadoop-hdds-container-service-0.5.0-SNAPSHOT.jar!/webapps/static,UNAVAILABLE}
2019-07-14 08:39:02,765 INFO  handler.ContextHandler (ContextHandler.java:doStop(910)) - Stopped o.e.j.s.ServletContextHandler@4982b310{/logs,file:///workdir/hadoop-ozone/integration-test/target/log,UNAVAILABLE}
2019-07-14 08:39:02,767 INFO  handler.ContextHandler (ContextHandler.java:doStop(910)) - Stopped o.e.j.s.ServletContextHandler@4f55da9b{/logs,file:///workdir/hadoop-ozone/integration-test/target/log,UNAVAILABLE}
2019-07-14 08:39:02,767 INFO  datanode.ObjectStoreHandler (ObjectStoreHandler.java:close(155)) - Closing ObjectStoreHandler.
2019-07-14 08:39:02,768 INFO  ozone.HddsDatanodeService (HddsDatanodeService.java:stop(452)) - Stopped plug-in org.apache.hadoop.ozone.web.OzoneHddsDatanodeService@3b33b54e
2019-07-14 08:39:03,374 INFO  statemachine.DatanodeStateMachine (DatanodeStateMachine.java:lambda$startDaemon$0(350)) - Ozone container server started.
2019-07-14 08:39:05,502 INFO  impl.FollowerState (FollowerState.java:run(106)) - ec1a8e93-f637-42e2-ad11-c2fb9339dc8c:group-12575AD69176 changes to CANDIDATE, lastRpcTime:5147, electionTimeout:5147ms
2019-07-14 08:39:05,503 INFO  impl.RoleInfo (RoleInfo.java:shutdownFollowerState(121)) - ec1a8e93-f637-42e2-ad11-c2fb9339dc8c: shutdown FollowerState
2019-07-14 08:39:05,503 INFO  impl.RaftServerImpl (RaftServerImpl.java:setRole(171)) - ec1a8e93-f637-42e2-ad11-c2fb9339dc8c:group-12575AD69176 changes role from FOLLOWER to CANDIDATE at term 2 for changeToCandidate
2019-07-14 08:39:05,503 INFO  impl.RoleInfo (RoleInfo.java:updateAndGet(143)) - ec1a8e93-f637-42e2-ad11-c2fb9339dc8c: start LeaderElection
2019-07-14 08:39:05,521 INFO  impl.LeaderElection (LeaderElection.java:askForVotes(181)) - ec1a8e93-f637-42e2-ad11-c2fb9339dc8c:group-12575AD69176:LeaderElection104: begin an election at term 3 for 0: [ee405930-b1f4-4448-af63-adfe72e2c983:192.168.5.191:35939, ec1a8e93-f637-42e2-ad11-c2fb9339dc8c:192.168.5.191:45589, 6bedcca4-5eec-4fa9-8466-1c8e4f91b574:192.168.5.191:46138], old=null
2019-07-14 08:39:05,522 INFO  impl.LeaderElection (LogUtils.java:infoOrTrace(149)) - ec1a8e93-f637-42e2-ad11-c2fb9339dc8c:group-12575AD69176:LeaderElection104 got exception when requesting votes: {}
java.util.concurrent.ExecutionException: org.apache.ratis.thirdparty.io.grpc.StatusRuntimeException: UNAVAILABLE: io exception
	at java.util.concurrent.FutureTask.report(FutureTask.java:122)
	at java.util.concurrent.FutureTask.get(FutureTask.java:192)
	at org.apache.ratis.server.impl.LeaderElection.waitForResults(LeaderElection.java:262)
	at org.apache.ratis.server.impl.LeaderElection.askForVotes(LeaderElection.java:200)
	at org.apache.ratis.server.impl.LeaderElection.run(LeaderElection.java:130)
	at java.lang.Thread.run(Thread.java:748)
Caused by: org.apache.ratis.thirdparty.io.grpc.StatusRuntimeException: UNAVAILABLE: io exception
	at org.apache.ratis.thirdparty.io.grpc.stub.ClientCalls.toStatusRuntimeException(ClientCalls.java:233)
	at org.apache.ratis.thirdparty.io.grpc.stub.ClientCalls.getUnchecked(ClientCalls.java:214)
	at org.apache.ratis.thirdparty.io.grpc.stub.ClientCalls.blockingUnaryCall(ClientCalls.java:139)
	at org.apache.ratis.proto.grpc.RaftServerProtocolServiceGrpc$RaftServerProtocolServiceBlockingStub.requestVote(RaftServerProtocolServiceGrpc.java:265)
	at org.apache.ratis.grpc.server.GrpcServerProtocolClient.requestVote(GrpcServerProtocolClient.java:83)
	at org.apache.ratis.grpc.server.GrpcService.requestVote(GrpcService.java:195)
	at org.apache.ratis.server.impl.LeaderElection.lambda$submitRequests$1(LeaderElection.java:237)
	at java.util.concurrent.FutureTask.run(FutureTask.java:266)
	at java.util.concurrent.Executors$RunnableAdapter.call(Executors.java:511)
	at java.util.concurrent.FutureTask.run(FutureTask.java:266)
	at java.util.concurrent.ThreadPoolExecutor.runWorker(ThreadPoolExecutor.java:1149)
	at java.util.concurrent.ThreadPoolExecutor$Worker.run(ThreadPoolExecutor.java:624)
	... 1 more
Caused by: org.apache.ratis.thirdparty.io.netty.channel.AbstractChannel$AnnotatedConnectException: Connection refused: /192.168.5.191:35939
	at sun.nio.ch.SocketChannelImpl.checkConnect(Native Method)
	at sun.nio.ch.SocketChannelImpl.finishConnect(SocketChannelImpl.java:717)
	at org.apache.ratis.thirdparty.io.netty.channel.socket.nio.NioSocketChannel.doFinishConnect(NioSocketChannel.java:327)
	at org.apache.ratis.thirdparty.io.netty.channel.nio.AbstractNioChannel$AbstractNioUnsafe.finishConnect(AbstractNioChannel.java:340)
	at org.apache.ratis.thirdparty.io.netty.channel.nio.NioEventLoop.processSelectedKey(NioEventLoop.java:632)
	at org.apache.ratis.thirdparty.io.netty.channel.nio.NioEventLoop.processSelectedKeysOptimized(NioEventLoop.java:579)
	at org.apache.ratis.thirdparty.io.netty.channel.nio.NioEventLoop.processSelectedKeys(NioEventLoop.java:496)
	at org.apache.ratis.thirdparty.io.netty.channel.nio.NioEventLoop.run(NioEventLoop.java:458)
	at org.apache.ratis.thirdparty.io.netty.util.concurrent.SingleThreadEventExecutor$5.run(SingleThreadEventExecutor.java:897)
	at org.apache.ratis.thirdparty.io.netty.util.concurrent.FastThreadLocalRunnable.run(FastThreadLocalRunnable.java:30)
	... 1 more
Caused by: java.net.ConnectException: Connection refused
	... 11 more
2019-07-14 08:39:05,524 INFO  impl.LeaderElection (LogUtils.java:infoOrTrace(149)) - ec1a8e93-f637-42e2-ad11-c2fb9339dc8c:group-12575AD69176:LeaderElection104 got exception when requesting votes: {}
java.util.concurrent.ExecutionException: org.apache.ratis.thirdparty.io.grpc.StatusRuntimeException: UNAVAILABLE: io exception
	at java.util.concurrent.FutureTask.report(FutureTask.java:122)
	at java.util.concurrent.FutureTask.get(FutureTask.java:192)
	at org.apache.ratis.server.impl.LeaderElection.waitForResults(LeaderElection.java:262)
	at org.apache.ratis.server.impl.LeaderElection.askForVotes(LeaderElection.java:200)
	at org.apache.ratis.server.impl.LeaderElection.run(LeaderElection.java:130)
	at java.lang.Thread.run(Thread.java:748)
Caused by: org.apache.ratis.thirdparty.io.grpc.StatusRuntimeException: UNAVAILABLE: io exception
	at org.apache.ratis.thirdparty.io.grpc.stub.ClientCalls.toStatusRuntimeException(ClientCalls.java:233)
	at org.apache.ratis.thirdparty.io.grpc.stub.ClientCalls.getUnchecked(ClientCalls.java:214)
	at org.apache.ratis.thirdparty.io.grpc.stub.ClientCalls.blockingUnaryCall(ClientCalls.java:139)
	at org.apache.ratis.proto.grpc.RaftServerProtocolServiceGrpc$RaftServerProtocolServiceBlockingStub.requestVote(RaftServerProtocolServiceGrpc.java:265)
	at org.apache.ratis.grpc.server.GrpcServerProtocolClient.requestVote(GrpcServerProtocolClient.java:83)
	at org.apache.ratis.grpc.server.GrpcService.requestVote(GrpcService.java:195)
	at org.apache.ratis.server.impl.LeaderElection.lambda$submitRequests$1(LeaderElection.java:237)
	at java.util.concurrent.FutureTask.run(FutureTask.java:266)
	at java.util.concurrent.Executors$RunnableAdapter.call(Executors.java:511)
	at java.util.concurrent.FutureTask.run(FutureTask.java:266)
	at java.util.concurrent.ThreadPoolExecutor.runWorker(ThreadPoolExecutor.java:1149)
	at java.util.concurrent.ThreadPoolExecutor$Worker.run(ThreadPoolExecutor.java:624)
	... 1 more
Caused by: org.apache.ratis.thirdparty.io.netty.channel.AbstractChannel$AnnotatedConnectException: Connection refused: /192.168.5.191:46138
	at sun.nio.ch.SocketChannelImpl.checkConnect(Native Method)
	at sun.nio.ch.SocketChannelImpl.finishConnect(SocketChannelImpl.java:717)
	at org.apache.ratis.thirdparty.io.netty.channel.socket.nio.NioSocketChannel.doFinishConnect(NioSocketChannel.java:327)
	at org.apache.ratis.thirdparty.io.netty.channel.nio.AbstractNioChannel$AbstractNioUnsafe.finishConnect(AbstractNioChannel.java:340)
	at org.apache.ratis.thirdparty.io.netty.channel.nio.NioEventLoop.processSelectedKey(NioEventLoop.java:632)
	at org.apache.ratis.thirdparty.io.netty.channel.nio.NioEventLoop.processSelectedKeysOptimized(NioEventLoop.java:579)
	at org.apache.ratis.thirdparty.io.netty.channel.nio.NioEventLoop.processSelectedKeys(NioEventLoop.java:496)
	at org.apache.ratis.thirdparty.io.netty.channel.nio.NioEventLoop.run(NioEventLoop.java:458)
	at org.apache.ratis.thirdparty.io.netty.util.concurrent.SingleThreadEventExecutor$5.run(SingleThreadEventExecutor.java:897)
	at org.apache.ratis.thirdparty.io.netty.util.concurrent.FastThreadLocalRunnable.run(FastThreadLocalRunnable.java:30)
	... 1 more
Caused by: java.net.ConnectException: Connection refused
	... 11 more
2019-07-14 08:39:05,525 INFO  impl.LeaderElection (LeaderElection.java:logAndReturn(56)) - ec1a8e93-f637-42e2-ad11-c2fb9339dc8c:group-12575AD69176:LeaderElection104: Election REJECTED; received 0 response(s) [] and 2 exception(s); ec1a8e93-f637-42e2-ad11-c2fb9339dc8c:t3, leader=null, voted=ec1a8e93-f637-42e2-ad11-c2fb9339dc8c, raftlog=ec1a8e93-f637-42e2-ad11-c2fb9339dc8c-SegmentedRaftLog:OPENED:c33,f33,i33, conf=0: [ee405930-b1f4-4448-af63-adfe72e2c983:192.168.5.191:35939, ec1a8e93-f637-42e2-ad11-c2fb9339dc8c:192.168.5.191:45589, 6bedcca4-5eec-4fa9-8466-1c8e4f91b574:192.168.5.191:46138], old=null
2019-07-14 08:39:05,526 INFO  impl.LeaderElection (LogUtils.java:infoOrTrace(149)) -   Exception 0: {}
java.util.concurrent.ExecutionException: org.apache.ratis.thirdparty.io.grpc.StatusRuntimeException: UNAVAILABLE: io exception
	at java.util.concurrent.FutureTask.report(FutureTask.java:122)
	at java.util.concurrent.FutureTask.get(FutureTask.java:192)
	at org.apache.ratis.server.impl.LeaderElection.waitForResults(LeaderElection.java:262)
	at org.apache.ratis.server.impl.LeaderElection.askForVotes(LeaderElection.java:200)
	at org.apache.ratis.server.impl.LeaderElection.run(LeaderElection.java:130)
	at java.lang.Thread.run(Thread.java:748)
Caused by: org.apache.ratis.thirdparty.io.grpc.StatusRuntimeException: UNAVAILABLE: io exception
	at org.apache.ratis.thirdparty.io.grpc.stub.ClientCalls.toStatusRuntimeException(ClientCalls.java:233)
	at org.apache.ratis.thirdparty.io.grpc.stub.ClientCalls.getUnchecked(ClientCalls.java:214)
	at org.apache.ratis.thirdparty.io.grpc.stub.ClientCalls.blockingUnaryCall(ClientCalls.java:139)
	at org.apache.ratis.proto.grpc.RaftServerProtocolServiceGrpc$RaftServerProtocolServiceBlockingStub.requestVote(RaftServerProtocolServiceGrpc.java:265)
	at org.apache.ratis.grpc.server.GrpcServerProtocolClient.requestVote(GrpcServerProtocolClient.java:83)
	at org.apache.ratis.grpc.server.GrpcService.requestVote(GrpcService.java:195)
	at org.apache.ratis.server.impl.LeaderElection.lambda$submitRequests$1(LeaderElection.java:237)
	at java.util.concurrent.FutureTask.run(FutureTask.java:266)
	at java.util.concurrent.Executors$RunnableAdapter.call(Executors.java:511)
	at java.util.concurrent.FutureTask.run(FutureTask.java:266)
	at java.util.concurrent.ThreadPoolExecutor.runWorker(ThreadPoolExecutor.java:1149)
	at java.util.concurrent.ThreadPoolExecutor$Worker.run(ThreadPoolExecutor.java:624)
	... 1 more
Caused by: org.apache.ratis.thirdparty.io.netty.channel.AbstractChannel$AnnotatedConnectException: Connection refused: /192.168.5.191:35939
	at sun.nio.ch.SocketChannelImpl.checkConnect(Native Method)
	at sun.nio.ch.SocketChannelImpl.finishConnect(SocketChannelImpl.java:717)
	at org.apache.ratis.thirdparty.io.netty.channel.socket.nio.NioSocketChannel.doFinishConnect(NioSocketChannel.java:327)
	at org.apache.ratis.thirdparty.io.netty.channel.nio.AbstractNioChannel$AbstractNioUnsafe.finishConnect(AbstractNioChannel.java:340)
	at org.apache.ratis.thirdparty.io.netty.channel.nio.NioEventLoop.processSelectedKey(NioEventLoop.java:632)
	at org.apache.ratis.thirdparty.io.netty.channel.nio.NioEventLoop.processSelectedKeysOptimized(NioEventLoop.java:579)
	at org.apache.ratis.thirdparty.io.netty.channel.nio.NioEventLoop.processSelectedKeys(NioEventLoop.java:496)
	at org.apache.ratis.thirdparty.io.netty.channel.nio.NioEventLoop.run(NioEventLoop.java:458)
	at org.apache.ratis.thirdparty.io.netty.util.concurrent.SingleThreadEventExecutor$5.run(SingleThreadEventExecutor.java:897)
	at org.apache.ratis.thirdparty.io.netty.util.concurrent.FastThreadLocalRunnable.run(FastThreadLocalRunnable.java:30)
	... 1 more
Caused by: java.net.ConnectException: Connection refused
	... 11 more
2019-07-14 08:39:05,526 INFO  impl.LeaderElection (LogUtils.java:infoOrTrace(149)) -   Exception 1: {}
java.util.concurrent.ExecutionException: org.apache.ratis.thirdparty.io.grpc.StatusRuntimeException: UNAVAILABLE: io exception
	at java.util.concurrent.FutureTask.report(FutureTask.java:122)
	at java.util.concurrent.FutureTask.get(FutureTask.java:192)
	at org.apache.ratis.server.impl.LeaderElection.waitForResults(LeaderElection.java:262)
	at org.apache.ratis.server.impl.LeaderElection.askForVotes(LeaderElection.java:200)
	at org.apache.ratis.server.impl.LeaderElection.run(LeaderElection.java:130)
	at java.lang.Thread.run(Thread.java:748)
Caused by: org.apache.ratis.thirdparty.io.grpc.StatusRuntimeException: UNAVAILABLE: io exception
	at org.apache.ratis.thirdparty.io.grpc.stub.ClientCalls.toStatusRuntimeException(ClientCalls.java:233)
	at org.apache.ratis.thirdparty.io.grpc.stub.ClientCalls.getUnchecked(ClientCalls.java:214)
	at org.apache.ratis.thirdparty.io.grpc.stub.ClientCalls.blockingUnaryCall(ClientCalls.java:139)
	at org.apache.ratis.proto.grpc.RaftServerProtocolServiceGrpc$RaftServerProtocolServiceBlockingStub.requestVote(RaftServerProtocolServiceGrpc.java:265)
	at org.apache.ratis.grpc.server.GrpcServerProtocolClient.requestVote(GrpcServerProtocolClient.java:83)
	at org.apache.ratis.grpc.server.GrpcService.requestVote(GrpcService.java:195)
	at org.apache.ratis.server.impl.LeaderElection.lambda$submitRequests$1(LeaderElection.java:237)
	at java.util.concurrent.FutureTask.run(FutureTask.java:266)
	at java.util.concurrent.Executors$RunnableAdapter.call(Executors.java:511)
	at java.util.concurrent.FutureTask.run(FutureTask.java:266)
	at java.util.concurrent.ThreadPoolExecutor.runWorker(ThreadPoolExecutor.java:1149)
	at java.util.concurrent.ThreadPoolExecutor$Worker.run(ThreadPoolExecutor.java:624)
	... 1 more
Caused by: org.apache.ratis.thirdparty.io.netty.channel.AbstractChannel$AnnotatedConnectException: Connection refused: /192.168.5.191:46138
	at sun.nio.ch.SocketChannelImpl.checkConnect(Native Method)
	at sun.nio.ch.SocketChannelImpl.finishConnect(SocketChannelImpl.java:717)
	at org.apache.ratis.thirdparty.io.netty.channel.socket.nio.NioSocketChannel.doFinishConnect(NioSocketChannel.java:327)
	at org.apache.ratis.thirdparty.io.netty.channel.nio.AbstractNioChannel$AbstractNioUnsafe.finishConnect(AbstractNioChannel.java:340)
	at org.apache.ratis.thirdparty.io.netty.channel.nio.NioEventLoop.processSelectedKey(NioEventLoop.java:632)
	at org.apache.ratis.thirdparty.io.netty.channel.nio.NioEventLoop.processSelectedKeysOptimized(NioEventLoop.java:579)
	at org.apache.ratis.thirdparty.io.netty.channel.nio.NioEventLoop.processSelectedKeys(NioEventLoop.java:496)
	at org.apache.ratis.thirdparty.io.netty.channel.nio.NioEventLoop.run(NioEventLoop.java:458)
	at org.apache.ratis.thirdparty.io.netty.util.concurrent.SingleThreadEventExecutor$5.run(SingleThreadEventExecutor.java:897)
	at org.apache.ratis.thirdparty.io.netty.util.concurrent.FastThreadLocalRunnable.run(FastThreadLocalRunnable.java:30)
	... 1 more
Caused by: java.net.ConnectException: Connection refused
	... 11 more
2019-07-14 08:39:05,526 INFO  impl.RaftServerImpl (RaftServerImpl.java:setRole(171)) - ec1a8e93-f637-42e2-ad11-c2fb9339dc8c:group-12575AD69176 changes role from CANDIDATE to FOLLOWER at term 3 for DISCOVERED_A_NEW_TERM
2019-07-14 08:39:05,526 INFO  impl.RoleInfo (RoleInfo.java:shutdownLeaderElection(134)) - ec1a8e93-f637-42e2-ad11-c2fb9339dc8c: shutdown LeaderElection
2019-07-14 08:39:05,526 INFO  impl.RoleInfo (RoleInfo.java:updateAndGet(143)) - ec1a8e93-f637-42e2-ad11-c2fb9339dc8c: start FollowerState
2019-07-14 08:39:07,406 INFO  node.StaleNodeHandler (StaleNodeHandler.java:onMessage(58)) - Datanode ec1a8e93-f637-42e2-ad11-c2fb9339dc8c{ip: 192.168.5.191, host: trunk-nightly-5z2vd-27108033, networkLocation: /default-rack, certSerialId: null} moved to stale state. Finalizing its pipelines [PipelineID=a64519e4-a9ed-49af-b417-b5b414b11892, PipelineID=04e226ef-7dd7-4202-97f5-12575ad69176]
2019-07-14 08:39:07,406 INFO  pipeline.SCMPipelineManager (SCMPipelineManager.java:finalizeAndDestroyPipeline(309)) - destroying pipeline:Pipeline[ Id: a64519e4-a9ed-49af-b417-b5b414b11892, Nodes: ec1a8e93-f637-42e2-ad11-c2fb9339dc8c{ip: 192.168.5.191, host: trunk-nightly-5z2vd-27108033, networkLocation: /default-rack, certSerialId: null}, Type:RATIS, Factor:ONE, State:OPEN]
2019-07-14 08:39:07,406 INFO  pipeline.PipelineStateManager (PipelineStateManager.java:finalizePipeline(123)) - Pipeline Pipeline[ Id: a64519e4-a9ed-49af-b417-b5b414b11892, Nodes: ec1a8e93-f637-42e2-ad11-c2fb9339dc8c{ip: 192.168.5.191, host: trunk-nightly-5z2vd-27108033, networkLocation: /default-rack, certSerialId: null}, Type:RATIS, Factor:ONE, State:CLOSED] moved to CLOSED state
2019-07-14 08:39:07,407 INFO  pipeline.SCMPipelineManager (SCMPipelineManager.java:finalizeAndDestroyPipeline(309)) - destroying pipeline:Pipeline[ Id: 04e226ef-7dd7-4202-97f5-12575ad69176, Nodes: ee405930-b1f4-4448-af63-adfe72e2c983{ip: 192.168.5.191, host: trunk-nightly-5z2vd-27108033, networkLocation: /default-rack, certSerialId: null}6bedcca4-5eec-4fa9-8466-1c8e4f91b574{ip: 192.168.5.191, host: trunk-nightly-5z2vd-27108033, networkLocation: /default-rack, certSerialId: null}ec1a8e93-f637-42e2-ad11-c2fb9339dc8c{ip: 192.168.5.191, host: trunk-nightly-5z2vd-27108033, networkLocation: /default-rack, certSerialId: null}, Type:RATIS, Factor:THREE, State:CLOSED]
2019-07-14 08:39:07,769 INFO  ozoneimpl.OzoneContainer (OzoneContainer.java:stop(199)) - Attempting to stop container services.
2019-07-14 08:39:07,769 INFO  impl.RaftServerProxy (RaftServerProxy.java:lambda$close$4(314)) - ec1a8e93-f637-42e2-ad11-c2fb9339dc8c: close
2019-07-14 08:39:07,770 INFO  impl.RaftServerImpl (RaftServerImpl.java:lambda$shutdown$3(245)) - ec1a8e93-f637-42e2-ad11-c2fb9339dc8c: shutdown group-B5B414B11892
2019-07-14 08:39:07,770 INFO  impl.RaftServerImpl (RaftServerImpl.java:lambda$shutdown$3(245)) - ec1a8e93-f637-42e2-ad11-c2fb9339dc8c: shutdown group-12575AD69176
2019-07-14 08:39:07,771 INFO  util.JmxRegister (JmxRegister.java:unregister(73)) - Successfully un-registered JMX Bean with object name Ratis:service=RaftServer,group=group-B5B414B11892,id=ec1a8e93-f637-42e2-ad11-c2fb9339dc8c
2019-07-14 08:39:07,771 INFO  util.JmxRegister (JmxRegister.java:unregister(73)) - Successfully un-registered JMX Bean with object name Ratis:service=RaftServer,group=group-12575AD69176,id=ec1a8e93-f637-42e2-ad11-c2fb9339dc8c
2019-07-14 08:39:07,771 INFO  impl.RoleInfo (RoleInfo.java:shutdownLeaderState(104)) - ec1a8e93-f637-42e2-ad11-c2fb9339dc8c: shutdown LeaderState
2019-07-14 08:39:07,771 INFO  impl.RoleInfo (RoleInfo.java:shutdownFollowerState(121)) - ec1a8e93-f637-42e2-ad11-c2fb9339dc8c: shutdown FollowerState
2019-07-14 08:39:07,772 INFO  impl.PendingRequests (PendingRequests.java:sendNotLeaderResponses(202)) - ec1a8e93-f637-42e2-ad11-c2fb9339dc8c-PendingRequests: sendNotLeaderResponses
2019-07-14 08:39:07,772 INFO  impl.FollowerState (FollowerState.java:run(114)) - ec1a8e93-f637-42e2-ad11-c2fb9339dc8c: FollowerState was interrupted: java.lang.InterruptedException: sleep interrupted
2019-07-14 08:39:07,772 INFO  ratis.ContainerStateMachine (ContainerStateMachine.java:takeSnapshot(249)) - group-12575AD69176: Taking a snapshot at:(t:1, i:31) file /workdir/hadoop-ozone/integration-test/target/test-dir/MiniOzoneClusterImpl-8c37849b-ee6b-479b-81cf-86fe5980264c/datanode-5/data/ratis/04e226ef-7dd7-4202-97f5-12575ad69176/sm/snapshot.1_31
2019-07-14 08:39:07,772 INFO  impl.StateMachineUpdater (StateMachineUpdater.java:stopAndJoin(115)) - StateMachineUpdater:ec1a8e93-f637-42e2-ad11-c2fb9339dc8c:group-12575AD69176: set stopIndex = 33
2019-07-14 08:39:07,772 INFO  impl.StateMachineUpdater (StateMachineUpdater.java:stopAndJoin(115)) - StateMachineUpdater:ec1a8e93-f637-42e2-ad11-c2fb9339dc8c:group-B5B414B11892: set stopIndex = 0
2019-07-14 08:39:07,773 INFO  ratis.ContainerStateMachine (ContainerStateMachine.java:takeSnapshot(257)) - group-12575AD69176: Finished taking a snapshot at:(t:1, i:31) file:/workdir/hadoop-ozone/integration-test/target/test-dir/MiniOzoneClusterImpl-8c37849b-ee6b-479b-81cf-86fe5980264c/datanode-5/data/ratis/04e226ef-7dd7-4202-97f5-12575ad69176/sm/snapshot.1_31 time:1
2019-07-14 08:39:07,773 INFO  impl.StateMachineUpdater (StateMachineUpdater.java:takeSnapshot(242)) - StateMachineUpdater:ec1a8e93-f637-42e2-ad11-c2fb9339dc8c:group-12575AD69176: Took a snapshot at index 31
2019-07-14 08:39:07,773 INFO  impl.RaftServerImpl (ServerState.java:close(394)) - ec1a8e93-f637-42e2-ad11-c2fb9339dc8c:group-B5B414B11892 closes. The last applied log index is 0
2019-07-14 08:39:07,774 INFO  impl.StateMachineUpdater (StateMachineUpdater.java:lambda$new$0(80)) - StateMachineUpdater:ec1a8e93-f637-42e2-ad11-c2fb9339dc8c:group-12575AD69176: snapshotIndex: updateIncreasingly -1 -> 31
2019-07-14 08:39:07,774 INFO  segmented.SegmentedRaftLogWorker (SegmentedRaftLogWorker.java:run(313)) - ec1a8e93-f637-42e2-ad11-c2fb9339dc8c-SegmentedRaftLogWorker:Storage Directory /workdir/hadoop-ozone/integration-test/target/test-dir/MiniOzoneClusterImpl-8c37849b-ee6b-479b-81cf-86fe5980264c/datanode-5/data/ratis/a64519e4-a9ed-49af-b417-b5b414b11892 was interrupted, exiting. There are 0 tasks remaining in the queue.
2019-07-14 08:39:07,774 INFO  impl.RaftServerImpl (ServerState.java:close(394)) - ec1a8e93-f637-42e2-ad11-c2fb9339dc8c:group-12575AD69176 closes. The last applied log index is 33
2019-07-14 08:39:07,774 INFO  segmented.SegmentedRaftLogWorker (SegmentedRaftLogWorker.java:close(228)) - ec1a8e93-f637-42e2-ad11-c2fb9339dc8c-SegmentedRaftLogWorker:Storage Directory /workdir/hadoop-ozone/integration-test/target/test-dir/MiniOzoneClusterImpl-8c37849b-ee6b-479b-81cf-86fe5980264c/datanode-5/data/ratis/a64519e4-a9ed-49af-b417-b5b414b11892 close()
2019-07-14 08:39:07,775 INFO  segmented.SegmentedRaftLogWorker (SegmentedRaftLogWorker.java:run(313)) - ec1a8e93-f637-42e2-ad11-c2fb9339dc8c-SegmentedRaftLogWorker:Storage Directory /workdir/hadoop-ozone/integration-test/target/test-dir/MiniOzoneClusterImpl-8c37849b-ee6b-479b-81cf-86fe5980264c/datanode-5/data/ratis/04e226ef-7dd7-4202-97f5-12575ad69176 was interrupted, exiting. There are 0 tasks remaining in the queue.
2019-07-14 08:39:07,777 INFO  segmented.SegmentedRaftLogWorker (SegmentedRaftLogWorker.java:close(228)) - ec1a8e93-f637-42e2-ad11-c2fb9339dc8c-SegmentedRaftLogWorker:Storage Directory /workdir/hadoop-ozone/integration-test/target/test-dir/MiniOzoneClusterImpl-8c37849b-ee6b-479b-81cf-86fe5980264c/datanode-5/data/ratis/04e226ef-7dd7-4202-97f5-12575ad69176 close()
2019-07-14 08:39:07,778 INFO  server.GrpcService (GrpcService.java:closeImpl(155)) - ec1a8e93-f637-42e2-ad11-c2fb9339dc8c: shutdown server with port 45589 now
2019-07-14 08:39:07,778 INFO  server.GrpcService (GrpcService.java:closeImpl(163)) - ec1a8e93-f637-42e2-ad11-c2fb9339dc8c: shutdown server with port 45589 successfully
2019-07-14 08:39:07,780 INFO  utils.BackgroundService (BackgroundService.java:shutdown(148)) - Shutting down service BlockDeletingService
2019-07-14 08:39:07,783 WARN  fs.CachingGetSpaceUsed (CachingGetSpaceUsed.java:run(183)) - Thread Interrupted waiting to refresh disk information: sleep interrupted
2019-07-14 08:39:07,798 INFO  statemachine.DatanodeStateMachine (DatanodeStateMachine.java:stopDaemon(395)) - Ozone container server stopped.
2019-07-14 08:39:07,810 INFO  handler.ContextHandler (ContextHandler.java:doStop(910)) - Stopped o.e.j.w.WebAppContext@4cee91b{/,null,UNAVAILABLE}{/hddsDatanode}
2019-07-14 08:39:07,811 INFO  server.AbstractConnector (AbstractConnector.java:doStop(318)) - Stopped ServerConnector@7b70596d{HTTP/1.1,[http/1.1]}{0.0.0.0:0}
2019-07-14 08:39:07,811 INFO  handler.ContextHandler (ContextHandler.java:doStop(910)) - Stopped o.e.j.s.ServletContextHandler@32c8df0b{/static,jar:file:/home/user/.m2/repository/org/apache/hadoop/hadoop-hdds-container-service/0.5.0-SNAPSHOT/hadoop-hdds-container-service-0.5.0-SNAPSHOT.jar!/webapps/static,UNAVAILABLE}
2019-07-14 08:39:07,812 INFO  handler.ContextHandler (ContextHandler.java:doStop(910)) - Stopped o.e.j.s.ServletContextHandler@1b3aa246{/logs,file:///workdir/hadoop-ozone/integration-test/target/log,UNAVAILABLE}
2019-07-14 08:39:07,813 INFO  ozone.MiniOzoneClusterImpl (MiniOzoneClusterImpl.java:stop(353)) - Stopping the StorageContainerManager
2019-07-14 08:39:07,813 INFO  server.StorageContainerManager (StorageContainerManager.java:stop(796)) - Stopping Replication Manager Service.
2019-07-14 08:39:07,813 INFO  container.ReplicationManager (ReplicationManager.java:stop(187)) - Stopping Replication Monitor Thread.
2019-07-14 08:39:07,814 INFO  server.StorageContainerManager (StorageContainerManager.java:stop(803)) - Stopping Lease Manager of the command watchers
2019-07-14 08:39:07,814 INFO  server.StorageContainerManager (StorageContainerManager.java:stop(810)) - Stopping datanode service RPC server
2019-07-14 08:39:07,814 INFO  server.SCMDatanodeProtocolServer (SCMDatanodeProtocolServer.java:stop(375)) - Stopping the RPC server for DataNodes
2019-07-14 08:39:07,814 INFO  ipc.Server (Server.java:stop(3082)) - Stopping server on 35074
2019-07-14 08:39:07,817 INFO  ipc.Server (Server.java:run(1185)) - Stopping IPC Server listener on 35074
2019-07-14 08:39:07,818 INFO  ipc.Server (Server.java:run(1319)) - Stopping IPC Server Responder
2019-07-14 08:39:07,906 WARN  node.NodeStateManager (NodeStateManager.java:scheduleNextHealthCheck(631)) - Current Thread is interrupted, shutting down HB processing thread for Node Manager.
2019-07-14 08:39:07,906 INFO  server.StorageContainerManager (StorageContainerManager.java:stop(818)) - Stopping block service RPC server
2019-07-14 08:39:07,907 INFO  server.SCMBlockProtocolServer (SCMBlockProtocolServer.java:stop(148)) - Stopping the RPC server for Block Protocol
2019-07-14 08:39:07,907 INFO  ipc.Server (Server.java:stop(3082)) - Stopping server on 39266
2019-07-14 08:39:07,909 INFO  ipc.Server (Server.java:run(1185)) - Stopping IPC Server listener on 39266
2019-07-14 08:39:07,909 INFO  server.StorageContainerManager (StorageContainerManager.java:stop(825)) - Stopping the StorageContainerLocationProtocol RPC server
2019-07-14 08:39:07,910 INFO  server.SCMClientProtocolServer (SCMClientProtocolServer.java:stop(157)) - Stopping the RPC server for Client Protocol
2019-07-14 08:39:07,910 INFO  ipc.Server (Server.java:stop(3082)) - Stopping server on 38694
2019-07-14 08:39:07,910 INFO  ipc.Server (Server.java:run(1319)) - Stopping IPC Server Responder
2019-07-14 08:39:07,913 INFO  ipc.Server (Server.java:run(1185)) - Stopping IPC Server listener on 38694
2019-07-14 08:39:07,913 INFO  server.StorageContainerManager (StorageContainerManager.java:stop(832)) - Stopping Storage Container Manager HTTP server.
2019-07-14 08:39:07,915 INFO  ipc.Server (Server.java:run(1319)) - Stopping IPC Server Responder
2019-07-14 08:39:07,916 INFO  handler.ContextHandler (ContextHandler.java:doStop(910)) - Stopped o.e.j.w.WebAppContext@43f670f3{/,null,UNAVAILABLE}{/scm}
2019-07-14 08:39:07,916 INFO  server.AbstractConnector (AbstractConnector.java:doStop(318)) - Stopped ServerConnector@6311640d{HTTP/1.1,[http/1.1]}{0.0.0.0:0}
2019-07-14 08:39:07,917 INFO  handler.ContextHandler (ContextHandler.java:doStop(910)) - Stopped o.e.j.s.ServletContextHandler@56f3f9da{/static,file:///workdir/hadoop-ozone/integration-test/target/test-classes/webapps/static,UNAVAILABLE}
2019-07-14 08:39:07,917 INFO  handler.ContextHandler (ContextHandler.java:doStop(910)) - Stopped o.e.j.s.ServletContextHandler@2f0b7b6d{/logs,file:///workdir/hadoop-ozone/integration-test/target/log,UNAVAILABLE}
2019-07-14 08:39:07,918 INFO  server.StorageContainerManager (StorageContainerManager.java:stop(843)) - Stopping Block Manager Service.
2019-07-14 08:39:07,919 INFO  utils.BackgroundService (BackgroundService.java:shutdown(148)) - Shutting down service SCMBlockDeletingService
2019-07-14 08:39:07,919 INFO  utils.BackgroundService (BackgroundService.java:shutdown(148)) - Shutting down service SCMBlockDeletingService
2019-07-14 08:39:07,919 INFO  server.StorageContainerManager (StorageContainerManager.java:stop(865)) - Stopping SCM Event Queue.
2019-07-14 08:39:07,923 INFO  impl.MetricsSystemImpl (MetricsSystemImpl.java:stop(210)) - Stopping HddsDatanode metrics system...
2019-07-14 08:39:07,934 INFO  impl.MetricsSystemImpl (MetricsSystemImpl.java:stop(216)) - HddsDatanode metrics system stopped.
]]></system-out>
    <system-err><![CDATA[Jul 14, 2019 8:38:34 AM com.sun.jersey.server.impl.application.WebApplicationImpl _initiate
INFO: Initiating Jersey application, version 'Jersey: 1.19 02/11/2015 03:25 AM'
Jul 14, 2019 8:38:35 AM com.sun.jersey.server.impl.application.WebApplicationImpl _initiate
INFO: Initiating Jersey application, version 'Jersey: 1.19 02/11/2015 03:25 AM'
Jul 14, 2019 8:38:35 AM com.sun.jersey.server.impl.application.WebApplicationImpl _initiate
INFO: Initiating Jersey application, version 'Jersey: 1.19 02/11/2015 03:25 AM'
Jul 14, 2019 8:38:35 AM com.sun.jersey.server.impl.application.WebApplicationImpl _initiate
INFO: Initiating Jersey application, version 'Jersey: 1.19 02/11/2015 03:25 AM'
Jul 14, 2019 8:38:35 AM com.sun.jersey.server.impl.application.WebApplicationImpl _initiate
INFO: Initiating Jersey application, version 'Jersey: 1.19 02/11/2015 03:25 AM'
Jul 14, 2019 8:38:35 AM com.sun.jersey.server.impl.application.WebApplicationImpl _initiate
INFO: Initiating Jersey application, version 'Jersey: 1.19 02/11/2015 03:25 AM'
Jul 14, 2019 8:38:36 AM com.sun.jersey.server.impl.application.WebApplicationImpl _initiate
INFO: Initiating Jersey application, version 'Jersey: 1.19 02/11/2015 03:25 AM'
Jul 14, 2019 8:38:39 AM org.apache.ratis.thirdparty.io.grpc.internal.ManagedChannelOrphanWrapper$ManagedChannelReference cleanQueue
SEVERE: *~*~*~ Channel ManagedChannelImpl{logId=3412, target=192.168.5.191:33243} was not shutdown properly!!! ~*~*~*
    Make sure to call shutdown()/shutdownNow() and wait until awaitTermination() returns true.
java.lang.RuntimeException: ManagedChannel allocation site
	at org.apache.ratis.thirdparty.io.grpc.internal.ManagedChannelOrphanWrapper$ManagedChannelReference.<init>(ManagedChannelOrphanWrapper.java:103)
	at org.apache.ratis.thirdparty.io.grpc.internal.ManagedChannelOrphanWrapper.<init>(ManagedChannelOrphanWrapper.java:53)
	at org.apache.ratis.thirdparty.io.grpc.internal.ManagedChannelOrphanWrapper.<init>(ManagedChannelOrphanWrapper.java:44)
	at org.apache.ratis.thirdparty.io.grpc.internal.AbstractManagedChannelImplBuilder.build(AbstractManagedChannelImplBuilder.java:411)
	at org.apache.ratis.grpc.client.GrpcClientProtocolClient.<init>(GrpcClientProtocolClient.java:119)
	at org.apache.ratis.grpc.client.GrpcClientRpc.lambda$new$0(GrpcClientRpc.java:55)
	at org.apache.ratis.util.PeerProxyMap$PeerAndProxy.lambda$getProxy$0(PeerProxyMap.java:61)
	at org.apache.ratis.util.LifeCycle.startAndTransition(LifeCycle.java:202)
	at org.apache.ratis.util.PeerProxyMap$PeerAndProxy.getProxy(PeerProxyMap.java:60)
	at org.apache.ratis.util.PeerProxyMap.getProxy(PeerProxyMap.java:107)
	at org.apache.ratis.grpc.client.GrpcClientRpc.sendRequestAsync(GrpcClientRpc.java:66)
	at org.apache.ratis.client.impl.OrderedAsync.sendRequest(OrderedAsync.java:208)
	at org.apache.ratis.client.impl.OrderedAsync.sendRequestWithRetry(OrderedAsync.java:169)
	at org.apache.ratis.util.SlidingWindow$Client.sendOrDelayRequest(SlidingWindow.java:278)
	at org.apache.ratis.util.SlidingWindow$Client.retry(SlidingWindow.java:294)
	at org.apache.ratis.client.impl.OrderedAsync.lambda$scheduleWithTimeout$7(OrderedAsync.java:195)
	at org.apache.ratis.util.TimeoutScheduler.lambda$onTimeout$0(TimeoutScheduler.java:85)
	at org.apache.ratis.util.TimeoutScheduler.lambda$onTimeout$1(TimeoutScheduler.java:104)
	at org.apache.ratis.util.LogUtils.runAndLog(LogUtils.java:50)
	at org.apache.ratis.util.LogUtils$1.run(LogUtils.java:91)
	at java.util.concurrent.Executors$RunnableAdapter.call(Executors.java:511)
	at java.util.concurrent.FutureTask.run(FutureTask.java:266)
	at java.util.concurrent.ScheduledThreadPoolExecutor$ScheduledFutureTask.access$201(ScheduledThreadPoolExecutor.java:180)
	at java.util.concurrent.ScheduledThreadPoolExecutor$ScheduledFutureTask.run(ScheduledThreadPoolExecutor.java:293)
	at java.util.concurrent.ThreadPoolExecutor.runWorker(ThreadPoolExecutor.java:1149)
	at java.util.concurrent.ThreadPoolExecutor$Worker.run(ThreadPoolExecutor.java:624)
	at java.lang.Thread.run(Thread.java:748)

]]></system-err>
  </testcase>
  <testcase name="testExceptionDuringClose" classname="org.apache.hadoop.ozone.client.rpc.TestBlockOutputStreamWithFailures" time="35.506">
    <error type="java.lang.IllegalArgumentException">java.lang.IllegalArgumentException
	at com.google.common.base.Preconditions.checkArgument(Preconditions.java:72)
	at org.apache.hadoop.hdds.scm.XceiverClientManager.acquireClient(XceiverClientManager.java:150)
	at org.apache.hadoop.hdds.scm.XceiverClientManager.acquireClientForReadData(XceiverClientManager.java:143)
	at org.apache.hadoop.hdds.scm.storage.BlockInputStream.getChunkInfos(BlockInputStream.java:154)
	at org.apache.hadoop.hdds.scm.storage.BlockInputStream.initialize(BlockInputStream.java:118)
	at org.apache.hadoop.hdds.scm.storage.BlockInputStream.read(BlockInputStream.java:222)
	at org.apache.hadoop.ozone.client.io.KeyInputStream.read(KeyInputStream.java:171)
	at org.apache.hadoop.ozone.client.io.OzoneInputStream.read(OzoneInputStream.java:47)
	at java.io.InputStream.read(InputStream.java:101)
	at org.apache.hadoop.ozone.container.ContainerTestHelper.validateData(ContainerTestHelper.java:709)
	at org.apache.hadoop.ozone.client.rpc.TestBlockOutputStreamWithFailures.validateData(TestBlockOutputStreamWithFailures.java:1212)
	at org.apache.hadoop.ozone.client.rpc.TestBlockOutputStreamWithFailures.testExceptionDuringClose(TestBlockOutputStreamWithFailures.java:773)
	at sun.reflect.NativeMethodAccessorImpl.invoke0(Native Method)
	at sun.reflect.NativeMethodAccessorImpl.invoke(NativeMethodAccessorImpl.java:62)
	at sun.reflect.DelegatingMethodAccessorImpl.invoke(DelegatingMethodAccessorImpl.java:43)
	at java.lang.reflect.Method.invoke(Method.java:498)
	at org.junit.runners.model.FrameworkMethod$1.runReflectiveCall(FrameworkMethod.java:47)
	at org.junit.internal.runners.model.ReflectiveCallable.run(ReflectiveCallable.java:12)
	at org.junit.runners.model.FrameworkMethod.invokeExplosively(FrameworkMethod.java:44)
	at org.junit.internal.runners.statements.InvokeMethod.evaluate(InvokeMethod.java:17)
	at org.junit.internal.runners.statements.RunBefores.evaluate(RunBefores.java:26)
	at org.junit.internal.runners.statements.RunAfters.evaluate(RunAfters.java:27)
	at org.junit.runners.ParentRunner.runLeaf(ParentRunner.java:271)
	at org.junit.runners.BlockJUnit4ClassRunner.runChild(BlockJUnit4ClassRunner.java:70)
	at org.junit.runners.BlockJUnit4ClassRunner.runChild(BlockJUnit4ClassRunner.java:50)
	at org.junit.runners.ParentRunner$3.run(ParentRunner.java:238)
	at org.junit.runners.ParentRunner$1.schedule(ParentRunner.java:63)
	at org.junit.runners.ParentRunner.runChildren(ParentRunner.java:236)
	at org.junit.runners.ParentRunner.access$000(ParentRunner.java:53)
	at org.junit.runners.ParentRunner$2.evaluate(ParentRunner.java:229)
	at org.junit.runners.ParentRunner.run(ParentRunner.java:309)
	at org.apache.maven.surefire.junit4.JUnit4Provider.execute(JUnit4Provider.java:365)
	at org.apache.maven.surefire.junit4.JUnit4Provider.executeWithRerun(JUnit4Provider.java:273)
	at org.apache.maven.surefire.junit4.JUnit4Provider.executeTestSet(JUnit4Provider.java:238)
	at org.apache.maven.surefire.junit4.JUnit4Provider.invoke(JUnit4Provider.java:159)
	at org.apache.maven.surefire.booter.ForkedBooter.invokeProviderInSameClassLoader(ForkedBooter.java:384)
	at org.apache.maven.surefire.booter.ForkedBooter.runSuitesInProcess(ForkedBooter.java:345)
	at org.apache.maven.surefire.booter.ForkedBooter.execute(ForkedBooter.java:126)
	at org.apache.maven.surefire.booter.ForkedBooter.main(ForkedBooter.java:418)
</error>
    <system-out><![CDATA[2019-07-14 08:39:07,981 WARN  server.ServerUtils (ServerUtils.java:getScmDbDir(145)) - ozone.scm.db.dirs is not configured. We recommend adding this setting. Falling back to ozone.metadata.dirs instead.
2019-07-14 08:39:08,008 WARN  server.ServerUtils (ServerUtils.java:getScmDbDir(145)) - ozone.scm.db.dirs is not configured. We recommend adding this setting. Falling back to ozone.metadata.dirs instead.
2019-07-14 08:39:08,009 WARN  server.ServerUtils (ServerUtils.java:getScmDbDir(145)) - ozone.scm.db.dirs is not configured. We recommend adding this setting. Falling back to ozone.metadata.dirs instead.
2019-07-14 08:39:08,009 INFO  db.DBStoreBuilder (DBStoreBuilder.java:addTable(110)) - using custom profile for table: deletedBlocks
2019-07-14 08:39:08,009 INFO  db.DBStoreBuilder (DBStoreBuilder.java:processTables(161)) - Using default column profile:DBProfile.DISK for Table:deletedBlocks
2019-07-14 08:39:08,010 INFO  db.DBStoreBuilder (DBStoreBuilder.java:addTable(110)) - using custom profile for table: validCerts
2019-07-14 08:39:08,010 INFO  db.DBStoreBuilder (DBStoreBuilder.java:processTables(161)) - Using default column profile:DBProfile.DISK for Table:validCerts
2019-07-14 08:39:08,010 INFO  db.DBStoreBuilder (DBStoreBuilder.java:addTable(110)) - using custom profile for table: revokedCerts
2019-07-14 08:39:08,010 INFO  db.DBStoreBuilder (DBStoreBuilder.java:processTables(161)) - Using default column profile:DBProfile.DISK for Table:revokedCerts
2019-07-14 08:39:08,011 INFO  db.DBStoreBuilder (DBStoreBuilder.java:addTable(110)) - using custom profile for table: default
2019-07-14 08:39:08,011 INFO  db.DBStoreBuilder (DBStoreBuilder.java:processTables(167)) - Using default column profile:DBProfile.DISK for Table:default
2019-07-14 08:39:08,011 INFO  db.DBStoreBuilder (DBStoreBuilder.java:getDbProfile(198)) - Using default options. DBProfile.DISK
2019-07-14 08:39:08,167 INFO  net.NodeSchemaLoader (NodeSchemaLoader.java:loadSchemaFromFile(125)) - Loading file from sun.misc.CompoundEnumeration@59171a5d
2019-07-14 08:39:08,168 INFO  net.NodeSchemaLoader (NodeSchemaLoader.java:loadSchema(171)) - Loading network topology layer schema file
2019-07-14 08:39:08,175 INFO  node.SCMNodeManager (SCMNodeManager.java:<init>(119)) - Entering startup safe mode.
2019-07-14 08:39:08,176 WARN  server.ServerUtils (ServerUtils.java:getScmDbDir(145)) - ozone.scm.db.dirs is not configured. We recommend adding this setting. Falling back to ozone.metadata.dirs instead.
2019-07-14 08:39:08,200 INFO  pipeline.SCMPipelineManager (SCMPipelineManager.java:initializePipelineState(126)) - No pipeline exists in current db
2019-07-14 08:39:08,200 WARN  server.ServerUtils (ServerUtils.java:getScmDbDir(145)) - ozone.scm.db.dirs is not configured. We recommend adding this setting. Falling back to ozone.metadata.dirs instead.
2019-07-14 08:39:08,229 WARN  events.EventQueue (EventQueue.java:fireEvent(175)) - No event handler registered for event TypedEvent{payloadType=SafeModeStatus, name='SafeModeStatus'}
2019-07-14 08:39:08,230 INFO  ipc.CallQueueManager (CallQueueManager.java:<init>(84)) - Using callQueue: class java.util.concurrent.LinkedBlockingQueue, queueCapacity: 2000, scheduler: class org.apache.hadoop.ipc.DefaultRpcScheduler, ipcBackoff: false.
2019-07-14 08:39:08,231 INFO  ipc.Server (Server.java:run(1074)) - Starting Socket Reader #1 for port 42445
2019-07-14 08:39:08,233 INFO  ipc.CallQueueManager (CallQueueManager.java:<init>(84)) - Using callQueue: class java.util.concurrent.LinkedBlockingQueue, queueCapacity: 2000, scheduler: class org.apache.hadoop.ipc.DefaultRpcScheduler, ipcBackoff: false.
2019-07-14 08:39:08,234 INFO  ipc.Server (Server.java:run(1074)) - Starting Socket Reader #1 for port 42064
2019-07-14 08:39:08,237 INFO  ipc.CallQueueManager (CallQueueManager.java:<init>(84)) - Using callQueue: class java.util.concurrent.LinkedBlockingQueue, queueCapacity: 2000, scheduler: class org.apache.hadoop.ipc.DefaultRpcScheduler, ipcBackoff: false.
2019-07-14 08:39:08,238 INFO  ipc.Server (Server.java:run(1074)) - Starting Socket Reader #1 for port 45387
2019-07-14 08:39:08,241 INFO  hdfs.DFSUtil (DFSUtil.java:httpServerTemplateForNNAndJN(1641)) - Starting Web-server for scm at: http://0.0.0.0:0
2019-07-14 08:39:08,244 INFO  server.AuthenticationFilter (AuthenticationFilter.java:constructSecretProvider(240)) - Unable to initialize FileSignerSecretProvider, falling back to use random secrets.
2019-07-14 08:39:08,245 WARN  http.HttpRequestLog (HttpRequestLog.java:getRequestLog(97)) - Jetty request log can only be enabled using Log4j
2019-07-14 08:39:08,247 INFO  http.HttpServer2 (HttpServer2.java:addGlobalFilter(975)) - Added global filter 'safety' (class=org.apache.hadoop.http.HttpServer2$QuotingInputFilter)
2019-07-14 08:39:08,247 INFO  http.HttpServer2 (HttpServer2.java:addFilter(948)) - Added filter static_user_filter (class=org.apache.hadoop.http.lib.StaticUserWebFilter$StaticUserFilter) to context scm
2019-07-14 08:39:08,248 INFO  http.HttpServer2 (HttpServer2.java:addFilter(958)) - Added filter static_user_filter (class=org.apache.hadoop.http.lib.StaticUserWebFilter$StaticUserFilter) to context static
2019-07-14 08:39:08,248 INFO  http.HttpServer2 (HttpServer2.java:addFilter(958)) - Added filter static_user_filter (class=org.apache.hadoop.http.lib.StaticUserWebFilter$StaticUserFilter) to context logs
2019-07-14 08:39:08,250 INFO  server.StorageContainerManager (StorageContainerManager.java:start(759)) - StorageContainerLocationProtocol RPC server is listening at /0.0.0.0:45387
2019-07-14 08:39:08,252 WARN  impl.MetricsConfig (MetricsConfig.java:loadFirst(134)) - Cannot locate configuration: tried hadoop-metrics2-storagecontainermanager.properties,hadoop-metrics2.properties
2019-07-14 08:39:08,253 INFO  impl.MetricsSystemImpl (MetricsSystemImpl.java:startTimer(374)) - Scheduled Metric snapshot period at 10 second(s).
2019-07-14 08:39:08,253 INFO  impl.MetricsSystemImpl (MetricsSystemImpl.java:start(191)) - StorageContainerManager metrics system started
2019-07-14 08:39:08,317 INFO  server.SCMClientProtocolServer (SCMClientProtocolServer.java:start(149)) - RPC server for Client  is listening at /0.0.0.0:45387
2019-07-14 08:39:08,318 INFO  ipc.Server (Server.java:run(1314)) - IPC Server Responder: starting
2019-07-14 08:39:08,318 INFO  ipc.Server (Server.java:run(1153)) - IPC Server listener on 45387: starting
2019-07-14 08:39:08,322 INFO  server.StorageContainerManager (StorageContainerManager.java:start(768)) - ScmBlockLocationProtocol RPC server is listening at /0.0.0.0:42064
2019-07-14 08:39:08,323 INFO  server.SCMBlockProtocolServer (SCMBlockProtocolServer.java:start(140)) - RPC server for Block Protocol is listening at /0.0.0.0:42064
2019-07-14 08:39:08,323 INFO  ipc.Server (Server.java:run(1314)) - IPC Server Responder: starting
2019-07-14 08:39:08,323 INFO  ipc.Server (Server.java:run(1153)) - IPC Server listener on 42064: starting
2019-07-14 08:39:08,327 INFO  server.StorageContainerManager (StorageContainerManager.java:start(772)) - ScmDatanodeProtocl RPC server is listening at /0.0.0.0:42445
2019-07-14 08:39:08,327 INFO  server.SCMDatanodeProtocolServer (SCMDatanodeProtocolServer.java:start(191)) - RPC server for DataNodes is listening at /0.0.0.0:42445
2019-07-14 08:39:08,328 INFO  ipc.Server (Server.java:run(1314)) - IPC Server Responder: starting
2019-07-14 08:39:08,328 INFO  ipc.Server (Server.java:run(1153)) - IPC Server listener on 42445: starting
2019-07-14 08:39:08,331 INFO  http.HttpServer2 (HttpServer2.java:bindListener(1191)) - Jetty bound to port 40180
2019-07-14 08:39:08,332 INFO  server.Server (Server.java:doStart(351)) - jetty-9.3.24.v20180605, build timestamp: 2018-06-05T17:11:56Z, git hash: 84205aa28f11a4f31f2a3b86d1bba2cc8ab69827
2019-07-14 08:39:08,334 INFO  handler.ContextHandler (ContextHandler.java:doStart(781)) - Started o.e.j.s.ServletContextHandler@7b5ffde0{/logs,file:///workdir/hadoop-ozone/integration-test/target/log,AVAILABLE}
2019-07-14 08:39:08,334 INFO  handler.ContextHandler (ContextHandler.java:doStart(781)) - Started o.e.j.s.ServletContextHandler@550a78ed{/static,file:///workdir/hadoop-ozone/integration-test/target/test-classes/webapps/static,AVAILABLE}
2019-07-14 08:39:08,340 INFO  handler.ContextHandler (ContextHandler.java:doStart(781)) - Started o.e.j.w.WebAppContext@1ab64f66{/,file:///workdir/hadoop-ozone/integration-test/target/test-classes/webapps/scm/,AVAILABLE}{/scm}
2019-07-14 08:39:08,340 INFO  server.AbstractConnector (AbstractConnector.java:doStart(278)) - Started ServerConnector@23595dd9{HTTP/1.1,[http/1.1]}{0.0.0.0:40180}
2019-07-14 08:39:08,344 INFO  server.Server (Server.java:doStart(419)) - Started @706568ms
2019-07-14 08:39:08,346 INFO  server.BaseHttpServer (BaseHttpServer.java:updateConnectorAddress(207)) - HTTP server of SCM is listening at http://0.0.0.0:40180
2019-07-14 08:39:08,347 WARN  server.ServerUtils (ServerUtils.java:getDBPath(222)) - ozone.om.db.dirs is not configured. We recommend adding this setting. Falling back to ozone.metadata.dirs instead.
2019-07-14 08:39:08,349 INFO  util.JvmPauseMonitor (JvmPauseMonitor.java:run(188)) - Starting JVM pause monitor
2019-07-14 08:39:08,353 WARN  server.ServerUtils (ServerUtils.java:getDBPath(222)) - ozone.om.db.dirs is not configured. We recommend adding this setting. Falling back to ozone.metadata.dirs instead.
2019-07-14 08:39:08,354 INFO  om.OzoneManager (OzoneManager.java:setOMNodeDetails(630)) - OM Service ID is not set. Setting it to the default ID: omServiceIdDefault
2019-07-14 08:39:08,354 INFO  om.OzoneManager (OzoneManager.java:setOMNodeDetails(636)) - OM Node ID is not set. Setting it to the OmStorage's OmID: 2b3c46a8-5687-4618-aad9-adf9e8f9c3ba
2019-07-14 08:39:08,354 INFO  om.OzoneManager (OzoneManager.java:loadOMHAConfigs(587)) - Found matching OM address with OMServiceId: null, OMNodeId: null, RPC Address: localhost:0 and Ratis port: 9872
2019-07-14 08:39:08,361 WARN  server.ServerUtils (ServerUtils.java:getDBPath(222)) - ozone.om.db.dirs is not configured. We recommend adding this setting. Falling back to ozone.metadata.dirs instead.
2019-07-14 08:39:08,362 INFO  db.DBStoreBuilder (DBStoreBuilder.java:addTable(110)) - using custom profile for table: userTable
2019-07-14 08:39:08,362 INFO  db.DBStoreBuilder (DBStoreBuilder.java:processTables(161)) - Using default column profile:DBProfile.DISK for Table:userTable
2019-07-14 08:39:08,362 INFO  db.DBStoreBuilder (DBStoreBuilder.java:addTable(110)) - using custom profile for table: volumeTable
2019-07-14 08:39:08,362 INFO  db.DBStoreBuilder (DBStoreBuilder.java:processTables(161)) - Using default column profile:DBProfile.DISK for Table:volumeTable
2019-07-14 08:39:08,363 INFO  db.DBStoreBuilder (DBStoreBuilder.java:addTable(110)) - using custom profile for table: bucketTable
2019-07-14 08:39:08,363 INFO  db.DBStoreBuilder (DBStoreBuilder.java:processTables(161)) - Using default column profile:DBProfile.DISK for Table:bucketTable
2019-07-14 08:39:08,363 INFO  db.DBStoreBuilder (DBStoreBuilder.java:addTable(110)) - using custom profile for table: keyTable
2019-07-14 08:39:08,363 INFO  db.DBStoreBuilder (DBStoreBuilder.java:processTables(161)) - Using default column profile:DBProfile.DISK for Table:keyTable
2019-07-14 08:39:08,363 INFO  db.DBStoreBuilder (DBStoreBuilder.java:addTable(110)) - using custom profile for table: deletedTable
2019-07-14 08:39:08,364 INFO  db.DBStoreBuilder (DBStoreBuilder.java:processTables(161)) - Using default column profile:DBProfile.DISK for Table:deletedTable
2019-07-14 08:39:08,364 INFO  db.DBStoreBuilder (DBStoreBuilder.java:addTable(110)) - using custom profile for table: openKeyTable
2019-07-14 08:39:08,364 INFO  db.DBStoreBuilder (DBStoreBuilder.java:processTables(161)) - Using default column profile:DBProfile.DISK for Table:openKeyTable
2019-07-14 08:39:08,364 INFO  db.DBStoreBuilder (DBStoreBuilder.java:addTable(110)) - using custom profile for table: s3Table
2019-07-14 08:39:08,364 INFO  db.DBStoreBuilder (DBStoreBuilder.java:processTables(161)) - Using default column profile:DBProfile.DISK for Table:s3Table
2019-07-14 08:39:08,364 INFO  db.DBStoreBuilder (DBStoreBuilder.java:addTable(110)) - using custom profile for table: multipartInfoTable
2019-07-14 08:39:08,365 INFO  db.DBStoreBuilder (DBStoreBuilder.java:processTables(161)) - Using default column profile:DBProfile.DISK for Table:multipartInfoTable
2019-07-14 08:39:08,365 INFO  db.DBStoreBuilder (DBStoreBuilder.java:addTable(110)) - using custom profile for table: dTokenTable
2019-07-14 08:39:08,365 INFO  db.DBStoreBuilder (DBStoreBuilder.java:processTables(161)) - Using default column profile:DBProfile.DISK for Table:dTokenTable
2019-07-14 08:39:08,365 INFO  db.DBStoreBuilder (DBStoreBuilder.java:addTable(110)) - using custom profile for table: s3SecretTable
2019-07-14 08:39:08,365 INFO  db.DBStoreBuilder (DBStoreBuilder.java:processTables(161)) - Using default column profile:DBProfile.DISK for Table:s3SecretTable
2019-07-14 08:39:08,366 INFO  db.DBStoreBuilder (DBStoreBuilder.java:addTable(110)) - using custom profile for table: prefixTable
2019-07-14 08:39:08,366 INFO  db.DBStoreBuilder (DBStoreBuilder.java:processTables(161)) - Using default column profile:DBProfile.DISK for Table:prefixTable
2019-07-14 08:39:08,366 INFO  db.DBStoreBuilder (DBStoreBuilder.java:addTable(110)) - using custom profile for table: default
2019-07-14 08:39:08,366 INFO  db.DBStoreBuilder (DBStoreBuilder.java:processTables(167)) - Using default column profile:DBProfile.DISK for Table:default
2019-07-14 08:39:08,366 INFO  db.DBStoreBuilder (DBStoreBuilder.java:getDbProfile(198)) - Using default options. DBProfile.DISK
2019-07-14 08:39:08,618 INFO  ipc.CallQueueManager (CallQueueManager.java:<init>(84)) - Using callQueue: class java.util.concurrent.LinkedBlockingQueue, queueCapacity: 2000, scheduler: class org.apache.hadoop.ipc.DefaultRpcScheduler, ipcBackoff: false.
2019-07-14 08:39:08,619 INFO  ipc.Server (Server.java:run(1074)) - Starting Socket Reader #1 for port 41671
2019-07-14 08:39:08,631 WARN  server.ServerUtils (ServerUtils.java:getDBPath(222)) - ozone.om.db.dirs is not configured. We recommend adding this setting. Falling back to ozone.metadata.dirs instead.
2019-07-14 08:39:08,631 INFO  om.OzoneManager (OzoneManager.java:start(1228)) - OzoneManager RPC server is listening at localhost/127.0.0.1:41671
2019-07-14 08:39:08,631 INFO  impl.MetricsSystemImpl (MetricsSystemImpl.java:init(158)) - OzoneManager metrics system started (again)
2019-07-14 08:39:08,632 INFO  ipc.Server (Server.java:run(1314)) - IPC Server Responder: starting
2019-07-14 08:39:08,632 INFO  ipc.Server (Server.java:run(1153)) - IPC Server listener on 41671: starting
2019-07-14 08:39:08,639 INFO  hdfs.DFSUtil (DFSUtil.java:httpServerTemplateForNNAndJN(1641)) - Starting Web-server for ozoneManager at: http://0.0.0.0:0
2019-07-14 08:39:08,640 INFO  server.AuthenticationFilter (AuthenticationFilter.java:constructSecretProvider(240)) - Unable to initialize FileSignerSecretProvider, falling back to use random secrets.
2019-07-14 08:39:08,640 WARN  http.HttpRequestLog (HttpRequestLog.java:getRequestLog(97)) - Jetty request log can only be enabled using Log4j
2019-07-14 08:39:08,642 INFO  http.HttpServer2 (HttpServer2.java:addGlobalFilter(975)) - Added global filter 'safety' (class=org.apache.hadoop.http.HttpServer2$QuotingInputFilter)
2019-07-14 08:39:08,642 INFO  http.HttpServer2 (HttpServer2.java:addFilter(948)) - Added filter static_user_filter (class=org.apache.hadoop.http.lib.StaticUserWebFilter$StaticUserFilter) to context ozoneManager
2019-07-14 08:39:08,642 INFO  http.HttpServer2 (HttpServer2.java:addFilter(958)) - Added filter static_user_filter (class=org.apache.hadoop.http.lib.StaticUserWebFilter$StaticUserFilter) to context logs
2019-07-14 08:39:08,642 INFO  http.HttpServer2 (HttpServer2.java:addFilter(958)) - Added filter static_user_filter (class=org.apache.hadoop.http.lib.StaticUserWebFilter$StaticUserFilter) to context static
2019-07-14 08:39:08,643 INFO  http.HttpServer2 (HttpServer2.java:bindListener(1191)) - Jetty bound to port 43584
2019-07-14 08:39:08,643 INFO  server.Server (Server.java:doStart(351)) - jetty-9.3.24.v20180605, build timestamp: 2018-06-05T17:11:56Z, git hash: 84205aa28f11a4f31f2a3b86d1bba2cc8ab69827
2019-07-14 08:39:08,644 INFO  handler.ContextHandler (ContextHandler.java:doStart(781)) - Started o.e.j.s.ServletContextHandler@596c6c3e{/logs,file:///workdir/hadoop-ozone/integration-test/target/log,AVAILABLE}
2019-07-14 08:39:08,645 INFO  handler.ContextHandler (ContextHandler.java:doStart(781)) - Started o.e.j.s.ServletContextHandler@13c02cec{/static,file:///workdir/hadoop-ozone/integration-test/target/test-classes/webapps/static,AVAILABLE}
2019-07-14 08:39:08,648 INFO  handler.ContextHandler (ContextHandler.java:doStart(781)) - Started o.e.j.w.WebAppContext@3697a307{/,file:///workdir/hadoop-ozone/integration-test/target/test-classes/webapps/ozoneManager/,AVAILABLE}{/ozoneManager}
2019-07-14 08:39:08,648 INFO  server.AbstractConnector (AbstractConnector.java:doStart(278)) - Started ServerConnector@4632d697{HTTP/1.1,[http/1.1]}{0.0.0.0:43584}
2019-07-14 08:39:08,648 INFO  server.Server (Server.java:doStart(419)) - Started @706873ms
2019-07-14 08:39:08,650 INFO  server.BaseHttpServer (BaseHttpServer.java:updateConnectorAddress(207)) - HTTP server of OZONEMANAGER is listening at http://0.0.0.0:43584
2019-07-14 08:39:08,661 INFO  impl.MetricsSystemImpl (MetricsSystemImpl.java:init(158)) - HddsDatanode metrics system started (again)
2019-07-14 08:39:08,661 INFO  ozone.HddsDatanodeService (HddsDatanodeService.java:start(185)) - HddsDatanodeService host:trunk-nightly-5z2vd-27108033 ip:192.168.5.191
2019-07-14 08:39:08,675 INFO  volume.HddsVolume (HddsVolume.java:<init>(176)) - Creating Volume: /workdir/hadoop-ozone/integration-test/target/test-dir/MiniOzoneClusterImpl-558ab0d9-ae7f-4941-9603-f52effddca80/datanode-0/data/containers/hdds of  storage type : DISK and capacity : 52710309888
2019-07-14 08:39:08,675 INFO  volume.VolumeSet (VolumeSet.java:initializeVolumeSet(170)) - Added Volume : /workdir/hadoop-ozone/integration-test/target/test-dir/MiniOzoneClusterImpl-558ab0d9-ae7f-4941-9603-f52effddca80/datanode-0/data/containers/hdds to VolumeSet
2019-07-14 08:39:08,675 INFO  volume.ThrottledAsyncChecker (ThrottledAsyncChecker.java:schedule(140)) - Scheduling a check for org.apache.hadoop.ozone.container.common.volume.HddsVolume@5c47ef5f
2019-07-14 08:39:08,676 INFO  volume.HddsVolumeChecker (HddsVolumeChecker.java:checkAllVolumes(203)) - Scheduled health check for volume org.apache.hadoop.ozone.container.common.volume.HddsVolume@5c47ef5f
2019-07-14 08:39:08,688 INFO  impl.RaftServerProxy (ConfUtils.java:logGet(43)) - raft.rpc.type = GRPC (default)
2019-07-14 08:39:08,689 INFO  grpc.GrpcFactory (GrpcFactory.java:checkPooledByteBufAllocatorUseCacheForAllThreads(45)) - PERFORMANCE WARNING: useCacheForAllThreads is true that may cause Netty to create a lot garbage objects and, as a result, trigger GC.
	It is recommended to disable useCacheForAllThreads by setting -Dorg.apache.ratis.thirdparty.io.netty.allocator.useCacheForAllThreads=false in command line.
2019-07-14 08:39:08,689 INFO  grpc.GrpcConfigKeys$Server (ConfUtils.java:logGet(43)) - raft.grpc.server.port = 0 (default)
2019-07-14 08:39:08,689 INFO  server.GrpcService (ConfUtils.java:logGet(43)) - raft.grpc.message.size.max = 33570816 (custom)
2019-07-14 08:39:08,689 INFO  server.RaftServerConfigKeys (ConfUtils.java:logGet(43)) - raft.server.log.appender.buffer.byte-limit = 33554432 (custom)
2019-07-14 08:39:08,689 INFO  server.GrpcService (ConfUtils.java:logGet(43)) - raft.grpc.flow.control.window = 1MB (=1048576) (default)
2019-07-14 08:39:08,690 INFO  server.RaftServerConfigKeys (ConfUtils.java:logGet(43)) - raft.server.rpc.request.timeout = 3000ms (default)
2019-07-14 08:39:08,690 INFO  server.RaftServerConfigKeys (ConfUtils.java:logGet(43)) - raft.server.storage.dir = [/workdir/hadoop-ozone/integration-test/target/test-dir/MiniOzoneClusterImpl-558ab0d9-ae7f-4941-9603-f52effddca80/datanode-0/data/ratis] (custom)
2019-07-14 08:39:08,690 INFO  replication.SimpleContainerDownloader (SimpleContainerDownloader.java:<init>(72)) - Starting container downloader service to copy containers to replicate.
2019-07-14 08:39:08,691 INFO  hdfs.DFSUtil (DFSUtil.java:httpServerTemplateForNNAndJN(1641)) - Starting Web-server for hddsDatanode at: http://0.0.0.0:0
2019-07-14 08:39:08,693 INFO  server.AuthenticationFilter (AuthenticationFilter.java:constructSecretProvider(240)) - Unable to initialize FileSignerSecretProvider, falling back to use random secrets.
2019-07-14 08:39:08,693 WARN  http.HttpRequestLog (HttpRequestLog.java:getRequestLog(97)) - Jetty request log can only be enabled using Log4j
2019-07-14 08:39:08,694 INFO  http.HttpServer2 (HttpServer2.java:addGlobalFilter(975)) - Added global filter 'safety' (class=org.apache.hadoop.http.HttpServer2$QuotingInputFilter)
2019-07-14 08:39:08,695 INFO  http.HttpServer2 (HttpServer2.java:addFilter(948)) - Added filter static_user_filter (class=org.apache.hadoop.http.lib.StaticUserWebFilter$StaticUserFilter) to context hddsDatanode
2019-07-14 08:39:08,695 INFO  http.HttpServer2 (HttpServer2.java:addFilter(958)) - Added filter static_user_filter (class=org.apache.hadoop.http.lib.StaticUserWebFilter$StaticUserFilter) to context logs
2019-07-14 08:39:08,695 INFO  http.HttpServer2 (HttpServer2.java:addFilter(958)) - Added filter static_user_filter (class=org.apache.hadoop.http.lib.StaticUserWebFilter$StaticUserFilter) to context static
2019-07-14 08:39:08,695 INFO  http.HttpServer2 (HttpServer2.java:bindListener(1191)) - Jetty bound to port 46496
2019-07-14 08:39:08,696 INFO  server.Server (Server.java:doStart(351)) - jetty-9.3.24.v20180605, build timestamp: 2018-06-05T17:11:56Z, git hash: 84205aa28f11a4f31f2a3b86d1bba2cc8ab69827
2019-07-14 08:39:08,697 INFO  handler.ContextHandler (ContextHandler.java:doStart(781)) - Started o.e.j.s.ServletContextHandler@4dc24d88{/logs,file:///workdir/hadoop-ozone/integration-test/target/log,AVAILABLE}
2019-07-14 08:39:08,698 INFO  handler.ContextHandler (ContextHandler.java:doStart(781)) - Started o.e.j.s.ServletContextHandler@1e364cea{/static,jar:file:/home/user/.m2/repository/org/apache/hadoop/hadoop-hdds-container-service/0.5.0-SNAPSHOT/hadoop-hdds-container-service-0.5.0-SNAPSHOT.jar!/webapps/static,AVAILABLE}
2019-07-14 08:39:08,724 INFO  handler.ContextHandler (ContextHandler.java:doStart(781)) - Started o.e.j.w.WebAppContext@37930f48{/,file:///tmp/jetty-0.0.0.0-46496-hddsDatanode-_-any-1243910883977788728.dir/webapp/,AVAILABLE}{/hddsDatanode}
2019-07-14 08:39:08,725 INFO  server.AbstractConnector (AbstractConnector.java:doStart(278)) - Started ServerConnector@58084f58{HTTP/1.1,[http/1.1]}{0.0.0.0:46496}
2019-07-14 08:39:08,725 INFO  server.Server (Server.java:doStart(419)) - Started @706950ms
2019-07-14 08:39:08,727 INFO  server.BaseHttpServer (BaseHttpServer.java:updateConnectorAddress(207)) - HTTP server of HDDSDATANODE is listening at http://0.0.0.0:46496
2019-07-14 08:39:08,830 INFO  ozone.HddsDatanodeService (HddsDatanodeService.java:startPlugins(396)) - Started plug-in org.apache.hadoop.ozone.web.OzoneHddsDatanodeService@356285d9
2019-07-14 08:39:08,830 INFO  impl.MetricsSystemImpl (MetricsSystemImpl.java:init(158)) - HddsDatanode metrics system started (again)
2019-07-14 08:39:08,830 INFO  ozone.HddsDatanodeService (HddsDatanodeService.java:start(185)) - HddsDatanodeService host:trunk-nightly-5z2vd-27108033 ip:192.168.5.191
2019-07-14 08:39:08,832 INFO  util.JvmPauseMonitor (JvmPauseMonitor.java:run(188)) - Starting JVM pause monitor
2019-07-14 08:39:08,833 INFO  datanode.InitDatanodeState (InitDatanodeState.java:persistContainerDatanodeDetails(140)) - DatanodeDetails is persisted to /workdir/hadoop-ozone/integration-test/target/test-dir/MiniOzoneClusterImpl-558ab0d9-ae7f-4941-9603-f52effddca80/datanode-0/meta/datanode.id
2019-07-14 08:39:08,844 INFO  volume.HddsVolume (HddsVolume.java:<init>(176)) - Creating Volume: /workdir/hadoop-ozone/integration-test/target/test-dir/MiniOzoneClusterImpl-558ab0d9-ae7f-4941-9603-f52effddca80/datanode-1/data/containers/hdds of  storage type : DISK and capacity : 52710309888
2019-07-14 08:39:08,844 INFO  volume.VolumeSet (VolumeSet.java:initializeVolumeSet(170)) - Added Volume : /workdir/hadoop-ozone/integration-test/target/test-dir/MiniOzoneClusterImpl-558ab0d9-ae7f-4941-9603-f52effddca80/datanode-1/data/containers/hdds to VolumeSet
2019-07-14 08:39:08,844 INFO  volume.ThrottledAsyncChecker (ThrottledAsyncChecker.java:schedule(140)) - Scheduling a check for org.apache.hadoop.ozone.container.common.volume.HddsVolume@30a1e459
2019-07-14 08:39:08,845 INFO  volume.HddsVolumeChecker (HddsVolumeChecker.java:checkAllVolumes(203)) - Scheduled health check for volume org.apache.hadoop.ozone.container.common.volume.HddsVolume@30a1e459
2019-07-14 08:39:08,859 INFO  impl.RaftServerProxy (ConfUtils.java:logGet(43)) - raft.rpc.type = GRPC (default)
2019-07-14 08:39:08,859 INFO  grpc.GrpcFactory (GrpcFactory.java:checkPooledByteBufAllocatorUseCacheForAllThreads(45)) - PERFORMANCE WARNING: useCacheForAllThreads is true that may cause Netty to create a lot garbage objects and, as a result, trigger GC.
	It is recommended to disable useCacheForAllThreads by setting -Dorg.apache.ratis.thirdparty.io.netty.allocator.useCacheForAllThreads=false in command line.
2019-07-14 08:39:08,859 INFO  grpc.GrpcConfigKeys$Server (ConfUtils.java:logGet(43)) - raft.grpc.server.port = 0 (default)
2019-07-14 08:39:08,859 INFO  server.GrpcService (ConfUtils.java:logGet(43)) - raft.grpc.message.size.max = 33570816 (custom)
2019-07-14 08:39:08,859 INFO  server.RaftServerConfigKeys (ConfUtils.java:logGet(43)) - raft.server.log.appender.buffer.byte-limit = 33554432 (custom)
2019-07-14 08:39:08,860 INFO  server.GrpcService (ConfUtils.java:logGet(43)) - raft.grpc.flow.control.window = 1MB (=1048576) (default)
2019-07-14 08:39:08,860 INFO  server.RaftServerConfigKeys (ConfUtils.java:logGet(43)) - raft.server.rpc.request.timeout = 3000ms (default)
2019-07-14 08:39:08,860 INFO  server.RaftServerConfigKeys (ConfUtils.java:logGet(43)) - raft.server.storage.dir = [/workdir/hadoop-ozone/integration-test/target/test-dir/MiniOzoneClusterImpl-558ab0d9-ae7f-4941-9603-f52effddca80/datanode-1/data/ratis] (custom)
2019-07-14 08:39:08,861 INFO  replication.SimpleContainerDownloader (SimpleContainerDownloader.java:<init>(72)) - Starting container downloader service to copy containers to replicate.
2019-07-14 08:39:08,862 INFO  hdfs.DFSUtil (DFSUtil.java:httpServerTemplateForNNAndJN(1641)) - Starting Web-server for hddsDatanode at: http://0.0.0.0:0
2019-07-14 08:39:08,863 INFO  server.AuthenticationFilter (AuthenticationFilter.java:constructSecretProvider(240)) - Unable to initialize FileSignerSecretProvider, falling back to use random secrets.
2019-07-14 08:39:08,863 WARN  http.HttpRequestLog (HttpRequestLog.java:getRequestLog(97)) - Jetty request log can only be enabled using Log4j
2019-07-14 08:39:08,864 INFO  http.HttpServer2 (HttpServer2.java:addGlobalFilter(975)) - Added global filter 'safety' (class=org.apache.hadoop.http.HttpServer2$QuotingInputFilter)
2019-07-14 08:39:08,865 INFO  http.HttpServer2 (HttpServer2.java:addFilter(948)) - Added filter static_user_filter (class=org.apache.hadoop.http.lib.StaticUserWebFilter$StaticUserFilter) to context hddsDatanode
2019-07-14 08:39:08,865 INFO  http.HttpServer2 (HttpServer2.java:addFilter(958)) - Added filter static_user_filter (class=org.apache.hadoop.http.lib.StaticUserWebFilter$StaticUserFilter) to context logs
2019-07-14 08:39:08,865 INFO  http.HttpServer2 (HttpServer2.java:addFilter(958)) - Added filter static_user_filter (class=org.apache.hadoop.http.lib.StaticUserWebFilter$StaticUserFilter) to context static
2019-07-14 08:39:08,865 INFO  http.HttpServer2 (HttpServer2.java:bindListener(1191)) - Jetty bound to port 41279
2019-07-14 08:39:08,866 INFO  server.Server (Server.java:doStart(351)) - jetty-9.3.24.v20180605, build timestamp: 2018-06-05T17:11:56Z, git hash: 84205aa28f11a4f31f2a3b86d1bba2cc8ab69827
2019-07-14 08:39:08,867 INFO  handler.ContextHandler (ContextHandler.java:doStart(781)) - Started o.e.j.s.ServletContextHandler@1fe8a2fc{/logs,file:///workdir/hadoop-ozone/integration-test/target/log,AVAILABLE}
2019-07-14 08:39:08,867 INFO  handler.ContextHandler (ContextHandler.java:doStart(781)) - Started o.e.j.s.ServletContextHandler@cc64e22{/static,jar:file:/home/user/.m2/repository/org/apache/hadoop/hadoop-hdds-container-service/0.5.0-SNAPSHOT/hadoop-hdds-container-service-0.5.0-SNAPSHOT.jar!/webapps/static,AVAILABLE}
2019-07-14 08:39:08,894 INFO  handler.ContextHandler (ContextHandler.java:doStart(781)) - Started o.e.j.w.WebAppContext@6804a46a{/,file:///tmp/jetty-0.0.0.0-41279-hddsDatanode-_-any-2875130790781520046.dir/webapp/,AVAILABLE}{/hddsDatanode}
2019-07-14 08:39:08,894 INFO  server.AbstractConnector (AbstractConnector.java:doStart(278)) - Started ServerConnector@3df3e1e9{HTTP/1.1,[http/1.1]}{0.0.0.0:41279}
2019-07-14 08:39:08,894 INFO  server.Server (Server.java:doStart(419)) - Started @707119ms
2019-07-14 08:39:08,896 INFO  server.BaseHttpServer (BaseHttpServer.java:updateConnectorAddress(207)) - HTTP server of HDDSDATANODE is listening at http://0.0.0.0:41279
2019-07-14 08:39:08,995 INFO  ozone.HddsDatanodeService (HddsDatanodeService.java:startPlugins(396)) - Started plug-in org.apache.hadoop.ozone.web.OzoneHddsDatanodeService@44a3b4d9
2019-07-14 08:39:08,995 INFO  impl.MetricsSystemImpl (MetricsSystemImpl.java:init(158)) - HddsDatanode metrics system started (again)
2019-07-14 08:39:08,995 INFO  ozone.HddsDatanodeService (HddsDatanodeService.java:start(185)) - HddsDatanodeService host:trunk-nightly-5z2vd-27108033 ip:192.168.5.191
2019-07-14 08:39:08,997 INFO  util.JvmPauseMonitor (JvmPauseMonitor.java:run(188)) - Starting JVM pause monitor
2019-07-14 08:39:08,998 INFO  datanode.InitDatanodeState (InitDatanodeState.java:persistContainerDatanodeDetails(140)) - DatanodeDetails is persisted to /workdir/hadoop-ozone/integration-test/target/test-dir/MiniOzoneClusterImpl-558ab0d9-ae7f-4941-9603-f52effddca80/datanode-1/meta/datanode.id
2019-07-14 08:39:09,009 INFO  volume.HddsVolume (HddsVolume.java:<init>(176)) - Creating Volume: /workdir/hadoop-ozone/integration-test/target/test-dir/MiniOzoneClusterImpl-558ab0d9-ae7f-4941-9603-f52effddca80/datanode-2/data/containers/hdds of  storage type : DISK and capacity : 52710309888
2019-07-14 08:39:09,009 INFO  volume.VolumeSet (VolumeSet.java:initializeVolumeSet(170)) - Added Volume : /workdir/hadoop-ozone/integration-test/target/test-dir/MiniOzoneClusterImpl-558ab0d9-ae7f-4941-9603-f52effddca80/datanode-2/data/containers/hdds to VolumeSet
2019-07-14 08:39:09,009 INFO  volume.ThrottledAsyncChecker (ThrottledAsyncChecker.java:schedule(140)) - Scheduling a check for org.apache.hadoop.ozone.container.common.volume.HddsVolume@3ee9eaa7
2019-07-14 08:39:09,010 INFO  volume.HddsVolumeChecker (HddsVolumeChecker.java:checkAllVolumes(203)) - Scheduled health check for volume org.apache.hadoop.ozone.container.common.volume.HddsVolume@3ee9eaa7
2019-07-14 08:39:09,023 INFO  impl.RaftServerProxy (ConfUtils.java:logGet(43)) - raft.rpc.type = GRPC (default)
2019-07-14 08:39:09,023 INFO  grpc.GrpcFactory (GrpcFactory.java:checkPooledByteBufAllocatorUseCacheForAllThreads(45)) - PERFORMANCE WARNING: useCacheForAllThreads is true that may cause Netty to create a lot garbage objects and, as a result, trigger GC.
	It is recommended to disable useCacheForAllThreads by setting -Dorg.apache.ratis.thirdparty.io.netty.allocator.useCacheForAllThreads=false in command line.
2019-07-14 08:39:09,023 INFO  grpc.GrpcConfigKeys$Server (ConfUtils.java:logGet(43)) - raft.grpc.server.port = 0 (default)
2019-07-14 08:39:09,023 INFO  server.GrpcService (ConfUtils.java:logGet(43)) - raft.grpc.message.size.max = 33570816 (custom)
2019-07-14 08:39:09,023 INFO  server.RaftServerConfigKeys (ConfUtils.java:logGet(43)) - raft.server.log.appender.buffer.byte-limit = 33554432 (custom)
2019-07-14 08:39:09,024 INFO  server.GrpcService (ConfUtils.java:logGet(43)) - raft.grpc.flow.control.window = 1MB (=1048576) (default)
2019-07-14 08:39:09,024 INFO  server.RaftServerConfigKeys (ConfUtils.java:logGet(43)) - raft.server.rpc.request.timeout = 3000ms (default)
2019-07-14 08:39:09,024 INFO  server.RaftServerConfigKeys (ConfUtils.java:logGet(43)) - raft.server.storage.dir = [/workdir/hadoop-ozone/integration-test/target/test-dir/MiniOzoneClusterImpl-558ab0d9-ae7f-4941-9603-f52effddca80/datanode-2/data/ratis] (custom)
2019-07-14 08:39:09,025 INFO  replication.SimpleContainerDownloader (SimpleContainerDownloader.java:<init>(72)) - Starting container downloader service to copy containers to replicate.
2019-07-14 08:39:09,025 INFO  hdfs.DFSUtil (DFSUtil.java:httpServerTemplateForNNAndJN(1641)) - Starting Web-server for hddsDatanode at: http://0.0.0.0:0
2019-07-14 08:39:09,027 INFO  server.AuthenticationFilter (AuthenticationFilter.java:constructSecretProvider(240)) - Unable to initialize FileSignerSecretProvider, falling back to use random secrets.
2019-07-14 08:39:09,027 WARN  http.HttpRequestLog (HttpRequestLog.java:getRequestLog(97)) - Jetty request log can only be enabled using Log4j
2019-07-14 08:39:09,028 INFO  http.HttpServer2 (HttpServer2.java:addGlobalFilter(975)) - Added global filter 'safety' (class=org.apache.hadoop.http.HttpServer2$QuotingInputFilter)
2019-07-14 08:39:09,028 INFO  http.HttpServer2 (HttpServer2.java:addFilter(948)) - Added filter static_user_filter (class=org.apache.hadoop.http.lib.StaticUserWebFilter$StaticUserFilter) to context hddsDatanode
2019-07-14 08:39:09,028 INFO  http.HttpServer2 (HttpServer2.java:addFilter(958)) - Added filter static_user_filter (class=org.apache.hadoop.http.lib.StaticUserWebFilter$StaticUserFilter) to context logs
2019-07-14 08:39:09,029 INFO  http.HttpServer2 (HttpServer2.java:addFilter(958)) - Added filter static_user_filter (class=org.apache.hadoop.http.lib.StaticUserWebFilter$StaticUserFilter) to context static
2019-07-14 08:39:09,029 INFO  http.HttpServer2 (HttpServer2.java:bindListener(1191)) - Jetty bound to port 33776
2019-07-14 08:39:09,029 INFO  server.Server (Server.java:doStart(351)) - jetty-9.3.24.v20180605, build timestamp: 2018-06-05T17:11:56Z, git hash: 84205aa28f11a4f31f2a3b86d1bba2cc8ab69827
2019-07-14 08:39:09,031 INFO  handler.ContextHandler (ContextHandler.java:doStart(781)) - Started o.e.j.s.ServletContextHandler@57fefa97{/logs,file:///workdir/hadoop-ozone/integration-test/target/log,AVAILABLE}
2019-07-14 08:39:09,031 INFO  handler.ContextHandler (ContextHandler.java:doStart(781)) - Started o.e.j.s.ServletContextHandler@28a4ac78{/static,jar:file:/home/user/.m2/repository/org/apache/hadoop/hadoop-hdds-container-service/0.5.0-SNAPSHOT/hadoop-hdds-container-service-0.5.0-SNAPSHOT.jar!/webapps/static,AVAILABLE}
2019-07-14 08:39:09,057 INFO  handler.ContextHandler (ContextHandler.java:doStart(781)) - Started o.e.j.w.WebAppContext@5418225f{/,file:///tmp/jetty-0.0.0.0-33776-hddsDatanode-_-any-5862724930144537475.dir/webapp/,AVAILABLE}{/hddsDatanode}
2019-07-14 08:39:09,058 INFO  server.AbstractConnector (AbstractConnector.java:doStart(278)) - Started ServerConnector@65bcc339{HTTP/1.1,[http/1.1]}{0.0.0.0:33776}
2019-07-14 08:39:09,058 INFO  server.Server (Server.java:doStart(419)) - Started @707283ms
2019-07-14 08:39:09,060 INFO  server.BaseHttpServer (BaseHttpServer.java:updateConnectorAddress(207)) - HTTP server of HDDSDATANODE is listening at http://0.0.0.0:33776
2019-07-14 08:39:09,159 INFO  ozone.HddsDatanodeService (HddsDatanodeService.java:startPlugins(396)) - Started plug-in org.apache.hadoop.ozone.web.OzoneHddsDatanodeService@10dba2e3
2019-07-14 08:39:09,159 INFO  impl.MetricsSystemImpl (MetricsSystemImpl.java:init(158)) - HddsDatanode metrics system started (again)
2019-07-14 08:39:09,159 INFO  ozone.HddsDatanodeService (HddsDatanodeService.java:start(185)) - HddsDatanodeService host:trunk-nightly-5z2vd-27108033 ip:192.168.5.191
2019-07-14 08:39:09,161 INFO  util.JvmPauseMonitor (JvmPauseMonitor.java:run(188)) - Starting JVM pause monitor
2019-07-14 08:39:09,161 INFO  datanode.InitDatanodeState (InitDatanodeState.java:persistContainerDatanodeDetails(140)) - DatanodeDetails is persisted to /workdir/hadoop-ozone/integration-test/target/test-dir/MiniOzoneClusterImpl-558ab0d9-ae7f-4941-9603-f52effddca80/datanode-2/meta/datanode.id
2019-07-14 08:39:09,172 INFO  volume.HddsVolume (HddsVolume.java:<init>(176)) - Creating Volume: /workdir/hadoop-ozone/integration-test/target/test-dir/MiniOzoneClusterImpl-558ab0d9-ae7f-4941-9603-f52effddca80/datanode-3/data/containers/hdds of  storage type : DISK and capacity : 52710309888
2019-07-14 08:39:09,172 INFO  volume.VolumeSet (VolumeSet.java:initializeVolumeSet(170)) - Added Volume : /workdir/hadoop-ozone/integration-test/target/test-dir/MiniOzoneClusterImpl-558ab0d9-ae7f-4941-9603-f52effddca80/datanode-3/data/containers/hdds to VolumeSet
2019-07-14 08:39:09,173 INFO  volume.ThrottledAsyncChecker (ThrottledAsyncChecker.java:schedule(140)) - Scheduling a check for org.apache.hadoop.ozone.container.common.volume.HddsVolume@3e4aabde
2019-07-14 08:39:09,173 INFO  volume.HddsVolumeChecker (HddsVolumeChecker.java:checkAllVolumes(203)) - Scheduled health check for volume org.apache.hadoop.ozone.container.common.volume.HddsVolume@3e4aabde
2019-07-14 08:39:09,187 INFO  impl.RaftServerProxy (ConfUtils.java:logGet(43)) - raft.rpc.type = GRPC (default)
2019-07-14 08:39:09,187 INFO  grpc.GrpcFactory (GrpcFactory.java:checkPooledByteBufAllocatorUseCacheForAllThreads(45)) - PERFORMANCE WARNING: useCacheForAllThreads is true that may cause Netty to create a lot garbage objects and, as a result, trigger GC.
	It is recommended to disable useCacheForAllThreads by setting -Dorg.apache.ratis.thirdparty.io.netty.allocator.useCacheForAllThreads=false in command line.
2019-07-14 08:39:09,187 INFO  grpc.GrpcConfigKeys$Server (ConfUtils.java:logGet(43)) - raft.grpc.server.port = 0 (default)
2019-07-14 08:39:09,187 INFO  server.GrpcService (ConfUtils.java:logGet(43)) - raft.grpc.message.size.max = 33570816 (custom)
2019-07-14 08:39:09,187 INFO  server.RaftServerConfigKeys (ConfUtils.java:logGet(43)) - raft.server.log.appender.buffer.byte-limit = 33554432 (custom)
2019-07-14 08:39:09,188 INFO  server.GrpcService (ConfUtils.java:logGet(43)) - raft.grpc.flow.control.window = 1MB (=1048576) (default)
2019-07-14 08:39:09,188 INFO  server.RaftServerConfigKeys (ConfUtils.java:logGet(43)) - raft.server.rpc.request.timeout = 3000ms (default)
2019-07-14 08:39:09,188 INFO  server.RaftServerConfigKeys (ConfUtils.java:logGet(43)) - raft.server.storage.dir = [/workdir/hadoop-ozone/integration-test/target/test-dir/MiniOzoneClusterImpl-558ab0d9-ae7f-4941-9603-f52effddca80/datanode-3/data/ratis] (custom)
2019-07-14 08:39:09,189 INFO  replication.SimpleContainerDownloader (SimpleContainerDownloader.java:<init>(72)) - Starting container downloader service to copy containers to replicate.
2019-07-14 08:39:09,189 INFO  hdfs.DFSUtil (DFSUtil.java:httpServerTemplateForNNAndJN(1641)) - Starting Web-server for hddsDatanode at: http://0.0.0.0:0
2019-07-14 08:39:09,190 INFO  server.AuthenticationFilter (AuthenticationFilter.java:constructSecretProvider(240)) - Unable to initialize FileSignerSecretProvider, falling back to use random secrets.
2019-07-14 08:39:09,191 WARN  http.HttpRequestLog (HttpRequestLog.java:getRequestLog(97)) - Jetty request log can only be enabled using Log4j
2019-07-14 08:39:09,192 INFO  http.HttpServer2 (HttpServer2.java:addGlobalFilter(975)) - Added global filter 'safety' (class=org.apache.hadoop.http.HttpServer2$QuotingInputFilter)
2019-07-14 08:39:09,192 INFO  http.HttpServer2 (HttpServer2.java:addFilter(948)) - Added filter static_user_filter (class=org.apache.hadoop.http.lib.StaticUserWebFilter$StaticUserFilter) to context hddsDatanode
2019-07-14 08:39:09,192 INFO  http.HttpServer2 (HttpServer2.java:addFilter(958)) - Added filter static_user_filter (class=org.apache.hadoop.http.lib.StaticUserWebFilter$StaticUserFilter) to context logs
2019-07-14 08:39:09,192 INFO  http.HttpServer2 (HttpServer2.java:addFilter(958)) - Added filter static_user_filter (class=org.apache.hadoop.http.lib.StaticUserWebFilter$StaticUserFilter) to context static
2019-07-14 08:39:09,193 INFO  http.HttpServer2 (HttpServer2.java:bindListener(1191)) - Jetty bound to port 36563
2019-07-14 08:39:09,193 INFO  server.Server (Server.java:doStart(351)) - jetty-9.3.24.v20180605, build timestamp: 2018-06-05T17:11:56Z, git hash: 84205aa28f11a4f31f2a3b86d1bba2cc8ab69827
2019-07-14 08:39:09,195 INFO  handler.ContextHandler (ContextHandler.java:doStart(781)) - Started o.e.j.s.ServletContextHandler@3c403b36{/logs,file:///workdir/hadoop-ozone/integration-test/target/log,AVAILABLE}
2019-07-14 08:39:09,195 INFO  handler.ContextHandler (ContextHandler.java:doStart(781)) - Started o.e.j.s.ServletContextHandler@48c372db{/static,jar:file:/home/user/.m2/repository/org/apache/hadoop/hadoop-hdds-container-service/0.5.0-SNAPSHOT/hadoop-hdds-container-service-0.5.0-SNAPSHOT.jar!/webapps/static,AVAILABLE}
2019-07-14 08:39:09,221 INFO  handler.ContextHandler (ContextHandler.java:doStart(781)) - Started o.e.j.w.WebAppContext@229d5d14{/,file:///tmp/jetty-0.0.0.0-36563-hddsDatanode-_-any-6794614992941681600.dir/webapp/,AVAILABLE}{/hddsDatanode}
2019-07-14 08:39:09,222 INFO  server.AbstractConnector (AbstractConnector.java:doStart(278)) - Started ServerConnector@40957c86{HTTP/1.1,[http/1.1]}{0.0.0.0:36563}
2019-07-14 08:39:09,222 INFO  server.Server (Server.java:doStart(419)) - Started @707447ms
2019-07-14 08:39:09,224 INFO  server.BaseHttpServer (BaseHttpServer.java:updateConnectorAddress(207)) - HTTP server of HDDSDATANODE is listening at http://0.0.0.0:36563
2019-07-14 08:39:09,322 INFO  ozone.HddsDatanodeService (HddsDatanodeService.java:startPlugins(396)) - Started plug-in org.apache.hadoop.ozone.web.OzoneHddsDatanodeService@3ca26839
2019-07-14 08:39:09,322 INFO  impl.MetricsSystemImpl (MetricsSystemImpl.java:init(158)) - HddsDatanode metrics system started (again)
2019-07-14 08:39:09,322 INFO  ozone.HddsDatanodeService (HddsDatanodeService.java:start(185)) - HddsDatanodeService host:trunk-nightly-5z2vd-27108033 ip:192.168.5.191
2019-07-14 08:39:09,323 INFO  util.JvmPauseMonitor (JvmPauseMonitor.java:run(188)) - Starting JVM pause monitor
2019-07-14 08:39:09,324 INFO  datanode.InitDatanodeState (InitDatanodeState.java:persistContainerDatanodeDetails(140)) - DatanodeDetails is persisted to /workdir/hadoop-ozone/integration-test/target/test-dir/MiniOzoneClusterImpl-558ab0d9-ae7f-4941-9603-f52effddca80/datanode-3/meta/datanode.id
2019-07-14 08:39:09,336 INFO  volume.HddsVolume (HddsVolume.java:<init>(176)) - Creating Volume: /workdir/hadoop-ozone/integration-test/target/test-dir/MiniOzoneClusterImpl-558ab0d9-ae7f-4941-9603-f52effddca80/datanode-4/data/containers/hdds of  storage type : DISK and capacity : 52710309888
2019-07-14 08:39:09,336 INFO  volume.VolumeSet (VolumeSet.java:initializeVolumeSet(170)) - Added Volume : /workdir/hadoop-ozone/integration-test/target/test-dir/MiniOzoneClusterImpl-558ab0d9-ae7f-4941-9603-f52effddca80/datanode-4/data/containers/hdds to VolumeSet
2019-07-14 08:39:09,336 INFO  volume.ThrottledAsyncChecker (ThrottledAsyncChecker.java:schedule(140)) - Scheduling a check for org.apache.hadoop.ozone.container.common.volume.HddsVolume@5fae1b
2019-07-14 08:39:09,337 INFO  volume.HddsVolumeChecker (HddsVolumeChecker.java:checkAllVolumes(203)) - Scheduled health check for volume org.apache.hadoop.ozone.container.common.volume.HddsVolume@5fae1b
2019-07-14 08:39:09,350 INFO  impl.RaftServerProxy (ConfUtils.java:logGet(43)) - raft.rpc.type = GRPC (default)
2019-07-14 08:39:09,350 INFO  grpc.GrpcFactory (GrpcFactory.java:checkPooledByteBufAllocatorUseCacheForAllThreads(45)) - PERFORMANCE WARNING: useCacheForAllThreads is true that may cause Netty to create a lot garbage objects and, as a result, trigger GC.
	It is recommended to disable useCacheForAllThreads by setting -Dorg.apache.ratis.thirdparty.io.netty.allocator.useCacheForAllThreads=false in command line.
2019-07-14 08:39:09,351 INFO  grpc.GrpcConfigKeys$Server (ConfUtils.java:logGet(43)) - raft.grpc.server.port = 0 (default)
2019-07-14 08:39:09,351 INFO  server.GrpcService (ConfUtils.java:logGet(43)) - raft.grpc.message.size.max = 33570816 (custom)
2019-07-14 08:39:09,351 INFO  server.RaftServerConfigKeys (ConfUtils.java:logGet(43)) - raft.server.log.appender.buffer.byte-limit = 33554432 (custom)
2019-07-14 08:39:09,352 INFO  server.GrpcService (ConfUtils.java:logGet(43)) - raft.grpc.flow.control.window = 1MB (=1048576) (default)
2019-07-14 08:39:09,352 INFO  server.RaftServerConfigKeys (ConfUtils.java:logGet(43)) - raft.server.rpc.request.timeout = 3000ms (default)
2019-07-14 08:39:09,352 INFO  server.RaftServerConfigKeys (ConfUtils.java:logGet(43)) - raft.server.storage.dir = [/workdir/hadoop-ozone/integration-test/target/test-dir/MiniOzoneClusterImpl-558ab0d9-ae7f-4941-9603-f52effddca80/datanode-4/data/ratis] (custom)
2019-07-14 08:39:09,353 INFO  replication.SimpleContainerDownloader (SimpleContainerDownloader.java:<init>(72)) - Starting container downloader service to copy containers to replicate.
2019-07-14 08:39:09,354 INFO  hdfs.DFSUtil (DFSUtil.java:httpServerTemplateForNNAndJN(1641)) - Starting Web-server for hddsDatanode at: http://0.0.0.0:0
2019-07-14 08:39:09,355 INFO  server.AuthenticationFilter (AuthenticationFilter.java:constructSecretProvider(240)) - Unable to initialize FileSignerSecretProvider, falling back to use random secrets.
2019-07-14 08:39:09,356 WARN  http.HttpRequestLog (HttpRequestLog.java:getRequestLog(97)) - Jetty request log can only be enabled using Log4j
2019-07-14 08:39:09,357 INFO  http.HttpServer2 (HttpServer2.java:addGlobalFilter(975)) - Added global filter 'safety' (class=org.apache.hadoop.http.HttpServer2$QuotingInputFilter)
2019-07-14 08:39:09,357 INFO  http.HttpServer2 (HttpServer2.java:addFilter(948)) - Added filter static_user_filter (class=org.apache.hadoop.http.lib.StaticUserWebFilter$StaticUserFilter) to context hddsDatanode
2019-07-14 08:39:09,357 INFO  http.HttpServer2 (HttpServer2.java:addFilter(958)) - Added filter static_user_filter (class=org.apache.hadoop.http.lib.StaticUserWebFilter$StaticUserFilter) to context static
2019-07-14 08:39:09,357 INFO  http.HttpServer2 (HttpServer2.java:addFilter(958)) - Added filter static_user_filter (class=org.apache.hadoop.http.lib.StaticUserWebFilter$StaticUserFilter) to context logs
2019-07-14 08:39:09,358 INFO  http.HttpServer2 (HttpServer2.java:bindListener(1191)) - Jetty bound to port 36569
2019-07-14 08:39:09,358 INFO  server.Server (Server.java:doStart(351)) - jetty-9.3.24.v20180605, build timestamp: 2018-06-05T17:11:56Z, git hash: 84205aa28f11a4f31f2a3b86d1bba2cc8ab69827
2019-07-14 08:39:09,359 INFO  handler.ContextHandler (ContextHandler.java:doStart(781)) - Started o.e.j.s.ServletContextHandler@4d6f8691{/logs,file:///workdir/hadoop-ozone/integration-test/target/log,AVAILABLE}
2019-07-14 08:39:09,360 INFO  handler.ContextHandler (ContextHandler.java:doStart(781)) - Started o.e.j.s.ServletContextHandler@35798cd0{/static,jar:file:/home/user/.m2/repository/org/apache/hadoop/hadoop-hdds-container-service/0.5.0-SNAPSHOT/hadoop-hdds-container-service-0.5.0-SNAPSHOT.jar!/webapps/static,AVAILABLE}
2019-07-14 08:39:09,386 INFO  handler.ContextHandler (ContextHandler.java:doStart(781)) - Started o.e.j.w.WebAppContext@3333b099{/,file:///tmp/jetty-0.0.0.0-36569-hddsDatanode-_-any-1964078727413839385.dir/webapp/,AVAILABLE}{/hddsDatanode}
2019-07-14 08:39:09,386 INFO  server.AbstractConnector (AbstractConnector.java:doStart(278)) - Started ServerConnector@281e2637{HTTP/1.1,[http/1.1]}{0.0.0.0:36569}
2019-07-14 08:39:09,386 INFO  server.Server (Server.java:doStart(419)) - Started @707611ms
2019-07-14 08:39:09,388 INFO  server.BaseHttpServer (BaseHttpServer.java:updateConnectorAddress(207)) - HTTP server of HDDSDATANODE is listening at http://0.0.0.0:36569
2019-07-14 08:39:09,486 INFO  ozone.HddsDatanodeService (HddsDatanodeService.java:startPlugins(396)) - Started plug-in org.apache.hadoop.ozone.web.OzoneHddsDatanodeService@112dfb03
2019-07-14 08:39:09,486 INFO  impl.MetricsSystemImpl (MetricsSystemImpl.java:init(158)) - HddsDatanode metrics system started (again)
2019-07-14 08:39:09,487 INFO  ozone.HddsDatanodeService (HddsDatanodeService.java:start(185)) - HddsDatanodeService host:trunk-nightly-5z2vd-27108033 ip:192.168.5.191
2019-07-14 08:39:09,488 INFO  util.JvmPauseMonitor (JvmPauseMonitor.java:run(188)) - Starting JVM pause monitor
2019-07-14 08:39:09,489 INFO  datanode.InitDatanodeState (InitDatanodeState.java:persistContainerDatanodeDetails(140)) - DatanodeDetails is persisted to /workdir/hadoop-ozone/integration-test/target/test-dir/MiniOzoneClusterImpl-558ab0d9-ae7f-4941-9603-f52effddca80/datanode-4/meta/datanode.id
2019-07-14 08:39:09,501 INFO  volume.HddsVolume (HddsVolume.java:<init>(176)) - Creating Volume: /workdir/hadoop-ozone/integration-test/target/test-dir/MiniOzoneClusterImpl-558ab0d9-ae7f-4941-9603-f52effddca80/datanode-5/data/containers/hdds of  storage type : DISK and capacity : 52710309888
2019-07-14 08:39:09,501 INFO  volume.VolumeSet (VolumeSet.java:initializeVolumeSet(170)) - Added Volume : /workdir/hadoop-ozone/integration-test/target/test-dir/MiniOzoneClusterImpl-558ab0d9-ae7f-4941-9603-f52effddca80/datanode-5/data/containers/hdds to VolumeSet
2019-07-14 08:39:09,501 INFO  volume.ThrottledAsyncChecker (ThrottledAsyncChecker.java:schedule(140)) - Scheduling a check for org.apache.hadoop.ozone.container.common.volume.HddsVolume@67ee26af
2019-07-14 08:39:09,502 INFO  volume.HddsVolumeChecker (HddsVolumeChecker.java:checkAllVolumes(203)) - Scheduled health check for volume org.apache.hadoop.ozone.container.common.volume.HddsVolume@67ee26af
2019-07-14 08:39:09,516 INFO  impl.RaftServerProxy (ConfUtils.java:logGet(43)) - raft.rpc.type = GRPC (default)
2019-07-14 08:39:09,516 INFO  grpc.GrpcFactory (GrpcFactory.java:checkPooledByteBufAllocatorUseCacheForAllThreads(45)) - PERFORMANCE WARNING: useCacheForAllThreads is true that may cause Netty to create a lot garbage objects and, as a result, trigger GC.
	It is recommended to disable useCacheForAllThreads by setting -Dorg.apache.ratis.thirdparty.io.netty.allocator.useCacheForAllThreads=false in command line.
2019-07-14 08:39:09,516 INFO  grpc.GrpcConfigKeys$Server (ConfUtils.java:logGet(43)) - raft.grpc.server.port = 0 (default)
2019-07-14 08:39:09,516 INFO  server.GrpcService (ConfUtils.java:logGet(43)) - raft.grpc.message.size.max = 33570816 (custom)
2019-07-14 08:39:09,516 INFO  server.RaftServerConfigKeys (ConfUtils.java:logGet(43)) - raft.server.log.appender.buffer.byte-limit = 33554432 (custom)
2019-07-14 08:39:09,517 INFO  server.GrpcService (ConfUtils.java:logGet(43)) - raft.grpc.flow.control.window = 1MB (=1048576) (default)
2019-07-14 08:39:09,517 INFO  server.RaftServerConfigKeys (ConfUtils.java:logGet(43)) - raft.server.rpc.request.timeout = 3000ms (default)
2019-07-14 08:39:09,517 INFO  server.RaftServerConfigKeys (ConfUtils.java:logGet(43)) - raft.server.storage.dir = [/workdir/hadoop-ozone/integration-test/target/test-dir/MiniOzoneClusterImpl-558ab0d9-ae7f-4941-9603-f52effddca80/datanode-5/data/ratis] (custom)
2019-07-14 08:39:09,517 INFO  replication.SimpleContainerDownloader (SimpleContainerDownloader.java:<init>(72)) - Starting container downloader service to copy containers to replicate.
2019-07-14 08:39:09,518 INFO  hdfs.DFSUtil (DFSUtil.java:httpServerTemplateForNNAndJN(1641)) - Starting Web-server for hddsDatanode at: http://0.0.0.0:0
2019-07-14 08:39:09,519 INFO  server.AuthenticationFilter (AuthenticationFilter.java:constructSecretProvider(240)) - Unable to initialize FileSignerSecretProvider, falling back to use random secrets.
2019-07-14 08:39:09,520 WARN  http.HttpRequestLog (HttpRequestLog.java:getRequestLog(97)) - Jetty request log can only be enabled using Log4j
2019-07-14 08:39:09,521 INFO  http.HttpServer2 (HttpServer2.java:addGlobalFilter(975)) - Added global filter 'safety' (class=org.apache.hadoop.http.HttpServer2$QuotingInputFilter)
2019-07-14 08:39:09,521 INFO  http.HttpServer2 (HttpServer2.java:addFilter(948)) - Added filter static_user_filter (class=org.apache.hadoop.http.lib.StaticUserWebFilter$StaticUserFilter) to context hddsDatanode
2019-07-14 08:39:09,521 INFO  http.HttpServer2 (HttpServer2.java:addFilter(958)) - Added filter static_user_filter (class=org.apache.hadoop.http.lib.StaticUserWebFilter$StaticUserFilter) to context static
2019-07-14 08:39:09,521 INFO  http.HttpServer2 (HttpServer2.java:addFilter(958)) - Added filter static_user_filter (class=org.apache.hadoop.http.lib.StaticUserWebFilter$StaticUserFilter) to context logs
2019-07-14 08:39:09,522 INFO  http.HttpServer2 (HttpServer2.java:bindListener(1191)) - Jetty bound to port 40844
2019-07-14 08:39:09,522 INFO  server.Server (Server.java:doStart(351)) - jetty-9.3.24.v20180605, build timestamp: 2018-06-05T17:11:56Z, git hash: 84205aa28f11a4f31f2a3b86d1bba2cc8ab69827
2019-07-14 08:39:09,524 INFO  handler.ContextHandler (ContextHandler.java:doStart(781)) - Started o.e.j.s.ServletContextHandler@c95213a{/logs,file:///workdir/hadoop-ozone/integration-test/target/log,AVAILABLE}
2019-07-14 08:39:09,524 INFO  handler.ContextHandler (ContextHandler.java:doStart(781)) - Started o.e.j.s.ServletContextHandler@77eab063{/static,jar:file:/home/user/.m2/repository/org/apache/hadoop/hadoop-hdds-container-service/0.5.0-SNAPSHOT/hadoop-hdds-container-service-0.5.0-SNAPSHOT.jar!/webapps/static,AVAILABLE}
2019-07-14 08:39:09,550 INFO  handler.ContextHandler (ContextHandler.java:doStart(781)) - Started o.e.j.w.WebAppContext@7356f0e0{/,file:///tmp/jetty-0.0.0.0-40844-hddsDatanode-_-any-992754232736984295.dir/webapp/,AVAILABLE}{/hddsDatanode}
2019-07-14 08:39:09,550 INFO  server.AbstractConnector (AbstractConnector.java:doStart(278)) - Started ServerConnector@7fdef973{HTTP/1.1,[http/1.1]}{0.0.0.0:40844}
2019-07-14 08:39:09,551 INFO  server.Server (Server.java:doStart(419)) - Started @707776ms
2019-07-14 08:39:09,553 INFO  server.BaseHttpServer (BaseHttpServer.java:updateConnectorAddress(207)) - HTTP server of HDDSDATANODE is listening at http://0.0.0.0:40844
2019-07-14 08:39:09,686 INFO  ozone.HddsDatanodeService (HddsDatanodeService.java:startPlugins(396)) - Started plug-in org.apache.hadoop.ozone.web.OzoneHddsDatanodeService@911a6cd
2019-07-14 08:39:09,687 INFO  impl.MetricsSystemImpl (MetricsSystemImpl.java:init(158)) - HddsDatanode metrics system started (again)
2019-07-14 08:39:09,687 INFO  ozone.HddsDatanodeService (HddsDatanodeService.java:start(185)) - HddsDatanodeService host:trunk-nightly-5z2vd-27108033 ip:192.168.5.191
2019-07-14 08:39:09,688 INFO  util.JvmPauseMonitor (JvmPauseMonitor.java:run(188)) - Starting JVM pause monitor
2019-07-14 08:39:09,690 INFO  datanode.InitDatanodeState (InitDatanodeState.java:persistContainerDatanodeDetails(140)) - DatanodeDetails is persisted to /workdir/hadoop-ozone/integration-test/target/test-dir/MiniOzoneClusterImpl-558ab0d9-ae7f-4941-9603-f52effddca80/datanode-5/meta/datanode.id
2019-07-14 08:39:09,703 INFO  volume.HddsVolume (HddsVolume.java:<init>(176)) - Creating Volume: /workdir/hadoop-ozone/integration-test/target/test-dir/MiniOzoneClusterImpl-558ab0d9-ae7f-4941-9603-f52effddca80/datanode-6/data/containers/hdds of  storage type : DISK and capacity : 52710309888
2019-07-14 08:39:09,703 INFO  volume.VolumeSet (VolumeSet.java:initializeVolumeSet(170)) - Added Volume : /workdir/hadoop-ozone/integration-test/target/test-dir/MiniOzoneClusterImpl-558ab0d9-ae7f-4941-9603-f52effddca80/datanode-6/data/containers/hdds to VolumeSet
2019-07-14 08:39:09,703 INFO  volume.ThrottledAsyncChecker (ThrottledAsyncChecker.java:schedule(140)) - Scheduling a check for org.apache.hadoop.ozone.container.common.volume.HddsVolume@69e4e90b
2019-07-14 08:39:09,704 INFO  volume.HddsVolumeChecker (HddsVolumeChecker.java:checkAllVolumes(203)) - Scheduled health check for volume org.apache.hadoop.ozone.container.common.volume.HddsVolume@69e4e90b
2019-07-14 08:39:09,720 INFO  impl.RaftServerProxy (ConfUtils.java:logGet(43)) - raft.rpc.type = GRPC (default)
2019-07-14 08:39:09,721 INFO  grpc.GrpcFactory (GrpcFactory.java:checkPooledByteBufAllocatorUseCacheForAllThreads(45)) - PERFORMANCE WARNING: useCacheForAllThreads is true that may cause Netty to create a lot garbage objects and, as a result, trigger GC.
	It is recommended to disable useCacheForAllThreads by setting -Dorg.apache.ratis.thirdparty.io.netty.allocator.useCacheForAllThreads=false in command line.
2019-07-14 08:39:09,721 INFO  grpc.GrpcConfigKeys$Server (ConfUtils.java:logGet(43)) - raft.grpc.server.port = 0 (default)
2019-07-14 08:39:09,721 INFO  server.GrpcService (ConfUtils.java:logGet(43)) - raft.grpc.message.size.max = 33570816 (custom)
2019-07-14 08:39:09,721 INFO  server.RaftServerConfigKeys (ConfUtils.java:logGet(43)) - raft.server.log.appender.buffer.byte-limit = 33554432 (custom)
2019-07-14 08:39:09,721 INFO  server.GrpcService (ConfUtils.java:logGet(43)) - raft.grpc.flow.control.window = 1MB (=1048576) (default)
2019-07-14 08:39:09,722 INFO  server.RaftServerConfigKeys (ConfUtils.java:logGet(43)) - raft.server.rpc.request.timeout = 3000ms (default)
2019-07-14 08:39:09,722 INFO  server.RaftServerConfigKeys (ConfUtils.java:logGet(43)) - raft.server.storage.dir = [/workdir/hadoop-ozone/integration-test/target/test-dir/MiniOzoneClusterImpl-558ab0d9-ae7f-4941-9603-f52effddca80/datanode-6/data/ratis] (custom)
2019-07-14 08:39:09,723 INFO  replication.SimpleContainerDownloader (SimpleContainerDownloader.java:<init>(72)) - Starting container downloader service to copy containers to replicate.
2019-07-14 08:39:09,724 INFO  hdfs.DFSUtil (DFSUtil.java:httpServerTemplateForNNAndJN(1641)) - Starting Web-server for hddsDatanode at: http://0.0.0.0:0
2019-07-14 08:39:09,725 INFO  server.AuthenticationFilter (AuthenticationFilter.java:constructSecretProvider(240)) - Unable to initialize FileSignerSecretProvider, falling back to use random secrets.
2019-07-14 08:39:09,726 WARN  http.HttpRequestLog (HttpRequestLog.java:getRequestLog(97)) - Jetty request log can only be enabled using Log4j
2019-07-14 08:39:09,728 INFO  http.HttpServer2 (HttpServer2.java:addGlobalFilter(975)) - Added global filter 'safety' (class=org.apache.hadoop.http.HttpServer2$QuotingInputFilter)
2019-07-14 08:39:09,728 INFO  http.HttpServer2 (HttpServer2.java:addFilter(948)) - Added filter static_user_filter (class=org.apache.hadoop.http.lib.StaticUserWebFilter$StaticUserFilter) to context hddsDatanode
2019-07-14 08:39:09,729 INFO  http.HttpServer2 (HttpServer2.java:addFilter(958)) - Added filter static_user_filter (class=org.apache.hadoop.http.lib.StaticUserWebFilter$StaticUserFilter) to context logs
2019-07-14 08:39:09,729 INFO  http.HttpServer2 (HttpServer2.java:addFilter(958)) - Added filter static_user_filter (class=org.apache.hadoop.http.lib.StaticUserWebFilter$StaticUserFilter) to context static
2019-07-14 08:39:09,730 INFO  http.HttpServer2 (HttpServer2.java:bindListener(1191)) - Jetty bound to port 33727
2019-07-14 08:39:09,730 INFO  server.Server (Server.java:doStart(351)) - jetty-9.3.24.v20180605, build timestamp: 2018-06-05T17:11:56Z, git hash: 84205aa28f11a4f31f2a3b86d1bba2cc8ab69827
2019-07-14 08:39:09,732 INFO  handler.ContextHandler (ContextHandler.java:doStart(781)) - Started o.e.j.s.ServletContextHandler@17e77d57{/logs,file:///workdir/hadoop-ozone/integration-test/target/log,AVAILABLE}
2019-07-14 08:39:09,733 INFO  handler.ContextHandler (ContextHandler.java:doStart(781)) - Started o.e.j.s.ServletContextHandler@5deae5ef{/static,jar:file:/home/user/.m2/repository/org/apache/hadoop/hadoop-hdds-container-service/0.5.0-SNAPSHOT/hadoop-hdds-container-service-0.5.0-SNAPSHOT.jar!/webapps/static,AVAILABLE}
2019-07-14 08:39:09,775 INFO  handler.ContextHandler (ContextHandler.java:doStart(781)) - Started o.e.j.w.WebAppContext@2330af4f{/,file:///tmp/jetty-0.0.0.0-33727-hddsDatanode-_-any-7858775930239530488.dir/webapp/,AVAILABLE}{/hddsDatanode}
2019-07-14 08:39:09,775 INFO  server.AbstractConnector (AbstractConnector.java:doStart(278)) - Started ServerConnector@eb3ceb4{HTTP/1.1,[http/1.1]}{0.0.0.0:33727}
2019-07-14 08:39:09,777 INFO  server.Server (Server.java:doStart(419)) - Started @708002ms
2019-07-14 08:39:09,779 INFO  server.BaseHttpServer (BaseHttpServer.java:updateConnectorAddress(207)) - HTTP server of HDDSDATANODE is listening at http://0.0.0.0:33727
2019-07-14 08:39:09,891 INFO  ozone.HddsDatanodeService (HddsDatanodeService.java:startPlugins(396)) - Started plug-in org.apache.hadoop.ozone.web.OzoneHddsDatanodeService@2869ef63
2019-07-14 08:39:09,891 INFO  ozone.MiniOzoneClusterImpl (MiniOzoneClusterImpl.java:lambda$waitForClusterToBeReady$0(142)) - Waiting for cluster to be ready. Got 0 of 7 DN Heartbeats.
2019-07-14 08:39:09,893 INFO  util.JvmPauseMonitor (JvmPauseMonitor.java:run(188)) - Starting JVM pause monitor
2019-07-14 08:39:09,894 INFO  datanode.InitDatanodeState (InitDatanodeState.java:persistContainerDatanodeDetails(140)) - DatanodeDetails is persisted to /workdir/hadoop-ozone/integration-test/target/test-dir/MiniOzoneClusterImpl-558ab0d9-ae7f-4941-9603-f52effddca80/datanode-6/meta/datanode.id
2019-07-14 08:39:10,854 INFO  ozoneimpl.OzoneContainer (OzoneContainer.java:start(186)) - Attempting to start container services.
2019-07-14 08:39:10,854 INFO  ozoneimpl.OzoneContainer (OzoneContainer.java:startContainerScrub(160)) - Background container scrubber has been disabled by hdds.containerscrub.enabled
2019-07-14 08:39:10,854 INFO  ratis.XceiverServerRatis (XceiverServerRatis.java:start(418)) - Starting XceiverServerRatis 308f7aef-32d3-4043-a5a3-021fc9c2f9c6 at port 0
2019-07-14 08:39:10,861 INFO  impl.RaftServerProxy (RaftServerProxy.java:lambda$start$3(299)) - 308f7aef-32d3-4043-a5a3-021fc9c2f9c6: start RPC server
2019-07-14 08:39:10,870 INFO  server.GrpcService (GrpcService.java:startImpl(149)) - 308f7aef-32d3-4043-a5a3-021fc9c2f9c6: GrpcService started, listening on 0.0.0.0/0.0.0.0:45840
2019-07-14 08:39:10,870 INFO  ratis.XceiverServerRatis (XceiverServerRatis.java:start(428)) - XceiverServerRatis 308f7aef-32d3-4043-a5a3-021fc9c2f9c6 is started using port 45840
2019-07-14 08:39:10,872 INFO  server.XceiverServerGrpc (XceiverServerGrpc.java:start(161)) - XceiverServerGrpc 308f7aef-32d3-4043-a5a3-021fc9c2f9c6 is started using port 44982
2019-07-14 08:39:10,892 INFO  ozone.MiniOzoneClusterImpl (MiniOzoneClusterImpl.java:lambda$waitForClusterToBeReady$0(142)) - Waiting for cluster to be ready. Got 0 of 7 DN Heartbeats.
2019-07-14 08:39:11,012 INFO  ozoneimpl.OzoneContainer (OzoneContainer.java:start(186)) - Attempting to start container services.
2019-07-14 08:39:11,012 INFO  ozoneimpl.OzoneContainer (OzoneContainer.java:startContainerScrub(160)) - Background container scrubber has been disabled by hdds.containerscrub.enabled
2019-07-14 08:39:11,012 INFO  ratis.XceiverServerRatis (XceiverServerRatis.java:start(418)) - Starting XceiverServerRatis c2571538-b9bd-49c9-a9d1-5ffa1fd504df at port 0
2019-07-14 08:39:11,020 INFO  impl.RaftServerProxy (RaftServerProxy.java:lambda$start$3(299)) - c2571538-b9bd-49c9-a9d1-5ffa1fd504df: start RPC server
2019-07-14 08:39:11,021 INFO  server.GrpcService (GrpcService.java:startImpl(149)) - c2571538-b9bd-49c9-a9d1-5ffa1fd504df: GrpcService started, listening on 0.0.0.0/0.0.0.0:44660
2019-07-14 08:39:11,021 INFO  ratis.XceiverServerRatis (XceiverServerRatis.java:start(428)) - XceiverServerRatis c2571538-b9bd-49c9-a9d1-5ffa1fd504df is started using port 44660
2019-07-14 08:39:11,021 INFO  server.XceiverServerGrpc (XceiverServerGrpc.java:start(161)) - XceiverServerGrpc c2571538-b9bd-49c9-a9d1-5ffa1fd504df is started using port 34455
2019-07-14 08:39:11,166 INFO  ozoneimpl.OzoneContainer (OzoneContainer.java:start(186)) - Attempting to start container services.
2019-07-14 08:39:11,167 INFO  ozoneimpl.OzoneContainer (OzoneContainer.java:startContainerScrub(160)) - Background container scrubber has been disabled by hdds.containerscrub.enabled
2019-07-14 08:39:11,167 INFO  ratis.XceiverServerRatis (XceiverServerRatis.java:start(418)) - Starting XceiverServerRatis ee549b8e-f8d8-4c31-9b0a-9326955f9b1b at port 0
2019-07-14 08:39:11,174 INFO  impl.RaftServerProxy (RaftServerProxy.java:lambda$start$3(299)) - ee549b8e-f8d8-4c31-9b0a-9326955f9b1b: start RPC server
2019-07-14 08:39:11,175 INFO  server.GrpcService (GrpcService.java:startImpl(149)) - ee549b8e-f8d8-4c31-9b0a-9326955f9b1b: GrpcService started, listening on 0.0.0.0/0.0.0.0:38108
2019-07-14 08:39:11,175 INFO  ratis.XceiverServerRatis (XceiverServerRatis.java:start(428)) - XceiverServerRatis ee549b8e-f8d8-4c31-9b0a-9326955f9b1b is started using port 38108
2019-07-14 08:39:11,184 INFO  server.XceiverServerGrpc (XceiverServerGrpc.java:start(161)) - XceiverServerGrpc ee549b8e-f8d8-4c31-9b0a-9326955f9b1b is started using port 37219
2019-07-14 08:39:11,339 INFO  ozoneimpl.OzoneContainer (OzoneContainer.java:start(186)) - Attempting to start container services.
2019-07-14 08:39:11,339 INFO  ozoneimpl.OzoneContainer (OzoneContainer.java:startContainerScrub(160)) - Background container scrubber has been disabled by hdds.containerscrub.enabled
2019-07-14 08:39:11,339 INFO  ratis.XceiverServerRatis (XceiverServerRatis.java:start(418)) - Starting XceiverServerRatis fb4ac72d-3d6e-4852-a781-202df04578a5 at port 0
2019-07-14 08:39:11,346 INFO  impl.RaftServerProxy (RaftServerProxy.java:lambda$start$3(299)) - fb4ac72d-3d6e-4852-a781-202df04578a5: start RPC server
2019-07-14 08:39:11,347 INFO  server.GrpcService (GrpcService.java:startImpl(149)) - fb4ac72d-3d6e-4852-a781-202df04578a5: GrpcService started, listening on 0.0.0.0/0.0.0.0:38195
2019-07-14 08:39:11,347 INFO  ratis.XceiverServerRatis (XceiverServerRatis.java:start(428)) - XceiverServerRatis fb4ac72d-3d6e-4852-a781-202df04578a5 is started using port 38195
2019-07-14 08:39:11,350 INFO  server.XceiverServerGrpc (XceiverServerGrpc.java:start(161)) - XceiverServerGrpc fb4ac72d-3d6e-4852-a781-202df04578a5 is started using port 39093
2019-07-14 08:39:11,493 INFO  ozoneimpl.OzoneContainer (OzoneContainer.java:start(186)) - Attempting to start container services.
2019-07-14 08:39:11,493 INFO  ozoneimpl.OzoneContainer (OzoneContainer.java:startContainerScrub(160)) - Background container scrubber has been disabled by hdds.containerscrub.enabled
2019-07-14 08:39:11,493 INFO  ratis.XceiverServerRatis (XceiverServerRatis.java:start(418)) - Starting XceiverServerRatis d628cc62-b1a1-4a0d-9b17-5e9782a06fb2 at port 0
2019-07-14 08:39:11,501 INFO  impl.RaftServerProxy (RaftServerProxy.java:lambda$start$3(299)) - d628cc62-b1a1-4a0d-9b17-5e9782a06fb2: start RPC server
2019-07-14 08:39:11,502 INFO  server.GrpcService (GrpcService.java:startImpl(149)) - d628cc62-b1a1-4a0d-9b17-5e9782a06fb2: GrpcService started, listening on 0.0.0.0/0.0.0.0:39197
2019-07-14 08:39:11,502 INFO  ratis.XceiverServerRatis (XceiverServerRatis.java:start(428)) - XceiverServerRatis d628cc62-b1a1-4a0d-9b17-5e9782a06fb2 is started using port 39197
2019-07-14 08:39:11,505 INFO  server.XceiverServerGrpc (XceiverServerGrpc.java:start(161)) - XceiverServerGrpc d628cc62-b1a1-4a0d-9b17-5e9782a06fb2 is started using port 44556
2019-07-14 08:39:11,697 INFO  ozoneimpl.OzoneContainer (OzoneContainer.java:start(186)) - Attempting to start container services.
2019-07-14 08:39:11,697 INFO  ozoneimpl.OzoneContainer (OzoneContainer.java:startContainerScrub(160)) - Background container scrubber has been disabled by hdds.containerscrub.enabled
2019-07-14 08:39:11,697 INFO  ratis.XceiverServerRatis (XceiverServerRatis.java:start(418)) - Starting XceiverServerRatis 40ad74a7-a343-4157-b186-ae09fa96e860 at port 0
2019-07-14 08:39:11,704 INFO  impl.RaftServerProxy (RaftServerProxy.java:lambda$start$3(299)) - 40ad74a7-a343-4157-b186-ae09fa96e860: start RPC server
2019-07-14 08:39:11,705 INFO  server.GrpcService (GrpcService.java:startImpl(149)) - 40ad74a7-a343-4157-b186-ae09fa96e860: GrpcService started, listening on 0.0.0.0/0.0.0.0:39513
2019-07-14 08:39:11,705 INFO  ratis.XceiverServerRatis (XceiverServerRatis.java:start(428)) - XceiverServerRatis 40ad74a7-a343-4157-b186-ae09fa96e860 is started using port 39513
2019-07-14 08:39:11,706 INFO  server.XceiverServerGrpc (XceiverServerGrpc.java:start(161)) - XceiverServerGrpc 40ad74a7-a343-4157-b186-ae09fa96e860 is started using port 34072
2019-07-14 08:39:11,892 INFO  ozone.MiniOzoneClusterImpl (MiniOzoneClusterImpl.java:lambda$waitForClusterToBeReady$0(142)) - Waiting for cluster to be ready. Got 0 of 7 DN Heartbeats.
2019-07-14 08:39:11,898 INFO  ozoneimpl.OzoneContainer (OzoneContainer.java:start(186)) - Attempting to start container services.
2019-07-14 08:39:11,898 INFO  ozoneimpl.OzoneContainer (OzoneContainer.java:startContainerScrub(160)) - Background container scrubber has been disabled by hdds.containerscrub.enabled
2019-07-14 08:39:11,898 INFO  ratis.XceiverServerRatis (XceiverServerRatis.java:start(418)) - Starting XceiverServerRatis 96684c35-8f32-4f92-8a45-40ef054e9149 at port 0
2019-07-14 08:39:11,907 INFO  impl.RaftServerProxy (RaftServerProxy.java:lambda$start$3(299)) - 96684c35-8f32-4f92-8a45-40ef054e9149: start RPC server
2019-07-14 08:39:11,921 INFO  server.GrpcService (GrpcService.java:startImpl(149)) - 96684c35-8f32-4f92-8a45-40ef054e9149: GrpcService started, listening on 0.0.0.0/0.0.0.0:41867
2019-07-14 08:39:11,921 INFO  ratis.XceiverServerRatis (XceiverServerRatis.java:start(428)) - XceiverServerRatis 96684c35-8f32-4f92-8a45-40ef054e9149 is started using port 41867
2019-07-14 08:39:11,923 INFO  server.XceiverServerGrpc (XceiverServerGrpc.java:start(161)) - XceiverServerGrpc 96684c35-8f32-4f92-8a45-40ef054e9149 is started using port 38499
2019-07-14 08:39:12,836 INFO  net.NetworkTopology (NetworkTopologyImpl.java:add(110)) - Added a new node: /default-rack/192.168.5.191
2019-07-14 08:39:12,839 INFO  node.SCMNodeManager (SCMNodeManager.java:register(269)) - Registered Data node : 308f7aef-32d3-4043-a5a3-021fc9c2f9c6{ip: 192.168.5.191, host: trunk-nightly-5z2vd-27108033, networkLocation: /default-rack, certSerialId: null}
2019-07-14 08:39:12,840 INFO  safemode.SCMSafeModeManager (DataNodeSafeModeRule.java:process(71)) - SCM in safe mode. 1 DataNodes registered, 1 required.
2019-07-14 08:39:12,843 INFO  safemode.SCMSafeModeManager (SCMSafeModeManager.java:validateSafeModeExitRules(177)) - ScmSafeModeManager, all rules are successfully validated
2019-07-14 08:39:12,843 INFO  safemode.SCMSafeModeManager (SCMSafeModeManager.java:exitSafeMode(193)) - SCM exiting safe mode.
2019-07-14 08:39:12,851 INFO  impl.RaftServerProxy (RaftServerProxy.java:addNew(89)) - 308f7aef-32d3-4043-a5a3-021fc9c2f9c6: addNew group-B7246DC017D9:[308f7aef-32d3-4043-a5a3-021fc9c2f9c6:192.168.5.191:45840] returns group-B7246DC017D9:java.util.concurrent.CompletableFuture@9c150fe[Not completed]
2019-07-14 08:39:12,852 INFO  impl.RaftServerImpl (RaftServerImpl.java:<init>(93)) - 308f7aef-32d3-4043-a5a3-021fc9c2f9c6: new RaftServerImpl for group-B7246DC017D9:[308f7aef-32d3-4043-a5a3-021fc9c2f9c6:192.168.5.191:45840] with ContainerStateMachine:uninitialized
2019-07-14 08:39:12,852 INFO  server.RaftServerConfigKeys (ConfUtils.java:logGet(43)) - raft.server.rpc.timeout.min = 5s (custom)
2019-07-14 08:39:12,852 INFO  server.RaftServerConfigKeys (ConfUtils.java:logGet(43)) - raft.server.rpc.timeout.max = 5200ms (custom)
2019-07-14 08:39:12,852 INFO  server.RaftServerConfigKeys (ConfUtils.java:logGet(43)) - raft.server.rpcslowness.timeout = 120s (custom)
2019-07-14 08:39:12,852 INFO  server.RaftServerConfigKeys (ConfUtils.java:logGet(43)) - raft.server.sleep.deviation.threshold = 300 (default)
2019-07-14 08:39:12,853 INFO  server.RaftServerConfigKeys (ConfUtils.java:logGet(43)) - raft.server.log.appender.install.snapshot.enabled = false (custom)
2019-07-14 08:39:12,853 INFO  impl.RaftServerImpl (ServerState.java:<init>(105)) - 308f7aef-32d3-4043-a5a3-021fc9c2f9c6:group-B7246DC017D9 ConfigurationManager, init=-1: [308f7aef-32d3-4043-a5a3-021fc9c2f9c6:192.168.5.191:45840], old=null, confs=<EMPTY_MAP>
2019-07-14 08:39:12,853 INFO  server.RaftServerConfigKeys (ConfUtils.java:logGet(43)) - raft.server.storage.dir = [/workdir/hadoop-ozone/integration-test/target/test-dir/MiniOzoneClusterImpl-558ab0d9-ae7f-4941-9603-f52effddca80/datanode-0/data/ratis] (custom)
2019-07-14 08:39:12,853 INFO  storage.RaftStorageDirectory (RaftStorageDirectory.java:analyzeStorage(246)) - The storage directory /workdir/hadoop-ozone/integration-test/target/test-dir/MiniOzoneClusterImpl-558ab0d9-ae7f-4941-9603-f52effddca80/datanode-0/data/ratis/13db8877-f554-45dc-bb68-b7246dc017d9 does not exist. Creating ...
2019-07-14 08:39:12,870 INFO  storage.RaftStorageDirectory (RaftStorageDirectory.java:tryLock(328)) - Lock on /workdir/hadoop-ozone/integration-test/target/test-dir/MiniOzoneClusterImpl-558ab0d9-ae7f-4941-9603-f52effddca80/datanode-0/data/ratis/13db8877-f554-45dc-bb68-b7246dc017d9/in_use.lock acquired by nodename 31844@trunk-nightly-5z2vd-27108033
2019-07-14 08:39:12,874 INFO  storage.RaftStorage (RaftStorage.java:format(72)) - Storage directory /workdir/hadoop-ozone/integration-test/target/test-dir/MiniOzoneClusterImpl-558ab0d9-ae7f-4941-9603-f52effddca80/datanode-0/data/ratis/13db8877-f554-45dc-bb68-b7246dc017d9 has been successfully formatted.
2019-07-14 08:39:12,874 INFO  ratis.ContainerStateMachine (ContainerStateMachine.java:loadSnapshot(200)) - group-B7246DC017D9: The snapshot info is null. Setting the last applied indexto:(t:0, i:~)
2019-07-14 08:39:12,874 INFO  server.RaftServerConfigKeys (ConfUtils.java:logGet(43)) - raft.server.leader.election.timeout = 120s (custom)
2019-07-14 08:39:12,874 INFO  server.RaftServerConfigKeys (ConfUtils.java:logGet(43)) - raft.server.log.use.memory = false (default)
2019-07-14 08:39:12,875 INFO  server.RaftServerConfigKeys (ConfUtils.java:logGet(43)) - raft.server.log.purge.gap = 1000000000 (custom)
2019-07-14 08:39:12,875 INFO  server.RaftServerConfigKeys (ConfUtils.java:logGet(43)) - raft.server.log.appender.buffer.byte-limit = 33554432 (custom)
2019-07-14 08:39:12,875 INFO  server.RaftServerConfigKeys (ConfUtils.java:logGet(43)) - raft.server.log.segment.size.max = 1048576 (custom)
2019-07-14 08:39:12,875 INFO  server.RaftServerConfigKeys (ConfUtils.java:logGet(43)) - raft.server.log.segment.cache.num.max = 2 (custom)
2019-07-14 08:39:12,875 INFO  segmented.SegmentedRaftLogWorker (SegmentedRaftLogWorker.java:<init>(172)) - new 308f7aef-32d3-4043-a5a3-021fc9c2f9c6-SegmentedRaftLogWorker:Storage Directory /workdir/hadoop-ozone/integration-test/target/test-dir/MiniOzoneClusterImpl-558ab0d9-ae7f-4941-9603-f52effddca80/datanode-0/data/ratis/13db8877-f554-45dc-bb68-b7246dc017d9 for RaftStorage:Storage Directory /workdir/hadoop-ozone/integration-test/target/test-dir/MiniOzoneClusterImpl-558ab0d9-ae7f-4941-9603-f52effddca80/datanode-0/data/ratis/13db8877-f554-45dc-bb68-b7246dc017d9
2019-07-14 08:39:12,876 INFO  server.RaftServerConfigKeys (ConfUtils.java:logGet(43)) - raft.server.log.queue.byte-limit = 2147483647 (custom)
2019-07-14 08:39:12,876 INFO  server.RaftServerConfigKeys (ConfUtils.java:logGet(43)) - raft.server.log.queue.element-limit = 1024 (custom)
2019-07-14 08:39:12,876 INFO  server.RaftServerConfigKeys (ConfUtils.java:logGet(43)) - raft.server.log.segment.size.max = 1048576 (custom)
2019-07-14 08:39:12,876 INFO  server.RaftServerConfigKeys (ConfUtils.java:logGet(43)) - raft.server.log.preallocated.size = 16384 (custom)
2019-07-14 08:39:12,876 INFO  server.RaftServerConfigKeys (ConfUtils.java:logGet(43)) - raft.server.log.write.buffer.size = 33554432 (custom)
2019-07-14 08:39:12,876 INFO  server.RaftServerConfigKeys (ConfUtils.java:logGet(43)) - raft.server.log.force.sync.num = 128 (default)
2019-07-14 08:39:12,877 INFO  server.RaftServerConfigKeys (ConfUtils.java:logGet(43)) - raft.server.log.statemachine.data.sync = true (default)
2019-07-14 08:39:12,877 INFO  server.RaftServerConfigKeys (ConfUtils.java:logGet(43)) - raft.server.log.statemachine.data.sync.timeout = 10s (default)
2019-07-14 08:39:12,877 INFO  server.RaftServerConfigKeys (ConfUtils.java:logGet(43)) - raft.server.log.statemachine.data.sync.timeout.retry = -1 (default)
2019-07-14 08:39:12,877 INFO  server.RaftServerConfigKeys (ConfUtils.java:logGet(43)) - raft.server.log.statemachine.data.caching.enabled = true (custom)
2019-07-14 08:39:12,878 INFO  segmented.SegmentedRaftLogWorker (SegmentedRaftLogWorker.java:lambda$new$0(132)) - 308f7aef-32d3-4043-a5a3-021fc9c2f9c6-SegmentedRaftLogWorker:Storage Directory /workdir/hadoop-ozone/integration-test/target/test-dir/MiniOzoneClusterImpl-558ab0d9-ae7f-4941-9603-f52effddca80/datanode-0/data/ratis/13db8877-f554-45dc-bb68-b7246dc017d9: flushIndex: setUnconditionally 0 -> -1
2019-07-14 08:39:12,878 INFO  server.RaftServerConfigKeys (ConfUtils.java:logGet(43)) - raft.server.snapshot.auto.trigger.enabled = true (custom)
2019-07-14 08:39:12,878 INFO  server.RaftServerConfigKeys (ConfUtils.java:logGet(43)) - raft.server.snapshot.auto.trigger.threshold = 10000 (custom)
2019-07-14 08:39:12,878 INFO  server.RaftServerConfigKeys (ConfUtils.java:logGet(43)) - raft.server.retrycache.expirytime = 600000ms (custom)
2019-07-14 08:39:12,878 INFO  impl.RaftServerImpl (RaftServerImpl.java:start(180)) - 308f7aef-32d3-4043-a5a3-021fc9c2f9c6: start group-B7246DC017D9
2019-07-14 08:39:12,879 INFO  impl.RaftServerImpl (RaftServerImpl.java:setRole(171)) - 308f7aef-32d3-4043-a5a3-021fc9c2f9c6:group-B7246DC017D9 changes role from null to FOLLOWER at term 0 for startAsFollower
2019-07-14 08:39:12,879 INFO  impl.RoleInfo (RoleInfo.java:updateAndGet(143)) - 308f7aef-32d3-4043-a5a3-021fc9c2f9c6: start FollowerState
2019-07-14 08:39:12,879 INFO  util.JmxRegister (JmxRegister.java:tryRegister(44)) - Successfully registered JMX Bean with object name Ratis:service=RaftServer,group=group-B7246DC017D9,id=308f7aef-32d3-4043-a5a3-021fc9c2f9c6
2019-07-14 08:39:12,882 INFO  pipeline.PipelineStateManager (PipelineStateManager.java:addPipeline(56)) - Created pipeline Pipeline[ Id: 13db8877-f554-45dc-bb68-b7246dc017d9, Nodes: 308f7aef-32d3-4043-a5a3-021fc9c2f9c6{ip: 192.168.5.191, host: trunk-nightly-5z2vd-27108033, networkLocation: /default-rack, certSerialId: null}, Type:RATIS, Factor:ONE, State:OPEN]
2019-07-14 08:39:12,893 INFO  ozone.MiniOzoneClusterImpl (MiniOzoneClusterImpl.java:lambda$waitForClusterToBeReady$0(142)) - Waiting for cluster to be ready. Got 1 of 7 DN Heartbeats.
2019-07-14 08:39:12,997 INFO  node.SCMNodeManager (SCMNodeManager.java:register(269)) - Registered Data node : c2571538-b9bd-49c9-a9d1-5ffa1fd504df{ip: 192.168.5.191, host: trunk-nightly-5z2vd-27108033, networkLocation: /default-rack, certSerialId: null}
2019-07-14 08:39:13,004 INFO  impl.RaftServerProxy (RaftServerProxy.java:addNew(89)) - c2571538-b9bd-49c9-a9d1-5ffa1fd504df: addNew group-F46682AF98CC:[c2571538-b9bd-49c9-a9d1-5ffa1fd504df:192.168.5.191:44660] returns group-F46682AF98CC:java.util.concurrent.CompletableFuture@47a229c3[Not completed]
2019-07-14 08:39:13,005 INFO  impl.RaftServerImpl (RaftServerImpl.java:<init>(93)) - c2571538-b9bd-49c9-a9d1-5ffa1fd504df: new RaftServerImpl for group-F46682AF98CC:[c2571538-b9bd-49c9-a9d1-5ffa1fd504df:192.168.5.191:44660] with ContainerStateMachine:uninitialized
2019-07-14 08:39:13,005 INFO  server.RaftServerConfigKeys (ConfUtils.java:logGet(43)) - raft.server.rpc.timeout.min = 5s (custom)
2019-07-14 08:39:13,005 INFO  server.RaftServerConfigKeys (ConfUtils.java:logGet(43)) - raft.server.rpc.timeout.max = 5200ms (custom)
2019-07-14 08:39:13,005 INFO  server.RaftServerConfigKeys (ConfUtils.java:logGet(43)) - raft.server.rpcslowness.timeout = 120s (custom)
2019-07-14 08:39:13,005 INFO  server.RaftServerConfigKeys (ConfUtils.java:logGet(43)) - raft.server.sleep.deviation.threshold = 300 (default)
2019-07-14 08:39:13,005 INFO  server.RaftServerConfigKeys (ConfUtils.java:logGet(43)) - raft.server.log.appender.install.snapshot.enabled = false (custom)
2019-07-14 08:39:13,005 INFO  impl.RaftServerImpl (ServerState.java:<init>(105)) - c2571538-b9bd-49c9-a9d1-5ffa1fd504df:group-F46682AF98CC ConfigurationManager, init=-1: [c2571538-b9bd-49c9-a9d1-5ffa1fd504df:192.168.5.191:44660], old=null, confs=<EMPTY_MAP>
2019-07-14 08:39:13,006 INFO  server.RaftServerConfigKeys (ConfUtils.java:logGet(43)) - raft.server.storage.dir = [/workdir/hadoop-ozone/integration-test/target/test-dir/MiniOzoneClusterImpl-558ab0d9-ae7f-4941-9603-f52effddca80/datanode-1/data/ratis] (custom)
2019-07-14 08:39:13,006 INFO  storage.RaftStorageDirectory (RaftStorageDirectory.java:analyzeStorage(246)) - The storage directory /workdir/hadoop-ozone/integration-test/target/test-dir/MiniOzoneClusterImpl-558ab0d9-ae7f-4941-9603-f52effddca80/datanode-1/data/ratis/67379dfd-11ea-44e9-b4aa-f46682af98cc does not exist. Creating ...
2019-07-14 08:39:13,013 INFO  storage.RaftStorageDirectory (RaftStorageDirectory.java:tryLock(328)) - Lock on /workdir/hadoop-ozone/integration-test/target/test-dir/MiniOzoneClusterImpl-558ab0d9-ae7f-4941-9603-f52effddca80/datanode-1/data/ratis/67379dfd-11ea-44e9-b4aa-f46682af98cc/in_use.lock acquired by nodename 31844@trunk-nightly-5z2vd-27108033
2019-07-14 08:39:13,017 INFO  storage.RaftStorage (RaftStorage.java:format(72)) - Storage directory /workdir/hadoop-ozone/integration-test/target/test-dir/MiniOzoneClusterImpl-558ab0d9-ae7f-4941-9603-f52effddca80/datanode-1/data/ratis/67379dfd-11ea-44e9-b4aa-f46682af98cc has been successfully formatted.
2019-07-14 08:39:13,017 INFO  ratis.ContainerStateMachine (ContainerStateMachine.java:loadSnapshot(200)) - group-F46682AF98CC: The snapshot info is null. Setting the last applied indexto:(t:0, i:~)
2019-07-14 08:39:13,018 INFO  server.RaftServerConfigKeys (ConfUtils.java:logGet(43)) - raft.server.leader.election.timeout = 120s (custom)
2019-07-14 08:39:13,018 INFO  server.RaftServerConfigKeys (ConfUtils.java:logGet(43)) - raft.server.log.use.memory = false (default)
2019-07-14 08:39:13,018 INFO  server.RaftServerConfigKeys (ConfUtils.java:logGet(43)) - raft.server.log.purge.gap = 1000000000 (custom)
2019-07-14 08:39:13,018 INFO  server.RaftServerConfigKeys (ConfUtils.java:logGet(43)) - raft.server.log.appender.buffer.byte-limit = 33554432 (custom)
2019-07-14 08:39:13,018 INFO  server.RaftServerConfigKeys (ConfUtils.java:logGet(43)) - raft.server.log.segment.size.max = 1048576 (custom)
2019-07-14 08:39:13,018 INFO  server.RaftServerConfigKeys (ConfUtils.java:logGet(43)) - raft.server.log.segment.cache.num.max = 2 (custom)
2019-07-14 08:39:13,019 INFO  segmented.SegmentedRaftLogWorker (SegmentedRaftLogWorker.java:<init>(172)) - new c2571538-b9bd-49c9-a9d1-5ffa1fd504df-SegmentedRaftLogWorker:Storage Directory /workdir/hadoop-ozone/integration-test/target/test-dir/MiniOzoneClusterImpl-558ab0d9-ae7f-4941-9603-f52effddca80/datanode-1/data/ratis/67379dfd-11ea-44e9-b4aa-f46682af98cc for RaftStorage:Storage Directory /workdir/hadoop-ozone/integration-test/target/test-dir/MiniOzoneClusterImpl-558ab0d9-ae7f-4941-9603-f52effddca80/datanode-1/data/ratis/67379dfd-11ea-44e9-b4aa-f46682af98cc
2019-07-14 08:39:13,019 INFO  server.RaftServerConfigKeys (ConfUtils.java:logGet(43)) - raft.server.log.queue.byte-limit = 2147483647 (custom)
2019-07-14 08:39:13,019 INFO  server.RaftServerConfigKeys (ConfUtils.java:logGet(43)) - raft.server.log.queue.element-limit = 1024 (custom)
2019-07-14 08:39:13,019 INFO  server.RaftServerConfigKeys (ConfUtils.java:logGet(43)) - raft.server.log.segment.size.max = 1048576 (custom)
2019-07-14 08:39:13,019 INFO  server.RaftServerConfigKeys (ConfUtils.java:logGet(43)) - raft.server.log.preallocated.size = 16384 (custom)
2019-07-14 08:39:13,019 INFO  server.RaftServerConfigKeys (ConfUtils.java:logGet(43)) - raft.server.log.write.buffer.size = 33554432 (custom)
2019-07-14 08:39:13,019 INFO  server.RaftServerConfigKeys (ConfUtils.java:logGet(43)) - raft.server.log.force.sync.num = 128 (default)
2019-07-14 08:39:13,020 INFO  server.RaftServerConfigKeys (ConfUtils.java:logGet(43)) - raft.server.log.statemachine.data.sync = true (default)
2019-07-14 08:39:13,020 INFO  server.RaftServerConfigKeys (ConfUtils.java:logGet(43)) - raft.server.log.statemachine.data.sync.timeout = 10s (default)
2019-07-14 08:39:13,020 INFO  server.RaftServerConfigKeys (ConfUtils.java:logGet(43)) - raft.server.log.statemachine.data.sync.timeout.retry = -1 (default)
2019-07-14 08:39:13,020 INFO  server.RaftServerConfigKeys (ConfUtils.java:logGet(43)) - raft.server.log.statemachine.data.caching.enabled = true (custom)
2019-07-14 08:39:13,021 INFO  segmented.SegmentedRaftLogWorker (SegmentedRaftLogWorker.java:lambda$new$0(132)) - c2571538-b9bd-49c9-a9d1-5ffa1fd504df-SegmentedRaftLogWorker:Storage Directory /workdir/hadoop-ozone/integration-test/target/test-dir/MiniOzoneClusterImpl-558ab0d9-ae7f-4941-9603-f52effddca80/datanode-1/data/ratis/67379dfd-11ea-44e9-b4aa-f46682af98cc: flushIndex: setUnconditionally 0 -> -1
2019-07-14 08:39:13,021 INFO  server.RaftServerConfigKeys (ConfUtils.java:logGet(43)) - raft.server.snapshot.auto.trigger.enabled = true (custom)
2019-07-14 08:39:13,021 INFO  server.RaftServerConfigKeys (ConfUtils.java:logGet(43)) - raft.server.snapshot.auto.trigger.threshold = 10000 (custom)
2019-07-14 08:39:13,021 INFO  server.RaftServerConfigKeys (ConfUtils.java:logGet(43)) - raft.server.retrycache.expirytime = 600000ms (custom)
2019-07-14 08:39:13,021 INFO  impl.RaftServerImpl (RaftServerImpl.java:start(180)) - c2571538-b9bd-49c9-a9d1-5ffa1fd504df: start group-F46682AF98CC
2019-07-14 08:39:13,021 INFO  impl.RaftServerImpl (RaftServerImpl.java:setRole(171)) - c2571538-b9bd-49c9-a9d1-5ffa1fd504df:group-F46682AF98CC changes role from null to FOLLOWER at term 0 for startAsFollower
2019-07-14 08:39:13,022 INFO  impl.RoleInfo (RoleInfo.java:updateAndGet(143)) - c2571538-b9bd-49c9-a9d1-5ffa1fd504df: start FollowerState
2019-07-14 08:39:13,022 INFO  util.JmxRegister (JmxRegister.java:tryRegister(44)) - Successfully registered JMX Bean with object name Ratis:service=RaftServer,group=group-F46682AF98CC,id=c2571538-b9bd-49c9-a9d1-5ffa1fd504df
2019-07-14 08:39:13,024 INFO  pipeline.PipelineStateManager (PipelineStateManager.java:addPipeline(56)) - Created pipeline Pipeline[ Id: 67379dfd-11ea-44e9-b4aa-f46682af98cc, Nodes: c2571538-b9bd-49c9-a9d1-5ffa1fd504df{ip: 192.168.5.191, host: trunk-nightly-5z2vd-27108033, networkLocation: /default-rack, certSerialId: null}, Type:RATIS, Factor:ONE, State:OPEN]
2019-07-14 08:39:13,163 INFO  node.SCMNodeManager (SCMNodeManager.java:register(269)) - Registered Data node : ee549b8e-f8d8-4c31-9b0a-9326955f9b1b{ip: 192.168.5.191, host: trunk-nightly-5z2vd-27108033, networkLocation: /default-rack, certSerialId: null}
2019-07-14 08:39:13,170 INFO  impl.RaftServerProxy (RaftServerProxy.java:addNew(89)) - ee549b8e-f8d8-4c31-9b0a-9326955f9b1b: addNew group-ADC7834F1387:[ee549b8e-f8d8-4c31-9b0a-9326955f9b1b:192.168.5.191:38108] returns group-ADC7834F1387:java.util.concurrent.CompletableFuture@8ad6f89[Not completed]
2019-07-14 08:39:13,171 INFO  impl.RaftServerImpl (RaftServerImpl.java:<init>(93)) - ee549b8e-f8d8-4c31-9b0a-9326955f9b1b: new RaftServerImpl for group-ADC7834F1387:[ee549b8e-f8d8-4c31-9b0a-9326955f9b1b:192.168.5.191:38108] with ContainerStateMachine:uninitialized
2019-07-14 08:39:13,171 INFO  server.RaftServerConfigKeys (ConfUtils.java:logGet(43)) - raft.server.rpc.timeout.min = 5s (custom)
2019-07-14 08:39:13,171 INFO  server.RaftServerConfigKeys (ConfUtils.java:logGet(43)) - raft.server.rpc.timeout.max = 5200ms (custom)
2019-07-14 08:39:13,171 INFO  server.RaftServerConfigKeys (ConfUtils.java:logGet(43)) - raft.server.rpcslowness.timeout = 120s (custom)
2019-07-14 08:39:13,172 INFO  server.RaftServerConfigKeys (ConfUtils.java:logGet(43)) - raft.server.sleep.deviation.threshold = 300 (default)
2019-07-14 08:39:13,172 INFO  server.RaftServerConfigKeys (ConfUtils.java:logGet(43)) - raft.server.log.appender.install.snapshot.enabled = false (custom)
2019-07-14 08:39:13,172 INFO  impl.RaftServerImpl (ServerState.java:<init>(105)) - ee549b8e-f8d8-4c31-9b0a-9326955f9b1b:group-ADC7834F1387 ConfigurationManager, init=-1: [ee549b8e-f8d8-4c31-9b0a-9326955f9b1b:192.168.5.191:38108], old=null, confs=<EMPTY_MAP>
2019-07-14 08:39:13,172 INFO  server.RaftServerConfigKeys (ConfUtils.java:logGet(43)) - raft.server.storage.dir = [/workdir/hadoop-ozone/integration-test/target/test-dir/MiniOzoneClusterImpl-558ab0d9-ae7f-4941-9603-f52effddca80/datanode-2/data/ratis] (custom)
2019-07-14 08:39:13,172 INFO  storage.RaftStorageDirectory (RaftStorageDirectory.java:analyzeStorage(246)) - The storage directory /workdir/hadoop-ozone/integration-test/target/test-dir/MiniOzoneClusterImpl-558ab0d9-ae7f-4941-9603-f52effddca80/datanode-2/data/ratis/fa4e1555-a27e-4189-97ad-adc7834f1387 does not exist. Creating ...
2019-07-14 08:39:13,185 INFO  storage.RaftStorageDirectory (RaftStorageDirectory.java:tryLock(328)) - Lock on /workdir/hadoop-ozone/integration-test/target/test-dir/MiniOzoneClusterImpl-558ab0d9-ae7f-4941-9603-f52effddca80/datanode-2/data/ratis/fa4e1555-a27e-4189-97ad-adc7834f1387/in_use.lock acquired by nodename 31844@trunk-nightly-5z2vd-27108033
2019-07-14 08:39:13,189 INFO  storage.RaftStorage (RaftStorage.java:format(72)) - Storage directory /workdir/hadoop-ozone/integration-test/target/test-dir/MiniOzoneClusterImpl-558ab0d9-ae7f-4941-9603-f52effddca80/datanode-2/data/ratis/fa4e1555-a27e-4189-97ad-adc7834f1387 has been successfully formatted.
2019-07-14 08:39:13,189 INFO  ratis.ContainerStateMachine (ContainerStateMachine.java:loadSnapshot(200)) - group-ADC7834F1387: The snapshot info is null. Setting the last applied indexto:(t:0, i:~)
2019-07-14 08:39:13,189 INFO  server.RaftServerConfigKeys (ConfUtils.java:logGet(43)) - raft.server.leader.election.timeout = 120s (custom)
2019-07-14 08:39:13,189 INFO  server.RaftServerConfigKeys (ConfUtils.java:logGet(43)) - raft.server.log.use.memory = false (default)
2019-07-14 08:39:13,190 INFO  server.RaftServerConfigKeys (ConfUtils.java:logGet(43)) - raft.server.log.purge.gap = 1000000000 (custom)
2019-07-14 08:39:13,190 INFO  server.RaftServerConfigKeys (ConfUtils.java:logGet(43)) - raft.server.log.appender.buffer.byte-limit = 33554432 (custom)
2019-07-14 08:39:13,190 INFO  server.RaftServerConfigKeys (ConfUtils.java:logGet(43)) - raft.server.log.segment.size.max = 1048576 (custom)
2019-07-14 08:39:13,190 INFO  server.RaftServerConfigKeys (ConfUtils.java:logGet(43)) - raft.server.log.segment.cache.num.max = 2 (custom)
2019-07-14 08:39:13,190 INFO  segmented.SegmentedRaftLogWorker (SegmentedRaftLogWorker.java:<init>(172)) - new ee549b8e-f8d8-4c31-9b0a-9326955f9b1b-SegmentedRaftLogWorker:Storage Directory /workdir/hadoop-ozone/integration-test/target/test-dir/MiniOzoneClusterImpl-558ab0d9-ae7f-4941-9603-f52effddca80/datanode-2/data/ratis/fa4e1555-a27e-4189-97ad-adc7834f1387 for RaftStorage:Storage Directory /workdir/hadoop-ozone/integration-test/target/test-dir/MiniOzoneClusterImpl-558ab0d9-ae7f-4941-9603-f52effddca80/datanode-2/data/ratis/fa4e1555-a27e-4189-97ad-adc7834f1387
2019-07-14 08:39:13,190 INFO  server.RaftServerConfigKeys (ConfUtils.java:logGet(43)) - raft.server.log.queue.byte-limit = 2147483647 (custom)
2019-07-14 08:39:13,191 INFO  server.RaftServerConfigKeys (ConfUtils.java:logGet(43)) - raft.server.log.queue.element-limit = 1024 (custom)
2019-07-14 08:39:13,191 INFO  server.RaftServerConfigKeys (ConfUtils.java:logGet(43)) - raft.server.log.segment.size.max = 1048576 (custom)
2019-07-14 08:39:13,191 INFO  server.RaftServerConfigKeys (ConfUtils.java:logGet(43)) - raft.server.log.preallocated.size = 16384 (custom)
2019-07-14 08:39:13,191 INFO  server.RaftServerConfigKeys (ConfUtils.java:logGet(43)) - raft.server.log.write.buffer.size = 33554432 (custom)
2019-07-14 08:39:13,191 INFO  server.RaftServerConfigKeys (ConfUtils.java:logGet(43)) - raft.server.log.force.sync.num = 128 (default)
2019-07-14 08:39:13,191 INFO  server.RaftServerConfigKeys (ConfUtils.java:logGet(43)) - raft.server.log.statemachine.data.sync = true (default)
2019-07-14 08:39:13,192 INFO  server.RaftServerConfigKeys (ConfUtils.java:logGet(43)) - raft.server.log.statemachine.data.sync.timeout = 10s (default)
2019-07-14 08:39:13,192 INFO  server.RaftServerConfigKeys (ConfUtils.java:logGet(43)) - raft.server.log.statemachine.data.sync.timeout.retry = -1 (default)
2019-07-14 08:39:13,192 INFO  server.RaftServerConfigKeys (ConfUtils.java:logGet(43)) - raft.server.log.statemachine.data.caching.enabled = true (custom)
2019-07-14 08:39:13,192 INFO  segmented.SegmentedRaftLogWorker (SegmentedRaftLogWorker.java:lambda$new$0(132)) - ee549b8e-f8d8-4c31-9b0a-9326955f9b1b-SegmentedRaftLogWorker:Storage Directory /workdir/hadoop-ozone/integration-test/target/test-dir/MiniOzoneClusterImpl-558ab0d9-ae7f-4941-9603-f52effddca80/datanode-2/data/ratis/fa4e1555-a27e-4189-97ad-adc7834f1387: flushIndex: setUnconditionally 0 -> -1
2019-07-14 08:39:13,193 INFO  server.RaftServerConfigKeys (ConfUtils.java:logGet(43)) - raft.server.snapshot.auto.trigger.enabled = true (custom)
2019-07-14 08:39:13,193 INFO  server.RaftServerConfigKeys (ConfUtils.java:logGet(43)) - raft.server.snapshot.auto.trigger.threshold = 10000 (custom)
2019-07-14 08:39:13,193 INFO  server.RaftServerConfigKeys (ConfUtils.java:logGet(43)) - raft.server.retrycache.expirytime = 600000ms (custom)
2019-07-14 08:39:13,193 INFO  impl.RaftServerImpl (RaftServerImpl.java:start(180)) - ee549b8e-f8d8-4c31-9b0a-9326955f9b1b: start group-ADC7834F1387
2019-07-14 08:39:13,193 INFO  impl.RaftServerImpl (RaftServerImpl.java:setRole(171)) - ee549b8e-f8d8-4c31-9b0a-9326955f9b1b:group-ADC7834F1387 changes role from null to FOLLOWER at term 0 for startAsFollower
2019-07-14 08:39:13,194 INFO  impl.RoleInfo (RoleInfo.java:updateAndGet(143)) - ee549b8e-f8d8-4c31-9b0a-9326955f9b1b: start FollowerState
2019-07-14 08:39:13,194 INFO  util.JmxRegister (JmxRegister.java:tryRegister(44)) - Successfully registered JMX Bean with object name Ratis:service=RaftServer,group=group-ADC7834F1387,id=ee549b8e-f8d8-4c31-9b0a-9326955f9b1b
2019-07-14 08:39:13,196 INFO  pipeline.PipelineStateManager (PipelineStateManager.java:addPipeline(56)) - Created pipeline Pipeline[ Id: fa4e1555-a27e-4189-97ad-adc7834f1387, Nodes: ee549b8e-f8d8-4c31-9b0a-9326955f9b1b{ip: 192.168.5.191, host: trunk-nightly-5z2vd-27108033, networkLocation: /default-rack, certSerialId: null}, Type:RATIS, Factor:ONE, State:OPEN]
2019-07-14 08:39:13,216 INFO  impl.RaftServerProxy (RaftServerProxy.java:addNew(89)) - c2571538-b9bd-49c9-a9d1-5ffa1fd504df: addNew group-DAD5A5AD9770:[c2571538-b9bd-49c9-a9d1-5ffa1fd504df:192.168.5.191:44660, ee549b8e-f8d8-4c31-9b0a-9326955f9b1b:192.168.5.191:38108, 308f7aef-32d3-4043-a5a3-021fc9c2f9c6:192.168.5.191:45840] returns group-DAD5A5AD9770:java.util.concurrent.CompletableFuture@499ee32a[Not completed]
2019-07-14 08:39:13,216 INFO  impl.RaftServerProxy (RaftServerProxy.java:addNew(89)) - 308f7aef-32d3-4043-a5a3-021fc9c2f9c6: addNew group-DAD5A5AD9770:[c2571538-b9bd-49c9-a9d1-5ffa1fd504df:192.168.5.191:44660, ee549b8e-f8d8-4c31-9b0a-9326955f9b1b:192.168.5.191:38108, 308f7aef-32d3-4043-a5a3-021fc9c2f9c6:192.168.5.191:45840] returns group-DAD5A5AD9770:java.util.concurrent.CompletableFuture@2431eb4a[Not completed]
2019-07-14 08:39:13,216 INFO  impl.RaftServerProxy (RaftServerProxy.java:addNew(89)) - ee549b8e-f8d8-4c31-9b0a-9326955f9b1b: addNew group-DAD5A5AD9770:[c2571538-b9bd-49c9-a9d1-5ffa1fd504df:192.168.5.191:44660, ee549b8e-f8d8-4c31-9b0a-9326955f9b1b:192.168.5.191:38108, 308f7aef-32d3-4043-a5a3-021fc9c2f9c6:192.168.5.191:45840] returns group-DAD5A5AD9770:java.util.concurrent.CompletableFuture@3b70024f[Not completed]
2019-07-14 08:39:13,217 INFO  impl.RaftServerImpl (RaftServerImpl.java:<init>(93)) - ee549b8e-f8d8-4c31-9b0a-9326955f9b1b: new RaftServerImpl for group-DAD5A5AD9770:[c2571538-b9bd-49c9-a9d1-5ffa1fd504df:192.168.5.191:44660, ee549b8e-f8d8-4c31-9b0a-9326955f9b1b:192.168.5.191:38108, 308f7aef-32d3-4043-a5a3-021fc9c2f9c6:192.168.5.191:45840] with ContainerStateMachine:uninitialized
2019-07-14 08:39:13,217 INFO  server.RaftServerConfigKeys (ConfUtils.java:logGet(43)) - raft.server.rpc.timeout.min = 5s (custom)
2019-07-14 08:39:13,217 INFO  server.RaftServerConfigKeys (ConfUtils.java:logGet(43)) - raft.server.rpc.timeout.max = 5200ms (custom)
2019-07-14 08:39:13,217 INFO  server.RaftServerConfigKeys (ConfUtils.java:logGet(43)) - raft.server.rpcslowness.timeout = 120s (custom)
2019-07-14 08:39:13,217 INFO  impl.RaftServerImpl (RaftServerImpl.java:<init>(93)) - 308f7aef-32d3-4043-a5a3-021fc9c2f9c6: new RaftServerImpl for group-DAD5A5AD9770:[c2571538-b9bd-49c9-a9d1-5ffa1fd504df:192.168.5.191:44660, ee549b8e-f8d8-4c31-9b0a-9326955f9b1b:192.168.5.191:38108, 308f7aef-32d3-4043-a5a3-021fc9c2f9c6:192.168.5.191:45840] with ContainerStateMachine:uninitialized
2019-07-14 08:39:13,218 INFO  server.RaftServerConfigKeys (ConfUtils.java:logGet(43)) - raft.server.sleep.deviation.threshold = 300 (default)
2019-07-14 08:39:13,218 INFO  server.RaftServerConfigKeys (ConfUtils.java:logGet(43)) - raft.server.rpc.timeout.min = 5s (custom)
2019-07-14 08:39:13,218 INFO  impl.RaftServerImpl (RaftServerImpl.java:<init>(93)) - c2571538-b9bd-49c9-a9d1-5ffa1fd504df: new RaftServerImpl for group-DAD5A5AD9770:[c2571538-b9bd-49c9-a9d1-5ffa1fd504df:192.168.5.191:44660, ee549b8e-f8d8-4c31-9b0a-9326955f9b1b:192.168.5.191:38108, 308f7aef-32d3-4043-a5a3-021fc9c2f9c6:192.168.5.191:45840] with ContainerStateMachine:uninitialized
2019-07-14 08:39:13,218 INFO  server.RaftServerConfigKeys (ConfUtils.java:logGet(43)) - raft.server.rpc.timeout.max = 5200ms (custom)
2019-07-14 08:39:13,218 INFO  server.RaftServerConfigKeys (ConfUtils.java:logGet(43)) - raft.server.rpcslowness.timeout = 120s (custom)
2019-07-14 08:39:13,218 INFO  server.RaftServerConfigKeys (ConfUtils.java:logGet(43)) - raft.server.log.appender.install.snapshot.enabled = false (custom)
2019-07-14 08:39:13,218 INFO  server.RaftServerConfigKeys (ConfUtils.java:logGet(43)) - raft.server.sleep.deviation.threshold = 300 (default)
2019-07-14 08:39:13,219 INFO  server.RaftServerConfigKeys (ConfUtils.java:logGet(43)) - raft.server.log.appender.install.snapshot.enabled = false (custom)
2019-07-14 08:39:13,218 INFO  server.RaftServerConfigKeys (ConfUtils.java:logGet(43)) - raft.server.rpc.timeout.min = 5s (custom)
2019-07-14 08:39:13,219 INFO  impl.RaftServerImpl (ServerState.java:<init>(105)) - 308f7aef-32d3-4043-a5a3-021fc9c2f9c6:group-DAD5A5AD9770 ConfigurationManager, init=-1: [c2571538-b9bd-49c9-a9d1-5ffa1fd504df:192.168.5.191:44660, ee549b8e-f8d8-4c31-9b0a-9326955f9b1b:192.168.5.191:38108, 308f7aef-32d3-4043-a5a3-021fc9c2f9c6:192.168.5.191:45840], old=null, confs=<EMPTY_MAP>
2019-07-14 08:39:13,219 INFO  impl.RaftServerImpl (ServerState.java:<init>(105)) - ee549b8e-f8d8-4c31-9b0a-9326955f9b1b:group-DAD5A5AD9770 ConfigurationManager, init=-1: [c2571538-b9bd-49c9-a9d1-5ffa1fd504df:192.168.5.191:44660, ee549b8e-f8d8-4c31-9b0a-9326955f9b1b:192.168.5.191:38108, 308f7aef-32d3-4043-a5a3-021fc9c2f9c6:192.168.5.191:45840], old=null, confs=<EMPTY_MAP>
2019-07-14 08:39:13,219 INFO  server.RaftServerConfigKeys (ConfUtils.java:logGet(43)) - raft.server.storage.dir = [/workdir/hadoop-ozone/integration-test/target/test-dir/MiniOzoneClusterImpl-558ab0d9-ae7f-4941-9603-f52effddca80/datanode-0/data/ratis] (custom)
2019-07-14 08:39:13,219 INFO  server.RaftServerConfigKeys (ConfUtils.java:logGet(43)) - raft.server.rpc.timeout.max = 5200ms (custom)
2019-07-14 08:39:13,219 INFO  server.RaftServerConfigKeys (ConfUtils.java:logGet(43)) - raft.server.storage.dir = [/workdir/hadoop-ozone/integration-test/target/test-dir/MiniOzoneClusterImpl-558ab0d9-ae7f-4941-9603-f52effddca80/datanode-2/data/ratis] (custom)
2019-07-14 08:39:13,220 INFO  storage.RaftStorageDirectory (RaftStorageDirectory.java:analyzeStorage(246)) - The storage directory /workdir/hadoop-ozone/integration-test/target/test-dir/MiniOzoneClusterImpl-558ab0d9-ae7f-4941-9603-f52effddca80/datanode-0/data/ratis/f14fc677-ff9c-4a5b-ae85-dad5a5ad9770 does not exist. Creating ...
2019-07-14 08:39:13,220 INFO  server.RaftServerConfigKeys (ConfUtils.java:logGet(43)) - raft.server.rpcslowness.timeout = 120s (custom)
2019-07-14 08:39:13,220 INFO  storage.RaftStorageDirectory (RaftStorageDirectory.java:analyzeStorage(246)) - The storage directory /workdir/hadoop-ozone/integration-test/target/test-dir/MiniOzoneClusterImpl-558ab0d9-ae7f-4941-9603-f52effddca80/datanode-2/data/ratis/f14fc677-ff9c-4a5b-ae85-dad5a5ad9770 does not exist. Creating ...
2019-07-14 08:39:13,220 INFO  server.RaftServerConfigKeys (ConfUtils.java:logGet(43)) - raft.server.sleep.deviation.threshold = 300 (default)
2019-07-14 08:39:13,220 INFO  server.RaftServerConfigKeys (ConfUtils.java:logGet(43)) - raft.server.log.appender.install.snapshot.enabled = false (custom)
2019-07-14 08:39:13,220 INFO  impl.RaftServerImpl (ServerState.java:<init>(105)) - c2571538-b9bd-49c9-a9d1-5ffa1fd504df:group-DAD5A5AD9770 ConfigurationManager, init=-1: [c2571538-b9bd-49c9-a9d1-5ffa1fd504df:192.168.5.191:44660, ee549b8e-f8d8-4c31-9b0a-9326955f9b1b:192.168.5.191:38108, 308f7aef-32d3-4043-a5a3-021fc9c2f9c6:192.168.5.191:45840], old=null, confs=<EMPTY_MAP>
2019-07-14 08:39:13,221 INFO  server.RaftServerConfigKeys (ConfUtils.java:logGet(43)) - raft.server.storage.dir = [/workdir/hadoop-ozone/integration-test/target/test-dir/MiniOzoneClusterImpl-558ab0d9-ae7f-4941-9603-f52effddca80/datanode-1/data/ratis] (custom)
2019-07-14 08:39:13,221 INFO  storage.RaftStorageDirectory (RaftStorageDirectory.java:analyzeStorage(246)) - The storage directory /workdir/hadoop-ozone/integration-test/target/test-dir/MiniOzoneClusterImpl-558ab0d9-ae7f-4941-9603-f52effddca80/datanode-1/data/ratis/f14fc677-ff9c-4a5b-ae85-dad5a5ad9770 does not exist. Creating ...
2019-07-14 08:39:13,227 INFO  storage.RaftStorageDirectory (RaftStorageDirectory.java:tryLock(328)) - Lock on /workdir/hadoop-ozone/integration-test/target/test-dir/MiniOzoneClusterImpl-558ab0d9-ae7f-4941-9603-f52effddca80/datanode-2/data/ratis/f14fc677-ff9c-4a5b-ae85-dad5a5ad9770/in_use.lock acquired by nodename 31844@trunk-nightly-5z2vd-27108033
2019-07-14 08:39:13,228 INFO  storage.RaftStorageDirectory (RaftStorageDirectory.java:tryLock(328)) - Lock on /workdir/hadoop-ozone/integration-test/target/test-dir/MiniOzoneClusterImpl-558ab0d9-ae7f-4941-9603-f52effddca80/datanode-0/data/ratis/f14fc677-ff9c-4a5b-ae85-dad5a5ad9770/in_use.lock acquired by nodename 31844@trunk-nightly-5z2vd-27108033
2019-07-14 08:39:13,228 INFO  storage.RaftStorageDirectory (RaftStorageDirectory.java:tryLock(328)) - Lock on /workdir/hadoop-ozone/integration-test/target/test-dir/MiniOzoneClusterImpl-558ab0d9-ae7f-4941-9603-f52effddca80/datanode-1/data/ratis/f14fc677-ff9c-4a5b-ae85-dad5a5ad9770/in_use.lock acquired by nodename 31844@trunk-nightly-5z2vd-27108033
2019-07-14 08:39:13,239 INFO  storage.RaftStorage (RaftStorage.java:format(72)) - Storage directory /workdir/hadoop-ozone/integration-test/target/test-dir/MiniOzoneClusterImpl-558ab0d9-ae7f-4941-9603-f52effddca80/datanode-1/data/ratis/f14fc677-ff9c-4a5b-ae85-dad5a5ad9770 has been successfully formatted.
2019-07-14 08:39:13,239 INFO  storage.RaftStorage (RaftStorage.java:format(72)) - Storage directory /workdir/hadoop-ozone/integration-test/target/test-dir/MiniOzoneClusterImpl-558ab0d9-ae7f-4941-9603-f52effddca80/datanode-2/data/ratis/f14fc677-ff9c-4a5b-ae85-dad5a5ad9770 has been successfully formatted.
2019-07-14 08:39:13,239 INFO  storage.RaftStorage (RaftStorage.java:format(72)) - Storage directory /workdir/hadoop-ozone/integration-test/target/test-dir/MiniOzoneClusterImpl-558ab0d9-ae7f-4941-9603-f52effddca80/datanode-0/data/ratis/f14fc677-ff9c-4a5b-ae85-dad5a5ad9770 has been successfully formatted.
2019-07-14 08:39:13,239 INFO  ratis.ContainerStateMachine (ContainerStateMachine.java:loadSnapshot(200)) - group-DAD5A5AD9770: The snapshot info is null. Setting the last applied indexto:(t:0, i:~)
2019-07-14 08:39:13,239 INFO  ratis.ContainerStateMachine (ContainerStateMachine.java:loadSnapshot(200)) - group-DAD5A5AD9770: The snapshot info is null. Setting the last applied indexto:(t:0, i:~)
2019-07-14 08:39:13,239 INFO  server.RaftServerConfigKeys (ConfUtils.java:logGet(43)) - raft.server.leader.election.timeout = 120s (custom)
2019-07-14 08:39:13,239 INFO  ratis.ContainerStateMachine (ContainerStateMachine.java:loadSnapshot(200)) - group-DAD5A5AD9770: The snapshot info is null. Setting the last applied indexto:(t:0, i:~)
2019-07-14 08:39:13,240 INFO  server.RaftServerConfigKeys (ConfUtils.java:logGet(43)) - raft.server.log.use.memory = false (default)
2019-07-14 08:39:13,240 INFO  server.RaftServerConfigKeys (ConfUtils.java:logGet(43)) - raft.server.log.purge.gap = 1000000000 (custom)
2019-07-14 08:39:13,240 INFO  server.RaftServerConfigKeys (ConfUtils.java:logGet(43)) - raft.server.leader.election.timeout = 120s (custom)
2019-07-14 08:39:13,240 INFO  server.RaftServerConfigKeys (ConfUtils.java:logGet(43)) - raft.server.log.appender.buffer.byte-limit = 33554432 (custom)
2019-07-14 08:39:13,240 INFO  server.RaftServerConfigKeys (ConfUtils.java:logGet(43)) - raft.server.leader.election.timeout = 120s (custom)
2019-07-14 08:39:13,240 INFO  server.RaftServerConfigKeys (ConfUtils.java:logGet(43)) - raft.server.log.segment.size.max = 1048576 (custom)
2019-07-14 08:39:13,240 INFO  server.RaftServerConfigKeys (ConfUtils.java:logGet(43)) - raft.server.log.use.memory = false (default)
2019-07-14 08:39:13,241 INFO  server.RaftServerConfigKeys (ConfUtils.java:logGet(43)) - raft.server.log.segment.cache.num.max = 2 (custom)
2019-07-14 08:39:13,241 INFO  segmented.SegmentedRaftLogWorker (SegmentedRaftLogWorker.java:<init>(172)) - new ee549b8e-f8d8-4c31-9b0a-9326955f9b1b-SegmentedRaftLogWorker:Storage Directory /workdir/hadoop-ozone/integration-test/target/test-dir/MiniOzoneClusterImpl-558ab0d9-ae7f-4941-9603-f52effddca80/datanode-2/data/ratis/f14fc677-ff9c-4a5b-ae85-dad5a5ad9770 for RaftStorage:Storage Directory /workdir/hadoop-ozone/integration-test/target/test-dir/MiniOzoneClusterImpl-558ab0d9-ae7f-4941-9603-f52effddca80/datanode-2/data/ratis/f14fc677-ff9c-4a5b-ae85-dad5a5ad9770
2019-07-14 08:39:13,241 INFO  server.RaftServerConfigKeys (ConfUtils.java:logGet(43)) - raft.server.log.use.memory = false (default)
2019-07-14 08:39:13,241 INFO  server.RaftServerConfigKeys (ConfUtils.java:logGet(43)) - raft.server.log.queue.byte-limit = 2147483647 (custom)
2019-07-14 08:39:13,242 INFO  server.RaftServerConfigKeys (ConfUtils.java:logGet(43)) - raft.server.log.queue.element-limit = 1024 (custom)
2019-07-14 08:39:13,241 INFO  server.RaftServerConfigKeys (ConfUtils.java:logGet(43)) - raft.server.log.purge.gap = 1000000000 (custom)
2019-07-14 08:39:13,242 INFO  server.RaftServerConfigKeys (ConfUtils.java:logGet(43)) - raft.server.log.segment.size.max = 1048576 (custom)
2019-07-14 08:39:13,242 INFO  server.RaftServerConfigKeys (ConfUtils.java:logGet(43)) - raft.server.log.preallocated.size = 16384 (custom)
2019-07-14 08:39:13,241 INFO  server.RaftServerConfigKeys (ConfUtils.java:logGet(43)) - raft.server.log.purge.gap = 1000000000 (custom)
2019-07-14 08:39:13,242 INFO  server.RaftServerConfigKeys (ConfUtils.java:logGet(43)) - raft.server.log.write.buffer.size = 33554432 (custom)
2019-07-14 08:39:13,243 INFO  server.RaftServerConfigKeys (ConfUtils.java:logGet(43)) - raft.server.log.force.sync.num = 128 (default)
2019-07-14 08:39:13,242 INFO  server.RaftServerConfigKeys (ConfUtils.java:logGet(43)) - raft.server.log.appender.buffer.byte-limit = 33554432 (custom)
2019-07-14 08:39:13,243 INFO  server.RaftServerConfigKeys (ConfUtils.java:logGet(43)) - raft.server.log.statemachine.data.sync = true (default)
2019-07-14 08:39:13,243 INFO  server.RaftServerConfigKeys (ConfUtils.java:logGet(43)) - raft.server.log.statemachine.data.sync.timeout = 10s (default)
2019-07-14 08:39:13,242 INFO  server.RaftServerConfigKeys (ConfUtils.java:logGet(43)) - raft.server.log.appender.buffer.byte-limit = 33554432 (custom)
2019-07-14 08:39:13,243 INFO  server.RaftServerConfigKeys (ConfUtils.java:logGet(43)) - raft.server.log.statemachine.data.sync.timeout.retry = -1 (default)
2019-07-14 08:39:13,243 INFO  server.RaftServerConfigKeys (ConfUtils.java:logGet(43)) - raft.server.log.segment.size.max = 1048576 (custom)
2019-07-14 08:39:13,244 INFO  server.RaftServerConfigKeys (ConfUtils.java:logGet(43)) - raft.server.log.statemachine.data.caching.enabled = true (custom)
2019-07-14 08:39:13,243 INFO  server.RaftServerConfigKeys (ConfUtils.java:logGet(43)) - raft.server.log.segment.size.max = 1048576 (custom)
2019-07-14 08:39:13,244 INFO  server.RaftServerConfigKeys (ConfUtils.java:logGet(43)) - raft.server.log.segment.cache.num.max = 2 (custom)
2019-07-14 08:39:13,244 INFO  server.RaftServerConfigKeys (ConfUtils.java:logGet(43)) - raft.server.log.segment.cache.num.max = 2 (custom)
2019-07-14 08:39:13,244 INFO  segmented.SegmentedRaftLogWorker (SegmentedRaftLogWorker.java:lambda$new$0(132)) - ee549b8e-f8d8-4c31-9b0a-9326955f9b1b-SegmentedRaftLogWorker:Storage Directory /workdir/hadoop-ozone/integration-test/target/test-dir/MiniOzoneClusterImpl-558ab0d9-ae7f-4941-9603-f52effddca80/datanode-2/data/ratis/f14fc677-ff9c-4a5b-ae85-dad5a5ad9770: flushIndex: setUnconditionally 0 -> -1
2019-07-14 08:39:13,244 INFO  segmented.SegmentedRaftLogWorker (SegmentedRaftLogWorker.java:<init>(172)) - new 308f7aef-32d3-4043-a5a3-021fc9c2f9c6-SegmentedRaftLogWorker:Storage Directory /workdir/hadoop-ozone/integration-test/target/test-dir/MiniOzoneClusterImpl-558ab0d9-ae7f-4941-9603-f52effddca80/datanode-0/data/ratis/f14fc677-ff9c-4a5b-ae85-dad5a5ad9770 for RaftStorage:Storage Directory /workdir/hadoop-ozone/integration-test/target/test-dir/MiniOzoneClusterImpl-558ab0d9-ae7f-4941-9603-f52effddca80/datanode-0/data/ratis/f14fc677-ff9c-4a5b-ae85-dad5a5ad9770
2019-07-14 08:39:13,244 INFO  segmented.SegmentedRaftLogWorker (SegmentedRaftLogWorker.java:<init>(172)) - new c2571538-b9bd-49c9-a9d1-5ffa1fd504df-SegmentedRaftLogWorker:Storage Directory /workdir/hadoop-ozone/integration-test/target/test-dir/MiniOzoneClusterImpl-558ab0d9-ae7f-4941-9603-f52effddca80/datanode-1/data/ratis/f14fc677-ff9c-4a5b-ae85-dad5a5ad9770 for RaftStorage:Storage Directory /workdir/hadoop-ozone/integration-test/target/test-dir/MiniOzoneClusterImpl-558ab0d9-ae7f-4941-9603-f52effddca80/datanode-1/data/ratis/f14fc677-ff9c-4a5b-ae85-dad5a5ad9770
2019-07-14 08:39:13,245 INFO  server.RaftServerConfigKeys (ConfUtils.java:logGet(43)) - raft.server.snapshot.auto.trigger.enabled = true (custom)
2019-07-14 08:39:13,245 INFO  server.RaftServerConfigKeys (ConfUtils.java:logGet(43)) - raft.server.log.queue.byte-limit = 2147483647 (custom)
2019-07-14 08:39:13,245 INFO  server.RaftServerConfigKeys (ConfUtils.java:logGet(43)) - raft.server.snapshot.auto.trigger.threshold = 10000 (custom)
2019-07-14 08:39:13,245 INFO  server.RaftServerConfigKeys (ConfUtils.java:logGet(43)) - raft.server.log.queue.byte-limit = 2147483647 (custom)
2019-07-14 08:39:13,245 INFO  server.RaftServerConfigKeys (ConfUtils.java:logGet(43)) - raft.server.retrycache.expirytime = 600000ms (custom)
2019-07-14 08:39:13,245 INFO  server.RaftServerConfigKeys (ConfUtils.java:logGet(43)) - raft.server.log.queue.element-limit = 1024 (custom)
2019-07-14 08:39:13,246 INFO  impl.RaftServerImpl (RaftServerImpl.java:start(180)) - ee549b8e-f8d8-4c31-9b0a-9326955f9b1b: start group-DAD5A5AD9770
2019-07-14 08:39:13,246 INFO  impl.RaftServerImpl (RaftServerImpl.java:setRole(171)) - ee549b8e-f8d8-4c31-9b0a-9326955f9b1b:group-DAD5A5AD9770 changes role from null to FOLLOWER at term 0 for startAsFollower
2019-07-14 08:39:13,245 INFO  server.RaftServerConfigKeys (ConfUtils.java:logGet(43)) - raft.server.log.queue.element-limit = 1024 (custom)
2019-07-14 08:39:13,246 INFO  impl.RoleInfo (RoleInfo.java:updateAndGet(143)) - ee549b8e-f8d8-4c31-9b0a-9326955f9b1b: start FollowerState
2019-07-14 08:39:13,246 INFO  server.RaftServerConfigKeys (ConfUtils.java:logGet(43)) - raft.server.log.segment.size.max = 1048576 (custom)
2019-07-14 08:39:13,246 INFO  server.RaftServerConfigKeys (ConfUtils.java:logGet(43)) - raft.server.log.segment.size.max = 1048576 (custom)
2019-07-14 08:39:13,247 INFO  util.JmxRegister (JmxRegister.java:tryRegister(44)) - Successfully registered JMX Bean with object name Ratis:service=RaftServer,group=group-DAD5A5AD9770,id=ee549b8e-f8d8-4c31-9b0a-9326955f9b1b
2019-07-14 08:39:13,247 INFO  server.RaftServerConfigKeys (ConfUtils.java:logGet(43)) - raft.server.log.preallocated.size = 16384 (custom)
2019-07-14 08:39:13,247 INFO  server.RaftServerConfigKeys (ConfUtils.java:logGet(43)) - raft.server.log.preallocated.size = 16384 (custom)
2019-07-14 08:39:13,247 INFO  server.RaftServerConfigKeys (ConfUtils.java:logGet(43)) - raft.server.log.write.buffer.size = 33554432 (custom)
2019-07-14 08:39:13,247 INFO  server.RaftServerConfigKeys (ConfUtils.java:logGet(43)) - raft.server.log.write.buffer.size = 33554432 (custom)
2019-07-14 08:39:13,248 INFO  server.RaftServerConfigKeys (ConfUtils.java:logGet(43)) - raft.server.log.force.sync.num = 128 (default)
2019-07-14 08:39:13,248 INFO  server.RaftServerConfigKeys (ConfUtils.java:logGet(43)) - raft.server.log.force.sync.num = 128 (default)
2019-07-14 08:39:13,248 INFO  server.RaftServerConfigKeys (ConfUtils.java:logGet(43)) - raft.server.log.statemachine.data.sync = true (default)
2019-07-14 08:39:13,248 INFO  server.RaftServerConfigKeys (ConfUtils.java:logGet(43)) - raft.server.log.statemachine.data.sync = true (default)
2019-07-14 08:39:13,248 INFO  server.RaftServerConfigKeys (ConfUtils.java:logGet(43)) - raft.server.log.statemachine.data.sync.timeout = 10s (default)
2019-07-14 08:39:13,248 INFO  server.RaftServerConfigKeys (ConfUtils.java:logGet(43)) - raft.server.log.statemachine.data.sync.timeout = 10s (default)
2019-07-14 08:39:13,249 INFO  server.RaftServerConfigKeys (ConfUtils.java:logGet(43)) - raft.server.log.statemachine.data.sync.timeout.retry = -1 (default)
2019-07-14 08:39:13,249 INFO  server.RaftServerConfigKeys (ConfUtils.java:logGet(43)) - raft.server.log.statemachine.data.sync.timeout.retry = -1 (default)
2019-07-14 08:39:13,249 INFO  server.RaftServerConfigKeys (ConfUtils.java:logGet(43)) - raft.server.log.statemachine.data.caching.enabled = true (custom)
2019-07-14 08:39:13,249 INFO  server.RaftServerConfigKeys (ConfUtils.java:logGet(43)) - raft.server.log.statemachine.data.caching.enabled = true (custom)
2019-07-14 08:39:13,249 INFO  segmented.SegmentedRaftLogWorker (SegmentedRaftLogWorker.java:lambda$new$0(132)) - 308f7aef-32d3-4043-a5a3-021fc9c2f9c6-SegmentedRaftLogWorker:Storage Directory /workdir/hadoop-ozone/integration-test/target/test-dir/MiniOzoneClusterImpl-558ab0d9-ae7f-4941-9603-f52effddca80/datanode-0/data/ratis/f14fc677-ff9c-4a5b-ae85-dad5a5ad9770: flushIndex: setUnconditionally 0 -> -1
2019-07-14 08:39:13,250 INFO  segmented.SegmentedRaftLogWorker (SegmentedRaftLogWorker.java:lambda$new$0(132)) - c2571538-b9bd-49c9-a9d1-5ffa1fd504df-SegmentedRaftLogWorker:Storage Directory /workdir/hadoop-ozone/integration-test/target/test-dir/MiniOzoneClusterImpl-558ab0d9-ae7f-4941-9603-f52effddca80/datanode-1/data/ratis/f14fc677-ff9c-4a5b-ae85-dad5a5ad9770: flushIndex: setUnconditionally 0 -> -1
2019-07-14 08:39:13,250 INFO  server.RaftServerConfigKeys (ConfUtils.java:logGet(43)) - raft.server.snapshot.auto.trigger.enabled = true (custom)
2019-07-14 08:39:13,250 INFO  server.RaftServerConfigKeys (ConfUtils.java:logGet(43)) - raft.server.snapshot.auto.trigger.enabled = true (custom)
2019-07-14 08:39:13,250 INFO  server.RaftServerConfigKeys (ConfUtils.java:logGet(43)) - raft.server.snapshot.auto.trigger.threshold = 10000 (custom)
2019-07-14 08:39:13,250 INFO  server.RaftServerConfigKeys (ConfUtils.java:logGet(43)) - raft.server.snapshot.auto.trigger.threshold = 10000 (custom)
2019-07-14 08:39:13,250 INFO  server.RaftServerConfigKeys (ConfUtils.java:logGet(43)) - raft.server.retrycache.expirytime = 600000ms (custom)
2019-07-14 08:39:13,250 INFO  server.RaftServerConfigKeys (ConfUtils.java:logGet(43)) - raft.server.retrycache.expirytime = 600000ms (custom)
2019-07-14 08:39:13,251 INFO  impl.RaftServerImpl (RaftServerImpl.java:start(180)) - 308f7aef-32d3-4043-a5a3-021fc9c2f9c6: start group-DAD5A5AD9770
2019-07-14 08:39:13,251 INFO  impl.RaftServerImpl (RaftServerImpl.java:start(180)) - c2571538-b9bd-49c9-a9d1-5ffa1fd504df: start group-DAD5A5AD9770
2019-07-14 08:39:13,251 INFO  impl.RaftServerImpl (RaftServerImpl.java:setRole(171)) - 308f7aef-32d3-4043-a5a3-021fc9c2f9c6:group-DAD5A5AD9770 changes role from null to FOLLOWER at term 0 for startAsFollower
2019-07-14 08:39:13,251 INFO  impl.RaftServerImpl (RaftServerImpl.java:setRole(171)) - c2571538-b9bd-49c9-a9d1-5ffa1fd504df:group-DAD5A5AD9770 changes role from null to FOLLOWER at term 0 for startAsFollower
2019-07-14 08:39:13,251 INFO  impl.RoleInfo (RoleInfo.java:updateAndGet(143)) - 308f7aef-32d3-4043-a5a3-021fc9c2f9c6: start FollowerState
2019-07-14 08:39:13,251 INFO  impl.RoleInfo (RoleInfo.java:updateAndGet(143)) - c2571538-b9bd-49c9-a9d1-5ffa1fd504df: start FollowerState
2019-07-14 08:39:13,252 INFO  util.JmxRegister (JmxRegister.java:tryRegister(44)) - Successfully registered JMX Bean with object name Ratis:service=RaftServer,group=group-DAD5A5AD9770,id=308f7aef-32d3-4043-a5a3-021fc9c2f9c6
2019-07-14 08:39:13,252 INFO  util.JmxRegister (JmxRegister.java:tryRegister(44)) - Successfully registered JMX Bean with object name Ratis:service=RaftServer,group=group-DAD5A5AD9770,id=c2571538-b9bd-49c9-a9d1-5ffa1fd504df
2019-07-14 08:39:13,254 INFO  pipeline.PipelineStateManager (PipelineStateManager.java:addPipeline(56)) - Created pipeline Pipeline[ Id: f14fc677-ff9c-4a5b-ae85-dad5a5ad9770, Nodes: 308f7aef-32d3-4043-a5a3-021fc9c2f9c6{ip: 192.168.5.191, host: trunk-nightly-5z2vd-27108033, networkLocation: /default-rack, certSerialId: null}c2571538-b9bd-49c9-a9d1-5ffa1fd504df{ip: 192.168.5.191, host: trunk-nightly-5z2vd-27108033, networkLocation: /default-rack, certSerialId: null}ee549b8e-f8d8-4c31-9b0a-9326955f9b1b{ip: 192.168.5.191, host: trunk-nightly-5z2vd-27108033, networkLocation: /default-rack, certSerialId: null}, Type:RATIS, Factor:THREE, State:OPEN]
2019-07-14 08:39:13,326 INFO  node.SCMNodeManager (SCMNodeManager.java:register(269)) - Registered Data node : fb4ac72d-3d6e-4852-a781-202df04578a5{ip: 192.168.5.191, host: trunk-nightly-5z2vd-27108033, networkLocation: /default-rack, certSerialId: null}
2019-07-14 08:39:13,332 INFO  impl.RaftServerProxy (RaftServerProxy.java:addNew(89)) - fb4ac72d-3d6e-4852-a781-202df04578a5: addNew group-19528EFB88C4:[fb4ac72d-3d6e-4852-a781-202df04578a5:192.168.5.191:38195] returns group-19528EFB88C4:java.util.concurrent.CompletableFuture@4d0f1481[Not completed]
2019-07-14 08:39:13,333 INFO  impl.RaftServerImpl (RaftServerImpl.java:<init>(93)) - fb4ac72d-3d6e-4852-a781-202df04578a5: new RaftServerImpl for group-19528EFB88C4:[fb4ac72d-3d6e-4852-a781-202df04578a5:192.168.5.191:38195] with ContainerStateMachine:uninitialized
2019-07-14 08:39:13,333 INFO  server.RaftServerConfigKeys (ConfUtils.java:logGet(43)) - raft.server.rpc.timeout.min = 5s (custom)
2019-07-14 08:39:13,333 INFO  server.RaftServerConfigKeys (ConfUtils.java:logGet(43)) - raft.server.rpc.timeout.max = 5200ms (custom)
2019-07-14 08:39:13,333 INFO  server.RaftServerConfigKeys (ConfUtils.java:logGet(43)) - raft.server.rpcslowness.timeout = 120s (custom)
2019-07-14 08:39:13,333 INFO  server.RaftServerConfigKeys (ConfUtils.java:logGet(43)) - raft.server.sleep.deviation.threshold = 300 (default)
2019-07-14 08:39:13,333 INFO  server.RaftServerConfigKeys (ConfUtils.java:logGet(43)) - raft.server.log.appender.install.snapshot.enabled = false (custom)
2019-07-14 08:39:13,334 INFO  impl.RaftServerImpl (ServerState.java:<init>(105)) - fb4ac72d-3d6e-4852-a781-202df04578a5:group-19528EFB88C4 ConfigurationManager, init=-1: [fb4ac72d-3d6e-4852-a781-202df04578a5:192.168.5.191:38195], old=null, confs=<EMPTY_MAP>
2019-07-14 08:39:13,334 INFO  server.RaftServerConfigKeys (ConfUtils.java:logGet(43)) - raft.server.storage.dir = [/workdir/hadoop-ozone/integration-test/target/test-dir/MiniOzoneClusterImpl-558ab0d9-ae7f-4941-9603-f52effddca80/datanode-3/data/ratis] (custom)
2019-07-14 08:39:13,334 INFO  storage.RaftStorageDirectory (RaftStorageDirectory.java:analyzeStorage(246)) - The storage directory /workdir/hadoop-ozone/integration-test/target/test-dir/MiniOzoneClusterImpl-558ab0d9-ae7f-4941-9603-f52effddca80/datanode-3/data/ratis/2f05d710-86e6-406c-b0cf-19528efb88c4 does not exist. Creating ...
2019-07-14 08:39:13,340 INFO  storage.RaftStorageDirectory (RaftStorageDirectory.java:tryLock(328)) - Lock on /workdir/hadoop-ozone/integration-test/target/test-dir/MiniOzoneClusterImpl-558ab0d9-ae7f-4941-9603-f52effddca80/datanode-3/data/ratis/2f05d710-86e6-406c-b0cf-19528efb88c4/in_use.lock acquired by nodename 31844@trunk-nightly-5z2vd-27108033
2019-07-14 08:39:13,344 INFO  storage.RaftStorage (RaftStorage.java:format(72)) - Storage directory /workdir/hadoop-ozone/integration-test/target/test-dir/MiniOzoneClusterImpl-558ab0d9-ae7f-4941-9603-f52effddca80/datanode-3/data/ratis/2f05d710-86e6-406c-b0cf-19528efb88c4 has been successfully formatted.
2019-07-14 08:39:13,344 INFO  ratis.ContainerStateMachine (ContainerStateMachine.java:loadSnapshot(200)) - group-19528EFB88C4: The snapshot info is null. Setting the last applied indexto:(t:0, i:~)
2019-07-14 08:39:13,344 INFO  server.RaftServerConfigKeys (ConfUtils.java:logGet(43)) - raft.server.leader.election.timeout = 120s (custom)
2019-07-14 08:39:13,344 INFO  server.RaftServerConfigKeys (ConfUtils.java:logGet(43)) - raft.server.log.use.memory = false (default)
2019-07-14 08:39:13,344 INFO  server.RaftServerConfigKeys (ConfUtils.java:logGet(43)) - raft.server.log.purge.gap = 1000000000 (custom)
2019-07-14 08:39:13,345 INFO  server.RaftServerConfigKeys (ConfUtils.java:logGet(43)) - raft.server.log.appender.buffer.byte-limit = 33554432 (custom)
2019-07-14 08:39:13,345 INFO  server.RaftServerConfigKeys (ConfUtils.java:logGet(43)) - raft.server.log.segment.size.max = 1048576 (custom)
2019-07-14 08:39:13,345 INFO  server.RaftServerConfigKeys (ConfUtils.java:logGet(43)) - raft.server.log.segment.cache.num.max = 2 (custom)
2019-07-14 08:39:13,345 INFO  segmented.SegmentedRaftLogWorker (SegmentedRaftLogWorker.java:<init>(172)) - new fb4ac72d-3d6e-4852-a781-202df04578a5-SegmentedRaftLogWorker:Storage Directory /workdir/hadoop-ozone/integration-test/target/test-dir/MiniOzoneClusterImpl-558ab0d9-ae7f-4941-9603-f52effddca80/datanode-3/data/ratis/2f05d710-86e6-406c-b0cf-19528efb88c4 for RaftStorage:Storage Directory /workdir/hadoop-ozone/integration-test/target/test-dir/MiniOzoneClusterImpl-558ab0d9-ae7f-4941-9603-f52effddca80/datanode-3/data/ratis/2f05d710-86e6-406c-b0cf-19528efb88c4
2019-07-14 08:39:13,345 INFO  server.RaftServerConfigKeys (ConfUtils.java:logGet(43)) - raft.server.log.queue.byte-limit = 2147483647 (custom)
2019-07-14 08:39:13,345 INFO  server.RaftServerConfigKeys (ConfUtils.java:logGet(43)) - raft.server.log.queue.element-limit = 1024 (custom)
2019-07-14 08:39:13,345 INFO  server.RaftServerConfigKeys (ConfUtils.java:logGet(43)) - raft.server.log.segment.size.max = 1048576 (custom)
2019-07-14 08:39:13,346 INFO  server.RaftServerConfigKeys (ConfUtils.java:logGet(43)) - raft.server.log.preallocated.size = 16384 (custom)
2019-07-14 08:39:13,346 INFO  server.RaftServerConfigKeys (ConfUtils.java:logGet(43)) - raft.server.log.write.buffer.size = 33554432 (custom)
2019-07-14 08:39:13,346 INFO  server.RaftServerConfigKeys (ConfUtils.java:logGet(43)) - raft.server.log.force.sync.num = 128 (default)
2019-07-14 08:39:13,346 INFO  server.RaftServerConfigKeys (ConfUtils.java:logGet(43)) - raft.server.log.statemachine.data.sync = true (default)
2019-07-14 08:39:13,346 INFO  server.RaftServerConfigKeys (ConfUtils.java:logGet(43)) - raft.server.log.statemachine.data.sync.timeout = 10s (default)
2019-07-14 08:39:13,346 INFO  server.RaftServerConfigKeys (ConfUtils.java:logGet(43)) - raft.server.log.statemachine.data.sync.timeout.retry = -1 (default)
2019-07-14 08:39:13,346 INFO  server.RaftServerConfigKeys (ConfUtils.java:logGet(43)) - raft.server.log.statemachine.data.caching.enabled = true (custom)
2019-07-14 08:39:13,347 INFO  segmented.SegmentedRaftLogWorker (SegmentedRaftLogWorker.java:lambda$new$0(132)) - fb4ac72d-3d6e-4852-a781-202df04578a5-SegmentedRaftLogWorker:Storage Directory /workdir/hadoop-ozone/integration-test/target/test-dir/MiniOzoneClusterImpl-558ab0d9-ae7f-4941-9603-f52effddca80/datanode-3/data/ratis/2f05d710-86e6-406c-b0cf-19528efb88c4: flushIndex: setUnconditionally 0 -> -1
2019-07-14 08:39:13,347 INFO  server.RaftServerConfigKeys (ConfUtils.java:logGet(43)) - raft.server.snapshot.auto.trigger.enabled = true (custom)
2019-07-14 08:39:13,347 INFO  server.RaftServerConfigKeys (ConfUtils.java:logGet(43)) - raft.server.snapshot.auto.trigger.threshold = 10000 (custom)
2019-07-14 08:39:13,347 INFO  server.RaftServerConfigKeys (ConfUtils.java:logGet(43)) - raft.server.retrycache.expirytime = 600000ms (custom)
2019-07-14 08:39:13,347 INFO  impl.RaftServerImpl (RaftServerImpl.java:start(180)) - fb4ac72d-3d6e-4852-a781-202df04578a5: start group-19528EFB88C4
2019-07-14 08:39:13,347 INFO  impl.RaftServerImpl (RaftServerImpl.java:setRole(171)) - fb4ac72d-3d6e-4852-a781-202df04578a5:group-19528EFB88C4 changes role from null to FOLLOWER at term 0 for startAsFollower
2019-07-14 08:39:13,347 INFO  impl.RoleInfo (RoleInfo.java:updateAndGet(143)) - fb4ac72d-3d6e-4852-a781-202df04578a5: start FollowerState
2019-07-14 08:39:13,348 INFO  util.JmxRegister (JmxRegister.java:tryRegister(44)) - Successfully registered JMX Bean with object name Ratis:service=RaftServer,group=group-19528EFB88C4,id=fb4ac72d-3d6e-4852-a781-202df04578a5
2019-07-14 08:39:13,350 INFO  pipeline.PipelineStateManager (PipelineStateManager.java:addPipeline(56)) - Created pipeline Pipeline[ Id: 2f05d710-86e6-406c-b0cf-19528efb88c4, Nodes: fb4ac72d-3d6e-4852-a781-202df04578a5{ip: 192.168.5.191, host: trunk-nightly-5z2vd-27108033, networkLocation: /default-rack, certSerialId: null}, Type:RATIS, Factor:ONE, State:OPEN]
2019-07-14 08:39:13,488 INFO  node.SCMNodeManager (SCMNodeManager.java:register(269)) - Registered Data node : d628cc62-b1a1-4a0d-9b17-5e9782a06fb2{ip: 192.168.5.191, host: trunk-nightly-5z2vd-27108033, networkLocation: /default-rack, certSerialId: null}
2019-07-14 08:39:13,494 INFO  impl.RaftServerProxy (RaftServerProxy.java:addNew(89)) - d628cc62-b1a1-4a0d-9b17-5e9782a06fb2: addNew group-25A7179E4909:[d628cc62-b1a1-4a0d-9b17-5e9782a06fb2:192.168.5.191:39197] returns group-25A7179E4909:java.util.concurrent.CompletableFuture@13e44159[Not completed]
2019-07-14 08:39:13,495 INFO  impl.RaftServerImpl (RaftServerImpl.java:<init>(93)) - d628cc62-b1a1-4a0d-9b17-5e9782a06fb2: new RaftServerImpl for group-25A7179E4909:[d628cc62-b1a1-4a0d-9b17-5e9782a06fb2:192.168.5.191:39197] with ContainerStateMachine:uninitialized
2019-07-14 08:39:13,495 INFO  server.RaftServerConfigKeys (ConfUtils.java:logGet(43)) - raft.server.rpc.timeout.min = 5s (custom)
2019-07-14 08:39:13,496 INFO  server.RaftServerConfigKeys (ConfUtils.java:logGet(43)) - raft.server.rpc.timeout.max = 5200ms (custom)
2019-07-14 08:39:13,496 INFO  server.RaftServerConfigKeys (ConfUtils.java:logGet(43)) - raft.server.rpcslowness.timeout = 120s (custom)
2019-07-14 08:39:13,496 INFO  server.RaftServerConfigKeys (ConfUtils.java:logGet(43)) - raft.server.sleep.deviation.threshold = 300 (default)
2019-07-14 08:39:13,496 INFO  server.RaftServerConfigKeys (ConfUtils.java:logGet(43)) - raft.server.log.appender.install.snapshot.enabled = false (custom)
2019-07-14 08:39:13,496 INFO  impl.RaftServerImpl (ServerState.java:<init>(105)) - d628cc62-b1a1-4a0d-9b17-5e9782a06fb2:group-25A7179E4909 ConfigurationManager, init=-1: [d628cc62-b1a1-4a0d-9b17-5e9782a06fb2:192.168.5.191:39197], old=null, confs=<EMPTY_MAP>
2019-07-14 08:39:13,496 INFO  server.RaftServerConfigKeys (ConfUtils.java:logGet(43)) - raft.server.storage.dir = [/workdir/hadoop-ozone/integration-test/target/test-dir/MiniOzoneClusterImpl-558ab0d9-ae7f-4941-9603-f52effddca80/datanode-4/data/ratis] (custom)
2019-07-14 08:39:13,497 INFO  storage.RaftStorageDirectory (RaftStorageDirectory.java:analyzeStorage(246)) - The storage directory /workdir/hadoop-ozone/integration-test/target/test-dir/MiniOzoneClusterImpl-558ab0d9-ae7f-4941-9603-f52effddca80/datanode-4/data/ratis/16cbc950-602c-4d95-8273-25a7179e4909 does not exist. Creating ...
2019-07-14 08:39:13,508 INFO  storage.RaftStorageDirectory (RaftStorageDirectory.java:tryLock(328)) - Lock on /workdir/hadoop-ozone/integration-test/target/test-dir/MiniOzoneClusterImpl-558ab0d9-ae7f-4941-9603-f52effddca80/datanode-4/data/ratis/16cbc950-602c-4d95-8273-25a7179e4909/in_use.lock acquired by nodename 31844@trunk-nightly-5z2vd-27108033
2019-07-14 08:39:13,512 INFO  storage.RaftStorage (RaftStorage.java:format(72)) - Storage directory /workdir/hadoop-ozone/integration-test/target/test-dir/MiniOzoneClusterImpl-558ab0d9-ae7f-4941-9603-f52effddca80/datanode-4/data/ratis/16cbc950-602c-4d95-8273-25a7179e4909 has been successfully formatted.
2019-07-14 08:39:13,512 INFO  ratis.ContainerStateMachine (ContainerStateMachine.java:loadSnapshot(200)) - group-25A7179E4909: The snapshot info is null. Setting the last applied indexto:(t:0, i:~)
2019-07-14 08:39:13,513 INFO  server.RaftServerConfigKeys (ConfUtils.java:logGet(43)) - raft.server.leader.election.timeout = 120s (custom)
2019-07-14 08:39:13,513 INFO  server.RaftServerConfigKeys (ConfUtils.java:logGet(43)) - raft.server.log.use.memory = false (default)
2019-07-14 08:39:13,513 INFO  server.RaftServerConfigKeys (ConfUtils.java:logGet(43)) - raft.server.log.purge.gap = 1000000000 (custom)
2019-07-14 08:39:13,513 INFO  server.RaftServerConfigKeys (ConfUtils.java:logGet(43)) - raft.server.log.appender.buffer.byte-limit = 33554432 (custom)
2019-07-14 08:39:13,513 INFO  server.RaftServerConfigKeys (ConfUtils.java:logGet(43)) - raft.server.log.segment.size.max = 1048576 (custom)
2019-07-14 08:39:13,513 INFO  server.RaftServerConfigKeys (ConfUtils.java:logGet(43)) - raft.server.log.segment.cache.num.max = 2 (custom)
2019-07-14 08:39:13,514 INFO  segmented.SegmentedRaftLogWorker (SegmentedRaftLogWorker.java:<init>(172)) - new d628cc62-b1a1-4a0d-9b17-5e9782a06fb2-SegmentedRaftLogWorker:Storage Directory /workdir/hadoop-ozone/integration-test/target/test-dir/MiniOzoneClusterImpl-558ab0d9-ae7f-4941-9603-f52effddca80/datanode-4/data/ratis/16cbc950-602c-4d95-8273-25a7179e4909 for RaftStorage:Storage Directory /workdir/hadoop-ozone/integration-test/target/test-dir/MiniOzoneClusterImpl-558ab0d9-ae7f-4941-9603-f52effddca80/datanode-4/data/ratis/16cbc950-602c-4d95-8273-25a7179e4909
2019-07-14 08:39:13,514 INFO  server.RaftServerConfigKeys (ConfUtils.java:logGet(43)) - raft.server.log.queue.byte-limit = 2147483647 (custom)
2019-07-14 08:39:13,514 INFO  server.RaftServerConfigKeys (ConfUtils.java:logGet(43)) - raft.server.log.queue.element-limit = 1024 (custom)
2019-07-14 08:39:13,514 INFO  server.RaftServerConfigKeys (ConfUtils.java:logGet(43)) - raft.server.log.segment.size.max = 1048576 (custom)
2019-07-14 08:39:13,514 INFO  server.RaftServerConfigKeys (ConfUtils.java:logGet(43)) - raft.server.log.preallocated.size = 16384 (custom)
2019-07-14 08:39:13,514 INFO  server.RaftServerConfigKeys (ConfUtils.java:logGet(43)) - raft.server.log.write.buffer.size = 33554432 (custom)
2019-07-14 08:39:13,515 INFO  server.RaftServerConfigKeys (ConfUtils.java:logGet(43)) - raft.server.log.force.sync.num = 128 (default)
2019-07-14 08:39:13,515 INFO  server.RaftServerConfigKeys (ConfUtils.java:logGet(43)) - raft.server.log.statemachine.data.sync = true (default)
2019-07-14 08:39:13,515 INFO  server.RaftServerConfigKeys (ConfUtils.java:logGet(43)) - raft.server.log.statemachine.data.sync.timeout = 10s (default)
2019-07-14 08:39:13,515 INFO  server.RaftServerConfigKeys (ConfUtils.java:logGet(43)) - raft.server.log.statemachine.data.sync.timeout.retry = -1 (default)
2019-07-14 08:39:13,515 INFO  server.RaftServerConfigKeys (ConfUtils.java:logGet(43)) - raft.server.log.statemachine.data.caching.enabled = true (custom)
2019-07-14 08:39:13,516 INFO  segmented.SegmentedRaftLogWorker (SegmentedRaftLogWorker.java:lambda$new$0(132)) - d628cc62-b1a1-4a0d-9b17-5e9782a06fb2-SegmentedRaftLogWorker:Storage Directory /workdir/hadoop-ozone/integration-test/target/test-dir/MiniOzoneClusterImpl-558ab0d9-ae7f-4941-9603-f52effddca80/datanode-4/data/ratis/16cbc950-602c-4d95-8273-25a7179e4909: flushIndex: setUnconditionally 0 -> -1
2019-07-14 08:39:13,516 INFO  server.RaftServerConfigKeys (ConfUtils.java:logGet(43)) - raft.server.snapshot.auto.trigger.enabled = true (custom)
2019-07-14 08:39:13,516 INFO  server.RaftServerConfigKeys (ConfUtils.java:logGet(43)) - raft.server.snapshot.auto.trigger.threshold = 10000 (custom)
2019-07-14 08:39:13,516 INFO  server.RaftServerConfigKeys (ConfUtils.java:logGet(43)) - raft.server.retrycache.expirytime = 600000ms (custom)
2019-07-14 08:39:13,516 INFO  impl.RaftServerImpl (RaftServerImpl.java:start(180)) - d628cc62-b1a1-4a0d-9b17-5e9782a06fb2: start group-25A7179E4909
2019-07-14 08:39:13,517 INFO  impl.RaftServerImpl (RaftServerImpl.java:setRole(171)) - d628cc62-b1a1-4a0d-9b17-5e9782a06fb2:group-25A7179E4909 changes role from null to FOLLOWER at term 0 for startAsFollower
2019-07-14 08:39:13,517 INFO  impl.RoleInfo (RoleInfo.java:updateAndGet(143)) - d628cc62-b1a1-4a0d-9b17-5e9782a06fb2: start FollowerState
2019-07-14 08:39:13,517 INFO  util.JmxRegister (JmxRegister.java:tryRegister(44)) - Successfully registered JMX Bean with object name Ratis:service=RaftServer,group=group-25A7179E4909,id=d628cc62-b1a1-4a0d-9b17-5e9782a06fb2
2019-07-14 08:39:13,519 INFO  pipeline.PipelineStateManager (PipelineStateManager.java:addPipeline(56)) - Created pipeline Pipeline[ Id: 16cbc950-602c-4d95-8273-25a7179e4909, Nodes: d628cc62-b1a1-4a0d-9b17-5e9782a06fb2{ip: 192.168.5.191, host: trunk-nightly-5z2vd-27108033, networkLocation: /default-rack, certSerialId: null}, Type:RATIS, Factor:ONE, State:OPEN]
2019-07-14 08:39:13,689 INFO  node.SCMNodeManager (SCMNodeManager.java:register(269)) - Registered Data node : 40ad74a7-a343-4157-b186-ae09fa96e860{ip: 192.168.5.191, host: trunk-nightly-5z2vd-27108033, networkLocation: /default-rack, certSerialId: null}
2019-07-14 08:39:13,695 INFO  impl.RaftServerProxy (RaftServerProxy.java:addNew(89)) - 40ad74a7-a343-4157-b186-ae09fa96e860: addNew group-8ED21821150F:[40ad74a7-a343-4157-b186-ae09fa96e860:192.168.5.191:39513] returns group-8ED21821150F:java.util.concurrent.CompletableFuture@1ad40fe3[Not completed]
2019-07-14 08:39:13,874 INFO  impl.RaftServerImpl (RaftServerImpl.java:<init>(93)) - 40ad74a7-a343-4157-b186-ae09fa96e860: new RaftServerImpl for group-8ED21821150F:[40ad74a7-a343-4157-b186-ae09fa96e860:192.168.5.191:39513] with ContainerStateMachine:uninitialized
2019-07-14 08:39:13,875 INFO  server.RaftServerConfigKeys (ConfUtils.java:logGet(43)) - raft.server.rpc.timeout.min = 5s (custom)
2019-07-14 08:39:13,875 INFO  server.RaftServerConfigKeys (ConfUtils.java:logGet(43)) - raft.server.rpc.timeout.max = 5200ms (custom)
2019-07-14 08:39:13,875 INFO  server.RaftServerConfigKeys (ConfUtils.java:logGet(43)) - raft.server.rpcslowness.timeout = 120s (custom)
2019-07-14 08:39:13,875 INFO  server.RaftServerConfigKeys (ConfUtils.java:logGet(43)) - raft.server.sleep.deviation.threshold = 300 (default)
2019-07-14 08:39:13,875 INFO  server.RaftServerConfigKeys (ConfUtils.java:logGet(43)) - raft.server.log.appender.install.snapshot.enabled = false (custom)
2019-07-14 08:39:13,875 INFO  impl.RaftServerImpl (ServerState.java:<init>(105)) - 40ad74a7-a343-4157-b186-ae09fa96e860:group-8ED21821150F ConfigurationManager, init=-1: [40ad74a7-a343-4157-b186-ae09fa96e860:192.168.5.191:39513], old=null, confs=<EMPTY_MAP>
2019-07-14 08:39:13,876 INFO  server.RaftServerConfigKeys (ConfUtils.java:logGet(43)) - raft.server.storage.dir = [/workdir/hadoop-ozone/integration-test/target/test-dir/MiniOzoneClusterImpl-558ab0d9-ae7f-4941-9603-f52effddca80/datanode-5/data/ratis] (custom)
2019-07-14 08:39:13,876 INFO  storage.RaftStorageDirectory (RaftStorageDirectory.java:analyzeStorage(246)) - The storage directory /workdir/hadoop-ozone/integration-test/target/test-dir/MiniOzoneClusterImpl-558ab0d9-ae7f-4941-9603-f52effddca80/datanode-5/data/ratis/41dfb256-4462-4a56-b732-8ed21821150f does not exist. Creating ...
2019-07-14 08:39:13,889 INFO  storage.RaftStorageDirectory (RaftStorageDirectory.java:tryLock(328)) - Lock on /workdir/hadoop-ozone/integration-test/target/test-dir/MiniOzoneClusterImpl-558ab0d9-ae7f-4941-9603-f52effddca80/datanode-5/data/ratis/41dfb256-4462-4a56-b732-8ed21821150f/in_use.lock acquired by nodename 31844@trunk-nightly-5z2vd-27108033
2019-07-14 08:39:13,893 INFO  ozone.MiniOzoneClusterImpl (MiniOzoneClusterImpl.java:lambda$waitForClusterToBeReady$0(142)) - Waiting for cluster to be ready. Got 6 of 7 DN Heartbeats.
2019-07-14 08:39:13,893 INFO  storage.RaftStorage (RaftStorage.java:format(72)) - Storage directory /workdir/hadoop-ozone/integration-test/target/test-dir/MiniOzoneClusterImpl-558ab0d9-ae7f-4941-9603-f52effddca80/datanode-5/data/ratis/41dfb256-4462-4a56-b732-8ed21821150f has been successfully formatted.
2019-07-14 08:39:13,894 INFO  node.SCMNodeManager (SCMNodeManager.java:register(269)) - Registered Data node : 96684c35-8f32-4f92-8a45-40ef054e9149{ip: 192.168.5.191, host: trunk-nightly-5z2vd-27108033, networkLocation: /default-rack, certSerialId: null}
2019-07-14 08:39:13,894 INFO  ratis.ContainerStateMachine (ContainerStateMachine.java:loadSnapshot(200)) - group-8ED21821150F: The snapshot info is null. Setting the last applied indexto:(t:0, i:~)
2019-07-14 08:39:13,895 INFO  server.RaftServerConfigKeys (ConfUtils.java:logGet(43)) - raft.server.leader.election.timeout = 120s (custom)
2019-07-14 08:39:13,895 INFO  server.RaftServerConfigKeys (ConfUtils.java:logGet(43)) - raft.server.log.use.memory = false (default)
2019-07-14 08:39:13,895 INFO  server.RaftServerConfigKeys (ConfUtils.java:logGet(43)) - raft.server.log.purge.gap = 1000000000 (custom)
2019-07-14 08:39:13,895 INFO  server.RaftServerConfigKeys (ConfUtils.java:logGet(43)) - raft.server.log.appender.buffer.byte-limit = 33554432 (custom)
2019-07-14 08:39:13,895 INFO  server.RaftServerConfigKeys (ConfUtils.java:logGet(43)) - raft.server.log.segment.size.max = 1048576 (custom)
2019-07-14 08:39:13,895 INFO  server.RaftServerConfigKeys (ConfUtils.java:logGet(43)) - raft.server.log.segment.cache.num.max = 2 (custom)
2019-07-14 08:39:13,896 INFO  segmented.SegmentedRaftLogWorker (SegmentedRaftLogWorker.java:<init>(172)) - new 40ad74a7-a343-4157-b186-ae09fa96e860-SegmentedRaftLogWorker:Storage Directory /workdir/hadoop-ozone/integration-test/target/test-dir/MiniOzoneClusterImpl-558ab0d9-ae7f-4941-9603-f52effddca80/datanode-5/data/ratis/41dfb256-4462-4a56-b732-8ed21821150f for RaftStorage:Storage Directory /workdir/hadoop-ozone/integration-test/target/test-dir/MiniOzoneClusterImpl-558ab0d9-ae7f-4941-9603-f52effddca80/datanode-5/data/ratis/41dfb256-4462-4a56-b732-8ed21821150f
2019-07-14 08:39:13,896 INFO  server.RaftServerConfigKeys (ConfUtils.java:logGet(43)) - raft.server.log.queue.byte-limit = 2147483647 (custom)
2019-07-14 08:39:13,896 INFO  server.RaftServerConfigKeys (ConfUtils.java:logGet(43)) - raft.server.log.queue.element-limit = 1024 (custom)
2019-07-14 08:39:13,896 INFO  server.RaftServerConfigKeys (ConfUtils.java:logGet(43)) - raft.server.log.segment.size.max = 1048576 (custom)
2019-07-14 08:39:13,896 INFO  server.RaftServerConfigKeys (ConfUtils.java:logGet(43)) - raft.server.log.preallocated.size = 16384 (custom)
2019-07-14 08:39:13,896 INFO  server.RaftServerConfigKeys (ConfUtils.java:logGet(43)) - raft.server.log.write.buffer.size = 33554432 (custom)
2019-07-14 08:39:13,897 INFO  server.RaftServerConfigKeys (ConfUtils.java:logGet(43)) - raft.server.log.force.sync.num = 128 (default)
2019-07-14 08:39:13,897 INFO  server.RaftServerConfigKeys (ConfUtils.java:logGet(43)) - raft.server.log.statemachine.data.sync = true (default)
2019-07-14 08:39:13,897 INFO  server.RaftServerConfigKeys (ConfUtils.java:logGet(43)) - raft.server.log.statemachine.data.sync.timeout = 10s (default)
2019-07-14 08:39:13,897 INFO  server.RaftServerConfigKeys (ConfUtils.java:logGet(43)) - raft.server.log.statemachine.data.sync.timeout.retry = -1 (default)
2019-07-14 08:39:13,897 INFO  server.RaftServerConfigKeys (ConfUtils.java:logGet(43)) - raft.server.log.statemachine.data.caching.enabled = true (custom)
2019-07-14 08:39:13,898 INFO  segmented.SegmentedRaftLogWorker (SegmentedRaftLogWorker.java:lambda$new$0(132)) - 40ad74a7-a343-4157-b186-ae09fa96e860-SegmentedRaftLogWorker:Storage Directory /workdir/hadoop-ozone/integration-test/target/test-dir/MiniOzoneClusterImpl-558ab0d9-ae7f-4941-9603-f52effddca80/datanode-5/data/ratis/41dfb256-4462-4a56-b732-8ed21821150f: flushIndex: setUnconditionally 0 -> -1
2019-07-14 08:39:13,898 INFO  server.RaftServerConfigKeys (ConfUtils.java:logGet(43)) - raft.server.snapshot.auto.trigger.enabled = true (custom)
2019-07-14 08:39:13,898 INFO  server.RaftServerConfigKeys (ConfUtils.java:logGet(43)) - raft.server.snapshot.auto.trigger.threshold = 10000 (custom)
2019-07-14 08:39:13,898 INFO  server.RaftServerConfigKeys (ConfUtils.java:logGet(43)) - raft.server.retrycache.expirytime = 600000ms (custom)
2019-07-14 08:39:13,899 INFO  impl.RaftServerImpl (RaftServerImpl.java:start(180)) - 40ad74a7-a343-4157-b186-ae09fa96e860: start group-8ED21821150F
2019-07-14 08:39:13,899 INFO  impl.RaftServerImpl (RaftServerImpl.java:setRole(171)) - 40ad74a7-a343-4157-b186-ae09fa96e860:group-8ED21821150F changes role from null to FOLLOWER at term 0 for startAsFollower
2019-07-14 08:39:13,899 INFO  impl.RoleInfo (RoleInfo.java:updateAndGet(143)) - 40ad74a7-a343-4157-b186-ae09fa96e860: start FollowerState
2019-07-14 08:39:13,899 INFO  util.JmxRegister (JmxRegister.java:tryRegister(44)) - Successfully registered JMX Bean with object name Ratis:service=RaftServer,group=group-8ED21821150F,id=40ad74a7-a343-4157-b186-ae09fa96e860
2019-07-14 08:39:13,901 INFO  pipeline.PipelineStateManager (PipelineStateManager.java:addPipeline(56)) - Created pipeline Pipeline[ Id: 41dfb256-4462-4a56-b732-8ed21821150f, Nodes: 40ad74a7-a343-4157-b186-ae09fa96e860{ip: 192.168.5.191, host: trunk-nightly-5z2vd-27108033, networkLocation: /default-rack, certSerialId: null}, Type:RATIS, Factor:ONE, State:OPEN]
2019-07-14 08:39:13,913 INFO  impl.RaftServerProxy (RaftServerProxy.java:addNew(89)) - 96684c35-8f32-4f92-8a45-40ef054e9149: addNew group-C050702CB11D:[96684c35-8f32-4f92-8a45-40ef054e9149:192.168.5.191:41867] returns group-C050702CB11D:java.util.concurrent.CompletableFuture@2b088944[Not completed]
2019-07-14 08:39:13,914 INFO  impl.RaftServerImpl (RaftServerImpl.java:<init>(93)) - 96684c35-8f32-4f92-8a45-40ef054e9149: new RaftServerImpl for group-C050702CB11D:[96684c35-8f32-4f92-8a45-40ef054e9149:192.168.5.191:41867] with ContainerStateMachine:uninitialized
2019-07-14 08:39:13,914 INFO  server.RaftServerConfigKeys (ConfUtils.java:logGet(43)) - raft.server.rpc.timeout.min = 5s (custom)
2019-07-14 08:39:13,915 INFO  server.RaftServerConfigKeys (ConfUtils.java:logGet(43)) - raft.server.rpc.timeout.max = 5200ms (custom)
2019-07-14 08:39:13,915 INFO  server.RaftServerConfigKeys (ConfUtils.java:logGet(43)) - raft.server.rpcslowness.timeout = 120s (custom)
2019-07-14 08:39:13,915 INFO  server.RaftServerConfigKeys (ConfUtils.java:logGet(43)) - raft.server.sleep.deviation.threshold = 300 (default)
2019-07-14 08:39:13,915 INFO  server.RaftServerConfigKeys (ConfUtils.java:logGet(43)) - raft.server.log.appender.install.snapshot.enabled = false (custom)
2019-07-14 08:39:13,915 INFO  impl.RaftServerImpl (ServerState.java:<init>(105)) - 96684c35-8f32-4f92-8a45-40ef054e9149:group-C050702CB11D ConfigurationManager, init=-1: [96684c35-8f32-4f92-8a45-40ef054e9149:192.168.5.191:41867], old=null, confs=<EMPTY_MAP>
2019-07-14 08:39:13,915 INFO  server.RaftServerConfigKeys (ConfUtils.java:logGet(43)) - raft.server.storage.dir = [/workdir/hadoop-ozone/integration-test/target/test-dir/MiniOzoneClusterImpl-558ab0d9-ae7f-4941-9603-f52effddca80/datanode-6/data/ratis] (custom)
2019-07-14 08:39:13,916 INFO  storage.RaftStorageDirectory (RaftStorageDirectory.java:analyzeStorage(246)) - The storage directory /workdir/hadoop-ozone/integration-test/target/test-dir/MiniOzoneClusterImpl-558ab0d9-ae7f-4941-9603-f52effddca80/datanode-6/data/ratis/880f9992-977b-4085-85fb-c050702cb11d does not exist. Creating ...
2019-07-14 08:39:13,919 INFO  storage.RaftStorageDirectory (RaftStorageDirectory.java:tryLock(328)) - Lock on /workdir/hadoop-ozone/integration-test/target/test-dir/MiniOzoneClusterImpl-558ab0d9-ae7f-4941-9603-f52effddca80/datanode-6/data/ratis/880f9992-977b-4085-85fb-c050702cb11d/in_use.lock acquired by nodename 31844@trunk-nightly-5z2vd-27108033
2019-07-14 08:39:13,923 INFO  storage.RaftStorage (RaftStorage.java:format(72)) - Storage directory /workdir/hadoop-ozone/integration-test/target/test-dir/MiniOzoneClusterImpl-558ab0d9-ae7f-4941-9603-f52effddca80/datanode-6/data/ratis/880f9992-977b-4085-85fb-c050702cb11d has been successfully formatted.
2019-07-14 08:39:13,923 INFO  ratis.ContainerStateMachine (ContainerStateMachine.java:loadSnapshot(200)) - group-C050702CB11D: The snapshot info is null. Setting the last applied indexto:(t:0, i:~)
2019-07-14 08:39:13,924 INFO  server.RaftServerConfigKeys (ConfUtils.java:logGet(43)) - raft.server.leader.election.timeout = 120s (custom)
2019-07-14 08:39:13,924 INFO  server.RaftServerConfigKeys (ConfUtils.java:logGet(43)) - raft.server.log.use.memory = false (default)
2019-07-14 08:39:13,924 INFO  server.RaftServerConfigKeys (ConfUtils.java:logGet(43)) - raft.server.log.purge.gap = 1000000000 (custom)
2019-07-14 08:39:13,924 INFO  server.RaftServerConfigKeys (ConfUtils.java:logGet(43)) - raft.server.log.appender.buffer.byte-limit = 33554432 (custom)
2019-07-14 08:39:13,924 INFO  server.RaftServerConfigKeys (ConfUtils.java:logGet(43)) - raft.server.log.segment.size.max = 1048576 (custom)
2019-07-14 08:39:13,924 INFO  server.RaftServerConfigKeys (ConfUtils.java:logGet(43)) - raft.server.log.segment.cache.num.max = 2 (custom)
2019-07-14 08:39:13,925 INFO  segmented.SegmentedRaftLogWorker (SegmentedRaftLogWorker.java:<init>(172)) - new 96684c35-8f32-4f92-8a45-40ef054e9149-SegmentedRaftLogWorker:Storage Directory /workdir/hadoop-ozone/integration-test/target/test-dir/MiniOzoneClusterImpl-558ab0d9-ae7f-4941-9603-f52effddca80/datanode-6/data/ratis/880f9992-977b-4085-85fb-c050702cb11d for RaftStorage:Storage Directory /workdir/hadoop-ozone/integration-test/target/test-dir/MiniOzoneClusterImpl-558ab0d9-ae7f-4941-9603-f52effddca80/datanode-6/data/ratis/880f9992-977b-4085-85fb-c050702cb11d
2019-07-14 08:39:13,925 INFO  server.RaftServerConfigKeys (ConfUtils.java:logGet(43)) - raft.server.log.queue.byte-limit = 2147483647 (custom)
2019-07-14 08:39:13,925 INFO  server.RaftServerConfigKeys (ConfUtils.java:logGet(43)) - raft.server.log.queue.element-limit = 1024 (custom)
2019-07-14 08:39:13,925 INFO  server.RaftServerConfigKeys (ConfUtils.java:logGet(43)) - raft.server.log.segment.size.max = 1048576 (custom)
2019-07-14 08:39:13,925 INFO  server.RaftServerConfigKeys (ConfUtils.java:logGet(43)) - raft.server.log.preallocated.size = 16384 (custom)
2019-07-14 08:39:13,925 INFO  server.RaftServerConfigKeys (ConfUtils.java:logGet(43)) - raft.server.log.write.buffer.size = 33554432 (custom)
2019-07-14 08:39:13,926 INFO  server.RaftServerConfigKeys (ConfUtils.java:logGet(43)) - raft.server.log.force.sync.num = 128 (default)
2019-07-14 08:39:13,926 INFO  server.RaftServerConfigKeys (ConfUtils.java:logGet(43)) - raft.server.log.statemachine.data.sync = true (default)
2019-07-14 08:39:13,926 INFO  server.RaftServerConfigKeys (ConfUtils.java:logGet(43)) - raft.server.log.statemachine.data.sync.timeout = 10s (default)
2019-07-14 08:39:13,926 INFO  server.RaftServerConfigKeys (ConfUtils.java:logGet(43)) - raft.server.log.statemachine.data.sync.timeout.retry = -1 (default)
2019-07-14 08:39:13,926 INFO  server.RaftServerConfigKeys (ConfUtils.java:logGet(43)) - raft.server.log.statemachine.data.caching.enabled = true (custom)
2019-07-14 08:39:13,927 INFO  segmented.SegmentedRaftLogWorker (SegmentedRaftLogWorker.java:lambda$new$0(132)) - 96684c35-8f32-4f92-8a45-40ef054e9149-SegmentedRaftLogWorker:Storage Directory /workdir/hadoop-ozone/integration-test/target/test-dir/MiniOzoneClusterImpl-558ab0d9-ae7f-4941-9603-f52effddca80/datanode-6/data/ratis/880f9992-977b-4085-85fb-c050702cb11d: flushIndex: setUnconditionally 0 -> -1
2019-07-14 08:39:13,927 INFO  server.RaftServerConfigKeys (ConfUtils.java:logGet(43)) - raft.server.snapshot.auto.trigger.enabled = true (custom)
2019-07-14 08:39:13,927 INFO  server.RaftServerConfigKeys (ConfUtils.java:logGet(43)) - raft.server.snapshot.auto.trigger.threshold = 10000 (custom)
2019-07-14 08:39:13,927 INFO  server.RaftServerConfigKeys (ConfUtils.java:logGet(43)) - raft.server.retrycache.expirytime = 600000ms (custom)
2019-07-14 08:39:13,927 INFO  impl.RaftServerImpl (RaftServerImpl.java:start(180)) - 96684c35-8f32-4f92-8a45-40ef054e9149: start group-C050702CB11D
2019-07-14 08:39:13,927 INFO  impl.RaftServerImpl (RaftServerImpl.java:setRole(171)) - 96684c35-8f32-4f92-8a45-40ef054e9149:group-C050702CB11D changes role from null to FOLLOWER at term 0 for startAsFollower
2019-07-14 08:39:13,928 INFO  impl.RoleInfo (RoleInfo.java:updateAndGet(143)) - 96684c35-8f32-4f92-8a45-40ef054e9149: start FollowerState
2019-07-14 08:39:13,928 INFO  util.JmxRegister (JmxRegister.java:tryRegister(44)) - Successfully registered JMX Bean with object name Ratis:service=RaftServer,group=group-C050702CB11D,id=96684c35-8f32-4f92-8a45-40ef054e9149
2019-07-14 08:39:13,930 INFO  pipeline.PipelineStateManager (PipelineStateManager.java:addPipeline(56)) - Created pipeline Pipeline[ Id: 880f9992-977b-4085-85fb-c050702cb11d, Nodes: 96684c35-8f32-4f92-8a45-40ef054e9149{ip: 192.168.5.191, host: trunk-nightly-5z2vd-27108033, networkLocation: /default-rack, certSerialId: null}, Type:RATIS, Factor:ONE, State:OPEN]
2019-07-14 08:39:13,942 INFO  impl.RaftServerProxy (RaftServerProxy.java:addNew(89)) - fb4ac72d-3d6e-4852-a781-202df04578a5: addNew group-0C356967E756:[d628cc62-b1a1-4a0d-9b17-5e9782a06fb2:192.168.5.191:39197, fb4ac72d-3d6e-4852-a781-202df04578a5:192.168.5.191:38195, 96684c35-8f32-4f92-8a45-40ef054e9149:192.168.5.191:41867] returns group-0C356967E756:java.util.concurrent.CompletableFuture@61b951b8[Not completed]
2019-07-14 08:39:13,942 INFO  impl.RaftServerProxy (RaftServerProxy.java:addNew(89)) - 96684c35-8f32-4f92-8a45-40ef054e9149: addNew group-0C356967E756:[d628cc62-b1a1-4a0d-9b17-5e9782a06fb2:192.168.5.191:39197, fb4ac72d-3d6e-4852-a781-202df04578a5:192.168.5.191:38195, 96684c35-8f32-4f92-8a45-40ef054e9149:192.168.5.191:41867] returns group-0C356967E756:java.util.concurrent.CompletableFuture@169ce421[Not completed]
2019-07-14 08:39:13,942 INFO  impl.RaftServerProxy (RaftServerProxy.java:addNew(89)) - d628cc62-b1a1-4a0d-9b17-5e9782a06fb2: addNew group-0C356967E756:[d628cc62-b1a1-4a0d-9b17-5e9782a06fb2:192.168.5.191:39197, fb4ac72d-3d6e-4852-a781-202df04578a5:192.168.5.191:38195, 96684c35-8f32-4f92-8a45-40ef054e9149:192.168.5.191:41867] returns group-0C356967E756:java.util.concurrent.CompletableFuture@99a5bf9[Not completed]
2019-07-14 08:39:13,943 INFO  impl.RaftServerImpl (RaftServerImpl.java:<init>(93)) - fb4ac72d-3d6e-4852-a781-202df04578a5: new RaftServerImpl for group-0C356967E756:[d628cc62-b1a1-4a0d-9b17-5e9782a06fb2:192.168.5.191:39197, fb4ac72d-3d6e-4852-a781-202df04578a5:192.168.5.191:38195, 96684c35-8f32-4f92-8a45-40ef054e9149:192.168.5.191:41867] with ContainerStateMachine:uninitialized
2019-07-14 08:39:13,943 INFO  server.RaftServerConfigKeys (ConfUtils.java:logGet(43)) - raft.server.rpc.timeout.min = 5s (custom)
2019-07-14 08:39:13,943 INFO  server.RaftServerConfigKeys (ConfUtils.java:logGet(43)) - raft.server.rpc.timeout.max = 5200ms (custom)
2019-07-14 08:39:13,943 INFO  impl.RaftServerImpl (RaftServerImpl.java:<init>(93)) - 96684c35-8f32-4f92-8a45-40ef054e9149: new RaftServerImpl for group-0C356967E756:[d628cc62-b1a1-4a0d-9b17-5e9782a06fb2:192.168.5.191:39197, fb4ac72d-3d6e-4852-a781-202df04578a5:192.168.5.191:38195, 96684c35-8f32-4f92-8a45-40ef054e9149:192.168.5.191:41867] with ContainerStateMachine:uninitialized
2019-07-14 08:39:13,943 INFO  server.RaftServerConfigKeys (ConfUtils.java:logGet(43)) - raft.server.rpcslowness.timeout = 120s (custom)
2019-07-14 08:39:13,943 INFO  impl.RaftServerImpl (RaftServerImpl.java:<init>(93)) - d628cc62-b1a1-4a0d-9b17-5e9782a06fb2: new RaftServerImpl for group-0C356967E756:[d628cc62-b1a1-4a0d-9b17-5e9782a06fb2:192.168.5.191:39197, fb4ac72d-3d6e-4852-a781-202df04578a5:192.168.5.191:38195, 96684c35-8f32-4f92-8a45-40ef054e9149:192.168.5.191:41867] with ContainerStateMachine:uninitialized
2019-07-14 08:39:13,943 INFO  server.RaftServerConfigKeys (ConfUtils.java:logGet(43)) - raft.server.rpc.timeout.min = 5s (custom)
2019-07-14 08:39:13,944 INFO  server.RaftServerConfigKeys (ConfUtils.java:logGet(43)) - raft.server.rpc.timeout.min = 5s (custom)
2019-07-14 08:39:13,943 INFO  server.RaftServerConfigKeys (ConfUtils.java:logGet(43)) - raft.server.sleep.deviation.threshold = 300 (default)
2019-07-14 08:39:13,944 INFO  server.RaftServerConfigKeys (ConfUtils.java:logGet(43)) - raft.server.rpc.timeout.max = 5200ms (custom)
2019-07-14 08:39:13,944 INFO  server.RaftServerConfigKeys (ConfUtils.java:logGet(43)) - raft.server.rpcslowness.timeout = 120s (custom)
2019-07-14 08:39:13,944 INFO  server.RaftServerConfigKeys (ConfUtils.java:logGet(43)) - raft.server.rpc.timeout.max = 5200ms (custom)
2019-07-14 08:39:13,944 INFO  server.RaftServerConfigKeys (ConfUtils.java:logGet(43)) - raft.server.sleep.deviation.threshold = 300 (default)
2019-07-14 08:39:13,945 INFO  server.RaftServerConfigKeys (ConfUtils.java:logGet(43)) - raft.server.log.appender.install.snapshot.enabled = false (custom)
2019-07-14 08:39:13,944 INFO  server.RaftServerConfigKeys (ConfUtils.java:logGet(43)) - raft.server.log.appender.install.snapshot.enabled = false (custom)
2019-07-14 08:39:13,945 INFO  impl.RaftServerImpl (ServerState.java:<init>(105)) - d628cc62-b1a1-4a0d-9b17-5e9782a06fb2:group-0C356967E756 ConfigurationManager, init=-1: [d628cc62-b1a1-4a0d-9b17-5e9782a06fb2:192.168.5.191:39197, fb4ac72d-3d6e-4852-a781-202df04578a5:192.168.5.191:38195, 96684c35-8f32-4f92-8a45-40ef054e9149:192.168.5.191:41867], old=null, confs=<EMPTY_MAP>
2019-07-14 08:39:13,944 INFO  server.RaftServerConfigKeys (ConfUtils.java:logGet(43)) - raft.server.rpcslowness.timeout = 120s (custom)
2019-07-14 08:39:13,945 INFO  server.RaftServerConfigKeys (ConfUtils.java:logGet(43)) - raft.server.storage.dir = [/workdir/hadoop-ozone/integration-test/target/test-dir/MiniOzoneClusterImpl-558ab0d9-ae7f-4941-9603-f52effddca80/datanode-4/data/ratis] (custom)
2019-07-14 08:39:13,945 INFO  impl.RaftServerImpl (ServerState.java:<init>(105)) - fb4ac72d-3d6e-4852-a781-202df04578a5:group-0C356967E756 ConfigurationManager, init=-1: [d628cc62-b1a1-4a0d-9b17-5e9782a06fb2:192.168.5.191:39197, fb4ac72d-3d6e-4852-a781-202df04578a5:192.168.5.191:38195, 96684c35-8f32-4f92-8a45-40ef054e9149:192.168.5.191:41867], old=null, confs=<EMPTY_MAP>
2019-07-14 08:39:13,945 INFO  server.RaftServerConfigKeys (ConfUtils.java:logGet(43)) - raft.server.sleep.deviation.threshold = 300 (default)
2019-07-14 08:39:13,946 INFO  storage.RaftStorageDirectory (RaftStorageDirectory.java:analyzeStorage(246)) - The storage directory /workdir/hadoop-ozone/integration-test/target/test-dir/MiniOzoneClusterImpl-558ab0d9-ae7f-4941-9603-f52effddca80/datanode-4/data/ratis/bcddf338-d249-4d0f-8efb-0c356967e756 does not exist. Creating ...
2019-07-14 08:39:13,946 INFO  server.RaftServerConfigKeys (ConfUtils.java:logGet(43)) - raft.server.storage.dir = [/workdir/hadoop-ozone/integration-test/target/test-dir/MiniOzoneClusterImpl-558ab0d9-ae7f-4941-9603-f52effddca80/datanode-3/data/ratis] (custom)
2019-07-14 08:39:13,946 INFO  server.RaftServerConfigKeys (ConfUtils.java:logGet(43)) - raft.server.log.appender.install.snapshot.enabled = false (custom)
2019-07-14 08:39:13,946 INFO  storage.RaftStorageDirectory (RaftStorageDirectory.java:analyzeStorage(246)) - The storage directory /workdir/hadoop-ozone/integration-test/target/test-dir/MiniOzoneClusterImpl-558ab0d9-ae7f-4941-9603-f52effddca80/datanode-3/data/ratis/bcddf338-d249-4d0f-8efb-0c356967e756 does not exist. Creating ...
2019-07-14 08:39:13,946 INFO  impl.RaftServerImpl (ServerState.java:<init>(105)) - 96684c35-8f32-4f92-8a45-40ef054e9149:group-0C356967E756 ConfigurationManager, init=-1: [d628cc62-b1a1-4a0d-9b17-5e9782a06fb2:192.168.5.191:39197, fb4ac72d-3d6e-4852-a781-202df04578a5:192.168.5.191:38195, 96684c35-8f32-4f92-8a45-40ef054e9149:192.168.5.191:41867], old=null, confs=<EMPTY_MAP>
2019-07-14 08:39:13,947 INFO  server.RaftServerConfigKeys (ConfUtils.java:logGet(43)) - raft.server.storage.dir = [/workdir/hadoop-ozone/integration-test/target/test-dir/MiniOzoneClusterImpl-558ab0d9-ae7f-4941-9603-f52effddca80/datanode-6/data/ratis] (custom)
2019-07-14 08:39:13,947 INFO  storage.RaftStorageDirectory (RaftStorageDirectory.java:analyzeStorage(246)) - The storage directory /workdir/hadoop-ozone/integration-test/target/test-dir/MiniOzoneClusterImpl-558ab0d9-ae7f-4941-9603-f52effddca80/datanode-6/data/ratis/bcddf338-d249-4d0f-8efb-0c356967e756 does not exist. Creating ...
2019-07-14 08:39:13,950 INFO  storage.RaftStorageDirectory (RaftStorageDirectory.java:tryLock(328)) - Lock on /workdir/hadoop-ozone/integration-test/target/test-dir/MiniOzoneClusterImpl-558ab0d9-ae7f-4941-9603-f52effddca80/datanode-6/data/ratis/bcddf338-d249-4d0f-8efb-0c356967e756/in_use.lock acquired by nodename 31844@trunk-nightly-5z2vd-27108033
2019-07-14 08:39:13,950 INFO  storage.RaftStorageDirectory (RaftStorageDirectory.java:tryLock(328)) - Lock on /workdir/hadoop-ozone/integration-test/target/test-dir/MiniOzoneClusterImpl-558ab0d9-ae7f-4941-9603-f52effddca80/datanode-3/data/ratis/bcddf338-d249-4d0f-8efb-0c356967e756/in_use.lock acquired by nodename 31844@trunk-nightly-5z2vd-27108033
2019-07-14 08:39:13,950 INFO  storage.RaftStorageDirectory (RaftStorageDirectory.java:tryLock(328)) - Lock on /workdir/hadoop-ozone/integration-test/target/test-dir/MiniOzoneClusterImpl-558ab0d9-ae7f-4941-9603-f52effddca80/datanode-4/data/ratis/bcddf338-d249-4d0f-8efb-0c356967e756/in_use.lock acquired by nodename 31844@trunk-nightly-5z2vd-27108033
2019-07-14 08:39:13,957 INFO  storage.RaftStorage (RaftStorage.java:format(72)) - Storage directory /workdir/hadoop-ozone/integration-test/target/test-dir/MiniOzoneClusterImpl-558ab0d9-ae7f-4941-9603-f52effddca80/datanode-4/data/ratis/bcddf338-d249-4d0f-8efb-0c356967e756 has been successfully formatted.
2019-07-14 08:39:13,957 INFO  storage.RaftStorage (RaftStorage.java:format(72)) - Storage directory /workdir/hadoop-ozone/integration-test/target/test-dir/MiniOzoneClusterImpl-558ab0d9-ae7f-4941-9603-f52effddca80/datanode-6/data/ratis/bcddf338-d249-4d0f-8efb-0c356967e756 has been successfully formatted.
2019-07-14 08:39:13,957 INFO  storage.RaftStorage (RaftStorage.java:format(72)) - Storage directory /workdir/hadoop-ozone/integration-test/target/test-dir/MiniOzoneClusterImpl-558ab0d9-ae7f-4941-9603-f52effddca80/datanode-3/data/ratis/bcddf338-d249-4d0f-8efb-0c356967e756 has been successfully formatted.
2019-07-14 08:39:13,957 INFO  ratis.ContainerStateMachine (ContainerStateMachine.java:loadSnapshot(200)) - group-0C356967E756: The snapshot info is null. Setting the last applied indexto:(t:0, i:~)
2019-07-14 08:39:13,957 INFO  ratis.ContainerStateMachine (ContainerStateMachine.java:loadSnapshot(200)) - group-0C356967E756: The snapshot info is null. Setting the last applied indexto:(t:0, i:~)
2019-07-14 08:39:13,957 INFO  server.RaftServerConfigKeys (ConfUtils.java:logGet(43)) - raft.server.leader.election.timeout = 120s (custom)
2019-07-14 08:39:13,957 INFO  ratis.ContainerStateMachine (ContainerStateMachine.java:loadSnapshot(200)) - group-0C356967E756: The snapshot info is null. Setting the last applied indexto:(t:0, i:~)
2019-07-14 08:39:13,958 INFO  server.RaftServerConfigKeys (ConfUtils.java:logGet(43)) - raft.server.log.use.memory = false (default)
2019-07-14 08:39:13,958 INFO  server.RaftServerConfigKeys (ConfUtils.java:logGet(43)) - raft.server.log.purge.gap = 1000000000 (custom)
2019-07-14 08:39:13,958 INFO  server.RaftServerConfigKeys (ConfUtils.java:logGet(43)) - raft.server.leader.election.timeout = 120s (custom)
2019-07-14 08:39:13,958 INFO  server.RaftServerConfigKeys (ConfUtils.java:logGet(43)) - raft.server.log.appender.buffer.byte-limit = 33554432 (custom)
2019-07-14 08:39:13,958 INFO  server.RaftServerConfigKeys (ConfUtils.java:logGet(43)) - raft.server.leader.election.timeout = 120s (custom)
2019-07-14 08:39:13,958 INFO  server.RaftServerConfigKeys (ConfUtils.java:logGet(43)) - raft.server.log.segment.size.max = 1048576 (custom)
2019-07-14 08:39:13,958 INFO  server.RaftServerConfigKeys (ConfUtils.java:logGet(43)) - raft.server.log.use.memory = false (default)
2019-07-14 08:39:13,959 INFO  server.RaftServerConfigKeys (ConfUtils.java:logGet(43)) - raft.server.log.segment.cache.num.max = 2 (custom)
2019-07-14 08:39:13,959 INFO  segmented.SegmentedRaftLogWorker (SegmentedRaftLogWorker.java:<init>(172)) - new 96684c35-8f32-4f92-8a45-40ef054e9149-SegmentedRaftLogWorker:Storage Directory /workdir/hadoop-ozone/integration-test/target/test-dir/MiniOzoneClusterImpl-558ab0d9-ae7f-4941-9603-f52effddca80/datanode-6/data/ratis/bcddf338-d249-4d0f-8efb-0c356967e756 for RaftStorage:Storage Directory /workdir/hadoop-ozone/integration-test/target/test-dir/MiniOzoneClusterImpl-558ab0d9-ae7f-4941-9603-f52effddca80/datanode-6/data/ratis/bcddf338-d249-4d0f-8efb-0c356967e756
2019-07-14 08:39:13,959 INFO  server.RaftServerConfigKeys (ConfUtils.java:logGet(43)) - raft.server.log.use.memory = false (default)
2019-07-14 08:39:13,959 INFO  server.RaftServerConfigKeys (ConfUtils.java:logGet(43)) - raft.server.log.queue.byte-limit = 2147483647 (custom)
2019-07-14 08:39:13,959 INFO  server.RaftServerConfigKeys (ConfUtils.java:logGet(43)) - raft.server.log.purge.gap = 1000000000 (custom)
2019-07-14 08:39:13,959 INFO  server.RaftServerConfigKeys (ConfUtils.java:logGet(43)) - raft.server.log.queue.element-limit = 1024 (custom)
2019-07-14 08:39:13,959 INFO  server.RaftServerConfigKeys (ConfUtils.java:logGet(43)) - raft.server.log.purge.gap = 1000000000 (custom)
2019-07-14 08:39:13,960 INFO  server.RaftServerConfigKeys (ConfUtils.java:logGet(43)) - raft.server.log.segment.size.max = 1048576 (custom)
2019-07-14 08:39:13,960 INFO  server.RaftServerConfigKeys (ConfUtils.java:logGet(43)) - raft.server.log.preallocated.size = 16384 (custom)
2019-07-14 08:39:13,960 INFO  server.RaftServerConfigKeys (ConfUtils.java:logGet(43)) - raft.server.log.appender.buffer.byte-limit = 33554432 (custom)
2019-07-14 08:39:13,960 INFO  server.RaftServerConfigKeys (ConfUtils.java:logGet(43)) - raft.server.log.write.buffer.size = 33554432 (custom)
2019-07-14 08:39:13,960 INFO  server.RaftServerConfigKeys (ConfUtils.java:logGet(43)) - raft.server.log.force.sync.num = 128 (default)
2019-07-14 08:39:13,960 INFO  server.RaftServerConfigKeys (ConfUtils.java:logGet(43)) - raft.server.log.appender.buffer.byte-limit = 33554432 (custom)
2019-07-14 08:39:13,961 INFO  server.RaftServerConfigKeys (ConfUtils.java:logGet(43)) - raft.server.log.statemachine.data.sync = true (default)
2019-07-14 08:39:13,961 INFO  server.RaftServerConfigKeys (ConfUtils.java:logGet(43)) - raft.server.log.statemachine.data.sync.timeout = 10s (default)
2019-07-14 08:39:13,960 INFO  server.RaftServerConfigKeys (ConfUtils.java:logGet(43)) - raft.server.log.segment.size.max = 1048576 (custom)
2019-07-14 08:39:13,961 INFO  server.RaftServerConfigKeys (ConfUtils.java:logGet(43)) - raft.server.log.statemachine.data.sync.timeout.retry = -1 (default)
2019-07-14 08:39:13,961 INFO  server.RaftServerConfigKeys (ConfUtils.java:logGet(43)) - raft.server.log.segment.size.max = 1048576 (custom)
2019-07-14 08:39:13,961 INFO  server.RaftServerConfigKeys (ConfUtils.java:logGet(43)) - raft.server.log.statemachine.data.caching.enabled = true (custom)
2019-07-14 08:39:13,961 INFO  server.RaftServerConfigKeys (ConfUtils.java:logGet(43)) - raft.server.log.segment.cache.num.max = 2 (custom)
2019-07-14 08:39:13,962 INFO  server.RaftServerConfigKeys (ConfUtils.java:logGet(43)) - raft.server.log.segment.cache.num.max = 2 (custom)
2019-07-14 08:39:13,962 INFO  segmented.SegmentedRaftLogWorker (SegmentedRaftLogWorker.java:lambda$new$0(132)) - 96684c35-8f32-4f92-8a45-40ef054e9149-SegmentedRaftLogWorker:Storage Directory /workdir/hadoop-ozone/integration-test/target/test-dir/MiniOzoneClusterImpl-558ab0d9-ae7f-4941-9603-f52effddca80/datanode-6/data/ratis/bcddf338-d249-4d0f-8efb-0c356967e756: flushIndex: setUnconditionally 0 -> -1
2019-07-14 08:39:13,962 INFO  segmented.SegmentedRaftLogWorker (SegmentedRaftLogWorker.java:<init>(172)) - new d628cc62-b1a1-4a0d-9b17-5e9782a06fb2-SegmentedRaftLogWorker:Storage Directory /workdir/hadoop-ozone/integration-test/target/test-dir/MiniOzoneClusterImpl-558ab0d9-ae7f-4941-9603-f52effddca80/datanode-4/data/ratis/bcddf338-d249-4d0f-8efb-0c356967e756 for RaftStorage:Storage Directory /workdir/hadoop-ozone/integration-test/target/test-dir/MiniOzoneClusterImpl-558ab0d9-ae7f-4941-9603-f52effddca80/datanode-4/data/ratis/bcddf338-d249-4d0f-8efb-0c356967e756
2019-07-14 08:39:13,962 INFO  segmented.SegmentedRaftLogWorker (SegmentedRaftLogWorker.java:<init>(172)) - new fb4ac72d-3d6e-4852-a781-202df04578a5-SegmentedRaftLogWorker:Storage Directory /workdir/hadoop-ozone/integration-test/target/test-dir/MiniOzoneClusterImpl-558ab0d9-ae7f-4941-9603-f52effddca80/datanode-3/data/ratis/bcddf338-d249-4d0f-8efb-0c356967e756 for RaftStorage:Storage Directory /workdir/hadoop-ozone/integration-test/target/test-dir/MiniOzoneClusterImpl-558ab0d9-ae7f-4941-9603-f52effddca80/datanode-3/data/ratis/bcddf338-d249-4d0f-8efb-0c356967e756
2019-07-14 08:39:13,962 INFO  server.RaftServerConfigKeys (ConfUtils.java:logGet(43)) - raft.server.snapshot.auto.trigger.enabled = true (custom)
2019-07-14 08:39:13,962 INFO  server.RaftServerConfigKeys (ConfUtils.java:logGet(43)) - raft.server.log.queue.byte-limit = 2147483647 (custom)
2019-07-14 08:39:13,963 INFO  server.RaftServerConfigKeys (ConfUtils.java:logGet(43)) - raft.server.snapshot.auto.trigger.threshold = 10000 (custom)
2019-07-14 08:39:13,963 INFO  server.RaftServerConfigKeys (ConfUtils.java:logGet(43)) - raft.server.retrycache.expirytime = 600000ms (custom)
2019-07-14 08:39:13,963 INFO  server.RaftServerConfigKeys (ConfUtils.java:logGet(43)) - raft.server.log.queue.byte-limit = 2147483647 (custom)
2019-07-14 08:39:13,963 INFO  impl.RaftServerImpl (RaftServerImpl.java:start(180)) - 96684c35-8f32-4f92-8a45-40ef054e9149: start group-0C356967E756
2019-07-14 08:39:13,963 INFO  server.RaftServerConfigKeys (ConfUtils.java:logGet(43)) - raft.server.log.queue.element-limit = 1024 (custom)
2019-07-14 08:39:13,963 INFO  impl.RaftServerImpl (RaftServerImpl.java:setRole(171)) - 96684c35-8f32-4f92-8a45-40ef054e9149:group-0C356967E756 changes role from null to FOLLOWER at term 0 for startAsFollower
2019-07-14 08:39:13,963 INFO  server.RaftServerConfigKeys (ConfUtils.java:logGet(43)) - raft.server.log.queue.element-limit = 1024 (custom)
2019-07-14 08:39:13,964 INFO  impl.RoleInfo (RoleInfo.java:updateAndGet(143)) - 96684c35-8f32-4f92-8a45-40ef054e9149: start FollowerState
2019-07-14 08:39:13,964 INFO  server.RaftServerConfigKeys (ConfUtils.java:logGet(43)) - raft.server.log.segment.size.max = 1048576 (custom)
2019-07-14 08:39:13,964 INFO  server.RaftServerConfigKeys (ConfUtils.java:logGet(43)) - raft.server.log.segment.size.max = 1048576 (custom)
2019-07-14 08:39:13,964 INFO  util.JmxRegister (JmxRegister.java:tryRegister(44)) - Successfully registered JMX Bean with object name Ratis:service=RaftServer,group=group-0C356967E756,id=96684c35-8f32-4f92-8a45-40ef054e9149
2019-07-14 08:39:13,964 INFO  server.RaftServerConfigKeys (ConfUtils.java:logGet(43)) - raft.server.log.preallocated.size = 16384 (custom)
2019-07-14 08:39:13,964 INFO  server.RaftServerConfigKeys (ConfUtils.java:logGet(43)) - raft.server.log.preallocated.size = 16384 (custom)
2019-07-14 08:39:13,965 INFO  server.RaftServerConfigKeys (ConfUtils.java:logGet(43)) - raft.server.log.write.buffer.size = 33554432 (custom)
2019-07-14 08:39:13,965 INFO  server.RaftServerConfigKeys (ConfUtils.java:logGet(43)) - raft.server.log.write.buffer.size = 33554432 (custom)
2019-07-14 08:39:13,965 INFO  server.RaftServerConfigKeys (ConfUtils.java:logGet(43)) - raft.server.log.force.sync.num = 128 (default)
2019-07-14 08:39:13,965 INFO  server.RaftServerConfigKeys (ConfUtils.java:logGet(43)) - raft.server.log.force.sync.num = 128 (default)
2019-07-14 08:39:13,965 INFO  server.RaftServerConfigKeys (ConfUtils.java:logGet(43)) - raft.server.log.statemachine.data.sync = true (default)
2019-07-14 08:39:13,965 INFO  server.RaftServerConfigKeys (ConfUtils.java:logGet(43)) - raft.server.log.statemachine.data.sync = true (default)
2019-07-14 08:39:13,966 INFO  server.RaftServerConfigKeys (ConfUtils.java:logGet(43)) - raft.server.log.statemachine.data.sync.timeout = 10s (default)
2019-07-14 08:39:13,966 INFO  server.RaftServerConfigKeys (ConfUtils.java:logGet(43)) - raft.server.log.statemachine.data.sync.timeout = 10s (default)
2019-07-14 08:39:13,966 INFO  server.RaftServerConfigKeys (ConfUtils.java:logGet(43)) - raft.server.log.statemachine.data.sync.timeout.retry = -1 (default)
2019-07-14 08:39:13,966 INFO  server.RaftServerConfigKeys (ConfUtils.java:logGet(43)) - raft.server.log.statemachine.data.sync.timeout.retry = -1 (default)
2019-07-14 08:39:13,966 INFO  server.RaftServerConfigKeys (ConfUtils.java:logGet(43)) - raft.server.log.statemachine.data.caching.enabled = true (custom)
2019-07-14 08:39:13,966 INFO  server.RaftServerConfigKeys (ConfUtils.java:logGet(43)) - raft.server.log.statemachine.data.caching.enabled = true (custom)
2019-07-14 08:39:13,967 INFO  segmented.SegmentedRaftLogWorker (SegmentedRaftLogWorker.java:lambda$new$0(132)) - d628cc62-b1a1-4a0d-9b17-5e9782a06fb2-SegmentedRaftLogWorker:Storage Directory /workdir/hadoop-ozone/integration-test/target/test-dir/MiniOzoneClusterImpl-558ab0d9-ae7f-4941-9603-f52effddca80/datanode-4/data/ratis/bcddf338-d249-4d0f-8efb-0c356967e756: flushIndex: setUnconditionally 0 -> -1
2019-07-14 08:39:13,967 INFO  segmented.SegmentedRaftLogWorker (SegmentedRaftLogWorker.java:lambda$new$0(132)) - fb4ac72d-3d6e-4852-a781-202df04578a5-SegmentedRaftLogWorker:Storage Directory /workdir/hadoop-ozone/integration-test/target/test-dir/MiniOzoneClusterImpl-558ab0d9-ae7f-4941-9603-f52effddca80/datanode-3/data/ratis/bcddf338-d249-4d0f-8efb-0c356967e756: flushIndex: setUnconditionally 0 -> -1
2019-07-14 08:39:13,967 INFO  server.RaftServerConfigKeys (ConfUtils.java:logGet(43)) - raft.server.snapshot.auto.trigger.enabled = true (custom)
2019-07-14 08:39:13,967 INFO  server.RaftServerConfigKeys (ConfUtils.java:logGet(43)) - raft.server.snapshot.auto.trigger.threshold = 10000 (custom)
2019-07-14 08:39:13,967 INFO  server.RaftServerConfigKeys (ConfUtils.java:logGet(43)) - raft.server.snapshot.auto.trigger.enabled = true (custom)
2019-07-14 08:39:13,967 INFO  server.RaftServerConfigKeys (ConfUtils.java:logGet(43)) - raft.server.retrycache.expirytime = 600000ms (custom)
2019-07-14 08:39:13,967 INFO  server.RaftServerConfigKeys (ConfUtils.java:logGet(43)) - raft.server.snapshot.auto.trigger.threshold = 10000 (custom)
2019-07-14 08:39:13,968 INFO  impl.RaftServerImpl (RaftServerImpl.java:start(180)) - d628cc62-b1a1-4a0d-9b17-5e9782a06fb2: start group-0C356967E756
2019-07-14 08:39:13,968 INFO  server.RaftServerConfigKeys (ConfUtils.java:logGet(43)) - raft.server.retrycache.expirytime = 600000ms (custom)
2019-07-14 08:39:13,968 INFO  impl.RaftServerImpl (RaftServerImpl.java:setRole(171)) - d628cc62-b1a1-4a0d-9b17-5e9782a06fb2:group-0C356967E756 changes role from null to FOLLOWER at term 0 for startAsFollower
2019-07-14 08:39:13,968 INFO  impl.RaftServerImpl (RaftServerImpl.java:start(180)) - fb4ac72d-3d6e-4852-a781-202df04578a5: start group-0C356967E756
2019-07-14 08:39:13,968 INFO  impl.RoleInfo (RoleInfo.java:updateAndGet(143)) - d628cc62-b1a1-4a0d-9b17-5e9782a06fb2: start FollowerState
2019-07-14 08:39:13,968 INFO  impl.RaftServerImpl (RaftServerImpl.java:setRole(171)) - fb4ac72d-3d6e-4852-a781-202df04578a5:group-0C356967E756 changes role from null to FOLLOWER at term 0 for startAsFollower
2019-07-14 08:39:13,968 INFO  impl.RoleInfo (RoleInfo.java:updateAndGet(143)) - fb4ac72d-3d6e-4852-a781-202df04578a5: start FollowerState
2019-07-14 08:39:13,969 INFO  util.JmxRegister (JmxRegister.java:tryRegister(44)) - Successfully registered JMX Bean with object name Ratis:service=RaftServer,group=group-0C356967E756,id=d628cc62-b1a1-4a0d-9b17-5e9782a06fb2
2019-07-14 08:39:13,969 INFO  util.JmxRegister (JmxRegister.java:tryRegister(44)) - Successfully registered JMX Bean with object name Ratis:service=RaftServer,group=group-0C356967E756,id=fb4ac72d-3d6e-4852-a781-202df04578a5
2019-07-14 08:39:13,971 INFO  pipeline.PipelineStateManager (PipelineStateManager.java:addPipeline(56)) - Created pipeline Pipeline[ Id: bcddf338-d249-4d0f-8efb-0c356967e756, Nodes: 96684c35-8f32-4f92-8a45-40ef054e9149{ip: 192.168.5.191, host: trunk-nightly-5z2vd-27108033, networkLocation: /default-rack, certSerialId: null}d628cc62-b1a1-4a0d-9b17-5e9782a06fb2{ip: 192.168.5.191, host: trunk-nightly-5z2vd-27108033, networkLocation: /default-rack, certSerialId: null}fb4ac72d-3d6e-4852-a781-202df04578a5{ip: 192.168.5.191, host: trunk-nightly-5z2vd-27108033, networkLocation: /default-rack, certSerialId: null}, Type:RATIS, Factor:THREE, State:OPEN]
2019-07-14 08:39:14,893 INFO  ozone.MiniOzoneClusterImpl (MiniOzoneClusterImpl.java:lambda$waitForClusterToBeReady$0(142)) - Cluster is ready. Got 7 of 7 DN Heartbeats.
2019-07-14 08:39:14,957 INFO  rpc.RpcClient (RpcClient.java:createVolume(287)) - Creating Volume: testblockoutputstream, with jenkins1000 as owner.
2019-07-14 08:39:14,973 INFO  rpc.RpcClient (RpcClient.java:createBucket(424)) - Creating Bucket: testblockoutputstream/testblockoutputstream, with Versioning false and Storage Type set to DISK and Encryption set to false 
2019-07-14 08:39:14,999 INFO  client.GrpcClientProtocolClient (GrpcClientProtocolClient.java:onNext(255)) - client-281B993CCAD5->96684c35-8f32-4f92-8a45-40ef054e9149: receive RaftClientReply:client-281B993CCAD5->96684c35-8f32-4f92-8a45-40ef054e9149@group-0C356967E756, cid=279, FAILED org.apache.ratis.protocol.NotLeaderException: Server 96684c35-8f32-4f92-8a45-40ef054e9149 is not the leader (null). Request must be sent to leader., logIndex=0, commits[96684c35-8f32-4f92-8a45-40ef054e9149:c-1]
2019-07-14 08:39:15,844 INFO  container.ReplicationManager (ReplicationManager.java:start(155)) - Starting Replication Monitor Thread.
2019-07-14 08:39:15,848 INFO  container.ReplicationManager (ReplicationManager.java:run(207)) - Replication Monitor Thread took 0 milliseconds for processing 1 containers.
2019-07-14 08:39:16,014 INFO  client.GrpcClientProtocolClient (GrpcClientProtocolClient.java:onNext(255)) - client-281B993CCAD5->fb4ac72d-3d6e-4852-a781-202df04578a5: receive RaftClientReply:client-281B993CCAD5->fb4ac72d-3d6e-4852-a781-202df04578a5@group-0C356967E756, cid=279, FAILED org.apache.ratis.protocol.NotLeaderException: Server fb4ac72d-3d6e-4852-a781-202df04578a5 is not the leader (null). Request must be sent to leader., logIndex=0, commits[fb4ac72d-3d6e-4852-a781-202df04578a5:c-1]
2019-07-14 08:39:17,026 INFO  client.GrpcClientProtocolClient (GrpcClientProtocolClient.java:onNext(255)) - client-281B993CCAD5->96684c35-8f32-4f92-8a45-40ef054e9149: receive RaftClientReply:client-281B993CCAD5->96684c35-8f32-4f92-8a45-40ef054e9149@group-0C356967E756, cid=279, FAILED org.apache.ratis.protocol.NotLeaderException: Server 96684c35-8f32-4f92-8a45-40ef054e9149 is not the leader (null). Request must be sent to leader., logIndex=0, commits[96684c35-8f32-4f92-8a45-40ef054e9149:c-1]
2019-07-14 08:39:17,940 INFO  impl.FollowerState (FollowerState.java:run(106)) - 308f7aef-32d3-4043-a5a3-021fc9c2f9c6:group-B7246DC017D9 changes to CANDIDATE, lastRpcTime:5061, electionTimeout:5061ms
2019-07-14 08:39:17,941 INFO  impl.RoleInfo (RoleInfo.java:shutdownFollowerState(121)) - 308f7aef-32d3-4043-a5a3-021fc9c2f9c6: shutdown FollowerState
2019-07-14 08:39:17,941 INFO  impl.RaftServerImpl (RaftServerImpl.java:setRole(171)) - 308f7aef-32d3-4043-a5a3-021fc9c2f9c6:group-B7246DC017D9 changes role from FOLLOWER to CANDIDATE at term 0 for changeToCandidate
2019-07-14 08:39:17,941 INFO  impl.RoleInfo (RoleInfo.java:updateAndGet(143)) - 308f7aef-32d3-4043-a5a3-021fc9c2f9c6: start LeaderElection
2019-07-14 08:39:17,973 INFO  impl.LeaderElection (LeaderElection.java:askForVotes(181)) - 308f7aef-32d3-4043-a5a3-021fc9c2f9c6:group-B7246DC017D9:LeaderElection105: begin an election at term 1 for -1: [308f7aef-32d3-4043-a5a3-021fc9c2f9c6:192.168.5.191:45840], old=null
2019-07-14 08:39:17,973 INFO  impl.RoleInfo (RoleInfo.java:shutdownLeaderElection(134)) - 308f7aef-32d3-4043-a5a3-021fc9c2f9c6: shutdown LeaderElection
2019-07-14 08:39:17,973 INFO  impl.RaftServerImpl (RaftServerImpl.java:setRole(171)) - 308f7aef-32d3-4043-a5a3-021fc9c2f9c6:group-B7246DC017D9 changes role from CANDIDATE to LEADER at term 1 for changeToLeader
2019-07-14 08:39:17,973 INFO  impl.RaftServerImpl (ServerState.java:setLeader(263)) - 308f7aef-32d3-4043-a5a3-021fc9c2f9c6:group-B7246DC017D9 change Leader from null to 308f7aef-32d3-4043-a5a3-021fc9c2f9c6 at term 1 for becomeLeader, leader elected after 5098ms
2019-07-14 08:39:17,973 INFO  server.RaftServerConfigKeys (ConfUtils.java:logGet(43)) - raft.server.staging.catchup.gap = 1000 (default)
2019-07-14 08:39:17,974 INFO  server.RaftServerConfigKeys (ConfUtils.java:logGet(43)) - raft.server.rpc.sleep.time = 25ms (default)
2019-07-14 08:39:17,974 INFO  server.RaftServerConfigKeys (ConfUtils.java:logGet(43)) - raft.server.write.element-limit = 4096 (default)
2019-07-14 08:39:17,974 INFO  server.RaftServerConfigKeys (ConfUtils.java:logGet(43)) - raft.server.watch.timeout = 10s (default)
2019-07-14 08:39:17,974 INFO  server.RaftServerConfigKeys (ConfUtils.java:logGet(43)) - raft.server.watch.timeout.denomination = 1s (default)
2019-07-14 08:39:17,974 INFO  server.RaftServerConfigKeys (ConfUtils.java:logGet(43)) - raft.server.watch.element-limit = 65536 (default)
2019-07-14 08:39:17,974 INFO  impl.RoleInfo (RoleInfo.java:updateAndGet(143)) - 308f7aef-32d3-4043-a5a3-021fc9c2f9c6: start LeaderState
2019-07-14 08:39:17,975 INFO  segmented.SegmentedRaftLogWorker (SegmentedRaftLogWorker.java:startLogSegment(380)) - 308f7aef-32d3-4043-a5a3-021fc9c2f9c6-SegmentedRaftLogWorker:Storage Directory /workdir/hadoop-ozone/integration-test/target/test-dir/MiniOzoneClusterImpl-558ab0d9-ae7f-4941-9603-f52effddca80/datanode-0/data/ratis/13db8877-f554-45dc-bb68-b7246dc017d9: Starting segment from index:0
2019-07-14 08:39:17,975 INFO  impl.RaftServerImpl (ServerState.java:setRaftConf(361)) - 308f7aef-32d3-4043-a5a3-021fc9c2f9c6:group-B7246DC017D9 set configuration 0: [308f7aef-32d3-4043-a5a3-021fc9c2f9c6:192.168.5.191:45840], old=null at 0
2019-07-14 08:39:18,018 INFO  segmented.SegmentedRaftLogWorker (SegmentedRaftLogWorker.java:execute(569)) - 308f7aef-32d3-4043-a5a3-021fc9c2f9c6-SegmentedRaftLogWorker:Storage Directory /workdir/hadoop-ozone/integration-test/target/test-dir/MiniOzoneClusterImpl-558ab0d9-ae7f-4941-9603-f52effddca80/datanode-0/data/ratis/13db8877-f554-45dc-bb68-b7246dc017d9: created new log segment /workdir/hadoop-ozone/integration-test/target/test-dir/MiniOzoneClusterImpl-558ab0d9-ae7f-4941-9603-f52effddca80/datanode-0/data/ratis/13db8877-f554-45dc-bb68-b7246dc017d9/current/log_inprogress_0
2019-07-14 08:39:18,035 INFO  client.GrpcClientProtocolClient (GrpcClientProtocolClient.java:onNext(255)) - client-281B993CCAD5->fb4ac72d-3d6e-4852-a781-202df04578a5: receive RaftClientReply:client-281B993CCAD5->fb4ac72d-3d6e-4852-a781-202df04578a5@group-0C356967E756, cid=279, FAILED org.apache.ratis.protocol.NotLeaderException: Server fb4ac72d-3d6e-4852-a781-202df04578a5 is not the leader (null). Request must be sent to leader., logIndex=0, commits[fb4ac72d-3d6e-4852-a781-202df04578a5:c-1]
2019-07-14 08:39:18,070 INFO  impl.FollowerState (FollowerState.java:run(106)) - c2571538-b9bd-49c9-a9d1-5ffa1fd504df:group-F46682AF98CC changes to CANDIDATE, lastRpcTime:5048, electionTimeout:5048ms
2019-07-14 08:39:18,070 INFO  impl.RoleInfo (RoleInfo.java:shutdownFollowerState(121)) - c2571538-b9bd-49c9-a9d1-5ffa1fd504df: shutdown FollowerState
2019-07-14 08:39:18,071 INFO  impl.RaftServerImpl (RaftServerImpl.java:setRole(171)) - c2571538-b9bd-49c9-a9d1-5ffa1fd504df:group-F46682AF98CC changes role from FOLLOWER to CANDIDATE at term 0 for changeToCandidate
2019-07-14 08:39:18,071 INFO  impl.RoleInfo (RoleInfo.java:updateAndGet(143)) - c2571538-b9bd-49c9-a9d1-5ffa1fd504df: start LeaderElection
2019-07-14 08:39:18,090 INFO  impl.LeaderElection (LeaderElection.java:askForVotes(181)) - c2571538-b9bd-49c9-a9d1-5ffa1fd504df:group-F46682AF98CC:LeaderElection106: begin an election at term 1 for -1: [c2571538-b9bd-49c9-a9d1-5ffa1fd504df:192.168.5.191:44660], old=null
2019-07-14 08:39:18,090 INFO  impl.RoleInfo (RoleInfo.java:shutdownLeaderElection(134)) - c2571538-b9bd-49c9-a9d1-5ffa1fd504df: shutdown LeaderElection
2019-07-14 08:39:18,090 INFO  impl.RaftServerImpl (RaftServerImpl.java:setRole(171)) - c2571538-b9bd-49c9-a9d1-5ffa1fd504df:group-F46682AF98CC changes role from CANDIDATE to LEADER at term 1 for changeToLeader
2019-07-14 08:39:18,090 INFO  impl.RaftServerImpl (ServerState.java:setLeader(263)) - c2571538-b9bd-49c9-a9d1-5ffa1fd504df:group-F46682AF98CC change Leader from null to c2571538-b9bd-49c9-a9d1-5ffa1fd504df at term 1 for becomeLeader, leader elected after 5072ms
2019-07-14 08:39:18,091 INFO  server.RaftServerConfigKeys (ConfUtils.java:logGet(43)) - raft.server.staging.catchup.gap = 1000 (default)
2019-07-14 08:39:18,091 INFO  server.RaftServerConfigKeys (ConfUtils.java:logGet(43)) - raft.server.rpc.sleep.time = 25ms (default)
2019-07-14 08:39:18,091 INFO  server.RaftServerConfigKeys (ConfUtils.java:logGet(43)) - raft.server.write.element-limit = 4096 (default)
2019-07-14 08:39:18,091 INFO  server.RaftServerConfigKeys (ConfUtils.java:logGet(43)) - raft.server.watch.timeout = 10s (default)
2019-07-14 08:39:18,091 INFO  server.RaftServerConfigKeys (ConfUtils.java:logGet(43)) - raft.server.watch.timeout.denomination = 1s (default)
2019-07-14 08:39:18,091 INFO  server.RaftServerConfigKeys (ConfUtils.java:logGet(43)) - raft.server.watch.element-limit = 65536 (default)
2019-07-14 08:39:18,092 INFO  impl.RoleInfo (RoleInfo.java:updateAndGet(143)) - c2571538-b9bd-49c9-a9d1-5ffa1fd504df: start LeaderState
2019-07-14 08:39:18,092 INFO  segmented.SegmentedRaftLogWorker (SegmentedRaftLogWorker.java:startLogSegment(380)) - c2571538-b9bd-49c9-a9d1-5ffa1fd504df-SegmentedRaftLogWorker:Storage Directory /workdir/hadoop-ozone/integration-test/target/test-dir/MiniOzoneClusterImpl-558ab0d9-ae7f-4941-9603-f52effddca80/datanode-1/data/ratis/67379dfd-11ea-44e9-b4aa-f46682af98cc: Starting segment from index:0
2019-07-14 08:39:18,092 INFO  impl.RaftServerImpl (ServerState.java:setRaftConf(361)) - c2571538-b9bd-49c9-a9d1-5ffa1fd504df:group-F46682AF98CC set configuration 0: [c2571538-b9bd-49c9-a9d1-5ffa1fd504df:192.168.5.191:44660], old=null at 0
2019-07-14 08:39:18,136 INFO  segmented.SegmentedRaftLogWorker (SegmentedRaftLogWorker.java:execute(569)) - c2571538-b9bd-49c9-a9d1-5ffa1fd504df-SegmentedRaftLogWorker:Storage Directory /workdir/hadoop-ozone/integration-test/target/test-dir/MiniOzoneClusterImpl-558ab0d9-ae7f-4941-9603-f52effddca80/datanode-1/data/ratis/67379dfd-11ea-44e9-b4aa-f46682af98cc: created new log segment /workdir/hadoop-ozone/integration-test/target/test-dir/MiniOzoneClusterImpl-558ab0d9-ae7f-4941-9603-f52effddca80/datanode-1/data/ratis/67379dfd-11ea-44e9-b4aa-f46682af98cc/current/log_inprogress_0
2019-07-14 08:39:18,249 INFO  impl.FollowerState (FollowerState.java:run(106)) - ee549b8e-f8d8-4c31-9b0a-9326955f9b1b:group-DAD5A5AD9770 changes to CANDIDATE, lastRpcTime:5002, electionTimeout:5002ms
2019-07-14 08:39:18,249 INFO  impl.RoleInfo (RoleInfo.java:shutdownFollowerState(121)) - ee549b8e-f8d8-4c31-9b0a-9326955f9b1b: shutdown FollowerState
2019-07-14 08:39:18,249 INFO  impl.RaftServerImpl (RaftServerImpl.java:setRole(171)) - ee549b8e-f8d8-4c31-9b0a-9326955f9b1b:group-DAD5A5AD9770 changes role from FOLLOWER to CANDIDATE at term 0 for changeToCandidate
2019-07-14 08:39:18,249 INFO  impl.RoleInfo (RoleInfo.java:updateAndGet(143)) - ee549b8e-f8d8-4c31-9b0a-9326955f9b1b: start LeaderElection
2019-07-14 08:39:18,259 INFO  impl.LeaderElection (LeaderElection.java:askForVotes(181)) - ee549b8e-f8d8-4c31-9b0a-9326955f9b1b:group-DAD5A5AD9770:LeaderElection107: begin an election at term 1 for -1: [c2571538-b9bd-49c9-a9d1-5ffa1fd504df:192.168.5.191:44660, ee549b8e-f8d8-4c31-9b0a-9326955f9b1b:192.168.5.191:38108, 308f7aef-32d3-4043-a5a3-021fc9c2f9c6:192.168.5.191:45840], old=null
2019-07-14 08:39:18,266 INFO  impl.RaftServerImpl (RaftServerImpl.java:setRole(171)) - c2571538-b9bd-49c9-a9d1-5ffa1fd504df:group-DAD5A5AD9770 changes role from FOLLOWER to FOLLOWER at term 1 for recognizeCandidate:ee549b8e-f8d8-4c31-9b0a-9326955f9b1b
2019-07-14 08:39:18,266 INFO  impl.RaftServerImpl (RaftServerImpl.java:setRole(171)) - 308f7aef-32d3-4043-a5a3-021fc9c2f9c6:group-DAD5A5AD9770 changes role from FOLLOWER to FOLLOWER at term 1 for recognizeCandidate:ee549b8e-f8d8-4c31-9b0a-9326955f9b1b
2019-07-14 08:39:18,266 INFO  impl.RoleInfo (RoleInfo.java:shutdownFollowerState(121)) - c2571538-b9bd-49c9-a9d1-5ffa1fd504df: shutdown FollowerState
2019-07-14 08:39:18,266 INFO  impl.RoleInfo (RoleInfo.java:shutdownFollowerState(121)) - 308f7aef-32d3-4043-a5a3-021fc9c2f9c6: shutdown FollowerState
2019-07-14 08:39:18,267 INFO  impl.FollowerState (FollowerState.java:run(114)) - c2571538-b9bd-49c9-a9d1-5ffa1fd504df: FollowerState was interrupted: java.lang.InterruptedException: sleep interrupted
2019-07-14 08:39:18,267 INFO  impl.FollowerState (FollowerState.java:run(114)) - 308f7aef-32d3-4043-a5a3-021fc9c2f9c6: FollowerState was interrupted: java.lang.InterruptedException: sleep interrupted
2019-07-14 08:39:18,266 INFO  impl.RoleInfo (RoleInfo.java:updateAndGet(143)) - c2571538-b9bd-49c9-a9d1-5ffa1fd504df: start FollowerState
2019-07-14 08:39:18,267 INFO  impl.RoleInfo (RoleInfo.java:updateAndGet(143)) - 308f7aef-32d3-4043-a5a3-021fc9c2f9c6: start FollowerState
2019-07-14 08:39:18,276 INFO  impl.LeaderElection (LeaderElection.java:logAndReturn(56)) - ee549b8e-f8d8-4c31-9b0a-9326955f9b1b:group-DAD5A5AD9770:LeaderElection107: Election PASSED; received 1 response(s) [ee549b8e-f8d8-4c31-9b0a-9326955f9b1b<-c2571538-b9bd-49c9-a9d1-5ffa1fd504df#0:OK-t1] and 0 exception(s); ee549b8e-f8d8-4c31-9b0a-9326955f9b1b:t1, leader=null, voted=ee549b8e-f8d8-4c31-9b0a-9326955f9b1b, raftlog=ee549b8e-f8d8-4c31-9b0a-9326955f9b1b-SegmentedRaftLog:OPENED:c-1,f-1,i0, conf=-1: [c2571538-b9bd-49c9-a9d1-5ffa1fd504df:192.168.5.191:44660, ee549b8e-f8d8-4c31-9b0a-9326955f9b1b:192.168.5.191:38108, 308f7aef-32d3-4043-a5a3-021fc9c2f9c6:192.168.5.191:45840], old=null
2019-07-14 08:39:18,276 INFO  impl.RoleInfo (RoleInfo.java:shutdownLeaderElection(134)) - ee549b8e-f8d8-4c31-9b0a-9326955f9b1b: shutdown LeaderElection
2019-07-14 08:39:18,276 INFO  impl.RaftServerImpl (RaftServerImpl.java:setRole(171)) - ee549b8e-f8d8-4c31-9b0a-9326955f9b1b:group-DAD5A5AD9770 changes role from CANDIDATE to LEADER at term 1 for changeToLeader
2019-07-14 08:39:18,276 INFO  impl.RaftServerImpl (ServerState.java:setLeader(263)) - ee549b8e-f8d8-4c31-9b0a-9326955f9b1b:group-DAD5A5AD9770 change Leader from null to ee549b8e-f8d8-4c31-9b0a-9326955f9b1b at term 1 for becomeLeader, leader elected after 5036ms
2019-07-14 08:39:18,276 INFO  server.RaftServerConfigKeys (ConfUtils.java:logGet(43)) - raft.server.staging.catchup.gap = 1000 (default)
2019-07-14 08:39:18,277 INFO  server.RaftServerConfigKeys (ConfUtils.java:logGet(43)) - raft.server.rpc.sleep.time = 25ms (default)
2019-07-14 08:39:18,277 INFO  server.RaftServerConfigKeys (ConfUtils.java:logGet(43)) - raft.server.write.element-limit = 4096 (default)
2019-07-14 08:39:18,277 INFO  server.RaftServerConfigKeys (ConfUtils.java:logGet(43)) - raft.server.watch.timeout = 10s (default)
2019-07-14 08:39:18,277 INFO  server.RaftServerConfigKeys (ConfUtils.java:logGet(43)) - raft.server.watch.timeout.denomination = 1s (default)
2019-07-14 08:39:18,277 INFO  server.RaftServerConfigKeys (ConfUtils.java:logGet(43)) - raft.server.watch.element-limit = 65536 (default)
2019-07-14 08:39:18,277 INFO  server.RaftServerConfigKeys (ConfUtils.java:logGet(43)) - raft.server.log.appender.snapshot.chunk.size.max = 16MB (=16777216) (default)
2019-07-14 08:39:18,278 INFO  server.RaftServerConfigKeys (ConfUtils.java:logGet(43)) - raft.server.log.appender.buffer.byte-limit = 33554432 (custom)
2019-07-14 08:39:18,278 INFO  server.RaftServerConfigKeys (ConfUtils.java:logGet(43)) - raft.server.log.appender.buffer.element-limit = 1 (custom)
2019-07-14 08:39:18,278 INFO  grpc.GrpcConfigKeys$Server (ConfUtils.java:logGet(43)) - raft.grpc.server.leader.outstanding.appends.max = 128 (default)
2019-07-14 08:39:18,278 INFO  server.RaftServerConfigKeys (ConfUtils.java:logGet(43)) - raft.server.rpc.request.timeout = 3000ms (default)
2019-07-14 08:39:18,278 INFO  server.RaftServerConfigKeys (ConfUtils.java:logGet(43)) - raft.server.log.appender.install.snapshot.enabled = false (custom)
2019-07-14 08:39:18,279 INFO  server.RaftServerConfigKeys (ConfUtils.java:logGet(43)) - raft.server.log.appender.snapshot.chunk.size.max = 16MB (=16777216) (default)
2019-07-14 08:39:18,279 INFO  server.RaftServerConfigKeys (ConfUtils.java:logGet(43)) - raft.server.log.appender.buffer.byte-limit = 33554432 (custom)
2019-07-14 08:39:18,279 INFO  server.RaftServerConfigKeys (ConfUtils.java:logGet(43)) - raft.server.log.appender.buffer.element-limit = 1 (custom)
2019-07-14 08:39:18,279 INFO  grpc.GrpcConfigKeys$Server (ConfUtils.java:logGet(43)) - raft.grpc.server.leader.outstanding.appends.max = 128 (default)
2019-07-14 08:39:18,279 INFO  server.RaftServerConfigKeys (ConfUtils.java:logGet(43)) - raft.server.rpc.request.timeout = 3000ms (default)
2019-07-14 08:39:18,279 INFO  server.RaftServerConfigKeys (ConfUtils.java:logGet(43)) - raft.server.log.appender.install.snapshot.enabled = false (custom)
2019-07-14 08:39:18,280 INFO  impl.RoleInfo (RoleInfo.java:updateAndGet(143)) - ee549b8e-f8d8-4c31-9b0a-9326955f9b1b: start LeaderState
2019-07-14 08:39:18,280 INFO  segmented.SegmentedRaftLogWorker (SegmentedRaftLogWorker.java:startLogSegment(380)) - ee549b8e-f8d8-4c31-9b0a-9326955f9b1b-SegmentedRaftLogWorker:Storage Directory /workdir/hadoop-ozone/integration-test/target/test-dir/MiniOzoneClusterImpl-558ab0d9-ae7f-4941-9603-f52effddca80/datanode-2/data/ratis/f14fc677-ff9c-4a5b-ae85-dad5a5ad9770: Starting segment from index:0
2019-07-14 08:39:18,281 INFO  impl.RaftServerImpl (ServerState.java:setRaftConf(361)) - ee549b8e-f8d8-4c31-9b0a-9326955f9b1b:group-DAD5A5AD9770 set configuration 0: [c2571538-b9bd-49c9-a9d1-5ffa1fd504df:192.168.5.191:44660, ee549b8e-f8d8-4c31-9b0a-9326955f9b1b:192.168.5.191:38108, 308f7aef-32d3-4043-a5a3-021fc9c2f9c6:192.168.5.191:45840], old=null at 0
2019-07-14 08:39:18,282 INFO  impl.RaftServerImpl (ServerState.java:setLeader(263)) - c2571538-b9bd-49c9-a9d1-5ffa1fd504df:group-DAD5A5AD9770 change Leader from null to ee549b8e-f8d8-4c31-9b0a-9326955f9b1b at term 1 for appendEntries, leader elected after 5042ms
2019-07-14 08:39:18,283 INFO  impl.RaftServerImpl (ServerState.java:setLeader(263)) - 308f7aef-32d3-4043-a5a3-021fc9c2f9c6:group-DAD5A5AD9770 change Leader from null to ee549b8e-f8d8-4c31-9b0a-9326955f9b1b at term 1 for appendEntries, leader elected after 5042ms
2019-07-14 08:39:18,301 INFO  impl.FollowerState (FollowerState.java:run(106)) - ee549b8e-f8d8-4c31-9b0a-9326955f9b1b:group-ADC7834F1387 changes to CANDIDATE, lastRpcTime:5107, electionTimeout:5103ms
2019-07-14 08:39:18,301 INFO  impl.RoleInfo (RoleInfo.java:shutdownFollowerState(121)) - ee549b8e-f8d8-4c31-9b0a-9326955f9b1b: shutdown FollowerState
2019-07-14 08:39:18,302 INFO  impl.RaftServerImpl (RaftServerImpl.java:setRole(171)) - ee549b8e-f8d8-4c31-9b0a-9326955f9b1b:group-ADC7834F1387 changes role from FOLLOWER to CANDIDATE at term 0 for changeToCandidate
2019-07-14 08:39:18,302 INFO  impl.RoleInfo (RoleInfo.java:updateAndGet(143)) - ee549b8e-f8d8-4c31-9b0a-9326955f9b1b: start LeaderElection
2019-07-14 08:39:18,308 INFO  segmented.SegmentedRaftLogWorker (SegmentedRaftLogWorker.java:execute(569)) - ee549b8e-f8d8-4c31-9b0a-9326955f9b1b-SegmentedRaftLogWorker:Storage Directory /workdir/hadoop-ozone/integration-test/target/test-dir/MiniOzoneClusterImpl-558ab0d9-ae7f-4941-9603-f52effddca80/datanode-2/data/ratis/f14fc677-ff9c-4a5b-ae85-dad5a5ad9770: created new log segment /workdir/hadoop-ozone/integration-test/target/test-dir/MiniOzoneClusterImpl-558ab0d9-ae7f-4941-9603-f52effddca80/datanode-2/data/ratis/f14fc677-ff9c-4a5b-ae85-dad5a5ad9770/current/log_inprogress_0
2019-07-14 08:39:18,308 INFO  impl.RaftServerImpl (ServerState.java:setRaftConf(361)) - c2571538-b9bd-49c9-a9d1-5ffa1fd504df:group-DAD5A5AD9770 set configuration 0: [c2571538-b9bd-49c9-a9d1-5ffa1fd504df:192.168.5.191:44660, ee549b8e-f8d8-4c31-9b0a-9326955f9b1b:192.168.5.191:38108, 308f7aef-32d3-4043-a5a3-021fc9c2f9c6:192.168.5.191:45840], old=null at 0
2019-07-14 08:39:18,308 INFO  impl.RaftServerImpl (ServerState.java:setRaftConf(361)) - 308f7aef-32d3-4043-a5a3-021fc9c2f9c6:group-DAD5A5AD9770 set configuration 0: [c2571538-b9bd-49c9-a9d1-5ffa1fd504df:192.168.5.191:44660, ee549b8e-f8d8-4c31-9b0a-9326955f9b1b:192.168.5.191:38108, 308f7aef-32d3-4043-a5a3-021fc9c2f9c6:192.168.5.191:45840], old=null at 0
2019-07-14 08:39:18,308 INFO  segmented.SegmentedRaftLogWorker (SegmentedRaftLogWorker.java:startLogSegment(380)) - c2571538-b9bd-49c9-a9d1-5ffa1fd504df-SegmentedRaftLogWorker:Storage Directory /workdir/hadoop-ozone/integration-test/target/test-dir/MiniOzoneClusterImpl-558ab0d9-ae7f-4941-9603-f52effddca80/datanode-1/data/ratis/f14fc677-ff9c-4a5b-ae85-dad5a5ad9770: Starting segment from index:0
2019-07-14 08:39:18,308 INFO  segmented.SegmentedRaftLogWorker (SegmentedRaftLogWorker.java:startLogSegment(380)) - 308f7aef-32d3-4043-a5a3-021fc9c2f9c6-SegmentedRaftLogWorker:Storage Directory /workdir/hadoop-ozone/integration-test/target/test-dir/MiniOzoneClusterImpl-558ab0d9-ae7f-4941-9603-f52effddca80/datanode-0/data/ratis/f14fc677-ff9c-4a5b-ae85-dad5a5ad9770: Starting segment from index:0
2019-07-14 08:39:18,312 INFO  impl.LeaderElection (LeaderElection.java:askForVotes(181)) - ee549b8e-f8d8-4c31-9b0a-9326955f9b1b:group-ADC7834F1387:LeaderElection108: begin an election at term 1 for -1: [ee549b8e-f8d8-4c31-9b0a-9326955f9b1b:192.168.5.191:38108], old=null
2019-07-14 08:39:18,312 INFO  impl.RoleInfo (RoleInfo.java:shutdownLeaderElection(134)) - ee549b8e-f8d8-4c31-9b0a-9326955f9b1b: shutdown LeaderElection
2019-07-14 08:39:18,312 INFO  impl.RaftServerImpl (RaftServerImpl.java:setRole(171)) - ee549b8e-f8d8-4c31-9b0a-9326955f9b1b:group-ADC7834F1387 changes role from CANDIDATE to LEADER at term 1 for changeToLeader
2019-07-14 08:39:18,312 INFO  impl.RaftServerImpl (ServerState.java:setLeader(263)) - ee549b8e-f8d8-4c31-9b0a-9326955f9b1b:group-ADC7834F1387 change Leader from null to ee549b8e-f8d8-4c31-9b0a-9326955f9b1b at term 1 for becomeLeader, leader elected after 5122ms
2019-07-14 08:39:18,312 INFO  server.RaftServerConfigKeys (ConfUtils.java:logGet(43)) - raft.server.staging.catchup.gap = 1000 (default)
2019-07-14 08:39:18,312 INFO  server.RaftServerConfigKeys (ConfUtils.java:logGet(43)) - raft.server.rpc.sleep.time = 25ms (default)
2019-07-14 08:39:18,312 INFO  server.RaftServerConfigKeys (ConfUtils.java:logGet(43)) - raft.server.write.element-limit = 4096 (default)
2019-07-14 08:39:18,313 INFO  server.RaftServerConfigKeys (ConfUtils.java:logGet(43)) - raft.server.watch.timeout = 10s (default)
2019-07-14 08:39:18,313 INFO  server.RaftServerConfigKeys (ConfUtils.java:logGet(43)) - raft.server.watch.timeout.denomination = 1s (default)
2019-07-14 08:39:18,313 INFO  server.RaftServerConfigKeys (ConfUtils.java:logGet(43)) - raft.server.watch.element-limit = 65536 (default)
2019-07-14 08:39:18,313 INFO  impl.RoleInfo (RoleInfo.java:updateAndGet(143)) - ee549b8e-f8d8-4c31-9b0a-9326955f9b1b: start LeaderState
2019-07-14 08:39:18,313 INFO  segmented.SegmentedRaftLogWorker (SegmentedRaftLogWorker.java:startLogSegment(380)) - ee549b8e-f8d8-4c31-9b0a-9326955f9b1b-SegmentedRaftLogWorker:Storage Directory /workdir/hadoop-ozone/integration-test/target/test-dir/MiniOzoneClusterImpl-558ab0d9-ae7f-4941-9603-f52effddca80/datanode-2/data/ratis/fa4e1555-a27e-4189-97ad-adc7834f1387: Starting segment from index:0
2019-07-14 08:39:18,314 INFO  impl.RaftServerImpl (ServerState.java:setRaftConf(361)) - ee549b8e-f8d8-4c31-9b0a-9326955f9b1b:group-ADC7834F1387 set configuration 0: [ee549b8e-f8d8-4c31-9b0a-9326955f9b1b:192.168.5.191:38108], old=null at 0
2019-07-14 08:39:18,331 INFO  segmented.SegmentedRaftLogWorker (SegmentedRaftLogWorker.java:execute(569)) - c2571538-b9bd-49c9-a9d1-5ffa1fd504df-SegmentedRaftLogWorker:Storage Directory /workdir/hadoop-ozone/integration-test/target/test-dir/MiniOzoneClusterImpl-558ab0d9-ae7f-4941-9603-f52effddca80/datanode-1/data/ratis/f14fc677-ff9c-4a5b-ae85-dad5a5ad9770: created new log segment /workdir/hadoop-ozone/integration-test/target/test-dir/MiniOzoneClusterImpl-558ab0d9-ae7f-4941-9603-f52effddca80/datanode-1/data/ratis/f14fc677-ff9c-4a5b-ae85-dad5a5ad9770/current/log_inprogress_0
2019-07-14 08:39:18,331 INFO  segmented.SegmentedRaftLogWorker (SegmentedRaftLogWorker.java:execute(569)) - 308f7aef-32d3-4043-a5a3-021fc9c2f9c6-SegmentedRaftLogWorker:Storage Directory /workdir/hadoop-ozone/integration-test/target/test-dir/MiniOzoneClusterImpl-558ab0d9-ae7f-4941-9603-f52effddca80/datanode-0/data/ratis/f14fc677-ff9c-4a5b-ae85-dad5a5ad9770: created new log segment /workdir/hadoop-ozone/integration-test/target/test-dir/MiniOzoneClusterImpl-558ab0d9-ae7f-4941-9603-f52effddca80/datanode-0/data/ratis/f14fc677-ff9c-4a5b-ae85-dad5a5ad9770/current/log_inprogress_0
2019-07-14 08:39:18,337 INFO  segmented.SegmentedRaftLogWorker (SegmentedRaftLogWorker.java:execute(569)) - ee549b8e-f8d8-4c31-9b0a-9326955f9b1b-SegmentedRaftLogWorker:Storage Directory /workdir/hadoop-ozone/integration-test/target/test-dir/MiniOzoneClusterImpl-558ab0d9-ae7f-4941-9603-f52effddca80/datanode-2/data/ratis/fa4e1555-a27e-4189-97ad-adc7834f1387: created new log segment /workdir/hadoop-ozone/integration-test/target/test-dir/MiniOzoneClusterImpl-558ab0d9-ae7f-4941-9603-f52effddca80/datanode-2/data/ratis/fa4e1555-a27e-4189-97ad-adc7834f1387/current/log_inprogress_0
2019-07-14 08:39:18,354 INFO  impl.FollowerState (FollowerState.java:run(106)) - fb4ac72d-3d6e-4852-a781-202df04578a5:group-19528EFB88C4 changes to CANDIDATE, lastRpcTime:5006, electionTimeout:5006ms
2019-07-14 08:39:18,354 INFO  impl.RoleInfo (RoleInfo.java:shutdownFollowerState(121)) - fb4ac72d-3d6e-4852-a781-202df04578a5: shutdown FollowerState
2019-07-14 08:39:18,354 INFO  impl.RaftServerImpl (RaftServerImpl.java:setRole(171)) - fb4ac72d-3d6e-4852-a781-202df04578a5:group-19528EFB88C4 changes role from FOLLOWER to CANDIDATE at term 0 for changeToCandidate
2019-07-14 08:39:18,354 INFO  impl.RoleInfo (RoleInfo.java:updateAndGet(143)) - fb4ac72d-3d6e-4852-a781-202df04578a5: start LeaderElection
2019-07-14 08:39:18,363 INFO  impl.LeaderElection (LeaderElection.java:askForVotes(181)) - fb4ac72d-3d6e-4852-a781-202df04578a5:group-19528EFB88C4:LeaderElection109: begin an election at term 1 for -1: [fb4ac72d-3d6e-4852-a781-202df04578a5:192.168.5.191:38195], old=null
2019-07-14 08:39:18,364 INFO  impl.RoleInfo (RoleInfo.java:shutdownLeaderElection(134)) - fb4ac72d-3d6e-4852-a781-202df04578a5: shutdown LeaderElection
2019-07-14 08:39:18,364 INFO  impl.RaftServerImpl (RaftServerImpl.java:setRole(171)) - fb4ac72d-3d6e-4852-a781-202df04578a5:group-19528EFB88C4 changes role from CANDIDATE to LEADER at term 1 for changeToLeader
2019-07-14 08:39:18,364 INFO  impl.RaftServerImpl (ServerState.java:setLeader(263)) - fb4ac72d-3d6e-4852-a781-202df04578a5:group-19528EFB88C4 change Leader from null to fb4ac72d-3d6e-4852-a781-202df04578a5 at term 1 for becomeLeader, leader elected after 5019ms
2019-07-14 08:39:18,364 INFO  server.RaftServerConfigKeys (ConfUtils.java:logGet(43)) - raft.server.staging.catchup.gap = 1000 (default)
2019-07-14 08:39:18,364 INFO  server.RaftServerConfigKeys (ConfUtils.java:logGet(43)) - raft.server.rpc.sleep.time = 25ms (default)
2019-07-14 08:39:18,364 INFO  server.RaftServerConfigKeys (ConfUtils.java:logGet(43)) - raft.server.write.element-limit = 4096 (default)
2019-07-14 08:39:18,364 INFO  server.RaftServerConfigKeys (ConfUtils.java:logGet(43)) - raft.server.watch.timeout = 10s (default)
2019-07-14 08:39:18,365 INFO  server.RaftServerConfigKeys (ConfUtils.java:logGet(43)) - raft.server.watch.timeout.denomination = 1s (default)
2019-07-14 08:39:18,365 INFO  server.RaftServerConfigKeys (ConfUtils.java:logGet(43)) - raft.server.watch.element-limit = 65536 (default)
2019-07-14 08:39:18,365 INFO  impl.RoleInfo (RoleInfo.java:updateAndGet(143)) - fb4ac72d-3d6e-4852-a781-202df04578a5: start LeaderState
2019-07-14 08:39:18,365 INFO  segmented.SegmentedRaftLogWorker (SegmentedRaftLogWorker.java:startLogSegment(380)) - fb4ac72d-3d6e-4852-a781-202df04578a5-SegmentedRaftLogWorker:Storage Directory /workdir/hadoop-ozone/integration-test/target/test-dir/MiniOzoneClusterImpl-558ab0d9-ae7f-4941-9603-f52effddca80/datanode-3/data/ratis/2f05d710-86e6-406c-b0cf-19528efb88c4: Starting segment from index:0
2019-07-14 08:39:18,366 INFO  impl.RaftServerImpl (ServerState.java:setRaftConf(361)) - fb4ac72d-3d6e-4852-a781-202df04578a5:group-19528EFB88C4 set configuration 0: [fb4ac72d-3d6e-4852-a781-202df04578a5:192.168.5.191:38195], old=null at 0
2019-07-14 08:39:18,388 INFO  segmented.SegmentedRaftLogWorker (SegmentedRaftLogWorker.java:execute(569)) - fb4ac72d-3d6e-4852-a781-202df04578a5-SegmentedRaftLogWorker:Storage Directory /workdir/hadoop-ozone/integration-test/target/test-dir/MiniOzoneClusterImpl-558ab0d9-ae7f-4941-9603-f52effddca80/datanode-3/data/ratis/2f05d710-86e6-406c-b0cf-19528efb88c4: created new log segment /workdir/hadoop-ozone/integration-test/target/test-dir/MiniOzoneClusterImpl-558ab0d9-ae7f-4941-9603-f52effddca80/datanode-3/data/ratis/2f05d710-86e6-406c-b0cf-19528efb88c4/current/log_inprogress_0
2019-07-14 08:39:18,630 INFO  impl.FollowerState (FollowerState.java:run(106)) - d628cc62-b1a1-4a0d-9b17-5e9782a06fb2:group-25A7179E4909 changes to CANDIDATE, lastRpcTime:5113, electionTimeout:5113ms
2019-07-14 08:39:18,630 INFO  impl.RoleInfo (RoleInfo.java:shutdownFollowerState(121)) - d628cc62-b1a1-4a0d-9b17-5e9782a06fb2: shutdown FollowerState
2019-07-14 08:39:18,630 INFO  impl.RaftServerImpl (RaftServerImpl.java:setRole(171)) - d628cc62-b1a1-4a0d-9b17-5e9782a06fb2:group-25A7179E4909 changes role from FOLLOWER to CANDIDATE at term 0 for changeToCandidate
2019-07-14 08:39:18,631 INFO  impl.RoleInfo (RoleInfo.java:updateAndGet(143)) - d628cc62-b1a1-4a0d-9b17-5e9782a06fb2: start LeaderElection
2019-07-14 08:39:18,641 INFO  impl.LeaderElection (LeaderElection.java:askForVotes(181)) - d628cc62-b1a1-4a0d-9b17-5e9782a06fb2:group-25A7179E4909:LeaderElection110: begin an election at term 1 for -1: [d628cc62-b1a1-4a0d-9b17-5e9782a06fb2:192.168.5.191:39197], old=null
2019-07-14 08:39:18,641 INFO  impl.RoleInfo (RoleInfo.java:shutdownLeaderElection(134)) - d628cc62-b1a1-4a0d-9b17-5e9782a06fb2: shutdown LeaderElection
2019-07-14 08:39:18,641 INFO  impl.RaftServerImpl (RaftServerImpl.java:setRole(171)) - d628cc62-b1a1-4a0d-9b17-5e9782a06fb2:group-25A7179E4909 changes role from CANDIDATE to LEADER at term 1 for changeToLeader
2019-07-14 08:39:18,641 INFO  impl.RaftServerImpl (ServerState.java:setLeader(263)) - d628cc62-b1a1-4a0d-9b17-5e9782a06fb2:group-25A7179E4909 change Leader from null to d628cc62-b1a1-4a0d-9b17-5e9782a06fb2 at term 1 for becomeLeader, leader elected after 5128ms
2019-07-14 08:39:18,641 INFO  server.RaftServerConfigKeys (ConfUtils.java:logGet(43)) - raft.server.staging.catchup.gap = 1000 (default)
2019-07-14 08:39:18,641 INFO  server.RaftServerConfigKeys (ConfUtils.java:logGet(43)) - raft.server.rpc.sleep.time = 25ms (default)
2019-07-14 08:39:18,641 INFO  server.RaftServerConfigKeys (ConfUtils.java:logGet(43)) - raft.server.write.element-limit = 4096 (default)
2019-07-14 08:39:18,642 INFO  server.RaftServerConfigKeys (ConfUtils.java:logGet(43)) - raft.server.watch.timeout = 10s (default)
2019-07-14 08:39:18,642 INFO  server.RaftServerConfigKeys (ConfUtils.java:logGet(43)) - raft.server.watch.timeout.denomination = 1s (default)
2019-07-14 08:39:18,642 INFO  server.RaftServerConfigKeys (ConfUtils.java:logGet(43)) - raft.server.watch.element-limit = 65536 (default)
2019-07-14 08:39:18,642 INFO  impl.RoleInfo (RoleInfo.java:updateAndGet(143)) - d628cc62-b1a1-4a0d-9b17-5e9782a06fb2: start LeaderState
2019-07-14 08:39:18,642 INFO  segmented.SegmentedRaftLogWorker (SegmentedRaftLogWorker.java:startLogSegment(380)) - d628cc62-b1a1-4a0d-9b17-5e9782a06fb2-SegmentedRaftLogWorker:Storage Directory /workdir/hadoop-ozone/integration-test/target/test-dir/MiniOzoneClusterImpl-558ab0d9-ae7f-4941-9603-f52effddca80/datanode-4/data/ratis/16cbc950-602c-4d95-8273-25a7179e4909: Starting segment from index:0
2019-07-14 08:39:18,643 INFO  impl.RaftServerImpl (ServerState.java:setRaftConf(361)) - d628cc62-b1a1-4a0d-9b17-5e9782a06fb2:group-25A7179E4909 set configuration 0: [d628cc62-b1a1-4a0d-9b17-5e9782a06fb2:192.168.5.191:39197], old=null at 0
2019-07-14 08:39:18,667 INFO  segmented.SegmentedRaftLogWorker (SegmentedRaftLogWorker.java:execute(569)) - d628cc62-b1a1-4a0d-9b17-5e9782a06fb2-SegmentedRaftLogWorker:Storage Directory /workdir/hadoop-ozone/integration-test/target/test-dir/MiniOzoneClusterImpl-558ab0d9-ae7f-4941-9603-f52effddca80/datanode-4/data/ratis/16cbc950-602c-4d95-8273-25a7179e4909: created new log segment /workdir/hadoop-ozone/integration-test/target/test-dir/MiniOzoneClusterImpl-558ab0d9-ae7f-4941-9603-f52effddca80/datanode-4/data/ratis/16cbc950-602c-4d95-8273-25a7179e4909/current/log_inprogress_0
2019-07-14 08:39:18,981 INFO  impl.FollowerState (FollowerState.java:run(106)) - 40ad74a7-a343-4157-b186-ae09fa96e860:group-8ED21821150F changes to CANDIDATE, lastRpcTime:5082, electionTimeout:5082ms
2019-07-14 08:39:18,982 INFO  impl.RoleInfo (RoleInfo.java:shutdownFollowerState(121)) - 40ad74a7-a343-4157-b186-ae09fa96e860: shutdown FollowerState
2019-07-14 08:39:18,982 INFO  impl.RaftServerImpl (RaftServerImpl.java:setRole(171)) - 40ad74a7-a343-4157-b186-ae09fa96e860:group-8ED21821150F changes role from FOLLOWER to CANDIDATE at term 0 for changeToCandidate
2019-07-14 08:39:18,982 INFO  impl.RoleInfo (RoleInfo.java:updateAndGet(143)) - 40ad74a7-a343-4157-b186-ae09fa96e860: start LeaderElection
2019-07-14 08:39:18,996 INFO  impl.LeaderElection (LeaderElection.java:askForVotes(181)) - 40ad74a7-a343-4157-b186-ae09fa96e860:group-8ED21821150F:LeaderElection111: begin an election at term 1 for -1: [40ad74a7-a343-4157-b186-ae09fa96e860:192.168.5.191:39513], old=null
2019-07-14 08:39:18,996 INFO  impl.RoleInfo (RoleInfo.java:shutdownLeaderElection(134)) - 40ad74a7-a343-4157-b186-ae09fa96e860: shutdown LeaderElection
2019-07-14 08:39:18,996 INFO  impl.RaftServerImpl (RaftServerImpl.java:setRole(171)) - 40ad74a7-a343-4157-b186-ae09fa96e860:group-8ED21821150F changes role from CANDIDATE to LEADER at term 1 for changeToLeader
2019-07-14 08:39:18,996 INFO  impl.RaftServerImpl (ServerState.java:setLeader(263)) - 40ad74a7-a343-4157-b186-ae09fa96e860:group-8ED21821150F change Leader from null to 40ad74a7-a343-4157-b186-ae09fa96e860 at term 1 for becomeLeader, leader elected after 5101ms
2019-07-14 08:39:18,997 INFO  server.RaftServerConfigKeys (ConfUtils.java:logGet(43)) - raft.server.staging.catchup.gap = 1000 (default)
2019-07-14 08:39:18,997 INFO  server.RaftServerConfigKeys (ConfUtils.java:logGet(43)) - raft.server.rpc.sleep.time = 25ms (default)
2019-07-14 08:39:18,997 INFO  server.RaftServerConfigKeys (ConfUtils.java:logGet(43)) - raft.server.write.element-limit = 4096 (default)
2019-07-14 08:39:18,997 INFO  server.RaftServerConfigKeys (ConfUtils.java:logGet(43)) - raft.server.watch.timeout = 10s (default)
2019-07-14 08:39:18,997 INFO  server.RaftServerConfigKeys (ConfUtils.java:logGet(43)) - raft.server.watch.timeout.denomination = 1s (default)
2019-07-14 08:39:18,997 INFO  server.RaftServerConfigKeys (ConfUtils.java:logGet(43)) - raft.server.watch.element-limit = 65536 (default)
2019-07-14 08:39:18,998 INFO  impl.RoleInfo (RoleInfo.java:updateAndGet(143)) - 40ad74a7-a343-4157-b186-ae09fa96e860: start LeaderState
2019-07-14 08:39:18,998 INFO  segmented.SegmentedRaftLogWorker (SegmentedRaftLogWorker.java:startLogSegment(380)) - 40ad74a7-a343-4157-b186-ae09fa96e860-SegmentedRaftLogWorker:Storage Directory /workdir/hadoop-ozone/integration-test/target/test-dir/MiniOzoneClusterImpl-558ab0d9-ae7f-4941-9603-f52effddca80/datanode-5/data/ratis/41dfb256-4462-4a56-b732-8ed21821150f: Starting segment from index:0
2019-07-14 08:39:18,998 INFO  impl.RaftServerImpl (ServerState.java:setRaftConf(361)) - 40ad74a7-a343-4157-b186-ae09fa96e860:group-8ED21821150F set configuration 0: [40ad74a7-a343-4157-b186-ae09fa96e860:192.168.5.191:39513], old=null at 0
2019-07-14 08:39:19,002 INFO  impl.FollowerState (FollowerState.java:run(106)) - 96684c35-8f32-4f92-8a45-40ef054e9149:group-0C356967E756 changes to CANDIDATE, lastRpcTime:5038, electionTimeout:5038ms
2019-07-14 08:39:19,003 INFO  impl.RoleInfo (RoleInfo.java:shutdownFollowerState(121)) - 96684c35-8f32-4f92-8a45-40ef054e9149: shutdown FollowerState
2019-07-14 08:39:19,003 INFO  impl.RaftServerImpl (RaftServerImpl.java:setRole(171)) - 96684c35-8f32-4f92-8a45-40ef054e9149:group-0C356967E756 changes role from FOLLOWER to CANDIDATE at term 0 for changeToCandidate
2019-07-14 08:39:19,003 INFO  impl.RoleInfo (RoleInfo.java:updateAndGet(143)) - 96684c35-8f32-4f92-8a45-40ef054e9149: start LeaderElection
2019-07-14 08:39:19,021 INFO  impl.FollowerState (FollowerState.java:run(106)) - d628cc62-b1a1-4a0d-9b17-5e9782a06fb2:group-0C356967E756 changes to CANDIDATE, lastRpcTime:5052, electionTimeout:5052ms
2019-07-14 08:39:19,021 INFO  impl.RoleInfo (RoleInfo.java:shutdownFollowerState(121)) - d628cc62-b1a1-4a0d-9b17-5e9782a06fb2: shutdown FollowerState
2019-07-14 08:39:19,021 INFO  impl.RaftServerImpl (RaftServerImpl.java:setRole(171)) - d628cc62-b1a1-4a0d-9b17-5e9782a06fb2:group-0C356967E756 changes role from FOLLOWER to CANDIDATE at term 0 for changeToCandidate
2019-07-14 08:39:19,021 INFO  impl.RoleInfo (RoleInfo.java:updateAndGet(143)) - d628cc62-b1a1-4a0d-9b17-5e9782a06fb2: start LeaderElection
2019-07-14 08:39:19,027 INFO  segmented.SegmentedRaftLogWorker (SegmentedRaftLogWorker.java:execute(569)) - 40ad74a7-a343-4157-b186-ae09fa96e860-SegmentedRaftLogWorker:Storage Directory /workdir/hadoop-ozone/integration-test/target/test-dir/MiniOzoneClusterImpl-558ab0d9-ae7f-4941-9603-f52effddca80/datanode-5/data/ratis/41dfb256-4462-4a56-b732-8ed21821150f: created new log segment /workdir/hadoop-ozone/integration-test/target/test-dir/MiniOzoneClusterImpl-558ab0d9-ae7f-4941-9603-f52effddca80/datanode-5/data/ratis/41dfb256-4462-4a56-b732-8ed21821150f/current/log_inprogress_0
2019-07-14 08:39:19,027 INFO  impl.LeaderElection (LeaderElection.java:askForVotes(181)) - 96684c35-8f32-4f92-8a45-40ef054e9149:group-0C356967E756:LeaderElection112: begin an election at term 1 for -1: [d628cc62-b1a1-4a0d-9b17-5e9782a06fb2:192.168.5.191:39197, fb4ac72d-3d6e-4852-a781-202df04578a5:192.168.5.191:38195, 96684c35-8f32-4f92-8a45-40ef054e9149:192.168.5.191:41867], old=null
2019-07-14 08:39:19,031 INFO  impl.RaftServerImpl (RaftServerImpl.java:setRole(171)) - fb4ac72d-3d6e-4852-a781-202df04578a5:group-0C356967E756 changes role from FOLLOWER to FOLLOWER at term 1 for recognizeCandidate:96684c35-8f32-4f92-8a45-40ef054e9149
2019-07-14 08:39:19,031 INFO  impl.RoleInfo (RoleInfo.java:shutdownFollowerState(121)) - fb4ac72d-3d6e-4852-a781-202df04578a5: shutdown FollowerState
2019-07-14 08:39:19,031 INFO  impl.RoleInfo (RoleInfo.java:updateAndGet(143)) - fb4ac72d-3d6e-4852-a781-202df04578a5: start FollowerState
2019-07-14 08:39:19,032 INFO  impl.FollowerState (FollowerState.java:run(114)) - fb4ac72d-3d6e-4852-a781-202df04578a5: FollowerState was interrupted: java.lang.InterruptedException: sleep interrupted
2019-07-14 08:39:19,033 INFO  impl.LeaderElection (LeaderElection.java:askForVotes(181)) - d628cc62-b1a1-4a0d-9b17-5e9782a06fb2:group-0C356967E756:LeaderElection113: begin an election at term 1 for -1: [d628cc62-b1a1-4a0d-9b17-5e9782a06fb2:192.168.5.191:39197, fb4ac72d-3d6e-4852-a781-202df04578a5:192.168.5.191:38195, 96684c35-8f32-4f92-8a45-40ef054e9149:192.168.5.191:41867], old=null
2019-07-14 08:39:19,040 INFO  impl.LeaderElection (LeaderElection.java:logAndReturn(56)) - 96684c35-8f32-4f92-8a45-40ef054e9149:group-0C356967E756:LeaderElection112: Election PASSED; received 2 response(s) [96684c35-8f32-4f92-8a45-40ef054e9149<-d628cc62-b1a1-4a0d-9b17-5e9782a06fb2#0:FAIL-t1, 96684c35-8f32-4f92-8a45-40ef054e9149<-fb4ac72d-3d6e-4852-a781-202df04578a5#0:OK-t1] and 0 exception(s); 96684c35-8f32-4f92-8a45-40ef054e9149:t1, leader=null, voted=96684c35-8f32-4f92-8a45-40ef054e9149, raftlog=96684c35-8f32-4f92-8a45-40ef054e9149-SegmentedRaftLog:OPENED:c-1,f-1,i0, conf=-1: [d628cc62-b1a1-4a0d-9b17-5e9782a06fb2:192.168.5.191:39197, fb4ac72d-3d6e-4852-a781-202df04578a5:192.168.5.191:38195, 96684c35-8f32-4f92-8a45-40ef054e9149:192.168.5.191:41867], old=null
2019-07-14 08:39:19,040 INFO  impl.FollowerState (FollowerState.java:run(106)) - 96684c35-8f32-4f92-8a45-40ef054e9149:group-C050702CB11D changes to CANDIDATE, lastRpcTime:5112, electionTimeout:5112ms
2019-07-14 08:39:19,040 INFO  impl.RoleInfo (RoleInfo.java:shutdownLeaderElection(134)) - 96684c35-8f32-4f92-8a45-40ef054e9149: shutdown LeaderElection
2019-07-14 08:39:19,040 INFO  impl.RoleInfo (RoleInfo.java:shutdownFollowerState(121)) - 96684c35-8f32-4f92-8a45-40ef054e9149: shutdown FollowerState
2019-07-14 08:39:19,041 INFO  impl.RaftServerImpl (RaftServerImpl.java:setRole(171)) - 96684c35-8f32-4f92-8a45-40ef054e9149:group-0C356967E756 changes role from CANDIDATE to LEADER at term 1 for changeToLeader
2019-07-14 08:39:19,041 INFO  impl.RaftServerImpl (ServerState.java:setLeader(263)) - 96684c35-8f32-4f92-8a45-40ef054e9149:group-0C356967E756 change Leader from null to 96684c35-8f32-4f92-8a45-40ef054e9149 at term 1 for becomeLeader, leader elected after 5083ms
2019-07-14 08:39:19,041 INFO  impl.LeaderElection (LeaderElection.java:logAndReturn(56)) - d628cc62-b1a1-4a0d-9b17-5e9782a06fb2:group-0C356967E756:LeaderElection113: Election REJECTED; received 2 response(s) [d628cc62-b1a1-4a0d-9b17-5e9782a06fb2<-fb4ac72d-3d6e-4852-a781-202df04578a5#0:FAIL-t1, d628cc62-b1a1-4a0d-9b17-5e9782a06fb2<-96684c35-8f32-4f92-8a45-40ef054e9149#0:FAIL-t1] and 0 exception(s); d628cc62-b1a1-4a0d-9b17-5e9782a06fb2:t1, leader=null, voted=d628cc62-b1a1-4a0d-9b17-5e9782a06fb2, raftlog=d628cc62-b1a1-4a0d-9b17-5e9782a06fb2-SegmentedRaftLog:OPENED:c-1,f-1,i0, conf=-1: [d628cc62-b1a1-4a0d-9b17-5e9782a06fb2:192.168.5.191:39197, fb4ac72d-3d6e-4852-a781-202df04578a5:192.168.5.191:38195, 96684c35-8f32-4f92-8a45-40ef054e9149:192.168.5.191:41867], old=null
2019-07-14 08:39:19,041 INFO  server.RaftServerConfigKeys (ConfUtils.java:logGet(43)) - raft.server.staging.catchup.gap = 1000 (default)
2019-07-14 08:39:19,041 INFO  impl.RaftServerImpl (RaftServerImpl.java:setRole(171)) - 96684c35-8f32-4f92-8a45-40ef054e9149:group-C050702CB11D changes role from FOLLOWER to CANDIDATE at term 0 for changeToCandidate
2019-07-14 08:39:19,041 INFO  server.RaftServerConfigKeys (ConfUtils.java:logGet(43)) - raft.server.rpc.sleep.time = 25ms (default)
2019-07-14 08:39:19,042 INFO  impl.RoleInfo (RoleInfo.java:updateAndGet(143)) - 96684c35-8f32-4f92-8a45-40ef054e9149: start LeaderElection
2019-07-14 08:39:19,041 INFO  impl.RaftServerImpl (RaftServerImpl.java:setRole(171)) - d628cc62-b1a1-4a0d-9b17-5e9782a06fb2:group-0C356967E756 changes role from CANDIDATE to FOLLOWER at term 1 for DISCOVERED_A_NEW_TERM
2019-07-14 08:39:19,042 INFO  server.RaftServerConfigKeys (ConfUtils.java:logGet(43)) - raft.server.write.element-limit = 4096 (default)
2019-07-14 08:39:19,042 INFO  impl.RoleInfo (RoleInfo.java:shutdownLeaderElection(134)) - d628cc62-b1a1-4a0d-9b17-5e9782a06fb2: shutdown LeaderElection
2019-07-14 08:39:19,042 INFO  server.RaftServerConfigKeys (ConfUtils.java:logGet(43)) - raft.server.watch.timeout = 10s (default)
2019-07-14 08:39:19,047 INFO  impl.RoleInfo (RoleInfo.java:updateAndGet(143)) - d628cc62-b1a1-4a0d-9b17-5e9782a06fb2: start FollowerState
2019-07-14 08:39:19,047 INFO  server.RaftServerConfigKeys (ConfUtils.java:logGet(43)) - raft.server.watch.timeout.denomination = 1s (default)
2019-07-14 08:39:19,047 INFO  server.RaftServerConfigKeys (ConfUtils.java:logGet(43)) - raft.server.watch.element-limit = 65536 (default)
2019-07-14 08:39:19,050 INFO  server.RaftServerConfigKeys (ConfUtils.java:logGet(43)) - raft.server.log.appender.snapshot.chunk.size.max = 16MB (=16777216) (default)
2019-07-14 08:39:19,050 INFO  server.RaftServerConfigKeys (ConfUtils.java:logGet(43)) - raft.server.log.appender.buffer.byte-limit = 33554432 (custom)
2019-07-14 08:39:19,050 INFO  server.RaftServerConfigKeys (ConfUtils.java:logGet(43)) - raft.server.log.appender.buffer.element-limit = 1 (custom)
2019-07-14 08:39:19,051 INFO  grpc.GrpcConfigKeys$Server (ConfUtils.java:logGet(43)) - raft.grpc.server.leader.outstanding.appends.max = 128 (default)
2019-07-14 08:39:19,051 INFO  client.GrpcClientProtocolClient (GrpcClientProtocolClient.java:onNext(255)) - client-281B993CCAD5->d628cc62-b1a1-4a0d-9b17-5e9782a06fb2: receive RaftClientReply:client-281B993CCAD5->d628cc62-b1a1-4a0d-9b17-5e9782a06fb2@group-0C356967E756, cid=279, FAILED org.apache.ratis.protocol.NotLeaderException: Server d628cc62-b1a1-4a0d-9b17-5e9782a06fb2 is not the leader (null). Request must be sent to leader., logIndex=0, commits[d628cc62-b1a1-4a0d-9b17-5e9782a06fb2:c-1]
2019-07-14 08:39:19,051 INFO  impl.LeaderElection (LeaderElection.java:askForVotes(181)) - 96684c35-8f32-4f92-8a45-40ef054e9149:group-C050702CB11D:LeaderElection114: begin an election at term 1 for -1: [96684c35-8f32-4f92-8a45-40ef054e9149:192.168.5.191:41867], old=null
2019-07-14 08:39:19,051 INFO  server.RaftServerConfigKeys (ConfUtils.java:logGet(43)) - raft.server.rpc.request.timeout = 3000ms (default)
2019-07-14 08:39:19,051 INFO  impl.RoleInfo (RoleInfo.java:shutdownLeaderElection(134)) - 96684c35-8f32-4f92-8a45-40ef054e9149: shutdown LeaderElection
2019-07-14 08:39:19,051 INFO  server.RaftServerConfigKeys (ConfUtils.java:logGet(43)) - raft.server.log.appender.install.snapshot.enabled = false (custom)
2019-07-14 08:39:19,051 INFO  impl.RaftServerImpl (RaftServerImpl.java:setRole(171)) - 96684c35-8f32-4f92-8a45-40ef054e9149:group-C050702CB11D changes role from CANDIDATE to LEADER at term 1 for changeToLeader
2019-07-14 08:39:19,054 INFO  server.RaftServerConfigKeys (ConfUtils.java:logGet(43)) - raft.server.log.appender.snapshot.chunk.size.max = 16MB (=16777216) (default)
2019-07-14 08:39:19,054 INFO  impl.RaftServerImpl (ServerState.java:setLeader(263)) - 96684c35-8f32-4f92-8a45-40ef054e9149:group-C050702CB11D change Leader from null to 96684c35-8f32-4f92-8a45-40ef054e9149 at term 1 for becomeLeader, leader elected after 5130ms
2019-07-14 08:39:19,054 INFO  server.RaftServerConfigKeys (ConfUtils.java:logGet(43)) - raft.server.log.appender.buffer.byte-limit = 33554432 (custom)
2019-07-14 08:39:19,054 INFO  server.RaftServerConfigKeys (ConfUtils.java:logGet(43)) - raft.server.staging.catchup.gap = 1000 (default)
2019-07-14 08:39:19,054 INFO  server.RaftServerConfigKeys (ConfUtils.java:logGet(43)) - raft.server.log.appender.buffer.element-limit = 1 (custom)
2019-07-14 08:39:19,055 INFO  server.RaftServerConfigKeys (ConfUtils.java:logGet(43)) - raft.server.rpc.sleep.time = 25ms (default)
2019-07-14 08:39:19,055 INFO  grpc.GrpcConfigKeys$Server (ConfUtils.java:logGet(43)) - raft.grpc.server.leader.outstanding.appends.max = 128 (default)
2019-07-14 08:39:19,055 INFO  server.RaftServerConfigKeys (ConfUtils.java:logGet(43)) - raft.server.write.element-limit = 4096 (default)
2019-07-14 08:39:19,055 INFO  server.RaftServerConfigKeys (ConfUtils.java:logGet(43)) - raft.server.rpc.request.timeout = 3000ms (default)
2019-07-14 08:39:19,055 INFO  server.RaftServerConfigKeys (ConfUtils.java:logGet(43)) - raft.server.watch.timeout = 10s (default)
2019-07-14 08:39:19,055 INFO  server.RaftServerConfigKeys (ConfUtils.java:logGet(43)) - raft.server.log.appender.install.snapshot.enabled = false (custom)
2019-07-14 08:39:19,055 INFO  server.RaftServerConfigKeys (ConfUtils.java:logGet(43)) - raft.server.watch.timeout.denomination = 1s (default)
2019-07-14 08:39:19,056 INFO  impl.RoleInfo (RoleInfo.java:updateAndGet(143)) - 96684c35-8f32-4f92-8a45-40ef054e9149: start LeaderState
2019-07-14 08:39:19,056 INFO  server.RaftServerConfigKeys (ConfUtils.java:logGet(43)) - raft.server.watch.element-limit = 65536 (default)
2019-07-14 08:39:19,056 INFO  segmented.SegmentedRaftLogWorker (SegmentedRaftLogWorker.java:startLogSegment(380)) - 96684c35-8f32-4f92-8a45-40ef054e9149-SegmentedRaftLogWorker:Storage Directory /workdir/hadoop-ozone/integration-test/target/test-dir/MiniOzoneClusterImpl-558ab0d9-ae7f-4941-9603-f52effddca80/datanode-6/data/ratis/bcddf338-d249-4d0f-8efb-0c356967e756: Starting segment from index:0
2019-07-14 08:39:19,056 INFO  impl.RoleInfo (RoleInfo.java:updateAndGet(143)) - 96684c35-8f32-4f92-8a45-40ef054e9149: start LeaderState
2019-07-14 08:39:19,056 INFO  segmented.SegmentedRaftLogWorker (SegmentedRaftLogWorker.java:startLogSegment(380)) - 96684c35-8f32-4f92-8a45-40ef054e9149-SegmentedRaftLogWorker:Storage Directory /workdir/hadoop-ozone/integration-test/target/test-dir/MiniOzoneClusterImpl-558ab0d9-ae7f-4941-9603-f52effddca80/datanode-6/data/ratis/880f9992-977b-4085-85fb-c050702cb11d: Starting segment from index:0
2019-07-14 08:39:19,057 INFO  impl.RaftServerImpl (ServerState.java:setRaftConf(361)) - 96684c35-8f32-4f92-8a45-40ef054e9149:group-0C356967E756 set configuration 0: [d628cc62-b1a1-4a0d-9b17-5e9782a06fb2:192.168.5.191:39197, fb4ac72d-3d6e-4852-a781-202df04578a5:192.168.5.191:38195, 96684c35-8f32-4f92-8a45-40ef054e9149:192.168.5.191:41867], old=null at 0
2019-07-14 08:39:19,057 INFO  impl.RaftServerImpl (ServerState.java:setRaftConf(361)) - 96684c35-8f32-4f92-8a45-40ef054e9149:group-C050702CB11D set configuration 0: [96684c35-8f32-4f92-8a45-40ef054e9149:192.168.5.191:41867], old=null at 0
2019-07-14 08:39:19,058 INFO  impl.RaftServerImpl (ServerState.java:setLeader(263)) - d628cc62-b1a1-4a0d-9b17-5e9782a06fb2:group-0C356967E756 change Leader from null to 96684c35-8f32-4f92-8a45-40ef054e9149 at term 1 for appendEntries, leader elected after 5100ms
2019-07-14 08:39:19,058 INFO  impl.RaftServerImpl (ServerState.java:setLeader(263)) - fb4ac72d-3d6e-4852-a781-202df04578a5:group-0C356967E756 change Leader from null to 96684c35-8f32-4f92-8a45-40ef054e9149 at term 1 for appendEntries, leader elected after 5100ms
2019-07-14 08:39:19,060 INFO  impl.RaftServerImpl (ServerState.java:setRaftConf(361)) - d628cc62-b1a1-4a0d-9b17-5e9782a06fb2:group-0C356967E756 set configuration 0: [d628cc62-b1a1-4a0d-9b17-5e9782a06fb2:192.168.5.191:39197, fb4ac72d-3d6e-4852-a781-202df04578a5:192.168.5.191:38195, 96684c35-8f32-4f92-8a45-40ef054e9149:192.168.5.191:41867], old=null at 0
2019-07-14 08:39:19,060 INFO  impl.RaftServerImpl (ServerState.java:setRaftConf(361)) - fb4ac72d-3d6e-4852-a781-202df04578a5:group-0C356967E756 set configuration 0: [d628cc62-b1a1-4a0d-9b17-5e9782a06fb2:192.168.5.191:39197, fb4ac72d-3d6e-4852-a781-202df04578a5:192.168.5.191:38195, 96684c35-8f32-4f92-8a45-40ef054e9149:192.168.5.191:41867], old=null at 0
2019-07-14 08:39:19,060 INFO  segmented.SegmentedRaftLogWorker (SegmentedRaftLogWorker.java:startLogSegment(380)) - d628cc62-b1a1-4a0d-9b17-5e9782a06fb2-SegmentedRaftLogWorker:Storage Directory /workdir/hadoop-ozone/integration-test/target/test-dir/MiniOzoneClusterImpl-558ab0d9-ae7f-4941-9603-f52effddca80/datanode-4/data/ratis/bcddf338-d249-4d0f-8efb-0c356967e756: Starting segment from index:0
2019-07-14 08:39:19,060 INFO  segmented.SegmentedRaftLogWorker (SegmentedRaftLogWorker.java:startLogSegment(380)) - fb4ac72d-3d6e-4852-a781-202df04578a5-SegmentedRaftLogWorker:Storage Directory /workdir/hadoop-ozone/integration-test/target/test-dir/MiniOzoneClusterImpl-558ab0d9-ae7f-4941-9603-f52effddca80/datanode-3/data/ratis/bcddf338-d249-4d0f-8efb-0c356967e756: Starting segment from index:0
2019-07-14 08:39:19,080 INFO  segmented.SegmentedRaftLogWorker (SegmentedRaftLogWorker.java:execute(569)) - 96684c35-8f32-4f92-8a45-40ef054e9149-SegmentedRaftLogWorker:Storage Directory /workdir/hadoop-ozone/integration-test/target/test-dir/MiniOzoneClusterImpl-558ab0d9-ae7f-4941-9603-f52effddca80/datanode-6/data/ratis/880f9992-977b-4085-85fb-c050702cb11d: created new log segment /workdir/hadoop-ozone/integration-test/target/test-dir/MiniOzoneClusterImpl-558ab0d9-ae7f-4941-9603-f52effddca80/datanode-6/data/ratis/880f9992-977b-4085-85fb-c050702cb11d/current/log_inprogress_0
2019-07-14 08:39:19,080 INFO  segmented.SegmentedRaftLogWorker (SegmentedRaftLogWorker.java:execute(569)) - 96684c35-8f32-4f92-8a45-40ef054e9149-SegmentedRaftLogWorker:Storage Directory /workdir/hadoop-ozone/integration-test/target/test-dir/MiniOzoneClusterImpl-558ab0d9-ae7f-4941-9603-f52effddca80/datanode-6/data/ratis/bcddf338-d249-4d0f-8efb-0c356967e756: created new log segment /workdir/hadoop-ozone/integration-test/target/test-dir/MiniOzoneClusterImpl-558ab0d9-ae7f-4941-9603-f52effddca80/datanode-6/data/ratis/bcddf338-d249-4d0f-8efb-0c356967e756/current/log_inprogress_0
2019-07-14 08:39:19,088 INFO  segmented.SegmentedRaftLogWorker (SegmentedRaftLogWorker.java:execute(569)) - d628cc62-b1a1-4a0d-9b17-5e9782a06fb2-SegmentedRaftLogWorker:Storage Directory /workdir/hadoop-ozone/integration-test/target/test-dir/MiniOzoneClusterImpl-558ab0d9-ae7f-4941-9603-f52effddca80/datanode-4/data/ratis/bcddf338-d249-4d0f-8efb-0c356967e756: created new log segment /workdir/hadoop-ozone/integration-test/target/test-dir/MiniOzoneClusterImpl-558ab0d9-ae7f-4941-9603-f52effddca80/datanode-4/data/ratis/bcddf338-d249-4d0f-8efb-0c356967e756/current/log_inprogress_0
2019-07-14 08:39:19,088 INFO  segmented.SegmentedRaftLogWorker (SegmentedRaftLogWorker.java:execute(569)) - fb4ac72d-3d6e-4852-a781-202df04578a5-SegmentedRaftLogWorker:Storage Directory /workdir/hadoop-ozone/integration-test/target/test-dir/MiniOzoneClusterImpl-558ab0d9-ae7f-4941-9603-f52effddca80/datanode-3/data/ratis/bcddf338-d249-4d0f-8efb-0c356967e756: created new log segment /workdir/hadoop-ozone/integration-test/target/test-dir/MiniOzoneClusterImpl-558ab0d9-ae7f-4941-9603-f52effddca80/datanode-3/data/ratis/bcddf338-d249-4d0f-8efb-0c356967e756/current/log_inprogress_0
2019-07-14 08:39:20,155 INFO  client.GrpcClientProtocolClient (GrpcClientProtocolClient.java:onNext(255)) - client-281B993CCAD5->96684c35-8f32-4f92-8a45-40ef054e9149: receive RaftClientReply:client-281B993CCAD5->96684c35-8f32-4f92-8a45-40ef054e9149@group-0C356967E756, cid=279, SUCCESS, logIndex=1, commits[96684c35-8f32-4f92-8a45-40ef054e9149:c1, d628cc62-b1a1-4a0d-9b17-5e9782a06fb2:c0, fb4ac72d-3d6e-4852-a781-202df04578a5:c0]
2019-07-14 08:39:20,171 INFO  client.GrpcClientProtocolClient (GrpcClientProtocolClient.java:onNext(255)) - client-281B993CCAD5->96684c35-8f32-4f92-8a45-40ef054e9149: receive RaftClientReply:client-281B993CCAD5->96684c35-8f32-4f92-8a45-40ef054e9149@group-0C356967E756, cid=280, SUCCESS, logIndex=3, commits[96684c35-8f32-4f92-8a45-40ef054e9149:c4, d628cc62-b1a1-4a0d-9b17-5e9782a06fb2:c2, fb4ac72d-3d6e-4852-a781-202df04578a5:c2]
2019-07-14 08:39:20,198 INFO  client.GrpcClientProtocolClient (GrpcClientProtocolClient.java:onNext(255)) - client-281B993CCAD5->96684c35-8f32-4f92-8a45-40ef054e9149: receive RaftClientReply:client-281B993CCAD5->96684c35-8f32-4f92-8a45-40ef054e9149@group-0C356967E756, cid=281, SUCCESS, logIndex=4, commits[96684c35-8f32-4f92-8a45-40ef054e9149:c6, d628cc62-b1a1-4a0d-9b17-5e9782a06fb2:c4, fb4ac72d-3d6e-4852-a781-202df04578a5:c4]
2019-07-14 08:39:20,199 INFO  container.CloseContainerEventHandler (CloseContainerEventHandler.java:onMessage(61)) - Close container Event triggered for container : #1
2019-07-14 08:39:20,200 INFO  container.CloseContainerEventHandler (CloseContainerEventHandler.java:onMessage(61)) - Close container Event triggered for container : #1
2019-07-14 08:39:20,201 INFO  container.CloseContainerEventHandler (CloseContainerEventHandler.java:onMessage(61)) - Close container Event triggered for container : #1
2019-07-14 08:39:22,276 INFO  interfaces.Container (KeyValueContainer.java:compactDB(356)) - Container 1 is closed with bcsId 4.
2019-07-14 08:39:22,293 INFO  interfaces.Container (KeyValueContainer.java:compactDB(356)) - Container 1 is closed with bcsId 4.
2019-07-14 08:39:22,294 INFO  interfaces.Container (KeyValueContainer.java:compactDB(356)) - Container 1 is closed with bcsId 4.
08:39:22.704 [grpc-default-executor-11] ERROR DNAudit - user=null | ip=null | op=WRITE_CHUNK {blockData=conID: 1 locID: 102438899219628055 bcsId: 4} | ret=FAILURE
org.apache.hadoop.hdds.scm.container.common.helpers.ContainerNotOpenException: Container 1 in CLOSED state
	at org.apache.hadoop.ozone.container.common.impl.HddsDispatcher.validateContainerCommand(HddsDispatcher.java:408) ~[hadoop-hdds-container-service-0.5.0-SNAPSHOT.jar:?]
	at org.apache.hadoop.ozone.container.common.transport.server.ratis.ContainerStateMachine.startTransaction(ContainerStateMachine.java:272) ~[hadoop-hdds-container-service-0.5.0-SNAPSHOT.jar:?]
	at org.apache.ratis.server.impl.RaftServerImpl.submitClientRequestAsync(RaftServerImpl.java:566) ~[ratis-server-0.4.0-2337318-SNAPSHOT.jar:0.4.0-2337318-SNAPSHOT]
	at org.apache.ratis.server.impl.RaftServerProxy.lambda$submitClientRequestAsync$7(RaftServerProxy.java:333) ~[ratis-server-0.4.0-2337318-SNAPSHOT.jar:0.4.0-2337318-SNAPSHOT]
	at org.apache.ratis.server.impl.RaftServerProxy.lambda$null$5(RaftServerProxy.java:328) ~[ratis-server-0.4.0-2337318-SNAPSHOT.jar:0.4.0-2337318-SNAPSHOT]
	at org.apache.ratis.util.JavaUtils.callAsUnchecked(JavaUtils.java:109) ~[ratis-common-0.4.0-2337318-SNAPSHOT.jar:0.4.0-2337318-SNAPSHOT]
	at org.apache.ratis.server.impl.RaftServerProxy.lambda$submitRequest$6(RaftServerProxy.java:328) ~[ratis-server-0.4.0-2337318-SNAPSHOT.jar:0.4.0-2337318-SNAPSHOT]
	at java.util.concurrent.CompletableFuture.uniComposeStage(CompletableFuture.java:981) ~[?:1.8.0_212]
	at java.util.concurrent.CompletableFuture.thenCompose(CompletableFuture.java:2124) ~[?:1.8.0_212]
	at org.apache.ratis.server.impl.RaftServerProxy.submitRequest(RaftServerProxy.java:327) ~[ratis-server-0.4.0-2337318-SNAPSHOT.jar:0.4.0-2337318-SNAPSHOT]
	at org.apache.ratis.server.impl.RaftServerProxy.submitClientRequestAsync(RaftServerProxy.java:333) ~[ratis-server-0.4.0-2337318-SNAPSHOT.jar:0.4.0-2337318-SNAPSHOT]
	at org.apache.ratis.grpc.client.GrpcClientProtocolService$RequestStreamObserver.processClientRequest(GrpcClientProtocolService.java:220) ~[ratis-grpc-0.4.0-2337318-SNAPSHOT.jar:0.4.0-2337318-SNAPSHOT]
	at org.apache.ratis.grpc.client.GrpcClientProtocolService$OrderedRequestStreamObserver.processClientRequest(GrpcClientProtocolService.java:326) ~[ratis-grpc-0.4.0-2337318-SNAPSHOT.jar:0.4.0-2337318-SNAPSHOT]
	at org.apache.ratis.util.SlidingWindow$Server.processRequestsFromHead(SlidingWindow.java:429) [ratis-common-0.4.0-2337318-SNAPSHOT.jar:0.4.0-2337318-SNAPSHOT]
	at org.apache.ratis.util.SlidingWindow$Server.receivedRequest(SlidingWindow.java:421) [ratis-common-0.4.0-2337318-SNAPSHOT.jar:0.4.0-2337318-SNAPSHOT]
	at org.apache.ratis.grpc.client.GrpcClientProtocolService$OrderedRequestStreamObserver.processClientRequest(GrpcClientProtocolService.java:345) [ratis-grpc-0.4.0-2337318-SNAPSHOT.jar:0.4.0-2337318-SNAPSHOT]
	at org.apache.ratis.grpc.client.GrpcClientProtocolService$RequestStreamObserver.onNext(GrpcClientProtocolService.java:240) [ratis-grpc-0.4.0-2337318-SNAPSHOT.jar:0.4.0-2337318-SNAPSHOT]
	at org.apache.ratis.grpc.client.GrpcClientProtocolService$RequestStreamObserver.onNext(GrpcClientProtocolService.java:168) [ratis-grpc-0.4.0-2337318-SNAPSHOT.jar:0.4.0-2337318-SNAPSHOT]
	at org.apache.ratis.thirdparty.io.grpc.stub.ServerCalls$StreamingServerCallHandler$StreamingServerCallListener.onMessage(ServerCalls.java:248) [ratis-thirdparty-misc-0.2.0.jar:0.2.0]
	at org.apache.ratis.thirdparty.io.grpc.internal.ServerCallImpl$ServerStreamListenerImpl.messagesAvailable(ServerCallImpl.java:263) [ratis-thirdparty-misc-0.2.0.jar:0.2.0]
	at org.apache.ratis.thirdparty.io.grpc.internal.ServerImpl$JumpToApplicationThreadServerStreamListener$1MessagesAvailable.runInContext(ServerImpl.java:686) [ratis-thirdparty-misc-0.2.0.jar:0.2.0]
	at org.apache.ratis.thirdparty.io.grpc.internal.ContextRunnable.run(ContextRunnable.java:37) [ratis-thirdparty-misc-0.2.0.jar:0.2.0]
	at org.apache.ratis.thirdparty.io.grpc.internal.SerializingExecutor.run(SerializingExecutor.java:123) [ratis-thirdparty-misc-0.2.0.jar:0.2.0]
	at java.util.concurrent.ThreadPoolExecutor.runWorker(ThreadPoolExecutor.java:1149) [?:1.8.0_212]
	at java.util.concurrent.ThreadPoolExecutor$Worker.run(ThreadPoolExecutor.java:624) [?:1.8.0_212]
	at java.lang.Thread.run(Thread.java:748) [?:1.8.0_212]
08:39:22.713 [grpc-default-executor-11] ERROR DNAudit - user=null | ip=null | op=WRITE_CHUNK {blockData=conID: 1 locID: 102438899219628055 bcsId: 4} | ret=FAILURE
org.apache.hadoop.hdds.scm.container.common.helpers.ContainerNotOpenException: Container 1 in CLOSED state
	at org.apache.hadoop.ozone.container.common.impl.HddsDispatcher.validateContainerCommand(HddsDispatcher.java:408) ~[hadoop-hdds-container-service-0.5.0-SNAPSHOT.jar:?]
	at org.apache.hadoop.ozone.container.common.transport.server.ratis.ContainerStateMachine.startTransaction(ContainerStateMachine.java:272) ~[hadoop-hdds-container-service-0.5.0-SNAPSHOT.jar:?]
	at org.apache.ratis.server.impl.RaftServerImpl.submitClientRequestAsync(RaftServerImpl.java:566) ~[ratis-server-0.4.0-2337318-SNAPSHOT.jar:0.4.0-2337318-SNAPSHOT]
	at org.apache.ratis.server.impl.RaftServerProxy.lambda$submitClientRequestAsync$7(RaftServerProxy.java:333) ~[ratis-server-0.4.0-2337318-SNAPSHOT.jar:0.4.0-2337318-SNAPSHOT]
	at org.apache.ratis.server.impl.RaftServerProxy.lambda$null$5(RaftServerProxy.java:328) ~[ratis-server-0.4.0-2337318-SNAPSHOT.jar:0.4.0-2337318-SNAPSHOT]
	at org.apache.ratis.util.JavaUtils.callAsUnchecked(JavaUtils.java:109) ~[ratis-common-0.4.0-2337318-SNAPSHOT.jar:0.4.0-2337318-SNAPSHOT]
	at org.apache.ratis.server.impl.RaftServerProxy.lambda$submitRequest$6(RaftServerProxy.java:328) ~[ratis-server-0.4.0-2337318-SNAPSHOT.jar:0.4.0-2337318-SNAPSHOT]
	at java.util.concurrent.CompletableFuture.uniComposeStage(CompletableFuture.java:981) ~[?:1.8.0_212]
	at java.util.concurrent.CompletableFuture.thenCompose(CompletableFuture.java:2124) ~[?:1.8.0_212]
	at org.apache.ratis.server.impl.RaftServerProxy.submitRequest(RaftServerProxy.java:327) ~[ratis-server-0.4.0-2337318-SNAPSHOT.jar:0.4.0-2337318-SNAPSHOT]
	at org.apache.ratis.server.impl.RaftServerProxy.submitClientRequestAsync(RaftServerProxy.java:333) ~[ratis-server-0.4.0-2337318-SNAPSHOT.jar:0.4.0-2337318-SNAPSHOT]
	at org.apache.ratis.grpc.client.GrpcClientProtocolService$RequestStreamObserver.processClientRequest(GrpcClientProtocolService.java:220) ~[ratis-grpc-0.4.0-2337318-SNAPSHOT.jar:0.4.0-2337318-SNAPSHOT]
	at org.apache.ratis.grpc.client.GrpcClientProtocolService$OrderedRequestStreamObserver.processClientRequest(GrpcClientProtocolService.java:326) ~[ratis-grpc-0.4.0-2337318-SNAPSHOT.jar:0.4.0-2337318-SNAPSHOT]
	at org.apache.ratis.util.SlidingWindow$Server.processRequestsFromHead(SlidingWindow.java:429) [ratis-common-0.4.0-2337318-SNAPSHOT.jar:0.4.0-2337318-SNAPSHOT]
	at org.apache.ratis.util.SlidingWindow$Server.receivedRequest(SlidingWindow.java:421) [ratis-common-0.4.0-2337318-SNAPSHOT.jar:0.4.0-2337318-SNAPSHOT]
	at org.apache.ratis.grpc.client.GrpcClientProtocolService$OrderedRequestStreamObserver.processClientRequest(GrpcClientProtocolService.java:345) [ratis-grpc-0.4.0-2337318-SNAPSHOT.jar:0.4.0-2337318-SNAPSHOT]
	at org.apache.ratis.grpc.client.GrpcClientProtocolService$RequestStreamObserver.onNext(GrpcClientProtocolService.java:240) [ratis-grpc-0.4.0-2337318-SNAPSHOT.jar:0.4.0-2337318-SNAPSHOT]
	at org.apache.ratis.grpc.client.GrpcClientProtocolService$RequestStreamObserver.onNext(GrpcClientProtocolService.java:168) [ratis-grpc-0.4.0-2337318-SNAPSHOT.jar:0.4.0-2337318-SNAPSHOT]
	at org.apache.ratis.thirdparty.io.grpc.stub.ServerCalls$StreamingServerCallHandler$StreamingServerCallListener.onMessage(ServerCalls.java:248) [ratis-thirdparty-misc-0.2.0.jar:0.2.0]
	at org.apache.ratis.thirdparty.io.grpc.internal.ServerCallImpl$ServerStreamListenerImpl.messagesAvailable(ServerCallImpl.java:263) [ratis-thirdparty-misc-0.2.0.jar:0.2.0]
	at org.apache.ratis.thirdparty.io.grpc.internal.ServerImpl$JumpToApplicationThreadServerStreamListener$1MessagesAvailable.runInContext(ServerImpl.java:686) [ratis-thirdparty-misc-0.2.0.jar:0.2.0]
	at org.apache.ratis.thirdparty.io.grpc.internal.ContextRunnable.run(ContextRunnable.java:37) [ratis-thirdparty-misc-0.2.0.jar:0.2.0]
	at org.apache.ratis.thirdparty.io.grpc.internal.SerializingExecutor.run(SerializingExecutor.java:123) [ratis-thirdparty-misc-0.2.0.jar:0.2.0]
	at java.util.concurrent.ThreadPoolExecutor.runWorker(ThreadPoolExecutor.java:1149) [?:1.8.0_212]
	at java.util.concurrent.ThreadPoolExecutor$Worker.run(ThreadPoolExecutor.java:624) [?:1.8.0_212]
	at java.lang.Thread.run(Thread.java:748) [?:1.8.0_212]
2019-07-14 08:39:22,714 INFO  client.GrpcClientProtocolClient (GrpcClientProtocolClient.java:onNext(255)) - client-281B993CCAD5->96684c35-8f32-4f92-8a45-40ef054e9149: receive RaftClientReply:client-281B993CCAD5->96684c35-8f32-4f92-8a45-40ef054e9149@group-0C356967E756, cid=282, FAILED org.apache.ratis.protocol.StateMachineException: org.apache.hadoop.hdds.scm.container.common.helpers.ContainerNotOpenException from Server 96684c35-8f32-4f92-8a45-40ef054e9149: Container 1 in CLOSED state, logIndex=0, commits[96684c35-8f32-4f92-8a45-40ef054e9149:c8, d628cc62-b1a1-4a0d-9b17-5e9782a06fb2:c7, fb4ac72d-3d6e-4852-a781-202df04578a5:c7]
2019-07-14 08:39:22,722 INFO  client.GrpcClientProtocolClient (GrpcClientProtocolClient.java:onNext(255)) - client-281B993CCAD5->96684c35-8f32-4f92-8a45-40ef054e9149: receive RaftClientReply:client-281B993CCAD5->96684c35-8f32-4f92-8a45-40ef054e9149@group-0C356967E756, cid=283, FAILED org.apache.ratis.protocol.StateMachineException: org.apache.hadoop.hdds.scm.container.common.helpers.ContainerNotOpenException from Server 96684c35-8f32-4f92-8a45-40ef054e9149: Container 1 in CLOSED state, logIndex=0, commits[96684c35-8f32-4f92-8a45-40ef054e9149:c8, d628cc62-b1a1-4a0d-9b17-5e9782a06fb2:c7, fb4ac72d-3d6e-4852-a781-202df04578a5:c7]
08:39:22.721 [grpc-default-executor-11] ERROR DNAudit - user=null | ip=null | op=PUT_BLOCK {blockData=[blockId=conID: 1 locID: 102438899219628055 bcsId: 0,size=334]} | ret=FAILURE
org.apache.hadoop.hdds.scm.container.common.helpers.ContainerNotOpenException: Container 1 in CLOSED state
	at org.apache.hadoop.ozone.container.common.impl.HddsDispatcher.validateContainerCommand(HddsDispatcher.java:408) ~[hadoop-hdds-container-service-0.5.0-SNAPSHOT.jar:?]
	at org.apache.hadoop.ozone.container.common.transport.server.ratis.ContainerStateMachine.startTransaction(ContainerStateMachine.java:272) ~[hadoop-hdds-container-service-0.5.0-SNAPSHOT.jar:?]
	at org.apache.ratis.server.impl.RaftServerImpl.submitClientRequestAsync(RaftServerImpl.java:566) ~[ratis-server-0.4.0-2337318-SNAPSHOT.jar:0.4.0-2337318-SNAPSHOT]
	at org.apache.ratis.server.impl.RaftServerProxy.lambda$submitClientRequestAsync$7(RaftServerProxy.java:333) ~[ratis-server-0.4.0-2337318-SNAPSHOT.jar:0.4.0-2337318-SNAPSHOT]
	at org.apache.ratis.server.impl.RaftServerProxy.lambda$null$5(RaftServerProxy.java:328) ~[ratis-server-0.4.0-2337318-SNAPSHOT.jar:0.4.0-2337318-SNAPSHOT]
	at org.apache.ratis.util.JavaUtils.callAsUnchecked(JavaUtils.java:109) ~[ratis-common-0.4.0-2337318-SNAPSHOT.jar:0.4.0-2337318-SNAPSHOT]
	at org.apache.ratis.server.impl.RaftServerProxy.lambda$submitRequest$6(RaftServerProxy.java:328) ~[ratis-server-0.4.0-2337318-SNAPSHOT.jar:0.4.0-2337318-SNAPSHOT]
	at java.util.concurrent.CompletableFuture.uniComposeStage(CompletableFuture.java:981) ~[?:1.8.0_212]
	at java.util.concurrent.CompletableFuture.thenCompose(CompletableFuture.java:2124) ~[?:1.8.0_212]
	at org.apache.ratis.server.impl.RaftServerProxy.submitRequest(RaftServerProxy.java:327) ~[ratis-server-0.4.0-2337318-SNAPSHOT.jar:0.4.0-2337318-SNAPSHOT]
	at org.apache.ratis.server.impl.RaftServerProxy.submitClientRequestAsync(RaftServerProxy.java:333) ~[ratis-server-0.4.0-2337318-SNAPSHOT.jar:0.4.0-2337318-SNAPSHOT]
	at org.apache.ratis.grpc.client.GrpcClientProtocolService$RequestStreamObserver.processClientRequest(GrpcClientProtocolService.java:220) ~[ratis-grpc-0.4.0-2337318-SNAPSHOT.jar:0.4.0-2337318-SNAPSHOT]
	at org.apache.ratis.grpc.client.GrpcClientProtocolService$OrderedRequestStreamObserver.processClientRequest(GrpcClientProtocolService.java:326) ~[ratis-grpc-0.4.0-2337318-SNAPSHOT.jar:0.4.0-2337318-SNAPSHOT]
	at org.apache.ratis.util.SlidingWindow$Server.processRequestsFromHead(SlidingWindow.java:429) [ratis-common-0.4.0-2337318-SNAPSHOT.jar:0.4.0-2337318-SNAPSHOT]
	at org.apache.ratis.util.SlidingWindow$Server.receivedRequest(SlidingWindow.java:421) [ratis-common-0.4.0-2337318-SNAPSHOT.jar:0.4.0-2337318-SNAPSHOT]
	at org.apache.ratis.grpc.client.GrpcClientProtocolService$OrderedRequestStreamObserver.processClientRequest(GrpcClientProtocolService.java:345) [ratis-grpc-0.4.0-2337318-SNAPSHOT.jar:0.4.0-2337318-SNAPSHOT]
	at org.apache.ratis.grpc.client.GrpcClientProtocolService$RequestStreamObserver.onNext(GrpcClientProtocolService.java:240) [ratis-grpc-0.4.0-2337318-SNAPSHOT.jar:0.4.0-2337318-SNAPSHOT]
	at org.apache.ratis.grpc.client.GrpcClientProtocolService$RequestStreamObserver.onNext(GrpcClientProtocolService.java:168) [ratis-grpc-0.4.0-2337318-SNAPSHOT.jar:0.4.0-2337318-SNAPSHOT]
	at org.apache.ratis.thirdparty.io.grpc.stub.ServerCalls$StreamingServerCallHandler$StreamingServerCallListener.onMessage(ServerCalls.java:248) [ratis-thirdparty-misc-0.2.0.jar:0.2.0]
	at org.apache.ratis.thirdparty.io.grpc.internal.ServerCallImpl$ServerStreamListenerImpl.messagesAvailable(ServerCallImpl.java:263) [ratis-thirdparty-misc-0.2.0.jar:0.2.0]
	at org.apache.ratis.thirdparty.io.grpc.internal.ServerImpl$JumpToApplicationThreadServerStreamListener$1MessagesAvailable.runInContext(ServerImpl.java:686) [ratis-thirdparty-misc-0.2.0.jar:0.2.0]
	at org.apache.ratis.thirdparty.io.grpc.internal.ContextRunnable.run(ContextRunnable.java:37) [ratis-thirdparty-misc-0.2.0.jar:0.2.0]
	at org.apache.ratis.thirdparty.io.grpc.internal.SerializingExecutor.run(SerializingExecutor.java:123) [ratis-thirdparty-misc-0.2.0.jar:0.2.0]
	at java.util.concurrent.ThreadPoolExecutor.runWorker(ThreadPoolExecutor.java:1149) [?:1.8.0_212]
	at java.util.concurrent.ThreadPoolExecutor$Worker.run(ThreadPoolExecutor.java:624) [?:1.8.0_212]
	at java.lang.Thread.run(Thread.java:748) [?:1.8.0_212]
2019-07-14 08:39:22,730 INFO  client.GrpcClientProtocolClient (GrpcClientProtocolClient.java:onNext(255)) - client-281B993CCAD5->96684c35-8f32-4f92-8a45-40ef054e9149: receive RaftClientReply:client-281B993CCAD5->96684c35-8f32-4f92-8a45-40ef054e9149@group-0C356967E756, cid=284, FAILED org.apache.ratis.protocol.StateMachineException: org.apache.hadoop.hdds.scm.container.common.helpers.ContainerNotOpenException from Server 96684c35-8f32-4f92-8a45-40ef054e9149: Container 1 in CLOSED state, logIndex=0, commits[96684c35-8f32-4f92-8a45-40ef054e9149:c8, d628cc62-b1a1-4a0d-9b17-5e9782a06fb2:c7, fb4ac72d-3d6e-4852-a781-202df04578a5:c7]
2019-07-14 08:39:22,773 INFO  client.GrpcClientProtocolClient (GrpcClientProtocolClient.java:onNext(255)) - client-F3F9778D1A28->308f7aef-32d3-4043-a5a3-021fc9c2f9c6: receive RaftClientReply:client-F3F9778D1A28->308f7aef-32d3-4043-a5a3-021fc9c2f9c6@group-DAD5A5AD9770, cid=285, FAILED org.apache.ratis.protocol.NotLeaderException: Server 308f7aef-32d3-4043-a5a3-021fc9c2f9c6 is not the leader (ee549b8e-f8d8-4c31-9b0a-9326955f9b1b:192.168.5.191:38108). Request must be sent to leader., logIndex=0, commits[308f7aef-32d3-4043-a5a3-021fc9c2f9c6:c0, c2571538-b9bd-49c9-a9d1-5ffa1fd504df:c-1, ee549b8e-f8d8-4c31-9b0a-9326955f9b1b:c0]
2019-07-14 08:39:22,884 INFO  client.GrpcClientProtocolClient (GrpcClientProtocolClient.java:onNext(255)) - client-F3F9778D1A28->ee549b8e-f8d8-4c31-9b0a-9326955f9b1b: receive RaftClientReply:client-F3F9778D1A28->ee549b8e-f8d8-4c31-9b0a-9326955f9b1b@group-DAD5A5AD9770, cid=285, SUCCESS, logIndex=1, commits[ee549b8e-f8d8-4c31-9b0a-9326955f9b1b:c1, c2571538-b9bd-49c9-a9d1-5ffa1fd504df:c0, 308f7aef-32d3-4043-a5a3-021fc9c2f9c6:c0]
2019-07-14 08:39:22,911 INFO  client.GrpcClientProtocolClient (GrpcClientProtocolClient.java:onNext(255)) - client-F3F9778D1A28->ee549b8e-f8d8-4c31-9b0a-9326955f9b1b: receive RaftClientReply:client-F3F9778D1A28->ee549b8e-f8d8-4c31-9b0a-9326955f9b1b@group-DAD5A5AD9770, cid=286, SUCCESS, logIndex=3, commits[ee549b8e-f8d8-4c31-9b0a-9326955f9b1b:c4, c2571538-b9bd-49c9-a9d1-5ffa1fd504df:c2, 308f7aef-32d3-4043-a5a3-021fc9c2f9c6:c2]
2019-07-14 08:39:22,941 INFO  client.GrpcClientProtocolClient (GrpcClientProtocolClient.java:onNext(255)) - client-F3F9778D1A28->ee549b8e-f8d8-4c31-9b0a-9326955f9b1b: receive RaftClientReply:client-F3F9778D1A28->ee549b8e-f8d8-4c31-9b0a-9326955f9b1b@group-DAD5A5AD9770, cid=287, SUCCESS, logIndex=4, commits[ee549b8e-f8d8-4c31-9b0a-9326955f9b1b:c6, c2571538-b9bd-49c9-a9d1-5ffa1fd504df:c4, 308f7aef-32d3-4043-a5a3-021fc9c2f9c6:c4]
2019-07-14 08:39:22,959 INFO  pipeline.Pipeline (Pipeline.java:getProtobufMessage(195)) - Serialize pipeline PipelineID=f14fc677-ff9c-4a5b-ae85-dad5a5ad9770 with nodesInOrder{ }
2019-07-14 08:39:22,960 INFO  ozone.MiniOzoneClusterImpl (MiniOzoneClusterImpl.java:shutdown(321)) - Shutting down the Mini Ozone Cluster
2019-07-14 08:39:22,961 INFO  ozone.MiniOzoneClusterImpl (MiniOzoneClusterImpl.java:stop(336)) - Stopping the Mini Ozone Cluster
2019-07-14 08:39:22,961 INFO  ozone.MiniOzoneClusterImpl (MiniOzoneClusterImpl.java:stop(338)) - Stopping the OzoneManager
2019-07-14 08:39:22,961 INFO  ipc.Server (Server.java:stop(3082)) - Stopping server on 41671
2019-07-14 08:39:22,980 INFO  ipc.Server (Server.java:run(1185)) - Stopping IPC Server listener on 41671
2019-07-14 08:39:22,986 INFO  ipc.Server (Server.java:run(1319)) - Stopping IPC Server Responder
2019-07-14 08:39:22,980 INFO  utils.BackgroundService (BackgroundService.java:shutdown(148)) - Shutting down service KeyDeletingService
2019-07-14 08:39:23,002 INFO  handler.ContextHandler (ContextHandler.java:doStop(910)) - Stopped o.e.j.w.WebAppContext@3697a307{/,null,UNAVAILABLE}{/ozoneManager}
2019-07-14 08:39:23,003 INFO  server.AbstractConnector (AbstractConnector.java:doStop(318)) - Stopped ServerConnector@4632d697{HTTP/1.1,[http/1.1]}{0.0.0.0:0}
2019-07-14 08:39:23,003 INFO  handler.ContextHandler (ContextHandler.java:doStop(910)) - Stopped o.e.j.s.ServletContextHandler@13c02cec{/static,file:///workdir/hadoop-ozone/integration-test/target/test-classes/webapps/static,UNAVAILABLE}
2019-07-14 08:39:23,004 INFO  handler.ContextHandler (ContextHandler.java:doStop(910)) - Stopped o.e.j.s.ServletContextHandler@596c6c3e{/logs,file:///workdir/hadoop-ozone/integration-test/target/log,UNAVAILABLE}
2019-07-14 08:39:23,007 INFO  ozone.MiniOzoneClusterImpl (MiniOzoneClusterImpl.java:stop(344)) - Shutting the HddsDatanodes
2019-07-14 08:39:23,008 INFO  datanode.ObjectStoreHandler (ObjectStoreHandler.java:close(155)) - Closing ObjectStoreHandler.
2019-07-14 08:39:23,008 INFO  datanode.ObjectStoreHandler (ObjectStoreHandler.java:close(155)) - Closing ObjectStoreHandler.
2019-07-14 08:39:23,008 INFO  ozone.HddsDatanodeService (HddsDatanodeService.java:stop(452)) - Stopped plug-in org.apache.hadoop.ozone.web.OzoneHddsDatanodeService@112dfb03
2019-07-14 08:39:23,008 INFO  ozone.HddsDatanodeService (HddsDatanodeService.java:stop(452)) - Stopped plug-in org.apache.hadoop.ozone.web.OzoneHddsDatanodeService@44a3b4d9
2019-07-14 08:39:23,294 INFO  statemachine.DatanodeStateMachine (DatanodeStateMachine.java:lambda$startDaemon$0(350)) - Ozone container server started.
2019-07-14 08:39:23,866 INFO  statemachine.DatanodeStateMachine (DatanodeStateMachine.java:lambda$startDaemon$0(350)) - Ozone container server started.
2019-07-14 08:39:27,391 INFO  node.StaleNodeHandler (StaleNodeHandler.java:onMessage(58)) - Datanode d628cc62-b1a1-4a0d-9b17-5e9782a06fb2{ip: 192.168.5.191, host: trunk-nightly-5z2vd-27108033, networkLocation: /default-rack, certSerialId: null} moved to stale state. Finalizing its pipelines [PipelineID=16cbc950-602c-4d95-8273-25a7179e4909, PipelineID=bcddf338-d249-4d0f-8efb-0c356967e756]
2019-07-14 08:39:27,391 INFO  pipeline.SCMPipelineManager (SCMPipelineManager.java:finalizeAndDestroyPipeline(309)) - destroying pipeline:Pipeline[ Id: 16cbc950-602c-4d95-8273-25a7179e4909, Nodes: d628cc62-b1a1-4a0d-9b17-5e9782a06fb2{ip: 192.168.5.191, host: trunk-nightly-5z2vd-27108033, networkLocation: /default-rack, certSerialId: null}, Type:RATIS, Factor:ONE, State:OPEN]
2019-07-14 08:39:27,391 INFO  pipeline.PipelineStateManager (PipelineStateManager.java:finalizePipeline(123)) - Pipeline Pipeline[ Id: 16cbc950-602c-4d95-8273-25a7179e4909, Nodes: d628cc62-b1a1-4a0d-9b17-5e9782a06fb2{ip: 192.168.5.191, host: trunk-nightly-5z2vd-27108033, networkLocation: /default-rack, certSerialId: null}, Type:RATIS, Factor:ONE, State:CLOSED] moved to CLOSED state
2019-07-14 08:39:27,392 INFO  pipeline.SCMPipelineManager (SCMPipelineManager.java:finalizeAndDestroyPipeline(309)) - destroying pipeline:Pipeline[ Id: bcddf338-d249-4d0f-8efb-0c356967e756, Nodes: 96684c35-8f32-4f92-8a45-40ef054e9149{ip: 192.168.5.191, host: trunk-nightly-5z2vd-27108033, networkLocation: /default-rack, certSerialId: null}d628cc62-b1a1-4a0d-9b17-5e9782a06fb2{ip: 192.168.5.191, host: trunk-nightly-5z2vd-27108033, networkLocation: /default-rack, certSerialId: null}fb4ac72d-3d6e-4852-a781-202df04578a5{ip: 192.168.5.191, host: trunk-nightly-5z2vd-27108033, networkLocation: /default-rack, certSerialId: null}, Type:RATIS, Factor:THREE, State:OPEN]
2019-07-14 08:39:27,392 INFO  pipeline.PipelineStateManager (PipelineStateManager.java:finalizePipeline(123)) - Pipeline Pipeline[ Id: bcddf338-d249-4d0f-8efb-0c356967e756, Nodes: 96684c35-8f32-4f92-8a45-40ef054e9149{ip: 192.168.5.191, host: trunk-nightly-5z2vd-27108033, networkLocation: /default-rack, certSerialId: null}d628cc62-b1a1-4a0d-9b17-5e9782a06fb2{ip: 192.168.5.191, host: trunk-nightly-5z2vd-27108033, networkLocation: /default-rack, certSerialId: null}fb4ac72d-3d6e-4852-a781-202df04578a5{ip: 192.168.5.191, host: trunk-nightly-5z2vd-27108033, networkLocation: /default-rack, certSerialId: null}, Type:RATIS, Factor:THREE, State:CLOSED] moved to CLOSED state
2019-07-14 08:39:27,891 INFO  node.StaleNodeHandler (StaleNodeHandler.java:onMessage(58)) - Datanode c2571538-b9bd-49c9-a9d1-5ffa1fd504df{ip: 192.168.5.191, host: trunk-nightly-5z2vd-27108033, networkLocation: /default-rack, certSerialId: null} moved to stale state. Finalizing its pipelines [PipelineID=f14fc677-ff9c-4a5b-ae85-dad5a5ad9770, PipelineID=67379dfd-11ea-44e9-b4aa-f46682af98cc]
2019-07-14 08:39:27,891 INFO  pipeline.SCMPipelineManager (SCMPipelineManager.java:finalizeAndDestroyPipeline(309)) - destroying pipeline:Pipeline[ Id: f14fc677-ff9c-4a5b-ae85-dad5a5ad9770, Nodes: 308f7aef-32d3-4043-a5a3-021fc9c2f9c6{ip: 192.168.5.191, host: trunk-nightly-5z2vd-27108033, networkLocation: /default-rack, certSerialId: null}c2571538-b9bd-49c9-a9d1-5ffa1fd504df{ip: 192.168.5.191, host: trunk-nightly-5z2vd-27108033, networkLocation: /default-rack, certSerialId: null}ee549b8e-f8d8-4c31-9b0a-9326955f9b1b{ip: 192.168.5.191, host: trunk-nightly-5z2vd-27108033, networkLocation: /default-rack, certSerialId: null}, Type:RATIS, Factor:THREE, State:OPEN]
2019-07-14 08:39:27,892 INFO  pipeline.PipelineStateManager (PipelineStateManager.java:finalizePipeline(123)) - Pipeline Pipeline[ Id: f14fc677-ff9c-4a5b-ae85-dad5a5ad9770, Nodes: 308f7aef-32d3-4043-a5a3-021fc9c2f9c6{ip: 192.168.5.191, host: trunk-nightly-5z2vd-27108033, networkLocation: /default-rack, certSerialId: null}c2571538-b9bd-49c9-a9d1-5ffa1fd504df{ip: 192.168.5.191, host: trunk-nightly-5z2vd-27108033, networkLocation: /default-rack, certSerialId: null}ee549b8e-f8d8-4c31-9b0a-9326955f9b1b{ip: 192.168.5.191, host: trunk-nightly-5z2vd-27108033, networkLocation: /default-rack, certSerialId: null}, Type:RATIS, Factor:THREE, State:CLOSED] moved to CLOSED state
2019-07-14 08:39:27,892 INFO  pipeline.SCMPipelineManager (SCMPipelineManager.java:finalizeAndDestroyPipeline(309)) - destroying pipeline:Pipeline[ Id: 67379dfd-11ea-44e9-b4aa-f46682af98cc, Nodes: c2571538-b9bd-49c9-a9d1-5ffa1fd504df{ip: 192.168.5.191, host: trunk-nightly-5z2vd-27108033, networkLocation: /default-rack, certSerialId: null}, Type:RATIS, Factor:ONE, State:OPEN]
2019-07-14 08:39:27,892 INFO  container.CloseContainerEventHandler (CloseContainerEventHandler.java:onMessage(61)) - Close container Event triggered for container : #2
2019-07-14 08:39:27,892 INFO  pipeline.PipelineStateManager (PipelineStateManager.java:finalizePipeline(123)) - Pipeline Pipeline[ Id: 67379dfd-11ea-44e9-b4aa-f46682af98cc, Nodes: c2571538-b9bd-49c9-a9d1-5ffa1fd504df{ip: 192.168.5.191, host: trunk-nightly-5z2vd-27108033, networkLocation: /default-rack, certSerialId: null}, Type:RATIS, Factor:ONE, State:CLOSED] moved to CLOSED state
2019-07-14 08:39:28,009 INFO  ozoneimpl.OzoneContainer (OzoneContainer.java:stop(199)) - Attempting to stop container services.
2019-07-14 08:39:28,009 INFO  ozoneimpl.OzoneContainer (OzoneContainer.java:stop(199)) - Attempting to stop container services.
2019-07-14 08:39:28,010 INFO  impl.RaftServerProxy (RaftServerProxy.java:lambda$close$4(314)) - d628cc62-b1a1-4a0d-9b17-5e9782a06fb2: close
2019-07-14 08:39:28,010 INFO  impl.RaftServerProxy (RaftServerProxy.java:lambda$close$4(314)) - c2571538-b9bd-49c9-a9d1-5ffa1fd504df: close
2019-07-14 08:39:28,010 INFO  impl.RaftServerImpl (RaftServerImpl.java:lambda$shutdown$3(245)) - d628cc62-b1a1-4a0d-9b17-5e9782a06fb2: shutdown group-25A7179E4909
2019-07-14 08:39:28,011 INFO  impl.RaftServerImpl (RaftServerImpl.java:lambda$shutdown$3(245)) - c2571538-b9bd-49c9-a9d1-5ffa1fd504df: shutdown group-DAD5A5AD9770
2019-07-14 08:39:28,011 INFO  util.JmxRegister (JmxRegister.java:unregister(73)) - Successfully un-registered JMX Bean with object name Ratis:service=RaftServer,group=group-25A7179E4909,id=d628cc62-b1a1-4a0d-9b17-5e9782a06fb2
2019-07-14 08:39:28,011 INFO  util.JmxRegister (JmxRegister.java:unregister(73)) - Successfully un-registered JMX Bean with object name Ratis:service=RaftServer,group=group-DAD5A5AD9770,id=c2571538-b9bd-49c9-a9d1-5ffa1fd504df
2019-07-14 08:39:28,012 INFO  impl.RoleInfo (RoleInfo.java:shutdownLeaderState(104)) - d628cc62-b1a1-4a0d-9b17-5e9782a06fb2: shutdown LeaderState
2019-07-14 08:39:28,012 INFO  impl.RoleInfo (RoleInfo.java:shutdownFollowerState(121)) - c2571538-b9bd-49c9-a9d1-5ffa1fd504df: shutdown FollowerState
2019-07-14 08:39:28,013 INFO  impl.PendingRequests (PendingRequests.java:sendNotLeaderResponses(202)) - d628cc62-b1a1-4a0d-9b17-5e9782a06fb2-PendingRequests: sendNotLeaderResponses
2019-07-14 08:39:28,013 INFO  impl.FollowerState (FollowerState.java:run(114)) - c2571538-b9bd-49c9-a9d1-5ffa1fd504df: FollowerState was interrupted: java.lang.InterruptedException: sleep interrupted
2019-07-14 08:39:28,013 INFO  impl.StateMachineUpdater (StateMachineUpdater.java:stopAndJoin(115)) - StateMachineUpdater:d628cc62-b1a1-4a0d-9b17-5e9782a06fb2:group-25A7179E4909: set stopIndex = 0
2019-07-14 08:39:28,014 INFO  impl.RaftServerImpl (ServerState.java:close(394)) - d628cc62-b1a1-4a0d-9b17-5e9782a06fb2:group-25A7179E4909 closes. The last applied log index is 0
2019-07-14 08:39:28,013 INFO  ratis.ContainerStateMachine (ContainerStateMachine.java:takeSnapshot(249)) - group-DAD5A5AD9770: Taking a snapshot at:(t:1, i:4) file /workdir/hadoop-ozone/integration-test/target/test-dir/MiniOzoneClusterImpl-558ab0d9-ae7f-4941-9603-f52effddca80/datanode-1/data/ratis/f14fc677-ff9c-4a5b-ae85-dad5a5ad9770/sm/snapshot.1_4
2019-07-14 08:39:28,013 INFO  impl.StateMachineUpdater (StateMachineUpdater.java:stopAndJoin(115)) - StateMachineUpdater:c2571538-b9bd-49c9-a9d1-5ffa1fd504df:group-DAD5A5AD9770: set stopIndex = 6
2019-07-14 08:39:28,015 INFO  segmented.SegmentedRaftLogWorker (SegmentedRaftLogWorker.java:run(313)) - d628cc62-b1a1-4a0d-9b17-5e9782a06fb2-SegmentedRaftLogWorker:Storage Directory /workdir/hadoop-ozone/integration-test/target/test-dir/MiniOzoneClusterImpl-558ab0d9-ae7f-4941-9603-f52effddca80/datanode-4/data/ratis/16cbc950-602c-4d95-8273-25a7179e4909 was interrupted, exiting. There are 0 tasks remaining in the queue.
2019-07-14 08:39:28,028 INFO  ratis.ContainerStateMachine (ContainerStateMachine.java:takeSnapshot(257)) - group-DAD5A5AD9770: Finished taking a snapshot at:(t:1, i:4) file:/workdir/hadoop-ozone/integration-test/target/test-dir/MiniOzoneClusterImpl-558ab0d9-ae7f-4941-9603-f52effddca80/datanode-1/data/ratis/f14fc677-ff9c-4a5b-ae85-dad5a5ad9770/sm/snapshot.1_4 time:15
2019-07-14 08:39:28,028 INFO  segmented.SegmentedRaftLogWorker (SegmentedRaftLogWorker.java:close(228)) - d628cc62-b1a1-4a0d-9b17-5e9782a06fb2-SegmentedRaftLogWorker:Storage Directory /workdir/hadoop-ozone/integration-test/target/test-dir/MiniOzoneClusterImpl-558ab0d9-ae7f-4941-9603-f52effddca80/datanode-4/data/ratis/16cbc950-602c-4d95-8273-25a7179e4909 close()
2019-07-14 08:39:28,028 INFO  impl.StateMachineUpdater (StateMachineUpdater.java:takeSnapshot(242)) - StateMachineUpdater:c2571538-b9bd-49c9-a9d1-5ffa1fd504df:group-DAD5A5AD9770: Took a snapshot at index 4
2019-07-14 08:39:28,035 INFO  impl.RaftServerImpl (RaftServerImpl.java:lambda$shutdown$3(245)) - d628cc62-b1a1-4a0d-9b17-5e9782a06fb2: shutdown group-0C356967E756
2019-07-14 08:39:28,035 INFO  impl.StateMachineUpdater (StateMachineUpdater.java:lambda$new$0(80)) - StateMachineUpdater:c2571538-b9bd-49c9-a9d1-5ffa1fd504df:group-DAD5A5AD9770: snapshotIndex: updateIncreasingly -1 -> 4
2019-07-14 08:39:28,035 INFO  util.JmxRegister (JmxRegister.java:unregister(73)) - Successfully un-registered JMX Bean with object name Ratis:service=RaftServer,group=group-0C356967E756,id=d628cc62-b1a1-4a0d-9b17-5e9782a06fb2
2019-07-14 08:39:28,036 INFO  impl.RaftServerImpl (ServerState.java:close(394)) - c2571538-b9bd-49c9-a9d1-5ffa1fd504df:group-DAD5A5AD9770 closes. The last applied log index is 6
2019-07-14 08:39:28,036 INFO  impl.RoleInfo (RoleInfo.java:shutdownFollowerState(121)) - d628cc62-b1a1-4a0d-9b17-5e9782a06fb2: shutdown FollowerState
2019-07-14 08:39:28,037 INFO  segmented.SegmentedRaftLogWorker (SegmentedRaftLogWorker.java:run(313)) - c2571538-b9bd-49c9-a9d1-5ffa1fd504df-SegmentedRaftLogWorker:Storage Directory /workdir/hadoop-ozone/integration-test/target/test-dir/MiniOzoneClusterImpl-558ab0d9-ae7f-4941-9603-f52effddca80/datanode-1/data/ratis/f14fc677-ff9c-4a5b-ae85-dad5a5ad9770 was interrupted, exiting. There are 0 tasks remaining in the queue.
2019-07-14 08:39:28,037 INFO  ratis.ContainerStateMachine (ContainerStateMachine.java:takeSnapshot(249)) - group-0C356967E756: Taking a snapshot at:(t:1, i:7) file /workdir/hadoop-ozone/integration-test/target/test-dir/MiniOzoneClusterImpl-558ab0d9-ae7f-4941-9603-f52effddca80/datanode-4/data/ratis/bcddf338-d249-4d0f-8efb-0c356967e756/sm/snapshot.1_7
2019-07-14 08:39:28,037 INFO  impl.StateMachineUpdater (StateMachineUpdater.java:stopAndJoin(115)) - StateMachineUpdater:d628cc62-b1a1-4a0d-9b17-5e9782a06fb2:group-0C356967E756: set stopIndex = 8
2019-07-14 08:39:28,040 INFO  ratis.ContainerStateMachine (ContainerStateMachine.java:takeSnapshot(257)) - group-0C356967E756: Finished taking a snapshot at:(t:1, i:7) file:/workdir/hadoop-ozone/integration-test/target/test-dir/MiniOzoneClusterImpl-558ab0d9-ae7f-4941-9603-f52effddca80/datanode-4/data/ratis/bcddf338-d249-4d0f-8efb-0c356967e756/sm/snapshot.1_7 time:2
2019-07-14 08:39:28,040 INFO  impl.StateMachineUpdater (StateMachineUpdater.java:takeSnapshot(242)) - StateMachineUpdater:d628cc62-b1a1-4a0d-9b17-5e9782a06fb2:group-0C356967E756: Took a snapshot at index 7
2019-07-14 08:39:28,039 INFO  segmented.SegmentedRaftLogWorker (SegmentedRaftLogWorker.java:close(228)) - c2571538-b9bd-49c9-a9d1-5ffa1fd504df-SegmentedRaftLogWorker:Storage Directory /workdir/hadoop-ozone/integration-test/target/test-dir/MiniOzoneClusterImpl-558ab0d9-ae7f-4941-9603-f52effddca80/datanode-1/data/ratis/f14fc677-ff9c-4a5b-ae85-dad5a5ad9770 close()
2019-07-14 08:39:28,037 INFO  impl.FollowerState (FollowerState.java:run(114)) - d628cc62-b1a1-4a0d-9b17-5e9782a06fb2: FollowerState was interrupted: java.lang.InterruptedException: sleep interrupted
2019-07-14 08:39:28,045 INFO  impl.RaftServerImpl (RaftServerImpl.java:lambda$shutdown$3(245)) - c2571538-b9bd-49c9-a9d1-5ffa1fd504df: shutdown group-F46682AF98CC
2019-07-14 08:39:28,045 INFO  util.JmxRegister (JmxRegister.java:unregister(73)) - Successfully un-registered JMX Bean with object name Ratis:service=RaftServer,group=group-F46682AF98CC,id=c2571538-b9bd-49c9-a9d1-5ffa1fd504df
2019-07-14 08:39:28,040 INFO  impl.StateMachineUpdater (StateMachineUpdater.java:lambda$new$0(80)) - StateMachineUpdater:d628cc62-b1a1-4a0d-9b17-5e9782a06fb2:group-0C356967E756: snapshotIndex: updateIncreasingly -1 -> 7
2019-07-14 08:39:28,045 INFO  impl.RoleInfo (RoleInfo.java:shutdownLeaderState(104)) - c2571538-b9bd-49c9-a9d1-5ffa1fd504df: shutdown LeaderState
2019-07-14 08:39:28,046 INFO  impl.RaftServerImpl (ServerState.java:close(394)) - d628cc62-b1a1-4a0d-9b17-5e9782a06fb2:group-0C356967E756 closes. The last applied log index is 8
2019-07-14 08:39:28,046 INFO  impl.PendingRequests (PendingRequests.java:sendNotLeaderResponses(202)) - c2571538-b9bd-49c9-a9d1-5ffa1fd504df-PendingRequests: sendNotLeaderResponses
2019-07-14 08:39:28,046 INFO  segmented.SegmentedRaftLogWorker (SegmentedRaftLogWorker.java:run(313)) - d628cc62-b1a1-4a0d-9b17-5e9782a06fb2-SegmentedRaftLogWorker:Storage Directory /workdir/hadoop-ozone/integration-test/target/test-dir/MiniOzoneClusterImpl-558ab0d9-ae7f-4941-9603-f52effddca80/datanode-4/data/ratis/bcddf338-d249-4d0f-8efb-0c356967e756 was interrupted, exiting. There are 0 tasks remaining in the queue.
2019-07-14 08:39:28,047 INFO  impl.StateMachineUpdater (StateMachineUpdater.java:stopAndJoin(115)) - StateMachineUpdater:c2571538-b9bd-49c9-a9d1-5ffa1fd504df:group-F46682AF98CC: set stopIndex = 0
2019-07-14 08:39:28,051 INFO  segmented.SegmentedRaftLogWorker (SegmentedRaftLogWorker.java:close(228)) - d628cc62-b1a1-4a0d-9b17-5e9782a06fb2-SegmentedRaftLogWorker:Storage Directory /workdir/hadoop-ozone/integration-test/target/test-dir/MiniOzoneClusterImpl-558ab0d9-ae7f-4941-9603-f52effddca80/datanode-4/data/ratis/bcddf338-d249-4d0f-8efb-0c356967e756 close()
2019-07-14 08:39:28,051 INFO  impl.RaftServerImpl (ServerState.java:close(394)) - c2571538-b9bd-49c9-a9d1-5ffa1fd504df:group-F46682AF98CC closes. The last applied log index is 0
2019-07-14 08:39:28,056 INFO  server.GrpcService (GrpcService.java:closeImpl(155)) - d628cc62-b1a1-4a0d-9b17-5e9782a06fb2: shutdown server with port 39197 now
2019-07-14 08:39:28,056 INFO  segmented.SegmentedRaftLogWorker (SegmentedRaftLogWorker.java:run(313)) - c2571538-b9bd-49c9-a9d1-5ffa1fd504df-SegmentedRaftLogWorker:Storage Directory /workdir/hadoop-ozone/integration-test/target/test-dir/MiniOzoneClusterImpl-558ab0d9-ae7f-4941-9603-f52effddca80/datanode-1/data/ratis/67379dfd-11ea-44e9-b4aa-f46682af98cc was interrupted, exiting. There are 0 tasks remaining in the queue.
2019-07-14 08:39:28,059 INFO  segmented.SegmentedRaftLogWorker (SegmentedRaftLogWorker.java:close(228)) - c2571538-b9bd-49c9-a9d1-5ffa1fd504df-SegmentedRaftLogWorker:Storage Directory /workdir/hadoop-ozone/integration-test/target/test-dir/MiniOzoneClusterImpl-558ab0d9-ae7f-4941-9603-f52effddca80/datanode-1/data/ratis/67379dfd-11ea-44e9-b4aa-f46682af98cc close()
2019-07-14 08:39:28,064 INFO  server.GrpcService (GrpcService.java:closeImpl(155)) - c2571538-b9bd-49c9-a9d1-5ffa1fd504df: shutdown server with port 44660 now
2019-07-14 08:39:28,064 WARN  server.GrpcServerProtocolService (LogUtils.java:warn(134)) - d628cc62-b1a1-4a0d-9b17-5e9782a06fb2: appendEntries onError: org.apache.ratis.thirdparty.io.grpc.StatusRuntimeException: CANCELLED: cancelled before receiving half close
2019-07-14 08:39:28,064 INFO  server.GrpcService (GrpcService.java:closeImpl(163)) - d628cc62-b1a1-4a0d-9b17-5e9782a06fb2: shutdown server with port 39197 successfully
2019-07-14 08:39:28,064 WARN  server.GrpcServerProtocolService (LogUtils.java:warn(134)) - c2571538-b9bd-49c9-a9d1-5ffa1fd504df: appendEntries onError: org.apache.ratis.thirdparty.io.grpc.StatusRuntimeException: CANCELLED: cancelled before receiving half close
2019-07-14 08:39:28,064 INFO  server.GrpcService (GrpcService.java:closeImpl(163)) - c2571538-b9bd-49c9-a9d1-5ffa1fd504df: shutdown server with port 44660 successfully
2019-07-14 08:39:28,064 WARN  server.GrpcLogAppender (LogUtils.java:warn(134)) - 96684c35-8f32-4f92-8a45-40ef054e9149->d628cc62-b1a1-4a0d-9b17-5e9782a06fb2: Failed appendEntries: org.apache.ratis.thirdparty.io.grpc.StatusRuntimeException: CANCELLED: HTTP/2 error code: CANCEL
Received Rst Stream
2019-07-14 08:39:28,065 WARN  server.GrpcLogAppender (LogUtils.java:warn(134)) - ee549b8e-f8d8-4c31-9b0a-9326955f9b1b->c2571538-b9bd-49c9-a9d1-5ffa1fd504df: Failed appendEntries: org.apache.ratis.thirdparty.io.grpc.StatusRuntimeException: CANCELLED: HTTP/2 error code: CANCEL
Received Rst Stream
2019-07-14 08:39:28,066 INFO  impl.FollowerInfo (FollowerInfo.java:lambda$new$0(50)) - 96684c35-8f32-4f92-8a45-40ef054e9149->d628cc62-b1a1-4a0d-9b17-5e9782a06fb2: nextIndex: updateUnconditionally 9 -> 8
2019-07-14 08:39:28,066 INFO  utils.BackgroundService (BackgroundService.java:shutdown(148)) - Shutting down service BlockDeletingService
2019-07-14 08:39:28,066 INFO  impl.FollowerInfo (FollowerInfo.java:lambda$new$0(50)) - ee549b8e-f8d8-4c31-9b0a-9326955f9b1b->c2571538-b9bd-49c9-a9d1-5ffa1fd504df: nextIndex: updateUnconditionally 7 -> 6
2019-07-14 08:39:28,068 WARN  fs.CachingGetSpaceUsed (CachingGetSpaceUsed.java:run(183)) - Thread Interrupted waiting to refresh disk information: sleep interrupted
2019-07-14 08:39:28,068 INFO  utils.BackgroundService (BackgroundService.java:shutdown(148)) - Shutting down service BlockDeletingService
2019-07-14 08:39:28,070 WARN  fs.CachingGetSpaceUsed (CachingGetSpaceUsed.java:run(183)) - Thread Interrupted waiting to refresh disk information: sleep interrupted
2019-07-14 08:39:28,093 INFO  statemachine.DatanodeStateMachine (DatanodeStateMachine.java:stopDaemon(395)) - Ozone container server stopped.
2019-07-14 08:39:28,094 INFO  handler.ContextHandler (ContextHandler.java:doStop(910)) - Stopped o.e.j.w.WebAppContext@3333b099{/,null,UNAVAILABLE}{/hddsDatanode}
2019-07-14 08:39:28,099 INFO  statemachine.DatanodeStateMachine (DatanodeStateMachine.java:stopDaemon(395)) - Ozone container server stopped.
2019-07-14 08:39:28,101 INFO  server.AbstractConnector (AbstractConnector.java:doStop(318)) - Stopped ServerConnector@281e2637{HTTP/1.1,[http/1.1]}{0.0.0.0:0}
2019-07-14 08:39:28,104 INFO  handler.ContextHandler (ContextHandler.java:doStop(910)) - Stopped o.e.j.s.ServletContextHandler@35798cd0{/static,jar:file:/home/user/.m2/repository/org/apache/hadoop/hadoop-hdds-container-service/0.5.0-SNAPSHOT/hadoop-hdds-container-service-0.5.0-SNAPSHOT.jar!/webapps/static,UNAVAILABLE}
2019-07-14 08:39:28,105 INFO  handler.ContextHandler (ContextHandler.java:doStop(910)) - Stopped o.e.j.w.WebAppContext@6804a46a{/,null,UNAVAILABLE}{/hddsDatanode}
2019-07-14 08:39:28,106 INFO  handler.ContextHandler (ContextHandler.java:doStop(910)) - Stopped o.e.j.s.ServletContextHandler@4d6f8691{/logs,file:///workdir/hadoop-ozone/integration-test/target/log,UNAVAILABLE}
2019-07-14 08:39:28,106 INFO  server.AbstractConnector (AbstractConnector.java:doStop(318)) - Stopped ServerConnector@3df3e1e9{HTTP/1.1,[http/1.1]}{0.0.0.0:0}
2019-07-14 08:39:28,108 INFO  handler.ContextHandler (ContextHandler.java:doStop(910)) - Stopped o.e.j.s.ServletContextHandler@cc64e22{/static,jar:file:/home/user/.m2/repository/org/apache/hadoop/hadoop-hdds-container-service/0.5.0-SNAPSHOT/hadoop-hdds-container-service-0.5.0-SNAPSHOT.jar!/webapps/static,UNAVAILABLE}
2019-07-14 08:39:28,109 INFO  datanode.ObjectStoreHandler (ObjectStoreHandler.java:close(155)) - Closing ObjectStoreHandler.
2019-07-14 08:39:28,111 INFO  handler.ContextHandler (ContextHandler.java:doStop(910)) - Stopped o.e.j.s.ServletContextHandler@1fe8a2fc{/logs,file:///workdir/hadoop-ozone/integration-test/target/log,UNAVAILABLE}
2019-07-14 08:39:28,111 INFO  ozone.HddsDatanodeService (HddsDatanodeService.java:stop(452)) - Stopped plug-in org.apache.hadoop.ozone.web.OzoneHddsDatanodeService@3ca26839
2019-07-14 08:39:28,112 INFO  datanode.ObjectStoreHandler (ObjectStoreHandler.java:close(155)) - Closing ObjectStoreHandler.
2019-07-14 08:39:28,112 INFO  ozone.HddsDatanodeService (HddsDatanodeService.java:stop(452)) - Stopped plug-in org.apache.hadoop.ozone.web.OzoneHddsDatanodeService@10dba2e3
2019-07-14 08:39:28,293 INFO  statemachine.DatanodeStateMachine (DatanodeStateMachine.java:lambda$startDaemon$0(350)) - Ozone container server started.
2019-07-14 08:39:28,862 INFO  statemachine.DatanodeStateMachine (DatanodeStateMachine.java:lambda$startDaemon$0(350)) - Ozone container server started.
2019-07-14 08:39:29,716 WARN  server.GrpcLogAppender (LogUtils.java:warn(134)) - 96684c35-8f32-4f92-8a45-40ef054e9149->d628cc62-b1a1-4a0d-9b17-5e9782a06fb2: Failed appendEntries: org.apache.ratis.thirdparty.io.grpc.StatusRuntimeException: UNAVAILABLE: io exception
2019-07-14 08:39:29,717 INFO  impl.FollowerInfo (FollowerInfo.java:lambda$new$0(50)) - 96684c35-8f32-4f92-8a45-40ef054e9149->d628cc62-b1a1-4a0d-9b17-5e9782a06fb2: nextIndex: updateUnconditionally 8 -> 7
2019-07-14 08:39:30,422 WARN  server.GrpcLogAppender (LogUtils.java:warn(134)) - ee549b8e-f8d8-4c31-9b0a-9326955f9b1b->c2571538-b9bd-49c9-a9d1-5ffa1fd504df: Failed appendEntries: org.apache.ratis.thirdparty.io.grpc.StatusRuntimeException: UNAVAILABLE: io exception
2019-07-14 08:39:30,423 INFO  impl.FollowerInfo (FollowerInfo.java:lambda$new$0(50)) - ee549b8e-f8d8-4c31-9b0a-9326955f9b1b->c2571538-b9bd-49c9-a9d1-5ffa1fd504df: nextIndex: updateUnconditionally 6 -> 5
2019-07-14 08:39:32,217 WARN  server.GrpcLogAppender (LogUtils.java:warn(134)) - 96684c35-8f32-4f92-8a45-40ef054e9149->d628cc62-b1a1-4a0d-9b17-5e9782a06fb2: Failed appendEntries: org.apache.ratis.thirdparty.io.grpc.StatusRuntimeException: UNAVAILABLE: io exception
2019-07-14 08:39:32,218 INFO  impl.FollowerInfo (FollowerInfo.java:lambda$new$0(50)) - 96684c35-8f32-4f92-8a45-40ef054e9149->d628cc62-b1a1-4a0d-9b17-5e9782a06fb2: nextIndex: updateUnconditionally 7 -> 6
2019-07-14 08:39:32,299 INFO  node.StaleNodeHandler (StaleNodeHandler.java:onMessage(58)) - Datanode fb4ac72d-3d6e-4852-a781-202df04578a5{ip: 192.168.5.191, host: trunk-nightly-5z2vd-27108033, networkLocation: /default-rack, certSerialId: null} moved to stale state. Finalizing its pipelines [PipelineID=bcddf338-d249-4d0f-8efb-0c356967e756, PipelineID=2f05d710-86e6-406c-b0cf-19528efb88c4]
2019-07-14 08:39:32,299 INFO  pipeline.SCMPipelineManager (SCMPipelineManager.java:finalizeAndDestroyPipeline(309)) - destroying pipeline:Pipeline[ Id: bcddf338-d249-4d0f-8efb-0c356967e756, Nodes: 96684c35-8f32-4f92-8a45-40ef054e9149{ip: 192.168.5.191, host: trunk-nightly-5z2vd-27108033, networkLocation: /default-rack, certSerialId: null}d628cc62-b1a1-4a0d-9b17-5e9782a06fb2{ip: 192.168.5.191, host: trunk-nightly-5z2vd-27108033, networkLocation: /default-rack, certSerialId: null}fb4ac72d-3d6e-4852-a781-202df04578a5{ip: 192.168.5.191, host: trunk-nightly-5z2vd-27108033, networkLocation: /default-rack, certSerialId: null}, Type:RATIS, Factor:THREE, State:CLOSED]
2019-07-14 08:39:32,299 INFO  pipeline.SCMPipelineManager (SCMPipelineManager.java:finalizeAndDestroyPipeline(309)) - destroying pipeline:Pipeline[ Id: 2f05d710-86e6-406c-b0cf-19528efb88c4, Nodes: fb4ac72d-3d6e-4852-a781-202df04578a5{ip: 192.168.5.191, host: trunk-nightly-5z2vd-27108033, networkLocation: /default-rack, certSerialId: null}, Type:RATIS, Factor:ONE, State:OPEN]
2019-07-14 08:39:32,299 INFO  pipeline.PipelineStateManager (PipelineStateManager.java:finalizePipeline(123)) - Pipeline Pipeline[ Id: 2f05d710-86e6-406c-b0cf-19528efb88c4, Nodes: fb4ac72d-3d6e-4852-a781-202df04578a5{ip: 192.168.5.191, host: trunk-nightly-5z2vd-27108033, networkLocation: /default-rack, certSerialId: null}, Type:RATIS, Factor:ONE, State:CLOSED] moved to CLOSED state
2019-07-14 08:39:32,900 INFO  node.StaleNodeHandler (StaleNodeHandler.java:onMessage(58)) - Datanode ee549b8e-f8d8-4c31-9b0a-9326955f9b1b{ip: 192.168.5.191, host: trunk-nightly-5z2vd-27108033, networkLocation: /default-rack, certSerialId: null} moved to stale state. Finalizing its pipelines [PipelineID=f14fc677-ff9c-4a5b-ae85-dad5a5ad9770, PipelineID=fa4e1555-a27e-4189-97ad-adc7834f1387]
2019-07-14 08:39:32,900 INFO  pipeline.SCMPipelineManager (SCMPipelineManager.java:finalizeAndDestroyPipeline(309)) - destroying pipeline:Pipeline[ Id: f14fc677-ff9c-4a5b-ae85-dad5a5ad9770, Nodes: 308f7aef-32d3-4043-a5a3-021fc9c2f9c6{ip: 192.168.5.191, host: trunk-nightly-5z2vd-27108033, networkLocation: /default-rack, certSerialId: null}c2571538-b9bd-49c9-a9d1-5ffa1fd504df{ip: 192.168.5.191, host: trunk-nightly-5z2vd-27108033, networkLocation: /default-rack, certSerialId: null}ee549b8e-f8d8-4c31-9b0a-9326955f9b1b{ip: 192.168.5.191, host: trunk-nightly-5z2vd-27108033, networkLocation: /default-rack, certSerialId: null}, Type:RATIS, Factor:THREE, State:CLOSED]
2019-07-14 08:39:32,900 INFO  pipeline.SCMPipelineManager (SCMPipelineManager.java:finalizeAndDestroyPipeline(309)) - destroying pipeline:Pipeline[ Id: fa4e1555-a27e-4189-97ad-adc7834f1387, Nodes: ee549b8e-f8d8-4c31-9b0a-9326955f9b1b{ip: 192.168.5.191, host: trunk-nightly-5z2vd-27108033, networkLocation: /default-rack, certSerialId: null}, Type:RATIS, Factor:ONE, State:OPEN]
2019-07-14 08:39:32,900 INFO  pipeline.PipelineStateManager (PipelineStateManager.java:finalizePipeline(123)) - Pipeline Pipeline[ Id: fa4e1555-a27e-4189-97ad-adc7834f1387, Nodes: ee549b8e-f8d8-4c31-9b0a-9326955f9b1b{ip: 192.168.5.191, host: trunk-nightly-5z2vd-27108033, networkLocation: /default-rack, certSerialId: null}, Type:RATIS, Factor:ONE, State:CLOSED] moved to CLOSED state
2019-07-14 08:39:32,923 WARN  server.GrpcLogAppender (LogUtils.java:warn(134)) - ee549b8e-f8d8-4c31-9b0a-9326955f9b1b->c2571538-b9bd-49c9-a9d1-5ffa1fd504df: Failed appendEntries: org.apache.ratis.thirdparty.io.grpc.StatusRuntimeException: UNAVAILABLE: io exception
2019-07-14 08:39:32,923 INFO  impl.FollowerInfo (FollowerInfo.java:lambda$new$0(50)) - ee549b8e-f8d8-4c31-9b0a-9326955f9b1b->c2571538-b9bd-49c9-a9d1-5ffa1fd504df: nextIndex: updateUnconditionally 5 -> 4
2019-07-14 08:39:33,112 INFO  ozoneimpl.OzoneContainer (OzoneContainer.java:stop(199)) - Attempting to stop container services.
2019-07-14 08:39:33,113 INFO  ozoneimpl.OzoneContainer (OzoneContainer.java:stop(199)) - Attempting to stop container services.
2019-07-14 08:39:33,113 INFO  impl.RaftServerProxy (RaftServerProxy.java:lambda$close$4(314)) - fb4ac72d-3d6e-4852-a781-202df04578a5: close
2019-07-14 08:39:33,113 INFO  impl.RaftServerProxy (RaftServerProxy.java:lambda$close$4(314)) - ee549b8e-f8d8-4c31-9b0a-9326955f9b1b: close
2019-07-14 08:39:33,113 INFO  impl.RaftServerImpl (RaftServerImpl.java:lambda$shutdown$3(245)) - fb4ac72d-3d6e-4852-a781-202df04578a5: shutdown group-0C356967E756
2019-07-14 08:39:33,114 INFO  impl.RaftServerImpl (RaftServerImpl.java:lambda$shutdown$3(245)) - ee549b8e-f8d8-4c31-9b0a-9326955f9b1b: shutdown group-DAD5A5AD9770
2019-07-14 08:39:33,114 INFO  util.JmxRegister (JmxRegister.java:unregister(73)) - Successfully un-registered JMX Bean with object name Ratis:service=RaftServer,group=group-0C356967E756,id=fb4ac72d-3d6e-4852-a781-202df04578a5
2019-07-14 08:39:33,115 INFO  impl.RoleInfo (RoleInfo.java:shutdownFollowerState(121)) - fb4ac72d-3d6e-4852-a781-202df04578a5: shutdown FollowerState
2019-07-14 08:39:33,114 INFO  util.JmxRegister (JmxRegister.java:unregister(73)) - Successfully un-registered JMX Bean with object name Ratis:service=RaftServer,group=group-DAD5A5AD9770,id=ee549b8e-f8d8-4c31-9b0a-9326955f9b1b
2019-07-14 08:39:33,115 INFO  impl.FollowerState (FollowerState.java:run(114)) - fb4ac72d-3d6e-4852-a781-202df04578a5: FollowerState was interrupted: java.lang.InterruptedException: sleep interrupted
2019-07-14 08:39:33,115 INFO  ratis.ContainerStateMachine (ContainerStateMachine.java:takeSnapshot(249)) - group-0C356967E756: Taking a snapshot at:(t:1, i:7) file /workdir/hadoop-ozone/integration-test/target/test-dir/MiniOzoneClusterImpl-558ab0d9-ae7f-4941-9603-f52effddca80/datanode-3/data/ratis/bcddf338-d249-4d0f-8efb-0c356967e756/sm/snapshot.1_7
2019-07-14 08:39:33,115 INFO  impl.StateMachineUpdater (StateMachineUpdater.java:stopAndJoin(115)) - StateMachineUpdater:fb4ac72d-3d6e-4852-a781-202df04578a5:group-0C356967E756: set stopIndex = 8
2019-07-14 08:39:33,116 INFO  ratis.ContainerStateMachine (ContainerStateMachine.java:takeSnapshot(257)) - group-0C356967E756: Finished taking a snapshot at:(t:1, i:7) file:/workdir/hadoop-ozone/integration-test/target/test-dir/MiniOzoneClusterImpl-558ab0d9-ae7f-4941-9603-f52effddca80/datanode-3/data/ratis/bcddf338-d249-4d0f-8efb-0c356967e756/sm/snapshot.1_7 time:1
2019-07-14 08:39:33,116 INFO  impl.StateMachineUpdater (StateMachineUpdater.java:takeSnapshot(242)) - StateMachineUpdater:fb4ac72d-3d6e-4852-a781-202df04578a5:group-0C356967E756: Took a snapshot at index 7
2019-07-14 08:39:33,115 INFO  impl.RoleInfo (RoleInfo.java:shutdownLeaderState(104)) - ee549b8e-f8d8-4c31-9b0a-9326955f9b1b: shutdown LeaderState
2019-07-14 08:39:33,116 INFO  impl.StateMachineUpdater (StateMachineUpdater.java:lambda$new$0(80)) - StateMachineUpdater:fb4ac72d-3d6e-4852-a781-202df04578a5:group-0C356967E756: snapshotIndex: updateIncreasingly -1 -> 7
2019-07-14 08:39:33,122 WARN  server.GrpcLogAppender (GrpcLogAppender.java:mayWait(143)) - GrpcLogAppender(ee549b8e-f8d8-4c31-9b0a-9326955f9b1b->c2571538-b9bd-49c9-a9d1-5ffa1fd504df): Wait interrupted by java.lang.InterruptedException
2019-07-14 08:39:33,122 INFO  impl.PendingRequests (PendingRequests.java:sendNotLeaderResponses(202)) - ee549b8e-f8d8-4c31-9b0a-9326955f9b1b-PendingRequests: sendNotLeaderResponses
2019-07-14 08:39:33,122 WARN  server.GrpcLogAppender (GrpcLogAppender.java:mayWait(143)) - GrpcLogAppender(ee549b8e-f8d8-4c31-9b0a-9326955f9b1b->308f7aef-32d3-4043-a5a3-021fc9c2f9c6): Wait interrupted by java.lang.InterruptedException
2019-07-14 08:39:33,122 INFO  impl.RaftServerImpl (ServerState.java:close(394)) - fb4ac72d-3d6e-4852-a781-202df04578a5:group-0C356967E756 closes. The last applied log index is 8
2019-07-14 08:39:33,127 INFO  server.GrpcServerProtocolService (GrpcServerProtocolService.java:onCompleted(104)) - 308f7aef-32d3-4043-a5a3-021fc9c2f9c6: appendEntries completed
2019-07-14 08:39:33,127 INFO  ratis.ContainerStateMachine (ContainerStateMachine.java:takeSnapshot(249)) - group-DAD5A5AD9770: Taking a snapshot at:(t:1, i:6) file /workdir/hadoop-ozone/integration-test/target/test-dir/MiniOzoneClusterImpl-558ab0d9-ae7f-4941-9603-f52effddca80/datanode-2/data/ratis/f14fc677-ff9c-4a5b-ae85-dad5a5ad9770/sm/snapshot.1_6
2019-07-14 08:39:33,127 INFO  impl.StateMachineUpdater (StateMachineUpdater.java:stopAndJoin(115)) - StateMachineUpdater:ee549b8e-f8d8-4c31-9b0a-9326955f9b1b:group-DAD5A5AD9770: set stopIndex = 6
2019-07-14 08:39:33,127 INFO  segmented.SegmentedRaftLogWorker (SegmentedRaftLogWorker.java:run(313)) - fb4ac72d-3d6e-4852-a781-202df04578a5-SegmentedRaftLogWorker:Storage Directory /workdir/hadoop-ozone/integration-test/target/test-dir/MiniOzoneClusterImpl-558ab0d9-ae7f-4941-9603-f52effddca80/datanode-3/data/ratis/bcddf338-d249-4d0f-8efb-0c356967e756 was interrupted, exiting. There are 0 tasks remaining in the queue.
2019-07-14 08:39:33,128 INFO  server.GrpcLogAppender (GrpcLogAppender.java:onCompleted(292)) - ee549b8e-f8d8-4c31-9b0a-9326955f9b1b->308f7aef-32d3-4043-a5a3-021fc9c2f9c6: follower responses appendEntries COMPLETED
2019-07-14 08:39:33,130 INFO  ratis.ContainerStateMachine (ContainerStateMachine.java:takeSnapshot(257)) - group-DAD5A5AD9770: Finished taking a snapshot at:(t:1, i:6) file:/workdir/hadoop-ozone/integration-test/target/test-dir/MiniOzoneClusterImpl-558ab0d9-ae7f-4941-9603-f52effddca80/datanode-2/data/ratis/f14fc677-ff9c-4a5b-ae85-dad5a5ad9770/sm/snapshot.1_6 time:3
2019-07-14 08:39:33,130 INFO  impl.FollowerInfo (FollowerInfo.java:lambda$new$0(50)) - ee549b8e-f8d8-4c31-9b0a-9326955f9b1b->308f7aef-32d3-4043-a5a3-021fc9c2f9c6: nextIndex: updateUnconditionally 7 -> 6
2019-07-14 08:39:33,130 INFO  segmented.SegmentedRaftLogWorker (SegmentedRaftLogWorker.java:close(228)) - fb4ac72d-3d6e-4852-a781-202df04578a5-SegmentedRaftLogWorker:Storage Directory /workdir/hadoop-ozone/integration-test/target/test-dir/MiniOzoneClusterImpl-558ab0d9-ae7f-4941-9603-f52effddca80/datanode-3/data/ratis/bcddf338-d249-4d0f-8efb-0c356967e756 close()
2019-07-14 08:39:33,130 INFO  impl.StateMachineUpdater (StateMachineUpdater.java:takeSnapshot(242)) - StateMachineUpdater:ee549b8e-f8d8-4c31-9b0a-9326955f9b1b:group-DAD5A5AD9770: Took a snapshot at index 6
2019-07-14 08:39:33,133 INFO  impl.StateMachineUpdater (StateMachineUpdater.java:lambda$new$0(80)) - StateMachineUpdater:ee549b8e-f8d8-4c31-9b0a-9326955f9b1b:group-DAD5A5AD9770: snapshotIndex: updateIncreasingly -1 -> 6
2019-07-14 08:39:33,135 INFO  impl.RaftServerImpl (RaftServerImpl.java:lambda$shutdown$3(245)) - fb4ac72d-3d6e-4852-a781-202df04578a5: shutdown group-19528EFB88C4
2019-07-14 08:39:33,135 INFO  impl.RaftServerImpl (ServerState.java:close(394)) - ee549b8e-f8d8-4c31-9b0a-9326955f9b1b:group-DAD5A5AD9770 closes. The last applied log index is 6
2019-07-14 08:39:33,135 INFO  util.JmxRegister (JmxRegister.java:unregister(73)) - Successfully un-registered JMX Bean with object name Ratis:service=RaftServer,group=group-19528EFB88C4,id=fb4ac72d-3d6e-4852-a781-202df04578a5
2019-07-14 08:39:33,136 INFO  impl.RoleInfo (RoleInfo.java:shutdownLeaderState(104)) - fb4ac72d-3d6e-4852-a781-202df04578a5: shutdown LeaderState
2019-07-14 08:39:33,136 INFO  segmented.SegmentedRaftLogWorker (SegmentedRaftLogWorker.java:run(313)) - ee549b8e-f8d8-4c31-9b0a-9326955f9b1b-SegmentedRaftLogWorker:Storage Directory /workdir/hadoop-ozone/integration-test/target/test-dir/MiniOzoneClusterImpl-558ab0d9-ae7f-4941-9603-f52effddca80/datanode-2/data/ratis/f14fc677-ff9c-4a5b-ae85-dad5a5ad9770 was interrupted, exiting. There are 0 tasks remaining in the queue.
2019-07-14 08:39:33,137 INFO  impl.PendingRequests (PendingRequests.java:sendNotLeaderResponses(202)) - fb4ac72d-3d6e-4852-a781-202df04578a5-PendingRequests: sendNotLeaderResponses
2019-07-14 08:39:33,139 INFO  segmented.SegmentedRaftLogWorker (SegmentedRaftLogWorker.java:close(228)) - ee549b8e-f8d8-4c31-9b0a-9326955f9b1b-SegmentedRaftLogWorker:Storage Directory /workdir/hadoop-ozone/integration-test/target/test-dir/MiniOzoneClusterImpl-558ab0d9-ae7f-4941-9603-f52effddca80/datanode-2/data/ratis/f14fc677-ff9c-4a5b-ae85-dad5a5ad9770 close()
2019-07-14 08:39:33,139 INFO  impl.StateMachineUpdater (StateMachineUpdater.java:stopAndJoin(115)) - StateMachineUpdater:fb4ac72d-3d6e-4852-a781-202df04578a5:group-19528EFB88C4: set stopIndex = 0
2019-07-14 08:39:33,144 INFO  impl.RaftServerImpl (ServerState.java:close(394)) - fb4ac72d-3d6e-4852-a781-202df04578a5:group-19528EFB88C4 closes. The last applied log index is 0
2019-07-14 08:39:33,143 INFO  impl.RaftServerImpl (RaftServerImpl.java:lambda$shutdown$3(245)) - ee549b8e-f8d8-4c31-9b0a-9326955f9b1b: shutdown group-ADC7834F1387
2019-07-14 08:39:33,144 INFO  segmented.SegmentedRaftLogWorker (SegmentedRaftLogWorker.java:run(313)) - fb4ac72d-3d6e-4852-a781-202df04578a5-SegmentedRaftLogWorker:Storage Directory /workdir/hadoop-ozone/integration-test/target/test-dir/MiniOzoneClusterImpl-558ab0d9-ae7f-4941-9603-f52effddca80/datanode-3/data/ratis/2f05d710-86e6-406c-b0cf-19528efb88c4 was interrupted, exiting. There are 0 tasks remaining in the queue.
2019-07-14 08:39:33,145 INFO  util.JmxRegister (JmxRegister.java:unregister(73)) - Successfully un-registered JMX Bean with object name Ratis:service=RaftServer,group=group-ADC7834F1387,id=ee549b8e-f8d8-4c31-9b0a-9326955f9b1b
2019-07-14 08:39:33,147 INFO  segmented.SegmentedRaftLogWorker (SegmentedRaftLogWorker.java:close(228)) - fb4ac72d-3d6e-4852-a781-202df04578a5-SegmentedRaftLogWorker:Storage Directory /workdir/hadoop-ozone/integration-test/target/test-dir/MiniOzoneClusterImpl-558ab0d9-ae7f-4941-9603-f52effddca80/datanode-3/data/ratis/2f05d710-86e6-406c-b0cf-19528efb88c4 close()
2019-07-14 08:39:33,147 INFO  impl.RoleInfo (RoleInfo.java:shutdownLeaderState(104)) - ee549b8e-f8d8-4c31-9b0a-9326955f9b1b: shutdown LeaderState
2019-07-14 08:39:33,158 INFO  server.GrpcService (GrpcService.java:closeImpl(155)) - fb4ac72d-3d6e-4852-a781-202df04578a5: shutdown server with port 38195 now
2019-07-14 08:39:33,159 INFO  impl.PendingRequests (PendingRequests.java:sendNotLeaderResponses(202)) - ee549b8e-f8d8-4c31-9b0a-9326955f9b1b-PendingRequests: sendNotLeaderResponses
2019-07-14 08:39:33,160 INFO  impl.StateMachineUpdater (StateMachineUpdater.java:stopAndJoin(115)) - StateMachineUpdater:ee549b8e-f8d8-4c31-9b0a-9326955f9b1b:group-ADC7834F1387: set stopIndex = 0
2019-07-14 08:39:33,160 WARN  server.GrpcServerProtocolService (LogUtils.java:warn(134)) - fb4ac72d-3d6e-4852-a781-202df04578a5: appendEntries onError: org.apache.ratis.thirdparty.io.grpc.StatusRuntimeException: CANCELLED: cancelled before receiving half close
2019-07-14 08:39:33,160 INFO  server.GrpcService (GrpcService.java:closeImpl(163)) - fb4ac72d-3d6e-4852-a781-202df04578a5: shutdown server with port 38195 successfully
2019-07-14 08:39:33,160 INFO  impl.RaftServerImpl (ServerState.java:close(394)) - ee549b8e-f8d8-4c31-9b0a-9326955f9b1b:group-ADC7834F1387 closes. The last applied log index is 0
2019-07-14 08:39:33,160 WARN  server.GrpcLogAppender (LogUtils.java:warn(134)) - 96684c35-8f32-4f92-8a45-40ef054e9149->fb4ac72d-3d6e-4852-a781-202df04578a5: Failed appendEntries: org.apache.ratis.thirdparty.io.grpc.StatusRuntimeException: CANCELLED: HTTP/2 error code: CANCEL
Received Rst Stream
2019-07-14 08:39:33,161 INFO  segmented.SegmentedRaftLogWorker (SegmentedRaftLogWorker.java:run(313)) - ee549b8e-f8d8-4c31-9b0a-9326955f9b1b-SegmentedRaftLogWorker:Storage Directory /workdir/hadoop-ozone/integration-test/target/test-dir/MiniOzoneClusterImpl-558ab0d9-ae7f-4941-9603-f52effddca80/datanode-2/data/ratis/fa4e1555-a27e-4189-97ad-adc7834f1387 was interrupted, exiting. There are 0 tasks remaining in the queue.
2019-07-14 08:39:33,161 INFO  impl.FollowerInfo (FollowerInfo.java:lambda$new$0(50)) - 96684c35-8f32-4f92-8a45-40ef054e9149->fb4ac72d-3d6e-4852-a781-202df04578a5: nextIndex: updateUnconditionally 9 -> 8
2019-07-14 08:39:33,163 INFO  segmented.SegmentedRaftLogWorker (SegmentedRaftLogWorker.java:close(228)) - ee549b8e-f8d8-4c31-9b0a-9326955f9b1b-SegmentedRaftLogWorker:Storage Directory /workdir/hadoop-ozone/integration-test/target/test-dir/MiniOzoneClusterImpl-558ab0d9-ae7f-4941-9603-f52effddca80/datanode-2/data/ratis/fa4e1555-a27e-4189-97ad-adc7834f1387 close()
2019-07-14 08:39:33,164 INFO  utils.BackgroundService (BackgroundService.java:shutdown(148)) - Shutting down service BlockDeletingService
2019-07-14 08:39:33,166 INFO  server.GrpcService (GrpcService.java:closeImpl(155)) - ee549b8e-f8d8-4c31-9b0a-9326955f9b1b: shutdown server with port 38108 now
2019-07-14 08:39:33,167 INFO  server.GrpcService (GrpcService.java:closeImpl(163)) - ee549b8e-f8d8-4c31-9b0a-9326955f9b1b: shutdown server with port 38108 successfully
2019-07-14 08:39:33,167 WARN  fs.CachingGetSpaceUsed (CachingGetSpaceUsed.java:run(183)) - Thread Interrupted waiting to refresh disk information: sleep interrupted
2019-07-14 08:39:33,170 INFO  utils.BackgroundService (BackgroundService.java:shutdown(148)) - Shutting down service BlockDeletingService
2019-07-14 08:39:33,176 WARN  fs.CachingGetSpaceUsed (CachingGetSpaceUsed.java:run(183)) - Thread Interrupted waiting to refresh disk information: sleep interrupted
2019-07-14 08:39:33,191 INFO  statemachine.DatanodeStateMachine (DatanodeStateMachine.java:stopDaemon(395)) - Ozone container server stopped.
2019-07-14 08:39:33,192 INFO  handler.ContextHandler (ContextHandler.java:doStop(910)) - Stopped o.e.j.w.WebAppContext@229d5d14{/,null,UNAVAILABLE}{/hddsDatanode}
2019-07-14 08:39:33,193 INFO  server.AbstractConnector (AbstractConnector.java:doStop(318)) - Stopped ServerConnector@40957c86{HTTP/1.1,[http/1.1]}{0.0.0.0:0}
2019-07-14 08:39:33,194 INFO  handler.ContextHandler (ContextHandler.java:doStop(910)) - Stopped o.e.j.s.ServletContextHandler@48c372db{/static,jar:file:/home/user/.m2/repository/org/apache/hadoop/hadoop-hdds-container-service/0.5.0-SNAPSHOT/hadoop-hdds-container-service-0.5.0-SNAPSHOT.jar!/webapps/static,UNAVAILABLE}
2019-07-14 08:39:33,194 INFO  handler.ContextHandler (ContextHandler.java:doStop(910)) - Stopped o.e.j.s.ServletContextHandler@3c403b36{/logs,file:///workdir/hadoop-ozone/integration-test/target/log,UNAVAILABLE}
2019-07-14 08:39:33,195 INFO  datanode.ObjectStoreHandler (ObjectStoreHandler.java:close(155)) - Closing ObjectStoreHandler.
2019-07-14 08:39:33,195 INFO  ozone.HddsDatanodeService (HddsDatanodeService.java:stop(452)) - Stopped plug-in org.apache.hadoop.ozone.web.OzoneHddsDatanodeService@2869ef63
2019-07-14 08:39:33,201 INFO  statemachine.DatanodeStateMachine (DatanodeStateMachine.java:stopDaemon(395)) - Ozone container server stopped.
2019-07-14 08:39:33,206 INFO  handler.ContextHandler (ContextHandler.java:doStop(910)) - Stopped o.e.j.w.WebAppContext@5418225f{/,null,UNAVAILABLE}{/hddsDatanode}
2019-07-14 08:39:33,206 INFO  server.AbstractConnector (AbstractConnector.java:doStop(318)) - Stopped ServerConnector@65bcc339{HTTP/1.1,[http/1.1]}{0.0.0.0:0}
2019-07-14 08:39:33,208 INFO  handler.ContextHandler (ContextHandler.java:doStop(910)) - Stopped o.e.j.s.ServletContextHandler@28a4ac78{/static,jar:file:/home/user/.m2/repository/org/apache/hadoop/hadoop-hdds-container-service/0.5.0-SNAPSHOT/hadoop-hdds-container-service-0.5.0-SNAPSHOT.jar!/webapps/static,UNAVAILABLE}
2019-07-14 08:39:33,210 INFO  handler.ContextHandler (ContextHandler.java:doStop(910)) - Stopped o.e.j.s.ServletContextHandler@57fefa97{/logs,file:///workdir/hadoop-ozone/integration-test/target/log,UNAVAILABLE}
2019-07-14 08:39:33,210 INFO  datanode.ObjectStoreHandler (ObjectStoreHandler.java:close(155)) - Closing ObjectStoreHandler.
2019-07-14 08:39:33,211 INFO  ozone.HddsDatanodeService (HddsDatanodeService.java:stop(452)) - Stopped plug-in org.apache.hadoop.ozone.web.OzoneHddsDatanodeService@356285d9
2019-07-14 08:39:33,278 INFO  statemachine.DatanodeStateMachine (DatanodeStateMachine.java:lambda$startDaemon$0(350)) - Ozone container server started.
2019-07-14 08:39:33,874 INFO  statemachine.DatanodeStateMachine (DatanodeStateMachine.java:lambda$startDaemon$0(350)) - Ozone container server started.
2019-07-14 08:39:34,718 WARN  server.GrpcLogAppender (LogUtils.java:warn(134)) - 96684c35-8f32-4f92-8a45-40ef054e9149->d628cc62-b1a1-4a0d-9b17-5e9782a06fb2: Failed appendEntries: org.apache.ratis.thirdparty.io.grpc.StatusRuntimeException: UNAVAILABLE: io exception
2019-07-14 08:39:34,718 INFO  impl.FollowerInfo (FollowerInfo.java:lambda$new$0(50)) - 96684c35-8f32-4f92-8a45-40ef054e9149->d628cc62-b1a1-4a0d-9b17-5e9782a06fb2: nextIndex: updateUnconditionally 6 -> 5
2019-07-14 08:39:34,720 WARN  server.GrpcLogAppender (LogUtils.java:warn(134)) - 96684c35-8f32-4f92-8a45-40ef054e9149->fb4ac72d-3d6e-4852-a781-202df04578a5: Failed appendEntries: org.apache.ratis.thirdparty.io.grpc.StatusRuntimeException: UNAVAILABLE: io exception
2019-07-14 08:39:34,720 INFO  impl.FollowerInfo (FollowerInfo.java:lambda$new$0(50)) - 96684c35-8f32-4f92-8a45-40ef054e9149->fb4ac72d-3d6e-4852-a781-202df04578a5: nextIndex: updateUnconditionally 8 -> 7
2019-07-14 08:39:37,218 WARN  server.GrpcLogAppender (LogUtils.java:warn(134)) - 96684c35-8f32-4f92-8a45-40ef054e9149->d628cc62-b1a1-4a0d-9b17-5e9782a06fb2: Failed appendEntries: org.apache.ratis.thirdparty.io.grpc.StatusRuntimeException: UNAVAILABLE: io exception
2019-07-14 08:39:37,219 INFO  impl.FollowerInfo (FollowerInfo.java:lambda$new$0(50)) - 96684c35-8f32-4f92-8a45-40ef054e9149->d628cc62-b1a1-4a0d-9b17-5e9782a06fb2: nextIndex: updateUnconditionally 5 -> 4
2019-07-14 08:39:37,220 WARN  server.GrpcLogAppender (LogUtils.java:warn(134)) - 96684c35-8f32-4f92-8a45-40ef054e9149->fb4ac72d-3d6e-4852-a781-202df04578a5: Failed appendEntries: org.apache.ratis.thirdparty.io.grpc.StatusRuntimeException: UNAVAILABLE: io exception
2019-07-14 08:39:37,221 INFO  impl.FollowerInfo (FollowerInfo.java:lambda$new$0(50)) - 96684c35-8f32-4f92-8a45-40ef054e9149->fb4ac72d-3d6e-4852-a781-202df04578a5: nextIndex: updateUnconditionally 7 -> 6
2019-07-14 08:39:37,306 INFO  node.StaleNodeHandler (StaleNodeHandler.java:onMessage(58)) - Datanode 96684c35-8f32-4f92-8a45-40ef054e9149{ip: 192.168.5.191, host: trunk-nightly-5z2vd-27108033, networkLocation: /default-rack, certSerialId: null} moved to stale state. Finalizing its pipelines [PipelineID=880f9992-977b-4085-85fb-c050702cb11d, PipelineID=bcddf338-d249-4d0f-8efb-0c356967e756]
2019-07-14 08:39:37,307 INFO  pipeline.SCMPipelineManager (SCMPipelineManager.java:finalizeAndDestroyPipeline(309)) - destroying pipeline:Pipeline[ Id: 880f9992-977b-4085-85fb-c050702cb11d, Nodes: 96684c35-8f32-4f92-8a45-40ef054e9149{ip: 192.168.5.191, host: trunk-nightly-5z2vd-27108033, networkLocation: /default-rack, certSerialId: null}, Type:RATIS, Factor:ONE, State:OPEN]
2019-07-14 08:39:37,307 INFO  pipeline.PipelineStateManager (PipelineStateManager.java:finalizePipeline(123)) - Pipeline Pipeline[ Id: 880f9992-977b-4085-85fb-c050702cb11d, Nodes: 96684c35-8f32-4f92-8a45-40ef054e9149{ip: 192.168.5.191, host: trunk-nightly-5z2vd-27108033, networkLocation: /default-rack, certSerialId: null}, Type:RATIS, Factor:ONE, State:CLOSED] moved to CLOSED state
2019-07-14 08:39:37,307 INFO  pipeline.SCMPipelineManager (SCMPipelineManager.java:finalizeAndDestroyPipeline(309)) - destroying pipeline:Pipeline[ Id: bcddf338-d249-4d0f-8efb-0c356967e756, Nodes: 96684c35-8f32-4f92-8a45-40ef054e9149{ip: 192.168.5.191, host: trunk-nightly-5z2vd-27108033, networkLocation: /default-rack, certSerialId: null}d628cc62-b1a1-4a0d-9b17-5e9782a06fb2{ip: 192.168.5.191, host: trunk-nightly-5z2vd-27108033, networkLocation: /default-rack, certSerialId: null}fb4ac72d-3d6e-4852-a781-202df04578a5{ip: 192.168.5.191, host: trunk-nightly-5z2vd-27108033, networkLocation: /default-rack, certSerialId: null}, Type:RATIS, Factor:THREE, State:CLOSED]
2019-07-14 08:39:37,907 INFO  node.StaleNodeHandler (StaleNodeHandler.java:onMessage(58)) - Datanode 308f7aef-32d3-4043-a5a3-021fc9c2f9c6{ip: 192.168.5.191, host: trunk-nightly-5z2vd-27108033, networkLocation: /default-rack, certSerialId: null} moved to stale state. Finalizing its pipelines [PipelineID=13db8877-f554-45dc-bb68-b7246dc017d9, PipelineID=f14fc677-ff9c-4a5b-ae85-dad5a5ad9770]
2019-07-14 08:39:37,907 INFO  pipeline.SCMPipelineManager (SCMPipelineManager.java:finalizeAndDestroyPipeline(309)) - destroying pipeline:Pipeline[ Id: 13db8877-f554-45dc-bb68-b7246dc017d9, Nodes: 308f7aef-32d3-4043-a5a3-021fc9c2f9c6{ip: 192.168.5.191, host: trunk-nightly-5z2vd-27108033, networkLocation: /default-rack, certSerialId: null}, Type:RATIS, Factor:ONE, State:OPEN]
2019-07-14 08:39:37,908 INFO  pipeline.PipelineStateManager (PipelineStateManager.java:finalizePipeline(123)) - Pipeline Pipeline[ Id: 13db8877-f554-45dc-bb68-b7246dc017d9, Nodes: 308f7aef-32d3-4043-a5a3-021fc9c2f9c6{ip: 192.168.5.191, host: trunk-nightly-5z2vd-27108033, networkLocation: /default-rack, certSerialId: null}, Type:RATIS, Factor:ONE, State:CLOSED] moved to CLOSED state
2019-07-14 08:39:37,908 INFO  pipeline.SCMPipelineManager (SCMPipelineManager.java:finalizeAndDestroyPipeline(309)) - destroying pipeline:Pipeline[ Id: f14fc677-ff9c-4a5b-ae85-dad5a5ad9770, Nodes: 308f7aef-32d3-4043-a5a3-021fc9c2f9c6{ip: 192.168.5.191, host: trunk-nightly-5z2vd-27108033, networkLocation: /default-rack, certSerialId: null}c2571538-b9bd-49c9-a9d1-5ffa1fd504df{ip: 192.168.5.191, host: trunk-nightly-5z2vd-27108033, networkLocation: /default-rack, certSerialId: null}ee549b8e-f8d8-4c31-9b0a-9326955f9b1b{ip: 192.168.5.191, host: trunk-nightly-5z2vd-27108033, networkLocation: /default-rack, certSerialId: null}, Type:RATIS, Factor:THREE, State:CLOSED]
2019-07-14 08:39:38,196 INFO  ozoneimpl.OzoneContainer (OzoneContainer.java:stop(199)) - Attempting to stop container services.
2019-07-14 08:39:38,197 INFO  impl.RaftServerProxy (RaftServerProxy.java:lambda$close$4(314)) - 96684c35-8f32-4f92-8a45-40ef054e9149: close
2019-07-14 08:39:38,198 INFO  impl.RaftServerImpl (RaftServerImpl.java:lambda$shutdown$3(245)) - 96684c35-8f32-4f92-8a45-40ef054e9149: shutdown group-C050702CB11D
2019-07-14 08:39:38,198 INFO  util.JmxRegister (JmxRegister.java:unregister(73)) - Successfully un-registered JMX Bean with object name Ratis:service=RaftServer,group=group-C050702CB11D,id=96684c35-8f32-4f92-8a45-40ef054e9149
2019-07-14 08:39:38,199 INFO  impl.RoleInfo (RoleInfo.java:shutdownLeaderState(104)) - 96684c35-8f32-4f92-8a45-40ef054e9149: shutdown LeaderState
2019-07-14 08:39:38,199 INFO  impl.PendingRequests (PendingRequests.java:sendNotLeaderResponses(202)) - 96684c35-8f32-4f92-8a45-40ef054e9149-PendingRequests: sendNotLeaderResponses
2019-07-14 08:39:38,200 INFO  impl.StateMachineUpdater (StateMachineUpdater.java:stopAndJoin(115)) - StateMachineUpdater:96684c35-8f32-4f92-8a45-40ef054e9149:group-C050702CB11D: set stopIndex = 0
2019-07-14 08:39:38,200 INFO  impl.RaftServerImpl (ServerState.java:close(394)) - 96684c35-8f32-4f92-8a45-40ef054e9149:group-C050702CB11D closes. The last applied log index is 0
2019-07-14 08:39:38,201 INFO  segmented.SegmentedRaftLogWorker (SegmentedRaftLogWorker.java:run(313)) - 96684c35-8f32-4f92-8a45-40ef054e9149-SegmentedRaftLogWorker:Storage Directory /workdir/hadoop-ozone/integration-test/target/test-dir/MiniOzoneClusterImpl-558ab0d9-ae7f-4941-9603-f52effddca80/datanode-6/data/ratis/880f9992-977b-4085-85fb-c050702cb11d was interrupted, exiting. There are 0 tasks remaining in the queue.
2019-07-14 08:39:38,211 INFO  ozoneimpl.OzoneContainer (OzoneContainer.java:stop(199)) - Attempting to stop container services.
2019-07-14 08:39:38,212 INFO  impl.RaftServerProxy (RaftServerProxy.java:lambda$close$4(314)) - 308f7aef-32d3-4043-a5a3-021fc9c2f9c6: close
2019-07-14 08:39:38,212 INFO  impl.RaftServerImpl (RaftServerImpl.java:lambda$shutdown$3(245)) - 308f7aef-32d3-4043-a5a3-021fc9c2f9c6: shutdown group-B7246DC017D9
2019-07-14 08:39:38,212 INFO  util.JmxRegister (JmxRegister.java:unregister(73)) - Successfully un-registered JMX Bean with object name Ratis:service=RaftServer,group=group-B7246DC017D9,id=308f7aef-32d3-4043-a5a3-021fc9c2f9c6
2019-07-14 08:39:38,212 INFO  impl.RoleInfo (RoleInfo.java:shutdownLeaderState(104)) - 308f7aef-32d3-4043-a5a3-021fc9c2f9c6: shutdown LeaderState
2019-07-14 08:39:38,213 INFO  segmented.SegmentedRaftLogWorker (SegmentedRaftLogWorker.java:close(228)) - 96684c35-8f32-4f92-8a45-40ef054e9149-SegmentedRaftLogWorker:Storage Directory /workdir/hadoop-ozone/integration-test/target/test-dir/MiniOzoneClusterImpl-558ab0d9-ae7f-4941-9603-f52effddca80/datanode-6/data/ratis/880f9992-977b-4085-85fb-c050702cb11d close()
2019-07-14 08:39:38,213 INFO  impl.PendingRequests (PendingRequests.java:sendNotLeaderResponses(202)) - 308f7aef-32d3-4043-a5a3-021fc9c2f9c6-PendingRequests: sendNotLeaderResponses
2019-07-14 08:39:38,215 INFO  impl.RaftServerImpl (RaftServerImpl.java:lambda$shutdown$3(245)) - 96684c35-8f32-4f92-8a45-40ef054e9149: shutdown group-0C356967E756
2019-07-14 08:39:38,215 INFO  impl.StateMachineUpdater (StateMachineUpdater.java:stopAndJoin(115)) - StateMachineUpdater:308f7aef-32d3-4043-a5a3-021fc9c2f9c6:group-B7246DC017D9: set stopIndex = 0
2019-07-14 08:39:38,216 INFO  util.JmxRegister (JmxRegister.java:unregister(73)) - Successfully un-registered JMX Bean with object name Ratis:service=RaftServer,group=group-0C356967E756,id=96684c35-8f32-4f92-8a45-40ef054e9149
2019-07-14 08:39:38,217 INFO  impl.RoleInfo (RoleInfo.java:shutdownLeaderState(104)) - 96684c35-8f32-4f92-8a45-40ef054e9149: shutdown LeaderState
2019-07-14 08:39:38,216 INFO  impl.RaftServerImpl (ServerState.java:close(394)) - 308f7aef-32d3-4043-a5a3-021fc9c2f9c6:group-B7246DC017D9 closes. The last applied log index is 0
2019-07-14 08:39:38,221 WARN  server.GrpcLogAppender (GrpcLogAppender.java:mayWait(143)) - GrpcLogAppender(96684c35-8f32-4f92-8a45-40ef054e9149->d628cc62-b1a1-4a0d-9b17-5e9782a06fb2): Wait interrupted by java.lang.InterruptedException
2019-07-14 08:39:38,221 INFO  segmented.SegmentedRaftLogWorker (SegmentedRaftLogWorker.java:run(313)) - 308f7aef-32d3-4043-a5a3-021fc9c2f9c6-SegmentedRaftLogWorker:Storage Directory /workdir/hadoop-ozone/integration-test/target/test-dir/MiniOzoneClusterImpl-558ab0d9-ae7f-4941-9603-f52effddca80/datanode-0/data/ratis/13db8877-f554-45dc-bb68-b7246dc017d9 was interrupted, exiting. There are 0 tasks remaining in the queue.
2019-07-14 08:39:38,221 WARN  server.GrpcLogAppender (GrpcLogAppender.java:mayWait(143)) - GrpcLogAppender(96684c35-8f32-4f92-8a45-40ef054e9149->fb4ac72d-3d6e-4852-a781-202df04578a5): Wait interrupted by java.lang.InterruptedException
2019-07-14 08:39:38,220 INFO  impl.PendingRequests (PendingRequests.java:sendNotLeaderResponses(202)) - 96684c35-8f32-4f92-8a45-40ef054e9149-PendingRequests: sendNotLeaderResponses
2019-07-14 08:39:38,223 INFO  segmented.SegmentedRaftLogWorker (SegmentedRaftLogWorker.java:close(228)) - 308f7aef-32d3-4043-a5a3-021fc9c2f9c6-SegmentedRaftLogWorker:Storage Directory /workdir/hadoop-ozone/integration-test/target/test-dir/MiniOzoneClusterImpl-558ab0d9-ae7f-4941-9603-f52effddca80/datanode-0/data/ratis/13db8877-f554-45dc-bb68-b7246dc017d9 close()
2019-07-14 08:39:38,226 INFO  impl.StateMachineUpdater (StateMachineUpdater.java:stopAndJoin(115)) - StateMachineUpdater:96684c35-8f32-4f92-8a45-40ef054e9149:group-0C356967E756: set stopIndex = 8
2019-07-14 08:39:38,234 INFO  ratis.ContainerStateMachine (ContainerStateMachine.java:takeSnapshot(249)) - group-0C356967E756: Taking a snapshot at:(t:1, i:8) file /workdir/hadoop-ozone/integration-test/target/test-dir/MiniOzoneClusterImpl-558ab0d9-ae7f-4941-9603-f52effddca80/datanode-6/data/ratis/bcddf338-d249-4d0f-8efb-0c356967e756/sm/snapshot.1_8
2019-07-14 08:39:38,234 INFO  impl.RaftServerImpl (RaftServerImpl.java:lambda$shutdown$3(245)) - 308f7aef-32d3-4043-a5a3-021fc9c2f9c6: shutdown group-DAD5A5AD9770
2019-07-14 08:39:38,235 INFO  ratis.ContainerStateMachine (ContainerStateMachine.java:takeSnapshot(257)) - group-0C356967E756: Finished taking a snapshot at:(t:1, i:8) file:/workdir/hadoop-ozone/integration-test/target/test-dir/MiniOzoneClusterImpl-558ab0d9-ae7f-4941-9603-f52effddca80/datanode-6/data/ratis/bcddf338-d249-4d0f-8efb-0c356967e756/sm/snapshot.1_8 time:1
2019-07-14 08:39:38,235 INFO  util.JmxRegister (JmxRegister.java:unregister(73)) - Successfully un-registered JMX Bean with object name Ratis:service=RaftServer,group=group-DAD5A5AD9770,id=308f7aef-32d3-4043-a5a3-021fc9c2f9c6
2019-07-14 08:39:38,235 INFO  impl.StateMachineUpdater (StateMachineUpdater.java:takeSnapshot(242)) - StateMachineUpdater:96684c35-8f32-4f92-8a45-40ef054e9149:group-0C356967E756: Took a snapshot at index 8
2019-07-14 08:39:38,235 INFO  impl.RoleInfo (RoleInfo.java:shutdownFollowerState(121)) - 308f7aef-32d3-4043-a5a3-021fc9c2f9c6: shutdown FollowerState
2019-07-14 08:39:38,235 INFO  impl.StateMachineUpdater (StateMachineUpdater.java:lambda$new$0(80)) - StateMachineUpdater:96684c35-8f32-4f92-8a45-40ef054e9149:group-0C356967E756: snapshotIndex: updateIncreasingly -1 -> 8
2019-07-14 08:39:38,236 INFO  ratis.ContainerStateMachine (ContainerStateMachine.java:takeSnapshot(249)) - group-DAD5A5AD9770: Taking a snapshot at:(t:1, i:4) file /workdir/hadoop-ozone/integration-test/target/test-dir/MiniOzoneClusterImpl-558ab0d9-ae7f-4941-9603-f52effddca80/datanode-0/data/ratis/f14fc677-ff9c-4a5b-ae85-dad5a5ad9770/sm/snapshot.1_4
2019-07-14 08:39:38,236 INFO  impl.FollowerState (FollowerState.java:run(114)) - 308f7aef-32d3-4043-a5a3-021fc9c2f9c6: FollowerState was interrupted: java.lang.InterruptedException: sleep interrupted
2019-07-14 08:39:38,236 INFO  impl.StateMachineUpdater (StateMachineUpdater.java:stopAndJoin(115)) - StateMachineUpdater:308f7aef-32d3-4043-a5a3-021fc9c2f9c6:group-DAD5A5AD9770: set stopIndex = 6
2019-07-14 08:39:38,236 INFO  ratis.ContainerStateMachine (ContainerStateMachine.java:takeSnapshot(257)) - group-DAD5A5AD9770: Finished taking a snapshot at:(t:1, i:4) file:/workdir/hadoop-ozone/integration-test/target/test-dir/MiniOzoneClusterImpl-558ab0d9-ae7f-4941-9603-f52effddca80/datanode-0/data/ratis/f14fc677-ff9c-4a5b-ae85-dad5a5ad9770/sm/snapshot.1_4 time:1
2019-07-14 08:39:38,236 INFO  impl.StateMachineUpdater (StateMachineUpdater.java:takeSnapshot(242)) - StateMachineUpdater:308f7aef-32d3-4043-a5a3-021fc9c2f9c6:group-DAD5A5AD9770: Took a snapshot at index 4
2019-07-14 08:39:38,236 INFO  impl.RaftServerImpl (ServerState.java:close(394)) - 96684c35-8f32-4f92-8a45-40ef054e9149:group-0C356967E756 closes. The last applied log index is 8
2019-07-14 08:39:38,236 INFO  impl.StateMachineUpdater (StateMachineUpdater.java:lambda$new$0(80)) - StateMachineUpdater:308f7aef-32d3-4043-a5a3-021fc9c2f9c6:group-DAD5A5AD9770: snapshotIndex: updateIncreasingly -1 -> 4
2019-07-14 08:39:38,237 INFO  segmented.SegmentedRaftLogWorker (SegmentedRaftLogWorker.java:run(313)) - 96684c35-8f32-4f92-8a45-40ef054e9149-SegmentedRaftLogWorker:Storage Directory /workdir/hadoop-ozone/integration-test/target/test-dir/MiniOzoneClusterImpl-558ab0d9-ae7f-4941-9603-f52effddca80/datanode-6/data/ratis/bcddf338-d249-4d0f-8efb-0c356967e756 was interrupted, exiting. There are 0 tasks remaining in the queue.
2019-07-14 08:39:38,237 INFO  impl.RaftServerImpl (ServerState.java:close(394)) - 308f7aef-32d3-4043-a5a3-021fc9c2f9c6:group-DAD5A5AD9770 closes. The last applied log index is 6
2019-07-14 08:39:38,237 INFO  segmented.SegmentedRaftLogWorker (SegmentedRaftLogWorker.java:close(228)) - 96684c35-8f32-4f92-8a45-40ef054e9149-SegmentedRaftLogWorker:Storage Directory /workdir/hadoop-ozone/integration-test/target/test-dir/MiniOzoneClusterImpl-558ab0d9-ae7f-4941-9603-f52effddca80/datanode-6/data/ratis/bcddf338-d249-4d0f-8efb-0c356967e756 close()
2019-07-14 08:39:38,238 INFO  segmented.SegmentedRaftLogWorker (SegmentedRaftLogWorker.java:run(313)) - 308f7aef-32d3-4043-a5a3-021fc9c2f9c6-SegmentedRaftLogWorker:Storage Directory /workdir/hadoop-ozone/integration-test/target/test-dir/MiniOzoneClusterImpl-558ab0d9-ae7f-4941-9603-f52effddca80/datanode-0/data/ratis/f14fc677-ff9c-4a5b-ae85-dad5a5ad9770 was interrupted, exiting. There are 0 tasks remaining in the queue.
2019-07-14 08:39:38,238 INFO  server.GrpcService (GrpcService.java:closeImpl(155)) - 96684c35-8f32-4f92-8a45-40ef054e9149: shutdown server with port 41867 now
2019-07-14 08:39:38,238 INFO  segmented.SegmentedRaftLogWorker (SegmentedRaftLogWorker.java:close(228)) - 308f7aef-32d3-4043-a5a3-021fc9c2f9c6-SegmentedRaftLogWorker:Storage Directory /workdir/hadoop-ozone/integration-test/target/test-dir/MiniOzoneClusterImpl-558ab0d9-ae7f-4941-9603-f52effddca80/datanode-0/data/ratis/f14fc677-ff9c-4a5b-ae85-dad5a5ad9770 close()
2019-07-14 08:39:38,239 INFO  server.GrpcService (GrpcService.java:closeImpl(155)) - 308f7aef-32d3-4043-a5a3-021fc9c2f9c6: shutdown server with port 45840 now
2019-07-14 08:39:38,239 INFO  server.GrpcService (GrpcService.java:closeImpl(163)) - 96684c35-8f32-4f92-8a45-40ef054e9149: shutdown server with port 41867 successfully
2019-07-14 08:39:38,239 INFO  server.GrpcService (GrpcService.java:closeImpl(163)) - 308f7aef-32d3-4043-a5a3-021fc9c2f9c6: shutdown server with port 45840 successfully
2019-07-14 08:39:38,242 INFO  utils.BackgroundService (BackgroundService.java:shutdown(148)) - Shutting down service BlockDeletingService
2019-07-14 08:39:38,242 INFO  utils.BackgroundService (BackgroundService.java:shutdown(148)) - Shutting down service BlockDeletingService
2019-07-14 08:39:38,249 WARN  fs.CachingGetSpaceUsed (CachingGetSpaceUsed.java:run(183)) - Thread Interrupted waiting to refresh disk information: sleep interrupted
2019-07-14 08:39:38,249 WARN  fs.CachingGetSpaceUsed (CachingGetSpaceUsed.java:run(183)) - Thread Interrupted waiting to refresh disk information: sleep interrupted
2019-07-14 08:39:38,266 INFO  statemachine.DatanodeStateMachine (DatanodeStateMachine.java:stopDaemon(395)) - Ozone container server stopped.
2019-07-14 08:39:38,270 INFO  handler.ContextHandler (ContextHandler.java:doStop(910)) - Stopped o.e.j.w.WebAppContext@37930f48{/,null,UNAVAILABLE}{/hddsDatanode}
2019-07-14 08:39:38,272 INFO  server.AbstractConnector (AbstractConnector.java:doStop(318)) - Stopped ServerConnector@58084f58{HTTP/1.1,[http/1.1]}{0.0.0.0:0}
2019-07-14 08:39:38,273 INFO  statemachine.DatanodeStateMachine (DatanodeStateMachine.java:stopDaemon(395)) - Ozone container server stopped.
2019-07-14 08:39:38,277 INFO  handler.ContextHandler (ContextHandler.java:doStop(910)) - Stopped o.e.j.s.ServletContextHandler@1e364cea{/static,jar:file:/home/user/.m2/repository/org/apache/hadoop/hadoop-hdds-container-service/0.5.0-SNAPSHOT/hadoop-hdds-container-service-0.5.0-SNAPSHOT.jar!/webapps/static,UNAVAILABLE}
2019-07-14 08:39:38,278 INFO  handler.ContextHandler (ContextHandler.java:doStop(910)) - Stopped o.e.j.s.ServletContextHandler@4dc24d88{/logs,file:///workdir/hadoop-ozone/integration-test/target/log,UNAVAILABLE}
2019-07-14 08:39:38,279 INFO  handler.ContextHandler (ContextHandler.java:doStop(910)) - Stopped o.e.j.w.WebAppContext@2330af4f{/,null,UNAVAILABLE}{/hddsDatanode}
2019-07-14 08:39:38,279 INFO  datanode.ObjectStoreHandler (ObjectStoreHandler.java:close(155)) - Closing ObjectStoreHandler.
2019-07-14 08:39:38,279 INFO  ozone.HddsDatanodeService (HddsDatanodeService.java:stop(452)) - Stopped plug-in org.apache.hadoop.ozone.web.OzoneHddsDatanodeService@911a6cd
2019-07-14 08:39:38,279 INFO  server.AbstractConnector (AbstractConnector.java:doStop(318)) - Stopped ServerConnector@eb3ceb4{HTTP/1.1,[http/1.1]}{0.0.0.0:0}
2019-07-14 08:39:38,280 INFO  handler.ContextHandler (ContextHandler.java:doStop(910)) - Stopped o.e.j.s.ServletContextHandler@5deae5ef{/static,jar:file:/home/user/.m2/repository/org/apache/hadoop/hadoop-hdds-container-service/0.5.0-SNAPSHOT/hadoop-hdds-container-service-0.5.0-SNAPSHOT.jar!/webapps/static,UNAVAILABLE}
2019-07-14 08:39:38,280 INFO  handler.ContextHandler (ContextHandler.java:doStop(910)) - Stopped o.e.j.s.ServletContextHandler@17e77d57{/logs,file:///workdir/hadoop-ozone/integration-test/target/log,UNAVAILABLE}
2019-07-14 08:39:38,692 INFO  statemachine.DatanodeStateMachine (DatanodeStateMachine.java:lambda$startDaemon$0(350)) - Ozone container server started.
2019-07-14 08:39:42,713 INFO  node.StaleNodeHandler (StaleNodeHandler.java:onMessage(58)) - Datanode 40ad74a7-a343-4157-b186-ae09fa96e860{ip: 192.168.5.191, host: trunk-nightly-5z2vd-27108033, networkLocation: /default-rack, certSerialId: null} moved to stale state. Finalizing its pipelines [PipelineID=41dfb256-4462-4a56-b732-8ed21821150f]
2019-07-14 08:39:42,714 INFO  pipeline.SCMPipelineManager (SCMPipelineManager.java:finalizeAndDestroyPipeline(309)) - destroying pipeline:Pipeline[ Id: 41dfb256-4462-4a56-b732-8ed21821150f, Nodes: 40ad74a7-a343-4157-b186-ae09fa96e860{ip: 192.168.5.191, host: trunk-nightly-5z2vd-27108033, networkLocation: /default-rack, certSerialId: null}, Type:RATIS, Factor:ONE, State:OPEN]
2019-07-14 08:39:42,714 INFO  pipeline.PipelineStateManager (PipelineStateManager.java:finalizePipeline(123)) - Pipeline Pipeline[ Id: 41dfb256-4462-4a56-b732-8ed21821150f, Nodes: 40ad74a7-a343-4157-b186-ae09fa96e860{ip: 192.168.5.191, host: trunk-nightly-5z2vd-27108033, networkLocation: /default-rack, certSerialId: null}, Type:RATIS, Factor:ONE, State:CLOSED] moved to CLOSED state
2019-07-14 08:39:43,280 INFO  ozoneimpl.OzoneContainer (OzoneContainer.java:stop(199)) - Attempting to stop container services.
2019-07-14 08:39:43,280 INFO  impl.RaftServerProxy (RaftServerProxy.java:lambda$close$4(314)) - 40ad74a7-a343-4157-b186-ae09fa96e860: close
2019-07-14 08:39:43,281 INFO  impl.RaftServerImpl (RaftServerImpl.java:lambda$shutdown$3(245)) - 40ad74a7-a343-4157-b186-ae09fa96e860: shutdown group-8ED21821150F
2019-07-14 08:39:43,281 INFO  util.JmxRegister (JmxRegister.java:unregister(73)) - Successfully un-registered JMX Bean with object name Ratis:service=RaftServer,group=group-8ED21821150F,id=40ad74a7-a343-4157-b186-ae09fa96e860
2019-07-14 08:39:43,281 INFO  impl.RoleInfo (RoleInfo.java:shutdownLeaderState(104)) - 40ad74a7-a343-4157-b186-ae09fa96e860: shutdown LeaderState
2019-07-14 08:39:43,282 INFO  impl.PendingRequests (PendingRequests.java:sendNotLeaderResponses(202)) - 40ad74a7-a343-4157-b186-ae09fa96e860-PendingRequests: sendNotLeaderResponses
2019-07-14 08:39:43,282 INFO  impl.StateMachineUpdater (StateMachineUpdater.java:stopAndJoin(115)) - StateMachineUpdater:40ad74a7-a343-4157-b186-ae09fa96e860:group-8ED21821150F: set stopIndex = 0
2019-07-14 08:39:43,283 INFO  impl.RaftServerImpl (ServerState.java:close(394)) - 40ad74a7-a343-4157-b186-ae09fa96e860:group-8ED21821150F closes. The last applied log index is 0
2019-07-14 08:39:43,283 INFO  segmented.SegmentedRaftLogWorker (SegmentedRaftLogWorker.java:run(313)) - 40ad74a7-a343-4157-b186-ae09fa96e860-SegmentedRaftLogWorker:Storage Directory /workdir/hadoop-ozone/integration-test/target/test-dir/MiniOzoneClusterImpl-558ab0d9-ae7f-4941-9603-f52effddca80/datanode-5/data/ratis/41dfb256-4462-4a56-b732-8ed21821150f was interrupted, exiting. There are 0 tasks remaining in the queue.
2019-07-14 08:39:43,284 INFO  segmented.SegmentedRaftLogWorker (SegmentedRaftLogWorker.java:close(228)) - 40ad74a7-a343-4157-b186-ae09fa96e860-SegmentedRaftLogWorker:Storage Directory /workdir/hadoop-ozone/integration-test/target/test-dir/MiniOzoneClusterImpl-558ab0d9-ae7f-4941-9603-f52effddca80/datanode-5/data/ratis/41dfb256-4462-4a56-b732-8ed21821150f close()
2019-07-14 08:39:43,284 INFO  server.GrpcService (GrpcService.java:closeImpl(155)) - 40ad74a7-a343-4157-b186-ae09fa96e860: shutdown server with port 39513 now
2019-07-14 08:39:43,286 INFO  server.GrpcService (GrpcService.java:closeImpl(163)) - 40ad74a7-a343-4157-b186-ae09fa96e860: shutdown server with port 39513 successfully
2019-07-14 08:39:43,288 INFO  utils.BackgroundService (BackgroundService.java:shutdown(148)) - Shutting down service BlockDeletingService
2019-07-14 08:39:43,290 WARN  fs.CachingGetSpaceUsed (CachingGetSpaceUsed.java:run(183)) - Thread Interrupted waiting to refresh disk information: sleep interrupted
2019-07-14 08:39:43,308 INFO  statemachine.DatanodeStateMachine (DatanodeStateMachine.java:stopDaemon(395)) - Ozone container server stopped.
2019-07-14 08:39:43,311 INFO  handler.ContextHandler (ContextHandler.java:doStop(910)) - Stopped o.e.j.w.WebAppContext@7356f0e0{/,null,UNAVAILABLE}{/hddsDatanode}
2019-07-14 08:39:43,311 INFO  server.AbstractConnector (AbstractConnector.java:doStop(318)) - Stopped ServerConnector@7fdef973{HTTP/1.1,[http/1.1]}{0.0.0.0:0}
2019-07-14 08:39:43,312 INFO  handler.ContextHandler (ContextHandler.java:doStop(910)) - Stopped o.e.j.s.ServletContextHandler@77eab063{/static,jar:file:/home/user/.m2/repository/org/apache/hadoop/hadoop-hdds-container-service/0.5.0-SNAPSHOT/hadoop-hdds-container-service-0.5.0-SNAPSHOT.jar!/webapps/static,UNAVAILABLE}
2019-07-14 08:39:43,312 INFO  handler.ContextHandler (ContextHandler.java:doStop(910)) - Stopped o.e.j.s.ServletContextHandler@c95213a{/logs,file:///workdir/hadoop-ozone/integration-test/target/log,UNAVAILABLE}
2019-07-14 08:39:43,313 INFO  ozone.MiniOzoneClusterImpl (MiniOzoneClusterImpl.java:stop(353)) - Stopping the StorageContainerManager
2019-07-14 08:39:43,313 INFO  server.StorageContainerManager (StorageContainerManager.java:stop(796)) - Stopping Replication Manager Service.
2019-07-14 08:39:43,313 INFO  container.ReplicationManager (ReplicationManager.java:stop(187)) - Stopping Replication Monitor Thread.
2019-07-14 08:39:43,313 INFO  server.StorageContainerManager (StorageContainerManager.java:stop(803)) - Stopping Lease Manager of the command watchers
2019-07-14 08:39:43,314 INFO  server.StorageContainerManager (StorageContainerManager.java:stop(810)) - Stopping datanode service RPC server
2019-07-14 08:39:43,314 INFO  server.SCMDatanodeProtocolServer (SCMDatanodeProtocolServer.java:stop(375)) - Stopping the RPC server for DataNodes
2019-07-14 08:39:43,314 INFO  ipc.Server (Server.java:stop(3082)) - Stopping server on 42445
2019-07-14 08:39:43,317 INFO  ipc.Server (Server.java:run(1185)) - Stopping IPC Server listener on 42445
2019-07-14 08:39:43,317 INFO  ipc.Server (Server.java:run(1319)) - Stopping IPC Server Responder
2019-07-14 08:39:43,414 WARN  node.NodeStateManager (NodeStateManager.java:scheduleNextHealthCheck(631)) - Current Thread is interrupted, shutting down HB processing thread for Node Manager.
2019-07-14 08:39:43,414 INFO  server.StorageContainerManager (StorageContainerManager.java:stop(818)) - Stopping block service RPC server
2019-07-14 08:39:43,415 INFO  server.SCMBlockProtocolServer (SCMBlockProtocolServer.java:stop(148)) - Stopping the RPC server for Block Protocol
2019-07-14 08:39:43,415 INFO  ipc.Server (Server.java:stop(3082)) - Stopping server on 42064
2019-07-14 08:39:43,418 INFO  ipc.Server (Server.java:run(1185)) - Stopping IPC Server listener on 42064
2019-07-14 08:39:43,418 INFO  server.StorageContainerManager (StorageContainerManager.java:stop(825)) - Stopping the StorageContainerLocationProtocol RPC server
2019-07-14 08:39:43,418 INFO  server.SCMClientProtocolServer (SCMClientProtocolServer.java:stop(157)) - Stopping the RPC server for Client Protocol
2019-07-14 08:39:43,419 INFO  ipc.Server (Server.java:stop(3082)) - Stopping server on 45387
2019-07-14 08:39:43,418 INFO  ipc.Server (Server.java:run(1319)) - Stopping IPC Server Responder
2019-07-14 08:39:43,421 INFO  ipc.Server (Server.java:run(1185)) - Stopping IPC Server listener on 45387
2019-07-14 08:39:43,421 INFO  server.StorageContainerManager (StorageContainerManager.java:stop(832)) - Stopping Storage Container Manager HTTP server.
2019-07-14 08:39:43,421 INFO  ipc.Server (Server.java:run(1319)) - Stopping IPC Server Responder
2019-07-14 08:39:43,422 INFO  handler.ContextHandler (ContextHandler.java:doStop(910)) - Stopped o.e.j.w.WebAppContext@1ab64f66{/,null,UNAVAILABLE}{/scm}
2019-07-14 08:39:43,424 INFO  server.AbstractConnector (AbstractConnector.java:doStop(318)) - Stopped ServerConnector@23595dd9{HTTP/1.1,[http/1.1]}{0.0.0.0:0}
2019-07-14 08:39:43,425 INFO  handler.ContextHandler (ContextHandler.java:doStop(910)) - Stopped o.e.j.s.ServletContextHandler@550a78ed{/static,file:///workdir/hadoop-ozone/integration-test/target/test-classes/webapps/static,UNAVAILABLE}
2019-07-14 08:39:43,425 INFO  handler.ContextHandler (ContextHandler.java:doStop(910)) - Stopped o.e.j.s.ServletContextHandler@7b5ffde0{/logs,file:///workdir/hadoop-ozone/integration-test/target/log,UNAVAILABLE}
2019-07-14 08:39:43,426 INFO  server.StorageContainerManager (StorageContainerManager.java:stop(843)) - Stopping Block Manager Service.
2019-07-14 08:39:43,426 INFO  utils.BackgroundService (BackgroundService.java:shutdown(148)) - Shutting down service SCMBlockDeletingService
2019-07-14 08:39:43,427 INFO  utils.BackgroundService (BackgroundService.java:shutdown(148)) - Shutting down service SCMBlockDeletingService
2019-07-14 08:39:43,427 INFO  server.StorageContainerManager (StorageContainerManager.java:stop(865)) - Stopping SCM Event Queue.
2019-07-14 08:39:43,432 INFO  impl.MetricsSystemImpl (MetricsSystemImpl.java:stop(210)) - Stopping HddsDatanode metrics system...
2019-07-14 08:39:43,441 INFO  impl.MetricsSystemImpl (MetricsSystemImpl.java:stop(216)) - HddsDatanode metrics system stopped.
]]></system-out>
    <system-err><![CDATA[Jul 14, 2019 8:39:08 AM com.sun.jersey.server.impl.application.WebApplicationImpl _initiate
INFO: Initiating Jersey application, version 'Jersey: 1.19 02/11/2015 03:25 AM'
Jul 14, 2019 8:39:08 AM com.sun.jersey.server.impl.application.WebApplicationImpl _initiate
INFO: Initiating Jersey application, version 'Jersey: 1.19 02/11/2015 03:25 AM'
Jul 14, 2019 8:39:09 AM com.sun.jersey.server.impl.application.WebApplicationImpl _initiate
INFO: Initiating Jersey application, version 'Jersey: 1.19 02/11/2015 03:25 AM'
Jul 14, 2019 8:39:09 AM com.sun.jersey.server.impl.application.WebApplicationImpl _initiate
INFO: Initiating Jersey application, version 'Jersey: 1.19 02/11/2015 03:25 AM'
Jul 14, 2019 8:39:09 AM com.sun.jersey.server.impl.application.WebApplicationImpl _initiate
INFO: Initiating Jersey application, version 'Jersey: 1.19 02/11/2015 03:25 AM'
Jul 14, 2019 8:39:09 AM com.sun.jersey.server.impl.application.WebApplicationImpl _initiate
INFO: Initiating Jersey application, version 'Jersey: 1.19 02/11/2015 03:25 AM'
Jul 14, 2019 8:39:09 AM com.sun.jersey.server.impl.application.WebApplicationImpl _initiate
INFO: Initiating Jersey application, version 'Jersey: 1.19 02/11/2015 03:25 AM'
Jul 14, 2019 8:39:13 AM org.apache.ratis.thirdparty.io.grpc.internal.ManagedChannelOrphanWrapper$ManagedChannelReference cleanQueue
SEVERE: *~*~*~ Channel ManagedChannelImpl{logId=3620, target=192.168.5.191:46138} was not shutdown properly!!! ~*~*~*
    Make sure to call shutdown()/shutdownNow() and wait until awaitTermination() returns true.
java.lang.RuntimeException: ManagedChannel allocation site
	at org.apache.ratis.thirdparty.io.grpc.internal.ManagedChannelOrphanWrapper$ManagedChannelReference.<init>(ManagedChannelOrphanWrapper.java:103)
	at org.apache.ratis.thirdparty.io.grpc.internal.ManagedChannelOrphanWrapper.<init>(ManagedChannelOrphanWrapper.java:53)
	at org.apache.ratis.thirdparty.io.grpc.internal.ManagedChannelOrphanWrapper.<init>(ManagedChannelOrphanWrapper.java:44)
	at org.apache.ratis.thirdparty.io.grpc.internal.AbstractManagedChannelImplBuilder.build(AbstractManagedChannelImplBuilder.java:411)
	at org.apache.ratis.grpc.client.GrpcClientProtocolClient.<init>(GrpcClientProtocolClient.java:119)
	at org.apache.ratis.grpc.client.GrpcClientRpc.lambda$new$0(GrpcClientRpc.java:55)
	at org.apache.ratis.util.PeerProxyMap$PeerAndProxy.lambda$getProxy$0(PeerProxyMap.java:61)
	at org.apache.ratis.util.LifeCycle.startAndTransition(LifeCycle.java:202)
	at org.apache.ratis.util.PeerProxyMap$PeerAndProxy.getProxy(PeerProxyMap.java:60)
	at org.apache.ratis.util.PeerProxyMap.getProxy(PeerProxyMap.java:107)
	at org.apache.ratis.grpc.client.GrpcClientRpc.sendRequestAsync(GrpcClientRpc.java:66)
	at org.apache.ratis.client.impl.OrderedAsync.sendRequest(OrderedAsync.java:208)
	at org.apache.ratis.client.impl.OrderedAsync.sendRequestWithRetry(OrderedAsync.java:169)
	at org.apache.ratis.util.SlidingWindow$Client.sendOrDelayRequest(SlidingWindow.java:278)
	at org.apache.ratis.util.SlidingWindow$Client.retry(SlidingWindow.java:294)
	at org.apache.ratis.client.impl.OrderedAsync.lambda$scheduleWithTimeout$7(OrderedAsync.java:195)
	at org.apache.ratis.util.TimeoutScheduler.lambda$onTimeout$0(TimeoutScheduler.java:85)
	at org.apache.ratis.util.TimeoutScheduler.lambda$onTimeout$1(TimeoutScheduler.java:104)
	at org.apache.ratis.util.LogUtils.runAndLog(LogUtils.java:50)
	at org.apache.ratis.util.LogUtils$1.run(LogUtils.java:91)
	at java.util.concurrent.Executors$RunnableAdapter.call(Executors.java:511)
	at java.util.concurrent.FutureTask.run(FutureTask.java:266)
	at java.util.concurrent.ScheduledThreadPoolExecutor$ScheduledFutureTask.access$201(ScheduledThreadPoolExecutor.java:180)
	at java.util.concurrent.ScheduledThreadPoolExecutor$ScheduledFutureTask.run(ScheduledThreadPoolExecutor.java:293)
	at java.util.concurrent.ThreadPoolExecutor.runWorker(ThreadPoolExecutor.java:1149)
	at java.util.concurrent.ThreadPoolExecutor$Worker.run(ThreadPoolExecutor.java:624)
	at java.lang.Thread.run(Thread.java:748)

]]></system-err>
  </testcase>
</testsuite>