<?xml version="1.0" encoding="UTF-8"?>
<testsuite xmlns:xsi="http://www.w3.org/2001/XMLSchema-instance" xsi:noNamespaceSchemaLocation="https://maven.apache.org/surefire/maven-surefire-plugin/xsd/surefire-test-report.xsd" name="org.apache.hadoop.ozone.client.rpc.TestOzoneClientRetriesOnException" time="77.787" tests="2" errors="1" skipped="0" failures="0">
  <properties>
    <property name="awt.toolkit" value="sun.awt.X11.XToolkit"/>
    <property name="file.encoding.pkg" value="sun.io"/>
    <property name="java.specification.version" value="1.8"/>
    <property name="sun.cpu.isalist" value=""/>
    <property name="sun.jnu.encoding" value="UTF-8"/>
    <property name="java.class.path" value="/workdir/hadoop-ozone/integration-test/target/test-classes:/workdir/hadoop-ozone/integration-test/target/classes:/home/user/.m2/repository/org/apache/hadoop/hadoop-ozone-common/0.5.0-SNAPSHOT/hadoop-ozone-common-0.5.0-SNAPSHOT.jar:/home/user/.m2/repository/org/apache/commons/commons-compress/1.4.1/commons-compress-1.4.1.jar:/home/user/.m2/repository/org/tukaani/xz/1.0/xz-1.0.jar:/home/user/.m2/repository/org/apache/hadoop/hadoop-common/3.2.0/hadoop-common-3.2.0.jar:/home/user/.m2/repository/org/apache/hadoop/hadoop-hdfs/3.2.0/hadoop-hdfs-3.2.0.jar:/home/user/.m2/repository/org/apache/hadoop/hadoop-hdfs-client/3.2.0/hadoop-hdfs-client-3.2.0.jar:/home/user/.m2/repository/com/fasterxml/jackson/core/jackson-annotations/2.9.5/jackson-annotations-2.9.5.jar:/home/user/.m2/repository/org/apache/hadoop/hadoop-hdds-common/0.5.0-SNAPSHOT/hadoop-hdds-common-0.5.0-SNAPSHOT.jar:/home/user/.m2/repository/javax/annotation/javax.annotation-api/1.2/javax.annotation-api-1.2.jar:/home/user/.m2/repository/org/apache/ratis/ratis-server/0.4.0-2337318-SNAPSHOT/ratis-server-0.4.0-2337318-SNAPSHOT.jar:/home/user/.m2/repository/org/apache/ratis/ratis-thirdparty-misc/0.2.0/ratis-thirdparty-misc-0.2.0.jar:/home/user/.m2/repository/org/apache/ratis/ratis-proto/0.4.0-2337318-SNAPSHOT/ratis-proto-0.4.0-2337318-SNAPSHOT.jar:/home/user/.m2/repository/org/apache/ratis/ratis-common/0.4.0-2337318-SNAPSHOT/ratis-common-0.4.0-2337318-SNAPSHOT.jar:/home/user/.m2/repository/org/apache/ratis/ratis-client/0.4.0-2337318-SNAPSHOT/ratis-client-0.4.0-2337318-SNAPSHOT.jar:/home/user/.m2/repository/org/apache/ratis/ratis-metrics/0.4.0-2337318-SNAPSHOT/ratis-metrics-0.4.0-2337318-SNAPSHOT.jar:/home/user/.m2/repository/org/apache/ratis/ratis-netty/0.4.0-2337318-SNAPSHOT/ratis-netty-0.4.0-2337318-SNAPSHOT.jar:/home/user/.m2/repository/org/apache/ratis/ratis-grpc/0.4.0-2337318-SNAPSHOT/ratis-grpc-0.4.0-2337318-SNAPSHOT.jar:/home/user/.m2/repository/org/rocksdb/rocksdbjni/6.0.1/rocksdbjni-6.0.1.jar:/home/user/.m2/repository/org/apache/logging/log4j/log4j-api/2.11.0/log4j-api-2.11.0.jar:/home/user/.m2/repository/org/apache/logging/log4j/log4j-core/2.11.0/log4j-core-2.11.0.jar:/home/user/.m2/repository/com/lmax/disruptor/3.4.2/disruptor-3.4.2.jar:/home/user/.m2/repository/org/apache/commons/commons-pool2/2.6.0/commons-pool2-2.6.0.jar:/home/user/.m2/repository/org/bouncycastle/bcpkix-jdk15on/1.60/bcpkix-jdk15on-1.60.jar:/home/user/.m2/repository/commons-validator/commons-validator/1.6/commons-validator-1.6.jar:/home/user/.m2/repository/commons-digester/commons-digester/1.8.1/commons-digester-1.8.1.jar:/home/user/.m2/repository/io/jaegertracing/jaeger-client/0.33.1/jaeger-client-0.33.1.jar:/home/user/.m2/repository/io/jaegertracing/jaeger-thrift/0.33.1/jaeger-thrift-0.33.1.jar:/home/user/.m2/repository/org/apache/thrift/libthrift/0.11.0/libthrift-0.11.0.jar:/home/user/.m2/repository/com/squareup/okhttp3/okhttp/3.9.0/okhttp-3.9.0.jar:/home/user/.m2/repository/com/squareup/okio/okio/1.13.0/okio-1.13.0.jar:/home/user/.m2/repository/io/jaegertracing/jaeger-core/0.33.1/jaeger-core-0.33.1.jar:/home/user/.m2/repository/io/jaegertracing/jaeger-tracerresolver/0.33.1/jaeger-tracerresolver-0.33.1.jar:/home/user/.m2/repository/io/opentracing/contrib/opentracing-tracerresolver/0.1.5/opentracing-tracerresolver-0.1.5.jar:/home/user/.m2/repository/io/opentracing/opentracing-util/0.31.0/opentracing-util-0.31.0.jar:/home/user/.m2/repository/io/opentracing/opentracing-api/0.31.0/opentracing-api-0.31.0.jar:/home/user/.m2/repository/io/opentracing/opentracing-noop/0.31.0/opentracing-noop-0.31.0.jar:/home/user/.m2/repository/org/apache/hadoop/hadoop-hdds-server-framework/0.5.0-SNAPSHOT/hadoop-hdds-server-framework-0.5.0-SNAPSHOT.jar:/home/user/.m2/repository/org/apache/hadoop/hadoop-hdds-container-service/0.5.0-SNAPSHOT/hadoop-hdds-container-service-0.5.0-SNAPSHOT.jar:/home/user/.m2/repository/org/apache/hadoop/hadoop-hdds-client/0.5.0-SNAPSHOT/hadoop-hdds-client-0.5.0-SNAPSHOT.jar:/home/user/.m2/repository/org/apache/hadoop/hadoop-hdds-tools/0.5.0-SNAPSHOT/hadoop-hdds-tools-0.5.0-SNAPSHOT.jar:/home/user/.m2/repository/org/apache/hadoop/hadoop-hdds-server-scm/0.5.0-SNAPSHOT/hadoop-hdds-server-scm-0.5.0-SNAPSHOT.jar:/home/user/.m2/repository/org/apache/hadoop/hadoop-hdds-docs/0.5.0-SNAPSHOT/hadoop-hdds-docs-0.5.0-SNAPSHOT.jar:/home/user/.m2/repository/io/dropwizard/metrics/metrics-core/3.2.4/metrics-core-3.2.4.jar:/home/user/.m2/repository/org/hamcrest/hamcrest-all/1.3/hamcrest-all-1.3.jar:/home/user/.m2/repository/org/bouncycastle/bcprov-jdk15on/1.60/bcprov-jdk15on-1.60.jar:/home/user/.m2/repository/info/picocli/picocli/3.9.6/picocli-3.9.6.jar:/home/user/.m2/repository/com/google/protobuf/protobuf-java/2.5.0/protobuf-java-2.5.0.jar:/home/user/.m2/repository/com/google/guava/guava/11.0.2/guava-11.0.2.jar:/home/user/.m2/repository/org/apache/hadoop/hadoop-ozone-ozone-manager/0.5.0-SNAPSHOT/hadoop-ozone-ozone-manager-0.5.0-SNAPSHOT.jar:/home/user/.m2/repository/org/apache/hadoop/hadoop-minikdc/3.2.0/hadoop-minikdc-3.2.0.jar:/home/user/.m2/repository/commons-io/commons-io/2.5/commons-io-2.5.jar:/home/user/.m2/repository/org/apache/kerby/kerb-simplekdc/1.0.1/kerb-simplekdc-1.0.1.jar:/home/user/.m2/repository/org/apache/kerby/kerb-client/1.0.1/kerb-client-1.0.1.jar:/home/user/.m2/repository/org/apache/kerby/kerby-config/1.0.1/kerby-config-1.0.1.jar:/home/user/.m2/repository/org/apache/kerby/kerb-core/1.0.1/kerb-core-1.0.1.jar:/home/user/.m2/repository/org/apache/kerby/kerby-pkix/1.0.1/kerby-pkix-1.0.1.jar:/home/user/.m2/repository/org/apache/kerby/kerby-asn1/1.0.1/kerby-asn1-1.0.1.jar:/home/user/.m2/repository/org/apache/kerby/kerby-util/1.0.1/kerby-util-1.0.1.jar:/home/user/.m2/repository/org/apache/kerby/kerb-common/1.0.1/kerb-common-1.0.1.jar:/home/user/.m2/repository/org/apache/kerby/kerb-crypto/1.0.1/kerb-crypto-1.0.1.jar:/home/user/.m2/repository/org/apache/kerby/kerb-util/1.0.1/kerb-util-1.0.1.jar:/home/user/.m2/repository/org/apache/kerby/token-provider/1.0.1/token-provider-1.0.1.jar:/home/user/.m2/repository/org/apache/kerby/kerb-admin/1.0.1/kerb-admin-1.0.1.jar:/home/user/.m2/repository/org/apache/kerby/kerb-server/1.0.1/kerb-server-1.0.1.jar:/home/user/.m2/repository/org/apache/kerby/kerb-identity/1.0.1/kerb-identity-1.0.1.jar:/home/user/.m2/repository/org/apache/kerby/kerby-xdr/1.0.1/kerby-xdr-1.0.1.jar:/home/user/.m2/repository/org/slf4j/slf4j-log4j12/1.7.25/slf4j-log4j12-1.7.25.jar:/home/user/.m2/repository/org/apache/hadoop/hadoop-ozone-objectstore-service/0.5.0-SNAPSHOT/hadoop-ozone-objectstore-service-0.5.0-SNAPSHOT.jar:/home/user/.m2/repository/org/apache/hadoop/hadoop-ozone-s3gateway/0.5.0-SNAPSHOT/hadoop-ozone-s3gateway-0.5.0-SNAPSHOT.jar:/home/user/.m2/repository/org/jboss/weld/servlet/weld-servlet/2.4.7.Final/weld-servlet-2.4.7.Final.jar:/home/user/.m2/repository/org/glassfish/jersey/containers/jersey-container-servlet-core/2.27/jersey-container-servlet-core-2.27.jar:/home/user/.m2/repository/org/glassfish/hk2/external/javax.inject/2.5.0-b42/javax.inject-2.5.0-b42.jar:/home/user/.m2/repository/org/glassfish/jersey/core/jersey-common/2.27/jersey-common-2.27.jar:/home/user/.m2/repository/org/glassfish/hk2/osgi-resource-locator/1.0.1/osgi-resource-locator-1.0.1.jar:/home/user/.m2/repository/javax/ws/rs/javax.ws.rs-api/2.1/javax.ws.rs-api-2.1.jar:/home/user/.m2/repository/org/glassfish/jersey/ext/cdi/jersey-cdi1x/2.27/jersey-cdi1x-2.27.jar:/home/user/.m2/repository/org/glassfish/jersey/inject/jersey-hk2/2.27/jersey-hk2-2.27.jar:/home/user/.m2/repository/org/glassfish/hk2/hk2-locator/2.5.0-b42/hk2-locator-2.5.0-b42.jar:/home/user/.m2/repository/org/javassist/javassist/3.22.0-CR2/javassist-3.22.0-CR2.jar:/home/user/.m2/repository/org/glassfish/hk2/hk2-api/2.5.0/hk2-api-2.5.0.jar:/home/user/.m2/repository/org/glassfish/hk2/external/jakarta.inject/2.5.0/jakarta.inject-2.5.0.jar:/home/user/.m2/repository/org/glassfish/hk2/hk2-utils/2.5.0/hk2-utils-2.5.0.jar:/home/user/.m2/repository/jakarta/annotation/jakarta.annotation-api/1.3.4/jakarta.annotation-api-1.3.4.jar:/home/user/.m2/repository/org/glassfish/hk2/external/aopalliance-repackaged/2.5.0/aopalliance-repackaged-2.5.0.jar:/home/user/.m2/repository/com/fasterxml/jackson/dataformat/jackson-dataformat-xml/2.9.0/jackson-dataformat-xml-2.9.0.jar:/home/user/.m2/repository/com/fasterxml/jackson/core/jackson-core/2.9.5/jackson-core-2.9.5.jar:/home/user/.m2/repository/com/fasterxml/jackson/module/jackson-module-jaxb-annotations/2.9.5/jackson-module-jaxb-annotations-2.9.5.jar:/home/user/.m2/repository/javax/enterprise/cdi-api/1.2/cdi-api-1.2.jar:/home/user/.m2/repository/javax/el/javax.el-api/3.0.0/javax.el-api-3.0.0.jar:/home/user/.m2/repository/javax/interceptor/javax.interceptor-api/1.2/javax.interceptor-api-1.2.jar:/home/user/.m2/repository/javax/inject/javax.inject/1/javax.inject-1.jar:/home/user/.m2/repository/com/sun/xml/bind/jaxb-impl/2.3.0.1/jaxb-impl-2.3.0.1.jar:/home/user/.m2/repository/com/sun/xml/bind/jaxb-core/2.3.0.1/jaxb-core-2.3.0.1.jar:/home/user/.m2/repository/javax/xml/bind/jaxb-api/2.3.0/jaxb-api-2.3.0.jar:/home/user/.m2/repository/javax/activation/activation/1.1.1/activation-1.1.1.jar:/home/user/.m2/repository/org/apache/hadoop/hadoop-ozone-csi/0.5.0-SNAPSHOT/hadoop-ozone-csi-0.5.0-SNAPSHOT.jar:/home/user/.m2/repository/com/google/protobuf/protobuf-java-util/3.5.1/protobuf-java-util-3.5.1.jar:/home/user/.m2/repository/org/apache/hadoop/hadoop-hdds-config/0.5.0-SNAPSHOT/hadoop-hdds-config-0.5.0-SNAPSHOT.jar:/home/user/.m2/repository/io/grpc/grpc-netty/1.17.1/grpc-netty-1.17.1.jar:/home/user/.m2/repository/io/grpc/grpc-core/1.17.1/grpc-core-1.17.1.jar:/home/user/.m2/repository/io/grpc/grpc-context/1.17.1/grpc-context-1.17.1.jar:/home/user/.m2/repository/com/google/errorprone/error_prone_annotations/2.2.0/error_prone_annotations-2.2.0.jar:/home/user/.m2/repository/org/codehaus/mojo/animal-sniffer-annotations/1.17/animal-sniffer-annotations-1.17.jar:/home/user/.m2/repository/io/opencensus/opencensus-api/0.17.0/opencensus-api-0.17.0.jar:/home/user/.m2/repository/io/opencensus/opencensus-contrib-grpc-metrics/0.17.0/opencensus-contrib-grpc-metrics-0.17.0.jar:/home/user/.m2/repository/io/netty/netty-codec-http2/4.1.30.Final/netty-codec-http2-4.1.30.Final.jar:/home/user/.m2/repository/io/netty/netty-codec-http/4.1.30.Final/netty-codec-http-4.1.30.Final.jar:/home/user/.m2/repository/io/netty/netty-codec/4.1.30.Final/netty-codec-4.1.30.Final.jar:/home/user/.m2/repository/io/netty/netty-handler/4.1.30.Final/netty-handler-4.1.30.Final.jar:/home/user/.m2/repository/io/netty/netty-handler-proxy/4.1.30.Final/netty-handler-proxy-4.1.30.Final.jar:/home/user/.m2/repository/io/netty/netty-codec-socks/4.1.30.Final/netty-codec-socks-4.1.30.Final.jar:/home/user/.m2/repository/io/netty/netty-transport-native-epoll/4.1.30.Final/netty-transport-native-epoll-4.1.30.Final.jar:/home/user/.m2/repository/io/netty/netty-common/4.1.30.Final/netty-common-4.1.30.Final.jar:/home/user/.m2/repository/io/netty/netty-buffer/4.1.30.Final/netty-buffer-4.1.30.Final.jar:/home/user/.m2/repository/io/netty/netty-transport/4.1.30.Final/netty-transport-4.1.30.Final.jar:/home/user/.m2/repository/io/netty/netty-resolver/4.1.30.Final/netty-resolver-4.1.30.Final.jar:/home/user/.m2/repository/io/netty/netty-transport-native-unix-common/4.1.30.Final/netty-transport-native-unix-common-4.1.30.Final.jar:/home/user/.m2/repository/io/grpc/grpc-protobuf/1.17.1/grpc-protobuf-1.17.1.jar:/home/user/.m2/repository/com/google/api/grpc/proto-google-common-protos/1.0.0/proto-google-common-protos-1.0.0.jar:/home/user/.m2/repository/io/grpc/grpc-protobuf-lite/1.17.1/grpc-protobuf-lite-1.17.1.jar:/home/user/.m2/repository/io/grpc/grpc-stub/1.17.1/grpc-stub-1.17.1.jar:/home/user/.m2/repository/org/apache/hadoop/hadoop-ozone-recon/0.5.0-SNAPSHOT/hadoop-ozone-recon-0.5.0-SNAPSHOT.jar:/home/user/.m2/repository/org/apache/hadoop/hadoop-ozone-reconcodegen/0.5.0-SNAPSHOT/hadoop-ozone-reconcodegen-0.5.0-SNAPSHOT.jar:/home/user/.m2/repository/com/google/inject/extensions/guice-multibindings/4.0/guice-multibindings-4.0.jar:/home/user/.m2/repository/com/google/inject/guice/4.0/guice-4.0.jar:/home/user/.m2/repository/aopalliance/aopalliance/1.0/aopalliance-1.0.jar:/home/user/.m2/repository/com/google/inject/extensions/guice-servlet/4.0/guice-servlet-4.0.jar:/home/user/.m2/repository/org/glassfish/jersey/containers/jersey-container-servlet/2.27/jersey-container-servlet-2.27.jar:/home/user/.m2/repository/org/glassfish/hk2/guice-bridge/2.5.0/guice-bridge-2.5.0.jar:/home/user/.m2/repository/org/glassfish/jersey/core/jersey-server/2.27/jersey-server-2.27.jar:/home/user/.m2/repository/org/glassfish/jersey/core/jersey-client/2.27/jersey-client-2.27.jar:/home/user/.m2/repository/org/glassfish/jersey/media/jersey-media-jaxb/2.27/jersey-media-jaxb-2.27.jar:/home/user/.m2/repository/javax/validation/validation-api/1.1.0.Final/validation-api-1.1.0.Final.jar:/home/user/.m2/repository/org/glassfish/jersey/media/jersey-media-json-jackson/2.27/jersey-media-json-jackson-2.27.jar:/home/user/.m2/repository/org/glassfish/jersey/ext/jersey-entity-filtering/2.27/jersey-entity-filtering-2.27.jar:/home/user/.m2/repository/com/google/inject/extensions/guice-assistedinject/4.0/guice-assistedinject-4.0.jar:/home/user/.m2/repository/org/jooq/jooq/3.11.10/jooq-3.11.10.jar:/home/user/.m2/repository/org/jooq/jooq-meta/3.11.10/jooq-meta-3.11.10.jar:/home/user/.m2/repository/org/jooq/jooq-codegen/3.11.10/jooq-codegen-3.11.10.jar:/home/user/.m2/repository/com/jolbox/bonecp/0.8.0.RELEASE/bonecp-0.8.0.RELEASE.jar:/home/user/.m2/repository/org/xerial/sqlite-jdbc/3.25.2/sqlite-jdbc-3.25.2.jar:/home/user/.m2/repository/org/springframework/spring-jdbc/5.1.3.RELEASE/spring-jdbc-5.1.3.RELEASE.jar:/home/user/.m2/repository/org/springframework/spring-beans/5.1.3.RELEASE/spring-beans-5.1.3.RELEASE.jar:/home/user/.m2/repository/org/springframework/spring-core/5.1.3.RELEASE/spring-core-5.1.3.RELEASE.jar:/home/user/.m2/repository/org/springframework/spring-jcl/5.1.3.RELEASE/spring-jcl-5.1.3.RELEASE.jar:/home/user/.m2/repository/org/springframework/spring-tx/5.1.3.RELEASE/spring-tx-5.1.3.RELEASE.jar:/home/user/.m2/repository/org/apache/hadoop/hadoop-ozone-client/0.5.0-SNAPSHOT/hadoop-ozone-client-0.5.0-SNAPSHOT.jar:/home/user/.m2/repository/commons-lang/commons-lang/2.6/commons-lang-2.6.jar:/home/user/.m2/repository/org/apache/hadoop/hadoop-ozone-ozone-manager/0.5.0-SNAPSHOT/hadoop-ozone-ozone-manager-0.5.0-SNAPSHOT-tests.jar:/home/user/.m2/repository/junit/junit/4.11/junit-4.11.jar:/home/user/.m2/repository/org/hamcrest/hamcrest-core/1.3/hamcrest-core-1.3.jar:/home/user/.m2/repository/org/openjdk/jmh/jmh-core/1.19/jmh-core-1.19.jar:/home/user/.m2/repository/net/sf/jopt-simple/jopt-simple/4.6/jopt-simple-4.6.jar:/home/user/.m2/repository/org/apache/commons/commons-math3/3.1.1/commons-math3-3.1.1.jar:/home/user/.m2/repository/org/openjdk/jmh/jmh-generator-annprocess/1.19/jmh-generator-annprocess-1.19.jar:/home/user/.m2/repository/org/mockito/mockito-all/1.8.5/mockito-all-1.8.5.jar:/home/user/.m2/repository/org/apache/hadoop/hadoop-kms/3.2.0/hadoop-kms-3.2.0.jar:/home/user/.m2/repository/org/apache/hadoop/hadoop-auth/3.2.0/hadoop-auth-3.2.0.jar:/home/user/.m2/repository/com/nimbusds/nimbus-jose-jwt/4.41.1/nimbus-jose-jwt-4.41.1.jar:/home/user/.m2/repository/com/github/stephenc/jcip/jcip-annotations/1.0-1/jcip-annotations-1.0-1.jar:/home/user/.m2/repository/net/minidev/json-smart/2.3/json-smart-2.3.jar:/home/user/.m2/repository/net/minidev/accessors-smart/1.2/accessors-smart-1.2.jar:/home/user/.m2/repository/org/ow2/asm/asm/5.0.4/asm-5.0.4.jar:/home/user/.m2/repository/org/apache/curator/curator-framework/2.12.0/curator-framework-2.12.0.jar:/home/user/.m2/repository/com/sun/jersey/jersey-core/1.19/jersey-core-1.19.jar:/home/user/.m2/repository/javax/ws/rs/jsr311-api/1.1.1/jsr311-api-1.1.1.jar:/home/user/.m2/repository/com/sun/jersey/jersey-server/1.19/jersey-server-1.19.jar:/home/user/.m2/repository/javax/servlet/javax.servlet-api/3.1.0/javax.servlet-api-3.1.0.jar:/home/user/.m2/repository/org/eclipse/jetty/jetty-server/9.3.24.v20180605/jetty-server-9.3.24.v20180605.jar:/home/user/.m2/repository/org/eclipse/jetty/jetty-http/9.3.24.v20180605/jetty-http-9.3.24.v20180605.jar:/home/user/.m2/repository/org/eclipse/jetty/jetty-io/9.3.24.v20180605/jetty-io-9.3.24.v20180605.jar:/home/user/.m2/repository/org/eclipse/jetty/jetty-webapp/9.3.24.v20180605/jetty-webapp-9.3.24.v20180605.jar:/home/user/.m2/repository/org/eclipse/jetty/jetty-xml/9.3.24.v20180605/jetty-xml-9.3.24.v20180605.jar:/home/user/.m2/repository/log4j/log4j/1.2.17/log4j-1.2.17.jar:/home/user/.m2/repository/org/slf4j/slf4j-api/1.7.25/slf4j-api-1.7.25.jar:/home/user/.m2/repository/org/slf4j/jul-to-slf4j/1.7.25/jul-to-slf4j-1.7.25.jar:/home/user/.m2/repository/org/eclipse/jetty/jetty-util/9.3.24.v20180605/jetty-util-9.3.24.v20180605.jar:/home/user/.m2/repository/com/fasterxml/jackson/core/jackson-databind/2.9.5/jackson-databind-2.9.5.jar:/home/user/.m2/repository/org/apache/hadoop/hadoop-kms/3.2.0/hadoop-kms-3.2.0-tests.jar:/home/user/.m2/repository/org/apache/hadoop/hadoop-hdds-server-scm/0.5.0-SNAPSHOT/hadoop-hdds-server-scm-0.5.0-SNAPSHOT-tests.jar:/home/user/.m2/repository/org/apache/hadoop/hadoop-hdds-container-service/0.5.0-SNAPSHOT/hadoop-hdds-container-service-0.5.0-SNAPSHOT-tests.jar:/home/user/.m2/repository/org/yaml/snakeyaml/1.16/snakeyaml-1.16.jar:/home/user/.m2/repository/org/apache/hadoop/hadoop-common/3.2.0/hadoop-common-3.2.0-tests.jar:/home/user/.m2/repository/org/apache/hadoop/hadoop-annotations/3.2.0/hadoop-annotations-3.2.0.jar:/usr/lib/jvm/java-1.8-openjdk/jre/../lib/tools.jar:/home/user/.m2/repository/commons-cli/commons-cli/1.2/commons-cli-1.2.jar:/home/user/.m2/repository/org/apache/httpcomponents/httpclient/4.5.2/httpclient-4.5.2.jar:/home/user/.m2/repository/org/apache/httpcomponents/httpcore/4.4.4/httpcore-4.4.4.jar:/home/user/.m2/repository/commons-codec/commons-codec/1.11/commons-codec-1.11.jar:/home/user/.m2/repository/commons-net/commons-net/3.6/commons-net-3.6.jar:/home/user/.m2/repository/commons-collections/commons-collections/3.2.2/commons-collections-3.2.2.jar:/home/user/.m2/repository/org/eclipse/jetty/jetty-servlet/9.3.24.v20180605/jetty-servlet-9.3.24.v20180605.jar:/home/user/.m2/repository/org/eclipse/jetty/jetty-security/9.3.24.v20180605/jetty-security-9.3.24.v20180605.jar:/home/user/.m2/repository/javax/servlet/jsp/jsp-api/2.1/jsp-api-2.1.jar:/home/user/.m2/repository/com/sun/jersey/jersey-servlet/1.19/jersey-servlet-1.19.jar:/home/user/.m2/repository/com/sun/jersey/jersey-json/1.19/jersey-json-1.19.jar:/home/user/.m2/repository/org/codehaus/jettison/jettison/1.1/jettison-1.1.jar:/home/user/.m2/repository/org/codehaus/jackson/jackson-core-asl/1.9.13/jackson-core-asl-1.9.13.jar:/home/user/.m2/repository/org/codehaus/jackson/jackson-mapper-asl/1.9.13/jackson-mapper-asl-1.9.13.jar:/home/user/.m2/repository/org/codehaus/jackson/jackson-jaxrs/1.9.13/jackson-jaxrs-1.9.13.jar:/home/user/.m2/repository/org/codehaus/jackson/jackson-xc/1.9.13/jackson-xc-1.9.13.jar:/home/user/.m2/repository/commons-logging/commons-logging/1.1.3/commons-logging-1.1.3.jar:/home/user/.m2/repository/commons-beanutils/commons-beanutils/1.9.3/commons-beanutils-1.9.3.jar:/home/user/.m2/repository/org/apache/commons/commons-configuration2/2.1.1/commons-configuration2-2.1.1.jar:/home/user/.m2/repository/org/apache/commons/commons-lang3/3.7/commons-lang3-3.7.jar:/home/user/.m2/repository/org/apache/commons/commons-text/1.4/commons-text-1.4.jar:/home/user/.m2/repository/org/apache/avro/avro/1.7.7/avro-1.7.7.jar:/home/user/.m2/repository/com/thoughtworks/paranamer/paranamer/2.3/paranamer-2.3.jar:/home/user/.m2/repository/org/xerial/snappy/snappy-java/1.0.5/snappy-java-1.0.5.jar:/home/user/.m2/repository/com/google/re2j/re2j/1.1/re2j-1.1.jar:/home/user/.m2/repository/com/google/code/gson/gson/2.2.4/gson-2.2.4.jar:/home/user/.m2/repository/com/jcraft/jsch/0.1.54/jsch-0.1.54.jar:/home/user/.m2/repository/org/apache/curator/curator-client/2.12.0/curator-client-2.12.0.jar:/home/user/.m2/repository/org/apache/curator/curator-recipes/2.12.0/curator-recipes-2.12.0.jar:/home/user/.m2/repository/com/google/code/findbugs/jsr305/3.0.0/jsr305-3.0.0.jar:/home/user/.m2/repository/org/apache/htrace/htrace-core4/4.1.0-incubating/htrace-core4-4.1.0-incubating.jar:/home/user/.m2/repository/org/apache/zookeeper/zookeeper/3.4.13/zookeeper-3.4.13.jar:/home/user/.m2/repository/org/apache/yetus/audience-annotations/0.5.0/audience-annotations-0.5.0.jar:/home/user/.m2/repository/org/codehaus/woodstox/stax2-api/3.1.4/stax2-api-3.1.4.jar:/home/user/.m2/repository/com/fasterxml/woodstox/woodstox-core/5.0.3/woodstox-core-5.0.3.jar:/home/user/.m2/repository/dnsjava/dnsjava/2.1.7/dnsjava-2.1.7.jar:/home/user/.m2/repository/org/apache/hadoop/hadoop-hdfs/3.2.0/hadoop-hdfs-3.2.0-tests.jar:/home/user/.m2/repository/org/eclipse/jetty/jetty-util-ajax/9.3.24.v20180605/jetty-util-ajax-9.3.24.v20180605.jar:/home/user/.m2/repository/commons-daemon/commons-daemon/1.0.13/commons-daemon-1.0.13.jar:/home/user/.m2/repository/io/netty/netty/3.10.5.Final/netty-3.10.5.Final.jar:/home/user/.m2/repository/io/netty/netty-all/4.0.52.Final/netty-all-4.0.52.Final.jar:/home/user/.m2/repository/org/fusesource/leveldbjni/leveldbjni-all/1.8/leveldbjni-all-1.8.jar:"/>
    <property name="java.vm.vendor" value="IcedTea"/>
    <property name="sun.arch.data.model" value="64"/>
    <property name="test.build.dir" value="/workdir/hadoop-ozone/integration-test/target/test-dir"/>
    <property name="test.cache.data" value=""/>
    <property name="java.vendor.url" value="https://icedtea.classpath.org"/>
    <property name="user.timezone" value=""/>
    <property name="java.vm.specification.version" value="1.8"/>
    <property name="os.name" value="Linux"/>
    <property name="test.build.data" value="/workdir/hadoop-ozone/integration-test/target/test-dir"/>
    <property name="user.country" value="US"/>
    <property name="sun.java.launcher" value="SUN_STANDARD"/>
    <property name="sun.boot.library.path" value="/usr/lib/jvm/java-1.8-openjdk/jre/lib/amd64"/>
    <property name="sun.java.command" value="/workdir/hadoop-ozone/integration-test/target/surefire/surefirebooter7096266360348402296.jar /workdir/hadoop-ozone/integration-test/target/surefire 2019-07-14T08-10-17_023-jvmRun1 surefire8352059982126011788tmp surefire_415570115089132800545tmp"/>
    <property name="surefire.test.class.path" value="/workdir/hadoop-ozone/integration-test/target/test-classes:/workdir/hadoop-ozone/integration-test/target/classes:/home/user/.m2/repository/org/apache/hadoop/hadoop-ozone-common/0.5.0-SNAPSHOT/hadoop-ozone-common-0.5.0-SNAPSHOT.jar:/home/user/.m2/repository/org/apache/commons/commons-compress/1.4.1/commons-compress-1.4.1.jar:/home/user/.m2/repository/org/tukaani/xz/1.0/xz-1.0.jar:/home/user/.m2/repository/org/apache/hadoop/hadoop-common/3.2.0/hadoop-common-3.2.0.jar:/home/user/.m2/repository/org/apache/hadoop/hadoop-hdfs/3.2.0/hadoop-hdfs-3.2.0.jar:/home/user/.m2/repository/org/apache/hadoop/hadoop-hdfs-client/3.2.0/hadoop-hdfs-client-3.2.0.jar:/home/user/.m2/repository/com/fasterxml/jackson/core/jackson-annotations/2.9.5/jackson-annotations-2.9.5.jar:/home/user/.m2/repository/org/apache/hadoop/hadoop-hdds-common/0.5.0-SNAPSHOT/hadoop-hdds-common-0.5.0-SNAPSHOT.jar:/home/user/.m2/repository/javax/annotation/javax.annotation-api/1.2/javax.annotation-api-1.2.jar:/home/user/.m2/repository/org/apache/ratis/ratis-server/0.4.0-2337318-SNAPSHOT/ratis-server-0.4.0-2337318-SNAPSHOT.jar:/home/user/.m2/repository/org/apache/ratis/ratis-thirdparty-misc/0.2.0/ratis-thirdparty-misc-0.2.0.jar:/home/user/.m2/repository/org/apache/ratis/ratis-proto/0.4.0-2337318-SNAPSHOT/ratis-proto-0.4.0-2337318-SNAPSHOT.jar:/home/user/.m2/repository/org/apache/ratis/ratis-common/0.4.0-2337318-SNAPSHOT/ratis-common-0.4.0-2337318-SNAPSHOT.jar:/home/user/.m2/repository/org/apache/ratis/ratis-client/0.4.0-2337318-SNAPSHOT/ratis-client-0.4.0-2337318-SNAPSHOT.jar:/home/user/.m2/repository/org/apache/ratis/ratis-metrics/0.4.0-2337318-SNAPSHOT/ratis-metrics-0.4.0-2337318-SNAPSHOT.jar:/home/user/.m2/repository/org/apache/ratis/ratis-netty/0.4.0-2337318-SNAPSHOT/ratis-netty-0.4.0-2337318-SNAPSHOT.jar:/home/user/.m2/repository/org/apache/ratis/ratis-grpc/0.4.0-2337318-SNAPSHOT/ratis-grpc-0.4.0-2337318-SNAPSHOT.jar:/home/user/.m2/repository/org/rocksdb/rocksdbjni/6.0.1/rocksdbjni-6.0.1.jar:/home/user/.m2/repository/org/apache/logging/log4j/log4j-api/2.11.0/log4j-api-2.11.0.jar:/home/user/.m2/repository/org/apache/logging/log4j/log4j-core/2.11.0/log4j-core-2.11.0.jar:/home/user/.m2/repository/com/lmax/disruptor/3.4.2/disruptor-3.4.2.jar:/home/user/.m2/repository/org/apache/commons/commons-pool2/2.6.0/commons-pool2-2.6.0.jar:/home/user/.m2/repository/org/bouncycastle/bcpkix-jdk15on/1.60/bcpkix-jdk15on-1.60.jar:/home/user/.m2/repository/commons-validator/commons-validator/1.6/commons-validator-1.6.jar:/home/user/.m2/repository/commons-digester/commons-digester/1.8.1/commons-digester-1.8.1.jar:/home/user/.m2/repository/io/jaegertracing/jaeger-client/0.33.1/jaeger-client-0.33.1.jar:/home/user/.m2/repository/io/jaegertracing/jaeger-thrift/0.33.1/jaeger-thrift-0.33.1.jar:/home/user/.m2/repository/org/apache/thrift/libthrift/0.11.0/libthrift-0.11.0.jar:/home/user/.m2/repository/com/squareup/okhttp3/okhttp/3.9.0/okhttp-3.9.0.jar:/home/user/.m2/repository/com/squareup/okio/okio/1.13.0/okio-1.13.0.jar:/home/user/.m2/repository/io/jaegertracing/jaeger-core/0.33.1/jaeger-core-0.33.1.jar:/home/user/.m2/repository/io/jaegertracing/jaeger-tracerresolver/0.33.1/jaeger-tracerresolver-0.33.1.jar:/home/user/.m2/repository/io/opentracing/contrib/opentracing-tracerresolver/0.1.5/opentracing-tracerresolver-0.1.5.jar:/home/user/.m2/repository/io/opentracing/opentracing-util/0.31.0/opentracing-util-0.31.0.jar:/home/user/.m2/repository/io/opentracing/opentracing-api/0.31.0/opentracing-api-0.31.0.jar:/home/user/.m2/repository/io/opentracing/opentracing-noop/0.31.0/opentracing-noop-0.31.0.jar:/home/user/.m2/repository/org/apache/hadoop/hadoop-hdds-server-framework/0.5.0-SNAPSHOT/hadoop-hdds-server-framework-0.5.0-SNAPSHOT.jar:/home/user/.m2/repository/org/apache/hadoop/hadoop-hdds-container-service/0.5.0-SNAPSHOT/hadoop-hdds-container-service-0.5.0-SNAPSHOT.jar:/home/user/.m2/repository/org/apache/hadoop/hadoop-hdds-client/0.5.0-SNAPSHOT/hadoop-hdds-client-0.5.0-SNAPSHOT.jar:/home/user/.m2/repository/org/apache/hadoop/hadoop-hdds-tools/0.5.0-SNAPSHOT/hadoop-hdds-tools-0.5.0-SNAPSHOT.jar:/home/user/.m2/repository/org/apache/hadoop/hadoop-hdds-server-scm/0.5.0-SNAPSHOT/hadoop-hdds-server-scm-0.5.0-SNAPSHOT.jar:/home/user/.m2/repository/org/apache/hadoop/hadoop-hdds-docs/0.5.0-SNAPSHOT/hadoop-hdds-docs-0.5.0-SNAPSHOT.jar:/home/user/.m2/repository/io/dropwizard/metrics/metrics-core/3.2.4/metrics-core-3.2.4.jar:/home/user/.m2/repository/org/hamcrest/hamcrest-all/1.3/hamcrest-all-1.3.jar:/home/user/.m2/repository/org/bouncycastle/bcprov-jdk15on/1.60/bcprov-jdk15on-1.60.jar:/home/user/.m2/repository/info/picocli/picocli/3.9.6/picocli-3.9.6.jar:/home/user/.m2/repository/com/google/protobuf/protobuf-java/2.5.0/protobuf-java-2.5.0.jar:/home/user/.m2/repository/com/google/guava/guava/11.0.2/guava-11.0.2.jar:/home/user/.m2/repository/org/apache/hadoop/hadoop-ozone-ozone-manager/0.5.0-SNAPSHOT/hadoop-ozone-ozone-manager-0.5.0-SNAPSHOT.jar:/home/user/.m2/repository/org/apache/hadoop/hadoop-minikdc/3.2.0/hadoop-minikdc-3.2.0.jar:/home/user/.m2/repository/commons-io/commons-io/2.5/commons-io-2.5.jar:/home/user/.m2/repository/org/apache/kerby/kerb-simplekdc/1.0.1/kerb-simplekdc-1.0.1.jar:/home/user/.m2/repository/org/apache/kerby/kerb-client/1.0.1/kerb-client-1.0.1.jar:/home/user/.m2/repository/org/apache/kerby/kerby-config/1.0.1/kerby-config-1.0.1.jar:/home/user/.m2/repository/org/apache/kerby/kerb-core/1.0.1/kerb-core-1.0.1.jar:/home/user/.m2/repository/org/apache/kerby/kerby-pkix/1.0.1/kerby-pkix-1.0.1.jar:/home/user/.m2/repository/org/apache/kerby/kerby-asn1/1.0.1/kerby-asn1-1.0.1.jar:/home/user/.m2/repository/org/apache/kerby/kerby-util/1.0.1/kerby-util-1.0.1.jar:/home/user/.m2/repository/org/apache/kerby/kerb-common/1.0.1/kerb-common-1.0.1.jar:/home/user/.m2/repository/org/apache/kerby/kerb-crypto/1.0.1/kerb-crypto-1.0.1.jar:/home/user/.m2/repository/org/apache/kerby/kerb-util/1.0.1/kerb-util-1.0.1.jar:/home/user/.m2/repository/org/apache/kerby/token-provider/1.0.1/token-provider-1.0.1.jar:/home/user/.m2/repository/org/apache/kerby/kerb-admin/1.0.1/kerb-admin-1.0.1.jar:/home/user/.m2/repository/org/apache/kerby/kerb-server/1.0.1/kerb-server-1.0.1.jar:/home/user/.m2/repository/org/apache/kerby/kerb-identity/1.0.1/kerb-identity-1.0.1.jar:/home/user/.m2/repository/org/apache/kerby/kerby-xdr/1.0.1/kerby-xdr-1.0.1.jar:/home/user/.m2/repository/org/slf4j/slf4j-log4j12/1.7.25/slf4j-log4j12-1.7.25.jar:/home/user/.m2/repository/org/apache/hadoop/hadoop-ozone-objectstore-service/0.5.0-SNAPSHOT/hadoop-ozone-objectstore-service-0.5.0-SNAPSHOT.jar:/home/user/.m2/repository/org/apache/hadoop/hadoop-ozone-s3gateway/0.5.0-SNAPSHOT/hadoop-ozone-s3gateway-0.5.0-SNAPSHOT.jar:/home/user/.m2/repository/org/jboss/weld/servlet/weld-servlet/2.4.7.Final/weld-servlet-2.4.7.Final.jar:/home/user/.m2/repository/org/glassfish/jersey/containers/jersey-container-servlet-core/2.27/jersey-container-servlet-core-2.27.jar:/home/user/.m2/repository/org/glassfish/hk2/external/javax.inject/2.5.0-b42/javax.inject-2.5.0-b42.jar:/home/user/.m2/repository/org/glassfish/jersey/core/jersey-common/2.27/jersey-common-2.27.jar:/home/user/.m2/repository/org/glassfish/hk2/osgi-resource-locator/1.0.1/osgi-resource-locator-1.0.1.jar:/home/user/.m2/repository/javax/ws/rs/javax.ws.rs-api/2.1/javax.ws.rs-api-2.1.jar:/home/user/.m2/repository/org/glassfish/jersey/ext/cdi/jersey-cdi1x/2.27/jersey-cdi1x-2.27.jar:/home/user/.m2/repository/org/glassfish/jersey/inject/jersey-hk2/2.27/jersey-hk2-2.27.jar:/home/user/.m2/repository/org/glassfish/hk2/hk2-locator/2.5.0-b42/hk2-locator-2.5.0-b42.jar:/home/user/.m2/repository/org/javassist/javassist/3.22.0-CR2/javassist-3.22.0-CR2.jar:/home/user/.m2/repository/org/glassfish/hk2/hk2-api/2.5.0/hk2-api-2.5.0.jar:/home/user/.m2/repository/org/glassfish/hk2/external/jakarta.inject/2.5.0/jakarta.inject-2.5.0.jar:/home/user/.m2/repository/org/glassfish/hk2/hk2-utils/2.5.0/hk2-utils-2.5.0.jar:/home/user/.m2/repository/jakarta/annotation/jakarta.annotation-api/1.3.4/jakarta.annotation-api-1.3.4.jar:/home/user/.m2/repository/org/glassfish/hk2/external/aopalliance-repackaged/2.5.0/aopalliance-repackaged-2.5.0.jar:/home/user/.m2/repository/com/fasterxml/jackson/dataformat/jackson-dataformat-xml/2.9.0/jackson-dataformat-xml-2.9.0.jar:/home/user/.m2/repository/com/fasterxml/jackson/core/jackson-core/2.9.5/jackson-core-2.9.5.jar:/home/user/.m2/repository/com/fasterxml/jackson/module/jackson-module-jaxb-annotations/2.9.5/jackson-module-jaxb-annotations-2.9.5.jar:/home/user/.m2/repository/javax/enterprise/cdi-api/1.2/cdi-api-1.2.jar:/home/user/.m2/repository/javax/el/javax.el-api/3.0.0/javax.el-api-3.0.0.jar:/home/user/.m2/repository/javax/interceptor/javax.interceptor-api/1.2/javax.interceptor-api-1.2.jar:/home/user/.m2/repository/javax/inject/javax.inject/1/javax.inject-1.jar:/home/user/.m2/repository/com/sun/xml/bind/jaxb-impl/2.3.0.1/jaxb-impl-2.3.0.1.jar:/home/user/.m2/repository/com/sun/xml/bind/jaxb-core/2.3.0.1/jaxb-core-2.3.0.1.jar:/home/user/.m2/repository/javax/xml/bind/jaxb-api/2.3.0/jaxb-api-2.3.0.jar:/home/user/.m2/repository/javax/activation/activation/1.1.1/activation-1.1.1.jar:/home/user/.m2/repository/org/apache/hadoop/hadoop-ozone-csi/0.5.0-SNAPSHOT/hadoop-ozone-csi-0.5.0-SNAPSHOT.jar:/home/user/.m2/repository/com/google/protobuf/protobuf-java-util/3.5.1/protobuf-java-util-3.5.1.jar:/home/user/.m2/repository/org/apache/hadoop/hadoop-hdds-config/0.5.0-SNAPSHOT/hadoop-hdds-config-0.5.0-SNAPSHOT.jar:/home/user/.m2/repository/io/grpc/grpc-netty/1.17.1/grpc-netty-1.17.1.jar:/home/user/.m2/repository/io/grpc/grpc-core/1.17.1/grpc-core-1.17.1.jar:/home/user/.m2/repository/io/grpc/grpc-context/1.17.1/grpc-context-1.17.1.jar:/home/user/.m2/repository/com/google/errorprone/error_prone_annotations/2.2.0/error_prone_annotations-2.2.0.jar:/home/user/.m2/repository/org/codehaus/mojo/animal-sniffer-annotations/1.17/animal-sniffer-annotations-1.17.jar:/home/user/.m2/repository/io/opencensus/opencensus-api/0.17.0/opencensus-api-0.17.0.jar:/home/user/.m2/repository/io/opencensus/opencensus-contrib-grpc-metrics/0.17.0/opencensus-contrib-grpc-metrics-0.17.0.jar:/home/user/.m2/repository/io/netty/netty-codec-http2/4.1.30.Final/netty-codec-http2-4.1.30.Final.jar:/home/user/.m2/repository/io/netty/netty-codec-http/4.1.30.Final/netty-codec-http-4.1.30.Final.jar:/home/user/.m2/repository/io/netty/netty-codec/4.1.30.Final/netty-codec-4.1.30.Final.jar:/home/user/.m2/repository/io/netty/netty-handler/4.1.30.Final/netty-handler-4.1.30.Final.jar:/home/user/.m2/repository/io/netty/netty-handler-proxy/4.1.30.Final/netty-handler-proxy-4.1.30.Final.jar:/home/user/.m2/repository/io/netty/netty-codec-socks/4.1.30.Final/netty-codec-socks-4.1.30.Final.jar:/home/user/.m2/repository/io/netty/netty-transport-native-epoll/4.1.30.Final/netty-transport-native-epoll-4.1.30.Final.jar:/home/user/.m2/repository/io/netty/netty-common/4.1.30.Final/netty-common-4.1.30.Final.jar:/home/user/.m2/repository/io/netty/netty-buffer/4.1.30.Final/netty-buffer-4.1.30.Final.jar:/home/user/.m2/repository/io/netty/netty-transport/4.1.30.Final/netty-transport-4.1.30.Final.jar:/home/user/.m2/repository/io/netty/netty-resolver/4.1.30.Final/netty-resolver-4.1.30.Final.jar:/home/user/.m2/repository/io/netty/netty-transport-native-unix-common/4.1.30.Final/netty-transport-native-unix-common-4.1.30.Final.jar:/home/user/.m2/repository/io/grpc/grpc-protobuf/1.17.1/grpc-protobuf-1.17.1.jar:/home/user/.m2/repository/com/google/api/grpc/proto-google-common-protos/1.0.0/proto-google-common-protos-1.0.0.jar:/home/user/.m2/repository/io/grpc/grpc-protobuf-lite/1.17.1/grpc-protobuf-lite-1.17.1.jar:/home/user/.m2/repository/io/grpc/grpc-stub/1.17.1/grpc-stub-1.17.1.jar:/home/user/.m2/repository/org/apache/hadoop/hadoop-ozone-recon/0.5.0-SNAPSHOT/hadoop-ozone-recon-0.5.0-SNAPSHOT.jar:/home/user/.m2/repository/org/apache/hadoop/hadoop-ozone-reconcodegen/0.5.0-SNAPSHOT/hadoop-ozone-reconcodegen-0.5.0-SNAPSHOT.jar:/home/user/.m2/repository/com/google/inject/extensions/guice-multibindings/4.0/guice-multibindings-4.0.jar:/home/user/.m2/repository/com/google/inject/guice/4.0/guice-4.0.jar:/home/user/.m2/repository/aopalliance/aopalliance/1.0/aopalliance-1.0.jar:/home/user/.m2/repository/com/google/inject/extensions/guice-servlet/4.0/guice-servlet-4.0.jar:/home/user/.m2/repository/org/glassfish/jersey/containers/jersey-container-servlet/2.27/jersey-container-servlet-2.27.jar:/home/user/.m2/repository/org/glassfish/hk2/guice-bridge/2.5.0/guice-bridge-2.5.0.jar:/home/user/.m2/repository/org/glassfish/jersey/core/jersey-server/2.27/jersey-server-2.27.jar:/home/user/.m2/repository/org/glassfish/jersey/core/jersey-client/2.27/jersey-client-2.27.jar:/home/user/.m2/repository/org/glassfish/jersey/media/jersey-media-jaxb/2.27/jersey-media-jaxb-2.27.jar:/home/user/.m2/repository/javax/validation/validation-api/1.1.0.Final/validation-api-1.1.0.Final.jar:/home/user/.m2/repository/org/glassfish/jersey/media/jersey-media-json-jackson/2.27/jersey-media-json-jackson-2.27.jar:/home/user/.m2/repository/org/glassfish/jersey/ext/jersey-entity-filtering/2.27/jersey-entity-filtering-2.27.jar:/home/user/.m2/repository/com/google/inject/extensions/guice-assistedinject/4.0/guice-assistedinject-4.0.jar:/home/user/.m2/repository/org/jooq/jooq/3.11.10/jooq-3.11.10.jar:/home/user/.m2/repository/org/jooq/jooq-meta/3.11.10/jooq-meta-3.11.10.jar:/home/user/.m2/repository/org/jooq/jooq-codegen/3.11.10/jooq-codegen-3.11.10.jar:/home/user/.m2/repository/com/jolbox/bonecp/0.8.0.RELEASE/bonecp-0.8.0.RELEASE.jar:/home/user/.m2/repository/org/xerial/sqlite-jdbc/3.25.2/sqlite-jdbc-3.25.2.jar:/home/user/.m2/repository/org/springframework/spring-jdbc/5.1.3.RELEASE/spring-jdbc-5.1.3.RELEASE.jar:/home/user/.m2/repository/org/springframework/spring-beans/5.1.3.RELEASE/spring-beans-5.1.3.RELEASE.jar:/home/user/.m2/repository/org/springframework/spring-core/5.1.3.RELEASE/spring-core-5.1.3.RELEASE.jar:/home/user/.m2/repository/org/springframework/spring-jcl/5.1.3.RELEASE/spring-jcl-5.1.3.RELEASE.jar:/home/user/.m2/repository/org/springframework/spring-tx/5.1.3.RELEASE/spring-tx-5.1.3.RELEASE.jar:/home/user/.m2/repository/org/apache/hadoop/hadoop-ozone-client/0.5.0-SNAPSHOT/hadoop-ozone-client-0.5.0-SNAPSHOT.jar:/home/user/.m2/repository/commons-lang/commons-lang/2.6/commons-lang-2.6.jar:/home/user/.m2/repository/org/apache/hadoop/hadoop-ozone-ozone-manager/0.5.0-SNAPSHOT/hadoop-ozone-ozone-manager-0.5.0-SNAPSHOT-tests.jar:/home/user/.m2/repository/junit/junit/4.11/junit-4.11.jar:/home/user/.m2/repository/org/hamcrest/hamcrest-core/1.3/hamcrest-core-1.3.jar:/home/user/.m2/repository/org/openjdk/jmh/jmh-core/1.19/jmh-core-1.19.jar:/home/user/.m2/repository/net/sf/jopt-simple/jopt-simple/4.6/jopt-simple-4.6.jar:/home/user/.m2/repository/org/apache/commons/commons-math3/3.1.1/commons-math3-3.1.1.jar:/home/user/.m2/repository/org/openjdk/jmh/jmh-generator-annprocess/1.19/jmh-generator-annprocess-1.19.jar:/home/user/.m2/repository/org/mockito/mockito-all/1.8.5/mockito-all-1.8.5.jar:/home/user/.m2/repository/org/apache/hadoop/hadoop-kms/3.2.0/hadoop-kms-3.2.0.jar:/home/user/.m2/repository/org/apache/hadoop/hadoop-auth/3.2.0/hadoop-auth-3.2.0.jar:/home/user/.m2/repository/com/nimbusds/nimbus-jose-jwt/4.41.1/nimbus-jose-jwt-4.41.1.jar:/home/user/.m2/repository/com/github/stephenc/jcip/jcip-annotations/1.0-1/jcip-annotations-1.0-1.jar:/home/user/.m2/repository/net/minidev/json-smart/2.3/json-smart-2.3.jar:/home/user/.m2/repository/net/minidev/accessors-smart/1.2/accessors-smart-1.2.jar:/home/user/.m2/repository/org/ow2/asm/asm/5.0.4/asm-5.0.4.jar:/home/user/.m2/repository/org/apache/curator/curator-framework/2.12.0/curator-framework-2.12.0.jar:/home/user/.m2/repository/com/sun/jersey/jersey-core/1.19/jersey-core-1.19.jar:/home/user/.m2/repository/javax/ws/rs/jsr311-api/1.1.1/jsr311-api-1.1.1.jar:/home/user/.m2/repository/com/sun/jersey/jersey-server/1.19/jersey-server-1.19.jar:/home/user/.m2/repository/javax/servlet/javax.servlet-api/3.1.0/javax.servlet-api-3.1.0.jar:/home/user/.m2/repository/org/eclipse/jetty/jetty-server/9.3.24.v20180605/jetty-server-9.3.24.v20180605.jar:/home/user/.m2/repository/org/eclipse/jetty/jetty-http/9.3.24.v20180605/jetty-http-9.3.24.v20180605.jar:/home/user/.m2/repository/org/eclipse/jetty/jetty-io/9.3.24.v20180605/jetty-io-9.3.24.v20180605.jar:/home/user/.m2/repository/org/eclipse/jetty/jetty-webapp/9.3.24.v20180605/jetty-webapp-9.3.24.v20180605.jar:/home/user/.m2/repository/org/eclipse/jetty/jetty-xml/9.3.24.v20180605/jetty-xml-9.3.24.v20180605.jar:/home/user/.m2/repository/log4j/log4j/1.2.17/log4j-1.2.17.jar:/home/user/.m2/repository/org/slf4j/slf4j-api/1.7.25/slf4j-api-1.7.25.jar:/home/user/.m2/repository/org/slf4j/jul-to-slf4j/1.7.25/jul-to-slf4j-1.7.25.jar:/home/user/.m2/repository/org/eclipse/jetty/jetty-util/9.3.24.v20180605/jetty-util-9.3.24.v20180605.jar:/home/user/.m2/repository/com/fasterxml/jackson/core/jackson-databind/2.9.5/jackson-databind-2.9.5.jar:/home/user/.m2/repository/org/apache/hadoop/hadoop-kms/3.2.0/hadoop-kms-3.2.0-tests.jar:/home/user/.m2/repository/org/apache/hadoop/hadoop-hdds-server-scm/0.5.0-SNAPSHOT/hadoop-hdds-server-scm-0.5.0-SNAPSHOT-tests.jar:/home/user/.m2/repository/org/apache/hadoop/hadoop-hdds-container-service/0.5.0-SNAPSHOT/hadoop-hdds-container-service-0.5.0-SNAPSHOT-tests.jar:/home/user/.m2/repository/org/yaml/snakeyaml/1.16/snakeyaml-1.16.jar:/home/user/.m2/repository/org/apache/hadoop/hadoop-common/3.2.0/hadoop-common-3.2.0-tests.jar:/home/user/.m2/repository/org/apache/hadoop/hadoop-annotations/3.2.0/hadoop-annotations-3.2.0.jar:/usr/lib/jvm/java-1.8-openjdk/jre/../lib/tools.jar:/home/user/.m2/repository/commons-cli/commons-cli/1.2/commons-cli-1.2.jar:/home/user/.m2/repository/org/apache/httpcomponents/httpclient/4.5.2/httpclient-4.5.2.jar:/home/user/.m2/repository/org/apache/httpcomponents/httpcore/4.4.4/httpcore-4.4.4.jar:/home/user/.m2/repository/commons-codec/commons-codec/1.11/commons-codec-1.11.jar:/home/user/.m2/repository/commons-net/commons-net/3.6/commons-net-3.6.jar:/home/user/.m2/repository/commons-collections/commons-collections/3.2.2/commons-collections-3.2.2.jar:/home/user/.m2/repository/org/eclipse/jetty/jetty-servlet/9.3.24.v20180605/jetty-servlet-9.3.24.v20180605.jar:/home/user/.m2/repository/org/eclipse/jetty/jetty-security/9.3.24.v20180605/jetty-security-9.3.24.v20180605.jar:/home/user/.m2/repository/javax/servlet/jsp/jsp-api/2.1/jsp-api-2.1.jar:/home/user/.m2/repository/com/sun/jersey/jersey-servlet/1.19/jersey-servlet-1.19.jar:/home/user/.m2/repository/com/sun/jersey/jersey-json/1.19/jersey-json-1.19.jar:/home/user/.m2/repository/org/codehaus/jettison/jettison/1.1/jettison-1.1.jar:/home/user/.m2/repository/org/codehaus/jackson/jackson-core-asl/1.9.13/jackson-core-asl-1.9.13.jar:/home/user/.m2/repository/org/codehaus/jackson/jackson-mapper-asl/1.9.13/jackson-mapper-asl-1.9.13.jar:/home/user/.m2/repository/org/codehaus/jackson/jackson-jaxrs/1.9.13/jackson-jaxrs-1.9.13.jar:/home/user/.m2/repository/org/codehaus/jackson/jackson-xc/1.9.13/jackson-xc-1.9.13.jar:/home/user/.m2/repository/commons-logging/commons-logging/1.1.3/commons-logging-1.1.3.jar:/home/user/.m2/repository/commons-beanutils/commons-beanutils/1.9.3/commons-beanutils-1.9.3.jar:/home/user/.m2/repository/org/apache/commons/commons-configuration2/2.1.1/commons-configuration2-2.1.1.jar:/home/user/.m2/repository/org/apache/commons/commons-lang3/3.7/commons-lang3-3.7.jar:/home/user/.m2/repository/org/apache/commons/commons-text/1.4/commons-text-1.4.jar:/home/user/.m2/repository/org/apache/avro/avro/1.7.7/avro-1.7.7.jar:/home/user/.m2/repository/com/thoughtworks/paranamer/paranamer/2.3/paranamer-2.3.jar:/home/user/.m2/repository/org/xerial/snappy/snappy-java/1.0.5/snappy-java-1.0.5.jar:/home/user/.m2/repository/com/google/re2j/re2j/1.1/re2j-1.1.jar:/home/user/.m2/repository/com/google/code/gson/gson/2.2.4/gson-2.2.4.jar:/home/user/.m2/repository/com/jcraft/jsch/0.1.54/jsch-0.1.54.jar:/home/user/.m2/repository/org/apache/curator/curator-client/2.12.0/curator-client-2.12.0.jar:/home/user/.m2/repository/org/apache/curator/curator-recipes/2.12.0/curator-recipes-2.12.0.jar:/home/user/.m2/repository/com/google/code/findbugs/jsr305/3.0.0/jsr305-3.0.0.jar:/home/user/.m2/repository/org/apache/htrace/htrace-core4/4.1.0-incubating/htrace-core4-4.1.0-incubating.jar:/home/user/.m2/repository/org/apache/zookeeper/zookeeper/3.4.13/zookeeper-3.4.13.jar:/home/user/.m2/repository/org/apache/yetus/audience-annotations/0.5.0/audience-annotations-0.5.0.jar:/home/user/.m2/repository/org/codehaus/woodstox/stax2-api/3.1.4/stax2-api-3.1.4.jar:/home/user/.m2/repository/com/fasterxml/woodstox/woodstox-core/5.0.3/woodstox-core-5.0.3.jar:/home/user/.m2/repository/dnsjava/dnsjava/2.1.7/dnsjava-2.1.7.jar:/home/user/.m2/repository/org/apache/hadoop/hadoop-hdfs/3.2.0/hadoop-hdfs-3.2.0-tests.jar:/home/user/.m2/repository/org/eclipse/jetty/jetty-util-ajax/9.3.24.v20180605/jetty-util-ajax-9.3.24.v20180605.jar:/home/user/.m2/repository/commons-daemon/commons-daemon/1.0.13/commons-daemon-1.0.13.jar:/home/user/.m2/repository/io/netty/netty/3.10.5.Final/netty-3.10.5.Final.jar:/home/user/.m2/repository/io/netty/netty-all/4.0.52.Final/netty-all-4.0.52.Final.jar:/home/user/.m2/repository/org/fusesource/leveldbjni/leveldbjni-all/1.8/leveldbjni-all-1.8.jar:"/>
    <property name="sun.cpu.endian" value="little"/>
    <property name="user.home" value="/home/user"/>
    <property name="user.language" value="en"/>
    <property name="java.specification.vendor" value="Oracle Corporation"/>
    <property name="java.home" value="/usr/lib/jvm/java-1.8-openjdk/jre"/>
    <property name="java.security.krb5.conf" value="/workdir/hadoop-ozone/integration-test/target/test-classes/krb5.conf"/>
    <property name="basedir" value="/workdir/hadoop-ozone/integration-test"/>
    <property name="file.separator" value="/"/>
    <property name="line.separator" value="&#10;"/>
    <property name="java.vm.specification.vendor" value="Oracle Corporation"/>
    <property name="java.specification.name" value="Java Platform API Specification"/>
    <property name="java.awt.graphicsenv" value="sun.awt.X11GraphicsEnvironment"/>
    <property name="surefire.real.class.path" value="/workdir/hadoop-ozone/integration-test/target/surefire/surefirebooter7096266360348402296.jar"/>
    <property name="hadoop.log.dir" value="/workdir/hadoop-ozone/integration-test/target/log"/>
    <property name="sun.boot.class.path" value="/usr/lib/jvm/java-1.8-openjdk/jre/lib/resources.jar:/usr/lib/jvm/java-1.8-openjdk/jre/lib/rt.jar:/usr/lib/jvm/java-1.8-openjdk/jre/lib/sunrsasign.jar:/usr/lib/jvm/java-1.8-openjdk/jre/lib/jsse.jar:/usr/lib/jvm/java-1.8-openjdk/jre/lib/jce.jar:/usr/lib/jvm/java-1.8-openjdk/jre/lib/charsets.jar:/usr/lib/jvm/java-1.8-openjdk/jre/lib/jfr.jar:/usr/lib/jvm/java-1.8-openjdk/jre/classes"/>
    <property name="sun.management.compiler" value="HotSpot 64-Bit Tiered Compilers"/>
    <property name="java.runtime.version" value="1.8.0_212-b04"/>
    <property name="java.net.preferIPv4Stack" value="true"/>
    <property name="user.name" value="jenkins1000"/>
    <property name="path.separator" value=":"/>
    <property name="java.security.egd" value="file:///dev/urandom"/>
    <property name="os.version" value="3.10.0-957.12.2.el7.x86_64"/>
    <property name="java.endorsed.dirs" value="/usr/lib/jvm/java-1.8-openjdk/jre/lib/endorsed"/>
    <property name="java.runtime.name" value="OpenJDK Runtime Environment"/>
    <property name="file.encoding" value="UTF-8"/>
    <property name="java.vm.name" value="OpenJDK 64-Bit Server VM"/>
    <property name="test.build.webapps" value=""/>
    <property name="localRepository" value="/home/user/.m2/repository"/>
    <property name="java.vendor.url.bug" value="https://icedtea.classpath.org/bugzilla"/>
    <property name="java.io.tmpdir" value="/tmp"/>
    <property name="require.test.libhadoop" value=""/>
    <property name="java.version" value="1.8.0_212"/>
    <property name="user.dir" value="/workdir/hadoop-ozone/integration-test"/>
    <property name="os.arch" value="amd64"/>
    <property name="java.vm.specification.name" value="Java Virtual Machine Specification"/>
    <property name="test.build.classes" value="/workdir/hadoop-ozone/integration-test/target/test-classes"/>
    <property name="java.awt.printerjob" value="sun.print.PSPrinterJob"/>
    <property name="sun.os.patch.level" value="unknown"/>
    <property name="hadoop.tmp.dir" value="/workdir/hadoop-ozone/integration-test/target/tmp"/>
    <property name="java.library.path" value="/usr/lib/jvm/java-1.8-openjdk/jre/lib/amd64/server:/usr/lib/jvm/java-1.8-openjdk/jre/lib/amd64:/usr/lib/jvm/java-1.8-openjdk/jre/../lib/amd64:/workdir/hadoop-ozone/integration-test/target/native/target/usr/local/lib:/workdir/hadoop-ozone/integration-test/../../hadoop-common-project/hadoop-common/target/native/target/usr/local/lib:/usr/java/packages/lib/amd64:/usr/lib64:/lib64:/lib:/usr/lib"/>
    <property name="java.vm.info" value="mixed mode"/>
    <property name="java.vendor" value="IcedTea"/>
    <property name="java.vm.version" value="25.212-b04"/>
    <property name="java.ext.dirs" value="/usr/lib/jvm/java-1.8-openjdk/jre/lib/ext:/usr/java/packages/lib/ext"/>
    <property name="sun.io.unicode.encoding" value="UnicodeLittle"/>
    <property name="java.class.version" value="52.0"/>
  </properties>
  <testcase name="testGroupMismatchExceptionHandling" classname="org.apache.hadoop.ozone.client.rpc.TestOzoneClientRetriesOnException" time="42.878">
    <error type="java.lang.IllegalArgumentException">java.lang.IllegalArgumentException
	at com.google.common.base.Preconditions.checkArgument(Preconditions.java:72)
	at org.apache.hadoop.hdds.scm.XceiverClientManager.acquireClient(XceiverClientManager.java:150)
	at org.apache.hadoop.hdds.scm.XceiverClientManager.acquireClientForReadData(XceiverClientManager.java:143)
	at org.apache.hadoop.hdds.scm.storage.BlockInputStream.getChunkInfos(BlockInputStream.java:154)
	at org.apache.hadoop.hdds.scm.storage.BlockInputStream.initialize(BlockInputStream.java:118)
	at org.apache.hadoop.hdds.scm.storage.BlockInputStream.read(BlockInputStream.java:222)
	at org.apache.hadoop.ozone.client.io.KeyInputStream.read(KeyInputStream.java:171)
	at org.apache.hadoop.ozone.client.io.OzoneInputStream.read(OzoneInputStream.java:47)
	at java.io.InputStream.read(InputStream.java:101)
	at org.apache.hadoop.ozone.container.ContainerTestHelper.validateData(ContainerTestHelper.java:709)
	at org.apache.hadoop.ozone.client.rpc.TestOzoneClientRetriesOnException.validateData(TestOzoneClientRetriesOnException.java:231)
	at org.apache.hadoop.ozone.client.rpc.TestOzoneClientRetriesOnException.testGroupMismatchExceptionHandling(TestOzoneClientRetriesOnException.java:160)
	at sun.reflect.NativeMethodAccessorImpl.invoke0(Native Method)
	at sun.reflect.NativeMethodAccessorImpl.invoke(NativeMethodAccessorImpl.java:62)
	at sun.reflect.DelegatingMethodAccessorImpl.invoke(DelegatingMethodAccessorImpl.java:43)
	at java.lang.reflect.Method.invoke(Method.java:498)
	at org.junit.runners.model.FrameworkMethod$1.runReflectiveCall(FrameworkMethod.java:47)
	at org.junit.internal.runners.model.ReflectiveCallable.run(ReflectiveCallable.java:12)
	at org.junit.runners.model.FrameworkMethod.invokeExplosively(FrameworkMethod.java:44)
	at org.junit.internal.runners.statements.InvokeMethod.evaluate(InvokeMethod.java:17)
	at org.junit.internal.runners.statements.RunBefores.evaluate(RunBefores.java:26)
	at org.junit.internal.runners.statements.RunAfters.evaluate(RunAfters.java:27)
	at org.junit.runners.ParentRunner.runLeaf(ParentRunner.java:271)
	at org.junit.runners.BlockJUnit4ClassRunner.runChild(BlockJUnit4ClassRunner.java:70)
	at org.junit.runners.BlockJUnit4ClassRunner.runChild(BlockJUnit4ClassRunner.java:50)
	at org.junit.runners.ParentRunner$3.run(ParentRunner.java:238)
	at org.junit.runners.ParentRunner$1.schedule(ParentRunner.java:63)
	at org.junit.runners.ParentRunner.runChildren(ParentRunner.java:236)
	at org.junit.runners.ParentRunner.access$000(ParentRunner.java:53)
	at org.junit.runners.ParentRunner$2.evaluate(ParentRunner.java:229)
	at org.junit.runners.ParentRunner.run(ParentRunner.java:309)
	at org.apache.maven.surefire.junit4.JUnit4Provider.execute(JUnit4Provider.java:365)
	at org.apache.maven.surefire.junit4.JUnit4Provider.executeWithRerun(JUnit4Provider.java:273)
	at org.apache.maven.surefire.junit4.JUnit4Provider.executeTestSet(JUnit4Provider.java:238)
	at org.apache.maven.surefire.junit4.JUnit4Provider.invoke(JUnit4Provider.java:159)
	at org.apache.maven.surefire.booter.ForkedBooter.invokeProviderInSameClassLoader(ForkedBooter.java:384)
	at org.apache.maven.surefire.booter.ForkedBooter.runSuitesInProcess(ForkedBooter.java:345)
	at org.apache.maven.surefire.booter.ForkedBooter.execute(ForkedBooter.java:126)
	at org.apache.maven.surefire.booter.ForkedBooter.main(ForkedBooter.java:418)
</error>
    <system-out><![CDATA[2019-07-14 08:53:04,718 WARN  server.ServerUtils (ServerUtils.java:getScmDbDir(145)) - ozone.scm.db.dirs is not configured. We recommend adding this setting. Falling back to ozone.metadata.dirs instead.
2019-07-14 08:53:04,806 WARN  server.ServerUtils (ServerUtils.java:getScmDbDir(145)) - ozone.scm.db.dirs is not configured. We recommend adding this setting. Falling back to ozone.metadata.dirs instead.
2019-07-14 08:53:04,809 WARN  server.ServerUtils (ServerUtils.java:getScmDbDir(145)) - ozone.scm.db.dirs is not configured. We recommend adding this setting. Falling back to ozone.metadata.dirs instead.
2019-07-14 08:53:04,825 INFO  util.log (Log.java:initialized(192)) - Logging initialized @901ms
2019-07-14 08:53:04,926 INFO  db.DBStoreBuilder (DBStoreBuilder.java:addTable(110)) - using custom profile for table: deletedBlocks
2019-07-14 08:53:04,927 INFO  db.DBStoreBuilder (DBStoreBuilder.java:processTables(161)) - Using default column profile:DBProfile.DISK for Table:deletedBlocks
2019-07-14 08:53:04,927 INFO  db.DBStoreBuilder (DBStoreBuilder.java:addTable(110)) - using custom profile for table: validCerts
2019-07-14 08:53:04,927 INFO  db.DBStoreBuilder (DBStoreBuilder.java:processTables(161)) - Using default column profile:DBProfile.DISK for Table:validCerts
2019-07-14 08:53:04,928 INFO  db.DBStoreBuilder (DBStoreBuilder.java:addTable(110)) - using custom profile for table: revokedCerts
2019-07-14 08:53:04,928 INFO  db.DBStoreBuilder (DBStoreBuilder.java:processTables(161)) - Using default column profile:DBProfile.DISK for Table:revokedCerts
2019-07-14 08:53:04,939 INFO  db.DBStoreBuilder (DBStoreBuilder.java:addTable(110)) - using custom profile for table: default
2019-07-14 08:53:04,940 INFO  db.DBStoreBuilder (DBStoreBuilder.java:processTables(167)) - Using default column profile:DBProfile.DISK for Table:default
2019-07-14 08:53:04,941 INFO  db.DBStoreBuilder (DBStoreBuilder.java:getDbProfile(198)) - Using default options. DBProfile.DISK
2019-07-14 08:53:05,058 INFO  net.NodeSchemaLoader (NodeSchemaLoader.java:loadSchemaFromFile(125)) - Loading file from sun.misc.CompoundEnumeration@20ce78ec
2019-07-14 08:53:05,064 INFO  net.NodeSchemaLoader (NodeSchemaLoader.java:loadSchema(171)) - Loading network topology layer schema file
2019-07-14 08:53:05,137 WARN  server.ServerUtils (ServerUtils.java:sanitizeUserArgs(70)) - ozone.scm.stale.node.interval value = 300000 is larger than max = 100000 based on the key value of ozone.scm.heartbeat.thread.interval, reset to the max value 100000.
2019-07-14 08:53:05,138 WARN  server.ServerUtils (ServerUtils.java:sanitizeUserArgs(70)) - ozone.scm.stale.node.interval value = 300000 is larger than max = 100000 based on the key value of ozone.scm.heartbeat.thread.interval, reset to the max value 100000.
2019-07-14 08:53:05,140 INFO  node.SCMNodeManager (SCMNodeManager.java:<init>(119)) - Entering startup safe mode.
2019-07-14 08:53:05,223 WARN  server.ServerUtils (ServerUtils.java:getScmDbDir(145)) - ozone.scm.db.dirs is not configured. We recommend adding this setting. Falling back to ozone.metadata.dirs instead.
2019-07-14 08:53:05,264 INFO  pipeline.SCMPipelineManager (SCMPipelineManager.java:initializePipelineState(126)) - No pipeline exists in current db
2019-07-14 08:53:05,267 WARN  server.ServerUtils (ServerUtils.java:getScmDbDir(145)) - ozone.scm.db.dirs is not configured. We recommend adding this setting. Falling back to ozone.metadata.dirs instead.
2019-07-14 08:53:05,347 WARN  events.EventQueue (EventQueue.java:fireEvent(175)) - No event handler registered for event TypedEvent{payloadType=SafeModeStatus, name='SafeModeStatus'}
2019-07-14 08:53:05,674 INFO  ipc.CallQueueManager (CallQueueManager.java:<init>(84)) - Using callQueue: class java.util.concurrent.LinkedBlockingQueue, queueCapacity: 2000, scheduler: class org.apache.hadoop.ipc.DefaultRpcScheduler, ipcBackoff: false.
2019-07-14 08:53:05,701 INFO  ipc.Server (Server.java:run(1074)) - Starting Socket Reader #1 for port 38489
2019-07-14 08:53:05,723 INFO  ipc.CallQueueManager (CallQueueManager.java:<init>(84)) - Using callQueue: class java.util.concurrent.LinkedBlockingQueue, queueCapacity: 2000, scheduler: class org.apache.hadoop.ipc.DefaultRpcScheduler, ipcBackoff: false.
2019-07-14 08:53:05,724 INFO  ipc.Server (Server.java:run(1074)) - Starting Socket Reader #1 for port 34343
2019-07-14 08:53:05,731 INFO  ipc.CallQueueManager (CallQueueManager.java:<init>(84)) - Using callQueue: class java.util.concurrent.LinkedBlockingQueue, queueCapacity: 2000, scheduler: class org.apache.hadoop.ipc.DefaultRpcScheduler, ipcBackoff: false.
2019-07-14 08:53:05,732 INFO  ipc.Server (Server.java:run(1074)) - Starting Socket Reader #1 for port 35665
2019-07-14 08:53:05,876 INFO  hdfs.DFSUtil (DFSUtil.java:httpServerTemplateForNNAndJN(1641)) - Starting Web-server for scm at: http://0.0.0.0:0
2019-07-14 08:53:06,037 INFO  server.AuthenticationFilter (AuthenticationFilter.java:constructSecretProvider(240)) - Unable to initialize FileSignerSecretProvider, falling back to use random secrets.
2019-07-14 08:53:06,045 WARN  http.HttpRequestLog (HttpRequestLog.java:getRequestLog(97)) - Jetty request log can only be enabled using Log4j
2019-07-14 08:53:06,053 INFO  http.HttpServer2 (HttpServer2.java:addGlobalFilter(975)) - Added global filter 'safety' (class=org.apache.hadoop.http.HttpServer2$QuotingInputFilter)
2019-07-14 08:53:06,056 INFO  http.HttpServer2 (HttpServer2.java:addFilter(948)) - Added filter static_user_filter (class=org.apache.hadoop.http.lib.StaticUserWebFilter$StaticUserFilter) to context scm
2019-07-14 08:53:06,056 INFO  http.HttpServer2 (HttpServer2.java:addFilter(958)) - Added filter static_user_filter (class=org.apache.hadoop.http.lib.StaticUserWebFilter$StaticUserFilter) to context static
2019-07-14 08:53:06,056 INFO  http.HttpServer2 (HttpServer2.java:addFilter(958)) - Added filter static_user_filter (class=org.apache.hadoop.http.lib.StaticUserWebFilter$StaticUserFilter) to context logs
2019-07-14 08:53:06,085 INFO  server.StorageContainerManager (StorageContainerManager.java:start(759)) - StorageContainerLocationProtocol RPC server is listening at /0.0.0.0:35665
2019-07-14 08:53:06,142 WARN  impl.MetricsConfig (MetricsConfig.java:loadFirst(134)) - Cannot locate configuration: tried hadoop-metrics2-storagecontainermanager.properties,hadoop-metrics2.properties
2019-07-14 08:53:06,155 INFO  impl.MetricsSystemImpl (MetricsSystemImpl.java:startTimer(374)) - Scheduled Metric snapshot period at 10 second(s).
2019-07-14 08:53:06,155 INFO  impl.MetricsSystemImpl (MetricsSystemImpl.java:start(191)) - StorageContainerManager metrics system started
2019-07-14 08:53:06,368 INFO  server.SCMClientProtocolServer (SCMClientProtocolServer.java:start(149)) - RPC server for Client  is listening at /0.0.0.0:35665
2019-07-14 08:53:06,369 INFO  ipc.Server (Server.java:run(1314)) - IPC Server Responder: starting
2019-07-14 08:53:06,369 INFO  ipc.Server (Server.java:run(1153)) - IPC Server listener on 35665: starting
2019-07-14 08:53:06,373 INFO  server.StorageContainerManager (StorageContainerManager.java:start(768)) - ScmBlockLocationProtocol RPC server is listening at /0.0.0.0:34343
2019-07-14 08:53:06,373 INFO  server.SCMBlockProtocolServer (SCMBlockProtocolServer.java:start(140)) - RPC server for Block Protocol is listening at /0.0.0.0:34343
2019-07-14 08:53:06,374 INFO  ipc.Server (Server.java:run(1314)) - IPC Server Responder: starting
2019-07-14 08:53:06,374 INFO  ipc.Server (Server.java:run(1153)) - IPC Server listener on 34343: starting
2019-07-14 08:53:06,382 INFO  server.StorageContainerManager (StorageContainerManager.java:start(772)) - ScmDatanodeProtocl RPC server is listening at /0.0.0.0:38489
2019-07-14 08:53:06,382 INFO  server.SCMDatanodeProtocolServer (SCMDatanodeProtocolServer.java:start(191)) - RPC server for DataNodes is listening at /0.0.0.0:38489
2019-07-14 08:53:06,383 INFO  ipc.Server (Server.java:run(1314)) - IPC Server Responder: starting
2019-07-14 08:53:06,384 INFO  ipc.Server (Server.java:run(1153)) - IPC Server listener on 38489: starting
2019-07-14 08:53:06,397 INFO  http.HttpServer2 (HttpServer2.java:bindListener(1191)) - Jetty bound to port 45079
2019-07-14 08:53:06,399 INFO  server.Server (Server.java:doStart(351)) - jetty-9.3.24.v20180605, build timestamp: 2018-06-05T17:11:56Z, git hash: 84205aa28f11a4f31f2a3b86d1bba2cc8ab69827
2019-07-14 08:53:06,437 INFO  handler.ContextHandler (ContextHandler.java:doStart(781)) - Started o.e.j.s.ServletContextHandler@635572a7{/logs,file:///workdir/hadoop-ozone/integration-test/target/log,AVAILABLE}
2019-07-14 08:53:06,438 INFO  handler.ContextHandler (ContextHandler.java:doStart(781)) - Started o.e.j.s.ServletContextHandler@4dd02341{/static,file:///workdir/hadoop-ozone/integration-test/target/test-classes/webapps/static,AVAILABLE}
2019-07-14 08:53:06,468 INFO  handler.ContextHandler (ContextHandler.java:doStart(781)) - Started o.e.j.w.WebAppContext@6fff253c{/,file:///workdir/hadoop-ozone/integration-test/target/test-classes/webapps/scm/,AVAILABLE}{/scm}
2019-07-14 08:53:06,473 INFO  server.AbstractConnector (AbstractConnector.java:doStart(278)) - Started ServerConnector@7c041b41{HTTP/1.1,[http/1.1]}{0.0.0.0:45079}
2019-07-14 08:53:06,474 INFO  server.Server (Server.java:doStart(419)) - Started @2549ms
2019-07-14 08:53:06,475 INFO  server.BaseHttpServer (BaseHttpServer.java:updateConnectorAddress(207)) - HTTP server of SCM is listening at http://0.0.0.0:45079
2019-07-14 08:53:06,482 INFO  util.JvmPauseMonitor (JvmPauseMonitor.java:run(188)) - Starting JVM pause monitor
2019-07-14 08:53:06,483 WARN  server.ServerUtils (ServerUtils.java:getDBPath(222)) - ozone.om.db.dirs is not configured. We recommend adding this setting. Falling back to ozone.metadata.dirs instead.
2019-07-14 08:53:06,575 WARN  server.ServerUtils (ServerUtils.java:getDBPath(222)) - ozone.om.db.dirs is not configured. We recommend adding this setting. Falling back to ozone.metadata.dirs instead.
2019-07-14 08:53:06,576 INFO  om.OzoneManager (OzoneManager.java:setOMNodeDetails(630)) - OM Service ID is not set. Setting it to the default ID: omServiceIdDefault
2019-07-14 08:53:06,576 INFO  om.OzoneManager (OzoneManager.java:setOMNodeDetails(636)) - OM Node ID is not set. Setting it to the OmStorage's OmID: f5739660-d12c-4972-a177-2c462bd0cd03
2019-07-14 08:53:06,577 INFO  om.OzoneManager (OzoneManager.java:loadOMHAConfigs(587)) - Found matching OM address with OMServiceId: null, OMNodeId: null, RPC Address: localhost:0 and Ratis port: 9872
2019-07-14 08:53:06,809 WARN  server.ServerUtils (ServerUtils.java:getDBPath(222)) - ozone.om.db.dirs is not configured. We recommend adding this setting. Falling back to ozone.metadata.dirs instead.
2019-07-14 08:53:06,820 INFO  db.DBStoreBuilder (DBStoreBuilder.java:addTable(110)) - using custom profile for table: userTable
2019-07-14 08:53:06,821 INFO  db.DBStoreBuilder (DBStoreBuilder.java:processTables(161)) - Using default column profile:DBProfile.DISK for Table:userTable
2019-07-14 08:53:06,821 INFO  db.DBStoreBuilder (DBStoreBuilder.java:addTable(110)) - using custom profile for table: volumeTable
2019-07-14 08:53:06,821 INFO  db.DBStoreBuilder (DBStoreBuilder.java:processTables(161)) - Using default column profile:DBProfile.DISK for Table:volumeTable
2019-07-14 08:53:06,822 INFO  db.DBStoreBuilder (DBStoreBuilder.java:addTable(110)) - using custom profile for table: bucketTable
2019-07-14 08:53:06,822 INFO  db.DBStoreBuilder (DBStoreBuilder.java:processTables(161)) - Using default column profile:DBProfile.DISK for Table:bucketTable
2019-07-14 08:53:06,822 INFO  db.DBStoreBuilder (DBStoreBuilder.java:addTable(110)) - using custom profile for table: keyTable
2019-07-14 08:53:06,823 INFO  db.DBStoreBuilder (DBStoreBuilder.java:processTables(161)) - Using default column profile:DBProfile.DISK for Table:keyTable
2019-07-14 08:53:06,823 INFO  db.DBStoreBuilder (DBStoreBuilder.java:addTable(110)) - using custom profile for table: deletedTable
2019-07-14 08:53:06,823 INFO  db.DBStoreBuilder (DBStoreBuilder.java:processTables(161)) - Using default column profile:DBProfile.DISK for Table:deletedTable
2019-07-14 08:53:06,824 INFO  db.DBStoreBuilder (DBStoreBuilder.java:addTable(110)) - using custom profile for table: openKeyTable
2019-07-14 08:53:06,824 INFO  db.DBStoreBuilder (DBStoreBuilder.java:processTables(161)) - Using default column profile:DBProfile.DISK for Table:openKeyTable
2019-07-14 08:53:06,825 INFO  db.DBStoreBuilder (DBStoreBuilder.java:addTable(110)) - using custom profile for table: s3Table
2019-07-14 08:53:06,825 INFO  db.DBStoreBuilder (DBStoreBuilder.java:processTables(161)) - Using default column profile:DBProfile.DISK for Table:s3Table
2019-07-14 08:53:06,825 INFO  db.DBStoreBuilder (DBStoreBuilder.java:addTable(110)) - using custom profile for table: multipartInfoTable
2019-07-14 08:53:06,825 INFO  db.DBStoreBuilder (DBStoreBuilder.java:processTables(161)) - Using default column profile:DBProfile.DISK for Table:multipartInfoTable
2019-07-14 08:53:06,826 INFO  db.DBStoreBuilder (DBStoreBuilder.java:addTable(110)) - using custom profile for table: dTokenTable
2019-07-14 08:53:06,826 INFO  db.DBStoreBuilder (DBStoreBuilder.java:processTables(161)) - Using default column profile:DBProfile.DISK for Table:dTokenTable
2019-07-14 08:53:06,827 INFO  db.DBStoreBuilder (DBStoreBuilder.java:addTable(110)) - using custom profile for table: s3SecretTable
2019-07-14 08:53:06,827 INFO  db.DBStoreBuilder (DBStoreBuilder.java:processTables(161)) - Using default column profile:DBProfile.DISK for Table:s3SecretTable
2019-07-14 08:53:06,827 INFO  db.DBStoreBuilder (DBStoreBuilder.java:addTable(110)) - using custom profile for table: prefixTable
2019-07-14 08:53:06,828 INFO  db.DBStoreBuilder (DBStoreBuilder.java:processTables(161)) - Using default column profile:DBProfile.DISK for Table:prefixTable
2019-07-14 08:53:06,828 INFO  db.DBStoreBuilder (DBStoreBuilder.java:addTable(110)) - using custom profile for table: default
2019-07-14 08:53:06,828 INFO  db.DBStoreBuilder (DBStoreBuilder.java:processTables(167)) - Using default column profile:DBProfile.DISK for Table:default
2019-07-14 08:53:06,829 INFO  db.DBStoreBuilder (DBStoreBuilder.java:getDbProfile(198)) - Using default options. DBProfile.DISK
2019-07-14 08:53:07,527 INFO  ipc.CallQueueManager (CallQueueManager.java:<init>(84)) - Using callQueue: class java.util.concurrent.LinkedBlockingQueue, queueCapacity: 2000, scheduler: class org.apache.hadoop.ipc.DefaultRpcScheduler, ipcBackoff: false.
2019-07-14 08:53:07,528 INFO  ipc.Server (Server.java:run(1074)) - Starting Socket Reader #1 for port 34828
2019-07-14 08:53:07,556 WARN  server.ServerUtils (ServerUtils.java:getDBPath(222)) - ozone.om.db.dirs is not configured. We recommend adding this setting. Falling back to ozone.metadata.dirs instead.
2019-07-14 08:53:07,556 INFO  om.OzoneManager (OzoneManager.java:start(1228)) - OzoneManager RPC server is listening at localhost/127.0.0.1:34828
2019-07-14 08:53:07,557 INFO  impl.MetricsSystemImpl (MetricsSystemImpl.java:init(158)) - OzoneManager metrics system started (again)
2019-07-14 08:53:07,559 INFO  ipc.Server (Server.java:run(1314)) - IPC Server Responder: starting
2019-07-14 08:53:07,559 INFO  ipc.Server (Server.java:run(1153)) - IPC Server listener on 34828: starting
2019-07-14 08:53:07,573 INFO  hdfs.DFSUtil (DFSUtil.java:httpServerTemplateForNNAndJN(1641)) - Starting Web-server for ozoneManager at: http://0.0.0.0:0
2019-07-14 08:53:07,575 INFO  server.AuthenticationFilter (AuthenticationFilter.java:constructSecretProvider(240)) - Unable to initialize FileSignerSecretProvider, falling back to use random secrets.
2019-07-14 08:53:07,576 WARN  http.HttpRequestLog (HttpRequestLog.java:getRequestLog(97)) - Jetty request log can only be enabled using Log4j
2019-07-14 08:53:07,580 INFO  http.HttpServer2 (HttpServer2.java:addGlobalFilter(975)) - Added global filter 'safety' (class=org.apache.hadoop.http.HttpServer2$QuotingInputFilter)
2019-07-14 08:53:07,581 INFO  http.HttpServer2 (HttpServer2.java:addFilter(948)) - Added filter static_user_filter (class=org.apache.hadoop.http.lib.StaticUserWebFilter$StaticUserFilter) to context ozoneManager
2019-07-14 08:53:07,582 INFO  http.HttpServer2 (HttpServer2.java:addFilter(958)) - Added filter static_user_filter (class=org.apache.hadoop.http.lib.StaticUserWebFilter$StaticUserFilter) to context static
2019-07-14 08:53:07,582 INFO  http.HttpServer2 (HttpServer2.java:addFilter(958)) - Added filter static_user_filter (class=org.apache.hadoop.http.lib.StaticUserWebFilter$StaticUserFilter) to context logs
2019-07-14 08:53:07,585 INFO  http.HttpServer2 (HttpServer2.java:bindListener(1191)) - Jetty bound to port 33703
2019-07-14 08:53:07,586 INFO  server.Server (Server.java:doStart(351)) - jetty-9.3.24.v20180605, build timestamp: 2018-06-05T17:11:56Z, git hash: 84205aa28f11a4f31f2a3b86d1bba2cc8ab69827
2019-07-14 08:53:07,589 INFO  handler.ContextHandler (ContextHandler.java:doStart(781)) - Started o.e.j.s.ServletContextHandler@2d0bfb24{/logs,file:///workdir/hadoop-ozone/integration-test/target/log,AVAILABLE}
2019-07-14 08:53:07,590 INFO  handler.ContextHandler (ContextHandler.java:doStart(781)) - Started o.e.j.s.ServletContextHandler@7b44b63d{/static,file:///workdir/hadoop-ozone/integration-test/target/test-classes/webapps/static,AVAILABLE}
2019-07-14 08:53:07,598 INFO  handler.ContextHandler (ContextHandler.java:doStart(781)) - Started o.e.j.w.WebAppContext@3e9803c2{/,file:///workdir/hadoop-ozone/integration-test/target/test-classes/webapps/ozoneManager/,AVAILABLE}{/ozoneManager}
2019-07-14 08:53:07,598 INFO  server.AbstractConnector (AbstractConnector.java:doStart(278)) - Started ServerConnector@4525d1d3{HTTP/1.1,[http/1.1]}{0.0.0.0:33703}
2019-07-14 08:53:07,599 INFO  server.Server (Server.java:doStart(419)) - Started @3674ms
2019-07-14 08:53:07,600 INFO  server.BaseHttpServer (BaseHttpServer.java:updateConnectorAddress(207)) - HTTP server of OZONEMANAGER is listening at http://0.0.0.0:33703
2019-07-14 08:53:07,962 INFO  impl.MetricsSystemImpl (MetricsSystemImpl.java:init(158)) - HddsDatanode metrics system started (again)
2019-07-14 08:53:08,043 INFO  ozone.HddsDatanodeService (HddsDatanodeService.java:start(185)) - HddsDatanodeService host:trunk-nightly-5z2vd-27108033 ip:192.168.5.191
2019-07-14 08:53:08,075 INFO  volume.HddsVolume (HddsVolume.java:<init>(176)) - Creating Volume: /workdir/hadoop-ozone/integration-test/target/test-dir/MiniOzoneClusterImpl-2474cb1b-609a-4057-b253-62a746fc6dfe/datanode-0/data/containers/hdds of  storage type : DISK and capacity : 52710309888
2019-07-14 08:53:08,077 INFO  volume.VolumeSet (VolumeSet.java:initializeVolumeSet(170)) - Added Volume : /workdir/hadoop-ozone/integration-test/target/test-dir/MiniOzoneClusterImpl-2474cb1b-609a-4057-b253-62a746fc6dfe/datanode-0/data/containers/hdds to VolumeSet
2019-07-14 08:53:08,080 INFO  volume.ThrottledAsyncChecker (ThrottledAsyncChecker.java:schedule(140)) - Scheduling a check for org.apache.hadoop.ozone.container.common.volume.HddsVolume@59546cfe
2019-07-14 08:53:08,097 INFO  volume.HddsVolumeChecker (HddsVolumeChecker.java:checkAllVolumes(203)) - Scheduled health check for volume org.apache.hadoop.ozone.container.common.volume.HddsVolume@59546cfe
2019-07-14 08:53:08,207 INFO  impl.RaftServerProxy (ConfUtils.java:logGet(43)) - raft.rpc.type = GRPC (default)
2019-07-14 08:53:08,270 INFO  grpc.GrpcFactory (GrpcFactory.java:checkPooledByteBufAllocatorUseCacheForAllThreads(45)) - PERFORMANCE WARNING: useCacheForAllThreads is true that may cause Netty to create a lot garbage objects and, as a result, trigger GC.
	It is recommended to disable useCacheForAllThreads by setting -Dorg.apache.ratis.thirdparty.io.netty.allocator.useCacheForAllThreads=false in command line.
2019-07-14 08:53:08,274 INFO  grpc.GrpcConfigKeys$Server (ConfUtils.java:logGet(43)) - raft.grpc.server.port = 0 (default)
2019-07-14 08:53:08,275 INFO  server.GrpcService (ConfUtils.java:logGet(43)) - raft.grpc.message.size.max = 33570816 (custom)
2019-07-14 08:53:08,276 INFO  server.RaftServerConfigKeys (ConfUtils.java:logGet(43)) - raft.server.log.appender.buffer.byte-limit = 33554432 (custom)
2019-07-14 08:53:08,277 INFO  server.GrpcService (ConfUtils.java:logGet(43)) - raft.grpc.flow.control.window = 1MB (=1048576) (default)
2019-07-14 08:53:08,278 INFO  server.RaftServerConfigKeys (ConfUtils.java:logGet(43)) - raft.server.rpc.request.timeout = 3000ms (default)
2019-07-14 08:53:08,434 INFO  server.RaftServerConfigKeys (ConfUtils.java:logGet(43)) - raft.server.storage.dir = [/workdir/hadoop-ozone/integration-test/target/test-dir/MiniOzoneClusterImpl-2474cb1b-609a-4057-b253-62a746fc6dfe/datanode-0/data/ratis] (custom)
2019-07-14 08:53:08,480 INFO  replication.SimpleContainerDownloader (SimpleContainerDownloader.java:<init>(72)) - Starting container downloader service to copy containers to replicate.
2019-07-14 08:53:08,495 INFO  hdfs.DFSUtil (DFSUtil.java:httpServerTemplateForNNAndJN(1641)) - Starting Web-server for hddsDatanode at: http://0.0.0.0:0
2019-07-14 08:53:08,498 INFO  server.AuthenticationFilter (AuthenticationFilter.java:constructSecretProvider(240)) - Unable to initialize FileSignerSecretProvider, falling back to use random secrets.
2019-07-14 08:53:08,499 WARN  http.HttpRequestLog (HttpRequestLog.java:getRequestLog(97)) - Jetty request log can only be enabled using Log4j
2019-07-14 08:53:08,500 INFO  http.HttpServer2 (HttpServer2.java:addGlobalFilter(975)) - Added global filter 'safety' (class=org.apache.hadoop.http.HttpServer2$QuotingInputFilter)
2019-07-14 08:53:08,501 INFO  http.HttpServer2 (HttpServer2.java:addFilter(948)) - Added filter static_user_filter (class=org.apache.hadoop.http.lib.StaticUserWebFilter$StaticUserFilter) to context hddsDatanode
2019-07-14 08:53:08,502 INFO  http.HttpServer2 (HttpServer2.java:addFilter(958)) - Added filter static_user_filter (class=org.apache.hadoop.http.lib.StaticUserWebFilter$StaticUserFilter) to context static
2019-07-14 08:53:08,502 INFO  http.HttpServer2 (HttpServer2.java:addFilter(958)) - Added filter static_user_filter (class=org.apache.hadoop.http.lib.StaticUserWebFilter$StaticUserFilter) to context logs
2019-07-14 08:53:08,503 INFO  http.HttpServer2 (HttpServer2.java:bindListener(1191)) - Jetty bound to port 43019
2019-07-14 08:53:08,503 INFO  server.Server (Server.java:doStart(351)) - jetty-9.3.24.v20180605, build timestamp: 2018-06-05T17:11:56Z, git hash: 84205aa28f11a4f31f2a3b86d1bba2cc8ab69827
2019-07-14 08:53:08,505 INFO  handler.ContextHandler (ContextHandler.java:doStart(781)) - Started o.e.j.s.ServletContextHandler@36cc9385{/logs,file:///workdir/hadoop-ozone/integration-test/target/log,AVAILABLE}
2019-07-14 08:53:08,506 INFO  handler.ContextHandler (ContextHandler.java:doStart(781)) - Started o.e.j.s.ServletContextHandler@7915bca3{/static,jar:file:/home/user/.m2/repository/org/apache/hadoop/hadoop-hdds-container-service/0.5.0-SNAPSHOT/hadoop-hdds-container-service-0.5.0-SNAPSHOT.jar!/webapps/static,AVAILABLE}
2019-07-14 08:53:08,540 INFO  handler.ContextHandler (ContextHandler.java:doStart(781)) - Started o.e.j.w.WebAppContext@37e0292a{/,file:///tmp/jetty-0.0.0.0-43019-hddsDatanode-_-any-3893050696360328590.dir/webapp/,AVAILABLE}{/hddsDatanode}
2019-07-14 08:53:08,541 INFO  server.AbstractConnector (AbstractConnector.java:doStart(278)) - Started ServerConnector@4af70944{HTTP/1.1,[http/1.1]}{0.0.0.0:43019}
2019-07-14 08:53:08,546 INFO  server.Server (Server.java:doStart(419)) - Started @4622ms
2019-07-14 08:53:08,547 INFO  server.BaseHttpServer (BaseHttpServer.java:updateConnectorAddress(207)) - HTTP server of HDDSDATANODE is listening at http://0.0.0.0:43019
2019-07-14 08:53:09,632 INFO  ozone.HddsDatanodeService (HddsDatanodeService.java:startPlugins(396)) - Started plug-in org.apache.hadoop.ozone.web.OzoneHddsDatanodeService@b4732dc
2019-07-14 08:53:09,635 INFO  impl.MetricsSystemImpl (MetricsSystemImpl.java:init(158)) - HddsDatanode metrics system started (again)
2019-07-14 08:53:09,636 INFO  ozone.HddsDatanodeService (HddsDatanodeService.java:start(185)) - HddsDatanodeService host:trunk-nightly-5z2vd-27108033 ip:192.168.5.191
2019-07-14 08:53:09,644 INFO  util.JvmPauseMonitor (JvmPauseMonitor.java:run(188)) - Starting JVM pause monitor
2019-07-14 08:53:09,648 INFO  volume.HddsVolume (HddsVolume.java:<init>(176)) - Creating Volume: /workdir/hadoop-ozone/integration-test/target/test-dir/MiniOzoneClusterImpl-2474cb1b-609a-4057-b253-62a746fc6dfe/datanode-1/data/containers/hdds of  storage type : DISK and capacity : 52710309888
2019-07-14 08:53:09,648 INFO  volume.VolumeSet (VolumeSet.java:initializeVolumeSet(170)) - Added Volume : /workdir/hadoop-ozone/integration-test/target/test-dir/MiniOzoneClusterImpl-2474cb1b-609a-4057-b253-62a746fc6dfe/datanode-1/data/containers/hdds to VolumeSet
2019-07-14 08:53:09,648 INFO  volume.ThrottledAsyncChecker (ThrottledAsyncChecker.java:schedule(140)) - Scheduling a check for org.apache.hadoop.ozone.container.common.volume.HddsVolume@778a1250
2019-07-14 08:53:09,650 INFO  volume.HddsVolumeChecker (HddsVolumeChecker.java:checkAllVolumes(203)) - Scheduled health check for volume org.apache.hadoop.ozone.container.common.volume.HddsVolume@778a1250
2019-07-14 08:53:09,672 INFO  impl.RaftServerProxy (ConfUtils.java:logGet(43)) - raft.rpc.type = GRPC (default)
2019-07-14 08:53:09,672 INFO  grpc.GrpcFactory (GrpcFactory.java:checkPooledByteBufAllocatorUseCacheForAllThreads(45)) - PERFORMANCE WARNING: useCacheForAllThreads is true that may cause Netty to create a lot garbage objects and, as a result, trigger GC.
	It is recommended to disable useCacheForAllThreads by setting -Dorg.apache.ratis.thirdparty.io.netty.allocator.useCacheForAllThreads=false in command line.
2019-07-14 08:53:09,673 INFO  grpc.GrpcConfigKeys$Server (ConfUtils.java:logGet(43)) - raft.grpc.server.port = 0 (default)
2019-07-14 08:53:09,673 INFO  server.GrpcService (ConfUtils.java:logGet(43)) - raft.grpc.message.size.max = 33570816 (custom)
2019-07-14 08:53:09,673 INFO  server.RaftServerConfigKeys (ConfUtils.java:logGet(43)) - raft.server.log.appender.buffer.byte-limit = 33554432 (custom)
2019-07-14 08:53:09,673 INFO  server.GrpcService (ConfUtils.java:logGet(43)) - raft.grpc.flow.control.window = 1MB (=1048576) (default)
2019-07-14 08:53:09,674 INFO  server.RaftServerConfigKeys (ConfUtils.java:logGet(43)) - raft.server.rpc.request.timeout = 3000ms (default)
2019-07-14 08:53:09,674 INFO  server.RaftServerConfigKeys (ConfUtils.java:logGet(43)) - raft.server.storage.dir = [/workdir/hadoop-ozone/integration-test/target/test-dir/MiniOzoneClusterImpl-2474cb1b-609a-4057-b253-62a746fc6dfe/datanode-1/data/ratis] (custom)
2019-07-14 08:53:09,675 INFO  replication.SimpleContainerDownloader (SimpleContainerDownloader.java:<init>(72)) - Starting container downloader service to copy containers to replicate.
2019-07-14 08:53:09,676 INFO  hdfs.DFSUtil (DFSUtil.java:httpServerTemplateForNNAndJN(1641)) - Starting Web-server for hddsDatanode at: http://0.0.0.0:0
2019-07-14 08:53:09,678 INFO  server.AuthenticationFilter (AuthenticationFilter.java:constructSecretProvider(240)) - Unable to initialize FileSignerSecretProvider, falling back to use random secrets.
2019-07-14 08:53:09,679 WARN  http.HttpRequestLog (HttpRequestLog.java:getRequestLog(97)) - Jetty request log can only be enabled using Log4j
2019-07-14 08:53:09,682 INFO  http.HttpServer2 (HttpServer2.java:addGlobalFilter(975)) - Added global filter 'safety' (class=org.apache.hadoop.http.HttpServer2$QuotingInputFilter)
2019-07-14 08:53:09,683 INFO  http.HttpServer2 (HttpServer2.java:addFilter(948)) - Added filter static_user_filter (class=org.apache.hadoop.http.lib.StaticUserWebFilter$StaticUserFilter) to context hddsDatanode
2019-07-14 08:53:09,683 INFO  http.HttpServer2 (HttpServer2.java:addFilter(958)) - Added filter static_user_filter (class=org.apache.hadoop.http.lib.StaticUserWebFilter$StaticUserFilter) to context static
2019-07-14 08:53:09,683 INFO  http.HttpServer2 (HttpServer2.java:addFilter(958)) - Added filter static_user_filter (class=org.apache.hadoop.http.lib.StaticUserWebFilter$StaticUserFilter) to context logs
2019-07-14 08:53:09,684 INFO  http.HttpServer2 (HttpServer2.java:bindListener(1191)) - Jetty bound to port 33729
2019-07-14 08:53:09,684 INFO  server.Server (Server.java:doStart(351)) - jetty-9.3.24.v20180605, build timestamp: 2018-06-05T17:11:56Z, git hash: 84205aa28f11a4f31f2a3b86d1bba2cc8ab69827
2019-07-14 08:53:09,686 INFO  handler.ContextHandler (ContextHandler.java:doStart(781)) - Started o.e.j.s.ServletContextHandler@359066bc{/logs,file:///workdir/hadoop-ozone/integration-test/target/log,AVAILABLE}
2019-07-14 08:53:09,687 INFO  handler.ContextHandler (ContextHandler.java:doStart(781)) - Started o.e.j.s.ServletContextHandler@364fd4ae{/static,jar:file:/home/user/.m2/repository/org/apache/hadoop/hadoop-hdds-container-service/0.5.0-SNAPSHOT/hadoop-hdds-container-service-0.5.0-SNAPSHOT.jar!/webapps/static,AVAILABLE}
2019-07-14 08:53:09,721 INFO  handler.ContextHandler (ContextHandler.java:doStart(781)) - Started o.e.j.w.WebAppContext@2e1eb85f{/,file:///tmp/jetty-0.0.0.0-33729-hddsDatanode-_-any-2104455598480229724.dir/webapp/,AVAILABLE}{/hddsDatanode}
2019-07-14 08:53:09,722 INFO  server.AbstractConnector (AbstractConnector.java:doStart(278)) - Started ServerConnector@ea7a4c3{HTTP/1.1,[http/1.1]}{0.0.0.0:33729}
2019-07-14 08:53:09,722 INFO  server.Server (Server.java:doStart(419)) - Started @5798ms
2019-07-14 08:53:09,724 INFO  server.BaseHttpServer (BaseHttpServer.java:updateConnectorAddress(207)) - HTTP server of HDDSDATANODE is listening at http://0.0.0.0:33729
2019-07-14 08:53:09,777 INFO  datanode.InitDatanodeState (InitDatanodeState.java:persistContainerDatanodeDetails(140)) - DatanodeDetails is persisted to /workdir/hadoop-ozone/integration-test/target/test-dir/MiniOzoneClusterImpl-2474cb1b-609a-4057-b253-62a746fc6dfe/datanode-0/meta/datanode.id
2019-07-14 08:53:09,844 INFO  ozone.HddsDatanodeService (HddsDatanodeService.java:startPlugins(396)) - Started plug-in org.apache.hadoop.ozone.web.OzoneHddsDatanodeService@5729b410
2019-07-14 08:53:09,844 INFO  impl.MetricsSystemImpl (MetricsSystemImpl.java:init(158)) - HddsDatanode metrics system started (again)
2019-07-14 08:53:09,845 INFO  ozone.HddsDatanodeService (HddsDatanodeService.java:start(185)) - HddsDatanodeService host:trunk-nightly-5z2vd-27108033 ip:192.168.5.191
2019-07-14 08:53:09,846 INFO  util.JvmPauseMonitor (JvmPauseMonitor.java:run(188)) - Starting JVM pause monitor
2019-07-14 08:53:09,854 INFO  volume.HddsVolume (HddsVolume.java:<init>(176)) - Creating Volume: /workdir/hadoop-ozone/integration-test/target/test-dir/MiniOzoneClusterImpl-2474cb1b-609a-4057-b253-62a746fc6dfe/datanode-2/data/containers/hdds of  storage type : DISK and capacity : 52710309888
2019-07-14 08:53:09,855 INFO  volume.VolumeSet (VolumeSet.java:initializeVolumeSet(170)) - Added Volume : /workdir/hadoop-ozone/integration-test/target/test-dir/MiniOzoneClusterImpl-2474cb1b-609a-4057-b253-62a746fc6dfe/datanode-2/data/containers/hdds to VolumeSet
2019-07-14 08:53:09,855 INFO  volume.ThrottledAsyncChecker (ThrottledAsyncChecker.java:schedule(140)) - Scheduling a check for org.apache.hadoop.ozone.container.common.volume.HddsVolume@52b959df
2019-07-14 08:53:09,856 INFO  volume.HddsVolumeChecker (HddsVolumeChecker.java:checkAllVolumes(203)) - Scheduled health check for volume org.apache.hadoop.ozone.container.common.volume.HddsVolume@52b959df
2019-07-14 08:53:09,856 INFO  datanode.InitDatanodeState (InitDatanodeState.java:persistContainerDatanodeDetails(140)) - DatanodeDetails is persisted to /workdir/hadoop-ozone/integration-test/target/test-dir/MiniOzoneClusterImpl-2474cb1b-609a-4057-b253-62a746fc6dfe/datanode-1/meta/datanode.id
2019-07-14 08:53:09,868 INFO  impl.RaftServerProxy (ConfUtils.java:logGet(43)) - raft.rpc.type = GRPC (default)
2019-07-14 08:53:09,869 INFO  grpc.GrpcFactory (GrpcFactory.java:checkPooledByteBufAllocatorUseCacheForAllThreads(45)) - PERFORMANCE WARNING: useCacheForAllThreads is true that may cause Netty to create a lot garbage objects and, as a result, trigger GC.
	It is recommended to disable useCacheForAllThreads by setting -Dorg.apache.ratis.thirdparty.io.netty.allocator.useCacheForAllThreads=false in command line.
2019-07-14 08:53:09,869 INFO  grpc.GrpcConfigKeys$Server (ConfUtils.java:logGet(43)) - raft.grpc.server.port = 0 (default)
2019-07-14 08:53:09,869 INFO  server.GrpcService (ConfUtils.java:logGet(43)) - raft.grpc.message.size.max = 33570816 (custom)
2019-07-14 08:53:09,869 INFO  server.RaftServerConfigKeys (ConfUtils.java:logGet(43)) - raft.server.log.appender.buffer.byte-limit = 33554432 (custom)
2019-07-14 08:53:09,869 INFO  server.GrpcService (ConfUtils.java:logGet(43)) - raft.grpc.flow.control.window = 1MB (=1048576) (default)
2019-07-14 08:53:09,870 INFO  server.RaftServerConfigKeys (ConfUtils.java:logGet(43)) - raft.server.rpc.request.timeout = 3000ms (default)
2019-07-14 08:53:09,870 INFO  server.RaftServerConfigKeys (ConfUtils.java:logGet(43)) - raft.server.storage.dir = [/workdir/hadoop-ozone/integration-test/target/test-dir/MiniOzoneClusterImpl-2474cb1b-609a-4057-b253-62a746fc6dfe/datanode-2/data/ratis] (custom)
2019-07-14 08:53:09,871 INFO  replication.SimpleContainerDownloader (SimpleContainerDownloader.java:<init>(72)) - Starting container downloader service to copy containers to replicate.
2019-07-14 08:53:09,872 INFO  hdfs.DFSUtil (DFSUtil.java:httpServerTemplateForNNAndJN(1641)) - Starting Web-server for hddsDatanode at: http://0.0.0.0:0
2019-07-14 08:53:09,873 INFO  server.AuthenticationFilter (AuthenticationFilter.java:constructSecretProvider(240)) - Unable to initialize FileSignerSecretProvider, falling back to use random secrets.
2019-07-14 08:53:09,873 WARN  http.HttpRequestLog (HttpRequestLog.java:getRequestLog(97)) - Jetty request log can only be enabled using Log4j
2019-07-14 08:53:09,875 INFO  http.HttpServer2 (HttpServer2.java:addGlobalFilter(975)) - Added global filter 'safety' (class=org.apache.hadoop.http.HttpServer2$QuotingInputFilter)
2019-07-14 08:53:09,875 INFO  http.HttpServer2 (HttpServer2.java:addFilter(948)) - Added filter static_user_filter (class=org.apache.hadoop.http.lib.StaticUserWebFilter$StaticUserFilter) to context hddsDatanode
2019-07-14 08:53:09,875 INFO  http.HttpServer2 (HttpServer2.java:addFilter(958)) - Added filter static_user_filter (class=org.apache.hadoop.http.lib.StaticUserWebFilter$StaticUserFilter) to context static
2019-07-14 08:53:09,875 INFO  http.HttpServer2 (HttpServer2.java:addFilter(958)) - Added filter static_user_filter (class=org.apache.hadoop.http.lib.StaticUserWebFilter$StaticUserFilter) to context logs
2019-07-14 08:53:09,876 INFO  http.HttpServer2 (HttpServer2.java:bindListener(1191)) - Jetty bound to port 43646
2019-07-14 08:53:09,876 INFO  server.Server (Server.java:doStart(351)) - jetty-9.3.24.v20180605, build timestamp: 2018-06-05T17:11:56Z, git hash: 84205aa28f11a4f31f2a3b86d1bba2cc8ab69827
2019-07-14 08:53:09,880 INFO  handler.ContextHandler (ContextHandler.java:doStart(781)) - Started o.e.j.s.ServletContextHandler@631c6d11{/logs,file:///workdir/hadoop-ozone/integration-test/target/log,AVAILABLE}
2019-07-14 08:53:09,880 INFO  handler.ContextHandler (ContextHandler.java:doStart(781)) - Started o.e.j.s.ServletContextHandler@62ade015{/static,jar:file:/home/user/.m2/repository/org/apache/hadoop/hadoop-hdds-container-service/0.5.0-SNAPSHOT/hadoop-hdds-container-service-0.5.0-SNAPSHOT.jar!/webapps/static,AVAILABLE}
2019-07-14 08:53:09,919 INFO  handler.ContextHandler (ContextHandler.java:doStart(781)) - Started o.e.j.w.WebAppContext@7197b07f{/,file:///tmp/jetty-0.0.0.0-43646-hddsDatanode-_-any-6216836117214805821.dir/webapp/,AVAILABLE}{/hddsDatanode}
2019-07-14 08:53:09,920 INFO  server.AbstractConnector (AbstractConnector.java:doStart(278)) - Started ServerConnector@1f10fec6{HTTP/1.1,[http/1.1]}{0.0.0.0:43646}
2019-07-14 08:53:09,922 INFO  server.Server (Server.java:doStart(419)) - Started @5997ms
2019-07-14 08:53:09,923 INFO  server.BaseHttpServer (BaseHttpServer.java:updateConnectorAddress(207)) - HTTP server of HDDSDATANODE is listening at http://0.0.0.0:43646
2019-07-14 08:53:10,104 INFO  ozone.HddsDatanodeService (HddsDatanodeService.java:startPlugins(396)) - Started plug-in org.apache.hadoop.ozone.web.OzoneHddsDatanodeService@7436364d
2019-07-14 08:53:10,104 INFO  impl.MetricsSystemImpl (MetricsSystemImpl.java:init(158)) - HddsDatanode metrics system started (again)
2019-07-14 08:53:10,105 INFO  ozone.HddsDatanodeService (HddsDatanodeService.java:start(185)) - HddsDatanodeService host:trunk-nightly-5z2vd-27108033 ip:192.168.5.191
2019-07-14 08:53:10,107 INFO  util.JvmPauseMonitor (JvmPauseMonitor.java:run(188)) - Starting JVM pause monitor
2019-07-14 08:53:10,111 INFO  datanode.InitDatanodeState (InitDatanodeState.java:persistContainerDatanodeDetails(140)) - DatanodeDetails is persisted to /workdir/hadoop-ozone/integration-test/target/test-dir/MiniOzoneClusterImpl-2474cb1b-609a-4057-b253-62a746fc6dfe/datanode-2/meta/datanode.id
2019-07-14 08:53:10,115 INFO  volume.HddsVolume (HddsVolume.java:<init>(176)) - Creating Volume: /workdir/hadoop-ozone/integration-test/target/test-dir/MiniOzoneClusterImpl-2474cb1b-609a-4057-b253-62a746fc6dfe/datanode-3/data/containers/hdds of  storage type : DISK and capacity : 52710309888
2019-07-14 08:53:10,116 INFO  volume.VolumeSet (VolumeSet.java:initializeVolumeSet(170)) - Added Volume : /workdir/hadoop-ozone/integration-test/target/test-dir/MiniOzoneClusterImpl-2474cb1b-609a-4057-b253-62a746fc6dfe/datanode-3/data/containers/hdds to VolumeSet
2019-07-14 08:53:10,116 INFO  volume.ThrottledAsyncChecker (ThrottledAsyncChecker.java:schedule(140)) - Scheduling a check for org.apache.hadoop.ozone.container.common.volume.HddsVolume@517704
2019-07-14 08:53:10,117 INFO  volume.HddsVolumeChecker (HddsVolumeChecker.java:checkAllVolumes(203)) - Scheduled health check for volume org.apache.hadoop.ozone.container.common.volume.HddsVolume@517704
2019-07-14 08:53:10,131 INFO  impl.RaftServerProxy (ConfUtils.java:logGet(43)) - raft.rpc.type = GRPC (default)
2019-07-14 08:53:10,131 INFO  grpc.GrpcFactory (GrpcFactory.java:checkPooledByteBufAllocatorUseCacheForAllThreads(45)) - PERFORMANCE WARNING: useCacheForAllThreads is true that may cause Netty to create a lot garbage objects and, as a result, trigger GC.
	It is recommended to disable useCacheForAllThreads by setting -Dorg.apache.ratis.thirdparty.io.netty.allocator.useCacheForAllThreads=false in command line.
2019-07-14 08:53:10,131 INFO  grpc.GrpcConfigKeys$Server (ConfUtils.java:logGet(43)) - raft.grpc.server.port = 0 (default)
2019-07-14 08:53:10,132 INFO  server.GrpcService (ConfUtils.java:logGet(43)) - raft.grpc.message.size.max = 33570816 (custom)
2019-07-14 08:53:10,132 INFO  server.RaftServerConfigKeys (ConfUtils.java:logGet(43)) - raft.server.log.appender.buffer.byte-limit = 33554432 (custom)
2019-07-14 08:53:10,132 INFO  server.GrpcService (ConfUtils.java:logGet(43)) - raft.grpc.flow.control.window = 1MB (=1048576) (default)
2019-07-14 08:53:10,132 INFO  server.RaftServerConfigKeys (ConfUtils.java:logGet(43)) - raft.server.rpc.request.timeout = 3000ms (default)
2019-07-14 08:53:10,133 INFO  server.RaftServerConfigKeys (ConfUtils.java:logGet(43)) - raft.server.storage.dir = [/workdir/hadoop-ozone/integration-test/target/test-dir/MiniOzoneClusterImpl-2474cb1b-609a-4057-b253-62a746fc6dfe/datanode-3/data/ratis] (custom)
2019-07-14 08:53:10,133 INFO  replication.SimpleContainerDownloader (SimpleContainerDownloader.java:<init>(72)) - Starting container downloader service to copy containers to replicate.
2019-07-14 08:53:10,135 INFO  hdfs.DFSUtil (DFSUtil.java:httpServerTemplateForNNAndJN(1641)) - Starting Web-server for hddsDatanode at: http://0.0.0.0:0
2019-07-14 08:53:10,136 INFO  server.AuthenticationFilter (AuthenticationFilter.java:constructSecretProvider(240)) - Unable to initialize FileSignerSecretProvider, falling back to use random secrets.
2019-07-14 08:53:10,136 WARN  http.HttpRequestLog (HttpRequestLog.java:getRequestLog(97)) - Jetty request log can only be enabled using Log4j
2019-07-14 08:53:10,138 INFO  http.HttpServer2 (HttpServer2.java:addGlobalFilter(975)) - Added global filter 'safety' (class=org.apache.hadoop.http.HttpServer2$QuotingInputFilter)
2019-07-14 08:53:10,138 INFO  http.HttpServer2 (HttpServer2.java:addFilter(948)) - Added filter static_user_filter (class=org.apache.hadoop.http.lib.StaticUserWebFilter$StaticUserFilter) to context hddsDatanode
2019-07-14 08:53:10,139 INFO  http.HttpServer2 (HttpServer2.java:addFilter(958)) - Added filter static_user_filter (class=org.apache.hadoop.http.lib.StaticUserWebFilter$StaticUserFilter) to context static
2019-07-14 08:53:10,139 INFO  http.HttpServer2 (HttpServer2.java:addFilter(958)) - Added filter static_user_filter (class=org.apache.hadoop.http.lib.StaticUserWebFilter$StaticUserFilter) to context logs
2019-07-14 08:53:10,140 INFO  http.HttpServer2 (HttpServer2.java:bindListener(1191)) - Jetty bound to port 44434
2019-07-14 08:53:10,140 INFO  server.Server (Server.java:doStart(351)) - jetty-9.3.24.v20180605, build timestamp: 2018-06-05T17:11:56Z, git hash: 84205aa28f11a4f31f2a3b86d1bba2cc8ab69827
2019-07-14 08:53:10,143 INFO  handler.ContextHandler (ContextHandler.java:doStart(781)) - Started o.e.j.s.ServletContextHandler@1e30db85{/logs,file:///workdir/hadoop-ozone/integration-test/target/log,AVAILABLE}
2019-07-14 08:53:10,143 INFO  handler.ContextHandler (ContextHandler.java:doStart(781)) - Started o.e.j.s.ServletContextHandler@cc9ef8d{/static,jar:file:/home/user/.m2/repository/org/apache/hadoop/hadoop-hdds-container-service/0.5.0-SNAPSHOT/hadoop-hdds-container-service-0.5.0-SNAPSHOT.jar!/webapps/static,AVAILABLE}
2019-07-14 08:53:10,167 INFO  handler.ContextHandler (ContextHandler.java:doStart(781)) - Started o.e.j.w.WebAppContext@6a2d867d{/,file:///tmp/jetty-0.0.0.0-44434-hddsDatanode-_-any-4914083949933146114.dir/webapp/,AVAILABLE}{/hddsDatanode}
2019-07-14 08:53:10,169 INFO  server.AbstractConnector (AbstractConnector.java:doStart(278)) - Started ServerConnector@73bb1337{HTTP/1.1,[http/1.1]}{0.0.0.0:44434}
2019-07-14 08:53:10,169 INFO  server.Server (Server.java:doStart(419)) - Started @6244ms
2019-07-14 08:53:10,171 INFO  server.BaseHttpServer (BaseHttpServer.java:updateConnectorAddress(207)) - HTTP server of HDDSDATANODE is listening at http://0.0.0.0:44434
2019-07-14 08:53:10,304 INFO  ozone.HddsDatanodeService (HddsDatanodeService.java:startPlugins(396)) - Started plug-in org.apache.hadoop.ozone.web.OzoneHddsDatanodeService@65da01f4
2019-07-14 08:53:10,305 INFO  impl.MetricsSystemImpl (MetricsSystemImpl.java:init(158)) - HddsDatanode metrics system started (again)
2019-07-14 08:53:10,306 INFO  ozone.HddsDatanodeService (HddsDatanodeService.java:start(185)) - HddsDatanodeService host:trunk-nightly-5z2vd-27108033 ip:192.168.5.191
2019-07-14 08:53:10,307 INFO  util.JvmPauseMonitor (JvmPauseMonitor.java:run(188)) - Starting JVM pause monitor
2019-07-14 08:53:10,310 INFO  datanode.InitDatanodeState (InitDatanodeState.java:persistContainerDatanodeDetails(140)) - DatanodeDetails is persisted to /workdir/hadoop-ozone/integration-test/target/test-dir/MiniOzoneClusterImpl-2474cb1b-609a-4057-b253-62a746fc6dfe/datanode-3/meta/datanode.id
2019-07-14 08:53:10,318 INFO  volume.HddsVolume (HddsVolume.java:<init>(176)) - Creating Volume: /workdir/hadoop-ozone/integration-test/target/test-dir/MiniOzoneClusterImpl-2474cb1b-609a-4057-b253-62a746fc6dfe/datanode-4/data/containers/hdds of  storage type : DISK and capacity : 52710309888
2019-07-14 08:53:10,318 INFO  volume.VolumeSet (VolumeSet.java:initializeVolumeSet(170)) - Added Volume : /workdir/hadoop-ozone/integration-test/target/test-dir/MiniOzoneClusterImpl-2474cb1b-609a-4057-b253-62a746fc6dfe/datanode-4/data/containers/hdds to VolumeSet
2019-07-14 08:53:10,318 INFO  volume.ThrottledAsyncChecker (ThrottledAsyncChecker.java:schedule(140)) - Scheduling a check for org.apache.hadoop.ozone.container.common.volume.HddsVolume@6b2fdffc
2019-07-14 08:53:10,319 INFO  volume.HddsVolumeChecker (HddsVolumeChecker.java:checkAllVolumes(203)) - Scheduled health check for volume org.apache.hadoop.ozone.container.common.volume.HddsVolume@6b2fdffc
2019-07-14 08:53:10,340 INFO  impl.RaftServerProxy (ConfUtils.java:logGet(43)) - raft.rpc.type = GRPC (default)
2019-07-14 08:53:10,340 INFO  grpc.GrpcFactory (GrpcFactory.java:checkPooledByteBufAllocatorUseCacheForAllThreads(45)) - PERFORMANCE WARNING: useCacheForAllThreads is true that may cause Netty to create a lot garbage objects and, as a result, trigger GC.
	It is recommended to disable useCacheForAllThreads by setting -Dorg.apache.ratis.thirdparty.io.netty.allocator.useCacheForAllThreads=false in command line.
2019-07-14 08:53:10,340 INFO  grpc.GrpcConfigKeys$Server (ConfUtils.java:logGet(43)) - raft.grpc.server.port = 0 (default)
2019-07-14 08:53:10,341 INFO  server.GrpcService (ConfUtils.java:logGet(43)) - raft.grpc.message.size.max = 33570816 (custom)
2019-07-14 08:53:10,341 INFO  server.RaftServerConfigKeys (ConfUtils.java:logGet(43)) - raft.server.log.appender.buffer.byte-limit = 33554432 (custom)
2019-07-14 08:53:10,341 INFO  server.GrpcService (ConfUtils.java:logGet(43)) - raft.grpc.flow.control.window = 1MB (=1048576) (default)
2019-07-14 08:53:10,342 INFO  server.RaftServerConfigKeys (ConfUtils.java:logGet(43)) - raft.server.rpc.request.timeout = 3000ms (default)
2019-07-14 08:53:10,343 INFO  server.RaftServerConfigKeys (ConfUtils.java:logGet(43)) - raft.server.storage.dir = [/workdir/hadoop-ozone/integration-test/target/test-dir/MiniOzoneClusterImpl-2474cb1b-609a-4057-b253-62a746fc6dfe/datanode-4/data/ratis] (custom)
2019-07-14 08:53:10,343 INFO  replication.SimpleContainerDownloader (SimpleContainerDownloader.java:<init>(72)) - Starting container downloader service to copy containers to replicate.
2019-07-14 08:53:10,345 INFO  hdfs.DFSUtil (DFSUtil.java:httpServerTemplateForNNAndJN(1641)) - Starting Web-server for hddsDatanode at: http://0.0.0.0:0
2019-07-14 08:53:10,346 INFO  server.AuthenticationFilter (AuthenticationFilter.java:constructSecretProvider(240)) - Unable to initialize FileSignerSecretProvider, falling back to use random secrets.
2019-07-14 08:53:10,347 WARN  http.HttpRequestLog (HttpRequestLog.java:getRequestLog(97)) - Jetty request log can only be enabled using Log4j
2019-07-14 08:53:10,348 INFO  http.HttpServer2 (HttpServer2.java:addGlobalFilter(975)) - Added global filter 'safety' (class=org.apache.hadoop.http.HttpServer2$QuotingInputFilter)
2019-07-14 08:53:10,349 INFO  http.HttpServer2 (HttpServer2.java:addFilter(948)) - Added filter static_user_filter (class=org.apache.hadoop.http.lib.StaticUserWebFilter$StaticUserFilter) to context hddsDatanode
2019-07-14 08:53:10,349 INFO  http.HttpServer2 (HttpServer2.java:addFilter(958)) - Added filter static_user_filter (class=org.apache.hadoop.http.lib.StaticUserWebFilter$StaticUserFilter) to context logs
2019-07-14 08:53:10,349 INFO  http.HttpServer2 (HttpServer2.java:addFilter(958)) - Added filter static_user_filter (class=org.apache.hadoop.http.lib.StaticUserWebFilter$StaticUserFilter) to context static
2019-07-14 08:53:10,350 INFO  http.HttpServer2 (HttpServer2.java:bindListener(1191)) - Jetty bound to port 42146
2019-07-14 08:53:10,350 INFO  server.Server (Server.java:doStart(351)) - jetty-9.3.24.v20180605, build timestamp: 2018-06-05T17:11:56Z, git hash: 84205aa28f11a4f31f2a3b86d1bba2cc8ab69827
2019-07-14 08:53:10,355 INFO  handler.ContextHandler (ContextHandler.java:doStart(781)) - Started o.e.j.s.ServletContextHandler@615db358{/logs,file:///workdir/hadoop-ozone/integration-test/target/log,AVAILABLE}
2019-07-14 08:53:10,355 INFO  handler.ContextHandler (ContextHandler.java:doStart(781)) - Started o.e.j.s.ServletContextHandler@5fef0c19{/static,jar:file:/home/user/.m2/repository/org/apache/hadoop/hadoop-hdds-container-service/0.5.0-SNAPSHOT/hadoop-hdds-container-service-0.5.0-SNAPSHOT.jar!/webapps/static,AVAILABLE}
2019-07-14 08:53:10,379 INFO  handler.ContextHandler (ContextHandler.java:doStart(781)) - Started o.e.j.w.WebAppContext@367d34c0{/,file:///tmp/jetty-0.0.0.0-42146-hddsDatanode-_-any-1619645708841809516.dir/webapp/,AVAILABLE}{/hddsDatanode}
2019-07-14 08:53:10,380 INFO  server.AbstractConnector (AbstractConnector.java:doStart(278)) - Started ServerConnector@4ce25e47{HTTP/1.1,[http/1.1]}{0.0.0.0:42146}
2019-07-14 08:53:10,381 INFO  server.Server (Server.java:doStart(419)) - Started @6456ms
2019-07-14 08:53:10,382 INFO  server.BaseHttpServer (BaseHttpServer.java:updateConnectorAddress(207)) - HTTP server of HDDSDATANODE is listening at http://0.0.0.0:42146
2019-07-14 08:53:10,542 INFO  ozone.HddsDatanodeService (HddsDatanodeService.java:startPlugins(396)) - Started plug-in org.apache.hadoop.ozone.web.OzoneHddsDatanodeService@15d236fd
2019-07-14 08:53:10,542 INFO  impl.MetricsSystemImpl (MetricsSystemImpl.java:init(158)) - HddsDatanode metrics system started (again)
2019-07-14 08:53:10,543 INFO  ozone.HddsDatanodeService (HddsDatanodeService.java:start(185)) - HddsDatanodeService host:trunk-nightly-5z2vd-27108033 ip:192.168.5.191
2019-07-14 08:53:10,545 INFO  util.JvmPauseMonitor (JvmPauseMonitor.java:run(188)) - Starting JVM pause monitor
2019-07-14 08:53:10,547 INFO  datanode.InitDatanodeState (InitDatanodeState.java:persistContainerDatanodeDetails(140)) - DatanodeDetails is persisted to /workdir/hadoop-ozone/integration-test/target/test-dir/MiniOzoneClusterImpl-2474cb1b-609a-4057-b253-62a746fc6dfe/datanode-4/meta/datanode.id
2019-07-14 08:53:10,551 INFO  volume.HddsVolume (HddsVolume.java:<init>(176)) - Creating Volume: /workdir/hadoop-ozone/integration-test/target/test-dir/MiniOzoneClusterImpl-2474cb1b-609a-4057-b253-62a746fc6dfe/datanode-5/data/containers/hdds of  storage type : DISK and capacity : 52710309888
2019-07-14 08:53:10,552 INFO  volume.VolumeSet (VolumeSet.java:initializeVolumeSet(170)) - Added Volume : /workdir/hadoop-ozone/integration-test/target/test-dir/MiniOzoneClusterImpl-2474cb1b-609a-4057-b253-62a746fc6dfe/datanode-5/data/containers/hdds to VolumeSet
2019-07-14 08:53:10,552 INFO  volume.ThrottledAsyncChecker (ThrottledAsyncChecker.java:schedule(140)) - Scheduling a check for org.apache.hadoop.ozone.container.common.volume.HddsVolume@33eb0d4
2019-07-14 08:53:10,553 INFO  volume.HddsVolumeChecker (HddsVolumeChecker.java:checkAllVolumes(203)) - Scheduled health check for volume org.apache.hadoop.ozone.container.common.volume.HddsVolume@33eb0d4
2019-07-14 08:53:10,571 INFO  impl.RaftServerProxy (ConfUtils.java:logGet(43)) - raft.rpc.type = GRPC (default)
2019-07-14 08:53:10,571 INFO  grpc.GrpcFactory (GrpcFactory.java:checkPooledByteBufAllocatorUseCacheForAllThreads(45)) - PERFORMANCE WARNING: useCacheForAllThreads is true that may cause Netty to create a lot garbage objects and, as a result, trigger GC.
	It is recommended to disable useCacheForAllThreads by setting -Dorg.apache.ratis.thirdparty.io.netty.allocator.useCacheForAllThreads=false in command line.
2019-07-14 08:53:10,572 INFO  grpc.GrpcConfigKeys$Server (ConfUtils.java:logGet(43)) - raft.grpc.server.port = 0 (default)
2019-07-14 08:53:10,572 INFO  server.GrpcService (ConfUtils.java:logGet(43)) - raft.grpc.message.size.max = 33570816 (custom)
2019-07-14 08:53:10,572 INFO  server.RaftServerConfigKeys (ConfUtils.java:logGet(43)) - raft.server.log.appender.buffer.byte-limit = 33554432 (custom)
2019-07-14 08:53:10,573 INFO  server.GrpcService (ConfUtils.java:logGet(43)) - raft.grpc.flow.control.window = 1MB (=1048576) (default)
2019-07-14 08:53:10,573 INFO  server.RaftServerConfigKeys (ConfUtils.java:logGet(43)) - raft.server.rpc.request.timeout = 3000ms (default)
2019-07-14 08:53:10,574 INFO  server.RaftServerConfigKeys (ConfUtils.java:logGet(43)) - raft.server.storage.dir = [/workdir/hadoop-ozone/integration-test/target/test-dir/MiniOzoneClusterImpl-2474cb1b-609a-4057-b253-62a746fc6dfe/datanode-5/data/ratis] (custom)
2019-07-14 08:53:10,575 INFO  replication.SimpleContainerDownloader (SimpleContainerDownloader.java:<init>(72)) - Starting container downloader service to copy containers to replicate.
2019-07-14 08:53:10,576 INFO  hdfs.DFSUtil (DFSUtil.java:httpServerTemplateForNNAndJN(1641)) - Starting Web-server for hddsDatanode at: http://0.0.0.0:0
2019-07-14 08:53:10,577 INFO  server.AuthenticationFilter (AuthenticationFilter.java:constructSecretProvider(240)) - Unable to initialize FileSignerSecretProvider, falling back to use random secrets.
2019-07-14 08:53:10,578 WARN  http.HttpRequestLog (HttpRequestLog.java:getRequestLog(97)) - Jetty request log can only be enabled using Log4j
2019-07-14 08:53:10,580 INFO  http.HttpServer2 (HttpServer2.java:addGlobalFilter(975)) - Added global filter 'safety' (class=org.apache.hadoop.http.HttpServer2$QuotingInputFilter)
2019-07-14 08:53:10,581 INFO  http.HttpServer2 (HttpServer2.java:addFilter(948)) - Added filter static_user_filter (class=org.apache.hadoop.http.lib.StaticUserWebFilter$StaticUserFilter) to context hddsDatanode
2019-07-14 08:53:10,581 INFO  http.HttpServer2 (HttpServer2.java:addFilter(958)) - Added filter static_user_filter (class=org.apache.hadoop.http.lib.StaticUserWebFilter$StaticUserFilter) to context static
2019-07-14 08:53:10,581 INFO  http.HttpServer2 (HttpServer2.java:addFilter(958)) - Added filter static_user_filter (class=org.apache.hadoop.http.lib.StaticUserWebFilter$StaticUserFilter) to context logs
2019-07-14 08:53:10,582 INFO  http.HttpServer2 (HttpServer2.java:bindListener(1191)) - Jetty bound to port 38172
2019-07-14 08:53:10,582 INFO  server.Server (Server.java:doStart(351)) - jetty-9.3.24.v20180605, build timestamp: 2018-06-05T17:11:56Z, git hash: 84205aa28f11a4f31f2a3b86d1bba2cc8ab69827
2019-07-14 08:53:10,585 INFO  handler.ContextHandler (ContextHandler.java:doStart(781)) - Started o.e.j.s.ServletContextHandler@6885ed19{/logs,file:///workdir/hadoop-ozone/integration-test/target/log,AVAILABLE}
2019-07-14 08:53:10,586 INFO  handler.ContextHandler (ContextHandler.java:doStart(781)) - Started o.e.j.s.ServletContextHandler@2d4a3e13{/static,jar:file:/home/user/.m2/repository/org/apache/hadoop/hadoop-hdds-container-service/0.5.0-SNAPSHOT/hadoop-hdds-container-service-0.5.0-SNAPSHOT.jar!/webapps/static,AVAILABLE}
2019-07-14 08:53:10,611 INFO  handler.ContextHandler (ContextHandler.java:doStart(781)) - Started o.e.j.w.WebAppContext@561f9d92{/,file:///tmp/jetty-0.0.0.0-38172-hddsDatanode-_-any-3762598001029400993.dir/webapp/,AVAILABLE}{/hddsDatanode}
2019-07-14 08:53:10,612 INFO  server.AbstractConnector (AbstractConnector.java:doStart(278)) - Started ServerConnector@1c84d80a{HTTP/1.1,[http/1.1]}{0.0.0.0:38172}
2019-07-14 08:53:10,613 INFO  server.Server (Server.java:doStart(419)) - Started @6688ms
2019-07-14 08:53:10,614 INFO  server.BaseHttpServer (BaseHttpServer.java:updateConnectorAddress(207)) - HTTP server of HDDSDATANODE is listening at http://0.0.0.0:38172
2019-07-14 08:53:10,723 INFO  ozone.HddsDatanodeService (HddsDatanodeService.java:startPlugins(396)) - Started plug-in org.apache.hadoop.ozone.web.OzoneHddsDatanodeService@16f15ae9
2019-07-14 08:53:10,723 INFO  impl.MetricsSystemImpl (MetricsSystemImpl.java:init(158)) - HddsDatanode metrics system started (again)
2019-07-14 08:53:10,723 INFO  ozone.HddsDatanodeService (HddsDatanodeService.java:start(185)) - HddsDatanodeService host:trunk-nightly-5z2vd-27108033 ip:192.168.5.191
2019-07-14 08:53:10,725 INFO  util.JvmPauseMonitor (JvmPauseMonitor.java:run(188)) - Starting JVM pause monitor
2019-07-14 08:53:10,728 INFO  datanode.InitDatanodeState (InitDatanodeState.java:persistContainerDatanodeDetails(140)) - DatanodeDetails is persisted to /workdir/hadoop-ozone/integration-test/target/test-dir/MiniOzoneClusterImpl-2474cb1b-609a-4057-b253-62a746fc6dfe/datanode-5/meta/datanode.id
2019-07-14 08:53:10,734 INFO  volume.HddsVolume (HddsVolume.java:<init>(176)) - Creating Volume: /workdir/hadoop-ozone/integration-test/target/test-dir/MiniOzoneClusterImpl-2474cb1b-609a-4057-b253-62a746fc6dfe/datanode-6/data/containers/hdds of  storage type : DISK and capacity : 52710309888
2019-07-14 08:53:10,734 INFO  volume.VolumeSet (VolumeSet.java:initializeVolumeSet(170)) - Added Volume : /workdir/hadoop-ozone/integration-test/target/test-dir/MiniOzoneClusterImpl-2474cb1b-609a-4057-b253-62a746fc6dfe/datanode-6/data/containers/hdds to VolumeSet
2019-07-14 08:53:10,734 INFO  volume.ThrottledAsyncChecker (ThrottledAsyncChecker.java:schedule(140)) - Scheduling a check for org.apache.hadoop.ozone.container.common.volume.HddsVolume@2b79c8ff
2019-07-14 08:53:10,734 INFO  volume.HddsVolumeChecker (HddsVolumeChecker.java:checkAllVolumes(203)) - Scheduled health check for volume org.apache.hadoop.ozone.container.common.volume.HddsVolume@2b79c8ff
2019-07-14 08:53:10,808 INFO  impl.RaftServerProxy (ConfUtils.java:logGet(43)) - raft.rpc.type = GRPC (default)
2019-07-14 08:53:10,809 INFO  grpc.GrpcFactory (GrpcFactory.java:checkPooledByteBufAllocatorUseCacheForAllThreads(45)) - PERFORMANCE WARNING: useCacheForAllThreads is true that may cause Netty to create a lot garbage objects and, as a result, trigger GC.
	It is recommended to disable useCacheForAllThreads by setting -Dorg.apache.ratis.thirdparty.io.netty.allocator.useCacheForAllThreads=false in command line.
2019-07-14 08:53:10,810 INFO  grpc.GrpcConfigKeys$Server (ConfUtils.java:logGet(43)) - raft.grpc.server.port = 0 (default)
2019-07-14 08:53:10,810 INFO  server.GrpcService (ConfUtils.java:logGet(43)) - raft.grpc.message.size.max = 33570816 (custom)
2019-07-14 08:53:10,813 INFO  server.RaftServerConfigKeys (ConfUtils.java:logGet(43)) - raft.server.log.appender.buffer.byte-limit = 33554432 (custom)
2019-07-14 08:53:10,815 INFO  server.GrpcService (ConfUtils.java:logGet(43)) - raft.grpc.flow.control.window = 1MB (=1048576) (default)
2019-07-14 08:53:10,816 INFO  server.RaftServerConfigKeys (ConfUtils.java:logGet(43)) - raft.server.rpc.request.timeout = 3000ms (default)
2019-07-14 08:53:10,821 INFO  server.RaftServerConfigKeys (ConfUtils.java:logGet(43)) - raft.server.storage.dir = [/workdir/hadoop-ozone/integration-test/target/test-dir/MiniOzoneClusterImpl-2474cb1b-609a-4057-b253-62a746fc6dfe/datanode-6/data/ratis] (custom)
2019-07-14 08:53:10,829 INFO  replication.SimpleContainerDownloader (SimpleContainerDownloader.java:<init>(72)) - Starting container downloader service to copy containers to replicate.
2019-07-14 08:53:10,830 INFO  hdfs.DFSUtil (DFSUtil.java:httpServerTemplateForNNAndJN(1641)) - Starting Web-server for hddsDatanode at: http://0.0.0.0:0
2019-07-14 08:53:10,832 INFO  server.AuthenticationFilter (AuthenticationFilter.java:constructSecretProvider(240)) - Unable to initialize FileSignerSecretProvider, falling back to use random secrets.
2019-07-14 08:53:10,833 WARN  http.HttpRequestLog (HttpRequestLog.java:getRequestLog(97)) - Jetty request log can only be enabled using Log4j
2019-07-14 08:53:10,835 INFO  http.HttpServer2 (HttpServer2.java:addGlobalFilter(975)) - Added global filter 'safety' (class=org.apache.hadoop.http.HttpServer2$QuotingInputFilter)
2019-07-14 08:53:10,835 INFO  http.HttpServer2 (HttpServer2.java:addFilter(948)) - Added filter static_user_filter (class=org.apache.hadoop.http.lib.StaticUserWebFilter$StaticUserFilter) to context hddsDatanode
2019-07-14 08:53:10,836 INFO  http.HttpServer2 (HttpServer2.java:addFilter(958)) - Added filter static_user_filter (class=org.apache.hadoop.http.lib.StaticUserWebFilter$StaticUserFilter) to context logs
2019-07-14 08:53:10,836 INFO  http.HttpServer2 (HttpServer2.java:addFilter(958)) - Added filter static_user_filter (class=org.apache.hadoop.http.lib.StaticUserWebFilter$StaticUserFilter) to context static
2019-07-14 08:53:10,837 INFO  http.HttpServer2 (HttpServer2.java:bindListener(1191)) - Jetty bound to port 45087
2019-07-14 08:53:10,837 INFO  server.Server (Server.java:doStart(351)) - jetty-9.3.24.v20180605, build timestamp: 2018-06-05T17:11:56Z, git hash: 84205aa28f11a4f31f2a3b86d1bba2cc8ab69827
2019-07-14 08:53:10,839 INFO  handler.ContextHandler (ContextHandler.java:doStart(781)) - Started o.e.j.s.ServletContextHandler@6568f998{/logs,file:///workdir/hadoop-ozone/integration-test/target/log,AVAILABLE}
2019-07-14 08:53:10,840 INFO  handler.ContextHandler (ContextHandler.java:doStart(781)) - Started o.e.j.s.ServletContextHandler@782fd504{/static,jar:file:/home/user/.m2/repository/org/apache/hadoop/hadoop-hdds-container-service/0.5.0-SNAPSHOT/hadoop-hdds-container-service-0.5.0-SNAPSHOT.jar!/webapps/static,AVAILABLE}
2019-07-14 08:53:10,864 INFO  handler.ContextHandler (ContextHandler.java:doStart(781)) - Started o.e.j.w.WebAppContext@418f0534{/,file:///tmp/jetty-0.0.0.0-45087-hddsDatanode-_-any-3305574201449533774.dir/webapp/,AVAILABLE}{/hddsDatanode}
2019-07-14 08:53:10,864 INFO  server.AbstractConnector (AbstractConnector.java:doStart(278)) - Started ServerConnector@3dfd7eaa{HTTP/1.1,[http/1.1]}{0.0.0.0:45087}
2019-07-14 08:53:10,865 INFO  server.Server (Server.java:doStart(419)) - Started @6940ms
2019-07-14 08:53:10,865 INFO  server.BaseHttpServer (BaseHttpServer.java:updateConnectorAddress(207)) - HTTP server of HDDSDATANODE is listening at http://0.0.0.0:45087
2019-07-14 08:53:10,978 INFO  ozone.HddsDatanodeService (HddsDatanodeService.java:startPlugins(396)) - Started plug-in org.apache.hadoop.ozone.web.OzoneHddsDatanodeService@28e7bb31
2019-07-14 08:53:10,979 INFO  ozone.MiniOzoneClusterImpl (MiniOzoneClusterImpl.java:lambda$waitForClusterToBeReady$0(142)) - Waiting for cluster to be ready. Got 0 of 7 DN Heartbeats.
2019-07-14 08:53:10,980 INFO  util.JvmPauseMonitor (JvmPauseMonitor.java:run(188)) - Starting JVM pause monitor
2019-07-14 08:53:10,983 INFO  datanode.InitDatanodeState (InitDatanodeState.java:persistContainerDatanodeDetails(140)) - DatanodeDetails is persisted to /workdir/hadoop-ozone/integration-test/target/test-dir/MiniOzoneClusterImpl-2474cb1b-609a-4057-b253-62a746fc6dfe/datanode-6/meta/datanode.id
2019-07-14 08:53:11,709 INFO  ozoneimpl.OzoneContainer (OzoneContainer.java:start(186)) - Attempting to start container services.
2019-07-14 08:53:11,711 INFO  ozoneimpl.OzoneContainer (OzoneContainer.java:startContainerScrub(160)) - Background container scrubber has been disabled by hdds.containerscrub.enabled
2019-07-14 08:53:11,711 INFO  ratis.XceiverServerRatis (XceiverServerRatis.java:start(418)) - Starting XceiverServerRatis 0b1e4e1c-0e9e-4e8f-afc5-aa13ca5ca0fd at port 0
2019-07-14 08:53:11,733 INFO  impl.RaftServerProxy (RaftServerProxy.java:lambda$start$3(299)) - 0b1e4e1c-0e9e-4e8f-afc5-aa13ca5ca0fd: start RPC server
2019-07-14 08:53:11,847 INFO  server.GrpcService (GrpcService.java:startImpl(149)) - 0b1e4e1c-0e9e-4e8f-afc5-aa13ca5ca0fd: GrpcService started, listening on 0.0.0.0/0.0.0.0:33802
2019-07-14 08:53:11,848 INFO  ratis.XceiverServerRatis (XceiverServerRatis.java:start(428)) - XceiverServerRatis 0b1e4e1c-0e9e-4e8f-afc5-aa13ca5ca0fd is started using port 33802
2019-07-14 08:53:11,852 INFO  server.XceiverServerGrpc (XceiverServerGrpc.java:start(161)) - XceiverServerGrpc 0b1e4e1c-0e9e-4e8f-afc5-aa13ca5ca0fd is started using port 42068
2019-07-14 08:53:11,868 INFO  ozoneimpl.OzoneContainer (OzoneContainer.java:start(186)) - Attempting to start container services.
2019-07-14 08:53:11,871 INFO  ozoneimpl.OzoneContainer (OzoneContainer.java:startContainerScrub(160)) - Background container scrubber has been disabled by hdds.containerscrub.enabled
2019-07-14 08:53:11,871 INFO  ratis.XceiverServerRatis (XceiverServerRatis.java:start(418)) - Starting XceiverServerRatis 47b5091c-c8b4-43d9-a484-1a0ef0e6a01f at port 0
2019-07-14 08:53:11,880 INFO  impl.RaftServerProxy (RaftServerProxy.java:lambda$start$3(299)) - 47b5091c-c8b4-43d9-a484-1a0ef0e6a01f: start RPC server
2019-07-14 08:53:11,883 INFO  server.GrpcService (GrpcService.java:startImpl(149)) - 47b5091c-c8b4-43d9-a484-1a0ef0e6a01f: GrpcService started, listening on 0.0.0.0/0.0.0.0:35899
2019-07-14 08:53:11,884 INFO  ratis.XceiverServerRatis (XceiverServerRatis.java:start(428)) - XceiverServerRatis 47b5091c-c8b4-43d9-a484-1a0ef0e6a01f is started using port 35899
2019-07-14 08:53:11,886 INFO  server.XceiverServerGrpc (XceiverServerGrpc.java:start(161)) - XceiverServerGrpc 47b5091c-c8b4-43d9-a484-1a0ef0e6a01f is started using port 35774
2019-07-14 08:53:11,980 INFO  ozone.MiniOzoneClusterImpl (MiniOzoneClusterImpl.java:lambda$waitForClusterToBeReady$0(142)) - Waiting for cluster to be ready. Got 0 of 7 DN Heartbeats.
2019-07-14 08:53:12,117 INFO  ozoneimpl.OzoneContainer (OzoneContainer.java:start(186)) - Attempting to start container services.
2019-07-14 08:53:12,119 INFO  ozoneimpl.OzoneContainer (OzoneContainer.java:startContainerScrub(160)) - Background container scrubber has been disabled by hdds.containerscrub.enabled
2019-07-14 08:53:12,120 INFO  ratis.XceiverServerRatis (XceiverServerRatis.java:start(418)) - Starting XceiverServerRatis 2fca86bb-bd0a-49a0-a3c2-c1282515b4f7 at port 0
2019-07-14 08:53:12,130 INFO  impl.RaftServerProxy (RaftServerProxy.java:lambda$start$3(299)) - 2fca86bb-bd0a-49a0-a3c2-c1282515b4f7: start RPC server
2019-07-14 08:53:12,134 INFO  server.GrpcService (GrpcService.java:startImpl(149)) - 2fca86bb-bd0a-49a0-a3c2-c1282515b4f7: GrpcService started, listening on 0.0.0.0/0.0.0.0:33594
2019-07-14 08:53:12,135 INFO  ratis.XceiverServerRatis (XceiverServerRatis.java:start(428)) - XceiverServerRatis 2fca86bb-bd0a-49a0-a3c2-c1282515b4f7 is started using port 33594
2019-07-14 08:53:12,138 INFO  server.XceiverServerGrpc (XceiverServerGrpc.java:start(161)) - XceiverServerGrpc 2fca86bb-bd0a-49a0-a3c2-c1282515b4f7 is started using port 33959
2019-07-14 08:53:12,316 INFO  ozoneimpl.OzoneContainer (OzoneContainer.java:start(186)) - Attempting to start container services.
2019-07-14 08:53:12,319 INFO  ozoneimpl.OzoneContainer (OzoneContainer.java:startContainerScrub(160)) - Background container scrubber has been disabled by hdds.containerscrub.enabled
2019-07-14 08:53:12,319 INFO  ratis.XceiverServerRatis (XceiverServerRatis.java:start(418)) - Starting XceiverServerRatis 752ff8a1-e67a-435d-a9ca-9019089e4c30 at port 0
2019-07-14 08:53:12,330 INFO  impl.RaftServerProxy (RaftServerProxy.java:lambda$start$3(299)) - 752ff8a1-e67a-435d-a9ca-9019089e4c30: start RPC server
2019-07-14 08:53:12,334 INFO  server.GrpcService (GrpcService.java:startImpl(149)) - 752ff8a1-e67a-435d-a9ca-9019089e4c30: GrpcService started, listening on 0.0.0.0/0.0.0.0:39034
2019-07-14 08:53:12,334 INFO  ratis.XceiverServerRatis (XceiverServerRatis.java:start(428)) - XceiverServerRatis 752ff8a1-e67a-435d-a9ca-9019089e4c30 is started using port 39034
2019-07-14 08:53:12,337 INFO  server.XceiverServerGrpc (XceiverServerGrpc.java:start(161)) - XceiverServerGrpc 752ff8a1-e67a-435d-a9ca-9019089e4c30 is started using port 41499
2019-07-14 08:53:12,560 INFO  ozoneimpl.OzoneContainer (OzoneContainer.java:start(186)) - Attempting to start container services.
2019-07-14 08:53:12,563 INFO  ozoneimpl.OzoneContainer (OzoneContainer.java:startContainerScrub(160)) - Background container scrubber has been disabled by hdds.containerscrub.enabled
2019-07-14 08:53:12,563 INFO  ratis.XceiverServerRatis (XceiverServerRatis.java:start(418)) - Starting XceiverServerRatis f3ff9805-b314-43df-abba-f6febe10e2d0 at port 0
2019-07-14 08:53:12,573 INFO  impl.RaftServerProxy (RaftServerProxy.java:lambda$start$3(299)) - f3ff9805-b314-43df-abba-f6febe10e2d0: start RPC server
2019-07-14 08:53:12,578 INFO  server.GrpcService (GrpcService.java:startImpl(149)) - f3ff9805-b314-43df-abba-f6febe10e2d0: GrpcService started, listening on 0.0.0.0/0.0.0.0:37002
2019-07-14 08:53:12,578 INFO  ratis.XceiverServerRatis (XceiverServerRatis.java:start(428)) - XceiverServerRatis f3ff9805-b314-43df-abba-f6febe10e2d0 is started using port 37002
2019-07-14 08:53:12,581 INFO  server.XceiverServerGrpc (XceiverServerGrpc.java:start(161)) - XceiverServerGrpc f3ff9805-b314-43df-abba-f6febe10e2d0 is started using port 39129
2019-07-14 08:53:12,741 INFO  ozoneimpl.OzoneContainer (OzoneContainer.java:start(186)) - Attempting to start container services.
2019-07-14 08:53:12,744 INFO  ozoneimpl.OzoneContainer (OzoneContainer.java:startContainerScrub(160)) - Background container scrubber has been disabled by hdds.containerscrub.enabled
2019-07-14 08:53:12,745 INFO  ratis.XceiverServerRatis (XceiverServerRatis.java:start(418)) - Starting XceiverServerRatis d7418a2d-7001-46da-99fb-86dd976ef755 at port 0
2019-07-14 08:53:12,754 INFO  impl.RaftServerProxy (RaftServerProxy.java:lambda$start$3(299)) - d7418a2d-7001-46da-99fb-86dd976ef755: start RPC server
2019-07-14 08:53:12,759 INFO  server.GrpcService (GrpcService.java:startImpl(149)) - d7418a2d-7001-46da-99fb-86dd976ef755: GrpcService started, listening on 0.0.0.0/0.0.0.0:46202
2019-07-14 08:53:12,759 INFO  ratis.XceiverServerRatis (XceiverServerRatis.java:start(428)) - XceiverServerRatis d7418a2d-7001-46da-99fb-86dd976ef755 is started using port 46202
2019-07-14 08:53:12,763 INFO  server.XceiverServerGrpc (XceiverServerGrpc.java:start(161)) - XceiverServerGrpc d7418a2d-7001-46da-99fb-86dd976ef755 is started using port 36647
2019-07-14 08:53:12,980 INFO  ozone.MiniOzoneClusterImpl (MiniOzoneClusterImpl.java:lambda$waitForClusterToBeReady$0(142)) - Waiting for cluster to be ready. Got 0 of 7 DN Heartbeats.
2019-07-14 08:53:12,989 INFO  ozoneimpl.OzoneContainer (OzoneContainer.java:start(186)) - Attempting to start container services.
2019-07-14 08:53:12,992 INFO  ozoneimpl.OzoneContainer (OzoneContainer.java:startContainerScrub(160)) - Background container scrubber has been disabled by hdds.containerscrub.enabled
2019-07-14 08:53:12,993 INFO  ratis.XceiverServerRatis (XceiverServerRatis.java:start(418)) - Starting XceiverServerRatis 5dc9bfea-22b3-467b-8f81-6b2eb0614675 at port 0
2019-07-14 08:53:13,003 INFO  impl.RaftServerProxy (RaftServerProxy.java:lambda$start$3(299)) - 5dc9bfea-22b3-467b-8f81-6b2eb0614675: start RPC server
2019-07-14 08:53:13,008 INFO  server.GrpcService (GrpcService.java:startImpl(149)) - 5dc9bfea-22b3-467b-8f81-6b2eb0614675: GrpcService started, listening on 0.0.0.0/0.0.0.0:40677
2019-07-14 08:53:13,008 INFO  ratis.XceiverServerRatis (XceiverServerRatis.java:start(428)) - XceiverServerRatis 5dc9bfea-22b3-467b-8f81-6b2eb0614675 is started using port 40677
2019-07-14 08:53:13,012 INFO  server.XceiverServerGrpc (XceiverServerGrpc.java:start(161)) - XceiverServerGrpc 5dc9bfea-22b3-467b-8f81-6b2eb0614675 is started using port 41110
2019-07-14 08:53:13,692 INFO  net.NetworkTopology (NetworkTopologyImpl.java:add(110)) - Added a new node: /default-rack/192.168.5.191
2019-07-14 08:53:13,692 INFO  node.SCMNodeManager (SCMNodeManager.java:register(269)) - Registered Data node : 0b1e4e1c-0e9e-4e8f-afc5-aa13ca5ca0fd{ip: 192.168.5.191, host: trunk-nightly-5z2vd-27108033, networkLocation: /default-rack, certSerialId: null}
2019-07-14 08:53:13,701 INFO  safemode.SCMSafeModeManager (DataNodeSafeModeRule.java:process(71)) - SCM in safe mode. 1 DataNodes registered, 1 required.
2019-07-14 08:53:13,701 INFO  safemode.SCMSafeModeManager (SCMSafeModeManager.java:validateSafeModeExitRules(177)) - ScmSafeModeManager, all rules are successfully validated
2019-07-14 08:53:13,702 INFO  safemode.SCMSafeModeManager (SCMSafeModeManager.java:exitSafeMode(193)) - SCM exiting safe mode.
2019-07-14 08:53:13,852 INFO  node.SCMNodeManager (SCMNodeManager.java:register(269)) - Registered Data node : 47b5091c-c8b4-43d9-a484-1a0ef0e6a01f{ip: 192.168.5.191, host: trunk-nightly-5z2vd-27108033, networkLocation: /default-rack, certSerialId: null}
2019-07-14 08:53:13,983 INFO  ozone.MiniOzoneClusterImpl (MiniOzoneClusterImpl.java:lambda$waitForClusterToBeReady$0(142)) - Waiting for cluster to be ready. Got 2 of 7 DN Heartbeats.
2019-07-14 08:53:14,116 INFO  node.SCMNodeManager (SCMNodeManager.java:register(269)) - Registered Data node : 2fca86bb-bd0a-49a0-a3c2-c1282515b4f7{ip: 192.168.5.191, host: trunk-nightly-5z2vd-27108033, networkLocation: /default-rack, certSerialId: null}
2019-07-14 08:53:14,620 INFO  node.SCMNodeManager (SCMNodeManager.java:register(269)) - Registered Data node : f3ff9805-b314-43df-abba-f6febe10e2d0{ip: 192.168.5.191, host: trunk-nightly-5z2vd-27108033, networkLocation: /default-rack, certSerialId: null}
2019-07-14 08:53:14,651 INFO  node.SCMNodeManager (SCMNodeManager.java:register(269)) - Registered Data node : 752ff8a1-e67a-435d-a9ca-9019089e4c30{ip: 192.168.5.191, host: trunk-nightly-5z2vd-27108033, networkLocation: /default-rack, certSerialId: null}
2019-07-14 08:53:14,682 INFO  impl.RaftServerProxy (RaftServerProxy.java:addNew(89)) - 0b1e4e1c-0e9e-4e8f-afc5-aa13ca5ca0fd: addNew group-2F04D6588853:[0b1e4e1c-0e9e-4e8f-afc5-aa13ca5ca0fd:192.168.5.191:33802] returns group-2F04D6588853:java.util.concurrent.CompletableFuture@7f6a7a0b[Not completed]
2019-07-14 08:53:14,700 INFO  impl.RaftServerImpl (RaftServerImpl.java:<init>(93)) - 0b1e4e1c-0e9e-4e8f-afc5-aa13ca5ca0fd: new RaftServerImpl for group-2F04D6588853:[0b1e4e1c-0e9e-4e8f-afc5-aa13ca5ca0fd:192.168.5.191:33802] with ContainerStateMachine:uninitialized
2019-07-14 08:53:14,703 INFO  server.RaftServerConfigKeys (ConfUtils.java:logGet(43)) - raft.server.rpc.timeout.min = 5s (custom)
2019-07-14 08:53:14,705 INFO  server.RaftServerConfigKeys (ConfUtils.java:logGet(43)) - raft.server.rpc.timeout.max = 5200ms (custom)
2019-07-14 08:53:14,705 INFO  server.RaftServerConfigKeys (ConfUtils.java:logGet(43)) - raft.server.rpcslowness.timeout = 120s (custom)
2019-07-14 08:53:14,706 INFO  server.RaftServerConfigKeys (ConfUtils.java:logGet(43)) - raft.server.sleep.deviation.threshold = 300 (default)
2019-07-14 08:53:14,707 INFO  server.RaftServerConfigKeys (ConfUtils.java:logGet(43)) - raft.server.log.appender.install.snapshot.enabled = false (custom)
2019-07-14 08:53:14,720 INFO  impl.RaftServerImpl (ServerState.java:<init>(105)) - 0b1e4e1c-0e9e-4e8f-afc5-aa13ca5ca0fd:group-2F04D6588853 ConfigurationManager, init=-1: [0b1e4e1c-0e9e-4e8f-afc5-aa13ca5ca0fd:192.168.5.191:33802], old=null, confs=<EMPTY_MAP>
2019-07-14 08:53:14,720 INFO  server.RaftServerConfigKeys (ConfUtils.java:logGet(43)) - raft.server.storage.dir = [/workdir/hadoop-ozone/integration-test/target/test-dir/MiniOzoneClusterImpl-2474cb1b-609a-4057-b253-62a746fc6dfe/datanode-0/data/ratis] (custom)
2019-07-14 08:53:14,730 INFO  node.SCMNodeManager (SCMNodeManager.java:register(269)) - Registered Data node : d7418a2d-7001-46da-99fb-86dd976ef755{ip: 192.168.5.191, host: trunk-nightly-5z2vd-27108033, networkLocation: /default-rack, certSerialId: null}
2019-07-14 08:53:14,734 INFO  storage.RaftStorageDirectory (RaftStorageDirectory.java:analyzeStorage(246)) - The storage directory /workdir/hadoop-ozone/integration-test/target/test-dir/MiniOzoneClusterImpl-2474cb1b-609a-4057-b253-62a746fc6dfe/datanode-0/data/ratis/3c344eed-1608-4af8-b3b3-2f04d6588853 does not exist. Creating ...
2019-07-14 08:53:14,752 INFO  storage.RaftStorageDirectory (RaftStorageDirectory.java:tryLock(328)) - Lock on /workdir/hadoop-ozone/integration-test/target/test-dir/MiniOzoneClusterImpl-2474cb1b-609a-4057-b253-62a746fc6dfe/datanode-0/data/ratis/3c344eed-1608-4af8-b3b3-2f04d6588853/in_use.lock acquired by nodename 12016@trunk-nightly-5z2vd-27108033
2019-07-14 08:53:14,760 INFO  storage.RaftStorage (RaftStorage.java:format(72)) - Storage directory /workdir/hadoop-ozone/integration-test/target/test-dir/MiniOzoneClusterImpl-2474cb1b-609a-4057-b253-62a746fc6dfe/datanode-0/data/ratis/3c344eed-1608-4af8-b3b3-2f04d6588853 has been successfully formatted.
2019-07-14 08:53:14,762 INFO  ratis.ContainerStateMachine (ContainerStateMachine.java:loadSnapshot(200)) - group-2F04D6588853: The snapshot info is null. Setting the last applied indexto:(t:0, i:~)
2019-07-14 08:53:14,763 INFO  server.RaftServerConfigKeys (ConfUtils.java:logGet(43)) - raft.server.leader.election.timeout = 120s (custom)
2019-07-14 08:53:14,765 INFO  server.RaftServerConfigKeys (ConfUtils.java:logGet(43)) - raft.server.log.use.memory = false (default)
2019-07-14 08:53:14,772 INFO  server.RaftServerConfigKeys (ConfUtils.java:logGet(43)) - raft.server.log.purge.gap = 1000000000 (custom)
2019-07-14 08:53:14,772 INFO  server.RaftServerConfigKeys (ConfUtils.java:logGet(43)) - raft.server.log.appender.buffer.byte-limit = 33554432 (custom)
2019-07-14 08:53:14,774 INFO  server.RaftServerConfigKeys (ConfUtils.java:logGet(43)) - raft.server.log.segment.size.max = 1048576 (custom)
2019-07-14 08:53:14,780 INFO  server.RaftServerConfigKeys (ConfUtils.java:logGet(43)) - raft.server.log.segment.cache.num.max = 2 (custom)
2019-07-14 08:53:14,786 INFO  segmented.SegmentedRaftLogWorker (SegmentedRaftLogWorker.java:<init>(172)) - new 0b1e4e1c-0e9e-4e8f-afc5-aa13ca5ca0fd-SegmentedRaftLogWorker:Storage Directory /workdir/hadoop-ozone/integration-test/target/test-dir/MiniOzoneClusterImpl-2474cb1b-609a-4057-b253-62a746fc6dfe/datanode-0/data/ratis/3c344eed-1608-4af8-b3b3-2f04d6588853 for RaftStorage:Storage Directory /workdir/hadoop-ozone/integration-test/target/test-dir/MiniOzoneClusterImpl-2474cb1b-609a-4057-b253-62a746fc6dfe/datanode-0/data/ratis/3c344eed-1608-4af8-b3b3-2f04d6588853
2019-07-14 08:53:14,799 INFO  server.RaftServerConfigKeys (ConfUtils.java:logGet(43)) - raft.server.log.queue.byte-limit = 2147483647 (custom)
2019-07-14 08:53:14,800 INFO  server.RaftServerConfigKeys (ConfUtils.java:logGet(43)) - raft.server.log.queue.element-limit = 1024 (custom)
2019-07-14 08:53:14,805 INFO  server.RaftServerConfigKeys (ConfUtils.java:logGet(43)) - raft.server.log.segment.size.max = 1048576 (custom)
2019-07-14 08:53:14,806 INFO  server.RaftServerConfigKeys (ConfUtils.java:logGet(43)) - raft.server.log.preallocated.size = 16384 (custom)
2019-07-14 08:53:14,806 INFO  server.RaftServerConfigKeys (ConfUtils.java:logGet(43)) - raft.server.log.write.buffer.size = 33554432 (custom)
2019-07-14 08:53:14,807 INFO  server.RaftServerConfigKeys (ConfUtils.java:logGet(43)) - raft.server.log.force.sync.num = 128 (default)
2019-07-14 08:53:14,808 INFO  server.RaftServerConfigKeys (ConfUtils.java:logGet(43)) - raft.server.log.statemachine.data.sync = true (default)
2019-07-14 08:53:14,808 INFO  server.RaftServerConfigKeys (ConfUtils.java:logGet(43)) - raft.server.log.statemachine.data.sync.timeout = 10s (default)
2019-07-14 08:53:14,808 INFO  server.RaftServerConfigKeys (ConfUtils.java:logGet(43)) - raft.server.log.statemachine.data.sync.timeout.retry = -1 (default)
2019-07-14 08:53:14,817 INFO  server.RaftServerConfigKeys (ConfUtils.java:logGet(43)) - raft.server.log.statemachine.data.caching.enabled = true (custom)
2019-07-14 08:53:14,822 INFO  segmented.SegmentedRaftLogWorker (SegmentedRaftLogWorker.java:lambda$new$0(132)) - 0b1e4e1c-0e9e-4e8f-afc5-aa13ca5ca0fd-SegmentedRaftLogWorker:Storage Directory /workdir/hadoop-ozone/integration-test/target/test-dir/MiniOzoneClusterImpl-2474cb1b-609a-4057-b253-62a746fc6dfe/datanode-0/data/ratis/3c344eed-1608-4af8-b3b3-2f04d6588853: flushIndex: setUnconditionally 0 -> -1
2019-07-14 08:53:14,826 INFO  server.RaftServerConfigKeys (ConfUtils.java:logGet(43)) - raft.server.snapshot.auto.trigger.enabled = true (custom)
2019-07-14 08:53:14,827 INFO  server.RaftServerConfigKeys (ConfUtils.java:logGet(43)) - raft.server.snapshot.auto.trigger.threshold = 10000 (custom)
2019-07-14 08:53:14,828 INFO  server.RaftServerConfigKeys (ConfUtils.java:logGet(43)) - raft.server.retrycache.expirytime = 600000ms (custom)
2019-07-14 08:53:14,848 INFO  impl.RaftServerImpl (RaftServerImpl.java:start(180)) - 0b1e4e1c-0e9e-4e8f-afc5-aa13ca5ca0fd: start group-2F04D6588853
2019-07-14 08:53:14,849 INFO  impl.RaftServerImpl (RaftServerImpl.java:setRole(171)) - 0b1e4e1c-0e9e-4e8f-afc5-aa13ca5ca0fd:group-2F04D6588853 changes role from null to FOLLOWER at term 0 for startAsFollower
2019-07-14 08:53:14,850 INFO  impl.RoleInfo (RoleInfo.java:updateAndGet(143)) - 0b1e4e1c-0e9e-4e8f-afc5-aa13ca5ca0fd: start FollowerState
2019-07-14 08:53:14,853 INFO  util.JmxRegister (JmxRegister.java:tryRegister(44)) - Successfully registered JMX Bean with object name Ratis:service=RaftServer,group=group-2F04D6588853,id=0b1e4e1c-0e9e-4e8f-afc5-aa13ca5ca0fd
2019-07-14 08:53:14,921 INFO  pipeline.PipelineStateManager (PipelineStateManager.java:addPipeline(56)) - Created pipeline Pipeline[ Id: 3c344eed-1608-4af8-b3b3-2f04d6588853, Nodes: 0b1e4e1c-0e9e-4e8f-afc5-aa13ca5ca0fd{ip: 192.168.5.191, host: trunk-nightly-5z2vd-27108033, networkLocation: /default-rack, certSerialId: null}, Type:RATIS, Factor:ONE, State:OPEN]
2019-07-14 08:53:14,955 INFO  impl.RaftServerProxy (RaftServerProxy.java:addNew(89)) - 2fca86bb-bd0a-49a0-a3c2-c1282515b4f7: addNew group-6E1736BAE905:[2fca86bb-bd0a-49a0-a3c2-c1282515b4f7:192.168.5.191:33594] returns group-6E1736BAE905:java.util.concurrent.CompletableFuture@bd0d99a[Not completed]
2019-07-14 08:53:15,011 INFO  ozone.MiniOzoneClusterImpl (MiniOzoneClusterImpl.java:lambda$waitForClusterToBeReady$0(142)) - Waiting for cluster to be ready. Got 6 of 7 DN Heartbeats.
2019-07-14 08:53:15,011 INFO  impl.RaftServerImpl (RaftServerImpl.java:<init>(93)) - 2fca86bb-bd0a-49a0-a3c2-c1282515b4f7: new RaftServerImpl for group-6E1736BAE905:[2fca86bb-bd0a-49a0-a3c2-c1282515b4f7:192.168.5.191:33594] with ContainerStateMachine:uninitialized
2019-07-14 08:53:15,014 INFO  server.RaftServerConfigKeys (ConfUtils.java:logGet(43)) - raft.server.rpc.timeout.min = 5s (custom)
2019-07-14 08:53:15,016 INFO  server.RaftServerConfigKeys (ConfUtils.java:logGet(43)) - raft.server.rpc.timeout.max = 5200ms (custom)
2019-07-14 08:53:15,016 INFO  server.RaftServerConfigKeys (ConfUtils.java:logGet(43)) - raft.server.rpcslowness.timeout = 120s (custom)
2019-07-14 08:53:15,016 INFO  server.RaftServerConfigKeys (ConfUtils.java:logGet(43)) - raft.server.sleep.deviation.threshold = 300 (default)
2019-07-14 08:53:15,016 INFO  server.RaftServerConfigKeys (ConfUtils.java:logGet(43)) - raft.server.log.appender.install.snapshot.enabled = false (custom)
2019-07-14 08:53:15,016 INFO  impl.RaftServerImpl (ServerState.java:<init>(105)) - 2fca86bb-bd0a-49a0-a3c2-c1282515b4f7:group-6E1736BAE905 ConfigurationManager, init=-1: [2fca86bb-bd0a-49a0-a3c2-c1282515b4f7:192.168.5.191:33594], old=null, confs=<EMPTY_MAP>
2019-07-14 08:53:15,016 INFO  server.RaftServerConfigKeys (ConfUtils.java:logGet(43)) - raft.server.storage.dir = [/workdir/hadoop-ozone/integration-test/target/test-dir/MiniOzoneClusterImpl-2474cb1b-609a-4057-b253-62a746fc6dfe/datanode-2/data/ratis] (custom)
2019-07-14 08:53:15,016 INFO  node.SCMNodeManager (SCMNodeManager.java:register(269)) - Registered Data node : 5dc9bfea-22b3-467b-8f81-6b2eb0614675{ip: 192.168.5.191, host: trunk-nightly-5z2vd-27108033, networkLocation: /default-rack, certSerialId: null}
2019-07-14 08:53:15,017 INFO  storage.RaftStorageDirectory (RaftStorageDirectory.java:analyzeStorage(246)) - The storage directory /workdir/hadoop-ozone/integration-test/target/test-dir/MiniOzoneClusterImpl-2474cb1b-609a-4057-b253-62a746fc6dfe/datanode-2/data/ratis/dcb4ec19-3772-4f98-b9db-6e1736bae905 does not exist. Creating ...
2019-07-14 08:53:15,022 INFO  storage.RaftStorageDirectory (RaftStorageDirectory.java:tryLock(328)) - Lock on /workdir/hadoop-ozone/integration-test/target/test-dir/MiniOzoneClusterImpl-2474cb1b-609a-4057-b253-62a746fc6dfe/datanode-2/data/ratis/dcb4ec19-3772-4f98-b9db-6e1736bae905/in_use.lock acquired by nodename 12016@trunk-nightly-5z2vd-27108033
2019-07-14 08:53:15,027 INFO  storage.RaftStorage (RaftStorage.java:format(72)) - Storage directory /workdir/hadoop-ozone/integration-test/target/test-dir/MiniOzoneClusterImpl-2474cb1b-609a-4057-b253-62a746fc6dfe/datanode-2/data/ratis/dcb4ec19-3772-4f98-b9db-6e1736bae905 has been successfully formatted.
2019-07-14 08:53:15,028 INFO  ratis.ContainerStateMachine (ContainerStateMachine.java:loadSnapshot(200)) - group-6E1736BAE905: The snapshot info is null. Setting the last applied indexto:(t:0, i:~)
2019-07-14 08:53:15,030 INFO  server.RaftServerConfigKeys (ConfUtils.java:logGet(43)) - raft.server.leader.election.timeout = 120s (custom)
2019-07-14 08:53:15,030 INFO  server.RaftServerConfigKeys (ConfUtils.java:logGet(43)) - raft.server.log.use.memory = false (default)
2019-07-14 08:53:15,030 INFO  server.RaftServerConfigKeys (ConfUtils.java:logGet(43)) - raft.server.log.purge.gap = 1000000000 (custom)
2019-07-14 08:53:15,030 INFO  server.RaftServerConfigKeys (ConfUtils.java:logGet(43)) - raft.server.log.appender.buffer.byte-limit = 33554432 (custom)
2019-07-14 08:53:15,030 INFO  server.RaftServerConfigKeys (ConfUtils.java:logGet(43)) - raft.server.log.segment.size.max = 1048576 (custom)
2019-07-14 08:53:15,030 INFO  server.RaftServerConfigKeys (ConfUtils.java:logGet(43)) - raft.server.log.segment.cache.num.max = 2 (custom)
2019-07-14 08:53:15,030 INFO  segmented.SegmentedRaftLogWorker (SegmentedRaftLogWorker.java:<init>(172)) - new 2fca86bb-bd0a-49a0-a3c2-c1282515b4f7-SegmentedRaftLogWorker:Storage Directory /workdir/hadoop-ozone/integration-test/target/test-dir/MiniOzoneClusterImpl-2474cb1b-609a-4057-b253-62a746fc6dfe/datanode-2/data/ratis/dcb4ec19-3772-4f98-b9db-6e1736bae905 for RaftStorage:Storage Directory /workdir/hadoop-ozone/integration-test/target/test-dir/MiniOzoneClusterImpl-2474cb1b-609a-4057-b253-62a746fc6dfe/datanode-2/data/ratis/dcb4ec19-3772-4f98-b9db-6e1736bae905
2019-07-14 08:53:15,032 INFO  server.RaftServerConfigKeys (ConfUtils.java:logGet(43)) - raft.server.log.queue.byte-limit = 2147483647 (custom)
2019-07-14 08:53:15,032 INFO  server.RaftServerConfigKeys (ConfUtils.java:logGet(43)) - raft.server.log.queue.element-limit = 1024 (custom)
2019-07-14 08:53:15,032 INFO  server.RaftServerConfigKeys (ConfUtils.java:logGet(43)) - raft.server.log.segment.size.max = 1048576 (custom)
2019-07-14 08:53:15,032 INFO  server.RaftServerConfigKeys (ConfUtils.java:logGet(43)) - raft.server.log.preallocated.size = 16384 (custom)
2019-07-14 08:53:15,032 INFO  server.RaftServerConfigKeys (ConfUtils.java:logGet(43)) - raft.server.log.write.buffer.size = 33554432 (custom)
2019-07-14 08:53:15,033 INFO  server.RaftServerConfigKeys (ConfUtils.java:logGet(43)) - raft.server.log.force.sync.num = 128 (default)
2019-07-14 08:53:15,033 INFO  server.RaftServerConfigKeys (ConfUtils.java:logGet(43)) - raft.server.log.statemachine.data.sync = true (default)
2019-07-14 08:53:15,033 INFO  server.RaftServerConfigKeys (ConfUtils.java:logGet(43)) - raft.server.log.statemachine.data.sync.timeout = 10s (default)
2019-07-14 08:53:15,033 INFO  server.RaftServerConfigKeys (ConfUtils.java:logGet(43)) - raft.server.log.statemachine.data.sync.timeout.retry = -1 (default)
2019-07-14 08:53:15,033 INFO  server.RaftServerConfigKeys (ConfUtils.java:logGet(43)) - raft.server.log.statemachine.data.caching.enabled = true (custom)
2019-07-14 08:53:15,034 INFO  segmented.SegmentedRaftLogWorker (SegmentedRaftLogWorker.java:lambda$new$0(132)) - 2fca86bb-bd0a-49a0-a3c2-c1282515b4f7-SegmentedRaftLogWorker:Storage Directory /workdir/hadoop-ozone/integration-test/target/test-dir/MiniOzoneClusterImpl-2474cb1b-609a-4057-b253-62a746fc6dfe/datanode-2/data/ratis/dcb4ec19-3772-4f98-b9db-6e1736bae905: flushIndex: setUnconditionally 0 -> -1
2019-07-14 08:53:15,034 INFO  server.RaftServerConfigKeys (ConfUtils.java:logGet(43)) - raft.server.snapshot.auto.trigger.enabled = true (custom)
2019-07-14 08:53:15,034 INFO  server.RaftServerConfigKeys (ConfUtils.java:logGet(43)) - raft.server.snapshot.auto.trigger.threshold = 10000 (custom)
2019-07-14 08:53:15,034 INFO  server.RaftServerConfigKeys (ConfUtils.java:logGet(43)) - raft.server.retrycache.expirytime = 600000ms (custom)
2019-07-14 08:53:15,034 INFO  impl.RaftServerImpl (RaftServerImpl.java:start(180)) - 2fca86bb-bd0a-49a0-a3c2-c1282515b4f7: start group-6E1736BAE905
2019-07-14 08:53:15,035 INFO  impl.RaftServerImpl (RaftServerImpl.java:setRole(171)) - 2fca86bb-bd0a-49a0-a3c2-c1282515b4f7:group-6E1736BAE905 changes role from null to FOLLOWER at term 0 for startAsFollower
2019-07-14 08:53:15,035 INFO  impl.RoleInfo (RoleInfo.java:updateAndGet(143)) - 2fca86bb-bd0a-49a0-a3c2-c1282515b4f7: start FollowerState
2019-07-14 08:53:15,036 INFO  util.JmxRegister (JmxRegister.java:tryRegister(44)) - Successfully registered JMX Bean with object name Ratis:service=RaftServer,group=group-6E1736BAE905,id=2fca86bb-bd0a-49a0-a3c2-c1282515b4f7
2019-07-14 08:53:15,053 INFO  pipeline.PipelineStateManager (PipelineStateManager.java:addPipeline(56)) - Created pipeline Pipeline[ Id: dcb4ec19-3772-4f98-b9db-6e1736bae905, Nodes: 2fca86bb-bd0a-49a0-a3c2-c1282515b4f7{ip: 192.168.5.191, host: trunk-nightly-5z2vd-27108033, networkLocation: /default-rack, certSerialId: null}, Type:RATIS, Factor:ONE, State:OPEN]
2019-07-14 08:53:15,077 INFO  impl.RaftServerProxy (RaftServerProxy.java:addNew(89)) - 5dc9bfea-22b3-467b-8f81-6b2eb0614675: addNew group-7EFC4CBACABD:[5dc9bfea-22b3-467b-8f81-6b2eb0614675:192.168.5.191:40677] returns group-7EFC4CBACABD:java.util.concurrent.CompletableFuture@2fd4eea9[Not completed]
2019-07-14 08:53:15,086 INFO  impl.RaftServerImpl (RaftServerImpl.java:<init>(93)) - 5dc9bfea-22b3-467b-8f81-6b2eb0614675: new RaftServerImpl for group-7EFC4CBACABD:[5dc9bfea-22b3-467b-8f81-6b2eb0614675:192.168.5.191:40677] with ContainerStateMachine:uninitialized
2019-07-14 08:53:15,088 INFO  server.RaftServerConfigKeys (ConfUtils.java:logGet(43)) - raft.server.rpc.timeout.min = 5s (custom)
2019-07-14 08:53:15,088 INFO  server.RaftServerConfigKeys (ConfUtils.java:logGet(43)) - raft.server.rpc.timeout.max = 5200ms (custom)
2019-07-14 08:53:15,088 INFO  server.RaftServerConfigKeys (ConfUtils.java:logGet(43)) - raft.server.rpcslowness.timeout = 120s (custom)
2019-07-14 08:53:15,088 INFO  server.RaftServerConfigKeys (ConfUtils.java:logGet(43)) - raft.server.sleep.deviation.threshold = 300 (default)
2019-07-14 08:53:15,088 INFO  server.RaftServerConfigKeys (ConfUtils.java:logGet(43)) - raft.server.log.appender.install.snapshot.enabled = false (custom)
2019-07-14 08:53:15,089 INFO  impl.RaftServerImpl (ServerState.java:<init>(105)) - 5dc9bfea-22b3-467b-8f81-6b2eb0614675:group-7EFC4CBACABD ConfigurationManager, init=-1: [5dc9bfea-22b3-467b-8f81-6b2eb0614675:192.168.5.191:40677], old=null, confs=<EMPTY_MAP>
2019-07-14 08:53:15,089 INFO  server.RaftServerConfigKeys (ConfUtils.java:logGet(43)) - raft.server.storage.dir = [/workdir/hadoop-ozone/integration-test/target/test-dir/MiniOzoneClusterImpl-2474cb1b-609a-4057-b253-62a746fc6dfe/datanode-6/data/ratis] (custom)
2019-07-14 08:53:15,089 INFO  storage.RaftStorageDirectory (RaftStorageDirectory.java:analyzeStorage(246)) - The storage directory /workdir/hadoop-ozone/integration-test/target/test-dir/MiniOzoneClusterImpl-2474cb1b-609a-4057-b253-62a746fc6dfe/datanode-6/data/ratis/c4c7d88b-4929-494f-a4f4-7efc4cbacabd does not exist. Creating ...
2019-07-14 08:53:15,093 INFO  storage.RaftStorageDirectory (RaftStorageDirectory.java:tryLock(328)) - Lock on /workdir/hadoop-ozone/integration-test/target/test-dir/MiniOzoneClusterImpl-2474cb1b-609a-4057-b253-62a746fc6dfe/datanode-6/data/ratis/c4c7d88b-4929-494f-a4f4-7efc4cbacabd/in_use.lock acquired by nodename 12016@trunk-nightly-5z2vd-27108033
2019-07-14 08:53:15,098 INFO  storage.RaftStorage (RaftStorage.java:format(72)) - Storage directory /workdir/hadoop-ozone/integration-test/target/test-dir/MiniOzoneClusterImpl-2474cb1b-609a-4057-b253-62a746fc6dfe/datanode-6/data/ratis/c4c7d88b-4929-494f-a4f4-7efc4cbacabd has been successfully formatted.
2019-07-14 08:53:15,098 INFO  ratis.ContainerStateMachine (ContainerStateMachine.java:loadSnapshot(200)) - group-7EFC4CBACABD: The snapshot info is null. Setting the last applied indexto:(t:0, i:~)
2019-07-14 08:53:15,098 INFO  server.RaftServerConfigKeys (ConfUtils.java:logGet(43)) - raft.server.leader.election.timeout = 120s (custom)
2019-07-14 08:53:15,098 INFO  server.RaftServerConfigKeys (ConfUtils.java:logGet(43)) - raft.server.log.use.memory = false (default)
2019-07-14 08:53:15,099 INFO  server.RaftServerConfigKeys (ConfUtils.java:logGet(43)) - raft.server.log.purge.gap = 1000000000 (custom)
2019-07-14 08:53:15,099 INFO  server.RaftServerConfigKeys (ConfUtils.java:logGet(43)) - raft.server.log.appender.buffer.byte-limit = 33554432 (custom)
2019-07-14 08:53:15,099 INFO  server.RaftServerConfigKeys (ConfUtils.java:logGet(43)) - raft.server.log.segment.size.max = 1048576 (custom)
2019-07-14 08:53:15,099 INFO  server.RaftServerConfigKeys (ConfUtils.java:logGet(43)) - raft.server.log.segment.cache.num.max = 2 (custom)
2019-07-14 08:53:15,099 INFO  segmented.SegmentedRaftLogWorker (SegmentedRaftLogWorker.java:<init>(172)) - new 5dc9bfea-22b3-467b-8f81-6b2eb0614675-SegmentedRaftLogWorker:Storage Directory /workdir/hadoop-ozone/integration-test/target/test-dir/MiniOzoneClusterImpl-2474cb1b-609a-4057-b253-62a746fc6dfe/datanode-6/data/ratis/c4c7d88b-4929-494f-a4f4-7efc4cbacabd for RaftStorage:Storage Directory /workdir/hadoop-ozone/integration-test/target/test-dir/MiniOzoneClusterImpl-2474cb1b-609a-4057-b253-62a746fc6dfe/datanode-6/data/ratis/c4c7d88b-4929-494f-a4f4-7efc4cbacabd
2019-07-14 08:53:15,100 INFO  server.RaftServerConfigKeys (ConfUtils.java:logGet(43)) - raft.server.log.queue.byte-limit = 2147483647 (custom)
2019-07-14 08:53:15,100 INFO  server.RaftServerConfigKeys (ConfUtils.java:logGet(43)) - raft.server.log.queue.element-limit = 1024 (custom)
2019-07-14 08:53:15,100 INFO  server.RaftServerConfigKeys (ConfUtils.java:logGet(43)) - raft.server.log.segment.size.max = 1048576 (custom)
2019-07-14 08:53:15,100 INFO  server.RaftServerConfigKeys (ConfUtils.java:logGet(43)) - raft.server.log.preallocated.size = 16384 (custom)
2019-07-14 08:53:15,101 INFO  server.RaftServerConfigKeys (ConfUtils.java:logGet(43)) - raft.server.log.write.buffer.size = 33554432 (custom)
2019-07-14 08:53:15,101 INFO  server.RaftServerConfigKeys (ConfUtils.java:logGet(43)) - raft.server.log.force.sync.num = 128 (default)
2019-07-14 08:53:15,101 INFO  server.RaftServerConfigKeys (ConfUtils.java:logGet(43)) - raft.server.log.statemachine.data.sync = true (default)
2019-07-14 08:53:15,101 INFO  server.RaftServerConfigKeys (ConfUtils.java:logGet(43)) - raft.server.log.statemachine.data.sync.timeout = 10s (default)
2019-07-14 08:53:15,101 INFO  server.RaftServerConfigKeys (ConfUtils.java:logGet(43)) - raft.server.log.statemachine.data.sync.timeout.retry = -1 (default)
2019-07-14 08:53:15,102 INFO  server.RaftServerConfigKeys (ConfUtils.java:logGet(43)) - raft.server.log.statemachine.data.caching.enabled = true (custom)
2019-07-14 08:53:15,102 INFO  segmented.SegmentedRaftLogWorker (SegmentedRaftLogWorker.java:lambda$new$0(132)) - 5dc9bfea-22b3-467b-8f81-6b2eb0614675-SegmentedRaftLogWorker:Storage Directory /workdir/hadoop-ozone/integration-test/target/test-dir/MiniOzoneClusterImpl-2474cb1b-609a-4057-b253-62a746fc6dfe/datanode-6/data/ratis/c4c7d88b-4929-494f-a4f4-7efc4cbacabd: flushIndex: setUnconditionally 0 -> -1
2019-07-14 08:53:15,103 INFO  server.RaftServerConfigKeys (ConfUtils.java:logGet(43)) - raft.server.snapshot.auto.trigger.enabled = true (custom)
2019-07-14 08:53:15,103 INFO  server.RaftServerConfigKeys (ConfUtils.java:logGet(43)) - raft.server.snapshot.auto.trigger.threshold = 10000 (custom)
2019-07-14 08:53:15,103 INFO  server.RaftServerConfigKeys (ConfUtils.java:logGet(43)) - raft.server.retrycache.expirytime = 600000ms (custom)
2019-07-14 08:53:15,104 INFO  impl.RaftServerImpl (RaftServerImpl.java:start(180)) - 5dc9bfea-22b3-467b-8f81-6b2eb0614675: start group-7EFC4CBACABD
2019-07-14 08:53:15,104 INFO  impl.RaftServerImpl (RaftServerImpl.java:setRole(171)) - 5dc9bfea-22b3-467b-8f81-6b2eb0614675:group-7EFC4CBACABD changes role from null to FOLLOWER at term 0 for startAsFollower
2019-07-14 08:53:15,104 INFO  impl.RoleInfo (RoleInfo.java:updateAndGet(143)) - 5dc9bfea-22b3-467b-8f81-6b2eb0614675: start FollowerState
2019-07-14 08:53:15,105 INFO  util.JmxRegister (JmxRegister.java:tryRegister(44)) - Successfully registered JMX Bean with object name Ratis:service=RaftServer,group=group-7EFC4CBACABD,id=5dc9bfea-22b3-467b-8f81-6b2eb0614675
2019-07-14 08:53:15,116 INFO  pipeline.PipelineStateManager (PipelineStateManager.java:addPipeline(56)) - Created pipeline Pipeline[ Id: c4c7d88b-4929-494f-a4f4-7efc4cbacabd, Nodes: 5dc9bfea-22b3-467b-8f81-6b2eb0614675{ip: 192.168.5.191, host: trunk-nightly-5z2vd-27108033, networkLocation: /default-rack, certSerialId: null}, Type:RATIS, Factor:ONE, State:OPEN]
2019-07-14 08:53:15,137 INFO  impl.RaftServerProxy (RaftServerProxy.java:addNew(89)) - 752ff8a1-e67a-435d-a9ca-9019089e4c30: addNew group-1A0E0DC29AD5:[752ff8a1-e67a-435d-a9ca-9019089e4c30:192.168.5.191:39034] returns group-1A0E0DC29AD5:java.util.concurrent.CompletableFuture@4ec64d9a[Not completed]
2019-07-14 08:53:15,139 INFO  impl.RaftServerImpl (RaftServerImpl.java:<init>(93)) - 752ff8a1-e67a-435d-a9ca-9019089e4c30: new RaftServerImpl for group-1A0E0DC29AD5:[752ff8a1-e67a-435d-a9ca-9019089e4c30:192.168.5.191:39034] with ContainerStateMachine:uninitialized
2019-07-14 08:53:15,140 INFO  server.RaftServerConfigKeys (ConfUtils.java:logGet(43)) - raft.server.rpc.timeout.min = 5s (custom)
2019-07-14 08:53:15,141 INFO  server.RaftServerConfigKeys (ConfUtils.java:logGet(43)) - raft.server.rpc.timeout.max = 5200ms (custom)
2019-07-14 08:53:15,141 INFO  server.RaftServerConfigKeys (ConfUtils.java:logGet(43)) - raft.server.rpcslowness.timeout = 120s (custom)
2019-07-14 08:53:15,141 INFO  server.RaftServerConfigKeys (ConfUtils.java:logGet(43)) - raft.server.sleep.deviation.threshold = 300 (default)
2019-07-14 08:53:15,141 INFO  server.RaftServerConfigKeys (ConfUtils.java:logGet(43)) - raft.server.log.appender.install.snapshot.enabled = false (custom)
2019-07-14 08:53:15,141 INFO  impl.RaftServerImpl (ServerState.java:<init>(105)) - 752ff8a1-e67a-435d-a9ca-9019089e4c30:group-1A0E0DC29AD5 ConfigurationManager, init=-1: [752ff8a1-e67a-435d-a9ca-9019089e4c30:192.168.5.191:39034], old=null, confs=<EMPTY_MAP>
2019-07-14 08:53:15,141 INFO  server.RaftServerConfigKeys (ConfUtils.java:logGet(43)) - raft.server.storage.dir = [/workdir/hadoop-ozone/integration-test/target/test-dir/MiniOzoneClusterImpl-2474cb1b-609a-4057-b253-62a746fc6dfe/datanode-3/data/ratis] (custom)
2019-07-14 08:53:15,142 INFO  storage.RaftStorageDirectory (RaftStorageDirectory.java:analyzeStorage(246)) - The storage directory /workdir/hadoop-ozone/integration-test/target/test-dir/MiniOzoneClusterImpl-2474cb1b-609a-4057-b253-62a746fc6dfe/datanode-3/data/ratis/f84838e3-e88c-4387-a98b-1a0e0dc29ad5 does not exist. Creating ...
2019-07-14 08:53:15,145 INFO  storage.RaftStorageDirectory (RaftStorageDirectory.java:tryLock(328)) - Lock on /workdir/hadoop-ozone/integration-test/target/test-dir/MiniOzoneClusterImpl-2474cb1b-609a-4057-b253-62a746fc6dfe/datanode-3/data/ratis/f84838e3-e88c-4387-a98b-1a0e0dc29ad5/in_use.lock acquired by nodename 12016@trunk-nightly-5z2vd-27108033
2019-07-14 08:53:15,150 INFO  storage.RaftStorage (RaftStorage.java:format(72)) - Storage directory /workdir/hadoop-ozone/integration-test/target/test-dir/MiniOzoneClusterImpl-2474cb1b-609a-4057-b253-62a746fc6dfe/datanode-3/data/ratis/f84838e3-e88c-4387-a98b-1a0e0dc29ad5 has been successfully formatted.
2019-07-14 08:53:15,151 INFO  ratis.ContainerStateMachine (ContainerStateMachine.java:loadSnapshot(200)) - group-1A0E0DC29AD5: The snapshot info is null. Setting the last applied indexto:(t:0, i:~)
2019-07-14 08:53:15,151 INFO  server.RaftServerConfigKeys (ConfUtils.java:logGet(43)) - raft.server.leader.election.timeout = 120s (custom)
2019-07-14 08:53:15,151 INFO  server.RaftServerConfigKeys (ConfUtils.java:logGet(43)) - raft.server.log.use.memory = false (default)
2019-07-14 08:53:15,151 INFO  server.RaftServerConfigKeys (ConfUtils.java:logGet(43)) - raft.server.log.purge.gap = 1000000000 (custom)
2019-07-14 08:53:15,152 INFO  server.RaftServerConfigKeys (ConfUtils.java:logGet(43)) - raft.server.log.appender.buffer.byte-limit = 33554432 (custom)
2019-07-14 08:53:15,152 INFO  server.RaftServerConfigKeys (ConfUtils.java:logGet(43)) - raft.server.log.segment.size.max = 1048576 (custom)
2019-07-14 08:53:15,152 INFO  server.RaftServerConfigKeys (ConfUtils.java:logGet(43)) - raft.server.log.segment.cache.num.max = 2 (custom)
2019-07-14 08:53:15,152 INFO  segmented.SegmentedRaftLogWorker (SegmentedRaftLogWorker.java:<init>(172)) - new 752ff8a1-e67a-435d-a9ca-9019089e4c30-SegmentedRaftLogWorker:Storage Directory /workdir/hadoop-ozone/integration-test/target/test-dir/MiniOzoneClusterImpl-2474cb1b-609a-4057-b253-62a746fc6dfe/datanode-3/data/ratis/f84838e3-e88c-4387-a98b-1a0e0dc29ad5 for RaftStorage:Storage Directory /workdir/hadoop-ozone/integration-test/target/test-dir/MiniOzoneClusterImpl-2474cb1b-609a-4057-b253-62a746fc6dfe/datanode-3/data/ratis/f84838e3-e88c-4387-a98b-1a0e0dc29ad5
2019-07-14 08:53:15,152 INFO  server.RaftServerConfigKeys (ConfUtils.java:logGet(43)) - raft.server.log.queue.byte-limit = 2147483647 (custom)
2019-07-14 08:53:15,152 INFO  server.RaftServerConfigKeys (ConfUtils.java:logGet(43)) - raft.server.log.queue.element-limit = 1024 (custom)
2019-07-14 08:53:15,153 INFO  server.RaftServerConfigKeys (ConfUtils.java:logGet(43)) - raft.server.log.segment.size.max = 1048576 (custom)
2019-07-14 08:53:15,153 INFO  server.RaftServerConfigKeys (ConfUtils.java:logGet(43)) - raft.server.log.preallocated.size = 16384 (custom)
2019-07-14 08:53:15,153 INFO  server.RaftServerConfigKeys (ConfUtils.java:logGet(43)) - raft.server.log.write.buffer.size = 33554432 (custom)
2019-07-14 08:53:15,153 INFO  server.RaftServerConfigKeys (ConfUtils.java:logGet(43)) - raft.server.log.force.sync.num = 128 (default)
2019-07-14 08:53:15,154 INFO  server.RaftServerConfigKeys (ConfUtils.java:logGet(43)) - raft.server.log.statemachine.data.sync = true (default)
2019-07-14 08:53:15,154 INFO  server.RaftServerConfigKeys (ConfUtils.java:logGet(43)) - raft.server.log.statemachine.data.sync.timeout = 10s (default)
2019-07-14 08:53:15,154 INFO  server.RaftServerConfigKeys (ConfUtils.java:logGet(43)) - raft.server.log.statemachine.data.sync.timeout.retry = -1 (default)
2019-07-14 08:53:15,154 INFO  server.RaftServerConfigKeys (ConfUtils.java:logGet(43)) - raft.server.log.statemachine.data.caching.enabled = true (custom)
2019-07-14 08:53:15,155 INFO  segmented.SegmentedRaftLogWorker (SegmentedRaftLogWorker.java:lambda$new$0(132)) - 752ff8a1-e67a-435d-a9ca-9019089e4c30-SegmentedRaftLogWorker:Storage Directory /workdir/hadoop-ozone/integration-test/target/test-dir/MiniOzoneClusterImpl-2474cb1b-609a-4057-b253-62a746fc6dfe/datanode-3/data/ratis/f84838e3-e88c-4387-a98b-1a0e0dc29ad5: flushIndex: setUnconditionally 0 -> -1
2019-07-14 08:53:15,155 INFO  server.RaftServerConfigKeys (ConfUtils.java:logGet(43)) - raft.server.snapshot.auto.trigger.enabled = true (custom)
2019-07-14 08:53:15,155 INFO  server.RaftServerConfigKeys (ConfUtils.java:logGet(43)) - raft.server.snapshot.auto.trigger.threshold = 10000 (custom)
2019-07-14 08:53:15,156 INFO  server.RaftServerConfigKeys (ConfUtils.java:logGet(43)) - raft.server.retrycache.expirytime = 600000ms (custom)
2019-07-14 08:53:15,156 INFO  impl.RaftServerImpl (RaftServerImpl.java:start(180)) - 752ff8a1-e67a-435d-a9ca-9019089e4c30: start group-1A0E0DC29AD5
2019-07-14 08:53:15,156 INFO  impl.RaftServerImpl (RaftServerImpl.java:setRole(171)) - 752ff8a1-e67a-435d-a9ca-9019089e4c30:group-1A0E0DC29AD5 changes role from null to FOLLOWER at term 0 for startAsFollower
2019-07-14 08:53:15,156 INFO  impl.RoleInfo (RoleInfo.java:updateAndGet(143)) - 752ff8a1-e67a-435d-a9ca-9019089e4c30: start FollowerState
2019-07-14 08:53:15,157 INFO  util.JmxRegister (JmxRegister.java:tryRegister(44)) - Successfully registered JMX Bean with object name Ratis:service=RaftServer,group=group-1A0E0DC29AD5,id=752ff8a1-e67a-435d-a9ca-9019089e4c30
2019-07-14 08:53:15,168 INFO  pipeline.PipelineStateManager (PipelineStateManager.java:addPipeline(56)) - Created pipeline Pipeline[ Id: f84838e3-e88c-4387-a98b-1a0e0dc29ad5, Nodes: 752ff8a1-e67a-435d-a9ca-9019089e4c30{ip: 192.168.5.191, host: trunk-nightly-5z2vd-27108033, networkLocation: /default-rack, certSerialId: null}, Type:RATIS, Factor:ONE, State:OPEN]
2019-07-14 08:53:15,188 INFO  impl.RaftServerProxy (RaftServerProxy.java:addNew(89)) - f3ff9805-b314-43df-abba-f6febe10e2d0: addNew group-BA2D0E972037:[f3ff9805-b314-43df-abba-f6febe10e2d0:192.168.5.191:37002] returns group-BA2D0E972037:java.util.concurrent.CompletableFuture@6b38051a[Not completed]
2019-07-14 08:53:15,190 INFO  impl.RaftServerImpl (RaftServerImpl.java:<init>(93)) - f3ff9805-b314-43df-abba-f6febe10e2d0: new RaftServerImpl for group-BA2D0E972037:[f3ff9805-b314-43df-abba-f6febe10e2d0:192.168.5.191:37002] with ContainerStateMachine:uninitialized
2019-07-14 08:53:15,191 INFO  server.RaftServerConfigKeys (ConfUtils.java:logGet(43)) - raft.server.rpc.timeout.min = 5s (custom)
2019-07-14 08:53:15,192 INFO  server.RaftServerConfigKeys (ConfUtils.java:logGet(43)) - raft.server.rpc.timeout.max = 5200ms (custom)
2019-07-14 08:53:15,192 INFO  server.RaftServerConfigKeys (ConfUtils.java:logGet(43)) - raft.server.rpcslowness.timeout = 120s (custom)
2019-07-14 08:53:15,192 INFO  server.RaftServerConfigKeys (ConfUtils.java:logGet(43)) - raft.server.sleep.deviation.threshold = 300 (default)
2019-07-14 08:53:15,192 INFO  server.RaftServerConfigKeys (ConfUtils.java:logGet(43)) - raft.server.log.appender.install.snapshot.enabled = false (custom)
2019-07-14 08:53:15,192 INFO  impl.RaftServerImpl (ServerState.java:<init>(105)) - f3ff9805-b314-43df-abba-f6febe10e2d0:group-BA2D0E972037 ConfigurationManager, init=-1: [f3ff9805-b314-43df-abba-f6febe10e2d0:192.168.5.191:37002], old=null, confs=<EMPTY_MAP>
2019-07-14 08:53:15,193 INFO  server.RaftServerConfigKeys (ConfUtils.java:logGet(43)) - raft.server.storage.dir = [/workdir/hadoop-ozone/integration-test/target/test-dir/MiniOzoneClusterImpl-2474cb1b-609a-4057-b253-62a746fc6dfe/datanode-4/data/ratis] (custom)
2019-07-14 08:53:15,193 INFO  storage.RaftStorageDirectory (RaftStorageDirectory.java:analyzeStorage(246)) - The storage directory /workdir/hadoop-ozone/integration-test/target/test-dir/MiniOzoneClusterImpl-2474cb1b-609a-4057-b253-62a746fc6dfe/datanode-4/data/ratis/0363fb7a-3be9-4156-bf5c-ba2d0e972037 does not exist. Creating ...
2019-07-14 08:53:15,199 INFO  storage.RaftStorageDirectory (RaftStorageDirectory.java:tryLock(328)) - Lock on /workdir/hadoop-ozone/integration-test/target/test-dir/MiniOzoneClusterImpl-2474cb1b-609a-4057-b253-62a746fc6dfe/datanode-4/data/ratis/0363fb7a-3be9-4156-bf5c-ba2d0e972037/in_use.lock acquired by nodename 12016@trunk-nightly-5z2vd-27108033
2019-07-14 08:53:15,203 INFO  storage.RaftStorage (RaftStorage.java:format(72)) - Storage directory /workdir/hadoop-ozone/integration-test/target/test-dir/MiniOzoneClusterImpl-2474cb1b-609a-4057-b253-62a746fc6dfe/datanode-4/data/ratis/0363fb7a-3be9-4156-bf5c-ba2d0e972037 has been successfully formatted.
2019-07-14 08:53:15,203 INFO  ratis.ContainerStateMachine (ContainerStateMachine.java:loadSnapshot(200)) - group-BA2D0E972037: The snapshot info is null. Setting the last applied indexto:(t:0, i:~)
2019-07-14 08:53:15,204 INFO  server.RaftServerConfigKeys (ConfUtils.java:logGet(43)) - raft.server.leader.election.timeout = 120s (custom)
2019-07-14 08:53:15,204 INFO  server.RaftServerConfigKeys (ConfUtils.java:logGet(43)) - raft.server.log.use.memory = false (default)
2019-07-14 08:53:15,204 INFO  server.RaftServerConfigKeys (ConfUtils.java:logGet(43)) - raft.server.log.purge.gap = 1000000000 (custom)
2019-07-14 08:53:15,204 INFO  server.RaftServerConfigKeys (ConfUtils.java:logGet(43)) - raft.server.log.appender.buffer.byte-limit = 33554432 (custom)
2019-07-14 08:53:15,204 INFO  server.RaftServerConfigKeys (ConfUtils.java:logGet(43)) - raft.server.log.segment.size.max = 1048576 (custom)
2019-07-14 08:53:15,204 INFO  server.RaftServerConfigKeys (ConfUtils.java:logGet(43)) - raft.server.log.segment.cache.num.max = 2 (custom)
2019-07-14 08:53:15,205 INFO  segmented.SegmentedRaftLogWorker (SegmentedRaftLogWorker.java:<init>(172)) - new f3ff9805-b314-43df-abba-f6febe10e2d0-SegmentedRaftLogWorker:Storage Directory /workdir/hadoop-ozone/integration-test/target/test-dir/MiniOzoneClusterImpl-2474cb1b-609a-4057-b253-62a746fc6dfe/datanode-4/data/ratis/0363fb7a-3be9-4156-bf5c-ba2d0e972037 for RaftStorage:Storage Directory /workdir/hadoop-ozone/integration-test/target/test-dir/MiniOzoneClusterImpl-2474cb1b-609a-4057-b253-62a746fc6dfe/datanode-4/data/ratis/0363fb7a-3be9-4156-bf5c-ba2d0e972037
2019-07-14 08:53:15,205 INFO  server.RaftServerConfigKeys (ConfUtils.java:logGet(43)) - raft.server.log.queue.byte-limit = 2147483647 (custom)
2019-07-14 08:53:15,205 INFO  server.RaftServerConfigKeys (ConfUtils.java:logGet(43)) - raft.server.log.queue.element-limit = 1024 (custom)
2019-07-14 08:53:15,205 INFO  server.RaftServerConfigKeys (ConfUtils.java:logGet(43)) - raft.server.log.segment.size.max = 1048576 (custom)
2019-07-14 08:53:15,206 INFO  server.RaftServerConfigKeys (ConfUtils.java:logGet(43)) - raft.server.log.preallocated.size = 16384 (custom)
2019-07-14 08:53:15,206 INFO  server.RaftServerConfigKeys (ConfUtils.java:logGet(43)) - raft.server.log.write.buffer.size = 33554432 (custom)
2019-07-14 08:53:15,206 INFO  server.RaftServerConfigKeys (ConfUtils.java:logGet(43)) - raft.server.log.force.sync.num = 128 (default)
2019-07-14 08:53:15,206 INFO  server.RaftServerConfigKeys (ConfUtils.java:logGet(43)) - raft.server.log.statemachine.data.sync = true (default)
2019-07-14 08:53:15,206 INFO  server.RaftServerConfigKeys (ConfUtils.java:logGet(43)) - raft.server.log.statemachine.data.sync.timeout = 10s (default)
2019-07-14 08:53:15,206 INFO  server.RaftServerConfigKeys (ConfUtils.java:logGet(43)) - raft.server.log.statemachine.data.sync.timeout.retry = -1 (default)
2019-07-14 08:53:15,207 INFO  server.RaftServerConfigKeys (ConfUtils.java:logGet(43)) - raft.server.log.statemachine.data.caching.enabled = true (custom)
2019-07-14 08:53:15,207 INFO  segmented.SegmentedRaftLogWorker (SegmentedRaftLogWorker.java:lambda$new$0(132)) - f3ff9805-b314-43df-abba-f6febe10e2d0-SegmentedRaftLogWorker:Storage Directory /workdir/hadoop-ozone/integration-test/target/test-dir/MiniOzoneClusterImpl-2474cb1b-609a-4057-b253-62a746fc6dfe/datanode-4/data/ratis/0363fb7a-3be9-4156-bf5c-ba2d0e972037: flushIndex: setUnconditionally 0 -> -1
2019-07-14 08:53:15,208 INFO  server.RaftServerConfigKeys (ConfUtils.java:logGet(43)) - raft.server.snapshot.auto.trigger.enabled = true (custom)
2019-07-14 08:53:15,208 INFO  server.RaftServerConfigKeys (ConfUtils.java:logGet(43)) - raft.server.snapshot.auto.trigger.threshold = 10000 (custom)
2019-07-14 08:53:15,208 INFO  server.RaftServerConfigKeys (ConfUtils.java:logGet(43)) - raft.server.retrycache.expirytime = 600000ms (custom)
2019-07-14 08:53:15,208 INFO  impl.RaftServerImpl (RaftServerImpl.java:start(180)) - f3ff9805-b314-43df-abba-f6febe10e2d0: start group-BA2D0E972037
2019-07-14 08:53:15,209 INFO  impl.RaftServerImpl (RaftServerImpl.java:setRole(171)) - f3ff9805-b314-43df-abba-f6febe10e2d0:group-BA2D0E972037 changes role from null to FOLLOWER at term 0 for startAsFollower
2019-07-14 08:53:15,209 INFO  impl.RoleInfo (RoleInfo.java:updateAndGet(143)) - f3ff9805-b314-43df-abba-f6febe10e2d0: start FollowerState
2019-07-14 08:53:15,209 INFO  util.JmxRegister (JmxRegister.java:tryRegister(44)) - Successfully registered JMX Bean with object name Ratis:service=RaftServer,group=group-BA2D0E972037,id=f3ff9805-b314-43df-abba-f6febe10e2d0
2019-07-14 08:53:15,220 INFO  pipeline.PipelineStateManager (PipelineStateManager.java:addPipeline(56)) - Created pipeline Pipeline[ Id: 0363fb7a-3be9-4156-bf5c-ba2d0e972037, Nodes: f3ff9805-b314-43df-abba-f6febe10e2d0{ip: 192.168.5.191, host: trunk-nightly-5z2vd-27108033, networkLocation: /default-rack, certSerialId: null}, Type:RATIS, Factor:ONE, State:OPEN]
2019-07-14 08:53:15,242 INFO  impl.RaftServerProxy (RaftServerProxy.java:addNew(89)) - 47b5091c-c8b4-43d9-a484-1a0ef0e6a01f: addNew group-5605B9F1EB73:[47b5091c-c8b4-43d9-a484-1a0ef0e6a01f:192.168.5.191:35899] returns group-5605B9F1EB73:java.util.concurrent.CompletableFuture@6c84f4cd[Not completed]
2019-07-14 08:53:15,244 INFO  impl.RaftServerImpl (RaftServerImpl.java:<init>(93)) - 47b5091c-c8b4-43d9-a484-1a0ef0e6a01f: new RaftServerImpl for group-5605B9F1EB73:[47b5091c-c8b4-43d9-a484-1a0ef0e6a01f:192.168.5.191:35899] with ContainerStateMachine:uninitialized
2019-07-14 08:53:15,249 INFO  server.RaftServerConfigKeys (ConfUtils.java:logGet(43)) - raft.server.rpc.timeout.min = 5s (custom)
2019-07-14 08:53:15,249 INFO  server.RaftServerConfigKeys (ConfUtils.java:logGet(43)) - raft.server.rpc.timeout.max = 5200ms (custom)
2019-07-14 08:53:15,249 INFO  server.RaftServerConfigKeys (ConfUtils.java:logGet(43)) - raft.server.rpcslowness.timeout = 120s (custom)
2019-07-14 08:53:15,249 INFO  server.RaftServerConfigKeys (ConfUtils.java:logGet(43)) - raft.server.sleep.deviation.threshold = 300 (default)
2019-07-14 08:53:15,249 INFO  server.RaftServerConfigKeys (ConfUtils.java:logGet(43)) - raft.server.log.appender.install.snapshot.enabled = false (custom)
2019-07-14 08:53:15,249 INFO  impl.RaftServerImpl (ServerState.java:<init>(105)) - 47b5091c-c8b4-43d9-a484-1a0ef0e6a01f:group-5605B9F1EB73 ConfigurationManager, init=-1: [47b5091c-c8b4-43d9-a484-1a0ef0e6a01f:192.168.5.191:35899], old=null, confs=<EMPTY_MAP>
2019-07-14 08:53:15,250 INFO  server.RaftServerConfigKeys (ConfUtils.java:logGet(43)) - raft.server.storage.dir = [/workdir/hadoop-ozone/integration-test/target/test-dir/MiniOzoneClusterImpl-2474cb1b-609a-4057-b253-62a746fc6dfe/datanode-1/data/ratis] (custom)
2019-07-14 08:53:15,250 INFO  storage.RaftStorageDirectory (RaftStorageDirectory.java:analyzeStorage(246)) - The storage directory /workdir/hadoop-ozone/integration-test/target/test-dir/MiniOzoneClusterImpl-2474cb1b-609a-4057-b253-62a746fc6dfe/datanode-1/data/ratis/169bb343-fe38-4d8b-a471-5605b9f1eb73 does not exist. Creating ...
2019-07-14 08:53:15,254 INFO  storage.RaftStorageDirectory (RaftStorageDirectory.java:tryLock(328)) - Lock on /workdir/hadoop-ozone/integration-test/target/test-dir/MiniOzoneClusterImpl-2474cb1b-609a-4057-b253-62a746fc6dfe/datanode-1/data/ratis/169bb343-fe38-4d8b-a471-5605b9f1eb73/in_use.lock acquired by nodename 12016@trunk-nightly-5z2vd-27108033
2019-07-14 08:53:15,258 INFO  storage.RaftStorage (RaftStorage.java:format(72)) - Storage directory /workdir/hadoop-ozone/integration-test/target/test-dir/MiniOzoneClusterImpl-2474cb1b-609a-4057-b253-62a746fc6dfe/datanode-1/data/ratis/169bb343-fe38-4d8b-a471-5605b9f1eb73 has been successfully formatted.
2019-07-14 08:53:15,259 INFO  ratis.ContainerStateMachine (ContainerStateMachine.java:loadSnapshot(200)) - group-5605B9F1EB73: The snapshot info is null. Setting the last applied indexto:(t:0, i:~)
2019-07-14 08:53:15,259 INFO  server.RaftServerConfigKeys (ConfUtils.java:logGet(43)) - raft.server.leader.election.timeout = 120s (custom)
2019-07-14 08:53:15,259 INFO  server.RaftServerConfigKeys (ConfUtils.java:logGet(43)) - raft.server.log.use.memory = false (default)
2019-07-14 08:53:15,259 INFO  server.RaftServerConfigKeys (ConfUtils.java:logGet(43)) - raft.server.log.purge.gap = 1000000000 (custom)
2019-07-14 08:53:15,259 INFO  server.RaftServerConfigKeys (ConfUtils.java:logGet(43)) - raft.server.log.appender.buffer.byte-limit = 33554432 (custom)
2019-07-14 08:53:15,260 INFO  server.RaftServerConfigKeys (ConfUtils.java:logGet(43)) - raft.server.log.segment.size.max = 1048576 (custom)
2019-07-14 08:53:15,260 INFO  server.RaftServerConfigKeys (ConfUtils.java:logGet(43)) - raft.server.log.segment.cache.num.max = 2 (custom)
2019-07-14 08:53:15,260 INFO  segmented.SegmentedRaftLogWorker (SegmentedRaftLogWorker.java:<init>(172)) - new 47b5091c-c8b4-43d9-a484-1a0ef0e6a01f-SegmentedRaftLogWorker:Storage Directory /workdir/hadoop-ozone/integration-test/target/test-dir/MiniOzoneClusterImpl-2474cb1b-609a-4057-b253-62a746fc6dfe/datanode-1/data/ratis/169bb343-fe38-4d8b-a471-5605b9f1eb73 for RaftStorage:Storage Directory /workdir/hadoop-ozone/integration-test/target/test-dir/MiniOzoneClusterImpl-2474cb1b-609a-4057-b253-62a746fc6dfe/datanode-1/data/ratis/169bb343-fe38-4d8b-a471-5605b9f1eb73
2019-07-14 08:53:15,260 INFO  server.RaftServerConfigKeys (ConfUtils.java:logGet(43)) - raft.server.log.queue.byte-limit = 2147483647 (custom)
2019-07-14 08:53:15,260 INFO  server.RaftServerConfigKeys (ConfUtils.java:logGet(43)) - raft.server.log.queue.element-limit = 1024 (custom)
2019-07-14 08:53:15,261 INFO  server.RaftServerConfigKeys (ConfUtils.java:logGet(43)) - raft.server.log.segment.size.max = 1048576 (custom)
2019-07-14 08:53:15,261 INFO  server.RaftServerConfigKeys (ConfUtils.java:logGet(43)) - raft.server.log.preallocated.size = 16384 (custom)
2019-07-14 08:53:15,261 INFO  server.RaftServerConfigKeys (ConfUtils.java:logGet(43)) - raft.server.log.write.buffer.size = 33554432 (custom)
2019-07-14 08:53:15,261 INFO  server.RaftServerConfigKeys (ConfUtils.java:logGet(43)) - raft.server.log.force.sync.num = 128 (default)
2019-07-14 08:53:15,261 INFO  server.RaftServerConfigKeys (ConfUtils.java:logGet(43)) - raft.server.log.statemachine.data.sync = true (default)
2019-07-14 08:53:15,262 INFO  server.RaftServerConfigKeys (ConfUtils.java:logGet(43)) - raft.server.log.statemachine.data.sync.timeout = 10s (default)
2019-07-14 08:53:15,262 INFO  server.RaftServerConfigKeys (ConfUtils.java:logGet(43)) - raft.server.log.statemachine.data.sync.timeout.retry = -1 (default)
2019-07-14 08:53:15,262 INFO  server.RaftServerConfigKeys (ConfUtils.java:logGet(43)) - raft.server.log.statemachine.data.caching.enabled = true (custom)
2019-07-14 08:53:15,263 INFO  segmented.SegmentedRaftLogWorker (SegmentedRaftLogWorker.java:lambda$new$0(132)) - 47b5091c-c8b4-43d9-a484-1a0ef0e6a01f-SegmentedRaftLogWorker:Storage Directory /workdir/hadoop-ozone/integration-test/target/test-dir/MiniOzoneClusterImpl-2474cb1b-609a-4057-b253-62a746fc6dfe/datanode-1/data/ratis/169bb343-fe38-4d8b-a471-5605b9f1eb73: flushIndex: setUnconditionally 0 -> -1
2019-07-14 08:53:15,263 INFO  server.RaftServerConfigKeys (ConfUtils.java:logGet(43)) - raft.server.snapshot.auto.trigger.enabled = true (custom)
2019-07-14 08:53:15,263 INFO  server.RaftServerConfigKeys (ConfUtils.java:logGet(43)) - raft.server.snapshot.auto.trigger.threshold = 10000 (custom)
2019-07-14 08:53:15,264 INFO  server.RaftServerConfigKeys (ConfUtils.java:logGet(43)) - raft.server.retrycache.expirytime = 600000ms (custom)
2019-07-14 08:53:15,264 INFO  impl.RaftServerImpl (RaftServerImpl.java:start(180)) - 47b5091c-c8b4-43d9-a484-1a0ef0e6a01f: start group-5605B9F1EB73
2019-07-14 08:53:15,264 INFO  impl.RaftServerImpl (RaftServerImpl.java:setRole(171)) - 47b5091c-c8b4-43d9-a484-1a0ef0e6a01f:group-5605B9F1EB73 changes role from null to FOLLOWER at term 0 for startAsFollower
2019-07-14 08:53:15,264 INFO  impl.RoleInfo (RoleInfo.java:updateAndGet(143)) - 47b5091c-c8b4-43d9-a484-1a0ef0e6a01f: start FollowerState
2019-07-14 08:53:15,265 INFO  util.JmxRegister (JmxRegister.java:tryRegister(44)) - Successfully registered JMX Bean with object name Ratis:service=RaftServer,group=group-5605B9F1EB73,id=47b5091c-c8b4-43d9-a484-1a0ef0e6a01f
2019-07-14 08:53:15,275 INFO  pipeline.PipelineStateManager (PipelineStateManager.java:addPipeline(56)) - Created pipeline Pipeline[ Id: 169bb343-fe38-4d8b-a471-5605b9f1eb73, Nodes: 47b5091c-c8b4-43d9-a484-1a0ef0e6a01f{ip: 192.168.5.191, host: trunk-nightly-5z2vd-27108033, networkLocation: /default-rack, certSerialId: null}, Type:RATIS, Factor:ONE, State:OPEN]
2019-07-14 08:53:15,291 INFO  impl.RaftServerProxy (RaftServerProxy.java:addNew(89)) - d7418a2d-7001-46da-99fb-86dd976ef755: addNew group-BEB7EDF5EBEB:[d7418a2d-7001-46da-99fb-86dd976ef755:192.168.5.191:46202] returns group-BEB7EDF5EBEB:java.util.concurrent.CompletableFuture@356019d3[Not completed]
2019-07-14 08:53:15,293 INFO  impl.RaftServerImpl (RaftServerImpl.java:<init>(93)) - d7418a2d-7001-46da-99fb-86dd976ef755: new RaftServerImpl for group-BEB7EDF5EBEB:[d7418a2d-7001-46da-99fb-86dd976ef755:192.168.5.191:46202] with ContainerStateMachine:uninitialized
2019-07-14 08:53:15,293 INFO  server.RaftServerConfigKeys (ConfUtils.java:logGet(43)) - raft.server.rpc.timeout.min = 5s (custom)
2019-07-14 08:53:15,293 INFO  server.RaftServerConfigKeys (ConfUtils.java:logGet(43)) - raft.server.rpc.timeout.max = 5200ms (custom)
2019-07-14 08:53:15,293 INFO  server.RaftServerConfigKeys (ConfUtils.java:logGet(43)) - raft.server.rpcslowness.timeout = 120s (custom)
2019-07-14 08:53:15,294 INFO  server.RaftServerConfigKeys (ConfUtils.java:logGet(43)) - raft.server.sleep.deviation.threshold = 300 (default)
2019-07-14 08:53:15,294 INFO  server.RaftServerConfigKeys (ConfUtils.java:logGet(43)) - raft.server.log.appender.install.snapshot.enabled = false (custom)
2019-07-14 08:53:15,294 INFO  impl.RaftServerImpl (ServerState.java:<init>(105)) - d7418a2d-7001-46da-99fb-86dd976ef755:group-BEB7EDF5EBEB ConfigurationManager, init=-1: [d7418a2d-7001-46da-99fb-86dd976ef755:192.168.5.191:46202], old=null, confs=<EMPTY_MAP>
2019-07-14 08:53:15,294 INFO  server.RaftServerConfigKeys (ConfUtils.java:logGet(43)) - raft.server.storage.dir = [/workdir/hadoop-ozone/integration-test/target/test-dir/MiniOzoneClusterImpl-2474cb1b-609a-4057-b253-62a746fc6dfe/datanode-5/data/ratis] (custom)
2019-07-14 08:53:15,295 INFO  storage.RaftStorageDirectory (RaftStorageDirectory.java:analyzeStorage(246)) - The storage directory /workdir/hadoop-ozone/integration-test/target/test-dir/MiniOzoneClusterImpl-2474cb1b-609a-4057-b253-62a746fc6dfe/datanode-5/data/ratis/c3255810-636a-49fb-95c6-beb7edf5ebeb does not exist. Creating ...
2019-07-14 08:53:15,299 INFO  storage.RaftStorageDirectory (RaftStorageDirectory.java:tryLock(328)) - Lock on /workdir/hadoop-ozone/integration-test/target/test-dir/MiniOzoneClusterImpl-2474cb1b-609a-4057-b253-62a746fc6dfe/datanode-5/data/ratis/c3255810-636a-49fb-95c6-beb7edf5ebeb/in_use.lock acquired by nodename 12016@trunk-nightly-5z2vd-27108033
2019-07-14 08:53:15,308 INFO  storage.RaftStorage (RaftStorage.java:format(72)) - Storage directory /workdir/hadoop-ozone/integration-test/target/test-dir/MiniOzoneClusterImpl-2474cb1b-609a-4057-b253-62a746fc6dfe/datanode-5/data/ratis/c3255810-636a-49fb-95c6-beb7edf5ebeb has been successfully formatted.
2019-07-14 08:53:15,308 INFO  ratis.ContainerStateMachine (ContainerStateMachine.java:loadSnapshot(200)) - group-BEB7EDF5EBEB: The snapshot info is null. Setting the last applied indexto:(t:0, i:~)
2019-07-14 08:53:15,309 INFO  server.RaftServerConfigKeys (ConfUtils.java:logGet(43)) - raft.server.leader.election.timeout = 120s (custom)
2019-07-14 08:53:15,309 INFO  server.RaftServerConfigKeys (ConfUtils.java:logGet(43)) - raft.server.log.use.memory = false (default)
2019-07-14 08:53:15,309 INFO  server.RaftServerConfigKeys (ConfUtils.java:logGet(43)) - raft.server.log.purge.gap = 1000000000 (custom)
2019-07-14 08:53:15,309 INFO  server.RaftServerConfigKeys (ConfUtils.java:logGet(43)) - raft.server.log.appender.buffer.byte-limit = 33554432 (custom)
2019-07-14 08:53:15,309 INFO  server.RaftServerConfigKeys (ConfUtils.java:logGet(43)) - raft.server.log.segment.size.max = 1048576 (custom)
2019-07-14 08:53:15,310 INFO  server.RaftServerConfigKeys (ConfUtils.java:logGet(43)) - raft.server.log.segment.cache.num.max = 2 (custom)
2019-07-14 08:53:15,310 INFO  segmented.SegmentedRaftLogWorker (SegmentedRaftLogWorker.java:<init>(172)) - new d7418a2d-7001-46da-99fb-86dd976ef755-SegmentedRaftLogWorker:Storage Directory /workdir/hadoop-ozone/integration-test/target/test-dir/MiniOzoneClusterImpl-2474cb1b-609a-4057-b253-62a746fc6dfe/datanode-5/data/ratis/c3255810-636a-49fb-95c6-beb7edf5ebeb for RaftStorage:Storage Directory /workdir/hadoop-ozone/integration-test/target/test-dir/MiniOzoneClusterImpl-2474cb1b-609a-4057-b253-62a746fc6dfe/datanode-5/data/ratis/c3255810-636a-49fb-95c6-beb7edf5ebeb
2019-07-14 08:53:15,310 INFO  server.RaftServerConfigKeys (ConfUtils.java:logGet(43)) - raft.server.log.queue.byte-limit = 2147483647 (custom)
2019-07-14 08:53:15,310 INFO  server.RaftServerConfigKeys (ConfUtils.java:logGet(43)) - raft.server.log.queue.element-limit = 1024 (custom)
2019-07-14 08:53:15,311 INFO  server.RaftServerConfigKeys (ConfUtils.java:logGet(43)) - raft.server.log.segment.size.max = 1048576 (custom)
2019-07-14 08:53:15,311 INFO  server.RaftServerConfigKeys (ConfUtils.java:logGet(43)) - raft.server.log.preallocated.size = 16384 (custom)
2019-07-14 08:53:15,311 INFO  server.RaftServerConfigKeys (ConfUtils.java:logGet(43)) - raft.server.log.write.buffer.size = 33554432 (custom)
2019-07-14 08:53:15,311 INFO  server.RaftServerConfigKeys (ConfUtils.java:logGet(43)) - raft.server.log.force.sync.num = 128 (default)
2019-07-14 08:53:15,311 INFO  server.RaftServerConfigKeys (ConfUtils.java:logGet(43)) - raft.server.log.statemachine.data.sync = true (default)
2019-07-14 08:53:15,312 INFO  server.RaftServerConfigKeys (ConfUtils.java:logGet(43)) - raft.server.log.statemachine.data.sync.timeout = 10s (default)
2019-07-14 08:53:15,312 INFO  server.RaftServerConfigKeys (ConfUtils.java:logGet(43)) - raft.server.log.statemachine.data.sync.timeout.retry = -1 (default)
2019-07-14 08:53:15,312 INFO  server.RaftServerConfigKeys (ConfUtils.java:logGet(43)) - raft.server.log.statemachine.data.caching.enabled = true (custom)
2019-07-14 08:53:15,313 INFO  segmented.SegmentedRaftLogWorker (SegmentedRaftLogWorker.java:lambda$new$0(132)) - d7418a2d-7001-46da-99fb-86dd976ef755-SegmentedRaftLogWorker:Storage Directory /workdir/hadoop-ozone/integration-test/target/test-dir/MiniOzoneClusterImpl-2474cb1b-609a-4057-b253-62a746fc6dfe/datanode-5/data/ratis/c3255810-636a-49fb-95c6-beb7edf5ebeb: flushIndex: setUnconditionally 0 -> -1
2019-07-14 08:53:15,313 INFO  server.RaftServerConfigKeys (ConfUtils.java:logGet(43)) - raft.server.snapshot.auto.trigger.enabled = true (custom)
2019-07-14 08:53:15,313 INFO  server.RaftServerConfigKeys (ConfUtils.java:logGet(43)) - raft.server.snapshot.auto.trigger.threshold = 10000 (custom)
2019-07-14 08:53:15,314 INFO  server.RaftServerConfigKeys (ConfUtils.java:logGet(43)) - raft.server.retrycache.expirytime = 600000ms (custom)
2019-07-14 08:53:15,314 INFO  impl.RaftServerImpl (RaftServerImpl.java:start(180)) - d7418a2d-7001-46da-99fb-86dd976ef755: start group-BEB7EDF5EBEB
2019-07-14 08:53:15,314 INFO  impl.RaftServerImpl (RaftServerImpl.java:setRole(171)) - d7418a2d-7001-46da-99fb-86dd976ef755:group-BEB7EDF5EBEB changes role from null to FOLLOWER at term 0 for startAsFollower
2019-07-14 08:53:15,314 INFO  impl.RoleInfo (RoleInfo.java:updateAndGet(143)) - d7418a2d-7001-46da-99fb-86dd976ef755: start FollowerState
2019-07-14 08:53:15,315 INFO  util.JmxRegister (JmxRegister.java:tryRegister(44)) - Successfully registered JMX Bean with object name Ratis:service=RaftServer,group=group-BEB7EDF5EBEB,id=d7418a2d-7001-46da-99fb-86dd976ef755
2019-07-14 08:53:15,333 INFO  pipeline.PipelineStateManager (PipelineStateManager.java:addPipeline(56)) - Created pipeline Pipeline[ Id: c3255810-636a-49fb-95c6-beb7edf5ebeb, Nodes: d7418a2d-7001-46da-99fb-86dd976ef755{ip: 192.168.5.191, host: trunk-nightly-5z2vd-27108033, networkLocation: /default-rack, certSerialId: null}, Type:RATIS, Factor:ONE, State:OPEN]
2019-07-14 08:53:15,370 INFO  impl.RaftServerProxy (RaftServerProxy.java:addNew(89)) - 2fca86bb-bd0a-49a0-a3c2-c1282515b4f7: addNew group-24E06536017F:[5dc9bfea-22b3-467b-8f81-6b2eb0614675:192.168.5.191:40677, 2fca86bb-bd0a-49a0-a3c2-c1282515b4f7:192.168.5.191:33594, 0b1e4e1c-0e9e-4e8f-afc5-aa13ca5ca0fd:192.168.5.191:33802] returns group-24E06536017F:java.util.concurrent.CompletableFuture@320b0b42[Not completed]
2019-07-14 08:53:15,375 INFO  impl.RaftServerProxy (RaftServerProxy.java:addNew(89)) - 5dc9bfea-22b3-467b-8f81-6b2eb0614675: addNew group-24E06536017F:[5dc9bfea-22b3-467b-8f81-6b2eb0614675:192.168.5.191:40677, 2fca86bb-bd0a-49a0-a3c2-c1282515b4f7:192.168.5.191:33594, 0b1e4e1c-0e9e-4e8f-afc5-aa13ca5ca0fd:192.168.5.191:33802] returns group-24E06536017F:java.util.concurrent.CompletableFuture@1a11a8ff[Not completed]
2019-07-14 08:53:15,376 INFO  impl.RaftServerImpl (RaftServerImpl.java:<init>(93)) - 2fca86bb-bd0a-49a0-a3c2-c1282515b4f7: new RaftServerImpl for group-24E06536017F:[5dc9bfea-22b3-467b-8f81-6b2eb0614675:192.168.5.191:40677, 2fca86bb-bd0a-49a0-a3c2-c1282515b4f7:192.168.5.191:33594, 0b1e4e1c-0e9e-4e8f-afc5-aa13ca5ca0fd:192.168.5.191:33802] with ContainerStateMachine:uninitialized
2019-07-14 08:53:15,376 INFO  impl.RaftServerProxy (RaftServerProxy.java:addNew(89)) - 0b1e4e1c-0e9e-4e8f-afc5-aa13ca5ca0fd: addNew group-24E06536017F:[5dc9bfea-22b3-467b-8f81-6b2eb0614675:192.168.5.191:40677, 2fca86bb-bd0a-49a0-a3c2-c1282515b4f7:192.168.5.191:33594, 0b1e4e1c-0e9e-4e8f-afc5-aa13ca5ca0fd:192.168.5.191:33802] returns group-24E06536017F:java.util.concurrent.CompletableFuture@1385cfc[Not completed]
2019-07-14 08:53:15,376 INFO  server.RaftServerConfigKeys (ConfUtils.java:logGet(43)) - raft.server.rpc.timeout.min = 5s (custom)
2019-07-14 08:53:15,377 INFO  server.RaftServerConfigKeys (ConfUtils.java:logGet(43)) - raft.server.rpc.timeout.max = 5200ms (custom)
2019-07-14 08:53:15,377 INFO  impl.RaftServerImpl (RaftServerImpl.java:<init>(93)) - 5dc9bfea-22b3-467b-8f81-6b2eb0614675: new RaftServerImpl for group-24E06536017F:[5dc9bfea-22b3-467b-8f81-6b2eb0614675:192.168.5.191:40677, 2fca86bb-bd0a-49a0-a3c2-c1282515b4f7:192.168.5.191:33594, 0b1e4e1c-0e9e-4e8f-afc5-aa13ca5ca0fd:192.168.5.191:33802] with ContainerStateMachine:uninitialized
2019-07-14 08:53:15,377 INFO  server.RaftServerConfigKeys (ConfUtils.java:logGet(43)) - raft.server.rpcslowness.timeout = 120s (custom)
2019-07-14 08:53:15,377 INFO  server.RaftServerConfigKeys (ConfUtils.java:logGet(43)) - raft.server.rpc.timeout.min = 5s (custom)
2019-07-14 08:53:15,377 INFO  server.RaftServerConfigKeys (ConfUtils.java:logGet(43)) - raft.server.sleep.deviation.threshold = 300 (default)
2019-07-14 08:53:15,377 INFO  server.RaftServerConfigKeys (ConfUtils.java:logGet(43)) - raft.server.rpc.timeout.max = 5200ms (custom)
2019-07-14 08:53:15,378 INFO  server.RaftServerConfigKeys (ConfUtils.java:logGet(43)) - raft.server.log.appender.install.snapshot.enabled = false (custom)
2019-07-14 08:53:15,378 INFO  server.RaftServerConfigKeys (ConfUtils.java:logGet(43)) - raft.server.rpcslowness.timeout = 120s (custom)
2019-07-14 08:53:15,378 INFO  impl.RaftServerImpl (ServerState.java:<init>(105)) - 2fca86bb-bd0a-49a0-a3c2-c1282515b4f7:group-24E06536017F ConfigurationManager, init=-1: [5dc9bfea-22b3-467b-8f81-6b2eb0614675:192.168.5.191:40677, 2fca86bb-bd0a-49a0-a3c2-c1282515b4f7:192.168.5.191:33594, 0b1e4e1c-0e9e-4e8f-afc5-aa13ca5ca0fd:192.168.5.191:33802], old=null, confs=<EMPTY_MAP>
2019-07-14 08:53:15,378 INFO  server.RaftServerConfigKeys (ConfUtils.java:logGet(43)) - raft.server.sleep.deviation.threshold = 300 (default)
2019-07-14 08:53:15,378 INFO  impl.RaftServerImpl (RaftServerImpl.java:<init>(93)) - 0b1e4e1c-0e9e-4e8f-afc5-aa13ca5ca0fd: new RaftServerImpl for group-24E06536017F:[5dc9bfea-22b3-467b-8f81-6b2eb0614675:192.168.5.191:40677, 2fca86bb-bd0a-49a0-a3c2-c1282515b4f7:192.168.5.191:33594, 0b1e4e1c-0e9e-4e8f-afc5-aa13ca5ca0fd:192.168.5.191:33802] with ContainerStateMachine:uninitialized
2019-07-14 08:53:15,378 INFO  server.RaftServerConfigKeys (ConfUtils.java:logGet(43)) - raft.server.storage.dir = [/workdir/hadoop-ozone/integration-test/target/test-dir/MiniOzoneClusterImpl-2474cb1b-609a-4057-b253-62a746fc6dfe/datanode-2/data/ratis] (custom)
2019-07-14 08:53:15,378 INFO  server.RaftServerConfigKeys (ConfUtils.java:logGet(43)) - raft.server.log.appender.install.snapshot.enabled = false (custom)
2019-07-14 08:53:15,379 INFO  server.RaftServerConfigKeys (ConfUtils.java:logGet(43)) - raft.server.rpc.timeout.min = 5s (custom)
2019-07-14 08:53:15,379 INFO  impl.RaftServerImpl (ServerState.java:<init>(105)) - 5dc9bfea-22b3-467b-8f81-6b2eb0614675:group-24E06536017F ConfigurationManager, init=-1: [5dc9bfea-22b3-467b-8f81-6b2eb0614675:192.168.5.191:40677, 2fca86bb-bd0a-49a0-a3c2-c1282515b4f7:192.168.5.191:33594, 0b1e4e1c-0e9e-4e8f-afc5-aa13ca5ca0fd:192.168.5.191:33802], old=null, confs=<EMPTY_MAP>
2019-07-14 08:53:15,379 INFO  server.RaftServerConfigKeys (ConfUtils.java:logGet(43)) - raft.server.rpc.timeout.max = 5200ms (custom)
2019-07-14 08:53:15,379 INFO  server.RaftServerConfigKeys (ConfUtils.java:logGet(43)) - raft.server.storage.dir = [/workdir/hadoop-ozone/integration-test/target/test-dir/MiniOzoneClusterImpl-2474cb1b-609a-4057-b253-62a746fc6dfe/datanode-6/data/ratis] (custom)
2019-07-14 08:53:15,379 INFO  storage.RaftStorageDirectory (RaftStorageDirectory.java:analyzeStorage(246)) - The storage directory /workdir/hadoop-ozone/integration-test/target/test-dir/MiniOzoneClusterImpl-2474cb1b-609a-4057-b253-62a746fc6dfe/datanode-2/data/ratis/a7ad66b1-81fa-4e32-bc13-24e06536017f does not exist. Creating ...
2019-07-14 08:53:15,379 INFO  server.RaftServerConfigKeys (ConfUtils.java:logGet(43)) - raft.server.rpcslowness.timeout = 120s (custom)
2019-07-14 08:53:15,380 INFO  storage.RaftStorageDirectory (RaftStorageDirectory.java:analyzeStorage(246)) - The storage directory /workdir/hadoop-ozone/integration-test/target/test-dir/MiniOzoneClusterImpl-2474cb1b-609a-4057-b253-62a746fc6dfe/datanode-6/data/ratis/a7ad66b1-81fa-4e32-bc13-24e06536017f does not exist. Creating ...
2019-07-14 08:53:15,380 INFO  server.RaftServerConfigKeys (ConfUtils.java:logGet(43)) - raft.server.sleep.deviation.threshold = 300 (default)
2019-07-14 08:53:15,380 INFO  server.RaftServerConfigKeys (ConfUtils.java:logGet(43)) - raft.server.log.appender.install.snapshot.enabled = false (custom)
2019-07-14 08:53:15,381 INFO  impl.RaftServerImpl (ServerState.java:<init>(105)) - 0b1e4e1c-0e9e-4e8f-afc5-aa13ca5ca0fd:group-24E06536017F ConfigurationManager, init=-1: [5dc9bfea-22b3-467b-8f81-6b2eb0614675:192.168.5.191:40677, 2fca86bb-bd0a-49a0-a3c2-c1282515b4f7:192.168.5.191:33594, 0b1e4e1c-0e9e-4e8f-afc5-aa13ca5ca0fd:192.168.5.191:33802], old=null, confs=<EMPTY_MAP>
2019-07-14 08:53:15,381 INFO  server.RaftServerConfigKeys (ConfUtils.java:logGet(43)) - raft.server.storage.dir = [/workdir/hadoop-ozone/integration-test/target/test-dir/MiniOzoneClusterImpl-2474cb1b-609a-4057-b253-62a746fc6dfe/datanode-0/data/ratis] (custom)
2019-07-14 08:53:15,381 INFO  storage.RaftStorageDirectory (RaftStorageDirectory.java:analyzeStorage(246)) - The storage directory /workdir/hadoop-ozone/integration-test/target/test-dir/MiniOzoneClusterImpl-2474cb1b-609a-4057-b253-62a746fc6dfe/datanode-0/data/ratis/a7ad66b1-81fa-4e32-bc13-24e06536017f does not exist. Creating ...
2019-07-14 08:53:15,385 INFO  storage.RaftStorageDirectory (RaftStorageDirectory.java:tryLock(328)) - Lock on /workdir/hadoop-ozone/integration-test/target/test-dir/MiniOzoneClusterImpl-2474cb1b-609a-4057-b253-62a746fc6dfe/datanode-6/data/ratis/a7ad66b1-81fa-4e32-bc13-24e06536017f/in_use.lock acquired by nodename 12016@trunk-nightly-5z2vd-27108033
2019-07-14 08:53:15,385 INFO  storage.RaftStorageDirectory (RaftStorageDirectory.java:tryLock(328)) - Lock on /workdir/hadoop-ozone/integration-test/target/test-dir/MiniOzoneClusterImpl-2474cb1b-609a-4057-b253-62a746fc6dfe/datanode-0/data/ratis/a7ad66b1-81fa-4e32-bc13-24e06536017f/in_use.lock acquired by nodename 12016@trunk-nightly-5z2vd-27108033
2019-07-14 08:53:15,385 INFO  storage.RaftStorageDirectory (RaftStorageDirectory.java:tryLock(328)) - Lock on /workdir/hadoop-ozone/integration-test/target/test-dir/MiniOzoneClusterImpl-2474cb1b-609a-4057-b253-62a746fc6dfe/datanode-2/data/ratis/a7ad66b1-81fa-4e32-bc13-24e06536017f/in_use.lock acquired by nodename 12016@trunk-nightly-5z2vd-27108033
2019-07-14 08:53:15,391 INFO  storage.RaftStorage (RaftStorage.java:format(72)) - Storage directory /workdir/hadoop-ozone/integration-test/target/test-dir/MiniOzoneClusterImpl-2474cb1b-609a-4057-b253-62a746fc6dfe/datanode-6/data/ratis/a7ad66b1-81fa-4e32-bc13-24e06536017f has been successfully formatted.
2019-07-14 08:53:15,391 INFO  storage.RaftStorage (RaftStorage.java:format(72)) - Storage directory /workdir/hadoop-ozone/integration-test/target/test-dir/MiniOzoneClusterImpl-2474cb1b-609a-4057-b253-62a746fc6dfe/datanode-0/data/ratis/a7ad66b1-81fa-4e32-bc13-24e06536017f has been successfully formatted.
2019-07-14 08:53:15,391 INFO  storage.RaftStorage (RaftStorage.java:format(72)) - Storage directory /workdir/hadoop-ozone/integration-test/target/test-dir/MiniOzoneClusterImpl-2474cb1b-609a-4057-b253-62a746fc6dfe/datanode-2/data/ratis/a7ad66b1-81fa-4e32-bc13-24e06536017f has been successfully formatted.
2019-07-14 08:53:15,392 INFO  ratis.ContainerStateMachine (ContainerStateMachine.java:loadSnapshot(200)) - group-24E06536017F: The snapshot info is null. Setting the last applied indexto:(t:0, i:~)
2019-07-14 08:53:15,392 INFO  ratis.ContainerStateMachine (ContainerStateMachine.java:loadSnapshot(200)) - group-24E06536017F: The snapshot info is null. Setting the last applied indexto:(t:0, i:~)
2019-07-14 08:53:15,392 INFO  server.RaftServerConfigKeys (ConfUtils.java:logGet(43)) - raft.server.leader.election.timeout = 120s (custom)
2019-07-14 08:53:15,392 INFO  ratis.ContainerStateMachine (ContainerStateMachine.java:loadSnapshot(200)) - group-24E06536017F: The snapshot info is null. Setting the last applied indexto:(t:0, i:~)
2019-07-14 08:53:15,392 INFO  server.RaftServerConfigKeys (ConfUtils.java:logGet(43)) - raft.server.log.use.memory = false (default)
2019-07-14 08:53:15,392 INFO  server.RaftServerConfigKeys (ConfUtils.java:logGet(43)) - raft.server.leader.election.timeout = 120s (custom)
2019-07-14 08:53:15,393 INFO  server.RaftServerConfigKeys (ConfUtils.java:logGet(43)) - raft.server.log.purge.gap = 1000000000 (custom)
2019-07-14 08:53:15,393 INFO  server.RaftServerConfigKeys (ConfUtils.java:logGet(43)) - raft.server.leader.election.timeout = 120s (custom)
2019-07-14 08:53:15,393 INFO  server.RaftServerConfigKeys (ConfUtils.java:logGet(43)) - raft.server.log.appender.buffer.byte-limit = 33554432 (custom)
2019-07-14 08:53:15,393 INFO  server.RaftServerConfigKeys (ConfUtils.java:logGet(43)) - raft.server.log.use.memory = false (default)
2019-07-14 08:53:15,393 INFO  server.RaftServerConfigKeys (ConfUtils.java:logGet(43)) - raft.server.log.segment.size.max = 1048576 (custom)
2019-07-14 08:53:15,393 INFO  server.RaftServerConfigKeys (ConfUtils.java:logGet(43)) - raft.server.log.use.memory = false (default)
2019-07-14 08:53:15,394 INFO  server.RaftServerConfigKeys (ConfUtils.java:logGet(43)) - raft.server.log.segment.cache.num.max = 2 (custom)
2019-07-14 08:53:15,393 INFO  server.RaftServerConfigKeys (ConfUtils.java:logGet(43)) - raft.server.log.purge.gap = 1000000000 (custom)
2019-07-14 08:53:15,394 INFO  segmented.SegmentedRaftLogWorker (SegmentedRaftLogWorker.java:<init>(172)) - new 5dc9bfea-22b3-467b-8f81-6b2eb0614675-SegmentedRaftLogWorker:Storage Directory /workdir/hadoop-ozone/integration-test/target/test-dir/MiniOzoneClusterImpl-2474cb1b-609a-4057-b253-62a746fc6dfe/datanode-6/data/ratis/a7ad66b1-81fa-4e32-bc13-24e06536017f for RaftStorage:Storage Directory /workdir/hadoop-ozone/integration-test/target/test-dir/MiniOzoneClusterImpl-2474cb1b-609a-4057-b253-62a746fc6dfe/datanode-6/data/ratis/a7ad66b1-81fa-4e32-bc13-24e06536017f
2019-07-14 08:53:15,394 INFO  server.RaftServerConfigKeys (ConfUtils.java:logGet(43)) - raft.server.log.purge.gap = 1000000000 (custom)
2019-07-14 08:53:15,394 INFO  server.RaftServerConfigKeys (ConfUtils.java:logGet(43)) - raft.server.log.queue.byte-limit = 2147483647 (custom)
2019-07-14 08:53:15,394 INFO  server.RaftServerConfigKeys (ConfUtils.java:logGet(43)) - raft.server.log.appender.buffer.byte-limit = 33554432 (custom)
2019-07-14 08:53:15,396 INFO  server.RaftServerConfigKeys (ConfUtils.java:logGet(43)) - raft.server.log.queue.element-limit = 1024 (custom)
2019-07-14 08:53:15,394 INFO  server.RaftServerConfigKeys (ConfUtils.java:logGet(43)) - raft.server.log.appender.buffer.byte-limit = 33554432 (custom)
2019-07-14 08:53:15,396 INFO  server.RaftServerConfigKeys (ConfUtils.java:logGet(43)) - raft.server.log.segment.size.max = 1048576 (custom)
2019-07-14 08:53:15,396 INFO  server.RaftServerConfigKeys (ConfUtils.java:logGet(43)) - raft.server.log.segment.size.max = 1048576 (custom)
2019-07-14 08:53:15,397 INFO  server.RaftServerConfigKeys (ConfUtils.java:logGet(43)) - raft.server.log.preallocated.size = 16384 (custom)
2019-07-14 08:53:15,397 INFO  server.RaftServerConfigKeys (ConfUtils.java:logGet(43)) - raft.server.log.segment.size.max = 1048576 (custom)
2019-07-14 08:53:15,397 INFO  server.RaftServerConfigKeys (ConfUtils.java:logGet(43)) - raft.server.log.write.buffer.size = 33554432 (custom)
2019-07-14 08:53:15,397 INFO  server.RaftServerConfigKeys (ConfUtils.java:logGet(43)) - raft.server.log.segment.cache.num.max = 2 (custom)
2019-07-14 08:53:15,397 INFO  server.RaftServerConfigKeys (ConfUtils.java:logGet(43)) - raft.server.log.force.sync.num = 128 (default)
2019-07-14 08:53:15,397 INFO  server.RaftServerConfigKeys (ConfUtils.java:logGet(43)) - raft.server.log.segment.cache.num.max = 2 (custom)
2019-07-14 08:53:15,398 INFO  server.RaftServerConfigKeys (ConfUtils.java:logGet(43)) - raft.server.log.statemachine.data.sync = true (default)
2019-07-14 08:53:15,397 INFO  segmented.SegmentedRaftLogWorker (SegmentedRaftLogWorker.java:<init>(172)) - new 0b1e4e1c-0e9e-4e8f-afc5-aa13ca5ca0fd-SegmentedRaftLogWorker:Storage Directory /workdir/hadoop-ozone/integration-test/target/test-dir/MiniOzoneClusterImpl-2474cb1b-609a-4057-b253-62a746fc6dfe/datanode-0/data/ratis/a7ad66b1-81fa-4e32-bc13-24e06536017f for RaftStorage:Storage Directory /workdir/hadoop-ozone/integration-test/target/test-dir/MiniOzoneClusterImpl-2474cb1b-609a-4057-b253-62a746fc6dfe/datanode-0/data/ratis/a7ad66b1-81fa-4e32-bc13-24e06536017f
2019-07-14 08:53:15,398 INFO  server.RaftServerConfigKeys (ConfUtils.java:logGet(43)) - raft.server.log.statemachine.data.sync.timeout = 10s (default)
2019-07-14 08:53:15,398 INFO  segmented.SegmentedRaftLogWorker (SegmentedRaftLogWorker.java:<init>(172)) - new 2fca86bb-bd0a-49a0-a3c2-c1282515b4f7-SegmentedRaftLogWorker:Storage Directory /workdir/hadoop-ozone/integration-test/target/test-dir/MiniOzoneClusterImpl-2474cb1b-609a-4057-b253-62a746fc6dfe/datanode-2/data/ratis/a7ad66b1-81fa-4e32-bc13-24e06536017f for RaftStorage:Storage Directory /workdir/hadoop-ozone/integration-test/target/test-dir/MiniOzoneClusterImpl-2474cb1b-609a-4057-b253-62a746fc6dfe/datanode-2/data/ratis/a7ad66b1-81fa-4e32-bc13-24e06536017f
2019-07-14 08:53:15,398 INFO  server.RaftServerConfigKeys (ConfUtils.java:logGet(43)) - raft.server.log.statemachine.data.sync.timeout.retry = -1 (default)
2019-07-14 08:53:15,398 INFO  server.RaftServerConfigKeys (ConfUtils.java:logGet(43)) - raft.server.log.queue.byte-limit = 2147483647 (custom)
2019-07-14 08:53:15,401 INFO  server.RaftServerConfigKeys (ConfUtils.java:logGet(43)) - raft.server.log.statemachine.data.caching.enabled = true (custom)
2019-07-14 08:53:15,400 INFO  server.RaftServerConfigKeys (ConfUtils.java:logGet(43)) - raft.server.log.queue.byte-limit = 2147483647 (custom)
2019-07-14 08:53:15,402 INFO  server.RaftServerConfigKeys (ConfUtils.java:logGet(43)) - raft.server.log.queue.element-limit = 1024 (custom)
2019-07-14 08:53:15,402 INFO  server.RaftServerConfigKeys (ConfUtils.java:logGet(43)) - raft.server.log.queue.element-limit = 1024 (custom)
2019-07-14 08:53:15,402 INFO  segmented.SegmentedRaftLogWorker (SegmentedRaftLogWorker.java:lambda$new$0(132)) - 5dc9bfea-22b3-467b-8f81-6b2eb0614675-SegmentedRaftLogWorker:Storage Directory /workdir/hadoop-ozone/integration-test/target/test-dir/MiniOzoneClusterImpl-2474cb1b-609a-4057-b253-62a746fc6dfe/datanode-6/data/ratis/a7ad66b1-81fa-4e32-bc13-24e06536017f: flushIndex: setUnconditionally 0 -> -1
2019-07-14 08:53:15,402 INFO  server.RaftServerConfigKeys (ConfUtils.java:logGet(43)) - raft.server.log.segment.size.max = 1048576 (custom)
2019-07-14 08:53:15,402 INFO  server.RaftServerConfigKeys (ConfUtils.java:logGet(43)) - raft.server.log.segment.size.max = 1048576 (custom)
2019-07-14 08:53:15,403 INFO  server.RaftServerConfigKeys (ConfUtils.java:logGet(43)) - raft.server.snapshot.auto.trigger.enabled = true (custom)
2019-07-14 08:53:15,403 INFO  server.RaftServerConfigKeys (ConfUtils.java:logGet(43)) - raft.server.log.preallocated.size = 16384 (custom)
2019-07-14 08:53:15,403 INFO  server.RaftServerConfigKeys (ConfUtils.java:logGet(43)) - raft.server.snapshot.auto.trigger.threshold = 10000 (custom)
2019-07-14 08:53:15,403 INFO  server.RaftServerConfigKeys (ConfUtils.java:logGet(43)) - raft.server.log.preallocated.size = 16384 (custom)
2019-07-14 08:53:15,403 INFO  server.RaftServerConfigKeys (ConfUtils.java:logGet(43)) - raft.server.retrycache.expirytime = 600000ms (custom)
2019-07-14 08:53:15,403 INFO  server.RaftServerConfigKeys (ConfUtils.java:logGet(43)) - raft.server.log.write.buffer.size = 33554432 (custom)
2019-07-14 08:53:15,404 INFO  impl.RaftServerImpl (RaftServerImpl.java:start(180)) - 5dc9bfea-22b3-467b-8f81-6b2eb0614675: start group-24E06536017F
2019-07-14 08:53:15,404 INFO  impl.RaftServerImpl (RaftServerImpl.java:setRole(171)) - 5dc9bfea-22b3-467b-8f81-6b2eb0614675:group-24E06536017F changes role from null to FOLLOWER at term 0 for startAsFollower
2019-07-14 08:53:15,404 INFO  server.RaftServerConfigKeys (ConfUtils.java:logGet(43)) - raft.server.log.write.buffer.size = 33554432 (custom)
2019-07-14 08:53:15,404 INFO  impl.RoleInfo (RoleInfo.java:updateAndGet(143)) - 5dc9bfea-22b3-467b-8f81-6b2eb0614675: start FollowerState
2019-07-14 08:53:15,404 INFO  server.RaftServerConfigKeys (ConfUtils.java:logGet(43)) - raft.server.log.force.sync.num = 128 (default)
2019-07-14 08:53:15,404 INFO  server.RaftServerConfigKeys (ConfUtils.java:logGet(43)) - raft.server.log.force.sync.num = 128 (default)
2019-07-14 08:53:15,405 INFO  util.JmxRegister (JmxRegister.java:tryRegister(44)) - Successfully registered JMX Bean with object name Ratis:service=RaftServer,group=group-24E06536017F,id=5dc9bfea-22b3-467b-8f81-6b2eb0614675
2019-07-14 08:53:15,405 INFO  server.RaftServerConfigKeys (ConfUtils.java:logGet(43)) - raft.server.log.statemachine.data.sync = true (default)
2019-07-14 08:53:15,405 INFO  server.RaftServerConfigKeys (ConfUtils.java:logGet(43)) - raft.server.log.statemachine.data.sync = true (default)
2019-07-14 08:53:15,405 INFO  server.RaftServerConfigKeys (ConfUtils.java:logGet(43)) - raft.server.log.statemachine.data.sync.timeout = 10s (default)
2019-07-14 08:53:15,405 INFO  server.RaftServerConfigKeys (ConfUtils.java:logGet(43)) - raft.server.log.statemachine.data.sync.timeout = 10s (default)
2019-07-14 08:53:15,405 INFO  server.RaftServerConfigKeys (ConfUtils.java:logGet(43)) - raft.server.log.statemachine.data.sync.timeout.retry = -1 (default)
2019-07-14 08:53:15,406 INFO  server.RaftServerConfigKeys (ConfUtils.java:logGet(43)) - raft.server.log.statemachine.data.sync.timeout.retry = -1 (default)
2019-07-14 08:53:15,406 INFO  server.RaftServerConfigKeys (ConfUtils.java:logGet(43)) - raft.server.log.statemachine.data.caching.enabled = true (custom)
2019-07-14 08:53:15,406 INFO  server.RaftServerConfigKeys (ConfUtils.java:logGet(43)) - raft.server.log.statemachine.data.caching.enabled = true (custom)
2019-07-14 08:53:15,406 INFO  segmented.SegmentedRaftLogWorker (SegmentedRaftLogWorker.java:lambda$new$0(132)) - 2fca86bb-bd0a-49a0-a3c2-c1282515b4f7-SegmentedRaftLogWorker:Storage Directory /workdir/hadoop-ozone/integration-test/target/test-dir/MiniOzoneClusterImpl-2474cb1b-609a-4057-b253-62a746fc6dfe/datanode-2/data/ratis/a7ad66b1-81fa-4e32-bc13-24e06536017f: flushIndex: setUnconditionally 0 -> -1
2019-07-14 08:53:15,407 INFO  segmented.SegmentedRaftLogWorker (SegmentedRaftLogWorker.java:lambda$new$0(132)) - 0b1e4e1c-0e9e-4e8f-afc5-aa13ca5ca0fd-SegmentedRaftLogWorker:Storage Directory /workdir/hadoop-ozone/integration-test/target/test-dir/MiniOzoneClusterImpl-2474cb1b-609a-4057-b253-62a746fc6dfe/datanode-0/data/ratis/a7ad66b1-81fa-4e32-bc13-24e06536017f: flushIndex: setUnconditionally 0 -> -1
2019-07-14 08:53:15,407 INFO  server.RaftServerConfigKeys (ConfUtils.java:logGet(43)) - raft.server.snapshot.auto.trigger.enabled = true (custom)
2019-07-14 08:53:15,407 INFO  server.RaftServerConfigKeys (ConfUtils.java:logGet(43)) - raft.server.snapshot.auto.trigger.threshold = 10000 (custom)
2019-07-14 08:53:15,407 INFO  server.RaftServerConfigKeys (ConfUtils.java:logGet(43)) - raft.server.snapshot.auto.trigger.enabled = true (custom)
2019-07-14 08:53:15,407 INFO  server.RaftServerConfigKeys (ConfUtils.java:logGet(43)) - raft.server.retrycache.expirytime = 600000ms (custom)
2019-07-14 08:53:15,409 INFO  server.RaftServerConfigKeys (ConfUtils.java:logGet(43)) - raft.server.snapshot.auto.trigger.threshold = 10000 (custom)
2019-07-14 08:53:15,409 INFO  impl.RaftServerImpl (RaftServerImpl.java:start(180)) - 2fca86bb-bd0a-49a0-a3c2-c1282515b4f7: start group-24E06536017F
2019-07-14 08:53:15,411 INFO  impl.RaftServerImpl (RaftServerImpl.java:setRole(171)) - 2fca86bb-bd0a-49a0-a3c2-c1282515b4f7:group-24E06536017F changes role from null to FOLLOWER at term 0 for startAsFollower
2019-07-14 08:53:15,411 INFO  server.RaftServerConfigKeys (ConfUtils.java:logGet(43)) - raft.server.retrycache.expirytime = 600000ms (custom)
2019-07-14 08:53:15,411 INFO  impl.RoleInfo (RoleInfo.java:updateAndGet(143)) - 2fca86bb-bd0a-49a0-a3c2-c1282515b4f7: start FollowerState
2019-07-14 08:53:15,413 INFO  impl.RaftServerImpl (RaftServerImpl.java:start(180)) - 0b1e4e1c-0e9e-4e8f-afc5-aa13ca5ca0fd: start group-24E06536017F
2019-07-14 08:53:15,413 INFO  impl.RaftServerImpl (RaftServerImpl.java:setRole(171)) - 0b1e4e1c-0e9e-4e8f-afc5-aa13ca5ca0fd:group-24E06536017F changes role from null to FOLLOWER at term 0 for startAsFollower
2019-07-14 08:53:15,413 INFO  util.JmxRegister (JmxRegister.java:tryRegister(44)) - Successfully registered JMX Bean with object name Ratis:service=RaftServer,group=group-24E06536017F,id=2fca86bb-bd0a-49a0-a3c2-c1282515b4f7
2019-07-14 08:53:15,414 INFO  impl.RoleInfo (RoleInfo.java:updateAndGet(143)) - 0b1e4e1c-0e9e-4e8f-afc5-aa13ca5ca0fd: start FollowerState
2019-07-14 08:53:15,416 INFO  util.JmxRegister (JmxRegister.java:tryRegister(44)) - Successfully registered JMX Bean with object name Ratis:service=RaftServer,group=group-24E06536017F,id=0b1e4e1c-0e9e-4e8f-afc5-aa13ca5ca0fd
2019-07-14 08:53:15,428 INFO  pipeline.PipelineStateManager (PipelineStateManager.java:addPipeline(56)) - Created pipeline Pipeline[ Id: a7ad66b1-81fa-4e32-bc13-24e06536017f, Nodes: 5dc9bfea-22b3-467b-8f81-6b2eb0614675{ip: 192.168.5.191, host: trunk-nightly-5z2vd-27108033, networkLocation: /default-rack, certSerialId: null}2fca86bb-bd0a-49a0-a3c2-c1282515b4f7{ip: 192.168.5.191, host: trunk-nightly-5z2vd-27108033, networkLocation: /default-rack, certSerialId: null}0b1e4e1c-0e9e-4e8f-afc5-aa13ca5ca0fd{ip: 192.168.5.191, host: trunk-nightly-5z2vd-27108033, networkLocation: /default-rack, certSerialId: null}, Type:RATIS, Factor:THREE, State:OPEN]
2019-07-14 08:53:15,459 INFO  impl.RaftServerProxy (RaftServerProxy.java:addNew(89)) - 47b5091c-c8b4-43d9-a484-1a0ef0e6a01f: addNew group-63F1C14C5639:[752ff8a1-e67a-435d-a9ca-9019089e4c30:192.168.5.191:39034, f3ff9805-b314-43df-abba-f6febe10e2d0:192.168.5.191:37002, 47b5091c-c8b4-43d9-a484-1a0ef0e6a01f:192.168.5.191:35899] returns group-63F1C14C5639:java.util.concurrent.CompletableFuture@48e8848a[Not completed]
2019-07-14 08:53:15,462 INFO  impl.RaftServerProxy (RaftServerProxy.java:addNew(89)) - 752ff8a1-e67a-435d-a9ca-9019089e4c30: addNew group-63F1C14C5639:[752ff8a1-e67a-435d-a9ca-9019089e4c30:192.168.5.191:39034, f3ff9805-b314-43df-abba-f6febe10e2d0:192.168.5.191:37002, 47b5091c-c8b4-43d9-a484-1a0ef0e6a01f:192.168.5.191:35899] returns group-63F1C14C5639:java.util.concurrent.CompletableFuture@4cd7194f[Not completed]
2019-07-14 08:53:15,462 INFO  impl.RaftServerImpl (RaftServerImpl.java:<init>(93)) - 47b5091c-c8b4-43d9-a484-1a0ef0e6a01f: new RaftServerImpl for group-63F1C14C5639:[752ff8a1-e67a-435d-a9ca-9019089e4c30:192.168.5.191:39034, f3ff9805-b314-43df-abba-f6febe10e2d0:192.168.5.191:37002, 47b5091c-c8b4-43d9-a484-1a0ef0e6a01f:192.168.5.191:35899] with ContainerStateMachine:uninitialized
2019-07-14 08:53:15,463 INFO  server.RaftServerConfigKeys (ConfUtils.java:logGet(43)) - raft.server.rpc.timeout.min = 5s (custom)
2019-07-14 08:53:15,463 INFO  server.RaftServerConfigKeys (ConfUtils.java:logGet(43)) - raft.server.rpc.timeout.max = 5200ms (custom)
2019-07-14 08:53:15,464 INFO  server.RaftServerConfigKeys (ConfUtils.java:logGet(43)) - raft.server.rpcslowness.timeout = 120s (custom)
2019-07-14 08:53:15,465 INFO  server.RaftServerConfigKeys (ConfUtils.java:logGet(43)) - raft.server.sleep.deviation.threshold = 300 (default)
2019-07-14 08:53:15,465 INFO  server.RaftServerConfigKeys (ConfUtils.java:logGet(43)) - raft.server.log.appender.install.snapshot.enabled = false (custom)
2019-07-14 08:53:15,465 INFO  impl.RaftServerImpl (RaftServerImpl.java:<init>(93)) - 752ff8a1-e67a-435d-a9ca-9019089e4c30: new RaftServerImpl for group-63F1C14C5639:[752ff8a1-e67a-435d-a9ca-9019089e4c30:192.168.5.191:39034, f3ff9805-b314-43df-abba-f6febe10e2d0:192.168.5.191:37002, 47b5091c-c8b4-43d9-a484-1a0ef0e6a01f:192.168.5.191:35899] with ContainerStateMachine:uninitialized
2019-07-14 08:53:15,465 INFO  impl.RaftServerProxy (RaftServerProxy.java:addNew(89)) - f3ff9805-b314-43df-abba-f6febe10e2d0: addNew group-63F1C14C5639:[752ff8a1-e67a-435d-a9ca-9019089e4c30:192.168.5.191:39034, f3ff9805-b314-43df-abba-f6febe10e2d0:192.168.5.191:37002, 47b5091c-c8b4-43d9-a484-1a0ef0e6a01f:192.168.5.191:35899] returns group-63F1C14C5639:java.util.concurrent.CompletableFuture@9d58eb1[Not completed]
2019-07-14 08:53:15,465 INFO  impl.RaftServerImpl (ServerState.java:<init>(105)) - 47b5091c-c8b4-43d9-a484-1a0ef0e6a01f:group-63F1C14C5639 ConfigurationManager, init=-1: [752ff8a1-e67a-435d-a9ca-9019089e4c30:192.168.5.191:39034, f3ff9805-b314-43df-abba-f6febe10e2d0:192.168.5.191:37002, 47b5091c-c8b4-43d9-a484-1a0ef0e6a01f:192.168.5.191:35899], old=null, confs=<EMPTY_MAP>
2019-07-14 08:53:15,466 INFO  server.RaftServerConfigKeys (ConfUtils.java:logGet(43)) - raft.server.rpc.timeout.min = 5s (custom)
2019-07-14 08:53:15,466 INFO  server.RaftServerConfigKeys (ConfUtils.java:logGet(43)) - raft.server.storage.dir = [/workdir/hadoop-ozone/integration-test/target/test-dir/MiniOzoneClusterImpl-2474cb1b-609a-4057-b253-62a746fc6dfe/datanode-1/data/ratis] (custom)
2019-07-14 08:53:15,466 INFO  server.RaftServerConfigKeys (ConfUtils.java:logGet(43)) - raft.server.rpc.timeout.max = 5200ms (custom)
2019-07-14 08:53:15,466 INFO  server.RaftServerConfigKeys (ConfUtils.java:logGet(43)) - raft.server.rpcslowness.timeout = 120s (custom)
2019-07-14 08:53:15,466 INFO  server.RaftServerConfigKeys (ConfUtils.java:logGet(43)) - raft.server.sleep.deviation.threshold = 300 (default)
2019-07-14 08:53:15,466 INFO  storage.RaftStorageDirectory (RaftStorageDirectory.java:analyzeStorage(246)) - The storage directory /workdir/hadoop-ozone/integration-test/target/test-dir/MiniOzoneClusterImpl-2474cb1b-609a-4057-b253-62a746fc6dfe/datanode-1/data/ratis/d9730693-73cd-43ca-a306-63f1c14c5639 does not exist. Creating ...
2019-07-14 08:53:15,466 INFO  server.RaftServerConfigKeys (ConfUtils.java:logGet(43)) - raft.server.log.appender.install.snapshot.enabled = false (custom)
2019-07-14 08:53:15,467 INFO  impl.RaftServerImpl (ServerState.java:<init>(105)) - 752ff8a1-e67a-435d-a9ca-9019089e4c30:group-63F1C14C5639 ConfigurationManager, init=-1: [752ff8a1-e67a-435d-a9ca-9019089e4c30:192.168.5.191:39034, f3ff9805-b314-43df-abba-f6febe10e2d0:192.168.5.191:37002, 47b5091c-c8b4-43d9-a484-1a0ef0e6a01f:192.168.5.191:35899], old=null, confs=<EMPTY_MAP>
2019-07-14 08:53:15,467 INFO  server.RaftServerConfigKeys (ConfUtils.java:logGet(43)) - raft.server.storage.dir = [/workdir/hadoop-ozone/integration-test/target/test-dir/MiniOzoneClusterImpl-2474cb1b-609a-4057-b253-62a746fc6dfe/datanode-3/data/ratis] (custom)
2019-07-14 08:53:15,467 INFO  impl.RaftServerImpl (RaftServerImpl.java:<init>(93)) - f3ff9805-b314-43df-abba-f6febe10e2d0: new RaftServerImpl for group-63F1C14C5639:[752ff8a1-e67a-435d-a9ca-9019089e4c30:192.168.5.191:39034, f3ff9805-b314-43df-abba-f6febe10e2d0:192.168.5.191:37002, 47b5091c-c8b4-43d9-a484-1a0ef0e6a01f:192.168.5.191:35899] with ContainerStateMachine:uninitialized
2019-07-14 08:53:15,467 INFO  storage.RaftStorageDirectory (RaftStorageDirectory.java:analyzeStorage(246)) - The storage directory /workdir/hadoop-ozone/integration-test/target/test-dir/MiniOzoneClusterImpl-2474cb1b-609a-4057-b253-62a746fc6dfe/datanode-3/data/ratis/d9730693-73cd-43ca-a306-63f1c14c5639 does not exist. Creating ...
2019-07-14 08:53:15,467 INFO  server.RaftServerConfigKeys (ConfUtils.java:logGet(43)) - raft.server.rpc.timeout.min = 5s (custom)
2019-07-14 08:53:15,468 INFO  server.RaftServerConfigKeys (ConfUtils.java:logGet(43)) - raft.server.rpc.timeout.max = 5200ms (custom)
2019-07-14 08:53:15,468 INFO  server.RaftServerConfigKeys (ConfUtils.java:logGet(43)) - raft.server.rpcslowness.timeout = 120s (custom)
2019-07-14 08:53:15,468 INFO  server.RaftServerConfigKeys (ConfUtils.java:logGet(43)) - raft.server.sleep.deviation.threshold = 300 (default)
2019-07-14 08:53:15,468 INFO  server.RaftServerConfigKeys (ConfUtils.java:logGet(43)) - raft.server.log.appender.install.snapshot.enabled = false (custom)
2019-07-14 08:53:15,468 INFO  impl.RaftServerImpl (ServerState.java:<init>(105)) - f3ff9805-b314-43df-abba-f6febe10e2d0:group-63F1C14C5639 ConfigurationManager, init=-1: [752ff8a1-e67a-435d-a9ca-9019089e4c30:192.168.5.191:39034, f3ff9805-b314-43df-abba-f6febe10e2d0:192.168.5.191:37002, 47b5091c-c8b4-43d9-a484-1a0ef0e6a01f:192.168.5.191:35899], old=null, confs=<EMPTY_MAP>
2019-07-14 08:53:15,469 INFO  server.RaftServerConfigKeys (ConfUtils.java:logGet(43)) - raft.server.storage.dir = [/workdir/hadoop-ozone/integration-test/target/test-dir/MiniOzoneClusterImpl-2474cb1b-609a-4057-b253-62a746fc6dfe/datanode-4/data/ratis] (custom)
2019-07-14 08:53:15,469 INFO  storage.RaftStorageDirectory (RaftStorageDirectory.java:analyzeStorage(246)) - The storage directory /workdir/hadoop-ozone/integration-test/target/test-dir/MiniOzoneClusterImpl-2474cb1b-609a-4057-b253-62a746fc6dfe/datanode-4/data/ratis/d9730693-73cd-43ca-a306-63f1c14c5639 does not exist. Creating ...
2019-07-14 08:53:15,501 INFO  storage.RaftStorageDirectory (RaftStorageDirectory.java:tryLock(328)) - Lock on /workdir/hadoop-ozone/integration-test/target/test-dir/MiniOzoneClusterImpl-2474cb1b-609a-4057-b253-62a746fc6dfe/datanode-3/data/ratis/d9730693-73cd-43ca-a306-63f1c14c5639/in_use.lock acquired by nodename 12016@trunk-nightly-5z2vd-27108033
2019-07-14 08:53:15,501 INFO  storage.RaftStorageDirectory (RaftStorageDirectory.java:tryLock(328)) - Lock on /workdir/hadoop-ozone/integration-test/target/test-dir/MiniOzoneClusterImpl-2474cb1b-609a-4057-b253-62a746fc6dfe/datanode-1/data/ratis/d9730693-73cd-43ca-a306-63f1c14c5639/in_use.lock acquired by nodename 12016@trunk-nightly-5z2vd-27108033
2019-07-14 08:53:15,501 INFO  storage.RaftStorageDirectory (RaftStorageDirectory.java:tryLock(328)) - Lock on /workdir/hadoop-ozone/integration-test/target/test-dir/MiniOzoneClusterImpl-2474cb1b-609a-4057-b253-62a746fc6dfe/datanode-4/data/ratis/d9730693-73cd-43ca-a306-63f1c14c5639/in_use.lock acquired by nodename 12016@trunk-nightly-5z2vd-27108033
2019-07-14 08:53:15,506 INFO  storage.RaftStorage (RaftStorage.java:format(72)) - Storage directory /workdir/hadoop-ozone/integration-test/target/test-dir/MiniOzoneClusterImpl-2474cb1b-609a-4057-b253-62a746fc6dfe/datanode-3/data/ratis/d9730693-73cd-43ca-a306-63f1c14c5639 has been successfully formatted.
2019-07-14 08:53:15,506 INFO  storage.RaftStorage (RaftStorage.java:format(72)) - Storage directory /workdir/hadoop-ozone/integration-test/target/test-dir/MiniOzoneClusterImpl-2474cb1b-609a-4057-b253-62a746fc6dfe/datanode-4/data/ratis/d9730693-73cd-43ca-a306-63f1c14c5639 has been successfully formatted.
2019-07-14 08:53:15,506 INFO  storage.RaftStorage (RaftStorage.java:format(72)) - Storage directory /workdir/hadoop-ozone/integration-test/target/test-dir/MiniOzoneClusterImpl-2474cb1b-609a-4057-b253-62a746fc6dfe/datanode-1/data/ratis/d9730693-73cd-43ca-a306-63f1c14c5639 has been successfully formatted.
2019-07-14 08:53:15,506 INFO  ratis.ContainerStateMachine (ContainerStateMachine.java:loadSnapshot(200)) - group-63F1C14C5639: The snapshot info is null. Setting the last applied indexto:(t:0, i:~)
2019-07-14 08:53:15,506 INFO  ratis.ContainerStateMachine (ContainerStateMachine.java:loadSnapshot(200)) - group-63F1C14C5639: The snapshot info is null. Setting the last applied indexto:(t:0, i:~)
2019-07-14 08:53:15,507 INFO  server.RaftServerConfigKeys (ConfUtils.java:logGet(43)) - raft.server.leader.election.timeout = 120s (custom)
2019-07-14 08:53:15,507 INFO  ratis.ContainerStateMachine (ContainerStateMachine.java:loadSnapshot(200)) - group-63F1C14C5639: The snapshot info is null. Setting the last applied indexto:(t:0, i:~)
2019-07-14 08:53:15,507 INFO  server.RaftServerConfigKeys (ConfUtils.java:logGet(43)) - raft.server.log.use.memory = false (default)
2019-07-14 08:53:15,507 INFO  server.RaftServerConfigKeys (ConfUtils.java:logGet(43)) - raft.server.leader.election.timeout = 120s (custom)
2019-07-14 08:53:15,507 INFO  server.RaftServerConfigKeys (ConfUtils.java:logGet(43)) - raft.server.log.purge.gap = 1000000000 (custom)
2019-07-14 08:53:15,507 INFO  server.RaftServerConfigKeys (ConfUtils.java:logGet(43)) - raft.server.leader.election.timeout = 120s (custom)
2019-07-14 08:53:15,508 INFO  server.RaftServerConfigKeys (ConfUtils.java:logGet(43)) - raft.server.log.appender.buffer.byte-limit = 33554432 (custom)
2019-07-14 08:53:15,507 INFO  server.RaftServerConfigKeys (ConfUtils.java:logGet(43)) - raft.server.log.use.memory = false (default)
2019-07-14 08:53:15,508 INFO  server.RaftServerConfigKeys (ConfUtils.java:logGet(43)) - raft.server.log.segment.size.max = 1048576 (custom)
2019-07-14 08:53:15,508 INFO  server.RaftServerConfigKeys (ConfUtils.java:logGet(43)) - raft.server.log.use.memory = false (default)
2019-07-14 08:53:15,508 INFO  server.RaftServerConfigKeys (ConfUtils.java:logGet(43)) - raft.server.log.segment.cache.num.max = 2 (custom)
2019-07-14 08:53:15,508 INFO  server.RaftServerConfigKeys (ConfUtils.java:logGet(43)) - raft.server.log.purge.gap = 1000000000 (custom)
2019-07-14 08:53:15,509 INFO  segmented.SegmentedRaftLogWorker (SegmentedRaftLogWorker.java:<init>(172)) - new 752ff8a1-e67a-435d-a9ca-9019089e4c30-SegmentedRaftLogWorker:Storage Directory /workdir/hadoop-ozone/integration-test/target/test-dir/MiniOzoneClusterImpl-2474cb1b-609a-4057-b253-62a746fc6dfe/datanode-3/data/ratis/d9730693-73cd-43ca-a306-63f1c14c5639 for RaftStorage:Storage Directory /workdir/hadoop-ozone/integration-test/target/test-dir/MiniOzoneClusterImpl-2474cb1b-609a-4057-b253-62a746fc6dfe/datanode-3/data/ratis/d9730693-73cd-43ca-a306-63f1c14c5639
2019-07-14 08:53:15,508 INFO  server.RaftServerConfigKeys (ConfUtils.java:logGet(43)) - raft.server.log.purge.gap = 1000000000 (custom)
2019-07-14 08:53:15,509 INFO  server.RaftServerConfigKeys (ConfUtils.java:logGet(43)) - raft.server.log.queue.byte-limit = 2147483647 (custom)
2019-07-14 08:53:15,509 INFO  server.RaftServerConfigKeys (ConfUtils.java:logGet(43)) - raft.server.log.appender.buffer.byte-limit = 33554432 (custom)
2019-07-14 08:53:15,511 INFO  server.RaftServerConfigKeys (ConfUtils.java:logGet(43)) - raft.server.log.queue.element-limit = 1024 (custom)
2019-07-14 08:53:15,509 INFO  server.RaftServerConfigKeys (ConfUtils.java:logGet(43)) - raft.server.log.appender.buffer.byte-limit = 33554432 (custom)
2019-07-14 08:53:15,512 INFO  server.RaftServerConfigKeys (ConfUtils.java:logGet(43)) - raft.server.log.segment.size.max = 1048576 (custom)
2019-07-14 08:53:15,512 INFO  server.RaftServerConfigKeys (ConfUtils.java:logGet(43)) - raft.server.log.segment.size.max = 1048576 (custom)
2019-07-14 08:53:15,512 INFO  server.RaftServerConfigKeys (ConfUtils.java:logGet(43)) - raft.server.log.preallocated.size = 16384 (custom)
2019-07-14 08:53:15,512 INFO  server.RaftServerConfigKeys (ConfUtils.java:logGet(43)) - raft.server.log.segment.size.max = 1048576 (custom)
2019-07-14 08:53:15,512 INFO  server.RaftServerConfigKeys (ConfUtils.java:logGet(43)) - raft.server.log.write.buffer.size = 33554432 (custom)
2019-07-14 08:53:15,512 INFO  server.RaftServerConfigKeys (ConfUtils.java:logGet(43)) - raft.server.log.segment.cache.num.max = 2 (custom)
2019-07-14 08:53:15,513 INFO  server.RaftServerConfigKeys (ConfUtils.java:logGet(43)) - raft.server.log.force.sync.num = 128 (default)
2019-07-14 08:53:15,513 INFO  server.RaftServerConfigKeys (ConfUtils.java:logGet(43)) - raft.server.log.segment.cache.num.max = 2 (custom)
2019-07-14 08:53:15,513 INFO  server.RaftServerConfigKeys (ConfUtils.java:logGet(43)) - raft.server.log.statemachine.data.sync = true (default)
2019-07-14 08:53:15,513 INFO  segmented.SegmentedRaftLogWorker (SegmentedRaftLogWorker.java:<init>(172)) - new f3ff9805-b314-43df-abba-f6febe10e2d0-SegmentedRaftLogWorker:Storage Directory /workdir/hadoop-ozone/integration-test/target/test-dir/MiniOzoneClusterImpl-2474cb1b-609a-4057-b253-62a746fc6dfe/datanode-4/data/ratis/d9730693-73cd-43ca-a306-63f1c14c5639 for RaftStorage:Storage Directory /workdir/hadoop-ozone/integration-test/target/test-dir/MiniOzoneClusterImpl-2474cb1b-609a-4057-b253-62a746fc6dfe/datanode-4/data/ratis/d9730693-73cd-43ca-a306-63f1c14c5639
2019-07-14 08:53:15,514 INFO  server.RaftServerConfigKeys (ConfUtils.java:logGet(43)) - raft.server.log.statemachine.data.sync.timeout = 10s (default)
2019-07-14 08:53:15,513 INFO  segmented.SegmentedRaftLogWorker (SegmentedRaftLogWorker.java:<init>(172)) - new 47b5091c-c8b4-43d9-a484-1a0ef0e6a01f-SegmentedRaftLogWorker:Storage Directory /workdir/hadoop-ozone/integration-test/target/test-dir/MiniOzoneClusterImpl-2474cb1b-609a-4057-b253-62a746fc6dfe/datanode-1/data/ratis/d9730693-73cd-43ca-a306-63f1c14c5639 for RaftStorage:Storage Directory /workdir/hadoop-ozone/integration-test/target/test-dir/MiniOzoneClusterImpl-2474cb1b-609a-4057-b253-62a746fc6dfe/datanode-1/data/ratis/d9730693-73cd-43ca-a306-63f1c14c5639
2019-07-14 08:53:15,514 INFO  server.RaftServerConfigKeys (ConfUtils.java:logGet(43)) - raft.server.log.statemachine.data.sync.timeout.retry = -1 (default)
2019-07-14 08:53:15,514 INFO  server.RaftServerConfigKeys (ConfUtils.java:logGet(43)) - raft.server.log.queue.byte-limit = 2147483647 (custom)
2019-07-14 08:53:15,518 INFO  server.RaftServerConfigKeys (ConfUtils.java:logGet(43)) - raft.server.log.statemachine.data.caching.enabled = true (custom)
2019-07-14 08:53:15,516 INFO  server.RaftServerConfigKeys (ConfUtils.java:logGet(43)) - raft.server.log.queue.byte-limit = 2147483647 (custom)
2019-07-14 08:53:15,519 INFO  segmented.SegmentedRaftLogWorker (SegmentedRaftLogWorker.java:lambda$new$0(132)) - 752ff8a1-e67a-435d-a9ca-9019089e4c30-SegmentedRaftLogWorker:Storage Directory /workdir/hadoop-ozone/integration-test/target/test-dir/MiniOzoneClusterImpl-2474cb1b-609a-4057-b253-62a746fc6dfe/datanode-3/data/ratis/d9730693-73cd-43ca-a306-63f1c14c5639: flushIndex: setUnconditionally 0 -> -1
2019-07-14 08:53:15,518 INFO  server.RaftServerConfigKeys (ConfUtils.java:logGet(43)) - raft.server.log.queue.element-limit = 1024 (custom)
2019-07-14 08:53:15,519 INFO  server.RaftServerConfigKeys (ConfUtils.java:logGet(43)) - raft.server.log.queue.element-limit = 1024 (custom)
2019-07-14 08:53:15,519 INFO  server.RaftServerConfigKeys (ConfUtils.java:logGet(43)) - raft.server.snapshot.auto.trigger.enabled = true (custom)
2019-07-14 08:53:15,519 INFO  server.RaftServerConfigKeys (ConfUtils.java:logGet(43)) - raft.server.log.segment.size.max = 1048576 (custom)
2019-07-14 08:53:15,520 INFO  server.RaftServerConfigKeys (ConfUtils.java:logGet(43)) - raft.server.snapshot.auto.trigger.threshold = 10000 (custom)
2019-07-14 08:53:15,520 INFO  server.RaftServerConfigKeys (ConfUtils.java:logGet(43)) - raft.server.log.segment.size.max = 1048576 (custom)
2019-07-14 08:53:15,520 INFO  server.RaftServerConfigKeys (ConfUtils.java:logGet(43)) - raft.server.retrycache.expirytime = 600000ms (custom)
2019-07-14 08:53:15,520 INFO  server.RaftServerConfigKeys (ConfUtils.java:logGet(43)) - raft.server.log.preallocated.size = 16384 (custom)
2019-07-14 08:53:15,521 INFO  server.RaftServerConfigKeys (ConfUtils.java:logGet(43)) - raft.server.log.write.buffer.size = 33554432 (custom)
2019-07-14 08:53:15,520 INFO  server.RaftServerConfigKeys (ConfUtils.java:logGet(43)) - raft.server.log.preallocated.size = 16384 (custom)
2019-07-14 08:53:15,521 INFO  server.RaftServerConfigKeys (ConfUtils.java:logGet(43)) - raft.server.log.force.sync.num = 128 (default)
2019-07-14 08:53:15,520 INFO  impl.RaftServerImpl (RaftServerImpl.java:start(180)) - 752ff8a1-e67a-435d-a9ca-9019089e4c30: start group-63F1C14C5639
2019-07-14 08:53:15,521 INFO  server.RaftServerConfigKeys (ConfUtils.java:logGet(43)) - raft.server.log.statemachine.data.sync = true (default)
2019-07-14 08:53:15,521 INFO  server.RaftServerConfigKeys (ConfUtils.java:logGet(43)) - raft.server.log.write.buffer.size = 33554432 (custom)
2019-07-14 08:53:15,521 INFO  server.RaftServerConfigKeys (ConfUtils.java:logGet(43)) - raft.server.log.statemachine.data.sync.timeout = 10s (default)
2019-07-14 08:53:15,521 INFO  impl.RaftServerImpl (RaftServerImpl.java:setRole(171)) - 752ff8a1-e67a-435d-a9ca-9019089e4c30:group-63F1C14C5639 changes role from null to FOLLOWER at term 0 for startAsFollower
2019-07-14 08:53:15,522 INFO  server.RaftServerConfigKeys (ConfUtils.java:logGet(43)) - raft.server.log.statemachine.data.sync.timeout.retry = -1 (default)
2019-07-14 08:53:15,522 INFO  server.RaftServerConfigKeys (ConfUtils.java:logGet(43)) - raft.server.log.force.sync.num = 128 (default)
2019-07-14 08:53:15,522 INFO  server.RaftServerConfigKeys (ConfUtils.java:logGet(43)) - raft.server.log.statemachine.data.caching.enabled = true (custom)
2019-07-14 08:53:15,522 INFO  impl.RoleInfo (RoleInfo.java:updateAndGet(143)) - 752ff8a1-e67a-435d-a9ca-9019089e4c30: start FollowerState
2019-07-14 08:53:15,522 INFO  server.RaftServerConfigKeys (ConfUtils.java:logGet(43)) - raft.server.log.statemachine.data.sync = true (default)
2019-07-14 08:53:15,523 INFO  segmented.SegmentedRaftLogWorker (SegmentedRaftLogWorker.java:lambda$new$0(132)) - 47b5091c-c8b4-43d9-a484-1a0ef0e6a01f-SegmentedRaftLogWorker:Storage Directory /workdir/hadoop-ozone/integration-test/target/test-dir/MiniOzoneClusterImpl-2474cb1b-609a-4057-b253-62a746fc6dfe/datanode-1/data/ratis/d9730693-73cd-43ca-a306-63f1c14c5639: flushIndex: setUnconditionally 0 -> -1
2019-07-14 08:53:15,523 INFO  server.RaftServerConfigKeys (ConfUtils.java:logGet(43)) - raft.server.log.statemachine.data.sync.timeout = 10s (default)
2019-07-14 08:53:15,523 INFO  util.JmxRegister (JmxRegister.java:tryRegister(44)) - Successfully registered JMX Bean with object name Ratis:service=RaftServer,group=group-63F1C14C5639,id=752ff8a1-e67a-435d-a9ca-9019089e4c30
2019-07-14 08:53:15,523 INFO  server.RaftServerConfigKeys (ConfUtils.java:logGet(43)) - raft.server.snapshot.auto.trigger.enabled = true (custom)
2019-07-14 08:53:15,523 INFO  server.RaftServerConfigKeys (ConfUtils.java:logGet(43)) - raft.server.log.statemachine.data.sync.timeout.retry = -1 (default)
2019-07-14 08:53:15,524 INFO  server.RaftServerConfigKeys (ConfUtils.java:logGet(43)) - raft.server.snapshot.auto.trigger.threshold = 10000 (custom)
2019-07-14 08:53:15,524 INFO  server.RaftServerConfigKeys (ConfUtils.java:logGet(43)) - raft.server.log.statemachine.data.caching.enabled = true (custom)
2019-07-14 08:53:15,524 INFO  server.RaftServerConfigKeys (ConfUtils.java:logGet(43)) - raft.server.retrycache.expirytime = 600000ms (custom)
2019-07-14 08:53:15,525 INFO  impl.RaftServerImpl (RaftServerImpl.java:start(180)) - 47b5091c-c8b4-43d9-a484-1a0ef0e6a01f: start group-63F1C14C5639
2019-07-14 08:53:15,525 INFO  segmented.SegmentedRaftLogWorker (SegmentedRaftLogWorker.java:lambda$new$0(132)) - f3ff9805-b314-43df-abba-f6febe10e2d0-SegmentedRaftLogWorker:Storage Directory /workdir/hadoop-ozone/integration-test/target/test-dir/MiniOzoneClusterImpl-2474cb1b-609a-4057-b253-62a746fc6dfe/datanode-4/data/ratis/d9730693-73cd-43ca-a306-63f1c14c5639: flushIndex: setUnconditionally 0 -> -1
2019-07-14 08:53:15,525 INFO  impl.RaftServerImpl (RaftServerImpl.java:setRole(171)) - 47b5091c-c8b4-43d9-a484-1a0ef0e6a01f:group-63F1C14C5639 changes role from null to FOLLOWER at term 0 for startAsFollower
2019-07-14 08:53:15,525 INFO  impl.RoleInfo (RoleInfo.java:updateAndGet(143)) - 47b5091c-c8b4-43d9-a484-1a0ef0e6a01f: start FollowerState
2019-07-14 08:53:15,525 INFO  server.RaftServerConfigKeys (ConfUtils.java:logGet(43)) - raft.server.snapshot.auto.trigger.enabled = true (custom)
2019-07-14 08:53:15,527 INFO  server.RaftServerConfigKeys (ConfUtils.java:logGet(43)) - raft.server.snapshot.auto.trigger.threshold = 10000 (custom)
2019-07-14 08:53:15,528 INFO  util.JmxRegister (JmxRegister.java:tryRegister(44)) - Successfully registered JMX Bean with object name Ratis:service=RaftServer,group=group-63F1C14C5639,id=47b5091c-c8b4-43d9-a484-1a0ef0e6a01f
2019-07-14 08:53:15,528 INFO  server.RaftServerConfigKeys (ConfUtils.java:logGet(43)) - raft.server.retrycache.expirytime = 600000ms (custom)
2019-07-14 08:53:15,532 INFO  impl.RaftServerImpl (RaftServerImpl.java:start(180)) - f3ff9805-b314-43df-abba-f6febe10e2d0: start group-63F1C14C5639
2019-07-14 08:53:15,535 INFO  impl.RaftServerImpl (RaftServerImpl.java:setRole(171)) - f3ff9805-b314-43df-abba-f6febe10e2d0:group-63F1C14C5639 changes role from null to FOLLOWER at term 0 for startAsFollower
2019-07-14 08:53:15,535 INFO  impl.RoleInfo (RoleInfo.java:updateAndGet(143)) - f3ff9805-b314-43df-abba-f6febe10e2d0: start FollowerState
2019-07-14 08:53:15,536 INFO  util.JmxRegister (JmxRegister.java:tryRegister(44)) - Successfully registered JMX Bean with object name Ratis:service=RaftServer,group=group-63F1C14C5639,id=f3ff9805-b314-43df-abba-f6febe10e2d0
2019-07-14 08:53:15,554 INFO  pipeline.PipelineStateManager (PipelineStateManager.java:addPipeline(56)) - Created pipeline Pipeline[ Id: d9730693-73cd-43ca-a306-63f1c14c5639, Nodes: 752ff8a1-e67a-435d-a9ca-9019089e4c30{ip: 192.168.5.191, host: trunk-nightly-5z2vd-27108033, networkLocation: /default-rack, certSerialId: null}f3ff9805-b314-43df-abba-f6febe10e2d0{ip: 192.168.5.191, host: trunk-nightly-5z2vd-27108033, networkLocation: /default-rack, certSerialId: null}47b5091c-c8b4-43d9-a484-1a0ef0e6a01f{ip: 192.168.5.191, host: trunk-nightly-5z2vd-27108033, networkLocation: /default-rack, certSerialId: null}, Type:RATIS, Factor:THREE, State:OPEN]
2019-07-14 08:53:16,011 INFO  ozone.MiniOzoneClusterImpl (MiniOzoneClusterImpl.java:lambda$waitForClusterToBeReady$0(142)) - Cluster is ready. Got 7 of 7 DN Heartbeats.
2019-07-14 08:53:16,346 INFO  rpc.RpcClient (RpcClient.java:createVolume(287)) - Creating Volume: testblockoutputstreamwithretries, with jenkins1000 as owner.
2019-07-14 08:53:16,403 INFO  rpc.RpcClient (RpcClient.java:createBucket(424)) - Creating Bucket: testblockoutputstreamwithretries/testblockoutputstreamwithretries, with Versioning false and Storage Type set to DISK and Encryption set to false 
2019-07-14 08:53:16,702 INFO  client.GrpcClientProtocolClient (GrpcClientProtocolClient.java:onNext(255)) - client-A8B87C4E83BF->5dc9bfea-22b3-467b-8f81-6b2eb0614675: receive RaftClientReply:client-A8B87C4E83BF->5dc9bfea-22b3-467b-8f81-6b2eb0614675@group-24E06536017F, cid=13, FAILED org.apache.ratis.protocol.NotLeaderException: Server 5dc9bfea-22b3-467b-8f81-6b2eb0614675 is not the leader (null). Request must be sent to leader., logIndex=0, commits[5dc9bfea-22b3-467b-8f81-6b2eb0614675:c-1]
2019-07-14 08:53:16,704 INFO  container.ReplicationManager (ReplicationManager.java:start(155)) - Starting Replication Monitor Thread.
2019-07-14 08:53:16,712 INFO  container.ReplicationManager (ReplicationManager.java:run(207)) - Replication Monitor Thread took 6 milliseconds for processing 1 containers.
2019-07-14 08:53:17,755 INFO  client.GrpcClientProtocolClient (GrpcClientProtocolClient.java:onNext(255)) - client-A8B87C4E83BF->0b1e4e1c-0e9e-4e8f-afc5-aa13ca5ca0fd: receive RaftClientReply:client-A8B87C4E83BF->0b1e4e1c-0e9e-4e8f-afc5-aa13ca5ca0fd@group-24E06536017F, cid=13, FAILED org.apache.ratis.protocol.NotLeaderException: Server 0b1e4e1c-0e9e-4e8f-afc5-aa13ca5ca0fd is not the leader (null). Request must be sent to leader., logIndex=0, commits[0b1e4e1c-0e9e-4e8f-afc5-aa13ca5ca0fd:c-1]
2019-07-14 08:53:18,786 INFO  client.GrpcClientProtocolClient (GrpcClientProtocolClient.java:onNext(255)) - client-A8B87C4E83BF->2fca86bb-bd0a-49a0-a3c2-c1282515b4f7: receive RaftClientReply:client-A8B87C4E83BF->2fca86bb-bd0a-49a0-a3c2-c1282515b4f7@group-24E06536017F, cid=13, FAILED org.apache.ratis.protocol.NotLeaderException: Server 2fca86bb-bd0a-49a0-a3c2-c1282515b4f7 is not the leader (null). Request must be sent to leader., logIndex=0, commits[2fca86bb-bd0a-49a0-a3c2-c1282515b4f7:c-1]
2019-07-14 08:53:19,812 INFO  client.GrpcClientProtocolClient (GrpcClientProtocolClient.java:onNext(255)) - client-A8B87C4E83BF->5dc9bfea-22b3-467b-8f81-6b2eb0614675: receive RaftClientReply:client-A8B87C4E83BF->5dc9bfea-22b3-467b-8f81-6b2eb0614675@group-24E06536017F, cid=13, FAILED org.apache.ratis.protocol.NotLeaderException: Server 5dc9bfea-22b3-467b-8f81-6b2eb0614675 is not the leader (null). Request must be sent to leader., logIndex=0, commits[5dc9bfea-22b3-467b-8f81-6b2eb0614675:c-1]
2019-07-14 08:53:19,942 INFO  impl.FollowerState (FollowerState.java:run(106)) - 0b1e4e1c-0e9e-4e8f-afc5-aa13ca5ca0fd:group-2F04D6588853 changes to CANDIDATE, lastRpcTime:5092, electionTimeout:5090ms
2019-07-14 08:53:19,942 INFO  impl.RoleInfo (RoleInfo.java:shutdownFollowerState(121)) - 0b1e4e1c-0e9e-4e8f-afc5-aa13ca5ca0fd: shutdown FollowerState
2019-07-14 08:53:19,942 INFO  impl.RaftServerImpl (RaftServerImpl.java:setRole(171)) - 0b1e4e1c-0e9e-4e8f-afc5-aa13ca5ca0fd:group-2F04D6588853 changes role from FOLLOWER to CANDIDATE at term 0 for changeToCandidate
2019-07-14 08:53:19,950 INFO  impl.RoleInfo (RoleInfo.java:updateAndGet(143)) - 0b1e4e1c-0e9e-4e8f-afc5-aa13ca5ca0fd: start LeaderElection
2019-07-14 08:53:19,984 INFO  impl.LeaderElection (LeaderElection.java:askForVotes(181)) - 0b1e4e1c-0e9e-4e8f-afc5-aa13ca5ca0fd:group-2F04D6588853:LeaderElection1: begin an election at term 1 for -1: [0b1e4e1c-0e9e-4e8f-afc5-aa13ca5ca0fd:192.168.5.191:33802], old=null
2019-07-14 08:53:19,986 INFO  impl.RoleInfo (RoleInfo.java:shutdownLeaderElection(134)) - 0b1e4e1c-0e9e-4e8f-afc5-aa13ca5ca0fd: shutdown LeaderElection
2019-07-14 08:53:19,987 INFO  impl.RaftServerImpl (RaftServerImpl.java:setRole(171)) - 0b1e4e1c-0e9e-4e8f-afc5-aa13ca5ca0fd:group-2F04D6588853 changes role from CANDIDATE to LEADER at term 1 for changeToLeader
2019-07-14 08:53:19,987 INFO  impl.RaftServerImpl (ServerState.java:setLeader(263)) - 0b1e4e1c-0e9e-4e8f-afc5-aa13ca5ca0fd:group-2F04D6588853 change Leader from null to 0b1e4e1c-0e9e-4e8f-afc5-aa13ca5ca0fd at term 1 for becomeLeader, leader elected after 5224ms
2019-07-14 08:53:19,995 INFO  server.RaftServerConfigKeys (ConfUtils.java:logGet(43)) - raft.server.staging.catchup.gap = 1000 (default)
2019-07-14 08:53:19,995 INFO  server.RaftServerConfigKeys (ConfUtils.java:logGet(43)) - raft.server.rpc.sleep.time = 25ms (default)
2019-07-14 08:53:19,999 INFO  server.RaftServerConfigKeys (ConfUtils.java:logGet(43)) - raft.server.write.element-limit = 4096 (default)
2019-07-14 08:53:20,003 INFO  server.RaftServerConfigKeys (ConfUtils.java:logGet(43)) - raft.server.watch.timeout = 10s (default)
2019-07-14 08:53:20,003 INFO  server.RaftServerConfigKeys (ConfUtils.java:logGet(43)) - raft.server.watch.timeout.denomination = 1s (default)
2019-07-14 08:53:20,004 INFO  server.RaftServerConfigKeys (ConfUtils.java:logGet(43)) - raft.server.watch.element-limit = 65536 (default)
2019-07-14 08:53:20,015 INFO  impl.RoleInfo (RoleInfo.java:updateAndGet(143)) - 0b1e4e1c-0e9e-4e8f-afc5-aa13ca5ca0fd: start LeaderState
2019-07-14 08:53:20,045 INFO  segmented.SegmentedRaftLogWorker (SegmentedRaftLogWorker.java:startLogSegment(380)) - 0b1e4e1c-0e9e-4e8f-afc5-aa13ca5ca0fd-SegmentedRaftLogWorker:Storage Directory /workdir/hadoop-ozone/integration-test/target/test-dir/MiniOzoneClusterImpl-2474cb1b-609a-4057-b253-62a746fc6dfe/datanode-0/data/ratis/3c344eed-1608-4af8-b3b3-2f04d6588853: Starting segment from index:0
2019-07-14 08:53:20,055 INFO  impl.RaftServerImpl (ServerState.java:setRaftConf(361)) - 0b1e4e1c-0e9e-4e8f-afc5-aa13ca5ca0fd:group-2F04D6588853 set configuration 0: [0b1e4e1c-0e9e-4e8f-afc5-aa13ca5ca0fd:192.168.5.191:33802], old=null at 0
2019-07-14 08:53:20,130 INFO  impl.FollowerState (FollowerState.java:run(106)) - 2fca86bb-bd0a-49a0-a3c2-c1282515b4f7:group-6E1736BAE905 changes to CANDIDATE, lastRpcTime:5095, electionTimeout:5094ms
2019-07-14 08:53:20,133 INFO  impl.RoleInfo (RoleInfo.java:shutdownFollowerState(121)) - 2fca86bb-bd0a-49a0-a3c2-c1282515b4f7: shutdown FollowerState
2019-07-14 08:53:20,133 INFO  impl.RaftServerImpl (RaftServerImpl.java:setRole(171)) - 2fca86bb-bd0a-49a0-a3c2-c1282515b4f7:group-6E1736BAE905 changes role from FOLLOWER to CANDIDATE at term 0 for changeToCandidate
2019-07-14 08:53:20,133 INFO  impl.RoleInfo (RoleInfo.java:updateAndGet(143)) - 2fca86bb-bd0a-49a0-a3c2-c1282515b4f7: start LeaderElection
2019-07-14 08:53:20,153 INFO  impl.LeaderElection (LeaderElection.java:askForVotes(181)) - 2fca86bb-bd0a-49a0-a3c2-c1282515b4f7:group-6E1736BAE905:LeaderElection2: begin an election at term 1 for -1: [2fca86bb-bd0a-49a0-a3c2-c1282515b4f7:192.168.5.191:33594], old=null
2019-07-14 08:53:20,155 INFO  impl.RoleInfo (RoleInfo.java:shutdownLeaderElection(134)) - 2fca86bb-bd0a-49a0-a3c2-c1282515b4f7: shutdown LeaderElection
2019-07-14 08:53:20,155 INFO  impl.RaftServerImpl (RaftServerImpl.java:setRole(171)) - 2fca86bb-bd0a-49a0-a3c2-c1282515b4f7:group-6E1736BAE905 changes role from CANDIDATE to LEADER at term 1 for changeToLeader
2019-07-14 08:53:20,155 INFO  impl.RaftServerImpl (ServerState.java:setLeader(263)) - 2fca86bb-bd0a-49a0-a3c2-c1282515b4f7:group-6E1736BAE905 change Leader from null to 2fca86bb-bd0a-49a0-a3c2-c1282515b4f7 at term 1 for becomeLeader, leader elected after 5125ms
2019-07-14 08:53:20,155 INFO  server.RaftServerConfigKeys (ConfUtils.java:logGet(43)) - raft.server.staging.catchup.gap = 1000 (default)
2019-07-14 08:53:20,156 INFO  server.RaftServerConfigKeys (ConfUtils.java:logGet(43)) - raft.server.rpc.sleep.time = 25ms (default)
2019-07-14 08:53:20,156 INFO  server.RaftServerConfigKeys (ConfUtils.java:logGet(43)) - raft.server.write.element-limit = 4096 (default)
2019-07-14 08:53:20,156 INFO  server.RaftServerConfigKeys (ConfUtils.java:logGet(43)) - raft.server.watch.timeout = 10s (default)
2019-07-14 08:53:20,156 INFO  server.RaftServerConfigKeys (ConfUtils.java:logGet(43)) - raft.server.watch.timeout.denomination = 1s (default)
2019-07-14 08:53:20,156 INFO  server.RaftServerConfigKeys (ConfUtils.java:logGet(43)) - raft.server.watch.element-limit = 65536 (default)
2019-07-14 08:53:20,157 INFO  impl.RoleInfo (RoleInfo.java:updateAndGet(143)) - 2fca86bb-bd0a-49a0-a3c2-c1282515b4f7: start LeaderState
2019-07-14 08:53:20,157 INFO  segmented.SegmentedRaftLogWorker (SegmentedRaftLogWorker.java:startLogSegment(380)) - 2fca86bb-bd0a-49a0-a3c2-c1282515b4f7-SegmentedRaftLogWorker:Storage Directory /workdir/hadoop-ozone/integration-test/target/test-dir/MiniOzoneClusterImpl-2474cb1b-609a-4057-b253-62a746fc6dfe/datanode-2/data/ratis/dcb4ec19-3772-4f98-b9db-6e1736bae905: Starting segment from index:0
2019-07-14 08:53:20,158 INFO  impl.RaftServerImpl (ServerState.java:setRaftConf(361)) - 2fca86bb-bd0a-49a0-a3c2-c1282515b4f7:group-6E1736BAE905 set configuration 0: [2fca86bb-bd0a-49a0-a3c2-c1282515b4f7:192.168.5.191:33594], old=null at 0
2019-07-14 08:53:20,215 INFO  impl.FollowerState (FollowerState.java:run(106)) - f3ff9805-b314-43df-abba-f6febe10e2d0:group-BA2D0E972037 changes to CANDIDATE, lastRpcTime:5006, electionTimeout:5006ms
2019-07-14 08:53:20,216 INFO  impl.RoleInfo (RoleInfo.java:shutdownFollowerState(121)) - f3ff9805-b314-43df-abba-f6febe10e2d0: shutdown FollowerState
2019-07-14 08:53:20,216 INFO  impl.RaftServerImpl (RaftServerImpl.java:setRole(171)) - f3ff9805-b314-43df-abba-f6febe10e2d0:group-BA2D0E972037 changes role from FOLLOWER to CANDIDATE at term 0 for changeToCandidate
2019-07-14 08:53:20,216 INFO  impl.RoleInfo (RoleInfo.java:updateAndGet(143)) - f3ff9805-b314-43df-abba-f6febe10e2d0: start LeaderElection
2019-07-14 08:53:20,236 INFO  impl.LeaderElection (LeaderElection.java:askForVotes(181)) - f3ff9805-b314-43df-abba-f6febe10e2d0:group-BA2D0E972037:LeaderElection3: begin an election at term 1 for -1: [f3ff9805-b314-43df-abba-f6febe10e2d0:192.168.5.191:37002], old=null
2019-07-14 08:53:20,236 INFO  impl.RoleInfo (RoleInfo.java:shutdownLeaderElection(134)) - f3ff9805-b314-43df-abba-f6febe10e2d0: shutdown LeaderElection
2019-07-14 08:53:20,236 INFO  impl.RaftServerImpl (RaftServerImpl.java:setRole(171)) - f3ff9805-b314-43df-abba-f6febe10e2d0:group-BA2D0E972037 changes role from CANDIDATE to LEADER at term 1 for changeToLeader
2019-07-14 08:53:20,236 INFO  impl.RaftServerImpl (ServerState.java:setLeader(263)) - f3ff9805-b314-43df-abba-f6febe10e2d0:group-BA2D0E972037 change Leader from null to f3ff9805-b314-43df-abba-f6febe10e2d0 at term 1 for becomeLeader, leader elected after 5032ms
2019-07-14 08:53:20,236 INFO  server.RaftServerConfigKeys (ConfUtils.java:logGet(43)) - raft.server.staging.catchup.gap = 1000 (default)
2019-07-14 08:53:20,236 INFO  server.RaftServerConfigKeys (ConfUtils.java:logGet(43)) - raft.server.rpc.sleep.time = 25ms (default)
2019-07-14 08:53:20,237 INFO  server.RaftServerConfigKeys (ConfUtils.java:logGet(43)) - raft.server.write.element-limit = 4096 (default)
2019-07-14 08:53:20,237 INFO  server.RaftServerConfigKeys (ConfUtils.java:logGet(43)) - raft.server.watch.timeout = 10s (default)
2019-07-14 08:53:20,237 INFO  server.RaftServerConfigKeys (ConfUtils.java:logGet(43)) - raft.server.watch.timeout.denomination = 1s (default)
2019-07-14 08:53:20,237 INFO  server.RaftServerConfigKeys (ConfUtils.java:logGet(43)) - raft.server.watch.element-limit = 65536 (default)
2019-07-14 08:53:20,238 INFO  impl.RoleInfo (RoleInfo.java:updateAndGet(143)) - f3ff9805-b314-43df-abba-f6febe10e2d0: start LeaderState
2019-07-14 08:53:20,238 INFO  segmented.SegmentedRaftLogWorker (SegmentedRaftLogWorker.java:startLogSegment(380)) - f3ff9805-b314-43df-abba-f6febe10e2d0-SegmentedRaftLogWorker:Storage Directory /workdir/hadoop-ozone/integration-test/target/test-dir/MiniOzoneClusterImpl-2474cb1b-609a-4057-b253-62a746fc6dfe/datanode-4/data/ratis/0363fb7a-3be9-4156-bf5c-ba2d0e972037: Starting segment from index:0
2019-07-14 08:53:20,239 INFO  impl.RaftServerImpl (ServerState.java:setRaftConf(361)) - f3ff9805-b314-43df-abba-f6febe10e2d0:group-BA2D0E972037 set configuration 0: [f3ff9805-b314-43df-abba-f6febe10e2d0:192.168.5.191:37002], old=null at 0
2019-07-14 08:53:20,258 INFO  impl.FollowerState (FollowerState.java:run(106)) - 752ff8a1-e67a-435d-a9ca-9019089e4c30:group-1A0E0DC29AD5 changes to CANDIDATE, lastRpcTime:5101, electionTimeout:5089ms
2019-07-14 08:53:20,258 INFO  impl.RoleInfo (RoleInfo.java:shutdownFollowerState(121)) - 752ff8a1-e67a-435d-a9ca-9019089e4c30: shutdown FollowerState
2019-07-14 08:53:20,258 INFO  impl.RaftServerImpl (RaftServerImpl.java:setRole(171)) - 752ff8a1-e67a-435d-a9ca-9019089e4c30:group-1A0E0DC29AD5 changes role from FOLLOWER to CANDIDATE at term 0 for changeToCandidate
2019-07-14 08:53:20,259 INFO  impl.RoleInfo (RoleInfo.java:updateAndGet(143)) - 752ff8a1-e67a-435d-a9ca-9019089e4c30: start LeaderElection
2019-07-14 08:53:20,272 INFO  segmented.SegmentedRaftLogWorker (SegmentedRaftLogWorker.java:execute(569)) - f3ff9805-b314-43df-abba-f6febe10e2d0-SegmentedRaftLogWorker:Storage Directory /workdir/hadoop-ozone/integration-test/target/test-dir/MiniOzoneClusterImpl-2474cb1b-609a-4057-b253-62a746fc6dfe/datanode-4/data/ratis/0363fb7a-3be9-4156-bf5c-ba2d0e972037: created new log segment /workdir/hadoop-ozone/integration-test/target/test-dir/MiniOzoneClusterImpl-2474cb1b-609a-4057-b253-62a746fc6dfe/datanode-4/data/ratis/0363fb7a-3be9-4156-bf5c-ba2d0e972037/current/log_inprogress_0
2019-07-14 08:53:20,272 INFO  impl.LeaderElection (LeaderElection.java:askForVotes(181)) - 752ff8a1-e67a-435d-a9ca-9019089e4c30:group-1A0E0DC29AD5:LeaderElection4: begin an election at term 1 for -1: [752ff8a1-e67a-435d-a9ca-9019089e4c30:192.168.5.191:39034], old=null
2019-07-14 08:53:20,272 INFO  segmented.SegmentedRaftLogWorker (SegmentedRaftLogWorker.java:execute(569)) - 2fca86bb-bd0a-49a0-a3c2-c1282515b4f7-SegmentedRaftLogWorker:Storage Directory /workdir/hadoop-ozone/integration-test/target/test-dir/MiniOzoneClusterImpl-2474cb1b-609a-4057-b253-62a746fc6dfe/datanode-2/data/ratis/dcb4ec19-3772-4f98-b9db-6e1736bae905: created new log segment /workdir/hadoop-ozone/integration-test/target/test-dir/MiniOzoneClusterImpl-2474cb1b-609a-4057-b253-62a746fc6dfe/datanode-2/data/ratis/dcb4ec19-3772-4f98-b9db-6e1736bae905/current/log_inprogress_0
2019-07-14 08:53:20,272 INFO  segmented.SegmentedRaftLogWorker (SegmentedRaftLogWorker.java:execute(569)) - 0b1e4e1c-0e9e-4e8f-afc5-aa13ca5ca0fd-SegmentedRaftLogWorker:Storage Directory /workdir/hadoop-ozone/integration-test/target/test-dir/MiniOzoneClusterImpl-2474cb1b-609a-4057-b253-62a746fc6dfe/datanode-0/data/ratis/3c344eed-1608-4af8-b3b3-2f04d6588853: created new log segment /workdir/hadoop-ozone/integration-test/target/test-dir/MiniOzoneClusterImpl-2474cb1b-609a-4057-b253-62a746fc6dfe/datanode-0/data/ratis/3c344eed-1608-4af8-b3b3-2f04d6588853/current/log_inprogress_0
2019-07-14 08:53:20,274 INFO  impl.RoleInfo (RoleInfo.java:shutdownLeaderElection(134)) - 752ff8a1-e67a-435d-a9ca-9019089e4c30: shutdown LeaderElection
2019-07-14 08:53:20,276 INFO  impl.RaftServerImpl (RaftServerImpl.java:setRole(171)) - 752ff8a1-e67a-435d-a9ca-9019089e4c30:group-1A0E0DC29AD5 changes role from CANDIDATE to LEADER at term 1 for changeToLeader
2019-07-14 08:53:20,277 INFO  impl.RaftServerImpl (ServerState.java:setLeader(263)) - 752ff8a1-e67a-435d-a9ca-9019089e4c30:group-1A0E0DC29AD5 change Leader from null to 752ff8a1-e67a-435d-a9ca-9019089e4c30 at term 1 for becomeLeader, leader elected after 5125ms
2019-07-14 08:53:20,277 INFO  server.RaftServerConfigKeys (ConfUtils.java:logGet(43)) - raft.server.staging.catchup.gap = 1000 (default)
2019-07-14 08:53:20,277 INFO  server.RaftServerConfigKeys (ConfUtils.java:logGet(43)) - raft.server.rpc.sleep.time = 25ms (default)
2019-07-14 08:53:20,277 INFO  server.RaftServerConfigKeys (ConfUtils.java:logGet(43)) - raft.server.write.element-limit = 4096 (default)
2019-07-14 08:53:20,277 INFO  server.RaftServerConfigKeys (ConfUtils.java:logGet(43)) - raft.server.watch.timeout = 10s (default)
2019-07-14 08:53:20,278 INFO  server.RaftServerConfigKeys (ConfUtils.java:logGet(43)) - raft.server.watch.timeout.denomination = 1s (default)
2019-07-14 08:53:20,278 INFO  server.RaftServerConfigKeys (ConfUtils.java:logGet(43)) - raft.server.watch.element-limit = 65536 (default)
2019-07-14 08:53:20,278 INFO  impl.RoleInfo (RoleInfo.java:updateAndGet(143)) - 752ff8a1-e67a-435d-a9ca-9019089e4c30: start LeaderState
2019-07-14 08:53:20,278 INFO  segmented.SegmentedRaftLogWorker (SegmentedRaftLogWorker.java:startLogSegment(380)) - 752ff8a1-e67a-435d-a9ca-9019089e4c30-SegmentedRaftLogWorker:Storage Directory /workdir/hadoop-ozone/integration-test/target/test-dir/MiniOzoneClusterImpl-2474cb1b-609a-4057-b253-62a746fc6dfe/datanode-3/data/ratis/f84838e3-e88c-4387-a98b-1a0e0dc29ad5: Starting segment from index:0
2019-07-14 08:53:20,279 INFO  impl.RaftServerImpl (ServerState.java:setRaftConf(361)) - 752ff8a1-e67a-435d-a9ca-9019089e4c30:group-1A0E0DC29AD5 set configuration 0: [752ff8a1-e67a-435d-a9ca-9019089e4c30:192.168.5.191:39034], old=null at 0
2019-07-14 08:53:20,300 INFO  impl.FollowerState (FollowerState.java:run(106)) - 5dc9bfea-22b3-467b-8f81-6b2eb0614675:group-7EFC4CBACABD changes to CANDIDATE, lastRpcTime:5195, electionTimeout:5194ms
2019-07-14 08:53:20,301 INFO  segmented.SegmentedRaftLogWorker (SegmentedRaftLogWorker.java:execute(569)) - 752ff8a1-e67a-435d-a9ca-9019089e4c30-SegmentedRaftLogWorker:Storage Directory /workdir/hadoop-ozone/integration-test/target/test-dir/MiniOzoneClusterImpl-2474cb1b-609a-4057-b253-62a746fc6dfe/datanode-3/data/ratis/f84838e3-e88c-4387-a98b-1a0e0dc29ad5: created new log segment /workdir/hadoop-ozone/integration-test/target/test-dir/MiniOzoneClusterImpl-2474cb1b-609a-4057-b253-62a746fc6dfe/datanode-3/data/ratis/f84838e3-e88c-4387-a98b-1a0e0dc29ad5/current/log_inprogress_0
2019-07-14 08:53:20,301 INFO  impl.RoleInfo (RoleInfo.java:shutdownFollowerState(121)) - 5dc9bfea-22b3-467b-8f81-6b2eb0614675: shutdown FollowerState
2019-07-14 08:53:20,302 INFO  impl.RaftServerImpl (RaftServerImpl.java:setRole(171)) - 5dc9bfea-22b3-467b-8f81-6b2eb0614675:group-7EFC4CBACABD changes role from FOLLOWER to CANDIDATE at term 0 for changeToCandidate
2019-07-14 08:53:20,302 INFO  impl.RoleInfo (RoleInfo.java:updateAndGet(143)) - 5dc9bfea-22b3-467b-8f81-6b2eb0614675: start LeaderElection
2019-07-14 08:53:20,312 INFO  impl.LeaderElection (LeaderElection.java:askForVotes(181)) - 5dc9bfea-22b3-467b-8f81-6b2eb0614675:group-7EFC4CBACABD:LeaderElection5: begin an election at term 1 for -1: [5dc9bfea-22b3-467b-8f81-6b2eb0614675:192.168.5.191:40677], old=null
2019-07-14 08:53:20,314 INFO  impl.RoleInfo (RoleInfo.java:shutdownLeaderElection(134)) - 5dc9bfea-22b3-467b-8f81-6b2eb0614675: shutdown LeaderElection
2019-07-14 08:53:20,314 INFO  impl.RaftServerImpl (RaftServerImpl.java:setRole(171)) - 5dc9bfea-22b3-467b-8f81-6b2eb0614675:group-7EFC4CBACABD changes role from CANDIDATE to LEADER at term 1 for changeToLeader
2019-07-14 08:53:20,314 INFO  impl.RaftServerImpl (ServerState.java:setLeader(263)) - 5dc9bfea-22b3-467b-8f81-6b2eb0614675:group-7EFC4CBACABD change Leader from null to 5dc9bfea-22b3-467b-8f81-6b2eb0614675 at term 1 for becomeLeader, leader elected after 5216ms
2019-07-14 08:53:20,315 INFO  server.RaftServerConfigKeys (ConfUtils.java:logGet(43)) - raft.server.staging.catchup.gap = 1000 (default)
2019-07-14 08:53:20,315 INFO  server.RaftServerConfigKeys (ConfUtils.java:logGet(43)) - raft.server.rpc.sleep.time = 25ms (default)
2019-07-14 08:53:20,315 INFO  server.RaftServerConfigKeys (ConfUtils.java:logGet(43)) - raft.server.write.element-limit = 4096 (default)
2019-07-14 08:53:20,315 INFO  server.RaftServerConfigKeys (ConfUtils.java:logGet(43)) - raft.server.watch.timeout = 10s (default)
2019-07-14 08:53:20,315 INFO  server.RaftServerConfigKeys (ConfUtils.java:logGet(43)) - raft.server.watch.timeout.denomination = 1s (default)
2019-07-14 08:53:20,316 INFO  server.RaftServerConfigKeys (ConfUtils.java:logGet(43)) - raft.server.watch.element-limit = 65536 (default)
2019-07-14 08:53:20,316 INFO  impl.RoleInfo (RoleInfo.java:updateAndGet(143)) - 5dc9bfea-22b3-467b-8f81-6b2eb0614675: start LeaderState
2019-07-14 08:53:20,316 INFO  segmented.SegmentedRaftLogWorker (SegmentedRaftLogWorker.java:startLogSegment(380)) - 5dc9bfea-22b3-467b-8f81-6b2eb0614675-SegmentedRaftLogWorker:Storage Directory /workdir/hadoop-ozone/integration-test/target/test-dir/MiniOzoneClusterImpl-2474cb1b-609a-4057-b253-62a746fc6dfe/datanode-6/data/ratis/c4c7d88b-4929-494f-a4f4-7efc4cbacabd: Starting segment from index:0
2019-07-14 08:53:20,317 INFO  impl.RaftServerImpl (ServerState.java:setRaftConf(361)) - 5dc9bfea-22b3-467b-8f81-6b2eb0614675:group-7EFC4CBACABD set configuration 0: [5dc9bfea-22b3-467b-8f81-6b2eb0614675:192.168.5.191:40677], old=null at 0
2019-07-14 08:53:20,342 INFO  segmented.SegmentedRaftLogWorker (SegmentedRaftLogWorker.java:execute(569)) - 5dc9bfea-22b3-467b-8f81-6b2eb0614675-SegmentedRaftLogWorker:Storage Directory /workdir/hadoop-ozone/integration-test/target/test-dir/MiniOzoneClusterImpl-2474cb1b-609a-4057-b253-62a746fc6dfe/datanode-6/data/ratis/c4c7d88b-4929-494f-a4f4-7efc4cbacabd: created new log segment /workdir/hadoop-ozone/integration-test/target/test-dir/MiniOzoneClusterImpl-2474cb1b-609a-4057-b253-62a746fc6dfe/datanode-6/data/ratis/c4c7d88b-4929-494f-a4f4-7efc4cbacabd/current/log_inprogress_0
2019-07-14 08:53:20,377 INFO  impl.FollowerState (FollowerState.java:run(106)) - 47b5091c-c8b4-43d9-a484-1a0ef0e6a01f:group-5605B9F1EB73 changes to CANDIDATE, lastRpcTime:5112, electionTimeout:5112ms
2019-07-14 08:53:20,377 INFO  impl.RoleInfo (RoleInfo.java:shutdownFollowerState(121)) - 47b5091c-c8b4-43d9-a484-1a0ef0e6a01f: shutdown FollowerState
2019-07-14 08:53:20,377 INFO  impl.RaftServerImpl (RaftServerImpl.java:setRole(171)) - 47b5091c-c8b4-43d9-a484-1a0ef0e6a01f:group-5605B9F1EB73 changes role from FOLLOWER to CANDIDATE at term 0 for changeToCandidate
2019-07-14 08:53:20,377 INFO  impl.RoleInfo (RoleInfo.java:updateAndGet(143)) - 47b5091c-c8b4-43d9-a484-1a0ef0e6a01f: start LeaderElection
2019-07-14 08:53:20,389 INFO  impl.LeaderElection (LeaderElection.java:askForVotes(181)) - 47b5091c-c8b4-43d9-a484-1a0ef0e6a01f:group-5605B9F1EB73:LeaderElection6: begin an election at term 1 for -1: [47b5091c-c8b4-43d9-a484-1a0ef0e6a01f:192.168.5.191:35899], old=null
2019-07-14 08:53:20,397 INFO  impl.RoleInfo (RoleInfo.java:shutdownLeaderElection(134)) - 47b5091c-c8b4-43d9-a484-1a0ef0e6a01f: shutdown LeaderElection
2019-07-14 08:53:20,398 INFO  impl.RaftServerImpl (RaftServerImpl.java:setRole(171)) - 47b5091c-c8b4-43d9-a484-1a0ef0e6a01f:group-5605B9F1EB73 changes role from CANDIDATE to LEADER at term 1 for changeToLeader
2019-07-14 08:53:20,398 INFO  impl.RaftServerImpl (ServerState.java:setLeader(263)) - 47b5091c-c8b4-43d9-a484-1a0ef0e6a01f:group-5605B9F1EB73 change Leader from null to 47b5091c-c8b4-43d9-a484-1a0ef0e6a01f at term 1 for becomeLeader, leader elected after 5139ms
2019-07-14 08:53:20,400 INFO  server.RaftServerConfigKeys (ConfUtils.java:logGet(43)) - raft.server.staging.catchup.gap = 1000 (default)
2019-07-14 08:53:20,400 INFO  server.RaftServerConfigKeys (ConfUtils.java:logGet(43)) - raft.server.rpc.sleep.time = 25ms (default)
2019-07-14 08:53:20,400 INFO  server.RaftServerConfigKeys (ConfUtils.java:logGet(43)) - raft.server.write.element-limit = 4096 (default)
2019-07-14 08:53:20,401 INFO  server.RaftServerConfigKeys (ConfUtils.java:logGet(43)) - raft.server.watch.timeout = 10s (default)
2019-07-14 08:53:20,401 INFO  server.RaftServerConfigKeys (ConfUtils.java:logGet(43)) - raft.server.watch.timeout.denomination = 1s (default)
2019-07-14 08:53:20,401 INFO  server.RaftServerConfigKeys (ConfUtils.java:logGet(43)) - raft.server.watch.element-limit = 65536 (default)
2019-07-14 08:53:20,401 INFO  impl.RoleInfo (RoleInfo.java:updateAndGet(143)) - 47b5091c-c8b4-43d9-a484-1a0ef0e6a01f: start LeaderState
2019-07-14 08:53:20,402 INFO  segmented.SegmentedRaftLogWorker (SegmentedRaftLogWorker.java:startLogSegment(380)) - 47b5091c-c8b4-43d9-a484-1a0ef0e6a01f-SegmentedRaftLogWorker:Storage Directory /workdir/hadoop-ozone/integration-test/target/test-dir/MiniOzoneClusterImpl-2474cb1b-609a-4057-b253-62a746fc6dfe/datanode-1/data/ratis/169bb343-fe38-4d8b-a471-5605b9f1eb73: Starting segment from index:0
2019-07-14 08:53:20,402 INFO  impl.RaftServerImpl (ServerState.java:setRaftConf(361)) - 47b5091c-c8b4-43d9-a484-1a0ef0e6a01f:group-5605B9F1EB73 set configuration 0: [47b5091c-c8b4-43d9-a484-1a0ef0e6a01f:192.168.5.191:35899], old=null at 0
2019-07-14 08:53:20,423 INFO  impl.FollowerState (FollowerState.java:run(106)) - d7418a2d-7001-46da-99fb-86dd976ef755:group-BEB7EDF5EBEB changes to CANDIDATE, lastRpcTime:5108, electionTimeout:5100ms
2019-07-14 08:53:20,426 INFO  impl.RoleInfo (RoleInfo.java:shutdownFollowerState(121)) - d7418a2d-7001-46da-99fb-86dd976ef755: shutdown FollowerState
2019-07-14 08:53:20,426 INFO  impl.RaftServerImpl (RaftServerImpl.java:setRole(171)) - d7418a2d-7001-46da-99fb-86dd976ef755:group-BEB7EDF5EBEB changes role from FOLLOWER to CANDIDATE at term 0 for changeToCandidate
2019-07-14 08:53:20,426 INFO  impl.RoleInfo (RoleInfo.java:updateAndGet(143)) - d7418a2d-7001-46da-99fb-86dd976ef755: start LeaderElection
2019-07-14 08:53:20,433 INFO  segmented.SegmentedRaftLogWorker (SegmentedRaftLogWorker.java:execute(569)) - 47b5091c-c8b4-43d9-a484-1a0ef0e6a01f-SegmentedRaftLogWorker:Storage Directory /workdir/hadoop-ozone/integration-test/target/test-dir/MiniOzoneClusterImpl-2474cb1b-609a-4057-b253-62a746fc6dfe/datanode-1/data/ratis/169bb343-fe38-4d8b-a471-5605b9f1eb73: created new log segment /workdir/hadoop-ozone/integration-test/target/test-dir/MiniOzoneClusterImpl-2474cb1b-609a-4057-b253-62a746fc6dfe/datanode-1/data/ratis/169bb343-fe38-4d8b-a471-5605b9f1eb73/current/log_inprogress_0
2019-07-14 08:53:20,438 INFO  impl.LeaderElection (LeaderElection.java:askForVotes(181)) - d7418a2d-7001-46da-99fb-86dd976ef755:group-BEB7EDF5EBEB:LeaderElection7: begin an election at term 1 for -1: [d7418a2d-7001-46da-99fb-86dd976ef755:192.168.5.191:46202], old=null
2019-07-14 08:53:20,438 INFO  impl.RoleInfo (RoleInfo.java:shutdownLeaderElection(134)) - d7418a2d-7001-46da-99fb-86dd976ef755: shutdown LeaderElection
2019-07-14 08:53:20,438 INFO  impl.RaftServerImpl (RaftServerImpl.java:setRole(171)) - d7418a2d-7001-46da-99fb-86dd976ef755:group-BEB7EDF5EBEB changes role from CANDIDATE to LEADER at term 1 for changeToLeader
2019-07-14 08:53:20,438 INFO  impl.RaftServerImpl (ServerState.java:setLeader(263)) - d7418a2d-7001-46da-99fb-86dd976ef755:group-BEB7EDF5EBEB change Leader from null to d7418a2d-7001-46da-99fb-86dd976ef755 at term 1 for becomeLeader, leader elected after 5129ms
2019-07-14 08:53:20,440 INFO  server.RaftServerConfigKeys (ConfUtils.java:logGet(43)) - raft.server.staging.catchup.gap = 1000 (default)
2019-07-14 08:53:20,441 INFO  server.RaftServerConfigKeys (ConfUtils.java:logGet(43)) - raft.server.rpc.sleep.time = 25ms (default)
2019-07-14 08:53:20,441 INFO  server.RaftServerConfigKeys (ConfUtils.java:logGet(43)) - raft.server.write.element-limit = 4096 (default)
2019-07-14 08:53:20,441 INFO  server.RaftServerConfigKeys (ConfUtils.java:logGet(43)) - raft.server.watch.timeout = 10s (default)
2019-07-14 08:53:20,441 INFO  server.RaftServerConfigKeys (ConfUtils.java:logGet(43)) - raft.server.watch.timeout.denomination = 1s (default)
2019-07-14 08:53:20,441 INFO  server.RaftServerConfigKeys (ConfUtils.java:logGet(43)) - raft.server.watch.element-limit = 65536 (default)
2019-07-14 08:53:20,442 INFO  impl.RoleInfo (RoleInfo.java:updateAndGet(143)) - d7418a2d-7001-46da-99fb-86dd976ef755: start LeaderState
2019-07-14 08:53:20,442 INFO  segmented.SegmentedRaftLogWorker (SegmentedRaftLogWorker.java:startLogSegment(380)) - d7418a2d-7001-46da-99fb-86dd976ef755-SegmentedRaftLogWorker:Storage Directory /workdir/hadoop-ozone/integration-test/target/test-dir/MiniOzoneClusterImpl-2474cb1b-609a-4057-b253-62a746fc6dfe/datanode-5/data/ratis/c3255810-636a-49fb-95c6-beb7edf5ebeb: Starting segment from index:0
2019-07-14 08:53:20,443 INFO  impl.RaftServerImpl (ServerState.java:setRaftConf(361)) - d7418a2d-7001-46da-99fb-86dd976ef755:group-BEB7EDF5EBEB set configuration 0: [d7418a2d-7001-46da-99fb-86dd976ef755:192.168.5.191:46202], old=null at 0
2019-07-14 08:53:20,461 INFO  impl.FollowerState (FollowerState.java:run(106)) - 5dc9bfea-22b3-467b-8f81-6b2eb0614675:group-24E06536017F changes to CANDIDATE, lastRpcTime:5057, electionTimeout:5050ms
2019-07-14 08:53:20,463 INFO  impl.RoleInfo (RoleInfo.java:shutdownFollowerState(121)) - 5dc9bfea-22b3-467b-8f81-6b2eb0614675: shutdown FollowerState
2019-07-14 08:53:20,464 INFO  impl.RaftServerImpl (RaftServerImpl.java:setRole(171)) - 5dc9bfea-22b3-467b-8f81-6b2eb0614675:group-24E06536017F changes role from FOLLOWER to CANDIDATE at term 0 for changeToCandidate
2019-07-14 08:53:20,464 INFO  impl.RoleInfo (RoleInfo.java:updateAndGet(143)) - 5dc9bfea-22b3-467b-8f81-6b2eb0614675: start LeaderElection
2019-07-14 08:53:20,468 INFO  segmented.SegmentedRaftLogWorker (SegmentedRaftLogWorker.java:execute(569)) - d7418a2d-7001-46da-99fb-86dd976ef755-SegmentedRaftLogWorker:Storage Directory /workdir/hadoop-ozone/integration-test/target/test-dir/MiniOzoneClusterImpl-2474cb1b-609a-4057-b253-62a746fc6dfe/datanode-5/data/ratis/c3255810-636a-49fb-95c6-beb7edf5ebeb: created new log segment /workdir/hadoop-ozone/integration-test/target/test-dir/MiniOzoneClusterImpl-2474cb1b-609a-4057-b253-62a746fc6dfe/datanode-5/data/ratis/c3255810-636a-49fb-95c6-beb7edf5ebeb/current/log_inprogress_0
2019-07-14 08:53:20,472 INFO  impl.LeaderElection (LeaderElection.java:askForVotes(181)) - 5dc9bfea-22b3-467b-8f81-6b2eb0614675:group-24E06536017F:LeaderElection8: begin an election at term 1 for -1: [5dc9bfea-22b3-467b-8f81-6b2eb0614675:192.168.5.191:40677, 2fca86bb-bd0a-49a0-a3c2-c1282515b4f7:192.168.5.191:33594, 0b1e4e1c-0e9e-4e8f-afc5-aa13ca5ca0fd:192.168.5.191:33802], old=null
2019-07-14 08:53:20,497 INFO  impl.RaftServerImpl (RaftServerImpl.java:setRole(171)) - 2fca86bb-bd0a-49a0-a3c2-c1282515b4f7:group-24E06536017F changes role from FOLLOWER to FOLLOWER at term 1 for recognizeCandidate:5dc9bfea-22b3-467b-8f81-6b2eb0614675
2019-07-14 08:53:20,497 INFO  impl.RaftServerImpl (RaftServerImpl.java:setRole(171)) - 0b1e4e1c-0e9e-4e8f-afc5-aa13ca5ca0fd:group-24E06536017F changes role from FOLLOWER to FOLLOWER at term 1 for recognizeCandidate:5dc9bfea-22b3-467b-8f81-6b2eb0614675
2019-07-14 08:53:20,499 INFO  impl.RoleInfo (RoleInfo.java:shutdownFollowerState(121)) - 2fca86bb-bd0a-49a0-a3c2-c1282515b4f7: shutdown FollowerState
2019-07-14 08:53:20,499 INFO  impl.RoleInfo (RoleInfo.java:shutdownFollowerState(121)) - 0b1e4e1c-0e9e-4e8f-afc5-aa13ca5ca0fd: shutdown FollowerState
2019-07-14 08:53:20,500 INFO  impl.FollowerState (FollowerState.java:run(114)) - 2fca86bb-bd0a-49a0-a3c2-c1282515b4f7: FollowerState was interrupted: java.lang.InterruptedException: sleep interrupted
2019-07-14 08:53:20,500 INFO  impl.RoleInfo (RoleInfo.java:updateAndGet(143)) - 2fca86bb-bd0a-49a0-a3c2-c1282515b4f7: start FollowerState
2019-07-14 08:53:20,500 INFO  impl.FollowerState (FollowerState.java:run(114)) - 0b1e4e1c-0e9e-4e8f-afc5-aa13ca5ca0fd: FollowerState was interrupted: java.lang.InterruptedException: sleep interrupted
2019-07-14 08:53:20,500 INFO  impl.RoleInfo (RoleInfo.java:updateAndGet(143)) - 0b1e4e1c-0e9e-4e8f-afc5-aa13ca5ca0fd: start FollowerState
2019-07-14 08:53:20,542 INFO  impl.FollowerState (FollowerState.java:run(106)) - 752ff8a1-e67a-435d-a9ca-9019089e4c30:group-63F1C14C5639 changes to CANDIDATE, lastRpcTime:5020, electionTimeout:5019ms
2019-07-14 08:53:20,543 INFO  impl.RoleInfo (RoleInfo.java:shutdownFollowerState(121)) - 752ff8a1-e67a-435d-a9ca-9019089e4c30: shutdown FollowerState
2019-07-14 08:53:20,543 INFO  impl.RaftServerImpl (RaftServerImpl.java:setRole(171)) - 752ff8a1-e67a-435d-a9ca-9019089e4c30:group-63F1C14C5639 changes role from FOLLOWER to CANDIDATE at term 0 for changeToCandidate
2019-07-14 08:53:20,543 INFO  impl.RoleInfo (RoleInfo.java:updateAndGet(143)) - 752ff8a1-e67a-435d-a9ca-9019089e4c30: start LeaderElection
2019-07-14 08:53:20,552 INFO  impl.LeaderElection (LeaderElection.java:logAndReturn(56)) - 5dc9bfea-22b3-467b-8f81-6b2eb0614675:group-24E06536017F:LeaderElection8: Election PASSED; received 1 response(s) [5dc9bfea-22b3-467b-8f81-6b2eb0614675<-2fca86bb-bd0a-49a0-a3c2-c1282515b4f7#0:OK-t1] and 0 exception(s); 5dc9bfea-22b3-467b-8f81-6b2eb0614675:t1, leader=null, voted=5dc9bfea-22b3-467b-8f81-6b2eb0614675, raftlog=5dc9bfea-22b3-467b-8f81-6b2eb0614675-SegmentedRaftLog:OPENED:c-1,f-1,i0, conf=-1: [5dc9bfea-22b3-467b-8f81-6b2eb0614675:192.168.5.191:40677, 2fca86bb-bd0a-49a0-a3c2-c1282515b4f7:192.168.5.191:33594, 0b1e4e1c-0e9e-4e8f-afc5-aa13ca5ca0fd:192.168.5.191:33802], old=null
2019-07-14 08:53:20,552 INFO  impl.RoleInfo (RoleInfo.java:shutdownLeaderElection(134)) - 5dc9bfea-22b3-467b-8f81-6b2eb0614675: shutdown LeaderElection
2019-07-14 08:53:20,552 INFO  impl.RaftServerImpl (RaftServerImpl.java:setRole(171)) - 5dc9bfea-22b3-467b-8f81-6b2eb0614675:group-24E06536017F changes role from CANDIDATE to LEADER at term 1 for changeToLeader
2019-07-14 08:53:20,553 INFO  impl.RaftServerImpl (ServerState.java:setLeader(263)) - 5dc9bfea-22b3-467b-8f81-6b2eb0614675:group-24E06536017F change Leader from null to 5dc9bfea-22b3-467b-8f81-6b2eb0614675 at term 1 for becomeLeader, leader elected after 5160ms
2019-07-14 08:53:20,557 INFO  impl.LeaderElection (LeaderElection.java:askForVotes(181)) - 752ff8a1-e67a-435d-a9ca-9019089e4c30:group-63F1C14C5639:LeaderElection9: begin an election at term 1 for -1: [752ff8a1-e67a-435d-a9ca-9019089e4c30:192.168.5.191:39034, f3ff9805-b314-43df-abba-f6febe10e2d0:192.168.5.191:37002, 47b5091c-c8b4-43d9-a484-1a0ef0e6a01f:192.168.5.191:35899], old=null
2019-07-14 08:53:20,558 INFO  server.RaftServerConfigKeys (ConfUtils.java:logGet(43)) - raft.server.staging.catchup.gap = 1000 (default)
2019-07-14 08:53:20,559 INFO  server.RaftServerConfigKeys (ConfUtils.java:logGet(43)) - raft.server.rpc.sleep.time = 25ms (default)
2019-07-14 08:53:20,559 INFO  server.RaftServerConfigKeys (ConfUtils.java:logGet(43)) - raft.server.write.element-limit = 4096 (default)
2019-07-14 08:53:20,560 INFO  server.RaftServerConfigKeys (ConfUtils.java:logGet(43)) - raft.server.watch.timeout = 10s (default)
2019-07-14 08:53:20,560 INFO  server.RaftServerConfigKeys (ConfUtils.java:logGet(43)) - raft.server.watch.timeout.denomination = 1s (default)
2019-07-14 08:53:20,560 INFO  server.RaftServerConfigKeys (ConfUtils.java:logGet(43)) - raft.server.watch.element-limit = 65536 (default)
2019-07-14 08:53:20,586 INFO  server.RaftServerConfigKeys (ConfUtils.java:logGet(43)) - raft.server.log.appender.snapshot.chunk.size.max = 16MB (=16777216) (default)
2019-07-14 08:53:20,586 INFO  server.RaftServerConfigKeys (ConfUtils.java:logGet(43)) - raft.server.log.appender.buffer.byte-limit = 33554432 (custom)
2019-07-14 08:53:20,587 INFO  server.RaftServerConfigKeys (ConfUtils.java:logGet(43)) - raft.server.log.appender.buffer.element-limit = 1 (custom)
2019-07-14 08:53:20,599 INFO  impl.RaftServerImpl (RaftServerImpl.java:setRole(171)) - f3ff9805-b314-43df-abba-f6febe10e2d0:group-63F1C14C5639 changes role from FOLLOWER to FOLLOWER at term 1 for recognizeCandidate:752ff8a1-e67a-435d-a9ca-9019089e4c30
2019-07-14 08:53:20,599 INFO  impl.RaftServerImpl (RaftServerImpl.java:setRole(171)) - 47b5091c-c8b4-43d9-a484-1a0ef0e6a01f:group-63F1C14C5639 changes role from FOLLOWER to FOLLOWER at term 1 for recognizeCandidate:752ff8a1-e67a-435d-a9ca-9019089e4c30
2019-07-14 08:53:20,599 INFO  impl.RoleInfo (RoleInfo.java:shutdownFollowerState(121)) - f3ff9805-b314-43df-abba-f6febe10e2d0: shutdown FollowerState
2019-07-14 08:53:20,600 INFO  impl.RoleInfo (RoleInfo.java:shutdownFollowerState(121)) - 47b5091c-c8b4-43d9-a484-1a0ef0e6a01f: shutdown FollowerState
2019-07-14 08:53:20,600 INFO  impl.RoleInfo (RoleInfo.java:updateAndGet(143)) - f3ff9805-b314-43df-abba-f6febe10e2d0: start FollowerState
2019-07-14 08:53:20,600 INFO  impl.FollowerState (FollowerState.java:run(114)) - 47b5091c-c8b4-43d9-a484-1a0ef0e6a01f: FollowerState was interrupted: java.lang.InterruptedException: sleep interrupted
2019-07-14 08:53:20,600 INFO  impl.RoleInfo (RoleInfo.java:updateAndGet(143)) - 47b5091c-c8b4-43d9-a484-1a0ef0e6a01f: start FollowerState
2019-07-14 08:53:20,600 INFO  impl.FollowerState (FollowerState.java:run(114)) - f3ff9805-b314-43df-abba-f6febe10e2d0: FollowerState was interrupted: java.lang.InterruptedException: sleep interrupted
2019-07-14 08:53:20,605 INFO  grpc.GrpcConfigKeys$Server (ConfUtils.java:logGet(43)) - raft.grpc.server.leader.outstanding.appends.max = 128 (default)
2019-07-14 08:53:20,607 INFO  server.RaftServerConfigKeys (ConfUtils.java:logGet(43)) - raft.server.rpc.request.timeout = 3000ms (default)
2019-07-14 08:53:20,607 INFO  server.RaftServerConfigKeys (ConfUtils.java:logGet(43)) - raft.server.log.appender.install.snapshot.enabled = false (custom)
2019-07-14 08:53:20,608 INFO  server.RaftServerConfigKeys (ConfUtils.java:logGet(43)) - raft.server.log.appender.snapshot.chunk.size.max = 16MB (=16777216) (default)
2019-07-14 08:53:20,608 INFO  server.RaftServerConfigKeys (ConfUtils.java:logGet(43)) - raft.server.log.appender.buffer.byte-limit = 33554432 (custom)
2019-07-14 08:53:20,608 INFO  server.RaftServerConfigKeys (ConfUtils.java:logGet(43)) - raft.server.log.appender.buffer.element-limit = 1 (custom)
2019-07-14 08:53:20,608 INFO  grpc.GrpcConfigKeys$Server (ConfUtils.java:logGet(43)) - raft.grpc.server.leader.outstanding.appends.max = 128 (default)
2019-07-14 08:53:20,608 INFO  server.RaftServerConfigKeys (ConfUtils.java:logGet(43)) - raft.server.rpc.request.timeout = 3000ms (default)
2019-07-14 08:53:20,609 INFO  server.RaftServerConfigKeys (ConfUtils.java:logGet(43)) - raft.server.log.appender.install.snapshot.enabled = false (custom)
2019-07-14 08:53:20,611 INFO  impl.RoleInfo (RoleInfo.java:updateAndGet(143)) - 5dc9bfea-22b3-467b-8f81-6b2eb0614675: start LeaderState
2019-07-14 08:53:20,619 INFO  segmented.SegmentedRaftLogWorker (SegmentedRaftLogWorker.java:startLogSegment(380)) - 5dc9bfea-22b3-467b-8f81-6b2eb0614675-SegmentedRaftLogWorker:Storage Directory /workdir/hadoop-ozone/integration-test/target/test-dir/MiniOzoneClusterImpl-2474cb1b-609a-4057-b253-62a746fc6dfe/datanode-6/data/ratis/a7ad66b1-81fa-4e32-bc13-24e06536017f: Starting segment from index:0
2019-07-14 08:53:20,619 INFO  impl.LeaderElection (LeaderElection.java:logAndReturn(56)) - 752ff8a1-e67a-435d-a9ca-9019089e4c30:group-63F1C14C5639:LeaderElection9: Election PASSED; received 1 response(s) [752ff8a1-e67a-435d-a9ca-9019089e4c30<-47b5091c-c8b4-43d9-a484-1a0ef0e6a01f#0:OK-t1] and 0 exception(s); 752ff8a1-e67a-435d-a9ca-9019089e4c30:t1, leader=null, voted=752ff8a1-e67a-435d-a9ca-9019089e4c30, raftlog=752ff8a1-e67a-435d-a9ca-9019089e4c30-SegmentedRaftLog:OPENED:c-1,f-1,i0, conf=-1: [752ff8a1-e67a-435d-a9ca-9019089e4c30:192.168.5.191:39034, f3ff9805-b314-43df-abba-f6febe10e2d0:192.168.5.191:37002, 47b5091c-c8b4-43d9-a484-1a0ef0e6a01f:192.168.5.191:35899], old=null
2019-07-14 08:53:20,620 INFO  impl.RoleInfo (RoleInfo.java:shutdownLeaderElection(134)) - 752ff8a1-e67a-435d-a9ca-9019089e4c30: shutdown LeaderElection
2019-07-14 08:53:20,620 INFO  impl.RaftServerImpl (RaftServerImpl.java:setRole(171)) - 752ff8a1-e67a-435d-a9ca-9019089e4c30:group-63F1C14C5639 changes role from CANDIDATE to LEADER at term 1 for changeToLeader
2019-07-14 08:53:20,620 INFO  impl.RaftServerImpl (ServerState.java:setLeader(263)) - 752ff8a1-e67a-435d-a9ca-9019089e4c30:group-63F1C14C5639 change Leader from null to 752ff8a1-e67a-435d-a9ca-9019089e4c30 at term 1 for becomeLeader, leader elected after 5113ms
2019-07-14 08:53:20,620 INFO  server.RaftServerConfigKeys (ConfUtils.java:logGet(43)) - raft.server.staging.catchup.gap = 1000 (default)
2019-07-14 08:53:20,621 INFO  server.RaftServerConfigKeys (ConfUtils.java:logGet(43)) - raft.server.rpc.sleep.time = 25ms (default)
2019-07-14 08:53:20,621 INFO  server.RaftServerConfigKeys (ConfUtils.java:logGet(43)) - raft.server.write.element-limit = 4096 (default)
2019-07-14 08:53:20,640 INFO  server.RaftServerConfigKeys (ConfUtils.java:logGet(43)) - raft.server.watch.timeout = 10s (default)
2019-07-14 08:53:20,640 INFO  impl.RaftServerImpl (ServerState.java:setRaftConf(361)) - 5dc9bfea-22b3-467b-8f81-6b2eb0614675:group-24E06536017F set configuration 0: [5dc9bfea-22b3-467b-8f81-6b2eb0614675:192.168.5.191:40677, 2fca86bb-bd0a-49a0-a3c2-c1282515b4f7:192.168.5.191:33594, 0b1e4e1c-0e9e-4e8f-afc5-aa13ca5ca0fd:192.168.5.191:33802], old=null at 0
2019-07-14 08:53:20,641 INFO  server.RaftServerConfigKeys (ConfUtils.java:logGet(43)) - raft.server.watch.timeout.denomination = 1s (default)
2019-07-14 08:53:20,645 INFO  server.RaftServerConfigKeys (ConfUtils.java:logGet(43)) - raft.server.watch.element-limit = 65536 (default)
2019-07-14 08:53:20,645 INFO  server.RaftServerConfigKeys (ConfUtils.java:logGet(43)) - raft.server.log.appender.snapshot.chunk.size.max = 16MB (=16777216) (default)
2019-07-14 08:53:20,645 INFO  server.RaftServerConfigKeys (ConfUtils.java:logGet(43)) - raft.server.log.appender.buffer.byte-limit = 33554432 (custom)
2019-07-14 08:53:20,645 INFO  segmented.SegmentedRaftLogWorker (SegmentedRaftLogWorker.java:execute(569)) - 5dc9bfea-22b3-467b-8f81-6b2eb0614675-SegmentedRaftLogWorker:Storage Directory /workdir/hadoop-ozone/integration-test/target/test-dir/MiniOzoneClusterImpl-2474cb1b-609a-4057-b253-62a746fc6dfe/datanode-6/data/ratis/a7ad66b1-81fa-4e32-bc13-24e06536017f: created new log segment /workdir/hadoop-ozone/integration-test/target/test-dir/MiniOzoneClusterImpl-2474cb1b-609a-4057-b253-62a746fc6dfe/datanode-6/data/ratis/a7ad66b1-81fa-4e32-bc13-24e06536017f/current/log_inprogress_0
2019-07-14 08:53:20,645 INFO  server.RaftServerConfigKeys (ConfUtils.java:logGet(43)) - raft.server.log.appender.buffer.element-limit = 1 (custom)
2019-07-14 08:53:20,646 INFO  grpc.GrpcConfigKeys$Server (ConfUtils.java:logGet(43)) - raft.grpc.server.leader.outstanding.appends.max = 128 (default)
2019-07-14 08:53:20,646 INFO  server.RaftServerConfigKeys (ConfUtils.java:logGet(43)) - raft.server.rpc.request.timeout = 3000ms (default)
2019-07-14 08:53:20,646 INFO  server.RaftServerConfigKeys (ConfUtils.java:logGet(43)) - raft.server.log.appender.install.snapshot.enabled = false (custom)
2019-07-14 08:53:20,646 INFO  server.RaftServerConfigKeys (ConfUtils.java:logGet(43)) - raft.server.log.appender.snapshot.chunk.size.max = 16MB (=16777216) (default)
2019-07-14 08:53:20,647 INFO  server.RaftServerConfigKeys (ConfUtils.java:logGet(43)) - raft.server.log.appender.buffer.byte-limit = 33554432 (custom)
2019-07-14 08:53:20,647 INFO  server.RaftServerConfigKeys (ConfUtils.java:logGet(43)) - raft.server.log.appender.buffer.element-limit = 1 (custom)
2019-07-14 08:53:20,649 INFO  grpc.GrpcConfigKeys$Server (ConfUtils.java:logGet(43)) - raft.grpc.server.leader.outstanding.appends.max = 128 (default)
2019-07-14 08:53:20,649 INFO  server.RaftServerConfigKeys (ConfUtils.java:logGet(43)) - raft.server.rpc.request.timeout = 3000ms (default)
2019-07-14 08:53:20,651 INFO  server.RaftServerConfigKeys (ConfUtils.java:logGet(43)) - raft.server.log.appender.install.snapshot.enabled = false (custom)
2019-07-14 08:53:20,651 INFO  impl.RoleInfo (RoleInfo.java:updateAndGet(143)) - 752ff8a1-e67a-435d-a9ca-9019089e4c30: start LeaderState
2019-07-14 08:53:20,652 INFO  segmented.SegmentedRaftLogWorker (SegmentedRaftLogWorker.java:startLogSegment(380)) - 752ff8a1-e67a-435d-a9ca-9019089e4c30-SegmentedRaftLogWorker:Storage Directory /workdir/hadoop-ozone/integration-test/target/test-dir/MiniOzoneClusterImpl-2474cb1b-609a-4057-b253-62a746fc6dfe/datanode-3/data/ratis/d9730693-73cd-43ca-a306-63f1c14c5639: Starting segment from index:0
2019-07-14 08:53:20,653 INFO  impl.RaftServerImpl (ServerState.java:setRaftConf(361)) - 752ff8a1-e67a-435d-a9ca-9019089e4c30:group-63F1C14C5639 set configuration 0: [752ff8a1-e67a-435d-a9ca-9019089e4c30:192.168.5.191:39034, f3ff9805-b314-43df-abba-f6febe10e2d0:192.168.5.191:37002, 47b5091c-c8b4-43d9-a484-1a0ef0e6a01f:192.168.5.191:35899], old=null at 0
2019-07-14 08:53:20,677 INFO  segmented.SegmentedRaftLogWorker (SegmentedRaftLogWorker.java:execute(569)) - 752ff8a1-e67a-435d-a9ca-9019089e4c30-SegmentedRaftLogWorker:Storage Directory /workdir/hadoop-ozone/integration-test/target/test-dir/MiniOzoneClusterImpl-2474cb1b-609a-4057-b253-62a746fc6dfe/datanode-3/data/ratis/d9730693-73cd-43ca-a306-63f1c14c5639: created new log segment /workdir/hadoop-ozone/integration-test/target/test-dir/MiniOzoneClusterImpl-2474cb1b-609a-4057-b253-62a746fc6dfe/datanode-3/data/ratis/d9730693-73cd-43ca-a306-63f1c14c5639/current/log_inprogress_0
2019-07-14 08:53:20,699 INFO  impl.RaftServerImpl (ServerState.java:setLeader(263)) - 47b5091c-c8b4-43d9-a484-1a0ef0e6a01f:group-63F1C14C5639 change Leader from null to 752ff8a1-e67a-435d-a9ca-9019089e4c30 at term 1 for appendEntries, leader elected after 5192ms
2019-07-14 08:53:20,699 INFO  impl.RaftServerImpl (ServerState.java:setLeader(263)) - 0b1e4e1c-0e9e-4e8f-afc5-aa13ca5ca0fd:group-24E06536017F change Leader from null to 5dc9bfea-22b3-467b-8f81-6b2eb0614675 at term 1 for appendEntries, leader elected after 5307ms
2019-07-14 08:53:20,699 INFO  impl.RaftServerImpl (ServerState.java:setLeader(263)) - 2fca86bb-bd0a-49a0-a3c2-c1282515b4f7:group-24E06536017F change Leader from null to 5dc9bfea-22b3-467b-8f81-6b2eb0614675 at term 1 for appendEntries, leader elected after 5306ms
2019-07-14 08:53:20,699 INFO  impl.RaftServerImpl (ServerState.java:setLeader(263)) - f3ff9805-b314-43df-abba-f6febe10e2d0:group-63F1C14C5639 change Leader from null to 752ff8a1-e67a-435d-a9ca-9019089e4c30 at term 1 for appendEntries, leader elected after 5192ms
2019-07-14 08:53:20,737 INFO  impl.RaftServerImpl (ServerState.java:setRaftConf(361)) - f3ff9805-b314-43df-abba-f6febe10e2d0:group-63F1C14C5639 set configuration 0: [752ff8a1-e67a-435d-a9ca-9019089e4c30:192.168.5.191:39034, f3ff9805-b314-43df-abba-f6febe10e2d0:192.168.5.191:37002, 47b5091c-c8b4-43d9-a484-1a0ef0e6a01f:192.168.5.191:35899], old=null at 0
2019-07-14 08:53:20,737 INFO  impl.RaftServerImpl (ServerState.java:setRaftConf(361)) - 0b1e4e1c-0e9e-4e8f-afc5-aa13ca5ca0fd:group-24E06536017F set configuration 0: [5dc9bfea-22b3-467b-8f81-6b2eb0614675:192.168.5.191:40677, 2fca86bb-bd0a-49a0-a3c2-c1282515b4f7:192.168.5.191:33594, 0b1e4e1c-0e9e-4e8f-afc5-aa13ca5ca0fd:192.168.5.191:33802], old=null at 0
2019-07-14 08:53:20,737 INFO  segmented.SegmentedRaftLogWorker (SegmentedRaftLogWorker.java:startLogSegment(380)) - f3ff9805-b314-43df-abba-f6febe10e2d0-SegmentedRaftLogWorker:Storage Directory /workdir/hadoop-ozone/integration-test/target/test-dir/MiniOzoneClusterImpl-2474cb1b-609a-4057-b253-62a746fc6dfe/datanode-4/data/ratis/d9730693-73cd-43ca-a306-63f1c14c5639: Starting segment from index:0
2019-07-14 08:53:20,737 INFO  impl.RaftServerImpl (ServerState.java:setRaftConf(361)) - 2fca86bb-bd0a-49a0-a3c2-c1282515b4f7:group-24E06536017F set configuration 0: [5dc9bfea-22b3-467b-8f81-6b2eb0614675:192.168.5.191:40677, 2fca86bb-bd0a-49a0-a3c2-c1282515b4f7:192.168.5.191:33594, 0b1e4e1c-0e9e-4e8f-afc5-aa13ca5ca0fd:192.168.5.191:33802], old=null at 0
2019-07-14 08:53:20,737 INFO  impl.RaftServerImpl (ServerState.java:setRaftConf(361)) - 47b5091c-c8b4-43d9-a484-1a0ef0e6a01f:group-63F1C14C5639 set configuration 0: [752ff8a1-e67a-435d-a9ca-9019089e4c30:192.168.5.191:39034, f3ff9805-b314-43df-abba-f6febe10e2d0:192.168.5.191:37002, 47b5091c-c8b4-43d9-a484-1a0ef0e6a01f:192.168.5.191:35899], old=null at 0
2019-07-14 08:53:20,738 INFO  segmented.SegmentedRaftLogWorker (SegmentedRaftLogWorker.java:startLogSegment(380)) - 2fca86bb-bd0a-49a0-a3c2-c1282515b4f7-SegmentedRaftLogWorker:Storage Directory /workdir/hadoop-ozone/integration-test/target/test-dir/MiniOzoneClusterImpl-2474cb1b-609a-4057-b253-62a746fc6dfe/datanode-2/data/ratis/a7ad66b1-81fa-4e32-bc13-24e06536017f: Starting segment from index:0
2019-07-14 08:53:20,737 INFO  segmented.SegmentedRaftLogWorker (SegmentedRaftLogWorker.java:startLogSegment(380)) - 0b1e4e1c-0e9e-4e8f-afc5-aa13ca5ca0fd-SegmentedRaftLogWorker:Storage Directory /workdir/hadoop-ozone/integration-test/target/test-dir/MiniOzoneClusterImpl-2474cb1b-609a-4057-b253-62a746fc6dfe/datanode-0/data/ratis/a7ad66b1-81fa-4e32-bc13-24e06536017f: Starting segment from index:0
2019-07-14 08:53:20,738 INFO  segmented.SegmentedRaftLogWorker (SegmentedRaftLogWorker.java:startLogSegment(380)) - 47b5091c-c8b4-43d9-a484-1a0ef0e6a01f-SegmentedRaftLogWorker:Storage Directory /workdir/hadoop-ozone/integration-test/target/test-dir/MiniOzoneClusterImpl-2474cb1b-609a-4057-b253-62a746fc6dfe/datanode-1/data/ratis/d9730693-73cd-43ca-a306-63f1c14c5639: Starting segment from index:0
2019-07-14 08:53:20,757 INFO  segmented.SegmentedRaftLogWorker (SegmentedRaftLogWorker.java:execute(569)) - f3ff9805-b314-43df-abba-f6febe10e2d0-SegmentedRaftLogWorker:Storage Directory /workdir/hadoop-ozone/integration-test/target/test-dir/MiniOzoneClusterImpl-2474cb1b-609a-4057-b253-62a746fc6dfe/datanode-4/data/ratis/d9730693-73cd-43ca-a306-63f1c14c5639: created new log segment /workdir/hadoop-ozone/integration-test/target/test-dir/MiniOzoneClusterImpl-2474cb1b-609a-4057-b253-62a746fc6dfe/datanode-4/data/ratis/d9730693-73cd-43ca-a306-63f1c14c5639/current/log_inprogress_0
2019-07-14 08:53:20,757 INFO  segmented.SegmentedRaftLogWorker (SegmentedRaftLogWorker.java:execute(569)) - 2fca86bb-bd0a-49a0-a3c2-c1282515b4f7-SegmentedRaftLogWorker:Storage Directory /workdir/hadoop-ozone/integration-test/target/test-dir/MiniOzoneClusterImpl-2474cb1b-609a-4057-b253-62a746fc6dfe/datanode-2/data/ratis/a7ad66b1-81fa-4e32-bc13-24e06536017f: created new log segment /workdir/hadoop-ozone/integration-test/target/test-dir/MiniOzoneClusterImpl-2474cb1b-609a-4057-b253-62a746fc6dfe/datanode-2/data/ratis/a7ad66b1-81fa-4e32-bc13-24e06536017f/current/log_inprogress_0
2019-07-14 08:53:20,757 INFO  segmented.SegmentedRaftLogWorker (SegmentedRaftLogWorker.java:execute(569)) - 0b1e4e1c-0e9e-4e8f-afc5-aa13ca5ca0fd-SegmentedRaftLogWorker:Storage Directory /workdir/hadoop-ozone/integration-test/target/test-dir/MiniOzoneClusterImpl-2474cb1b-609a-4057-b253-62a746fc6dfe/datanode-0/data/ratis/a7ad66b1-81fa-4e32-bc13-24e06536017f: created new log segment /workdir/hadoop-ozone/integration-test/target/test-dir/MiniOzoneClusterImpl-2474cb1b-609a-4057-b253-62a746fc6dfe/datanode-0/data/ratis/a7ad66b1-81fa-4e32-bc13-24e06536017f/current/log_inprogress_0
2019-07-14 08:53:20,761 INFO  segmented.SegmentedRaftLogWorker (SegmentedRaftLogWorker.java:execute(569)) - 47b5091c-c8b4-43d9-a484-1a0ef0e6a01f-SegmentedRaftLogWorker:Storage Directory /workdir/hadoop-ozone/integration-test/target/test-dir/MiniOzoneClusterImpl-2474cb1b-609a-4057-b253-62a746fc6dfe/datanode-1/data/ratis/d9730693-73cd-43ca-a306-63f1c14c5639: created new log segment /workdir/hadoop-ozone/integration-test/target/test-dir/MiniOzoneClusterImpl-2474cb1b-609a-4057-b253-62a746fc6dfe/datanode-1/data/ratis/d9730693-73cd-43ca-a306-63f1c14c5639/current/log_inprogress_0
2019-07-14 08:53:20,838 INFO  client.GrpcClientProtocolClient (GrpcClientProtocolClient.java:onNext(255)) - client-A8B87C4E83BF->2fca86bb-bd0a-49a0-a3c2-c1282515b4f7: receive RaftClientReply:client-A8B87C4E83BF->2fca86bb-bd0a-49a0-a3c2-c1282515b4f7@group-24E06536017F, cid=13, FAILED org.apache.ratis.protocol.NotLeaderException: Server 2fca86bb-bd0a-49a0-a3c2-c1282515b4f7 is not the leader (5dc9bfea-22b3-467b-8f81-6b2eb0614675:192.168.5.191:40677). Request must be sent to leader., logIndex=0, commits[2fca86bb-bd0a-49a0-a3c2-c1282515b4f7:c0, 5dc9bfea-22b3-467b-8f81-6b2eb0614675:c0, 0b1e4e1c-0e9e-4e8f-afc5-aa13ca5ca0fd:c-1]
2019-07-14 08:53:21,049 INFO  client.GrpcClientProtocolClient (GrpcClientProtocolClient.java:onNext(255)) - client-A8B87C4E83BF->5dc9bfea-22b3-467b-8f81-6b2eb0614675: receive RaftClientReply:client-A8B87C4E83BF->5dc9bfea-22b3-467b-8f81-6b2eb0614675@group-24E06536017F, cid=13, SUCCESS, logIndex=1, commits[5dc9bfea-22b3-467b-8f81-6b2eb0614675:c1, 2fca86bb-bd0a-49a0-a3c2-c1282515b4f7:c0, 0b1e4e1c-0e9e-4e8f-afc5-aa13ca5ca0fd:c0]
2019-07-14 08:53:21,083 INFO  client.GrpcClientProtocolClient (GrpcClientProtocolClient.java:onNext(255)) - client-A8B87C4E83BF->5dc9bfea-22b3-467b-8f81-6b2eb0614675: receive RaftClientReply:client-A8B87C4E83BF->5dc9bfea-22b3-467b-8f81-6b2eb0614675@group-24E06536017F, cid=14, SUCCESS, logIndex=3, commits[5dc9bfea-22b3-467b-8f81-6b2eb0614675:c3, 2fca86bb-bd0a-49a0-a3c2-c1282515b4f7:c2, 0b1e4e1c-0e9e-4e8f-afc5-aa13ca5ca0fd:c2]
2019-07-14 08:53:21,153 INFO  client.GrpcClientProtocolClient (GrpcClientProtocolClient.java:onNext(255)) - client-A8B87C4E83BF->5dc9bfea-22b3-467b-8f81-6b2eb0614675: receive RaftClientReply:client-A8B87C4E83BF->5dc9bfea-22b3-467b-8f81-6b2eb0614675@group-24E06536017F, cid=15, SUCCESS, logIndex=5, commits[5dc9bfea-22b3-467b-8f81-6b2eb0614675:c12, 2fca86bb-bd0a-49a0-a3c2-c1282515b4f7:c8, 0b1e4e1c-0e9e-4e8f-afc5-aa13ca5ca0fd:c8]
2019-07-14 08:53:21,170 INFO  client.GrpcClientProtocolClient (GrpcClientProtocolClient.java:onNext(255)) - client-A8B87C4E83BF->5dc9bfea-22b3-467b-8f81-6b2eb0614675: receive RaftClientReply:client-A8B87C4E83BF->5dc9bfea-22b3-467b-8f81-6b2eb0614675@group-24E06536017F, cid=16, SUCCESS, logIndex=6, commits[5dc9bfea-22b3-467b-8f81-6b2eb0614675:c12, 2fca86bb-bd0a-49a0-a3c2-c1282515b4f7:c8, 0b1e4e1c-0e9e-4e8f-afc5-aa13ca5ca0fd:c8]
2019-07-14 08:53:21,171 INFO  client.GrpcClientProtocolClient (GrpcClientProtocolClient.java:onNext(255)) - client-A8B87C4E83BF->5dc9bfea-22b3-467b-8f81-6b2eb0614675: receive RaftClientReply:client-A8B87C4E83BF->5dc9bfea-22b3-467b-8f81-6b2eb0614675@group-24E06536017F, cid=17, SUCCESS, logIndex=7, commits[5dc9bfea-22b3-467b-8f81-6b2eb0614675:c12, 2fca86bb-bd0a-49a0-a3c2-c1282515b4f7:c8, 0b1e4e1c-0e9e-4e8f-afc5-aa13ca5ca0fd:c8]
2019-07-14 08:53:21,222 INFO  client.GrpcClientProtocolClient (GrpcClientProtocolClient.java:onNext(255)) - client-A8B87C4E83BF->5dc9bfea-22b3-467b-8f81-6b2eb0614675: receive RaftClientReply:client-A8B87C4E83BF->5dc9bfea-22b3-467b-8f81-6b2eb0614675@group-24E06536017F, cid=18, SUCCESS, logIndex=8, commits[5dc9bfea-22b3-467b-8f81-6b2eb0614675:c12, 2fca86bb-bd0a-49a0-a3c2-c1282515b4f7:c8, 0b1e4e1c-0e9e-4e8f-afc5-aa13ca5ca0fd:c8]
2019-07-14 08:53:21,229 INFO  pipeline.SCMPipelineManager (SCMPipelineManager.java:finalizeAndDestroyPipeline(309)) - destroying pipeline:Pipeline[ Id: a7ad66b1-81fa-4e32-bc13-24e06536017f, Nodes: 5dc9bfea-22b3-467b-8f81-6b2eb0614675{ip: 192.168.5.191, host: trunk-nightly-5z2vd-27108033, networkLocation: /default-rack, certSerialId: null}2fca86bb-bd0a-49a0-a3c2-c1282515b4f7{ip: 192.168.5.191, host: trunk-nightly-5z2vd-27108033, networkLocation: /default-rack, certSerialId: null}0b1e4e1c-0e9e-4e8f-afc5-aa13ca5ca0fd{ip: 192.168.5.191, host: trunk-nightly-5z2vd-27108033, networkLocation: /default-rack, certSerialId: null}, Type:RATIS, Factor:THREE, State:OPEN]
2019-07-14 08:53:21,230 INFO  pipeline.PipelineStateManager (PipelineStateManager.java:finalizePipeline(123)) - Pipeline Pipeline[ Id: a7ad66b1-81fa-4e32-bc13-24e06536017f, Nodes: 5dc9bfea-22b3-467b-8f81-6b2eb0614675{ip: 192.168.5.191, host: trunk-nightly-5z2vd-27108033, networkLocation: /default-rack, certSerialId: null}2fca86bb-bd0a-49a0-a3c2-c1282515b4f7{ip: 192.168.5.191, host: trunk-nightly-5z2vd-27108033, networkLocation: /default-rack, certSerialId: null}0b1e4e1c-0e9e-4e8f-afc5-aa13ca5ca0fd{ip: 192.168.5.191, host: trunk-nightly-5z2vd-27108033, networkLocation: /default-rack, certSerialId: null}, Type:RATIS, Factor:THREE, State:CLOSED] moved to CLOSED state
2019-07-14 08:53:21,231 INFO  container.CloseContainerEventHandler (CloseContainerEventHandler.java:onMessage(61)) - Close container Event triggered for container : #1
2019-07-14 08:53:21,252 INFO  impl.RaftServerProxy (RaftServerProxy.java:remove(95)) - 5dc9bfea-22b3-467b-8f81-6b2eb0614675: remove   LEADER group-24E06536017F 5dc9bfea-22b3-467b-8f81-6b2eb0614675:t1, leader=5dc9bfea-22b3-467b-8f81-6b2eb0614675, voted=5dc9bfea-22b3-467b-8f81-6b2eb0614675, raftlog=5dc9bfea-22b3-467b-8f81-6b2eb0614675-SegmentedRaftLog:OPENED:c12,f12,i12, conf=0: [5dc9bfea-22b3-467b-8f81-6b2eb0614675:192.168.5.191:40677, 2fca86bb-bd0a-49a0-a3c2-c1282515b4f7:192.168.5.191:33594, 0b1e4e1c-0e9e-4e8f-afc5-aa13ca5ca0fd:192.168.5.191:33802], old=null RUNNING
2019-07-14 08:53:21,257 INFO  impl.RaftServerImpl (RaftServerImpl.java:lambda$shutdown$3(245)) - 5dc9bfea-22b3-467b-8f81-6b2eb0614675: shutdown group-24E06536017F
2019-07-14 08:53:21,257 INFO  util.JmxRegister (JmxRegister.java:unregister(73)) - Successfully un-registered JMX Bean with object name Ratis:service=RaftServer,group=group-24E06536017F,id=5dc9bfea-22b3-467b-8f81-6b2eb0614675
2019-07-14 08:53:21,257 INFO  impl.RoleInfo (RoleInfo.java:shutdownLeaderState(104)) - 5dc9bfea-22b3-467b-8f81-6b2eb0614675: shutdown LeaderState
2019-07-14 08:53:21,261 INFO  impl.PendingRequests (PendingRequests.java:sendNotLeaderResponses(202)) - 5dc9bfea-22b3-467b-8f81-6b2eb0614675-PendingRequests: sendNotLeaderResponses
2019-07-14 08:53:21,261 WARN  server.GrpcLogAppender (GrpcLogAppender.java:mayWait(143)) - GrpcLogAppender(5dc9bfea-22b3-467b-8f81-6b2eb0614675->2fca86bb-bd0a-49a0-a3c2-c1282515b4f7): Wait interrupted by java.lang.InterruptedException
2019-07-14 08:53:21,261 WARN  server.GrpcLogAppender (GrpcLogAppender.java:mayWait(143)) - GrpcLogAppender(5dc9bfea-22b3-467b-8f81-6b2eb0614675->0b1e4e1c-0e9e-4e8f-afc5-aa13ca5ca0fd): Wait interrupted by java.lang.InterruptedException
2019-07-14 08:53:21,268 INFO  server.GrpcServerProtocolService (GrpcServerProtocolService.java:onCompleted(104)) - 2fca86bb-bd0a-49a0-a3c2-c1282515b4f7: appendEntries completed
2019-07-14 08:53:21,268 INFO  server.GrpcServerProtocolService (GrpcServerProtocolService.java:onCompleted(104)) - 0b1e4e1c-0e9e-4e8f-afc5-aa13ca5ca0fd: appendEntries completed
2019-07-14 08:53:21,280 INFO  server.GrpcLogAppender (GrpcLogAppender.java:onCompleted(292)) - 5dc9bfea-22b3-467b-8f81-6b2eb0614675->0b1e4e1c-0e9e-4e8f-afc5-aa13ca5ca0fd: follower responses appendEntries COMPLETED
2019-07-14 08:53:21,280 INFO  server.GrpcLogAppender (GrpcLogAppender.java:onCompleted(292)) - 5dc9bfea-22b3-467b-8f81-6b2eb0614675->2fca86bb-bd0a-49a0-a3c2-c1282515b4f7: follower responses appendEntries COMPLETED
2019-07-14 08:53:21,285 INFO  impl.FollowerInfo (FollowerInfo.java:lambda$new$0(50)) - 5dc9bfea-22b3-467b-8f81-6b2eb0614675->2fca86bb-bd0a-49a0-a3c2-c1282515b4f7: nextIndex: updateUnconditionally 13 -> 12
2019-07-14 08:53:21,285 INFO  impl.FollowerInfo (FollowerInfo.java:lambda$new$0(50)) - 5dc9bfea-22b3-467b-8f81-6b2eb0614675->0b1e4e1c-0e9e-4e8f-afc5-aa13ca5ca0fd: nextIndex: updateUnconditionally 13 -> 12
2019-07-14 08:53:21,291 INFO  impl.StateMachineUpdater (StateMachineUpdater.java:stopAndJoin(115)) - StateMachineUpdater:5dc9bfea-22b3-467b-8f81-6b2eb0614675:group-24E06536017F: set stopIndex = 12
2019-07-14 08:53:21,291 INFO  ratis.ContainerStateMachine (ContainerStateMachine.java:takeSnapshot(249)) - group-24E06536017F: Taking a snapshot at:(t:1, i:12) file /workdir/hadoop-ozone/integration-test/target/test-dir/MiniOzoneClusterImpl-2474cb1b-609a-4057-b253-62a746fc6dfe/datanode-6/data/ratis/a7ad66b1-81fa-4e32-bc13-24e06536017f/sm/snapshot.1_12
2019-07-14 08:53:21,307 INFO  ratis.ContainerStateMachine (ContainerStateMachine.java:takeSnapshot(257)) - group-24E06536017F: Finished taking a snapshot at:(t:1, i:12) file:/workdir/hadoop-ozone/integration-test/target/test-dir/MiniOzoneClusterImpl-2474cb1b-609a-4057-b253-62a746fc6dfe/datanode-6/data/ratis/a7ad66b1-81fa-4e32-bc13-24e06536017f/sm/snapshot.1_12 time:16
2019-07-14 08:53:21,307 INFO  impl.StateMachineUpdater (StateMachineUpdater.java:takeSnapshot(242)) - StateMachineUpdater:5dc9bfea-22b3-467b-8f81-6b2eb0614675:group-24E06536017F: Took a snapshot at index 12
2019-07-14 08:53:21,311 INFO  impl.StateMachineUpdater (StateMachineUpdater.java:lambda$new$0(80)) - StateMachineUpdater:5dc9bfea-22b3-467b-8f81-6b2eb0614675:group-24E06536017F: snapshotIndex: updateIncreasingly -1 -> 12
2019-07-14 08:53:21,316 INFO  impl.RaftServerImpl (ServerState.java:close(394)) - 5dc9bfea-22b3-467b-8f81-6b2eb0614675:group-24E06536017F closes. The last applied log index is 12
2019-07-14 08:53:21,319 INFO  segmented.SegmentedRaftLogWorker (SegmentedRaftLogWorker.java:run(313)) - 5dc9bfea-22b3-467b-8f81-6b2eb0614675-SegmentedRaftLogWorker:Storage Directory /workdir/hadoop-ozone/integration-test/target/test-dir/MiniOzoneClusterImpl-2474cb1b-609a-4057-b253-62a746fc6dfe/datanode-6/data/ratis/a7ad66b1-81fa-4e32-bc13-24e06536017f was interrupted, exiting. There are 0 tasks remaining in the queue.
2019-07-14 08:53:21,322 INFO  segmented.SegmentedRaftLogWorker (SegmentedRaftLogWorker.java:close(228)) - 5dc9bfea-22b3-467b-8f81-6b2eb0614675-SegmentedRaftLogWorker:Storage Directory /workdir/hadoop-ozone/integration-test/target/test-dir/MiniOzoneClusterImpl-2474cb1b-609a-4057-b253-62a746fc6dfe/datanode-6/data/ratis/a7ad66b1-81fa-4e32-bc13-24e06536017f close()
2019-07-14 08:53:21,353 INFO  impl.RaftServerProxy (RaftServerProxy.java:remove(95)) - 2fca86bb-bd0a-49a0-a3c2-c1282515b4f7: remove FOLLOWER group-24E06536017F 2fca86bb-bd0a-49a0-a3c2-c1282515b4f7:t1, leader=5dc9bfea-22b3-467b-8f81-6b2eb0614675, voted=5dc9bfea-22b3-467b-8f81-6b2eb0614675, raftlog=2fca86bb-bd0a-49a0-a3c2-c1282515b4f7-SegmentedRaftLog:OPENED:c8,f12,i12, conf=0: [5dc9bfea-22b3-467b-8f81-6b2eb0614675:192.168.5.191:40677, 2fca86bb-bd0a-49a0-a3c2-c1282515b4f7:192.168.5.191:33594, 0b1e4e1c-0e9e-4e8f-afc5-aa13ca5ca0fd:192.168.5.191:33802], old=null RUNNING
2019-07-14 08:53:21,353 INFO  impl.RaftServerImpl (RaftServerImpl.java:lambda$shutdown$3(245)) - 2fca86bb-bd0a-49a0-a3c2-c1282515b4f7: shutdown group-24E06536017F
2019-07-14 08:53:21,354 INFO  util.JmxRegister (JmxRegister.java:unregister(73)) - Successfully un-registered JMX Bean with object name Ratis:service=RaftServer,group=group-24E06536017F,id=2fca86bb-bd0a-49a0-a3c2-c1282515b4f7
2019-07-14 08:53:21,354 INFO  impl.RoleInfo (RoleInfo.java:shutdownFollowerState(121)) - 2fca86bb-bd0a-49a0-a3c2-c1282515b4f7: shutdown FollowerState
2019-07-14 08:53:21,354 INFO  impl.StateMachineUpdater (StateMachineUpdater.java:stopAndJoin(115)) - StateMachineUpdater:2fca86bb-bd0a-49a0-a3c2-c1282515b4f7:group-24E06536017F: set stopIndex = 8
2019-07-14 08:53:21,354 INFO  impl.FollowerState (FollowerState.java:run(114)) - 2fca86bb-bd0a-49a0-a3c2-c1282515b4f7: FollowerState was interrupted: java.lang.InterruptedException: sleep interrupted
2019-07-14 08:53:21,358 INFO  ratis.ContainerStateMachine (ContainerStateMachine.java:takeSnapshot(249)) - group-24E06536017F: Taking a snapshot at:(t:1, i:8) file /workdir/hadoop-ozone/integration-test/target/test-dir/MiniOzoneClusterImpl-2474cb1b-609a-4057-b253-62a746fc6dfe/datanode-2/data/ratis/a7ad66b1-81fa-4e32-bc13-24e06536017f/sm/snapshot.1_8
2019-07-14 08:53:21,358 INFO  ratis.ContainerStateMachine (ContainerStateMachine.java:takeSnapshot(257)) - group-24E06536017F: Finished taking a snapshot at:(t:1, i:8) file:/workdir/hadoop-ozone/integration-test/target/test-dir/MiniOzoneClusterImpl-2474cb1b-609a-4057-b253-62a746fc6dfe/datanode-2/data/ratis/a7ad66b1-81fa-4e32-bc13-24e06536017f/sm/snapshot.1_8 time:2
2019-07-14 08:53:21,359 INFO  impl.StateMachineUpdater (StateMachineUpdater.java:takeSnapshot(242)) - StateMachineUpdater:2fca86bb-bd0a-49a0-a3c2-c1282515b4f7:group-24E06536017F: Took a snapshot at index 8
2019-07-14 08:53:21,359 INFO  impl.StateMachineUpdater (StateMachineUpdater.java:lambda$new$0(80)) - StateMachineUpdater:2fca86bb-bd0a-49a0-a3c2-c1282515b4f7:group-24E06536017F: snapshotIndex: updateIncreasingly -1 -> 8
2019-07-14 08:53:21,359 INFO  impl.RaftServerImpl (ServerState.java:close(394)) - 2fca86bb-bd0a-49a0-a3c2-c1282515b4f7:group-24E06536017F closes. The last applied log index is 8
2019-07-14 08:53:21,360 INFO  segmented.SegmentedRaftLogWorker (SegmentedRaftLogWorker.java:run(313)) - 2fca86bb-bd0a-49a0-a3c2-c1282515b4f7-SegmentedRaftLogWorker:Storage Directory /workdir/hadoop-ozone/integration-test/target/test-dir/MiniOzoneClusterImpl-2474cb1b-609a-4057-b253-62a746fc6dfe/datanode-2/data/ratis/a7ad66b1-81fa-4e32-bc13-24e06536017f was interrupted, exiting. There are 0 tasks remaining in the queue.
2019-07-14 08:53:21,361 INFO  segmented.SegmentedRaftLogWorker (SegmentedRaftLogWorker.java:close(228)) - 2fca86bb-bd0a-49a0-a3c2-c1282515b4f7-SegmentedRaftLogWorker:Storage Directory /workdir/hadoop-ozone/integration-test/target/test-dir/MiniOzoneClusterImpl-2474cb1b-609a-4057-b253-62a746fc6dfe/datanode-2/data/ratis/a7ad66b1-81fa-4e32-bc13-24e06536017f close()
2019-07-14 08:53:21,377 INFO  impl.RaftServerProxy (RaftServerProxy.java:remove(95)) - 0b1e4e1c-0e9e-4e8f-afc5-aa13ca5ca0fd: remove FOLLOWER group-24E06536017F 0b1e4e1c-0e9e-4e8f-afc5-aa13ca5ca0fd:t1, leader=5dc9bfea-22b3-467b-8f81-6b2eb0614675, voted=5dc9bfea-22b3-467b-8f81-6b2eb0614675, raftlog=0b1e4e1c-0e9e-4e8f-afc5-aa13ca5ca0fd-SegmentedRaftLog:OPENED:c8,f12,i12, conf=0: [5dc9bfea-22b3-467b-8f81-6b2eb0614675:192.168.5.191:40677, 2fca86bb-bd0a-49a0-a3c2-c1282515b4f7:192.168.5.191:33594, 0b1e4e1c-0e9e-4e8f-afc5-aa13ca5ca0fd:192.168.5.191:33802], old=null RUNNING
2019-07-14 08:53:21,377 INFO  impl.RaftServerImpl (RaftServerImpl.java:lambda$shutdown$3(245)) - 0b1e4e1c-0e9e-4e8f-afc5-aa13ca5ca0fd: shutdown group-24E06536017F
2019-07-14 08:53:21,378 INFO  util.JmxRegister (JmxRegister.java:unregister(73)) - Successfully un-registered JMX Bean with object name Ratis:service=RaftServer,group=group-24E06536017F,id=0b1e4e1c-0e9e-4e8f-afc5-aa13ca5ca0fd
2019-07-14 08:53:21,378 INFO  impl.RoleInfo (RoleInfo.java:shutdownFollowerState(121)) - 0b1e4e1c-0e9e-4e8f-afc5-aa13ca5ca0fd: shutdown FollowerState
2019-07-14 08:53:21,378 INFO  impl.StateMachineUpdater (StateMachineUpdater.java:stopAndJoin(115)) - StateMachineUpdater:0b1e4e1c-0e9e-4e8f-afc5-aa13ca5ca0fd:group-24E06536017F: set stopIndex = 8
2019-07-14 08:53:21,378 INFO  impl.FollowerState (FollowerState.java:run(114)) - 0b1e4e1c-0e9e-4e8f-afc5-aa13ca5ca0fd: FollowerState was interrupted: java.lang.InterruptedException: sleep interrupted
2019-07-14 08:53:21,380 INFO  ratis.ContainerStateMachine (ContainerStateMachine.java:takeSnapshot(249)) - group-24E06536017F: Taking a snapshot at:(t:1, i:8) file /workdir/hadoop-ozone/integration-test/target/test-dir/MiniOzoneClusterImpl-2474cb1b-609a-4057-b253-62a746fc6dfe/datanode-0/data/ratis/a7ad66b1-81fa-4e32-bc13-24e06536017f/sm/snapshot.1_8
2019-07-14 08:53:21,381 INFO  ratis.ContainerStateMachine (ContainerStateMachine.java:takeSnapshot(257)) - group-24E06536017F: Finished taking a snapshot at:(t:1, i:8) file:/workdir/hadoop-ozone/integration-test/target/test-dir/MiniOzoneClusterImpl-2474cb1b-609a-4057-b253-62a746fc6dfe/datanode-0/data/ratis/a7ad66b1-81fa-4e32-bc13-24e06536017f/sm/snapshot.1_8 time:3
2019-07-14 08:53:21,381 INFO  impl.StateMachineUpdater (StateMachineUpdater.java:takeSnapshot(242)) - StateMachineUpdater:0b1e4e1c-0e9e-4e8f-afc5-aa13ca5ca0fd:group-24E06536017F: Took a snapshot at index 8
2019-07-14 08:53:21,382 INFO  impl.StateMachineUpdater (StateMachineUpdater.java:lambda$new$0(80)) - StateMachineUpdater:0b1e4e1c-0e9e-4e8f-afc5-aa13ca5ca0fd:group-24E06536017F: snapshotIndex: updateIncreasingly -1 -> 8
2019-07-14 08:53:21,382 INFO  impl.RaftServerImpl (ServerState.java:close(394)) - 0b1e4e1c-0e9e-4e8f-afc5-aa13ca5ca0fd:group-24E06536017F closes. The last applied log index is 8
2019-07-14 08:53:21,383 INFO  segmented.SegmentedRaftLogWorker (SegmentedRaftLogWorker.java:run(313)) - 0b1e4e1c-0e9e-4e8f-afc5-aa13ca5ca0fd-SegmentedRaftLogWorker:Storage Directory /workdir/hadoop-ozone/integration-test/target/test-dir/MiniOzoneClusterImpl-2474cb1b-609a-4057-b253-62a746fc6dfe/datanode-0/data/ratis/a7ad66b1-81fa-4e32-bc13-24e06536017f was interrupted, exiting. There are 0 tasks remaining in the queue.
2019-07-14 08:53:21,384 INFO  segmented.SegmentedRaftLogWorker (SegmentedRaftLogWorker.java:close(228)) - 0b1e4e1c-0e9e-4e8f-afc5-aa13ca5ca0fd-SegmentedRaftLogWorker:Storage Directory /workdir/hadoop-ozone/integration-test/target/test-dir/MiniOzoneClusterImpl-2474cb1b-609a-4057-b253-62a746fc6dfe/datanode-0/data/ratis/a7ad66b1-81fa-4e32-bc13-24e06536017f close()
2019-07-14 08:53:21,394 INFO  pipeline.PipelineStateManager (PipelineStateManager.java:removePipeline(108)) - Pipeline Pipeline[ Id: a7ad66b1-81fa-4e32-bc13-24e06536017f, Nodes: 5dc9bfea-22b3-467b-8f81-6b2eb0614675{ip: 192.168.5.191, host: trunk-nightly-5z2vd-27108033, networkLocation: /default-rack, certSerialId: null}2fca86bb-bd0a-49a0-a3c2-c1282515b4f7{ip: 192.168.5.191, host: trunk-nightly-5z2vd-27108033, networkLocation: /default-rack, certSerialId: null}0b1e4e1c-0e9e-4e8f-afc5-aa13ca5ca0fd{ip: 192.168.5.191, host: trunk-nightly-5z2vd-27108033, networkLocation: /default-rack, certSerialId: null}, Type:RATIS, Factor:THREE, State:CLOSED] removed from db
2019-07-14 08:53:21,395 INFO  ratis.XceiverServerRatis (XceiverServerRatis.java:getPipelineIds(614)) - pipeline id PipelineID=c4c7d88b-4929-494f-a4f4-7efc4cbacabd
2019-07-14 08:53:21,396 INFO  ratis.XceiverServerRatis (XceiverServerRatis.java:getPipelineIds(614)) - pipeline id PipelineID=dcb4ec19-3772-4f98-b9db-6e1736bae905
2019-07-14 08:53:21,396 INFO  ratis.XceiverServerRatis (XceiverServerRatis.java:getPipelineIds(614)) - pipeline id PipelineID=3c344eed-1608-4af8-b3b3-2f04d6588853
2019-07-14 08:53:21,414 INFO  impl.RaftServerProxy (RaftServerProxy.java:addNew(89)) - 5dc9bfea-22b3-467b-8f81-6b2eb0614675: addNew group-294B311AB467:[5dc9bfea-22b3-467b-8f81-6b2eb0614675:192.168.5.191:40677, 2fca86bb-bd0a-49a0-a3c2-c1282515b4f7:192.168.5.191:33594, 0b1e4e1c-0e9e-4e8f-afc5-aa13ca5ca0fd:192.168.5.191:33802] returns group-294B311AB467:java.util.concurrent.CompletableFuture@72b87450[Not completed]
2019-07-14 08:53:21,416 INFO  impl.RaftServerProxy (RaftServerProxy.java:addNew(89)) - 2fca86bb-bd0a-49a0-a3c2-c1282515b4f7: addNew group-294B311AB467:[5dc9bfea-22b3-467b-8f81-6b2eb0614675:192.168.5.191:40677, 2fca86bb-bd0a-49a0-a3c2-c1282515b4f7:192.168.5.191:33594, 0b1e4e1c-0e9e-4e8f-afc5-aa13ca5ca0fd:192.168.5.191:33802] returns group-294B311AB467:java.util.concurrent.CompletableFuture@58c7f239[Not completed]
2019-07-14 08:53:21,418 INFO  impl.RaftServerProxy (RaftServerProxy.java:addNew(89)) - 0b1e4e1c-0e9e-4e8f-afc5-aa13ca5ca0fd: addNew group-294B311AB467:[5dc9bfea-22b3-467b-8f81-6b2eb0614675:192.168.5.191:40677, 2fca86bb-bd0a-49a0-a3c2-c1282515b4f7:192.168.5.191:33594, 0b1e4e1c-0e9e-4e8f-afc5-aa13ca5ca0fd:192.168.5.191:33802] returns group-294B311AB467:java.util.concurrent.CompletableFuture@2799e21c[Not completed]
2019-07-14 08:53:21,419 INFO  impl.RaftServerImpl (RaftServerImpl.java:<init>(93)) - 5dc9bfea-22b3-467b-8f81-6b2eb0614675: new RaftServerImpl for group-294B311AB467:[5dc9bfea-22b3-467b-8f81-6b2eb0614675:192.168.5.191:40677, 2fca86bb-bd0a-49a0-a3c2-c1282515b4f7:192.168.5.191:33594, 0b1e4e1c-0e9e-4e8f-afc5-aa13ca5ca0fd:192.168.5.191:33802] with ContainerStateMachine:uninitialized
2019-07-14 08:53:21,419 INFO  server.RaftServerConfigKeys (ConfUtils.java:logGet(43)) - raft.server.rpc.timeout.min = 5s (custom)
2019-07-14 08:53:21,420 INFO  server.RaftServerConfigKeys (ConfUtils.java:logGet(43)) - raft.server.rpc.timeout.max = 5200ms (custom)
2019-07-14 08:53:21,420 INFO  server.RaftServerConfigKeys (ConfUtils.java:logGet(43)) - raft.server.rpcslowness.timeout = 120s (custom)
2019-07-14 08:53:21,420 INFO  server.RaftServerConfigKeys (ConfUtils.java:logGet(43)) - raft.server.sleep.deviation.threshold = 300 (default)
2019-07-14 08:53:21,420 INFO  impl.RaftServerImpl (RaftServerImpl.java:<init>(93)) - 0b1e4e1c-0e9e-4e8f-afc5-aa13ca5ca0fd: new RaftServerImpl for group-294B311AB467:[5dc9bfea-22b3-467b-8f81-6b2eb0614675:192.168.5.191:40677, 2fca86bb-bd0a-49a0-a3c2-c1282515b4f7:192.168.5.191:33594, 0b1e4e1c-0e9e-4e8f-afc5-aa13ca5ca0fd:192.168.5.191:33802] with ContainerStateMachine:uninitialized
2019-07-14 08:53:21,420 INFO  server.RaftServerConfigKeys (ConfUtils.java:logGet(43)) - raft.server.log.appender.install.snapshot.enabled = false (custom)
2019-07-14 08:53:21,420 INFO  server.RaftServerConfigKeys (ConfUtils.java:logGet(43)) - raft.server.rpc.timeout.min = 5s (custom)
2019-07-14 08:53:21,420 INFO  impl.RaftServerImpl (ServerState.java:<init>(105)) - 5dc9bfea-22b3-467b-8f81-6b2eb0614675:group-294B311AB467 ConfigurationManager, init=-1: [5dc9bfea-22b3-467b-8f81-6b2eb0614675:192.168.5.191:40677, 2fca86bb-bd0a-49a0-a3c2-c1282515b4f7:192.168.5.191:33594, 0b1e4e1c-0e9e-4e8f-afc5-aa13ca5ca0fd:192.168.5.191:33802], old=null, confs=<EMPTY_MAP>
2019-07-14 08:53:21,420 INFO  server.RaftServerConfigKeys (ConfUtils.java:logGet(43)) - raft.server.rpc.timeout.max = 5200ms (custom)
2019-07-14 08:53:21,421 INFO  impl.RaftServerImpl (RaftServerImpl.java:<init>(93)) - 2fca86bb-bd0a-49a0-a3c2-c1282515b4f7: new RaftServerImpl for group-294B311AB467:[5dc9bfea-22b3-467b-8f81-6b2eb0614675:192.168.5.191:40677, 2fca86bb-bd0a-49a0-a3c2-c1282515b4f7:192.168.5.191:33594, 0b1e4e1c-0e9e-4e8f-afc5-aa13ca5ca0fd:192.168.5.191:33802] with ContainerStateMachine:uninitialized
2019-07-14 08:53:21,421 INFO  server.RaftServerConfigKeys (ConfUtils.java:logGet(43)) - raft.server.storage.dir = [/workdir/hadoop-ozone/integration-test/target/test-dir/MiniOzoneClusterImpl-2474cb1b-609a-4057-b253-62a746fc6dfe/datanode-6/data/ratis] (custom)
2019-07-14 08:53:21,421 INFO  server.RaftServerConfigKeys (ConfUtils.java:logGet(43)) - raft.server.rpcslowness.timeout = 120s (custom)
2019-07-14 08:53:21,421 INFO  server.RaftServerConfigKeys (ConfUtils.java:logGet(43)) - raft.server.rpc.timeout.min = 5s (custom)
2019-07-14 08:53:21,421 INFO  server.RaftServerConfigKeys (ConfUtils.java:logGet(43)) - raft.server.sleep.deviation.threshold = 300 (default)
2019-07-14 08:53:21,421 INFO  storage.RaftStorageDirectory (RaftStorageDirectory.java:analyzeStorage(246)) - The storage directory /workdir/hadoop-ozone/integration-test/target/test-dir/MiniOzoneClusterImpl-2474cb1b-609a-4057-b253-62a746fc6dfe/datanode-6/data/ratis/96285f18-a0c7-49cd-8539-294b311ab467 does not exist. Creating ...
2019-07-14 08:53:21,421 INFO  server.RaftServerConfigKeys (ConfUtils.java:logGet(43)) - raft.server.rpc.timeout.max = 5200ms (custom)
2019-07-14 08:53:21,421 INFO  server.RaftServerConfigKeys (ConfUtils.java:logGet(43)) - raft.server.log.appender.install.snapshot.enabled = false (custom)
2019-07-14 08:53:21,421 INFO  server.RaftServerConfigKeys (ConfUtils.java:logGet(43)) - raft.server.rpcslowness.timeout = 120s (custom)
2019-07-14 08:53:21,422 INFO  impl.RaftServerImpl (ServerState.java:<init>(105)) - 0b1e4e1c-0e9e-4e8f-afc5-aa13ca5ca0fd:group-294B311AB467 ConfigurationManager, init=-1: [5dc9bfea-22b3-467b-8f81-6b2eb0614675:192.168.5.191:40677, 2fca86bb-bd0a-49a0-a3c2-c1282515b4f7:192.168.5.191:33594, 0b1e4e1c-0e9e-4e8f-afc5-aa13ca5ca0fd:192.168.5.191:33802], old=null, confs=<EMPTY_MAP>
2019-07-14 08:53:21,422 INFO  server.RaftServerConfigKeys (ConfUtils.java:logGet(43)) - raft.server.sleep.deviation.threshold = 300 (default)
2019-07-14 08:53:21,422 INFO  server.RaftServerConfigKeys (ConfUtils.java:logGet(43)) - raft.server.storage.dir = [/workdir/hadoop-ozone/integration-test/target/test-dir/MiniOzoneClusterImpl-2474cb1b-609a-4057-b253-62a746fc6dfe/datanode-0/data/ratis] (custom)
2019-07-14 08:53:21,422 INFO  server.RaftServerConfigKeys (ConfUtils.java:logGet(43)) - raft.server.log.appender.install.snapshot.enabled = false (custom)
2019-07-14 08:53:21,422 INFO  impl.RaftServerImpl (ServerState.java:<init>(105)) - 2fca86bb-bd0a-49a0-a3c2-c1282515b4f7:group-294B311AB467 ConfigurationManager, init=-1: [5dc9bfea-22b3-467b-8f81-6b2eb0614675:192.168.5.191:40677, 2fca86bb-bd0a-49a0-a3c2-c1282515b4f7:192.168.5.191:33594, 0b1e4e1c-0e9e-4e8f-afc5-aa13ca5ca0fd:192.168.5.191:33802], old=null, confs=<EMPTY_MAP>
2019-07-14 08:53:21,422 INFO  storage.RaftStorageDirectory (RaftStorageDirectory.java:analyzeStorage(246)) - The storage directory /workdir/hadoop-ozone/integration-test/target/test-dir/MiniOzoneClusterImpl-2474cb1b-609a-4057-b253-62a746fc6dfe/datanode-0/data/ratis/96285f18-a0c7-49cd-8539-294b311ab467 does not exist. Creating ...
2019-07-14 08:53:21,422 INFO  server.RaftServerConfigKeys (ConfUtils.java:logGet(43)) - raft.server.storage.dir = [/workdir/hadoop-ozone/integration-test/target/test-dir/MiniOzoneClusterImpl-2474cb1b-609a-4057-b253-62a746fc6dfe/datanode-2/data/ratis] (custom)
2019-07-14 08:53:21,423 INFO  storage.RaftStorageDirectory (RaftStorageDirectory.java:analyzeStorage(246)) - The storage directory /workdir/hadoop-ozone/integration-test/target/test-dir/MiniOzoneClusterImpl-2474cb1b-609a-4057-b253-62a746fc6dfe/datanode-2/data/ratis/96285f18-a0c7-49cd-8539-294b311ab467 does not exist. Creating ...
2019-07-14 08:53:21,430 INFO  storage.RaftStorageDirectory (RaftStorageDirectory.java:tryLock(328)) - Lock on /workdir/hadoop-ozone/integration-test/target/test-dir/MiniOzoneClusterImpl-2474cb1b-609a-4057-b253-62a746fc6dfe/datanode-0/data/ratis/96285f18-a0c7-49cd-8539-294b311ab467/in_use.lock acquired by nodename 12016@trunk-nightly-5z2vd-27108033
2019-07-14 08:53:21,430 INFO  storage.RaftStorageDirectory (RaftStorageDirectory.java:tryLock(328)) - Lock on /workdir/hadoop-ozone/integration-test/target/test-dir/MiniOzoneClusterImpl-2474cb1b-609a-4057-b253-62a746fc6dfe/datanode-6/data/ratis/96285f18-a0c7-49cd-8539-294b311ab467/in_use.lock acquired by nodename 12016@trunk-nightly-5z2vd-27108033
2019-07-14 08:53:21,430 INFO  storage.RaftStorageDirectory (RaftStorageDirectory.java:tryLock(328)) - Lock on /workdir/hadoop-ozone/integration-test/target/test-dir/MiniOzoneClusterImpl-2474cb1b-609a-4057-b253-62a746fc6dfe/datanode-2/data/ratis/96285f18-a0c7-49cd-8539-294b311ab467/in_use.lock acquired by nodename 12016@trunk-nightly-5z2vd-27108033
2019-07-14 08:53:21,434 INFO  storage.RaftStorage (RaftStorage.java:format(72)) - Storage directory /workdir/hadoop-ozone/integration-test/target/test-dir/MiniOzoneClusterImpl-2474cb1b-609a-4057-b253-62a746fc6dfe/datanode-0/data/ratis/96285f18-a0c7-49cd-8539-294b311ab467 has been successfully formatted.
2019-07-14 08:53:21,435 INFO  storage.RaftStorage (RaftStorage.java:format(72)) - Storage directory /workdir/hadoop-ozone/integration-test/target/test-dir/MiniOzoneClusterImpl-2474cb1b-609a-4057-b253-62a746fc6dfe/datanode-2/data/ratis/96285f18-a0c7-49cd-8539-294b311ab467 has been successfully formatted.
2019-07-14 08:53:21,434 INFO  storage.RaftStorage (RaftStorage.java:format(72)) - Storage directory /workdir/hadoop-ozone/integration-test/target/test-dir/MiniOzoneClusterImpl-2474cb1b-609a-4057-b253-62a746fc6dfe/datanode-6/data/ratis/96285f18-a0c7-49cd-8539-294b311ab467 has been successfully formatted.
2019-07-14 08:53:21,435 INFO  ratis.ContainerStateMachine (ContainerStateMachine.java:loadSnapshot(200)) - group-294B311AB467: The snapshot info is null. Setting the last applied indexto:(t:0, i:~)
2019-07-14 08:53:21,435 INFO  ratis.ContainerStateMachine (ContainerStateMachine.java:loadSnapshot(200)) - group-294B311AB467: The snapshot info is null. Setting the last applied indexto:(t:0, i:~)
2019-07-14 08:53:21,435 INFO  server.RaftServerConfigKeys (ConfUtils.java:logGet(43)) - raft.server.leader.election.timeout = 120s (custom)
2019-07-14 08:53:21,435 INFO  ratis.ContainerStateMachine (ContainerStateMachine.java:loadSnapshot(200)) - group-294B311AB467: The snapshot info is null. Setting the last applied indexto:(t:0, i:~)
2019-07-14 08:53:21,435 INFO  server.RaftServerConfigKeys (ConfUtils.java:logGet(43)) - raft.server.log.use.memory = false (default)
2019-07-14 08:53:21,435 INFO  server.RaftServerConfigKeys (ConfUtils.java:logGet(43)) - raft.server.leader.election.timeout = 120s (custom)
2019-07-14 08:53:21,436 INFO  server.RaftServerConfigKeys (ConfUtils.java:logGet(43)) - raft.server.log.purge.gap = 1000000000 (custom)
2019-07-14 08:53:21,435 INFO  server.RaftServerConfigKeys (ConfUtils.java:logGet(43)) - raft.server.leader.election.timeout = 120s (custom)
2019-07-14 08:53:21,436 INFO  server.RaftServerConfigKeys (ConfUtils.java:logGet(43)) - raft.server.log.appender.buffer.byte-limit = 33554432 (custom)
2019-07-14 08:53:21,436 INFO  server.RaftServerConfigKeys (ConfUtils.java:logGet(43)) - raft.server.log.use.memory = false (default)
2019-07-14 08:53:21,436 INFO  server.RaftServerConfigKeys (ConfUtils.java:logGet(43)) - raft.server.log.segment.size.max = 1048576 (custom)
2019-07-14 08:53:21,436 INFO  server.RaftServerConfigKeys (ConfUtils.java:logGet(43)) - raft.server.log.use.memory = false (default)
2019-07-14 08:53:21,436 INFO  server.RaftServerConfigKeys (ConfUtils.java:logGet(43)) - raft.server.log.segment.cache.num.max = 2 (custom)
2019-07-14 08:53:21,436 INFO  server.RaftServerConfigKeys (ConfUtils.java:logGet(43)) - raft.server.log.purge.gap = 1000000000 (custom)
2019-07-14 08:53:21,437 INFO  segmented.SegmentedRaftLogWorker (SegmentedRaftLogWorker.java:<init>(172)) - new 0b1e4e1c-0e9e-4e8f-afc5-aa13ca5ca0fd-SegmentedRaftLogWorker:Storage Directory /workdir/hadoop-ozone/integration-test/target/test-dir/MiniOzoneClusterImpl-2474cb1b-609a-4057-b253-62a746fc6dfe/datanode-0/data/ratis/96285f18-a0c7-49cd-8539-294b311ab467 for RaftStorage:Storage Directory /workdir/hadoop-ozone/integration-test/target/test-dir/MiniOzoneClusterImpl-2474cb1b-609a-4057-b253-62a746fc6dfe/datanode-0/data/ratis/96285f18-a0c7-49cd-8539-294b311ab467
2019-07-14 08:53:21,436 INFO  server.RaftServerConfigKeys (ConfUtils.java:logGet(43)) - raft.server.log.purge.gap = 1000000000 (custom)
2019-07-14 08:53:21,437 INFO  server.RaftServerConfigKeys (ConfUtils.java:logGet(43)) - raft.server.log.queue.byte-limit = 2147483647 (custom)
2019-07-14 08:53:21,439 INFO  server.RaftServerConfigKeys (ConfUtils.java:logGet(43)) - raft.server.log.queue.element-limit = 1024 (custom)
2019-07-14 08:53:21,437 INFO  server.RaftServerConfigKeys (ConfUtils.java:logGet(43)) - raft.server.log.appender.buffer.byte-limit = 33554432 (custom)
2019-07-14 08:53:21,440 INFO  server.RaftServerConfigKeys (ConfUtils.java:logGet(43)) - raft.server.log.segment.size.max = 1048576 (custom)
2019-07-14 08:53:21,437 INFO  server.RaftServerConfigKeys (ConfUtils.java:logGet(43)) - raft.server.log.appender.buffer.byte-limit = 33554432 (custom)
2019-07-14 08:53:21,440 INFO  server.RaftServerConfigKeys (ConfUtils.java:logGet(43)) - raft.server.log.preallocated.size = 16384 (custom)
2019-07-14 08:53:21,440 INFO  server.RaftServerConfigKeys (ConfUtils.java:logGet(43)) - raft.server.log.segment.size.max = 1048576 (custom)
2019-07-14 08:53:21,440 INFO  server.RaftServerConfigKeys (ConfUtils.java:logGet(43)) - raft.server.log.write.buffer.size = 33554432 (custom)
2019-07-14 08:53:21,440 INFO  server.RaftServerConfigKeys (ConfUtils.java:logGet(43)) - raft.server.log.segment.size.max = 1048576 (custom)
2019-07-14 08:53:21,440 INFO  server.RaftServerConfigKeys (ConfUtils.java:logGet(43)) - raft.server.log.force.sync.num = 128 (default)
2019-07-14 08:53:21,440 INFO  server.RaftServerConfigKeys (ConfUtils.java:logGet(43)) - raft.server.log.segment.cache.num.max = 2 (custom)
2019-07-14 08:53:21,441 INFO  server.RaftServerConfigKeys (ConfUtils.java:logGet(43)) - raft.server.log.statemachine.data.sync = true (default)
2019-07-14 08:53:21,441 INFO  server.RaftServerConfigKeys (ConfUtils.java:logGet(43)) - raft.server.log.segment.cache.num.max = 2 (custom)
2019-07-14 08:53:21,441 INFO  server.RaftServerConfigKeys (ConfUtils.java:logGet(43)) - raft.server.log.statemachine.data.sync.timeout = 10s (default)
2019-07-14 08:53:21,441 INFO  segmented.SegmentedRaftLogWorker (SegmentedRaftLogWorker.java:<init>(172)) - new 2fca86bb-bd0a-49a0-a3c2-c1282515b4f7-SegmentedRaftLogWorker:Storage Directory /workdir/hadoop-ozone/integration-test/target/test-dir/MiniOzoneClusterImpl-2474cb1b-609a-4057-b253-62a746fc6dfe/datanode-2/data/ratis/96285f18-a0c7-49cd-8539-294b311ab467 for RaftStorage:Storage Directory /workdir/hadoop-ozone/integration-test/target/test-dir/MiniOzoneClusterImpl-2474cb1b-609a-4057-b253-62a746fc6dfe/datanode-2/data/ratis/96285f18-a0c7-49cd-8539-294b311ab467
2019-07-14 08:53:21,441 INFO  server.RaftServerConfigKeys (ConfUtils.java:logGet(43)) - raft.server.log.statemachine.data.sync.timeout.retry = -1 (default)
2019-07-14 08:53:21,441 INFO  segmented.SegmentedRaftLogWorker (SegmentedRaftLogWorker.java:<init>(172)) - new 5dc9bfea-22b3-467b-8f81-6b2eb0614675-SegmentedRaftLogWorker:Storage Directory /workdir/hadoop-ozone/integration-test/target/test-dir/MiniOzoneClusterImpl-2474cb1b-609a-4057-b253-62a746fc6dfe/datanode-6/data/ratis/96285f18-a0c7-49cd-8539-294b311ab467 for RaftStorage:Storage Directory /workdir/hadoop-ozone/integration-test/target/test-dir/MiniOzoneClusterImpl-2474cb1b-609a-4057-b253-62a746fc6dfe/datanode-6/data/ratis/96285f18-a0c7-49cd-8539-294b311ab467
2019-07-14 08:53:21,449 INFO  server.RaftServerConfigKeys (ConfUtils.java:logGet(43)) - raft.server.log.statemachine.data.caching.enabled = true (custom)
2019-07-14 08:53:21,441 INFO  server.RaftServerConfigKeys (ConfUtils.java:logGet(43)) - raft.server.log.queue.byte-limit = 2147483647 (custom)
2019-07-14 08:53:21,449 INFO  server.RaftServerConfigKeys (ConfUtils.java:logGet(43)) - raft.server.log.queue.byte-limit = 2147483647 (custom)
2019-07-14 08:53:21,450 INFO  server.RaftServerConfigKeys (ConfUtils.java:logGet(43)) - raft.server.log.queue.element-limit = 1024 (custom)
2019-07-14 08:53:21,450 INFO  segmented.SegmentedRaftLogWorker (SegmentedRaftLogWorker.java:lambda$new$0(132)) - 0b1e4e1c-0e9e-4e8f-afc5-aa13ca5ca0fd-SegmentedRaftLogWorker:Storage Directory /workdir/hadoop-ozone/integration-test/target/test-dir/MiniOzoneClusterImpl-2474cb1b-609a-4057-b253-62a746fc6dfe/datanode-0/data/ratis/96285f18-a0c7-49cd-8539-294b311ab467: flushIndex: setUnconditionally 0 -> -1
2019-07-14 08:53:21,450 INFO  server.RaftServerConfigKeys (ConfUtils.java:logGet(43)) - raft.server.log.segment.size.max = 1048576 (custom)
2019-07-14 08:53:21,450 INFO  server.RaftServerConfigKeys (ConfUtils.java:logGet(43)) - raft.server.log.queue.element-limit = 1024 (custom)
2019-07-14 08:53:21,450 INFO  server.RaftServerConfigKeys (ConfUtils.java:logGet(43)) - raft.server.snapshot.auto.trigger.enabled = true (custom)
2019-07-14 08:53:21,450 INFO  server.RaftServerConfigKeys (ConfUtils.java:logGet(43)) - raft.server.log.preallocated.size = 16384 (custom)
2019-07-14 08:53:21,451 INFO  server.RaftServerConfigKeys (ConfUtils.java:logGet(43)) - raft.server.snapshot.auto.trigger.threshold = 10000 (custom)
2019-07-14 08:53:21,450 INFO  server.RaftServerConfigKeys (ConfUtils.java:logGet(43)) - raft.server.log.segment.size.max = 1048576 (custom)
2019-07-14 08:53:21,451 INFO  server.RaftServerConfigKeys (ConfUtils.java:logGet(43)) - raft.server.log.write.buffer.size = 33554432 (custom)
2019-07-14 08:53:21,451 INFO  server.RaftServerConfigKeys (ConfUtils.java:logGet(43)) - raft.server.log.preallocated.size = 16384 (custom)
2019-07-14 08:53:21,451 INFO  server.RaftServerConfigKeys (ConfUtils.java:logGet(43)) - raft.server.retrycache.expirytime = 600000ms (custom)
2019-07-14 08:53:21,451 INFO  server.RaftServerConfigKeys (ConfUtils.java:logGet(43)) - raft.server.log.write.buffer.size = 33554432 (custom)
2019-07-14 08:53:21,451 INFO  server.RaftServerConfigKeys (ConfUtils.java:logGet(43)) - raft.server.log.force.sync.num = 128 (default)
2019-07-14 08:53:21,451 INFO  impl.RaftServerImpl (RaftServerImpl.java:start(180)) - 0b1e4e1c-0e9e-4e8f-afc5-aa13ca5ca0fd: start group-294B311AB467
2019-07-14 08:53:21,451 INFO  server.RaftServerConfigKeys (ConfUtils.java:logGet(43)) - raft.server.log.force.sync.num = 128 (default)
2019-07-14 08:53:21,452 INFO  impl.RaftServerImpl (RaftServerImpl.java:setRole(171)) - 0b1e4e1c-0e9e-4e8f-afc5-aa13ca5ca0fd:group-294B311AB467 changes role from null to FOLLOWER at term 0 for startAsFollower
2019-07-14 08:53:21,452 INFO  server.RaftServerConfigKeys (ConfUtils.java:logGet(43)) - raft.server.log.statemachine.data.sync = true (default)
2019-07-14 08:53:21,452 INFO  impl.RoleInfo (RoleInfo.java:updateAndGet(143)) - 0b1e4e1c-0e9e-4e8f-afc5-aa13ca5ca0fd: start FollowerState
2019-07-14 08:53:21,452 INFO  server.RaftServerConfigKeys (ConfUtils.java:logGet(43)) - raft.server.log.statemachine.data.sync = true (default)
2019-07-14 08:53:21,452 INFO  server.RaftServerConfigKeys (ConfUtils.java:logGet(43)) - raft.server.log.statemachine.data.sync.timeout = 10s (default)
2019-07-14 08:53:21,452 INFO  server.RaftServerConfigKeys (ConfUtils.java:logGet(43)) - raft.server.log.statemachine.data.sync.timeout = 10s (default)
2019-07-14 08:53:21,452 INFO  util.JmxRegister (JmxRegister.java:tryRegister(44)) - Successfully registered JMX Bean with object name Ratis:service=RaftServer,group=group-294B311AB467,id=0b1e4e1c-0e9e-4e8f-afc5-aa13ca5ca0fd
2019-07-14 08:53:21,452 INFO  server.RaftServerConfigKeys (ConfUtils.java:logGet(43)) - raft.server.log.statemachine.data.sync.timeout.retry = -1 (default)
2019-07-14 08:53:21,453 INFO  server.RaftServerConfigKeys (ConfUtils.java:logGet(43)) - raft.server.log.statemachine.data.sync.timeout.retry = -1 (default)
2019-07-14 08:53:21,453 INFO  server.RaftServerConfigKeys (ConfUtils.java:logGet(43)) - raft.server.log.statemachine.data.caching.enabled = true (custom)
2019-07-14 08:53:21,453 INFO  server.RaftServerConfigKeys (ConfUtils.java:logGet(43)) - raft.server.log.statemachine.data.caching.enabled = true (custom)
2019-07-14 08:53:21,453 INFO  segmented.SegmentedRaftLogWorker (SegmentedRaftLogWorker.java:lambda$new$0(132)) - 2fca86bb-bd0a-49a0-a3c2-c1282515b4f7-SegmentedRaftLogWorker:Storage Directory /workdir/hadoop-ozone/integration-test/target/test-dir/MiniOzoneClusterImpl-2474cb1b-609a-4057-b253-62a746fc6dfe/datanode-2/data/ratis/96285f18-a0c7-49cd-8539-294b311ab467: flushIndex: setUnconditionally 0 -> -1
2019-07-14 08:53:21,453 INFO  segmented.SegmentedRaftLogWorker (SegmentedRaftLogWorker.java:lambda$new$0(132)) - 5dc9bfea-22b3-467b-8f81-6b2eb0614675-SegmentedRaftLogWorker:Storage Directory /workdir/hadoop-ozone/integration-test/target/test-dir/MiniOzoneClusterImpl-2474cb1b-609a-4057-b253-62a746fc6dfe/datanode-6/data/ratis/96285f18-a0c7-49cd-8539-294b311ab467: flushIndex: setUnconditionally 0 -> -1
2019-07-14 08:53:21,454 INFO  server.RaftServerConfigKeys (ConfUtils.java:logGet(43)) - raft.server.snapshot.auto.trigger.enabled = true (custom)
2019-07-14 08:53:21,454 INFO  server.RaftServerConfigKeys (ConfUtils.java:logGet(43)) - raft.server.snapshot.auto.trigger.enabled = true (custom)
2019-07-14 08:53:21,454 INFO  server.RaftServerConfigKeys (ConfUtils.java:logGet(43)) - raft.server.snapshot.auto.trigger.threshold = 10000 (custom)
2019-07-14 08:53:21,454 INFO  server.RaftServerConfigKeys (ConfUtils.java:logGet(43)) - raft.server.snapshot.auto.trigger.threshold = 10000 (custom)
2019-07-14 08:53:21,454 INFO  server.RaftServerConfigKeys (ConfUtils.java:logGet(43)) - raft.server.retrycache.expirytime = 600000ms (custom)
2019-07-14 08:53:21,454 INFO  server.RaftServerConfigKeys (ConfUtils.java:logGet(43)) - raft.server.retrycache.expirytime = 600000ms (custom)
2019-07-14 08:53:21,454 INFO  impl.RaftServerImpl (RaftServerImpl.java:start(180)) - 2fca86bb-bd0a-49a0-a3c2-c1282515b4f7: start group-294B311AB467
2019-07-14 08:53:21,454 INFO  impl.RaftServerImpl (RaftServerImpl.java:start(180)) - 5dc9bfea-22b3-467b-8f81-6b2eb0614675: start group-294B311AB467
2019-07-14 08:53:21,455 INFO  impl.RaftServerImpl (RaftServerImpl.java:setRole(171)) - 2fca86bb-bd0a-49a0-a3c2-c1282515b4f7:group-294B311AB467 changes role from null to FOLLOWER at term 0 for startAsFollower
2019-07-14 08:53:21,455 INFO  impl.RaftServerImpl (RaftServerImpl.java:setRole(171)) - 5dc9bfea-22b3-467b-8f81-6b2eb0614675:group-294B311AB467 changes role from null to FOLLOWER at term 0 for startAsFollower
2019-07-14 08:53:21,455 INFO  impl.RoleInfo (RoleInfo.java:updateAndGet(143)) - 2fca86bb-bd0a-49a0-a3c2-c1282515b4f7: start FollowerState
2019-07-14 08:53:21,455 INFO  impl.RoleInfo (RoleInfo.java:updateAndGet(143)) - 5dc9bfea-22b3-467b-8f81-6b2eb0614675: start FollowerState
2019-07-14 08:53:21,457 INFO  util.JmxRegister (JmxRegister.java:tryRegister(44)) - Successfully registered JMX Bean with object name Ratis:service=RaftServer,group=group-294B311AB467,id=2fca86bb-bd0a-49a0-a3c2-c1282515b4f7
2019-07-14 08:53:21,457 INFO  util.JmxRegister (JmxRegister.java:tryRegister(44)) - Successfully registered JMX Bean with object name Ratis:service=RaftServer,group=group-294B311AB467,id=5dc9bfea-22b3-467b-8f81-6b2eb0614675
2019-07-14 08:53:21,464 INFO  pipeline.PipelineStateManager (PipelineStateManager.java:addPipeline(56)) - Created pipeline Pipeline[ Id: 96285f18-a0c7-49cd-8539-294b311ab467, Nodes: 5dc9bfea-22b3-467b-8f81-6b2eb0614675{ip: 192.168.5.191, host: trunk-nightly-5z2vd-27108033, networkLocation: /default-rack, certSerialId: null}2fca86bb-bd0a-49a0-a3c2-c1282515b4f7{ip: 192.168.5.191, host: trunk-nightly-5z2vd-27108033, networkLocation: /default-rack, certSerialId: null}0b1e4e1c-0e9e-4e8f-afc5-aa13ca5ca0fd{ip: 192.168.5.191, host: trunk-nightly-5z2vd-27108033, networkLocation: /default-rack, certSerialId: null}, Type:RATIS, Factor:THREE, State:OPEN]
2019-07-14 08:53:22,483 WARN  io.KeyOutputStream (KeyOutputStream.java:handleException(276)) - Encountered exception java.io.IOException: Unexpected Storage Container Exception: java.util.concurrent.CompletionException: java.util.concurrent.CompletionException: org.apache.ratis.protocol.GroupMismatchException: 5dc9bfea-22b3-467b-8f81-6b2eb0614675: group-24E06536017F not found. on the pipeline Pipeline[ Id: a7ad66b1-81fa-4e32-bc13-24e06536017f, Nodes: 5dc9bfea-22b3-467b-8f81-6b2eb0614675{ip: 192.168.5.191, host: trunk-nightly-5z2vd-27108033, networkLocation: /default-rack, certSerialId: null}2fca86bb-bd0a-49a0-a3c2-c1282515b4f7{ip: 192.168.5.191, host: trunk-nightly-5z2vd-27108033, networkLocation: /default-rack, certSerialId: null}0b1e4e1c-0e9e-4e8f-afc5-aa13ca5ca0fd{ip: 192.168.5.191, host: trunk-nightly-5z2vd-27108033, networkLocation: /default-rack, certSerialId: null}, Type:RATIS, Factor:THREE, State:OPEN]. The last committed block length is 400, uncommitted data length is 50 retry count 0
2019-07-14 08:53:22,520 INFO  client.GrpcClientProtocolClient (GrpcClientProtocolClient.java:onNext(255)) - client-337AB9DF61D5->5dc9bfea-22b3-467b-8f81-6b2eb0614675: receive RaftClientReply:client-337AB9DF61D5->5dc9bfea-22b3-467b-8f81-6b2eb0614675@group-294B311AB467, cid=27, FAILED org.apache.ratis.protocol.NotLeaderException: Server 5dc9bfea-22b3-467b-8f81-6b2eb0614675 is not the leader (null). Request must be sent to leader., logIndex=0, commits[5dc9bfea-22b3-467b-8f81-6b2eb0614675:c-1]
2019-07-14 08:53:23,553 INFO  client.GrpcClientProtocolClient (GrpcClientProtocolClient.java:onNext(255)) - client-337AB9DF61D5->2fca86bb-bd0a-49a0-a3c2-c1282515b4f7: receive RaftClientReply:client-337AB9DF61D5->2fca86bb-bd0a-49a0-a3c2-c1282515b4f7@group-294B311AB467, cid=27, FAILED org.apache.ratis.protocol.NotLeaderException: Server 2fca86bb-bd0a-49a0-a3c2-c1282515b4f7 is not the leader (null). Request must be sent to leader., logIndex=0, commits[2fca86bb-bd0a-49a0-a3c2-c1282515b4f7:c-1]
2019-07-14 08:53:24,580 INFO  client.GrpcClientProtocolClient (GrpcClientProtocolClient.java:onNext(255)) - client-337AB9DF61D5->0b1e4e1c-0e9e-4e8f-afc5-aa13ca5ca0fd: receive RaftClientReply:client-337AB9DF61D5->0b1e4e1c-0e9e-4e8f-afc5-aa13ca5ca0fd@group-294B311AB467, cid=27, FAILED org.apache.ratis.protocol.NotLeaderException: Server 0b1e4e1c-0e9e-4e8f-afc5-aa13ca5ca0fd is not the leader (null). Request must be sent to leader., logIndex=0, commits[0b1e4e1c-0e9e-4e8f-afc5-aa13ca5ca0fd:c-1]
2019-07-14 08:53:25,604 INFO  client.GrpcClientProtocolClient (GrpcClientProtocolClient.java:onNext(255)) - client-337AB9DF61D5->2fca86bb-bd0a-49a0-a3c2-c1282515b4f7: receive RaftClientReply:client-337AB9DF61D5->2fca86bb-bd0a-49a0-a3c2-c1282515b4f7@group-294B311AB467, cid=27, FAILED org.apache.ratis.protocol.NotLeaderException: Server 2fca86bb-bd0a-49a0-a3c2-c1282515b4f7 is not the leader (null). Request must be sent to leader., logIndex=0, commits[2fca86bb-bd0a-49a0-a3c2-c1282515b4f7:c-1]
2019-07-14 08:53:26,485 INFO  impl.FollowerState (FollowerState.java:run(106)) - 5dc9bfea-22b3-467b-8f81-6b2eb0614675:group-294B311AB467 changes to CANDIDATE, lastRpcTime:5030, electionTimeout:5028ms
2019-07-14 08:53:26,486 INFO  impl.RoleInfo (RoleInfo.java:shutdownFollowerState(121)) - 5dc9bfea-22b3-467b-8f81-6b2eb0614675: shutdown FollowerState
2019-07-14 08:53:26,486 INFO  impl.RaftServerImpl (RaftServerImpl.java:setRole(171)) - 5dc9bfea-22b3-467b-8f81-6b2eb0614675:group-294B311AB467 changes role from FOLLOWER to CANDIDATE at term 0 for changeToCandidate
2019-07-14 08:53:26,486 INFO  impl.RoleInfo (RoleInfo.java:updateAndGet(143)) - 5dc9bfea-22b3-467b-8f81-6b2eb0614675: start LeaderElection
2019-07-14 08:53:26,495 INFO  impl.FollowerState (FollowerState.java:run(106)) - 0b1e4e1c-0e9e-4e8f-afc5-aa13ca5ca0fd:group-294B311AB467 changes to CANDIDATE, lastRpcTime:5042, electionTimeout:5042ms
2019-07-14 08:53:26,495 INFO  impl.RoleInfo (RoleInfo.java:shutdownFollowerState(121)) - 0b1e4e1c-0e9e-4e8f-afc5-aa13ca5ca0fd: shutdown FollowerState
2019-07-14 08:53:26,495 INFO  impl.RaftServerImpl (RaftServerImpl.java:setRole(171)) - 0b1e4e1c-0e9e-4e8f-afc5-aa13ca5ca0fd:group-294B311AB467 changes role from FOLLOWER to CANDIDATE at term 0 for changeToCandidate
2019-07-14 08:53:26,495 INFO  impl.RoleInfo (RoleInfo.java:updateAndGet(143)) - 0b1e4e1c-0e9e-4e8f-afc5-aa13ca5ca0fd: start LeaderElection
2019-07-14 08:53:26,505 INFO  impl.LeaderElection (LeaderElection.java:askForVotes(181)) - 0b1e4e1c-0e9e-4e8f-afc5-aa13ca5ca0fd:group-294B311AB467:LeaderElection11: begin an election at term 1 for -1: [5dc9bfea-22b3-467b-8f81-6b2eb0614675:192.168.5.191:40677, 2fca86bb-bd0a-49a0-a3c2-c1282515b4f7:192.168.5.191:33594, 0b1e4e1c-0e9e-4e8f-afc5-aa13ca5ca0fd:192.168.5.191:33802], old=null
2019-07-14 08:53:26,505 INFO  impl.LeaderElection (LeaderElection.java:askForVotes(181)) - 5dc9bfea-22b3-467b-8f81-6b2eb0614675:group-294B311AB467:LeaderElection10: begin an election at term 1 for -1: [5dc9bfea-22b3-467b-8f81-6b2eb0614675:192.168.5.191:40677, 2fca86bb-bd0a-49a0-a3c2-c1282515b4f7:192.168.5.191:33594, 0b1e4e1c-0e9e-4e8f-afc5-aa13ca5ca0fd:192.168.5.191:33802], old=null
2019-07-14 08:53:26,521 INFO  impl.RaftServerImpl (RaftServerImpl.java:setRole(171)) - 2fca86bb-bd0a-49a0-a3c2-c1282515b4f7:group-294B311AB467 changes role from FOLLOWER to FOLLOWER at term 1 for recognizeCandidate:5dc9bfea-22b3-467b-8f81-6b2eb0614675
2019-07-14 08:53:26,521 INFO  impl.RoleInfo (RoleInfo.java:shutdownFollowerState(121)) - 2fca86bb-bd0a-49a0-a3c2-c1282515b4f7: shutdown FollowerState
2019-07-14 08:53:26,521 INFO  impl.RoleInfo (RoleInfo.java:updateAndGet(143)) - 2fca86bb-bd0a-49a0-a3c2-c1282515b4f7: start FollowerState
2019-07-14 08:53:26,521 INFO  impl.FollowerState (FollowerState.java:run(114)) - 2fca86bb-bd0a-49a0-a3c2-c1282515b4f7: FollowerState was interrupted: java.lang.InterruptedException: sleep interrupted
2019-07-14 08:53:26,543 INFO  impl.LeaderElection (LeaderElection.java:logAndReturn(56)) - 5dc9bfea-22b3-467b-8f81-6b2eb0614675:group-294B311AB467:LeaderElection10: Election PASSED; received 2 response(s) [5dc9bfea-22b3-467b-8f81-6b2eb0614675<-2fca86bb-bd0a-49a0-a3c2-c1282515b4f7#0:OK-t1, 5dc9bfea-22b3-467b-8f81-6b2eb0614675<-0b1e4e1c-0e9e-4e8f-afc5-aa13ca5ca0fd#0:FAIL-t1] and 0 exception(s); 5dc9bfea-22b3-467b-8f81-6b2eb0614675:t1, leader=null, voted=5dc9bfea-22b3-467b-8f81-6b2eb0614675, raftlog=5dc9bfea-22b3-467b-8f81-6b2eb0614675-SegmentedRaftLog:OPENED:c-1,f-1,i0, conf=-1: [5dc9bfea-22b3-467b-8f81-6b2eb0614675:192.168.5.191:40677, 2fca86bb-bd0a-49a0-a3c2-c1282515b4f7:192.168.5.191:33594, 0b1e4e1c-0e9e-4e8f-afc5-aa13ca5ca0fd:192.168.5.191:33802], old=null
2019-07-14 08:53:26,543 INFO  impl.LeaderElection (LeaderElection.java:logAndReturn(56)) - 0b1e4e1c-0e9e-4e8f-afc5-aa13ca5ca0fd:group-294B311AB467:LeaderElection11: Election REJECTED; received 2 response(s) [0b1e4e1c-0e9e-4e8f-afc5-aa13ca5ca0fd<-5dc9bfea-22b3-467b-8f81-6b2eb0614675#0:FAIL-t1, 0b1e4e1c-0e9e-4e8f-afc5-aa13ca5ca0fd<-2fca86bb-bd0a-49a0-a3c2-c1282515b4f7#0:FAIL-t1] and 0 exception(s); 0b1e4e1c-0e9e-4e8f-afc5-aa13ca5ca0fd:t1, leader=null, voted=0b1e4e1c-0e9e-4e8f-afc5-aa13ca5ca0fd, raftlog=0b1e4e1c-0e9e-4e8f-afc5-aa13ca5ca0fd-SegmentedRaftLog:OPENED:c-1,f-1,i0, conf=-1: [5dc9bfea-22b3-467b-8f81-6b2eb0614675:192.168.5.191:40677, 2fca86bb-bd0a-49a0-a3c2-c1282515b4f7:192.168.5.191:33594, 0b1e4e1c-0e9e-4e8f-afc5-aa13ca5ca0fd:192.168.5.191:33802], old=null
2019-07-14 08:53:26,543 INFO  impl.RoleInfo (RoleInfo.java:shutdownLeaderElection(134)) - 5dc9bfea-22b3-467b-8f81-6b2eb0614675: shutdown LeaderElection
2019-07-14 08:53:26,553 INFO  impl.RaftServerImpl (RaftServerImpl.java:setRole(171)) - 0b1e4e1c-0e9e-4e8f-afc5-aa13ca5ca0fd:group-294B311AB467 changes role from CANDIDATE to FOLLOWER at term 1 for DISCOVERED_A_NEW_TERM
2019-07-14 08:53:26,553 INFO  impl.RaftServerImpl (RaftServerImpl.java:setRole(171)) - 5dc9bfea-22b3-467b-8f81-6b2eb0614675:group-294B311AB467 changes role from CANDIDATE to LEADER at term 1 for changeToLeader
2019-07-14 08:53:26,553 INFO  impl.RoleInfo (RoleInfo.java:shutdownLeaderElection(134)) - 0b1e4e1c-0e9e-4e8f-afc5-aa13ca5ca0fd: shutdown LeaderElection
2019-07-14 08:53:26,553 INFO  impl.RaftServerImpl (ServerState.java:setLeader(263)) - 5dc9bfea-22b3-467b-8f81-6b2eb0614675:group-294B311AB467 change Leader from null to 5dc9bfea-22b3-467b-8f81-6b2eb0614675 at term 1 for becomeLeader, leader elected after 5117ms
2019-07-14 08:53:26,554 INFO  impl.RoleInfo (RoleInfo.java:updateAndGet(143)) - 0b1e4e1c-0e9e-4e8f-afc5-aa13ca5ca0fd: start FollowerState
2019-07-14 08:53:26,554 INFO  server.RaftServerConfigKeys (ConfUtils.java:logGet(43)) - raft.server.staging.catchup.gap = 1000 (default)
2019-07-14 08:53:26,554 INFO  server.RaftServerConfigKeys (ConfUtils.java:logGet(43)) - raft.server.rpc.sleep.time = 25ms (default)
2019-07-14 08:53:26,554 INFO  server.RaftServerConfigKeys (ConfUtils.java:logGet(43)) - raft.server.write.element-limit = 4096 (default)
2019-07-14 08:53:26,555 INFO  server.RaftServerConfigKeys (ConfUtils.java:logGet(43)) - raft.server.watch.timeout = 10s (default)
2019-07-14 08:53:26,555 INFO  server.RaftServerConfigKeys (ConfUtils.java:logGet(43)) - raft.server.watch.timeout.denomination = 1s (default)
2019-07-14 08:53:26,555 INFO  server.RaftServerConfigKeys (ConfUtils.java:logGet(43)) - raft.server.watch.element-limit = 65536 (default)
2019-07-14 08:53:26,555 INFO  server.RaftServerConfigKeys (ConfUtils.java:logGet(43)) - raft.server.log.appender.snapshot.chunk.size.max = 16MB (=16777216) (default)
2019-07-14 08:53:26,556 INFO  server.RaftServerConfigKeys (ConfUtils.java:logGet(43)) - raft.server.log.appender.buffer.byte-limit = 33554432 (custom)
2019-07-14 08:53:26,556 INFO  server.RaftServerConfigKeys (ConfUtils.java:logGet(43)) - raft.server.log.appender.buffer.element-limit = 1 (custom)
2019-07-14 08:53:26,556 INFO  grpc.GrpcConfigKeys$Server (ConfUtils.java:logGet(43)) - raft.grpc.server.leader.outstanding.appends.max = 128 (default)
2019-07-14 08:53:26,557 INFO  server.RaftServerConfigKeys (ConfUtils.java:logGet(43)) - raft.server.rpc.request.timeout = 3000ms (default)
2019-07-14 08:53:26,557 INFO  server.RaftServerConfigKeys (ConfUtils.java:logGet(43)) - raft.server.log.appender.install.snapshot.enabled = false (custom)
2019-07-14 08:53:26,557 INFO  server.RaftServerConfigKeys (ConfUtils.java:logGet(43)) - raft.server.log.appender.snapshot.chunk.size.max = 16MB (=16777216) (default)
2019-07-14 08:53:26,557 INFO  server.RaftServerConfigKeys (ConfUtils.java:logGet(43)) - raft.server.log.appender.buffer.byte-limit = 33554432 (custom)
2019-07-14 08:53:26,557 INFO  server.RaftServerConfigKeys (ConfUtils.java:logGet(43)) - raft.server.log.appender.buffer.element-limit = 1 (custom)
2019-07-14 08:53:26,558 INFO  grpc.GrpcConfigKeys$Server (ConfUtils.java:logGet(43)) - raft.grpc.server.leader.outstanding.appends.max = 128 (default)
2019-07-14 08:53:26,558 INFO  server.RaftServerConfigKeys (ConfUtils.java:logGet(43)) - raft.server.rpc.request.timeout = 3000ms (default)
2019-07-14 08:53:26,558 INFO  server.RaftServerConfigKeys (ConfUtils.java:logGet(43)) - raft.server.log.appender.install.snapshot.enabled = false (custom)
2019-07-14 08:53:26,558 INFO  impl.RoleInfo (RoleInfo.java:updateAndGet(143)) - 5dc9bfea-22b3-467b-8f81-6b2eb0614675: start LeaderState
2019-07-14 08:53:26,559 INFO  segmented.SegmentedRaftLogWorker (SegmentedRaftLogWorker.java:startLogSegment(380)) - 5dc9bfea-22b3-467b-8f81-6b2eb0614675-SegmentedRaftLogWorker:Storage Directory /workdir/hadoop-ozone/integration-test/target/test-dir/MiniOzoneClusterImpl-2474cb1b-609a-4057-b253-62a746fc6dfe/datanode-6/data/ratis/96285f18-a0c7-49cd-8539-294b311ab467: Starting segment from index:0
2019-07-14 08:53:26,560 INFO  impl.RaftServerImpl (ServerState.java:setRaftConf(361)) - 5dc9bfea-22b3-467b-8f81-6b2eb0614675:group-294B311AB467 set configuration 0: [5dc9bfea-22b3-467b-8f81-6b2eb0614675:192.168.5.191:40677, 2fca86bb-bd0a-49a0-a3c2-c1282515b4f7:192.168.5.191:33594, 0b1e4e1c-0e9e-4e8f-afc5-aa13ca5ca0fd:192.168.5.191:33802], old=null at 0
2019-07-14 08:53:26,567 INFO  impl.RaftServerImpl (ServerState.java:setLeader(263)) - 2fca86bb-bd0a-49a0-a3c2-c1282515b4f7:group-294B311AB467 change Leader from null to 5dc9bfea-22b3-467b-8f81-6b2eb0614675 at term 1 for appendEntries, leader elected after 5131ms
2019-07-14 08:53:26,567 INFO  impl.RaftServerImpl (ServerState.java:setLeader(263)) - 0b1e4e1c-0e9e-4e8f-afc5-aa13ca5ca0fd:group-294B311AB467 change Leader from null to 5dc9bfea-22b3-467b-8f81-6b2eb0614675 at term 1 for appendEntries, leader elected after 5131ms
2019-07-14 08:53:26,576 INFO  impl.RaftServerImpl (ServerState.java:setRaftConf(361)) - 0b1e4e1c-0e9e-4e8f-afc5-aa13ca5ca0fd:group-294B311AB467 set configuration 0: [5dc9bfea-22b3-467b-8f81-6b2eb0614675:192.168.5.191:40677, 2fca86bb-bd0a-49a0-a3c2-c1282515b4f7:192.168.5.191:33594, 0b1e4e1c-0e9e-4e8f-afc5-aa13ca5ca0fd:192.168.5.191:33802], old=null at 0
2019-07-14 08:53:26,576 INFO  impl.RaftServerImpl (ServerState.java:setRaftConf(361)) - 2fca86bb-bd0a-49a0-a3c2-c1282515b4f7:group-294B311AB467 set configuration 0: [5dc9bfea-22b3-467b-8f81-6b2eb0614675:192.168.5.191:40677, 2fca86bb-bd0a-49a0-a3c2-c1282515b4f7:192.168.5.191:33594, 0b1e4e1c-0e9e-4e8f-afc5-aa13ca5ca0fd:192.168.5.191:33802], old=null at 0
2019-07-14 08:53:26,576 INFO  segmented.SegmentedRaftLogWorker (SegmentedRaftLogWorker.java:startLogSegment(380)) - 0b1e4e1c-0e9e-4e8f-afc5-aa13ca5ca0fd-SegmentedRaftLogWorker:Storage Directory /workdir/hadoop-ozone/integration-test/target/test-dir/MiniOzoneClusterImpl-2474cb1b-609a-4057-b253-62a746fc6dfe/datanode-0/data/ratis/96285f18-a0c7-49cd-8539-294b311ab467: Starting segment from index:0
2019-07-14 08:53:26,576 INFO  segmented.SegmentedRaftLogWorker (SegmentedRaftLogWorker.java:startLogSegment(380)) - 2fca86bb-bd0a-49a0-a3c2-c1282515b4f7-SegmentedRaftLogWorker:Storage Directory /workdir/hadoop-ozone/integration-test/target/test-dir/MiniOzoneClusterImpl-2474cb1b-609a-4057-b253-62a746fc6dfe/datanode-2/data/ratis/96285f18-a0c7-49cd-8539-294b311ab467: Starting segment from index:0
2019-07-14 08:53:26,595 INFO  segmented.SegmentedRaftLogWorker (SegmentedRaftLogWorker.java:execute(569)) - 5dc9bfea-22b3-467b-8f81-6b2eb0614675-SegmentedRaftLogWorker:Storage Directory /workdir/hadoop-ozone/integration-test/target/test-dir/MiniOzoneClusterImpl-2474cb1b-609a-4057-b253-62a746fc6dfe/datanode-6/data/ratis/96285f18-a0c7-49cd-8539-294b311ab467: created new log segment /workdir/hadoop-ozone/integration-test/target/test-dir/MiniOzoneClusterImpl-2474cb1b-609a-4057-b253-62a746fc6dfe/datanode-6/data/ratis/96285f18-a0c7-49cd-8539-294b311ab467/current/log_inprogress_0
2019-07-14 08:53:26,598 INFO  segmented.SegmentedRaftLogWorker (SegmentedRaftLogWorker.java:execute(569)) - 2fca86bb-bd0a-49a0-a3c2-c1282515b4f7-SegmentedRaftLogWorker:Storage Directory /workdir/hadoop-ozone/integration-test/target/test-dir/MiniOzoneClusterImpl-2474cb1b-609a-4057-b253-62a746fc6dfe/datanode-2/data/ratis/96285f18-a0c7-49cd-8539-294b311ab467: created new log segment /workdir/hadoop-ozone/integration-test/target/test-dir/MiniOzoneClusterImpl-2474cb1b-609a-4057-b253-62a746fc6dfe/datanode-2/data/ratis/96285f18-a0c7-49cd-8539-294b311ab467/current/log_inprogress_0
2019-07-14 08:53:26,598 INFO  segmented.SegmentedRaftLogWorker (SegmentedRaftLogWorker.java:execute(569)) - 0b1e4e1c-0e9e-4e8f-afc5-aa13ca5ca0fd-SegmentedRaftLogWorker:Storage Directory /workdir/hadoop-ozone/integration-test/target/test-dir/MiniOzoneClusterImpl-2474cb1b-609a-4057-b253-62a746fc6dfe/datanode-0/data/ratis/96285f18-a0c7-49cd-8539-294b311ab467: created new log segment /workdir/hadoop-ozone/integration-test/target/test-dir/MiniOzoneClusterImpl-2474cb1b-609a-4057-b253-62a746fc6dfe/datanode-0/data/ratis/96285f18-a0c7-49cd-8539-294b311ab467/current/log_inprogress_0
2019-07-14 08:53:26,739 INFO  client.GrpcClientProtocolClient (GrpcClientProtocolClient.java:onNext(255)) - client-337AB9DF61D5->5dc9bfea-22b3-467b-8f81-6b2eb0614675: receive RaftClientReply:client-337AB9DF61D5->5dc9bfea-22b3-467b-8f81-6b2eb0614675@group-294B311AB467, cid=27, SUCCESS, logIndex=1, commits[5dc9bfea-22b3-467b-8f81-6b2eb0614675:c1, 2fca86bb-bd0a-49a0-a3c2-c1282515b4f7:c-1, 0b1e4e1c-0e9e-4e8f-afc5-aa13ca5ca0fd:c0]
2019-07-14 08:53:26,802 INFO  client.GrpcClientProtocolClient (GrpcClientProtocolClient.java:onNext(255)) - client-337AB9DF61D5->5dc9bfea-22b3-467b-8f81-6b2eb0614675: receive RaftClientReply:client-337AB9DF61D5->5dc9bfea-22b3-467b-8f81-6b2eb0614675@group-294B311AB467, cid=28, SUCCESS, logIndex=3, commits[5dc9bfea-22b3-467b-8f81-6b2eb0614675:c4, 2fca86bb-bd0a-49a0-a3c2-c1282515b4f7:c3, 0b1e4e1c-0e9e-4e8f-afc5-aa13ca5ca0fd:c3]
2019-07-14 08:53:26,878 INFO  pipeline.Pipeline (Pipeline.java:getProtobufMessage(195)) - Serialize pipeline PipelineID=96285f18-a0c7-49cd-8539-294b311ab467 with nodesInOrder{ }
2019-07-14 08:53:26,879 INFO  pipeline.Pipeline (Pipeline.java:build(342)) - Deserialize nodesInOrder [5dc9bfea-22b3-467b-8f81-6b2eb0614675{ip: 192.168.5.191, host: trunk-nightly-5z2vd-27108033, networkLocation: /default-rack, certSerialId: null}, 5dc9bfea-22b3-467b-8f81-6b2eb0614675{ip: 192.168.5.191, host: trunk-nightly-5z2vd-27108033, networkLocation: /default-rack, certSerialId: null}, 5dc9bfea-22b3-467b-8f81-6b2eb0614675{ip: 192.168.5.191, host: trunk-nightly-5z2vd-27108033, networkLocation: /default-rack, certSerialId: null}] in pipeline PipelineID=96285f18-a0c7-49cd-8539-294b311ab467
2019-07-14 08:53:26,886 INFO  ozone.MiniOzoneClusterImpl (MiniOzoneClusterImpl.java:shutdown(321)) - Shutting down the Mini Ozone Cluster
2019-07-14 08:53:26,887 INFO  ozone.MiniOzoneClusterImpl (MiniOzoneClusterImpl.java:stop(336)) - Stopping the Mini Ozone Cluster
2019-07-14 08:53:26,887 INFO  ozone.MiniOzoneClusterImpl (MiniOzoneClusterImpl.java:stop(338)) - Stopping the OzoneManager
2019-07-14 08:53:26,887 INFO  ipc.Server (Server.java:stop(3082)) - Stopping server on 34828
2019-07-14 08:53:26,890 INFO  ipc.Server (Server.java:run(1185)) - Stopping IPC Server listener on 34828
2019-07-14 08:53:26,890 INFO  utils.BackgroundService (BackgroundService.java:shutdown(148)) - Shutting down service KeyDeletingService
2019-07-14 08:53:26,891 INFO  ipc.Server (Server.java:run(1319)) - Stopping IPC Server Responder
2019-07-14 08:53:26,897 INFO  handler.ContextHandler (ContextHandler.java:doStop(910)) - Stopped o.e.j.w.WebAppContext@3e9803c2{/,null,UNAVAILABLE}{/ozoneManager}
2019-07-14 08:53:26,904 INFO  server.AbstractConnector (AbstractConnector.java:doStop(318)) - Stopped ServerConnector@4525d1d3{HTTP/1.1,[http/1.1]}{0.0.0.0:0}
2019-07-14 08:53:26,904 INFO  handler.ContextHandler (ContextHandler.java:doStop(910)) - Stopped o.e.j.s.ServletContextHandler@7b44b63d{/static,file:///workdir/hadoop-ozone/integration-test/target/test-classes/webapps/static,UNAVAILABLE}
2019-07-14 08:53:26,905 INFO  handler.ContextHandler (ContextHandler.java:doStop(910)) - Stopped o.e.j.s.ServletContextHandler@2d0bfb24{/logs,file:///workdir/hadoop-ozone/integration-test/target/log,UNAVAILABLE}
2019-07-14 08:53:26,912 INFO  ozone.MiniOzoneClusterImpl (MiniOzoneClusterImpl.java:stop(344)) - Shutting the HddsDatanodes
2019-07-14 08:53:26,913 INFO  datanode.ObjectStoreHandler (ObjectStoreHandler.java:close(155)) - Closing ObjectStoreHandler.
2019-07-14 08:53:26,913 INFO  datanode.ObjectStoreHandler (ObjectStoreHandler.java:close(155)) - Closing ObjectStoreHandler.
2019-07-14 08:53:26,916 INFO  ozone.HddsDatanodeService (HddsDatanodeService.java:stop(452)) - Stopped plug-in org.apache.hadoop.ozone.web.OzoneHddsDatanodeService@15d236fd
2019-07-14 08:53:26,916 INFO  ozone.HddsDatanodeService (HddsDatanodeService.java:stop(452)) - Stopped plug-in org.apache.hadoop.ozone.web.OzoneHddsDatanodeService@5729b410
2019-07-14 08:53:27,620 INFO  statemachine.DatanodeStateMachine (DatanodeStateMachine.java:lambda$startDaemon$0(350)) - Ozone container server started.
2019-07-14 08:53:27,850 INFO  statemachine.DatanodeStateMachine (DatanodeStateMachine.java:lambda$startDaemon$0(350)) - Ozone container server started.
2019-07-14 08:53:31,923 INFO  ozoneimpl.OzoneContainer (OzoneContainer.java:stop(199)) - Attempting to stop container services.
2019-07-14 08:53:31,923 INFO  ozoneimpl.OzoneContainer (OzoneContainer.java:stop(199)) - Attempting to stop container services.
2019-07-14 08:53:31,925 INFO  impl.RaftServerProxy (RaftServerProxy.java:lambda$close$4(314)) - 47b5091c-c8b4-43d9-a484-1a0ef0e6a01f: close
2019-07-14 08:53:31,925 INFO  impl.RaftServerProxy (RaftServerProxy.java:lambda$close$4(314)) - f3ff9805-b314-43df-abba-f6febe10e2d0: close
2019-07-14 08:53:31,926 INFO  impl.RaftServerImpl (RaftServerImpl.java:lambda$shutdown$3(245)) - 47b5091c-c8b4-43d9-a484-1a0ef0e6a01f: shutdown group-63F1C14C5639
2019-07-14 08:53:31,926 INFO  impl.RaftServerImpl (RaftServerImpl.java:lambda$shutdown$3(245)) - f3ff9805-b314-43df-abba-f6febe10e2d0: shutdown group-63F1C14C5639
2019-07-14 08:53:31,926 INFO  util.JmxRegister (JmxRegister.java:unregister(73)) - Successfully un-registered JMX Bean with object name Ratis:service=RaftServer,group=group-63F1C14C5639,id=47b5091c-c8b4-43d9-a484-1a0ef0e6a01f
2019-07-14 08:53:31,927 INFO  util.JmxRegister (JmxRegister.java:unregister(73)) - Successfully un-registered JMX Bean with object name Ratis:service=RaftServer,group=group-63F1C14C5639,id=f3ff9805-b314-43df-abba-f6febe10e2d0
2019-07-14 08:53:31,927 INFO  impl.RoleInfo (RoleInfo.java:shutdownFollowerState(121)) - 47b5091c-c8b4-43d9-a484-1a0ef0e6a01f: shutdown FollowerState
2019-07-14 08:53:31,927 INFO  impl.RoleInfo (RoleInfo.java:shutdownFollowerState(121)) - f3ff9805-b314-43df-abba-f6febe10e2d0: shutdown FollowerState
2019-07-14 08:53:31,928 INFO  impl.FollowerState (FollowerState.java:run(114)) - 47b5091c-c8b4-43d9-a484-1a0ef0e6a01f: FollowerState was interrupted: java.lang.InterruptedException: sleep interrupted
2019-07-14 08:53:31,928 INFO  impl.StateMachineUpdater (StateMachineUpdater.java:stopAndJoin(115)) - StateMachineUpdater:47b5091c-c8b4-43d9-a484-1a0ef0e6a01f:group-63F1C14C5639: set stopIndex = 0
2019-07-14 08:53:31,928 INFO  impl.FollowerState (FollowerState.java:run(114)) - f3ff9805-b314-43df-abba-f6febe10e2d0: FollowerState was interrupted: java.lang.InterruptedException: sleep interrupted
2019-07-14 08:53:31,928 INFO  impl.StateMachineUpdater (StateMachineUpdater.java:stopAndJoin(115)) - StateMachineUpdater:f3ff9805-b314-43df-abba-f6febe10e2d0:group-63F1C14C5639: set stopIndex = 0
2019-07-14 08:53:31,931 INFO  impl.RaftServerImpl (ServerState.java:close(394)) - 47b5091c-c8b4-43d9-a484-1a0ef0e6a01f:group-63F1C14C5639 closes. The last applied log index is 0
2019-07-14 08:53:31,938 INFO  impl.RaftServerImpl (ServerState.java:close(394)) - f3ff9805-b314-43df-abba-f6febe10e2d0:group-63F1C14C5639 closes. The last applied log index is 0
2019-07-14 08:53:31,939 INFO  segmented.SegmentedRaftLogWorker (SegmentedRaftLogWorker.java:run(313)) - 47b5091c-c8b4-43d9-a484-1a0ef0e6a01f-SegmentedRaftLogWorker:Storage Directory /workdir/hadoop-ozone/integration-test/target/test-dir/MiniOzoneClusterImpl-2474cb1b-609a-4057-b253-62a746fc6dfe/datanode-1/data/ratis/d9730693-73cd-43ca-a306-63f1c14c5639 was interrupted, exiting. There are 0 tasks remaining in the queue.
2019-07-14 08:53:31,939 INFO  segmented.SegmentedRaftLogWorker (SegmentedRaftLogWorker.java:run(313)) - f3ff9805-b314-43df-abba-f6febe10e2d0-SegmentedRaftLogWorker:Storage Directory /workdir/hadoop-ozone/integration-test/target/test-dir/MiniOzoneClusterImpl-2474cb1b-609a-4057-b253-62a746fc6dfe/datanode-4/data/ratis/d9730693-73cd-43ca-a306-63f1c14c5639 was interrupted, exiting. There are 0 tasks remaining in the queue.
2019-07-14 08:53:31,944 INFO  segmented.SegmentedRaftLogWorker (SegmentedRaftLogWorker.java:close(228)) - 47b5091c-c8b4-43d9-a484-1a0ef0e6a01f-SegmentedRaftLogWorker:Storage Directory /workdir/hadoop-ozone/integration-test/target/test-dir/MiniOzoneClusterImpl-2474cb1b-609a-4057-b253-62a746fc6dfe/datanode-1/data/ratis/d9730693-73cd-43ca-a306-63f1c14c5639 close()
2019-07-14 08:53:31,944 INFO  segmented.SegmentedRaftLogWorker (SegmentedRaftLogWorker.java:close(228)) - f3ff9805-b314-43df-abba-f6febe10e2d0-SegmentedRaftLogWorker:Storage Directory /workdir/hadoop-ozone/integration-test/target/test-dir/MiniOzoneClusterImpl-2474cb1b-609a-4057-b253-62a746fc6dfe/datanode-4/data/ratis/d9730693-73cd-43ca-a306-63f1c14c5639 close()
2019-07-14 08:53:31,948 INFO  impl.RaftServerImpl (RaftServerImpl.java:lambda$shutdown$3(245)) - 47b5091c-c8b4-43d9-a484-1a0ef0e6a01f: shutdown group-5605B9F1EB73
2019-07-14 08:53:31,952 INFO  impl.RaftServerImpl (RaftServerImpl.java:lambda$shutdown$3(245)) - f3ff9805-b314-43df-abba-f6febe10e2d0: shutdown group-BA2D0E972037
2019-07-14 08:53:31,952 INFO  util.JmxRegister (JmxRegister.java:unregister(73)) - Successfully un-registered JMX Bean with object name Ratis:service=RaftServer,group=group-5605B9F1EB73,id=47b5091c-c8b4-43d9-a484-1a0ef0e6a01f
2019-07-14 08:53:31,952 INFO  util.JmxRegister (JmxRegister.java:unregister(73)) - Successfully un-registered JMX Bean with object name Ratis:service=RaftServer,group=group-BA2D0E972037,id=f3ff9805-b314-43df-abba-f6febe10e2d0
2019-07-14 08:53:31,952 INFO  impl.RoleInfo (RoleInfo.java:shutdownLeaderState(104)) - 47b5091c-c8b4-43d9-a484-1a0ef0e6a01f: shutdown LeaderState
2019-07-14 08:53:31,953 INFO  impl.RoleInfo (RoleInfo.java:shutdownLeaderState(104)) - f3ff9805-b314-43df-abba-f6febe10e2d0: shutdown LeaderState
2019-07-14 08:53:31,953 INFO  impl.PendingRequests (PendingRequests.java:sendNotLeaderResponses(202)) - 47b5091c-c8b4-43d9-a484-1a0ef0e6a01f-PendingRequests: sendNotLeaderResponses
2019-07-14 08:53:31,953 INFO  impl.PendingRequests (PendingRequests.java:sendNotLeaderResponses(202)) - f3ff9805-b314-43df-abba-f6febe10e2d0-PendingRequests: sendNotLeaderResponses
2019-07-14 08:53:31,956 INFO  impl.StateMachineUpdater (StateMachineUpdater.java:stopAndJoin(115)) - StateMachineUpdater:47b5091c-c8b4-43d9-a484-1a0ef0e6a01f:group-5605B9F1EB73: set stopIndex = 0
2019-07-14 08:53:31,956 INFO  impl.StateMachineUpdater (StateMachineUpdater.java:stopAndJoin(115)) - StateMachineUpdater:f3ff9805-b314-43df-abba-f6febe10e2d0:group-BA2D0E972037: set stopIndex = 0
2019-07-14 08:53:31,956 INFO  impl.RaftServerImpl (ServerState.java:close(394)) - 47b5091c-c8b4-43d9-a484-1a0ef0e6a01f:group-5605B9F1EB73 closes. The last applied log index is 0
2019-07-14 08:53:31,957 INFO  impl.RaftServerImpl (ServerState.java:close(394)) - f3ff9805-b314-43df-abba-f6febe10e2d0:group-BA2D0E972037 closes. The last applied log index is 0
2019-07-14 08:53:31,957 INFO  segmented.SegmentedRaftLogWorker (SegmentedRaftLogWorker.java:run(313)) - 47b5091c-c8b4-43d9-a484-1a0ef0e6a01f-SegmentedRaftLogWorker:Storage Directory /workdir/hadoop-ozone/integration-test/target/test-dir/MiniOzoneClusterImpl-2474cb1b-609a-4057-b253-62a746fc6dfe/datanode-1/data/ratis/169bb343-fe38-4d8b-a471-5605b9f1eb73 was interrupted, exiting. There are 0 tasks remaining in the queue.
2019-07-14 08:53:31,958 INFO  segmented.SegmentedRaftLogWorker (SegmentedRaftLogWorker.java:run(313)) - f3ff9805-b314-43df-abba-f6febe10e2d0-SegmentedRaftLogWorker:Storage Directory /workdir/hadoop-ozone/integration-test/target/test-dir/MiniOzoneClusterImpl-2474cb1b-609a-4057-b253-62a746fc6dfe/datanode-4/data/ratis/0363fb7a-3be9-4156-bf5c-ba2d0e972037 was interrupted, exiting. There are 0 tasks remaining in the queue.
2019-07-14 08:53:31,962 INFO  segmented.SegmentedRaftLogWorker (SegmentedRaftLogWorker.java:close(228)) - 47b5091c-c8b4-43d9-a484-1a0ef0e6a01f-SegmentedRaftLogWorker:Storage Directory /workdir/hadoop-ozone/integration-test/target/test-dir/MiniOzoneClusterImpl-2474cb1b-609a-4057-b253-62a746fc6dfe/datanode-1/data/ratis/169bb343-fe38-4d8b-a471-5605b9f1eb73 close()
2019-07-14 08:53:31,962 INFO  segmented.SegmentedRaftLogWorker (SegmentedRaftLogWorker.java:close(228)) - f3ff9805-b314-43df-abba-f6febe10e2d0-SegmentedRaftLogWorker:Storage Directory /workdir/hadoop-ozone/integration-test/target/test-dir/MiniOzoneClusterImpl-2474cb1b-609a-4057-b253-62a746fc6dfe/datanode-4/data/ratis/0363fb7a-3be9-4156-bf5c-ba2d0e972037 close()
2019-07-14 08:53:31,970 INFO  server.GrpcService (GrpcService.java:closeImpl(155)) - 47b5091c-c8b4-43d9-a484-1a0ef0e6a01f: shutdown server with port 35899 now
2019-07-14 08:53:31,970 INFO  server.GrpcService (GrpcService.java:closeImpl(155)) - f3ff9805-b314-43df-abba-f6febe10e2d0: shutdown server with port 37002 now
2019-07-14 08:53:31,987 INFO  server.GrpcService (GrpcService.java:closeImpl(163)) - f3ff9805-b314-43df-abba-f6febe10e2d0: shutdown server with port 37002 successfully
2019-07-14 08:53:31,987 WARN  server.GrpcServerProtocolService (LogUtils.java:warn(134)) - 47b5091c-c8b4-43d9-a484-1a0ef0e6a01f: appendEntries onError: org.apache.ratis.thirdparty.io.grpc.StatusRuntimeException: CANCELLED: cancelled before receiving half close
2019-07-14 08:53:31,988 INFO  server.GrpcService (GrpcService.java:closeImpl(163)) - 47b5091c-c8b4-43d9-a484-1a0ef0e6a01f: shutdown server with port 35899 successfully
2019-07-14 08:53:31,989 WARN  server.GrpcServerProtocolService (LogUtils.java:warn(134)) - f3ff9805-b314-43df-abba-f6febe10e2d0: appendEntries onError: org.apache.ratis.thirdparty.io.grpc.StatusRuntimeException: CANCELLED: cancelled before receiving half close
2019-07-14 08:53:31,992 WARN  server.GrpcLogAppender (LogUtils.java:warn(134)) - 752ff8a1-e67a-435d-a9ca-9019089e4c30->47b5091c-c8b4-43d9-a484-1a0ef0e6a01f: Failed appendEntries: org.apache.ratis.thirdparty.io.grpc.StatusRuntimeException: CANCELLED: HTTP/2 error code: CANCEL
Received Rst Stream
2019-07-14 08:53:31,992 WARN  server.GrpcLogAppender (LogUtils.java:warn(134)) - 752ff8a1-e67a-435d-a9ca-9019089e4c30->f3ff9805-b314-43df-abba-f6febe10e2d0: Failed appendEntries: org.apache.ratis.thirdparty.io.grpc.StatusRuntimeException: CANCELLED: HTTP/2 error code: CANCEL
Received Rst Stream
2019-07-14 08:53:31,994 INFO  impl.FollowerInfo (FollowerInfo.java:lambda$new$0(50)) - 752ff8a1-e67a-435d-a9ca-9019089e4c30->47b5091c-c8b4-43d9-a484-1a0ef0e6a01f: nextIndex: updateUnconditionally 1 -> 0
2019-07-14 08:53:31,999 INFO  impl.FollowerInfo (FollowerInfo.java:lambda$new$0(50)) - 752ff8a1-e67a-435d-a9ca-9019089e4c30->f3ff9805-b314-43df-abba-f6febe10e2d0: nextIndex: updateUnconditionally 1 -> 0
2019-07-14 08:53:31,999 INFO  utils.BackgroundService (BackgroundService.java:shutdown(148)) - Shutting down service BlockDeletingService
2019-07-14 08:53:31,999 INFO  utils.BackgroundService (BackgroundService.java:shutdown(148)) - Shutting down service BlockDeletingService
2019-07-14 08:53:32,002 WARN  fs.CachingGetSpaceUsed (CachingGetSpaceUsed.java:run(183)) - Thread Interrupted waiting to refresh disk information: sleep interrupted
2019-07-14 08:53:32,002 WARN  fs.CachingGetSpaceUsed (CachingGetSpaceUsed.java:run(183)) - Thread Interrupted waiting to refresh disk information: sleep interrupted
2019-07-14 08:53:32,032 INFO  statemachine.DatanodeStateMachine (DatanodeStateMachine.java:stopDaemon(395)) - Ozone container server stopped.
2019-07-14 08:53:32,037 INFO  statemachine.DatanodeStateMachine (DatanodeStateMachine.java:stopDaemon(395)) - Ozone container server stopped.
2019-07-14 08:53:32,052 INFO  handler.ContextHandler (ContextHandler.java:doStop(910)) - Stopped o.e.j.w.WebAppContext@367d34c0{/,null,UNAVAILABLE}{/hddsDatanode}
2019-07-14 08:53:32,052 INFO  handler.ContextHandler (ContextHandler.java:doStop(910)) - Stopped o.e.j.w.WebAppContext@2e1eb85f{/,null,UNAVAILABLE}{/hddsDatanode}
2019-07-14 08:53:32,053 INFO  server.AbstractConnector (AbstractConnector.java:doStop(318)) - Stopped ServerConnector@4ce25e47{HTTP/1.1,[http/1.1]}{0.0.0.0:0}
2019-07-14 08:53:32,053 INFO  server.AbstractConnector (AbstractConnector.java:doStop(318)) - Stopped ServerConnector@ea7a4c3{HTTP/1.1,[http/1.1]}{0.0.0.0:0}
2019-07-14 08:53:32,054 INFO  handler.ContextHandler (ContextHandler.java:doStop(910)) - Stopped o.e.j.s.ServletContextHandler@5fef0c19{/static,jar:file:/home/user/.m2/repository/org/apache/hadoop/hadoop-hdds-container-service/0.5.0-SNAPSHOT/hadoop-hdds-container-service-0.5.0-SNAPSHOT.jar!/webapps/static,UNAVAILABLE}
2019-07-14 08:53:32,055 INFO  handler.ContextHandler (ContextHandler.java:doStop(910)) - Stopped o.e.j.s.ServletContextHandler@364fd4ae{/static,jar:file:/home/user/.m2/repository/org/apache/hadoop/hadoop-hdds-container-service/0.5.0-SNAPSHOT/hadoop-hdds-container-service-0.5.0-SNAPSHOT.jar!/webapps/static,UNAVAILABLE}
2019-07-14 08:53:32,055 INFO  handler.ContextHandler (ContextHandler.java:doStop(910)) - Stopped o.e.j.s.ServletContextHandler@615db358{/logs,file:///workdir/hadoop-ozone/integration-test/target/log,UNAVAILABLE}
2019-07-14 08:53:32,057 INFO  handler.ContextHandler (ContextHandler.java:doStop(910)) - Stopped o.e.j.s.ServletContextHandler@359066bc{/logs,file:///workdir/hadoop-ozone/integration-test/target/log,UNAVAILABLE}
2019-07-14 08:53:32,059 INFO  datanode.ObjectStoreHandler (ObjectStoreHandler.java:close(155)) - Closing ObjectStoreHandler.
2019-07-14 08:53:32,060 INFO  datanode.ObjectStoreHandler (ObjectStoreHandler.java:close(155)) - Closing ObjectStoreHandler.
2019-07-14 08:53:32,060 INFO  ozone.HddsDatanodeService (HddsDatanodeService.java:stop(452)) - Stopped plug-in org.apache.hadoop.ozone.web.OzoneHddsDatanodeService@7436364d
2019-07-14 08:53:32,060 INFO  ozone.HddsDatanodeService (HddsDatanodeService.java:stop(452)) - Stopped plug-in org.apache.hadoop.ozone.web.OzoneHddsDatanodeService@65da01f4
2019-07-14 08:53:32,620 INFO  statemachine.DatanodeStateMachine (DatanodeStateMachine.java:lambda$startDaemon$0(350)) - Ozone container server started.
2019-07-14 08:53:32,723 INFO  statemachine.DatanodeStateMachine (DatanodeStateMachine.java:lambda$startDaemon$0(350)) - Ozone container server started.
2019-07-14 08:53:33,305 WARN  server.GrpcLogAppender (LogUtils.java:warn(134)) - 752ff8a1-e67a-435d-a9ca-9019089e4c30->47b5091c-c8b4-43d9-a484-1a0ef0e6a01f: Failed appendEntries: org.apache.ratis.thirdparty.io.grpc.StatusRuntimeException: UNAVAILABLE: io exception
2019-07-14 08:53:33,305 WARN  server.GrpcLogAppender (LogUtils.java:warn(134)) - 752ff8a1-e67a-435d-a9ca-9019089e4c30->f3ff9805-b314-43df-abba-f6febe10e2d0: Failed appendEntries: org.apache.ratis.thirdparty.io.grpc.StatusRuntimeException: UNAVAILABLE: io exception
2019-07-14 08:53:33,308 INFO  impl.FollowerInfo (FollowerInfo.java:lambda$new$0(50)) - 752ff8a1-e67a-435d-a9ca-9019089e4c30->47b5091c-c8b4-43d9-a484-1a0ef0e6a01f: nextIndex: updateUnconditionally 0 -> 0
2019-07-14 08:53:33,310 INFO  impl.FollowerInfo (FollowerInfo.java:lambda$new$0(50)) - 752ff8a1-e67a-435d-a9ca-9019089e4c30->f3ff9805-b314-43df-abba-f6febe10e2d0: nextIndex: updateUnconditionally 0 -> 0
2019-07-14 08:53:35,797 WARN  server.GrpcLogAppender (LogUtils.java:warn(134)) - 752ff8a1-e67a-435d-a9ca-9019089e4c30->f3ff9805-b314-43df-abba-f6febe10e2d0: Failed appendEntries: org.apache.ratis.thirdparty.io.grpc.StatusRuntimeException: UNAVAILABLE: io exception
2019-07-14 08:53:35,797 WARN  server.GrpcLogAppender (LogUtils.java:warn(134)) - 752ff8a1-e67a-435d-a9ca-9019089e4c30->47b5091c-c8b4-43d9-a484-1a0ef0e6a01f: Failed appendEntries: org.apache.ratis.thirdparty.io.grpc.StatusRuntimeException: UNAVAILABLE: io exception
2019-07-14 08:53:35,800 INFO  impl.FollowerInfo (FollowerInfo.java:lambda$new$0(50)) - 752ff8a1-e67a-435d-a9ca-9019089e4c30->f3ff9805-b314-43df-abba-f6febe10e2d0: nextIndex: updateUnconditionally 0 -> 0
2019-07-14 08:53:35,802 INFO  impl.FollowerInfo (FollowerInfo.java:lambda$new$0(50)) - 752ff8a1-e67a-435d-a9ca-9019089e4c30->47b5091c-c8b4-43d9-a484-1a0ef0e6a01f: nextIndex: updateUnconditionally 0 -> 0
2019-07-14 08:53:37,061 INFO  ozoneimpl.OzoneContainer (OzoneContainer.java:stop(199)) - Attempting to stop container services.
2019-07-14 08:53:37,061 INFO  ozoneimpl.OzoneContainer (OzoneContainer.java:stop(199)) - Attempting to stop container services.
2019-07-14 08:53:37,061 INFO  impl.RaftServerProxy (RaftServerProxy.java:lambda$close$4(314)) - 2fca86bb-bd0a-49a0-a3c2-c1282515b4f7: close
2019-07-14 08:53:37,062 INFO  impl.RaftServerProxy (RaftServerProxy.java:lambda$close$4(314)) - 752ff8a1-e67a-435d-a9ca-9019089e4c30: close
2019-07-14 08:53:37,062 INFO  impl.RaftServerImpl (RaftServerImpl.java:lambda$shutdown$3(245)) - 2fca86bb-bd0a-49a0-a3c2-c1282515b4f7: shutdown group-6E1736BAE905
2019-07-14 08:53:37,063 INFO  impl.RaftServerImpl (RaftServerImpl.java:lambda$shutdown$3(245)) - 752ff8a1-e67a-435d-a9ca-9019089e4c30: shutdown group-1A0E0DC29AD5
2019-07-14 08:53:37,063 INFO  util.JmxRegister (JmxRegister.java:unregister(73)) - Successfully un-registered JMX Bean with object name Ratis:service=RaftServer,group=group-6E1736BAE905,id=2fca86bb-bd0a-49a0-a3c2-c1282515b4f7
2019-07-14 08:53:37,063 INFO  util.JmxRegister (JmxRegister.java:unregister(73)) - Successfully un-registered JMX Bean with object name Ratis:service=RaftServer,group=group-1A0E0DC29AD5,id=752ff8a1-e67a-435d-a9ca-9019089e4c30
2019-07-14 08:53:37,064 INFO  impl.RoleInfo (RoleInfo.java:shutdownLeaderState(104)) - 2fca86bb-bd0a-49a0-a3c2-c1282515b4f7: shutdown LeaderState
2019-07-14 08:53:37,064 INFO  impl.RoleInfo (RoleInfo.java:shutdownLeaderState(104)) - 752ff8a1-e67a-435d-a9ca-9019089e4c30: shutdown LeaderState
2019-07-14 08:53:37,065 INFO  impl.PendingRequests (PendingRequests.java:sendNotLeaderResponses(202)) - 2fca86bb-bd0a-49a0-a3c2-c1282515b4f7-PendingRequests: sendNotLeaderResponses
2019-07-14 08:53:37,065 INFO  impl.PendingRequests (PendingRequests.java:sendNotLeaderResponses(202)) - 752ff8a1-e67a-435d-a9ca-9019089e4c30-PendingRequests: sendNotLeaderResponses
2019-07-14 08:53:37,065 INFO  impl.StateMachineUpdater (StateMachineUpdater.java:stopAndJoin(115)) - StateMachineUpdater:2fca86bb-bd0a-49a0-a3c2-c1282515b4f7:group-6E1736BAE905: set stopIndex = 0
2019-07-14 08:53:37,066 INFO  impl.StateMachineUpdater (StateMachineUpdater.java:stopAndJoin(115)) - StateMachineUpdater:752ff8a1-e67a-435d-a9ca-9019089e4c30:group-1A0E0DC29AD5: set stopIndex = 0
2019-07-14 08:53:37,066 INFO  impl.RaftServerImpl (ServerState.java:close(394)) - 2fca86bb-bd0a-49a0-a3c2-c1282515b4f7:group-6E1736BAE905 closes. The last applied log index is 0
2019-07-14 08:53:37,067 INFO  impl.RaftServerImpl (ServerState.java:close(394)) - 752ff8a1-e67a-435d-a9ca-9019089e4c30:group-1A0E0DC29AD5 closes. The last applied log index is 0
2019-07-14 08:53:37,067 INFO  segmented.SegmentedRaftLogWorker (SegmentedRaftLogWorker.java:run(313)) - 2fca86bb-bd0a-49a0-a3c2-c1282515b4f7-SegmentedRaftLogWorker:Storage Directory /workdir/hadoop-ozone/integration-test/target/test-dir/MiniOzoneClusterImpl-2474cb1b-609a-4057-b253-62a746fc6dfe/datanode-2/data/ratis/dcb4ec19-3772-4f98-b9db-6e1736bae905 was interrupted, exiting. There are 0 tasks remaining in the queue.
2019-07-14 08:53:37,068 INFO  segmented.SegmentedRaftLogWorker (SegmentedRaftLogWorker.java:run(313)) - 752ff8a1-e67a-435d-a9ca-9019089e4c30-SegmentedRaftLogWorker:Storage Directory /workdir/hadoop-ozone/integration-test/target/test-dir/MiniOzoneClusterImpl-2474cb1b-609a-4057-b253-62a746fc6dfe/datanode-3/data/ratis/f84838e3-e88c-4387-a98b-1a0e0dc29ad5 was interrupted, exiting. There are 0 tasks remaining in the queue.
2019-07-14 08:53:37,071 INFO  segmented.SegmentedRaftLogWorker (SegmentedRaftLogWorker.java:close(228)) - 2fca86bb-bd0a-49a0-a3c2-c1282515b4f7-SegmentedRaftLogWorker:Storage Directory /workdir/hadoop-ozone/integration-test/target/test-dir/MiniOzoneClusterImpl-2474cb1b-609a-4057-b253-62a746fc6dfe/datanode-2/data/ratis/dcb4ec19-3772-4f98-b9db-6e1736bae905 close()
2019-07-14 08:53:37,071 INFO  segmented.SegmentedRaftLogWorker (SegmentedRaftLogWorker.java:close(228)) - 752ff8a1-e67a-435d-a9ca-9019089e4c30-SegmentedRaftLogWorker:Storage Directory /workdir/hadoop-ozone/integration-test/target/test-dir/MiniOzoneClusterImpl-2474cb1b-609a-4057-b253-62a746fc6dfe/datanode-3/data/ratis/f84838e3-e88c-4387-a98b-1a0e0dc29ad5 close()
2019-07-14 08:53:37,075 INFO  impl.RaftServerImpl (RaftServerImpl.java:lambda$shutdown$3(245)) - 2fca86bb-bd0a-49a0-a3c2-c1282515b4f7: shutdown group-294B311AB467
2019-07-14 08:53:37,079 INFO  impl.RaftServerImpl (RaftServerImpl.java:lambda$shutdown$3(245)) - 752ff8a1-e67a-435d-a9ca-9019089e4c30: shutdown group-63F1C14C5639
2019-07-14 08:53:37,079 INFO  util.JmxRegister (JmxRegister.java:unregister(73)) - Successfully un-registered JMX Bean with object name Ratis:service=RaftServer,group=group-294B311AB467,id=2fca86bb-bd0a-49a0-a3c2-c1282515b4f7
2019-07-14 08:53:37,080 INFO  util.JmxRegister (JmxRegister.java:unregister(73)) - Successfully un-registered JMX Bean with object name Ratis:service=RaftServer,group=group-63F1C14C5639,id=752ff8a1-e67a-435d-a9ca-9019089e4c30
2019-07-14 08:53:37,081 INFO  impl.RoleInfo (RoleInfo.java:shutdownLeaderState(104)) - 752ff8a1-e67a-435d-a9ca-9019089e4c30: shutdown LeaderState
2019-07-14 08:53:37,080 INFO  impl.RoleInfo (RoleInfo.java:shutdownFollowerState(121)) - 2fca86bb-bd0a-49a0-a3c2-c1282515b4f7: shutdown FollowerState
2019-07-14 08:53:37,084 WARN  server.GrpcLogAppender (GrpcLogAppender.java:mayWait(143)) - GrpcLogAppender(752ff8a1-e67a-435d-a9ca-9019089e4c30->47b5091c-c8b4-43d9-a484-1a0ef0e6a01f): Wait interrupted by java.lang.InterruptedException
2019-07-14 08:53:37,085 INFO  ratis.ContainerStateMachine (ContainerStateMachine.java:takeSnapshot(249)) - group-294B311AB467: Taking a snapshot at:(t:1, i:3) file /workdir/hadoop-ozone/integration-test/target/test-dir/MiniOzoneClusterImpl-2474cb1b-609a-4057-b253-62a746fc6dfe/datanode-2/data/ratis/96285f18-a0c7-49cd-8539-294b311ab467/sm/snapshot.1_3
2019-07-14 08:53:37,084 INFO  impl.PendingRequests (PendingRequests.java:sendNotLeaderResponses(202)) - 752ff8a1-e67a-435d-a9ca-9019089e4c30-PendingRequests: sendNotLeaderResponses
2019-07-14 08:53:37,084 WARN  server.GrpcLogAppender (GrpcLogAppender.java:mayWait(143)) - GrpcLogAppender(752ff8a1-e67a-435d-a9ca-9019089e4c30->f3ff9805-b314-43df-abba-f6febe10e2d0): Wait interrupted by java.lang.InterruptedException
2019-07-14 08:53:37,086 INFO  impl.StateMachineUpdater (StateMachineUpdater.java:stopAndJoin(115)) - StateMachineUpdater:752ff8a1-e67a-435d-a9ca-9019089e4c30:group-63F1C14C5639: set stopIndex = 0
2019-07-14 08:53:37,086 INFO  impl.RaftServerImpl (ServerState.java:close(394)) - 752ff8a1-e67a-435d-a9ca-9019089e4c30:group-63F1C14C5639 closes. The last applied log index is 0
2019-07-14 08:53:37,085 INFO  ratis.ContainerStateMachine (ContainerStateMachine.java:takeSnapshot(257)) - group-294B311AB467: Finished taking a snapshot at:(t:1, i:3) file:/workdir/hadoop-ozone/integration-test/target/test-dir/MiniOzoneClusterImpl-2474cb1b-609a-4057-b253-62a746fc6dfe/datanode-2/data/ratis/96285f18-a0c7-49cd-8539-294b311ab467/sm/snapshot.1_3 time:0
2019-07-14 08:53:37,087 INFO  impl.StateMachineUpdater (StateMachineUpdater.java:takeSnapshot(242)) - StateMachineUpdater:2fca86bb-bd0a-49a0-a3c2-c1282515b4f7:group-294B311AB467: Took a snapshot at index 3
2019-07-14 08:53:37,085 INFO  impl.FollowerState (FollowerState.java:run(114)) - 2fca86bb-bd0a-49a0-a3c2-c1282515b4f7: FollowerState was interrupted: java.lang.InterruptedException: sleep interrupted
2019-07-14 08:53:37,085 INFO  impl.StateMachineUpdater (StateMachineUpdater.java:stopAndJoin(115)) - StateMachineUpdater:2fca86bb-bd0a-49a0-a3c2-c1282515b4f7:group-294B311AB467: set stopIndex = 4
2019-07-14 08:53:37,087 INFO  impl.StateMachineUpdater (StateMachineUpdater.java:lambda$new$0(80)) - StateMachineUpdater:2fca86bb-bd0a-49a0-a3c2-c1282515b4f7:group-294B311AB467: snapshotIndex: updateIncreasingly -1 -> 3
2019-07-14 08:53:37,087 INFO  segmented.SegmentedRaftLogWorker (SegmentedRaftLogWorker.java:run(313)) - 752ff8a1-e67a-435d-a9ca-9019089e4c30-SegmentedRaftLogWorker:Storage Directory /workdir/hadoop-ozone/integration-test/target/test-dir/MiniOzoneClusterImpl-2474cb1b-609a-4057-b253-62a746fc6dfe/datanode-3/data/ratis/d9730693-73cd-43ca-a306-63f1c14c5639 was interrupted, exiting. There are 0 tasks remaining in the queue.
2019-07-14 08:53:37,089 INFO  impl.RaftServerImpl (ServerState.java:close(394)) - 2fca86bb-bd0a-49a0-a3c2-c1282515b4f7:group-294B311AB467 closes. The last applied log index is 4
2019-07-14 08:53:37,089 INFO  segmented.SegmentedRaftLogWorker (SegmentedRaftLogWorker.java:close(228)) - 752ff8a1-e67a-435d-a9ca-9019089e4c30-SegmentedRaftLogWorker:Storage Directory /workdir/hadoop-ozone/integration-test/target/test-dir/MiniOzoneClusterImpl-2474cb1b-609a-4057-b253-62a746fc6dfe/datanode-3/data/ratis/d9730693-73cd-43ca-a306-63f1c14c5639 close()
2019-07-14 08:53:37,090 INFO  segmented.SegmentedRaftLogWorker (SegmentedRaftLogWorker.java:run(313)) - 2fca86bb-bd0a-49a0-a3c2-c1282515b4f7-SegmentedRaftLogWorker:Storage Directory /workdir/hadoop-ozone/integration-test/target/test-dir/MiniOzoneClusterImpl-2474cb1b-609a-4057-b253-62a746fc6dfe/datanode-2/data/ratis/96285f18-a0c7-49cd-8539-294b311ab467 was interrupted, exiting. There are 0 tasks remaining in the queue.
2019-07-14 08:53:37,099 INFO  server.GrpcService (GrpcService.java:closeImpl(155)) - 752ff8a1-e67a-435d-a9ca-9019089e4c30: shutdown server with port 39034 now
2019-07-14 08:53:37,099 INFO  segmented.SegmentedRaftLogWorker (SegmentedRaftLogWorker.java:close(228)) - 2fca86bb-bd0a-49a0-a3c2-c1282515b4f7-SegmentedRaftLogWorker:Storage Directory /workdir/hadoop-ozone/integration-test/target/test-dir/MiniOzoneClusterImpl-2474cb1b-609a-4057-b253-62a746fc6dfe/datanode-2/data/ratis/96285f18-a0c7-49cd-8539-294b311ab467 close()
2019-07-14 08:53:37,100 INFO  server.GrpcService (GrpcService.java:closeImpl(163)) - 752ff8a1-e67a-435d-a9ca-9019089e4c30: shutdown server with port 39034 successfully
2019-07-14 08:53:37,102 INFO  server.GrpcService (GrpcService.java:closeImpl(155)) - 2fca86bb-bd0a-49a0-a3c2-c1282515b4f7: shutdown server with port 33594 now
2019-07-14 08:53:37,112 WARN  server.GrpcServerProtocolService (LogUtils.java:warn(134)) - 2fca86bb-bd0a-49a0-a3c2-c1282515b4f7: appendEntries onError: org.apache.ratis.thirdparty.io.grpc.StatusRuntimeException: CANCELLED: cancelled before receiving half close
2019-07-14 08:53:37,112 INFO  utils.BackgroundService (BackgroundService.java:shutdown(148)) - Shutting down service BlockDeletingService
2019-07-14 08:53:37,113 WARN  server.GrpcLogAppender (LogUtils.java:warn(134)) - 5dc9bfea-22b3-467b-8f81-6b2eb0614675->2fca86bb-bd0a-49a0-a3c2-c1282515b4f7: Failed appendEntries: org.apache.ratis.thirdparty.io.grpc.StatusRuntimeException: CANCELLED: HTTP/2 error code: CANCEL
Received Rst Stream
2019-07-14 08:53:37,112 INFO  server.GrpcService (GrpcService.java:closeImpl(163)) - 2fca86bb-bd0a-49a0-a3c2-c1282515b4f7: shutdown server with port 33594 successfully
2019-07-14 08:53:37,115 INFO  impl.FollowerInfo (FollowerInfo.java:lambda$new$0(50)) - 5dc9bfea-22b3-467b-8f81-6b2eb0614675->2fca86bb-bd0a-49a0-a3c2-c1282515b4f7: nextIndex: updateUnconditionally 5 -> 4
2019-07-14 08:53:37,116 WARN  fs.CachingGetSpaceUsed (CachingGetSpaceUsed.java:run(183)) - Thread Interrupted waiting to refresh disk information: sleep interrupted
2019-07-14 08:53:37,136 INFO  utils.BackgroundService (BackgroundService.java:shutdown(148)) - Shutting down service BlockDeletingService
2019-07-14 08:53:37,141 INFO  statemachine.DatanodeStateMachine (DatanodeStateMachine.java:stopDaemon(395)) - Ozone container server stopped.
2019-07-14 08:53:37,147 WARN  fs.CachingGetSpaceUsed (CachingGetSpaceUsed.java:run(183)) - Thread Interrupted waiting to refresh disk information: sleep interrupted
2019-07-14 08:53:37,155 INFO  handler.ContextHandler (ContextHandler.java:doStop(910)) - Stopped o.e.j.w.WebAppContext@6a2d867d{/,null,UNAVAILABLE}{/hddsDatanode}
2019-07-14 08:53:37,156 INFO  server.AbstractConnector (AbstractConnector.java:doStop(318)) - Stopped ServerConnector@73bb1337{HTTP/1.1,[http/1.1]}{0.0.0.0:0}
2019-07-14 08:53:37,157 INFO  handler.ContextHandler (ContextHandler.java:doStop(910)) - Stopped o.e.j.s.ServletContextHandler@cc9ef8d{/static,jar:file:/home/user/.m2/repository/org/apache/hadoop/hadoop-hdds-container-service/0.5.0-SNAPSHOT/hadoop-hdds-container-service-0.5.0-SNAPSHOT.jar!/webapps/static,UNAVAILABLE}
2019-07-14 08:53:37,157 INFO  handler.ContextHandler (ContextHandler.java:doStop(910)) - Stopped o.e.j.s.ServletContextHandler@1e30db85{/logs,file:///workdir/hadoop-ozone/integration-test/target/log,UNAVAILABLE}
2019-07-14 08:53:37,159 INFO  datanode.ObjectStoreHandler (ObjectStoreHandler.java:close(155)) - Closing ObjectStoreHandler.
2019-07-14 08:53:37,160 INFO  ozone.HddsDatanodeService (HddsDatanodeService.java:stop(452)) - Stopped plug-in org.apache.hadoop.ozone.web.OzoneHddsDatanodeService@28e7bb31
2019-07-14 08:53:37,165 INFO  statemachine.DatanodeStateMachine (DatanodeStateMachine.java:stopDaemon(395)) - Ozone container server stopped.
2019-07-14 08:53:37,169 INFO  handler.ContextHandler (ContextHandler.java:doStop(910)) - Stopped o.e.j.w.WebAppContext@7197b07f{/,null,UNAVAILABLE}{/hddsDatanode}
2019-07-14 08:53:37,170 INFO  server.AbstractConnector (AbstractConnector.java:doStop(318)) - Stopped ServerConnector@1f10fec6{HTTP/1.1,[http/1.1]}{0.0.0.0:0}
2019-07-14 08:53:37,172 INFO  handler.ContextHandler (ContextHandler.java:doStop(910)) - Stopped o.e.j.s.ServletContextHandler@62ade015{/static,jar:file:/home/user/.m2/repository/org/apache/hadoop/hadoop-hdds-container-service/0.5.0-SNAPSHOT/hadoop-hdds-container-service-0.5.0-SNAPSHOT.jar!/webapps/static,UNAVAILABLE}
2019-07-14 08:53:37,173 INFO  handler.ContextHandler (ContextHandler.java:doStop(910)) - Stopped o.e.j.s.ServletContextHandler@631c6d11{/logs,file:///workdir/hadoop-ozone/integration-test/target/log,UNAVAILABLE}
2019-07-14 08:53:37,175 INFO  datanode.ObjectStoreHandler (ObjectStoreHandler.java:close(155)) - Closing ObjectStoreHandler.
2019-07-14 08:53:37,175 INFO  ozone.HddsDatanodeService (HddsDatanodeService.java:stop(452)) - Stopped plug-in org.apache.hadoop.ozone.web.OzoneHddsDatanodeService@b4732dc
2019-07-14 08:53:37,720 INFO  statemachine.DatanodeStateMachine (DatanodeStateMachine.java:lambda$startDaemon$0(350)) - Ozone container server started.
2019-07-14 08:53:37,721 INFO  statemachine.DatanodeStateMachine (DatanodeStateMachine.java:lambda$startDaemon$0(350)) - Ozone container server started.
2019-07-14 08:53:39,292 WARN  server.GrpcLogAppender (LogUtils.java:warn(134)) - 5dc9bfea-22b3-467b-8f81-6b2eb0614675->2fca86bb-bd0a-49a0-a3c2-c1282515b4f7: Failed appendEntries: org.apache.ratis.thirdparty.io.grpc.StatusRuntimeException: UNAVAILABLE: io exception
2019-07-14 08:53:39,297 INFO  impl.FollowerInfo (FollowerInfo.java:lambda$new$0(50)) - 5dc9bfea-22b3-467b-8f81-6b2eb0614675->2fca86bb-bd0a-49a0-a3c2-c1282515b4f7: nextIndex: updateUnconditionally 4 -> 3
2019-07-14 08:53:41,793 WARN  server.GrpcLogAppender (LogUtils.java:warn(134)) - 5dc9bfea-22b3-467b-8f81-6b2eb0614675->2fca86bb-bd0a-49a0-a3c2-c1282515b4f7: Failed appendEntries: org.apache.ratis.thirdparty.io.grpc.StatusRuntimeException: UNAVAILABLE: io exception
2019-07-14 08:53:41,796 INFO  impl.FollowerInfo (FollowerInfo.java:lambda$new$0(50)) - 5dc9bfea-22b3-467b-8f81-6b2eb0614675->2fca86bb-bd0a-49a0-a3c2-c1282515b4f7: nextIndex: updateUnconditionally 3 -> 2
2019-07-14 08:53:42,161 INFO  ozoneimpl.OzoneContainer (OzoneContainer.java:stop(199)) - Attempting to stop container services.
2019-07-14 08:53:42,162 INFO  impl.RaftServerProxy (RaftServerProxy.java:lambda$close$4(314)) - 5dc9bfea-22b3-467b-8f81-6b2eb0614675: close
2019-07-14 08:53:42,163 INFO  impl.RaftServerImpl (RaftServerImpl.java:lambda$shutdown$3(245)) - 5dc9bfea-22b3-467b-8f81-6b2eb0614675: shutdown group-7EFC4CBACABD
2019-07-14 08:53:42,163 INFO  util.JmxRegister (JmxRegister.java:unregister(73)) - Successfully un-registered JMX Bean with object name Ratis:service=RaftServer,group=group-7EFC4CBACABD,id=5dc9bfea-22b3-467b-8f81-6b2eb0614675
2019-07-14 08:53:42,164 INFO  impl.RoleInfo (RoleInfo.java:shutdownLeaderState(104)) - 5dc9bfea-22b3-467b-8f81-6b2eb0614675: shutdown LeaderState
2019-07-14 08:53:42,164 INFO  impl.PendingRequests (PendingRequests.java:sendNotLeaderResponses(202)) - 5dc9bfea-22b3-467b-8f81-6b2eb0614675-PendingRequests: sendNotLeaderResponses
2019-07-14 08:53:42,165 INFO  impl.StateMachineUpdater (StateMachineUpdater.java:stopAndJoin(115)) - StateMachineUpdater:5dc9bfea-22b3-467b-8f81-6b2eb0614675:group-7EFC4CBACABD: set stopIndex = 0
2019-07-14 08:53:42,165 INFO  impl.RaftServerImpl (ServerState.java:close(394)) - 5dc9bfea-22b3-467b-8f81-6b2eb0614675:group-7EFC4CBACABD closes. The last applied log index is 0
2019-07-14 08:53:42,166 INFO  segmented.SegmentedRaftLogWorker (SegmentedRaftLogWorker.java:run(313)) - 5dc9bfea-22b3-467b-8f81-6b2eb0614675-SegmentedRaftLogWorker:Storage Directory /workdir/hadoop-ozone/integration-test/target/test-dir/MiniOzoneClusterImpl-2474cb1b-609a-4057-b253-62a746fc6dfe/datanode-6/data/ratis/c4c7d88b-4929-494f-a4f4-7efc4cbacabd was interrupted, exiting. There are 0 tasks remaining in the queue.
2019-07-14 08:53:42,166 INFO  segmented.SegmentedRaftLogWorker (SegmentedRaftLogWorker.java:close(228)) - 5dc9bfea-22b3-467b-8f81-6b2eb0614675-SegmentedRaftLogWorker:Storage Directory /workdir/hadoop-ozone/integration-test/target/test-dir/MiniOzoneClusterImpl-2474cb1b-609a-4057-b253-62a746fc6dfe/datanode-6/data/ratis/c4c7d88b-4929-494f-a4f4-7efc4cbacabd close()
2019-07-14 08:53:42,169 INFO  impl.RaftServerImpl (RaftServerImpl.java:lambda$shutdown$3(245)) - 5dc9bfea-22b3-467b-8f81-6b2eb0614675: shutdown group-294B311AB467
2019-07-14 08:53:42,169 INFO  util.JmxRegister (JmxRegister.java:unregister(73)) - Successfully un-registered JMX Bean with object name Ratis:service=RaftServer,group=group-294B311AB467,id=5dc9bfea-22b3-467b-8f81-6b2eb0614675
2019-07-14 08:53:42,170 INFO  impl.RoleInfo (RoleInfo.java:shutdownLeaderState(104)) - 5dc9bfea-22b3-467b-8f81-6b2eb0614675: shutdown LeaderState
2019-07-14 08:53:42,173 WARN  server.GrpcLogAppender (GrpcLogAppender.java:mayWait(143)) - GrpcLogAppender(5dc9bfea-22b3-467b-8f81-6b2eb0614675->2fca86bb-bd0a-49a0-a3c2-c1282515b4f7): Wait interrupted by java.lang.InterruptedException
2019-07-14 08:53:42,173 WARN  server.GrpcLogAppender (GrpcLogAppender.java:mayWait(143)) - GrpcLogAppender(5dc9bfea-22b3-467b-8f81-6b2eb0614675->0b1e4e1c-0e9e-4e8f-afc5-aa13ca5ca0fd): Wait interrupted by java.lang.InterruptedException
2019-07-14 08:53:42,173 INFO  impl.PendingRequests (PendingRequests.java:sendNotLeaderResponses(202)) - 5dc9bfea-22b3-467b-8f81-6b2eb0614675-PendingRequests: sendNotLeaderResponses
2019-07-14 08:53:42,179 INFO  ozoneimpl.OzoneContainer (OzoneContainer.java:stop(199)) - Attempting to stop container services.
2019-07-14 08:53:42,179 INFO  impl.StateMachineUpdater (StateMachineUpdater.java:stopAndJoin(115)) - StateMachineUpdater:5dc9bfea-22b3-467b-8f81-6b2eb0614675:group-294B311AB467: set stopIndex = 4
2019-07-14 08:53:42,180 INFO  server.GrpcServerProtocolService (GrpcServerProtocolService.java:onCompleted(104)) - 0b1e4e1c-0e9e-4e8f-afc5-aa13ca5ca0fd: appendEntries completed
2019-07-14 08:53:42,180 INFO  impl.RaftServerProxy (RaftServerProxy.java:lambda$close$4(314)) - 0b1e4e1c-0e9e-4e8f-afc5-aa13ca5ca0fd: close
2019-07-14 08:53:42,179 INFO  ratis.ContainerStateMachine (ContainerStateMachine.java:takeSnapshot(249)) - group-294B311AB467: Taking a snapshot at:(t:1, i:4) file /workdir/hadoop-ozone/integration-test/target/test-dir/MiniOzoneClusterImpl-2474cb1b-609a-4057-b253-62a746fc6dfe/datanode-6/data/ratis/96285f18-a0c7-49cd-8539-294b311ab467/sm/snapshot.1_4
2019-07-14 08:53:42,181 INFO  impl.RaftServerImpl (RaftServerImpl.java:lambda$shutdown$3(245)) - 0b1e4e1c-0e9e-4e8f-afc5-aa13ca5ca0fd: shutdown group-2F04D6588853
2019-07-14 08:53:42,181 INFO  server.GrpcLogAppender (GrpcLogAppender.java:onCompleted(292)) - 5dc9bfea-22b3-467b-8f81-6b2eb0614675->0b1e4e1c-0e9e-4e8f-afc5-aa13ca5ca0fd: follower responses appendEntries COMPLETED
2019-07-14 08:53:42,181 INFO  util.JmxRegister (JmxRegister.java:unregister(73)) - Successfully un-registered JMX Bean with object name Ratis:service=RaftServer,group=group-2F04D6588853,id=0b1e4e1c-0e9e-4e8f-afc5-aa13ca5ca0fd
2019-07-14 08:53:42,181 INFO  ratis.ContainerStateMachine (ContainerStateMachine.java:takeSnapshot(257)) - group-294B311AB467: Finished taking a snapshot at:(t:1, i:4) file:/workdir/hadoop-ozone/integration-test/target/test-dir/MiniOzoneClusterImpl-2474cb1b-609a-4057-b253-62a746fc6dfe/datanode-6/data/ratis/96285f18-a0c7-49cd-8539-294b311ab467/sm/snapshot.1_4 time:2
2019-07-14 08:53:42,182 INFO  impl.RoleInfo (RoleInfo.java:shutdownLeaderState(104)) - 0b1e4e1c-0e9e-4e8f-afc5-aa13ca5ca0fd: shutdown LeaderState
2019-07-14 08:53:42,181 INFO  impl.FollowerInfo (FollowerInfo.java:lambda$new$0(50)) - 5dc9bfea-22b3-467b-8f81-6b2eb0614675->0b1e4e1c-0e9e-4e8f-afc5-aa13ca5ca0fd: nextIndex: updateUnconditionally 5 -> 4
2019-07-14 08:53:42,182 INFO  impl.PendingRequests (PendingRequests.java:sendNotLeaderResponses(202)) - 0b1e4e1c-0e9e-4e8f-afc5-aa13ca5ca0fd-PendingRequests: sendNotLeaderResponses
2019-07-14 08:53:42,182 INFO  impl.StateMachineUpdater (StateMachineUpdater.java:takeSnapshot(242)) - StateMachineUpdater:5dc9bfea-22b3-467b-8f81-6b2eb0614675:group-294B311AB467: Took a snapshot at index 4
2019-07-14 08:53:42,183 INFO  impl.StateMachineUpdater (StateMachineUpdater.java:stopAndJoin(115)) - StateMachineUpdater:0b1e4e1c-0e9e-4e8f-afc5-aa13ca5ca0fd:group-2F04D6588853: set stopIndex = 0
2019-07-14 08:53:42,183 INFO  impl.StateMachineUpdater (StateMachineUpdater.java:lambda$new$0(80)) - StateMachineUpdater:5dc9bfea-22b3-467b-8f81-6b2eb0614675:group-294B311AB467: snapshotIndex: updateIncreasingly -1 -> 4
2019-07-14 08:53:42,183 INFO  impl.RaftServerImpl (ServerState.java:close(394)) - 0b1e4e1c-0e9e-4e8f-afc5-aa13ca5ca0fd:group-2F04D6588853 closes. The last applied log index is 0
2019-07-14 08:53:42,183 INFO  impl.RaftServerImpl (ServerState.java:close(394)) - 5dc9bfea-22b3-467b-8f81-6b2eb0614675:group-294B311AB467 closes. The last applied log index is 4
2019-07-14 08:53:42,184 INFO  segmented.SegmentedRaftLogWorker (SegmentedRaftLogWorker.java:run(313)) - 0b1e4e1c-0e9e-4e8f-afc5-aa13ca5ca0fd-SegmentedRaftLogWorker:Storage Directory /workdir/hadoop-ozone/integration-test/target/test-dir/MiniOzoneClusterImpl-2474cb1b-609a-4057-b253-62a746fc6dfe/datanode-0/data/ratis/3c344eed-1608-4af8-b3b3-2f04d6588853 was interrupted, exiting. There are 0 tasks remaining in the queue.
2019-07-14 08:53:42,184 INFO  segmented.SegmentedRaftLogWorker (SegmentedRaftLogWorker.java:run(313)) - 5dc9bfea-22b3-467b-8f81-6b2eb0614675-SegmentedRaftLogWorker:Storage Directory /workdir/hadoop-ozone/integration-test/target/test-dir/MiniOzoneClusterImpl-2474cb1b-609a-4057-b253-62a746fc6dfe/datanode-6/data/ratis/96285f18-a0c7-49cd-8539-294b311ab467 was interrupted, exiting. There are 0 tasks remaining in the queue.
2019-07-14 08:53:42,184 INFO  segmented.SegmentedRaftLogWorker (SegmentedRaftLogWorker.java:close(228)) - 0b1e4e1c-0e9e-4e8f-afc5-aa13ca5ca0fd-SegmentedRaftLogWorker:Storage Directory /workdir/hadoop-ozone/integration-test/target/test-dir/MiniOzoneClusterImpl-2474cb1b-609a-4057-b253-62a746fc6dfe/datanode-0/data/ratis/3c344eed-1608-4af8-b3b3-2f04d6588853 close()
2019-07-14 08:53:42,184 INFO  segmented.SegmentedRaftLogWorker (SegmentedRaftLogWorker.java:close(228)) - 5dc9bfea-22b3-467b-8f81-6b2eb0614675-SegmentedRaftLogWorker:Storage Directory /workdir/hadoop-ozone/integration-test/target/test-dir/MiniOzoneClusterImpl-2474cb1b-609a-4057-b253-62a746fc6dfe/datanode-6/data/ratis/96285f18-a0c7-49cd-8539-294b311ab467 close()
2019-07-14 08:53:42,186 INFO  impl.RaftServerImpl (RaftServerImpl.java:lambda$shutdown$3(245)) - 0b1e4e1c-0e9e-4e8f-afc5-aa13ca5ca0fd: shutdown group-294B311AB467
2019-07-14 08:53:42,188 INFO  server.GrpcService (GrpcService.java:closeImpl(155)) - 5dc9bfea-22b3-467b-8f81-6b2eb0614675: shutdown server with port 40677 now
2019-07-14 08:53:42,188 INFO  util.JmxRegister (JmxRegister.java:unregister(73)) - Successfully un-registered JMX Bean with object name Ratis:service=RaftServer,group=group-294B311AB467,id=0b1e4e1c-0e9e-4e8f-afc5-aa13ca5ca0fd
2019-07-14 08:53:42,189 INFO  impl.RoleInfo (RoleInfo.java:shutdownFollowerState(121)) - 0b1e4e1c-0e9e-4e8f-afc5-aa13ca5ca0fd: shutdown FollowerState
2019-07-14 08:53:42,189 INFO  impl.StateMachineUpdater (StateMachineUpdater.java:stopAndJoin(115)) - StateMachineUpdater:0b1e4e1c-0e9e-4e8f-afc5-aa13ca5ca0fd:group-294B311AB467: set stopIndex = 4
2019-07-14 08:53:42,189 INFO  ratis.ContainerStateMachine (ContainerStateMachine.java:takeSnapshot(249)) - group-294B311AB467: Taking a snapshot at:(t:1, i:3) file /workdir/hadoop-ozone/integration-test/target/test-dir/MiniOzoneClusterImpl-2474cb1b-609a-4057-b253-62a746fc6dfe/datanode-0/data/ratis/96285f18-a0c7-49cd-8539-294b311ab467/sm/snapshot.1_3
2019-07-14 08:53:42,189 INFO  server.GrpcService (GrpcService.java:closeImpl(163)) - 5dc9bfea-22b3-467b-8f81-6b2eb0614675: shutdown server with port 40677 successfully
2019-07-14 08:53:42,189 INFO  impl.FollowerState (FollowerState.java:run(114)) - 0b1e4e1c-0e9e-4e8f-afc5-aa13ca5ca0fd: FollowerState was interrupted: java.lang.InterruptedException: sleep interrupted
2019-07-14 08:53:42,190 INFO  ratis.ContainerStateMachine (ContainerStateMachine.java:takeSnapshot(257)) - group-294B311AB467: Finished taking a snapshot at:(t:1, i:3) file:/workdir/hadoop-ozone/integration-test/target/test-dir/MiniOzoneClusterImpl-2474cb1b-609a-4057-b253-62a746fc6dfe/datanode-0/data/ratis/96285f18-a0c7-49cd-8539-294b311ab467/sm/snapshot.1_3 time:1
2019-07-14 08:53:42,190 INFO  impl.StateMachineUpdater (StateMachineUpdater.java:takeSnapshot(242)) - StateMachineUpdater:0b1e4e1c-0e9e-4e8f-afc5-aa13ca5ca0fd:group-294B311AB467: Took a snapshot at index 3
2019-07-14 08:53:42,191 INFO  impl.StateMachineUpdater (StateMachineUpdater.java:lambda$new$0(80)) - StateMachineUpdater:0b1e4e1c-0e9e-4e8f-afc5-aa13ca5ca0fd:group-294B311AB467: snapshotIndex: updateIncreasingly -1 -> 3
2019-07-14 08:53:42,191 INFO  impl.RaftServerImpl (ServerState.java:close(394)) - 0b1e4e1c-0e9e-4e8f-afc5-aa13ca5ca0fd:group-294B311AB467 closes. The last applied log index is 4
2019-07-14 08:53:42,191 INFO  utils.BackgroundService (BackgroundService.java:shutdown(148)) - Shutting down service BlockDeletingService
2019-07-14 08:53:42,192 INFO  segmented.SegmentedRaftLogWorker (SegmentedRaftLogWorker.java:run(313)) - 0b1e4e1c-0e9e-4e8f-afc5-aa13ca5ca0fd-SegmentedRaftLogWorker:Storage Directory /workdir/hadoop-ozone/integration-test/target/test-dir/MiniOzoneClusterImpl-2474cb1b-609a-4057-b253-62a746fc6dfe/datanode-0/data/ratis/96285f18-a0c7-49cd-8539-294b311ab467 was interrupted, exiting. There are 0 tasks remaining in the queue.
2019-07-14 08:53:42,192 INFO  segmented.SegmentedRaftLogWorker (SegmentedRaftLogWorker.java:close(228)) - 0b1e4e1c-0e9e-4e8f-afc5-aa13ca5ca0fd-SegmentedRaftLogWorker:Storage Directory /workdir/hadoop-ozone/integration-test/target/test-dir/MiniOzoneClusterImpl-2474cb1b-609a-4057-b253-62a746fc6dfe/datanode-0/data/ratis/96285f18-a0c7-49cd-8539-294b311ab467 close()
2019-07-14 08:53:42,194 INFO  server.GrpcService (GrpcService.java:closeImpl(155)) - 0b1e4e1c-0e9e-4e8f-afc5-aa13ca5ca0fd: shutdown server with port 33802 now
2019-07-14 08:53:42,195 INFO  server.GrpcService (GrpcService.java:closeImpl(163)) - 0b1e4e1c-0e9e-4e8f-afc5-aa13ca5ca0fd: shutdown server with port 33802 successfully
2019-07-14 08:53:42,196 WARN  fs.CachingGetSpaceUsed (CachingGetSpaceUsed.java:run(183)) - Thread Interrupted waiting to refresh disk information: sleep interrupted
2019-07-14 08:53:42,197 INFO  utils.BackgroundService (BackgroundService.java:shutdown(148)) - Shutting down service BlockDeletingService
2019-07-14 08:53:42,199 WARN  fs.CachingGetSpaceUsed (CachingGetSpaceUsed.java:run(183)) - Thread Interrupted waiting to refresh disk information: sleep interrupted
2019-07-14 08:53:42,220 INFO  statemachine.DatanodeStateMachine (DatanodeStateMachine.java:stopDaemon(395)) - Ozone container server stopped.
2019-07-14 08:53:42,229 INFO  statemachine.DatanodeStateMachine (DatanodeStateMachine.java:stopDaemon(395)) - Ozone container server stopped.
2019-07-14 08:53:42,233 INFO  handler.ContextHandler (ContextHandler.java:doStop(910)) - Stopped o.e.j.w.WebAppContext@418f0534{/,null,UNAVAILABLE}{/hddsDatanode}
2019-07-14 08:53:42,233 INFO  handler.ContextHandler (ContextHandler.java:doStop(910)) - Stopped o.e.j.w.WebAppContext@37e0292a{/,null,UNAVAILABLE}{/hddsDatanode}
2019-07-14 08:53:42,234 INFO  server.AbstractConnector (AbstractConnector.java:doStop(318)) - Stopped ServerConnector@3dfd7eaa{HTTP/1.1,[http/1.1]}{0.0.0.0:0}
2019-07-14 08:53:42,234 INFO  server.AbstractConnector (AbstractConnector.java:doStop(318)) - Stopped ServerConnector@4af70944{HTTP/1.1,[http/1.1]}{0.0.0.0:0}
2019-07-14 08:53:42,235 INFO  handler.ContextHandler (ContextHandler.java:doStop(910)) - Stopped o.e.j.s.ServletContextHandler@782fd504{/static,jar:file:/home/user/.m2/repository/org/apache/hadoop/hadoop-hdds-container-service/0.5.0-SNAPSHOT/hadoop-hdds-container-service-0.5.0-SNAPSHOT.jar!/webapps/static,UNAVAILABLE}
2019-07-14 08:53:42,236 INFO  handler.ContextHandler (ContextHandler.java:doStop(910)) - Stopped o.e.j.s.ServletContextHandler@7915bca3{/static,jar:file:/home/user/.m2/repository/org/apache/hadoop/hadoop-hdds-container-service/0.5.0-SNAPSHOT/hadoop-hdds-container-service-0.5.0-SNAPSHOT.jar!/webapps/static,UNAVAILABLE}
2019-07-14 08:53:42,236 INFO  handler.ContextHandler (ContextHandler.java:doStop(910)) - Stopped o.e.j.s.ServletContextHandler@6568f998{/logs,file:///workdir/hadoop-ozone/integration-test/target/log,UNAVAILABLE}
2019-07-14 08:53:42,237 INFO  handler.ContextHandler (ContextHandler.java:doStop(910)) - Stopped o.e.j.s.ServletContextHandler@36cc9385{/logs,file:///workdir/hadoop-ozone/integration-test/target/log,UNAVAILABLE}
2019-07-14 08:53:42,240 INFO  datanode.ObjectStoreHandler (ObjectStoreHandler.java:close(155)) - Closing ObjectStoreHandler.
2019-07-14 08:53:42,241 INFO  ozone.HddsDatanodeService (HddsDatanodeService.java:stop(452)) - Stopped plug-in org.apache.hadoop.ozone.web.OzoneHddsDatanodeService@16f15ae9
2019-07-14 08:53:42,732 INFO  statemachine.DatanodeStateMachine (DatanodeStateMachine.java:lambda$startDaemon$0(350)) - Ozone container server started.
2019-07-14 08:53:47,242 INFO  ozoneimpl.OzoneContainer (OzoneContainer.java:stop(199)) - Attempting to stop container services.
2019-07-14 08:53:47,243 INFO  impl.RaftServerProxy (RaftServerProxy.java:lambda$close$4(314)) - d7418a2d-7001-46da-99fb-86dd976ef755: close
2019-07-14 08:53:47,243 INFO  impl.RaftServerImpl (RaftServerImpl.java:lambda$shutdown$3(245)) - d7418a2d-7001-46da-99fb-86dd976ef755: shutdown group-BEB7EDF5EBEB
2019-07-14 08:53:47,244 INFO  util.JmxRegister (JmxRegister.java:unregister(73)) - Successfully un-registered JMX Bean with object name Ratis:service=RaftServer,group=group-BEB7EDF5EBEB,id=d7418a2d-7001-46da-99fb-86dd976ef755
2019-07-14 08:53:47,244 INFO  impl.RoleInfo (RoleInfo.java:shutdownLeaderState(104)) - d7418a2d-7001-46da-99fb-86dd976ef755: shutdown LeaderState
2019-07-14 08:53:47,245 INFO  impl.PendingRequests (PendingRequests.java:sendNotLeaderResponses(202)) - d7418a2d-7001-46da-99fb-86dd976ef755-PendingRequests: sendNotLeaderResponses
2019-07-14 08:53:47,245 INFO  impl.StateMachineUpdater (StateMachineUpdater.java:stopAndJoin(115)) - StateMachineUpdater:d7418a2d-7001-46da-99fb-86dd976ef755:group-BEB7EDF5EBEB: set stopIndex = 0
2019-07-14 08:53:47,246 INFO  impl.RaftServerImpl (ServerState.java:close(394)) - d7418a2d-7001-46da-99fb-86dd976ef755:group-BEB7EDF5EBEB closes. The last applied log index is 0
2019-07-14 08:53:47,247 INFO  segmented.SegmentedRaftLogWorker (SegmentedRaftLogWorker.java:run(313)) - d7418a2d-7001-46da-99fb-86dd976ef755-SegmentedRaftLogWorker:Storage Directory /workdir/hadoop-ozone/integration-test/target/test-dir/MiniOzoneClusterImpl-2474cb1b-609a-4057-b253-62a746fc6dfe/datanode-5/data/ratis/c3255810-636a-49fb-95c6-beb7edf5ebeb was interrupted, exiting. There are 0 tasks remaining in the queue.
2019-07-14 08:53:47,247 INFO  segmented.SegmentedRaftLogWorker (SegmentedRaftLogWorker.java:close(228)) - d7418a2d-7001-46da-99fb-86dd976ef755-SegmentedRaftLogWorker:Storage Directory /workdir/hadoop-ozone/integration-test/target/test-dir/MiniOzoneClusterImpl-2474cb1b-609a-4057-b253-62a746fc6dfe/datanode-5/data/ratis/c3255810-636a-49fb-95c6-beb7edf5ebeb close()
2019-07-14 08:53:47,249 INFO  server.GrpcService (GrpcService.java:closeImpl(155)) - d7418a2d-7001-46da-99fb-86dd976ef755: shutdown server with port 46202 now
2019-07-14 08:53:47,251 INFO  server.GrpcService (GrpcService.java:closeImpl(163)) - d7418a2d-7001-46da-99fb-86dd976ef755: shutdown server with port 46202 successfully
2019-07-14 08:53:47,258 INFO  utils.BackgroundService (BackgroundService.java:shutdown(148)) - Shutting down service BlockDeletingService
2019-07-14 08:53:47,261 WARN  fs.CachingGetSpaceUsed (CachingGetSpaceUsed.java:run(183)) - Thread Interrupted waiting to refresh disk information: sleep interrupted
2019-07-14 08:53:47,281 INFO  statemachine.DatanodeStateMachine (DatanodeStateMachine.java:stopDaemon(395)) - Ozone container server stopped.
2019-07-14 08:53:47,294 INFO  handler.ContextHandler (ContextHandler.java:doStop(910)) - Stopped o.e.j.w.WebAppContext@561f9d92{/,null,UNAVAILABLE}{/hddsDatanode}
2019-07-14 08:53:47,295 INFO  server.AbstractConnector (AbstractConnector.java:doStop(318)) - Stopped ServerConnector@1c84d80a{HTTP/1.1,[http/1.1]}{0.0.0.0:0}
2019-07-14 08:53:47,295 INFO  handler.ContextHandler (ContextHandler.java:doStop(910)) - Stopped o.e.j.s.ServletContextHandler@2d4a3e13{/static,jar:file:/home/user/.m2/repository/org/apache/hadoop/hadoop-hdds-container-service/0.5.0-SNAPSHOT/hadoop-hdds-container-service-0.5.0-SNAPSHOT.jar!/webapps/static,UNAVAILABLE}
2019-07-14 08:53:47,296 INFO  handler.ContextHandler (ContextHandler.java:doStop(910)) - Stopped o.e.j.s.ServletContextHandler@6885ed19{/logs,file:///workdir/hadoop-ozone/integration-test/target/log,UNAVAILABLE}
2019-07-14 08:53:47,298 INFO  ozone.MiniOzoneClusterImpl (MiniOzoneClusterImpl.java:stop(353)) - Stopping the StorageContainerManager
2019-07-14 08:53:47,298 INFO  server.StorageContainerManager (StorageContainerManager.java:stop(796)) - Stopping Replication Manager Service.
2019-07-14 08:53:47,298 INFO  container.ReplicationManager (ReplicationManager.java:stop(187)) - Stopping Replication Monitor Thread.
2019-07-14 08:53:47,299 INFO  server.StorageContainerManager (StorageContainerManager.java:stop(803)) - Stopping Lease Manager of the command watchers
2019-07-14 08:53:47,299 INFO  server.StorageContainerManager (StorageContainerManager.java:stop(810)) - Stopping datanode service RPC server
2019-07-14 08:53:47,299 INFO  server.SCMDatanodeProtocolServer (SCMDatanodeProtocolServer.java:stop(375)) - Stopping the RPC server for DataNodes
2019-07-14 08:53:47,299 INFO  ipc.Server (Server.java:stop(3082)) - Stopping server on 38489
2019-07-14 08:53:47,302 INFO  ipc.Server (Server.java:run(1185)) - Stopping IPC Server listener on 38489
2019-07-14 08:53:47,302 INFO  ipc.Server (Server.java:run(1319)) - Stopping IPC Server Responder
2019-07-14 08:53:47,316 WARN  node.NodeStateManager (NodeStateManager.java:scheduleNextHealthCheck(631)) - Current Thread is interrupted, shutting down HB processing thread for Node Manager.
2019-07-14 08:53:47,317 INFO  server.StorageContainerManager (StorageContainerManager.java:stop(818)) - Stopping block service RPC server
2019-07-14 08:53:47,317 INFO  server.SCMBlockProtocolServer (SCMBlockProtocolServer.java:stop(148)) - Stopping the RPC server for Block Protocol
2019-07-14 08:53:47,317 INFO  ipc.Server (Server.java:stop(3082)) - Stopping server on 34343
2019-07-14 08:53:47,318 INFO  server.StorageContainerManager (StorageContainerManager.java:stop(825)) - Stopping the StorageContainerLocationProtocol RPC server
2019-07-14 08:53:47,318 INFO  server.SCMClientProtocolServer (SCMClientProtocolServer.java:stop(157)) - Stopping the RPC server for Client Protocol
2019-07-14 08:53:47,319 INFO  ipc.Server (Server.java:stop(3082)) - Stopping server on 35665
2019-07-14 08:53:47,321 INFO  ipc.Server (Server.java:run(1185)) - Stopping IPC Server listener on 35665
2019-07-14 08:53:47,321 INFO  server.StorageContainerManager (StorageContainerManager.java:stop(832)) - Stopping Storage Container Manager HTTP server.
2019-07-14 08:53:47,322 INFO  handler.ContextHandler (ContextHandler.java:doStop(910)) - Stopped o.e.j.w.WebAppContext@6fff253c{/,null,UNAVAILABLE}{/scm}
2019-07-14 08:53:47,324 INFO  ipc.Server (Server.java:run(1319)) - Stopping IPC Server Responder
2019-07-14 08:53:47,324 INFO  ipc.Server (Server.java:run(1185)) - Stopping IPC Server listener on 34343
2019-07-14 08:53:47,325 INFO  ipc.Server (Server.java:run(1319)) - Stopping IPC Server Responder
2019-07-14 08:53:47,326 INFO  server.AbstractConnector (AbstractConnector.java:doStop(318)) - Stopped ServerConnector@7c041b41{HTTP/1.1,[http/1.1]}{0.0.0.0:0}
2019-07-14 08:53:47,326 INFO  handler.ContextHandler (ContextHandler.java:doStop(910)) - Stopped o.e.j.s.ServletContextHandler@4dd02341{/static,file:///workdir/hadoop-ozone/integration-test/target/test-classes/webapps/static,UNAVAILABLE}
2019-07-14 08:53:47,326 INFO  handler.ContextHandler (ContextHandler.java:doStop(910)) - Stopped o.e.j.s.ServletContextHandler@635572a7{/logs,file:///workdir/hadoop-ozone/integration-test/target/log,UNAVAILABLE}
2019-07-14 08:53:47,328 INFO  server.StorageContainerManager (StorageContainerManager.java:stop(843)) - Stopping Block Manager Service.
2019-07-14 08:53:47,328 INFO  utils.BackgroundService (BackgroundService.java:shutdown(148)) - Shutting down service SCMBlockDeletingService
2019-07-14 08:53:47,329 INFO  utils.BackgroundService (BackgroundService.java:shutdown(148)) - Shutting down service SCMBlockDeletingService
2019-07-14 08:53:47,330 INFO  server.StorageContainerManager (StorageContainerManager.java:stop(865)) - Stopping SCM Event Queue.
2019-07-14 08:53:47,336 INFO  impl.MetricsSystemImpl (MetricsSystemImpl.java:stop(210)) - Stopping HddsDatanode metrics system...
2019-07-14 08:53:47,344 INFO  impl.MetricsSystemImpl (MetricsSystemImpl.java:stop(216)) - HddsDatanode metrics system stopped.
]]></system-out>
    <system-err><![CDATA[ERROR StatusLogger No Log4j 2 configuration file found. Using default configuration (logging only errors to the console), or user programmatically provided configurations. Set system property 'log4j2.debug' to show Log4j 2 internal initialization logging. See https://logging.apache.org/log4j/2.x/manual/configuration.html for instructions on how to configure Log4j 2
Jul 14, 2019 8:53:08 AM com.sun.jersey.server.impl.application.WebApplicationImpl _initiate
INFO: Initiating Jersey application, version 'Jersey: 1.19 02/11/2015 03:25 AM'
Jul 14, 2019 8:53:09 AM com.sun.jersey.server.impl.application.WebApplicationImpl _initiate
INFO: Initiating Jersey application, version 'Jersey: 1.19 02/11/2015 03:25 AM'
Jul 14, 2019 8:53:09 AM com.sun.jersey.server.impl.application.WebApplicationImpl _initiate
INFO: Initiating Jersey application, version 'Jersey: 1.19 02/11/2015 03:25 AM'
Jul 14, 2019 8:53:10 AM com.sun.jersey.server.impl.application.WebApplicationImpl _initiate
INFO: Initiating Jersey application, version 'Jersey: 1.19 02/11/2015 03:25 AM'
Jul 14, 2019 8:53:10 AM com.sun.jersey.server.impl.application.WebApplicationImpl _initiate
INFO: Initiating Jersey application, version 'Jersey: 1.19 02/11/2015 03:25 AM'
Jul 14, 2019 8:53:10 AM com.sun.jersey.server.impl.application.WebApplicationImpl _initiate
INFO: Initiating Jersey application, version 'Jersey: 1.19 02/11/2015 03:25 AM'
Jul 14, 2019 8:53:10 AM com.sun.jersey.server.impl.application.WebApplicationImpl _initiate
INFO: Initiating Jersey application, version 'Jersey: 1.19 02/11/2015 03:25 AM'
]]></system-err>
  </testcase>
  <testcase name="testMaxRetriesByOzoneClient" classname="org.apache.hadoop.ozone.client.rpc.TestOzoneClientRetriesOnException" time="34.654"/>
</testsuite>