<?xml version="1.0" encoding="UTF-8"?>
<testsuite xmlns:xsi="http://www.w3.org/2001/XMLSchema-instance" xsi:noNamespaceSchemaLocation="https://maven.apache.org/surefire/maven-surefire-plugin/xsd/surefire-test-report.xsd" name="org.apache.hadoop.ozone.client.rpc.TestReadRetries" time="53.888" tests="1" errors="1" skipped="0" failures="0">
  <properties>
    <property name="awt.toolkit" value="sun.awt.X11.XToolkit"/>
    <property name="file.encoding.pkg" value="sun.io"/>
    <property name="java.specification.version" value="1.8"/>
    <property name="sun.cpu.isalist" value=""/>
    <property name="sun.jnu.encoding" value="UTF-8"/>
    <property name="java.class.path" value="/workdir/hadoop-ozone/integration-test/target/test-classes:/workdir/hadoop-ozone/integration-test/target/classes:/home/user/.m2/repository/org/apache/hadoop/hadoop-ozone-common/0.5.0-SNAPSHOT/hadoop-ozone-common-0.5.0-SNAPSHOT.jar:/home/user/.m2/repository/org/apache/commons/commons-compress/1.4.1/commons-compress-1.4.1.jar:/home/user/.m2/repository/org/tukaani/xz/1.0/xz-1.0.jar:/home/user/.m2/repository/org/apache/hadoop/hadoop-common/3.2.0/hadoop-common-3.2.0.jar:/home/user/.m2/repository/org/apache/hadoop/hadoop-hdfs/3.2.0/hadoop-hdfs-3.2.0.jar:/home/user/.m2/repository/org/apache/hadoop/hadoop-hdfs-client/3.2.0/hadoop-hdfs-client-3.2.0.jar:/home/user/.m2/repository/com/fasterxml/jackson/core/jackson-annotations/2.9.5/jackson-annotations-2.9.5.jar:/home/user/.m2/repository/org/apache/hadoop/hadoop-hdds-common/0.5.0-SNAPSHOT/hadoop-hdds-common-0.5.0-SNAPSHOT.jar:/home/user/.m2/repository/javax/annotation/javax.annotation-api/1.2/javax.annotation-api-1.2.jar:/home/user/.m2/repository/org/apache/ratis/ratis-server/0.4.0-2337318-SNAPSHOT/ratis-server-0.4.0-2337318-SNAPSHOT.jar:/home/user/.m2/repository/org/apache/ratis/ratis-thirdparty-misc/0.2.0/ratis-thirdparty-misc-0.2.0.jar:/home/user/.m2/repository/org/apache/ratis/ratis-proto/0.4.0-2337318-SNAPSHOT/ratis-proto-0.4.0-2337318-SNAPSHOT.jar:/home/user/.m2/repository/org/apache/ratis/ratis-common/0.4.0-2337318-SNAPSHOT/ratis-common-0.4.0-2337318-SNAPSHOT.jar:/home/user/.m2/repository/org/apache/ratis/ratis-client/0.4.0-2337318-SNAPSHOT/ratis-client-0.4.0-2337318-SNAPSHOT.jar:/home/user/.m2/repository/org/apache/ratis/ratis-metrics/0.4.0-2337318-SNAPSHOT/ratis-metrics-0.4.0-2337318-SNAPSHOT.jar:/home/user/.m2/repository/org/apache/ratis/ratis-netty/0.4.0-2337318-SNAPSHOT/ratis-netty-0.4.0-2337318-SNAPSHOT.jar:/home/user/.m2/repository/org/apache/ratis/ratis-grpc/0.4.0-2337318-SNAPSHOT/ratis-grpc-0.4.0-2337318-SNAPSHOT.jar:/home/user/.m2/repository/org/rocksdb/rocksdbjni/6.0.1/rocksdbjni-6.0.1.jar:/home/user/.m2/repository/org/apache/logging/log4j/log4j-api/2.11.0/log4j-api-2.11.0.jar:/home/user/.m2/repository/org/apache/logging/log4j/log4j-core/2.11.0/log4j-core-2.11.0.jar:/home/user/.m2/repository/com/lmax/disruptor/3.4.2/disruptor-3.4.2.jar:/home/user/.m2/repository/org/apache/commons/commons-pool2/2.6.0/commons-pool2-2.6.0.jar:/home/user/.m2/repository/org/bouncycastle/bcpkix-jdk15on/1.60/bcpkix-jdk15on-1.60.jar:/home/user/.m2/repository/commons-validator/commons-validator/1.6/commons-validator-1.6.jar:/home/user/.m2/repository/commons-digester/commons-digester/1.8.1/commons-digester-1.8.1.jar:/home/user/.m2/repository/io/jaegertracing/jaeger-client/0.33.1/jaeger-client-0.33.1.jar:/home/user/.m2/repository/io/jaegertracing/jaeger-thrift/0.33.1/jaeger-thrift-0.33.1.jar:/home/user/.m2/repository/org/apache/thrift/libthrift/0.11.0/libthrift-0.11.0.jar:/home/user/.m2/repository/com/squareup/okhttp3/okhttp/3.9.0/okhttp-3.9.0.jar:/home/user/.m2/repository/com/squareup/okio/okio/1.13.0/okio-1.13.0.jar:/home/user/.m2/repository/io/jaegertracing/jaeger-core/0.33.1/jaeger-core-0.33.1.jar:/home/user/.m2/repository/io/jaegertracing/jaeger-tracerresolver/0.33.1/jaeger-tracerresolver-0.33.1.jar:/home/user/.m2/repository/io/opentracing/contrib/opentracing-tracerresolver/0.1.5/opentracing-tracerresolver-0.1.5.jar:/home/user/.m2/repository/io/opentracing/opentracing-util/0.31.0/opentracing-util-0.31.0.jar:/home/user/.m2/repository/io/opentracing/opentracing-api/0.31.0/opentracing-api-0.31.0.jar:/home/user/.m2/repository/io/opentracing/opentracing-noop/0.31.0/opentracing-noop-0.31.0.jar:/home/user/.m2/repository/org/apache/hadoop/hadoop-hdds-server-framework/0.5.0-SNAPSHOT/hadoop-hdds-server-framework-0.5.0-SNAPSHOT.jar:/home/user/.m2/repository/org/apache/hadoop/hadoop-hdds-container-service/0.5.0-SNAPSHOT/hadoop-hdds-container-service-0.5.0-SNAPSHOT.jar:/home/user/.m2/repository/org/apache/hadoop/hadoop-hdds-client/0.5.0-SNAPSHOT/hadoop-hdds-client-0.5.0-SNAPSHOT.jar:/home/user/.m2/repository/org/apache/hadoop/hadoop-hdds-tools/0.5.0-SNAPSHOT/hadoop-hdds-tools-0.5.0-SNAPSHOT.jar:/home/user/.m2/repository/org/apache/hadoop/hadoop-hdds-server-scm/0.5.0-SNAPSHOT/hadoop-hdds-server-scm-0.5.0-SNAPSHOT.jar:/home/user/.m2/repository/org/apache/hadoop/hadoop-hdds-docs/0.5.0-SNAPSHOT/hadoop-hdds-docs-0.5.0-SNAPSHOT.jar:/home/user/.m2/repository/io/dropwizard/metrics/metrics-core/3.2.4/metrics-core-3.2.4.jar:/home/user/.m2/repository/org/hamcrest/hamcrest-all/1.3/hamcrest-all-1.3.jar:/home/user/.m2/repository/org/bouncycastle/bcprov-jdk15on/1.60/bcprov-jdk15on-1.60.jar:/home/user/.m2/repository/info/picocli/picocli/3.9.6/picocli-3.9.6.jar:/home/user/.m2/repository/com/google/protobuf/protobuf-java/2.5.0/protobuf-java-2.5.0.jar:/home/user/.m2/repository/com/google/guava/guava/11.0.2/guava-11.0.2.jar:/home/user/.m2/repository/org/apache/hadoop/hadoop-ozone-ozone-manager/0.5.0-SNAPSHOT/hadoop-ozone-ozone-manager-0.5.0-SNAPSHOT.jar:/home/user/.m2/repository/org/apache/hadoop/hadoop-minikdc/3.2.0/hadoop-minikdc-3.2.0.jar:/home/user/.m2/repository/commons-io/commons-io/2.5/commons-io-2.5.jar:/home/user/.m2/repository/org/apache/kerby/kerb-simplekdc/1.0.1/kerb-simplekdc-1.0.1.jar:/home/user/.m2/repository/org/apache/kerby/kerb-client/1.0.1/kerb-client-1.0.1.jar:/home/user/.m2/repository/org/apache/kerby/kerby-config/1.0.1/kerby-config-1.0.1.jar:/home/user/.m2/repository/org/apache/kerby/kerb-core/1.0.1/kerb-core-1.0.1.jar:/home/user/.m2/repository/org/apache/kerby/kerby-pkix/1.0.1/kerby-pkix-1.0.1.jar:/home/user/.m2/repository/org/apache/kerby/kerby-asn1/1.0.1/kerby-asn1-1.0.1.jar:/home/user/.m2/repository/org/apache/kerby/kerby-util/1.0.1/kerby-util-1.0.1.jar:/home/user/.m2/repository/org/apache/kerby/kerb-common/1.0.1/kerb-common-1.0.1.jar:/home/user/.m2/repository/org/apache/kerby/kerb-crypto/1.0.1/kerb-crypto-1.0.1.jar:/home/user/.m2/repository/org/apache/kerby/kerb-util/1.0.1/kerb-util-1.0.1.jar:/home/user/.m2/repository/org/apache/kerby/token-provider/1.0.1/token-provider-1.0.1.jar:/home/user/.m2/repository/org/apache/kerby/kerb-admin/1.0.1/kerb-admin-1.0.1.jar:/home/user/.m2/repository/org/apache/kerby/kerb-server/1.0.1/kerb-server-1.0.1.jar:/home/user/.m2/repository/org/apache/kerby/kerb-identity/1.0.1/kerb-identity-1.0.1.jar:/home/user/.m2/repository/org/apache/kerby/kerby-xdr/1.0.1/kerby-xdr-1.0.1.jar:/home/user/.m2/repository/org/slf4j/slf4j-log4j12/1.7.25/slf4j-log4j12-1.7.25.jar:/home/user/.m2/repository/org/apache/hadoop/hadoop-ozone-objectstore-service/0.5.0-SNAPSHOT/hadoop-ozone-objectstore-service-0.5.0-SNAPSHOT.jar:/home/user/.m2/repository/org/apache/hadoop/hadoop-ozone-s3gateway/0.5.0-SNAPSHOT/hadoop-ozone-s3gateway-0.5.0-SNAPSHOT.jar:/home/user/.m2/repository/org/jboss/weld/servlet/weld-servlet/2.4.7.Final/weld-servlet-2.4.7.Final.jar:/home/user/.m2/repository/org/glassfish/jersey/containers/jersey-container-servlet-core/2.27/jersey-container-servlet-core-2.27.jar:/home/user/.m2/repository/org/glassfish/hk2/external/javax.inject/2.5.0-b42/javax.inject-2.5.0-b42.jar:/home/user/.m2/repository/org/glassfish/jersey/core/jersey-common/2.27/jersey-common-2.27.jar:/home/user/.m2/repository/org/glassfish/hk2/osgi-resource-locator/1.0.1/osgi-resource-locator-1.0.1.jar:/home/user/.m2/repository/javax/ws/rs/javax.ws.rs-api/2.1/javax.ws.rs-api-2.1.jar:/home/user/.m2/repository/org/glassfish/jersey/ext/cdi/jersey-cdi1x/2.27/jersey-cdi1x-2.27.jar:/home/user/.m2/repository/org/glassfish/jersey/inject/jersey-hk2/2.27/jersey-hk2-2.27.jar:/home/user/.m2/repository/org/glassfish/hk2/hk2-locator/2.5.0-b42/hk2-locator-2.5.0-b42.jar:/home/user/.m2/repository/org/javassist/javassist/3.22.0-CR2/javassist-3.22.0-CR2.jar:/home/user/.m2/repository/org/glassfish/hk2/hk2-api/2.5.0/hk2-api-2.5.0.jar:/home/user/.m2/repository/org/glassfish/hk2/external/jakarta.inject/2.5.0/jakarta.inject-2.5.0.jar:/home/user/.m2/repository/org/glassfish/hk2/hk2-utils/2.5.0/hk2-utils-2.5.0.jar:/home/user/.m2/repository/jakarta/annotation/jakarta.annotation-api/1.3.4/jakarta.annotation-api-1.3.4.jar:/home/user/.m2/repository/org/glassfish/hk2/external/aopalliance-repackaged/2.5.0/aopalliance-repackaged-2.5.0.jar:/home/user/.m2/repository/com/fasterxml/jackson/dataformat/jackson-dataformat-xml/2.9.0/jackson-dataformat-xml-2.9.0.jar:/home/user/.m2/repository/com/fasterxml/jackson/core/jackson-core/2.9.5/jackson-core-2.9.5.jar:/home/user/.m2/repository/com/fasterxml/jackson/module/jackson-module-jaxb-annotations/2.9.5/jackson-module-jaxb-annotations-2.9.5.jar:/home/user/.m2/repository/javax/enterprise/cdi-api/1.2/cdi-api-1.2.jar:/home/user/.m2/repository/javax/el/javax.el-api/3.0.0/javax.el-api-3.0.0.jar:/home/user/.m2/repository/javax/interceptor/javax.interceptor-api/1.2/javax.interceptor-api-1.2.jar:/home/user/.m2/repository/javax/inject/javax.inject/1/javax.inject-1.jar:/home/user/.m2/repository/com/sun/xml/bind/jaxb-impl/2.3.0.1/jaxb-impl-2.3.0.1.jar:/home/user/.m2/repository/com/sun/xml/bind/jaxb-core/2.3.0.1/jaxb-core-2.3.0.1.jar:/home/user/.m2/repository/javax/xml/bind/jaxb-api/2.3.0/jaxb-api-2.3.0.jar:/home/user/.m2/repository/javax/activation/activation/1.1.1/activation-1.1.1.jar:/home/user/.m2/repository/org/apache/hadoop/hadoop-ozone-csi/0.5.0-SNAPSHOT/hadoop-ozone-csi-0.5.0-SNAPSHOT.jar:/home/user/.m2/repository/com/google/protobuf/protobuf-java-util/3.5.1/protobuf-java-util-3.5.1.jar:/home/user/.m2/repository/org/apache/hadoop/hadoop-hdds-config/0.5.0-SNAPSHOT/hadoop-hdds-config-0.5.0-SNAPSHOT.jar:/home/user/.m2/repository/io/grpc/grpc-netty/1.17.1/grpc-netty-1.17.1.jar:/home/user/.m2/repository/io/grpc/grpc-core/1.17.1/grpc-core-1.17.1.jar:/home/user/.m2/repository/io/grpc/grpc-context/1.17.1/grpc-context-1.17.1.jar:/home/user/.m2/repository/com/google/errorprone/error_prone_annotations/2.2.0/error_prone_annotations-2.2.0.jar:/home/user/.m2/repository/org/codehaus/mojo/animal-sniffer-annotations/1.17/animal-sniffer-annotations-1.17.jar:/home/user/.m2/repository/io/opencensus/opencensus-api/0.17.0/opencensus-api-0.17.0.jar:/home/user/.m2/repository/io/opencensus/opencensus-contrib-grpc-metrics/0.17.0/opencensus-contrib-grpc-metrics-0.17.0.jar:/home/user/.m2/repository/io/netty/netty-codec-http2/4.1.30.Final/netty-codec-http2-4.1.30.Final.jar:/home/user/.m2/repository/io/netty/netty-codec-http/4.1.30.Final/netty-codec-http-4.1.30.Final.jar:/home/user/.m2/repository/io/netty/netty-codec/4.1.30.Final/netty-codec-4.1.30.Final.jar:/home/user/.m2/repository/io/netty/netty-handler/4.1.30.Final/netty-handler-4.1.30.Final.jar:/home/user/.m2/repository/io/netty/netty-handler-proxy/4.1.30.Final/netty-handler-proxy-4.1.30.Final.jar:/home/user/.m2/repository/io/netty/netty-codec-socks/4.1.30.Final/netty-codec-socks-4.1.30.Final.jar:/home/user/.m2/repository/io/netty/netty-transport-native-epoll/4.1.30.Final/netty-transport-native-epoll-4.1.30.Final.jar:/home/user/.m2/repository/io/netty/netty-common/4.1.30.Final/netty-common-4.1.30.Final.jar:/home/user/.m2/repository/io/netty/netty-buffer/4.1.30.Final/netty-buffer-4.1.30.Final.jar:/home/user/.m2/repository/io/netty/netty-transport/4.1.30.Final/netty-transport-4.1.30.Final.jar:/home/user/.m2/repository/io/netty/netty-resolver/4.1.30.Final/netty-resolver-4.1.30.Final.jar:/home/user/.m2/repository/io/netty/netty-transport-native-unix-common/4.1.30.Final/netty-transport-native-unix-common-4.1.30.Final.jar:/home/user/.m2/repository/io/grpc/grpc-protobuf/1.17.1/grpc-protobuf-1.17.1.jar:/home/user/.m2/repository/com/google/api/grpc/proto-google-common-protos/1.0.0/proto-google-common-protos-1.0.0.jar:/home/user/.m2/repository/io/grpc/grpc-protobuf-lite/1.17.1/grpc-protobuf-lite-1.17.1.jar:/home/user/.m2/repository/io/grpc/grpc-stub/1.17.1/grpc-stub-1.17.1.jar:/home/user/.m2/repository/org/apache/hadoop/hadoop-ozone-recon/0.5.0-SNAPSHOT/hadoop-ozone-recon-0.5.0-SNAPSHOT.jar:/home/user/.m2/repository/org/apache/hadoop/hadoop-ozone-reconcodegen/0.5.0-SNAPSHOT/hadoop-ozone-reconcodegen-0.5.0-SNAPSHOT.jar:/home/user/.m2/repository/com/google/inject/extensions/guice-multibindings/4.0/guice-multibindings-4.0.jar:/home/user/.m2/repository/com/google/inject/guice/4.0/guice-4.0.jar:/home/user/.m2/repository/aopalliance/aopalliance/1.0/aopalliance-1.0.jar:/home/user/.m2/repository/com/google/inject/extensions/guice-servlet/4.0/guice-servlet-4.0.jar:/home/user/.m2/repository/org/glassfish/jersey/containers/jersey-container-servlet/2.27/jersey-container-servlet-2.27.jar:/home/user/.m2/repository/org/glassfish/hk2/guice-bridge/2.5.0/guice-bridge-2.5.0.jar:/home/user/.m2/repository/org/glassfish/jersey/core/jersey-server/2.27/jersey-server-2.27.jar:/home/user/.m2/repository/org/glassfish/jersey/core/jersey-client/2.27/jersey-client-2.27.jar:/home/user/.m2/repository/org/glassfish/jersey/media/jersey-media-jaxb/2.27/jersey-media-jaxb-2.27.jar:/home/user/.m2/repository/javax/validation/validation-api/1.1.0.Final/validation-api-1.1.0.Final.jar:/home/user/.m2/repository/org/glassfish/jersey/media/jersey-media-json-jackson/2.27/jersey-media-json-jackson-2.27.jar:/home/user/.m2/repository/org/glassfish/jersey/ext/jersey-entity-filtering/2.27/jersey-entity-filtering-2.27.jar:/home/user/.m2/repository/com/google/inject/extensions/guice-assistedinject/4.0/guice-assistedinject-4.0.jar:/home/user/.m2/repository/org/jooq/jooq/3.11.10/jooq-3.11.10.jar:/home/user/.m2/repository/org/jooq/jooq-meta/3.11.10/jooq-meta-3.11.10.jar:/home/user/.m2/repository/org/jooq/jooq-codegen/3.11.10/jooq-codegen-3.11.10.jar:/home/user/.m2/repository/com/jolbox/bonecp/0.8.0.RELEASE/bonecp-0.8.0.RELEASE.jar:/home/user/.m2/repository/org/xerial/sqlite-jdbc/3.25.2/sqlite-jdbc-3.25.2.jar:/home/user/.m2/repository/org/springframework/spring-jdbc/5.1.3.RELEASE/spring-jdbc-5.1.3.RELEASE.jar:/home/user/.m2/repository/org/springframework/spring-beans/5.1.3.RELEASE/spring-beans-5.1.3.RELEASE.jar:/home/user/.m2/repository/org/springframework/spring-core/5.1.3.RELEASE/spring-core-5.1.3.RELEASE.jar:/home/user/.m2/repository/org/springframework/spring-jcl/5.1.3.RELEASE/spring-jcl-5.1.3.RELEASE.jar:/home/user/.m2/repository/org/springframework/spring-tx/5.1.3.RELEASE/spring-tx-5.1.3.RELEASE.jar:/home/user/.m2/repository/org/apache/hadoop/hadoop-ozone-client/0.5.0-SNAPSHOT/hadoop-ozone-client-0.5.0-SNAPSHOT.jar:/home/user/.m2/repository/commons-lang/commons-lang/2.6/commons-lang-2.6.jar:/home/user/.m2/repository/org/apache/hadoop/hadoop-ozone-ozone-manager/0.5.0-SNAPSHOT/hadoop-ozone-ozone-manager-0.5.0-SNAPSHOT-tests.jar:/home/user/.m2/repository/junit/junit/4.11/junit-4.11.jar:/home/user/.m2/repository/org/hamcrest/hamcrest-core/1.3/hamcrest-core-1.3.jar:/home/user/.m2/repository/org/openjdk/jmh/jmh-core/1.19/jmh-core-1.19.jar:/home/user/.m2/repository/net/sf/jopt-simple/jopt-simple/4.6/jopt-simple-4.6.jar:/home/user/.m2/repository/org/apache/commons/commons-math3/3.1.1/commons-math3-3.1.1.jar:/home/user/.m2/repository/org/openjdk/jmh/jmh-generator-annprocess/1.19/jmh-generator-annprocess-1.19.jar:/home/user/.m2/repository/org/mockito/mockito-all/1.8.5/mockito-all-1.8.5.jar:/home/user/.m2/repository/org/apache/hadoop/hadoop-kms/3.2.0/hadoop-kms-3.2.0.jar:/home/user/.m2/repository/org/apache/hadoop/hadoop-auth/3.2.0/hadoop-auth-3.2.0.jar:/home/user/.m2/repository/com/nimbusds/nimbus-jose-jwt/4.41.1/nimbus-jose-jwt-4.41.1.jar:/home/user/.m2/repository/com/github/stephenc/jcip/jcip-annotations/1.0-1/jcip-annotations-1.0-1.jar:/home/user/.m2/repository/net/minidev/json-smart/2.3/json-smart-2.3.jar:/home/user/.m2/repository/net/minidev/accessors-smart/1.2/accessors-smart-1.2.jar:/home/user/.m2/repository/org/ow2/asm/asm/5.0.4/asm-5.0.4.jar:/home/user/.m2/repository/org/apache/curator/curator-framework/2.12.0/curator-framework-2.12.0.jar:/home/user/.m2/repository/com/sun/jersey/jersey-core/1.19/jersey-core-1.19.jar:/home/user/.m2/repository/javax/ws/rs/jsr311-api/1.1.1/jsr311-api-1.1.1.jar:/home/user/.m2/repository/com/sun/jersey/jersey-server/1.19/jersey-server-1.19.jar:/home/user/.m2/repository/javax/servlet/javax.servlet-api/3.1.0/javax.servlet-api-3.1.0.jar:/home/user/.m2/repository/org/eclipse/jetty/jetty-server/9.3.24.v20180605/jetty-server-9.3.24.v20180605.jar:/home/user/.m2/repository/org/eclipse/jetty/jetty-http/9.3.24.v20180605/jetty-http-9.3.24.v20180605.jar:/home/user/.m2/repository/org/eclipse/jetty/jetty-io/9.3.24.v20180605/jetty-io-9.3.24.v20180605.jar:/home/user/.m2/repository/org/eclipse/jetty/jetty-webapp/9.3.24.v20180605/jetty-webapp-9.3.24.v20180605.jar:/home/user/.m2/repository/org/eclipse/jetty/jetty-xml/9.3.24.v20180605/jetty-xml-9.3.24.v20180605.jar:/home/user/.m2/repository/log4j/log4j/1.2.17/log4j-1.2.17.jar:/home/user/.m2/repository/org/slf4j/slf4j-api/1.7.25/slf4j-api-1.7.25.jar:/home/user/.m2/repository/org/slf4j/jul-to-slf4j/1.7.25/jul-to-slf4j-1.7.25.jar:/home/user/.m2/repository/org/eclipse/jetty/jetty-util/9.3.24.v20180605/jetty-util-9.3.24.v20180605.jar:/home/user/.m2/repository/com/fasterxml/jackson/core/jackson-databind/2.9.5/jackson-databind-2.9.5.jar:/home/user/.m2/repository/org/apache/hadoop/hadoop-kms/3.2.0/hadoop-kms-3.2.0-tests.jar:/home/user/.m2/repository/org/apache/hadoop/hadoop-hdds-server-scm/0.5.0-SNAPSHOT/hadoop-hdds-server-scm-0.5.0-SNAPSHOT-tests.jar:/home/user/.m2/repository/org/apache/hadoop/hadoop-hdds-container-service/0.5.0-SNAPSHOT/hadoop-hdds-container-service-0.5.0-SNAPSHOT-tests.jar:/home/user/.m2/repository/org/yaml/snakeyaml/1.16/snakeyaml-1.16.jar:/home/user/.m2/repository/org/apache/hadoop/hadoop-common/3.2.0/hadoop-common-3.2.0-tests.jar:/home/user/.m2/repository/org/apache/hadoop/hadoop-annotations/3.2.0/hadoop-annotations-3.2.0.jar:/usr/lib/jvm/java-1.8-openjdk/jre/../lib/tools.jar:/home/user/.m2/repository/commons-cli/commons-cli/1.2/commons-cli-1.2.jar:/home/user/.m2/repository/org/apache/httpcomponents/httpclient/4.5.2/httpclient-4.5.2.jar:/home/user/.m2/repository/org/apache/httpcomponents/httpcore/4.4.4/httpcore-4.4.4.jar:/home/user/.m2/repository/commons-codec/commons-codec/1.11/commons-codec-1.11.jar:/home/user/.m2/repository/commons-net/commons-net/3.6/commons-net-3.6.jar:/home/user/.m2/repository/commons-collections/commons-collections/3.2.2/commons-collections-3.2.2.jar:/home/user/.m2/repository/org/eclipse/jetty/jetty-servlet/9.3.24.v20180605/jetty-servlet-9.3.24.v20180605.jar:/home/user/.m2/repository/org/eclipse/jetty/jetty-security/9.3.24.v20180605/jetty-security-9.3.24.v20180605.jar:/home/user/.m2/repository/javax/servlet/jsp/jsp-api/2.1/jsp-api-2.1.jar:/home/user/.m2/repository/com/sun/jersey/jersey-servlet/1.19/jersey-servlet-1.19.jar:/home/user/.m2/repository/com/sun/jersey/jersey-json/1.19/jersey-json-1.19.jar:/home/user/.m2/repository/org/codehaus/jettison/jettison/1.1/jettison-1.1.jar:/home/user/.m2/repository/org/codehaus/jackson/jackson-core-asl/1.9.13/jackson-core-asl-1.9.13.jar:/home/user/.m2/repository/org/codehaus/jackson/jackson-mapper-asl/1.9.13/jackson-mapper-asl-1.9.13.jar:/home/user/.m2/repository/org/codehaus/jackson/jackson-jaxrs/1.9.13/jackson-jaxrs-1.9.13.jar:/home/user/.m2/repository/org/codehaus/jackson/jackson-xc/1.9.13/jackson-xc-1.9.13.jar:/home/user/.m2/repository/commons-logging/commons-logging/1.1.3/commons-logging-1.1.3.jar:/home/user/.m2/repository/commons-beanutils/commons-beanutils/1.9.3/commons-beanutils-1.9.3.jar:/home/user/.m2/repository/org/apache/commons/commons-configuration2/2.1.1/commons-configuration2-2.1.1.jar:/home/user/.m2/repository/org/apache/commons/commons-lang3/3.7/commons-lang3-3.7.jar:/home/user/.m2/repository/org/apache/commons/commons-text/1.4/commons-text-1.4.jar:/home/user/.m2/repository/org/apache/avro/avro/1.7.7/avro-1.7.7.jar:/home/user/.m2/repository/com/thoughtworks/paranamer/paranamer/2.3/paranamer-2.3.jar:/home/user/.m2/repository/org/xerial/snappy/snappy-java/1.0.5/snappy-java-1.0.5.jar:/home/user/.m2/repository/com/google/re2j/re2j/1.1/re2j-1.1.jar:/home/user/.m2/repository/com/google/code/gson/gson/2.2.4/gson-2.2.4.jar:/home/user/.m2/repository/com/jcraft/jsch/0.1.54/jsch-0.1.54.jar:/home/user/.m2/repository/org/apache/curator/curator-client/2.12.0/curator-client-2.12.0.jar:/home/user/.m2/repository/org/apache/curator/curator-recipes/2.12.0/curator-recipes-2.12.0.jar:/home/user/.m2/repository/com/google/code/findbugs/jsr305/3.0.0/jsr305-3.0.0.jar:/home/user/.m2/repository/org/apache/htrace/htrace-core4/4.1.0-incubating/htrace-core4-4.1.0-incubating.jar:/home/user/.m2/repository/org/apache/zookeeper/zookeeper/3.4.13/zookeeper-3.4.13.jar:/home/user/.m2/repository/org/apache/yetus/audience-annotations/0.5.0/audience-annotations-0.5.0.jar:/home/user/.m2/repository/org/codehaus/woodstox/stax2-api/3.1.4/stax2-api-3.1.4.jar:/home/user/.m2/repository/com/fasterxml/woodstox/woodstox-core/5.0.3/woodstox-core-5.0.3.jar:/home/user/.m2/repository/dnsjava/dnsjava/2.1.7/dnsjava-2.1.7.jar:/home/user/.m2/repository/org/apache/hadoop/hadoop-hdfs/3.2.0/hadoop-hdfs-3.2.0-tests.jar:/home/user/.m2/repository/org/eclipse/jetty/jetty-util-ajax/9.3.24.v20180605/jetty-util-ajax-9.3.24.v20180605.jar:/home/user/.m2/repository/commons-daemon/commons-daemon/1.0.13/commons-daemon-1.0.13.jar:/home/user/.m2/repository/io/netty/netty/3.10.5.Final/netty-3.10.5.Final.jar:/home/user/.m2/repository/io/netty/netty-all/4.0.52.Final/netty-all-4.0.52.Final.jar:/home/user/.m2/repository/org/fusesource/leveldbjni/leveldbjni-all/1.8/leveldbjni-all-1.8.jar:"/>
    <property name="java.vm.vendor" value="IcedTea"/>
    <property name="sun.arch.data.model" value="64"/>
    <property name="test.build.dir" value="/workdir/hadoop-ozone/integration-test/target/test-dir"/>
    <property name="test.cache.data" value=""/>
    <property name="java.vendor.url" value="https://icedtea.classpath.org"/>
    <property name="user.timezone" value=""/>
    <property name="java.vm.specification.version" value="1.8"/>
    <property name="os.name" value="Linux"/>
    <property name="test.build.data" value="/workdir/hadoop-ozone/integration-test/target/test-dir"/>
    <property name="user.country" value="US"/>
    <property name="sun.java.launcher" value="SUN_STANDARD"/>
    <property name="sun.boot.library.path" value="/usr/lib/jvm/java-1.8-openjdk/jre/lib/amd64"/>
    <property name="sun.java.command" value="/workdir/hadoop-ozone/integration-test/target/surefire/surefirebooter2435805428783154764.jar /workdir/hadoop-ozone/integration-test/target/surefire 2019-07-14T08-10-17_023-jvmRun1 surefire8072156427739811589tmp surefire_376374815857080542745tmp"/>
    <property name="surefire.test.class.path" value="/workdir/hadoop-ozone/integration-test/target/test-classes:/workdir/hadoop-ozone/integration-test/target/classes:/home/user/.m2/repository/org/apache/hadoop/hadoop-ozone-common/0.5.0-SNAPSHOT/hadoop-ozone-common-0.5.0-SNAPSHOT.jar:/home/user/.m2/repository/org/apache/commons/commons-compress/1.4.1/commons-compress-1.4.1.jar:/home/user/.m2/repository/org/tukaani/xz/1.0/xz-1.0.jar:/home/user/.m2/repository/org/apache/hadoop/hadoop-common/3.2.0/hadoop-common-3.2.0.jar:/home/user/.m2/repository/org/apache/hadoop/hadoop-hdfs/3.2.0/hadoop-hdfs-3.2.0.jar:/home/user/.m2/repository/org/apache/hadoop/hadoop-hdfs-client/3.2.0/hadoop-hdfs-client-3.2.0.jar:/home/user/.m2/repository/com/fasterxml/jackson/core/jackson-annotations/2.9.5/jackson-annotations-2.9.5.jar:/home/user/.m2/repository/org/apache/hadoop/hadoop-hdds-common/0.5.0-SNAPSHOT/hadoop-hdds-common-0.5.0-SNAPSHOT.jar:/home/user/.m2/repository/javax/annotation/javax.annotation-api/1.2/javax.annotation-api-1.2.jar:/home/user/.m2/repository/org/apache/ratis/ratis-server/0.4.0-2337318-SNAPSHOT/ratis-server-0.4.0-2337318-SNAPSHOT.jar:/home/user/.m2/repository/org/apache/ratis/ratis-thirdparty-misc/0.2.0/ratis-thirdparty-misc-0.2.0.jar:/home/user/.m2/repository/org/apache/ratis/ratis-proto/0.4.0-2337318-SNAPSHOT/ratis-proto-0.4.0-2337318-SNAPSHOT.jar:/home/user/.m2/repository/org/apache/ratis/ratis-common/0.4.0-2337318-SNAPSHOT/ratis-common-0.4.0-2337318-SNAPSHOT.jar:/home/user/.m2/repository/org/apache/ratis/ratis-client/0.4.0-2337318-SNAPSHOT/ratis-client-0.4.0-2337318-SNAPSHOT.jar:/home/user/.m2/repository/org/apache/ratis/ratis-metrics/0.4.0-2337318-SNAPSHOT/ratis-metrics-0.4.0-2337318-SNAPSHOT.jar:/home/user/.m2/repository/org/apache/ratis/ratis-netty/0.4.0-2337318-SNAPSHOT/ratis-netty-0.4.0-2337318-SNAPSHOT.jar:/home/user/.m2/repository/org/apache/ratis/ratis-grpc/0.4.0-2337318-SNAPSHOT/ratis-grpc-0.4.0-2337318-SNAPSHOT.jar:/home/user/.m2/repository/org/rocksdb/rocksdbjni/6.0.1/rocksdbjni-6.0.1.jar:/home/user/.m2/repository/org/apache/logging/log4j/log4j-api/2.11.0/log4j-api-2.11.0.jar:/home/user/.m2/repository/org/apache/logging/log4j/log4j-core/2.11.0/log4j-core-2.11.0.jar:/home/user/.m2/repository/com/lmax/disruptor/3.4.2/disruptor-3.4.2.jar:/home/user/.m2/repository/org/apache/commons/commons-pool2/2.6.0/commons-pool2-2.6.0.jar:/home/user/.m2/repository/org/bouncycastle/bcpkix-jdk15on/1.60/bcpkix-jdk15on-1.60.jar:/home/user/.m2/repository/commons-validator/commons-validator/1.6/commons-validator-1.6.jar:/home/user/.m2/repository/commons-digester/commons-digester/1.8.1/commons-digester-1.8.1.jar:/home/user/.m2/repository/io/jaegertracing/jaeger-client/0.33.1/jaeger-client-0.33.1.jar:/home/user/.m2/repository/io/jaegertracing/jaeger-thrift/0.33.1/jaeger-thrift-0.33.1.jar:/home/user/.m2/repository/org/apache/thrift/libthrift/0.11.0/libthrift-0.11.0.jar:/home/user/.m2/repository/com/squareup/okhttp3/okhttp/3.9.0/okhttp-3.9.0.jar:/home/user/.m2/repository/com/squareup/okio/okio/1.13.0/okio-1.13.0.jar:/home/user/.m2/repository/io/jaegertracing/jaeger-core/0.33.1/jaeger-core-0.33.1.jar:/home/user/.m2/repository/io/jaegertracing/jaeger-tracerresolver/0.33.1/jaeger-tracerresolver-0.33.1.jar:/home/user/.m2/repository/io/opentracing/contrib/opentracing-tracerresolver/0.1.5/opentracing-tracerresolver-0.1.5.jar:/home/user/.m2/repository/io/opentracing/opentracing-util/0.31.0/opentracing-util-0.31.0.jar:/home/user/.m2/repository/io/opentracing/opentracing-api/0.31.0/opentracing-api-0.31.0.jar:/home/user/.m2/repository/io/opentracing/opentracing-noop/0.31.0/opentracing-noop-0.31.0.jar:/home/user/.m2/repository/org/apache/hadoop/hadoop-hdds-server-framework/0.5.0-SNAPSHOT/hadoop-hdds-server-framework-0.5.0-SNAPSHOT.jar:/home/user/.m2/repository/org/apache/hadoop/hadoop-hdds-container-service/0.5.0-SNAPSHOT/hadoop-hdds-container-service-0.5.0-SNAPSHOT.jar:/home/user/.m2/repository/org/apache/hadoop/hadoop-hdds-client/0.5.0-SNAPSHOT/hadoop-hdds-client-0.5.0-SNAPSHOT.jar:/home/user/.m2/repository/org/apache/hadoop/hadoop-hdds-tools/0.5.0-SNAPSHOT/hadoop-hdds-tools-0.5.0-SNAPSHOT.jar:/home/user/.m2/repository/org/apache/hadoop/hadoop-hdds-server-scm/0.5.0-SNAPSHOT/hadoop-hdds-server-scm-0.5.0-SNAPSHOT.jar:/home/user/.m2/repository/org/apache/hadoop/hadoop-hdds-docs/0.5.0-SNAPSHOT/hadoop-hdds-docs-0.5.0-SNAPSHOT.jar:/home/user/.m2/repository/io/dropwizard/metrics/metrics-core/3.2.4/metrics-core-3.2.4.jar:/home/user/.m2/repository/org/hamcrest/hamcrest-all/1.3/hamcrest-all-1.3.jar:/home/user/.m2/repository/org/bouncycastle/bcprov-jdk15on/1.60/bcprov-jdk15on-1.60.jar:/home/user/.m2/repository/info/picocli/picocli/3.9.6/picocli-3.9.6.jar:/home/user/.m2/repository/com/google/protobuf/protobuf-java/2.5.0/protobuf-java-2.5.0.jar:/home/user/.m2/repository/com/google/guava/guava/11.0.2/guava-11.0.2.jar:/home/user/.m2/repository/org/apache/hadoop/hadoop-ozone-ozone-manager/0.5.0-SNAPSHOT/hadoop-ozone-ozone-manager-0.5.0-SNAPSHOT.jar:/home/user/.m2/repository/org/apache/hadoop/hadoop-minikdc/3.2.0/hadoop-minikdc-3.2.0.jar:/home/user/.m2/repository/commons-io/commons-io/2.5/commons-io-2.5.jar:/home/user/.m2/repository/org/apache/kerby/kerb-simplekdc/1.0.1/kerb-simplekdc-1.0.1.jar:/home/user/.m2/repository/org/apache/kerby/kerb-client/1.0.1/kerb-client-1.0.1.jar:/home/user/.m2/repository/org/apache/kerby/kerby-config/1.0.1/kerby-config-1.0.1.jar:/home/user/.m2/repository/org/apache/kerby/kerb-core/1.0.1/kerb-core-1.0.1.jar:/home/user/.m2/repository/org/apache/kerby/kerby-pkix/1.0.1/kerby-pkix-1.0.1.jar:/home/user/.m2/repository/org/apache/kerby/kerby-asn1/1.0.1/kerby-asn1-1.0.1.jar:/home/user/.m2/repository/org/apache/kerby/kerby-util/1.0.1/kerby-util-1.0.1.jar:/home/user/.m2/repository/org/apache/kerby/kerb-common/1.0.1/kerb-common-1.0.1.jar:/home/user/.m2/repository/org/apache/kerby/kerb-crypto/1.0.1/kerb-crypto-1.0.1.jar:/home/user/.m2/repository/org/apache/kerby/kerb-util/1.0.1/kerb-util-1.0.1.jar:/home/user/.m2/repository/org/apache/kerby/token-provider/1.0.1/token-provider-1.0.1.jar:/home/user/.m2/repository/org/apache/kerby/kerb-admin/1.0.1/kerb-admin-1.0.1.jar:/home/user/.m2/repository/org/apache/kerby/kerb-server/1.0.1/kerb-server-1.0.1.jar:/home/user/.m2/repository/org/apache/kerby/kerb-identity/1.0.1/kerb-identity-1.0.1.jar:/home/user/.m2/repository/org/apache/kerby/kerby-xdr/1.0.1/kerby-xdr-1.0.1.jar:/home/user/.m2/repository/org/slf4j/slf4j-log4j12/1.7.25/slf4j-log4j12-1.7.25.jar:/home/user/.m2/repository/org/apache/hadoop/hadoop-ozone-objectstore-service/0.5.0-SNAPSHOT/hadoop-ozone-objectstore-service-0.5.0-SNAPSHOT.jar:/home/user/.m2/repository/org/apache/hadoop/hadoop-ozone-s3gateway/0.5.0-SNAPSHOT/hadoop-ozone-s3gateway-0.5.0-SNAPSHOT.jar:/home/user/.m2/repository/org/jboss/weld/servlet/weld-servlet/2.4.7.Final/weld-servlet-2.4.7.Final.jar:/home/user/.m2/repository/org/glassfish/jersey/containers/jersey-container-servlet-core/2.27/jersey-container-servlet-core-2.27.jar:/home/user/.m2/repository/org/glassfish/hk2/external/javax.inject/2.5.0-b42/javax.inject-2.5.0-b42.jar:/home/user/.m2/repository/org/glassfish/jersey/core/jersey-common/2.27/jersey-common-2.27.jar:/home/user/.m2/repository/org/glassfish/hk2/osgi-resource-locator/1.0.1/osgi-resource-locator-1.0.1.jar:/home/user/.m2/repository/javax/ws/rs/javax.ws.rs-api/2.1/javax.ws.rs-api-2.1.jar:/home/user/.m2/repository/org/glassfish/jersey/ext/cdi/jersey-cdi1x/2.27/jersey-cdi1x-2.27.jar:/home/user/.m2/repository/org/glassfish/jersey/inject/jersey-hk2/2.27/jersey-hk2-2.27.jar:/home/user/.m2/repository/org/glassfish/hk2/hk2-locator/2.5.0-b42/hk2-locator-2.5.0-b42.jar:/home/user/.m2/repository/org/javassist/javassist/3.22.0-CR2/javassist-3.22.0-CR2.jar:/home/user/.m2/repository/org/glassfish/hk2/hk2-api/2.5.0/hk2-api-2.5.0.jar:/home/user/.m2/repository/org/glassfish/hk2/external/jakarta.inject/2.5.0/jakarta.inject-2.5.0.jar:/home/user/.m2/repository/org/glassfish/hk2/hk2-utils/2.5.0/hk2-utils-2.5.0.jar:/home/user/.m2/repository/jakarta/annotation/jakarta.annotation-api/1.3.4/jakarta.annotation-api-1.3.4.jar:/home/user/.m2/repository/org/glassfish/hk2/external/aopalliance-repackaged/2.5.0/aopalliance-repackaged-2.5.0.jar:/home/user/.m2/repository/com/fasterxml/jackson/dataformat/jackson-dataformat-xml/2.9.0/jackson-dataformat-xml-2.9.0.jar:/home/user/.m2/repository/com/fasterxml/jackson/core/jackson-core/2.9.5/jackson-core-2.9.5.jar:/home/user/.m2/repository/com/fasterxml/jackson/module/jackson-module-jaxb-annotations/2.9.5/jackson-module-jaxb-annotations-2.9.5.jar:/home/user/.m2/repository/javax/enterprise/cdi-api/1.2/cdi-api-1.2.jar:/home/user/.m2/repository/javax/el/javax.el-api/3.0.0/javax.el-api-3.0.0.jar:/home/user/.m2/repository/javax/interceptor/javax.interceptor-api/1.2/javax.interceptor-api-1.2.jar:/home/user/.m2/repository/javax/inject/javax.inject/1/javax.inject-1.jar:/home/user/.m2/repository/com/sun/xml/bind/jaxb-impl/2.3.0.1/jaxb-impl-2.3.0.1.jar:/home/user/.m2/repository/com/sun/xml/bind/jaxb-core/2.3.0.1/jaxb-core-2.3.0.1.jar:/home/user/.m2/repository/javax/xml/bind/jaxb-api/2.3.0/jaxb-api-2.3.0.jar:/home/user/.m2/repository/javax/activation/activation/1.1.1/activation-1.1.1.jar:/home/user/.m2/repository/org/apache/hadoop/hadoop-ozone-csi/0.5.0-SNAPSHOT/hadoop-ozone-csi-0.5.0-SNAPSHOT.jar:/home/user/.m2/repository/com/google/protobuf/protobuf-java-util/3.5.1/protobuf-java-util-3.5.1.jar:/home/user/.m2/repository/org/apache/hadoop/hadoop-hdds-config/0.5.0-SNAPSHOT/hadoop-hdds-config-0.5.0-SNAPSHOT.jar:/home/user/.m2/repository/io/grpc/grpc-netty/1.17.1/grpc-netty-1.17.1.jar:/home/user/.m2/repository/io/grpc/grpc-core/1.17.1/grpc-core-1.17.1.jar:/home/user/.m2/repository/io/grpc/grpc-context/1.17.1/grpc-context-1.17.1.jar:/home/user/.m2/repository/com/google/errorprone/error_prone_annotations/2.2.0/error_prone_annotations-2.2.0.jar:/home/user/.m2/repository/org/codehaus/mojo/animal-sniffer-annotations/1.17/animal-sniffer-annotations-1.17.jar:/home/user/.m2/repository/io/opencensus/opencensus-api/0.17.0/opencensus-api-0.17.0.jar:/home/user/.m2/repository/io/opencensus/opencensus-contrib-grpc-metrics/0.17.0/opencensus-contrib-grpc-metrics-0.17.0.jar:/home/user/.m2/repository/io/netty/netty-codec-http2/4.1.30.Final/netty-codec-http2-4.1.30.Final.jar:/home/user/.m2/repository/io/netty/netty-codec-http/4.1.30.Final/netty-codec-http-4.1.30.Final.jar:/home/user/.m2/repository/io/netty/netty-codec/4.1.30.Final/netty-codec-4.1.30.Final.jar:/home/user/.m2/repository/io/netty/netty-handler/4.1.30.Final/netty-handler-4.1.30.Final.jar:/home/user/.m2/repository/io/netty/netty-handler-proxy/4.1.30.Final/netty-handler-proxy-4.1.30.Final.jar:/home/user/.m2/repository/io/netty/netty-codec-socks/4.1.30.Final/netty-codec-socks-4.1.30.Final.jar:/home/user/.m2/repository/io/netty/netty-transport-native-epoll/4.1.30.Final/netty-transport-native-epoll-4.1.30.Final.jar:/home/user/.m2/repository/io/netty/netty-common/4.1.30.Final/netty-common-4.1.30.Final.jar:/home/user/.m2/repository/io/netty/netty-buffer/4.1.30.Final/netty-buffer-4.1.30.Final.jar:/home/user/.m2/repository/io/netty/netty-transport/4.1.30.Final/netty-transport-4.1.30.Final.jar:/home/user/.m2/repository/io/netty/netty-resolver/4.1.30.Final/netty-resolver-4.1.30.Final.jar:/home/user/.m2/repository/io/netty/netty-transport-native-unix-common/4.1.30.Final/netty-transport-native-unix-common-4.1.30.Final.jar:/home/user/.m2/repository/io/grpc/grpc-protobuf/1.17.1/grpc-protobuf-1.17.1.jar:/home/user/.m2/repository/com/google/api/grpc/proto-google-common-protos/1.0.0/proto-google-common-protos-1.0.0.jar:/home/user/.m2/repository/io/grpc/grpc-protobuf-lite/1.17.1/grpc-protobuf-lite-1.17.1.jar:/home/user/.m2/repository/io/grpc/grpc-stub/1.17.1/grpc-stub-1.17.1.jar:/home/user/.m2/repository/org/apache/hadoop/hadoop-ozone-recon/0.5.0-SNAPSHOT/hadoop-ozone-recon-0.5.0-SNAPSHOT.jar:/home/user/.m2/repository/org/apache/hadoop/hadoop-ozone-reconcodegen/0.5.0-SNAPSHOT/hadoop-ozone-reconcodegen-0.5.0-SNAPSHOT.jar:/home/user/.m2/repository/com/google/inject/extensions/guice-multibindings/4.0/guice-multibindings-4.0.jar:/home/user/.m2/repository/com/google/inject/guice/4.0/guice-4.0.jar:/home/user/.m2/repository/aopalliance/aopalliance/1.0/aopalliance-1.0.jar:/home/user/.m2/repository/com/google/inject/extensions/guice-servlet/4.0/guice-servlet-4.0.jar:/home/user/.m2/repository/org/glassfish/jersey/containers/jersey-container-servlet/2.27/jersey-container-servlet-2.27.jar:/home/user/.m2/repository/org/glassfish/hk2/guice-bridge/2.5.0/guice-bridge-2.5.0.jar:/home/user/.m2/repository/org/glassfish/jersey/core/jersey-server/2.27/jersey-server-2.27.jar:/home/user/.m2/repository/org/glassfish/jersey/core/jersey-client/2.27/jersey-client-2.27.jar:/home/user/.m2/repository/org/glassfish/jersey/media/jersey-media-jaxb/2.27/jersey-media-jaxb-2.27.jar:/home/user/.m2/repository/javax/validation/validation-api/1.1.0.Final/validation-api-1.1.0.Final.jar:/home/user/.m2/repository/org/glassfish/jersey/media/jersey-media-json-jackson/2.27/jersey-media-json-jackson-2.27.jar:/home/user/.m2/repository/org/glassfish/jersey/ext/jersey-entity-filtering/2.27/jersey-entity-filtering-2.27.jar:/home/user/.m2/repository/com/google/inject/extensions/guice-assistedinject/4.0/guice-assistedinject-4.0.jar:/home/user/.m2/repository/org/jooq/jooq/3.11.10/jooq-3.11.10.jar:/home/user/.m2/repository/org/jooq/jooq-meta/3.11.10/jooq-meta-3.11.10.jar:/home/user/.m2/repository/org/jooq/jooq-codegen/3.11.10/jooq-codegen-3.11.10.jar:/home/user/.m2/repository/com/jolbox/bonecp/0.8.0.RELEASE/bonecp-0.8.0.RELEASE.jar:/home/user/.m2/repository/org/xerial/sqlite-jdbc/3.25.2/sqlite-jdbc-3.25.2.jar:/home/user/.m2/repository/org/springframework/spring-jdbc/5.1.3.RELEASE/spring-jdbc-5.1.3.RELEASE.jar:/home/user/.m2/repository/org/springframework/spring-beans/5.1.3.RELEASE/spring-beans-5.1.3.RELEASE.jar:/home/user/.m2/repository/org/springframework/spring-core/5.1.3.RELEASE/spring-core-5.1.3.RELEASE.jar:/home/user/.m2/repository/org/springframework/spring-jcl/5.1.3.RELEASE/spring-jcl-5.1.3.RELEASE.jar:/home/user/.m2/repository/org/springframework/spring-tx/5.1.3.RELEASE/spring-tx-5.1.3.RELEASE.jar:/home/user/.m2/repository/org/apache/hadoop/hadoop-ozone-client/0.5.0-SNAPSHOT/hadoop-ozone-client-0.5.0-SNAPSHOT.jar:/home/user/.m2/repository/commons-lang/commons-lang/2.6/commons-lang-2.6.jar:/home/user/.m2/repository/org/apache/hadoop/hadoop-ozone-ozone-manager/0.5.0-SNAPSHOT/hadoop-ozone-ozone-manager-0.5.0-SNAPSHOT-tests.jar:/home/user/.m2/repository/junit/junit/4.11/junit-4.11.jar:/home/user/.m2/repository/org/hamcrest/hamcrest-core/1.3/hamcrest-core-1.3.jar:/home/user/.m2/repository/org/openjdk/jmh/jmh-core/1.19/jmh-core-1.19.jar:/home/user/.m2/repository/net/sf/jopt-simple/jopt-simple/4.6/jopt-simple-4.6.jar:/home/user/.m2/repository/org/apache/commons/commons-math3/3.1.1/commons-math3-3.1.1.jar:/home/user/.m2/repository/org/openjdk/jmh/jmh-generator-annprocess/1.19/jmh-generator-annprocess-1.19.jar:/home/user/.m2/repository/org/mockito/mockito-all/1.8.5/mockito-all-1.8.5.jar:/home/user/.m2/repository/org/apache/hadoop/hadoop-kms/3.2.0/hadoop-kms-3.2.0.jar:/home/user/.m2/repository/org/apache/hadoop/hadoop-auth/3.2.0/hadoop-auth-3.2.0.jar:/home/user/.m2/repository/com/nimbusds/nimbus-jose-jwt/4.41.1/nimbus-jose-jwt-4.41.1.jar:/home/user/.m2/repository/com/github/stephenc/jcip/jcip-annotations/1.0-1/jcip-annotations-1.0-1.jar:/home/user/.m2/repository/net/minidev/json-smart/2.3/json-smart-2.3.jar:/home/user/.m2/repository/net/minidev/accessors-smart/1.2/accessors-smart-1.2.jar:/home/user/.m2/repository/org/ow2/asm/asm/5.0.4/asm-5.0.4.jar:/home/user/.m2/repository/org/apache/curator/curator-framework/2.12.0/curator-framework-2.12.0.jar:/home/user/.m2/repository/com/sun/jersey/jersey-core/1.19/jersey-core-1.19.jar:/home/user/.m2/repository/javax/ws/rs/jsr311-api/1.1.1/jsr311-api-1.1.1.jar:/home/user/.m2/repository/com/sun/jersey/jersey-server/1.19/jersey-server-1.19.jar:/home/user/.m2/repository/javax/servlet/javax.servlet-api/3.1.0/javax.servlet-api-3.1.0.jar:/home/user/.m2/repository/org/eclipse/jetty/jetty-server/9.3.24.v20180605/jetty-server-9.3.24.v20180605.jar:/home/user/.m2/repository/org/eclipse/jetty/jetty-http/9.3.24.v20180605/jetty-http-9.3.24.v20180605.jar:/home/user/.m2/repository/org/eclipse/jetty/jetty-io/9.3.24.v20180605/jetty-io-9.3.24.v20180605.jar:/home/user/.m2/repository/org/eclipse/jetty/jetty-webapp/9.3.24.v20180605/jetty-webapp-9.3.24.v20180605.jar:/home/user/.m2/repository/org/eclipse/jetty/jetty-xml/9.3.24.v20180605/jetty-xml-9.3.24.v20180605.jar:/home/user/.m2/repository/log4j/log4j/1.2.17/log4j-1.2.17.jar:/home/user/.m2/repository/org/slf4j/slf4j-api/1.7.25/slf4j-api-1.7.25.jar:/home/user/.m2/repository/org/slf4j/jul-to-slf4j/1.7.25/jul-to-slf4j-1.7.25.jar:/home/user/.m2/repository/org/eclipse/jetty/jetty-util/9.3.24.v20180605/jetty-util-9.3.24.v20180605.jar:/home/user/.m2/repository/com/fasterxml/jackson/core/jackson-databind/2.9.5/jackson-databind-2.9.5.jar:/home/user/.m2/repository/org/apache/hadoop/hadoop-kms/3.2.0/hadoop-kms-3.2.0-tests.jar:/home/user/.m2/repository/org/apache/hadoop/hadoop-hdds-server-scm/0.5.0-SNAPSHOT/hadoop-hdds-server-scm-0.5.0-SNAPSHOT-tests.jar:/home/user/.m2/repository/org/apache/hadoop/hadoop-hdds-container-service/0.5.0-SNAPSHOT/hadoop-hdds-container-service-0.5.0-SNAPSHOT-tests.jar:/home/user/.m2/repository/org/yaml/snakeyaml/1.16/snakeyaml-1.16.jar:/home/user/.m2/repository/org/apache/hadoop/hadoop-common/3.2.0/hadoop-common-3.2.0-tests.jar:/home/user/.m2/repository/org/apache/hadoop/hadoop-annotations/3.2.0/hadoop-annotations-3.2.0.jar:/usr/lib/jvm/java-1.8-openjdk/jre/../lib/tools.jar:/home/user/.m2/repository/commons-cli/commons-cli/1.2/commons-cli-1.2.jar:/home/user/.m2/repository/org/apache/httpcomponents/httpclient/4.5.2/httpclient-4.5.2.jar:/home/user/.m2/repository/org/apache/httpcomponents/httpcore/4.4.4/httpcore-4.4.4.jar:/home/user/.m2/repository/commons-codec/commons-codec/1.11/commons-codec-1.11.jar:/home/user/.m2/repository/commons-net/commons-net/3.6/commons-net-3.6.jar:/home/user/.m2/repository/commons-collections/commons-collections/3.2.2/commons-collections-3.2.2.jar:/home/user/.m2/repository/org/eclipse/jetty/jetty-servlet/9.3.24.v20180605/jetty-servlet-9.3.24.v20180605.jar:/home/user/.m2/repository/org/eclipse/jetty/jetty-security/9.3.24.v20180605/jetty-security-9.3.24.v20180605.jar:/home/user/.m2/repository/javax/servlet/jsp/jsp-api/2.1/jsp-api-2.1.jar:/home/user/.m2/repository/com/sun/jersey/jersey-servlet/1.19/jersey-servlet-1.19.jar:/home/user/.m2/repository/com/sun/jersey/jersey-json/1.19/jersey-json-1.19.jar:/home/user/.m2/repository/org/codehaus/jettison/jettison/1.1/jettison-1.1.jar:/home/user/.m2/repository/org/codehaus/jackson/jackson-core-asl/1.9.13/jackson-core-asl-1.9.13.jar:/home/user/.m2/repository/org/codehaus/jackson/jackson-mapper-asl/1.9.13/jackson-mapper-asl-1.9.13.jar:/home/user/.m2/repository/org/codehaus/jackson/jackson-jaxrs/1.9.13/jackson-jaxrs-1.9.13.jar:/home/user/.m2/repository/org/codehaus/jackson/jackson-xc/1.9.13/jackson-xc-1.9.13.jar:/home/user/.m2/repository/commons-logging/commons-logging/1.1.3/commons-logging-1.1.3.jar:/home/user/.m2/repository/commons-beanutils/commons-beanutils/1.9.3/commons-beanutils-1.9.3.jar:/home/user/.m2/repository/org/apache/commons/commons-configuration2/2.1.1/commons-configuration2-2.1.1.jar:/home/user/.m2/repository/org/apache/commons/commons-lang3/3.7/commons-lang3-3.7.jar:/home/user/.m2/repository/org/apache/commons/commons-text/1.4/commons-text-1.4.jar:/home/user/.m2/repository/org/apache/avro/avro/1.7.7/avro-1.7.7.jar:/home/user/.m2/repository/com/thoughtworks/paranamer/paranamer/2.3/paranamer-2.3.jar:/home/user/.m2/repository/org/xerial/snappy/snappy-java/1.0.5/snappy-java-1.0.5.jar:/home/user/.m2/repository/com/google/re2j/re2j/1.1/re2j-1.1.jar:/home/user/.m2/repository/com/google/code/gson/gson/2.2.4/gson-2.2.4.jar:/home/user/.m2/repository/com/jcraft/jsch/0.1.54/jsch-0.1.54.jar:/home/user/.m2/repository/org/apache/curator/curator-client/2.12.0/curator-client-2.12.0.jar:/home/user/.m2/repository/org/apache/curator/curator-recipes/2.12.0/curator-recipes-2.12.0.jar:/home/user/.m2/repository/com/google/code/findbugs/jsr305/3.0.0/jsr305-3.0.0.jar:/home/user/.m2/repository/org/apache/htrace/htrace-core4/4.1.0-incubating/htrace-core4-4.1.0-incubating.jar:/home/user/.m2/repository/org/apache/zookeeper/zookeeper/3.4.13/zookeeper-3.4.13.jar:/home/user/.m2/repository/org/apache/yetus/audience-annotations/0.5.0/audience-annotations-0.5.0.jar:/home/user/.m2/repository/org/codehaus/woodstox/stax2-api/3.1.4/stax2-api-3.1.4.jar:/home/user/.m2/repository/com/fasterxml/woodstox/woodstox-core/5.0.3/woodstox-core-5.0.3.jar:/home/user/.m2/repository/dnsjava/dnsjava/2.1.7/dnsjava-2.1.7.jar:/home/user/.m2/repository/org/apache/hadoop/hadoop-hdfs/3.2.0/hadoop-hdfs-3.2.0-tests.jar:/home/user/.m2/repository/org/eclipse/jetty/jetty-util-ajax/9.3.24.v20180605/jetty-util-ajax-9.3.24.v20180605.jar:/home/user/.m2/repository/commons-daemon/commons-daemon/1.0.13/commons-daemon-1.0.13.jar:/home/user/.m2/repository/io/netty/netty/3.10.5.Final/netty-3.10.5.Final.jar:/home/user/.m2/repository/io/netty/netty-all/4.0.52.Final/netty-all-4.0.52.Final.jar:/home/user/.m2/repository/org/fusesource/leveldbjni/leveldbjni-all/1.8/leveldbjni-all-1.8.jar:"/>
    <property name="sun.cpu.endian" value="little"/>
    <property name="user.home" value="/home/user"/>
    <property name="user.language" value="en"/>
    <property name="java.specification.vendor" value="Oracle Corporation"/>
    <property name="java.home" value="/usr/lib/jvm/java-1.8-openjdk/jre"/>
    <property name="java.security.krb5.conf" value="/workdir/hadoop-ozone/integration-test/target/test-classes/krb5.conf"/>
    <property name="basedir" value="/workdir/hadoop-ozone/integration-test"/>
    <property name="file.separator" value="/"/>
    <property name="line.separator" value="&#10;"/>
    <property name="java.vm.specification.vendor" value="Oracle Corporation"/>
    <property name="java.specification.name" value="Java Platform API Specification"/>
    <property name="java.awt.graphicsenv" value="sun.awt.X11GraphicsEnvironment"/>
    <property name="surefire.real.class.path" value="/workdir/hadoop-ozone/integration-test/target/surefire/surefirebooter2435805428783154764.jar"/>
    <property name="hadoop.log.dir" value="/workdir/hadoop-ozone/integration-test/target/log"/>
    <property name="sun.boot.class.path" value="/usr/lib/jvm/java-1.8-openjdk/jre/lib/resources.jar:/usr/lib/jvm/java-1.8-openjdk/jre/lib/rt.jar:/usr/lib/jvm/java-1.8-openjdk/jre/lib/sunrsasign.jar:/usr/lib/jvm/java-1.8-openjdk/jre/lib/jsse.jar:/usr/lib/jvm/java-1.8-openjdk/jre/lib/jce.jar:/usr/lib/jvm/java-1.8-openjdk/jre/lib/charsets.jar:/usr/lib/jvm/java-1.8-openjdk/jre/lib/jfr.jar:/usr/lib/jvm/java-1.8-openjdk/jre/classes"/>
    <property name="sun.management.compiler" value="HotSpot 64-Bit Tiered Compilers"/>
    <property name="java.runtime.version" value="1.8.0_212-b04"/>
    <property name="java.net.preferIPv4Stack" value="true"/>
    <property name="user.name" value="jenkins1000"/>
    <property name="path.separator" value=":"/>
    <property name="java.security.egd" value="file:///dev/urandom"/>
    <property name="os.version" value="3.10.0-957.12.2.el7.x86_64"/>
    <property name="java.endorsed.dirs" value="/usr/lib/jvm/java-1.8-openjdk/jre/lib/endorsed"/>
    <property name="java.runtime.name" value="OpenJDK Runtime Environment"/>
    <property name="file.encoding" value="UTF-8"/>
    <property name="java.vm.name" value="OpenJDK 64-Bit Server VM"/>
    <property name="test.build.webapps" value=""/>
    <property name="localRepository" value="/home/user/.m2/repository"/>
    <property name="java.vendor.url.bug" value="https://icedtea.classpath.org/bugzilla"/>
    <property name="java.io.tmpdir" value="/tmp"/>
    <property name="require.test.libhadoop" value=""/>
    <property name="java.version" value="1.8.0_212"/>
    <property name="user.dir" value="/workdir/hadoop-ozone/integration-test"/>
    <property name="os.arch" value="amd64"/>
    <property name="java.vm.specification.name" value="Java Virtual Machine Specification"/>
    <property name="test.build.classes" value="/workdir/hadoop-ozone/integration-test/target/test-classes"/>
    <property name="java.awt.printerjob" value="sun.print.PSPrinterJob"/>
    <property name="sun.os.patch.level" value="unknown"/>
    <property name="hadoop.tmp.dir" value="/workdir/hadoop-ozone/integration-test/target/tmp"/>
    <property name="java.library.path" value="/usr/lib/jvm/java-1.8-openjdk/jre/lib/amd64/server:/usr/lib/jvm/java-1.8-openjdk/jre/lib/amd64:/usr/lib/jvm/java-1.8-openjdk/jre/../lib/amd64:/workdir/hadoop-ozone/integration-test/target/native/target/usr/local/lib:/workdir/hadoop-ozone/integration-test/../../hadoop-common-project/hadoop-common/target/native/target/usr/local/lib:/usr/java/packages/lib/amd64:/usr/lib64:/lib64:/lib:/usr/lib"/>
    <property name="java.vm.info" value="mixed mode"/>
    <property name="java.vendor" value="IcedTea"/>
    <property name="java.vm.version" value="25.212-b04"/>
    <property name="java.ext.dirs" value="/usr/lib/jvm/java-1.8-openjdk/jre/lib/ext:/usr/java/packages/lib/ext"/>
    <property name="sun.io.unicode.encoding" value="UnicodeLittle"/>
    <property name="java.class.version" value="52.0"/>
  </properties>
  <testcase name="testPutKeyAndGetKeyThreeNodes" classname="org.apache.hadoop.ozone.client.rpc.TestReadRetries" time="16.435">
    <error message="Unexpected OzoneException: java.io.IOException: java.util.concurrent.ExecutionException: org.apache.ratis.thirdparty.io.grpc.StatusRuntimeException: UNAVAILABLE: io exception" type="java.io.IOException">java.io.IOException: Unexpected OzoneException: java.io.IOException: java.util.concurrent.ExecutionException: org.apache.ratis.thirdparty.io.grpc.StatusRuntimeException: UNAVAILABLE: io exception
	at org.apache.hadoop.hdds.scm.storage.ChunkInputStream.readChunk(ChunkInputStream.java:342)
	at org.apache.hadoop.hdds.scm.storage.ChunkInputStream.readChunkFromContainer(ChunkInputStream.java:307)
	at org.apache.hadoop.hdds.scm.storage.ChunkInputStream.prepareRead(ChunkInputStream.java:259)
	at org.apache.hadoop.hdds.scm.storage.ChunkInputStream.read(ChunkInputStream.java:144)
	at org.apache.hadoop.hdds.scm.storage.BlockInputStream.read(BlockInputStream.java:239)
	at org.apache.hadoop.ozone.client.io.KeyInputStream.read(KeyInputStream.java:171)
	at org.apache.hadoop.ozone.client.io.OzoneInputStream.read(OzoneInputStream.java:47)
	at java.io.InputStream.read(InputStream.java:101)
	at org.apache.hadoop.ozone.client.rpc.TestReadRetries.readKey(TestReadRetries.java:219)
	at org.apache.hadoop.ozone.client.rpc.TestReadRetries.testPutKeyAndGetKeyThreeNodes(TestReadRetries.java:197)
	at sun.reflect.NativeMethodAccessorImpl.invoke0(Native Method)
	at sun.reflect.NativeMethodAccessorImpl.invoke(NativeMethodAccessorImpl.java:62)
	at sun.reflect.DelegatingMethodAccessorImpl.invoke(DelegatingMethodAccessorImpl.java:43)
	at java.lang.reflect.Method.invoke(Method.java:498)
	at org.junit.runners.model.FrameworkMethod$1.runReflectiveCall(FrameworkMethod.java:47)
	at org.junit.internal.runners.model.ReflectiveCallable.run(ReflectiveCallable.java:12)
	at org.junit.runners.model.FrameworkMethod.invokeExplosively(FrameworkMethod.java:44)
	at org.junit.internal.runners.statements.InvokeMethod.evaluate(InvokeMethod.java:17)
	at org.junit.rules.ExpectedException$ExpectedExceptionStatement.evaluate(ExpectedException.java:168)
	at org.junit.rules.RunRules.evaluate(RunRules.java:20)
	at org.junit.runners.ParentRunner.runLeaf(ParentRunner.java:271)
	at org.junit.runners.BlockJUnit4ClassRunner.runChild(BlockJUnit4ClassRunner.java:70)
	at org.junit.runners.BlockJUnit4ClassRunner.runChild(BlockJUnit4ClassRunner.java:50)
	at org.junit.runners.ParentRunner$3.run(ParentRunner.java:238)
	at org.junit.runners.ParentRunner$1.schedule(ParentRunner.java:63)
	at org.junit.runners.ParentRunner.runChildren(ParentRunner.java:236)
	at org.junit.runners.ParentRunner.access$000(ParentRunner.java:53)
	at org.junit.runners.ParentRunner$2.evaluate(ParentRunner.java:229)
	at org.junit.internal.runners.statements.RunBefores.evaluate(RunBefores.java:26)
	at org.junit.internal.runners.statements.RunAfters.evaluate(RunAfters.java:27)
	at org.junit.runners.ParentRunner.run(ParentRunner.java:309)
	at org.apache.maven.surefire.junit4.JUnit4Provider.execute(JUnit4Provider.java:365)
	at org.apache.maven.surefire.junit4.JUnit4Provider.executeWithRerun(JUnit4Provider.java:273)
	at org.apache.maven.surefire.junit4.JUnit4Provider.executeTestSet(JUnit4Provider.java:238)
	at org.apache.maven.surefire.junit4.JUnit4Provider.invoke(JUnit4Provider.java:159)
	at org.apache.maven.surefire.booter.ForkedBooter.invokeProviderInSameClassLoader(ForkedBooter.java:384)
	at org.apache.maven.surefire.booter.ForkedBooter.runSuitesInProcess(ForkedBooter.java:345)
	at org.apache.maven.surefire.booter.ForkedBooter.execute(ForkedBooter.java:126)
	at org.apache.maven.surefire.booter.ForkedBooter.main(ForkedBooter.java:418)
Caused by: java.io.IOException: java.util.concurrent.ExecutionException: org.apache.ratis.thirdparty.io.grpc.StatusRuntimeException: UNAVAILABLE: io exception
	at org.apache.hadoop.hdds.scm.XceiverClientGrpc.sendCommandWithRetry(XceiverClientGrpc.java:295)
	at org.apache.hadoop.hdds.scm.XceiverClientGrpc.sendCommandWithTraceIDAndRetry(XceiverClientGrpc.java:248)
	at org.apache.hadoop.hdds.scm.XceiverClientGrpc.sendCommand(XceiverClientGrpc.java:231)
	at org.apache.hadoop.hdds.scm.storage.ContainerProtocolCalls.readChunk(ContainerProtocolCalls.java:245)
	at org.apache.hadoop.hdds.scm.storage.ChunkInputStream.readChunk(ChunkInputStream.java:335)
	... 38 more
Caused by: java.util.concurrent.ExecutionException: org.apache.ratis.thirdparty.io.grpc.StatusRuntimeException: UNAVAILABLE: io exception
	at java.util.concurrent.CompletableFuture.reportGet(CompletableFuture.java:357)
	at java.util.concurrent.CompletableFuture.get(CompletableFuture.java:1895)
	at org.apache.hadoop.hdds.scm.XceiverClientGrpc.sendCommandWithRetry(XceiverClientGrpc.java:279)
	... 42 more
Caused by: org.apache.ratis.thirdparty.io.grpc.StatusRuntimeException: UNAVAILABLE: io exception
	at org.apache.ratis.thirdparty.io.grpc.Status.asRuntimeException(Status.java:526)
	at org.apache.ratis.thirdparty.io.grpc.stub.ClientCalls$StreamObserverToCallListenerAdapter.onClose(ClientCalls.java:434)
	at org.apache.ratis.thirdparty.io.grpc.PartialForwardingClientCallListener.onClose(PartialForwardingClientCallListener.java:39)
	at org.apache.ratis.thirdparty.io.grpc.ForwardingClientCallListener.onClose(ForwardingClientCallListener.java:23)
	at org.apache.ratis.thirdparty.io.grpc.ForwardingClientCallListener$SimpleForwardingClientCallListener.onClose(ForwardingClientCallListener.java:40)
	at org.apache.ratis.thirdparty.io.grpc.internal.CensusStatsModule$StatsClientInterceptor$1$1.onClose(CensusStatsModule.java:678)
	at org.apache.ratis.thirdparty.io.grpc.PartialForwardingClientCallListener.onClose(PartialForwardingClientCallListener.java:39)
	at org.apache.ratis.thirdparty.io.grpc.ForwardingClientCallListener.onClose(ForwardingClientCallListener.java:23)
	at org.apache.ratis.thirdparty.io.grpc.ForwardingClientCallListener$SimpleForwardingClientCallListener.onClose(ForwardingClientCallListener.java:40)
	at org.apache.ratis.thirdparty.io.grpc.internal.CensusTracingModule$TracingClientInterceptor$1$1.onClose(CensusTracingModule.java:397)
	at org.apache.ratis.thirdparty.io.grpc.internal.ClientCallImpl.closeObserver(ClientCallImpl.java:459)
	at org.apache.ratis.thirdparty.io.grpc.internal.ClientCallImpl.access$300(ClientCallImpl.java:63)
	at org.apache.ratis.thirdparty.io.grpc.internal.ClientCallImpl$ClientStreamListenerImpl.close(ClientCallImpl.java:546)
	at org.apache.ratis.thirdparty.io.grpc.internal.ClientCallImpl$ClientStreamListenerImpl.access$600(ClientCallImpl.java:467)
	at org.apache.ratis.thirdparty.io.grpc.internal.ClientCallImpl$ClientStreamListenerImpl$1StreamClosed.runInContext(ClientCallImpl.java:584)
	at org.apache.ratis.thirdparty.io.grpc.internal.ContextRunnable.run(ContextRunnable.java:37)
	at org.apache.ratis.thirdparty.io.grpc.internal.SerializingExecutor.run(SerializingExecutor.java:123)
	at java.util.concurrent.ThreadPoolExecutor.runWorker(ThreadPoolExecutor.java:1149)
	at java.util.concurrent.ThreadPoolExecutor$Worker.run(ThreadPoolExecutor.java:624)
	at java.lang.Thread.run(Thread.java:748)
Caused by: org.apache.ratis.thirdparty.io.netty.channel.AbstractChannel$AnnotatedConnectException: Connection refused: /192.168.5.191:46022
	at sun.nio.ch.SocketChannelImpl.checkConnect(Native Method)
	at sun.nio.ch.SocketChannelImpl.finishConnect(SocketChannelImpl.java:717)
	at org.apache.ratis.thirdparty.io.netty.channel.socket.nio.NioSocketChannel.doFinishConnect(NioSocketChannel.java:327)
	at org.apache.ratis.thirdparty.io.netty.channel.nio.AbstractNioChannel$AbstractNioUnsafe.finishConnect(AbstractNioChannel.java:340)
	at org.apache.ratis.thirdparty.io.netty.channel.nio.NioEventLoop.processSelectedKey(NioEventLoop.java:632)
	at org.apache.ratis.thirdparty.io.netty.channel.nio.NioEventLoop.processSelectedKeysOptimized(NioEventLoop.java:579)
	at org.apache.ratis.thirdparty.io.netty.channel.nio.NioEventLoop.processSelectedKeys(NioEventLoop.java:496)
	at org.apache.ratis.thirdparty.io.netty.channel.nio.NioEventLoop.run(NioEventLoop.java:458)
	at org.apache.ratis.thirdparty.io.netty.util.concurrent.SingleThreadEventExecutor$5.run(SingleThreadEventExecutor.java:897)
	at org.apache.ratis.thirdparty.io.netty.util.concurrent.FastThreadLocalRunnable.run(FastThreadLocalRunnable.java:30)
	... 1 more
Caused by: java.net.ConnectException: Connection refused
	... 11 more
</error>
    <system-out><![CDATA[2019-07-14 08:45:22,921 WARN  server.ServerUtils (ServerUtils.java:getScmDbDir(145)) - ozone.scm.db.dirs is not configured. We recommend adding this setting. Falling back to ozone.metadata.dirs instead.
2019-07-14 08:45:23,045 WARN  server.ServerUtils (ServerUtils.java:getScmDbDir(145)) - ozone.scm.db.dirs is not configured. We recommend adding this setting. Falling back to ozone.metadata.dirs instead.
2019-07-14 08:45:23,049 WARN  server.ServerUtils (ServerUtils.java:getScmDbDir(145)) - ozone.scm.db.dirs is not configured. We recommend adding this setting. Falling back to ozone.metadata.dirs instead.
2019-07-14 08:45:23,069 INFO  util.log (Log.java:initialized(192)) - Logging initialized @873ms
2019-07-14 08:45:23,174 INFO  db.DBStoreBuilder (DBStoreBuilder.java:addTable(110)) - using custom profile for table: deletedBlocks
2019-07-14 08:45:23,175 INFO  db.DBStoreBuilder (DBStoreBuilder.java:processTables(161)) - Using default column profile:DBProfile.DISK for Table:deletedBlocks
2019-07-14 08:45:23,175 INFO  db.DBStoreBuilder (DBStoreBuilder.java:addTable(110)) - using custom profile for table: validCerts
2019-07-14 08:45:23,175 INFO  db.DBStoreBuilder (DBStoreBuilder.java:processTables(161)) - Using default column profile:DBProfile.DISK for Table:validCerts
2019-07-14 08:45:23,176 INFO  db.DBStoreBuilder (DBStoreBuilder.java:addTable(110)) - using custom profile for table: revokedCerts
2019-07-14 08:45:23,176 INFO  db.DBStoreBuilder (DBStoreBuilder.java:processTables(161)) - Using default column profile:DBProfile.DISK for Table:revokedCerts
2019-07-14 08:45:23,188 INFO  db.DBStoreBuilder (DBStoreBuilder.java:addTable(110)) - using custom profile for table: default
2019-07-14 08:45:23,188 INFO  db.DBStoreBuilder (DBStoreBuilder.java:processTables(167)) - Using default column profile:DBProfile.DISK for Table:default
2019-07-14 08:45:23,189 INFO  db.DBStoreBuilder (DBStoreBuilder.java:getDbProfile(198)) - Using default options. DBProfile.DISK
2019-07-14 08:45:23,335 INFO  net.NodeSchemaLoader (NodeSchemaLoader.java:loadSchemaFromFile(125)) - Loading file from sun.misc.CompoundEnumeration@59fd97a8
2019-07-14 08:45:23,339 INFO  net.NodeSchemaLoader (NodeSchemaLoader.java:loadSchema(171)) - Loading network topology layer schema file
2019-07-14 08:45:23,424 WARN  server.ServerUtils (ServerUtils.java:sanitizeUserArgs(70)) - ozone.scm.stale.node.interval value = 300000 is larger than max = 100000 based on the key value of ozone.scm.heartbeat.thread.interval, reset to the max value 100000.
2019-07-14 08:45:23,426 WARN  server.ServerUtils (ServerUtils.java:sanitizeUserArgs(70)) - ozone.scm.stale.node.interval value = 300000 is larger than max = 100000 based on the key value of ozone.scm.heartbeat.thread.interval, reset to the max value 100000.
2019-07-14 08:45:23,428 INFO  node.SCMNodeManager (SCMNodeManager.java:<init>(119)) - Entering startup safe mode.
2019-07-14 08:45:23,511 WARN  server.ServerUtils (ServerUtils.java:getScmDbDir(145)) - ozone.scm.db.dirs is not configured. We recommend adding this setting. Falling back to ozone.metadata.dirs instead.
2019-07-14 08:45:23,553 INFO  pipeline.SCMPipelineManager (SCMPipelineManager.java:initializePipelineState(126)) - No pipeline exists in current db
2019-07-14 08:45:23,556 WARN  server.ServerUtils (ServerUtils.java:getScmDbDir(145)) - ozone.scm.db.dirs is not configured. We recommend adding this setting. Falling back to ozone.metadata.dirs instead.
2019-07-14 08:45:23,646 WARN  events.EventQueue (EventQueue.java:fireEvent(175)) - No event handler registered for event TypedEvent{payloadType=SafeModeStatus, name='SafeModeStatus'}
2019-07-14 08:45:23,977 INFO  ipc.CallQueueManager (CallQueueManager.java:<init>(84)) - Using callQueue: class java.util.concurrent.LinkedBlockingQueue, queueCapacity: 2000, scheduler: class org.apache.hadoop.ipc.DefaultRpcScheduler, ipcBackoff: false.
2019-07-14 08:45:24,004 INFO  ipc.Server (Server.java:run(1074)) - Starting Socket Reader #1 for port 32953
2019-07-14 08:45:24,027 INFO  ipc.CallQueueManager (CallQueueManager.java:<init>(84)) - Using callQueue: class java.util.concurrent.LinkedBlockingQueue, queueCapacity: 2000, scheduler: class org.apache.hadoop.ipc.DefaultRpcScheduler, ipcBackoff: false.
2019-07-14 08:45:24,029 INFO  ipc.Server (Server.java:run(1074)) - Starting Socket Reader #1 for port 36321
2019-07-14 08:45:24,034 INFO  ipc.CallQueueManager (CallQueueManager.java:<init>(84)) - Using callQueue: class java.util.concurrent.LinkedBlockingQueue, queueCapacity: 2000, scheduler: class org.apache.hadoop.ipc.DefaultRpcScheduler, ipcBackoff: false.
2019-07-14 08:45:24,035 INFO  ipc.Server (Server.java:run(1074)) - Starting Socket Reader #1 for port 36617
2019-07-14 08:45:24,172 INFO  hdfs.DFSUtil (DFSUtil.java:httpServerTemplateForNNAndJN(1641)) - Starting Web-server for scm at: http://0.0.0.0:0
2019-07-14 08:45:24,331 INFO  server.AuthenticationFilter (AuthenticationFilter.java:constructSecretProvider(240)) - Unable to initialize FileSignerSecretProvider, falling back to use random secrets.
2019-07-14 08:45:24,338 WARN  http.HttpRequestLog (HttpRequestLog.java:getRequestLog(97)) - Jetty request log can only be enabled using Log4j
2019-07-14 08:45:24,346 INFO  http.HttpServer2 (HttpServer2.java:addGlobalFilter(975)) - Added global filter 'safety' (class=org.apache.hadoop.http.HttpServer2$QuotingInputFilter)
2019-07-14 08:45:24,349 INFO  http.HttpServer2 (HttpServer2.java:addFilter(948)) - Added filter static_user_filter (class=org.apache.hadoop.http.lib.StaticUserWebFilter$StaticUserFilter) to context scm
2019-07-14 08:45:24,349 INFO  http.HttpServer2 (HttpServer2.java:addFilter(958)) - Added filter static_user_filter (class=org.apache.hadoop.http.lib.StaticUserWebFilter$StaticUserFilter) to context static
2019-07-14 08:45:24,349 INFO  http.HttpServer2 (HttpServer2.java:addFilter(958)) - Added filter static_user_filter (class=org.apache.hadoop.http.lib.StaticUserWebFilter$StaticUserFilter) to context logs
2019-07-14 08:45:24,377 INFO  server.StorageContainerManager (StorageContainerManager.java:start(759)) - StorageContainerLocationProtocol RPC server is listening at /0.0.0.0:36617
2019-07-14 08:45:24,435 WARN  impl.MetricsConfig (MetricsConfig.java:loadFirst(134)) - Cannot locate configuration: tried hadoop-metrics2-storagecontainermanager.properties,hadoop-metrics2.properties
2019-07-14 08:45:24,448 INFO  impl.MetricsSystemImpl (MetricsSystemImpl.java:startTimer(374)) - Scheduled Metric snapshot period at 10 second(s).
2019-07-14 08:45:24,448 INFO  impl.MetricsSystemImpl (MetricsSystemImpl.java:start(191)) - StorageContainerManager metrics system started
2019-07-14 08:45:24,658 INFO  server.SCMClientProtocolServer (SCMClientProtocolServer.java:start(149)) - RPC server for Client  is listening at /0.0.0.0:36617
2019-07-14 08:45:24,660 INFO  ipc.Server (Server.java:run(1314)) - IPC Server Responder: starting
2019-07-14 08:45:24,660 INFO  ipc.Server (Server.java:run(1153)) - IPC Server listener on 36617: starting
2019-07-14 08:45:24,664 INFO  server.StorageContainerManager (StorageContainerManager.java:start(768)) - ScmBlockLocationProtocol RPC server is listening at /0.0.0.0:36321
2019-07-14 08:45:24,664 INFO  server.SCMBlockProtocolServer (SCMBlockProtocolServer.java:start(140)) - RPC server for Block Protocol is listening at /0.0.0.0:36321
2019-07-14 08:45:24,664 INFO  ipc.Server (Server.java:run(1314)) - IPC Server Responder: starting
2019-07-14 08:45:24,664 INFO  ipc.Server (Server.java:run(1153)) - IPC Server listener on 36321: starting
2019-07-14 08:45:24,674 INFO  server.StorageContainerManager (StorageContainerManager.java:start(772)) - ScmDatanodeProtocl RPC server is listening at /0.0.0.0:32953
2019-07-14 08:45:24,674 INFO  server.SCMDatanodeProtocolServer (SCMDatanodeProtocolServer.java:start(191)) - RPC server for DataNodes is listening at /0.0.0.0:32953
2019-07-14 08:45:24,676 INFO  ipc.Server (Server.java:run(1314)) - IPC Server Responder: starting
2019-07-14 08:45:24,676 INFO  ipc.Server (Server.java:run(1153)) - IPC Server listener on 32953: starting
2019-07-14 08:45:24,688 INFO  http.HttpServer2 (HttpServer2.java:bindListener(1191)) - Jetty bound to port 46691
2019-07-14 08:45:24,690 INFO  server.Server (Server.java:doStart(351)) - jetty-9.3.24.v20180605, build timestamp: 2018-06-05T17:11:56Z, git hash: 84205aa28f11a4f31f2a3b86d1bba2cc8ab69827
2019-07-14 08:45:24,728 INFO  handler.ContextHandler (ContextHandler.java:doStart(781)) - Started o.e.j.s.ServletContextHandler@eda25e5{/logs,file:///workdir/hadoop-ozone/integration-test/target/log,AVAILABLE}
2019-07-14 08:45:24,729 INFO  handler.ContextHandler (ContextHandler.java:doStart(781)) - Started o.e.j.s.ServletContextHandler@623e088f{/static,file:///workdir/hadoop-ozone/integration-test/target/test-classes/webapps/static,AVAILABLE}
2019-07-14 08:45:24,760 INFO  handler.ContextHandler (ContextHandler.java:doStart(781)) - Started o.e.j.w.WebAppContext@7c041b41{/,file:///workdir/hadoop-ozone/integration-test/target/test-classes/webapps/scm/,AVAILABLE}{/scm}
2019-07-14 08:45:24,765 INFO  server.AbstractConnector (AbstractConnector.java:doStart(278)) - Started ServerConnector@664a9613{HTTP/1.1,[http/1.1]}{0.0.0.0:46691}
2019-07-14 08:45:24,766 INFO  server.Server (Server.java:doStart(419)) - Started @2570ms
2019-07-14 08:45:24,768 INFO  server.BaseHttpServer (BaseHttpServer.java:updateConnectorAddress(207)) - HTTP server of SCM is listening at http://0.0.0.0:46691
2019-07-14 08:45:24,775 INFO  util.JvmPauseMonitor (JvmPauseMonitor.java:run(188)) - Starting JVM pause monitor
2019-07-14 08:45:24,776 WARN  server.ServerUtils (ServerUtils.java:getDBPath(222)) - ozone.om.db.dirs is not configured. We recommend adding this setting. Falling back to ozone.metadata.dirs instead.
2019-07-14 08:45:24,861 WARN  server.ServerUtils (ServerUtils.java:getDBPath(222)) - ozone.om.db.dirs is not configured. We recommend adding this setting. Falling back to ozone.metadata.dirs instead.
2019-07-14 08:45:24,862 INFO  om.OzoneManager (OzoneManager.java:setOMNodeDetails(630)) - OM Service ID is not set. Setting it to the default ID: omServiceIdDefault
2019-07-14 08:45:24,862 INFO  om.OzoneManager (OzoneManager.java:setOMNodeDetails(636)) - OM Node ID is not set. Setting it to the OmStorage's OmID: 75a3cdb7-6531-4bd1-8bbc-50470411ff5f
2019-07-14 08:45:24,863 INFO  om.OzoneManager (OzoneManager.java:loadOMHAConfigs(587)) - Found matching OM address with OMServiceId: null, OMNodeId: null, RPC Address: localhost:0 and Ratis port: 9872
2019-07-14 08:45:25,098 WARN  server.ServerUtils (ServerUtils.java:getDBPath(222)) - ozone.om.db.dirs is not configured. We recommend adding this setting. Falling back to ozone.metadata.dirs instead.
2019-07-14 08:45:25,108 INFO  db.DBStoreBuilder (DBStoreBuilder.java:addTable(110)) - using custom profile for table: userTable
2019-07-14 08:45:25,108 INFO  db.DBStoreBuilder (DBStoreBuilder.java:processTables(161)) - Using default column profile:DBProfile.DISK for Table:userTable
2019-07-14 08:45:25,109 INFO  db.DBStoreBuilder (DBStoreBuilder.java:addTable(110)) - using custom profile for table: volumeTable
2019-07-14 08:45:25,109 INFO  db.DBStoreBuilder (DBStoreBuilder.java:processTables(161)) - Using default column profile:DBProfile.DISK for Table:volumeTable
2019-07-14 08:45:25,109 INFO  db.DBStoreBuilder (DBStoreBuilder.java:addTable(110)) - using custom profile for table: bucketTable
2019-07-14 08:45:25,110 INFO  db.DBStoreBuilder (DBStoreBuilder.java:processTables(161)) - Using default column profile:DBProfile.DISK for Table:bucketTable
2019-07-14 08:45:25,110 INFO  db.DBStoreBuilder (DBStoreBuilder.java:addTable(110)) - using custom profile for table: keyTable
2019-07-14 08:45:25,110 INFO  db.DBStoreBuilder (DBStoreBuilder.java:processTables(161)) - Using default column profile:DBProfile.DISK for Table:keyTable
2019-07-14 08:45:25,111 INFO  db.DBStoreBuilder (DBStoreBuilder.java:addTable(110)) - using custom profile for table: deletedTable
2019-07-14 08:45:25,111 INFO  db.DBStoreBuilder (DBStoreBuilder.java:processTables(161)) - Using default column profile:DBProfile.DISK for Table:deletedTable
2019-07-14 08:45:25,112 INFO  db.DBStoreBuilder (DBStoreBuilder.java:addTable(110)) - using custom profile for table: openKeyTable
2019-07-14 08:45:25,112 INFO  db.DBStoreBuilder (DBStoreBuilder.java:processTables(161)) - Using default column profile:DBProfile.DISK for Table:openKeyTable
2019-07-14 08:45:25,112 INFO  db.DBStoreBuilder (DBStoreBuilder.java:addTable(110)) - using custom profile for table: s3Table
2019-07-14 08:45:25,112 INFO  db.DBStoreBuilder (DBStoreBuilder.java:processTables(161)) - Using default column profile:DBProfile.DISK for Table:s3Table
2019-07-14 08:45:25,113 INFO  db.DBStoreBuilder (DBStoreBuilder.java:addTable(110)) - using custom profile for table: multipartInfoTable
2019-07-14 08:45:25,113 INFO  db.DBStoreBuilder (DBStoreBuilder.java:processTables(161)) - Using default column profile:DBProfile.DISK for Table:multipartInfoTable
2019-07-14 08:45:25,114 INFO  db.DBStoreBuilder (DBStoreBuilder.java:addTable(110)) - using custom profile for table: dTokenTable
2019-07-14 08:45:25,114 INFO  db.DBStoreBuilder (DBStoreBuilder.java:processTables(161)) - Using default column profile:DBProfile.DISK for Table:dTokenTable
2019-07-14 08:45:25,114 INFO  db.DBStoreBuilder (DBStoreBuilder.java:addTable(110)) - using custom profile for table: s3SecretTable
2019-07-14 08:45:25,115 INFO  db.DBStoreBuilder (DBStoreBuilder.java:processTables(161)) - Using default column profile:DBProfile.DISK for Table:s3SecretTable
2019-07-14 08:45:25,115 INFO  db.DBStoreBuilder (DBStoreBuilder.java:addTable(110)) - using custom profile for table: prefixTable
2019-07-14 08:45:25,115 INFO  db.DBStoreBuilder (DBStoreBuilder.java:processTables(161)) - Using default column profile:DBProfile.DISK for Table:prefixTable
2019-07-14 08:45:25,116 INFO  db.DBStoreBuilder (DBStoreBuilder.java:addTable(110)) - using custom profile for table: default
2019-07-14 08:45:25,116 INFO  db.DBStoreBuilder (DBStoreBuilder.java:processTables(167)) - Using default column profile:DBProfile.DISK for Table:default
2019-07-14 08:45:25,116 INFO  db.DBStoreBuilder (DBStoreBuilder.java:getDbProfile(198)) - Using default options. DBProfile.DISK
2019-07-14 08:45:25,814 INFO  ipc.CallQueueManager (CallQueueManager.java:<init>(84)) - Using callQueue: class java.util.concurrent.LinkedBlockingQueue, queueCapacity: 2000, scheduler: class org.apache.hadoop.ipc.DefaultRpcScheduler, ipcBackoff: false.
2019-07-14 08:45:25,815 INFO  ipc.Server (Server.java:run(1074)) - Starting Socket Reader #1 for port 38958
2019-07-14 08:45:25,843 WARN  server.ServerUtils (ServerUtils.java:getDBPath(222)) - ozone.om.db.dirs is not configured. We recommend adding this setting. Falling back to ozone.metadata.dirs instead.
2019-07-14 08:45:25,843 INFO  om.OzoneManager (OzoneManager.java:start(1228)) - OzoneManager RPC server is listening at localhost/127.0.0.1:38958
2019-07-14 08:45:25,843 INFO  impl.MetricsSystemImpl (MetricsSystemImpl.java:init(158)) - OzoneManager metrics system started (again)
2019-07-14 08:45:25,845 INFO  ipc.Server (Server.java:run(1314)) - IPC Server Responder: starting
2019-07-14 08:45:25,846 INFO  ipc.Server (Server.java:run(1153)) - IPC Server listener on 38958: starting
2019-07-14 08:45:25,859 INFO  hdfs.DFSUtil (DFSUtil.java:httpServerTemplateForNNAndJN(1641)) - Starting Web-server for ozoneManager at: http://0.0.0.0:0
2019-07-14 08:45:25,860 INFO  server.AuthenticationFilter (AuthenticationFilter.java:constructSecretProvider(240)) - Unable to initialize FileSignerSecretProvider, falling back to use random secrets.
2019-07-14 08:45:25,861 WARN  http.HttpRequestLog (HttpRequestLog.java:getRequestLog(97)) - Jetty request log can only be enabled using Log4j
2019-07-14 08:45:25,863 INFO  http.HttpServer2 (HttpServer2.java:addGlobalFilter(975)) - Added global filter 'safety' (class=org.apache.hadoop.http.HttpServer2$QuotingInputFilter)
2019-07-14 08:45:25,864 INFO  http.HttpServer2 (HttpServer2.java:addFilter(948)) - Added filter static_user_filter (class=org.apache.hadoop.http.lib.StaticUserWebFilter$StaticUserFilter) to context ozoneManager
2019-07-14 08:45:25,864 INFO  http.HttpServer2 (HttpServer2.java:addFilter(958)) - Added filter static_user_filter (class=org.apache.hadoop.http.lib.StaticUserWebFilter$StaticUserFilter) to context static
2019-07-14 08:45:25,864 INFO  http.HttpServer2 (HttpServer2.java:addFilter(958)) - Added filter static_user_filter (class=org.apache.hadoop.http.lib.StaticUserWebFilter$StaticUserFilter) to context logs
2019-07-14 08:45:25,866 INFO  http.HttpServer2 (HttpServer2.java:bindListener(1191)) - Jetty bound to port 33413
2019-07-14 08:45:25,867 INFO  server.Server (Server.java:doStart(351)) - jetty-9.3.24.v20180605, build timestamp: 2018-06-05T17:11:56Z, git hash: 84205aa28f11a4f31f2a3b86d1bba2cc8ab69827
2019-07-14 08:45:25,869 INFO  handler.ContextHandler (ContextHandler.java:doStart(781)) - Started o.e.j.s.ServletContextHandler@349d0836{/logs,file:///workdir/hadoop-ozone/integration-test/target/log,AVAILABLE}
2019-07-14 08:45:25,869 INFO  handler.ContextHandler (ContextHandler.java:doStart(781)) - Started o.e.j.s.ServletContextHandler@3e134896{/static,file:///workdir/hadoop-ozone/integration-test/target/test-classes/webapps/static,AVAILABLE}
2019-07-14 08:45:25,874 INFO  handler.ContextHandler (ContextHandler.java:doStart(781)) - Started o.e.j.w.WebAppContext@68e62ca4{/,file:///workdir/hadoop-ozone/integration-test/target/test-classes/webapps/ozoneManager/,AVAILABLE}{/ozoneManager}
2019-07-14 08:45:25,874 INFO  server.AbstractConnector (AbstractConnector.java:doStart(278)) - Started ServerConnector@5328a9c1{HTTP/1.1,[http/1.1]}{0.0.0.0:33413}
2019-07-14 08:45:25,875 INFO  server.Server (Server.java:doStart(419)) - Started @3679ms
2019-07-14 08:45:25,875 INFO  server.BaseHttpServer (BaseHttpServer.java:updateConnectorAddress(207)) - HTTP server of OZONEMANAGER is listening at http://0.0.0.0:33413
2019-07-14 08:45:26,181 INFO  impl.MetricsSystemImpl (MetricsSystemImpl.java:init(158)) - HddsDatanode metrics system started (again)
2019-07-14 08:45:26,265 INFO  ozone.HddsDatanodeService (HddsDatanodeService.java:start(185)) - HddsDatanodeService host:trunk-nightly-5z2vd-27108033 ip:192.168.5.191
2019-07-14 08:45:26,295 INFO  volume.HddsVolume (HddsVolume.java:<init>(176)) - Creating Volume: /workdir/hadoop-ozone/integration-test/target/test-dir/MiniOzoneClusterImpl-72c865c2-a6a0-476d-8a66-24bab940d2f6/datanode-0/data/containers/hdds of  storage type : DISK and capacity : 52710309888
2019-07-14 08:45:26,297 INFO  volume.VolumeSet (VolumeSet.java:initializeVolumeSet(170)) - Added Volume : /workdir/hadoop-ozone/integration-test/target/test-dir/MiniOzoneClusterImpl-72c865c2-a6a0-476d-8a66-24bab940d2f6/datanode-0/data/containers/hdds to VolumeSet
2019-07-14 08:45:26,300 INFO  volume.ThrottledAsyncChecker (ThrottledAsyncChecker.java:schedule(140)) - Scheduling a check for org.apache.hadoop.ozone.container.common.volume.HddsVolume@57d0fc89
2019-07-14 08:45:26,318 INFO  volume.HddsVolumeChecker (HddsVolumeChecker.java:checkAllVolumes(203)) - Scheduled health check for volume org.apache.hadoop.ozone.container.common.volume.HddsVolume@57d0fc89
2019-07-14 08:45:26,429 INFO  impl.RaftServerProxy (ConfUtils.java:logGet(43)) - raft.rpc.type = GRPC (default)
2019-07-14 08:45:26,493 INFO  grpc.GrpcFactory (GrpcFactory.java:checkPooledByteBufAllocatorUseCacheForAllThreads(45)) - PERFORMANCE WARNING: useCacheForAllThreads is true that may cause Netty to create a lot garbage objects and, as a result, trigger GC.
	It is recommended to disable useCacheForAllThreads by setting -Dorg.apache.ratis.thirdparty.io.netty.allocator.useCacheForAllThreads=false in command line.
2019-07-14 08:45:26,498 INFO  grpc.GrpcConfigKeys$Server (ConfUtils.java:logGet(43)) - raft.grpc.server.port = 0 (default)
2019-07-14 08:45:26,499 INFO  server.GrpcService (ConfUtils.java:logGet(43)) - raft.grpc.message.size.max = 33570816 (custom)
2019-07-14 08:45:26,500 INFO  server.RaftServerConfigKeys (ConfUtils.java:logGet(43)) - raft.server.log.appender.buffer.byte-limit = 33554432 (custom)
2019-07-14 08:45:26,501 INFO  server.GrpcService (ConfUtils.java:logGet(43)) - raft.grpc.flow.control.window = 1MB (=1048576) (default)
2019-07-14 08:45:26,502 INFO  server.RaftServerConfigKeys (ConfUtils.java:logGet(43)) - raft.server.rpc.request.timeout = 3000ms (default)
2019-07-14 08:45:26,662 INFO  server.RaftServerConfigKeys (ConfUtils.java:logGet(43)) - raft.server.storage.dir = [/workdir/hadoop-ozone/integration-test/target/test-dir/MiniOzoneClusterImpl-72c865c2-a6a0-476d-8a66-24bab940d2f6/datanode-0/data/ratis] (custom)
2019-07-14 08:45:26,698 INFO  replication.SimpleContainerDownloader (SimpleContainerDownloader.java:<init>(72)) - Starting container downloader service to copy containers to replicate.
2019-07-14 08:45:26,711 INFO  hdfs.DFSUtil (DFSUtil.java:httpServerTemplateForNNAndJN(1641)) - Starting Web-server for hddsDatanode at: http://0.0.0.0:0
2019-07-14 08:45:26,714 INFO  server.AuthenticationFilter (AuthenticationFilter.java:constructSecretProvider(240)) - Unable to initialize FileSignerSecretProvider, falling back to use random secrets.
2019-07-14 08:45:26,715 WARN  http.HttpRequestLog (HttpRequestLog.java:getRequestLog(97)) - Jetty request log can only be enabled using Log4j
2019-07-14 08:45:26,718 INFO  http.HttpServer2 (HttpServer2.java:addGlobalFilter(975)) - Added global filter 'safety' (class=org.apache.hadoop.http.HttpServer2$QuotingInputFilter)
2019-07-14 08:45:26,719 INFO  http.HttpServer2 (HttpServer2.java:addFilter(948)) - Added filter static_user_filter (class=org.apache.hadoop.http.lib.StaticUserWebFilter$StaticUserFilter) to context hddsDatanode
2019-07-14 08:45:26,719 INFO  http.HttpServer2 (HttpServer2.java:addFilter(958)) - Added filter static_user_filter (class=org.apache.hadoop.http.lib.StaticUserWebFilter$StaticUserFilter) to context logs
2019-07-14 08:45:26,720 INFO  http.HttpServer2 (HttpServer2.java:addFilter(958)) - Added filter static_user_filter (class=org.apache.hadoop.http.lib.StaticUserWebFilter$StaticUserFilter) to context static
2019-07-14 08:45:26,721 INFO  http.HttpServer2 (HttpServer2.java:bindListener(1191)) - Jetty bound to port 41027
2019-07-14 08:45:26,721 INFO  server.Server (Server.java:doStart(351)) - jetty-9.3.24.v20180605, build timestamp: 2018-06-05T17:11:56Z, git hash: 84205aa28f11a4f31f2a3b86d1bba2cc8ab69827
2019-07-14 08:45:26,724 INFO  handler.ContextHandler (ContextHandler.java:doStart(781)) - Started o.e.j.s.ServletContextHandler@1d23ff23{/logs,file:///workdir/hadoop-ozone/integration-test/target/log,AVAILABLE}
2019-07-14 08:45:26,725 INFO  handler.ContextHandler (ContextHandler.java:doStart(781)) - Started o.e.j.s.ServletContextHandler@6c9320c2{/static,jar:file:/home/user/.m2/repository/org/apache/hadoop/hadoop-hdds-container-service/0.5.0-SNAPSHOT/hadoop-hdds-container-service-0.5.0-SNAPSHOT.jar!/webapps/static,AVAILABLE}
2019-07-14 08:45:26,783 INFO  handler.ContextHandler (ContextHandler.java:doStart(781)) - Started o.e.j.w.WebAppContext@5c080ef3{/,file:///tmp/jetty-0.0.0.0-41027-hddsDatanode-_-any-1524980338918019888.dir/webapp/,AVAILABLE}{/hddsDatanode}
2019-07-14 08:45:26,785 INFO  server.AbstractConnector (AbstractConnector.java:doStart(278)) - Started ServerConnector@188cbcde{HTTP/1.1,[http/1.1]}{0.0.0.0:41027}
2019-07-14 08:45:26,789 INFO  server.Server (Server.java:doStart(419)) - Started @4593ms
2019-07-14 08:45:26,790 INFO  server.BaseHttpServer (BaseHttpServer.java:updateConnectorAddress(207)) - HTTP server of HDDSDATANODE is listening at http://0.0.0.0:41027
2019-07-14 08:45:27,920 INFO  ozone.HddsDatanodeService (HddsDatanodeService.java:startPlugins(396)) - Started plug-in org.apache.hadoop.ozone.web.OzoneHddsDatanodeService@28babeca
2019-07-14 08:45:27,923 INFO  impl.MetricsSystemImpl (MetricsSystemImpl.java:init(158)) - HddsDatanode metrics system started (again)
2019-07-14 08:45:27,925 INFO  ozone.HddsDatanodeService (HddsDatanodeService.java:start(185)) - HddsDatanodeService host:trunk-nightly-5z2vd-27108033 ip:192.168.5.191
2019-07-14 08:45:27,932 INFO  util.JvmPauseMonitor (JvmPauseMonitor.java:run(188)) - Starting JVM pause monitor
2019-07-14 08:45:27,937 INFO  volume.HddsVolume (HddsVolume.java:<init>(176)) - Creating Volume: /workdir/hadoop-ozone/integration-test/target/test-dir/MiniOzoneClusterImpl-72c865c2-a6a0-476d-8a66-24bab940d2f6/datanode-1/data/containers/hdds of  storage type : DISK and capacity : 52710309888
2019-07-14 08:45:27,938 INFO  volume.VolumeSet (VolumeSet.java:initializeVolumeSet(170)) - Added Volume : /workdir/hadoop-ozone/integration-test/target/test-dir/MiniOzoneClusterImpl-72c865c2-a6a0-476d-8a66-24bab940d2f6/datanode-1/data/containers/hdds to VolumeSet
2019-07-14 08:45:27,938 INFO  volume.ThrottledAsyncChecker (ThrottledAsyncChecker.java:schedule(140)) - Scheduling a check for org.apache.hadoop.ozone.container.common.volume.HddsVolume@58833798
2019-07-14 08:45:27,942 INFO  volume.HddsVolumeChecker (HddsVolumeChecker.java:checkAllVolumes(203)) - Scheduled health check for volume org.apache.hadoop.ozone.container.common.volume.HddsVolume@58833798
2019-07-14 08:45:27,975 INFO  impl.RaftServerProxy (ConfUtils.java:logGet(43)) - raft.rpc.type = GRPC (default)
2019-07-14 08:45:27,975 INFO  grpc.GrpcFactory (GrpcFactory.java:checkPooledByteBufAllocatorUseCacheForAllThreads(45)) - PERFORMANCE WARNING: useCacheForAllThreads is true that may cause Netty to create a lot garbage objects and, as a result, trigger GC.
	It is recommended to disable useCacheForAllThreads by setting -Dorg.apache.ratis.thirdparty.io.netty.allocator.useCacheForAllThreads=false in command line.
2019-07-14 08:45:27,976 INFO  grpc.GrpcConfigKeys$Server (ConfUtils.java:logGet(43)) - raft.grpc.server.port = 0 (default)
2019-07-14 08:45:27,976 INFO  server.GrpcService (ConfUtils.java:logGet(43)) - raft.grpc.message.size.max = 33570816 (custom)
2019-07-14 08:45:27,977 INFO  server.RaftServerConfigKeys (ConfUtils.java:logGet(43)) - raft.server.log.appender.buffer.byte-limit = 33554432 (custom)
2019-07-14 08:45:27,977 INFO  server.GrpcService (ConfUtils.java:logGet(43)) - raft.grpc.flow.control.window = 1MB (=1048576) (default)
2019-07-14 08:45:27,978 INFO  server.RaftServerConfigKeys (ConfUtils.java:logGet(43)) - raft.server.rpc.request.timeout = 3000ms (default)
2019-07-14 08:45:27,980 INFO  server.RaftServerConfigKeys (ConfUtils.java:logGet(43)) - raft.server.storage.dir = [/workdir/hadoop-ozone/integration-test/target/test-dir/MiniOzoneClusterImpl-72c865c2-a6a0-476d-8a66-24bab940d2f6/datanode-1/data/ratis] (custom)
2019-07-14 08:45:27,981 INFO  replication.SimpleContainerDownloader (SimpleContainerDownloader.java:<init>(72)) - Starting container downloader service to copy containers to replicate.
2019-07-14 08:45:27,983 INFO  hdfs.DFSUtil (DFSUtil.java:httpServerTemplateForNNAndJN(1641)) - Starting Web-server for hddsDatanode at: http://0.0.0.0:0
2019-07-14 08:45:27,985 INFO  server.AuthenticationFilter (AuthenticationFilter.java:constructSecretProvider(240)) - Unable to initialize FileSignerSecretProvider, falling back to use random secrets.
2019-07-14 08:45:27,987 WARN  http.HttpRequestLog (HttpRequestLog.java:getRequestLog(97)) - Jetty request log can only be enabled using Log4j
2019-07-14 08:45:27,990 INFO  http.HttpServer2 (HttpServer2.java:addGlobalFilter(975)) - Added global filter 'safety' (class=org.apache.hadoop.http.HttpServer2$QuotingInputFilter)
2019-07-14 08:45:27,991 INFO  http.HttpServer2 (HttpServer2.java:addFilter(948)) - Added filter static_user_filter (class=org.apache.hadoop.http.lib.StaticUserWebFilter$StaticUserFilter) to context hddsDatanode
2019-07-14 08:45:27,991 INFO  http.HttpServer2 (HttpServer2.java:addFilter(958)) - Added filter static_user_filter (class=org.apache.hadoop.http.lib.StaticUserWebFilter$StaticUserFilter) to context static
2019-07-14 08:45:27,991 INFO  http.HttpServer2 (HttpServer2.java:addFilter(958)) - Added filter static_user_filter (class=org.apache.hadoop.http.lib.StaticUserWebFilter$StaticUserFilter) to context logs
2019-07-14 08:45:27,992 INFO  http.HttpServer2 (HttpServer2.java:bindListener(1191)) - Jetty bound to port 45903
2019-07-14 08:45:27,992 INFO  server.Server (Server.java:doStart(351)) - jetty-9.3.24.v20180605, build timestamp: 2018-06-05T17:11:56Z, git hash: 84205aa28f11a4f31f2a3b86d1bba2cc8ab69827
2019-07-14 08:45:27,995 INFO  handler.ContextHandler (ContextHandler.java:doStart(781)) - Started o.e.j.s.ServletContextHandler@245253d8{/logs,file:///workdir/hadoop-ozone/integration-test/target/log,AVAILABLE}
2019-07-14 08:45:27,997 INFO  handler.ContextHandler (ContextHandler.java:doStart(781)) - Started o.e.j.s.ServletContextHandler@459003a0{/static,jar:file:/home/user/.m2/repository/org/apache/hadoop/hadoop-hdds-container-service/0.5.0-SNAPSHOT/hadoop-hdds-container-service-0.5.0-SNAPSHOT.jar!/webapps/static,AVAILABLE}
2019-07-14 08:45:28,043 INFO  handler.ContextHandler (ContextHandler.java:doStart(781)) - Started o.e.j.w.WebAppContext@6af5b246{/,file:///tmp/jetty-0.0.0.0-45903-hddsDatanode-_-any-1308496028642249604.dir/webapp/,AVAILABLE}{/hddsDatanode}
2019-07-14 08:45:28,044 INFO  server.AbstractConnector (AbstractConnector.java:doStart(278)) - Started ServerConnector@31723307{HTTP/1.1,[http/1.1]}{0.0.0.0:45903}
2019-07-14 08:45:28,045 INFO  server.Server (Server.java:doStart(419)) - Started @5849ms
2019-07-14 08:45:28,047 INFO  server.BaseHttpServer (BaseHttpServer.java:updateConnectorAddress(207)) - HTTP server of HDDSDATANODE is listening at http://0.0.0.0:45903
2019-07-14 08:45:28,063 INFO  datanode.InitDatanodeState (InitDatanodeState.java:persistContainerDatanodeDetails(140)) - DatanodeDetails is persisted to /workdir/hadoop-ozone/integration-test/target/test-dir/MiniOzoneClusterImpl-72c865c2-a6a0-476d-8a66-24bab940d2f6/datanode-0/meta/datanode.id
2019-07-14 08:45:28,189 INFO  ozone.HddsDatanodeService (HddsDatanodeService.java:startPlugins(396)) - Started plug-in org.apache.hadoop.ozone.web.OzoneHddsDatanodeService@79627d27
2019-07-14 08:45:28,190 INFO  impl.MetricsSystemImpl (MetricsSystemImpl.java:init(158)) - HddsDatanode metrics system started (again)
2019-07-14 08:45:28,190 INFO  ozone.HddsDatanodeService (HddsDatanodeService.java:start(185)) - HddsDatanodeService host:trunk-nightly-5z2vd-27108033 ip:192.168.5.191
2019-07-14 08:45:28,192 INFO  util.JvmPauseMonitor (JvmPauseMonitor.java:run(188)) - Starting JVM pause monitor
2019-07-14 08:45:28,203 INFO  volume.HddsVolume (HddsVolume.java:<init>(176)) - Creating Volume: /workdir/hadoop-ozone/integration-test/target/test-dir/MiniOzoneClusterImpl-72c865c2-a6a0-476d-8a66-24bab940d2f6/datanode-2/data/containers/hdds of  storage type : DISK and capacity : 52710309888
2019-07-14 08:45:28,203 INFO  volume.VolumeSet (VolumeSet.java:initializeVolumeSet(170)) - Added Volume : /workdir/hadoop-ozone/integration-test/target/test-dir/MiniOzoneClusterImpl-72c865c2-a6a0-476d-8a66-24bab940d2f6/datanode-2/data/containers/hdds to VolumeSet
2019-07-14 08:45:28,203 INFO  datanode.InitDatanodeState (InitDatanodeState.java:persistContainerDatanodeDetails(140)) - DatanodeDetails is persisted to /workdir/hadoop-ozone/integration-test/target/test-dir/MiniOzoneClusterImpl-72c865c2-a6a0-476d-8a66-24bab940d2f6/datanode-1/meta/datanode.id
2019-07-14 08:45:28,204 INFO  volume.ThrottledAsyncChecker (ThrottledAsyncChecker.java:schedule(140)) - Scheduling a check for org.apache.hadoop.ozone.container.common.volume.HddsVolume@2a8f6e6
2019-07-14 08:45:28,205 INFO  volume.HddsVolumeChecker (HddsVolumeChecker.java:checkAllVolumes(203)) - Scheduled health check for volume org.apache.hadoop.ozone.container.common.volume.HddsVolume@2a8f6e6
2019-07-14 08:45:28,220 INFO  impl.RaftServerProxy (ConfUtils.java:logGet(43)) - raft.rpc.type = GRPC (default)
2019-07-14 08:45:28,220 INFO  grpc.GrpcFactory (GrpcFactory.java:checkPooledByteBufAllocatorUseCacheForAllThreads(45)) - PERFORMANCE WARNING: useCacheForAllThreads is true that may cause Netty to create a lot garbage objects and, as a result, trigger GC.
	It is recommended to disable useCacheForAllThreads by setting -Dorg.apache.ratis.thirdparty.io.netty.allocator.useCacheForAllThreads=false in command line.
2019-07-14 08:45:28,221 INFO  grpc.GrpcConfigKeys$Server (ConfUtils.java:logGet(43)) - raft.grpc.server.port = 0 (default)
2019-07-14 08:45:28,221 INFO  server.GrpcService (ConfUtils.java:logGet(43)) - raft.grpc.message.size.max = 33570816 (custom)
2019-07-14 08:45:28,221 INFO  server.RaftServerConfigKeys (ConfUtils.java:logGet(43)) - raft.server.log.appender.buffer.byte-limit = 33554432 (custom)
2019-07-14 08:45:28,221 INFO  server.GrpcService (ConfUtils.java:logGet(43)) - raft.grpc.flow.control.window = 1MB (=1048576) (default)
2019-07-14 08:45:28,222 INFO  server.RaftServerConfigKeys (ConfUtils.java:logGet(43)) - raft.server.rpc.request.timeout = 3000ms (default)
2019-07-14 08:45:28,222 INFO  server.RaftServerConfigKeys (ConfUtils.java:logGet(43)) - raft.server.storage.dir = [/workdir/hadoop-ozone/integration-test/target/test-dir/MiniOzoneClusterImpl-72c865c2-a6a0-476d-8a66-24bab940d2f6/datanode-2/data/ratis] (custom)
2019-07-14 08:45:28,223 INFO  replication.SimpleContainerDownloader (SimpleContainerDownloader.java:<init>(72)) - Starting container downloader service to copy containers to replicate.
2019-07-14 08:45:28,224 INFO  hdfs.DFSUtil (DFSUtil.java:httpServerTemplateForNNAndJN(1641)) - Starting Web-server for hddsDatanode at: http://0.0.0.0:0
2019-07-14 08:45:28,225 INFO  server.AuthenticationFilter (AuthenticationFilter.java:constructSecretProvider(240)) - Unable to initialize FileSignerSecretProvider, falling back to use random secrets.
2019-07-14 08:45:28,226 WARN  http.HttpRequestLog (HttpRequestLog.java:getRequestLog(97)) - Jetty request log can only be enabled using Log4j
2019-07-14 08:45:28,227 INFO  http.HttpServer2 (HttpServer2.java:addGlobalFilter(975)) - Added global filter 'safety' (class=org.apache.hadoop.http.HttpServer2$QuotingInputFilter)
2019-07-14 08:45:28,228 INFO  http.HttpServer2 (HttpServer2.java:addFilter(948)) - Added filter static_user_filter (class=org.apache.hadoop.http.lib.StaticUserWebFilter$StaticUserFilter) to context hddsDatanode
2019-07-14 08:45:28,228 INFO  http.HttpServer2 (HttpServer2.java:addFilter(958)) - Added filter static_user_filter (class=org.apache.hadoop.http.lib.StaticUserWebFilter$StaticUserFilter) to context logs
2019-07-14 08:45:28,228 INFO  http.HttpServer2 (HttpServer2.java:addFilter(958)) - Added filter static_user_filter (class=org.apache.hadoop.http.lib.StaticUserWebFilter$StaticUserFilter) to context static
2019-07-14 08:45:28,229 INFO  http.HttpServer2 (HttpServer2.java:bindListener(1191)) - Jetty bound to port 44816
2019-07-14 08:45:28,229 INFO  server.Server (Server.java:doStart(351)) - jetty-9.3.24.v20180605, build timestamp: 2018-06-05T17:11:56Z, git hash: 84205aa28f11a4f31f2a3b86d1bba2cc8ab69827
2019-07-14 08:45:28,233 INFO  handler.ContextHandler (ContextHandler.java:doStart(781)) - Started o.e.j.s.ServletContextHandler@70ede57d{/logs,file:///workdir/hadoop-ozone/integration-test/target/log,AVAILABLE}
2019-07-14 08:45:28,233 INFO  handler.ContextHandler (ContextHandler.java:doStart(781)) - Started o.e.j.s.ServletContextHandler@61f377d1{/static,jar:file:/home/user/.m2/repository/org/apache/hadoop/hadoop-hdds-container-service/0.5.0-SNAPSHOT/hadoop-hdds-container-service-0.5.0-SNAPSHOT.jar!/webapps/static,AVAILABLE}
2019-07-14 08:45:28,276 INFO  handler.ContextHandler (ContextHandler.java:doStart(781)) - Started o.e.j.w.WebAppContext@30a7653e{/,file:///tmp/jetty-0.0.0.0-44816-hddsDatanode-_-any-8735314749981650554.dir/webapp/,AVAILABLE}{/hddsDatanode}
2019-07-14 08:45:28,277 INFO  server.AbstractConnector (AbstractConnector.java:doStart(278)) - Started ServerConnector@7cff3f1d{HTTP/1.1,[http/1.1]}{0.0.0.0:44816}
2019-07-14 08:45:28,279 INFO  server.Server (Server.java:doStart(419)) - Started @6082ms
2019-07-14 08:45:28,280 INFO  server.BaseHttpServer (BaseHttpServer.java:updateConnectorAddress(207)) - HTTP server of HDDSDATANODE is listening at http://0.0.0.0:44816
2019-07-14 08:45:28,465 INFO  ozone.HddsDatanodeService (HddsDatanodeService.java:startPlugins(396)) - Started plug-in org.apache.hadoop.ozone.web.OzoneHddsDatanodeService@12fcb2c3
2019-07-14 08:45:28,466 INFO  impl.MetricsSystemImpl (MetricsSystemImpl.java:init(158)) - HddsDatanode metrics system started (again)
2019-07-14 08:45:28,466 INFO  ozone.HddsDatanodeService (HddsDatanodeService.java:start(185)) - HddsDatanodeService host:trunk-nightly-5z2vd-27108033 ip:192.168.5.191
2019-07-14 08:45:28,469 INFO  util.JvmPauseMonitor (JvmPauseMonitor.java:run(188)) - Starting JVM pause monitor
2019-07-14 08:45:28,472 INFO  datanode.InitDatanodeState (InitDatanodeState.java:persistContainerDatanodeDetails(140)) - DatanodeDetails is persisted to /workdir/hadoop-ozone/integration-test/target/test-dir/MiniOzoneClusterImpl-72c865c2-a6a0-476d-8a66-24bab940d2f6/datanode-2/meta/datanode.id
2019-07-14 08:45:28,476 INFO  volume.HddsVolume (HddsVolume.java:<init>(176)) - Creating Volume: /workdir/hadoop-ozone/integration-test/target/test-dir/MiniOzoneClusterImpl-72c865c2-a6a0-476d-8a66-24bab940d2f6/datanode-3/data/containers/hdds of  storage type : DISK and capacity : 52710309888
2019-07-14 08:45:28,477 INFO  volume.VolumeSet (VolumeSet.java:initializeVolumeSet(170)) - Added Volume : /workdir/hadoop-ozone/integration-test/target/test-dir/MiniOzoneClusterImpl-72c865c2-a6a0-476d-8a66-24bab940d2f6/datanode-3/data/containers/hdds to VolumeSet
2019-07-14 08:45:28,477 INFO  volume.ThrottledAsyncChecker (ThrottledAsyncChecker.java:schedule(140)) - Scheduling a check for org.apache.hadoop.ozone.container.common.volume.HddsVolume@28a6e171
2019-07-14 08:45:28,478 INFO  volume.HddsVolumeChecker (HddsVolumeChecker.java:checkAllVolumes(203)) - Scheduled health check for volume org.apache.hadoop.ozone.container.common.volume.HddsVolume@28a6e171
2019-07-14 08:45:28,492 INFO  impl.RaftServerProxy (ConfUtils.java:logGet(43)) - raft.rpc.type = GRPC (default)
2019-07-14 08:45:28,492 INFO  grpc.GrpcFactory (GrpcFactory.java:checkPooledByteBufAllocatorUseCacheForAllThreads(45)) - PERFORMANCE WARNING: useCacheForAllThreads is true that may cause Netty to create a lot garbage objects and, as a result, trigger GC.
	It is recommended to disable useCacheForAllThreads by setting -Dorg.apache.ratis.thirdparty.io.netty.allocator.useCacheForAllThreads=false in command line.
2019-07-14 08:45:28,492 INFO  grpc.GrpcConfigKeys$Server (ConfUtils.java:logGet(43)) - raft.grpc.server.port = 0 (default)
2019-07-14 08:45:28,493 INFO  server.GrpcService (ConfUtils.java:logGet(43)) - raft.grpc.message.size.max = 33570816 (custom)
2019-07-14 08:45:28,493 INFO  server.RaftServerConfigKeys (ConfUtils.java:logGet(43)) - raft.server.log.appender.buffer.byte-limit = 33554432 (custom)
2019-07-14 08:45:28,493 INFO  server.GrpcService (ConfUtils.java:logGet(43)) - raft.grpc.flow.control.window = 1MB (=1048576) (default)
2019-07-14 08:45:28,493 INFO  server.RaftServerConfigKeys (ConfUtils.java:logGet(43)) - raft.server.rpc.request.timeout = 3000ms (default)
2019-07-14 08:45:28,494 INFO  server.RaftServerConfigKeys (ConfUtils.java:logGet(43)) - raft.server.storage.dir = [/workdir/hadoop-ozone/integration-test/target/test-dir/MiniOzoneClusterImpl-72c865c2-a6a0-476d-8a66-24bab940d2f6/datanode-3/data/ratis] (custom)
2019-07-14 08:45:28,494 INFO  replication.SimpleContainerDownloader (SimpleContainerDownloader.java:<init>(72)) - Starting container downloader service to copy containers to replicate.
2019-07-14 08:45:28,495 INFO  hdfs.DFSUtil (DFSUtil.java:httpServerTemplateForNNAndJN(1641)) - Starting Web-server for hddsDatanode at: http://0.0.0.0:0
2019-07-14 08:45:28,498 INFO  server.AuthenticationFilter (AuthenticationFilter.java:constructSecretProvider(240)) - Unable to initialize FileSignerSecretProvider, falling back to use random secrets.
2019-07-14 08:45:28,498 WARN  http.HttpRequestLog (HttpRequestLog.java:getRequestLog(97)) - Jetty request log can only be enabled using Log4j
2019-07-14 08:45:28,501 INFO  http.HttpServer2 (HttpServer2.java:addGlobalFilter(975)) - Added global filter 'safety' (class=org.apache.hadoop.http.HttpServer2$QuotingInputFilter)
2019-07-14 08:45:28,501 INFO  http.HttpServer2 (HttpServer2.java:addFilter(948)) - Added filter static_user_filter (class=org.apache.hadoop.http.lib.StaticUserWebFilter$StaticUserFilter) to context hddsDatanode
2019-07-14 08:45:28,502 INFO  http.HttpServer2 (HttpServer2.java:addFilter(958)) - Added filter static_user_filter (class=org.apache.hadoop.http.lib.StaticUserWebFilter$StaticUserFilter) to context logs
2019-07-14 08:45:28,502 INFO  http.HttpServer2 (HttpServer2.java:addFilter(958)) - Added filter static_user_filter (class=org.apache.hadoop.http.lib.StaticUserWebFilter$StaticUserFilter) to context static
2019-07-14 08:45:28,503 INFO  http.HttpServer2 (HttpServer2.java:bindListener(1191)) - Jetty bound to port 43301
2019-07-14 08:45:28,503 INFO  server.Server (Server.java:doStart(351)) - jetty-9.3.24.v20180605, build timestamp: 2018-06-05T17:11:56Z, git hash: 84205aa28f11a4f31f2a3b86d1bba2cc8ab69827
2019-07-14 08:45:28,506 INFO  handler.ContextHandler (ContextHandler.java:doStart(781)) - Started o.e.j.s.ServletContextHandler@14b528b6{/logs,file:///workdir/hadoop-ozone/integration-test/target/log,AVAILABLE}
2019-07-14 08:45:28,507 INFO  handler.ContextHandler (ContextHandler.java:doStart(781)) - Started o.e.j.s.ServletContextHandler@6f930e0{/static,jar:file:/home/user/.m2/repository/org/apache/hadoop/hadoop-hdds-container-service/0.5.0-SNAPSHOT/hadoop-hdds-container-service-0.5.0-SNAPSHOT.jar!/webapps/static,AVAILABLE}
2019-07-14 08:45:28,549 INFO  handler.ContextHandler (ContextHandler.java:doStart(781)) - Started o.e.j.w.WebAppContext@3830b06c{/,file:///tmp/jetty-0.0.0.0-43301-hddsDatanode-_-any-5339009583106876310.dir/webapp/,AVAILABLE}{/hddsDatanode}
2019-07-14 08:45:28,550 INFO  server.AbstractConnector (AbstractConnector.java:doStart(278)) - Started ServerConnector@3e28d779{HTTP/1.1,[http/1.1]}{0.0.0.0:43301}
2019-07-14 08:45:28,551 INFO  server.Server (Server.java:doStart(419)) - Started @6355ms
2019-07-14 08:45:28,553 INFO  server.BaseHttpServer (BaseHttpServer.java:updateConnectorAddress(207)) - HTTP server of HDDSDATANODE is listening at http://0.0.0.0:43301
2019-07-14 08:45:28,680 INFO  ozone.HddsDatanodeService (HddsDatanodeService.java:startPlugins(396)) - Started plug-in org.apache.hadoop.ozone.web.OzoneHddsDatanodeService@42c0a16e
2019-07-14 08:45:28,681 INFO  impl.MetricsSystemImpl (MetricsSystemImpl.java:init(158)) - HddsDatanode metrics system started (again)
2019-07-14 08:45:28,681 INFO  ozone.HddsDatanodeService (HddsDatanodeService.java:start(185)) - HddsDatanodeService host:trunk-nightly-5z2vd-27108033 ip:192.168.5.191
2019-07-14 08:45:28,683 INFO  util.JvmPauseMonitor (JvmPauseMonitor.java:run(188)) - Starting JVM pause monitor
2019-07-14 08:45:28,691 INFO  volume.HddsVolume (HddsVolume.java:<init>(176)) - Creating Volume: /workdir/hadoop-ozone/integration-test/target/test-dir/MiniOzoneClusterImpl-72c865c2-a6a0-476d-8a66-24bab940d2f6/datanode-4/data/containers/hdds of  storage type : DISK and capacity : 52710309888
2019-07-14 08:45:28,691 INFO  datanode.InitDatanodeState (InitDatanodeState.java:persistContainerDatanodeDetails(140)) - DatanodeDetails is persisted to /workdir/hadoop-ozone/integration-test/target/test-dir/MiniOzoneClusterImpl-72c865c2-a6a0-476d-8a66-24bab940d2f6/datanode-3/meta/datanode.id
2019-07-14 08:45:28,691 INFO  volume.VolumeSet (VolumeSet.java:initializeVolumeSet(170)) - Added Volume : /workdir/hadoop-ozone/integration-test/target/test-dir/MiniOzoneClusterImpl-72c865c2-a6a0-476d-8a66-24bab940d2f6/datanode-4/data/containers/hdds to VolumeSet
2019-07-14 08:45:28,691 INFO  volume.ThrottledAsyncChecker (ThrottledAsyncChecker.java:schedule(140)) - Scheduling a check for org.apache.hadoop.ozone.container.common.volume.HddsVolume@76396509
2019-07-14 08:45:28,692 INFO  volume.HddsVolumeChecker (HddsVolumeChecker.java:checkAllVolumes(203)) - Scheduled health check for volume org.apache.hadoop.ozone.container.common.volume.HddsVolume@76396509
2019-07-14 08:45:28,706 INFO  impl.RaftServerProxy (ConfUtils.java:logGet(43)) - raft.rpc.type = GRPC (default)
2019-07-14 08:45:28,706 INFO  grpc.GrpcFactory (GrpcFactory.java:checkPooledByteBufAllocatorUseCacheForAllThreads(45)) - PERFORMANCE WARNING: useCacheForAllThreads is true that may cause Netty to create a lot garbage objects and, as a result, trigger GC.
	It is recommended to disable useCacheForAllThreads by setting -Dorg.apache.ratis.thirdparty.io.netty.allocator.useCacheForAllThreads=false in command line.
2019-07-14 08:45:28,706 INFO  grpc.GrpcConfigKeys$Server (ConfUtils.java:logGet(43)) - raft.grpc.server.port = 0 (default)
2019-07-14 08:45:28,706 INFO  server.GrpcService (ConfUtils.java:logGet(43)) - raft.grpc.message.size.max = 33570816 (custom)
2019-07-14 08:45:28,706 INFO  server.RaftServerConfigKeys (ConfUtils.java:logGet(43)) - raft.server.log.appender.buffer.byte-limit = 33554432 (custom)
2019-07-14 08:45:28,707 INFO  server.GrpcService (ConfUtils.java:logGet(43)) - raft.grpc.flow.control.window = 1MB (=1048576) (default)
2019-07-14 08:45:28,707 INFO  server.RaftServerConfigKeys (ConfUtils.java:logGet(43)) - raft.server.rpc.request.timeout = 3000ms (default)
2019-07-14 08:45:28,707 INFO  server.RaftServerConfigKeys (ConfUtils.java:logGet(43)) - raft.server.storage.dir = [/workdir/hadoop-ozone/integration-test/target/test-dir/MiniOzoneClusterImpl-72c865c2-a6a0-476d-8a66-24bab940d2f6/datanode-4/data/ratis] (custom)
2019-07-14 08:45:28,708 INFO  replication.SimpleContainerDownloader (SimpleContainerDownloader.java:<init>(72)) - Starting container downloader service to copy containers to replicate.
2019-07-14 08:45:28,709 INFO  hdfs.DFSUtil (DFSUtil.java:httpServerTemplateForNNAndJN(1641)) - Starting Web-server for hddsDatanode at: http://0.0.0.0:0
2019-07-14 08:45:28,710 INFO  server.AuthenticationFilter (AuthenticationFilter.java:constructSecretProvider(240)) - Unable to initialize FileSignerSecretProvider, falling back to use random secrets.
2019-07-14 08:45:28,711 WARN  http.HttpRequestLog (HttpRequestLog.java:getRequestLog(97)) - Jetty request log can only be enabled using Log4j
2019-07-14 08:45:28,712 INFO  http.HttpServer2 (HttpServer2.java:addGlobalFilter(975)) - Added global filter 'safety' (class=org.apache.hadoop.http.HttpServer2$QuotingInputFilter)
2019-07-14 08:45:28,712 INFO  http.HttpServer2 (HttpServer2.java:addFilter(948)) - Added filter static_user_filter (class=org.apache.hadoop.http.lib.StaticUserWebFilter$StaticUserFilter) to context hddsDatanode
2019-07-14 08:45:28,712 INFO  http.HttpServer2 (HttpServer2.java:addFilter(958)) - Added filter static_user_filter (class=org.apache.hadoop.http.lib.StaticUserWebFilter$StaticUserFilter) to context logs
2019-07-14 08:45:28,713 INFO  http.HttpServer2 (HttpServer2.java:addFilter(958)) - Added filter static_user_filter (class=org.apache.hadoop.http.lib.StaticUserWebFilter$StaticUserFilter) to context static
2019-07-14 08:45:28,713 INFO  http.HttpServer2 (HttpServer2.java:bindListener(1191)) - Jetty bound to port 33068
2019-07-14 08:45:28,713 INFO  server.Server (Server.java:doStart(351)) - jetty-9.3.24.v20180605, build timestamp: 2018-06-05T17:11:56Z, git hash: 84205aa28f11a4f31f2a3b86d1bba2cc8ab69827
2019-07-14 08:45:28,717 INFO  handler.ContextHandler (ContextHandler.java:doStart(781)) - Started o.e.j.s.ServletContextHandler@2e6d76ba{/logs,file:///workdir/hadoop-ozone/integration-test/target/log,AVAILABLE}
2019-07-14 08:45:28,718 INFO  handler.ContextHandler (ContextHandler.java:doStart(781)) - Started o.e.j.s.ServletContextHandler@5a9840f3{/static,jar:file:/home/user/.m2/repository/org/apache/hadoop/hadoop-hdds-container-service/0.5.0-SNAPSHOT/hadoop-hdds-container-service-0.5.0-SNAPSHOT.jar!/webapps/static,AVAILABLE}
2019-07-14 08:45:28,745 INFO  handler.ContextHandler (ContextHandler.java:doStart(781)) - Started o.e.j.w.WebAppContext@350da119{/,file:///tmp/jetty-0.0.0.0-33068-hddsDatanode-_-any-6783710565475285234.dir/webapp/,AVAILABLE}{/hddsDatanode}
2019-07-14 08:45:28,745 INFO  server.AbstractConnector (AbstractConnector.java:doStart(278)) - Started ServerConnector@6a09484c{HTTP/1.1,[http/1.1]}{0.0.0.0:33068}
2019-07-14 08:45:28,746 INFO  server.Server (Server.java:doStart(419)) - Started @6551ms
2019-07-14 08:45:28,747 INFO  server.BaseHttpServer (BaseHttpServer.java:updateConnectorAddress(207)) - HTTP server of HDDSDATANODE is listening at http://0.0.0.0:33068
2019-07-14 08:45:28,860 INFO  ozone.HddsDatanodeService (HddsDatanodeService.java:startPlugins(396)) - Started plug-in org.apache.hadoop.ozone.web.OzoneHddsDatanodeService@33324c05
2019-07-14 08:45:28,860 INFO  impl.MetricsSystemImpl (MetricsSystemImpl.java:init(158)) - HddsDatanode metrics system started (again)
2019-07-14 08:45:28,860 INFO  ozone.HddsDatanodeService (HddsDatanodeService.java:start(185)) - HddsDatanodeService host:trunk-nightly-5z2vd-27108033 ip:192.168.5.191
2019-07-14 08:45:28,862 INFO  util.JvmPauseMonitor (JvmPauseMonitor.java:run(188)) - Starting JVM pause monitor
2019-07-14 08:45:28,865 INFO  datanode.InitDatanodeState (InitDatanodeState.java:persistContainerDatanodeDetails(140)) - DatanodeDetails is persisted to /workdir/hadoop-ozone/integration-test/target/test-dir/MiniOzoneClusterImpl-72c865c2-a6a0-476d-8a66-24bab940d2f6/datanode-4/meta/datanode.id
2019-07-14 08:45:28,870 INFO  volume.HddsVolume (HddsVolume.java:<init>(176)) - Creating Volume: /workdir/hadoop-ozone/integration-test/target/test-dir/MiniOzoneClusterImpl-72c865c2-a6a0-476d-8a66-24bab940d2f6/datanode-5/data/containers/hdds of  storage type : DISK and capacity : 52710309888
2019-07-14 08:45:28,870 INFO  volume.VolumeSet (VolumeSet.java:initializeVolumeSet(170)) - Added Volume : /workdir/hadoop-ozone/integration-test/target/test-dir/MiniOzoneClusterImpl-72c865c2-a6a0-476d-8a66-24bab940d2f6/datanode-5/data/containers/hdds to VolumeSet
2019-07-14 08:45:28,870 INFO  volume.ThrottledAsyncChecker (ThrottledAsyncChecker.java:schedule(140)) - Scheduling a check for org.apache.hadoop.ozone.container.common.volume.HddsVolume@2aea717c
2019-07-14 08:45:28,870 INFO  volume.HddsVolumeChecker (HddsVolumeChecker.java:checkAllVolumes(203)) - Scheduled health check for volume org.apache.hadoop.ozone.container.common.volume.HddsVolume@2aea717c
2019-07-14 08:45:28,884 INFO  impl.RaftServerProxy (ConfUtils.java:logGet(43)) - raft.rpc.type = GRPC (default)
2019-07-14 08:45:28,884 INFO  grpc.GrpcFactory (GrpcFactory.java:checkPooledByteBufAllocatorUseCacheForAllThreads(45)) - PERFORMANCE WARNING: useCacheForAllThreads is true that may cause Netty to create a lot garbage objects and, as a result, trigger GC.
	It is recommended to disable useCacheForAllThreads by setting -Dorg.apache.ratis.thirdparty.io.netty.allocator.useCacheForAllThreads=false in command line.
2019-07-14 08:45:28,885 INFO  grpc.GrpcConfigKeys$Server (ConfUtils.java:logGet(43)) - raft.grpc.server.port = 0 (default)
2019-07-14 08:45:28,885 INFO  server.GrpcService (ConfUtils.java:logGet(43)) - raft.grpc.message.size.max = 33570816 (custom)
2019-07-14 08:45:28,885 INFO  server.RaftServerConfigKeys (ConfUtils.java:logGet(43)) - raft.server.log.appender.buffer.byte-limit = 33554432 (custom)
2019-07-14 08:45:28,885 INFO  server.GrpcService (ConfUtils.java:logGet(43)) - raft.grpc.flow.control.window = 1MB (=1048576) (default)
2019-07-14 08:45:28,885 INFO  server.RaftServerConfigKeys (ConfUtils.java:logGet(43)) - raft.server.rpc.request.timeout = 3000ms (default)
2019-07-14 08:45:28,886 INFO  server.RaftServerConfigKeys (ConfUtils.java:logGet(43)) - raft.server.storage.dir = [/workdir/hadoop-ozone/integration-test/target/test-dir/MiniOzoneClusterImpl-72c865c2-a6a0-476d-8a66-24bab940d2f6/datanode-5/data/ratis] (custom)
2019-07-14 08:45:28,886 INFO  replication.SimpleContainerDownloader (SimpleContainerDownloader.java:<init>(72)) - Starting container downloader service to copy containers to replicate.
2019-07-14 08:45:28,887 INFO  hdfs.DFSUtil (DFSUtil.java:httpServerTemplateForNNAndJN(1641)) - Starting Web-server for hddsDatanode at: http://0.0.0.0:0
2019-07-14 08:45:28,888 INFO  server.AuthenticationFilter (AuthenticationFilter.java:constructSecretProvider(240)) - Unable to initialize FileSignerSecretProvider, falling back to use random secrets.
2019-07-14 08:45:28,889 WARN  http.HttpRequestLog (HttpRequestLog.java:getRequestLog(97)) - Jetty request log can only be enabled using Log4j
2019-07-14 08:45:28,891 INFO  http.HttpServer2 (HttpServer2.java:addGlobalFilter(975)) - Added global filter 'safety' (class=org.apache.hadoop.http.HttpServer2$QuotingInputFilter)
2019-07-14 08:45:28,891 INFO  http.HttpServer2 (HttpServer2.java:addFilter(948)) - Added filter static_user_filter (class=org.apache.hadoop.http.lib.StaticUserWebFilter$StaticUserFilter) to context hddsDatanode
2019-07-14 08:45:28,891 INFO  http.HttpServer2 (HttpServer2.java:addFilter(958)) - Added filter static_user_filter (class=org.apache.hadoop.http.lib.StaticUserWebFilter$StaticUserFilter) to context logs
2019-07-14 08:45:28,892 INFO  http.HttpServer2 (HttpServer2.java:addFilter(958)) - Added filter static_user_filter (class=org.apache.hadoop.http.lib.StaticUserWebFilter$StaticUserFilter) to context static
2019-07-14 08:45:28,892 INFO  http.HttpServer2 (HttpServer2.java:bindListener(1191)) - Jetty bound to port 40404
2019-07-14 08:45:28,892 INFO  server.Server (Server.java:doStart(351)) - jetty-9.3.24.v20180605, build timestamp: 2018-06-05T17:11:56Z, git hash: 84205aa28f11a4f31f2a3b86d1bba2cc8ab69827
2019-07-14 08:45:28,894 INFO  handler.ContextHandler (ContextHandler.java:doStart(781)) - Started o.e.j.s.ServletContextHandler@4a22e4d7{/logs,file:///workdir/hadoop-ozone/integration-test/target/log,AVAILABLE}
2019-07-14 08:45:28,895 INFO  handler.ContextHandler (ContextHandler.java:doStart(781)) - Started o.e.j.s.ServletContextHandler@16681017{/static,jar:file:/home/user/.m2/repository/org/apache/hadoop/hadoop-hdds-container-service/0.5.0-SNAPSHOT/hadoop-hdds-container-service-0.5.0-SNAPSHOT.jar!/webapps/static,AVAILABLE}
2019-07-14 08:45:28,923 INFO  handler.ContextHandler (ContextHandler.java:doStart(781)) - Started o.e.j.w.WebAppContext@629075f4{/,file:///tmp/jetty-0.0.0.0-40404-hddsDatanode-_-any-6519696466754696882.dir/webapp/,AVAILABLE}{/hddsDatanode}
2019-07-14 08:45:28,923 INFO  server.AbstractConnector (AbstractConnector.java:doStart(278)) - Started ServerConnector@48499739{HTTP/1.1,[http/1.1]}{0.0.0.0:40404}
2019-07-14 08:45:28,924 INFO  server.Server (Server.java:doStart(419)) - Started @6729ms
2019-07-14 08:45:28,925 INFO  server.BaseHttpServer (BaseHttpServer.java:updateConnectorAddress(207)) - HTTP server of HDDSDATANODE is listening at http://0.0.0.0:40404
2019-07-14 08:45:29,041 INFO  ozone.HddsDatanodeService (HddsDatanodeService.java:startPlugins(396)) - Started plug-in org.apache.hadoop.ozone.web.OzoneHddsDatanodeService@5c1b89ac
2019-07-14 08:45:29,041 INFO  impl.MetricsSystemImpl (MetricsSystemImpl.java:init(158)) - HddsDatanode metrics system started (again)
2019-07-14 08:45:29,042 INFO  ozone.HddsDatanodeService (HddsDatanodeService.java:start(185)) - HddsDatanodeService host:trunk-nightly-5z2vd-27108033 ip:192.168.5.191
2019-07-14 08:45:29,044 INFO  util.JvmPauseMonitor (JvmPauseMonitor.java:run(188)) - Starting JVM pause monitor
2019-07-14 08:45:29,046 INFO  datanode.InitDatanodeState (InitDatanodeState.java:persistContainerDatanodeDetails(140)) - DatanodeDetails is persisted to /workdir/hadoop-ozone/integration-test/target/test-dir/MiniOzoneClusterImpl-72c865c2-a6a0-476d-8a66-24bab940d2f6/datanode-5/meta/datanode.id
2019-07-14 08:45:29,053 INFO  volume.HddsVolume (HddsVolume.java:<init>(176)) - Creating Volume: /workdir/hadoop-ozone/integration-test/target/test-dir/MiniOzoneClusterImpl-72c865c2-a6a0-476d-8a66-24bab940d2f6/datanode-6/data/containers/hdds of  storage type : DISK and capacity : 52710309888
2019-07-14 08:45:29,053 INFO  volume.VolumeSet (VolumeSet.java:initializeVolumeSet(170)) - Added Volume : /workdir/hadoop-ozone/integration-test/target/test-dir/MiniOzoneClusterImpl-72c865c2-a6a0-476d-8a66-24bab940d2f6/datanode-6/data/containers/hdds to VolumeSet
2019-07-14 08:45:29,053 INFO  volume.ThrottledAsyncChecker (ThrottledAsyncChecker.java:schedule(140)) - Scheduling a check for org.apache.hadoop.ozone.container.common.volume.HddsVolume@5d14e99e
2019-07-14 08:45:29,054 INFO  volume.HddsVolumeChecker (HddsVolumeChecker.java:checkAllVolumes(203)) - Scheduled health check for volume org.apache.hadoop.ozone.container.common.volume.HddsVolume@5d14e99e
2019-07-14 08:45:29,117 INFO  impl.RaftServerProxy (ConfUtils.java:logGet(43)) - raft.rpc.type = GRPC (default)
2019-07-14 08:45:29,118 INFO  grpc.GrpcFactory (GrpcFactory.java:checkPooledByteBufAllocatorUseCacheForAllThreads(45)) - PERFORMANCE WARNING: useCacheForAllThreads is true that may cause Netty to create a lot garbage objects and, as a result, trigger GC.
	It is recommended to disable useCacheForAllThreads by setting -Dorg.apache.ratis.thirdparty.io.netty.allocator.useCacheForAllThreads=false in command line.
2019-07-14 08:45:29,119 INFO  grpc.GrpcConfigKeys$Server (ConfUtils.java:logGet(43)) - raft.grpc.server.port = 0 (default)
2019-07-14 08:45:29,119 INFO  server.GrpcService (ConfUtils.java:logGet(43)) - raft.grpc.message.size.max = 33570816 (custom)
2019-07-14 08:45:29,119 INFO  server.RaftServerConfigKeys (ConfUtils.java:logGet(43)) - raft.server.log.appender.buffer.byte-limit = 33554432 (custom)
2019-07-14 08:45:29,119 INFO  server.GrpcService (ConfUtils.java:logGet(43)) - raft.grpc.flow.control.window = 1MB (=1048576) (default)
2019-07-14 08:45:29,120 INFO  server.RaftServerConfigKeys (ConfUtils.java:logGet(43)) - raft.server.rpc.request.timeout = 3000ms (default)
2019-07-14 08:45:29,122 INFO  server.RaftServerConfigKeys (ConfUtils.java:logGet(43)) - raft.server.storage.dir = [/workdir/hadoop-ozone/integration-test/target/test-dir/MiniOzoneClusterImpl-72c865c2-a6a0-476d-8a66-24bab940d2f6/datanode-6/data/ratis] (custom)
2019-07-14 08:45:29,122 INFO  replication.SimpleContainerDownloader (SimpleContainerDownloader.java:<init>(72)) - Starting container downloader service to copy containers to replicate.
2019-07-14 08:45:29,124 INFO  hdfs.DFSUtil (DFSUtil.java:httpServerTemplateForNNAndJN(1641)) - Starting Web-server for hddsDatanode at: http://0.0.0.0:0
2019-07-14 08:45:29,139 INFO  server.AuthenticationFilter (AuthenticationFilter.java:constructSecretProvider(240)) - Unable to initialize FileSignerSecretProvider, falling back to use random secrets.
2019-07-14 08:45:29,147 WARN  http.HttpRequestLog (HttpRequestLog.java:getRequestLog(97)) - Jetty request log can only be enabled using Log4j
2019-07-14 08:45:29,149 INFO  http.HttpServer2 (HttpServer2.java:addGlobalFilter(975)) - Added global filter 'safety' (class=org.apache.hadoop.http.HttpServer2$QuotingInputFilter)
2019-07-14 08:45:29,149 INFO  http.HttpServer2 (HttpServer2.java:addFilter(948)) - Added filter static_user_filter (class=org.apache.hadoop.http.lib.StaticUserWebFilter$StaticUserFilter) to context hddsDatanode
2019-07-14 08:45:29,150 INFO  http.HttpServer2 (HttpServer2.java:addFilter(958)) - Added filter static_user_filter (class=org.apache.hadoop.http.lib.StaticUserWebFilter$StaticUserFilter) to context static
2019-07-14 08:45:29,150 INFO  http.HttpServer2 (HttpServer2.java:addFilter(958)) - Added filter static_user_filter (class=org.apache.hadoop.http.lib.StaticUserWebFilter$StaticUserFilter) to context logs
2019-07-14 08:45:29,150 INFO  http.HttpServer2 (HttpServer2.java:bindListener(1191)) - Jetty bound to port 37019
2019-07-14 08:45:29,151 INFO  server.Server (Server.java:doStart(351)) - jetty-9.3.24.v20180605, build timestamp: 2018-06-05T17:11:56Z, git hash: 84205aa28f11a4f31f2a3b86d1bba2cc8ab69827
2019-07-14 08:45:29,153 INFO  handler.ContextHandler (ContextHandler.java:doStart(781)) - Started o.e.j.s.ServletContextHandler@1537c744{/logs,file:///workdir/hadoop-ozone/integration-test/target/log,AVAILABLE}
2019-07-14 08:45:29,153 INFO  handler.ContextHandler (ContextHandler.java:doStart(781)) - Started o.e.j.s.ServletContextHandler@50122012{/static,jar:file:/home/user/.m2/repository/org/apache/hadoop/hadoop-hdds-container-service/0.5.0-SNAPSHOT/hadoop-hdds-container-service-0.5.0-SNAPSHOT.jar!/webapps/static,AVAILABLE}
2019-07-14 08:45:29,185 INFO  handler.ContextHandler (ContextHandler.java:doStart(781)) - Started o.e.j.w.WebAppContext@133aacbe{/,file:///tmp/jetty-0.0.0.0-37019-hddsDatanode-_-any-292814815402134574.dir/webapp/,AVAILABLE}{/hddsDatanode}
2019-07-14 08:45:29,185 INFO  server.AbstractConnector (AbstractConnector.java:doStart(278)) - Started ServerConnector@2aa5bd48{HTTP/1.1,[http/1.1]}{0.0.0.0:37019}
2019-07-14 08:45:29,186 INFO  server.Server (Server.java:doStart(419)) - Started @6990ms
2019-07-14 08:45:29,187 INFO  server.BaseHttpServer (BaseHttpServer.java:updateConnectorAddress(207)) - HTTP server of HDDSDATANODE is listening at http://0.0.0.0:37019
2019-07-14 08:45:29,326 INFO  ozone.HddsDatanodeService (HddsDatanodeService.java:startPlugins(396)) - Started plug-in org.apache.hadoop.ozone.web.OzoneHddsDatanodeService@733534f9
2019-07-14 08:45:29,327 INFO  impl.MetricsSystemImpl (MetricsSystemImpl.java:init(158)) - HddsDatanode metrics system started (again)
2019-07-14 08:45:29,327 INFO  ozone.HddsDatanodeService (HddsDatanodeService.java:start(185)) - HddsDatanodeService host:trunk-nightly-5z2vd-27108033 ip:192.168.5.191
2019-07-14 08:45:29,329 INFO  util.JvmPauseMonitor (JvmPauseMonitor.java:run(188)) - Starting JVM pause monitor
2019-07-14 08:45:29,331 INFO  datanode.InitDatanodeState (InitDatanodeState.java:persistContainerDatanodeDetails(140)) - DatanodeDetails is persisted to /workdir/hadoop-ozone/integration-test/target/test-dir/MiniOzoneClusterImpl-72c865c2-a6a0-476d-8a66-24bab940d2f6/datanode-6/meta/datanode.id
2019-07-14 08:45:29,338 INFO  volume.HddsVolume (HddsVolume.java:<init>(176)) - Creating Volume: /workdir/hadoop-ozone/integration-test/target/test-dir/MiniOzoneClusterImpl-72c865c2-a6a0-476d-8a66-24bab940d2f6/datanode-7/data/containers/hdds of  storage type : DISK and capacity : 52710309888
2019-07-14 08:45:29,338 INFO  volume.VolumeSet (VolumeSet.java:initializeVolumeSet(170)) - Added Volume : /workdir/hadoop-ozone/integration-test/target/test-dir/MiniOzoneClusterImpl-72c865c2-a6a0-476d-8a66-24bab940d2f6/datanode-7/data/containers/hdds to VolumeSet
2019-07-14 08:45:29,338 INFO  volume.ThrottledAsyncChecker (ThrottledAsyncChecker.java:schedule(140)) - Scheduling a check for org.apache.hadoop.ozone.container.common.volume.HddsVolume@2bfc2f8b
2019-07-14 08:45:29,339 INFO  volume.HddsVolumeChecker (HddsVolumeChecker.java:checkAllVolumes(203)) - Scheduled health check for volume org.apache.hadoop.ozone.container.common.volume.HddsVolume@2bfc2f8b
2019-07-14 08:45:29,354 INFO  impl.RaftServerProxy (ConfUtils.java:logGet(43)) - raft.rpc.type = GRPC (default)
2019-07-14 08:45:29,354 INFO  grpc.GrpcFactory (GrpcFactory.java:checkPooledByteBufAllocatorUseCacheForAllThreads(45)) - PERFORMANCE WARNING: useCacheForAllThreads is true that may cause Netty to create a lot garbage objects and, as a result, trigger GC.
	It is recommended to disable useCacheForAllThreads by setting -Dorg.apache.ratis.thirdparty.io.netty.allocator.useCacheForAllThreads=false in command line.
2019-07-14 08:45:29,354 INFO  grpc.GrpcConfigKeys$Server (ConfUtils.java:logGet(43)) - raft.grpc.server.port = 0 (default)
2019-07-14 08:45:29,354 INFO  server.GrpcService (ConfUtils.java:logGet(43)) - raft.grpc.message.size.max = 33570816 (custom)
2019-07-14 08:45:29,355 INFO  server.RaftServerConfigKeys (ConfUtils.java:logGet(43)) - raft.server.log.appender.buffer.byte-limit = 33554432 (custom)
2019-07-14 08:45:29,355 INFO  server.GrpcService (ConfUtils.java:logGet(43)) - raft.grpc.flow.control.window = 1MB (=1048576) (default)
2019-07-14 08:45:29,355 INFO  server.RaftServerConfigKeys (ConfUtils.java:logGet(43)) - raft.server.rpc.request.timeout = 3000ms (default)
2019-07-14 08:45:29,356 INFO  server.RaftServerConfigKeys (ConfUtils.java:logGet(43)) - raft.server.storage.dir = [/workdir/hadoop-ozone/integration-test/target/test-dir/MiniOzoneClusterImpl-72c865c2-a6a0-476d-8a66-24bab940d2f6/datanode-7/data/ratis] (custom)
2019-07-14 08:45:29,356 INFO  replication.SimpleContainerDownloader (SimpleContainerDownloader.java:<init>(72)) - Starting container downloader service to copy containers to replicate.
2019-07-14 08:45:29,358 INFO  hdfs.DFSUtil (DFSUtil.java:httpServerTemplateForNNAndJN(1641)) - Starting Web-server for hddsDatanode at: http://0.0.0.0:0
2019-07-14 08:45:29,360 INFO  server.AuthenticationFilter (AuthenticationFilter.java:constructSecretProvider(240)) - Unable to initialize FileSignerSecretProvider, falling back to use random secrets.
2019-07-14 08:45:29,360 WARN  http.HttpRequestLog (HttpRequestLog.java:getRequestLog(97)) - Jetty request log can only be enabled using Log4j
2019-07-14 08:45:29,363 INFO  http.HttpServer2 (HttpServer2.java:addGlobalFilter(975)) - Added global filter 'safety' (class=org.apache.hadoop.http.HttpServer2$QuotingInputFilter)
2019-07-14 08:45:29,364 INFO  http.HttpServer2 (HttpServer2.java:addFilter(948)) - Added filter static_user_filter (class=org.apache.hadoop.http.lib.StaticUserWebFilter$StaticUserFilter) to context hddsDatanode
2019-07-14 08:45:29,364 INFO  http.HttpServer2 (HttpServer2.java:addFilter(958)) - Added filter static_user_filter (class=org.apache.hadoop.http.lib.StaticUserWebFilter$StaticUserFilter) to context logs
2019-07-14 08:45:29,364 INFO  http.HttpServer2 (HttpServer2.java:addFilter(958)) - Added filter static_user_filter (class=org.apache.hadoop.http.lib.StaticUserWebFilter$StaticUserFilter) to context static
2019-07-14 08:45:29,365 INFO  http.HttpServer2 (HttpServer2.java:bindListener(1191)) - Jetty bound to port 42962
2019-07-14 08:45:29,365 INFO  server.Server (Server.java:doStart(351)) - jetty-9.3.24.v20180605, build timestamp: 2018-06-05T17:11:56Z, git hash: 84205aa28f11a4f31f2a3b86d1bba2cc8ab69827
2019-07-14 08:45:29,368 INFO  handler.ContextHandler (ContextHandler.java:doStart(781)) - Started o.e.j.s.ServletContextHandler@f18b738{/logs,file:///workdir/hadoop-ozone/integration-test/target/log,AVAILABLE}
2019-07-14 08:45:29,368 INFO  handler.ContextHandler (ContextHandler.java:doStart(781)) - Started o.e.j.s.ServletContextHandler@aca3c85{/static,jar:file:/home/user/.m2/repository/org/apache/hadoop/hadoop-hdds-container-service/0.5.0-SNAPSHOT/hadoop-hdds-container-service-0.5.0-SNAPSHOT.jar!/webapps/static,AVAILABLE}
2019-07-14 08:45:29,410 INFO  handler.ContextHandler (ContextHandler.java:doStart(781)) - Started o.e.j.w.WebAppContext@edb83f8{/,file:///tmp/jetty-0.0.0.0-42962-hddsDatanode-_-any-1199717935647887163.dir/webapp/,AVAILABLE}{/hddsDatanode}
2019-07-14 08:45:29,410 INFO  server.AbstractConnector (AbstractConnector.java:doStart(278)) - Started ServerConnector@8b41ad{HTTP/1.1,[http/1.1]}{0.0.0.0:42962}
2019-07-14 08:45:29,411 INFO  server.Server (Server.java:doStart(419)) - Started @7216ms
2019-07-14 08:45:29,412 INFO  server.BaseHttpServer (BaseHttpServer.java:updateConnectorAddress(207)) - HTTP server of HDDSDATANODE is listening at http://0.0.0.0:42962
2019-07-14 08:45:29,543 INFO  ozone.HddsDatanodeService (HddsDatanodeService.java:startPlugins(396)) - Started plug-in org.apache.hadoop.ozone.web.OzoneHddsDatanodeService@dd737ea
2019-07-14 08:45:29,544 INFO  impl.MetricsSystemImpl (MetricsSystemImpl.java:init(158)) - HddsDatanode metrics system started (again)
2019-07-14 08:45:29,544 INFO  ozone.HddsDatanodeService (HddsDatanodeService.java:start(185)) - HddsDatanodeService host:trunk-nightly-5z2vd-27108033 ip:192.168.5.191
2019-07-14 08:45:29,545 INFO  util.JvmPauseMonitor (JvmPauseMonitor.java:run(188)) - Starting JVM pause monitor
2019-07-14 08:45:29,548 INFO  datanode.InitDatanodeState (InitDatanodeState.java:persistContainerDatanodeDetails(140)) - DatanodeDetails is persisted to /workdir/hadoop-ozone/integration-test/target/test-dir/MiniOzoneClusterImpl-72c865c2-a6a0-476d-8a66-24bab940d2f6/datanode-7/meta/datanode.id
2019-07-14 08:45:29,556 INFO  volume.HddsVolume (HddsVolume.java:<init>(176)) - Creating Volume: /workdir/hadoop-ozone/integration-test/target/test-dir/MiniOzoneClusterImpl-72c865c2-a6a0-476d-8a66-24bab940d2f6/datanode-8/data/containers/hdds of  storage type : DISK and capacity : 52710309888
2019-07-14 08:45:29,557 INFO  volume.VolumeSet (VolumeSet.java:initializeVolumeSet(170)) - Added Volume : /workdir/hadoop-ozone/integration-test/target/test-dir/MiniOzoneClusterImpl-72c865c2-a6a0-476d-8a66-24bab940d2f6/datanode-8/data/containers/hdds to VolumeSet
2019-07-14 08:45:29,557 INFO  volume.ThrottledAsyncChecker (ThrottledAsyncChecker.java:schedule(140)) - Scheduling a check for org.apache.hadoop.ozone.container.common.volume.HddsVolume@464ede1f
2019-07-14 08:45:29,557 INFO  volume.HddsVolumeChecker (HddsVolumeChecker.java:checkAllVolumes(203)) - Scheduled health check for volume org.apache.hadoop.ozone.container.common.volume.HddsVolume@464ede1f
2019-07-14 08:45:29,572 INFO  impl.RaftServerProxy (ConfUtils.java:logGet(43)) - raft.rpc.type = GRPC (default)
2019-07-14 08:45:29,573 INFO  grpc.GrpcFactory (GrpcFactory.java:checkPooledByteBufAllocatorUseCacheForAllThreads(45)) - PERFORMANCE WARNING: useCacheForAllThreads is true that may cause Netty to create a lot garbage objects and, as a result, trigger GC.
	It is recommended to disable useCacheForAllThreads by setting -Dorg.apache.ratis.thirdparty.io.netty.allocator.useCacheForAllThreads=false in command line.
2019-07-14 08:45:29,573 INFO  grpc.GrpcConfigKeys$Server (ConfUtils.java:logGet(43)) - raft.grpc.server.port = 0 (default)
2019-07-14 08:45:29,573 INFO  server.GrpcService (ConfUtils.java:logGet(43)) - raft.grpc.message.size.max = 33570816 (custom)
2019-07-14 08:45:29,573 INFO  server.RaftServerConfigKeys (ConfUtils.java:logGet(43)) - raft.server.log.appender.buffer.byte-limit = 33554432 (custom)
2019-07-14 08:45:29,573 INFO  server.GrpcService (ConfUtils.java:logGet(43)) - raft.grpc.flow.control.window = 1MB (=1048576) (default)
2019-07-14 08:45:29,574 INFO  server.RaftServerConfigKeys (ConfUtils.java:logGet(43)) - raft.server.rpc.request.timeout = 3000ms (default)
2019-07-14 08:45:29,574 INFO  server.RaftServerConfigKeys (ConfUtils.java:logGet(43)) - raft.server.storage.dir = [/workdir/hadoop-ozone/integration-test/target/test-dir/MiniOzoneClusterImpl-72c865c2-a6a0-476d-8a66-24bab940d2f6/datanode-8/data/ratis] (custom)
2019-07-14 08:45:29,575 INFO  replication.SimpleContainerDownloader (SimpleContainerDownloader.java:<init>(72)) - Starting container downloader service to copy containers to replicate.
2019-07-14 08:45:29,576 INFO  hdfs.DFSUtil (DFSUtil.java:httpServerTemplateForNNAndJN(1641)) - Starting Web-server for hddsDatanode at: http://0.0.0.0:0
2019-07-14 08:45:29,577 INFO  server.AuthenticationFilter (AuthenticationFilter.java:constructSecretProvider(240)) - Unable to initialize FileSignerSecretProvider, falling back to use random secrets.
2019-07-14 08:45:29,577 WARN  http.HttpRequestLog (HttpRequestLog.java:getRequestLog(97)) - Jetty request log can only be enabled using Log4j
2019-07-14 08:45:29,578 INFO  http.HttpServer2 (HttpServer2.java:addGlobalFilter(975)) - Added global filter 'safety' (class=org.apache.hadoop.http.HttpServer2$QuotingInputFilter)
2019-07-14 08:45:29,579 INFO  http.HttpServer2 (HttpServer2.java:addFilter(948)) - Added filter static_user_filter (class=org.apache.hadoop.http.lib.StaticUserWebFilter$StaticUserFilter) to context hddsDatanode
2019-07-14 08:45:29,579 INFO  http.HttpServer2 (HttpServer2.java:addFilter(958)) - Added filter static_user_filter (class=org.apache.hadoop.http.lib.StaticUserWebFilter$StaticUserFilter) to context logs
2019-07-14 08:45:29,579 INFO  http.HttpServer2 (HttpServer2.java:addFilter(958)) - Added filter static_user_filter (class=org.apache.hadoop.http.lib.StaticUserWebFilter$StaticUserFilter) to context static
2019-07-14 08:45:29,580 INFO  http.HttpServer2 (HttpServer2.java:bindListener(1191)) - Jetty bound to port 38217
2019-07-14 08:45:29,580 INFO  server.Server (Server.java:doStart(351)) - jetty-9.3.24.v20180605, build timestamp: 2018-06-05T17:11:56Z, git hash: 84205aa28f11a4f31f2a3b86d1bba2cc8ab69827
2019-07-14 08:45:29,582 INFO  handler.ContextHandler (ContextHandler.java:doStart(781)) - Started o.e.j.s.ServletContextHandler@2a1e57c6{/logs,file:///workdir/hadoop-ozone/integration-test/target/log,AVAILABLE}
2019-07-14 08:45:29,582 INFO  handler.ContextHandler (ContextHandler.java:doStart(781)) - Started o.e.j.s.ServletContextHandler@6c96403e{/static,jar:file:/home/user/.m2/repository/org/apache/hadoop/hadoop-hdds-container-service/0.5.0-SNAPSHOT/hadoop-hdds-container-service-0.5.0-SNAPSHOT.jar!/webapps/static,AVAILABLE}
2019-07-14 08:45:29,609 INFO  handler.ContextHandler (ContextHandler.java:doStart(781)) - Started o.e.j.w.WebAppContext@14ed7ddf{/,file:///tmp/jetty-0.0.0.0-38217-hddsDatanode-_-any-955498986815737272.dir/webapp/,AVAILABLE}{/hddsDatanode}
2019-07-14 08:45:29,609 INFO  server.AbstractConnector (AbstractConnector.java:doStart(278)) - Started ServerConnector@892af0e{HTTP/1.1,[http/1.1]}{0.0.0.0:38217}
2019-07-14 08:45:29,611 INFO  server.Server (Server.java:doStart(419)) - Started @7415ms
2019-07-14 08:45:29,611 INFO  server.BaseHttpServer (BaseHttpServer.java:updateConnectorAddress(207)) - HTTP server of HDDSDATANODE is listening at http://0.0.0.0:38217
2019-07-14 08:45:29,728 INFO  ozone.HddsDatanodeService (HddsDatanodeService.java:startPlugins(396)) - Started plug-in org.apache.hadoop.ozone.web.OzoneHddsDatanodeService@3335afcf
2019-07-14 08:45:29,729 INFO  impl.MetricsSystemImpl (MetricsSystemImpl.java:init(158)) - HddsDatanode metrics system started (again)
2019-07-14 08:45:29,729 INFO  ozone.HddsDatanodeService (HddsDatanodeService.java:start(185)) - HddsDatanodeService host:trunk-nightly-5z2vd-27108033 ip:192.168.5.191
2019-07-14 08:45:29,731 INFO  util.JvmPauseMonitor (JvmPauseMonitor.java:run(188)) - Starting JVM pause monitor
2019-07-14 08:45:29,733 INFO  datanode.InitDatanodeState (InitDatanodeState.java:persistContainerDatanodeDetails(140)) - DatanodeDetails is persisted to /workdir/hadoop-ozone/integration-test/target/test-dir/MiniOzoneClusterImpl-72c865c2-a6a0-476d-8a66-24bab940d2f6/datanode-8/meta/datanode.id
2019-07-14 08:45:29,739 INFO  volume.HddsVolume (HddsVolume.java:<init>(176)) - Creating Volume: /workdir/hadoop-ozone/integration-test/target/test-dir/MiniOzoneClusterImpl-72c865c2-a6a0-476d-8a66-24bab940d2f6/datanode-9/data/containers/hdds of  storage type : DISK and capacity : 52710309888
2019-07-14 08:45:29,740 INFO  volume.VolumeSet (VolumeSet.java:initializeVolumeSet(170)) - Added Volume : /workdir/hadoop-ozone/integration-test/target/test-dir/MiniOzoneClusterImpl-72c865c2-a6a0-476d-8a66-24bab940d2f6/datanode-9/data/containers/hdds to VolumeSet
2019-07-14 08:45:29,740 INFO  volume.ThrottledAsyncChecker (ThrottledAsyncChecker.java:schedule(140)) - Scheduling a check for org.apache.hadoop.ozone.container.common.volume.HddsVolume@58e03769
2019-07-14 08:45:29,740 INFO  volume.HddsVolumeChecker (HddsVolumeChecker.java:checkAllVolumes(203)) - Scheduled health check for volume org.apache.hadoop.ozone.container.common.volume.HddsVolume@58e03769
2019-07-14 08:45:29,754 INFO  impl.RaftServerProxy (ConfUtils.java:logGet(43)) - raft.rpc.type = GRPC (default)
2019-07-14 08:45:29,754 INFO  grpc.GrpcFactory (GrpcFactory.java:checkPooledByteBufAllocatorUseCacheForAllThreads(45)) - PERFORMANCE WARNING: useCacheForAllThreads is true that may cause Netty to create a lot garbage objects and, as a result, trigger GC.
	It is recommended to disable useCacheForAllThreads by setting -Dorg.apache.ratis.thirdparty.io.netty.allocator.useCacheForAllThreads=false in command line.
2019-07-14 08:45:29,754 INFO  grpc.GrpcConfigKeys$Server (ConfUtils.java:logGet(43)) - raft.grpc.server.port = 0 (default)
2019-07-14 08:45:29,755 INFO  server.GrpcService (ConfUtils.java:logGet(43)) - raft.grpc.message.size.max = 33570816 (custom)
2019-07-14 08:45:29,755 INFO  server.RaftServerConfigKeys (ConfUtils.java:logGet(43)) - raft.server.log.appender.buffer.byte-limit = 33554432 (custom)
2019-07-14 08:45:29,755 INFO  server.GrpcService (ConfUtils.java:logGet(43)) - raft.grpc.flow.control.window = 1MB (=1048576) (default)
2019-07-14 08:45:29,755 INFO  server.RaftServerConfigKeys (ConfUtils.java:logGet(43)) - raft.server.rpc.request.timeout = 3000ms (default)
2019-07-14 08:45:29,756 INFO  server.RaftServerConfigKeys (ConfUtils.java:logGet(43)) - raft.server.storage.dir = [/workdir/hadoop-ozone/integration-test/target/test-dir/MiniOzoneClusterImpl-72c865c2-a6a0-476d-8a66-24bab940d2f6/datanode-9/data/ratis] (custom)
2019-07-14 08:45:29,756 INFO  replication.SimpleContainerDownloader (SimpleContainerDownloader.java:<init>(72)) - Starting container downloader service to copy containers to replicate.
2019-07-14 08:45:29,757 INFO  hdfs.DFSUtil (DFSUtil.java:httpServerTemplateForNNAndJN(1641)) - Starting Web-server for hddsDatanode at: http://0.0.0.0:0
2019-07-14 08:45:29,758 INFO  server.AuthenticationFilter (AuthenticationFilter.java:constructSecretProvider(240)) - Unable to initialize FileSignerSecretProvider, falling back to use random secrets.
2019-07-14 08:45:29,759 WARN  http.HttpRequestLog (HttpRequestLog.java:getRequestLog(97)) - Jetty request log can only be enabled using Log4j
2019-07-14 08:45:29,760 INFO  http.HttpServer2 (HttpServer2.java:addGlobalFilter(975)) - Added global filter 'safety' (class=org.apache.hadoop.http.HttpServer2$QuotingInputFilter)
2019-07-14 08:45:29,760 INFO  http.HttpServer2 (HttpServer2.java:addFilter(948)) - Added filter static_user_filter (class=org.apache.hadoop.http.lib.StaticUserWebFilter$StaticUserFilter) to context hddsDatanode
2019-07-14 08:45:29,760 INFO  http.HttpServer2 (HttpServer2.java:addFilter(958)) - Added filter static_user_filter (class=org.apache.hadoop.http.lib.StaticUserWebFilter$StaticUserFilter) to context logs
2019-07-14 08:45:29,761 INFO  http.HttpServer2 (HttpServer2.java:addFilter(958)) - Added filter static_user_filter (class=org.apache.hadoop.http.lib.StaticUserWebFilter$StaticUserFilter) to context static
2019-07-14 08:45:29,761 INFO  http.HttpServer2 (HttpServer2.java:bindListener(1191)) - Jetty bound to port 41925
2019-07-14 08:45:29,761 INFO  server.Server (Server.java:doStart(351)) - jetty-9.3.24.v20180605, build timestamp: 2018-06-05T17:11:56Z, git hash: 84205aa28f11a4f31f2a3b86d1bba2cc8ab69827
2019-07-14 08:45:29,763 INFO  handler.ContextHandler (ContextHandler.java:doStart(781)) - Started o.e.j.s.ServletContextHandler@40f9f60d{/logs,file:///workdir/hadoop-ozone/integration-test/target/log,AVAILABLE}
2019-07-14 08:45:29,764 INFO  handler.ContextHandler (ContextHandler.java:doStart(781)) - Started o.e.j.s.ServletContextHandler@628ba266{/static,jar:file:/home/user/.m2/repository/org/apache/hadoop/hadoop-hdds-container-service/0.5.0-SNAPSHOT/hadoop-hdds-container-service-0.5.0-SNAPSHOT.jar!/webapps/static,AVAILABLE}
2019-07-14 08:45:29,790 INFO  handler.ContextHandler (ContextHandler.java:doStart(781)) - Started o.e.j.w.WebAppContext@76af34b5{/,file:///tmp/jetty-0.0.0.0-41925-hddsDatanode-_-any-1372424356998379866.dir/webapp/,AVAILABLE}{/hddsDatanode}
2019-07-14 08:45:29,791 INFO  server.AbstractConnector (AbstractConnector.java:doStart(278)) - Started ServerConnector@3313463c{HTTP/1.1,[http/1.1]}{0.0.0.0:41925}
2019-07-14 08:45:29,792 INFO  server.Server (Server.java:doStart(419)) - Started @7596ms
2019-07-14 08:45:29,793 INFO  server.BaseHttpServer (BaseHttpServer.java:updateConnectorAddress(207)) - HTTP server of HDDSDATANODE is listening at http://0.0.0.0:41925
2019-07-14 08:45:29,900 INFO  ozone.HddsDatanodeService (HddsDatanodeService.java:startPlugins(396)) - Started plug-in org.apache.hadoop.ozone.web.OzoneHddsDatanodeService@297bd171
2019-07-14 08:45:29,902 INFO  ozone.MiniOzoneClusterImpl (MiniOzoneClusterImpl.java:lambda$waitForClusterToBeReady$0(142)) - Waiting for cluster to be ready. Got 0 of 10 DN Heartbeats.
2019-07-14 08:45:29,903 INFO  util.JvmPauseMonitor (JvmPauseMonitor.java:run(188)) - Starting JVM pause monitor
2019-07-14 08:45:29,905 INFO  datanode.InitDatanodeState (InitDatanodeState.java:persistContainerDatanodeDetails(140)) - DatanodeDetails is persisted to /workdir/hadoop-ozone/integration-test/target/test-dir/MiniOzoneClusterImpl-72c865c2-a6a0-476d-8a66-24bab940d2f6/datanode-9/meta/datanode.id
2019-07-14 08:45:29,982 INFO  ozoneimpl.OzoneContainer (OzoneContainer.java:start(186)) - Attempting to start container services.
2019-07-14 08:45:29,982 INFO  ozoneimpl.OzoneContainer (OzoneContainer.java:startContainerScrub(160)) - Background container scrubber has been disabled by hdds.containerscrub.enabled
2019-07-14 08:45:29,982 INFO  ratis.XceiverServerRatis (XceiverServerRatis.java:start(418)) - Starting XceiverServerRatis 69100d08-e085-47c5-a851-8dedd4cd4a80 at port 0
2019-07-14 08:45:30,007 INFO  impl.RaftServerProxy (RaftServerProxy.java:lambda$start$3(299)) - 69100d08-e085-47c5-a851-8dedd4cd4a80: start RPC server
2019-07-14 08:45:30,165 INFO  server.GrpcService (GrpcService.java:startImpl(149)) - 69100d08-e085-47c5-a851-8dedd4cd4a80: GrpcService started, listening on 0.0.0.0/0.0.0.0:38501
2019-07-14 08:45:30,166 INFO  ratis.XceiverServerRatis (XceiverServerRatis.java:start(428)) - XceiverServerRatis 69100d08-e085-47c5-a851-8dedd4cd4a80 is started using port 38501
2019-07-14 08:45:30,169 INFO  server.XceiverServerGrpc (XceiverServerGrpc.java:start(161)) - XceiverServerGrpc 69100d08-e085-47c5-a851-8dedd4cd4a80 is started using port 37295
2019-07-14 08:45:30,208 INFO  ozoneimpl.OzoneContainer (OzoneContainer.java:start(186)) - Attempting to start container services.
2019-07-14 08:45:30,211 INFO  ozoneimpl.OzoneContainer (OzoneContainer.java:startContainerScrub(160)) - Background container scrubber has been disabled by hdds.containerscrub.enabled
2019-07-14 08:45:30,211 INFO  ratis.XceiverServerRatis (XceiverServerRatis.java:start(418)) - Starting XceiverServerRatis 4cd1e0ba-84f2-4e54-b0d6-ca02a3ecddad at port 0
2019-07-14 08:45:30,220 INFO  impl.RaftServerProxy (RaftServerProxy.java:lambda$start$3(299)) - 4cd1e0ba-84f2-4e54-b0d6-ca02a3ecddad: start RPC server
2019-07-14 08:45:30,225 INFO  server.GrpcService (GrpcService.java:startImpl(149)) - 4cd1e0ba-84f2-4e54-b0d6-ca02a3ecddad: GrpcService started, listening on 0.0.0.0/0.0.0.0:37327
2019-07-14 08:45:30,225 INFO  ratis.XceiverServerRatis (XceiverServerRatis.java:start(428)) - XceiverServerRatis 4cd1e0ba-84f2-4e54-b0d6-ca02a3ecddad is started using port 37327
2019-07-14 08:45:30,228 INFO  server.XceiverServerGrpc (XceiverServerGrpc.java:start(161)) - XceiverServerGrpc 4cd1e0ba-84f2-4e54-b0d6-ca02a3ecddad is started using port 44330
2019-07-14 08:45:30,486 INFO  ozoneimpl.OzoneContainer (OzoneContainer.java:start(186)) - Attempting to start container services.
2019-07-14 08:45:30,489 INFO  ozoneimpl.OzoneContainer (OzoneContainer.java:startContainerScrub(160)) - Background container scrubber has been disabled by hdds.containerscrub.enabled
2019-07-14 08:45:30,489 INFO  ratis.XceiverServerRatis (XceiverServerRatis.java:start(418)) - Starting XceiverServerRatis f19009df-2545-41d8-9754-b1757b9c4cf3 at port 0
2019-07-14 08:45:30,497 INFO  impl.RaftServerProxy (RaftServerProxy.java:lambda$start$3(299)) - f19009df-2545-41d8-9754-b1757b9c4cf3: start RPC server
2019-07-14 08:45:30,500 INFO  server.GrpcService (GrpcService.java:startImpl(149)) - f19009df-2545-41d8-9754-b1757b9c4cf3: GrpcService started, listening on 0.0.0.0/0.0.0.0:41484
2019-07-14 08:45:30,501 INFO  ratis.XceiverServerRatis (XceiverServerRatis.java:start(428)) - XceiverServerRatis f19009df-2545-41d8-9754-b1757b9c4cf3 is started using port 41484
2019-07-14 08:45:30,504 INFO  server.XceiverServerGrpc (XceiverServerGrpc.java:start(161)) - XceiverServerGrpc f19009df-2545-41d8-9754-b1757b9c4cf3 is started using port 38862
2019-07-14 08:45:30,698 INFO  ozoneimpl.OzoneContainer (OzoneContainer.java:start(186)) - Attempting to start container services.
2019-07-14 08:45:30,701 INFO  ozoneimpl.OzoneContainer (OzoneContainer.java:startContainerScrub(160)) - Background container scrubber has been disabled by hdds.containerscrub.enabled
2019-07-14 08:45:30,701 INFO  ratis.XceiverServerRatis (XceiverServerRatis.java:start(418)) - Starting XceiverServerRatis 2c54bd76-8fe6-4c13-b273-d744f6dece58 at port 0
2019-07-14 08:45:30,709 INFO  impl.RaftServerProxy (RaftServerProxy.java:lambda$start$3(299)) - 2c54bd76-8fe6-4c13-b273-d744f6dece58: start RPC server
2019-07-14 08:45:30,712 INFO  server.GrpcService (GrpcService.java:startImpl(149)) - 2c54bd76-8fe6-4c13-b273-d744f6dece58: GrpcService started, listening on 0.0.0.0/0.0.0.0:40653
2019-07-14 08:45:30,712 INFO  ratis.XceiverServerRatis (XceiverServerRatis.java:start(428)) - XceiverServerRatis 2c54bd76-8fe6-4c13-b273-d744f6dece58 is started using port 40653
2019-07-14 08:45:30,715 INFO  server.XceiverServerGrpc (XceiverServerGrpc.java:start(161)) - XceiverServerGrpc 2c54bd76-8fe6-4c13-b273-d744f6dece58 is started using port 33439
2019-07-14 08:45:30,871 INFO  ozoneimpl.OzoneContainer (OzoneContainer.java:start(186)) - Attempting to start container services.
2019-07-14 08:45:30,874 INFO  ozoneimpl.OzoneContainer (OzoneContainer.java:startContainerScrub(160)) - Background container scrubber has been disabled by hdds.containerscrub.enabled
2019-07-14 08:45:30,874 INFO  ratis.XceiverServerRatis (XceiverServerRatis.java:start(418)) - Starting XceiverServerRatis ea0dc8f3-e663-4d02-9c60-da7dfa1a2970 at port 0
2019-07-14 08:45:30,882 INFO  impl.RaftServerProxy (RaftServerProxy.java:lambda$start$3(299)) - ea0dc8f3-e663-4d02-9c60-da7dfa1a2970: start RPC server
2019-07-14 08:45:30,886 INFO  server.GrpcService (GrpcService.java:startImpl(149)) - ea0dc8f3-e663-4d02-9c60-da7dfa1a2970: GrpcService started, listening on 0.0.0.0/0.0.0.0:41116
2019-07-14 08:45:30,886 INFO  ratis.XceiverServerRatis (XceiverServerRatis.java:start(428)) - XceiverServerRatis ea0dc8f3-e663-4d02-9c60-da7dfa1a2970 is started using port 41116
2019-07-14 08:45:30,892 INFO  server.XceiverServerGrpc (XceiverServerGrpc.java:start(161)) - XceiverServerGrpc ea0dc8f3-e663-4d02-9c60-da7dfa1a2970 is started using port 39094
2019-07-14 08:45:30,902 INFO  ozone.MiniOzoneClusterImpl (MiniOzoneClusterImpl.java:lambda$waitForClusterToBeReady$0(142)) - Waiting for cluster to be ready. Got 0 of 10 DN Heartbeats.
2019-07-14 08:45:31,060 INFO  ozoneimpl.OzoneContainer (OzoneContainer.java:start(186)) - Attempting to start container services.
2019-07-14 08:45:31,064 INFO  ozoneimpl.OzoneContainer (OzoneContainer.java:startContainerScrub(160)) - Background container scrubber has been disabled by hdds.containerscrub.enabled
2019-07-14 08:45:31,064 INFO  ratis.XceiverServerRatis (XceiverServerRatis.java:start(418)) - Starting XceiverServerRatis 5f9b465d-ad88-480f-951b-ea9c84e207cd at port 0
2019-07-14 08:45:31,072 INFO  impl.RaftServerProxy (RaftServerProxy.java:lambda$start$3(299)) - 5f9b465d-ad88-480f-951b-ea9c84e207cd: start RPC server
2019-07-14 08:45:31,076 INFO  server.GrpcService (GrpcService.java:startImpl(149)) - 5f9b465d-ad88-480f-951b-ea9c84e207cd: GrpcService started, listening on 0.0.0.0/0.0.0.0:43032
2019-07-14 08:45:31,076 INFO  ratis.XceiverServerRatis (XceiverServerRatis.java:start(428)) - XceiverServerRatis 5f9b465d-ad88-480f-951b-ea9c84e207cd is started using port 43032
2019-07-14 08:45:31,080 INFO  server.XceiverServerGrpc (XceiverServerGrpc.java:start(161)) - XceiverServerGrpc 5f9b465d-ad88-480f-951b-ea9c84e207cd is started using port 42070
2019-07-14 08:45:31,339 INFO  ozoneimpl.OzoneContainer (OzoneContainer.java:start(186)) - Attempting to start container services.
2019-07-14 08:45:31,343 INFO  ozoneimpl.OzoneContainer (OzoneContainer.java:startContainerScrub(160)) - Background container scrubber has been disabled by hdds.containerscrub.enabled
2019-07-14 08:45:31,344 INFO  ratis.XceiverServerRatis (XceiverServerRatis.java:start(418)) - Starting XceiverServerRatis 12aa7f86-5f10-495d-8377-e8435df0ec8b at port 0
2019-07-14 08:45:31,351 INFO  impl.RaftServerProxy (RaftServerProxy.java:lambda$start$3(299)) - 12aa7f86-5f10-495d-8377-e8435df0ec8b: start RPC server
2019-07-14 08:45:31,356 INFO  server.GrpcService (GrpcService.java:startImpl(149)) - 12aa7f86-5f10-495d-8377-e8435df0ec8b: GrpcService started, listening on 0.0.0.0/0.0.0.0:44276
2019-07-14 08:45:31,356 INFO  ratis.XceiverServerRatis (XceiverServerRatis.java:start(428)) - XceiverServerRatis 12aa7f86-5f10-495d-8377-e8435df0ec8b is started using port 44276
2019-07-14 08:45:31,362 INFO  server.XceiverServerGrpc (XceiverServerGrpc.java:start(161)) - XceiverServerGrpc 12aa7f86-5f10-495d-8377-e8435df0ec8b is started using port 38213
2019-07-14 08:45:31,557 INFO  ozoneimpl.OzoneContainer (OzoneContainer.java:start(186)) - Attempting to start container services.
2019-07-14 08:45:31,561 INFO  ozoneimpl.OzoneContainer (OzoneContainer.java:startContainerScrub(160)) - Background container scrubber has been disabled by hdds.containerscrub.enabled
2019-07-14 08:45:31,561 INFO  ratis.XceiverServerRatis (XceiverServerRatis.java:start(418)) - Starting XceiverServerRatis 7a29fe3b-a1ed-4531-8744-2d85ce2f79ca at port 0
2019-07-14 08:45:31,570 INFO  impl.RaftServerProxy (RaftServerProxy.java:lambda$start$3(299)) - 7a29fe3b-a1ed-4531-8744-2d85ce2f79ca: start RPC server
2019-07-14 08:45:31,577 INFO  server.GrpcService (GrpcService.java:startImpl(149)) - 7a29fe3b-a1ed-4531-8744-2d85ce2f79ca: GrpcService started, listening on 0.0.0.0/0.0.0.0:44384
2019-07-14 08:45:31,577 INFO  ratis.XceiverServerRatis (XceiverServerRatis.java:start(428)) - XceiverServerRatis 7a29fe3b-a1ed-4531-8744-2d85ce2f79ca is started using port 44384
2019-07-14 08:45:31,583 INFO  server.XceiverServerGrpc (XceiverServerGrpc.java:start(161)) - XceiverServerGrpc 7a29fe3b-a1ed-4531-8744-2d85ce2f79ca is started using port 35035
2019-07-14 08:45:31,748 INFO  ozoneimpl.OzoneContainer (OzoneContainer.java:start(186)) - Attempting to start container services.
2019-07-14 08:45:31,753 INFO  ozoneimpl.OzoneContainer (OzoneContainer.java:startContainerScrub(160)) - Background container scrubber has been disabled by hdds.containerscrub.enabled
2019-07-14 08:45:31,753 INFO  ratis.XceiverServerRatis (XceiverServerRatis.java:start(418)) - Starting XceiverServerRatis 5de80204-70d4-47b4-99d5-fb9a56dcd81c at port 0
2019-07-14 08:45:31,763 INFO  impl.RaftServerProxy (RaftServerProxy.java:lambda$start$3(299)) - 5de80204-70d4-47b4-99d5-fb9a56dcd81c: start RPC server
2019-07-14 08:45:31,778 INFO  server.GrpcService (GrpcService.java:startImpl(149)) - 5de80204-70d4-47b4-99d5-fb9a56dcd81c: GrpcService started, listening on 0.0.0.0/0.0.0.0:46076
2019-07-14 08:45:31,778 INFO  ratis.XceiverServerRatis (XceiverServerRatis.java:start(428)) - XceiverServerRatis 5de80204-70d4-47b4-99d5-fb9a56dcd81c is started using port 46076
2019-07-14 08:45:31,783 INFO  server.XceiverServerGrpc (XceiverServerGrpc.java:start(161)) - XceiverServerGrpc 5de80204-70d4-47b4-99d5-fb9a56dcd81c is started using port 33546
2019-07-14 08:45:31,903 INFO  ozone.MiniOzoneClusterImpl (MiniOzoneClusterImpl.java:lambda$waitForClusterToBeReady$0(142)) - Waiting for cluster to be ready. Got 0 of 10 DN Heartbeats.
2019-07-14 08:45:31,912 INFO  ozoneimpl.OzoneContainer (OzoneContainer.java:start(186)) - Attempting to start container services.
2019-07-14 08:45:31,917 INFO  ozoneimpl.OzoneContainer (OzoneContainer.java:startContainerScrub(160)) - Background container scrubber has been disabled by hdds.containerscrub.enabled
2019-07-14 08:45:31,918 INFO  ratis.XceiverServerRatis (XceiverServerRatis.java:start(418)) - Starting XceiverServerRatis e4873b1b-62a6-4d29-aa3a-7b679fe7112a at port 0
2019-07-14 08:45:31,927 INFO  impl.RaftServerProxy (RaftServerProxy.java:lambda$start$3(299)) - e4873b1b-62a6-4d29-aa3a-7b679fe7112a: start RPC server
2019-07-14 08:45:31,933 INFO  server.GrpcService (GrpcService.java:startImpl(149)) - e4873b1b-62a6-4d29-aa3a-7b679fe7112a: GrpcService started, listening on 0.0.0.0/0.0.0.0:36972
2019-07-14 08:45:31,934 INFO  ratis.XceiverServerRatis (XceiverServerRatis.java:start(428)) - XceiverServerRatis e4873b1b-62a6-4d29-aa3a-7b679fe7112a is started using port 36972
2019-07-14 08:45:31,959 INFO  server.XceiverServerGrpc (XceiverServerGrpc.java:start(161)) - XceiverServerGrpc e4873b1b-62a6-4d29-aa3a-7b679fe7112a is started using port 46022
2019-07-14 08:45:32,007 INFO  net.NetworkTopology (NetworkTopologyImpl.java:add(110)) - Added a new node: /default-rack/192.168.5.191
2019-07-14 08:45:32,008 INFO  node.SCMNodeManager (SCMNodeManager.java:register(269)) - Registered Data node : 69100d08-e085-47c5-a851-8dedd4cd4a80{ip: 192.168.5.191, host: trunk-nightly-5z2vd-27108033, networkLocation: /default-rack, certSerialId: null}
2019-07-14 08:45:32,015 INFO  safemode.SCMSafeModeManager (DataNodeSafeModeRule.java:process(71)) - SCM in safe mode. 1 DataNodes registered, 1 required.
2019-07-14 08:45:32,015 INFO  safemode.SCMSafeModeManager (SCMSafeModeManager.java:validateSafeModeExitRules(177)) - ScmSafeModeManager, all rules are successfully validated
2019-07-14 08:45:32,015 INFO  safemode.SCMSafeModeManager (SCMSafeModeManager.java:exitSafeMode(193)) - SCM exiting safe mode.
2019-07-14 08:45:32,197 INFO  node.SCMNodeManager (SCMNodeManager.java:register(269)) - Registered Data node : 4cd1e0ba-84f2-4e54-b0d6-ca02a3ecddad{ip: 192.168.5.191, host: trunk-nightly-5z2vd-27108033, networkLocation: /default-rack, certSerialId: null}
2019-07-14 08:45:32,491 INFO  node.SCMNodeManager (SCMNodeManager.java:register(269)) - Registered Data node : f19009df-2545-41d8-9754-b1757b9c4cf3{ip: 192.168.5.191, host: trunk-nightly-5z2vd-27108033, networkLocation: /default-rack, certSerialId: null}
2019-07-14 08:45:32,985 INFO  ozone.MiniOzoneClusterImpl (MiniOzoneClusterImpl.java:lambda$waitForClusterToBeReady$0(142)) - Waiting for cluster to be ready. Got 3 of 10 DN Heartbeats.
2019-07-14 08:45:33,031 INFO  node.SCMNodeManager (SCMNodeManager.java:register(269)) - Registered Data node : ea0dc8f3-e663-4d02-9c60-da7dfa1a2970{ip: 192.168.5.191, host: trunk-nightly-5z2vd-27108033, networkLocation: /default-rack, certSerialId: null}
2019-07-14 08:45:33,032 INFO  node.SCMNodeManager (SCMNodeManager.java:register(269)) - Registered Data node : 2c54bd76-8fe6-4c13-b273-d744f6dece58{ip: 192.168.5.191, host: trunk-nightly-5z2vd-27108033, networkLocation: /default-rack, certSerialId: null}
2019-07-14 08:45:33,065 INFO  node.SCMNodeManager (SCMNodeManager.java:register(269)) - Registered Data node : 5f9b465d-ad88-480f-951b-ea9c84e207cd{ip: 192.168.5.191, host: trunk-nightly-5z2vd-27108033, networkLocation: /default-rack, certSerialId: null}
2019-07-14 08:45:33,159 INFO  impl.RaftServerProxy (RaftServerProxy.java:addNew(89)) - 69100d08-e085-47c5-a851-8dedd4cd4a80: addNew group-C4E34AA622EB:[69100d08-e085-47c5-a851-8dedd4cd4a80:192.168.5.191:38501] returns group-C4E34AA622EB:java.util.concurrent.CompletableFuture@535e661b[Not completed]
2019-07-14 08:45:33,187 INFO  impl.RaftServerImpl (RaftServerImpl.java:<init>(93)) - 69100d08-e085-47c5-a851-8dedd4cd4a80: new RaftServerImpl for group-C4E34AA622EB:[69100d08-e085-47c5-a851-8dedd4cd4a80:192.168.5.191:38501] with ContainerStateMachine:uninitialized
2019-07-14 08:45:33,191 INFO  server.RaftServerConfigKeys (ConfUtils.java:logGet(43)) - raft.server.rpc.timeout.min = 5s (custom)
2019-07-14 08:45:33,193 INFO  server.RaftServerConfigKeys (ConfUtils.java:logGet(43)) - raft.server.rpc.timeout.max = 5200ms (custom)
2019-07-14 08:45:33,194 INFO  server.RaftServerConfigKeys (ConfUtils.java:logGet(43)) - raft.server.rpcslowness.timeout = 120s (custom)
2019-07-14 08:45:33,195 INFO  server.RaftServerConfigKeys (ConfUtils.java:logGet(43)) - raft.server.sleep.deviation.threshold = 300 (default)
2019-07-14 08:45:33,196 INFO  server.RaftServerConfigKeys (ConfUtils.java:logGet(43)) - raft.server.log.appender.install.snapshot.enabled = false (custom)
2019-07-14 08:45:33,204 INFO  impl.RaftServerImpl (ServerState.java:<init>(105)) - 69100d08-e085-47c5-a851-8dedd4cd4a80:group-C4E34AA622EB ConfigurationManager, init=-1: [69100d08-e085-47c5-a851-8dedd4cd4a80:192.168.5.191:38501], old=null, confs=<EMPTY_MAP>
2019-07-14 08:45:33,205 INFO  server.RaftServerConfigKeys (ConfUtils.java:logGet(43)) - raft.server.storage.dir = [/workdir/hadoop-ozone/integration-test/target/test-dir/MiniOzoneClusterImpl-72c865c2-a6a0-476d-8a66-24bab940d2f6/datanode-0/data/ratis] (custom)
2019-07-14 08:45:33,213 INFO  storage.RaftStorageDirectory (RaftStorageDirectory.java:analyzeStorage(246)) - The storage directory /workdir/hadoop-ozone/integration-test/target/test-dir/MiniOzoneClusterImpl-72c865c2-a6a0-476d-8a66-24bab940d2f6/datanode-0/data/ratis/5c9ac010-8da0-4a21-99aa-c4e34aa622eb does not exist. Creating ...
2019-07-14 08:45:33,231 INFO  storage.RaftStorageDirectory (RaftStorageDirectory.java:tryLock(328)) - Lock on /workdir/hadoop-ozone/integration-test/target/test-dir/MiniOzoneClusterImpl-72c865c2-a6a0-476d-8a66-24bab940d2f6/datanode-0/data/ratis/5c9ac010-8da0-4a21-99aa-c4e34aa622eb/in_use.lock acquired by nodename 25207@trunk-nightly-5z2vd-27108033
2019-07-14 08:45:33,246 INFO  storage.RaftStorage (RaftStorage.java:format(72)) - Storage directory /workdir/hadoop-ozone/integration-test/target/test-dir/MiniOzoneClusterImpl-72c865c2-a6a0-476d-8a66-24bab940d2f6/datanode-0/data/ratis/5c9ac010-8da0-4a21-99aa-c4e34aa622eb has been successfully formatted.
2019-07-14 08:45:33,248 INFO  ratis.ContainerStateMachine (ContainerStateMachine.java:loadSnapshot(200)) - group-C4E34AA622EB: The snapshot info is null. Setting the last applied indexto:(t:0, i:~)
2019-07-14 08:45:33,249 INFO  server.RaftServerConfigKeys (ConfUtils.java:logGet(43)) - raft.server.leader.election.timeout = 120s (custom)
2019-07-14 08:45:33,251 INFO  server.RaftServerConfigKeys (ConfUtils.java:logGet(43)) - raft.server.log.use.memory = false (default)
2019-07-14 08:45:33,257 INFO  server.RaftServerConfigKeys (ConfUtils.java:logGet(43)) - raft.server.log.purge.gap = 1000000000 (custom)
2019-07-14 08:45:33,257 INFO  server.RaftServerConfigKeys (ConfUtils.java:logGet(43)) - raft.server.log.appender.buffer.byte-limit = 33554432 (custom)
2019-07-14 08:45:33,259 INFO  server.RaftServerConfigKeys (ConfUtils.java:logGet(43)) - raft.server.log.segment.size.max = 1048576 (custom)
2019-07-14 08:45:33,264 INFO  server.RaftServerConfigKeys (ConfUtils.java:logGet(43)) - raft.server.log.segment.cache.num.max = 2 (custom)
2019-07-14 08:45:33,269 INFO  segmented.SegmentedRaftLogWorker (SegmentedRaftLogWorker.java:<init>(172)) - new 69100d08-e085-47c5-a851-8dedd4cd4a80-SegmentedRaftLogWorker:Storage Directory /workdir/hadoop-ozone/integration-test/target/test-dir/MiniOzoneClusterImpl-72c865c2-a6a0-476d-8a66-24bab940d2f6/datanode-0/data/ratis/5c9ac010-8da0-4a21-99aa-c4e34aa622eb for RaftStorage:Storage Directory /workdir/hadoop-ozone/integration-test/target/test-dir/MiniOzoneClusterImpl-72c865c2-a6a0-476d-8a66-24bab940d2f6/datanode-0/data/ratis/5c9ac010-8da0-4a21-99aa-c4e34aa622eb
2019-07-14 08:45:33,281 INFO  server.RaftServerConfigKeys (ConfUtils.java:logGet(43)) - raft.server.log.queue.byte-limit = 2147483647 (custom)
2019-07-14 08:45:33,282 INFO  server.RaftServerConfigKeys (ConfUtils.java:logGet(43)) - raft.server.log.queue.element-limit = 1024 (custom)
2019-07-14 08:45:33,287 INFO  server.RaftServerConfigKeys (ConfUtils.java:logGet(43)) - raft.server.log.segment.size.max = 1048576 (custom)
2019-07-14 08:45:33,287 INFO  server.RaftServerConfigKeys (ConfUtils.java:logGet(43)) - raft.server.log.preallocated.size = 16384 (custom)
2019-07-14 08:45:33,288 INFO  server.RaftServerConfigKeys (ConfUtils.java:logGet(43)) - raft.server.log.write.buffer.size = 33554432 (custom)
2019-07-14 08:45:33,288 INFO  server.RaftServerConfigKeys (ConfUtils.java:logGet(43)) - raft.server.log.force.sync.num = 128 (default)
2019-07-14 08:45:33,289 INFO  server.RaftServerConfigKeys (ConfUtils.java:logGet(43)) - raft.server.log.statemachine.data.sync = true (default)
2019-07-14 08:45:33,289 INFO  server.RaftServerConfigKeys (ConfUtils.java:logGet(43)) - raft.server.log.statemachine.data.sync.timeout = 10s (default)
2019-07-14 08:45:33,290 INFO  server.RaftServerConfigKeys (ConfUtils.java:logGet(43)) - raft.server.log.statemachine.data.sync.timeout.retry = -1 (default)
2019-07-14 08:45:33,298 INFO  server.RaftServerConfigKeys (ConfUtils.java:logGet(43)) - raft.server.log.statemachine.data.caching.enabled = true (custom)
2019-07-14 08:45:33,302 INFO  segmented.SegmentedRaftLogWorker (SegmentedRaftLogWorker.java:lambda$new$0(132)) - 69100d08-e085-47c5-a851-8dedd4cd4a80-SegmentedRaftLogWorker:Storage Directory /workdir/hadoop-ozone/integration-test/target/test-dir/MiniOzoneClusterImpl-72c865c2-a6a0-476d-8a66-24bab940d2f6/datanode-0/data/ratis/5c9ac010-8da0-4a21-99aa-c4e34aa622eb: flushIndex: setUnconditionally 0 -> -1
2019-07-14 08:45:33,306 INFO  server.RaftServerConfigKeys (ConfUtils.java:logGet(43)) - raft.server.snapshot.auto.trigger.enabled = true (custom)
2019-07-14 08:45:33,307 INFO  server.RaftServerConfigKeys (ConfUtils.java:logGet(43)) - raft.server.snapshot.auto.trigger.threshold = 10000 (custom)
2019-07-14 08:45:33,307 INFO  server.RaftServerConfigKeys (ConfUtils.java:logGet(43)) - raft.server.retrycache.expirytime = 600000ms (custom)
2019-07-14 08:45:33,326 INFO  impl.RaftServerImpl (RaftServerImpl.java:start(180)) - 69100d08-e085-47c5-a851-8dedd4cd4a80: start group-C4E34AA622EB
2019-07-14 08:45:33,327 INFO  impl.RaftServerImpl (RaftServerImpl.java:setRole(171)) - 69100d08-e085-47c5-a851-8dedd4cd4a80:group-C4E34AA622EB changes role from null to FOLLOWER at term 0 for startAsFollower
2019-07-14 08:45:33,328 INFO  impl.RoleInfo (RoleInfo.java:updateAndGet(143)) - 69100d08-e085-47c5-a851-8dedd4cd4a80: start FollowerState
2019-07-14 08:45:33,333 INFO  util.JmxRegister (JmxRegister.java:tryRegister(44)) - Successfully registered JMX Bean with object name Ratis:service=RaftServer,group=group-C4E34AA622EB,id=69100d08-e085-47c5-a851-8dedd4cd4a80
2019-07-14 08:45:33,334 INFO  node.SCMNodeManager (SCMNodeManager.java:register(269)) - Registered Data node : 12aa7f86-5f10-495d-8377-e8435df0ec8b{ip: 192.168.5.191, host: trunk-nightly-5z2vd-27108033, networkLocation: /default-rack, certSerialId: null}
2019-07-14 08:45:33,400 INFO  pipeline.PipelineStateManager (PipelineStateManager.java:addPipeline(56)) - Created pipeline Pipeline[ Id: 5c9ac010-8da0-4a21-99aa-c4e34aa622eb, Nodes: 69100d08-e085-47c5-a851-8dedd4cd4a80{ip: 192.168.5.191, host: trunk-nightly-5z2vd-27108033, networkLocation: /default-rack, certSerialId: null}, Type:RATIS, Factor:ONE, State:OPEN]
2019-07-14 08:45:33,425 INFO  impl.RaftServerProxy (RaftServerProxy.java:addNew(89)) - 2c54bd76-8fe6-4c13-b273-d744f6dece58: addNew group-193DD0BA0CBF:[2c54bd76-8fe6-4c13-b273-d744f6dece58:192.168.5.191:40653] returns group-193DD0BA0CBF:java.util.concurrent.CompletableFuture@420d16fe[Not completed]
2019-07-14 08:45:33,486 INFO  impl.RaftServerImpl (RaftServerImpl.java:<init>(93)) - 2c54bd76-8fe6-4c13-b273-d744f6dece58: new RaftServerImpl for group-193DD0BA0CBF:[2c54bd76-8fe6-4c13-b273-d744f6dece58:192.168.5.191:40653] with ContainerStateMachine:uninitialized
2019-07-14 08:45:33,492 INFO  server.RaftServerConfigKeys (ConfUtils.java:logGet(43)) - raft.server.rpc.timeout.min = 5s (custom)
2019-07-14 08:45:33,493 INFO  server.RaftServerConfigKeys (ConfUtils.java:logGet(43)) - raft.server.rpc.timeout.max = 5200ms (custom)
2019-07-14 08:45:33,493 INFO  server.RaftServerConfigKeys (ConfUtils.java:logGet(43)) - raft.server.rpcslowness.timeout = 120s (custom)
2019-07-14 08:45:33,493 INFO  server.RaftServerConfigKeys (ConfUtils.java:logGet(43)) - raft.server.sleep.deviation.threshold = 300 (default)
2019-07-14 08:45:33,493 INFO  server.RaftServerConfigKeys (ConfUtils.java:logGet(43)) - raft.server.log.appender.install.snapshot.enabled = false (custom)
2019-07-14 08:45:33,493 INFO  impl.RaftServerImpl (ServerState.java:<init>(105)) - 2c54bd76-8fe6-4c13-b273-d744f6dece58:group-193DD0BA0CBF ConfigurationManager, init=-1: [2c54bd76-8fe6-4c13-b273-d744f6dece58:192.168.5.191:40653], old=null, confs=<EMPTY_MAP>
2019-07-14 08:45:33,494 INFO  server.RaftServerConfigKeys (ConfUtils.java:logGet(43)) - raft.server.storage.dir = [/workdir/hadoop-ozone/integration-test/target/test-dir/MiniOzoneClusterImpl-72c865c2-a6a0-476d-8a66-24bab940d2f6/datanode-3/data/ratis] (custom)
2019-07-14 08:45:33,494 INFO  storage.RaftStorageDirectory (RaftStorageDirectory.java:analyzeStorage(246)) - The storage directory /workdir/hadoop-ozone/integration-test/target/test-dir/MiniOzoneClusterImpl-72c865c2-a6a0-476d-8a66-24bab940d2f6/datanode-3/data/ratis/d6414283-152b-4955-89f1-193dd0ba0cbf does not exist. Creating ...
2019-07-14 08:45:33,521 INFO  storage.RaftStorageDirectory (RaftStorageDirectory.java:tryLock(328)) - Lock on /workdir/hadoop-ozone/integration-test/target/test-dir/MiniOzoneClusterImpl-72c865c2-a6a0-476d-8a66-24bab940d2f6/datanode-3/data/ratis/d6414283-152b-4955-89f1-193dd0ba0cbf/in_use.lock acquired by nodename 25207@trunk-nightly-5z2vd-27108033
2019-07-14 08:45:33,525 INFO  storage.RaftStorage (RaftStorage.java:format(72)) - Storage directory /workdir/hadoop-ozone/integration-test/target/test-dir/MiniOzoneClusterImpl-72c865c2-a6a0-476d-8a66-24bab940d2f6/datanode-3/data/ratis/d6414283-152b-4955-89f1-193dd0ba0cbf has been successfully formatted.
2019-07-14 08:45:33,527 INFO  ratis.ContainerStateMachine (ContainerStateMachine.java:loadSnapshot(200)) - group-193DD0BA0CBF: The snapshot info is null. Setting the last applied indexto:(t:0, i:~)
2019-07-14 08:45:33,530 INFO  server.RaftServerConfigKeys (ConfUtils.java:logGet(43)) - raft.server.leader.election.timeout = 120s (custom)
2019-07-14 08:45:33,530 INFO  server.RaftServerConfigKeys (ConfUtils.java:logGet(43)) - raft.server.log.use.memory = false (default)
2019-07-14 08:45:33,530 INFO  server.RaftServerConfigKeys (ConfUtils.java:logGet(43)) - raft.server.log.purge.gap = 1000000000 (custom)
2019-07-14 08:45:33,530 INFO  server.RaftServerConfigKeys (ConfUtils.java:logGet(43)) - raft.server.log.appender.buffer.byte-limit = 33554432 (custom)
2019-07-14 08:45:33,531 INFO  server.RaftServerConfigKeys (ConfUtils.java:logGet(43)) - raft.server.log.segment.size.max = 1048576 (custom)
2019-07-14 08:45:33,531 INFO  server.RaftServerConfigKeys (ConfUtils.java:logGet(43)) - raft.server.log.segment.cache.num.max = 2 (custom)
2019-07-14 08:45:33,531 INFO  segmented.SegmentedRaftLogWorker (SegmentedRaftLogWorker.java:<init>(172)) - new 2c54bd76-8fe6-4c13-b273-d744f6dece58-SegmentedRaftLogWorker:Storage Directory /workdir/hadoop-ozone/integration-test/target/test-dir/MiniOzoneClusterImpl-72c865c2-a6a0-476d-8a66-24bab940d2f6/datanode-3/data/ratis/d6414283-152b-4955-89f1-193dd0ba0cbf for RaftStorage:Storage Directory /workdir/hadoop-ozone/integration-test/target/test-dir/MiniOzoneClusterImpl-72c865c2-a6a0-476d-8a66-24bab940d2f6/datanode-3/data/ratis/d6414283-152b-4955-89f1-193dd0ba0cbf
2019-07-14 08:45:33,534 INFO  server.RaftServerConfigKeys (ConfUtils.java:logGet(43)) - raft.server.log.queue.byte-limit = 2147483647 (custom)
2019-07-14 08:45:33,534 INFO  server.RaftServerConfigKeys (ConfUtils.java:logGet(43)) - raft.server.log.queue.element-limit = 1024 (custom)
2019-07-14 08:45:33,534 INFO  server.RaftServerConfigKeys (ConfUtils.java:logGet(43)) - raft.server.log.segment.size.max = 1048576 (custom)
2019-07-14 08:45:33,534 INFO  server.RaftServerConfigKeys (ConfUtils.java:logGet(43)) - raft.server.log.preallocated.size = 16384 (custom)
2019-07-14 08:45:33,535 INFO  server.RaftServerConfigKeys (ConfUtils.java:logGet(43)) - raft.server.log.write.buffer.size = 33554432 (custom)
2019-07-14 08:45:33,535 INFO  server.RaftServerConfigKeys (ConfUtils.java:logGet(43)) - raft.server.log.force.sync.num = 128 (default)
2019-07-14 08:45:33,535 INFO  server.RaftServerConfigKeys (ConfUtils.java:logGet(43)) - raft.server.log.statemachine.data.sync = true (default)
2019-07-14 08:45:33,535 INFO  server.RaftServerConfigKeys (ConfUtils.java:logGet(43)) - raft.server.log.statemachine.data.sync.timeout = 10s (default)
2019-07-14 08:45:33,535 INFO  server.RaftServerConfigKeys (ConfUtils.java:logGet(43)) - raft.server.log.statemachine.data.sync.timeout.retry = -1 (default)
2019-07-14 08:45:33,536 INFO  server.RaftServerConfigKeys (ConfUtils.java:logGet(43)) - raft.server.log.statemachine.data.caching.enabled = true (custom)
2019-07-14 08:45:33,536 INFO  segmented.SegmentedRaftLogWorker (SegmentedRaftLogWorker.java:lambda$new$0(132)) - 2c54bd76-8fe6-4c13-b273-d744f6dece58-SegmentedRaftLogWorker:Storage Directory /workdir/hadoop-ozone/integration-test/target/test-dir/MiniOzoneClusterImpl-72c865c2-a6a0-476d-8a66-24bab940d2f6/datanode-3/data/ratis/d6414283-152b-4955-89f1-193dd0ba0cbf: flushIndex: setUnconditionally 0 -> -1
2019-07-14 08:45:33,537 INFO  server.RaftServerConfigKeys (ConfUtils.java:logGet(43)) - raft.server.snapshot.auto.trigger.enabled = true (custom)
2019-07-14 08:45:33,537 INFO  server.RaftServerConfigKeys (ConfUtils.java:logGet(43)) - raft.server.snapshot.auto.trigger.threshold = 10000 (custom)
2019-07-14 08:45:33,537 INFO  server.RaftServerConfigKeys (ConfUtils.java:logGet(43)) - raft.server.retrycache.expirytime = 600000ms (custom)
2019-07-14 08:45:33,537 INFO  impl.RaftServerImpl (RaftServerImpl.java:start(180)) - 2c54bd76-8fe6-4c13-b273-d744f6dece58: start group-193DD0BA0CBF
2019-07-14 08:45:33,538 INFO  impl.RaftServerImpl (RaftServerImpl.java:setRole(171)) - 2c54bd76-8fe6-4c13-b273-d744f6dece58:group-193DD0BA0CBF changes role from null to FOLLOWER at term 0 for startAsFollower
2019-07-14 08:45:33,538 INFO  impl.RoleInfo (RoleInfo.java:updateAndGet(143)) - 2c54bd76-8fe6-4c13-b273-d744f6dece58: start FollowerState
2019-07-14 08:45:33,541 INFO  util.JmxRegister (JmxRegister.java:tryRegister(44)) - Successfully registered JMX Bean with object name Ratis:service=RaftServer,group=group-193DD0BA0CBF,id=2c54bd76-8fe6-4c13-b273-d744f6dece58
2019-07-14 08:45:33,551 INFO  node.SCMNodeManager (SCMNodeManager.java:register(269)) - Registered Data node : 7a29fe3b-a1ed-4531-8744-2d85ce2f79ca{ip: 192.168.5.191, host: trunk-nightly-5z2vd-27108033, networkLocation: /default-rack, certSerialId: null}
2019-07-14 08:45:33,566 INFO  pipeline.PipelineStateManager (PipelineStateManager.java:addPipeline(56)) - Created pipeline Pipeline[ Id: d6414283-152b-4955-89f1-193dd0ba0cbf, Nodes: 2c54bd76-8fe6-4c13-b273-d744f6dece58{ip: 192.168.5.191, host: trunk-nightly-5z2vd-27108033, networkLocation: /default-rack, certSerialId: null}, Type:RATIS, Factor:ONE, State:OPEN]
2019-07-14 08:45:33,591 INFO  impl.RaftServerProxy (RaftServerProxy.java:addNew(89)) - 4cd1e0ba-84f2-4e54-b0d6-ca02a3ecddad: addNew group-4134CF2822DA:[4cd1e0ba-84f2-4e54-b0d6-ca02a3ecddad:192.168.5.191:37327] returns group-4134CF2822DA:java.util.concurrent.CompletableFuture@41cb813b[Not completed]
2019-07-14 08:45:33,604 INFO  impl.RaftServerImpl (RaftServerImpl.java:<init>(93)) - 4cd1e0ba-84f2-4e54-b0d6-ca02a3ecddad: new RaftServerImpl for group-4134CF2822DA:[4cd1e0ba-84f2-4e54-b0d6-ca02a3ecddad:192.168.5.191:37327] with ContainerStateMachine:uninitialized
2019-07-14 08:45:33,604 INFO  server.RaftServerConfigKeys (ConfUtils.java:logGet(43)) - raft.server.rpc.timeout.min = 5s (custom)
2019-07-14 08:45:33,605 INFO  server.RaftServerConfigKeys (ConfUtils.java:logGet(43)) - raft.server.rpc.timeout.max = 5200ms (custom)
2019-07-14 08:45:33,605 INFO  server.RaftServerConfigKeys (ConfUtils.java:logGet(43)) - raft.server.rpcslowness.timeout = 120s (custom)
2019-07-14 08:45:33,605 INFO  server.RaftServerConfigKeys (ConfUtils.java:logGet(43)) - raft.server.sleep.deviation.threshold = 300 (default)
2019-07-14 08:45:33,605 INFO  server.RaftServerConfigKeys (ConfUtils.java:logGet(43)) - raft.server.log.appender.install.snapshot.enabled = false (custom)
2019-07-14 08:45:33,605 INFO  impl.RaftServerImpl (ServerState.java:<init>(105)) - 4cd1e0ba-84f2-4e54-b0d6-ca02a3ecddad:group-4134CF2822DA ConfigurationManager, init=-1: [4cd1e0ba-84f2-4e54-b0d6-ca02a3ecddad:192.168.5.191:37327], old=null, confs=<EMPTY_MAP>
2019-07-14 08:45:33,605 INFO  server.RaftServerConfigKeys (ConfUtils.java:logGet(43)) - raft.server.storage.dir = [/workdir/hadoop-ozone/integration-test/target/test-dir/MiniOzoneClusterImpl-72c865c2-a6a0-476d-8a66-24bab940d2f6/datanode-1/data/ratis] (custom)
2019-07-14 08:45:33,606 INFO  storage.RaftStorageDirectory (RaftStorageDirectory.java:analyzeStorage(246)) - The storage directory /workdir/hadoop-ozone/integration-test/target/test-dir/MiniOzoneClusterImpl-72c865c2-a6a0-476d-8a66-24bab940d2f6/datanode-1/data/ratis/cb8084fd-9e53-4446-84ae-4134cf2822da does not exist. Creating ...
2019-07-14 08:45:33,610 INFO  storage.RaftStorageDirectory (RaftStorageDirectory.java:tryLock(328)) - Lock on /workdir/hadoop-ozone/integration-test/target/test-dir/MiniOzoneClusterImpl-72c865c2-a6a0-476d-8a66-24bab940d2f6/datanode-1/data/ratis/cb8084fd-9e53-4446-84ae-4134cf2822da/in_use.lock acquired by nodename 25207@trunk-nightly-5z2vd-27108033
2019-07-14 08:45:33,614 INFO  storage.RaftStorage (RaftStorage.java:format(72)) - Storage directory /workdir/hadoop-ozone/integration-test/target/test-dir/MiniOzoneClusterImpl-72c865c2-a6a0-476d-8a66-24bab940d2f6/datanode-1/data/ratis/cb8084fd-9e53-4446-84ae-4134cf2822da has been successfully formatted.
2019-07-14 08:45:33,615 INFO  ratis.ContainerStateMachine (ContainerStateMachine.java:loadSnapshot(200)) - group-4134CF2822DA: The snapshot info is null. Setting the last applied indexto:(t:0, i:~)
2019-07-14 08:45:33,615 INFO  server.RaftServerConfigKeys (ConfUtils.java:logGet(43)) - raft.server.leader.election.timeout = 120s (custom)
2019-07-14 08:45:33,615 INFO  server.RaftServerConfigKeys (ConfUtils.java:logGet(43)) - raft.server.log.use.memory = false (default)
2019-07-14 08:45:33,615 INFO  server.RaftServerConfigKeys (ConfUtils.java:logGet(43)) - raft.server.log.purge.gap = 1000000000 (custom)
2019-07-14 08:45:33,615 INFO  server.RaftServerConfigKeys (ConfUtils.java:logGet(43)) - raft.server.log.appender.buffer.byte-limit = 33554432 (custom)
2019-07-14 08:45:33,616 INFO  server.RaftServerConfigKeys (ConfUtils.java:logGet(43)) - raft.server.log.segment.size.max = 1048576 (custom)
2019-07-14 08:45:33,616 INFO  server.RaftServerConfigKeys (ConfUtils.java:logGet(43)) - raft.server.log.segment.cache.num.max = 2 (custom)
2019-07-14 08:45:33,616 INFO  segmented.SegmentedRaftLogWorker (SegmentedRaftLogWorker.java:<init>(172)) - new 4cd1e0ba-84f2-4e54-b0d6-ca02a3ecddad-SegmentedRaftLogWorker:Storage Directory /workdir/hadoop-ozone/integration-test/target/test-dir/MiniOzoneClusterImpl-72c865c2-a6a0-476d-8a66-24bab940d2f6/datanode-1/data/ratis/cb8084fd-9e53-4446-84ae-4134cf2822da for RaftStorage:Storage Directory /workdir/hadoop-ozone/integration-test/target/test-dir/MiniOzoneClusterImpl-72c865c2-a6a0-476d-8a66-24bab940d2f6/datanode-1/data/ratis/cb8084fd-9e53-4446-84ae-4134cf2822da
2019-07-14 08:45:33,616 INFO  server.RaftServerConfigKeys (ConfUtils.java:logGet(43)) - raft.server.log.queue.byte-limit = 2147483647 (custom)
2019-07-14 08:45:33,616 INFO  server.RaftServerConfigKeys (ConfUtils.java:logGet(43)) - raft.server.log.queue.element-limit = 1024 (custom)
2019-07-14 08:45:33,617 INFO  server.RaftServerConfigKeys (ConfUtils.java:logGet(43)) - raft.server.log.segment.size.max = 1048576 (custom)
2019-07-14 08:45:33,617 INFO  server.RaftServerConfigKeys (ConfUtils.java:logGet(43)) - raft.server.log.preallocated.size = 16384 (custom)
2019-07-14 08:45:33,617 INFO  server.RaftServerConfigKeys (ConfUtils.java:logGet(43)) - raft.server.log.write.buffer.size = 33554432 (custom)
2019-07-14 08:45:33,617 INFO  server.RaftServerConfigKeys (ConfUtils.java:logGet(43)) - raft.server.log.force.sync.num = 128 (default)
2019-07-14 08:45:33,617 INFO  server.RaftServerConfigKeys (ConfUtils.java:logGet(43)) - raft.server.log.statemachine.data.sync = true (default)
2019-07-14 08:45:33,617 INFO  server.RaftServerConfigKeys (ConfUtils.java:logGet(43)) - raft.server.log.statemachine.data.sync.timeout = 10s (default)
2019-07-14 08:45:33,618 INFO  server.RaftServerConfigKeys (ConfUtils.java:logGet(43)) - raft.server.log.statemachine.data.sync.timeout.retry = -1 (default)
2019-07-14 08:45:33,618 INFO  server.RaftServerConfigKeys (ConfUtils.java:logGet(43)) - raft.server.log.statemachine.data.caching.enabled = true (custom)
2019-07-14 08:45:33,618 INFO  segmented.SegmentedRaftLogWorker (SegmentedRaftLogWorker.java:lambda$new$0(132)) - 4cd1e0ba-84f2-4e54-b0d6-ca02a3ecddad-SegmentedRaftLogWorker:Storage Directory /workdir/hadoop-ozone/integration-test/target/test-dir/MiniOzoneClusterImpl-72c865c2-a6a0-476d-8a66-24bab940d2f6/datanode-1/data/ratis/cb8084fd-9e53-4446-84ae-4134cf2822da: flushIndex: setUnconditionally 0 -> -1
2019-07-14 08:45:33,619 INFO  server.RaftServerConfigKeys (ConfUtils.java:logGet(43)) - raft.server.snapshot.auto.trigger.enabled = true (custom)
2019-07-14 08:45:33,619 INFO  server.RaftServerConfigKeys (ConfUtils.java:logGet(43)) - raft.server.snapshot.auto.trigger.threshold = 10000 (custom)
2019-07-14 08:45:33,619 INFO  server.RaftServerConfigKeys (ConfUtils.java:logGet(43)) - raft.server.retrycache.expirytime = 600000ms (custom)
2019-07-14 08:45:33,619 INFO  impl.RaftServerImpl (RaftServerImpl.java:start(180)) - 4cd1e0ba-84f2-4e54-b0d6-ca02a3ecddad: start group-4134CF2822DA
2019-07-14 08:45:33,620 INFO  impl.RaftServerImpl (RaftServerImpl.java:setRole(171)) - 4cd1e0ba-84f2-4e54-b0d6-ca02a3ecddad:group-4134CF2822DA changes role from null to FOLLOWER at term 0 for startAsFollower
2019-07-14 08:45:33,620 INFO  impl.RoleInfo (RoleInfo.java:updateAndGet(143)) - 4cd1e0ba-84f2-4e54-b0d6-ca02a3ecddad: start FollowerState
2019-07-14 08:45:33,621 INFO  util.JmxRegister (JmxRegister.java:tryRegister(44)) - Successfully registered JMX Bean with object name Ratis:service=RaftServer,group=group-4134CF2822DA,id=4cd1e0ba-84f2-4e54-b0d6-ca02a3ecddad
2019-07-14 08:45:33,638 INFO  pipeline.PipelineStateManager (PipelineStateManager.java:addPipeline(56)) - Created pipeline Pipeline[ Id: cb8084fd-9e53-4446-84ae-4134cf2822da, Nodes: 4cd1e0ba-84f2-4e54-b0d6-ca02a3ecddad{ip: 192.168.5.191, host: trunk-nightly-5z2vd-27108033, networkLocation: /default-rack, certSerialId: null}, Type:RATIS, Factor:ONE, State:OPEN]
2019-07-14 08:45:33,671 INFO  impl.RaftServerProxy (RaftServerProxy.java:addNew(89)) - ea0dc8f3-e663-4d02-9c60-da7dfa1a2970: addNew group-980354B51993:[ea0dc8f3-e663-4d02-9c60-da7dfa1a2970:192.168.5.191:41116] returns group-980354B51993:java.util.concurrent.CompletableFuture@40d3a910[Not completed]
2019-07-14 08:45:33,672 INFO  impl.RaftServerImpl (RaftServerImpl.java:<init>(93)) - ea0dc8f3-e663-4d02-9c60-da7dfa1a2970: new RaftServerImpl for group-980354B51993:[ea0dc8f3-e663-4d02-9c60-da7dfa1a2970:192.168.5.191:41116] with ContainerStateMachine:uninitialized
2019-07-14 08:45:33,673 INFO  server.RaftServerConfigKeys (ConfUtils.java:logGet(43)) - raft.server.rpc.timeout.min = 5s (custom)
2019-07-14 08:45:33,673 INFO  server.RaftServerConfigKeys (ConfUtils.java:logGet(43)) - raft.server.rpc.timeout.max = 5200ms (custom)
2019-07-14 08:45:33,673 INFO  server.RaftServerConfigKeys (ConfUtils.java:logGet(43)) - raft.server.rpcslowness.timeout = 120s (custom)
2019-07-14 08:45:33,673 INFO  server.RaftServerConfigKeys (ConfUtils.java:logGet(43)) - raft.server.sleep.deviation.threshold = 300 (default)
2019-07-14 08:45:33,673 INFO  server.RaftServerConfigKeys (ConfUtils.java:logGet(43)) - raft.server.log.appender.install.snapshot.enabled = false (custom)
2019-07-14 08:45:33,674 INFO  impl.RaftServerImpl (ServerState.java:<init>(105)) - ea0dc8f3-e663-4d02-9c60-da7dfa1a2970:group-980354B51993 ConfigurationManager, init=-1: [ea0dc8f3-e663-4d02-9c60-da7dfa1a2970:192.168.5.191:41116], old=null, confs=<EMPTY_MAP>
2019-07-14 08:45:33,674 INFO  server.RaftServerConfigKeys (ConfUtils.java:logGet(43)) - raft.server.storage.dir = [/workdir/hadoop-ozone/integration-test/target/test-dir/MiniOzoneClusterImpl-72c865c2-a6a0-476d-8a66-24bab940d2f6/datanode-4/data/ratis] (custom)
2019-07-14 08:45:33,674 INFO  storage.RaftStorageDirectory (RaftStorageDirectory.java:analyzeStorage(246)) - The storage directory /workdir/hadoop-ozone/integration-test/target/test-dir/MiniOzoneClusterImpl-72c865c2-a6a0-476d-8a66-24bab940d2f6/datanode-4/data/ratis/82c6b88a-e35f-4ba0-b003-980354b51993 does not exist. Creating ...
2019-07-14 08:45:33,678 INFO  storage.RaftStorageDirectory (RaftStorageDirectory.java:tryLock(328)) - Lock on /workdir/hadoop-ozone/integration-test/target/test-dir/MiniOzoneClusterImpl-72c865c2-a6a0-476d-8a66-24bab940d2f6/datanode-4/data/ratis/82c6b88a-e35f-4ba0-b003-980354b51993/in_use.lock acquired by nodename 25207@trunk-nightly-5z2vd-27108033
2019-07-14 08:45:33,684 INFO  storage.RaftStorage (RaftStorage.java:format(72)) - Storage directory /workdir/hadoop-ozone/integration-test/target/test-dir/MiniOzoneClusterImpl-72c865c2-a6a0-476d-8a66-24bab940d2f6/datanode-4/data/ratis/82c6b88a-e35f-4ba0-b003-980354b51993 has been successfully formatted.
2019-07-14 08:45:33,684 INFO  ratis.ContainerStateMachine (ContainerStateMachine.java:loadSnapshot(200)) - group-980354B51993: The snapshot info is null. Setting the last applied indexto:(t:0, i:~)
2019-07-14 08:45:33,684 INFO  server.RaftServerConfigKeys (ConfUtils.java:logGet(43)) - raft.server.leader.election.timeout = 120s (custom)
2019-07-14 08:45:33,685 INFO  server.RaftServerConfigKeys (ConfUtils.java:logGet(43)) - raft.server.log.use.memory = false (default)
2019-07-14 08:45:33,685 INFO  server.RaftServerConfigKeys (ConfUtils.java:logGet(43)) - raft.server.log.purge.gap = 1000000000 (custom)
2019-07-14 08:45:33,685 INFO  server.RaftServerConfigKeys (ConfUtils.java:logGet(43)) - raft.server.log.appender.buffer.byte-limit = 33554432 (custom)
2019-07-14 08:45:33,685 INFO  server.RaftServerConfigKeys (ConfUtils.java:logGet(43)) - raft.server.log.segment.size.max = 1048576 (custom)
2019-07-14 08:45:33,685 INFO  server.RaftServerConfigKeys (ConfUtils.java:logGet(43)) - raft.server.log.segment.cache.num.max = 2 (custom)
2019-07-14 08:45:33,686 INFO  segmented.SegmentedRaftLogWorker (SegmentedRaftLogWorker.java:<init>(172)) - new ea0dc8f3-e663-4d02-9c60-da7dfa1a2970-SegmentedRaftLogWorker:Storage Directory /workdir/hadoop-ozone/integration-test/target/test-dir/MiniOzoneClusterImpl-72c865c2-a6a0-476d-8a66-24bab940d2f6/datanode-4/data/ratis/82c6b88a-e35f-4ba0-b003-980354b51993 for RaftStorage:Storage Directory /workdir/hadoop-ozone/integration-test/target/test-dir/MiniOzoneClusterImpl-72c865c2-a6a0-476d-8a66-24bab940d2f6/datanode-4/data/ratis/82c6b88a-e35f-4ba0-b003-980354b51993
2019-07-14 08:45:33,686 INFO  server.RaftServerConfigKeys (ConfUtils.java:logGet(43)) - raft.server.log.queue.byte-limit = 2147483647 (custom)
2019-07-14 08:45:33,686 INFO  server.RaftServerConfigKeys (ConfUtils.java:logGet(43)) - raft.server.log.queue.element-limit = 1024 (custom)
2019-07-14 08:45:33,686 INFO  server.RaftServerConfigKeys (ConfUtils.java:logGet(43)) - raft.server.log.segment.size.max = 1048576 (custom)
2019-07-14 08:45:33,687 INFO  server.RaftServerConfigKeys (ConfUtils.java:logGet(43)) - raft.server.log.preallocated.size = 16384 (custom)
2019-07-14 08:45:33,687 INFO  server.RaftServerConfigKeys (ConfUtils.java:logGet(43)) - raft.server.log.write.buffer.size = 33554432 (custom)
2019-07-14 08:45:33,687 INFO  server.RaftServerConfigKeys (ConfUtils.java:logGet(43)) - raft.server.log.force.sync.num = 128 (default)
2019-07-14 08:45:33,687 INFO  server.RaftServerConfigKeys (ConfUtils.java:logGet(43)) - raft.server.log.statemachine.data.sync = true (default)
2019-07-14 08:45:33,687 INFO  server.RaftServerConfigKeys (ConfUtils.java:logGet(43)) - raft.server.log.statemachine.data.sync.timeout = 10s (default)
2019-07-14 08:45:33,687 INFO  server.RaftServerConfigKeys (ConfUtils.java:logGet(43)) - raft.server.log.statemachine.data.sync.timeout.retry = -1 (default)
2019-07-14 08:45:33,688 INFO  server.RaftServerConfigKeys (ConfUtils.java:logGet(43)) - raft.server.log.statemachine.data.caching.enabled = true (custom)
2019-07-14 08:45:33,688 INFO  segmented.SegmentedRaftLogWorker (SegmentedRaftLogWorker.java:lambda$new$0(132)) - ea0dc8f3-e663-4d02-9c60-da7dfa1a2970-SegmentedRaftLogWorker:Storage Directory /workdir/hadoop-ozone/integration-test/target/test-dir/MiniOzoneClusterImpl-72c865c2-a6a0-476d-8a66-24bab940d2f6/datanode-4/data/ratis/82c6b88a-e35f-4ba0-b003-980354b51993: flushIndex: setUnconditionally 0 -> -1
2019-07-14 08:45:33,689 INFO  server.RaftServerConfigKeys (ConfUtils.java:logGet(43)) - raft.server.snapshot.auto.trigger.enabled = true (custom)
2019-07-14 08:45:33,689 INFO  server.RaftServerConfigKeys (ConfUtils.java:logGet(43)) - raft.server.snapshot.auto.trigger.threshold = 10000 (custom)
2019-07-14 08:45:33,689 INFO  server.RaftServerConfigKeys (ConfUtils.java:logGet(43)) - raft.server.retrycache.expirytime = 600000ms (custom)
2019-07-14 08:45:33,689 INFO  impl.RaftServerImpl (RaftServerImpl.java:start(180)) - ea0dc8f3-e663-4d02-9c60-da7dfa1a2970: start group-980354B51993
2019-07-14 08:45:33,689 INFO  impl.RaftServerImpl (RaftServerImpl.java:setRole(171)) - ea0dc8f3-e663-4d02-9c60-da7dfa1a2970:group-980354B51993 changes role from null to FOLLOWER at term 0 for startAsFollower
2019-07-14 08:45:33,690 INFO  impl.RoleInfo (RoleInfo.java:updateAndGet(143)) - ea0dc8f3-e663-4d02-9c60-da7dfa1a2970: start FollowerState
2019-07-14 08:45:33,690 INFO  util.JmxRegister (JmxRegister.java:tryRegister(44)) - Successfully registered JMX Bean with object name Ratis:service=RaftServer,group=group-980354B51993,id=ea0dc8f3-e663-4d02-9c60-da7dfa1a2970
2019-07-14 08:45:33,716 INFO  pipeline.PipelineStateManager (PipelineStateManager.java:addPipeline(56)) - Created pipeline Pipeline[ Id: 82c6b88a-e35f-4ba0-b003-980354b51993, Nodes: ea0dc8f3-e663-4d02-9c60-da7dfa1a2970{ip: 192.168.5.191, host: trunk-nightly-5z2vd-27108033, networkLocation: /default-rack, certSerialId: null}, Type:RATIS, Factor:ONE, State:OPEN]
2019-07-14 08:45:33,736 INFO  impl.RaftServerProxy (RaftServerProxy.java:addNew(89)) - 5f9b465d-ad88-480f-951b-ea9c84e207cd: addNew group-EA4CBC636489:[5f9b465d-ad88-480f-951b-ea9c84e207cd:192.168.5.191:43032] returns group-EA4CBC636489:java.util.concurrent.CompletableFuture@4b876e9[Not completed]
2019-07-14 08:45:33,736 INFO  node.SCMNodeManager (SCMNodeManager.java:register(269)) - Registered Data node : 5de80204-70d4-47b4-99d5-fb9a56dcd81c{ip: 192.168.5.191, host: trunk-nightly-5z2vd-27108033, networkLocation: /default-rack, certSerialId: null}
2019-07-14 08:45:33,739 INFO  impl.RaftServerImpl (RaftServerImpl.java:<init>(93)) - 5f9b465d-ad88-480f-951b-ea9c84e207cd: new RaftServerImpl for group-EA4CBC636489:[5f9b465d-ad88-480f-951b-ea9c84e207cd:192.168.5.191:43032] with ContainerStateMachine:uninitialized
2019-07-14 08:45:33,739 INFO  server.RaftServerConfigKeys (ConfUtils.java:logGet(43)) - raft.server.rpc.timeout.min = 5s (custom)
2019-07-14 08:45:33,739 INFO  server.RaftServerConfigKeys (ConfUtils.java:logGet(43)) - raft.server.rpc.timeout.max = 5200ms (custom)
2019-07-14 08:45:33,739 INFO  server.RaftServerConfigKeys (ConfUtils.java:logGet(43)) - raft.server.rpcslowness.timeout = 120s (custom)
2019-07-14 08:45:33,740 INFO  server.RaftServerConfigKeys (ConfUtils.java:logGet(43)) - raft.server.sleep.deviation.threshold = 300 (default)
2019-07-14 08:45:33,740 INFO  server.RaftServerConfigKeys (ConfUtils.java:logGet(43)) - raft.server.log.appender.install.snapshot.enabled = false (custom)
2019-07-14 08:45:33,740 INFO  impl.RaftServerImpl (ServerState.java:<init>(105)) - 5f9b465d-ad88-480f-951b-ea9c84e207cd:group-EA4CBC636489 ConfigurationManager, init=-1: [5f9b465d-ad88-480f-951b-ea9c84e207cd:192.168.5.191:43032], old=null, confs=<EMPTY_MAP>
2019-07-14 08:45:33,740 INFO  server.RaftServerConfigKeys (ConfUtils.java:logGet(43)) - raft.server.storage.dir = [/workdir/hadoop-ozone/integration-test/target/test-dir/MiniOzoneClusterImpl-72c865c2-a6a0-476d-8a66-24bab940d2f6/datanode-5/data/ratis] (custom)
2019-07-14 08:45:33,741 INFO  storage.RaftStorageDirectory (RaftStorageDirectory.java:analyzeStorage(246)) - The storage directory /workdir/hadoop-ozone/integration-test/target/test-dir/MiniOzoneClusterImpl-72c865c2-a6a0-476d-8a66-24bab940d2f6/datanode-5/data/ratis/f7ec28a4-8cf7-4bf2-9923-ea4cbc636489 does not exist. Creating ...
2019-07-14 08:45:33,744 INFO  storage.RaftStorageDirectory (RaftStorageDirectory.java:tryLock(328)) - Lock on /workdir/hadoop-ozone/integration-test/target/test-dir/MiniOzoneClusterImpl-72c865c2-a6a0-476d-8a66-24bab940d2f6/datanode-5/data/ratis/f7ec28a4-8cf7-4bf2-9923-ea4cbc636489/in_use.lock acquired by nodename 25207@trunk-nightly-5z2vd-27108033
2019-07-14 08:45:33,748 INFO  storage.RaftStorage (RaftStorage.java:format(72)) - Storage directory /workdir/hadoop-ozone/integration-test/target/test-dir/MiniOzoneClusterImpl-72c865c2-a6a0-476d-8a66-24bab940d2f6/datanode-5/data/ratis/f7ec28a4-8cf7-4bf2-9923-ea4cbc636489 has been successfully formatted.
2019-07-14 08:45:33,749 INFO  ratis.ContainerStateMachine (ContainerStateMachine.java:loadSnapshot(200)) - group-EA4CBC636489: The snapshot info is null. Setting the last applied indexto:(t:0, i:~)
2019-07-14 08:45:33,749 INFO  server.RaftServerConfigKeys (ConfUtils.java:logGet(43)) - raft.server.leader.election.timeout = 120s (custom)
2019-07-14 08:45:33,749 INFO  server.RaftServerConfigKeys (ConfUtils.java:logGet(43)) - raft.server.log.use.memory = false (default)
2019-07-14 08:45:33,749 INFO  server.RaftServerConfigKeys (ConfUtils.java:logGet(43)) - raft.server.log.purge.gap = 1000000000 (custom)
2019-07-14 08:45:33,749 INFO  server.RaftServerConfigKeys (ConfUtils.java:logGet(43)) - raft.server.log.appender.buffer.byte-limit = 33554432 (custom)
2019-07-14 08:45:33,750 INFO  server.RaftServerConfigKeys (ConfUtils.java:logGet(43)) - raft.server.log.segment.size.max = 1048576 (custom)
2019-07-14 08:45:33,750 INFO  server.RaftServerConfigKeys (ConfUtils.java:logGet(43)) - raft.server.log.segment.cache.num.max = 2 (custom)
2019-07-14 08:45:33,750 INFO  segmented.SegmentedRaftLogWorker (SegmentedRaftLogWorker.java:<init>(172)) - new 5f9b465d-ad88-480f-951b-ea9c84e207cd-SegmentedRaftLogWorker:Storage Directory /workdir/hadoop-ozone/integration-test/target/test-dir/MiniOzoneClusterImpl-72c865c2-a6a0-476d-8a66-24bab940d2f6/datanode-5/data/ratis/f7ec28a4-8cf7-4bf2-9923-ea4cbc636489 for RaftStorage:Storage Directory /workdir/hadoop-ozone/integration-test/target/test-dir/MiniOzoneClusterImpl-72c865c2-a6a0-476d-8a66-24bab940d2f6/datanode-5/data/ratis/f7ec28a4-8cf7-4bf2-9923-ea4cbc636489
2019-07-14 08:45:33,750 INFO  server.RaftServerConfigKeys (ConfUtils.java:logGet(43)) - raft.server.log.queue.byte-limit = 2147483647 (custom)
2019-07-14 08:45:33,750 INFO  server.RaftServerConfigKeys (ConfUtils.java:logGet(43)) - raft.server.log.queue.element-limit = 1024 (custom)
2019-07-14 08:45:33,751 INFO  server.RaftServerConfigKeys (ConfUtils.java:logGet(43)) - raft.server.log.segment.size.max = 1048576 (custom)
2019-07-14 08:45:33,751 INFO  server.RaftServerConfigKeys (ConfUtils.java:logGet(43)) - raft.server.log.preallocated.size = 16384 (custom)
2019-07-14 08:45:33,751 INFO  server.RaftServerConfigKeys (ConfUtils.java:logGet(43)) - raft.server.log.write.buffer.size = 33554432 (custom)
2019-07-14 08:45:33,751 INFO  server.RaftServerConfigKeys (ConfUtils.java:logGet(43)) - raft.server.log.force.sync.num = 128 (default)
2019-07-14 08:45:33,752 INFO  server.RaftServerConfigKeys (ConfUtils.java:logGet(43)) - raft.server.log.statemachine.data.sync = true (default)
2019-07-14 08:45:33,752 INFO  server.RaftServerConfigKeys (ConfUtils.java:logGet(43)) - raft.server.log.statemachine.data.sync.timeout = 10s (default)
2019-07-14 08:45:33,752 INFO  server.RaftServerConfigKeys (ConfUtils.java:logGet(43)) - raft.server.log.statemachine.data.sync.timeout.retry = -1 (default)
2019-07-14 08:45:33,752 INFO  server.RaftServerConfigKeys (ConfUtils.java:logGet(43)) - raft.server.log.statemachine.data.caching.enabled = true (custom)
2019-07-14 08:45:33,753 INFO  segmented.SegmentedRaftLogWorker (SegmentedRaftLogWorker.java:lambda$new$0(132)) - 5f9b465d-ad88-480f-951b-ea9c84e207cd-SegmentedRaftLogWorker:Storage Directory /workdir/hadoop-ozone/integration-test/target/test-dir/MiniOzoneClusterImpl-72c865c2-a6a0-476d-8a66-24bab940d2f6/datanode-5/data/ratis/f7ec28a4-8cf7-4bf2-9923-ea4cbc636489: flushIndex: setUnconditionally 0 -> -1
2019-07-14 08:45:33,753 INFO  server.RaftServerConfigKeys (ConfUtils.java:logGet(43)) - raft.server.snapshot.auto.trigger.enabled = true (custom)
2019-07-14 08:45:33,753 INFO  server.RaftServerConfigKeys (ConfUtils.java:logGet(43)) - raft.server.snapshot.auto.trigger.threshold = 10000 (custom)
2019-07-14 08:45:33,754 INFO  server.RaftServerConfigKeys (ConfUtils.java:logGet(43)) - raft.server.retrycache.expirytime = 600000ms (custom)
2019-07-14 08:45:33,754 INFO  impl.RaftServerImpl (RaftServerImpl.java:start(180)) - 5f9b465d-ad88-480f-951b-ea9c84e207cd: start group-EA4CBC636489
2019-07-14 08:45:33,754 INFO  impl.RaftServerImpl (RaftServerImpl.java:setRole(171)) - 5f9b465d-ad88-480f-951b-ea9c84e207cd:group-EA4CBC636489 changes role from null to FOLLOWER at term 0 for startAsFollower
2019-07-14 08:45:33,754 INFO  impl.RoleInfo (RoleInfo.java:updateAndGet(143)) - 5f9b465d-ad88-480f-951b-ea9c84e207cd: start FollowerState
2019-07-14 08:45:33,755 INFO  util.JmxRegister (JmxRegister.java:tryRegister(44)) - Successfully registered JMX Bean with object name Ratis:service=RaftServer,group=group-EA4CBC636489,id=5f9b465d-ad88-480f-951b-ea9c84e207cd
2019-07-14 08:45:33,767 INFO  pipeline.PipelineStateManager (PipelineStateManager.java:addPipeline(56)) - Created pipeline Pipeline[ Id: f7ec28a4-8cf7-4bf2-9923-ea4cbc636489, Nodes: 5f9b465d-ad88-480f-951b-ea9c84e207cd{ip: 192.168.5.191, host: trunk-nightly-5z2vd-27108033, networkLocation: /default-rack, certSerialId: null}, Type:RATIS, Factor:ONE, State:OPEN]
2019-07-14 08:45:33,786 INFO  impl.RaftServerProxy (RaftServerProxy.java:addNew(89)) - 5de80204-70d4-47b4-99d5-fb9a56dcd81c: addNew group-EEE8A96AC8F0:[5de80204-70d4-47b4-99d5-fb9a56dcd81c:192.168.5.191:46076] returns group-EEE8A96AC8F0:java.util.concurrent.CompletableFuture@5f53f5e8[Not completed]
2019-07-14 08:45:33,788 INFO  impl.RaftServerImpl (RaftServerImpl.java:<init>(93)) - 5de80204-70d4-47b4-99d5-fb9a56dcd81c: new RaftServerImpl for group-EEE8A96AC8F0:[5de80204-70d4-47b4-99d5-fb9a56dcd81c:192.168.5.191:46076] with ContainerStateMachine:uninitialized
2019-07-14 08:45:33,789 INFO  server.RaftServerConfigKeys (ConfUtils.java:logGet(43)) - raft.server.rpc.timeout.min = 5s (custom)
2019-07-14 08:45:33,789 INFO  server.RaftServerConfigKeys (ConfUtils.java:logGet(43)) - raft.server.rpc.timeout.max = 5200ms (custom)
2019-07-14 08:45:33,789 INFO  server.RaftServerConfigKeys (ConfUtils.java:logGet(43)) - raft.server.rpcslowness.timeout = 120s (custom)
2019-07-14 08:45:33,789 INFO  server.RaftServerConfigKeys (ConfUtils.java:logGet(43)) - raft.server.sleep.deviation.threshold = 300 (default)
2019-07-14 08:45:33,789 INFO  server.RaftServerConfigKeys (ConfUtils.java:logGet(43)) - raft.server.log.appender.install.snapshot.enabled = false (custom)
2019-07-14 08:45:33,790 INFO  impl.RaftServerImpl (ServerState.java:<init>(105)) - 5de80204-70d4-47b4-99d5-fb9a56dcd81c:group-EEE8A96AC8F0 ConfigurationManager, init=-1: [5de80204-70d4-47b4-99d5-fb9a56dcd81c:192.168.5.191:46076], old=null, confs=<EMPTY_MAP>
2019-07-14 08:45:33,790 INFO  server.RaftServerConfigKeys (ConfUtils.java:logGet(43)) - raft.server.storage.dir = [/workdir/hadoop-ozone/integration-test/target/test-dir/MiniOzoneClusterImpl-72c865c2-a6a0-476d-8a66-24bab940d2f6/datanode-8/data/ratis] (custom)
2019-07-14 08:45:33,791 INFO  storage.RaftStorageDirectory (RaftStorageDirectory.java:analyzeStorage(246)) - The storage directory /workdir/hadoop-ozone/integration-test/target/test-dir/MiniOzoneClusterImpl-72c865c2-a6a0-476d-8a66-24bab940d2f6/datanode-8/data/ratis/e6755326-e6c1-4925-9973-eee8a96ac8f0 does not exist. Creating ...
2019-07-14 08:45:33,795 INFO  storage.RaftStorageDirectory (RaftStorageDirectory.java:tryLock(328)) - Lock on /workdir/hadoop-ozone/integration-test/target/test-dir/MiniOzoneClusterImpl-72c865c2-a6a0-476d-8a66-24bab940d2f6/datanode-8/data/ratis/e6755326-e6c1-4925-9973-eee8a96ac8f0/in_use.lock acquired by nodename 25207@trunk-nightly-5z2vd-27108033
2019-07-14 08:45:33,810 INFO  storage.RaftStorage (RaftStorage.java:format(72)) - Storage directory /workdir/hadoop-ozone/integration-test/target/test-dir/MiniOzoneClusterImpl-72c865c2-a6a0-476d-8a66-24bab940d2f6/datanode-8/data/ratis/e6755326-e6c1-4925-9973-eee8a96ac8f0 has been successfully formatted.
2019-07-14 08:45:33,811 INFO  ratis.ContainerStateMachine (ContainerStateMachine.java:loadSnapshot(200)) - group-EEE8A96AC8F0: The snapshot info is null. Setting the last applied indexto:(t:0, i:~)
2019-07-14 08:45:33,811 INFO  server.RaftServerConfigKeys (ConfUtils.java:logGet(43)) - raft.server.leader.election.timeout = 120s (custom)
2019-07-14 08:45:33,811 INFO  server.RaftServerConfigKeys (ConfUtils.java:logGet(43)) - raft.server.log.use.memory = false (default)
2019-07-14 08:45:33,811 INFO  server.RaftServerConfigKeys (ConfUtils.java:logGet(43)) - raft.server.log.purge.gap = 1000000000 (custom)
2019-07-14 08:45:33,811 INFO  server.RaftServerConfigKeys (ConfUtils.java:logGet(43)) - raft.server.log.appender.buffer.byte-limit = 33554432 (custom)
2019-07-14 08:45:33,812 INFO  server.RaftServerConfigKeys (ConfUtils.java:logGet(43)) - raft.server.log.segment.size.max = 1048576 (custom)
2019-07-14 08:45:33,812 INFO  server.RaftServerConfigKeys (ConfUtils.java:logGet(43)) - raft.server.log.segment.cache.num.max = 2 (custom)
2019-07-14 08:45:33,812 INFO  segmented.SegmentedRaftLogWorker (SegmentedRaftLogWorker.java:<init>(172)) - new 5de80204-70d4-47b4-99d5-fb9a56dcd81c-SegmentedRaftLogWorker:Storage Directory /workdir/hadoop-ozone/integration-test/target/test-dir/MiniOzoneClusterImpl-72c865c2-a6a0-476d-8a66-24bab940d2f6/datanode-8/data/ratis/e6755326-e6c1-4925-9973-eee8a96ac8f0 for RaftStorage:Storage Directory /workdir/hadoop-ozone/integration-test/target/test-dir/MiniOzoneClusterImpl-72c865c2-a6a0-476d-8a66-24bab940d2f6/datanode-8/data/ratis/e6755326-e6c1-4925-9973-eee8a96ac8f0
2019-07-14 08:45:33,812 INFO  server.RaftServerConfigKeys (ConfUtils.java:logGet(43)) - raft.server.log.queue.byte-limit = 2147483647 (custom)
2019-07-14 08:45:33,813 INFO  server.RaftServerConfigKeys (ConfUtils.java:logGet(43)) - raft.server.log.queue.element-limit = 1024 (custom)
2019-07-14 08:45:33,813 INFO  server.RaftServerConfigKeys (ConfUtils.java:logGet(43)) - raft.server.log.segment.size.max = 1048576 (custom)
2019-07-14 08:45:33,813 INFO  server.RaftServerConfigKeys (ConfUtils.java:logGet(43)) - raft.server.log.preallocated.size = 16384 (custom)
2019-07-14 08:45:33,813 INFO  server.RaftServerConfigKeys (ConfUtils.java:logGet(43)) - raft.server.log.write.buffer.size = 33554432 (custom)
2019-07-14 08:45:33,813 INFO  server.RaftServerConfigKeys (ConfUtils.java:logGet(43)) - raft.server.log.force.sync.num = 128 (default)
2019-07-14 08:45:33,814 INFO  server.RaftServerConfigKeys (ConfUtils.java:logGet(43)) - raft.server.log.statemachine.data.sync = true (default)
2019-07-14 08:45:33,814 INFO  server.RaftServerConfigKeys (ConfUtils.java:logGet(43)) - raft.server.log.statemachine.data.sync.timeout = 10s (default)
2019-07-14 08:45:33,814 INFO  server.RaftServerConfigKeys (ConfUtils.java:logGet(43)) - raft.server.log.statemachine.data.sync.timeout.retry = -1 (default)
2019-07-14 08:45:33,814 INFO  server.RaftServerConfigKeys (ConfUtils.java:logGet(43)) - raft.server.log.statemachine.data.caching.enabled = true (custom)
2019-07-14 08:45:33,815 INFO  segmented.SegmentedRaftLogWorker (SegmentedRaftLogWorker.java:lambda$new$0(132)) - 5de80204-70d4-47b4-99d5-fb9a56dcd81c-SegmentedRaftLogWorker:Storage Directory /workdir/hadoop-ozone/integration-test/target/test-dir/MiniOzoneClusterImpl-72c865c2-a6a0-476d-8a66-24bab940d2f6/datanode-8/data/ratis/e6755326-e6c1-4925-9973-eee8a96ac8f0: flushIndex: setUnconditionally 0 -> -1
2019-07-14 08:45:33,815 INFO  server.RaftServerConfigKeys (ConfUtils.java:logGet(43)) - raft.server.snapshot.auto.trigger.enabled = true (custom)
2019-07-14 08:45:33,815 INFO  server.RaftServerConfigKeys (ConfUtils.java:logGet(43)) - raft.server.snapshot.auto.trigger.threshold = 10000 (custom)
2019-07-14 08:45:33,816 INFO  server.RaftServerConfigKeys (ConfUtils.java:logGet(43)) - raft.server.retrycache.expirytime = 600000ms (custom)
2019-07-14 08:45:33,816 INFO  impl.RaftServerImpl (RaftServerImpl.java:start(180)) - 5de80204-70d4-47b4-99d5-fb9a56dcd81c: start group-EEE8A96AC8F0
2019-07-14 08:45:33,816 INFO  impl.RaftServerImpl (RaftServerImpl.java:setRole(171)) - 5de80204-70d4-47b4-99d5-fb9a56dcd81c:group-EEE8A96AC8F0 changes role from null to FOLLOWER at term 0 for startAsFollower
2019-07-14 08:45:33,816 INFO  impl.RoleInfo (RoleInfo.java:updateAndGet(143)) - 5de80204-70d4-47b4-99d5-fb9a56dcd81c: start FollowerState
2019-07-14 08:45:33,817 INFO  util.JmxRegister (JmxRegister.java:tryRegister(44)) - Successfully registered JMX Bean with object name Ratis:service=RaftServer,group=group-EEE8A96AC8F0,id=5de80204-70d4-47b4-99d5-fb9a56dcd81c
2019-07-14 08:45:33,833 INFO  pipeline.PipelineStateManager (PipelineStateManager.java:addPipeline(56)) - Created pipeline Pipeline[ Id: e6755326-e6c1-4925-9973-eee8a96ac8f0, Nodes: 5de80204-70d4-47b4-99d5-fb9a56dcd81c{ip: 192.168.5.191, host: trunk-nightly-5z2vd-27108033, networkLocation: /default-rack, certSerialId: null}, Type:RATIS, Factor:ONE, State:OPEN]
2019-07-14 08:45:33,853 INFO  impl.RaftServerProxy (RaftServerProxy.java:addNew(89)) - 7a29fe3b-a1ed-4531-8744-2d85ce2f79ca: addNew group-35644B026B35:[7a29fe3b-a1ed-4531-8744-2d85ce2f79ca:192.168.5.191:44384] returns group-35644B026B35:java.util.concurrent.CompletableFuture@3d2c9e50[Not completed]
2019-07-14 08:45:33,855 INFO  impl.RaftServerImpl (RaftServerImpl.java:<init>(93)) - 7a29fe3b-a1ed-4531-8744-2d85ce2f79ca: new RaftServerImpl for group-35644B026B35:[7a29fe3b-a1ed-4531-8744-2d85ce2f79ca:192.168.5.191:44384] with ContainerStateMachine:uninitialized
2019-07-14 08:45:33,855 INFO  server.RaftServerConfigKeys (ConfUtils.java:logGet(43)) - raft.server.rpc.timeout.min = 5s (custom)
2019-07-14 08:45:33,855 INFO  server.RaftServerConfigKeys (ConfUtils.java:logGet(43)) - raft.server.rpc.timeout.max = 5200ms (custom)
2019-07-14 08:45:33,855 INFO  server.RaftServerConfigKeys (ConfUtils.java:logGet(43)) - raft.server.rpcslowness.timeout = 120s (custom)
2019-07-14 08:45:33,856 INFO  server.RaftServerConfigKeys (ConfUtils.java:logGet(43)) - raft.server.sleep.deviation.threshold = 300 (default)
2019-07-14 08:45:33,856 INFO  server.RaftServerConfigKeys (ConfUtils.java:logGet(43)) - raft.server.log.appender.install.snapshot.enabled = false (custom)
2019-07-14 08:45:33,856 INFO  impl.RaftServerImpl (ServerState.java:<init>(105)) - 7a29fe3b-a1ed-4531-8744-2d85ce2f79ca:group-35644B026B35 ConfigurationManager, init=-1: [7a29fe3b-a1ed-4531-8744-2d85ce2f79ca:192.168.5.191:44384], old=null, confs=<EMPTY_MAP>
2019-07-14 08:45:33,856 INFO  server.RaftServerConfigKeys (ConfUtils.java:logGet(43)) - raft.server.storage.dir = [/workdir/hadoop-ozone/integration-test/target/test-dir/MiniOzoneClusterImpl-72c865c2-a6a0-476d-8a66-24bab940d2f6/datanode-7/data/ratis] (custom)
2019-07-14 08:45:33,857 INFO  storage.RaftStorageDirectory (RaftStorageDirectory.java:analyzeStorage(246)) - The storage directory /workdir/hadoop-ozone/integration-test/target/test-dir/MiniOzoneClusterImpl-72c865c2-a6a0-476d-8a66-24bab940d2f6/datanode-7/data/ratis/65e5e110-97a5-4994-ae5e-35644b026b35 does not exist. Creating ...
2019-07-14 08:45:33,861 INFO  storage.RaftStorageDirectory (RaftStorageDirectory.java:tryLock(328)) - Lock on /workdir/hadoop-ozone/integration-test/target/test-dir/MiniOzoneClusterImpl-72c865c2-a6a0-476d-8a66-24bab940d2f6/datanode-7/data/ratis/65e5e110-97a5-4994-ae5e-35644b026b35/in_use.lock acquired by nodename 25207@trunk-nightly-5z2vd-27108033
2019-07-14 08:45:33,865 INFO  storage.RaftStorage (RaftStorage.java:format(72)) - Storage directory /workdir/hadoop-ozone/integration-test/target/test-dir/MiniOzoneClusterImpl-72c865c2-a6a0-476d-8a66-24bab940d2f6/datanode-7/data/ratis/65e5e110-97a5-4994-ae5e-35644b026b35 has been successfully formatted.
2019-07-14 08:45:33,866 INFO  ratis.ContainerStateMachine (ContainerStateMachine.java:loadSnapshot(200)) - group-35644B026B35: The snapshot info is null. Setting the last applied indexto:(t:0, i:~)
2019-07-14 08:45:33,866 INFO  server.RaftServerConfigKeys (ConfUtils.java:logGet(43)) - raft.server.leader.election.timeout = 120s (custom)
2019-07-14 08:45:33,866 INFO  server.RaftServerConfigKeys (ConfUtils.java:logGet(43)) - raft.server.log.use.memory = false (default)
2019-07-14 08:45:33,866 INFO  server.RaftServerConfigKeys (ConfUtils.java:logGet(43)) - raft.server.log.purge.gap = 1000000000 (custom)
2019-07-14 08:45:33,866 INFO  server.RaftServerConfigKeys (ConfUtils.java:logGet(43)) - raft.server.log.appender.buffer.byte-limit = 33554432 (custom)
2019-07-14 08:45:33,867 INFO  server.RaftServerConfigKeys (ConfUtils.java:logGet(43)) - raft.server.log.segment.size.max = 1048576 (custom)
2019-07-14 08:45:33,867 INFO  server.RaftServerConfigKeys (ConfUtils.java:logGet(43)) - raft.server.log.segment.cache.num.max = 2 (custom)
2019-07-14 08:45:33,867 INFO  segmented.SegmentedRaftLogWorker (SegmentedRaftLogWorker.java:<init>(172)) - new 7a29fe3b-a1ed-4531-8744-2d85ce2f79ca-SegmentedRaftLogWorker:Storage Directory /workdir/hadoop-ozone/integration-test/target/test-dir/MiniOzoneClusterImpl-72c865c2-a6a0-476d-8a66-24bab940d2f6/datanode-7/data/ratis/65e5e110-97a5-4994-ae5e-35644b026b35 for RaftStorage:Storage Directory /workdir/hadoop-ozone/integration-test/target/test-dir/MiniOzoneClusterImpl-72c865c2-a6a0-476d-8a66-24bab940d2f6/datanode-7/data/ratis/65e5e110-97a5-4994-ae5e-35644b026b35
2019-07-14 08:45:33,867 INFO  server.RaftServerConfigKeys (ConfUtils.java:logGet(43)) - raft.server.log.queue.byte-limit = 2147483647 (custom)
2019-07-14 08:45:33,867 INFO  server.RaftServerConfigKeys (ConfUtils.java:logGet(43)) - raft.server.log.queue.element-limit = 1024 (custom)
2019-07-14 08:45:33,868 INFO  server.RaftServerConfigKeys (ConfUtils.java:logGet(43)) - raft.server.log.segment.size.max = 1048576 (custom)
2019-07-14 08:45:33,868 INFO  server.RaftServerConfigKeys (ConfUtils.java:logGet(43)) - raft.server.log.preallocated.size = 16384 (custom)
2019-07-14 08:45:33,868 INFO  server.RaftServerConfigKeys (ConfUtils.java:logGet(43)) - raft.server.log.write.buffer.size = 33554432 (custom)
2019-07-14 08:45:33,868 INFO  server.RaftServerConfigKeys (ConfUtils.java:logGet(43)) - raft.server.log.force.sync.num = 128 (default)
2019-07-14 08:45:33,868 INFO  server.RaftServerConfigKeys (ConfUtils.java:logGet(43)) - raft.server.log.statemachine.data.sync = true (default)
2019-07-14 08:45:33,869 INFO  server.RaftServerConfigKeys (ConfUtils.java:logGet(43)) - raft.server.log.statemachine.data.sync.timeout = 10s (default)
2019-07-14 08:45:33,869 INFO  server.RaftServerConfigKeys (ConfUtils.java:logGet(43)) - raft.server.log.statemachine.data.sync.timeout.retry = -1 (default)
2019-07-14 08:45:33,869 INFO  server.RaftServerConfigKeys (ConfUtils.java:logGet(43)) - raft.server.log.statemachine.data.caching.enabled = true (custom)
2019-07-14 08:45:33,870 INFO  segmented.SegmentedRaftLogWorker (SegmentedRaftLogWorker.java:lambda$new$0(132)) - 7a29fe3b-a1ed-4531-8744-2d85ce2f79ca-SegmentedRaftLogWorker:Storage Directory /workdir/hadoop-ozone/integration-test/target/test-dir/MiniOzoneClusterImpl-72c865c2-a6a0-476d-8a66-24bab940d2f6/datanode-7/data/ratis/65e5e110-97a5-4994-ae5e-35644b026b35: flushIndex: setUnconditionally 0 -> -1
2019-07-14 08:45:33,870 INFO  server.RaftServerConfigKeys (ConfUtils.java:logGet(43)) - raft.server.snapshot.auto.trigger.enabled = true (custom)
2019-07-14 08:45:33,870 INFO  server.RaftServerConfigKeys (ConfUtils.java:logGet(43)) - raft.server.snapshot.auto.trigger.threshold = 10000 (custom)
2019-07-14 08:45:33,870 INFO  server.RaftServerConfigKeys (ConfUtils.java:logGet(43)) - raft.server.retrycache.expirytime = 600000ms (custom)
2019-07-14 08:45:33,871 INFO  impl.RaftServerImpl (RaftServerImpl.java:start(180)) - 7a29fe3b-a1ed-4531-8744-2d85ce2f79ca: start group-35644B026B35
2019-07-14 08:45:33,871 INFO  impl.RaftServerImpl (RaftServerImpl.java:setRole(171)) - 7a29fe3b-a1ed-4531-8744-2d85ce2f79ca:group-35644B026B35 changes role from null to FOLLOWER at term 0 for startAsFollower
2019-07-14 08:45:33,871 INFO  impl.RoleInfo (RoleInfo.java:updateAndGet(143)) - 7a29fe3b-a1ed-4531-8744-2d85ce2f79ca: start FollowerState
2019-07-14 08:45:33,872 INFO  util.JmxRegister (JmxRegister.java:tryRegister(44)) - Successfully registered JMX Bean with object name Ratis:service=RaftServer,group=group-35644B026B35,id=7a29fe3b-a1ed-4531-8744-2d85ce2f79ca
2019-07-14 08:45:33,894 INFO  pipeline.PipelineStateManager (PipelineStateManager.java:addPipeline(56)) - Created pipeline Pipeline[ Id: 65e5e110-97a5-4994-ae5e-35644b026b35, Nodes: 7a29fe3b-a1ed-4531-8744-2d85ce2f79ca{ip: 192.168.5.191, host: trunk-nightly-5z2vd-27108033, networkLocation: /default-rack, certSerialId: null}, Type:RATIS, Factor:ONE, State:OPEN]
2019-07-14 08:45:33,924 INFO  node.SCMNodeManager (SCMNodeManager.java:register(269)) - Registered Data node : e4873b1b-62a6-4d29-aa3a-7b679fe7112a{ip: 192.168.5.191, host: trunk-nightly-5z2vd-27108033, networkLocation: /default-rack, certSerialId: null}
2019-07-14 08:45:33,931 INFO  impl.RaftServerProxy (RaftServerProxy.java:addNew(89)) - f19009df-2545-41d8-9754-b1757b9c4cf3: addNew group-0FA686B7D240:[f19009df-2545-41d8-9754-b1757b9c4cf3:192.168.5.191:41484] returns group-0FA686B7D240:java.util.concurrent.CompletableFuture@4bc855b7[Not completed]
2019-07-14 08:45:33,933 INFO  impl.RaftServerImpl (RaftServerImpl.java:<init>(93)) - f19009df-2545-41d8-9754-b1757b9c4cf3: new RaftServerImpl for group-0FA686B7D240:[f19009df-2545-41d8-9754-b1757b9c4cf3:192.168.5.191:41484] with ContainerStateMachine:uninitialized
2019-07-14 08:45:33,933 INFO  server.RaftServerConfigKeys (ConfUtils.java:logGet(43)) - raft.server.rpc.timeout.min = 5s (custom)
2019-07-14 08:45:33,933 INFO  server.RaftServerConfigKeys (ConfUtils.java:logGet(43)) - raft.server.rpc.timeout.max = 5200ms (custom)
2019-07-14 08:45:33,933 INFO  server.RaftServerConfigKeys (ConfUtils.java:logGet(43)) - raft.server.rpcslowness.timeout = 120s (custom)
2019-07-14 08:45:33,934 INFO  server.RaftServerConfigKeys (ConfUtils.java:logGet(43)) - raft.server.sleep.deviation.threshold = 300 (default)
2019-07-14 08:45:33,934 INFO  server.RaftServerConfigKeys (ConfUtils.java:logGet(43)) - raft.server.log.appender.install.snapshot.enabled = false (custom)
2019-07-14 08:45:33,934 INFO  impl.RaftServerImpl (ServerState.java:<init>(105)) - f19009df-2545-41d8-9754-b1757b9c4cf3:group-0FA686B7D240 ConfigurationManager, init=-1: [f19009df-2545-41d8-9754-b1757b9c4cf3:192.168.5.191:41484], old=null, confs=<EMPTY_MAP>
2019-07-14 08:45:33,934 INFO  server.RaftServerConfigKeys (ConfUtils.java:logGet(43)) - raft.server.storage.dir = [/workdir/hadoop-ozone/integration-test/target/test-dir/MiniOzoneClusterImpl-72c865c2-a6a0-476d-8a66-24bab940d2f6/datanode-2/data/ratis] (custom)
2019-07-14 08:45:33,935 INFO  storage.RaftStorageDirectory (RaftStorageDirectory.java:analyzeStorage(246)) - The storage directory /workdir/hadoop-ozone/integration-test/target/test-dir/MiniOzoneClusterImpl-72c865c2-a6a0-476d-8a66-24bab940d2f6/datanode-2/data/ratis/26c68226-d916-4533-80e8-0fa686b7d240 does not exist. Creating ...
2019-07-14 08:45:33,939 INFO  storage.RaftStorageDirectory (RaftStorageDirectory.java:tryLock(328)) - Lock on /workdir/hadoop-ozone/integration-test/target/test-dir/MiniOzoneClusterImpl-72c865c2-a6a0-476d-8a66-24bab940d2f6/datanode-2/data/ratis/26c68226-d916-4533-80e8-0fa686b7d240/in_use.lock acquired by nodename 25207@trunk-nightly-5z2vd-27108033
2019-07-14 08:45:33,944 INFO  storage.RaftStorage (RaftStorage.java:format(72)) - Storage directory /workdir/hadoop-ozone/integration-test/target/test-dir/MiniOzoneClusterImpl-72c865c2-a6a0-476d-8a66-24bab940d2f6/datanode-2/data/ratis/26c68226-d916-4533-80e8-0fa686b7d240 has been successfully formatted.
2019-07-14 08:45:33,944 INFO  ratis.ContainerStateMachine (ContainerStateMachine.java:loadSnapshot(200)) - group-0FA686B7D240: The snapshot info is null. Setting the last applied indexto:(t:0, i:~)
2019-07-14 08:45:33,944 INFO  server.RaftServerConfigKeys (ConfUtils.java:logGet(43)) - raft.server.leader.election.timeout = 120s (custom)
2019-07-14 08:45:33,944 INFO  server.RaftServerConfigKeys (ConfUtils.java:logGet(43)) - raft.server.log.use.memory = false (default)
2019-07-14 08:45:33,945 INFO  server.RaftServerConfigKeys (ConfUtils.java:logGet(43)) - raft.server.log.purge.gap = 1000000000 (custom)
2019-07-14 08:45:33,945 INFO  server.RaftServerConfigKeys (ConfUtils.java:logGet(43)) - raft.server.log.appender.buffer.byte-limit = 33554432 (custom)
2019-07-14 08:45:33,945 INFO  server.RaftServerConfigKeys (ConfUtils.java:logGet(43)) - raft.server.log.segment.size.max = 1048576 (custom)
2019-07-14 08:45:33,945 INFO  server.RaftServerConfigKeys (ConfUtils.java:logGet(43)) - raft.server.log.segment.cache.num.max = 2 (custom)
2019-07-14 08:45:33,945 INFO  segmented.SegmentedRaftLogWorker (SegmentedRaftLogWorker.java:<init>(172)) - new f19009df-2545-41d8-9754-b1757b9c4cf3-SegmentedRaftLogWorker:Storage Directory /workdir/hadoop-ozone/integration-test/target/test-dir/MiniOzoneClusterImpl-72c865c2-a6a0-476d-8a66-24bab940d2f6/datanode-2/data/ratis/26c68226-d916-4533-80e8-0fa686b7d240 for RaftStorage:Storage Directory /workdir/hadoop-ozone/integration-test/target/test-dir/MiniOzoneClusterImpl-72c865c2-a6a0-476d-8a66-24bab940d2f6/datanode-2/data/ratis/26c68226-d916-4533-80e8-0fa686b7d240
2019-07-14 08:45:33,946 INFO  server.RaftServerConfigKeys (ConfUtils.java:logGet(43)) - raft.server.log.queue.byte-limit = 2147483647 (custom)
2019-07-14 08:45:33,946 INFO  server.RaftServerConfigKeys (ConfUtils.java:logGet(43)) - raft.server.log.queue.element-limit = 1024 (custom)
2019-07-14 08:45:33,946 INFO  server.RaftServerConfigKeys (ConfUtils.java:logGet(43)) - raft.server.log.segment.size.max = 1048576 (custom)
2019-07-14 08:45:33,946 INFO  server.RaftServerConfigKeys (ConfUtils.java:logGet(43)) - raft.server.log.preallocated.size = 16384 (custom)
2019-07-14 08:45:33,947 INFO  server.RaftServerConfigKeys (ConfUtils.java:logGet(43)) - raft.server.log.write.buffer.size = 33554432 (custom)
2019-07-14 08:45:33,947 INFO  server.RaftServerConfigKeys (ConfUtils.java:logGet(43)) - raft.server.log.force.sync.num = 128 (default)
2019-07-14 08:45:33,947 INFO  server.RaftServerConfigKeys (ConfUtils.java:logGet(43)) - raft.server.log.statemachine.data.sync = true (default)
2019-07-14 08:45:33,947 INFO  server.RaftServerConfigKeys (ConfUtils.java:logGet(43)) - raft.server.log.statemachine.data.sync.timeout = 10s (default)
2019-07-14 08:45:33,947 INFO  server.RaftServerConfigKeys (ConfUtils.java:logGet(43)) - raft.server.log.statemachine.data.sync.timeout.retry = -1 (default)
2019-07-14 08:45:33,948 INFO  server.RaftServerConfigKeys (ConfUtils.java:logGet(43)) - raft.server.log.statemachine.data.caching.enabled = true (custom)
2019-07-14 08:45:33,948 INFO  segmented.SegmentedRaftLogWorker (SegmentedRaftLogWorker.java:lambda$new$0(132)) - f19009df-2545-41d8-9754-b1757b9c4cf3-SegmentedRaftLogWorker:Storage Directory /workdir/hadoop-ozone/integration-test/target/test-dir/MiniOzoneClusterImpl-72c865c2-a6a0-476d-8a66-24bab940d2f6/datanode-2/data/ratis/26c68226-d916-4533-80e8-0fa686b7d240: flushIndex: setUnconditionally 0 -> -1
2019-07-14 08:45:33,949 INFO  server.RaftServerConfigKeys (ConfUtils.java:logGet(43)) - raft.server.snapshot.auto.trigger.enabled = true (custom)
2019-07-14 08:45:33,949 INFO  server.RaftServerConfigKeys (ConfUtils.java:logGet(43)) - raft.server.snapshot.auto.trigger.threshold = 10000 (custom)
2019-07-14 08:45:33,949 INFO  server.RaftServerConfigKeys (ConfUtils.java:logGet(43)) - raft.server.retrycache.expirytime = 600000ms (custom)
2019-07-14 08:45:33,949 INFO  impl.RaftServerImpl (RaftServerImpl.java:start(180)) - f19009df-2545-41d8-9754-b1757b9c4cf3: start group-0FA686B7D240
2019-07-14 08:45:33,949 INFO  impl.RaftServerImpl (RaftServerImpl.java:setRole(171)) - f19009df-2545-41d8-9754-b1757b9c4cf3:group-0FA686B7D240 changes role from null to FOLLOWER at term 0 for startAsFollower
2019-07-14 08:45:33,950 INFO  impl.RoleInfo (RoleInfo.java:updateAndGet(143)) - f19009df-2545-41d8-9754-b1757b9c4cf3: start FollowerState
2019-07-14 08:45:33,950 INFO  util.JmxRegister (JmxRegister.java:tryRegister(44)) - Successfully registered JMX Bean with object name Ratis:service=RaftServer,group=group-0FA686B7D240,id=f19009df-2545-41d8-9754-b1757b9c4cf3
2019-07-14 08:45:33,963 INFO  pipeline.PipelineStateManager (PipelineStateManager.java:addPipeline(56)) - Created pipeline Pipeline[ Id: 26c68226-d916-4533-80e8-0fa686b7d240, Nodes: f19009df-2545-41d8-9754-b1757b9c4cf3{ip: 192.168.5.191, host: trunk-nightly-5z2vd-27108033, networkLocation: /default-rack, certSerialId: null}, Type:RATIS, Factor:ONE, State:OPEN]
2019-07-14 08:45:33,980 INFO  impl.RaftServerProxy (RaftServerProxy.java:addNew(89)) - e4873b1b-62a6-4d29-aa3a-7b679fe7112a: addNew group-BEE54814E966:[e4873b1b-62a6-4d29-aa3a-7b679fe7112a:192.168.5.191:36972] returns group-BEE54814E966:java.util.concurrent.CompletableFuture@4cdad560[Not completed]
2019-07-14 08:45:33,982 INFO  impl.RaftServerImpl (RaftServerImpl.java:<init>(93)) - e4873b1b-62a6-4d29-aa3a-7b679fe7112a: new RaftServerImpl for group-BEE54814E966:[e4873b1b-62a6-4d29-aa3a-7b679fe7112a:192.168.5.191:36972] with ContainerStateMachine:uninitialized
2019-07-14 08:45:33,982 INFO  server.RaftServerConfigKeys (ConfUtils.java:logGet(43)) - raft.server.rpc.timeout.min = 5s (custom)
2019-07-14 08:45:33,982 INFO  server.RaftServerConfigKeys (ConfUtils.java:logGet(43)) - raft.server.rpc.timeout.max = 5200ms (custom)
2019-07-14 08:45:33,982 INFO  server.RaftServerConfigKeys (ConfUtils.java:logGet(43)) - raft.server.rpcslowness.timeout = 120s (custom)
2019-07-14 08:45:33,982 INFO  server.RaftServerConfigKeys (ConfUtils.java:logGet(43)) - raft.server.sleep.deviation.threshold = 300 (default)
2019-07-14 08:45:33,983 INFO  server.RaftServerConfigKeys (ConfUtils.java:logGet(43)) - raft.server.log.appender.install.snapshot.enabled = false (custom)
2019-07-14 08:45:33,983 INFO  impl.RaftServerImpl (ServerState.java:<init>(105)) - e4873b1b-62a6-4d29-aa3a-7b679fe7112a:group-BEE54814E966 ConfigurationManager, init=-1: [e4873b1b-62a6-4d29-aa3a-7b679fe7112a:192.168.5.191:36972], old=null, confs=<EMPTY_MAP>
2019-07-14 08:45:33,983 INFO  server.RaftServerConfigKeys (ConfUtils.java:logGet(43)) - raft.server.storage.dir = [/workdir/hadoop-ozone/integration-test/target/test-dir/MiniOzoneClusterImpl-72c865c2-a6a0-476d-8a66-24bab940d2f6/datanode-9/data/ratis] (custom)
2019-07-14 08:45:33,983 INFO  storage.RaftStorageDirectory (RaftStorageDirectory.java:analyzeStorage(246)) - The storage directory /workdir/hadoop-ozone/integration-test/target/test-dir/MiniOzoneClusterImpl-72c865c2-a6a0-476d-8a66-24bab940d2f6/datanode-9/data/ratis/e662e952-9521-44a0-b7f0-bee54814e966 does not exist. Creating ...
2019-07-14 08:45:33,987 INFO  storage.RaftStorageDirectory (RaftStorageDirectory.java:tryLock(328)) - Lock on /workdir/hadoop-ozone/integration-test/target/test-dir/MiniOzoneClusterImpl-72c865c2-a6a0-476d-8a66-24bab940d2f6/datanode-9/data/ratis/e662e952-9521-44a0-b7f0-bee54814e966/in_use.lock acquired by nodename 25207@trunk-nightly-5z2vd-27108033
2019-07-14 08:45:33,992 INFO  storage.RaftStorage (RaftStorage.java:format(72)) - Storage directory /workdir/hadoop-ozone/integration-test/target/test-dir/MiniOzoneClusterImpl-72c865c2-a6a0-476d-8a66-24bab940d2f6/datanode-9/data/ratis/e662e952-9521-44a0-b7f0-bee54814e966 has been successfully formatted.
2019-07-14 08:45:33,992 INFO  ratis.ContainerStateMachine (ContainerStateMachine.java:loadSnapshot(200)) - group-BEE54814E966: The snapshot info is null. Setting the last applied indexto:(t:0, i:~)
2019-07-14 08:45:33,992 INFO  server.RaftServerConfigKeys (ConfUtils.java:logGet(43)) - raft.server.leader.election.timeout = 120s (custom)
2019-07-14 08:45:33,993 INFO  server.RaftServerConfigKeys (ConfUtils.java:logGet(43)) - raft.server.log.use.memory = false (default)
2019-07-14 08:45:33,993 INFO  server.RaftServerConfigKeys (ConfUtils.java:logGet(43)) - raft.server.log.purge.gap = 1000000000 (custom)
2019-07-14 08:45:33,993 INFO  server.RaftServerConfigKeys (ConfUtils.java:logGet(43)) - raft.server.log.appender.buffer.byte-limit = 33554432 (custom)
2019-07-14 08:45:33,993 INFO  server.RaftServerConfigKeys (ConfUtils.java:logGet(43)) - raft.server.log.segment.size.max = 1048576 (custom)
2019-07-14 08:45:33,993 INFO  server.RaftServerConfigKeys (ConfUtils.java:logGet(43)) - raft.server.log.segment.cache.num.max = 2 (custom)
2019-07-14 08:45:33,993 INFO  segmented.SegmentedRaftLogWorker (SegmentedRaftLogWorker.java:<init>(172)) - new e4873b1b-62a6-4d29-aa3a-7b679fe7112a-SegmentedRaftLogWorker:Storage Directory /workdir/hadoop-ozone/integration-test/target/test-dir/MiniOzoneClusterImpl-72c865c2-a6a0-476d-8a66-24bab940d2f6/datanode-9/data/ratis/e662e952-9521-44a0-b7f0-bee54814e966 for RaftStorage:Storage Directory /workdir/hadoop-ozone/integration-test/target/test-dir/MiniOzoneClusterImpl-72c865c2-a6a0-476d-8a66-24bab940d2f6/datanode-9/data/ratis/e662e952-9521-44a0-b7f0-bee54814e966
2019-07-14 08:45:33,994 INFO  server.RaftServerConfigKeys (ConfUtils.java:logGet(43)) - raft.server.log.queue.byte-limit = 2147483647 (custom)
2019-07-14 08:45:33,994 INFO  server.RaftServerConfigKeys (ConfUtils.java:logGet(43)) - raft.server.log.queue.element-limit = 1024 (custom)
2019-07-14 08:45:33,994 INFO  server.RaftServerConfigKeys (ConfUtils.java:logGet(43)) - raft.server.log.segment.size.max = 1048576 (custom)
2019-07-14 08:45:33,994 INFO  server.RaftServerConfigKeys (ConfUtils.java:logGet(43)) - raft.server.log.preallocated.size = 16384 (custom)
2019-07-14 08:45:33,994 INFO  server.RaftServerConfigKeys (ConfUtils.java:logGet(43)) - raft.server.log.write.buffer.size = 33554432 (custom)
2019-07-14 08:45:33,995 INFO  server.RaftServerConfigKeys (ConfUtils.java:logGet(43)) - raft.server.log.force.sync.num = 128 (default)
2019-07-14 08:45:33,995 INFO  server.RaftServerConfigKeys (ConfUtils.java:logGet(43)) - raft.server.log.statemachine.data.sync = true (default)
2019-07-14 08:45:33,995 INFO  server.RaftServerConfigKeys (ConfUtils.java:logGet(43)) - raft.server.log.statemachine.data.sync.timeout = 10s (default)
2019-07-14 08:45:33,995 INFO  server.RaftServerConfigKeys (ConfUtils.java:logGet(43)) - raft.server.log.statemachine.data.sync.timeout.retry = -1 (default)
2019-07-14 08:45:33,995 INFO  server.RaftServerConfigKeys (ConfUtils.java:logGet(43)) - raft.server.log.statemachine.data.caching.enabled = true (custom)
2019-07-14 08:45:33,996 INFO  segmented.SegmentedRaftLogWorker (SegmentedRaftLogWorker.java:lambda$new$0(132)) - e4873b1b-62a6-4d29-aa3a-7b679fe7112a-SegmentedRaftLogWorker:Storage Directory /workdir/hadoop-ozone/integration-test/target/test-dir/MiniOzoneClusterImpl-72c865c2-a6a0-476d-8a66-24bab940d2f6/datanode-9/data/ratis/e662e952-9521-44a0-b7f0-bee54814e966: flushIndex: setUnconditionally 0 -> -1
2019-07-14 08:45:33,996 INFO  server.RaftServerConfigKeys (ConfUtils.java:logGet(43)) - raft.server.snapshot.auto.trigger.enabled = true (custom)
2019-07-14 08:45:33,996 INFO  server.RaftServerConfigKeys (ConfUtils.java:logGet(43)) - raft.server.snapshot.auto.trigger.threshold = 10000 (custom)
2019-07-14 08:45:33,997 INFO  server.RaftServerConfigKeys (ConfUtils.java:logGet(43)) - raft.server.retrycache.expirytime = 600000ms (custom)
2019-07-14 08:45:33,997 INFO  impl.RaftServerImpl (RaftServerImpl.java:start(180)) - e4873b1b-62a6-4d29-aa3a-7b679fe7112a: start group-BEE54814E966
2019-07-14 08:45:33,997 INFO  impl.RaftServerImpl (RaftServerImpl.java:setRole(171)) - e4873b1b-62a6-4d29-aa3a-7b679fe7112a:group-BEE54814E966 changes role from null to FOLLOWER at term 0 for startAsFollower
2019-07-14 08:45:33,997 INFO  impl.RoleInfo (RoleInfo.java:updateAndGet(143)) - e4873b1b-62a6-4d29-aa3a-7b679fe7112a: start FollowerState
2019-07-14 08:45:33,998 INFO  util.JmxRegister (JmxRegister.java:tryRegister(44)) - Successfully registered JMX Bean with object name Ratis:service=RaftServer,group=group-BEE54814E966,id=e4873b1b-62a6-4d29-aa3a-7b679fe7112a
2019-07-14 08:45:34,010 INFO  pipeline.PipelineStateManager (PipelineStateManager.java:addPipeline(56)) - Created pipeline Pipeline[ Id: e662e952-9521-44a0-b7f0-bee54814e966, Nodes: e4873b1b-62a6-4d29-aa3a-7b679fe7112a{ip: 192.168.5.191, host: trunk-nightly-5z2vd-27108033, networkLocation: /default-rack, certSerialId: null}, Type:RATIS, Factor:ONE, State:OPEN]
2019-07-14 08:45:34,029 INFO  ozone.MiniOzoneClusterImpl (MiniOzoneClusterImpl.java:lambda$waitForClusterToBeReady$0(142)) - Cluster is ready. Got 10 of 10 DN Heartbeats.
2019-07-14 08:45:34,037 INFO  impl.RaftServerProxy (RaftServerProxy.java:addNew(89)) - 12aa7f86-5f10-495d-8377-e8435df0ec8b: addNew group-06BFF67FCBA5:[12aa7f86-5f10-495d-8377-e8435df0ec8b:192.168.5.191:44276] returns group-06BFF67FCBA5:java.util.concurrent.CompletableFuture@4e681387[Not completed]
2019-07-14 08:45:34,043 INFO  impl.RaftServerImpl (RaftServerImpl.java:<init>(93)) - 12aa7f86-5f10-495d-8377-e8435df0ec8b: new RaftServerImpl for group-06BFF67FCBA5:[12aa7f86-5f10-495d-8377-e8435df0ec8b:192.168.5.191:44276] with ContainerStateMachine:uninitialized
2019-07-14 08:45:34,044 INFO  server.RaftServerConfigKeys (ConfUtils.java:logGet(43)) - raft.server.rpc.timeout.min = 5s (custom)
2019-07-14 08:45:34,044 INFO  server.RaftServerConfigKeys (ConfUtils.java:logGet(43)) - raft.server.rpc.timeout.max = 5200ms (custom)
2019-07-14 08:45:34,044 INFO  server.RaftServerConfigKeys (ConfUtils.java:logGet(43)) - raft.server.rpcslowness.timeout = 120s (custom)
2019-07-14 08:45:34,044 INFO  server.RaftServerConfigKeys (ConfUtils.java:logGet(43)) - raft.server.sleep.deviation.threshold = 300 (default)
2019-07-14 08:45:34,044 INFO  server.RaftServerConfigKeys (ConfUtils.java:logGet(43)) - raft.server.log.appender.install.snapshot.enabled = false (custom)
2019-07-14 08:45:34,045 INFO  impl.RaftServerImpl (ServerState.java:<init>(105)) - 12aa7f86-5f10-495d-8377-e8435df0ec8b:group-06BFF67FCBA5 ConfigurationManager, init=-1: [12aa7f86-5f10-495d-8377-e8435df0ec8b:192.168.5.191:44276], old=null, confs=<EMPTY_MAP>
2019-07-14 08:45:34,045 INFO  server.RaftServerConfigKeys (ConfUtils.java:logGet(43)) - raft.server.storage.dir = [/workdir/hadoop-ozone/integration-test/target/test-dir/MiniOzoneClusterImpl-72c865c2-a6a0-476d-8a66-24bab940d2f6/datanode-6/data/ratis] (custom)
2019-07-14 08:45:34,045 INFO  storage.RaftStorageDirectory (RaftStorageDirectory.java:analyzeStorage(246)) - The storage directory /workdir/hadoop-ozone/integration-test/target/test-dir/MiniOzoneClusterImpl-72c865c2-a6a0-476d-8a66-24bab940d2f6/datanode-6/data/ratis/932fda64-34e4-4335-b73e-06bff67fcba5 does not exist. Creating ...
2019-07-14 08:45:34,061 INFO  storage.RaftStorageDirectory (RaftStorageDirectory.java:tryLock(328)) - Lock on /workdir/hadoop-ozone/integration-test/target/test-dir/MiniOzoneClusterImpl-72c865c2-a6a0-476d-8a66-24bab940d2f6/datanode-6/data/ratis/932fda64-34e4-4335-b73e-06bff67fcba5/in_use.lock acquired by nodename 25207@trunk-nightly-5z2vd-27108033
2019-07-14 08:45:34,065 INFO  storage.RaftStorage (RaftStorage.java:format(72)) - Storage directory /workdir/hadoop-ozone/integration-test/target/test-dir/MiniOzoneClusterImpl-72c865c2-a6a0-476d-8a66-24bab940d2f6/datanode-6/data/ratis/932fda64-34e4-4335-b73e-06bff67fcba5 has been successfully formatted.
2019-07-14 08:45:34,066 INFO  ratis.ContainerStateMachine (ContainerStateMachine.java:loadSnapshot(200)) - group-06BFF67FCBA5: The snapshot info is null. Setting the last applied indexto:(t:0, i:~)
2019-07-14 08:45:34,066 INFO  server.RaftServerConfigKeys (ConfUtils.java:logGet(43)) - raft.server.leader.election.timeout = 120s (custom)
2019-07-14 08:45:34,066 INFO  server.RaftServerConfigKeys (ConfUtils.java:logGet(43)) - raft.server.log.use.memory = false (default)
2019-07-14 08:45:34,066 INFO  server.RaftServerConfigKeys (ConfUtils.java:logGet(43)) - raft.server.log.purge.gap = 1000000000 (custom)
2019-07-14 08:45:34,066 INFO  server.RaftServerConfigKeys (ConfUtils.java:logGet(43)) - raft.server.log.appender.buffer.byte-limit = 33554432 (custom)
2019-07-14 08:45:34,067 INFO  server.RaftServerConfigKeys (ConfUtils.java:logGet(43)) - raft.server.log.segment.size.max = 1048576 (custom)
2019-07-14 08:45:34,067 INFO  server.RaftServerConfigKeys (ConfUtils.java:logGet(43)) - raft.server.log.segment.cache.num.max = 2 (custom)
2019-07-14 08:45:34,067 INFO  segmented.SegmentedRaftLogWorker (SegmentedRaftLogWorker.java:<init>(172)) - new 12aa7f86-5f10-495d-8377-e8435df0ec8b-SegmentedRaftLogWorker:Storage Directory /workdir/hadoop-ozone/integration-test/target/test-dir/MiniOzoneClusterImpl-72c865c2-a6a0-476d-8a66-24bab940d2f6/datanode-6/data/ratis/932fda64-34e4-4335-b73e-06bff67fcba5 for RaftStorage:Storage Directory /workdir/hadoop-ozone/integration-test/target/test-dir/MiniOzoneClusterImpl-72c865c2-a6a0-476d-8a66-24bab940d2f6/datanode-6/data/ratis/932fda64-34e4-4335-b73e-06bff67fcba5
2019-07-14 08:45:34,067 INFO  server.RaftServerConfigKeys (ConfUtils.java:logGet(43)) - raft.server.log.queue.byte-limit = 2147483647 (custom)
2019-07-14 08:45:34,067 INFO  server.RaftServerConfigKeys (ConfUtils.java:logGet(43)) - raft.server.log.queue.element-limit = 1024 (custom)
2019-07-14 08:45:34,068 INFO  server.RaftServerConfigKeys (ConfUtils.java:logGet(43)) - raft.server.log.segment.size.max = 1048576 (custom)
2019-07-14 08:45:34,068 INFO  server.RaftServerConfigKeys (ConfUtils.java:logGet(43)) - raft.server.log.preallocated.size = 16384 (custom)
2019-07-14 08:45:34,068 INFO  server.RaftServerConfigKeys (ConfUtils.java:logGet(43)) - raft.server.log.write.buffer.size = 33554432 (custom)
2019-07-14 08:45:34,068 INFO  server.RaftServerConfigKeys (ConfUtils.java:logGet(43)) - raft.server.log.force.sync.num = 128 (default)
2019-07-14 08:45:34,068 INFO  server.RaftServerConfigKeys (ConfUtils.java:logGet(43)) - raft.server.log.statemachine.data.sync = true (default)
2019-07-14 08:45:34,068 INFO  server.RaftServerConfigKeys (ConfUtils.java:logGet(43)) - raft.server.log.statemachine.data.sync.timeout = 10s (default)
2019-07-14 08:45:34,069 INFO  server.RaftServerConfigKeys (ConfUtils.java:logGet(43)) - raft.server.log.statemachine.data.sync.timeout.retry = -1 (default)
2019-07-14 08:45:34,069 INFO  server.RaftServerConfigKeys (ConfUtils.java:logGet(43)) - raft.server.log.statemachine.data.caching.enabled = true (custom)
2019-07-14 08:45:34,069 INFO  segmented.SegmentedRaftLogWorker (SegmentedRaftLogWorker.java:lambda$new$0(132)) - 12aa7f86-5f10-495d-8377-e8435df0ec8b-SegmentedRaftLogWorker:Storage Directory /workdir/hadoop-ozone/integration-test/target/test-dir/MiniOzoneClusterImpl-72c865c2-a6a0-476d-8a66-24bab940d2f6/datanode-6/data/ratis/932fda64-34e4-4335-b73e-06bff67fcba5: flushIndex: setUnconditionally 0 -> -1
2019-07-14 08:45:34,070 INFO  server.RaftServerConfigKeys (ConfUtils.java:logGet(43)) - raft.server.snapshot.auto.trigger.enabled = true (custom)
2019-07-14 08:45:34,070 INFO  server.RaftServerConfigKeys (ConfUtils.java:logGet(43)) - raft.server.snapshot.auto.trigger.threshold = 10000 (custom)
2019-07-14 08:45:34,070 INFO  server.RaftServerConfigKeys (ConfUtils.java:logGet(43)) - raft.server.retrycache.expirytime = 600000ms (custom)
2019-07-14 08:45:34,071 INFO  impl.RaftServerImpl (RaftServerImpl.java:start(180)) - 12aa7f86-5f10-495d-8377-e8435df0ec8b: start group-06BFF67FCBA5
2019-07-14 08:45:34,071 INFO  impl.RaftServerImpl (RaftServerImpl.java:setRole(171)) - 12aa7f86-5f10-495d-8377-e8435df0ec8b:group-06BFF67FCBA5 changes role from null to FOLLOWER at term 0 for startAsFollower
2019-07-14 08:45:34,071 INFO  impl.RoleInfo (RoleInfo.java:updateAndGet(143)) - 12aa7f86-5f10-495d-8377-e8435df0ec8b: start FollowerState
2019-07-14 08:45:34,071 INFO  util.JmxRegister (JmxRegister.java:tryRegister(44)) - Successfully registered JMX Bean with object name Ratis:service=RaftServer,group=group-06BFF67FCBA5,id=12aa7f86-5f10-495d-8377-e8435df0ec8b
2019-07-14 08:45:34,086 INFO  pipeline.PipelineStateManager (PipelineStateManager.java:addPipeline(56)) - Created pipeline Pipeline[ Id: 932fda64-34e4-4335-b73e-06bff67fcba5, Nodes: 12aa7f86-5f10-495d-8377-e8435df0ec8b{ip: 192.168.5.191, host: trunk-nightly-5z2vd-27108033, networkLocation: /default-rack, certSerialId: null}, Type:RATIS, Factor:ONE, State:OPEN]
2019-07-14 08:45:34,129 INFO  impl.RaftServerProxy (RaftServerProxy.java:addNew(89)) - 5de80204-70d4-47b4-99d5-fb9a56dcd81c: addNew group-7C3FAEC2FC0F:[e4873b1b-62a6-4d29-aa3a-7b679fe7112a:192.168.5.191:36972, 5de80204-70d4-47b4-99d5-fb9a56dcd81c:192.168.5.191:46076, 2c54bd76-8fe6-4c13-b273-d744f6dece58:192.168.5.191:40653] returns group-7C3FAEC2FC0F:java.util.concurrent.CompletableFuture@54d7a6f9[Not completed]
2019-07-14 08:45:34,132 INFO  impl.RaftServerProxy (RaftServerProxy.java:addNew(89)) - 2c54bd76-8fe6-4c13-b273-d744f6dece58: addNew group-7C3FAEC2FC0F:[e4873b1b-62a6-4d29-aa3a-7b679fe7112a:192.168.5.191:36972, 5de80204-70d4-47b4-99d5-fb9a56dcd81c:192.168.5.191:46076, 2c54bd76-8fe6-4c13-b273-d744f6dece58:192.168.5.191:40653] returns group-7C3FAEC2FC0F:java.util.concurrent.CompletableFuture@2367eb92[Not completed]
2019-07-14 08:45:34,132 INFO  impl.RaftServerProxy (RaftServerProxy.java:addNew(89)) - e4873b1b-62a6-4d29-aa3a-7b679fe7112a: addNew group-7C3FAEC2FC0F:[e4873b1b-62a6-4d29-aa3a-7b679fe7112a:192.168.5.191:36972, 5de80204-70d4-47b4-99d5-fb9a56dcd81c:192.168.5.191:46076, 2c54bd76-8fe6-4c13-b273-d744f6dece58:192.168.5.191:40653] returns group-7C3FAEC2FC0F:java.util.concurrent.CompletableFuture@37f4f235[Not completed]
2019-07-14 08:45:34,133 INFO  impl.RaftServerImpl (RaftServerImpl.java:<init>(93)) - 5de80204-70d4-47b4-99d5-fb9a56dcd81c: new RaftServerImpl for group-7C3FAEC2FC0F:[e4873b1b-62a6-4d29-aa3a-7b679fe7112a:192.168.5.191:36972, 5de80204-70d4-47b4-99d5-fb9a56dcd81c:192.168.5.191:46076, 2c54bd76-8fe6-4c13-b273-d744f6dece58:192.168.5.191:40653] with ContainerStateMachine:uninitialized
2019-07-14 08:45:34,133 INFO  server.RaftServerConfigKeys (ConfUtils.java:logGet(43)) - raft.server.rpc.timeout.min = 5s (custom)
2019-07-14 08:45:34,133 INFO  server.RaftServerConfigKeys (ConfUtils.java:logGet(43)) - raft.server.rpc.timeout.max = 5200ms (custom)
2019-07-14 08:45:34,133 INFO  server.RaftServerConfigKeys (ConfUtils.java:logGet(43)) - raft.server.rpcslowness.timeout = 120s (custom)
2019-07-14 08:45:34,134 INFO  server.RaftServerConfigKeys (ConfUtils.java:logGet(43)) - raft.server.sleep.deviation.threshold = 300 (default)
2019-07-14 08:45:34,134 INFO  impl.RaftServerImpl (RaftServerImpl.java:<init>(93)) - 2c54bd76-8fe6-4c13-b273-d744f6dece58: new RaftServerImpl for group-7C3FAEC2FC0F:[e4873b1b-62a6-4d29-aa3a-7b679fe7112a:192.168.5.191:36972, 5de80204-70d4-47b4-99d5-fb9a56dcd81c:192.168.5.191:46076, 2c54bd76-8fe6-4c13-b273-d744f6dece58:192.168.5.191:40653] with ContainerStateMachine:uninitialized
2019-07-14 08:45:34,134 INFO  server.RaftServerConfigKeys (ConfUtils.java:logGet(43)) - raft.server.log.appender.install.snapshot.enabled = false (custom)
2019-07-14 08:45:34,134 INFO  server.RaftServerConfigKeys (ConfUtils.java:logGet(43)) - raft.server.rpc.timeout.min = 5s (custom)
2019-07-14 08:45:34,134 INFO  impl.RaftServerImpl (ServerState.java:<init>(105)) - 5de80204-70d4-47b4-99d5-fb9a56dcd81c:group-7C3FAEC2FC0F ConfigurationManager, init=-1: [e4873b1b-62a6-4d29-aa3a-7b679fe7112a:192.168.5.191:36972, 5de80204-70d4-47b4-99d5-fb9a56dcd81c:192.168.5.191:46076, 2c54bd76-8fe6-4c13-b273-d744f6dece58:192.168.5.191:40653], old=null, confs=<EMPTY_MAP>
2019-07-14 08:45:34,134 INFO  server.RaftServerConfigKeys (ConfUtils.java:logGet(43)) - raft.server.rpc.timeout.max = 5200ms (custom)
2019-07-14 08:45:34,134 INFO  server.RaftServerConfigKeys (ConfUtils.java:logGet(43)) - raft.server.storage.dir = [/workdir/hadoop-ozone/integration-test/target/test-dir/MiniOzoneClusterImpl-72c865c2-a6a0-476d-8a66-24bab940d2f6/datanode-8/data/ratis] (custom)
2019-07-14 08:45:34,134 INFO  server.RaftServerConfigKeys (ConfUtils.java:logGet(43)) - raft.server.rpcslowness.timeout = 120s (custom)
2019-07-14 08:45:34,134 INFO  impl.RaftServerImpl (RaftServerImpl.java:<init>(93)) - e4873b1b-62a6-4d29-aa3a-7b679fe7112a: new RaftServerImpl for group-7C3FAEC2FC0F:[e4873b1b-62a6-4d29-aa3a-7b679fe7112a:192.168.5.191:36972, 5de80204-70d4-47b4-99d5-fb9a56dcd81c:192.168.5.191:46076, 2c54bd76-8fe6-4c13-b273-d744f6dece58:192.168.5.191:40653] with ContainerStateMachine:uninitialized
2019-07-14 08:45:34,135 INFO  server.RaftServerConfigKeys (ConfUtils.java:logGet(43)) - raft.server.sleep.deviation.threshold = 300 (default)
2019-07-14 08:45:34,135 INFO  storage.RaftStorageDirectory (RaftStorageDirectory.java:analyzeStorage(246)) - The storage directory /workdir/hadoop-ozone/integration-test/target/test-dir/MiniOzoneClusterImpl-72c865c2-a6a0-476d-8a66-24bab940d2f6/datanode-8/data/ratis/8556f089-f602-4c86-bba3-7c3faec2fc0f does not exist. Creating ...
2019-07-14 08:45:34,135 INFO  server.RaftServerConfigKeys (ConfUtils.java:logGet(43)) - raft.server.rpc.timeout.min = 5s (custom)
2019-07-14 08:45:34,135 INFO  server.RaftServerConfigKeys (ConfUtils.java:logGet(43)) - raft.server.log.appender.install.snapshot.enabled = false (custom)
2019-07-14 08:45:34,135 INFO  server.RaftServerConfigKeys (ConfUtils.java:logGet(43)) - raft.server.rpc.timeout.max = 5200ms (custom)
2019-07-14 08:45:34,135 INFO  impl.RaftServerImpl (ServerState.java:<init>(105)) - 2c54bd76-8fe6-4c13-b273-d744f6dece58:group-7C3FAEC2FC0F ConfigurationManager, init=-1: [e4873b1b-62a6-4d29-aa3a-7b679fe7112a:192.168.5.191:36972, 5de80204-70d4-47b4-99d5-fb9a56dcd81c:192.168.5.191:46076, 2c54bd76-8fe6-4c13-b273-d744f6dece58:192.168.5.191:40653], old=null, confs=<EMPTY_MAP>
2019-07-14 08:45:34,136 INFO  server.RaftServerConfigKeys (ConfUtils.java:logGet(43)) - raft.server.rpcslowness.timeout = 120s (custom)
2019-07-14 08:45:34,136 INFO  server.RaftServerConfigKeys (ConfUtils.java:logGet(43)) - raft.server.storage.dir = [/workdir/hadoop-ozone/integration-test/target/test-dir/MiniOzoneClusterImpl-72c865c2-a6a0-476d-8a66-24bab940d2f6/datanode-3/data/ratis] (custom)
2019-07-14 08:45:34,136 INFO  server.RaftServerConfigKeys (ConfUtils.java:logGet(43)) - raft.server.sleep.deviation.threshold = 300 (default)
2019-07-14 08:45:34,136 INFO  server.RaftServerConfigKeys (ConfUtils.java:logGet(43)) - raft.server.log.appender.install.snapshot.enabled = false (custom)
2019-07-14 08:45:34,136 INFO  storage.RaftStorageDirectory (RaftStorageDirectory.java:analyzeStorage(246)) - The storage directory /workdir/hadoop-ozone/integration-test/target/test-dir/MiniOzoneClusterImpl-72c865c2-a6a0-476d-8a66-24bab940d2f6/datanode-3/data/ratis/8556f089-f602-4c86-bba3-7c3faec2fc0f does not exist. Creating ...
2019-07-14 08:45:34,136 INFO  impl.RaftServerImpl (ServerState.java:<init>(105)) - e4873b1b-62a6-4d29-aa3a-7b679fe7112a:group-7C3FAEC2FC0F ConfigurationManager, init=-1: [e4873b1b-62a6-4d29-aa3a-7b679fe7112a:192.168.5.191:36972, 5de80204-70d4-47b4-99d5-fb9a56dcd81c:192.168.5.191:46076, 2c54bd76-8fe6-4c13-b273-d744f6dece58:192.168.5.191:40653], old=null, confs=<EMPTY_MAP>
2019-07-14 08:45:34,136 INFO  server.RaftServerConfigKeys (ConfUtils.java:logGet(43)) - raft.server.storage.dir = [/workdir/hadoop-ozone/integration-test/target/test-dir/MiniOzoneClusterImpl-72c865c2-a6a0-476d-8a66-24bab940d2f6/datanode-9/data/ratis] (custom)
2019-07-14 08:45:34,137 INFO  storage.RaftStorageDirectory (RaftStorageDirectory.java:analyzeStorage(246)) - The storage directory /workdir/hadoop-ozone/integration-test/target/test-dir/MiniOzoneClusterImpl-72c865c2-a6a0-476d-8a66-24bab940d2f6/datanode-9/data/ratis/8556f089-f602-4c86-bba3-7c3faec2fc0f does not exist. Creating ...
2019-07-14 08:45:34,141 INFO  storage.RaftStorageDirectory (RaftStorageDirectory.java:tryLock(328)) - Lock on /workdir/hadoop-ozone/integration-test/target/test-dir/MiniOzoneClusterImpl-72c865c2-a6a0-476d-8a66-24bab940d2f6/datanode-8/data/ratis/8556f089-f602-4c86-bba3-7c3faec2fc0f/in_use.lock acquired by nodename 25207@trunk-nightly-5z2vd-27108033
2019-07-14 08:45:34,141 INFO  storage.RaftStorageDirectory (RaftStorageDirectory.java:tryLock(328)) - Lock on /workdir/hadoop-ozone/integration-test/target/test-dir/MiniOzoneClusterImpl-72c865c2-a6a0-476d-8a66-24bab940d2f6/datanode-3/data/ratis/8556f089-f602-4c86-bba3-7c3faec2fc0f/in_use.lock acquired by nodename 25207@trunk-nightly-5z2vd-27108033
2019-07-14 08:45:34,142 INFO  storage.RaftStorageDirectory (RaftStorageDirectory.java:tryLock(328)) - Lock on /workdir/hadoop-ozone/integration-test/target/test-dir/MiniOzoneClusterImpl-72c865c2-a6a0-476d-8a66-24bab940d2f6/datanode-9/data/ratis/8556f089-f602-4c86-bba3-7c3faec2fc0f/in_use.lock acquired by nodename 25207@trunk-nightly-5z2vd-27108033
2019-07-14 08:45:34,144 INFO  storage.RaftStorage (RaftStorage.java:format(72)) - Storage directory /workdir/hadoop-ozone/integration-test/target/test-dir/MiniOzoneClusterImpl-72c865c2-a6a0-476d-8a66-24bab940d2f6/datanode-8/data/ratis/8556f089-f602-4c86-bba3-7c3faec2fc0f has been successfully formatted.
2019-07-14 08:45:34,144 INFO  storage.RaftStorage (RaftStorage.java:format(72)) - Storage directory /workdir/hadoop-ozone/integration-test/target/test-dir/MiniOzoneClusterImpl-72c865c2-a6a0-476d-8a66-24bab940d2f6/datanode-3/data/ratis/8556f089-f602-4c86-bba3-7c3faec2fc0f has been successfully formatted.
2019-07-14 08:45:34,145 INFO  ratis.ContainerStateMachine (ContainerStateMachine.java:loadSnapshot(200)) - group-7C3FAEC2FC0F: The snapshot info is null. Setting the last applied indexto:(t:0, i:~)
2019-07-14 08:45:34,145 INFO  ratis.ContainerStateMachine (ContainerStateMachine.java:loadSnapshot(200)) - group-7C3FAEC2FC0F: The snapshot info is null. Setting the last applied indexto:(t:0, i:~)
2019-07-14 08:45:34,145 INFO  server.RaftServerConfigKeys (ConfUtils.java:logGet(43)) - raft.server.leader.election.timeout = 120s (custom)
2019-07-14 08:45:34,145 INFO  server.RaftServerConfigKeys (ConfUtils.java:logGet(43)) - raft.server.leader.election.timeout = 120s (custom)
2019-07-14 08:45:34,145 INFO  server.RaftServerConfigKeys (ConfUtils.java:logGet(43)) - raft.server.log.use.memory = false (default)
2019-07-14 08:45:34,145 INFO  server.RaftServerConfigKeys (ConfUtils.java:logGet(43)) - raft.server.log.use.memory = false (default)
2019-07-14 08:45:34,145 INFO  server.RaftServerConfigKeys (ConfUtils.java:logGet(43)) - raft.server.log.purge.gap = 1000000000 (custom)
2019-07-14 08:45:34,145 INFO  server.RaftServerConfigKeys (ConfUtils.java:logGet(43)) - raft.server.log.purge.gap = 1000000000 (custom)
2019-07-14 08:45:34,146 INFO  server.RaftServerConfigKeys (ConfUtils.java:logGet(43)) - raft.server.log.appender.buffer.byte-limit = 33554432 (custom)
2019-07-14 08:45:34,146 INFO  server.RaftServerConfigKeys (ConfUtils.java:logGet(43)) - raft.server.log.appender.buffer.byte-limit = 33554432 (custom)
2019-07-14 08:45:34,146 INFO  server.RaftServerConfigKeys (ConfUtils.java:logGet(43)) - raft.server.log.segment.size.max = 1048576 (custom)
2019-07-14 08:45:34,146 INFO  server.RaftServerConfigKeys (ConfUtils.java:logGet(43)) - raft.server.log.segment.size.max = 1048576 (custom)
2019-07-14 08:45:34,146 INFO  server.RaftServerConfigKeys (ConfUtils.java:logGet(43)) - raft.server.log.segment.cache.num.max = 2 (custom)
2019-07-14 08:45:34,146 INFO  server.RaftServerConfigKeys (ConfUtils.java:logGet(43)) - raft.server.log.segment.cache.num.max = 2 (custom)
2019-07-14 08:45:34,147 INFO  storage.RaftStorage (RaftStorage.java:format(72)) - Storage directory /workdir/hadoop-ozone/integration-test/target/test-dir/MiniOzoneClusterImpl-72c865c2-a6a0-476d-8a66-24bab940d2f6/datanode-9/data/ratis/8556f089-f602-4c86-bba3-7c3faec2fc0f has been successfully formatted.
2019-07-14 08:45:34,147 INFO  segmented.SegmentedRaftLogWorker (SegmentedRaftLogWorker.java:<init>(172)) - new 5de80204-70d4-47b4-99d5-fb9a56dcd81c-SegmentedRaftLogWorker:Storage Directory /workdir/hadoop-ozone/integration-test/target/test-dir/MiniOzoneClusterImpl-72c865c2-a6a0-476d-8a66-24bab940d2f6/datanode-8/data/ratis/8556f089-f602-4c86-bba3-7c3faec2fc0f for RaftStorage:Storage Directory /workdir/hadoop-ozone/integration-test/target/test-dir/MiniOzoneClusterImpl-72c865c2-a6a0-476d-8a66-24bab940d2f6/datanode-8/data/ratis/8556f089-f602-4c86-bba3-7c3faec2fc0f
2019-07-14 08:45:34,147 INFO  segmented.SegmentedRaftLogWorker (SegmentedRaftLogWorker.java:<init>(172)) - new 2c54bd76-8fe6-4c13-b273-d744f6dece58-SegmentedRaftLogWorker:Storage Directory /workdir/hadoop-ozone/integration-test/target/test-dir/MiniOzoneClusterImpl-72c865c2-a6a0-476d-8a66-24bab940d2f6/datanode-3/data/ratis/8556f089-f602-4c86-bba3-7c3faec2fc0f for RaftStorage:Storage Directory /workdir/hadoop-ozone/integration-test/target/test-dir/MiniOzoneClusterImpl-72c865c2-a6a0-476d-8a66-24bab940d2f6/datanode-3/data/ratis/8556f089-f602-4c86-bba3-7c3faec2fc0f
2019-07-14 08:45:34,147 INFO  server.RaftServerConfigKeys (ConfUtils.java:logGet(43)) - raft.server.log.queue.byte-limit = 2147483647 (custom)
2019-07-14 08:45:34,147 INFO  ratis.ContainerStateMachine (ContainerStateMachine.java:loadSnapshot(200)) - group-7C3FAEC2FC0F: The snapshot info is null. Setting the last applied indexto:(t:0, i:~)
2019-07-14 08:45:34,151 INFO  server.RaftServerConfigKeys (ConfUtils.java:logGet(43)) - raft.server.log.queue.element-limit = 1024 (custom)
2019-07-14 08:45:34,151 INFO  server.RaftServerConfigKeys (ConfUtils.java:logGet(43)) - raft.server.log.queue.byte-limit = 2147483647 (custom)
2019-07-14 08:45:34,154 INFO  server.RaftServerConfigKeys (ConfUtils.java:logGet(43)) - raft.server.log.segment.size.max = 1048576 (custom)
2019-07-14 08:45:34,154 INFO  server.RaftServerConfigKeys (ConfUtils.java:logGet(43)) - raft.server.leader.election.timeout = 120s (custom)
2019-07-14 08:45:34,154 INFO  server.RaftServerConfigKeys (ConfUtils.java:logGet(43)) - raft.server.log.preallocated.size = 16384 (custom)
2019-07-14 08:45:34,154 INFO  server.RaftServerConfigKeys (ConfUtils.java:logGet(43)) - raft.server.log.queue.element-limit = 1024 (custom)
2019-07-14 08:45:34,155 INFO  server.RaftServerConfigKeys (ConfUtils.java:logGet(43)) - raft.server.log.write.buffer.size = 33554432 (custom)
2019-07-14 08:45:34,154 INFO  server.RaftServerConfigKeys (ConfUtils.java:logGet(43)) - raft.server.log.use.memory = false (default)
2019-07-14 08:45:34,155 INFO  server.RaftServerConfigKeys (ConfUtils.java:logGet(43)) - raft.server.log.force.sync.num = 128 (default)
2019-07-14 08:45:34,155 INFO  server.RaftServerConfigKeys (ConfUtils.java:logGet(43)) - raft.server.log.segment.size.max = 1048576 (custom)
2019-07-14 08:45:34,155 INFO  server.RaftServerConfigKeys (ConfUtils.java:logGet(43)) - raft.server.log.statemachine.data.sync = true (default)
2019-07-14 08:45:34,155 INFO  server.RaftServerConfigKeys (ConfUtils.java:logGet(43)) - raft.server.log.purge.gap = 1000000000 (custom)
2019-07-14 08:45:34,156 INFO  server.RaftServerConfigKeys (ConfUtils.java:logGet(43)) - raft.server.log.statemachine.data.sync.timeout = 10s (default)
2019-07-14 08:45:34,155 INFO  server.RaftServerConfigKeys (ConfUtils.java:logGet(43)) - raft.server.log.preallocated.size = 16384 (custom)
2019-07-14 08:45:34,156 INFO  server.RaftServerConfigKeys (ConfUtils.java:logGet(43)) - raft.server.log.statemachine.data.sync.timeout.retry = -1 (default)
2019-07-14 08:45:34,156 INFO  server.RaftServerConfigKeys (ConfUtils.java:logGet(43)) - raft.server.log.appender.buffer.byte-limit = 33554432 (custom)
2019-07-14 08:45:34,156 INFO  server.RaftServerConfigKeys (ConfUtils.java:logGet(43)) - raft.server.log.statemachine.data.caching.enabled = true (custom)
2019-07-14 08:45:34,156 INFO  server.RaftServerConfigKeys (ConfUtils.java:logGet(43)) - raft.server.log.write.buffer.size = 33554432 (custom)
2019-07-14 08:45:34,156 INFO  server.RaftServerConfigKeys (ConfUtils.java:logGet(43)) - raft.server.log.segment.size.max = 1048576 (custom)
2019-07-14 08:45:34,157 INFO  segmented.SegmentedRaftLogWorker (SegmentedRaftLogWorker.java:lambda$new$0(132)) - 5de80204-70d4-47b4-99d5-fb9a56dcd81c-SegmentedRaftLogWorker:Storage Directory /workdir/hadoop-ozone/integration-test/target/test-dir/MiniOzoneClusterImpl-72c865c2-a6a0-476d-8a66-24bab940d2f6/datanode-8/data/ratis/8556f089-f602-4c86-bba3-7c3faec2fc0f: flushIndex: setUnconditionally 0 -> -1
2019-07-14 08:45:34,157 INFO  server.RaftServerConfigKeys (ConfUtils.java:logGet(43)) - raft.server.log.force.sync.num = 128 (default)
2019-07-14 08:45:34,157 INFO  server.RaftServerConfigKeys (ConfUtils.java:logGet(43)) - raft.server.log.statemachine.data.sync = true (default)
2019-07-14 08:45:34,157 INFO  server.RaftServerConfigKeys (ConfUtils.java:logGet(43)) - raft.server.log.segment.cache.num.max = 2 (custom)
2019-07-14 08:45:34,158 INFO  server.RaftServerConfigKeys (ConfUtils.java:logGet(43)) - raft.server.log.statemachine.data.sync.timeout = 10s (default)
2019-07-14 08:45:34,157 INFO  server.RaftServerConfigKeys (ConfUtils.java:logGet(43)) - raft.server.snapshot.auto.trigger.enabled = true (custom)
2019-07-14 08:45:34,158 INFO  server.RaftServerConfigKeys (ConfUtils.java:logGet(43)) - raft.server.log.statemachine.data.sync.timeout.retry = -1 (default)
2019-07-14 08:45:34,158 INFO  segmented.SegmentedRaftLogWorker (SegmentedRaftLogWorker.java:<init>(172)) - new e4873b1b-62a6-4d29-aa3a-7b679fe7112a-SegmentedRaftLogWorker:Storage Directory /workdir/hadoop-ozone/integration-test/target/test-dir/MiniOzoneClusterImpl-72c865c2-a6a0-476d-8a66-24bab940d2f6/datanode-9/data/ratis/8556f089-f602-4c86-bba3-7c3faec2fc0f for RaftStorage:Storage Directory /workdir/hadoop-ozone/integration-test/target/test-dir/MiniOzoneClusterImpl-72c865c2-a6a0-476d-8a66-24bab940d2f6/datanode-9/data/ratis/8556f089-f602-4c86-bba3-7c3faec2fc0f
2019-07-14 08:45:34,158 INFO  server.RaftServerConfigKeys (ConfUtils.java:logGet(43)) - raft.server.log.statemachine.data.caching.enabled = true (custom)
2019-07-14 08:45:34,158 INFO  server.RaftServerConfigKeys (ConfUtils.java:logGet(43)) - raft.server.snapshot.auto.trigger.threshold = 10000 (custom)
2019-07-14 08:45:34,158 INFO  server.RaftServerConfigKeys (ConfUtils.java:logGet(43)) - raft.server.log.queue.byte-limit = 2147483647 (custom)
2019-07-14 08:45:34,161 INFO  server.RaftServerConfigKeys (ConfUtils.java:logGet(43)) - raft.server.retrycache.expirytime = 600000ms (custom)
2019-07-14 08:45:34,161 INFO  segmented.SegmentedRaftLogWorker (SegmentedRaftLogWorker.java:lambda$new$0(132)) - 2c54bd76-8fe6-4c13-b273-d744f6dece58-SegmentedRaftLogWorker:Storage Directory /workdir/hadoop-ozone/integration-test/target/test-dir/MiniOzoneClusterImpl-72c865c2-a6a0-476d-8a66-24bab940d2f6/datanode-3/data/ratis/8556f089-f602-4c86-bba3-7c3faec2fc0f: flushIndex: setUnconditionally 0 -> -1
2019-07-14 08:45:34,161 INFO  impl.RaftServerImpl (RaftServerImpl.java:start(180)) - 5de80204-70d4-47b4-99d5-fb9a56dcd81c: start group-7C3FAEC2FC0F
2019-07-14 08:45:34,161 INFO  server.RaftServerConfigKeys (ConfUtils.java:logGet(43)) - raft.server.log.queue.element-limit = 1024 (custom)
2019-07-14 08:45:34,161 INFO  server.RaftServerConfigKeys (ConfUtils.java:logGet(43)) - raft.server.snapshot.auto.trigger.enabled = true (custom)
2019-07-14 08:45:34,161 INFO  impl.RaftServerImpl (RaftServerImpl.java:setRole(171)) - 5de80204-70d4-47b4-99d5-fb9a56dcd81c:group-7C3FAEC2FC0F changes role from null to FOLLOWER at term 0 for startAsFollower
2019-07-14 08:45:34,162 INFO  server.RaftServerConfigKeys (ConfUtils.java:logGet(43)) - raft.server.snapshot.auto.trigger.threshold = 10000 (custom)
2019-07-14 08:45:34,162 INFO  server.RaftServerConfigKeys (ConfUtils.java:logGet(43)) - raft.server.log.segment.size.max = 1048576 (custom)
2019-07-14 08:45:34,162 INFO  server.RaftServerConfigKeys (ConfUtils.java:logGet(43)) - raft.server.retrycache.expirytime = 600000ms (custom)
2019-07-14 08:45:34,162 INFO  impl.RoleInfo (RoleInfo.java:updateAndGet(143)) - 5de80204-70d4-47b4-99d5-fb9a56dcd81c: start FollowerState
2019-07-14 08:45:34,162 INFO  impl.RaftServerImpl (RaftServerImpl.java:start(180)) - 2c54bd76-8fe6-4c13-b273-d744f6dece58: start group-7C3FAEC2FC0F
2019-07-14 08:45:34,163 INFO  impl.RaftServerImpl (RaftServerImpl.java:setRole(171)) - 2c54bd76-8fe6-4c13-b273-d744f6dece58:group-7C3FAEC2FC0F changes role from null to FOLLOWER at term 0 for startAsFollower
2019-07-14 08:45:34,162 INFO  server.RaftServerConfigKeys (ConfUtils.java:logGet(43)) - raft.server.log.preallocated.size = 16384 (custom)
2019-07-14 08:45:34,163 INFO  util.JmxRegister (JmxRegister.java:tryRegister(44)) - Successfully registered JMX Bean with object name Ratis:service=RaftServer,group=group-7C3FAEC2FC0F,id=5de80204-70d4-47b4-99d5-fb9a56dcd81c
2019-07-14 08:45:34,163 INFO  server.RaftServerConfigKeys (ConfUtils.java:logGet(43)) - raft.server.log.write.buffer.size = 33554432 (custom)
2019-07-14 08:45:34,163 INFO  impl.RoleInfo (RoleInfo.java:updateAndGet(143)) - 2c54bd76-8fe6-4c13-b273-d744f6dece58: start FollowerState
2019-07-14 08:45:34,163 INFO  server.RaftServerConfigKeys (ConfUtils.java:logGet(43)) - raft.server.log.force.sync.num = 128 (default)
2019-07-14 08:45:34,164 INFO  server.RaftServerConfigKeys (ConfUtils.java:logGet(43)) - raft.server.log.statemachine.data.sync = true (default)
2019-07-14 08:45:34,164 INFO  util.JmxRegister (JmxRegister.java:tryRegister(44)) - Successfully registered JMX Bean with object name Ratis:service=RaftServer,group=group-7C3FAEC2FC0F,id=2c54bd76-8fe6-4c13-b273-d744f6dece58
2019-07-14 08:45:34,164 INFO  server.RaftServerConfigKeys (ConfUtils.java:logGet(43)) - raft.server.log.statemachine.data.sync.timeout = 10s (default)
2019-07-14 08:45:34,164 INFO  server.RaftServerConfigKeys (ConfUtils.java:logGet(43)) - raft.server.log.statemachine.data.sync.timeout.retry = -1 (default)
2019-07-14 08:45:34,164 INFO  server.RaftServerConfigKeys (ConfUtils.java:logGet(43)) - raft.server.log.statemachine.data.caching.enabled = true (custom)
2019-07-14 08:45:34,165 INFO  segmented.SegmentedRaftLogWorker (SegmentedRaftLogWorker.java:lambda$new$0(132)) - e4873b1b-62a6-4d29-aa3a-7b679fe7112a-SegmentedRaftLogWorker:Storage Directory /workdir/hadoop-ozone/integration-test/target/test-dir/MiniOzoneClusterImpl-72c865c2-a6a0-476d-8a66-24bab940d2f6/datanode-9/data/ratis/8556f089-f602-4c86-bba3-7c3faec2fc0f: flushIndex: setUnconditionally 0 -> -1
2019-07-14 08:45:34,167 INFO  server.RaftServerConfigKeys (ConfUtils.java:logGet(43)) - raft.server.snapshot.auto.trigger.enabled = true (custom)
2019-07-14 08:45:34,167 INFO  server.RaftServerConfigKeys (ConfUtils.java:logGet(43)) - raft.server.snapshot.auto.trigger.threshold = 10000 (custom)
2019-07-14 08:45:34,167 INFO  server.RaftServerConfigKeys (ConfUtils.java:logGet(43)) - raft.server.retrycache.expirytime = 600000ms (custom)
2019-07-14 08:45:34,169 INFO  impl.RaftServerImpl (RaftServerImpl.java:start(180)) - e4873b1b-62a6-4d29-aa3a-7b679fe7112a: start group-7C3FAEC2FC0F
2019-07-14 08:45:34,170 INFO  impl.RaftServerImpl (RaftServerImpl.java:setRole(171)) - e4873b1b-62a6-4d29-aa3a-7b679fe7112a:group-7C3FAEC2FC0F changes role from null to FOLLOWER at term 0 for startAsFollower
2019-07-14 08:45:34,172 INFO  impl.RoleInfo (RoleInfo.java:updateAndGet(143)) - e4873b1b-62a6-4d29-aa3a-7b679fe7112a: start FollowerState
2019-07-14 08:45:34,176 INFO  util.JmxRegister (JmxRegister.java:tryRegister(44)) - Successfully registered JMX Bean with object name Ratis:service=RaftServer,group=group-7C3FAEC2FC0F,id=e4873b1b-62a6-4d29-aa3a-7b679fe7112a
2019-07-14 08:45:34,199 INFO  pipeline.PipelineStateManager (PipelineStateManager.java:addPipeline(56)) - Created pipeline Pipeline[ Id: 8556f089-f602-4c86-bba3-7c3faec2fc0f, Nodes: 5de80204-70d4-47b4-99d5-fb9a56dcd81c{ip: 192.168.5.191, host: trunk-nightly-5z2vd-27108033, networkLocation: /default-rack, certSerialId: null}e4873b1b-62a6-4d29-aa3a-7b679fe7112a{ip: 192.168.5.191, host: trunk-nightly-5z2vd-27108033, networkLocation: /default-rack, certSerialId: null}2c54bd76-8fe6-4c13-b273-d744f6dece58{ip: 192.168.5.191, host: trunk-nightly-5z2vd-27108033, networkLocation: /default-rack, certSerialId: null}, Type:RATIS, Factor:THREE, State:OPEN]
2019-07-14 08:45:34,222 INFO  impl.RaftServerProxy (RaftServerProxy.java:addNew(89)) - 4cd1e0ba-84f2-4e54-b0d6-ca02a3ecddad: addNew group-26BB7CA780F5:[4cd1e0ba-84f2-4e54-b0d6-ca02a3ecddad:192.168.5.191:37327, 69100d08-e085-47c5-a851-8dedd4cd4a80:192.168.5.191:38501, ea0dc8f3-e663-4d02-9c60-da7dfa1a2970:192.168.5.191:41116] returns group-26BB7CA780F5:java.util.concurrent.CompletableFuture@24b53c8f[Not completed]
2019-07-14 08:45:34,227 INFO  impl.RaftServerProxy (RaftServerProxy.java:addNew(89)) - ea0dc8f3-e663-4d02-9c60-da7dfa1a2970: addNew group-26BB7CA780F5:[4cd1e0ba-84f2-4e54-b0d6-ca02a3ecddad:192.168.5.191:37327, 69100d08-e085-47c5-a851-8dedd4cd4a80:192.168.5.191:38501, ea0dc8f3-e663-4d02-9c60-da7dfa1a2970:192.168.5.191:41116] returns group-26BB7CA780F5:java.util.concurrent.CompletableFuture@1982aa05[Not completed]
2019-07-14 08:45:34,229 INFO  impl.RaftServerImpl (RaftServerImpl.java:<init>(93)) - 4cd1e0ba-84f2-4e54-b0d6-ca02a3ecddad: new RaftServerImpl for group-26BB7CA780F5:[4cd1e0ba-84f2-4e54-b0d6-ca02a3ecddad:192.168.5.191:37327, 69100d08-e085-47c5-a851-8dedd4cd4a80:192.168.5.191:38501, ea0dc8f3-e663-4d02-9c60-da7dfa1a2970:192.168.5.191:41116] with ContainerStateMachine:uninitialized
2019-07-14 08:45:34,229 INFO  server.RaftServerConfigKeys (ConfUtils.java:logGet(43)) - raft.server.rpc.timeout.min = 5s (custom)
2019-07-14 08:45:34,230 INFO  impl.RaftServerProxy (RaftServerProxy.java:addNew(89)) - 69100d08-e085-47c5-a851-8dedd4cd4a80: addNew group-26BB7CA780F5:[4cd1e0ba-84f2-4e54-b0d6-ca02a3ecddad:192.168.5.191:37327, 69100d08-e085-47c5-a851-8dedd4cd4a80:192.168.5.191:38501, ea0dc8f3-e663-4d02-9c60-da7dfa1a2970:192.168.5.191:41116] returns group-26BB7CA780F5:java.util.concurrent.CompletableFuture@35097552[Not completed]
2019-07-14 08:45:34,230 INFO  server.RaftServerConfigKeys (ConfUtils.java:logGet(43)) - raft.server.rpc.timeout.max = 5200ms (custom)
2019-07-14 08:45:34,230 INFO  server.RaftServerConfigKeys (ConfUtils.java:logGet(43)) - raft.server.rpcslowness.timeout = 120s (custom)
2019-07-14 08:45:34,230 INFO  server.RaftServerConfigKeys (ConfUtils.java:logGet(43)) - raft.server.sleep.deviation.threshold = 300 (default)
2019-07-14 08:45:34,230 INFO  server.RaftServerConfigKeys (ConfUtils.java:logGet(43)) - raft.server.log.appender.install.snapshot.enabled = false (custom)
2019-07-14 08:45:34,230 INFO  impl.RaftServerImpl (ServerState.java:<init>(105)) - 4cd1e0ba-84f2-4e54-b0d6-ca02a3ecddad:group-26BB7CA780F5 ConfigurationManager, init=-1: [4cd1e0ba-84f2-4e54-b0d6-ca02a3ecddad:192.168.5.191:37327, 69100d08-e085-47c5-a851-8dedd4cd4a80:192.168.5.191:38501, ea0dc8f3-e663-4d02-9c60-da7dfa1a2970:192.168.5.191:41116], old=null, confs=<EMPTY_MAP>
2019-07-14 08:45:34,230 INFO  server.RaftServerConfigKeys (ConfUtils.java:logGet(43)) - raft.server.storage.dir = [/workdir/hadoop-ozone/integration-test/target/test-dir/MiniOzoneClusterImpl-72c865c2-a6a0-476d-8a66-24bab940d2f6/datanode-1/data/ratis] (custom)
2019-07-14 08:45:34,230 INFO  impl.RaftServerImpl (RaftServerImpl.java:<init>(93)) - ea0dc8f3-e663-4d02-9c60-da7dfa1a2970: new RaftServerImpl for group-26BB7CA780F5:[4cd1e0ba-84f2-4e54-b0d6-ca02a3ecddad:192.168.5.191:37327, 69100d08-e085-47c5-a851-8dedd4cd4a80:192.168.5.191:38501, ea0dc8f3-e663-4d02-9c60-da7dfa1a2970:192.168.5.191:41116] with ContainerStateMachine:uninitialized
2019-07-14 08:45:34,231 INFO  storage.RaftStorageDirectory (RaftStorageDirectory.java:analyzeStorage(246)) - The storage directory /workdir/hadoop-ozone/integration-test/target/test-dir/MiniOzoneClusterImpl-72c865c2-a6a0-476d-8a66-24bab940d2f6/datanode-1/data/ratis/f178075b-0ee6-462c-88db-26bb7ca780f5 does not exist. Creating ...
2019-07-14 08:45:34,231 INFO  server.RaftServerConfigKeys (ConfUtils.java:logGet(43)) - raft.server.rpc.timeout.min = 5s (custom)
2019-07-14 08:45:34,231 INFO  server.RaftServerConfigKeys (ConfUtils.java:logGet(43)) - raft.server.rpc.timeout.max = 5200ms (custom)
2019-07-14 08:45:34,231 INFO  server.RaftServerConfigKeys (ConfUtils.java:logGet(43)) - raft.server.rpcslowness.timeout = 120s (custom)
2019-07-14 08:45:34,231 INFO  impl.RaftServerImpl (RaftServerImpl.java:<init>(93)) - 69100d08-e085-47c5-a851-8dedd4cd4a80: new RaftServerImpl for group-26BB7CA780F5:[4cd1e0ba-84f2-4e54-b0d6-ca02a3ecddad:192.168.5.191:37327, 69100d08-e085-47c5-a851-8dedd4cd4a80:192.168.5.191:38501, ea0dc8f3-e663-4d02-9c60-da7dfa1a2970:192.168.5.191:41116] with ContainerStateMachine:uninitialized
2019-07-14 08:45:34,231 INFO  server.RaftServerConfigKeys (ConfUtils.java:logGet(43)) - raft.server.sleep.deviation.threshold = 300 (default)
2019-07-14 08:45:34,231 INFO  server.RaftServerConfigKeys (ConfUtils.java:logGet(43)) - raft.server.rpc.timeout.min = 5s (custom)
2019-07-14 08:45:34,231 INFO  server.RaftServerConfigKeys (ConfUtils.java:logGet(43)) - raft.server.log.appender.install.snapshot.enabled = false (custom)
2019-07-14 08:45:34,232 INFO  server.RaftServerConfigKeys (ConfUtils.java:logGet(43)) - raft.server.rpc.timeout.max = 5200ms (custom)
2019-07-14 08:45:34,232 INFO  impl.RaftServerImpl (ServerState.java:<init>(105)) - ea0dc8f3-e663-4d02-9c60-da7dfa1a2970:group-26BB7CA780F5 ConfigurationManager, init=-1: [4cd1e0ba-84f2-4e54-b0d6-ca02a3ecddad:192.168.5.191:37327, 69100d08-e085-47c5-a851-8dedd4cd4a80:192.168.5.191:38501, ea0dc8f3-e663-4d02-9c60-da7dfa1a2970:192.168.5.191:41116], old=null, confs=<EMPTY_MAP>
2019-07-14 08:45:34,232 INFO  server.RaftServerConfigKeys (ConfUtils.java:logGet(43)) - raft.server.rpcslowness.timeout = 120s (custom)
2019-07-14 08:45:34,232 INFO  server.RaftServerConfigKeys (ConfUtils.java:logGet(43)) - raft.server.storage.dir = [/workdir/hadoop-ozone/integration-test/target/test-dir/MiniOzoneClusterImpl-72c865c2-a6a0-476d-8a66-24bab940d2f6/datanode-4/data/ratis] (custom)
2019-07-14 08:45:34,232 INFO  server.RaftServerConfigKeys (ConfUtils.java:logGet(43)) - raft.server.sleep.deviation.threshold = 300 (default)
2019-07-14 08:45:34,232 INFO  server.RaftServerConfigKeys (ConfUtils.java:logGet(43)) - raft.server.log.appender.install.snapshot.enabled = false (custom)
2019-07-14 08:45:34,232 INFO  storage.RaftStorageDirectory (RaftStorageDirectory.java:analyzeStorage(246)) - The storage directory /workdir/hadoop-ozone/integration-test/target/test-dir/MiniOzoneClusterImpl-72c865c2-a6a0-476d-8a66-24bab940d2f6/datanode-4/data/ratis/f178075b-0ee6-462c-88db-26bb7ca780f5 does not exist. Creating ...
2019-07-14 08:45:34,232 INFO  impl.RaftServerImpl (ServerState.java:<init>(105)) - 69100d08-e085-47c5-a851-8dedd4cd4a80:group-26BB7CA780F5 ConfigurationManager, init=-1: [4cd1e0ba-84f2-4e54-b0d6-ca02a3ecddad:192.168.5.191:37327, 69100d08-e085-47c5-a851-8dedd4cd4a80:192.168.5.191:38501, ea0dc8f3-e663-4d02-9c60-da7dfa1a2970:192.168.5.191:41116], old=null, confs=<EMPTY_MAP>
2019-07-14 08:45:34,233 INFO  server.RaftServerConfigKeys (ConfUtils.java:logGet(43)) - raft.server.storage.dir = [/workdir/hadoop-ozone/integration-test/target/test-dir/MiniOzoneClusterImpl-72c865c2-a6a0-476d-8a66-24bab940d2f6/datanode-0/data/ratis] (custom)
2019-07-14 08:45:34,233 INFO  storage.RaftStorageDirectory (RaftStorageDirectory.java:analyzeStorage(246)) - The storage directory /workdir/hadoop-ozone/integration-test/target/test-dir/MiniOzoneClusterImpl-72c865c2-a6a0-476d-8a66-24bab940d2f6/datanode-0/data/ratis/f178075b-0ee6-462c-88db-26bb7ca780f5 does not exist. Creating ...
2019-07-14 08:45:34,235 INFO  storage.RaftStorageDirectory (RaftStorageDirectory.java:tryLock(328)) - Lock on /workdir/hadoop-ozone/integration-test/target/test-dir/MiniOzoneClusterImpl-72c865c2-a6a0-476d-8a66-24bab940d2f6/datanode-1/data/ratis/f178075b-0ee6-462c-88db-26bb7ca780f5/in_use.lock acquired by nodename 25207@trunk-nightly-5z2vd-27108033
2019-07-14 08:45:34,238 INFO  storage.RaftStorageDirectory (RaftStorageDirectory.java:tryLock(328)) - Lock on /workdir/hadoop-ozone/integration-test/target/test-dir/MiniOzoneClusterImpl-72c865c2-a6a0-476d-8a66-24bab940d2f6/datanode-4/data/ratis/f178075b-0ee6-462c-88db-26bb7ca780f5/in_use.lock acquired by nodename 25207@trunk-nightly-5z2vd-27108033
2019-07-14 08:45:34,238 INFO  storage.RaftStorageDirectory (RaftStorageDirectory.java:tryLock(328)) - Lock on /workdir/hadoop-ozone/integration-test/target/test-dir/MiniOzoneClusterImpl-72c865c2-a6a0-476d-8a66-24bab940d2f6/datanode-0/data/ratis/f178075b-0ee6-462c-88db-26bb7ca780f5/in_use.lock acquired by nodename 25207@trunk-nightly-5z2vd-27108033
2019-07-14 08:45:34,245 INFO  storage.RaftStorage (RaftStorage.java:format(72)) - Storage directory /workdir/hadoop-ozone/integration-test/target/test-dir/MiniOzoneClusterImpl-72c865c2-a6a0-476d-8a66-24bab940d2f6/datanode-1/data/ratis/f178075b-0ee6-462c-88db-26bb7ca780f5 has been successfully formatted.
2019-07-14 08:45:34,245 INFO  ratis.ContainerStateMachine (ContainerStateMachine.java:loadSnapshot(200)) - group-26BB7CA780F5: The snapshot info is null. Setting the last applied indexto:(t:0, i:~)
2019-07-14 08:45:34,245 INFO  storage.RaftStorage (RaftStorage.java:format(72)) - Storage directory /workdir/hadoop-ozone/integration-test/target/test-dir/MiniOzoneClusterImpl-72c865c2-a6a0-476d-8a66-24bab940d2f6/datanode-4/data/ratis/f178075b-0ee6-462c-88db-26bb7ca780f5 has been successfully formatted.
2019-07-14 08:45:34,245 INFO  storage.RaftStorage (RaftStorage.java:format(72)) - Storage directory /workdir/hadoop-ozone/integration-test/target/test-dir/MiniOzoneClusterImpl-72c865c2-a6a0-476d-8a66-24bab940d2f6/datanode-0/data/ratis/f178075b-0ee6-462c-88db-26bb7ca780f5 has been successfully formatted.
2019-07-14 08:45:34,245 INFO  server.RaftServerConfigKeys (ConfUtils.java:logGet(43)) - raft.server.leader.election.timeout = 120s (custom)
2019-07-14 08:45:34,246 INFO  ratis.ContainerStateMachine (ContainerStateMachine.java:loadSnapshot(200)) - group-26BB7CA780F5: The snapshot info is null. Setting the last applied indexto:(t:0, i:~)
2019-07-14 08:45:34,246 INFO  ratis.ContainerStateMachine (ContainerStateMachine.java:loadSnapshot(200)) - group-26BB7CA780F5: The snapshot info is null. Setting the last applied indexto:(t:0, i:~)
2019-07-14 08:45:34,246 INFO  server.RaftServerConfigKeys (ConfUtils.java:logGet(43)) - raft.server.log.use.memory = false (default)
2019-07-14 08:45:34,246 INFO  server.RaftServerConfigKeys (ConfUtils.java:logGet(43)) - raft.server.leader.election.timeout = 120s (custom)
2019-07-14 08:45:34,246 INFO  server.RaftServerConfigKeys (ConfUtils.java:logGet(43)) - raft.server.leader.election.timeout = 120s (custom)
2019-07-14 08:45:34,246 INFO  server.RaftServerConfigKeys (ConfUtils.java:logGet(43)) - raft.server.log.use.memory = false (default)
2019-07-14 08:45:34,246 INFO  server.RaftServerConfigKeys (ConfUtils.java:logGet(43)) - raft.server.log.purge.gap = 1000000000 (custom)
2019-07-14 08:45:34,247 INFO  server.RaftServerConfigKeys (ConfUtils.java:logGet(43)) - raft.server.log.purge.gap = 1000000000 (custom)
2019-07-14 08:45:34,247 INFO  server.RaftServerConfigKeys (ConfUtils.java:logGet(43)) - raft.server.log.use.memory = false (default)
2019-07-14 08:45:34,247 INFO  server.RaftServerConfigKeys (ConfUtils.java:logGet(43)) - raft.server.log.appender.buffer.byte-limit = 33554432 (custom)
2019-07-14 08:45:34,247 INFO  server.RaftServerConfigKeys (ConfUtils.java:logGet(43)) - raft.server.log.appender.buffer.byte-limit = 33554432 (custom)
2019-07-14 08:45:34,247 INFO  server.RaftServerConfigKeys (ConfUtils.java:logGet(43)) - raft.server.log.segment.size.max = 1048576 (custom)
2019-07-14 08:45:34,247 INFO  server.RaftServerConfigKeys (ConfUtils.java:logGet(43)) - raft.server.log.purge.gap = 1000000000 (custom)
2019-07-14 08:45:34,248 INFO  server.RaftServerConfigKeys (ConfUtils.java:logGet(43)) - raft.server.log.segment.cache.num.max = 2 (custom)
2019-07-14 08:45:34,248 INFO  server.RaftServerConfigKeys (ConfUtils.java:logGet(43)) - raft.server.log.segment.size.max = 1048576 (custom)
2019-07-14 08:45:34,248 INFO  segmented.SegmentedRaftLogWorker (SegmentedRaftLogWorker.java:<init>(172)) - new 69100d08-e085-47c5-a851-8dedd4cd4a80-SegmentedRaftLogWorker:Storage Directory /workdir/hadoop-ozone/integration-test/target/test-dir/MiniOzoneClusterImpl-72c865c2-a6a0-476d-8a66-24bab940d2f6/datanode-0/data/ratis/f178075b-0ee6-462c-88db-26bb7ca780f5 for RaftStorage:Storage Directory /workdir/hadoop-ozone/integration-test/target/test-dir/MiniOzoneClusterImpl-72c865c2-a6a0-476d-8a66-24bab940d2f6/datanode-0/data/ratis/f178075b-0ee6-462c-88db-26bb7ca780f5
2019-07-14 08:45:34,248 INFO  server.RaftServerConfigKeys (ConfUtils.java:logGet(43)) - raft.server.log.appender.buffer.byte-limit = 33554432 (custom)
2019-07-14 08:45:34,248 INFO  server.RaftServerConfigKeys (ConfUtils.java:logGet(43)) - raft.server.log.queue.byte-limit = 2147483647 (custom)
2019-07-14 08:45:34,248 INFO  server.RaftServerConfigKeys (ConfUtils.java:logGet(43)) - raft.server.log.segment.cache.num.max = 2 (custom)
2019-07-14 08:45:34,251 INFO  server.RaftServerConfigKeys (ConfUtils.java:logGet(43)) - raft.server.log.queue.element-limit = 1024 (custom)
2019-07-14 08:45:34,251 INFO  server.RaftServerConfigKeys (ConfUtils.java:logGet(43)) - raft.server.log.segment.size.max = 1048576 (custom)
2019-07-14 08:45:34,252 INFO  server.RaftServerConfigKeys (ConfUtils.java:logGet(43)) - raft.server.log.segment.size.max = 1048576 (custom)
2019-07-14 08:45:34,251 INFO  segmented.SegmentedRaftLogWorker (SegmentedRaftLogWorker.java:<init>(172)) - new 4cd1e0ba-84f2-4e54-b0d6-ca02a3ecddad-SegmentedRaftLogWorker:Storage Directory /workdir/hadoop-ozone/integration-test/target/test-dir/MiniOzoneClusterImpl-72c865c2-a6a0-476d-8a66-24bab940d2f6/datanode-1/data/ratis/f178075b-0ee6-462c-88db-26bb7ca780f5 for RaftStorage:Storage Directory /workdir/hadoop-ozone/integration-test/target/test-dir/MiniOzoneClusterImpl-72c865c2-a6a0-476d-8a66-24bab940d2f6/datanode-1/data/ratis/f178075b-0ee6-462c-88db-26bb7ca780f5
2019-07-14 08:45:34,252 INFO  server.RaftServerConfigKeys (ConfUtils.java:logGet(43)) - raft.server.log.preallocated.size = 16384 (custom)
2019-07-14 08:45:34,252 INFO  server.RaftServerConfigKeys (ConfUtils.java:logGet(43)) - raft.server.log.segment.cache.num.max = 2 (custom)
2019-07-14 08:45:34,254 INFO  segmented.SegmentedRaftLogWorker (SegmentedRaftLogWorker.java:<init>(172)) - new ea0dc8f3-e663-4d02-9c60-da7dfa1a2970-SegmentedRaftLogWorker:Storage Directory /workdir/hadoop-ozone/integration-test/target/test-dir/MiniOzoneClusterImpl-72c865c2-a6a0-476d-8a66-24bab940d2f6/datanode-4/data/ratis/f178075b-0ee6-462c-88db-26bb7ca780f5 for RaftStorage:Storage Directory /workdir/hadoop-ozone/integration-test/target/test-dir/MiniOzoneClusterImpl-72c865c2-a6a0-476d-8a66-24bab940d2f6/datanode-4/data/ratis/f178075b-0ee6-462c-88db-26bb7ca780f5
2019-07-14 08:45:34,252 INFO  server.RaftServerConfigKeys (ConfUtils.java:logGet(43)) - raft.server.log.write.buffer.size = 33554432 (custom)
2019-07-14 08:45:34,252 INFO  server.RaftServerConfigKeys (ConfUtils.java:logGet(43)) - raft.server.log.queue.byte-limit = 2147483647 (custom)
2019-07-14 08:45:34,255 INFO  server.RaftServerConfigKeys (ConfUtils.java:logGet(43)) - raft.server.log.force.sync.num = 128 (default)
2019-07-14 08:45:34,255 INFO  server.RaftServerConfigKeys (ConfUtils.java:logGet(43)) - raft.server.log.queue.byte-limit = 2147483647 (custom)
2019-07-14 08:45:34,257 INFO  server.RaftServerConfigKeys (ConfUtils.java:logGet(43)) - raft.server.log.statemachine.data.sync = true (default)
2019-07-14 08:45:34,257 INFO  server.RaftServerConfigKeys (ConfUtils.java:logGet(43)) - raft.server.log.queue.element-limit = 1024 (custom)
2019-07-14 08:45:34,258 INFO  server.RaftServerConfigKeys (ConfUtils.java:logGet(43)) - raft.server.log.statemachine.data.sync.timeout = 10s (default)
2019-07-14 08:45:34,258 INFO  server.RaftServerConfigKeys (ConfUtils.java:logGet(43)) - raft.server.log.statemachine.data.sync.timeout.retry = -1 (default)
2019-07-14 08:45:34,257 INFO  server.RaftServerConfigKeys (ConfUtils.java:logGet(43)) - raft.server.log.queue.element-limit = 1024 (custom)
2019-07-14 08:45:34,258 INFO  server.RaftServerConfigKeys (ConfUtils.java:logGet(43)) - raft.server.log.statemachine.data.caching.enabled = true (custom)
2019-07-14 08:45:34,258 INFO  server.RaftServerConfigKeys (ConfUtils.java:logGet(43)) - raft.server.log.segment.size.max = 1048576 (custom)
2019-07-14 08:45:34,258 INFO  server.RaftServerConfigKeys (ConfUtils.java:logGet(43)) - raft.server.log.segment.size.max = 1048576 (custom)
2019-07-14 08:45:34,259 INFO  segmented.SegmentedRaftLogWorker (SegmentedRaftLogWorker.java:lambda$new$0(132)) - 69100d08-e085-47c5-a851-8dedd4cd4a80-SegmentedRaftLogWorker:Storage Directory /workdir/hadoop-ozone/integration-test/target/test-dir/MiniOzoneClusterImpl-72c865c2-a6a0-476d-8a66-24bab940d2f6/datanode-0/data/ratis/f178075b-0ee6-462c-88db-26bb7ca780f5: flushIndex: setUnconditionally 0 -> -1
2019-07-14 08:45:34,259 INFO  server.RaftServerConfigKeys (ConfUtils.java:logGet(43)) - raft.server.log.preallocated.size = 16384 (custom)
2019-07-14 08:45:34,259 INFO  server.RaftServerConfigKeys (ConfUtils.java:logGet(43)) - raft.server.log.preallocated.size = 16384 (custom)
2019-07-14 08:45:34,259 INFO  server.RaftServerConfigKeys (ConfUtils.java:logGet(43)) - raft.server.snapshot.auto.trigger.enabled = true (custom)
2019-07-14 08:45:34,259 INFO  server.RaftServerConfigKeys (ConfUtils.java:logGet(43)) - raft.server.log.write.buffer.size = 33554432 (custom)
2019-07-14 08:45:34,259 INFO  server.RaftServerConfigKeys (ConfUtils.java:logGet(43)) - raft.server.snapshot.auto.trigger.threshold = 10000 (custom)
2019-07-14 08:45:34,259 INFO  server.RaftServerConfigKeys (ConfUtils.java:logGet(43)) - raft.server.log.write.buffer.size = 33554432 (custom)
2019-07-14 08:45:34,260 INFO  server.RaftServerConfigKeys (ConfUtils.java:logGet(43)) - raft.server.retrycache.expirytime = 600000ms (custom)
2019-07-14 08:45:34,260 INFO  server.RaftServerConfigKeys (ConfUtils.java:logGet(43)) - raft.server.log.force.sync.num = 128 (default)
2019-07-14 08:45:34,260 INFO  impl.RaftServerImpl (RaftServerImpl.java:start(180)) - 69100d08-e085-47c5-a851-8dedd4cd4a80: start group-26BB7CA780F5
2019-07-14 08:45:34,260 INFO  impl.RaftServerImpl (RaftServerImpl.java:setRole(171)) - 69100d08-e085-47c5-a851-8dedd4cd4a80:group-26BB7CA780F5 changes role from null to FOLLOWER at term 0 for startAsFollower
2019-07-14 08:45:34,260 INFO  server.RaftServerConfigKeys (ConfUtils.java:logGet(43)) - raft.server.log.force.sync.num = 128 (default)
2019-07-14 08:45:34,260 INFO  impl.RoleInfo (RoleInfo.java:updateAndGet(143)) - 69100d08-e085-47c5-a851-8dedd4cd4a80: start FollowerState
2019-07-14 08:45:34,260 INFO  server.RaftServerConfigKeys (ConfUtils.java:logGet(43)) - raft.server.log.statemachine.data.sync = true (default)
2019-07-14 08:45:34,261 INFO  server.RaftServerConfigKeys (ConfUtils.java:logGet(43)) - raft.server.log.statemachine.data.sync = true (default)
2019-07-14 08:45:34,261 INFO  server.RaftServerConfigKeys (ConfUtils.java:logGet(43)) - raft.server.log.statemachine.data.sync.timeout = 10s (default)
2019-07-14 08:45:34,261 INFO  server.RaftServerConfigKeys (ConfUtils.java:logGet(43)) - raft.server.log.statemachine.data.sync.timeout = 10s (default)
2019-07-14 08:45:34,261 INFO  util.JmxRegister (JmxRegister.java:tryRegister(44)) - Successfully registered JMX Bean with object name Ratis:service=RaftServer,group=group-26BB7CA780F5,id=69100d08-e085-47c5-a851-8dedd4cd4a80
2019-07-14 08:45:34,262 INFO  server.RaftServerConfigKeys (ConfUtils.java:logGet(43)) - raft.server.log.statemachine.data.sync.timeout.retry = -1 (default)
2019-07-14 08:45:34,261 INFO  server.RaftServerConfigKeys (ConfUtils.java:logGet(43)) - raft.server.log.statemachine.data.sync.timeout.retry = -1 (default)
2019-07-14 08:45:34,262 INFO  server.RaftServerConfigKeys (ConfUtils.java:logGet(43)) - raft.server.log.statemachine.data.caching.enabled = true (custom)
2019-07-14 08:45:34,262 INFO  server.RaftServerConfigKeys (ConfUtils.java:logGet(43)) - raft.server.log.statemachine.data.caching.enabled = true (custom)
2019-07-14 08:45:34,262 INFO  segmented.SegmentedRaftLogWorker (SegmentedRaftLogWorker.java:lambda$new$0(132)) - ea0dc8f3-e663-4d02-9c60-da7dfa1a2970-SegmentedRaftLogWorker:Storage Directory /workdir/hadoop-ozone/integration-test/target/test-dir/MiniOzoneClusterImpl-72c865c2-a6a0-476d-8a66-24bab940d2f6/datanode-4/data/ratis/f178075b-0ee6-462c-88db-26bb7ca780f5: flushIndex: setUnconditionally 0 -> -1
2019-07-14 08:45:34,262 INFO  segmented.SegmentedRaftLogWorker (SegmentedRaftLogWorker.java:lambda$new$0(132)) - 4cd1e0ba-84f2-4e54-b0d6-ca02a3ecddad-SegmentedRaftLogWorker:Storage Directory /workdir/hadoop-ozone/integration-test/target/test-dir/MiniOzoneClusterImpl-72c865c2-a6a0-476d-8a66-24bab940d2f6/datanode-1/data/ratis/f178075b-0ee6-462c-88db-26bb7ca780f5: flushIndex: setUnconditionally 0 -> -1
2019-07-14 08:45:34,263 INFO  server.RaftServerConfigKeys (ConfUtils.java:logGet(43)) - raft.server.snapshot.auto.trigger.enabled = true (custom)
2019-07-14 08:45:34,263 INFO  server.RaftServerConfigKeys (ConfUtils.java:logGet(43)) - raft.server.snapshot.auto.trigger.enabled = true (custom)
2019-07-14 08:45:34,263 INFO  server.RaftServerConfigKeys (ConfUtils.java:logGet(43)) - raft.server.snapshot.auto.trigger.threshold = 10000 (custom)
2019-07-14 08:45:34,263 INFO  server.RaftServerConfigKeys (ConfUtils.java:logGet(43)) - raft.server.snapshot.auto.trigger.threshold = 10000 (custom)
2019-07-14 08:45:34,263 INFO  server.RaftServerConfigKeys (ConfUtils.java:logGet(43)) - raft.server.retrycache.expirytime = 600000ms (custom)
2019-07-14 08:45:34,263 INFO  server.RaftServerConfigKeys (ConfUtils.java:logGet(43)) - raft.server.retrycache.expirytime = 600000ms (custom)
2019-07-14 08:45:34,264 INFO  impl.RaftServerImpl (RaftServerImpl.java:start(180)) - ea0dc8f3-e663-4d02-9c60-da7dfa1a2970: start group-26BB7CA780F5
2019-07-14 08:45:34,264 INFO  impl.RaftServerImpl (RaftServerImpl.java:start(180)) - 4cd1e0ba-84f2-4e54-b0d6-ca02a3ecddad: start group-26BB7CA780F5
2019-07-14 08:45:34,264 INFO  impl.RaftServerImpl (RaftServerImpl.java:setRole(171)) - ea0dc8f3-e663-4d02-9c60-da7dfa1a2970:group-26BB7CA780F5 changes role from null to FOLLOWER at term 0 for startAsFollower
2019-07-14 08:45:34,264 INFO  impl.RaftServerImpl (RaftServerImpl.java:setRole(171)) - 4cd1e0ba-84f2-4e54-b0d6-ca02a3ecddad:group-26BB7CA780F5 changes role from null to FOLLOWER at term 0 for startAsFollower
2019-07-14 08:45:34,264 INFO  impl.RoleInfo (RoleInfo.java:updateAndGet(143)) - ea0dc8f3-e663-4d02-9c60-da7dfa1a2970: start FollowerState
2019-07-14 08:45:34,266 INFO  impl.RoleInfo (RoleInfo.java:updateAndGet(143)) - 4cd1e0ba-84f2-4e54-b0d6-ca02a3ecddad: start FollowerState
2019-07-14 08:45:34,267 INFO  util.JmxRegister (JmxRegister.java:tryRegister(44)) - Successfully registered JMX Bean with object name Ratis:service=RaftServer,group=group-26BB7CA780F5,id=ea0dc8f3-e663-4d02-9c60-da7dfa1a2970
2019-07-14 08:45:34,275 INFO  util.JmxRegister (JmxRegister.java:tryRegister(44)) - Successfully registered JMX Bean with object name Ratis:service=RaftServer,group=group-26BB7CA780F5,id=4cd1e0ba-84f2-4e54-b0d6-ca02a3ecddad
2019-07-14 08:45:34,284 INFO  pipeline.PipelineStateManager (PipelineStateManager.java:addPipeline(56)) - Created pipeline Pipeline[ Id: f178075b-0ee6-462c-88db-26bb7ca780f5, Nodes: 4cd1e0ba-84f2-4e54-b0d6-ca02a3ecddad{ip: 192.168.5.191, host: trunk-nightly-5z2vd-27108033, networkLocation: /default-rack, certSerialId: null}ea0dc8f3-e663-4d02-9c60-da7dfa1a2970{ip: 192.168.5.191, host: trunk-nightly-5z2vd-27108033, networkLocation: /default-rack, certSerialId: null}69100d08-e085-47c5-a851-8dedd4cd4a80{ip: 192.168.5.191, host: trunk-nightly-5z2vd-27108033, networkLocation: /default-rack, certSerialId: null}, Type:RATIS, Factor:THREE, State:OPEN]
2019-07-14 08:45:34,309 INFO  impl.RaftServerProxy (RaftServerProxy.java:addNew(89)) - f19009df-2545-41d8-9754-b1757b9c4cf3: addNew group-75DE528D4315:[7a29fe3b-a1ed-4531-8744-2d85ce2f79ca:192.168.5.191:44384, 5f9b465d-ad88-480f-951b-ea9c84e207cd:192.168.5.191:43032, f19009df-2545-41d8-9754-b1757b9c4cf3:192.168.5.191:41484] returns group-75DE528D4315:java.util.concurrent.CompletableFuture@434e193c[Not completed]
2019-07-14 08:45:34,311 INFO  impl.RaftServerProxy (RaftServerProxy.java:addNew(89)) - 7a29fe3b-a1ed-4531-8744-2d85ce2f79ca: addNew group-75DE528D4315:[7a29fe3b-a1ed-4531-8744-2d85ce2f79ca:192.168.5.191:44384, 5f9b465d-ad88-480f-951b-ea9c84e207cd:192.168.5.191:43032, f19009df-2545-41d8-9754-b1757b9c4cf3:192.168.5.191:41484] returns group-75DE528D4315:java.util.concurrent.CompletableFuture@4c18c162[Not completed]
2019-07-14 08:45:34,313 INFO  impl.RaftServerProxy (RaftServerProxy.java:addNew(89)) - 5f9b465d-ad88-480f-951b-ea9c84e207cd: addNew group-75DE528D4315:[7a29fe3b-a1ed-4531-8744-2d85ce2f79ca:192.168.5.191:44384, 5f9b465d-ad88-480f-951b-ea9c84e207cd:192.168.5.191:43032, f19009df-2545-41d8-9754-b1757b9c4cf3:192.168.5.191:41484] returns group-75DE528D4315:java.util.concurrent.CompletableFuture@5d0cef59[Not completed]
2019-07-14 08:45:34,314 INFO  impl.RaftServerImpl (RaftServerImpl.java:<init>(93)) - f19009df-2545-41d8-9754-b1757b9c4cf3: new RaftServerImpl for group-75DE528D4315:[7a29fe3b-a1ed-4531-8744-2d85ce2f79ca:192.168.5.191:44384, 5f9b465d-ad88-480f-951b-ea9c84e207cd:192.168.5.191:43032, f19009df-2545-41d8-9754-b1757b9c4cf3:192.168.5.191:41484] with ContainerStateMachine:uninitialized
2019-07-14 08:45:34,314 INFO  server.RaftServerConfigKeys (ConfUtils.java:logGet(43)) - raft.server.rpc.timeout.min = 5s (custom)
2019-07-14 08:45:34,314 INFO  server.RaftServerConfigKeys (ConfUtils.java:logGet(43)) - raft.server.rpc.timeout.max = 5200ms (custom)
2019-07-14 08:45:34,314 INFO  server.RaftServerConfigKeys (ConfUtils.java:logGet(43)) - raft.server.rpcslowness.timeout = 120s (custom)
2019-07-14 08:45:34,314 INFO  server.RaftServerConfigKeys (ConfUtils.java:logGet(43)) - raft.server.sleep.deviation.threshold = 300 (default)
2019-07-14 08:45:34,314 INFO  server.RaftServerConfigKeys (ConfUtils.java:logGet(43)) - raft.server.log.appender.install.snapshot.enabled = false (custom)
2019-07-14 08:45:34,314 INFO  impl.RaftServerImpl (ServerState.java:<init>(105)) - f19009df-2545-41d8-9754-b1757b9c4cf3:group-75DE528D4315 ConfigurationManager, init=-1: [7a29fe3b-a1ed-4531-8744-2d85ce2f79ca:192.168.5.191:44384, 5f9b465d-ad88-480f-951b-ea9c84e207cd:192.168.5.191:43032, f19009df-2545-41d8-9754-b1757b9c4cf3:192.168.5.191:41484], old=null, confs=<EMPTY_MAP>
2019-07-14 08:45:34,315 INFO  server.RaftServerConfigKeys (ConfUtils.java:logGet(43)) - raft.server.storage.dir = [/workdir/hadoop-ozone/integration-test/target/test-dir/MiniOzoneClusterImpl-72c865c2-a6a0-476d-8a66-24bab940d2f6/datanode-2/data/ratis] (custom)
2019-07-14 08:45:34,315 INFO  impl.RaftServerImpl (RaftServerImpl.java:<init>(93)) - 5f9b465d-ad88-480f-951b-ea9c84e207cd: new RaftServerImpl for group-75DE528D4315:[7a29fe3b-a1ed-4531-8744-2d85ce2f79ca:192.168.5.191:44384, 5f9b465d-ad88-480f-951b-ea9c84e207cd:192.168.5.191:43032, f19009df-2545-41d8-9754-b1757b9c4cf3:192.168.5.191:41484] with ContainerStateMachine:uninitialized
2019-07-14 08:45:34,315 INFO  storage.RaftStorageDirectory (RaftStorageDirectory.java:analyzeStorage(246)) - The storage directory /workdir/hadoop-ozone/integration-test/target/test-dir/MiniOzoneClusterImpl-72c865c2-a6a0-476d-8a66-24bab940d2f6/datanode-2/data/ratis/13d9f30e-836d-4007-b72d-75de528d4315 does not exist. Creating ...
2019-07-14 08:45:34,315 INFO  server.RaftServerConfigKeys (ConfUtils.java:logGet(43)) - raft.server.rpc.timeout.min = 5s (custom)
2019-07-14 08:45:34,315 INFO  server.RaftServerConfigKeys (ConfUtils.java:logGet(43)) - raft.server.rpc.timeout.max = 5200ms (custom)
2019-07-14 08:45:34,315 INFO  impl.RaftServerImpl (RaftServerImpl.java:<init>(93)) - 7a29fe3b-a1ed-4531-8744-2d85ce2f79ca: new RaftServerImpl for group-75DE528D4315:[7a29fe3b-a1ed-4531-8744-2d85ce2f79ca:192.168.5.191:44384, 5f9b465d-ad88-480f-951b-ea9c84e207cd:192.168.5.191:43032, f19009df-2545-41d8-9754-b1757b9c4cf3:192.168.5.191:41484] with ContainerStateMachine:uninitialized
2019-07-14 08:45:34,315 INFO  server.RaftServerConfigKeys (ConfUtils.java:logGet(43)) - raft.server.rpcslowness.timeout = 120s (custom)
2019-07-14 08:45:34,315 INFO  server.RaftServerConfigKeys (ConfUtils.java:logGet(43)) - raft.server.rpc.timeout.min = 5s (custom)
2019-07-14 08:45:34,316 INFO  server.RaftServerConfigKeys (ConfUtils.java:logGet(43)) - raft.server.sleep.deviation.threshold = 300 (default)
2019-07-14 08:45:34,316 INFO  server.RaftServerConfigKeys (ConfUtils.java:logGet(43)) - raft.server.rpc.timeout.max = 5200ms (custom)
2019-07-14 08:45:34,316 INFO  server.RaftServerConfigKeys (ConfUtils.java:logGet(43)) - raft.server.log.appender.install.snapshot.enabled = false (custom)
2019-07-14 08:45:34,316 INFO  server.RaftServerConfigKeys (ConfUtils.java:logGet(43)) - raft.server.rpcslowness.timeout = 120s (custom)
2019-07-14 08:45:34,316 INFO  impl.RaftServerImpl (ServerState.java:<init>(105)) - 5f9b465d-ad88-480f-951b-ea9c84e207cd:group-75DE528D4315 ConfigurationManager, init=-1: [7a29fe3b-a1ed-4531-8744-2d85ce2f79ca:192.168.5.191:44384, 5f9b465d-ad88-480f-951b-ea9c84e207cd:192.168.5.191:43032, f19009df-2545-41d8-9754-b1757b9c4cf3:192.168.5.191:41484], old=null, confs=<EMPTY_MAP>
2019-07-14 08:45:34,316 INFO  server.RaftServerConfigKeys (ConfUtils.java:logGet(43)) - raft.server.sleep.deviation.threshold = 300 (default)
2019-07-14 08:45:34,316 INFO  server.RaftServerConfigKeys (ConfUtils.java:logGet(43)) - raft.server.log.appender.install.snapshot.enabled = false (custom)
2019-07-14 08:45:34,316 INFO  server.RaftServerConfigKeys (ConfUtils.java:logGet(43)) - raft.server.storage.dir = [/workdir/hadoop-ozone/integration-test/target/test-dir/MiniOzoneClusterImpl-72c865c2-a6a0-476d-8a66-24bab940d2f6/datanode-5/data/ratis] (custom)
2019-07-14 08:45:34,316 INFO  impl.RaftServerImpl (ServerState.java:<init>(105)) - 7a29fe3b-a1ed-4531-8744-2d85ce2f79ca:group-75DE528D4315 ConfigurationManager, init=-1: [7a29fe3b-a1ed-4531-8744-2d85ce2f79ca:192.168.5.191:44384, 5f9b465d-ad88-480f-951b-ea9c84e207cd:192.168.5.191:43032, f19009df-2545-41d8-9754-b1757b9c4cf3:192.168.5.191:41484], old=null, confs=<EMPTY_MAP>
2019-07-14 08:45:34,317 INFO  server.RaftServerConfigKeys (ConfUtils.java:logGet(43)) - raft.server.storage.dir = [/workdir/hadoop-ozone/integration-test/target/test-dir/MiniOzoneClusterImpl-72c865c2-a6a0-476d-8a66-24bab940d2f6/datanode-7/data/ratis] (custom)
2019-07-14 08:45:34,317 INFO  storage.RaftStorageDirectory (RaftStorageDirectory.java:analyzeStorage(246)) - The storage directory /workdir/hadoop-ozone/integration-test/target/test-dir/MiniOzoneClusterImpl-72c865c2-a6a0-476d-8a66-24bab940d2f6/datanode-5/data/ratis/13d9f30e-836d-4007-b72d-75de528d4315 does not exist. Creating ...
2019-07-14 08:45:34,317 INFO  storage.RaftStorageDirectory (RaftStorageDirectory.java:analyzeStorage(246)) - The storage directory /workdir/hadoop-ozone/integration-test/target/test-dir/MiniOzoneClusterImpl-72c865c2-a6a0-476d-8a66-24bab940d2f6/datanode-7/data/ratis/13d9f30e-836d-4007-b72d-75de528d4315 does not exist. Creating ...
2019-07-14 08:45:34,319 INFO  storage.RaftStorageDirectory (RaftStorageDirectory.java:tryLock(328)) - Lock on /workdir/hadoop-ozone/integration-test/target/test-dir/MiniOzoneClusterImpl-72c865c2-a6a0-476d-8a66-24bab940d2f6/datanode-2/data/ratis/13d9f30e-836d-4007-b72d-75de528d4315/in_use.lock acquired by nodename 25207@trunk-nightly-5z2vd-27108033
2019-07-14 08:45:34,324 INFO  storage.RaftStorageDirectory (RaftStorageDirectory.java:tryLock(328)) - Lock on /workdir/hadoop-ozone/integration-test/target/test-dir/MiniOzoneClusterImpl-72c865c2-a6a0-476d-8a66-24bab940d2f6/datanode-7/data/ratis/13d9f30e-836d-4007-b72d-75de528d4315/in_use.lock acquired by nodename 25207@trunk-nightly-5z2vd-27108033
2019-07-14 08:45:34,324 INFO  storage.RaftStorage (RaftStorage.java:format(72)) - Storage directory /workdir/hadoop-ozone/integration-test/target/test-dir/MiniOzoneClusterImpl-72c865c2-a6a0-476d-8a66-24bab940d2f6/datanode-2/data/ratis/13d9f30e-836d-4007-b72d-75de528d4315 has been successfully formatted.
2019-07-14 08:45:34,324 INFO  storage.RaftStorageDirectory (RaftStorageDirectory.java:tryLock(328)) - Lock on /workdir/hadoop-ozone/integration-test/target/test-dir/MiniOzoneClusterImpl-72c865c2-a6a0-476d-8a66-24bab940d2f6/datanode-5/data/ratis/13d9f30e-836d-4007-b72d-75de528d4315/in_use.lock acquired by nodename 25207@trunk-nightly-5z2vd-27108033
2019-07-14 08:45:34,324 INFO  ratis.ContainerStateMachine (ContainerStateMachine.java:loadSnapshot(200)) - group-75DE528D4315: The snapshot info is null. Setting the last applied indexto:(t:0, i:~)
2019-07-14 08:45:34,325 INFO  server.RaftServerConfigKeys (ConfUtils.java:logGet(43)) - raft.server.leader.election.timeout = 120s (custom)
2019-07-14 08:45:34,325 INFO  server.RaftServerConfigKeys (ConfUtils.java:logGet(43)) - raft.server.log.use.memory = false (default)
2019-07-14 08:45:34,325 INFO  server.RaftServerConfigKeys (ConfUtils.java:logGet(43)) - raft.server.log.purge.gap = 1000000000 (custom)
2019-07-14 08:45:34,325 INFO  server.RaftServerConfigKeys (ConfUtils.java:logGet(43)) - raft.server.log.appender.buffer.byte-limit = 33554432 (custom)
2019-07-14 08:45:34,325 INFO  server.RaftServerConfigKeys (ConfUtils.java:logGet(43)) - raft.server.log.segment.size.max = 1048576 (custom)
2019-07-14 08:45:34,325 INFO  server.RaftServerConfigKeys (ConfUtils.java:logGet(43)) - raft.server.log.segment.cache.num.max = 2 (custom)
2019-07-14 08:45:34,325 INFO  segmented.SegmentedRaftLogWorker (SegmentedRaftLogWorker.java:<init>(172)) - new f19009df-2545-41d8-9754-b1757b9c4cf3-SegmentedRaftLogWorker:Storage Directory /workdir/hadoop-ozone/integration-test/target/test-dir/MiniOzoneClusterImpl-72c865c2-a6a0-476d-8a66-24bab940d2f6/datanode-2/data/ratis/13d9f30e-836d-4007-b72d-75de528d4315 for RaftStorage:Storage Directory /workdir/hadoop-ozone/integration-test/target/test-dir/MiniOzoneClusterImpl-72c865c2-a6a0-476d-8a66-24bab940d2f6/datanode-2/data/ratis/13d9f30e-836d-4007-b72d-75de528d4315
2019-07-14 08:45:34,325 INFO  server.RaftServerConfigKeys (ConfUtils.java:logGet(43)) - raft.server.log.queue.byte-limit = 2147483647 (custom)
2019-07-14 08:45:34,326 INFO  server.RaftServerConfigKeys (ConfUtils.java:logGet(43)) - raft.server.log.queue.element-limit = 1024 (custom)
2019-07-14 08:45:34,326 INFO  server.RaftServerConfigKeys (ConfUtils.java:logGet(43)) - raft.server.log.segment.size.max = 1048576 (custom)
2019-07-14 08:45:34,326 INFO  server.RaftServerConfigKeys (ConfUtils.java:logGet(43)) - raft.server.log.preallocated.size = 16384 (custom)
2019-07-14 08:45:34,326 INFO  server.RaftServerConfigKeys (ConfUtils.java:logGet(43)) - raft.server.log.write.buffer.size = 33554432 (custom)
2019-07-14 08:45:34,326 INFO  server.RaftServerConfigKeys (ConfUtils.java:logGet(43)) - raft.server.log.force.sync.num = 128 (default)
2019-07-14 08:45:34,327 INFO  server.RaftServerConfigKeys (ConfUtils.java:logGet(43)) - raft.server.log.statemachine.data.sync = true (default)
2019-07-14 08:45:34,327 INFO  server.RaftServerConfigKeys (ConfUtils.java:logGet(43)) - raft.server.log.statemachine.data.sync.timeout = 10s (default)
2019-07-14 08:45:34,327 INFO  server.RaftServerConfigKeys (ConfUtils.java:logGet(43)) - raft.server.log.statemachine.data.sync.timeout.retry = -1 (default)
2019-07-14 08:45:34,327 INFO  server.RaftServerConfigKeys (ConfUtils.java:logGet(43)) - raft.server.log.statemachine.data.caching.enabled = true (custom)
2019-07-14 08:45:34,328 INFO  segmented.SegmentedRaftLogWorker (SegmentedRaftLogWorker.java:lambda$new$0(132)) - f19009df-2545-41d8-9754-b1757b9c4cf3-SegmentedRaftLogWorker:Storage Directory /workdir/hadoop-ozone/integration-test/target/test-dir/MiniOzoneClusterImpl-72c865c2-a6a0-476d-8a66-24bab940d2f6/datanode-2/data/ratis/13d9f30e-836d-4007-b72d-75de528d4315: flushIndex: setUnconditionally 0 -> -1
2019-07-14 08:45:34,328 INFO  server.RaftServerConfigKeys (ConfUtils.java:logGet(43)) - raft.server.snapshot.auto.trigger.enabled = true (custom)
2019-07-14 08:45:34,328 INFO  server.RaftServerConfigKeys (ConfUtils.java:logGet(43)) - raft.server.snapshot.auto.trigger.threshold = 10000 (custom)
2019-07-14 08:45:34,328 INFO  server.RaftServerConfigKeys (ConfUtils.java:logGet(43)) - raft.server.retrycache.expirytime = 600000ms (custom)
2019-07-14 08:45:34,329 INFO  impl.RaftServerImpl (RaftServerImpl.java:start(180)) - f19009df-2545-41d8-9754-b1757b9c4cf3: start group-75DE528D4315
2019-07-14 08:45:34,329 INFO  impl.RaftServerImpl (RaftServerImpl.java:setRole(171)) - f19009df-2545-41d8-9754-b1757b9c4cf3:group-75DE528D4315 changes role from null to FOLLOWER at term 0 for startAsFollower
2019-07-14 08:45:34,329 INFO  impl.RoleInfo (RoleInfo.java:updateAndGet(143)) - f19009df-2545-41d8-9754-b1757b9c4cf3: start FollowerState
2019-07-14 08:45:34,329 INFO  util.JmxRegister (JmxRegister.java:tryRegister(44)) - Successfully registered JMX Bean with object name Ratis:service=RaftServer,group=group-75DE528D4315,id=f19009df-2545-41d8-9754-b1757b9c4cf3
2019-07-14 08:45:34,334 INFO  storage.RaftStorage (RaftStorage.java:format(72)) - Storage directory /workdir/hadoop-ozone/integration-test/target/test-dir/MiniOzoneClusterImpl-72c865c2-a6a0-476d-8a66-24bab940d2f6/datanode-5/data/ratis/13d9f30e-836d-4007-b72d-75de528d4315 has been successfully formatted.
2019-07-14 08:45:34,334 INFO  storage.RaftStorage (RaftStorage.java:format(72)) - Storage directory /workdir/hadoop-ozone/integration-test/target/test-dir/MiniOzoneClusterImpl-72c865c2-a6a0-476d-8a66-24bab940d2f6/datanode-7/data/ratis/13d9f30e-836d-4007-b72d-75de528d4315 has been successfully formatted.
2019-07-14 08:45:34,337 INFO  ratis.ContainerStateMachine (ContainerStateMachine.java:loadSnapshot(200)) - group-75DE528D4315: The snapshot info is null. Setting the last applied indexto:(t:0, i:~)
2019-07-14 08:45:34,337 INFO  server.RaftServerConfigKeys (ConfUtils.java:logGet(43)) - raft.server.leader.election.timeout = 120s (custom)
2019-07-14 08:45:34,337 INFO  ratis.ContainerStateMachine (ContainerStateMachine.java:loadSnapshot(200)) - group-75DE528D4315: The snapshot info is null. Setting the last applied indexto:(t:0, i:~)
2019-07-14 08:45:34,337 INFO  server.RaftServerConfigKeys (ConfUtils.java:logGet(43)) - raft.server.log.use.memory = false (default)
2019-07-14 08:45:34,337 INFO  server.RaftServerConfigKeys (ConfUtils.java:logGet(43)) - raft.server.leader.election.timeout = 120s (custom)
2019-07-14 08:45:34,337 INFO  server.RaftServerConfigKeys (ConfUtils.java:logGet(43)) - raft.server.log.purge.gap = 1000000000 (custom)
2019-07-14 08:45:34,337 INFO  server.RaftServerConfigKeys (ConfUtils.java:logGet(43)) - raft.server.log.use.memory = false (default)
2019-07-14 08:45:34,338 INFO  server.RaftServerConfigKeys (ConfUtils.java:logGet(43)) - raft.server.log.appender.buffer.byte-limit = 33554432 (custom)
2019-07-14 08:45:34,338 INFO  server.RaftServerConfigKeys (ConfUtils.java:logGet(43)) - raft.server.log.purge.gap = 1000000000 (custom)
2019-07-14 08:45:34,338 INFO  server.RaftServerConfigKeys (ConfUtils.java:logGet(43)) - raft.server.log.segment.size.max = 1048576 (custom)
2019-07-14 08:45:34,338 INFO  server.RaftServerConfigKeys (ConfUtils.java:logGet(43)) - raft.server.log.appender.buffer.byte-limit = 33554432 (custom)
2019-07-14 08:45:34,338 INFO  server.RaftServerConfigKeys (ConfUtils.java:logGet(43)) - raft.server.log.segment.cache.num.max = 2 (custom)
2019-07-14 08:45:34,338 INFO  server.RaftServerConfigKeys (ConfUtils.java:logGet(43)) - raft.server.log.segment.size.max = 1048576 (custom)
2019-07-14 08:45:34,339 INFO  segmented.SegmentedRaftLogWorker (SegmentedRaftLogWorker.java:<init>(172)) - new 5f9b465d-ad88-480f-951b-ea9c84e207cd-SegmentedRaftLogWorker:Storage Directory /workdir/hadoop-ozone/integration-test/target/test-dir/MiniOzoneClusterImpl-72c865c2-a6a0-476d-8a66-24bab940d2f6/datanode-5/data/ratis/13d9f30e-836d-4007-b72d-75de528d4315 for RaftStorage:Storage Directory /workdir/hadoop-ozone/integration-test/target/test-dir/MiniOzoneClusterImpl-72c865c2-a6a0-476d-8a66-24bab940d2f6/datanode-5/data/ratis/13d9f30e-836d-4007-b72d-75de528d4315
2019-07-14 08:45:34,339 INFO  server.RaftServerConfigKeys (ConfUtils.java:logGet(43)) - raft.server.log.segment.cache.num.max = 2 (custom)
2019-07-14 08:45:34,339 INFO  server.RaftServerConfigKeys (ConfUtils.java:logGet(43)) - raft.server.log.queue.byte-limit = 2147483647 (custom)
2019-07-14 08:45:34,349 INFO  segmented.SegmentedRaftLogWorker (SegmentedRaftLogWorker.java:<init>(172)) - new 7a29fe3b-a1ed-4531-8744-2d85ce2f79ca-SegmentedRaftLogWorker:Storage Directory /workdir/hadoop-ozone/integration-test/target/test-dir/MiniOzoneClusterImpl-72c865c2-a6a0-476d-8a66-24bab940d2f6/datanode-7/data/ratis/13d9f30e-836d-4007-b72d-75de528d4315 for RaftStorage:Storage Directory /workdir/hadoop-ozone/integration-test/target/test-dir/MiniOzoneClusterImpl-72c865c2-a6a0-476d-8a66-24bab940d2f6/datanode-7/data/ratis/13d9f30e-836d-4007-b72d-75de528d4315
2019-07-14 08:45:34,349 INFO  server.RaftServerConfigKeys (ConfUtils.java:logGet(43)) - raft.server.log.queue.element-limit = 1024 (custom)
2019-07-14 08:45:34,359 INFO  server.RaftServerConfigKeys (ConfUtils.java:logGet(43)) - raft.server.log.queue.byte-limit = 2147483647 (custom)
2019-07-14 08:45:34,361 INFO  server.RaftServerConfigKeys (ConfUtils.java:logGet(43)) - raft.server.log.segment.size.max = 1048576 (custom)
2019-07-14 08:45:34,361 INFO  server.RaftServerConfigKeys (ConfUtils.java:logGet(43)) - raft.server.log.queue.element-limit = 1024 (custom)
2019-07-14 08:45:34,361 INFO  server.RaftServerConfigKeys (ConfUtils.java:logGet(43)) - raft.server.log.preallocated.size = 16384 (custom)
2019-07-14 08:45:34,361 INFO  server.RaftServerConfigKeys (ConfUtils.java:logGet(43)) - raft.server.log.segment.size.max = 1048576 (custom)
2019-07-14 08:45:34,361 INFO  server.RaftServerConfigKeys (ConfUtils.java:logGet(43)) - raft.server.log.write.buffer.size = 33554432 (custom)
2019-07-14 08:45:34,361 INFO  server.RaftServerConfigKeys (ConfUtils.java:logGet(43)) - raft.server.log.preallocated.size = 16384 (custom)
2019-07-14 08:45:34,362 INFO  server.RaftServerConfigKeys (ConfUtils.java:logGet(43)) - raft.server.log.force.sync.num = 128 (default)
2019-07-14 08:45:34,362 INFO  server.RaftServerConfigKeys (ConfUtils.java:logGet(43)) - raft.server.log.write.buffer.size = 33554432 (custom)
2019-07-14 08:45:34,362 INFO  server.RaftServerConfigKeys (ConfUtils.java:logGet(43)) - raft.server.log.statemachine.data.sync = true (default)
2019-07-14 08:45:34,362 INFO  server.RaftServerConfigKeys (ConfUtils.java:logGet(43)) - raft.server.log.force.sync.num = 128 (default)
2019-07-14 08:45:34,362 INFO  server.RaftServerConfigKeys (ConfUtils.java:logGet(43)) - raft.server.log.statemachine.data.sync.timeout = 10s (default)
2019-07-14 08:45:34,362 INFO  server.RaftServerConfigKeys (ConfUtils.java:logGet(43)) - raft.server.log.statemachine.data.sync = true (default)
2019-07-14 08:45:34,363 INFO  server.RaftServerConfigKeys (ConfUtils.java:logGet(43)) - raft.server.log.statemachine.data.sync.timeout.retry = -1 (default)
2019-07-14 08:45:34,363 INFO  server.RaftServerConfigKeys (ConfUtils.java:logGet(43)) - raft.server.log.statemachine.data.sync.timeout = 10s (default)
2019-07-14 08:45:34,363 INFO  server.RaftServerConfigKeys (ConfUtils.java:logGet(43)) - raft.server.log.statemachine.data.caching.enabled = true (custom)
2019-07-14 08:45:34,363 INFO  server.RaftServerConfigKeys (ConfUtils.java:logGet(43)) - raft.server.log.statemachine.data.sync.timeout.retry = -1 (default)
2019-07-14 08:45:34,363 INFO  segmented.SegmentedRaftLogWorker (SegmentedRaftLogWorker.java:lambda$new$0(132)) - 5f9b465d-ad88-480f-951b-ea9c84e207cd-SegmentedRaftLogWorker:Storage Directory /workdir/hadoop-ozone/integration-test/target/test-dir/MiniOzoneClusterImpl-72c865c2-a6a0-476d-8a66-24bab940d2f6/datanode-5/data/ratis/13d9f30e-836d-4007-b72d-75de528d4315: flushIndex: setUnconditionally 0 -> -1
2019-07-14 08:45:34,363 INFO  server.RaftServerConfigKeys (ConfUtils.java:logGet(43)) - raft.server.log.statemachine.data.caching.enabled = true (custom)
2019-07-14 08:45:34,364 INFO  server.RaftServerConfigKeys (ConfUtils.java:logGet(43)) - raft.server.snapshot.auto.trigger.enabled = true (custom)
2019-07-14 08:45:34,364 INFO  server.RaftServerConfigKeys (ConfUtils.java:logGet(43)) - raft.server.snapshot.auto.trigger.threshold = 10000 (custom)
2019-07-14 08:45:34,364 INFO  segmented.SegmentedRaftLogWorker (SegmentedRaftLogWorker.java:lambda$new$0(132)) - 7a29fe3b-a1ed-4531-8744-2d85ce2f79ca-SegmentedRaftLogWorker:Storage Directory /workdir/hadoop-ozone/integration-test/target/test-dir/MiniOzoneClusterImpl-72c865c2-a6a0-476d-8a66-24bab940d2f6/datanode-7/data/ratis/13d9f30e-836d-4007-b72d-75de528d4315: flushIndex: setUnconditionally 0 -> -1
2019-07-14 08:45:34,364 INFO  server.RaftServerConfigKeys (ConfUtils.java:logGet(43)) - raft.server.retrycache.expirytime = 600000ms (custom)
2019-07-14 08:45:34,364 INFO  impl.RaftServerImpl (RaftServerImpl.java:start(180)) - 5f9b465d-ad88-480f-951b-ea9c84e207cd: start group-75DE528D4315
2019-07-14 08:45:34,364 INFO  server.RaftServerConfigKeys (ConfUtils.java:logGet(43)) - raft.server.snapshot.auto.trigger.enabled = true (custom)
2019-07-14 08:45:34,364 INFO  impl.RaftServerImpl (RaftServerImpl.java:setRole(171)) - 5f9b465d-ad88-480f-951b-ea9c84e207cd:group-75DE528D4315 changes role from null to FOLLOWER at term 0 for startAsFollower
2019-07-14 08:45:34,365 INFO  server.RaftServerConfigKeys (ConfUtils.java:logGet(43)) - raft.server.snapshot.auto.trigger.threshold = 10000 (custom)
2019-07-14 08:45:34,365 INFO  impl.RoleInfo (RoleInfo.java:updateAndGet(143)) - 5f9b465d-ad88-480f-951b-ea9c84e207cd: start FollowerState
2019-07-14 08:45:34,365 INFO  server.RaftServerConfigKeys (ConfUtils.java:logGet(43)) - raft.server.retrycache.expirytime = 600000ms (custom)
2019-07-14 08:45:34,365 INFO  impl.RaftServerImpl (RaftServerImpl.java:start(180)) - 7a29fe3b-a1ed-4531-8744-2d85ce2f79ca: start group-75DE528D4315
2019-07-14 08:45:34,365 INFO  util.JmxRegister (JmxRegister.java:tryRegister(44)) - Successfully registered JMX Bean with object name Ratis:service=RaftServer,group=group-75DE528D4315,id=5f9b465d-ad88-480f-951b-ea9c84e207cd
2019-07-14 08:45:34,365 INFO  impl.RaftServerImpl (RaftServerImpl.java:setRole(171)) - 7a29fe3b-a1ed-4531-8744-2d85ce2f79ca:group-75DE528D4315 changes role from null to FOLLOWER at term 0 for startAsFollower
2019-07-14 08:45:34,366 INFO  impl.RoleInfo (RoleInfo.java:updateAndGet(143)) - 7a29fe3b-a1ed-4531-8744-2d85ce2f79ca: start FollowerState
2019-07-14 08:45:34,366 INFO  util.JmxRegister (JmxRegister.java:tryRegister(44)) - Successfully registered JMX Bean with object name Ratis:service=RaftServer,group=group-75DE528D4315,id=7a29fe3b-a1ed-4531-8744-2d85ce2f79ca
2019-07-14 08:45:34,373 INFO  pipeline.PipelineStateManager (PipelineStateManager.java:addPipeline(56)) - Created pipeline Pipeline[ Id: 13d9f30e-836d-4007-b72d-75de528d4315, Nodes: 5f9b465d-ad88-480f-951b-ea9c84e207cd{ip: 192.168.5.191, host: trunk-nightly-5z2vd-27108033, networkLocation: /default-rack, certSerialId: null}7a29fe3b-a1ed-4531-8744-2d85ce2f79ca{ip: 192.168.5.191, host: trunk-nightly-5z2vd-27108033, networkLocation: /default-rack, certSerialId: null}f19009df-2545-41d8-9754-b1757b9c4cf3{ip: 192.168.5.191, host: trunk-nightly-5z2vd-27108033, networkLocation: /default-rack, certSerialId: null}, Type:RATIS, Factor:THREE, State:OPEN]
2019-07-14 08:45:34,471 INFO  ozone.MiniOzoneClusterImpl (MiniOzoneClusterImpl.java:getStorageContainerLocationClient(241)) - Creating StorageContainerLocationProtocol RPC client with address /0.0.0.0:36617
2019-07-14 08:45:34,516 INFO  rpc.RpcClient (RpcClient.java:createVolume(287)) - Creating Volume: 1e3df3ca-eabd-4c9c-ad3f-d92489e30e12, with jenkins1000 as owner.
2019-07-14 08:45:34,556 INFO  rpc.RpcClient (RpcClient.java:createBucket(424)) - Creating Bucket: 1e3df3ca-eabd-4c9c-ad3f-d92489e30e12/8123c769-b409-496e-81cf-d940d5a2850c, with Versioning false and Storage Type set to DISK and Encryption set to false 
2019-07-14 08:45:34,781 INFO  client.GrpcClientProtocolClient (GrpcClientProtocolClient.java:onNext(255)) - client-DA196A9A8651->5de80204-70d4-47b4-99d5-fb9a56dcd81c: receive RaftClientReply:client-DA196A9A8651->5de80204-70d4-47b4-99d5-fb9a56dcd81c@group-7C3FAEC2FC0F, cid=19, FAILED org.apache.ratis.protocol.NotLeaderException: Server 5de80204-70d4-47b4-99d5-fb9a56dcd81c is not the leader (null). Request must be sent to leader., logIndex=0, commits[5de80204-70d4-47b4-99d5-fb9a56dcd81c:c-1]
2019-07-14 08:45:35,018 INFO  container.ReplicationManager (ReplicationManager.java:start(155)) - Starting Replication Monitor Thread.
2019-07-14 08:45:35,023 INFO  container.ReplicationManager (ReplicationManager.java:run(207)) - Replication Monitor Thread took 4 milliseconds for processing 1 containers.
2019-07-14 08:45:35,827 INFO  client.GrpcClientProtocolClient (GrpcClientProtocolClient.java:onNext(255)) - client-DA196A9A8651->e4873b1b-62a6-4d29-aa3a-7b679fe7112a: receive RaftClientReply:client-DA196A9A8651->e4873b1b-62a6-4d29-aa3a-7b679fe7112a@group-7C3FAEC2FC0F, cid=19, FAILED org.apache.ratis.protocol.NotLeaderException: Server e4873b1b-62a6-4d29-aa3a-7b679fe7112a is not the leader (null). Request must be sent to leader., logIndex=0, commits[e4873b1b-62a6-4d29-aa3a-7b679fe7112a:c-1]
2019-07-14 08:45:36,856 INFO  client.GrpcClientProtocolClient (GrpcClientProtocolClient.java:onNext(255)) - client-DA196A9A8651->5de80204-70d4-47b4-99d5-fb9a56dcd81c: receive RaftClientReply:client-DA196A9A8651->5de80204-70d4-47b4-99d5-fb9a56dcd81c@group-7C3FAEC2FC0F, cid=19, FAILED org.apache.ratis.protocol.NotLeaderException: Server 5de80204-70d4-47b4-99d5-fb9a56dcd81c is not the leader (null). Request must be sent to leader., logIndex=0, commits[5de80204-70d4-47b4-99d5-fb9a56dcd81c:c-1]
2019-07-14 08:45:37,883 INFO  client.GrpcClientProtocolClient (GrpcClientProtocolClient.java:onNext(255)) - client-DA196A9A8651->2c54bd76-8fe6-4c13-b273-d744f6dece58: receive RaftClientReply:client-DA196A9A8651->2c54bd76-8fe6-4c13-b273-d744f6dece58@group-7C3FAEC2FC0F, cid=19, FAILED org.apache.ratis.protocol.NotLeaderException: Server 2c54bd76-8fe6-4c13-b273-d744f6dece58 is not the leader (null). Request must be sent to leader., logIndex=0, commits[2c54bd76-8fe6-4c13-b273-d744f6dece58:c-1]
2019-07-14 08:45:38,397 INFO  impl.FollowerState (FollowerState.java:run(106)) - 69100d08-e085-47c5-a851-8dedd4cd4a80:group-C4E34AA622EB changes to CANDIDATE, lastRpcTime:5069, electionTimeout:5068ms
2019-07-14 08:45:38,397 INFO  impl.RoleInfo (RoleInfo.java:shutdownFollowerState(121)) - 69100d08-e085-47c5-a851-8dedd4cd4a80: shutdown FollowerState
2019-07-14 08:45:38,398 INFO  impl.RaftServerImpl (RaftServerImpl.java:setRole(171)) - 69100d08-e085-47c5-a851-8dedd4cd4a80:group-C4E34AA622EB changes role from FOLLOWER to CANDIDATE at term 0 for changeToCandidate
2019-07-14 08:45:38,401 INFO  impl.RoleInfo (RoleInfo.java:updateAndGet(143)) - 69100d08-e085-47c5-a851-8dedd4cd4a80: start LeaderElection
2019-07-14 08:45:38,425 INFO  impl.LeaderElection (LeaderElection.java:askForVotes(181)) - 69100d08-e085-47c5-a851-8dedd4cd4a80:group-C4E34AA622EB:LeaderElection1: begin an election at term 1 for -1: [69100d08-e085-47c5-a851-8dedd4cd4a80:192.168.5.191:38501], old=null
2019-07-14 08:45:38,427 INFO  impl.RoleInfo (RoleInfo.java:shutdownLeaderElection(134)) - 69100d08-e085-47c5-a851-8dedd4cd4a80: shutdown LeaderElection
2019-07-14 08:45:38,428 INFO  impl.RaftServerImpl (RaftServerImpl.java:setRole(171)) - 69100d08-e085-47c5-a851-8dedd4cd4a80:group-C4E34AA622EB changes role from CANDIDATE to LEADER at term 1 for changeToLeader
2019-07-14 08:45:38,428 INFO  impl.RaftServerImpl (ServerState.java:setLeader(263)) - 69100d08-e085-47c5-a851-8dedd4cd4a80:group-C4E34AA622EB change Leader from null to 69100d08-e085-47c5-a851-8dedd4cd4a80 at term 1 for becomeLeader, leader elected after 5179ms
2019-07-14 08:45:38,436 INFO  server.RaftServerConfigKeys (ConfUtils.java:logGet(43)) - raft.server.staging.catchup.gap = 1000 (default)
2019-07-14 08:45:38,437 INFO  server.RaftServerConfigKeys (ConfUtils.java:logGet(43)) - raft.server.rpc.sleep.time = 25ms (default)
2019-07-14 08:45:38,440 INFO  server.RaftServerConfigKeys (ConfUtils.java:logGet(43)) - raft.server.write.element-limit = 4096 (default)
2019-07-14 08:45:38,443 INFO  server.RaftServerConfigKeys (ConfUtils.java:logGet(43)) - raft.server.watch.timeout = 10s (default)
2019-07-14 08:45:38,444 INFO  server.RaftServerConfigKeys (ConfUtils.java:logGet(43)) - raft.server.watch.timeout.denomination = 1s (default)
2019-07-14 08:45:38,445 INFO  server.RaftServerConfigKeys (ConfUtils.java:logGet(43)) - raft.server.watch.element-limit = 65536 (default)
2019-07-14 08:45:38,455 INFO  impl.RoleInfo (RoleInfo.java:updateAndGet(143)) - 69100d08-e085-47c5-a851-8dedd4cd4a80: start LeaderState
2019-07-14 08:45:38,484 INFO  segmented.SegmentedRaftLogWorker (SegmentedRaftLogWorker.java:startLogSegment(380)) - 69100d08-e085-47c5-a851-8dedd4cd4a80-SegmentedRaftLogWorker:Storage Directory /workdir/hadoop-ozone/integration-test/target/test-dir/MiniOzoneClusterImpl-72c865c2-a6a0-476d-8a66-24bab940d2f6/datanode-0/data/ratis/5c9ac010-8da0-4a21-99aa-c4e34aa622eb: Starting segment from index:0
2019-07-14 08:45:38,493 INFO  impl.RaftServerImpl (ServerState.java:setRaftConf(361)) - 69100d08-e085-47c5-a851-8dedd4cd4a80:group-C4E34AA622EB set configuration 0: [69100d08-e085-47c5-a851-8dedd4cd4a80:192.168.5.191:38501], old=null at 0
2019-07-14 08:45:38,573 INFO  impl.FollowerState (FollowerState.java:run(106)) - 2c54bd76-8fe6-4c13-b273-d744f6dece58:group-193DD0BA0CBF changes to CANDIDATE, lastRpcTime:5034, electionTimeout:5032ms
2019-07-14 08:45:38,576 INFO  impl.RoleInfo (RoleInfo.java:shutdownFollowerState(121)) - 2c54bd76-8fe6-4c13-b273-d744f6dece58: shutdown FollowerState
2019-07-14 08:45:38,576 INFO  impl.RaftServerImpl (RaftServerImpl.java:setRole(171)) - 2c54bd76-8fe6-4c13-b273-d744f6dece58:group-193DD0BA0CBF changes role from FOLLOWER to CANDIDATE at term 0 for changeToCandidate
2019-07-14 08:45:38,576 INFO  impl.RoleInfo (RoleInfo.java:updateAndGet(143)) - 2c54bd76-8fe6-4c13-b273-d744f6dece58: start LeaderElection
2019-07-14 08:45:38,598 INFO  impl.LeaderElection (LeaderElection.java:askForVotes(181)) - 2c54bd76-8fe6-4c13-b273-d744f6dece58:group-193DD0BA0CBF:LeaderElection2: begin an election at term 1 for -1: [2c54bd76-8fe6-4c13-b273-d744f6dece58:192.168.5.191:40653], old=null
2019-07-14 08:45:38,598 INFO  impl.RoleInfo (RoleInfo.java:shutdownLeaderElection(134)) - 2c54bd76-8fe6-4c13-b273-d744f6dece58: shutdown LeaderElection
2019-07-14 08:45:38,598 INFO  impl.RaftServerImpl (RaftServerImpl.java:setRole(171)) - 2c54bd76-8fe6-4c13-b273-d744f6dece58:group-193DD0BA0CBF changes role from CANDIDATE to LEADER at term 1 for changeToLeader
2019-07-14 08:45:38,598 INFO  impl.RaftServerImpl (ServerState.java:setLeader(263)) - 2c54bd76-8fe6-4c13-b273-d744f6dece58:group-193DD0BA0CBF change Leader from null to 2c54bd76-8fe6-4c13-b273-d744f6dece58 at term 1 for becomeLeader, leader elected after 5068ms
2019-07-14 08:45:38,601 INFO  server.RaftServerConfigKeys (ConfUtils.java:logGet(43)) - raft.server.staging.catchup.gap = 1000 (default)
2019-07-14 08:45:38,601 INFO  server.RaftServerConfigKeys (ConfUtils.java:logGet(43)) - raft.server.rpc.sleep.time = 25ms (default)
2019-07-14 08:45:38,601 INFO  server.RaftServerConfigKeys (ConfUtils.java:logGet(43)) - raft.server.write.element-limit = 4096 (default)
2019-07-14 08:45:38,601 INFO  server.RaftServerConfigKeys (ConfUtils.java:logGet(43)) - raft.server.watch.timeout = 10s (default)
2019-07-14 08:45:38,601 INFO  server.RaftServerConfigKeys (ConfUtils.java:logGet(43)) - raft.server.watch.timeout.denomination = 1s (default)
2019-07-14 08:45:38,601 INFO  server.RaftServerConfigKeys (ConfUtils.java:logGet(43)) - raft.server.watch.element-limit = 65536 (default)
2019-07-14 08:45:38,602 INFO  impl.RoleInfo (RoleInfo.java:updateAndGet(143)) - 2c54bd76-8fe6-4c13-b273-d744f6dece58: start LeaderState
2019-07-14 08:45:38,602 INFO  segmented.SegmentedRaftLogWorker (SegmentedRaftLogWorker.java:startLogSegment(380)) - 2c54bd76-8fe6-4c13-b273-d744f6dece58-SegmentedRaftLogWorker:Storage Directory /workdir/hadoop-ozone/integration-test/target/test-dir/MiniOzoneClusterImpl-72c865c2-a6a0-476d-8a66-24bab940d2f6/datanode-3/data/ratis/d6414283-152b-4955-89f1-193dd0ba0cbf: Starting segment from index:0
2019-07-14 08:45:38,603 INFO  impl.RaftServerImpl (ServerState.java:setRaftConf(361)) - 2c54bd76-8fe6-4c13-b273-d744f6dece58:group-193DD0BA0CBF set configuration 0: [2c54bd76-8fe6-4c13-b273-d744f6dece58:192.168.5.191:40653], old=null at 0
2019-07-14 08:45:38,626 INFO  impl.FollowerState (FollowerState.java:run(106)) - 4cd1e0ba-84f2-4e54-b0d6-ca02a3ecddad:group-4134CF2822DA changes to CANDIDATE, lastRpcTime:5006, electionTimeout:5006ms
2019-07-14 08:45:38,627 INFO  impl.RoleInfo (RoleInfo.java:shutdownFollowerState(121)) - 4cd1e0ba-84f2-4e54-b0d6-ca02a3ecddad: shutdown FollowerState
2019-07-14 08:45:38,627 INFO  impl.RaftServerImpl (RaftServerImpl.java:setRole(171)) - 4cd1e0ba-84f2-4e54-b0d6-ca02a3ecddad:group-4134CF2822DA changes role from FOLLOWER to CANDIDATE at term 0 for changeToCandidate
2019-07-14 08:45:38,627 INFO  impl.RoleInfo (RoleInfo.java:updateAndGet(143)) - 4cd1e0ba-84f2-4e54-b0d6-ca02a3ecddad: start LeaderElection
2019-07-14 08:45:38,637 INFO  impl.LeaderElection (LeaderElection.java:askForVotes(181)) - 4cd1e0ba-84f2-4e54-b0d6-ca02a3ecddad:group-4134CF2822DA:LeaderElection3: begin an election at term 1 for -1: [4cd1e0ba-84f2-4e54-b0d6-ca02a3ecddad:192.168.5.191:37327], old=null
2019-07-14 08:45:38,639 INFO  impl.RoleInfo (RoleInfo.java:shutdownLeaderElection(134)) - 4cd1e0ba-84f2-4e54-b0d6-ca02a3ecddad: shutdown LeaderElection
2019-07-14 08:45:38,639 INFO  impl.RaftServerImpl (RaftServerImpl.java:setRole(171)) - 4cd1e0ba-84f2-4e54-b0d6-ca02a3ecddad:group-4134CF2822DA changes role from CANDIDATE to LEADER at term 1 for changeToLeader
2019-07-14 08:45:38,639 INFO  impl.RaftServerImpl (ServerState.java:setLeader(263)) - 4cd1e0ba-84f2-4e54-b0d6-ca02a3ecddad:group-4134CF2822DA change Leader from null to 4cd1e0ba-84f2-4e54-b0d6-ca02a3ecddad at term 1 for becomeLeader, leader elected after 5024ms
2019-07-14 08:45:38,641 INFO  server.RaftServerConfigKeys (ConfUtils.java:logGet(43)) - raft.server.staging.catchup.gap = 1000 (default)
2019-07-14 08:45:38,641 INFO  server.RaftServerConfigKeys (ConfUtils.java:logGet(43)) - raft.server.rpc.sleep.time = 25ms (default)
2019-07-14 08:45:38,641 INFO  server.RaftServerConfigKeys (ConfUtils.java:logGet(43)) - raft.server.write.element-limit = 4096 (default)
2019-07-14 08:45:38,641 INFO  server.RaftServerConfigKeys (ConfUtils.java:logGet(43)) - raft.server.watch.timeout = 10s (default)
2019-07-14 08:45:38,642 INFO  server.RaftServerConfigKeys (ConfUtils.java:logGet(43)) - raft.server.watch.timeout.denomination = 1s (default)
2019-07-14 08:45:38,642 INFO  server.RaftServerConfigKeys (ConfUtils.java:logGet(43)) - raft.server.watch.element-limit = 65536 (default)
2019-07-14 08:45:38,642 INFO  impl.RoleInfo (RoleInfo.java:updateAndGet(143)) - 4cd1e0ba-84f2-4e54-b0d6-ca02a3ecddad: start LeaderState
2019-07-14 08:45:38,642 INFO  segmented.SegmentedRaftLogWorker (SegmentedRaftLogWorker.java:startLogSegment(380)) - 4cd1e0ba-84f2-4e54-b0d6-ca02a3ecddad-SegmentedRaftLogWorker:Storage Directory /workdir/hadoop-ozone/integration-test/target/test-dir/MiniOzoneClusterImpl-72c865c2-a6a0-476d-8a66-24bab940d2f6/datanode-1/data/ratis/cb8084fd-9e53-4446-84ae-4134cf2822da: Starting segment from index:0
2019-07-14 08:45:38,646 INFO  impl.RaftServerImpl (ServerState.java:setRaftConf(361)) - 4cd1e0ba-84f2-4e54-b0d6-ca02a3ecddad:group-4134CF2822DA set configuration 0: [4cd1e0ba-84f2-4e54-b0d6-ca02a3ecddad:192.168.5.191:37327], old=null at 0
2019-07-14 08:45:38,710 INFO  segmented.SegmentedRaftLogWorker (SegmentedRaftLogWorker.java:execute(569)) - 4cd1e0ba-84f2-4e54-b0d6-ca02a3ecddad-SegmentedRaftLogWorker:Storage Directory /workdir/hadoop-ozone/integration-test/target/test-dir/MiniOzoneClusterImpl-72c865c2-a6a0-476d-8a66-24bab940d2f6/datanode-1/data/ratis/cb8084fd-9e53-4446-84ae-4134cf2822da: created new log segment /workdir/hadoop-ozone/integration-test/target/test-dir/MiniOzoneClusterImpl-72c865c2-a6a0-476d-8a66-24bab940d2f6/datanode-1/data/ratis/cb8084fd-9e53-4446-84ae-4134cf2822da/current/log_inprogress_0
2019-07-14 08:45:38,710 INFO  segmented.SegmentedRaftLogWorker (SegmentedRaftLogWorker.java:execute(569)) - 2c54bd76-8fe6-4c13-b273-d744f6dece58-SegmentedRaftLogWorker:Storage Directory /workdir/hadoop-ozone/integration-test/target/test-dir/MiniOzoneClusterImpl-72c865c2-a6a0-476d-8a66-24bab940d2f6/datanode-3/data/ratis/d6414283-152b-4955-89f1-193dd0ba0cbf: created new log segment /workdir/hadoop-ozone/integration-test/target/test-dir/MiniOzoneClusterImpl-72c865c2-a6a0-476d-8a66-24bab940d2f6/datanode-3/data/ratis/d6414283-152b-4955-89f1-193dd0ba0cbf/current/log_inprogress_0
2019-07-14 08:45:38,710 INFO  segmented.SegmentedRaftLogWorker (SegmentedRaftLogWorker.java:execute(569)) - 69100d08-e085-47c5-a851-8dedd4cd4a80-SegmentedRaftLogWorker:Storage Directory /workdir/hadoop-ozone/integration-test/target/test-dir/MiniOzoneClusterImpl-72c865c2-a6a0-476d-8a66-24bab940d2f6/datanode-0/data/ratis/5c9ac010-8da0-4a21-99aa-c4e34aa622eb: created new log segment /workdir/hadoop-ozone/integration-test/target/test-dir/MiniOzoneClusterImpl-72c865c2-a6a0-476d-8a66-24bab940d2f6/datanode-0/data/ratis/5c9ac010-8da0-4a21-99aa-c4e34aa622eb/current/log_inprogress_0
2019-07-14 08:45:38,776 INFO  impl.FollowerState (FollowerState.java:run(106)) - ea0dc8f3-e663-4d02-9c60-da7dfa1a2970:group-980354B51993 changes to CANDIDATE, lastRpcTime:5086, electionTimeout:5086ms
2019-07-14 08:45:38,780 INFO  impl.RoleInfo (RoleInfo.java:shutdownFollowerState(121)) - ea0dc8f3-e663-4d02-9c60-da7dfa1a2970: shutdown FollowerState
2019-07-14 08:45:38,780 INFO  impl.RaftServerImpl (RaftServerImpl.java:setRole(171)) - ea0dc8f3-e663-4d02-9c60-da7dfa1a2970:group-980354B51993 changes role from FOLLOWER to CANDIDATE at term 0 for changeToCandidate
2019-07-14 08:45:38,780 INFO  impl.RoleInfo (RoleInfo.java:updateAndGet(143)) - ea0dc8f3-e663-4d02-9c60-da7dfa1a2970: start LeaderElection
2019-07-14 08:45:38,801 INFO  impl.LeaderElection (LeaderElection.java:askForVotes(181)) - ea0dc8f3-e663-4d02-9c60-da7dfa1a2970:group-980354B51993:LeaderElection4: begin an election at term 1 for -1: [ea0dc8f3-e663-4d02-9c60-da7dfa1a2970:192.168.5.191:41116], old=null
2019-07-14 08:45:38,804 INFO  impl.RoleInfo (RoleInfo.java:shutdownLeaderElection(134)) - ea0dc8f3-e663-4d02-9c60-da7dfa1a2970: shutdown LeaderElection
2019-07-14 08:45:38,804 INFO  impl.RaftServerImpl (RaftServerImpl.java:setRole(171)) - ea0dc8f3-e663-4d02-9c60-da7dfa1a2970:group-980354B51993 changes role from CANDIDATE to LEADER at term 1 for changeToLeader
2019-07-14 08:45:38,804 INFO  impl.RaftServerImpl (ServerState.java:setLeader(263)) - ea0dc8f3-e663-4d02-9c60-da7dfa1a2970:group-980354B51993 change Leader from null to ea0dc8f3-e663-4d02-9c60-da7dfa1a2970 at term 1 for becomeLeader, leader elected after 5119ms
2019-07-14 08:45:38,807 INFO  server.RaftServerConfigKeys (ConfUtils.java:logGet(43)) - raft.server.staging.catchup.gap = 1000 (default)
2019-07-14 08:45:38,807 INFO  impl.FollowerState (FollowerState.java:run(106)) - 5f9b465d-ad88-480f-951b-ea9c84e207cd:group-EA4CBC636489 changes to CANDIDATE, lastRpcTime:5052, electionTimeout:5051ms
2019-07-14 08:45:38,807 INFO  server.RaftServerConfigKeys (ConfUtils.java:logGet(43)) - raft.server.rpc.sleep.time = 25ms (default)
2019-07-14 08:45:38,807 INFO  impl.RoleInfo (RoleInfo.java:shutdownFollowerState(121)) - 5f9b465d-ad88-480f-951b-ea9c84e207cd: shutdown FollowerState
2019-07-14 08:45:38,807 INFO  impl.RaftServerImpl (RaftServerImpl.java:setRole(171)) - 5f9b465d-ad88-480f-951b-ea9c84e207cd:group-EA4CBC636489 changes role from FOLLOWER to CANDIDATE at term 0 for changeToCandidate
2019-07-14 08:45:38,807 INFO  server.RaftServerConfigKeys (ConfUtils.java:logGet(43)) - raft.server.write.element-limit = 4096 (default)
2019-07-14 08:45:38,807 INFO  impl.RoleInfo (RoleInfo.java:updateAndGet(143)) - 5f9b465d-ad88-480f-951b-ea9c84e207cd: start LeaderElection
2019-07-14 08:45:38,808 INFO  server.RaftServerConfigKeys (ConfUtils.java:logGet(43)) - raft.server.watch.timeout = 10s (default)
2019-07-14 08:45:38,808 INFO  server.RaftServerConfigKeys (ConfUtils.java:logGet(43)) - raft.server.watch.timeout.denomination = 1s (default)
2019-07-14 08:45:38,815 INFO  server.RaftServerConfigKeys (ConfUtils.java:logGet(43)) - raft.server.watch.element-limit = 65536 (default)
2019-07-14 08:45:38,818 INFO  impl.RoleInfo (RoleInfo.java:updateAndGet(143)) - ea0dc8f3-e663-4d02-9c60-da7dfa1a2970: start LeaderState
2019-07-14 08:45:38,819 INFO  segmented.SegmentedRaftLogWorker (SegmentedRaftLogWorker.java:startLogSegment(380)) - ea0dc8f3-e663-4d02-9c60-da7dfa1a2970-SegmentedRaftLogWorker:Storage Directory /workdir/hadoop-ozone/integration-test/target/test-dir/MiniOzoneClusterImpl-72c865c2-a6a0-476d-8a66-24bab940d2f6/datanode-4/data/ratis/82c6b88a-e35f-4ba0-b003-980354b51993: Starting segment from index:0
2019-07-14 08:45:38,819 INFO  impl.RaftServerImpl (ServerState.java:setRaftConf(361)) - ea0dc8f3-e663-4d02-9c60-da7dfa1a2970:group-980354B51993 set configuration 0: [ea0dc8f3-e663-4d02-9c60-da7dfa1a2970:192.168.5.191:41116], old=null at 0
2019-07-14 08:45:38,841 INFO  impl.LeaderElection (LeaderElection.java:askForVotes(181)) - 5f9b465d-ad88-480f-951b-ea9c84e207cd:group-EA4CBC636489:LeaderElection5: begin an election at term 1 for -1: [5f9b465d-ad88-480f-951b-ea9c84e207cd:192.168.5.191:43032], old=null
2019-07-14 08:45:38,841 INFO  impl.RoleInfo (RoleInfo.java:shutdownLeaderElection(134)) - 5f9b465d-ad88-480f-951b-ea9c84e207cd: shutdown LeaderElection
2019-07-14 08:45:38,842 INFO  impl.RaftServerImpl (RaftServerImpl.java:setRole(171)) - 5f9b465d-ad88-480f-951b-ea9c84e207cd:group-EA4CBC636489 changes role from CANDIDATE to LEADER at term 1 for changeToLeader
2019-07-14 08:45:38,842 INFO  impl.RaftServerImpl (ServerState.java:setLeader(263)) - 5f9b465d-ad88-480f-951b-ea9c84e207cd:group-EA4CBC636489 change Leader from null to 5f9b465d-ad88-480f-951b-ea9c84e207cd at term 1 for becomeLeader, leader elected after 5092ms
2019-07-14 08:45:38,845 INFO  server.RaftServerConfigKeys (ConfUtils.java:logGet(43)) - raft.server.staging.catchup.gap = 1000 (default)
2019-07-14 08:45:38,845 INFO  server.RaftServerConfigKeys (ConfUtils.java:logGet(43)) - raft.server.rpc.sleep.time = 25ms (default)
2019-07-14 08:45:38,845 INFO  server.RaftServerConfigKeys (ConfUtils.java:logGet(43)) - raft.server.write.element-limit = 4096 (default)
2019-07-14 08:45:38,846 INFO  server.RaftServerConfigKeys (ConfUtils.java:logGet(43)) - raft.server.watch.timeout = 10s (default)
2019-07-14 08:45:38,846 INFO  server.RaftServerConfigKeys (ConfUtils.java:logGet(43)) - raft.server.watch.timeout.denomination = 1s (default)
2019-07-14 08:45:38,846 INFO  server.RaftServerConfigKeys (ConfUtils.java:logGet(43)) - raft.server.watch.element-limit = 65536 (default)
2019-07-14 08:45:38,847 INFO  segmented.SegmentedRaftLogWorker (SegmentedRaftLogWorker.java:execute(569)) - ea0dc8f3-e663-4d02-9c60-da7dfa1a2970-SegmentedRaftLogWorker:Storage Directory /workdir/hadoop-ozone/integration-test/target/test-dir/MiniOzoneClusterImpl-72c865c2-a6a0-476d-8a66-24bab940d2f6/datanode-4/data/ratis/82c6b88a-e35f-4ba0-b003-980354b51993: created new log segment /workdir/hadoop-ozone/integration-test/target/test-dir/MiniOzoneClusterImpl-72c865c2-a6a0-476d-8a66-24bab940d2f6/datanode-4/data/ratis/82c6b88a-e35f-4ba0-b003-980354b51993/current/log_inprogress_0
2019-07-14 08:45:38,847 INFO  impl.RoleInfo (RoleInfo.java:updateAndGet(143)) - 5f9b465d-ad88-480f-951b-ea9c84e207cd: start LeaderState
2019-07-14 08:45:38,847 INFO  segmented.SegmentedRaftLogWorker (SegmentedRaftLogWorker.java:startLogSegment(380)) - 5f9b465d-ad88-480f-951b-ea9c84e207cd-SegmentedRaftLogWorker:Storage Directory /workdir/hadoop-ozone/integration-test/target/test-dir/MiniOzoneClusterImpl-72c865c2-a6a0-476d-8a66-24bab940d2f6/datanode-5/data/ratis/f7ec28a4-8cf7-4bf2-9923-ea4cbc636489: Starting segment from index:0
2019-07-14 08:45:38,848 INFO  impl.RaftServerImpl (ServerState.java:setRaftConf(361)) - 5f9b465d-ad88-480f-951b-ea9c84e207cd:group-EA4CBC636489 set configuration 0: [5f9b465d-ad88-480f-951b-ea9c84e207cd:192.168.5.191:43032], old=null at 0
2019-07-14 08:45:38,873 INFO  segmented.SegmentedRaftLogWorker (SegmentedRaftLogWorker.java:execute(569)) - 5f9b465d-ad88-480f-951b-ea9c84e207cd-SegmentedRaftLogWorker:Storage Directory /workdir/hadoop-ozone/integration-test/target/test-dir/MiniOzoneClusterImpl-72c865c2-a6a0-476d-8a66-24bab940d2f6/datanode-5/data/ratis/f7ec28a4-8cf7-4bf2-9923-ea4cbc636489: created new log segment /workdir/hadoop-ozone/integration-test/target/test-dir/MiniOzoneClusterImpl-72c865c2-a6a0-476d-8a66-24bab940d2f6/datanode-5/data/ratis/f7ec28a4-8cf7-4bf2-9923-ea4cbc636489/current/log_inprogress_0
2019-07-14 08:45:38,889 INFO  impl.FollowerState (FollowerState.java:run(106)) - 7a29fe3b-a1ed-4531-8744-2d85ce2f79ca:group-35644B026B35 changes to CANDIDATE, lastRpcTime:5017, electionTimeout:5017ms
2019-07-14 08:45:38,889 INFO  impl.RoleInfo (RoleInfo.java:shutdownFollowerState(121)) - 7a29fe3b-a1ed-4531-8744-2d85ce2f79ca: shutdown FollowerState
2019-07-14 08:45:38,889 INFO  impl.RaftServerImpl (RaftServerImpl.java:setRole(171)) - 7a29fe3b-a1ed-4531-8744-2d85ce2f79ca:group-35644B026B35 changes role from FOLLOWER to CANDIDATE at term 0 for changeToCandidate
2019-07-14 08:45:38,890 INFO  impl.RoleInfo (RoleInfo.java:updateAndGet(143)) - 7a29fe3b-a1ed-4531-8744-2d85ce2f79ca: start LeaderElection
2019-07-14 08:45:38,916 INFO  client.GrpcClientProtocolClient (GrpcClientProtocolClient.java:onNext(255)) - client-DA196A9A8651->e4873b1b-62a6-4d29-aa3a-7b679fe7112a: receive RaftClientReply:client-DA196A9A8651->e4873b1b-62a6-4d29-aa3a-7b679fe7112a@group-7C3FAEC2FC0F, cid=19, FAILED org.apache.ratis.protocol.NotLeaderException: Server e4873b1b-62a6-4d29-aa3a-7b679fe7112a is not the leader (null). Request must be sent to leader., logIndex=0, commits[e4873b1b-62a6-4d29-aa3a-7b679fe7112a:c-1]
2019-07-14 08:45:38,942 INFO  impl.LeaderElection (LeaderElection.java:askForVotes(181)) - 7a29fe3b-a1ed-4531-8744-2d85ce2f79ca:group-35644B026B35:LeaderElection6: begin an election at term 1 for -1: [7a29fe3b-a1ed-4531-8744-2d85ce2f79ca:192.168.5.191:44384], old=null
2019-07-14 08:45:38,942 INFO  impl.RoleInfo (RoleInfo.java:shutdownLeaderElection(134)) - 7a29fe3b-a1ed-4531-8744-2d85ce2f79ca: shutdown LeaderElection
2019-07-14 08:45:38,942 INFO  impl.RaftServerImpl (RaftServerImpl.java:setRole(171)) - 7a29fe3b-a1ed-4531-8744-2d85ce2f79ca:group-35644B026B35 changes role from CANDIDATE to LEADER at term 1 for changeToLeader
2019-07-14 08:45:38,942 INFO  impl.RaftServerImpl (ServerState.java:setLeader(263)) - 7a29fe3b-a1ed-4531-8744-2d85ce2f79ca:group-35644B026B35 change Leader from null to 7a29fe3b-a1ed-4531-8744-2d85ce2f79ca at term 1 for becomeLeader, leader elected after 5076ms
2019-07-14 08:45:38,944 INFO  server.RaftServerConfigKeys (ConfUtils.java:logGet(43)) - raft.server.staging.catchup.gap = 1000 (default)
2019-07-14 08:45:38,944 INFO  server.RaftServerConfigKeys (ConfUtils.java:logGet(43)) - raft.server.rpc.sleep.time = 25ms (default)
2019-07-14 08:45:38,944 INFO  server.RaftServerConfigKeys (ConfUtils.java:logGet(43)) - raft.server.write.element-limit = 4096 (default)
2019-07-14 08:45:38,944 INFO  server.RaftServerConfigKeys (ConfUtils.java:logGet(43)) - raft.server.watch.timeout = 10s (default)
2019-07-14 08:45:38,945 INFO  server.RaftServerConfigKeys (ConfUtils.java:logGet(43)) - raft.server.watch.timeout.denomination = 1s (default)
2019-07-14 08:45:38,945 INFO  server.RaftServerConfigKeys (ConfUtils.java:logGet(43)) - raft.server.watch.element-limit = 65536 (default)
2019-07-14 08:45:38,945 INFO  impl.RoleInfo (RoleInfo.java:updateAndGet(143)) - 7a29fe3b-a1ed-4531-8744-2d85ce2f79ca: start LeaderState
2019-07-14 08:45:38,945 INFO  segmented.SegmentedRaftLogWorker (SegmentedRaftLogWorker.java:startLogSegment(380)) - 7a29fe3b-a1ed-4531-8744-2d85ce2f79ca-SegmentedRaftLogWorker:Storage Directory /workdir/hadoop-ozone/integration-test/target/test-dir/MiniOzoneClusterImpl-72c865c2-a6a0-476d-8a66-24bab940d2f6/datanode-7/data/ratis/65e5e110-97a5-4994-ae5e-35644b026b35: Starting segment from index:0
2019-07-14 08:45:38,946 INFO  impl.RaftServerImpl (ServerState.java:setRaftConf(361)) - 7a29fe3b-a1ed-4531-8744-2d85ce2f79ca:group-35644B026B35 set configuration 0: [7a29fe3b-a1ed-4531-8744-2d85ce2f79ca:192.168.5.191:44384], old=null at 0
2019-07-14 08:45:38,971 INFO  segmented.SegmentedRaftLogWorker (SegmentedRaftLogWorker.java:execute(569)) - 7a29fe3b-a1ed-4531-8744-2d85ce2f79ca-SegmentedRaftLogWorker:Storage Directory /workdir/hadoop-ozone/integration-test/target/test-dir/MiniOzoneClusterImpl-72c865c2-a6a0-476d-8a66-24bab940d2f6/datanode-7/data/ratis/65e5e110-97a5-4994-ae5e-35644b026b35: created new log segment /workdir/hadoop-ozone/integration-test/target/test-dir/MiniOzoneClusterImpl-72c865c2-a6a0-476d-8a66-24bab940d2f6/datanode-7/data/ratis/65e5e110-97a5-4994-ae5e-35644b026b35/current/log_inprogress_0
2019-07-14 08:45:38,996 INFO  impl.FollowerState (FollowerState.java:run(106)) - 5de80204-70d4-47b4-99d5-fb9a56dcd81c:group-EEE8A96AC8F0 changes to CANDIDATE, lastRpcTime:5179, electionTimeout:5179ms
2019-07-14 08:45:38,996 INFO  impl.RoleInfo (RoleInfo.java:shutdownFollowerState(121)) - 5de80204-70d4-47b4-99d5-fb9a56dcd81c: shutdown FollowerState
2019-07-14 08:45:38,996 INFO  impl.RaftServerImpl (RaftServerImpl.java:setRole(171)) - 5de80204-70d4-47b4-99d5-fb9a56dcd81c:group-EEE8A96AC8F0 changes role from FOLLOWER to CANDIDATE at term 0 for changeToCandidate
2019-07-14 08:45:38,997 INFO  impl.RoleInfo (RoleInfo.java:updateAndGet(143)) - 5de80204-70d4-47b4-99d5-fb9a56dcd81c: start LeaderElection
2019-07-14 08:45:39,007 INFO  impl.LeaderElection (LeaderElection.java:askForVotes(181)) - 5de80204-70d4-47b4-99d5-fb9a56dcd81c:group-EEE8A96AC8F0:LeaderElection7: begin an election at term 1 for -1: [5de80204-70d4-47b4-99d5-fb9a56dcd81c:192.168.5.191:46076], old=null
2019-07-14 08:45:39,009 INFO  impl.RoleInfo (RoleInfo.java:shutdownLeaderElection(134)) - 5de80204-70d4-47b4-99d5-fb9a56dcd81c: shutdown LeaderElection
2019-07-14 08:45:39,009 INFO  impl.RaftServerImpl (RaftServerImpl.java:setRole(171)) - 5de80204-70d4-47b4-99d5-fb9a56dcd81c:group-EEE8A96AC8F0 changes role from CANDIDATE to LEADER at term 1 for changeToLeader
2019-07-14 08:45:39,009 INFO  impl.RaftServerImpl (ServerState.java:setLeader(263)) - 5de80204-70d4-47b4-99d5-fb9a56dcd81c:group-EEE8A96AC8F0 change Leader from null to 5de80204-70d4-47b4-99d5-fb9a56dcd81c at term 1 for becomeLeader, leader elected after 5198ms
2019-07-14 08:45:39,011 INFO  server.RaftServerConfigKeys (ConfUtils.java:logGet(43)) - raft.server.staging.catchup.gap = 1000 (default)
2019-07-14 08:45:39,011 INFO  server.RaftServerConfigKeys (ConfUtils.java:logGet(43)) - raft.server.rpc.sleep.time = 25ms (default)
2019-07-14 08:45:39,011 INFO  server.RaftServerConfigKeys (ConfUtils.java:logGet(43)) - raft.server.write.element-limit = 4096 (default)
2019-07-14 08:45:39,011 INFO  server.RaftServerConfigKeys (ConfUtils.java:logGet(43)) - raft.server.watch.timeout = 10s (default)
2019-07-14 08:45:39,011 INFO  server.RaftServerConfigKeys (ConfUtils.java:logGet(43)) - raft.server.watch.timeout.denomination = 1s (default)
2019-07-14 08:45:39,011 INFO  server.RaftServerConfigKeys (ConfUtils.java:logGet(43)) - raft.server.watch.element-limit = 65536 (default)
2019-07-14 08:45:39,011 INFO  impl.RoleInfo (RoleInfo.java:updateAndGet(143)) - 5de80204-70d4-47b4-99d5-fb9a56dcd81c: start LeaderState
2019-07-14 08:45:39,012 INFO  segmented.SegmentedRaftLogWorker (SegmentedRaftLogWorker.java:startLogSegment(380)) - 5de80204-70d4-47b4-99d5-fb9a56dcd81c-SegmentedRaftLogWorker:Storage Directory /workdir/hadoop-ozone/integration-test/target/test-dir/MiniOzoneClusterImpl-72c865c2-a6a0-476d-8a66-24bab940d2f6/datanode-8/data/ratis/e6755326-e6c1-4925-9973-eee8a96ac8f0: Starting segment from index:0
2019-07-14 08:45:39,012 INFO  impl.RaftServerImpl (ServerState.java:setRaftConf(361)) - 5de80204-70d4-47b4-99d5-fb9a56dcd81c:group-EEE8A96AC8F0 set configuration 0: [5de80204-70d4-47b4-99d5-fb9a56dcd81c:192.168.5.191:46076], old=null at 0
2019-07-14 08:45:39,030 INFO  impl.FollowerState (FollowerState.java:run(106)) - f19009df-2545-41d8-9754-b1757b9c4cf3:group-0FA686B7D240 changes to CANDIDATE, lastRpcTime:5080, electionTimeout:5076ms
2019-07-14 08:45:39,030 INFO  impl.RoleInfo (RoleInfo.java:shutdownFollowerState(121)) - f19009df-2545-41d8-9754-b1757b9c4cf3: shutdown FollowerState
2019-07-14 08:45:39,030 INFO  impl.RaftServerImpl (RaftServerImpl.java:setRole(171)) - f19009df-2545-41d8-9754-b1757b9c4cf3:group-0FA686B7D240 changes role from FOLLOWER to CANDIDATE at term 0 for changeToCandidate
2019-07-14 08:45:39,031 INFO  impl.RoleInfo (RoleInfo.java:updateAndGet(143)) - f19009df-2545-41d8-9754-b1757b9c4cf3: start LeaderElection
2019-07-14 08:45:39,045 INFO  segmented.SegmentedRaftLogWorker (SegmentedRaftLogWorker.java:execute(569)) - 5de80204-70d4-47b4-99d5-fb9a56dcd81c-SegmentedRaftLogWorker:Storage Directory /workdir/hadoop-ozone/integration-test/target/test-dir/MiniOzoneClusterImpl-72c865c2-a6a0-476d-8a66-24bab940d2f6/datanode-8/data/ratis/e6755326-e6c1-4925-9973-eee8a96ac8f0: created new log segment /workdir/hadoop-ozone/integration-test/target/test-dir/MiniOzoneClusterImpl-72c865c2-a6a0-476d-8a66-24bab940d2f6/datanode-8/data/ratis/e6755326-e6c1-4925-9973-eee8a96ac8f0/current/log_inprogress_0
2019-07-14 08:45:39,045 INFO  impl.LeaderElection (LeaderElection.java:askForVotes(181)) - f19009df-2545-41d8-9754-b1757b9c4cf3:group-0FA686B7D240:LeaderElection8: begin an election at term 1 for -1: [f19009df-2545-41d8-9754-b1757b9c4cf3:192.168.5.191:41484], old=null
2019-07-14 08:45:39,046 INFO  impl.RoleInfo (RoleInfo.java:shutdownLeaderElection(134)) - f19009df-2545-41d8-9754-b1757b9c4cf3: shutdown LeaderElection
2019-07-14 08:45:39,046 INFO  impl.RaftServerImpl (RaftServerImpl.java:setRole(171)) - f19009df-2545-41d8-9754-b1757b9c4cf3:group-0FA686B7D240 changes role from CANDIDATE to LEADER at term 1 for changeToLeader
2019-07-14 08:45:39,046 INFO  impl.RaftServerImpl (ServerState.java:setLeader(263)) - f19009df-2545-41d8-9754-b1757b9c4cf3:group-0FA686B7D240 change Leader from null to f19009df-2545-41d8-9754-b1757b9c4cf3 at term 1 for becomeLeader, leader elected after 5101ms
2019-07-14 08:45:39,047 INFO  server.RaftServerConfigKeys (ConfUtils.java:logGet(43)) - raft.server.staging.catchup.gap = 1000 (default)
2019-07-14 08:45:39,048 INFO  server.RaftServerConfigKeys (ConfUtils.java:logGet(43)) - raft.server.rpc.sleep.time = 25ms (default)
2019-07-14 08:45:39,048 INFO  server.RaftServerConfigKeys (ConfUtils.java:logGet(43)) - raft.server.write.element-limit = 4096 (default)
2019-07-14 08:45:39,048 INFO  server.RaftServerConfigKeys (ConfUtils.java:logGet(43)) - raft.server.watch.timeout = 10s (default)
2019-07-14 08:45:39,048 INFO  server.RaftServerConfigKeys (ConfUtils.java:logGet(43)) - raft.server.watch.timeout.denomination = 1s (default)
2019-07-14 08:45:39,048 INFO  server.RaftServerConfigKeys (ConfUtils.java:logGet(43)) - raft.server.watch.element-limit = 65536 (default)
2019-07-14 08:45:39,049 INFO  impl.RoleInfo (RoleInfo.java:updateAndGet(143)) - f19009df-2545-41d8-9754-b1757b9c4cf3: start LeaderState
2019-07-14 08:45:39,049 INFO  segmented.SegmentedRaftLogWorker (SegmentedRaftLogWorker.java:startLogSegment(380)) - f19009df-2545-41d8-9754-b1757b9c4cf3-SegmentedRaftLogWorker:Storage Directory /workdir/hadoop-ozone/integration-test/target/test-dir/MiniOzoneClusterImpl-72c865c2-a6a0-476d-8a66-24bab940d2f6/datanode-2/data/ratis/26c68226-d916-4533-80e8-0fa686b7d240: Starting segment from index:0
2019-07-14 08:45:39,050 INFO  impl.RaftServerImpl (ServerState.java:setRaftConf(361)) - f19009df-2545-41d8-9754-b1757b9c4cf3:group-0FA686B7D240 set configuration 0: [f19009df-2545-41d8-9754-b1757b9c4cf3:192.168.5.191:41484], old=null at 0
2019-07-14 08:45:39,074 INFO  segmented.SegmentedRaftLogWorker (SegmentedRaftLogWorker.java:execute(569)) - f19009df-2545-41d8-9754-b1757b9c4cf3-SegmentedRaftLogWorker:Storage Directory /workdir/hadoop-ozone/integration-test/target/test-dir/MiniOzoneClusterImpl-72c865c2-a6a0-476d-8a66-24bab940d2f6/datanode-2/data/ratis/26c68226-d916-4533-80e8-0fa686b7d240: created new log segment /workdir/hadoop-ozone/integration-test/target/test-dir/MiniOzoneClusterImpl-72c865c2-a6a0-476d-8a66-24bab940d2f6/datanode-2/data/ratis/26c68226-d916-4533-80e8-0fa686b7d240/current/log_inprogress_0
2019-07-14 08:45:39,149 INFO  impl.FollowerState (FollowerState.java:run(106)) - 12aa7f86-5f10-495d-8377-e8435df0ec8b:group-06BFF67FCBA5 changes to CANDIDATE, lastRpcTime:5077, electionTimeout:5077ms
2019-07-14 08:45:39,149 INFO  impl.RoleInfo (RoleInfo.java:shutdownFollowerState(121)) - 12aa7f86-5f10-495d-8377-e8435df0ec8b: shutdown FollowerState
2019-07-14 08:45:39,149 INFO  impl.RaftServerImpl (RaftServerImpl.java:setRole(171)) - 12aa7f86-5f10-495d-8377-e8435df0ec8b:group-06BFF67FCBA5 changes role from FOLLOWER to CANDIDATE at term 0 for changeToCandidate
2019-07-14 08:45:39,149 INFO  impl.RoleInfo (RoleInfo.java:updateAndGet(143)) - 12aa7f86-5f10-495d-8377-e8435df0ec8b: start LeaderElection
2019-07-14 08:45:39,159 INFO  impl.LeaderElection (LeaderElection.java:askForVotes(181)) - 12aa7f86-5f10-495d-8377-e8435df0ec8b:group-06BFF67FCBA5:LeaderElection9: begin an election at term 1 for -1: [12aa7f86-5f10-495d-8377-e8435df0ec8b:192.168.5.191:44276], old=null
2019-07-14 08:45:39,161 INFO  impl.RoleInfo (RoleInfo.java:shutdownLeaderElection(134)) - 12aa7f86-5f10-495d-8377-e8435df0ec8b: shutdown LeaderElection
2019-07-14 08:45:39,161 INFO  impl.RaftServerImpl (RaftServerImpl.java:setRole(171)) - 12aa7f86-5f10-495d-8377-e8435df0ec8b:group-06BFF67FCBA5 changes role from CANDIDATE to LEADER at term 1 for changeToLeader
2019-07-14 08:45:39,161 INFO  impl.RaftServerImpl (ServerState.java:setLeader(263)) - 12aa7f86-5f10-495d-8377-e8435df0ec8b:group-06BFF67FCBA5 change Leader from null to 12aa7f86-5f10-495d-8377-e8435df0ec8b at term 1 for becomeLeader, leader elected after 5095ms
2019-07-14 08:45:39,163 INFO  server.RaftServerConfigKeys (ConfUtils.java:logGet(43)) - raft.server.staging.catchup.gap = 1000 (default)
2019-07-14 08:45:39,163 INFO  server.RaftServerConfigKeys (ConfUtils.java:logGet(43)) - raft.server.rpc.sleep.time = 25ms (default)
2019-07-14 08:45:39,163 INFO  server.RaftServerConfigKeys (ConfUtils.java:logGet(43)) - raft.server.write.element-limit = 4096 (default)
2019-07-14 08:45:39,164 INFO  server.RaftServerConfigKeys (ConfUtils.java:logGet(43)) - raft.server.watch.timeout = 10s (default)
2019-07-14 08:45:39,164 INFO  server.RaftServerConfigKeys (ConfUtils.java:logGet(43)) - raft.server.watch.timeout.denomination = 1s (default)
2019-07-14 08:45:39,164 INFO  server.RaftServerConfigKeys (ConfUtils.java:logGet(43)) - raft.server.watch.element-limit = 65536 (default)
2019-07-14 08:45:39,164 INFO  impl.RoleInfo (RoleInfo.java:updateAndGet(143)) - 12aa7f86-5f10-495d-8377-e8435df0ec8b: start LeaderState
2019-07-14 08:45:39,164 INFO  segmented.SegmentedRaftLogWorker (SegmentedRaftLogWorker.java:startLogSegment(380)) - 12aa7f86-5f10-495d-8377-e8435df0ec8b-SegmentedRaftLogWorker:Storage Directory /workdir/hadoop-ozone/integration-test/target/test-dir/MiniOzoneClusterImpl-72c865c2-a6a0-476d-8a66-24bab940d2f6/datanode-6/data/ratis/932fda64-34e4-4335-b73e-06bff67fcba5: Starting segment from index:0
2019-07-14 08:45:39,165 INFO  impl.RaftServerImpl (ServerState.java:setRaftConf(361)) - 12aa7f86-5f10-495d-8377-e8435df0ec8b:group-06BFF67FCBA5 set configuration 0: [12aa7f86-5f10-495d-8377-e8435df0ec8b:192.168.5.191:44276], old=null at 0
2019-07-14 08:45:39,187 INFO  segmented.SegmentedRaftLogWorker (SegmentedRaftLogWorker.java:execute(569)) - 12aa7f86-5f10-495d-8377-e8435df0ec8b-SegmentedRaftLogWorker:Storage Directory /workdir/hadoop-ozone/integration-test/target/test-dir/MiniOzoneClusterImpl-72c865c2-a6a0-476d-8a66-24bab940d2f6/datanode-6/data/ratis/932fda64-34e4-4335-b73e-06bff67fcba5: created new log segment /workdir/hadoop-ozone/integration-test/target/test-dir/MiniOzoneClusterImpl-72c865c2-a6a0-476d-8a66-24bab940d2f6/datanode-6/data/ratis/932fda64-34e4-4335-b73e-06bff67fcba5/current/log_inprogress_0
2019-07-14 08:45:39,193 INFO  impl.FollowerState (FollowerState.java:run(106)) - e4873b1b-62a6-4d29-aa3a-7b679fe7112a:group-BEE54814E966 changes to CANDIDATE, lastRpcTime:5195, electionTimeout:5195ms
2019-07-14 08:45:39,193 INFO  impl.RoleInfo (RoleInfo.java:shutdownFollowerState(121)) - e4873b1b-62a6-4d29-aa3a-7b679fe7112a: shutdown FollowerState
2019-07-14 08:45:39,193 INFO  impl.RaftServerImpl (RaftServerImpl.java:setRole(171)) - e4873b1b-62a6-4d29-aa3a-7b679fe7112a:group-BEE54814E966 changes role from FOLLOWER to CANDIDATE at term 0 for changeToCandidate
2019-07-14 08:45:39,194 INFO  impl.RoleInfo (RoleInfo.java:updateAndGet(143)) - e4873b1b-62a6-4d29-aa3a-7b679fe7112a: start LeaderElection
2019-07-14 08:45:39,204 INFO  impl.LeaderElection (LeaderElection.java:askForVotes(181)) - e4873b1b-62a6-4d29-aa3a-7b679fe7112a:group-BEE54814E966:LeaderElection10: begin an election at term 1 for -1: [e4873b1b-62a6-4d29-aa3a-7b679fe7112a:192.168.5.191:36972], old=null
2019-07-14 08:45:39,206 INFO  impl.RoleInfo (RoleInfo.java:shutdownLeaderElection(134)) - e4873b1b-62a6-4d29-aa3a-7b679fe7112a: shutdown LeaderElection
2019-07-14 08:45:39,206 INFO  impl.RaftServerImpl (RaftServerImpl.java:setRole(171)) - e4873b1b-62a6-4d29-aa3a-7b679fe7112a:group-BEE54814E966 changes role from CANDIDATE to LEADER at term 1 for changeToLeader
2019-07-14 08:45:39,206 INFO  impl.RaftServerImpl (ServerState.java:setLeader(263)) - e4873b1b-62a6-4d29-aa3a-7b679fe7112a:group-BEE54814E966 change Leader from null to e4873b1b-62a6-4d29-aa3a-7b679fe7112a at term 1 for becomeLeader, leader elected after 5214ms
2019-07-14 08:45:39,208 INFO  server.RaftServerConfigKeys (ConfUtils.java:logGet(43)) - raft.server.staging.catchup.gap = 1000 (default)
2019-07-14 08:45:39,209 INFO  server.RaftServerConfigKeys (ConfUtils.java:logGet(43)) - raft.server.rpc.sleep.time = 25ms (default)
2019-07-14 08:45:39,209 INFO  server.RaftServerConfigKeys (ConfUtils.java:logGet(43)) - raft.server.write.element-limit = 4096 (default)
2019-07-14 08:45:39,209 INFO  server.RaftServerConfigKeys (ConfUtils.java:logGet(43)) - raft.server.watch.timeout = 10s (default)
2019-07-14 08:45:39,209 INFO  server.RaftServerConfigKeys (ConfUtils.java:logGet(43)) - raft.server.watch.timeout.denomination = 1s (default)
2019-07-14 08:45:39,209 INFO  server.RaftServerConfigKeys (ConfUtils.java:logGet(43)) - raft.server.watch.element-limit = 65536 (default)
2019-07-14 08:45:39,210 INFO  impl.RoleInfo (RoleInfo.java:updateAndGet(143)) - e4873b1b-62a6-4d29-aa3a-7b679fe7112a: start LeaderState
2019-07-14 08:45:39,210 INFO  segmented.SegmentedRaftLogWorker (SegmentedRaftLogWorker.java:startLogSegment(380)) - e4873b1b-62a6-4d29-aa3a-7b679fe7112a-SegmentedRaftLogWorker:Storage Directory /workdir/hadoop-ozone/integration-test/target/test-dir/MiniOzoneClusterImpl-72c865c2-a6a0-476d-8a66-24bab940d2f6/datanode-9/data/ratis/e662e952-9521-44a0-b7f0-bee54814e966: Starting segment from index:0
2019-07-14 08:45:39,211 INFO  impl.RaftServerImpl (ServerState.java:setRaftConf(361)) - e4873b1b-62a6-4d29-aa3a-7b679fe7112a:group-BEE54814E966 set configuration 0: [e4873b1b-62a6-4d29-aa3a-7b679fe7112a:192.168.5.191:36972], old=null at 0
2019-07-14 08:45:39,236 INFO  segmented.SegmentedRaftLogWorker (SegmentedRaftLogWorker.java:execute(569)) - e4873b1b-62a6-4d29-aa3a-7b679fe7112a-SegmentedRaftLogWorker:Storage Directory /workdir/hadoop-ozone/integration-test/target/test-dir/MiniOzoneClusterImpl-72c865c2-a6a0-476d-8a66-24bab940d2f6/datanode-9/data/ratis/e662e952-9521-44a0-b7f0-bee54814e966: created new log segment /workdir/hadoop-ozone/integration-test/target/test-dir/MiniOzoneClusterImpl-72c865c2-a6a0-476d-8a66-24bab940d2f6/datanode-9/data/ratis/e662e952-9521-44a0-b7f0-bee54814e966/current/log_inprogress_0
2019-07-14 08:45:39,249 INFO  impl.FollowerState (FollowerState.java:run(106)) - 5de80204-70d4-47b4-99d5-fb9a56dcd81c:group-7C3FAEC2FC0F changes to CANDIDATE, lastRpcTime:5087, electionTimeout:5086ms
2019-07-14 08:45:39,249 INFO  impl.RoleInfo (RoleInfo.java:shutdownFollowerState(121)) - 5de80204-70d4-47b4-99d5-fb9a56dcd81c: shutdown FollowerState
2019-07-14 08:45:39,249 INFO  impl.RaftServerImpl (RaftServerImpl.java:setRole(171)) - 5de80204-70d4-47b4-99d5-fb9a56dcd81c:group-7C3FAEC2FC0F changes role from FOLLOWER to CANDIDATE at term 0 for changeToCandidate
2019-07-14 08:45:39,249 INFO  impl.RoleInfo (RoleInfo.java:updateAndGet(143)) - 5de80204-70d4-47b4-99d5-fb9a56dcd81c: start LeaderElection
2019-07-14 08:45:39,259 INFO  impl.LeaderElection (LeaderElection.java:askForVotes(181)) - 5de80204-70d4-47b4-99d5-fb9a56dcd81c:group-7C3FAEC2FC0F:LeaderElection11: begin an election at term 1 for -1: [e4873b1b-62a6-4d29-aa3a-7b679fe7112a:192.168.5.191:36972, 5de80204-70d4-47b4-99d5-fb9a56dcd81c:192.168.5.191:46076, 2c54bd76-8fe6-4c13-b273-d744f6dece58:192.168.5.191:40653], old=null
2019-07-14 08:45:39,282 INFO  impl.FollowerState (FollowerState.java:run(106)) - 4cd1e0ba-84f2-4e54-b0d6-ca02a3ecddad:group-26BB7CA780F5 changes to CANDIDATE, lastRpcTime:5018, electionTimeout:5004ms
2019-07-14 08:45:39,283 INFO  impl.RoleInfo (RoleInfo.java:shutdownFollowerState(121)) - 4cd1e0ba-84f2-4e54-b0d6-ca02a3ecddad: shutdown FollowerState
2019-07-14 08:45:39,283 INFO  impl.RaftServerImpl (RaftServerImpl.java:setRole(171)) - 4cd1e0ba-84f2-4e54-b0d6-ca02a3ecddad:group-26BB7CA780F5 changes role from FOLLOWER to CANDIDATE at term 0 for changeToCandidate
2019-07-14 08:45:39,283 INFO  impl.RoleInfo (RoleInfo.java:updateAndGet(143)) - 4cd1e0ba-84f2-4e54-b0d6-ca02a3ecddad: start LeaderElection
2019-07-14 08:45:39,296 INFO  impl.LeaderElection (LeaderElection.java:askForVotes(181)) - 4cd1e0ba-84f2-4e54-b0d6-ca02a3ecddad:group-26BB7CA780F5:LeaderElection12: begin an election at term 1 for -1: [4cd1e0ba-84f2-4e54-b0d6-ca02a3ecddad:192.168.5.191:37327, 69100d08-e085-47c5-a851-8dedd4cd4a80:192.168.5.191:38501, ea0dc8f3-e663-4d02-9c60-da7dfa1a2970:192.168.5.191:41116], old=null
2019-07-14 08:45:39,305 INFO  impl.RaftServerImpl (RaftServerImpl.java:setRole(171)) - e4873b1b-62a6-4d29-aa3a-7b679fe7112a:group-7C3FAEC2FC0F changes role from FOLLOWER to FOLLOWER at term 1 for recognizeCandidate:5de80204-70d4-47b4-99d5-fb9a56dcd81c
2019-07-14 08:45:39,305 INFO  impl.RaftServerImpl (RaftServerImpl.java:setRole(171)) - 2c54bd76-8fe6-4c13-b273-d744f6dece58:group-7C3FAEC2FC0F changes role from FOLLOWER to FOLLOWER at term 1 for recognizeCandidate:5de80204-70d4-47b4-99d5-fb9a56dcd81c
2019-07-14 08:45:39,305 INFO  impl.RoleInfo (RoleInfo.java:shutdownFollowerState(121)) - e4873b1b-62a6-4d29-aa3a-7b679fe7112a: shutdown FollowerState
2019-07-14 08:45:39,305 INFO  impl.RoleInfo (RoleInfo.java:shutdownFollowerState(121)) - 2c54bd76-8fe6-4c13-b273-d744f6dece58: shutdown FollowerState
2019-07-14 08:45:39,305 INFO  impl.RoleInfo (RoleInfo.java:updateAndGet(143)) - e4873b1b-62a6-4d29-aa3a-7b679fe7112a: start FollowerState
2019-07-14 08:45:39,308 INFO  impl.FollowerState (FollowerState.java:run(114)) - e4873b1b-62a6-4d29-aa3a-7b679fe7112a: FollowerState was interrupted: java.lang.InterruptedException: sleep interrupted
2019-07-14 08:45:39,310 INFO  impl.RoleInfo (RoleInfo.java:updateAndGet(143)) - 2c54bd76-8fe6-4c13-b273-d744f6dece58: start FollowerState
2019-07-14 08:45:39,311 INFO  impl.FollowerState (FollowerState.java:run(114)) - 2c54bd76-8fe6-4c13-b273-d744f6dece58: FollowerState was interrupted: java.lang.InterruptedException: sleep interrupted
2019-07-14 08:45:39,320 INFO  impl.RaftServerImpl (RaftServerImpl.java:setRole(171)) - 69100d08-e085-47c5-a851-8dedd4cd4a80:group-26BB7CA780F5 changes role from FOLLOWER to FOLLOWER at term 1 for recognizeCandidate:4cd1e0ba-84f2-4e54-b0d6-ca02a3ecddad
2019-07-14 08:45:39,322 INFO  impl.RaftServerImpl (RaftServerImpl.java:setRole(171)) - ea0dc8f3-e663-4d02-9c60-da7dfa1a2970:group-26BB7CA780F5 changes role from FOLLOWER to FOLLOWER at term 1 for recognizeCandidate:4cd1e0ba-84f2-4e54-b0d6-ca02a3ecddad
2019-07-14 08:45:39,322 INFO  impl.RoleInfo (RoleInfo.java:shutdownFollowerState(121)) - 69100d08-e085-47c5-a851-8dedd4cd4a80: shutdown FollowerState
2019-07-14 08:45:39,323 INFO  impl.RoleInfo (RoleInfo.java:shutdownFollowerState(121)) - ea0dc8f3-e663-4d02-9c60-da7dfa1a2970: shutdown FollowerState
2019-07-14 08:45:39,323 INFO  impl.RoleInfo (RoleInfo.java:updateAndGet(143)) - 69100d08-e085-47c5-a851-8dedd4cd4a80: start FollowerState
2019-07-14 08:45:39,323 INFO  impl.RoleInfo (RoleInfo.java:updateAndGet(143)) - ea0dc8f3-e663-4d02-9c60-da7dfa1a2970: start FollowerState
2019-07-14 08:45:39,323 INFO  impl.FollowerState (FollowerState.java:run(114)) - 69100d08-e085-47c5-a851-8dedd4cd4a80: FollowerState was interrupted: java.lang.InterruptedException: sleep interrupted
2019-07-14 08:45:39,326 INFO  impl.FollowerState (FollowerState.java:run(114)) - ea0dc8f3-e663-4d02-9c60-da7dfa1a2970: FollowerState was interrupted: java.lang.InterruptedException: sleep interrupted
2019-07-14 08:45:39,335 INFO  impl.LeaderElection (LeaderElection.java:logAndReturn(56)) - 5de80204-70d4-47b4-99d5-fb9a56dcd81c:group-7C3FAEC2FC0F:LeaderElection11: Election PASSED; received 1 response(s) [5de80204-70d4-47b4-99d5-fb9a56dcd81c<-2c54bd76-8fe6-4c13-b273-d744f6dece58#0:OK-t1] and 0 exception(s); 5de80204-70d4-47b4-99d5-fb9a56dcd81c:t1, leader=null, voted=5de80204-70d4-47b4-99d5-fb9a56dcd81c, raftlog=5de80204-70d4-47b4-99d5-fb9a56dcd81c-SegmentedRaftLog:OPENED:c-1,f-1,i0, conf=-1: [e4873b1b-62a6-4d29-aa3a-7b679fe7112a:192.168.5.191:36972, 5de80204-70d4-47b4-99d5-fb9a56dcd81c:192.168.5.191:46076, 2c54bd76-8fe6-4c13-b273-d744f6dece58:192.168.5.191:40653], old=null
2019-07-14 08:45:39,335 INFO  impl.RoleInfo (RoleInfo.java:shutdownLeaderElection(134)) - 5de80204-70d4-47b4-99d5-fb9a56dcd81c: shutdown LeaderElection
2019-07-14 08:45:39,336 INFO  impl.RaftServerImpl (RaftServerImpl.java:setRole(171)) - 5de80204-70d4-47b4-99d5-fb9a56dcd81c:group-7C3FAEC2FC0F changes role from CANDIDATE to LEADER at term 1 for changeToLeader
2019-07-14 08:45:39,336 INFO  impl.RaftServerImpl (ServerState.java:setLeader(263)) - 5de80204-70d4-47b4-99d5-fb9a56dcd81c:group-7C3FAEC2FC0F change Leader from null to 5de80204-70d4-47b4-99d5-fb9a56dcd81c at term 1 for becomeLeader, leader elected after 5190ms
2019-07-14 08:45:39,340 INFO  server.RaftServerConfigKeys (ConfUtils.java:logGet(43)) - raft.server.staging.catchup.gap = 1000 (default)
2019-07-14 08:45:39,341 INFO  server.RaftServerConfigKeys (ConfUtils.java:logGet(43)) - raft.server.rpc.sleep.time = 25ms (default)
2019-07-14 08:45:39,342 INFO  server.RaftServerConfigKeys (ConfUtils.java:logGet(43)) - raft.server.write.element-limit = 4096 (default)
2019-07-14 08:45:39,342 INFO  server.RaftServerConfigKeys (ConfUtils.java:logGet(43)) - raft.server.watch.timeout = 10s (default)
2019-07-14 08:45:39,342 INFO  impl.LeaderElection (LeaderElection.java:logAndReturn(56)) - 4cd1e0ba-84f2-4e54-b0d6-ca02a3ecddad:group-26BB7CA780F5:LeaderElection12: Election PASSED; received 1 response(s) [4cd1e0ba-84f2-4e54-b0d6-ca02a3ecddad<-ea0dc8f3-e663-4d02-9c60-da7dfa1a2970#0:OK-t1] and 0 exception(s); 4cd1e0ba-84f2-4e54-b0d6-ca02a3ecddad:t1, leader=null, voted=4cd1e0ba-84f2-4e54-b0d6-ca02a3ecddad, raftlog=4cd1e0ba-84f2-4e54-b0d6-ca02a3ecddad-SegmentedRaftLog:OPENED:c-1,f-1,i0, conf=-1: [4cd1e0ba-84f2-4e54-b0d6-ca02a3ecddad:192.168.5.191:37327, 69100d08-e085-47c5-a851-8dedd4cd4a80:192.168.5.191:38501, ea0dc8f3-e663-4d02-9c60-da7dfa1a2970:192.168.5.191:41116], old=null
2019-07-14 08:45:39,342 INFO  server.RaftServerConfigKeys (ConfUtils.java:logGet(43)) - raft.server.watch.timeout.denomination = 1s (default)
2019-07-14 08:45:39,344 INFO  impl.RoleInfo (RoleInfo.java:shutdownLeaderElection(134)) - 4cd1e0ba-84f2-4e54-b0d6-ca02a3ecddad: shutdown LeaderElection
2019-07-14 08:45:39,346 INFO  server.RaftServerConfigKeys (ConfUtils.java:logGet(43)) - raft.server.watch.element-limit = 65536 (default)
2019-07-14 08:45:39,348 INFO  impl.RaftServerImpl (RaftServerImpl.java:setRole(171)) - 4cd1e0ba-84f2-4e54-b0d6-ca02a3ecddad:group-26BB7CA780F5 changes role from CANDIDATE to LEADER at term 1 for changeToLeader
2019-07-14 08:45:39,348 INFO  impl.RaftServerImpl (ServerState.java:setLeader(263)) - 4cd1e0ba-84f2-4e54-b0d6-ca02a3ecddad:group-26BB7CA780F5 change Leader from null to 4cd1e0ba-84f2-4e54-b0d6-ca02a3ecddad at term 1 for becomeLeader, leader elected after 5102ms
2019-07-14 08:45:39,348 INFO  server.RaftServerConfigKeys (ConfUtils.java:logGet(43)) - raft.server.staging.catchup.gap = 1000 (default)
2019-07-14 08:45:39,348 INFO  server.RaftServerConfigKeys (ConfUtils.java:logGet(43)) - raft.server.rpc.sleep.time = 25ms (default)
2019-07-14 08:45:39,348 INFO  server.RaftServerConfigKeys (ConfUtils.java:logGet(43)) - raft.server.write.element-limit = 4096 (default)
2019-07-14 08:45:39,349 INFO  server.RaftServerConfigKeys (ConfUtils.java:logGet(43)) - raft.server.watch.timeout = 10s (default)
2019-07-14 08:45:39,349 INFO  server.RaftServerConfigKeys (ConfUtils.java:logGet(43)) - raft.server.watch.timeout.denomination = 1s (default)
2019-07-14 08:45:39,349 INFO  server.RaftServerConfigKeys (ConfUtils.java:logGet(43)) - raft.server.watch.element-limit = 65536 (default)
2019-07-14 08:45:39,350 INFO  server.RaftServerConfigKeys (ConfUtils.java:logGet(43)) - raft.server.log.appender.snapshot.chunk.size.max = 16MB (=16777216) (default)
2019-07-14 08:45:39,350 INFO  server.RaftServerConfigKeys (ConfUtils.java:logGet(43)) - raft.server.log.appender.snapshot.chunk.size.max = 16MB (=16777216) (default)
2019-07-14 08:45:39,351 INFO  server.RaftServerConfigKeys (ConfUtils.java:logGet(43)) - raft.server.log.appender.buffer.byte-limit = 33554432 (custom)
2019-07-14 08:45:39,351 INFO  server.RaftServerConfigKeys (ConfUtils.java:logGet(43)) - raft.server.log.appender.buffer.byte-limit = 33554432 (custom)
2019-07-14 08:45:39,352 INFO  server.RaftServerConfigKeys (ConfUtils.java:logGet(43)) - raft.server.log.appender.buffer.element-limit = 1 (custom)
2019-07-14 08:45:39,352 INFO  server.RaftServerConfigKeys (ConfUtils.java:logGet(43)) - raft.server.log.appender.buffer.element-limit = 1 (custom)
2019-07-14 08:45:39,355 INFO  grpc.GrpcConfigKeys$Server (ConfUtils.java:logGet(43)) - raft.grpc.server.leader.outstanding.appends.max = 128 (default)
2019-07-14 08:45:39,355 INFO  grpc.GrpcConfigKeys$Server (ConfUtils.java:logGet(43)) - raft.grpc.server.leader.outstanding.appends.max = 128 (default)
2019-07-14 08:45:39,357 INFO  server.RaftServerConfigKeys (ConfUtils.java:logGet(43)) - raft.server.rpc.request.timeout = 3000ms (default)
2019-07-14 08:45:39,357 INFO  server.RaftServerConfigKeys (ConfUtils.java:logGet(43)) - raft.server.rpc.request.timeout = 3000ms (default)
2019-07-14 08:45:39,357 INFO  server.RaftServerConfigKeys (ConfUtils.java:logGet(43)) - raft.server.log.appender.install.snapshot.enabled = false (custom)
2019-07-14 08:45:39,358 INFO  server.RaftServerConfigKeys (ConfUtils.java:logGet(43)) - raft.server.log.appender.install.snapshot.enabled = false (custom)
2019-07-14 08:45:39,358 INFO  server.RaftServerConfigKeys (ConfUtils.java:logGet(43)) - raft.server.log.appender.snapshot.chunk.size.max = 16MB (=16777216) (default)
2019-07-14 08:45:39,358 INFO  server.RaftServerConfigKeys (ConfUtils.java:logGet(43)) - raft.server.log.appender.snapshot.chunk.size.max = 16MB (=16777216) (default)
2019-07-14 08:45:39,358 INFO  server.RaftServerConfigKeys (ConfUtils.java:logGet(43)) - raft.server.log.appender.buffer.byte-limit = 33554432 (custom)
2019-07-14 08:45:39,358 INFO  server.RaftServerConfigKeys (ConfUtils.java:logGet(43)) - raft.server.log.appender.buffer.byte-limit = 33554432 (custom)
2019-07-14 08:45:39,358 INFO  server.RaftServerConfigKeys (ConfUtils.java:logGet(43)) - raft.server.log.appender.buffer.element-limit = 1 (custom)
2019-07-14 08:45:39,358 INFO  server.RaftServerConfigKeys (ConfUtils.java:logGet(43)) - raft.server.log.appender.buffer.element-limit = 1 (custom)
2019-07-14 08:45:39,359 INFO  grpc.GrpcConfigKeys$Server (ConfUtils.java:logGet(43)) - raft.grpc.server.leader.outstanding.appends.max = 128 (default)
2019-07-14 08:45:39,359 INFO  grpc.GrpcConfigKeys$Server (ConfUtils.java:logGet(43)) - raft.grpc.server.leader.outstanding.appends.max = 128 (default)
2019-07-14 08:45:39,359 INFO  server.RaftServerConfigKeys (ConfUtils.java:logGet(43)) - raft.server.rpc.request.timeout = 3000ms (default)
2019-07-14 08:45:39,359 INFO  server.RaftServerConfigKeys (ConfUtils.java:logGet(43)) - raft.server.rpc.request.timeout = 3000ms (default)
2019-07-14 08:45:39,359 INFO  server.RaftServerConfigKeys (ConfUtils.java:logGet(43)) - raft.server.log.appender.install.snapshot.enabled = false (custom)
2019-07-14 08:45:39,359 INFO  server.RaftServerConfigKeys (ConfUtils.java:logGet(43)) - raft.server.log.appender.install.snapshot.enabled = false (custom)
2019-07-14 08:45:39,361 INFO  impl.RoleInfo (RoleInfo.java:updateAndGet(143)) - 4cd1e0ba-84f2-4e54-b0d6-ca02a3ecddad: start LeaderState
2019-07-14 08:45:39,361 INFO  impl.RoleInfo (RoleInfo.java:updateAndGet(143)) - 5de80204-70d4-47b4-99d5-fb9a56dcd81c: start LeaderState
2019-07-14 08:45:39,361 INFO  segmented.SegmentedRaftLogWorker (SegmentedRaftLogWorker.java:startLogSegment(380)) - 4cd1e0ba-84f2-4e54-b0d6-ca02a3ecddad-SegmentedRaftLogWorker:Storage Directory /workdir/hadoop-ozone/integration-test/target/test-dir/MiniOzoneClusterImpl-72c865c2-a6a0-476d-8a66-24bab940d2f6/datanode-1/data/ratis/f178075b-0ee6-462c-88db-26bb7ca780f5: Starting segment from index:0
2019-07-14 08:45:39,361 INFO  segmented.SegmentedRaftLogWorker (SegmentedRaftLogWorker.java:startLogSegment(380)) - 5de80204-70d4-47b4-99d5-fb9a56dcd81c-SegmentedRaftLogWorker:Storage Directory /workdir/hadoop-ozone/integration-test/target/test-dir/MiniOzoneClusterImpl-72c865c2-a6a0-476d-8a66-24bab940d2f6/datanode-8/data/ratis/8556f089-f602-4c86-bba3-7c3faec2fc0f: Starting segment from index:0
2019-07-14 08:45:39,363 INFO  impl.RaftServerImpl (ServerState.java:setRaftConf(361)) - 4cd1e0ba-84f2-4e54-b0d6-ca02a3ecddad:group-26BB7CA780F5 set configuration 0: [4cd1e0ba-84f2-4e54-b0d6-ca02a3ecddad:192.168.5.191:37327, 69100d08-e085-47c5-a851-8dedd4cd4a80:192.168.5.191:38501, ea0dc8f3-e663-4d02-9c60-da7dfa1a2970:192.168.5.191:41116], old=null at 0
2019-07-14 08:45:39,363 INFO  impl.RaftServerImpl (ServerState.java:setRaftConf(361)) - 5de80204-70d4-47b4-99d5-fb9a56dcd81c:group-7C3FAEC2FC0F set configuration 0: [e4873b1b-62a6-4d29-aa3a-7b679fe7112a:192.168.5.191:36972, 5de80204-70d4-47b4-99d5-fb9a56dcd81c:192.168.5.191:46076, 2c54bd76-8fe6-4c13-b273-d744f6dece58:192.168.5.191:40653], old=null at 0
2019-07-14 08:45:39,384 INFO  segmented.SegmentedRaftLogWorker (SegmentedRaftLogWorker.java:execute(569)) - 4cd1e0ba-84f2-4e54-b0d6-ca02a3ecddad-SegmentedRaftLogWorker:Storage Directory /workdir/hadoop-ozone/integration-test/target/test-dir/MiniOzoneClusterImpl-72c865c2-a6a0-476d-8a66-24bab940d2f6/datanode-1/data/ratis/f178075b-0ee6-462c-88db-26bb7ca780f5: created new log segment /workdir/hadoop-ozone/integration-test/target/test-dir/MiniOzoneClusterImpl-72c865c2-a6a0-476d-8a66-24bab940d2f6/datanode-1/data/ratis/f178075b-0ee6-462c-88db-26bb7ca780f5/current/log_inprogress_0
2019-07-14 08:45:39,384 INFO  segmented.SegmentedRaftLogWorker (SegmentedRaftLogWorker.java:execute(569)) - 5de80204-70d4-47b4-99d5-fb9a56dcd81c-SegmentedRaftLogWorker:Storage Directory /workdir/hadoop-ozone/integration-test/target/test-dir/MiniOzoneClusterImpl-72c865c2-a6a0-476d-8a66-24bab940d2f6/datanode-8/data/ratis/8556f089-f602-4c86-bba3-7c3faec2fc0f: created new log segment /workdir/hadoop-ozone/integration-test/target/test-dir/MiniOzoneClusterImpl-72c865c2-a6a0-476d-8a66-24bab940d2f6/datanode-8/data/ratis/8556f089-f602-4c86-bba3-7c3faec2fc0f/current/log_inprogress_0
2019-07-14 08:45:39,415 INFO  impl.RaftServerImpl (ServerState.java:setLeader(263)) - ea0dc8f3-e663-4d02-9c60-da7dfa1a2970:group-26BB7CA780F5 change Leader from null to 4cd1e0ba-84f2-4e54-b0d6-ca02a3ecddad at term 1 for appendEntries, leader elected after 5169ms
2019-07-14 08:45:39,417 INFO  impl.RaftServerImpl (ServerState.java:setLeader(263)) - 69100d08-e085-47c5-a851-8dedd4cd4a80:group-26BB7CA780F5 change Leader from null to 4cd1e0ba-84f2-4e54-b0d6-ca02a3ecddad at term 1 for appendEntries, leader elected after 5170ms
2019-07-14 08:45:39,417 INFO  impl.RaftServerImpl (ServerState.java:setLeader(263)) - e4873b1b-62a6-4d29-aa3a-7b679fe7112a:group-7C3FAEC2FC0F change Leader from null to 5de80204-70d4-47b4-99d5-fb9a56dcd81c at term 1 for appendEntries, leader elected after 5261ms
2019-07-14 08:45:39,419 INFO  impl.RaftServerImpl (ServerState.java:setLeader(263)) - 2c54bd76-8fe6-4c13-b273-d744f6dece58:group-7C3FAEC2FC0F change Leader from null to 5de80204-70d4-47b4-99d5-fb9a56dcd81c at term 1 for appendEntries, leader elected after 5273ms
2019-07-14 08:45:39,457 INFO  impl.RaftServerImpl (ServerState.java:setRaftConf(361)) - ea0dc8f3-e663-4d02-9c60-da7dfa1a2970:group-26BB7CA780F5 set configuration 0: [4cd1e0ba-84f2-4e54-b0d6-ca02a3ecddad:192.168.5.191:37327, 69100d08-e085-47c5-a851-8dedd4cd4a80:192.168.5.191:38501, ea0dc8f3-e663-4d02-9c60-da7dfa1a2970:192.168.5.191:41116], old=null at 0
2019-07-14 08:45:39,457 INFO  impl.RaftServerImpl (ServerState.java:setRaftConf(361)) - 2c54bd76-8fe6-4c13-b273-d744f6dece58:group-7C3FAEC2FC0F set configuration 0: [e4873b1b-62a6-4d29-aa3a-7b679fe7112a:192.168.5.191:36972, 5de80204-70d4-47b4-99d5-fb9a56dcd81c:192.168.5.191:46076, 2c54bd76-8fe6-4c13-b273-d744f6dece58:192.168.5.191:40653], old=null at 0
2019-07-14 08:45:39,457 INFO  impl.RaftServerImpl (ServerState.java:setRaftConf(361)) - e4873b1b-62a6-4d29-aa3a-7b679fe7112a:group-7C3FAEC2FC0F set configuration 0: [e4873b1b-62a6-4d29-aa3a-7b679fe7112a:192.168.5.191:36972, 5de80204-70d4-47b4-99d5-fb9a56dcd81c:192.168.5.191:46076, 2c54bd76-8fe6-4c13-b273-d744f6dece58:192.168.5.191:40653], old=null at 0
2019-07-14 08:45:39,458 INFO  segmented.SegmentedRaftLogWorker (SegmentedRaftLogWorker.java:startLogSegment(380)) - 2c54bd76-8fe6-4c13-b273-d744f6dece58-SegmentedRaftLogWorker:Storage Directory /workdir/hadoop-ozone/integration-test/target/test-dir/MiniOzoneClusterImpl-72c865c2-a6a0-476d-8a66-24bab940d2f6/datanode-3/data/ratis/8556f089-f602-4c86-bba3-7c3faec2fc0f: Starting segment from index:0
2019-07-14 08:45:39,457 INFO  segmented.SegmentedRaftLogWorker (SegmentedRaftLogWorker.java:startLogSegment(380)) - ea0dc8f3-e663-4d02-9c60-da7dfa1a2970-SegmentedRaftLogWorker:Storage Directory /workdir/hadoop-ozone/integration-test/target/test-dir/MiniOzoneClusterImpl-72c865c2-a6a0-476d-8a66-24bab940d2f6/datanode-4/data/ratis/f178075b-0ee6-462c-88db-26bb7ca780f5: Starting segment from index:0
2019-07-14 08:45:39,457 INFO  impl.RaftServerImpl (ServerState.java:setRaftConf(361)) - 69100d08-e085-47c5-a851-8dedd4cd4a80:group-26BB7CA780F5 set configuration 0: [4cd1e0ba-84f2-4e54-b0d6-ca02a3ecddad:192.168.5.191:37327, 69100d08-e085-47c5-a851-8dedd4cd4a80:192.168.5.191:38501, ea0dc8f3-e663-4d02-9c60-da7dfa1a2970:192.168.5.191:41116], old=null at 0
2019-07-14 08:45:39,458 INFO  segmented.SegmentedRaftLogWorker (SegmentedRaftLogWorker.java:startLogSegment(380)) - e4873b1b-62a6-4d29-aa3a-7b679fe7112a-SegmentedRaftLogWorker:Storage Directory /workdir/hadoop-ozone/integration-test/target/test-dir/MiniOzoneClusterImpl-72c865c2-a6a0-476d-8a66-24bab940d2f6/datanode-9/data/ratis/8556f089-f602-4c86-bba3-7c3faec2fc0f: Starting segment from index:0
2019-07-14 08:45:39,458 INFO  segmented.SegmentedRaftLogWorker (SegmentedRaftLogWorker.java:startLogSegment(380)) - 69100d08-e085-47c5-a851-8dedd4cd4a80-SegmentedRaftLogWorker:Storage Directory /workdir/hadoop-ozone/integration-test/target/test-dir/MiniOzoneClusterImpl-72c865c2-a6a0-476d-8a66-24bab940d2f6/datanode-0/data/ratis/f178075b-0ee6-462c-88db-26bb7ca780f5: Starting segment from index:0
2019-07-14 08:45:39,474 INFO  impl.FollowerState (FollowerState.java:run(106)) - f19009df-2545-41d8-9754-b1757b9c4cf3:group-75DE528D4315 changes to CANDIDATE, lastRpcTime:5144, electionTimeout:5144ms
2019-07-14 08:45:39,474 INFO  impl.RoleInfo (RoleInfo.java:shutdownFollowerState(121)) - f19009df-2545-41d8-9754-b1757b9c4cf3: shutdown FollowerState
2019-07-14 08:45:39,474 INFO  impl.RaftServerImpl (RaftServerImpl.java:setRole(171)) - f19009df-2545-41d8-9754-b1757b9c4cf3:group-75DE528D4315 changes role from FOLLOWER to CANDIDATE at term 0 for changeToCandidate
2019-07-14 08:45:39,475 INFO  impl.RoleInfo (RoleInfo.java:updateAndGet(143)) - f19009df-2545-41d8-9754-b1757b9c4cf3: start LeaderElection
2019-07-14 08:45:39,479 INFO  segmented.SegmentedRaftLogWorker (SegmentedRaftLogWorker.java:execute(569)) - 69100d08-e085-47c5-a851-8dedd4cd4a80-SegmentedRaftLogWorker:Storage Directory /workdir/hadoop-ozone/integration-test/target/test-dir/MiniOzoneClusterImpl-72c865c2-a6a0-476d-8a66-24bab940d2f6/datanode-0/data/ratis/f178075b-0ee6-462c-88db-26bb7ca780f5: created new log segment /workdir/hadoop-ozone/integration-test/target/test-dir/MiniOzoneClusterImpl-72c865c2-a6a0-476d-8a66-24bab940d2f6/datanode-0/data/ratis/f178075b-0ee6-462c-88db-26bb7ca780f5/current/log_inprogress_0
2019-07-14 08:45:39,480 INFO  segmented.SegmentedRaftLogWorker (SegmentedRaftLogWorker.java:execute(569)) - 2c54bd76-8fe6-4c13-b273-d744f6dece58-SegmentedRaftLogWorker:Storage Directory /workdir/hadoop-ozone/integration-test/target/test-dir/MiniOzoneClusterImpl-72c865c2-a6a0-476d-8a66-24bab940d2f6/datanode-3/data/ratis/8556f089-f602-4c86-bba3-7c3faec2fc0f: created new log segment /workdir/hadoop-ozone/integration-test/target/test-dir/MiniOzoneClusterImpl-72c865c2-a6a0-476d-8a66-24bab940d2f6/datanode-3/data/ratis/8556f089-f602-4c86-bba3-7c3faec2fc0f/current/log_inprogress_0
2019-07-14 08:45:39,484 INFO  segmented.SegmentedRaftLogWorker (SegmentedRaftLogWorker.java:execute(569)) - e4873b1b-62a6-4d29-aa3a-7b679fe7112a-SegmentedRaftLogWorker:Storage Directory /workdir/hadoop-ozone/integration-test/target/test-dir/MiniOzoneClusterImpl-72c865c2-a6a0-476d-8a66-24bab940d2f6/datanode-9/data/ratis/8556f089-f602-4c86-bba3-7c3faec2fc0f: created new log segment /workdir/hadoop-ozone/integration-test/target/test-dir/MiniOzoneClusterImpl-72c865c2-a6a0-476d-8a66-24bab940d2f6/datanode-9/data/ratis/8556f089-f602-4c86-bba3-7c3faec2fc0f/current/log_inprogress_0
2019-07-14 08:45:39,484 INFO  segmented.SegmentedRaftLogWorker (SegmentedRaftLogWorker.java:execute(569)) - ea0dc8f3-e663-4d02-9c60-da7dfa1a2970-SegmentedRaftLogWorker:Storage Directory /workdir/hadoop-ozone/integration-test/target/test-dir/MiniOzoneClusterImpl-72c865c2-a6a0-476d-8a66-24bab940d2f6/datanode-4/data/ratis/f178075b-0ee6-462c-88db-26bb7ca780f5: created new log segment /workdir/hadoop-ozone/integration-test/target/test-dir/MiniOzoneClusterImpl-72c865c2-a6a0-476d-8a66-24bab940d2f6/datanode-4/data/ratis/f178075b-0ee6-462c-88db-26bb7ca780f5/current/log_inprogress_0
2019-07-14 08:45:39,489 INFO  impl.LeaderElection (LeaderElection.java:askForVotes(181)) - f19009df-2545-41d8-9754-b1757b9c4cf3:group-75DE528D4315:LeaderElection13: begin an election at term 1 for -1: [7a29fe3b-a1ed-4531-8744-2d85ce2f79ca:192.168.5.191:44384, 5f9b465d-ad88-480f-951b-ea9c84e207cd:192.168.5.191:43032, f19009df-2545-41d8-9754-b1757b9c4cf3:192.168.5.191:41484], old=null
2019-07-14 08:45:39,518 INFO  impl.RaftServerImpl (RaftServerImpl.java:setRole(171)) - 5f9b465d-ad88-480f-951b-ea9c84e207cd:group-75DE528D4315 changes role from FOLLOWER to FOLLOWER at term 1 for recognizeCandidate:f19009df-2545-41d8-9754-b1757b9c4cf3
2019-07-14 08:45:39,518 INFO  impl.RaftServerImpl (RaftServerImpl.java:setRole(171)) - 7a29fe3b-a1ed-4531-8744-2d85ce2f79ca:group-75DE528D4315 changes role from FOLLOWER to FOLLOWER at term 1 for recognizeCandidate:f19009df-2545-41d8-9754-b1757b9c4cf3
2019-07-14 08:45:39,518 INFO  impl.RoleInfo (RoleInfo.java:shutdownFollowerState(121)) - 7a29fe3b-a1ed-4531-8744-2d85ce2f79ca: shutdown FollowerState
2019-07-14 08:45:39,518 INFO  impl.RoleInfo (RoleInfo.java:shutdownFollowerState(121)) - 5f9b465d-ad88-480f-951b-ea9c84e207cd: shutdown FollowerState
2019-07-14 08:45:39,519 INFO  impl.RoleInfo (RoleInfo.java:updateAndGet(143)) - 7a29fe3b-a1ed-4531-8744-2d85ce2f79ca: start FollowerState
2019-07-14 08:45:39,519 INFO  impl.RoleInfo (RoleInfo.java:updateAndGet(143)) - 5f9b465d-ad88-480f-951b-ea9c84e207cd: start FollowerState
2019-07-14 08:45:39,519 INFO  impl.FollowerState (FollowerState.java:run(114)) - 7a29fe3b-a1ed-4531-8744-2d85ce2f79ca: FollowerState was interrupted: java.lang.InterruptedException: sleep interrupted
2019-07-14 08:45:39,519 INFO  impl.FollowerState (FollowerState.java:run(114)) - 5f9b465d-ad88-480f-951b-ea9c84e207cd: FollowerState was interrupted: java.lang.InterruptedException: sleep interrupted
2019-07-14 08:45:39,533 INFO  impl.LeaderElection (LeaderElection.java:logAndReturn(56)) - f19009df-2545-41d8-9754-b1757b9c4cf3:group-75DE528D4315:LeaderElection13: Election PASSED; received 1 response(s) [f19009df-2545-41d8-9754-b1757b9c4cf3<-5f9b465d-ad88-480f-951b-ea9c84e207cd#0:OK-t1] and 0 exception(s); f19009df-2545-41d8-9754-b1757b9c4cf3:t1, leader=null, voted=f19009df-2545-41d8-9754-b1757b9c4cf3, raftlog=f19009df-2545-41d8-9754-b1757b9c4cf3-SegmentedRaftLog:OPENED:c-1,f-1,i0, conf=-1: [7a29fe3b-a1ed-4531-8744-2d85ce2f79ca:192.168.5.191:44384, 5f9b465d-ad88-480f-951b-ea9c84e207cd:192.168.5.191:43032, f19009df-2545-41d8-9754-b1757b9c4cf3:192.168.5.191:41484], old=null
2019-07-14 08:45:39,533 INFO  impl.RoleInfo (RoleInfo.java:shutdownLeaderElection(134)) - f19009df-2545-41d8-9754-b1757b9c4cf3: shutdown LeaderElection
2019-07-14 08:45:39,535 INFO  impl.RaftServerImpl (RaftServerImpl.java:setRole(171)) - f19009df-2545-41d8-9754-b1757b9c4cf3:group-75DE528D4315 changes role from CANDIDATE to LEADER at term 1 for changeToLeader
2019-07-14 08:45:39,535 INFO  impl.RaftServerImpl (ServerState.java:setLeader(263)) - f19009df-2545-41d8-9754-b1757b9c4cf3:group-75DE528D4315 change Leader from null to f19009df-2545-41d8-9754-b1757b9c4cf3 at term 1 for becomeLeader, leader elected after 5210ms
2019-07-14 08:45:39,535 INFO  server.RaftServerConfigKeys (ConfUtils.java:logGet(43)) - raft.server.staging.catchup.gap = 1000 (default)
2019-07-14 08:45:39,535 INFO  server.RaftServerConfigKeys (ConfUtils.java:logGet(43)) - raft.server.rpc.sleep.time = 25ms (default)
2019-07-14 08:45:39,535 INFO  server.RaftServerConfigKeys (ConfUtils.java:logGet(43)) - raft.server.write.element-limit = 4096 (default)
2019-07-14 08:45:39,535 INFO  server.RaftServerConfigKeys (ConfUtils.java:logGet(43)) - raft.server.watch.timeout = 10s (default)
2019-07-14 08:45:39,536 INFO  server.RaftServerConfigKeys (ConfUtils.java:logGet(43)) - raft.server.watch.timeout.denomination = 1s (default)
2019-07-14 08:45:39,536 INFO  server.RaftServerConfigKeys (ConfUtils.java:logGet(43)) - raft.server.watch.element-limit = 65536 (default)
2019-07-14 08:45:39,536 INFO  server.RaftServerConfigKeys (ConfUtils.java:logGet(43)) - raft.server.log.appender.snapshot.chunk.size.max = 16MB (=16777216) (default)
2019-07-14 08:45:39,536 INFO  server.RaftServerConfigKeys (ConfUtils.java:logGet(43)) - raft.server.log.appender.buffer.byte-limit = 33554432 (custom)
2019-07-14 08:45:39,536 INFO  server.RaftServerConfigKeys (ConfUtils.java:logGet(43)) - raft.server.log.appender.buffer.element-limit = 1 (custom)
2019-07-14 08:45:39,537 INFO  grpc.GrpcConfigKeys$Server (ConfUtils.java:logGet(43)) - raft.grpc.server.leader.outstanding.appends.max = 128 (default)
2019-07-14 08:45:39,537 INFO  server.RaftServerConfigKeys (ConfUtils.java:logGet(43)) - raft.server.rpc.request.timeout = 3000ms (default)
2019-07-14 08:45:39,537 INFO  server.RaftServerConfigKeys (ConfUtils.java:logGet(43)) - raft.server.log.appender.install.snapshot.enabled = false (custom)
2019-07-14 08:45:39,537 INFO  server.RaftServerConfigKeys (ConfUtils.java:logGet(43)) - raft.server.log.appender.snapshot.chunk.size.max = 16MB (=16777216) (default)
2019-07-14 08:45:39,537 INFO  server.RaftServerConfigKeys (ConfUtils.java:logGet(43)) - raft.server.log.appender.buffer.byte-limit = 33554432 (custom)
2019-07-14 08:45:39,537 INFO  server.RaftServerConfigKeys (ConfUtils.java:logGet(43)) - raft.server.log.appender.buffer.element-limit = 1 (custom)
2019-07-14 08:45:39,538 INFO  grpc.GrpcConfigKeys$Server (ConfUtils.java:logGet(43)) - raft.grpc.server.leader.outstanding.appends.max = 128 (default)
2019-07-14 08:45:39,538 INFO  server.RaftServerConfigKeys (ConfUtils.java:logGet(43)) - raft.server.rpc.request.timeout = 3000ms (default)
2019-07-14 08:45:39,538 INFO  server.RaftServerConfigKeys (ConfUtils.java:logGet(43)) - raft.server.log.appender.install.snapshot.enabled = false (custom)
2019-07-14 08:45:39,538 INFO  impl.RoleInfo (RoleInfo.java:updateAndGet(143)) - f19009df-2545-41d8-9754-b1757b9c4cf3: start LeaderState
2019-07-14 08:45:39,538 INFO  segmented.SegmentedRaftLogWorker (SegmentedRaftLogWorker.java:startLogSegment(380)) - f19009df-2545-41d8-9754-b1757b9c4cf3-SegmentedRaftLogWorker:Storage Directory /workdir/hadoop-ozone/integration-test/target/test-dir/MiniOzoneClusterImpl-72c865c2-a6a0-476d-8a66-24bab940d2f6/datanode-2/data/ratis/13d9f30e-836d-4007-b72d-75de528d4315: Starting segment from index:0
2019-07-14 08:45:39,539 INFO  impl.RaftServerImpl (ServerState.java:setRaftConf(361)) - f19009df-2545-41d8-9754-b1757b9c4cf3:group-75DE528D4315 set configuration 0: [7a29fe3b-a1ed-4531-8744-2d85ce2f79ca:192.168.5.191:44384, 5f9b465d-ad88-480f-951b-ea9c84e207cd:192.168.5.191:43032, f19009df-2545-41d8-9754-b1757b9c4cf3:192.168.5.191:41484], old=null at 0
2019-07-14 08:45:39,558 INFO  impl.RaftServerImpl (ServerState.java:setLeader(263)) - 5f9b465d-ad88-480f-951b-ea9c84e207cd:group-75DE528D4315 change Leader from null to f19009df-2545-41d8-9754-b1757b9c4cf3 at term 1 for appendEntries, leader elected after 5221ms
2019-07-14 08:45:39,558 INFO  impl.RaftServerImpl (ServerState.java:setLeader(263)) - 7a29fe3b-a1ed-4531-8744-2d85ce2f79ca:group-75DE528D4315 change Leader from null to f19009df-2545-41d8-9754-b1757b9c4cf3 at term 1 for appendEntries, leader elected after 5221ms
2019-07-14 08:45:39,562 INFO  impl.RaftServerImpl (ServerState.java:setRaftConf(361)) - 5f9b465d-ad88-480f-951b-ea9c84e207cd:group-75DE528D4315 set configuration 0: [7a29fe3b-a1ed-4531-8744-2d85ce2f79ca:192.168.5.191:44384, 5f9b465d-ad88-480f-951b-ea9c84e207cd:192.168.5.191:43032, f19009df-2545-41d8-9754-b1757b9c4cf3:192.168.5.191:41484], old=null at 0
2019-07-14 08:45:39,562 INFO  impl.RaftServerImpl (ServerState.java:setRaftConf(361)) - 7a29fe3b-a1ed-4531-8744-2d85ce2f79ca:group-75DE528D4315 set configuration 0: [7a29fe3b-a1ed-4531-8744-2d85ce2f79ca:192.168.5.191:44384, 5f9b465d-ad88-480f-951b-ea9c84e207cd:192.168.5.191:43032, f19009df-2545-41d8-9754-b1757b9c4cf3:192.168.5.191:41484], old=null at 0
2019-07-14 08:45:39,563 INFO  segmented.SegmentedRaftLogWorker (SegmentedRaftLogWorker.java:startLogSegment(380)) - 5f9b465d-ad88-480f-951b-ea9c84e207cd-SegmentedRaftLogWorker:Storage Directory /workdir/hadoop-ozone/integration-test/target/test-dir/MiniOzoneClusterImpl-72c865c2-a6a0-476d-8a66-24bab940d2f6/datanode-5/data/ratis/13d9f30e-836d-4007-b72d-75de528d4315: Starting segment from index:0
2019-07-14 08:45:39,563 INFO  segmented.SegmentedRaftLogWorker (SegmentedRaftLogWorker.java:startLogSegment(380)) - 7a29fe3b-a1ed-4531-8744-2d85ce2f79ca-SegmentedRaftLogWorker:Storage Directory /workdir/hadoop-ozone/integration-test/target/test-dir/MiniOzoneClusterImpl-72c865c2-a6a0-476d-8a66-24bab940d2f6/datanode-7/data/ratis/13d9f30e-836d-4007-b72d-75de528d4315: Starting segment from index:0
2019-07-14 08:45:39,608 INFO  segmented.SegmentedRaftLogWorker (SegmentedRaftLogWorker.java:execute(569)) - f19009df-2545-41d8-9754-b1757b9c4cf3-SegmentedRaftLogWorker:Storage Directory /workdir/hadoop-ozone/integration-test/target/test-dir/MiniOzoneClusterImpl-72c865c2-a6a0-476d-8a66-24bab940d2f6/datanode-2/data/ratis/13d9f30e-836d-4007-b72d-75de528d4315: created new log segment /workdir/hadoop-ozone/integration-test/target/test-dir/MiniOzoneClusterImpl-72c865c2-a6a0-476d-8a66-24bab940d2f6/datanode-2/data/ratis/13d9f30e-836d-4007-b72d-75de528d4315/current/log_inprogress_0
2019-07-14 08:45:39,608 INFO  segmented.SegmentedRaftLogWorker (SegmentedRaftLogWorker.java:execute(569)) - 7a29fe3b-a1ed-4531-8744-2d85ce2f79ca-SegmentedRaftLogWorker:Storage Directory /workdir/hadoop-ozone/integration-test/target/test-dir/MiniOzoneClusterImpl-72c865c2-a6a0-476d-8a66-24bab940d2f6/datanode-7/data/ratis/13d9f30e-836d-4007-b72d-75de528d4315: created new log segment /workdir/hadoop-ozone/integration-test/target/test-dir/MiniOzoneClusterImpl-72c865c2-a6a0-476d-8a66-24bab940d2f6/datanode-7/data/ratis/13d9f30e-836d-4007-b72d-75de528d4315/current/log_inprogress_0
2019-07-14 08:45:39,608 INFO  segmented.SegmentedRaftLogWorker (SegmentedRaftLogWorker.java:execute(569)) - 5f9b465d-ad88-480f-951b-ea9c84e207cd-SegmentedRaftLogWorker:Storage Directory /workdir/hadoop-ozone/integration-test/target/test-dir/MiniOzoneClusterImpl-72c865c2-a6a0-476d-8a66-24bab940d2f6/datanode-5/data/ratis/13d9f30e-836d-4007-b72d-75de528d4315: created new log segment /workdir/hadoop-ozone/integration-test/target/test-dir/MiniOzoneClusterImpl-72c865c2-a6a0-476d-8a66-24bab940d2f6/datanode-5/data/ratis/13d9f30e-836d-4007-b72d-75de528d4315/current/log_inprogress_0
2019-07-14 08:45:40,209 INFO  client.GrpcClientProtocolClient (GrpcClientProtocolClient.java:onNext(255)) - client-DA196A9A8651->5de80204-70d4-47b4-99d5-fb9a56dcd81c: receive RaftClientReply:client-DA196A9A8651->5de80204-70d4-47b4-99d5-fb9a56dcd81c@group-7C3FAEC2FC0F, cid=19, SUCCESS, logIndex=1, commits[5de80204-70d4-47b4-99d5-fb9a56dcd81c:c1, e4873b1b-62a6-4d29-aa3a-7b679fe7112a:c0, 2c54bd76-8fe6-4c13-b273-d744f6dece58:c0]
2019-07-14 08:45:40,382 INFO  client.GrpcClientProtocolClient (GrpcClientProtocolClient.java:onNext(255)) - client-DA196A9A8651->5de80204-70d4-47b4-99d5-fb9a56dcd81c: receive RaftClientReply:client-DA196A9A8651->5de80204-70d4-47b4-99d5-fb9a56dcd81c@group-7C3FAEC2FC0F, cid=20, SUCCESS, logIndex=3, commits[5de80204-70d4-47b4-99d5-fb9a56dcd81c:c4, e4873b1b-62a6-4d29-aa3a-7b679fe7112a:c3, 2c54bd76-8fe6-4c13-b273-d744f6dece58:c3]
2019-07-14 08:45:40,451 INFO  pipeline.Pipeline (Pipeline.java:getProtobufMessage(195)) - Serialize pipeline PipelineID=8556f089-f602-4c86-bba3-7c3faec2fc0f with nodesInOrder{ }
2019-07-14 08:45:40,453 INFO  pipeline.Pipeline (Pipeline.java:build(342)) - Deserialize nodesInOrder [e4873b1b-62a6-4d29-aa3a-7b679fe7112a{ip: 192.168.5.191, host: trunk-nightly-5z2vd-27108033, networkLocation: /default-rack, certSerialId: null}, e4873b1b-62a6-4d29-aa3a-7b679fe7112a{ip: 192.168.5.191, host: trunk-nightly-5z2vd-27108033, networkLocation: /default-rack, certSerialId: null}, e4873b1b-62a6-4d29-aa3a-7b679fe7112a{ip: 192.168.5.191, host: trunk-nightly-5z2vd-27108033, networkLocation: /default-rack, certSerialId: null}] in pipeline PipelineID=8556f089-f602-4c86-bba3-7c3faec2fc0f
2019-07-14 08:45:40,459 INFO  datanode.ObjectStoreHandler (ObjectStoreHandler.java:close(155)) - Closing ObjectStoreHandler.
2019-07-14 08:45:40,460 INFO  ozone.HddsDatanodeService (HddsDatanodeService.java:stop(452)) - Stopped plug-in org.apache.hadoop.ozone.web.OzoneHddsDatanodeService@3335afcf
2019-07-14 08:45:41,055 INFO  statemachine.DatanodeStateMachine (DatanodeStateMachine.java:lambda$startDaemon$0(350)) - Ozone container server started.
2019-07-14 08:45:45,462 INFO  ozoneimpl.OzoneContainer (OzoneContainer.java:stop(199)) - Attempting to stop container services.
2019-07-14 08:45:45,463 INFO  impl.RaftServerProxy (RaftServerProxy.java:lambda$close$4(314)) - 5de80204-70d4-47b4-99d5-fb9a56dcd81c: close
2019-07-14 08:45:45,466 INFO  impl.RaftServerImpl (RaftServerImpl.java:lambda$shutdown$3(245)) - 5de80204-70d4-47b4-99d5-fb9a56dcd81c: shutdown group-EEE8A96AC8F0
2019-07-14 08:45:45,466 INFO  impl.RaftServerImpl (RaftServerImpl.java:lambda$shutdown$3(245)) - 5de80204-70d4-47b4-99d5-fb9a56dcd81c: shutdown group-7C3FAEC2FC0F
2019-07-14 08:45:45,466 INFO  util.JmxRegister (JmxRegister.java:unregister(73)) - Successfully un-registered JMX Bean with object name Ratis:service=RaftServer,group=group-EEE8A96AC8F0,id=5de80204-70d4-47b4-99d5-fb9a56dcd81c
2019-07-14 08:45:45,467 INFO  impl.RoleInfo (RoleInfo.java:shutdownLeaderState(104)) - 5de80204-70d4-47b4-99d5-fb9a56dcd81c: shutdown LeaderState
2019-07-14 08:45:45,466 INFO  util.JmxRegister (JmxRegister.java:unregister(73)) - Successfully un-registered JMX Bean with object name Ratis:service=RaftServer,group=group-7C3FAEC2FC0F,id=5de80204-70d4-47b4-99d5-fb9a56dcd81c
2019-07-14 08:45:45,467 INFO  impl.RoleInfo (RoleInfo.java:shutdownLeaderState(104)) - 5de80204-70d4-47b4-99d5-fb9a56dcd81c: shutdown LeaderState
2019-07-14 08:45:45,468 INFO  impl.PendingRequests (PendingRequests.java:sendNotLeaderResponses(202)) - 5de80204-70d4-47b4-99d5-fb9a56dcd81c-PendingRequests: sendNotLeaderResponses
2019-07-14 08:45:45,492 WARN  server.GrpcLogAppender (GrpcLogAppender.java:mayWait(143)) - GrpcLogAppender(5de80204-70d4-47b4-99d5-fb9a56dcd81c->e4873b1b-62a6-4d29-aa3a-7b679fe7112a): Wait interrupted by java.lang.InterruptedException
2019-07-14 08:45:45,492 WARN  server.GrpcLogAppender (GrpcLogAppender.java:mayWait(143)) - GrpcLogAppender(5de80204-70d4-47b4-99d5-fb9a56dcd81c->2c54bd76-8fe6-4c13-b273-d744f6dece58): Wait interrupted by java.lang.InterruptedException
2019-07-14 08:45:45,473 INFO  impl.PendingRequests (PendingRequests.java:sendNotLeaderResponses(202)) - 5de80204-70d4-47b4-99d5-fb9a56dcd81c-PendingRequests: sendNotLeaderResponses
2019-07-14 08:45:45,511 INFO  server.GrpcServerProtocolService (GrpcServerProtocolService.java:onCompleted(104)) - 2c54bd76-8fe6-4c13-b273-d744f6dece58: appendEntries completed
2019-07-14 08:45:45,511 INFO  server.GrpcServerProtocolService (GrpcServerProtocolService.java:onCompleted(104)) - e4873b1b-62a6-4d29-aa3a-7b679fe7112a: appendEntries completed
2019-07-14 08:45:45,514 INFO  impl.StateMachineUpdater (StateMachineUpdater.java:stopAndJoin(115)) - StateMachineUpdater:5de80204-70d4-47b4-99d5-fb9a56dcd81c:group-EEE8A96AC8F0: set stopIndex = 0
2019-07-14 08:45:45,520 INFO  server.GrpcLogAppender (GrpcLogAppender.java:onCompleted(292)) - 5de80204-70d4-47b4-99d5-fb9a56dcd81c->e4873b1b-62a6-4d29-aa3a-7b679fe7112a: follower responses appendEntries COMPLETED
2019-07-14 08:45:45,520 INFO  impl.RaftServerImpl (ServerState.java:close(394)) - 5de80204-70d4-47b4-99d5-fb9a56dcd81c:group-EEE8A96AC8F0 closes. The last applied log index is 0
2019-07-14 08:45:45,520 INFO  server.GrpcLogAppender (GrpcLogAppender.java:onCompleted(292)) - 5de80204-70d4-47b4-99d5-fb9a56dcd81c->2c54bd76-8fe6-4c13-b273-d744f6dece58: follower responses appendEntries COMPLETED
2019-07-14 08:45:45,538 INFO  impl.StateMachineUpdater (StateMachineUpdater.java:stopAndJoin(115)) - StateMachineUpdater:5de80204-70d4-47b4-99d5-fb9a56dcd81c:group-7C3FAEC2FC0F: set stopIndex = 4
2019-07-14 08:45:45,541 INFO  ratis.ContainerStateMachine (ContainerStateMachine.java:takeSnapshot(249)) - group-7C3FAEC2FC0F: Taking a snapshot at:(t:1, i:4) file /workdir/hadoop-ozone/integration-test/target/test-dir/MiniOzoneClusterImpl-72c865c2-a6a0-476d-8a66-24bab940d2f6/datanode-8/data/ratis/8556f089-f602-4c86-bba3-7c3faec2fc0f/sm/snapshot.1_4
2019-07-14 08:45:45,541 INFO  impl.FollowerInfo (FollowerInfo.java:lambda$new$0(50)) - 5de80204-70d4-47b4-99d5-fb9a56dcd81c->e4873b1b-62a6-4d29-aa3a-7b679fe7112a: nextIndex: updateUnconditionally 5 -> 4
2019-07-14 08:45:45,542 INFO  impl.FollowerInfo (FollowerInfo.java:lambda$new$0(50)) - 5de80204-70d4-47b4-99d5-fb9a56dcd81c->2c54bd76-8fe6-4c13-b273-d744f6dece58: nextIndex: updateUnconditionally 5 -> 4
2019-07-14 08:45:45,548 INFO  segmented.SegmentedRaftLogWorker (SegmentedRaftLogWorker.java:run(313)) - 5de80204-70d4-47b4-99d5-fb9a56dcd81c-SegmentedRaftLogWorker:Storage Directory /workdir/hadoop-ozone/integration-test/target/test-dir/MiniOzoneClusterImpl-72c865c2-a6a0-476d-8a66-24bab940d2f6/datanode-8/data/ratis/e6755326-e6c1-4925-9973-eee8a96ac8f0 was interrupted, exiting. There are 0 tasks remaining in the queue.
2019-07-14 08:45:45,551 INFO  segmented.SegmentedRaftLogWorker (SegmentedRaftLogWorker.java:close(228)) - 5de80204-70d4-47b4-99d5-fb9a56dcd81c-SegmentedRaftLogWorker:Storage Directory /workdir/hadoop-ozone/integration-test/target/test-dir/MiniOzoneClusterImpl-72c865c2-a6a0-476d-8a66-24bab940d2f6/datanode-8/data/ratis/e6755326-e6c1-4925-9973-eee8a96ac8f0 close()
2019-07-14 08:45:45,566 INFO  ratis.ContainerStateMachine (ContainerStateMachine.java:takeSnapshot(257)) - group-7C3FAEC2FC0F: Finished taking a snapshot at:(t:1, i:4) file:/workdir/hadoop-ozone/integration-test/target/test-dir/MiniOzoneClusterImpl-72c865c2-a6a0-476d-8a66-24bab940d2f6/datanode-8/data/ratis/8556f089-f602-4c86-bba3-7c3faec2fc0f/sm/snapshot.1_4 time:24
2019-07-14 08:45:45,566 INFO  impl.StateMachineUpdater (StateMachineUpdater.java:takeSnapshot(242)) - StateMachineUpdater:5de80204-70d4-47b4-99d5-fb9a56dcd81c:group-7C3FAEC2FC0F: Took a snapshot at index 4
2019-07-14 08:45:45,566 INFO  impl.StateMachineUpdater (StateMachineUpdater.java:lambda$new$0(80)) - StateMachineUpdater:5de80204-70d4-47b4-99d5-fb9a56dcd81c:group-7C3FAEC2FC0F: snapshotIndex: updateIncreasingly -1 -> 4
2019-07-14 08:45:45,570 INFO  impl.RaftServerImpl (ServerState.java:close(394)) - 5de80204-70d4-47b4-99d5-fb9a56dcd81c:group-7C3FAEC2FC0F closes. The last applied log index is 4
2019-07-14 08:45:45,571 INFO  segmented.SegmentedRaftLogWorker (SegmentedRaftLogWorker.java:run(313)) - 5de80204-70d4-47b4-99d5-fb9a56dcd81c-SegmentedRaftLogWorker:Storage Directory /workdir/hadoop-ozone/integration-test/target/test-dir/MiniOzoneClusterImpl-72c865c2-a6a0-476d-8a66-24bab940d2f6/datanode-8/data/ratis/8556f089-f602-4c86-bba3-7c3faec2fc0f was interrupted, exiting. There are 0 tasks remaining in the queue.
2019-07-14 08:45:45,573 INFO  segmented.SegmentedRaftLogWorker (SegmentedRaftLogWorker.java:close(228)) - 5de80204-70d4-47b4-99d5-fb9a56dcd81c-SegmentedRaftLogWorker:Storage Directory /workdir/hadoop-ozone/integration-test/target/test-dir/MiniOzoneClusterImpl-72c865c2-a6a0-476d-8a66-24bab940d2f6/datanode-8/data/ratis/8556f089-f602-4c86-bba3-7c3faec2fc0f close()
2019-07-14 08:45:45,578 INFO  server.GrpcService (GrpcService.java:closeImpl(155)) - 5de80204-70d4-47b4-99d5-fb9a56dcd81c: shutdown server with port 46076 now
2019-07-14 08:45:45,581 INFO  server.GrpcService (GrpcService.java:closeImpl(163)) - 5de80204-70d4-47b4-99d5-fb9a56dcd81c: shutdown server with port 46076 successfully
2019-07-14 08:45:45,584 INFO  utils.BackgroundService (BackgroundService.java:shutdown(148)) - Shutting down service BlockDeletingService
2019-07-14 08:45:45,589 WARN  fs.CachingGetSpaceUsed (CachingGetSpaceUsed.java:run(183)) - Thread Interrupted waiting to refresh disk information: sleep interrupted
2019-07-14 08:45:45,612 INFO  statemachine.DatanodeStateMachine (DatanodeStateMachine.java:stopDaemon(395)) - Ozone container server stopped.
2019-07-14 08:45:45,616 INFO  handler.ContextHandler (ContextHandler.java:doStop(910)) - Stopped o.e.j.w.WebAppContext@14ed7ddf{/,null,UNAVAILABLE}{/hddsDatanode}
2019-07-14 08:45:45,622 INFO  server.AbstractConnector (AbstractConnector.java:doStop(318)) - Stopped ServerConnector@892af0e{HTTP/1.1,[http/1.1]}{0.0.0.0:0}
2019-07-14 08:45:45,622 INFO  handler.ContextHandler (ContextHandler.java:doStop(910)) - Stopped o.e.j.s.ServletContextHandler@6c96403e{/static,jar:file:/home/user/.m2/repository/org/apache/hadoop/hadoop-hdds-container-service/0.5.0-SNAPSHOT/hadoop-hdds-container-service-0.5.0-SNAPSHOT.jar!/webapps/static,UNAVAILABLE}
2019-07-14 08:45:45,623 INFO  handler.ContextHandler (ContextHandler.java:doStop(910)) - Stopped o.e.j.s.ServletContextHandler@2a1e57c6{/logs,file:///workdir/hadoop-ozone/integration-test/target/log,UNAVAILABLE}
2019-07-14 08:45:45,631 INFO  pipeline.Pipeline (Pipeline.java:getProtobufMessage(195)) - Serialize pipeline PipelineID=8556f089-f602-4c86-bba3-7c3faec2fc0f with nodesInOrder{ }
2019-07-14 08:45:45,632 INFO  pipeline.Pipeline (Pipeline.java:build(342)) - Deserialize nodesInOrder [e4873b1b-62a6-4d29-aa3a-7b679fe7112a{ip: 192.168.5.191, host: trunk-nightly-5z2vd-27108033, networkLocation: /default-rack, certSerialId: null}, e4873b1b-62a6-4d29-aa3a-7b679fe7112a{ip: 192.168.5.191, host: trunk-nightly-5z2vd-27108033, networkLocation: /default-rack, certSerialId: null}, e4873b1b-62a6-4d29-aa3a-7b679fe7112a{ip: 192.168.5.191, host: trunk-nightly-5z2vd-27108033, networkLocation: /default-rack, certSerialId: null}] in pipeline PipelineID=8556f089-f602-4c86-bba3-7c3faec2fc0f
2019-07-14 08:45:45,637 INFO  pipeline.Pipeline (Pipeline.java:getProtobufMessage(195)) - Serialize pipeline PipelineID=8556f089-f602-4c86-bba3-7c3faec2fc0f with nodesInOrder{ }
2019-07-14 08:45:45,638 INFO  pipeline.Pipeline (Pipeline.java:build(342)) - Deserialize nodesInOrder [e4873b1b-62a6-4d29-aa3a-7b679fe7112a{ip: 192.168.5.191, host: trunk-nightly-5z2vd-27108033, networkLocation: /default-rack, certSerialId: null}, e4873b1b-62a6-4d29-aa3a-7b679fe7112a{ip: 192.168.5.191, host: trunk-nightly-5z2vd-27108033, networkLocation: /default-rack, certSerialId: null}, e4873b1b-62a6-4d29-aa3a-7b679fe7112a{ip: 192.168.5.191, host: trunk-nightly-5z2vd-27108033, networkLocation: /default-rack, certSerialId: null}] in pipeline PipelineID=8556f089-f602-4c86-bba3-7c3faec2fc0f
2019-07-14 08:45:45,758 INFO  datanode.ObjectStoreHandler (ObjectStoreHandler.java:close(155)) - Closing ObjectStoreHandler.
2019-07-14 08:45:45,759 INFO  ozone.HddsDatanodeService (HddsDatanodeService.java:stop(452)) - Stopped plug-in org.apache.hadoop.ozone.web.OzoneHddsDatanodeService@297bd171
2019-07-14 08:45:46,168 INFO  statemachine.DatanodeStateMachine (DatanodeStateMachine.java:lambda$startDaemon$0(350)) - Ozone container server started.
2019-07-14 08:45:50,760 INFO  ozoneimpl.OzoneContainer (OzoneContainer.java:stop(199)) - Attempting to stop container services.
2019-07-14 08:45:50,762 INFO  impl.RaftServerProxy (RaftServerProxy.java:lambda$close$4(314)) - e4873b1b-62a6-4d29-aa3a-7b679fe7112a: close
2019-07-14 08:45:50,763 INFO  impl.RaftServerImpl (RaftServerImpl.java:lambda$shutdown$3(245)) - e4873b1b-62a6-4d29-aa3a-7b679fe7112a: shutdown group-BEE54814E966
2019-07-14 08:45:50,763 INFO  impl.RaftServerImpl (RaftServerImpl.java:lambda$shutdown$3(245)) - e4873b1b-62a6-4d29-aa3a-7b679fe7112a: shutdown group-7C3FAEC2FC0F
2019-07-14 08:45:50,763 INFO  util.JmxRegister (JmxRegister.java:unregister(73)) - Successfully un-registered JMX Bean with object name Ratis:service=RaftServer,group=group-BEE54814E966,id=e4873b1b-62a6-4d29-aa3a-7b679fe7112a
2019-07-14 08:45:50,764 INFO  impl.RoleInfo (RoleInfo.java:shutdownLeaderState(104)) - e4873b1b-62a6-4d29-aa3a-7b679fe7112a: shutdown LeaderState
2019-07-14 08:45:50,764 INFO  util.JmxRegister (JmxRegister.java:unregister(73)) - Successfully un-registered JMX Bean with object name Ratis:service=RaftServer,group=group-7C3FAEC2FC0F,id=e4873b1b-62a6-4d29-aa3a-7b679fe7112a
2019-07-14 08:45:50,764 INFO  impl.PendingRequests (PendingRequests.java:sendNotLeaderResponses(202)) - e4873b1b-62a6-4d29-aa3a-7b679fe7112a-PendingRequests: sendNotLeaderResponses
2019-07-14 08:45:50,767 INFO  impl.RoleInfo (RoleInfo.java:shutdownFollowerState(121)) - e4873b1b-62a6-4d29-aa3a-7b679fe7112a: shutdown FollowerState
2019-07-14 08:45:50,768 INFO  impl.StateMachineUpdater (StateMachineUpdater.java:stopAndJoin(115)) - StateMachineUpdater:e4873b1b-62a6-4d29-aa3a-7b679fe7112a:group-BEE54814E966: set stopIndex = 0
2019-07-14 08:45:50,768 INFO  ratis.ContainerStateMachine (ContainerStateMachine.java:takeSnapshot(249)) - group-7C3FAEC2FC0F: Taking a snapshot at:(t:1, i:3) file /workdir/hadoop-ozone/integration-test/target/test-dir/MiniOzoneClusterImpl-72c865c2-a6a0-476d-8a66-24bab940d2f6/datanode-9/data/ratis/8556f089-f602-4c86-bba3-7c3faec2fc0f/sm/snapshot.1_3
2019-07-14 08:45:50,768 INFO  impl.FollowerState (FollowerState.java:run(114)) - e4873b1b-62a6-4d29-aa3a-7b679fe7112a: FollowerState was interrupted: java.lang.InterruptedException: sleep interrupted
2019-07-14 08:45:50,768 INFO  impl.StateMachineUpdater (StateMachineUpdater.java:stopAndJoin(115)) - StateMachineUpdater:e4873b1b-62a6-4d29-aa3a-7b679fe7112a:group-7C3FAEC2FC0F: set stopIndex = 4
2019-07-14 08:45:50,787 INFO  ratis.ContainerStateMachine (ContainerStateMachine.java:takeSnapshot(257)) - group-7C3FAEC2FC0F: Finished taking a snapshot at:(t:1, i:3) file:/workdir/hadoop-ozone/integration-test/target/test-dir/MiniOzoneClusterImpl-72c865c2-a6a0-476d-8a66-24bab940d2f6/datanode-9/data/ratis/8556f089-f602-4c86-bba3-7c3faec2fc0f/sm/snapshot.1_3 time:19
2019-07-14 08:45:50,787 INFO  impl.StateMachineUpdater (StateMachineUpdater.java:takeSnapshot(242)) - StateMachineUpdater:e4873b1b-62a6-4d29-aa3a-7b679fe7112a:group-7C3FAEC2FC0F: Took a snapshot at index 3
2019-07-14 08:45:50,769 INFO  impl.RaftServerImpl (ServerState.java:close(394)) - e4873b1b-62a6-4d29-aa3a-7b679fe7112a:group-BEE54814E966 closes. The last applied log index is 0
2019-07-14 08:45:50,787 INFO  impl.StateMachineUpdater (StateMachineUpdater.java:lambda$new$0(80)) - StateMachineUpdater:e4873b1b-62a6-4d29-aa3a-7b679fe7112a:group-7C3FAEC2FC0F: snapshotIndex: updateIncreasingly -1 -> 3
2019-07-14 08:45:50,788 INFO  segmented.SegmentedRaftLogWorker (SegmentedRaftLogWorker.java:run(313)) - e4873b1b-62a6-4d29-aa3a-7b679fe7112a-SegmentedRaftLogWorker:Storage Directory /workdir/hadoop-ozone/integration-test/target/test-dir/MiniOzoneClusterImpl-72c865c2-a6a0-476d-8a66-24bab940d2f6/datanode-9/data/ratis/e662e952-9521-44a0-b7f0-bee54814e966 was interrupted, exiting. There are 0 tasks remaining in the queue.
2019-07-14 08:45:50,788 INFO  impl.RaftServerImpl (ServerState.java:close(394)) - e4873b1b-62a6-4d29-aa3a-7b679fe7112a:group-7C3FAEC2FC0F closes. The last applied log index is 4
2019-07-14 08:45:50,791 INFO  segmented.SegmentedRaftLogWorker (SegmentedRaftLogWorker.java:run(313)) - e4873b1b-62a6-4d29-aa3a-7b679fe7112a-SegmentedRaftLogWorker:Storage Directory /workdir/hadoop-ozone/integration-test/target/test-dir/MiniOzoneClusterImpl-72c865c2-a6a0-476d-8a66-24bab940d2f6/datanode-9/data/ratis/8556f089-f602-4c86-bba3-7c3faec2fc0f was interrupted, exiting. There are 0 tasks remaining in the queue.
2019-07-14 08:45:50,791 INFO  segmented.SegmentedRaftLogWorker (SegmentedRaftLogWorker.java:close(228)) - e4873b1b-62a6-4d29-aa3a-7b679fe7112a-SegmentedRaftLogWorker:Storage Directory /workdir/hadoop-ozone/integration-test/target/test-dir/MiniOzoneClusterImpl-72c865c2-a6a0-476d-8a66-24bab940d2f6/datanode-9/data/ratis/e662e952-9521-44a0-b7f0-bee54814e966 close()
2019-07-14 08:45:50,794 INFO  segmented.SegmentedRaftLogWorker (SegmentedRaftLogWorker.java:close(228)) - e4873b1b-62a6-4d29-aa3a-7b679fe7112a-SegmentedRaftLogWorker:Storage Directory /workdir/hadoop-ozone/integration-test/target/test-dir/MiniOzoneClusterImpl-72c865c2-a6a0-476d-8a66-24bab940d2f6/datanode-9/data/ratis/8556f089-f602-4c86-bba3-7c3faec2fc0f close()
2019-07-14 08:45:50,804 INFO  server.GrpcService (GrpcService.java:closeImpl(155)) - e4873b1b-62a6-4d29-aa3a-7b679fe7112a: shutdown server with port 36972 now
2019-07-14 08:45:50,804 INFO  server.GrpcService (GrpcService.java:closeImpl(163)) - e4873b1b-62a6-4d29-aa3a-7b679fe7112a: shutdown server with port 36972 successfully
2019-07-14 08:45:50,813 INFO  utils.BackgroundService (BackgroundService.java:shutdown(148)) - Shutting down service BlockDeletingService
2019-07-14 08:45:50,817 WARN  fs.CachingGetSpaceUsed (CachingGetSpaceUsed.java:run(183)) - Thread Interrupted waiting to refresh disk information: sleep interrupted
2019-07-14 08:45:50,841 INFO  statemachine.DatanodeStateMachine (DatanodeStateMachine.java:stopDaemon(395)) - Ozone container server stopped.
2019-07-14 08:45:50,842 INFO  handler.ContextHandler (ContextHandler.java:doStop(910)) - Stopped o.e.j.w.WebAppContext@76af34b5{/,null,UNAVAILABLE}{/hddsDatanode}
2019-07-14 08:45:50,843 INFO  server.AbstractConnector (AbstractConnector.java:doStop(318)) - Stopped ServerConnector@3313463c{HTTP/1.1,[http/1.1]}{0.0.0.0:0}
2019-07-14 08:45:50,844 INFO  handler.ContextHandler (ContextHandler.java:doStop(910)) - Stopped o.e.j.s.ServletContextHandler@628ba266{/static,jar:file:/home/user/.m2/repository/org/apache/hadoop/hadoop-hdds-container-service/0.5.0-SNAPSHOT/hadoop-hdds-container-service-0.5.0-SNAPSHOT.jar!/webapps/static,UNAVAILABLE}
2019-07-14 08:45:50,844 INFO  handler.ContextHandler (ContextHandler.java:doStop(910)) - Stopped o.e.j.s.ServletContextHandler@40f9f60d{/logs,file:///workdir/hadoop-ozone/integration-test/target/log,UNAVAILABLE}
2019-07-14 08:45:50,856 INFO  pipeline.Pipeline (Pipeline.java:getProtobufMessage(195)) - Serialize pipeline PipelineID=8556f089-f602-4c86-bba3-7c3faec2fc0f with nodesInOrder{ }
2019-07-14 08:45:50,857 INFO  pipeline.Pipeline (Pipeline.java:build(342)) - Deserialize nodesInOrder [e4873b1b-62a6-4d29-aa3a-7b679fe7112a{ip: 192.168.5.191, host: trunk-nightly-5z2vd-27108033, networkLocation: /default-rack, certSerialId: null}, e4873b1b-62a6-4d29-aa3a-7b679fe7112a{ip: 192.168.5.191, host: trunk-nightly-5z2vd-27108033, networkLocation: /default-rack, certSerialId: null}, e4873b1b-62a6-4d29-aa3a-7b679fe7112a{ip: 192.168.5.191, host: trunk-nightly-5z2vd-27108033, networkLocation: /default-rack, certSerialId: null}] in pipeline PipelineID=8556f089-f602-4c86-bba3-7c3faec2fc0f
2019-07-14 08:45:50,863 INFO  pipeline.Pipeline (Pipeline.java:getProtobufMessage(195)) - Serialize pipeline PipelineID=8556f089-f602-4c86-bba3-7c3faec2fc0f with nodesInOrder{ }
2019-07-14 08:45:50,864 INFO  pipeline.Pipeline (Pipeline.java:build(342)) - Deserialize nodesInOrder [e4873b1b-62a6-4d29-aa3a-7b679fe7112a{ip: 192.168.5.191, host: trunk-nightly-5z2vd-27108033, networkLocation: /default-rack, certSerialId: null}, e4873b1b-62a6-4d29-aa3a-7b679fe7112a{ip: 192.168.5.191, host: trunk-nightly-5z2vd-27108033, networkLocation: /default-rack, certSerialId: null}, e4873b1b-62a6-4d29-aa3a-7b679fe7112a{ip: 192.168.5.191, host: trunk-nightly-5z2vd-27108033, networkLocation: /default-rack, certSerialId: null}] in pipeline PipelineID=8556f089-f602-4c86-bba3-7c3faec2fc0f
2019-07-14 08:45:50,897 ERROR scm.XceiverClientGrpc (XceiverClientGrpc.java:sendCommandWithRetry(308)) - Failed to execute command cmdType: ReadChunk
traceID: "1167e6cb5556f213:1167e6cb5556f213:0:0"
containerID: 1
datanodeUuid: "e4873b1b-62a6-4d29-aa3a-7b679fe7112a"
readChunk {
  blockID {
    containerID: 1
    localID: 102438924099518465
    blockCommitSequenceId: 3
  }
  chunkData {
    chunkName: "838488e527647f354ad03c3f32e910e6_stream_099df2da-81e7-4e59-a489-81c54709bd2d_chunk_1"
    offset: 0
    len: 12
    checksumData {
      type: CRC32
      bytesPerChecksum: 1048576
      checksums: "\000\000\000\000\357\322\354/"
    }
  }
}
 on the pipeline PipelineID=8556f089-f602-4c86-bba3-7c3faec2fc0f
]]></system-out>
    <system-err><![CDATA[ERROR StatusLogger No Log4j 2 configuration file found. Using default configuration (logging only errors to the console), or user programmatically provided configurations. Set system property 'log4j2.debug' to show Log4j 2 internal initialization logging. See https://logging.apache.org/log4j/2.x/manual/configuration.html for instructions on how to configure Log4j 2
Jul 14, 2019 8:45:27 AM com.sun.jersey.server.impl.application.WebApplicationImpl _initiate
INFO: Initiating Jersey application, version 'Jersey: 1.19 02/11/2015 03:25 AM'
Jul 14, 2019 8:45:28 AM com.sun.jersey.server.impl.application.WebApplicationImpl _initiate
INFO: Initiating Jersey application, version 'Jersey: 1.19 02/11/2015 03:25 AM'
Jul 14, 2019 8:45:28 AM com.sun.jersey.server.impl.application.WebApplicationImpl _initiate
INFO: Initiating Jersey application, version 'Jersey: 1.19 02/11/2015 03:25 AM'
Jul 14, 2019 8:45:28 AM com.sun.jersey.server.impl.application.WebApplicationImpl _initiate
INFO: Initiating Jersey application, version 'Jersey: 1.19 02/11/2015 03:25 AM'
Jul 14, 2019 8:45:28 AM com.sun.jersey.server.impl.application.WebApplicationImpl _initiate
INFO: Initiating Jersey application, version 'Jersey: 1.19 02/11/2015 03:25 AM'
Jul 14, 2019 8:45:28 AM com.sun.jersey.server.impl.application.WebApplicationImpl _initiate
INFO: Initiating Jersey application, version 'Jersey: 1.19 02/11/2015 03:25 AM'
Jul 14, 2019 8:45:29 AM com.sun.jersey.server.impl.application.WebApplicationImpl _initiate
INFO: Initiating Jersey application, version 'Jersey: 1.19 02/11/2015 03:25 AM'
Jul 14, 2019 8:45:29 AM com.sun.jersey.server.impl.application.WebApplicationImpl _initiate
INFO: Initiating Jersey application, version 'Jersey: 1.19 02/11/2015 03:25 AM'
Jul 14, 2019 8:45:29 AM com.sun.jersey.server.impl.application.WebApplicationImpl _initiate
INFO: Initiating Jersey application, version 'Jersey: 1.19 02/11/2015 03:25 AM'
Jul 14, 2019 8:45:29 AM com.sun.jersey.server.impl.application.WebApplicationImpl _initiate
INFO: Initiating Jersey application, version 'Jersey: 1.19 02/11/2015 03:25 AM'
]]></system-err>
  </testcase>
</testsuite>