<?xml version="1.0" encoding="UTF-8"?>
<testsuite xmlns:xsi="http://www.w3.org/2001/XMLSchema-instance" xsi:noNamespaceSchemaLocation="https://maven.apache.org/surefire/maven-surefire-plugin/xsd/surefire-test-report.xsd" name="org.apache.hadoop.ozone.client.rpc.TestCloseContainerHandlingByClient" time="54.954" tests="8" errors="5" skipped="1" failures="0">
  <properties>
    <property name="awt.toolkit" value="sun.awt.X11.XToolkit"/>
    <property name="file.encoding.pkg" value="sun.io"/>
    <property name="java.specification.version" value="1.8"/>
    <property name="sun.cpu.isalist" value=""/>
    <property name="sun.jnu.encoding" value="UTF-8"/>
    <property name="java.class.path" value="/workdir/hadoop-ozone/integration-test/target/test-classes:/workdir/hadoop-ozone/integration-test/target/classes:/home/user/.m2/repository/org/apache/hadoop/hadoop-ozone-common/0.5.0-SNAPSHOT/hadoop-ozone-common-0.5.0-SNAPSHOT.jar:/home/user/.m2/repository/org/apache/commons/commons-compress/1.4.1/commons-compress-1.4.1.jar:/home/user/.m2/repository/org/tukaani/xz/1.0/xz-1.0.jar:/home/user/.m2/repository/org/apache/hadoop/hadoop-common/3.2.0/hadoop-common-3.2.0.jar:/home/user/.m2/repository/org/apache/hadoop/hadoop-hdfs/3.2.0/hadoop-hdfs-3.2.0.jar:/home/user/.m2/repository/org/apache/hadoop/hadoop-hdfs-client/3.2.0/hadoop-hdfs-client-3.2.0.jar:/home/user/.m2/repository/com/fasterxml/jackson/core/jackson-annotations/2.9.5/jackson-annotations-2.9.5.jar:/home/user/.m2/repository/org/apache/hadoop/hadoop-hdds-common/0.5.0-SNAPSHOT/hadoop-hdds-common-0.5.0-SNAPSHOT.jar:/home/user/.m2/repository/javax/annotation/javax.annotation-api/1.2/javax.annotation-api-1.2.jar:/home/user/.m2/repository/org/apache/ratis/ratis-server/0.4.0-2337318-SNAPSHOT/ratis-server-0.4.0-2337318-SNAPSHOT.jar:/home/user/.m2/repository/org/apache/ratis/ratis-thirdparty-misc/0.2.0/ratis-thirdparty-misc-0.2.0.jar:/home/user/.m2/repository/org/apache/ratis/ratis-proto/0.4.0-2337318-SNAPSHOT/ratis-proto-0.4.0-2337318-SNAPSHOT.jar:/home/user/.m2/repository/org/apache/ratis/ratis-common/0.4.0-2337318-SNAPSHOT/ratis-common-0.4.0-2337318-SNAPSHOT.jar:/home/user/.m2/repository/org/apache/ratis/ratis-client/0.4.0-2337318-SNAPSHOT/ratis-client-0.4.0-2337318-SNAPSHOT.jar:/home/user/.m2/repository/org/apache/ratis/ratis-metrics/0.4.0-2337318-SNAPSHOT/ratis-metrics-0.4.0-2337318-SNAPSHOT.jar:/home/user/.m2/repository/org/apache/ratis/ratis-netty/0.4.0-2337318-SNAPSHOT/ratis-netty-0.4.0-2337318-SNAPSHOT.jar:/home/user/.m2/repository/org/apache/ratis/ratis-grpc/0.4.0-2337318-SNAPSHOT/ratis-grpc-0.4.0-2337318-SNAPSHOT.jar:/home/user/.m2/repository/org/rocksdb/rocksdbjni/6.0.1/rocksdbjni-6.0.1.jar:/home/user/.m2/repository/org/apache/logging/log4j/log4j-api/2.11.0/log4j-api-2.11.0.jar:/home/user/.m2/repository/org/apache/logging/log4j/log4j-core/2.11.0/log4j-core-2.11.0.jar:/home/user/.m2/repository/com/lmax/disruptor/3.4.2/disruptor-3.4.2.jar:/home/user/.m2/repository/org/apache/commons/commons-pool2/2.6.0/commons-pool2-2.6.0.jar:/home/user/.m2/repository/org/bouncycastle/bcpkix-jdk15on/1.60/bcpkix-jdk15on-1.60.jar:/home/user/.m2/repository/commons-validator/commons-validator/1.6/commons-validator-1.6.jar:/home/user/.m2/repository/commons-digester/commons-digester/1.8.1/commons-digester-1.8.1.jar:/home/user/.m2/repository/io/jaegertracing/jaeger-client/0.33.1/jaeger-client-0.33.1.jar:/home/user/.m2/repository/io/jaegertracing/jaeger-thrift/0.33.1/jaeger-thrift-0.33.1.jar:/home/user/.m2/repository/org/apache/thrift/libthrift/0.11.0/libthrift-0.11.0.jar:/home/user/.m2/repository/com/squareup/okhttp3/okhttp/3.9.0/okhttp-3.9.0.jar:/home/user/.m2/repository/com/squareup/okio/okio/1.13.0/okio-1.13.0.jar:/home/user/.m2/repository/io/jaegertracing/jaeger-core/0.33.1/jaeger-core-0.33.1.jar:/home/user/.m2/repository/io/jaegertracing/jaeger-tracerresolver/0.33.1/jaeger-tracerresolver-0.33.1.jar:/home/user/.m2/repository/io/opentracing/contrib/opentracing-tracerresolver/0.1.5/opentracing-tracerresolver-0.1.5.jar:/home/user/.m2/repository/io/opentracing/opentracing-util/0.31.0/opentracing-util-0.31.0.jar:/home/user/.m2/repository/io/opentracing/opentracing-api/0.31.0/opentracing-api-0.31.0.jar:/home/user/.m2/repository/io/opentracing/opentracing-noop/0.31.0/opentracing-noop-0.31.0.jar:/home/user/.m2/repository/org/apache/hadoop/hadoop-hdds-server-framework/0.5.0-SNAPSHOT/hadoop-hdds-server-framework-0.5.0-SNAPSHOT.jar:/home/user/.m2/repository/org/apache/hadoop/hadoop-hdds-container-service/0.5.0-SNAPSHOT/hadoop-hdds-container-service-0.5.0-SNAPSHOT.jar:/home/user/.m2/repository/org/apache/hadoop/hadoop-hdds-client/0.5.0-SNAPSHOT/hadoop-hdds-client-0.5.0-SNAPSHOT.jar:/home/user/.m2/repository/org/apache/hadoop/hadoop-hdds-tools/0.5.0-SNAPSHOT/hadoop-hdds-tools-0.5.0-SNAPSHOT.jar:/home/user/.m2/repository/org/apache/hadoop/hadoop-hdds-server-scm/0.5.0-SNAPSHOT/hadoop-hdds-server-scm-0.5.0-SNAPSHOT.jar:/home/user/.m2/repository/org/apache/hadoop/hadoop-hdds-docs/0.5.0-SNAPSHOT/hadoop-hdds-docs-0.5.0-SNAPSHOT.jar:/home/user/.m2/repository/io/dropwizard/metrics/metrics-core/3.2.4/metrics-core-3.2.4.jar:/home/user/.m2/repository/org/hamcrest/hamcrest-all/1.3/hamcrest-all-1.3.jar:/home/user/.m2/repository/org/bouncycastle/bcprov-jdk15on/1.60/bcprov-jdk15on-1.60.jar:/home/user/.m2/repository/info/picocli/picocli/3.9.6/picocli-3.9.6.jar:/home/user/.m2/repository/com/google/protobuf/protobuf-java/2.5.0/protobuf-java-2.5.0.jar:/home/user/.m2/repository/com/google/guava/guava/11.0.2/guava-11.0.2.jar:/home/user/.m2/repository/org/apache/hadoop/hadoop-ozone-ozone-manager/0.5.0-SNAPSHOT/hadoop-ozone-ozone-manager-0.5.0-SNAPSHOT.jar:/home/user/.m2/repository/org/apache/hadoop/hadoop-minikdc/3.2.0/hadoop-minikdc-3.2.0.jar:/home/user/.m2/repository/commons-io/commons-io/2.5/commons-io-2.5.jar:/home/user/.m2/repository/org/apache/kerby/kerb-simplekdc/1.0.1/kerb-simplekdc-1.0.1.jar:/home/user/.m2/repository/org/apache/kerby/kerb-client/1.0.1/kerb-client-1.0.1.jar:/home/user/.m2/repository/org/apache/kerby/kerby-config/1.0.1/kerby-config-1.0.1.jar:/home/user/.m2/repository/org/apache/kerby/kerb-core/1.0.1/kerb-core-1.0.1.jar:/home/user/.m2/repository/org/apache/kerby/kerby-pkix/1.0.1/kerby-pkix-1.0.1.jar:/home/user/.m2/repository/org/apache/kerby/kerby-asn1/1.0.1/kerby-asn1-1.0.1.jar:/home/user/.m2/repository/org/apache/kerby/kerby-util/1.0.1/kerby-util-1.0.1.jar:/home/user/.m2/repository/org/apache/kerby/kerb-common/1.0.1/kerb-common-1.0.1.jar:/home/user/.m2/repository/org/apache/kerby/kerb-crypto/1.0.1/kerb-crypto-1.0.1.jar:/home/user/.m2/repository/org/apache/kerby/kerb-util/1.0.1/kerb-util-1.0.1.jar:/home/user/.m2/repository/org/apache/kerby/token-provider/1.0.1/token-provider-1.0.1.jar:/home/user/.m2/repository/org/apache/kerby/kerb-admin/1.0.1/kerb-admin-1.0.1.jar:/home/user/.m2/repository/org/apache/kerby/kerb-server/1.0.1/kerb-server-1.0.1.jar:/home/user/.m2/repository/org/apache/kerby/kerb-identity/1.0.1/kerb-identity-1.0.1.jar:/home/user/.m2/repository/org/apache/kerby/kerby-xdr/1.0.1/kerby-xdr-1.0.1.jar:/home/user/.m2/repository/org/slf4j/slf4j-log4j12/1.7.25/slf4j-log4j12-1.7.25.jar:/home/user/.m2/repository/org/apache/hadoop/hadoop-ozone-objectstore-service/0.5.0-SNAPSHOT/hadoop-ozone-objectstore-service-0.5.0-SNAPSHOT.jar:/home/user/.m2/repository/org/apache/hadoop/hadoop-ozone-s3gateway/0.5.0-SNAPSHOT/hadoop-ozone-s3gateway-0.5.0-SNAPSHOT.jar:/home/user/.m2/repository/org/jboss/weld/servlet/weld-servlet/2.4.7.Final/weld-servlet-2.4.7.Final.jar:/home/user/.m2/repository/org/glassfish/jersey/containers/jersey-container-servlet-core/2.27/jersey-container-servlet-core-2.27.jar:/home/user/.m2/repository/org/glassfish/hk2/external/javax.inject/2.5.0-b42/javax.inject-2.5.0-b42.jar:/home/user/.m2/repository/org/glassfish/jersey/core/jersey-common/2.27/jersey-common-2.27.jar:/home/user/.m2/repository/org/glassfish/hk2/osgi-resource-locator/1.0.1/osgi-resource-locator-1.0.1.jar:/home/user/.m2/repository/javax/ws/rs/javax.ws.rs-api/2.1/javax.ws.rs-api-2.1.jar:/home/user/.m2/repository/org/glassfish/jersey/ext/cdi/jersey-cdi1x/2.27/jersey-cdi1x-2.27.jar:/home/user/.m2/repository/org/glassfish/jersey/inject/jersey-hk2/2.27/jersey-hk2-2.27.jar:/home/user/.m2/repository/org/glassfish/hk2/hk2-locator/2.5.0-b42/hk2-locator-2.5.0-b42.jar:/home/user/.m2/repository/org/javassist/javassist/3.22.0-CR2/javassist-3.22.0-CR2.jar:/home/user/.m2/repository/org/glassfish/hk2/hk2-api/2.5.0/hk2-api-2.5.0.jar:/home/user/.m2/repository/org/glassfish/hk2/external/jakarta.inject/2.5.0/jakarta.inject-2.5.0.jar:/home/user/.m2/repository/org/glassfish/hk2/hk2-utils/2.5.0/hk2-utils-2.5.0.jar:/home/user/.m2/repository/jakarta/annotation/jakarta.annotation-api/1.3.4/jakarta.annotation-api-1.3.4.jar:/home/user/.m2/repository/org/glassfish/hk2/external/aopalliance-repackaged/2.5.0/aopalliance-repackaged-2.5.0.jar:/home/user/.m2/repository/com/fasterxml/jackson/dataformat/jackson-dataformat-xml/2.9.0/jackson-dataformat-xml-2.9.0.jar:/home/user/.m2/repository/com/fasterxml/jackson/core/jackson-core/2.9.5/jackson-core-2.9.5.jar:/home/user/.m2/repository/com/fasterxml/jackson/module/jackson-module-jaxb-annotations/2.9.5/jackson-module-jaxb-annotations-2.9.5.jar:/home/user/.m2/repository/javax/enterprise/cdi-api/1.2/cdi-api-1.2.jar:/home/user/.m2/repository/javax/el/javax.el-api/3.0.0/javax.el-api-3.0.0.jar:/home/user/.m2/repository/javax/interceptor/javax.interceptor-api/1.2/javax.interceptor-api-1.2.jar:/home/user/.m2/repository/javax/inject/javax.inject/1/javax.inject-1.jar:/home/user/.m2/repository/com/sun/xml/bind/jaxb-impl/2.3.0.1/jaxb-impl-2.3.0.1.jar:/home/user/.m2/repository/com/sun/xml/bind/jaxb-core/2.3.0.1/jaxb-core-2.3.0.1.jar:/home/user/.m2/repository/javax/xml/bind/jaxb-api/2.3.0/jaxb-api-2.3.0.jar:/home/user/.m2/repository/javax/activation/activation/1.1.1/activation-1.1.1.jar:/home/user/.m2/repository/org/apache/hadoop/hadoop-ozone-csi/0.5.0-SNAPSHOT/hadoop-ozone-csi-0.5.0-SNAPSHOT.jar:/home/user/.m2/repository/com/google/protobuf/protobuf-java-util/3.5.1/protobuf-java-util-3.5.1.jar:/home/user/.m2/repository/org/apache/hadoop/hadoop-hdds-config/0.5.0-SNAPSHOT/hadoop-hdds-config-0.5.0-SNAPSHOT.jar:/home/user/.m2/repository/io/grpc/grpc-netty/1.17.1/grpc-netty-1.17.1.jar:/home/user/.m2/repository/io/grpc/grpc-core/1.17.1/grpc-core-1.17.1.jar:/home/user/.m2/repository/io/grpc/grpc-context/1.17.1/grpc-context-1.17.1.jar:/home/user/.m2/repository/com/google/errorprone/error_prone_annotations/2.2.0/error_prone_annotations-2.2.0.jar:/home/user/.m2/repository/org/codehaus/mojo/animal-sniffer-annotations/1.17/animal-sniffer-annotations-1.17.jar:/home/user/.m2/repository/io/opencensus/opencensus-api/0.17.0/opencensus-api-0.17.0.jar:/home/user/.m2/repository/io/opencensus/opencensus-contrib-grpc-metrics/0.17.0/opencensus-contrib-grpc-metrics-0.17.0.jar:/home/user/.m2/repository/io/netty/netty-codec-http2/4.1.30.Final/netty-codec-http2-4.1.30.Final.jar:/home/user/.m2/repository/io/netty/netty-codec-http/4.1.30.Final/netty-codec-http-4.1.30.Final.jar:/home/user/.m2/repository/io/netty/netty-codec/4.1.30.Final/netty-codec-4.1.30.Final.jar:/home/user/.m2/repository/io/netty/netty-handler/4.1.30.Final/netty-handler-4.1.30.Final.jar:/home/user/.m2/repository/io/netty/netty-handler-proxy/4.1.30.Final/netty-handler-proxy-4.1.30.Final.jar:/home/user/.m2/repository/io/netty/netty-codec-socks/4.1.30.Final/netty-codec-socks-4.1.30.Final.jar:/home/user/.m2/repository/io/netty/netty-transport-native-epoll/4.1.30.Final/netty-transport-native-epoll-4.1.30.Final.jar:/home/user/.m2/repository/io/netty/netty-common/4.1.30.Final/netty-common-4.1.30.Final.jar:/home/user/.m2/repository/io/netty/netty-buffer/4.1.30.Final/netty-buffer-4.1.30.Final.jar:/home/user/.m2/repository/io/netty/netty-transport/4.1.30.Final/netty-transport-4.1.30.Final.jar:/home/user/.m2/repository/io/netty/netty-resolver/4.1.30.Final/netty-resolver-4.1.30.Final.jar:/home/user/.m2/repository/io/netty/netty-transport-native-unix-common/4.1.30.Final/netty-transport-native-unix-common-4.1.30.Final.jar:/home/user/.m2/repository/io/grpc/grpc-protobuf/1.17.1/grpc-protobuf-1.17.1.jar:/home/user/.m2/repository/com/google/api/grpc/proto-google-common-protos/1.0.0/proto-google-common-protos-1.0.0.jar:/home/user/.m2/repository/io/grpc/grpc-protobuf-lite/1.17.1/grpc-protobuf-lite-1.17.1.jar:/home/user/.m2/repository/io/grpc/grpc-stub/1.17.1/grpc-stub-1.17.1.jar:/home/user/.m2/repository/org/apache/hadoop/hadoop-ozone-recon/0.5.0-SNAPSHOT/hadoop-ozone-recon-0.5.0-SNAPSHOT.jar:/home/user/.m2/repository/org/apache/hadoop/hadoop-ozone-reconcodegen/0.5.0-SNAPSHOT/hadoop-ozone-reconcodegen-0.5.0-SNAPSHOT.jar:/home/user/.m2/repository/com/google/inject/extensions/guice-multibindings/4.0/guice-multibindings-4.0.jar:/home/user/.m2/repository/com/google/inject/guice/4.0/guice-4.0.jar:/home/user/.m2/repository/aopalliance/aopalliance/1.0/aopalliance-1.0.jar:/home/user/.m2/repository/com/google/inject/extensions/guice-servlet/4.0/guice-servlet-4.0.jar:/home/user/.m2/repository/org/glassfish/jersey/containers/jersey-container-servlet/2.27/jersey-container-servlet-2.27.jar:/home/user/.m2/repository/org/glassfish/hk2/guice-bridge/2.5.0/guice-bridge-2.5.0.jar:/home/user/.m2/repository/org/glassfish/jersey/core/jersey-server/2.27/jersey-server-2.27.jar:/home/user/.m2/repository/org/glassfish/jersey/core/jersey-client/2.27/jersey-client-2.27.jar:/home/user/.m2/repository/org/glassfish/jersey/media/jersey-media-jaxb/2.27/jersey-media-jaxb-2.27.jar:/home/user/.m2/repository/javax/validation/validation-api/1.1.0.Final/validation-api-1.1.0.Final.jar:/home/user/.m2/repository/org/glassfish/jersey/media/jersey-media-json-jackson/2.27/jersey-media-json-jackson-2.27.jar:/home/user/.m2/repository/org/glassfish/jersey/ext/jersey-entity-filtering/2.27/jersey-entity-filtering-2.27.jar:/home/user/.m2/repository/com/google/inject/extensions/guice-assistedinject/4.0/guice-assistedinject-4.0.jar:/home/user/.m2/repository/org/jooq/jooq/3.11.10/jooq-3.11.10.jar:/home/user/.m2/repository/org/jooq/jooq-meta/3.11.10/jooq-meta-3.11.10.jar:/home/user/.m2/repository/org/jooq/jooq-codegen/3.11.10/jooq-codegen-3.11.10.jar:/home/user/.m2/repository/com/jolbox/bonecp/0.8.0.RELEASE/bonecp-0.8.0.RELEASE.jar:/home/user/.m2/repository/org/xerial/sqlite-jdbc/3.25.2/sqlite-jdbc-3.25.2.jar:/home/user/.m2/repository/org/springframework/spring-jdbc/5.1.3.RELEASE/spring-jdbc-5.1.3.RELEASE.jar:/home/user/.m2/repository/org/springframework/spring-beans/5.1.3.RELEASE/spring-beans-5.1.3.RELEASE.jar:/home/user/.m2/repository/org/springframework/spring-core/5.1.3.RELEASE/spring-core-5.1.3.RELEASE.jar:/home/user/.m2/repository/org/springframework/spring-jcl/5.1.3.RELEASE/spring-jcl-5.1.3.RELEASE.jar:/home/user/.m2/repository/org/springframework/spring-tx/5.1.3.RELEASE/spring-tx-5.1.3.RELEASE.jar:/home/user/.m2/repository/org/apache/hadoop/hadoop-ozone-client/0.5.0-SNAPSHOT/hadoop-ozone-client-0.5.0-SNAPSHOT.jar:/home/user/.m2/repository/commons-lang/commons-lang/2.6/commons-lang-2.6.jar:/home/user/.m2/repository/org/apache/hadoop/hadoop-ozone-ozone-manager/0.5.0-SNAPSHOT/hadoop-ozone-ozone-manager-0.5.0-SNAPSHOT-tests.jar:/home/user/.m2/repository/junit/junit/4.11/junit-4.11.jar:/home/user/.m2/repository/org/hamcrest/hamcrest-core/1.3/hamcrest-core-1.3.jar:/home/user/.m2/repository/org/openjdk/jmh/jmh-core/1.19/jmh-core-1.19.jar:/home/user/.m2/repository/net/sf/jopt-simple/jopt-simple/4.6/jopt-simple-4.6.jar:/home/user/.m2/repository/org/apache/commons/commons-math3/3.1.1/commons-math3-3.1.1.jar:/home/user/.m2/repository/org/openjdk/jmh/jmh-generator-annprocess/1.19/jmh-generator-annprocess-1.19.jar:/home/user/.m2/repository/org/mockito/mockito-all/1.8.5/mockito-all-1.8.5.jar:/home/user/.m2/repository/org/apache/hadoop/hadoop-kms/3.2.0/hadoop-kms-3.2.0.jar:/home/user/.m2/repository/org/apache/hadoop/hadoop-auth/3.2.0/hadoop-auth-3.2.0.jar:/home/user/.m2/repository/com/nimbusds/nimbus-jose-jwt/4.41.1/nimbus-jose-jwt-4.41.1.jar:/home/user/.m2/repository/com/github/stephenc/jcip/jcip-annotations/1.0-1/jcip-annotations-1.0-1.jar:/home/user/.m2/repository/net/minidev/json-smart/2.3/json-smart-2.3.jar:/home/user/.m2/repository/net/minidev/accessors-smart/1.2/accessors-smart-1.2.jar:/home/user/.m2/repository/org/ow2/asm/asm/5.0.4/asm-5.0.4.jar:/home/user/.m2/repository/org/apache/curator/curator-framework/2.12.0/curator-framework-2.12.0.jar:/home/user/.m2/repository/com/sun/jersey/jersey-core/1.19/jersey-core-1.19.jar:/home/user/.m2/repository/javax/ws/rs/jsr311-api/1.1.1/jsr311-api-1.1.1.jar:/home/user/.m2/repository/com/sun/jersey/jersey-server/1.19/jersey-server-1.19.jar:/home/user/.m2/repository/javax/servlet/javax.servlet-api/3.1.0/javax.servlet-api-3.1.0.jar:/home/user/.m2/repository/org/eclipse/jetty/jetty-server/9.3.24.v20180605/jetty-server-9.3.24.v20180605.jar:/home/user/.m2/repository/org/eclipse/jetty/jetty-http/9.3.24.v20180605/jetty-http-9.3.24.v20180605.jar:/home/user/.m2/repository/org/eclipse/jetty/jetty-io/9.3.24.v20180605/jetty-io-9.3.24.v20180605.jar:/home/user/.m2/repository/org/eclipse/jetty/jetty-webapp/9.3.24.v20180605/jetty-webapp-9.3.24.v20180605.jar:/home/user/.m2/repository/org/eclipse/jetty/jetty-xml/9.3.24.v20180605/jetty-xml-9.3.24.v20180605.jar:/home/user/.m2/repository/log4j/log4j/1.2.17/log4j-1.2.17.jar:/home/user/.m2/repository/org/slf4j/slf4j-api/1.7.25/slf4j-api-1.7.25.jar:/home/user/.m2/repository/org/slf4j/jul-to-slf4j/1.7.25/jul-to-slf4j-1.7.25.jar:/home/user/.m2/repository/org/eclipse/jetty/jetty-util/9.3.24.v20180605/jetty-util-9.3.24.v20180605.jar:/home/user/.m2/repository/com/fasterxml/jackson/core/jackson-databind/2.9.5/jackson-databind-2.9.5.jar:/home/user/.m2/repository/org/apache/hadoop/hadoop-kms/3.2.0/hadoop-kms-3.2.0-tests.jar:/home/user/.m2/repository/org/apache/hadoop/hadoop-hdds-server-scm/0.5.0-SNAPSHOT/hadoop-hdds-server-scm-0.5.0-SNAPSHOT-tests.jar:/home/user/.m2/repository/org/apache/hadoop/hadoop-hdds-container-service/0.5.0-SNAPSHOT/hadoop-hdds-container-service-0.5.0-SNAPSHOT-tests.jar:/home/user/.m2/repository/org/yaml/snakeyaml/1.16/snakeyaml-1.16.jar:/home/user/.m2/repository/org/apache/hadoop/hadoop-common/3.2.0/hadoop-common-3.2.0-tests.jar:/home/user/.m2/repository/org/apache/hadoop/hadoop-annotations/3.2.0/hadoop-annotations-3.2.0.jar:/usr/lib/jvm/java-1.8-openjdk/jre/../lib/tools.jar:/home/user/.m2/repository/commons-cli/commons-cli/1.2/commons-cli-1.2.jar:/home/user/.m2/repository/org/apache/httpcomponents/httpclient/4.5.2/httpclient-4.5.2.jar:/home/user/.m2/repository/org/apache/httpcomponents/httpcore/4.4.4/httpcore-4.4.4.jar:/home/user/.m2/repository/commons-codec/commons-codec/1.11/commons-codec-1.11.jar:/home/user/.m2/repository/commons-net/commons-net/3.6/commons-net-3.6.jar:/home/user/.m2/repository/commons-collections/commons-collections/3.2.2/commons-collections-3.2.2.jar:/home/user/.m2/repository/org/eclipse/jetty/jetty-servlet/9.3.24.v20180605/jetty-servlet-9.3.24.v20180605.jar:/home/user/.m2/repository/org/eclipse/jetty/jetty-security/9.3.24.v20180605/jetty-security-9.3.24.v20180605.jar:/home/user/.m2/repository/javax/servlet/jsp/jsp-api/2.1/jsp-api-2.1.jar:/home/user/.m2/repository/com/sun/jersey/jersey-servlet/1.19/jersey-servlet-1.19.jar:/home/user/.m2/repository/com/sun/jersey/jersey-json/1.19/jersey-json-1.19.jar:/home/user/.m2/repository/org/codehaus/jettison/jettison/1.1/jettison-1.1.jar:/home/user/.m2/repository/org/codehaus/jackson/jackson-core-asl/1.9.13/jackson-core-asl-1.9.13.jar:/home/user/.m2/repository/org/codehaus/jackson/jackson-mapper-asl/1.9.13/jackson-mapper-asl-1.9.13.jar:/home/user/.m2/repository/org/codehaus/jackson/jackson-jaxrs/1.9.13/jackson-jaxrs-1.9.13.jar:/home/user/.m2/repository/org/codehaus/jackson/jackson-xc/1.9.13/jackson-xc-1.9.13.jar:/home/user/.m2/repository/commons-logging/commons-logging/1.1.3/commons-logging-1.1.3.jar:/home/user/.m2/repository/commons-beanutils/commons-beanutils/1.9.3/commons-beanutils-1.9.3.jar:/home/user/.m2/repository/org/apache/commons/commons-configuration2/2.1.1/commons-configuration2-2.1.1.jar:/home/user/.m2/repository/org/apache/commons/commons-lang3/3.7/commons-lang3-3.7.jar:/home/user/.m2/repository/org/apache/commons/commons-text/1.4/commons-text-1.4.jar:/home/user/.m2/repository/org/apache/avro/avro/1.7.7/avro-1.7.7.jar:/home/user/.m2/repository/com/thoughtworks/paranamer/paranamer/2.3/paranamer-2.3.jar:/home/user/.m2/repository/org/xerial/snappy/snappy-java/1.0.5/snappy-java-1.0.5.jar:/home/user/.m2/repository/com/google/re2j/re2j/1.1/re2j-1.1.jar:/home/user/.m2/repository/com/google/code/gson/gson/2.2.4/gson-2.2.4.jar:/home/user/.m2/repository/com/jcraft/jsch/0.1.54/jsch-0.1.54.jar:/home/user/.m2/repository/org/apache/curator/curator-client/2.12.0/curator-client-2.12.0.jar:/home/user/.m2/repository/org/apache/curator/curator-recipes/2.12.0/curator-recipes-2.12.0.jar:/home/user/.m2/repository/com/google/code/findbugs/jsr305/3.0.0/jsr305-3.0.0.jar:/home/user/.m2/repository/org/apache/htrace/htrace-core4/4.1.0-incubating/htrace-core4-4.1.0-incubating.jar:/home/user/.m2/repository/org/apache/zookeeper/zookeeper/3.4.13/zookeeper-3.4.13.jar:/home/user/.m2/repository/org/apache/yetus/audience-annotations/0.5.0/audience-annotations-0.5.0.jar:/home/user/.m2/repository/org/codehaus/woodstox/stax2-api/3.1.4/stax2-api-3.1.4.jar:/home/user/.m2/repository/com/fasterxml/woodstox/woodstox-core/5.0.3/woodstox-core-5.0.3.jar:/home/user/.m2/repository/dnsjava/dnsjava/2.1.7/dnsjava-2.1.7.jar:/home/user/.m2/repository/org/apache/hadoop/hadoop-hdfs/3.2.0/hadoop-hdfs-3.2.0-tests.jar:/home/user/.m2/repository/org/eclipse/jetty/jetty-util-ajax/9.3.24.v20180605/jetty-util-ajax-9.3.24.v20180605.jar:/home/user/.m2/repository/commons-daemon/commons-daemon/1.0.13/commons-daemon-1.0.13.jar:/home/user/.m2/repository/io/netty/netty/3.10.5.Final/netty-3.10.5.Final.jar:/home/user/.m2/repository/io/netty/netty-all/4.0.52.Final/netty-all-4.0.52.Final.jar:/home/user/.m2/repository/org/fusesource/leveldbjni/leveldbjni-all/1.8/leveldbjni-all-1.8.jar:"/>
    <property name="java.vm.vendor" value="IcedTea"/>
    <property name="sun.arch.data.model" value="64"/>
    <property name="test.build.dir" value="/workdir/hadoop-ozone/integration-test/target/test-dir"/>
    <property name="test.cache.data" value=""/>
    <property name="java.vendor.url" value="https://icedtea.classpath.org"/>
    <property name="user.timezone" value=""/>
    <property name="java.vm.specification.version" value="1.8"/>
    <property name="os.name" value="Linux"/>
    <property name="test.build.data" value="/workdir/hadoop-ozone/integration-test/target/test-dir"/>
    <property name="user.country" value="US"/>
    <property name="sun.java.launcher" value="SUN_STANDARD"/>
    <property name="sun.boot.library.path" value="/usr/lib/jvm/java-1.8-openjdk/jre/lib/amd64"/>
    <property name="sun.java.command" value="/workdir/hadoop-ozone/integration-test/target/surefire/surefirebooter2562837590509017042.jar /workdir/hadoop-ozone/integration-test/target/surefire 2019-07-14T08-10-17_023-jvmRun1 surefire1128387124532410106tmp surefire_356325197699464862128tmp"/>
    <property name="surefire.test.class.path" value="/workdir/hadoop-ozone/integration-test/target/test-classes:/workdir/hadoop-ozone/integration-test/target/classes:/home/user/.m2/repository/org/apache/hadoop/hadoop-ozone-common/0.5.0-SNAPSHOT/hadoop-ozone-common-0.5.0-SNAPSHOT.jar:/home/user/.m2/repository/org/apache/commons/commons-compress/1.4.1/commons-compress-1.4.1.jar:/home/user/.m2/repository/org/tukaani/xz/1.0/xz-1.0.jar:/home/user/.m2/repository/org/apache/hadoop/hadoop-common/3.2.0/hadoop-common-3.2.0.jar:/home/user/.m2/repository/org/apache/hadoop/hadoop-hdfs/3.2.0/hadoop-hdfs-3.2.0.jar:/home/user/.m2/repository/org/apache/hadoop/hadoop-hdfs-client/3.2.0/hadoop-hdfs-client-3.2.0.jar:/home/user/.m2/repository/com/fasterxml/jackson/core/jackson-annotations/2.9.5/jackson-annotations-2.9.5.jar:/home/user/.m2/repository/org/apache/hadoop/hadoop-hdds-common/0.5.0-SNAPSHOT/hadoop-hdds-common-0.5.0-SNAPSHOT.jar:/home/user/.m2/repository/javax/annotation/javax.annotation-api/1.2/javax.annotation-api-1.2.jar:/home/user/.m2/repository/org/apache/ratis/ratis-server/0.4.0-2337318-SNAPSHOT/ratis-server-0.4.0-2337318-SNAPSHOT.jar:/home/user/.m2/repository/org/apache/ratis/ratis-thirdparty-misc/0.2.0/ratis-thirdparty-misc-0.2.0.jar:/home/user/.m2/repository/org/apache/ratis/ratis-proto/0.4.0-2337318-SNAPSHOT/ratis-proto-0.4.0-2337318-SNAPSHOT.jar:/home/user/.m2/repository/org/apache/ratis/ratis-common/0.4.0-2337318-SNAPSHOT/ratis-common-0.4.0-2337318-SNAPSHOT.jar:/home/user/.m2/repository/org/apache/ratis/ratis-client/0.4.0-2337318-SNAPSHOT/ratis-client-0.4.0-2337318-SNAPSHOT.jar:/home/user/.m2/repository/org/apache/ratis/ratis-metrics/0.4.0-2337318-SNAPSHOT/ratis-metrics-0.4.0-2337318-SNAPSHOT.jar:/home/user/.m2/repository/org/apache/ratis/ratis-netty/0.4.0-2337318-SNAPSHOT/ratis-netty-0.4.0-2337318-SNAPSHOT.jar:/home/user/.m2/repository/org/apache/ratis/ratis-grpc/0.4.0-2337318-SNAPSHOT/ratis-grpc-0.4.0-2337318-SNAPSHOT.jar:/home/user/.m2/repository/org/rocksdb/rocksdbjni/6.0.1/rocksdbjni-6.0.1.jar:/home/user/.m2/repository/org/apache/logging/log4j/log4j-api/2.11.0/log4j-api-2.11.0.jar:/home/user/.m2/repository/org/apache/logging/log4j/log4j-core/2.11.0/log4j-core-2.11.0.jar:/home/user/.m2/repository/com/lmax/disruptor/3.4.2/disruptor-3.4.2.jar:/home/user/.m2/repository/org/apache/commons/commons-pool2/2.6.0/commons-pool2-2.6.0.jar:/home/user/.m2/repository/org/bouncycastle/bcpkix-jdk15on/1.60/bcpkix-jdk15on-1.60.jar:/home/user/.m2/repository/commons-validator/commons-validator/1.6/commons-validator-1.6.jar:/home/user/.m2/repository/commons-digester/commons-digester/1.8.1/commons-digester-1.8.1.jar:/home/user/.m2/repository/io/jaegertracing/jaeger-client/0.33.1/jaeger-client-0.33.1.jar:/home/user/.m2/repository/io/jaegertracing/jaeger-thrift/0.33.1/jaeger-thrift-0.33.1.jar:/home/user/.m2/repository/org/apache/thrift/libthrift/0.11.0/libthrift-0.11.0.jar:/home/user/.m2/repository/com/squareup/okhttp3/okhttp/3.9.0/okhttp-3.9.0.jar:/home/user/.m2/repository/com/squareup/okio/okio/1.13.0/okio-1.13.0.jar:/home/user/.m2/repository/io/jaegertracing/jaeger-core/0.33.1/jaeger-core-0.33.1.jar:/home/user/.m2/repository/io/jaegertracing/jaeger-tracerresolver/0.33.1/jaeger-tracerresolver-0.33.1.jar:/home/user/.m2/repository/io/opentracing/contrib/opentracing-tracerresolver/0.1.5/opentracing-tracerresolver-0.1.5.jar:/home/user/.m2/repository/io/opentracing/opentracing-util/0.31.0/opentracing-util-0.31.0.jar:/home/user/.m2/repository/io/opentracing/opentracing-api/0.31.0/opentracing-api-0.31.0.jar:/home/user/.m2/repository/io/opentracing/opentracing-noop/0.31.0/opentracing-noop-0.31.0.jar:/home/user/.m2/repository/org/apache/hadoop/hadoop-hdds-server-framework/0.5.0-SNAPSHOT/hadoop-hdds-server-framework-0.5.0-SNAPSHOT.jar:/home/user/.m2/repository/org/apache/hadoop/hadoop-hdds-container-service/0.5.0-SNAPSHOT/hadoop-hdds-container-service-0.5.0-SNAPSHOT.jar:/home/user/.m2/repository/org/apache/hadoop/hadoop-hdds-client/0.5.0-SNAPSHOT/hadoop-hdds-client-0.5.0-SNAPSHOT.jar:/home/user/.m2/repository/org/apache/hadoop/hadoop-hdds-tools/0.5.0-SNAPSHOT/hadoop-hdds-tools-0.5.0-SNAPSHOT.jar:/home/user/.m2/repository/org/apache/hadoop/hadoop-hdds-server-scm/0.5.0-SNAPSHOT/hadoop-hdds-server-scm-0.5.0-SNAPSHOT.jar:/home/user/.m2/repository/org/apache/hadoop/hadoop-hdds-docs/0.5.0-SNAPSHOT/hadoop-hdds-docs-0.5.0-SNAPSHOT.jar:/home/user/.m2/repository/io/dropwizard/metrics/metrics-core/3.2.4/metrics-core-3.2.4.jar:/home/user/.m2/repository/org/hamcrest/hamcrest-all/1.3/hamcrest-all-1.3.jar:/home/user/.m2/repository/org/bouncycastle/bcprov-jdk15on/1.60/bcprov-jdk15on-1.60.jar:/home/user/.m2/repository/info/picocli/picocli/3.9.6/picocli-3.9.6.jar:/home/user/.m2/repository/com/google/protobuf/protobuf-java/2.5.0/protobuf-java-2.5.0.jar:/home/user/.m2/repository/com/google/guava/guava/11.0.2/guava-11.0.2.jar:/home/user/.m2/repository/org/apache/hadoop/hadoop-ozone-ozone-manager/0.5.0-SNAPSHOT/hadoop-ozone-ozone-manager-0.5.0-SNAPSHOT.jar:/home/user/.m2/repository/org/apache/hadoop/hadoop-minikdc/3.2.0/hadoop-minikdc-3.2.0.jar:/home/user/.m2/repository/commons-io/commons-io/2.5/commons-io-2.5.jar:/home/user/.m2/repository/org/apache/kerby/kerb-simplekdc/1.0.1/kerb-simplekdc-1.0.1.jar:/home/user/.m2/repository/org/apache/kerby/kerb-client/1.0.1/kerb-client-1.0.1.jar:/home/user/.m2/repository/org/apache/kerby/kerby-config/1.0.1/kerby-config-1.0.1.jar:/home/user/.m2/repository/org/apache/kerby/kerb-core/1.0.1/kerb-core-1.0.1.jar:/home/user/.m2/repository/org/apache/kerby/kerby-pkix/1.0.1/kerby-pkix-1.0.1.jar:/home/user/.m2/repository/org/apache/kerby/kerby-asn1/1.0.1/kerby-asn1-1.0.1.jar:/home/user/.m2/repository/org/apache/kerby/kerby-util/1.0.1/kerby-util-1.0.1.jar:/home/user/.m2/repository/org/apache/kerby/kerb-common/1.0.1/kerb-common-1.0.1.jar:/home/user/.m2/repository/org/apache/kerby/kerb-crypto/1.0.1/kerb-crypto-1.0.1.jar:/home/user/.m2/repository/org/apache/kerby/kerb-util/1.0.1/kerb-util-1.0.1.jar:/home/user/.m2/repository/org/apache/kerby/token-provider/1.0.1/token-provider-1.0.1.jar:/home/user/.m2/repository/org/apache/kerby/kerb-admin/1.0.1/kerb-admin-1.0.1.jar:/home/user/.m2/repository/org/apache/kerby/kerb-server/1.0.1/kerb-server-1.0.1.jar:/home/user/.m2/repository/org/apache/kerby/kerb-identity/1.0.1/kerb-identity-1.0.1.jar:/home/user/.m2/repository/org/apache/kerby/kerby-xdr/1.0.1/kerby-xdr-1.0.1.jar:/home/user/.m2/repository/org/slf4j/slf4j-log4j12/1.7.25/slf4j-log4j12-1.7.25.jar:/home/user/.m2/repository/org/apache/hadoop/hadoop-ozone-objectstore-service/0.5.0-SNAPSHOT/hadoop-ozone-objectstore-service-0.5.0-SNAPSHOT.jar:/home/user/.m2/repository/org/apache/hadoop/hadoop-ozone-s3gateway/0.5.0-SNAPSHOT/hadoop-ozone-s3gateway-0.5.0-SNAPSHOT.jar:/home/user/.m2/repository/org/jboss/weld/servlet/weld-servlet/2.4.7.Final/weld-servlet-2.4.7.Final.jar:/home/user/.m2/repository/org/glassfish/jersey/containers/jersey-container-servlet-core/2.27/jersey-container-servlet-core-2.27.jar:/home/user/.m2/repository/org/glassfish/hk2/external/javax.inject/2.5.0-b42/javax.inject-2.5.0-b42.jar:/home/user/.m2/repository/org/glassfish/jersey/core/jersey-common/2.27/jersey-common-2.27.jar:/home/user/.m2/repository/org/glassfish/hk2/osgi-resource-locator/1.0.1/osgi-resource-locator-1.0.1.jar:/home/user/.m2/repository/javax/ws/rs/javax.ws.rs-api/2.1/javax.ws.rs-api-2.1.jar:/home/user/.m2/repository/org/glassfish/jersey/ext/cdi/jersey-cdi1x/2.27/jersey-cdi1x-2.27.jar:/home/user/.m2/repository/org/glassfish/jersey/inject/jersey-hk2/2.27/jersey-hk2-2.27.jar:/home/user/.m2/repository/org/glassfish/hk2/hk2-locator/2.5.0-b42/hk2-locator-2.5.0-b42.jar:/home/user/.m2/repository/org/javassist/javassist/3.22.0-CR2/javassist-3.22.0-CR2.jar:/home/user/.m2/repository/org/glassfish/hk2/hk2-api/2.5.0/hk2-api-2.5.0.jar:/home/user/.m2/repository/org/glassfish/hk2/external/jakarta.inject/2.5.0/jakarta.inject-2.5.0.jar:/home/user/.m2/repository/org/glassfish/hk2/hk2-utils/2.5.0/hk2-utils-2.5.0.jar:/home/user/.m2/repository/jakarta/annotation/jakarta.annotation-api/1.3.4/jakarta.annotation-api-1.3.4.jar:/home/user/.m2/repository/org/glassfish/hk2/external/aopalliance-repackaged/2.5.0/aopalliance-repackaged-2.5.0.jar:/home/user/.m2/repository/com/fasterxml/jackson/dataformat/jackson-dataformat-xml/2.9.0/jackson-dataformat-xml-2.9.0.jar:/home/user/.m2/repository/com/fasterxml/jackson/core/jackson-core/2.9.5/jackson-core-2.9.5.jar:/home/user/.m2/repository/com/fasterxml/jackson/module/jackson-module-jaxb-annotations/2.9.5/jackson-module-jaxb-annotations-2.9.5.jar:/home/user/.m2/repository/javax/enterprise/cdi-api/1.2/cdi-api-1.2.jar:/home/user/.m2/repository/javax/el/javax.el-api/3.0.0/javax.el-api-3.0.0.jar:/home/user/.m2/repository/javax/interceptor/javax.interceptor-api/1.2/javax.interceptor-api-1.2.jar:/home/user/.m2/repository/javax/inject/javax.inject/1/javax.inject-1.jar:/home/user/.m2/repository/com/sun/xml/bind/jaxb-impl/2.3.0.1/jaxb-impl-2.3.0.1.jar:/home/user/.m2/repository/com/sun/xml/bind/jaxb-core/2.3.0.1/jaxb-core-2.3.0.1.jar:/home/user/.m2/repository/javax/xml/bind/jaxb-api/2.3.0/jaxb-api-2.3.0.jar:/home/user/.m2/repository/javax/activation/activation/1.1.1/activation-1.1.1.jar:/home/user/.m2/repository/org/apache/hadoop/hadoop-ozone-csi/0.5.0-SNAPSHOT/hadoop-ozone-csi-0.5.0-SNAPSHOT.jar:/home/user/.m2/repository/com/google/protobuf/protobuf-java-util/3.5.1/protobuf-java-util-3.5.1.jar:/home/user/.m2/repository/org/apache/hadoop/hadoop-hdds-config/0.5.0-SNAPSHOT/hadoop-hdds-config-0.5.0-SNAPSHOT.jar:/home/user/.m2/repository/io/grpc/grpc-netty/1.17.1/grpc-netty-1.17.1.jar:/home/user/.m2/repository/io/grpc/grpc-core/1.17.1/grpc-core-1.17.1.jar:/home/user/.m2/repository/io/grpc/grpc-context/1.17.1/grpc-context-1.17.1.jar:/home/user/.m2/repository/com/google/errorprone/error_prone_annotations/2.2.0/error_prone_annotations-2.2.0.jar:/home/user/.m2/repository/org/codehaus/mojo/animal-sniffer-annotations/1.17/animal-sniffer-annotations-1.17.jar:/home/user/.m2/repository/io/opencensus/opencensus-api/0.17.0/opencensus-api-0.17.0.jar:/home/user/.m2/repository/io/opencensus/opencensus-contrib-grpc-metrics/0.17.0/opencensus-contrib-grpc-metrics-0.17.0.jar:/home/user/.m2/repository/io/netty/netty-codec-http2/4.1.30.Final/netty-codec-http2-4.1.30.Final.jar:/home/user/.m2/repository/io/netty/netty-codec-http/4.1.30.Final/netty-codec-http-4.1.30.Final.jar:/home/user/.m2/repository/io/netty/netty-codec/4.1.30.Final/netty-codec-4.1.30.Final.jar:/home/user/.m2/repository/io/netty/netty-handler/4.1.30.Final/netty-handler-4.1.30.Final.jar:/home/user/.m2/repository/io/netty/netty-handler-proxy/4.1.30.Final/netty-handler-proxy-4.1.30.Final.jar:/home/user/.m2/repository/io/netty/netty-codec-socks/4.1.30.Final/netty-codec-socks-4.1.30.Final.jar:/home/user/.m2/repository/io/netty/netty-transport-native-epoll/4.1.30.Final/netty-transport-native-epoll-4.1.30.Final.jar:/home/user/.m2/repository/io/netty/netty-common/4.1.30.Final/netty-common-4.1.30.Final.jar:/home/user/.m2/repository/io/netty/netty-buffer/4.1.30.Final/netty-buffer-4.1.30.Final.jar:/home/user/.m2/repository/io/netty/netty-transport/4.1.30.Final/netty-transport-4.1.30.Final.jar:/home/user/.m2/repository/io/netty/netty-resolver/4.1.30.Final/netty-resolver-4.1.30.Final.jar:/home/user/.m2/repository/io/netty/netty-transport-native-unix-common/4.1.30.Final/netty-transport-native-unix-common-4.1.30.Final.jar:/home/user/.m2/repository/io/grpc/grpc-protobuf/1.17.1/grpc-protobuf-1.17.1.jar:/home/user/.m2/repository/com/google/api/grpc/proto-google-common-protos/1.0.0/proto-google-common-protos-1.0.0.jar:/home/user/.m2/repository/io/grpc/grpc-protobuf-lite/1.17.1/grpc-protobuf-lite-1.17.1.jar:/home/user/.m2/repository/io/grpc/grpc-stub/1.17.1/grpc-stub-1.17.1.jar:/home/user/.m2/repository/org/apache/hadoop/hadoop-ozone-recon/0.5.0-SNAPSHOT/hadoop-ozone-recon-0.5.0-SNAPSHOT.jar:/home/user/.m2/repository/org/apache/hadoop/hadoop-ozone-reconcodegen/0.5.0-SNAPSHOT/hadoop-ozone-reconcodegen-0.5.0-SNAPSHOT.jar:/home/user/.m2/repository/com/google/inject/extensions/guice-multibindings/4.0/guice-multibindings-4.0.jar:/home/user/.m2/repository/com/google/inject/guice/4.0/guice-4.0.jar:/home/user/.m2/repository/aopalliance/aopalliance/1.0/aopalliance-1.0.jar:/home/user/.m2/repository/com/google/inject/extensions/guice-servlet/4.0/guice-servlet-4.0.jar:/home/user/.m2/repository/org/glassfish/jersey/containers/jersey-container-servlet/2.27/jersey-container-servlet-2.27.jar:/home/user/.m2/repository/org/glassfish/hk2/guice-bridge/2.5.0/guice-bridge-2.5.0.jar:/home/user/.m2/repository/org/glassfish/jersey/core/jersey-server/2.27/jersey-server-2.27.jar:/home/user/.m2/repository/org/glassfish/jersey/core/jersey-client/2.27/jersey-client-2.27.jar:/home/user/.m2/repository/org/glassfish/jersey/media/jersey-media-jaxb/2.27/jersey-media-jaxb-2.27.jar:/home/user/.m2/repository/javax/validation/validation-api/1.1.0.Final/validation-api-1.1.0.Final.jar:/home/user/.m2/repository/org/glassfish/jersey/media/jersey-media-json-jackson/2.27/jersey-media-json-jackson-2.27.jar:/home/user/.m2/repository/org/glassfish/jersey/ext/jersey-entity-filtering/2.27/jersey-entity-filtering-2.27.jar:/home/user/.m2/repository/com/google/inject/extensions/guice-assistedinject/4.0/guice-assistedinject-4.0.jar:/home/user/.m2/repository/org/jooq/jooq/3.11.10/jooq-3.11.10.jar:/home/user/.m2/repository/org/jooq/jooq-meta/3.11.10/jooq-meta-3.11.10.jar:/home/user/.m2/repository/org/jooq/jooq-codegen/3.11.10/jooq-codegen-3.11.10.jar:/home/user/.m2/repository/com/jolbox/bonecp/0.8.0.RELEASE/bonecp-0.8.0.RELEASE.jar:/home/user/.m2/repository/org/xerial/sqlite-jdbc/3.25.2/sqlite-jdbc-3.25.2.jar:/home/user/.m2/repository/org/springframework/spring-jdbc/5.1.3.RELEASE/spring-jdbc-5.1.3.RELEASE.jar:/home/user/.m2/repository/org/springframework/spring-beans/5.1.3.RELEASE/spring-beans-5.1.3.RELEASE.jar:/home/user/.m2/repository/org/springframework/spring-core/5.1.3.RELEASE/spring-core-5.1.3.RELEASE.jar:/home/user/.m2/repository/org/springframework/spring-jcl/5.1.3.RELEASE/spring-jcl-5.1.3.RELEASE.jar:/home/user/.m2/repository/org/springframework/spring-tx/5.1.3.RELEASE/spring-tx-5.1.3.RELEASE.jar:/home/user/.m2/repository/org/apache/hadoop/hadoop-ozone-client/0.5.0-SNAPSHOT/hadoop-ozone-client-0.5.0-SNAPSHOT.jar:/home/user/.m2/repository/commons-lang/commons-lang/2.6/commons-lang-2.6.jar:/home/user/.m2/repository/org/apache/hadoop/hadoop-ozone-ozone-manager/0.5.0-SNAPSHOT/hadoop-ozone-ozone-manager-0.5.0-SNAPSHOT-tests.jar:/home/user/.m2/repository/junit/junit/4.11/junit-4.11.jar:/home/user/.m2/repository/org/hamcrest/hamcrest-core/1.3/hamcrest-core-1.3.jar:/home/user/.m2/repository/org/openjdk/jmh/jmh-core/1.19/jmh-core-1.19.jar:/home/user/.m2/repository/net/sf/jopt-simple/jopt-simple/4.6/jopt-simple-4.6.jar:/home/user/.m2/repository/org/apache/commons/commons-math3/3.1.1/commons-math3-3.1.1.jar:/home/user/.m2/repository/org/openjdk/jmh/jmh-generator-annprocess/1.19/jmh-generator-annprocess-1.19.jar:/home/user/.m2/repository/org/mockito/mockito-all/1.8.5/mockito-all-1.8.5.jar:/home/user/.m2/repository/org/apache/hadoop/hadoop-kms/3.2.0/hadoop-kms-3.2.0.jar:/home/user/.m2/repository/org/apache/hadoop/hadoop-auth/3.2.0/hadoop-auth-3.2.0.jar:/home/user/.m2/repository/com/nimbusds/nimbus-jose-jwt/4.41.1/nimbus-jose-jwt-4.41.1.jar:/home/user/.m2/repository/com/github/stephenc/jcip/jcip-annotations/1.0-1/jcip-annotations-1.0-1.jar:/home/user/.m2/repository/net/minidev/json-smart/2.3/json-smart-2.3.jar:/home/user/.m2/repository/net/minidev/accessors-smart/1.2/accessors-smart-1.2.jar:/home/user/.m2/repository/org/ow2/asm/asm/5.0.4/asm-5.0.4.jar:/home/user/.m2/repository/org/apache/curator/curator-framework/2.12.0/curator-framework-2.12.0.jar:/home/user/.m2/repository/com/sun/jersey/jersey-core/1.19/jersey-core-1.19.jar:/home/user/.m2/repository/javax/ws/rs/jsr311-api/1.1.1/jsr311-api-1.1.1.jar:/home/user/.m2/repository/com/sun/jersey/jersey-server/1.19/jersey-server-1.19.jar:/home/user/.m2/repository/javax/servlet/javax.servlet-api/3.1.0/javax.servlet-api-3.1.0.jar:/home/user/.m2/repository/org/eclipse/jetty/jetty-server/9.3.24.v20180605/jetty-server-9.3.24.v20180605.jar:/home/user/.m2/repository/org/eclipse/jetty/jetty-http/9.3.24.v20180605/jetty-http-9.3.24.v20180605.jar:/home/user/.m2/repository/org/eclipse/jetty/jetty-io/9.3.24.v20180605/jetty-io-9.3.24.v20180605.jar:/home/user/.m2/repository/org/eclipse/jetty/jetty-webapp/9.3.24.v20180605/jetty-webapp-9.3.24.v20180605.jar:/home/user/.m2/repository/org/eclipse/jetty/jetty-xml/9.3.24.v20180605/jetty-xml-9.3.24.v20180605.jar:/home/user/.m2/repository/log4j/log4j/1.2.17/log4j-1.2.17.jar:/home/user/.m2/repository/org/slf4j/slf4j-api/1.7.25/slf4j-api-1.7.25.jar:/home/user/.m2/repository/org/slf4j/jul-to-slf4j/1.7.25/jul-to-slf4j-1.7.25.jar:/home/user/.m2/repository/org/eclipse/jetty/jetty-util/9.3.24.v20180605/jetty-util-9.3.24.v20180605.jar:/home/user/.m2/repository/com/fasterxml/jackson/core/jackson-databind/2.9.5/jackson-databind-2.9.5.jar:/home/user/.m2/repository/org/apache/hadoop/hadoop-kms/3.2.0/hadoop-kms-3.2.0-tests.jar:/home/user/.m2/repository/org/apache/hadoop/hadoop-hdds-server-scm/0.5.0-SNAPSHOT/hadoop-hdds-server-scm-0.5.0-SNAPSHOT-tests.jar:/home/user/.m2/repository/org/apache/hadoop/hadoop-hdds-container-service/0.5.0-SNAPSHOT/hadoop-hdds-container-service-0.5.0-SNAPSHOT-tests.jar:/home/user/.m2/repository/org/yaml/snakeyaml/1.16/snakeyaml-1.16.jar:/home/user/.m2/repository/org/apache/hadoop/hadoop-common/3.2.0/hadoop-common-3.2.0-tests.jar:/home/user/.m2/repository/org/apache/hadoop/hadoop-annotations/3.2.0/hadoop-annotations-3.2.0.jar:/usr/lib/jvm/java-1.8-openjdk/jre/../lib/tools.jar:/home/user/.m2/repository/commons-cli/commons-cli/1.2/commons-cli-1.2.jar:/home/user/.m2/repository/org/apache/httpcomponents/httpclient/4.5.2/httpclient-4.5.2.jar:/home/user/.m2/repository/org/apache/httpcomponents/httpcore/4.4.4/httpcore-4.4.4.jar:/home/user/.m2/repository/commons-codec/commons-codec/1.11/commons-codec-1.11.jar:/home/user/.m2/repository/commons-net/commons-net/3.6/commons-net-3.6.jar:/home/user/.m2/repository/commons-collections/commons-collections/3.2.2/commons-collections-3.2.2.jar:/home/user/.m2/repository/org/eclipse/jetty/jetty-servlet/9.3.24.v20180605/jetty-servlet-9.3.24.v20180605.jar:/home/user/.m2/repository/org/eclipse/jetty/jetty-security/9.3.24.v20180605/jetty-security-9.3.24.v20180605.jar:/home/user/.m2/repository/javax/servlet/jsp/jsp-api/2.1/jsp-api-2.1.jar:/home/user/.m2/repository/com/sun/jersey/jersey-servlet/1.19/jersey-servlet-1.19.jar:/home/user/.m2/repository/com/sun/jersey/jersey-json/1.19/jersey-json-1.19.jar:/home/user/.m2/repository/org/codehaus/jettison/jettison/1.1/jettison-1.1.jar:/home/user/.m2/repository/org/codehaus/jackson/jackson-core-asl/1.9.13/jackson-core-asl-1.9.13.jar:/home/user/.m2/repository/org/codehaus/jackson/jackson-mapper-asl/1.9.13/jackson-mapper-asl-1.9.13.jar:/home/user/.m2/repository/org/codehaus/jackson/jackson-jaxrs/1.9.13/jackson-jaxrs-1.9.13.jar:/home/user/.m2/repository/org/codehaus/jackson/jackson-xc/1.9.13/jackson-xc-1.9.13.jar:/home/user/.m2/repository/commons-logging/commons-logging/1.1.3/commons-logging-1.1.3.jar:/home/user/.m2/repository/commons-beanutils/commons-beanutils/1.9.3/commons-beanutils-1.9.3.jar:/home/user/.m2/repository/org/apache/commons/commons-configuration2/2.1.1/commons-configuration2-2.1.1.jar:/home/user/.m2/repository/org/apache/commons/commons-lang3/3.7/commons-lang3-3.7.jar:/home/user/.m2/repository/org/apache/commons/commons-text/1.4/commons-text-1.4.jar:/home/user/.m2/repository/org/apache/avro/avro/1.7.7/avro-1.7.7.jar:/home/user/.m2/repository/com/thoughtworks/paranamer/paranamer/2.3/paranamer-2.3.jar:/home/user/.m2/repository/org/xerial/snappy/snappy-java/1.0.5/snappy-java-1.0.5.jar:/home/user/.m2/repository/com/google/re2j/re2j/1.1/re2j-1.1.jar:/home/user/.m2/repository/com/google/code/gson/gson/2.2.4/gson-2.2.4.jar:/home/user/.m2/repository/com/jcraft/jsch/0.1.54/jsch-0.1.54.jar:/home/user/.m2/repository/org/apache/curator/curator-client/2.12.0/curator-client-2.12.0.jar:/home/user/.m2/repository/org/apache/curator/curator-recipes/2.12.0/curator-recipes-2.12.0.jar:/home/user/.m2/repository/com/google/code/findbugs/jsr305/3.0.0/jsr305-3.0.0.jar:/home/user/.m2/repository/org/apache/htrace/htrace-core4/4.1.0-incubating/htrace-core4-4.1.0-incubating.jar:/home/user/.m2/repository/org/apache/zookeeper/zookeeper/3.4.13/zookeeper-3.4.13.jar:/home/user/.m2/repository/org/apache/yetus/audience-annotations/0.5.0/audience-annotations-0.5.0.jar:/home/user/.m2/repository/org/codehaus/woodstox/stax2-api/3.1.4/stax2-api-3.1.4.jar:/home/user/.m2/repository/com/fasterxml/woodstox/woodstox-core/5.0.3/woodstox-core-5.0.3.jar:/home/user/.m2/repository/dnsjava/dnsjava/2.1.7/dnsjava-2.1.7.jar:/home/user/.m2/repository/org/apache/hadoop/hadoop-hdfs/3.2.0/hadoop-hdfs-3.2.0-tests.jar:/home/user/.m2/repository/org/eclipse/jetty/jetty-util-ajax/9.3.24.v20180605/jetty-util-ajax-9.3.24.v20180605.jar:/home/user/.m2/repository/commons-daemon/commons-daemon/1.0.13/commons-daemon-1.0.13.jar:/home/user/.m2/repository/io/netty/netty/3.10.5.Final/netty-3.10.5.Final.jar:/home/user/.m2/repository/io/netty/netty-all/4.0.52.Final/netty-all-4.0.52.Final.jar:/home/user/.m2/repository/org/fusesource/leveldbjni/leveldbjni-all/1.8/leveldbjni-all-1.8.jar:"/>
    <property name="sun.cpu.endian" value="little"/>
    <property name="user.home" value="/home/user"/>
    <property name="user.language" value="en"/>
    <property name="java.specification.vendor" value="Oracle Corporation"/>
    <property name="java.home" value="/usr/lib/jvm/java-1.8-openjdk/jre"/>
    <property name="java.security.krb5.conf" value="/workdir/hadoop-ozone/integration-test/target/test-classes/krb5.conf"/>
    <property name="basedir" value="/workdir/hadoop-ozone/integration-test"/>
    <property name="file.separator" value="/"/>
    <property name="line.separator" value="&#10;"/>
    <property name="java.vm.specification.vendor" value="Oracle Corporation"/>
    <property name="java.specification.name" value="Java Platform API Specification"/>
    <property name="java.awt.graphicsenv" value="sun.awt.X11GraphicsEnvironment"/>
    <property name="surefire.real.class.path" value="/workdir/hadoop-ozone/integration-test/target/surefire/surefirebooter2562837590509017042.jar"/>
    <property name="hadoop.log.dir" value="/workdir/hadoop-ozone/integration-test/target/log"/>
    <property name="sun.boot.class.path" value="/usr/lib/jvm/java-1.8-openjdk/jre/lib/resources.jar:/usr/lib/jvm/java-1.8-openjdk/jre/lib/rt.jar:/usr/lib/jvm/java-1.8-openjdk/jre/lib/sunrsasign.jar:/usr/lib/jvm/java-1.8-openjdk/jre/lib/jsse.jar:/usr/lib/jvm/java-1.8-openjdk/jre/lib/jce.jar:/usr/lib/jvm/java-1.8-openjdk/jre/lib/charsets.jar:/usr/lib/jvm/java-1.8-openjdk/jre/lib/jfr.jar:/usr/lib/jvm/java-1.8-openjdk/jre/classes"/>
    <property name="sun.management.compiler" value="HotSpot 64-Bit Tiered Compilers"/>
    <property name="java.runtime.version" value="1.8.0_212-b04"/>
    <property name="java.net.preferIPv4Stack" value="true"/>
    <property name="user.name" value="jenkins1000"/>
    <property name="path.separator" value=":"/>
    <property name="java.security.egd" value="file:///dev/urandom"/>
    <property name="os.version" value="3.10.0-957.12.2.el7.x86_64"/>
    <property name="java.endorsed.dirs" value="/usr/lib/jvm/java-1.8-openjdk/jre/lib/endorsed"/>
    <property name="java.runtime.name" value="OpenJDK Runtime Environment"/>
    <property name="file.encoding" value="UTF-8"/>
    <property name="java.vm.name" value="OpenJDK 64-Bit Server VM"/>
    <property name="test.build.webapps" value=""/>
    <property name="localRepository" value="/home/user/.m2/repository"/>
    <property name="java.vendor.url.bug" value="https://icedtea.classpath.org/bugzilla"/>
    <property name="java.io.tmpdir" value="/tmp"/>
    <property name="require.test.libhadoop" value=""/>
    <property name="java.version" value="1.8.0_212"/>
    <property name="user.dir" value="/workdir/hadoop-ozone/integration-test"/>
    <property name="os.arch" value="amd64"/>
    <property name="java.vm.specification.name" value="Java Virtual Machine Specification"/>
    <property name="test.build.classes" value="/workdir/hadoop-ozone/integration-test/target/test-classes"/>
    <property name="java.awt.printerjob" value="sun.print.PSPrinterJob"/>
    <property name="sun.os.patch.level" value="unknown"/>
    <property name="hadoop.tmp.dir" value="/workdir/hadoop-ozone/integration-test/target/tmp"/>
    <property name="java.library.path" value="/usr/lib/jvm/java-1.8-openjdk/jre/lib/amd64/server:/usr/lib/jvm/java-1.8-openjdk/jre/lib/amd64:/usr/lib/jvm/java-1.8-openjdk/jre/../lib/amd64:/workdir/hadoop-ozone/integration-test/target/native/target/usr/local/lib:/workdir/hadoop-ozone/integration-test/../../hadoop-common-project/hadoop-common/target/native/target/usr/local/lib:/usr/java/packages/lib/amd64:/usr/lib64:/lib64:/lib:/usr/lib"/>
    <property name="java.vm.info" value="mixed mode"/>
    <property name="java.vendor" value="IcedTea"/>
    <property name="java.vm.version" value="25.212-b04"/>
    <property name="java.ext.dirs" value="/usr/lib/jvm/java-1.8-openjdk/jre/lib/ext:/usr/java/packages/lib/ext"/>
    <property name="sun.io.unicode.encoding" value="UnicodeLittle"/>
    <property name="java.class.version" value="52.0"/>
  </properties>
  <testcase name="testBlockWriteViaRatis" classname="org.apache.hadoop.ozone.client.rpc.TestCloseContainerHandlingByClient" time="7.339">
    <error type="java.lang.IllegalArgumentException">java.lang.IllegalArgumentException
	at com.google.common.base.Preconditions.checkArgument(Preconditions.java:72)
	at org.apache.hadoop.hdds.scm.XceiverClientManager.acquireClient(XceiverClientManager.java:150)
	at org.apache.hadoop.hdds.scm.XceiverClientManager.acquireClientForReadData(XceiverClientManager.java:143)
	at org.apache.hadoop.hdds.scm.storage.BlockInputStream.getChunkInfos(BlockInputStream.java:154)
	at org.apache.hadoop.hdds.scm.storage.BlockInputStream.initialize(BlockInputStream.java:118)
	at org.apache.hadoop.hdds.scm.storage.BlockInputStream.read(BlockInputStream.java:222)
	at org.apache.hadoop.ozone.client.io.KeyInputStream.read(KeyInputStream.java:171)
	at org.apache.hadoop.ozone.client.io.OzoneInputStream.read(OzoneInputStream.java:47)
	at java.io.InputStream.read(InputStream.java:101)
	at org.apache.hadoop.ozone.container.ContainerTestHelper.validateData(ContainerTestHelper.java:709)
	at org.apache.hadoop.ozone.client.rpc.TestCloseContainerHandlingByClient.validateData(TestCloseContainerHandlingByClient.java:401)
	at org.apache.hadoop.ozone.client.rpc.TestCloseContainerHandlingByClient.testBlockWriteViaRatis(TestCloseContainerHandlingByClient.java:433)
	at sun.reflect.NativeMethodAccessorImpl.invoke0(Native Method)
	at sun.reflect.NativeMethodAccessorImpl.invoke(NativeMethodAccessorImpl.java:62)
	at sun.reflect.DelegatingMethodAccessorImpl.invoke(DelegatingMethodAccessorImpl.java:43)
	at java.lang.reflect.Method.invoke(Method.java:498)
	at org.junit.runners.model.FrameworkMethod$1.runReflectiveCall(FrameworkMethod.java:47)
	at org.junit.internal.runners.model.ReflectiveCallable.run(ReflectiveCallable.java:12)
	at org.junit.runners.model.FrameworkMethod.invokeExplosively(FrameworkMethod.java:44)
	at org.junit.internal.runners.statements.InvokeMethod.evaluate(InvokeMethod.java:17)
	at org.junit.runners.ParentRunner.runLeaf(ParentRunner.java:271)
	at org.junit.runners.BlockJUnit4ClassRunner.runChild(BlockJUnit4ClassRunner.java:70)
	at org.junit.runners.BlockJUnit4ClassRunner.runChild(BlockJUnit4ClassRunner.java:50)
	at org.junit.runners.ParentRunner$3.run(ParentRunner.java:238)
	at org.junit.runners.ParentRunner$1.schedule(ParentRunner.java:63)
	at org.junit.runners.ParentRunner.runChildren(ParentRunner.java:236)
	at org.junit.runners.ParentRunner.access$000(ParentRunner.java:53)
	at org.junit.runners.ParentRunner$2.evaluate(ParentRunner.java:229)
	at org.junit.internal.runners.statements.RunBefores.evaluate(RunBefores.java:26)
	at org.junit.internal.runners.statements.RunAfters.evaluate(RunAfters.java:27)
	at org.junit.runners.ParentRunner.run(ParentRunner.java:309)
	at org.apache.maven.surefire.junit4.JUnit4Provider.execute(JUnit4Provider.java:365)
	at org.apache.maven.surefire.junit4.JUnit4Provider.executeWithRerun(JUnit4Provider.java:273)
	at org.apache.maven.surefire.junit4.JUnit4Provider.executeTestSet(JUnit4Provider.java:238)
	at org.apache.maven.surefire.junit4.JUnit4Provider.invoke(JUnit4Provider.java:159)
	at org.apache.maven.surefire.booter.ForkedBooter.invokeProviderInSameClassLoader(ForkedBooter.java:384)
	at org.apache.maven.surefire.booter.ForkedBooter.runSuitesInProcess(ForkedBooter.java:345)
	at org.apache.maven.surefire.booter.ForkedBooter.execute(ForkedBooter.java:126)
	at org.apache.maven.surefire.booter.ForkedBooter.main(ForkedBooter.java:418)
</error>
    <system-out><![CDATA[2019-07-14 08:43:34,192 WARN  server.ServerUtils (ServerUtils.java:getScmDbDir(145)) - ozone.scm.db.dirs is not configured. We recommend adding this setting. Falling back to ozone.metadata.dirs instead.
2019-07-14 08:43:34,273 WARN  server.ServerUtils (ServerUtils.java:getScmDbDir(145)) - ozone.scm.db.dirs is not configured. We recommend adding this setting. Falling back to ozone.metadata.dirs instead.
2019-07-14 08:43:34,276 WARN  server.ServerUtils (ServerUtils.java:getScmDbDir(145)) - ozone.scm.db.dirs is not configured. We recommend adding this setting. Falling back to ozone.metadata.dirs instead.
2019-07-14 08:43:34,289 INFO  util.log (Log.java:initialized(192)) - Logging initialized @829ms
2019-07-14 08:43:34,368 INFO  db.DBStoreBuilder (DBStoreBuilder.java:addTable(110)) - using custom profile for table: deletedBlocks
2019-07-14 08:43:34,368 INFO  db.DBStoreBuilder (DBStoreBuilder.java:processTables(161)) - Using default column profile:DBProfile.DISK for Table:deletedBlocks
2019-07-14 08:43:34,368 INFO  db.DBStoreBuilder (DBStoreBuilder.java:addTable(110)) - using custom profile for table: validCerts
2019-07-14 08:43:34,368 INFO  db.DBStoreBuilder (DBStoreBuilder.java:processTables(161)) - Using default column profile:DBProfile.DISK for Table:validCerts
2019-07-14 08:43:34,369 INFO  db.DBStoreBuilder (DBStoreBuilder.java:addTable(110)) - using custom profile for table: revokedCerts
2019-07-14 08:43:34,369 INFO  db.DBStoreBuilder (DBStoreBuilder.java:processTables(161)) - Using default column profile:DBProfile.DISK for Table:revokedCerts
2019-07-14 08:43:34,378 INFO  db.DBStoreBuilder (DBStoreBuilder.java:addTable(110)) - using custom profile for table: default
2019-07-14 08:43:34,378 INFO  db.DBStoreBuilder (DBStoreBuilder.java:processTables(167)) - Using default column profile:DBProfile.DISK for Table:default
2019-07-14 08:43:34,379 INFO  db.DBStoreBuilder (DBStoreBuilder.java:getDbProfile(198)) - Using default options. DBProfile.DISK
2019-07-14 08:43:34,466 INFO  net.NodeSchemaLoader (NodeSchemaLoader.java:loadSchemaFromFile(125)) - Loading file from sun.misc.CompoundEnumeration@291ae
2019-07-14 08:43:34,467 INFO  net.NodeSchemaLoader (NodeSchemaLoader.java:loadSchema(171)) - Loading network topology layer schema file
2019-07-14 08:43:34,520 INFO  node.SCMNodeManager (SCMNodeManager.java:<init>(119)) - Entering startup safe mode.
2019-07-14 08:43:34,629 WARN  server.ServerUtils (ServerUtils.java:getScmDbDir(145)) - ozone.scm.db.dirs is not configured. We recommend adding this setting. Falling back to ozone.metadata.dirs instead.
2019-07-14 08:43:34,663 INFO  pipeline.SCMPipelineManager (SCMPipelineManager.java:initializePipelineState(126)) - No pipeline exists in current db
2019-07-14 08:43:34,666 WARN  server.ServerUtils (ServerUtils.java:getScmDbDir(145)) - ozone.scm.db.dirs is not configured. We recommend adding this setting. Falling back to ozone.metadata.dirs instead.
2019-07-14 08:43:34,744 WARN  events.EventQueue (EventQueue.java:fireEvent(175)) - No event handler registered for event TypedEvent{payloadType=SafeModeStatus, name='SafeModeStatus'}
2019-07-14 08:43:35,112 INFO  ipc.CallQueueManager (CallQueueManager.java:<init>(84)) - Using callQueue: class java.util.concurrent.LinkedBlockingQueue, queueCapacity: 2000, scheduler: class org.apache.hadoop.ipc.DefaultRpcScheduler, ipcBackoff: false.
2019-07-14 08:43:35,140 INFO  ipc.Server (Server.java:run(1074)) - Starting Socket Reader #1 for port 38096
2019-07-14 08:43:35,162 INFO  ipc.CallQueueManager (CallQueueManager.java:<init>(84)) - Using callQueue: class java.util.concurrent.LinkedBlockingQueue, queueCapacity: 2000, scheduler: class org.apache.hadoop.ipc.DefaultRpcScheduler, ipcBackoff: false.
2019-07-14 08:43:35,163 INFO  ipc.Server (Server.java:run(1074)) - Starting Socket Reader #1 for port 36393
2019-07-14 08:43:35,169 INFO  ipc.CallQueueManager (CallQueueManager.java:<init>(84)) - Using callQueue: class java.util.concurrent.LinkedBlockingQueue, queueCapacity: 2000, scheduler: class org.apache.hadoop.ipc.DefaultRpcScheduler, ipcBackoff: false.
2019-07-14 08:43:35,171 INFO  ipc.Server (Server.java:run(1074)) - Starting Socket Reader #1 for port 40629
2019-07-14 08:43:35,319 INFO  hdfs.DFSUtil (DFSUtil.java:httpServerTemplateForNNAndJN(1641)) - Starting Web-server for scm at: http://0.0.0.0:0
2019-07-14 08:43:35,488 INFO  server.AuthenticationFilter (AuthenticationFilter.java:constructSecretProvider(240)) - Unable to initialize FileSignerSecretProvider, falling back to use random secrets.
2019-07-14 08:43:35,495 WARN  http.HttpRequestLog (HttpRequestLog.java:getRequestLog(97)) - Jetty request log can only be enabled using Log4j
2019-07-14 08:43:35,502 INFO  http.HttpServer2 (HttpServer2.java:addGlobalFilter(975)) - Added global filter 'safety' (class=org.apache.hadoop.http.HttpServer2$QuotingInputFilter)
2019-07-14 08:43:35,505 INFO  http.HttpServer2 (HttpServer2.java:addFilter(948)) - Added filter static_user_filter (class=org.apache.hadoop.http.lib.StaticUserWebFilter$StaticUserFilter) to context scm
2019-07-14 08:43:35,505 INFO  http.HttpServer2 (HttpServer2.java:addFilter(958)) - Added filter static_user_filter (class=org.apache.hadoop.http.lib.StaticUserWebFilter$StaticUserFilter) to context static
2019-07-14 08:43:35,506 INFO  http.HttpServer2 (HttpServer2.java:addFilter(958)) - Added filter static_user_filter (class=org.apache.hadoop.http.lib.StaticUserWebFilter$StaticUserFilter) to context logs
2019-07-14 08:43:35,531 INFO  server.StorageContainerManager (StorageContainerManager.java:start(759)) - StorageContainerLocationProtocol RPC server is listening at /0.0.0.0:40629
2019-07-14 08:43:35,587 WARN  impl.MetricsConfig (MetricsConfig.java:loadFirst(134)) - Cannot locate configuration: tried hadoop-metrics2-storagecontainermanager.properties,hadoop-metrics2.properties
2019-07-14 08:43:35,599 INFO  impl.MetricsSystemImpl (MetricsSystemImpl.java:startTimer(374)) - Scheduled Metric snapshot period at 10 second(s).
2019-07-14 08:43:35,599 INFO  impl.MetricsSystemImpl (MetricsSystemImpl.java:start(191)) - StorageContainerManager metrics system started
2019-07-14 08:43:35,813 INFO  server.SCMClientProtocolServer (SCMClientProtocolServer.java:start(149)) - RPC server for Client  is listening at /0.0.0.0:40629
2019-07-14 08:43:35,814 INFO  ipc.Server (Server.java:run(1314)) - IPC Server Responder: starting
2019-07-14 08:43:35,814 INFO  ipc.Server (Server.java:run(1153)) - IPC Server listener on 40629: starting
2019-07-14 08:43:35,821 INFO  server.StorageContainerManager (StorageContainerManager.java:start(768)) - ScmBlockLocationProtocol RPC server is listening at /0.0.0.0:36393
2019-07-14 08:43:35,821 INFO  server.SCMBlockProtocolServer (SCMBlockProtocolServer.java:start(140)) - RPC server for Block Protocol is listening at /0.0.0.0:36393
2019-07-14 08:43:35,822 INFO  ipc.Server (Server.java:run(1314)) - IPC Server Responder: starting
2019-07-14 08:43:35,822 INFO  ipc.Server (Server.java:run(1153)) - IPC Server listener on 36393: starting
2019-07-14 08:43:35,825 INFO  server.StorageContainerManager (StorageContainerManager.java:start(772)) - ScmDatanodeProtocl RPC server is listening at /0.0.0.0:38096
2019-07-14 08:43:35,825 INFO  server.SCMDatanodeProtocolServer (SCMDatanodeProtocolServer.java:start(191)) - RPC server for DataNodes is listening at /0.0.0.0:38096
2019-07-14 08:43:35,827 INFO  ipc.Server (Server.java:run(1314)) - IPC Server Responder: starting
2019-07-14 08:43:35,827 INFO  ipc.Server (Server.java:run(1153)) - IPC Server listener on 38096: starting
2019-07-14 08:43:35,838 INFO  http.HttpServer2 (HttpServer2.java:bindListener(1191)) - Jetty bound to port 34649
2019-07-14 08:43:35,840 INFO  server.Server (Server.java:doStart(351)) - jetty-9.3.24.v20180605, build timestamp: 2018-06-05T17:11:56Z, git hash: 84205aa28f11a4f31f2a3b86d1bba2cc8ab69827
2019-07-14 08:43:35,879 INFO  handler.ContextHandler (ContextHandler.java:doStart(781)) - Started o.e.j.s.ServletContextHandler@15dcfae7{/logs,file:///workdir/hadoop-ozone/integration-test/target/log,AVAILABLE}
2019-07-14 08:43:35,880 INFO  handler.ContextHandler (ContextHandler.java:doStart(781)) - Started o.e.j.s.ServletContextHandler@1e636ea3{/static,file:///workdir/hadoop-ozone/integration-test/target/test-classes/webapps/static,AVAILABLE}
2019-07-14 08:43:35,911 INFO  handler.ContextHandler (ContextHandler.java:doStart(781)) - Started o.e.j.w.WebAppContext@3f23a3a0{/,file:///workdir/hadoop-ozone/integration-test/target/test-classes/webapps/scm/,AVAILABLE}{/scm}
2019-07-14 08:43:35,916 INFO  server.AbstractConnector (AbstractConnector.java:doStart(278)) - Started ServerConnector@6c6357f9{HTTP/1.1,[http/1.1]}{0.0.0.0:34649}
2019-07-14 08:43:35,917 INFO  server.Server (Server.java:doStart(419)) - Started @2457ms
2019-07-14 08:43:35,919 INFO  server.BaseHttpServer (BaseHttpServer.java:updateConnectorAddress(207)) - HTTP server of SCM is listening at http://0.0.0.0:34649
2019-07-14 08:43:35,926 INFO  util.JvmPauseMonitor (JvmPauseMonitor.java:run(188)) - Starting JVM pause monitor
2019-07-14 08:43:35,928 WARN  server.ServerUtils (ServerUtils.java:getDBPath(222)) - ozone.om.db.dirs is not configured. We recommend adding this setting. Falling back to ozone.metadata.dirs instead.
2019-07-14 08:43:36,023 WARN  server.ServerUtils (ServerUtils.java:getDBPath(222)) - ozone.om.db.dirs is not configured. We recommend adding this setting. Falling back to ozone.metadata.dirs instead.
2019-07-14 08:43:36,024 INFO  om.OzoneManager (OzoneManager.java:setOMNodeDetails(630)) - OM Service ID is not set. Setting it to the default ID: omServiceIdDefault
2019-07-14 08:43:36,024 INFO  om.OzoneManager (OzoneManager.java:setOMNodeDetails(636)) - OM Node ID is not set. Setting it to the OmStorage's OmID: e0c09580-2473-4a2b-984c-daa54f37f9d8
2019-07-14 08:43:36,026 INFO  om.OzoneManager (OzoneManager.java:loadOMHAConfigs(587)) - Found matching OM address with OMServiceId: null, OMNodeId: null, RPC Address: localhost:0 and Ratis port: 9872
2019-07-14 08:43:36,284 WARN  server.ServerUtils (ServerUtils.java:getDBPath(222)) - ozone.om.db.dirs is not configured. We recommend adding this setting. Falling back to ozone.metadata.dirs instead.
2019-07-14 08:43:36,296 INFO  db.DBStoreBuilder (DBStoreBuilder.java:addTable(110)) - using custom profile for table: userTable
2019-07-14 08:43:36,297 INFO  db.DBStoreBuilder (DBStoreBuilder.java:processTables(161)) - Using default column profile:DBProfile.DISK for Table:userTable
2019-07-14 08:43:36,297 INFO  db.DBStoreBuilder (DBStoreBuilder.java:addTable(110)) - using custom profile for table: volumeTable
2019-07-14 08:43:36,297 INFO  db.DBStoreBuilder (DBStoreBuilder.java:processTables(161)) - Using default column profile:DBProfile.DISK for Table:volumeTable
2019-07-14 08:43:36,298 INFO  db.DBStoreBuilder (DBStoreBuilder.java:addTable(110)) - using custom profile for table: bucketTable
2019-07-14 08:43:36,298 INFO  db.DBStoreBuilder (DBStoreBuilder.java:processTables(161)) - Using default column profile:DBProfile.DISK for Table:bucketTable
2019-07-14 08:43:36,299 INFO  db.DBStoreBuilder (DBStoreBuilder.java:addTable(110)) - using custom profile for table: keyTable
2019-07-14 08:43:36,299 INFO  db.DBStoreBuilder (DBStoreBuilder.java:processTables(161)) - Using default column profile:DBProfile.DISK for Table:keyTable
2019-07-14 08:43:36,300 INFO  db.DBStoreBuilder (DBStoreBuilder.java:addTable(110)) - using custom profile for table: deletedTable
2019-07-14 08:43:36,300 INFO  db.DBStoreBuilder (DBStoreBuilder.java:processTables(161)) - Using default column profile:DBProfile.DISK for Table:deletedTable
2019-07-14 08:43:36,300 INFO  db.DBStoreBuilder (DBStoreBuilder.java:addTable(110)) - using custom profile for table: openKeyTable
2019-07-14 08:43:36,301 INFO  db.DBStoreBuilder (DBStoreBuilder.java:processTables(161)) - Using default column profile:DBProfile.DISK for Table:openKeyTable
2019-07-14 08:43:36,301 INFO  db.DBStoreBuilder (DBStoreBuilder.java:addTable(110)) - using custom profile for table: s3Table
2019-07-14 08:43:36,301 INFO  db.DBStoreBuilder (DBStoreBuilder.java:processTables(161)) - Using default column profile:DBProfile.DISK for Table:s3Table
2019-07-14 08:43:36,302 INFO  db.DBStoreBuilder (DBStoreBuilder.java:addTable(110)) - using custom profile for table: multipartInfoTable
2019-07-14 08:43:36,302 INFO  db.DBStoreBuilder (DBStoreBuilder.java:processTables(161)) - Using default column profile:DBProfile.DISK for Table:multipartInfoTable
2019-07-14 08:43:36,303 INFO  db.DBStoreBuilder (DBStoreBuilder.java:addTable(110)) - using custom profile for table: dTokenTable
2019-07-14 08:43:36,303 INFO  db.DBStoreBuilder (DBStoreBuilder.java:processTables(161)) - Using default column profile:DBProfile.DISK for Table:dTokenTable
2019-07-14 08:43:36,303 INFO  db.DBStoreBuilder (DBStoreBuilder.java:addTable(110)) - using custom profile for table: s3SecretTable
2019-07-14 08:43:36,304 INFO  db.DBStoreBuilder (DBStoreBuilder.java:processTables(161)) - Using default column profile:DBProfile.DISK for Table:s3SecretTable
2019-07-14 08:43:36,304 INFO  db.DBStoreBuilder (DBStoreBuilder.java:addTable(110)) - using custom profile for table: prefixTable
2019-07-14 08:43:36,304 INFO  db.DBStoreBuilder (DBStoreBuilder.java:processTables(161)) - Using default column profile:DBProfile.DISK for Table:prefixTable
2019-07-14 08:43:36,305 INFO  db.DBStoreBuilder (DBStoreBuilder.java:addTable(110)) - using custom profile for table: default
2019-07-14 08:43:36,305 INFO  db.DBStoreBuilder (DBStoreBuilder.java:processTables(167)) - Using default column profile:DBProfile.DISK for Table:default
2019-07-14 08:43:36,305 INFO  db.DBStoreBuilder (DBStoreBuilder.java:getDbProfile(198)) - Using default options. DBProfile.DISK
2019-07-14 08:43:37,044 INFO  ipc.CallQueueManager (CallQueueManager.java:<init>(84)) - Using callQueue: class java.util.concurrent.LinkedBlockingQueue, queueCapacity: 2000, scheduler: class org.apache.hadoop.ipc.DefaultRpcScheduler, ipcBackoff: false.
2019-07-14 08:43:37,046 INFO  ipc.Server (Server.java:run(1074)) - Starting Socket Reader #1 for port 46487
2019-07-14 08:43:37,075 WARN  server.ServerUtils (ServerUtils.java:getDBPath(222)) - ozone.om.db.dirs is not configured. We recommend adding this setting. Falling back to ozone.metadata.dirs instead.
2019-07-14 08:43:37,075 INFO  om.OzoneManager (OzoneManager.java:start(1228)) - OzoneManager RPC server is listening at localhost/127.0.0.1:46487
2019-07-14 08:43:37,075 INFO  impl.MetricsSystemImpl (MetricsSystemImpl.java:init(158)) - OzoneManager metrics system started (again)
2019-07-14 08:43:37,077 INFO  ipc.Server (Server.java:run(1314)) - IPC Server Responder: starting
2019-07-14 08:43:37,078 INFO  ipc.Server (Server.java:run(1153)) - IPC Server listener on 46487: starting
2019-07-14 08:43:37,090 INFO  hdfs.DFSUtil (DFSUtil.java:httpServerTemplateForNNAndJN(1641)) - Starting Web-server for ozoneManager at: http://0.0.0.0:0
2019-07-14 08:43:37,092 INFO  server.AuthenticationFilter (AuthenticationFilter.java:constructSecretProvider(240)) - Unable to initialize FileSignerSecretProvider, falling back to use random secrets.
2019-07-14 08:43:37,092 WARN  http.HttpRequestLog (HttpRequestLog.java:getRequestLog(97)) - Jetty request log can only be enabled using Log4j
2019-07-14 08:43:37,094 INFO  http.HttpServer2 (HttpServer2.java:addGlobalFilter(975)) - Added global filter 'safety' (class=org.apache.hadoop.http.HttpServer2$QuotingInputFilter)
2019-07-14 08:43:37,095 INFO  http.HttpServer2 (HttpServer2.java:addFilter(948)) - Added filter static_user_filter (class=org.apache.hadoop.http.lib.StaticUserWebFilter$StaticUserFilter) to context ozoneManager
2019-07-14 08:43:37,095 INFO  http.HttpServer2 (HttpServer2.java:addFilter(958)) - Added filter static_user_filter (class=org.apache.hadoop.http.lib.StaticUserWebFilter$StaticUserFilter) to context static
2019-07-14 08:43:37,096 INFO  http.HttpServer2 (HttpServer2.java:addFilter(958)) - Added filter static_user_filter (class=org.apache.hadoop.http.lib.StaticUserWebFilter$StaticUserFilter) to context logs
2019-07-14 08:43:37,098 INFO  http.HttpServer2 (HttpServer2.java:bindListener(1191)) - Jetty bound to port 38260
2019-07-14 08:43:37,098 INFO  server.Server (Server.java:doStart(351)) - jetty-9.3.24.v20180605, build timestamp: 2018-06-05T17:11:56Z, git hash: 84205aa28f11a4f31f2a3b86d1bba2cc8ab69827
2019-07-14 08:43:37,100 INFO  handler.ContextHandler (ContextHandler.java:doStart(781)) - Started o.e.j.s.ServletContextHandler@301d8120{/logs,file:///workdir/hadoop-ozone/integration-test/target/log,AVAILABLE}
2019-07-14 08:43:37,100 INFO  handler.ContextHandler (ContextHandler.java:doStart(781)) - Started o.e.j.s.ServletContextHandler@72458efc{/static,file:///workdir/hadoop-ozone/integration-test/target/test-classes/webapps/static,AVAILABLE}
2019-07-14 08:43:37,105 INFO  handler.ContextHandler (ContextHandler.java:doStart(781)) - Started o.e.j.w.WebAppContext@6a84bc2a{/,file:///workdir/hadoop-ozone/integration-test/target/test-classes/webapps/ozoneManager/,AVAILABLE}{/ozoneManager}
2019-07-14 08:43:37,105 INFO  server.AbstractConnector (AbstractConnector.java:doStart(278)) - Started ServerConnector@5183d589{HTTP/1.1,[http/1.1]}{0.0.0.0:38260}
2019-07-14 08:43:37,106 INFO  server.Server (Server.java:doStart(419)) - Started @3646ms
2019-07-14 08:43:37,106 INFO  server.BaseHttpServer (BaseHttpServer.java:updateConnectorAddress(207)) - HTTP server of OZONEMANAGER is listening at http://0.0.0.0:38260
2019-07-14 08:43:37,432 INFO  impl.MetricsSystemImpl (MetricsSystemImpl.java:init(158)) - HddsDatanode metrics system started (again)
2019-07-14 08:43:37,518 INFO  ozone.HddsDatanodeService (HddsDatanodeService.java:start(185)) - HddsDatanodeService host:trunk-nightly-5z2vd-27108033 ip:192.168.5.191
2019-07-14 08:43:37,547 INFO  volume.HddsVolume (HddsVolume.java:<init>(176)) - Creating Volume: /workdir/hadoop-ozone/integration-test/target/test-dir/MiniOzoneClusterImpl-df066476-45be-4ebf-89ae-60e5f5d24c1e/datanode-0/data/containers/hdds of  storage type : DISK and capacity : 52710309888
2019-07-14 08:43:37,549 INFO  volume.VolumeSet (VolumeSet.java:initializeVolumeSet(170)) - Added Volume : /workdir/hadoop-ozone/integration-test/target/test-dir/MiniOzoneClusterImpl-df066476-45be-4ebf-89ae-60e5f5d24c1e/datanode-0/data/containers/hdds to VolumeSet
2019-07-14 08:43:37,552 INFO  volume.ThrottledAsyncChecker (ThrottledAsyncChecker.java:schedule(140)) - Scheduling a check for org.apache.hadoop.ozone.container.common.volume.HddsVolume@451f87af
2019-07-14 08:43:37,571 INFO  volume.HddsVolumeChecker (HddsVolumeChecker.java:checkAllVolumes(203)) - Scheduled health check for volume org.apache.hadoop.ozone.container.common.volume.HddsVolume@451f87af
2019-07-14 08:43:37,708 INFO  impl.RaftServerProxy (ConfUtils.java:logGet(43)) - raft.rpc.type = GRPC (default)
2019-07-14 08:43:37,792 INFO  grpc.GrpcFactory (GrpcFactory.java:checkPooledByteBufAllocatorUseCacheForAllThreads(45)) - PERFORMANCE WARNING: useCacheForAllThreads is true that may cause Netty to create a lot garbage objects and, as a result, trigger GC.
	It is recommended to disable useCacheForAllThreads by setting -Dorg.apache.ratis.thirdparty.io.netty.allocator.useCacheForAllThreads=false in command line.
2019-07-14 08:43:37,798 INFO  grpc.GrpcConfigKeys$Server (ConfUtils.java:logGet(43)) - raft.grpc.server.port = 0 (default)
2019-07-14 08:43:37,799 INFO  server.GrpcService (ConfUtils.java:logGet(43)) - raft.grpc.message.size.max = 33570816 (custom)
2019-07-14 08:43:37,802 INFO  server.RaftServerConfigKeys (ConfUtils.java:logGet(43)) - raft.server.log.appender.buffer.byte-limit = 33554432 (custom)
2019-07-14 08:43:37,803 INFO  server.GrpcService (ConfUtils.java:logGet(43)) - raft.grpc.flow.control.window = 1MB (=1048576) (default)
2019-07-14 08:43:37,804 INFO  server.RaftServerConfigKeys (ConfUtils.java:logGet(43)) - raft.server.rpc.request.timeout = 3000ms (default)
2019-07-14 08:43:37,974 INFO  server.RaftServerConfigKeys (ConfUtils.java:logGet(43)) - raft.server.storage.dir = [/workdir/hadoop-ozone/integration-test/target/test-dir/MiniOzoneClusterImpl-df066476-45be-4ebf-89ae-60e5f5d24c1e/datanode-0/data/ratis] (custom)
2019-07-14 08:43:38,011 INFO  replication.SimpleContainerDownloader (SimpleContainerDownloader.java:<init>(72)) - Starting container downloader service to copy containers to replicate.
2019-07-14 08:43:38,025 INFO  hdfs.DFSUtil (DFSUtil.java:httpServerTemplateForNNAndJN(1641)) - Starting Web-server for hddsDatanode at: http://0.0.0.0:0
2019-07-14 08:43:38,027 INFO  server.AuthenticationFilter (AuthenticationFilter.java:constructSecretProvider(240)) - Unable to initialize FileSignerSecretProvider, falling back to use random secrets.
2019-07-14 08:43:38,027 WARN  http.HttpRequestLog (HttpRequestLog.java:getRequestLog(97)) - Jetty request log can only be enabled using Log4j
2019-07-14 08:43:38,029 INFO  http.HttpServer2 (HttpServer2.java:addGlobalFilter(975)) - Added global filter 'safety' (class=org.apache.hadoop.http.HttpServer2$QuotingInputFilter)
2019-07-14 08:43:38,030 INFO  http.HttpServer2 (HttpServer2.java:addFilter(948)) - Added filter static_user_filter (class=org.apache.hadoop.http.lib.StaticUserWebFilter$StaticUserFilter) to context hddsDatanode
2019-07-14 08:43:38,030 INFO  http.HttpServer2 (HttpServer2.java:addFilter(958)) - Added filter static_user_filter (class=org.apache.hadoop.http.lib.StaticUserWebFilter$StaticUserFilter) to context static
2019-07-14 08:43:38,030 INFO  http.HttpServer2 (HttpServer2.java:addFilter(958)) - Added filter static_user_filter (class=org.apache.hadoop.http.lib.StaticUserWebFilter$StaticUserFilter) to context logs
2019-07-14 08:43:38,031 INFO  http.HttpServer2 (HttpServer2.java:bindListener(1191)) - Jetty bound to port 41881
2019-07-14 08:43:38,031 INFO  server.Server (Server.java:doStart(351)) - jetty-9.3.24.v20180605, build timestamp: 2018-06-05T17:11:56Z, git hash: 84205aa28f11a4f31f2a3b86d1bba2cc8ab69827
2019-07-14 08:43:38,033 INFO  handler.ContextHandler (ContextHandler.java:doStart(781)) - Started o.e.j.s.ServletContextHandler@21c815e4{/logs,file:///workdir/hadoop-ozone/integration-test/target/log,AVAILABLE}
2019-07-14 08:43:38,034 INFO  handler.ContextHandler (ContextHandler.java:doStart(781)) - Started o.e.j.s.ServletContextHandler@2a331b46{/static,jar:file:/home/user/.m2/repository/org/apache/hadoop/hadoop-hdds-container-service/0.5.0-SNAPSHOT/hadoop-hdds-container-service-0.5.0-SNAPSHOT.jar!/webapps/static,AVAILABLE}
2019-07-14 08:43:38,066 INFO  handler.ContextHandler (ContextHandler.java:doStart(781)) - Started o.e.j.w.WebAppContext@113e13f9{/,file:///tmp/jetty-0.0.0.0-41881-hddsDatanode-_-any-2153343043920266532.dir/webapp/,AVAILABLE}{/hddsDatanode}
2019-07-14 08:43:38,066 INFO  server.AbstractConnector (AbstractConnector.java:doStart(278)) - Started ServerConnector@1c7f96b1{HTTP/1.1,[http/1.1]}{0.0.0.0:41881}
2019-07-14 08:43:38,067 INFO  server.Server (Server.java:doStart(419)) - Started @4608ms
2019-07-14 08:43:38,068 INFO  server.BaseHttpServer (BaseHttpServer.java:updateConnectorAddress(207)) - HTTP server of HDDSDATANODE is listening at http://0.0.0.0:41881
2019-07-14 08:43:39,233 INFO  ozone.HddsDatanodeService (HddsDatanodeService.java:startPlugins(396)) - Started plug-in org.apache.hadoop.ozone.web.OzoneHddsDatanodeService@5f61371d
2019-07-14 08:43:39,236 INFO  impl.MetricsSystemImpl (MetricsSystemImpl.java:init(158)) - HddsDatanode metrics system started (again)
2019-07-14 08:43:39,237 INFO  ozone.HddsDatanodeService (HddsDatanodeService.java:start(185)) - HddsDatanodeService host:trunk-nightly-5z2vd-27108033 ip:192.168.5.191
2019-07-14 08:43:39,243 INFO  util.JvmPauseMonitor (JvmPauseMonitor.java:run(188)) - Starting JVM pause monitor
2019-07-14 08:43:39,247 INFO  volume.HddsVolume (HddsVolume.java:<init>(176)) - Creating Volume: /workdir/hadoop-ozone/integration-test/target/test-dir/MiniOzoneClusterImpl-df066476-45be-4ebf-89ae-60e5f5d24c1e/datanode-1/data/containers/hdds of  storage type : DISK and capacity : 52710309888
2019-07-14 08:43:39,248 INFO  volume.VolumeSet (VolumeSet.java:initializeVolumeSet(170)) - Added Volume : /workdir/hadoop-ozone/integration-test/target/test-dir/MiniOzoneClusterImpl-df066476-45be-4ebf-89ae-60e5f5d24c1e/datanode-1/data/containers/hdds to VolumeSet
2019-07-14 08:43:39,248 INFO  volume.ThrottledAsyncChecker (ThrottledAsyncChecker.java:schedule(140)) - Scheduling a check for org.apache.hadoop.ozone.container.common.volume.HddsVolume@45292ec1
2019-07-14 08:43:39,249 INFO  volume.HddsVolumeChecker (HddsVolumeChecker.java:checkAllVolumes(203)) - Scheduled health check for volume org.apache.hadoop.ozone.container.common.volume.HddsVolume@45292ec1
2019-07-14 08:43:39,273 INFO  impl.RaftServerProxy (ConfUtils.java:logGet(43)) - raft.rpc.type = GRPC (default)
2019-07-14 08:43:39,273 INFO  grpc.GrpcFactory (GrpcFactory.java:checkPooledByteBufAllocatorUseCacheForAllThreads(45)) - PERFORMANCE WARNING: useCacheForAllThreads is true that may cause Netty to create a lot garbage objects and, as a result, trigger GC.
	It is recommended to disable useCacheForAllThreads by setting -Dorg.apache.ratis.thirdparty.io.netty.allocator.useCacheForAllThreads=false in command line.
2019-07-14 08:43:39,274 INFO  grpc.GrpcConfigKeys$Server (ConfUtils.java:logGet(43)) - raft.grpc.server.port = 0 (default)
2019-07-14 08:43:39,274 INFO  server.GrpcService (ConfUtils.java:logGet(43)) - raft.grpc.message.size.max = 33570816 (custom)
2019-07-14 08:43:39,274 INFO  server.RaftServerConfigKeys (ConfUtils.java:logGet(43)) - raft.server.log.appender.buffer.byte-limit = 33554432 (custom)
2019-07-14 08:43:39,274 INFO  server.GrpcService (ConfUtils.java:logGet(43)) - raft.grpc.flow.control.window = 1MB (=1048576) (default)
2019-07-14 08:43:39,275 INFO  server.RaftServerConfigKeys (ConfUtils.java:logGet(43)) - raft.server.rpc.request.timeout = 3000ms (default)
2019-07-14 08:43:39,275 INFO  server.RaftServerConfigKeys (ConfUtils.java:logGet(43)) - raft.server.storage.dir = [/workdir/hadoop-ozone/integration-test/target/test-dir/MiniOzoneClusterImpl-df066476-45be-4ebf-89ae-60e5f5d24c1e/datanode-1/data/ratis] (custom)
2019-07-14 08:43:39,276 INFO  replication.SimpleContainerDownloader (SimpleContainerDownloader.java:<init>(72)) - Starting container downloader service to copy containers to replicate.
2019-07-14 08:43:39,278 INFO  hdfs.DFSUtil (DFSUtil.java:httpServerTemplateForNNAndJN(1641)) - Starting Web-server for hddsDatanode at: http://0.0.0.0:0
2019-07-14 08:43:39,282 INFO  server.AuthenticationFilter (AuthenticationFilter.java:constructSecretProvider(240)) - Unable to initialize FileSignerSecretProvider, falling back to use random secrets.
2019-07-14 08:43:39,283 WARN  http.HttpRequestLog (HttpRequestLog.java:getRequestLog(97)) - Jetty request log can only be enabled using Log4j
2019-07-14 08:43:39,285 INFO  http.HttpServer2 (HttpServer2.java:addGlobalFilter(975)) - Added global filter 'safety' (class=org.apache.hadoop.http.HttpServer2$QuotingInputFilter)
2019-07-14 08:43:39,286 INFO  http.HttpServer2 (HttpServer2.java:addFilter(948)) - Added filter static_user_filter (class=org.apache.hadoop.http.lib.StaticUserWebFilter$StaticUserFilter) to context hddsDatanode
2019-07-14 08:43:39,286 INFO  http.HttpServer2 (HttpServer2.java:addFilter(958)) - Added filter static_user_filter (class=org.apache.hadoop.http.lib.StaticUserWebFilter$StaticUserFilter) to context logs
2019-07-14 08:43:39,286 INFO  http.HttpServer2 (HttpServer2.java:addFilter(958)) - Added filter static_user_filter (class=org.apache.hadoop.http.lib.StaticUserWebFilter$StaticUserFilter) to context static
2019-07-14 08:43:39,287 INFO  http.HttpServer2 (HttpServer2.java:bindListener(1191)) - Jetty bound to port 40714
2019-07-14 08:43:39,288 INFO  server.Server (Server.java:doStart(351)) - jetty-9.3.24.v20180605, build timestamp: 2018-06-05T17:11:56Z, git hash: 84205aa28f11a4f31f2a3b86d1bba2cc8ab69827
2019-07-14 08:43:39,290 INFO  handler.ContextHandler (ContextHandler.java:doStart(781)) - Started o.e.j.s.ServletContextHandler@570ba13{/logs,file:///workdir/hadoop-ozone/integration-test/target/log,AVAILABLE}
2019-07-14 08:43:39,291 INFO  handler.ContextHandler (ContextHandler.java:doStart(781)) - Started o.e.j.s.ServletContextHandler@525b1b70{/static,jar:file:/home/user/.m2/repository/org/apache/hadoop/hadoop-hdds-container-service/0.5.0-SNAPSHOT/hadoop-hdds-container-service-0.5.0-SNAPSHOT.jar!/webapps/static,AVAILABLE}
2019-07-14 08:43:39,322 INFO  handler.ContextHandler (ContextHandler.java:doStart(781)) - Started o.e.j.w.WebAppContext@902fdbe{/,file:///tmp/jetty-0.0.0.0-40714-hddsDatanode-_-any-3222238803417300538.dir/webapp/,AVAILABLE}{/hddsDatanode}
2019-07-14 08:43:39,323 INFO  server.AbstractConnector (AbstractConnector.java:doStart(278)) - Started ServerConnector@796d33eb{HTTP/1.1,[http/1.1]}{0.0.0.0:40714}
2019-07-14 08:43:39,323 INFO  server.Server (Server.java:doStart(419)) - Started @5864ms
2019-07-14 08:43:39,325 INFO  server.BaseHttpServer (BaseHttpServer.java:updateConnectorAddress(207)) - HTTP server of HDDSDATANODE is listening at http://0.0.0.0:40714
2019-07-14 08:43:39,377 INFO  datanode.InitDatanodeState (InitDatanodeState.java:persistContainerDatanodeDetails(140)) - DatanodeDetails is persisted to /workdir/hadoop-ozone/integration-test/target/test-dir/MiniOzoneClusterImpl-df066476-45be-4ebf-89ae-60e5f5d24c1e/datanode-0/meta/datanode.id
2019-07-14 08:43:39,490 INFO  ozone.HddsDatanodeService (HddsDatanodeService.java:startPlugins(396)) - Started plug-in org.apache.hadoop.ozone.web.OzoneHddsDatanodeService@1e98b788
2019-07-14 08:43:39,491 INFO  impl.MetricsSystemImpl (MetricsSystemImpl.java:init(158)) - HddsDatanode metrics system started (again)
2019-07-14 08:43:39,491 INFO  ozone.HddsDatanodeService (HddsDatanodeService.java:start(185)) - HddsDatanodeService host:trunk-nightly-5z2vd-27108033 ip:192.168.5.191
2019-07-14 08:43:39,493 INFO  util.JvmPauseMonitor (JvmPauseMonitor.java:run(188)) - Starting JVM pause monitor
2019-07-14 08:43:39,502 INFO  volume.HddsVolume (HddsVolume.java:<init>(176)) - Creating Volume: /workdir/hadoop-ozone/integration-test/target/test-dir/MiniOzoneClusterImpl-df066476-45be-4ebf-89ae-60e5f5d24c1e/datanode-2/data/containers/hdds of  storage type : DISK and capacity : 52710309888
2019-07-14 08:43:39,503 INFO  volume.VolumeSet (VolumeSet.java:initializeVolumeSet(170)) - Added Volume : /workdir/hadoop-ozone/integration-test/target/test-dir/MiniOzoneClusterImpl-df066476-45be-4ebf-89ae-60e5f5d24c1e/datanode-2/data/containers/hdds to VolumeSet
2019-07-14 08:43:39,503 INFO  volume.ThrottledAsyncChecker (ThrottledAsyncChecker.java:schedule(140)) - Scheduling a check for org.apache.hadoop.ozone.container.common.volume.HddsVolume@10f477e2
2019-07-14 08:43:39,504 INFO  volume.HddsVolumeChecker (HddsVolumeChecker.java:checkAllVolumes(203)) - Scheduled health check for volume org.apache.hadoop.ozone.container.common.volume.HddsVolume@10f477e2
2019-07-14 08:43:39,505 INFO  datanode.InitDatanodeState (InitDatanodeState.java:persistContainerDatanodeDetails(140)) - DatanodeDetails is persisted to /workdir/hadoop-ozone/integration-test/target/test-dir/MiniOzoneClusterImpl-df066476-45be-4ebf-89ae-60e5f5d24c1e/datanode-1/meta/datanode.id
2019-07-14 08:43:39,519 INFO  impl.RaftServerProxy (ConfUtils.java:logGet(43)) - raft.rpc.type = GRPC (default)
2019-07-14 08:43:39,519 INFO  grpc.GrpcFactory (GrpcFactory.java:checkPooledByteBufAllocatorUseCacheForAllThreads(45)) - PERFORMANCE WARNING: useCacheForAllThreads is true that may cause Netty to create a lot garbage objects and, as a result, trigger GC.
	It is recommended to disable useCacheForAllThreads by setting -Dorg.apache.ratis.thirdparty.io.netty.allocator.useCacheForAllThreads=false in command line.
2019-07-14 08:43:39,520 INFO  grpc.GrpcConfigKeys$Server (ConfUtils.java:logGet(43)) - raft.grpc.server.port = 0 (default)
2019-07-14 08:43:39,520 INFO  server.GrpcService (ConfUtils.java:logGet(43)) - raft.grpc.message.size.max = 33570816 (custom)
2019-07-14 08:43:39,520 INFO  server.RaftServerConfigKeys (ConfUtils.java:logGet(43)) - raft.server.log.appender.buffer.byte-limit = 33554432 (custom)
2019-07-14 08:43:39,520 INFO  server.GrpcService (ConfUtils.java:logGet(43)) - raft.grpc.flow.control.window = 1MB (=1048576) (default)
2019-07-14 08:43:39,520 INFO  server.RaftServerConfigKeys (ConfUtils.java:logGet(43)) - raft.server.rpc.request.timeout = 3000ms (default)
2019-07-14 08:43:39,521 INFO  server.RaftServerConfigKeys (ConfUtils.java:logGet(43)) - raft.server.storage.dir = [/workdir/hadoop-ozone/integration-test/target/test-dir/MiniOzoneClusterImpl-df066476-45be-4ebf-89ae-60e5f5d24c1e/datanode-2/data/ratis] (custom)
2019-07-14 08:43:39,522 INFO  replication.SimpleContainerDownloader (SimpleContainerDownloader.java:<init>(72)) - Starting container downloader service to copy containers to replicate.
2019-07-14 08:43:39,523 INFO  hdfs.DFSUtil (DFSUtil.java:httpServerTemplateForNNAndJN(1641)) - Starting Web-server for hddsDatanode at: http://0.0.0.0:0
2019-07-14 08:43:39,524 INFO  server.AuthenticationFilter (AuthenticationFilter.java:constructSecretProvider(240)) - Unable to initialize FileSignerSecretProvider, falling back to use random secrets.
2019-07-14 08:43:39,525 WARN  http.HttpRequestLog (HttpRequestLog.java:getRequestLog(97)) - Jetty request log can only be enabled using Log4j
2019-07-14 08:43:39,526 INFO  http.HttpServer2 (HttpServer2.java:addGlobalFilter(975)) - Added global filter 'safety' (class=org.apache.hadoop.http.HttpServer2$QuotingInputFilter)
2019-07-14 08:43:39,527 INFO  http.HttpServer2 (HttpServer2.java:addFilter(948)) - Added filter static_user_filter (class=org.apache.hadoop.http.lib.StaticUserWebFilter$StaticUserFilter) to context hddsDatanode
2019-07-14 08:43:39,527 INFO  http.HttpServer2 (HttpServer2.java:addFilter(958)) - Added filter static_user_filter (class=org.apache.hadoop.http.lib.StaticUserWebFilter$StaticUserFilter) to context logs
2019-07-14 08:43:39,527 INFO  http.HttpServer2 (HttpServer2.java:addFilter(958)) - Added filter static_user_filter (class=org.apache.hadoop.http.lib.StaticUserWebFilter$StaticUserFilter) to context static
2019-07-14 08:43:39,528 INFO  http.HttpServer2 (HttpServer2.java:bindListener(1191)) - Jetty bound to port 40224
2019-07-14 08:43:39,528 INFO  server.Server (Server.java:doStart(351)) - jetty-9.3.24.v20180605, build timestamp: 2018-06-05T17:11:56Z, git hash: 84205aa28f11a4f31f2a3b86d1bba2cc8ab69827
2019-07-14 08:43:39,531 INFO  handler.ContextHandler (ContextHandler.java:doStart(781)) - Started o.e.j.s.ServletContextHandler@27b337bb{/logs,file:///workdir/hadoop-ozone/integration-test/target/log,AVAILABLE}
2019-07-14 08:43:39,532 INFO  handler.ContextHandler (ContextHandler.java:doStart(781)) - Started o.e.j.s.ServletContextHandler@5c18d6d4{/static,jar:file:/home/user/.m2/repository/org/apache/hadoop/hadoop-hdds-container-service/0.5.0-SNAPSHOT/hadoop-hdds-container-service-0.5.0-SNAPSHOT.jar!/webapps/static,AVAILABLE}
2019-07-14 08:43:39,560 INFO  handler.ContextHandler (ContextHandler.java:doStart(781)) - Started o.e.j.w.WebAppContext@1ab14636{/,file:///tmp/jetty-0.0.0.0-40224-hddsDatanode-_-any-6589433319159878642.dir/webapp/,AVAILABLE}{/hddsDatanode}
2019-07-14 08:43:39,561 INFO  server.AbstractConnector (AbstractConnector.java:doStart(278)) - Started ServerConnector@16b3c905{HTTP/1.1,[http/1.1]}{0.0.0.0:40224}
2019-07-14 08:43:39,562 INFO  server.Server (Server.java:doStart(419)) - Started @6102ms
2019-07-14 08:43:39,563 INFO  server.BaseHttpServer (BaseHttpServer.java:updateConnectorAddress(207)) - HTTP server of HDDSDATANODE is listening at http://0.0.0.0:40224
2019-07-14 08:43:39,686 INFO  ozone.HddsDatanodeService (HddsDatanodeService.java:startPlugins(396)) - Started plug-in org.apache.hadoop.ozone.web.OzoneHddsDatanodeService@30922f8d
2019-07-14 08:43:39,686 INFO  impl.MetricsSystemImpl (MetricsSystemImpl.java:init(158)) - HddsDatanode metrics system started (again)
2019-07-14 08:43:39,686 INFO  ozone.HddsDatanodeService (HddsDatanodeService.java:start(185)) - HddsDatanodeService host:trunk-nightly-5z2vd-27108033 ip:192.168.5.191
2019-07-14 08:43:39,688 INFO  util.JvmPauseMonitor (JvmPauseMonitor.java:run(188)) - Starting JVM pause monitor
2019-07-14 08:43:39,691 INFO  datanode.InitDatanodeState (InitDatanodeState.java:persistContainerDatanodeDetails(140)) - DatanodeDetails is persisted to /workdir/hadoop-ozone/integration-test/target/test-dir/MiniOzoneClusterImpl-df066476-45be-4ebf-89ae-60e5f5d24c1e/datanode-2/meta/datanode.id
2019-07-14 08:43:39,694 INFO  volume.HddsVolume (HddsVolume.java:<init>(176)) - Creating Volume: /workdir/hadoop-ozone/integration-test/target/test-dir/MiniOzoneClusterImpl-df066476-45be-4ebf-89ae-60e5f5d24c1e/datanode-3/data/containers/hdds of  storage type : DISK and capacity : 52710309888
2019-07-14 08:43:39,695 INFO  volume.VolumeSet (VolumeSet.java:initializeVolumeSet(170)) - Added Volume : /workdir/hadoop-ozone/integration-test/target/test-dir/MiniOzoneClusterImpl-df066476-45be-4ebf-89ae-60e5f5d24c1e/datanode-3/data/containers/hdds to VolumeSet
2019-07-14 08:43:39,695 INFO  volume.ThrottledAsyncChecker (ThrottledAsyncChecker.java:schedule(140)) - Scheduling a check for org.apache.hadoop.ozone.container.common.volume.HddsVolume@45d56062
2019-07-14 08:43:39,695 INFO  volume.HddsVolumeChecker (HddsVolumeChecker.java:checkAllVolumes(203)) - Scheduled health check for volume org.apache.hadoop.ozone.container.common.volume.HddsVolume@45d56062
2019-07-14 08:43:39,709 INFO  impl.RaftServerProxy (ConfUtils.java:logGet(43)) - raft.rpc.type = GRPC (default)
2019-07-14 08:43:39,709 INFO  grpc.GrpcFactory (GrpcFactory.java:checkPooledByteBufAllocatorUseCacheForAllThreads(45)) - PERFORMANCE WARNING: useCacheForAllThreads is true that may cause Netty to create a lot garbage objects and, as a result, trigger GC.
	It is recommended to disable useCacheForAllThreads by setting -Dorg.apache.ratis.thirdparty.io.netty.allocator.useCacheForAllThreads=false in command line.
2019-07-14 08:43:39,709 INFO  grpc.GrpcConfigKeys$Server (ConfUtils.java:logGet(43)) - raft.grpc.server.port = 0 (default)
2019-07-14 08:43:39,709 INFO  server.GrpcService (ConfUtils.java:logGet(43)) - raft.grpc.message.size.max = 33570816 (custom)
2019-07-14 08:43:39,709 INFO  server.RaftServerConfigKeys (ConfUtils.java:logGet(43)) - raft.server.log.appender.buffer.byte-limit = 33554432 (custom)
2019-07-14 08:43:39,710 INFO  server.GrpcService (ConfUtils.java:logGet(43)) - raft.grpc.flow.control.window = 1MB (=1048576) (default)
2019-07-14 08:43:39,710 INFO  server.RaftServerConfigKeys (ConfUtils.java:logGet(43)) - raft.server.rpc.request.timeout = 3000ms (default)
2019-07-14 08:43:39,710 INFO  server.RaftServerConfigKeys (ConfUtils.java:logGet(43)) - raft.server.storage.dir = [/workdir/hadoop-ozone/integration-test/target/test-dir/MiniOzoneClusterImpl-df066476-45be-4ebf-89ae-60e5f5d24c1e/datanode-3/data/ratis] (custom)
2019-07-14 08:43:39,711 INFO  replication.SimpleContainerDownloader (SimpleContainerDownloader.java:<init>(72)) - Starting container downloader service to copy containers to replicate.
2019-07-14 08:43:39,712 INFO  hdfs.DFSUtil (DFSUtil.java:httpServerTemplateForNNAndJN(1641)) - Starting Web-server for hddsDatanode at: http://0.0.0.0:0
2019-07-14 08:43:39,713 INFO  server.AuthenticationFilter (AuthenticationFilter.java:constructSecretProvider(240)) - Unable to initialize FileSignerSecretProvider, falling back to use random secrets.
2019-07-14 08:43:39,713 WARN  http.HttpRequestLog (HttpRequestLog.java:getRequestLog(97)) - Jetty request log can only be enabled using Log4j
2019-07-14 08:43:39,715 INFO  http.HttpServer2 (HttpServer2.java:addGlobalFilter(975)) - Added global filter 'safety' (class=org.apache.hadoop.http.HttpServer2$QuotingInputFilter)
2019-07-14 08:43:39,715 INFO  http.HttpServer2 (HttpServer2.java:addFilter(948)) - Added filter static_user_filter (class=org.apache.hadoop.http.lib.StaticUserWebFilter$StaticUserFilter) to context hddsDatanode
2019-07-14 08:43:39,715 INFO  http.HttpServer2 (HttpServer2.java:addFilter(958)) - Added filter static_user_filter (class=org.apache.hadoop.http.lib.StaticUserWebFilter$StaticUserFilter) to context static
2019-07-14 08:43:39,716 INFO  http.HttpServer2 (HttpServer2.java:addFilter(958)) - Added filter static_user_filter (class=org.apache.hadoop.http.lib.StaticUserWebFilter$StaticUserFilter) to context logs
2019-07-14 08:43:39,716 INFO  http.HttpServer2 (HttpServer2.java:bindListener(1191)) - Jetty bound to port 42859
2019-07-14 08:43:39,716 INFO  server.Server (Server.java:doStart(351)) - jetty-9.3.24.v20180605, build timestamp: 2018-06-05T17:11:56Z, git hash: 84205aa28f11a4f31f2a3b86d1bba2cc8ab69827
2019-07-14 08:43:39,718 INFO  handler.ContextHandler (ContextHandler.java:doStart(781)) - Started o.e.j.s.ServletContextHandler@4f081b5d{/logs,file:///workdir/hadoop-ozone/integration-test/target/log,AVAILABLE}
2019-07-14 08:43:39,719 INFO  handler.ContextHandler (ContextHandler.java:doStart(781)) - Started o.e.j.s.ServletContextHandler@740a0d5e{/static,jar:file:/home/user/.m2/repository/org/apache/hadoop/hadoop-hdds-container-service/0.5.0-SNAPSHOT/hadoop-hdds-container-service-0.5.0-SNAPSHOT.jar!/webapps/static,AVAILABLE}
2019-07-14 08:43:39,746 INFO  handler.ContextHandler (ContextHandler.java:doStart(781)) - Started o.e.j.w.WebAppContext@4ae2e781{/,file:///tmp/jetty-0.0.0.0-42859-hddsDatanode-_-any-1802028876300709688.dir/webapp/,AVAILABLE}{/hddsDatanode}
2019-07-14 08:43:39,746 INFO  server.AbstractConnector (AbstractConnector.java:doStart(278)) - Started ServerConnector@339f3a55{HTTP/1.1,[http/1.1]}{0.0.0.0:42859}
2019-07-14 08:43:39,747 INFO  server.Server (Server.java:doStart(419)) - Started @6287ms
2019-07-14 08:43:39,749 INFO  server.BaseHttpServer (BaseHttpServer.java:updateConnectorAddress(207)) - HTTP server of HDDSDATANODE is listening at http://0.0.0.0:42859
2019-07-14 08:43:39,919 INFO  ozone.HddsDatanodeService (HddsDatanodeService.java:startPlugins(396)) - Started plug-in org.apache.hadoop.ozone.web.OzoneHddsDatanodeService@15605d83
2019-07-14 08:43:39,919 INFO  impl.MetricsSystemImpl (MetricsSystemImpl.java:init(158)) - HddsDatanode metrics system started (again)
2019-07-14 08:43:39,920 INFO  ozone.HddsDatanodeService (HddsDatanodeService.java:start(185)) - HddsDatanodeService host:trunk-nightly-5z2vd-27108033 ip:192.168.5.191
2019-07-14 08:43:39,922 INFO  util.JvmPauseMonitor (JvmPauseMonitor.java:run(188)) - Starting JVM pause monitor
2019-07-14 08:43:39,925 INFO  datanode.InitDatanodeState (InitDatanodeState.java:persistContainerDatanodeDetails(140)) - DatanodeDetails is persisted to /workdir/hadoop-ozone/integration-test/target/test-dir/MiniOzoneClusterImpl-df066476-45be-4ebf-89ae-60e5f5d24c1e/datanode-3/meta/datanode.id
2019-07-14 08:43:39,929 INFO  volume.HddsVolume (HddsVolume.java:<init>(176)) - Creating Volume: /workdir/hadoop-ozone/integration-test/target/test-dir/MiniOzoneClusterImpl-df066476-45be-4ebf-89ae-60e5f5d24c1e/datanode-4/data/containers/hdds of  storage type : DISK and capacity : 52710309888
2019-07-14 08:43:39,930 INFO  volume.VolumeSet (VolumeSet.java:initializeVolumeSet(170)) - Added Volume : /workdir/hadoop-ozone/integration-test/target/test-dir/MiniOzoneClusterImpl-df066476-45be-4ebf-89ae-60e5f5d24c1e/datanode-4/data/containers/hdds to VolumeSet
2019-07-14 08:43:39,930 INFO  volume.ThrottledAsyncChecker (ThrottledAsyncChecker.java:schedule(140)) - Scheduling a check for org.apache.hadoop.ozone.container.common.volume.HddsVolume@6da54910
2019-07-14 08:43:39,930 INFO  volume.HddsVolumeChecker (HddsVolumeChecker.java:checkAllVolumes(203)) - Scheduled health check for volume org.apache.hadoop.ozone.container.common.volume.HddsVolume@6da54910
2019-07-14 08:43:39,945 INFO  impl.RaftServerProxy (ConfUtils.java:logGet(43)) - raft.rpc.type = GRPC (default)
2019-07-14 08:43:39,945 INFO  grpc.GrpcFactory (GrpcFactory.java:checkPooledByteBufAllocatorUseCacheForAllThreads(45)) - PERFORMANCE WARNING: useCacheForAllThreads is true that may cause Netty to create a lot garbage objects and, as a result, trigger GC.
	It is recommended to disable useCacheForAllThreads by setting -Dorg.apache.ratis.thirdparty.io.netty.allocator.useCacheForAllThreads=false in command line.
2019-07-14 08:43:39,945 INFO  grpc.GrpcConfigKeys$Server (ConfUtils.java:logGet(43)) - raft.grpc.server.port = 0 (default)
2019-07-14 08:43:39,945 INFO  server.GrpcService (ConfUtils.java:logGet(43)) - raft.grpc.message.size.max = 33570816 (custom)
2019-07-14 08:43:39,945 INFO  server.RaftServerConfigKeys (ConfUtils.java:logGet(43)) - raft.server.log.appender.buffer.byte-limit = 33554432 (custom)
2019-07-14 08:43:39,946 INFO  server.GrpcService (ConfUtils.java:logGet(43)) - raft.grpc.flow.control.window = 1MB (=1048576) (default)
2019-07-14 08:43:39,946 INFO  server.RaftServerConfigKeys (ConfUtils.java:logGet(43)) - raft.server.rpc.request.timeout = 3000ms (default)
2019-07-14 08:43:39,946 INFO  server.RaftServerConfigKeys (ConfUtils.java:logGet(43)) - raft.server.storage.dir = [/workdir/hadoop-ozone/integration-test/target/test-dir/MiniOzoneClusterImpl-df066476-45be-4ebf-89ae-60e5f5d24c1e/datanode-4/data/ratis] (custom)
2019-07-14 08:43:39,947 INFO  replication.SimpleContainerDownloader (SimpleContainerDownloader.java:<init>(72)) - Starting container downloader service to copy containers to replicate.
2019-07-14 08:43:39,950 INFO  hdfs.DFSUtil (DFSUtil.java:httpServerTemplateForNNAndJN(1641)) - Starting Web-server for hddsDatanode at: http://0.0.0.0:0
2019-07-14 08:43:39,952 INFO  server.AuthenticationFilter (AuthenticationFilter.java:constructSecretProvider(240)) - Unable to initialize FileSignerSecretProvider, falling back to use random secrets.
2019-07-14 08:43:39,953 WARN  http.HttpRequestLog (HttpRequestLog.java:getRequestLog(97)) - Jetty request log can only be enabled using Log4j
2019-07-14 08:43:39,956 INFO  http.HttpServer2 (HttpServer2.java:addGlobalFilter(975)) - Added global filter 'safety' (class=org.apache.hadoop.http.HttpServer2$QuotingInputFilter)
2019-07-14 08:43:39,956 INFO  http.HttpServer2 (HttpServer2.java:addFilter(948)) - Added filter static_user_filter (class=org.apache.hadoop.http.lib.StaticUserWebFilter$StaticUserFilter) to context hddsDatanode
2019-07-14 08:43:39,957 INFO  http.HttpServer2 (HttpServer2.java:addFilter(958)) - Added filter static_user_filter (class=org.apache.hadoop.http.lib.StaticUserWebFilter$StaticUserFilter) to context logs
2019-07-14 08:43:39,957 INFO  http.HttpServer2 (HttpServer2.java:addFilter(958)) - Added filter static_user_filter (class=org.apache.hadoop.http.lib.StaticUserWebFilter$StaticUserFilter) to context static
2019-07-14 08:43:39,958 INFO  http.HttpServer2 (HttpServer2.java:bindListener(1191)) - Jetty bound to port 45137
2019-07-14 08:43:39,959 INFO  server.Server (Server.java:doStart(351)) - jetty-9.3.24.v20180605, build timestamp: 2018-06-05T17:11:56Z, git hash: 84205aa28f11a4f31f2a3b86d1bba2cc8ab69827
2019-07-14 08:43:39,964 INFO  handler.ContextHandler (ContextHandler.java:doStart(781)) - Started o.e.j.s.ServletContextHandler@640d604{/logs,file:///workdir/hadoop-ozone/integration-test/target/log,AVAILABLE}
2019-07-14 08:43:39,964 INFO  handler.ContextHandler (ContextHandler.java:doStart(781)) - Started o.e.j.s.ServletContextHandler@5438fa43{/static,jar:file:/home/user/.m2/repository/org/apache/hadoop/hadoop-hdds-container-service/0.5.0-SNAPSHOT/hadoop-hdds-container-service-0.5.0-SNAPSHOT.jar!/webapps/static,AVAILABLE}
2019-07-14 08:43:40,006 INFO  handler.ContextHandler (ContextHandler.java:doStart(781)) - Started o.e.j.w.WebAppContext@de77146{/,file:///tmp/jetty-0.0.0.0-45137-hddsDatanode-_-any-6305601821906517422.dir/webapp/,AVAILABLE}{/hddsDatanode}
2019-07-14 08:43:40,008 INFO  server.AbstractConnector (AbstractConnector.java:doStart(278)) - Started ServerConnector@691567ea{HTTP/1.1,[http/1.1]}{0.0.0.0:45137}
2019-07-14 08:43:40,010 INFO  server.Server (Server.java:doStart(419)) - Started @6550ms
2019-07-14 08:43:40,011 INFO  server.BaseHttpServer (BaseHttpServer.java:updateConnectorAddress(207)) - HTTP server of HDDSDATANODE is listening at http://0.0.0.0:45137
2019-07-14 08:43:40,137 INFO  ozone.HddsDatanodeService (HddsDatanodeService.java:startPlugins(396)) - Started plug-in org.apache.hadoop.ozone.web.OzoneHddsDatanodeService@2365ea38
2019-07-14 08:43:40,137 INFO  impl.MetricsSystemImpl (MetricsSystemImpl.java:init(158)) - HddsDatanode metrics system started (again)
2019-07-14 08:43:40,137 INFO  ozone.HddsDatanodeService (HddsDatanodeService.java:start(185)) - HddsDatanodeService host:trunk-nightly-5z2vd-27108033 ip:192.168.5.191
2019-07-14 08:43:40,139 INFO  util.JvmPauseMonitor (JvmPauseMonitor.java:run(188)) - Starting JVM pause monitor
2019-07-14 08:43:40,143 INFO  datanode.InitDatanodeState (InitDatanodeState.java:persistContainerDatanodeDetails(140)) - DatanodeDetails is persisted to /workdir/hadoop-ozone/integration-test/target/test-dir/MiniOzoneClusterImpl-df066476-45be-4ebf-89ae-60e5f5d24c1e/datanode-4/meta/datanode.id
2019-07-14 08:43:40,146 INFO  volume.HddsVolume (HddsVolume.java:<init>(176)) - Creating Volume: /workdir/hadoop-ozone/integration-test/target/test-dir/MiniOzoneClusterImpl-df066476-45be-4ebf-89ae-60e5f5d24c1e/datanode-5/data/containers/hdds of  storage type : DISK and capacity : 52710309888
2019-07-14 08:43:40,146 INFO  volume.VolumeSet (VolumeSet.java:initializeVolumeSet(170)) - Added Volume : /workdir/hadoop-ozone/integration-test/target/test-dir/MiniOzoneClusterImpl-df066476-45be-4ebf-89ae-60e5f5d24c1e/datanode-5/data/containers/hdds to VolumeSet
2019-07-14 08:43:40,146 INFO  volume.ThrottledAsyncChecker (ThrottledAsyncChecker.java:schedule(140)) - Scheduling a check for org.apache.hadoop.ozone.container.common.volume.HddsVolume@7781263c
2019-07-14 08:43:40,147 INFO  volume.HddsVolumeChecker (HddsVolumeChecker.java:checkAllVolumes(203)) - Scheduled health check for volume org.apache.hadoop.ozone.container.common.volume.HddsVolume@7781263c
2019-07-14 08:43:40,160 INFO  impl.RaftServerProxy (ConfUtils.java:logGet(43)) - raft.rpc.type = GRPC (default)
2019-07-14 08:43:40,160 INFO  grpc.GrpcFactory (GrpcFactory.java:checkPooledByteBufAllocatorUseCacheForAllThreads(45)) - PERFORMANCE WARNING: useCacheForAllThreads is true that may cause Netty to create a lot garbage objects and, as a result, trigger GC.
	It is recommended to disable useCacheForAllThreads by setting -Dorg.apache.ratis.thirdparty.io.netty.allocator.useCacheForAllThreads=false in command line.
2019-07-14 08:43:40,160 INFO  grpc.GrpcConfigKeys$Server (ConfUtils.java:logGet(43)) - raft.grpc.server.port = 0 (default)
2019-07-14 08:43:40,161 INFO  server.GrpcService (ConfUtils.java:logGet(43)) - raft.grpc.message.size.max = 33570816 (custom)
2019-07-14 08:43:40,161 INFO  server.RaftServerConfigKeys (ConfUtils.java:logGet(43)) - raft.server.log.appender.buffer.byte-limit = 33554432 (custom)
2019-07-14 08:43:40,161 INFO  server.GrpcService (ConfUtils.java:logGet(43)) - raft.grpc.flow.control.window = 1MB (=1048576) (default)
2019-07-14 08:43:40,161 INFO  server.RaftServerConfigKeys (ConfUtils.java:logGet(43)) - raft.server.rpc.request.timeout = 3000ms (default)
2019-07-14 08:43:40,162 INFO  server.RaftServerConfigKeys (ConfUtils.java:logGet(43)) - raft.server.storage.dir = [/workdir/hadoop-ozone/integration-test/target/test-dir/MiniOzoneClusterImpl-df066476-45be-4ebf-89ae-60e5f5d24c1e/datanode-5/data/ratis] (custom)
2019-07-14 08:43:40,162 INFO  replication.SimpleContainerDownloader (SimpleContainerDownloader.java:<init>(72)) - Starting container downloader service to copy containers to replicate.
2019-07-14 08:43:40,163 INFO  hdfs.DFSUtil (DFSUtil.java:httpServerTemplateForNNAndJN(1641)) - Starting Web-server for hddsDatanode at: http://0.0.0.0:0
2019-07-14 08:43:40,164 INFO  server.AuthenticationFilter (AuthenticationFilter.java:constructSecretProvider(240)) - Unable to initialize FileSignerSecretProvider, falling back to use random secrets.
2019-07-14 08:43:40,165 WARN  http.HttpRequestLog (HttpRequestLog.java:getRequestLog(97)) - Jetty request log can only be enabled using Log4j
2019-07-14 08:43:40,166 INFO  http.HttpServer2 (HttpServer2.java:addGlobalFilter(975)) - Added global filter 'safety' (class=org.apache.hadoop.http.HttpServer2$QuotingInputFilter)
2019-07-14 08:43:40,167 INFO  http.HttpServer2 (HttpServer2.java:addFilter(948)) - Added filter static_user_filter (class=org.apache.hadoop.http.lib.StaticUserWebFilter$StaticUserFilter) to context hddsDatanode
2019-07-14 08:43:40,167 INFO  http.HttpServer2 (HttpServer2.java:addFilter(958)) - Added filter static_user_filter (class=org.apache.hadoop.http.lib.StaticUserWebFilter$StaticUserFilter) to context logs
2019-07-14 08:43:40,167 INFO  http.HttpServer2 (HttpServer2.java:addFilter(958)) - Added filter static_user_filter (class=org.apache.hadoop.http.lib.StaticUserWebFilter$StaticUserFilter) to context static
2019-07-14 08:43:40,167 INFO  http.HttpServer2 (HttpServer2.java:bindListener(1191)) - Jetty bound to port 45032
2019-07-14 08:43:40,168 INFO  server.Server (Server.java:doStart(351)) - jetty-9.3.24.v20180605, build timestamp: 2018-06-05T17:11:56Z, git hash: 84205aa28f11a4f31f2a3b86d1bba2cc8ab69827
2019-07-14 08:43:40,170 INFO  handler.ContextHandler (ContextHandler.java:doStart(781)) - Started o.e.j.s.ServletContextHandler@325162e9{/logs,file:///workdir/hadoop-ozone/integration-test/target/log,AVAILABLE}
2019-07-14 08:43:40,170 INFO  handler.ContextHandler (ContextHandler.java:doStart(781)) - Started o.e.j.s.ServletContextHandler@5c448ef{/static,jar:file:/home/user/.m2/repository/org/apache/hadoop/hadoop-hdds-container-service/0.5.0-SNAPSHOT/hadoop-hdds-container-service-0.5.0-SNAPSHOT.jar!/webapps/static,AVAILABLE}
2019-07-14 08:43:40,210 INFO  handler.ContextHandler (ContextHandler.java:doStart(781)) - Started o.e.j.w.WebAppContext@377dfb8d{/,file:///tmp/jetty-0.0.0.0-45032-hddsDatanode-_-any-8689121580631678368.dir/webapp/,AVAILABLE}{/hddsDatanode}
2019-07-14 08:43:40,211 INFO  server.AbstractConnector (AbstractConnector.java:doStart(278)) - Started ServerConnector@42a0786f{HTTP/1.1,[http/1.1]}{0.0.0.0:45032}
2019-07-14 08:43:40,211 INFO  server.Server (Server.java:doStart(419)) - Started @6752ms
2019-07-14 08:43:40,212 INFO  server.BaseHttpServer (BaseHttpServer.java:updateConnectorAddress(207)) - HTTP server of HDDSDATANODE is listening at http://0.0.0.0:45032
2019-07-14 08:43:40,332 INFO  ozone.HddsDatanodeService (HddsDatanodeService.java:startPlugins(396)) - Started plug-in org.apache.hadoop.ozone.web.OzoneHddsDatanodeService@165614f5
2019-07-14 08:43:40,332 INFO  impl.MetricsSystemImpl (MetricsSystemImpl.java:init(158)) - HddsDatanode metrics system started (again)
2019-07-14 08:43:40,333 INFO  ozone.HddsDatanodeService (HddsDatanodeService.java:start(185)) - HddsDatanodeService host:trunk-nightly-5z2vd-27108033 ip:192.168.5.191
2019-07-14 08:43:40,335 INFO  util.JvmPauseMonitor (JvmPauseMonitor.java:run(188)) - Starting JVM pause monitor
2019-07-14 08:43:40,337 INFO  datanode.InitDatanodeState (InitDatanodeState.java:persistContainerDatanodeDetails(140)) - DatanodeDetails is persisted to /workdir/hadoop-ozone/integration-test/target/test-dir/MiniOzoneClusterImpl-df066476-45be-4ebf-89ae-60e5f5d24c1e/datanode-5/meta/datanode.id
2019-07-14 08:43:40,341 INFO  volume.HddsVolume (HddsVolume.java:<init>(176)) - Creating Volume: /workdir/hadoop-ozone/integration-test/target/test-dir/MiniOzoneClusterImpl-df066476-45be-4ebf-89ae-60e5f5d24c1e/datanode-6/data/containers/hdds of  storage type : DISK and capacity : 52710309888
2019-07-14 08:43:40,342 INFO  volume.VolumeSet (VolumeSet.java:initializeVolumeSet(170)) - Added Volume : /workdir/hadoop-ozone/integration-test/target/test-dir/MiniOzoneClusterImpl-df066476-45be-4ebf-89ae-60e5f5d24c1e/datanode-6/data/containers/hdds to VolumeSet
2019-07-14 08:43:40,342 INFO  volume.ThrottledAsyncChecker (ThrottledAsyncChecker.java:schedule(140)) - Scheduling a check for org.apache.hadoop.ozone.container.common.volume.HddsVolume@103c97ff
2019-07-14 08:43:40,342 INFO  volume.HddsVolumeChecker (HddsVolumeChecker.java:checkAllVolumes(203)) - Scheduled health check for volume org.apache.hadoop.ozone.container.common.volume.HddsVolume@103c97ff
2019-07-14 08:43:40,357 INFO  impl.RaftServerProxy (ConfUtils.java:logGet(43)) - raft.rpc.type = GRPC (default)
2019-07-14 08:43:40,357 INFO  grpc.GrpcFactory (GrpcFactory.java:checkPooledByteBufAllocatorUseCacheForAllThreads(45)) - PERFORMANCE WARNING: useCacheForAllThreads is true that may cause Netty to create a lot garbage objects and, as a result, trigger GC.
	It is recommended to disable useCacheForAllThreads by setting -Dorg.apache.ratis.thirdparty.io.netty.allocator.useCacheForAllThreads=false in command line.
2019-07-14 08:43:40,357 INFO  grpc.GrpcConfigKeys$Server (ConfUtils.java:logGet(43)) - raft.grpc.server.port = 0 (default)
2019-07-14 08:43:40,357 INFO  server.GrpcService (ConfUtils.java:logGet(43)) - raft.grpc.message.size.max = 33570816 (custom)
2019-07-14 08:43:40,357 INFO  server.RaftServerConfigKeys (ConfUtils.java:logGet(43)) - raft.server.log.appender.buffer.byte-limit = 33554432 (custom)
2019-07-14 08:43:40,358 INFO  server.GrpcService (ConfUtils.java:logGet(43)) - raft.grpc.flow.control.window = 1MB (=1048576) (default)
2019-07-14 08:43:40,358 INFO  server.RaftServerConfigKeys (ConfUtils.java:logGet(43)) - raft.server.rpc.request.timeout = 3000ms (default)
2019-07-14 08:43:40,358 INFO  server.RaftServerConfigKeys (ConfUtils.java:logGet(43)) - raft.server.storage.dir = [/workdir/hadoop-ozone/integration-test/target/test-dir/MiniOzoneClusterImpl-df066476-45be-4ebf-89ae-60e5f5d24c1e/datanode-6/data/ratis] (custom)
2019-07-14 08:43:40,359 INFO  replication.SimpleContainerDownloader (SimpleContainerDownloader.java:<init>(72)) - Starting container downloader service to copy containers to replicate.
2019-07-14 08:43:40,360 INFO  hdfs.DFSUtil (DFSUtil.java:httpServerTemplateForNNAndJN(1641)) - Starting Web-server for hddsDatanode at: http://0.0.0.0:0
2019-07-14 08:43:40,361 INFO  server.AuthenticationFilter (AuthenticationFilter.java:constructSecretProvider(240)) - Unable to initialize FileSignerSecretProvider, falling back to use random secrets.
2019-07-14 08:43:40,361 WARN  http.HttpRequestLog (HttpRequestLog.java:getRequestLog(97)) - Jetty request log can only be enabled using Log4j
2019-07-14 08:43:40,362 INFO  http.HttpServer2 (HttpServer2.java:addGlobalFilter(975)) - Added global filter 'safety' (class=org.apache.hadoop.http.HttpServer2$QuotingInputFilter)
2019-07-14 08:43:40,363 INFO  http.HttpServer2 (HttpServer2.java:addFilter(948)) - Added filter static_user_filter (class=org.apache.hadoop.http.lib.StaticUserWebFilter$StaticUserFilter) to context hddsDatanode
2019-07-14 08:43:40,363 INFO  http.HttpServer2 (HttpServer2.java:addFilter(958)) - Added filter static_user_filter (class=org.apache.hadoop.http.lib.StaticUserWebFilter$StaticUserFilter) to context logs
2019-07-14 08:43:40,363 INFO  http.HttpServer2 (HttpServer2.java:addFilter(958)) - Added filter static_user_filter (class=org.apache.hadoop.http.lib.StaticUserWebFilter$StaticUserFilter) to context static
2019-07-14 08:43:40,364 INFO  http.HttpServer2 (HttpServer2.java:bindListener(1191)) - Jetty bound to port 37862
2019-07-14 08:43:40,364 INFO  server.Server (Server.java:doStart(351)) - jetty-9.3.24.v20180605, build timestamp: 2018-06-05T17:11:56Z, git hash: 84205aa28f11a4f31f2a3b86d1bba2cc8ab69827
2019-07-14 08:43:40,366 INFO  handler.ContextHandler (ContextHandler.java:doStart(781)) - Started o.e.j.s.ServletContextHandler@35fa450f{/logs,file:///workdir/hadoop-ozone/integration-test/target/log,AVAILABLE}
2019-07-14 08:43:40,367 INFO  handler.ContextHandler (ContextHandler.java:doStart(781)) - Started o.e.j.s.ServletContextHandler@9b3be1c{/static,jar:file:/home/user/.m2/repository/org/apache/hadoop/hadoop-hdds-container-service/0.5.0-SNAPSHOT/hadoop-hdds-container-service-0.5.0-SNAPSHOT.jar!/webapps/static,AVAILABLE}
2019-07-14 08:43:40,394 INFO  handler.ContextHandler (ContextHandler.java:doStart(781)) - Started o.e.j.w.WebAppContext@4c7d7430{/,file:///tmp/jetty-0.0.0.0-37862-hddsDatanode-_-any-624401287120601863.dir/webapp/,AVAILABLE}{/hddsDatanode}
2019-07-14 08:43:40,394 INFO  server.AbstractConnector (AbstractConnector.java:doStart(278)) - Started ServerConnector@4ea1aa52{HTTP/1.1,[http/1.1]}{0.0.0.0:37862}
2019-07-14 08:43:40,395 INFO  server.Server (Server.java:doStart(419)) - Started @6936ms
2019-07-14 08:43:40,396 INFO  server.BaseHttpServer (BaseHttpServer.java:updateConnectorAddress(207)) - HTTP server of HDDSDATANODE is listening at http://0.0.0.0:37862
2019-07-14 08:43:40,630 INFO  ozone.HddsDatanodeService (HddsDatanodeService.java:startPlugins(396)) - Started plug-in org.apache.hadoop.ozone.web.OzoneHddsDatanodeService@da09250
2019-07-14 08:43:40,632 INFO  ozone.MiniOzoneClusterImpl (MiniOzoneClusterImpl.java:lambda$waitForClusterToBeReady$0(142)) - Waiting for cluster to be ready. Got 0 of 7 DN Heartbeats.
2019-07-14 08:43:40,633 INFO  util.JvmPauseMonitor (JvmPauseMonitor.java:run(188)) - Starting JVM pause monitor
2019-07-14 08:43:40,635 INFO  datanode.InitDatanodeState (InitDatanodeState.java:persistContainerDatanodeDetails(140)) - DatanodeDetails is persisted to /workdir/hadoop-ozone/integration-test/target/test-dir/MiniOzoneClusterImpl-df066476-45be-4ebf-89ae-60e5f5d24c1e/datanode-6/meta/datanode.id
2019-07-14 08:43:41,296 INFO  ozoneimpl.OzoneContainer (OzoneContainer.java:start(186)) - Attempting to start container services.
2019-07-14 08:43:41,297 INFO  ozoneimpl.OzoneContainer (OzoneContainer.java:startContainerScrub(160)) - Background container scrubber has been disabled by hdds.containerscrub.enabled
2019-07-14 08:43:41,297 INFO  ratis.XceiverServerRatis (XceiverServerRatis.java:start(418)) - Starting XceiverServerRatis d9b5ea88-2be1-4a6e-b0ee-cc160f5860cf at port 0
2019-07-14 08:43:41,317 INFO  impl.RaftServerProxy (RaftServerProxy.java:lambda$start$3(299)) - d9b5ea88-2be1-4a6e-b0ee-cc160f5860cf: start RPC server
2019-07-14 08:43:41,435 INFO  server.GrpcService (GrpcService.java:startImpl(149)) - d9b5ea88-2be1-4a6e-b0ee-cc160f5860cf: GrpcService started, listening on 0.0.0.0/0.0.0.0:46218
2019-07-14 08:43:41,436 INFO  ratis.XceiverServerRatis (XceiverServerRatis.java:start(428)) - XceiverServerRatis d9b5ea88-2be1-4a6e-b0ee-cc160f5860cf is started using port 46218
2019-07-14 08:43:41,439 INFO  server.XceiverServerGrpc (XceiverServerGrpc.java:start(161)) - XceiverServerGrpc d9b5ea88-2be1-4a6e-b0ee-cc160f5860cf is started using port 35441
2019-07-14 08:43:41,509 INFO  ozoneimpl.OzoneContainer (OzoneContainer.java:start(186)) - Attempting to start container services.
2019-07-14 08:43:41,511 INFO  ozoneimpl.OzoneContainer (OzoneContainer.java:startContainerScrub(160)) - Background container scrubber has been disabled by hdds.containerscrub.enabled
2019-07-14 08:43:41,511 INFO  ratis.XceiverServerRatis (XceiverServerRatis.java:start(418)) - Starting XceiverServerRatis 21afc0f0-84c2-4801-889d-34a8387a9803 at port 0
2019-07-14 08:43:41,520 INFO  impl.RaftServerProxy (RaftServerProxy.java:lambda$start$3(299)) - 21afc0f0-84c2-4801-889d-34a8387a9803: start RPC server
2019-07-14 08:43:41,524 INFO  server.GrpcService (GrpcService.java:startImpl(149)) - 21afc0f0-84c2-4801-889d-34a8387a9803: GrpcService started, listening on 0.0.0.0/0.0.0.0:34827
2019-07-14 08:43:41,524 INFO  ratis.XceiverServerRatis (XceiverServerRatis.java:start(428)) - XceiverServerRatis 21afc0f0-84c2-4801-889d-34a8387a9803 is started using port 34827
2019-07-14 08:43:41,527 INFO  server.XceiverServerGrpc (XceiverServerGrpc.java:start(161)) - XceiverServerGrpc 21afc0f0-84c2-4801-889d-34a8387a9803 is started using port 34355
2019-07-14 08:43:41,633 INFO  ozone.MiniOzoneClusterImpl (MiniOzoneClusterImpl.java:lambda$waitForClusterToBeReady$0(142)) - Waiting for cluster to be ready. Got 0 of 7 DN Heartbeats.
2019-07-14 08:43:41,697 INFO  ozoneimpl.OzoneContainer (OzoneContainer.java:start(186)) - Attempting to start container services.
2019-07-14 08:43:41,700 INFO  ozoneimpl.OzoneContainer (OzoneContainer.java:startContainerScrub(160)) - Background container scrubber has been disabled by hdds.containerscrub.enabled
2019-07-14 08:43:41,700 INFO  ratis.XceiverServerRatis (XceiverServerRatis.java:start(418)) - Starting XceiverServerRatis a1e247ec-0224-42b9-b69e-d5ba19079f20 at port 0
2019-07-14 08:43:41,710 INFO  impl.RaftServerProxy (RaftServerProxy.java:lambda$start$3(299)) - a1e247ec-0224-42b9-b69e-d5ba19079f20: start RPC server
2019-07-14 08:43:41,715 INFO  server.GrpcService (GrpcService.java:startImpl(149)) - a1e247ec-0224-42b9-b69e-d5ba19079f20: GrpcService started, listening on 0.0.0.0/0.0.0.0:39003
2019-07-14 08:43:41,715 INFO  ratis.XceiverServerRatis (XceiverServerRatis.java:start(428)) - XceiverServerRatis a1e247ec-0224-42b9-b69e-d5ba19079f20 is started using port 39003
2019-07-14 08:43:41,718 INFO  server.XceiverServerGrpc (XceiverServerGrpc.java:start(161)) - XceiverServerGrpc a1e247ec-0224-42b9-b69e-d5ba19079f20 is started using port 33541
2019-07-14 08:43:41,931 INFO  ozoneimpl.OzoneContainer (OzoneContainer.java:start(186)) - Attempting to start container services.
2019-07-14 08:43:41,934 INFO  ozoneimpl.OzoneContainer (OzoneContainer.java:startContainerScrub(160)) - Background container scrubber has been disabled by hdds.containerscrub.enabled
2019-07-14 08:43:41,934 INFO  ratis.XceiverServerRatis (XceiverServerRatis.java:start(418)) - Starting XceiverServerRatis e0e5353e-3a31-431d-9c7b-bd4d0f384111 at port 0
2019-07-14 08:43:41,944 INFO  impl.RaftServerProxy (RaftServerProxy.java:lambda$start$3(299)) - e0e5353e-3a31-431d-9c7b-bd4d0f384111: start RPC server
2019-07-14 08:43:41,948 INFO  server.GrpcService (GrpcService.java:startImpl(149)) - e0e5353e-3a31-431d-9c7b-bd4d0f384111: GrpcService started, listening on 0.0.0.0/0.0.0.0:35934
2019-07-14 08:43:41,949 INFO  ratis.XceiverServerRatis (XceiverServerRatis.java:start(428)) - XceiverServerRatis e0e5353e-3a31-431d-9c7b-bd4d0f384111 is started using port 35934
2019-07-14 08:43:41,952 INFO  server.XceiverServerGrpc (XceiverServerGrpc.java:start(161)) - XceiverServerGrpc e0e5353e-3a31-431d-9c7b-bd4d0f384111 is started using port 33669
2019-07-14 08:43:42,148 INFO  ozoneimpl.OzoneContainer (OzoneContainer.java:start(186)) - Attempting to start container services.
2019-07-14 08:43:42,151 INFO  ozoneimpl.OzoneContainer (OzoneContainer.java:startContainerScrub(160)) - Background container scrubber has been disabled by hdds.containerscrub.enabled
2019-07-14 08:43:42,151 INFO  ratis.XceiverServerRatis (XceiverServerRatis.java:start(418)) - Starting XceiverServerRatis 0968326a-d172-4e9f-aab1-bda8ee2cd464 at port 0
2019-07-14 08:43:42,162 INFO  impl.RaftServerProxy (RaftServerProxy.java:lambda$start$3(299)) - 0968326a-d172-4e9f-aab1-bda8ee2cd464: start RPC server
2019-07-14 08:43:42,166 INFO  server.GrpcService (GrpcService.java:startImpl(149)) - 0968326a-d172-4e9f-aab1-bda8ee2cd464: GrpcService started, listening on 0.0.0.0/0.0.0.0:34774
2019-07-14 08:43:42,166 INFO  ratis.XceiverServerRatis (XceiverServerRatis.java:start(428)) - XceiverServerRatis 0968326a-d172-4e9f-aab1-bda8ee2cd464 is started using port 34774
2019-07-14 08:43:42,170 INFO  server.XceiverServerGrpc (XceiverServerGrpc.java:start(161)) - XceiverServerGrpc 0968326a-d172-4e9f-aab1-bda8ee2cd464 is started using port 38718
2019-07-14 08:43:42,342 INFO  ozoneimpl.OzoneContainer (OzoneContainer.java:start(186)) - Attempting to start container services.
2019-07-14 08:43:42,345 INFO  ozoneimpl.OzoneContainer (OzoneContainer.java:startContainerScrub(160)) - Background container scrubber has been disabled by hdds.containerscrub.enabled
2019-07-14 08:43:42,346 INFO  ratis.XceiverServerRatis (XceiverServerRatis.java:start(418)) - Starting XceiverServerRatis e46a66f4-a53a-42e3-9456-baa074b0d3f9 at port 0
2019-07-14 08:43:42,357 INFO  impl.RaftServerProxy (RaftServerProxy.java:lambda$start$3(299)) - e46a66f4-a53a-42e3-9456-baa074b0d3f9: start RPC server
2019-07-14 08:43:42,363 INFO  server.GrpcService (GrpcService.java:startImpl(149)) - e46a66f4-a53a-42e3-9456-baa074b0d3f9: GrpcService started, listening on 0.0.0.0/0.0.0.0:44273
2019-07-14 08:43:42,363 INFO  ratis.XceiverServerRatis (XceiverServerRatis.java:start(428)) - XceiverServerRatis e46a66f4-a53a-42e3-9456-baa074b0d3f9 is started using port 44273
2019-07-14 08:43:42,367 INFO  server.XceiverServerGrpc (XceiverServerGrpc.java:start(161)) - XceiverServerGrpc e46a66f4-a53a-42e3-9456-baa074b0d3f9 is started using port 33705
2019-07-14 08:43:42,635 INFO  ozone.MiniOzoneClusterImpl (MiniOzoneClusterImpl.java:lambda$waitForClusterToBeReady$0(142)) - Waiting for cluster to be ready. Got 0 of 7 DN Heartbeats.
2019-07-14 08:43:42,649 INFO  ozoneimpl.OzoneContainer (OzoneContainer.java:start(186)) - Attempting to start container services.
2019-07-14 08:43:42,653 INFO  ozoneimpl.OzoneContainer (OzoneContainer.java:startContainerScrub(160)) - Background container scrubber has been disabled by hdds.containerscrub.enabled
2019-07-14 08:43:42,653 INFO  ratis.XceiverServerRatis (XceiverServerRatis.java:start(418)) - Starting XceiverServerRatis 4f06aa3a-afb6-48cc-92a7-a4a9f9d53527 at port 0
2019-07-14 08:43:42,663 INFO  impl.RaftServerProxy (RaftServerProxy.java:lambda$start$3(299)) - 4f06aa3a-afb6-48cc-92a7-a4a9f9d53527: start RPC server
2019-07-14 08:43:42,667 INFO  server.GrpcService (GrpcService.java:startImpl(149)) - 4f06aa3a-afb6-48cc-92a7-a4a9f9d53527: GrpcService started, listening on 0.0.0.0/0.0.0.0:43724
2019-07-14 08:43:42,668 INFO  ratis.XceiverServerRatis (XceiverServerRatis.java:start(428)) - XceiverServerRatis 4f06aa3a-afb6-48cc-92a7-a4a9f9d53527 is started using port 43724
2019-07-14 08:43:42,672 INFO  server.XceiverServerGrpc (XceiverServerGrpc.java:start(161)) - XceiverServerGrpc 4f06aa3a-afb6-48cc-92a7-a4a9f9d53527 is started using port 40586
2019-07-14 08:43:43,296 INFO  net.NetworkTopology (NetworkTopologyImpl.java:add(110)) - Added a new node: /default-rack/192.168.5.191
2019-07-14 08:43:43,298 INFO  node.SCMNodeManager (SCMNodeManager.java:register(269)) - Registered Data node : d9b5ea88-2be1-4a6e-b0ee-cc160f5860cf{ip: 192.168.5.191, host: trunk-nightly-5z2vd-27108033, networkLocation: /default-rack, certSerialId: null}
2019-07-14 08:43:43,305 INFO  safemode.SCMSafeModeManager (DataNodeSafeModeRule.java:process(71)) - SCM in safe mode. 1 DataNodes registered, 1 required.
2019-07-14 08:43:43,305 INFO  safemode.SCMSafeModeManager (SCMSafeModeManager.java:validateSafeModeExitRules(177)) - ScmSafeModeManager, all rules are successfully validated
2019-07-14 08:43:43,305 INFO  safemode.SCMSafeModeManager (SCMSafeModeManager.java:exitSafeMode(193)) - SCM exiting safe mode.
2019-07-14 08:43:43,498 INFO  node.SCMNodeManager (SCMNodeManager.java:register(269)) - Registered Data node : 21afc0f0-84c2-4801-889d-34a8387a9803{ip: 192.168.5.191, host: trunk-nightly-5z2vd-27108033, networkLocation: /default-rack, certSerialId: null}
2019-07-14 08:43:43,635 INFO  ozone.MiniOzoneClusterImpl (MiniOzoneClusterImpl.java:lambda$waitForClusterToBeReady$0(142)) - Waiting for cluster to be ready. Got 2 of 7 DN Heartbeats.
2019-07-14 08:43:43,693 INFO  node.SCMNodeManager (SCMNodeManager.java:register(269)) - Registered Data node : a1e247ec-0224-42b9-b69e-d5ba19079f20{ip: 192.168.5.191, host: trunk-nightly-5z2vd-27108033, networkLocation: /default-rack, certSerialId: null}
2019-07-14 08:43:44,243 INFO  node.SCMNodeManager (SCMNodeManager.java:register(269)) - Registered Data node : e0e5353e-3a31-431d-9c7b-bd4d0f384111{ip: 192.168.5.191, host: trunk-nightly-5z2vd-27108033, networkLocation: /default-rack, certSerialId: null}
2019-07-14 08:43:44,251 INFO  node.SCMNodeManager (SCMNodeManager.java:register(269)) - Registered Data node : 0968326a-d172-4e9f-aab1-bda8ee2cd464{ip: 192.168.5.191, host: trunk-nightly-5z2vd-27108033, networkLocation: /default-rack, certSerialId: null}
2019-07-14 08:43:44,275 INFO  impl.RaftServerProxy (RaftServerProxy.java:addNew(89)) - d9b5ea88-2be1-4a6e-b0ee-cc160f5860cf: addNew group-AFA6687E3EDC:[d9b5ea88-2be1-4a6e-b0ee-cc160f5860cf:192.168.5.191:46218] returns group-AFA6687E3EDC:java.util.concurrent.CompletableFuture@5b0b1994[Not completed]
2019-07-14 08:43:44,304 INFO  impl.RaftServerImpl (RaftServerImpl.java:<init>(93)) - d9b5ea88-2be1-4a6e-b0ee-cc160f5860cf: new RaftServerImpl for group-AFA6687E3EDC:[d9b5ea88-2be1-4a6e-b0ee-cc160f5860cf:192.168.5.191:46218] with ContainerStateMachine:uninitialized
2019-07-14 08:43:44,308 INFO  server.RaftServerConfigKeys (ConfUtils.java:logGet(43)) - raft.server.rpc.timeout.min = 5s (custom)
2019-07-14 08:43:44,310 INFO  server.RaftServerConfigKeys (ConfUtils.java:logGet(43)) - raft.server.rpc.timeout.max = 5200ms (custom)
2019-07-14 08:43:44,310 INFO  server.RaftServerConfigKeys (ConfUtils.java:logGet(43)) - raft.server.rpcslowness.timeout = 120s (custom)
2019-07-14 08:43:44,311 INFO  server.RaftServerConfigKeys (ConfUtils.java:logGet(43)) - raft.server.sleep.deviation.threshold = 300 (default)
2019-07-14 08:43:44,313 INFO  server.RaftServerConfigKeys (ConfUtils.java:logGet(43)) - raft.server.log.appender.install.snapshot.enabled = false (custom)
2019-07-14 08:43:44,322 INFO  impl.RaftServerImpl (ServerState.java:<init>(105)) - d9b5ea88-2be1-4a6e-b0ee-cc160f5860cf:group-AFA6687E3EDC ConfigurationManager, init=-1: [d9b5ea88-2be1-4a6e-b0ee-cc160f5860cf:192.168.5.191:46218], old=null, confs=<EMPTY_MAP>
2019-07-14 08:43:44,323 INFO  server.RaftServerConfigKeys (ConfUtils.java:logGet(43)) - raft.server.storage.dir = [/workdir/hadoop-ozone/integration-test/target/test-dir/MiniOzoneClusterImpl-df066476-45be-4ebf-89ae-60e5f5d24c1e/datanode-0/data/ratis] (custom)
2019-07-14 08:43:44,332 INFO  storage.RaftStorageDirectory (RaftStorageDirectory.java:analyzeStorage(246)) - The storage directory /workdir/hadoop-ozone/integration-test/target/test-dir/MiniOzoneClusterImpl-df066476-45be-4ebf-89ae-60e5f5d24c1e/datanode-0/data/ratis/fc6dfe1d-1179-4d9b-aded-afa6687e3edc does not exist. Creating ...
2019-07-14 08:43:44,338 INFO  node.SCMNodeManager (SCMNodeManager.java:register(269)) - Registered Data node : e46a66f4-a53a-42e3-9456-baa074b0d3f9{ip: 192.168.5.191, host: trunk-nightly-5z2vd-27108033, networkLocation: /default-rack, certSerialId: null}
2019-07-14 08:43:44,352 INFO  storage.RaftStorageDirectory (RaftStorageDirectory.java:tryLock(328)) - Lock on /workdir/hadoop-ozone/integration-test/target/test-dir/MiniOzoneClusterImpl-df066476-45be-4ebf-89ae-60e5f5d24c1e/datanode-0/data/ratis/fc6dfe1d-1179-4d9b-aded-afa6687e3edc/in_use.lock acquired by nodename 18553@trunk-nightly-5z2vd-27108033
2019-07-14 08:43:44,359 INFO  storage.RaftStorage (RaftStorage.java:format(72)) - Storage directory /workdir/hadoop-ozone/integration-test/target/test-dir/MiniOzoneClusterImpl-df066476-45be-4ebf-89ae-60e5f5d24c1e/datanode-0/data/ratis/fc6dfe1d-1179-4d9b-aded-afa6687e3edc has been successfully formatted.
2019-07-14 08:43:44,362 INFO  ratis.ContainerStateMachine (ContainerStateMachine.java:loadSnapshot(200)) - group-AFA6687E3EDC: The snapshot info is null. Setting the last applied indexto:(t:0, i:~)
2019-07-14 08:43:44,362 INFO  server.RaftServerConfigKeys (ConfUtils.java:logGet(43)) - raft.server.leader.election.timeout = 120s (custom)
2019-07-14 08:43:44,366 INFO  server.RaftServerConfigKeys (ConfUtils.java:logGet(43)) - raft.server.log.use.memory = false (default)
2019-07-14 08:43:44,374 INFO  server.RaftServerConfigKeys (ConfUtils.java:logGet(43)) - raft.server.log.purge.gap = 1000000000 (custom)
2019-07-14 08:43:44,374 INFO  server.RaftServerConfigKeys (ConfUtils.java:logGet(43)) - raft.server.log.appender.buffer.byte-limit = 33554432 (custom)
2019-07-14 08:43:44,376 INFO  server.RaftServerConfigKeys (ConfUtils.java:logGet(43)) - raft.server.log.segment.size.max = 1048576 (custom)
2019-07-14 08:43:44,383 INFO  server.RaftServerConfigKeys (ConfUtils.java:logGet(43)) - raft.server.log.segment.cache.num.max = 2 (custom)
2019-07-14 08:43:44,390 INFO  segmented.SegmentedRaftLogWorker (SegmentedRaftLogWorker.java:<init>(172)) - new d9b5ea88-2be1-4a6e-b0ee-cc160f5860cf-SegmentedRaftLogWorker:Storage Directory /workdir/hadoop-ozone/integration-test/target/test-dir/MiniOzoneClusterImpl-df066476-45be-4ebf-89ae-60e5f5d24c1e/datanode-0/data/ratis/fc6dfe1d-1179-4d9b-aded-afa6687e3edc for RaftStorage:Storage Directory /workdir/hadoop-ozone/integration-test/target/test-dir/MiniOzoneClusterImpl-df066476-45be-4ebf-89ae-60e5f5d24c1e/datanode-0/data/ratis/fc6dfe1d-1179-4d9b-aded-afa6687e3edc
2019-07-14 08:43:44,406 INFO  server.RaftServerConfigKeys (ConfUtils.java:logGet(43)) - raft.server.log.queue.byte-limit = 2147483647 (custom)
2019-07-14 08:43:44,407 INFO  server.RaftServerConfigKeys (ConfUtils.java:logGet(43)) - raft.server.log.queue.element-limit = 1024 (custom)
2019-07-14 08:43:44,412 INFO  server.RaftServerConfigKeys (ConfUtils.java:logGet(43)) - raft.server.log.segment.size.max = 1048576 (custom)
2019-07-14 08:43:44,413 INFO  server.RaftServerConfigKeys (ConfUtils.java:logGet(43)) - raft.server.log.preallocated.size = 16384 (custom)
2019-07-14 08:43:44,413 INFO  server.RaftServerConfigKeys (ConfUtils.java:logGet(43)) - raft.server.log.write.buffer.size = 33554432 (custom)
2019-07-14 08:43:44,414 INFO  server.RaftServerConfigKeys (ConfUtils.java:logGet(43)) - raft.server.log.force.sync.num = 128 (default)
2019-07-14 08:43:44,415 INFO  server.RaftServerConfigKeys (ConfUtils.java:logGet(43)) - raft.server.log.statemachine.data.sync = true (default)
2019-07-14 08:43:44,415 INFO  server.RaftServerConfigKeys (ConfUtils.java:logGet(43)) - raft.server.log.statemachine.data.sync.timeout = 10s (default)
2019-07-14 08:43:44,416 INFO  server.RaftServerConfigKeys (ConfUtils.java:logGet(43)) - raft.server.log.statemachine.data.sync.timeout.retry = -1 (default)
2019-07-14 08:43:44,426 INFO  server.RaftServerConfigKeys (ConfUtils.java:logGet(43)) - raft.server.log.statemachine.data.caching.enabled = true (custom)
2019-07-14 08:43:44,431 INFO  segmented.SegmentedRaftLogWorker (SegmentedRaftLogWorker.java:lambda$new$0(132)) - d9b5ea88-2be1-4a6e-b0ee-cc160f5860cf-SegmentedRaftLogWorker:Storage Directory /workdir/hadoop-ozone/integration-test/target/test-dir/MiniOzoneClusterImpl-df066476-45be-4ebf-89ae-60e5f5d24c1e/datanode-0/data/ratis/fc6dfe1d-1179-4d9b-aded-afa6687e3edc: flushIndex: setUnconditionally 0 -> -1
2019-07-14 08:43:44,436 INFO  server.RaftServerConfigKeys (ConfUtils.java:logGet(43)) - raft.server.snapshot.auto.trigger.enabled = true (custom)
2019-07-14 08:43:44,436 INFO  server.RaftServerConfigKeys (ConfUtils.java:logGet(43)) - raft.server.snapshot.auto.trigger.threshold = 10000 (custom)
2019-07-14 08:43:44,437 INFO  server.RaftServerConfigKeys (ConfUtils.java:logGet(43)) - raft.server.retrycache.expirytime = 600000ms (custom)
2019-07-14 08:43:44,458 INFO  impl.RaftServerImpl (RaftServerImpl.java:start(180)) - d9b5ea88-2be1-4a6e-b0ee-cc160f5860cf: start group-AFA6687E3EDC
2019-07-14 08:43:44,459 INFO  impl.RaftServerImpl (RaftServerImpl.java:setRole(171)) - d9b5ea88-2be1-4a6e-b0ee-cc160f5860cf:group-AFA6687E3EDC changes role from null to FOLLOWER at term 0 for startAsFollower
2019-07-14 08:43:44,461 INFO  impl.RoleInfo (RoleInfo.java:updateAndGet(143)) - d9b5ea88-2be1-4a6e-b0ee-cc160f5860cf: start FollowerState
2019-07-14 08:43:44,462 INFO  util.JmxRegister (JmxRegister.java:tryRegister(44)) - Successfully registered JMX Bean with object name Ratis:service=RaftServer,group=group-AFA6687E3EDC,id=d9b5ea88-2be1-4a6e-b0ee-cc160f5860cf
2019-07-14 08:43:44,532 INFO  pipeline.PipelineStateManager (PipelineStateManager.java:addPipeline(56)) - Created pipeline Pipeline[ Id: fc6dfe1d-1179-4d9b-aded-afa6687e3edc, Nodes: d9b5ea88-2be1-4a6e-b0ee-cc160f5860cf{ip: 192.168.5.191, host: trunk-nightly-5z2vd-27108033, networkLocation: /default-rack, certSerialId: null}, Type:RATIS, Factor:ONE, State:OPEN]
2019-07-14 08:43:44,567 INFO  impl.RaftServerProxy (RaftServerProxy.java:addNew(89)) - 21afc0f0-84c2-4801-889d-34a8387a9803: addNew group-DEBA712A7AC4:[21afc0f0-84c2-4801-889d-34a8387a9803:192.168.5.191:34827] returns group-DEBA712A7AC4:java.util.concurrent.CompletableFuture@2e8f72bd[Not completed]
2019-07-14 08:43:44,628 INFO  impl.RaftServerImpl (RaftServerImpl.java:<init>(93)) - 21afc0f0-84c2-4801-889d-34a8387a9803: new RaftServerImpl for group-DEBA712A7AC4:[21afc0f0-84c2-4801-889d-34a8387a9803:192.168.5.191:34827] with ContainerStateMachine:uninitialized
2019-07-14 08:43:44,631 INFO  server.RaftServerConfigKeys (ConfUtils.java:logGet(43)) - raft.server.rpc.timeout.min = 5s (custom)
2019-07-14 08:43:44,632 INFO  server.RaftServerConfigKeys (ConfUtils.java:logGet(43)) - raft.server.rpc.timeout.max = 5200ms (custom)
2019-07-14 08:43:44,632 INFO  server.RaftServerConfigKeys (ConfUtils.java:logGet(43)) - raft.server.rpcslowness.timeout = 120s (custom)
2019-07-14 08:43:44,632 INFO  server.RaftServerConfigKeys (ConfUtils.java:logGet(43)) - raft.server.sleep.deviation.threshold = 300 (default)
2019-07-14 08:43:44,632 INFO  server.RaftServerConfigKeys (ConfUtils.java:logGet(43)) - raft.server.log.appender.install.snapshot.enabled = false (custom)
2019-07-14 08:43:44,632 INFO  impl.RaftServerImpl (ServerState.java:<init>(105)) - 21afc0f0-84c2-4801-889d-34a8387a9803:group-DEBA712A7AC4 ConfigurationManager, init=-1: [21afc0f0-84c2-4801-889d-34a8387a9803:192.168.5.191:34827], old=null, confs=<EMPTY_MAP>
2019-07-14 08:43:44,633 INFO  server.RaftServerConfigKeys (ConfUtils.java:logGet(43)) - raft.server.storage.dir = [/workdir/hadoop-ozone/integration-test/target/test-dir/MiniOzoneClusterImpl-df066476-45be-4ebf-89ae-60e5f5d24c1e/datanode-1/data/ratis] (custom)
2019-07-14 08:43:44,634 INFO  storage.RaftStorageDirectory (RaftStorageDirectory.java:analyzeStorage(246)) - The storage directory /workdir/hadoop-ozone/integration-test/target/test-dir/MiniOzoneClusterImpl-df066476-45be-4ebf-89ae-60e5f5d24c1e/datanode-1/data/ratis/96793402-3fbd-4a98-b111-deba712a7ac4 does not exist. Creating ...
2019-07-14 08:43:44,636 INFO  ozone.MiniOzoneClusterImpl (MiniOzoneClusterImpl.java:lambda$waitForClusterToBeReady$0(142)) - Waiting for cluster to be ready. Got 6 of 7 DN Heartbeats.
2019-07-14 08:43:44,637 INFO  node.SCMNodeManager (SCMNodeManager.java:register(269)) - Registered Data node : 4f06aa3a-afb6-48cc-92a7-a4a9f9d53527{ip: 192.168.5.191, host: trunk-nightly-5z2vd-27108033, networkLocation: /default-rack, certSerialId: null}
2019-07-14 08:43:44,651 INFO  storage.RaftStorageDirectory (RaftStorageDirectory.java:tryLock(328)) - Lock on /workdir/hadoop-ozone/integration-test/target/test-dir/MiniOzoneClusterImpl-df066476-45be-4ebf-89ae-60e5f5d24c1e/datanode-1/data/ratis/96793402-3fbd-4a98-b111-deba712a7ac4/in_use.lock acquired by nodename 18553@trunk-nightly-5z2vd-27108033
2019-07-14 08:43:44,665 INFO  storage.RaftStorage (RaftStorage.java:format(72)) - Storage directory /workdir/hadoop-ozone/integration-test/target/test-dir/MiniOzoneClusterImpl-df066476-45be-4ebf-89ae-60e5f5d24c1e/datanode-1/data/ratis/96793402-3fbd-4a98-b111-deba712a7ac4 has been successfully formatted.
2019-07-14 08:43:44,666 INFO  ratis.ContainerStateMachine (ContainerStateMachine.java:loadSnapshot(200)) - group-DEBA712A7AC4: The snapshot info is null. Setting the last applied indexto:(t:0, i:~)
2019-07-14 08:43:44,668 INFO  server.RaftServerConfigKeys (ConfUtils.java:logGet(43)) - raft.server.leader.election.timeout = 120s (custom)
2019-07-14 08:43:44,668 INFO  server.RaftServerConfigKeys (ConfUtils.java:logGet(43)) - raft.server.log.use.memory = false (default)
2019-07-14 08:43:44,668 INFO  server.RaftServerConfigKeys (ConfUtils.java:logGet(43)) - raft.server.log.purge.gap = 1000000000 (custom)
2019-07-14 08:43:44,668 INFO  server.RaftServerConfigKeys (ConfUtils.java:logGet(43)) - raft.server.log.appender.buffer.byte-limit = 33554432 (custom)
2019-07-14 08:43:44,669 INFO  server.RaftServerConfigKeys (ConfUtils.java:logGet(43)) - raft.server.log.segment.size.max = 1048576 (custom)
2019-07-14 08:43:44,669 INFO  server.RaftServerConfigKeys (ConfUtils.java:logGet(43)) - raft.server.log.segment.cache.num.max = 2 (custom)
2019-07-14 08:43:44,669 INFO  segmented.SegmentedRaftLogWorker (SegmentedRaftLogWorker.java:<init>(172)) - new 21afc0f0-84c2-4801-889d-34a8387a9803-SegmentedRaftLogWorker:Storage Directory /workdir/hadoop-ozone/integration-test/target/test-dir/MiniOzoneClusterImpl-df066476-45be-4ebf-89ae-60e5f5d24c1e/datanode-1/data/ratis/96793402-3fbd-4a98-b111-deba712a7ac4 for RaftStorage:Storage Directory /workdir/hadoop-ozone/integration-test/target/test-dir/MiniOzoneClusterImpl-df066476-45be-4ebf-89ae-60e5f5d24c1e/datanode-1/data/ratis/96793402-3fbd-4a98-b111-deba712a7ac4
2019-07-14 08:43:44,671 INFO  server.RaftServerConfigKeys (ConfUtils.java:logGet(43)) - raft.server.log.queue.byte-limit = 2147483647 (custom)
2019-07-14 08:43:44,671 INFO  server.RaftServerConfigKeys (ConfUtils.java:logGet(43)) - raft.server.log.queue.element-limit = 1024 (custom)
2019-07-14 08:43:44,671 INFO  server.RaftServerConfigKeys (ConfUtils.java:logGet(43)) - raft.server.log.segment.size.max = 1048576 (custom)
2019-07-14 08:43:44,671 INFO  server.RaftServerConfigKeys (ConfUtils.java:logGet(43)) - raft.server.log.preallocated.size = 16384 (custom)
2019-07-14 08:43:44,672 INFO  server.RaftServerConfigKeys (ConfUtils.java:logGet(43)) - raft.server.log.write.buffer.size = 33554432 (custom)
2019-07-14 08:43:44,672 INFO  server.RaftServerConfigKeys (ConfUtils.java:logGet(43)) - raft.server.log.force.sync.num = 128 (default)
2019-07-14 08:43:44,672 INFO  server.RaftServerConfigKeys (ConfUtils.java:logGet(43)) - raft.server.log.statemachine.data.sync = true (default)
2019-07-14 08:43:44,672 INFO  server.RaftServerConfigKeys (ConfUtils.java:logGet(43)) - raft.server.log.statemachine.data.sync.timeout = 10s (default)
2019-07-14 08:43:44,672 INFO  server.RaftServerConfigKeys (ConfUtils.java:logGet(43)) - raft.server.log.statemachine.data.sync.timeout.retry = -1 (default)
2019-07-14 08:43:44,673 INFO  server.RaftServerConfigKeys (ConfUtils.java:logGet(43)) - raft.server.log.statemachine.data.caching.enabled = true (custom)
2019-07-14 08:43:44,673 INFO  segmented.SegmentedRaftLogWorker (SegmentedRaftLogWorker.java:lambda$new$0(132)) - 21afc0f0-84c2-4801-889d-34a8387a9803-SegmentedRaftLogWorker:Storage Directory /workdir/hadoop-ozone/integration-test/target/test-dir/MiniOzoneClusterImpl-df066476-45be-4ebf-89ae-60e5f5d24c1e/datanode-1/data/ratis/96793402-3fbd-4a98-b111-deba712a7ac4: flushIndex: setUnconditionally 0 -> -1
2019-07-14 08:43:44,674 INFO  server.RaftServerConfigKeys (ConfUtils.java:logGet(43)) - raft.server.snapshot.auto.trigger.enabled = true (custom)
2019-07-14 08:43:44,674 INFO  server.RaftServerConfigKeys (ConfUtils.java:logGet(43)) - raft.server.snapshot.auto.trigger.threshold = 10000 (custom)
2019-07-14 08:43:44,674 INFO  server.RaftServerConfigKeys (ConfUtils.java:logGet(43)) - raft.server.retrycache.expirytime = 600000ms (custom)
2019-07-14 08:43:44,675 INFO  impl.RaftServerImpl (RaftServerImpl.java:start(180)) - 21afc0f0-84c2-4801-889d-34a8387a9803: start group-DEBA712A7AC4
2019-07-14 08:43:44,675 INFO  impl.RaftServerImpl (RaftServerImpl.java:setRole(171)) - 21afc0f0-84c2-4801-889d-34a8387a9803:group-DEBA712A7AC4 changes role from null to FOLLOWER at term 0 for startAsFollower
2019-07-14 08:43:44,675 INFO  impl.RoleInfo (RoleInfo.java:updateAndGet(143)) - 21afc0f0-84c2-4801-889d-34a8387a9803: start FollowerState
2019-07-14 08:43:44,677 INFO  util.JmxRegister (JmxRegister.java:tryRegister(44)) - Successfully registered JMX Bean with object name Ratis:service=RaftServer,group=group-DEBA712A7AC4,id=21afc0f0-84c2-4801-889d-34a8387a9803
2019-07-14 08:43:44,694 INFO  pipeline.PipelineStateManager (PipelineStateManager.java:addPipeline(56)) - Created pipeline Pipeline[ Id: 96793402-3fbd-4a98-b111-deba712a7ac4, Nodes: 21afc0f0-84c2-4801-889d-34a8387a9803{ip: 192.168.5.191, host: trunk-nightly-5z2vd-27108033, networkLocation: /default-rack, certSerialId: null}, Type:RATIS, Factor:ONE, State:OPEN]
2019-07-14 08:43:44,728 INFO  impl.RaftServerProxy (RaftServerProxy.java:addNew(89)) - a1e247ec-0224-42b9-b69e-d5ba19079f20: addNew group-1E3F14B60687:[a1e247ec-0224-42b9-b69e-d5ba19079f20:192.168.5.191:39003] returns group-1E3F14B60687:java.util.concurrent.CompletableFuture@6c97429e[Not completed]
2019-07-14 08:43:44,740 INFO  impl.RaftServerImpl (RaftServerImpl.java:<init>(93)) - a1e247ec-0224-42b9-b69e-d5ba19079f20: new RaftServerImpl for group-1E3F14B60687:[a1e247ec-0224-42b9-b69e-d5ba19079f20:192.168.5.191:39003] with ContainerStateMachine:uninitialized
2019-07-14 08:43:44,742 INFO  server.RaftServerConfigKeys (ConfUtils.java:logGet(43)) - raft.server.rpc.timeout.min = 5s (custom)
2019-07-14 08:43:44,743 INFO  server.RaftServerConfigKeys (ConfUtils.java:logGet(43)) - raft.server.rpc.timeout.max = 5200ms (custom)
2019-07-14 08:43:44,743 INFO  server.RaftServerConfigKeys (ConfUtils.java:logGet(43)) - raft.server.rpcslowness.timeout = 120s (custom)
2019-07-14 08:43:44,743 INFO  server.RaftServerConfigKeys (ConfUtils.java:logGet(43)) - raft.server.sleep.deviation.threshold = 300 (default)
2019-07-14 08:43:44,744 INFO  server.RaftServerConfigKeys (ConfUtils.java:logGet(43)) - raft.server.log.appender.install.snapshot.enabled = false (custom)
2019-07-14 08:43:44,744 INFO  impl.RaftServerImpl (ServerState.java:<init>(105)) - a1e247ec-0224-42b9-b69e-d5ba19079f20:group-1E3F14B60687 ConfigurationManager, init=-1: [a1e247ec-0224-42b9-b69e-d5ba19079f20:192.168.5.191:39003], old=null, confs=<EMPTY_MAP>
2019-07-14 08:43:44,744 INFO  server.RaftServerConfigKeys (ConfUtils.java:logGet(43)) - raft.server.storage.dir = [/workdir/hadoop-ozone/integration-test/target/test-dir/MiniOzoneClusterImpl-df066476-45be-4ebf-89ae-60e5f5d24c1e/datanode-2/data/ratis] (custom)
2019-07-14 08:43:44,745 INFO  storage.RaftStorageDirectory (RaftStorageDirectory.java:analyzeStorage(246)) - The storage directory /workdir/hadoop-ozone/integration-test/target/test-dir/MiniOzoneClusterImpl-df066476-45be-4ebf-89ae-60e5f5d24c1e/datanode-2/data/ratis/e363b310-1b0b-4bdb-9849-1e3f14b60687 does not exist. Creating ...
2019-07-14 08:43:44,749 INFO  storage.RaftStorageDirectory (RaftStorageDirectory.java:tryLock(328)) - Lock on /workdir/hadoop-ozone/integration-test/target/test-dir/MiniOzoneClusterImpl-df066476-45be-4ebf-89ae-60e5f5d24c1e/datanode-2/data/ratis/e363b310-1b0b-4bdb-9849-1e3f14b60687/in_use.lock acquired by nodename 18553@trunk-nightly-5z2vd-27108033
2019-07-14 08:43:44,753 INFO  storage.RaftStorage (RaftStorage.java:format(72)) - Storage directory /workdir/hadoop-ozone/integration-test/target/test-dir/MiniOzoneClusterImpl-df066476-45be-4ebf-89ae-60e5f5d24c1e/datanode-2/data/ratis/e363b310-1b0b-4bdb-9849-1e3f14b60687 has been successfully formatted.
2019-07-14 08:43:44,754 INFO  ratis.ContainerStateMachine (ContainerStateMachine.java:loadSnapshot(200)) - group-1E3F14B60687: The snapshot info is null. Setting the last applied indexto:(t:0, i:~)
2019-07-14 08:43:44,754 INFO  server.RaftServerConfigKeys (ConfUtils.java:logGet(43)) - raft.server.leader.election.timeout = 120s (custom)
2019-07-14 08:43:44,754 INFO  server.RaftServerConfigKeys (ConfUtils.java:logGet(43)) - raft.server.log.use.memory = false (default)
2019-07-14 08:43:44,755 INFO  server.RaftServerConfigKeys (ConfUtils.java:logGet(43)) - raft.server.log.purge.gap = 1000000000 (custom)
2019-07-14 08:43:44,755 INFO  server.RaftServerConfigKeys (ConfUtils.java:logGet(43)) - raft.server.log.appender.buffer.byte-limit = 33554432 (custom)
2019-07-14 08:43:44,755 INFO  server.RaftServerConfigKeys (ConfUtils.java:logGet(43)) - raft.server.log.segment.size.max = 1048576 (custom)
2019-07-14 08:43:44,756 INFO  server.RaftServerConfigKeys (ConfUtils.java:logGet(43)) - raft.server.log.segment.cache.num.max = 2 (custom)
2019-07-14 08:43:44,756 INFO  segmented.SegmentedRaftLogWorker (SegmentedRaftLogWorker.java:<init>(172)) - new a1e247ec-0224-42b9-b69e-d5ba19079f20-SegmentedRaftLogWorker:Storage Directory /workdir/hadoop-ozone/integration-test/target/test-dir/MiniOzoneClusterImpl-df066476-45be-4ebf-89ae-60e5f5d24c1e/datanode-2/data/ratis/e363b310-1b0b-4bdb-9849-1e3f14b60687 for RaftStorage:Storage Directory /workdir/hadoop-ozone/integration-test/target/test-dir/MiniOzoneClusterImpl-df066476-45be-4ebf-89ae-60e5f5d24c1e/datanode-2/data/ratis/e363b310-1b0b-4bdb-9849-1e3f14b60687
2019-07-14 08:43:44,756 INFO  server.RaftServerConfigKeys (ConfUtils.java:logGet(43)) - raft.server.log.queue.byte-limit = 2147483647 (custom)
2019-07-14 08:43:44,757 INFO  server.RaftServerConfigKeys (ConfUtils.java:logGet(43)) - raft.server.log.queue.element-limit = 1024 (custom)
2019-07-14 08:43:44,757 INFO  server.RaftServerConfigKeys (ConfUtils.java:logGet(43)) - raft.server.log.segment.size.max = 1048576 (custom)
2019-07-14 08:43:44,757 INFO  server.RaftServerConfigKeys (ConfUtils.java:logGet(43)) - raft.server.log.preallocated.size = 16384 (custom)
2019-07-14 08:43:44,758 INFO  server.RaftServerConfigKeys (ConfUtils.java:logGet(43)) - raft.server.log.write.buffer.size = 33554432 (custom)
2019-07-14 08:43:44,758 INFO  server.RaftServerConfigKeys (ConfUtils.java:logGet(43)) - raft.server.log.force.sync.num = 128 (default)
2019-07-14 08:43:44,758 INFO  server.RaftServerConfigKeys (ConfUtils.java:logGet(43)) - raft.server.log.statemachine.data.sync = true (default)
2019-07-14 08:43:44,758 INFO  server.RaftServerConfigKeys (ConfUtils.java:logGet(43)) - raft.server.log.statemachine.data.sync.timeout = 10s (default)
2019-07-14 08:43:44,759 INFO  server.RaftServerConfigKeys (ConfUtils.java:logGet(43)) - raft.server.log.statemachine.data.sync.timeout.retry = -1 (default)
2019-07-14 08:43:44,759 INFO  server.RaftServerConfigKeys (ConfUtils.java:logGet(43)) - raft.server.log.statemachine.data.caching.enabled = true (custom)
2019-07-14 08:43:44,760 INFO  segmented.SegmentedRaftLogWorker (SegmentedRaftLogWorker.java:lambda$new$0(132)) - a1e247ec-0224-42b9-b69e-d5ba19079f20-SegmentedRaftLogWorker:Storage Directory /workdir/hadoop-ozone/integration-test/target/test-dir/MiniOzoneClusterImpl-df066476-45be-4ebf-89ae-60e5f5d24c1e/datanode-2/data/ratis/e363b310-1b0b-4bdb-9849-1e3f14b60687: flushIndex: setUnconditionally 0 -> -1
2019-07-14 08:43:44,760 INFO  server.RaftServerConfigKeys (ConfUtils.java:logGet(43)) - raft.server.snapshot.auto.trigger.enabled = true (custom)
2019-07-14 08:43:44,761 INFO  server.RaftServerConfigKeys (ConfUtils.java:logGet(43)) - raft.server.snapshot.auto.trigger.threshold = 10000 (custom)
2019-07-14 08:43:44,761 INFO  server.RaftServerConfigKeys (ConfUtils.java:logGet(43)) - raft.server.retrycache.expirytime = 600000ms (custom)
2019-07-14 08:43:44,761 INFO  impl.RaftServerImpl (RaftServerImpl.java:start(180)) - a1e247ec-0224-42b9-b69e-d5ba19079f20: start group-1E3F14B60687
2019-07-14 08:43:44,762 INFO  impl.RaftServerImpl (RaftServerImpl.java:setRole(171)) - a1e247ec-0224-42b9-b69e-d5ba19079f20:group-1E3F14B60687 changes role from null to FOLLOWER at term 0 for startAsFollower
2019-07-14 08:43:44,762 INFO  impl.RoleInfo (RoleInfo.java:updateAndGet(143)) - a1e247ec-0224-42b9-b69e-d5ba19079f20: start FollowerState
2019-07-14 08:43:44,763 INFO  util.JmxRegister (JmxRegister.java:tryRegister(44)) - Successfully registered JMX Bean with object name Ratis:service=RaftServer,group=group-1E3F14B60687,id=a1e247ec-0224-42b9-b69e-d5ba19079f20
2019-07-14 08:43:44,777 INFO  pipeline.PipelineStateManager (PipelineStateManager.java:addPipeline(56)) - Created pipeline Pipeline[ Id: e363b310-1b0b-4bdb-9849-1e3f14b60687, Nodes: a1e247ec-0224-42b9-b69e-d5ba19079f20{ip: 192.168.5.191, host: trunk-nightly-5z2vd-27108033, networkLocation: /default-rack, certSerialId: null}, Type:RATIS, Factor:ONE, State:OPEN]
2019-07-14 08:43:44,802 INFO  impl.RaftServerProxy (RaftServerProxy.java:addNew(89)) - e0e5353e-3a31-431d-9c7b-bd4d0f384111: addNew group-A7D8E7A3142B:[e0e5353e-3a31-431d-9c7b-bd4d0f384111:192.168.5.191:35934] returns group-A7D8E7A3142B:java.util.concurrent.CompletableFuture@24164ad6[Not completed]
2019-07-14 08:43:44,803 INFO  impl.RaftServerImpl (RaftServerImpl.java:<init>(93)) - e0e5353e-3a31-431d-9c7b-bd4d0f384111: new RaftServerImpl for group-A7D8E7A3142B:[e0e5353e-3a31-431d-9c7b-bd4d0f384111:192.168.5.191:35934] with ContainerStateMachine:uninitialized
2019-07-14 08:43:44,805 INFO  server.RaftServerConfigKeys (ConfUtils.java:logGet(43)) - raft.server.rpc.timeout.min = 5s (custom)
2019-07-14 08:43:44,805 INFO  server.RaftServerConfigKeys (ConfUtils.java:logGet(43)) - raft.server.rpc.timeout.max = 5200ms (custom)
2019-07-14 08:43:44,806 INFO  server.RaftServerConfigKeys (ConfUtils.java:logGet(43)) - raft.server.rpcslowness.timeout = 120s (custom)
2019-07-14 08:43:44,806 INFO  server.RaftServerConfigKeys (ConfUtils.java:logGet(43)) - raft.server.sleep.deviation.threshold = 300 (default)
2019-07-14 08:43:44,806 INFO  server.RaftServerConfigKeys (ConfUtils.java:logGet(43)) - raft.server.log.appender.install.snapshot.enabled = false (custom)
2019-07-14 08:43:44,806 INFO  impl.RaftServerImpl (ServerState.java:<init>(105)) - e0e5353e-3a31-431d-9c7b-bd4d0f384111:group-A7D8E7A3142B ConfigurationManager, init=-1: [e0e5353e-3a31-431d-9c7b-bd4d0f384111:192.168.5.191:35934], old=null, confs=<EMPTY_MAP>
2019-07-14 08:43:44,806 INFO  server.RaftServerConfigKeys (ConfUtils.java:logGet(43)) - raft.server.storage.dir = [/workdir/hadoop-ozone/integration-test/target/test-dir/MiniOzoneClusterImpl-df066476-45be-4ebf-89ae-60e5f5d24c1e/datanode-3/data/ratis] (custom)
2019-07-14 08:43:44,807 INFO  storage.RaftStorageDirectory (RaftStorageDirectory.java:analyzeStorage(246)) - The storage directory /workdir/hadoop-ozone/integration-test/target/test-dir/MiniOzoneClusterImpl-df066476-45be-4ebf-89ae-60e5f5d24c1e/datanode-3/data/ratis/2e4f5483-e0ee-4156-9023-a7d8e7a3142b does not exist. Creating ...
2019-07-14 08:43:44,811 INFO  storage.RaftStorageDirectory (RaftStorageDirectory.java:tryLock(328)) - Lock on /workdir/hadoop-ozone/integration-test/target/test-dir/MiniOzoneClusterImpl-df066476-45be-4ebf-89ae-60e5f5d24c1e/datanode-3/data/ratis/2e4f5483-e0ee-4156-9023-a7d8e7a3142b/in_use.lock acquired by nodename 18553@trunk-nightly-5z2vd-27108033
2019-07-14 08:43:44,815 INFO  storage.RaftStorage (RaftStorage.java:format(72)) - Storage directory /workdir/hadoop-ozone/integration-test/target/test-dir/MiniOzoneClusterImpl-df066476-45be-4ebf-89ae-60e5f5d24c1e/datanode-3/data/ratis/2e4f5483-e0ee-4156-9023-a7d8e7a3142b has been successfully formatted.
2019-07-14 08:43:44,815 INFO  ratis.ContainerStateMachine (ContainerStateMachine.java:loadSnapshot(200)) - group-A7D8E7A3142B: The snapshot info is null. Setting the last applied indexto:(t:0, i:~)
2019-07-14 08:43:44,816 INFO  server.RaftServerConfigKeys (ConfUtils.java:logGet(43)) - raft.server.leader.election.timeout = 120s (custom)
2019-07-14 08:43:44,816 INFO  server.RaftServerConfigKeys (ConfUtils.java:logGet(43)) - raft.server.log.use.memory = false (default)
2019-07-14 08:43:44,816 INFO  server.RaftServerConfigKeys (ConfUtils.java:logGet(43)) - raft.server.log.purge.gap = 1000000000 (custom)
2019-07-14 08:43:44,816 INFO  server.RaftServerConfigKeys (ConfUtils.java:logGet(43)) - raft.server.log.appender.buffer.byte-limit = 33554432 (custom)
2019-07-14 08:43:44,816 INFO  server.RaftServerConfigKeys (ConfUtils.java:logGet(43)) - raft.server.log.segment.size.max = 1048576 (custom)
2019-07-14 08:43:44,817 INFO  server.RaftServerConfigKeys (ConfUtils.java:logGet(43)) - raft.server.log.segment.cache.num.max = 2 (custom)
2019-07-14 08:43:44,817 INFO  segmented.SegmentedRaftLogWorker (SegmentedRaftLogWorker.java:<init>(172)) - new e0e5353e-3a31-431d-9c7b-bd4d0f384111-SegmentedRaftLogWorker:Storage Directory /workdir/hadoop-ozone/integration-test/target/test-dir/MiniOzoneClusterImpl-df066476-45be-4ebf-89ae-60e5f5d24c1e/datanode-3/data/ratis/2e4f5483-e0ee-4156-9023-a7d8e7a3142b for RaftStorage:Storage Directory /workdir/hadoop-ozone/integration-test/target/test-dir/MiniOzoneClusterImpl-df066476-45be-4ebf-89ae-60e5f5d24c1e/datanode-3/data/ratis/2e4f5483-e0ee-4156-9023-a7d8e7a3142b
2019-07-14 08:43:44,817 INFO  server.RaftServerConfigKeys (ConfUtils.java:logGet(43)) - raft.server.log.queue.byte-limit = 2147483647 (custom)
2019-07-14 08:43:44,817 INFO  server.RaftServerConfigKeys (ConfUtils.java:logGet(43)) - raft.server.log.queue.element-limit = 1024 (custom)
2019-07-14 08:43:44,818 INFO  server.RaftServerConfigKeys (ConfUtils.java:logGet(43)) - raft.server.log.segment.size.max = 1048576 (custom)
2019-07-14 08:43:44,818 INFO  server.RaftServerConfigKeys (ConfUtils.java:logGet(43)) - raft.server.log.preallocated.size = 16384 (custom)
2019-07-14 08:43:44,818 INFO  server.RaftServerConfigKeys (ConfUtils.java:logGet(43)) - raft.server.log.write.buffer.size = 33554432 (custom)
2019-07-14 08:43:44,818 INFO  server.RaftServerConfigKeys (ConfUtils.java:logGet(43)) - raft.server.log.force.sync.num = 128 (default)
2019-07-14 08:43:44,818 INFO  server.RaftServerConfigKeys (ConfUtils.java:logGet(43)) - raft.server.log.statemachine.data.sync = true (default)
2019-07-14 08:43:44,819 INFO  server.RaftServerConfigKeys (ConfUtils.java:logGet(43)) - raft.server.log.statemachine.data.sync.timeout = 10s (default)
2019-07-14 08:43:44,819 INFO  server.RaftServerConfigKeys (ConfUtils.java:logGet(43)) - raft.server.log.statemachine.data.sync.timeout.retry = -1 (default)
2019-07-14 08:43:44,819 INFO  server.RaftServerConfigKeys (ConfUtils.java:logGet(43)) - raft.server.log.statemachine.data.caching.enabled = true (custom)
2019-07-14 08:43:44,820 INFO  segmented.SegmentedRaftLogWorker (SegmentedRaftLogWorker.java:lambda$new$0(132)) - e0e5353e-3a31-431d-9c7b-bd4d0f384111-SegmentedRaftLogWorker:Storage Directory /workdir/hadoop-ozone/integration-test/target/test-dir/MiniOzoneClusterImpl-df066476-45be-4ebf-89ae-60e5f5d24c1e/datanode-3/data/ratis/2e4f5483-e0ee-4156-9023-a7d8e7a3142b: flushIndex: setUnconditionally 0 -> -1
2019-07-14 08:43:44,820 INFO  server.RaftServerConfigKeys (ConfUtils.java:logGet(43)) - raft.server.snapshot.auto.trigger.enabled = true (custom)
2019-07-14 08:43:44,820 INFO  server.RaftServerConfigKeys (ConfUtils.java:logGet(43)) - raft.server.snapshot.auto.trigger.threshold = 10000 (custom)
2019-07-14 08:43:44,821 INFO  server.RaftServerConfigKeys (ConfUtils.java:logGet(43)) - raft.server.retrycache.expirytime = 600000ms (custom)
2019-07-14 08:43:44,821 INFO  impl.RaftServerImpl (RaftServerImpl.java:start(180)) - e0e5353e-3a31-431d-9c7b-bd4d0f384111: start group-A7D8E7A3142B
2019-07-14 08:43:44,821 INFO  impl.RaftServerImpl (RaftServerImpl.java:setRole(171)) - e0e5353e-3a31-431d-9c7b-bd4d0f384111:group-A7D8E7A3142B changes role from null to FOLLOWER at term 0 for startAsFollower
2019-07-14 08:43:44,821 INFO  impl.RoleInfo (RoleInfo.java:updateAndGet(143)) - e0e5353e-3a31-431d-9c7b-bd4d0f384111: start FollowerState
2019-07-14 08:43:44,822 INFO  util.JmxRegister (JmxRegister.java:tryRegister(44)) - Successfully registered JMX Bean with object name Ratis:service=RaftServer,group=group-A7D8E7A3142B,id=e0e5353e-3a31-431d-9c7b-bd4d0f384111
2019-07-14 08:43:44,835 INFO  pipeline.PipelineStateManager (PipelineStateManager.java:addPipeline(56)) - Created pipeline Pipeline[ Id: 2e4f5483-e0ee-4156-9023-a7d8e7a3142b, Nodes: e0e5353e-3a31-431d-9c7b-bd4d0f384111{ip: 192.168.5.191, host: trunk-nightly-5z2vd-27108033, networkLocation: /default-rack, certSerialId: null}, Type:RATIS, Factor:ONE, State:OPEN]
2019-07-14 08:43:44,863 INFO  impl.RaftServerProxy (RaftServerProxy.java:addNew(89)) - e46a66f4-a53a-42e3-9456-baa074b0d3f9: addNew group-BDD4F925C1D8:[e46a66f4-a53a-42e3-9456-baa074b0d3f9:192.168.5.191:44273] returns group-BDD4F925C1D8:java.util.concurrent.CompletableFuture@6602509b[Not completed]
2019-07-14 08:43:44,865 INFO  impl.RaftServerImpl (RaftServerImpl.java:<init>(93)) - e46a66f4-a53a-42e3-9456-baa074b0d3f9: new RaftServerImpl for group-BDD4F925C1D8:[e46a66f4-a53a-42e3-9456-baa074b0d3f9:192.168.5.191:44273] with ContainerStateMachine:uninitialized
2019-07-14 08:43:44,867 INFO  server.RaftServerConfigKeys (ConfUtils.java:logGet(43)) - raft.server.rpc.timeout.min = 5s (custom)
2019-07-14 08:43:44,867 INFO  server.RaftServerConfigKeys (ConfUtils.java:logGet(43)) - raft.server.rpc.timeout.max = 5200ms (custom)
2019-07-14 08:43:44,867 INFO  server.RaftServerConfigKeys (ConfUtils.java:logGet(43)) - raft.server.rpcslowness.timeout = 120s (custom)
2019-07-14 08:43:44,868 INFO  server.RaftServerConfigKeys (ConfUtils.java:logGet(43)) - raft.server.sleep.deviation.threshold = 300 (default)
2019-07-14 08:43:44,868 INFO  server.RaftServerConfigKeys (ConfUtils.java:logGet(43)) - raft.server.log.appender.install.snapshot.enabled = false (custom)
2019-07-14 08:43:44,868 INFO  impl.RaftServerImpl (ServerState.java:<init>(105)) - e46a66f4-a53a-42e3-9456-baa074b0d3f9:group-BDD4F925C1D8 ConfigurationManager, init=-1: [e46a66f4-a53a-42e3-9456-baa074b0d3f9:192.168.5.191:44273], old=null, confs=<EMPTY_MAP>
2019-07-14 08:43:44,868 INFO  server.RaftServerConfigKeys (ConfUtils.java:logGet(43)) - raft.server.storage.dir = [/workdir/hadoop-ozone/integration-test/target/test-dir/MiniOzoneClusterImpl-df066476-45be-4ebf-89ae-60e5f5d24c1e/datanode-5/data/ratis] (custom)
2019-07-14 08:43:44,869 INFO  storage.RaftStorageDirectory (RaftStorageDirectory.java:analyzeStorage(246)) - The storage directory /workdir/hadoop-ozone/integration-test/target/test-dir/MiniOzoneClusterImpl-df066476-45be-4ebf-89ae-60e5f5d24c1e/datanode-5/data/ratis/bca65909-f0d8-473f-af90-bdd4f925c1d8 does not exist. Creating ...
2019-07-14 08:43:44,875 INFO  storage.RaftStorageDirectory (RaftStorageDirectory.java:tryLock(328)) - Lock on /workdir/hadoop-ozone/integration-test/target/test-dir/MiniOzoneClusterImpl-df066476-45be-4ebf-89ae-60e5f5d24c1e/datanode-5/data/ratis/bca65909-f0d8-473f-af90-bdd4f925c1d8/in_use.lock acquired by nodename 18553@trunk-nightly-5z2vd-27108033
2019-07-14 08:43:44,880 INFO  storage.RaftStorage (RaftStorage.java:format(72)) - Storage directory /workdir/hadoop-ozone/integration-test/target/test-dir/MiniOzoneClusterImpl-df066476-45be-4ebf-89ae-60e5f5d24c1e/datanode-5/data/ratis/bca65909-f0d8-473f-af90-bdd4f925c1d8 has been successfully formatted.
2019-07-14 08:43:44,881 INFO  ratis.ContainerStateMachine (ContainerStateMachine.java:loadSnapshot(200)) - group-BDD4F925C1D8: The snapshot info is null. Setting the last applied indexto:(t:0, i:~)
2019-07-14 08:43:44,881 INFO  server.RaftServerConfigKeys (ConfUtils.java:logGet(43)) - raft.server.leader.election.timeout = 120s (custom)
2019-07-14 08:43:44,882 INFO  server.RaftServerConfigKeys (ConfUtils.java:logGet(43)) - raft.server.log.use.memory = false (default)
2019-07-14 08:43:44,882 INFO  server.RaftServerConfigKeys (ConfUtils.java:logGet(43)) - raft.server.log.purge.gap = 1000000000 (custom)
2019-07-14 08:43:44,882 INFO  server.RaftServerConfigKeys (ConfUtils.java:logGet(43)) - raft.server.log.appender.buffer.byte-limit = 33554432 (custom)
2019-07-14 08:43:44,882 INFO  server.RaftServerConfigKeys (ConfUtils.java:logGet(43)) - raft.server.log.segment.size.max = 1048576 (custom)
2019-07-14 08:43:44,883 INFO  server.RaftServerConfigKeys (ConfUtils.java:logGet(43)) - raft.server.log.segment.cache.num.max = 2 (custom)
2019-07-14 08:43:44,883 INFO  segmented.SegmentedRaftLogWorker (SegmentedRaftLogWorker.java:<init>(172)) - new e46a66f4-a53a-42e3-9456-baa074b0d3f9-SegmentedRaftLogWorker:Storage Directory /workdir/hadoop-ozone/integration-test/target/test-dir/MiniOzoneClusterImpl-df066476-45be-4ebf-89ae-60e5f5d24c1e/datanode-5/data/ratis/bca65909-f0d8-473f-af90-bdd4f925c1d8 for RaftStorage:Storage Directory /workdir/hadoop-ozone/integration-test/target/test-dir/MiniOzoneClusterImpl-df066476-45be-4ebf-89ae-60e5f5d24c1e/datanode-5/data/ratis/bca65909-f0d8-473f-af90-bdd4f925c1d8
2019-07-14 08:43:44,883 INFO  server.RaftServerConfigKeys (ConfUtils.java:logGet(43)) - raft.server.log.queue.byte-limit = 2147483647 (custom)
2019-07-14 08:43:44,884 INFO  server.RaftServerConfigKeys (ConfUtils.java:logGet(43)) - raft.server.log.queue.element-limit = 1024 (custom)
2019-07-14 08:43:44,884 INFO  server.RaftServerConfigKeys (ConfUtils.java:logGet(43)) - raft.server.log.segment.size.max = 1048576 (custom)
2019-07-14 08:43:44,885 INFO  server.RaftServerConfigKeys (ConfUtils.java:logGet(43)) - raft.server.log.preallocated.size = 16384 (custom)
2019-07-14 08:43:44,885 INFO  server.RaftServerConfigKeys (ConfUtils.java:logGet(43)) - raft.server.log.write.buffer.size = 33554432 (custom)
2019-07-14 08:43:44,885 INFO  server.RaftServerConfigKeys (ConfUtils.java:logGet(43)) - raft.server.log.force.sync.num = 128 (default)
2019-07-14 08:43:44,885 INFO  server.RaftServerConfigKeys (ConfUtils.java:logGet(43)) - raft.server.log.statemachine.data.sync = true (default)
2019-07-14 08:43:44,886 INFO  server.RaftServerConfigKeys (ConfUtils.java:logGet(43)) - raft.server.log.statemachine.data.sync.timeout = 10s (default)
2019-07-14 08:43:44,886 INFO  server.RaftServerConfigKeys (ConfUtils.java:logGet(43)) - raft.server.log.statemachine.data.sync.timeout.retry = -1 (default)
2019-07-14 08:43:44,887 INFO  server.RaftServerConfigKeys (ConfUtils.java:logGet(43)) - raft.server.log.statemachine.data.caching.enabled = true (custom)
2019-07-14 08:43:44,887 INFO  segmented.SegmentedRaftLogWorker (SegmentedRaftLogWorker.java:lambda$new$0(132)) - e46a66f4-a53a-42e3-9456-baa074b0d3f9-SegmentedRaftLogWorker:Storage Directory /workdir/hadoop-ozone/integration-test/target/test-dir/MiniOzoneClusterImpl-df066476-45be-4ebf-89ae-60e5f5d24c1e/datanode-5/data/ratis/bca65909-f0d8-473f-af90-bdd4f925c1d8: flushIndex: setUnconditionally 0 -> -1
2019-07-14 08:43:44,888 INFO  server.RaftServerConfigKeys (ConfUtils.java:logGet(43)) - raft.server.snapshot.auto.trigger.enabled = true (custom)
2019-07-14 08:43:44,888 INFO  server.RaftServerConfigKeys (ConfUtils.java:logGet(43)) - raft.server.snapshot.auto.trigger.threshold = 10000 (custom)
2019-07-14 08:43:44,888 INFO  server.RaftServerConfigKeys (ConfUtils.java:logGet(43)) - raft.server.retrycache.expirytime = 600000ms (custom)
2019-07-14 08:43:44,889 INFO  impl.RaftServerImpl (RaftServerImpl.java:start(180)) - e46a66f4-a53a-42e3-9456-baa074b0d3f9: start group-BDD4F925C1D8
2019-07-14 08:43:44,889 INFO  impl.RaftServerImpl (RaftServerImpl.java:setRole(171)) - e46a66f4-a53a-42e3-9456-baa074b0d3f9:group-BDD4F925C1D8 changes role from null to FOLLOWER at term 0 for startAsFollower
2019-07-14 08:43:44,889 INFO  impl.RoleInfo (RoleInfo.java:updateAndGet(143)) - e46a66f4-a53a-42e3-9456-baa074b0d3f9: start FollowerState
2019-07-14 08:43:44,890 INFO  util.JmxRegister (JmxRegister.java:tryRegister(44)) - Successfully registered JMX Bean with object name Ratis:service=RaftServer,group=group-BDD4F925C1D8,id=e46a66f4-a53a-42e3-9456-baa074b0d3f9
2019-07-14 08:43:44,904 INFO  pipeline.PipelineStateManager (PipelineStateManager.java:addPipeline(56)) - Created pipeline Pipeline[ Id: bca65909-f0d8-473f-af90-bdd4f925c1d8, Nodes: e46a66f4-a53a-42e3-9456-baa074b0d3f9{ip: 192.168.5.191, host: trunk-nightly-5z2vd-27108033, networkLocation: /default-rack, certSerialId: null}, Type:RATIS, Factor:ONE, State:OPEN]
2019-07-14 08:43:44,932 INFO  impl.RaftServerProxy (RaftServerProxy.java:addNew(89)) - 4f06aa3a-afb6-48cc-92a7-a4a9f9d53527: addNew group-E82E2B5936AF:[4f06aa3a-afb6-48cc-92a7-a4a9f9d53527:192.168.5.191:43724] returns group-E82E2B5936AF:java.util.concurrent.CompletableFuture@7ec3ea31[Not completed]
2019-07-14 08:43:44,934 INFO  impl.RaftServerImpl (RaftServerImpl.java:<init>(93)) - 4f06aa3a-afb6-48cc-92a7-a4a9f9d53527: new RaftServerImpl for group-E82E2B5936AF:[4f06aa3a-afb6-48cc-92a7-a4a9f9d53527:192.168.5.191:43724] with ContainerStateMachine:uninitialized
2019-07-14 08:43:44,935 INFO  server.RaftServerConfigKeys (ConfUtils.java:logGet(43)) - raft.server.rpc.timeout.min = 5s (custom)
2019-07-14 08:43:44,936 INFO  server.RaftServerConfigKeys (ConfUtils.java:logGet(43)) - raft.server.rpc.timeout.max = 5200ms (custom)
2019-07-14 08:43:44,936 INFO  server.RaftServerConfigKeys (ConfUtils.java:logGet(43)) - raft.server.rpcslowness.timeout = 120s (custom)
2019-07-14 08:43:44,936 INFO  server.RaftServerConfigKeys (ConfUtils.java:logGet(43)) - raft.server.sleep.deviation.threshold = 300 (default)
2019-07-14 08:43:44,936 INFO  server.RaftServerConfigKeys (ConfUtils.java:logGet(43)) - raft.server.log.appender.install.snapshot.enabled = false (custom)
2019-07-14 08:43:44,936 INFO  impl.RaftServerImpl (ServerState.java:<init>(105)) - 4f06aa3a-afb6-48cc-92a7-a4a9f9d53527:group-E82E2B5936AF ConfigurationManager, init=-1: [4f06aa3a-afb6-48cc-92a7-a4a9f9d53527:192.168.5.191:43724], old=null, confs=<EMPTY_MAP>
2019-07-14 08:43:44,937 INFO  server.RaftServerConfigKeys (ConfUtils.java:logGet(43)) - raft.server.storage.dir = [/workdir/hadoop-ozone/integration-test/target/test-dir/MiniOzoneClusterImpl-df066476-45be-4ebf-89ae-60e5f5d24c1e/datanode-6/data/ratis] (custom)
2019-07-14 08:43:44,937 INFO  storage.RaftStorageDirectory (RaftStorageDirectory.java:analyzeStorage(246)) - The storage directory /workdir/hadoop-ozone/integration-test/target/test-dir/MiniOzoneClusterImpl-df066476-45be-4ebf-89ae-60e5f5d24c1e/datanode-6/data/ratis/1ffc2053-55bf-430f-ad10-e82e2b5936af does not exist. Creating ...
2019-07-14 08:43:44,940 INFO  storage.RaftStorageDirectory (RaftStorageDirectory.java:tryLock(328)) - Lock on /workdir/hadoop-ozone/integration-test/target/test-dir/MiniOzoneClusterImpl-df066476-45be-4ebf-89ae-60e5f5d24c1e/datanode-6/data/ratis/1ffc2053-55bf-430f-ad10-e82e2b5936af/in_use.lock acquired by nodename 18553@trunk-nightly-5z2vd-27108033
2019-07-14 08:43:44,948 INFO  storage.RaftStorage (RaftStorage.java:format(72)) - Storage directory /workdir/hadoop-ozone/integration-test/target/test-dir/MiniOzoneClusterImpl-df066476-45be-4ebf-89ae-60e5f5d24c1e/datanode-6/data/ratis/1ffc2053-55bf-430f-ad10-e82e2b5936af has been successfully formatted.
2019-07-14 08:43:44,949 INFO  ratis.ContainerStateMachine (ContainerStateMachine.java:loadSnapshot(200)) - group-E82E2B5936AF: The snapshot info is null. Setting the last applied indexto:(t:0, i:~)
2019-07-14 08:43:44,949 INFO  server.RaftServerConfigKeys (ConfUtils.java:logGet(43)) - raft.server.leader.election.timeout = 120s (custom)
2019-07-14 08:43:44,949 INFO  server.RaftServerConfigKeys (ConfUtils.java:logGet(43)) - raft.server.log.use.memory = false (default)
2019-07-14 08:43:44,949 INFO  server.RaftServerConfigKeys (ConfUtils.java:logGet(43)) - raft.server.log.purge.gap = 1000000000 (custom)
2019-07-14 08:43:44,950 INFO  server.RaftServerConfigKeys (ConfUtils.java:logGet(43)) - raft.server.log.appender.buffer.byte-limit = 33554432 (custom)
2019-07-14 08:43:44,950 INFO  server.RaftServerConfigKeys (ConfUtils.java:logGet(43)) - raft.server.log.segment.size.max = 1048576 (custom)
2019-07-14 08:43:44,950 INFO  server.RaftServerConfigKeys (ConfUtils.java:logGet(43)) - raft.server.log.segment.cache.num.max = 2 (custom)
2019-07-14 08:43:44,950 INFO  segmented.SegmentedRaftLogWorker (SegmentedRaftLogWorker.java:<init>(172)) - new 4f06aa3a-afb6-48cc-92a7-a4a9f9d53527-SegmentedRaftLogWorker:Storage Directory /workdir/hadoop-ozone/integration-test/target/test-dir/MiniOzoneClusterImpl-df066476-45be-4ebf-89ae-60e5f5d24c1e/datanode-6/data/ratis/1ffc2053-55bf-430f-ad10-e82e2b5936af for RaftStorage:Storage Directory /workdir/hadoop-ozone/integration-test/target/test-dir/MiniOzoneClusterImpl-df066476-45be-4ebf-89ae-60e5f5d24c1e/datanode-6/data/ratis/1ffc2053-55bf-430f-ad10-e82e2b5936af
2019-07-14 08:43:44,950 INFO  server.RaftServerConfigKeys (ConfUtils.java:logGet(43)) - raft.server.log.queue.byte-limit = 2147483647 (custom)
2019-07-14 08:43:44,951 INFO  server.RaftServerConfigKeys (ConfUtils.java:logGet(43)) - raft.server.log.queue.element-limit = 1024 (custom)
2019-07-14 08:43:44,951 INFO  server.RaftServerConfigKeys (ConfUtils.java:logGet(43)) - raft.server.log.segment.size.max = 1048576 (custom)
2019-07-14 08:43:44,951 INFO  server.RaftServerConfigKeys (ConfUtils.java:logGet(43)) - raft.server.log.preallocated.size = 16384 (custom)
2019-07-14 08:43:44,951 INFO  server.RaftServerConfigKeys (ConfUtils.java:logGet(43)) - raft.server.log.write.buffer.size = 33554432 (custom)
2019-07-14 08:43:44,952 INFO  server.RaftServerConfigKeys (ConfUtils.java:logGet(43)) - raft.server.log.force.sync.num = 128 (default)
2019-07-14 08:43:44,952 INFO  server.RaftServerConfigKeys (ConfUtils.java:logGet(43)) - raft.server.log.statemachine.data.sync = true (default)
2019-07-14 08:43:44,952 INFO  server.RaftServerConfigKeys (ConfUtils.java:logGet(43)) - raft.server.log.statemachine.data.sync.timeout = 10s (default)
2019-07-14 08:43:44,952 INFO  server.RaftServerConfigKeys (ConfUtils.java:logGet(43)) - raft.server.log.statemachine.data.sync.timeout.retry = -1 (default)
2019-07-14 08:43:44,953 INFO  server.RaftServerConfigKeys (ConfUtils.java:logGet(43)) - raft.server.log.statemachine.data.caching.enabled = true (custom)
2019-07-14 08:43:44,953 INFO  segmented.SegmentedRaftLogWorker (SegmentedRaftLogWorker.java:lambda$new$0(132)) - 4f06aa3a-afb6-48cc-92a7-a4a9f9d53527-SegmentedRaftLogWorker:Storage Directory /workdir/hadoop-ozone/integration-test/target/test-dir/MiniOzoneClusterImpl-df066476-45be-4ebf-89ae-60e5f5d24c1e/datanode-6/data/ratis/1ffc2053-55bf-430f-ad10-e82e2b5936af: flushIndex: setUnconditionally 0 -> -1
2019-07-14 08:43:44,954 INFO  server.RaftServerConfigKeys (ConfUtils.java:logGet(43)) - raft.server.snapshot.auto.trigger.enabled = true (custom)
2019-07-14 08:43:44,954 INFO  server.RaftServerConfigKeys (ConfUtils.java:logGet(43)) - raft.server.snapshot.auto.trigger.threshold = 10000 (custom)
2019-07-14 08:43:44,954 INFO  server.RaftServerConfigKeys (ConfUtils.java:logGet(43)) - raft.server.retrycache.expirytime = 600000ms (custom)
2019-07-14 08:43:44,954 INFO  impl.RaftServerImpl (RaftServerImpl.java:start(180)) - 4f06aa3a-afb6-48cc-92a7-a4a9f9d53527: start group-E82E2B5936AF
2019-07-14 08:43:44,955 INFO  impl.RaftServerImpl (RaftServerImpl.java:setRole(171)) - 4f06aa3a-afb6-48cc-92a7-a4a9f9d53527:group-E82E2B5936AF changes role from null to FOLLOWER at term 0 for startAsFollower
2019-07-14 08:43:44,955 INFO  impl.RoleInfo (RoleInfo.java:updateAndGet(143)) - 4f06aa3a-afb6-48cc-92a7-a4a9f9d53527: start FollowerState
2019-07-14 08:43:44,955 INFO  util.JmxRegister (JmxRegister.java:tryRegister(44)) - Successfully registered JMX Bean with object name Ratis:service=RaftServer,group=group-E82E2B5936AF,id=4f06aa3a-afb6-48cc-92a7-a4a9f9d53527
2019-07-14 08:43:44,968 INFO  pipeline.PipelineStateManager (PipelineStateManager.java:addPipeline(56)) - Created pipeline Pipeline[ Id: 1ffc2053-55bf-430f-ad10-e82e2b5936af, Nodes: 4f06aa3a-afb6-48cc-92a7-a4a9f9d53527{ip: 192.168.5.191, host: trunk-nightly-5z2vd-27108033, networkLocation: /default-rack, certSerialId: null}, Type:RATIS, Factor:ONE, State:OPEN]
2019-07-14 08:43:44,986 INFO  impl.RaftServerProxy (RaftServerProxy.java:addNew(89)) - 0968326a-d172-4e9f-aab1-bda8ee2cd464: addNew group-02FD6E17EB96:[0968326a-d172-4e9f-aab1-bda8ee2cd464:192.168.5.191:34774] returns group-02FD6E17EB96:java.util.concurrent.CompletableFuture@6f4b1fa0[Not completed]
2019-07-14 08:43:44,987 INFO  impl.RaftServerImpl (RaftServerImpl.java:<init>(93)) - 0968326a-d172-4e9f-aab1-bda8ee2cd464: new RaftServerImpl for group-02FD6E17EB96:[0968326a-d172-4e9f-aab1-bda8ee2cd464:192.168.5.191:34774] with ContainerStateMachine:uninitialized
2019-07-14 08:43:44,989 INFO  server.RaftServerConfigKeys (ConfUtils.java:logGet(43)) - raft.server.rpc.timeout.min = 5s (custom)
2019-07-14 08:43:44,989 INFO  server.RaftServerConfigKeys (ConfUtils.java:logGet(43)) - raft.server.rpc.timeout.max = 5200ms (custom)
2019-07-14 08:43:44,989 INFO  server.RaftServerConfigKeys (ConfUtils.java:logGet(43)) - raft.server.rpcslowness.timeout = 120s (custom)
2019-07-14 08:43:44,990 INFO  server.RaftServerConfigKeys (ConfUtils.java:logGet(43)) - raft.server.sleep.deviation.threshold = 300 (default)
2019-07-14 08:43:44,990 INFO  server.RaftServerConfigKeys (ConfUtils.java:logGet(43)) - raft.server.log.appender.install.snapshot.enabled = false (custom)
2019-07-14 08:43:44,990 INFO  impl.RaftServerImpl (ServerState.java:<init>(105)) - 0968326a-d172-4e9f-aab1-bda8ee2cd464:group-02FD6E17EB96 ConfigurationManager, init=-1: [0968326a-d172-4e9f-aab1-bda8ee2cd464:192.168.5.191:34774], old=null, confs=<EMPTY_MAP>
2019-07-14 08:43:44,990 INFO  server.RaftServerConfigKeys (ConfUtils.java:logGet(43)) - raft.server.storage.dir = [/workdir/hadoop-ozone/integration-test/target/test-dir/MiniOzoneClusterImpl-df066476-45be-4ebf-89ae-60e5f5d24c1e/datanode-4/data/ratis] (custom)
2019-07-14 08:43:44,991 INFO  storage.RaftStorageDirectory (RaftStorageDirectory.java:analyzeStorage(246)) - The storage directory /workdir/hadoop-ozone/integration-test/target/test-dir/MiniOzoneClusterImpl-df066476-45be-4ebf-89ae-60e5f5d24c1e/datanode-4/data/ratis/7fde3460-ec67-4078-952a-02fd6e17eb96 does not exist. Creating ...
2019-07-14 08:43:44,997 INFO  storage.RaftStorageDirectory (RaftStorageDirectory.java:tryLock(328)) - Lock on /workdir/hadoop-ozone/integration-test/target/test-dir/MiniOzoneClusterImpl-df066476-45be-4ebf-89ae-60e5f5d24c1e/datanode-4/data/ratis/7fde3460-ec67-4078-952a-02fd6e17eb96/in_use.lock acquired by nodename 18553@trunk-nightly-5z2vd-27108033
2019-07-14 08:43:45,002 INFO  storage.RaftStorage (RaftStorage.java:format(72)) - Storage directory /workdir/hadoop-ozone/integration-test/target/test-dir/MiniOzoneClusterImpl-df066476-45be-4ebf-89ae-60e5f5d24c1e/datanode-4/data/ratis/7fde3460-ec67-4078-952a-02fd6e17eb96 has been successfully formatted.
2019-07-14 08:43:45,003 INFO  ratis.ContainerStateMachine (ContainerStateMachine.java:loadSnapshot(200)) - group-02FD6E17EB96: The snapshot info is null. Setting the last applied indexto:(t:0, i:~)
2019-07-14 08:43:45,003 INFO  server.RaftServerConfigKeys (ConfUtils.java:logGet(43)) - raft.server.leader.election.timeout = 120s (custom)
2019-07-14 08:43:45,003 INFO  server.RaftServerConfigKeys (ConfUtils.java:logGet(43)) - raft.server.log.use.memory = false (default)
2019-07-14 08:43:45,003 INFO  server.RaftServerConfigKeys (ConfUtils.java:logGet(43)) - raft.server.log.purge.gap = 1000000000 (custom)
2019-07-14 08:43:45,004 INFO  server.RaftServerConfigKeys (ConfUtils.java:logGet(43)) - raft.server.log.appender.buffer.byte-limit = 33554432 (custom)
2019-07-14 08:43:45,004 INFO  server.RaftServerConfigKeys (ConfUtils.java:logGet(43)) - raft.server.log.segment.size.max = 1048576 (custom)
2019-07-14 08:43:45,004 INFO  server.RaftServerConfigKeys (ConfUtils.java:logGet(43)) - raft.server.log.segment.cache.num.max = 2 (custom)
2019-07-14 08:43:45,004 INFO  segmented.SegmentedRaftLogWorker (SegmentedRaftLogWorker.java:<init>(172)) - new 0968326a-d172-4e9f-aab1-bda8ee2cd464-SegmentedRaftLogWorker:Storage Directory /workdir/hadoop-ozone/integration-test/target/test-dir/MiniOzoneClusterImpl-df066476-45be-4ebf-89ae-60e5f5d24c1e/datanode-4/data/ratis/7fde3460-ec67-4078-952a-02fd6e17eb96 for RaftStorage:Storage Directory /workdir/hadoop-ozone/integration-test/target/test-dir/MiniOzoneClusterImpl-df066476-45be-4ebf-89ae-60e5f5d24c1e/datanode-4/data/ratis/7fde3460-ec67-4078-952a-02fd6e17eb96
2019-07-14 08:43:45,004 INFO  server.RaftServerConfigKeys (ConfUtils.java:logGet(43)) - raft.server.log.queue.byte-limit = 2147483647 (custom)
2019-07-14 08:43:45,005 INFO  server.RaftServerConfigKeys (ConfUtils.java:logGet(43)) - raft.server.log.queue.element-limit = 1024 (custom)
2019-07-14 08:43:45,005 INFO  server.RaftServerConfigKeys (ConfUtils.java:logGet(43)) - raft.server.log.segment.size.max = 1048576 (custom)
2019-07-14 08:43:45,005 INFO  server.RaftServerConfigKeys (ConfUtils.java:logGet(43)) - raft.server.log.preallocated.size = 16384 (custom)
2019-07-14 08:43:45,006 INFO  server.RaftServerConfigKeys (ConfUtils.java:logGet(43)) - raft.server.log.write.buffer.size = 33554432 (custom)
2019-07-14 08:43:45,006 INFO  server.RaftServerConfigKeys (ConfUtils.java:logGet(43)) - raft.server.log.force.sync.num = 128 (default)
2019-07-14 08:43:45,006 INFO  server.RaftServerConfigKeys (ConfUtils.java:logGet(43)) - raft.server.log.statemachine.data.sync = true (default)
2019-07-14 08:43:45,006 INFO  server.RaftServerConfigKeys (ConfUtils.java:logGet(43)) - raft.server.log.statemachine.data.sync.timeout = 10s (default)
2019-07-14 08:43:45,006 INFO  server.RaftServerConfigKeys (ConfUtils.java:logGet(43)) - raft.server.log.statemachine.data.sync.timeout.retry = -1 (default)
2019-07-14 08:43:45,007 INFO  server.RaftServerConfigKeys (ConfUtils.java:logGet(43)) - raft.server.log.statemachine.data.caching.enabled = true (custom)
2019-07-14 08:43:45,007 INFO  segmented.SegmentedRaftLogWorker (SegmentedRaftLogWorker.java:lambda$new$0(132)) - 0968326a-d172-4e9f-aab1-bda8ee2cd464-SegmentedRaftLogWorker:Storage Directory /workdir/hadoop-ozone/integration-test/target/test-dir/MiniOzoneClusterImpl-df066476-45be-4ebf-89ae-60e5f5d24c1e/datanode-4/data/ratis/7fde3460-ec67-4078-952a-02fd6e17eb96: flushIndex: setUnconditionally 0 -> -1
2019-07-14 08:43:45,008 INFO  server.RaftServerConfigKeys (ConfUtils.java:logGet(43)) - raft.server.snapshot.auto.trigger.enabled = true (custom)
2019-07-14 08:43:45,008 INFO  server.RaftServerConfigKeys (ConfUtils.java:logGet(43)) - raft.server.snapshot.auto.trigger.threshold = 10000 (custom)
2019-07-14 08:43:45,008 INFO  server.RaftServerConfigKeys (ConfUtils.java:logGet(43)) - raft.server.retrycache.expirytime = 600000ms (custom)
2019-07-14 08:43:45,009 INFO  impl.RaftServerImpl (RaftServerImpl.java:start(180)) - 0968326a-d172-4e9f-aab1-bda8ee2cd464: start group-02FD6E17EB96
2019-07-14 08:43:45,009 INFO  impl.RaftServerImpl (RaftServerImpl.java:setRole(171)) - 0968326a-d172-4e9f-aab1-bda8ee2cd464:group-02FD6E17EB96 changes role from null to FOLLOWER at term 0 for startAsFollower
2019-07-14 08:43:45,009 INFO  impl.RoleInfo (RoleInfo.java:updateAndGet(143)) - 0968326a-d172-4e9f-aab1-bda8ee2cd464: start FollowerState
2019-07-14 08:43:45,010 INFO  util.JmxRegister (JmxRegister.java:tryRegister(44)) - Successfully registered JMX Bean with object name Ratis:service=RaftServer,group=group-02FD6E17EB96,id=0968326a-d172-4e9f-aab1-bda8ee2cd464
2019-07-14 08:43:45,025 INFO  pipeline.PipelineStateManager (PipelineStateManager.java:addPipeline(56)) - Created pipeline Pipeline[ Id: 7fde3460-ec67-4078-952a-02fd6e17eb96, Nodes: 0968326a-d172-4e9f-aab1-bda8ee2cd464{ip: 192.168.5.191, host: trunk-nightly-5z2vd-27108033, networkLocation: /default-rack, certSerialId: null}, Type:RATIS, Factor:ONE, State:OPEN]
2019-07-14 08:43:45,057 INFO  impl.RaftServerProxy (RaftServerProxy.java:addNew(89)) - a1e247ec-0224-42b9-b69e-d5ba19079f20: addNew group-229690D350A7:[21afc0f0-84c2-4801-889d-34a8387a9803:192.168.5.191:34827, a1e247ec-0224-42b9-b69e-d5ba19079f20:192.168.5.191:39003, e0e5353e-3a31-431d-9c7b-bd4d0f384111:192.168.5.191:35934] returns group-229690D350A7:java.util.concurrent.CompletableFuture@40e36843[Not completed]
2019-07-14 08:43:45,060 INFO  impl.RaftServerProxy (RaftServerProxy.java:addNew(89)) - e0e5353e-3a31-431d-9c7b-bd4d0f384111: addNew group-229690D350A7:[21afc0f0-84c2-4801-889d-34a8387a9803:192.168.5.191:34827, a1e247ec-0224-42b9-b69e-d5ba19079f20:192.168.5.191:39003, e0e5353e-3a31-431d-9c7b-bd4d0f384111:192.168.5.191:35934] returns group-229690D350A7:java.util.concurrent.CompletableFuture@613356a0[Not completed]
2019-07-14 08:43:45,061 INFO  impl.RaftServerProxy (RaftServerProxy.java:addNew(89)) - 21afc0f0-84c2-4801-889d-34a8387a9803: addNew group-229690D350A7:[21afc0f0-84c2-4801-889d-34a8387a9803:192.168.5.191:34827, a1e247ec-0224-42b9-b69e-d5ba19079f20:192.168.5.191:39003, e0e5353e-3a31-431d-9c7b-bd4d0f384111:192.168.5.191:35934] returns group-229690D350A7:java.util.concurrent.CompletableFuture@5e1ee3b[Not completed]
2019-07-14 08:43:45,061 INFO  impl.RaftServerImpl (RaftServerImpl.java:<init>(93)) - a1e247ec-0224-42b9-b69e-d5ba19079f20: new RaftServerImpl for group-229690D350A7:[21afc0f0-84c2-4801-889d-34a8387a9803:192.168.5.191:34827, a1e247ec-0224-42b9-b69e-d5ba19079f20:192.168.5.191:39003, e0e5353e-3a31-431d-9c7b-bd4d0f384111:192.168.5.191:35934] with ContainerStateMachine:uninitialized
2019-07-14 08:43:45,061 INFO  server.RaftServerConfigKeys (ConfUtils.java:logGet(43)) - raft.server.rpc.timeout.min = 5s (custom)
2019-07-14 08:43:45,061 INFO  server.RaftServerConfigKeys (ConfUtils.java:logGet(43)) - raft.server.rpc.timeout.max = 5200ms (custom)
2019-07-14 08:43:45,061 INFO  server.RaftServerConfigKeys (ConfUtils.java:logGet(43)) - raft.server.rpcslowness.timeout = 120s (custom)
2019-07-14 08:43:45,062 INFO  server.RaftServerConfigKeys (ConfUtils.java:logGet(43)) - raft.server.sleep.deviation.threshold = 300 (default)
2019-07-14 08:43:45,062 INFO  server.RaftServerConfigKeys (ConfUtils.java:logGet(43)) - raft.server.log.appender.install.snapshot.enabled = false (custom)
2019-07-14 08:43:45,062 INFO  impl.RaftServerImpl (ServerState.java:<init>(105)) - a1e247ec-0224-42b9-b69e-d5ba19079f20:group-229690D350A7 ConfigurationManager, init=-1: [21afc0f0-84c2-4801-889d-34a8387a9803:192.168.5.191:34827, a1e247ec-0224-42b9-b69e-d5ba19079f20:192.168.5.191:39003, e0e5353e-3a31-431d-9c7b-bd4d0f384111:192.168.5.191:35934], old=null, confs=<EMPTY_MAP>
2019-07-14 08:43:45,062 INFO  impl.RaftServerImpl (RaftServerImpl.java:<init>(93)) - e0e5353e-3a31-431d-9c7b-bd4d0f384111: new RaftServerImpl for group-229690D350A7:[21afc0f0-84c2-4801-889d-34a8387a9803:192.168.5.191:34827, a1e247ec-0224-42b9-b69e-d5ba19079f20:192.168.5.191:39003, e0e5353e-3a31-431d-9c7b-bd4d0f384111:192.168.5.191:35934] with ContainerStateMachine:uninitialized
2019-07-14 08:43:45,062 INFO  server.RaftServerConfigKeys (ConfUtils.java:logGet(43)) - raft.server.storage.dir = [/workdir/hadoop-ozone/integration-test/target/test-dir/MiniOzoneClusterImpl-df066476-45be-4ebf-89ae-60e5f5d24c1e/datanode-2/data/ratis] (custom)
2019-07-14 08:43:45,062 INFO  server.RaftServerConfigKeys (ConfUtils.java:logGet(43)) - raft.server.rpc.timeout.min = 5s (custom)
2019-07-14 08:43:45,063 INFO  server.RaftServerConfigKeys (ConfUtils.java:logGet(43)) - raft.server.rpc.timeout.max = 5200ms (custom)
2019-07-14 08:43:45,063 INFO  storage.RaftStorageDirectory (RaftStorageDirectory.java:analyzeStorage(246)) - The storage directory /workdir/hadoop-ozone/integration-test/target/test-dir/MiniOzoneClusterImpl-df066476-45be-4ebf-89ae-60e5f5d24c1e/datanode-2/data/ratis/2b89dba6-b170-4fb5-82cc-229690d350a7 does not exist. Creating ...
2019-07-14 08:43:45,063 INFO  server.RaftServerConfigKeys (ConfUtils.java:logGet(43)) - raft.server.rpcslowness.timeout = 120s (custom)
2019-07-14 08:43:45,063 INFO  impl.RaftServerImpl (RaftServerImpl.java:<init>(93)) - 21afc0f0-84c2-4801-889d-34a8387a9803: new RaftServerImpl for group-229690D350A7:[21afc0f0-84c2-4801-889d-34a8387a9803:192.168.5.191:34827, a1e247ec-0224-42b9-b69e-d5ba19079f20:192.168.5.191:39003, e0e5353e-3a31-431d-9c7b-bd4d0f384111:192.168.5.191:35934] with ContainerStateMachine:uninitialized
2019-07-14 08:43:45,063 INFO  server.RaftServerConfigKeys (ConfUtils.java:logGet(43)) - raft.server.sleep.deviation.threshold = 300 (default)
2019-07-14 08:43:45,063 INFO  server.RaftServerConfigKeys (ConfUtils.java:logGet(43)) - raft.server.rpc.timeout.min = 5s (custom)
2019-07-14 08:43:45,063 INFO  server.RaftServerConfigKeys (ConfUtils.java:logGet(43)) - raft.server.log.appender.install.snapshot.enabled = false (custom)
2019-07-14 08:43:45,064 INFO  server.RaftServerConfigKeys (ConfUtils.java:logGet(43)) - raft.server.rpc.timeout.max = 5200ms (custom)
2019-07-14 08:43:45,064 INFO  impl.RaftServerImpl (ServerState.java:<init>(105)) - e0e5353e-3a31-431d-9c7b-bd4d0f384111:group-229690D350A7 ConfigurationManager, init=-1: [21afc0f0-84c2-4801-889d-34a8387a9803:192.168.5.191:34827, a1e247ec-0224-42b9-b69e-d5ba19079f20:192.168.5.191:39003, e0e5353e-3a31-431d-9c7b-bd4d0f384111:192.168.5.191:35934], old=null, confs=<EMPTY_MAP>
2019-07-14 08:43:45,064 INFO  server.RaftServerConfigKeys (ConfUtils.java:logGet(43)) - raft.server.rpcslowness.timeout = 120s (custom)
2019-07-14 08:43:45,064 INFO  server.RaftServerConfigKeys (ConfUtils.java:logGet(43)) - raft.server.sleep.deviation.threshold = 300 (default)
2019-07-14 08:43:45,064 INFO  server.RaftServerConfigKeys (ConfUtils.java:logGet(43)) - raft.server.storage.dir = [/workdir/hadoop-ozone/integration-test/target/test-dir/MiniOzoneClusterImpl-df066476-45be-4ebf-89ae-60e5f5d24c1e/datanode-3/data/ratis] (custom)
2019-07-14 08:43:45,064 INFO  server.RaftServerConfigKeys (ConfUtils.java:logGet(43)) - raft.server.log.appender.install.snapshot.enabled = false (custom)
2019-07-14 08:43:45,064 INFO  impl.RaftServerImpl (ServerState.java:<init>(105)) - 21afc0f0-84c2-4801-889d-34a8387a9803:group-229690D350A7 ConfigurationManager, init=-1: [21afc0f0-84c2-4801-889d-34a8387a9803:192.168.5.191:34827, a1e247ec-0224-42b9-b69e-d5ba19079f20:192.168.5.191:39003, e0e5353e-3a31-431d-9c7b-bd4d0f384111:192.168.5.191:35934], old=null, confs=<EMPTY_MAP>
2019-07-14 08:43:45,065 INFO  storage.RaftStorageDirectory (RaftStorageDirectory.java:analyzeStorage(246)) - The storage directory /workdir/hadoop-ozone/integration-test/target/test-dir/MiniOzoneClusterImpl-df066476-45be-4ebf-89ae-60e5f5d24c1e/datanode-3/data/ratis/2b89dba6-b170-4fb5-82cc-229690d350a7 does not exist. Creating ...
2019-07-14 08:43:45,065 INFO  server.RaftServerConfigKeys (ConfUtils.java:logGet(43)) - raft.server.storage.dir = [/workdir/hadoop-ozone/integration-test/target/test-dir/MiniOzoneClusterImpl-df066476-45be-4ebf-89ae-60e5f5d24c1e/datanode-1/data/ratis] (custom)
2019-07-14 08:43:45,065 INFO  storage.RaftStorageDirectory (RaftStorageDirectory.java:analyzeStorage(246)) - The storage directory /workdir/hadoop-ozone/integration-test/target/test-dir/MiniOzoneClusterImpl-df066476-45be-4ebf-89ae-60e5f5d24c1e/datanode-1/data/ratis/2b89dba6-b170-4fb5-82cc-229690d350a7 does not exist. Creating ...
2019-07-14 08:43:45,068 INFO  storage.RaftStorageDirectory (RaftStorageDirectory.java:tryLock(328)) - Lock on /workdir/hadoop-ozone/integration-test/target/test-dir/MiniOzoneClusterImpl-df066476-45be-4ebf-89ae-60e5f5d24c1e/datanode-2/data/ratis/2b89dba6-b170-4fb5-82cc-229690d350a7/in_use.lock acquired by nodename 18553@trunk-nightly-5z2vd-27108033
2019-07-14 08:43:45,071 INFO  storage.RaftStorageDirectory (RaftStorageDirectory.java:tryLock(328)) - Lock on /workdir/hadoop-ozone/integration-test/target/test-dir/MiniOzoneClusterImpl-df066476-45be-4ebf-89ae-60e5f5d24c1e/datanode-1/data/ratis/2b89dba6-b170-4fb5-82cc-229690d350a7/in_use.lock acquired by nodename 18553@trunk-nightly-5z2vd-27108033
2019-07-14 08:43:45,071 INFO  storage.RaftStorageDirectory (RaftStorageDirectory.java:tryLock(328)) - Lock on /workdir/hadoop-ozone/integration-test/target/test-dir/MiniOzoneClusterImpl-df066476-45be-4ebf-89ae-60e5f5d24c1e/datanode-3/data/ratis/2b89dba6-b170-4fb5-82cc-229690d350a7/in_use.lock acquired by nodename 18553@trunk-nightly-5z2vd-27108033
2019-07-14 08:43:45,073 INFO  storage.RaftStorage (RaftStorage.java:format(72)) - Storage directory /workdir/hadoop-ozone/integration-test/target/test-dir/MiniOzoneClusterImpl-df066476-45be-4ebf-89ae-60e5f5d24c1e/datanode-2/data/ratis/2b89dba6-b170-4fb5-82cc-229690d350a7 has been successfully formatted.
2019-07-14 08:43:45,074 INFO  ratis.ContainerStateMachine (ContainerStateMachine.java:loadSnapshot(200)) - group-229690D350A7: The snapshot info is null. Setting the last applied indexto:(t:0, i:~)
2019-07-14 08:43:45,074 INFO  server.RaftServerConfigKeys (ConfUtils.java:logGet(43)) - raft.server.leader.election.timeout = 120s (custom)
2019-07-14 08:43:45,074 INFO  server.RaftServerConfigKeys (ConfUtils.java:logGet(43)) - raft.server.log.use.memory = false (default)
2019-07-14 08:43:45,074 INFO  server.RaftServerConfigKeys (ConfUtils.java:logGet(43)) - raft.server.log.purge.gap = 1000000000 (custom)
2019-07-14 08:43:45,074 INFO  server.RaftServerConfigKeys (ConfUtils.java:logGet(43)) - raft.server.log.appender.buffer.byte-limit = 33554432 (custom)
2019-07-14 08:43:45,075 INFO  server.RaftServerConfigKeys (ConfUtils.java:logGet(43)) - raft.server.log.segment.size.max = 1048576 (custom)
2019-07-14 08:43:45,075 INFO  server.RaftServerConfigKeys (ConfUtils.java:logGet(43)) - raft.server.log.segment.cache.num.max = 2 (custom)
2019-07-14 08:43:45,075 INFO  segmented.SegmentedRaftLogWorker (SegmentedRaftLogWorker.java:<init>(172)) - new a1e247ec-0224-42b9-b69e-d5ba19079f20-SegmentedRaftLogWorker:Storage Directory /workdir/hadoop-ozone/integration-test/target/test-dir/MiniOzoneClusterImpl-df066476-45be-4ebf-89ae-60e5f5d24c1e/datanode-2/data/ratis/2b89dba6-b170-4fb5-82cc-229690d350a7 for RaftStorage:Storage Directory /workdir/hadoop-ozone/integration-test/target/test-dir/MiniOzoneClusterImpl-df066476-45be-4ebf-89ae-60e5f5d24c1e/datanode-2/data/ratis/2b89dba6-b170-4fb5-82cc-229690d350a7
2019-07-14 08:43:45,075 INFO  server.RaftServerConfigKeys (ConfUtils.java:logGet(43)) - raft.server.log.queue.byte-limit = 2147483647 (custom)
2019-07-14 08:43:45,075 INFO  server.RaftServerConfigKeys (ConfUtils.java:logGet(43)) - raft.server.log.queue.element-limit = 1024 (custom)
2019-07-14 08:43:45,076 INFO  server.RaftServerConfigKeys (ConfUtils.java:logGet(43)) - raft.server.log.segment.size.max = 1048576 (custom)
2019-07-14 08:43:45,076 INFO  server.RaftServerConfigKeys (ConfUtils.java:logGet(43)) - raft.server.log.preallocated.size = 16384 (custom)
2019-07-14 08:43:45,076 INFO  storage.RaftStorage (RaftStorage.java:format(72)) - Storage directory /workdir/hadoop-ozone/integration-test/target/test-dir/MiniOzoneClusterImpl-df066476-45be-4ebf-89ae-60e5f5d24c1e/datanode-3/data/ratis/2b89dba6-b170-4fb5-82cc-229690d350a7 has been successfully formatted.
2019-07-14 08:43:45,076 INFO  storage.RaftStorage (RaftStorage.java:format(72)) - Storage directory /workdir/hadoop-ozone/integration-test/target/test-dir/MiniOzoneClusterImpl-df066476-45be-4ebf-89ae-60e5f5d24c1e/datanode-1/data/ratis/2b89dba6-b170-4fb5-82cc-229690d350a7 has been successfully formatted.
2019-07-14 08:43:45,078 INFO  ratis.ContainerStateMachine (ContainerStateMachine.java:loadSnapshot(200)) - group-229690D350A7: The snapshot info is null. Setting the last applied indexto:(t:0, i:~)
2019-07-14 08:43:45,077 INFO  server.RaftServerConfigKeys (ConfUtils.java:logGet(43)) - raft.server.log.write.buffer.size = 33554432 (custom)
2019-07-14 08:43:45,078 INFO  server.RaftServerConfigKeys (ConfUtils.java:logGet(43)) - raft.server.leader.election.timeout = 120s (custom)
2019-07-14 08:43:45,078 INFO  ratis.ContainerStateMachine (ContainerStateMachine.java:loadSnapshot(200)) - group-229690D350A7: The snapshot info is null. Setting the last applied indexto:(t:0, i:~)
2019-07-14 08:43:45,078 INFO  server.RaftServerConfigKeys (ConfUtils.java:logGet(43)) - raft.server.log.use.memory = false (default)
2019-07-14 08:43:45,078 INFO  server.RaftServerConfigKeys (ConfUtils.java:logGet(43)) - raft.server.log.force.sync.num = 128 (default)
2019-07-14 08:43:45,078 INFO  server.RaftServerConfigKeys (ConfUtils.java:logGet(43)) - raft.server.log.purge.gap = 1000000000 (custom)
2019-07-14 08:43:45,078 INFO  server.RaftServerConfigKeys (ConfUtils.java:logGet(43)) - raft.server.leader.election.timeout = 120s (custom)
2019-07-14 08:43:45,079 INFO  server.RaftServerConfigKeys (ConfUtils.java:logGet(43)) - raft.server.log.appender.buffer.byte-limit = 33554432 (custom)
2019-07-14 08:43:45,079 INFO  server.RaftServerConfigKeys (ConfUtils.java:logGet(43)) - raft.server.log.statemachine.data.sync = true (default)
2019-07-14 08:43:45,079 INFO  server.RaftServerConfigKeys (ConfUtils.java:logGet(43)) - raft.server.log.segment.size.max = 1048576 (custom)
2019-07-14 08:43:45,079 INFO  server.RaftServerConfigKeys (ConfUtils.java:logGet(43)) - raft.server.log.use.memory = false (default)
2019-07-14 08:43:45,080 INFO  server.RaftServerConfigKeys (ConfUtils.java:logGet(43)) - raft.server.log.segment.cache.num.max = 2 (custom)
2019-07-14 08:43:45,079 INFO  server.RaftServerConfigKeys (ConfUtils.java:logGet(43)) - raft.server.log.statemachine.data.sync.timeout = 10s (default)
2019-07-14 08:43:45,080 INFO  segmented.SegmentedRaftLogWorker (SegmentedRaftLogWorker.java:<init>(172)) - new e0e5353e-3a31-431d-9c7b-bd4d0f384111-SegmentedRaftLogWorker:Storage Directory /workdir/hadoop-ozone/integration-test/target/test-dir/MiniOzoneClusterImpl-df066476-45be-4ebf-89ae-60e5f5d24c1e/datanode-3/data/ratis/2b89dba6-b170-4fb5-82cc-229690d350a7 for RaftStorage:Storage Directory /workdir/hadoop-ozone/integration-test/target/test-dir/MiniOzoneClusterImpl-df066476-45be-4ebf-89ae-60e5f5d24c1e/datanode-3/data/ratis/2b89dba6-b170-4fb5-82cc-229690d350a7
2019-07-14 08:43:45,080 INFO  server.RaftServerConfigKeys (ConfUtils.java:logGet(43)) - raft.server.log.purge.gap = 1000000000 (custom)
2019-07-14 08:43:45,080 INFO  server.RaftServerConfigKeys (ConfUtils.java:logGet(43)) - raft.server.log.queue.byte-limit = 2147483647 (custom)
2019-07-14 08:43:45,080 INFO  server.RaftServerConfigKeys (ConfUtils.java:logGet(43)) - raft.server.log.statemachine.data.sync.timeout.retry = -1 (default)
2019-07-14 08:43:45,082 INFO  server.RaftServerConfigKeys (ConfUtils.java:logGet(43)) - raft.server.log.queue.element-limit = 1024 (custom)
2019-07-14 08:43:45,081 INFO  server.RaftServerConfigKeys (ConfUtils.java:logGet(43)) - raft.server.log.appender.buffer.byte-limit = 33554432 (custom)
2019-07-14 08:43:45,082 INFO  server.RaftServerConfigKeys (ConfUtils.java:logGet(43)) - raft.server.log.segment.size.max = 1048576 (custom)
2019-07-14 08:43:45,082 INFO  server.RaftServerConfigKeys (ConfUtils.java:logGet(43)) - raft.server.log.statemachine.data.caching.enabled = true (custom)
2019-07-14 08:43:45,082 INFO  server.RaftServerConfigKeys (ConfUtils.java:logGet(43)) - raft.server.log.preallocated.size = 16384 (custom)
2019-07-14 08:43:45,082 INFO  server.RaftServerConfigKeys (ConfUtils.java:logGet(43)) - raft.server.log.segment.size.max = 1048576 (custom)
2019-07-14 08:43:45,083 INFO  segmented.SegmentedRaftLogWorker (SegmentedRaftLogWorker.java:lambda$new$0(132)) - a1e247ec-0224-42b9-b69e-d5ba19079f20-SegmentedRaftLogWorker:Storage Directory /workdir/hadoop-ozone/integration-test/target/test-dir/MiniOzoneClusterImpl-df066476-45be-4ebf-89ae-60e5f5d24c1e/datanode-2/data/ratis/2b89dba6-b170-4fb5-82cc-229690d350a7: flushIndex: setUnconditionally 0 -> -1
2019-07-14 08:43:45,083 INFO  server.RaftServerConfigKeys (ConfUtils.java:logGet(43)) - raft.server.log.write.buffer.size = 33554432 (custom)
2019-07-14 08:43:45,083 INFO  server.RaftServerConfigKeys (ConfUtils.java:logGet(43)) - raft.server.log.segment.cache.num.max = 2 (custom)
2019-07-14 08:43:45,083 INFO  server.RaftServerConfigKeys (ConfUtils.java:logGet(43)) - raft.server.snapshot.auto.trigger.enabled = true (custom)
2019-07-14 08:43:45,083 INFO  server.RaftServerConfigKeys (ConfUtils.java:logGet(43)) - raft.server.log.force.sync.num = 128 (default)
2019-07-14 08:43:45,084 INFO  server.RaftServerConfigKeys (ConfUtils.java:logGet(43)) - raft.server.snapshot.auto.trigger.threshold = 10000 (custom)
2019-07-14 08:43:45,083 INFO  segmented.SegmentedRaftLogWorker (SegmentedRaftLogWorker.java:<init>(172)) - new 21afc0f0-84c2-4801-889d-34a8387a9803-SegmentedRaftLogWorker:Storage Directory /workdir/hadoop-ozone/integration-test/target/test-dir/MiniOzoneClusterImpl-df066476-45be-4ebf-89ae-60e5f5d24c1e/datanode-1/data/ratis/2b89dba6-b170-4fb5-82cc-229690d350a7 for RaftStorage:Storage Directory /workdir/hadoop-ozone/integration-test/target/test-dir/MiniOzoneClusterImpl-df066476-45be-4ebf-89ae-60e5f5d24c1e/datanode-1/data/ratis/2b89dba6-b170-4fb5-82cc-229690d350a7
2019-07-14 08:43:45,084 INFO  server.RaftServerConfigKeys (ConfUtils.java:logGet(43)) - raft.server.retrycache.expirytime = 600000ms (custom)
2019-07-14 08:43:45,084 INFO  server.RaftServerConfigKeys (ConfUtils.java:logGet(43)) - raft.server.log.queue.byte-limit = 2147483647 (custom)
2019-07-14 08:43:45,084 INFO  server.RaftServerConfigKeys (ConfUtils.java:logGet(43)) - raft.server.log.statemachine.data.sync = true (default)
2019-07-14 08:43:45,086 INFO  server.RaftServerConfigKeys (ConfUtils.java:logGet(43)) - raft.server.log.queue.element-limit = 1024 (custom)
2019-07-14 08:43:45,086 INFO  impl.RaftServerImpl (RaftServerImpl.java:start(180)) - a1e247ec-0224-42b9-b69e-d5ba19079f20: start group-229690D350A7
2019-07-14 08:43:45,086 INFO  server.RaftServerConfigKeys (ConfUtils.java:logGet(43)) - raft.server.log.segment.size.max = 1048576 (custom)
2019-07-14 08:43:45,086 INFO  server.RaftServerConfigKeys (ConfUtils.java:logGet(43)) - raft.server.log.statemachine.data.sync.timeout = 10s (default)
2019-07-14 08:43:45,086 INFO  server.RaftServerConfigKeys (ConfUtils.java:logGet(43)) - raft.server.log.preallocated.size = 16384 (custom)
2019-07-14 08:43:45,086 INFO  impl.RaftServerImpl (RaftServerImpl.java:setRole(171)) - a1e247ec-0224-42b9-b69e-d5ba19079f20:group-229690D350A7 changes role from null to FOLLOWER at term 0 for startAsFollower
2019-07-14 08:43:45,087 INFO  server.RaftServerConfigKeys (ConfUtils.java:logGet(43)) - raft.server.log.write.buffer.size = 33554432 (custom)
2019-07-14 08:43:45,087 INFO  server.RaftServerConfigKeys (ConfUtils.java:logGet(43)) - raft.server.log.statemachine.data.sync.timeout.retry = -1 (default)
2019-07-14 08:43:45,087 INFO  server.RaftServerConfigKeys (ConfUtils.java:logGet(43)) - raft.server.log.force.sync.num = 128 (default)
2019-07-14 08:43:45,087 INFO  impl.RoleInfo (RoleInfo.java:updateAndGet(143)) - a1e247ec-0224-42b9-b69e-d5ba19079f20: start FollowerState
2019-07-14 08:43:45,087 INFO  server.RaftServerConfigKeys (ConfUtils.java:logGet(43)) - raft.server.log.statemachine.data.sync = true (default)
2019-07-14 08:43:45,087 INFO  server.RaftServerConfigKeys (ConfUtils.java:logGet(43)) - raft.server.log.statemachine.data.caching.enabled = true (custom)
2019-07-14 08:43:45,088 INFO  server.RaftServerConfigKeys (ConfUtils.java:logGet(43)) - raft.server.log.statemachine.data.sync.timeout = 10s (default)
2019-07-14 08:43:45,088 INFO  util.JmxRegister (JmxRegister.java:tryRegister(44)) - Successfully registered JMX Bean with object name Ratis:service=RaftServer,group=group-229690D350A7,id=a1e247ec-0224-42b9-b69e-d5ba19079f20
2019-07-14 08:43:45,088 INFO  segmented.SegmentedRaftLogWorker (SegmentedRaftLogWorker.java:lambda$new$0(132)) - e0e5353e-3a31-431d-9c7b-bd4d0f384111-SegmentedRaftLogWorker:Storage Directory /workdir/hadoop-ozone/integration-test/target/test-dir/MiniOzoneClusterImpl-df066476-45be-4ebf-89ae-60e5f5d24c1e/datanode-3/data/ratis/2b89dba6-b170-4fb5-82cc-229690d350a7: flushIndex: setUnconditionally 0 -> -1
2019-07-14 08:43:45,088 INFO  server.RaftServerConfigKeys (ConfUtils.java:logGet(43)) - raft.server.log.statemachine.data.sync.timeout.retry = -1 (default)
2019-07-14 08:43:45,089 INFO  server.RaftServerConfigKeys (ConfUtils.java:logGet(43)) - raft.server.snapshot.auto.trigger.enabled = true (custom)
2019-07-14 08:43:45,089 INFO  server.RaftServerConfigKeys (ConfUtils.java:logGet(43)) - raft.server.log.statemachine.data.caching.enabled = true (custom)
2019-07-14 08:43:45,089 INFO  server.RaftServerConfigKeys (ConfUtils.java:logGet(43)) - raft.server.snapshot.auto.trigger.threshold = 10000 (custom)
2019-07-14 08:43:45,089 INFO  segmented.SegmentedRaftLogWorker (SegmentedRaftLogWorker.java:lambda$new$0(132)) - 21afc0f0-84c2-4801-889d-34a8387a9803-SegmentedRaftLogWorker:Storage Directory /workdir/hadoop-ozone/integration-test/target/test-dir/MiniOzoneClusterImpl-df066476-45be-4ebf-89ae-60e5f5d24c1e/datanode-1/data/ratis/2b89dba6-b170-4fb5-82cc-229690d350a7: flushIndex: setUnconditionally 0 -> -1
2019-07-14 08:43:45,089 INFO  server.RaftServerConfigKeys (ConfUtils.java:logGet(43)) - raft.server.retrycache.expirytime = 600000ms (custom)
2019-07-14 08:43:45,090 INFO  server.RaftServerConfigKeys (ConfUtils.java:logGet(43)) - raft.server.snapshot.auto.trigger.enabled = true (custom)
2019-07-14 08:43:45,090 INFO  impl.RaftServerImpl (RaftServerImpl.java:start(180)) - e0e5353e-3a31-431d-9c7b-bd4d0f384111: start group-229690D350A7
2019-07-14 08:43:45,090 INFO  server.RaftServerConfigKeys (ConfUtils.java:logGet(43)) - raft.server.snapshot.auto.trigger.threshold = 10000 (custom)
2019-07-14 08:43:45,090 INFO  impl.RaftServerImpl (RaftServerImpl.java:setRole(171)) - e0e5353e-3a31-431d-9c7b-bd4d0f384111:group-229690D350A7 changes role from null to FOLLOWER at term 0 for startAsFollower
2019-07-14 08:43:45,090 INFO  server.RaftServerConfigKeys (ConfUtils.java:logGet(43)) - raft.server.retrycache.expirytime = 600000ms (custom)
2019-07-14 08:43:45,090 INFO  impl.RoleInfo (RoleInfo.java:updateAndGet(143)) - e0e5353e-3a31-431d-9c7b-bd4d0f384111: start FollowerState
2019-07-14 08:43:45,091 INFO  impl.RaftServerImpl (RaftServerImpl.java:start(180)) - 21afc0f0-84c2-4801-889d-34a8387a9803: start group-229690D350A7
2019-07-14 08:43:45,091 INFO  impl.RaftServerImpl (RaftServerImpl.java:setRole(171)) - 21afc0f0-84c2-4801-889d-34a8387a9803:group-229690D350A7 changes role from null to FOLLOWER at term 0 for startAsFollower
2019-07-14 08:43:45,092 INFO  util.JmxRegister (JmxRegister.java:tryRegister(44)) - Successfully registered JMX Bean with object name Ratis:service=RaftServer,group=group-229690D350A7,id=e0e5353e-3a31-431d-9c7b-bd4d0f384111
2019-07-14 08:43:45,092 INFO  impl.RoleInfo (RoleInfo.java:updateAndGet(143)) - 21afc0f0-84c2-4801-889d-34a8387a9803: start FollowerState
2019-07-14 08:43:45,096 INFO  util.JmxRegister (JmxRegister.java:tryRegister(44)) - Successfully registered JMX Bean with object name Ratis:service=RaftServer,group=group-229690D350A7,id=21afc0f0-84c2-4801-889d-34a8387a9803
2019-07-14 08:43:45,111 INFO  pipeline.PipelineStateManager (PipelineStateManager.java:addPipeline(56)) - Created pipeline Pipeline[ Id: 2b89dba6-b170-4fb5-82cc-229690d350a7, Nodes: 21afc0f0-84c2-4801-889d-34a8387a9803{ip: 192.168.5.191, host: trunk-nightly-5z2vd-27108033, networkLocation: /default-rack, certSerialId: null}a1e247ec-0224-42b9-b69e-d5ba19079f20{ip: 192.168.5.191, host: trunk-nightly-5z2vd-27108033, networkLocation: /default-rack, certSerialId: null}e0e5353e-3a31-431d-9c7b-bd4d0f384111{ip: 192.168.5.191, host: trunk-nightly-5z2vd-27108033, networkLocation: /default-rack, certSerialId: null}, Type:RATIS, Factor:THREE, State:OPEN]
2019-07-14 08:43:45,141 INFO  impl.RaftServerProxy (RaftServerProxy.java:addNew(89)) - 4f06aa3a-afb6-48cc-92a7-a4a9f9d53527: addNew group-459759A8C03F:[4f06aa3a-afb6-48cc-92a7-a4a9f9d53527:192.168.5.191:43724, e46a66f4-a53a-42e3-9456-baa074b0d3f9:192.168.5.191:44273, d9b5ea88-2be1-4a6e-b0ee-cc160f5860cf:192.168.5.191:46218] returns group-459759A8C03F:java.util.concurrent.CompletableFuture@16a64809[Not completed]
2019-07-14 08:43:45,141 INFO  impl.RaftServerProxy (RaftServerProxy.java:addNew(89)) - d9b5ea88-2be1-4a6e-b0ee-cc160f5860cf: addNew group-459759A8C03F:[4f06aa3a-afb6-48cc-92a7-a4a9f9d53527:192.168.5.191:43724, e46a66f4-a53a-42e3-9456-baa074b0d3f9:192.168.5.191:44273, d9b5ea88-2be1-4a6e-b0ee-cc160f5860cf:192.168.5.191:46218] returns group-459759A8C03F:java.util.concurrent.CompletableFuture@34ae6d35[Not completed]
2019-07-14 08:43:45,141 INFO  impl.RaftServerProxy (RaftServerProxy.java:addNew(89)) - e46a66f4-a53a-42e3-9456-baa074b0d3f9: addNew group-459759A8C03F:[4f06aa3a-afb6-48cc-92a7-a4a9f9d53527:192.168.5.191:43724, e46a66f4-a53a-42e3-9456-baa074b0d3f9:192.168.5.191:44273, d9b5ea88-2be1-4a6e-b0ee-cc160f5860cf:192.168.5.191:46218] returns group-459759A8C03F:java.util.concurrent.CompletableFuture@6f9c6324[Not completed]
2019-07-14 08:43:45,145 INFO  impl.RaftServerImpl (RaftServerImpl.java:<init>(93)) - e46a66f4-a53a-42e3-9456-baa074b0d3f9: new RaftServerImpl for group-459759A8C03F:[4f06aa3a-afb6-48cc-92a7-a4a9f9d53527:192.168.5.191:43724, e46a66f4-a53a-42e3-9456-baa074b0d3f9:192.168.5.191:44273, d9b5ea88-2be1-4a6e-b0ee-cc160f5860cf:192.168.5.191:46218] with ContainerStateMachine:uninitialized
2019-07-14 08:43:45,145 INFO  server.RaftServerConfigKeys (ConfUtils.java:logGet(43)) - raft.server.rpc.timeout.min = 5s (custom)
2019-07-14 08:43:45,145 INFO  server.RaftServerConfigKeys (ConfUtils.java:logGet(43)) - raft.server.rpc.timeout.max = 5200ms (custom)
2019-07-14 08:43:45,145 INFO  server.RaftServerConfigKeys (ConfUtils.java:logGet(43)) - raft.server.rpcslowness.timeout = 120s (custom)
2019-07-14 08:43:45,145 INFO  server.RaftServerConfigKeys (ConfUtils.java:logGet(43)) - raft.server.sleep.deviation.threshold = 300 (default)
2019-07-14 08:43:45,145 INFO  server.RaftServerConfigKeys (ConfUtils.java:logGet(43)) - raft.server.log.appender.install.snapshot.enabled = false (custom)
2019-07-14 08:43:45,146 INFO  impl.RaftServerImpl (RaftServerImpl.java:<init>(93)) - 4f06aa3a-afb6-48cc-92a7-a4a9f9d53527: new RaftServerImpl for group-459759A8C03F:[4f06aa3a-afb6-48cc-92a7-a4a9f9d53527:192.168.5.191:43724, e46a66f4-a53a-42e3-9456-baa074b0d3f9:192.168.5.191:44273, d9b5ea88-2be1-4a6e-b0ee-cc160f5860cf:192.168.5.191:46218] with ContainerStateMachine:uninitialized
2019-07-14 08:43:45,146 INFO  impl.RaftServerImpl (ServerState.java:<init>(105)) - e46a66f4-a53a-42e3-9456-baa074b0d3f9:group-459759A8C03F ConfigurationManager, init=-1: [4f06aa3a-afb6-48cc-92a7-a4a9f9d53527:192.168.5.191:43724, e46a66f4-a53a-42e3-9456-baa074b0d3f9:192.168.5.191:44273, d9b5ea88-2be1-4a6e-b0ee-cc160f5860cf:192.168.5.191:46218], old=null, confs=<EMPTY_MAP>
2019-07-14 08:43:45,146 INFO  server.RaftServerConfigKeys (ConfUtils.java:logGet(43)) - raft.server.rpc.timeout.min = 5s (custom)
2019-07-14 08:43:45,146 INFO  server.RaftServerConfigKeys (ConfUtils.java:logGet(43)) - raft.server.storage.dir = [/workdir/hadoop-ozone/integration-test/target/test-dir/MiniOzoneClusterImpl-df066476-45be-4ebf-89ae-60e5f5d24c1e/datanode-5/data/ratis] (custom)
2019-07-14 08:43:45,146 INFO  server.RaftServerConfigKeys (ConfUtils.java:logGet(43)) - raft.server.rpc.timeout.max = 5200ms (custom)
2019-07-14 08:43:45,146 INFO  server.RaftServerConfigKeys (ConfUtils.java:logGet(43)) - raft.server.rpcslowness.timeout = 120s (custom)
2019-07-14 08:43:45,146 INFO  storage.RaftStorageDirectory (RaftStorageDirectory.java:analyzeStorage(246)) - The storage directory /workdir/hadoop-ozone/integration-test/target/test-dir/MiniOzoneClusterImpl-df066476-45be-4ebf-89ae-60e5f5d24c1e/datanode-5/data/ratis/a30f2bbf-e0f1-4f95-9f41-459759a8c03f does not exist. Creating ...
2019-07-14 08:43:45,146 INFO  impl.RaftServerImpl (RaftServerImpl.java:<init>(93)) - d9b5ea88-2be1-4a6e-b0ee-cc160f5860cf: new RaftServerImpl for group-459759A8C03F:[4f06aa3a-afb6-48cc-92a7-a4a9f9d53527:192.168.5.191:43724, e46a66f4-a53a-42e3-9456-baa074b0d3f9:192.168.5.191:44273, d9b5ea88-2be1-4a6e-b0ee-cc160f5860cf:192.168.5.191:46218] with ContainerStateMachine:uninitialized
2019-07-14 08:43:45,147 INFO  server.RaftServerConfigKeys (ConfUtils.java:logGet(43)) - raft.server.sleep.deviation.threshold = 300 (default)
2019-07-14 08:43:45,147 INFO  server.RaftServerConfigKeys (ConfUtils.java:logGet(43)) - raft.server.rpc.timeout.min = 5s (custom)
2019-07-14 08:43:45,147 INFO  server.RaftServerConfigKeys (ConfUtils.java:logGet(43)) - raft.server.log.appender.install.snapshot.enabled = false (custom)
2019-07-14 08:43:45,147 INFO  server.RaftServerConfigKeys (ConfUtils.java:logGet(43)) - raft.server.rpc.timeout.max = 5200ms (custom)
2019-07-14 08:43:45,147 INFO  impl.RaftServerImpl (ServerState.java:<init>(105)) - 4f06aa3a-afb6-48cc-92a7-a4a9f9d53527:group-459759A8C03F ConfigurationManager, init=-1: [4f06aa3a-afb6-48cc-92a7-a4a9f9d53527:192.168.5.191:43724, e46a66f4-a53a-42e3-9456-baa074b0d3f9:192.168.5.191:44273, d9b5ea88-2be1-4a6e-b0ee-cc160f5860cf:192.168.5.191:46218], old=null, confs=<EMPTY_MAP>
2019-07-14 08:43:45,147 INFO  server.RaftServerConfigKeys (ConfUtils.java:logGet(43)) - raft.server.rpcslowness.timeout = 120s (custom)
2019-07-14 08:43:45,147 INFO  server.RaftServerConfigKeys (ConfUtils.java:logGet(43)) - raft.server.storage.dir = [/workdir/hadoop-ozone/integration-test/target/test-dir/MiniOzoneClusterImpl-df066476-45be-4ebf-89ae-60e5f5d24c1e/datanode-6/data/ratis] (custom)
2019-07-14 08:43:45,148 INFO  server.RaftServerConfigKeys (ConfUtils.java:logGet(43)) - raft.server.sleep.deviation.threshold = 300 (default)
2019-07-14 08:43:45,148 INFO  server.RaftServerConfigKeys (ConfUtils.java:logGet(43)) - raft.server.log.appender.install.snapshot.enabled = false (custom)
2019-07-14 08:43:45,148 INFO  storage.RaftStorageDirectory (RaftStorageDirectory.java:analyzeStorage(246)) - The storage directory /workdir/hadoop-ozone/integration-test/target/test-dir/MiniOzoneClusterImpl-df066476-45be-4ebf-89ae-60e5f5d24c1e/datanode-6/data/ratis/a30f2bbf-e0f1-4f95-9f41-459759a8c03f does not exist. Creating ...
2019-07-14 08:43:45,148 INFO  impl.RaftServerImpl (ServerState.java:<init>(105)) - d9b5ea88-2be1-4a6e-b0ee-cc160f5860cf:group-459759A8C03F ConfigurationManager, init=-1: [4f06aa3a-afb6-48cc-92a7-a4a9f9d53527:192.168.5.191:43724, e46a66f4-a53a-42e3-9456-baa074b0d3f9:192.168.5.191:44273, d9b5ea88-2be1-4a6e-b0ee-cc160f5860cf:192.168.5.191:46218], old=null, confs=<EMPTY_MAP>
2019-07-14 08:43:45,148 INFO  server.RaftServerConfigKeys (ConfUtils.java:logGet(43)) - raft.server.storage.dir = [/workdir/hadoop-ozone/integration-test/target/test-dir/MiniOzoneClusterImpl-df066476-45be-4ebf-89ae-60e5f5d24c1e/datanode-0/data/ratis] (custom)
2019-07-14 08:43:45,149 INFO  storage.RaftStorageDirectory (RaftStorageDirectory.java:analyzeStorage(246)) - The storage directory /workdir/hadoop-ozone/integration-test/target/test-dir/MiniOzoneClusterImpl-df066476-45be-4ebf-89ae-60e5f5d24c1e/datanode-0/data/ratis/a30f2bbf-e0f1-4f95-9f41-459759a8c03f does not exist. Creating ...
2019-07-14 08:43:45,152 INFO  storage.RaftStorageDirectory (RaftStorageDirectory.java:tryLock(328)) - Lock on /workdir/hadoop-ozone/integration-test/target/test-dir/MiniOzoneClusterImpl-df066476-45be-4ebf-89ae-60e5f5d24c1e/datanode-0/data/ratis/a30f2bbf-e0f1-4f95-9f41-459759a8c03f/in_use.lock acquired by nodename 18553@trunk-nightly-5z2vd-27108033
2019-07-14 08:43:45,152 INFO  storage.RaftStorageDirectory (RaftStorageDirectory.java:tryLock(328)) - Lock on /workdir/hadoop-ozone/integration-test/target/test-dir/MiniOzoneClusterImpl-df066476-45be-4ebf-89ae-60e5f5d24c1e/datanode-6/data/ratis/a30f2bbf-e0f1-4f95-9f41-459759a8c03f/in_use.lock acquired by nodename 18553@trunk-nightly-5z2vd-27108033
2019-07-14 08:43:45,152 INFO  storage.RaftStorageDirectory (RaftStorageDirectory.java:tryLock(328)) - Lock on /workdir/hadoop-ozone/integration-test/target/test-dir/MiniOzoneClusterImpl-df066476-45be-4ebf-89ae-60e5f5d24c1e/datanode-5/data/ratis/a30f2bbf-e0f1-4f95-9f41-459759a8c03f/in_use.lock acquired by nodename 18553@trunk-nightly-5z2vd-27108033
2019-07-14 08:43:45,158 INFO  storage.RaftStorage (RaftStorage.java:format(72)) - Storage directory /workdir/hadoop-ozone/integration-test/target/test-dir/MiniOzoneClusterImpl-df066476-45be-4ebf-89ae-60e5f5d24c1e/datanode-6/data/ratis/a30f2bbf-e0f1-4f95-9f41-459759a8c03f has been successfully formatted.
2019-07-14 08:43:45,158 INFO  storage.RaftStorage (RaftStorage.java:format(72)) - Storage directory /workdir/hadoop-ozone/integration-test/target/test-dir/MiniOzoneClusterImpl-df066476-45be-4ebf-89ae-60e5f5d24c1e/datanode-0/data/ratis/a30f2bbf-e0f1-4f95-9f41-459759a8c03f has been successfully formatted.
2019-07-14 08:43:45,158 INFO  storage.RaftStorage (RaftStorage.java:format(72)) - Storage directory /workdir/hadoop-ozone/integration-test/target/test-dir/MiniOzoneClusterImpl-df066476-45be-4ebf-89ae-60e5f5d24c1e/datanode-5/data/ratis/a30f2bbf-e0f1-4f95-9f41-459759a8c03f has been successfully formatted.
2019-07-14 08:43:45,158 INFO  ratis.ContainerStateMachine (ContainerStateMachine.java:loadSnapshot(200)) - group-459759A8C03F: The snapshot info is null. Setting the last applied indexto:(t:0, i:~)
2019-07-14 08:43:45,158 INFO  ratis.ContainerStateMachine (ContainerStateMachine.java:loadSnapshot(200)) - group-459759A8C03F: The snapshot info is null. Setting the last applied indexto:(t:0, i:~)
2019-07-14 08:43:45,159 INFO  server.RaftServerConfigKeys (ConfUtils.java:logGet(43)) - raft.server.leader.election.timeout = 120s (custom)
2019-07-14 08:43:45,158 INFO  ratis.ContainerStateMachine (ContainerStateMachine.java:loadSnapshot(200)) - group-459759A8C03F: The snapshot info is null. Setting the last applied indexto:(t:0, i:~)
2019-07-14 08:43:45,159 INFO  server.RaftServerConfigKeys (ConfUtils.java:logGet(43)) - raft.server.log.use.memory = false (default)
2019-07-14 08:43:45,159 INFO  server.RaftServerConfigKeys (ConfUtils.java:logGet(43)) - raft.server.leader.election.timeout = 120s (custom)
2019-07-14 08:43:45,159 INFO  server.RaftServerConfigKeys (ConfUtils.java:logGet(43)) - raft.server.log.purge.gap = 1000000000 (custom)
2019-07-14 08:43:45,159 INFO  server.RaftServerConfigKeys (ConfUtils.java:logGet(43)) - raft.server.leader.election.timeout = 120s (custom)
2019-07-14 08:43:45,159 INFO  server.RaftServerConfigKeys (ConfUtils.java:logGet(43)) - raft.server.log.appender.buffer.byte-limit = 33554432 (custom)
2019-07-14 08:43:45,159 INFO  server.RaftServerConfigKeys (ConfUtils.java:logGet(43)) - raft.server.log.use.memory = false (default)
2019-07-14 08:43:45,160 INFO  server.RaftServerConfigKeys (ConfUtils.java:logGet(43)) - raft.server.log.segment.size.max = 1048576 (custom)
2019-07-14 08:43:45,159 INFO  server.RaftServerConfigKeys (ConfUtils.java:logGet(43)) - raft.server.log.use.memory = false (default)
2019-07-14 08:43:45,160 INFO  server.RaftServerConfigKeys (ConfUtils.java:logGet(43)) - raft.server.log.segment.cache.num.max = 2 (custom)
2019-07-14 08:43:45,160 INFO  server.RaftServerConfigKeys (ConfUtils.java:logGet(43)) - raft.server.log.purge.gap = 1000000000 (custom)
2019-07-14 08:43:45,160 INFO  segmented.SegmentedRaftLogWorker (SegmentedRaftLogWorker.java:<init>(172)) - new d9b5ea88-2be1-4a6e-b0ee-cc160f5860cf-SegmentedRaftLogWorker:Storage Directory /workdir/hadoop-ozone/integration-test/target/test-dir/MiniOzoneClusterImpl-df066476-45be-4ebf-89ae-60e5f5d24c1e/datanode-0/data/ratis/a30f2bbf-e0f1-4f95-9f41-459759a8c03f for RaftStorage:Storage Directory /workdir/hadoop-ozone/integration-test/target/test-dir/MiniOzoneClusterImpl-df066476-45be-4ebf-89ae-60e5f5d24c1e/datanode-0/data/ratis/a30f2bbf-e0f1-4f95-9f41-459759a8c03f
2019-07-14 08:43:45,160 INFO  server.RaftServerConfigKeys (ConfUtils.java:logGet(43)) - raft.server.log.purge.gap = 1000000000 (custom)
2019-07-14 08:43:45,160 INFO  server.RaftServerConfigKeys (ConfUtils.java:logGet(43)) - raft.server.log.queue.byte-limit = 2147483647 (custom)
2019-07-14 08:43:45,160 INFO  server.RaftServerConfigKeys (ConfUtils.java:logGet(43)) - raft.server.log.appender.buffer.byte-limit = 33554432 (custom)
2019-07-14 08:43:45,162 INFO  server.RaftServerConfigKeys (ConfUtils.java:logGet(43)) - raft.server.log.queue.element-limit = 1024 (custom)
2019-07-14 08:43:45,161 INFO  server.RaftServerConfigKeys (ConfUtils.java:logGet(43)) - raft.server.log.appender.buffer.byte-limit = 33554432 (custom)
2019-07-14 08:43:45,162 INFO  server.RaftServerConfigKeys (ConfUtils.java:logGet(43)) - raft.server.log.segment.size.max = 1048576 (custom)
2019-07-14 08:43:45,162 INFO  server.RaftServerConfigKeys (ConfUtils.java:logGet(43)) - raft.server.log.segment.size.max = 1048576 (custom)
2019-07-14 08:43:45,162 INFO  server.RaftServerConfigKeys (ConfUtils.java:logGet(43)) - raft.server.log.preallocated.size = 16384 (custom)
2019-07-14 08:43:45,162 INFO  server.RaftServerConfigKeys (ConfUtils.java:logGet(43)) - raft.server.log.segment.size.max = 1048576 (custom)
2019-07-14 08:43:45,163 INFO  server.RaftServerConfigKeys (ConfUtils.java:logGet(43)) - raft.server.log.write.buffer.size = 33554432 (custom)
2019-07-14 08:43:45,163 INFO  server.RaftServerConfigKeys (ConfUtils.java:logGet(43)) - raft.server.log.segment.cache.num.max = 2 (custom)
2019-07-14 08:43:45,163 INFO  server.RaftServerConfigKeys (ConfUtils.java:logGet(43)) - raft.server.log.force.sync.num = 128 (default)
2019-07-14 08:43:45,163 INFO  server.RaftServerConfigKeys (ConfUtils.java:logGet(43)) - raft.server.log.segment.cache.num.max = 2 (custom)
2019-07-14 08:43:45,163 INFO  server.RaftServerConfigKeys (ConfUtils.java:logGet(43)) - raft.server.log.statemachine.data.sync = true (default)
2019-07-14 08:43:45,163 INFO  segmented.SegmentedRaftLogWorker (SegmentedRaftLogWorker.java:<init>(172)) - new 4f06aa3a-afb6-48cc-92a7-a4a9f9d53527-SegmentedRaftLogWorker:Storage Directory /workdir/hadoop-ozone/integration-test/target/test-dir/MiniOzoneClusterImpl-df066476-45be-4ebf-89ae-60e5f5d24c1e/datanode-6/data/ratis/a30f2bbf-e0f1-4f95-9f41-459759a8c03f for RaftStorage:Storage Directory /workdir/hadoop-ozone/integration-test/target/test-dir/MiniOzoneClusterImpl-df066476-45be-4ebf-89ae-60e5f5d24c1e/datanode-6/data/ratis/a30f2bbf-e0f1-4f95-9f41-459759a8c03f
2019-07-14 08:43:45,164 INFO  server.RaftServerConfigKeys (ConfUtils.java:logGet(43)) - raft.server.log.statemachine.data.sync.timeout = 10s (default)
2019-07-14 08:43:45,164 INFO  segmented.SegmentedRaftLogWorker (SegmentedRaftLogWorker.java:<init>(172)) - new e46a66f4-a53a-42e3-9456-baa074b0d3f9-SegmentedRaftLogWorker:Storage Directory /workdir/hadoop-ozone/integration-test/target/test-dir/MiniOzoneClusterImpl-df066476-45be-4ebf-89ae-60e5f5d24c1e/datanode-5/data/ratis/a30f2bbf-e0f1-4f95-9f41-459759a8c03f for RaftStorage:Storage Directory /workdir/hadoop-ozone/integration-test/target/test-dir/MiniOzoneClusterImpl-df066476-45be-4ebf-89ae-60e5f5d24c1e/datanode-5/data/ratis/a30f2bbf-e0f1-4f95-9f41-459759a8c03f
2019-07-14 08:43:45,164 INFO  server.RaftServerConfigKeys (ConfUtils.java:logGet(43)) - raft.server.log.statemachine.data.sync.timeout.retry = -1 (default)
2019-07-14 08:43:45,164 INFO  server.RaftServerConfigKeys (ConfUtils.java:logGet(43)) - raft.server.log.queue.byte-limit = 2147483647 (custom)
2019-07-14 08:43:45,167 INFO  server.RaftServerConfigKeys (ConfUtils.java:logGet(43)) - raft.server.log.statemachine.data.caching.enabled = true (custom)
2019-07-14 08:43:45,165 INFO  server.RaftServerConfigKeys (ConfUtils.java:logGet(43)) - raft.server.log.queue.byte-limit = 2147483647 (custom)
2019-07-14 08:43:45,167 INFO  server.RaftServerConfigKeys (ConfUtils.java:logGet(43)) - raft.server.log.queue.element-limit = 1024 (custom)
2019-07-14 08:43:45,167 INFO  segmented.SegmentedRaftLogWorker (SegmentedRaftLogWorker.java:lambda$new$0(132)) - d9b5ea88-2be1-4a6e-b0ee-cc160f5860cf-SegmentedRaftLogWorker:Storage Directory /workdir/hadoop-ozone/integration-test/target/test-dir/MiniOzoneClusterImpl-df066476-45be-4ebf-89ae-60e5f5d24c1e/datanode-0/data/ratis/a30f2bbf-e0f1-4f95-9f41-459759a8c03f: flushIndex: setUnconditionally 0 -> -1
2019-07-14 08:43:45,168 INFO  server.RaftServerConfigKeys (ConfUtils.java:logGet(43)) - raft.server.log.queue.element-limit = 1024 (custom)
2019-07-14 08:43:45,168 INFO  server.RaftServerConfigKeys (ConfUtils.java:logGet(43)) - raft.server.log.segment.size.max = 1048576 (custom)
2019-07-14 08:43:45,168 INFO  server.RaftServerConfigKeys (ConfUtils.java:logGet(43)) - raft.server.snapshot.auto.trigger.enabled = true (custom)
2019-07-14 08:43:45,168 INFO  server.RaftServerConfigKeys (ConfUtils.java:logGet(43)) - raft.server.log.segment.size.max = 1048576 (custom)
2019-07-14 08:43:45,168 INFO  server.RaftServerConfigKeys (ConfUtils.java:logGet(43)) - raft.server.snapshot.auto.trigger.threshold = 10000 (custom)
2019-07-14 08:43:45,168 INFO  server.RaftServerConfigKeys (ConfUtils.java:logGet(43)) - raft.server.log.preallocated.size = 16384 (custom)
2019-07-14 08:43:45,169 INFO  server.RaftServerConfigKeys (ConfUtils.java:logGet(43)) - raft.server.retrycache.expirytime = 600000ms (custom)
2019-07-14 08:43:45,168 INFO  server.RaftServerConfigKeys (ConfUtils.java:logGet(43)) - raft.server.log.preallocated.size = 16384 (custom)
2019-07-14 08:43:45,169 INFO  impl.RaftServerImpl (RaftServerImpl.java:start(180)) - d9b5ea88-2be1-4a6e-b0ee-cc160f5860cf: start group-459759A8C03F
2019-07-14 08:43:45,169 INFO  server.RaftServerConfigKeys (ConfUtils.java:logGet(43)) - raft.server.log.write.buffer.size = 33554432 (custom)
2019-07-14 08:43:45,169 INFO  impl.RaftServerImpl (RaftServerImpl.java:setRole(171)) - d9b5ea88-2be1-4a6e-b0ee-cc160f5860cf:group-459759A8C03F changes role from null to FOLLOWER at term 0 for startAsFollower
2019-07-14 08:43:45,169 INFO  server.RaftServerConfigKeys (ConfUtils.java:logGet(43)) - raft.server.log.write.buffer.size = 33554432 (custom)
2019-07-14 08:43:45,169 INFO  impl.RoleInfo (RoleInfo.java:updateAndGet(143)) - d9b5ea88-2be1-4a6e-b0ee-cc160f5860cf: start FollowerState
2019-07-14 08:43:45,169 INFO  server.RaftServerConfigKeys (ConfUtils.java:logGet(43)) - raft.server.log.force.sync.num = 128 (default)
2019-07-14 08:43:45,169 INFO  server.RaftServerConfigKeys (ConfUtils.java:logGet(43)) - raft.server.log.force.sync.num = 128 (default)
2019-07-14 08:43:45,170 INFO  server.RaftServerConfigKeys (ConfUtils.java:logGet(43)) - raft.server.log.statemachine.data.sync = true (default)
2019-07-14 08:43:45,170 INFO  util.JmxRegister (JmxRegister.java:tryRegister(44)) - Successfully registered JMX Bean with object name Ratis:service=RaftServer,group=group-459759A8C03F,id=d9b5ea88-2be1-4a6e-b0ee-cc160f5860cf
2019-07-14 08:43:45,170 INFO  server.RaftServerConfigKeys (ConfUtils.java:logGet(43)) - raft.server.log.statemachine.data.sync = true (default)
2019-07-14 08:43:45,170 INFO  server.RaftServerConfigKeys (ConfUtils.java:logGet(43)) - raft.server.log.statemachine.data.sync.timeout = 10s (default)
2019-07-14 08:43:45,170 INFO  server.RaftServerConfigKeys (ConfUtils.java:logGet(43)) - raft.server.log.statemachine.data.sync.timeout = 10s (default)
2019-07-14 08:43:45,170 INFO  server.RaftServerConfigKeys (ConfUtils.java:logGet(43)) - raft.server.log.statemachine.data.sync.timeout.retry = -1 (default)
2019-07-14 08:43:45,171 INFO  server.RaftServerConfigKeys (ConfUtils.java:logGet(43)) - raft.server.log.statemachine.data.sync.timeout.retry = -1 (default)
2019-07-14 08:43:45,171 INFO  server.RaftServerConfigKeys (ConfUtils.java:logGet(43)) - raft.server.log.statemachine.data.caching.enabled = true (custom)
2019-07-14 08:43:45,171 INFO  server.RaftServerConfigKeys (ConfUtils.java:logGet(43)) - raft.server.log.statemachine.data.caching.enabled = true (custom)
2019-07-14 08:43:45,171 INFO  segmented.SegmentedRaftLogWorker (SegmentedRaftLogWorker.java:lambda$new$0(132)) - 4f06aa3a-afb6-48cc-92a7-a4a9f9d53527-SegmentedRaftLogWorker:Storage Directory /workdir/hadoop-ozone/integration-test/target/test-dir/MiniOzoneClusterImpl-df066476-45be-4ebf-89ae-60e5f5d24c1e/datanode-6/data/ratis/a30f2bbf-e0f1-4f95-9f41-459759a8c03f: flushIndex: setUnconditionally 0 -> -1
2019-07-14 08:43:45,171 INFO  segmented.SegmentedRaftLogWorker (SegmentedRaftLogWorker.java:lambda$new$0(132)) - e46a66f4-a53a-42e3-9456-baa074b0d3f9-SegmentedRaftLogWorker:Storage Directory /workdir/hadoop-ozone/integration-test/target/test-dir/MiniOzoneClusterImpl-df066476-45be-4ebf-89ae-60e5f5d24c1e/datanode-5/data/ratis/a30f2bbf-e0f1-4f95-9f41-459759a8c03f: flushIndex: setUnconditionally 0 -> -1
2019-07-14 08:43:45,171 INFO  server.RaftServerConfigKeys (ConfUtils.java:logGet(43)) - raft.server.snapshot.auto.trigger.enabled = true (custom)
2019-07-14 08:43:45,172 INFO  server.RaftServerConfigKeys (ConfUtils.java:logGet(43)) - raft.server.snapshot.auto.trigger.threshold = 10000 (custom)
2019-07-14 08:43:45,172 INFO  server.RaftServerConfigKeys (ConfUtils.java:logGet(43)) - raft.server.snapshot.auto.trigger.enabled = true (custom)
2019-07-14 08:43:45,172 INFO  server.RaftServerConfigKeys (ConfUtils.java:logGet(43)) - raft.server.retrycache.expirytime = 600000ms (custom)
2019-07-14 08:43:45,172 INFO  server.RaftServerConfigKeys (ConfUtils.java:logGet(43)) - raft.server.snapshot.auto.trigger.threshold = 10000 (custom)
2019-07-14 08:43:45,172 INFO  impl.RaftServerImpl (RaftServerImpl.java:start(180)) - 4f06aa3a-afb6-48cc-92a7-a4a9f9d53527: start group-459759A8C03F
2019-07-14 08:43:45,172 INFO  impl.RaftServerImpl (RaftServerImpl.java:setRole(171)) - 4f06aa3a-afb6-48cc-92a7-a4a9f9d53527:group-459759A8C03F changes role from null to FOLLOWER at term 0 for startAsFollower
2019-07-14 08:43:45,172 INFO  server.RaftServerConfigKeys (ConfUtils.java:logGet(43)) - raft.server.retrycache.expirytime = 600000ms (custom)
2019-07-14 08:43:45,172 INFO  impl.RoleInfo (RoleInfo.java:updateAndGet(143)) - 4f06aa3a-afb6-48cc-92a7-a4a9f9d53527: start FollowerState
2019-07-14 08:43:45,175 INFO  impl.RaftServerImpl (RaftServerImpl.java:start(180)) - e46a66f4-a53a-42e3-9456-baa074b0d3f9: start group-459759A8C03F
2019-07-14 08:43:45,175 INFO  impl.RaftServerImpl (RaftServerImpl.java:setRole(171)) - e46a66f4-a53a-42e3-9456-baa074b0d3f9:group-459759A8C03F changes role from null to FOLLOWER at term 0 for startAsFollower
2019-07-14 08:43:45,175 INFO  util.JmxRegister (JmxRegister.java:tryRegister(44)) - Successfully registered JMX Bean with object name Ratis:service=RaftServer,group=group-459759A8C03F,id=4f06aa3a-afb6-48cc-92a7-a4a9f9d53527
2019-07-14 08:43:45,175 INFO  impl.RoleInfo (RoleInfo.java:updateAndGet(143)) - e46a66f4-a53a-42e3-9456-baa074b0d3f9: start FollowerState
2019-07-14 08:43:45,177 INFO  util.JmxRegister (JmxRegister.java:tryRegister(44)) - Successfully registered JMX Bean with object name Ratis:service=RaftServer,group=group-459759A8C03F,id=e46a66f4-a53a-42e3-9456-baa074b0d3f9
2019-07-14 08:43:45,191 INFO  pipeline.PipelineStateManager (PipelineStateManager.java:addPipeline(56)) - Created pipeline Pipeline[ Id: a30f2bbf-e0f1-4f95-9f41-459759a8c03f, Nodes: e46a66f4-a53a-42e3-9456-baa074b0d3f9{ip: 192.168.5.191, host: trunk-nightly-5z2vd-27108033, networkLocation: /default-rack, certSerialId: null}4f06aa3a-afb6-48cc-92a7-a4a9f9d53527{ip: 192.168.5.191, host: trunk-nightly-5z2vd-27108033, networkLocation: /default-rack, certSerialId: null}d9b5ea88-2be1-4a6e-b0ee-cc160f5860cf{ip: 192.168.5.191, host: trunk-nightly-5z2vd-27108033, networkLocation: /default-rack, certSerialId: null}, Type:RATIS, Factor:THREE, State:OPEN]
2019-07-14 08:43:45,637 INFO  ozone.MiniOzoneClusterImpl (MiniOzoneClusterImpl.java:lambda$waitForClusterToBeReady$0(142)) - Cluster is ready. Got 7 of 7 DN Heartbeats.
2019-07-14 08:43:45,985 INFO  rpc.RpcClient (RpcClient.java:createVolume(287)) - Creating Volume: closecontainerexceptionhandlingtest, with jenkins1000 as owner.
2019-07-14 08:43:46,046 INFO  rpc.RpcClient (RpcClient.java:createBucket(424)) - Creating Bucket: closecontainerexceptionhandlingtest/closecontainerexceptionhandlingtest, with Versioning false and Storage Type set to DISK and Encryption set to false 
2019-07-14 08:43:46,307 INFO  container.ReplicationManager (ReplicationManager.java:start(155)) - Starting Replication Monitor Thread.
2019-07-14 08:43:46,315 INFO  container.ReplicationManager (ReplicationManager.java:run(207)) - Replication Monitor Thread took 4 milliseconds for processing 1 containers.
2019-07-14 08:43:46,401 INFO  client.GrpcClientProtocolClient (GrpcClientProtocolClient.java:onNext(255)) - client-C44D948F4FB4->e46a66f4-a53a-42e3-9456-baa074b0d3f9: receive RaftClientReply:client-C44D948F4FB4->e46a66f4-a53a-42e3-9456-baa074b0d3f9@group-459759A8C03F, cid=13, FAILED org.apache.ratis.protocol.NotLeaderException: Server e46a66f4-a53a-42e3-9456-baa074b0d3f9 is not the leader (null). Request must be sent to leader., logIndex=0, commits[e46a66f4-a53a-42e3-9456-baa074b0d3f9:c-1]
2019-07-14 08:43:47,466 INFO  client.GrpcClientProtocolClient (GrpcClientProtocolClient.java:onNext(255)) - client-C44D948F4FB4->d9b5ea88-2be1-4a6e-b0ee-cc160f5860cf: receive RaftClientReply:client-C44D948F4FB4->d9b5ea88-2be1-4a6e-b0ee-cc160f5860cf@group-459759A8C03F, cid=13, FAILED org.apache.ratis.protocol.NotLeaderException: Server d9b5ea88-2be1-4a6e-b0ee-cc160f5860cf is not the leader (null). Request must be sent to leader., logIndex=0, commits[d9b5ea88-2be1-4a6e-b0ee-cc160f5860cf:c-1]
2019-07-14 08:43:48,507 INFO  client.GrpcClientProtocolClient (GrpcClientProtocolClient.java:onNext(255)) - client-C44D948F4FB4->4f06aa3a-afb6-48cc-92a7-a4a9f9d53527: receive RaftClientReply:client-C44D948F4FB4->4f06aa3a-afb6-48cc-92a7-a4a9f9d53527@group-459759A8C03F, cid=13, FAILED org.apache.ratis.protocol.NotLeaderException: Server 4f06aa3a-afb6-48cc-92a7-a4a9f9d53527 is not the leader (null). Request must be sent to leader., logIndex=0, commits[4f06aa3a-afb6-48cc-92a7-a4a9f9d53527:c-1]
2019-07-14 08:43:49,550 INFO  client.GrpcClientProtocolClient (GrpcClientProtocolClient.java:onNext(255)) - client-C44D948F4FB4->d9b5ea88-2be1-4a6e-b0ee-cc160f5860cf: receive RaftClientReply:client-C44D948F4FB4->d9b5ea88-2be1-4a6e-b0ee-cc160f5860cf@group-459759A8C03F, cid=13, FAILED org.apache.ratis.protocol.NotLeaderException: Server d9b5ea88-2be1-4a6e-b0ee-cc160f5860cf is not the leader (null). Request must be sent to leader., logIndex=0, commits[d9b5ea88-2be1-4a6e-b0ee-cc160f5860cf:c-1]
2019-07-14 08:43:49,557 INFO  impl.FollowerState (FollowerState.java:run(106)) - d9b5ea88-2be1-4a6e-b0ee-cc160f5860cf:group-AFA6687E3EDC changes to CANDIDATE, lastRpcTime:5096, electionTimeout:5094ms
2019-07-14 08:43:49,557 INFO  impl.RoleInfo (RoleInfo.java:shutdownFollowerState(121)) - d9b5ea88-2be1-4a6e-b0ee-cc160f5860cf: shutdown FollowerState
2019-07-14 08:43:49,557 INFO  impl.RaftServerImpl (RaftServerImpl.java:setRole(171)) - d9b5ea88-2be1-4a6e-b0ee-cc160f5860cf:group-AFA6687E3EDC changes role from FOLLOWER to CANDIDATE at term 0 for changeToCandidate
2019-07-14 08:43:49,564 INFO  impl.RoleInfo (RoleInfo.java:updateAndGet(143)) - d9b5ea88-2be1-4a6e-b0ee-cc160f5860cf: start LeaderElection
2019-07-14 08:43:49,576 INFO  impl.LeaderElection (LeaderElection.java:askForVotes(181)) - d9b5ea88-2be1-4a6e-b0ee-cc160f5860cf:group-AFA6687E3EDC:LeaderElection1: begin an election at term 1 for -1: [d9b5ea88-2be1-4a6e-b0ee-cc160f5860cf:192.168.5.191:46218], old=null
2019-07-14 08:43:49,578 INFO  impl.RoleInfo (RoleInfo.java:shutdownLeaderElection(134)) - d9b5ea88-2be1-4a6e-b0ee-cc160f5860cf: shutdown LeaderElection
2019-07-14 08:43:49,579 INFO  impl.RaftServerImpl (RaftServerImpl.java:setRole(171)) - d9b5ea88-2be1-4a6e-b0ee-cc160f5860cf:group-AFA6687E3EDC changes role from CANDIDATE to LEADER at term 1 for changeToLeader
2019-07-14 08:43:49,579 INFO  impl.RaftServerImpl (ServerState.java:setLeader(263)) - d9b5ea88-2be1-4a6e-b0ee-cc160f5860cf:group-AFA6687E3EDC change Leader from null to d9b5ea88-2be1-4a6e-b0ee-cc160f5860cf at term 1 for becomeLeader, leader elected after 5216ms
2019-07-14 08:43:49,587 INFO  server.RaftServerConfigKeys (ConfUtils.java:logGet(43)) - raft.server.staging.catchup.gap = 1000 (default)
2019-07-14 08:43:49,587 INFO  server.RaftServerConfigKeys (ConfUtils.java:logGet(43)) - raft.server.rpc.sleep.time = 25ms (default)
2019-07-14 08:43:49,591 INFO  server.RaftServerConfigKeys (ConfUtils.java:logGet(43)) - raft.server.write.element-limit = 4096 (default)
2019-07-14 08:43:49,594 INFO  server.RaftServerConfigKeys (ConfUtils.java:logGet(43)) - raft.server.watch.timeout = 10s (default)
2019-07-14 08:43:49,594 INFO  server.RaftServerConfigKeys (ConfUtils.java:logGet(43)) - raft.server.watch.timeout.denomination = 1s (default)
2019-07-14 08:43:49,595 INFO  server.RaftServerConfigKeys (ConfUtils.java:logGet(43)) - raft.server.watch.element-limit = 65536 (default)
2019-07-14 08:43:49,606 INFO  impl.RoleInfo (RoleInfo.java:updateAndGet(143)) - d9b5ea88-2be1-4a6e-b0ee-cc160f5860cf: start LeaderState
2019-07-14 08:43:49,632 INFO  segmented.SegmentedRaftLogWorker (SegmentedRaftLogWorker.java:startLogSegment(380)) - d9b5ea88-2be1-4a6e-b0ee-cc160f5860cf-SegmentedRaftLogWorker:Storage Directory /workdir/hadoop-ozone/integration-test/target/test-dir/MiniOzoneClusterImpl-df066476-45be-4ebf-89ae-60e5f5d24c1e/datanode-0/data/ratis/fc6dfe1d-1179-4d9b-aded-afa6687e3edc: Starting segment from index:0
2019-07-14 08:43:49,642 INFO  impl.RaftServerImpl (ServerState.java:setRaftConf(361)) - d9b5ea88-2be1-4a6e-b0ee-cc160f5860cf:group-AFA6687E3EDC set configuration 0: [d9b5ea88-2be1-4a6e-b0ee-cc160f5860cf:192.168.5.191:46218], old=null at 0
2019-07-14 08:43:49,817 INFO  segmented.SegmentedRaftLogWorker (SegmentedRaftLogWorker.java:execute(569)) - d9b5ea88-2be1-4a6e-b0ee-cc160f5860cf-SegmentedRaftLogWorker:Storage Directory /workdir/hadoop-ozone/integration-test/target/test-dir/MiniOzoneClusterImpl-df066476-45be-4ebf-89ae-60e5f5d24c1e/datanode-0/data/ratis/fc6dfe1d-1179-4d9b-aded-afa6687e3edc: created new log segment /workdir/hadoop-ozone/integration-test/target/test-dir/MiniOzoneClusterImpl-df066476-45be-4ebf-89ae-60e5f5d24c1e/datanode-0/data/ratis/fc6dfe1d-1179-4d9b-aded-afa6687e3edc/current/log_inprogress_0
2019-07-14 08:43:49,821 INFO  impl.FollowerState (FollowerState.java:run(106)) - 21afc0f0-84c2-4801-889d-34a8387a9803:group-DEBA712A7AC4 changes to CANDIDATE, lastRpcTime:5146, electionTimeout:5141ms
2019-07-14 08:43:49,824 INFO  impl.RoleInfo (RoleInfo.java:shutdownFollowerState(121)) - 21afc0f0-84c2-4801-889d-34a8387a9803: shutdown FollowerState
2019-07-14 08:43:49,824 INFO  impl.RaftServerImpl (RaftServerImpl.java:setRole(171)) - 21afc0f0-84c2-4801-889d-34a8387a9803:group-DEBA712A7AC4 changes role from FOLLOWER to CANDIDATE at term 0 for changeToCandidate
2019-07-14 08:43:49,824 INFO  impl.RoleInfo (RoleInfo.java:updateAndGet(143)) - 21afc0f0-84c2-4801-889d-34a8387a9803: start LeaderElection
2019-07-14 08:43:49,836 INFO  impl.LeaderElection (LeaderElection.java:askForVotes(181)) - 21afc0f0-84c2-4801-889d-34a8387a9803:group-DEBA712A7AC4:LeaderElection2: begin an election at term 1 for -1: [21afc0f0-84c2-4801-889d-34a8387a9803:192.168.5.191:34827], old=null
2019-07-14 08:43:49,840 INFO  impl.RoleInfo (RoleInfo.java:shutdownLeaderElection(134)) - 21afc0f0-84c2-4801-889d-34a8387a9803: shutdown LeaderElection
2019-07-14 08:43:49,840 INFO  impl.RaftServerImpl (RaftServerImpl.java:setRole(171)) - 21afc0f0-84c2-4801-889d-34a8387a9803:group-DEBA712A7AC4 changes role from CANDIDATE to LEADER at term 1 for changeToLeader
2019-07-14 08:43:49,840 INFO  impl.RaftServerImpl (ServerState.java:setLeader(263)) - 21afc0f0-84c2-4801-889d-34a8387a9803:group-DEBA712A7AC4 change Leader from null to 21afc0f0-84c2-4801-889d-34a8387a9803 at term 1 for becomeLeader, leader elected after 5172ms
2019-07-14 08:43:49,840 INFO  server.RaftServerConfigKeys (ConfUtils.java:logGet(43)) - raft.server.staging.catchup.gap = 1000 (default)
2019-07-14 08:43:49,841 INFO  server.RaftServerConfigKeys (ConfUtils.java:logGet(43)) - raft.server.rpc.sleep.time = 25ms (default)
2019-07-14 08:43:49,841 INFO  server.RaftServerConfigKeys (ConfUtils.java:logGet(43)) - raft.server.write.element-limit = 4096 (default)
2019-07-14 08:43:49,841 INFO  server.RaftServerConfigKeys (ConfUtils.java:logGet(43)) - raft.server.watch.timeout = 10s (default)
2019-07-14 08:43:49,841 INFO  server.RaftServerConfigKeys (ConfUtils.java:logGet(43)) - raft.server.watch.timeout.denomination = 1s (default)
2019-07-14 08:43:49,841 INFO  server.RaftServerConfigKeys (ConfUtils.java:logGet(43)) - raft.server.watch.element-limit = 65536 (default)
2019-07-14 08:43:49,842 INFO  impl.RoleInfo (RoleInfo.java:updateAndGet(143)) - 21afc0f0-84c2-4801-889d-34a8387a9803: start LeaderState
2019-07-14 08:43:49,842 INFO  segmented.SegmentedRaftLogWorker (SegmentedRaftLogWorker.java:startLogSegment(380)) - 21afc0f0-84c2-4801-889d-34a8387a9803-SegmentedRaftLogWorker:Storage Directory /workdir/hadoop-ozone/integration-test/target/test-dir/MiniOzoneClusterImpl-df066476-45be-4ebf-89ae-60e5f5d24c1e/datanode-1/data/ratis/96793402-3fbd-4a98-b111-deba712a7ac4: Starting segment from index:0
2019-07-14 08:43:49,843 INFO  impl.RaftServerImpl (ServerState.java:setRaftConf(361)) - 21afc0f0-84c2-4801-889d-34a8387a9803:group-DEBA712A7AC4 set configuration 0: [21afc0f0-84c2-4801-889d-34a8387a9803:192.168.5.191:34827], old=null at 0
2019-07-14 08:43:49,875 INFO  segmented.SegmentedRaftLogWorker (SegmentedRaftLogWorker.java:execute(569)) - 21afc0f0-84c2-4801-889d-34a8387a9803-SegmentedRaftLogWorker:Storage Directory /workdir/hadoop-ozone/integration-test/target/test-dir/MiniOzoneClusterImpl-df066476-45be-4ebf-89ae-60e5f5d24c1e/datanode-1/data/ratis/96793402-3fbd-4a98-b111-deba712a7ac4: created new log segment /workdir/hadoop-ozone/integration-test/target/test-dir/MiniOzoneClusterImpl-df066476-45be-4ebf-89ae-60e5f5d24c1e/datanode-1/data/ratis/96793402-3fbd-4a98-b111-deba712a7ac4/current/log_inprogress_0
2019-07-14 08:43:49,933 INFO  impl.FollowerState (FollowerState.java:run(106)) - a1e247ec-0224-42b9-b69e-d5ba19079f20:group-1E3F14B60687 changes to CANDIDATE, lastRpcTime:5170, electionTimeout:5170ms
2019-07-14 08:43:49,933 INFO  impl.RoleInfo (RoleInfo.java:shutdownFollowerState(121)) - a1e247ec-0224-42b9-b69e-d5ba19079f20: shutdown FollowerState
2019-07-14 08:43:49,933 INFO  impl.RaftServerImpl (RaftServerImpl.java:setRole(171)) - a1e247ec-0224-42b9-b69e-d5ba19079f20:group-1E3F14B60687 changes role from FOLLOWER to CANDIDATE at term 0 for changeToCandidate
2019-07-14 08:43:49,933 INFO  impl.RoleInfo (RoleInfo.java:updateAndGet(143)) - a1e247ec-0224-42b9-b69e-d5ba19079f20: start LeaderElection
2019-07-14 08:43:49,945 INFO  impl.LeaderElection (LeaderElection.java:askForVotes(181)) - a1e247ec-0224-42b9-b69e-d5ba19079f20:group-1E3F14B60687:LeaderElection3: begin an election at term 1 for -1: [a1e247ec-0224-42b9-b69e-d5ba19079f20:192.168.5.191:39003], old=null
2019-07-14 08:43:49,947 INFO  impl.RoleInfo (RoleInfo.java:shutdownLeaderElection(134)) - a1e247ec-0224-42b9-b69e-d5ba19079f20: shutdown LeaderElection
2019-07-14 08:43:49,947 INFO  impl.RaftServerImpl (RaftServerImpl.java:setRole(171)) - a1e247ec-0224-42b9-b69e-d5ba19079f20:group-1E3F14B60687 changes role from CANDIDATE to LEADER at term 1 for changeToLeader
2019-07-14 08:43:49,947 INFO  impl.RaftServerImpl (ServerState.java:setLeader(263)) - a1e247ec-0224-42b9-b69e-d5ba19079f20:group-1E3F14B60687 change Leader from null to a1e247ec-0224-42b9-b69e-d5ba19079f20 at term 1 for becomeLeader, leader elected after 5192ms
2019-07-14 08:43:49,947 INFO  server.RaftServerConfigKeys (ConfUtils.java:logGet(43)) - raft.server.staging.catchup.gap = 1000 (default)
2019-07-14 08:43:49,947 INFO  server.RaftServerConfigKeys (ConfUtils.java:logGet(43)) - raft.server.rpc.sleep.time = 25ms (default)
2019-07-14 08:43:49,948 INFO  server.RaftServerConfigKeys (ConfUtils.java:logGet(43)) - raft.server.write.element-limit = 4096 (default)
2019-07-14 08:43:49,948 INFO  server.RaftServerConfigKeys (ConfUtils.java:logGet(43)) - raft.server.watch.timeout = 10s (default)
2019-07-14 08:43:49,948 INFO  impl.FollowerState (FollowerState.java:run(106)) - e46a66f4-a53a-42e3-9456-baa074b0d3f9:group-BDD4F925C1D8 changes to CANDIDATE, lastRpcTime:5058, electionTimeout:5058ms
2019-07-14 08:43:49,948 INFO  server.RaftServerConfigKeys (ConfUtils.java:logGet(43)) - raft.server.watch.timeout.denomination = 1s (default)
2019-07-14 08:43:49,948 INFO  impl.RoleInfo (RoleInfo.java:shutdownFollowerState(121)) - e46a66f4-a53a-42e3-9456-baa074b0d3f9: shutdown FollowerState
2019-07-14 08:43:49,948 INFO  server.RaftServerConfigKeys (ConfUtils.java:logGet(43)) - raft.server.watch.element-limit = 65536 (default)
2019-07-14 08:43:49,948 INFO  impl.RaftServerImpl (RaftServerImpl.java:setRole(171)) - e46a66f4-a53a-42e3-9456-baa074b0d3f9:group-BDD4F925C1D8 changes role from FOLLOWER to CANDIDATE at term 0 for changeToCandidate
2019-07-14 08:43:49,949 INFO  impl.RoleInfo (RoleInfo.java:updateAndGet(143)) - e46a66f4-a53a-42e3-9456-baa074b0d3f9: start LeaderElection
2019-07-14 08:43:49,949 INFO  impl.RoleInfo (RoleInfo.java:updateAndGet(143)) - a1e247ec-0224-42b9-b69e-d5ba19079f20: start LeaderState
2019-07-14 08:43:49,953 INFO  segmented.SegmentedRaftLogWorker (SegmentedRaftLogWorker.java:startLogSegment(380)) - a1e247ec-0224-42b9-b69e-d5ba19079f20-SegmentedRaftLogWorker:Storage Directory /workdir/hadoop-ozone/integration-test/target/test-dir/MiniOzoneClusterImpl-df066476-45be-4ebf-89ae-60e5f5d24c1e/datanode-2/data/ratis/e363b310-1b0b-4bdb-9849-1e3f14b60687: Starting segment from index:0
2019-07-14 08:43:49,955 INFO  impl.RaftServerImpl (ServerState.java:setRaftConf(361)) - a1e247ec-0224-42b9-b69e-d5ba19079f20:group-1E3F14B60687 set configuration 0: [a1e247ec-0224-42b9-b69e-d5ba19079f20:192.168.5.191:39003], old=null at 0
2019-07-14 08:43:49,976 INFO  impl.LeaderElection (LeaderElection.java:askForVotes(181)) - e46a66f4-a53a-42e3-9456-baa074b0d3f9:group-BDD4F925C1D8:LeaderElection4: begin an election at term 1 for -1: [e46a66f4-a53a-42e3-9456-baa074b0d3f9:192.168.5.191:44273], old=null
2019-07-14 08:43:49,976 INFO  impl.RoleInfo (RoleInfo.java:shutdownLeaderElection(134)) - e46a66f4-a53a-42e3-9456-baa074b0d3f9: shutdown LeaderElection
2019-07-14 08:43:49,976 INFO  impl.RaftServerImpl (RaftServerImpl.java:setRole(171)) - e46a66f4-a53a-42e3-9456-baa074b0d3f9:group-BDD4F925C1D8 changes role from CANDIDATE to LEADER at term 1 for changeToLeader
2019-07-14 08:43:49,976 INFO  impl.RaftServerImpl (ServerState.java:setLeader(263)) - e46a66f4-a53a-42e3-9456-baa074b0d3f9:group-BDD4F925C1D8 change Leader from null to e46a66f4-a53a-42e3-9456-baa074b0d3f9 at term 1 for becomeLeader, leader elected after 5095ms
2019-07-14 08:43:49,976 INFO  server.RaftServerConfigKeys (ConfUtils.java:logGet(43)) - raft.server.staging.catchup.gap = 1000 (default)
2019-07-14 08:43:49,976 INFO  server.RaftServerConfigKeys (ConfUtils.java:logGet(43)) - raft.server.rpc.sleep.time = 25ms (default)
2019-07-14 08:43:49,977 INFO  server.RaftServerConfigKeys (ConfUtils.java:logGet(43)) - raft.server.write.element-limit = 4096 (default)
2019-07-14 08:43:49,977 INFO  server.RaftServerConfigKeys (ConfUtils.java:logGet(43)) - raft.server.watch.timeout = 10s (default)
2019-07-14 08:43:49,977 INFO  server.RaftServerConfigKeys (ConfUtils.java:logGet(43)) - raft.server.watch.timeout.denomination = 1s (default)
2019-07-14 08:43:49,977 INFO  server.RaftServerConfigKeys (ConfUtils.java:logGet(43)) - raft.server.watch.element-limit = 65536 (default)
2019-07-14 08:43:49,978 INFO  impl.RoleInfo (RoleInfo.java:updateAndGet(143)) - e46a66f4-a53a-42e3-9456-baa074b0d3f9: start LeaderState
2019-07-14 08:43:49,978 INFO  segmented.SegmentedRaftLogWorker (SegmentedRaftLogWorker.java:startLogSegment(380)) - e46a66f4-a53a-42e3-9456-baa074b0d3f9-SegmentedRaftLogWorker:Storage Directory /workdir/hadoop-ozone/integration-test/target/test-dir/MiniOzoneClusterImpl-df066476-45be-4ebf-89ae-60e5f5d24c1e/datanode-5/data/ratis/bca65909-f0d8-473f-af90-bdd4f925c1d8: Starting segment from index:0
2019-07-14 08:43:49,979 INFO  impl.RaftServerImpl (ServerState.java:setRaftConf(361)) - e46a66f4-a53a-42e3-9456-baa074b0d3f9:group-BDD4F925C1D8 set configuration 0: [e46a66f4-a53a-42e3-9456-baa074b0d3f9:192.168.5.191:44273], old=null at 0
2019-07-14 08:43:49,988 INFO  segmented.SegmentedRaftLogWorker (SegmentedRaftLogWorker.java:execute(569)) - a1e247ec-0224-42b9-b69e-d5ba19079f20-SegmentedRaftLogWorker:Storage Directory /workdir/hadoop-ozone/integration-test/target/test-dir/MiniOzoneClusterImpl-df066476-45be-4ebf-89ae-60e5f5d24c1e/datanode-2/data/ratis/e363b310-1b0b-4bdb-9849-1e3f14b60687: created new log segment /workdir/hadoop-ozone/integration-test/target/test-dir/MiniOzoneClusterImpl-df066476-45be-4ebf-89ae-60e5f5d24c1e/datanode-2/data/ratis/e363b310-1b0b-4bdb-9849-1e3f14b60687/current/log_inprogress_0
2019-07-14 08:43:50,009 INFO  segmented.SegmentedRaftLogWorker (SegmentedRaftLogWorker.java:execute(569)) - e46a66f4-a53a-42e3-9456-baa074b0d3f9-SegmentedRaftLogWorker:Storage Directory /workdir/hadoop-ozone/integration-test/target/test-dir/MiniOzoneClusterImpl-df066476-45be-4ebf-89ae-60e5f5d24c1e/datanode-5/data/ratis/bca65909-f0d8-473f-af90-bdd4f925c1d8: created new log segment /workdir/hadoop-ozone/integration-test/target/test-dir/MiniOzoneClusterImpl-df066476-45be-4ebf-89ae-60e5f5d24c1e/datanode-5/data/ratis/bca65909-f0d8-473f-af90-bdd4f925c1d8/current/log_inprogress_0
2019-07-14 08:43:50,014 INFO  impl.FollowerState (FollowerState.java:run(106)) - 4f06aa3a-afb6-48cc-92a7-a4a9f9d53527:group-E82E2B5936AF changes to CANDIDATE, lastRpcTime:5059, electionTimeout:5059ms
2019-07-14 08:43:50,016 INFO  impl.RoleInfo (RoleInfo.java:shutdownFollowerState(121)) - 4f06aa3a-afb6-48cc-92a7-a4a9f9d53527: shutdown FollowerState
2019-07-14 08:43:50,016 INFO  impl.RaftServerImpl (RaftServerImpl.java:setRole(171)) - 4f06aa3a-afb6-48cc-92a7-a4a9f9d53527:group-E82E2B5936AF changes role from FOLLOWER to CANDIDATE at term 0 for changeToCandidate
2019-07-14 08:43:50,016 INFO  impl.RoleInfo (RoleInfo.java:updateAndGet(143)) - 4f06aa3a-afb6-48cc-92a7-a4a9f9d53527: start LeaderElection
2019-07-14 08:43:50,022 INFO  impl.FollowerState (FollowerState.java:run(106)) - e0e5353e-3a31-431d-9c7b-bd4d0f384111:group-A7D8E7A3142B changes to CANDIDATE, lastRpcTime:5200, electionTimeout:5200ms
2019-07-14 08:43:50,024 INFO  impl.RoleInfo (RoleInfo.java:shutdownFollowerState(121)) - e0e5353e-3a31-431d-9c7b-bd4d0f384111: shutdown FollowerState
2019-07-14 08:43:50,024 INFO  impl.RaftServerImpl (RaftServerImpl.java:setRole(171)) - e0e5353e-3a31-431d-9c7b-bd4d0f384111:group-A7D8E7A3142B changes role from FOLLOWER to CANDIDATE at term 0 for changeToCandidate
2019-07-14 08:43:50,025 INFO  impl.RoleInfo (RoleInfo.java:updateAndGet(143)) - e0e5353e-3a31-431d-9c7b-bd4d0f384111: start LeaderElection
2019-07-14 08:43:50,028 INFO  impl.LeaderElection (LeaderElection.java:askForVotes(181)) - 4f06aa3a-afb6-48cc-92a7-a4a9f9d53527:group-E82E2B5936AF:LeaderElection5: begin an election at term 1 for -1: [4f06aa3a-afb6-48cc-92a7-a4a9f9d53527:192.168.5.191:43724], old=null
2019-07-14 08:43:50,028 INFO  impl.RoleInfo (RoleInfo.java:shutdownLeaderElection(134)) - 4f06aa3a-afb6-48cc-92a7-a4a9f9d53527: shutdown LeaderElection
2019-07-14 08:43:50,029 INFO  impl.RaftServerImpl (RaftServerImpl.java:setRole(171)) - 4f06aa3a-afb6-48cc-92a7-a4a9f9d53527:group-E82E2B5936AF changes role from CANDIDATE to LEADER at term 1 for changeToLeader
2019-07-14 08:43:50,029 INFO  impl.RaftServerImpl (ServerState.java:setLeader(263)) - 4f06aa3a-afb6-48cc-92a7-a4a9f9d53527:group-E82E2B5936AF change Leader from null to 4f06aa3a-afb6-48cc-92a7-a4a9f9d53527 at term 1 for becomeLeader, leader elected after 5079ms
2019-07-14 08:43:50,029 INFO  server.RaftServerConfigKeys (ConfUtils.java:logGet(43)) - raft.server.staging.catchup.gap = 1000 (default)
2019-07-14 08:43:50,029 INFO  server.RaftServerConfigKeys (ConfUtils.java:logGet(43)) - raft.server.rpc.sleep.time = 25ms (default)
2019-07-14 08:43:50,029 INFO  server.RaftServerConfigKeys (ConfUtils.java:logGet(43)) - raft.server.write.element-limit = 4096 (default)
2019-07-14 08:43:50,030 INFO  server.RaftServerConfigKeys (ConfUtils.java:logGet(43)) - raft.server.watch.timeout = 10s (default)
2019-07-14 08:43:50,030 INFO  server.RaftServerConfigKeys (ConfUtils.java:logGet(43)) - raft.server.watch.timeout.denomination = 1s (default)
2019-07-14 08:43:50,030 INFO  server.RaftServerConfigKeys (ConfUtils.java:logGet(43)) - raft.server.watch.element-limit = 65536 (default)
2019-07-14 08:43:50,030 INFO  impl.RoleInfo (RoleInfo.java:updateAndGet(143)) - 4f06aa3a-afb6-48cc-92a7-a4a9f9d53527: start LeaderState
2019-07-14 08:43:50,031 INFO  segmented.SegmentedRaftLogWorker (SegmentedRaftLogWorker.java:startLogSegment(380)) - 4f06aa3a-afb6-48cc-92a7-a4a9f9d53527-SegmentedRaftLogWorker:Storage Directory /workdir/hadoop-ozone/integration-test/target/test-dir/MiniOzoneClusterImpl-df066476-45be-4ebf-89ae-60e5f5d24c1e/datanode-6/data/ratis/1ffc2053-55bf-430f-ad10-e82e2b5936af: Starting segment from index:0
2019-07-14 08:43:50,031 INFO  impl.RaftServerImpl (ServerState.java:setRaftConf(361)) - 4f06aa3a-afb6-48cc-92a7-a4a9f9d53527:group-E82E2B5936AF set configuration 0: [4f06aa3a-afb6-48cc-92a7-a4a9f9d53527:192.168.5.191:43724], old=null at 0
2019-07-14 08:43:50,053 INFO  impl.LeaderElection (LeaderElection.java:askForVotes(181)) - e0e5353e-3a31-431d-9c7b-bd4d0f384111:group-A7D8E7A3142B:LeaderElection6: begin an election at term 1 for -1: [e0e5353e-3a31-431d-9c7b-bd4d0f384111:192.168.5.191:35934], old=null
2019-07-14 08:43:50,053 INFO  impl.RoleInfo (RoleInfo.java:shutdownLeaderElection(134)) - e0e5353e-3a31-431d-9c7b-bd4d0f384111: shutdown LeaderElection
2019-07-14 08:43:50,053 INFO  impl.RaftServerImpl (RaftServerImpl.java:setRole(171)) - e0e5353e-3a31-431d-9c7b-bd4d0f384111:group-A7D8E7A3142B changes role from CANDIDATE to LEADER at term 1 for changeToLeader
2019-07-14 08:43:50,053 INFO  impl.RaftServerImpl (ServerState.java:setLeader(263)) - e0e5353e-3a31-431d-9c7b-bd4d0f384111:group-A7D8E7A3142B change Leader from null to e0e5353e-3a31-431d-9c7b-bd4d0f384111 at term 1 for becomeLeader, leader elected after 5237ms
2019-07-14 08:43:50,053 INFO  server.RaftServerConfigKeys (ConfUtils.java:logGet(43)) - raft.server.staging.catchup.gap = 1000 (default)
2019-07-14 08:43:50,054 INFO  server.RaftServerConfigKeys (ConfUtils.java:logGet(43)) - raft.server.rpc.sleep.time = 25ms (default)
2019-07-14 08:43:50,054 INFO  server.RaftServerConfigKeys (ConfUtils.java:logGet(43)) - raft.server.write.element-limit = 4096 (default)
2019-07-14 08:43:50,054 INFO  server.RaftServerConfigKeys (ConfUtils.java:logGet(43)) - raft.server.watch.timeout = 10s (default)
2019-07-14 08:43:50,054 INFO  server.RaftServerConfigKeys (ConfUtils.java:logGet(43)) - raft.server.watch.timeout.denomination = 1s (default)
2019-07-14 08:43:50,054 INFO  server.RaftServerConfigKeys (ConfUtils.java:logGet(43)) - raft.server.watch.element-limit = 65536 (default)
2019-07-14 08:43:50,055 INFO  impl.RoleInfo (RoleInfo.java:updateAndGet(143)) - e0e5353e-3a31-431d-9c7b-bd4d0f384111: start LeaderState
2019-07-14 08:43:50,055 INFO  segmented.SegmentedRaftLogWorker (SegmentedRaftLogWorker.java:startLogSegment(380)) - e0e5353e-3a31-431d-9c7b-bd4d0f384111-SegmentedRaftLogWorker:Storage Directory /workdir/hadoop-ozone/integration-test/target/test-dir/MiniOzoneClusterImpl-df066476-45be-4ebf-89ae-60e5f5d24c1e/datanode-3/data/ratis/2e4f5483-e0ee-4156-9023-a7d8e7a3142b: Starting segment from index:0
2019-07-14 08:43:50,056 INFO  impl.RaftServerImpl (ServerState.java:setRaftConf(361)) - e0e5353e-3a31-431d-9c7b-bd4d0f384111:group-A7D8E7A3142B set configuration 0: [e0e5353e-3a31-431d-9c7b-bd4d0f384111:192.168.5.191:35934], old=null at 0
2019-07-14 08:43:50,059 INFO  segmented.SegmentedRaftLogWorker (SegmentedRaftLogWorker.java:execute(569)) - 4f06aa3a-afb6-48cc-92a7-a4a9f9d53527-SegmentedRaftLogWorker:Storage Directory /workdir/hadoop-ozone/integration-test/target/test-dir/MiniOzoneClusterImpl-df066476-45be-4ebf-89ae-60e5f5d24c1e/datanode-6/data/ratis/1ffc2053-55bf-430f-ad10-e82e2b5936af: created new log segment /workdir/hadoop-ozone/integration-test/target/test-dir/MiniOzoneClusterImpl-df066476-45be-4ebf-89ae-60e5f5d24c1e/datanode-6/data/ratis/1ffc2053-55bf-430f-ad10-e82e2b5936af/current/log_inprogress_0
2019-07-14 08:43:50,081 INFO  segmented.SegmentedRaftLogWorker (SegmentedRaftLogWorker.java:execute(569)) - e0e5353e-3a31-431d-9c7b-bd4d0f384111-SegmentedRaftLogWorker:Storage Directory /workdir/hadoop-ozone/integration-test/target/test-dir/MiniOzoneClusterImpl-df066476-45be-4ebf-89ae-60e5f5d24c1e/datanode-3/data/ratis/2e4f5483-e0ee-4156-9023-a7d8e7a3142b: created new log segment /workdir/hadoop-ozone/integration-test/target/test-dir/MiniOzoneClusterImpl-df066476-45be-4ebf-89ae-60e5f5d24c1e/datanode-3/data/ratis/2e4f5483-e0ee-4156-9023-a7d8e7a3142b/current/log_inprogress_0
2019-07-14 08:43:50,091 INFO  impl.FollowerState (FollowerState.java:run(106)) - 0968326a-d172-4e9f-aab1-bda8ee2cd464:group-02FD6E17EB96 changes to CANDIDATE, lastRpcTime:5081, electionTimeout:5081ms
2019-07-14 08:43:50,101 INFO  impl.RoleInfo (RoleInfo.java:shutdownFollowerState(121)) - 0968326a-d172-4e9f-aab1-bda8ee2cd464: shutdown FollowerState
2019-07-14 08:43:50,101 INFO  impl.RaftServerImpl (RaftServerImpl.java:setRole(171)) - 0968326a-d172-4e9f-aab1-bda8ee2cd464:group-02FD6E17EB96 changes role from FOLLOWER to CANDIDATE at term 0 for changeToCandidate
2019-07-14 08:43:50,101 INFO  impl.RoleInfo (RoleInfo.java:updateAndGet(143)) - 0968326a-d172-4e9f-aab1-bda8ee2cd464: start LeaderElection
2019-07-14 08:43:50,111 INFO  impl.LeaderElection (LeaderElection.java:askForVotes(181)) - 0968326a-d172-4e9f-aab1-bda8ee2cd464:group-02FD6E17EB96:LeaderElection7: begin an election at term 1 for -1: [0968326a-d172-4e9f-aab1-bda8ee2cd464:192.168.5.191:34774], old=null
2019-07-14 08:43:50,113 INFO  impl.RoleInfo (RoleInfo.java:shutdownLeaderElection(134)) - 0968326a-d172-4e9f-aab1-bda8ee2cd464: shutdown LeaderElection
2019-07-14 08:43:50,113 INFO  impl.RaftServerImpl (RaftServerImpl.java:setRole(171)) - 0968326a-d172-4e9f-aab1-bda8ee2cd464:group-02FD6E17EB96 changes role from CANDIDATE to LEADER at term 1 for changeToLeader
2019-07-14 08:43:50,113 INFO  impl.RaftServerImpl (ServerState.java:setLeader(263)) - 0968326a-d172-4e9f-aab1-bda8ee2cd464:group-02FD6E17EB96 change Leader from null to 0968326a-d172-4e9f-aab1-bda8ee2cd464 at term 1 for becomeLeader, leader elected after 5110ms
2019-07-14 08:43:50,113 INFO  server.RaftServerConfigKeys (ConfUtils.java:logGet(43)) - raft.server.staging.catchup.gap = 1000 (default)
2019-07-14 08:43:50,114 INFO  server.RaftServerConfigKeys (ConfUtils.java:logGet(43)) - raft.server.rpc.sleep.time = 25ms (default)
2019-07-14 08:43:50,114 INFO  server.RaftServerConfigKeys (ConfUtils.java:logGet(43)) - raft.server.write.element-limit = 4096 (default)
2019-07-14 08:43:50,114 INFO  server.RaftServerConfigKeys (ConfUtils.java:logGet(43)) - raft.server.watch.timeout = 10s (default)
2019-07-14 08:43:50,114 INFO  server.RaftServerConfigKeys (ConfUtils.java:logGet(43)) - raft.server.watch.timeout.denomination = 1s (default)
2019-07-14 08:43:50,115 INFO  server.RaftServerConfigKeys (ConfUtils.java:logGet(43)) - raft.server.watch.element-limit = 65536 (default)
2019-07-14 08:43:50,115 INFO  impl.RoleInfo (RoleInfo.java:updateAndGet(143)) - 0968326a-d172-4e9f-aab1-bda8ee2cd464: start LeaderState
2019-07-14 08:43:50,115 INFO  segmented.SegmentedRaftLogWorker (SegmentedRaftLogWorker.java:startLogSegment(380)) - 0968326a-d172-4e9f-aab1-bda8ee2cd464-SegmentedRaftLogWorker:Storage Directory /workdir/hadoop-ozone/integration-test/target/test-dir/MiniOzoneClusterImpl-df066476-45be-4ebf-89ae-60e5f5d24c1e/datanode-4/data/ratis/7fde3460-ec67-4078-952a-02fd6e17eb96: Starting segment from index:0
2019-07-14 08:43:50,116 INFO  impl.RaftServerImpl (ServerState.java:setRaftConf(361)) - 0968326a-d172-4e9f-aab1-bda8ee2cd464:group-02FD6E17EB96 set configuration 0: [0968326a-d172-4e9f-aab1-bda8ee2cd464:192.168.5.191:34774], old=null at 0
2019-07-14 08:43:50,143 INFO  segmented.SegmentedRaftLogWorker (SegmentedRaftLogWorker.java:execute(569)) - 0968326a-d172-4e9f-aab1-bda8ee2cd464-SegmentedRaftLogWorker:Storage Directory /workdir/hadoop-ozone/integration-test/target/test-dir/MiniOzoneClusterImpl-df066476-45be-4ebf-89ae-60e5f5d24c1e/datanode-4/data/ratis/7fde3460-ec67-4078-952a-02fd6e17eb96: created new log segment /workdir/hadoop-ozone/integration-test/target/test-dir/MiniOzoneClusterImpl-df066476-45be-4ebf-89ae-60e5f5d24c1e/datanode-4/data/ratis/7fde3460-ec67-4078-952a-02fd6e17eb96/current/log_inprogress_0
2019-07-14 08:43:50,174 INFO  impl.FollowerState (FollowerState.java:run(106)) - e0e5353e-3a31-431d-9c7b-bd4d0f384111:group-229690D350A7 changes to CANDIDATE, lastRpcTime:5083, electionTimeout:5083ms
2019-07-14 08:43:50,174 INFO  impl.RoleInfo (RoleInfo.java:shutdownFollowerState(121)) - e0e5353e-3a31-431d-9c7b-bd4d0f384111: shutdown FollowerState
2019-07-14 08:43:50,174 INFO  impl.RaftServerImpl (RaftServerImpl.java:setRole(171)) - e0e5353e-3a31-431d-9c7b-bd4d0f384111:group-229690D350A7 changes role from FOLLOWER to CANDIDATE at term 0 for changeToCandidate
2019-07-14 08:43:50,174 INFO  impl.RoleInfo (RoleInfo.java:updateAndGet(143)) - e0e5353e-3a31-431d-9c7b-bd4d0f384111: start LeaderElection
2019-07-14 08:43:50,183 INFO  impl.LeaderElection (LeaderElection.java:askForVotes(181)) - e0e5353e-3a31-431d-9c7b-bd4d0f384111:group-229690D350A7:LeaderElection8: begin an election at term 1 for -1: [21afc0f0-84c2-4801-889d-34a8387a9803:192.168.5.191:34827, a1e247ec-0224-42b9-b69e-d5ba19079f20:192.168.5.191:39003, e0e5353e-3a31-431d-9c7b-bd4d0f384111:192.168.5.191:35934], old=null
2019-07-14 08:43:50,217 INFO  impl.RaftServerImpl (RaftServerImpl.java:setRole(171)) - 21afc0f0-84c2-4801-889d-34a8387a9803:group-229690D350A7 changes role from FOLLOWER to FOLLOWER at term 1 for recognizeCandidate:e0e5353e-3a31-431d-9c7b-bd4d0f384111
2019-07-14 08:43:50,217 INFO  impl.RaftServerImpl (RaftServerImpl.java:setRole(171)) - a1e247ec-0224-42b9-b69e-d5ba19079f20:group-229690D350A7 changes role from FOLLOWER to FOLLOWER at term 1 for recognizeCandidate:e0e5353e-3a31-431d-9c7b-bd4d0f384111
2019-07-14 08:43:50,217 INFO  impl.RoleInfo (RoleInfo.java:shutdownFollowerState(121)) - 21afc0f0-84c2-4801-889d-34a8387a9803: shutdown FollowerState
2019-07-14 08:43:50,217 INFO  impl.RoleInfo (RoleInfo.java:shutdownFollowerState(121)) - a1e247ec-0224-42b9-b69e-d5ba19079f20: shutdown FollowerState
2019-07-14 08:43:50,217 INFO  impl.RoleInfo (RoleInfo.java:updateAndGet(143)) - 21afc0f0-84c2-4801-889d-34a8387a9803: start FollowerState
2019-07-14 08:43:50,218 INFO  impl.FollowerState (FollowerState.java:run(114)) - a1e247ec-0224-42b9-b69e-d5ba19079f20: FollowerState was interrupted: java.lang.InterruptedException: sleep interrupted
2019-07-14 08:43:50,218 INFO  impl.RoleInfo (RoleInfo.java:updateAndGet(143)) - a1e247ec-0224-42b9-b69e-d5ba19079f20: start FollowerState
2019-07-14 08:43:50,218 INFO  impl.FollowerState (FollowerState.java:run(114)) - 21afc0f0-84c2-4801-889d-34a8387a9803: FollowerState was interrupted: java.lang.InterruptedException: sleep interrupted
2019-07-14 08:43:50,223 INFO  impl.FollowerState (FollowerState.java:run(106)) - d9b5ea88-2be1-4a6e-b0ee-cc160f5860cf:group-459759A8C03F changes to CANDIDATE, lastRpcTime:5053, electionTimeout:5053ms
2019-07-14 08:43:50,223 INFO  impl.RoleInfo (RoleInfo.java:shutdownFollowerState(121)) - d9b5ea88-2be1-4a6e-b0ee-cc160f5860cf: shutdown FollowerState
2019-07-14 08:43:50,223 INFO  impl.RaftServerImpl (RaftServerImpl.java:setRole(171)) - d9b5ea88-2be1-4a6e-b0ee-cc160f5860cf:group-459759A8C03F changes role from FOLLOWER to CANDIDATE at term 0 for changeToCandidate
2019-07-14 08:43:50,223 INFO  impl.RoleInfo (RoleInfo.java:updateAndGet(143)) - d9b5ea88-2be1-4a6e-b0ee-cc160f5860cf: start LeaderElection
2019-07-14 08:43:50,258 INFO  impl.LeaderElection (LeaderElection.java:askForVotes(181)) - d9b5ea88-2be1-4a6e-b0ee-cc160f5860cf:group-459759A8C03F:LeaderElection9: begin an election at term 1 for -1: [4f06aa3a-afb6-48cc-92a7-a4a9f9d53527:192.168.5.191:43724, e46a66f4-a53a-42e3-9456-baa074b0d3f9:192.168.5.191:44273, d9b5ea88-2be1-4a6e-b0ee-cc160f5860cf:192.168.5.191:46218], old=null
2019-07-14 08:43:50,279 INFO  impl.LeaderElection (LeaderElection.java:logAndReturn(56)) - e0e5353e-3a31-431d-9c7b-bd4d0f384111:group-229690D350A7:LeaderElection8: Election PASSED; received 1 response(s) [e0e5353e-3a31-431d-9c7b-bd4d0f384111<-a1e247ec-0224-42b9-b69e-d5ba19079f20#0:OK-t1] and 0 exception(s); e0e5353e-3a31-431d-9c7b-bd4d0f384111:t1, leader=null, voted=e0e5353e-3a31-431d-9c7b-bd4d0f384111, raftlog=e0e5353e-3a31-431d-9c7b-bd4d0f384111-SegmentedRaftLog:OPENED:c-1,f-1,i0, conf=-1: [21afc0f0-84c2-4801-889d-34a8387a9803:192.168.5.191:34827, a1e247ec-0224-42b9-b69e-d5ba19079f20:192.168.5.191:39003, e0e5353e-3a31-431d-9c7b-bd4d0f384111:192.168.5.191:35934], old=null
2019-07-14 08:43:50,280 INFO  impl.RoleInfo (RoleInfo.java:shutdownLeaderElection(134)) - e0e5353e-3a31-431d-9c7b-bd4d0f384111: shutdown LeaderElection
2019-07-14 08:43:50,280 INFO  impl.RaftServerImpl (RaftServerImpl.java:setRole(171)) - e0e5353e-3a31-431d-9c7b-bd4d0f384111:group-229690D350A7 changes role from CANDIDATE to LEADER at term 1 for changeToLeader
2019-07-14 08:43:50,280 INFO  impl.RaftServerImpl (ServerState.java:setLeader(263)) - e0e5353e-3a31-431d-9c7b-bd4d0f384111:group-229690D350A7 change Leader from null to e0e5353e-3a31-431d-9c7b-bd4d0f384111 at term 1 for becomeLeader, leader elected after 5202ms
2019-07-14 08:43:50,282 INFO  server.RaftServerConfigKeys (ConfUtils.java:logGet(43)) - raft.server.staging.catchup.gap = 1000 (default)
2019-07-14 08:43:50,282 INFO  server.RaftServerConfigKeys (ConfUtils.java:logGet(43)) - raft.server.rpc.sleep.time = 25ms (default)
2019-07-14 08:43:50,282 INFO  server.RaftServerConfigKeys (ConfUtils.java:logGet(43)) - raft.server.write.element-limit = 4096 (default)
2019-07-14 08:43:50,283 INFO  server.RaftServerConfigKeys (ConfUtils.java:logGet(43)) - raft.server.watch.timeout = 10s (default)
2019-07-14 08:43:50,283 INFO  server.RaftServerConfigKeys (ConfUtils.java:logGet(43)) - raft.server.watch.timeout.denomination = 1s (default)
2019-07-14 08:43:50,283 INFO  server.RaftServerConfigKeys (ConfUtils.java:logGet(43)) - raft.server.watch.element-limit = 65536 (default)
2019-07-14 08:43:50,291 INFO  impl.RaftServerImpl (RaftServerImpl.java:setRole(171)) - e46a66f4-a53a-42e3-9456-baa074b0d3f9:group-459759A8C03F changes role from FOLLOWER to FOLLOWER at term 1 for recognizeCandidate:d9b5ea88-2be1-4a6e-b0ee-cc160f5860cf
2019-07-14 08:43:50,291 INFO  impl.RaftServerImpl (RaftServerImpl.java:setRole(171)) - 4f06aa3a-afb6-48cc-92a7-a4a9f9d53527:group-459759A8C03F changes role from FOLLOWER to FOLLOWER at term 1 for recognizeCandidate:d9b5ea88-2be1-4a6e-b0ee-cc160f5860cf
2019-07-14 08:43:50,294 INFO  server.RaftServerConfigKeys (ConfUtils.java:logGet(43)) - raft.server.log.appender.snapshot.chunk.size.max = 16MB (=16777216) (default)
2019-07-14 08:43:50,294 INFO  impl.RoleInfo (RoleInfo.java:shutdownFollowerState(121)) - e46a66f4-a53a-42e3-9456-baa074b0d3f9: shutdown FollowerState
2019-07-14 08:43:50,295 INFO  server.RaftServerConfigKeys (ConfUtils.java:logGet(43)) - raft.server.log.appender.buffer.byte-limit = 33554432 (custom)
2019-07-14 08:43:50,294 INFO  impl.RoleInfo (RoleInfo.java:shutdownFollowerState(121)) - 4f06aa3a-afb6-48cc-92a7-a4a9f9d53527: shutdown FollowerState
2019-07-14 08:43:50,295 INFO  impl.FollowerState (FollowerState.java:run(114)) - e46a66f4-a53a-42e3-9456-baa074b0d3f9: FollowerState was interrupted: java.lang.InterruptedException: sleep interrupted
2019-07-14 08:43:50,295 INFO  impl.RoleInfo (RoleInfo.java:updateAndGet(143)) - 4f06aa3a-afb6-48cc-92a7-a4a9f9d53527: start FollowerState
2019-07-14 08:43:50,295 INFO  impl.RoleInfo (RoleInfo.java:updateAndGet(143)) - e46a66f4-a53a-42e3-9456-baa074b0d3f9: start FollowerState
2019-07-14 08:43:50,295 INFO  server.RaftServerConfigKeys (ConfUtils.java:logGet(43)) - raft.server.log.appender.buffer.element-limit = 1 (custom)
2019-07-14 08:43:50,295 INFO  impl.FollowerState (FollowerState.java:run(114)) - 4f06aa3a-afb6-48cc-92a7-a4a9f9d53527: FollowerState was interrupted: java.lang.InterruptedException: sleep interrupted
2019-07-14 08:43:50,302 INFO  grpc.GrpcConfigKeys$Server (ConfUtils.java:logGet(43)) - raft.grpc.server.leader.outstanding.appends.max = 128 (default)
2019-07-14 08:43:50,304 INFO  server.RaftServerConfigKeys (ConfUtils.java:logGet(43)) - raft.server.rpc.request.timeout = 3000ms (default)
2019-07-14 08:43:50,305 INFO  server.RaftServerConfigKeys (ConfUtils.java:logGet(43)) - raft.server.log.appender.install.snapshot.enabled = false (custom)
2019-07-14 08:43:50,305 INFO  server.RaftServerConfigKeys (ConfUtils.java:logGet(43)) - raft.server.log.appender.snapshot.chunk.size.max = 16MB (=16777216) (default)
2019-07-14 08:43:50,305 INFO  server.RaftServerConfigKeys (ConfUtils.java:logGet(43)) - raft.server.log.appender.buffer.byte-limit = 33554432 (custom)
2019-07-14 08:43:50,305 INFO  server.RaftServerConfigKeys (ConfUtils.java:logGet(43)) - raft.server.log.appender.buffer.element-limit = 1 (custom)
2019-07-14 08:43:50,305 INFO  grpc.GrpcConfigKeys$Server (ConfUtils.java:logGet(43)) - raft.grpc.server.leader.outstanding.appends.max = 128 (default)
2019-07-14 08:43:50,306 INFO  server.RaftServerConfigKeys (ConfUtils.java:logGet(43)) - raft.server.rpc.request.timeout = 3000ms (default)
2019-07-14 08:43:50,306 INFO  server.RaftServerConfigKeys (ConfUtils.java:logGet(43)) - raft.server.log.appender.install.snapshot.enabled = false (custom)
2019-07-14 08:43:50,314 INFO  impl.LeaderElection (LeaderElection.java:logAndReturn(56)) - d9b5ea88-2be1-4a6e-b0ee-cc160f5860cf:group-459759A8C03F:LeaderElection9: Election PASSED; received 1 response(s) [d9b5ea88-2be1-4a6e-b0ee-cc160f5860cf<-4f06aa3a-afb6-48cc-92a7-a4a9f9d53527#0:OK-t1] and 0 exception(s); d9b5ea88-2be1-4a6e-b0ee-cc160f5860cf:t1, leader=null, voted=d9b5ea88-2be1-4a6e-b0ee-cc160f5860cf, raftlog=d9b5ea88-2be1-4a6e-b0ee-cc160f5860cf-SegmentedRaftLog:OPENED:c-1,f-1,i0, conf=-1: [4f06aa3a-afb6-48cc-92a7-a4a9f9d53527:192.168.5.191:43724, e46a66f4-a53a-42e3-9456-baa074b0d3f9:192.168.5.191:44273, d9b5ea88-2be1-4a6e-b0ee-cc160f5860cf:192.168.5.191:46218], old=null
2019-07-14 08:43:50,314 INFO  impl.RoleInfo (RoleInfo.java:updateAndGet(143)) - e0e5353e-3a31-431d-9c7b-bd4d0f384111: start LeaderState
2019-07-14 08:43:50,314 INFO  impl.RoleInfo (RoleInfo.java:shutdownLeaderElection(134)) - d9b5ea88-2be1-4a6e-b0ee-cc160f5860cf: shutdown LeaderElection
2019-07-14 08:43:50,316 INFO  segmented.SegmentedRaftLogWorker (SegmentedRaftLogWorker.java:startLogSegment(380)) - e0e5353e-3a31-431d-9c7b-bd4d0f384111-SegmentedRaftLogWorker:Storage Directory /workdir/hadoop-ozone/integration-test/target/test-dir/MiniOzoneClusterImpl-df066476-45be-4ebf-89ae-60e5f5d24c1e/datanode-3/data/ratis/2b89dba6-b170-4fb5-82cc-229690d350a7: Starting segment from index:0
2019-07-14 08:43:50,319 INFO  impl.RaftServerImpl (RaftServerImpl.java:setRole(171)) - d9b5ea88-2be1-4a6e-b0ee-cc160f5860cf:group-459759A8C03F changes role from CANDIDATE to LEADER at term 1 for changeToLeader
2019-07-14 08:43:50,319 INFO  impl.RaftServerImpl (ServerState.java:setLeader(263)) - d9b5ea88-2be1-4a6e-b0ee-cc160f5860cf:group-459759A8C03F change Leader from null to d9b5ea88-2be1-4a6e-b0ee-cc160f5860cf at term 1 for becomeLeader, leader elected after 5160ms
2019-07-14 08:43:50,320 INFO  server.RaftServerConfigKeys (ConfUtils.java:logGet(43)) - raft.server.staging.catchup.gap = 1000 (default)
2019-07-14 08:43:50,320 INFO  server.RaftServerConfigKeys (ConfUtils.java:logGet(43)) - raft.server.rpc.sleep.time = 25ms (default)
2019-07-14 08:43:50,320 INFO  impl.RaftServerImpl (ServerState.java:setRaftConf(361)) - e0e5353e-3a31-431d-9c7b-bd4d0f384111:group-229690D350A7 set configuration 0: [21afc0f0-84c2-4801-889d-34a8387a9803:192.168.5.191:34827, a1e247ec-0224-42b9-b69e-d5ba19079f20:192.168.5.191:39003, e0e5353e-3a31-431d-9c7b-bd4d0f384111:192.168.5.191:35934], old=null at 0
2019-07-14 08:43:50,320 INFO  server.RaftServerConfigKeys (ConfUtils.java:logGet(43)) - raft.server.write.element-limit = 4096 (default)
2019-07-14 08:43:50,340 INFO  server.RaftServerConfigKeys (ConfUtils.java:logGet(43)) - raft.server.watch.timeout = 10s (default)
2019-07-14 08:43:50,340 INFO  server.RaftServerConfigKeys (ConfUtils.java:logGet(43)) - raft.server.watch.timeout.denomination = 1s (default)
2019-07-14 08:43:50,340 INFO  server.RaftServerConfigKeys (ConfUtils.java:logGet(43)) - raft.server.watch.element-limit = 65536 (default)
2019-07-14 08:43:50,341 INFO  server.RaftServerConfigKeys (ConfUtils.java:logGet(43)) - raft.server.log.appender.snapshot.chunk.size.max = 16MB (=16777216) (default)
2019-07-14 08:43:50,341 INFO  server.RaftServerConfigKeys (ConfUtils.java:logGet(43)) - raft.server.log.appender.buffer.byte-limit = 33554432 (custom)
2019-07-14 08:43:50,341 INFO  server.RaftServerConfigKeys (ConfUtils.java:logGet(43)) - raft.server.log.appender.buffer.element-limit = 1 (custom)
2019-07-14 08:43:50,342 INFO  grpc.GrpcConfigKeys$Server (ConfUtils.java:logGet(43)) - raft.grpc.server.leader.outstanding.appends.max = 128 (default)
2019-07-14 08:43:50,342 INFO  server.RaftServerConfigKeys (ConfUtils.java:logGet(43)) - raft.server.rpc.request.timeout = 3000ms (default)
2019-07-14 08:43:50,342 INFO  server.RaftServerConfigKeys (ConfUtils.java:logGet(43)) - raft.server.log.appender.install.snapshot.enabled = false (custom)
2019-07-14 08:43:50,344 INFO  server.RaftServerConfigKeys (ConfUtils.java:logGet(43)) - raft.server.log.appender.snapshot.chunk.size.max = 16MB (=16777216) (default)
2019-07-14 08:43:50,344 INFO  server.RaftServerConfigKeys (ConfUtils.java:logGet(43)) - raft.server.log.appender.buffer.byte-limit = 33554432 (custom)
2019-07-14 08:43:50,345 INFO  server.RaftServerConfigKeys (ConfUtils.java:logGet(43)) - raft.server.log.appender.buffer.element-limit = 1 (custom)
2019-07-14 08:43:50,345 INFO  grpc.GrpcConfigKeys$Server (ConfUtils.java:logGet(43)) - raft.grpc.server.leader.outstanding.appends.max = 128 (default)
2019-07-14 08:43:50,345 INFO  server.RaftServerConfigKeys (ConfUtils.java:logGet(43)) - raft.server.rpc.request.timeout = 3000ms (default)
2019-07-14 08:43:50,345 INFO  server.RaftServerConfigKeys (ConfUtils.java:logGet(43)) - raft.server.log.appender.install.snapshot.enabled = false (custom)
2019-07-14 08:43:50,346 INFO  impl.RoleInfo (RoleInfo.java:updateAndGet(143)) - d9b5ea88-2be1-4a6e-b0ee-cc160f5860cf: start LeaderState
2019-07-14 08:43:50,346 INFO  segmented.SegmentedRaftLogWorker (SegmentedRaftLogWorker.java:startLogSegment(380)) - d9b5ea88-2be1-4a6e-b0ee-cc160f5860cf-SegmentedRaftLogWorker:Storage Directory /workdir/hadoop-ozone/integration-test/target/test-dir/MiniOzoneClusterImpl-df066476-45be-4ebf-89ae-60e5f5d24c1e/datanode-0/data/ratis/a30f2bbf-e0f1-4f95-9f41-459759a8c03f: Starting segment from index:0
2019-07-14 08:43:50,346 INFO  segmented.SegmentedRaftLogWorker (SegmentedRaftLogWorker.java:execute(569)) - e0e5353e-3a31-431d-9c7b-bd4d0f384111-SegmentedRaftLogWorker:Storage Directory /workdir/hadoop-ozone/integration-test/target/test-dir/MiniOzoneClusterImpl-df066476-45be-4ebf-89ae-60e5f5d24c1e/datanode-3/data/ratis/2b89dba6-b170-4fb5-82cc-229690d350a7: created new log segment /workdir/hadoop-ozone/integration-test/target/test-dir/MiniOzoneClusterImpl-df066476-45be-4ebf-89ae-60e5f5d24c1e/datanode-3/data/ratis/2b89dba6-b170-4fb5-82cc-229690d350a7/current/log_inprogress_0
2019-07-14 08:43:50,347 INFO  impl.RaftServerImpl (ServerState.java:setRaftConf(361)) - d9b5ea88-2be1-4a6e-b0ee-cc160f5860cf:group-459759A8C03F set configuration 0: [4f06aa3a-afb6-48cc-92a7-a4a9f9d53527:192.168.5.191:43724, e46a66f4-a53a-42e3-9456-baa074b0d3f9:192.168.5.191:44273, d9b5ea88-2be1-4a6e-b0ee-cc160f5860cf:192.168.5.191:46218], old=null at 0
2019-07-14 08:43:50,376 INFO  segmented.SegmentedRaftLogWorker (SegmentedRaftLogWorker.java:execute(569)) - d9b5ea88-2be1-4a6e-b0ee-cc160f5860cf-SegmentedRaftLogWorker:Storage Directory /workdir/hadoop-ozone/integration-test/target/test-dir/MiniOzoneClusterImpl-df066476-45be-4ebf-89ae-60e5f5d24c1e/datanode-0/data/ratis/a30f2bbf-e0f1-4f95-9f41-459759a8c03f: created new log segment /workdir/hadoop-ozone/integration-test/target/test-dir/MiniOzoneClusterImpl-df066476-45be-4ebf-89ae-60e5f5d24c1e/datanode-0/data/ratis/a30f2bbf-e0f1-4f95-9f41-459759a8c03f/current/log_inprogress_0
2019-07-14 08:43:50,429 INFO  impl.RaftServerImpl (ServerState.java:setLeader(263)) - e46a66f4-a53a-42e3-9456-baa074b0d3f9:group-459759A8C03F change Leader from null to d9b5ea88-2be1-4a6e-b0ee-cc160f5860cf at term 1 for appendEntries, leader elected after 5270ms
2019-07-14 08:43:50,435 INFO  impl.RaftServerImpl (ServerState.java:setLeader(263)) - a1e247ec-0224-42b9-b69e-d5ba19079f20:group-229690D350A7 change Leader from null to e0e5353e-3a31-431d-9c7b-bd4d0f384111 at term 1 for appendEntries, leader elected after 5361ms
2019-07-14 08:43:50,431 INFO  impl.RaftServerImpl (ServerState.java:setLeader(263)) - 21afc0f0-84c2-4801-889d-34a8387a9803:group-229690D350A7 change Leader from null to e0e5353e-3a31-431d-9c7b-bd4d0f384111 at term 1 for appendEntries, leader elected after 5352ms
2019-07-14 08:43:50,433 INFO  impl.RaftServerImpl (ServerState.java:setLeader(263)) - 4f06aa3a-afb6-48cc-92a7-a4a9f9d53527:group-459759A8C03F change Leader from null to d9b5ea88-2be1-4a6e-b0ee-cc160f5860cf at term 1 for appendEntries, leader elected after 5274ms
2019-07-14 08:43:50,479 INFO  impl.RaftServerImpl (ServerState.java:setRaftConf(361)) - 21afc0f0-84c2-4801-889d-34a8387a9803:group-229690D350A7 set configuration 0: [21afc0f0-84c2-4801-889d-34a8387a9803:192.168.5.191:34827, a1e247ec-0224-42b9-b69e-d5ba19079f20:192.168.5.191:39003, e0e5353e-3a31-431d-9c7b-bd4d0f384111:192.168.5.191:35934], old=null at 0
2019-07-14 08:43:50,479 INFO  impl.RaftServerImpl (ServerState.java:setRaftConf(361)) - 4f06aa3a-afb6-48cc-92a7-a4a9f9d53527:group-459759A8C03F set configuration 0: [4f06aa3a-afb6-48cc-92a7-a4a9f9d53527:192.168.5.191:43724, e46a66f4-a53a-42e3-9456-baa074b0d3f9:192.168.5.191:44273, d9b5ea88-2be1-4a6e-b0ee-cc160f5860cf:192.168.5.191:46218], old=null at 0
2019-07-14 08:43:50,480 INFO  segmented.SegmentedRaftLogWorker (SegmentedRaftLogWorker.java:startLogSegment(380)) - 21afc0f0-84c2-4801-889d-34a8387a9803-SegmentedRaftLogWorker:Storage Directory /workdir/hadoop-ozone/integration-test/target/test-dir/MiniOzoneClusterImpl-df066476-45be-4ebf-89ae-60e5f5d24c1e/datanode-1/data/ratis/2b89dba6-b170-4fb5-82cc-229690d350a7: Starting segment from index:0
2019-07-14 08:43:50,479 INFO  impl.RaftServerImpl (ServerState.java:setRaftConf(361)) - a1e247ec-0224-42b9-b69e-d5ba19079f20:group-229690D350A7 set configuration 0: [21afc0f0-84c2-4801-889d-34a8387a9803:192.168.5.191:34827, a1e247ec-0224-42b9-b69e-d5ba19079f20:192.168.5.191:39003, e0e5353e-3a31-431d-9c7b-bd4d0f384111:192.168.5.191:35934], old=null at 0
2019-07-14 08:43:50,479 INFO  impl.RaftServerImpl (ServerState.java:setRaftConf(361)) - e46a66f4-a53a-42e3-9456-baa074b0d3f9:group-459759A8C03F set configuration 0: [4f06aa3a-afb6-48cc-92a7-a4a9f9d53527:192.168.5.191:43724, e46a66f4-a53a-42e3-9456-baa074b0d3f9:192.168.5.191:44273, d9b5ea88-2be1-4a6e-b0ee-cc160f5860cf:192.168.5.191:46218], old=null at 0
2019-07-14 08:43:50,480 INFO  segmented.SegmentedRaftLogWorker (SegmentedRaftLogWorker.java:startLogSegment(380)) - a1e247ec-0224-42b9-b69e-d5ba19079f20-SegmentedRaftLogWorker:Storage Directory /workdir/hadoop-ozone/integration-test/target/test-dir/MiniOzoneClusterImpl-df066476-45be-4ebf-89ae-60e5f5d24c1e/datanode-2/data/ratis/2b89dba6-b170-4fb5-82cc-229690d350a7: Starting segment from index:0
2019-07-14 08:43:50,480 INFO  segmented.SegmentedRaftLogWorker (SegmentedRaftLogWorker.java:startLogSegment(380)) - 4f06aa3a-afb6-48cc-92a7-a4a9f9d53527-SegmentedRaftLogWorker:Storage Directory /workdir/hadoop-ozone/integration-test/target/test-dir/MiniOzoneClusterImpl-df066476-45be-4ebf-89ae-60e5f5d24c1e/datanode-6/data/ratis/a30f2bbf-e0f1-4f95-9f41-459759a8c03f: Starting segment from index:0
2019-07-14 08:43:50,481 INFO  segmented.SegmentedRaftLogWorker (SegmentedRaftLogWorker.java:startLogSegment(380)) - e46a66f4-a53a-42e3-9456-baa074b0d3f9-SegmentedRaftLogWorker:Storage Directory /workdir/hadoop-ozone/integration-test/target/test-dir/MiniOzoneClusterImpl-df066476-45be-4ebf-89ae-60e5f5d24c1e/datanode-5/data/ratis/a30f2bbf-e0f1-4f95-9f41-459759a8c03f: Starting segment from index:0
2019-07-14 08:43:50,502 INFO  segmented.SegmentedRaftLogWorker (SegmentedRaftLogWorker.java:execute(569)) - 21afc0f0-84c2-4801-889d-34a8387a9803-SegmentedRaftLogWorker:Storage Directory /workdir/hadoop-ozone/integration-test/target/test-dir/MiniOzoneClusterImpl-df066476-45be-4ebf-89ae-60e5f5d24c1e/datanode-1/data/ratis/2b89dba6-b170-4fb5-82cc-229690d350a7: created new log segment /workdir/hadoop-ozone/integration-test/target/test-dir/MiniOzoneClusterImpl-df066476-45be-4ebf-89ae-60e5f5d24c1e/datanode-1/data/ratis/2b89dba6-b170-4fb5-82cc-229690d350a7/current/log_inprogress_0
2019-07-14 08:43:50,502 INFO  segmented.SegmentedRaftLogWorker (SegmentedRaftLogWorker.java:execute(569)) - a1e247ec-0224-42b9-b69e-d5ba19079f20-SegmentedRaftLogWorker:Storage Directory /workdir/hadoop-ozone/integration-test/target/test-dir/MiniOzoneClusterImpl-df066476-45be-4ebf-89ae-60e5f5d24c1e/datanode-2/data/ratis/2b89dba6-b170-4fb5-82cc-229690d350a7: created new log segment /workdir/hadoop-ozone/integration-test/target/test-dir/MiniOzoneClusterImpl-df066476-45be-4ebf-89ae-60e5f5d24c1e/datanode-2/data/ratis/2b89dba6-b170-4fb5-82cc-229690d350a7/current/log_inprogress_0
2019-07-14 08:43:50,502 INFO  segmented.SegmentedRaftLogWorker (SegmentedRaftLogWorker.java:execute(569)) - 4f06aa3a-afb6-48cc-92a7-a4a9f9d53527-SegmentedRaftLogWorker:Storage Directory /workdir/hadoop-ozone/integration-test/target/test-dir/MiniOzoneClusterImpl-df066476-45be-4ebf-89ae-60e5f5d24c1e/datanode-6/data/ratis/a30f2bbf-e0f1-4f95-9f41-459759a8c03f: created new log segment /workdir/hadoop-ozone/integration-test/target/test-dir/MiniOzoneClusterImpl-df066476-45be-4ebf-89ae-60e5f5d24c1e/datanode-6/data/ratis/a30f2bbf-e0f1-4f95-9f41-459759a8c03f/current/log_inprogress_0
2019-07-14 08:43:50,505 INFO  segmented.SegmentedRaftLogWorker (SegmentedRaftLogWorker.java:execute(569)) - e46a66f4-a53a-42e3-9456-baa074b0d3f9-SegmentedRaftLogWorker:Storage Directory /workdir/hadoop-ozone/integration-test/target/test-dir/MiniOzoneClusterImpl-df066476-45be-4ebf-89ae-60e5f5d24c1e/datanode-5/data/ratis/a30f2bbf-e0f1-4f95-9f41-459759a8c03f: created new log segment /workdir/hadoop-ozone/integration-test/target/test-dir/MiniOzoneClusterImpl-df066476-45be-4ebf-89ae-60e5f5d24c1e/datanode-5/data/ratis/a30f2bbf-e0f1-4f95-9f41-459759a8c03f/current/log_inprogress_0
2019-07-14 08:43:50,582 INFO  client.GrpcClientProtocolClient (GrpcClientProtocolClient.java:onNext(255)) - client-C44D948F4FB4->4f06aa3a-afb6-48cc-92a7-a4a9f9d53527: receive RaftClientReply:client-C44D948F4FB4->4f06aa3a-afb6-48cc-92a7-a4a9f9d53527@group-459759A8C03F, cid=13, FAILED org.apache.ratis.protocol.NotLeaderException: Server 4f06aa3a-afb6-48cc-92a7-a4a9f9d53527 is not the leader (d9b5ea88-2be1-4a6e-b0ee-cc160f5860cf:192.168.5.191:46218). Request must be sent to leader., logIndex=0, commits[4f06aa3a-afb6-48cc-92a7-a4a9f9d53527:c0, e46a66f4-a53a-42e3-9456-baa074b0d3f9:c-1, d9b5ea88-2be1-4a6e-b0ee-cc160f5860cf:c0]
2019-07-14 08:43:50,834 INFO  client.GrpcClientProtocolClient (GrpcClientProtocolClient.java:onNext(255)) - client-C44D948F4FB4->d9b5ea88-2be1-4a6e-b0ee-cc160f5860cf: receive RaftClientReply:client-C44D948F4FB4->d9b5ea88-2be1-4a6e-b0ee-cc160f5860cf@group-459759A8C03F, cid=13, SUCCESS, logIndex=1, commits[d9b5ea88-2be1-4a6e-b0ee-cc160f5860cf:c1, 4f06aa3a-afb6-48cc-92a7-a4a9f9d53527:c0, e46a66f4-a53a-42e3-9456-baa074b0d3f9:c0]
2019-07-14 08:43:50,901 INFO  container.CloseContainerEventHandler (CloseContainerEventHandler.java:onMessage(61)) - Close container Event triggered for container : #1
2019-07-14 08:43:50,914 INFO  container.CloseContainerEventHandler (CloseContainerEventHandler.java:onMessage(61)) - Close container Event triggered for container : #1
2019-07-14 08:43:50,914 INFO  client.GrpcClientProtocolClient (GrpcClientProtocolClient.java:onNext(255)) - client-C44D948F4FB4->d9b5ea88-2be1-4a6e-b0ee-cc160f5860cf: receive RaftClientReply:client-C44D948F4FB4->d9b5ea88-2be1-4a6e-b0ee-cc160f5860cf@group-459759A8C03F, cid=14, SUCCESS, logIndex=3, commits[d9b5ea88-2be1-4a6e-b0ee-cc160f5860cf:c4, 4f06aa3a-afb6-48cc-92a7-a4a9f9d53527:c3, e46a66f4-a53a-42e3-9456-baa074b0d3f9:c3]
2019-07-14 08:43:50,914 INFO  container.CloseContainerEventHandler (CloseContainerEventHandler.java:onMessage(61)) - Close container Event triggered for container : #1
2019-07-14 08:43:52,848 INFO  interfaces.Container (KeyValueContainer.java:compactDB(356)) - Container 1 is closed with bcsId 3.
2019-07-14 08:43:52,848 INFO  interfaces.Container (KeyValueContainer.java:compactDB(356)) - Container 1 is closed with bcsId 3.
2019-07-14 08:43:52,858 INFO  interfaces.Container (KeyValueContainer.java:compactDB(356)) - Container 1 is closed with bcsId 3.
08:43:52.920 [grpc-default-executor-0] ERROR DNAudit - user=null | ip=null | op=WRITE_CHUNK {blockData=conID: 1 locID: 102438916993777665 bcsId: 3} | ret=FAILURE
org.apache.hadoop.hdds.scm.container.common.helpers.ContainerNotOpenException: Container 1 in CLOSED state
	at org.apache.hadoop.ozone.container.common.impl.HddsDispatcher.validateContainerCommand(HddsDispatcher.java:408) ~[hadoop-hdds-container-service-0.5.0-SNAPSHOT.jar:?]
	at org.apache.hadoop.ozone.container.common.transport.server.ratis.ContainerStateMachine.startTransaction(ContainerStateMachine.java:272) ~[hadoop-hdds-container-service-0.5.0-SNAPSHOT.jar:?]
	at org.apache.ratis.server.impl.RaftServerImpl.submitClientRequestAsync(RaftServerImpl.java:566) ~[ratis-server-0.4.0-2337318-SNAPSHOT.jar:0.4.0-2337318-SNAPSHOT]
	at org.apache.ratis.server.impl.RaftServerProxy.lambda$submitClientRequestAsync$7(RaftServerProxy.java:333) ~[ratis-server-0.4.0-2337318-SNAPSHOT.jar:0.4.0-2337318-SNAPSHOT]
	at org.apache.ratis.server.impl.RaftServerProxy.lambda$null$5(RaftServerProxy.java:328) ~[ratis-server-0.4.0-2337318-SNAPSHOT.jar:0.4.0-2337318-SNAPSHOT]
	at org.apache.ratis.util.JavaUtils.callAsUnchecked(JavaUtils.java:109) ~[ratis-common-0.4.0-2337318-SNAPSHOT.jar:0.4.0-2337318-SNAPSHOT]
	at org.apache.ratis.server.impl.RaftServerProxy.lambda$submitRequest$6(RaftServerProxy.java:328) ~[ratis-server-0.4.0-2337318-SNAPSHOT.jar:0.4.0-2337318-SNAPSHOT]
	at java.util.concurrent.CompletableFuture.uniComposeStage(CompletableFuture.java:981) ~[?:1.8.0_212]
	at java.util.concurrent.CompletableFuture.thenCompose(CompletableFuture.java:2124) ~[?:1.8.0_212]
	at org.apache.ratis.server.impl.RaftServerProxy.submitRequest(RaftServerProxy.java:327) ~[ratis-server-0.4.0-2337318-SNAPSHOT.jar:0.4.0-2337318-SNAPSHOT]
	at org.apache.ratis.server.impl.RaftServerProxy.submitClientRequestAsync(RaftServerProxy.java:333) ~[ratis-server-0.4.0-2337318-SNAPSHOT.jar:0.4.0-2337318-SNAPSHOT]
	at org.apache.ratis.grpc.client.GrpcClientProtocolService$RequestStreamObserver.processClientRequest(GrpcClientProtocolService.java:220) ~[ratis-grpc-0.4.0-2337318-SNAPSHOT.jar:0.4.0-2337318-SNAPSHOT]
	at org.apache.ratis.grpc.client.GrpcClientProtocolService$OrderedRequestStreamObserver.processClientRequest(GrpcClientProtocolService.java:326) ~[ratis-grpc-0.4.0-2337318-SNAPSHOT.jar:0.4.0-2337318-SNAPSHOT]
	at org.apache.ratis.util.SlidingWindow$Server.processRequestsFromHead(SlidingWindow.java:429) [ratis-common-0.4.0-2337318-SNAPSHOT.jar:0.4.0-2337318-SNAPSHOT]
	at org.apache.ratis.util.SlidingWindow$Server.receivedRequest(SlidingWindow.java:421) [ratis-common-0.4.0-2337318-SNAPSHOT.jar:0.4.0-2337318-SNAPSHOT]
	at org.apache.ratis.grpc.client.GrpcClientProtocolService$OrderedRequestStreamObserver.processClientRequest(GrpcClientProtocolService.java:345) [ratis-grpc-0.4.0-2337318-SNAPSHOT.jar:0.4.0-2337318-SNAPSHOT]
	at org.apache.ratis.grpc.client.GrpcClientProtocolService$RequestStreamObserver.onNext(GrpcClientProtocolService.java:240) [ratis-grpc-0.4.0-2337318-SNAPSHOT.jar:0.4.0-2337318-SNAPSHOT]
	at org.apache.ratis.grpc.client.GrpcClientProtocolService$RequestStreamObserver.onNext(GrpcClientProtocolService.java:168) [ratis-grpc-0.4.0-2337318-SNAPSHOT.jar:0.4.0-2337318-SNAPSHOT]
	at org.apache.ratis.thirdparty.io.grpc.stub.ServerCalls$StreamingServerCallHandler$StreamingServerCallListener.onMessage(ServerCalls.java:248) [ratis-thirdparty-misc-0.2.0.jar:0.2.0]
	at org.apache.ratis.thirdparty.io.grpc.internal.ServerCallImpl$ServerStreamListenerImpl.messagesAvailable(ServerCallImpl.java:263) [ratis-thirdparty-misc-0.2.0.jar:0.2.0]
	at org.apache.ratis.thirdparty.io.grpc.internal.ServerImpl$JumpToApplicationThreadServerStreamListener$1MessagesAvailable.runInContext(ServerImpl.java:686) [ratis-thirdparty-misc-0.2.0.jar:0.2.0]
	at org.apache.ratis.thirdparty.io.grpc.internal.ContextRunnable.run(ContextRunnable.java:37) [ratis-thirdparty-misc-0.2.0.jar:0.2.0]
	at org.apache.ratis.thirdparty.io.grpc.internal.SerializingExecutor.run(SerializingExecutor.java:123) [ratis-thirdparty-misc-0.2.0.jar:0.2.0]
	at java.util.concurrent.ThreadPoolExecutor.runWorker(ThreadPoolExecutor.java:1149) [?:1.8.0_212]
	at java.util.concurrent.ThreadPoolExecutor$Worker.run(ThreadPoolExecutor.java:624) [?:1.8.0_212]
	at java.lang.Thread.run(Thread.java:748) [?:1.8.0_212]
08:43:52.967 [grpc-default-executor-0] ERROR DNAudit - user=null | ip=null | op=PUT_BLOCK {blockData=[blockId=conID: 1 locID: 102438916993777665 bcsId: 0,size=2097152]} | ret=FAILURE
org.apache.hadoop.hdds.scm.container.common.helpers.ContainerNotOpenException: Container 1 in CLOSED state
	at org.apache.hadoop.ozone.container.common.impl.HddsDispatcher.validateContainerCommand(HddsDispatcher.java:408) ~[hadoop-hdds-container-service-0.5.0-SNAPSHOT.jar:?]
	at org.apache.hadoop.ozone.container.common.transport.server.ratis.ContainerStateMachine.startTransaction(ContainerStateMachine.java:272) ~[hadoop-hdds-container-service-0.5.0-SNAPSHOT.jar:?]
	at org.apache.ratis.server.impl.RaftServerImpl.submitClientRequestAsync(RaftServerImpl.java:566) ~[ratis-server-0.4.0-2337318-SNAPSHOT.jar:0.4.0-2337318-SNAPSHOT]
	at org.apache.ratis.server.impl.RaftServerProxy.lambda$submitClientRequestAsync$7(RaftServerProxy.java:333) ~[ratis-server-0.4.0-2337318-SNAPSHOT.jar:0.4.0-2337318-SNAPSHOT]
	at org.apache.ratis.server.impl.RaftServerProxy.lambda$null$5(RaftServerProxy.java:328) ~[ratis-server-0.4.0-2337318-SNAPSHOT.jar:0.4.0-2337318-SNAPSHOT]
	at org.apache.ratis.util.JavaUtils.callAsUnchecked(JavaUtils.java:109) ~[ratis-common-0.4.0-2337318-SNAPSHOT.jar:0.4.0-2337318-SNAPSHOT]
	at org.apache.ratis.server.impl.RaftServerProxy.lambda$submitRequest$6(RaftServerProxy.java:328) ~[ratis-server-0.4.0-2337318-SNAPSHOT.jar:0.4.0-2337318-SNAPSHOT]
	at java.util.concurrent.CompletableFuture.uniComposeStage(CompletableFuture.java:981) ~[?:1.8.0_212]
	at java.util.concurrent.CompletableFuture.thenCompose(CompletableFuture.java:2124) ~[?:1.8.0_212]
	at org.apache.ratis.server.impl.RaftServerProxy.submitRequest(RaftServerProxy.java:327) ~[ratis-server-0.4.0-2337318-SNAPSHOT.jar:0.4.0-2337318-SNAPSHOT]
	at org.apache.ratis.server.impl.RaftServerProxy.submitClientRequestAsync(RaftServerProxy.java:333) ~[ratis-server-0.4.0-2337318-SNAPSHOT.jar:0.4.0-2337318-SNAPSHOT]
	at org.apache.ratis.grpc.client.GrpcClientProtocolService$RequestStreamObserver.processClientRequest(GrpcClientProtocolService.java:220) ~[ratis-grpc-0.4.0-2337318-SNAPSHOT.jar:0.4.0-2337318-SNAPSHOT]
	at org.apache.ratis.grpc.client.GrpcClientProtocolService$OrderedRequestStreamObserver.processClientRequest(GrpcClientProtocolService.java:326) ~[ratis-grpc-0.4.0-2337318-SNAPSHOT.jar:0.4.0-2337318-SNAPSHOT]
	at org.apache.ratis.util.SlidingWindow$Server.processRequestsFromHead(SlidingWindow.java:429) [ratis-common-0.4.0-2337318-SNAPSHOT.jar:0.4.0-2337318-SNAPSHOT]
	at org.apache.ratis.util.SlidingWindow$Server.receivedRequest(SlidingWindow.java:421) [ratis-common-0.4.0-2337318-SNAPSHOT.jar:0.4.0-2337318-SNAPSHOT]
	at org.apache.ratis.grpc.client.GrpcClientProtocolService$OrderedRequestStreamObserver.processClientRequest(GrpcClientProtocolService.java:345) [ratis-grpc-0.4.0-2337318-SNAPSHOT.jar:0.4.0-2337318-SNAPSHOT]
	at org.apache.ratis.grpc.client.GrpcClientProtocolService$RequestStreamObserver.onNext(GrpcClientProtocolService.java:240) [ratis-grpc-0.4.0-2337318-SNAPSHOT.jar:0.4.0-2337318-SNAPSHOT]
	at org.apache.ratis.grpc.client.GrpcClientProtocolService$RequestStreamObserver.onNext(GrpcClientProtocolService.java:168) [ratis-grpc-0.4.0-2337318-SNAPSHOT.jar:0.4.0-2337318-SNAPSHOT]
	at org.apache.ratis.thirdparty.io.grpc.stub.ServerCalls$StreamingServerCallHandler$StreamingServerCallListener.onMessage(ServerCalls.java:248) [ratis-thirdparty-misc-0.2.0.jar:0.2.0]
	at org.apache.ratis.thirdparty.io.grpc.internal.ServerCallImpl$ServerStreamListenerImpl.messagesAvailable(ServerCallImpl.java:263) [ratis-thirdparty-misc-0.2.0.jar:0.2.0]
	at org.apache.ratis.thirdparty.io.grpc.internal.ServerImpl$JumpToApplicationThreadServerStreamListener$1MessagesAvailable.runInContext(ServerImpl.java:686) [ratis-thirdparty-misc-0.2.0.jar:0.2.0]
	at org.apache.ratis.thirdparty.io.grpc.internal.ContextRunnable.run(ContextRunnable.java:37) [ratis-thirdparty-misc-0.2.0.jar:0.2.0]
	at org.apache.ratis.thirdparty.io.grpc.internal.SerializingExecutor.run(SerializingExecutor.java:123) [ratis-thirdparty-misc-0.2.0.jar:0.2.0]
	at java.util.concurrent.ThreadPoolExecutor.runWorker(ThreadPoolExecutor.java:1149) [?:1.8.0_212]
	at java.util.concurrent.ThreadPoolExecutor$Worker.run(ThreadPoolExecutor.java:624) [?:1.8.0_212]
	at java.lang.Thread.run(Thread.java:748) [?:1.8.0_212]
2019-07-14 08:43:52,979 INFO  client.GrpcClientProtocolClient (GrpcClientProtocolClient.java:onNext(255)) - client-C44D948F4FB4->d9b5ea88-2be1-4a6e-b0ee-cc160f5860cf: receive RaftClientReply:client-C44D948F4FB4->d9b5ea88-2be1-4a6e-b0ee-cc160f5860cf@group-459759A8C03F, cid=15, FAILED org.apache.ratis.protocol.StateMachineException: org.apache.hadoop.hdds.scm.container.common.helpers.ContainerNotOpenException from Server d9b5ea88-2be1-4a6e-b0ee-cc160f5860cf: Container 1 in CLOSED state, logIndex=0, commits[d9b5ea88-2be1-4a6e-b0ee-cc160f5860cf:c6, 4f06aa3a-afb6-48cc-92a7-a4a9f9d53527:c5, e46a66f4-a53a-42e3-9456-baa074b0d3f9:c5]
2019-07-14 08:43:52,982 INFO  client.GrpcClientProtocolClient (GrpcClientProtocolClient.java:onNext(255)) - client-C44D948F4FB4->d9b5ea88-2be1-4a6e-b0ee-cc160f5860cf: receive RaftClientReply:client-C44D948F4FB4->d9b5ea88-2be1-4a6e-b0ee-cc160f5860cf@group-459759A8C03F, cid=16, FAILED org.apache.ratis.protocol.StateMachineException: org.apache.hadoop.hdds.scm.container.common.helpers.ContainerNotOpenException from Server d9b5ea88-2be1-4a6e-b0ee-cc160f5860cf: Container 1 in CLOSED state, logIndex=0, commits[d9b5ea88-2be1-4a6e-b0ee-cc160f5860cf:c6, 4f06aa3a-afb6-48cc-92a7-a4a9f9d53527:c5, e46a66f4-a53a-42e3-9456-baa074b0d3f9:c5]
2019-07-14 08:43:53,035 INFO  client.GrpcClientProtocolClient (GrpcClientProtocolClient.java:onNext(255)) - client-C751DD1523C2->21afc0f0-84c2-4801-889d-34a8387a9803: receive RaftClientReply:client-C751DD1523C2->21afc0f0-84c2-4801-889d-34a8387a9803@group-229690D350A7, cid=17, FAILED org.apache.ratis.protocol.NotLeaderException: Server 21afc0f0-84c2-4801-889d-34a8387a9803 is not the leader (e0e5353e-3a31-431d-9c7b-bd4d0f384111:192.168.5.191:35934). Request must be sent to leader., logIndex=0, commits[21afc0f0-84c2-4801-889d-34a8387a9803:c0, a1e247ec-0224-42b9-b69e-d5ba19079f20:c0, e0e5353e-3a31-431d-9c7b-bd4d0f384111:c0]
2019-07-14 08:43:53,173 INFO  client.GrpcClientProtocolClient (GrpcClientProtocolClient.java:onNext(255)) - client-C751DD1523C2->e0e5353e-3a31-431d-9c7b-bd4d0f384111: receive RaftClientReply:client-C751DD1523C2->e0e5353e-3a31-431d-9c7b-bd4d0f384111@group-229690D350A7, cid=17, SUCCESS, logIndex=1, commits[e0e5353e-3a31-431d-9c7b-bd4d0f384111:c1, 21afc0f0-84c2-4801-889d-34a8387a9803:c0, a1e247ec-0224-42b9-b69e-d5ba19079f20:c0]
2019-07-14 08:43:53,228 INFO  client.GrpcClientProtocolClient (GrpcClientProtocolClient.java:onNext(255)) - client-C751DD1523C2->e0e5353e-3a31-431d-9c7b-bd4d0f384111: receive RaftClientReply:client-C751DD1523C2->e0e5353e-3a31-431d-9c7b-bd4d0f384111@group-229690D350A7, cid=18, SUCCESS, logIndex=3, commits[e0e5353e-3a31-431d-9c7b-bd4d0f384111:c8, 21afc0f0-84c2-4801-889d-34a8387a9803:c6, a1e247ec-0224-42b9-b69e-d5ba19079f20:c6]
2019-07-14 08:43:53,230 INFO  client.GrpcClientProtocolClient (GrpcClientProtocolClient.java:onNext(255)) - client-C751DD1523C2->e0e5353e-3a31-431d-9c7b-bd4d0f384111: receive RaftClientReply:client-C751DD1523C2->e0e5353e-3a31-431d-9c7b-bd4d0f384111@group-229690D350A7, cid=19, SUCCESS, logIndex=4, commits[e0e5353e-3a31-431d-9c7b-bd4d0f384111:c8, 21afc0f0-84c2-4801-889d-34a8387a9803:c6, a1e247ec-0224-42b9-b69e-d5ba19079f20:c6]
2019-07-14 08:43:53,300 INFO  client.GrpcClientProtocolClient (GrpcClientProtocolClient.java:onNext(255)) - client-C751DD1523C2->e0e5353e-3a31-431d-9c7b-bd4d0f384111: receive RaftClientReply:client-C751DD1523C2->e0e5353e-3a31-431d-9c7b-bd4d0f384111@group-229690D350A7, cid=20, SUCCESS, logIndex=5, commits[e0e5353e-3a31-431d-9c7b-bd4d0f384111:c8, 21afc0f0-84c2-4801-889d-34a8387a9803:c6, a1e247ec-0224-42b9-b69e-d5ba19079f20:c6]
2019-07-14 08:43:53,389 INFO  pipeline.Pipeline (Pipeline.java:getProtobufMessage(195)) - Serialize pipeline PipelineID=2b89dba6-b170-4fb5-82cc-229690d350a7 with nodesInOrder{ }
]]></system-out>
    <system-err><![CDATA[ERROR StatusLogger No Log4j 2 configuration file found. Using default configuration (logging only errors to the console), or user programmatically provided configurations. Set system property 'log4j2.debug' to show Log4j 2 internal initialization logging. See https://logging.apache.org/log4j/2.x/manual/configuration.html for instructions on how to configure Log4j 2
Jul 14, 2019 8:43:38 AM com.sun.jersey.server.impl.application.WebApplicationImpl _initiate
INFO: Initiating Jersey application, version 'Jersey: 1.19 02/11/2015 03:25 AM'
Jul 14, 2019 8:43:39 AM com.sun.jersey.server.impl.application.WebApplicationImpl _initiate
INFO: Initiating Jersey application, version 'Jersey: 1.19 02/11/2015 03:25 AM'
Jul 14, 2019 8:43:39 AM com.sun.jersey.server.impl.application.WebApplicationImpl _initiate
INFO: Initiating Jersey application, version 'Jersey: 1.19 02/11/2015 03:25 AM'
Jul 14, 2019 8:43:39 AM com.sun.jersey.server.impl.application.WebApplicationImpl _initiate
INFO: Initiating Jersey application, version 'Jersey: 1.19 02/11/2015 03:25 AM'
Jul 14, 2019 8:43:40 AM com.sun.jersey.server.impl.application.WebApplicationImpl _initiate
INFO: Initiating Jersey application, version 'Jersey: 1.19 02/11/2015 03:25 AM'
Jul 14, 2019 8:43:40 AM com.sun.jersey.server.impl.application.WebApplicationImpl _initiate
INFO: Initiating Jersey application, version 'Jersey: 1.19 02/11/2015 03:25 AM'
Jul 14, 2019 8:43:40 AM com.sun.jersey.server.impl.application.WebApplicationImpl _initiate
INFO: Initiating Jersey application, version 'Jersey: 1.19 02/11/2015 03:25 AM'
]]></system-err>
  </testcase>
  <testcase name="testBlockWritesWithFlushAndClose" classname="org.apache.hadoop.ozone.client.rpc.TestCloseContainerHandlingByClient" time="2.106"/>
  <testcase name="testBlockWritesCloseConsistency" classname="org.apache.hadoop.ozone.client.rpc.TestCloseContainerHandlingByClient" time="1.738">
    <error type="java.lang.IllegalArgumentException">java.lang.IllegalArgumentException
	at com.google.common.base.Preconditions.checkArgument(Preconditions.java:72)
	at org.apache.hadoop.hdds.scm.XceiverClientManager.acquireClient(XceiverClientManager.java:150)
	at org.apache.hadoop.hdds.scm.XceiverClientManager.acquireClientForReadData(XceiverClientManager.java:143)
	at org.apache.hadoop.hdds.scm.storage.BlockInputStream.getChunkInfos(BlockInputStream.java:154)
	at org.apache.hadoop.hdds.scm.storage.BlockInputStream.initialize(BlockInputStream.java:118)
	at org.apache.hadoop.hdds.scm.storage.BlockInputStream.read(BlockInputStream.java:222)
	at org.apache.hadoop.ozone.client.io.KeyInputStream.read(KeyInputStream.java:171)
	at org.apache.hadoop.ozone.client.io.OzoneInputStream.read(OzoneInputStream.java:47)
	at java.io.InputStream.read(InputStream.java:101)
	at org.apache.hadoop.ozone.container.ContainerTestHelper.validateData(ContainerTestHelper.java:709)
	at org.apache.hadoop.ozone.client.rpc.TestCloseContainerHandlingByClient.validateData(TestCloseContainerHandlingByClient.java:401)
	at org.apache.hadoop.ozone.client.rpc.TestCloseContainerHandlingByClient.testBlockWritesCloseConsistency(TestCloseContainerHandlingByClient.java:178)
	at sun.reflect.NativeMethodAccessorImpl.invoke0(Native Method)
	at sun.reflect.NativeMethodAccessorImpl.invoke(NativeMethodAccessorImpl.java:62)
	at sun.reflect.DelegatingMethodAccessorImpl.invoke(DelegatingMethodAccessorImpl.java:43)
	at java.lang.reflect.Method.invoke(Method.java:498)
	at org.junit.runners.model.FrameworkMethod$1.runReflectiveCall(FrameworkMethod.java:47)
	at org.junit.internal.runners.model.ReflectiveCallable.run(ReflectiveCallable.java:12)
	at org.junit.runners.model.FrameworkMethod.invokeExplosively(FrameworkMethod.java:44)
	at org.junit.internal.runners.statements.InvokeMethod.evaluate(InvokeMethod.java:17)
	at org.junit.runners.ParentRunner.runLeaf(ParentRunner.java:271)
	at org.junit.runners.BlockJUnit4ClassRunner.runChild(BlockJUnit4ClassRunner.java:70)
	at org.junit.runners.BlockJUnit4ClassRunner.runChild(BlockJUnit4ClassRunner.java:50)
	at org.junit.runners.ParentRunner$3.run(ParentRunner.java:238)
	at org.junit.runners.ParentRunner$1.schedule(ParentRunner.java:63)
	at org.junit.runners.ParentRunner.runChildren(ParentRunner.java:236)
	at org.junit.runners.ParentRunner.access$000(ParentRunner.java:53)
	at org.junit.runners.ParentRunner$2.evaluate(ParentRunner.java:229)
	at org.junit.internal.runners.statements.RunBefores.evaluate(RunBefores.java:26)
	at org.junit.internal.runners.statements.RunAfters.evaluate(RunAfters.java:27)
	at org.junit.runners.ParentRunner.run(ParentRunner.java:309)
	at org.apache.maven.surefire.junit4.JUnit4Provider.execute(JUnit4Provider.java:365)
	at org.apache.maven.surefire.junit4.JUnit4Provider.executeWithRerun(JUnit4Provider.java:273)
	at org.apache.maven.surefire.junit4.JUnit4Provider.executeTestSet(JUnit4Provider.java:238)
	at org.apache.maven.surefire.junit4.JUnit4Provider.invoke(JUnit4Provider.java:159)
	at org.apache.maven.surefire.booter.ForkedBooter.invokeProviderInSameClassLoader(ForkedBooter.java:384)
	at org.apache.maven.surefire.booter.ForkedBooter.runSuitesInProcess(ForkedBooter.java:345)
	at org.apache.maven.surefire.booter.ForkedBooter.execute(ForkedBooter.java:126)
	at org.apache.maven.surefire.booter.ForkedBooter.main(ForkedBooter.java:418)
</error>
    <system-out><![CDATA[2019-07-14 08:43:55,632 INFO  client.GrpcClientProtocolClient (GrpcClientProtocolClient.java:onNext(255)) - client-C44D948F4FB4->d9b5ea88-2be1-4a6e-b0ee-cc160f5860cf: receive RaftClientReply:client-C44D948F4FB4->d9b5ea88-2be1-4a6e-b0ee-cc160f5860cf@group-459759A8C03F, cid=32, SUCCESS, logIndex=25, commits[d9b5ea88-2be1-4a6e-b0ee-cc160f5860cf:c26, 4f06aa3a-afb6-48cc-92a7-a4a9f9d53527:c24, e46a66f4-a53a-42e3-9456-baa074b0d3f9:c24]
2019-07-14 08:43:55,663 INFO  client.GrpcClientProtocolClient (GrpcClientProtocolClient.java:onNext(255)) - client-C44D948F4FB4->d9b5ea88-2be1-4a6e-b0ee-cc160f5860cf: receive RaftClientReply:client-C44D948F4FB4->d9b5ea88-2be1-4a6e-b0ee-cc160f5860cf@group-459759A8C03F, cid=33, SUCCESS, logIndex=26, commits[d9b5ea88-2be1-4a6e-b0ee-cc160f5860cf:c28, 4f06aa3a-afb6-48cc-92a7-a4a9f9d53527:c26, e46a66f4-a53a-42e3-9456-baa074b0d3f9:c26]
2019-07-14 08:43:56,047 INFO  container.CloseContainerEventHandler (CloseContainerEventHandler.java:onMessage(61)) - Close container Event triggered for container : #5
2019-07-14 08:43:56,051 INFO  container.CloseContainerEventHandler (CloseContainerEventHandler.java:onMessage(61)) - Close container Event triggered for container : #5
2019-07-14 08:43:56,051 INFO  container.CloseContainerEventHandler (CloseContainerEventHandler.java:onMessage(61)) - Close container Event triggered for container : #5
2019-07-14 08:43:56,974 INFO  interfaces.Container (KeyValueContainer.java:compactDB(356)) - Container 5 is closed with bcsId 26.
2019-07-14 08:43:56,983 INFO  interfaces.Container (KeyValueContainer.java:compactDB(356)) - Container 5 is closed with bcsId 26.
2019-07-14 08:43:56,986 INFO  interfaces.Container (KeyValueContainer.java:compactDB(356)) - Container 5 is closed with bcsId 26.
08:43:57.052 [grpc-default-executor-3] ERROR DNAudit - user=null | ip=null | op=WRITE_CHUNK {blockData=conID: 5 locID: 102438917606014983 bcsId: 26} | ret=FAILURE
org.apache.hadoop.hdds.scm.container.common.helpers.ContainerNotOpenException: Container 5 in CLOSED state
	at org.apache.hadoop.ozone.container.common.impl.HddsDispatcher.validateContainerCommand(HddsDispatcher.java:408) ~[hadoop-hdds-container-service-0.5.0-SNAPSHOT.jar:?]
	at org.apache.hadoop.ozone.container.common.transport.server.ratis.ContainerStateMachine.startTransaction(ContainerStateMachine.java:272) ~[hadoop-hdds-container-service-0.5.0-SNAPSHOT.jar:?]
	at org.apache.ratis.server.impl.RaftServerImpl.submitClientRequestAsync(RaftServerImpl.java:566) ~[ratis-server-0.4.0-2337318-SNAPSHOT.jar:0.4.0-2337318-SNAPSHOT]
	at org.apache.ratis.server.impl.RaftServerProxy.lambda$submitClientRequestAsync$7(RaftServerProxy.java:333) ~[ratis-server-0.4.0-2337318-SNAPSHOT.jar:0.4.0-2337318-SNAPSHOT]
	at org.apache.ratis.server.impl.RaftServerProxy.lambda$null$5(RaftServerProxy.java:328) ~[ratis-server-0.4.0-2337318-SNAPSHOT.jar:0.4.0-2337318-SNAPSHOT]
	at org.apache.ratis.util.JavaUtils.callAsUnchecked(JavaUtils.java:109) ~[ratis-common-0.4.0-2337318-SNAPSHOT.jar:0.4.0-2337318-SNAPSHOT]
	at org.apache.ratis.server.impl.RaftServerProxy.lambda$submitRequest$6(RaftServerProxy.java:328) ~[ratis-server-0.4.0-2337318-SNAPSHOT.jar:0.4.0-2337318-SNAPSHOT]
	at java.util.concurrent.CompletableFuture.uniComposeStage(CompletableFuture.java:981) ~[?:1.8.0_212]
	at java.util.concurrent.CompletableFuture.thenCompose(CompletableFuture.java:2124) ~[?:1.8.0_212]
	at org.apache.ratis.server.impl.RaftServerProxy.submitRequest(RaftServerProxy.java:327) ~[ratis-server-0.4.0-2337318-SNAPSHOT.jar:0.4.0-2337318-SNAPSHOT]
	at org.apache.ratis.server.impl.RaftServerProxy.submitClientRequestAsync(RaftServerProxy.java:333) ~[ratis-server-0.4.0-2337318-SNAPSHOT.jar:0.4.0-2337318-SNAPSHOT]
	at org.apache.ratis.grpc.client.GrpcClientProtocolService$RequestStreamObserver.processClientRequest(GrpcClientProtocolService.java:220) ~[ratis-grpc-0.4.0-2337318-SNAPSHOT.jar:0.4.0-2337318-SNAPSHOT]
	at org.apache.ratis.grpc.client.GrpcClientProtocolService$OrderedRequestStreamObserver.processClientRequest(GrpcClientProtocolService.java:326) ~[ratis-grpc-0.4.0-2337318-SNAPSHOT.jar:0.4.0-2337318-SNAPSHOT]
	at org.apache.ratis.util.SlidingWindow$Server.processRequestsFromHead(SlidingWindow.java:429) [ratis-common-0.4.0-2337318-SNAPSHOT.jar:0.4.0-2337318-SNAPSHOT]
	at org.apache.ratis.util.SlidingWindow$Server.receivedRequest(SlidingWindow.java:421) [ratis-common-0.4.0-2337318-SNAPSHOT.jar:0.4.0-2337318-SNAPSHOT]
	at org.apache.ratis.grpc.client.GrpcClientProtocolService$OrderedRequestStreamObserver.processClientRequest(GrpcClientProtocolService.java:345) [ratis-grpc-0.4.0-2337318-SNAPSHOT.jar:0.4.0-2337318-SNAPSHOT]
	at org.apache.ratis.grpc.client.GrpcClientProtocolService$RequestStreamObserver.onNext(GrpcClientProtocolService.java:240) [ratis-grpc-0.4.0-2337318-SNAPSHOT.jar:0.4.0-2337318-SNAPSHOT]
	at org.apache.ratis.grpc.client.GrpcClientProtocolService$RequestStreamObserver.onNext(GrpcClientProtocolService.java:168) [ratis-grpc-0.4.0-2337318-SNAPSHOT.jar:0.4.0-2337318-SNAPSHOT]
	at org.apache.ratis.thirdparty.io.grpc.stub.ServerCalls$StreamingServerCallHandler$StreamingServerCallListener.onMessage(ServerCalls.java:248) [ratis-thirdparty-misc-0.2.0.jar:0.2.0]
	at org.apache.ratis.thirdparty.io.grpc.internal.ServerCallImpl$ServerStreamListenerImpl.messagesAvailable(ServerCallImpl.java:263) [ratis-thirdparty-misc-0.2.0.jar:0.2.0]
	at org.apache.ratis.thirdparty.io.grpc.internal.ServerImpl$JumpToApplicationThreadServerStreamListener$1MessagesAvailable.runInContext(ServerImpl.java:686) [ratis-thirdparty-misc-0.2.0.jar:0.2.0]
	at org.apache.ratis.thirdparty.io.grpc.internal.ContextRunnable.run(ContextRunnable.java:37) [ratis-thirdparty-misc-0.2.0.jar:0.2.0]
	at org.apache.ratis.thirdparty.io.grpc.internal.SerializingExecutor.run(SerializingExecutor.java:123) [ratis-thirdparty-misc-0.2.0.jar:0.2.0]
	at java.util.concurrent.ThreadPoolExecutor.runWorker(ThreadPoolExecutor.java:1149) [?:1.8.0_212]
	at java.util.concurrent.ThreadPoolExecutor$Worker.run(ThreadPoolExecutor.java:624) [?:1.8.0_212]
	at java.lang.Thread.run(Thread.java:748) [?:1.8.0_212]
08:43:57.062 [grpc-default-executor-3] ERROR DNAudit - user=null | ip=null | op=PUT_BLOCK {blockData=[blockId=conID: 5 locID: 102438917606014983 bcsId: 0,size=1572864]} | ret=FAILURE
org.apache.hadoop.hdds.scm.container.common.helpers.ContainerNotOpenException: Container 5 in CLOSED state
	at org.apache.hadoop.ozone.container.common.impl.HddsDispatcher.validateContainerCommand(HddsDispatcher.java:408) ~[hadoop-hdds-container-service-0.5.0-SNAPSHOT.jar:?]
	at org.apache.hadoop.ozone.container.common.transport.server.ratis.ContainerStateMachine.startTransaction(ContainerStateMachine.java:272) ~[hadoop-hdds-container-service-0.5.0-SNAPSHOT.jar:?]
	at org.apache.ratis.server.impl.RaftServerImpl.submitClientRequestAsync(RaftServerImpl.java:566) ~[ratis-server-0.4.0-2337318-SNAPSHOT.jar:0.4.0-2337318-SNAPSHOT]
	at org.apache.ratis.server.impl.RaftServerProxy.lambda$submitClientRequestAsync$7(RaftServerProxy.java:333) ~[ratis-server-0.4.0-2337318-SNAPSHOT.jar:0.4.0-2337318-SNAPSHOT]
	at org.apache.ratis.server.impl.RaftServerProxy.lambda$null$5(RaftServerProxy.java:328) ~[ratis-server-0.4.0-2337318-SNAPSHOT.jar:0.4.0-2337318-SNAPSHOT]
	at org.apache.ratis.util.JavaUtils.callAsUnchecked(JavaUtils.java:109) ~[ratis-common-0.4.0-2337318-SNAPSHOT.jar:0.4.0-2337318-SNAPSHOT]
	at org.apache.ratis.server.impl.RaftServerProxy.lambda$submitRequest$6(RaftServerProxy.java:328) ~[ratis-server-0.4.0-2337318-SNAPSHOT.jar:0.4.0-2337318-SNAPSHOT]
	at java.util.concurrent.CompletableFuture.uniComposeStage(CompletableFuture.java:981) ~[?:1.8.0_212]
	at java.util.concurrent.CompletableFuture.thenCompose(CompletableFuture.java:2124) ~[?:1.8.0_212]
	at org.apache.ratis.server.impl.RaftServerProxy.submitRequest(RaftServerProxy.java:327) ~[ratis-server-0.4.0-2337318-SNAPSHOT.jar:0.4.0-2337318-SNAPSHOT]
	at org.apache.ratis.server.impl.RaftServerProxy.submitClientRequestAsync(RaftServerProxy.java:333) ~[ratis-server-0.4.0-2337318-SNAPSHOT.jar:0.4.0-2337318-SNAPSHOT]
	at org.apache.ratis.grpc.client.GrpcClientProtocolService$RequestStreamObserver.processClientRequest(GrpcClientProtocolService.java:220) ~[ratis-grpc-0.4.0-2337318-SNAPSHOT.jar:0.4.0-2337318-SNAPSHOT]
	at org.apache.ratis.grpc.client.GrpcClientProtocolService$OrderedRequestStreamObserver.processClientRequest(GrpcClientProtocolService.java:326) ~[ratis-grpc-0.4.0-2337318-SNAPSHOT.jar:0.4.0-2337318-SNAPSHOT]
	at org.apache.ratis.util.SlidingWindow$Server.processRequestsFromHead(SlidingWindow.java:429) [ratis-common-0.4.0-2337318-SNAPSHOT.jar:0.4.0-2337318-SNAPSHOT]
	at org.apache.ratis.util.SlidingWindow$Server.receivedRequest(SlidingWindow.java:421) [ratis-common-0.4.0-2337318-SNAPSHOT.jar:0.4.0-2337318-SNAPSHOT]
	at org.apache.ratis.grpc.client.GrpcClientProtocolService$OrderedRequestStreamObserver.processClientRequest(GrpcClientProtocolService.java:345) [ratis-grpc-0.4.0-2337318-SNAPSHOT.jar:0.4.0-2337318-SNAPSHOT]
	at org.apache.ratis.grpc.client.GrpcClientProtocolService$RequestStreamObserver.onNext(GrpcClientProtocolService.java:240) [ratis-grpc-0.4.0-2337318-SNAPSHOT.jar:0.4.0-2337318-SNAPSHOT]
	at org.apache.ratis.grpc.client.GrpcClientProtocolService$RequestStreamObserver.onNext(GrpcClientProtocolService.java:168) [ratis-grpc-0.4.0-2337318-SNAPSHOT.jar:0.4.0-2337318-SNAPSHOT]
	at org.apache.ratis.thirdparty.io.grpc.stub.ServerCalls$StreamingServerCallHandler$StreamingServerCallListener.onMessage(ServerCalls.java:248) [ratis-thirdparty-misc-0.2.0.jar:0.2.0]
	at org.apache.ratis.thirdparty.io.grpc.internal.ServerCallImpl$ServerStreamListenerImpl.messagesAvailable(ServerCallImpl.java:263) [ratis-thirdparty-misc-0.2.0.jar:0.2.0]
	at org.apache.ratis.thirdparty.io.grpc.internal.ServerImpl$JumpToApplicationThreadServerStreamListener$1MessagesAvailable.runInContext(ServerImpl.java:686) [ratis-thirdparty-misc-0.2.0.jar:0.2.0]
	at org.apache.ratis.thirdparty.io.grpc.internal.ContextRunnable.run(ContextRunnable.java:37) [ratis-thirdparty-misc-0.2.0.jar:0.2.0]
	at org.apache.ratis.thirdparty.io.grpc.internal.SerializingExecutor.run(SerializingExecutor.java:123) [ratis-thirdparty-misc-0.2.0.jar:0.2.0]
	at java.util.concurrent.ThreadPoolExecutor.runWorker(ThreadPoolExecutor.java:1149) [?:1.8.0_212]
	at java.util.concurrent.ThreadPoolExecutor$Worker.run(ThreadPoolExecutor.java:624) [?:1.8.0_212]
	at java.lang.Thread.run(Thread.java:748) [?:1.8.0_212]
2019-07-14 08:43:57,069 INFO  client.GrpcClientProtocolClient (GrpcClientProtocolClient.java:onNext(255)) - client-C44D948F4FB4->d9b5ea88-2be1-4a6e-b0ee-cc160f5860cf: receive RaftClientReply:client-C44D948F4FB4->d9b5ea88-2be1-4a6e-b0ee-cc160f5860cf@group-459759A8C03F, cid=34, FAILED org.apache.ratis.protocol.StateMachineException: org.apache.hadoop.hdds.scm.container.common.helpers.ContainerNotOpenException from Server d9b5ea88-2be1-4a6e-b0ee-cc160f5860cf: Container 5 in CLOSED state, logIndex=0, commits[d9b5ea88-2be1-4a6e-b0ee-cc160f5860cf:c30, 4f06aa3a-afb6-48cc-92a7-a4a9f9d53527:c29, e46a66f4-a53a-42e3-9456-baa074b0d3f9:c29]
2019-07-14 08:43:57,071 INFO  client.GrpcClientProtocolClient (GrpcClientProtocolClient.java:onNext(255)) - client-C44D948F4FB4->d9b5ea88-2be1-4a6e-b0ee-cc160f5860cf: receive RaftClientReply:client-C44D948F4FB4->d9b5ea88-2be1-4a6e-b0ee-cc160f5860cf@group-459759A8C03F, cid=35, FAILED org.apache.ratis.protocol.StateMachineException: org.apache.hadoop.hdds.scm.container.common.helpers.ContainerNotOpenException from Server d9b5ea88-2be1-4a6e-b0ee-cc160f5860cf: Container 5 in CLOSED state, logIndex=0, commits[d9b5ea88-2be1-4a6e-b0ee-cc160f5860cf:c30, 4f06aa3a-afb6-48cc-92a7-a4a9f9d53527:c29, e46a66f4-a53a-42e3-9456-baa074b0d3f9:c29]
2019-07-14 08:43:57,195 INFO  client.GrpcClientProtocolClient (GrpcClientProtocolClient.java:onNext(255)) - client-C751DD1523C2->e0e5353e-3a31-431d-9c7b-bd4d0f384111: receive RaftClientReply:client-C751DD1523C2->e0e5353e-3a31-431d-9c7b-bd4d0f384111@group-229690D350A7, cid=36, SUCCESS, logIndex=9, commits[e0e5353e-3a31-431d-9c7b-bd4d0f384111:c10, 21afc0f0-84c2-4801-889d-34a8387a9803:c8, a1e247ec-0224-42b9-b69e-d5ba19079f20:c8]
2019-07-14 08:43:57,226 INFO  client.GrpcClientProtocolClient (GrpcClientProtocolClient.java:onNext(255)) - client-C751DD1523C2->e0e5353e-3a31-431d-9c7b-bd4d0f384111: receive RaftClientReply:client-C751DD1523C2->e0e5353e-3a31-431d-9c7b-bd4d0f384111@group-229690D350A7, cid=37, SUCCESS, logIndex=10, commits[e0e5353e-3a31-431d-9c7b-bd4d0f384111:c12, 21afc0f0-84c2-4801-889d-34a8387a9803:c10, a1e247ec-0224-42b9-b69e-d5ba19079f20:c10]
2019-07-14 08:43:57,248 INFO  pipeline.Pipeline (Pipeline.java:getProtobufMessage(195)) - Serialize pipeline PipelineID=2b89dba6-b170-4fb5-82cc-229690d350a7 with nodesInOrder{ }
]]></system-out>
  </testcase>
  <testcase name="testMultiBlockWrites" classname="org.apache.hadoop.ozone.client.rpc.TestCloseContainerHandlingByClient" time="3.245"/>
  <testcase name="testBlockWrites" classname="org.apache.hadoop.ozone.client.rpc.TestCloseContainerHandlingByClient" time="2.01">
    <error type="java.lang.IllegalArgumentException">java.lang.IllegalArgumentException
	at com.google.common.base.Preconditions.checkArgument(Preconditions.java:72)
	at org.apache.hadoop.hdds.scm.XceiverClientManager.acquireClient(XceiverClientManager.java:150)
	at org.apache.hadoop.hdds.scm.XceiverClientManager.acquireClientForReadData(XceiverClientManager.java:143)
	at org.apache.hadoop.hdds.scm.storage.BlockInputStream.getChunkInfos(BlockInputStream.java:154)
	at org.apache.hadoop.hdds.scm.storage.BlockInputStream.initialize(BlockInputStream.java:118)
	at org.apache.hadoop.hdds.scm.storage.BlockInputStream.read(BlockInputStream.java:222)
	at org.apache.hadoop.ozone.client.io.KeyInputStream.read(KeyInputStream.java:171)
	at org.apache.hadoop.ozone.client.io.OzoneInputStream.read(OzoneInputStream.java:47)
	at java.io.InputStream.read(InputStream.java:101)
	at org.apache.hadoop.ozone.container.ContainerTestHelper.validateData(ContainerTestHelper.java:709)
	at org.apache.hadoop.ozone.client.rpc.TestCloseContainerHandlingByClient.validateData(TestCloseContainerHandlingByClient.java:401)
	at org.apache.hadoop.ozone.client.rpc.TestCloseContainerHandlingByClient.testBlockWrites(TestCloseContainerHandlingByClient.java:471)
	at sun.reflect.NativeMethodAccessorImpl.invoke0(Native Method)
	at sun.reflect.NativeMethodAccessorImpl.invoke(NativeMethodAccessorImpl.java:62)
	at sun.reflect.DelegatingMethodAccessorImpl.invoke(DelegatingMethodAccessorImpl.java:43)
	at java.lang.reflect.Method.invoke(Method.java:498)
	at org.junit.runners.model.FrameworkMethod$1.runReflectiveCall(FrameworkMethod.java:47)
	at org.junit.internal.runners.model.ReflectiveCallable.run(ReflectiveCallable.java:12)
	at org.junit.runners.model.FrameworkMethod.invokeExplosively(FrameworkMethod.java:44)
	at org.junit.internal.runners.statements.InvokeMethod.evaluate(InvokeMethod.java:17)
	at org.junit.runners.ParentRunner.runLeaf(ParentRunner.java:271)
	at org.junit.runners.BlockJUnit4ClassRunner.runChild(BlockJUnit4ClassRunner.java:70)
	at org.junit.runners.BlockJUnit4ClassRunner.runChild(BlockJUnit4ClassRunner.java:50)
	at org.junit.runners.ParentRunner$3.run(ParentRunner.java:238)
	at org.junit.runners.ParentRunner$1.schedule(ParentRunner.java:63)
	at org.junit.runners.ParentRunner.runChildren(ParentRunner.java:236)
	at org.junit.runners.ParentRunner.access$000(ParentRunner.java:53)
	at org.junit.runners.ParentRunner$2.evaluate(ParentRunner.java:229)
	at org.junit.internal.runners.statements.RunBefores.evaluate(RunBefores.java:26)
	at org.junit.internal.runners.statements.RunAfters.evaluate(RunAfters.java:27)
	at org.junit.runners.ParentRunner.run(ParentRunner.java:309)
	at org.apache.maven.surefire.junit4.JUnit4Provider.execute(JUnit4Provider.java:365)
	at org.apache.maven.surefire.junit4.JUnit4Provider.executeWithRerun(JUnit4Provider.java:273)
	at org.apache.maven.surefire.junit4.JUnit4Provider.executeTestSet(JUnit4Provider.java:238)
	at org.apache.maven.surefire.junit4.JUnit4Provider.invoke(JUnit4Provider.java:159)
	at org.apache.maven.surefire.booter.ForkedBooter.invokeProviderInSameClassLoader(ForkedBooter.java:384)
	at org.apache.maven.surefire.booter.ForkedBooter.runSuitesInProcess(ForkedBooter.java:345)
	at org.apache.maven.surefire.booter.ForkedBooter.execute(ForkedBooter.java:126)
	at org.apache.maven.surefire.booter.ForkedBooter.main(ForkedBooter.java:418)
</error>
    <system-out><![CDATA[2019-07-14 08:44:00,565 INFO  client.GrpcClientProtocolClient (GrpcClientProtocolClient.java:onNext(255)) - client-C751DD1523C2->e0e5353e-3a31-431d-9c7b-bd4d0f384111: receive RaftClientReply:client-C751DD1523C2->e0e5353e-3a31-431d-9c7b-bd4d0f384111@group-229690D350A7, cid=76, SUCCESS, logIndex=43, commits[e0e5353e-3a31-431d-9c7b-bd4d0f384111:c44, 21afc0f0-84c2-4801-889d-34a8387a9803:c42, a1e247ec-0224-42b9-b69e-d5ba19079f20:c42]
2019-07-14 08:44:00,567 INFO  client.GrpcClientProtocolClient (GrpcClientProtocolClient.java:onNext(255)) - client-C751DD1523C2->e0e5353e-3a31-431d-9c7b-bd4d0f384111: receive RaftClientReply:client-C751DD1523C2->e0e5353e-3a31-431d-9c7b-bd4d0f384111@group-229690D350A7, cid=77, SUCCESS, logIndex=44, commits[e0e5353e-3a31-431d-9c7b-bd4d0f384111:c44, 21afc0f0-84c2-4801-889d-34a8387a9803:c42, a1e247ec-0224-42b9-b69e-d5ba19079f20:c42]
2019-07-14 08:44:00,569 INFO  client.GrpcClientProtocolClient (GrpcClientProtocolClient.java:onNext(255)) - client-C751DD1523C2->e0e5353e-3a31-431d-9c7b-bd4d0f384111: receive RaftClientReply:client-C751DD1523C2->e0e5353e-3a31-431d-9c7b-bd4d0f384111@group-229690D350A7, cid=78, SUCCESS, logIndex=45, commits[e0e5353e-3a31-431d-9c7b-bd4d0f384111:c45, 21afc0f0-84c2-4801-889d-34a8387a9803:c42, a1e247ec-0224-42b9-b69e-d5ba19079f20:c42]
2019-07-14 08:44:00,570 INFO  client.GrpcClientProtocolClient (GrpcClientProtocolClient.java:onNext(255)) - client-C751DD1523C2->e0e5353e-3a31-431d-9c7b-bd4d0f384111: receive RaftClientReply:client-C751DD1523C2->e0e5353e-3a31-431d-9c7b-bd4d0f384111@group-229690D350A7, cid=79, SUCCESS, logIndex=46, commits[e0e5353e-3a31-431d-9c7b-bd4d0f384111:c48, 21afc0f0-84c2-4801-889d-34a8387a9803:c44, a1e247ec-0224-42b9-b69e-d5ba19079f20:c42]
2019-07-14 08:44:00,572 INFO  client.GrpcClientProtocolClient (GrpcClientProtocolClient.java:onNext(255)) - client-C751DD1523C2->e0e5353e-3a31-431d-9c7b-bd4d0f384111: receive RaftClientReply:client-C751DD1523C2->e0e5353e-3a31-431d-9c7b-bd4d0f384111@group-229690D350A7, cid=80, SUCCESS, logIndex=0, commits[e0e5353e-3a31-431d-9c7b-bd4d0f384111:c48, 21afc0f0-84c2-4801-889d-34a8387a9803:c44, a1e247ec-0224-42b9-b69e-d5ba19079f20:c44]
2019-07-14 08:44:00,573 INFO  container.CloseContainerEventHandler (CloseContainerEventHandler.java:onMessage(61)) - Close container Event triggered for container : #2
2019-07-14 08:44:00,573 INFO  container.CloseContainerEventHandler (CloseContainerEventHandler.java:onMessage(61)) - Close container Event triggered for container : #2
2019-07-14 08:44:00,574 INFO  container.CloseContainerEventHandler (CloseContainerEventHandler.java:onMessage(61)) - Close container Event triggered for container : #2
2019-07-14 08:44:01,885 INFO  interfaces.Container (KeyValueContainer.java:compactDB(356)) - Container 2 is closed with bcsId 46.
2019-07-14 08:44:01,891 INFO  interfaces.Container (KeyValueContainer.java:compactDB(356)) - Container 2 is closed with bcsId 46.
2019-07-14 08:44:01,895 INFO  interfaces.Container (KeyValueContainer.java:compactDB(356)) - Container 2 is closed with bcsId 46.
08:44:02.233 [grpc-default-executor-2] ERROR DNAudit - user=null | ip=null | op=WRITE_CHUNK {blockData=conID: 2 locID: 102438917933105167 bcsId: 46} | ret=FAILURE
org.apache.hadoop.hdds.scm.container.common.helpers.ContainerNotOpenException: Container 2 in CLOSED state
	at org.apache.hadoop.ozone.container.common.impl.HddsDispatcher.validateContainerCommand(HddsDispatcher.java:408) ~[hadoop-hdds-container-service-0.5.0-SNAPSHOT.jar:?]
	at org.apache.hadoop.ozone.container.common.transport.server.ratis.ContainerStateMachine.startTransaction(ContainerStateMachine.java:272) ~[hadoop-hdds-container-service-0.5.0-SNAPSHOT.jar:?]
	at org.apache.ratis.server.impl.RaftServerImpl.submitClientRequestAsync(RaftServerImpl.java:566) ~[ratis-server-0.4.0-2337318-SNAPSHOT.jar:0.4.0-2337318-SNAPSHOT]
	at org.apache.ratis.server.impl.RaftServerProxy.lambda$submitClientRequestAsync$7(RaftServerProxy.java:333) ~[ratis-server-0.4.0-2337318-SNAPSHOT.jar:0.4.0-2337318-SNAPSHOT]
	at org.apache.ratis.server.impl.RaftServerProxy.lambda$null$5(RaftServerProxy.java:328) ~[ratis-server-0.4.0-2337318-SNAPSHOT.jar:0.4.0-2337318-SNAPSHOT]
	at org.apache.ratis.util.JavaUtils.callAsUnchecked(JavaUtils.java:109) ~[ratis-common-0.4.0-2337318-SNAPSHOT.jar:0.4.0-2337318-SNAPSHOT]
	at org.apache.ratis.server.impl.RaftServerProxy.lambda$submitRequest$6(RaftServerProxy.java:328) ~[ratis-server-0.4.0-2337318-SNAPSHOT.jar:0.4.0-2337318-SNAPSHOT]
	at java.util.concurrent.CompletableFuture.uniComposeStage(CompletableFuture.java:981) ~[?:1.8.0_212]
	at java.util.concurrent.CompletableFuture.thenCompose(CompletableFuture.java:2124) ~[?:1.8.0_212]
	at org.apache.ratis.server.impl.RaftServerProxy.submitRequest(RaftServerProxy.java:327) ~[ratis-server-0.4.0-2337318-SNAPSHOT.jar:0.4.0-2337318-SNAPSHOT]
	at org.apache.ratis.server.impl.RaftServerProxy.submitClientRequestAsync(RaftServerProxy.java:333) ~[ratis-server-0.4.0-2337318-SNAPSHOT.jar:0.4.0-2337318-SNAPSHOT]
	at org.apache.ratis.grpc.client.GrpcClientProtocolService$RequestStreamObserver.processClientRequest(GrpcClientProtocolService.java:220) ~[ratis-grpc-0.4.0-2337318-SNAPSHOT.jar:0.4.0-2337318-SNAPSHOT]
	at org.apache.ratis.grpc.client.GrpcClientProtocolService$OrderedRequestStreamObserver.processClientRequest(GrpcClientProtocolService.java:326) ~[ratis-grpc-0.4.0-2337318-SNAPSHOT.jar:0.4.0-2337318-SNAPSHOT]
	at org.apache.ratis.util.SlidingWindow$Server.processRequestsFromHead(SlidingWindow.java:429) [ratis-common-0.4.0-2337318-SNAPSHOT.jar:0.4.0-2337318-SNAPSHOT]
	at org.apache.ratis.util.SlidingWindow$Server.receivedRequest(SlidingWindow.java:421) [ratis-common-0.4.0-2337318-SNAPSHOT.jar:0.4.0-2337318-SNAPSHOT]
	at org.apache.ratis.grpc.client.GrpcClientProtocolService$OrderedRequestStreamObserver.processClientRequest(GrpcClientProtocolService.java:345) [ratis-grpc-0.4.0-2337318-SNAPSHOT.jar:0.4.0-2337318-SNAPSHOT]
	at org.apache.ratis.grpc.client.GrpcClientProtocolService$RequestStreamObserver.onNext(GrpcClientProtocolService.java:240) [ratis-grpc-0.4.0-2337318-SNAPSHOT.jar:0.4.0-2337318-SNAPSHOT]
	at org.apache.ratis.grpc.client.GrpcClientProtocolService$RequestStreamObserver.onNext(GrpcClientProtocolService.java:168) [ratis-grpc-0.4.0-2337318-SNAPSHOT.jar:0.4.0-2337318-SNAPSHOT]
	at org.apache.ratis.thirdparty.io.grpc.stub.ServerCalls$StreamingServerCallHandler$StreamingServerCallListener.onMessage(ServerCalls.java:248) [ratis-thirdparty-misc-0.2.0.jar:0.2.0]
	at org.apache.ratis.thirdparty.io.grpc.internal.ServerCallImpl$ServerStreamListenerImpl.messagesAvailable(ServerCallImpl.java:263) [ratis-thirdparty-misc-0.2.0.jar:0.2.0]
	at org.apache.ratis.thirdparty.io.grpc.internal.ServerImpl$JumpToApplicationThreadServerStreamListener$1MessagesAvailable.runInContext(ServerImpl.java:686) [ratis-thirdparty-misc-0.2.0.jar:0.2.0]
	at org.apache.ratis.thirdparty.io.grpc.internal.ContextRunnable.run(ContextRunnable.java:37) [ratis-thirdparty-misc-0.2.0.jar:0.2.0]
	at org.apache.ratis.thirdparty.io.grpc.internal.SerializingExecutor.run(SerializingExecutor.java:123) [ratis-thirdparty-misc-0.2.0.jar:0.2.0]
	at java.util.concurrent.ThreadPoolExecutor.runWorker(ThreadPoolExecutor.java:1149) [?:1.8.0_212]
	at java.util.concurrent.ThreadPoolExecutor$Worker.run(ThreadPoolExecutor.java:624) [?:1.8.0_212]
	at java.lang.Thread.run(Thread.java:748) [?:1.8.0_212]
08:44:02.235 [grpc-default-executor-2] ERROR DNAudit - user=null | ip=null | op=PUT_BLOCK {blockData=[blockId=conID: 2 locID: 102438917933105167 bcsId: 0,size=3145728]} | ret=FAILURE
org.apache.hadoop.hdds.scm.container.common.helpers.ContainerNotOpenException: Container 2 in CLOSED state
	at org.apache.hadoop.ozone.container.common.impl.HddsDispatcher.validateContainerCommand(HddsDispatcher.java:408) ~[hadoop-hdds-container-service-0.5.0-SNAPSHOT.jar:?]
	at org.apache.hadoop.ozone.container.common.transport.server.ratis.ContainerStateMachine.startTransaction(ContainerStateMachine.java:272) ~[hadoop-hdds-container-service-0.5.0-SNAPSHOT.jar:?]
	at org.apache.ratis.server.impl.RaftServerImpl.submitClientRequestAsync(RaftServerImpl.java:566) ~[ratis-server-0.4.0-2337318-SNAPSHOT.jar:0.4.0-2337318-SNAPSHOT]
	at org.apache.ratis.server.impl.RaftServerProxy.lambda$submitClientRequestAsync$7(RaftServerProxy.java:333) ~[ratis-server-0.4.0-2337318-SNAPSHOT.jar:0.4.0-2337318-SNAPSHOT]
	at org.apache.ratis.server.impl.RaftServerProxy.lambda$null$5(RaftServerProxy.java:328) ~[ratis-server-0.4.0-2337318-SNAPSHOT.jar:0.4.0-2337318-SNAPSHOT]
	at org.apache.ratis.util.JavaUtils.callAsUnchecked(JavaUtils.java:109) ~[ratis-common-0.4.0-2337318-SNAPSHOT.jar:0.4.0-2337318-SNAPSHOT]
	at org.apache.ratis.server.impl.RaftServerProxy.lambda$submitRequest$6(RaftServerProxy.java:328) ~[ratis-server-0.4.0-2337318-SNAPSHOT.jar:0.4.0-2337318-SNAPSHOT]
	at java.util.concurrent.CompletableFuture.uniComposeStage(CompletableFuture.java:981) ~[?:1.8.0_212]
	at java.util.concurrent.CompletableFuture.thenCompose(CompletableFuture.java:2124) ~[?:1.8.0_212]
	at org.apache.ratis.server.impl.RaftServerProxy.submitRequest(RaftServerProxy.java:327) ~[ratis-server-0.4.0-2337318-SNAPSHOT.jar:0.4.0-2337318-SNAPSHOT]
	at org.apache.ratis.server.impl.RaftServerProxy.submitClientRequestAsync(RaftServerProxy.java:333) ~[ratis-server-0.4.0-2337318-SNAPSHOT.jar:0.4.0-2337318-SNAPSHOT]
	at org.apache.ratis.grpc.client.GrpcClientProtocolService$RequestStreamObserver.processClientRequest(GrpcClientProtocolService.java:220) ~[ratis-grpc-0.4.0-2337318-SNAPSHOT.jar:0.4.0-2337318-SNAPSHOT]
	at org.apache.ratis.grpc.client.GrpcClientProtocolService$OrderedRequestStreamObserver.processClientRequest(GrpcClientProtocolService.java:326) ~[ratis-grpc-0.4.0-2337318-SNAPSHOT.jar:0.4.0-2337318-SNAPSHOT]
	at org.apache.ratis.util.SlidingWindow$Server.processRequestsFromHead(SlidingWindow.java:429) [ratis-common-0.4.0-2337318-SNAPSHOT.jar:0.4.0-2337318-SNAPSHOT]
	at org.apache.ratis.util.SlidingWindow$Server.receivedRequest(SlidingWindow.java:421) [ratis-common-0.4.0-2337318-SNAPSHOT.jar:0.4.0-2337318-SNAPSHOT]
	at org.apache.ratis.grpc.client.GrpcClientProtocolService$OrderedRequestStreamObserver.processClientRequest(GrpcClientProtocolService.java:345) [ratis-grpc-0.4.0-2337318-SNAPSHOT.jar:0.4.0-2337318-SNAPSHOT]
	at org.apache.ratis.grpc.client.GrpcClientProtocolService$RequestStreamObserver.onNext(GrpcClientProtocolService.java:240) [ratis-grpc-0.4.0-2337318-SNAPSHOT.jar:0.4.0-2337318-SNAPSHOT]
	at org.apache.ratis.grpc.client.GrpcClientProtocolService$RequestStreamObserver.onNext(GrpcClientProtocolService.java:168) [ratis-grpc-0.4.0-2337318-SNAPSHOT.jar:0.4.0-2337318-SNAPSHOT]
	at org.apache.ratis.thirdparty.io.grpc.stub.ServerCalls$StreamingServerCallHandler$StreamingServerCallListener.onMessage(ServerCalls.java:248) [ratis-thirdparty-misc-0.2.0.jar:0.2.0]
	at org.apache.ratis.thirdparty.io.grpc.internal.ServerCallImpl$ServerStreamListenerImpl.messagesAvailable(ServerCallImpl.java:263) [ratis-thirdparty-misc-0.2.0.jar:0.2.0]
	at org.apache.ratis.thirdparty.io.grpc.internal.ServerImpl$JumpToApplicationThreadServerStreamListener$1MessagesAvailable.runInContext(ServerImpl.java:686) [ratis-thirdparty-misc-0.2.0.jar:0.2.0]
	at org.apache.ratis.thirdparty.io.grpc.internal.ContextRunnable.run(ContextRunnable.java:37) [ratis-thirdparty-misc-0.2.0.jar:0.2.0]
	at org.apache.ratis.thirdparty.io.grpc.internal.SerializingExecutor.run(SerializingExecutor.java:123) [ratis-thirdparty-misc-0.2.0.jar:0.2.0]
	at java.util.concurrent.ThreadPoolExecutor.runWorker(ThreadPoolExecutor.java:1149) [?:1.8.0_212]
	at java.util.concurrent.ThreadPoolExecutor$Worker.run(ThreadPoolExecutor.java:624) [?:1.8.0_212]
	at java.lang.Thread.run(Thread.java:748) [?:1.8.0_212]
2019-07-14 08:44:02,250 INFO  client.GrpcClientProtocolClient (GrpcClientProtocolClient.java:onNext(255)) - client-C751DD1523C2->e0e5353e-3a31-431d-9c7b-bd4d0f384111: receive RaftClientReply:client-C751DD1523C2->e0e5353e-3a31-431d-9c7b-bd4d0f384111@group-229690D350A7, cid=81, FAILED org.apache.ratis.protocol.StateMachineException: org.apache.hadoop.hdds.scm.container.common.helpers.ContainerNotOpenException from Server e0e5353e-3a31-431d-9c7b-bd4d0f384111: Container 2 in CLOSED state, logIndex=0, commits[e0e5353e-3a31-431d-9c7b-bd4d0f384111:c52, 21afc0f0-84c2-4801-889d-34a8387a9803:c51, a1e247ec-0224-42b9-b69e-d5ba19079f20:c51]
2019-07-14 08:44:02,251 INFO  client.GrpcClientProtocolClient (GrpcClientProtocolClient.java:onNext(255)) - client-C751DD1523C2->e0e5353e-3a31-431d-9c7b-bd4d0f384111: receive RaftClientReply:client-C751DD1523C2->e0e5353e-3a31-431d-9c7b-bd4d0f384111@group-229690D350A7, cid=82, FAILED org.apache.ratis.protocol.StateMachineException: org.apache.hadoop.hdds.scm.container.common.helpers.ContainerNotOpenException from Server e0e5353e-3a31-431d-9c7b-bd4d0f384111: Container 2 in CLOSED state, logIndex=0, commits[e0e5353e-3a31-431d-9c7b-bd4d0f384111:c52, 21afc0f0-84c2-4801-889d-34a8387a9803:c51, a1e247ec-0224-42b9-b69e-d5ba19079f20:c51]
2019-07-14 08:44:02,355 INFO  client.GrpcClientProtocolClient (GrpcClientProtocolClient.java:onNext(255)) - client-C751DD1523C2->e0e5353e-3a31-431d-9c7b-bd4d0f384111: receive RaftClientReply:client-C751DD1523C2->e0e5353e-3a31-431d-9c7b-bd4d0f384111@group-229690D350A7, cid=83, SUCCESS, logIndex=53, commits[e0e5353e-3a31-431d-9c7b-bd4d0f384111:c56, 21afc0f0-84c2-4801-889d-34a8387a9803:c52, a1e247ec-0224-42b9-b69e-d5ba19079f20:c52]
2019-07-14 08:44:02,388 INFO  client.GrpcClientProtocolClient (GrpcClientProtocolClient.java:onNext(255)) - client-C751DD1523C2->e0e5353e-3a31-431d-9c7b-bd4d0f384111: receive RaftClientReply:client-C751DD1523C2->e0e5353e-3a31-431d-9c7b-bd4d0f384111@group-229690D350A7, cid=84, SUCCESS, logIndex=54, commits[e0e5353e-3a31-431d-9c7b-bd4d0f384111:c58, 21afc0f0-84c2-4801-889d-34a8387a9803:c56, a1e247ec-0224-42b9-b69e-d5ba19079f20:c56]
2019-07-14 08:44:02,388 INFO  client.GrpcClientProtocolClient (GrpcClientProtocolClient.java:onNext(255)) - client-C751DD1523C2->e0e5353e-3a31-431d-9c7b-bd4d0f384111: receive RaftClientReply:client-C751DD1523C2->e0e5353e-3a31-431d-9c7b-bd4d0f384111@group-229690D350A7, cid=85, SUCCESS, logIndex=55, commits[e0e5353e-3a31-431d-9c7b-bd4d0f384111:c58, 21afc0f0-84c2-4801-889d-34a8387a9803:c56, a1e247ec-0224-42b9-b69e-d5ba19079f20:c56]
2019-07-14 08:44:02,429 INFO  client.GrpcClientProtocolClient (GrpcClientProtocolClient.java:onNext(255)) - client-C751DD1523C2->e0e5353e-3a31-431d-9c7b-bd4d0f384111: receive RaftClientReply:client-C751DD1523C2->e0e5353e-3a31-431d-9c7b-bd4d0f384111@group-229690D350A7, cid=86, SUCCESS, logIndex=56, commits[e0e5353e-3a31-431d-9c7b-bd4d0f384111:c58, 21afc0f0-84c2-4801-889d-34a8387a9803:c56, a1e247ec-0224-42b9-b69e-d5ba19079f20:c56]
2019-07-14 08:44:02,451 INFO  client.GrpcClientProtocolClient (GrpcClientProtocolClient.java:onNext(255)) - client-C751DD1523C2->e0e5353e-3a31-431d-9c7b-bd4d0f384111: receive RaftClientReply:client-C751DD1523C2->e0e5353e-3a31-431d-9c7b-bd4d0f384111@group-229690D350A7, cid=87, SUCCESS, logIndex=59, commits[e0e5353e-3a31-431d-9c7b-bd4d0f384111:c60, 21afc0f0-84c2-4801-889d-34a8387a9803:c58, a1e247ec-0224-42b9-b69e-d5ba19079f20:c58]
2019-07-14 08:44:02,456 INFO  client.GrpcClientProtocolClient (GrpcClientProtocolClient.java:onNext(255)) - client-C751DD1523C2->e0e5353e-3a31-431d-9c7b-bd4d0f384111: receive RaftClientReply:client-C751DD1523C2->e0e5353e-3a31-431d-9c7b-bd4d0f384111@group-229690D350A7, cid=88, SUCCESS, logIndex=60, commits[e0e5353e-3a31-431d-9c7b-bd4d0f384111:c62, 21afc0f0-84c2-4801-889d-34a8387a9803:c58, a1e247ec-0224-42b9-b69e-d5ba19079f20:c58]
2019-07-14 08:44:02,456 INFO  client.GrpcClientProtocolClient (GrpcClientProtocolClient.java:onNext(255)) - client-C751DD1523C2->e0e5353e-3a31-431d-9c7b-bd4d0f384111: receive RaftClientReply:client-C751DD1523C2->e0e5353e-3a31-431d-9c7b-bd4d0f384111@group-229690D350A7, cid=89, SUCCESS, logIndex=61, commits[e0e5353e-3a31-431d-9c7b-bd4d0f384111:c62, 21afc0f0-84c2-4801-889d-34a8387a9803:c58, a1e247ec-0224-42b9-b69e-d5ba19079f20:c60]
2019-07-14 08:44:02,457 INFO  client.GrpcClientProtocolClient (GrpcClientProtocolClient.java:onNext(255)) - client-C751DD1523C2->e0e5353e-3a31-431d-9c7b-bd4d0f384111: receive RaftClientReply:client-C751DD1523C2->e0e5353e-3a31-431d-9c7b-bd4d0f384111@group-229690D350A7, cid=90, SUCCESS, logIndex=62, commits[e0e5353e-3a31-431d-9c7b-bd4d0f384111:c63, 21afc0f0-84c2-4801-889d-34a8387a9803:c58, a1e247ec-0224-42b9-b69e-d5ba19079f20:c60]
2019-07-14 08:44:02,459 INFO  client.GrpcClientProtocolClient (GrpcClientProtocolClient.java:onNext(255)) - client-C751DD1523C2->e0e5353e-3a31-431d-9c7b-bd4d0f384111: receive RaftClientReply:client-C751DD1523C2->e0e5353e-3a31-431d-9c7b-bd4d0f384111@group-229690D350A7, cid=91, SUCCESS, logIndex=0, commits[e0e5353e-3a31-431d-9c7b-bd4d0f384111:c66, 21afc0f0-84c2-4801-889d-34a8387a9803:c60, a1e247ec-0224-42b9-b69e-d5ba19079f20:c62]
2019-07-14 08:44:02,461 INFO  client.GrpcClientProtocolClient (GrpcClientProtocolClient.java:onNext(255)) - client-C751DD1523C2->e0e5353e-3a31-431d-9c7b-bd4d0f384111: receive RaftClientReply:client-C751DD1523C2->e0e5353e-3a31-431d-9c7b-bd4d0f384111@group-229690D350A7, cid=92, SUCCESS, logIndex=0, commits[e0e5353e-3a31-431d-9c7b-bd4d0f384111:c66, 21afc0f0-84c2-4801-889d-34a8387a9803:c62, a1e247ec-0224-42b9-b69e-d5ba19079f20:c62]
2019-07-14 08:44:02,505 INFO  pipeline.Pipeline (Pipeline.java:getProtobufMessage(195)) - Serialize pipeline PipelineID=2b89dba6-b170-4fb5-82cc-229690d350a7 with nodesInOrder{ }
]]></system-out>
  </testcase>
  <testcase name="testMultiBlockWrites2" classname="org.apache.hadoop.ozone.client.rpc.TestCloseContainerHandlingByClient" time="2.143">
    <error type="java.lang.IllegalArgumentException">java.lang.IllegalArgumentException
	at com.google.common.base.Preconditions.checkArgument(Preconditions.java:72)
	at org.apache.hadoop.hdds.scm.XceiverClientManager.acquireClient(XceiverClientManager.java:150)
	at org.apache.hadoop.hdds.scm.XceiverClientManager.acquireClientForReadData(XceiverClientManager.java:143)
	at org.apache.hadoop.hdds.scm.storage.BlockInputStream.getChunkInfos(BlockInputStream.java:154)
	at org.apache.hadoop.hdds.scm.storage.BlockInputStream.initialize(BlockInputStream.java:118)
	at org.apache.hadoop.hdds.scm.storage.BlockInputStream.read(BlockInputStream.java:222)
	at org.apache.hadoop.ozone.client.io.KeyInputStream.read(KeyInputStream.java:171)
	at org.apache.hadoop.ozone.client.io.OzoneInputStream.read(OzoneInputStream.java:47)
	at java.io.InputStream.read(InputStream.java:101)
	at org.apache.hadoop.ozone.container.ContainerTestHelper.validateData(ContainerTestHelper.java:709)
	at org.apache.hadoop.ozone.client.rpc.TestCloseContainerHandlingByClient.validateData(TestCloseContainerHandlingByClient.java:401)
	at org.apache.hadoop.ozone.client.rpc.TestCloseContainerHandlingByClient.testMultiBlockWrites2(TestCloseContainerHandlingByClient.java:281)
	at sun.reflect.NativeMethodAccessorImpl.invoke0(Native Method)
	at sun.reflect.NativeMethodAccessorImpl.invoke(NativeMethodAccessorImpl.java:62)
	at sun.reflect.DelegatingMethodAccessorImpl.invoke(DelegatingMethodAccessorImpl.java:43)
	at java.lang.reflect.Method.invoke(Method.java:498)
	at org.junit.runners.model.FrameworkMethod$1.runReflectiveCall(FrameworkMethod.java:47)
	at org.junit.internal.runners.model.ReflectiveCallable.run(ReflectiveCallable.java:12)
	at org.junit.runners.model.FrameworkMethod.invokeExplosively(FrameworkMethod.java:44)
	at org.junit.internal.runners.statements.InvokeMethod.evaluate(InvokeMethod.java:17)
	at org.junit.runners.ParentRunner.runLeaf(ParentRunner.java:271)
	at org.junit.runners.BlockJUnit4ClassRunner.runChild(BlockJUnit4ClassRunner.java:70)
	at org.junit.runners.BlockJUnit4ClassRunner.runChild(BlockJUnit4ClassRunner.java:50)
	at org.junit.runners.ParentRunner$3.run(ParentRunner.java:238)
	at org.junit.runners.ParentRunner$1.schedule(ParentRunner.java:63)
	at org.junit.runners.ParentRunner.runChildren(ParentRunner.java:236)
	at org.junit.runners.ParentRunner.access$000(ParentRunner.java:53)
	at org.junit.runners.ParentRunner$2.evaluate(ParentRunner.java:229)
	at org.junit.internal.runners.statements.RunBefores.evaluate(RunBefores.java:26)
	at org.junit.internal.runners.statements.RunAfters.evaluate(RunAfters.java:27)
	at org.junit.runners.ParentRunner.run(ParentRunner.java:309)
	at org.apache.maven.surefire.junit4.JUnit4Provider.execute(JUnit4Provider.java:365)
	at org.apache.maven.surefire.junit4.JUnit4Provider.executeWithRerun(JUnit4Provider.java:273)
	at org.apache.maven.surefire.junit4.JUnit4Provider.executeTestSet(JUnit4Provider.java:238)
	at org.apache.maven.surefire.junit4.JUnit4Provider.invoke(JUnit4Provider.java:159)
	at org.apache.maven.surefire.booter.ForkedBooter.invokeProviderInSameClassLoader(ForkedBooter.java:384)
	at org.apache.maven.surefire.booter.ForkedBooter.runSuitesInProcess(ForkedBooter.java:345)
	at org.apache.maven.surefire.booter.ForkedBooter.execute(ForkedBooter.java:126)
	at org.apache.maven.surefire.booter.ForkedBooter.main(ForkedBooter.java:418)
</error>
    <system-out><![CDATA[2019-07-14 08:44:02,744 INFO  client.GrpcClientProtocolClient (GrpcClientProtocolClient.java:onNext(255)) - client-C44D948F4FB4->d9b5ea88-2be1-4a6e-b0ee-cc160f5860cf: receive RaftClientReply:client-C44D948F4FB4->d9b5ea88-2be1-4a6e-b0ee-cc160f5860cf@group-459759A8C03F, cid=93, SUCCESS, logIndex=67, commits[d9b5ea88-2be1-4a6e-b0ee-cc160f5860cf:c70, 4f06aa3a-afb6-48cc-92a7-a4a9f9d53527:c66, e46a66f4-a53a-42e3-9456-baa074b0d3f9:c66]
2019-07-14 08:44:02,779 INFO  client.GrpcClientProtocolClient (GrpcClientProtocolClient.java:onNext(255)) - client-C44D948F4FB4->d9b5ea88-2be1-4a6e-b0ee-cc160f5860cf: receive RaftClientReply:client-C44D948F4FB4->d9b5ea88-2be1-4a6e-b0ee-cc160f5860cf@group-459759A8C03F, cid=94, SUCCESS, logIndex=68, commits[d9b5ea88-2be1-4a6e-b0ee-cc160f5860cf:c73, 4f06aa3a-afb6-48cc-92a7-a4a9f9d53527:c70, e46a66f4-a53a-42e3-9456-baa074b0d3f9:c70]
2019-07-14 08:44:02,779 INFO  client.GrpcClientProtocolClient (GrpcClientProtocolClient.java:onNext(255)) - client-C44D948F4FB4->d9b5ea88-2be1-4a6e-b0ee-cc160f5860cf: receive RaftClientReply:client-C44D948F4FB4->d9b5ea88-2be1-4a6e-b0ee-cc160f5860cf@group-459759A8C03F, cid=95, SUCCESS, logIndex=69, commits[d9b5ea88-2be1-4a6e-b0ee-cc160f5860cf:c73, 4f06aa3a-afb6-48cc-92a7-a4a9f9d53527:c70, e46a66f4-a53a-42e3-9456-baa074b0d3f9:c70]
2019-07-14 08:44:03,044 INFO  client.GrpcClientProtocolClient (GrpcClientProtocolClient.java:onNext(255)) - client-C44D948F4FB4->d9b5ea88-2be1-4a6e-b0ee-cc160f5860cf: receive RaftClientReply:client-C44D948F4FB4->d9b5ea88-2be1-4a6e-b0ee-cc160f5860cf@group-459759A8C03F, cid=96, SUCCESS, logIndex=70, commits[d9b5ea88-2be1-4a6e-b0ee-cc160f5860cf:c73, 4f06aa3a-afb6-48cc-92a7-a4a9f9d53527:c70, e46a66f4-a53a-42e3-9456-baa074b0d3f9:c70]
2019-07-14 08:44:03,072 INFO  client.GrpcClientProtocolClient (GrpcClientProtocolClient.java:onNext(255)) - client-C44D948F4FB4->d9b5ea88-2be1-4a6e-b0ee-cc160f5860cf: receive RaftClientReply:client-C44D948F4FB4->d9b5ea88-2be1-4a6e-b0ee-cc160f5860cf@group-459759A8C03F, cid=97, SUCCESS, logIndex=74, commits[d9b5ea88-2be1-4a6e-b0ee-cc160f5860cf:c75, 4f06aa3a-afb6-48cc-92a7-a4a9f9d53527:c73, e46a66f4-a53a-42e3-9456-baa074b0d3f9:c70]
2019-07-14 08:44:03,074 INFO  client.GrpcClientProtocolClient (GrpcClientProtocolClient.java:onNext(255)) - client-C44D948F4FB4->d9b5ea88-2be1-4a6e-b0ee-cc160f5860cf: receive RaftClientReply:client-C44D948F4FB4->d9b5ea88-2be1-4a6e-b0ee-cc160f5860cf@group-459759A8C03F, cid=98, SUCCESS, logIndex=75, commits[d9b5ea88-2be1-4a6e-b0ee-cc160f5860cf:c75, 4f06aa3a-afb6-48cc-92a7-a4a9f9d53527:c73, e46a66f4-a53a-42e3-9456-baa074b0d3f9:c73]
2019-07-14 08:44:03,077 INFO  client.GrpcClientProtocolClient (GrpcClientProtocolClient.java:onNext(255)) - client-C44D948F4FB4->d9b5ea88-2be1-4a6e-b0ee-cc160f5860cf: receive RaftClientReply:client-C44D948F4FB4->d9b5ea88-2be1-4a6e-b0ee-cc160f5860cf@group-459759A8C03F, cid=99, SUCCESS, logIndex=76, commits[d9b5ea88-2be1-4a6e-b0ee-cc160f5860cf:c78, 4f06aa3a-afb6-48cc-92a7-a4a9f9d53527:c74, e46a66f4-a53a-42e3-9456-baa074b0d3f9:c73]
2019-07-14 08:44:03,078 INFO  client.GrpcClientProtocolClient (GrpcClientProtocolClient.java:onNext(255)) - client-C44D948F4FB4->d9b5ea88-2be1-4a6e-b0ee-cc160f5860cf: receive RaftClientReply:client-C44D948F4FB4->d9b5ea88-2be1-4a6e-b0ee-cc160f5860cf@group-459759A8C03F, cid=100, SUCCESS, logIndex=77, commits[d9b5ea88-2be1-4a6e-b0ee-cc160f5860cf:c79, 4f06aa3a-afb6-48cc-92a7-a4a9f9d53527:c75, e46a66f4-a53a-42e3-9456-baa074b0d3f9:c73]
2019-07-14 08:44:03,080 INFO  client.GrpcClientProtocolClient (GrpcClientProtocolClient.java:onNext(255)) - client-C44D948F4FB4->d9b5ea88-2be1-4a6e-b0ee-cc160f5860cf: receive RaftClientReply:client-C44D948F4FB4->d9b5ea88-2be1-4a6e-b0ee-cc160f5860cf@group-459759A8C03F, cid=101, SUCCESS, logIndex=0, commits[d9b5ea88-2be1-4a6e-b0ee-cc160f5860cf:c79, 4f06aa3a-afb6-48cc-92a7-a4a9f9d53527:c75, e46a66f4-a53a-42e3-9456-baa074b0d3f9:c75]
2019-07-14 08:44:03,083 INFO  client.GrpcClientProtocolClient (GrpcClientProtocolClient.java:onNext(255)) - client-C44D948F4FB4->d9b5ea88-2be1-4a6e-b0ee-cc160f5860cf: receive RaftClientReply:client-C44D948F4FB4->d9b5ea88-2be1-4a6e-b0ee-cc160f5860cf@group-459759A8C03F, cid=102, SUCCESS, logIndex=0, commits[d9b5ea88-2be1-4a6e-b0ee-cc160f5860cf:c81, 4f06aa3a-afb6-48cc-92a7-a4a9f9d53527:c78, e46a66f4-a53a-42e3-9456-baa074b0d3f9:c78]
2019-07-14 08:44:03,110 INFO  client.GrpcClientProtocolClient (GrpcClientProtocolClient.java:onNext(255)) - client-C751DD1523C2->e0e5353e-3a31-431d-9c7b-bd4d0f384111: receive RaftClientReply:client-C751DD1523C2->e0e5353e-3a31-431d-9c7b-bd4d0f384111@group-229690D350A7, cid=103, SUCCESS, logIndex=67, commits[e0e5353e-3a31-431d-9c7b-bd4d0f384111:c68, 21afc0f0-84c2-4801-889d-34a8387a9803:c66, a1e247ec-0224-42b9-b69e-d5ba19079f20:c66]
2019-07-14 08:44:03,111 INFO  client.GrpcClientProtocolClient (GrpcClientProtocolClient.java:onNext(255)) - client-C751DD1523C2->e0e5353e-3a31-431d-9c7b-bd4d0f384111: receive RaftClientReply:client-C751DD1523C2->e0e5353e-3a31-431d-9c7b-bd4d0f384111@group-229690D350A7, cid=104, SUCCESS, logIndex=68, commits[e0e5353e-3a31-431d-9c7b-bd4d0f384111:c68, 21afc0f0-84c2-4801-889d-34a8387a9803:c66, a1e247ec-0224-42b9-b69e-d5ba19079f20:c66]
2019-07-14 08:44:03,115 INFO  client.GrpcClientProtocolClient (GrpcClientProtocolClient.java:onNext(255)) - client-C751DD1523C2->e0e5353e-3a31-431d-9c7b-bd4d0f384111: receive RaftClientReply:client-C751DD1523C2->e0e5353e-3a31-431d-9c7b-bd4d0f384111@group-229690D350A7, cid=105, SUCCESS, logIndex=69, commits[e0e5353e-3a31-431d-9c7b-bd4d0f384111:c70, 21afc0f0-84c2-4801-889d-34a8387a9803:c66, a1e247ec-0224-42b9-b69e-d5ba19079f20:c66]
2019-07-14 08:44:03,116 INFO  client.GrpcClientProtocolClient (GrpcClientProtocolClient.java:onNext(255)) - client-C751DD1523C2->e0e5353e-3a31-431d-9c7b-bd4d0f384111: receive RaftClientReply:client-C751DD1523C2->e0e5353e-3a31-431d-9c7b-bd4d0f384111@group-229690D350A7, cid=106, SUCCESS, logIndex=70, commits[e0e5353e-3a31-431d-9c7b-bd4d0f384111:c70, 21afc0f0-84c2-4801-889d-34a8387a9803:c66, a1e247ec-0224-42b9-b69e-d5ba19079f20:c66]
2019-07-14 08:44:03,120 INFO  client.GrpcClientProtocolClient (GrpcClientProtocolClient.java:onNext(255)) - client-C751DD1523C2->e0e5353e-3a31-431d-9c7b-bd4d0f384111: receive RaftClientReply:client-C751DD1523C2->e0e5353e-3a31-431d-9c7b-bd4d0f384111@group-229690D350A7, cid=107, SUCCESS, logIndex=0, commits[e0e5353e-3a31-431d-9c7b-bd4d0f384111:c72, 21afc0f0-84c2-4801-889d-34a8387a9803:c68, a1e247ec-0224-42b9-b69e-d5ba19079f20:c68]
2019-07-14 08:44:03,141 INFO  client.GrpcClientProtocolClient (GrpcClientProtocolClient.java:onNext(255)) - client-C751DD1523C2->e0e5353e-3a31-431d-9c7b-bd4d0f384111: receive RaftClientReply:client-C751DD1523C2->e0e5353e-3a31-431d-9c7b-bd4d0f384111@group-229690D350A7, cid=108, SUCCESS, logIndex=75, commits[e0e5353e-3a31-431d-9c7b-bd4d0f384111:c76, 21afc0f0-84c2-4801-889d-34a8387a9803:c74, a1e247ec-0224-42b9-b69e-d5ba19079f20:c74]
2019-07-14 08:44:03,142 INFO  client.GrpcClientProtocolClient (GrpcClientProtocolClient.java:onNext(255)) - client-C751DD1523C2->e0e5353e-3a31-431d-9c7b-bd4d0f384111: receive RaftClientReply:client-C751DD1523C2->e0e5353e-3a31-431d-9c7b-bd4d0f384111@group-229690D350A7, cid=109, SUCCESS, logIndex=76, commits[e0e5353e-3a31-431d-9c7b-bd4d0f384111:c76, 21afc0f0-84c2-4801-889d-34a8387a9803:c74, a1e247ec-0224-42b9-b69e-d5ba19079f20:c74]
2019-07-14 08:44:03,163 INFO  client.GrpcClientProtocolClient (GrpcClientProtocolClient.java:onNext(255)) - client-C751DD1523C2->e0e5353e-3a31-431d-9c7b-bd4d0f384111: receive RaftClientReply:client-C751DD1523C2->e0e5353e-3a31-431d-9c7b-bd4d0f384111@group-229690D350A7, cid=110, SUCCESS, logIndex=79, commits[e0e5353e-3a31-431d-9c7b-bd4d0f384111:c80, 21afc0f0-84c2-4801-889d-34a8387a9803:c78, a1e247ec-0224-42b9-b69e-d5ba19079f20:c78]
2019-07-14 08:44:03,164 INFO  client.GrpcClientProtocolClient (GrpcClientProtocolClient.java:onNext(255)) - client-C751DD1523C2->e0e5353e-3a31-431d-9c7b-bd4d0f384111: receive RaftClientReply:client-C751DD1523C2->e0e5353e-3a31-431d-9c7b-bd4d0f384111@group-229690D350A7, cid=111, SUCCESS, logIndex=80, commits[e0e5353e-3a31-431d-9c7b-bd4d0f384111:c80, 21afc0f0-84c2-4801-889d-34a8387a9803:c78, a1e247ec-0224-42b9-b69e-d5ba19079f20:c78]
2019-07-14 08:44:03,170 INFO  client.GrpcClientProtocolClient (GrpcClientProtocolClient.java:onNext(255)) - client-C751DD1523C2->e0e5353e-3a31-431d-9c7b-bd4d0f384111: receive RaftClientReply:client-C751DD1523C2->e0e5353e-3a31-431d-9c7b-bd4d0f384111@group-229690D350A7, cid=112, SUCCESS, logIndex=0, commits[e0e5353e-3a31-431d-9c7b-bd4d0f384111:c80, 21afc0f0-84c2-4801-889d-34a8387a9803:c80, a1e247ec-0224-42b9-b69e-d5ba19079f20:c80]
2019-07-14 08:44:03,213 INFO  client.GrpcClientProtocolClient (GrpcClientProtocolClient.java:onNext(255)) - client-C751DD1523C2->e0e5353e-3a31-431d-9c7b-bd4d0f384111: receive RaftClientReply:client-C751DD1523C2->e0e5353e-3a31-431d-9c7b-bd4d0f384111@group-229690D350A7, cid=113, SUCCESS, logIndex=83, commits[e0e5353e-3a31-431d-9c7b-bd4d0f384111:c84, 21afc0f0-84c2-4801-889d-34a8387a9803:c82, a1e247ec-0224-42b9-b69e-d5ba19079f20:c82]
2019-07-14 08:44:03,213 INFO  client.GrpcClientProtocolClient (GrpcClientProtocolClient.java:onNext(255)) - client-C751DD1523C2->e0e5353e-3a31-431d-9c7b-bd4d0f384111: receive RaftClientReply:client-C751DD1523C2->e0e5353e-3a31-431d-9c7b-bd4d0f384111@group-229690D350A7, cid=114, SUCCESS, logIndex=84, commits[e0e5353e-3a31-431d-9c7b-bd4d0f384111:c84, 21afc0f0-84c2-4801-889d-34a8387a9803:c82, a1e247ec-0224-42b9-b69e-d5ba19079f20:c82]
2019-07-14 08:44:03,219 INFO  client.GrpcClientProtocolClient (GrpcClientProtocolClient.java:onNext(255)) - client-C751DD1523C2->e0e5353e-3a31-431d-9c7b-bd4d0f384111: receive RaftClientReply:client-C751DD1523C2->e0e5353e-3a31-431d-9c7b-bd4d0f384111@group-229690D350A7, cid=115, SUCCESS, logIndex=0, commits[e0e5353e-3a31-431d-9c7b-bd4d0f384111:c85, 21afc0f0-84c2-4801-889d-34a8387a9803:c84, a1e247ec-0224-42b9-b69e-d5ba19079f20:c84]
2019-07-14 08:44:03,295 INFO  client.GrpcClientProtocolClient (GrpcClientProtocolClient.java:onNext(255)) - client-C751DD1523C2->e0e5353e-3a31-431d-9c7b-bd4d0f384111: receive RaftClientReply:client-C751DD1523C2->e0e5353e-3a31-431d-9c7b-bd4d0f384111@group-229690D350A7, cid=116, SUCCESS, logIndex=87, commits[e0e5353e-3a31-431d-9c7b-bd4d0f384111:c88, 21afc0f0-84c2-4801-889d-34a8387a9803:c86, a1e247ec-0224-42b9-b69e-d5ba19079f20:c86]
2019-07-14 08:44:03,296 INFO  client.GrpcClientProtocolClient (GrpcClientProtocolClient.java:onNext(255)) - client-C751DD1523C2->e0e5353e-3a31-431d-9c7b-bd4d0f384111: receive RaftClientReply:client-C751DD1523C2->e0e5353e-3a31-431d-9c7b-bd4d0f384111@group-229690D350A7, cid=117, SUCCESS, logIndex=88, commits[e0e5353e-3a31-431d-9c7b-bd4d0f384111:c88, 21afc0f0-84c2-4801-889d-34a8387a9803:c86, a1e247ec-0224-42b9-b69e-d5ba19079f20:c86]
2019-07-14 08:44:03,303 INFO  client.GrpcClientProtocolClient (GrpcClientProtocolClient.java:onNext(255)) - client-C751DD1523C2->e0e5353e-3a31-431d-9c7b-bd4d0f384111: receive RaftClientReply:client-C751DD1523C2->e0e5353e-3a31-431d-9c7b-bd4d0f384111@group-229690D350A7, cid=118, SUCCESS, logIndex=0, commits[e0e5353e-3a31-431d-9c7b-bd4d0f384111:c89, 21afc0f0-84c2-4801-889d-34a8387a9803:c88, a1e247ec-0224-42b9-b69e-d5ba19079f20:c88]
2019-07-14 08:44:03,313 INFO  container.CloseContainerEventHandler (CloseContainerEventHandler.java:onMessage(61)) - Close container Event triggered for container : #12
2019-07-14 08:44:03,313 INFO  container.CloseContainerEventHandler (CloseContainerEventHandler.java:onMessage(61)) - Close container Event triggered for container : #12
2019-07-14 08:44:03,313 INFO  container.CloseContainerEventHandler (CloseContainerEventHandler.java:onMessage(61)) - Close container Event triggered for container : #12
2019-07-14 08:44:03,314 INFO  container.CloseContainerEventHandler (CloseContainerEventHandler.java:onMessage(61)) - Close container Event triggered for container : #6
2019-07-14 08:44:03,314 INFO  container.CloseContainerEventHandler (CloseContainerEventHandler.java:onMessage(61)) - Close container Event triggered for container : #6
2019-07-14 08:44:03,314 INFO  container.CloseContainerEventHandler (CloseContainerEventHandler.java:onMessage(61)) - Close container Event triggered for container : #6
2019-07-14 08:44:03,314 INFO  container.CloseContainerEventHandler (CloseContainerEventHandler.java:onMessage(61)) - Close container Event triggered for container : #10
2019-07-14 08:44:03,315 INFO  container.CloseContainerEventHandler (CloseContainerEventHandler.java:onMessage(61)) - Close container Event triggered for container : #10
2019-07-14 08:44:03,315 INFO  container.CloseContainerEventHandler (CloseContainerEventHandler.java:onMessage(61)) - Close container Event triggered for container : #10
2019-07-14 08:44:03,939 INFO  interfaces.Container (KeyValueContainer.java:compactDB(356)) - Container 6 is closed with bcsId 80.
2019-07-14 08:44:03,939 INFO  interfaces.Container (KeyValueContainer.java:compactDB(356)) - Container 6 is closed with bcsId 80.
2019-07-14 08:44:03,950 INFO  interfaces.Container (KeyValueContainer.java:compactDB(356)) - Container 6 is closed with bcsId 80.
2019-07-14 08:44:03,975 INFO  interfaces.Container (KeyValueContainer.java:compactDB(356)) - Container 10 is closed with bcsId 88.
2019-07-14 08:44:03,982 INFO  interfaces.Container (KeyValueContainer.java:compactDB(356)) - Container 10 is closed with bcsId 88.
2019-07-14 08:44:03,986 INFO  interfaces.Container (KeyValueContainer.java:compactDB(356)) - Container 10 is closed with bcsId 88.
2019-07-14 08:44:04,265 INFO  interfaces.Container (KeyValueContainer.java:compactDB(356)) - Container 12 is closed with bcsId 77.
2019-07-14 08:44:04,270 INFO  interfaces.Container (KeyValueContainer.java:compactDB(356)) - Container 12 is closed with bcsId 77.
2019-07-14 08:44:04,273 INFO  interfaces.Container (KeyValueContainer.java:compactDB(356)) - Container 12 is closed with bcsId 77.
08:44:04.317 [grpc-default-executor-1] ERROR DNAudit - user=null | ip=null | op=WRITE_CHUNK {blockData=conID: 10 locID: 102438918106972180 bcsId: 88} | ret=FAILURE
org.apache.hadoop.hdds.scm.container.common.helpers.ContainerNotOpenException: Container 10 in CLOSED state
	at org.apache.hadoop.ozone.container.common.impl.HddsDispatcher.validateContainerCommand(HddsDispatcher.java:408) ~[hadoop-hdds-container-service-0.5.0-SNAPSHOT.jar:?]
	at org.apache.hadoop.ozone.container.common.transport.server.ratis.ContainerStateMachine.startTransaction(ContainerStateMachine.java:272) ~[hadoop-hdds-container-service-0.5.0-SNAPSHOT.jar:?]
	at org.apache.ratis.server.impl.RaftServerImpl.submitClientRequestAsync(RaftServerImpl.java:566) ~[ratis-server-0.4.0-2337318-SNAPSHOT.jar:0.4.0-2337318-SNAPSHOT]
	at org.apache.ratis.server.impl.RaftServerProxy.lambda$submitClientRequestAsync$7(RaftServerProxy.java:333) ~[ratis-server-0.4.0-2337318-SNAPSHOT.jar:0.4.0-2337318-SNAPSHOT]
	at org.apache.ratis.server.impl.RaftServerProxy.lambda$null$5(RaftServerProxy.java:328) ~[ratis-server-0.4.0-2337318-SNAPSHOT.jar:0.4.0-2337318-SNAPSHOT]
	at org.apache.ratis.util.JavaUtils.callAsUnchecked(JavaUtils.java:109) ~[ratis-common-0.4.0-2337318-SNAPSHOT.jar:0.4.0-2337318-SNAPSHOT]
	at org.apache.ratis.server.impl.RaftServerProxy.lambda$submitRequest$6(RaftServerProxy.java:328) ~[ratis-server-0.4.0-2337318-SNAPSHOT.jar:0.4.0-2337318-SNAPSHOT]
	at java.util.concurrent.CompletableFuture.uniComposeStage(CompletableFuture.java:981) ~[?:1.8.0_212]
	at java.util.concurrent.CompletableFuture.thenCompose(CompletableFuture.java:2124) ~[?:1.8.0_212]
	at org.apache.ratis.server.impl.RaftServerProxy.submitRequest(RaftServerProxy.java:327) ~[ratis-server-0.4.0-2337318-SNAPSHOT.jar:0.4.0-2337318-SNAPSHOT]
	at org.apache.ratis.server.impl.RaftServerProxy.submitClientRequestAsync(RaftServerProxy.java:333) ~[ratis-server-0.4.0-2337318-SNAPSHOT.jar:0.4.0-2337318-SNAPSHOT]
	at org.apache.ratis.grpc.client.GrpcClientProtocolService$RequestStreamObserver.processClientRequest(GrpcClientProtocolService.java:220) ~[ratis-grpc-0.4.0-2337318-SNAPSHOT.jar:0.4.0-2337318-SNAPSHOT]
	at org.apache.ratis.grpc.client.GrpcClientProtocolService$OrderedRequestStreamObserver.processClientRequest(GrpcClientProtocolService.java:326) ~[ratis-grpc-0.4.0-2337318-SNAPSHOT.jar:0.4.0-2337318-SNAPSHOT]
	at org.apache.ratis.util.SlidingWindow$Server.processRequestsFromHead(SlidingWindow.java:429) [ratis-common-0.4.0-2337318-SNAPSHOT.jar:0.4.0-2337318-SNAPSHOT]
	at org.apache.ratis.util.SlidingWindow$Server.receivedRequest(SlidingWindow.java:421) [ratis-common-0.4.0-2337318-SNAPSHOT.jar:0.4.0-2337318-SNAPSHOT]
	at org.apache.ratis.grpc.client.GrpcClientProtocolService$OrderedRequestStreamObserver.processClientRequest(GrpcClientProtocolService.java:345) [ratis-grpc-0.4.0-2337318-SNAPSHOT.jar:0.4.0-2337318-SNAPSHOT]
	at org.apache.ratis.grpc.client.GrpcClientProtocolService$RequestStreamObserver.onNext(GrpcClientProtocolService.java:240) [ratis-grpc-0.4.0-2337318-SNAPSHOT.jar:0.4.0-2337318-SNAPSHOT]
	at org.apache.ratis.grpc.client.GrpcClientProtocolService$RequestStreamObserver.onNext(GrpcClientProtocolService.java:168) [ratis-grpc-0.4.0-2337318-SNAPSHOT.jar:0.4.0-2337318-SNAPSHOT]
	at org.apache.ratis.thirdparty.io.grpc.stub.ServerCalls$StreamingServerCallHandler$StreamingServerCallListener.onMessage(ServerCalls.java:248) [ratis-thirdparty-misc-0.2.0.jar:0.2.0]
	at org.apache.ratis.thirdparty.io.grpc.internal.ServerCallImpl$ServerStreamListenerImpl.messagesAvailable(ServerCallImpl.java:263) [ratis-thirdparty-misc-0.2.0.jar:0.2.0]
	at org.apache.ratis.thirdparty.io.grpc.internal.ServerImpl$JumpToApplicationThreadServerStreamListener$1MessagesAvailable.runInContext(ServerImpl.java:686) [ratis-thirdparty-misc-0.2.0.jar:0.2.0]
	at org.apache.ratis.thirdparty.io.grpc.internal.ContextRunnable.run(ContextRunnable.java:37) [ratis-thirdparty-misc-0.2.0.jar:0.2.0]
	at org.apache.ratis.thirdparty.io.grpc.internal.SerializingExecutor.run(SerializingExecutor.java:123) [ratis-thirdparty-misc-0.2.0.jar:0.2.0]
	at java.util.concurrent.ThreadPoolExecutor.runWorker(ThreadPoolExecutor.java:1149) [?:1.8.0_212]
	at java.util.concurrent.ThreadPoolExecutor$Worker.run(ThreadPoolExecutor.java:624) [?:1.8.0_212]
	at java.lang.Thread.run(Thread.java:748) [?:1.8.0_212]
08:44:04.326 [grpc-default-executor-1] ERROR DNAudit - user=null | ip=null | op=PUT_BLOCK {blockData=[blockId=conID: 10 locID: 102438918106972180 bcsId: 0,size=2621440]} | ret=FAILURE
org.apache.hadoop.hdds.scm.container.common.helpers.ContainerNotOpenException: Container 10 in CLOSED state
	at org.apache.hadoop.ozone.container.common.impl.HddsDispatcher.validateContainerCommand(HddsDispatcher.java:408) ~[hadoop-hdds-container-service-0.5.0-SNAPSHOT.jar:?]
	at org.apache.hadoop.ozone.container.common.transport.server.ratis.ContainerStateMachine.startTransaction(ContainerStateMachine.java:272) ~[hadoop-hdds-container-service-0.5.0-SNAPSHOT.jar:?]
	at org.apache.ratis.server.impl.RaftServerImpl.submitClientRequestAsync(RaftServerImpl.java:566) ~[ratis-server-0.4.0-2337318-SNAPSHOT.jar:0.4.0-2337318-SNAPSHOT]
	at org.apache.ratis.server.impl.RaftServerProxy.lambda$submitClientRequestAsync$7(RaftServerProxy.java:333) ~[ratis-server-0.4.0-2337318-SNAPSHOT.jar:0.4.0-2337318-SNAPSHOT]
	at org.apache.ratis.server.impl.RaftServerProxy.lambda$null$5(RaftServerProxy.java:328) ~[ratis-server-0.4.0-2337318-SNAPSHOT.jar:0.4.0-2337318-SNAPSHOT]
	at org.apache.ratis.util.JavaUtils.callAsUnchecked(JavaUtils.java:109) ~[ratis-common-0.4.0-2337318-SNAPSHOT.jar:0.4.0-2337318-SNAPSHOT]
	at org.apache.ratis.server.impl.RaftServerProxy.lambda$submitRequest$6(RaftServerProxy.java:328) ~[ratis-server-0.4.0-2337318-SNAPSHOT.jar:0.4.0-2337318-SNAPSHOT]
	at java.util.concurrent.CompletableFuture.uniComposeStage(CompletableFuture.java:981) ~[?:1.8.0_212]
	at java.util.concurrent.CompletableFuture.thenCompose(CompletableFuture.java:2124) ~[?:1.8.0_212]
	at org.apache.ratis.server.impl.RaftServerProxy.submitRequest(RaftServerProxy.java:327) ~[ratis-server-0.4.0-2337318-SNAPSHOT.jar:0.4.0-2337318-SNAPSHOT]
	at org.apache.ratis.server.impl.RaftServerProxy.submitClientRequestAsync(RaftServerProxy.java:333) ~[ratis-server-0.4.0-2337318-SNAPSHOT.jar:0.4.0-2337318-SNAPSHOT]
	at org.apache.ratis.grpc.client.GrpcClientProtocolService$RequestStreamObserver.processClientRequest(GrpcClientProtocolService.java:220) ~[ratis-grpc-0.4.0-2337318-SNAPSHOT.jar:0.4.0-2337318-SNAPSHOT]
	at org.apache.ratis.grpc.client.GrpcClientProtocolService$OrderedRequestStreamObserver.processClientRequest(GrpcClientProtocolService.java:326) ~[ratis-grpc-0.4.0-2337318-SNAPSHOT.jar:0.4.0-2337318-SNAPSHOT]
	at org.apache.ratis.util.SlidingWindow$Server.processRequestsFromHead(SlidingWindow.java:429) [ratis-common-0.4.0-2337318-SNAPSHOT.jar:0.4.0-2337318-SNAPSHOT]
	at org.apache.ratis.util.SlidingWindow$Server.receivedRequest(SlidingWindow.java:421) [ratis-common-0.4.0-2337318-SNAPSHOT.jar:0.4.0-2337318-SNAPSHOT]
	at org.apache.ratis.grpc.client.GrpcClientProtocolService$OrderedRequestStreamObserver.processClientRequest(GrpcClientProtocolService.java:345) [ratis-grpc-0.4.0-2337318-SNAPSHOT.jar:0.4.0-2337318-SNAPSHOT]
	at org.apache.ratis.grpc.client.GrpcClientProtocolService$RequestStreamObserver.onNext(GrpcClientProtocolService.java:240) [ratis-grpc-0.4.0-2337318-SNAPSHOT.jar:0.4.0-2337318-SNAPSHOT]
	at org.apache.ratis.grpc.client.GrpcClientProtocolService$RequestStreamObserver.onNext(GrpcClientProtocolService.java:168) [ratis-grpc-0.4.0-2337318-SNAPSHOT.jar:0.4.0-2337318-SNAPSHOT]
	at org.apache.ratis.thirdparty.io.grpc.stub.ServerCalls$StreamingServerCallHandler$StreamingServerCallListener.onMessage(ServerCalls.java:248) [ratis-thirdparty-misc-0.2.0.jar:0.2.0]
	at org.apache.ratis.thirdparty.io.grpc.internal.ServerCallImpl$ServerStreamListenerImpl.messagesAvailable(ServerCallImpl.java:263) [ratis-thirdparty-misc-0.2.0.jar:0.2.0]
	at org.apache.ratis.thirdparty.io.grpc.internal.ServerImpl$JumpToApplicationThreadServerStreamListener$1MessagesAvailable.runInContext(ServerImpl.java:686) [ratis-thirdparty-misc-0.2.0.jar:0.2.0]
	at org.apache.ratis.thirdparty.io.grpc.internal.ContextRunnable.run(ContextRunnable.java:37) [ratis-thirdparty-misc-0.2.0.jar:0.2.0]
	at org.apache.ratis.thirdparty.io.grpc.internal.SerializingExecutor.run(SerializingExecutor.java:123) [ratis-thirdparty-misc-0.2.0.jar:0.2.0]
	at java.util.concurrent.ThreadPoolExecutor.runWorker(ThreadPoolExecutor.java:1149) [?:1.8.0_212]
	at java.util.concurrent.ThreadPoolExecutor$Worker.run(ThreadPoolExecutor.java:624) [?:1.8.0_212]
	at java.lang.Thread.run(Thread.java:748) [?:1.8.0_212]
2019-07-14 08:44:04,328 INFO  client.GrpcClientProtocolClient (GrpcClientProtocolClient.java:onNext(255)) - client-C751DD1523C2->e0e5353e-3a31-431d-9c7b-bd4d0f384111: receive RaftClientReply:client-C751DD1523C2->e0e5353e-3a31-431d-9c7b-bd4d0f384111@group-229690D350A7, cid=119, FAILED org.apache.ratis.protocol.StateMachineException: org.apache.hadoop.hdds.scm.container.common.helpers.ContainerNotOpenException from Server e0e5353e-3a31-431d-9c7b-bd4d0f384111: Container 10 in CLOSED state, logIndex=0, commits[e0e5353e-3a31-431d-9c7b-bd4d0f384111:c94, 21afc0f0-84c2-4801-889d-34a8387a9803:c93, a1e247ec-0224-42b9-b69e-d5ba19079f20:c93]
2019-07-14 08:44:04,335 INFO  client.GrpcClientProtocolClient (GrpcClientProtocolClient.java:onNext(255)) - client-C751DD1523C2->e0e5353e-3a31-431d-9c7b-bd4d0f384111: receive RaftClientReply:client-C751DD1523C2->e0e5353e-3a31-431d-9c7b-bd4d0f384111@group-229690D350A7, cid=120, FAILED org.apache.ratis.protocol.StateMachineException: org.apache.hadoop.hdds.scm.container.common.helpers.ContainerNotOpenException from Server e0e5353e-3a31-431d-9c7b-bd4d0f384111: Container 10 in CLOSED state, logIndex=0, commits[e0e5353e-3a31-431d-9c7b-bd4d0f384111:c94, 21afc0f0-84c2-4801-889d-34a8387a9803:c93, a1e247ec-0224-42b9-b69e-d5ba19079f20:c93]
2019-07-14 08:44:04,446 INFO  client.GrpcClientProtocolClient (GrpcClientProtocolClient.java:onNext(255)) - client-C44D948F4FB4->d9b5ea88-2be1-4a6e-b0ee-cc160f5860cf: receive RaftClientReply:client-C44D948F4FB4->d9b5ea88-2be1-4a6e-b0ee-cc160f5860cf@group-459759A8C03F, cid=121, SUCCESS, logIndex=84, commits[d9b5ea88-2be1-4a6e-b0ee-cc160f5860cf:c85, 4f06aa3a-afb6-48cc-92a7-a4a9f9d53527:c83, e46a66f4-a53a-42e3-9456-baa074b0d3f9:c83]
2019-07-14 08:44:04,472 INFO  client.GrpcClientProtocolClient (GrpcClientProtocolClient.java:onNext(255)) - client-C44D948F4FB4->d9b5ea88-2be1-4a6e-b0ee-cc160f5860cf: receive RaftClientReply:client-C44D948F4FB4->d9b5ea88-2be1-4a6e-b0ee-cc160f5860cf@group-459759A8C03F, cid=122, SUCCESS, logIndex=85, commits[d9b5ea88-2be1-4a6e-b0ee-cc160f5860cf:c87, 4f06aa3a-afb6-48cc-92a7-a4a9f9d53527:c85, e46a66f4-a53a-42e3-9456-baa074b0d3f9:c85]
2019-07-14 08:44:04,644 INFO  pipeline.Pipeline (Pipeline.java:getProtobufMessage(195)) - Serialize pipeline PipelineID=a30f2bbf-e0f1-4f95-9f41-459759a8c03f with nodesInOrder{ }
2019-07-14 08:44:04,649 INFO  pipeline.Pipeline (Pipeline.java:build(342)) - Deserialize nodesInOrder [4f06aa3a-afb6-48cc-92a7-a4a9f9d53527{ip: 192.168.5.191, host: trunk-nightly-5z2vd-27108033, networkLocation: /default-rack, certSerialId: null}, 4f06aa3a-afb6-48cc-92a7-a4a9f9d53527{ip: 192.168.5.191, host: trunk-nightly-5z2vd-27108033, networkLocation: /default-rack, certSerialId: null}, 4f06aa3a-afb6-48cc-92a7-a4a9f9d53527{ip: 192.168.5.191, host: trunk-nightly-5z2vd-27108033, networkLocation: /default-rack, certSerialId: null}] in pipeline PipelineID=a30f2bbf-e0f1-4f95-9f41-459759a8c03f
]]></system-out>
  </testcase>
  <testcase name="testMultiBlockWrites3" classname="org.apache.hadoop.ozone.client.rpc.TestCloseContainerHandlingByClient" time="3.3">
    <error type="java.lang.IllegalArgumentException">java.lang.IllegalArgumentException
	at com.google.common.base.Preconditions.checkArgument(Preconditions.java:72)
	at org.apache.hadoop.hdds.scm.XceiverClientManager.acquireClient(XceiverClientManager.java:150)
	at org.apache.hadoop.hdds.scm.XceiverClientManager.acquireClientForReadData(XceiverClientManager.java:143)
	at org.apache.hadoop.hdds.scm.storage.BlockInputStream.getChunkInfos(BlockInputStream.java:154)
	at org.apache.hadoop.hdds.scm.storage.BlockInputStream.initialize(BlockInputStream.java:118)
	at org.apache.hadoop.hdds.scm.storage.BlockInputStream.read(BlockInputStream.java:222)
	at org.apache.hadoop.ozone.client.io.KeyInputStream.read(KeyInputStream.java:171)
	at org.apache.hadoop.ozone.client.io.OzoneInputStream.read(OzoneInputStream.java:47)
	at java.io.InputStream.read(InputStream.java:101)
	at org.apache.hadoop.ozone.client.rpc.TestCloseContainerHandlingByClient.testMultiBlockWrites3(TestCloseContainerHandlingByClient.java:325)
	at sun.reflect.NativeMethodAccessorImpl.invoke0(Native Method)
	at sun.reflect.NativeMethodAccessorImpl.invoke(NativeMethodAccessorImpl.java:62)
	at sun.reflect.DelegatingMethodAccessorImpl.invoke(DelegatingMethodAccessorImpl.java:43)
	at java.lang.reflect.Method.invoke(Method.java:498)
	at org.junit.runners.model.FrameworkMethod$1.runReflectiveCall(FrameworkMethod.java:47)
	at org.junit.internal.runners.model.ReflectiveCallable.run(ReflectiveCallable.java:12)
	at org.junit.runners.model.FrameworkMethod.invokeExplosively(FrameworkMethod.java:44)
	at org.junit.internal.runners.statements.InvokeMethod.evaluate(InvokeMethod.java:17)
	at org.junit.runners.ParentRunner.runLeaf(ParentRunner.java:271)
	at org.junit.runners.BlockJUnit4ClassRunner.runChild(BlockJUnit4ClassRunner.java:70)
	at org.junit.runners.BlockJUnit4ClassRunner.runChild(BlockJUnit4ClassRunner.java:50)
	at org.junit.runners.ParentRunner$3.run(ParentRunner.java:238)
	at org.junit.runners.ParentRunner$1.schedule(ParentRunner.java:63)
	at org.junit.runners.ParentRunner.runChildren(ParentRunner.java:236)
	at org.junit.runners.ParentRunner.access$000(ParentRunner.java:53)
	at org.junit.runners.ParentRunner$2.evaluate(ParentRunner.java:229)
	at org.junit.internal.runners.statements.RunBefores.evaluate(RunBefores.java:26)
	at org.junit.internal.runners.statements.RunAfters.evaluate(RunAfters.java:27)
	at org.junit.runners.ParentRunner.run(ParentRunner.java:309)
	at org.apache.maven.surefire.junit4.JUnit4Provider.execute(JUnit4Provider.java:365)
	at org.apache.maven.surefire.junit4.JUnit4Provider.executeWithRerun(JUnit4Provider.java:273)
	at org.apache.maven.surefire.junit4.JUnit4Provider.executeTestSet(JUnit4Provider.java:238)
	at org.apache.maven.surefire.junit4.JUnit4Provider.invoke(JUnit4Provider.java:159)
	at org.apache.maven.surefire.booter.ForkedBooter.invokeProviderInSameClassLoader(ForkedBooter.java:384)
	at org.apache.maven.surefire.booter.ForkedBooter.runSuitesInProcess(ForkedBooter.java:345)
	at org.apache.maven.surefire.booter.ForkedBooter.execute(ForkedBooter.java:126)
	at org.apache.maven.surefire.booter.ForkedBooter.main(ForkedBooter.java:418)
</error>
    <system-out><![CDATA[2019-07-14 08:44:04,946 INFO  client.GrpcClientProtocolClient (GrpcClientProtocolClient.java:onNext(255)) - client-C751DD1523C2->e0e5353e-3a31-431d-9c7b-bd4d0f384111: receive RaftClientReply:client-C751DD1523C2->e0e5353e-3a31-431d-9c7b-bd4d0f384111@group-229690D350A7, cid=123, SUCCESS, logIndex=95, commits[e0e5353e-3a31-431d-9c7b-bd4d0f384111:c98, 21afc0f0-84c2-4801-889d-34a8387a9803:c94, a1e247ec-0224-42b9-b69e-d5ba19079f20:c94]
2019-07-14 08:44:05,039 INFO  client.GrpcClientProtocolClient (GrpcClientProtocolClient.java:onNext(255)) - client-C751DD1523C2->e0e5353e-3a31-431d-9c7b-bd4d0f384111: receive RaftClientReply:client-C751DD1523C2->e0e5353e-3a31-431d-9c7b-bd4d0f384111@group-229690D350A7, cid=124, SUCCESS, logIndex=96, commits[e0e5353e-3a31-431d-9c7b-bd4d0f384111:c102, 21afc0f0-84c2-4801-889d-34a8387a9803:c98, a1e247ec-0224-42b9-b69e-d5ba19079f20:c98]
2019-07-14 08:44:05,052 INFO  client.GrpcClientProtocolClient (GrpcClientProtocolClient.java:onNext(255)) - client-C751DD1523C2->e0e5353e-3a31-431d-9c7b-bd4d0f384111: receive RaftClientReply:client-C751DD1523C2->e0e5353e-3a31-431d-9c7b-bd4d0f384111@group-229690D350A7, cid=125, SUCCESS, logIndex=97, commits[e0e5353e-3a31-431d-9c7b-bd4d0f384111:c102, 21afc0f0-84c2-4801-889d-34a8387a9803:c98, a1e247ec-0224-42b9-b69e-d5ba19079f20:c98]
2019-07-14 08:44:05,096 INFO  client.GrpcClientProtocolClient (GrpcClientProtocolClient.java:onNext(255)) - client-C751DD1523C2->e0e5353e-3a31-431d-9c7b-bd4d0f384111: receive RaftClientReply:client-C751DD1523C2->e0e5353e-3a31-431d-9c7b-bd4d0f384111@group-229690D350A7, cid=126, SUCCESS, logIndex=98, commits[e0e5353e-3a31-431d-9c7b-bd4d0f384111:c102, 21afc0f0-84c2-4801-889d-34a8387a9803:c98, a1e247ec-0224-42b9-b69e-d5ba19079f20:c98]
2019-07-14 08:44:05,121 INFO  client.GrpcClientProtocolClient (GrpcClientProtocolClient.java:onNext(255)) - client-C751DD1523C2->e0e5353e-3a31-431d-9c7b-bd4d0f384111: receive RaftClientReply:client-C751DD1523C2->e0e5353e-3a31-431d-9c7b-bd4d0f384111@group-229690D350A7, cid=127, SUCCESS, logIndex=103, commits[e0e5353e-3a31-431d-9c7b-bd4d0f384111:c106, 21afc0f0-84c2-4801-889d-34a8387a9803:c102, a1e247ec-0224-42b9-b69e-d5ba19079f20:c102]
2019-07-14 08:44:05,122 INFO  client.GrpcClientProtocolClient (GrpcClientProtocolClient.java:onNext(255)) - client-C751DD1523C2->e0e5353e-3a31-431d-9c7b-bd4d0f384111: receive RaftClientReply:client-C751DD1523C2->e0e5353e-3a31-431d-9c7b-bd4d0f384111@group-229690D350A7, cid=128, SUCCESS, logIndex=104, commits[e0e5353e-3a31-431d-9c7b-bd4d0f384111:c106, 21afc0f0-84c2-4801-889d-34a8387a9803:c102, a1e247ec-0224-42b9-b69e-d5ba19079f20:c102]
2019-07-14 08:44:05,123 INFO  client.GrpcClientProtocolClient (GrpcClientProtocolClient.java:onNext(255)) - client-C751DD1523C2->e0e5353e-3a31-431d-9c7b-bd4d0f384111: receive RaftClientReply:client-C751DD1523C2->e0e5353e-3a31-431d-9c7b-bd4d0f384111@group-229690D350A7, cid=129, SUCCESS, logIndex=105, commits[e0e5353e-3a31-431d-9c7b-bd4d0f384111:c106, 21afc0f0-84c2-4801-889d-34a8387a9803:c102, a1e247ec-0224-42b9-b69e-d5ba19079f20:c102]
2019-07-14 08:44:05,124 INFO  client.GrpcClientProtocolClient (GrpcClientProtocolClient.java:onNext(255)) - client-C751DD1523C2->e0e5353e-3a31-431d-9c7b-bd4d0f384111: receive RaftClientReply:client-C751DD1523C2->e0e5353e-3a31-431d-9c7b-bd4d0f384111@group-229690D350A7, cid=130, SUCCESS, logIndex=106, commits[e0e5353e-3a31-431d-9c7b-bd4d0f384111:c106, 21afc0f0-84c2-4801-889d-34a8387a9803:c105, a1e247ec-0224-42b9-b69e-d5ba19079f20:c102]
2019-07-14 08:44:05,126 INFO  client.GrpcClientProtocolClient (GrpcClientProtocolClient.java:onNext(255)) - client-C751DD1523C2->e0e5353e-3a31-431d-9c7b-bd4d0f384111: receive RaftClientReply:client-C751DD1523C2->e0e5353e-3a31-431d-9c7b-bd4d0f384111@group-229690D350A7, cid=131, SUCCESS, logIndex=0, commits[e0e5353e-3a31-431d-9c7b-bd4d0f384111:c107, 21afc0f0-84c2-4801-889d-34a8387a9803:c105, a1e247ec-0224-42b9-b69e-d5ba19079f20:c105]
2019-07-14 08:44:05,128 INFO  client.GrpcClientProtocolClient (GrpcClientProtocolClient.java:onNext(255)) - client-C751DD1523C2->e0e5353e-3a31-431d-9c7b-bd4d0f384111: receive RaftClientReply:client-C751DD1523C2->e0e5353e-3a31-431d-9c7b-bd4d0f384111@group-229690D350A7, cid=132, SUCCESS, logIndex=0, commits[e0e5353e-3a31-431d-9c7b-bd4d0f384111:c109, 21afc0f0-84c2-4801-889d-34a8387a9803:c106, a1e247ec-0224-42b9-b69e-d5ba19079f20:c106]
2019-07-14 08:44:05,191 INFO  client.GrpcClientProtocolClient (GrpcClientProtocolClient.java:onNext(255)) - client-C44D948F4FB4->d9b5ea88-2be1-4a6e-b0ee-cc160f5860cf: receive RaftClientReply:client-C44D948F4FB4->d9b5ea88-2be1-4a6e-b0ee-cc160f5860cf@group-459759A8C03F, cid=133, SUCCESS, logIndex=88, commits[d9b5ea88-2be1-4a6e-b0ee-cc160f5860cf:c89, 4f06aa3a-afb6-48cc-92a7-a4a9f9d53527:c87, e46a66f4-a53a-42e3-9456-baa074b0d3f9:c85]
2019-07-14 08:44:05,226 INFO  client.GrpcClientProtocolClient (GrpcClientProtocolClient.java:onNext(255)) - client-C44D948F4FB4->d9b5ea88-2be1-4a6e-b0ee-cc160f5860cf: receive RaftClientReply:client-C44D948F4FB4->d9b5ea88-2be1-4a6e-b0ee-cc160f5860cf@group-459759A8C03F, cid=134, SUCCESS, logIndex=89, commits[d9b5ea88-2be1-4a6e-b0ee-cc160f5860cf:c94, 4f06aa3a-afb6-48cc-92a7-a4a9f9d53527:c91, e46a66f4-a53a-42e3-9456-baa074b0d3f9:c91]
2019-07-14 08:44:05,226 INFO  client.GrpcClientProtocolClient (GrpcClientProtocolClient.java:onNext(255)) - client-C44D948F4FB4->d9b5ea88-2be1-4a6e-b0ee-cc160f5860cf: receive RaftClientReply:client-C44D948F4FB4->d9b5ea88-2be1-4a6e-b0ee-cc160f5860cf@group-459759A8C03F, cid=135, SUCCESS, logIndex=90, commits[d9b5ea88-2be1-4a6e-b0ee-cc160f5860cf:c94, 4f06aa3a-afb6-48cc-92a7-a4a9f9d53527:c91, e46a66f4-a53a-42e3-9456-baa074b0d3f9:c91]
2019-07-14 08:44:05,287 INFO  client.GrpcClientProtocolClient (GrpcClientProtocolClient.java:onNext(255)) - client-C44D948F4FB4->d9b5ea88-2be1-4a6e-b0ee-cc160f5860cf: receive RaftClientReply:client-C44D948F4FB4->d9b5ea88-2be1-4a6e-b0ee-cc160f5860cf@group-459759A8C03F, cid=136, SUCCESS, logIndex=91, commits[d9b5ea88-2be1-4a6e-b0ee-cc160f5860cf:c94, 4f06aa3a-afb6-48cc-92a7-a4a9f9d53527:c91, e46a66f4-a53a-42e3-9456-baa074b0d3f9:c91]
2019-07-14 08:44:05,315 INFO  client.GrpcClientProtocolClient (GrpcClientProtocolClient.java:onNext(255)) - client-C44D948F4FB4->d9b5ea88-2be1-4a6e-b0ee-cc160f5860cf: receive RaftClientReply:client-C44D948F4FB4->d9b5ea88-2be1-4a6e-b0ee-cc160f5860cf@group-459759A8C03F, cid=137, SUCCESS, logIndex=95, commits[d9b5ea88-2be1-4a6e-b0ee-cc160f5860cf:c98, 4f06aa3a-afb6-48cc-92a7-a4a9f9d53527:c94, e46a66f4-a53a-42e3-9456-baa074b0d3f9:c94]
2019-07-14 08:44:05,316 INFO  client.GrpcClientProtocolClient (GrpcClientProtocolClient.java:onNext(255)) - client-C44D948F4FB4->d9b5ea88-2be1-4a6e-b0ee-cc160f5860cf: receive RaftClientReply:client-C44D948F4FB4->d9b5ea88-2be1-4a6e-b0ee-cc160f5860cf@group-459759A8C03F, cid=138, SUCCESS, logIndex=96, commits[d9b5ea88-2be1-4a6e-b0ee-cc160f5860cf:c98, 4f06aa3a-afb6-48cc-92a7-a4a9f9d53527:c94, e46a66f4-a53a-42e3-9456-baa074b0d3f9:c94]
2019-07-14 08:44:05,317 INFO  client.GrpcClientProtocolClient (GrpcClientProtocolClient.java:onNext(255)) - client-C44D948F4FB4->d9b5ea88-2be1-4a6e-b0ee-cc160f5860cf: receive RaftClientReply:client-C44D948F4FB4->d9b5ea88-2be1-4a6e-b0ee-cc160f5860cf@group-459759A8C03F, cid=139, SUCCESS, logIndex=97, commits[d9b5ea88-2be1-4a6e-b0ee-cc160f5860cf:c98, 4f06aa3a-afb6-48cc-92a7-a4a9f9d53527:c94, e46a66f4-a53a-42e3-9456-baa074b0d3f9:c94]
2019-07-14 08:44:05,317 INFO  client.GrpcClientProtocolClient (GrpcClientProtocolClient.java:onNext(255)) - client-C44D948F4FB4->d9b5ea88-2be1-4a6e-b0ee-cc160f5860cf: receive RaftClientReply:client-C44D948F4FB4->d9b5ea88-2be1-4a6e-b0ee-cc160f5860cf@group-459759A8C03F, cid=140, SUCCESS, logIndex=98, commits[d9b5ea88-2be1-4a6e-b0ee-cc160f5860cf:c98, 4f06aa3a-afb6-48cc-92a7-a4a9f9d53527:c94, e46a66f4-a53a-42e3-9456-baa074b0d3f9:c94]
2019-07-14 08:44:05,319 INFO  client.GrpcClientProtocolClient (GrpcClientProtocolClient.java:onNext(255)) - client-C44D948F4FB4->d9b5ea88-2be1-4a6e-b0ee-cc160f5860cf: receive RaftClientReply:client-C44D948F4FB4->d9b5ea88-2be1-4a6e-b0ee-cc160f5860cf@group-459759A8C03F, cid=141, SUCCESS, logIndex=0, commits[d9b5ea88-2be1-4a6e-b0ee-cc160f5860cf:c99, 4f06aa3a-afb6-48cc-92a7-a4a9f9d53527:c96, e46a66f4-a53a-42e3-9456-baa074b0d3f9:c96]
2019-07-14 08:44:05,326 INFO  client.GrpcClientProtocolClient (GrpcClientProtocolClient.java:onNext(255)) - client-C44D948F4FB4->d9b5ea88-2be1-4a6e-b0ee-cc160f5860cf: receive RaftClientReply:client-C44D948F4FB4->d9b5ea88-2be1-4a6e-b0ee-cc160f5860cf@group-459759A8C03F, cid=142, SUCCESS, logIndex=0, commits[d9b5ea88-2be1-4a6e-b0ee-cc160f5860cf:c101, 4f06aa3a-afb6-48cc-92a7-a4a9f9d53527:c98, e46a66f4-a53a-42e3-9456-baa074b0d3f9:c98]
2019-07-14 08:44:05,408 INFO  client.GrpcClientProtocolClient (GrpcClientProtocolClient.java:onNext(255)) - client-C751DD1523C2->e0e5353e-3a31-431d-9c7b-bd4d0f384111: receive RaftClientReply:client-C751DD1523C2->e0e5353e-3a31-431d-9c7b-bd4d0f384111@group-229690D350A7, cid=143, SUCCESS, logIndex=110, commits[e0e5353e-3a31-431d-9c7b-bd4d0f384111:c112, 21afc0f0-84c2-4801-889d-34a8387a9803:c109, a1e247ec-0224-42b9-b69e-d5ba19079f20:c109]
2019-07-14 08:44:05,438 INFO  client.GrpcClientProtocolClient (GrpcClientProtocolClient.java:onNext(255)) - client-C751DD1523C2->e0e5353e-3a31-431d-9c7b-bd4d0f384111: receive RaftClientReply:client-C751DD1523C2->e0e5353e-3a31-431d-9c7b-bd4d0f384111@group-229690D350A7, cid=144, SUCCESS, logIndex=111, commits[e0e5353e-3a31-431d-9c7b-bd4d0f384111:c117, 21afc0f0-84c2-4801-889d-34a8387a9803:c113, a1e247ec-0224-42b9-b69e-d5ba19079f20:c113]
2019-07-14 08:44:05,438 INFO  client.GrpcClientProtocolClient (GrpcClientProtocolClient.java:onNext(255)) - client-C751DD1523C2->e0e5353e-3a31-431d-9c7b-bd4d0f384111: receive RaftClientReply:client-C751DD1523C2->e0e5353e-3a31-431d-9c7b-bd4d0f384111@group-229690D350A7, cid=145, SUCCESS, logIndex=112, commits[e0e5353e-3a31-431d-9c7b-bd4d0f384111:c117, 21afc0f0-84c2-4801-889d-34a8387a9803:c113, a1e247ec-0224-42b9-b69e-d5ba19079f20:c113]
2019-07-14 08:44:05,508 INFO  client.GrpcClientProtocolClient (GrpcClientProtocolClient.java:onNext(255)) - client-C751DD1523C2->e0e5353e-3a31-431d-9c7b-bd4d0f384111: receive RaftClientReply:client-C751DD1523C2->e0e5353e-3a31-431d-9c7b-bd4d0f384111@group-229690D350A7, cid=146, SUCCESS, logIndex=113, commits[e0e5353e-3a31-431d-9c7b-bd4d0f384111:c117, 21afc0f0-84c2-4801-889d-34a8387a9803:c113, a1e247ec-0224-42b9-b69e-d5ba19079f20:c113]
2019-07-14 08:44:05,530 INFO  client.GrpcClientProtocolClient (GrpcClientProtocolClient.java:onNext(255)) - client-C751DD1523C2->e0e5353e-3a31-431d-9c7b-bd4d0f384111: receive RaftClientReply:client-C751DD1523C2->e0e5353e-3a31-431d-9c7b-bd4d0f384111@group-229690D350A7, cid=147, SUCCESS, logIndex=118, commits[e0e5353e-3a31-431d-9c7b-bd4d0f384111:c121, 21afc0f0-84c2-4801-889d-34a8387a9803:c117, a1e247ec-0224-42b9-b69e-d5ba19079f20:c117]
2019-07-14 08:44:05,531 INFO  client.GrpcClientProtocolClient (GrpcClientProtocolClient.java:onNext(255)) - client-C751DD1523C2->e0e5353e-3a31-431d-9c7b-bd4d0f384111: receive RaftClientReply:client-C751DD1523C2->e0e5353e-3a31-431d-9c7b-bd4d0f384111@group-229690D350A7, cid=148, SUCCESS, logIndex=119, commits[e0e5353e-3a31-431d-9c7b-bd4d0f384111:c121, 21afc0f0-84c2-4801-889d-34a8387a9803:c117, a1e247ec-0224-42b9-b69e-d5ba19079f20:c117]
2019-07-14 08:44:05,531 INFO  client.GrpcClientProtocolClient (GrpcClientProtocolClient.java:onNext(255)) - client-C751DD1523C2->e0e5353e-3a31-431d-9c7b-bd4d0f384111: receive RaftClientReply:client-C751DD1523C2->e0e5353e-3a31-431d-9c7b-bd4d0f384111@group-229690D350A7, cid=149, SUCCESS, logIndex=120, commits[e0e5353e-3a31-431d-9c7b-bd4d0f384111:c121, 21afc0f0-84c2-4801-889d-34a8387a9803:c117, a1e247ec-0224-42b9-b69e-d5ba19079f20:c117]
2019-07-14 08:44:05,532 INFO  client.GrpcClientProtocolClient (GrpcClientProtocolClient.java:onNext(255)) - client-C751DD1523C2->e0e5353e-3a31-431d-9c7b-bd4d0f384111: receive RaftClientReply:client-C751DD1523C2->e0e5353e-3a31-431d-9c7b-bd4d0f384111@group-229690D350A7, cid=150, SUCCESS, logIndex=121, commits[e0e5353e-3a31-431d-9c7b-bd4d0f384111:c121, 21afc0f0-84c2-4801-889d-34a8387a9803:c117, a1e247ec-0224-42b9-b69e-d5ba19079f20:c117]
2019-07-14 08:44:05,535 INFO  client.GrpcClientProtocolClient (GrpcClientProtocolClient.java:onNext(255)) - client-C751DD1523C2->e0e5353e-3a31-431d-9c7b-bd4d0f384111: receive RaftClientReply:client-C751DD1523C2->e0e5353e-3a31-431d-9c7b-bd4d0f384111@group-229690D350A7, cid=151, SUCCESS, logIndex=0, commits[e0e5353e-3a31-431d-9c7b-bd4d0f384111:c121, 21afc0f0-84c2-4801-889d-34a8387a9803:c121, a1e247ec-0224-42b9-b69e-d5ba19079f20:c121]
2019-07-14 08:44:05,538 INFO  client.GrpcClientProtocolClient (GrpcClientProtocolClient.java:onNext(255)) - client-C751DD1523C2->e0e5353e-3a31-431d-9c7b-bd4d0f384111: receive RaftClientReply:client-C751DD1523C2->e0e5353e-3a31-431d-9c7b-bd4d0f384111@group-229690D350A7, cid=152, SUCCESS, logIndex=0, commits[e0e5353e-3a31-431d-9c7b-bd4d0f384111:c122, 21afc0f0-84c2-4801-889d-34a8387a9803:c121, a1e247ec-0224-42b9-b69e-d5ba19079f20:c121]
2019-07-14 08:44:05,541 INFO  container.CloseContainerEventHandler (CloseContainerEventHandler.java:onMessage(61)) - Close container Event triggered for container : #14
2019-07-14 08:44:05,541 INFO  container.CloseContainerEventHandler (CloseContainerEventHandler.java:onMessage(61)) - Close container Event triggered for container : #14
2019-07-14 08:44:05,541 INFO  container.CloseContainerEventHandler (CloseContainerEventHandler.java:onMessage(61)) - Close container Event triggered for container : #14
2019-07-14 08:44:05,541 INFO  container.CloseContainerEventHandler (CloseContainerEventHandler.java:onMessage(61)) - Close container Event triggered for container : #15
2019-07-14 08:44:05,542 INFO  container.CloseContainerEventHandler (CloseContainerEventHandler.java:onMessage(61)) - Close container Event triggered for container : #15
2019-07-14 08:44:05,542 INFO  container.CloseContainerEventHandler (CloseContainerEventHandler.java:onMessage(61)) - Close container Event triggered for container : #15
2019-07-14 08:44:05,542 INFO  container.CloseContainerEventHandler (CloseContainerEventHandler.java:onMessage(61)) - Close container Event triggered for container : #16
2019-07-14 08:44:05,542 INFO  container.CloseContainerEventHandler (CloseContainerEventHandler.java:onMessage(61)) - Close container Event triggered for container : #16
2019-07-14 08:44:05,543 INFO  container.CloseContainerEventHandler (CloseContainerEventHandler.java:onMessage(61)) - Close container Event triggered for container : #16
2019-07-14 08:44:05,543 INFO  container.CloseContainerEventHandler (CloseContainerEventHandler.java:onMessage(61)) - Close container Event triggered for container : #4
2019-07-14 08:44:05,543 INFO  container.CloseContainerEventHandler (CloseContainerEventHandler.java:onMessage(61)) - Close container Event triggered for container : #4
2019-07-14 08:44:05,543 INFO  container.CloseContainerEventHandler (CloseContainerEventHandler.java:onMessage(61)) - Close container Event triggered for container : #4
2019-07-14 08:44:05,556 INFO  client.GrpcClientProtocolClient (GrpcClientProtocolClient.java:onNext(255)) - client-C44D948F4FB4->d9b5ea88-2be1-4a6e-b0ee-cc160f5860cf: receive RaftClientReply:client-C44D948F4FB4->d9b5ea88-2be1-4a6e-b0ee-cc160f5860cf@group-459759A8C03F, cid=153, SUCCESS, logIndex=102, commits[d9b5ea88-2be1-4a6e-b0ee-cc160f5860cf:c103, 4f06aa3a-afb6-48cc-92a7-a4a9f9d53527:c101, e46a66f4-a53a-42e3-9456-baa074b0d3f9:c101]
2019-07-14 08:44:05,557 INFO  client.GrpcClientProtocolClient (GrpcClientProtocolClient.java:onNext(255)) - client-C44D948F4FB4->d9b5ea88-2be1-4a6e-b0ee-cc160f5860cf: receive RaftClientReply:client-C44D948F4FB4->d9b5ea88-2be1-4a6e-b0ee-cc160f5860cf@group-459759A8C03F, cid=154, SUCCESS, logIndex=103, commits[d9b5ea88-2be1-4a6e-b0ee-cc160f5860cf:c103, 4f06aa3a-afb6-48cc-92a7-a4a9f9d53527:c101, e46a66f4-a53a-42e3-9456-baa074b0d3f9:c101]
2019-07-14 08:44:06,309 INFO  interfaces.Container (KeyValueContainer.java:compactDB(356)) - Container 15 is closed with bcsId 98.
2019-07-14 08:44:06,318 INFO  interfaces.Container (KeyValueContainer.java:compactDB(356)) - Container 15 is closed with bcsId 98.
2019-07-14 08:44:06,325 INFO  interfaces.Container (KeyValueContainer.java:compactDB(356)) - Container 15 is closed with bcsId 98.
2019-07-14 08:44:06,350 INFO  interfaces.Container (KeyValueContainer.java:compactDB(356)) - Container 4 is closed with bcsId 103.
2019-07-14 08:44:06,358 INFO  interfaces.Container (KeyValueContainer.java:compactDB(356)) - Container 4 is closed with bcsId 103.
2019-07-14 08:44:06,360 INFO  interfaces.Container (KeyValueContainer.java:compactDB(356)) - Container 4 is closed with bcsId 103.
2019-07-14 08:44:07,433 INFO  interfaces.Container (KeyValueContainer.java:compactDB(356)) - Container 14 is closed with bcsId 106.
2019-07-14 08:44:07,444 INFO  interfaces.Container (KeyValueContainer.java:compactDB(356)) - Container 14 is closed with bcsId 106.
2019-07-14 08:44:07,455 INFO  interfaces.Container (KeyValueContainer.java:compactDB(356)) - Container 14 is closed with bcsId 106.
2019-07-14 08:44:07,473 INFO  interfaces.Container (KeyValueContainer.java:compactDB(356)) - Container 16 is closed with bcsId 121.
2019-07-14 08:44:07,478 INFO  interfaces.Container (KeyValueContainer.java:compactDB(356)) - Container 16 is closed with bcsId 121.
2019-07-14 08:44:07,484 INFO  interfaces.Container (KeyValueContainer.java:compactDB(356)) - Container 16 is closed with bcsId 121.
08:44:07.548 [grpc-default-executor-3] ERROR DNAudit - user=null | ip=null | op=WRITE_CHUNK {blockData=conID: 4 locID: 102438918203506714 bcsId: 103} | ret=FAILURE
org.apache.hadoop.hdds.scm.container.common.helpers.ContainerNotOpenException: Container 4 in CLOSED state
	at org.apache.hadoop.ozone.container.common.impl.HddsDispatcher.validateContainerCommand(HddsDispatcher.java:408) ~[hadoop-hdds-container-service-0.5.0-SNAPSHOT.jar:?]
	at org.apache.hadoop.ozone.container.common.transport.server.ratis.ContainerStateMachine.startTransaction(ContainerStateMachine.java:272) ~[hadoop-hdds-container-service-0.5.0-SNAPSHOT.jar:?]
	at org.apache.ratis.server.impl.RaftServerImpl.submitClientRequestAsync(RaftServerImpl.java:566) ~[ratis-server-0.4.0-2337318-SNAPSHOT.jar:0.4.0-2337318-SNAPSHOT]
	at org.apache.ratis.server.impl.RaftServerProxy.lambda$submitClientRequestAsync$7(RaftServerProxy.java:333) ~[ratis-server-0.4.0-2337318-SNAPSHOT.jar:0.4.0-2337318-SNAPSHOT]
	at org.apache.ratis.server.impl.RaftServerProxy.lambda$null$5(RaftServerProxy.java:328) ~[ratis-server-0.4.0-2337318-SNAPSHOT.jar:0.4.0-2337318-SNAPSHOT]
	at org.apache.ratis.util.JavaUtils.callAsUnchecked(JavaUtils.java:109) ~[ratis-common-0.4.0-2337318-SNAPSHOT.jar:0.4.0-2337318-SNAPSHOT]
	at org.apache.ratis.server.impl.RaftServerProxy.lambda$submitRequest$6(RaftServerProxy.java:328) ~[ratis-server-0.4.0-2337318-SNAPSHOT.jar:0.4.0-2337318-SNAPSHOT]
	at java.util.concurrent.CompletableFuture.uniComposeStage(CompletableFuture.java:981) ~[?:1.8.0_212]
	at java.util.concurrent.CompletableFuture.thenCompose(CompletableFuture.java:2124) ~[?:1.8.0_212]
	at org.apache.ratis.server.impl.RaftServerProxy.submitRequest(RaftServerProxy.java:327) ~[ratis-server-0.4.0-2337318-SNAPSHOT.jar:0.4.0-2337318-SNAPSHOT]
	at org.apache.ratis.server.impl.RaftServerProxy.submitClientRequestAsync(RaftServerProxy.java:333) ~[ratis-server-0.4.0-2337318-SNAPSHOT.jar:0.4.0-2337318-SNAPSHOT]
	at org.apache.ratis.grpc.client.GrpcClientProtocolService$RequestStreamObserver.processClientRequest(GrpcClientProtocolService.java:220) ~[ratis-grpc-0.4.0-2337318-SNAPSHOT.jar:0.4.0-2337318-SNAPSHOT]
	at org.apache.ratis.grpc.client.GrpcClientProtocolService$OrderedRequestStreamObserver.processClientRequest(GrpcClientProtocolService.java:326) ~[ratis-grpc-0.4.0-2337318-SNAPSHOT.jar:0.4.0-2337318-SNAPSHOT]
	at org.apache.ratis.util.SlidingWindow$Server.processRequestsFromHead(SlidingWindow.java:429) [ratis-common-0.4.0-2337318-SNAPSHOT.jar:0.4.0-2337318-SNAPSHOT]
	at org.apache.ratis.util.SlidingWindow$Server.receivedRequest(SlidingWindow.java:421) [ratis-common-0.4.0-2337318-SNAPSHOT.jar:0.4.0-2337318-SNAPSHOT]
	at org.apache.ratis.grpc.client.GrpcClientProtocolService$OrderedRequestStreamObserver.processClientRequest(GrpcClientProtocolService.java:345) [ratis-grpc-0.4.0-2337318-SNAPSHOT.jar:0.4.0-2337318-SNAPSHOT]
	at org.apache.ratis.grpc.client.GrpcClientProtocolService$RequestStreamObserver.onNext(GrpcClientProtocolService.java:240) [ratis-grpc-0.4.0-2337318-SNAPSHOT.jar:0.4.0-2337318-SNAPSHOT]
	at org.apache.ratis.grpc.client.GrpcClientProtocolService$RequestStreamObserver.onNext(GrpcClientProtocolService.java:168) [ratis-grpc-0.4.0-2337318-SNAPSHOT.jar:0.4.0-2337318-SNAPSHOT]
	at org.apache.ratis.thirdparty.io.grpc.stub.ServerCalls$StreamingServerCallHandler$StreamingServerCallListener.onMessage(ServerCalls.java:248) [ratis-thirdparty-misc-0.2.0.jar:0.2.0]
	at org.apache.ratis.thirdparty.io.grpc.internal.ServerCallImpl$ServerStreamListenerImpl.messagesAvailable(ServerCallImpl.java:263) [ratis-thirdparty-misc-0.2.0.jar:0.2.0]
	at org.apache.ratis.thirdparty.io.grpc.internal.ServerImpl$JumpToApplicationThreadServerStreamListener$1MessagesAvailable.runInContext(ServerImpl.java:686) [ratis-thirdparty-misc-0.2.0.jar:0.2.0]
	at org.apache.ratis.thirdparty.io.grpc.internal.ContextRunnable.run(ContextRunnable.java:37) [ratis-thirdparty-misc-0.2.0.jar:0.2.0]
	at org.apache.ratis.thirdparty.io.grpc.internal.SerializingExecutor.run(SerializingExecutor.java:123) [ratis-thirdparty-misc-0.2.0.jar:0.2.0]
	at java.util.concurrent.ThreadPoolExecutor.runWorker(ThreadPoolExecutor.java:1149) [?:1.8.0_212]
	at java.util.concurrent.ThreadPoolExecutor$Worker.run(ThreadPoolExecutor.java:624) [?:1.8.0_212]
	at java.lang.Thread.run(Thread.java:748) [?:1.8.0_212]
2019-07-14 08:44:07,557 INFO  client.GrpcClientProtocolClient (GrpcClientProtocolClient.java:onNext(255)) - client-C44D948F4FB4->d9b5ea88-2be1-4a6e-b0ee-cc160f5860cf: receive RaftClientReply:client-C44D948F4FB4->d9b5ea88-2be1-4a6e-b0ee-cc160f5860cf@group-459759A8C03F, cid=155, FAILED org.apache.ratis.protocol.StateMachineException: org.apache.hadoop.hdds.scm.container.common.helpers.ContainerNotOpenException from Server d9b5ea88-2be1-4a6e-b0ee-cc160f5860cf: Container 4 in CLOSED state, logIndex=0, commits[d9b5ea88-2be1-4a6e-b0ee-cc160f5860cf:c109, 4f06aa3a-afb6-48cc-92a7-a4a9f9d53527:c108, e46a66f4-a53a-42e3-9456-baa074b0d3f9:c108]
08:44:07.557 [grpc-default-executor-3] ERROR DNAudit - user=null | ip=null | op=PUT_BLOCK {blockData=[blockId=conID: 4 locID: 102438918203506714 bcsId: 0,size=2097152]} | ret=FAILURE
org.apache.hadoop.hdds.scm.container.common.helpers.ContainerNotOpenException: Container 4 in CLOSED state
	at org.apache.hadoop.ozone.container.common.impl.HddsDispatcher.validateContainerCommand(HddsDispatcher.java:408) ~[hadoop-hdds-container-service-0.5.0-SNAPSHOT.jar:?]
	at org.apache.hadoop.ozone.container.common.transport.server.ratis.ContainerStateMachine.startTransaction(ContainerStateMachine.java:272) ~[hadoop-hdds-container-service-0.5.0-SNAPSHOT.jar:?]
	at org.apache.ratis.server.impl.RaftServerImpl.submitClientRequestAsync(RaftServerImpl.java:566) ~[ratis-server-0.4.0-2337318-SNAPSHOT.jar:0.4.0-2337318-SNAPSHOT]
	at org.apache.ratis.server.impl.RaftServerProxy.lambda$submitClientRequestAsync$7(RaftServerProxy.java:333) ~[ratis-server-0.4.0-2337318-SNAPSHOT.jar:0.4.0-2337318-SNAPSHOT]
	at org.apache.ratis.server.impl.RaftServerProxy.lambda$null$5(RaftServerProxy.java:328) ~[ratis-server-0.4.0-2337318-SNAPSHOT.jar:0.4.0-2337318-SNAPSHOT]
	at org.apache.ratis.util.JavaUtils.callAsUnchecked(JavaUtils.java:109) ~[ratis-common-0.4.0-2337318-SNAPSHOT.jar:0.4.0-2337318-SNAPSHOT]
	at org.apache.ratis.server.impl.RaftServerProxy.lambda$submitRequest$6(RaftServerProxy.java:328) ~[ratis-server-0.4.0-2337318-SNAPSHOT.jar:0.4.0-2337318-SNAPSHOT]
	at java.util.concurrent.CompletableFuture.uniComposeStage(CompletableFuture.java:981) ~[?:1.8.0_212]
	at java.util.concurrent.CompletableFuture.thenCompose(CompletableFuture.java:2124) ~[?:1.8.0_212]
	at org.apache.ratis.server.impl.RaftServerProxy.submitRequest(RaftServerProxy.java:327) ~[ratis-server-0.4.0-2337318-SNAPSHOT.jar:0.4.0-2337318-SNAPSHOT]
	at org.apache.ratis.server.impl.RaftServerProxy.submitClientRequestAsync(RaftServerProxy.java:333) ~[ratis-server-0.4.0-2337318-SNAPSHOT.jar:0.4.0-2337318-SNAPSHOT]
	at org.apache.ratis.grpc.client.GrpcClientProtocolService$RequestStreamObserver.processClientRequest(GrpcClientProtocolService.java:220) ~[ratis-grpc-0.4.0-2337318-SNAPSHOT.jar:0.4.0-2337318-SNAPSHOT]
	at org.apache.ratis.grpc.client.GrpcClientProtocolService$OrderedRequestStreamObserver.processClientRequest(GrpcClientProtocolService.java:326) ~[ratis-grpc-0.4.0-2337318-SNAPSHOT.jar:0.4.0-2337318-SNAPSHOT]
	at org.apache.ratis.util.SlidingWindow$Server.processRequestsFromHead(SlidingWindow.java:429) [ratis-common-0.4.0-2337318-SNAPSHOT.jar:0.4.0-2337318-SNAPSHOT]
	at org.apache.ratis.util.SlidingWindow$Server.receivedRequest(SlidingWindow.java:421) [ratis-common-0.4.0-2337318-SNAPSHOT.jar:0.4.0-2337318-SNAPSHOT]
	at org.apache.ratis.grpc.client.GrpcClientProtocolService$OrderedRequestStreamObserver.processClientRequest(GrpcClientProtocolService.java:345) [ratis-grpc-0.4.0-2337318-SNAPSHOT.jar:0.4.0-2337318-SNAPSHOT]
	at org.apache.ratis.grpc.client.GrpcClientProtocolService$RequestStreamObserver.onNext(GrpcClientProtocolService.java:240) [ratis-grpc-0.4.0-2337318-SNAPSHOT.jar:0.4.0-2337318-SNAPSHOT]
	at org.apache.ratis.grpc.client.GrpcClientProtocolService$RequestStreamObserver.onNext(GrpcClientProtocolService.java:168) [ratis-grpc-0.4.0-2337318-SNAPSHOT.jar:0.4.0-2337318-SNAPSHOT]
	at org.apache.ratis.thirdparty.io.grpc.stub.ServerCalls$StreamingServerCallHandler$StreamingServerCallListener.onMessage(ServerCalls.java:248) [ratis-thirdparty-misc-0.2.0.jar:0.2.0]
	at org.apache.ratis.thirdparty.io.grpc.internal.ServerCallImpl$ServerStreamListenerImpl.messagesAvailable(ServerCallImpl.java:263) [ratis-thirdparty-misc-0.2.0.jar:0.2.0]
	at org.apache.ratis.thirdparty.io.grpc.internal.ServerImpl$JumpToApplicationThreadServerStreamListener$1MessagesAvailable.runInContext(ServerImpl.java:686) [ratis-thirdparty-misc-0.2.0.jar:0.2.0]
	at org.apache.ratis.thirdparty.io.grpc.internal.ContextRunnable.run(ContextRunnable.java:37) [ratis-thirdparty-misc-0.2.0.jar:0.2.0]
	at org.apache.ratis.thirdparty.io.grpc.internal.SerializingExecutor.run(SerializingExecutor.java:123) [ratis-thirdparty-misc-0.2.0.jar:0.2.0]
	at java.util.concurrent.ThreadPoolExecutor.runWorker(ThreadPoolExecutor.java:1149) [?:1.8.0_212]
	at java.util.concurrent.ThreadPoolExecutor$Worker.run(ThreadPoolExecutor.java:624) [?:1.8.0_212]
	at java.lang.Thread.run(Thread.java:748) [?:1.8.0_212]
2019-07-14 08:44:07,564 INFO  client.GrpcClientProtocolClient (GrpcClientProtocolClient.java:onNext(255)) - client-C44D948F4FB4->d9b5ea88-2be1-4a6e-b0ee-cc160f5860cf: receive RaftClientReply:client-C44D948F4FB4->d9b5ea88-2be1-4a6e-b0ee-cc160f5860cf@group-459759A8C03F, cid=156, FAILED org.apache.ratis.protocol.StateMachineException: org.apache.hadoop.hdds.scm.container.common.helpers.ContainerNotOpenException from Server d9b5ea88-2be1-4a6e-b0ee-cc160f5860cf: Container 4 in CLOSED state, logIndex=0, commits[d9b5ea88-2be1-4a6e-b0ee-cc160f5860cf:c109, 4f06aa3a-afb6-48cc-92a7-a4a9f9d53527:c108, e46a66f4-a53a-42e3-9456-baa074b0d3f9:c108]
2019-07-14 08:44:07,671 INFO  client.GrpcClientProtocolClient (GrpcClientProtocolClient.java:onNext(255)) - client-C751DD1523C2->e0e5353e-3a31-431d-9c7b-bd4d0f384111: receive RaftClientReply:client-C751DD1523C2->e0e5353e-3a31-431d-9c7b-bd4d0f384111@group-229690D350A7, cid=157, SUCCESS, logIndex=128, commits[e0e5353e-3a31-431d-9c7b-bd4d0f384111:c131, 21afc0f0-84c2-4801-889d-34a8387a9803:c127, a1e247ec-0224-42b9-b69e-d5ba19079f20:c127]
2019-07-14 08:44:07,706 INFO  client.GrpcClientProtocolClient (GrpcClientProtocolClient.java:onNext(255)) - client-C751DD1523C2->e0e5353e-3a31-431d-9c7b-bd4d0f384111: receive RaftClientReply:client-C751DD1523C2->e0e5353e-3a31-431d-9c7b-bd4d0f384111@group-229690D350A7, cid=158, SUCCESS, logIndex=129, commits[e0e5353e-3a31-431d-9c7b-bd4d0f384111:c134, 21afc0f0-84c2-4801-889d-34a8387a9803:c131, a1e247ec-0224-42b9-b69e-d5ba19079f20:c131]
2019-07-14 08:44:07,706 INFO  client.GrpcClientProtocolClient (GrpcClientProtocolClient.java:onNext(255)) - client-C751DD1523C2->e0e5353e-3a31-431d-9c7b-bd4d0f384111: receive RaftClientReply:client-C751DD1523C2->e0e5353e-3a31-431d-9c7b-bd4d0f384111@group-229690D350A7, cid=159, SUCCESS, logIndex=130, commits[e0e5353e-3a31-431d-9c7b-bd4d0f384111:c134, 21afc0f0-84c2-4801-889d-34a8387a9803:c131, a1e247ec-0224-42b9-b69e-d5ba19079f20:c131]
2019-07-14 08:44:07,775 INFO  client.GrpcClientProtocolClient (GrpcClientProtocolClient.java:onNext(255)) - client-C751DD1523C2->e0e5353e-3a31-431d-9c7b-bd4d0f384111: receive RaftClientReply:client-C751DD1523C2->e0e5353e-3a31-431d-9c7b-bd4d0f384111@group-229690D350A7, cid=160, SUCCESS, logIndex=131, commits[e0e5353e-3a31-431d-9c7b-bd4d0f384111:c134, 21afc0f0-84c2-4801-889d-34a8387a9803:c131, a1e247ec-0224-42b9-b69e-d5ba19079f20:c131]
2019-07-14 08:44:07,908 INFO  client.GrpcClientProtocolClient (GrpcClientProtocolClient.java:onNext(255)) - client-C751DD1523C2->e0e5353e-3a31-431d-9c7b-bd4d0f384111: receive RaftClientReply:client-C751DD1523C2->e0e5353e-3a31-431d-9c7b-bd4d0f384111@group-229690D350A7, cid=161, SUCCESS, logIndex=135, commits[e0e5353e-3a31-431d-9c7b-bd4d0f384111:c137, 21afc0f0-84c2-4801-889d-34a8387a9803:c134, a1e247ec-0224-42b9-b69e-d5ba19079f20:c134]
2019-07-14 08:44:07,909 INFO  client.GrpcClientProtocolClient (GrpcClientProtocolClient.java:onNext(255)) - client-C751DD1523C2->e0e5353e-3a31-431d-9c7b-bd4d0f384111: receive RaftClientReply:client-C751DD1523C2->e0e5353e-3a31-431d-9c7b-bd4d0f384111@group-229690D350A7, cid=162, SUCCESS, logIndex=136, commits[e0e5353e-3a31-431d-9c7b-bd4d0f384111:c138, 21afc0f0-84c2-4801-889d-34a8387a9803:c134, a1e247ec-0224-42b9-b69e-d5ba19079f20:c134]
2019-07-14 08:44:07,910 INFO  client.GrpcClientProtocolClient (GrpcClientProtocolClient.java:onNext(255)) - client-C751DD1523C2->e0e5353e-3a31-431d-9c7b-bd4d0f384111: receive RaftClientReply:client-C751DD1523C2->e0e5353e-3a31-431d-9c7b-bd4d0f384111@group-229690D350A7, cid=163, SUCCESS, logIndex=137, commits[e0e5353e-3a31-431d-9c7b-bd4d0f384111:c138, 21afc0f0-84c2-4801-889d-34a8387a9803:c134, a1e247ec-0224-42b9-b69e-d5ba19079f20:c134]
2019-07-14 08:44:07,911 INFO  client.GrpcClientProtocolClient (GrpcClientProtocolClient.java:onNext(255)) - client-C751DD1523C2->e0e5353e-3a31-431d-9c7b-bd4d0f384111: receive RaftClientReply:client-C751DD1523C2->e0e5353e-3a31-431d-9c7b-bd4d0f384111@group-229690D350A7, cid=164, SUCCESS, logIndex=138, commits[e0e5353e-3a31-431d-9c7b-bd4d0f384111:c138, 21afc0f0-84c2-4801-889d-34a8387a9803:c134, a1e247ec-0224-42b9-b69e-d5ba19079f20:c134]
2019-07-14 08:44:07,917 INFO  client.GrpcClientProtocolClient (GrpcClientProtocolClient.java:onNext(255)) - client-C751DD1523C2->e0e5353e-3a31-431d-9c7b-bd4d0f384111: receive RaftClientReply:client-C751DD1523C2->e0e5353e-3a31-431d-9c7b-bd4d0f384111@group-229690D350A7, cid=165, SUCCESS, logIndex=0, commits[e0e5353e-3a31-431d-9c7b-bd4d0f384111:c140, 21afc0f0-84c2-4801-889d-34a8387a9803:c136, a1e247ec-0224-42b9-b69e-d5ba19079f20:c136]
2019-07-14 08:44:07,919 INFO  client.GrpcClientProtocolClient (GrpcClientProtocolClient.java:onNext(255)) - client-C751DD1523C2->e0e5353e-3a31-431d-9c7b-bd4d0f384111: receive RaftClientReply:client-C751DD1523C2->e0e5353e-3a31-431d-9c7b-bd4d0f384111@group-229690D350A7, cid=166, SUCCESS, logIndex=0, commits[e0e5353e-3a31-431d-9c7b-bd4d0f384111:c142, 21afc0f0-84c2-4801-889d-34a8387a9803:c138, a1e247ec-0224-42b9-b69e-d5ba19079f20:c138]
2019-07-14 08:44:07,946 INFO  pipeline.Pipeline (Pipeline.java:getProtobufMessage(195)) - Serialize pipeline PipelineID=2b89dba6-b170-4fb5-82cc-229690d350a7 with nodesInOrder{ }
]]></system-out>
  </testcase>
  <testcase name="testDiscardPreallocatedBlocks" classname="org.apache.hadoop.ozone.client.rpc.TestCloseContainerHandlingByClient" time="0">
    <skipped/>
  </testcase>
</testsuite>