<?xml version="1.0" encoding="UTF-8"?>
<testsuite xmlns:xsi="http://www.w3.org/2001/XMLSchema-instance" xsi:noNamespaceSchemaLocation="https://maven.apache.org/surefire/maven-surefire-plugin/xsd/surefire-test-report.xsd" name="org.apache.hadoop.ozone.container.common.statemachine.commandhandler.TestBlockDeletion" time="124.656" tests="1" errors="0" skipped="0" failures="1">
  <properties>
    <property name="awt.toolkit" value="sun.awt.X11.XToolkit"/>
    <property name="file.encoding.pkg" value="sun.io"/>
    <property name="java.specification.version" value="1.8"/>
    <property name="sun.cpu.isalist" value=""/>
    <property name="sun.jnu.encoding" value="UTF-8"/>
    <property name="java.class.path" value="/workdir/hadoop-ozone/integration-test/target/test-classes:/workdir/hadoop-ozone/integration-test/target/classes:/home/user/.m2/repository/org/apache/hadoop/hadoop-ozone-common/0.5.0-SNAPSHOT/hadoop-ozone-common-0.5.0-SNAPSHOT.jar:/home/user/.m2/repository/org/apache/commons/commons-compress/1.4.1/commons-compress-1.4.1.jar:/home/user/.m2/repository/org/tukaani/xz/1.0/xz-1.0.jar:/home/user/.m2/repository/org/apache/hadoop/hadoop-common/3.2.0/hadoop-common-3.2.0.jar:/home/user/.m2/repository/org/apache/hadoop/hadoop-hdfs/3.2.0/hadoop-hdfs-3.2.0.jar:/home/user/.m2/repository/org/apache/hadoop/hadoop-hdfs-client/3.2.0/hadoop-hdfs-client-3.2.0.jar:/home/user/.m2/repository/com/fasterxml/jackson/core/jackson-annotations/2.9.9/jackson-annotations-2.9.9.jar:/home/user/.m2/repository/org/apache/hadoop/hadoop-hdds-common/0.5.0-SNAPSHOT/hadoop-hdds-common-0.5.0-SNAPSHOT.jar:/home/user/.m2/repository/javax/annotation/javax.annotation-api/1.2/javax.annotation-api-1.2.jar:/home/user/.m2/repository/org/apache/ratis/ratis-server/0.4.0/ratis-server-0.4.0.jar:/home/user/.m2/repository/org/apache/ratis/ratis-thirdparty-misc/0.2.0/ratis-thirdparty-misc-0.2.0.jar:/home/user/.m2/repository/org/apache/ratis/ratis-proto/0.4.0/ratis-proto-0.4.0.jar:/home/user/.m2/repository/org/apache/ratis/ratis-common/0.4.0/ratis-common-0.4.0.jar:/home/user/.m2/repository/org/apache/ratis/ratis-client/0.4.0/ratis-client-0.4.0.jar:/home/user/.m2/repository/org/apache/ratis/ratis-metrics/0.4.0/ratis-metrics-0.4.0.jar:/home/user/.m2/repository/com/github/joshelser/dropwizard-metrics-hadoop-metrics2-reporter/0.1.2/dropwizard-metrics-hadoop-metrics2-reporter-0.1.2.jar:/home/user/.m2/repository/io/dropwizard/metrics/metrics-jvm/3.2.5/metrics-jvm-3.2.5.jar:/home/user/.m2/repository/io/dropwizard/metrics/metrics-ganglia/3.2.5/metrics-ganglia-3.2.5.jar:/home/user/.m2/repository/info/ganglia/gmetric4j/gmetric4j/1.0.7/gmetric4j-1.0.7.jar:/home/user/.m2/repository/org/apache/ratis/ratis-netty/0.4.0/ratis-netty-0.4.0.jar:/home/user/.m2/repository/org/apache/ratis/ratis-grpc/0.4.0/ratis-grpc-0.4.0.jar:/home/user/.m2/repository/org/rocksdb/rocksdbjni/6.0.1/rocksdbjni-6.0.1.jar:/home/user/.m2/repository/org/apache/logging/log4j/log4j-api/2.11.0/log4j-api-2.11.0.jar:/home/user/.m2/repository/org/apache/logging/log4j/log4j-core/2.11.0/log4j-core-2.11.0.jar:/home/user/.m2/repository/com/lmax/disruptor/3.4.2/disruptor-3.4.2.jar:/home/user/.m2/repository/org/apache/commons/commons-pool2/2.6.0/commons-pool2-2.6.0.jar:/home/user/.m2/repository/org/bouncycastle/bcpkix-jdk15on/1.60/bcpkix-jdk15on-1.60.jar:/home/user/.m2/repository/commons-validator/commons-validator/1.6/commons-validator-1.6.jar:/home/user/.m2/repository/commons-digester/commons-digester/1.8.1/commons-digester-1.8.1.jar:/home/user/.m2/repository/io/jaegertracing/jaeger-client/0.33.1/jaeger-client-0.33.1.jar:/home/user/.m2/repository/io/jaegertracing/jaeger-thrift/0.33.1/jaeger-thrift-0.33.1.jar:/home/user/.m2/repository/org/apache/thrift/libthrift/0.11.0/libthrift-0.11.0.jar:/home/user/.m2/repository/com/squareup/okhttp3/okhttp/3.9.0/okhttp-3.9.0.jar:/home/user/.m2/repository/com/squareup/okio/okio/1.13.0/okio-1.13.0.jar:/home/user/.m2/repository/io/jaegertracing/jaeger-core/0.33.1/jaeger-core-0.33.1.jar:/home/user/.m2/repository/io/jaegertracing/jaeger-tracerresolver/0.33.1/jaeger-tracerresolver-0.33.1.jar:/home/user/.m2/repository/io/opentracing/contrib/opentracing-tracerresolver/0.1.5/opentracing-tracerresolver-0.1.5.jar:/home/user/.m2/repository/io/opentracing/opentracing-util/0.31.0/opentracing-util-0.31.0.jar:/home/user/.m2/repository/io/opentracing/opentracing-api/0.31.0/opentracing-api-0.31.0.jar:/home/user/.m2/repository/io/opentracing/opentracing-noop/0.31.0/opentracing-noop-0.31.0.jar:/home/user/.m2/repository/org/apache/hadoop/hadoop-hdds-server-framework/0.5.0-SNAPSHOT/hadoop-hdds-server-framework-0.5.0-SNAPSHOT.jar:/home/user/.m2/repository/org/apache/hadoop/hadoop-hdds-container-service/0.5.0-SNAPSHOT/hadoop-hdds-container-service-0.5.0-SNAPSHOT.jar:/home/user/.m2/repository/org/apache/hadoop/hadoop-hdds-client/0.5.0-SNAPSHOT/hadoop-hdds-client-0.5.0-SNAPSHOT.jar:/home/user/.m2/repository/org/apache/hadoop/hadoop-hdds-tools/0.5.0-SNAPSHOT/hadoop-hdds-tools-0.5.0-SNAPSHOT.jar:/home/user/.m2/repository/org/apache/hadoop/hadoop-hdds-server-scm/0.5.0-SNAPSHOT/hadoop-hdds-server-scm-0.5.0-SNAPSHOT.jar:/home/user/.m2/repository/org/apache/hadoop/hadoop-hdds-docs/0.5.0-SNAPSHOT/hadoop-hdds-docs-0.5.0-SNAPSHOT.jar:/home/user/.m2/repository/io/dropwizard/metrics/metrics-core/3.2.4/metrics-core-3.2.4.jar:/home/user/.m2/repository/org/hamcrest/hamcrest-all/1.3/hamcrest-all-1.3.jar:/home/user/.m2/repository/org/bouncycastle/bcprov-jdk15on/1.60/bcprov-jdk15on-1.60.jar:/home/user/.m2/repository/info/picocli/picocli/3.9.6/picocli-3.9.6.jar:/home/user/.m2/repository/com/google/protobuf/protobuf-java/2.5.0/protobuf-java-2.5.0.jar:/home/user/.m2/repository/com/google/guava/guava/11.0.2/guava-11.0.2.jar:/home/user/.m2/repository/org/apache/hadoop/hadoop-ozone-ozone-manager/0.5.0-SNAPSHOT/hadoop-ozone-ozone-manager-0.5.0-SNAPSHOT.jar:/home/user/.m2/repository/org/apache/hadoop/hadoop-minikdc/3.2.0/hadoop-minikdc-3.2.0.jar:/home/user/.m2/repository/commons-io/commons-io/2.5/commons-io-2.5.jar:/home/user/.m2/repository/org/apache/kerby/kerb-simplekdc/1.0.1/kerb-simplekdc-1.0.1.jar:/home/user/.m2/repository/org/apache/kerby/kerb-client/1.0.1/kerb-client-1.0.1.jar:/home/user/.m2/repository/org/apache/kerby/kerby-config/1.0.1/kerby-config-1.0.1.jar:/home/user/.m2/repository/org/apache/kerby/kerb-core/1.0.1/kerb-core-1.0.1.jar:/home/user/.m2/repository/org/apache/kerby/kerby-pkix/1.0.1/kerby-pkix-1.0.1.jar:/home/user/.m2/repository/org/apache/kerby/kerby-asn1/1.0.1/kerby-asn1-1.0.1.jar:/home/user/.m2/repository/org/apache/kerby/kerby-util/1.0.1/kerby-util-1.0.1.jar:/home/user/.m2/repository/org/apache/kerby/kerb-common/1.0.1/kerb-common-1.0.1.jar:/home/user/.m2/repository/org/apache/kerby/kerb-crypto/1.0.1/kerb-crypto-1.0.1.jar:/home/user/.m2/repository/org/apache/kerby/kerb-util/1.0.1/kerb-util-1.0.1.jar:/home/user/.m2/repository/org/apache/kerby/token-provider/1.0.1/token-provider-1.0.1.jar:/home/user/.m2/repository/org/apache/kerby/kerb-admin/1.0.1/kerb-admin-1.0.1.jar:/home/user/.m2/repository/org/apache/kerby/kerb-server/1.0.1/kerb-server-1.0.1.jar:/home/user/.m2/repository/org/apache/kerby/kerb-identity/1.0.1/kerb-identity-1.0.1.jar:/home/user/.m2/repository/org/apache/kerby/kerby-xdr/1.0.1/kerby-xdr-1.0.1.jar:/home/user/.m2/repository/org/slf4j/slf4j-log4j12/1.7.25/slf4j-log4j12-1.7.25.jar:/home/user/.m2/repository/org/apache/hadoop/hadoop-ozone-s3gateway/0.5.0-SNAPSHOT/hadoop-ozone-s3gateway-0.5.0-SNAPSHOT.jar:/home/user/.m2/repository/org/jboss/weld/servlet/weld-servlet/2.4.7.Final/weld-servlet-2.4.7.Final.jar:/home/user/.m2/repository/org/glassfish/jersey/containers/jersey-container-servlet-core/2.27/jersey-container-servlet-core-2.27.jar:/home/user/.m2/repository/org/glassfish/hk2/external/javax.inject/2.5.0-b42/javax.inject-2.5.0-b42.jar:/home/user/.m2/repository/org/glassfish/jersey/core/jersey-common/2.27/jersey-common-2.27.jar:/home/user/.m2/repository/org/glassfish/hk2/osgi-resource-locator/1.0.1/osgi-resource-locator-1.0.1.jar:/home/user/.m2/repository/javax/ws/rs/javax.ws.rs-api/2.1/javax.ws.rs-api-2.1.jar:/home/user/.m2/repository/org/glassfish/jersey/ext/cdi/jersey-cdi1x/2.27/jersey-cdi1x-2.27.jar:/home/user/.m2/repository/org/glassfish/jersey/inject/jersey-hk2/2.27/jersey-hk2-2.27.jar:/home/user/.m2/repository/org/glassfish/hk2/hk2-locator/2.5.0-b42/hk2-locator-2.5.0-b42.jar:/home/user/.m2/repository/org/javassist/javassist/3.22.0-CR2/javassist-3.22.0-CR2.jar:/home/user/.m2/repository/org/glassfish/hk2/hk2-api/2.5.0/hk2-api-2.5.0.jar:/home/user/.m2/repository/org/glassfish/hk2/external/jakarta.inject/2.5.0/jakarta.inject-2.5.0.jar:/home/user/.m2/repository/org/glassfish/hk2/hk2-utils/2.5.0/hk2-utils-2.5.0.jar:/home/user/.m2/repository/jakarta/annotation/jakarta.annotation-api/1.3.4/jakarta.annotation-api-1.3.4.jar:/home/user/.m2/repository/org/glassfish/hk2/external/aopalliance-repackaged/2.5.0/aopalliance-repackaged-2.5.0.jar:/home/user/.m2/repository/com/fasterxml/jackson/dataformat/jackson-dataformat-xml/2.9.0/jackson-dataformat-xml-2.9.0.jar:/home/user/.m2/repository/com/fasterxml/jackson/core/jackson-core/2.9.9/jackson-core-2.9.9.jar:/home/user/.m2/repository/com/fasterxml/jackson/module/jackson-module-jaxb-annotations/2.9.9/jackson-module-jaxb-annotations-2.9.9.jar:/home/user/.m2/repository/javax/enterprise/cdi-api/1.2/cdi-api-1.2.jar:/home/user/.m2/repository/javax/el/javax.el-api/3.0.0/javax.el-api-3.0.0.jar:/home/user/.m2/repository/javax/interceptor/javax.interceptor-api/1.2/javax.interceptor-api-1.2.jar:/home/user/.m2/repository/javax/inject/javax.inject/1/javax.inject-1.jar:/home/user/.m2/repository/com/sun/xml/bind/jaxb-impl/2.3.0.1/jaxb-impl-2.3.0.1.jar:/home/user/.m2/repository/com/sun/xml/bind/jaxb-core/2.3.0.1/jaxb-core-2.3.0.1.jar:/home/user/.m2/repository/javax/xml/bind/jaxb-api/2.3.0/jaxb-api-2.3.0.jar:/home/user/.m2/repository/javax/activation/activation/1.1.1/activation-1.1.1.jar:/home/user/.m2/repository/org/apache/hadoop/hadoop-ozone-csi/0.5.0-SNAPSHOT/hadoop-ozone-csi-0.5.0-SNAPSHOT.jar:/home/user/.m2/repository/com/google/protobuf/protobuf-java-util/3.5.1/protobuf-java-util-3.5.1.jar:/home/user/.m2/repository/org/apache/hadoop/hadoop-hdds-config/0.5.0-SNAPSHOT/hadoop-hdds-config-0.5.0-SNAPSHOT.jar:/home/user/.m2/repository/io/grpc/grpc-netty/1.17.1/grpc-netty-1.17.1.jar:/home/user/.m2/repository/io/grpc/grpc-core/1.17.1/grpc-core-1.17.1.jar:/home/user/.m2/repository/io/grpc/grpc-context/1.17.1/grpc-context-1.17.1.jar:/home/user/.m2/repository/com/google/errorprone/error_prone_annotations/2.2.0/error_prone_annotations-2.2.0.jar:/home/user/.m2/repository/org/codehaus/mojo/animal-sniffer-annotations/1.17/animal-sniffer-annotations-1.17.jar:/home/user/.m2/repository/io/opencensus/opencensus-api/0.17.0/opencensus-api-0.17.0.jar:/home/user/.m2/repository/io/opencensus/opencensus-contrib-grpc-metrics/0.17.0/opencensus-contrib-grpc-metrics-0.17.0.jar:/home/user/.m2/repository/io/netty/netty-codec-http2/4.1.30.Final/netty-codec-http2-4.1.30.Final.jar:/home/user/.m2/repository/io/netty/netty-codec-http/4.1.30.Final/netty-codec-http-4.1.30.Final.jar:/home/user/.m2/repository/io/netty/netty-codec/4.1.30.Final/netty-codec-4.1.30.Final.jar:/home/user/.m2/repository/io/netty/netty-handler/4.1.30.Final/netty-handler-4.1.30.Final.jar:/home/user/.m2/repository/io/netty/netty-handler-proxy/4.1.30.Final/netty-handler-proxy-4.1.30.Final.jar:/home/user/.m2/repository/io/netty/netty-codec-socks/4.1.30.Final/netty-codec-socks-4.1.30.Final.jar:/home/user/.m2/repository/io/netty/netty-transport-native-epoll/4.1.30.Final/netty-transport-native-epoll-4.1.30.Final.jar:/home/user/.m2/repository/io/netty/netty-common/4.1.30.Final/netty-common-4.1.30.Final.jar:/home/user/.m2/repository/io/netty/netty-buffer/4.1.30.Final/netty-buffer-4.1.30.Final.jar:/home/user/.m2/repository/io/netty/netty-transport/4.1.30.Final/netty-transport-4.1.30.Final.jar:/home/user/.m2/repository/io/netty/netty-resolver/4.1.30.Final/netty-resolver-4.1.30.Final.jar:/home/user/.m2/repository/io/netty/netty-transport-native-unix-common/4.1.30.Final/netty-transport-native-unix-common-4.1.30.Final.jar:/home/user/.m2/repository/io/grpc/grpc-protobuf/1.17.1/grpc-protobuf-1.17.1.jar:/home/user/.m2/repository/com/google/api/grpc/proto-google-common-protos/1.0.0/proto-google-common-protos-1.0.0.jar:/home/user/.m2/repository/io/grpc/grpc-protobuf-lite/1.17.1/grpc-protobuf-lite-1.17.1.jar:/home/user/.m2/repository/io/grpc/grpc-stub/1.17.1/grpc-stub-1.17.1.jar:/home/user/.m2/repository/org/apache/hadoop/hadoop-ozone-recon/0.5.0-SNAPSHOT/hadoop-ozone-recon-0.5.0-SNAPSHOT.jar:/home/user/.m2/repository/org/apache/hadoop/hadoop-ozone-reconcodegen/0.5.0-SNAPSHOT/hadoop-ozone-reconcodegen-0.5.0-SNAPSHOT.jar:/home/user/.m2/repository/com/google/inject/extensions/guice-multibindings/4.0/guice-multibindings-4.0.jar:/home/user/.m2/repository/com/google/inject/guice/4.0/guice-4.0.jar:/home/user/.m2/repository/aopalliance/aopalliance/1.0/aopalliance-1.0.jar:/home/user/.m2/repository/com/google/inject/extensions/guice-servlet/4.0/guice-servlet-4.0.jar:/home/user/.m2/repository/org/glassfish/jersey/containers/jersey-container-servlet/2.27/jersey-container-servlet-2.27.jar:/home/user/.m2/repository/org/glassfish/hk2/guice-bridge/2.5.0/guice-bridge-2.5.0.jar:/home/user/.m2/repository/org/glassfish/jersey/core/jersey-server/2.27/jersey-server-2.27.jar:/home/user/.m2/repository/org/glassfish/jersey/core/jersey-client/2.27/jersey-client-2.27.jar:/home/user/.m2/repository/org/glassfish/jersey/media/jersey-media-jaxb/2.27/jersey-media-jaxb-2.27.jar:/home/user/.m2/repository/javax/validation/validation-api/1.1.0.Final/validation-api-1.1.0.Final.jar:/home/user/.m2/repository/org/glassfish/jersey/media/jersey-media-json-jackson/2.27/jersey-media-json-jackson-2.27.jar:/home/user/.m2/repository/org/glassfish/jersey/ext/jersey-entity-filtering/2.27/jersey-entity-filtering-2.27.jar:/home/user/.m2/repository/com/google/inject/extensions/guice-assistedinject/4.0/guice-assistedinject-4.0.jar:/home/user/.m2/repository/org/jooq/jooq/3.11.10/jooq-3.11.10.jar:/home/user/.m2/repository/org/jooq/jooq-meta/3.11.10/jooq-meta-3.11.10.jar:/home/user/.m2/repository/org/jooq/jooq-codegen/3.11.10/jooq-codegen-3.11.10.jar:/home/user/.m2/repository/com/jolbox/bonecp/0.8.0.RELEASE/bonecp-0.8.0.RELEASE.jar:/home/user/.m2/repository/org/xerial/sqlite-jdbc/3.25.2/sqlite-jdbc-3.25.2.jar:/home/user/.m2/repository/org/springframework/spring-jdbc/5.1.3.RELEASE/spring-jdbc-5.1.3.RELEASE.jar:/home/user/.m2/repository/org/springframework/spring-beans/5.1.3.RELEASE/spring-beans-5.1.3.RELEASE.jar:/home/user/.m2/repository/org/springframework/spring-core/5.1.3.RELEASE/spring-core-5.1.3.RELEASE.jar:/home/user/.m2/repository/org/springframework/spring-jcl/5.1.3.RELEASE/spring-jcl-5.1.3.RELEASE.jar:/home/user/.m2/repository/org/springframework/spring-tx/5.1.3.RELEASE/spring-tx-5.1.3.RELEASE.jar:/home/user/.m2/repository/org/apache/hadoop/hadoop-ozone-client/0.5.0-SNAPSHOT/hadoop-ozone-client-0.5.0-SNAPSHOT.jar:/home/user/.m2/repository/commons-lang/commons-lang/2.6/commons-lang-2.6.jar:/home/user/.m2/repository/org/apache/hadoop/hadoop-ozone-ozone-manager/0.5.0-SNAPSHOT/hadoop-ozone-ozone-manager-0.5.0-SNAPSHOT-tests.jar:/home/user/.m2/repository/junit/junit/4.11/junit-4.11.jar:/home/user/.m2/repository/org/hamcrest/hamcrest-core/1.3/hamcrest-core-1.3.jar:/home/user/.m2/repository/org/openjdk/jmh/jmh-core/1.19/jmh-core-1.19.jar:/home/user/.m2/repository/net/sf/jopt-simple/jopt-simple/4.6/jopt-simple-4.6.jar:/home/user/.m2/repository/org/apache/commons/commons-math3/3.1.1/commons-math3-3.1.1.jar:/home/user/.m2/repository/org/openjdk/jmh/jmh-generator-annprocess/1.19/jmh-generator-annprocess-1.19.jar:/home/user/.m2/repository/org/mockito/mockito-all/1.8.5/mockito-all-1.8.5.jar:/home/user/.m2/repository/org/apache/hadoop/hadoop-kms/3.2.0/hadoop-kms-3.2.0.jar:/home/user/.m2/repository/org/apache/hadoop/hadoop-auth/3.2.0/hadoop-auth-3.2.0.jar:/home/user/.m2/repository/com/nimbusds/nimbus-jose-jwt/4.41.1/nimbus-jose-jwt-4.41.1.jar:/home/user/.m2/repository/com/github/stephenc/jcip/jcip-annotations/1.0-1/jcip-annotations-1.0-1.jar:/home/user/.m2/repository/net/minidev/json-smart/2.3/json-smart-2.3.jar:/home/user/.m2/repository/net/minidev/accessors-smart/1.2/accessors-smart-1.2.jar:/home/user/.m2/repository/org/ow2/asm/asm/5.0.4/asm-5.0.4.jar:/home/user/.m2/repository/org/apache/curator/curator-framework/2.12.0/curator-framework-2.12.0.jar:/home/user/.m2/repository/com/sun/jersey/jersey-core/1.19/jersey-core-1.19.jar:/home/user/.m2/repository/javax/ws/rs/jsr311-api/1.1.1/jsr311-api-1.1.1.jar:/home/user/.m2/repository/com/sun/jersey/jersey-server/1.19/jersey-server-1.19.jar:/home/user/.m2/repository/javax/servlet/javax.servlet-api/3.1.0/javax.servlet-api-3.1.0.jar:/home/user/.m2/repository/org/eclipse/jetty/jetty-server/9.3.24.v20180605/jetty-server-9.3.24.v20180605.jar:/home/user/.m2/repository/org/eclipse/jetty/jetty-http/9.3.24.v20180605/jetty-http-9.3.24.v20180605.jar:/home/user/.m2/repository/org/eclipse/jetty/jetty-io/9.3.24.v20180605/jetty-io-9.3.24.v20180605.jar:/home/user/.m2/repository/org/eclipse/jetty/jetty-webapp/9.3.24.v20180605/jetty-webapp-9.3.24.v20180605.jar:/home/user/.m2/repository/org/eclipse/jetty/jetty-xml/9.3.24.v20180605/jetty-xml-9.3.24.v20180605.jar:/home/user/.m2/repository/log4j/log4j/1.2.17/log4j-1.2.17.jar:/home/user/.m2/repository/org/slf4j/slf4j-api/1.7.25/slf4j-api-1.7.25.jar:/home/user/.m2/repository/org/slf4j/jul-to-slf4j/1.7.25/jul-to-slf4j-1.7.25.jar:/home/user/.m2/repository/org/eclipse/jetty/jetty-util/9.3.24.v20180605/jetty-util-9.3.24.v20180605.jar:/home/user/.m2/repository/com/fasterxml/jackson/core/jackson-databind/2.9.9/jackson-databind-2.9.9.jar:/home/user/.m2/repository/org/apache/hadoop/hadoop-kms/3.2.0/hadoop-kms-3.2.0-tests.jar:/home/user/.m2/repository/org/apache/hadoop/hadoop-hdds-server-scm/0.5.0-SNAPSHOT/hadoop-hdds-server-scm-0.5.0-SNAPSHOT-tests.jar:/home/user/.m2/repository/org/apache/hadoop/hadoop-hdds-container-service/0.5.0-SNAPSHOT/hadoop-hdds-container-service-0.5.0-SNAPSHOT-tests.jar:/home/user/.m2/repository/org/yaml/snakeyaml/1.16/snakeyaml-1.16.jar:/home/user/.m2/repository/org/apache/hadoop/hadoop-common/3.2.0/hadoop-common-3.2.0-tests.jar:/home/user/.m2/repository/org/apache/hadoop/hadoop-annotations/3.2.0/hadoop-annotations-3.2.0.jar:/usr/lib/jvm/java-1.8-openjdk/jre/../lib/tools.jar:/home/user/.m2/repository/commons-cli/commons-cli/1.2/commons-cli-1.2.jar:/home/user/.m2/repository/org/apache/httpcomponents/httpclient/4.5.2/httpclient-4.5.2.jar:/home/user/.m2/repository/org/apache/httpcomponents/httpcore/4.4.4/httpcore-4.4.4.jar:/home/user/.m2/repository/commons-codec/commons-codec/1.11/commons-codec-1.11.jar:/home/user/.m2/repository/commons-net/commons-net/3.6/commons-net-3.6.jar:/home/user/.m2/repository/commons-collections/commons-collections/3.2.2/commons-collections-3.2.2.jar:/home/user/.m2/repository/org/eclipse/jetty/jetty-servlet/9.3.24.v20180605/jetty-servlet-9.3.24.v20180605.jar:/home/user/.m2/repository/org/eclipse/jetty/jetty-security/9.3.24.v20180605/jetty-security-9.3.24.v20180605.jar:/home/user/.m2/repository/javax/servlet/jsp/jsp-api/2.1/jsp-api-2.1.jar:/home/user/.m2/repository/com/sun/jersey/jersey-servlet/1.19/jersey-servlet-1.19.jar:/home/user/.m2/repository/com/sun/jersey/jersey-json/1.19/jersey-json-1.19.jar:/home/user/.m2/repository/org/codehaus/jettison/jettison/1.1/jettison-1.1.jar:/home/user/.m2/repository/org/codehaus/jackson/jackson-core-asl/1.9.13/jackson-core-asl-1.9.13.jar:/home/user/.m2/repository/org/codehaus/jackson/jackson-mapper-asl/1.9.13/jackson-mapper-asl-1.9.13.jar:/home/user/.m2/repository/org/codehaus/jackson/jackson-jaxrs/1.9.13/jackson-jaxrs-1.9.13.jar:/home/user/.m2/repository/org/codehaus/jackson/jackson-xc/1.9.13/jackson-xc-1.9.13.jar:/home/user/.m2/repository/commons-logging/commons-logging/1.1.3/commons-logging-1.1.3.jar:/home/user/.m2/repository/commons-beanutils/commons-beanutils/1.9.4/commons-beanutils-1.9.4.jar:/home/user/.m2/repository/org/apache/commons/commons-configuration2/2.1.1/commons-configuration2-2.1.1.jar:/home/user/.m2/repository/org/apache/commons/commons-lang3/3.7/commons-lang3-3.7.jar:/home/user/.m2/repository/org/apache/commons/commons-text/1.4/commons-text-1.4.jar:/home/user/.m2/repository/org/apache/avro/avro/1.7.7/avro-1.7.7.jar:/home/user/.m2/repository/com/thoughtworks/paranamer/paranamer/2.3/paranamer-2.3.jar:/home/user/.m2/repository/org/xerial/snappy/snappy-java/1.0.5/snappy-java-1.0.5.jar:/home/user/.m2/repository/com/google/re2j/re2j/1.1/re2j-1.1.jar:/home/user/.m2/repository/com/google/code/gson/gson/2.2.4/gson-2.2.4.jar:/home/user/.m2/repository/com/jcraft/jsch/0.1.54/jsch-0.1.54.jar:/home/user/.m2/repository/org/apache/curator/curator-client/2.12.0/curator-client-2.12.0.jar:/home/user/.m2/repository/org/apache/curator/curator-recipes/2.12.0/curator-recipes-2.12.0.jar:/home/user/.m2/repository/com/google/code/findbugs/jsr305/3.0.0/jsr305-3.0.0.jar:/home/user/.m2/repository/org/apache/htrace/htrace-core4/4.1.0-incubating/htrace-core4-4.1.0-incubating.jar:/home/user/.m2/repository/org/apache/zookeeper/zookeeper/3.4.13/zookeeper-3.4.13.jar:/home/user/.m2/repository/org/apache/yetus/audience-annotations/0.5.0/audience-annotations-0.5.0.jar:/home/user/.m2/repository/org/codehaus/woodstox/stax2-api/3.1.4/stax2-api-3.1.4.jar:/home/user/.m2/repository/com/fasterxml/woodstox/woodstox-core/5.0.3/woodstox-core-5.0.3.jar:/home/user/.m2/repository/dnsjava/dnsjava/2.1.7/dnsjava-2.1.7.jar:/home/user/.m2/repository/org/apache/hadoop/hadoop-hdfs/3.2.0/hadoop-hdfs-3.2.0-tests.jar:/home/user/.m2/repository/org/eclipse/jetty/jetty-util-ajax/9.3.24.v20180605/jetty-util-ajax-9.3.24.v20180605.jar:/home/user/.m2/repository/commons-daemon/commons-daemon/1.0.13/commons-daemon-1.0.13.jar:/home/user/.m2/repository/io/netty/netty/3.10.5.Final/netty-3.10.5.Final.jar:/home/user/.m2/repository/io/netty/netty-all/4.0.52.Final/netty-all-4.0.52.Final.jar:/home/user/.m2/repository/org/fusesource/leveldbjni/leveldbjni-all/1.8/leveldbjni-all-1.8.jar:"/>
    <property name="java.vm.vendor" value="IcedTea"/>
    <property name="sun.arch.data.model" value="64"/>
    <property name="test.build.dir" value="/workdir/hadoop-ozone/integration-test/target/test-dir"/>
    <property name="test.cache.data" value=""/>
    <property name="java.vendor.url" value="https://icedtea.classpath.org"/>
    <property name="user.timezone" value=""/>
    <property name="java.vm.specification.version" value="1.8"/>
    <property name="os.name" value="Linux"/>
    <property name="test.build.data" value="/workdir/hadoop-ozone/integration-test/target/test-dir"/>
    <property name="user.country" value="US"/>
    <property name="sun.java.launcher" value="SUN_STANDARD"/>
    <property name="sun.boot.library.path" value="/usr/lib/jvm/java-1.8-openjdk/jre/lib/amd64"/>
    <property name="sun.java.command" value="/workdir/hadoop-ozone/integration-test/target/surefire/surefirebooter1443585485105763310.jar /workdir/hadoop-ozone/integration-test/target/surefire 2019-09-21T02-44-34_314-jvmRun1 surefire2273344643446329035tmp surefire_65937608697587483135tmp"/>
    <property name="test" value="!TestMiniChaosOzoneCluster"/>
    <property name="surefire.test.class.path" value="/workdir/hadoop-ozone/integration-test/target/test-classes:/workdir/hadoop-ozone/integration-test/target/classes:/home/user/.m2/repository/org/apache/hadoop/hadoop-ozone-common/0.5.0-SNAPSHOT/hadoop-ozone-common-0.5.0-SNAPSHOT.jar:/home/user/.m2/repository/org/apache/commons/commons-compress/1.4.1/commons-compress-1.4.1.jar:/home/user/.m2/repository/org/tukaani/xz/1.0/xz-1.0.jar:/home/user/.m2/repository/org/apache/hadoop/hadoop-common/3.2.0/hadoop-common-3.2.0.jar:/home/user/.m2/repository/org/apache/hadoop/hadoop-hdfs/3.2.0/hadoop-hdfs-3.2.0.jar:/home/user/.m2/repository/org/apache/hadoop/hadoop-hdfs-client/3.2.0/hadoop-hdfs-client-3.2.0.jar:/home/user/.m2/repository/com/fasterxml/jackson/core/jackson-annotations/2.9.9/jackson-annotations-2.9.9.jar:/home/user/.m2/repository/org/apache/hadoop/hadoop-hdds-common/0.5.0-SNAPSHOT/hadoop-hdds-common-0.5.0-SNAPSHOT.jar:/home/user/.m2/repository/javax/annotation/javax.annotation-api/1.2/javax.annotation-api-1.2.jar:/home/user/.m2/repository/org/apache/ratis/ratis-server/0.4.0/ratis-server-0.4.0.jar:/home/user/.m2/repository/org/apache/ratis/ratis-thirdparty-misc/0.2.0/ratis-thirdparty-misc-0.2.0.jar:/home/user/.m2/repository/org/apache/ratis/ratis-proto/0.4.0/ratis-proto-0.4.0.jar:/home/user/.m2/repository/org/apache/ratis/ratis-common/0.4.0/ratis-common-0.4.0.jar:/home/user/.m2/repository/org/apache/ratis/ratis-client/0.4.0/ratis-client-0.4.0.jar:/home/user/.m2/repository/org/apache/ratis/ratis-metrics/0.4.0/ratis-metrics-0.4.0.jar:/home/user/.m2/repository/com/github/joshelser/dropwizard-metrics-hadoop-metrics2-reporter/0.1.2/dropwizard-metrics-hadoop-metrics2-reporter-0.1.2.jar:/home/user/.m2/repository/io/dropwizard/metrics/metrics-jvm/3.2.5/metrics-jvm-3.2.5.jar:/home/user/.m2/repository/io/dropwizard/metrics/metrics-ganglia/3.2.5/metrics-ganglia-3.2.5.jar:/home/user/.m2/repository/info/ganglia/gmetric4j/gmetric4j/1.0.7/gmetric4j-1.0.7.jar:/home/user/.m2/repository/org/apache/ratis/ratis-netty/0.4.0/ratis-netty-0.4.0.jar:/home/user/.m2/repository/org/apache/ratis/ratis-grpc/0.4.0/ratis-grpc-0.4.0.jar:/home/user/.m2/repository/org/rocksdb/rocksdbjni/6.0.1/rocksdbjni-6.0.1.jar:/home/user/.m2/repository/org/apache/logging/log4j/log4j-api/2.11.0/log4j-api-2.11.0.jar:/home/user/.m2/repository/org/apache/logging/log4j/log4j-core/2.11.0/log4j-core-2.11.0.jar:/home/user/.m2/repository/com/lmax/disruptor/3.4.2/disruptor-3.4.2.jar:/home/user/.m2/repository/org/apache/commons/commons-pool2/2.6.0/commons-pool2-2.6.0.jar:/home/user/.m2/repository/org/bouncycastle/bcpkix-jdk15on/1.60/bcpkix-jdk15on-1.60.jar:/home/user/.m2/repository/commons-validator/commons-validator/1.6/commons-validator-1.6.jar:/home/user/.m2/repository/commons-digester/commons-digester/1.8.1/commons-digester-1.8.1.jar:/home/user/.m2/repository/io/jaegertracing/jaeger-client/0.33.1/jaeger-client-0.33.1.jar:/home/user/.m2/repository/io/jaegertracing/jaeger-thrift/0.33.1/jaeger-thrift-0.33.1.jar:/home/user/.m2/repository/org/apache/thrift/libthrift/0.11.0/libthrift-0.11.0.jar:/home/user/.m2/repository/com/squareup/okhttp3/okhttp/3.9.0/okhttp-3.9.0.jar:/home/user/.m2/repository/com/squareup/okio/okio/1.13.0/okio-1.13.0.jar:/home/user/.m2/repository/io/jaegertracing/jaeger-core/0.33.1/jaeger-core-0.33.1.jar:/home/user/.m2/repository/io/jaegertracing/jaeger-tracerresolver/0.33.1/jaeger-tracerresolver-0.33.1.jar:/home/user/.m2/repository/io/opentracing/contrib/opentracing-tracerresolver/0.1.5/opentracing-tracerresolver-0.1.5.jar:/home/user/.m2/repository/io/opentracing/opentracing-util/0.31.0/opentracing-util-0.31.0.jar:/home/user/.m2/repository/io/opentracing/opentracing-api/0.31.0/opentracing-api-0.31.0.jar:/home/user/.m2/repository/io/opentracing/opentracing-noop/0.31.0/opentracing-noop-0.31.0.jar:/home/user/.m2/repository/org/apache/hadoop/hadoop-hdds-server-framework/0.5.0-SNAPSHOT/hadoop-hdds-server-framework-0.5.0-SNAPSHOT.jar:/home/user/.m2/repository/org/apache/hadoop/hadoop-hdds-container-service/0.5.0-SNAPSHOT/hadoop-hdds-container-service-0.5.0-SNAPSHOT.jar:/home/user/.m2/repository/org/apache/hadoop/hadoop-hdds-client/0.5.0-SNAPSHOT/hadoop-hdds-client-0.5.0-SNAPSHOT.jar:/home/user/.m2/repository/org/apache/hadoop/hadoop-hdds-tools/0.5.0-SNAPSHOT/hadoop-hdds-tools-0.5.0-SNAPSHOT.jar:/home/user/.m2/repository/org/apache/hadoop/hadoop-hdds-server-scm/0.5.0-SNAPSHOT/hadoop-hdds-server-scm-0.5.0-SNAPSHOT.jar:/home/user/.m2/repository/org/apache/hadoop/hadoop-hdds-docs/0.5.0-SNAPSHOT/hadoop-hdds-docs-0.5.0-SNAPSHOT.jar:/home/user/.m2/repository/io/dropwizard/metrics/metrics-core/3.2.4/metrics-core-3.2.4.jar:/home/user/.m2/repository/org/hamcrest/hamcrest-all/1.3/hamcrest-all-1.3.jar:/home/user/.m2/repository/org/bouncycastle/bcprov-jdk15on/1.60/bcprov-jdk15on-1.60.jar:/home/user/.m2/repository/info/picocli/picocli/3.9.6/picocli-3.9.6.jar:/home/user/.m2/repository/com/google/protobuf/protobuf-java/2.5.0/protobuf-java-2.5.0.jar:/home/user/.m2/repository/com/google/guava/guava/11.0.2/guava-11.0.2.jar:/home/user/.m2/repository/org/apache/hadoop/hadoop-ozone-ozone-manager/0.5.0-SNAPSHOT/hadoop-ozone-ozone-manager-0.5.0-SNAPSHOT.jar:/home/user/.m2/repository/org/apache/hadoop/hadoop-minikdc/3.2.0/hadoop-minikdc-3.2.0.jar:/home/user/.m2/repository/commons-io/commons-io/2.5/commons-io-2.5.jar:/home/user/.m2/repository/org/apache/kerby/kerb-simplekdc/1.0.1/kerb-simplekdc-1.0.1.jar:/home/user/.m2/repository/org/apache/kerby/kerb-client/1.0.1/kerb-client-1.0.1.jar:/home/user/.m2/repository/org/apache/kerby/kerby-config/1.0.1/kerby-config-1.0.1.jar:/home/user/.m2/repository/org/apache/kerby/kerb-core/1.0.1/kerb-core-1.0.1.jar:/home/user/.m2/repository/org/apache/kerby/kerby-pkix/1.0.1/kerby-pkix-1.0.1.jar:/home/user/.m2/repository/org/apache/kerby/kerby-asn1/1.0.1/kerby-asn1-1.0.1.jar:/home/user/.m2/repository/org/apache/kerby/kerby-util/1.0.1/kerby-util-1.0.1.jar:/home/user/.m2/repository/org/apache/kerby/kerb-common/1.0.1/kerb-common-1.0.1.jar:/home/user/.m2/repository/org/apache/kerby/kerb-crypto/1.0.1/kerb-crypto-1.0.1.jar:/home/user/.m2/repository/org/apache/kerby/kerb-util/1.0.1/kerb-util-1.0.1.jar:/home/user/.m2/repository/org/apache/kerby/token-provider/1.0.1/token-provider-1.0.1.jar:/home/user/.m2/repository/org/apache/kerby/kerb-admin/1.0.1/kerb-admin-1.0.1.jar:/home/user/.m2/repository/org/apache/kerby/kerb-server/1.0.1/kerb-server-1.0.1.jar:/home/user/.m2/repository/org/apache/kerby/kerb-identity/1.0.1/kerb-identity-1.0.1.jar:/home/user/.m2/repository/org/apache/kerby/kerby-xdr/1.0.1/kerby-xdr-1.0.1.jar:/home/user/.m2/repository/org/slf4j/slf4j-log4j12/1.7.25/slf4j-log4j12-1.7.25.jar:/home/user/.m2/repository/org/apache/hadoop/hadoop-ozone-s3gateway/0.5.0-SNAPSHOT/hadoop-ozone-s3gateway-0.5.0-SNAPSHOT.jar:/home/user/.m2/repository/org/jboss/weld/servlet/weld-servlet/2.4.7.Final/weld-servlet-2.4.7.Final.jar:/home/user/.m2/repository/org/glassfish/jersey/containers/jersey-container-servlet-core/2.27/jersey-container-servlet-core-2.27.jar:/home/user/.m2/repository/org/glassfish/hk2/external/javax.inject/2.5.0-b42/javax.inject-2.5.0-b42.jar:/home/user/.m2/repository/org/glassfish/jersey/core/jersey-common/2.27/jersey-common-2.27.jar:/home/user/.m2/repository/org/glassfish/hk2/osgi-resource-locator/1.0.1/osgi-resource-locator-1.0.1.jar:/home/user/.m2/repository/javax/ws/rs/javax.ws.rs-api/2.1/javax.ws.rs-api-2.1.jar:/home/user/.m2/repository/org/glassfish/jersey/ext/cdi/jersey-cdi1x/2.27/jersey-cdi1x-2.27.jar:/home/user/.m2/repository/org/glassfish/jersey/inject/jersey-hk2/2.27/jersey-hk2-2.27.jar:/home/user/.m2/repository/org/glassfish/hk2/hk2-locator/2.5.0-b42/hk2-locator-2.5.0-b42.jar:/home/user/.m2/repository/org/javassist/javassist/3.22.0-CR2/javassist-3.22.0-CR2.jar:/home/user/.m2/repository/org/glassfish/hk2/hk2-api/2.5.0/hk2-api-2.5.0.jar:/home/user/.m2/repository/org/glassfish/hk2/external/jakarta.inject/2.5.0/jakarta.inject-2.5.0.jar:/home/user/.m2/repository/org/glassfish/hk2/hk2-utils/2.5.0/hk2-utils-2.5.0.jar:/home/user/.m2/repository/jakarta/annotation/jakarta.annotation-api/1.3.4/jakarta.annotation-api-1.3.4.jar:/home/user/.m2/repository/org/glassfish/hk2/external/aopalliance-repackaged/2.5.0/aopalliance-repackaged-2.5.0.jar:/home/user/.m2/repository/com/fasterxml/jackson/dataformat/jackson-dataformat-xml/2.9.0/jackson-dataformat-xml-2.9.0.jar:/home/user/.m2/repository/com/fasterxml/jackson/core/jackson-core/2.9.9/jackson-core-2.9.9.jar:/home/user/.m2/repository/com/fasterxml/jackson/module/jackson-module-jaxb-annotations/2.9.9/jackson-module-jaxb-annotations-2.9.9.jar:/home/user/.m2/repository/javax/enterprise/cdi-api/1.2/cdi-api-1.2.jar:/home/user/.m2/repository/javax/el/javax.el-api/3.0.0/javax.el-api-3.0.0.jar:/home/user/.m2/repository/javax/interceptor/javax.interceptor-api/1.2/javax.interceptor-api-1.2.jar:/home/user/.m2/repository/javax/inject/javax.inject/1/javax.inject-1.jar:/home/user/.m2/repository/com/sun/xml/bind/jaxb-impl/2.3.0.1/jaxb-impl-2.3.0.1.jar:/home/user/.m2/repository/com/sun/xml/bind/jaxb-core/2.3.0.1/jaxb-core-2.3.0.1.jar:/home/user/.m2/repository/javax/xml/bind/jaxb-api/2.3.0/jaxb-api-2.3.0.jar:/home/user/.m2/repository/javax/activation/activation/1.1.1/activation-1.1.1.jar:/home/user/.m2/repository/org/apache/hadoop/hadoop-ozone-csi/0.5.0-SNAPSHOT/hadoop-ozone-csi-0.5.0-SNAPSHOT.jar:/home/user/.m2/repository/com/google/protobuf/protobuf-java-util/3.5.1/protobuf-java-util-3.5.1.jar:/home/user/.m2/repository/org/apache/hadoop/hadoop-hdds-config/0.5.0-SNAPSHOT/hadoop-hdds-config-0.5.0-SNAPSHOT.jar:/home/user/.m2/repository/io/grpc/grpc-netty/1.17.1/grpc-netty-1.17.1.jar:/home/user/.m2/repository/io/grpc/grpc-core/1.17.1/grpc-core-1.17.1.jar:/home/user/.m2/repository/io/grpc/grpc-context/1.17.1/grpc-context-1.17.1.jar:/home/user/.m2/repository/com/google/errorprone/error_prone_annotations/2.2.0/error_prone_annotations-2.2.0.jar:/home/user/.m2/repository/org/codehaus/mojo/animal-sniffer-annotations/1.17/animal-sniffer-annotations-1.17.jar:/home/user/.m2/repository/io/opencensus/opencensus-api/0.17.0/opencensus-api-0.17.0.jar:/home/user/.m2/repository/io/opencensus/opencensus-contrib-grpc-metrics/0.17.0/opencensus-contrib-grpc-metrics-0.17.0.jar:/home/user/.m2/repository/io/netty/netty-codec-http2/4.1.30.Final/netty-codec-http2-4.1.30.Final.jar:/home/user/.m2/repository/io/netty/netty-codec-http/4.1.30.Final/netty-codec-http-4.1.30.Final.jar:/home/user/.m2/repository/io/netty/netty-codec/4.1.30.Final/netty-codec-4.1.30.Final.jar:/home/user/.m2/repository/io/netty/netty-handler/4.1.30.Final/netty-handler-4.1.30.Final.jar:/home/user/.m2/repository/io/netty/netty-handler-proxy/4.1.30.Final/netty-handler-proxy-4.1.30.Final.jar:/home/user/.m2/repository/io/netty/netty-codec-socks/4.1.30.Final/netty-codec-socks-4.1.30.Final.jar:/home/user/.m2/repository/io/netty/netty-transport-native-epoll/4.1.30.Final/netty-transport-native-epoll-4.1.30.Final.jar:/home/user/.m2/repository/io/netty/netty-common/4.1.30.Final/netty-common-4.1.30.Final.jar:/home/user/.m2/repository/io/netty/netty-buffer/4.1.30.Final/netty-buffer-4.1.30.Final.jar:/home/user/.m2/repository/io/netty/netty-transport/4.1.30.Final/netty-transport-4.1.30.Final.jar:/home/user/.m2/repository/io/netty/netty-resolver/4.1.30.Final/netty-resolver-4.1.30.Final.jar:/home/user/.m2/repository/io/netty/netty-transport-native-unix-common/4.1.30.Final/netty-transport-native-unix-common-4.1.30.Final.jar:/home/user/.m2/repository/io/grpc/grpc-protobuf/1.17.1/grpc-protobuf-1.17.1.jar:/home/user/.m2/repository/com/google/api/grpc/proto-google-common-protos/1.0.0/proto-google-common-protos-1.0.0.jar:/home/user/.m2/repository/io/grpc/grpc-protobuf-lite/1.17.1/grpc-protobuf-lite-1.17.1.jar:/home/user/.m2/repository/io/grpc/grpc-stub/1.17.1/grpc-stub-1.17.1.jar:/home/user/.m2/repository/org/apache/hadoop/hadoop-ozone-recon/0.5.0-SNAPSHOT/hadoop-ozone-recon-0.5.0-SNAPSHOT.jar:/home/user/.m2/repository/org/apache/hadoop/hadoop-ozone-reconcodegen/0.5.0-SNAPSHOT/hadoop-ozone-reconcodegen-0.5.0-SNAPSHOT.jar:/home/user/.m2/repository/com/google/inject/extensions/guice-multibindings/4.0/guice-multibindings-4.0.jar:/home/user/.m2/repository/com/google/inject/guice/4.0/guice-4.0.jar:/home/user/.m2/repository/aopalliance/aopalliance/1.0/aopalliance-1.0.jar:/home/user/.m2/repository/com/google/inject/extensions/guice-servlet/4.0/guice-servlet-4.0.jar:/home/user/.m2/repository/org/glassfish/jersey/containers/jersey-container-servlet/2.27/jersey-container-servlet-2.27.jar:/home/user/.m2/repository/org/glassfish/hk2/guice-bridge/2.5.0/guice-bridge-2.5.0.jar:/home/user/.m2/repository/org/glassfish/jersey/core/jersey-server/2.27/jersey-server-2.27.jar:/home/user/.m2/repository/org/glassfish/jersey/core/jersey-client/2.27/jersey-client-2.27.jar:/home/user/.m2/repository/org/glassfish/jersey/media/jersey-media-jaxb/2.27/jersey-media-jaxb-2.27.jar:/home/user/.m2/repository/javax/validation/validation-api/1.1.0.Final/validation-api-1.1.0.Final.jar:/home/user/.m2/repository/org/glassfish/jersey/media/jersey-media-json-jackson/2.27/jersey-media-json-jackson-2.27.jar:/home/user/.m2/repository/org/glassfish/jersey/ext/jersey-entity-filtering/2.27/jersey-entity-filtering-2.27.jar:/home/user/.m2/repository/com/google/inject/extensions/guice-assistedinject/4.0/guice-assistedinject-4.0.jar:/home/user/.m2/repository/org/jooq/jooq/3.11.10/jooq-3.11.10.jar:/home/user/.m2/repository/org/jooq/jooq-meta/3.11.10/jooq-meta-3.11.10.jar:/home/user/.m2/repository/org/jooq/jooq-codegen/3.11.10/jooq-codegen-3.11.10.jar:/home/user/.m2/repository/com/jolbox/bonecp/0.8.0.RELEASE/bonecp-0.8.0.RELEASE.jar:/home/user/.m2/repository/org/xerial/sqlite-jdbc/3.25.2/sqlite-jdbc-3.25.2.jar:/home/user/.m2/repository/org/springframework/spring-jdbc/5.1.3.RELEASE/spring-jdbc-5.1.3.RELEASE.jar:/home/user/.m2/repository/org/springframework/spring-beans/5.1.3.RELEASE/spring-beans-5.1.3.RELEASE.jar:/home/user/.m2/repository/org/springframework/spring-core/5.1.3.RELEASE/spring-core-5.1.3.RELEASE.jar:/home/user/.m2/repository/org/springframework/spring-jcl/5.1.3.RELEASE/spring-jcl-5.1.3.RELEASE.jar:/home/user/.m2/repository/org/springframework/spring-tx/5.1.3.RELEASE/spring-tx-5.1.3.RELEASE.jar:/home/user/.m2/repository/org/apache/hadoop/hadoop-ozone-client/0.5.0-SNAPSHOT/hadoop-ozone-client-0.5.0-SNAPSHOT.jar:/home/user/.m2/repository/commons-lang/commons-lang/2.6/commons-lang-2.6.jar:/home/user/.m2/repository/org/apache/hadoop/hadoop-ozone-ozone-manager/0.5.0-SNAPSHOT/hadoop-ozone-ozone-manager-0.5.0-SNAPSHOT-tests.jar:/home/user/.m2/repository/junit/junit/4.11/junit-4.11.jar:/home/user/.m2/repository/org/hamcrest/hamcrest-core/1.3/hamcrest-core-1.3.jar:/home/user/.m2/repository/org/openjdk/jmh/jmh-core/1.19/jmh-core-1.19.jar:/home/user/.m2/repository/net/sf/jopt-simple/jopt-simple/4.6/jopt-simple-4.6.jar:/home/user/.m2/repository/org/apache/commons/commons-math3/3.1.1/commons-math3-3.1.1.jar:/home/user/.m2/repository/org/openjdk/jmh/jmh-generator-annprocess/1.19/jmh-generator-annprocess-1.19.jar:/home/user/.m2/repository/org/mockito/mockito-all/1.8.5/mockito-all-1.8.5.jar:/home/user/.m2/repository/org/apache/hadoop/hadoop-kms/3.2.0/hadoop-kms-3.2.0.jar:/home/user/.m2/repository/org/apache/hadoop/hadoop-auth/3.2.0/hadoop-auth-3.2.0.jar:/home/user/.m2/repository/com/nimbusds/nimbus-jose-jwt/4.41.1/nimbus-jose-jwt-4.41.1.jar:/home/user/.m2/repository/com/github/stephenc/jcip/jcip-annotations/1.0-1/jcip-annotations-1.0-1.jar:/home/user/.m2/repository/net/minidev/json-smart/2.3/json-smart-2.3.jar:/home/user/.m2/repository/net/minidev/accessors-smart/1.2/accessors-smart-1.2.jar:/home/user/.m2/repository/org/ow2/asm/asm/5.0.4/asm-5.0.4.jar:/home/user/.m2/repository/org/apache/curator/curator-framework/2.12.0/curator-framework-2.12.0.jar:/home/user/.m2/repository/com/sun/jersey/jersey-core/1.19/jersey-core-1.19.jar:/home/user/.m2/repository/javax/ws/rs/jsr311-api/1.1.1/jsr311-api-1.1.1.jar:/home/user/.m2/repository/com/sun/jersey/jersey-server/1.19/jersey-server-1.19.jar:/home/user/.m2/repository/javax/servlet/javax.servlet-api/3.1.0/javax.servlet-api-3.1.0.jar:/home/user/.m2/repository/org/eclipse/jetty/jetty-server/9.3.24.v20180605/jetty-server-9.3.24.v20180605.jar:/home/user/.m2/repository/org/eclipse/jetty/jetty-http/9.3.24.v20180605/jetty-http-9.3.24.v20180605.jar:/home/user/.m2/repository/org/eclipse/jetty/jetty-io/9.3.24.v20180605/jetty-io-9.3.24.v20180605.jar:/home/user/.m2/repository/org/eclipse/jetty/jetty-webapp/9.3.24.v20180605/jetty-webapp-9.3.24.v20180605.jar:/home/user/.m2/repository/org/eclipse/jetty/jetty-xml/9.3.24.v20180605/jetty-xml-9.3.24.v20180605.jar:/home/user/.m2/repository/log4j/log4j/1.2.17/log4j-1.2.17.jar:/home/user/.m2/repository/org/slf4j/slf4j-api/1.7.25/slf4j-api-1.7.25.jar:/home/user/.m2/repository/org/slf4j/jul-to-slf4j/1.7.25/jul-to-slf4j-1.7.25.jar:/home/user/.m2/repository/org/eclipse/jetty/jetty-util/9.3.24.v20180605/jetty-util-9.3.24.v20180605.jar:/home/user/.m2/repository/com/fasterxml/jackson/core/jackson-databind/2.9.9/jackson-databind-2.9.9.jar:/home/user/.m2/repository/org/apache/hadoop/hadoop-kms/3.2.0/hadoop-kms-3.2.0-tests.jar:/home/user/.m2/repository/org/apache/hadoop/hadoop-hdds-server-scm/0.5.0-SNAPSHOT/hadoop-hdds-server-scm-0.5.0-SNAPSHOT-tests.jar:/home/user/.m2/repository/org/apache/hadoop/hadoop-hdds-container-service/0.5.0-SNAPSHOT/hadoop-hdds-container-service-0.5.0-SNAPSHOT-tests.jar:/home/user/.m2/repository/org/yaml/snakeyaml/1.16/snakeyaml-1.16.jar:/home/user/.m2/repository/org/apache/hadoop/hadoop-common/3.2.0/hadoop-common-3.2.0-tests.jar:/home/user/.m2/repository/org/apache/hadoop/hadoop-annotations/3.2.0/hadoop-annotations-3.2.0.jar:/usr/lib/jvm/java-1.8-openjdk/jre/../lib/tools.jar:/home/user/.m2/repository/commons-cli/commons-cli/1.2/commons-cli-1.2.jar:/home/user/.m2/repository/org/apache/httpcomponents/httpclient/4.5.2/httpclient-4.5.2.jar:/home/user/.m2/repository/org/apache/httpcomponents/httpcore/4.4.4/httpcore-4.4.4.jar:/home/user/.m2/repository/commons-codec/commons-codec/1.11/commons-codec-1.11.jar:/home/user/.m2/repository/commons-net/commons-net/3.6/commons-net-3.6.jar:/home/user/.m2/repository/commons-collections/commons-collections/3.2.2/commons-collections-3.2.2.jar:/home/user/.m2/repository/org/eclipse/jetty/jetty-servlet/9.3.24.v20180605/jetty-servlet-9.3.24.v20180605.jar:/home/user/.m2/repository/org/eclipse/jetty/jetty-security/9.3.24.v20180605/jetty-security-9.3.24.v20180605.jar:/home/user/.m2/repository/javax/servlet/jsp/jsp-api/2.1/jsp-api-2.1.jar:/home/user/.m2/repository/com/sun/jersey/jersey-servlet/1.19/jersey-servlet-1.19.jar:/home/user/.m2/repository/com/sun/jersey/jersey-json/1.19/jersey-json-1.19.jar:/home/user/.m2/repository/org/codehaus/jettison/jettison/1.1/jettison-1.1.jar:/home/user/.m2/repository/org/codehaus/jackson/jackson-core-asl/1.9.13/jackson-core-asl-1.9.13.jar:/home/user/.m2/repository/org/codehaus/jackson/jackson-mapper-asl/1.9.13/jackson-mapper-asl-1.9.13.jar:/home/user/.m2/repository/org/codehaus/jackson/jackson-jaxrs/1.9.13/jackson-jaxrs-1.9.13.jar:/home/user/.m2/repository/org/codehaus/jackson/jackson-xc/1.9.13/jackson-xc-1.9.13.jar:/home/user/.m2/repository/commons-logging/commons-logging/1.1.3/commons-logging-1.1.3.jar:/home/user/.m2/repository/commons-beanutils/commons-beanutils/1.9.4/commons-beanutils-1.9.4.jar:/home/user/.m2/repository/org/apache/commons/commons-configuration2/2.1.1/commons-configuration2-2.1.1.jar:/home/user/.m2/repository/org/apache/commons/commons-lang3/3.7/commons-lang3-3.7.jar:/home/user/.m2/repository/org/apache/commons/commons-text/1.4/commons-text-1.4.jar:/home/user/.m2/repository/org/apache/avro/avro/1.7.7/avro-1.7.7.jar:/home/user/.m2/repository/com/thoughtworks/paranamer/paranamer/2.3/paranamer-2.3.jar:/home/user/.m2/repository/org/xerial/snappy/snappy-java/1.0.5/snappy-java-1.0.5.jar:/home/user/.m2/repository/com/google/re2j/re2j/1.1/re2j-1.1.jar:/home/user/.m2/repository/com/google/code/gson/gson/2.2.4/gson-2.2.4.jar:/home/user/.m2/repository/com/jcraft/jsch/0.1.54/jsch-0.1.54.jar:/home/user/.m2/repository/org/apache/curator/curator-client/2.12.0/curator-client-2.12.0.jar:/home/user/.m2/repository/org/apache/curator/curator-recipes/2.12.0/curator-recipes-2.12.0.jar:/home/user/.m2/repository/com/google/code/findbugs/jsr305/3.0.0/jsr305-3.0.0.jar:/home/user/.m2/repository/org/apache/htrace/htrace-core4/4.1.0-incubating/htrace-core4-4.1.0-incubating.jar:/home/user/.m2/repository/org/apache/zookeeper/zookeeper/3.4.13/zookeeper-3.4.13.jar:/home/user/.m2/repository/org/apache/yetus/audience-annotations/0.5.0/audience-annotations-0.5.0.jar:/home/user/.m2/repository/org/codehaus/woodstox/stax2-api/3.1.4/stax2-api-3.1.4.jar:/home/user/.m2/repository/com/fasterxml/woodstox/woodstox-core/5.0.3/woodstox-core-5.0.3.jar:/home/user/.m2/repository/dnsjava/dnsjava/2.1.7/dnsjava-2.1.7.jar:/home/user/.m2/repository/org/apache/hadoop/hadoop-hdfs/3.2.0/hadoop-hdfs-3.2.0-tests.jar:/home/user/.m2/repository/org/eclipse/jetty/jetty-util-ajax/9.3.24.v20180605/jetty-util-ajax-9.3.24.v20180605.jar:/home/user/.m2/repository/commons-daemon/commons-daemon/1.0.13/commons-daemon-1.0.13.jar:/home/user/.m2/repository/io/netty/netty/3.10.5.Final/netty-3.10.5.Final.jar:/home/user/.m2/repository/io/netty/netty-all/4.0.52.Final/netty-all-4.0.52.Final.jar:/home/user/.m2/repository/org/fusesource/leveldbjni/leveldbjni-all/1.8/leveldbjni-all-1.8.jar:"/>
    <property name="sun.cpu.endian" value="little"/>
    <property name="user.home" value="/home/user"/>
    <property name="user.language" value="en"/>
    <property name="java.specification.vendor" value="Oracle Corporation"/>
    <property name="java.home" value="/usr/lib/jvm/java-1.8-openjdk/jre"/>
    <property name="java.security.krb5.conf" value="/workdir/hadoop-ozone/integration-test/target/test-classes/krb5.conf"/>
    <property name="basedir" value="/workdir/hadoop-ozone/integration-test"/>
    <property name="file.separator" value="/"/>
    <property name="line.separator" value="&#10;"/>
    <property name="java.vm.specification.vendor" value="Oracle Corporation"/>
    <property name="java.specification.name" value="Java Platform API Specification"/>
    <property name="java.awt.graphicsenv" value="sun.awt.X11GraphicsEnvironment"/>
    <property name="surefire.real.class.path" value="/workdir/hadoop-ozone/integration-test/target/surefire/surefirebooter1443585485105763310.jar"/>
    <property name="hadoop.log.dir" value="/workdir/hadoop-ozone/integration-test/target/log"/>
    <property name="sun.boot.class.path" value="/usr/lib/jvm/java-1.8-openjdk/jre/lib/resources.jar:/usr/lib/jvm/java-1.8-openjdk/jre/lib/rt.jar:/usr/lib/jvm/java-1.8-openjdk/jre/lib/sunrsasign.jar:/usr/lib/jvm/java-1.8-openjdk/jre/lib/jsse.jar:/usr/lib/jvm/java-1.8-openjdk/jre/lib/jce.jar:/usr/lib/jvm/java-1.8-openjdk/jre/lib/charsets.jar:/usr/lib/jvm/java-1.8-openjdk/jre/lib/jfr.jar:/usr/lib/jvm/java-1.8-openjdk/jre/classes"/>
    <property name="sun.management.compiler" value="HotSpot 64-Bit Tiered Compilers"/>
    <property name="java.runtime.version" value="1.8.0_212-b04"/>
    <property name="java.net.preferIPv4Stack" value="true"/>
    <property name="user.name" value="jenkins1000"/>
    <property name="path.separator" value=":"/>
    <property name="java.security.egd" value="file:///dev/urandom"/>
    <property name="os.version" value="3.10.0-957.12.2.el7.x86_64"/>
    <property name="java.endorsed.dirs" value="/usr/lib/jvm/java-1.8-openjdk/jre/lib/endorsed"/>
    <property name="java.runtime.name" value="OpenJDK Runtime Environment"/>
    <property name="file.encoding" value="UTF-8"/>
    <property name="java.vm.name" value="OpenJDK 64-Bit Server VM"/>
    <property name="test.build.webapps" value=""/>
    <property name="localRepository" value="/home/user/.m2/repository"/>
    <property name="java.vendor.url.bug" value="https://icedtea.classpath.org/bugzilla"/>
    <property name="java.io.tmpdir" value="/tmp"/>
    <property name="require.test.libhadoop" value=""/>
    <property name="java.version" value="1.8.0_212"/>
    <property name="user.dir" value="/workdir/hadoop-ozone/integration-test"/>
    <property name="os.arch" value="amd64"/>
    <property name="java.vm.specification.name" value="Java Virtual Machine Specification"/>
    <property name="test.build.classes" value="/workdir/hadoop-ozone/integration-test/target/test-classes"/>
    <property name="java.awt.printerjob" value="sun.print.PSPrinterJob"/>
    <property name="sun.os.patch.level" value="unknown"/>
    <property name="hadoop.tmp.dir" value="/workdir/hadoop-ozone/integration-test/target/tmp"/>
    <property name="java.library.path" value="/usr/lib/jvm/java-1.8-openjdk/jre/lib/amd64/server:/usr/lib/jvm/java-1.8-openjdk/jre/lib/amd64:/usr/lib/jvm/java-1.8-openjdk/jre/../lib/amd64:/workdir/hadoop-ozone/integration-test/target/native/target/usr/local/lib:/workdir/hadoop-ozone/integration-test/../../hadoop-common-project/hadoop-common/target/native/target/usr/local/lib:/usr/java/packages/lib/amd64:/usr/lib64:/lib64:/lib:/usr/lib"/>
    <property name="java.vm.info" value="mixed mode"/>
    <property name="java.vendor" value="IcedTea"/>
    <property name="java.vm.version" value="25.212-b04"/>
    <property name="java.ext.dirs" value="/usr/lib/jvm/java-1.8-openjdk/jre/lib/ext:/usr/java/packages/lib/ext"/>
    <property name="sun.io.unicode.encoding" value="UnicodeLittle"/>
    <property name="java.class.version" value="52.0"/>
  </properties>
  <testcase name="testBlockDeletion" classname="org.apache.hadoop.ozone.container.common.statemachine.commandhandler.TestBlockDeletion" time="108.571">
    <failure message="expected null, but was:&lt;[B@52bf7bf6&gt;" type="java.lang.AssertionError"><![CDATA[java.lang.AssertionError: expected null, but was:<[B@52bf7bf6>
	at org.junit.Assert.fail(Assert.java:88)
	at org.junit.Assert.failNotNull(Assert.java:664)
	at org.junit.Assert.assertNull(Assert.java:646)
	at org.junit.Assert.assertNull(Assert.java:656)
	at org.apache.hadoop.ozone.container.common.statemachine.commandhandler.TestBlockDeletion.lambda$verifyBlocksDeleted$5(TestBlockDeletion.java:342)
	at org.apache.hadoop.ozone.OzoneTestUtils.performOperationOnKeyContainers(OzoneTestUtils.java:96)
	at org.apache.hadoop.ozone.container.common.statemachine.commandhandler.TestBlockDeletion.verifyBlocksDeleted(TestBlockDeletion.java:336)
	at org.apache.hadoop.ozone.container.common.statemachine.commandhandler.TestBlockDeletion.testBlockDeletion(TestBlockDeletion.java:196)
	at sun.reflect.NativeMethodAccessorImpl.invoke0(Native Method)
	at sun.reflect.NativeMethodAccessorImpl.invoke(NativeMethodAccessorImpl.java:62)
	at sun.reflect.DelegatingMethodAccessorImpl.invoke(DelegatingMethodAccessorImpl.java:43)
	at java.lang.reflect.Method.invoke(Method.java:498)
	at org.junit.runners.model.FrameworkMethod$1.runReflectiveCall(FrameworkMethod.java:47)
	at org.junit.internal.runners.model.ReflectiveCallable.run(ReflectiveCallable.java:12)
	at org.junit.runners.model.FrameworkMethod.invokeExplosively(FrameworkMethod.java:44)
	at org.junit.internal.runners.statements.InvokeMethod.evaluate(InvokeMethod.java:17)
	at org.junit.runners.ParentRunner.runLeaf(ParentRunner.java:271)
	at org.junit.runners.BlockJUnit4ClassRunner.runChild(BlockJUnit4ClassRunner.java:70)
	at org.junit.runners.BlockJUnit4ClassRunner.runChild(BlockJUnit4ClassRunner.java:50)
	at org.junit.runners.ParentRunner$3.run(ParentRunner.java:238)
	at org.junit.runners.ParentRunner$1.schedule(ParentRunner.java:63)
	at org.junit.runners.ParentRunner.runChildren(ParentRunner.java:236)
	at org.junit.runners.ParentRunner.access$000(ParentRunner.java:53)
	at org.junit.runners.ParentRunner$2.evaluate(ParentRunner.java:229)
	at org.junit.internal.runners.statements.RunBefores.evaluate(RunBefores.java:26)
	at org.junit.internal.runners.statements.RunAfters.evaluate(RunAfters.java:27)
	at org.junit.runners.ParentRunner.run(ParentRunner.java:309)
	at org.apache.maven.surefire.junit4.JUnit4Provider.execute(JUnit4Provider.java:365)
	at org.apache.maven.surefire.junit4.JUnit4Provider.executeWithRerun(JUnit4Provider.java:273)
	at org.apache.maven.surefire.junit4.JUnit4Provider.executeTestSet(JUnit4Provider.java:238)
	at org.apache.maven.surefire.junit4.JUnit4Provider.invoke(JUnit4Provider.java:159)
	at org.apache.maven.surefire.booter.ForkedBooter.invokeProviderInSameClassLoader(ForkedBooter.java:384)
	at org.apache.maven.surefire.booter.ForkedBooter.runSuitesInProcess(ForkedBooter.java:345)
	at org.apache.maven.surefire.booter.ForkedBooter.execute(ForkedBooter.java:126)
	at org.apache.maven.surefire.booter.ForkedBooter.main(ForkedBooter.java:418)
]]></failure>
    <system-out><![CDATA[2019-09-21 03:47:58,643 [main] WARN  server.ServerUtils (ServerUtils.java:getScmDbDir(145)) - ozone.scm.db.dirs is not configured. We recommend adding this setting. Falling back to ozone.metadata.dirs instead.
2019-09-21 03:47:58,725 [main] WARN  server.ServerUtils (ServerUtils.java:getScmDbDir(145)) - ozone.scm.db.dirs is not configured. We recommend adding this setting. Falling back to ozone.metadata.dirs instead.
2019-09-21 03:47:58,728 [main] WARN  server.ServerUtils (ServerUtils.java:getScmDbDir(145)) - ozone.scm.db.dirs is not configured. We recommend adding this setting. Falling back to ozone.metadata.dirs instead.
2019-09-21 03:47:58,741 [main] INFO  util.log (Log.java:initialized(192)) - Logging initialized @816ms
2019-09-21 03:47:58,830 [main] INFO  db.DBStoreBuilder (DBStoreBuilder.java:addTable(110)) - using custom profile for table: deletedBlocks
2019-09-21 03:47:58,831 [main] INFO  db.DBStoreBuilder (DBStoreBuilder.java:processTables(161)) - Using default column profile:DBProfile.DISK for Table:deletedBlocks
2019-09-21 03:47:58,831 [main] INFO  db.DBStoreBuilder (DBStoreBuilder.java:addTable(110)) - using custom profile for table: validCerts
2019-09-21 03:47:58,831 [main] INFO  db.DBStoreBuilder (DBStoreBuilder.java:processTables(161)) - Using default column profile:DBProfile.DISK for Table:validCerts
2019-09-21 03:47:58,832 [main] INFO  db.DBStoreBuilder (DBStoreBuilder.java:addTable(110)) - using custom profile for table: revokedCerts
2019-09-21 03:47:58,832 [main] INFO  db.DBStoreBuilder (DBStoreBuilder.java:processTables(161)) - Using default column profile:DBProfile.DISK for Table:revokedCerts
2019-09-21 03:47:58,842 [main] INFO  db.DBStoreBuilder (DBStoreBuilder.java:addTable(110)) - using custom profile for table: default
2019-09-21 03:47:58,843 [main] INFO  db.DBStoreBuilder (DBStoreBuilder.java:processTables(167)) - Using default column profile:DBProfile.DISK for Table:default
2019-09-21 03:47:58,843 [main] INFO  db.DBStoreBuilder (DBStoreBuilder.java:getDbProfile(198)) - Using default options. DBProfile.DISK
2019-09-21 03:47:59,112 [main] INFO  net.NodeSchemaLoader (NodeSchemaLoader.java:loadSchemaFromFile(125)) - Loading file from sun.misc.CompoundEnumeration@6771beb3
2019-09-21 03:47:59,115 [main] INFO  net.NodeSchemaLoader (NodeSchemaLoader.java:loadSchema(171)) - Loading network topology layer schema file
2019-09-21 03:47:59,210 [main] INFO  node.SCMNodeManager (SCMNodeManager.java:<init>(114)) - Entering startup safe mode.
2019-09-21 03:47:59,296 [main] INFO  algorithms.ContainerPlacementPolicyFactory (ContainerPlacementPolicyFactory.java:getPolicy(57)) - Create container placement policy of type org.apache.hadoop.hdds.scm.container.placement.algorithms.SCMContainerPlacementRandom
2019-09-21 03:47:59,320 [main] WARN  server.ServerUtils (ServerUtils.java:getScmDbDir(145)) - ozone.scm.db.dirs is not configured. We recommend adding this setting. Falling back to ozone.metadata.dirs instead.
2019-09-21 03:47:59,406 [main] INFO  pipeline.SCMPipelineManager (SCMPipelineManager.java:initializePipelineState(132)) - No pipeline exists in current db
2019-09-21 03:47:59,409 [main] WARN  server.ServerUtils (ServerUtils.java:getScmDbDir(145)) - ozone.scm.db.dirs is not configured. We recommend adding this setting. Falling back to ozone.metadata.dirs instead.
2019-09-21 03:47:59,550 [main] WARN  events.EventQueue (EventQueue.java:fireEvent(183)) - No event handler registered for event TypedEvent{payloadType=SafeModeStatus, name='SafeModeStatus'}
2019-09-21 03:47:59,913 [main] INFO  ipc.CallQueueManager (CallQueueManager.java:<init>(84)) - Using callQueue: class java.util.concurrent.LinkedBlockingQueue, queueCapacity: 2000, scheduler: class org.apache.hadoop.ipc.DefaultRpcScheduler, ipcBackoff: false.
2019-09-21 03:48:00,046 [Socket Reader #1 for port 39082] INFO  ipc.Server (Server.java:run(1074)) - Starting Socket Reader #1 for port 39082
2019-09-21 03:48:00,089 [main] INFO  ipc.CallQueueManager (CallQueueManager.java:<init>(84)) - Using callQueue: class java.util.concurrent.LinkedBlockingQueue, queueCapacity: 2000, scheduler: class org.apache.hadoop.ipc.DefaultRpcScheduler, ipcBackoff: false.
2019-09-21 03:48:00,090 [Socket Reader #1 for port 46330] INFO  ipc.Server (Server.java:run(1074)) - Starting Socket Reader #1 for port 46330
2019-09-21 03:48:00,099 [main] INFO  ipc.CallQueueManager (CallQueueManager.java:<init>(84)) - Using callQueue: class java.util.concurrent.LinkedBlockingQueue, queueCapacity: 2000, scheduler: class org.apache.hadoop.ipc.DefaultRpcScheduler, ipcBackoff: false.
2019-09-21 03:48:00,100 [Socket Reader #1 for port 37262] INFO  ipc.Server (Server.java:run(1074)) - Starting Socket Reader #1 for port 37262
2019-09-21 03:48:00,123 [main] INFO  hdfs.DFSUtil (DFSUtil.java:httpServerTemplateForNNAndJN(1641)) - Starting Web-server for scm at: http://0.0.0.0:0
2019-09-21 03:48:00,261 [main] INFO  server.AuthenticationFilter (AuthenticationFilter.java:constructSecretProvider(240)) - Unable to initialize FileSignerSecretProvider, falling back to use random secrets.
2019-09-21 03:48:00,270 [main] WARN  http.HttpRequestLog (HttpRequestLog.java:getRequestLog(97)) - Jetty request log can only be enabled using Log4j
2019-09-21 03:48:00,278 [main] INFO  http.HttpServer2 (HttpServer2.java:addGlobalFilter(975)) - Added global filter 'safety' (class=org.apache.hadoop.http.HttpServer2$QuotingInputFilter)
2019-09-21 03:48:00,281 [main] INFO  http.HttpServer2 (HttpServer2.java:addFilter(948)) - Added filter static_user_filter (class=org.apache.hadoop.http.lib.StaticUserWebFilter$StaticUserFilter) to context scm
2019-09-21 03:48:00,281 [main] INFO  http.HttpServer2 (HttpServer2.java:addFilter(958)) - Added filter static_user_filter (class=org.apache.hadoop.http.lib.StaticUserWebFilter$StaticUserFilter) to context logs
2019-09-21 03:48:00,282 [main] INFO  http.HttpServer2 (HttpServer2.java:addFilter(958)) - Added filter static_user_filter (class=org.apache.hadoop.http.lib.StaticUserWebFilter$StaticUserFilter) to context static
2019-09-21 03:48:00,332 [main] INFO  server.StorageContainerManager (StorageContainerManager.java:start(770)) - StorageContainerLocationProtocol RPC server is listening at /0.0.0.0:37262
2019-09-21 03:48:00,410 [main] WARN  impl.MetricsConfig (MetricsConfig.java:loadFirst(134)) - Cannot locate configuration: tried hadoop-metrics2-storagecontainermanager.properties,hadoop-metrics2.properties
2019-09-21 03:48:00,423 [main] INFO  impl.MetricsSystemImpl (MetricsSystemImpl.java:startTimer(374)) - Scheduled Metric snapshot period at 10 second(s).
2019-09-21 03:48:00,423 [main] INFO  impl.MetricsSystemImpl (MetricsSystemImpl.java:start(191)) - StorageContainerManager metrics system started
2019-09-21 03:48:00,662 [main] INFO  server.SCMClientProtocolServer (SCMClientProtocolServer.java:start(151)) - RPC server for Client  is listening at /0.0.0.0:37262
2019-09-21 03:48:00,662 [IPC Server Responder] INFO  ipc.Server (Server.java:run(1314)) - IPC Server Responder: starting
2019-09-21 03:48:00,662 [IPC Server listener on 37262] INFO  ipc.Server (Server.java:run(1153)) - IPC Server listener on 37262: starting
2019-09-21 03:48:00,665 [main] INFO  server.StorageContainerManager (StorageContainerManager.java:start(780)) - ScmBlockLocationProtocol RPC server is listening at /0.0.0.0:46330
2019-09-21 03:48:00,667 [main] INFO  server.SCMBlockProtocolServer (SCMBlockProtocolServer.java:start(146)) - RPC server for Block Protocol is listening at /0.0.0.0:46330
2019-09-21 03:48:00,667 [IPC Server Responder] INFO  ipc.Server (Server.java:run(1314)) - IPC Server Responder: starting
2019-09-21 03:48:00,668 [IPC Server listener on 46330] INFO  ipc.Server (Server.java:run(1153)) - IPC Server listener on 46330: starting
2019-09-21 03:48:00,670 [main] INFO  server.StorageContainerManager (StorageContainerManager.java:start(784)) - ScmDatanodeProtocl RPC server is listening at /0.0.0.0:39082
2019-09-21 03:48:00,670 [main] INFO  server.SCMDatanodeProtocolServer (SCMDatanodeProtocolServer.java:start(191)) - RPC server for DataNodes is listening at /0.0.0.0:39082
2019-09-21 03:48:00,671 [IPC Server Responder] INFO  ipc.Server (Server.java:run(1314)) - IPC Server Responder: starting
2019-09-21 03:48:00,671 [IPC Server listener on 39082] INFO  ipc.Server (Server.java:run(1153)) - IPC Server listener on 39082: starting
2019-09-21 03:48:00,675 [main] INFO  http.HttpServer2 (HttpServer2.java:bindListener(1191)) - Jetty bound to port 39795
2019-09-21 03:48:00,677 [main] INFO  server.Server (Server.java:doStart(351)) - jetty-9.3.24.v20180605, build timestamp: 2018-06-05T17:11:56Z, git hash: 84205aa28f11a4f31f2a3b86d1bba2cc8ab69827
2019-09-21 03:48:00,716 [main] INFO  handler.ContextHandler (ContextHandler.java:doStart(781)) - Started o.e.j.s.ServletContextHandler@70ab2d48{/logs,file:///workdir/hadoop-ozone/integration-test/target/log,AVAILABLE}
2019-09-21 03:48:00,717 [main] INFO  handler.ContextHandler (ContextHandler.java:doStart(781)) - Started o.e.j.s.ServletContextHandler@6f152006{/static,file:///workdir/hadoop-ozone/integration-test/target/test-classes/webapps/static,AVAILABLE}
2019-09-21 03:48:00,776 [main] INFO  handler.ContextHandler (ContextHandler.java:doStart(781)) - Started o.e.j.w.WebAppContext@548e76f1{/,file:///workdir/hadoop-ozone/integration-test/target/test-classes/webapps/scm/,AVAILABLE}{/scm}
2019-09-21 03:48:00,784 [main] INFO  server.AbstractConnector (AbstractConnector.java:doStart(278)) - Started ServerConnector@9573b3b{HTTP/1.1,[http/1.1]}{0.0.0.0:39795}
2019-09-21 03:48:00,784 [main] INFO  server.Server (Server.java:doStart(419)) - Started @2859ms
2019-09-21 03:48:00,787 [main] INFO  impl.MetricsSinkAdapter (MetricsSinkAdapter.java:start(204)) - Sink prometheus started
2019-09-21 03:48:00,787 [main] INFO  impl.MetricsSystemImpl (MetricsSystemImpl.java:registerSink(301)) - Registered sink prometheus
2019-09-21 03:48:00,790 [main] INFO  server.BaseHttpServer (BaseHttpServer.java:updateConnectorAddress(215)) - HTTP server of SCM is listening at http://0.0.0.0:39795
2019-09-21 03:48:00,797 [SCMBlockDeletingService#1] DEBUG block.SCMBlockDeletingService (SCMBlockDeletingService.java:call(138)) - Running DeletedBlockTransactionScanner
2019-09-21 03:48:00,800 [org.apache.hadoop.util.JvmPauseMonitor$Monitor@5b800468] INFO  util.JvmPauseMonitor (JvmPauseMonitor.java:run(188)) - Starting JVM pause monitor
2019-09-21 03:48:00,804 [main] WARN  server.ServerUtils (ServerUtils.java:getDBPath(222)) - ozone.om.db.dirs is not configured. We recommend adding this setting. Falling back to ozone.metadata.dirs instead.
2019-09-21 03:48:00,811 [SCMBlockDeletingService#1] DEBUG block.SCMBlockDeletingService (SCMBlockDeletingService.java:call(155)) - Scanned deleted blocks log and got 0 delTX to process.
2019-09-21 03:48:00,913 [SCMBlockDeletingService#1] DEBUG block.SCMBlockDeletingService (SCMBlockDeletingService.java:call(138)) - Running DeletedBlockTransactionScanner
2019-09-21 03:48:00,914 [SCMBlockDeletingService#1] DEBUG block.SCMBlockDeletingService (SCMBlockDeletingService.java:call(155)) - Scanned deleted blocks log and got 0 delTX to process.
2019-09-21 03:48:00,933 [main] WARN  server.ServerUtils (ServerUtils.java:getDBPath(222)) - ozone.om.db.dirs is not configured. We recommend adding this setting. Falling back to ozone.metadata.dirs instead.
2019-09-21 03:48:00,934 [main] WARN  server.ServerUtils (ServerUtils.java:getDBPath(222)) - ozone.om.db.dirs is not configured. We recommend adding this setting. Falling back to ozone.metadata.dirs instead.
2019-09-21 03:48:00,935 [main] INFO  om.OzoneManager (OzoneManager.java:setOMNodeDetails(652)) - OM Service ID is not set. Setting it to the default ID: omServiceIdDefault
2019-09-21 03:48:00,935 [main] INFO  om.OzoneManager (OzoneManager.java:setOMNodeDetails(658)) - OM Node ID is not set. Setting it to the OmStorage's OmID: 967be65e-6722-4f0d-b2a3-f6432b5c94af
2019-09-21 03:48:00,937 [main] INFO  om.OzoneManager (OzoneManager.java:loadOMHAConfigs(609)) - Found matching OM address with OMServiceId: null, OMNodeId: null, RPC Address: localhost:0 and Ratis port: 9872
2019-09-21 03:48:01,014 [SCMBlockDeletingService#0] DEBUG block.SCMBlockDeletingService (SCMBlockDeletingService.java:call(138)) - Running DeletedBlockTransactionScanner
2019-09-21 03:48:01,015 [SCMBlockDeletingService#0] DEBUG block.SCMBlockDeletingService (SCMBlockDeletingService.java:call(155)) - Scanned deleted blocks log and got 0 delTX to process.
2019-09-21 03:48:01,116 [SCMBlockDeletingService#0] DEBUG block.SCMBlockDeletingService (SCMBlockDeletingService.java:call(138)) - Running DeletedBlockTransactionScanner
2019-09-21 03:48:01,116 [SCMBlockDeletingService#0] DEBUG block.SCMBlockDeletingService (SCMBlockDeletingService.java:call(155)) - Scanned deleted blocks log and got 0 delTX to process.
2019-09-21 03:48:01,217 [SCMBlockDeletingService#0] DEBUG block.SCMBlockDeletingService (SCMBlockDeletingService.java:call(138)) - Running DeletedBlockTransactionScanner
2019-09-21 03:48:01,218 [SCMBlockDeletingService#0] DEBUG block.SCMBlockDeletingService (SCMBlockDeletingService.java:call(155)) - Scanned deleted blocks log and got 0 delTX to process.
2019-09-21 03:48:01,319 [SCMBlockDeletingService#0] DEBUG block.SCMBlockDeletingService (SCMBlockDeletingService.java:call(138)) - Running DeletedBlockTransactionScanner
2019-09-21 03:48:01,319 [SCMBlockDeletingService#0] DEBUG block.SCMBlockDeletingService (SCMBlockDeletingService.java:call(155)) - Scanned deleted blocks log and got 0 delTX to process.
2019-09-21 03:48:01,420 [SCMBlockDeletingService#0] DEBUG block.SCMBlockDeletingService (SCMBlockDeletingService.java:call(138)) - Running DeletedBlockTransactionScanner
2019-09-21 03:48:01,421 [SCMBlockDeletingService#0] DEBUG block.SCMBlockDeletingService (SCMBlockDeletingService.java:call(155)) - Scanned deleted blocks log and got 0 delTX to process.
2019-09-21 03:48:01,521 [SCMBlockDeletingService#0] DEBUG block.SCMBlockDeletingService (SCMBlockDeletingService.java:call(138)) - Running DeletedBlockTransactionScanner
2019-09-21 03:48:01,522 [SCMBlockDeletingService#0] DEBUG block.SCMBlockDeletingService (SCMBlockDeletingService.java:call(155)) - Scanned deleted blocks log and got 0 delTX to process.
2019-09-21 03:48:01,623 [SCMBlockDeletingService#1] DEBUG block.SCMBlockDeletingService (SCMBlockDeletingService.java:call(138)) - Running DeletedBlockTransactionScanner
2019-09-21 03:48:01,623 [SCMBlockDeletingService#1] DEBUG block.SCMBlockDeletingService (SCMBlockDeletingService.java:call(155)) - Scanned deleted blocks log and got 0 delTX to process.
2019-09-21 03:48:01,724 [SCMBlockDeletingService#0] DEBUG block.SCMBlockDeletingService (SCMBlockDeletingService.java:call(138)) - Running DeletedBlockTransactionScanner
2019-09-21 03:48:01,725 [SCMBlockDeletingService#0] DEBUG block.SCMBlockDeletingService (SCMBlockDeletingService.java:call(155)) - Scanned deleted blocks log and got 0 delTX to process.
2019-09-21 03:48:01,762 [main] WARN  server.ServerUtils (ServerUtils.java:getDBPath(222)) - ozone.om.db.dirs is not configured. We recommend adding this setting. Falling back to ozone.metadata.dirs instead.
2019-09-21 03:48:01,770 [main] INFO  db.DBStoreBuilder (DBStoreBuilder.java:addTable(110)) - using custom profile for table: userTable
2019-09-21 03:48:01,771 [main] INFO  db.DBStoreBuilder (DBStoreBuilder.java:processTables(161)) - Using default column profile:DBProfile.DISK for Table:userTable
2019-09-21 03:48:01,771 [main] INFO  db.DBStoreBuilder (DBStoreBuilder.java:addTable(110)) - using custom profile for table: volumeTable
2019-09-21 03:48:01,771 [main] INFO  db.DBStoreBuilder (DBStoreBuilder.java:processTables(161)) - Using default column profile:DBProfile.DISK for Table:volumeTable
2019-09-21 03:48:01,771 [main] INFO  db.DBStoreBuilder (DBStoreBuilder.java:addTable(110)) - using custom profile for table: bucketTable
2019-09-21 03:48:01,772 [main] INFO  db.DBStoreBuilder (DBStoreBuilder.java:processTables(161)) - Using default column profile:DBProfile.DISK for Table:bucketTable
2019-09-21 03:48:01,772 [main] INFO  db.DBStoreBuilder (DBStoreBuilder.java:addTable(110)) - using custom profile for table: keyTable
2019-09-21 03:48:01,772 [main] INFO  db.DBStoreBuilder (DBStoreBuilder.java:processTables(161)) - Using default column profile:DBProfile.DISK for Table:keyTable
2019-09-21 03:48:01,772 [main] INFO  db.DBStoreBuilder (DBStoreBuilder.java:addTable(110)) - using custom profile for table: deletedTable
2019-09-21 03:48:01,772 [main] INFO  db.DBStoreBuilder (DBStoreBuilder.java:processTables(161)) - Using default column profile:DBProfile.DISK for Table:deletedTable
2019-09-21 03:48:01,773 [main] INFO  db.DBStoreBuilder (DBStoreBuilder.java:addTable(110)) - using custom profile for table: openKeyTable
2019-09-21 03:48:01,773 [main] INFO  db.DBStoreBuilder (DBStoreBuilder.java:processTables(161)) - Using default column profile:DBProfile.DISK for Table:openKeyTable
2019-09-21 03:48:01,773 [main] INFO  db.DBStoreBuilder (DBStoreBuilder.java:addTable(110)) - using custom profile for table: s3Table
2019-09-21 03:48:01,773 [main] INFO  db.DBStoreBuilder (DBStoreBuilder.java:processTables(161)) - Using default column profile:DBProfile.DISK for Table:s3Table
2019-09-21 03:48:01,774 [main] INFO  db.DBStoreBuilder (DBStoreBuilder.java:addTable(110)) - using custom profile for table: multipartInfoTable
2019-09-21 03:48:01,774 [main] INFO  db.DBStoreBuilder (DBStoreBuilder.java:processTables(161)) - Using default column profile:DBProfile.DISK for Table:multipartInfoTable
2019-09-21 03:48:01,774 [main] INFO  db.DBStoreBuilder (DBStoreBuilder.java:addTable(110)) - using custom profile for table: dTokenTable
2019-09-21 03:48:01,774 [main] INFO  db.DBStoreBuilder (DBStoreBuilder.java:processTables(161)) - Using default column profile:DBProfile.DISK for Table:dTokenTable
2019-09-21 03:48:01,775 [main] INFO  db.DBStoreBuilder (DBStoreBuilder.java:addTable(110)) - using custom profile for table: s3SecretTable
2019-09-21 03:48:01,775 [main] INFO  db.DBStoreBuilder (DBStoreBuilder.java:processTables(161)) - Using default column profile:DBProfile.DISK for Table:s3SecretTable
2019-09-21 03:48:01,775 [main] INFO  db.DBStoreBuilder (DBStoreBuilder.java:addTable(110)) - using custom profile for table: prefixTable
2019-09-21 03:48:01,775 [main] INFO  db.DBStoreBuilder (DBStoreBuilder.java:processTables(161)) - Using default column profile:DBProfile.DISK for Table:prefixTable
2019-09-21 03:48:01,775 [main] INFO  db.DBStoreBuilder (DBStoreBuilder.java:addTable(110)) - using custom profile for table: default
2019-09-21 03:48:01,776 [main] INFO  db.DBStoreBuilder (DBStoreBuilder.java:processTables(167)) - Using default column profile:DBProfile.DISK for Table:default
2019-09-21 03:48:01,776 [main] INFO  db.DBStoreBuilder (DBStoreBuilder.java:getDbProfile(198)) - Using default options. DBProfile.DISK
2019-09-21 03:48:01,826 [SCMBlockDeletingService#0] DEBUG block.SCMBlockDeletingService (SCMBlockDeletingService.java:call(138)) - Running DeletedBlockTransactionScanner
2019-09-21 03:48:01,826 [SCMBlockDeletingService#0] DEBUG block.SCMBlockDeletingService (SCMBlockDeletingService.java:call(155)) - Scanned deleted blocks log and got 0 delTX to process.
2019-09-21 03:48:01,927 [SCMBlockDeletingService#0] DEBUG block.SCMBlockDeletingService (SCMBlockDeletingService.java:call(138)) - Running DeletedBlockTransactionScanner
2019-09-21 03:48:01,927 [SCMBlockDeletingService#0] DEBUG block.SCMBlockDeletingService (SCMBlockDeletingService.java:call(155)) - Scanned deleted blocks log and got 0 delTX to process.
2019-09-21 03:48:02,028 [SCMBlockDeletingService#0] DEBUG block.SCMBlockDeletingService (SCMBlockDeletingService.java:call(138)) - Running DeletedBlockTransactionScanner
2019-09-21 03:48:02,028 [SCMBlockDeletingService#0] DEBUG block.SCMBlockDeletingService (SCMBlockDeletingService.java:call(155)) - Scanned deleted blocks log and got 0 delTX to process.
2019-09-21 03:48:02,129 [SCMBlockDeletingService#0] DEBUG block.SCMBlockDeletingService (SCMBlockDeletingService.java:call(138)) - Running DeletedBlockTransactionScanner
2019-09-21 03:48:02,129 [SCMBlockDeletingService#0] DEBUG block.SCMBlockDeletingService (SCMBlockDeletingService.java:call(155)) - Scanned deleted blocks log and got 0 delTX to process.
2019-09-21 03:48:02,230 [SCMBlockDeletingService#0] DEBUG block.SCMBlockDeletingService (SCMBlockDeletingService.java:call(138)) - Running DeletedBlockTransactionScanner
2019-09-21 03:48:02,230 [SCMBlockDeletingService#0] DEBUG block.SCMBlockDeletingService (SCMBlockDeletingService.java:call(155)) - Scanned deleted blocks log and got 0 delTX to process.
2019-09-21 03:48:02,326 [main] INFO  ipc.CallQueueManager (CallQueueManager.java:<init>(84)) - Using callQueue: class java.util.concurrent.LinkedBlockingQueue, queueCapacity: 2000, scheduler: class org.apache.hadoop.ipc.DefaultRpcScheduler, ipcBackoff: false.
2019-09-21 03:48:02,327 [Socket Reader #1 for port 32839] INFO  ipc.Server (Server.java:run(1074)) - Starting Socket Reader #1 for port 32839
2019-09-21 03:48:02,331 [SCMBlockDeletingService#0] DEBUG block.SCMBlockDeletingService (SCMBlockDeletingService.java:call(138)) - Running DeletedBlockTransactionScanner
2019-09-21 03:48:02,331 [SCMBlockDeletingService#0] DEBUG block.SCMBlockDeletingService (SCMBlockDeletingService.java:call(155)) - Scanned deleted blocks log and got 0 delTX to process.
2019-09-21 03:48:02,351 [main] INFO  om.OzoneManager (OzoneManager.java:start(1243)) - OzoneManager RPC server is listening at localhost/127.0.0.1:32839
2019-09-21 03:48:02,352 [main] INFO  impl.MetricsSystemImpl (MetricsSystemImpl.java:init(158)) - OzoneManager metrics system started (again)
2019-09-21 03:48:02,353 [IPC Server Responder] INFO  ipc.Server (Server.java:run(1314)) - IPC Server Responder: starting
2019-09-21 03:48:02,353 [IPC Server listener on 32839] INFO  ipc.Server (Server.java:run(1153)) - IPC Server listener on 32839: starting
2019-09-21 03:48:02,359 [main] INFO  hdfs.DFSUtil (DFSUtil.java:httpServerTemplateForNNAndJN(1641)) - Starting Web-server for ozoneManager at: http://0.0.0.0:0
2019-09-21 03:48:02,364 [main] INFO  server.AuthenticationFilter (AuthenticationFilter.java:constructSecretProvider(240)) - Unable to initialize FileSignerSecretProvider, falling back to use random secrets.
2019-09-21 03:48:02,365 [main] WARN  http.HttpRequestLog (HttpRequestLog.java:getRequestLog(97)) - Jetty request log can only be enabled using Log4j
2019-09-21 03:48:02,368 [main] INFO  http.HttpServer2 (HttpServer2.java:addGlobalFilter(975)) - Added global filter 'safety' (class=org.apache.hadoop.http.HttpServer2$QuotingInputFilter)
2019-09-21 03:48:02,370 [main] INFO  http.HttpServer2 (HttpServer2.java:addFilter(948)) - Added filter static_user_filter (class=org.apache.hadoop.http.lib.StaticUserWebFilter$StaticUserFilter) to context ozoneManager
2019-09-21 03:48:02,370 [main] INFO  http.HttpServer2 (HttpServer2.java:addFilter(958)) - Added filter static_user_filter (class=org.apache.hadoop.http.lib.StaticUserWebFilter$StaticUserFilter) to context static
2019-09-21 03:48:02,371 [main] INFO  http.HttpServer2 (HttpServer2.java:addFilter(958)) - Added filter static_user_filter (class=org.apache.hadoop.http.lib.StaticUserWebFilter$StaticUserFilter) to context logs
2019-09-21 03:48:02,375 [main] INFO  http.HttpServer2 (HttpServer2.java:bindListener(1191)) - Jetty bound to port 46674
2019-09-21 03:48:02,375 [main] INFO  server.Server (Server.java:doStart(351)) - jetty-9.3.24.v20180605, build timestamp: 2018-06-05T17:11:56Z, git hash: 84205aa28f11a4f31f2a3b86d1bba2cc8ab69827
2019-09-21 03:48:02,378 [main] INFO  handler.ContextHandler (ContextHandler.java:doStart(781)) - Started o.e.j.s.ServletContextHandler@58cec85b{/logs,file:///workdir/hadoop-ozone/integration-test/target/log,AVAILABLE}
2019-09-21 03:48:02,379 [main] INFO  handler.ContextHandler (ContextHandler.java:doStart(781)) - Started o.e.j.s.ServletContextHandler@1542af63{/static,file:///workdir/hadoop-ozone/integration-test/target/test-classes/webapps/static,AVAILABLE}
2019-09-21 03:48:02,386 [main] INFO  handler.ContextHandler (ContextHandler.java:doStart(781)) - Started o.e.j.w.WebAppContext@529cfee5{/,file:///workdir/hadoop-ozone/integration-test/target/test-classes/webapps/ozoneManager/,AVAILABLE}{/ozoneManager}
2019-09-21 03:48:02,388 [main] INFO  server.AbstractConnector (AbstractConnector.java:doStart(278)) - Started ServerConnector@7ca0863b{HTTP/1.1,[http/1.1]}{0.0.0.0:46674}
2019-09-21 03:48:02,389 [main] INFO  server.Server (Server.java:doStart(419)) - Started @4463ms
2019-09-21 03:48:02,389 [main] WARN  impl.MetricsSystemImpl (MetricsSystemImpl.java:register(276)) - Sink prometheus already exists!
2019-09-21 03:48:02,390 [main] INFO  server.BaseHttpServer (BaseHttpServer.java:updateConnectorAddress(215)) - HTTP server of OZONEMANAGER is listening at http://0.0.0.0:46674
2019-09-21 03:48:02,432 [SCMBlockDeletingService#0] DEBUG block.SCMBlockDeletingService (SCMBlockDeletingService.java:call(138)) - Running DeletedBlockTransactionScanner
2019-09-21 03:48:02,432 [SCMBlockDeletingService#0] DEBUG block.SCMBlockDeletingService (SCMBlockDeletingService.java:call(155)) - Scanned deleted blocks log and got 0 delTX to process.
2019-09-21 03:48:02,611 [SCMBlockDeletingService#0] DEBUG block.SCMBlockDeletingService (SCMBlockDeletingService.java:call(138)) - Running DeletedBlockTransactionScanner
2019-09-21 03:48:02,612 [SCMBlockDeletingService#0] DEBUG block.SCMBlockDeletingService (SCMBlockDeletingService.java:call(155)) - Scanned deleted blocks log and got 0 delTX to process.
2019-09-21 03:48:02,712 [SCMBlockDeletingService#0] DEBUG block.SCMBlockDeletingService (SCMBlockDeletingService.java:call(138)) - Running DeletedBlockTransactionScanner
2019-09-21 03:48:02,713 [SCMBlockDeletingService#0] DEBUG block.SCMBlockDeletingService (SCMBlockDeletingService.java:call(155)) - Scanned deleted blocks log and got 0 delTX to process.
2019-09-21 03:48:02,769 [main] INFO  impl.MetricsSystemImpl (MetricsSystemImpl.java:init(158)) - HddsDatanode metrics system started (again)
2019-09-21 03:48:02,814 [SCMBlockDeletingService#0] DEBUG block.SCMBlockDeletingService (SCMBlockDeletingService.java:call(138)) - Running DeletedBlockTransactionScanner
2019-09-21 03:48:02,815 [SCMBlockDeletingService#0] DEBUG block.SCMBlockDeletingService (SCMBlockDeletingService.java:call(155)) - Scanned deleted blocks log and got 0 delTX to process.
2019-09-21 03:48:02,832 [main] INFO  ozone.HddsDatanodeService (HddsDatanodeService.java:start(184)) - HddsDatanodeService host:pr-hdds-2161-927ps-406439766 ip:192.168.157.196
2019-09-21 03:48:02,868 [main] INFO  volume.HddsVolume (HddsVolume.java:<init>(176)) - Creating Volume: /workdir/hadoop-ozone/integration-test/target/test-dir/MiniOzoneClusterImpl-9576e1a8-30c4-48cb-bc53-357cfd55dd46/datanode-0/data/containers/hdds of  storage type : DISK and capacity : 1482555576320
2019-09-21 03:48:02,870 [main] INFO  volume.VolumeSet (VolumeSet.java:initializeVolumeSet(170)) - Added Volume : /workdir/hadoop-ozone/integration-test/target/test-dir/MiniOzoneClusterImpl-9576e1a8-30c4-48cb-bc53-357cfd55dd46/datanode-0/data/containers/hdds to VolumeSet
2019-09-21 03:48:02,874 [main] INFO  volume.ThrottledAsyncChecker (ThrottledAsyncChecker.java:schedule(139)) - Scheduling a check for org.apache.hadoop.ozone.container.common.volume.HddsVolume@26a4551a
2019-09-21 03:48:02,890 [main] INFO  volume.HddsVolumeChecker (HddsVolumeChecker.java:checkAllVolumes(202)) - Scheduled health check for volume org.apache.hadoop.ozone.container.common.volume.HddsVolume@26a4551a
2019-09-21 03:48:02,916 [SCMBlockDeletingService#0] DEBUG block.SCMBlockDeletingService (SCMBlockDeletingService.java:call(138)) - Running DeletedBlockTransactionScanner
2019-09-21 03:48:02,916 [SCMBlockDeletingService#0] DEBUG block.SCMBlockDeletingService (SCMBlockDeletingService.java:call(155)) - Scanned deleted blocks log and got 0 delTX to process.
2019-09-21 03:48:03,002 [main] INFO  impl.RaftServerProxy (ConfUtils.java:logGet(43)) - raft.rpc.type = GRPC (default)
2019-09-21 03:48:03,017 [SCMBlockDeletingService#0] DEBUG block.SCMBlockDeletingService (SCMBlockDeletingService.java:call(138)) - Running DeletedBlockTransactionScanner
2019-09-21 03:48:03,017 [SCMBlockDeletingService#0] DEBUG block.SCMBlockDeletingService (SCMBlockDeletingService.java:call(155)) - Scanned deleted blocks log and got 0 delTX to process.
2019-09-21 03:48:03,073 [main] INFO  grpc.GrpcFactory (GrpcFactory.java:checkPooledByteBufAllocatorUseCacheForAllThreads(45)) - PERFORMANCE WARNING: useCacheForAllThreads is true that may cause Netty to create a lot garbage objects and, as a result, trigger GC.
	It is recommended to disable useCacheForAllThreads by setting -Dorg.apache.ratis.thirdparty.io.netty.allocator.useCacheForAllThreads=false in command line.
2019-09-21 03:48:03,079 [main] INFO  grpc.GrpcConfigKeys$Server (ConfUtils.java:logGet(43)) - raft.grpc.server.port = 0 (default)
2019-09-21 03:48:03,080 [main] INFO  server.GrpcService (ConfUtils.java:logGet(43)) - raft.grpc.message.size.max = 33570816 (custom)
2019-09-21 03:48:03,081 [main] INFO  server.RaftServerConfigKeys (ConfUtils.java:logGet(43)) - raft.server.log.appender.buffer.byte-limit = 33554432 (custom)
2019-09-21 03:48:03,082 [main] INFO  server.GrpcService (ConfUtils.java:logGet(43)) - raft.grpc.flow.control.window = 1MB (=1048576) (default)
2019-09-21 03:48:03,083 [main] INFO  server.RaftServerConfigKeys (ConfUtils.java:logGet(43)) - raft.server.rpc.request.timeout = 3000ms (default)
2019-09-21 03:48:03,118 [SCMBlockDeletingService#0] DEBUG block.SCMBlockDeletingService (SCMBlockDeletingService.java:call(138)) - Running DeletedBlockTransactionScanner
2019-09-21 03:48:03,119 [SCMBlockDeletingService#0] DEBUG block.SCMBlockDeletingService (SCMBlockDeletingService.java:call(155)) - Scanned deleted blocks log and got 0 delTX to process.
2019-09-21 03:48:03,219 [SCMBlockDeletingService#0] DEBUG block.SCMBlockDeletingService (SCMBlockDeletingService.java:call(138)) - Running DeletedBlockTransactionScanner
2019-09-21 03:48:03,220 [SCMBlockDeletingService#0] DEBUG block.SCMBlockDeletingService (SCMBlockDeletingService.java:call(155)) - Scanned deleted blocks log and got 0 delTX to process.
2019-09-21 03:48:03,251 [main] INFO  server.RaftServerConfigKeys (ConfUtils.java:logGet(43)) - raft.server.storage.dir = [/workdir/hadoop-ozone/integration-test/target/test-dir/MiniOzoneClusterImpl-9576e1a8-30c4-48cb-bc53-357cfd55dd46/datanode-0/data/ratis] (custom)
2019-09-21 03:48:03,307 [main] INFO  hdfs.DFSUtil (DFSUtil.java:httpServerTemplateForNNAndJN(1641)) - Starting Web-server for hddsDatanode at: http://0.0.0.0:0
2019-09-21 03:48:03,310 [main] INFO  server.AuthenticationFilter (AuthenticationFilter.java:constructSecretProvider(240)) - Unable to initialize FileSignerSecretProvider, falling back to use random secrets.
2019-09-21 03:48:03,311 [main] WARN  http.HttpRequestLog (HttpRequestLog.java:getRequestLog(97)) - Jetty request log can only be enabled using Log4j
2019-09-21 03:48:03,313 [main] INFO  http.HttpServer2 (HttpServer2.java:addGlobalFilter(975)) - Added global filter 'safety' (class=org.apache.hadoop.http.HttpServer2$QuotingInputFilter)
2019-09-21 03:48:03,314 [main] INFO  http.HttpServer2 (HttpServer2.java:addFilter(948)) - Added filter static_user_filter (class=org.apache.hadoop.http.lib.StaticUserWebFilter$StaticUserFilter) to context hddsDatanode
2019-09-21 03:48:03,314 [main] INFO  http.HttpServer2 (HttpServer2.java:addFilter(958)) - Added filter static_user_filter (class=org.apache.hadoop.http.lib.StaticUserWebFilter$StaticUserFilter) to context logs
2019-09-21 03:48:03,314 [main] INFO  http.HttpServer2 (HttpServer2.java:addFilter(958)) - Added filter static_user_filter (class=org.apache.hadoop.http.lib.StaticUserWebFilter$StaticUserFilter) to context static
2019-09-21 03:48:03,316 [main] INFO  http.HttpServer2 (HttpServer2.java:bindListener(1191)) - Jetty bound to port 46686
2019-09-21 03:48:03,316 [main] INFO  server.Server (Server.java:doStart(351)) - jetty-9.3.24.v20180605, build timestamp: 2018-06-05T17:11:56Z, git hash: 84205aa28f11a4f31f2a3b86d1bba2cc8ab69827
2019-09-21 03:48:03,319 [main] INFO  handler.ContextHandler (ContextHandler.java:doStart(781)) - Started o.e.j.s.ServletContextHandler@1effd53c{/logs,file:///workdir/hadoop-ozone/integration-test/target/log,AVAILABLE}
2019-09-21 03:48:03,320 [main] INFO  handler.ContextHandler (ContextHandler.java:doStart(781)) - Started o.e.j.s.ServletContextHandler@6920614{/static,jar:file:/home/user/.m2/repository/org/apache/hadoop/hadoop-hdds-container-service/0.5.0-SNAPSHOT/hadoop-hdds-container-service-0.5.0-SNAPSHOT.jar!/webapps/static,AVAILABLE}
2019-09-21 03:48:03,320 [SCMBlockDeletingService#0] DEBUG block.SCMBlockDeletingService (SCMBlockDeletingService.java:call(138)) - Running DeletedBlockTransactionScanner
2019-09-21 03:48:03,321 [SCMBlockDeletingService#0] DEBUG block.SCMBlockDeletingService (SCMBlockDeletingService.java:call(155)) - Scanned deleted blocks log and got 0 delTX to process.
2019-09-21 03:48:03,358 [main] INFO  handler.ContextHandler (ContextHandler.java:doStart(781)) - Started o.e.j.w.WebAppContext@476fe690{/,file:///tmp/jetty-0.0.0.0-46686-hddsDatanode-_-any-2832439837748638726.dir/webapp/,AVAILABLE}{/hddsDatanode}
2019-09-21 03:48:03,360 [main] INFO  server.AbstractConnector (AbstractConnector.java:doStart(278)) - Started ServerConnector@7a0e7ecd{HTTP/1.1,[http/1.1]}{0.0.0.0:46686}
2019-09-21 03:48:03,363 [main] INFO  server.Server (Server.java:doStart(419)) - Started @5438ms
2019-09-21 03:48:03,363 [main] WARN  impl.MetricsSystemImpl (MetricsSystemImpl.java:register(276)) - Sink prometheus already exists!
2019-09-21 03:48:03,364 [main] INFO  server.BaseHttpServer (BaseHttpServer.java:updateConnectorAddress(215)) - HTTP server of HDDSDATANODE is listening at http://0.0.0.0:46686
2019-09-21 03:48:03,367 [main] INFO  ozone.MiniOzoneClusterImpl (MiniOzoneClusterImpl.java:lambda$waitForClusterToBeReady$0(147)) - Waiting for cluster to be ready. Got 0 of 1 DN Heartbeats.
2019-09-21 03:48:03,373 [org.apache.hadoop.util.JvmPauseMonitor$Monitor@2db5142c] INFO  util.JvmPauseMonitor (JvmPauseMonitor.java:run(188)) - Starting JVM pause monitor
2019-09-21 03:48:03,421 [SCMBlockDeletingService#0] DEBUG block.SCMBlockDeletingService (SCMBlockDeletingService.java:call(138)) - Running DeletedBlockTransactionScanner
2019-09-21 03:48:03,422 [SCMBlockDeletingService#0] DEBUG block.SCMBlockDeletingService (SCMBlockDeletingService.java:call(155)) - Scanned deleted blocks log and got 0 delTX to process.
2019-09-21 03:48:03,495 [Datanode State Machine Thread - 0] INFO  datanode.InitDatanodeState (InitDatanodeState.java:persistContainerDatanodeDetails(140)) - DatanodeDetails is persisted to /workdir/hadoop-ozone/integration-test/target/test-dir/MiniOzoneClusterImpl-9576e1a8-30c4-48cb-bc53-357cfd55dd46/datanode-0/meta/datanode.id
2019-09-21 03:48:03,523 [SCMBlockDeletingService#0] DEBUG block.SCMBlockDeletingService (SCMBlockDeletingService.java:call(138)) - Running DeletedBlockTransactionScanner
2019-09-21 03:48:03,523 [SCMBlockDeletingService#0] DEBUG block.SCMBlockDeletingService (SCMBlockDeletingService.java:call(155)) - Scanned deleted blocks log and got 0 delTX to process.
2019-09-21 03:48:03,624 [SCMBlockDeletingService#0] DEBUG block.SCMBlockDeletingService (SCMBlockDeletingService.java:call(138)) - Running DeletedBlockTransactionScanner
2019-09-21 03:48:03,624 [SCMBlockDeletingService#0] DEBUG block.SCMBlockDeletingService (SCMBlockDeletingService.java:call(155)) - Scanned deleted blocks log and got 0 delTX to process.
2019-09-21 03:48:03,725 [SCMBlockDeletingService#0] DEBUG block.SCMBlockDeletingService (SCMBlockDeletingService.java:call(138)) - Running DeletedBlockTransactionScanner
2019-09-21 03:48:03,725 [SCMBlockDeletingService#0] DEBUG block.SCMBlockDeletingService (SCMBlockDeletingService.java:call(155)) - Scanned deleted blocks log and got 0 delTX to process.
2019-09-21 03:48:03,826 [SCMBlockDeletingService#1] DEBUG block.SCMBlockDeletingService (SCMBlockDeletingService.java:call(138)) - Running DeletedBlockTransactionScanner
2019-09-21 03:48:03,826 [SCMBlockDeletingService#1] DEBUG block.SCMBlockDeletingService (SCMBlockDeletingService.java:call(155)) - Scanned deleted blocks log and got 0 delTX to process.
2019-09-21 03:48:03,927 [SCMBlockDeletingService#1] DEBUG block.SCMBlockDeletingService (SCMBlockDeletingService.java:call(138)) - Running DeletedBlockTransactionScanner
2019-09-21 03:48:03,927 [SCMBlockDeletingService#1] DEBUG block.SCMBlockDeletingService (SCMBlockDeletingService.java:call(155)) - Scanned deleted blocks log and got 0 delTX to process.
2019-09-21 03:48:04,028 [SCMBlockDeletingService#0] DEBUG block.SCMBlockDeletingService (SCMBlockDeletingService.java:call(138)) - Running DeletedBlockTransactionScanner
2019-09-21 03:48:04,028 [SCMBlockDeletingService#0] DEBUG block.SCMBlockDeletingService (SCMBlockDeletingService.java:call(155)) - Scanned deleted blocks log and got 0 delTX to process.
2019-09-21 03:48:04,129 [SCMBlockDeletingService#0] DEBUG block.SCMBlockDeletingService (SCMBlockDeletingService.java:call(138)) - Running DeletedBlockTransactionScanner
2019-09-21 03:48:04,129 [SCMBlockDeletingService#0] DEBUG block.SCMBlockDeletingService (SCMBlockDeletingService.java:call(155)) - Scanned deleted blocks log and got 0 delTX to process.
2019-09-21 03:48:04,230 [SCMBlockDeletingService#0] DEBUG block.SCMBlockDeletingService (SCMBlockDeletingService.java:call(138)) - Running DeletedBlockTransactionScanner
2019-09-21 03:48:04,231 [SCMBlockDeletingService#0] DEBUG block.SCMBlockDeletingService (SCMBlockDeletingService.java:call(155)) - Scanned deleted blocks log and got 0 delTX to process.
2019-09-21 03:48:04,331 [SCMBlockDeletingService#0] DEBUG block.SCMBlockDeletingService (SCMBlockDeletingService.java:call(138)) - Running DeletedBlockTransactionScanner
2019-09-21 03:48:04,332 [SCMBlockDeletingService#0] DEBUG block.SCMBlockDeletingService (SCMBlockDeletingService.java:call(155)) - Scanned deleted blocks log and got 0 delTX to process.
2019-09-21 03:48:04,367 [main] INFO  ozone.MiniOzoneClusterImpl (MiniOzoneClusterImpl.java:lambda$waitForClusterToBeReady$0(147)) - Waiting for cluster to be ready. Got 0 of 1 DN Heartbeats.
2019-09-21 03:48:04,432 [SCMBlockDeletingService#0] DEBUG block.SCMBlockDeletingService (SCMBlockDeletingService.java:call(138)) - Running DeletedBlockTransactionScanner
2019-09-21 03:48:04,432 [SCMBlockDeletingService#0] DEBUG block.SCMBlockDeletingService (SCMBlockDeletingService.java:call(155)) - Scanned deleted blocks log and got 0 delTX to process.
2019-09-21 03:48:04,533 [SCMBlockDeletingService#1] DEBUG block.SCMBlockDeletingService (SCMBlockDeletingService.java:call(138)) - Running DeletedBlockTransactionScanner
2019-09-21 03:48:04,534 [SCMBlockDeletingService#1] DEBUG block.SCMBlockDeletingService (SCMBlockDeletingService.java:call(155)) - Scanned deleted blocks log and got 0 delTX to process.
2019-09-21 03:48:04,634 [SCMBlockDeletingService#0] DEBUG block.SCMBlockDeletingService (SCMBlockDeletingService.java:call(138)) - Running DeletedBlockTransactionScanner
2019-09-21 03:48:04,635 [SCMBlockDeletingService#0] DEBUG block.SCMBlockDeletingService (SCMBlockDeletingService.java:call(155)) - Scanned deleted blocks log and got 0 delTX to process.
2019-09-21 03:48:04,735 [SCMBlockDeletingService#0] DEBUG block.SCMBlockDeletingService (SCMBlockDeletingService.java:call(138)) - Running DeletedBlockTransactionScanner
2019-09-21 03:48:04,735 [SCMBlockDeletingService#0] DEBUG block.SCMBlockDeletingService (SCMBlockDeletingService.java:call(155)) - Scanned deleted blocks log and got 0 delTX to process.
2019-09-21 03:48:04,836 [SCMBlockDeletingService#0] DEBUG block.SCMBlockDeletingService (SCMBlockDeletingService.java:call(138)) - Running DeletedBlockTransactionScanner
2019-09-21 03:48:04,837 [SCMBlockDeletingService#0] DEBUG block.SCMBlockDeletingService (SCMBlockDeletingService.java:call(155)) - Scanned deleted blocks log and got 0 delTX to process.
2019-09-21 03:48:04,937 [SCMBlockDeletingService#0] DEBUG block.SCMBlockDeletingService (SCMBlockDeletingService.java:call(138)) - Running DeletedBlockTransactionScanner
2019-09-21 03:48:04,937 [SCMBlockDeletingService#0] DEBUG block.SCMBlockDeletingService (SCMBlockDeletingService.java:call(155)) - Scanned deleted blocks log and got 0 delTX to process.
2019-09-21 03:48:05,038 [SCMBlockDeletingService#0] DEBUG block.SCMBlockDeletingService (SCMBlockDeletingService.java:call(138)) - Running DeletedBlockTransactionScanner
2019-09-21 03:48:05,038 [SCMBlockDeletingService#0] DEBUG block.SCMBlockDeletingService (SCMBlockDeletingService.java:call(155)) - Scanned deleted blocks log and got 0 delTX to process.
2019-09-21 03:48:05,139 [SCMBlockDeletingService#0] DEBUG block.SCMBlockDeletingService (SCMBlockDeletingService.java:call(138)) - Running DeletedBlockTransactionScanner
2019-09-21 03:48:05,140 [SCMBlockDeletingService#0] DEBUG block.SCMBlockDeletingService (SCMBlockDeletingService.java:call(155)) - Scanned deleted blocks log and got 0 delTX to process.
2019-09-21 03:48:05,240 [SCMBlockDeletingService#1] DEBUG block.SCMBlockDeletingService (SCMBlockDeletingService.java:call(138)) - Running DeletedBlockTransactionScanner
2019-09-21 03:48:05,241 [SCMBlockDeletingService#1] DEBUG block.SCMBlockDeletingService (SCMBlockDeletingService.java:call(155)) - Scanned deleted blocks log and got 0 delTX to process.
2019-09-21 03:48:05,341 [SCMBlockDeletingService#1] DEBUG block.SCMBlockDeletingService (SCMBlockDeletingService.java:call(138)) - Running DeletedBlockTransactionScanner
2019-09-21 03:48:05,341 [SCMBlockDeletingService#1] DEBUG block.SCMBlockDeletingService (SCMBlockDeletingService.java:call(155)) - Scanned deleted blocks log and got 0 delTX to process.
2019-09-21 03:48:05,368 [main] INFO  ozone.MiniOzoneClusterImpl (MiniOzoneClusterImpl.java:lambda$waitForClusterToBeReady$0(147)) - Waiting for cluster to be ready. Got 0 of 1 DN Heartbeats.
2019-09-21 03:48:05,442 [SCMBlockDeletingService#0] DEBUG block.SCMBlockDeletingService (SCMBlockDeletingService.java:call(138)) - Running DeletedBlockTransactionScanner
2019-09-21 03:48:05,442 [SCMBlockDeletingService#0] DEBUG block.SCMBlockDeletingService (SCMBlockDeletingService.java:call(155)) - Scanned deleted blocks log and got 0 delTX to process.
2019-09-21 03:48:05,481 [Datanode State Machine Thread - 0] INFO  ozoneimpl.OzoneContainer (OzoneContainer.java:start(217)) - Attempting to start container services.
2019-09-21 03:48:05,484 [Datanode State Machine Thread - 0] INFO  ozoneimpl.OzoneContainer (OzoneContainer.java:startContainerScrub(179)) - Background container scanner has been disabled.
2019-09-21 03:48:05,485 [Datanode State Machine Thread - 0] INFO  ratis.XceiverServerRatis (XceiverServerRatis.java:start(411)) - Starting XceiverServerRatis 555a71b6-7320-443e-bd9a-47cd6ebfc0cf at port 0
2019-09-21 03:48:05,513 [Datanode State Machine Thread - 0] INFO  impl.RaftServerProxy (RaftServerProxy.java:lambda$start$3(299)) - 555a71b6-7320-443e-bd9a-47cd6ebfc0cf: start RPC server
2019-09-21 03:48:05,543 [SCMBlockDeletingService#0] DEBUG block.SCMBlockDeletingService (SCMBlockDeletingService.java:call(138)) - Running DeletedBlockTransactionScanner
2019-09-21 03:48:05,544 [SCMBlockDeletingService#0] DEBUG block.SCMBlockDeletingService (SCMBlockDeletingService.java:call(155)) - Scanned deleted blocks log and got 0 delTX to process.
2019-09-21 03:48:05,645 [SCMBlockDeletingService#0] DEBUG block.SCMBlockDeletingService (SCMBlockDeletingService.java:call(138)) - Running DeletedBlockTransactionScanner
2019-09-21 03:48:05,646 [SCMBlockDeletingService#0] DEBUG block.SCMBlockDeletingService (SCMBlockDeletingService.java:call(155)) - Scanned deleted blocks log and got 0 delTX to process.
2019-09-21 03:48:05,657 [Datanode State Machine Thread - 0] INFO  server.GrpcService (GrpcService.java:startImpl(158)) - 555a71b6-7320-443e-bd9a-47cd6ebfc0cf: GrpcService started, listening on 0.0.0.0/0.0.0.0:38034
2019-09-21 03:48:05,658 [Datanode State Machine Thread - 0] INFO  ratis.XceiverServerRatis (XceiverServerRatis.java:start(421)) - XceiverServerRatis 555a71b6-7320-443e-bd9a-47cd6ebfc0cf is started using port 38034
2019-09-21 03:48:05,663 [Datanode State Machine Thread - 0] INFO  server.XceiverServerGrpc (XceiverServerGrpc.java:start(149)) - XceiverServerGrpc 555a71b6-7320-443e-bd9a-47cd6ebfc0cf is started using port 41018
2019-09-21 03:48:05,746 [SCMBlockDeletingService#0] DEBUG block.SCMBlockDeletingService (SCMBlockDeletingService.java:call(138)) - Running DeletedBlockTransactionScanner
2019-09-21 03:48:05,747 [SCMBlockDeletingService#0] DEBUG block.SCMBlockDeletingService (SCMBlockDeletingService.java:call(155)) - Scanned deleted blocks log and got 0 delTX to process.
2019-09-21 03:48:05,848 [SCMBlockDeletingService#0] DEBUG block.SCMBlockDeletingService (SCMBlockDeletingService.java:call(138)) - Running DeletedBlockTransactionScanner
2019-09-21 03:48:05,850 [SCMBlockDeletingService#0] DEBUG block.SCMBlockDeletingService (SCMBlockDeletingService.java:call(155)) - Scanned deleted blocks log and got 0 delTX to process.
2019-09-21 03:48:05,951 [SCMBlockDeletingService#0] DEBUG block.SCMBlockDeletingService (SCMBlockDeletingService.java:call(138)) - Running DeletedBlockTransactionScanner
2019-09-21 03:48:05,952 [SCMBlockDeletingService#0] DEBUG block.SCMBlockDeletingService (SCMBlockDeletingService.java:call(155)) - Scanned deleted blocks log and got 0 delTX to process.
2019-09-21 03:48:06,052 [SCMBlockDeletingService#0] DEBUG block.SCMBlockDeletingService (SCMBlockDeletingService.java:call(138)) - Running DeletedBlockTransactionScanner
2019-09-21 03:48:06,053 [SCMBlockDeletingService#0] DEBUG block.SCMBlockDeletingService (SCMBlockDeletingService.java:call(155)) - Scanned deleted blocks log and got 0 delTX to process.
2019-09-21 03:48:06,153 [SCMBlockDeletingService#0] DEBUG block.SCMBlockDeletingService (SCMBlockDeletingService.java:call(138)) - Running DeletedBlockTransactionScanner
2019-09-21 03:48:06,154 [SCMBlockDeletingService#0] DEBUG block.SCMBlockDeletingService (SCMBlockDeletingService.java:call(155)) - Scanned deleted blocks log and got 0 delTX to process.
2019-09-21 03:48:06,254 [SCMBlockDeletingService#0] DEBUG block.SCMBlockDeletingService (SCMBlockDeletingService.java:call(138)) - Running DeletedBlockTransactionScanner
2019-09-21 03:48:06,255 [SCMBlockDeletingService#0] DEBUG block.SCMBlockDeletingService (SCMBlockDeletingService.java:call(155)) - Scanned deleted blocks log and got 0 delTX to process.
2019-09-21 03:48:06,355 [SCMBlockDeletingService#0] DEBUG block.SCMBlockDeletingService (SCMBlockDeletingService.java:call(138)) - Running DeletedBlockTransactionScanner
2019-09-21 03:48:06,356 [SCMBlockDeletingService#0] DEBUG block.SCMBlockDeletingService (SCMBlockDeletingService.java:call(155)) - Scanned deleted blocks log and got 0 delTX to process.
2019-09-21 03:48:06,368 [main] INFO  ozone.MiniOzoneClusterImpl (MiniOzoneClusterImpl.java:lambda$waitForClusterToBeReady$0(147)) - Waiting for cluster to be ready. Got 0 of 1 DN Heartbeats.
2019-09-21 03:48:06,456 [SCMBlockDeletingService#0] DEBUG block.SCMBlockDeletingService (SCMBlockDeletingService.java:call(138)) - Running DeletedBlockTransactionScanner
2019-09-21 03:48:06,456 [SCMBlockDeletingService#0] DEBUG block.SCMBlockDeletingService (SCMBlockDeletingService.java:call(155)) - Scanned deleted blocks log and got 0 delTX to process.
2019-09-21 03:48:06,557 [SCMBlockDeletingService#0] DEBUG block.SCMBlockDeletingService (SCMBlockDeletingService.java:call(138)) - Running DeletedBlockTransactionScanner
2019-09-21 03:48:06,557 [SCMBlockDeletingService#0] DEBUG block.SCMBlockDeletingService (SCMBlockDeletingService.java:call(155)) - Scanned deleted blocks log and got 0 delTX to process.
2019-09-21 03:48:06,658 [SCMBlockDeletingService#0] DEBUG block.SCMBlockDeletingService (SCMBlockDeletingService.java:call(138)) - Running DeletedBlockTransactionScanner
2019-09-21 03:48:06,658 [SCMBlockDeletingService#0] DEBUG block.SCMBlockDeletingService (SCMBlockDeletingService.java:call(155)) - Scanned deleted blocks log and got 0 delTX to process.
2019-09-21 03:48:06,759 [SCMBlockDeletingService#0] DEBUG block.SCMBlockDeletingService (SCMBlockDeletingService.java:call(138)) - Running DeletedBlockTransactionScanner
2019-09-21 03:48:06,759 [SCMBlockDeletingService#0] DEBUG block.SCMBlockDeletingService (SCMBlockDeletingService.java:call(155)) - Scanned deleted blocks log and got 0 delTX to process.
2019-09-21 03:48:06,860 [SCMBlockDeletingService#0] DEBUG block.SCMBlockDeletingService (SCMBlockDeletingService.java:call(138)) - Running DeletedBlockTransactionScanner
2019-09-21 03:48:06,860 [SCMBlockDeletingService#0] DEBUG block.SCMBlockDeletingService (SCMBlockDeletingService.java:call(155)) - Scanned deleted blocks log and got 0 delTX to process.
2019-09-21 03:48:06,961 [SCMBlockDeletingService#0] DEBUG block.SCMBlockDeletingService (SCMBlockDeletingService.java:call(138)) - Running DeletedBlockTransactionScanner
2019-09-21 03:48:06,961 [SCMBlockDeletingService#0] DEBUG block.SCMBlockDeletingService (SCMBlockDeletingService.java:call(155)) - Scanned deleted blocks log and got 0 delTX to process.
2019-09-21 03:48:07,062 [SCMBlockDeletingService#0] DEBUG block.SCMBlockDeletingService (SCMBlockDeletingService.java:call(138)) - Running DeletedBlockTransactionScanner
2019-09-21 03:48:07,062 [SCMBlockDeletingService#0] DEBUG block.SCMBlockDeletingService (SCMBlockDeletingService.java:call(155)) - Scanned deleted blocks log and got 0 delTX to process.
2019-09-21 03:48:07,163 [SCMBlockDeletingService#0] DEBUG block.SCMBlockDeletingService (SCMBlockDeletingService.java:call(138)) - Running DeletedBlockTransactionScanner
2019-09-21 03:48:07,163 [SCMBlockDeletingService#0] DEBUG block.SCMBlockDeletingService (SCMBlockDeletingService.java:call(155)) - Scanned deleted blocks log and got 0 delTX to process.
2019-09-21 03:48:07,264 [SCMBlockDeletingService#1] DEBUG block.SCMBlockDeletingService (SCMBlockDeletingService.java:call(138)) - Running DeletedBlockTransactionScanner
2019-09-21 03:48:07,264 [SCMBlockDeletingService#1] DEBUG block.SCMBlockDeletingService (SCMBlockDeletingService.java:call(155)) - Scanned deleted blocks log and got 0 delTX to process.
2019-09-21 03:48:07,365 [SCMBlockDeletingService#0] DEBUG block.SCMBlockDeletingService (SCMBlockDeletingService.java:call(138)) - Running DeletedBlockTransactionScanner
2019-09-21 03:48:07,365 [SCMBlockDeletingService#0] DEBUG block.SCMBlockDeletingService (SCMBlockDeletingService.java:call(155)) - Scanned deleted blocks log and got 0 delTX to process.
2019-09-21 03:48:07,369 [main] INFO  ozone.MiniOzoneClusterImpl (MiniOzoneClusterImpl.java:lambda$waitForClusterToBeReady$0(147)) - Waiting for cluster to be ready. Got 0 of 1 DN Heartbeats.
2019-09-21 03:48:07,427 [IPC Server handler 1 on 39082] INFO  net.NetworkTopology (NetworkTopologyImpl.java:add(111)) - Added a new node: /default-rack/555a71b6-7320-443e-bd9a-47cd6ebfc0cf
2019-09-21 03:48:07,427 [IPC Server handler 1 on 39082] INFO  node.SCMNodeManager (SCMNodeManager.java:register(266)) - Registered Data node : 555a71b6-7320-443e-bd9a-47cd6ebfc0cf{ip: 192.168.157.196, host: pr-hdds-2161-927ps-406439766, networkLocation: /default-rack, certSerialId: null}
2019-09-21 03:48:07,434 [EventQueue-NodeRegistrationContainerReportForDataNodeSafeModeRule] INFO  safemode.SCMSafeModeManager (DataNodeSafeModeRule.java:process(71)) - SCM in safe mode. 1 DataNodes registered, 1 required.
2019-09-21 03:48:07,434 [EventQueue-NodeRegistrationContainerReportForDataNodeSafeModeRule] INFO  safemode.SCMSafeModeManager (SCMSafeModeManager.java:validateSafeModeExitRules(177)) - ScmSafeModeManager, all rules are successfully validated
2019-09-21 03:48:07,434 [EventQueue-NodeRegistrationContainerReportForDataNodeSafeModeRule] INFO  safemode.SCMSafeModeManager (SCMSafeModeManager.java:exitSafeMode(193)) - SCM exiting safe mode.
2019-09-21 03:48:07,466 [SCMBlockDeletingService#0] DEBUG block.SCMBlockDeletingService (SCMBlockDeletingService.java:call(138)) - Running DeletedBlockTransactionScanner
2019-09-21 03:48:07,467 [SCMBlockDeletingService#0] DEBUG block.SCMBlockDeletingService (SCMBlockDeletingService.java:call(155)) - Scanned deleted blocks log and got 0 delTX to process.
2019-09-21 03:48:07,568 [SCMBlockDeletingService#0] DEBUG block.SCMBlockDeletingService (SCMBlockDeletingService.java:call(138)) - Running DeletedBlockTransactionScanner
2019-09-21 03:48:07,568 [SCMBlockDeletingService#0] DEBUG block.SCMBlockDeletingService (SCMBlockDeletingService.java:call(155)) - Scanned deleted blocks log and got 0 delTX to process.
2019-09-21 03:48:07,669 [SCMBlockDeletingService#0] DEBUG block.SCMBlockDeletingService (SCMBlockDeletingService.java:call(138)) - Running DeletedBlockTransactionScanner
2019-09-21 03:48:07,669 [SCMBlockDeletingService#0] DEBUG block.SCMBlockDeletingService (SCMBlockDeletingService.java:call(155)) - Scanned deleted blocks log and got 0 delTX to process.
2019-09-21 03:48:07,770 [SCMBlockDeletingService#0] DEBUG block.SCMBlockDeletingService (SCMBlockDeletingService.java:call(138)) - Running DeletedBlockTransactionScanner
2019-09-21 03:48:07,770 [SCMBlockDeletingService#0] DEBUG block.SCMBlockDeletingService (SCMBlockDeletingService.java:call(155)) - Scanned deleted blocks log and got 0 delTX to process.
2019-09-21 03:48:07,871 [SCMBlockDeletingService#0] DEBUG block.SCMBlockDeletingService (SCMBlockDeletingService.java:call(138)) - Running DeletedBlockTransactionScanner
2019-09-21 03:48:07,871 [SCMBlockDeletingService#0] DEBUG block.SCMBlockDeletingService (SCMBlockDeletingService.java:call(155)) - Scanned deleted blocks log and got 0 delTX to process.
2019-09-21 03:48:07,972 [SCMBlockDeletingService#1] DEBUG block.SCMBlockDeletingService (SCMBlockDeletingService.java:call(138)) - Running DeletedBlockTransactionScanner
2019-09-21 03:48:07,972 [SCMBlockDeletingService#1] DEBUG block.SCMBlockDeletingService (SCMBlockDeletingService.java:call(155)) - Scanned deleted blocks log and got 0 delTX to process.
2019-09-21 03:48:07,985 [grpc-default-executor-0] INFO  impl.RaftServerProxy (RaftServerProxy.java:addNew(89)) - 555a71b6-7320-443e-bd9a-47cd6ebfc0cf: addNew group-A814ED1B11EB:[555a71b6-7320-443e-bd9a-47cd6ebfc0cf:192.168.157.196:38034] returns group-A814ED1B11EB:java.util.concurrent.CompletableFuture@5efa2c37[Not completed]
2019-09-21 03:48:08,003 [pool-27-thread-1] INFO  impl.RaftServerImpl (RaftServerImpl.java:<init>(95)) - 555a71b6-7320-443e-bd9a-47cd6ebfc0cf: new RaftServerImpl for group-A814ED1B11EB:[555a71b6-7320-443e-bd9a-47cd6ebfc0cf:192.168.157.196:38034] with ContainerStateMachine:uninitialized
2019-09-21 03:48:08,006 [pool-27-thread-1] INFO  server.RaftServerConfigKeys (ConfUtils.java:logGet(43)) - raft.server.rpc.timeout.min = 5s (custom)
2019-09-21 03:48:08,007 [pool-27-thread-1] INFO  server.RaftServerConfigKeys (ConfUtils.java:logGet(43)) - raft.server.rpc.timeout.max = 5200ms (custom)
2019-09-21 03:48:08,007 [pool-27-thread-1] INFO  server.RaftServerConfigKeys (ConfUtils.java:logGet(43)) - raft.server.rpcslowness.timeout = 120s (custom)
2019-09-21 03:48:08,008 [pool-27-thread-1] INFO  server.RaftServerConfigKeys (ConfUtils.java:logGet(43)) - raft.server.sleep.deviation.threshold = 300 (default)
2019-09-21 03:48:08,010 [pool-27-thread-1] INFO  server.RaftServerConfigKeys (ConfUtils.java:logGet(43)) - raft.server.log.appender.install.snapshot.enabled = false (custom)
2019-09-21 03:48:08,019 [pool-27-thread-1] INFO  impl.RaftServerImpl (ServerState.java:<init>(103)) - 555a71b6-7320-443e-bd9a-47cd6ebfc0cf@group-A814ED1B11EB: ConfigurationManager, init=-1: [555a71b6-7320-443e-bd9a-47cd6ebfc0cf:192.168.157.196:38034], old=null, confs=<EMPTY_MAP>
2019-09-21 03:48:08,019 [pool-27-thread-1] INFO  server.RaftServerConfigKeys (ConfUtils.java:logGet(43)) - raft.server.storage.dir = [/workdir/hadoop-ozone/integration-test/target/test-dir/MiniOzoneClusterImpl-9576e1a8-30c4-48cb-bc53-357cfd55dd46/datanode-0/data/ratis] (custom)
2019-09-21 03:48:08,029 [pool-27-thread-1] INFO  storage.RaftStorageDirectory (RaftStorageDirectory.java:analyzeStorage(246)) - The storage directory /workdir/hadoop-ozone/integration-test/target/test-dir/MiniOzoneClusterImpl-9576e1a8-30c4-48cb-bc53-357cfd55dd46/datanode-0/data/ratis/ac09d141-6968-4575-83ac-a814ed1b11eb does not exist. Creating ...
2019-09-21 03:48:08,048 [pool-27-thread-1] INFO  storage.RaftStorageDirectory (RaftStorageDirectory.java:tryLock(328)) - Lock on /workdir/hadoop-ozone/integration-test/target/test-dir/MiniOzoneClusterImpl-9576e1a8-30c4-48cb-bc53-357cfd55dd46/datanode-0/data/ratis/ac09d141-6968-4575-83ac-a814ed1b11eb/in_use.lock acquired by nodename 2020@pr-hdds-2161-927ps-406439766
2019-09-21 03:48:08,058 [pool-27-thread-1] INFO  storage.RaftStorage (RaftStorage.java:format(72)) - Storage directory /workdir/hadoop-ozone/integration-test/target/test-dir/MiniOzoneClusterImpl-9576e1a8-30c4-48cb-bc53-357cfd55dd46/datanode-0/data/ratis/ac09d141-6968-4575-83ac-a814ed1b11eb has been successfully formatted.
2019-09-21 03:48:08,061 [pool-27-thread-1] INFO  ratis.ContainerStateMachine (ContainerStateMachine.java:loadSnapshot(230)) - group-A814ED1B11EB: The snapshot info is null. Setting the last applied indexto:(t:0, i:~)
2019-09-21 03:48:08,061 [pool-27-thread-1] INFO  server.RaftServerConfigKeys (ConfUtils.java:logGet(43)) - raft.server.notification.no-leader.timeout = 120s (custom)
2019-09-21 03:48:08,064 [pool-27-thread-1] INFO  server.RaftServerConfigKeys (ConfUtils.java:logGet(43)) - raft.server.log.use.memory = false (default)
2019-09-21 03:48:08,070 [pool-27-thread-1] INFO  server.RaftServerConfigKeys (ConfUtils.java:logGet(43)) - raft.server.log.purge.gap = 1000000 (custom)
2019-09-21 03:48:08,070 [pool-27-thread-1] INFO  server.RaftServerConfigKeys (ConfUtils.java:logGet(43)) - raft.server.log.appender.buffer.byte-limit = 33554432 (custom)
2019-09-21 03:48:08,072 [pool-27-thread-1] INFO  server.RaftServerConfigKeys (ConfUtils.java:logGet(43)) - raft.server.log.segment.size.max = 1048576 (custom)
2019-09-21 03:48:08,072 [SCMBlockDeletingService#1] DEBUG block.SCMBlockDeletingService (SCMBlockDeletingService.java:call(138)) - Running DeletedBlockTransactionScanner
2019-09-21 03:48:08,073 [SCMBlockDeletingService#1] DEBUG block.SCMBlockDeletingService (SCMBlockDeletingService.java:call(155)) - Scanned deleted blocks log and got 0 delTX to process.
2019-09-21 03:48:08,077 [pool-27-thread-1] INFO  server.RaftServerConfigKeys (ConfUtils.java:logGet(43)) - raft.server.log.segment.cache.num.max = 2 (custom)
2019-09-21 03:48:08,082 [pool-27-thread-1] INFO  segmented.SegmentedRaftLogWorker (SegmentedRaftLogWorker.java:<init>(172)) - new 555a71b6-7320-443e-bd9a-47cd6ebfc0cf@group-A814ED1B11EB-SegmentedRaftLogWorker for RaftStorage:Storage Directory /workdir/hadoop-ozone/integration-test/target/test-dir/MiniOzoneClusterImpl-9576e1a8-30c4-48cb-bc53-357cfd55dd46/datanode-0/data/ratis/ac09d141-6968-4575-83ac-a814ed1b11eb
2019-09-21 03:48:08,084 [pool-27-thread-1] INFO  impl.MetricsSystemImpl (MetricsSystemImpl.java:init(158)) - ratis metrics system started (again)
2019-09-21 03:48:08,090 [pool-27-thread-1] INFO  metrics.MetricRegistries (MetricRegistriesLoader.java:load(64)) - Loaded MetricRegistries class org.apache.ratis.metrics.impl.MetricRegistriesImpl
2019-09-21 03:48:08,118 [pool-27-thread-1] INFO  server.RaftServerConfigKeys (ConfUtils.java:logGet(43)) - raft.server.log.queue.byte-limit = 2147483647 (custom)
2019-09-21 03:48:08,118 [pool-27-thread-1] INFO  server.RaftServerConfigKeys (ConfUtils.java:logGet(43)) - raft.server.log.queue.element-limit = 1024 (custom)
2019-09-21 03:48:08,121 [pool-27-thread-1] INFO  server.RaftServerConfigKeys (ConfUtils.java:logGet(43)) - raft.server.log.segment.size.max = 1048576 (custom)
2019-09-21 03:48:08,122 [pool-27-thread-1] INFO  server.RaftServerConfigKeys (ConfUtils.java:logGet(43)) - raft.server.log.preallocated.size = 16384 (custom)
2019-09-21 03:48:08,122 [pool-27-thread-1] INFO  server.RaftServerConfigKeys (ConfUtils.java:logGet(43)) - raft.server.log.write.buffer.size = 33554432 (custom)
2019-09-21 03:48:08,123 [pool-27-thread-1] INFO  server.RaftServerConfigKeys (ConfUtils.java:logGet(43)) - raft.server.log.force.sync.num = 128 (default)
2019-09-21 03:48:08,124 [pool-27-thread-1] INFO  server.RaftServerConfigKeys (ConfUtils.java:logGet(43)) - raft.server.log.statemachine.data.sync = true (default)
2019-09-21 03:48:08,124 [pool-27-thread-1] INFO  server.RaftServerConfigKeys (ConfUtils.java:logGet(43)) - raft.server.log.statemachine.data.sync.timeout = 10s (default)
2019-09-21 03:48:08,124 [pool-27-thread-1] INFO  server.RaftServerConfigKeys (ConfUtils.java:logGet(43)) - raft.server.log.statemachine.data.sync.timeout.retry = -1 (default)
2019-09-21 03:48:08,133 [pool-27-thread-1] INFO  server.RaftServerConfigKeys (ConfUtils.java:logGet(43)) - raft.server.log.statemachine.data.caching.enabled = true (custom)
2019-09-21 03:48:08,137 [pool-27-thread-1] INFO  segmented.SegmentedRaftLogWorker (SegmentedRaftLogWorker.java:lambda$new$0(132)) - 555a71b6-7320-443e-bd9a-47cd6ebfc0cf@group-A814ED1B11EB-SegmentedRaftLogWorker: flushIndex: setUnconditionally 0 -> -1
2019-09-21 03:48:08,141 [pool-27-thread-1] INFO  server.RaftServerConfigKeys (ConfUtils.java:logGet(43)) - raft.server.snapshot.auto.trigger.enabled = true (custom)
2019-09-21 03:48:08,142 [pool-27-thread-1] INFO  server.RaftServerConfigKeys (ConfUtils.java:logGet(43)) - raft.server.snapshot.auto.trigger.threshold = 10000 (custom)
2019-09-21 03:48:08,143 [pool-27-thread-1] INFO  server.RaftServerConfigKeys (ConfUtils.java:logGet(43)) - raft.server.snapshot.retention.num.files = 5 (custom)
2019-09-21 03:48:08,143 [pool-27-thread-1] INFO  server.RaftServerConfigKeys (ConfUtils.java:logGet(43)) - raft.server.retrycache.expirytime = 600000ms (custom)
2019-09-21 03:48:08,170 [pool-27-thread-1] INFO  impl.RaftServerImpl (RaftServerImpl.java:start(185)) - 555a71b6-7320-443e-bd9a-47cd6ebfc0cf@group-A814ED1B11EB: start as a follower, conf=-1: [555a71b6-7320-443e-bd9a-47cd6ebfc0cf:192.168.157.196:38034], old=null
2019-09-21 03:48:08,171 [pool-27-thread-1] INFO  impl.RaftServerImpl (RaftServerImpl.java:setRole(174)) - 555a71b6-7320-443e-bd9a-47cd6ebfc0cf@group-A814ED1B11EB: changes role from      null to FOLLOWER at term 0 for startAsFollower
2019-09-21 03:48:08,172 [pool-27-thread-1] INFO  impl.RoleInfo (RoleInfo.java:updateAndGet(143)) - 555a71b6-7320-443e-bd9a-47cd6ebfc0cf: start FollowerState
2019-09-21 03:48:08,173 [SCMBlockDeletingService#1] DEBUG block.SCMBlockDeletingService (SCMBlockDeletingService.java:call(138)) - Running DeletedBlockTransactionScanner
2019-09-21 03:48:08,173 [pool-27-thread-1] INFO  util.JmxRegister (JmxRegister.java:tryRegister(44)) - Successfully registered JMX Bean with object name Ratis:service=RaftServer,group=group-A814ED1B11EB,id=555a71b6-7320-443e-bd9a-47cd6ebfc0cf
2019-09-21 03:48:08,174 [SCMBlockDeletingService#1] DEBUG block.SCMBlockDeletingService (SCMBlockDeletingService.java:call(155)) - Scanned deleted blocks log and got 0 delTX to process.
2019-09-21 03:48:08,250 [RatisPipelineUtilsThread] INFO  pipeline.PipelineStateManager (PipelineStateManager.java:addPipeline(56)) - Created pipeline Pipeline[ Id: ac09d141-6968-4575-83ac-a814ed1b11eb, Nodes: 555a71b6-7320-443e-bd9a-47cd6ebfc0cf{ip: 192.168.157.196, host: pr-hdds-2161-927ps-406439766, networkLocation: /default-rack, certSerialId: null}, Type:RATIS, Factor:ONE, State:OPEN]
2019-09-21 03:48:08,274 [SCMBlockDeletingService#1] DEBUG block.SCMBlockDeletingService (SCMBlockDeletingService.java:call(138)) - Running DeletedBlockTransactionScanner
2019-09-21 03:48:08,275 [SCMBlockDeletingService#1] DEBUG block.SCMBlockDeletingService (SCMBlockDeletingService.java:call(155)) - Scanned deleted blocks log and got 0 delTX to process.
2019-09-21 03:48:08,370 [main] INFO  ozone.MiniOzoneClusterImpl (MiniOzoneClusterImpl.java:lambda$waitForClusterToBeReady$0(147)) - Cluster is ready. Got 1 of 1 DN Heartbeats.
2019-09-21 03:48:08,375 [SCMBlockDeletingService#1] DEBUG block.SCMBlockDeletingService (SCMBlockDeletingService.java:call(138)) - Running DeletedBlockTransactionScanner
2019-09-21 03:48:08,376 [SCMBlockDeletingService#1] DEBUG block.SCMBlockDeletingService (SCMBlockDeletingService.java:call(155)) - Scanned deleted blocks log and got 0 delTX to process.
2019-09-21 03:48:08,476 [SCMBlockDeletingService#0] DEBUG block.SCMBlockDeletingService (SCMBlockDeletingService.java:call(138)) - Running DeletedBlockTransactionScanner
2019-09-21 03:48:08,476 [SCMBlockDeletingService#0] DEBUG block.SCMBlockDeletingService (SCMBlockDeletingService.java:call(155)) - Scanned deleted blocks log and got 0 delTX to process.
2019-09-21 03:48:08,577 [SCMBlockDeletingService#0] DEBUG block.SCMBlockDeletingService (SCMBlockDeletingService.java:call(138)) - Running DeletedBlockTransactionScanner
2019-09-21 03:48:08,577 [SCMBlockDeletingService#0] DEBUG block.SCMBlockDeletingService (SCMBlockDeletingService.java:call(155)) - Scanned deleted blocks log and got 0 delTX to process.
2019-09-21 03:48:08,678 [SCMBlockDeletingService#0] DEBUG block.SCMBlockDeletingService (SCMBlockDeletingService.java:call(138)) - Running DeletedBlockTransactionScanner
2019-09-21 03:48:08,678 [SCMBlockDeletingService#0] DEBUG block.SCMBlockDeletingService (SCMBlockDeletingService.java:call(155)) - Scanned deleted blocks log and got 0 delTX to process.
2019-09-21 03:48:08,778 [SCMBlockDeletingService#0] DEBUG block.SCMBlockDeletingService (SCMBlockDeletingService.java:call(138)) - Running DeletedBlockTransactionScanner
2019-09-21 03:48:08,779 [SCMBlockDeletingService#0] DEBUG block.SCMBlockDeletingService (SCMBlockDeletingService.java:call(155)) - Scanned deleted blocks log and got 0 delTX to process.
2019-09-21 03:48:08,879 [SCMBlockDeletingService#0] DEBUG block.SCMBlockDeletingService (SCMBlockDeletingService.java:call(138)) - Running DeletedBlockTransactionScanner
2019-09-21 03:48:08,880 [SCMBlockDeletingService#0] DEBUG block.SCMBlockDeletingService (SCMBlockDeletingService.java:call(155)) - Scanned deleted blocks log and got 0 delTX to process.
2019-09-21 03:48:08,980 [SCMBlockDeletingService#0] DEBUG block.SCMBlockDeletingService (SCMBlockDeletingService.java:call(138)) - Running DeletedBlockTransactionScanner
2019-09-21 03:48:08,981 [SCMBlockDeletingService#0] DEBUG block.SCMBlockDeletingService (SCMBlockDeletingService.java:call(155)) - Scanned deleted blocks log and got 0 delTX to process.
2019-09-21 03:48:09,081 [SCMBlockDeletingService#0] DEBUG block.SCMBlockDeletingService (SCMBlockDeletingService.java:call(138)) - Running DeletedBlockTransactionScanner
2019-09-21 03:48:09,082 [SCMBlockDeletingService#0] DEBUG block.SCMBlockDeletingService (SCMBlockDeletingService.java:call(155)) - Scanned deleted blocks log and got 0 delTX to process.
2019-09-21 03:48:09,182 [SCMBlockDeletingService#0] DEBUG block.SCMBlockDeletingService (SCMBlockDeletingService.java:call(138)) - Running DeletedBlockTransactionScanner
2019-09-21 03:48:09,183 [SCMBlockDeletingService#0] DEBUG block.SCMBlockDeletingService (SCMBlockDeletingService.java:call(155)) - Scanned deleted blocks log and got 0 delTX to process.
2019-09-21 03:48:09,283 [SCMBlockDeletingService#1] DEBUG block.SCMBlockDeletingService (SCMBlockDeletingService.java:call(138)) - Running DeletedBlockTransactionScanner
2019-09-21 03:48:09,284 [SCMBlockDeletingService#1] DEBUG block.SCMBlockDeletingService (SCMBlockDeletingService.java:call(155)) - Scanned deleted blocks log and got 0 delTX to process.
2019-09-21 03:48:09,384 [SCMBlockDeletingService#1] DEBUG block.SCMBlockDeletingService (SCMBlockDeletingService.java:call(138)) - Running DeletedBlockTransactionScanner
2019-09-21 03:48:09,384 [SCMBlockDeletingService#1] DEBUG block.SCMBlockDeletingService (SCMBlockDeletingService.java:call(155)) - Scanned deleted blocks log and got 0 delTX to process.
2019-09-21 03:48:09,485 [SCMBlockDeletingService#1] DEBUG block.SCMBlockDeletingService (SCMBlockDeletingService.java:call(138)) - Running DeletedBlockTransactionScanner
2019-09-21 03:48:09,486 [SCMBlockDeletingService#1] DEBUG block.SCMBlockDeletingService (SCMBlockDeletingService.java:call(155)) - Scanned deleted blocks log and got 0 delTX to process.
2019-09-21 03:48:09,586 [SCMBlockDeletingService#1] DEBUG block.SCMBlockDeletingService (SCMBlockDeletingService.java:call(138)) - Running DeletedBlockTransactionScanner
2019-09-21 03:48:09,586 [SCMBlockDeletingService#1] DEBUG block.SCMBlockDeletingService (SCMBlockDeletingService.java:call(155)) - Scanned deleted blocks log and got 0 delTX to process.
2019-09-21 03:48:09,687 [SCMBlockDeletingService#1] DEBUG block.SCMBlockDeletingService (SCMBlockDeletingService.java:call(138)) - Running DeletedBlockTransactionScanner
2019-09-21 03:48:09,687 [SCMBlockDeletingService#1] DEBUG block.SCMBlockDeletingService (SCMBlockDeletingService.java:call(155)) - Scanned deleted blocks log and got 0 delTX to process.
2019-09-21 03:48:09,788 [SCMBlockDeletingService#1] DEBUG block.SCMBlockDeletingService (SCMBlockDeletingService.java:call(138)) - Running DeletedBlockTransactionScanner
2019-09-21 03:48:09,788 [SCMBlockDeletingService#1] DEBUG block.SCMBlockDeletingService (SCMBlockDeletingService.java:call(155)) - Scanned deleted blocks log and got 0 delTX to process.
2019-09-21 03:48:09,889 [SCMBlockDeletingService#1] DEBUG block.SCMBlockDeletingService (SCMBlockDeletingService.java:call(138)) - Running DeletedBlockTransactionScanner
2019-09-21 03:48:09,890 [SCMBlockDeletingService#1] DEBUG block.SCMBlockDeletingService (SCMBlockDeletingService.java:call(155)) - Scanned deleted blocks log and got 0 delTX to process.
2019-09-21 03:48:09,990 [SCMBlockDeletingService#1] DEBUG block.SCMBlockDeletingService (SCMBlockDeletingService.java:call(138)) - Running DeletedBlockTransactionScanner
2019-09-21 03:48:09,990 [SCMBlockDeletingService#1] DEBUG block.SCMBlockDeletingService (SCMBlockDeletingService.java:call(155)) - Scanned deleted blocks log and got 0 delTX to process.
2019-09-21 03:48:10,091 [SCMBlockDeletingService#1] DEBUG block.SCMBlockDeletingService (SCMBlockDeletingService.java:call(138)) - Running DeletedBlockTransactionScanner
2019-09-21 03:48:10,091 [SCMBlockDeletingService#1] DEBUG block.SCMBlockDeletingService (SCMBlockDeletingService.java:call(155)) - Scanned deleted blocks log and got 0 delTX to process.
2019-09-21 03:48:10,192 [SCMBlockDeletingService#1] DEBUG block.SCMBlockDeletingService (SCMBlockDeletingService.java:call(138)) - Running DeletedBlockTransactionScanner
2019-09-21 03:48:10,192 [SCMBlockDeletingService#1] DEBUG block.SCMBlockDeletingService (SCMBlockDeletingService.java:call(155)) - Scanned deleted blocks log and got 0 delTX to process.
2019-09-21 03:48:10,292 [SCMBlockDeletingService#1] DEBUG block.SCMBlockDeletingService (SCMBlockDeletingService.java:call(138)) - Running DeletedBlockTransactionScanner
2019-09-21 03:48:10,293 [SCMBlockDeletingService#1] DEBUG block.SCMBlockDeletingService (SCMBlockDeletingService.java:call(155)) - Scanned deleted blocks log and got 0 delTX to process.
2019-09-21 03:48:10,393 [SCMBlockDeletingService#1] DEBUG block.SCMBlockDeletingService (SCMBlockDeletingService.java:call(138)) - Running DeletedBlockTransactionScanner
2019-09-21 03:48:10,393 [SCMBlockDeletingService#1] DEBUG block.SCMBlockDeletingService (SCMBlockDeletingService.java:call(155)) - Scanned deleted blocks log and got 0 delTX to process.
2019-09-21 03:48:10,477 [Thread-156] INFO  container.ReplicationManager (ReplicationManager.java:start(162)) - Starting Replication Monitor Thread.
2019-09-21 03:48:10,480 [ReplicationMonitor] INFO  container.ReplicationManager (ReplicationManager.java:run(225)) - Replication Monitor Thread took 2 milliseconds for processing 0 containers.
2019-09-21 03:48:10,494 [SCMBlockDeletingService#1] DEBUG block.SCMBlockDeletingService (SCMBlockDeletingService.java:call(138)) - Running DeletedBlockTransactionScanner
2019-09-21 03:48:10,494 [SCMBlockDeletingService#1] DEBUG block.SCMBlockDeletingService (SCMBlockDeletingService.java:call(155)) - Scanned deleted blocks log and got 0 delTX to process.
2019-09-21 03:48:10,595 [SCMBlockDeletingService#1] DEBUG block.SCMBlockDeletingService (SCMBlockDeletingService.java:call(138)) - Running DeletedBlockTransactionScanner
2019-09-21 03:48:10,595 [SCMBlockDeletingService#1] DEBUG block.SCMBlockDeletingService (SCMBlockDeletingService.java:call(155)) - Scanned deleted blocks log and got 0 delTX to process.
2019-09-21 03:48:10,695 [SCMBlockDeletingService#1] DEBUG block.SCMBlockDeletingService (SCMBlockDeletingService.java:call(138)) - Running DeletedBlockTransactionScanner
2019-09-21 03:48:10,696 [SCMBlockDeletingService#1] DEBUG block.SCMBlockDeletingService (SCMBlockDeletingService.java:call(155)) - Scanned deleted blocks log and got 0 delTX to process.
2019-09-21 03:48:10,796 [SCMBlockDeletingService#1] DEBUG block.SCMBlockDeletingService (SCMBlockDeletingService.java:call(138)) - Running DeletedBlockTransactionScanner
2019-09-21 03:48:10,796 [SCMBlockDeletingService#1] DEBUG block.SCMBlockDeletingService (SCMBlockDeletingService.java:call(155)) - Scanned deleted blocks log and got 0 delTX to process.
2019-09-21 03:48:10,897 [SCMBlockDeletingService#1] DEBUG block.SCMBlockDeletingService (SCMBlockDeletingService.java:call(138)) - Running DeletedBlockTransactionScanner
2019-09-21 03:48:10,897 [SCMBlockDeletingService#1] DEBUG block.SCMBlockDeletingService (SCMBlockDeletingService.java:call(155)) - Scanned deleted blocks log and got 0 delTX to process.
2019-09-21 03:48:10,998 [SCMBlockDeletingService#1] DEBUG block.SCMBlockDeletingService (SCMBlockDeletingService.java:call(138)) - Running DeletedBlockTransactionScanner
2019-09-21 03:48:10,998 [SCMBlockDeletingService#1] DEBUG block.SCMBlockDeletingService (SCMBlockDeletingService.java:call(155)) - Scanned deleted blocks log and got 0 delTX to process.
2019-09-21 03:48:11,020 [main] INFO  rpc.RpcClient (RpcClient.java:createVolume(276)) - Creating Volume: fe06bee5-7b11-4353-933d-524b763ff10d, with jenkins1000 as owner.
2019-09-21 03:48:11,099 [SCMBlockDeletingService#1] DEBUG block.SCMBlockDeletingService (SCMBlockDeletingService.java:call(138)) - Running DeletedBlockTransactionScanner
2019-09-21 03:48:11,099 [SCMBlockDeletingService#1] DEBUG block.SCMBlockDeletingService (SCMBlockDeletingService.java:call(155)) - Scanned deleted blocks log and got 0 delTX to process.
2019-09-21 03:48:11,125 [IPC Server handler 1 on 32839] INFO  volume.OMVolumeCreateRequest (OMVolumeCreateRequest.java:validateAndUpdateCache(189)) - created volume:fe06bee5-7b11-4353-933d-524b763ff10d for user:jenkins1000
2019-09-21 03:48:11,162 [main] INFO  rpc.RpcClient (RpcClient.java:createBucket(415)) - Creating Bucket: fe06bee5-7b11-4353-933d-524b763ff10d/c9f9befa-f081-4431-b589-fcf0ae9f79e2, with Versioning false and Storage Type set to DISK and Encryption set to false 
2019-09-21 03:48:11,200 [SCMBlockDeletingService#1] DEBUG block.SCMBlockDeletingService (SCMBlockDeletingService.java:call(138)) - Running DeletedBlockTransactionScanner
2019-09-21 03:48:11,200 [SCMBlockDeletingService#1] DEBUG block.SCMBlockDeletingService (SCMBlockDeletingService.java:call(155)) - Scanned deleted blocks log and got 0 delTX to process.
2019-09-21 03:48:11,301 [SCMBlockDeletingService#1] DEBUG block.SCMBlockDeletingService (SCMBlockDeletingService.java:call(138)) - Running DeletedBlockTransactionScanner
2019-09-21 03:48:11,301 [SCMBlockDeletingService#1] DEBUG block.SCMBlockDeletingService (SCMBlockDeletingService.java:call(155)) - Scanned deleted blocks log and got 0 delTX to process.
2019-09-21 03:48:11,402 [SCMBlockDeletingService#1] DEBUG block.SCMBlockDeletingService (SCMBlockDeletingService.java:call(138)) - Running DeletedBlockTransactionScanner
2019-09-21 03:48:11,402 [SCMBlockDeletingService#1] DEBUG block.SCMBlockDeletingService (SCMBlockDeletingService.java:call(155)) - Scanned deleted blocks log and got 0 delTX to process.
2019-09-21 03:48:11,811 [SCMBlockDeletingService#1] DEBUG block.SCMBlockDeletingService (SCMBlockDeletingService.java:call(138)) - Running DeletedBlockTransactionScanner
2019-09-21 03:48:11,812 [SCMBlockDeletingService#1] DEBUG block.SCMBlockDeletingService (SCMBlockDeletingService.java:call(155)) - Scanned deleted blocks log and got 0 delTX to process.
2019-09-21 03:48:11,912 [SCMBlockDeletingService#1] DEBUG block.SCMBlockDeletingService (SCMBlockDeletingService.java:call(138)) - Running DeletedBlockTransactionScanner
2019-09-21 03:48:11,913 [SCMBlockDeletingService#1] DEBUG block.SCMBlockDeletingService (SCMBlockDeletingService.java:call(155)) - Scanned deleted blocks log and got 0 delTX to process.
2019-09-21 03:48:11,990 [main] INFO  impl.MetricsSystemImpl (MetricsSystemImpl.java:init(158)) - XceiverClientMetrics metrics system started (again)
2019-09-21 03:48:12,013 [SCMBlockDeletingService#1] DEBUG block.SCMBlockDeletingService (SCMBlockDeletingService.java:call(138)) - Running DeletedBlockTransactionScanner
2019-09-21 03:48:12,014 [SCMBlockDeletingService#1] DEBUG block.SCMBlockDeletingService (SCMBlockDeletingService.java:call(155)) - Scanned deleted blocks log and got 0 delTX to process.
2019-09-21 03:48:12,114 [SCMBlockDeletingService#1] DEBUG block.SCMBlockDeletingService (SCMBlockDeletingService.java:call(138)) - Running DeletedBlockTransactionScanner
2019-09-21 03:48:12,115 [SCMBlockDeletingService#1] DEBUG block.SCMBlockDeletingService (SCMBlockDeletingService.java:call(155)) - Scanned deleted blocks log and got 0 delTX to process.
2019-09-21 03:48:12,215 [SCMBlockDeletingService#1] DEBUG block.SCMBlockDeletingService (SCMBlockDeletingService.java:call(138)) - Running DeletedBlockTransactionScanner
2019-09-21 03:48:12,216 [SCMBlockDeletingService#1] DEBUG block.SCMBlockDeletingService (SCMBlockDeletingService.java:call(155)) - Scanned deleted blocks log and got 0 delTX to process.
2019-09-21 03:48:12,316 [SCMBlockDeletingService#1] DEBUG block.SCMBlockDeletingService (SCMBlockDeletingService.java:call(138)) - Running DeletedBlockTransactionScanner
2019-09-21 03:48:12,317 [SCMBlockDeletingService#1] DEBUG block.SCMBlockDeletingService (SCMBlockDeletingService.java:call(155)) - Scanned deleted blocks log and got 0 delTX to process.
2019-09-21 03:48:12,417 [SCMBlockDeletingService#1] DEBUG block.SCMBlockDeletingService (SCMBlockDeletingService.java:call(138)) - Running DeletedBlockTransactionScanner
2019-09-21 03:48:12,418 [SCMBlockDeletingService#1] DEBUG block.SCMBlockDeletingService (SCMBlockDeletingService.java:call(155)) - Scanned deleted blocks log and got 0 delTX to process.
2019-09-21 03:48:12,518 [SCMBlockDeletingService#1] DEBUG block.SCMBlockDeletingService (SCMBlockDeletingService.java:call(138)) - Running DeletedBlockTransactionScanner
2019-09-21 03:48:12,518 [SCMBlockDeletingService#1] DEBUG block.SCMBlockDeletingService (SCMBlockDeletingService.java:call(155)) - Scanned deleted blocks log and got 0 delTX to process.
2019-09-21 03:48:12,619 [SCMBlockDeletingService#1] DEBUG block.SCMBlockDeletingService (SCMBlockDeletingService.java:call(138)) - Running DeletedBlockTransactionScanner
2019-09-21 03:48:12,619 [SCMBlockDeletingService#1] DEBUG block.SCMBlockDeletingService (SCMBlockDeletingService.java:call(155)) - Scanned deleted blocks log and got 0 delTX to process.
2019-09-21 03:48:12,720 [SCMBlockDeletingService#1] DEBUG block.SCMBlockDeletingService (SCMBlockDeletingService.java:call(138)) - Running DeletedBlockTransactionScanner
2019-09-21 03:48:12,720 [SCMBlockDeletingService#1] DEBUG block.SCMBlockDeletingService (SCMBlockDeletingService.java:call(155)) - Scanned deleted blocks log and got 0 delTX to process.
2019-09-21 03:48:12,820 [SCMBlockDeletingService#1] DEBUG block.SCMBlockDeletingService (SCMBlockDeletingService.java:call(138)) - Running DeletedBlockTransactionScanner
2019-09-21 03:48:12,821 [SCMBlockDeletingService#1] DEBUG block.SCMBlockDeletingService (SCMBlockDeletingService.java:call(155)) - Scanned deleted blocks log and got 0 delTX to process.
2019-09-21 03:48:12,921 [SCMBlockDeletingService#1] DEBUG block.SCMBlockDeletingService (SCMBlockDeletingService.java:call(138)) - Running DeletedBlockTransactionScanner
2019-09-21 03:48:12,921 [SCMBlockDeletingService#1] DEBUG block.SCMBlockDeletingService (SCMBlockDeletingService.java:call(155)) - Scanned deleted blocks log and got 0 delTX to process.
2019-09-21 03:48:13,022 [SCMBlockDeletingService#1] DEBUG block.SCMBlockDeletingService (SCMBlockDeletingService.java:call(138)) - Running DeletedBlockTransactionScanner
2019-09-21 03:48:13,022 [SCMBlockDeletingService#1] DEBUG block.SCMBlockDeletingService (SCMBlockDeletingService.java:call(155)) - Scanned deleted blocks log and got 0 delTX to process.
2019-09-21 03:48:13,123 [SCMBlockDeletingService#1] DEBUG block.SCMBlockDeletingService (SCMBlockDeletingService.java:call(138)) - Running DeletedBlockTransactionScanner
2019-09-21 03:48:13,123 [SCMBlockDeletingService#1] DEBUG block.SCMBlockDeletingService (SCMBlockDeletingService.java:call(155)) - Scanned deleted blocks log and got 0 delTX to process.
2019-09-21 03:48:13,224 [SCMBlockDeletingService#1] DEBUG block.SCMBlockDeletingService (SCMBlockDeletingService.java:call(138)) - Running DeletedBlockTransactionScanner
2019-09-21 03:48:13,224 [SCMBlockDeletingService#1] DEBUG block.SCMBlockDeletingService (SCMBlockDeletingService.java:call(155)) - Scanned deleted blocks log and got 0 delTX to process.
2019-09-21 03:48:13,325 [SCMBlockDeletingService#1] DEBUG block.SCMBlockDeletingService (SCMBlockDeletingService.java:call(138)) - Running DeletedBlockTransactionScanner
2019-09-21 03:48:13,325 [SCMBlockDeletingService#1] DEBUG block.SCMBlockDeletingService (SCMBlockDeletingService.java:call(155)) - Scanned deleted blocks log and got 0 delTX to process.
2019-09-21 03:48:13,329 [Thread-158] INFO  impl.FollowerState (FollowerState.java:run(106)) - 555a71b6-7320-443e-bd9a-47cd6ebfc0cf:group-A814ED1B11EB changes to CANDIDATE, lastRpcTime:5158, electionTimeout:5157ms
2019-09-21 03:48:13,332 [Thread-158] INFO  impl.RoleInfo (RoleInfo.java:shutdownFollowerState(121)) - 555a71b6-7320-443e-bd9a-47cd6ebfc0cf: shutdown FollowerState
2019-09-21 03:48:13,333 [Thread-158] INFO  impl.RaftServerImpl (RaftServerImpl.java:setRole(174)) - 555a71b6-7320-443e-bd9a-47cd6ebfc0cf@group-A814ED1B11EB: changes role from  FOLLOWER to CANDIDATE at term 0 for changeToCandidate
2019-09-21 03:48:13,340 [Thread-158] INFO  impl.RoleInfo (RoleInfo.java:updateAndGet(143)) - 555a71b6-7320-443e-bd9a-47cd6ebfc0cf: start LeaderElection
2019-09-21 03:48:13,403 [555a71b6-7320-443e-bd9a-47cd6ebfc0cf@group-A814ED1B11EB:LeaderElection1] INFO  impl.LeaderElection (LeaderElection.java:askForVotes(182)) - 555a71b6-7320-443e-bd9a-47cd6ebfc0cf@group-A814ED1B11EB:LeaderElection1: begin an election at term 1 for -1: [555a71b6-7320-443e-bd9a-47cd6ebfc0cf:192.168.157.196:38034], old=null
2019-09-21 03:48:13,405 [555a71b6-7320-443e-bd9a-47cd6ebfc0cf@group-A814ED1B11EB:LeaderElection1] INFO  impl.RoleInfo (RoleInfo.java:shutdownLeaderElection(134)) - 555a71b6-7320-443e-bd9a-47cd6ebfc0cf: shutdown LeaderElection
2019-09-21 03:48:13,406 [555a71b6-7320-443e-bd9a-47cd6ebfc0cf@group-A814ED1B11EB:LeaderElection1] INFO  impl.RaftServerImpl (RaftServerImpl.java:setRole(174)) - 555a71b6-7320-443e-bd9a-47cd6ebfc0cf@group-A814ED1B11EB: changes role from CANDIDATE to LEADER at term 1 for changeToLeader
2019-09-21 03:48:13,406 [555a71b6-7320-443e-bd9a-47cd6ebfc0cf@group-A814ED1B11EB:LeaderElection1] INFO  impl.RaftServerImpl (ServerState.java:setLeader(253)) - 555a71b6-7320-443e-bd9a-47cd6ebfc0cf@group-A814ED1B11EB: change Leader from null to 555a71b6-7320-443e-bd9a-47cd6ebfc0cf at term 1 for becomeLeader, leader elected after 5345ms
2019-09-21 03:48:13,414 [555a71b6-7320-443e-bd9a-47cd6ebfc0cf@group-A814ED1B11EB:LeaderElection1] INFO  server.RaftServerConfigKeys (ConfUtils.java:logGet(43)) - raft.server.staging.catchup.gap = 1000 (default)
2019-09-21 03:48:13,415 [555a71b6-7320-443e-bd9a-47cd6ebfc0cf@group-A814ED1B11EB:LeaderElection1] INFO  server.RaftServerConfigKeys (ConfUtils.java:logGet(43)) - raft.server.rpc.sleep.time = 25ms (default)
2019-09-21 03:48:13,419 [555a71b6-7320-443e-bd9a-47cd6ebfc0cf@group-A814ED1B11EB:LeaderElection1] INFO  server.RaftServerConfigKeys (ConfUtils.java:logGet(43)) - raft.server.write.element-limit = 4096 (default)
2019-09-21 03:48:13,423 [555a71b6-7320-443e-bd9a-47cd6ebfc0cf@group-A814ED1B11EB:LeaderElection1] INFO  server.RaftServerConfigKeys (ConfUtils.java:logGet(43)) - raft.server.watch.timeout = 10s (default)
2019-09-21 03:48:13,423 [555a71b6-7320-443e-bd9a-47cd6ebfc0cf@group-A814ED1B11EB:LeaderElection1] INFO  server.RaftServerConfigKeys (ConfUtils.java:logGet(43)) - raft.server.watch.timeout.denomination = 1s (default)
2019-09-21 03:48:13,424 [555a71b6-7320-443e-bd9a-47cd6ebfc0cf@group-A814ED1B11EB:LeaderElection1] INFO  server.RaftServerConfigKeys (ConfUtils.java:logGet(43)) - raft.server.watch.element-limit = 65536 (default)
2019-09-21 03:48:13,425 [SCMBlockDeletingService#1] DEBUG block.SCMBlockDeletingService (SCMBlockDeletingService.java:call(138)) - Running DeletedBlockTransactionScanner
2019-09-21 03:48:13,426 [SCMBlockDeletingService#1] DEBUG block.SCMBlockDeletingService (SCMBlockDeletingService.java:call(155)) - Scanned deleted blocks log and got 0 delTX to process.
2019-09-21 03:48:13,466 [555a71b6-7320-443e-bd9a-47cd6ebfc0cf@group-A814ED1B11EB:LeaderElection1] INFO  impl.RoleInfo (RoleInfo.java:updateAndGet(143)) - 555a71b6-7320-443e-bd9a-47cd6ebfc0cf: start LeaderState
2019-09-21 03:48:13,493 [555a71b6-7320-443e-bd9a-47cd6ebfc0cf@group-A814ED1B11EB:LeaderElection1] INFO  segmented.SegmentedRaftLogWorker (SegmentedRaftLogWorker.java:startLogSegment(380)) - 555a71b6-7320-443e-bd9a-47cd6ebfc0cf@group-A814ED1B11EB-SegmentedRaftLogWorker: Starting segment from index:0
2019-09-21 03:48:13,504 [555a71b6-7320-443e-bd9a-47cd6ebfc0cf@group-A814ED1B11EB:LeaderElection1] INFO  impl.RaftServerImpl (ServerState.java:setRaftConf(354)) - 555a71b6-7320-443e-bd9a-47cd6ebfc0cf@group-A814ED1B11EB: set configuration 0: [555a71b6-7320-443e-bd9a-47cd6ebfc0cf:192.168.157.196:38034], old=null at 0
2019-09-21 03:48:13,526 [SCMBlockDeletingService#1] DEBUG block.SCMBlockDeletingService (SCMBlockDeletingService.java:call(138)) - Running DeletedBlockTransactionScanner
2019-09-21 03:48:13,527 [SCMBlockDeletingService#1] DEBUG block.SCMBlockDeletingService (SCMBlockDeletingService.java:call(155)) - Scanned deleted blocks log and got 0 delTX to process.
2019-09-21 03:48:13,627 [SCMBlockDeletingService#1] DEBUG block.SCMBlockDeletingService (SCMBlockDeletingService.java:call(138)) - Running DeletedBlockTransactionScanner
2019-09-21 03:48:13,627 [SCMBlockDeletingService#1] DEBUG block.SCMBlockDeletingService (SCMBlockDeletingService.java:call(155)) - Scanned deleted blocks log and got 0 delTX to process.
2019-09-21 03:48:13,728 [SCMBlockDeletingService#0] DEBUG block.SCMBlockDeletingService (SCMBlockDeletingService.java:call(138)) - Running DeletedBlockTransactionScanner
2019-09-21 03:48:13,728 [SCMBlockDeletingService#0] DEBUG block.SCMBlockDeletingService (SCMBlockDeletingService.java:call(155)) - Scanned deleted blocks log and got 0 delTX to process.
2019-09-21 03:48:13,751 [555a71b6-7320-443e-bd9a-47cd6ebfc0cf@group-A814ED1B11EB-SegmentedRaftLogWorker] INFO  segmented.SegmentedRaftLogWorker (SegmentedRaftLogWorker.java:execute(569)) - 555a71b6-7320-443e-bd9a-47cd6ebfc0cf@group-A814ED1B11EB-SegmentedRaftLogWorker: created new log segment /workdir/hadoop-ozone/integration-test/target/test-dir/MiniOzoneClusterImpl-9576e1a8-30c4-48cb-bc53-357cfd55dd46/datanode-0/data/ratis/ac09d141-6968-4575-83ac-a814ed1b11eb/current/log_inprogress_0
2019-09-21 03:48:13,829 [SCMBlockDeletingService#0] DEBUG block.SCMBlockDeletingService (SCMBlockDeletingService.java:call(138)) - Running DeletedBlockTransactionScanner
2019-09-21 03:48:13,829 [SCMBlockDeletingService#0] DEBUG block.SCMBlockDeletingService (SCMBlockDeletingService.java:call(155)) - Scanned deleted blocks log and got 0 delTX to process.
2019-09-21 03:48:13,929 [SCMBlockDeletingService#0] DEBUG block.SCMBlockDeletingService (SCMBlockDeletingService.java:call(138)) - Running DeletedBlockTransactionScanner
2019-09-21 03:48:13,930 [SCMBlockDeletingService#0] DEBUG block.SCMBlockDeletingService (SCMBlockDeletingService.java:call(155)) - Scanned deleted blocks log and got 0 delTX to process.
2019-09-21 03:48:14,030 [SCMBlockDeletingService#0] DEBUG block.SCMBlockDeletingService (SCMBlockDeletingService.java:call(138)) - Running DeletedBlockTransactionScanner
2019-09-21 03:48:14,031 [SCMBlockDeletingService#0] DEBUG block.SCMBlockDeletingService (SCMBlockDeletingService.java:call(155)) - Scanned deleted blocks log and got 0 delTX to process.
2019-09-21 03:48:14,131 [SCMBlockDeletingService#0] DEBUG block.SCMBlockDeletingService (SCMBlockDeletingService.java:call(138)) - Running DeletedBlockTransactionScanner
2019-09-21 03:48:14,132 [SCMBlockDeletingService#0] DEBUG block.SCMBlockDeletingService (SCMBlockDeletingService.java:call(155)) - Scanned deleted blocks log and got 0 delTX to process.
2019-09-21 03:48:14,232 [SCMBlockDeletingService#0] DEBUG block.SCMBlockDeletingService (SCMBlockDeletingService.java:call(138)) - Running DeletedBlockTransactionScanner
2019-09-21 03:48:14,232 [SCMBlockDeletingService#0] DEBUG block.SCMBlockDeletingService (SCMBlockDeletingService.java:call(155)) - Scanned deleted blocks log and got 0 delTX to process.
2019-09-21 03:48:14,333 [SCMBlockDeletingService#0] DEBUG block.SCMBlockDeletingService (SCMBlockDeletingService.java:call(138)) - Running DeletedBlockTransactionScanner
2019-09-21 03:48:14,333 [SCMBlockDeletingService#0] DEBUG block.SCMBlockDeletingService (SCMBlockDeletingService.java:call(155)) - Scanned deleted blocks log and got 0 delTX to process.
2019-09-21 03:48:14,434 [SCMBlockDeletingService#0] DEBUG block.SCMBlockDeletingService (SCMBlockDeletingService.java:call(138)) - Running DeletedBlockTransactionScanner
2019-09-21 03:48:14,434 [SCMBlockDeletingService#0] DEBUG block.SCMBlockDeletingService (SCMBlockDeletingService.java:call(155)) - Scanned deleted blocks log and got 0 delTX to process.
2019-09-21 03:48:14,535 [SCMBlockDeletingService#0] DEBUG block.SCMBlockDeletingService (SCMBlockDeletingService.java:call(138)) - Running DeletedBlockTransactionScanner
2019-09-21 03:48:14,538 [SCMBlockDeletingService#0] DEBUG block.SCMBlockDeletingService (SCMBlockDeletingService.java:call(155)) - Scanned deleted blocks log and got 0 delTX to process.
2019-09-21 03:48:14,639 [SCMBlockDeletingService#1] DEBUG block.SCMBlockDeletingService (SCMBlockDeletingService.java:call(138)) - Running DeletedBlockTransactionScanner
2019-09-21 03:48:14,639 [SCMBlockDeletingService#1] DEBUG block.SCMBlockDeletingService (SCMBlockDeletingService.java:call(155)) - Scanned deleted blocks log and got 0 delTX to process.
2019-09-21 03:48:14,740 [SCMBlockDeletingService#1] DEBUG block.SCMBlockDeletingService (SCMBlockDeletingService.java:call(138)) - Running DeletedBlockTransactionScanner
2019-09-21 03:48:14,740 [SCMBlockDeletingService#1] DEBUG block.SCMBlockDeletingService (SCMBlockDeletingService.java:call(155)) - Scanned deleted blocks log and got 0 delTX to process.
2019-09-21 03:48:14,841 [SCMBlockDeletingService#1] DEBUG block.SCMBlockDeletingService (SCMBlockDeletingService.java:call(138)) - Running DeletedBlockTransactionScanner
2019-09-21 03:48:14,841 [SCMBlockDeletingService#1] DEBUG block.SCMBlockDeletingService (SCMBlockDeletingService.java:call(155)) - Scanned deleted blocks log and got 0 delTX to process.
2019-09-21 03:48:14,941 [SCMBlockDeletingService#1] DEBUG block.SCMBlockDeletingService (SCMBlockDeletingService.java:call(138)) - Running DeletedBlockTransactionScanner
2019-09-21 03:48:14,942 [SCMBlockDeletingService#1] DEBUG block.SCMBlockDeletingService (SCMBlockDeletingService.java:call(155)) - Scanned deleted blocks log and got 0 delTX to process.
2019-09-21 03:48:15,042 [SCMBlockDeletingService#1] DEBUG block.SCMBlockDeletingService (SCMBlockDeletingService.java:call(138)) - Running DeletedBlockTransactionScanner
2019-09-21 03:48:15,043 [SCMBlockDeletingService#1] DEBUG block.SCMBlockDeletingService (SCMBlockDeletingService.java:call(155)) - Scanned deleted blocks log and got 0 delTX to process.
2019-09-21 03:48:15,143 [SCMBlockDeletingService#1] DEBUG block.SCMBlockDeletingService (SCMBlockDeletingService.java:call(138)) - Running DeletedBlockTransactionScanner
2019-09-21 03:48:15,143 [SCMBlockDeletingService#1] DEBUG block.SCMBlockDeletingService (SCMBlockDeletingService.java:call(155)) - Scanned deleted blocks log and got 0 delTX to process.
2019-09-21 03:48:15,244 [SCMBlockDeletingService#1] DEBUG block.SCMBlockDeletingService (SCMBlockDeletingService.java:call(138)) - Running DeletedBlockTransactionScanner
2019-09-21 03:48:15,244 [SCMBlockDeletingService#1] DEBUG block.SCMBlockDeletingService (SCMBlockDeletingService.java:call(155)) - Scanned deleted blocks log and got 0 delTX to process.
2019-09-21 03:48:15,346 [SCMBlockDeletingService#1] DEBUG block.SCMBlockDeletingService (SCMBlockDeletingService.java:call(138)) - Running DeletedBlockTransactionScanner
2019-09-21 03:48:15,346 [SCMBlockDeletingService#1] DEBUG block.SCMBlockDeletingService (SCMBlockDeletingService.java:call(155)) - Scanned deleted blocks log and got 0 delTX to process.
2019-09-21 03:48:15,447 [SCMBlockDeletingService#1] DEBUG block.SCMBlockDeletingService (SCMBlockDeletingService.java:call(138)) - Running DeletedBlockTransactionScanner
2019-09-21 03:48:15,447 [SCMBlockDeletingService#1] DEBUG block.SCMBlockDeletingService (SCMBlockDeletingService.java:call(155)) - Scanned deleted blocks log and got 0 delTX to process.
2019-09-21 03:48:15,547 [SCMBlockDeletingService#1] DEBUG block.SCMBlockDeletingService (SCMBlockDeletingService.java:call(138)) - Running DeletedBlockTransactionScanner
2019-09-21 03:48:15,548 [SCMBlockDeletingService#1] DEBUG block.SCMBlockDeletingService (SCMBlockDeletingService.java:call(155)) - Scanned deleted blocks log and got 0 delTX to process.
2019-09-21 03:48:15,648 [SCMBlockDeletingService#0] DEBUG block.SCMBlockDeletingService (SCMBlockDeletingService.java:call(138)) - Running DeletedBlockTransactionScanner
2019-09-21 03:48:15,648 [SCMBlockDeletingService#0] DEBUG block.SCMBlockDeletingService (SCMBlockDeletingService.java:call(155)) - Scanned deleted blocks log and got 0 delTX to process.
2019-09-21 03:48:15,749 [SCMBlockDeletingService#0] DEBUG block.SCMBlockDeletingService (SCMBlockDeletingService.java:call(138)) - Running DeletedBlockTransactionScanner
2019-09-21 03:48:15,749 [SCMBlockDeletingService#0] DEBUG block.SCMBlockDeletingService (SCMBlockDeletingService.java:call(155)) - Scanned deleted blocks log and got 0 delTX to process.
2019-09-21 03:48:15,850 [SCMBlockDeletingService#0] DEBUG block.SCMBlockDeletingService (SCMBlockDeletingService.java:call(138)) - Running DeletedBlockTransactionScanner
2019-09-21 03:48:15,850 [SCMBlockDeletingService#0] DEBUG block.SCMBlockDeletingService (SCMBlockDeletingService.java:call(155)) - Scanned deleted blocks log and got 0 delTX to process.
2019-09-21 03:48:15,950 [SCMBlockDeletingService#0] DEBUG block.SCMBlockDeletingService (SCMBlockDeletingService.java:call(138)) - Running DeletedBlockTransactionScanner
2019-09-21 03:48:15,951 [SCMBlockDeletingService#0] DEBUG block.SCMBlockDeletingService (SCMBlockDeletingService.java:call(155)) - Scanned deleted blocks log and got 0 delTX to process.
2019-09-21 03:48:16,051 [SCMBlockDeletingService#0] DEBUG block.SCMBlockDeletingService (SCMBlockDeletingService.java:call(138)) - Running DeletedBlockTransactionScanner
2019-09-21 03:48:16,051 [SCMBlockDeletingService#0] DEBUG block.SCMBlockDeletingService (SCMBlockDeletingService.java:call(155)) - Scanned deleted blocks log and got 0 delTX to process.
2019-09-21 03:48:16,152 [SCMBlockDeletingService#0] DEBUG block.SCMBlockDeletingService (SCMBlockDeletingService.java:call(138)) - Running DeletedBlockTransactionScanner
2019-09-21 03:48:16,152 [SCMBlockDeletingService#0] DEBUG block.SCMBlockDeletingService (SCMBlockDeletingService.java:call(155)) - Scanned deleted blocks log and got 0 delTX to process.
2019-09-21 03:48:16,253 [SCMBlockDeletingService#0] DEBUG block.SCMBlockDeletingService (SCMBlockDeletingService.java:call(138)) - Running DeletedBlockTransactionScanner
2019-09-21 03:48:16,253 [SCMBlockDeletingService#0] DEBUG block.SCMBlockDeletingService (SCMBlockDeletingService.java:call(155)) - Scanned deleted blocks log and got 0 delTX to process.
2019-09-21 03:48:16,353 [SCMBlockDeletingService#0] DEBUG block.SCMBlockDeletingService (SCMBlockDeletingService.java:call(138)) - Running DeletedBlockTransactionScanner
2019-09-21 03:48:16,354 [SCMBlockDeletingService#0] DEBUG block.SCMBlockDeletingService (SCMBlockDeletingService.java:call(155)) - Scanned deleted blocks log and got 0 delTX to process.
2019-09-21 03:48:16,454 [SCMBlockDeletingService#0] DEBUG block.SCMBlockDeletingService (SCMBlockDeletingService.java:call(138)) - Running DeletedBlockTransactionScanner
2019-09-21 03:48:16,454 [SCMBlockDeletingService#0] DEBUG block.SCMBlockDeletingService (SCMBlockDeletingService.java:call(155)) - Scanned deleted blocks log and got 0 delTX to process.
2019-09-21 03:48:16,555 [SCMBlockDeletingService#0] DEBUG block.SCMBlockDeletingService (SCMBlockDeletingService.java:call(138)) - Running DeletedBlockTransactionScanner
2019-09-21 03:48:16,555 [SCMBlockDeletingService#0] DEBUG block.SCMBlockDeletingService (SCMBlockDeletingService.java:call(155)) - Scanned deleted blocks log and got 0 delTX to process.
2019-09-21 03:48:16,655 [SCMBlockDeletingService#0] DEBUG block.SCMBlockDeletingService (SCMBlockDeletingService.java:call(138)) - Running DeletedBlockTransactionScanner
2019-09-21 03:48:16,656 [SCMBlockDeletingService#0] DEBUG block.SCMBlockDeletingService (SCMBlockDeletingService.java:call(155)) - Scanned deleted blocks log and got 0 delTX to process.
2019-09-21 03:48:16,756 [SCMBlockDeletingService#0] DEBUG block.SCMBlockDeletingService (SCMBlockDeletingService.java:call(138)) - Running DeletedBlockTransactionScanner
2019-09-21 03:48:16,757 [SCMBlockDeletingService#0] DEBUG block.SCMBlockDeletingService (SCMBlockDeletingService.java:call(155)) - Scanned deleted blocks log and got 0 delTX to process.
2019-09-21 03:48:16,857 [SCMBlockDeletingService#0] DEBUG block.SCMBlockDeletingService (SCMBlockDeletingService.java:call(138)) - Running DeletedBlockTransactionScanner
2019-09-21 03:48:16,857 [SCMBlockDeletingService#0] DEBUG block.SCMBlockDeletingService (SCMBlockDeletingService.java:call(155)) - Scanned deleted blocks log and got 0 delTX to process.
2019-09-21 03:48:16,958 [SCMBlockDeletingService#0] DEBUG block.SCMBlockDeletingService (SCMBlockDeletingService.java:call(138)) - Running DeletedBlockTransactionScanner
2019-09-21 03:48:16,958 [SCMBlockDeletingService#0] DEBUG block.SCMBlockDeletingService (SCMBlockDeletingService.java:call(155)) - Scanned deleted blocks log and got 0 delTX to process.
2019-09-21 03:48:17,058 [SCMBlockDeletingService#0] DEBUG block.SCMBlockDeletingService (SCMBlockDeletingService.java:call(138)) - Running DeletedBlockTransactionScanner
2019-09-21 03:48:17,059 [SCMBlockDeletingService#0] DEBUG block.SCMBlockDeletingService (SCMBlockDeletingService.java:call(155)) - Scanned deleted blocks log and got 0 delTX to process.
2019-09-21 03:48:17,159 [SCMBlockDeletingService#0] DEBUG block.SCMBlockDeletingService (SCMBlockDeletingService.java:call(138)) - Running DeletedBlockTransactionScanner
2019-09-21 03:48:17,160 [SCMBlockDeletingService#0] DEBUG block.SCMBlockDeletingService (SCMBlockDeletingService.java:call(155)) - Scanned deleted blocks log and got 0 delTX to process.
2019-09-21 03:48:17,260 [SCMBlockDeletingService#0] DEBUG block.SCMBlockDeletingService (SCMBlockDeletingService.java:call(138)) - Running DeletedBlockTransactionScanner
2019-09-21 03:48:17,260 [SCMBlockDeletingService#0] DEBUG block.SCMBlockDeletingService (SCMBlockDeletingService.java:call(155)) - Scanned deleted blocks log and got 0 delTX to process.
2019-09-21 03:48:17,361 [SCMBlockDeletingService#0] DEBUG block.SCMBlockDeletingService (SCMBlockDeletingService.java:call(138)) - Running DeletedBlockTransactionScanner
2019-09-21 03:48:17,361 [SCMBlockDeletingService#0] DEBUG block.SCMBlockDeletingService (SCMBlockDeletingService.java:call(155)) - Scanned deleted blocks log and got 0 delTX to process.
2019-09-21 03:48:17,565 [SCMBlockDeletingService#0] DEBUG block.SCMBlockDeletingService (SCMBlockDeletingService.java:call(138)) - Running DeletedBlockTransactionScanner
2019-09-21 03:48:17,566 [SCMBlockDeletingService#0] DEBUG block.SCMBlockDeletingService (SCMBlockDeletingService.java:call(155)) - Scanned deleted blocks log and got 0 delTX to process.
2019-09-21 03:48:17,666 [SCMBlockDeletingService#0] DEBUG block.SCMBlockDeletingService (SCMBlockDeletingService.java:call(138)) - Running DeletedBlockTransactionScanner
2019-09-21 03:48:17,666 [SCMBlockDeletingService#0] DEBUG block.SCMBlockDeletingService (SCMBlockDeletingService.java:call(155)) - Scanned deleted blocks log and got 0 delTX to process.
2019-09-21 03:48:17,767 [SCMBlockDeletingService#0] DEBUG block.SCMBlockDeletingService (SCMBlockDeletingService.java:call(138)) - Running DeletedBlockTransactionScanner
2019-09-21 03:48:17,767 [SCMBlockDeletingService#0] DEBUG block.SCMBlockDeletingService (SCMBlockDeletingService.java:call(155)) - Scanned deleted blocks log and got 0 delTX to process.
2019-09-21 03:48:17,867 [SCMBlockDeletingService#0] DEBUG block.SCMBlockDeletingService (SCMBlockDeletingService.java:call(138)) - Running DeletedBlockTransactionScanner
2019-09-21 03:48:17,868 [SCMBlockDeletingService#0] DEBUG block.SCMBlockDeletingService (SCMBlockDeletingService.java:call(155)) - Scanned deleted blocks log and got 0 delTX to process.
2019-09-21 03:48:17,968 [SCMBlockDeletingService#0] DEBUG block.SCMBlockDeletingService (SCMBlockDeletingService.java:call(138)) - Running DeletedBlockTransactionScanner
2019-09-21 03:48:17,968 [SCMBlockDeletingService#0] DEBUG block.SCMBlockDeletingService (SCMBlockDeletingService.java:call(155)) - Scanned deleted blocks log and got 0 delTX to process.
2019-09-21 03:48:18,069 [SCMBlockDeletingService#0] DEBUG block.SCMBlockDeletingService (SCMBlockDeletingService.java:call(138)) - Running DeletedBlockTransactionScanner
2019-09-21 03:48:18,069 [SCMBlockDeletingService#0] DEBUG block.SCMBlockDeletingService (SCMBlockDeletingService.java:call(155)) - Scanned deleted blocks log and got 0 delTX to process.
2019-09-21 03:48:18,170 [SCMBlockDeletingService#0] DEBUG block.SCMBlockDeletingService (SCMBlockDeletingService.java:call(138)) - Running DeletedBlockTransactionScanner
2019-09-21 03:48:18,170 [SCMBlockDeletingService#0] DEBUG block.SCMBlockDeletingService (SCMBlockDeletingService.java:call(155)) - Scanned deleted blocks log and got 0 delTX to process.
2019-09-21 03:48:18,270 [SCMBlockDeletingService#0] DEBUG block.SCMBlockDeletingService (SCMBlockDeletingService.java:call(138)) - Running DeletedBlockTransactionScanner
2019-09-21 03:48:18,271 [SCMBlockDeletingService#0] DEBUG block.SCMBlockDeletingService (SCMBlockDeletingService.java:call(155)) - Scanned deleted blocks log and got 0 delTX to process.
2019-09-21 03:48:18,371 [SCMBlockDeletingService#0] DEBUG block.SCMBlockDeletingService (SCMBlockDeletingService.java:call(138)) - Running DeletedBlockTransactionScanner
2019-09-21 03:48:18,371 [SCMBlockDeletingService#0] DEBUG block.SCMBlockDeletingService (SCMBlockDeletingService.java:call(155)) - Scanned deleted blocks log and got 0 delTX to process.
2019-09-21 03:48:18,472 [SCMBlockDeletingService#0] DEBUG block.SCMBlockDeletingService (SCMBlockDeletingService.java:call(138)) - Running DeletedBlockTransactionScanner
2019-09-21 03:48:18,472 [SCMBlockDeletingService#0] DEBUG block.SCMBlockDeletingService (SCMBlockDeletingService.java:call(155)) - Scanned deleted blocks log and got 0 delTX to process.
2019-09-21 03:48:18,573 [SCMBlockDeletingService#0] DEBUG block.SCMBlockDeletingService (SCMBlockDeletingService.java:call(138)) - Running DeletedBlockTransactionScanner
2019-09-21 03:48:18,573 [SCMBlockDeletingService#0] DEBUG block.SCMBlockDeletingService (SCMBlockDeletingService.java:call(155)) - Scanned deleted blocks log and got 0 delTX to process.
2019-09-21 03:48:18,673 [SCMBlockDeletingService#0] DEBUG block.SCMBlockDeletingService (SCMBlockDeletingService.java:call(138)) - Running DeletedBlockTransactionScanner
2019-09-21 03:48:18,674 [SCMBlockDeletingService#0] DEBUG block.SCMBlockDeletingService (SCMBlockDeletingService.java:call(155)) - Scanned deleted blocks log and got 0 delTX to process.
2019-09-21 03:48:18,774 [SCMBlockDeletingService#0] DEBUG block.SCMBlockDeletingService (SCMBlockDeletingService.java:call(138)) - Running DeletedBlockTransactionScanner
2019-09-21 03:48:18,774 [SCMBlockDeletingService#0] DEBUG block.SCMBlockDeletingService (SCMBlockDeletingService.java:call(155)) - Scanned deleted blocks log and got 0 delTX to process.
2019-09-21 03:48:18,875 [SCMBlockDeletingService#0] DEBUG block.SCMBlockDeletingService (SCMBlockDeletingService.java:call(138)) - Running DeletedBlockTransactionScanner
2019-09-21 03:48:18,875 [SCMBlockDeletingService#0] DEBUG block.SCMBlockDeletingService (SCMBlockDeletingService.java:call(155)) - Scanned deleted blocks log and got 0 delTX to process.
2019-09-21 03:48:18,975 [SCMBlockDeletingService#0] DEBUG block.SCMBlockDeletingService (SCMBlockDeletingService.java:call(138)) - Running DeletedBlockTransactionScanner
2019-09-21 03:48:18,976 [SCMBlockDeletingService#0] DEBUG block.SCMBlockDeletingService (SCMBlockDeletingService.java:call(155)) - Scanned deleted blocks log and got 0 delTX to process.
2019-09-21 03:48:19,076 [SCMBlockDeletingService#0] DEBUG block.SCMBlockDeletingService (SCMBlockDeletingService.java:call(138)) - Running DeletedBlockTransactionScanner
2019-09-21 03:48:19,077 [SCMBlockDeletingService#0] DEBUG block.SCMBlockDeletingService (SCMBlockDeletingService.java:call(155)) - Scanned deleted blocks log and got 0 delTX to process.
2019-09-21 03:48:19,177 [SCMBlockDeletingService#0] DEBUG block.SCMBlockDeletingService (SCMBlockDeletingService.java:call(138)) - Running DeletedBlockTransactionScanner
2019-09-21 03:48:19,178 [SCMBlockDeletingService#0] DEBUG block.SCMBlockDeletingService (SCMBlockDeletingService.java:call(155)) - Scanned deleted blocks log and got 0 delTX to process.
2019-09-21 03:48:19,278 [SCMBlockDeletingService#0] DEBUG block.SCMBlockDeletingService (SCMBlockDeletingService.java:call(138)) - Running DeletedBlockTransactionScanner
2019-09-21 03:48:19,278 [SCMBlockDeletingService#0] DEBUG block.SCMBlockDeletingService (SCMBlockDeletingService.java:call(155)) - Scanned deleted blocks log and got 0 delTX to process.
2019-09-21 03:48:19,379 [SCMBlockDeletingService#0] DEBUG block.SCMBlockDeletingService (SCMBlockDeletingService.java:call(138)) - Running DeletedBlockTransactionScanner
2019-09-21 03:48:19,379 [SCMBlockDeletingService#0] DEBUG block.SCMBlockDeletingService (SCMBlockDeletingService.java:call(155)) - Scanned deleted blocks log and got 0 delTX to process.
2019-09-21 03:48:19,480 [SCMBlockDeletingService#0] DEBUG block.SCMBlockDeletingService (SCMBlockDeletingService.java:call(138)) - Running DeletedBlockTransactionScanner
2019-09-21 03:48:19,480 [SCMBlockDeletingService#0] DEBUG block.SCMBlockDeletingService (SCMBlockDeletingService.java:call(155)) - Scanned deleted blocks log and got 0 delTX to process.
2019-09-21 03:48:19,580 [SCMBlockDeletingService#0] DEBUG block.SCMBlockDeletingService (SCMBlockDeletingService.java:call(138)) - Running DeletedBlockTransactionScanner
2019-09-21 03:48:19,581 [SCMBlockDeletingService#0] DEBUG block.SCMBlockDeletingService (SCMBlockDeletingService.java:call(155)) - Scanned deleted blocks log and got 0 delTX to process.
2019-09-21 03:48:19,681 [SCMBlockDeletingService#0] DEBUG block.SCMBlockDeletingService (SCMBlockDeletingService.java:call(138)) - Running DeletedBlockTransactionScanner
2019-09-21 03:48:19,682 [SCMBlockDeletingService#0] DEBUG block.SCMBlockDeletingService (SCMBlockDeletingService.java:call(155)) - Scanned deleted blocks log and got 0 delTX to process.
2019-09-21 03:48:19,782 [SCMBlockDeletingService#1] DEBUG block.SCMBlockDeletingService (SCMBlockDeletingService.java:call(138)) - Running DeletedBlockTransactionScanner
2019-09-21 03:48:19,782 [SCMBlockDeletingService#1] DEBUG block.SCMBlockDeletingService (SCMBlockDeletingService.java:call(155)) - Scanned deleted blocks log and got 0 delTX to process.
2019-09-21 03:48:19,883 [SCMBlockDeletingService#1] DEBUG block.SCMBlockDeletingService (SCMBlockDeletingService.java:call(138)) - Running DeletedBlockTransactionScanner
2019-09-21 03:48:19,883 [SCMBlockDeletingService#1] DEBUG block.SCMBlockDeletingService (SCMBlockDeletingService.java:call(155)) - Scanned deleted blocks log and got 0 delTX to process.
2019-09-21 03:48:20,065 [SCMBlockDeletingService#1] DEBUG block.SCMBlockDeletingService (SCMBlockDeletingService.java:call(138)) - Running DeletedBlockTransactionScanner
2019-09-21 03:48:20,065 [SCMBlockDeletingService#1] DEBUG block.SCMBlockDeletingService (SCMBlockDeletingService.java:call(155)) - Scanned deleted blocks log and got 0 delTX to process.
2019-09-21 03:48:20,166 [SCMBlockDeletingService#1] DEBUG block.SCMBlockDeletingService (SCMBlockDeletingService.java:call(138)) - Running DeletedBlockTransactionScanner
2019-09-21 03:48:20,166 [SCMBlockDeletingService#1] DEBUG block.SCMBlockDeletingService (SCMBlockDeletingService.java:call(155)) - Scanned deleted blocks log and got 0 delTX to process.
2019-09-21 03:48:20,266 [SCMBlockDeletingService#1] DEBUG block.SCMBlockDeletingService (SCMBlockDeletingService.java:call(138)) - Running DeletedBlockTransactionScanner
2019-09-21 03:48:20,267 [SCMBlockDeletingService#1] DEBUG block.SCMBlockDeletingService (SCMBlockDeletingService.java:call(155)) - Scanned deleted blocks log and got 0 delTX to process.
2019-09-21 03:48:20,367 [SCMBlockDeletingService#1] DEBUG block.SCMBlockDeletingService (SCMBlockDeletingService.java:call(138)) - Running DeletedBlockTransactionScanner
2019-09-21 03:48:20,368 [SCMBlockDeletingService#1] DEBUG block.SCMBlockDeletingService (SCMBlockDeletingService.java:call(155)) - Scanned deleted blocks log and got 0 delTX to process.
2019-09-21 03:48:20,468 [SCMBlockDeletingService#1] DEBUG block.SCMBlockDeletingService (SCMBlockDeletingService.java:call(138)) - Running DeletedBlockTransactionScanner
2019-09-21 03:48:20,469 [SCMBlockDeletingService#1] DEBUG block.SCMBlockDeletingService (SCMBlockDeletingService.java:call(155)) - Scanned deleted blocks log and got 0 delTX to process.
2019-09-21 03:48:20,569 [SCMBlockDeletingService#1] DEBUG block.SCMBlockDeletingService (SCMBlockDeletingService.java:call(138)) - Running DeletedBlockTransactionScanner
2019-09-21 03:48:20,569 [SCMBlockDeletingService#1] DEBUG block.SCMBlockDeletingService (SCMBlockDeletingService.java:call(155)) - Scanned deleted blocks log and got 0 delTX to process.
2019-09-21 03:48:20,670 [SCMBlockDeletingService#1] DEBUG block.SCMBlockDeletingService (SCMBlockDeletingService.java:call(138)) - Running DeletedBlockTransactionScanner
2019-09-21 03:48:20,670 [SCMBlockDeletingService#1] DEBUG block.SCMBlockDeletingService (SCMBlockDeletingService.java:call(155)) - Scanned deleted blocks log and got 0 delTX to process.
2019-09-21 03:48:20,770 [SCMBlockDeletingService#1] DEBUG block.SCMBlockDeletingService (SCMBlockDeletingService.java:call(138)) - Running DeletedBlockTransactionScanner
2019-09-21 03:48:20,771 [SCMBlockDeletingService#1] DEBUG block.SCMBlockDeletingService (SCMBlockDeletingService.java:call(155)) - Scanned deleted blocks log and got 0 delTX to process.
2019-09-21 03:48:20,871 [SCMBlockDeletingService#1] DEBUG block.SCMBlockDeletingService (SCMBlockDeletingService.java:call(138)) - Running DeletedBlockTransactionScanner
2019-09-21 03:48:20,872 [SCMBlockDeletingService#1] DEBUG block.SCMBlockDeletingService (SCMBlockDeletingService.java:call(155)) - Scanned deleted blocks log and got 0 delTX to process.
2019-09-21 03:48:20,972 [SCMBlockDeletingService#1] DEBUG block.SCMBlockDeletingService (SCMBlockDeletingService.java:call(138)) - Running DeletedBlockTransactionScanner
2019-09-21 03:48:20,972 [SCMBlockDeletingService#1] DEBUG block.SCMBlockDeletingService (SCMBlockDeletingService.java:call(155)) - Scanned deleted blocks log and got 0 delTX to process.
2019-09-21 03:48:21,073 [SCMBlockDeletingService#1] DEBUG block.SCMBlockDeletingService (SCMBlockDeletingService.java:call(138)) - Running DeletedBlockTransactionScanner
2019-09-21 03:48:21,081 [SCMBlockDeletingService#1] DEBUG block.SCMBlockDeletingService (SCMBlockDeletingService.java:call(155)) - Scanned deleted blocks log and got 0 delTX to process.
2019-09-21 03:48:21,182 [SCMBlockDeletingService#1] DEBUG block.SCMBlockDeletingService (SCMBlockDeletingService.java:call(138)) - Running DeletedBlockTransactionScanner
2019-09-21 03:48:21,182 [SCMBlockDeletingService#1] DEBUG block.SCMBlockDeletingService (SCMBlockDeletingService.java:call(155)) - Scanned deleted blocks log and got 0 delTX to process.
2019-09-21 03:48:21,282 [SCMBlockDeletingService#1] DEBUG block.SCMBlockDeletingService (SCMBlockDeletingService.java:call(138)) - Running DeletedBlockTransactionScanner
2019-09-21 03:48:21,283 [SCMBlockDeletingService#1] DEBUG block.SCMBlockDeletingService (SCMBlockDeletingService.java:call(155)) - Scanned deleted blocks log and got 0 delTX to process.
2019-09-21 03:48:21,383 [SCMBlockDeletingService#1] DEBUG block.SCMBlockDeletingService (SCMBlockDeletingService.java:call(138)) - Running DeletedBlockTransactionScanner
2019-09-21 03:48:21,383 [SCMBlockDeletingService#1] DEBUG block.SCMBlockDeletingService (SCMBlockDeletingService.java:call(155)) - Scanned deleted blocks log and got 0 delTX to process.
2019-09-21 03:48:21,484 [SCMBlockDeletingService#1] DEBUG block.SCMBlockDeletingService (SCMBlockDeletingService.java:call(138)) - Running DeletedBlockTransactionScanner
2019-09-21 03:48:21,484 [SCMBlockDeletingService#1] DEBUG block.SCMBlockDeletingService (SCMBlockDeletingService.java:call(155)) - Scanned deleted blocks log and got 0 delTX to process.
2019-09-21 03:48:21,584 [SCMBlockDeletingService#1] DEBUG block.SCMBlockDeletingService (SCMBlockDeletingService.java:call(138)) - Running DeletedBlockTransactionScanner
2019-09-21 03:48:21,585 [SCMBlockDeletingService#1] DEBUG block.SCMBlockDeletingService (SCMBlockDeletingService.java:call(155)) - Scanned deleted blocks log and got 0 delTX to process.
2019-09-21 03:48:21,685 [SCMBlockDeletingService#1] DEBUG block.SCMBlockDeletingService (SCMBlockDeletingService.java:call(138)) - Running DeletedBlockTransactionScanner
2019-09-21 03:48:21,685 [SCMBlockDeletingService#1] DEBUG block.SCMBlockDeletingService (SCMBlockDeletingService.java:call(155)) - Scanned deleted blocks log and got 0 delTX to process.
2019-09-21 03:48:21,786 [SCMBlockDeletingService#1] DEBUG block.SCMBlockDeletingService (SCMBlockDeletingService.java:call(138)) - Running DeletedBlockTransactionScanner
2019-09-21 03:48:21,786 [SCMBlockDeletingService#1] DEBUG block.SCMBlockDeletingService (SCMBlockDeletingService.java:call(155)) - Scanned deleted blocks log and got 0 delTX to process.
2019-09-21 03:48:21,886 [SCMBlockDeletingService#1] DEBUG block.SCMBlockDeletingService (SCMBlockDeletingService.java:call(138)) - Running DeletedBlockTransactionScanner
2019-09-21 03:48:21,887 [SCMBlockDeletingService#1] DEBUG block.SCMBlockDeletingService (SCMBlockDeletingService.java:call(155)) - Scanned deleted blocks log and got 0 delTX to process.
2019-09-21 03:48:21,987 [SCMBlockDeletingService#1] DEBUG block.SCMBlockDeletingService (SCMBlockDeletingService.java:call(138)) - Running DeletedBlockTransactionScanner
2019-09-21 03:48:21,988 [SCMBlockDeletingService#1] DEBUG block.SCMBlockDeletingService (SCMBlockDeletingService.java:call(155)) - Scanned deleted blocks log and got 0 delTX to process.
2019-09-21 03:48:22,088 [SCMBlockDeletingService#1] DEBUG block.SCMBlockDeletingService (SCMBlockDeletingService.java:call(138)) - Running DeletedBlockTransactionScanner
2019-09-21 03:48:22,089 [SCMBlockDeletingService#1] DEBUG block.SCMBlockDeletingService (SCMBlockDeletingService.java:call(155)) - Scanned deleted blocks log and got 0 delTX to process.
2019-09-21 03:48:22,189 [SCMBlockDeletingService#1] DEBUG block.SCMBlockDeletingService (SCMBlockDeletingService.java:call(138)) - Running DeletedBlockTransactionScanner
2019-09-21 03:48:22,189 [SCMBlockDeletingService#1] DEBUG block.SCMBlockDeletingService (SCMBlockDeletingService.java:call(155)) - Scanned deleted blocks log and got 0 delTX to process.
2019-09-21 03:48:22,290 [SCMBlockDeletingService#1] DEBUG block.SCMBlockDeletingService (SCMBlockDeletingService.java:call(138)) - Running DeletedBlockTransactionScanner
2019-09-21 03:48:22,290 [SCMBlockDeletingService#1] DEBUG block.SCMBlockDeletingService (SCMBlockDeletingService.java:call(155)) - Scanned deleted blocks log and got 0 delTX to process.
2019-09-21 03:48:22,461 [SCMBlockDeletingService#1] DEBUG block.SCMBlockDeletingService (SCMBlockDeletingService.java:call(138)) - Running DeletedBlockTransactionScanner
2019-09-21 03:48:22,461 [SCMBlockDeletingService#1] DEBUG block.SCMBlockDeletingService (SCMBlockDeletingService.java:call(155)) - Scanned deleted blocks log and got 0 delTX to process.
2019-09-21 03:48:22,562 [SCMBlockDeletingService#1] DEBUG block.SCMBlockDeletingService (SCMBlockDeletingService.java:call(138)) - Running DeletedBlockTransactionScanner
2019-09-21 03:48:22,562 [SCMBlockDeletingService#1] DEBUG block.SCMBlockDeletingService (SCMBlockDeletingService.java:call(155)) - Scanned deleted blocks log and got 0 delTX to process.
2019-09-21 03:48:22,662 [SCMBlockDeletingService#1] DEBUG block.SCMBlockDeletingService (SCMBlockDeletingService.java:call(138)) - Running DeletedBlockTransactionScanner
2019-09-21 03:48:22,663 [SCMBlockDeletingService#1] DEBUG block.SCMBlockDeletingService (SCMBlockDeletingService.java:call(155)) - Scanned deleted blocks log and got 0 delTX to process.
2019-09-21 03:48:22,763 [SCMBlockDeletingService#1] DEBUG block.SCMBlockDeletingService (SCMBlockDeletingService.java:call(138)) - Running DeletedBlockTransactionScanner
2019-09-21 03:48:22,763 [SCMBlockDeletingService#1] DEBUG block.SCMBlockDeletingService (SCMBlockDeletingService.java:call(155)) - Scanned deleted blocks log and got 0 delTX to process.
2019-09-21 03:48:22,864 [SCMBlockDeletingService#1] DEBUG block.SCMBlockDeletingService (SCMBlockDeletingService.java:call(138)) - Running DeletedBlockTransactionScanner
2019-09-21 03:48:22,864 [SCMBlockDeletingService#1] DEBUG block.SCMBlockDeletingService (SCMBlockDeletingService.java:call(155)) - Scanned deleted blocks log and got 0 delTX to process.
2019-09-21 03:48:22,965 [SCMBlockDeletingService#1] DEBUG block.SCMBlockDeletingService (SCMBlockDeletingService.java:call(138)) - Running DeletedBlockTransactionScanner
2019-09-21 03:48:22,965 [SCMBlockDeletingService#1] DEBUG block.SCMBlockDeletingService (SCMBlockDeletingService.java:call(155)) - Scanned deleted blocks log and got 0 delTX to process.
2019-09-21 03:48:23,065 [SCMBlockDeletingService#1] DEBUG block.SCMBlockDeletingService (SCMBlockDeletingService.java:call(138)) - Running DeletedBlockTransactionScanner
2019-09-21 03:48:23,066 [SCMBlockDeletingService#1] DEBUG block.SCMBlockDeletingService (SCMBlockDeletingService.java:call(155)) - Scanned deleted blocks log and got 0 delTX to process.
2019-09-21 03:48:23,166 [SCMBlockDeletingService#1] DEBUG block.SCMBlockDeletingService (SCMBlockDeletingService.java:call(138)) - Running DeletedBlockTransactionScanner
2019-09-21 03:48:23,166 [SCMBlockDeletingService#1] DEBUG block.SCMBlockDeletingService (SCMBlockDeletingService.java:call(155)) - Scanned deleted blocks log and got 0 delTX to process.
2019-09-21 03:48:23,267 [SCMBlockDeletingService#1] DEBUG block.SCMBlockDeletingService (SCMBlockDeletingService.java:call(138)) - Running DeletedBlockTransactionScanner
2019-09-21 03:48:23,267 [SCMBlockDeletingService#1] DEBUG block.SCMBlockDeletingService (SCMBlockDeletingService.java:call(155)) - Scanned deleted blocks log and got 0 delTX to process.
2019-09-21 03:48:23,367 [SCMBlockDeletingService#1] DEBUG block.SCMBlockDeletingService (SCMBlockDeletingService.java:call(138)) - Running DeletedBlockTransactionScanner
2019-09-21 03:48:23,368 [SCMBlockDeletingService#1] DEBUG block.SCMBlockDeletingService (SCMBlockDeletingService.java:call(155)) - Scanned deleted blocks log and got 0 delTX to process.
2019-09-21 03:48:23,468 [SCMBlockDeletingService#1] DEBUG block.SCMBlockDeletingService (SCMBlockDeletingService.java:call(138)) - Running DeletedBlockTransactionScanner
2019-09-21 03:48:23,468 [SCMBlockDeletingService#1] DEBUG block.SCMBlockDeletingService (SCMBlockDeletingService.java:call(155)) - Scanned deleted blocks log and got 0 delTX to process.
2019-09-21 03:48:23,569 [SCMBlockDeletingService#1] DEBUG block.SCMBlockDeletingService (SCMBlockDeletingService.java:call(138)) - Running DeletedBlockTransactionScanner
2019-09-21 03:48:23,569 [SCMBlockDeletingService#1] DEBUG block.SCMBlockDeletingService (SCMBlockDeletingService.java:call(155)) - Scanned deleted blocks log and got 0 delTX to process.
2019-09-21 03:48:23,669 [SCMBlockDeletingService#1] DEBUG block.SCMBlockDeletingService (SCMBlockDeletingService.java:call(138)) - Running DeletedBlockTransactionScanner
2019-09-21 03:48:23,670 [SCMBlockDeletingService#1] DEBUG block.SCMBlockDeletingService (SCMBlockDeletingService.java:call(155)) - Scanned deleted blocks log and got 0 delTX to process.
2019-09-21 03:48:23,770 [SCMBlockDeletingService#1] DEBUG block.SCMBlockDeletingService (SCMBlockDeletingService.java:call(138)) - Running DeletedBlockTransactionScanner
2019-09-21 03:48:23,770 [SCMBlockDeletingService#1] DEBUG block.SCMBlockDeletingService (SCMBlockDeletingService.java:call(155)) - Scanned deleted blocks log and got 0 delTX to process.
2019-09-21 03:48:23,871 [SCMBlockDeletingService#1] DEBUG block.SCMBlockDeletingService (SCMBlockDeletingService.java:call(138)) - Running DeletedBlockTransactionScanner
2019-09-21 03:48:23,871 [SCMBlockDeletingService#1] DEBUG block.SCMBlockDeletingService (SCMBlockDeletingService.java:call(155)) - Scanned deleted blocks log and got 0 delTX to process.
2019-09-21 03:48:23,971 [SCMBlockDeletingService#1] DEBUG block.SCMBlockDeletingService (SCMBlockDeletingService.java:call(138)) - Running DeletedBlockTransactionScanner
2019-09-21 03:48:23,972 [SCMBlockDeletingService#1] DEBUG block.SCMBlockDeletingService (SCMBlockDeletingService.java:call(155)) - Scanned deleted blocks log and got 0 delTX to process.
2019-09-21 03:48:24,072 [SCMBlockDeletingService#1] DEBUG block.SCMBlockDeletingService (SCMBlockDeletingService.java:call(138)) - Running DeletedBlockTransactionScanner
2019-09-21 03:48:24,072 [SCMBlockDeletingService#1] DEBUG block.SCMBlockDeletingService (SCMBlockDeletingService.java:call(155)) - Scanned deleted blocks log and got 0 delTX to process.
2019-09-21 03:48:24,173 [SCMBlockDeletingService#1] DEBUG block.SCMBlockDeletingService (SCMBlockDeletingService.java:call(138)) - Running DeletedBlockTransactionScanner
2019-09-21 03:48:24,173 [SCMBlockDeletingService#1] DEBUG block.SCMBlockDeletingService (SCMBlockDeletingService.java:call(155)) - Scanned deleted blocks log and got 0 delTX to process.
2019-09-21 03:48:24,273 [SCMBlockDeletingService#1] DEBUG block.SCMBlockDeletingService (SCMBlockDeletingService.java:call(138)) - Running DeletedBlockTransactionScanner
2019-09-21 03:48:24,274 [SCMBlockDeletingService#1] DEBUG block.SCMBlockDeletingService (SCMBlockDeletingService.java:call(155)) - Scanned deleted blocks log and got 0 delTX to process.
2019-09-21 03:48:24,405 [SCMBlockDeletingService#1] DEBUG block.SCMBlockDeletingService (SCMBlockDeletingService.java:call(138)) - Running DeletedBlockTransactionScanner
2019-09-21 03:48:24,406 [SCMBlockDeletingService#1] DEBUG block.SCMBlockDeletingService (SCMBlockDeletingService.java:call(155)) - Scanned deleted blocks log and got 0 delTX to process.
2019-09-21 03:48:24,506 [SCMBlockDeletingService#1] DEBUG block.SCMBlockDeletingService (SCMBlockDeletingService.java:call(138)) - Running DeletedBlockTransactionScanner
2019-09-21 03:48:24,506 [SCMBlockDeletingService#1] DEBUG block.SCMBlockDeletingService (SCMBlockDeletingService.java:call(155)) - Scanned deleted blocks log and got 0 delTX to process.
2019-09-21 03:48:24,607 [SCMBlockDeletingService#1] DEBUG block.SCMBlockDeletingService (SCMBlockDeletingService.java:call(138)) - Running DeletedBlockTransactionScanner
2019-09-21 03:48:24,607 [SCMBlockDeletingService#1] DEBUG block.SCMBlockDeletingService (SCMBlockDeletingService.java:call(155)) - Scanned deleted blocks log and got 0 delTX to process.
2019-09-21 03:48:24,708 [SCMBlockDeletingService#1] DEBUG block.SCMBlockDeletingService (SCMBlockDeletingService.java:call(138)) - Running DeletedBlockTransactionScanner
2019-09-21 03:48:24,709 [SCMBlockDeletingService#1] DEBUG block.SCMBlockDeletingService (SCMBlockDeletingService.java:call(155)) - Scanned deleted blocks log and got 0 delTX to process.
2019-09-21 03:48:24,809 [SCMBlockDeletingService#1] DEBUG block.SCMBlockDeletingService (SCMBlockDeletingService.java:call(138)) - Running DeletedBlockTransactionScanner
2019-09-21 03:48:24,809 [SCMBlockDeletingService#1] DEBUG block.SCMBlockDeletingService (SCMBlockDeletingService.java:call(155)) - Scanned deleted blocks log and got 0 delTX to process.
2019-09-21 03:48:24,910 [SCMBlockDeletingService#1] DEBUG block.SCMBlockDeletingService (SCMBlockDeletingService.java:call(138)) - Running DeletedBlockTransactionScanner
2019-09-21 03:48:24,910 [SCMBlockDeletingService#1] DEBUG block.SCMBlockDeletingService (SCMBlockDeletingService.java:call(155)) - Scanned deleted blocks log and got 0 delTX to process.
2019-09-21 03:48:25,010 [SCMBlockDeletingService#1] DEBUG block.SCMBlockDeletingService (SCMBlockDeletingService.java:call(138)) - Running DeletedBlockTransactionScanner
2019-09-21 03:48:25,011 [SCMBlockDeletingService#1] DEBUG block.SCMBlockDeletingService (SCMBlockDeletingService.java:call(155)) - Scanned deleted blocks log and got 0 delTX to process.
2019-09-21 03:48:25,111 [SCMBlockDeletingService#0] DEBUG block.SCMBlockDeletingService (SCMBlockDeletingService.java:call(138)) - Running DeletedBlockTransactionScanner
2019-09-21 03:48:25,111 [SCMBlockDeletingService#0] DEBUG block.SCMBlockDeletingService (SCMBlockDeletingService.java:call(155)) - Scanned deleted blocks log and got 0 delTX to process.
2019-09-21 03:48:25,212 [SCMBlockDeletingService#0] DEBUG block.SCMBlockDeletingService (SCMBlockDeletingService.java:call(138)) - Running DeletedBlockTransactionScanner
2019-09-21 03:48:25,212 [SCMBlockDeletingService#0] DEBUG block.SCMBlockDeletingService (SCMBlockDeletingService.java:call(155)) - Scanned deleted blocks log and got 0 delTX to process.
2019-09-21 03:48:25,312 [SCMBlockDeletingService#0] DEBUG block.SCMBlockDeletingService (SCMBlockDeletingService.java:call(138)) - Running DeletedBlockTransactionScanner
2019-09-21 03:48:25,313 [SCMBlockDeletingService#0] DEBUG block.SCMBlockDeletingService (SCMBlockDeletingService.java:call(155)) - Scanned deleted blocks log and got 0 delTX to process.
2019-09-21 03:48:25,413 [SCMBlockDeletingService#0] DEBUG block.SCMBlockDeletingService (SCMBlockDeletingService.java:call(138)) - Running DeletedBlockTransactionScanner
2019-09-21 03:48:25,413 [SCMBlockDeletingService#0] DEBUG block.SCMBlockDeletingService (SCMBlockDeletingService.java:call(155)) - Scanned deleted blocks log and got 0 delTX to process.
2019-09-21 03:48:25,514 [SCMBlockDeletingService#0] DEBUG block.SCMBlockDeletingService (SCMBlockDeletingService.java:call(138)) - Running DeletedBlockTransactionScanner
2019-09-21 03:48:25,514 [SCMBlockDeletingService#0] DEBUG block.SCMBlockDeletingService (SCMBlockDeletingService.java:call(155)) - Scanned deleted blocks log and got 0 delTX to process.
2019-09-21 03:48:25,614 [SCMBlockDeletingService#0] DEBUG block.SCMBlockDeletingService (SCMBlockDeletingService.java:call(138)) - Running DeletedBlockTransactionScanner
2019-09-21 03:48:25,615 [SCMBlockDeletingService#0] DEBUG block.SCMBlockDeletingService (SCMBlockDeletingService.java:call(155)) - Scanned deleted blocks log and got 0 delTX to process.
2019-09-21 03:48:25,715 [SCMBlockDeletingService#0] DEBUG block.SCMBlockDeletingService (SCMBlockDeletingService.java:call(138)) - Running DeletedBlockTransactionScanner
2019-09-21 03:48:25,715 [SCMBlockDeletingService#0] DEBUG block.SCMBlockDeletingService (SCMBlockDeletingService.java:call(155)) - Scanned deleted blocks log and got 0 delTX to process.
2019-09-21 03:48:25,816 [SCMBlockDeletingService#0] DEBUG block.SCMBlockDeletingService (SCMBlockDeletingService.java:call(138)) - Running DeletedBlockTransactionScanner
2019-09-21 03:48:25,816 [SCMBlockDeletingService#0] DEBUG block.SCMBlockDeletingService (SCMBlockDeletingService.java:call(155)) - Scanned deleted blocks log and got 0 delTX to process.
2019-09-21 03:48:25,917 [SCMBlockDeletingService#0] DEBUG block.SCMBlockDeletingService (SCMBlockDeletingService.java:call(138)) - Running DeletedBlockTransactionScanner
2019-09-21 03:48:25,917 [SCMBlockDeletingService#0] DEBUG block.SCMBlockDeletingService (SCMBlockDeletingService.java:call(155)) - Scanned deleted blocks log and got 0 delTX to process.
2019-09-21 03:48:26,018 [SCMBlockDeletingService#0] DEBUG block.SCMBlockDeletingService (SCMBlockDeletingService.java:call(138)) - Running DeletedBlockTransactionScanner
2019-09-21 03:48:26,018 [SCMBlockDeletingService#0] DEBUG block.SCMBlockDeletingService (SCMBlockDeletingService.java:call(155)) - Scanned deleted blocks log and got 0 delTX to process.
2019-09-21 03:48:26,119 [SCMBlockDeletingService#0] DEBUG block.SCMBlockDeletingService (SCMBlockDeletingService.java:call(138)) - Running DeletedBlockTransactionScanner
2019-09-21 03:48:26,119 [SCMBlockDeletingService#0] DEBUG block.SCMBlockDeletingService (SCMBlockDeletingService.java:call(155)) - Scanned deleted blocks log and got 0 delTX to process.
2019-09-21 03:48:26,219 [SCMBlockDeletingService#0] DEBUG block.SCMBlockDeletingService (SCMBlockDeletingService.java:call(138)) - Running DeletedBlockTransactionScanner
2019-09-21 03:48:26,220 [SCMBlockDeletingService#0] DEBUG block.SCMBlockDeletingService (SCMBlockDeletingService.java:call(155)) - Scanned deleted blocks log and got 0 delTX to process.
2019-09-21 03:48:26,325 [SCMBlockDeletingService#0] DEBUG block.SCMBlockDeletingService (SCMBlockDeletingService.java:call(138)) - Running DeletedBlockTransactionScanner
2019-09-21 03:48:26,326 [SCMBlockDeletingService#0] DEBUG block.SCMBlockDeletingService (SCMBlockDeletingService.java:call(155)) - Scanned deleted blocks log and got 0 delTX to process.
2019-09-21 03:48:26,426 [SCMBlockDeletingService#0] DEBUG block.SCMBlockDeletingService (SCMBlockDeletingService.java:call(138)) - Running DeletedBlockTransactionScanner
2019-09-21 03:48:26,427 [SCMBlockDeletingService#0] DEBUG block.SCMBlockDeletingService (SCMBlockDeletingService.java:call(155)) - Scanned deleted blocks log and got 0 delTX to process.
2019-09-21 03:48:26,530 [SCMBlockDeletingService#0] DEBUG block.SCMBlockDeletingService (SCMBlockDeletingService.java:call(138)) - Running DeletedBlockTransactionScanner
2019-09-21 03:48:26,530 [SCMBlockDeletingService#0] DEBUG block.SCMBlockDeletingService (SCMBlockDeletingService.java:call(155)) - Scanned deleted blocks log and got 0 delTX to process.
2019-09-21 03:48:26,631 [SCMBlockDeletingService#0] DEBUG block.SCMBlockDeletingService (SCMBlockDeletingService.java:call(138)) - Running DeletedBlockTransactionScanner
2019-09-21 03:48:26,631 [SCMBlockDeletingService#0] DEBUG block.SCMBlockDeletingService (SCMBlockDeletingService.java:call(155)) - Scanned deleted blocks log and got 0 delTX to process.
2019-09-21 03:48:26,732 [SCMBlockDeletingService#0] DEBUG block.SCMBlockDeletingService (SCMBlockDeletingService.java:call(138)) - Running DeletedBlockTransactionScanner
2019-09-21 03:48:26,732 [SCMBlockDeletingService#0] DEBUG block.SCMBlockDeletingService (SCMBlockDeletingService.java:call(155)) - Scanned deleted blocks log and got 0 delTX to process.
2019-09-21 03:48:26,832 [SCMBlockDeletingService#0] DEBUG block.SCMBlockDeletingService (SCMBlockDeletingService.java:call(138)) - Running DeletedBlockTransactionScanner
2019-09-21 03:48:26,833 [SCMBlockDeletingService#0] DEBUG block.SCMBlockDeletingService (SCMBlockDeletingService.java:call(155)) - Scanned deleted blocks log and got 0 delTX to process.
2019-09-21 03:48:26,933 [SCMBlockDeletingService#0] DEBUG block.SCMBlockDeletingService (SCMBlockDeletingService.java:call(138)) - Running DeletedBlockTransactionScanner
2019-09-21 03:48:26,934 [SCMBlockDeletingService#0] DEBUG block.SCMBlockDeletingService (SCMBlockDeletingService.java:call(155)) - Scanned deleted blocks log and got 0 delTX to process.
2019-09-21 03:48:27,034 [SCMBlockDeletingService#0] DEBUG block.SCMBlockDeletingService (SCMBlockDeletingService.java:call(138)) - Running DeletedBlockTransactionScanner
2019-09-21 03:48:27,034 [SCMBlockDeletingService#0] DEBUG block.SCMBlockDeletingService (SCMBlockDeletingService.java:call(155)) - Scanned deleted blocks log and got 0 delTX to process.
2019-09-21 03:48:27,134 [SCMBlockDeletingService#0] DEBUG block.SCMBlockDeletingService (SCMBlockDeletingService.java:call(138)) - Running DeletedBlockTransactionScanner
2019-09-21 03:48:27,135 [SCMBlockDeletingService#0] DEBUG block.SCMBlockDeletingService (SCMBlockDeletingService.java:call(155)) - Scanned deleted blocks log and got 0 delTX to process.
2019-09-21 03:48:27,235 [SCMBlockDeletingService#0] DEBUG block.SCMBlockDeletingService (SCMBlockDeletingService.java:call(138)) - Running DeletedBlockTransactionScanner
2019-09-21 03:48:27,235 [SCMBlockDeletingService#0] DEBUG block.SCMBlockDeletingService (SCMBlockDeletingService.java:call(155)) - Scanned deleted blocks log and got 0 delTX to process.
2019-09-21 03:48:27,336 [SCMBlockDeletingService#0] DEBUG block.SCMBlockDeletingService (SCMBlockDeletingService.java:call(138)) - Running DeletedBlockTransactionScanner
2019-09-21 03:48:27,336 [SCMBlockDeletingService#0] DEBUG block.SCMBlockDeletingService (SCMBlockDeletingService.java:call(155)) - Scanned deleted blocks log and got 0 delTX to process.
2019-09-21 03:48:27,436 [SCMBlockDeletingService#0] DEBUG block.SCMBlockDeletingService (SCMBlockDeletingService.java:call(138)) - Running DeletedBlockTransactionScanner
2019-09-21 03:48:27,437 [SCMBlockDeletingService#0] DEBUG block.SCMBlockDeletingService (SCMBlockDeletingService.java:call(155)) - Scanned deleted blocks log and got 0 delTX to process.
2019-09-21 03:48:27,537 [SCMBlockDeletingService#0] DEBUG block.SCMBlockDeletingService (SCMBlockDeletingService.java:call(138)) - Running DeletedBlockTransactionScanner
2019-09-21 03:48:27,537 [SCMBlockDeletingService#0] DEBUG block.SCMBlockDeletingService (SCMBlockDeletingService.java:call(155)) - Scanned deleted blocks log and got 0 delTX to process.
2019-09-21 03:48:27,638 [SCMBlockDeletingService#0] DEBUG block.SCMBlockDeletingService (SCMBlockDeletingService.java:call(138)) - Running DeletedBlockTransactionScanner
2019-09-21 03:48:27,638 [SCMBlockDeletingService#0] DEBUG block.SCMBlockDeletingService (SCMBlockDeletingService.java:call(155)) - Scanned deleted blocks log and got 0 delTX to process.
2019-09-21 03:48:27,739 [SCMBlockDeletingService#0] DEBUG block.SCMBlockDeletingService (SCMBlockDeletingService.java:call(138)) - Running DeletedBlockTransactionScanner
2019-09-21 03:48:27,739 [SCMBlockDeletingService#0] DEBUG block.SCMBlockDeletingService (SCMBlockDeletingService.java:call(155)) - Scanned deleted blocks log and got 0 delTX to process.
2019-09-21 03:48:27,839 [SCMBlockDeletingService#0] DEBUG block.SCMBlockDeletingService (SCMBlockDeletingService.java:call(138)) - Running DeletedBlockTransactionScanner
2019-09-21 03:48:27,840 [SCMBlockDeletingService#0] DEBUG block.SCMBlockDeletingService (SCMBlockDeletingService.java:call(155)) - Scanned deleted blocks log and got 0 delTX to process.
2019-09-21 03:48:27,940 [SCMBlockDeletingService#0] DEBUG block.SCMBlockDeletingService (SCMBlockDeletingService.java:call(138)) - Running DeletedBlockTransactionScanner
2019-09-21 03:48:27,940 [SCMBlockDeletingService#0] DEBUG block.SCMBlockDeletingService (SCMBlockDeletingService.java:call(155)) - Scanned deleted blocks log and got 0 delTX to process.
2019-09-21 03:48:28,057 [SCMBlockDeletingService#0] DEBUG block.SCMBlockDeletingService (SCMBlockDeletingService.java:call(138)) - Running DeletedBlockTransactionScanner
2019-09-21 03:48:28,058 [SCMBlockDeletingService#0] DEBUG block.SCMBlockDeletingService (SCMBlockDeletingService.java:call(155)) - Scanned deleted blocks log and got 0 delTX to process.
2019-09-21 03:48:28,158 [SCMBlockDeletingService#0] DEBUG block.SCMBlockDeletingService (SCMBlockDeletingService.java:call(138)) - Running DeletedBlockTransactionScanner
2019-09-21 03:48:28,159 [SCMBlockDeletingService#0] DEBUG block.SCMBlockDeletingService (SCMBlockDeletingService.java:call(155)) - Scanned deleted blocks log and got 0 delTX to process.
2019-09-21 03:48:28,259 [SCMBlockDeletingService#0] DEBUG block.SCMBlockDeletingService (SCMBlockDeletingService.java:call(138)) - Running DeletedBlockTransactionScanner
2019-09-21 03:48:28,259 [SCMBlockDeletingService#0] DEBUG block.SCMBlockDeletingService (SCMBlockDeletingService.java:call(155)) - Scanned deleted blocks log and got 0 delTX to process.
2019-09-21 03:48:28,360 [SCMBlockDeletingService#0] DEBUG block.SCMBlockDeletingService (SCMBlockDeletingService.java:call(138)) - Running DeletedBlockTransactionScanner
2019-09-21 03:48:28,360 [SCMBlockDeletingService#0] DEBUG block.SCMBlockDeletingService (SCMBlockDeletingService.java:call(155)) - Scanned deleted blocks log and got 0 delTX to process.
2019-09-21 03:48:28,460 [SCMBlockDeletingService#0] DEBUG block.SCMBlockDeletingService (SCMBlockDeletingService.java:call(138)) - Running DeletedBlockTransactionScanner
2019-09-21 03:48:28,461 [SCMBlockDeletingService#0] DEBUG block.SCMBlockDeletingService (SCMBlockDeletingService.java:call(155)) - Scanned deleted blocks log and got 0 delTX to process.
2019-09-21 03:48:28,561 [SCMBlockDeletingService#1] DEBUG block.SCMBlockDeletingService (SCMBlockDeletingService.java:call(138)) - Running DeletedBlockTransactionScanner
2019-09-21 03:48:28,561 [SCMBlockDeletingService#1] DEBUG block.SCMBlockDeletingService (SCMBlockDeletingService.java:call(155)) - Scanned deleted blocks log and got 0 delTX to process.
2019-09-21 03:48:28,662 [SCMBlockDeletingService#1] DEBUG block.SCMBlockDeletingService (SCMBlockDeletingService.java:call(138)) - Running DeletedBlockTransactionScanner
2019-09-21 03:48:28,662 [SCMBlockDeletingService#1] DEBUG block.SCMBlockDeletingService (SCMBlockDeletingService.java:call(155)) - Scanned deleted blocks log and got 0 delTX to process.
2019-09-21 03:48:28,833 [SCMBlockDeletingService#1] DEBUG block.SCMBlockDeletingService (SCMBlockDeletingService.java:call(138)) - Running DeletedBlockTransactionScanner
2019-09-21 03:48:28,834 [SCMBlockDeletingService#1] DEBUG block.SCMBlockDeletingService (SCMBlockDeletingService.java:call(155)) - Scanned deleted blocks log and got 0 delTX to process.
2019-09-21 03:48:28,934 [SCMBlockDeletingService#1] DEBUG block.SCMBlockDeletingService (SCMBlockDeletingService.java:call(138)) - Running DeletedBlockTransactionScanner
2019-09-21 03:48:28,934 [SCMBlockDeletingService#1] DEBUG block.SCMBlockDeletingService (SCMBlockDeletingService.java:call(155)) - Scanned deleted blocks log and got 0 delTX to process.
2019-09-21 03:48:29,035 [SCMBlockDeletingService#1] DEBUG block.SCMBlockDeletingService (SCMBlockDeletingService.java:call(138)) - Running DeletedBlockTransactionScanner
2019-09-21 03:48:29,035 [SCMBlockDeletingService#1] DEBUG block.SCMBlockDeletingService (SCMBlockDeletingService.java:call(155)) - Scanned deleted blocks log and got 0 delTX to process.
2019-09-21 03:48:29,135 [SCMBlockDeletingService#1] DEBUG block.SCMBlockDeletingService (SCMBlockDeletingService.java:call(138)) - Running DeletedBlockTransactionScanner
2019-09-21 03:48:29,136 [SCMBlockDeletingService#1] DEBUG block.SCMBlockDeletingService (SCMBlockDeletingService.java:call(155)) - Scanned deleted blocks log and got 0 delTX to process.
2019-09-21 03:48:29,236 [SCMBlockDeletingService#1] DEBUG block.SCMBlockDeletingService (SCMBlockDeletingService.java:call(138)) - Running DeletedBlockTransactionScanner
2019-09-21 03:48:29,236 [SCMBlockDeletingService#1] DEBUG block.SCMBlockDeletingService (SCMBlockDeletingService.java:call(155)) - Scanned deleted blocks log and got 0 delTX to process.
2019-09-21 03:48:29,337 [SCMBlockDeletingService#1] DEBUG block.SCMBlockDeletingService (SCMBlockDeletingService.java:call(138)) - Running DeletedBlockTransactionScanner
2019-09-21 03:48:29,337 [SCMBlockDeletingService#1] DEBUG block.SCMBlockDeletingService (SCMBlockDeletingService.java:call(155)) - Scanned deleted blocks log and got 0 delTX to process.
2019-09-21 03:48:29,437 [SCMBlockDeletingService#1] DEBUG block.SCMBlockDeletingService (SCMBlockDeletingService.java:call(138)) - Running DeletedBlockTransactionScanner
2019-09-21 03:48:29,438 [SCMBlockDeletingService#1] DEBUG block.SCMBlockDeletingService (SCMBlockDeletingService.java:call(155)) - Scanned deleted blocks log and got 0 delTX to process.
2019-09-21 03:48:29,567 [SCMBlockDeletingService#1] DEBUG block.SCMBlockDeletingService (SCMBlockDeletingService.java:call(138)) - Running DeletedBlockTransactionScanner
2019-09-21 03:48:29,567 [SCMBlockDeletingService#1] DEBUG block.SCMBlockDeletingService (SCMBlockDeletingService.java:call(155)) - Scanned deleted blocks log and got 0 delTX to process.
2019-09-21 03:48:29,668 [SCMBlockDeletingService#1] DEBUG block.SCMBlockDeletingService (SCMBlockDeletingService.java:call(138)) - Running DeletedBlockTransactionScanner
2019-09-21 03:48:29,668 [SCMBlockDeletingService#1] DEBUG block.SCMBlockDeletingService (SCMBlockDeletingService.java:call(155)) - Scanned deleted blocks log and got 0 delTX to process.
2019-09-21 03:48:29,769 [SCMBlockDeletingService#1] DEBUG block.SCMBlockDeletingService (SCMBlockDeletingService.java:call(138)) - Running DeletedBlockTransactionScanner
2019-09-21 03:48:29,769 [SCMBlockDeletingService#1] DEBUG block.SCMBlockDeletingService (SCMBlockDeletingService.java:call(155)) - Scanned deleted blocks log and got 0 delTX to process.
2019-09-21 03:48:29,869 [SCMBlockDeletingService#1] DEBUG block.SCMBlockDeletingService (SCMBlockDeletingService.java:call(138)) - Running DeletedBlockTransactionScanner
2019-09-21 03:48:29,870 [SCMBlockDeletingService#1] DEBUG block.SCMBlockDeletingService (SCMBlockDeletingService.java:call(155)) - Scanned deleted blocks log and got 0 delTX to process.
2019-09-21 03:48:29,970 [SCMBlockDeletingService#1] DEBUG block.SCMBlockDeletingService (SCMBlockDeletingService.java:call(138)) - Running DeletedBlockTransactionScanner
2019-09-21 03:48:29,970 [SCMBlockDeletingService#1] DEBUG block.SCMBlockDeletingService (SCMBlockDeletingService.java:call(155)) - Scanned deleted blocks log and got 0 delTX to process.
2019-09-21 03:48:30,070 [SCMBlockDeletingService#1] DEBUG block.SCMBlockDeletingService (SCMBlockDeletingService.java:call(138)) - Running DeletedBlockTransactionScanner
2019-09-21 03:48:30,071 [SCMBlockDeletingService#1] DEBUG block.SCMBlockDeletingService (SCMBlockDeletingService.java:call(155)) - Scanned deleted blocks log and got 0 delTX to process.
2019-09-21 03:48:30,225 [SCMBlockDeletingService#1] DEBUG block.SCMBlockDeletingService (SCMBlockDeletingService.java:call(138)) - Running DeletedBlockTransactionScanner
2019-09-21 03:48:30,225 [SCMBlockDeletingService#1] DEBUG block.SCMBlockDeletingService (SCMBlockDeletingService.java:call(155)) - Scanned deleted blocks log and got 0 delTX to process.
2019-09-21 03:48:30,325 [SCMBlockDeletingService#1] DEBUG block.SCMBlockDeletingService (SCMBlockDeletingService.java:call(138)) - Running DeletedBlockTransactionScanner
2019-09-21 03:48:30,326 [SCMBlockDeletingService#1] DEBUG block.SCMBlockDeletingService (SCMBlockDeletingService.java:call(155)) - Scanned deleted blocks log and got 0 delTX to process.
2019-09-21 03:48:30,426 [SCMBlockDeletingService#1] DEBUG block.SCMBlockDeletingService (SCMBlockDeletingService.java:call(138)) - Running DeletedBlockTransactionScanner
2019-09-21 03:48:30,426 [SCMBlockDeletingService#1] DEBUG block.SCMBlockDeletingService (SCMBlockDeletingService.java:call(155)) - Scanned deleted blocks log and got 0 delTX to process.
2019-09-21 03:48:30,526 [SCMBlockDeletingService#1] DEBUG block.SCMBlockDeletingService (SCMBlockDeletingService.java:call(138)) - Running DeletedBlockTransactionScanner
2019-09-21 03:48:30,527 [SCMBlockDeletingService#1] DEBUG block.SCMBlockDeletingService (SCMBlockDeletingService.java:call(155)) - Scanned deleted blocks log and got 0 delTX to process.
2019-09-21 03:48:30,627 [SCMBlockDeletingService#1] DEBUG block.SCMBlockDeletingService (SCMBlockDeletingService.java:call(138)) - Running DeletedBlockTransactionScanner
2019-09-21 03:48:30,627 [SCMBlockDeletingService#1] DEBUG block.SCMBlockDeletingService (SCMBlockDeletingService.java:call(155)) - Scanned deleted blocks log and got 0 delTX to process.
2019-09-21 03:48:30,728 [SCMBlockDeletingService#1] DEBUG block.SCMBlockDeletingService (SCMBlockDeletingService.java:call(138)) - Running DeletedBlockTransactionScanner
2019-09-21 03:48:30,728 [SCMBlockDeletingService#1] DEBUG block.SCMBlockDeletingService (SCMBlockDeletingService.java:call(155)) - Scanned deleted blocks log and got 0 delTX to process.
2019-09-21 03:48:30,828 [SCMBlockDeletingService#1] DEBUG block.SCMBlockDeletingService (SCMBlockDeletingService.java:call(138)) - Running DeletedBlockTransactionScanner
2019-09-21 03:48:30,828 [SCMBlockDeletingService#1] DEBUG block.SCMBlockDeletingService (SCMBlockDeletingService.java:call(155)) - Scanned deleted blocks log and got 0 delTX to process.
2019-09-21 03:48:30,929 [SCMBlockDeletingService#1] DEBUG block.SCMBlockDeletingService (SCMBlockDeletingService.java:call(138)) - Running DeletedBlockTransactionScanner
2019-09-21 03:48:30,929 [SCMBlockDeletingService#1] DEBUG block.SCMBlockDeletingService (SCMBlockDeletingService.java:call(155)) - Scanned deleted blocks log and got 0 delTX to process.
2019-09-21 03:48:31,029 [SCMBlockDeletingService#1] DEBUG block.SCMBlockDeletingService (SCMBlockDeletingService.java:call(138)) - Running DeletedBlockTransactionScanner
2019-09-21 03:48:31,029 [SCMBlockDeletingService#1] DEBUG block.SCMBlockDeletingService (SCMBlockDeletingService.java:call(155)) - Scanned deleted blocks log and got 0 delTX to process.
2019-09-21 03:48:31,148 [SCMBlockDeletingService#1] DEBUG block.SCMBlockDeletingService (SCMBlockDeletingService.java:call(138)) - Running DeletedBlockTransactionScanner
2019-09-21 03:48:31,149 [SCMBlockDeletingService#1] DEBUG block.SCMBlockDeletingService (SCMBlockDeletingService.java:call(155)) - Scanned deleted blocks log and got 0 delTX to process.
2019-09-21 03:48:31,249 [SCMBlockDeletingService#1] DEBUG block.SCMBlockDeletingService (SCMBlockDeletingService.java:call(138)) - Running DeletedBlockTransactionScanner
2019-09-21 03:48:31,249 [SCMBlockDeletingService#1] DEBUG block.SCMBlockDeletingService (SCMBlockDeletingService.java:call(155)) - Scanned deleted blocks log and got 0 delTX to process.
2019-09-21 03:48:31,350 [SCMBlockDeletingService#1] DEBUG block.SCMBlockDeletingService (SCMBlockDeletingService.java:call(138)) - Running DeletedBlockTransactionScanner
2019-09-21 03:48:31,350 [SCMBlockDeletingService#1] DEBUG block.SCMBlockDeletingService (SCMBlockDeletingService.java:call(155)) - Scanned deleted blocks log and got 0 delTX to process.
2019-09-21 03:48:31,450 [SCMBlockDeletingService#1] DEBUG block.SCMBlockDeletingService (SCMBlockDeletingService.java:call(138)) - Running DeletedBlockTransactionScanner
2019-09-21 03:48:31,451 [SCMBlockDeletingService#1] DEBUG block.SCMBlockDeletingService (SCMBlockDeletingService.java:call(155)) - Scanned deleted blocks log and got 0 delTX to process.
2019-09-21 03:48:31,551 [SCMBlockDeletingService#1] DEBUG block.SCMBlockDeletingService (SCMBlockDeletingService.java:call(138)) - Running DeletedBlockTransactionScanner
2019-09-21 03:48:31,551 [SCMBlockDeletingService#1] DEBUG block.SCMBlockDeletingService (SCMBlockDeletingService.java:call(155)) - Scanned deleted blocks log and got 0 delTX to process.
2019-09-21 03:48:31,652 [SCMBlockDeletingService#1] DEBUG block.SCMBlockDeletingService (SCMBlockDeletingService.java:call(138)) - Running DeletedBlockTransactionScanner
2019-09-21 03:48:31,652 [SCMBlockDeletingService#1] DEBUG block.SCMBlockDeletingService (SCMBlockDeletingService.java:call(155)) - Scanned deleted blocks log and got 0 delTX to process.
2019-09-21 03:48:31,752 [SCMBlockDeletingService#1] DEBUG block.SCMBlockDeletingService (SCMBlockDeletingService.java:call(138)) - Running DeletedBlockTransactionScanner
2019-09-21 03:48:31,753 [SCMBlockDeletingService#1] DEBUG block.SCMBlockDeletingService (SCMBlockDeletingService.java:call(155)) - Scanned deleted blocks log and got 0 delTX to process.
2019-09-21 03:48:31,853 [SCMBlockDeletingService#0] DEBUG block.SCMBlockDeletingService (SCMBlockDeletingService.java:call(138)) - Running DeletedBlockTransactionScanner
2019-09-21 03:48:31,853 [SCMBlockDeletingService#0] DEBUG block.SCMBlockDeletingService (SCMBlockDeletingService.java:call(155)) - Scanned deleted blocks log and got 0 delTX to process.
2019-09-21 03:48:31,954 [SCMBlockDeletingService#0] DEBUG block.SCMBlockDeletingService (SCMBlockDeletingService.java:call(138)) - Running DeletedBlockTransactionScanner
2019-09-21 03:48:31,954 [SCMBlockDeletingService#0] DEBUG block.SCMBlockDeletingService (SCMBlockDeletingService.java:call(155)) - Scanned deleted blocks log and got 0 delTX to process.
2019-09-21 03:48:32,054 [SCMBlockDeletingService#0] DEBUG block.SCMBlockDeletingService (SCMBlockDeletingService.java:call(138)) - Running DeletedBlockTransactionScanner
2019-09-21 03:48:32,055 [SCMBlockDeletingService#0] DEBUG block.SCMBlockDeletingService (SCMBlockDeletingService.java:call(155)) - Scanned deleted blocks log and got 0 delTX to process.
2019-09-21 03:48:32,170 [SCMBlockDeletingService#0] DEBUG block.SCMBlockDeletingService (SCMBlockDeletingService.java:call(138)) - Running DeletedBlockTransactionScanner
2019-09-21 03:48:32,170 [SCMBlockDeletingService#0] DEBUG block.SCMBlockDeletingService (SCMBlockDeletingService.java:call(155)) - Scanned deleted blocks log and got 0 delTX to process.
2019-09-21 03:48:32,271 [SCMBlockDeletingService#0] DEBUG block.SCMBlockDeletingService (SCMBlockDeletingService.java:call(138)) - Running DeletedBlockTransactionScanner
2019-09-21 03:48:32,271 [SCMBlockDeletingService#0] DEBUG block.SCMBlockDeletingService (SCMBlockDeletingService.java:call(155)) - Scanned deleted blocks log and got 0 delTX to process.
2019-09-21 03:48:32,371 [SCMBlockDeletingService#0] DEBUG block.SCMBlockDeletingService (SCMBlockDeletingService.java:call(138)) - Running DeletedBlockTransactionScanner
2019-09-21 03:48:32,372 [SCMBlockDeletingService#0] DEBUG block.SCMBlockDeletingService (SCMBlockDeletingService.java:call(155)) - Scanned deleted blocks log and got 0 delTX to process.
2019-09-21 03:48:32,472 [SCMBlockDeletingService#0] DEBUG block.SCMBlockDeletingService (SCMBlockDeletingService.java:call(138)) - Running DeletedBlockTransactionScanner
2019-09-21 03:48:32,472 [SCMBlockDeletingService#0] DEBUG block.SCMBlockDeletingService (SCMBlockDeletingService.java:call(155)) - Scanned deleted blocks log and got 0 delTX to process.
2019-09-21 03:48:32,573 [SCMBlockDeletingService#0] DEBUG block.SCMBlockDeletingService (SCMBlockDeletingService.java:call(138)) - Running DeletedBlockTransactionScanner
2019-09-21 03:48:32,573 [SCMBlockDeletingService#0] DEBUG block.SCMBlockDeletingService (SCMBlockDeletingService.java:call(155)) - Scanned deleted blocks log and got 0 delTX to process.
2019-09-21 03:48:32,673 [SCMBlockDeletingService#1] DEBUG block.SCMBlockDeletingService (SCMBlockDeletingService.java:call(138)) - Running DeletedBlockTransactionScanner
2019-09-21 03:48:32,674 [SCMBlockDeletingService#1] DEBUG block.SCMBlockDeletingService (SCMBlockDeletingService.java:call(155)) - Scanned deleted blocks log and got 0 delTX to process.
2019-09-21 03:48:32,774 [SCMBlockDeletingService#1] DEBUG block.SCMBlockDeletingService (SCMBlockDeletingService.java:call(138)) - Running DeletedBlockTransactionScanner
2019-09-21 03:48:32,774 [SCMBlockDeletingService#1] DEBUG block.SCMBlockDeletingService (SCMBlockDeletingService.java:call(155)) - Scanned deleted blocks log and got 0 delTX to process.
2019-09-21 03:48:32,874 [SCMBlockDeletingService#1] DEBUG block.SCMBlockDeletingService (SCMBlockDeletingService.java:call(138)) - Running DeletedBlockTransactionScanner
2019-09-21 03:48:32,875 [SCMBlockDeletingService#1] DEBUG block.SCMBlockDeletingService (SCMBlockDeletingService.java:call(155)) - Scanned deleted blocks log and got 0 delTX to process.
2019-09-21 03:48:32,975 [SCMBlockDeletingService#1] DEBUG block.SCMBlockDeletingService (SCMBlockDeletingService.java:call(138)) - Running DeletedBlockTransactionScanner
2019-09-21 03:48:32,975 [SCMBlockDeletingService#1] DEBUG block.SCMBlockDeletingService (SCMBlockDeletingService.java:call(155)) - Scanned deleted blocks log and got 0 delTX to process.
2019-09-21 03:48:33,134 [SCMBlockDeletingService#1] DEBUG block.SCMBlockDeletingService (SCMBlockDeletingService.java:call(138)) - Running DeletedBlockTransactionScanner
2019-09-21 03:48:33,134 [SCMBlockDeletingService#1] DEBUG block.SCMBlockDeletingService (SCMBlockDeletingService.java:call(155)) - Scanned deleted blocks log and got 0 delTX to process.
2019-09-21 03:48:33,235 [SCMBlockDeletingService#1] DEBUG block.SCMBlockDeletingService (SCMBlockDeletingService.java:call(138)) - Running DeletedBlockTransactionScanner
2019-09-21 03:48:33,235 [SCMBlockDeletingService#1] DEBUG block.SCMBlockDeletingService (SCMBlockDeletingService.java:call(155)) - Scanned deleted blocks log and got 0 delTX to process.
2019-09-21 03:48:33,335 [SCMBlockDeletingService#1] DEBUG block.SCMBlockDeletingService (SCMBlockDeletingService.java:call(138)) - Running DeletedBlockTransactionScanner
2019-09-21 03:48:33,336 [SCMBlockDeletingService#1] DEBUG block.SCMBlockDeletingService (SCMBlockDeletingService.java:call(155)) - Scanned deleted blocks log and got 0 delTX to process.
2019-09-21 03:48:33,436 [SCMBlockDeletingService#1] DEBUG block.SCMBlockDeletingService (SCMBlockDeletingService.java:call(138)) - Running DeletedBlockTransactionScanner
2019-09-21 03:48:33,436 [SCMBlockDeletingService#1] DEBUG block.SCMBlockDeletingService (SCMBlockDeletingService.java:call(155)) - Scanned deleted blocks log and got 0 delTX to process.
2019-09-21 03:48:33,537 [SCMBlockDeletingService#1] DEBUG block.SCMBlockDeletingService (SCMBlockDeletingService.java:call(138)) - Running DeletedBlockTransactionScanner
2019-09-21 03:48:33,537 [SCMBlockDeletingService#1] DEBUG block.SCMBlockDeletingService (SCMBlockDeletingService.java:call(155)) - Scanned deleted blocks log and got 0 delTX to process.
2019-09-21 03:48:33,637 [SCMBlockDeletingService#1] DEBUG block.SCMBlockDeletingService (SCMBlockDeletingService.java:call(138)) - Running DeletedBlockTransactionScanner
2019-09-21 03:48:33,638 [SCMBlockDeletingService#1] DEBUG block.SCMBlockDeletingService (SCMBlockDeletingService.java:call(155)) - Scanned deleted blocks log and got 0 delTX to process.
2019-09-21 03:48:33,738 [SCMBlockDeletingService#1] DEBUG block.SCMBlockDeletingService (SCMBlockDeletingService.java:call(138)) - Running DeletedBlockTransactionScanner
2019-09-21 03:48:33,738 [SCMBlockDeletingService#1] DEBUG block.SCMBlockDeletingService (SCMBlockDeletingService.java:call(155)) - Scanned deleted blocks log and got 0 delTX to process.
2019-09-21 03:48:33,839 [SCMBlockDeletingService#1] DEBUG block.SCMBlockDeletingService (SCMBlockDeletingService.java:call(138)) - Running DeletedBlockTransactionScanner
2019-09-21 03:48:33,839 [SCMBlockDeletingService#1] DEBUG block.SCMBlockDeletingService (SCMBlockDeletingService.java:call(155)) - Scanned deleted blocks log and got 0 delTX to process.
2019-09-21 03:48:33,939 [SCMBlockDeletingService#1] DEBUG block.SCMBlockDeletingService (SCMBlockDeletingService.java:call(138)) - Running DeletedBlockTransactionScanner
2019-09-21 03:48:33,940 [SCMBlockDeletingService#1] DEBUG block.SCMBlockDeletingService (SCMBlockDeletingService.java:call(155)) - Scanned deleted blocks log and got 0 delTX to process.
2019-09-21 03:48:34,040 [SCMBlockDeletingService#1] DEBUG block.SCMBlockDeletingService (SCMBlockDeletingService.java:call(138)) - Running DeletedBlockTransactionScanner
2019-09-21 03:48:34,040 [SCMBlockDeletingService#1] DEBUG block.SCMBlockDeletingService (SCMBlockDeletingService.java:call(155)) - Scanned deleted blocks log and got 0 delTX to process.
2019-09-21 03:48:34,186 [SCMBlockDeletingService#0] DEBUG block.SCMBlockDeletingService (SCMBlockDeletingService.java:call(138)) - Running DeletedBlockTransactionScanner
2019-09-21 03:48:34,187 [SCMBlockDeletingService#0] DEBUG block.SCMBlockDeletingService (SCMBlockDeletingService.java:call(155)) - Scanned deleted blocks log and got 0 delTX to process.
2019-09-21 03:48:34,287 [SCMBlockDeletingService#0] DEBUG block.SCMBlockDeletingService (SCMBlockDeletingService.java:call(138)) - Running DeletedBlockTransactionScanner
2019-09-21 03:48:34,287 [SCMBlockDeletingService#0] DEBUG block.SCMBlockDeletingService (SCMBlockDeletingService.java:call(155)) - Scanned deleted blocks log and got 0 delTX to process.
2019-09-21 03:48:34,388 [SCMBlockDeletingService#0] DEBUG block.SCMBlockDeletingService (SCMBlockDeletingService.java:call(138)) - Running DeletedBlockTransactionScanner
2019-09-21 03:48:34,388 [SCMBlockDeletingService#0] DEBUG block.SCMBlockDeletingService (SCMBlockDeletingService.java:call(155)) - Scanned deleted blocks log and got 0 delTX to process.
2019-09-21 03:48:34,488 [SCMBlockDeletingService#0] DEBUG block.SCMBlockDeletingService (SCMBlockDeletingService.java:call(138)) - Running DeletedBlockTransactionScanner
2019-09-21 03:48:34,488 [SCMBlockDeletingService#0] DEBUG block.SCMBlockDeletingService (SCMBlockDeletingService.java:call(155)) - Scanned deleted blocks log and got 0 delTX to process.
2019-09-21 03:48:34,589 [SCMBlockDeletingService#0] DEBUG block.SCMBlockDeletingService (SCMBlockDeletingService.java:call(138)) - Running DeletedBlockTransactionScanner
2019-09-21 03:48:34,589 [SCMBlockDeletingService#0] DEBUG block.SCMBlockDeletingService (SCMBlockDeletingService.java:call(155)) - Scanned deleted blocks log and got 0 delTX to process.
2019-09-21 03:48:34,690 [SCMBlockDeletingService#0] DEBUG block.SCMBlockDeletingService (SCMBlockDeletingService.java:call(138)) - Running DeletedBlockTransactionScanner
2019-09-21 03:48:34,690 [SCMBlockDeletingService#0] DEBUG block.SCMBlockDeletingService (SCMBlockDeletingService.java:call(155)) - Scanned deleted blocks log and got 0 delTX to process.
2019-09-21 03:48:34,790 [SCMBlockDeletingService#0] DEBUG block.SCMBlockDeletingService (SCMBlockDeletingService.java:call(138)) - Running DeletedBlockTransactionScanner
2019-09-21 03:48:34,791 [SCMBlockDeletingService#0] DEBUG block.SCMBlockDeletingService (SCMBlockDeletingService.java:call(155)) - Scanned deleted blocks log and got 0 delTX to process.
2019-09-21 03:48:34,891 [SCMBlockDeletingService#0] DEBUG block.SCMBlockDeletingService (SCMBlockDeletingService.java:call(138)) - Running DeletedBlockTransactionScanner
2019-09-21 03:48:34,891 [SCMBlockDeletingService#0] DEBUG block.SCMBlockDeletingService (SCMBlockDeletingService.java:call(155)) - Scanned deleted blocks log and got 0 delTX to process.
2019-09-21 03:48:34,992 [SCMBlockDeletingService#0] DEBUG block.SCMBlockDeletingService (SCMBlockDeletingService.java:call(138)) - Running DeletedBlockTransactionScanner
2019-09-21 03:48:34,992 [SCMBlockDeletingService#0] DEBUG block.SCMBlockDeletingService (SCMBlockDeletingService.java:call(155)) - Scanned deleted blocks log and got 0 delTX to process.
2019-09-21 03:48:35,092 [SCMBlockDeletingService#0] DEBUG block.SCMBlockDeletingService (SCMBlockDeletingService.java:call(138)) - Running DeletedBlockTransactionScanner
2019-09-21 03:48:35,093 [SCMBlockDeletingService#0] DEBUG block.SCMBlockDeletingService (SCMBlockDeletingService.java:call(155)) - Scanned deleted blocks log and got 0 delTX to process.
2019-09-21 03:48:35,193 [SCMBlockDeletingService#0] DEBUG block.SCMBlockDeletingService (SCMBlockDeletingService.java:call(138)) - Running DeletedBlockTransactionScanner
2019-09-21 03:48:35,193 [SCMBlockDeletingService#0] DEBUG block.SCMBlockDeletingService (SCMBlockDeletingService.java:call(155)) - Scanned deleted blocks log and got 0 delTX to process.
2019-09-21 03:48:35,294 [SCMBlockDeletingService#0] DEBUG block.SCMBlockDeletingService (SCMBlockDeletingService.java:call(138)) - Running DeletedBlockTransactionScanner
2019-09-21 03:48:35,294 [SCMBlockDeletingService#0] DEBUG block.SCMBlockDeletingService (SCMBlockDeletingService.java:call(155)) - Scanned deleted blocks log and got 0 delTX to process.
2019-09-21 03:48:35,394 [SCMBlockDeletingService#1] DEBUG block.SCMBlockDeletingService (SCMBlockDeletingService.java:call(138)) - Running DeletedBlockTransactionScanner
2019-09-21 03:48:35,395 [SCMBlockDeletingService#1] DEBUG block.SCMBlockDeletingService (SCMBlockDeletingService.java:call(155)) - Scanned deleted blocks log and got 0 delTX to process.
2019-09-21 03:48:35,495 [SCMBlockDeletingService#0] DEBUG block.SCMBlockDeletingService (SCMBlockDeletingService.java:call(138)) - Running DeletedBlockTransactionScanner
2019-09-21 03:48:35,495 [SCMBlockDeletingService#0] DEBUG block.SCMBlockDeletingService (SCMBlockDeletingService.java:call(155)) - Scanned deleted blocks log and got 0 delTX to process.
2019-09-21 03:48:35,596 [SCMBlockDeletingService#0] DEBUG block.SCMBlockDeletingService (SCMBlockDeletingService.java:call(138)) - Running DeletedBlockTransactionScanner
2019-09-21 03:48:35,596 [SCMBlockDeletingService#0] DEBUG block.SCMBlockDeletingService (SCMBlockDeletingService.java:call(155)) - Scanned deleted blocks log and got 0 delTX to process.
2019-09-21 03:48:35,696 [SCMBlockDeletingService#0] DEBUG block.SCMBlockDeletingService (SCMBlockDeletingService.java:call(138)) - Running DeletedBlockTransactionScanner
2019-09-21 03:48:35,697 [SCMBlockDeletingService#0] DEBUG block.SCMBlockDeletingService (SCMBlockDeletingService.java:call(155)) - Scanned deleted blocks log and got 0 delTX to process.
2019-09-21 03:48:35,797 [SCMBlockDeletingService#0] DEBUG block.SCMBlockDeletingService (SCMBlockDeletingService.java:call(138)) - Running DeletedBlockTransactionScanner
2019-09-21 03:48:35,797 [SCMBlockDeletingService#0] DEBUG block.SCMBlockDeletingService (SCMBlockDeletingService.java:call(155)) - Scanned deleted blocks log and got 0 delTX to process.
2019-09-21 03:48:35,897 [SCMBlockDeletingService#0] DEBUG block.SCMBlockDeletingService (SCMBlockDeletingService.java:call(138)) - Running DeletedBlockTransactionScanner
2019-09-21 03:48:35,898 [SCMBlockDeletingService#0] DEBUG block.SCMBlockDeletingService (SCMBlockDeletingService.java:call(155)) - Scanned deleted blocks log and got 0 delTX to process.
2019-09-21 03:48:35,998 [SCMBlockDeletingService#0] DEBUG block.SCMBlockDeletingService (SCMBlockDeletingService.java:call(138)) - Running DeletedBlockTransactionScanner
2019-09-21 03:48:35,998 [SCMBlockDeletingService#0] DEBUG block.SCMBlockDeletingService (SCMBlockDeletingService.java:call(155)) - Scanned deleted blocks log and got 0 delTX to process.
2019-09-21 03:48:36,099 [SCMBlockDeletingService#0] DEBUG block.SCMBlockDeletingService (SCMBlockDeletingService.java:call(138)) - Running DeletedBlockTransactionScanner
2019-09-21 03:48:36,099 [SCMBlockDeletingService#0] DEBUG block.SCMBlockDeletingService (SCMBlockDeletingService.java:call(155)) - Scanned deleted blocks log and got 0 delTX to process.
2019-09-21 03:48:36,341 [SCMBlockDeletingService#0] DEBUG block.SCMBlockDeletingService (SCMBlockDeletingService.java:call(138)) - Running DeletedBlockTransactionScanner
2019-09-21 03:48:36,341 [SCMBlockDeletingService#0] DEBUG block.SCMBlockDeletingService (SCMBlockDeletingService.java:call(155)) - Scanned deleted blocks log and got 0 delTX to process.
2019-09-21 03:48:36,442 [SCMBlockDeletingService#0] DEBUG block.SCMBlockDeletingService (SCMBlockDeletingService.java:call(138)) - Running DeletedBlockTransactionScanner
2019-09-21 03:48:36,442 [SCMBlockDeletingService#0] DEBUG block.SCMBlockDeletingService (SCMBlockDeletingService.java:call(155)) - Scanned deleted blocks log and got 0 delTX to process.
2019-09-21 03:48:36,542 [SCMBlockDeletingService#0] DEBUG block.SCMBlockDeletingService (SCMBlockDeletingService.java:call(138)) - Running DeletedBlockTransactionScanner
2019-09-21 03:48:36,543 [SCMBlockDeletingService#0] DEBUG block.SCMBlockDeletingService (SCMBlockDeletingService.java:call(155)) - Scanned deleted blocks log and got 0 delTX to process.
2019-09-21 03:48:36,643 [SCMBlockDeletingService#0] DEBUG block.SCMBlockDeletingService (SCMBlockDeletingService.java:call(138)) - Running DeletedBlockTransactionScanner
2019-09-21 03:48:36,643 [SCMBlockDeletingService#0] DEBUG block.SCMBlockDeletingService (SCMBlockDeletingService.java:call(155)) - Scanned deleted blocks log and got 0 delTX to process.
2019-09-21 03:48:36,744 [SCMBlockDeletingService#0] DEBUG block.SCMBlockDeletingService (SCMBlockDeletingService.java:call(138)) - Running DeletedBlockTransactionScanner
2019-09-21 03:48:36,744 [SCMBlockDeletingService#0] DEBUG block.SCMBlockDeletingService (SCMBlockDeletingService.java:call(155)) - Scanned deleted blocks log and got 0 delTX to process.
2019-09-21 03:48:36,845 [SCMBlockDeletingService#0] DEBUG block.SCMBlockDeletingService (SCMBlockDeletingService.java:call(138)) - Running DeletedBlockTransactionScanner
2019-09-21 03:48:36,845 [SCMBlockDeletingService#0] DEBUG block.SCMBlockDeletingService (SCMBlockDeletingService.java:call(155)) - Scanned deleted blocks log and got 0 delTX to process.
2019-09-21 03:48:36,945 [SCMBlockDeletingService#0] DEBUG block.SCMBlockDeletingService (SCMBlockDeletingService.java:call(138)) - Running DeletedBlockTransactionScanner
2019-09-21 03:48:36,946 [SCMBlockDeletingService#0] DEBUG block.SCMBlockDeletingService (SCMBlockDeletingService.java:call(155)) - Scanned deleted blocks log and got 0 delTX to process.
2019-09-21 03:48:37,046 [SCMBlockDeletingService#0] DEBUG block.SCMBlockDeletingService (SCMBlockDeletingService.java:call(138)) - Running DeletedBlockTransactionScanner
2019-09-21 03:48:37,046 [SCMBlockDeletingService#0] DEBUG block.SCMBlockDeletingService (SCMBlockDeletingService.java:call(155)) - Scanned deleted blocks log and got 0 delTX to process.
2019-09-21 03:48:37,147 [SCMBlockDeletingService#0] DEBUG block.SCMBlockDeletingService (SCMBlockDeletingService.java:call(138)) - Running DeletedBlockTransactionScanner
2019-09-21 03:48:37,147 [SCMBlockDeletingService#0] DEBUG block.SCMBlockDeletingService (SCMBlockDeletingService.java:call(155)) - Scanned deleted blocks log and got 0 delTX to process.
2019-09-21 03:48:37,247 [SCMBlockDeletingService#0] DEBUG block.SCMBlockDeletingService (SCMBlockDeletingService.java:call(138)) - Running DeletedBlockTransactionScanner
2019-09-21 03:48:37,248 [SCMBlockDeletingService#0] DEBUG block.SCMBlockDeletingService (SCMBlockDeletingService.java:call(155)) - Scanned deleted blocks log and got 0 delTX to process.
2019-09-21 03:48:37,348 [SCMBlockDeletingService#0] DEBUG block.SCMBlockDeletingService (SCMBlockDeletingService.java:call(138)) - Running DeletedBlockTransactionScanner
2019-09-21 03:48:37,349 [SCMBlockDeletingService#0] DEBUG block.SCMBlockDeletingService (SCMBlockDeletingService.java:call(155)) - Scanned deleted blocks log and got 0 delTX to process.
2019-09-21 03:48:37,449 [SCMBlockDeletingService#0] DEBUG block.SCMBlockDeletingService (SCMBlockDeletingService.java:call(138)) - Running DeletedBlockTransactionScanner
2019-09-21 03:48:37,449 [SCMBlockDeletingService#0] DEBUG block.SCMBlockDeletingService (SCMBlockDeletingService.java:call(155)) - Scanned deleted blocks log and got 0 delTX to process.
2019-09-21 03:48:37,675 [SCMBlockDeletingService#0] DEBUG block.SCMBlockDeletingService (SCMBlockDeletingService.java:call(138)) - Running DeletedBlockTransactionScanner
2019-09-21 03:48:37,675 [SCMBlockDeletingService#0] DEBUG block.SCMBlockDeletingService (SCMBlockDeletingService.java:call(155)) - Scanned deleted blocks log and got 0 delTX to process.
2019-09-21 03:48:37,776 [SCMBlockDeletingService#1] DEBUG block.SCMBlockDeletingService (SCMBlockDeletingService.java:call(138)) - Running DeletedBlockTransactionScanner
2019-09-21 03:48:37,776 [SCMBlockDeletingService#1] DEBUG block.SCMBlockDeletingService (SCMBlockDeletingService.java:call(155)) - Scanned deleted blocks log and got 0 delTX to process.
2019-09-21 03:48:37,877 [SCMBlockDeletingService#1] DEBUG block.SCMBlockDeletingService (SCMBlockDeletingService.java:call(138)) - Running DeletedBlockTransactionScanner
2019-09-21 03:48:37,877 [SCMBlockDeletingService#1] DEBUG block.SCMBlockDeletingService (SCMBlockDeletingService.java:call(155)) - Scanned deleted blocks log and got 0 delTX to process.
2019-09-21 03:48:37,977 [SCMBlockDeletingService#1] DEBUG block.SCMBlockDeletingService (SCMBlockDeletingService.java:call(138)) - Running DeletedBlockTransactionScanner
2019-09-21 03:48:37,978 [SCMBlockDeletingService#1] DEBUG block.SCMBlockDeletingService (SCMBlockDeletingService.java:call(155)) - Scanned deleted blocks log and got 0 delTX to process.
2019-09-21 03:48:38,078 [SCMBlockDeletingService#1] DEBUG block.SCMBlockDeletingService (SCMBlockDeletingService.java:call(138)) - Running DeletedBlockTransactionScanner
2019-09-21 03:48:38,079 [SCMBlockDeletingService#1] DEBUG block.SCMBlockDeletingService (SCMBlockDeletingService.java:call(155)) - Scanned deleted blocks log and got 0 delTX to process.
2019-09-21 03:48:38,179 [SCMBlockDeletingService#1] DEBUG block.SCMBlockDeletingService (SCMBlockDeletingService.java:call(138)) - Running DeletedBlockTransactionScanner
2019-09-21 03:48:38,179 [SCMBlockDeletingService#1] DEBUG block.SCMBlockDeletingService (SCMBlockDeletingService.java:call(155)) - Scanned deleted blocks log and got 0 delTX to process.
2019-09-21 03:48:38,280 [SCMBlockDeletingService#1] DEBUG block.SCMBlockDeletingService (SCMBlockDeletingService.java:call(138)) - Running DeletedBlockTransactionScanner
2019-09-21 03:48:38,280 [SCMBlockDeletingService#1] DEBUG block.SCMBlockDeletingService (SCMBlockDeletingService.java:call(155)) - Scanned deleted blocks log and got 0 delTX to process.
2019-09-21 03:48:38,381 [SCMBlockDeletingService#1] DEBUG block.SCMBlockDeletingService (SCMBlockDeletingService.java:call(138)) - Running DeletedBlockTransactionScanner
2019-09-21 03:48:38,381 [SCMBlockDeletingService#1] DEBUG block.SCMBlockDeletingService (SCMBlockDeletingService.java:call(155)) - Scanned deleted blocks log and got 0 delTX to process.
2019-09-21 03:48:38,481 [SCMBlockDeletingService#1] DEBUG block.SCMBlockDeletingService (SCMBlockDeletingService.java:call(138)) - Running DeletedBlockTransactionScanner
2019-09-21 03:48:38,482 [SCMBlockDeletingService#1] DEBUG block.SCMBlockDeletingService (SCMBlockDeletingService.java:call(155)) - Scanned deleted blocks log and got 0 delTX to process.
2019-09-21 03:48:38,582 [SCMBlockDeletingService#1] DEBUG block.SCMBlockDeletingService (SCMBlockDeletingService.java:call(138)) - Running DeletedBlockTransactionScanner
2019-09-21 03:48:38,582 [SCMBlockDeletingService#1] DEBUG block.SCMBlockDeletingService (SCMBlockDeletingService.java:call(155)) - Scanned deleted blocks log and got 0 delTX to process.
2019-09-21 03:48:38,786 [SCMBlockDeletingService#1] DEBUG block.SCMBlockDeletingService (SCMBlockDeletingService.java:call(138)) - Running DeletedBlockTransactionScanner
2019-09-21 03:48:38,786 [SCMBlockDeletingService#1] DEBUG block.SCMBlockDeletingService (SCMBlockDeletingService.java:call(155)) - Scanned deleted blocks log and got 0 delTX to process.
2019-09-21 03:48:38,887 [SCMBlockDeletingService#1] DEBUG block.SCMBlockDeletingService (SCMBlockDeletingService.java:call(138)) - Running DeletedBlockTransactionScanner
2019-09-21 03:48:38,887 [SCMBlockDeletingService#1] DEBUG block.SCMBlockDeletingService (SCMBlockDeletingService.java:call(155)) - Scanned deleted blocks log and got 0 delTX to process.
2019-09-21 03:48:38,987 [SCMBlockDeletingService#1] DEBUG block.SCMBlockDeletingService (SCMBlockDeletingService.java:call(138)) - Running DeletedBlockTransactionScanner
2019-09-21 03:48:38,988 [SCMBlockDeletingService#1] DEBUG block.SCMBlockDeletingService (SCMBlockDeletingService.java:call(155)) - Scanned deleted blocks log and got 0 delTX to process.
2019-09-21 03:48:39,088 [SCMBlockDeletingService#1] DEBUG block.SCMBlockDeletingService (SCMBlockDeletingService.java:call(138)) - Running DeletedBlockTransactionScanner
2019-09-21 03:48:39,088 [SCMBlockDeletingService#1] DEBUG block.SCMBlockDeletingService (SCMBlockDeletingService.java:call(155)) - Scanned deleted blocks log and got 0 delTX to process.
2019-09-21 03:48:39,189 [SCMBlockDeletingService#1] DEBUG block.SCMBlockDeletingService (SCMBlockDeletingService.java:call(138)) - Running DeletedBlockTransactionScanner
2019-09-21 03:48:39,189 [SCMBlockDeletingService#1] DEBUG block.SCMBlockDeletingService (SCMBlockDeletingService.java:call(155)) - Scanned deleted blocks log and got 0 delTX to process.
2019-09-21 03:48:39,289 [SCMBlockDeletingService#1] DEBUG block.SCMBlockDeletingService (SCMBlockDeletingService.java:call(138)) - Running DeletedBlockTransactionScanner
2019-09-21 03:48:39,290 [SCMBlockDeletingService#1] DEBUG block.SCMBlockDeletingService (SCMBlockDeletingService.java:call(155)) - Scanned deleted blocks log and got 0 delTX to process.
2019-09-21 03:48:39,390 [SCMBlockDeletingService#1] DEBUG block.SCMBlockDeletingService (SCMBlockDeletingService.java:call(138)) - Running DeletedBlockTransactionScanner
2019-09-21 03:48:39,390 [SCMBlockDeletingService#1] DEBUG block.SCMBlockDeletingService (SCMBlockDeletingService.java:call(155)) - Scanned deleted blocks log and got 0 delTX to process.
2019-09-21 03:48:40,334 [SCMBlockDeletingService#1] DEBUG block.SCMBlockDeletingService (SCMBlockDeletingService.java:call(138)) - Running DeletedBlockTransactionScanner
2019-09-21 03:48:40,336 [SCMBlockDeletingService#1] DEBUG block.SCMBlockDeletingService (SCMBlockDeletingService.java:call(155)) - Scanned deleted blocks log and got 0 delTX to process.
2019-09-21 03:48:40,437 [SCMBlockDeletingService#1] DEBUG block.SCMBlockDeletingService (SCMBlockDeletingService.java:call(138)) - Running DeletedBlockTransactionScanner
2019-09-21 03:48:40,437 [SCMBlockDeletingService#1] DEBUG block.SCMBlockDeletingService (SCMBlockDeletingService.java:call(155)) - Scanned deleted blocks log and got 0 delTX to process.
2019-09-21 03:48:40,537 [SCMBlockDeletingService#1] DEBUG block.SCMBlockDeletingService (SCMBlockDeletingService.java:call(138)) - Running DeletedBlockTransactionScanner
2019-09-21 03:48:40,538 [SCMBlockDeletingService#1] DEBUG block.SCMBlockDeletingService (SCMBlockDeletingService.java:call(155)) - Scanned deleted blocks log and got 0 delTX to process.
2019-09-21 03:48:40,638 [SCMBlockDeletingService#1] DEBUG block.SCMBlockDeletingService (SCMBlockDeletingService.java:call(138)) - Running DeletedBlockTransactionScanner
2019-09-21 03:48:40,638 [SCMBlockDeletingService#1] DEBUG block.SCMBlockDeletingService (SCMBlockDeletingService.java:call(155)) - Scanned deleted blocks log and got 0 delTX to process.
2019-09-21 03:48:40,739 [SCMBlockDeletingService#1] DEBUG block.SCMBlockDeletingService (SCMBlockDeletingService.java:call(138)) - Running DeletedBlockTransactionScanner
2019-09-21 03:48:40,739 [SCMBlockDeletingService#1] DEBUG block.SCMBlockDeletingService (SCMBlockDeletingService.java:call(155)) - Scanned deleted blocks log and got 0 delTX to process.
2019-09-21 03:48:40,839 [SCMBlockDeletingService#1] DEBUG block.SCMBlockDeletingService (SCMBlockDeletingService.java:call(138)) - Running DeletedBlockTransactionScanner
2019-09-21 03:48:40,839 [SCMBlockDeletingService#1] DEBUG block.SCMBlockDeletingService (SCMBlockDeletingService.java:call(155)) - Scanned deleted blocks log and got 0 delTX to process.
2019-09-21 03:48:40,940 [SCMBlockDeletingService#1] DEBUG block.SCMBlockDeletingService (SCMBlockDeletingService.java:call(138)) - Running DeletedBlockTransactionScanner
2019-09-21 03:48:40,940 [SCMBlockDeletingService#1] DEBUG block.SCMBlockDeletingService (SCMBlockDeletingService.java:call(155)) - Scanned deleted blocks log and got 0 delTX to process.
2019-09-21 03:48:41,040 [SCMBlockDeletingService#1] DEBUG block.SCMBlockDeletingService (SCMBlockDeletingService.java:call(138)) - Running DeletedBlockTransactionScanner
2019-09-21 03:48:41,041 [SCMBlockDeletingService#1] DEBUG block.SCMBlockDeletingService (SCMBlockDeletingService.java:call(155)) - Scanned deleted blocks log and got 0 delTX to process.
2019-09-21 03:48:41,141 [SCMBlockDeletingService#0] DEBUG block.SCMBlockDeletingService (SCMBlockDeletingService.java:call(138)) - Running DeletedBlockTransactionScanner
2019-09-21 03:48:41,141 [SCMBlockDeletingService#0] DEBUG block.SCMBlockDeletingService (SCMBlockDeletingService.java:call(155)) - Scanned deleted blocks log and got 0 delTX to process.
2019-09-21 03:48:41,241 [SCMBlockDeletingService#0] DEBUG block.SCMBlockDeletingService (SCMBlockDeletingService.java:call(138)) - Running DeletedBlockTransactionScanner
2019-09-21 03:48:41,242 [SCMBlockDeletingService#0] DEBUG block.SCMBlockDeletingService (SCMBlockDeletingService.java:call(155)) - Scanned deleted blocks log and got 0 delTX to process.
2019-09-21 03:48:41,394 [SCMBlockDeletingService#1] DEBUG block.SCMBlockDeletingService (SCMBlockDeletingService.java:call(138)) - Running DeletedBlockTransactionScanner
2019-09-21 03:48:41,395 [SCMBlockDeletingService#1] DEBUG block.SCMBlockDeletingService (SCMBlockDeletingService.java:call(155)) - Scanned deleted blocks log and got 0 delTX to process.
2019-09-21 03:48:41,495 [SCMBlockDeletingService#1] DEBUG block.SCMBlockDeletingService (SCMBlockDeletingService.java:call(138)) - Running DeletedBlockTransactionScanner
2019-09-21 03:48:41,495 [SCMBlockDeletingService#1] DEBUG block.SCMBlockDeletingService (SCMBlockDeletingService.java:call(155)) - Scanned deleted blocks log and got 0 delTX to process.
2019-09-21 03:48:41,596 [SCMBlockDeletingService#0] DEBUG block.SCMBlockDeletingService (SCMBlockDeletingService.java:call(138)) - Running DeletedBlockTransactionScanner
2019-09-21 03:48:41,596 [SCMBlockDeletingService#0] DEBUG block.SCMBlockDeletingService (SCMBlockDeletingService.java:call(155)) - Scanned deleted blocks log and got 0 delTX to process.
2019-09-21 03:48:41,696 [SCMBlockDeletingService#0] DEBUG block.SCMBlockDeletingService (SCMBlockDeletingService.java:call(138)) - Running DeletedBlockTransactionScanner
2019-09-21 03:48:41,697 [SCMBlockDeletingService#0] DEBUG block.SCMBlockDeletingService (SCMBlockDeletingService.java:call(155)) - Scanned deleted blocks log and got 0 delTX to process.
2019-09-21 03:48:41,797 [SCMBlockDeletingService#0] DEBUG block.SCMBlockDeletingService (SCMBlockDeletingService.java:call(138)) - Running DeletedBlockTransactionScanner
2019-09-21 03:48:41,797 [SCMBlockDeletingService#0] DEBUG block.SCMBlockDeletingService (SCMBlockDeletingService.java:call(155)) - Scanned deleted blocks log and got 0 delTX to process.
2019-09-21 03:48:41,898 [SCMBlockDeletingService#0] DEBUG block.SCMBlockDeletingService (SCMBlockDeletingService.java:call(138)) - Running DeletedBlockTransactionScanner
2019-09-21 03:48:41,898 [SCMBlockDeletingService#0] DEBUG block.SCMBlockDeletingService (SCMBlockDeletingService.java:call(155)) - Scanned deleted blocks log and got 0 delTX to process.
2019-09-21 03:48:41,998 [SCMBlockDeletingService#0] DEBUG block.SCMBlockDeletingService (SCMBlockDeletingService.java:call(138)) - Running DeletedBlockTransactionScanner
2019-09-21 03:48:41,998 [SCMBlockDeletingService#0] DEBUG block.SCMBlockDeletingService (SCMBlockDeletingService.java:call(155)) - Scanned deleted blocks log and got 0 delTX to process.
2019-09-21 03:48:42,099 [SCMBlockDeletingService#0] DEBUG block.SCMBlockDeletingService (SCMBlockDeletingService.java:call(138)) - Running DeletedBlockTransactionScanner
2019-09-21 03:48:42,099 [SCMBlockDeletingService#0] DEBUG block.SCMBlockDeletingService (SCMBlockDeletingService.java:call(155)) - Scanned deleted blocks log and got 0 delTX to process.
2019-09-21 03:48:42,199 [SCMBlockDeletingService#0] DEBUG block.SCMBlockDeletingService (SCMBlockDeletingService.java:call(138)) - Running DeletedBlockTransactionScanner
2019-09-21 03:48:42,200 [SCMBlockDeletingService#0] DEBUG block.SCMBlockDeletingService (SCMBlockDeletingService.java:call(155)) - Scanned deleted blocks log and got 0 delTX to process.
2019-09-21 03:48:42,300 [SCMBlockDeletingService#0] DEBUG block.SCMBlockDeletingService (SCMBlockDeletingService.java:call(138)) - Running DeletedBlockTransactionScanner
2019-09-21 03:48:42,300 [SCMBlockDeletingService#0] DEBUG block.SCMBlockDeletingService (SCMBlockDeletingService.java:call(155)) - Scanned deleted blocks log and got 0 delTX to process.
2019-09-21 03:48:42,401 [SCMBlockDeletingService#0] DEBUG block.SCMBlockDeletingService (SCMBlockDeletingService.java:call(138)) - Running DeletedBlockTransactionScanner
2019-09-21 03:48:42,401 [SCMBlockDeletingService#0] DEBUG block.SCMBlockDeletingService (SCMBlockDeletingService.java:call(155)) - Scanned deleted blocks log and got 0 delTX to process.
2019-09-21 03:48:42,501 [SCMBlockDeletingService#0] DEBUG block.SCMBlockDeletingService (SCMBlockDeletingService.java:call(138)) - Running DeletedBlockTransactionScanner
2019-09-21 03:48:42,501 [SCMBlockDeletingService#0] DEBUG block.SCMBlockDeletingService (SCMBlockDeletingService.java:call(155)) - Scanned deleted blocks log and got 0 delTX to process.
2019-09-21 03:48:42,602 [SCMBlockDeletingService#0] DEBUG block.SCMBlockDeletingService (SCMBlockDeletingService.java:call(138)) - Running DeletedBlockTransactionScanner
2019-09-21 03:48:42,602 [SCMBlockDeletingService#0] DEBUG block.SCMBlockDeletingService (SCMBlockDeletingService.java:call(155)) - Scanned deleted blocks log and got 0 delTX to process.
2019-09-21 03:48:42,702 [SCMBlockDeletingService#0] DEBUG block.SCMBlockDeletingService (SCMBlockDeletingService.java:call(138)) - Running DeletedBlockTransactionScanner
2019-09-21 03:48:42,703 [SCMBlockDeletingService#0] DEBUG block.SCMBlockDeletingService (SCMBlockDeletingService.java:call(155)) - Scanned deleted blocks log and got 0 delTX to process.
2019-09-21 03:48:42,900 [SCMBlockDeletingService#0] DEBUG block.SCMBlockDeletingService (SCMBlockDeletingService.java:call(138)) - Running DeletedBlockTransactionScanner
2019-09-21 03:48:42,900 [SCMBlockDeletingService#0] DEBUG block.SCMBlockDeletingService (SCMBlockDeletingService.java:call(155)) - Scanned deleted blocks log and got 0 delTX to process.
2019-09-21 03:48:43,000 [SCMBlockDeletingService#0] DEBUG block.SCMBlockDeletingService (SCMBlockDeletingService.java:call(138)) - Running DeletedBlockTransactionScanner
2019-09-21 03:48:43,001 [SCMBlockDeletingService#0] DEBUG block.SCMBlockDeletingService (SCMBlockDeletingService.java:call(155)) - Scanned deleted blocks log and got 0 delTX to process.
2019-09-21 03:48:43,101 [SCMBlockDeletingService#0] DEBUG block.SCMBlockDeletingService (SCMBlockDeletingService.java:call(138)) - Running DeletedBlockTransactionScanner
2019-09-21 03:48:43,101 [SCMBlockDeletingService#0] DEBUG block.SCMBlockDeletingService (SCMBlockDeletingService.java:call(155)) - Scanned deleted blocks log and got 0 delTX to process.
2019-09-21 03:48:43,202 [SCMBlockDeletingService#0] DEBUG block.SCMBlockDeletingService (SCMBlockDeletingService.java:call(138)) - Running DeletedBlockTransactionScanner
2019-09-21 03:48:43,202 [SCMBlockDeletingService#0] DEBUG block.SCMBlockDeletingService (SCMBlockDeletingService.java:call(155)) - Scanned deleted blocks log and got 0 delTX to process.
2019-09-21 03:48:43,302 [SCMBlockDeletingService#0] DEBUG block.SCMBlockDeletingService (SCMBlockDeletingService.java:call(138)) - Running DeletedBlockTransactionScanner
2019-09-21 03:48:43,303 [SCMBlockDeletingService#0] DEBUG block.SCMBlockDeletingService (SCMBlockDeletingService.java:call(155)) - Scanned deleted blocks log and got 0 delTX to process.
2019-09-21 03:48:43,403 [SCMBlockDeletingService#0] DEBUG block.SCMBlockDeletingService (SCMBlockDeletingService.java:call(138)) - Running DeletedBlockTransactionScanner
2019-09-21 03:48:43,403 [SCMBlockDeletingService#0] DEBUG block.SCMBlockDeletingService (SCMBlockDeletingService.java:call(155)) - Scanned deleted blocks log and got 0 delTX to process.
2019-09-21 03:48:43,504 [SCMBlockDeletingService#0] DEBUG block.SCMBlockDeletingService (SCMBlockDeletingService.java:call(138)) - Running DeletedBlockTransactionScanner
2019-09-21 03:48:43,504 [SCMBlockDeletingService#0] DEBUG block.SCMBlockDeletingService (SCMBlockDeletingService.java:call(155)) - Scanned deleted blocks log and got 0 delTX to process.
2019-09-21 03:48:43,604 [SCMBlockDeletingService#0] DEBUG block.SCMBlockDeletingService (SCMBlockDeletingService.java:call(138)) - Running DeletedBlockTransactionScanner
2019-09-21 03:48:43,605 [SCMBlockDeletingService#0] DEBUG block.SCMBlockDeletingService (SCMBlockDeletingService.java:call(155)) - Scanned deleted blocks log and got 0 delTX to process.
2019-09-21 03:48:43,705 [SCMBlockDeletingService#0] DEBUG block.SCMBlockDeletingService (SCMBlockDeletingService.java:call(138)) - Running DeletedBlockTransactionScanner
2019-09-21 03:48:43,705 [SCMBlockDeletingService#0] DEBUG block.SCMBlockDeletingService (SCMBlockDeletingService.java:call(155)) - Scanned deleted blocks log and got 0 delTX to process.
2019-09-21 03:48:43,805 [SCMBlockDeletingService#0] DEBUG block.SCMBlockDeletingService (SCMBlockDeletingService.java:call(138)) - Running DeletedBlockTransactionScanner
2019-09-21 03:48:43,806 [SCMBlockDeletingService#0] DEBUG block.SCMBlockDeletingService (SCMBlockDeletingService.java:call(155)) - Scanned deleted blocks log and got 0 delTX to process.
2019-09-21 03:48:43,906 [SCMBlockDeletingService#0] DEBUG block.SCMBlockDeletingService (SCMBlockDeletingService.java:call(138)) - Running DeletedBlockTransactionScanner
2019-09-21 03:48:43,906 [SCMBlockDeletingService#0] DEBUG block.SCMBlockDeletingService (SCMBlockDeletingService.java:call(155)) - Scanned deleted blocks log and got 0 delTX to process.
2019-09-21 03:48:44,007 [SCMBlockDeletingService#1] DEBUG block.SCMBlockDeletingService (SCMBlockDeletingService.java:call(138)) - Running DeletedBlockTransactionScanner
2019-09-21 03:48:44,007 [SCMBlockDeletingService#1] DEBUG block.SCMBlockDeletingService (SCMBlockDeletingService.java:call(155)) - Scanned deleted blocks log and got 0 delTX to process.
2019-09-21 03:48:44,269 [SCMBlockDeletingService#1] DEBUG block.SCMBlockDeletingService (SCMBlockDeletingService.java:call(138)) - Running DeletedBlockTransactionScanner
2019-09-21 03:48:44,269 [SCMBlockDeletingService#1] DEBUG block.SCMBlockDeletingService (SCMBlockDeletingService.java:call(155)) - Scanned deleted blocks log and got 0 delTX to process.
2019-09-21 03:48:44,369 [SCMBlockDeletingService#1] DEBUG block.SCMBlockDeletingService (SCMBlockDeletingService.java:call(138)) - Running DeletedBlockTransactionScanner
2019-09-21 03:48:44,370 [SCMBlockDeletingService#1] DEBUG block.SCMBlockDeletingService (SCMBlockDeletingService.java:call(155)) - Scanned deleted blocks log and got 0 delTX to process.
2019-09-21 03:48:44,470 [SCMBlockDeletingService#0] DEBUG block.SCMBlockDeletingService (SCMBlockDeletingService.java:call(138)) - Running DeletedBlockTransactionScanner
2019-09-21 03:48:44,470 [SCMBlockDeletingService#0] DEBUG block.SCMBlockDeletingService (SCMBlockDeletingService.java:call(155)) - Scanned deleted blocks log and got 0 delTX to process.
2019-09-21 03:48:44,571 [SCMBlockDeletingService#0] DEBUG block.SCMBlockDeletingService (SCMBlockDeletingService.java:call(138)) - Running DeletedBlockTransactionScanner
2019-09-21 03:48:44,571 [SCMBlockDeletingService#0] DEBUG block.SCMBlockDeletingService (SCMBlockDeletingService.java:call(155)) - Scanned deleted blocks log and got 0 delTX to process.
2019-09-21 03:48:44,671 [SCMBlockDeletingService#0] DEBUG block.SCMBlockDeletingService (SCMBlockDeletingService.java:call(138)) - Running DeletedBlockTransactionScanner
2019-09-21 03:48:44,671 [SCMBlockDeletingService#0] DEBUG block.SCMBlockDeletingService (SCMBlockDeletingService.java:call(155)) - Scanned deleted blocks log and got 0 delTX to process.
2019-09-21 03:48:44,772 [SCMBlockDeletingService#0] DEBUG block.SCMBlockDeletingService (SCMBlockDeletingService.java:call(138)) - Running DeletedBlockTransactionScanner
2019-09-21 03:48:44,772 [SCMBlockDeletingService#0] DEBUG block.SCMBlockDeletingService (SCMBlockDeletingService.java:call(155)) - Scanned deleted blocks log and got 0 delTX to process.
2019-09-21 03:48:44,872 [SCMBlockDeletingService#0] DEBUG block.SCMBlockDeletingService (SCMBlockDeletingService.java:call(138)) - Running DeletedBlockTransactionScanner
2019-09-21 03:48:44,873 [SCMBlockDeletingService#0] DEBUG block.SCMBlockDeletingService (SCMBlockDeletingService.java:call(155)) - Scanned deleted blocks log and got 0 delTX to process.
2019-09-21 03:48:44,973 [SCMBlockDeletingService#0] DEBUG block.SCMBlockDeletingService (SCMBlockDeletingService.java:call(138)) - Running DeletedBlockTransactionScanner
2019-09-21 03:48:44,973 [SCMBlockDeletingService#0] DEBUG block.SCMBlockDeletingService (SCMBlockDeletingService.java:call(155)) - Scanned deleted blocks log and got 0 delTX to process.
2019-09-21 03:48:45,074 [SCMBlockDeletingService#0] DEBUG block.SCMBlockDeletingService (SCMBlockDeletingService.java:call(138)) - Running DeletedBlockTransactionScanner
2019-09-21 03:48:45,074 [SCMBlockDeletingService#0] DEBUG block.SCMBlockDeletingService (SCMBlockDeletingService.java:call(155)) - Scanned deleted blocks log and got 0 delTX to process.
2019-09-21 03:48:45,174 [SCMBlockDeletingService#0] DEBUG block.SCMBlockDeletingService (SCMBlockDeletingService.java:call(138)) - Running DeletedBlockTransactionScanner
2019-09-21 03:48:45,175 [SCMBlockDeletingService#0] DEBUG block.SCMBlockDeletingService (SCMBlockDeletingService.java:call(155)) - Scanned deleted blocks log and got 0 delTX to process.
2019-09-21 03:48:45,275 [SCMBlockDeletingService#0] DEBUG block.SCMBlockDeletingService (SCMBlockDeletingService.java:call(138)) - Running DeletedBlockTransactionScanner
2019-09-21 03:48:45,275 [SCMBlockDeletingService#0] DEBUG block.SCMBlockDeletingService (SCMBlockDeletingService.java:call(155)) - Scanned deleted blocks log and got 0 delTX to process.
2019-09-21 03:48:45,376 [SCMBlockDeletingService#0] DEBUG block.SCMBlockDeletingService (SCMBlockDeletingService.java:call(138)) - Running DeletedBlockTransactionScanner
2019-09-21 03:48:45,376 [SCMBlockDeletingService#0] DEBUG block.SCMBlockDeletingService (SCMBlockDeletingService.java:call(155)) - Scanned deleted blocks log and got 0 delTX to process.
2019-09-21 03:48:45,476 [SCMBlockDeletingService#0] DEBUG block.SCMBlockDeletingService (SCMBlockDeletingService.java:call(138)) - Running DeletedBlockTransactionScanner
2019-09-21 03:48:45,477 [SCMBlockDeletingService#0] DEBUG block.SCMBlockDeletingService (SCMBlockDeletingService.java:call(155)) - Scanned deleted blocks log and got 0 delTX to process.
2019-09-21 03:48:45,577 [SCMBlockDeletingService#0] DEBUG block.SCMBlockDeletingService (SCMBlockDeletingService.java:call(138)) - Running DeletedBlockTransactionScanner
2019-09-21 03:48:45,577 [SCMBlockDeletingService#0] DEBUG block.SCMBlockDeletingService (SCMBlockDeletingService.java:call(155)) - Scanned deleted blocks log and got 0 delTX to process.
2019-09-21 03:48:45,736 [SCMBlockDeletingService#0] DEBUG block.SCMBlockDeletingService (SCMBlockDeletingService.java:call(138)) - Running DeletedBlockTransactionScanner
2019-09-21 03:48:45,736 [SCMBlockDeletingService#0] DEBUG block.SCMBlockDeletingService (SCMBlockDeletingService.java:call(155)) - Scanned deleted blocks log and got 0 delTX to process.
2019-09-21 03:48:45,836 [SCMBlockDeletingService#0] DEBUG block.SCMBlockDeletingService (SCMBlockDeletingService.java:call(138)) - Running DeletedBlockTransactionScanner
2019-09-21 03:48:45,837 [SCMBlockDeletingService#0] DEBUG block.SCMBlockDeletingService (SCMBlockDeletingService.java:call(155)) - Scanned deleted blocks log and got 0 delTX to process.
2019-09-21 03:48:45,937 [SCMBlockDeletingService#0] DEBUG block.SCMBlockDeletingService (SCMBlockDeletingService.java:call(138)) - Running DeletedBlockTransactionScanner
2019-09-21 03:48:45,937 [SCMBlockDeletingService#0] DEBUG block.SCMBlockDeletingService (SCMBlockDeletingService.java:call(155)) - Scanned deleted blocks log and got 0 delTX to process.
2019-09-21 03:48:46,038 [SCMBlockDeletingService#0] DEBUG block.SCMBlockDeletingService (SCMBlockDeletingService.java:call(138)) - Running DeletedBlockTransactionScanner
2019-09-21 03:48:46,038 [SCMBlockDeletingService#0] DEBUG block.SCMBlockDeletingService (SCMBlockDeletingService.java:call(155)) - Scanned deleted blocks log and got 0 delTX to process.
2019-09-21 03:48:46,138 [SCMBlockDeletingService#0] DEBUG block.SCMBlockDeletingService (SCMBlockDeletingService.java:call(138)) - Running DeletedBlockTransactionScanner
2019-09-21 03:48:46,138 [SCMBlockDeletingService#0] DEBUG block.SCMBlockDeletingService (SCMBlockDeletingService.java:call(155)) - Scanned deleted blocks log and got 0 delTX to process.
2019-09-21 03:48:46,239 [SCMBlockDeletingService#0] DEBUG block.SCMBlockDeletingService (SCMBlockDeletingService.java:call(138)) - Running DeletedBlockTransactionScanner
2019-09-21 03:48:46,239 [SCMBlockDeletingService#0] DEBUG block.SCMBlockDeletingService (SCMBlockDeletingService.java:call(155)) - Scanned deleted blocks log and got 0 delTX to process.
2019-09-21 03:48:46,340 [SCMBlockDeletingService#0] DEBUG block.SCMBlockDeletingService (SCMBlockDeletingService.java:call(138)) - Running DeletedBlockTransactionScanner
2019-09-21 03:48:46,340 [SCMBlockDeletingService#0] DEBUG block.SCMBlockDeletingService (SCMBlockDeletingService.java:call(155)) - Scanned deleted blocks log and got 0 delTX to process.
2019-09-21 03:48:46,440 [SCMBlockDeletingService#0] DEBUG block.SCMBlockDeletingService (SCMBlockDeletingService.java:call(138)) - Running DeletedBlockTransactionScanner
2019-09-21 03:48:46,441 [SCMBlockDeletingService#0] DEBUG block.SCMBlockDeletingService (SCMBlockDeletingService.java:call(155)) - Scanned deleted blocks log and got 0 delTX to process.
2019-09-21 03:48:46,541 [SCMBlockDeletingService#0] DEBUG block.SCMBlockDeletingService (SCMBlockDeletingService.java:call(138)) - Running DeletedBlockTransactionScanner
2019-09-21 03:48:46,541 [SCMBlockDeletingService#0] DEBUG block.SCMBlockDeletingService (SCMBlockDeletingService.java:call(155)) - Scanned deleted blocks log and got 0 delTX to process.
2019-09-21 03:48:46,642 [SCMBlockDeletingService#0] DEBUG block.SCMBlockDeletingService (SCMBlockDeletingService.java:call(138)) - Running DeletedBlockTransactionScanner
2019-09-21 03:48:46,642 [SCMBlockDeletingService#0] DEBUG block.SCMBlockDeletingService (SCMBlockDeletingService.java:call(155)) - Scanned deleted blocks log and got 0 delTX to process.
2019-09-21 03:48:46,742 [SCMBlockDeletingService#1] DEBUG block.SCMBlockDeletingService (SCMBlockDeletingService.java:call(138)) - Running DeletedBlockTransactionScanner
2019-09-21 03:48:46,742 [SCMBlockDeletingService#1] DEBUG block.SCMBlockDeletingService (SCMBlockDeletingService.java:call(155)) - Scanned deleted blocks log and got 0 delTX to process.
2019-09-21 03:48:46,843 [SCMBlockDeletingService#1] DEBUG block.SCMBlockDeletingService (SCMBlockDeletingService.java:call(138)) - Running DeletedBlockTransactionScanner
2019-09-21 03:48:46,843 [SCMBlockDeletingService#1] DEBUG block.SCMBlockDeletingService (SCMBlockDeletingService.java:call(155)) - Scanned deleted blocks log and got 0 delTX to process.
2019-09-21 03:48:46,943 [SCMBlockDeletingService#0] DEBUG block.SCMBlockDeletingService (SCMBlockDeletingService.java:call(138)) - Running DeletedBlockTransactionScanner
2019-09-21 03:48:46,943 [SCMBlockDeletingService#0] DEBUG block.SCMBlockDeletingService (SCMBlockDeletingService.java:call(155)) - Scanned deleted blocks log and got 0 delTX to process.
2019-09-21 03:48:47,128 [SCMBlockDeletingService#0] DEBUG block.SCMBlockDeletingService (SCMBlockDeletingService.java:call(138)) - Running DeletedBlockTransactionScanner
2019-09-21 03:48:47,128 [SCMBlockDeletingService#0] DEBUG block.SCMBlockDeletingService (SCMBlockDeletingService.java:call(155)) - Scanned deleted blocks log and got 0 delTX to process.
2019-09-21 03:48:47,228 [SCMBlockDeletingService#0] DEBUG block.SCMBlockDeletingService (SCMBlockDeletingService.java:call(138)) - Running DeletedBlockTransactionScanner
2019-09-21 03:48:47,229 [SCMBlockDeletingService#0] DEBUG block.SCMBlockDeletingService (SCMBlockDeletingService.java:call(155)) - Scanned deleted blocks log and got 0 delTX to process.
2019-09-21 03:48:47,329 [SCMBlockDeletingService#0] DEBUG block.SCMBlockDeletingService (SCMBlockDeletingService.java:call(138)) - Running DeletedBlockTransactionScanner
2019-09-21 03:48:47,330 [SCMBlockDeletingService#0] DEBUG block.SCMBlockDeletingService (SCMBlockDeletingService.java:call(155)) - Scanned deleted blocks log and got 0 delTX to process.
2019-09-21 03:48:47,430 [SCMBlockDeletingService#0] DEBUG block.SCMBlockDeletingService (SCMBlockDeletingService.java:call(138)) - Running DeletedBlockTransactionScanner
2019-09-21 03:48:47,431 [SCMBlockDeletingService#0] DEBUG block.SCMBlockDeletingService (SCMBlockDeletingService.java:call(155)) - Scanned deleted blocks log and got 0 delTX to process.
2019-09-21 03:48:47,531 [SCMBlockDeletingService#0] DEBUG block.SCMBlockDeletingService (SCMBlockDeletingService.java:call(138)) - Running DeletedBlockTransactionScanner
2019-09-21 03:48:47,531 [SCMBlockDeletingService#0] DEBUG block.SCMBlockDeletingService (SCMBlockDeletingService.java:call(155)) - Scanned deleted blocks log and got 0 delTX to process.
2019-09-21 03:48:47,632 [SCMBlockDeletingService#0] DEBUG block.SCMBlockDeletingService (SCMBlockDeletingService.java:call(138)) - Running DeletedBlockTransactionScanner
2019-09-21 03:48:47,632 [SCMBlockDeletingService#0] DEBUG block.SCMBlockDeletingService (SCMBlockDeletingService.java:call(155)) - Scanned deleted blocks log and got 0 delTX to process.
2019-09-21 03:48:47,732 [SCMBlockDeletingService#0] DEBUG block.SCMBlockDeletingService (SCMBlockDeletingService.java:call(138)) - Running DeletedBlockTransactionScanner
2019-09-21 03:48:47,734 [SCMBlockDeletingService#0] DEBUG block.SCMBlockDeletingService (SCMBlockDeletingService.java:call(155)) - Scanned deleted blocks log and got 0 delTX to process.
2019-09-21 03:48:47,834 [SCMBlockDeletingService#1] DEBUG block.SCMBlockDeletingService (SCMBlockDeletingService.java:call(138)) - Running DeletedBlockTransactionScanner
2019-09-21 03:48:47,834 [SCMBlockDeletingService#1] DEBUG block.SCMBlockDeletingService (SCMBlockDeletingService.java:call(155)) - Scanned deleted blocks log and got 0 delTX to process.
2019-09-21 03:48:47,935 [SCMBlockDeletingService#1] DEBUG block.SCMBlockDeletingService (SCMBlockDeletingService.java:call(138)) - Running DeletedBlockTransactionScanner
2019-09-21 03:48:47,935 [SCMBlockDeletingService#1] DEBUG block.SCMBlockDeletingService (SCMBlockDeletingService.java:call(155)) - Scanned deleted blocks log and got 0 delTX to process.
2019-09-21 03:48:48,035 [SCMBlockDeletingService#1] DEBUG block.SCMBlockDeletingService (SCMBlockDeletingService.java:call(138)) - Running DeletedBlockTransactionScanner
2019-09-21 03:48:48,036 [SCMBlockDeletingService#1] DEBUG block.SCMBlockDeletingService (SCMBlockDeletingService.java:call(155)) - Scanned deleted blocks log and got 0 delTX to process.
2019-09-21 03:48:48,136 [SCMBlockDeletingService#1] DEBUG block.SCMBlockDeletingService (SCMBlockDeletingService.java:call(138)) - Running DeletedBlockTransactionScanner
2019-09-21 03:48:48,137 [SCMBlockDeletingService#1] DEBUG block.SCMBlockDeletingService (SCMBlockDeletingService.java:call(155)) - Scanned deleted blocks log and got 0 delTX to process.
2019-09-21 03:48:48,237 [SCMBlockDeletingService#1] DEBUG block.SCMBlockDeletingService (SCMBlockDeletingService.java:call(138)) - Running DeletedBlockTransactionScanner
2019-09-21 03:48:48,237 [SCMBlockDeletingService#1] DEBUG block.SCMBlockDeletingService (SCMBlockDeletingService.java:call(155)) - Scanned deleted blocks log and got 0 delTX to process.
2019-09-21 03:48:48,338 [SCMBlockDeletingService#1] DEBUG block.SCMBlockDeletingService (SCMBlockDeletingService.java:call(138)) - Running DeletedBlockTransactionScanner
2019-09-21 03:48:48,338 [SCMBlockDeletingService#1] DEBUG block.SCMBlockDeletingService (SCMBlockDeletingService.java:call(155)) - Scanned deleted blocks log and got 0 delTX to process.
2019-09-21 03:48:48,438 [SCMBlockDeletingService#1] DEBUG block.SCMBlockDeletingService (SCMBlockDeletingService.java:call(138)) - Running DeletedBlockTransactionScanner
2019-09-21 03:48:48,438 [SCMBlockDeletingService#1] DEBUG block.SCMBlockDeletingService (SCMBlockDeletingService.java:call(155)) - Scanned deleted blocks log and got 0 delTX to process.
2019-09-21 03:48:48,539 [SCMBlockDeletingService#1] DEBUG block.SCMBlockDeletingService (SCMBlockDeletingService.java:call(138)) - Running DeletedBlockTransactionScanner
2019-09-21 03:48:48,539 [SCMBlockDeletingService#1] DEBUG block.SCMBlockDeletingService (SCMBlockDeletingService.java:call(155)) - Scanned deleted blocks log and got 0 delTX to process.
2019-09-21 03:48:48,639 [SCMBlockDeletingService#1] DEBUG block.SCMBlockDeletingService (SCMBlockDeletingService.java:call(138)) - Running DeletedBlockTransactionScanner
2019-09-21 03:48:48,640 [SCMBlockDeletingService#1] DEBUG block.SCMBlockDeletingService (SCMBlockDeletingService.java:call(155)) - Scanned deleted blocks log and got 0 delTX to process.
2019-09-21 03:48:48,740 [SCMBlockDeletingService#1] DEBUG block.SCMBlockDeletingService (SCMBlockDeletingService.java:call(138)) - Running DeletedBlockTransactionScanner
2019-09-21 03:48:48,740 [SCMBlockDeletingService#1] DEBUG block.SCMBlockDeletingService (SCMBlockDeletingService.java:call(155)) - Scanned deleted blocks log and got 0 delTX to process.
2019-09-21 03:48:48,841 [SCMBlockDeletingService#1] DEBUG block.SCMBlockDeletingService (SCMBlockDeletingService.java:call(138)) - Running DeletedBlockTransactionScanner
2019-09-21 03:48:48,841 [SCMBlockDeletingService#1] DEBUG block.SCMBlockDeletingService (SCMBlockDeletingService.java:call(155)) - Scanned deleted blocks log and got 0 delTX to process.
2019-09-21 03:48:48,993 [SCMBlockDeletingService#1] DEBUG block.SCMBlockDeletingService (SCMBlockDeletingService.java:call(138)) - Running DeletedBlockTransactionScanner
2019-09-21 03:48:48,993 [SCMBlockDeletingService#1] DEBUG block.SCMBlockDeletingService (SCMBlockDeletingService.java:call(155)) - Scanned deleted blocks log and got 0 delTX to process.
2019-09-21 03:48:49,093 [SCMBlockDeletingService#1] DEBUG block.SCMBlockDeletingService (SCMBlockDeletingService.java:call(138)) - Running DeletedBlockTransactionScanner
2019-09-21 03:48:49,094 [SCMBlockDeletingService#1] DEBUG block.SCMBlockDeletingService (SCMBlockDeletingService.java:call(155)) - Scanned deleted blocks log and got 0 delTX to process.
2019-09-21 03:48:49,194 [SCMBlockDeletingService#1] DEBUG block.SCMBlockDeletingService (SCMBlockDeletingService.java:call(138)) - Running DeletedBlockTransactionScanner
2019-09-21 03:48:49,194 [SCMBlockDeletingService#1] DEBUG block.SCMBlockDeletingService (SCMBlockDeletingService.java:call(155)) - Scanned deleted blocks log and got 0 delTX to process.
2019-09-21 03:48:49,295 [SCMBlockDeletingService#1] DEBUG block.SCMBlockDeletingService (SCMBlockDeletingService.java:call(138)) - Running DeletedBlockTransactionScanner
2019-09-21 03:48:49,295 [SCMBlockDeletingService#1] DEBUG block.SCMBlockDeletingService (SCMBlockDeletingService.java:call(155)) - Scanned deleted blocks log and got 0 delTX to process.
2019-09-21 03:48:49,395 [SCMBlockDeletingService#1] DEBUG block.SCMBlockDeletingService (SCMBlockDeletingService.java:call(138)) - Running DeletedBlockTransactionScanner
2019-09-21 03:48:49,396 [SCMBlockDeletingService#1] DEBUG block.SCMBlockDeletingService (SCMBlockDeletingService.java:call(155)) - Scanned deleted blocks log and got 0 delTX to process.
2019-09-21 03:48:49,496 [SCMBlockDeletingService#1] DEBUG block.SCMBlockDeletingService (SCMBlockDeletingService.java:call(138)) - Running DeletedBlockTransactionScanner
2019-09-21 03:48:49,497 [SCMBlockDeletingService#1] DEBUG block.SCMBlockDeletingService (SCMBlockDeletingService.java:call(155)) - Scanned deleted blocks log and got 0 delTX to process.
2019-09-21 03:48:49,597 [SCMBlockDeletingService#1] DEBUG block.SCMBlockDeletingService (SCMBlockDeletingService.java:call(138)) - Running DeletedBlockTransactionScanner
2019-09-21 03:48:49,597 [SCMBlockDeletingService#1] DEBUG block.SCMBlockDeletingService (SCMBlockDeletingService.java:call(155)) - Scanned deleted blocks log and got 0 delTX to process.
2019-09-21 03:48:49,698 [SCMBlockDeletingService#1] DEBUG block.SCMBlockDeletingService (SCMBlockDeletingService.java:call(138)) - Running DeletedBlockTransactionScanner
2019-09-21 03:48:49,698 [SCMBlockDeletingService#1] DEBUG block.SCMBlockDeletingService (SCMBlockDeletingService.java:call(155)) - Scanned deleted blocks log and got 0 delTX to process.
2019-09-21 03:48:49,817 [SCMBlockDeletingService#1] DEBUG block.SCMBlockDeletingService (SCMBlockDeletingService.java:call(138)) - Running DeletedBlockTransactionScanner
2019-09-21 03:48:49,817 [SCMBlockDeletingService#1] DEBUG block.SCMBlockDeletingService (SCMBlockDeletingService.java:call(155)) - Scanned deleted blocks log and got 0 delTX to process.
2019-09-21 03:48:49,918 [SCMBlockDeletingService#1] DEBUG block.SCMBlockDeletingService (SCMBlockDeletingService.java:call(138)) - Running DeletedBlockTransactionScanner
2019-09-21 03:48:49,918 [SCMBlockDeletingService#1] DEBUG block.SCMBlockDeletingService (SCMBlockDeletingService.java:call(155)) - Scanned deleted blocks log and got 0 delTX to process.
2019-09-21 03:48:50,018 [SCMBlockDeletingService#1] DEBUG block.SCMBlockDeletingService (SCMBlockDeletingService.java:call(138)) - Running DeletedBlockTransactionScanner
2019-09-21 03:48:50,018 [SCMBlockDeletingService#1] DEBUG block.SCMBlockDeletingService (SCMBlockDeletingService.java:call(155)) - Scanned deleted blocks log and got 0 delTX to process.
2019-09-21 03:48:50,119 [SCMBlockDeletingService#1] DEBUG block.SCMBlockDeletingService (SCMBlockDeletingService.java:call(138)) - Running DeletedBlockTransactionScanner
2019-09-21 03:48:50,119 [SCMBlockDeletingService#1] DEBUG block.SCMBlockDeletingService (SCMBlockDeletingService.java:call(155)) - Scanned deleted blocks log and got 0 delTX to process.
2019-09-21 03:48:50,219 [SCMBlockDeletingService#1] DEBUG block.SCMBlockDeletingService (SCMBlockDeletingService.java:call(138)) - Running DeletedBlockTransactionScanner
2019-09-21 03:48:50,220 [SCMBlockDeletingService#1] DEBUG block.SCMBlockDeletingService (SCMBlockDeletingService.java:call(155)) - Scanned deleted blocks log and got 0 delTX to process.
2019-09-21 03:48:50,320 [SCMBlockDeletingService#1] DEBUG block.SCMBlockDeletingService (SCMBlockDeletingService.java:call(138)) - Running DeletedBlockTransactionScanner
2019-09-21 03:48:50,320 [SCMBlockDeletingService#1] DEBUG block.SCMBlockDeletingService (SCMBlockDeletingService.java:call(155)) - Scanned deleted blocks log and got 0 delTX to process.
2019-09-21 03:48:50,421 [SCMBlockDeletingService#1] DEBUG block.SCMBlockDeletingService (SCMBlockDeletingService.java:call(138)) - Running DeletedBlockTransactionScanner
2019-09-21 03:48:50,421 [SCMBlockDeletingService#1] DEBUG block.SCMBlockDeletingService (SCMBlockDeletingService.java:call(155)) - Scanned deleted blocks log and got 0 delTX to process.
2019-09-21 03:48:50,521 [SCMBlockDeletingService#1] DEBUG block.SCMBlockDeletingService (SCMBlockDeletingService.java:call(138)) - Running DeletedBlockTransactionScanner
2019-09-21 03:48:50,521 [SCMBlockDeletingService#1] DEBUG block.SCMBlockDeletingService (SCMBlockDeletingService.java:call(155)) - Scanned deleted blocks log and got 0 delTX to process.
2019-09-21 03:48:50,622 [SCMBlockDeletingService#1] DEBUG block.SCMBlockDeletingService (SCMBlockDeletingService.java:call(138)) - Running DeletedBlockTransactionScanner
2019-09-21 03:48:50,622 [SCMBlockDeletingService#1] DEBUG block.SCMBlockDeletingService (SCMBlockDeletingService.java:call(155)) - Scanned deleted blocks log and got 0 delTX to process.
2019-09-21 03:48:50,722 [SCMBlockDeletingService#0] DEBUG block.SCMBlockDeletingService (SCMBlockDeletingService.java:call(138)) - Running DeletedBlockTransactionScanner
2019-09-21 03:48:50,722 [SCMBlockDeletingService#0] DEBUG block.SCMBlockDeletingService (SCMBlockDeletingService.java:call(155)) - Scanned deleted blocks log and got 0 delTX to process.
2019-09-21 03:48:50,823 [SCMBlockDeletingService#0] DEBUG block.SCMBlockDeletingService (SCMBlockDeletingService.java:call(138)) - Running DeletedBlockTransactionScanner
2019-09-21 03:48:50,823 [SCMBlockDeletingService#0] DEBUG block.SCMBlockDeletingService (SCMBlockDeletingService.java:call(155)) - Scanned deleted blocks log and got 0 delTX to process.
2019-09-21 03:48:50,923 [SCMBlockDeletingService#0] DEBUG block.SCMBlockDeletingService (SCMBlockDeletingService.java:call(138)) - Running DeletedBlockTransactionScanner
2019-09-21 03:48:50,924 [SCMBlockDeletingService#0] DEBUG block.SCMBlockDeletingService (SCMBlockDeletingService.java:call(155)) - Scanned deleted blocks log and got 0 delTX to process.
2019-09-21 03:48:51,071 [SCMBlockDeletingService#1] DEBUG block.SCMBlockDeletingService (SCMBlockDeletingService.java:call(138)) - Running DeletedBlockTransactionScanner
2019-09-21 03:48:51,071 [SCMBlockDeletingService#1] DEBUG block.SCMBlockDeletingService (SCMBlockDeletingService.java:call(155)) - Scanned deleted blocks log and got 0 delTX to process.
2019-09-21 03:48:51,171 [SCMBlockDeletingService#0] DEBUG block.SCMBlockDeletingService (SCMBlockDeletingService.java:call(138)) - Running DeletedBlockTransactionScanner
2019-09-21 03:48:51,172 [SCMBlockDeletingService#0] DEBUG block.SCMBlockDeletingService (SCMBlockDeletingService.java:call(155)) - Scanned deleted blocks log and got 0 delTX to process.
2019-09-21 03:48:51,272 [SCMBlockDeletingService#0] DEBUG block.SCMBlockDeletingService (SCMBlockDeletingService.java:call(138)) - Running DeletedBlockTransactionScanner
2019-09-21 03:48:51,272 [SCMBlockDeletingService#0] DEBUG block.SCMBlockDeletingService (SCMBlockDeletingService.java:call(155)) - Scanned deleted blocks log and got 0 delTX to process.
2019-09-21 03:48:51,373 [SCMBlockDeletingService#0] DEBUG block.SCMBlockDeletingService (SCMBlockDeletingService.java:call(138)) - Running DeletedBlockTransactionScanner
2019-09-21 03:48:51,373 [SCMBlockDeletingService#0] DEBUG block.SCMBlockDeletingService (SCMBlockDeletingService.java:call(155)) - Scanned deleted blocks log and got 0 delTX to process.
2019-09-21 03:48:51,473 [SCMBlockDeletingService#0] DEBUG block.SCMBlockDeletingService (SCMBlockDeletingService.java:call(138)) - Running DeletedBlockTransactionScanner
2019-09-21 03:48:51,474 [SCMBlockDeletingService#0] DEBUG block.SCMBlockDeletingService (SCMBlockDeletingService.java:call(155)) - Scanned deleted blocks log and got 0 delTX to process.
2019-09-21 03:48:51,574 [SCMBlockDeletingService#0] DEBUG block.SCMBlockDeletingService (SCMBlockDeletingService.java:call(138)) - Running DeletedBlockTransactionScanner
2019-09-21 03:48:51,575 [SCMBlockDeletingService#0] DEBUG block.SCMBlockDeletingService (SCMBlockDeletingService.java:call(155)) - Scanned deleted blocks log and got 0 delTX to process.
2019-09-21 03:48:51,676 [SCMBlockDeletingService#0] DEBUG block.SCMBlockDeletingService (SCMBlockDeletingService.java:call(138)) - Running DeletedBlockTransactionScanner
2019-09-21 03:48:51,676 [SCMBlockDeletingService#0] DEBUG block.SCMBlockDeletingService (SCMBlockDeletingService.java:call(155)) - Scanned deleted blocks log and got 0 delTX to process.
2019-09-21 03:48:51,776 [SCMBlockDeletingService#0] DEBUG block.SCMBlockDeletingService (SCMBlockDeletingService.java:call(138)) - Running DeletedBlockTransactionScanner
2019-09-21 03:48:51,777 [SCMBlockDeletingService#0] DEBUG block.SCMBlockDeletingService (SCMBlockDeletingService.java:call(155)) - Scanned deleted blocks log and got 0 delTX to process.
2019-09-21 03:48:51,877 [SCMBlockDeletingService#0] DEBUG block.SCMBlockDeletingService (SCMBlockDeletingService.java:call(138)) - Running DeletedBlockTransactionScanner
2019-09-21 03:48:51,877 [SCMBlockDeletingService#0] DEBUG block.SCMBlockDeletingService (SCMBlockDeletingService.java:call(155)) - Scanned deleted blocks log and got 0 delTX to process.
2019-09-21 03:48:51,977 [SCMBlockDeletingService#0] DEBUG block.SCMBlockDeletingService (SCMBlockDeletingService.java:call(138)) - Running DeletedBlockTransactionScanner
2019-09-21 03:48:51,978 [SCMBlockDeletingService#0] DEBUG block.SCMBlockDeletingService (SCMBlockDeletingService.java:call(155)) - Scanned deleted blocks log and got 0 delTX to process.
2019-09-21 03:48:52,078 [SCMBlockDeletingService#0] DEBUG block.SCMBlockDeletingService (SCMBlockDeletingService.java:call(138)) - Running DeletedBlockTransactionScanner
2019-09-21 03:48:52,079 [SCMBlockDeletingService#0] DEBUG block.SCMBlockDeletingService (SCMBlockDeletingService.java:call(155)) - Scanned deleted blocks log and got 0 delTX to process.
2019-09-21 03:48:52,274 [SCMBlockDeletingService#0] DEBUG block.SCMBlockDeletingService (SCMBlockDeletingService.java:call(138)) - Running DeletedBlockTransactionScanner
2019-09-21 03:48:52,274 [SCMBlockDeletingService#0] DEBUG block.SCMBlockDeletingService (SCMBlockDeletingService.java:call(155)) - Scanned deleted blocks log and got 0 delTX to process.
2019-09-21 03:48:52,375 [SCMBlockDeletingService#0] DEBUG block.SCMBlockDeletingService (SCMBlockDeletingService.java:call(138)) - Running DeletedBlockTransactionScanner
2019-09-21 03:48:52,376 [SCMBlockDeletingService#0] DEBUG block.SCMBlockDeletingService (SCMBlockDeletingService.java:call(155)) - Scanned deleted blocks log and got 0 delTX to process.
2019-09-21 03:48:52,476 [SCMBlockDeletingService#0] DEBUG block.SCMBlockDeletingService (SCMBlockDeletingService.java:call(138)) - Running DeletedBlockTransactionScanner
2019-09-21 03:48:52,476 [SCMBlockDeletingService#0] DEBUG block.SCMBlockDeletingService (SCMBlockDeletingService.java:call(155)) - Scanned deleted blocks log and got 0 delTX to process.
2019-09-21 03:48:52,577 [SCMBlockDeletingService#0] DEBUG block.SCMBlockDeletingService (SCMBlockDeletingService.java:call(138)) - Running DeletedBlockTransactionScanner
2019-09-21 03:48:52,577 [SCMBlockDeletingService#0] DEBUG block.SCMBlockDeletingService (SCMBlockDeletingService.java:call(155)) - Scanned deleted blocks log and got 0 delTX to process.
2019-09-21 03:48:52,678 [SCMBlockDeletingService#0] DEBUG block.SCMBlockDeletingService (SCMBlockDeletingService.java:call(138)) - Running DeletedBlockTransactionScanner
2019-09-21 03:48:52,678 [SCMBlockDeletingService#0] DEBUG block.SCMBlockDeletingService (SCMBlockDeletingService.java:call(155)) - Scanned deleted blocks log and got 0 delTX to process.
2019-09-21 03:48:52,778 [SCMBlockDeletingService#0] DEBUG block.SCMBlockDeletingService (SCMBlockDeletingService.java:call(138)) - Running DeletedBlockTransactionScanner
2019-09-21 03:48:52,778 [SCMBlockDeletingService#0] DEBUG block.SCMBlockDeletingService (SCMBlockDeletingService.java:call(155)) - Scanned deleted blocks log and got 0 delTX to process.
2019-09-21 03:48:52,879 [SCMBlockDeletingService#0] DEBUG block.SCMBlockDeletingService (SCMBlockDeletingService.java:call(138)) - Running DeletedBlockTransactionScanner
2019-09-21 03:48:52,879 [SCMBlockDeletingService#0] DEBUG block.SCMBlockDeletingService (SCMBlockDeletingService.java:call(155)) - Scanned deleted blocks log and got 0 delTX to process.
2019-09-21 03:48:52,979 [SCMBlockDeletingService#0] DEBUG block.SCMBlockDeletingService (SCMBlockDeletingService.java:call(138)) - Running DeletedBlockTransactionScanner
2019-09-21 03:48:52,980 [SCMBlockDeletingService#0] DEBUG block.SCMBlockDeletingService (SCMBlockDeletingService.java:call(155)) - Scanned deleted blocks log and got 0 delTX to process.
2019-09-21 03:48:53,080 [SCMBlockDeletingService#0] DEBUG block.SCMBlockDeletingService (SCMBlockDeletingService.java:call(138)) - Running DeletedBlockTransactionScanner
2019-09-21 03:48:53,080 [SCMBlockDeletingService#0] DEBUG block.SCMBlockDeletingService (SCMBlockDeletingService.java:call(155)) - Scanned deleted blocks log and got 0 delTX to process.
2019-09-21 03:48:53,181 [SCMBlockDeletingService#0] DEBUG block.SCMBlockDeletingService (SCMBlockDeletingService.java:call(138)) - Running DeletedBlockTransactionScanner
2019-09-21 03:48:53,181 [SCMBlockDeletingService#0] DEBUG block.SCMBlockDeletingService (SCMBlockDeletingService.java:call(155)) - Scanned deleted blocks log and got 0 delTX to process.
2019-09-21 03:48:53,281 [SCMBlockDeletingService#0] DEBUG block.SCMBlockDeletingService (SCMBlockDeletingService.java:call(138)) - Running DeletedBlockTransactionScanner
2019-09-21 03:48:53,281 [SCMBlockDeletingService#0] DEBUG block.SCMBlockDeletingService (SCMBlockDeletingService.java:call(155)) - Scanned deleted blocks log and got 0 delTX to process.
2019-09-21 03:48:53,465 [SCMBlockDeletingService#0] DEBUG block.SCMBlockDeletingService (SCMBlockDeletingService.java:call(138)) - Running DeletedBlockTransactionScanner
2019-09-21 03:48:53,466 [SCMBlockDeletingService#0] DEBUG block.SCMBlockDeletingService (SCMBlockDeletingService.java:call(155)) - Scanned deleted blocks log and got 0 delTX to process.
2019-09-21 03:48:53,566 [SCMBlockDeletingService#0] DEBUG block.SCMBlockDeletingService (SCMBlockDeletingService.java:call(138)) - Running DeletedBlockTransactionScanner
2019-09-21 03:48:53,566 [SCMBlockDeletingService#0] DEBUG block.SCMBlockDeletingService (SCMBlockDeletingService.java:call(155)) - Scanned deleted blocks log and got 0 delTX to process.
2019-09-21 03:48:53,667 [SCMBlockDeletingService#0] DEBUG block.SCMBlockDeletingService (SCMBlockDeletingService.java:call(138)) - Running DeletedBlockTransactionScanner
2019-09-21 03:48:53,667 [SCMBlockDeletingService#0] DEBUG block.SCMBlockDeletingService (SCMBlockDeletingService.java:call(155)) - Scanned deleted blocks log and got 0 delTX to process.
2019-09-21 03:48:53,767 [SCMBlockDeletingService#0] DEBUG block.SCMBlockDeletingService (SCMBlockDeletingService.java:call(138)) - Running DeletedBlockTransactionScanner
2019-09-21 03:48:53,768 [SCMBlockDeletingService#0] DEBUG block.SCMBlockDeletingService (SCMBlockDeletingService.java:call(155)) - Scanned deleted blocks log and got 0 delTX to process.
2019-09-21 03:48:53,868 [SCMBlockDeletingService#1] DEBUG block.SCMBlockDeletingService (SCMBlockDeletingService.java:call(138)) - Running DeletedBlockTransactionScanner
2019-09-21 03:48:53,869 [SCMBlockDeletingService#1] DEBUG block.SCMBlockDeletingService (SCMBlockDeletingService.java:call(155)) - Scanned deleted blocks log and got 0 delTX to process.
2019-09-21 03:48:53,969 [SCMBlockDeletingService#1] DEBUG block.SCMBlockDeletingService (SCMBlockDeletingService.java:call(138)) - Running DeletedBlockTransactionScanner
2019-09-21 03:48:53,970 [SCMBlockDeletingService#1] DEBUG block.SCMBlockDeletingService (SCMBlockDeletingService.java:call(155)) - Scanned deleted blocks log and got 0 delTX to process.
2019-09-21 03:48:54,070 [SCMBlockDeletingService#1] DEBUG block.SCMBlockDeletingService (SCMBlockDeletingService.java:call(138)) - Running DeletedBlockTransactionScanner
2019-09-21 03:48:54,071 [SCMBlockDeletingService#1] DEBUG block.SCMBlockDeletingService (SCMBlockDeletingService.java:call(155)) - Scanned deleted blocks log and got 0 delTX to process.
2019-09-21 03:48:54,171 [SCMBlockDeletingService#1] DEBUG block.SCMBlockDeletingService (SCMBlockDeletingService.java:call(138)) - Running DeletedBlockTransactionScanner
2019-09-21 03:48:54,171 [SCMBlockDeletingService#1] DEBUG block.SCMBlockDeletingService (SCMBlockDeletingService.java:call(155)) - Scanned deleted blocks log and got 0 delTX to process.
2019-09-21 03:48:54,272 [SCMBlockDeletingService#1] DEBUG block.SCMBlockDeletingService (SCMBlockDeletingService.java:call(138)) - Running DeletedBlockTransactionScanner
2019-09-21 03:48:54,272 [SCMBlockDeletingService#1] DEBUG block.SCMBlockDeletingService (SCMBlockDeletingService.java:call(155)) - Scanned deleted blocks log and got 0 delTX to process.
2019-09-21 03:48:54,373 [SCMBlockDeletingService#1] DEBUG block.SCMBlockDeletingService (SCMBlockDeletingService.java:call(138)) - Running DeletedBlockTransactionScanner
2019-09-21 03:48:54,373 [SCMBlockDeletingService#1] DEBUG block.SCMBlockDeletingService (SCMBlockDeletingService.java:call(155)) - Scanned deleted blocks log and got 0 delTX to process.
2019-09-21 03:48:54,473 [SCMBlockDeletingService#1] DEBUG block.SCMBlockDeletingService (SCMBlockDeletingService.java:call(138)) - Running DeletedBlockTransactionScanner
2019-09-21 03:48:54,474 [SCMBlockDeletingService#1] DEBUG block.SCMBlockDeletingService (SCMBlockDeletingService.java:call(155)) - Scanned deleted blocks log and got 0 delTX to process.
2019-09-21 03:48:54,575 [SCMBlockDeletingService#1] DEBUG block.SCMBlockDeletingService (SCMBlockDeletingService.java:call(138)) - Running DeletedBlockTransactionScanner
2019-09-21 03:48:54,575 [SCMBlockDeletingService#1] DEBUG block.SCMBlockDeletingService (SCMBlockDeletingService.java:call(155)) - Scanned deleted blocks log and got 0 delTX to process.
2019-09-21 03:48:54,675 [SCMBlockDeletingService#0] DEBUG block.SCMBlockDeletingService (SCMBlockDeletingService.java:call(138)) - Running DeletedBlockTransactionScanner
2019-09-21 03:48:54,676 [SCMBlockDeletingService#0] DEBUG block.SCMBlockDeletingService (SCMBlockDeletingService.java:call(155)) - Scanned deleted blocks log and got 0 delTX to process.
2019-09-21 03:48:54,776 [SCMBlockDeletingService#0] DEBUG block.SCMBlockDeletingService (SCMBlockDeletingService.java:call(138)) - Running DeletedBlockTransactionScanner
2019-09-21 03:48:54,777 [SCMBlockDeletingService#0] DEBUG block.SCMBlockDeletingService (SCMBlockDeletingService.java:call(155)) - Scanned deleted blocks log and got 0 delTX to process.
2019-09-21 03:48:54,877 [SCMBlockDeletingService#0] DEBUG block.SCMBlockDeletingService (SCMBlockDeletingService.java:call(138)) - Running DeletedBlockTransactionScanner
2019-09-21 03:48:54,878 [SCMBlockDeletingService#0] DEBUG block.SCMBlockDeletingService (SCMBlockDeletingService.java:call(155)) - Scanned deleted blocks log and got 0 delTX to process.
2019-09-21 03:48:54,978 [SCMBlockDeletingService#0] DEBUG block.SCMBlockDeletingService (SCMBlockDeletingService.java:call(138)) - Running DeletedBlockTransactionScanner
2019-09-21 03:48:54,978 [SCMBlockDeletingService#0] DEBUG block.SCMBlockDeletingService (SCMBlockDeletingService.java:call(155)) - Scanned deleted blocks log and got 0 delTX to process.
2019-09-21 03:48:55,079 [SCMBlockDeletingService#0] DEBUG block.SCMBlockDeletingService (SCMBlockDeletingService.java:call(138)) - Running DeletedBlockTransactionScanner
2019-09-21 03:48:55,079 [SCMBlockDeletingService#0] DEBUG block.SCMBlockDeletingService (SCMBlockDeletingService.java:call(155)) - Scanned deleted blocks log and got 0 delTX to process.
2019-09-21 03:48:55,179 [SCMBlockDeletingService#0] DEBUG block.SCMBlockDeletingService (SCMBlockDeletingService.java:call(138)) - Running DeletedBlockTransactionScanner
2019-09-21 03:48:55,180 [SCMBlockDeletingService#0] DEBUG block.SCMBlockDeletingService (SCMBlockDeletingService.java:call(155)) - Scanned deleted blocks log and got 0 delTX to process.
2019-09-21 03:48:55,280 [SCMBlockDeletingService#0] DEBUG block.SCMBlockDeletingService (SCMBlockDeletingService.java:call(138)) - Running DeletedBlockTransactionScanner
2019-09-21 03:48:55,280 [SCMBlockDeletingService#0] DEBUG block.SCMBlockDeletingService (SCMBlockDeletingService.java:call(155)) - Scanned deleted blocks log and got 0 delTX to process.
2019-09-21 03:48:55,381 [SCMBlockDeletingService#0] DEBUG block.SCMBlockDeletingService (SCMBlockDeletingService.java:call(138)) - Running DeletedBlockTransactionScanner
2019-09-21 03:48:55,381 [SCMBlockDeletingService#0] DEBUG block.SCMBlockDeletingService (SCMBlockDeletingService.java:call(155)) - Scanned deleted blocks log and got 0 delTX to process.
2019-09-21 03:48:55,481 [SCMBlockDeletingService#0] DEBUG block.SCMBlockDeletingService (SCMBlockDeletingService.java:call(138)) - Running DeletedBlockTransactionScanner
2019-09-21 03:48:55,482 [SCMBlockDeletingService#0] DEBUG block.SCMBlockDeletingService (SCMBlockDeletingService.java:call(155)) - Scanned deleted blocks log and got 0 delTX to process.
2019-09-21 03:48:55,582 [SCMBlockDeletingService#0] DEBUG block.SCMBlockDeletingService (SCMBlockDeletingService.java:call(138)) - Running DeletedBlockTransactionScanner
2019-09-21 03:48:55,582 [SCMBlockDeletingService#0] DEBUG block.SCMBlockDeletingService (SCMBlockDeletingService.java:call(155)) - Scanned deleted blocks log and got 0 delTX to process.
2019-09-21 03:48:55,683 [SCMBlockDeletingService#0] DEBUG block.SCMBlockDeletingService (SCMBlockDeletingService.java:call(138)) - Running DeletedBlockTransactionScanner
2019-09-21 03:48:55,683 [SCMBlockDeletingService#0] DEBUG block.SCMBlockDeletingService (SCMBlockDeletingService.java:call(155)) - Scanned deleted blocks log and got 0 delTX to process.
2019-09-21 03:48:55,783 [SCMBlockDeletingService#0] DEBUG block.SCMBlockDeletingService (SCMBlockDeletingService.java:call(138)) - Running DeletedBlockTransactionScanner
2019-09-21 03:48:55,784 [SCMBlockDeletingService#0] DEBUG block.SCMBlockDeletingService (SCMBlockDeletingService.java:call(155)) - Scanned deleted blocks log and got 0 delTX to process.
2019-09-21 03:48:55,884 [SCMBlockDeletingService#0] DEBUG block.SCMBlockDeletingService (SCMBlockDeletingService.java:call(138)) - Running DeletedBlockTransactionScanner
2019-09-21 03:48:55,884 [SCMBlockDeletingService#0] DEBUG block.SCMBlockDeletingService (SCMBlockDeletingService.java:call(155)) - Scanned deleted blocks log and got 0 delTX to process.
2019-09-21 03:48:55,985 [SCMBlockDeletingService#0] DEBUG block.SCMBlockDeletingService (SCMBlockDeletingService.java:call(138)) - Running DeletedBlockTransactionScanner
2019-09-21 03:48:55,985 [SCMBlockDeletingService#0] DEBUG block.SCMBlockDeletingService (SCMBlockDeletingService.java:call(155)) - Scanned deleted blocks log and got 0 delTX to process.
2019-09-21 03:48:56,085 [SCMBlockDeletingService#0] DEBUG block.SCMBlockDeletingService (SCMBlockDeletingService.java:call(138)) - Running DeletedBlockTransactionScanner
2019-09-21 03:48:56,086 [SCMBlockDeletingService#0] DEBUG block.SCMBlockDeletingService (SCMBlockDeletingService.java:call(155)) - Scanned deleted blocks log and got 0 delTX to process.
2019-09-21 03:48:56,186 [SCMBlockDeletingService#1] DEBUG block.SCMBlockDeletingService (SCMBlockDeletingService.java:call(138)) - Running DeletedBlockTransactionScanner
2019-09-21 03:48:56,187 [SCMBlockDeletingService#1] DEBUG block.SCMBlockDeletingService (SCMBlockDeletingService.java:call(155)) - Scanned deleted blocks log and got 0 delTX to process.
2019-09-21 03:48:56,287 [SCMBlockDeletingService#1] DEBUG block.SCMBlockDeletingService (SCMBlockDeletingService.java:call(138)) - Running DeletedBlockTransactionScanner
2019-09-21 03:48:56,287 [SCMBlockDeletingService#1] DEBUG block.SCMBlockDeletingService (SCMBlockDeletingService.java:call(155)) - Scanned deleted blocks log and got 0 delTX to process.
2019-09-21 03:48:56,387 [SCMBlockDeletingService#1] DEBUG block.SCMBlockDeletingService (SCMBlockDeletingService.java:call(138)) - Running DeletedBlockTransactionScanner
2019-09-21 03:48:56,388 [SCMBlockDeletingService#1] DEBUG block.SCMBlockDeletingService (SCMBlockDeletingService.java:call(155)) - Scanned deleted blocks log and got 0 delTX to process.
2019-09-21 03:48:56,488 [SCMBlockDeletingService#1] DEBUG block.SCMBlockDeletingService (SCMBlockDeletingService.java:call(138)) - Running DeletedBlockTransactionScanner
2019-09-21 03:48:56,488 [SCMBlockDeletingService#1] DEBUG block.SCMBlockDeletingService (SCMBlockDeletingService.java:call(155)) - Scanned deleted blocks log and got 0 delTX to process.
2019-09-21 03:48:56,589 [SCMBlockDeletingService#1] DEBUG block.SCMBlockDeletingService (SCMBlockDeletingService.java:call(138)) - Running DeletedBlockTransactionScanner
2019-09-21 03:48:56,589 [SCMBlockDeletingService#1] DEBUG block.SCMBlockDeletingService (SCMBlockDeletingService.java:call(155)) - Scanned deleted blocks log and got 0 delTX to process.
2019-09-21 03:48:56,690 [SCMBlockDeletingService#0] DEBUG block.SCMBlockDeletingService (SCMBlockDeletingService.java:call(138)) - Running DeletedBlockTransactionScanner
2019-09-21 03:48:56,690 [SCMBlockDeletingService#0] DEBUG block.SCMBlockDeletingService (SCMBlockDeletingService.java:call(155)) - Scanned deleted blocks log and got 0 delTX to process.
2019-09-21 03:48:56,790 [SCMBlockDeletingService#0] DEBUG block.SCMBlockDeletingService (SCMBlockDeletingService.java:call(138)) - Running DeletedBlockTransactionScanner
2019-09-21 03:48:56,791 [SCMBlockDeletingService#0] DEBUG block.SCMBlockDeletingService (SCMBlockDeletingService.java:call(155)) - Scanned deleted blocks log and got 0 delTX to process.
2019-09-21 03:48:56,891 [SCMBlockDeletingService#0] DEBUG block.SCMBlockDeletingService (SCMBlockDeletingService.java:call(138)) - Running DeletedBlockTransactionScanner
2019-09-21 03:48:56,892 [SCMBlockDeletingService#0] DEBUG block.SCMBlockDeletingService (SCMBlockDeletingService.java:call(155)) - Scanned deleted blocks log and got 0 delTX to process.
2019-09-21 03:48:56,992 [SCMBlockDeletingService#0] DEBUG block.SCMBlockDeletingService (SCMBlockDeletingService.java:call(138)) - Running DeletedBlockTransactionScanner
2019-09-21 03:48:56,992 [SCMBlockDeletingService#0] DEBUG block.SCMBlockDeletingService (SCMBlockDeletingService.java:call(155)) - Scanned deleted blocks log and got 0 delTX to process.
2019-09-21 03:48:57,093 [SCMBlockDeletingService#0] DEBUG block.SCMBlockDeletingService (SCMBlockDeletingService.java:call(138)) - Running DeletedBlockTransactionScanner
2019-09-21 03:48:57,093 [SCMBlockDeletingService#0] DEBUG block.SCMBlockDeletingService (SCMBlockDeletingService.java:call(155)) - Scanned deleted blocks log and got 0 delTX to process.
2019-09-21 03:48:57,193 [SCMBlockDeletingService#0] DEBUG block.SCMBlockDeletingService (SCMBlockDeletingService.java:call(138)) - Running DeletedBlockTransactionScanner
2019-09-21 03:48:57,194 [SCMBlockDeletingService#0] DEBUG block.SCMBlockDeletingService (SCMBlockDeletingService.java:call(155)) - Scanned deleted blocks log and got 0 delTX to process.
2019-09-21 03:48:57,294 [SCMBlockDeletingService#0] DEBUG block.SCMBlockDeletingService (SCMBlockDeletingService.java:call(138)) - Running DeletedBlockTransactionScanner
2019-09-21 03:48:57,295 [SCMBlockDeletingService#0] DEBUG block.SCMBlockDeletingService (SCMBlockDeletingService.java:call(155)) - Scanned deleted blocks log and got 0 delTX to process.
2019-09-21 03:48:57,396 [SCMBlockDeletingService#0] DEBUG block.SCMBlockDeletingService (SCMBlockDeletingService.java:call(138)) - Running DeletedBlockTransactionScanner
2019-09-21 03:48:57,396 [SCMBlockDeletingService#0] DEBUG block.SCMBlockDeletingService (SCMBlockDeletingService.java:call(155)) - Scanned deleted blocks log and got 0 delTX to process.
2019-09-21 03:48:57,496 [SCMBlockDeletingService#0] DEBUG block.SCMBlockDeletingService (SCMBlockDeletingService.java:call(138)) - Running DeletedBlockTransactionScanner
2019-09-21 03:48:57,497 [SCMBlockDeletingService#0] DEBUG block.SCMBlockDeletingService (SCMBlockDeletingService.java:call(155)) - Scanned deleted blocks log and got 0 delTX to process.
2019-09-21 03:48:57,597 [SCMBlockDeletingService#0] DEBUG block.SCMBlockDeletingService (SCMBlockDeletingService.java:call(138)) - Running DeletedBlockTransactionScanner
2019-09-21 03:48:57,597 [SCMBlockDeletingService#0] DEBUG block.SCMBlockDeletingService (SCMBlockDeletingService.java:call(155)) - Scanned deleted blocks log and got 0 delTX to process.
2019-09-21 03:48:57,698 [SCMBlockDeletingService#0] DEBUG block.SCMBlockDeletingService (SCMBlockDeletingService.java:call(138)) - Running DeletedBlockTransactionScanner
2019-09-21 03:48:57,698 [SCMBlockDeletingService#0] DEBUG block.SCMBlockDeletingService (SCMBlockDeletingService.java:call(155)) - Scanned deleted blocks log and got 0 delTX to process.
2019-09-21 03:48:57,798 [SCMBlockDeletingService#0] DEBUG block.SCMBlockDeletingService (SCMBlockDeletingService.java:call(138)) - Running DeletedBlockTransactionScanner
2019-09-21 03:48:57,799 [SCMBlockDeletingService#0] DEBUG block.SCMBlockDeletingService (SCMBlockDeletingService.java:call(155)) - Scanned deleted blocks log and got 0 delTX to process.
2019-09-21 03:48:57,899 [SCMBlockDeletingService#0] DEBUG block.SCMBlockDeletingService (SCMBlockDeletingService.java:call(138)) - Running DeletedBlockTransactionScanner
2019-09-21 03:48:57,899 [SCMBlockDeletingService#0] DEBUG block.SCMBlockDeletingService (SCMBlockDeletingService.java:call(155)) - Scanned deleted blocks log and got 0 delTX to process.
2019-09-21 03:48:58,000 [SCMBlockDeletingService#0] DEBUG block.SCMBlockDeletingService (SCMBlockDeletingService.java:call(138)) - Running DeletedBlockTransactionScanner
2019-09-21 03:48:58,000 [SCMBlockDeletingService#0] DEBUG block.SCMBlockDeletingService (SCMBlockDeletingService.java:call(155)) - Scanned deleted blocks log and got 0 delTX to process.
2019-09-21 03:48:58,100 [SCMBlockDeletingService#0] DEBUG block.SCMBlockDeletingService (SCMBlockDeletingService.java:call(138)) - Running DeletedBlockTransactionScanner
2019-09-21 03:48:58,101 [SCMBlockDeletingService#0] DEBUG block.SCMBlockDeletingService (SCMBlockDeletingService.java:call(155)) - Scanned deleted blocks log and got 0 delTX to process.
2019-09-21 03:48:58,201 [SCMBlockDeletingService#0] DEBUG block.SCMBlockDeletingService (SCMBlockDeletingService.java:call(138)) - Running DeletedBlockTransactionScanner
2019-09-21 03:48:58,201 [SCMBlockDeletingService#0] DEBUG block.SCMBlockDeletingService (SCMBlockDeletingService.java:call(155)) - Scanned deleted blocks log and got 0 delTX to process.
2019-09-21 03:48:58,302 [SCMBlockDeletingService#0] DEBUG block.SCMBlockDeletingService (SCMBlockDeletingService.java:call(138)) - Running DeletedBlockTransactionScanner
2019-09-21 03:48:58,302 [SCMBlockDeletingService#0] DEBUG block.SCMBlockDeletingService (SCMBlockDeletingService.java:call(155)) - Scanned deleted blocks log and got 0 delTX to process.
2019-09-21 03:48:58,402 [SCMBlockDeletingService#1] DEBUG block.SCMBlockDeletingService (SCMBlockDeletingService.java:call(138)) - Running DeletedBlockTransactionScanner
2019-09-21 03:48:58,402 [SCMBlockDeletingService#1] DEBUG block.SCMBlockDeletingService (SCMBlockDeletingService.java:call(155)) - Scanned deleted blocks log and got 0 delTX to process.
2019-09-21 03:48:58,503 [SCMBlockDeletingService#1] DEBUG block.SCMBlockDeletingService (SCMBlockDeletingService.java:call(138)) - Running DeletedBlockTransactionScanner
2019-09-21 03:48:58,503 [SCMBlockDeletingService#1] DEBUG block.SCMBlockDeletingService (SCMBlockDeletingService.java:call(155)) - Scanned deleted blocks log and got 0 delTX to process.
2019-09-21 03:48:58,603 [SCMBlockDeletingService#1] DEBUG block.SCMBlockDeletingService (SCMBlockDeletingService.java:call(138)) - Running DeletedBlockTransactionScanner
2019-09-21 03:48:58,604 [SCMBlockDeletingService#1] DEBUG block.SCMBlockDeletingService (SCMBlockDeletingService.java:call(155)) - Scanned deleted blocks log and got 0 delTX to process.
2019-09-21 03:48:58,704 [SCMBlockDeletingService#1] DEBUG block.SCMBlockDeletingService (SCMBlockDeletingService.java:call(138)) - Running DeletedBlockTransactionScanner
2019-09-21 03:48:58,705 [SCMBlockDeletingService#1] DEBUG block.SCMBlockDeletingService (SCMBlockDeletingService.java:call(155)) - Scanned deleted blocks log and got 0 delTX to process.
2019-09-21 03:48:58,805 [SCMBlockDeletingService#1] DEBUG block.SCMBlockDeletingService (SCMBlockDeletingService.java:call(138)) - Running DeletedBlockTransactionScanner
2019-09-21 03:48:58,805 [SCMBlockDeletingService#1] DEBUG block.SCMBlockDeletingService (SCMBlockDeletingService.java:call(155)) - Scanned deleted blocks log and got 0 delTX to process.
2019-09-21 03:48:58,906 [SCMBlockDeletingService#1] DEBUG block.SCMBlockDeletingService (SCMBlockDeletingService.java:call(138)) - Running DeletedBlockTransactionScanner
2019-09-21 03:48:58,906 [SCMBlockDeletingService#1] DEBUG block.SCMBlockDeletingService (SCMBlockDeletingService.java:call(155)) - Scanned deleted blocks log and got 0 delTX to process.
2019-09-21 03:48:59,006 [SCMBlockDeletingService#1] DEBUG block.SCMBlockDeletingService (SCMBlockDeletingService.java:call(138)) - Running DeletedBlockTransactionScanner
2019-09-21 03:48:59,007 [SCMBlockDeletingService#1] DEBUG block.SCMBlockDeletingService (SCMBlockDeletingService.java:call(155)) - Scanned deleted blocks log and got 0 delTX to process.
2019-09-21 03:48:59,107 [SCMBlockDeletingService#1] DEBUG block.SCMBlockDeletingService (SCMBlockDeletingService.java:call(138)) - Running DeletedBlockTransactionScanner
2019-09-21 03:48:59,108 [SCMBlockDeletingService#1] DEBUG block.SCMBlockDeletingService (SCMBlockDeletingService.java:call(155)) - Scanned deleted blocks log and got 0 delTX to process.
2019-09-21 03:48:59,208 [SCMBlockDeletingService#1] DEBUG block.SCMBlockDeletingService (SCMBlockDeletingService.java:call(138)) - Running DeletedBlockTransactionScanner
2019-09-21 03:48:59,209 [SCMBlockDeletingService#1] DEBUG block.SCMBlockDeletingService (SCMBlockDeletingService.java:call(155)) - Scanned deleted blocks log and got 0 delTX to process.
2019-09-21 03:48:59,309 [SCMBlockDeletingService#1] DEBUG block.SCMBlockDeletingService (SCMBlockDeletingService.java:call(138)) - Running DeletedBlockTransactionScanner
2019-09-21 03:48:59,310 [SCMBlockDeletingService#1] DEBUG block.SCMBlockDeletingService (SCMBlockDeletingService.java:call(155)) - Scanned deleted blocks log and got 0 delTX to process.
2019-09-21 03:48:59,410 [SCMBlockDeletingService#0] DEBUG block.SCMBlockDeletingService (SCMBlockDeletingService.java:call(138)) - Running DeletedBlockTransactionScanner
2019-09-21 03:48:59,410 [SCMBlockDeletingService#0] DEBUG block.SCMBlockDeletingService (SCMBlockDeletingService.java:call(155)) - Scanned deleted blocks log and got 0 delTX to process.
2019-09-21 03:48:59,511 [SCMBlockDeletingService#0] DEBUG block.SCMBlockDeletingService (SCMBlockDeletingService.java:call(138)) - Running DeletedBlockTransactionScanner
2019-09-21 03:48:59,511 [SCMBlockDeletingService#0] DEBUG block.SCMBlockDeletingService (SCMBlockDeletingService.java:call(155)) - Scanned deleted blocks log and got 0 delTX to process.
2019-09-21 03:48:59,611 [SCMBlockDeletingService#0] DEBUG block.SCMBlockDeletingService (SCMBlockDeletingService.java:call(138)) - Running DeletedBlockTransactionScanner
2019-09-21 03:48:59,612 [SCMBlockDeletingService#0] DEBUG block.SCMBlockDeletingService (SCMBlockDeletingService.java:call(155)) - Scanned deleted blocks log and got 0 delTX to process.
2019-09-21 03:48:59,712 [SCMBlockDeletingService#0] DEBUG block.SCMBlockDeletingService (SCMBlockDeletingService.java:call(138)) - Running DeletedBlockTransactionScanner
2019-09-21 03:48:59,713 [SCMBlockDeletingService#0] DEBUG block.SCMBlockDeletingService (SCMBlockDeletingService.java:call(155)) - Scanned deleted blocks log and got 0 delTX to process.
2019-09-21 03:48:59,813 [SCMBlockDeletingService#0] DEBUG block.SCMBlockDeletingService (SCMBlockDeletingService.java:call(138)) - Running DeletedBlockTransactionScanner
2019-09-21 03:48:59,813 [SCMBlockDeletingService#0] DEBUG block.SCMBlockDeletingService (SCMBlockDeletingService.java:call(155)) - Scanned deleted blocks log and got 0 delTX to process.
2019-09-21 03:48:59,914 [SCMBlockDeletingService#1] DEBUG block.SCMBlockDeletingService (SCMBlockDeletingService.java:call(138)) - Running DeletedBlockTransactionScanner
2019-09-21 03:48:59,914 [SCMBlockDeletingService#1] DEBUG block.SCMBlockDeletingService (SCMBlockDeletingService.java:call(155)) - Scanned deleted blocks log and got 0 delTX to process.
2019-09-21 03:49:00,014 [SCMBlockDeletingService#1] DEBUG block.SCMBlockDeletingService (SCMBlockDeletingService.java:call(138)) - Running DeletedBlockTransactionScanner
2019-09-21 03:49:00,015 [SCMBlockDeletingService#1] DEBUG block.SCMBlockDeletingService (SCMBlockDeletingService.java:call(155)) - Scanned deleted blocks log and got 0 delTX to process.
2019-09-21 03:49:00,115 [SCMBlockDeletingService#0] DEBUG block.SCMBlockDeletingService (SCMBlockDeletingService.java:call(138)) - Running DeletedBlockTransactionScanner
2019-09-21 03:49:00,115 [SCMBlockDeletingService#0] DEBUG block.SCMBlockDeletingService (SCMBlockDeletingService.java:call(155)) - Scanned deleted blocks log and got 0 delTX to process.
2019-09-21 03:49:00,216 [SCMBlockDeletingService#0] DEBUG block.SCMBlockDeletingService (SCMBlockDeletingService.java:call(138)) - Running DeletedBlockTransactionScanner
2019-09-21 03:49:00,216 [SCMBlockDeletingService#0] DEBUG block.SCMBlockDeletingService (SCMBlockDeletingService.java:call(155)) - Scanned deleted blocks log and got 0 delTX to process.
2019-09-21 03:49:00,316 [SCMBlockDeletingService#0] DEBUG block.SCMBlockDeletingService (SCMBlockDeletingService.java:call(138)) - Running DeletedBlockTransactionScanner
2019-09-21 03:49:00,316 [SCMBlockDeletingService#0] DEBUG block.SCMBlockDeletingService (SCMBlockDeletingService.java:call(155)) - Scanned deleted blocks log and got 0 delTX to process.
2019-09-21 03:49:00,417 [SCMBlockDeletingService#0] DEBUG block.SCMBlockDeletingService (SCMBlockDeletingService.java:call(138)) - Running DeletedBlockTransactionScanner
2019-09-21 03:49:00,417 [SCMBlockDeletingService#0] DEBUG block.SCMBlockDeletingService (SCMBlockDeletingService.java:call(155)) - Scanned deleted blocks log and got 0 delTX to process.
2019-09-21 03:49:00,517 [SCMBlockDeletingService#0] DEBUG block.SCMBlockDeletingService (SCMBlockDeletingService.java:call(138)) - Running DeletedBlockTransactionScanner
2019-09-21 03:49:00,518 [SCMBlockDeletingService#0] DEBUG block.SCMBlockDeletingService (SCMBlockDeletingService.java:call(155)) - Scanned deleted blocks log and got 0 delTX to process.
2019-09-21 03:49:00,618 [SCMBlockDeletingService#0] DEBUG block.SCMBlockDeletingService (SCMBlockDeletingService.java:call(138)) - Running DeletedBlockTransactionScanner
2019-09-21 03:49:00,618 [SCMBlockDeletingService#0] DEBUG block.SCMBlockDeletingService (SCMBlockDeletingService.java:call(155)) - Scanned deleted blocks log and got 0 delTX to process.
2019-09-21 03:49:00,719 [SCMBlockDeletingService#0] DEBUG block.SCMBlockDeletingService (SCMBlockDeletingService.java:call(138)) - Running DeletedBlockTransactionScanner
2019-09-21 03:49:00,719 [SCMBlockDeletingService#0] DEBUG block.SCMBlockDeletingService (SCMBlockDeletingService.java:call(155)) - Scanned deleted blocks log and got 0 delTX to process.
2019-09-21 03:49:00,819 [SCMBlockDeletingService#0] DEBUG block.SCMBlockDeletingService (SCMBlockDeletingService.java:call(138)) - Running DeletedBlockTransactionScanner
2019-09-21 03:49:00,820 [SCMBlockDeletingService#0] DEBUG block.SCMBlockDeletingService (SCMBlockDeletingService.java:call(155)) - Scanned deleted blocks log and got 0 delTX to process.
2019-09-21 03:49:00,920 [SCMBlockDeletingService#0] DEBUG block.SCMBlockDeletingService (SCMBlockDeletingService.java:call(138)) - Running DeletedBlockTransactionScanner
2019-09-21 03:49:00,920 [SCMBlockDeletingService#0] DEBUG block.SCMBlockDeletingService (SCMBlockDeletingService.java:call(155)) - Scanned deleted blocks log and got 0 delTX to process.
2019-09-21 03:49:01,021 [SCMBlockDeletingService#0] DEBUG block.SCMBlockDeletingService (SCMBlockDeletingService.java:call(138)) - Running DeletedBlockTransactionScanner
2019-09-21 03:49:01,021 [SCMBlockDeletingService#0] DEBUG block.SCMBlockDeletingService (SCMBlockDeletingService.java:call(155)) - Scanned deleted blocks log and got 0 delTX to process.
2019-09-21 03:49:01,121 [SCMBlockDeletingService#0] DEBUG block.SCMBlockDeletingService (SCMBlockDeletingService.java:call(138)) - Running DeletedBlockTransactionScanner
2019-09-21 03:49:01,122 [SCMBlockDeletingService#0] DEBUG block.SCMBlockDeletingService (SCMBlockDeletingService.java:call(155)) - Scanned deleted blocks log and got 0 delTX to process.
2019-09-21 03:49:01,222 [SCMBlockDeletingService#0] DEBUG block.SCMBlockDeletingService (SCMBlockDeletingService.java:call(138)) - Running DeletedBlockTransactionScanner
2019-09-21 03:49:01,223 [SCMBlockDeletingService#0] DEBUG block.SCMBlockDeletingService (SCMBlockDeletingService.java:call(155)) - Scanned deleted blocks log and got 0 delTX to process.
2019-09-21 03:49:01,323 [SCMBlockDeletingService#0] DEBUG block.SCMBlockDeletingService (SCMBlockDeletingService.java:call(138)) - Running DeletedBlockTransactionScanner
2019-09-21 03:49:01,323 [SCMBlockDeletingService#0] DEBUG block.SCMBlockDeletingService (SCMBlockDeletingService.java:call(155)) - Scanned deleted blocks log and got 0 delTX to process.
2019-09-21 03:49:01,424 [SCMBlockDeletingService#0] DEBUG block.SCMBlockDeletingService (SCMBlockDeletingService.java:call(138)) - Running DeletedBlockTransactionScanner
2019-09-21 03:49:01,424 [SCMBlockDeletingService#0] DEBUG block.SCMBlockDeletingService (SCMBlockDeletingService.java:call(155)) - Scanned deleted blocks log and got 0 delTX to process.
2019-09-21 03:49:01,524 [SCMBlockDeletingService#0] DEBUG block.SCMBlockDeletingService (SCMBlockDeletingService.java:call(138)) - Running DeletedBlockTransactionScanner
2019-09-21 03:49:01,525 [SCMBlockDeletingService#0] DEBUG block.SCMBlockDeletingService (SCMBlockDeletingService.java:call(155)) - Scanned deleted blocks log and got 0 delTX to process.
2019-09-21 03:49:01,625 [SCMBlockDeletingService#0] DEBUG block.SCMBlockDeletingService (SCMBlockDeletingService.java:call(138)) - Running DeletedBlockTransactionScanner
2019-09-21 03:49:01,625 [SCMBlockDeletingService#0] DEBUG block.SCMBlockDeletingService (SCMBlockDeletingService.java:call(155)) - Scanned deleted blocks log and got 0 delTX to process.
2019-09-21 03:49:01,726 [SCMBlockDeletingService#0] DEBUG block.SCMBlockDeletingService (SCMBlockDeletingService.java:call(138)) - Running DeletedBlockTransactionScanner
2019-09-21 03:49:01,726 [SCMBlockDeletingService#0] DEBUG block.SCMBlockDeletingService (SCMBlockDeletingService.java:call(155)) - Scanned deleted blocks log and got 0 delTX to process.
2019-09-21 03:49:01,826 [SCMBlockDeletingService#0] DEBUG block.SCMBlockDeletingService (SCMBlockDeletingService.java:call(138)) - Running DeletedBlockTransactionScanner
2019-09-21 03:49:01,826 [SCMBlockDeletingService#0] DEBUG block.SCMBlockDeletingService (SCMBlockDeletingService.java:call(155)) - Scanned deleted blocks log and got 0 delTX to process.
2019-09-21 03:49:01,927 [SCMBlockDeletingService#0] DEBUG block.SCMBlockDeletingService (SCMBlockDeletingService.java:call(138)) - Running DeletedBlockTransactionScanner
2019-09-21 03:49:01,927 [SCMBlockDeletingService#0] DEBUG block.SCMBlockDeletingService (SCMBlockDeletingService.java:call(155)) - Scanned deleted blocks log and got 0 delTX to process.
2019-09-21 03:49:02,028 [SCMBlockDeletingService#0] DEBUG block.SCMBlockDeletingService (SCMBlockDeletingService.java:call(138)) - Running DeletedBlockTransactionScanner
2019-09-21 03:49:02,028 [SCMBlockDeletingService#0] DEBUG block.SCMBlockDeletingService (SCMBlockDeletingService.java:call(155)) - Scanned deleted blocks log and got 0 delTX to process.
2019-09-21 03:49:02,128 [SCMBlockDeletingService#0] DEBUG block.SCMBlockDeletingService (SCMBlockDeletingService.java:call(138)) - Running DeletedBlockTransactionScanner
2019-09-21 03:49:02,128 [SCMBlockDeletingService#0] DEBUG block.SCMBlockDeletingService (SCMBlockDeletingService.java:call(155)) - Scanned deleted blocks log and got 0 delTX to process.
2019-09-21 03:49:02,229 [SCMBlockDeletingService#0] DEBUG block.SCMBlockDeletingService (SCMBlockDeletingService.java:call(138)) - Running DeletedBlockTransactionScanner
2019-09-21 03:49:02,229 [SCMBlockDeletingService#0] DEBUG block.SCMBlockDeletingService (SCMBlockDeletingService.java:call(155)) - Scanned deleted blocks log and got 0 delTX to process.
2019-09-21 03:49:02,329 [SCMBlockDeletingService#0] DEBUG block.SCMBlockDeletingService (SCMBlockDeletingService.java:call(138)) - Running DeletedBlockTransactionScanner
2019-09-21 03:49:02,329 [SCMBlockDeletingService#0] DEBUG block.SCMBlockDeletingService (SCMBlockDeletingService.java:call(155)) - Scanned deleted blocks log and got 0 delTX to process.
2019-09-21 03:49:02,430 [SCMBlockDeletingService#0] DEBUG block.SCMBlockDeletingService (SCMBlockDeletingService.java:call(138)) - Running DeletedBlockTransactionScanner
2019-09-21 03:49:02,430 [SCMBlockDeletingService#0] DEBUG block.SCMBlockDeletingService (SCMBlockDeletingService.java:call(155)) - Scanned deleted blocks log and got 0 delTX to process.
2019-09-21 03:49:02,530 [SCMBlockDeletingService#0] DEBUG block.SCMBlockDeletingService (SCMBlockDeletingService.java:call(138)) - Running DeletedBlockTransactionScanner
2019-09-21 03:49:02,531 [SCMBlockDeletingService#0] DEBUG block.SCMBlockDeletingService (SCMBlockDeletingService.java:call(155)) - Scanned deleted blocks log and got 0 delTX to process.
2019-09-21 03:49:02,631 [SCMBlockDeletingService#0] DEBUG block.SCMBlockDeletingService (SCMBlockDeletingService.java:call(138)) - Running DeletedBlockTransactionScanner
2019-09-21 03:49:02,631 [SCMBlockDeletingService#0] DEBUG block.SCMBlockDeletingService (SCMBlockDeletingService.java:call(155)) - Scanned deleted blocks log and got 0 delTX to process.
2019-09-21 03:49:02,732 [SCMBlockDeletingService#0] DEBUG block.SCMBlockDeletingService (SCMBlockDeletingService.java:call(138)) - Running DeletedBlockTransactionScanner
2019-09-21 03:49:02,732 [SCMBlockDeletingService#0] DEBUG block.SCMBlockDeletingService (SCMBlockDeletingService.java:call(155)) - Scanned deleted blocks log and got 0 delTX to process.
2019-09-21 03:49:02,832 [SCMBlockDeletingService#0] DEBUG block.SCMBlockDeletingService (SCMBlockDeletingService.java:call(138)) - Running DeletedBlockTransactionScanner
2019-09-21 03:49:02,833 [SCMBlockDeletingService#0] DEBUG block.SCMBlockDeletingService (SCMBlockDeletingService.java:call(155)) - Scanned deleted blocks log and got 0 delTX to process.
2019-09-21 03:49:02,933 [SCMBlockDeletingService#0] DEBUG block.SCMBlockDeletingService (SCMBlockDeletingService.java:call(138)) - Running DeletedBlockTransactionScanner
2019-09-21 03:49:02,934 [SCMBlockDeletingService#0] DEBUG block.SCMBlockDeletingService (SCMBlockDeletingService.java:call(155)) - Scanned deleted blocks log and got 0 delTX to process.
2019-09-21 03:49:03,034 [SCMBlockDeletingService#0] DEBUG block.SCMBlockDeletingService (SCMBlockDeletingService.java:call(138)) - Running DeletedBlockTransactionScanner
2019-09-21 03:49:03,034 [SCMBlockDeletingService#0] DEBUG block.SCMBlockDeletingService (SCMBlockDeletingService.java:call(155)) - Scanned deleted blocks log and got 0 delTX to process.
2019-09-21 03:49:03,135 [SCMBlockDeletingService#1] DEBUG block.SCMBlockDeletingService (SCMBlockDeletingService.java:call(138)) - Running DeletedBlockTransactionScanner
2019-09-21 03:49:03,135 [SCMBlockDeletingService#1] DEBUG block.SCMBlockDeletingService (SCMBlockDeletingService.java:call(155)) - Scanned deleted blocks log and got 0 delTX to process.
2019-09-21 03:49:03,235 [SCMBlockDeletingService#1] DEBUG block.SCMBlockDeletingService (SCMBlockDeletingService.java:call(138)) - Running DeletedBlockTransactionScanner
2019-09-21 03:49:03,236 [SCMBlockDeletingService#1] DEBUG block.SCMBlockDeletingService (SCMBlockDeletingService.java:call(155)) - Scanned deleted blocks log and got 0 delTX to process.
2019-09-21 03:49:03,336 [SCMBlockDeletingService#1] DEBUG block.SCMBlockDeletingService (SCMBlockDeletingService.java:call(138)) - Running DeletedBlockTransactionScanner
2019-09-21 03:49:03,337 [SCMBlockDeletingService#1] DEBUG block.SCMBlockDeletingService (SCMBlockDeletingService.java:call(155)) - Scanned deleted blocks log and got 0 delTX to process.
2019-09-21 03:49:03,437 [SCMBlockDeletingService#1] DEBUG block.SCMBlockDeletingService (SCMBlockDeletingService.java:call(138)) - Running DeletedBlockTransactionScanner
2019-09-21 03:49:03,437 [SCMBlockDeletingService#1] DEBUG block.SCMBlockDeletingService (SCMBlockDeletingService.java:call(155)) - Scanned deleted blocks log and got 0 delTX to process.
2019-09-21 03:49:03,538 [SCMBlockDeletingService#1] DEBUG block.SCMBlockDeletingService (SCMBlockDeletingService.java:call(138)) - Running DeletedBlockTransactionScanner
2019-09-21 03:49:03,538 [SCMBlockDeletingService#1] DEBUG block.SCMBlockDeletingService (SCMBlockDeletingService.java:call(155)) - Scanned deleted blocks log and got 0 delTX to process.
2019-09-21 03:49:03,638 [SCMBlockDeletingService#1] DEBUG block.SCMBlockDeletingService (SCMBlockDeletingService.java:call(138)) - Running DeletedBlockTransactionScanner
2019-09-21 03:49:03,639 [SCMBlockDeletingService#1] DEBUG block.SCMBlockDeletingService (SCMBlockDeletingService.java:call(155)) - Scanned deleted blocks log and got 0 delTX to process.
2019-09-21 03:49:03,739 [SCMBlockDeletingService#1] DEBUG block.SCMBlockDeletingService (SCMBlockDeletingService.java:call(138)) - Running DeletedBlockTransactionScanner
2019-09-21 03:49:03,739 [SCMBlockDeletingService#1] DEBUG block.SCMBlockDeletingService (SCMBlockDeletingService.java:call(155)) - Scanned deleted blocks log and got 0 delTX to process.
2019-09-21 03:49:03,840 [SCMBlockDeletingService#1] DEBUG block.SCMBlockDeletingService (SCMBlockDeletingService.java:call(138)) - Running DeletedBlockTransactionScanner
2019-09-21 03:49:03,840 [SCMBlockDeletingService#1] DEBUG block.SCMBlockDeletingService (SCMBlockDeletingService.java:call(155)) - Scanned deleted blocks log and got 0 delTX to process.
2019-09-21 03:49:03,940 [SCMBlockDeletingService#1] DEBUG block.SCMBlockDeletingService (SCMBlockDeletingService.java:call(138)) - Running DeletedBlockTransactionScanner
2019-09-21 03:49:03,940 [SCMBlockDeletingService#1] DEBUG block.SCMBlockDeletingService (SCMBlockDeletingService.java:call(155)) - Scanned deleted blocks log and got 0 delTX to process.
2019-09-21 03:49:04,041 [SCMBlockDeletingService#1] DEBUG block.SCMBlockDeletingService (SCMBlockDeletingService.java:call(138)) - Running DeletedBlockTransactionScanner
2019-09-21 03:49:04,041 [SCMBlockDeletingService#1] DEBUG block.SCMBlockDeletingService (SCMBlockDeletingService.java:call(155)) - Scanned deleted blocks log and got 0 delTX to process.
2019-09-21 03:49:04,141 [SCMBlockDeletingService#1] DEBUG block.SCMBlockDeletingService (SCMBlockDeletingService.java:call(138)) - Running DeletedBlockTransactionScanner
2019-09-21 03:49:04,142 [SCMBlockDeletingService#1] DEBUG block.SCMBlockDeletingService (SCMBlockDeletingService.java:call(155)) - Scanned deleted blocks log and got 0 delTX to process.
2019-09-21 03:49:04,242 [SCMBlockDeletingService#1] DEBUG block.SCMBlockDeletingService (SCMBlockDeletingService.java:call(138)) - Running DeletedBlockTransactionScanner
2019-09-21 03:49:04,242 [SCMBlockDeletingService#1] DEBUG block.SCMBlockDeletingService (SCMBlockDeletingService.java:call(155)) - Scanned deleted blocks log and got 0 delTX to process.
2019-09-21 03:49:04,343 [SCMBlockDeletingService#1] DEBUG block.SCMBlockDeletingService (SCMBlockDeletingService.java:call(138)) - Running DeletedBlockTransactionScanner
2019-09-21 03:49:04,343 [SCMBlockDeletingService#1] DEBUG block.SCMBlockDeletingService (SCMBlockDeletingService.java:call(155)) - Scanned deleted blocks log and got 0 delTX to process.
2019-09-21 03:49:04,443 [SCMBlockDeletingService#1] DEBUG block.SCMBlockDeletingService (SCMBlockDeletingService.java:call(138)) - Running DeletedBlockTransactionScanner
2019-09-21 03:49:04,443 [SCMBlockDeletingService#1] DEBUG block.SCMBlockDeletingService (SCMBlockDeletingService.java:call(155)) - Scanned deleted blocks log and got 0 delTX to process.
2019-09-21 03:49:04,544 [SCMBlockDeletingService#1] DEBUG block.SCMBlockDeletingService (SCMBlockDeletingService.java:call(138)) - Running DeletedBlockTransactionScanner
2019-09-21 03:49:04,544 [SCMBlockDeletingService#1] DEBUG block.SCMBlockDeletingService (SCMBlockDeletingService.java:call(155)) - Scanned deleted blocks log and got 0 delTX to process.
2019-09-21 03:49:04,645 [SCMBlockDeletingService#1] DEBUG block.SCMBlockDeletingService (SCMBlockDeletingService.java:call(138)) - Running DeletedBlockTransactionScanner
2019-09-21 03:49:04,645 [SCMBlockDeletingService#1] DEBUG block.SCMBlockDeletingService (SCMBlockDeletingService.java:call(155)) - Scanned deleted blocks log and got 0 delTX to process.
2019-09-21 03:49:04,745 [SCMBlockDeletingService#1] DEBUG block.SCMBlockDeletingService (SCMBlockDeletingService.java:call(138)) - Running DeletedBlockTransactionScanner
2019-09-21 03:49:04,745 [SCMBlockDeletingService#1] DEBUG block.SCMBlockDeletingService (SCMBlockDeletingService.java:call(155)) - Scanned deleted blocks log and got 0 delTX to process.
2019-09-21 03:49:04,846 [SCMBlockDeletingService#1] DEBUG block.SCMBlockDeletingService (SCMBlockDeletingService.java:call(138)) - Running DeletedBlockTransactionScanner
2019-09-21 03:49:04,846 [SCMBlockDeletingService#1] DEBUG block.SCMBlockDeletingService (SCMBlockDeletingService.java:call(155)) - Scanned deleted blocks log and got 0 delTX to process.
2019-09-21 03:49:04,946 [SCMBlockDeletingService#1] DEBUG block.SCMBlockDeletingService (SCMBlockDeletingService.java:call(138)) - Running DeletedBlockTransactionScanner
2019-09-21 03:49:04,947 [SCMBlockDeletingService#1] DEBUG block.SCMBlockDeletingService (SCMBlockDeletingService.java:call(155)) - Scanned deleted blocks log and got 0 delTX to process.
2019-09-21 03:49:05,047 [SCMBlockDeletingService#1] DEBUG block.SCMBlockDeletingService (SCMBlockDeletingService.java:call(138)) - Running DeletedBlockTransactionScanner
2019-09-21 03:49:05,047 [SCMBlockDeletingService#1] DEBUG block.SCMBlockDeletingService (SCMBlockDeletingService.java:call(155)) - Scanned deleted blocks log and got 0 delTX to process.
2019-09-21 03:49:05,148 [SCMBlockDeletingService#1] DEBUG block.SCMBlockDeletingService (SCMBlockDeletingService.java:call(138)) - Running DeletedBlockTransactionScanner
2019-09-21 03:49:05,148 [SCMBlockDeletingService#1] DEBUG block.SCMBlockDeletingService (SCMBlockDeletingService.java:call(155)) - Scanned deleted blocks log and got 0 delTX to process.
2019-09-21 03:49:05,248 [SCMBlockDeletingService#1] DEBUG block.SCMBlockDeletingService (SCMBlockDeletingService.java:call(138)) - Running DeletedBlockTransactionScanner
2019-09-21 03:49:05,249 [SCMBlockDeletingService#1] DEBUG block.SCMBlockDeletingService (SCMBlockDeletingService.java:call(155)) - Scanned deleted blocks log and got 0 delTX to process.
2019-09-21 03:49:05,349 [SCMBlockDeletingService#1] DEBUG block.SCMBlockDeletingService (SCMBlockDeletingService.java:call(138)) - Running DeletedBlockTransactionScanner
2019-09-21 03:49:05,349 [SCMBlockDeletingService#1] DEBUG block.SCMBlockDeletingService (SCMBlockDeletingService.java:call(155)) - Scanned deleted blocks log and got 0 delTX to process.
2019-09-21 03:49:05,449 [SCMBlockDeletingService#1] DEBUG block.SCMBlockDeletingService (SCMBlockDeletingService.java:call(138)) - Running DeletedBlockTransactionScanner
2019-09-21 03:49:05,450 [SCMBlockDeletingService#1] DEBUG block.SCMBlockDeletingService (SCMBlockDeletingService.java:call(155)) - Scanned deleted blocks log and got 0 delTX to process.
2019-09-21 03:49:05,550 [SCMBlockDeletingService#1] DEBUG block.SCMBlockDeletingService (SCMBlockDeletingService.java:call(138)) - Running DeletedBlockTransactionScanner
2019-09-21 03:49:05,550 [SCMBlockDeletingService#1] DEBUG block.SCMBlockDeletingService (SCMBlockDeletingService.java:call(155)) - Scanned deleted blocks log and got 0 delTX to process.
2019-09-21 03:49:05,651 [SCMBlockDeletingService#1] DEBUG block.SCMBlockDeletingService (SCMBlockDeletingService.java:call(138)) - Running DeletedBlockTransactionScanner
2019-09-21 03:49:05,651 [SCMBlockDeletingService#1] DEBUG block.SCMBlockDeletingService (SCMBlockDeletingService.java:call(155)) - Scanned deleted blocks log and got 0 delTX to process.
2019-09-21 03:49:05,751 [SCMBlockDeletingService#1] DEBUG block.SCMBlockDeletingService (SCMBlockDeletingService.java:call(138)) - Running DeletedBlockTransactionScanner
2019-09-21 03:49:05,752 [SCMBlockDeletingService#1] DEBUG block.SCMBlockDeletingService (SCMBlockDeletingService.java:call(155)) - Scanned deleted blocks log and got 0 delTX to process.
2019-09-21 03:49:05,852 [SCMBlockDeletingService#1] DEBUG block.SCMBlockDeletingService (SCMBlockDeletingService.java:call(138)) - Running DeletedBlockTransactionScanner
2019-09-21 03:49:05,852 [SCMBlockDeletingService#1] DEBUG block.SCMBlockDeletingService (SCMBlockDeletingService.java:call(155)) - Scanned deleted blocks log and got 0 delTX to process.
2019-09-21 03:49:05,953 [SCMBlockDeletingService#1] DEBUG block.SCMBlockDeletingService (SCMBlockDeletingService.java:call(138)) - Running DeletedBlockTransactionScanner
2019-09-21 03:49:05,953 [SCMBlockDeletingService#1] DEBUG block.SCMBlockDeletingService (SCMBlockDeletingService.java:call(155)) - Scanned deleted blocks log and got 0 delTX to process.
2019-09-21 03:49:06,053 [SCMBlockDeletingService#1] DEBUG block.SCMBlockDeletingService (SCMBlockDeletingService.java:call(138)) - Running DeletedBlockTransactionScanner
2019-09-21 03:49:06,053 [SCMBlockDeletingService#1] DEBUG block.SCMBlockDeletingService (SCMBlockDeletingService.java:call(155)) - Scanned deleted blocks log and got 0 delTX to process.
2019-09-21 03:49:06,154 [SCMBlockDeletingService#1] DEBUG block.SCMBlockDeletingService (SCMBlockDeletingService.java:call(138)) - Running DeletedBlockTransactionScanner
2019-09-21 03:49:06,154 [SCMBlockDeletingService#1] DEBUG block.SCMBlockDeletingService (SCMBlockDeletingService.java:call(155)) - Scanned deleted blocks log and got 0 delTX to process.
2019-09-21 03:49:06,254 [SCMBlockDeletingService#1] DEBUG block.SCMBlockDeletingService (SCMBlockDeletingService.java:call(138)) - Running DeletedBlockTransactionScanner
2019-09-21 03:49:06,255 [SCMBlockDeletingService#1] DEBUG block.SCMBlockDeletingService (SCMBlockDeletingService.java:call(155)) - Scanned deleted blocks log and got 0 delTX to process.
2019-09-21 03:49:06,355 [SCMBlockDeletingService#1] DEBUG block.SCMBlockDeletingService (SCMBlockDeletingService.java:call(138)) - Running DeletedBlockTransactionScanner
2019-09-21 03:49:06,356 [SCMBlockDeletingService#1] DEBUG block.SCMBlockDeletingService (SCMBlockDeletingService.java:call(155)) - Scanned deleted blocks log and got 0 delTX to process.
2019-09-21 03:49:06,456 [SCMBlockDeletingService#1] DEBUG block.SCMBlockDeletingService (SCMBlockDeletingService.java:call(138)) - Running DeletedBlockTransactionScanner
2019-09-21 03:49:06,456 [SCMBlockDeletingService#1] DEBUG block.SCMBlockDeletingService (SCMBlockDeletingService.java:call(155)) - Scanned deleted blocks log and got 0 delTX to process.
2019-09-21 03:49:06,557 [SCMBlockDeletingService#1] DEBUG block.SCMBlockDeletingService (SCMBlockDeletingService.java:call(138)) - Running DeletedBlockTransactionScanner
2019-09-21 03:49:06,557 [SCMBlockDeletingService#1] DEBUG block.SCMBlockDeletingService (SCMBlockDeletingService.java:call(155)) - Scanned deleted blocks log and got 0 delTX to process.
2019-09-21 03:49:06,657 [SCMBlockDeletingService#1] DEBUG block.SCMBlockDeletingService (SCMBlockDeletingService.java:call(138)) - Running DeletedBlockTransactionScanner
2019-09-21 03:49:06,658 [SCMBlockDeletingService#1] DEBUG block.SCMBlockDeletingService (SCMBlockDeletingService.java:call(155)) - Scanned deleted blocks log and got 0 delTX to process.
2019-09-21 03:49:06,758 [SCMBlockDeletingService#0] DEBUG block.SCMBlockDeletingService (SCMBlockDeletingService.java:call(138)) - Running DeletedBlockTransactionScanner
2019-09-21 03:49:06,758 [SCMBlockDeletingService#0] DEBUG block.SCMBlockDeletingService (SCMBlockDeletingService.java:call(155)) - Scanned deleted blocks log and got 0 delTX to process.
2019-09-21 03:49:06,859 [SCMBlockDeletingService#0] DEBUG block.SCMBlockDeletingService (SCMBlockDeletingService.java:call(138)) - Running DeletedBlockTransactionScanner
2019-09-21 03:49:06,859 [SCMBlockDeletingService#0] DEBUG block.SCMBlockDeletingService (SCMBlockDeletingService.java:call(155)) - Scanned deleted blocks log and got 0 delTX to process.
2019-09-21 03:49:06,959 [SCMBlockDeletingService#1] DEBUG block.SCMBlockDeletingService (SCMBlockDeletingService.java:call(138)) - Running DeletedBlockTransactionScanner
2019-09-21 03:49:06,960 [SCMBlockDeletingService#1] DEBUG block.SCMBlockDeletingService (SCMBlockDeletingService.java:call(155)) - Scanned deleted blocks log and got 0 delTX to process.
2019-09-21 03:49:07,060 [SCMBlockDeletingService#1] DEBUG block.SCMBlockDeletingService (SCMBlockDeletingService.java:call(138)) - Running DeletedBlockTransactionScanner
2019-09-21 03:49:07,060 [SCMBlockDeletingService#1] DEBUG block.SCMBlockDeletingService (SCMBlockDeletingService.java:call(155)) - Scanned deleted blocks log and got 0 delTX to process.
2019-09-21 03:49:07,161 [SCMBlockDeletingService#1] DEBUG block.SCMBlockDeletingService (SCMBlockDeletingService.java:call(138)) - Running DeletedBlockTransactionScanner
2019-09-21 03:49:07,161 [SCMBlockDeletingService#1] DEBUG block.SCMBlockDeletingService (SCMBlockDeletingService.java:call(155)) - Scanned deleted blocks log and got 0 delTX to process.
2019-09-21 03:49:07,262 [SCMBlockDeletingService#1] DEBUG block.SCMBlockDeletingService (SCMBlockDeletingService.java:call(138)) - Running DeletedBlockTransactionScanner
2019-09-21 03:49:07,262 [SCMBlockDeletingService#1] DEBUG block.SCMBlockDeletingService (SCMBlockDeletingService.java:call(155)) - Scanned deleted blocks log and got 0 delTX to process.
2019-09-21 03:49:07,362 [SCMBlockDeletingService#1] DEBUG block.SCMBlockDeletingService (SCMBlockDeletingService.java:call(138)) - Running DeletedBlockTransactionScanner
2019-09-21 03:49:07,362 [SCMBlockDeletingService#1] DEBUG block.SCMBlockDeletingService (SCMBlockDeletingService.java:call(155)) - Scanned deleted blocks log and got 0 delTX to process.
2019-09-21 03:49:07,463 [SCMBlockDeletingService#1] DEBUG block.SCMBlockDeletingService (SCMBlockDeletingService.java:call(138)) - Running DeletedBlockTransactionScanner
2019-09-21 03:49:07,463 [SCMBlockDeletingService#1] DEBUG block.SCMBlockDeletingService (SCMBlockDeletingService.java:call(155)) - Scanned deleted blocks log and got 0 delTX to process.
2019-09-21 03:49:07,643 [SCMBlockDeletingService#1] DEBUG block.SCMBlockDeletingService (SCMBlockDeletingService.java:call(138)) - Running DeletedBlockTransactionScanner
2019-09-21 03:49:07,643 [SCMBlockDeletingService#1] DEBUG block.SCMBlockDeletingService (SCMBlockDeletingService.java:call(155)) - Scanned deleted blocks log and got 0 delTX to process.
2019-09-21 03:49:07,743 [SCMBlockDeletingService#1] DEBUG block.SCMBlockDeletingService (SCMBlockDeletingService.java:call(138)) - Running DeletedBlockTransactionScanner
2019-09-21 03:49:07,744 [SCMBlockDeletingService#1] DEBUG block.SCMBlockDeletingService (SCMBlockDeletingService.java:call(155)) - Scanned deleted blocks log and got 0 delTX to process.
2019-09-21 03:49:07,844 [SCMBlockDeletingService#1] DEBUG block.SCMBlockDeletingService (SCMBlockDeletingService.java:call(138)) - Running DeletedBlockTransactionScanner
2019-09-21 03:49:07,845 [SCMBlockDeletingService#1] DEBUG block.SCMBlockDeletingService (SCMBlockDeletingService.java:call(155)) - Scanned deleted blocks log and got 0 delTX to process.
2019-09-21 03:49:07,945 [SCMBlockDeletingService#1] DEBUG block.SCMBlockDeletingService (SCMBlockDeletingService.java:call(138)) - Running DeletedBlockTransactionScanner
2019-09-21 03:49:07,945 [SCMBlockDeletingService#1] DEBUG block.SCMBlockDeletingService (SCMBlockDeletingService.java:call(155)) - Scanned deleted blocks log and got 0 delTX to process.
2019-09-21 03:49:08,046 [SCMBlockDeletingService#1] DEBUG block.SCMBlockDeletingService (SCMBlockDeletingService.java:call(138)) - Running DeletedBlockTransactionScanner
2019-09-21 03:49:08,046 [SCMBlockDeletingService#1] DEBUG block.SCMBlockDeletingService (SCMBlockDeletingService.java:call(155)) - Scanned deleted blocks log and got 0 delTX to process.
2019-09-21 03:49:08,147 [SCMBlockDeletingService#1] DEBUG block.SCMBlockDeletingService (SCMBlockDeletingService.java:call(138)) - Running DeletedBlockTransactionScanner
2019-09-21 03:49:08,147 [SCMBlockDeletingService#1] DEBUG block.SCMBlockDeletingService (SCMBlockDeletingService.java:call(155)) - Scanned deleted blocks log and got 0 delTX to process.
2019-09-21 03:49:08,247 [SCMBlockDeletingService#1] DEBUG block.SCMBlockDeletingService (SCMBlockDeletingService.java:call(138)) - Running DeletedBlockTransactionScanner
2019-09-21 03:49:08,248 [SCMBlockDeletingService#1] DEBUG block.SCMBlockDeletingService (SCMBlockDeletingService.java:call(155)) - Scanned deleted blocks log and got 0 delTX to process.
2019-09-21 03:49:08,348 [SCMBlockDeletingService#1] DEBUG block.SCMBlockDeletingService (SCMBlockDeletingService.java:call(138)) - Running DeletedBlockTransactionScanner
2019-09-21 03:49:08,349 [SCMBlockDeletingService#1] DEBUG block.SCMBlockDeletingService (SCMBlockDeletingService.java:call(155)) - Scanned deleted blocks log and got 0 delTX to process.
2019-09-21 03:49:08,449 [SCMBlockDeletingService#1] DEBUG block.SCMBlockDeletingService (SCMBlockDeletingService.java:call(138)) - Running DeletedBlockTransactionScanner
2019-09-21 03:49:08,449 [SCMBlockDeletingService#1] DEBUG block.SCMBlockDeletingService (SCMBlockDeletingService.java:call(155)) - Scanned deleted blocks log and got 0 delTX to process.
2019-09-21 03:49:08,550 [SCMBlockDeletingService#1] DEBUG block.SCMBlockDeletingService (SCMBlockDeletingService.java:call(138)) - Running DeletedBlockTransactionScanner
2019-09-21 03:49:08,550 [SCMBlockDeletingService#1] DEBUG block.SCMBlockDeletingService (SCMBlockDeletingService.java:call(155)) - Scanned deleted blocks log and got 0 delTX to process.
2019-09-21 03:49:08,650 [SCMBlockDeletingService#1] DEBUG block.SCMBlockDeletingService (SCMBlockDeletingService.java:call(138)) - Running DeletedBlockTransactionScanner
2019-09-21 03:49:08,651 [SCMBlockDeletingService#1] DEBUG block.SCMBlockDeletingService (SCMBlockDeletingService.java:call(155)) - Scanned deleted blocks log and got 0 delTX to process.
2019-09-21 03:49:08,751 [SCMBlockDeletingService#1] DEBUG block.SCMBlockDeletingService (SCMBlockDeletingService.java:call(138)) - Running DeletedBlockTransactionScanner
2019-09-21 03:49:08,751 [SCMBlockDeletingService#1] DEBUG block.SCMBlockDeletingService (SCMBlockDeletingService.java:call(155)) - Scanned deleted blocks log and got 0 delTX to process.
2019-09-21 03:49:08,852 [SCMBlockDeletingService#1] DEBUG block.SCMBlockDeletingService (SCMBlockDeletingService.java:call(138)) - Running DeletedBlockTransactionScanner
2019-09-21 03:49:08,852 [SCMBlockDeletingService#1] DEBUG block.SCMBlockDeletingService (SCMBlockDeletingService.java:call(155)) - Scanned deleted blocks log and got 0 delTX to process.
2019-09-21 03:49:08,952 [SCMBlockDeletingService#1] DEBUG block.SCMBlockDeletingService (SCMBlockDeletingService.java:call(138)) - Running DeletedBlockTransactionScanner
2019-09-21 03:49:08,952 [SCMBlockDeletingService#1] DEBUG block.SCMBlockDeletingService (SCMBlockDeletingService.java:call(155)) - Scanned deleted blocks log and got 0 delTX to process.
2019-09-21 03:49:09,053 [SCMBlockDeletingService#1] DEBUG block.SCMBlockDeletingService (SCMBlockDeletingService.java:call(138)) - Running DeletedBlockTransactionScanner
2019-09-21 03:49:09,053 [SCMBlockDeletingService#1] DEBUG block.SCMBlockDeletingService (SCMBlockDeletingService.java:call(155)) - Scanned deleted blocks log and got 0 delTX to process.
2019-09-21 03:49:09,153 [SCMBlockDeletingService#0] DEBUG block.SCMBlockDeletingService (SCMBlockDeletingService.java:call(138)) - Running DeletedBlockTransactionScanner
2019-09-21 03:49:09,154 [SCMBlockDeletingService#0] DEBUG block.SCMBlockDeletingService (SCMBlockDeletingService.java:call(155)) - Scanned deleted blocks log and got 0 delTX to process.
2019-09-21 03:49:09,308 [SCMBlockDeletingService#0] DEBUG block.SCMBlockDeletingService (SCMBlockDeletingService.java:call(138)) - Running DeletedBlockTransactionScanner
2019-09-21 03:49:09,309 [SCMBlockDeletingService#0] DEBUG block.SCMBlockDeletingService (SCMBlockDeletingService.java:call(155)) - Scanned deleted blocks log and got 0 delTX to process.
2019-09-21 03:49:09,409 [SCMBlockDeletingService#0] DEBUG block.SCMBlockDeletingService (SCMBlockDeletingService.java:call(138)) - Running DeletedBlockTransactionScanner
2019-09-21 03:49:09,409 [SCMBlockDeletingService#0] DEBUG block.SCMBlockDeletingService (SCMBlockDeletingService.java:call(155)) - Scanned deleted blocks log and got 0 delTX to process.
2019-09-21 03:49:09,509 [SCMBlockDeletingService#1] DEBUG block.SCMBlockDeletingService (SCMBlockDeletingService.java:call(138)) - Running DeletedBlockTransactionScanner
2019-09-21 03:49:09,510 [SCMBlockDeletingService#1] DEBUG block.SCMBlockDeletingService (SCMBlockDeletingService.java:call(155)) - Scanned deleted blocks log and got 0 delTX to process.
2019-09-21 03:49:09,610 [SCMBlockDeletingService#1] DEBUG block.SCMBlockDeletingService (SCMBlockDeletingService.java:call(138)) - Running DeletedBlockTransactionScanner
2019-09-21 03:49:09,610 [SCMBlockDeletingService#1] DEBUG block.SCMBlockDeletingService (SCMBlockDeletingService.java:call(155)) - Scanned deleted blocks log and got 0 delTX to process.
2019-09-21 03:49:09,711 [SCMBlockDeletingService#1] DEBUG block.SCMBlockDeletingService (SCMBlockDeletingService.java:call(138)) - Running DeletedBlockTransactionScanner
2019-09-21 03:49:09,711 [SCMBlockDeletingService#1] DEBUG block.SCMBlockDeletingService (SCMBlockDeletingService.java:call(155)) - Scanned deleted blocks log and got 0 delTX to process.
2019-09-21 03:49:09,811 [SCMBlockDeletingService#1] DEBUG block.SCMBlockDeletingService (SCMBlockDeletingService.java:call(138)) - Running DeletedBlockTransactionScanner
2019-09-21 03:49:09,812 [SCMBlockDeletingService#1] DEBUG block.SCMBlockDeletingService (SCMBlockDeletingService.java:call(155)) - Scanned deleted blocks log and got 0 delTX to process.
2019-09-21 03:49:09,912 [SCMBlockDeletingService#1] DEBUG block.SCMBlockDeletingService (SCMBlockDeletingService.java:call(138)) - Running DeletedBlockTransactionScanner
2019-09-21 03:49:09,913 [SCMBlockDeletingService#1] DEBUG block.SCMBlockDeletingService (SCMBlockDeletingService.java:call(155)) - Scanned deleted blocks log and got 0 delTX to process.
2019-09-21 03:49:10,013 [SCMBlockDeletingService#1] DEBUG block.SCMBlockDeletingService (SCMBlockDeletingService.java:call(138)) - Running DeletedBlockTransactionScanner
2019-09-21 03:49:10,013 [SCMBlockDeletingService#1] DEBUG block.SCMBlockDeletingService (SCMBlockDeletingService.java:call(155)) - Scanned deleted blocks log and got 0 delTX to process.
2019-09-21 03:49:10,114 [SCMBlockDeletingService#1] DEBUG block.SCMBlockDeletingService (SCMBlockDeletingService.java:call(138)) - Running DeletedBlockTransactionScanner
2019-09-21 03:49:10,114 [SCMBlockDeletingService#1] DEBUG block.SCMBlockDeletingService (SCMBlockDeletingService.java:call(155)) - Scanned deleted blocks log and got 0 delTX to process.
2019-09-21 03:49:10,215 [SCMBlockDeletingService#1] DEBUG block.SCMBlockDeletingService (SCMBlockDeletingService.java:call(138)) - Running DeletedBlockTransactionScanner
2019-09-21 03:49:10,215 [SCMBlockDeletingService#1] DEBUG block.SCMBlockDeletingService (SCMBlockDeletingService.java:call(155)) - Scanned deleted blocks log and got 0 delTX to process.
2019-09-21 03:49:10,315 [SCMBlockDeletingService#1] DEBUG block.SCMBlockDeletingService (SCMBlockDeletingService.java:call(138)) - Running DeletedBlockTransactionScanner
2019-09-21 03:49:10,316 [SCMBlockDeletingService#1] DEBUG block.SCMBlockDeletingService (SCMBlockDeletingService.java:call(155)) - Scanned deleted blocks log and got 0 delTX to process.
2019-09-21 03:49:10,416 [SCMBlockDeletingService#1] DEBUG block.SCMBlockDeletingService (SCMBlockDeletingService.java:call(138)) - Running DeletedBlockTransactionScanner
2019-09-21 03:49:10,416 [SCMBlockDeletingService#1] DEBUG block.SCMBlockDeletingService (SCMBlockDeletingService.java:call(155)) - Scanned deleted blocks log and got 0 delTX to process.
2019-09-21 03:49:10,517 [SCMBlockDeletingService#1] DEBUG block.SCMBlockDeletingService (SCMBlockDeletingService.java:call(138)) - Running DeletedBlockTransactionScanner
2019-09-21 03:49:10,517 [SCMBlockDeletingService#1] DEBUG block.SCMBlockDeletingService (SCMBlockDeletingService.java:call(155)) - Scanned deleted blocks log and got 0 delTX to process.
2019-09-21 03:49:10,617 [SCMBlockDeletingService#1] DEBUG block.SCMBlockDeletingService (SCMBlockDeletingService.java:call(138)) - Running DeletedBlockTransactionScanner
2019-09-21 03:49:10,618 [SCMBlockDeletingService#1] DEBUG block.SCMBlockDeletingService (SCMBlockDeletingService.java:call(155)) - Scanned deleted blocks log and got 0 delTX to process.
2019-09-21 03:49:10,718 [SCMBlockDeletingService#1] DEBUG block.SCMBlockDeletingService (SCMBlockDeletingService.java:call(138)) - Running DeletedBlockTransactionScanner
2019-09-21 03:49:10,719 [SCMBlockDeletingService#1] DEBUG block.SCMBlockDeletingService (SCMBlockDeletingService.java:call(155)) - Scanned deleted blocks log and got 0 delTX to process.
2019-09-21 03:49:10,819 [SCMBlockDeletingService#1] DEBUG block.SCMBlockDeletingService (SCMBlockDeletingService.java:call(138)) - Running DeletedBlockTransactionScanner
2019-09-21 03:49:10,819 [SCMBlockDeletingService#1] DEBUG block.SCMBlockDeletingService (SCMBlockDeletingService.java:call(155)) - Scanned deleted blocks log and got 0 delTX to process.
2019-09-21 03:49:10,994 [SCMBlockDeletingService#1] DEBUG block.SCMBlockDeletingService (SCMBlockDeletingService.java:call(138)) - Running DeletedBlockTransactionScanner
2019-09-21 03:49:10,995 [SCMBlockDeletingService#1] DEBUG block.SCMBlockDeletingService (SCMBlockDeletingService.java:call(155)) - Scanned deleted blocks log and got 0 delTX to process.
2019-09-21 03:49:11,095 [SCMBlockDeletingService#1] DEBUG block.SCMBlockDeletingService (SCMBlockDeletingService.java:call(138)) - Running DeletedBlockTransactionScanner
2019-09-21 03:49:11,095 [SCMBlockDeletingService#1] DEBUG block.SCMBlockDeletingService (SCMBlockDeletingService.java:call(155)) - Scanned deleted blocks log and got 0 delTX to process.
2019-09-21 03:49:11,196 [SCMBlockDeletingService#1] DEBUG block.SCMBlockDeletingService (SCMBlockDeletingService.java:call(138)) - Running DeletedBlockTransactionScanner
2019-09-21 03:49:11,196 [SCMBlockDeletingService#1] DEBUG block.SCMBlockDeletingService (SCMBlockDeletingService.java:call(155)) - Scanned deleted blocks log and got 0 delTX to process.
2019-09-21 03:49:11,296 [SCMBlockDeletingService#0] DEBUG block.SCMBlockDeletingService (SCMBlockDeletingService.java:call(138)) - Running DeletedBlockTransactionScanner
2019-09-21 03:49:11,297 [SCMBlockDeletingService#0] DEBUG block.SCMBlockDeletingService (SCMBlockDeletingService.java:call(155)) - Scanned deleted blocks log and got 0 delTX to process.
2019-09-21 03:49:11,397 [SCMBlockDeletingService#0] DEBUG block.SCMBlockDeletingService (SCMBlockDeletingService.java:call(138)) - Running DeletedBlockTransactionScanner
2019-09-21 03:49:11,397 [SCMBlockDeletingService#0] DEBUG block.SCMBlockDeletingService (SCMBlockDeletingService.java:call(155)) - Scanned deleted blocks log and got 0 delTX to process.
2019-09-21 03:49:11,497 [SCMBlockDeletingService#0] DEBUG block.SCMBlockDeletingService (SCMBlockDeletingService.java:call(138)) - Running DeletedBlockTransactionScanner
2019-09-21 03:49:11,498 [SCMBlockDeletingService#0] DEBUG block.SCMBlockDeletingService (SCMBlockDeletingService.java:call(155)) - Scanned deleted blocks log and got 0 delTX to process.
2019-09-21 03:49:11,598 [SCMBlockDeletingService#0] DEBUG block.SCMBlockDeletingService (SCMBlockDeletingService.java:call(138)) - Running DeletedBlockTransactionScanner
2019-09-21 03:49:11,598 [SCMBlockDeletingService#0] DEBUG block.SCMBlockDeletingService (SCMBlockDeletingService.java:call(155)) - Scanned deleted blocks log and got 0 delTX to process.
2019-09-21 03:49:11,699 [SCMBlockDeletingService#0] DEBUG block.SCMBlockDeletingService (SCMBlockDeletingService.java:call(138)) - Running DeletedBlockTransactionScanner
2019-09-21 03:49:11,699 [SCMBlockDeletingService#0] DEBUG block.SCMBlockDeletingService (SCMBlockDeletingService.java:call(155)) - Scanned deleted blocks log and got 0 delTX to process.
2019-09-21 03:49:11,799 [SCMBlockDeletingService#0] DEBUG block.SCMBlockDeletingService (SCMBlockDeletingService.java:call(138)) - Running DeletedBlockTransactionScanner
2019-09-21 03:49:11,800 [SCMBlockDeletingService#0] DEBUG block.SCMBlockDeletingService (SCMBlockDeletingService.java:call(155)) - Scanned deleted blocks log and got 0 delTX to process.
2019-09-21 03:49:11,900 [SCMBlockDeletingService#0] DEBUG block.SCMBlockDeletingService (SCMBlockDeletingService.java:call(138)) - Running DeletedBlockTransactionScanner
2019-09-21 03:49:11,900 [SCMBlockDeletingService#0] DEBUG block.SCMBlockDeletingService (SCMBlockDeletingService.java:call(155)) - Scanned deleted blocks log and got 0 delTX to process.
2019-09-21 03:49:12,001 [SCMBlockDeletingService#0] DEBUG block.SCMBlockDeletingService (SCMBlockDeletingService.java:call(138)) - Running DeletedBlockTransactionScanner
2019-09-21 03:49:12,001 [SCMBlockDeletingService#0] DEBUG block.SCMBlockDeletingService (SCMBlockDeletingService.java:call(155)) - Scanned deleted blocks log and got 0 delTX to process.
2019-09-21 03:49:12,101 [SCMBlockDeletingService#0] DEBUG block.SCMBlockDeletingService (SCMBlockDeletingService.java:call(138)) - Running DeletedBlockTransactionScanner
2019-09-21 03:49:12,102 [SCMBlockDeletingService#0] DEBUG block.SCMBlockDeletingService (SCMBlockDeletingService.java:call(155)) - Scanned deleted blocks log and got 0 delTX to process.
2019-09-21 03:49:12,202 [SCMBlockDeletingService#0] DEBUG block.SCMBlockDeletingService (SCMBlockDeletingService.java:call(138)) - Running DeletedBlockTransactionScanner
2019-09-21 03:49:12,202 [SCMBlockDeletingService#0] DEBUG block.SCMBlockDeletingService (SCMBlockDeletingService.java:call(155)) - Scanned deleted blocks log and got 0 delTX to process.
2019-09-21 03:49:12,303 [SCMBlockDeletingService#0] DEBUG block.SCMBlockDeletingService (SCMBlockDeletingService.java:call(138)) - Running DeletedBlockTransactionScanner
2019-09-21 03:49:12,303 [SCMBlockDeletingService#0] DEBUG block.SCMBlockDeletingService (SCMBlockDeletingService.java:call(155)) - Scanned deleted blocks log and got 0 delTX to process.
2019-09-21 03:49:12,403 [SCMBlockDeletingService#0] DEBUG block.SCMBlockDeletingService (SCMBlockDeletingService.java:call(138)) - Running DeletedBlockTransactionScanner
2019-09-21 03:49:12,403 [SCMBlockDeletingService#0] DEBUG block.SCMBlockDeletingService (SCMBlockDeletingService.java:call(155)) - Scanned deleted blocks log and got 0 delTX to process.
2019-09-21 03:49:12,590 [SCMBlockDeletingService#0] DEBUG block.SCMBlockDeletingService (SCMBlockDeletingService.java:call(138)) - Running DeletedBlockTransactionScanner
2019-09-21 03:49:12,590 [SCMBlockDeletingService#0] DEBUG block.SCMBlockDeletingService (SCMBlockDeletingService.java:call(155)) - Scanned deleted blocks log and got 0 delTX to process.
2019-09-21 03:49:12,691 [SCMBlockDeletingService#0] DEBUG block.SCMBlockDeletingService (SCMBlockDeletingService.java:call(138)) - Running DeletedBlockTransactionScanner
2019-09-21 03:49:12,691 [SCMBlockDeletingService#0] DEBUG block.SCMBlockDeletingService (SCMBlockDeletingService.java:call(155)) - Scanned deleted blocks log and got 0 delTX to process.
2019-09-21 03:49:12,791 [SCMBlockDeletingService#0] DEBUG block.SCMBlockDeletingService (SCMBlockDeletingService.java:call(138)) - Running DeletedBlockTransactionScanner
2019-09-21 03:49:12,792 [SCMBlockDeletingService#0] DEBUG block.SCMBlockDeletingService (SCMBlockDeletingService.java:call(155)) - Scanned deleted blocks log and got 0 delTX to process.
2019-09-21 03:49:12,892 [SCMBlockDeletingService#0] DEBUG block.SCMBlockDeletingService (SCMBlockDeletingService.java:call(138)) - Running DeletedBlockTransactionScanner
2019-09-21 03:49:12,893 [SCMBlockDeletingService#0] DEBUG block.SCMBlockDeletingService (SCMBlockDeletingService.java:call(155)) - Scanned deleted blocks log and got 0 delTX to process.
2019-09-21 03:49:12,993 [SCMBlockDeletingService#0] DEBUG block.SCMBlockDeletingService (SCMBlockDeletingService.java:call(138)) - Running DeletedBlockTransactionScanner
2019-09-21 03:49:12,993 [SCMBlockDeletingService#0] DEBUG block.SCMBlockDeletingService (SCMBlockDeletingService.java:call(155)) - Scanned deleted blocks log and got 0 delTX to process.
2019-09-21 03:49:13,094 [SCMBlockDeletingService#0] DEBUG block.SCMBlockDeletingService (SCMBlockDeletingService.java:call(138)) - Running DeletedBlockTransactionScanner
2019-09-21 03:49:13,094 [SCMBlockDeletingService#0] DEBUG block.SCMBlockDeletingService (SCMBlockDeletingService.java:call(155)) - Scanned deleted blocks log and got 0 delTX to process.
2019-09-21 03:49:13,194 [SCMBlockDeletingService#0] DEBUG block.SCMBlockDeletingService (SCMBlockDeletingService.java:call(138)) - Running DeletedBlockTransactionScanner
2019-09-21 03:49:13,195 [SCMBlockDeletingService#0] DEBUG block.SCMBlockDeletingService (SCMBlockDeletingService.java:call(155)) - Scanned deleted blocks log and got 0 delTX to process.
2019-09-21 03:49:13,295 [SCMBlockDeletingService#0] DEBUG block.SCMBlockDeletingService (SCMBlockDeletingService.java:call(138)) - Running DeletedBlockTransactionScanner
2019-09-21 03:49:13,295 [SCMBlockDeletingService#0] DEBUG block.SCMBlockDeletingService (SCMBlockDeletingService.java:call(155)) - Scanned deleted blocks log and got 0 delTX to process.
2019-09-21 03:49:13,396 [SCMBlockDeletingService#0] DEBUG block.SCMBlockDeletingService (SCMBlockDeletingService.java:call(138)) - Running DeletedBlockTransactionScanner
2019-09-21 03:49:13,396 [SCMBlockDeletingService#0] DEBUG block.SCMBlockDeletingService (SCMBlockDeletingService.java:call(155)) - Scanned deleted blocks log and got 0 delTX to process.
2019-09-21 03:49:13,496 [SCMBlockDeletingService#0] DEBUG block.SCMBlockDeletingService (SCMBlockDeletingService.java:call(138)) - Running DeletedBlockTransactionScanner
2019-09-21 03:49:13,497 [SCMBlockDeletingService#0] DEBUG block.SCMBlockDeletingService (SCMBlockDeletingService.java:call(155)) - Scanned deleted blocks log and got 0 delTX to process.
2019-09-21 03:49:13,598 [SCMBlockDeletingService#0] DEBUG block.SCMBlockDeletingService (SCMBlockDeletingService.java:call(138)) - Running DeletedBlockTransactionScanner
2019-09-21 03:49:13,598 [SCMBlockDeletingService#0] DEBUG block.SCMBlockDeletingService (SCMBlockDeletingService.java:call(155)) - Scanned deleted blocks log and got 0 delTX to process.
2019-09-21 03:49:13,698 [SCMBlockDeletingService#0] DEBUG block.SCMBlockDeletingService (SCMBlockDeletingService.java:call(138)) - Running DeletedBlockTransactionScanner
2019-09-21 03:49:13,699 [SCMBlockDeletingService#0] DEBUG block.SCMBlockDeletingService (SCMBlockDeletingService.java:call(155)) - Scanned deleted blocks log and got 0 delTX to process.
2019-09-21 03:49:13,799 [SCMBlockDeletingService#0] DEBUG block.SCMBlockDeletingService (SCMBlockDeletingService.java:call(138)) - Running DeletedBlockTransactionScanner
2019-09-21 03:49:13,799 [SCMBlockDeletingService#0] DEBUG block.SCMBlockDeletingService (SCMBlockDeletingService.java:call(155)) - Scanned deleted blocks log and got 0 delTX to process.
2019-09-21 03:49:13,900 [SCMBlockDeletingService#0] DEBUG block.SCMBlockDeletingService (SCMBlockDeletingService.java:call(138)) - Running DeletedBlockTransactionScanner
2019-09-21 03:49:13,900 [SCMBlockDeletingService#0] DEBUG block.SCMBlockDeletingService (SCMBlockDeletingService.java:call(155)) - Scanned deleted blocks log and got 0 delTX to process.
2019-09-21 03:49:14,000 [SCMBlockDeletingService#0] DEBUG block.SCMBlockDeletingService (SCMBlockDeletingService.java:call(138)) - Running DeletedBlockTransactionScanner
2019-09-21 03:49:14,000 [SCMBlockDeletingService#0] DEBUG block.SCMBlockDeletingService (SCMBlockDeletingService.java:call(155)) - Scanned deleted blocks log and got 0 delTX to process.
2019-09-21 03:49:14,101 [SCMBlockDeletingService#0] DEBUG block.SCMBlockDeletingService (SCMBlockDeletingService.java:call(138)) - Running DeletedBlockTransactionScanner
2019-09-21 03:49:14,101 [SCMBlockDeletingService#0] DEBUG block.SCMBlockDeletingService (SCMBlockDeletingService.java:call(155)) - Scanned deleted blocks log and got 0 delTX to process.
2019-09-21 03:49:14,201 [SCMBlockDeletingService#0] DEBUG block.SCMBlockDeletingService (SCMBlockDeletingService.java:call(138)) - Running DeletedBlockTransactionScanner
2019-09-21 03:49:14,202 [SCMBlockDeletingService#0] DEBUG block.SCMBlockDeletingService (SCMBlockDeletingService.java:call(155)) - Scanned deleted blocks log and got 0 delTX to process.
2019-09-21 03:49:14,467 [SCMBlockDeletingService#0] DEBUG block.SCMBlockDeletingService (SCMBlockDeletingService.java:call(138)) - Running DeletedBlockTransactionScanner
2019-09-21 03:49:14,468 [SCMBlockDeletingService#0] DEBUG block.SCMBlockDeletingService (SCMBlockDeletingService.java:call(155)) - Scanned deleted blocks log and got 0 delTX to process.
2019-09-21 03:49:14,568 [SCMBlockDeletingService#0] DEBUG block.SCMBlockDeletingService (SCMBlockDeletingService.java:call(138)) - Running DeletedBlockTransactionScanner
2019-09-21 03:49:14,568 [SCMBlockDeletingService#0] DEBUG block.SCMBlockDeletingService (SCMBlockDeletingService.java:call(155)) - Scanned deleted blocks log and got 0 delTX to process.
2019-09-21 03:49:14,669 [SCMBlockDeletingService#0] DEBUG block.SCMBlockDeletingService (SCMBlockDeletingService.java:call(138)) - Running DeletedBlockTransactionScanner
2019-09-21 03:49:14,669 [SCMBlockDeletingService#0] DEBUG block.SCMBlockDeletingService (SCMBlockDeletingService.java:call(155)) - Scanned deleted blocks log and got 0 delTX to process.
2019-09-21 03:49:14,769 [SCMBlockDeletingService#0] DEBUG block.SCMBlockDeletingService (SCMBlockDeletingService.java:call(138)) - Running DeletedBlockTransactionScanner
2019-09-21 03:49:14,770 [SCMBlockDeletingService#0] DEBUG block.SCMBlockDeletingService (SCMBlockDeletingService.java:call(155)) - Scanned deleted blocks log and got 0 delTX to process.
2019-09-21 03:49:14,870 [SCMBlockDeletingService#0] DEBUG block.SCMBlockDeletingService (SCMBlockDeletingService.java:call(138)) - Running DeletedBlockTransactionScanner
2019-09-21 03:49:14,870 [SCMBlockDeletingService#0] DEBUG block.SCMBlockDeletingService (SCMBlockDeletingService.java:call(155)) - Scanned deleted blocks log and got 0 delTX to process.
2019-09-21 03:49:14,970 [SCMBlockDeletingService#1] DEBUG block.SCMBlockDeletingService (SCMBlockDeletingService.java:call(138)) - Running DeletedBlockTransactionScanner
2019-09-21 03:49:14,971 [SCMBlockDeletingService#1] DEBUG block.SCMBlockDeletingService (SCMBlockDeletingService.java:call(155)) - Scanned deleted blocks log and got 0 delTX to process.
2019-09-21 03:49:15,071 [SCMBlockDeletingService#1] DEBUG block.SCMBlockDeletingService (SCMBlockDeletingService.java:call(138)) - Running DeletedBlockTransactionScanner
2019-09-21 03:49:15,071 [SCMBlockDeletingService#1] DEBUG block.SCMBlockDeletingService (SCMBlockDeletingService.java:call(155)) - Scanned deleted blocks log and got 0 delTX to process.
2019-09-21 03:49:15,171 [SCMBlockDeletingService#1] DEBUG block.SCMBlockDeletingService (SCMBlockDeletingService.java:call(138)) - Running DeletedBlockTransactionScanner
2019-09-21 03:49:15,172 [SCMBlockDeletingService#1] DEBUG block.SCMBlockDeletingService (SCMBlockDeletingService.java:call(155)) - Scanned deleted blocks log and got 0 delTX to process.
2019-09-21 03:49:15,272 [SCMBlockDeletingService#1] DEBUG block.SCMBlockDeletingService (SCMBlockDeletingService.java:call(138)) - Running DeletedBlockTransactionScanner
2019-09-21 03:49:15,272 [SCMBlockDeletingService#1] DEBUG block.SCMBlockDeletingService (SCMBlockDeletingService.java:call(155)) - Scanned deleted blocks log and got 0 delTX to process.
2019-09-21 03:49:15,372 [SCMBlockDeletingService#1] DEBUG block.SCMBlockDeletingService (SCMBlockDeletingService.java:call(138)) - Running DeletedBlockTransactionScanner
2019-09-21 03:49:15,373 [SCMBlockDeletingService#1] DEBUG block.SCMBlockDeletingService (SCMBlockDeletingService.java:call(155)) - Scanned deleted blocks log and got 0 delTX to process.
2019-09-21 03:49:15,519 [SCMBlockDeletingService#1] DEBUG block.SCMBlockDeletingService (SCMBlockDeletingService.java:call(138)) - Running DeletedBlockTransactionScanner
2019-09-21 03:49:15,520 [SCMBlockDeletingService#1] DEBUG block.SCMBlockDeletingService (SCMBlockDeletingService.java:call(155)) - Scanned deleted blocks log and got 0 delTX to process.
2019-09-21 03:49:15,620 [SCMBlockDeletingService#1] DEBUG block.SCMBlockDeletingService (SCMBlockDeletingService.java:call(138)) - Running DeletedBlockTransactionScanner
2019-09-21 03:49:15,620 [SCMBlockDeletingService#1] DEBUG block.SCMBlockDeletingService (SCMBlockDeletingService.java:call(155)) - Scanned deleted blocks log and got 0 delTX to process.
2019-09-21 03:49:15,721 [SCMBlockDeletingService#1] DEBUG block.SCMBlockDeletingService (SCMBlockDeletingService.java:call(138)) - Running DeletedBlockTransactionScanner
2019-09-21 03:49:15,721 [SCMBlockDeletingService#1] DEBUG block.SCMBlockDeletingService (SCMBlockDeletingService.java:call(155)) - Scanned deleted blocks log and got 0 delTX to process.
2019-09-21 03:49:15,821 [SCMBlockDeletingService#1] DEBUG block.SCMBlockDeletingService (SCMBlockDeletingService.java:call(138)) - Running DeletedBlockTransactionScanner
2019-09-21 03:49:15,822 [SCMBlockDeletingService#1] DEBUG block.SCMBlockDeletingService (SCMBlockDeletingService.java:call(155)) - Scanned deleted blocks log and got 0 delTX to process.
2019-09-21 03:49:15,922 [SCMBlockDeletingService#1] DEBUG block.SCMBlockDeletingService (SCMBlockDeletingService.java:call(138)) - Running DeletedBlockTransactionScanner
2019-09-21 03:49:15,922 [SCMBlockDeletingService#1] DEBUG block.SCMBlockDeletingService (SCMBlockDeletingService.java:call(155)) - Scanned deleted blocks log and got 0 delTX to process.
2019-09-21 03:49:16,023 [SCMBlockDeletingService#1] DEBUG block.SCMBlockDeletingService (SCMBlockDeletingService.java:call(138)) - Running DeletedBlockTransactionScanner
2019-09-21 03:49:16,023 [SCMBlockDeletingService#1] DEBUG block.SCMBlockDeletingService (SCMBlockDeletingService.java:call(155)) - Scanned deleted blocks log and got 0 delTX to process.
2019-09-21 03:49:16,123 [SCMBlockDeletingService#1] DEBUG block.SCMBlockDeletingService (SCMBlockDeletingService.java:call(138)) - Running DeletedBlockTransactionScanner
2019-09-21 03:49:16,124 [SCMBlockDeletingService#1] DEBUG block.SCMBlockDeletingService (SCMBlockDeletingService.java:call(155)) - Scanned deleted blocks log and got 0 delTX to process.
2019-09-21 03:49:16,224 [SCMBlockDeletingService#1] DEBUG block.SCMBlockDeletingService (SCMBlockDeletingService.java:call(138)) - Running DeletedBlockTransactionScanner
2019-09-21 03:49:16,225 [SCMBlockDeletingService#1] DEBUG block.SCMBlockDeletingService (SCMBlockDeletingService.java:call(155)) - Scanned deleted blocks log and got 0 delTX to process.
2019-09-21 03:49:16,325 [SCMBlockDeletingService#1] DEBUG block.SCMBlockDeletingService (SCMBlockDeletingService.java:call(138)) - Running DeletedBlockTransactionScanner
2019-09-21 03:49:16,326 [SCMBlockDeletingService#1] DEBUG block.SCMBlockDeletingService (SCMBlockDeletingService.java:call(155)) - Scanned deleted blocks log and got 0 delTX to process.
2019-09-21 03:49:16,426 [SCMBlockDeletingService#1] DEBUG block.SCMBlockDeletingService (SCMBlockDeletingService.java:call(138)) - Running DeletedBlockTransactionScanner
2019-09-21 03:49:16,426 [SCMBlockDeletingService#1] DEBUG block.SCMBlockDeletingService (SCMBlockDeletingService.java:call(155)) - Scanned deleted blocks log and got 0 delTX to process.
2019-09-21 03:49:16,527 [SCMBlockDeletingService#1] DEBUG block.SCMBlockDeletingService (SCMBlockDeletingService.java:call(138)) - Running DeletedBlockTransactionScanner
2019-09-21 03:49:16,527 [SCMBlockDeletingService#1] DEBUG block.SCMBlockDeletingService (SCMBlockDeletingService.java:call(155)) - Scanned deleted blocks log and got 0 delTX to process.
2019-09-21 03:49:16,627 [SCMBlockDeletingService#1] DEBUG block.SCMBlockDeletingService (SCMBlockDeletingService.java:call(138)) - Running DeletedBlockTransactionScanner
2019-09-21 03:49:16,628 [SCMBlockDeletingService#1] DEBUG block.SCMBlockDeletingService (SCMBlockDeletingService.java:call(155)) - Scanned deleted blocks log and got 0 delTX to process.
2019-09-21 03:49:16,728 [SCMBlockDeletingService#1] DEBUG block.SCMBlockDeletingService (SCMBlockDeletingService.java:call(138)) - Running DeletedBlockTransactionScanner
2019-09-21 03:49:16,729 [SCMBlockDeletingService#1] DEBUG block.SCMBlockDeletingService (SCMBlockDeletingService.java:call(155)) - Scanned deleted blocks log and got 0 delTX to process.
2019-09-21 03:49:16,829 [SCMBlockDeletingService#1] DEBUG block.SCMBlockDeletingService (SCMBlockDeletingService.java:call(138)) - Running DeletedBlockTransactionScanner
2019-09-21 03:49:16,829 [SCMBlockDeletingService#1] DEBUG block.SCMBlockDeletingService (SCMBlockDeletingService.java:call(155)) - Scanned deleted blocks log and got 0 delTX to process.
2019-09-21 03:49:16,930 [SCMBlockDeletingService#1] DEBUG block.SCMBlockDeletingService (SCMBlockDeletingService.java:call(138)) - Running DeletedBlockTransactionScanner
2019-09-21 03:49:16,930 [SCMBlockDeletingService#1] DEBUG block.SCMBlockDeletingService (SCMBlockDeletingService.java:call(155)) - Scanned deleted blocks log and got 0 delTX to process.
2019-09-21 03:49:17,031 [SCMBlockDeletingService#1] DEBUG block.SCMBlockDeletingService (SCMBlockDeletingService.java:call(138)) - Running DeletedBlockTransactionScanner
2019-09-21 03:49:17,031 [SCMBlockDeletingService#1] DEBUG block.SCMBlockDeletingService (SCMBlockDeletingService.java:call(155)) - Scanned deleted blocks log and got 0 delTX to process.
2019-09-21 03:49:17,222 [SCMBlockDeletingService#1] DEBUG block.SCMBlockDeletingService (SCMBlockDeletingService.java:call(138)) - Running DeletedBlockTransactionScanner
2019-09-21 03:49:17,222 [SCMBlockDeletingService#1] DEBUG block.SCMBlockDeletingService (SCMBlockDeletingService.java:call(155)) - Scanned deleted blocks log and got 0 delTX to process.
2019-09-21 03:49:17,322 [SCMBlockDeletingService#1] DEBUG block.SCMBlockDeletingService (SCMBlockDeletingService.java:call(138)) - Running DeletedBlockTransactionScanner
2019-09-21 03:49:17,323 [SCMBlockDeletingService#1] DEBUG block.SCMBlockDeletingService (SCMBlockDeletingService.java:call(155)) - Scanned deleted blocks log and got 0 delTX to process.
2019-09-21 03:49:17,423 [SCMBlockDeletingService#1] DEBUG block.SCMBlockDeletingService (SCMBlockDeletingService.java:call(138)) - Running DeletedBlockTransactionScanner
2019-09-21 03:49:17,423 [SCMBlockDeletingService#1] DEBUG block.SCMBlockDeletingService (SCMBlockDeletingService.java:call(155)) - Scanned deleted blocks log and got 0 delTX to process.
2019-09-21 03:49:17,524 [SCMBlockDeletingService#1] DEBUG block.SCMBlockDeletingService (SCMBlockDeletingService.java:call(138)) - Running DeletedBlockTransactionScanner
2019-09-21 03:49:17,524 [SCMBlockDeletingService#1] DEBUG block.SCMBlockDeletingService (SCMBlockDeletingService.java:call(155)) - Scanned deleted blocks log and got 0 delTX to process.
2019-09-21 03:49:17,624 [SCMBlockDeletingService#1] DEBUG block.SCMBlockDeletingService (SCMBlockDeletingService.java:call(138)) - Running DeletedBlockTransactionScanner
2019-09-21 03:49:17,625 [SCMBlockDeletingService#1] DEBUG block.SCMBlockDeletingService (SCMBlockDeletingService.java:call(155)) - Scanned deleted blocks log and got 0 delTX to process.
2019-09-21 03:49:17,725 [SCMBlockDeletingService#1] DEBUG block.SCMBlockDeletingService (SCMBlockDeletingService.java:call(138)) - Running DeletedBlockTransactionScanner
2019-09-21 03:49:17,725 [SCMBlockDeletingService#1] DEBUG block.SCMBlockDeletingService (SCMBlockDeletingService.java:call(155)) - Scanned deleted blocks log and got 0 delTX to process.
2019-09-21 03:49:17,826 [SCMBlockDeletingService#1] DEBUG block.SCMBlockDeletingService (SCMBlockDeletingService.java:call(138)) - Running DeletedBlockTransactionScanner
2019-09-21 03:49:17,826 [SCMBlockDeletingService#1] DEBUG block.SCMBlockDeletingService (SCMBlockDeletingService.java:call(155)) - Scanned deleted blocks log and got 0 delTX to process.
2019-09-21 03:49:17,926 [SCMBlockDeletingService#1] DEBUG block.SCMBlockDeletingService (SCMBlockDeletingService.java:call(138)) - Running DeletedBlockTransactionScanner
2019-09-21 03:49:17,927 [SCMBlockDeletingService#1] DEBUG block.SCMBlockDeletingService (SCMBlockDeletingService.java:call(155)) - Scanned deleted blocks log and got 0 delTX to process.
2019-09-21 03:49:18,027 [SCMBlockDeletingService#1] DEBUG block.SCMBlockDeletingService (SCMBlockDeletingService.java:call(138)) - Running DeletedBlockTransactionScanner
2019-09-21 03:49:18,028 [SCMBlockDeletingService#1] DEBUG block.SCMBlockDeletingService (SCMBlockDeletingService.java:call(155)) - Scanned deleted blocks log and got 0 delTX to process.
2019-09-21 03:49:18,128 [SCMBlockDeletingService#1] DEBUG block.SCMBlockDeletingService (SCMBlockDeletingService.java:call(138)) - Running DeletedBlockTransactionScanner
2019-09-21 03:49:18,129 [SCMBlockDeletingService#1] DEBUG block.SCMBlockDeletingService (SCMBlockDeletingService.java:call(155)) - Scanned deleted blocks log and got 0 delTX to process.
2019-09-21 03:49:18,229 [SCMBlockDeletingService#1] DEBUG block.SCMBlockDeletingService (SCMBlockDeletingService.java:call(138)) - Running DeletedBlockTransactionScanner
2019-09-21 03:49:18,230 [SCMBlockDeletingService#1] DEBUG block.SCMBlockDeletingService (SCMBlockDeletingService.java:call(155)) - Scanned deleted blocks log and got 0 delTX to process.
2019-09-21 03:49:18,331 [SCMBlockDeletingService#1] DEBUG block.SCMBlockDeletingService (SCMBlockDeletingService.java:call(138)) - Running DeletedBlockTransactionScanner
2019-09-21 03:49:18,331 [SCMBlockDeletingService#1] DEBUG block.SCMBlockDeletingService (SCMBlockDeletingService.java:call(155)) - Scanned deleted blocks log and got 0 delTX to process.
2019-09-21 03:49:18,432 [SCMBlockDeletingService#1] DEBUG block.SCMBlockDeletingService (SCMBlockDeletingService.java:call(138)) - Running DeletedBlockTransactionScanner
2019-09-21 03:49:18,434 [SCMBlockDeletingService#1] DEBUG block.SCMBlockDeletingService (SCMBlockDeletingService.java:call(155)) - Scanned deleted blocks log and got 0 delTX to process.
2019-09-21 03:49:18,534 [SCMBlockDeletingService#1] DEBUG block.SCMBlockDeletingService (SCMBlockDeletingService.java:call(138)) - Running DeletedBlockTransactionScanner
2019-09-21 03:49:18,535 [SCMBlockDeletingService#1] DEBUG block.SCMBlockDeletingService (SCMBlockDeletingService.java:call(155)) - Scanned deleted blocks log and got 0 delTX to process.
2019-09-21 03:49:18,635 [SCMBlockDeletingService#1] DEBUG block.SCMBlockDeletingService (SCMBlockDeletingService.java:call(138)) - Running DeletedBlockTransactionScanner
2019-09-21 03:49:18,635 [SCMBlockDeletingService#1] DEBUG block.SCMBlockDeletingService (SCMBlockDeletingService.java:call(155)) - Scanned deleted blocks log and got 0 delTX to process.
2019-09-21 03:49:18,736 [SCMBlockDeletingService#1] DEBUG block.SCMBlockDeletingService (SCMBlockDeletingService.java:call(138)) - Running DeletedBlockTransactionScanner
2019-09-21 03:49:18,736 [SCMBlockDeletingService#1] DEBUG block.SCMBlockDeletingService (SCMBlockDeletingService.java:call(155)) - Scanned deleted blocks log and got 0 delTX to process.
2019-09-21 03:49:19,021 [SCMBlockDeletingService#1] DEBUG block.SCMBlockDeletingService (SCMBlockDeletingService.java:call(138)) - Running DeletedBlockTransactionScanner
2019-09-21 03:49:19,022 [SCMBlockDeletingService#1] DEBUG block.SCMBlockDeletingService (SCMBlockDeletingService.java:call(155)) - Scanned deleted blocks log and got 0 delTX to process.
2019-09-21 03:49:19,122 [SCMBlockDeletingService#1] DEBUG block.SCMBlockDeletingService (SCMBlockDeletingService.java:call(138)) - Running DeletedBlockTransactionScanner
2019-09-21 03:49:19,122 [SCMBlockDeletingService#1] DEBUG block.SCMBlockDeletingService (SCMBlockDeletingService.java:call(155)) - Scanned deleted blocks log and got 0 delTX to process.
2019-09-21 03:49:19,223 [SCMBlockDeletingService#1] DEBUG block.SCMBlockDeletingService (SCMBlockDeletingService.java:call(138)) - Running DeletedBlockTransactionScanner
2019-09-21 03:49:19,223 [SCMBlockDeletingService#1] DEBUG block.SCMBlockDeletingService (SCMBlockDeletingService.java:call(155)) - Scanned deleted blocks log and got 0 delTX to process.
2019-09-21 03:49:19,323 [SCMBlockDeletingService#1] DEBUG block.SCMBlockDeletingService (SCMBlockDeletingService.java:call(138)) - Running DeletedBlockTransactionScanner
2019-09-21 03:49:19,324 [SCMBlockDeletingService#1] DEBUG block.SCMBlockDeletingService (SCMBlockDeletingService.java:call(155)) - Scanned deleted blocks log and got 0 delTX to process.
2019-09-21 03:49:19,424 [SCMBlockDeletingService#1] DEBUG block.SCMBlockDeletingService (SCMBlockDeletingService.java:call(138)) - Running DeletedBlockTransactionScanner
2019-09-21 03:49:19,424 [SCMBlockDeletingService#1] DEBUG block.SCMBlockDeletingService (SCMBlockDeletingService.java:call(155)) - Scanned deleted blocks log and got 0 delTX to process.
2019-09-21 03:49:19,525 [SCMBlockDeletingService#1] DEBUG block.SCMBlockDeletingService (SCMBlockDeletingService.java:call(138)) - Running DeletedBlockTransactionScanner
2019-09-21 03:49:19,525 [SCMBlockDeletingService#1] DEBUG block.SCMBlockDeletingService (SCMBlockDeletingService.java:call(155)) - Scanned deleted blocks log and got 0 delTX to process.
2019-09-21 03:49:19,625 [SCMBlockDeletingService#1] DEBUG block.SCMBlockDeletingService (SCMBlockDeletingService.java:call(138)) - Running DeletedBlockTransactionScanner
2019-09-21 03:49:19,625 [SCMBlockDeletingService#1] DEBUG block.SCMBlockDeletingService (SCMBlockDeletingService.java:call(155)) - Scanned deleted blocks log and got 0 delTX to process.
2019-09-21 03:49:19,726 [SCMBlockDeletingService#1] DEBUG block.SCMBlockDeletingService (SCMBlockDeletingService.java:call(138)) - Running DeletedBlockTransactionScanner
2019-09-21 03:49:19,726 [SCMBlockDeletingService#1] DEBUG block.SCMBlockDeletingService (SCMBlockDeletingService.java:call(155)) - Scanned deleted blocks log and got 0 delTX to process.
2019-09-21 03:49:19,826 [SCMBlockDeletingService#1] DEBUG block.SCMBlockDeletingService (SCMBlockDeletingService.java:call(138)) - Running DeletedBlockTransactionScanner
2019-09-21 03:49:19,827 [SCMBlockDeletingService#1] DEBUG block.SCMBlockDeletingService (SCMBlockDeletingService.java:call(155)) - Scanned deleted blocks log and got 0 delTX to process.
2019-09-21 03:49:19,927 [SCMBlockDeletingService#1] DEBUG block.SCMBlockDeletingService (SCMBlockDeletingService.java:call(138)) - Running DeletedBlockTransactionScanner
2019-09-21 03:49:19,927 [SCMBlockDeletingService#1] DEBUG block.SCMBlockDeletingService (SCMBlockDeletingService.java:call(155)) - Scanned deleted blocks log and got 0 delTX to process.
2019-09-21 03:49:20,028 [SCMBlockDeletingService#1] DEBUG block.SCMBlockDeletingService (SCMBlockDeletingService.java:call(138)) - Running DeletedBlockTransactionScanner
2019-09-21 03:49:20,028 [SCMBlockDeletingService#1] DEBUG block.SCMBlockDeletingService (SCMBlockDeletingService.java:call(155)) - Scanned deleted blocks log and got 0 delTX to process.
2019-09-21 03:49:20,219 [SCMBlockDeletingService#1] DEBUG block.SCMBlockDeletingService (SCMBlockDeletingService.java:call(138)) - Running DeletedBlockTransactionScanner
2019-09-21 03:49:20,220 [SCMBlockDeletingService#1] DEBUG block.SCMBlockDeletingService (SCMBlockDeletingService.java:call(155)) - Scanned deleted blocks log and got 0 delTX to process.
2019-09-21 03:49:20,320 [SCMBlockDeletingService#1] DEBUG block.SCMBlockDeletingService (SCMBlockDeletingService.java:call(138)) - Running DeletedBlockTransactionScanner
2019-09-21 03:49:20,321 [SCMBlockDeletingService#1] DEBUG block.SCMBlockDeletingService (SCMBlockDeletingService.java:call(155)) - Scanned deleted blocks log and got 0 delTX to process.
2019-09-21 03:49:20,421 [SCMBlockDeletingService#1] DEBUG block.SCMBlockDeletingService (SCMBlockDeletingService.java:call(138)) - Running DeletedBlockTransactionScanner
2019-09-21 03:49:20,422 [SCMBlockDeletingService#1] DEBUG block.SCMBlockDeletingService (SCMBlockDeletingService.java:call(155)) - Scanned deleted blocks log and got 0 delTX to process.
2019-09-21 03:49:20,522 [SCMBlockDeletingService#1] DEBUG block.SCMBlockDeletingService (SCMBlockDeletingService.java:call(138)) - Running DeletedBlockTransactionScanner
2019-09-21 03:49:20,523 [SCMBlockDeletingService#1] DEBUG block.SCMBlockDeletingService (SCMBlockDeletingService.java:call(155)) - Scanned deleted blocks log and got 0 delTX to process.
2019-09-21 03:49:20,623 [SCMBlockDeletingService#1] DEBUG block.SCMBlockDeletingService (SCMBlockDeletingService.java:call(138)) - Running DeletedBlockTransactionScanner
2019-09-21 03:49:20,623 [SCMBlockDeletingService#1] DEBUG block.SCMBlockDeletingService (SCMBlockDeletingService.java:call(155)) - Scanned deleted blocks log and got 0 delTX to process.
2019-09-21 03:49:20,724 [SCMBlockDeletingService#1] DEBUG block.SCMBlockDeletingService (SCMBlockDeletingService.java:call(138)) - Running DeletedBlockTransactionScanner
2019-09-21 03:49:20,724 [SCMBlockDeletingService#1] DEBUG block.SCMBlockDeletingService (SCMBlockDeletingService.java:call(155)) - Scanned deleted blocks log and got 0 delTX to process.
2019-09-21 03:49:20,824 [SCMBlockDeletingService#1] DEBUG block.SCMBlockDeletingService (SCMBlockDeletingService.java:call(138)) - Running DeletedBlockTransactionScanner
2019-09-21 03:49:20,825 [SCMBlockDeletingService#1] DEBUG block.SCMBlockDeletingService (SCMBlockDeletingService.java:call(155)) - Scanned deleted blocks log and got 0 delTX to process.
2019-09-21 03:49:20,925 [SCMBlockDeletingService#1] DEBUG block.SCMBlockDeletingService (SCMBlockDeletingService.java:call(138)) - Running DeletedBlockTransactionScanner
2019-09-21 03:49:20,925 [SCMBlockDeletingService#1] DEBUG block.SCMBlockDeletingService (SCMBlockDeletingService.java:call(155)) - Scanned deleted blocks log and got 0 delTX to process.
2019-09-21 03:49:21,026 [SCMBlockDeletingService#1] DEBUG block.SCMBlockDeletingService (SCMBlockDeletingService.java:call(138)) - Running DeletedBlockTransactionScanner
2019-09-21 03:49:21,026 [SCMBlockDeletingService#1] DEBUG block.SCMBlockDeletingService (SCMBlockDeletingService.java:call(155)) - Scanned deleted blocks log and got 0 delTX to process.
2019-09-21 03:49:21,126 [SCMBlockDeletingService#1] DEBUG block.SCMBlockDeletingService (SCMBlockDeletingService.java:call(138)) - Running DeletedBlockTransactionScanner
2019-09-21 03:49:21,127 [SCMBlockDeletingService#1] DEBUG block.SCMBlockDeletingService (SCMBlockDeletingService.java:call(155)) - Scanned deleted blocks log and got 0 delTX to process.
2019-09-21 03:49:21,576 [SCMBlockDeletingService#1] DEBUG block.SCMBlockDeletingService (SCMBlockDeletingService.java:call(138)) - Running DeletedBlockTransactionScanner
2019-09-21 03:49:21,576 [SCMBlockDeletingService#1] DEBUG block.SCMBlockDeletingService (SCMBlockDeletingService.java:call(155)) - Scanned deleted blocks log and got 0 delTX to process.
2019-09-21 03:49:21,676 [SCMBlockDeletingService#1] DEBUG block.SCMBlockDeletingService (SCMBlockDeletingService.java:call(138)) - Running DeletedBlockTransactionScanner
2019-09-21 03:49:21,677 [SCMBlockDeletingService#1] DEBUG block.SCMBlockDeletingService (SCMBlockDeletingService.java:call(155)) - Scanned deleted blocks log and got 0 delTX to process.
2019-09-21 03:49:21,777 [SCMBlockDeletingService#1] DEBUG block.SCMBlockDeletingService (SCMBlockDeletingService.java:call(138)) - Running DeletedBlockTransactionScanner
2019-09-21 03:49:21,777 [SCMBlockDeletingService#1] DEBUG block.SCMBlockDeletingService (SCMBlockDeletingService.java:call(155)) - Scanned deleted blocks log and got 0 delTX to process.
2019-09-21 03:49:21,877 [SCMBlockDeletingService#1] DEBUG block.SCMBlockDeletingService (SCMBlockDeletingService.java:call(138)) - Running DeletedBlockTransactionScanner
2019-09-21 03:49:21,878 [SCMBlockDeletingService#1] DEBUG block.SCMBlockDeletingService (SCMBlockDeletingService.java:call(155)) - Scanned deleted blocks log and got 0 delTX to process.
2019-09-21 03:49:21,978 [SCMBlockDeletingService#1] DEBUG block.SCMBlockDeletingService (SCMBlockDeletingService.java:call(138)) - Running DeletedBlockTransactionScanner
2019-09-21 03:49:21,978 [SCMBlockDeletingService#1] DEBUG block.SCMBlockDeletingService (SCMBlockDeletingService.java:call(155)) - Scanned deleted blocks log and got 0 delTX to process.
2019-09-21 03:49:22,078 [SCMBlockDeletingService#1] DEBUG block.SCMBlockDeletingService (SCMBlockDeletingService.java:call(138)) - Running DeletedBlockTransactionScanner
2019-09-21 03:49:22,079 [SCMBlockDeletingService#1] DEBUG block.SCMBlockDeletingService (SCMBlockDeletingService.java:call(155)) - Scanned deleted blocks log and got 0 delTX to process.
2019-09-21 03:49:22,179 [SCMBlockDeletingService#1] DEBUG block.SCMBlockDeletingService (SCMBlockDeletingService.java:call(138)) - Running DeletedBlockTransactionScanner
2019-09-21 03:49:22,179 [SCMBlockDeletingService#1] DEBUG block.SCMBlockDeletingService (SCMBlockDeletingService.java:call(155)) - Scanned deleted blocks log and got 0 delTX to process.
2019-09-21 03:49:22,280 [SCMBlockDeletingService#1] DEBUG block.SCMBlockDeletingService (SCMBlockDeletingService.java:call(138)) - Running DeletedBlockTransactionScanner
2019-09-21 03:49:22,281 [SCMBlockDeletingService#1] DEBUG block.SCMBlockDeletingService (SCMBlockDeletingService.java:call(155)) - Scanned deleted blocks log and got 0 delTX to process.
2019-09-21 03:49:22,381 [SCMBlockDeletingService#1] DEBUG block.SCMBlockDeletingService (SCMBlockDeletingService.java:call(138)) - Running DeletedBlockTransactionScanner
2019-09-21 03:49:22,381 [SCMBlockDeletingService#1] DEBUG block.SCMBlockDeletingService (SCMBlockDeletingService.java:call(155)) - Scanned deleted blocks log and got 0 delTX to process.
2019-09-21 03:49:22,482 [SCMBlockDeletingService#1] DEBUG block.SCMBlockDeletingService (SCMBlockDeletingService.java:call(138)) - Running DeletedBlockTransactionScanner
2019-09-21 03:49:22,482 [SCMBlockDeletingService#1] DEBUG block.SCMBlockDeletingService (SCMBlockDeletingService.java:call(155)) - Scanned deleted blocks log and got 0 delTX to process.
2019-09-21 03:49:22,583 [SCMBlockDeletingService#1] DEBUG block.SCMBlockDeletingService (SCMBlockDeletingService.java:call(138)) - Running DeletedBlockTransactionScanner
2019-09-21 03:49:22,583 [SCMBlockDeletingService#1] DEBUG block.SCMBlockDeletingService (SCMBlockDeletingService.java:call(155)) - Scanned deleted blocks log and got 0 delTX to process.
2019-09-21 03:49:22,683 [SCMBlockDeletingService#1] DEBUG block.SCMBlockDeletingService (SCMBlockDeletingService.java:call(138)) - Running DeletedBlockTransactionScanner
2019-09-21 03:49:22,685 [SCMBlockDeletingService#1] DEBUG block.SCMBlockDeletingService (SCMBlockDeletingService.java:call(155)) - Scanned deleted blocks log and got 0 delTX to process.
2019-09-21 03:49:22,785 [SCMBlockDeletingService#1] DEBUG block.SCMBlockDeletingService (SCMBlockDeletingService.java:call(138)) - Running DeletedBlockTransactionScanner
2019-09-21 03:49:22,786 [SCMBlockDeletingService#1] DEBUG block.SCMBlockDeletingService (SCMBlockDeletingService.java:call(155)) - Scanned deleted blocks log and got 0 delTX to process.
2019-09-21 03:49:22,886 [SCMBlockDeletingService#1] DEBUG block.SCMBlockDeletingService (SCMBlockDeletingService.java:call(138)) - Running DeletedBlockTransactionScanner
2019-09-21 03:49:22,886 [SCMBlockDeletingService#1] DEBUG block.SCMBlockDeletingService (SCMBlockDeletingService.java:call(155)) - Scanned deleted blocks log and got 0 delTX to process.
2019-09-21 03:49:22,987 [SCMBlockDeletingService#1] DEBUG block.SCMBlockDeletingService (SCMBlockDeletingService.java:call(138)) - Running DeletedBlockTransactionScanner
2019-09-21 03:49:22,987 [SCMBlockDeletingService#1] DEBUG block.SCMBlockDeletingService (SCMBlockDeletingService.java:call(155)) - Scanned deleted blocks log and got 0 delTX to process.
2019-09-21 03:49:23,087 [SCMBlockDeletingService#1] DEBUG block.SCMBlockDeletingService (SCMBlockDeletingService.java:call(138)) - Running DeletedBlockTransactionScanner
2019-09-21 03:49:23,088 [SCMBlockDeletingService#1] DEBUG block.SCMBlockDeletingService (SCMBlockDeletingService.java:call(155)) - Scanned deleted blocks log and got 0 delTX to process.
2019-09-21 03:49:23,188 [SCMBlockDeletingService#1] DEBUG block.SCMBlockDeletingService (SCMBlockDeletingService.java:call(138)) - Running DeletedBlockTransactionScanner
2019-09-21 03:49:23,188 [SCMBlockDeletingService#1] DEBUG block.SCMBlockDeletingService (SCMBlockDeletingService.java:call(155)) - Scanned deleted blocks log and got 0 delTX to process.
2019-09-21 03:49:23,289 [SCMBlockDeletingService#1] DEBUG block.SCMBlockDeletingService (SCMBlockDeletingService.java:call(138)) - Running DeletedBlockTransactionScanner
2019-09-21 03:49:23,289 [SCMBlockDeletingService#1] DEBUG block.SCMBlockDeletingService (SCMBlockDeletingService.java:call(155)) - Scanned deleted blocks log and got 0 delTX to process.
2019-09-21 03:49:23,389 [SCMBlockDeletingService#0] DEBUG block.SCMBlockDeletingService (SCMBlockDeletingService.java:call(138)) - Running DeletedBlockTransactionScanner
2019-09-21 03:49:23,390 [SCMBlockDeletingService#0] DEBUG block.SCMBlockDeletingService (SCMBlockDeletingService.java:call(155)) - Scanned deleted blocks log and got 0 delTX to process.
2019-09-21 03:49:23,490 [SCMBlockDeletingService#0] DEBUG block.SCMBlockDeletingService (SCMBlockDeletingService.java:call(138)) - Running DeletedBlockTransactionScanner
2019-09-21 03:49:23,490 [SCMBlockDeletingService#0] DEBUG block.SCMBlockDeletingService (SCMBlockDeletingService.java:call(155)) - Scanned deleted blocks log and got 0 delTX to process.
2019-09-21 03:49:23,591 [SCMBlockDeletingService#0] DEBUG block.SCMBlockDeletingService (SCMBlockDeletingService.java:call(138)) - Running DeletedBlockTransactionScanner
2019-09-21 03:49:23,591 [SCMBlockDeletingService#0] DEBUG block.SCMBlockDeletingService (SCMBlockDeletingService.java:call(155)) - Scanned deleted blocks log and got 0 delTX to process.
2019-09-21 03:49:23,691 [SCMBlockDeletingService#0] DEBUG block.SCMBlockDeletingService (SCMBlockDeletingService.java:call(138)) - Running DeletedBlockTransactionScanner
2019-09-21 03:49:23,692 [SCMBlockDeletingService#0] DEBUG block.SCMBlockDeletingService (SCMBlockDeletingService.java:call(155)) - Scanned deleted blocks log and got 0 delTX to process.
2019-09-21 03:49:23,792 [SCMBlockDeletingService#0] DEBUG block.SCMBlockDeletingService (SCMBlockDeletingService.java:call(138)) - Running DeletedBlockTransactionScanner
2019-09-21 03:49:23,792 [SCMBlockDeletingService#0] DEBUG block.SCMBlockDeletingService (SCMBlockDeletingService.java:call(155)) - Scanned deleted blocks log and got 0 delTX to process.
2019-09-21 03:49:23,893 [SCMBlockDeletingService#0] DEBUG block.SCMBlockDeletingService (SCMBlockDeletingService.java:call(138)) - Running DeletedBlockTransactionScanner
2019-09-21 03:49:23,893 [SCMBlockDeletingService#0] DEBUG block.SCMBlockDeletingService (SCMBlockDeletingService.java:call(155)) - Scanned deleted blocks log and got 0 delTX to process.
2019-09-21 03:49:23,993 [SCMBlockDeletingService#0] DEBUG block.SCMBlockDeletingService (SCMBlockDeletingService.java:call(138)) - Running DeletedBlockTransactionScanner
2019-09-21 03:49:23,994 [SCMBlockDeletingService#0] DEBUG block.SCMBlockDeletingService (SCMBlockDeletingService.java:call(155)) - Scanned deleted blocks log and got 0 delTX to process.
2019-09-21 03:49:24,094 [SCMBlockDeletingService#0] DEBUG block.SCMBlockDeletingService (SCMBlockDeletingService.java:call(138)) - Running DeletedBlockTransactionScanner
2019-09-21 03:49:24,094 [SCMBlockDeletingService#0] DEBUG block.SCMBlockDeletingService (SCMBlockDeletingService.java:call(155)) - Scanned deleted blocks log and got 0 delTX to process.
2019-09-21 03:49:24,195 [SCMBlockDeletingService#0] DEBUG block.SCMBlockDeletingService (SCMBlockDeletingService.java:call(138)) - Running DeletedBlockTransactionScanner
2019-09-21 03:49:24,195 [SCMBlockDeletingService#0] DEBUG block.SCMBlockDeletingService (SCMBlockDeletingService.java:call(155)) - Scanned deleted blocks log and got 0 delTX to process.
2019-09-21 03:49:24,296 [SCMBlockDeletingService#0] DEBUG block.SCMBlockDeletingService (SCMBlockDeletingService.java:call(138)) - Running DeletedBlockTransactionScanner
2019-09-21 03:49:24,296 [SCMBlockDeletingService#0] DEBUG block.SCMBlockDeletingService (SCMBlockDeletingService.java:call(155)) - Scanned deleted blocks log and got 0 delTX to process.
2019-09-21 03:49:24,396 [SCMBlockDeletingService#0] DEBUG block.SCMBlockDeletingService (SCMBlockDeletingService.java:call(138)) - Running DeletedBlockTransactionScanner
2019-09-21 03:49:24,397 [SCMBlockDeletingService#0] DEBUG block.SCMBlockDeletingService (SCMBlockDeletingService.java:call(155)) - Scanned deleted blocks log and got 0 delTX to process.
2019-09-21 03:49:24,497 [SCMBlockDeletingService#0] DEBUG block.SCMBlockDeletingService (SCMBlockDeletingService.java:call(138)) - Running DeletedBlockTransactionScanner
2019-09-21 03:49:24,498 [SCMBlockDeletingService#0] DEBUG block.SCMBlockDeletingService (SCMBlockDeletingService.java:call(155)) - Scanned deleted blocks log and got 0 delTX to process.
2019-09-21 03:49:24,598 [SCMBlockDeletingService#1] DEBUG block.SCMBlockDeletingService (SCMBlockDeletingService.java:call(138)) - Running DeletedBlockTransactionScanner
2019-09-21 03:49:24,599 [SCMBlockDeletingService#1] DEBUG block.SCMBlockDeletingService (SCMBlockDeletingService.java:call(155)) - Scanned deleted blocks log and got 0 delTX to process.
2019-09-21 03:49:24,699 [SCMBlockDeletingService#1] DEBUG block.SCMBlockDeletingService (SCMBlockDeletingService.java:call(138)) - Running DeletedBlockTransactionScanner
2019-09-21 03:49:24,699 [SCMBlockDeletingService#1] DEBUG block.SCMBlockDeletingService (SCMBlockDeletingService.java:call(155)) - Scanned deleted blocks log and got 0 delTX to process.
2019-09-21 03:49:24,799 [SCMBlockDeletingService#1] DEBUG block.SCMBlockDeletingService (SCMBlockDeletingService.java:call(138)) - Running DeletedBlockTransactionScanner
2019-09-21 03:49:24,800 [SCMBlockDeletingService#1] DEBUG block.SCMBlockDeletingService (SCMBlockDeletingService.java:call(155)) - Scanned deleted blocks log and got 0 delTX to process.
2019-09-21 03:49:24,900 [SCMBlockDeletingService#1] DEBUG block.SCMBlockDeletingService (SCMBlockDeletingService.java:call(138)) - Running DeletedBlockTransactionScanner
2019-09-21 03:49:24,900 [SCMBlockDeletingService#1] DEBUG block.SCMBlockDeletingService (SCMBlockDeletingService.java:call(155)) - Scanned deleted blocks log and got 0 delTX to process.
2019-09-21 03:49:25,001 [SCMBlockDeletingService#1] DEBUG block.SCMBlockDeletingService (SCMBlockDeletingService.java:call(138)) - Running DeletedBlockTransactionScanner
2019-09-21 03:49:25,001 [SCMBlockDeletingService#1] DEBUG block.SCMBlockDeletingService (SCMBlockDeletingService.java:call(155)) - Scanned deleted blocks log and got 0 delTX to process.
2019-09-21 03:49:25,132 [SCMBlockDeletingService#1] DEBUG block.SCMBlockDeletingService (SCMBlockDeletingService.java:call(138)) - Running DeletedBlockTransactionScanner
2019-09-21 03:49:25,132 [SCMBlockDeletingService#1] DEBUG block.SCMBlockDeletingService (SCMBlockDeletingService.java:call(155)) - Scanned deleted blocks log and got 0 delTX to process.
2019-09-21 03:49:25,233 [SCMBlockDeletingService#1] DEBUG block.SCMBlockDeletingService (SCMBlockDeletingService.java:call(138)) - Running DeletedBlockTransactionScanner
2019-09-21 03:49:25,233 [SCMBlockDeletingService#1] DEBUG block.SCMBlockDeletingService (SCMBlockDeletingService.java:call(155)) - Scanned deleted blocks log and got 0 delTX to process.
2019-09-21 03:49:25,333 [SCMBlockDeletingService#1] DEBUG block.SCMBlockDeletingService (SCMBlockDeletingService.java:call(138)) - Running DeletedBlockTransactionScanner
2019-09-21 03:49:25,333 [SCMBlockDeletingService#1] DEBUG block.SCMBlockDeletingService (SCMBlockDeletingService.java:call(155)) - Scanned deleted blocks log and got 0 delTX to process.
2019-09-21 03:49:25,434 [SCMBlockDeletingService#1] DEBUG block.SCMBlockDeletingService (SCMBlockDeletingService.java:call(138)) - Running DeletedBlockTransactionScanner
2019-09-21 03:49:25,434 [SCMBlockDeletingService#1] DEBUG block.SCMBlockDeletingService (SCMBlockDeletingService.java:call(155)) - Scanned deleted blocks log and got 0 delTX to process.
2019-09-21 03:49:25,534 [SCMBlockDeletingService#1] DEBUG block.SCMBlockDeletingService (SCMBlockDeletingService.java:call(138)) - Running DeletedBlockTransactionScanner
2019-09-21 03:49:25,535 [SCMBlockDeletingService#1] DEBUG block.SCMBlockDeletingService (SCMBlockDeletingService.java:call(155)) - Scanned deleted blocks log and got 0 delTX to process.
2019-09-21 03:49:25,635 [SCMBlockDeletingService#1] DEBUG block.SCMBlockDeletingService (SCMBlockDeletingService.java:call(138)) - Running DeletedBlockTransactionScanner
2019-09-21 03:49:25,635 [SCMBlockDeletingService#1] DEBUG block.SCMBlockDeletingService (SCMBlockDeletingService.java:call(155)) - Scanned deleted blocks log and got 0 delTX to process.
2019-09-21 03:49:25,736 [SCMBlockDeletingService#1] DEBUG block.SCMBlockDeletingService (SCMBlockDeletingService.java:call(138)) - Running DeletedBlockTransactionScanner
2019-09-21 03:49:25,736 [SCMBlockDeletingService#1] DEBUG block.SCMBlockDeletingService (SCMBlockDeletingService.java:call(155)) - Scanned deleted blocks log and got 0 delTX to process.
2019-09-21 03:49:25,836 [SCMBlockDeletingService#1] DEBUG block.SCMBlockDeletingService (SCMBlockDeletingService.java:call(138)) - Running DeletedBlockTransactionScanner
2019-09-21 03:49:25,837 [SCMBlockDeletingService#1] DEBUG block.SCMBlockDeletingService (SCMBlockDeletingService.java:call(155)) - Scanned deleted blocks log and got 0 delTX to process.
2019-09-21 03:49:25,937 [SCMBlockDeletingService#1] DEBUG block.SCMBlockDeletingService (SCMBlockDeletingService.java:call(138)) - Running DeletedBlockTransactionScanner
2019-09-21 03:49:25,937 [SCMBlockDeletingService#1] DEBUG block.SCMBlockDeletingService (SCMBlockDeletingService.java:call(155)) - Scanned deleted blocks log and got 0 delTX to process.
2019-09-21 03:49:26,038 [SCMBlockDeletingService#1] DEBUG block.SCMBlockDeletingService (SCMBlockDeletingService.java:call(138)) - Running DeletedBlockTransactionScanner
2019-09-21 03:49:26,038 [SCMBlockDeletingService#1] DEBUG block.SCMBlockDeletingService (SCMBlockDeletingService.java:call(155)) - Scanned deleted blocks log and got 0 delTX to process.
2019-09-21 03:49:26,139 [SCMBlockDeletingService#1] DEBUG block.SCMBlockDeletingService (SCMBlockDeletingService.java:call(138)) - Running DeletedBlockTransactionScanner
2019-09-21 03:49:26,139 [SCMBlockDeletingService#1] DEBUG block.SCMBlockDeletingService (SCMBlockDeletingService.java:call(155)) - Scanned deleted blocks log and got 0 delTX to process.
2019-09-21 03:49:26,240 [SCMBlockDeletingService#1] DEBUG block.SCMBlockDeletingService (SCMBlockDeletingService.java:call(138)) - Running DeletedBlockTransactionScanner
2019-09-21 03:49:26,240 [SCMBlockDeletingService#1] DEBUG block.SCMBlockDeletingService (SCMBlockDeletingService.java:call(155)) - Scanned deleted blocks log and got 0 delTX to process.
2019-09-21 03:49:26,340 [SCMBlockDeletingService#1] DEBUG block.SCMBlockDeletingService (SCMBlockDeletingService.java:call(138)) - Running DeletedBlockTransactionScanner
2019-09-21 03:49:26,341 [SCMBlockDeletingService#1] DEBUG block.SCMBlockDeletingService (SCMBlockDeletingService.java:call(155)) - Scanned deleted blocks log and got 0 delTX to process.
2019-09-21 03:49:26,441 [SCMBlockDeletingService#1] DEBUG block.SCMBlockDeletingService (SCMBlockDeletingService.java:call(138)) - Running DeletedBlockTransactionScanner
2019-09-21 03:49:26,442 [SCMBlockDeletingService#1] DEBUG block.SCMBlockDeletingService (SCMBlockDeletingService.java:call(155)) - Scanned deleted blocks log and got 0 delTX to process.
2019-09-21 03:49:26,542 [SCMBlockDeletingService#1] DEBUG block.SCMBlockDeletingService (SCMBlockDeletingService.java:call(138)) - Running DeletedBlockTransactionScanner
2019-09-21 03:49:26,543 [SCMBlockDeletingService#1] DEBUG block.SCMBlockDeletingService (SCMBlockDeletingService.java:call(155)) - Scanned deleted blocks log and got 0 delTX to process.
2019-09-21 03:49:26,643 [SCMBlockDeletingService#1] DEBUG block.SCMBlockDeletingService (SCMBlockDeletingService.java:call(138)) - Running DeletedBlockTransactionScanner
2019-09-21 03:49:26,643 [SCMBlockDeletingService#1] DEBUG block.SCMBlockDeletingService (SCMBlockDeletingService.java:call(155)) - Scanned deleted blocks log and got 0 delTX to process.
2019-09-21 03:49:26,744 [SCMBlockDeletingService#1] DEBUG block.SCMBlockDeletingService (SCMBlockDeletingService.java:call(138)) - Running DeletedBlockTransactionScanner
2019-09-21 03:49:26,744 [SCMBlockDeletingService#1] DEBUG block.SCMBlockDeletingService (SCMBlockDeletingService.java:call(155)) - Scanned deleted blocks log and got 0 delTX to process.
2019-09-21 03:49:26,899 [SCMBlockDeletingService#1] DEBUG block.SCMBlockDeletingService (SCMBlockDeletingService.java:call(138)) - Running DeletedBlockTransactionScanner
2019-09-21 03:49:26,900 [SCMBlockDeletingService#1] DEBUG block.SCMBlockDeletingService (SCMBlockDeletingService.java:call(155)) - Scanned deleted blocks log and got 0 delTX to process.
2019-09-21 03:49:27,000 [SCMBlockDeletingService#1] DEBUG block.SCMBlockDeletingService (SCMBlockDeletingService.java:call(138)) - Running DeletedBlockTransactionScanner
2019-09-21 03:49:27,000 [SCMBlockDeletingService#1] DEBUG block.SCMBlockDeletingService (SCMBlockDeletingService.java:call(155)) - Scanned deleted blocks log and got 0 delTX to process.
2019-09-21 03:49:27,101 [SCMBlockDeletingService#1] DEBUG block.SCMBlockDeletingService (SCMBlockDeletingService.java:call(138)) - Running DeletedBlockTransactionScanner
2019-09-21 03:49:27,101 [SCMBlockDeletingService#1] DEBUG block.SCMBlockDeletingService (SCMBlockDeletingService.java:call(155)) - Scanned deleted blocks log and got 0 delTX to process.
2019-09-21 03:49:27,201 [SCMBlockDeletingService#1] DEBUG block.SCMBlockDeletingService (SCMBlockDeletingService.java:call(138)) - Running DeletedBlockTransactionScanner
2019-09-21 03:49:27,201 [SCMBlockDeletingService#1] DEBUG block.SCMBlockDeletingService (SCMBlockDeletingService.java:call(155)) - Scanned deleted blocks log and got 0 delTX to process.
2019-09-21 03:49:27,302 [SCMBlockDeletingService#1] DEBUG block.SCMBlockDeletingService (SCMBlockDeletingService.java:call(138)) - Running DeletedBlockTransactionScanner
2019-09-21 03:49:27,302 [SCMBlockDeletingService#1] DEBUG block.SCMBlockDeletingService (SCMBlockDeletingService.java:call(155)) - Scanned deleted blocks log and got 0 delTX to process.
2019-09-21 03:49:27,402 [SCMBlockDeletingService#1] DEBUG block.SCMBlockDeletingService (SCMBlockDeletingService.java:call(138)) - Running DeletedBlockTransactionScanner
2019-09-21 03:49:27,402 [SCMBlockDeletingService#1] DEBUG block.SCMBlockDeletingService (SCMBlockDeletingService.java:call(155)) - Scanned deleted blocks log and got 0 delTX to process.
2019-09-21 03:49:27,503 [SCMBlockDeletingService#1] DEBUG block.SCMBlockDeletingService (SCMBlockDeletingService.java:call(138)) - Running DeletedBlockTransactionScanner
2019-09-21 03:49:27,503 [SCMBlockDeletingService#1] DEBUG block.SCMBlockDeletingService (SCMBlockDeletingService.java:call(155)) - Scanned deleted blocks log and got 0 delTX to process.
2019-09-21 03:49:27,603 [SCMBlockDeletingService#0] DEBUG block.SCMBlockDeletingService (SCMBlockDeletingService.java:call(138)) - Running DeletedBlockTransactionScanner
2019-09-21 03:49:27,604 [SCMBlockDeletingService#0] DEBUG block.SCMBlockDeletingService (SCMBlockDeletingService.java:call(155)) - Scanned deleted blocks log and got 0 delTX to process.
2019-09-21 03:49:27,704 [SCMBlockDeletingService#0] DEBUG block.SCMBlockDeletingService (SCMBlockDeletingService.java:call(138)) - Running DeletedBlockTransactionScanner
2019-09-21 03:49:27,704 [SCMBlockDeletingService#0] DEBUG block.SCMBlockDeletingService (SCMBlockDeletingService.java:call(155)) - Scanned deleted blocks log and got 0 delTX to process.
2019-09-21 03:49:27,805 [SCMBlockDeletingService#0] DEBUG block.SCMBlockDeletingService (SCMBlockDeletingService.java:call(138)) - Running DeletedBlockTransactionScanner
2019-09-21 03:49:27,805 [SCMBlockDeletingService#0] DEBUG block.SCMBlockDeletingService (SCMBlockDeletingService.java:call(155)) - Scanned deleted blocks log and got 0 delTX to process.
2019-09-21 03:49:27,905 [SCMBlockDeletingService#0] DEBUG block.SCMBlockDeletingService (SCMBlockDeletingService.java:call(138)) - Running DeletedBlockTransactionScanner
2019-09-21 03:49:27,905 [SCMBlockDeletingService#0] DEBUG block.SCMBlockDeletingService (SCMBlockDeletingService.java:call(155)) - Scanned deleted blocks log and got 0 delTX to process.
2019-09-21 03:49:28,006 [SCMBlockDeletingService#0] DEBUG block.SCMBlockDeletingService (SCMBlockDeletingService.java:call(138)) - Running DeletedBlockTransactionScanner
2019-09-21 03:49:28,006 [SCMBlockDeletingService#0] DEBUG block.SCMBlockDeletingService (SCMBlockDeletingService.java:call(155)) - Scanned deleted blocks log and got 0 delTX to process.
2019-09-21 03:49:28,106 [SCMBlockDeletingService#0] DEBUG block.SCMBlockDeletingService (SCMBlockDeletingService.java:call(138)) - Running DeletedBlockTransactionScanner
2019-09-21 03:49:28,106 [SCMBlockDeletingService#0] DEBUG block.SCMBlockDeletingService (SCMBlockDeletingService.java:call(155)) - Scanned deleted blocks log and got 0 delTX to process.
2019-09-21 03:49:28,207 [SCMBlockDeletingService#0] DEBUG block.SCMBlockDeletingService (SCMBlockDeletingService.java:call(138)) - Running DeletedBlockTransactionScanner
2019-09-21 03:49:28,207 [SCMBlockDeletingService#0] DEBUG block.SCMBlockDeletingService (SCMBlockDeletingService.java:call(155)) - Scanned deleted blocks log and got 0 delTX to process.
2019-09-21 03:49:28,447 [SCMBlockDeletingService#0] DEBUG block.SCMBlockDeletingService (SCMBlockDeletingService.java:call(138)) - Running DeletedBlockTransactionScanner
2019-09-21 03:49:28,448 [SCMBlockDeletingService#0] DEBUG block.SCMBlockDeletingService (SCMBlockDeletingService.java:call(155)) - Scanned deleted blocks log and got 0 delTX to process.
2019-09-21 03:49:28,549 [SCMBlockDeletingService#0] DEBUG block.SCMBlockDeletingService (SCMBlockDeletingService.java:call(138)) - Running DeletedBlockTransactionScanner
2019-09-21 03:49:28,549 [SCMBlockDeletingService#0] DEBUG block.SCMBlockDeletingService (SCMBlockDeletingService.java:call(155)) - Scanned deleted blocks log and got 0 delTX to process.
2019-09-21 03:49:28,649 [SCMBlockDeletingService#0] DEBUG block.SCMBlockDeletingService (SCMBlockDeletingService.java:call(138)) - Running DeletedBlockTransactionScanner
2019-09-21 03:49:28,650 [SCMBlockDeletingService#0] DEBUG block.SCMBlockDeletingService (SCMBlockDeletingService.java:call(155)) - Scanned deleted blocks log and got 0 delTX to process.
2019-09-21 03:49:28,751 [SCMBlockDeletingService#0] DEBUG block.SCMBlockDeletingService (SCMBlockDeletingService.java:call(138)) - Running DeletedBlockTransactionScanner
2019-09-21 03:49:28,751 [SCMBlockDeletingService#0] DEBUG block.SCMBlockDeletingService (SCMBlockDeletingService.java:call(155)) - Scanned deleted blocks log and got 0 delTX to process.
2019-09-21 03:49:28,851 [SCMBlockDeletingService#0] DEBUG block.SCMBlockDeletingService (SCMBlockDeletingService.java:call(138)) - Running DeletedBlockTransactionScanner
2019-09-21 03:49:28,852 [SCMBlockDeletingService#0] DEBUG block.SCMBlockDeletingService (SCMBlockDeletingService.java:call(155)) - Scanned deleted blocks log and got 0 delTX to process.
2019-09-21 03:49:28,952 [SCMBlockDeletingService#0] DEBUG block.SCMBlockDeletingService (SCMBlockDeletingService.java:call(138)) - Running DeletedBlockTransactionScanner
2019-09-21 03:49:28,952 [SCMBlockDeletingService#0] DEBUG block.SCMBlockDeletingService (SCMBlockDeletingService.java:call(155)) - Scanned deleted blocks log and got 0 delTX to process.
2019-09-21 03:49:29,053 [SCMBlockDeletingService#0] DEBUG block.SCMBlockDeletingService (SCMBlockDeletingService.java:call(138)) - Running DeletedBlockTransactionScanner
2019-09-21 03:49:29,053 [SCMBlockDeletingService#0] DEBUG block.SCMBlockDeletingService (SCMBlockDeletingService.java:call(155)) - Scanned deleted blocks log and got 0 delTX to process.
2019-09-21 03:49:29,153 [SCMBlockDeletingService#0] DEBUG block.SCMBlockDeletingService (SCMBlockDeletingService.java:call(138)) - Running DeletedBlockTransactionScanner
2019-09-21 03:49:29,154 [SCMBlockDeletingService#0] DEBUG block.SCMBlockDeletingService (SCMBlockDeletingService.java:call(155)) - Scanned deleted blocks log and got 0 delTX to process.
2019-09-21 03:49:29,254 [SCMBlockDeletingService#0] DEBUG block.SCMBlockDeletingService (SCMBlockDeletingService.java:call(138)) - Running DeletedBlockTransactionScanner
2019-09-21 03:49:29,254 [SCMBlockDeletingService#0] DEBUG block.SCMBlockDeletingService (SCMBlockDeletingService.java:call(155)) - Scanned deleted blocks log and got 0 delTX to process.
2019-09-21 03:49:29,355 [SCMBlockDeletingService#0] DEBUG block.SCMBlockDeletingService (SCMBlockDeletingService.java:call(138)) - Running DeletedBlockTransactionScanner
2019-09-21 03:49:29,355 [SCMBlockDeletingService#0] DEBUG block.SCMBlockDeletingService (SCMBlockDeletingService.java:call(155)) - Scanned deleted blocks log and got 0 delTX to process.
2019-09-21 03:49:29,456 [SCMBlockDeletingService#0] DEBUG block.SCMBlockDeletingService (SCMBlockDeletingService.java:call(138)) - Running DeletedBlockTransactionScanner
2019-09-21 03:49:29,456 [SCMBlockDeletingService#0] DEBUG block.SCMBlockDeletingService (SCMBlockDeletingService.java:call(155)) - Scanned deleted blocks log and got 0 delTX to process.
2019-09-21 03:49:29,557 [SCMBlockDeletingService#0] DEBUG block.SCMBlockDeletingService (SCMBlockDeletingService.java:call(138)) - Running DeletedBlockTransactionScanner
2019-09-21 03:49:29,557 [SCMBlockDeletingService#0] DEBUG block.SCMBlockDeletingService (SCMBlockDeletingService.java:call(155)) - Scanned deleted blocks log and got 0 delTX to process.
2019-09-21 03:49:29,657 [SCMBlockDeletingService#0] DEBUG block.SCMBlockDeletingService (SCMBlockDeletingService.java:call(138)) - Running DeletedBlockTransactionScanner
2019-09-21 03:49:29,658 [SCMBlockDeletingService#0] DEBUG block.SCMBlockDeletingService (SCMBlockDeletingService.java:call(155)) - Scanned deleted blocks log and got 0 delTX to process.
2019-09-21 03:49:29,684 [grpc-default-executor-1] INFO  segmented.SegmentedRaftLogWorker (SegmentedRaftLogWorker.java:rollLogSegment(385)) - 555a71b6-7320-443e-bd9a-47cd6ebfc0cf@group-A814ED1B11EB-SegmentedRaftLogWorker: Rolling segment log-0_5286 to index:5286
2019-09-21 03:49:29,698 [555a71b6-7320-443e-bd9a-47cd6ebfc0cf@group-A814ED1B11EB-SegmentedRaftLogWorker] INFO  segmented.SegmentedRaftLogWorker (SegmentedRaftLogWorker.java:execute(526)) - 555a71b6-7320-443e-bd9a-47cd6ebfc0cf@group-A814ED1B11EB-SegmentedRaftLogWorker: Rolled log segment from /workdir/hadoop-ozone/integration-test/target/test-dir/MiniOzoneClusterImpl-9576e1a8-30c4-48cb-bc53-357cfd55dd46/datanode-0/data/ratis/ac09d141-6968-4575-83ac-a814ed1b11eb/current/log_inprogress_0 to /workdir/hadoop-ozone/integration-test/target/test-dir/MiniOzoneClusterImpl-9576e1a8-30c4-48cb-bc53-357cfd55dd46/datanode-0/data/ratis/ac09d141-6968-4575-83ac-a814ed1b11eb/current/log_0-5286
2019-09-21 03:49:29,748 [555a71b6-7320-443e-bd9a-47cd6ebfc0cf@group-A814ED1B11EB-SegmentedRaftLogWorker] INFO  segmented.SegmentedRaftLogWorker (SegmentedRaftLogWorker.java:execute(569)) - 555a71b6-7320-443e-bd9a-47cd6ebfc0cf@group-A814ED1B11EB-SegmentedRaftLogWorker: created new log segment /workdir/hadoop-ozone/integration-test/target/test-dir/MiniOzoneClusterImpl-9576e1a8-30c4-48cb-bc53-357cfd55dd46/datanode-0/data/ratis/ac09d141-6968-4575-83ac-a814ed1b11eb/current/log_inprogress_5287
2019-09-21 03:49:29,758 [SCMBlockDeletingService#0] DEBUG block.SCMBlockDeletingService (SCMBlockDeletingService.java:call(138)) - Running DeletedBlockTransactionScanner
2019-09-21 03:49:29,759 [SCMBlockDeletingService#0] DEBUG block.SCMBlockDeletingService (SCMBlockDeletingService.java:call(155)) - Scanned deleted blocks log and got 0 delTX to process.
2019-09-21 03:49:29,860 [SCMBlockDeletingService#0] DEBUG block.SCMBlockDeletingService (SCMBlockDeletingService.java:call(138)) - Running DeletedBlockTransactionScanner
2019-09-21 03:49:29,860 [SCMBlockDeletingService#0] DEBUG block.SCMBlockDeletingService (SCMBlockDeletingService.java:call(155)) - Scanned deleted blocks log and got 0 delTX to process.
2019-09-21 03:49:30,051 [SCMBlockDeletingService#0] DEBUG block.SCMBlockDeletingService (SCMBlockDeletingService.java:call(138)) - Running DeletedBlockTransactionScanner
2019-09-21 03:49:30,052 [SCMBlockDeletingService#0] DEBUG block.SCMBlockDeletingService (SCMBlockDeletingService.java:call(155)) - Scanned deleted blocks log and got 0 delTX to process.
2019-09-21 03:49:30,152 [SCMBlockDeletingService#0] DEBUG block.SCMBlockDeletingService (SCMBlockDeletingService.java:call(138)) - Running DeletedBlockTransactionScanner
2019-09-21 03:49:30,153 [SCMBlockDeletingService#0] DEBUG block.SCMBlockDeletingService (SCMBlockDeletingService.java:call(155)) - Scanned deleted blocks log and got 0 delTX to process.
2019-09-21 03:49:30,253 [SCMBlockDeletingService#0] DEBUG block.SCMBlockDeletingService (SCMBlockDeletingService.java:call(138)) - Running DeletedBlockTransactionScanner
2019-09-21 03:49:30,253 [SCMBlockDeletingService#0] DEBUG block.SCMBlockDeletingService (SCMBlockDeletingService.java:call(155)) - Scanned deleted blocks log and got 0 delTX to process.
2019-09-21 03:49:30,354 [SCMBlockDeletingService#0] DEBUG block.SCMBlockDeletingService (SCMBlockDeletingService.java:call(138)) - Running DeletedBlockTransactionScanner
2019-09-21 03:49:30,354 [SCMBlockDeletingService#0] DEBUG block.SCMBlockDeletingService (SCMBlockDeletingService.java:call(155)) - Scanned deleted blocks log and got 0 delTX to process.
2019-09-21 03:49:30,455 [SCMBlockDeletingService#0] DEBUG block.SCMBlockDeletingService (SCMBlockDeletingService.java:call(138)) - Running DeletedBlockTransactionScanner
2019-09-21 03:49:30,455 [SCMBlockDeletingService#0] DEBUG block.SCMBlockDeletingService (SCMBlockDeletingService.java:call(155)) - Scanned deleted blocks log and got 0 delTX to process.
2019-09-21 03:49:30,555 [SCMBlockDeletingService#0] DEBUG block.SCMBlockDeletingService (SCMBlockDeletingService.java:call(138)) - Running DeletedBlockTransactionScanner
2019-09-21 03:49:30,556 [SCMBlockDeletingService#0] DEBUG block.SCMBlockDeletingService (SCMBlockDeletingService.java:call(155)) - Scanned deleted blocks log and got 0 delTX to process.
2019-09-21 03:49:30,656 [SCMBlockDeletingService#0] DEBUG block.SCMBlockDeletingService (SCMBlockDeletingService.java:call(138)) - Running DeletedBlockTransactionScanner
2019-09-21 03:49:30,656 [SCMBlockDeletingService#0] DEBUG block.SCMBlockDeletingService (SCMBlockDeletingService.java:call(155)) - Scanned deleted blocks log and got 0 delTX to process.
2019-09-21 03:49:30,756 [SCMBlockDeletingService#0] DEBUG block.SCMBlockDeletingService (SCMBlockDeletingService.java:call(138)) - Running DeletedBlockTransactionScanner
2019-09-21 03:49:30,757 [SCMBlockDeletingService#0] DEBUG block.SCMBlockDeletingService (SCMBlockDeletingService.java:call(155)) - Scanned deleted blocks log and got 0 delTX to process.
2019-09-21 03:49:30,857 [SCMBlockDeletingService#0] DEBUG block.SCMBlockDeletingService (SCMBlockDeletingService.java:call(138)) - Running DeletedBlockTransactionScanner
2019-09-21 03:49:30,857 [SCMBlockDeletingService#0] DEBUG block.SCMBlockDeletingService (SCMBlockDeletingService.java:call(155)) - Scanned deleted blocks log and got 0 delTX to process.
2019-09-21 03:49:31,039 [SCMBlockDeletingService#0] DEBUG block.SCMBlockDeletingService (SCMBlockDeletingService.java:call(138)) - Running DeletedBlockTransactionScanner
2019-09-21 03:49:31,039 [SCMBlockDeletingService#0] DEBUG block.SCMBlockDeletingService (SCMBlockDeletingService.java:call(155)) - Scanned deleted blocks log and got 0 delTX to process.
2019-09-21 03:49:31,139 [SCMBlockDeletingService#0] DEBUG block.SCMBlockDeletingService (SCMBlockDeletingService.java:call(138)) - Running DeletedBlockTransactionScanner
2019-09-21 03:49:31,140 [SCMBlockDeletingService#0] DEBUG block.SCMBlockDeletingService (SCMBlockDeletingService.java:call(155)) - Scanned deleted blocks log and got 0 delTX to process.
2019-09-21 03:49:31,240 [SCMBlockDeletingService#0] DEBUG block.SCMBlockDeletingService (SCMBlockDeletingService.java:call(138)) - Running DeletedBlockTransactionScanner
2019-09-21 03:49:31,240 [SCMBlockDeletingService#0] DEBUG block.SCMBlockDeletingService (SCMBlockDeletingService.java:call(155)) - Scanned deleted blocks log and got 0 delTX to process.
2019-09-21 03:49:31,340 [SCMBlockDeletingService#0] DEBUG block.SCMBlockDeletingService (SCMBlockDeletingService.java:call(138)) - Running DeletedBlockTransactionScanner
2019-09-21 03:49:31,341 [SCMBlockDeletingService#0] DEBUG block.SCMBlockDeletingService (SCMBlockDeletingService.java:call(155)) - Scanned deleted blocks log and got 0 delTX to process.
2019-09-21 03:49:31,441 [SCMBlockDeletingService#0] DEBUG block.SCMBlockDeletingService (SCMBlockDeletingService.java:call(138)) - Running DeletedBlockTransactionScanner
2019-09-21 03:49:31,442 [SCMBlockDeletingService#0] DEBUG block.SCMBlockDeletingService (SCMBlockDeletingService.java:call(155)) - Scanned deleted blocks log and got 0 delTX to process.
2019-09-21 03:49:31,542 [SCMBlockDeletingService#0] DEBUG block.SCMBlockDeletingService (SCMBlockDeletingService.java:call(138)) - Running DeletedBlockTransactionScanner
2019-09-21 03:49:31,542 [SCMBlockDeletingService#0] DEBUG block.SCMBlockDeletingService (SCMBlockDeletingService.java:call(155)) - Scanned deleted blocks log and got 0 delTX to process.
2019-09-21 03:49:31,643 [SCMBlockDeletingService#0] DEBUG block.SCMBlockDeletingService (SCMBlockDeletingService.java:call(138)) - Running DeletedBlockTransactionScanner
2019-09-21 03:49:31,643 [SCMBlockDeletingService#0] DEBUG block.SCMBlockDeletingService (SCMBlockDeletingService.java:call(155)) - Scanned deleted blocks log and got 0 delTX to process.
2019-09-21 03:49:31,743 [SCMBlockDeletingService#0] DEBUG block.SCMBlockDeletingService (SCMBlockDeletingService.java:call(138)) - Running DeletedBlockTransactionScanner
2019-09-21 03:49:31,744 [SCMBlockDeletingService#0] DEBUG block.SCMBlockDeletingService (SCMBlockDeletingService.java:call(155)) - Scanned deleted blocks log and got 0 delTX to process.
2019-09-21 03:49:31,844 [SCMBlockDeletingService#0] DEBUG block.SCMBlockDeletingService (SCMBlockDeletingService.java:call(138)) - Running DeletedBlockTransactionScanner
2019-09-21 03:49:31,844 [SCMBlockDeletingService#0] DEBUG block.SCMBlockDeletingService (SCMBlockDeletingService.java:call(155)) - Scanned deleted blocks log and got 0 delTX to process.
2019-09-21 03:49:31,944 [SCMBlockDeletingService#0] DEBUG block.SCMBlockDeletingService (SCMBlockDeletingService.java:call(138)) - Running DeletedBlockTransactionScanner
2019-09-21 03:49:31,945 [SCMBlockDeletingService#0] DEBUG block.SCMBlockDeletingService (SCMBlockDeletingService.java:call(155)) - Scanned deleted blocks log and got 0 delTX to process.
2019-09-21 03:49:32,045 [SCMBlockDeletingService#0] DEBUG block.SCMBlockDeletingService (SCMBlockDeletingService.java:call(138)) - Running DeletedBlockTransactionScanner
2019-09-21 03:49:32,045 [SCMBlockDeletingService#0] DEBUG block.SCMBlockDeletingService (SCMBlockDeletingService.java:call(155)) - Scanned deleted blocks log and got 0 delTX to process.
2019-09-21 03:49:32,146 [SCMBlockDeletingService#0] DEBUG block.SCMBlockDeletingService (SCMBlockDeletingService.java:call(138)) - Running DeletedBlockTransactionScanner
2019-09-21 03:49:32,146 [SCMBlockDeletingService#0] DEBUG block.SCMBlockDeletingService (SCMBlockDeletingService.java:call(155)) - Scanned deleted blocks log and got 0 delTX to process.
2019-09-21 03:49:32,246 [SCMBlockDeletingService#0] DEBUG block.SCMBlockDeletingService (SCMBlockDeletingService.java:call(138)) - Running DeletedBlockTransactionScanner
2019-09-21 03:49:32,247 [SCMBlockDeletingService#0] DEBUG block.SCMBlockDeletingService (SCMBlockDeletingService.java:call(155)) - Scanned deleted blocks log and got 0 delTX to process.
2019-09-21 03:49:32,347 [SCMBlockDeletingService#0] DEBUG block.SCMBlockDeletingService (SCMBlockDeletingService.java:call(138)) - Running DeletedBlockTransactionScanner
2019-09-21 03:49:32,347 [SCMBlockDeletingService#0] DEBUG block.SCMBlockDeletingService (SCMBlockDeletingService.java:call(155)) - Scanned deleted blocks log and got 0 delTX to process.
2019-09-21 03:49:32,594 [SCMBlockDeletingService#0] DEBUG block.SCMBlockDeletingService (SCMBlockDeletingService.java:call(138)) - Running DeletedBlockTransactionScanner
2019-09-21 03:49:32,595 [SCMBlockDeletingService#0] DEBUG block.SCMBlockDeletingService (SCMBlockDeletingService.java:call(155)) - Scanned deleted blocks log and got 0 delTX to process.
2019-09-21 03:49:32,695 [SCMBlockDeletingService#0] DEBUG block.SCMBlockDeletingService (SCMBlockDeletingService.java:call(138)) - Running DeletedBlockTransactionScanner
2019-09-21 03:49:32,695 [SCMBlockDeletingService#0] DEBUG block.SCMBlockDeletingService (SCMBlockDeletingService.java:call(155)) - Scanned deleted blocks log and got 0 delTX to process.
2019-09-21 03:49:32,796 [SCMBlockDeletingService#0] DEBUG block.SCMBlockDeletingService (SCMBlockDeletingService.java:call(138)) - Running DeletedBlockTransactionScanner
2019-09-21 03:49:32,796 [SCMBlockDeletingService#0] DEBUG block.SCMBlockDeletingService (SCMBlockDeletingService.java:call(155)) - Scanned deleted blocks log and got 0 delTX to process.
2019-09-21 03:49:32,896 [SCMBlockDeletingService#0] DEBUG block.SCMBlockDeletingService (SCMBlockDeletingService.java:call(138)) - Running DeletedBlockTransactionScanner
2019-09-21 03:49:32,897 [SCMBlockDeletingService#0] DEBUG block.SCMBlockDeletingService (SCMBlockDeletingService.java:call(155)) - Scanned deleted blocks log and got 0 delTX to process.
2019-09-21 03:49:32,997 [SCMBlockDeletingService#0] DEBUG block.SCMBlockDeletingService (SCMBlockDeletingService.java:call(138)) - Running DeletedBlockTransactionScanner
2019-09-21 03:49:32,998 [SCMBlockDeletingService#0] DEBUG block.SCMBlockDeletingService (SCMBlockDeletingService.java:call(155)) - Scanned deleted blocks log and got 0 delTX to process.
2019-09-21 03:49:33,098 [SCMBlockDeletingService#1] DEBUG block.SCMBlockDeletingService (SCMBlockDeletingService.java:call(138)) - Running DeletedBlockTransactionScanner
2019-09-21 03:49:33,099 [SCMBlockDeletingService#1] DEBUG block.SCMBlockDeletingService (SCMBlockDeletingService.java:call(155)) - Scanned deleted blocks log and got 0 delTX to process.
2019-09-21 03:49:33,199 [SCMBlockDeletingService#1] DEBUG block.SCMBlockDeletingService (SCMBlockDeletingService.java:call(138)) - Running DeletedBlockTransactionScanner
2019-09-21 03:49:33,199 [SCMBlockDeletingService#1] DEBUG block.SCMBlockDeletingService (SCMBlockDeletingService.java:call(155)) - Scanned deleted blocks log and got 0 delTX to process.
2019-09-21 03:49:33,300 [SCMBlockDeletingService#1] DEBUG block.SCMBlockDeletingService (SCMBlockDeletingService.java:call(138)) - Running DeletedBlockTransactionScanner
2019-09-21 03:49:33,300 [SCMBlockDeletingService#1] DEBUG block.SCMBlockDeletingService (SCMBlockDeletingService.java:call(155)) - Scanned deleted blocks log and got 0 delTX to process.
2019-09-21 03:49:33,401 [SCMBlockDeletingService#1] DEBUG block.SCMBlockDeletingService (SCMBlockDeletingService.java:call(138)) - Running DeletedBlockTransactionScanner
2019-09-21 03:49:33,401 [SCMBlockDeletingService#1] DEBUG block.SCMBlockDeletingService (SCMBlockDeletingService.java:call(155)) - Scanned deleted blocks log and got 0 delTX to process.
2019-09-21 03:49:33,501 [SCMBlockDeletingService#1] DEBUG block.SCMBlockDeletingService (SCMBlockDeletingService.java:call(138)) - Running DeletedBlockTransactionScanner
2019-09-21 03:49:33,502 [SCMBlockDeletingService#1] DEBUG block.SCMBlockDeletingService (SCMBlockDeletingService.java:call(155)) - Scanned deleted blocks log and got 0 delTX to process.
2019-09-21 03:49:33,602 [SCMBlockDeletingService#1] DEBUG block.SCMBlockDeletingService (SCMBlockDeletingService.java:call(138)) - Running DeletedBlockTransactionScanner
2019-09-21 03:49:33,602 [SCMBlockDeletingService#1] DEBUG block.SCMBlockDeletingService (SCMBlockDeletingService.java:call(155)) - Scanned deleted blocks log and got 0 delTX to process.
2019-09-21 03:49:33,703 [SCMBlockDeletingService#1] DEBUG block.SCMBlockDeletingService (SCMBlockDeletingService.java:call(138)) - Running DeletedBlockTransactionScanner
2019-09-21 03:49:33,703 [SCMBlockDeletingService#1] DEBUG block.SCMBlockDeletingService (SCMBlockDeletingService.java:call(155)) - Scanned deleted blocks log and got 0 delTX to process.
2019-09-21 03:49:33,803 [SCMBlockDeletingService#1] DEBUG block.SCMBlockDeletingService (SCMBlockDeletingService.java:call(138)) - Running DeletedBlockTransactionScanner
2019-09-21 03:49:33,804 [SCMBlockDeletingService#1] DEBUG block.SCMBlockDeletingService (SCMBlockDeletingService.java:call(155)) - Scanned deleted blocks log and got 0 delTX to process.
2019-09-21 03:49:34,015 [SCMBlockDeletingService#1] DEBUG block.SCMBlockDeletingService (SCMBlockDeletingService.java:call(138)) - Running DeletedBlockTransactionScanner
2019-09-21 03:49:34,016 [SCMBlockDeletingService#1] DEBUG block.SCMBlockDeletingService (SCMBlockDeletingService.java:call(155)) - Scanned deleted blocks log and got 0 delTX to process.
2019-09-21 03:49:34,116 [SCMBlockDeletingService#1] DEBUG block.SCMBlockDeletingService (SCMBlockDeletingService.java:call(138)) - Running DeletedBlockTransactionScanner
2019-09-21 03:49:34,117 [SCMBlockDeletingService#1] DEBUG block.SCMBlockDeletingService (SCMBlockDeletingService.java:call(155)) - Scanned deleted blocks log and got 0 delTX to process.
2019-09-21 03:49:34,217 [SCMBlockDeletingService#1] DEBUG block.SCMBlockDeletingService (SCMBlockDeletingService.java:call(138)) - Running DeletedBlockTransactionScanner
2019-09-21 03:49:34,217 [SCMBlockDeletingService#1] DEBUG block.SCMBlockDeletingService (SCMBlockDeletingService.java:call(155)) - Scanned deleted blocks log and got 0 delTX to process.
2019-09-21 03:49:34,318 [SCMBlockDeletingService#1] DEBUG block.SCMBlockDeletingService (SCMBlockDeletingService.java:call(138)) - Running DeletedBlockTransactionScanner
2019-09-21 03:49:34,318 [SCMBlockDeletingService#1] DEBUG block.SCMBlockDeletingService (SCMBlockDeletingService.java:call(155)) - Scanned deleted blocks log and got 0 delTX to process.
2019-09-21 03:49:34,419 [SCMBlockDeletingService#1] DEBUG block.SCMBlockDeletingService (SCMBlockDeletingService.java:call(138)) - Running DeletedBlockTransactionScanner
2019-09-21 03:49:34,419 [SCMBlockDeletingService#1] DEBUG block.SCMBlockDeletingService (SCMBlockDeletingService.java:call(155)) - Scanned deleted blocks log and got 0 delTX to process.
2019-09-21 03:49:34,519 [SCMBlockDeletingService#1] DEBUG block.SCMBlockDeletingService (SCMBlockDeletingService.java:call(138)) - Running DeletedBlockTransactionScanner
2019-09-21 03:49:34,520 [SCMBlockDeletingService#1] DEBUG block.SCMBlockDeletingService (SCMBlockDeletingService.java:call(155)) - Scanned deleted blocks log and got 0 delTX to process.
2019-09-21 03:49:34,620 [SCMBlockDeletingService#1] DEBUG block.SCMBlockDeletingService (SCMBlockDeletingService.java:call(138)) - Running DeletedBlockTransactionScanner
2019-09-21 03:49:34,620 [SCMBlockDeletingService#1] DEBUG block.SCMBlockDeletingService (SCMBlockDeletingService.java:call(155)) - Scanned deleted blocks log and got 0 delTX to process.
2019-09-21 03:49:34,721 [SCMBlockDeletingService#1] DEBUG block.SCMBlockDeletingService (SCMBlockDeletingService.java:call(138)) - Running DeletedBlockTransactionScanner
2019-09-21 03:49:34,721 [SCMBlockDeletingService#1] DEBUG block.SCMBlockDeletingService (SCMBlockDeletingService.java:call(155)) - Scanned deleted blocks log and got 0 delTX to process.
2019-09-21 03:49:34,821 [SCMBlockDeletingService#1] DEBUG block.SCMBlockDeletingService (SCMBlockDeletingService.java:call(138)) - Running DeletedBlockTransactionScanner
2019-09-21 03:49:34,822 [SCMBlockDeletingService#1] DEBUG block.SCMBlockDeletingService (SCMBlockDeletingService.java:call(155)) - Scanned deleted blocks log and got 0 delTX to process.
2019-09-21 03:49:34,922 [SCMBlockDeletingService#1] DEBUG block.SCMBlockDeletingService (SCMBlockDeletingService.java:call(138)) - Running DeletedBlockTransactionScanner
2019-09-21 03:49:34,922 [SCMBlockDeletingService#1] DEBUG block.SCMBlockDeletingService (SCMBlockDeletingService.java:call(155)) - Scanned deleted blocks log and got 0 delTX to process.
2019-09-21 03:49:35,023 [SCMBlockDeletingService#0] DEBUG block.SCMBlockDeletingService (SCMBlockDeletingService.java:call(138)) - Running DeletedBlockTransactionScanner
2019-09-21 03:49:35,023 [SCMBlockDeletingService#0] DEBUG block.SCMBlockDeletingService (SCMBlockDeletingService.java:call(155)) - Scanned deleted blocks log and got 0 delTX to process.
2019-09-21 03:49:35,123 [SCMBlockDeletingService#1] DEBUG block.SCMBlockDeletingService (SCMBlockDeletingService.java:call(138)) - Running DeletedBlockTransactionScanner
2019-09-21 03:49:35,124 [SCMBlockDeletingService#1] DEBUG block.SCMBlockDeletingService (SCMBlockDeletingService.java:call(155)) - Scanned deleted blocks log and got 0 delTX to process.
2019-09-21 03:49:35,224 [SCMBlockDeletingService#1] DEBUG block.SCMBlockDeletingService (SCMBlockDeletingService.java:call(138)) - Running DeletedBlockTransactionScanner
2019-09-21 03:49:35,225 [SCMBlockDeletingService#1] DEBUG block.SCMBlockDeletingService (SCMBlockDeletingService.java:call(155)) - Scanned deleted blocks log and got 0 delTX to process.
2019-09-21 03:49:35,325 [SCMBlockDeletingService#1] DEBUG block.SCMBlockDeletingService (SCMBlockDeletingService.java:call(138)) - Running DeletedBlockTransactionScanner
2019-09-21 03:49:35,325 [SCMBlockDeletingService#1] DEBUG block.SCMBlockDeletingService (SCMBlockDeletingService.java:call(155)) - Scanned deleted blocks log and got 0 delTX to process.
2019-09-21 03:49:35,426 [SCMBlockDeletingService#0] DEBUG block.SCMBlockDeletingService (SCMBlockDeletingService.java:call(138)) - Running DeletedBlockTransactionScanner
2019-09-21 03:49:35,426 [SCMBlockDeletingService#0] DEBUG block.SCMBlockDeletingService (SCMBlockDeletingService.java:call(155)) - Scanned deleted blocks log and got 0 delTX to process.
2019-09-21 03:49:35,583 [SCMBlockDeletingService#0] DEBUG block.SCMBlockDeletingService (SCMBlockDeletingService.java:call(138)) - Running DeletedBlockTransactionScanner
2019-09-21 03:49:35,583 [SCMBlockDeletingService#0] DEBUG block.SCMBlockDeletingService (SCMBlockDeletingService.java:call(155)) - Scanned deleted blocks log and got 0 delTX to process.
2019-09-21 03:49:35,683 [SCMBlockDeletingService#0] DEBUG block.SCMBlockDeletingService (SCMBlockDeletingService.java:call(138)) - Running DeletedBlockTransactionScanner
2019-09-21 03:49:35,683 [SCMBlockDeletingService#0] DEBUG block.SCMBlockDeletingService (SCMBlockDeletingService.java:call(155)) - Scanned deleted blocks log and got 0 delTX to process.
2019-09-21 03:49:35,784 [SCMBlockDeletingService#0] DEBUG block.SCMBlockDeletingService (SCMBlockDeletingService.java:call(138)) - Running DeletedBlockTransactionScanner
2019-09-21 03:49:35,784 [SCMBlockDeletingService#0] DEBUG block.SCMBlockDeletingService (SCMBlockDeletingService.java:call(155)) - Scanned deleted blocks log and got 0 delTX to process.
2019-09-21 03:49:35,884 [SCMBlockDeletingService#0] DEBUG block.SCMBlockDeletingService (SCMBlockDeletingService.java:call(138)) - Running DeletedBlockTransactionScanner
2019-09-21 03:49:35,885 [SCMBlockDeletingService#0] DEBUG block.SCMBlockDeletingService (SCMBlockDeletingService.java:call(155)) - Scanned deleted blocks log and got 0 delTX to process.
2019-09-21 03:49:35,985 [SCMBlockDeletingService#0] DEBUG block.SCMBlockDeletingService (SCMBlockDeletingService.java:call(138)) - Running DeletedBlockTransactionScanner
2019-09-21 03:49:35,985 [SCMBlockDeletingService#0] DEBUG block.SCMBlockDeletingService (SCMBlockDeletingService.java:call(155)) - Scanned deleted blocks log and got 0 delTX to process.
2019-09-21 03:49:36,085 [SCMBlockDeletingService#0] DEBUG block.SCMBlockDeletingService (SCMBlockDeletingService.java:call(138)) - Running DeletedBlockTransactionScanner
2019-09-21 03:49:36,086 [SCMBlockDeletingService#0] DEBUG block.SCMBlockDeletingService (SCMBlockDeletingService.java:call(155)) - Scanned deleted blocks log and got 0 delTX to process.
2019-09-21 03:49:36,186 [SCMBlockDeletingService#0] DEBUG block.SCMBlockDeletingService (SCMBlockDeletingService.java:call(138)) - Running DeletedBlockTransactionScanner
2019-09-21 03:49:36,186 [SCMBlockDeletingService#0] DEBUG block.SCMBlockDeletingService (SCMBlockDeletingService.java:call(155)) - Scanned deleted blocks log and got 0 delTX to process.
2019-09-21 03:49:36,287 [SCMBlockDeletingService#0] DEBUG block.SCMBlockDeletingService (SCMBlockDeletingService.java:call(138)) - Running DeletedBlockTransactionScanner
2019-09-21 03:49:36,287 [SCMBlockDeletingService#0] DEBUG block.SCMBlockDeletingService (SCMBlockDeletingService.java:call(155)) - Scanned deleted blocks log and got 0 delTX to process.
2019-09-21 03:49:36,387 [SCMBlockDeletingService#0] DEBUG block.SCMBlockDeletingService (SCMBlockDeletingService.java:call(138)) - Running DeletedBlockTransactionScanner
2019-09-21 03:49:36,387 [SCMBlockDeletingService#0] DEBUG block.SCMBlockDeletingService (SCMBlockDeletingService.java:call(155)) - Scanned deleted blocks log and got 0 delTX to process.
2019-09-21 03:49:36,488 [SCMBlockDeletingService#0] DEBUG block.SCMBlockDeletingService (SCMBlockDeletingService.java:call(138)) - Running DeletedBlockTransactionScanner
2019-09-21 03:49:36,488 [SCMBlockDeletingService#0] DEBUG block.SCMBlockDeletingService (SCMBlockDeletingService.java:call(155)) - Scanned deleted blocks log and got 0 delTX to process.
2019-09-21 03:49:36,735 [SCMBlockDeletingService#0] DEBUG block.SCMBlockDeletingService (SCMBlockDeletingService.java:call(138)) - Running DeletedBlockTransactionScanner
2019-09-21 03:49:36,735 [SCMBlockDeletingService#0] DEBUG block.SCMBlockDeletingService (SCMBlockDeletingService.java:call(155)) - Scanned deleted blocks log and got 0 delTX to process.
2019-09-21 03:49:36,836 [SCMBlockDeletingService#0] DEBUG block.SCMBlockDeletingService (SCMBlockDeletingService.java:call(138)) - Running DeletedBlockTransactionScanner
2019-09-21 03:49:36,836 [SCMBlockDeletingService#0] DEBUG block.SCMBlockDeletingService (SCMBlockDeletingService.java:call(155)) - Scanned deleted blocks log and got 0 delTX to process.
2019-09-21 03:49:36,936 [SCMBlockDeletingService#0] DEBUG block.SCMBlockDeletingService (SCMBlockDeletingService.java:call(138)) - Running DeletedBlockTransactionScanner
2019-09-21 03:49:36,937 [SCMBlockDeletingService#0] DEBUG block.SCMBlockDeletingService (SCMBlockDeletingService.java:call(155)) - Scanned deleted blocks log and got 0 delTX to process.
2019-09-21 03:49:37,037 [SCMBlockDeletingService#1] DEBUG block.SCMBlockDeletingService (SCMBlockDeletingService.java:call(138)) - Running DeletedBlockTransactionScanner
2019-09-21 03:49:37,037 [SCMBlockDeletingService#1] DEBUG block.SCMBlockDeletingService (SCMBlockDeletingService.java:call(155)) - Scanned deleted blocks log and got 0 delTX to process.
2019-09-21 03:49:37,137 [SCMBlockDeletingService#1] DEBUG block.SCMBlockDeletingService (SCMBlockDeletingService.java:call(138)) - Running DeletedBlockTransactionScanner
2019-09-21 03:49:37,138 [SCMBlockDeletingService#1] DEBUG block.SCMBlockDeletingService (SCMBlockDeletingService.java:call(155)) - Scanned deleted blocks log and got 0 delTX to process.
2019-09-21 03:49:37,238 [SCMBlockDeletingService#1] DEBUG block.SCMBlockDeletingService (SCMBlockDeletingService.java:call(138)) - Running DeletedBlockTransactionScanner
2019-09-21 03:49:37,238 [SCMBlockDeletingService#1] DEBUG block.SCMBlockDeletingService (SCMBlockDeletingService.java:call(155)) - Scanned deleted blocks log and got 0 delTX to process.
2019-09-21 03:49:37,339 [SCMBlockDeletingService#1] DEBUG block.SCMBlockDeletingService (SCMBlockDeletingService.java:call(138)) - Running DeletedBlockTransactionScanner
2019-09-21 03:49:37,339 [SCMBlockDeletingService#1] DEBUG block.SCMBlockDeletingService (SCMBlockDeletingService.java:call(155)) - Scanned deleted blocks log and got 0 delTX to process.
2019-09-21 03:49:37,439 [SCMBlockDeletingService#1] DEBUG block.SCMBlockDeletingService (SCMBlockDeletingService.java:call(138)) - Running DeletedBlockTransactionScanner
2019-09-21 03:49:37,440 [SCMBlockDeletingService#1] DEBUG block.SCMBlockDeletingService (SCMBlockDeletingService.java:call(155)) - Scanned deleted blocks log and got 0 delTX to process.
2019-09-21 03:49:37,540 [SCMBlockDeletingService#1] DEBUG block.SCMBlockDeletingService (SCMBlockDeletingService.java:call(138)) - Running DeletedBlockTransactionScanner
2019-09-21 03:49:37,540 [SCMBlockDeletingService#1] DEBUG block.SCMBlockDeletingService (SCMBlockDeletingService.java:call(155)) - Scanned deleted blocks log and got 0 delTX to process.
2019-09-21 03:49:37,562 [IPC Server handler 5 on 46330] INFO  server.SCMBlockProtocolServer (SCMBlockProtocolServer.java:deleteKeyBlocks(212)) - SCM is informed by OM to delete 1 blocks
2019-09-21 03:49:37,563 [IPC Server handler 5 on 46330] INFO  block.BlockManagerImpl (BlockManagerImpl.java:deleteBlocks(269)) - Deleting blocks conID: 1 locID: 102828454146867200 bcsId: 0,conID: 2 locID: 102828454147260417 bcsId: 0,conID: 3 locID: 102828454147260418 bcsId: 0,conID: 1 locID: 102828454147457027 bcsId: 0,conID: 2 locID: 102828454147522564 bcsId: 0,conID: 3 locID: 102828454147522565 bcsId: 0,conID: 1 locID: 102828454475792391 bcsId: 0,conID: 2 locID: 102828454482411528 bcsId: 0,conID: 3 locID: 102828454492438537 bcsId: 0,conID: 1 locID: 102828454498467850 bcsId: 0,conID: 2 locID: 102828454505938955 bcsId: 0,conID: 3 locID: 102828454511116300 bcsId: 0,conID: 1 locID: 102828454525141005 bcsId: 0,conID: 2 locID: 102828454532939790 bcsId: 0,conID: 3 locID: 102828454550765583 bcsId: 0,conID: 1 locID: 102828454558040080 bcsId: 0,conID: 2 locID: 102828454568329233 bcsId: 0,conID: 3 locID: 102828454594084882 bcsId: 0,conID: 1 locID: 102828454603587603 bcsId: 0,conID: 2 locID: 102828454611386388 bcsId: 0,conID: 3 locID: 102828454618595349 bcsId: 0,conID: 1 locID: 102828454625411094 bcsId: 0,conID: 2 locID: 102828454632751127 bcsId: 0,conID: 3 locID: 102828454647300120 bcsId: 0,conID: 1 locID: 102828454657196057 bcsId: 0,conID: 2 locID: 102828454663421978 bcsId: 0,conID: 3 locID: 102828454669516827 bcsId: 0,conID: 1 locID: 102828454676463644 bcsId: 0,conID: 2 locID: 102828454689177629 bcsId: 0,conID: 3 locID: 102828454694158366 bcsId: 0,conID: 1 locID: 102828454696845343 bcsId: 0,conID: 2 locID: 102828454699991072 bcsId: 0,conID: 3 locID: 102828454702350369 bcsId: 0,conID: 1 locID: 102828454718406690 bcsId: 0,conID: 2 locID: 102828454733348899 bcsId: 0,conID: 3 locID: 102828454742065188 bcsId: 0,conID: 1 locID: 102828454747766821 bcsId: 0,conID: 2 locID: 102828454754058278 bcsId: 0,conID: 3 locID: 102828454761463847 bcsId: 0,conID: 1 locID: 102828454779420712 bcsId: 0,conID: 2 locID: 102828454784794665 bcsId: 0,conID: 3 locID: 102828454790430762 bcsId: 0,conID: 1 locID: 102828454796656683 bcsId: 0,conID: 2 locID: 102828454802882604 bcsId: 0,conID: 3 locID: 102828454809436205 bcsId: 0,conID: 1 locID: 102828454821560366 bcsId: 0,conID: 2 locID: 102828454830145583 bcsId: 0,conID: 3 locID: 102828454839124016 bcsId: 0,conID: 1 locID: 102828454845939761 bcsId: 0,conID: 2 locID: 102828454850723890 bcsId: 0,conID: 3 locID: 102828454870122547 bcsId: 0,conID: 1 locID: 102828454874775604 bcsId: 0,conID: 2 locID: 102828454879035445 bcsId: 0,conID: 3 locID: 102828454883164214 bcsId: 0,conID: 1 locID: 102828454887620663 bcsId: 0,conID: 2 locID: 102828454892798008 bcsId: 0,conID: 3 locID: 102828454902431801 bcsId: 0,conID: 1 locID: 102828454905577530 bcsId: 0,conID: 2 locID: 102828454942081083 bcsId: 0,conID: 3 locID: 102828454945554492 bcsId: 0,conID: 1 locID: 102828454949158973 bcsId: 0,conID: 2 locID: 102828454963707966 bcsId: 0,conID: 3 locID: 102828454967312447 bcsId: 0,conID: 1 locID: 102828454970720320 bcsId: 0,conID: 2 locID: 102828454974324801 bcsId: 0,conID: 3 locID: 102828454977536066 bcsId: 0,conID: 1 locID: 102828454980550723 bcsId: 0,conID: 2 locID: 102828454989856836 bcsId: 0,conID: 3 locID: 102828454997065797 bcsId: 0,conID: 1 locID: 102828455001456710 bcsId: 0,conID: 2 locID: 102828455004930119 bcsId: 0,conID: 3 locID: 102828455009583176 bcsId: 0,conID: 1 locID: 102828455021314121 bcsId: 0,conID: 2 locID: 102828455028195402 bcsId: 0,conID: 3 locID: 102828455034552395 bcsId: 0,conID: 1 locID: 102828455041302604 bcsId: 0,conID: 2 locID: 102828455046873165 bcsId: 0,conID: 3 locID: 102828455055458382 bcsId: 0,conID: 1 locID: 102828455070138447 bcsId: 0,conID: 2 locID: 102828455075512400 bcsId: 0,conID: 3 locID: 102828455082459217 bcsId: 0,conID: 1 locID: 102828455089406034 bcsId: 0,conID: 2 locID: 102828455095959635 bcsId: 0,conID: 3 locID: 102828455110508628 bcsId: 0,conID: 1 locID: 102828455114375253 bcsId: 0,conID: 2 locID: 102828455123091542 bcsId: 0,conID: 3 locID: 102828455126696023 bcsId: 0,conID: 1 locID: 102828455130431576 bcsId: 0,conID: 2 locID: 102828455134691417 bcsId: 0,conID: 3 locID: 102828455146094682 bcsId: 0,conID: 1 locID: 102828455149699163 bcsId: 0,conID: 2 locID: 102828455153696860 bcsId: 0,conID: 3 locID: 102828455157497949 bcsId: 0,conID: 1 locID: 102828455161167966 bcsId: 0,conID: 2 locID: 102828455176044639 bcsId: 0,conID: 3 locID: 102828455179583584 bcsId: 0,conID: 1 locID: 102828455182860385 bcsId: 0,conID: 2 locID: 102828455186202722 bcsId: 0,conID: 3 locID: 102828455191052387 bcsId: 0,conID: 1 locID: 102828455197409380 bcsId: 0,conID: 2 locID: 102828455211761765 bcsId: 0,conID: 3 locID: 102828455217397862 bcsId: 0,conID: 1 locID: 102828455223165031 bcsId: 0,conID: 2 locID: 102828455228997736 bcsId: 0,conID: 3 locID: 102828455242236009 bcsId: 0,conID: 1 locID: 102828455254687850 bcsId: 0,conID: 2 locID: 102828455259799659 bcsId: 0,conID: 3 locID: 102828455263010924 bcsId: 0,conID: 1 locID: 102828455266353261 bcsId: 0,conID: 2 locID: 102828455269433454 bcsId: 0,conID: 3 locID: 102828455271465071 bcsId: 0,conID: 1 locID: 102828455280640112 bcsId: 0,conID: 2 locID: 102828455289028721 bcsId: 0,conID: 3 locID: 102828455293026418 bcsId: 0,conID: 1 locID: 102828455296303219 bcsId: 0,conID: 2 locID: 102828455301611636 bcsId: 0,conID: 3 locID: 102828455304953973 bcsId: 0,conID: 1 locID: 102828455314587766 bcsId: 0,conID: 2 locID: 102828455317995639 bcsId: 0,conID: 3 locID: 102828455320748152 bcsId: 0,conID: 1 locID: 102828455323959417 bcsId: 0,conID: 2 locID: 102828455327236218 bcsId: 0,conID: 3 locID: 102828455342047355 bcsId: 0,conID: 1 locID: 102828455345979516 bcsId: 0,conID: 2 locID: 102828455349190781 bcsId: 0,conID: 3 locID: 102828455352402046 bcsId: 0,conID: 1 locID: 102828455355613311 bcsId: 0,conID: 2 locID: 102828455358627968 bcsId: 0,conID: 3 locID: 102828455369179265 bcsId: 0,conID: 1 locID: 102828455372259458 bcsId: 0,conID: 2 locID: 102828455395786883 bcsId: 0,conID: 3 locID: 102828455398932612 bcsId: 0,conID: 1 locID: 102828455401881733 bcsId: 0,conID: 2 locID: 102828455412105350 bcsId: 0,conID: 3 locID: 102828455416103047 bcsId: 0,conID: 1 locID: 102828455419248776 bcsId: 0,conID: 2 locID: 102828455422460041 bcsId: 0,conID: 3 locID: 102828455425474698 bcsId: 0,conID: 1 locID: 102828455428096139 bcsId: 0,conID: 2 locID: 102828455441006732 bcsId: 0,conID: 3 locID: 102828455444021389 bcsId: 0,conID: 1 locID: 102828455448805518 bcsId: 0,conID: 2 locID: 102828455454703759 bcsId: 0,conID: 3 locID: 102828455460077712 bcsId: 0,conID: 1 locID: 102828455475282065 bcsId: 0,conID: 2 locID: 102828455482687634 bcsId: 0,conID: 3 locID: 102828455491731603 bcsId: 0,conID: 1 locID: 102828455497040020 bcsId: 0,conID: 2 locID: 102828455508181141 bcsId: 0,conID: 3 locID: 102828455514603670 bcsId: 0,conID: 1 locID: 102828455526072471 bcsId: 0,conID: 2 locID: 102828455530987672 bcsId: 0,conID: 3 locID: 102828455536623769 bcsId: 0,conID: 1 locID: 102828455545733274 bcsId: 0,conID: 2 locID: 102828455550582939 bcsId: 0,conID: 3 locID: 102828455562510492 bcsId: 0,conID: 1 locID: 102828455570112669 bcsId: 0,conID: 2 locID: 102828455573389470 bcsId: 0,conID: 3 locID: 102828455577649311 bcsId: 0,conID: 1 locID: 102828455583088800 bcsId: 0,conID: 2 locID: 102828455588855969 bcsId: 0,conID: 3 locID: 102828455605698722 bcsId: 0,conID: 1 locID: 102828455611465891 bcsId: 0,conID: 2 locID: 102828455617953956 bcsId: 0,conID: 3 locID: 102828455623262373 bcsId: 0,conID: 1 locID: 102828455629684902 bcsId: 0,conID: 2 locID: 102828455647379623 bcsId: 0,conID: 3 locID: 102828455655243944 bcsId: 0,conID: 1 locID: 102828455661797545 bcsId: 0,conID: 2 locID: 102828455671693482 bcsId: 0,conID: 3 locID: 102828455677460651 bcsId: 0,conID: 1 locID: 102828455683031212 bcsId: 0,conID: 2 locID: 102828455695614125 bcsId: 0,conID: 3 locID: 102828455702823086 bcsId: 0,conID: 1 locID: 102828455716454575 bcsId: 0,conID: 2 locID: 102828455722811568 bcsId: 0,conID: 3 locID: 102828455732117681 bcsId: 0,conID: 1 locID: 102828455742603442 bcsId: 0,conID: 2 locID: 102828455746011315 bcsId: 0,conID: 3 locID: 102828455749157044 bcsId: 0,conID: 1 locID: 102828455752106165 bcsId: 0,conID: 2 locID: 102828455756038326 bcsId: 0,conID: 3 locID: 102828455759904951 bcsId: 0,conID: 1 locID: 102828455786053816 bcsId: 0,conID: 2 locID: 102828455794573497 bcsId: 0,conID: 3 locID: 102828455800144058 bcsId: 0,conID: 1 locID: 102828455806697659 bcsId: 0,conID: 2 locID: 102828455812530364 bcsId: 0,conID: 3 locID: 102828455826751677 bcsId: 0,conID: 1 locID: 102828455834157246 bcsId: 0,conID: 2 locID: 102828455839334591 bcsId: 0,conID: 3 locID: 102828455843135680 bcsId: 0,conID: 1 locID: 102828455850082497 bcsId: 0,conID: 2 locID: 102828455870202050 bcsId: 0,conID: 3 locID: 102828455883243715 bcsId: 0,conID: 1 locID: 102828455889338564 bcsId: 0,conID: 2 locID: 102828455895498949 bcsId: 0,conID: 3 locID: 102828455901593798 bcsId: 0,conID: 1 locID: 102828455907229895 bcsId: 0,conID: 2 locID: 102828455919616200 bcsId: 0,conID: 3 locID: 102828455923679433 bcsId: 0,conID: 1 locID: 102828455927349450 bcsId: 0,conID: 2 locID: 102828455940128971 bcsId: 0,conID: 3 locID: 102828455943340236 bcsId: 0,conID: 1 locID: 102828455947403469 bcsId: 0,conID: 2 locID: 102828455956119758 bcsId: 0,conID: 3 locID: 102828455959199951 bcsId: 0,conID: 1 locID: 102828455963787472 bcsId: 0,conID: 2 locID: 102828455967719633 bcsId: 0,conID: 3 locID: 102828455971389650 bcsId: 0,conID: 1 locID: 102828455980499155 bcsId: 0,conID: 2 locID: 102828455983841492 bcsId: 0,conID: 3 locID: 102828456044593365 bcsId: 0,conID: 1 locID: 102828456048066774 bcsId: 0,conID: 2 locID: 102828456050622679 bcsId: 0,conID: 3 locID: 102828456053965016 bcsId: 0,conID: 1 locID: 102828456063205593 bcsId: 0,conID: 2 locID: 102828456067072218 bcsId: 0,conID: 3 locID: 102828456070414555 bcsId: 0,conID: 1 locID: 102828456076771548 bcsId: 0,conID: 2 locID: 102828456082997469 bcsId: 0,conID: 3 locID: 102828456090009822 bcsId: 0,conID: 1 locID: 102828456104689887 bcsId: 0,conID: 2 locID: 102828456114716896 bcsId: 0,conID: 3 locID: 102828456119828705 bcsId: 0,conID: 1 locID: 102828456127955170 bcsId: 0,conID: 2 locID: 102828456133591267 bcsId: 0,conID: 3 locID: 102828456145584356 bcsId: 0,conID: 1 locID: 102828456152137957 bcsId: 0,conID: 2 locID: 102828456158626022 bcsId: 0,conID: 3 locID: 102828456166818023 bcsId: 0,conID: 1 locID: 102828456173830376 bcsId: 0,conID: 2 locID: 102828456182612201 bcsId: 0,conID: 3 locID: 102828456196505834 bcsId: 0,conID: 1 locID: 102828456215380203 bcsId: 0,conID: 2 locID: 102828456220950764 bcsId: 0,conID: 3 locID: 102828456227832045 bcsId: 0,conID: 1 locID: 102828456234123502 bcsId: 0,conID: 2 locID: 102828456249458927 bcsId: 0,conID: 3 locID: 102828456253194480 bcsId: 0,conID: 1 locID: 102828456257847537 bcsId: 0,conID: 2 locID: 102828456261648626 bcsId: 0,conID: 3 locID: 102828456265646323 bcsId: 0,conID: 1 locID: 102828456269250804 bcsId: 0,conID: 2 locID: 102828456280522997 bcsId: 0,conID: 3 locID: 102828456285176054 bcsId: 0,conID: 1 locID: 102828456303657207 bcsId: 0,conID: 2 locID: 102828456308244728 bcsId: 0,conID: 3 locID: 102828456314732793 bcsId: 0,conID: 1 locID: 102828456326660346 bcsId: 0,conID: 2 locID: 102828456332886267 bcsId: 0,conID: 3 locID: 102828456339964156 bcsId: 0,conID: 1 locID: 102828456345993469 bcsId: 0,conID: 2 locID: 102828456353136894 bcsId: 0,conID: 3 locID: 102828456358969599 bcsId: 0,conID: 1 locID: 102828456370635008 bcsId: 0,conID: 2 locID: 102828456378237185 bcsId: 0,conID: 3 locID: 102828456381645058 bcsId: 0,conID: 1 locID: 102828456395800835 bcsId: 0,conID: 2 locID: 102828456401764612 bcsId: 0,conID: 3 locID: 102828456415854853 bcsId: 0,conID: 1 locID: 102828456426537222 bcsId: 0,conID: 2 locID: 102828456432632071 bcsId: 0,conID: 3 locID: 102828456438268168 bcsId: 0,conID: 1 locID: 102828456444231945 bcsId: 0,conID: 2 locID: 102828456448753930 bcsId: 0,conID: 3 locID: 102828456459895051 bcsId: 0,conID: 1 locID: 102828456462975244 bcsId: 0,conID: 2 locID: 102828456466710797 bcsId: 0,conID: 3 locID: 102828456470315278 bcsId: 0,conID: 1 locID: 102828456473788687 bcsId: 0,conID: 2 locID: 102828456495743248 bcsId: 0,conID: 3 locID: 102828456501575953 bcsId: 0,conID: 1 locID: 102828456509767954 bcsId: 0,conID: 2 locID: 102828456515010835 bcsId: 0,conID: 3 locID: 102828456521957652 bcsId: 0,conID: 1 locID: 102828456532312341 bcsId: 0,conID: 2 locID: 102828456544370966 bcsId: 0,conID: 3 locID: 102828456550793495 bcsId: 0,conID: 1 locID: 102828456558592280 bcsId: 0,conID: 2 locID: 102828456561934617 bcsId: 0,conID: 3 locID: 102828456587165978 bcsId: 0,conID: 1 locID: 102828456616198427 bcsId: 0,conID: 2 locID: 102828456619933980 bcsId: 0,conID: 3 locID: 102828456624587037 bcsId: 0,conID: 1 locID: 102828456627863838 bcsId: 0,conID: 2 locID: 102828456631075103 bcsId: 0,conID: 3 locID: 102828456634155296 bcsId: 0,conID: 1 locID: 102828456643068193 bcsId: 0,conID: 2 locID: 102828456646279458 bcsId: 0,conID: 3 locID: 102828456649294115 bcsId: 0,conID: 1 locID: 102828456652570916 bcsId: 0,conID: 2 locID: 102828456655847717 bcsId: 0,conID: 3 locID: 102828456670462246 bcsId: 0,conID: 1 locID: 102828456673607975 bcsId: 0,conID: 2 locID: 102828456676688168 bcsId: 0,conID: 3 locID: 102828456679833897 bcsId: 0,conID: 1 locID: 102828456685142314 bcsId: 0,conID: 2 locID: 102828456690975019 bcsId: 0,conID: 3 locID: 102828456706375980 bcsId: 0,conID: 1 locID: 102828456711946541 bcsId: 0,conID: 2 locID: 102828456717254958 bcsId: 0,conID: 3 locID: 102828456724660527 bcsId: 0,conID: 1 locID: 102828456732393776 bcsId: 0,conID: 2 locID: 102828456754544945 bcsId: 0,conID: 3 locID: 102828456760836402 bcsId: 0,conID: 1 locID: 102828456766013747 bcsId: 0,conID: 2 locID: 102828456771846452 bcsId: 0,conID: 3 locID: 102828456775778613 bcsId: 0,conID: 1 locID: 102828456780169526 bcsId: 0,conID: 2 locID: 102828456792228151 bcsId: 0,conID: 3 locID: 102828456796225848 bcsId: 0,conID: 1 locID: 102828456799633721 bcsId: 0,conID: 2 locID: 102828456804090170 bcsId: 0,conID: 3 locID: 102828456808022331 bcsId: 0,conID: 1 locID: 102828456830042428 bcsId: 0,conID: 2 locID: 102828456836202813 bcsId: 0,conID: 3 locID: 102828456841314622 bcsId: 0,conID: 1 locID: 102828456846688575 bcsId: 0,conID: 2 locID: 102828456854159680 bcsId: 0,conID: 3 locID: 102828456860057921 bcsId: 0,conID: 1 locID: 102828456871723330 bcsId: 0,conID: 2 locID: 102828456875000131 bcsId: 0,conID: 3 locID: 102828456879456580 bcsId: 0,conID: 1 locID: 102828456882143557 bcsId: 0,conID: 2 locID: 102828456884896070 bcsId: 0,conID: 3 locID: 102828456889352519 bcsId: 0,conID: 1 locID: 102828456915894600 bcsId: 0,conID: 2 locID: 102828456922251593 bcsId: 0,conID: 3 locID: 102828457764716874 bcsId: 0,conID: 1 locID: 102828457771729227 bcsId: 0,conID: 2 locID: 102828457775726924 bcsId: 0,conID: 3 locID: 102828457789096269 bcsId: 0,conID: 1 locID: 102828457793421646 bcsId: 0,conID: 2 locID: 102828457801285967 bcsId: 0,conID: 3 locID: 102828457808953680 bcsId: 0,conID: 1 locID: 102828457815900497 bcsId: 0,conID: 2 locID: 102828457836282194 bcsId: 0,conID: 3 locID: 102828457852469587 bcsId: 0,conID: 1 locID: 102828457859219796 bcsId: 0,conID: 2 locID: 102828457865576789 bcsId: 0,conID: 3 locID: 102828457873441110 bcsId: 0,conID: 1 locID: 102828457881502039 bcsId: 0,conID: 2 locID: 102828457894347096 bcsId: 0,conID: 3 locID: 102828457899917657 bcsId: 0,conID: 1 locID: 102828457909420378 bcsId: 0,conID: 2 locID: 102828457916629339 bcsId: 0,conID: 3 locID: 102828457922003292 bcsId: 0,conID: 1 locID: 102828457928294749 bcsId: 0,conID: 2 locID: 102828457954902366 bcsId: 0,conID: 3 locID: 102828457963225439 bcsId: 0,conID: 1 locID: 102828457969254752 bcsId: 0,conID: 2 locID: 102828457977381217 bcsId: 0,conID: 3 locID: 102828457984917858 bcsId: 0,conID: 1 locID: 102828457998156131 bcsId: 0,conID: 2 locID: 102828458004840804 bcsId: 0,conID: 3 locID: 102828458012770661 bcsId: 0,conID: 1 locID: 102828458019455334 bcsId: 0,conID: 2 locID: 102828458026336615 bcsId: 0,conID: 3 locID: 102828458033480040 bcsId: 0,conID: 1 locID: 102828458056941929 bcsId: 0,conID: 2 locID: 102828458063757674 bcsId: 0,conID: 3 locID: 102828458071556459 bcsId: 0,conID: 1 locID: 102828458077323628 bcsId: 0,conID: 2 locID: 102828458083221869 bcsId: 0,conID: 3 locID: 102828458094952814 bcsId: 0,conID: 1 locID: 102828458100064623 bcsId: 0,conID: 2 locID: 102828458105766256 bcsId: 0,conID: 3 locID: 102828458114417009 bcsId: 0,conID: 1 locID: 102828458120053106 bcsId: 0,conID: 2 locID: 102828458126803315 bcsId: 0,conID: 3 locID: 102828458141155700 bcsId: 0,conID: 1 locID: 102828458158063989 bcsId: 0,conID: 2 locID: 102828458164224374 bcsId: 0,conID: 3 locID: 102828458171105655 bcsId: 0,conID: 1 locID: 102828458180346232 bcsId: 0,conID: 2 locID: 102828458195026297 bcsId: 0,conID: 3 locID: 102828458201579898 bcsId: 0,conID: 1 locID: 102828458208788859 bcsId: 0,conID: 2 locID: 102828458213507452 bcsId: 0,conID: 3 locID: 102828458219733373 bcsId: 0,conID: 1 locID: 102828458226614654 bcsId: 0,conID: 2 locID: 102828458241098111 bcsId: 0,conID: 3 locID: 102828458250404224 bcsId: 0,conID: 1 locID: 102828458257809793 bcsId: 0,conID: 2 locID: 102828458279502210 bcsId: 0,conID: 3 locID: 102828458285072771 bcsId: 0,conID: 1 locID: 102828458297262468 bcsId: 0,conID: 2 locID: 102828458300604805 bcsId: 0,conID: 3 locID: 102828458303881606 bcsId: 0,conID: 1 locID: 102828458307092871 bcsId: 0,conID: 2 locID: 102828458310566280 bcsId: 0,conID: 3 locID: 102828458313974153 bcsId: 0,conID: 1 locID: 102828458323739018 bcsId: 0,conID: 2 locID: 102828458326819211 bcsId: 0,conID: 3 locID: 102828458329899404 bcsId: 0,conID: 1 locID: 102828458333110669 bcsId: 0,conID: 2 locID: 102828458336780686 bcsId: 0,conID: 3 locID: 102828458358276495 bcsId: 0,conID: 1 locID: 102828458366468496 bcsId: 0,conID: 2 locID: 102828458373349777 bcsId: 0,conID: 3 locID: 102828458380689810 bcsId: 0,conID: 1 locID: 102828458388750739 bcsId: 0,conID: 2 locID: 102828458396549524 bcsId: 0,conID: 3 locID: 102828458410312085 bcsId: 0,conID: 1 locID: 102828458416472470 bcsId: 0,conID: 2 locID: 102828458426302871 bcsId: 0,conID: 3 locID: 102828458432266648 bcsId: 0,conID: 1 locID: 102828458439737753 bcsId: 0,conID: 2 locID: 102828458466214298 bcsId: 0,conID: 3 locID: 102828458472440219 bcsId: 0,conID: 1 locID: 102828458476437916 bcsId: 0,conID: 2 locID: 102828458482925981 bcsId: 0,conID: 3 locID: 102828458489348510 bcsId: 0,conID: 1 locID: 102828458500751775 bcsId: 0,conID: 2 locID: 102828458515104160 bcsId: 0,conID: 3 locID: 102828458522509729 bcsId: 0,conID: 1 locID: 102828458531750306 bcsId: 0,conID: 2 locID: 102828458539024803 bcsId: 0,conID: 3 locID: 102828458546561444 bcsId: 0,conID: 1 locID: 102828458562617765 bcsId: 0,conID: 2 locID: 102828458579853734 bcsId: 0,conID: 3 locID: 102828458583523751 bcsId: 0,conID: 1 locID: 102828458586800552 bcsId: 0,conID: 2 locID: 102828458590273961 bcsId: 0,conID: 3 locID: 102828458593878442 bcsId: 0,conID: 1 locID: 102828458602398123 bcsId: 0,conID: 2 locID: 102828458605347244 bcsId: 0,conID: 3 locID: 102828458608689581 bcsId: 0,conID: 1 locID: 102828458612162990 bcsId: 0,conID: 2 locID: 102828458617733551 bcsId: 0,conID: 3 locID: 102828458623566256 bcsId: 0,conID: 1 locID: 102828458637263281 bcsId: 0,conID: 2 locID: 102828458656596402 bcsId: 0,conID: 3 locID: 102828458661183923 bcsId: 0,conID: 1 locID: 102828458664919476 bcsId: 0,conID: 2 locID: 102828458669113781 bcsId: 0,conID: 3 locID: 102828458679665078 bcsId: 0,conID: 1 locID: 102828458683466167 bcsId: 0,conID: 2 locID: 102828458687005112 bcsId: 0,conID: 3 locID: 102828458690478521 bcsId: 0,conID: 1 locID: 102828458693755322 bcsId: 0,conID: 2 locID: 102828458696507835 bcsId: 0,conID: 3 locID: 102828458708435388 bcsId: 0,conID: 1 locID: 102828458711450045 bcsId: 0,conID: 2 locID: 102828458744086974 bcsId: 0,conID: 3 locID: 102828458749395391 bcsId: 0,conID: 1 locID: 102828458756080064 bcsId: 0,conID: 2 locID: 102828458772070849 bcsId: 0,conID: 3 locID: 102828458779738562 bcsId: 0,conID: 1 locID: 102828458807460291 bcsId: 0,conID: 2 locID: 102828458910941636 bcsId: 0,conID: 3 locID: 102828458922148293 bcsId: 0,conID: 1 locID: 102828458930012614 bcsId: 0,conID: 2 locID: 102828458946396615 bcsId: 0,conID: 3 locID: 102828458953212360 bcsId: 0,conID: 1 locID: 102828458960814537 bcsId: 0,conID: 2 locID: 102828458967237066 bcsId: 0,conID: 3 locID: 102828458983948747 bcsId: 0,conID: 1 locID: 102828458998235596 bcsId: 0,conID: 2 locID: 102828459008197069 bcsId: 0,conID: 3 locID: 102828459014488526 bcsId: 0,conID: 1 locID: 102828459021238735 bcsId: 0,conID: 2 locID: 102828459027595728 bcsId: 0,conID: 3 locID: 102828459035328977 bcsId: 0,conID: 1 locID: 102828459050009042 bcsId: 0,conID: 2 locID: 102828459057611219 bcsId: 0,conID: 3 locID: 102828459069014484 bcsId: 0,conID: 1 locID: 102828459076485589 bcsId: 0,conID: 2 locID: 102828459082514902 bcsId: 0,conID: 3 locID: 102828459102437847 bcsId: 0,conID: 1 locID: 102828459108532696 bcsId: 0,conID: 2 locID: 102828459115020761 bcsId: 0,conID: 3 locID: 102828459120001498 bcsId: 0,conID: 1 locID: 102828459125572059 bcsId: 0,conID: 2 locID: 102828459135926748 bcsId: 0,conID: 3 locID: 102828459148444125 bcsId: 0,conID: 1 locID: 102828459154473438 bcsId: 0,conID: 2 locID: 102828459160764895 bcsId: 0,conID: 3 locID: 102828459167777248 bcsId: 0,conID: 1 locID: 102828459174789601 bcsId: 0,conID: 2 locID: 102828459204674018 bcsId: 0,conID: 3 locID: 102828459218960867 bcsId: 0,conID: 1 locID: 102828459230429668 bcsId: 0,conID: 2 locID: 102828459237573093 bcsId: 0,conID: 3 locID: 102828459244519910 bcsId: 0,conID: 1 locID: 102828459250483687 bcsId: 0,conID: 2 locID: 102828459263525352 bcsId: 0,conID: 3 locID: 102828459267260905 bcsId: 0,conID: 1 locID: 102828459271061994 bcsId: 0,conID: 2 locID: 102828459280105963 bcsId: 0,conID: 3 locID: 102828459284169196 bcsId: 0,conID: 1 locID: 102828459310383597 bcsId: 0,conID: 2 locID: 102828459315036654 bcsId: 0,conID: 3 locID: 102828459319427567 bcsId: 0,conID: 1 locID: 102828459323294192 bcsId: 0,conID: 2 locID: 102828459326833137 bcsId: 0,conID: 3 locID: 102828459330044402 bcsId: 0,conID: 1 locID: 102828459340005875 bcsId: 0,conID: 2 locID: 102828459343479284 bcsId: 0,conID: 3 locID: 102828459346952693 bcsId: 0,conID: 1 locID: 102828459350688246 bcsId: 0,conID: 2 locID: 102828459353571831 bcsId: 0,conID: 3 locID: 102828459371987448 bcsId: 0,conID: 1 locID: 102828459375329785 bcsId: 0,conID: 2 locID: 102828459378606586 bcsId: 0,conID: 3 locID: 102828459382211067 bcsId: 0,conID: 1 locID: 102828459389682172 bcsId: 0,conID: 2 locID: 102828459397284349 bcsId: 0,conID: 3 locID: 102828459412161022 bcsId: 0,conID: 1 locID: 102828459419238911 bcsId: 0,conID: 2 locID: 102828459426841088 bcsId: 0,conID: 3 locID: 102828459434967553 bcsId: 0,conID: 1 locID: 102828459445256706 bcsId: 0,conID: 2 locID: 102828459474813443 bcsId: 0,conID: 3 locID: 102828459480777220 bcsId: 0,conID: 1 locID: 102828459488379397 bcsId: 0,conID: 2 locID: 102828459493556742 bcsId: 0,conID: 3 locID: 102828459499782663 bcsId: 0,conID: 1 locID: 102828459506663944 bcsId: 0,conID: 2 locID: 102828459521606153 bcsId: 0,conID: 3 locID: 102828459532026378 bcsId: 0,conID: 1 locID: 102828459538252299 bcsId: 0,conID: 2 locID: 102828459542774284 bcsId: 0,conID: 3 locID: 102828459546313229 bcsId: 0,conID: 1 locID: 102828459566498318 bcsId: 0,conID: 2 locID: 102828459570299407 bcsId: 0,conID: 3 locID: 102828459574297104 bcsId: 0,conID: 1 locID: 102828459577836049 bcsId: 0,conID: 2 locID: 102828459581768210 bcsId: 0,conID: 3 locID: 102828459587469843 bcsId: 0,conID: 1 locID: 102828459603460628 bcsId: 0,conID: 2 locID: 102828459609817621 bcsId: 0,conID: 3 locID: 102828459616764438 bcsId: 0,conID: 1 locID: 102828459623186967 bcsId: 0,conID: 2 locID: 102828459629281816 bcsId: 0,conID: 3 locID: 102828459640422937 bcsId: 0,conID: 1 locID: 102828459664605722 bcsId: 0,conID: 2 locID: 102828459668275739 bcsId: 0,conID: 3 locID: 102828459671552540 bcsId: 0,conID: 1 locID: 102828459675353629 bcsId: 0,conID: 2 locID: 102828459679285790 bcsId: 0,conID: 3 locID: 102828459693834783 bcsId: 0,conID: 1 locID: 102828459698356768 bcsId: 0,conID: 2 locID: 102828459702551073 bcsId: 0,conID: 3 locID: 102828459706548770 bcsId: 0,conID: 1 locID: 102828459710087715 bcsId: 0,conID: 2 locID: 102828459713626660 bcsId: 0,conID: 3 locID: 102828459738858021 bcsId: 0,conID: 1 locID: 102828459742724646 bcsId: 0,conID: 2 locID: 102828459746722343 bcsId: 0,conID: 3 locID: 102828459750785576 bcsId: 0,conID: 1 locID: 102828459754455593 bcsId: 0
2019-09-21 03:49:37,641 [SCMBlockDeletingService#1] DEBUG block.SCMBlockDeletingService (SCMBlockDeletingService.java:call(138)) - Running DeletedBlockTransactionScanner
2019-09-21 03:49:37,642 [SCMBlockDeletingService#1] DEBUG block.SCMBlockDeletingService (SCMBlockDeletingService.java:call(155)) - Scanned deleted blocks log and got 0 delTX to process.
2019-09-21 03:49:37,742 [SCMBlockDeletingService#1] DEBUG block.SCMBlockDeletingService (SCMBlockDeletingService.java:call(138)) - Running DeletedBlockTransactionScanner
2019-09-21 03:49:37,742 [SCMBlockDeletingService#1] DEBUG block.SCMBlockDeletingService (SCMBlockDeletingService.java:call(155)) - Scanned deleted blocks log and got 0 delTX to process.
2019-09-21 03:49:37,843 [SCMBlockDeletingService#1] DEBUG block.SCMBlockDeletingService (SCMBlockDeletingService.java:call(138)) - Running DeletedBlockTransactionScanner
2019-09-21 03:49:37,843 [SCMBlockDeletingService#1] DEBUG block.SCMBlockDeletingService (SCMBlockDeletingService.java:call(155)) - Scanned deleted blocks log and got 0 delTX to process.
2019-09-21 03:49:37,944 [SCMBlockDeletingService#1] DEBUG block.SCMBlockDeletingService (SCMBlockDeletingService.java:call(138)) - Running DeletedBlockTransactionScanner
2019-09-21 03:49:37,944 [SCMBlockDeletingService#1] DEBUG block.SCMBlockDeletingService (SCMBlockDeletingService.java:call(155)) - Scanned deleted blocks log and got 0 delTX to process.
2019-09-21 03:49:38,045 [SCMBlockDeletingService#1] DEBUG block.SCMBlockDeletingService (SCMBlockDeletingService.java:call(138)) - Running DeletedBlockTransactionScanner
2019-09-21 03:49:38,045 [SCMBlockDeletingService#1] DEBUG block.SCMBlockDeletingService (SCMBlockDeletingService.java:call(155)) - Scanned deleted blocks log and got 0 delTX to process.
2019-09-21 03:49:38,146 [SCMBlockDeletingService#1] DEBUG block.SCMBlockDeletingService (SCMBlockDeletingService.java:call(138)) - Running DeletedBlockTransactionScanner
2019-09-21 03:49:38,146 [SCMBlockDeletingService#1] DEBUG block.SCMBlockDeletingService (SCMBlockDeletingService.java:call(155)) - Scanned deleted blocks log and got 0 delTX to process.
2019-09-21 03:49:38,247 [SCMBlockDeletingService#1] DEBUG block.SCMBlockDeletingService (SCMBlockDeletingService.java:call(138)) - Running DeletedBlockTransactionScanner
2019-09-21 03:49:38,247 [SCMBlockDeletingService#1] DEBUG block.SCMBlockDeletingService (SCMBlockDeletingService.java:call(155)) - Scanned deleted blocks log and got 0 delTX to process.
2019-09-21 03:49:38,347 [SCMBlockDeletingService#1] DEBUG block.SCMBlockDeletingService (SCMBlockDeletingService.java:call(138)) - Running DeletedBlockTransactionScanner
2019-09-21 03:49:38,348 [SCMBlockDeletingService#1] DEBUG block.SCMBlockDeletingService (SCMBlockDeletingService.java:call(155)) - Scanned deleted blocks log and got 0 delTX to process.
2019-09-21 03:49:38,448 [SCMBlockDeletingService#1] DEBUG block.SCMBlockDeletingService (SCMBlockDeletingService.java:call(138)) - Running DeletedBlockTransactionScanner
2019-09-21 03:49:38,449 [SCMBlockDeletingService#1] DEBUG block.SCMBlockDeletingService (SCMBlockDeletingService.java:call(155)) - Scanned deleted blocks log and got 0 delTX to process.
2019-09-21 03:49:38,549 [SCMBlockDeletingService#1] DEBUG block.SCMBlockDeletingService (SCMBlockDeletingService.java:call(138)) - Running DeletedBlockTransactionScanner
2019-09-21 03:49:38,549 [SCMBlockDeletingService#1] DEBUG block.SCMBlockDeletingService (SCMBlockDeletingService.java:call(155)) - Scanned deleted blocks log and got 0 delTX to process.
2019-09-21 03:49:38,650 [SCMBlockDeletingService#1] DEBUG block.SCMBlockDeletingService (SCMBlockDeletingService.java:call(138)) - Running DeletedBlockTransactionScanner
2019-09-21 03:49:38,650 [SCMBlockDeletingService#1] DEBUG block.SCMBlockDeletingService (SCMBlockDeletingService.java:call(155)) - Scanned deleted blocks log and got 0 delTX to process.
2019-09-21 03:49:38,751 [SCMBlockDeletingService#1] DEBUG block.SCMBlockDeletingService (SCMBlockDeletingService.java:call(138)) - Running DeletedBlockTransactionScanner
2019-09-21 03:49:38,751 [SCMBlockDeletingService#1] DEBUG block.SCMBlockDeletingService (SCMBlockDeletingService.java:call(155)) - Scanned deleted blocks log and got 0 delTX to process.
2019-09-21 03:49:38,851 [SCMBlockDeletingService#1] DEBUG block.SCMBlockDeletingService (SCMBlockDeletingService.java:call(138)) - Running DeletedBlockTransactionScanner
2019-09-21 03:49:38,852 [SCMBlockDeletingService#1] DEBUG block.SCMBlockDeletingService (SCMBlockDeletingService.java:call(155)) - Scanned deleted blocks log and got 0 delTX to process.
2019-09-21 03:49:38,952 [SCMBlockDeletingService#1] DEBUG block.SCMBlockDeletingService (SCMBlockDeletingService.java:call(138)) - Running DeletedBlockTransactionScanner
2019-09-21 03:49:38,953 [SCMBlockDeletingService#1] DEBUG block.SCMBlockDeletingService (SCMBlockDeletingService.java:call(155)) - Scanned deleted blocks log and got 0 delTX to process.
2019-09-21 03:49:39,053 [SCMBlockDeletingService#1] DEBUG block.SCMBlockDeletingService (SCMBlockDeletingService.java:call(138)) - Running DeletedBlockTransactionScanner
2019-09-21 03:49:39,054 [SCMBlockDeletingService#1] DEBUG block.SCMBlockDeletingService (SCMBlockDeletingService.java:call(155)) - Scanned deleted blocks log and got 0 delTX to process.
2019-09-21 03:49:39,154 [SCMBlockDeletingService#1] DEBUG block.SCMBlockDeletingService (SCMBlockDeletingService.java:call(138)) - Running DeletedBlockTransactionScanner
2019-09-21 03:49:39,155 [SCMBlockDeletingService#1] DEBUG block.SCMBlockDeletingService (SCMBlockDeletingService.java:call(155)) - Scanned deleted blocks log and got 0 delTX to process.
2019-09-21 03:49:39,255 [SCMBlockDeletingService#1] DEBUG block.SCMBlockDeletingService (SCMBlockDeletingService.java:call(138)) - Running DeletedBlockTransactionScanner
2019-09-21 03:49:39,256 [SCMBlockDeletingService#1] DEBUG block.SCMBlockDeletingService (SCMBlockDeletingService.java:call(155)) - Scanned deleted blocks log and got 0 delTX to process.
2019-09-21 03:49:39,356 [SCMBlockDeletingService#1] DEBUG block.SCMBlockDeletingService (SCMBlockDeletingService.java:call(138)) - Running DeletedBlockTransactionScanner
2019-09-21 03:49:39,357 [SCMBlockDeletingService#1] DEBUG block.SCMBlockDeletingService (SCMBlockDeletingService.java:call(155)) - Scanned deleted blocks log and got 0 delTX to process.
2019-09-21 03:49:39,457 [SCMBlockDeletingService#1] DEBUG block.SCMBlockDeletingService (SCMBlockDeletingService.java:call(138)) - Running DeletedBlockTransactionScanner
2019-09-21 03:49:39,458 [SCMBlockDeletingService#1] DEBUG block.SCMBlockDeletingService (SCMBlockDeletingService.java:call(155)) - Scanned deleted blocks log and got 0 delTX to process.
2019-09-21 03:49:39,558 [SCMBlockDeletingService#1] DEBUG block.SCMBlockDeletingService (SCMBlockDeletingService.java:call(138)) - Running DeletedBlockTransactionScanner
2019-09-21 03:49:39,559 [SCMBlockDeletingService#1] DEBUG block.SCMBlockDeletingService (SCMBlockDeletingService.java:call(155)) - Scanned deleted blocks log and got 0 delTX to process.
2019-09-21 03:49:39,659 [SCMBlockDeletingService#1] DEBUG block.SCMBlockDeletingService (SCMBlockDeletingService.java:call(138)) - Running DeletedBlockTransactionScanner
2019-09-21 03:49:39,660 [SCMBlockDeletingService#1] DEBUG block.SCMBlockDeletingService (SCMBlockDeletingService.java:call(155)) - Scanned deleted blocks log and got 0 delTX to process.
2019-09-21 03:49:39,760 [SCMBlockDeletingService#1] DEBUG block.SCMBlockDeletingService (SCMBlockDeletingService.java:call(138)) - Running DeletedBlockTransactionScanner
2019-09-21 03:49:39,761 [SCMBlockDeletingService#1] DEBUG block.SCMBlockDeletingService (SCMBlockDeletingService.java:call(155)) - Scanned deleted blocks log and got 0 delTX to process.
2019-09-21 03:49:39,861 [SCMBlockDeletingService#1] DEBUG block.SCMBlockDeletingService (SCMBlockDeletingService.java:call(138)) - Running DeletedBlockTransactionScanner
2019-09-21 03:49:39,862 [SCMBlockDeletingService#1] DEBUG block.SCMBlockDeletingService (SCMBlockDeletingService.java:call(155)) - Scanned deleted blocks log and got 0 delTX to process.
2019-09-21 03:49:39,962 [SCMBlockDeletingService#1] DEBUG block.SCMBlockDeletingService (SCMBlockDeletingService.java:call(138)) - Running DeletedBlockTransactionScanner
2019-09-21 03:49:39,962 [SCMBlockDeletingService#1] DEBUG block.SCMBlockDeletingService (SCMBlockDeletingService.java:call(155)) - Scanned deleted blocks log and got 0 delTX to process.
2019-09-21 03:49:40,063 [SCMBlockDeletingService#1] DEBUG block.SCMBlockDeletingService (SCMBlockDeletingService.java:call(138)) - Running DeletedBlockTransactionScanner
2019-09-21 03:49:40,063 [SCMBlockDeletingService#1] DEBUG block.SCMBlockDeletingService (SCMBlockDeletingService.java:call(155)) - Scanned deleted blocks log and got 0 delTX to process.
2019-09-21 03:49:40,164 [SCMBlockDeletingService#1] DEBUG block.SCMBlockDeletingService (SCMBlockDeletingService.java:call(138)) - Running DeletedBlockTransactionScanner
2019-09-21 03:49:40,164 [SCMBlockDeletingService#1] DEBUG block.SCMBlockDeletingService (SCMBlockDeletingService.java:call(155)) - Scanned deleted blocks log and got 0 delTX to process.
2019-09-21 03:49:40,265 [SCMBlockDeletingService#1] DEBUG block.SCMBlockDeletingService (SCMBlockDeletingService.java:call(138)) - Running DeletedBlockTransactionScanner
2019-09-21 03:49:40,265 [SCMBlockDeletingService#1] DEBUG block.SCMBlockDeletingService (SCMBlockDeletingService.java:call(155)) - Scanned deleted blocks log and got 0 delTX to process.
2019-09-21 03:49:40,366 [SCMBlockDeletingService#1] DEBUG block.SCMBlockDeletingService (SCMBlockDeletingService.java:call(138)) - Running DeletedBlockTransactionScanner
2019-09-21 03:49:40,366 [SCMBlockDeletingService#1] DEBUG block.SCMBlockDeletingService (SCMBlockDeletingService.java:call(155)) - Scanned deleted blocks log and got 0 delTX to process.
2019-09-21 03:49:40,467 [SCMBlockDeletingService#1] DEBUG block.SCMBlockDeletingService (SCMBlockDeletingService.java:call(138)) - Running DeletedBlockTransactionScanner
2019-09-21 03:49:40,468 [SCMBlockDeletingService#1] DEBUG block.SCMBlockDeletingService (SCMBlockDeletingService.java:call(155)) - Scanned deleted blocks log and got 0 delTX to process.
2019-09-21 03:49:40,568 [SCMBlockDeletingService#1] DEBUG block.SCMBlockDeletingService (SCMBlockDeletingService.java:call(138)) - Running DeletedBlockTransactionScanner
2019-09-21 03:49:40,569 [SCMBlockDeletingService#1] DEBUG block.SCMBlockDeletingService (SCMBlockDeletingService.java:call(155)) - Scanned deleted blocks log and got 0 delTX to process.
2019-09-21 03:49:40,669 [SCMBlockDeletingService#1] DEBUG block.SCMBlockDeletingService (SCMBlockDeletingService.java:call(138)) - Running DeletedBlockTransactionScanner
2019-09-21 03:49:40,670 [SCMBlockDeletingService#1] DEBUG block.SCMBlockDeletingService (SCMBlockDeletingService.java:call(155)) - Scanned deleted blocks log and got 0 delTX to process.
2019-09-21 03:49:40,770 [SCMBlockDeletingService#1] DEBUG block.SCMBlockDeletingService (SCMBlockDeletingService.java:call(138)) - Running DeletedBlockTransactionScanner
2019-09-21 03:49:40,771 [SCMBlockDeletingService#1] DEBUG block.SCMBlockDeletingService (SCMBlockDeletingService.java:call(155)) - Scanned deleted blocks log and got 0 delTX to process.
2019-09-21 03:49:40,871 [SCMBlockDeletingService#1] DEBUG block.SCMBlockDeletingService (SCMBlockDeletingService.java:call(138)) - Running DeletedBlockTransactionScanner
2019-09-21 03:49:40,872 [SCMBlockDeletingService#1] DEBUG block.SCMBlockDeletingService (SCMBlockDeletingService.java:call(155)) - Scanned deleted blocks log and got 0 delTX to process.
2019-09-21 03:49:40,973 [SCMBlockDeletingService#1] DEBUG block.SCMBlockDeletingService (SCMBlockDeletingService.java:call(138)) - Running DeletedBlockTransactionScanner
2019-09-21 03:49:40,973 [SCMBlockDeletingService#1] DEBUG block.SCMBlockDeletingService (SCMBlockDeletingService.java:call(155)) - Scanned deleted blocks log and got 0 delTX to process.
2019-09-21 03:49:41,074 [SCMBlockDeletingService#1] DEBUG block.SCMBlockDeletingService (SCMBlockDeletingService.java:call(138)) - Running DeletedBlockTransactionScanner
2019-09-21 03:49:41,074 [SCMBlockDeletingService#1] DEBUG block.SCMBlockDeletingService (SCMBlockDeletingService.java:call(155)) - Scanned deleted blocks log and got 0 delTX to process.
2019-09-21 03:49:41,175 [SCMBlockDeletingService#1] DEBUG block.SCMBlockDeletingService (SCMBlockDeletingService.java:call(138)) - Running DeletedBlockTransactionScanner
2019-09-21 03:49:41,176 [SCMBlockDeletingService#1] DEBUG block.SCMBlockDeletingService (SCMBlockDeletingService.java:call(155)) - Scanned deleted blocks log and got 0 delTX to process.
2019-09-21 03:49:41,276 [SCMBlockDeletingService#1] DEBUG block.SCMBlockDeletingService (SCMBlockDeletingService.java:call(138)) - Running DeletedBlockTransactionScanner
2019-09-21 03:49:41,276 [SCMBlockDeletingService#1] DEBUG block.SCMBlockDeletingService (SCMBlockDeletingService.java:call(155)) - Scanned deleted blocks log and got 0 delTX to process.
2019-09-21 03:49:41,377 [SCMBlockDeletingService#1] DEBUG block.SCMBlockDeletingService (SCMBlockDeletingService.java:call(138)) - Running DeletedBlockTransactionScanner
2019-09-21 03:49:41,377 [SCMBlockDeletingService#1] DEBUG block.SCMBlockDeletingService (SCMBlockDeletingService.java:call(155)) - Scanned deleted blocks log and got 0 delTX to process.
2019-09-21 03:49:41,478 [SCMBlockDeletingService#1] DEBUG block.SCMBlockDeletingService (SCMBlockDeletingService.java:call(138)) - Running DeletedBlockTransactionScanner
2019-09-21 03:49:41,479 [SCMBlockDeletingService#1] DEBUG block.SCMBlockDeletingService (SCMBlockDeletingService.java:call(155)) - Scanned deleted blocks log and got 0 delTX to process.
2019-09-21 03:49:41,579 [SCMBlockDeletingService#1] DEBUG block.SCMBlockDeletingService (SCMBlockDeletingService.java:call(138)) - Running DeletedBlockTransactionScanner
2019-09-21 03:49:41,580 [SCMBlockDeletingService#1] DEBUG block.SCMBlockDeletingService (SCMBlockDeletingService.java:call(155)) - Scanned deleted blocks log and got 0 delTX to process.
2019-09-21 03:49:41,680 [SCMBlockDeletingService#1] DEBUG block.SCMBlockDeletingService (SCMBlockDeletingService.java:call(138)) - Running DeletedBlockTransactionScanner
2019-09-21 03:49:41,682 [SCMBlockDeletingService#1] DEBUG block.SCMBlockDeletingService (SCMBlockDeletingService.java:call(155)) - Scanned deleted blocks log and got 0 delTX to process.
2019-09-21 03:49:41,782 [SCMBlockDeletingService#1] DEBUG block.SCMBlockDeletingService (SCMBlockDeletingService.java:call(138)) - Running DeletedBlockTransactionScanner
2019-09-21 03:49:41,782 [SCMBlockDeletingService#1] DEBUG block.SCMBlockDeletingService (SCMBlockDeletingService.java:call(155)) - Scanned deleted blocks log and got 0 delTX to process.
2019-09-21 03:49:41,883 [SCMBlockDeletingService#1] DEBUG block.SCMBlockDeletingService (SCMBlockDeletingService.java:call(138)) - Running DeletedBlockTransactionScanner
2019-09-21 03:49:41,883 [SCMBlockDeletingService#1] DEBUG block.SCMBlockDeletingService (SCMBlockDeletingService.java:call(155)) - Scanned deleted blocks log and got 0 delTX to process.
2019-09-21 03:49:41,984 [SCMBlockDeletingService#1] DEBUG block.SCMBlockDeletingService (SCMBlockDeletingService.java:call(138)) - Running DeletedBlockTransactionScanner
2019-09-21 03:49:41,984 [SCMBlockDeletingService#1] DEBUG block.SCMBlockDeletingService (SCMBlockDeletingService.java:call(155)) - Scanned deleted blocks log and got 0 delTX to process.
2019-09-21 03:49:42,085 [SCMBlockDeletingService#1] DEBUG block.SCMBlockDeletingService (SCMBlockDeletingService.java:call(138)) - Running DeletedBlockTransactionScanner
2019-09-21 03:49:42,085 [SCMBlockDeletingService#1] DEBUG block.SCMBlockDeletingService (SCMBlockDeletingService.java:call(155)) - Scanned deleted blocks log and got 0 delTX to process.
2019-09-21 03:49:42,185 [SCMBlockDeletingService#1] DEBUG block.SCMBlockDeletingService (SCMBlockDeletingService.java:call(138)) - Running DeletedBlockTransactionScanner
2019-09-21 03:49:42,186 [SCMBlockDeletingService#1] DEBUG block.SCMBlockDeletingService (SCMBlockDeletingService.java:call(155)) - Scanned deleted blocks log and got 0 delTX to process.
2019-09-21 03:49:42,286 [SCMBlockDeletingService#1] DEBUG block.SCMBlockDeletingService (SCMBlockDeletingService.java:call(138)) - Running DeletedBlockTransactionScanner
2019-09-21 03:49:42,287 [SCMBlockDeletingService#1] DEBUG block.SCMBlockDeletingService (SCMBlockDeletingService.java:call(155)) - Scanned deleted blocks log and got 0 delTX to process.
2019-09-21 03:49:42,387 [SCMBlockDeletingService#1] DEBUG block.SCMBlockDeletingService (SCMBlockDeletingService.java:call(138)) - Running DeletedBlockTransactionScanner
2019-09-21 03:49:42,388 [SCMBlockDeletingService#1] DEBUG block.SCMBlockDeletingService (SCMBlockDeletingService.java:call(155)) - Scanned deleted blocks log and got 0 delTX to process.
2019-09-21 03:49:42,488 [SCMBlockDeletingService#1] DEBUG block.SCMBlockDeletingService (SCMBlockDeletingService.java:call(138)) - Running DeletedBlockTransactionScanner
2019-09-21 03:49:42,489 [SCMBlockDeletingService#1] DEBUG block.SCMBlockDeletingService (SCMBlockDeletingService.java:call(155)) - Scanned deleted blocks log and got 0 delTX to process.
2019-09-21 03:49:42,537 [Datanode State Machine Thread - 0] INFO  statemachine.DatanodeStateMachine (DatanodeStateMachine.java:lambda$startDaemon$0(350)) - Ozone container server started.
2019-09-21 03:49:42,589 [SCMBlockDeletingService#0] DEBUG block.SCMBlockDeletingService (SCMBlockDeletingService.java:call(138)) - Running DeletedBlockTransactionScanner
2019-09-21 03:49:42,593 [SCMBlockDeletingService#0] DEBUG block.SCMBlockDeletingService (SCMBlockDeletingService.java:call(155)) - Scanned deleted blocks log and got 3 delTX to process.
2019-09-21 03:49:42,600 [SCMBlockDeletingService#0] DEBUG block.SCMBlockDeletingService (SCMBlockDeletingService.java:call(171)) - Added delete block command for datanode 555a71b6-7320-443e-bd9a-47cd6ebfc0cf in the queue, number of delete block transactions: 3, TxID list: 1,2,3
2019-09-21 03:49:42,601 [SCMBlockDeletingService#0] INFO  block.SCMBlockDeletingService (SCMBlockDeletingService.java:call(182)) - Totally added 3 delete blocks command for 1 datanodes, task elapsed time: 12ms
2019-09-21 03:49:42,702 [SCMBlockDeletingService#0] DEBUG block.SCMBlockDeletingService (SCMBlockDeletingService.java:call(138)) - Running DeletedBlockTransactionScanner
2019-09-21 03:49:42,703 [SCMBlockDeletingService#0] DEBUG block.SCMBlockDeletingService (SCMBlockDeletingService.java:call(155)) - Scanned deleted blocks log and got 3 delTX to process.
2019-09-21 03:49:42,703 [SCMBlockDeletingService#0] DEBUG block.SCMBlockDeletingService (SCMBlockDeletingService.java:call(171)) - Added delete block command for datanode 555a71b6-7320-443e-bd9a-47cd6ebfc0cf in the queue, number of delete block transactions: 3, TxID list: 1,2,3
2019-09-21 03:49:42,704 [SCMBlockDeletingService#0] INFO  block.SCMBlockDeletingService (SCMBlockDeletingService.java:call(182)) - Totally added 3 delete blocks command for 1 datanodes, task elapsed time: 2ms
2019-09-21 03:49:42,804 [SCMBlockDeletingService#0] DEBUG block.SCMBlockDeletingService (SCMBlockDeletingService.java:call(138)) - Running DeletedBlockTransactionScanner
2019-09-21 03:49:42,805 [SCMBlockDeletingService#0] DEBUG block.SCMBlockDeletingService (SCMBlockDeletingService.java:call(155)) - Scanned deleted blocks log and got 3 delTX to process.
2019-09-21 03:49:42,805 [SCMBlockDeletingService#0] DEBUG block.SCMBlockDeletingService (SCMBlockDeletingService.java:call(171)) - Added delete block command for datanode 555a71b6-7320-443e-bd9a-47cd6ebfc0cf in the queue, number of delete block transactions: 3, TxID list: 1,2,3
2019-09-21 03:49:42,805 [SCMBlockDeletingService#0] INFO  block.SCMBlockDeletingService (SCMBlockDeletingService.java:call(182)) - Totally added 3 delete blocks command for 1 datanodes, task elapsed time: 1ms
2019-09-21 03:49:42,906 [SCMBlockDeletingService#0] DEBUG block.SCMBlockDeletingService (SCMBlockDeletingService.java:call(138)) - Running DeletedBlockTransactionScanner
2019-09-21 03:49:42,906 [SCMBlockDeletingService#0] DEBUG block.SCMBlockDeletingService (SCMBlockDeletingService.java:call(155)) - Scanned deleted blocks log and got 3 delTX to process.
2019-09-21 03:49:42,907 [SCMBlockDeletingService#0] DEBUG block.SCMBlockDeletingService (SCMBlockDeletingService.java:call(171)) - Added delete block command for datanode 555a71b6-7320-443e-bd9a-47cd6ebfc0cf in the queue, number of delete block transactions: 3, TxID list: 1,2,3
2019-09-21 03:49:42,907 [SCMBlockDeletingService#0] INFO  block.SCMBlockDeletingService (SCMBlockDeletingService.java:call(182)) - Totally added 3 delete blocks command for 1 datanodes, task elapsed time: 1ms
2019-09-21 03:49:43,008 [SCMBlockDeletingService#0] DEBUG block.SCMBlockDeletingService (SCMBlockDeletingService.java:call(138)) - Running DeletedBlockTransactionScanner
2019-09-21 03:49:43,008 [SCMBlockDeletingService#0] DEBUG block.SCMBlockDeletingService (SCMBlockDeletingService.java:call(155)) - Scanned deleted blocks log and got 3 delTX to process.
2019-09-21 03:49:43,008 [SCMBlockDeletingService#0] DEBUG block.SCMBlockDeletingService (SCMBlockDeletingService.java:call(171)) - Added delete block command for datanode 555a71b6-7320-443e-bd9a-47cd6ebfc0cf in the queue, number of delete block transactions: 3, TxID list: 1,2,3
2019-09-21 03:49:43,009 [SCMBlockDeletingService#0] INFO  block.SCMBlockDeletingService (SCMBlockDeletingService.java:call(182)) - Totally added 3 delete blocks command for 1 datanodes, task elapsed time: 1ms
2019-09-21 03:49:43,109 [SCMBlockDeletingService#0] DEBUG block.SCMBlockDeletingService (SCMBlockDeletingService.java:call(138)) - Running DeletedBlockTransactionScanner
2019-09-21 03:49:43,110 [SCMBlockDeletingService#0] DEBUG block.SCMBlockDeletingService (SCMBlockDeletingService.java:call(155)) - Scanned deleted blocks log and got 3 delTX to process.
2019-09-21 03:49:43,110 [SCMBlockDeletingService#0] DEBUG block.SCMBlockDeletingService (SCMBlockDeletingService.java:call(171)) - Added delete block command for datanode 555a71b6-7320-443e-bd9a-47cd6ebfc0cf in the queue, number of delete block transactions: 3, TxID list: 1,2,3
2019-09-21 03:49:43,111 [SCMBlockDeletingService#0] INFO  block.SCMBlockDeletingService (SCMBlockDeletingService.java:call(182)) - Totally added 3 delete blocks command for 1 datanodes, task elapsed time: 1ms
2019-09-21 03:49:43,211 [SCMBlockDeletingService#1] DEBUG block.SCMBlockDeletingService (SCMBlockDeletingService.java:call(138)) - Running DeletedBlockTransactionScanner
2019-09-21 03:49:43,212 [SCMBlockDeletingService#1] DEBUG block.SCMBlockDeletingService (SCMBlockDeletingService.java:call(155)) - Scanned deleted blocks log and got 3 delTX to process.
2019-09-21 03:49:43,212 [SCMBlockDeletingService#1] DEBUG block.SCMBlockDeletingService (SCMBlockDeletingService.java:call(171)) - Added delete block command for datanode 555a71b6-7320-443e-bd9a-47cd6ebfc0cf in the queue, number of delete block transactions: 3, TxID list: 1,2,3
2019-09-21 03:49:43,213 [SCMBlockDeletingService#1] INFO  block.SCMBlockDeletingService (SCMBlockDeletingService.java:call(182)) - Totally added 3 delete blocks command for 1 datanodes, task elapsed time: 1ms
2019-09-21 03:49:43,313 [SCMBlockDeletingService#1] DEBUG block.SCMBlockDeletingService (SCMBlockDeletingService.java:call(138)) - Running DeletedBlockTransactionScanner
2019-09-21 03:49:43,314 [SCMBlockDeletingService#1] DEBUG block.SCMBlockDeletingService (SCMBlockDeletingService.java:call(155)) - Scanned deleted blocks log and got 3 delTX to process.
2019-09-21 03:49:43,314 [SCMBlockDeletingService#1] DEBUG block.SCMBlockDeletingService (SCMBlockDeletingService.java:call(171)) - Added delete block command for datanode 555a71b6-7320-443e-bd9a-47cd6ebfc0cf in the queue, number of delete block transactions: 3, TxID list: 1,2,3
2019-09-21 03:49:43,314 [SCMBlockDeletingService#1] INFO  block.SCMBlockDeletingService (SCMBlockDeletingService.java:call(182)) - Totally added 3 delete blocks command for 1 datanodes, task elapsed time: 1ms
2019-09-21 03:49:43,415 [SCMBlockDeletingService#1] DEBUG block.SCMBlockDeletingService (SCMBlockDeletingService.java:call(138)) - Running DeletedBlockTransactionScanner
2019-09-21 03:49:43,415 [SCMBlockDeletingService#1] DEBUG block.SCMBlockDeletingService (SCMBlockDeletingService.java:call(155)) - Scanned deleted blocks log and got 3 delTX to process.
2019-09-21 03:49:43,415 [SCMBlockDeletingService#1] DEBUG block.SCMBlockDeletingService (SCMBlockDeletingService.java:call(171)) - Added delete block command for datanode 555a71b6-7320-443e-bd9a-47cd6ebfc0cf in the queue, number of delete block transactions: 3, TxID list: 1,2,3
2019-09-21 03:49:43,416 [SCMBlockDeletingService#1] INFO  block.SCMBlockDeletingService (SCMBlockDeletingService.java:call(182)) - Totally added 3 delete blocks command for 1 datanodes, task elapsed time: 1ms
2019-09-21 03:49:43,516 [SCMBlockDeletingService#1] DEBUG block.SCMBlockDeletingService (SCMBlockDeletingService.java:call(138)) - Running DeletedBlockTransactionScanner
2019-09-21 03:49:43,517 [SCMBlockDeletingService#1] DEBUG block.SCMBlockDeletingService (SCMBlockDeletingService.java:call(155)) - Scanned deleted blocks log and got 3 delTX to process.
2019-09-21 03:49:43,517 [SCMBlockDeletingService#1] DEBUG block.SCMBlockDeletingService (SCMBlockDeletingService.java:call(171)) - Added delete block command for datanode 555a71b6-7320-443e-bd9a-47cd6ebfc0cf in the queue, number of delete block transactions: 3, TxID list: 1,2,3
2019-09-21 03:49:43,517 [SCMBlockDeletingService#1] INFO  block.SCMBlockDeletingService (SCMBlockDeletingService.java:call(182)) - Totally added 3 delete blocks command for 1 datanodes, task elapsed time: 1ms
2019-09-21 03:49:43,602 [pool-7-thread-1] INFO  commands.RetriableDatanodeEventWatcher (RetriableDatanodeEventWatcher.java:onTimeout(47)) - RetriableDatanodeCommand type=deleteBlocksCommand with id=1569037782599 timed out. Retrying.
2019-09-21 03:49:43,618 [SCMBlockDeletingService#1] DEBUG block.SCMBlockDeletingService (SCMBlockDeletingService.java:call(138)) - Running DeletedBlockTransactionScanner
2019-09-21 03:49:43,618 [SCMBlockDeletingService#1] DEBUG block.SCMBlockDeletingService (SCMBlockDeletingService.java:call(155)) - Scanned deleted blocks log and got 3 delTX to process.
2019-09-21 03:49:43,619 [SCMBlockDeletingService#1] DEBUG block.SCMBlockDeletingService (SCMBlockDeletingService.java:call(171)) - Added delete block command for datanode 555a71b6-7320-443e-bd9a-47cd6ebfc0cf in the queue, number of delete block transactions: 3, TxID list: 1,2,3
2019-09-21 03:49:43,619 [SCMBlockDeletingService#1] INFO  block.SCMBlockDeletingService (SCMBlockDeletingService.java:call(182)) - Totally added 3 delete blocks command for 1 datanodes, task elapsed time: 2ms
2019-09-21 03:49:43,704 [pool-7-thread-1] INFO  commands.RetriableDatanodeEventWatcher (RetriableDatanodeEventWatcher.java:onTimeout(47)) - RetriableDatanodeCommand type=deleteBlocksCommand with id=1569037782600 timed out. Retrying.
2019-09-21 03:49:43,719 [SCMBlockDeletingService#1] DEBUG block.SCMBlockDeletingService (SCMBlockDeletingService.java:call(138)) - Running DeletedBlockTransactionScanner
2019-09-21 03:49:43,720 [SCMBlockDeletingService#1] DEBUG block.SCMBlockDeletingService (SCMBlockDeletingService.java:call(155)) - Scanned deleted blocks log and got 3 delTX to process.
2019-09-21 03:49:43,720 [SCMBlockDeletingService#1] DEBUG block.SCMBlockDeletingService (SCMBlockDeletingService.java:call(171)) - Added delete block command for datanode 555a71b6-7320-443e-bd9a-47cd6ebfc0cf in the queue, number of delete block transactions: 3, TxID list: 1,2,3
2019-09-21 03:49:43,720 [SCMBlockDeletingService#1] INFO  block.SCMBlockDeletingService (SCMBlockDeletingService.java:call(182)) - Totally added 3 delete blocks command for 1 datanodes, task elapsed time: 1ms
2019-09-21 03:49:43,806 [pool-7-thread-1] INFO  commands.RetriableDatanodeEventWatcher (RetriableDatanodeEventWatcher.java:onTimeout(47)) - RetriableDatanodeCommand type=deleteBlocksCommand with id=1569037782601 timed out. Retrying.
2019-09-21 03:49:43,821 [SCMBlockDeletingService#1] DEBUG block.SCMBlockDeletingService (SCMBlockDeletingService.java:call(138)) - Running DeletedBlockTransactionScanner
2019-09-21 03:49:43,821 [SCMBlockDeletingService#1] DEBUG block.SCMBlockDeletingService (SCMBlockDeletingService.java:call(155)) - Scanned deleted blocks log and got 3 delTX to process.
2019-09-21 03:49:43,822 [SCMBlockDeletingService#1] DEBUG block.SCMBlockDeletingService (SCMBlockDeletingService.java:call(171)) - Added delete block command for datanode 555a71b6-7320-443e-bd9a-47cd6ebfc0cf in the queue, number of delete block transactions: 3, TxID list: 1,2,3
2019-09-21 03:49:43,822 [SCMBlockDeletingService#1] INFO  block.SCMBlockDeletingService (SCMBlockDeletingService.java:call(182)) - Totally added 3 delete blocks command for 1 datanodes, task elapsed time: 2ms
2019-09-21 03:49:43,907 [pool-7-thread-1] INFO  commands.RetriableDatanodeEventWatcher (RetriableDatanodeEventWatcher.java:onTimeout(47)) - RetriableDatanodeCommand type=deleteBlocksCommand with id=1569037782602 timed out. Retrying.
2019-09-21 03:49:43,923 [SCMBlockDeletingService#1] DEBUG block.SCMBlockDeletingService (SCMBlockDeletingService.java:call(138)) - Running DeletedBlockTransactionScanner
2019-09-21 03:49:43,923 [SCMBlockDeletingService#1] DEBUG block.SCMBlockDeletingService (SCMBlockDeletingService.java:call(155)) - Scanned deleted blocks log and got 3 delTX to process.
2019-09-21 03:49:43,923 [SCMBlockDeletingService#1] DEBUG block.SCMBlockDeletingService (SCMBlockDeletingService.java:call(171)) - Added delete block command for datanode 555a71b6-7320-443e-bd9a-47cd6ebfc0cf in the queue, number of delete block transactions: 3, TxID list: 1,2,3
2019-09-21 03:49:43,924 [SCMBlockDeletingService#1] INFO  block.SCMBlockDeletingService (SCMBlockDeletingService.java:call(182)) - Totally added 3 delete blocks command for 1 datanodes, task elapsed time: 1ms
2019-09-21 03:49:44,009 [pool-7-thread-1] INFO  commands.RetriableDatanodeEventWatcher (RetriableDatanodeEventWatcher.java:onTimeout(47)) - RetriableDatanodeCommand type=deleteBlocksCommand with id=1569037782603 timed out. Retrying.
2019-09-21 03:49:44,024 [SCMBlockDeletingService#1] DEBUG block.SCMBlockDeletingService (SCMBlockDeletingService.java:call(138)) - Running DeletedBlockTransactionScanner
2019-09-21 03:49:44,024 [SCMBlockDeletingService#1] DEBUG block.SCMBlockDeletingService (SCMBlockDeletingService.java:call(155)) - Scanned deleted blocks log and got 3 delTX to process.
2019-09-21 03:49:44,025 [SCMBlockDeletingService#1] DEBUG block.SCMBlockDeletingService (SCMBlockDeletingService.java:call(171)) - Added delete block command for datanode 555a71b6-7320-443e-bd9a-47cd6ebfc0cf in the queue, number of delete block transactions: 3, TxID list: 1,2,3
2019-09-21 03:49:44,025 [SCMBlockDeletingService#1] INFO  block.SCMBlockDeletingService (SCMBlockDeletingService.java:call(182)) - Totally added 3 delete blocks command for 1 datanodes, task elapsed time: 0ms
2019-09-21 03:49:44,111 [pool-7-thread-1] INFO  commands.RetriableDatanodeEventWatcher (RetriableDatanodeEventWatcher.java:onTimeout(47)) - RetriableDatanodeCommand type=deleteBlocksCommand with id=1569037782604 timed out. Retrying.
2019-09-21 03:49:44,125 [SCMBlockDeletingService#1] DEBUG block.SCMBlockDeletingService (SCMBlockDeletingService.java:call(138)) - Running DeletedBlockTransactionScanner
2019-09-21 03:49:44,126 [SCMBlockDeletingService#1] DEBUG block.SCMBlockDeletingService (SCMBlockDeletingService.java:call(155)) - Scanned deleted blocks log and got 3 delTX to process.
2019-09-21 03:49:44,126 [SCMBlockDeletingService#1] DEBUG block.SCMBlockDeletingService (SCMBlockDeletingService.java:call(171)) - Added delete block command for datanode 555a71b6-7320-443e-bd9a-47cd6ebfc0cf in the queue, number of delete block transactions: 3, TxID list: 1,2,3
2019-09-21 03:49:44,126 [SCMBlockDeletingService#1] INFO  block.SCMBlockDeletingService (SCMBlockDeletingService.java:call(182)) - Totally added 3 delete blocks command for 1 datanodes, task elapsed time: 1ms
2019-09-21 03:49:44,212 [pool-7-thread-1] INFO  commands.RetriableDatanodeEventWatcher (RetriableDatanodeEventWatcher.java:onTimeout(47)) - RetriableDatanodeCommand type=deleteBlocksCommand with id=1569037782605 timed out. Retrying.
2019-09-21 03:49:44,226 [SCMBlockDeletingService#1] DEBUG block.SCMBlockDeletingService (SCMBlockDeletingService.java:call(138)) - Running DeletedBlockTransactionScanner
2019-09-21 03:49:44,227 [SCMBlockDeletingService#1] DEBUG block.SCMBlockDeletingService (SCMBlockDeletingService.java:call(155)) - Scanned deleted blocks log and got 3 delTX to process.
2019-09-21 03:49:44,227 [SCMBlockDeletingService#1] DEBUG block.SCMBlockDeletingService (SCMBlockDeletingService.java:call(171)) - Added delete block command for datanode 555a71b6-7320-443e-bd9a-47cd6ebfc0cf in the queue, number of delete block transactions: 3, TxID list: 1,2,3
2019-09-21 03:49:44,227 [SCMBlockDeletingService#1] INFO  block.SCMBlockDeletingService (SCMBlockDeletingService.java:call(182)) - Totally added 3 delete blocks command for 1 datanodes, task elapsed time: 1ms
2019-09-21 03:49:44,313 [pool-7-thread-1] INFO  commands.RetriableDatanodeEventWatcher (RetriableDatanodeEventWatcher.java:onTimeout(47)) - RetriableDatanodeCommand type=deleteBlocksCommand with id=1569037782606 timed out. Retrying.
2019-09-21 03:49:44,328 [SCMBlockDeletingService#1] DEBUG block.SCMBlockDeletingService (SCMBlockDeletingService.java:call(138)) - Running DeletedBlockTransactionScanner
2019-09-21 03:49:44,328 [SCMBlockDeletingService#1] DEBUG block.SCMBlockDeletingService (SCMBlockDeletingService.java:call(155)) - Scanned deleted blocks log and got 3 delTX to process.
2019-09-21 03:49:44,328 [SCMBlockDeletingService#1] DEBUG block.SCMBlockDeletingService (SCMBlockDeletingService.java:call(171)) - Added delete block command for datanode 555a71b6-7320-443e-bd9a-47cd6ebfc0cf in the queue, number of delete block transactions: 3, TxID list: 1,2,3
2019-09-21 03:49:44,329 [SCMBlockDeletingService#1] INFO  block.SCMBlockDeletingService (SCMBlockDeletingService.java:call(182)) - Totally added 3 delete blocks command for 1 datanodes, task elapsed time: 1ms
2019-09-21 03:49:44,416 [pool-7-thread-1] INFO  commands.RetriableDatanodeEventWatcher (RetriableDatanodeEventWatcher.java:onTimeout(47)) - RetriableDatanodeCommand type=deleteBlocksCommand with id=1569037782607 timed out. Retrying.
2019-09-21 03:49:44,429 [SCMBlockDeletingService#1] DEBUG block.SCMBlockDeletingService (SCMBlockDeletingService.java:call(138)) - Running DeletedBlockTransactionScanner
2019-09-21 03:49:44,430 [SCMBlockDeletingService#1] DEBUG block.SCMBlockDeletingService (SCMBlockDeletingService.java:call(155)) - Scanned deleted blocks log and got 3 delTX to process.
2019-09-21 03:49:44,430 [SCMBlockDeletingService#1] DEBUG block.SCMBlockDeletingService (SCMBlockDeletingService.java:call(171)) - Added delete block command for datanode 555a71b6-7320-443e-bd9a-47cd6ebfc0cf in the queue, number of delete block transactions: 3, TxID list: 1,2,3
2019-09-21 03:49:44,430 [SCMBlockDeletingService#1] INFO  block.SCMBlockDeletingService (SCMBlockDeletingService.java:call(182)) - Totally added 3 delete blocks command for 1 datanodes, task elapsed time: 1ms
2019-09-21 03:49:44,517 [pool-7-thread-1] INFO  commands.RetriableDatanodeEventWatcher (RetriableDatanodeEventWatcher.java:onTimeout(47)) - RetriableDatanodeCommand type=deleteBlocksCommand with id=1569037782608 timed out. Retrying.
2019-09-21 03:49:44,531 [SCMBlockDeletingService#1] DEBUG block.SCMBlockDeletingService (SCMBlockDeletingService.java:call(138)) - Running DeletedBlockTransactionScanner
2019-09-21 03:49:44,531 [SCMBlockDeletingService#1] DEBUG block.SCMBlockDeletingService (SCMBlockDeletingService.java:call(155)) - Scanned deleted blocks log and got 3 delTX to process.
2019-09-21 03:49:44,531 [SCMBlockDeletingService#1] DEBUG block.SCMBlockDeletingService (SCMBlockDeletingService.java:call(171)) - Added delete block command for datanode 555a71b6-7320-443e-bd9a-47cd6ebfc0cf in the queue, number of delete block transactions: 3, TxID list: 1,2,3
2019-09-21 03:49:44,532 [SCMBlockDeletingService#1] INFO  block.SCMBlockDeletingService (SCMBlockDeletingService.java:call(182)) - Totally added 3 delete blocks command for 1 datanodes, task elapsed time: 2ms
2019-09-21 03:49:44,603 [pool-7-thread-1] INFO  commands.RetriableDatanodeEventWatcher (RetriableDatanodeEventWatcher.java:onTimeout(47)) - RetriableDatanodeCommand type=deleteBlocksCommand with id=1569037782599 timed out. Retrying.
2019-09-21 03:49:44,618 [pool-7-thread-1] INFO  commands.RetriableDatanodeEventWatcher (RetriableDatanodeEventWatcher.java:onTimeout(47)) - RetriableDatanodeCommand type=deleteBlocksCommand with id=1569037782609 timed out. Retrying.
2019-09-21 03:49:44,632 [SCMBlockDeletingService#1] DEBUG block.SCMBlockDeletingService (SCMBlockDeletingService.java:call(138)) - Running DeletedBlockTransactionScanner
2019-09-21 03:49:44,633 [SCMBlockDeletingService#1] DEBUG block.SCMBlockDeletingService (SCMBlockDeletingService.java:call(155)) - Scanned deleted blocks log and got 3 delTX to process.
2019-09-21 03:49:44,633 [SCMBlockDeletingService#1] DEBUG block.SCMBlockDeletingService (SCMBlockDeletingService.java:call(171)) - Added delete block command for datanode 555a71b6-7320-443e-bd9a-47cd6ebfc0cf in the queue, number of delete block transactions: 3, TxID list: 1,2,3
2019-09-21 03:49:44,634 [SCMBlockDeletingService#1] INFO  block.SCMBlockDeletingService (SCMBlockDeletingService.java:call(182)) - Totally added 3 delete blocks command for 1 datanodes, task elapsed time: 1ms
2019-09-21 03:49:44,704 [pool-7-thread-1] INFO  commands.RetriableDatanodeEventWatcher (RetriableDatanodeEventWatcher.java:onTimeout(47)) - RetriableDatanodeCommand type=deleteBlocksCommand with id=1569037782600 timed out. Retrying.
2019-09-21 03:49:44,721 [pool-7-thread-1] INFO  commands.RetriableDatanodeEventWatcher (RetriableDatanodeEventWatcher.java:onTimeout(47)) - RetriableDatanodeCommand type=deleteBlocksCommand with id=1569037782610 timed out. Retrying.
2019-09-21 03:49:44,734 [SCMBlockDeletingService#1] DEBUG block.SCMBlockDeletingService (SCMBlockDeletingService.java:call(138)) - Running DeletedBlockTransactionScanner
2019-09-21 03:49:44,735 [SCMBlockDeletingService#1] DEBUG block.SCMBlockDeletingService (SCMBlockDeletingService.java:call(155)) - Scanned deleted blocks log and got 3 delTX to process.
2019-09-21 03:49:44,735 [SCMBlockDeletingService#1] DEBUG block.SCMBlockDeletingService (SCMBlockDeletingService.java:call(171)) - Added delete block command for datanode 555a71b6-7320-443e-bd9a-47cd6ebfc0cf in the queue, number of delete block transactions: 3, TxID list: 1,2,3
2019-09-21 03:49:44,735 [SCMBlockDeletingService#1] INFO  block.SCMBlockDeletingService (SCMBlockDeletingService.java:call(182)) - Totally added 3 delete blocks command for 1 datanodes, task elapsed time: 1ms
2019-09-21 03:49:44,806 [pool-7-thread-1] INFO  commands.RetriableDatanodeEventWatcher (RetriableDatanodeEventWatcher.java:onTimeout(47)) - RetriableDatanodeCommand type=deleteBlocksCommand with id=1569037782601 timed out. Retrying.
2019-09-21 03:49:44,822 [pool-7-thread-1] INFO  commands.RetriableDatanodeEventWatcher (RetriableDatanodeEventWatcher.java:onTimeout(47)) - RetriableDatanodeCommand type=deleteBlocksCommand with id=1569037782611 timed out. Retrying.
2019-09-21 03:49:44,836 [SCMBlockDeletingService#1] DEBUG block.SCMBlockDeletingService (SCMBlockDeletingService.java:call(138)) - Running DeletedBlockTransactionScanner
2019-09-21 03:49:44,836 [SCMBlockDeletingService#1] DEBUG block.SCMBlockDeletingService (SCMBlockDeletingService.java:call(155)) - Scanned deleted blocks log and got 3 delTX to process.
2019-09-21 03:49:44,836 [SCMBlockDeletingService#1] DEBUG block.SCMBlockDeletingService (SCMBlockDeletingService.java:call(171)) - Added delete block command for datanode 555a71b6-7320-443e-bd9a-47cd6ebfc0cf in the queue, number of delete block transactions: 3, TxID list: 1,2,3
2019-09-21 03:49:44,837 [SCMBlockDeletingService#1] INFO  block.SCMBlockDeletingService (SCMBlockDeletingService.java:call(182)) - Totally added 3 delete blocks command for 1 datanodes, task elapsed time: 1ms
2019-09-21 03:49:44,908 [pool-7-thread-1] INFO  commands.RetriableDatanodeEventWatcher (RetriableDatanodeEventWatcher.java:onTimeout(47)) - RetriableDatanodeCommand type=deleteBlocksCommand with id=1569037782602 timed out. Retrying.
2019-09-21 03:49:44,924 [pool-7-thread-1] INFO  commands.RetriableDatanodeEventWatcher (RetriableDatanodeEventWatcher.java:onTimeout(47)) - RetriableDatanodeCommand type=deleteBlocksCommand with id=1569037782612 timed out. Retrying.
2019-09-21 03:49:44,937 [SCMBlockDeletingService#1] DEBUG block.SCMBlockDeletingService (SCMBlockDeletingService.java:call(138)) - Running DeletedBlockTransactionScanner
2019-09-21 03:49:44,938 [SCMBlockDeletingService#1] DEBUG block.SCMBlockDeletingService (SCMBlockDeletingService.java:call(155)) - Scanned deleted blocks log and got 3 delTX to process.
2019-09-21 03:49:44,938 [SCMBlockDeletingService#1] DEBUG block.SCMBlockDeletingService (SCMBlockDeletingService.java:call(171)) - Added delete block command for datanode 555a71b6-7320-443e-bd9a-47cd6ebfc0cf in the queue, number of delete block transactions: 3, TxID list: 1,2,3
2019-09-21 03:49:44,938 [SCMBlockDeletingService#1] INFO  block.SCMBlockDeletingService (SCMBlockDeletingService.java:call(182)) - Totally added 3 delete blocks command for 1 datanodes, task elapsed time: 1ms
2019-09-21 03:49:45,009 [pool-7-thread-1] INFO  commands.RetriableDatanodeEventWatcher (RetriableDatanodeEventWatcher.java:onTimeout(47)) - RetriableDatanodeCommand type=deleteBlocksCommand with id=1569037782603 timed out. Retrying.
2019-09-21 03:49:45,025 [pool-7-thread-1] INFO  commands.RetriableDatanodeEventWatcher (RetriableDatanodeEventWatcher.java:onTimeout(47)) - RetriableDatanodeCommand type=deleteBlocksCommand with id=1569037782613 timed out. Retrying.
2019-09-21 03:49:45,039 [SCMBlockDeletingService#1] DEBUG block.SCMBlockDeletingService (SCMBlockDeletingService.java:call(138)) - Running DeletedBlockTransactionScanner
2019-09-21 03:49:45,039 [SCMBlockDeletingService#1] DEBUG block.SCMBlockDeletingService (SCMBlockDeletingService.java:call(155)) - Scanned deleted blocks log and got 3 delTX to process.
2019-09-21 03:49:45,040 [SCMBlockDeletingService#1] DEBUG block.SCMBlockDeletingService (SCMBlockDeletingService.java:call(171)) - Added delete block command for datanode 555a71b6-7320-443e-bd9a-47cd6ebfc0cf in the queue, number of delete block transactions: 3, TxID list: 1,2,3
2019-09-21 03:49:45,040 [SCMBlockDeletingService#1] INFO  block.SCMBlockDeletingService (SCMBlockDeletingService.java:call(182)) - Totally added 3 delete blocks command for 1 datanodes, task elapsed time: 2ms
2019-09-21 03:49:45,112 [pool-7-thread-1] INFO  commands.RetriableDatanodeEventWatcher (RetriableDatanodeEventWatcher.java:onTimeout(47)) - RetriableDatanodeCommand type=deleteBlocksCommand with id=1569037782604 timed out. Retrying.
2019-09-21 03:49:45,126 [pool-7-thread-1] INFO  commands.RetriableDatanodeEventWatcher (RetriableDatanodeEventWatcher.java:onTimeout(47)) - RetriableDatanodeCommand type=deleteBlocksCommand with id=1569037782614 timed out. Retrying.
2019-09-21 03:49:45,140 [SCMBlockDeletingService#1] DEBUG block.SCMBlockDeletingService (SCMBlockDeletingService.java:call(138)) - Running DeletedBlockTransactionScanner
2019-09-21 03:49:45,141 [SCMBlockDeletingService#1] DEBUG block.SCMBlockDeletingService (SCMBlockDeletingService.java:call(155)) - Scanned deleted blocks log and got 3 delTX to process.
2019-09-21 03:49:45,141 [SCMBlockDeletingService#1] DEBUG block.SCMBlockDeletingService (SCMBlockDeletingService.java:call(171)) - Added delete block command for datanode 555a71b6-7320-443e-bd9a-47cd6ebfc0cf in the queue, number of delete block transactions: 3, TxID list: 1,2,3
2019-09-21 03:49:45,142 [SCMBlockDeletingService#1] INFO  block.SCMBlockDeletingService (SCMBlockDeletingService.java:call(182)) - Totally added 3 delete blocks command for 1 datanodes, task elapsed time: 2ms
2019-09-21 03:49:45,213 [pool-7-thread-1] INFO  commands.RetriableDatanodeEventWatcher (RetriableDatanodeEventWatcher.java:onTimeout(47)) - RetriableDatanodeCommand type=deleteBlocksCommand with id=1569037782605 timed out. Retrying.
2019-09-21 03:49:45,228 [pool-7-thread-1] INFO  commands.RetriableDatanodeEventWatcher (RetriableDatanodeEventWatcher.java:onTimeout(47)) - RetriableDatanodeCommand type=deleteBlocksCommand with id=1569037782615 timed out. Retrying.
2019-09-21 03:49:45,242 [SCMBlockDeletingService#1] DEBUG block.SCMBlockDeletingService (SCMBlockDeletingService.java:call(138)) - Running DeletedBlockTransactionScanner
2019-09-21 03:49:45,243 [SCMBlockDeletingService#1] DEBUG block.SCMBlockDeletingService (SCMBlockDeletingService.java:call(155)) - Scanned deleted blocks log and got 3 delTX to process.
2019-09-21 03:49:45,243 [SCMBlockDeletingService#1] DEBUG block.SCMBlockDeletingService (SCMBlockDeletingService.java:call(171)) - Added delete block command for datanode 555a71b6-7320-443e-bd9a-47cd6ebfc0cf in the queue, number of delete block transactions: 3, TxID list: 1,2,3
2019-09-21 03:49:45,244 [SCMBlockDeletingService#1] INFO  block.SCMBlockDeletingService (SCMBlockDeletingService.java:call(182)) - Totally added 3 delete blocks command for 1 datanodes, task elapsed time: 1ms
2019-09-21 03:49:45,314 [pool-7-thread-1] INFO  commands.RetriableDatanodeEventWatcher (RetriableDatanodeEventWatcher.java:onTimeout(47)) - RetriableDatanodeCommand type=deleteBlocksCommand with id=1569037782606 timed out. Retrying.
2019-09-21 03:49:45,328 [pool-7-thread-1] INFO  commands.RetriableDatanodeEventWatcher (RetriableDatanodeEventWatcher.java:onTimeout(47)) - RetriableDatanodeCommand type=deleteBlocksCommand with id=1569037782616 timed out. Retrying.
2019-09-21 03:49:45,344 [SCMBlockDeletingService#1] DEBUG block.SCMBlockDeletingService (SCMBlockDeletingService.java:call(138)) - Running DeletedBlockTransactionScanner
2019-09-21 03:49:45,345 [SCMBlockDeletingService#1] DEBUG block.SCMBlockDeletingService (SCMBlockDeletingService.java:call(155)) - Scanned deleted blocks log and got 3 delTX to process.
2019-09-21 03:49:45,345 [SCMBlockDeletingService#1] DEBUG block.SCMBlockDeletingService (SCMBlockDeletingService.java:call(171)) - Added delete block command for datanode 555a71b6-7320-443e-bd9a-47cd6ebfc0cf in the queue, number of delete block transactions: 3, TxID list: 1,2,3
2019-09-21 03:49:45,345 [SCMBlockDeletingService#1] INFO  block.SCMBlockDeletingService (SCMBlockDeletingService.java:call(182)) - Totally added 3 delete blocks command for 1 datanodes, task elapsed time: 1ms
2019-09-21 03:49:45,347 [EventQueue-StaleNodeForStaleNodeHandler] INFO  node.StaleNodeHandler (StaleNodeHandler.java:onMessage(58)) - Datanode 555a71b6-7320-443e-bd9a-47cd6ebfc0cf{ip: 192.168.157.196, host: pr-hdds-2161-927ps-406439766, networkLocation: /default-rack, certSerialId: null} moved to stale state. Finalizing its pipelines [PipelineID=ac09d141-6968-4575-83ac-a814ed1b11eb]
2019-09-21 03:49:45,347 [EventQueue-StaleNodeForStaleNodeHandler] INFO  pipeline.SCMPipelineManager (SCMPipelineManager.java:finalizeAndDestroyPipeline(315)) - destroying pipeline:Pipeline[ Id: ac09d141-6968-4575-83ac-a814ed1b11eb, Nodes: 555a71b6-7320-443e-bd9a-47cd6ebfc0cf{ip: 192.168.157.196, host: pr-hdds-2161-927ps-406439766, networkLocation: /default-rack, certSerialId: null}, Type:RATIS, Factor:ONE, State:OPEN]
2019-09-21 03:49:45,349 [EventQueue-StaleNodeForStaleNodeHandler] INFO  pipeline.PipelineStateManager (PipelineStateManager.java:finalizePipeline(123)) - Pipeline Pipeline[ Id: ac09d141-6968-4575-83ac-a814ed1b11eb, Nodes: 555a71b6-7320-443e-bd9a-47cd6ebfc0cf{ip: 192.168.157.196, host: pr-hdds-2161-927ps-406439766, networkLocation: /default-rack, certSerialId: null}, Type:RATIS, Factor:ONE, State:CLOSED] moved to CLOSED state
2019-09-21 03:49:45,416 [pool-7-thread-1] INFO  commands.RetriableDatanodeEventWatcher (RetriableDatanodeEventWatcher.java:onTimeout(47)) - RetriableDatanodeCommand type=deleteBlocksCommand with id=1569037782607 timed out. Retrying.
2019-09-21 03:49:45,431 [pool-7-thread-1] INFO  commands.RetriableDatanodeEventWatcher (RetriableDatanodeEventWatcher.java:onTimeout(47)) - RetriableDatanodeCommand type=deleteBlocksCommand with id=1569037782617 timed out. Retrying.
2019-09-21 03:49:45,446 [SCMBlockDeletingService#1] DEBUG block.SCMBlockDeletingService (SCMBlockDeletingService.java:call(138)) - Running DeletedBlockTransactionScanner
2019-09-21 03:49:45,446 [SCMBlockDeletingService#1] DEBUG block.SCMBlockDeletingService (SCMBlockDeletingService.java:call(155)) - Scanned deleted blocks log and got 3 delTX to process.
2019-09-21 03:49:45,446 [SCMBlockDeletingService#1] DEBUG block.SCMBlockDeletingService (SCMBlockDeletingService.java:call(171)) - Added delete block command for datanode 555a71b6-7320-443e-bd9a-47cd6ebfc0cf in the queue, number of delete block transactions: 3, TxID list: 1,2,3
2019-09-21 03:49:45,447 [SCMBlockDeletingService#1] INFO  block.SCMBlockDeletingService (SCMBlockDeletingService.java:call(182)) - Totally added 3 delete blocks command for 1 datanodes, task elapsed time: 2ms
2019-09-21 03:49:45,518 [pool-7-thread-1] INFO  commands.RetriableDatanodeEventWatcher (RetriableDatanodeEventWatcher.java:onTimeout(47)) - RetriableDatanodeCommand type=deleteBlocksCommand with id=1569037782608 timed out. Retrying.
2019-09-21 03:49:45,532 [pool-7-thread-1] INFO  commands.RetriableDatanodeEventWatcher (RetriableDatanodeEventWatcher.java:onTimeout(47)) - RetriableDatanodeCommand type=deleteBlocksCommand with id=1569037782618 timed out. Retrying.
2019-09-21 03:49:45,547 [SCMBlockDeletingService#1] DEBUG block.SCMBlockDeletingService (SCMBlockDeletingService.java:call(138)) - Running DeletedBlockTransactionScanner
2019-09-21 03:49:45,548 [SCMBlockDeletingService#1] DEBUG block.SCMBlockDeletingService (SCMBlockDeletingService.java:call(155)) - Scanned deleted blocks log and got 3 delTX to process.
2019-09-21 03:49:45,548 [SCMBlockDeletingService#1] DEBUG block.SCMBlockDeletingService (SCMBlockDeletingService.java:call(171)) - Added delete block command for datanode 555a71b6-7320-443e-bd9a-47cd6ebfc0cf in the queue, number of delete block transactions: 3, TxID list: 1,2,3
2019-09-21 03:49:45,549 [SCMBlockDeletingService#1] INFO  block.SCMBlockDeletingService (SCMBlockDeletingService.java:call(182)) - Totally added 3 delete blocks command for 1 datanodes, task elapsed time: 1ms
2019-09-21 03:49:45,604 [pool-7-thread-1] INFO  commands.RetriableDatanodeEventWatcher (RetriableDatanodeEventWatcher.java:onTimeout(47)) - RetriableDatanodeCommand type=deleteBlocksCommand with id=1569037782599 timed out. Retrying.
2019-09-21 03:49:45,618 [pool-7-thread-1] INFO  commands.RetriableDatanodeEventWatcher (RetriableDatanodeEventWatcher.java:onTimeout(47)) - RetriableDatanodeCommand type=deleteBlocksCommand with id=1569037782609 timed out. Retrying.
2019-09-21 03:49:45,634 [pool-7-thread-1] INFO  commands.RetriableDatanodeEventWatcher (RetriableDatanodeEventWatcher.java:onTimeout(47)) - RetriableDatanodeCommand type=deleteBlocksCommand with id=1569037782619 timed out. Retrying.
2019-09-21 03:49:45,649 [SCMBlockDeletingService#1] DEBUG block.SCMBlockDeletingService (SCMBlockDeletingService.java:call(138)) - Running DeletedBlockTransactionScanner
2019-09-21 03:49:45,649 [SCMBlockDeletingService#1] DEBUG block.SCMBlockDeletingService (SCMBlockDeletingService.java:call(155)) - Scanned deleted blocks log and got 3 delTX to process.
2019-09-21 03:49:45,650 [SCMBlockDeletingService#1] DEBUG block.SCMBlockDeletingService (SCMBlockDeletingService.java:call(171)) - Added delete block command for datanode 555a71b6-7320-443e-bd9a-47cd6ebfc0cf in the queue, number of delete block transactions: 3, TxID list: 1,2,3
2019-09-21 03:49:45,650 [SCMBlockDeletingService#1] INFO  block.SCMBlockDeletingService (SCMBlockDeletingService.java:call(182)) - Totally added 3 delete blocks command for 1 datanodes, task elapsed time: 1ms
2019-09-21 03:49:45,704 [pool-7-thread-1] INFO  commands.RetriableDatanodeEventWatcher (RetriableDatanodeEventWatcher.java:onTimeout(47)) - RetriableDatanodeCommand type=deleteBlocksCommand with id=1569037782600 timed out. Retrying.
2019-09-21 03:49:45,722 [pool-7-thread-1] INFO  commands.RetriableDatanodeEventWatcher (RetriableDatanodeEventWatcher.java:onTimeout(47)) - RetriableDatanodeCommand type=deleteBlocksCommand with id=1569037782610 timed out. Retrying.
2019-09-21 03:49:45,735 [pool-7-thread-1] INFO  commands.RetriableDatanodeEventWatcher (RetriableDatanodeEventWatcher.java:onTimeout(47)) - RetriableDatanodeCommand type=deleteBlocksCommand with id=1569037782620 timed out. Retrying.
2019-09-21 03:49:45,751 [SCMBlockDeletingService#1] DEBUG block.SCMBlockDeletingService (SCMBlockDeletingService.java:call(138)) - Running DeletedBlockTransactionScanner
2019-09-21 03:49:45,751 [SCMBlockDeletingService#1] DEBUG block.SCMBlockDeletingService (SCMBlockDeletingService.java:call(155)) - Scanned deleted blocks log and got 3 delTX to process.
2019-09-21 03:49:45,751 [SCMBlockDeletingService#1] DEBUG block.SCMBlockDeletingService (SCMBlockDeletingService.java:call(171)) - Added delete block command for datanode 555a71b6-7320-443e-bd9a-47cd6ebfc0cf in the queue, number of delete block transactions: 3, TxID list: 1,2,3
2019-09-21 03:49:45,752 [SCMBlockDeletingService#1] INFO  block.SCMBlockDeletingService (SCMBlockDeletingService.java:call(182)) - Totally added 3 delete blocks command for 1 datanodes, task elapsed time: 1ms
2019-09-21 03:49:45,807 [pool-7-thread-1] INFO  commands.RetriableDatanodeEventWatcher (RetriableDatanodeEventWatcher.java:onTimeout(47)) - RetriableDatanodeCommand type=deleteBlocksCommand with id=1569037782601 timed out. Retrying.
2019-09-21 03:49:45,822 [pool-7-thread-1] INFO  commands.RetriableDatanodeEventWatcher (RetriableDatanodeEventWatcher.java:onTimeout(47)) - RetriableDatanodeCommand type=deleteBlocksCommand with id=1569037782611 timed out. Retrying.
2019-09-21 03:49:45,837 [pool-7-thread-1] INFO  commands.RetriableDatanodeEventWatcher (RetriableDatanodeEventWatcher.java:onTimeout(47)) - RetriableDatanodeCommand type=deleteBlocksCommand with id=1569037782621 timed out. Retrying.
2019-09-21 03:49:45,852 [SCMBlockDeletingService#1] DEBUG block.SCMBlockDeletingService (SCMBlockDeletingService.java:call(138)) - Running DeletedBlockTransactionScanner
2019-09-21 03:49:45,853 [SCMBlockDeletingService#1] DEBUG block.SCMBlockDeletingService (SCMBlockDeletingService.java:call(155)) - Scanned deleted blocks log and got 3 delTX to process.
2019-09-21 03:49:45,853 [SCMBlockDeletingService#1] DEBUG block.SCMBlockDeletingService (SCMBlockDeletingService.java:call(171)) - Added delete block command for datanode 555a71b6-7320-443e-bd9a-47cd6ebfc0cf in the queue, number of delete block transactions: 3, TxID list: 1,2,3
2019-09-21 03:49:45,853 [SCMBlockDeletingService#1] INFO  block.SCMBlockDeletingService (SCMBlockDeletingService.java:call(182)) - Totally added 3 delete blocks command for 1 datanodes, task elapsed time: 1ms
2019-09-21 03:49:45,908 [pool-7-thread-1] INFO  commands.RetriableDatanodeEventWatcher (RetriableDatanodeEventWatcher.java:onTimeout(47)) - RetriableDatanodeCommand type=deleteBlocksCommand with id=1569037782602 timed out. Retrying.
2019-09-21 03:49:45,925 [pool-7-thread-1] INFO  commands.RetriableDatanodeEventWatcher (RetriableDatanodeEventWatcher.java:onTimeout(47)) - RetriableDatanodeCommand type=deleteBlocksCommand with id=1569037782612 timed out. Retrying.
2019-09-21 03:49:45,938 [pool-7-thread-1] INFO  commands.RetriableDatanodeEventWatcher (RetriableDatanodeEventWatcher.java:onTimeout(47)) - RetriableDatanodeCommand type=deleteBlocksCommand with id=1569037782622 timed out. Retrying.
2019-09-21 03:49:45,954 [SCMBlockDeletingService#1] DEBUG block.SCMBlockDeletingService (SCMBlockDeletingService.java:call(138)) - Running DeletedBlockTransactionScanner
2019-09-21 03:49:45,954 [SCMBlockDeletingService#1] DEBUG block.SCMBlockDeletingService (SCMBlockDeletingService.java:call(155)) - Scanned deleted blocks log and got 3 delTX to process.
2019-09-21 03:49:45,954 [SCMBlockDeletingService#1] DEBUG block.SCMBlockDeletingService (SCMBlockDeletingService.java:call(171)) - Added delete block command for datanode 555a71b6-7320-443e-bd9a-47cd6ebfc0cf in the queue, number of delete block transactions: 3, TxID list: 1,2,3
2019-09-21 03:49:45,955 [SCMBlockDeletingService#1] INFO  block.SCMBlockDeletingService (SCMBlockDeletingService.java:call(182)) - Totally added 3 delete blocks command for 1 datanodes, task elapsed time: 1ms
2019-09-21 03:49:46,010 [pool-7-thread-1] INFO  commands.RetriableDatanodeEventWatcher (RetriableDatanodeEventWatcher.java:onTimeout(47)) - RetriableDatanodeCommand type=deleteBlocksCommand with id=1569037782603 timed out. Retrying.
2019-09-21 03:49:46,025 [pool-7-thread-1] INFO  commands.RetriableDatanodeEventWatcher (RetriableDatanodeEventWatcher.java:onTimeout(47)) - RetriableDatanodeCommand type=deleteBlocksCommand with id=1569037782613 timed out. Retrying.
2019-09-21 03:49:46,040 [pool-7-thread-1] INFO  commands.RetriableDatanodeEventWatcher (RetriableDatanodeEventWatcher.java:onTimeout(47)) - RetriableDatanodeCommand type=deleteBlocksCommand with id=1569037782623 timed out. Retrying.
2019-09-21 03:49:46,055 [SCMBlockDeletingService#1] DEBUG block.SCMBlockDeletingService (SCMBlockDeletingService.java:call(138)) - Running DeletedBlockTransactionScanner
2019-09-21 03:49:46,056 [SCMBlockDeletingService#1] DEBUG block.SCMBlockDeletingService (SCMBlockDeletingService.java:call(155)) - Scanned deleted blocks log and got 3 delTX to process.
2019-09-21 03:49:46,056 [SCMBlockDeletingService#1] DEBUG block.SCMBlockDeletingService (SCMBlockDeletingService.java:call(171)) - Added delete block command for datanode 555a71b6-7320-443e-bd9a-47cd6ebfc0cf in the queue, number of delete block transactions: 3, TxID list: 1,2,3
2019-09-21 03:49:46,057 [SCMBlockDeletingService#1] INFO  block.SCMBlockDeletingService (SCMBlockDeletingService.java:call(182)) - Totally added 3 delete blocks command for 1 datanodes, task elapsed time: 1ms
2019-09-21 03:49:46,112 [pool-7-thread-1] INFO  commands.RetriableDatanodeEventWatcher (RetriableDatanodeEventWatcher.java:onTimeout(47)) - RetriableDatanodeCommand type=deleteBlocksCommand with id=1569037782604 timed out. Retrying.
2019-09-21 03:49:46,126 [pool-7-thread-1] INFO  commands.RetriableDatanodeEventWatcher (RetriableDatanodeEventWatcher.java:onTimeout(47)) - RetriableDatanodeCommand type=deleteBlocksCommand with id=1569037782614 timed out. Retrying.
2019-09-21 03:49:46,142 [pool-7-thread-1] INFO  commands.RetriableDatanodeEventWatcher (RetriableDatanodeEventWatcher.java:onTimeout(47)) - RetriableDatanodeCommand type=deleteBlocksCommand with id=1569037782624 timed out. Retrying.
2019-09-21 03:49:46,157 [SCMBlockDeletingService#1] DEBUG block.SCMBlockDeletingService (SCMBlockDeletingService.java:call(138)) - Running DeletedBlockTransactionScanner
2019-09-21 03:49:46,157 [SCMBlockDeletingService#1] DEBUG block.SCMBlockDeletingService (SCMBlockDeletingService.java:call(155)) - Scanned deleted blocks log and got 3 delTX to process.
2019-09-21 03:49:46,158 [SCMBlockDeletingService#1] DEBUG block.SCMBlockDeletingService (SCMBlockDeletingService.java:call(171)) - Added delete block command for datanode 555a71b6-7320-443e-bd9a-47cd6ebfc0cf in the queue, number of delete block transactions: 3, TxID list: 1,2,3
2019-09-21 03:49:46,158 [SCMBlockDeletingService#1] INFO  block.SCMBlockDeletingService (SCMBlockDeletingService.java:call(182)) - Totally added 3 delete blocks command for 1 datanodes, task elapsed time: 1ms
2019-09-21 03:49:46,213 [pool-7-thread-1] INFO  commands.RetriableDatanodeEventWatcher (RetriableDatanodeEventWatcher.java:onTimeout(47)) - RetriableDatanodeCommand type=deleteBlocksCommand with id=1569037782605 timed out. Retrying.
2019-09-21 03:49:46,229 [pool-7-thread-1] INFO  commands.RetriableDatanodeEventWatcher (RetriableDatanodeEventWatcher.java:onTimeout(47)) - RetriableDatanodeCommand type=deleteBlocksCommand with id=1569037782615 timed out. Retrying.
2019-09-21 03:49:46,243 [pool-7-thread-1] INFO  commands.RetriableDatanodeEventWatcher (RetriableDatanodeEventWatcher.java:onTimeout(47)) - RetriableDatanodeCommand type=deleteBlocksCommand with id=1569037782625 timed out. Retrying.
2019-09-21 03:49:46,259 [SCMBlockDeletingService#1] DEBUG block.SCMBlockDeletingService (SCMBlockDeletingService.java:call(138)) - Running DeletedBlockTransactionScanner
2019-09-21 03:49:46,259 [SCMBlockDeletingService#1] DEBUG block.SCMBlockDeletingService (SCMBlockDeletingService.java:call(155)) - Scanned deleted blocks log and got 3 delTX to process.
2019-09-21 03:49:46,259 [SCMBlockDeletingService#1] DEBUG block.SCMBlockDeletingService (SCMBlockDeletingService.java:call(171)) - Added delete block command for datanode 555a71b6-7320-443e-bd9a-47cd6ebfc0cf in the queue, number of delete block transactions: 3, TxID list: 1,2,3
2019-09-21 03:49:46,260 [SCMBlockDeletingService#1] INFO  block.SCMBlockDeletingService (SCMBlockDeletingService.java:call(182)) - Totally added 3 delete blocks command for 1 datanodes, task elapsed time: 2ms
2019-09-21 03:49:46,314 [pool-7-thread-1] INFO  commands.RetriableDatanodeEventWatcher (RetriableDatanodeEventWatcher.java:onTimeout(47)) - RetriableDatanodeCommand type=deleteBlocksCommand with id=1569037782606 timed out. Retrying.
2019-09-21 03:49:46,328 [pool-7-thread-1] INFO  commands.RetriableDatanodeEventWatcher (RetriableDatanodeEventWatcher.java:onTimeout(47)) - RetriableDatanodeCommand type=deleteBlocksCommand with id=1569037782616 timed out. Retrying.
2019-09-21 03:49:46,346 [pool-7-thread-1] INFO  commands.RetriableDatanodeEventWatcher (RetriableDatanodeEventWatcher.java:onTimeout(47)) - RetriableDatanodeCommand type=deleteBlocksCommand with id=1569037782626 timed out. Retrying.
2019-09-21 03:49:46,360 [SCMBlockDeletingService#1] DEBUG block.SCMBlockDeletingService (SCMBlockDeletingService.java:call(138)) - Running DeletedBlockTransactionScanner
2019-09-21 03:49:46,361 [SCMBlockDeletingService#1] DEBUG block.SCMBlockDeletingService (SCMBlockDeletingService.java:call(155)) - Scanned deleted blocks log and got 3 delTX to process.
2019-09-21 03:49:46,361 [SCMBlockDeletingService#1] DEBUG block.SCMBlockDeletingService (SCMBlockDeletingService.java:call(171)) - Added delete block command for datanode 555a71b6-7320-443e-bd9a-47cd6ebfc0cf in the queue, number of delete block transactions: 3, TxID list: 1,2,3
2019-09-21 03:49:46,362 [SCMBlockDeletingService#1] INFO  block.SCMBlockDeletingService (SCMBlockDeletingService.java:call(182)) - Totally added 3 delete blocks command for 1 datanodes, task elapsed time: 1ms
2019-09-21 03:49:46,417 [pool-7-thread-1] INFO  commands.RetriableDatanodeEventWatcher (RetriableDatanodeEventWatcher.java:onTimeout(47)) - RetriableDatanodeCommand type=deleteBlocksCommand with id=1569037782607 timed out. Retrying.
2019-09-21 03:49:46,432 [pool-7-thread-1] INFO  commands.RetriableDatanodeEventWatcher (RetriableDatanodeEventWatcher.java:onTimeout(47)) - RetriableDatanodeCommand type=deleteBlocksCommand with id=1569037782617 timed out. Retrying.
2019-09-21 03:49:46,447 [pool-7-thread-1] INFO  commands.RetriableDatanodeEventWatcher (RetriableDatanodeEventWatcher.java:onTimeout(47)) - RetriableDatanodeCommand type=deleteBlocksCommand with id=1569037782627 timed out. Retrying.
2019-09-21 03:49:46,462 [SCMBlockDeletingService#1] DEBUG block.SCMBlockDeletingService (SCMBlockDeletingService.java:call(138)) - Running DeletedBlockTransactionScanner
2019-09-21 03:49:46,463 [SCMBlockDeletingService#1] DEBUG block.SCMBlockDeletingService (SCMBlockDeletingService.java:call(155)) - Scanned deleted blocks log and got 3 delTX to process.
2019-09-21 03:49:46,463 [SCMBlockDeletingService#1] DEBUG block.SCMBlockDeletingService (SCMBlockDeletingService.java:call(171)) - Added delete block command for datanode 555a71b6-7320-443e-bd9a-47cd6ebfc0cf in the queue, number of delete block transactions: 3, TxID list: 1,2,3
2019-09-21 03:49:46,464 [SCMBlockDeletingService#1] INFO  block.SCMBlockDeletingService (SCMBlockDeletingService.java:call(182)) - Totally added 3 delete blocks command for 1 datanodes, task elapsed time: 2ms
2019-09-21 03:49:46,519 [pool-7-thread-1] INFO  commands.RetriableDatanodeEventWatcher (RetriableDatanodeEventWatcher.java:onTimeout(47)) - RetriableDatanodeCommand type=deleteBlocksCommand with id=1569037782608 timed out. Retrying.
2019-09-21 03:49:46,532 [pool-7-thread-1] INFO  commands.RetriableDatanodeEventWatcher (RetriableDatanodeEventWatcher.java:onTimeout(47)) - RetriableDatanodeCommand type=deleteBlocksCommand with id=1569037782618 timed out. Retrying.
2019-09-21 03:49:46,549 [pool-7-thread-1] INFO  commands.RetriableDatanodeEventWatcher (RetriableDatanodeEventWatcher.java:onTimeout(47)) - RetriableDatanodeCommand type=deleteBlocksCommand with id=1569037782628 timed out. Retrying.
2019-09-21 03:49:46,564 [SCMBlockDeletingService#1] DEBUG block.SCMBlockDeletingService (SCMBlockDeletingService.java:call(138)) - Running DeletedBlockTransactionScanner
2019-09-21 03:49:46,565 [SCMBlockDeletingService#1] DEBUG block.SCMBlockDeletingService (SCMBlockDeletingService.java:call(155)) - Scanned deleted blocks log and got 3 delTX to process.
2019-09-21 03:49:46,565 [SCMBlockDeletingService#1] DEBUG block.SCMBlockDeletingService (SCMBlockDeletingService.java:call(171)) - Added delete block command for datanode 555a71b6-7320-443e-bd9a-47cd6ebfc0cf in the queue, number of delete block transactions: 3, TxID list: 1,2,3
2019-09-21 03:49:46,565 [SCMBlockDeletingService#1] INFO  block.SCMBlockDeletingService (SCMBlockDeletingService.java:call(182)) - Totally added 3 delete blocks command for 1 datanodes, task elapsed time: 1ms
2019-09-21 03:49:46,603 [pool-7-thread-1] INFO  commands.RetriableDatanodeEventWatcher (RetriableDatanodeEventWatcher.java:onTimeout(47)) - RetriableDatanodeCommand type=deleteBlocksCommand with id=1569037782599 timed out. Retrying.
2019-09-21 03:49:46,619 [pool-7-thread-1] INFO  commands.RetriableDatanodeEventWatcher (RetriableDatanodeEventWatcher.java:onTimeout(47)) - RetriableDatanodeCommand type=deleteBlocksCommand with id=1569037782609 timed out. Retrying.
2019-09-21 03:49:46,634 [pool-7-thread-1] INFO  commands.RetriableDatanodeEventWatcher (RetriableDatanodeEventWatcher.java:onTimeout(47)) - RetriableDatanodeCommand type=deleteBlocksCommand with id=1569037782619 timed out. Retrying.
2019-09-21 03:49:46,650 [pool-7-thread-1] INFO  commands.RetriableDatanodeEventWatcher (RetriableDatanodeEventWatcher.java:onTimeout(47)) - RetriableDatanodeCommand type=deleteBlocksCommand with id=1569037782629 timed out. Retrying.
2019-09-21 03:49:46,666 [SCMBlockDeletingService#1] DEBUG block.SCMBlockDeletingService (SCMBlockDeletingService.java:call(138)) - Running DeletedBlockTransactionScanner
2019-09-21 03:49:46,666 [SCMBlockDeletingService#1] DEBUG block.SCMBlockDeletingService (SCMBlockDeletingService.java:call(155)) - Scanned deleted blocks log and got 3 delTX to process.
2019-09-21 03:49:46,667 [SCMBlockDeletingService#1] DEBUG block.SCMBlockDeletingService (SCMBlockDeletingService.java:call(171)) - Added delete block command for datanode 555a71b6-7320-443e-bd9a-47cd6ebfc0cf in the queue, number of delete block transactions: 3, TxID list: 1,2,3
2019-09-21 03:49:46,667 [SCMBlockDeletingService#1] INFO  block.SCMBlockDeletingService (SCMBlockDeletingService.java:call(182)) - Totally added 3 delete blocks command for 1 datanodes, task elapsed time: 2ms
2019-09-21 03:49:46,705 [pool-7-thread-1] INFO  commands.RetriableDatanodeEventWatcher (RetriableDatanodeEventWatcher.java:onTimeout(47)) - RetriableDatanodeCommand type=deleteBlocksCommand with id=1569037782600 timed out. Retrying.
2019-09-21 03:49:46,722 [pool-7-thread-1] INFO  commands.RetriableDatanodeEventWatcher (RetriableDatanodeEventWatcher.java:onTimeout(47)) - RetriableDatanodeCommand type=deleteBlocksCommand with id=1569037782610 timed out. Retrying.
2019-09-21 03:49:46,736 [pool-7-thread-1] INFO  commands.RetriableDatanodeEventWatcher (RetriableDatanodeEventWatcher.java:onTimeout(47)) - RetriableDatanodeCommand type=deleteBlocksCommand with id=1569037782620 timed out. Retrying.
2019-09-21 03:49:46,751 [pool-7-thread-1] INFO  commands.RetriableDatanodeEventWatcher (RetriableDatanodeEventWatcher.java:onTimeout(47)) - RetriableDatanodeCommand type=deleteBlocksCommand with id=1569037782630 timed out. Retrying.
2019-09-21 03:49:46,767 [SCMBlockDeletingService#1] DEBUG block.SCMBlockDeletingService (SCMBlockDeletingService.java:call(138)) - Running DeletedBlockTransactionScanner
2019-09-21 03:49:46,768 [SCMBlockDeletingService#1] DEBUG block.SCMBlockDeletingService (SCMBlockDeletingService.java:call(155)) - Scanned deleted blocks log and got 3 delTX to process.
2019-09-21 03:49:46,768 [SCMBlockDeletingService#1] DEBUG block.SCMBlockDeletingService (SCMBlockDeletingService.java:call(171)) - Added delete block command for datanode 555a71b6-7320-443e-bd9a-47cd6ebfc0cf in the queue, number of delete block transactions: 3, TxID list: 1,2,3
2019-09-21 03:49:46,769 [SCMBlockDeletingService#1] INFO  block.SCMBlockDeletingService (SCMBlockDeletingService.java:call(182)) - Totally added 3 delete blocks command for 1 datanodes, task elapsed time: 1ms
2019-09-21 03:49:46,808 [pool-7-thread-1] INFO  commands.RetriableDatanodeEventWatcher (RetriableDatanodeEventWatcher.java:onTimeout(47)) - RetriableDatanodeCommand type=deleteBlocksCommand with id=1569037782601 timed out. Retrying.
2019-09-21 03:49:46,822 [pool-7-thread-1] INFO  commands.RetriableDatanodeEventWatcher (RetriableDatanodeEventWatcher.java:onTimeout(47)) - RetriableDatanodeCommand type=deleteBlocksCommand with id=1569037782611 timed out. Retrying.
2019-09-21 03:49:46,838 [pool-7-thread-1] INFO  commands.RetriableDatanodeEventWatcher (RetriableDatanodeEventWatcher.java:onTimeout(47)) - RetriableDatanodeCommand type=deleteBlocksCommand with id=1569037782621 timed out. Retrying.
2019-09-21 03:49:46,853 [pool-7-thread-1] INFO  commands.RetriableDatanodeEventWatcher (RetriableDatanodeEventWatcher.java:onTimeout(47)) - RetriableDatanodeCommand type=deleteBlocksCommand with id=1569037782631 timed out. Retrying.
2019-09-21 03:49:46,869 [SCMBlockDeletingService#1] DEBUG block.SCMBlockDeletingService (SCMBlockDeletingService.java:call(138)) - Running DeletedBlockTransactionScanner
2019-09-21 03:49:46,870 [SCMBlockDeletingService#1] DEBUG block.SCMBlockDeletingService (SCMBlockDeletingService.java:call(155)) - Scanned deleted blocks log and got 3 delTX to process.
2019-09-21 03:49:46,870 [SCMBlockDeletingService#1] DEBUG block.SCMBlockDeletingService (SCMBlockDeletingService.java:call(171)) - Added delete block command for datanode 555a71b6-7320-443e-bd9a-47cd6ebfc0cf in the queue, number of delete block transactions: 3, TxID list: 1,2,3
2019-09-21 03:49:46,871 [SCMBlockDeletingService#1] INFO  block.SCMBlockDeletingService (SCMBlockDeletingService.java:call(182)) - Totally added 3 delete blocks command for 1 datanodes, task elapsed time: 1ms
2019-09-21 03:49:46,909 [pool-7-thread-1] INFO  commands.RetriableDatanodeEventWatcher (RetriableDatanodeEventWatcher.java:onTimeout(47)) - RetriableDatanodeCommand type=deleteBlocksCommand with id=1569037782602 timed out. Retrying.
2019-09-21 03:49:46,925 [pool-7-thread-1] INFO  commands.RetriableDatanodeEventWatcher (RetriableDatanodeEventWatcher.java:onTimeout(47)) - RetriableDatanodeCommand type=deleteBlocksCommand with id=1569037782612 timed out. Retrying.
2019-09-21 03:49:46,939 [pool-7-thread-1] INFO  commands.RetriableDatanodeEventWatcher (RetriableDatanodeEventWatcher.java:onTimeout(47)) - RetriableDatanodeCommand type=deleteBlocksCommand with id=1569037782622 timed out. Retrying.
2019-09-21 03:49:46,955 [pool-7-thread-1] INFO  commands.RetriableDatanodeEventWatcher (RetriableDatanodeEventWatcher.java:onTimeout(47)) - RetriableDatanodeCommand type=deleteBlocksCommand with id=1569037782632 timed out. Retrying.
2019-09-21 03:49:46,971 [SCMBlockDeletingService#1] DEBUG block.SCMBlockDeletingService (SCMBlockDeletingService.java:call(138)) - Running DeletedBlockTransactionScanner
2019-09-21 03:49:46,972 [SCMBlockDeletingService#1] DEBUG block.SCMBlockDeletingService (SCMBlockDeletingService.java:call(155)) - Scanned deleted blocks log and got 3 delTX to process.
2019-09-21 03:49:46,972 [SCMBlockDeletingService#1] DEBUG block.SCMBlockDeletingService (SCMBlockDeletingService.java:call(171)) - Added delete block command for datanode 555a71b6-7320-443e-bd9a-47cd6ebfc0cf in the queue, number of delete block transactions: 3, TxID list: 1,2,3
2019-09-21 03:49:46,972 [SCMBlockDeletingService#1] INFO  block.SCMBlockDeletingService (SCMBlockDeletingService.java:call(182)) - Totally added 3 delete blocks command for 1 datanodes, task elapsed time: 1ms
2019-09-21 03:49:47,010 [pool-7-thread-1] INFO  commands.RetriableDatanodeEventWatcher (RetriableDatanodeEventWatcher.java:onTimeout(47)) - RetriableDatanodeCommand type=deleteBlocksCommand with id=1569037782603 timed out. Retrying.
2019-09-21 03:49:47,026 [pool-7-thread-1] INFO  commands.RetriableDatanodeEventWatcher (RetriableDatanodeEventWatcher.java:onTimeout(47)) - RetriableDatanodeCommand type=deleteBlocksCommand with id=1569037782613 timed out. Retrying.
2019-09-21 03:49:47,041 [pool-7-thread-1] INFO  commands.RetriableDatanodeEventWatcher (RetriableDatanodeEventWatcher.java:onTimeout(47)) - RetriableDatanodeCommand type=deleteBlocksCommand with id=1569037782623 timed out. Retrying.
2019-09-21 03:49:47,056 [pool-7-thread-1] INFO  commands.RetriableDatanodeEventWatcher (RetriableDatanodeEventWatcher.java:onTimeout(47)) - RetriableDatanodeCommand type=deleteBlocksCommand with id=1569037782633 timed out. Retrying.
2019-09-21 03:49:47,073 [SCMBlockDeletingService#1] DEBUG block.SCMBlockDeletingService (SCMBlockDeletingService.java:call(138)) - Running DeletedBlockTransactionScanner
2019-09-21 03:49:47,073 [SCMBlockDeletingService#1] DEBUG block.SCMBlockDeletingService (SCMBlockDeletingService.java:call(155)) - Scanned deleted blocks log and got 3 delTX to process.
2019-09-21 03:49:47,074 [SCMBlockDeletingService#1] DEBUG block.SCMBlockDeletingService (SCMBlockDeletingService.java:call(171)) - Added delete block command for datanode 555a71b6-7320-443e-bd9a-47cd6ebfc0cf in the queue, number of delete block transactions: 3, TxID list: 1,2,3
2019-09-21 03:49:47,074 [SCMBlockDeletingService#1] INFO  block.SCMBlockDeletingService (SCMBlockDeletingService.java:call(182)) - Totally added 3 delete blocks command for 1 datanodes, task elapsed time: 2ms
2019-09-21 03:49:47,113 [pool-7-thread-1] INFO  commands.RetriableDatanodeEventWatcher (RetriableDatanodeEventWatcher.java:onTimeout(47)) - RetriableDatanodeCommand type=deleteBlocksCommand with id=1569037782604 timed out. Retrying.
2019-09-21 03:49:47,127 [pool-7-thread-1] INFO  commands.RetriableDatanodeEventWatcher (RetriableDatanodeEventWatcher.java:onTimeout(47)) - RetriableDatanodeCommand type=deleteBlocksCommand with id=1569037782614 timed out. Retrying.
2019-09-21 03:49:47,143 [pool-7-thread-1] INFO  commands.RetriableDatanodeEventWatcher (RetriableDatanodeEventWatcher.java:onTimeout(47)) - RetriableDatanodeCommand type=deleteBlocksCommand with id=1569037782624 timed out. Retrying.
2019-09-21 03:49:47,157 [pool-7-thread-1] INFO  commands.RetriableDatanodeEventWatcher (RetriableDatanodeEventWatcher.java:onTimeout(47)) - RetriableDatanodeCommand type=deleteBlocksCommand with id=1569037782634 timed out. Retrying.
2019-09-21 03:49:47,174 [SCMBlockDeletingService#1] DEBUG block.SCMBlockDeletingService (SCMBlockDeletingService.java:call(138)) - Running DeletedBlockTransactionScanner
2019-09-21 03:49:47,175 [SCMBlockDeletingService#1] DEBUG block.SCMBlockDeletingService (SCMBlockDeletingService.java:call(155)) - Scanned deleted blocks log and got 3 delTX to process.
2019-09-21 03:49:47,175 [SCMBlockDeletingService#1] DEBUG block.SCMBlockDeletingService (SCMBlockDeletingService.java:call(171)) - Added delete block command for datanode 555a71b6-7320-443e-bd9a-47cd6ebfc0cf in the queue, number of delete block transactions: 3, TxID list: 1,2,3
2019-09-21 03:49:47,176 [SCMBlockDeletingService#1] INFO  block.SCMBlockDeletingService (SCMBlockDeletingService.java:call(182)) - Totally added 3 delete blocks command for 1 datanodes, task elapsed time: 1ms
2019-09-21 03:49:47,214 [pool-7-thread-1] INFO  commands.RetriableDatanodeEventWatcher (RetriableDatanodeEventWatcher.java:onTimeout(47)) - RetriableDatanodeCommand type=deleteBlocksCommand with id=1569037782605 timed out. Retrying.
2019-09-21 03:49:47,229 [pool-7-thread-1] INFO  commands.RetriableDatanodeEventWatcher (RetriableDatanodeEventWatcher.java:onTimeout(47)) - RetriableDatanodeCommand type=deleteBlocksCommand with id=1569037782615 timed out. Retrying.
2019-09-21 03:49:47,244 [pool-7-thread-1] INFO  commands.RetriableDatanodeEventWatcher (RetriableDatanodeEventWatcher.java:onTimeout(47)) - RetriableDatanodeCommand type=deleteBlocksCommand with id=1569037782625 timed out. Retrying.
2019-09-21 03:49:47,259 [pool-7-thread-1] INFO  commands.RetriableDatanodeEventWatcher (RetriableDatanodeEventWatcher.java:onTimeout(47)) - RetriableDatanodeCommand type=deleteBlocksCommand with id=1569037782635 timed out. Retrying.
2019-09-21 03:49:47,276 [SCMBlockDeletingService#1] DEBUG block.SCMBlockDeletingService (SCMBlockDeletingService.java:call(138)) - Running DeletedBlockTransactionScanner
2019-09-21 03:49:47,277 [SCMBlockDeletingService#1] DEBUG block.SCMBlockDeletingService (SCMBlockDeletingService.java:call(155)) - Scanned deleted blocks log and got 3 delTX to process.
2019-09-21 03:49:47,278 [SCMBlockDeletingService#1] DEBUG block.SCMBlockDeletingService (SCMBlockDeletingService.java:call(171)) - Added delete block command for datanode 555a71b6-7320-443e-bd9a-47cd6ebfc0cf in the queue, number of delete block transactions: 3, TxID list: 1,2,3
2019-09-21 03:49:47,278 [SCMBlockDeletingService#1] INFO  block.SCMBlockDeletingService (SCMBlockDeletingService.java:call(182)) - Totally added 3 delete blocks command for 1 datanodes, task elapsed time: 2ms
2019-09-21 03:49:47,315 [pool-7-thread-1] INFO  commands.RetriableDatanodeEventWatcher (RetriableDatanodeEventWatcher.java:onTimeout(47)) - RetriableDatanodeCommand type=deleteBlocksCommand with id=1569037782606 timed out. Retrying.
2019-09-21 03:49:47,328 [pool-7-thread-1] INFO  commands.RetriableDatanodeEventWatcher (RetriableDatanodeEventWatcher.java:onTimeout(47)) - RetriableDatanodeCommand type=deleteBlocksCommand with id=1569037782616 timed out. Retrying.
2019-09-21 03:49:47,347 [pool-7-thread-1] INFO  commands.RetriableDatanodeEventWatcher (RetriableDatanodeEventWatcher.java:onTimeout(47)) - RetriableDatanodeCommand type=deleteBlocksCommand with id=1569037782626 timed out. Retrying.
2019-09-21 03:49:47,361 [pool-7-thread-1] INFO  commands.RetriableDatanodeEventWatcher (RetriableDatanodeEventWatcher.java:onTimeout(47)) - RetriableDatanodeCommand type=deleteBlocksCommand with id=1569037782636 timed out. Retrying.
2019-09-21 03:49:47,379 [SCMBlockDeletingService#1] DEBUG block.SCMBlockDeletingService (SCMBlockDeletingService.java:call(138)) - Running DeletedBlockTransactionScanner
2019-09-21 03:49:47,379 [SCMBlockDeletingService#1] DEBUG block.SCMBlockDeletingService (SCMBlockDeletingService.java:call(155)) - Scanned deleted blocks log and got 3 delTX to process.
2019-09-21 03:49:47,380 [SCMBlockDeletingService#1] DEBUG block.SCMBlockDeletingService (SCMBlockDeletingService.java:call(171)) - Added delete block command for datanode 555a71b6-7320-443e-bd9a-47cd6ebfc0cf in the queue, number of delete block transactions: 3, TxID list: 1,2,3
2019-09-21 03:49:47,380 [SCMBlockDeletingService#1] INFO  block.SCMBlockDeletingService (SCMBlockDeletingService.java:call(182)) - Totally added 3 delete blocks command for 1 datanodes, task elapsed time: 2ms
2019-09-21 03:49:47,418 [pool-7-thread-1] INFO  commands.RetriableDatanodeEventWatcher (RetriableDatanodeEventWatcher.java:onTimeout(47)) - RetriableDatanodeCommand type=deleteBlocksCommand with id=1569037782607 timed out. Retrying.
2019-09-21 03:49:47,432 [pool-7-thread-1] INFO  commands.RetriableDatanodeEventWatcher (RetriableDatanodeEventWatcher.java:onTimeout(47)) - RetriableDatanodeCommand type=deleteBlocksCommand with id=1569037782617 timed out. Retrying.
2019-09-21 03:49:47,447 [pool-7-thread-1] INFO  commands.RetriableDatanodeEventWatcher (RetriableDatanodeEventWatcher.java:onTimeout(47)) - RetriableDatanodeCommand type=deleteBlocksCommand with id=1569037782627 timed out. Retrying.
2019-09-21 03:49:47,464 [pool-7-thread-1] INFO  commands.RetriableDatanodeEventWatcher (RetriableDatanodeEventWatcher.java:onTimeout(47)) - RetriableDatanodeCommand type=deleteBlocksCommand with id=1569037782637 timed out. Retrying.
2019-09-21 03:49:47,480 [SCMBlockDeletingService#1] DEBUG block.SCMBlockDeletingService (SCMBlockDeletingService.java:call(138)) - Running DeletedBlockTransactionScanner
2019-09-21 03:49:47,481 [SCMBlockDeletingService#1] DEBUG block.SCMBlockDeletingService (SCMBlockDeletingService.java:call(155)) - Scanned deleted blocks log and got 3 delTX to process.
2019-09-21 03:49:47,481 [SCMBlockDeletingService#1] DEBUG block.SCMBlockDeletingService (SCMBlockDeletingService.java:call(171)) - Added delete block command for datanode 555a71b6-7320-443e-bd9a-47cd6ebfc0cf in the queue, number of delete block transactions: 3, TxID list: 1,2,3
2019-09-21 03:49:47,481 [SCMBlockDeletingService#1] INFO  block.SCMBlockDeletingService (SCMBlockDeletingService.java:call(182)) - Totally added 3 delete blocks command for 1 datanodes, task elapsed time: 1ms
2019-09-21 03:49:47,519 [pool-7-thread-1] INFO  commands.RetriableDatanodeEventWatcher (RetriableDatanodeEventWatcher.java:onTimeout(47)) - RetriableDatanodeCommand type=deleteBlocksCommand with id=1569037782608 timed out. Retrying.
2019-09-21 03:49:47,533 [pool-7-thread-1] INFO  commands.RetriableDatanodeEventWatcher (RetriableDatanodeEventWatcher.java:onTimeout(47)) - RetriableDatanodeCommand type=deleteBlocksCommand with id=1569037782618 timed out. Retrying.
2019-09-21 03:49:47,540 [main] INFO  ozoneimpl.OzoneContainer (OzoneContainer.java:stop(231)) - Attempting to stop container services.
2019-09-21 03:49:47,543 [main] INFO  impl.RaftServerProxy (RaftServerProxy.java:lambda$close$4(314)) - 555a71b6-7320-443e-bd9a-47cd6ebfc0cf: close
2019-09-21 03:49:47,546 [main] INFO  impl.RaftServerImpl (RaftServerImpl.java:lambda$shutdown$3(251)) - 555a71b6-7320-443e-bd9a-47cd6ebfc0cf@group-A814ED1B11EB: shutdown
2019-09-21 03:49:47,546 [main] INFO  util.JmxRegister (JmxRegister.java:unregister(73)) - Successfully un-registered JMX Bean with object name Ratis:service=RaftServer,group=group-A814ED1B11EB,id=555a71b6-7320-443e-bd9a-47cd6ebfc0cf
2019-09-21 03:49:47,548 [main] INFO  impl.RoleInfo (RoleInfo.java:shutdownLeaderState(104)) - 555a71b6-7320-443e-bd9a-47cd6ebfc0cf: shutdown LeaderState
2019-09-21 03:49:47,549 [main] INFO  impl.PendingRequests (PendingRequests.java:sendNotLeaderResponses(202)) - 555a71b6-7320-443e-bd9a-47cd6ebfc0cf-PendingRequests: sendNotLeaderResponses
2019-09-21 03:49:47,550 [pool-7-thread-1] INFO  commands.RetriableDatanodeEventWatcher (RetriableDatanodeEventWatcher.java:onTimeout(47)) - RetriableDatanodeCommand type=deleteBlocksCommand with id=1569037782628 timed out. Retrying.
2019-09-21 03:49:47,556 [main] INFO  impl.StateMachineUpdater (StateMachineUpdater.java:stopAndJoin(125)) - 555a71b6-7320-443e-bd9a-47cd6ebfc0cf@group-A814ED1B11EB-StateMachineUpdater: set stopIndex = 5973
2019-09-21 03:49:47,558 [555a71b6-7320-443e-bd9a-47cd6ebfc0cf@group-A814ED1B11EB-StateMachineUpdater] INFO  ratis.ContainerStateMachine (ContainerStateMachine.java:takeSnapshot(289)) - group-A814ED1B11EB: Taking a snapshot at:(t:1, i:5972) file /workdir/hadoop-ozone/integration-test/target/test-dir/MiniOzoneClusterImpl-9576e1a8-30c4-48cb-bc53-357cfd55dd46/datanode-0/data/ratis/ac09d141-6968-4575-83ac-a814ed1b11eb/sm/snapshot.1_5972
2019-09-21 03:49:47,565 [pool-7-thread-1] INFO  commands.RetriableDatanodeEventWatcher (RetriableDatanodeEventWatcher.java:onTimeout(47)) - RetriableDatanodeCommand type=deleteBlocksCommand with id=1569037782638 timed out. Retrying.
2019-09-21 03:49:47,582 [SCMBlockDeletingService#1] DEBUG block.SCMBlockDeletingService (SCMBlockDeletingService.java:call(138)) - Running DeletedBlockTransactionScanner
2019-09-21 03:49:47,582 [SCMBlockDeletingService#1] DEBUG block.SCMBlockDeletingService (SCMBlockDeletingService.java:call(155)) - Scanned deleted blocks log and got 3 delTX to process.
2019-09-21 03:49:47,583 [SCMBlockDeletingService#1] DEBUG block.SCMBlockDeletingService (SCMBlockDeletingService.java:call(171)) - Added delete block command for datanode 555a71b6-7320-443e-bd9a-47cd6ebfc0cf in the queue, number of delete block transactions: 3, TxID list: 1,2,3
2019-09-21 03:49:47,588 [SCMBlockDeletingService#1] INFO  block.SCMBlockDeletingService (SCMBlockDeletingService.java:call(182)) - Totally added 3 delete blocks command for 1 datanodes, task elapsed time: 7ms
2019-09-21 03:49:47,602 [555a71b6-7320-443e-bd9a-47cd6ebfc0cf@group-A814ED1B11EB-StateMachineUpdater] INFO  ratis.ContainerStateMachine (ContainerStateMachine.java:takeSnapshot(300)) - group-A814ED1B11EB: Finished taking a snapshot at:(t:1, i:5972) file:/workdir/hadoop-ozone/integration-test/target/test-dir/MiniOzoneClusterImpl-9576e1a8-30c4-48cb-bc53-357cfd55dd46/datanode-0/data/ratis/ac09d141-6968-4575-83ac-a814ed1b11eb/sm/snapshot.1_5972 time:45
2019-09-21 03:49:47,604 [555a71b6-7320-443e-bd9a-47cd6ebfc0cf@group-A814ED1B11EB-StateMachineUpdater] INFO  impl.StateMachineUpdater (StateMachineUpdater.java:takeSnapshot(258)) - 555a71b6-7320-443e-bd9a-47cd6ebfc0cf@group-A814ED1B11EB-StateMachineUpdater: Took a snapshot at index 5972
2019-09-21 03:49:47,605 [pool-7-thread-1] INFO  commands.RetriableDatanodeEventWatcher (RetriableDatanodeEventWatcher.java:onTimeout(47)) - RetriableDatanodeCommand type=deleteBlocksCommand with id=1569037782599 timed out. Retrying.
2019-09-21 03:49:47,605 [555a71b6-7320-443e-bd9a-47cd6ebfc0cf@group-A814ED1B11EB-StateMachineUpdater] INFO  impl.StateMachineUpdater (StateMachineUpdater.java:lambda$new$0(83)) - 555a71b6-7320-443e-bd9a-47cd6ebfc0cf@group-A814ED1B11EB-StateMachineUpdater: snapshotIndex: updateIncreasingly -1 -> 5972
2019-09-21 03:49:47,619 [pool-7-thread-1] INFO  commands.RetriableDatanodeEventWatcher (RetriableDatanodeEventWatcher.java:onTimeout(47)) - RetriableDatanodeCommand type=deleteBlocksCommand with id=1569037782609 timed out. Retrying.
2019-09-21 03:49:47,620 [555a71b6-7320-443e-bd9a-47cd6ebfc0cf@group-A814ED1B11EB-StateMachineUpdater] INFO  ratis.ContainerStateMachine (ContainerStateMachine.java:takeSnapshot(289)) - group-A814ED1B11EB: Taking a snapshot at:(t:1, i:5972) file /workdir/hadoop-ozone/integration-test/target/test-dir/MiniOzoneClusterImpl-9576e1a8-30c4-48cb-bc53-357cfd55dd46/datanode-0/data/ratis/ac09d141-6968-4575-83ac-a814ed1b11eb/sm/snapshot.1_5972
2019-09-21 03:49:47,632 [555a71b6-7320-443e-bd9a-47cd6ebfc0cf@group-A814ED1B11EB-StateMachineUpdater] INFO  ratis.ContainerStateMachine (ContainerStateMachine.java:takeSnapshot(300)) - group-A814ED1B11EB: Finished taking a snapshot at:(t:1, i:5972) file:/workdir/hadoop-ozone/integration-test/target/test-dir/MiniOzoneClusterImpl-9576e1a8-30c4-48cb-bc53-357cfd55dd46/datanode-0/data/ratis/ac09d141-6968-4575-83ac-a814ed1b11eb/sm/snapshot.1_5972 time:13
2019-09-21 03:49:47,632 [555a71b6-7320-443e-bd9a-47cd6ebfc0cf@group-A814ED1B11EB-StateMachineUpdater] INFO  impl.StateMachineUpdater (StateMachineUpdater.java:takeSnapshot(258)) - 555a71b6-7320-443e-bd9a-47cd6ebfc0cf@group-A814ED1B11EB-StateMachineUpdater: Took a snapshot at index 5972
2019-09-21 03:49:47,633 [555a71b6-7320-443e-bd9a-47cd6ebfc0cf@group-A814ED1B11EB-StateMachineUpdater] INFO  impl.StateMachineUpdater (StateMachineUpdater.java:lambda$new$0(83)) - 555a71b6-7320-443e-bd9a-47cd6ebfc0cf@group-A814ED1B11EB-StateMachineUpdater: snapshotIndex: updateIncreasingly 5972 -> 5972
2019-09-21 03:49:47,633 [main] INFO  impl.RaftServerImpl (ServerState.java:close(385)) - 555a71b6-7320-443e-bd9a-47cd6ebfc0cf@group-A814ED1B11EB: closes. applyIndex: 5973
2019-09-21 03:49:47,635 [pool-7-thread-1] INFO  commands.RetriableDatanodeEventWatcher (RetriableDatanodeEventWatcher.java:onTimeout(47)) - RetriableDatanodeCommand type=deleteBlocksCommand with id=1569037782619 timed out. Retrying.
2019-09-21 03:49:47,638 [555a71b6-7320-443e-bd9a-47cd6ebfc0cf@group-A814ED1B11EB-SegmentedRaftLogWorker] INFO  segmented.SegmentedRaftLogWorker (SegmentedRaftLogWorker.java:run(313)) - 555a71b6-7320-443e-bd9a-47cd6ebfc0cf@group-A814ED1B11EB-SegmentedRaftLogWorker was interrupted, exiting. There are 0 tasks remaining in the queue.
2019-09-21 03:49:47,639 [main] INFO  segmented.SegmentedRaftLogWorker (SegmentedRaftLogWorker.java:close(228)) - 555a71b6-7320-443e-bd9a-47cd6ebfc0cf@group-A814ED1B11EB-SegmentedRaftLogWorker close()
2019-09-21 03:49:47,642 [main] INFO  server.GrpcService (GrpcService.java:closeImpl(164)) - 555a71b6-7320-443e-bd9a-47cd6ebfc0cf: shutdown server with port 38034 now
2019-09-21 03:49:47,646 [main] INFO  server.GrpcService (GrpcService.java:closeImpl(172)) - 555a71b6-7320-443e-bd9a-47cd6ebfc0cf: shutdown server with port 38034 successfully
2019-09-21 03:49:47,650 [pool-7-thread-1] INFO  commands.RetriableDatanodeEventWatcher (RetriableDatanodeEventWatcher.java:onTimeout(47)) - RetriableDatanodeCommand type=deleteBlocksCommand with id=1569037782629 timed out. Retrying.
2019-09-21 03:49:47,655 [refreshUsed-/workdir/hadoop-ozone/integration-test/target/test-dir/MiniOzoneClusterImpl-9576e1a8-30c4-48cb-bc53-357cfd55dd46/datanode-0/data/containers] WARN  fs.CachingGetSpaceUsed (CachingGetSpaceUsed.java:run(183)) - Thread Interrupted waiting to refresh disk information: sleep interrupted
2019-09-21 03:49:47,667 [pool-7-thread-1] INFO  commands.RetriableDatanodeEventWatcher (RetriableDatanodeEventWatcher.java:onTimeout(47)) - RetriableDatanodeCommand type=deleteBlocksCommand with id=1569037782639 timed out. Retrying.
2019-09-21 03:49:47,670 [main] INFO  utils.BackgroundService (BackgroundService.java:shutdown(148)) - Shutting down service BlockDeletingService
2019-09-21 03:49:47,675 [main] INFO  statemachine.DatanodeStateMachine (DatanodeStateMachine.java:stopDaemon(395)) - Ozone container server stopped.
2019-09-21 03:49:47,682 [main] INFO  handler.ContextHandler (ContextHandler.java:doStop(910)) - Stopped o.e.j.w.WebAppContext@476fe690{/,null,UNAVAILABLE}{/hddsDatanode}
2019-09-21 03:49:47,687 [main] INFO  server.AbstractConnector (AbstractConnector.java:doStop(318)) - Stopped ServerConnector@7a0e7ecd{HTTP/1.1,[http/1.1]}{0.0.0.0:0}
2019-09-21 03:49:47,688 [main] INFO  handler.ContextHandler (ContextHandler.java:doStop(910)) - Stopped o.e.j.s.ServletContextHandler@6920614{/static,jar:file:/home/user/.m2/repository/org/apache/hadoop/hadoop-hdds-container-service/0.5.0-SNAPSHOT/hadoop-hdds-container-service-0.5.0-SNAPSHOT.jar!/webapps/static,UNAVAILABLE}
2019-09-21 03:49:47,688 [main] INFO  handler.ContextHandler (ContextHandler.java:doStop(910)) - Stopped o.e.j.s.ServletContextHandler@1effd53c{/logs,file:///workdir/hadoop-ozone/integration-test/target/log,UNAVAILABLE}
2019-09-21 03:49:47,689 [SCMBlockDeletingService#1] DEBUG block.SCMBlockDeletingService (SCMBlockDeletingService.java:call(138)) - Running DeletedBlockTransactionScanner
2019-09-21 03:49:47,690 [SCMBlockDeletingService#1] DEBUG block.SCMBlockDeletingService (SCMBlockDeletingService.java:call(155)) - Scanned deleted blocks log and got 3 delTX to process.
2019-09-21 03:49:47,690 [SCMBlockDeletingService#1] DEBUG block.SCMBlockDeletingService (SCMBlockDeletingService.java:call(171)) - Added delete block command for datanode 555a71b6-7320-443e-bd9a-47cd6ebfc0cf in the queue, number of delete block transactions: 3, TxID list: 1,2,3
2019-09-21 03:49:47,691 [SCMBlockDeletingService#1] INFO  block.SCMBlockDeletingService (SCMBlockDeletingService.java:call(182)) - Totally added 3 delete blocks command for 1 datanodes, task elapsed time: 2ms
2019-09-21 03:49:47,706 [pool-7-thread-1] INFO  commands.RetriableDatanodeEventWatcher (RetriableDatanodeEventWatcher.java:onTimeout(47)) - RetriableDatanodeCommand type=deleteBlocksCommand with id=1569037782600 timed out. Retrying.
2019-09-21 03:49:47,723 [pool-7-thread-1] INFO  commands.RetriableDatanodeEventWatcher (RetriableDatanodeEventWatcher.java:onTimeout(47)) - RetriableDatanodeCommand type=deleteBlocksCommand with id=1569037782610 timed out. Retrying.
2019-09-21 03:49:47,736 [pool-7-thread-1] INFO  commands.RetriableDatanodeEventWatcher (RetriableDatanodeEventWatcher.java:onTimeout(47)) - RetriableDatanodeCommand type=deleteBlocksCommand with id=1569037782620 timed out. Retrying.
2019-09-21 03:49:47,753 [pool-7-thread-1] INFO  commands.RetriableDatanodeEventWatcher (RetriableDatanodeEventWatcher.java:onTimeout(47)) - RetriableDatanodeCommand type=deleteBlocksCommand with id=1569037782630 timed out. Retrying.
2019-09-21 03:49:47,768 [pool-7-thread-1] INFO  commands.RetriableDatanodeEventWatcher (RetriableDatanodeEventWatcher.java:onTimeout(47)) - RetriableDatanodeCommand type=deleteBlocksCommand with id=1569037782640 timed out. Retrying.
2019-09-21 03:49:47,791 [SCMBlockDeletingService#1] DEBUG block.SCMBlockDeletingService (SCMBlockDeletingService.java:call(138)) - Running DeletedBlockTransactionScanner
2019-09-21 03:49:47,792 [SCMBlockDeletingService#1] DEBUG block.SCMBlockDeletingService (SCMBlockDeletingService.java:call(155)) - Scanned deleted blocks log and got 3 delTX to process.
2019-09-21 03:49:47,792 [SCMBlockDeletingService#1] DEBUG block.SCMBlockDeletingService (SCMBlockDeletingService.java:call(171)) - Added delete block command for datanode 555a71b6-7320-443e-bd9a-47cd6ebfc0cf in the queue, number of delete block transactions: 3, TxID list: 1,2,3
2019-09-21 03:49:47,792 [SCMBlockDeletingService#1] INFO  block.SCMBlockDeletingService (SCMBlockDeletingService.java:call(182)) - Totally added 3 delete blocks command for 1 datanodes, task elapsed time: 1ms
2019-09-21 03:49:47,807 [pool-7-thread-1] INFO  commands.RetriableDatanodeEventWatcher (RetriableDatanodeEventWatcher.java:onTimeout(47)) - RetriableDatanodeCommand type=deleteBlocksCommand with id=1569037782601 timed out. Retrying.
2019-09-21 03:49:47,823 [pool-7-thread-1] INFO  commands.RetriableDatanodeEventWatcher (RetriableDatanodeEventWatcher.java:onTimeout(47)) - RetriableDatanodeCommand type=deleteBlocksCommand with id=1569037782611 timed out. Retrying.
2019-09-21 03:49:47,839 [pool-7-thread-1] INFO  commands.RetriableDatanodeEventWatcher (RetriableDatanodeEventWatcher.java:onTimeout(47)) - RetriableDatanodeCommand type=deleteBlocksCommand with id=1569037782621 timed out. Retrying.
2019-09-21 03:49:47,854 [pool-7-thread-1] INFO  commands.RetriableDatanodeEventWatcher (RetriableDatanodeEventWatcher.java:onTimeout(47)) - RetriableDatanodeCommand type=deleteBlocksCommand with id=1569037782631 timed out. Retrying.
2019-09-21 03:49:47,870 [pool-7-thread-1] INFO  commands.RetriableDatanodeEventWatcher (RetriableDatanodeEventWatcher.java:onTimeout(47)) - RetriableDatanodeCommand type=deleteBlocksCommand with id=1569037782641 timed out. Retrying.
2019-09-21 03:49:47,893 [SCMBlockDeletingService#1] DEBUG block.SCMBlockDeletingService (SCMBlockDeletingService.java:call(138)) - Running DeletedBlockTransactionScanner
2019-09-21 03:49:47,893 [SCMBlockDeletingService#1] DEBUG block.SCMBlockDeletingService (SCMBlockDeletingService.java:call(155)) - Scanned deleted blocks log and got 3 delTX to process.
2019-09-21 03:49:47,893 [SCMBlockDeletingService#1] DEBUG block.SCMBlockDeletingService (SCMBlockDeletingService.java:call(171)) - Added delete block command for datanode 555a71b6-7320-443e-bd9a-47cd6ebfc0cf in the queue, number of delete block transactions: 3, TxID list: 1,2,3
2019-09-21 03:49:47,894 [SCMBlockDeletingService#1] INFO  block.SCMBlockDeletingService (SCMBlockDeletingService.java:call(182)) - Totally added 3 delete blocks command for 1 datanodes, task elapsed time: 1ms
2019-09-21 03:49:47,910 [pool-7-thread-1] INFO  commands.RetriableDatanodeEventWatcher (RetriableDatanodeEventWatcher.java:onTimeout(47)) - RetriableDatanodeCommand type=deleteBlocksCommand with id=1569037782602 timed out. Retrying.
2019-09-21 03:49:47,925 [pool-7-thread-1] INFO  commands.RetriableDatanodeEventWatcher (RetriableDatanodeEventWatcher.java:onTimeout(47)) - RetriableDatanodeCommand type=deleteBlocksCommand with id=1569037782612 timed out. Retrying.
2019-09-21 03:49:47,940 [pool-7-thread-1] INFO  commands.RetriableDatanodeEventWatcher (RetriableDatanodeEventWatcher.java:onTimeout(47)) - RetriableDatanodeCommand type=deleteBlocksCommand with id=1569037782622 timed out. Retrying.
2019-09-21 03:49:47,955 [pool-7-thread-1] INFO  commands.RetriableDatanodeEventWatcher (RetriableDatanodeEventWatcher.java:onTimeout(47)) - RetriableDatanodeCommand type=deleteBlocksCommand with id=1569037782632 timed out. Retrying.
2019-09-21 03:49:47,973 [pool-7-thread-1] INFO  commands.RetriableDatanodeEventWatcher (RetriableDatanodeEventWatcher.java:onTimeout(47)) - RetriableDatanodeCommand type=deleteBlocksCommand with id=1569037782642 timed out. Retrying.
2019-09-21 03:49:47,994 [SCMBlockDeletingService#1] DEBUG block.SCMBlockDeletingService (SCMBlockDeletingService.java:call(138)) - Running DeletedBlockTransactionScanner
2019-09-21 03:49:47,995 [SCMBlockDeletingService#1] DEBUG block.SCMBlockDeletingService (SCMBlockDeletingService.java:call(155)) - Scanned deleted blocks log and got 3 delTX to process.
2019-09-21 03:49:47,995 [SCMBlockDeletingService#1] DEBUG block.SCMBlockDeletingService (SCMBlockDeletingService.java:call(171)) - Added delete block command for datanode 555a71b6-7320-443e-bd9a-47cd6ebfc0cf in the queue, number of delete block transactions: 3, TxID list: 1,2,3
2019-09-21 03:49:47,996 [SCMBlockDeletingService#1] INFO  block.SCMBlockDeletingService (SCMBlockDeletingService.java:call(182)) - Totally added 3 delete blocks command for 1 datanodes, task elapsed time: 1ms
2019-09-21 03:49:48,010 [pool-7-thread-1] INFO  commands.RetriableDatanodeEventWatcher (RetriableDatanodeEventWatcher.java:onTimeout(47)) - RetriableDatanodeCommand type=deleteBlocksCommand with id=1569037782603 timed out. Retrying.
2019-09-21 03:49:48,027 [pool-7-thread-1] INFO  commands.RetriableDatanodeEventWatcher (RetriableDatanodeEventWatcher.java:onTimeout(47)) - RetriableDatanodeCommand type=deleteBlocksCommand with id=1569037782613 timed out. Retrying.
2019-09-21 03:49:48,041 [pool-7-thread-1] INFO  commands.RetriableDatanodeEventWatcher (RetriableDatanodeEventWatcher.java:onTimeout(47)) - RetriableDatanodeCommand type=deleteBlocksCommand with id=1569037782623 timed out. Retrying.
2019-09-21 03:49:48,057 [pool-7-thread-1] INFO  commands.RetriableDatanodeEventWatcher (RetriableDatanodeEventWatcher.java:onTimeout(47)) - RetriableDatanodeCommand type=deleteBlocksCommand with id=1569037782633 timed out. Retrying.
2019-09-21 03:49:48,073 [pool-7-thread-1] INFO  commands.RetriableDatanodeEventWatcher (RetriableDatanodeEventWatcher.java:onTimeout(47)) - RetriableDatanodeCommand type=deleteBlocksCommand with id=1569037782643 timed out. Retrying.
2019-09-21 03:49:48,096 [SCMBlockDeletingService#1] DEBUG block.SCMBlockDeletingService (SCMBlockDeletingService.java:call(138)) - Running DeletedBlockTransactionScanner
2019-09-21 03:49:48,096 [SCMBlockDeletingService#1] DEBUG block.SCMBlockDeletingService (SCMBlockDeletingService.java:call(155)) - Scanned deleted blocks log and got 3 delTX to process.
2019-09-21 03:49:48,097 [SCMBlockDeletingService#1] DEBUG block.SCMBlockDeletingService (SCMBlockDeletingService.java:call(171)) - Added delete block command for datanode 555a71b6-7320-443e-bd9a-47cd6ebfc0cf in the queue, number of delete block transactions: 3, TxID list: 1,2,3
2019-09-21 03:49:48,097 [SCMBlockDeletingService#1] INFO  block.SCMBlockDeletingService (SCMBlockDeletingService.java:call(182)) - Totally added 3 delete blocks command for 1 datanodes, task elapsed time: 1ms
2019-09-21 03:49:48,114 [pool-7-thread-1] INFO  commands.RetriableDatanodeEventWatcher (RetriableDatanodeEventWatcher.java:onTimeout(47)) - RetriableDatanodeCommand type=deleteBlocksCommand with id=1569037782604 timed out. Retrying.
2019-09-21 03:49:48,127 [pool-7-thread-1] INFO  commands.RetriableDatanodeEventWatcher (RetriableDatanodeEventWatcher.java:onTimeout(47)) - RetriableDatanodeCommand type=deleteBlocksCommand with id=1569037782614 timed out. Retrying.
2019-09-21 03:49:48,143 [pool-7-thread-1] INFO  commands.RetriableDatanodeEventWatcher (RetriableDatanodeEventWatcher.java:onTimeout(47)) - RetriableDatanodeCommand type=deleteBlocksCommand with id=1569037782624 timed out. Retrying.
2019-09-21 03:49:48,157 [pool-7-thread-1] INFO  commands.RetriableDatanodeEventWatcher (RetriableDatanodeEventWatcher.java:onTimeout(47)) - RetriableDatanodeCommand type=deleteBlocksCommand with id=1569037782634 timed out. Retrying.
2019-09-21 03:49:48,175 [pool-7-thread-1] INFO  commands.RetriableDatanodeEventWatcher (RetriableDatanodeEventWatcher.java:onTimeout(47)) - RetriableDatanodeCommand type=deleteBlocksCommand with id=1569037782644 timed out. Retrying.
2019-09-21 03:49:48,191 [main] INFO  ozone.MiniOzoneClusterImpl (MiniOzoneClusterImpl.java:lambda$waitForClusterToBeReady$0(147)) - Cluster is ready. Got 0 of 0 DN Heartbeats.
2019-09-21 03:49:48,196 [main] INFO  impl.MetricsSystemImpl (MetricsSystemImpl.java:init(158)) - HddsDatanode metrics system started (again)
2019-09-21 03:49:48,197 [SCMBlockDeletingService#1] DEBUG block.SCMBlockDeletingService (SCMBlockDeletingService.java:call(138)) - Running DeletedBlockTransactionScanner
2019-09-21 03:49:48,198 [SCMBlockDeletingService#1] DEBUG block.SCMBlockDeletingService (SCMBlockDeletingService.java:call(155)) - Scanned deleted blocks log and got 3 delTX to process.
2019-09-21 03:49:48,198 [SCMBlockDeletingService#1] DEBUG block.SCMBlockDeletingService (SCMBlockDeletingService.java:call(171)) - Added delete block command for datanode 555a71b6-7320-443e-bd9a-47cd6ebfc0cf in the queue, number of delete block transactions: 3, TxID list: 1,2,3
2019-09-21 03:49:48,198 [SCMBlockDeletingService#1] INFO  block.SCMBlockDeletingService (SCMBlockDeletingService.java:call(182)) - Totally added 3 delete blocks command for 1 datanodes, task elapsed time: 1ms
2019-09-21 03:49:48,215 [pool-7-thread-1] INFO  commands.RetriableDatanodeEventWatcher (RetriableDatanodeEventWatcher.java:onTimeout(47)) - RetriableDatanodeCommand type=deleteBlocksCommand with id=1569037782605 timed out. Retrying.
2019-09-21 03:49:48,230 [pool-7-thread-1] INFO  commands.RetriableDatanodeEventWatcher (RetriableDatanodeEventWatcher.java:onTimeout(47)) - RetriableDatanodeCommand type=deleteBlocksCommand with id=1569037782615 timed out. Retrying.
2019-09-21 03:49:48,246 [pool-7-thread-1] INFO  commands.RetriableDatanodeEventWatcher (RetriableDatanodeEventWatcher.java:onTimeout(47)) - RetriableDatanodeCommand type=deleteBlocksCommand with id=1569037782625 timed out. Retrying.
2019-09-21 03:49:48,247 [main] INFO  ozone.HddsDatanodeService (HddsDatanodeService.java:start(184)) - HddsDatanodeService host:pr-hdds-2161-927ps-406439766 ip:192.168.157.196
2019-09-21 03:49:48,251 [main] INFO  volume.VolumeUsage (VolumeUsage.java:loadScmUsed(144)) - Cached ScmUsed found for /workdir/hadoop-ozone/integration-test/target/test-dir/MiniOzoneClusterImpl-9576e1a8-30c4-48cb-bc53-357cfd55dd46/datanode-0/data/containers : 4096 
2019-09-21 03:49:48,252 [main] INFO  volume.HddsVolume (HddsVolume.java:<init>(176)) - Creating Volume: /workdir/hadoop-ozone/integration-test/target/test-dir/MiniOzoneClusterImpl-9576e1a8-30c4-48cb-bc53-357cfd55dd46/datanode-0/data/containers/hdds of  storage type : DISK and capacity : 1482555576320
2019-09-21 03:49:48,253 [main] INFO  volume.VolumeSet (VolumeSet.java:initializeVolumeSet(170)) - Added Volume : /workdir/hadoop-ozone/integration-test/target/test-dir/MiniOzoneClusterImpl-9576e1a8-30c4-48cb-bc53-357cfd55dd46/datanode-0/data/containers/hdds to VolumeSet
2019-09-21 03:49:48,253 [main] INFO  volume.ThrottledAsyncChecker (ThrottledAsyncChecker.java:schedule(139)) - Scheduling a check for org.apache.hadoop.ozone.container.common.volume.HddsVolume@3e7b65d7
2019-09-21 03:49:48,254 [main] INFO  volume.HddsVolumeChecker (HddsVolumeChecker.java:checkAllVolumes(202)) - Scheduled health check for volume org.apache.hadoop.ozone.container.common.volume.HddsVolume@3e7b65d7
2019-09-21 03:49:48,260 [pool-7-thread-1] INFO  commands.RetriableDatanodeEventWatcher (RetriableDatanodeEventWatcher.java:onTimeout(47)) - RetriableDatanodeCommand type=deleteBlocksCommand with id=1569037782635 timed out. Retrying.
2019-09-21 03:49:48,277 [pool-7-thread-1] INFO  commands.RetriableDatanodeEventWatcher (RetriableDatanodeEventWatcher.java:onTimeout(47)) - RetriableDatanodeCommand type=deleteBlocksCommand with id=1569037782645 timed out. Retrying.
2019-09-21 03:49:48,299 [SCMBlockDeletingService#1] DEBUG block.SCMBlockDeletingService (SCMBlockDeletingService.java:call(138)) - Running DeletedBlockTransactionScanner
2019-09-21 03:49:48,299 [SCMBlockDeletingService#1] DEBUG block.SCMBlockDeletingService (SCMBlockDeletingService.java:call(155)) - Scanned deleted blocks log and got 3 delTX to process.
2019-09-21 03:49:48,299 [SCMBlockDeletingService#1] DEBUG block.SCMBlockDeletingService (SCMBlockDeletingService.java:call(171)) - Added delete block command for datanode 555a71b6-7320-443e-bd9a-47cd6ebfc0cf in the queue, number of delete block transactions: 3, TxID list: 1,2,3
2019-09-21 03:49:48,300 [SCMBlockDeletingService#1] INFO  block.SCMBlockDeletingService (SCMBlockDeletingService.java:call(182)) - Totally added 3 delete blocks command for 1 datanodes, task elapsed time: 1ms
2019-09-21 03:49:48,316 [pool-7-thread-1] INFO  commands.RetriableDatanodeEventWatcher (RetriableDatanodeEventWatcher.java:onTimeout(47)) - RetriableDatanodeCommand type=deleteBlocksCommand with id=1569037782606 timed out. Retrying.
2019-09-21 03:49:48,329 [pool-7-thread-1] INFO  commands.RetriableDatanodeEventWatcher (RetriableDatanodeEventWatcher.java:onTimeout(47)) - RetriableDatanodeCommand type=deleteBlocksCommand with id=1569037782616 timed out. Retrying.
2019-09-21 03:49:48,343 [main] INFO  impl.RaftServerProxy (ConfUtils.java:logGet(43)) - raft.rpc.type = GRPC (default)
2019-09-21 03:49:48,343 [main] INFO  grpc.GrpcFactory (GrpcFactory.java:checkPooledByteBufAllocatorUseCacheForAllThreads(45)) - PERFORMANCE WARNING: useCacheForAllThreads is true that may cause Netty to create a lot garbage objects and, as a result, trigger GC.
	It is recommended to disable useCacheForAllThreads by setting -Dorg.apache.ratis.thirdparty.io.netty.allocator.useCacheForAllThreads=false in command line.
2019-09-21 03:49:48,344 [main] INFO  grpc.GrpcConfigKeys$Server (ConfUtils.java:logGet(43)) - raft.grpc.server.port = 38034 (custom)
2019-09-21 03:49:48,344 [main] INFO  server.GrpcService (ConfUtils.java:logGet(43)) - raft.grpc.message.size.max = 33570816 (custom)
2019-09-21 03:49:48,345 [main] INFO  server.RaftServerConfigKeys (ConfUtils.java:logGet(43)) - raft.server.log.appender.buffer.byte-limit = 33554432 (custom)
2019-09-21 03:49:48,345 [main] INFO  server.GrpcService (ConfUtils.java:logGet(43)) - raft.grpc.flow.control.window = 1MB (=1048576) (default)
2019-09-21 03:49:48,345 [main] INFO  server.RaftServerConfigKeys (ConfUtils.java:logGet(43)) - raft.server.rpc.request.timeout = 3000ms (default)
2019-09-21 03:49:48,346 [main] INFO  server.RaftServerConfigKeys (ConfUtils.java:logGet(43)) - raft.server.storage.dir = [/workdir/hadoop-ozone/integration-test/target/test-dir/MiniOzoneClusterImpl-9576e1a8-30c4-48cb-bc53-357cfd55dd46/datanode-0/data/ratis] (custom)
2019-09-21 03:49:48,347 [main] INFO  impl.RaftServerProxy (RaftServerProxy.java:lambda$null$0(191)) - 555a71b6-7320-443e-bd9a-47cd6ebfc0cf: found a subdirectory /workdir/hadoop-ozone/integration-test/target/test-dir/MiniOzoneClusterImpl-9576e1a8-30c4-48cb-bc53-357cfd55dd46/datanode-0/data/ratis/ac09d141-6968-4575-83ac-a814ed1b11eb
2019-09-21 03:49:48,347 [pool-7-thread-1] INFO  commands.RetriableDatanodeEventWatcher (RetriableDatanodeEventWatcher.java:onTimeout(47)) - RetriableDatanodeCommand type=deleteBlocksCommand with id=1569037782626 timed out. Retrying.
2019-09-21 03:49:48,349 [main] INFO  impl.RaftServerProxy (RaftServerProxy.java:addNew(89)) - 555a71b6-7320-443e-bd9a-47cd6ebfc0cf: addNew group-A814ED1B11EB:[] returns group-A814ED1B11EB:java.util.concurrent.CompletableFuture@c386958[Not completed]
2019-09-21 03:49:48,352 [main] INFO  hdfs.DFSUtil (DFSUtil.java:httpServerTemplateForNNAndJN(1641)) - Starting Web-server for hddsDatanode at: http://0.0.0.0:46686
2019-09-21 03:49:48,352 [pool-592-thread-1] INFO  impl.RaftServerImpl (RaftServerImpl.java:<init>(95)) - 555a71b6-7320-443e-bd9a-47cd6ebfc0cf: new RaftServerImpl for group-A814ED1B11EB:[] with ContainerStateMachine:uninitialized
2019-09-21 03:49:48,353 [pool-592-thread-1] INFO  server.RaftServerConfigKeys (ConfUtils.java:logGet(43)) - raft.server.rpc.timeout.min = 5s (custom)
2019-09-21 03:49:48,354 [pool-592-thread-1] INFO  server.RaftServerConfigKeys (ConfUtils.java:logGet(43)) - raft.server.rpc.timeout.max = 5200ms (custom)
2019-09-21 03:49:48,354 [pool-592-thread-1] INFO  server.RaftServerConfigKeys (ConfUtils.java:logGet(43)) - raft.server.rpcslowness.timeout = 120s (custom)
2019-09-21 03:49:48,354 [pool-592-thread-1] INFO  server.RaftServerConfigKeys (ConfUtils.java:logGet(43)) - raft.server.sleep.deviation.threshold = 300 (default)
2019-09-21 03:49:48,354 [pool-592-thread-1] INFO  server.RaftServerConfigKeys (ConfUtils.java:logGet(43)) - raft.server.log.appender.install.snapshot.enabled = false (custom)
2019-09-21 03:49:48,354 [pool-592-thread-1] INFO  impl.RaftServerImpl (ServerState.java:<init>(103)) - 555a71b6-7320-443e-bd9a-47cd6ebfc0cf@group-A814ED1B11EB: ConfigurationManager, init=-1: [], old=null, confs=<EMPTY_MAP>
2019-09-21 03:49:48,354 [pool-592-thread-1] INFO  server.RaftServerConfigKeys (ConfUtils.java:logGet(43)) - raft.server.storage.dir = [/workdir/hadoop-ozone/integration-test/target/test-dir/MiniOzoneClusterImpl-9576e1a8-30c4-48cb-bc53-357cfd55dd46/datanode-0/data/ratis] (custom)
2019-09-21 03:49:48,355 [main] INFO  server.AuthenticationFilter (AuthenticationFilter.java:constructSecretProvider(240)) - Unable to initialize FileSignerSecretProvider, falling back to use random secrets.
2019-09-21 03:49:48,356 [main] WARN  http.HttpRequestLog (HttpRequestLog.java:getRequestLog(97)) - Jetty request log can only be enabled using Log4j
2019-09-21 03:49:48,357 [main] INFO  http.HttpServer2 (HttpServer2.java:addGlobalFilter(975)) - Added global filter 'safety' (class=org.apache.hadoop.http.HttpServer2$QuotingInputFilter)
2019-09-21 03:49:48,358 [main] INFO  http.HttpServer2 (HttpServer2.java:addFilter(948)) - Added filter static_user_filter (class=org.apache.hadoop.http.lib.StaticUserWebFilter$StaticUserFilter) to context hddsDatanode
2019-09-21 03:49:48,358 [main] INFO  http.HttpServer2 (HttpServer2.java:addFilter(958)) - Added filter static_user_filter (class=org.apache.hadoop.http.lib.StaticUserWebFilter$StaticUserFilter) to context logs
2019-09-21 03:49:48,358 [main] INFO  http.HttpServer2 (HttpServer2.java:addFilter(958)) - Added filter static_user_filter (class=org.apache.hadoop.http.lib.StaticUserWebFilter$StaticUserFilter) to context static
2019-09-21 03:49:48,360 [main] INFO  http.HttpServer2 (HttpServer2.java:bindListener(1191)) - Jetty bound to port 46686
2019-09-21 03:49:48,360 [main] INFO  server.Server (Server.java:doStart(351)) - jetty-9.3.24.v20180605, build timestamp: 2018-06-05T17:11:56Z, git hash: 84205aa28f11a4f31f2a3b86d1bba2cc8ab69827
2019-09-21 03:49:48,362 [pool-7-thread-1] INFO  commands.RetriableDatanodeEventWatcher (RetriableDatanodeEventWatcher.java:onTimeout(47)) - RetriableDatanodeCommand type=deleteBlocksCommand with id=1569037782636 timed out. Retrying.
2019-09-21 03:49:48,362 [main] INFO  handler.ContextHandler (ContextHandler.java:doStart(781)) - Started o.e.j.s.ServletContextHandler@47ac613b{/logs,file:///workdir/hadoop-ozone/integration-test/target/log,AVAILABLE}
2019-09-21 03:49:48,363 [main] INFO  handler.ContextHandler (ContextHandler.java:doStart(781)) - Started o.e.j.s.ServletContextHandler@66f28a1f{/static,jar:file:/home/user/.m2/repository/org/apache/hadoop/hadoop-hdds-container-service/0.5.0-SNAPSHOT/hadoop-hdds-container-service-0.5.0-SNAPSHOT.jar!/webapps/static,AVAILABLE}
2019-09-21 03:49:48,369 [pool-592-thread-1] INFO  storage.RaftStorageDirectory (RaftStorageDirectory.java:tryLock(328)) - Lock on /workdir/hadoop-ozone/integration-test/target/test-dir/MiniOzoneClusterImpl-9576e1a8-30c4-48cb-bc53-357cfd55dd46/datanode-0/data/ratis/ac09d141-6968-4575-83ac-a814ed1b11eb/in_use.lock acquired by nodename 2020@pr-hdds-2161-927ps-406439766
2019-09-21 03:49:48,373 [pool-592-thread-1] INFO  ratis.ContainerStateMachine (ContainerStateMachine.java:loadSnapshot(239)) - group-A814ED1B11EB: Setting the last applied index to (t:1, i:5972)
2019-09-21 03:49:48,379 [pool-7-thread-1] INFO  commands.RetriableDatanodeEventWatcher (RetriableDatanodeEventWatcher.java:onTimeout(47)) - RetriableDatanodeCommand type=deleteBlocksCommand with id=1569037782646 timed out. Retrying.
2019-09-21 03:49:48,380 [pool-592-thread-1] INFO  impl.RaftServerImpl (ServerState.java:setRaftConf(354)) - 555a71b6-7320-443e-bd9a-47cd6ebfc0cf@group-A814ED1B11EB: set configuration 0: [555a71b6-7320-443e-bd9a-47cd6ebfc0cf:192.168.157.196:38034], old=null at 0
2019-09-21 03:49:48,380 [pool-592-thread-1] INFO  server.RaftServerConfigKeys (ConfUtils.java:logGet(43)) - raft.server.notification.no-leader.timeout = 120s (custom)
2019-09-21 03:49:48,380 [pool-592-thread-1] INFO  server.RaftServerConfigKeys (ConfUtils.java:logGet(43)) - raft.server.log.use.memory = false (default)
2019-09-21 03:49:48,380 [pool-592-thread-1] INFO  server.RaftServerConfigKeys (ConfUtils.java:logGet(43)) - raft.server.log.purge.gap = 1000000 (custom)
2019-09-21 03:49:48,380 [pool-592-thread-1] INFO  server.RaftServerConfigKeys (ConfUtils.java:logGet(43)) - raft.server.log.appender.buffer.byte-limit = 33554432 (custom)
2019-09-21 03:49:48,381 [pool-592-thread-1] INFO  server.RaftServerConfigKeys (ConfUtils.java:logGet(43)) - raft.server.log.segment.size.max = 1048576 (custom)
2019-09-21 03:49:48,381 [pool-592-thread-1] INFO  server.RaftServerConfigKeys (ConfUtils.java:logGet(43)) - raft.server.log.segment.cache.num.max = 2 (custom)
2019-09-21 03:49:48,381 [pool-592-thread-1] INFO  segmented.SegmentedRaftLogWorker (SegmentedRaftLogWorker.java:<init>(172)) - new 555a71b6-7320-443e-bd9a-47cd6ebfc0cf@group-A814ED1B11EB-SegmentedRaftLogWorker for RaftStorage:Storage Directory /workdir/hadoop-ozone/integration-test/target/test-dir/MiniOzoneClusterImpl-9576e1a8-30c4-48cb-bc53-357cfd55dd46/datanode-0/data/ratis/ac09d141-6968-4575-83ac-a814ed1b11eb
2019-09-21 03:49:48,381 [pool-592-thread-1] INFO  server.RaftServerConfigKeys (ConfUtils.java:logGet(43)) - raft.server.log.queue.byte-limit = 2147483647 (custom)
2019-09-21 03:49:48,381 [pool-592-thread-1] INFO  server.RaftServerConfigKeys (ConfUtils.java:logGet(43)) - raft.server.log.queue.element-limit = 1024 (custom)
2019-09-21 03:49:48,381 [pool-592-thread-1] INFO  server.RaftServerConfigKeys (ConfUtils.java:logGet(43)) - raft.server.log.segment.size.max = 1048576 (custom)
2019-09-21 03:49:48,382 [pool-592-thread-1] INFO  server.RaftServerConfigKeys (ConfUtils.java:logGet(43)) - raft.server.log.preallocated.size = 16384 (custom)
2019-09-21 03:49:48,382 [pool-592-thread-1] INFO  server.RaftServerConfigKeys (ConfUtils.java:logGet(43)) - raft.server.log.write.buffer.size = 33554432 (custom)
2019-09-21 03:49:48,382 [pool-592-thread-1] INFO  server.RaftServerConfigKeys (ConfUtils.java:logGet(43)) - raft.server.log.force.sync.num = 128 (default)
2019-09-21 03:49:48,382 [pool-592-thread-1] INFO  server.RaftServerConfigKeys (ConfUtils.java:logGet(43)) - raft.server.log.statemachine.data.sync = true (default)
2019-09-21 03:49:48,382 [pool-592-thread-1] INFO  server.RaftServerConfigKeys (ConfUtils.java:logGet(43)) - raft.server.log.statemachine.data.sync.timeout = 10s (default)
2019-09-21 03:49:48,382 [pool-592-thread-1] INFO  server.RaftServerConfigKeys (ConfUtils.java:logGet(43)) - raft.server.log.statemachine.data.sync.timeout.retry = -1 (default)
2019-09-21 03:49:48,383 [pool-592-thread-1] INFO  server.RaftServerConfigKeys (ConfUtils.java:logGet(43)) - raft.server.log.statemachine.data.caching.enabled = true (custom)
2019-09-21 03:49:48,389 [pool-592-thread-1] INFO  impl.RaftServerImpl (ServerState.java:setRaftConf(354)) - 555a71b6-7320-443e-bd9a-47cd6ebfc0cf@group-A814ED1B11EB: set configuration 0: [555a71b6-7320-443e-bd9a-47cd6ebfc0cf:192.168.157.196:38034], old=null at 0
2019-09-21 03:49:48,393 [main] INFO  handler.ContextHandler (ContextHandler.java:doStart(781)) - Started o.e.j.w.WebAppContext@1f3b992{/,file:///tmp/jetty-0.0.0.0-46686-hddsDatanode-_-any-5637312030917348303.dir/webapp/,AVAILABLE}{/hddsDatanode}
2019-09-21 03:49:48,393 [main] INFO  server.AbstractConnector (AbstractConnector.java:doStart(278)) - Started ServerConnector@2a53f215{HTTP/1.1,[http/1.1]}{0.0.0.0:46686}
2019-09-21 03:49:48,394 [main] INFO  server.Server (Server.java:doStart(419)) - Started @110469ms
2019-09-21 03:49:48,394 [main] WARN  impl.MetricsSystemImpl (MetricsSystemImpl.java:register(276)) - Sink prometheus already exists!
2019-09-21 03:49:48,395 [main] INFO  server.BaseHttpServer (BaseHttpServer.java:updateConnectorAddress(215)) - HTTP server of HDDSDATANODE is listening at http://0.0.0.0:46686
2019-09-21 03:49:48,395 [main] INFO  ozone.MiniOzoneClusterImpl (MiniOzoneClusterImpl.java:lambda$waitForClusterToBeReady$0(147)) - Waiting for cluster to be ready. Got 0 of 1 DN Heartbeats.
2019-09-21 03:49:48,397 [org.apache.hadoop.util.JvmPauseMonitor$Monitor@31bd995e] INFO  util.JvmPauseMonitor (JvmPauseMonitor.java:run(188)) - Starting JVM pause monitor
2019-09-21 03:49:48,400 [SCMBlockDeletingService#1] DEBUG block.SCMBlockDeletingService (SCMBlockDeletingService.java:call(138)) - Running DeletedBlockTransactionScanner
2019-09-21 03:49:48,400 [SCMBlockDeletingService#1] DEBUG block.SCMBlockDeletingService (SCMBlockDeletingService.java:call(155)) - Scanned deleted blocks log and got 3 delTX to process.
2019-09-21 03:49:48,401 [SCMBlockDeletingService#1] DEBUG block.SCMBlockDeletingService (SCMBlockDeletingService.java:call(171)) - Added delete block command for datanode 555a71b6-7320-443e-bd9a-47cd6ebfc0cf in the queue, number of delete block transactions: 3, TxID list: 1,2,3
2019-09-21 03:49:48,401 [SCMBlockDeletingService#1] INFO  block.SCMBlockDeletingService (SCMBlockDeletingService.java:call(182)) - Totally added 3 delete blocks command for 1 datanodes, task elapsed time: 1ms
2019-09-21 03:49:48,419 [pool-7-thread-1] INFO  commands.RetriableDatanodeEventWatcher (RetriableDatanodeEventWatcher.java:onTimeout(47)) - RetriableDatanodeCommand type=deleteBlocksCommand with id=1569037782607 timed out. Retrying.
2019-09-21 03:49:48,429 [pool-592-thread-1] INFO  segmented.LogSegment (LogSegment.java:loadSegment(123)) - Successfully read 5287 entries from segment file /workdir/hadoop-ozone/integration-test/target/test-dir/MiniOzoneClusterImpl-9576e1a8-30c4-48cb-bc53-357cfd55dd46/datanode-0/data/ratis/ac09d141-6968-4575-83ac-a814ed1b11eb/current/log_0-5286
2019-09-21 03:49:48,433 [pool-7-thread-1] INFO  commands.RetriableDatanodeEventWatcher (RetriableDatanodeEventWatcher.java:onTimeout(47)) - RetriableDatanodeCommand type=deleteBlocksCommand with id=1569037782617 timed out. Retrying.
2019-09-21 03:49:48,433 [pool-592-thread-1] INFO  segmented.LogSegment (LogSegment.java:loadSegment(123)) - Successfully read 687 entries from segment file /workdir/hadoop-ozone/integration-test/target/test-dir/MiniOzoneClusterImpl-9576e1a8-30c4-48cb-bc53-357cfd55dd46/datanode-0/data/ratis/ac09d141-6968-4575-83ac-a814ed1b11eb/current/log_inprogress_5287
2019-09-21 03:49:48,433 [pool-592-thread-1] INFO  segmented.SegmentedRaftLogWorker (SegmentedRaftLogWorker.java:lambda$new$0(132)) - 555a71b6-7320-443e-bd9a-47cd6ebfc0cf@group-A814ED1B11EB-SegmentedRaftLogWorker: flushIndex: setUnconditionally 0 -> 5973
2019-09-21 03:49:48,447 [pool-7-thread-1] INFO  commands.RetriableDatanodeEventWatcher (RetriableDatanodeEventWatcher.java:onTimeout(47)) - RetriableDatanodeCommand type=deleteBlocksCommand with id=1569037782627 timed out. Retrying.
2019-09-21 03:49:48,460 [pool-592-thread-1] INFO  raftlog.RaftLog (RaftLog.java:lambda$new$0(61)) - 555a71b6-7320-443e-bd9a-47cd6ebfc0cf@group-A814ED1B11EB-SegmentedRaftLog: commitIndex: updateToMax old=5972, new=5972, updated? false
2019-09-21 03:49:48,461 [pool-592-thread-1] INFO  server.RaftServerConfigKeys (ConfUtils.java:logGet(43)) - raft.server.snapshot.auto.trigger.enabled = true (custom)
2019-09-21 03:49:48,461 [pool-592-thread-1] INFO  server.RaftServerConfigKeys (ConfUtils.java:logGet(43)) - raft.server.snapshot.auto.trigger.threshold = 10000 (custom)
2019-09-21 03:49:48,461 [pool-592-thread-1] INFO  server.RaftServerConfigKeys (ConfUtils.java:logGet(43)) - raft.server.snapshot.retention.num.files = 5 (custom)
2019-09-21 03:49:48,461 [pool-592-thread-1] INFO  server.RaftServerConfigKeys (ConfUtils.java:logGet(43)) - raft.server.retrycache.expirytime = 600000ms (custom)
2019-09-21 03:49:48,464 [pool-7-thread-1] INFO  commands.RetriableDatanodeEventWatcher (RetriableDatanodeEventWatcher.java:onTimeout(47)) - RetriableDatanodeCommand type=deleteBlocksCommand with id=1569037782637 timed out. Retrying.
2019-09-21 03:49:48,481 [pool-7-thread-1] INFO  commands.RetriableDatanodeEventWatcher (RetriableDatanodeEventWatcher.java:onTimeout(47)) - RetriableDatanodeCommand type=deleteBlocksCommand with id=1569037782647 timed out. Retrying.
2019-09-21 03:49:48,501 [SCMBlockDeletingService#1] DEBUG block.SCMBlockDeletingService (SCMBlockDeletingService.java:call(138)) - Running DeletedBlockTransactionScanner
2019-09-21 03:49:48,502 [SCMBlockDeletingService#1] DEBUG block.SCMBlockDeletingService (SCMBlockDeletingService.java:call(155)) - Scanned deleted blocks log and got 3 delTX to process.
2019-09-21 03:49:48,502 [SCMBlockDeletingService#1] DEBUG block.SCMBlockDeletingService (SCMBlockDeletingService.java:call(171)) - Added delete block command for datanode 555a71b6-7320-443e-bd9a-47cd6ebfc0cf in the queue, number of delete block transactions: 3, TxID list: 1,2,3
2019-09-21 03:49:48,502 [SCMBlockDeletingService#1] INFO  block.SCMBlockDeletingService (SCMBlockDeletingService.java:call(182)) - Totally added 3 delete blocks command for 1 datanodes, task elapsed time: 1ms
2019-09-21 03:49:48,519 [pool-7-thread-1] INFO  commands.RetriableDatanodeEventWatcher (RetriableDatanodeEventWatcher.java:onTimeout(47)) - RetriableDatanodeCommand type=deleteBlocksCommand with id=1569037782608 timed out. Retrying.
2019-09-21 03:49:48,534 [pool-7-thread-1] INFO  commands.RetriableDatanodeEventWatcher (RetriableDatanodeEventWatcher.java:onTimeout(47)) - RetriableDatanodeCommand type=deleteBlocksCommand with id=1569037782618 timed out. Retrying.
2019-09-21 03:49:48,549 [pool-7-thread-1] INFO  commands.RetriableDatanodeEventWatcher (RetriableDatanodeEventWatcher.java:onTimeout(47)) - RetriableDatanodeCommand type=deleteBlocksCommand with id=1569037782628 timed out. Retrying.
2019-09-21 03:49:48,566 [pool-7-thread-1] INFO  commands.RetriableDatanodeEventWatcher (RetriableDatanodeEventWatcher.java:onTimeout(47)) - RetriableDatanodeCommand type=deleteBlocksCommand with id=1569037782638 timed out. Retrying.
2019-09-21 03:49:48,583 [pool-7-thread-1] INFO  commands.RetriableDatanodeEventWatcher (RetriableDatanodeEventWatcher.java:onTimeout(47)) - RetriableDatanodeCommand type=deleteBlocksCommand with id=1569037782648 timed out. Retrying.
2019-09-21 03:49:48,602 [SCMBlockDeletingService#1] DEBUG block.SCMBlockDeletingService (SCMBlockDeletingService.java:call(138)) - Running DeletedBlockTransactionScanner
2019-09-21 03:49:48,603 [SCMBlockDeletingService#1] DEBUG block.SCMBlockDeletingService (SCMBlockDeletingService.java:call(155)) - Scanned deleted blocks log and got 3 delTX to process.
2019-09-21 03:49:48,603 [SCMBlockDeletingService#1] DEBUG block.SCMBlockDeletingService (SCMBlockDeletingService.java:call(171)) - Added delete block command for datanode 555a71b6-7320-443e-bd9a-47cd6ebfc0cf in the queue, number of delete block transactions: 3, TxID list: 1,2,3
2019-09-21 03:49:48,603 [SCMBlockDeletingService#1] INFO  block.SCMBlockDeletingService (SCMBlockDeletingService.java:call(182)) - Totally added 3 delete blocks command for 1 datanodes, task elapsed time: 1ms
2019-09-21 03:49:48,605 [pool-7-thread-1] INFO  commands.RetriableDatanodeEventWatcher (RetriableDatanodeEventWatcher.java:onTimeout(47)) - RetriableDatanodeCommand type=deleteBlocksCommand with id=1569037782599 timed out. Retrying.
2019-09-21 03:49:48,620 [pool-7-thread-1] INFO  commands.RetriableDatanodeEventWatcher (RetriableDatanodeEventWatcher.java:onTimeout(47)) - RetriableDatanodeCommand type=deleteBlocksCommand with id=1569037782609 timed out. Retrying.
2019-09-21 03:49:48,636 [pool-7-thread-1] INFO  commands.RetriableDatanodeEventWatcher (RetriableDatanodeEventWatcher.java:onTimeout(47)) - RetriableDatanodeCommand type=deleteBlocksCommand with id=1569037782619 timed out. Retrying.
2019-09-21 03:49:48,651 [pool-7-thread-1] INFO  commands.RetriableDatanodeEventWatcher (RetriableDatanodeEventWatcher.java:onTimeout(47)) - RetriableDatanodeCommand type=deleteBlocksCommand with id=1569037782629 timed out. Retrying.
2019-09-21 03:49:48,667 [pool-7-thread-1] INFO  commands.RetriableDatanodeEventWatcher (RetriableDatanodeEventWatcher.java:onTimeout(47)) - RetriableDatanodeCommand type=deleteBlocksCommand with id=1569037782639 timed out. Retrying.
2019-09-21 03:49:48,691 [pool-7-thread-1] INFO  commands.RetriableDatanodeEventWatcher (RetriableDatanodeEventWatcher.java:onTimeout(47)) - RetriableDatanodeCommand type=deleteBlocksCommand with id=1569037782649 timed out. Retrying.
2019-09-21 03:49:48,704 [SCMBlockDeletingService#1] DEBUG block.SCMBlockDeletingService (SCMBlockDeletingService.java:call(138)) - Running DeletedBlockTransactionScanner
2019-09-21 03:49:48,704 [SCMBlockDeletingService#1] DEBUG block.SCMBlockDeletingService (SCMBlockDeletingService.java:call(155)) - Scanned deleted blocks log and got 3 delTX to process.
2019-09-21 03:49:48,704 [SCMBlockDeletingService#1] DEBUG block.SCMBlockDeletingService (SCMBlockDeletingService.java:call(171)) - Added delete block command for datanode 555a71b6-7320-443e-bd9a-47cd6ebfc0cf in the queue, number of delete block transactions: 3, TxID list: 1,2,3
2019-09-21 03:49:48,705 [SCMBlockDeletingService#1] INFO  block.SCMBlockDeletingService (SCMBlockDeletingService.java:call(182)) - Totally added 3 delete blocks command for 1 datanodes, task elapsed time: 1ms
2019-09-21 03:49:48,708 [pool-7-thread-1] INFO  commands.RetriableDatanodeEventWatcher (RetriableDatanodeEventWatcher.java:onTimeout(47)) - RetriableDatanodeCommand type=deleteBlocksCommand with id=1569037782600 timed out. Retrying.
2019-09-21 03:49:48,723 [pool-7-thread-1] INFO  commands.RetriableDatanodeEventWatcher (RetriableDatanodeEventWatcher.java:onTimeout(47)) - RetriableDatanodeCommand type=deleteBlocksCommand with id=1569037782610 timed out. Retrying.
2019-09-21 03:49:48,737 [pool-7-thread-1] INFO  commands.RetriableDatanodeEventWatcher (RetriableDatanodeEventWatcher.java:onTimeout(47)) - RetriableDatanodeCommand type=deleteBlocksCommand with id=1569037782620 timed out. Retrying.
2019-09-21 03:49:48,753 [pool-7-thread-1] INFO  commands.RetriableDatanodeEventWatcher (RetriableDatanodeEventWatcher.java:onTimeout(47)) - RetriableDatanodeCommand type=deleteBlocksCommand with id=1569037782630 timed out. Retrying.
2019-09-21 03:49:48,769 [pool-7-thread-1] INFO  commands.RetriableDatanodeEventWatcher (RetriableDatanodeEventWatcher.java:onTimeout(47)) - RetriableDatanodeCommand type=deleteBlocksCommand with id=1569037782640 timed out. Retrying.
2019-09-21 03:49:48,791 [pool-7-thread-1] INFO  commands.RetriableDatanodeEventWatcher (RetriableDatanodeEventWatcher.java:onTimeout(47)) - RetriableDatanodeCommand type=deleteBlocksCommand with id=1569037782650 timed out. Retrying.
2019-09-21 03:49:48,805 [SCMBlockDeletingService#1] DEBUG block.SCMBlockDeletingService (SCMBlockDeletingService.java:call(138)) - Running DeletedBlockTransactionScanner
2019-09-21 03:49:48,805 [SCMBlockDeletingService#1] DEBUG block.SCMBlockDeletingService (SCMBlockDeletingService.java:call(155)) - Scanned deleted blocks log and got 3 delTX to process.
2019-09-21 03:49:48,806 [SCMBlockDeletingService#1] DEBUG block.SCMBlockDeletingService (SCMBlockDeletingService.java:call(171)) - Added delete block command for datanode 555a71b6-7320-443e-bd9a-47cd6ebfc0cf in the queue, number of delete block transactions: 3, TxID list: 1,2,3
2019-09-21 03:49:48,806 [SCMBlockDeletingService#1] INFO  block.SCMBlockDeletingService (SCMBlockDeletingService.java:call(182)) - Totally added 3 delete blocks command for 1 datanodes, task elapsed time: 1ms
2019-09-21 03:49:48,808 [pool-7-thread-1] INFO  commands.RetriableDatanodeEventWatcher (RetriableDatanodeEventWatcher.java:onTimeout(47)) - RetriableDatanodeCommand type=deleteBlocksCommand with id=1569037782601 timed out. Retrying.
2019-09-21 03:49:48,823 [pool-7-thread-1] INFO  commands.RetriableDatanodeEventWatcher (RetriableDatanodeEventWatcher.java:onTimeout(47)) - RetriableDatanodeCommand type=deleteBlocksCommand with id=1569037782611 timed out. Retrying.
2019-09-21 03:49:48,839 [pool-7-thread-1] INFO  commands.RetriableDatanodeEventWatcher (RetriableDatanodeEventWatcher.java:onTimeout(47)) - RetriableDatanodeCommand type=deleteBlocksCommand with id=1569037782621 timed out. Retrying.
2019-09-21 03:49:48,854 [pool-7-thread-1] INFO  commands.RetriableDatanodeEventWatcher (RetriableDatanodeEventWatcher.java:onTimeout(47)) - RetriableDatanodeCommand type=deleteBlocksCommand with id=1569037782631 timed out. Retrying.
2019-09-21 03:49:48,871 [pool-7-thread-1] INFO  commands.RetriableDatanodeEventWatcher (RetriableDatanodeEventWatcher.java:onTimeout(47)) - RetriableDatanodeCommand type=deleteBlocksCommand with id=1569037782641 timed out. Retrying.
2019-09-21 03:49:48,893 [pool-7-thread-1] INFO  commands.RetriableDatanodeEventWatcher (RetriableDatanodeEventWatcher.java:onTimeout(47)) - RetriableDatanodeCommand type=deleteBlocksCommand with id=1569037782651 timed out. Retrying.
2019-09-21 03:49:48,907 [SCMBlockDeletingService#1] DEBUG block.SCMBlockDeletingService (SCMBlockDeletingService.java:call(138)) - Running DeletedBlockTransactionScanner
2019-09-21 03:49:48,907 [SCMBlockDeletingService#1] DEBUG block.SCMBlockDeletingService (SCMBlockDeletingService.java:call(155)) - Scanned deleted blocks log and got 3 delTX to process.
2019-09-21 03:49:48,907 [SCMBlockDeletingService#1] DEBUG block.SCMBlockDeletingService (SCMBlockDeletingService.java:call(171)) - Added delete block command for datanode 555a71b6-7320-443e-bd9a-47cd6ebfc0cf in the queue, number of delete block transactions: 3, TxID list: 1,2,3
2019-09-21 03:49:48,908 [SCMBlockDeletingService#1] INFO  block.SCMBlockDeletingService (SCMBlockDeletingService.java:call(182)) - Totally added 3 delete blocks command for 1 datanodes, task elapsed time: 1ms
2019-09-21 03:49:48,911 [pool-7-thread-1] INFO  commands.RetriableDatanodeEventWatcher (RetriableDatanodeEventWatcher.java:onTimeout(47)) - RetriableDatanodeCommand type=deleteBlocksCommand with id=1569037782602 timed out. Retrying.
2019-09-21 03:49:48,925 [pool-7-thread-1] INFO  commands.RetriableDatanodeEventWatcher (RetriableDatanodeEventWatcher.java:onTimeout(47)) - RetriableDatanodeCommand type=deleteBlocksCommand with id=1569037782612 timed out. Retrying.
2019-09-21 03:49:48,941 [pool-7-thread-1] INFO  commands.RetriableDatanodeEventWatcher (RetriableDatanodeEventWatcher.java:onTimeout(47)) - RetriableDatanodeCommand type=deleteBlocksCommand with id=1569037782622 timed out. Retrying.
2019-09-21 03:49:48,955 [pool-7-thread-1] INFO  commands.RetriableDatanodeEventWatcher (RetriableDatanodeEventWatcher.java:onTimeout(47)) - RetriableDatanodeCommand type=deleteBlocksCommand with id=1569037782632 timed out. Retrying.
2019-09-21 03:49:48,973 [pool-7-thread-1] INFO  commands.RetriableDatanodeEventWatcher (RetriableDatanodeEventWatcher.java:onTimeout(47)) - RetriableDatanodeCommand type=deleteBlocksCommand with id=1569037782642 timed out. Retrying.
2019-09-21 03:49:48,996 [pool-7-thread-1] INFO  commands.RetriableDatanodeEventWatcher (RetriableDatanodeEventWatcher.java:onTimeout(47)) - RetriableDatanodeCommand type=deleteBlocksCommand with id=1569037782652 timed out. Retrying.
2019-09-21 03:49:49,008 [SCMBlockDeletingService#1] DEBUG block.SCMBlockDeletingService (SCMBlockDeletingService.java:call(138)) - Running DeletedBlockTransactionScanner
2019-09-21 03:49:49,009 [SCMBlockDeletingService#1] DEBUG block.SCMBlockDeletingService (SCMBlockDeletingService.java:call(155)) - Scanned deleted blocks log and got 3 delTX to process.
2019-09-21 03:49:49,009 [SCMBlockDeletingService#1] DEBUG block.SCMBlockDeletingService (SCMBlockDeletingService.java:call(171)) - Added delete block command for datanode 555a71b6-7320-443e-bd9a-47cd6ebfc0cf in the queue, number of delete block transactions: 3, TxID list: 1,2,3
2019-09-21 03:49:49,009 [SCMBlockDeletingService#1] INFO  block.SCMBlockDeletingService (SCMBlockDeletingService.java:call(182)) - Totally added 3 delete blocks command for 1 datanodes, task elapsed time: 1ms
2019-09-21 03:49:49,010 [pool-7-thread-1] INFO  commands.RetriableDatanodeEventWatcher (RetriableDatanodeEventWatcher.java:onTimeout(47)) - RetriableDatanodeCommand type=deleteBlocksCommand with id=1569037782603 timed out. Retrying.
2019-09-21 03:49:49,028 [pool-7-thread-1] INFO  commands.RetriableDatanodeEventWatcher (RetriableDatanodeEventWatcher.java:onTimeout(47)) - RetriableDatanodeCommand type=deleteBlocksCommand with id=1569037782613 timed out. Retrying.
2019-09-21 03:49:49,040 [pool-7-thread-1] INFO  commands.RetriableDatanodeEventWatcher (RetriableDatanodeEventWatcher.java:onTimeout(47)) - RetriableDatanodeCommand type=deleteBlocksCommand with id=1569037782623 timed out. Retrying.
2019-09-21 03:49:49,058 [pool-7-thread-1] INFO  commands.RetriableDatanodeEventWatcher (RetriableDatanodeEventWatcher.java:onTimeout(47)) - RetriableDatanodeCommand type=deleteBlocksCommand with id=1569037782633 timed out. Retrying.
2019-09-21 03:49:49,074 [pool-7-thread-1] INFO  commands.RetriableDatanodeEventWatcher (RetriableDatanodeEventWatcher.java:onTimeout(47)) - RetriableDatanodeCommand type=deleteBlocksCommand with id=1569037782643 timed out. Retrying.
2019-09-21 03:49:49,097 [pool-7-thread-1] INFO  commands.RetriableDatanodeEventWatcher (RetriableDatanodeEventWatcher.java:onTimeout(47)) - RetriableDatanodeCommand type=deleteBlocksCommand with id=1569037782653 timed out. Retrying.
2019-09-21 03:49:49,110 [SCMBlockDeletingService#1] DEBUG block.SCMBlockDeletingService (SCMBlockDeletingService.java:call(138)) - Running DeletedBlockTransactionScanner
2019-09-21 03:49:49,110 [SCMBlockDeletingService#1] DEBUG block.SCMBlockDeletingService (SCMBlockDeletingService.java:call(155)) - Scanned deleted blocks log and got 3 delTX to process.
2019-09-21 03:49:49,111 [SCMBlockDeletingService#1] DEBUG block.SCMBlockDeletingService (SCMBlockDeletingService.java:call(171)) - Added delete block command for datanode 555a71b6-7320-443e-bd9a-47cd6ebfc0cf in the queue, number of delete block transactions: 3, TxID list: 1,2,3
2019-09-21 03:49:49,111 [SCMBlockDeletingService#1] INFO  block.SCMBlockDeletingService (SCMBlockDeletingService.java:call(182)) - Totally added 3 delete blocks command for 1 datanodes, task elapsed time: 2ms
2019-09-21 03:49:49,115 [pool-7-thread-1] INFO  commands.RetriableDatanodeEventWatcher (RetriableDatanodeEventWatcher.java:onTimeout(47)) - RetriableDatanodeCommand type=deleteBlocksCommand with id=1569037782604 timed out. Retrying.
2019-09-21 03:49:49,127 [pool-7-thread-1] INFO  commands.RetriableDatanodeEventWatcher (RetriableDatanodeEventWatcher.java:onTimeout(47)) - RetriableDatanodeCommand type=deleteBlocksCommand with id=1569037782614 timed out. Retrying.
2019-09-21 03:49:49,144 [pool-7-thread-1] INFO  commands.RetriableDatanodeEventWatcher (RetriableDatanodeEventWatcher.java:onTimeout(47)) - RetriableDatanodeCommand type=deleteBlocksCommand with id=1569037782624 timed out. Retrying.
2019-09-21 03:49:49,157 [pool-7-thread-1] INFO  commands.RetriableDatanodeEventWatcher (RetriableDatanodeEventWatcher.java:onTimeout(47)) - RetriableDatanodeCommand type=deleteBlocksCommand with id=1569037782634 timed out. Retrying.
2019-09-21 03:49:49,176 [pool-7-thread-1] INFO  commands.RetriableDatanodeEventWatcher (RetriableDatanodeEventWatcher.java:onTimeout(47)) - RetriableDatanodeCommand type=deleteBlocksCommand with id=1569037782644 timed out. Retrying.
2019-09-21 03:49:49,198 [pool-7-thread-1] INFO  commands.RetriableDatanodeEventWatcher (RetriableDatanodeEventWatcher.java:onTimeout(47)) - RetriableDatanodeCommand type=deleteBlocksCommand with id=1569037782654 timed out. Retrying.
2019-09-21 03:49:49,212 [SCMBlockDeletingService#1] DEBUG block.SCMBlockDeletingService (SCMBlockDeletingService.java:call(138)) - Running DeletedBlockTransactionScanner
2019-09-21 03:49:49,212 [SCMBlockDeletingService#1] DEBUG block.SCMBlockDeletingService (SCMBlockDeletingService.java:call(155)) - Scanned deleted blocks log and got 3 delTX to process.
2019-09-21 03:49:49,212 [SCMBlockDeletingService#1] DEBUG block.SCMBlockDeletingService (SCMBlockDeletingService.java:call(171)) - Added delete block command for datanode 555a71b6-7320-443e-bd9a-47cd6ebfc0cf in the queue, number of delete block transactions: 3, TxID list: 1,2,3
2019-09-21 03:49:49,213 [SCMBlockDeletingService#1] INFO  block.SCMBlockDeletingService (SCMBlockDeletingService.java:call(182)) - Totally added 3 delete blocks command for 1 datanodes, task elapsed time: 1ms
2019-09-21 03:49:49,216 [pool-7-thread-1] INFO  commands.RetriableDatanodeEventWatcher (RetriableDatanodeEventWatcher.java:onTimeout(47)) - RetriableDatanodeCommand type=deleteBlocksCommand with id=1569037782605 timed out. Retrying.
2019-09-21 03:49:49,230 [pool-7-thread-1] INFO  commands.RetriableDatanodeEventWatcher (RetriableDatanodeEventWatcher.java:onTimeout(47)) - RetriableDatanodeCommand type=deleteBlocksCommand with id=1569037782615 timed out. Retrying.
2019-09-21 03:49:49,247 [pool-7-thread-1] INFO  commands.RetriableDatanodeEventWatcher (RetriableDatanodeEventWatcher.java:onTimeout(47)) - RetriableDatanodeCommand type=deleteBlocksCommand with id=1569037782625 timed out. Retrying.
2019-09-21 03:49:49,260 [pool-7-thread-1] INFO  commands.RetriableDatanodeEventWatcher (RetriableDatanodeEventWatcher.java:onTimeout(47)) - RetriableDatanodeCommand type=deleteBlocksCommand with id=1569037782635 timed out. Retrying.
2019-09-21 03:49:49,278 [pool-7-thread-1] INFO  commands.RetriableDatanodeEventWatcher (RetriableDatanodeEventWatcher.java:onTimeout(47)) - RetriableDatanodeCommand type=deleteBlocksCommand with id=1569037782645 timed out. Retrying.
2019-09-21 03:49:49,300 [pool-7-thread-1] INFO  commands.RetriableDatanodeEventWatcher (RetriableDatanodeEventWatcher.java:onTimeout(47)) - RetriableDatanodeCommand type=deleteBlocksCommand with id=1569037782655 timed out. Retrying.
2019-09-21 03:49:49,313 [SCMBlockDeletingService#1] DEBUG block.SCMBlockDeletingService (SCMBlockDeletingService.java:call(138)) - Running DeletedBlockTransactionScanner
2019-09-21 03:49:49,313 [SCMBlockDeletingService#1] DEBUG block.SCMBlockDeletingService (SCMBlockDeletingService.java:call(155)) - Scanned deleted blocks log and got 3 delTX to process.
2019-09-21 03:49:49,314 [SCMBlockDeletingService#1] DEBUG block.SCMBlockDeletingService (SCMBlockDeletingService.java:call(171)) - Added delete block command for datanode 555a71b6-7320-443e-bd9a-47cd6ebfc0cf in the queue, number of delete block transactions: 3, TxID list: 1,2,3
2019-09-21 03:49:49,314 [SCMBlockDeletingService#1] INFO  block.SCMBlockDeletingService (SCMBlockDeletingService.java:call(182)) - Totally added 3 delete blocks command for 1 datanodes, task elapsed time: 1ms
2019-09-21 03:49:49,317 [pool-7-thread-1] INFO  commands.RetriableDatanodeEventWatcher (RetriableDatanodeEventWatcher.java:onTimeout(47)) - RetriableDatanodeCommand type=deleteBlocksCommand with id=1569037782606 timed out. Retrying.
2019-09-21 03:49:49,329 [pool-7-thread-1] INFO  commands.RetriableDatanodeEventWatcher (RetriableDatanodeEventWatcher.java:onTimeout(47)) - RetriableDatanodeCommand type=deleteBlocksCommand with id=1569037782616 timed out. Retrying.
2019-09-21 03:49:49,347 [pool-7-thread-1] INFO  commands.RetriableDatanodeEventWatcher (RetriableDatanodeEventWatcher.java:onTimeout(47)) - RetriableDatanodeCommand type=deleteBlocksCommand with id=1569037782626 timed out. Retrying.
2019-09-21 03:49:49,363 [pool-7-thread-1] INFO  commands.RetriableDatanodeEventWatcher (RetriableDatanodeEventWatcher.java:onTimeout(47)) - RetriableDatanodeCommand type=deleteBlocksCommand with id=1569037782636 timed out. Retrying.
2019-09-21 03:49:49,379 [pool-7-thread-1] INFO  commands.RetriableDatanodeEventWatcher (RetriableDatanodeEventWatcher.java:onTimeout(47)) - RetriableDatanodeCommand type=deleteBlocksCommand with id=1569037782646 timed out. Retrying.
2019-09-21 03:49:49,396 [main] INFO  ozone.MiniOzoneClusterImpl (MiniOzoneClusterImpl.java:lambda$waitForClusterToBeReady$0(147)) - Waiting for cluster to be ready. Got 0 of 1 DN Heartbeats.
2019-09-21 03:49:49,401 [pool-7-thread-1] INFO  commands.RetriableDatanodeEventWatcher (RetriableDatanodeEventWatcher.java:onTimeout(47)) - RetriableDatanodeCommand type=deleteBlocksCommand with id=1569037782656 timed out. Retrying.
2019-09-21 03:49:49,414 [SCMBlockDeletingService#1] DEBUG block.SCMBlockDeletingService (SCMBlockDeletingService.java:call(138)) - Running DeletedBlockTransactionScanner
2019-09-21 03:49:49,415 [SCMBlockDeletingService#1] DEBUG block.SCMBlockDeletingService (SCMBlockDeletingService.java:call(155)) - Scanned deleted blocks log and got 3 delTX to process.
2019-09-21 03:49:49,415 [SCMBlockDeletingService#1] DEBUG block.SCMBlockDeletingService (SCMBlockDeletingService.java:call(171)) - Added delete block command for datanode 555a71b6-7320-443e-bd9a-47cd6ebfc0cf in the queue, number of delete block transactions: 3, TxID list: 1,2,3
2019-09-21 03:49:49,416 [SCMBlockDeletingService#1] INFO  block.SCMBlockDeletingService (SCMBlockDeletingService.java:call(182)) - Totally added 3 delete blocks command for 1 datanodes, task elapsed time: 1ms
2019-09-21 03:49:49,419 [pool-7-thread-1] INFO  commands.RetriableDatanodeEventWatcher (RetriableDatanodeEventWatcher.java:onTimeout(47)) - RetriableDatanodeCommand type=deleteBlocksCommand with id=1569037782607 timed out. Retrying.
2019-09-21 03:49:49,433 [pool-7-thread-1] INFO  commands.RetriableDatanodeEventWatcher (RetriableDatanodeEventWatcher.java:onTimeout(47)) - RetriableDatanodeCommand type=deleteBlocksCommand with id=1569037782617 timed out. Retrying.
2019-09-21 03:49:49,448 [pool-7-thread-1] INFO  commands.RetriableDatanodeEventWatcher (RetriableDatanodeEventWatcher.java:onTimeout(47)) - RetriableDatanodeCommand type=deleteBlocksCommand with id=1569037782627 timed out. Retrying.
2019-09-21 03:49:49,464 [pool-7-thread-1] INFO  commands.RetriableDatanodeEventWatcher (RetriableDatanodeEventWatcher.java:onTimeout(47)) - RetriableDatanodeCommand type=deleteBlocksCommand with id=1569037782637 timed out. Retrying.
2019-09-21 03:49:49,482 [pool-7-thread-1] INFO  commands.RetriableDatanodeEventWatcher (RetriableDatanodeEventWatcher.java:onTimeout(47)) - RetriableDatanodeCommand type=deleteBlocksCommand with id=1569037782647 timed out. Retrying.
2019-09-21 03:49:49,501 [pool-7-thread-1] INFO  commands.RetriableDatanodeEventWatcher (RetriableDatanodeEventWatcher.java:onTimeout(47)) - RetriableDatanodeCommand type=deleteBlocksCommand with id=1569037782657 timed out. Retrying.
2019-09-21 03:49:49,516 [SCMBlockDeletingService#1] DEBUG block.SCMBlockDeletingService (SCMBlockDeletingService.java:call(138)) - Running DeletedBlockTransactionScanner
2019-09-21 03:49:49,516 [SCMBlockDeletingService#1] DEBUG block.SCMBlockDeletingService (SCMBlockDeletingService.java:call(155)) - Scanned deleted blocks log and got 3 delTX to process.
2019-09-21 03:49:49,517 [SCMBlockDeletingService#1] DEBUG block.SCMBlockDeletingService (SCMBlockDeletingService.java:call(171)) - Added delete block command for datanode 555a71b6-7320-443e-bd9a-47cd6ebfc0cf in the queue, number of delete block transactions: 3, TxID list: 1,2,3
2019-09-21 03:49:49,517 [SCMBlockDeletingService#1] INFO  block.SCMBlockDeletingService (SCMBlockDeletingService.java:call(182)) - Totally added 3 delete blocks command for 1 datanodes, task elapsed time: 1ms
2019-09-21 03:49:49,520 [pool-7-thread-1] INFO  commands.RetriableDatanodeEventWatcher (RetriableDatanodeEventWatcher.java:onTimeout(47)) - RetriableDatanodeCommand type=deleteBlocksCommand with id=1569037782608 timed out. Retrying.
2019-09-21 03:49:49,535 [pool-7-thread-1] INFO  commands.RetriableDatanodeEventWatcher (RetriableDatanodeEventWatcher.java:onTimeout(47)) - RetriableDatanodeCommand type=deleteBlocksCommand with id=1569037782618 timed out. Retrying.
2019-09-21 03:49:49,549 [pool-7-thread-1] INFO  commands.RetriableDatanodeEventWatcher (RetriableDatanodeEventWatcher.java:onTimeout(47)) - RetriableDatanodeCommand type=deleteBlocksCommand with id=1569037782628 timed out. Retrying.
2019-09-21 03:49:49,567 [pool-7-thread-1] INFO  commands.RetriableDatanodeEventWatcher (RetriableDatanodeEventWatcher.java:onTimeout(47)) - RetriableDatanodeCommand type=deleteBlocksCommand with id=1569037782638 timed out. Retrying.
2019-09-21 03:49:49,583 [pool-7-thread-1] INFO  commands.RetriableDatanodeEventWatcher (RetriableDatanodeEventWatcher.java:onTimeout(47)) - RetriableDatanodeCommand type=deleteBlocksCommand with id=1569037782648 timed out. Retrying.
2019-09-21 03:49:49,604 [pool-7-thread-1] INFO  commands.RetriableDatanodeEventWatcher (RetriableDatanodeEventWatcher.java:onTimeout(47)) - RetriableDatanodeCommand type=deleteBlocksCommand with id=1569037782658 timed out. Retrying.
2019-09-21 03:49:49,606 [pool-7-thread-1] INFO  commands.RetriableDatanodeEventWatcher (RetriableDatanodeEventWatcher.java:onTimeout(47)) - RetriableDatanodeCommand type=deleteBlocksCommand with id=1569037782599 timed out. Retrying.
2019-09-21 03:49:49,617 [SCMBlockDeletingService#1] DEBUG block.SCMBlockDeletingService (SCMBlockDeletingService.java:call(138)) - Running DeletedBlockTransactionScanner
2019-09-21 03:49:49,618 [SCMBlockDeletingService#1] DEBUG block.SCMBlockDeletingService (SCMBlockDeletingService.java:call(155)) - Scanned deleted blocks log and got 3 delTX to process.
2019-09-21 03:49:49,618 [SCMBlockDeletingService#1] DEBUG block.SCMBlockDeletingService (SCMBlockDeletingService.java:call(171)) - Added delete block command for datanode 555a71b6-7320-443e-bd9a-47cd6ebfc0cf in the queue, number of delete block transactions: 3, TxID list: 1,2,3
2019-09-21 03:49:49,618 [SCMBlockDeletingService#1] INFO  block.SCMBlockDeletingService (SCMBlockDeletingService.java:call(182)) - Totally added 3 delete blocks command for 1 datanodes, task elapsed time: 1ms
2019-09-21 03:49:49,620 [pool-7-thread-1] INFO  commands.RetriableDatanodeEventWatcher (RetriableDatanodeEventWatcher.java:onTimeout(47)) - RetriableDatanodeCommand type=deleteBlocksCommand with id=1569037782609 timed out. Retrying.
2019-09-21 03:49:49,636 [pool-7-thread-1] INFO  commands.RetriableDatanodeEventWatcher (RetriableDatanodeEventWatcher.java:onTimeout(47)) - RetriableDatanodeCommand type=deleteBlocksCommand with id=1569037782619 timed out. Retrying.
2019-09-21 03:49:49,651 [pool-7-thread-1] INFO  commands.RetriableDatanodeEventWatcher (RetriableDatanodeEventWatcher.java:onTimeout(47)) - RetriableDatanodeCommand type=deleteBlocksCommand with id=1569037782629 timed out. Retrying.
2019-09-21 03:49:49,668 [pool-7-thread-1] INFO  commands.RetriableDatanodeEventWatcher (RetriableDatanodeEventWatcher.java:onTimeout(47)) - RetriableDatanodeCommand type=deleteBlocksCommand with id=1569037782639 timed out. Retrying.
2019-09-21 03:49:49,692 [pool-7-thread-1] INFO  commands.RetriableDatanodeEventWatcher (RetriableDatanodeEventWatcher.java:onTimeout(47)) - RetriableDatanodeCommand type=deleteBlocksCommand with id=1569037782649 timed out. Retrying.
2019-09-21 03:49:49,704 [pool-7-thread-1] INFO  commands.RetriableDatanodeEventWatcher (RetriableDatanodeEventWatcher.java:onTimeout(47)) - RetriableDatanodeCommand type=deleteBlocksCommand with id=1569037782659 timed out. Retrying.
2019-09-21 03:49:49,708 [pool-7-thread-1] INFO  commands.RetriableDatanodeEventWatcher (RetriableDatanodeEventWatcher.java:onTimeout(47)) - RetriableDatanodeCommand type=deleteBlocksCommand with id=1569037782600 timed out. Retrying.
2019-09-21 03:49:49,719 [SCMBlockDeletingService#1] DEBUG block.SCMBlockDeletingService (SCMBlockDeletingService.java:call(138)) - Running DeletedBlockTransactionScanner
2019-09-21 03:49:49,719 [SCMBlockDeletingService#1] DEBUG block.SCMBlockDeletingService (SCMBlockDeletingService.java:call(155)) - Scanned deleted blocks log and got 3 delTX to process.
2019-09-21 03:49:49,720 [SCMBlockDeletingService#1] DEBUG block.SCMBlockDeletingService (SCMBlockDeletingService.java:call(171)) - Added delete block command for datanode 555a71b6-7320-443e-bd9a-47cd6ebfc0cf in the queue, number of delete block transactions: 3, TxID list: 1,2,3
2019-09-21 03:49:49,720 [SCMBlockDeletingService#1] INFO  block.SCMBlockDeletingService (SCMBlockDeletingService.java:call(182)) - Totally added 3 delete blocks command for 1 datanodes, task elapsed time: 2ms
2019-09-21 03:49:49,724 [pool-7-thread-1] INFO  commands.RetriableDatanodeEventWatcher (RetriableDatanodeEventWatcher.java:onTimeout(47)) - RetriableDatanodeCommand type=deleteBlocksCommand with id=1569037782610 timed out. Retrying.
2019-09-21 03:49:49,738 [pool-7-thread-1] INFO  commands.RetriableDatanodeEventWatcher (RetriableDatanodeEventWatcher.java:onTimeout(47)) - RetriableDatanodeCommand type=deleteBlocksCommand with id=1569037782620 timed out. Retrying.
2019-09-21 03:49:49,753 [pool-7-thread-1] INFO  commands.RetriableDatanodeEventWatcher (RetriableDatanodeEventWatcher.java:onTimeout(47)) - RetriableDatanodeCommand type=deleteBlocksCommand with id=1569037782630 timed out. Retrying.
2019-09-21 03:49:49,770 [pool-7-thread-1] INFO  commands.RetriableDatanodeEventWatcher (RetriableDatanodeEventWatcher.java:onTimeout(47)) - RetriableDatanodeCommand type=deleteBlocksCommand with id=1569037782640 timed out. Retrying.
2019-09-21 03:49:49,792 [pool-7-thread-1] INFO  commands.RetriableDatanodeEventWatcher (RetriableDatanodeEventWatcher.java:onTimeout(47)) - RetriableDatanodeCommand type=deleteBlocksCommand with id=1569037782650 timed out. Retrying.
2019-09-21 03:49:49,805 [pool-7-thread-1] INFO  commands.RetriableDatanodeEventWatcher (RetriableDatanodeEventWatcher.java:onTimeout(47)) - RetriableDatanodeCommand type=deleteBlocksCommand with id=1569037782660 timed out. Retrying.
2019-09-21 03:49:49,808 [pool-7-thread-1] INFO  commands.RetriableDatanodeEventWatcher (RetriableDatanodeEventWatcher.java:onTimeout(47)) - RetriableDatanodeCommand type=deleteBlocksCommand with id=1569037782601 timed out. Retrying.
2019-09-21 03:49:49,820 [SCMBlockDeletingService#1] DEBUG block.SCMBlockDeletingService (SCMBlockDeletingService.java:call(138)) - Running DeletedBlockTransactionScanner
2019-09-21 03:49:49,821 [SCMBlockDeletingService#1] DEBUG block.SCMBlockDeletingService (SCMBlockDeletingService.java:call(155)) - Scanned deleted blocks log and got 3 delTX to process.
2019-09-21 03:49:49,821 [SCMBlockDeletingService#1] DEBUG block.SCMBlockDeletingService (SCMBlockDeletingService.java:call(171)) - Added delete block command for datanode 555a71b6-7320-443e-bd9a-47cd6ebfc0cf in the queue, number of delete block transactions: 3, TxID list: 1,2,3
2019-09-21 03:49:49,821 [SCMBlockDeletingService#1] INFO  block.SCMBlockDeletingService (SCMBlockDeletingService.java:call(182)) - Totally added 3 delete blocks command for 1 datanodes, task elapsed time: 1ms
2019-09-21 03:49:49,822 [pool-7-thread-1] INFO  commands.RetriableDatanodeEventWatcher (RetriableDatanodeEventWatcher.java:onTimeout(47)) - RetriableDatanodeCommand type=deleteBlocksCommand with id=1569037782611 timed out. Retrying.
2019-09-21 03:49:49,840 [pool-7-thread-1] INFO  commands.RetriableDatanodeEventWatcher (RetriableDatanodeEventWatcher.java:onTimeout(47)) - RetriableDatanodeCommand type=deleteBlocksCommand with id=1569037782621 timed out. Retrying.
2019-09-21 03:49:49,855 [pool-7-thread-1] INFO  commands.RetriableDatanodeEventWatcher (RetriableDatanodeEventWatcher.java:onTimeout(47)) - RetriableDatanodeCommand type=deleteBlocksCommand with id=1569037782631 timed out. Retrying.
2019-09-21 03:49:49,870 [pool-7-thread-1] INFO  commands.RetriableDatanodeEventWatcher (RetriableDatanodeEventWatcher.java:onTimeout(47)) - RetriableDatanodeCommand type=deleteBlocksCommand with id=1569037782641 timed out. Retrying.
2019-09-21 03:49:49,894 [pool-7-thread-1] INFO  commands.RetriableDatanodeEventWatcher (RetriableDatanodeEventWatcher.java:onTimeout(47)) - RetriableDatanodeCommand type=deleteBlocksCommand with id=1569037782651 timed out. Retrying.
2019-09-21 03:49:49,907 [pool-7-thread-1] INFO  commands.RetriableDatanodeEventWatcher (RetriableDatanodeEventWatcher.java:onTimeout(47)) - RetriableDatanodeCommand type=deleteBlocksCommand with id=1569037782661 timed out. Retrying.
2019-09-21 03:49:49,912 [pool-7-thread-1] INFO  commands.RetriableDatanodeEventWatcher (RetriableDatanodeEventWatcher.java:onTimeout(47)) - RetriableDatanodeCommand type=deleteBlocksCommand with id=1569037782602 timed out. Retrying.
2019-09-21 03:49:49,922 [SCMBlockDeletingService#1] DEBUG block.SCMBlockDeletingService (SCMBlockDeletingService.java:call(138)) - Running DeletedBlockTransactionScanner
2019-09-21 03:49:49,922 [SCMBlockDeletingService#1] DEBUG block.SCMBlockDeletingService (SCMBlockDeletingService.java:call(155)) - Scanned deleted blocks log and got 3 delTX to process.
2019-09-21 03:49:49,922 [SCMBlockDeletingService#1] DEBUG block.SCMBlockDeletingService (SCMBlockDeletingService.java:call(171)) - Added delete block command for datanode 555a71b6-7320-443e-bd9a-47cd6ebfc0cf in the queue, number of delete block transactions: 3, TxID list: 1,2,3
2019-09-21 03:49:49,923 [SCMBlockDeletingService#1] INFO  block.SCMBlockDeletingService (SCMBlockDeletingService.java:call(182)) - Totally added 3 delete blocks command for 1 datanodes, task elapsed time: 1ms
2019-09-21 03:49:49,926 [pool-7-thread-1] INFO  commands.RetriableDatanodeEventWatcher (RetriableDatanodeEventWatcher.java:onTimeout(47)) - RetriableDatanodeCommand type=deleteBlocksCommand with id=1569037782612 timed out. Retrying.
2019-09-21 03:49:49,941 [pool-7-thread-1] INFO  commands.RetriableDatanodeEventWatcher (RetriableDatanodeEventWatcher.java:onTimeout(47)) - RetriableDatanodeCommand type=deleteBlocksCommand with id=1569037782622 timed out. Retrying.
2019-09-21 03:49:49,956 [pool-7-thread-1] INFO  commands.RetriableDatanodeEventWatcher (RetriableDatanodeEventWatcher.java:onTimeout(47)) - RetriableDatanodeCommand type=deleteBlocksCommand with id=1569037782632 timed out. Retrying.
2019-09-21 03:49:49,973 [pool-7-thread-1] INFO  commands.RetriableDatanodeEventWatcher (RetriableDatanodeEventWatcher.java:onTimeout(47)) - RetriableDatanodeCommand type=deleteBlocksCommand with id=1569037782642 timed out. Retrying.
2019-09-21 03:49:49,996 [pool-7-thread-1] INFO  commands.RetriableDatanodeEventWatcher (RetriableDatanodeEventWatcher.java:onTimeout(47)) - RetriableDatanodeCommand type=deleteBlocksCommand with id=1569037782652 timed out. Retrying.
2019-09-21 03:49:50,010 [pool-7-thread-1] INFO  commands.RetriableDatanodeEventWatcher (RetriableDatanodeEventWatcher.java:onTimeout(47)) - RetriableDatanodeCommand type=deleteBlocksCommand with id=1569037782662 timed out. Retrying.
2019-09-21 03:49:50,010 [pool-7-thread-1] INFO  commands.RetriableDatanodeEventWatcher (RetriableDatanodeEventWatcher.java:onTimeout(47)) - RetriableDatanodeCommand type=deleteBlocksCommand with id=1569037782603 timed out. Retrying.
2019-09-21 03:49:50,023 [SCMBlockDeletingService#1] DEBUG block.SCMBlockDeletingService (SCMBlockDeletingService.java:call(138)) - Running DeletedBlockTransactionScanner
2019-09-21 03:49:50,024 [SCMBlockDeletingService#1] DEBUG block.SCMBlockDeletingService (SCMBlockDeletingService.java:call(155)) - Scanned deleted blocks log and got 3 delTX to process.
2019-09-21 03:49:50,024 [SCMBlockDeletingService#1] DEBUG block.SCMBlockDeletingService (SCMBlockDeletingService.java:call(171)) - Added delete block command for datanode 555a71b6-7320-443e-bd9a-47cd6ebfc0cf in the queue, number of delete block transactions: 3, TxID list: 1,2,3
2019-09-21 03:49:50,024 [SCMBlockDeletingService#1] INFO  block.SCMBlockDeletingService (SCMBlockDeletingService.java:call(182)) - Totally added 3 delete blocks command for 1 datanodes, task elapsed time: 1ms
2019-09-21 03:49:50,028 [pool-7-thread-1] INFO  commands.RetriableDatanodeEventWatcher (RetriableDatanodeEventWatcher.java:onTimeout(47)) - RetriableDatanodeCommand type=deleteBlocksCommand with id=1569037782613 timed out. Retrying.
2019-09-21 03:49:50,040 [pool-7-thread-1] INFO  commands.RetriableDatanodeEventWatcher (RetriableDatanodeEventWatcher.java:onTimeout(47)) - RetriableDatanodeCommand type=deleteBlocksCommand with id=1569037782623 timed out. Retrying.
2019-09-21 03:49:50,059 [pool-7-thread-1] INFO  commands.RetriableDatanodeEventWatcher (RetriableDatanodeEventWatcher.java:onTimeout(47)) - RetriableDatanodeCommand type=deleteBlocksCommand with id=1569037782633 timed out. Retrying.
2019-09-21 03:49:50,074 [pool-7-thread-1] INFO  commands.RetriableDatanodeEventWatcher (RetriableDatanodeEventWatcher.java:onTimeout(47)) - RetriableDatanodeCommand type=deleteBlocksCommand with id=1569037782643 timed out. Retrying.
2019-09-21 03:49:50,097 [pool-7-thread-1] INFO  commands.RetriableDatanodeEventWatcher (RetriableDatanodeEventWatcher.java:onTimeout(47)) - RetriableDatanodeCommand type=deleteBlocksCommand with id=1569037782653 timed out. Retrying.
2019-09-21 03:49:50,110 [pool-7-thread-1] INFO  commands.RetriableDatanodeEventWatcher (RetriableDatanodeEventWatcher.java:onTimeout(47)) - RetriableDatanodeCommand type=deleteBlocksCommand with id=1569037782663 timed out. Retrying.
2019-09-21 03:49:50,116 [pool-7-thread-1] INFO  commands.RetriableDatanodeEventWatcher (RetriableDatanodeEventWatcher.java:onTimeout(47)) - RetriableDatanodeCommand type=deleteBlocksCommand with id=1569037782604 timed out. Retrying.
2019-09-21 03:49:50,125 [SCMBlockDeletingService#1] DEBUG block.SCMBlockDeletingService (SCMBlockDeletingService.java:call(138)) - Running DeletedBlockTransactionScanner
2019-09-21 03:49:50,125 [SCMBlockDeletingService#1] DEBUG block.SCMBlockDeletingService (SCMBlockDeletingService.java:call(155)) - Scanned deleted blocks log and got 3 delTX to process.
2019-09-21 03:49:50,125 [SCMBlockDeletingService#1] DEBUG block.SCMBlockDeletingService (SCMBlockDeletingService.java:call(171)) - Added delete block command for datanode 555a71b6-7320-443e-bd9a-47cd6ebfc0cf in the queue, number of delete block transactions: 3, TxID list: 1,2,3
2019-09-21 03:49:50,126 [SCMBlockDeletingService#1] INFO  block.SCMBlockDeletingService (SCMBlockDeletingService.java:call(182)) - Totally added 3 delete blocks command for 1 datanodes, task elapsed time: 1ms
2019-09-21 03:49:50,127 [pool-7-thread-1] INFO  commands.RetriableDatanodeEventWatcher (RetriableDatanodeEventWatcher.java:onTimeout(47)) - RetriableDatanodeCommand type=deleteBlocksCommand with id=1569037782614 timed out. Retrying.
2019-09-21 03:49:50,145 [pool-7-thread-1] INFO  commands.RetriableDatanodeEventWatcher (RetriableDatanodeEventWatcher.java:onTimeout(47)) - RetriableDatanodeCommand type=deleteBlocksCommand with id=1569037782624 timed out. Retrying.
2019-09-21 03:49:50,157 [pool-7-thread-1] INFO  commands.RetriableDatanodeEventWatcher (RetriableDatanodeEventWatcher.java:onTimeout(47)) - RetriableDatanodeCommand type=deleteBlocksCommand with id=1569037782634 timed out. Retrying.
2019-09-21 03:49:50,177 [pool-7-thread-1] INFO  commands.RetriableDatanodeEventWatcher (RetriableDatanodeEventWatcher.java:onTimeout(47)) - RetriableDatanodeCommand type=deleteBlocksCommand with id=1569037782644 timed out. Retrying.
2019-09-21 03:49:50,199 [pool-7-thread-1] INFO  commands.RetriableDatanodeEventWatcher (RetriableDatanodeEventWatcher.java:onTimeout(47)) - RetriableDatanodeCommand type=deleteBlocksCommand with id=1569037782654 timed out. Retrying.
2019-09-21 03:49:50,212 [pool-7-thread-1] INFO  commands.RetriableDatanodeEventWatcher (RetriableDatanodeEventWatcher.java:onTimeout(47)) - RetriableDatanodeCommand type=deleteBlocksCommand with id=1569037782664 timed out. Retrying.
2019-09-21 03:49:50,216 [pool-7-thread-1] INFO  commands.RetriableDatanodeEventWatcher (RetriableDatanodeEventWatcher.java:onTimeout(47)) - RetriableDatanodeCommand type=deleteBlocksCommand with id=1569037782605 timed out. Retrying.
2019-09-21 03:49:50,226 [SCMBlockDeletingService#1] DEBUG block.SCMBlockDeletingService (SCMBlockDeletingService.java:call(138)) - Running DeletedBlockTransactionScanner
2019-09-21 03:49:50,226 [SCMBlockDeletingService#1] DEBUG block.SCMBlockDeletingService (SCMBlockDeletingService.java:call(155)) - Scanned deleted blocks log and got 3 delTX to process.
2019-09-21 03:49:50,227 [SCMBlockDeletingService#1] DEBUG block.SCMBlockDeletingService (SCMBlockDeletingService.java:call(171)) - Added delete block command for datanode 555a71b6-7320-443e-bd9a-47cd6ebfc0cf in the queue, number of delete block transactions: 3, TxID list: 1,2,3
2019-09-21 03:49:50,227 [SCMBlockDeletingService#1] INFO  block.SCMBlockDeletingService (SCMBlockDeletingService.java:call(182)) - Totally added 3 delete blocks command for 1 datanodes, task elapsed time: 1ms
2019-09-21 03:49:50,231 [pool-7-thread-1] INFO  commands.RetriableDatanodeEventWatcher (RetriableDatanodeEventWatcher.java:onTimeout(47)) - RetriableDatanodeCommand type=deleteBlocksCommand with id=1569037782615 timed out. Retrying.
2019-09-21 03:49:50,247 [pool-7-thread-1] INFO  commands.RetriableDatanodeEventWatcher (RetriableDatanodeEventWatcher.java:onTimeout(47)) - RetriableDatanodeCommand type=deleteBlocksCommand with id=1569037782625 timed out. Retrying.
2019-09-21 03:49:50,261 [pool-7-thread-1] INFO  commands.RetriableDatanodeEventWatcher (RetriableDatanodeEventWatcher.java:onTimeout(47)) - RetriableDatanodeCommand type=deleteBlocksCommand with id=1569037782635 timed out. Retrying.
2019-09-21 03:49:50,279 [pool-7-thread-1] INFO  commands.RetriableDatanodeEventWatcher (RetriableDatanodeEventWatcher.java:onTimeout(47)) - RetriableDatanodeCommand type=deleteBlocksCommand with id=1569037782645 timed out. Retrying.
2019-09-21 03:49:50,300 [pool-7-thread-1] INFO  commands.RetriableDatanodeEventWatcher (RetriableDatanodeEventWatcher.java:onTimeout(47)) - RetriableDatanodeCommand type=deleteBlocksCommand with id=1569037782655 timed out. Retrying.
2019-09-21 03:49:50,313 [pool-7-thread-1] INFO  commands.RetriableDatanodeEventWatcher (RetriableDatanodeEventWatcher.java:onTimeout(47)) - RetriableDatanodeCommand type=deleteBlocksCommand with id=1569037782665 timed out. Retrying.
2019-09-21 03:49:50,318 [pool-7-thread-1] INFO  commands.RetriableDatanodeEventWatcher (RetriableDatanodeEventWatcher.java:onTimeout(47)) - RetriableDatanodeCommand type=deleteBlocksCommand with id=1569037782606 timed out. Retrying.
2019-09-21 03:49:50,327 [SCMBlockDeletingService#1] DEBUG block.SCMBlockDeletingService (SCMBlockDeletingService.java:call(138)) - Running DeletedBlockTransactionScanner
2019-09-21 03:49:50,328 [SCMBlockDeletingService#1] DEBUG block.SCMBlockDeletingService (SCMBlockDeletingService.java:call(155)) - Scanned deleted blocks log and got 3 delTX to process.
2019-09-21 03:49:50,328 [SCMBlockDeletingService#1] DEBUG block.SCMBlockDeletingService (SCMBlockDeletingService.java:call(171)) - Added delete block command for datanode 555a71b6-7320-443e-bd9a-47cd6ebfc0cf in the queue, number of delete block transactions: 3, TxID list: 1,2,3
2019-09-21 03:49:50,328 [SCMBlockDeletingService#1] INFO  block.SCMBlockDeletingService (SCMBlockDeletingService.java:call(182)) - Totally added 3 delete blocks command for 1 datanodes, task elapsed time: 1ms
2019-09-21 03:49:50,329 [pool-7-thread-1] INFO  commands.RetriableDatanodeEventWatcher (RetriableDatanodeEventWatcher.java:onTimeout(47)) - RetriableDatanodeCommand type=deleteBlocksCommand with id=1569037782616 timed out. Retrying.
2019-09-21 03:49:50,348 [pool-7-thread-1] INFO  commands.RetriableDatanodeEventWatcher (RetriableDatanodeEventWatcher.java:onTimeout(47)) - RetriableDatanodeCommand type=deleteBlocksCommand with id=1569037782626 timed out. Retrying.
2019-09-21 03:49:50,363 [pool-7-thread-1] INFO  commands.RetriableDatanodeEventWatcher (RetriableDatanodeEventWatcher.java:onTimeout(47)) - RetriableDatanodeCommand type=deleteBlocksCommand with id=1569037782636 timed out. Retrying.
2019-09-21 03:49:50,380 [pool-7-thread-1] INFO  commands.RetriableDatanodeEventWatcher (RetriableDatanodeEventWatcher.java:onTimeout(47)) - RetriableDatanodeCommand type=deleteBlocksCommand with id=1569037782646 timed out. Retrying.
2019-09-21 03:49:50,396 [main] INFO  ozone.MiniOzoneClusterImpl (MiniOzoneClusterImpl.java:lambda$waitForClusterToBeReady$0(147)) - Waiting for cluster to be ready. Got 0 of 1 DN Heartbeats.
2019-09-21 03:49:50,400 [Datanode State Machine Thread - 0] INFO  ozoneimpl.OzoneContainer (OzoneContainer.java:start(217)) - Attempting to start container services.
2019-09-21 03:49:50,400 [Datanode State Machine Thread - 0] INFO  ozoneimpl.OzoneContainer (OzoneContainer.java:startContainerScrub(179)) - Background container scanner has been disabled.
2019-09-21 03:49:50,400 [Datanode State Machine Thread - 0] INFO  ratis.XceiverServerRatis (XceiverServerRatis.java:start(411)) - Starting XceiverServerRatis 555a71b6-7320-443e-bd9a-47cd6ebfc0cf at port 38034
2019-09-21 03:49:50,401 [pool-7-thread-1] INFO  commands.RetriableDatanodeEventWatcher (RetriableDatanodeEventWatcher.java:onTimeout(47)) - RetriableDatanodeCommand type=deleteBlocksCommand with id=1569037782656 timed out. Retrying.
2019-09-21 03:49:50,409 [Datanode State Machine Thread - 0] INFO  impl.RaftServerImpl (RaftServerImpl.java:start(185)) - 555a71b6-7320-443e-bd9a-47cd6ebfc0cf@group-A814ED1B11EB: start as a follower, conf=0: [555a71b6-7320-443e-bd9a-47cd6ebfc0cf:192.168.157.196:38034], old=null
2019-09-21 03:49:50,409 [Datanode State Machine Thread - 0] INFO  impl.RaftServerImpl (RaftServerImpl.java:setRole(174)) - 555a71b6-7320-443e-bd9a-47cd6ebfc0cf@group-A814ED1B11EB: changes role from      null to FOLLOWER at term 1 for startAsFollower
2019-09-21 03:49:50,409 [Datanode State Machine Thread - 0] INFO  impl.RoleInfo (RoleInfo.java:updateAndGet(143)) - 555a71b6-7320-443e-bd9a-47cd6ebfc0cf: start FollowerState
2019-09-21 03:49:50,410 [Datanode State Machine Thread - 0] INFO  util.JmxRegister (JmxRegister.java:tryRegister(44)) - Successfully registered JMX Bean with object name Ratis:service=RaftServer,group=group-A814ED1B11EB,id=555a71b6-7320-443e-bd9a-47cd6ebfc0cf
2019-09-21 03:49:50,411 [Datanode State Machine Thread - 0] INFO  impl.RaftServerProxy (RaftServerProxy.java:lambda$start$3(299)) - 555a71b6-7320-443e-bd9a-47cd6ebfc0cf: start RPC server
2019-09-21 03:49:50,414 [Datanode State Machine Thread - 0] INFO  server.GrpcService (GrpcService.java:startImpl(158)) - 555a71b6-7320-443e-bd9a-47cd6ebfc0cf: GrpcService started, listening on 0.0.0.0/0.0.0.0:38034
2019-09-21 03:49:50,416 [pool-7-thread-1] INFO  commands.RetriableDatanodeEventWatcher (RetriableDatanodeEventWatcher.java:onTimeout(47)) - RetriableDatanodeCommand type=deleteBlocksCommand with id=1569037782666 timed out. Retrying.
2019-09-21 03:49:50,420 [pool-7-thread-1] INFO  commands.RetriableDatanodeEventWatcher (RetriableDatanodeEventWatcher.java:onTimeout(47)) - RetriableDatanodeCommand type=deleteBlocksCommand with id=1569037782607 timed out. Retrying.
2019-09-21 03:49:50,428 [SCMBlockDeletingService#1] DEBUG block.SCMBlockDeletingService (SCMBlockDeletingService.java:call(138)) - Running DeletedBlockTransactionScanner
2019-09-21 03:49:50,429 [SCMBlockDeletingService#1] DEBUG block.SCMBlockDeletingService (SCMBlockDeletingService.java:call(155)) - Scanned deleted blocks log and got 3 delTX to process.
2019-09-21 03:49:50,429 [SCMBlockDeletingService#1] DEBUG block.SCMBlockDeletingService (SCMBlockDeletingService.java:call(171)) - Added delete block command for datanode 555a71b6-7320-443e-bd9a-47cd6ebfc0cf in the queue, number of delete block transactions: 3, TxID list: 1,2,3
2019-09-21 03:49:50,429 [SCMBlockDeletingService#1] INFO  block.SCMBlockDeletingService (SCMBlockDeletingService.java:call(182)) - Totally added 3 delete blocks command for 1 datanodes, task elapsed time: 1ms
2019-09-21 03:49:50,433 [pool-7-thread-1] INFO  commands.RetriableDatanodeEventWatcher (RetriableDatanodeEventWatcher.java:onTimeout(47)) - RetriableDatanodeCommand type=deleteBlocksCommand with id=1569037782617 timed out. Retrying.
2019-09-21 03:49:50,449 [pool-7-thread-1] INFO  commands.RetriableDatanodeEventWatcher (RetriableDatanodeEventWatcher.java:onTimeout(47)) - RetriableDatanodeCommand type=deleteBlocksCommand with id=1569037782627 timed out. Retrying.
2019-09-21 03:49:50,464 [pool-7-thread-1] INFO  commands.RetriableDatanodeEventWatcher (RetriableDatanodeEventWatcher.java:onTimeout(47)) - RetriableDatanodeCommand type=deleteBlocksCommand with id=1569037782637 timed out. Retrying.
2019-09-21 03:49:50,483 [pool-7-thread-1] INFO  commands.RetriableDatanodeEventWatcher (RetriableDatanodeEventWatcher.java:onTimeout(47)) - RetriableDatanodeCommand type=deleteBlocksCommand with id=1569037782647 timed out. Retrying.
2019-09-21 03:49:50,501 [pool-7-thread-1] INFO  commands.RetriableDatanodeEventWatcher (RetriableDatanodeEventWatcher.java:onTimeout(47)) - RetriableDatanodeCommand type=deleteBlocksCommand with id=1569037782657 timed out. Retrying.
2019-09-21 03:49:50,517 [pool-7-thread-1] INFO  commands.RetriableDatanodeEventWatcher (RetriableDatanodeEventWatcher.java:onTimeout(47)) - RetriableDatanodeCommand type=deleteBlocksCommand with id=1569037782667 timed out. Retrying.
2019-09-21 03:49:50,520 [pool-7-thread-1] INFO  commands.RetriableDatanodeEventWatcher (RetriableDatanodeEventWatcher.java:onTimeout(47)) - RetriableDatanodeCommand type=deleteBlocksCommand with id=1569037782608 timed out. Retrying.
2019-09-21 03:49:50,530 [SCMBlockDeletingService#1] DEBUG block.SCMBlockDeletingService (SCMBlockDeletingService.java:call(138)) - Running DeletedBlockTransactionScanner
2019-09-21 03:49:50,530 [SCMBlockDeletingService#1] DEBUG block.SCMBlockDeletingService (SCMBlockDeletingService.java:call(155)) - Scanned deleted blocks log and got 3 delTX to process.
2019-09-21 03:49:50,531 [SCMBlockDeletingService#1] DEBUG block.SCMBlockDeletingService (SCMBlockDeletingService.java:call(171)) - Added delete block command for datanode 555a71b6-7320-443e-bd9a-47cd6ebfc0cf in the queue, number of delete block transactions: 3, TxID list: 1,2,3
2019-09-21 03:49:50,531 [SCMBlockDeletingService#1] INFO  block.SCMBlockDeletingService (SCMBlockDeletingService.java:call(182)) - Totally added 3 delete blocks command for 1 datanodes, task elapsed time: 2ms
2019-09-21 03:49:50,535 [pool-7-thread-1] INFO  commands.RetriableDatanodeEventWatcher (RetriableDatanodeEventWatcher.java:onTimeout(47)) - RetriableDatanodeCommand type=deleteBlocksCommand with id=1569037782618 timed out. Retrying.
2019-09-21 03:49:50,550 [pool-7-thread-1] INFO  commands.RetriableDatanodeEventWatcher (RetriableDatanodeEventWatcher.java:onTimeout(47)) - RetriableDatanodeCommand type=deleteBlocksCommand with id=1569037782628 timed out. Retrying.
2019-09-21 03:49:50,567 [pool-7-thread-1] INFO  commands.RetriableDatanodeEventWatcher (RetriableDatanodeEventWatcher.java:onTimeout(47)) - RetriableDatanodeCommand type=deleteBlocksCommand with id=1569037782638 timed out. Retrying.
2019-09-21 03:49:50,584 [pool-7-thread-1] INFO  commands.RetriableDatanodeEventWatcher (RetriableDatanodeEventWatcher.java:onTimeout(47)) - RetriableDatanodeCommand type=deleteBlocksCommand with id=1569037782648 timed out. Retrying.
2019-09-21 03:49:50,604 [pool-7-thread-1] INFO  commands.RetriableDatanodeEventWatcher (RetriableDatanodeEventWatcher.java:onTimeout(47)) - RetriableDatanodeCommand type=deleteBlocksCommand with id=1569037782658 timed out. Retrying.
2019-09-21 03:49:50,606 [pool-7-thread-1] INFO  commands.RetriableDatanodeEventWatcher (RetriableDatanodeEventWatcher.java:onTimeout(47)) - RetriableDatanodeCommand type=deleteBlocksCommand with id=1569037782599 timed out. Retrying.
2019-09-21 03:49:50,618 [pool-7-thread-1] INFO  commands.RetriableDatanodeEventWatcher (RetriableDatanodeEventWatcher.java:onTimeout(47)) - RetriableDatanodeCommand type=deleteBlocksCommand with id=1569037782668 timed out. Retrying.
2019-09-21 03:49:50,621 [pool-7-thread-1] INFO  commands.RetriableDatanodeEventWatcher (RetriableDatanodeEventWatcher.java:onTimeout(47)) - RetriableDatanodeCommand type=deleteBlocksCommand with id=1569037782609 timed out. Retrying.
2019-09-21 03:49:50,631 [SCMBlockDeletingService#1] DEBUG block.SCMBlockDeletingService (SCMBlockDeletingService.java:call(138)) - Running DeletedBlockTransactionScanner
2019-09-21 03:49:50,632 [SCMBlockDeletingService#1] DEBUG block.SCMBlockDeletingService (SCMBlockDeletingService.java:call(155)) - Scanned deleted blocks log and got 3 delTX to process.
2019-09-21 03:49:50,632 [SCMBlockDeletingService#1] DEBUG block.SCMBlockDeletingService (SCMBlockDeletingService.java:call(171)) - Added delete block command for datanode 555a71b6-7320-443e-bd9a-47cd6ebfc0cf in the queue, number of delete block transactions: 3, TxID list: 1,2,3
2019-09-21 03:49:50,632 [SCMBlockDeletingService#1] INFO  block.SCMBlockDeletingService (SCMBlockDeletingService.java:call(182)) - Totally added 3 delete blocks command for 1 datanodes, task elapsed time: 1ms
2019-09-21 03:49:50,636 [pool-7-thread-1] INFO  commands.RetriableDatanodeEventWatcher (RetriableDatanodeEventWatcher.java:onTimeout(47)) - RetriableDatanodeCommand type=deleteBlocksCommand with id=1569037782619 timed out. Retrying.
2019-09-21 03:49:50,652 [pool-7-thread-1] INFO  commands.RetriableDatanodeEventWatcher (RetriableDatanodeEventWatcher.java:onTimeout(47)) - RetriableDatanodeCommand type=deleteBlocksCommand with id=1569037782629 timed out. Retrying.
2019-09-21 03:49:50,668 [pool-7-thread-1] INFO  commands.RetriableDatanodeEventWatcher (RetriableDatanodeEventWatcher.java:onTimeout(47)) - RetriableDatanodeCommand type=deleteBlocksCommand with id=1569037782639 timed out. Retrying.
2019-09-21 03:49:50,693 [pool-7-thread-1] INFO  commands.RetriableDatanodeEventWatcher (RetriableDatanodeEventWatcher.java:onTimeout(47)) - RetriableDatanodeCommand type=deleteBlocksCommand with id=1569037782649 timed out. Retrying.
2019-09-21 03:49:50,704 [pool-7-thread-1] INFO  commands.RetriableDatanodeEventWatcher (RetriableDatanodeEventWatcher.java:onTimeout(47)) - RetriableDatanodeCommand type=deleteBlocksCommand with id=1569037782659 timed out. Retrying.
2019-09-21 03:49:50,709 [pool-7-thread-1] INFO  commands.RetriableDatanodeEventWatcher (RetriableDatanodeEventWatcher.java:onTimeout(47)) - RetriableDatanodeCommand type=deleteBlocksCommand with id=1569037782600 timed out. Retrying.
2019-09-21 03:49:50,719 [pool-7-thread-1] INFO  commands.RetriableDatanodeEventWatcher (RetriableDatanodeEventWatcher.java:onTimeout(47)) - RetriableDatanodeCommand type=deleteBlocksCommand with id=1569037782669 timed out. Retrying.
2019-09-21 03:49:50,725 [pool-7-thread-1] INFO  commands.RetriableDatanodeEventWatcher (RetriableDatanodeEventWatcher.java:onTimeout(47)) - RetriableDatanodeCommand type=deleteBlocksCommand with id=1569037782610 timed out. Retrying.
2019-09-21 03:49:50,733 [SCMBlockDeletingService#1] DEBUG block.SCMBlockDeletingService (SCMBlockDeletingService.java:call(138)) - Running DeletedBlockTransactionScanner
2019-09-21 03:49:50,734 [SCMBlockDeletingService#1] DEBUG block.SCMBlockDeletingService (SCMBlockDeletingService.java:call(155)) - Scanned deleted blocks log and got 3 delTX to process.
2019-09-21 03:49:50,734 [SCMBlockDeletingService#1] DEBUG block.SCMBlockDeletingService (SCMBlockDeletingService.java:call(171)) - Added delete block command for datanode 555a71b6-7320-443e-bd9a-47cd6ebfc0cf in the queue, number of delete block transactions: 3, TxID list: 1,2,3
2019-09-21 03:49:50,735 [SCMBlockDeletingService#1] INFO  block.SCMBlockDeletingService (SCMBlockDeletingService.java:call(182)) - Totally added 3 delete blocks command for 1 datanodes, task elapsed time: 2ms
2019-09-21 03:49:50,738 [pool-7-thread-1] INFO  commands.RetriableDatanodeEventWatcher (RetriableDatanodeEventWatcher.java:onTimeout(47)) - RetriableDatanodeCommand type=deleteBlocksCommand with id=1569037782620 timed out. Retrying.
2019-09-21 03:49:50,754 [pool-7-thread-1] INFO  commands.RetriableDatanodeEventWatcher (RetriableDatanodeEventWatcher.java:onTimeout(47)) - RetriableDatanodeCommand type=deleteBlocksCommand with id=1569037782630 timed out. Retrying.
2019-09-21 03:49:50,770 [pool-7-thread-1] INFO  commands.RetriableDatanodeEventWatcher (RetriableDatanodeEventWatcher.java:onTimeout(47)) - RetriableDatanodeCommand type=deleteBlocksCommand with id=1569037782640 timed out. Retrying.
2019-09-21 03:49:50,792 [pool-7-thread-1] INFO  commands.RetriableDatanodeEventWatcher (RetriableDatanodeEventWatcher.java:onTimeout(47)) - RetriableDatanodeCommand type=deleteBlocksCommand with id=1569037782650 timed out. Retrying.
2019-09-21 03:49:50,806 [pool-7-thread-1] INFO  commands.RetriableDatanodeEventWatcher (RetriableDatanodeEventWatcher.java:onTimeout(47)) - RetriableDatanodeCommand type=deleteBlocksCommand with id=1569037782660 timed out. Retrying.
2019-09-21 03:49:50,808 [pool-7-thread-1] INFO  commands.RetriableDatanodeEventWatcher (RetriableDatanodeEventWatcher.java:onTimeout(47)) - RetriableDatanodeCommand type=deleteBlocksCommand with id=1569037782601 timed out. Retrying.
2019-09-21 03:49:50,822 [pool-7-thread-1] INFO  commands.RetriableDatanodeEventWatcher (RetriableDatanodeEventWatcher.java:onTimeout(47)) - RetriableDatanodeCommand type=deleteBlocksCommand with id=1569037782670 timed out. Retrying.
2019-09-21 03:49:50,822 [pool-7-thread-1] INFO  commands.RetriableDatanodeEventWatcher (RetriableDatanodeEventWatcher.java:onTimeout(47)) - RetriableDatanodeCommand type=deleteBlocksCommand with id=1569037782611 timed out. Retrying.
2019-09-21 03:49:50,835 [SCMBlockDeletingService#1] DEBUG block.SCMBlockDeletingService (SCMBlockDeletingService.java:call(138)) - Running DeletedBlockTransactionScanner
2019-09-21 03:49:50,836 [SCMBlockDeletingService#1] DEBUG block.SCMBlockDeletingService (SCMBlockDeletingService.java:call(155)) - Scanned deleted blocks log and got 3 delTX to process.
2019-09-21 03:49:50,836 [SCMBlockDeletingService#1] DEBUG block.SCMBlockDeletingService (SCMBlockDeletingService.java:call(171)) - Added delete block command for datanode 555a71b6-7320-443e-bd9a-47cd6ebfc0cf in the queue, number of delete block transactions: 3, TxID list: 1,2,3
2019-09-21 03:49:50,836 [SCMBlockDeletingService#1] INFO  block.SCMBlockDeletingService (SCMBlockDeletingService.java:call(182)) - Totally added 3 delete blocks command for 1 datanodes, task elapsed time: 1ms
2019-09-21 03:49:50,840 [pool-7-thread-1] INFO  commands.RetriableDatanodeEventWatcher (RetriableDatanodeEventWatcher.java:onTimeout(47)) - RetriableDatanodeCommand type=deleteBlocksCommand with id=1569037782621 timed out. Retrying.
2019-09-21 03:49:50,855 [pool-7-thread-1] INFO  commands.RetriableDatanodeEventWatcher (RetriableDatanodeEventWatcher.java:onTimeout(47)) - RetriableDatanodeCommand type=deleteBlocksCommand with id=1569037782631 timed out. Retrying.
2019-09-21 03:49:50,870 [pool-7-thread-1] INFO  commands.RetriableDatanodeEventWatcher (RetriableDatanodeEventWatcher.java:onTimeout(47)) - RetriableDatanodeCommand type=deleteBlocksCommand with id=1569037782641 timed out. Retrying.
2019-09-21 03:49:50,895 [pool-7-thread-1] INFO  commands.RetriableDatanodeEventWatcher (RetriableDatanodeEventWatcher.java:onTimeout(47)) - RetriableDatanodeCommand type=deleteBlocksCommand with id=1569037782651 timed out. Retrying.
2019-09-21 03:49:50,907 [pool-7-thread-1] INFO  commands.RetriableDatanodeEventWatcher (RetriableDatanodeEventWatcher.java:onTimeout(47)) - RetriableDatanodeCommand type=deleteBlocksCommand with id=1569037782661 timed out. Retrying.
2019-09-21 03:49:50,913 [pool-7-thread-1] INFO  commands.RetriableDatanodeEventWatcher (RetriableDatanodeEventWatcher.java:onTimeout(47)) - RetriableDatanodeCommand type=deleteBlocksCommand with id=1569037782602 timed out. Retrying.
2019-09-21 03:49:50,923 [pool-7-thread-1] INFO  commands.RetriableDatanodeEventWatcher (RetriableDatanodeEventWatcher.java:onTimeout(47)) - RetriableDatanodeCommand type=deleteBlocksCommand with id=1569037782671 timed out. Retrying.
2019-09-21 03:49:50,926 [pool-7-thread-1] INFO  commands.RetriableDatanodeEventWatcher (RetriableDatanodeEventWatcher.java:onTimeout(47)) - RetriableDatanodeCommand type=deleteBlocksCommand with id=1569037782612 timed out. Retrying.
2019-09-21 03:49:50,937 [SCMBlockDeletingService#1] DEBUG block.SCMBlockDeletingService (SCMBlockDeletingService.java:call(138)) - Running DeletedBlockTransactionScanner
2019-09-21 03:49:50,937 [SCMBlockDeletingService#1] DEBUG block.SCMBlockDeletingService (SCMBlockDeletingService.java:call(155)) - Scanned deleted blocks log and got 3 delTX to process.
2019-09-21 03:49:50,937 [SCMBlockDeletingService#1] DEBUG block.SCMBlockDeletingService (SCMBlockDeletingService.java:call(171)) - Added delete block command for datanode 555a71b6-7320-443e-bd9a-47cd6ebfc0cf in the queue, number of delete block transactions: 3, TxID list: 1,2,3
2019-09-21 03:49:50,937 [SCMBlockDeletingService#1] INFO  block.SCMBlockDeletingService (SCMBlockDeletingService.java:call(182)) - Totally added 3 delete blocks command for 1 datanodes, task elapsed time: 1ms
2019-09-21 03:49:50,942 [pool-7-thread-1] INFO  commands.RetriableDatanodeEventWatcher (RetriableDatanodeEventWatcher.java:onTimeout(47)) - RetriableDatanodeCommand type=deleteBlocksCommand with id=1569037782622 timed out. Retrying.
2019-09-21 03:49:50,956 [pool-7-thread-1] INFO  commands.RetriableDatanodeEventWatcher (RetriableDatanodeEventWatcher.java:onTimeout(47)) - RetriableDatanodeCommand type=deleteBlocksCommand with id=1569037782632 timed out. Retrying.
2019-09-21 03:49:50,974 [pool-7-thread-1] INFO  commands.RetriableDatanodeEventWatcher (RetriableDatanodeEventWatcher.java:onTimeout(47)) - RetriableDatanodeCommand type=deleteBlocksCommand with id=1569037782642 timed out. Retrying.
2019-09-21 03:49:50,996 [pool-7-thread-1] INFO  commands.RetriableDatanodeEventWatcher (RetriableDatanodeEventWatcher.java:onTimeout(47)) - RetriableDatanodeCommand type=deleteBlocksCommand with id=1569037782652 timed out. Retrying.
2019-09-21 03:49:51,011 [pool-7-thread-1] INFO  commands.RetriableDatanodeEventWatcher (RetriableDatanodeEventWatcher.java:onTimeout(47)) - RetriableDatanodeCommand type=deleteBlocksCommand with id=1569037782662 timed out. Retrying.
2019-09-21 03:49:51,011 [pool-7-thread-2] INFO  commands.RetriableDatanodeEventWatcher (RetriableDatanodeEventWatcher.java:onTimeout(47)) - RetriableDatanodeCommand type=deleteBlocksCommand with id=1569037782603 timed out. Retrying.
2019-09-21 03:49:51,024 [pool-7-thread-2] INFO  commands.RetriableDatanodeEventWatcher (RetriableDatanodeEventWatcher.java:onTimeout(47)) - RetriableDatanodeCommand type=deleteBlocksCommand with id=1569037782672 timed out. Retrying.
2019-09-21 03:49:51,029 [pool-7-thread-2] INFO  commands.RetriableDatanodeEventWatcher (RetriableDatanodeEventWatcher.java:onTimeout(47)) - RetriableDatanodeCommand type=deleteBlocksCommand with id=1569037782613 timed out. Retrying.
2019-09-21 03:49:51,038 [SCMBlockDeletingService#1] DEBUG block.SCMBlockDeletingService (SCMBlockDeletingService.java:call(138)) - Running DeletedBlockTransactionScanner
2019-09-21 03:49:51,038 [SCMBlockDeletingService#1] DEBUG block.SCMBlockDeletingService (SCMBlockDeletingService.java:call(155)) - Scanned deleted blocks log and got 3 delTX to process.
2019-09-21 03:49:51,039 [SCMBlockDeletingService#1] DEBUG block.SCMBlockDeletingService (SCMBlockDeletingService.java:call(171)) - Added delete block command for datanode 555a71b6-7320-443e-bd9a-47cd6ebfc0cf in the queue, number of delete block transactions: 3, TxID list: 1,2,3
2019-09-21 03:49:51,039 [SCMBlockDeletingService#1] INFO  block.SCMBlockDeletingService (SCMBlockDeletingService.java:call(182)) - Totally added 3 delete blocks command for 1 datanodes, task elapsed time: 1ms
2019-09-21 03:49:51,041 [pool-7-thread-2] INFO  commands.RetriableDatanodeEventWatcher (RetriableDatanodeEventWatcher.java:onTimeout(47)) - RetriableDatanodeCommand type=deleteBlocksCommand with id=1569037782623 timed out. Retrying.
2019-09-21 03:49:51,060 [pool-7-thread-2] INFO  commands.RetriableDatanodeEventWatcher (RetriableDatanodeEventWatcher.java:onTimeout(47)) - RetriableDatanodeCommand type=deleteBlocksCommand with id=1569037782633 timed out. Retrying.
2019-09-21 03:49:51,075 [pool-7-thread-2] INFO  commands.RetriableDatanodeEventWatcher (RetriableDatanodeEventWatcher.java:onTimeout(47)) - RetriableDatanodeCommand type=deleteBlocksCommand with id=1569037782643 timed out. Retrying.
2019-09-21 03:49:51,098 [pool-7-thread-2] INFO  commands.RetriableDatanodeEventWatcher (RetriableDatanodeEventWatcher.java:onTimeout(47)) - RetriableDatanodeCommand type=deleteBlocksCommand with id=1569037782653 timed out. Retrying.
2019-09-21 03:49:51,111 [pool-7-thread-2] INFO  commands.RetriableDatanodeEventWatcher (RetriableDatanodeEventWatcher.java:onTimeout(47)) - RetriableDatanodeCommand type=deleteBlocksCommand with id=1569037782663 timed out. Retrying.
2019-09-21 03:49:51,115 [pool-7-thread-2] INFO  commands.RetriableDatanodeEventWatcher (RetriableDatanodeEventWatcher.java:onTimeout(47)) - RetriableDatanodeCommand type=deleteBlocksCommand with id=1569037782604 timed out. Retrying.
2019-09-21 03:49:51,126 [pool-7-thread-2] INFO  commands.RetriableDatanodeEventWatcher (RetriableDatanodeEventWatcher.java:onTimeout(47)) - RetriableDatanodeCommand type=deleteBlocksCommand with id=1569037782673 timed out. Retrying.
2019-09-21 03:49:51,127 [pool-7-thread-2] INFO  commands.RetriableDatanodeEventWatcher (RetriableDatanodeEventWatcher.java:onTimeout(47)) - RetriableDatanodeCommand type=deleteBlocksCommand with id=1569037782614 timed out. Retrying.
2019-09-21 03:49:51,139 [SCMBlockDeletingService#1] DEBUG block.SCMBlockDeletingService (SCMBlockDeletingService.java:call(138)) - Running DeletedBlockTransactionScanner
2019-09-21 03:49:51,140 [SCMBlockDeletingService#1] DEBUG block.SCMBlockDeletingService (SCMBlockDeletingService.java:call(155)) - Scanned deleted blocks log and got 3 delTX to process.
2019-09-21 03:49:51,140 [SCMBlockDeletingService#1] DEBUG block.SCMBlockDeletingService (SCMBlockDeletingService.java:call(171)) - Added delete block command for datanode 555a71b6-7320-443e-bd9a-47cd6ebfc0cf in the queue, number of delete block transactions: 3, TxID list: 1,2,3
2019-09-21 03:49:51,140 [SCMBlockDeletingService#1] INFO  block.SCMBlockDeletingService (SCMBlockDeletingService.java:call(182)) - Totally added 3 delete blocks command for 1 datanodes, task elapsed time: 1ms
2019-09-21 03:49:51,145 [pool-7-thread-2] INFO  commands.RetriableDatanodeEventWatcher (RetriableDatanodeEventWatcher.java:onTimeout(47)) - RetriableDatanodeCommand type=deleteBlocksCommand with id=1569037782624 timed out. Retrying.
2019-09-21 03:49:51,158 [pool-7-thread-2] INFO  commands.RetriableDatanodeEventWatcher (RetriableDatanodeEventWatcher.java:onTimeout(47)) - RetriableDatanodeCommand type=deleteBlocksCommand with id=1569037782634 timed out. Retrying.
2019-09-21 03:49:51,177 [pool-7-thread-2] INFO  commands.RetriableDatanodeEventWatcher (RetriableDatanodeEventWatcher.java:onTimeout(47)) - RetriableDatanodeCommand type=deleteBlocksCommand with id=1569037782644 timed out. Retrying.
2019-09-21 03:49:51,199 [pool-7-thread-2] INFO  commands.RetriableDatanodeEventWatcher (RetriableDatanodeEventWatcher.java:onTimeout(47)) - RetriableDatanodeCommand type=deleteBlocksCommand with id=1569037782654 timed out. Retrying.
2019-09-21 03:49:51,212 [pool-7-thread-2] INFO  commands.RetriableDatanodeEventWatcher (RetriableDatanodeEventWatcher.java:onTimeout(47)) - RetriableDatanodeCommand type=deleteBlocksCommand with id=1569037782664 timed out. Retrying.
2019-09-21 03:49:51,217 [pool-7-thread-2] INFO  commands.RetriableDatanodeEventWatcher (RetriableDatanodeEventWatcher.java:onTimeout(47)) - RetriableDatanodeCommand type=deleteBlocksCommand with id=1569037782605 timed out. Retrying.
2019-09-21 03:49:51,226 [pool-7-thread-2] INFO  commands.RetriableDatanodeEventWatcher (RetriableDatanodeEventWatcher.java:onTimeout(47)) - RetriableDatanodeCommand type=deleteBlocksCommand with id=1569037782674 timed out. Retrying.
2019-09-21 03:49:51,232 [pool-7-thread-2] INFO  commands.RetriableDatanodeEventWatcher (RetriableDatanodeEventWatcher.java:onTimeout(47)) - RetriableDatanodeCommand type=deleteBlocksCommand with id=1569037782615 timed out. Retrying.
2019-09-21 03:49:51,241 [SCMBlockDeletingService#1] DEBUG block.SCMBlockDeletingService (SCMBlockDeletingService.java:call(138)) - Running DeletedBlockTransactionScanner
2019-09-21 03:49:51,241 [SCMBlockDeletingService#1] DEBUG block.SCMBlockDeletingService (SCMBlockDeletingService.java:call(155)) - Scanned deleted blocks log and got 3 delTX to process.
2019-09-21 03:49:51,241 [SCMBlockDeletingService#1] DEBUG block.SCMBlockDeletingService (SCMBlockDeletingService.java:call(171)) - Added delete block command for datanode 555a71b6-7320-443e-bd9a-47cd6ebfc0cf in the queue, number of delete block transactions: 3, TxID list: 1,2,3
2019-09-21 03:49:51,242 [SCMBlockDeletingService#1] INFO  block.SCMBlockDeletingService (SCMBlockDeletingService.java:call(182)) - Totally added 3 delete blocks command for 1 datanodes, task elapsed time: 1ms
2019-09-21 03:49:51,248 [pool-7-thread-2] INFO  commands.RetriableDatanodeEventWatcher (RetriableDatanodeEventWatcher.java:onTimeout(47)) - RetriableDatanodeCommand type=deleteBlocksCommand with id=1569037782625 timed out. Retrying.
2019-09-21 03:49:51,260 [pool-7-thread-2] INFO  commands.RetriableDatanodeEventWatcher (RetriableDatanodeEventWatcher.java:onTimeout(47)) - RetriableDatanodeCommand type=deleteBlocksCommand with id=1569037782635 timed out. Retrying.
2019-09-21 03:49:51,280 [pool-7-thread-2] INFO  commands.RetriableDatanodeEventWatcher (RetriableDatanodeEventWatcher.java:onTimeout(47)) - RetriableDatanodeCommand type=deleteBlocksCommand with id=1569037782645 timed out. Retrying.
2019-09-21 03:49:51,301 [pool-7-thread-2] INFO  commands.RetriableDatanodeEventWatcher (RetriableDatanodeEventWatcher.java:onTimeout(47)) - RetriableDatanodeCommand type=deleteBlocksCommand with id=1569037782655 timed out. Retrying.
2019-09-21 03:49:51,313 [pool-7-thread-2] INFO  commands.RetriableDatanodeEventWatcher (RetriableDatanodeEventWatcher.java:onTimeout(47)) - RetriableDatanodeCommand type=deleteBlocksCommand with id=1569037782665 timed out. Retrying.
2019-09-21 03:49:51,319 [pool-7-thread-2] INFO  commands.RetriableDatanodeEventWatcher (RetriableDatanodeEventWatcher.java:onTimeout(47)) - RetriableDatanodeCommand type=deleteBlocksCommand with id=1569037782606 timed out. Retrying.
2019-09-21 03:49:51,328 [pool-7-thread-2] INFO  commands.RetriableDatanodeEventWatcher (RetriableDatanodeEventWatcher.java:onTimeout(47)) - RetriableDatanodeCommand type=deleteBlocksCommand with id=1569037782675 timed out. Retrying.
2019-09-21 03:49:51,330 [pool-7-thread-2] INFO  commands.RetriableDatanodeEventWatcher (RetriableDatanodeEventWatcher.java:onTimeout(47)) - RetriableDatanodeCommand type=deleteBlocksCommand with id=1569037782616 timed out. Retrying.
2019-09-21 03:49:51,342 [SCMBlockDeletingService#1] DEBUG block.SCMBlockDeletingService (SCMBlockDeletingService.java:call(138)) - Running DeletedBlockTransactionScanner
2019-09-21 03:49:51,343 [SCMBlockDeletingService#1] DEBUG block.SCMBlockDeletingService (SCMBlockDeletingService.java:call(155)) - Scanned deleted blocks log and got 3 delTX to process.
2019-09-21 03:49:51,343 [SCMBlockDeletingService#1] DEBUG block.SCMBlockDeletingService (SCMBlockDeletingService.java:call(171)) - Added delete block command for datanode 555a71b6-7320-443e-bd9a-47cd6ebfc0cf in the queue, number of delete block transactions: 3, TxID list: 1,2,3
2019-09-21 03:49:51,343 [SCMBlockDeletingService#1] INFO  block.SCMBlockDeletingService (SCMBlockDeletingService.java:call(182)) - Totally added 3 delete blocks command for 1 datanodes, task elapsed time: 1ms
2019-09-21 03:49:51,348 [pool-7-thread-2] INFO  commands.RetriableDatanodeEventWatcher (RetriableDatanodeEventWatcher.java:onTimeout(47)) - RetriableDatanodeCommand type=deleteBlocksCommand with id=1569037782626 timed out. Retrying.
2019-09-21 03:49:51,364 [pool-7-thread-2] INFO  commands.RetriableDatanodeEventWatcher (RetriableDatanodeEventWatcher.java:onTimeout(47)) - RetriableDatanodeCommand type=deleteBlocksCommand with id=1569037782636 timed out. Retrying.
2019-09-21 03:49:51,381 [pool-7-thread-2] INFO  commands.RetriableDatanodeEventWatcher (RetriableDatanodeEventWatcher.java:onTimeout(47)) - RetriableDatanodeCommand type=deleteBlocksCommand with id=1569037782646 timed out. Retrying.
2019-09-21 03:49:51,396 [main] INFO  ozone.MiniOzoneClusterImpl (MiniOzoneClusterImpl.java:lambda$waitForClusterToBeReady$0(147)) - Waiting for cluster to be ready. Got 0 of 1 DN Heartbeats.
2019-09-21 03:49:51,401 [pool-7-thread-2] INFO  commands.RetriableDatanodeEventWatcher (RetriableDatanodeEventWatcher.java:onTimeout(47)) - RetriableDatanodeCommand type=deleteBlocksCommand with id=1569037782656 timed out. Retrying.
2019-09-21 03:49:51,417 [pool-7-thread-2] INFO  commands.RetriableDatanodeEventWatcher (RetriableDatanodeEventWatcher.java:onTimeout(47)) - RetriableDatanodeCommand type=deleteBlocksCommand with id=1569037782666 timed out. Retrying.
2019-09-21 03:49:51,420 [pool-7-thread-2] INFO  commands.RetriableDatanodeEventWatcher (RetriableDatanodeEventWatcher.java:onTimeout(47)) - RetriableDatanodeCommand type=deleteBlocksCommand with id=1569037782607 timed out. Retrying.
2019-09-21 03:49:51,430 [pool-7-thread-2] INFO  commands.RetriableDatanodeEventWatcher (RetriableDatanodeEventWatcher.java:onTimeout(47)) - RetriableDatanodeCommand type=deleteBlocksCommand with id=1569037782676 timed out. Retrying.
2019-09-21 03:49:51,433 [pool-7-thread-2] INFO  commands.RetriableDatanodeEventWatcher (RetriableDatanodeEventWatcher.java:onTimeout(47)) - RetriableDatanodeCommand type=deleteBlocksCommand with id=1569037782617 timed out. Retrying.
2019-09-21 03:49:51,444 [SCMBlockDeletingService#1] DEBUG block.SCMBlockDeletingService (SCMBlockDeletingService.java:call(138)) - Running DeletedBlockTransactionScanner
2019-09-21 03:49:51,444 [SCMBlockDeletingService#1] DEBUG block.SCMBlockDeletingService (SCMBlockDeletingService.java:call(155)) - Scanned deleted blocks log and got 3 delTX to process.
2019-09-21 03:49:51,445 [SCMBlockDeletingService#1] DEBUG block.SCMBlockDeletingService (SCMBlockDeletingService.java:call(171)) - Added delete block command for datanode 555a71b6-7320-443e-bd9a-47cd6ebfc0cf in the queue, number of delete block transactions: 3, TxID list: 1,2,3
2019-09-21 03:49:51,445 [SCMBlockDeletingService#1] INFO  block.SCMBlockDeletingService (SCMBlockDeletingService.java:call(182)) - Totally added 3 delete blocks command for 1 datanodes, task elapsed time: 2ms
2019-09-21 03:49:51,450 [pool-7-thread-2] INFO  commands.RetriableDatanodeEventWatcher (RetriableDatanodeEventWatcher.java:onTimeout(47)) - RetriableDatanodeCommand type=deleteBlocksCommand with id=1569037782627 timed out. Retrying.
2019-09-21 03:49:51,464 [pool-7-thread-2] INFO  commands.RetriableDatanodeEventWatcher (RetriableDatanodeEventWatcher.java:onTimeout(47)) - RetriableDatanodeCommand type=deleteBlocksCommand with id=1569037782637 timed out. Retrying.
2019-09-21 03:49:51,484 [pool-7-thread-2] INFO  commands.RetriableDatanodeEventWatcher (RetriableDatanodeEventWatcher.java:onTimeout(47)) - RetriableDatanodeCommand type=deleteBlocksCommand with id=1569037782647 timed out. Retrying.
2019-09-21 03:49:51,502 [pool-7-thread-2] INFO  commands.RetriableDatanodeEventWatcher (RetriableDatanodeEventWatcher.java:onTimeout(47)) - RetriableDatanodeCommand type=deleteBlocksCommand with id=1569037782657 timed out. Retrying.
2019-09-21 03:49:51,518 [pool-7-thread-2] INFO  commands.RetriableDatanodeEventWatcher (RetriableDatanodeEventWatcher.java:onTimeout(47)) - RetriableDatanodeCommand type=deleteBlocksCommand with id=1569037782667 timed out. Retrying.
2019-09-21 03:49:51,521 [pool-7-thread-2] INFO  commands.RetriableDatanodeEventWatcher (RetriableDatanodeEventWatcher.java:onTimeout(47)) - RetriableDatanodeCommand type=deleteBlocksCommand with id=1569037782608 timed out. Retrying.
2019-09-21 03:49:51,531 [pool-7-thread-2] INFO  commands.RetriableDatanodeEventWatcher (RetriableDatanodeEventWatcher.java:onTimeout(47)) - RetriableDatanodeCommand type=deleteBlocksCommand with id=1569037782677 timed out. Retrying.
2019-09-21 03:49:51,535 [pool-7-thread-2] INFO  commands.RetriableDatanodeEventWatcher (RetriableDatanodeEventWatcher.java:onTimeout(47)) - RetriableDatanodeCommand type=deleteBlocksCommand with id=1569037782618 timed out. Retrying.
2019-09-21 03:49:51,545 [SCMBlockDeletingService#1] DEBUG block.SCMBlockDeletingService (SCMBlockDeletingService.java:call(138)) - Running DeletedBlockTransactionScanner
2019-09-21 03:49:51,546 [SCMBlockDeletingService#1] DEBUG block.SCMBlockDeletingService (SCMBlockDeletingService.java:call(155)) - Scanned deleted blocks log and got 3 delTX to process.
2019-09-21 03:49:51,546 [SCMBlockDeletingService#1] DEBUG block.SCMBlockDeletingService (SCMBlockDeletingService.java:call(171)) - Added delete block command for datanode 555a71b6-7320-443e-bd9a-47cd6ebfc0cf in the queue, number of delete block transactions: 3, TxID list: 1,2,3
2019-09-21 03:49:51,547 [SCMBlockDeletingService#1] INFO  block.SCMBlockDeletingService (SCMBlockDeletingService.java:call(182)) - Totally added 3 delete blocks command for 1 datanodes, task elapsed time: 1ms
2019-09-21 03:49:51,550 [pool-7-thread-2] INFO  commands.RetriableDatanodeEventWatcher (RetriableDatanodeEventWatcher.java:onTimeout(47)) - RetriableDatanodeCommand type=deleteBlocksCommand with id=1569037782628 timed out. Retrying.
2019-09-21 03:49:51,568 [pool-7-thread-2] INFO  commands.RetriableDatanodeEventWatcher (RetriableDatanodeEventWatcher.java:onTimeout(47)) - RetriableDatanodeCommand type=deleteBlocksCommand with id=1569037782638 timed out. Retrying.
2019-09-21 03:49:51,585 [pool-7-thread-2] INFO  commands.RetriableDatanodeEventWatcher (RetriableDatanodeEventWatcher.java:onTimeout(47)) - RetriableDatanodeCommand type=deleteBlocksCommand with id=1569037782648 timed out. Retrying.
2019-09-21 03:49:51,604 [pool-7-thread-2] INFO  commands.RetriableDatanodeEventWatcher (RetriableDatanodeEventWatcher.java:onTimeout(47)) - RetriableDatanodeCommand type=deleteBlocksCommand with id=1569037782658 timed out. Retrying.
2019-09-21 03:49:51,607 [pool-7-thread-2] INFO  commands.RetriableDatanodeEventWatcher (RetriableDatanodeEventWatcher.java:onTimeout(47)) - RetriableDatanodeCommand type=deleteBlocksCommand with id=1569037782599 timed out. Retrying.
2019-09-21 03:49:51,618 [pool-7-thread-2] INFO  commands.RetriableDatanodeEventWatcher (RetriableDatanodeEventWatcher.java:onTimeout(47)) - RetriableDatanodeCommand type=deleteBlocksCommand with id=1569037782668 timed out. Retrying.
2019-09-21 03:49:51,621 [pool-7-thread-2] INFO  commands.RetriableDatanodeEventWatcher (RetriableDatanodeEventWatcher.java:onTimeout(47)) - RetriableDatanodeCommand type=deleteBlocksCommand with id=1569037782609 timed out. Retrying.
2019-09-21 03:49:51,632 [pool-7-thread-2] INFO  commands.RetriableDatanodeEventWatcher (RetriableDatanodeEventWatcher.java:onTimeout(47)) - RetriableDatanodeCommand type=deleteBlocksCommand with id=1569037782678 timed out. Retrying.
2019-09-21 03:49:51,637 [pool-7-thread-2] INFO  commands.RetriableDatanodeEventWatcher (RetriableDatanodeEventWatcher.java:onTimeout(47)) - RetriableDatanodeCommand type=deleteBlocksCommand with id=1569037782619 timed out. Retrying.
2019-09-21 03:49:51,647 [SCMBlockDeletingService#1] DEBUG block.SCMBlockDeletingService (SCMBlockDeletingService.java:call(138)) - Running DeletedBlockTransactionScanner
2019-09-21 03:49:51,647 [SCMBlockDeletingService#1] DEBUG block.SCMBlockDeletingService (SCMBlockDeletingService.java:call(155)) - Scanned deleted blocks log and got 3 delTX to process.
2019-09-21 03:49:51,648 [SCMBlockDeletingService#1] DEBUG block.SCMBlockDeletingService (SCMBlockDeletingService.java:call(171)) - Added delete block command for datanode 555a71b6-7320-443e-bd9a-47cd6ebfc0cf in the queue, number of delete block transactions: 3, TxID list: 1,2,3
2019-09-21 03:49:51,648 [SCMBlockDeletingService#1] INFO  block.SCMBlockDeletingService (SCMBlockDeletingService.java:call(182)) - Totally added 3 delete blocks command for 1 datanodes, task elapsed time: 1ms
2019-09-21 03:49:51,653 [pool-7-thread-2] INFO  commands.RetriableDatanodeEventWatcher (RetriableDatanodeEventWatcher.java:onTimeout(47)) - RetriableDatanodeCommand type=deleteBlocksCommand with id=1569037782629 timed out. Retrying.
2019-09-21 03:49:51,669 [pool-7-thread-2] INFO  commands.RetriableDatanodeEventWatcher (RetriableDatanodeEventWatcher.java:onTimeout(47)) - RetriableDatanodeCommand type=deleteBlocksCommand with id=1569037782639 timed out. Retrying.
2019-09-21 03:49:51,694 [pool-7-thread-2] INFO  commands.RetriableDatanodeEventWatcher (RetriableDatanodeEventWatcher.java:onTimeout(47)) - RetriableDatanodeCommand type=deleteBlocksCommand with id=1569037782649 timed out. Retrying.
2019-09-21 03:49:51,704 [pool-7-thread-2] INFO  commands.RetriableDatanodeEventWatcher (RetriableDatanodeEventWatcher.java:onTimeout(47)) - RetriableDatanodeCommand type=deleteBlocksCommand with id=1569037782659 timed out. Retrying.
2019-09-21 03:49:51,710 [pool-7-thread-2] INFO  commands.RetriableDatanodeEventWatcher (RetriableDatanodeEventWatcher.java:onTimeout(47)) - RetriableDatanodeCommand type=deleteBlocksCommand with id=1569037782600 timed out. Retrying.
2019-09-21 03:49:51,720 [pool-7-thread-2] INFO  commands.RetriableDatanodeEventWatcher (RetriableDatanodeEventWatcher.java:onTimeout(47)) - RetriableDatanodeCommand type=deleteBlocksCommand with id=1569037782669 timed out. Retrying.
2019-09-21 03:49:51,725 [pool-7-thread-2] INFO  commands.RetriableDatanodeEventWatcher (RetriableDatanodeEventWatcher.java:onTimeout(47)) - RetriableDatanodeCommand type=deleteBlocksCommand with id=1569037782610 timed out. Retrying.
2019-09-21 03:49:51,735 [pool-7-thread-2] INFO  commands.RetriableDatanodeEventWatcher (RetriableDatanodeEventWatcher.java:onTimeout(47)) - RetriableDatanodeCommand type=deleteBlocksCommand with id=1569037782679 timed out. Retrying.
2019-09-21 03:49:51,738 [pool-7-thread-2] INFO  commands.RetriableDatanodeEventWatcher (RetriableDatanodeEventWatcher.java:onTimeout(47)) - RetriableDatanodeCommand type=deleteBlocksCommand with id=1569037782620 timed out. Retrying.
2019-09-21 03:49:51,748 [SCMBlockDeletingService#1] DEBUG block.SCMBlockDeletingService (SCMBlockDeletingService.java:call(138)) - Running DeletedBlockTransactionScanner
2019-09-21 03:49:51,749 [SCMBlockDeletingService#1] DEBUG block.SCMBlockDeletingService (SCMBlockDeletingService.java:call(155)) - Scanned deleted blocks log and got 3 delTX to process.
2019-09-21 03:49:51,749 [SCMBlockDeletingService#1] DEBUG block.SCMBlockDeletingService (SCMBlockDeletingService.java:call(171)) - Added delete block command for datanode 555a71b6-7320-443e-bd9a-47cd6ebfc0cf in the queue, number of delete block transactions: 3, TxID list: 1,2,3
2019-09-21 03:49:51,749 [SCMBlockDeletingService#1] INFO  block.SCMBlockDeletingService (SCMBlockDeletingService.java:call(182)) - Totally added 3 delete blocks command for 1 datanodes, task elapsed time: 1ms
2019-09-21 03:49:51,754 [pool-7-thread-2] INFO  commands.RetriableDatanodeEventWatcher (RetriableDatanodeEventWatcher.java:onTimeout(47)) - RetriableDatanodeCommand type=deleteBlocksCommand with id=1569037782630 timed out. Retrying.
2019-09-21 03:49:51,770 [pool-7-thread-2] INFO  commands.RetriableDatanodeEventWatcher (RetriableDatanodeEventWatcher.java:onTimeout(47)) - RetriableDatanodeCommand type=deleteBlocksCommand with id=1569037782640 timed out. Retrying.
2019-09-21 03:49:51,793 [pool-7-thread-2] INFO  commands.RetriableDatanodeEventWatcher (RetriableDatanodeEventWatcher.java:onTimeout(47)) - RetriableDatanodeCommand type=deleteBlocksCommand with id=1569037782650 timed out. Retrying.
2019-09-21 03:49:51,806 [pool-7-thread-2] INFO  commands.RetriableDatanodeEventWatcher (RetriableDatanodeEventWatcher.java:onTimeout(47)) - RetriableDatanodeCommand type=deleteBlocksCommand with id=1569037782660 timed out. Retrying.
2019-09-21 03:49:51,809 [pool-7-thread-2] INFO  commands.RetriableDatanodeEventWatcher (RetriableDatanodeEventWatcher.java:onTimeout(47)) - RetriableDatanodeCommand type=deleteBlocksCommand with id=1569037782601 timed out. Retrying.
2019-09-21 03:49:51,823 [pool-7-thread-2] INFO  commands.RetriableDatanodeEventWatcher (RetriableDatanodeEventWatcher.java:onTimeout(47)) - RetriableDatanodeCommand type=deleteBlocksCommand with id=1569037782670 timed out. Retrying.
2019-09-21 03:49:51,823 [pool-7-thread-1] INFO  commands.RetriableDatanodeEventWatcher (RetriableDatanodeEventWatcher.java:onTimeout(47)) - RetriableDatanodeCommand type=deleteBlocksCommand with id=1569037782611 timed out. Retrying.
2019-09-21 03:49:51,835 [pool-7-thread-1] INFO  commands.RetriableDatanodeEventWatcher (RetriableDatanodeEventWatcher.java:onTimeout(47)) - RetriableDatanodeCommand type=deleteBlocksCommand with id=1569037782680 timed out. Retrying.
2019-09-21 03:49:51,841 [pool-7-thread-1] INFO  commands.RetriableDatanodeEventWatcher (RetriableDatanodeEventWatcher.java:onTimeout(47)) - RetriableDatanodeCommand type=deleteBlocksCommand with id=1569037782621 timed out. Retrying.
2019-09-21 03:49:51,850 [SCMBlockDeletingService#1] DEBUG block.SCMBlockDeletingService (SCMBlockDeletingService.java:call(138)) - Running DeletedBlockTransactionScanner
2019-09-21 03:49:51,850 [SCMBlockDeletingService#1] DEBUG block.SCMBlockDeletingService (SCMBlockDeletingService.java:call(155)) - Scanned deleted blocks log and got 3 delTX to process.
2019-09-21 03:49:51,850 [SCMBlockDeletingService#1] DEBUG block.SCMBlockDeletingService (SCMBlockDeletingService.java:call(171)) - Added delete block command for datanode 555a71b6-7320-443e-bd9a-47cd6ebfc0cf in the queue, number of delete block transactions: 3, TxID list: 1,2,3
2019-09-21 03:49:51,851 [SCMBlockDeletingService#1] INFO  block.SCMBlockDeletingService (SCMBlockDeletingService.java:call(182)) - Totally added 3 delete blocks command for 1 datanodes, task elapsed time: 1ms
2019-09-21 03:49:51,856 [pool-7-thread-1] INFO  commands.RetriableDatanodeEventWatcher (RetriableDatanodeEventWatcher.java:onTimeout(47)) - RetriableDatanodeCommand type=deleteBlocksCommand with id=1569037782631 timed out. Retrying.
2019-09-21 03:49:51,870 [pool-7-thread-1] INFO  commands.RetriableDatanodeEventWatcher (RetriableDatanodeEventWatcher.java:onTimeout(47)) - RetriableDatanodeCommand type=deleteBlocksCommand with id=1569037782641 timed out. Retrying.
2019-09-21 03:49:51,896 [pool-7-thread-1] INFO  commands.RetriableDatanodeEventWatcher (RetriableDatanodeEventWatcher.java:onTimeout(47)) - RetriableDatanodeCommand type=deleteBlocksCommand with id=1569037782651 timed out. Retrying.
2019-09-21 03:49:51,908 [pool-7-thread-1] INFO  commands.RetriableDatanodeEventWatcher (RetriableDatanodeEventWatcher.java:onTimeout(47)) - RetriableDatanodeCommand type=deleteBlocksCommand with id=1569037782661 timed out. Retrying.
2019-09-21 03:49:51,913 [pool-7-thread-1] INFO  commands.RetriableDatanodeEventWatcher (RetriableDatanodeEventWatcher.java:onTimeout(47)) - RetriableDatanodeCommand type=deleteBlocksCommand with id=1569037782602 timed out. Retrying.
2019-09-21 03:49:51,923 [pool-7-thread-1] INFO  commands.RetriableDatanodeEventWatcher (RetriableDatanodeEventWatcher.java:onTimeout(47)) - RetriableDatanodeCommand type=deleteBlocksCommand with id=1569037782671 timed out. Retrying.
2019-09-21 03:49:51,927 [pool-7-thread-1] INFO  commands.RetriableDatanodeEventWatcher (RetriableDatanodeEventWatcher.java:onTimeout(47)) - RetriableDatanodeCommand type=deleteBlocksCommand with id=1569037782612 timed out. Retrying.
2019-09-21 03:49:51,938 [pool-7-thread-1] INFO  commands.RetriableDatanodeEventWatcher (RetriableDatanodeEventWatcher.java:onTimeout(47)) - RetriableDatanodeCommand type=deleteBlocksCommand with id=1569037782681 timed out. Retrying.
2019-09-21 03:49:51,942 [pool-7-thread-1] INFO  commands.RetriableDatanodeEventWatcher (RetriableDatanodeEventWatcher.java:onTimeout(47)) - RetriableDatanodeCommand type=deleteBlocksCommand with id=1569037782622 timed out. Retrying.
2019-09-21 03:49:51,951 [SCMBlockDeletingService#1] DEBUG block.SCMBlockDeletingService (SCMBlockDeletingService.java:call(138)) - Running DeletedBlockTransactionScanner
2019-09-21 03:49:51,952 [SCMBlockDeletingService#1] DEBUG block.SCMBlockDeletingService (SCMBlockDeletingService.java:call(155)) - Scanned deleted blocks log and got 3 delTX to process.
2019-09-21 03:49:51,952 [SCMBlockDeletingService#1] DEBUG block.SCMBlockDeletingService (SCMBlockDeletingService.java:call(171)) - Added delete block command for datanode 555a71b6-7320-443e-bd9a-47cd6ebfc0cf in the queue, number of delete block transactions: 3, TxID list: 1,2,3
2019-09-21 03:49:51,952 [SCMBlockDeletingService#1] INFO  block.SCMBlockDeletingService (SCMBlockDeletingService.java:call(182)) - Totally added 3 delete blocks command for 1 datanodes, task elapsed time: 1ms
2019-09-21 03:49:51,956 [pool-7-thread-1] INFO  commands.RetriableDatanodeEventWatcher (RetriableDatanodeEventWatcher.java:onTimeout(47)) - RetriableDatanodeCommand type=deleteBlocksCommand with id=1569037782632 timed out. Retrying.
2019-09-21 03:49:51,975 [pool-7-thread-1] INFO  commands.RetriableDatanodeEventWatcher (RetriableDatanodeEventWatcher.java:onTimeout(47)) - RetriableDatanodeCommand type=deleteBlocksCommand with id=1569037782642 timed out. Retrying.
2019-09-21 03:49:51,996 [pool-7-thread-1] INFO  commands.RetriableDatanodeEventWatcher (RetriableDatanodeEventWatcher.java:onTimeout(47)) - RetriableDatanodeCommand type=deleteBlocksCommand with id=1569037782652 timed out. Retrying.
2019-09-21 03:49:52,012 [pool-7-thread-1] INFO  commands.RetriableDatanodeEventWatcher (RetriableDatanodeEventWatcher.java:onTimeout(47)) - RetriableDatanodeCommand type=deleteBlocksCommand with id=1569037782662 timed out. Retrying.
2019-09-21 03:49:52,012 [pool-7-thread-2] INFO  commands.RetriableDatanodeEventWatcher (RetriableDatanodeEventWatcher.java:onTimeout(47)) - RetriableDatanodeCommand type=deleteBlocksCommand with id=1569037782603 timed out. Retrying.
2019-09-21 03:49:52,025 [pool-7-thread-2] INFO  commands.RetriableDatanodeEventWatcher (RetriableDatanodeEventWatcher.java:onTimeout(47)) - RetriableDatanodeCommand type=deleteBlocksCommand with id=1569037782672 timed out. Retrying.
2019-09-21 03:49:52,028 [pool-7-thread-2] INFO  commands.RetriableDatanodeEventWatcher (RetriableDatanodeEventWatcher.java:onTimeout(47)) - RetriableDatanodeCommand type=deleteBlocksCommand with id=1569037782613 timed out. Retrying.
2019-09-21 03:49:52,039 [pool-7-thread-2] INFO  commands.RetriableDatanodeEventWatcher (RetriableDatanodeEventWatcher.java:onTimeout(47)) - RetriableDatanodeCommand type=deleteBlocksCommand with id=1569037782682 timed out. Retrying.
2019-09-21 03:49:52,042 [pool-7-thread-2] INFO  commands.RetriableDatanodeEventWatcher (RetriableDatanodeEventWatcher.java:onTimeout(47)) - RetriableDatanodeCommand type=deleteBlocksCommand with id=1569037782623 timed out. Retrying.
2019-09-21 03:49:52,053 [SCMBlockDeletingService#1] DEBUG block.SCMBlockDeletingService (SCMBlockDeletingService.java:call(138)) - Running DeletedBlockTransactionScanner
2019-09-21 03:49:52,053 [SCMBlockDeletingService#1] DEBUG block.SCMBlockDeletingService (SCMBlockDeletingService.java:call(155)) - Scanned deleted blocks log and got 3 delTX to process.
2019-09-21 03:49:52,053 [SCMBlockDeletingService#1] DEBUG block.SCMBlockDeletingService (SCMBlockDeletingService.java:call(171)) - Added delete block command for datanode 555a71b6-7320-443e-bd9a-47cd6ebfc0cf in the queue, number of delete block transactions: 3, TxID list: 1,2,3
2019-09-21 03:49:52,053 [SCMBlockDeletingService#1] INFO  block.SCMBlockDeletingService (SCMBlockDeletingService.java:call(182)) - Totally added 3 delete blocks command for 1 datanodes, task elapsed time: 1ms
2019-09-21 03:49:52,060 [pool-7-thread-2] INFO  commands.RetriableDatanodeEventWatcher (RetriableDatanodeEventWatcher.java:onTimeout(47)) - RetriableDatanodeCommand type=deleteBlocksCommand with id=1569037782633 timed out. Retrying.
2019-09-21 03:49:52,076 [pool-7-thread-2] INFO  commands.RetriableDatanodeEventWatcher (RetriableDatanodeEventWatcher.java:onTimeout(47)) - RetriableDatanodeCommand type=deleteBlocksCommand with id=1569037782643 timed out. Retrying.
2019-09-21 03:49:52,098 [pool-7-thread-2] INFO  commands.RetriableDatanodeEventWatcher (RetriableDatanodeEventWatcher.java:onTimeout(47)) - RetriableDatanodeCommand type=deleteBlocksCommand with id=1569037782653 timed out. Retrying.
2019-09-21 03:49:52,112 [pool-7-thread-2] INFO  commands.RetriableDatanodeEventWatcher (RetriableDatanodeEventWatcher.java:onTimeout(47)) - RetriableDatanodeCommand type=deleteBlocksCommand with id=1569037782663 timed out. Retrying.
2019-09-21 03:49:52,116 [pool-7-thread-2] INFO  commands.RetriableDatanodeEventWatcher (RetriableDatanodeEventWatcher.java:onTimeout(47)) - RetriableDatanodeCommand type=deleteBlocksCommand with id=1569037782604 timed out. Retrying.
2019-09-21 03:49:52,126 [pool-7-thread-2] INFO  commands.RetriableDatanodeEventWatcher (RetriableDatanodeEventWatcher.java:onTimeout(47)) - RetriableDatanodeCommand type=deleteBlocksCommand with id=1569037782673 timed out. Retrying.
2019-09-21 03:49:52,128 [pool-7-thread-2] INFO  commands.RetriableDatanodeEventWatcher (RetriableDatanodeEventWatcher.java:onTimeout(47)) - RetriableDatanodeCommand type=deleteBlocksCommand with id=1569037782614 timed out. Retrying.
2019-09-21 03:49:52,140 [pool-7-thread-2] INFO  commands.RetriableDatanodeEventWatcher (RetriableDatanodeEventWatcher.java:onTimeout(47)) - RetriableDatanodeCommand type=deleteBlocksCommand with id=1569037782683 timed out. Retrying.
2019-09-21 03:49:52,146 [pool-7-thread-2] INFO  commands.RetriableDatanodeEventWatcher (RetriableDatanodeEventWatcher.java:onTimeout(47)) - RetriableDatanodeCommand type=deleteBlocksCommand with id=1569037782624 timed out. Retrying.
2019-09-21 03:49:52,154 [SCMBlockDeletingService#1] DEBUG block.SCMBlockDeletingService (SCMBlockDeletingService.java:call(138)) - Running DeletedBlockTransactionScanner
2019-09-21 03:49:52,154 [SCMBlockDeletingService#1] DEBUG block.SCMBlockDeletingService (SCMBlockDeletingService.java:call(155)) - Scanned deleted blocks log and got 3 delTX to process.
2019-09-21 03:49:52,154 [SCMBlockDeletingService#1] DEBUG block.SCMBlockDeletingService (SCMBlockDeletingService.java:call(171)) - Added delete block command for datanode 555a71b6-7320-443e-bd9a-47cd6ebfc0cf in the queue, number of delete block transactions: 3, TxID list: 1,2,3
2019-09-21 03:49:52,155 [SCMBlockDeletingService#1] INFO  block.SCMBlockDeletingService (SCMBlockDeletingService.java:call(182)) - Totally added 3 delete blocks command for 1 datanodes, task elapsed time: 1ms
2019-09-21 03:49:52,159 [pool-7-thread-2] INFO  commands.RetriableDatanodeEventWatcher (RetriableDatanodeEventWatcher.java:onTimeout(47)) - RetriableDatanodeCommand type=deleteBlocksCommand with id=1569037782634 timed out. Retrying.
2019-09-21 03:49:52,177 [pool-7-thread-2] INFO  commands.RetriableDatanodeEventWatcher (RetriableDatanodeEventWatcher.java:onTimeout(47)) - RetriableDatanodeCommand type=deleteBlocksCommand with id=1569037782644 timed out. Retrying.
2019-09-21 03:49:52,200 [pool-7-thread-2] INFO  commands.RetriableDatanodeEventWatcher (RetriableDatanodeEventWatcher.java:onTimeout(47)) - RetriableDatanodeCommand type=deleteBlocksCommand with id=1569037782654 timed out. Retrying.
2019-09-21 03:49:52,213 [pool-7-thread-2] INFO  commands.RetriableDatanodeEventWatcher (RetriableDatanodeEventWatcher.java:onTimeout(47)) - RetriableDatanodeCommand type=deleteBlocksCommand with id=1569037782664 timed out. Retrying.
2019-09-21 03:49:52,218 [pool-7-thread-2] INFO  commands.RetriableDatanodeEventWatcher (RetriableDatanodeEventWatcher.java:onTimeout(47)) - RetriableDatanodeCommand type=deleteBlocksCommand with id=1569037782605 timed out. Retrying.
2019-09-21 03:49:52,227 [pool-7-thread-2] INFO  commands.RetriableDatanodeEventWatcher (RetriableDatanodeEventWatcher.java:onTimeout(47)) - RetriableDatanodeCommand type=deleteBlocksCommand with id=1569037782674 timed out. Retrying.
2019-09-21 03:49:52,232 [pool-7-thread-2] INFO  commands.RetriableDatanodeEventWatcher (RetriableDatanodeEventWatcher.java:onTimeout(47)) - RetriableDatanodeCommand type=deleteBlocksCommand with id=1569037782615 timed out. Retrying.
2019-09-21 03:49:52,242 [pool-7-thread-2] INFO  commands.RetriableDatanodeEventWatcher (RetriableDatanodeEventWatcher.java:onTimeout(47)) - RetriableDatanodeCommand type=deleteBlocksCommand with id=1569037782684 timed out. Retrying.
2019-09-21 03:49:52,248 [pool-7-thread-2] INFO  commands.RetriableDatanodeEventWatcher (RetriableDatanodeEventWatcher.java:onTimeout(47)) - RetriableDatanodeCommand type=deleteBlocksCommand with id=1569037782625 timed out. Retrying.
2019-09-21 03:49:52,255 [SCMBlockDeletingService#1] DEBUG block.SCMBlockDeletingService (SCMBlockDeletingService.java:call(138)) - Running DeletedBlockTransactionScanner
2019-09-21 03:49:52,256 [SCMBlockDeletingService#1] DEBUG block.SCMBlockDeletingService (SCMBlockDeletingService.java:call(155)) - Scanned deleted blocks log and got 3 delTX to process.
2019-09-21 03:49:52,256 [SCMBlockDeletingService#1] DEBUG block.SCMBlockDeletingService (SCMBlockDeletingService.java:call(171)) - Added delete block command for datanode 555a71b6-7320-443e-bd9a-47cd6ebfc0cf in the queue, number of delete block transactions: 3, TxID list: 1,2,3
2019-09-21 03:49:52,256 [SCMBlockDeletingService#1] INFO  block.SCMBlockDeletingService (SCMBlockDeletingService.java:call(182)) - Totally added 3 delete blocks command for 1 datanodes, task elapsed time: 1ms
2019-09-21 03:49:52,260 [pool-7-thread-2] INFO  commands.RetriableDatanodeEventWatcher (RetriableDatanodeEventWatcher.java:onTimeout(47)) - RetriableDatanodeCommand type=deleteBlocksCommand with id=1569037782635 timed out. Retrying.
2019-09-21 03:49:52,281 [pool-7-thread-2] INFO  commands.RetriableDatanodeEventWatcher (RetriableDatanodeEventWatcher.java:onTimeout(47)) - RetriableDatanodeCommand type=deleteBlocksCommand with id=1569037782645 timed out. Retrying.
2019-09-21 03:49:52,301 [pool-7-thread-2] INFO  commands.RetriableDatanodeEventWatcher (RetriableDatanodeEventWatcher.java:onTimeout(47)) - RetriableDatanodeCommand type=deleteBlocksCommand with id=1569037782655 timed out. Retrying.
2019-09-21 03:49:52,313 [pool-7-thread-2] INFO  commands.RetriableDatanodeEventWatcher (RetriableDatanodeEventWatcher.java:onTimeout(47)) - RetriableDatanodeCommand type=deleteBlocksCommand with id=1569037782665 timed out. Retrying.
2019-09-21 03:49:52,320 [pool-7-thread-2] INFO  commands.RetriableDatanodeEventWatcher (RetriableDatanodeEventWatcher.java:onTimeout(47)) - RetriableDatanodeCommand type=deleteBlocksCommand with id=1569037782606 timed out. Retrying.
2019-09-21 03:49:52,328 [pool-7-thread-2] INFO  commands.RetriableDatanodeEventWatcher (RetriableDatanodeEventWatcher.java:onTimeout(47)) - RetriableDatanodeCommand type=deleteBlocksCommand with id=1569037782675 timed out. Retrying.
2019-09-21 03:49:52,331 [pool-7-thread-2] INFO  commands.RetriableDatanodeEventWatcher (RetriableDatanodeEventWatcher.java:onTimeout(47)) - RetriableDatanodeCommand type=deleteBlocksCommand with id=1569037782616 timed out. Retrying.
2019-09-21 03:49:52,343 [pool-7-thread-2] INFO  commands.RetriableDatanodeEventWatcher (RetriableDatanodeEventWatcher.java:onTimeout(47)) - RetriableDatanodeCommand type=deleteBlocksCommand with id=1569037782685 timed out. Retrying.
2019-09-21 03:49:52,349 [pool-7-thread-2] INFO  commands.RetriableDatanodeEventWatcher (RetriableDatanodeEventWatcher.java:onTimeout(47)) - RetriableDatanodeCommand type=deleteBlocksCommand with id=1569037782626 timed out. Retrying.
2019-09-21 03:49:52,357 [SCMBlockDeletingService#1] DEBUG block.SCMBlockDeletingService (SCMBlockDeletingService.java:call(138)) - Running DeletedBlockTransactionScanner
2019-09-21 03:49:52,357 [SCMBlockDeletingService#1] DEBUG block.SCMBlockDeletingService (SCMBlockDeletingService.java:call(155)) - Scanned deleted blocks log and got 3 delTX to process.
2019-09-21 03:49:52,357 [SCMBlockDeletingService#1] DEBUG block.SCMBlockDeletingService (SCMBlockDeletingService.java:call(171)) - Added delete block command for datanode 555a71b6-7320-443e-bd9a-47cd6ebfc0cf in the queue, number of delete block transactions: 3, TxID list: 1,2,3
2019-09-21 03:49:52,358 [SCMBlockDeletingService#1] INFO  block.SCMBlockDeletingService (SCMBlockDeletingService.java:call(182)) - Totally added 3 delete blocks command for 1 datanodes, task elapsed time: 1ms
2019-09-21 03:49:52,365 [pool-7-thread-2] INFO  commands.RetriableDatanodeEventWatcher (RetriableDatanodeEventWatcher.java:onTimeout(47)) - RetriableDatanodeCommand type=deleteBlocksCommand with id=1569037782636 timed out. Retrying.
2019-09-21 03:49:52,380 [pool-7-thread-2] INFO  commands.RetriableDatanodeEventWatcher (RetriableDatanodeEventWatcher.java:onTimeout(47)) - RetriableDatanodeCommand type=deleteBlocksCommand with id=1569037782646 timed out. Retrying.
2019-09-21 03:49:52,397 [main] INFO  ozone.MiniOzoneClusterImpl (MiniOzoneClusterImpl.java:lambda$waitForClusterToBeReady$0(147)) - Waiting for cluster to be ready. Got 0 of 1 DN Heartbeats.
2019-09-21 03:49:52,402 [pool-7-thread-2] INFO  commands.RetriableDatanodeEventWatcher (RetriableDatanodeEventWatcher.java:onTimeout(47)) - RetriableDatanodeCommand type=deleteBlocksCommand with id=1569037782656 timed out. Retrying.
2019-09-21 03:49:52,402 [EventQueue-PendingDeleteStatusForPendingDeleteHandler] INFO  block.SCMBlockDeletingService (SCMBlockDeletingService.java:handlePendingDeletes(115)) - Block deletion txnID mismatch in datanode 555a71b6-7320-443e-bd9a-47cd6ebfc0cf for containerID 1. Datanode delete txnID: 0, SCM txnID: 1
2019-09-21 03:49:52,402 [EventQueue-PendingDeleteStatusForPendingDeleteHandler] INFO  block.SCMBlockDeletingService (SCMBlockDeletingService.java:handlePendingDeletes(115)) - Block deletion txnID mismatch in datanode 555a71b6-7320-443e-bd9a-47cd6ebfc0cf for containerID 2. Datanode delete txnID: 0, SCM txnID: 2
2019-09-21 03:49:52,403 [EventQueue-PendingDeleteStatusForPendingDeleteHandler] INFO  block.SCMBlockDeletingService (SCMBlockDeletingService.java:handlePendingDeletes(115)) - Block deletion txnID mismatch in datanode 555a71b6-7320-443e-bd9a-47cd6ebfc0cf for containerID 3. Datanode delete txnID: 0, SCM txnID: 3
2019-09-21 03:49:52,418 [pool-7-thread-2] INFO  commands.RetriableDatanodeEventWatcher (RetriableDatanodeEventWatcher.java:onTimeout(47)) - RetriableDatanodeCommand type=deleteBlocksCommand with id=1569037782666 timed out. Retrying.
2019-09-21 03:49:52,420 [pool-7-thread-2] INFO  commands.RetriableDatanodeEventWatcher (RetriableDatanodeEventWatcher.java:onTimeout(47)) - RetriableDatanodeCommand type=deleteBlocksCommand with id=1569037782607 timed out. Retrying.
2019-09-21 03:49:52,431 [pool-7-thread-2] INFO  commands.RetriableDatanodeEventWatcher (RetriableDatanodeEventWatcher.java:onTimeout(47)) - RetriableDatanodeCommand type=deleteBlocksCommand with id=1569037782676 timed out. Retrying.
2019-09-21 03:49:52,433 [pool-7-thread-2] INFO  commands.RetriableDatanodeEventWatcher (RetriableDatanodeEventWatcher.java:onTimeout(47)) - RetriableDatanodeCommand type=deleteBlocksCommand with id=1569037782617 timed out. Retrying.
2019-09-21 03:49:52,445 [pool-7-thread-2] INFO  commands.RetriableDatanodeEventWatcher (RetriableDatanodeEventWatcher.java:onTimeout(47)) - RetriableDatanodeCommand type=deleteBlocksCommand with id=1569037782686 timed out. Retrying.
2019-09-21 03:49:52,451 [pool-7-thread-2] INFO  commands.RetriableDatanodeEventWatcher (RetriableDatanodeEventWatcher.java:onTimeout(47)) - RetriableDatanodeCommand type=deleteBlocksCommand with id=1569037782627 timed out. Retrying.
2019-09-21 03:49:52,458 [SCMBlockDeletingService#1] DEBUG block.SCMBlockDeletingService (SCMBlockDeletingService.java:call(138)) - Running DeletedBlockTransactionScanner
2019-09-21 03:49:52,458 [SCMBlockDeletingService#1] DEBUG block.SCMBlockDeletingService (SCMBlockDeletingService.java:call(155)) - Scanned deleted blocks log and got 3 delTX to process.
2019-09-21 03:49:52,459 [SCMBlockDeletingService#1] DEBUG block.SCMBlockDeletingService (SCMBlockDeletingService.java:call(171)) - Added delete block command for datanode 555a71b6-7320-443e-bd9a-47cd6ebfc0cf in the queue, number of delete block transactions: 3, TxID list: 1,2,3
2019-09-21 03:49:52,459 [SCMBlockDeletingService#1] INFO  block.SCMBlockDeletingService (SCMBlockDeletingService.java:call(182)) - Totally added 3 delete blocks command for 1 datanodes, task elapsed time: 1ms
2019-09-21 03:49:52,465 [pool-7-thread-2] INFO  commands.RetriableDatanodeEventWatcher (RetriableDatanodeEventWatcher.java:onTimeout(47)) - RetriableDatanodeCommand type=deleteBlocksCommand with id=1569037782637 timed out. Retrying.
2019-09-21 03:49:52,485 [pool-7-thread-2] INFO  commands.RetriableDatanodeEventWatcher (RetriableDatanodeEventWatcher.java:onTimeout(47)) - RetriableDatanodeCommand type=deleteBlocksCommand with id=1569037782647 timed out. Retrying.
2019-09-21 03:49:52,501 [pool-7-thread-2] INFO  commands.RetriableDatanodeEventWatcher (RetriableDatanodeEventWatcher.java:onTimeout(47)) - RetriableDatanodeCommand type=deleteBlocksCommand with id=1569037782657 timed out. Retrying.
2019-09-21 03:49:52,519 [pool-7-thread-2] INFO  commands.RetriableDatanodeEventWatcher (RetriableDatanodeEventWatcher.java:onTimeout(47)) - RetriableDatanodeCommand type=deleteBlocksCommand with id=1569037782667 timed out. Retrying.
2019-09-21 03:49:52,520 [pool-7-thread-2] INFO  commands.RetriableDatanodeEventWatcher (RetriableDatanodeEventWatcher.java:onTimeout(47)) - RetriableDatanodeCommand type=deleteBlocksCommand with id=1569037782608 timed out. Retrying.
2019-09-21 03:49:52,532 [pool-7-thread-2] INFO  commands.RetriableDatanodeEventWatcher (RetriableDatanodeEventWatcher.java:onTimeout(47)) - RetriableDatanodeCommand type=deleteBlocksCommand with id=1569037782677 timed out. Retrying.
2019-09-21 03:49:52,535 [pool-7-thread-2] INFO  commands.RetriableDatanodeEventWatcher (RetriableDatanodeEventWatcher.java:onTimeout(47)) - RetriableDatanodeCommand type=deleteBlocksCommand with id=1569037782618 timed out. Retrying.
2019-09-21 03:49:52,547 [pool-7-thread-2] INFO  commands.RetriableDatanodeEventWatcher (RetriableDatanodeEventWatcher.java:onTimeout(47)) - RetriableDatanodeCommand type=deleteBlocksCommand with id=1569037782687 timed out. Retrying.
2019-09-21 03:49:52,549 [pool-7-thread-2] INFO  commands.RetriableDatanodeEventWatcher (RetriableDatanodeEventWatcher.java:onTimeout(47)) - RetriableDatanodeCommand type=deleteBlocksCommand with id=1569037782628 timed out. Retrying.
2019-09-21 03:49:52,560 [SCMBlockDeletingService#1] DEBUG block.SCMBlockDeletingService (SCMBlockDeletingService.java:call(138)) - Running DeletedBlockTransactionScanner
2019-09-21 03:49:52,560 [SCMBlockDeletingService#1] DEBUG block.SCMBlockDeletingService (SCMBlockDeletingService.java:call(155)) - Scanned deleted blocks log and got 3 delTX to process.
2019-09-21 03:49:52,560 [SCMBlockDeletingService#1] DEBUG block.SCMBlockDeletingService (SCMBlockDeletingService.java:call(171)) - Added delete block command for datanode 555a71b6-7320-443e-bd9a-47cd6ebfc0cf in the queue, number of delete block transactions: 3, TxID list: 1,2,3
2019-09-21 03:49:52,561 [SCMBlockDeletingService#1] INFO  block.SCMBlockDeletingService (SCMBlockDeletingService.java:call(182)) - Totally added 3 delete blocks command for 1 datanodes, task elapsed time: 1ms
2019-09-21 03:49:52,569 [pool-7-thread-2] INFO  commands.RetriableDatanodeEventWatcher (RetriableDatanodeEventWatcher.java:onTimeout(47)) - RetriableDatanodeCommand type=deleteBlocksCommand with id=1569037782638 timed out. Retrying.
2019-09-21 03:49:52,585 [pool-7-thread-2] INFO  commands.RetriableDatanodeEventWatcher (RetriableDatanodeEventWatcher.java:onTimeout(47)) - RetriableDatanodeCommand type=deleteBlocksCommand with id=1569037782648 timed out. Retrying.
2019-09-21 03:49:52,605 [pool-7-thread-2] INFO  commands.RetriableDatanodeEventWatcher (RetriableDatanodeEventWatcher.java:onTimeout(47)) - RetriableDatanodeCommand type=deleteBlocksCommand with id=1569037782658 timed out. Retrying.
2019-09-21 03:49:52,607 [pool-7-thread-2] INFO  commands.RetriableDatanodeEventWatcher (RetriableDatanodeEventWatcher.java:onTimeout(47)) - RetriableDatanodeCommand type=deleteBlocksCommand with id=1569037782599 timed out. Retrying.
2019-09-21 03:49:52,619 [pool-7-thread-2] INFO  commands.RetriableDatanodeEventWatcher (RetriableDatanodeEventWatcher.java:onTimeout(47)) - RetriableDatanodeCommand type=deleteBlocksCommand with id=1569037782668 timed out. Retrying.
2019-09-21 03:49:52,622 [pool-7-thread-2] INFO  commands.RetriableDatanodeEventWatcher (RetriableDatanodeEventWatcher.java:onTimeout(47)) - RetriableDatanodeCommand type=deleteBlocksCommand with id=1569037782609 timed out. Retrying.
2019-09-21 03:49:52,632 [pool-7-thread-2] INFO  commands.RetriableDatanodeEventWatcher (RetriableDatanodeEventWatcher.java:onTimeout(47)) - RetriableDatanodeCommand type=deleteBlocksCommand with id=1569037782678 timed out. Retrying.
2019-09-21 03:49:52,638 [pool-7-thread-2] INFO  commands.RetriableDatanodeEventWatcher (RetriableDatanodeEventWatcher.java:onTimeout(47)) - RetriableDatanodeCommand type=deleteBlocksCommand with id=1569037782619 timed out. Retrying.
2019-09-21 03:49:52,647 [pool-7-thread-2] INFO  commands.RetriableDatanodeEventWatcher (RetriableDatanodeEventWatcher.java:onTimeout(47)) - RetriableDatanodeCommand type=deleteBlocksCommand with id=1569037782688 timed out. Retrying.
2019-09-21 03:49:52,654 [pool-7-thread-2] INFO  commands.RetriableDatanodeEventWatcher (RetriableDatanodeEventWatcher.java:onTimeout(47)) - RetriableDatanodeCommand type=deleteBlocksCommand with id=1569037782629 timed out. Retrying.
2019-09-21 03:49:52,661 [SCMBlockDeletingService#1] DEBUG block.SCMBlockDeletingService (SCMBlockDeletingService.java:call(138)) - Running DeletedBlockTransactionScanner
2019-09-21 03:49:52,661 [SCMBlockDeletingService#1] DEBUG block.SCMBlockDeletingService (SCMBlockDeletingService.java:call(155)) - Scanned deleted blocks log and got 3 delTX to process.
2019-09-21 03:49:52,662 [SCMBlockDeletingService#1] DEBUG block.SCMBlockDeletingService (SCMBlockDeletingService.java:call(171)) - Added delete block command for datanode 555a71b6-7320-443e-bd9a-47cd6ebfc0cf in the queue, number of delete block transactions: 3, TxID list: 1,2,3
2019-09-21 03:49:52,662 [SCMBlockDeletingService#1] INFO  block.SCMBlockDeletingService (SCMBlockDeletingService.java:call(182)) - Totally added 3 delete blocks command for 1 datanodes, task elapsed time: 1ms
2019-09-21 03:49:52,670 [pool-7-thread-2] INFO  commands.RetriableDatanodeEventWatcher (RetriableDatanodeEventWatcher.java:onTimeout(47)) - RetriableDatanodeCommand type=deleteBlocksCommand with id=1569037782639 timed out. Retrying.
2019-09-21 03:49:52,694 [pool-7-thread-2] INFO  commands.RetriableDatanodeEventWatcher (RetriableDatanodeEventWatcher.java:onTimeout(47)) - RetriableDatanodeCommand type=deleteBlocksCommand with id=1569037782649 timed out. Retrying.
2019-09-21 03:49:52,704 [pool-7-thread-2] INFO  commands.RetriableDatanodeEventWatcher (RetriableDatanodeEventWatcher.java:onTimeout(47)) - RetriableDatanodeCommand type=deleteBlocksCommand with id=1569037782659 timed out. Retrying.
2019-09-21 03:49:52,710 [pool-7-thread-2] INFO  commands.RetriableDatanodeEventWatcher (RetriableDatanodeEventWatcher.java:onTimeout(47)) - RetriableDatanodeCommand type=deleteBlocksCommand with id=1569037782600 timed out. Retrying.
2019-09-21 03:49:52,719 [pool-7-thread-2] INFO  commands.RetriableDatanodeEventWatcher (RetriableDatanodeEventWatcher.java:onTimeout(47)) - RetriableDatanodeCommand type=deleteBlocksCommand with id=1569037782669 timed out. Retrying.
2019-09-21 03:49:52,726 [pool-7-thread-2] INFO  commands.RetriableDatanodeEventWatcher (RetriableDatanodeEventWatcher.java:onTimeout(47)) - RetriableDatanodeCommand type=deleteBlocksCommand with id=1569037782610 timed out. Retrying.
2019-09-21 03:49:52,735 [pool-7-thread-2] INFO  commands.RetriableDatanodeEventWatcher (RetriableDatanodeEventWatcher.java:onTimeout(47)) - RetriableDatanodeCommand type=deleteBlocksCommand with id=1569037782679 timed out. Retrying.
2019-09-21 03:49:52,739 [pool-7-thread-2] INFO  commands.RetriableDatanodeEventWatcher (RetriableDatanodeEventWatcher.java:onTimeout(47)) - RetriableDatanodeCommand type=deleteBlocksCommand with id=1569037782620 timed out. Retrying.
2019-09-21 03:49:52,750 [pool-7-thread-2] INFO  commands.RetriableDatanodeEventWatcher (RetriableDatanodeEventWatcher.java:onTimeout(47)) - RetriableDatanodeCommand type=deleteBlocksCommand with id=1569037782689 timed out. Retrying.
2019-09-21 03:49:52,754 [pool-7-thread-2] INFO  commands.RetriableDatanodeEventWatcher (RetriableDatanodeEventWatcher.java:onTimeout(47)) - RetriableDatanodeCommand type=deleteBlocksCommand with id=1569037782630 timed out. Retrying.
2019-09-21 03:49:52,762 [SCMBlockDeletingService#1] DEBUG block.SCMBlockDeletingService (SCMBlockDeletingService.java:call(138)) - Running DeletedBlockTransactionScanner
2019-09-21 03:49:52,763 [SCMBlockDeletingService#1] DEBUG block.SCMBlockDeletingService (SCMBlockDeletingService.java:call(155)) - Scanned deleted blocks log and got 3 delTX to process.
2019-09-21 03:49:52,763 [SCMBlockDeletingService#1] DEBUG block.SCMBlockDeletingService (SCMBlockDeletingService.java:call(171)) - Added delete block command for datanode 555a71b6-7320-443e-bd9a-47cd6ebfc0cf in the queue, number of delete block transactions: 3, TxID list: 1,2,3
2019-09-21 03:49:52,763 [SCMBlockDeletingService#1] INFO  block.SCMBlockDeletingService (SCMBlockDeletingService.java:call(182)) - Totally added 3 delete blocks command for 1 datanodes, task elapsed time: 1ms
2019-09-21 03:49:52,770 [pool-7-thread-2] INFO  commands.RetriableDatanodeEventWatcher (RetriableDatanodeEventWatcher.java:onTimeout(47)) - RetriableDatanodeCommand type=deleteBlocksCommand with id=1569037782640 timed out. Retrying.
2019-09-21 03:49:52,794 [pool-7-thread-2] INFO  commands.RetriableDatanodeEventWatcher (RetriableDatanodeEventWatcher.java:onTimeout(47)) - RetriableDatanodeCommand type=deleteBlocksCommand with id=1569037782650 timed out. Retrying.
2019-09-21 03:49:52,807 [pool-7-thread-2] INFO  commands.RetriableDatanodeEventWatcher (RetriableDatanodeEventWatcher.java:onTimeout(47)) - RetriableDatanodeCommand type=deleteBlocksCommand with id=1569037782660 timed out. Retrying.
2019-09-21 03:49:52,809 [pool-7-thread-2] INFO  commands.RetriableDatanodeEventWatcher (RetriableDatanodeEventWatcher.java:onTimeout(47)) - RetriableDatanodeCommand type=deleteBlocksCommand with id=1569037782601 timed out. Retrying.
2019-09-21 03:49:52,824 [pool-7-thread-2] INFO  commands.RetriableDatanodeEventWatcher (RetriableDatanodeEventWatcher.java:onTimeout(47)) - RetriableDatanodeCommand type=deleteBlocksCommand with id=1569037782670 timed out. Retrying.
2019-09-21 03:49:52,824 [pool-7-thread-1] INFO  commands.RetriableDatanodeEventWatcher (RetriableDatanodeEventWatcher.java:onTimeout(47)) - RetriableDatanodeCommand type=deleteBlocksCommand with id=1569037782611 timed out. Retrying.
2019-09-21 03:49:52,835 [pool-7-thread-1] INFO  commands.RetriableDatanodeEventWatcher (RetriableDatanodeEventWatcher.java:onTimeout(47)) - RetriableDatanodeCommand type=deleteBlocksCommand with id=1569037782680 timed out. Retrying.
2019-09-21 03:49:52,842 [pool-7-thread-1] INFO  commands.RetriableDatanodeEventWatcher (RetriableDatanodeEventWatcher.java:onTimeout(47)) - RetriableDatanodeCommand type=deleteBlocksCommand with id=1569037782621 timed out. Retrying.
2019-09-21 03:49:52,850 [pool-7-thread-1] INFO  commands.RetriableDatanodeEventWatcher (RetriableDatanodeEventWatcher.java:onTimeout(47)) - RetriableDatanodeCommand type=deleteBlocksCommand with id=1569037782690 timed out. Retrying.
2019-09-21 03:49:52,857 [pool-7-thread-1] INFO  commands.RetriableDatanodeEventWatcher (RetriableDatanodeEventWatcher.java:onTimeout(47)) - RetriableDatanodeCommand type=deleteBlocksCommand with id=1569037782631 timed out. Retrying.
2019-09-21 03:49:52,864 [SCMBlockDeletingService#1] DEBUG block.SCMBlockDeletingService (SCMBlockDeletingService.java:call(138)) - Running DeletedBlockTransactionScanner
2019-09-21 03:49:52,864 [SCMBlockDeletingService#1] DEBUG block.SCMBlockDeletingService (SCMBlockDeletingService.java:call(155)) - Scanned deleted blocks log and got 3 delTX to process.
2019-09-21 03:49:52,864 [SCMBlockDeletingService#1] DEBUG block.SCMBlockDeletingService (SCMBlockDeletingService.java:call(171)) - Added delete block command for datanode 555a71b6-7320-443e-bd9a-47cd6ebfc0cf in the queue, number of delete block transactions: 3, TxID list: 1,2,3
2019-09-21 03:49:52,865 [SCMBlockDeletingService#1] INFO  block.SCMBlockDeletingService (SCMBlockDeletingService.java:call(182)) - Totally added 3 delete blocks command for 1 datanodes, task elapsed time: 1ms
2019-09-21 03:49:52,871 [pool-7-thread-1] INFO  commands.RetriableDatanodeEventWatcher (RetriableDatanodeEventWatcher.java:onTimeout(47)) - RetriableDatanodeCommand type=deleteBlocksCommand with id=1569037782641 timed out. Retrying.
2019-09-21 03:49:52,897 [pool-7-thread-1] INFO  commands.RetriableDatanodeEventWatcher (RetriableDatanodeEventWatcher.java:onTimeout(47)) - RetriableDatanodeCommand type=deleteBlocksCommand with id=1569037782651 timed out. Retrying.
2019-09-21 03:49:52,908 [pool-7-thread-1] INFO  commands.RetriableDatanodeEventWatcher (RetriableDatanodeEventWatcher.java:onTimeout(47)) - RetriableDatanodeCommand type=deleteBlocksCommand with id=1569037782661 timed out. Retrying.
2019-09-21 03:49:52,914 [pool-7-thread-1] INFO  commands.RetriableDatanodeEventWatcher (RetriableDatanodeEventWatcher.java:onTimeout(47)) - RetriableDatanodeCommand type=deleteBlocksCommand with id=1569037782602 timed out. Retrying.
2019-09-21 03:49:52,923 [pool-7-thread-1] INFO  commands.RetriableDatanodeEventWatcher (RetriableDatanodeEventWatcher.java:onTimeout(47)) - RetriableDatanodeCommand type=deleteBlocksCommand with id=1569037782671 timed out. Retrying.
2019-09-21 03:49:52,927 [pool-7-thread-1] INFO  commands.RetriableDatanodeEventWatcher (RetriableDatanodeEventWatcher.java:onTimeout(47)) - RetriableDatanodeCommand type=deleteBlocksCommand with id=1569037782612 timed out. Retrying.
2019-09-21 03:49:52,939 [pool-7-thread-1] INFO  commands.RetriableDatanodeEventWatcher (RetriableDatanodeEventWatcher.java:onTimeout(47)) - RetriableDatanodeCommand type=deleteBlocksCommand with id=1569037782681 timed out. Retrying.
2019-09-21 03:49:52,942 [pool-7-thread-1] INFO  commands.RetriableDatanodeEventWatcher (RetriableDatanodeEventWatcher.java:onTimeout(47)) - RetriableDatanodeCommand type=deleteBlocksCommand with id=1569037782622 timed out. Retrying.
2019-09-21 03:49:52,952 [pool-7-thread-1] INFO  commands.RetriableDatanodeEventWatcher (RetriableDatanodeEventWatcher.java:onTimeout(47)) - RetriableDatanodeCommand type=deleteBlocksCommand with id=1569037782691 timed out. Retrying.
2019-09-21 03:49:52,956 [pool-7-thread-1] INFO  commands.RetriableDatanodeEventWatcher (RetriableDatanodeEventWatcher.java:onTimeout(47)) - RetriableDatanodeCommand type=deleteBlocksCommand with id=1569037782632 timed out. Retrying.
2019-09-21 03:49:52,965 [SCMBlockDeletingService#1] DEBUG block.SCMBlockDeletingService (SCMBlockDeletingService.java:call(138)) - Running DeletedBlockTransactionScanner
2019-09-21 03:49:52,965 [SCMBlockDeletingService#1] DEBUG block.SCMBlockDeletingService (SCMBlockDeletingService.java:call(155)) - Scanned deleted blocks log and got 3 delTX to process.
2019-09-21 03:49:52,965 [SCMBlockDeletingService#1] DEBUG block.SCMBlockDeletingService (SCMBlockDeletingService.java:call(171)) - Added delete block command for datanode 555a71b6-7320-443e-bd9a-47cd6ebfc0cf in the queue, number of delete block transactions: 3, TxID list: 1,2,3
2019-09-21 03:49:52,966 [SCMBlockDeletingService#1] INFO  block.SCMBlockDeletingService (SCMBlockDeletingService.java:call(182)) - Totally added 3 delete blocks command for 1 datanodes, task elapsed time: 0ms
2019-09-21 03:49:52,976 [pool-7-thread-1] INFO  commands.RetriableDatanodeEventWatcher (RetriableDatanodeEventWatcher.java:onTimeout(47)) - RetriableDatanodeCommand type=deleteBlocksCommand with id=1569037782642 timed out. Retrying.
2019-09-21 03:49:52,997 [pool-7-thread-1] INFO  commands.RetriableDatanodeEventWatcher (RetriableDatanodeEventWatcher.java:onTimeout(47)) - RetriableDatanodeCommand type=deleteBlocksCommand with id=1569037782652 timed out. Retrying.
2019-09-21 03:49:53,012 [pool-7-thread-1] INFO  commands.RetriableDatanodeEventWatcher (RetriableDatanodeEventWatcher.java:onTimeout(47)) - RetriableDatanodeCommand type=deleteBlocksCommand with id=1569037782662 timed out. Retrying.
2019-09-21 03:49:53,013 [pool-7-thread-2] INFO  commands.RetriableDatanodeEventWatcher (RetriableDatanodeEventWatcher.java:onTimeout(47)) - RetriableDatanodeCommand type=deleteBlocksCommand with id=1569037782603 timed out. Retrying.
2019-09-21 03:49:53,025 [pool-7-thread-2] INFO  commands.RetriableDatanodeEventWatcher (RetriableDatanodeEventWatcher.java:onTimeout(47)) - RetriableDatanodeCommand type=deleteBlocksCommand with id=1569037782672 timed out. Retrying.
2019-09-21 03:49:53,029 [pool-7-thread-2] INFO  commands.RetriableDatanodeEventWatcher (RetriableDatanodeEventWatcher.java:onTimeout(47)) - RetriableDatanodeCommand type=deleteBlocksCommand with id=1569037782613 timed out. Retrying.
2019-09-21 03:49:53,040 [pool-7-thread-2] INFO  commands.RetriableDatanodeEventWatcher (RetriableDatanodeEventWatcher.java:onTimeout(47)) - RetriableDatanodeCommand type=deleteBlocksCommand with id=1569037782682 timed out. Retrying.
2019-09-21 03:49:53,041 [pool-7-thread-2] INFO  commands.RetriableDatanodeEventWatcher (RetriableDatanodeEventWatcher.java:onTimeout(47)) - RetriableDatanodeCommand type=deleteBlocksCommand with id=1569037782623 timed out. Retrying.
2019-09-21 03:49:53,053 [pool-7-thread-2] INFO  commands.RetriableDatanodeEventWatcher (RetriableDatanodeEventWatcher.java:onTimeout(47)) - RetriableDatanodeCommand type=deleteBlocksCommand with id=1569037782692 timed out. Retrying.
2019-09-21 03:49:53,061 [pool-7-thread-2] INFO  commands.RetriableDatanodeEventWatcher (RetriableDatanodeEventWatcher.java:onTimeout(47)) - RetriableDatanodeCommand type=deleteBlocksCommand with id=1569037782633 timed out. Retrying.
2019-09-21 03:49:53,066 [SCMBlockDeletingService#1] DEBUG block.SCMBlockDeletingService (SCMBlockDeletingService.java:call(138)) - Running DeletedBlockTransactionScanner
2019-09-21 03:49:53,066 [SCMBlockDeletingService#1] DEBUG block.SCMBlockDeletingService (SCMBlockDeletingService.java:call(155)) - Scanned deleted blocks log and got 3 delTX to process.
2019-09-21 03:49:53,066 [SCMBlockDeletingService#1] DEBUG block.SCMBlockDeletingService (SCMBlockDeletingService.java:call(171)) - Added delete block command for datanode 555a71b6-7320-443e-bd9a-47cd6ebfc0cf in the queue, number of delete block transactions: 3, TxID list: 1,2,3
2019-09-21 03:49:53,067 [SCMBlockDeletingService#1] INFO  block.SCMBlockDeletingService (SCMBlockDeletingService.java:call(182)) - Totally added 3 delete blocks command for 1 datanodes, task elapsed time: 1ms
2019-09-21 03:49:53,076 [pool-7-thread-2] INFO  commands.RetriableDatanodeEventWatcher (RetriableDatanodeEventWatcher.java:onTimeout(47)) - RetriableDatanodeCommand type=deleteBlocksCommand with id=1569037782643 timed out. Retrying.
2019-09-21 03:49:53,099 [pool-7-thread-2] INFO  commands.RetriableDatanodeEventWatcher (RetriableDatanodeEventWatcher.java:onTimeout(47)) - RetriableDatanodeCommand type=deleteBlocksCommand with id=1569037782653 timed out. Retrying.
2019-09-21 03:49:53,112 [pool-7-thread-2] INFO  commands.RetriableDatanodeEventWatcher (RetriableDatanodeEventWatcher.java:onTimeout(47)) - RetriableDatanodeCommand type=deleteBlocksCommand with id=1569037782663 timed out. Retrying.
2019-09-21 03:49:53,116 [pool-7-thread-2] INFO  commands.RetriableDatanodeEventWatcher (RetriableDatanodeEventWatcher.java:onTimeout(47)) - RetriableDatanodeCommand type=deleteBlocksCommand with id=1569037782604 timed out. Retrying.
2019-09-21 03:49:53,127 [pool-7-thread-2] INFO  commands.RetriableDatanodeEventWatcher (RetriableDatanodeEventWatcher.java:onTimeout(47)) - RetriableDatanodeCommand type=deleteBlocksCommand with id=1569037782673 timed out. Retrying.
2019-09-21 03:49:53,128 [pool-7-thread-2] INFO  commands.RetriableDatanodeEventWatcher (RetriableDatanodeEventWatcher.java:onTimeout(47)) - RetriableDatanodeCommand type=deleteBlocksCommand with id=1569037782614 timed out. Retrying.
2019-09-21 03:49:53,141 [pool-7-thread-2] INFO  commands.RetriableDatanodeEventWatcher (RetriableDatanodeEventWatcher.java:onTimeout(47)) - RetriableDatanodeCommand type=deleteBlocksCommand with id=1569037782683 timed out. Retrying.
2019-09-21 03:49:53,147 [pool-7-thread-2] INFO  commands.RetriableDatanodeEventWatcher (RetriableDatanodeEventWatcher.java:onTimeout(47)) - RetriableDatanodeCommand type=deleteBlocksCommand with id=1569037782624 timed out. Retrying.
2019-09-21 03:49:53,154 [pool-7-thread-2] INFO  commands.RetriableDatanodeEventWatcher (RetriableDatanodeEventWatcher.java:onTimeout(47)) - RetriableDatanodeCommand type=deleteBlocksCommand with id=1569037782693 timed out. Retrying.
2019-09-21 03:49:53,160 [pool-7-thread-2] INFO  commands.RetriableDatanodeEventWatcher (RetriableDatanodeEventWatcher.java:onTimeout(47)) - RetriableDatanodeCommand type=deleteBlocksCommand with id=1569037782634 timed out. Retrying.
2019-09-21 03:49:53,167 [SCMBlockDeletingService#1] DEBUG block.SCMBlockDeletingService (SCMBlockDeletingService.java:call(138)) - Running DeletedBlockTransactionScanner
2019-09-21 03:49:53,167 [SCMBlockDeletingService#1] DEBUG block.SCMBlockDeletingService (SCMBlockDeletingService.java:call(155)) - Scanned deleted blocks log and got 3 delTX to process.
2019-09-21 03:49:53,167 [SCMBlockDeletingService#1] DEBUG block.SCMBlockDeletingService (SCMBlockDeletingService.java:call(171)) - Added delete block command for datanode 555a71b6-7320-443e-bd9a-47cd6ebfc0cf in the queue, number of delete block transactions: 3, TxID list: 1,2,3
2019-09-21 03:49:53,168 [SCMBlockDeletingService#1] INFO  block.SCMBlockDeletingService (SCMBlockDeletingService.java:call(182)) - Totally added 3 delete blocks command for 1 datanodes, task elapsed time: 0ms
2019-09-21 03:49:53,178 [pool-7-thread-2] INFO  commands.RetriableDatanodeEventWatcher (RetriableDatanodeEventWatcher.java:onTimeout(47)) - RetriableDatanodeCommand type=deleteBlocksCommand with id=1569037782644 timed out. Retrying.
2019-09-21 03:49:53,201 [pool-7-thread-2] INFO  commands.RetriableDatanodeEventWatcher (RetriableDatanodeEventWatcher.java:onTimeout(47)) - RetriableDatanodeCommand type=deleteBlocksCommand with id=1569037782654 timed out. Retrying.
2019-09-21 03:49:53,212 [pool-7-thread-2] INFO  commands.RetriableDatanodeEventWatcher (RetriableDatanodeEventWatcher.java:onTimeout(47)) - RetriableDatanodeCommand type=deleteBlocksCommand with id=1569037782664 timed out. Retrying.
2019-09-21 03:49:53,219 [pool-7-thread-2] INFO  commands.RetriableDatanodeEventWatcher (RetriableDatanodeEventWatcher.java:onTimeout(47)) - RetriableDatanodeCommand type=deleteBlocksCommand with id=1569037782605 timed out. Retrying.
2019-09-21 03:49:53,226 [pool-7-thread-2] INFO  commands.RetriableDatanodeEventWatcher (RetriableDatanodeEventWatcher.java:onTimeout(47)) - RetriableDatanodeCommand type=deleteBlocksCommand with id=1569037782674 timed out. Retrying.
2019-09-21 03:49:53,232 [pool-7-thread-2] INFO  commands.RetriableDatanodeEventWatcher (RetriableDatanodeEventWatcher.java:onTimeout(47)) - RetriableDatanodeCommand type=deleteBlocksCommand with id=1569037782615 timed out. Retrying.
2019-09-21 03:49:53,243 [pool-7-thread-2] INFO  commands.RetriableDatanodeEventWatcher (RetriableDatanodeEventWatcher.java:onTimeout(47)) - RetriableDatanodeCommand type=deleteBlocksCommand with id=1569037782684 timed out. Retrying.
2019-09-21 03:49:53,248 [pool-7-thread-2] INFO  commands.RetriableDatanodeEventWatcher (RetriableDatanodeEventWatcher.java:onTimeout(47)) - RetriableDatanodeCommand type=deleteBlocksCommand with id=1569037782625 timed out. Retrying.
2019-09-21 03:49:53,256 [pool-7-thread-2] INFO  commands.RetriableDatanodeEventWatcher (RetriableDatanodeEventWatcher.java:onTimeout(47)) - RetriableDatanodeCommand type=deleteBlocksCommand with id=1569037782694 timed out. Retrying.
2019-09-21 03:49:53,261 [pool-7-thread-2] INFO  commands.RetriableDatanodeEventWatcher (RetriableDatanodeEventWatcher.java:onTimeout(47)) - RetriableDatanodeCommand type=deleteBlocksCommand with id=1569037782635 timed out. Retrying.
2019-09-21 03:49:53,268 [SCMBlockDeletingService#1] DEBUG block.SCMBlockDeletingService (SCMBlockDeletingService.java:call(138)) - Running DeletedBlockTransactionScanner
2019-09-21 03:49:53,268 [SCMBlockDeletingService#1] DEBUG block.SCMBlockDeletingService (SCMBlockDeletingService.java:call(155)) - Scanned deleted blocks log and got 3 delTX to process.
2019-09-21 03:49:53,268 [SCMBlockDeletingService#1] DEBUG block.SCMBlockDeletingService (SCMBlockDeletingService.java:call(171)) - Added delete block command for datanode 555a71b6-7320-443e-bd9a-47cd6ebfc0cf in the queue, number of delete block transactions: 3, TxID list: 1,2,3
2019-09-21 03:49:53,269 [SCMBlockDeletingService#1] INFO  block.SCMBlockDeletingService (SCMBlockDeletingService.java:call(182)) - Totally added 3 delete blocks command for 1 datanodes, task elapsed time: 0ms
2019-09-21 03:49:53,282 [pool-7-thread-2] INFO  commands.RetriableDatanodeEventWatcher (RetriableDatanodeEventWatcher.java:onTimeout(47)) - RetriableDatanodeCommand type=deleteBlocksCommand with id=1569037782645 timed out. Retrying.
2019-09-21 03:49:53,301 [pool-7-thread-2] INFO  commands.RetriableDatanodeEventWatcher (RetriableDatanodeEventWatcher.java:onTimeout(47)) - RetriableDatanodeCommand type=deleteBlocksCommand with id=1569037782655 timed out. Retrying.
2019-09-21 03:49:53,313 [pool-7-thread-2] INFO  commands.RetriableDatanodeEventWatcher (RetriableDatanodeEventWatcher.java:onTimeout(47)) - RetriableDatanodeCommand type=deleteBlocksCommand with id=1569037782665 timed out. Retrying.
2019-09-21 03:49:53,321 [pool-7-thread-2] INFO  commands.RetriableDatanodeEventWatcher (RetriableDatanodeEventWatcher.java:onTimeout(47)) - RetriableDatanodeCommand type=deleteBlocksCommand with id=1569037782606 timed out. Retrying.
2019-09-21 03:49:53,328 [pool-7-thread-2] INFO  commands.RetriableDatanodeEventWatcher (RetriableDatanodeEventWatcher.java:onTimeout(47)) - RetriableDatanodeCommand type=deleteBlocksCommand with id=1569037782675 timed out. Retrying.
2019-09-21 03:49:53,332 [pool-7-thread-2] INFO  commands.RetriableDatanodeEventWatcher (RetriableDatanodeEventWatcher.java:onTimeout(47)) - RetriableDatanodeCommand type=deleteBlocksCommand with id=1569037782616 timed out. Retrying.
2019-09-21 03:49:53,344 [pool-7-thread-2] INFO  commands.RetriableDatanodeEventWatcher (RetriableDatanodeEventWatcher.java:onTimeout(47)) - RetriableDatanodeCommand type=deleteBlocksCommand with id=1569037782685 timed out. Retrying.
2019-09-21 03:49:53,349 [pool-7-thread-2] INFO  commands.RetriableDatanodeEventWatcher (RetriableDatanodeEventWatcher.java:onTimeout(47)) - RetriableDatanodeCommand type=deleteBlocksCommand with id=1569037782626 timed out. Retrying.
2019-09-21 03:49:53,358 [pool-7-thread-2] INFO  commands.RetriableDatanodeEventWatcher (RetriableDatanodeEventWatcher.java:onTimeout(47)) - RetriableDatanodeCommand type=deleteBlocksCommand with id=1569037782695 timed out. Retrying.
2019-09-21 03:49:53,366 [pool-7-thread-2] INFO  commands.RetriableDatanodeEventWatcher (RetriableDatanodeEventWatcher.java:onTimeout(47)) - RetriableDatanodeCommand type=deleteBlocksCommand with id=1569037782636 timed out. Retrying.
2019-09-21 03:49:53,369 [SCMBlockDeletingService#1] DEBUG block.SCMBlockDeletingService (SCMBlockDeletingService.java:call(138)) - Running DeletedBlockTransactionScanner
2019-09-21 03:49:53,369 [SCMBlockDeletingService#1] DEBUG block.SCMBlockDeletingService (SCMBlockDeletingService.java:call(155)) - Scanned deleted blocks log and got 3 delTX to process.
2019-09-21 03:49:53,369 [SCMBlockDeletingService#1] DEBUG block.SCMBlockDeletingService (SCMBlockDeletingService.java:call(171)) - Added delete block command for datanode 555a71b6-7320-443e-bd9a-47cd6ebfc0cf in the queue, number of delete block transactions: 3, TxID list: 1,2,3
2019-09-21 03:49:53,369 [SCMBlockDeletingService#1] INFO  block.SCMBlockDeletingService (SCMBlockDeletingService.java:call(182)) - Totally added 3 delete blocks command for 1 datanodes, task elapsed time: 0ms
2019-09-21 03:49:53,380 [pool-7-thread-2] INFO  commands.RetriableDatanodeEventWatcher (RetriableDatanodeEventWatcher.java:onTimeout(47)) - RetriableDatanodeCommand type=deleteBlocksCommand with id=1569037782646 timed out. Retrying.
2019-09-21 03:49:53,397 [main] INFO  ozone.MiniOzoneClusterImpl (MiniOzoneClusterImpl.java:lambda$waitForClusterToBeReady$0(147)) - Waiting for cluster to be ready. Got 0 of 1 DN Heartbeats.
2019-09-21 03:49:53,403 [pool-7-thread-2] INFO  commands.RetriableDatanodeEventWatcher (RetriableDatanodeEventWatcher.java:onTimeout(47)) - RetriableDatanodeCommand type=deleteBlocksCommand with id=1569037782656 timed out. Retrying.
2019-09-21 03:49:53,417 [pool-7-thread-2] INFO  commands.RetriableDatanodeEventWatcher (RetriableDatanodeEventWatcher.java:onTimeout(47)) - RetriableDatanodeCommand type=deleteBlocksCommand with id=1569037782666 timed out. Retrying.
2019-09-21 03:49:53,421 [pool-7-thread-2] INFO  commands.RetriableDatanodeEventWatcher (RetriableDatanodeEventWatcher.java:onTimeout(47)) - RetriableDatanodeCommand type=deleteBlocksCommand with id=1569037782607 timed out. Retrying.
2019-09-21 03:49:53,431 [pool-7-thread-2] INFO  commands.RetriableDatanodeEventWatcher (RetriableDatanodeEventWatcher.java:onTimeout(47)) - RetriableDatanodeCommand type=deleteBlocksCommand with id=1569037782676 timed out. Retrying.
2019-09-21 03:49:53,434 [pool-7-thread-2] INFO  commands.RetriableDatanodeEventWatcher (RetriableDatanodeEventWatcher.java:onTimeout(47)) - RetriableDatanodeCommand type=deleteBlocksCommand with id=1569037782617 timed out. Retrying.
2019-09-21 03:49:53,445 [pool-7-thread-2] INFO  commands.RetriableDatanodeEventWatcher (RetriableDatanodeEventWatcher.java:onTimeout(47)) - RetriableDatanodeCommand type=deleteBlocksCommand with id=1569037782686 timed out. Retrying.
2019-09-21 03:49:53,451 [pool-7-thread-2] INFO  commands.RetriableDatanodeEventWatcher (RetriableDatanodeEventWatcher.java:onTimeout(47)) - RetriableDatanodeCommand type=deleteBlocksCommand with id=1569037782627 timed out. Retrying.
2019-09-21 03:49:53,458 [pool-7-thread-2] INFO  commands.RetriableDatanodeEventWatcher (RetriableDatanodeEventWatcher.java:onTimeout(47)) - RetriableDatanodeCommand type=deleteBlocksCommand with id=1569037782696 timed out. Retrying.
2019-09-21 03:49:53,466 [pool-7-thread-2] INFO  commands.RetriableDatanodeEventWatcher (RetriableDatanodeEventWatcher.java:onTimeout(47)) - RetriableDatanodeCommand type=deleteBlocksCommand with id=1569037782637 timed out. Retrying.
2019-09-21 03:49:53,470 [SCMBlockDeletingService#1] DEBUG block.SCMBlockDeletingService (SCMBlockDeletingService.java:call(138)) - Running DeletedBlockTransactionScanner
2019-09-21 03:49:53,470 [SCMBlockDeletingService#1] DEBUG block.SCMBlockDeletingService (SCMBlockDeletingService.java:call(155)) - Scanned deleted blocks log and got 3 delTX to process.
2019-09-21 03:49:53,470 [SCMBlockDeletingService#1] DEBUG block.SCMBlockDeletingService (SCMBlockDeletingService.java:call(171)) - Added delete block command for datanode 555a71b6-7320-443e-bd9a-47cd6ebfc0cf in the queue, number of delete block transactions: 3, TxID list: 1,2,3
2019-09-21 03:49:53,471 [SCMBlockDeletingService#1] INFO  block.SCMBlockDeletingService (SCMBlockDeletingService.java:call(182)) - Totally added 3 delete blocks command for 1 datanodes, task elapsed time: 1ms
2019-09-21 03:49:53,485 [pool-7-thread-2] INFO  commands.RetriableDatanodeEventWatcher (RetriableDatanodeEventWatcher.java:onTimeout(47)) - RetriableDatanodeCommand type=deleteBlocksCommand with id=1569037782647 timed out. Retrying.
2019-09-21 03:49:53,501 [pool-7-thread-2] INFO  commands.RetriableDatanodeEventWatcher (RetriableDatanodeEventWatcher.java:onTimeout(47)) - RetriableDatanodeCommand type=deleteBlocksCommand with id=1569037782657 timed out. Retrying.
2019-09-21 03:49:53,520 [pool-7-thread-2] INFO  commands.RetriableDatanodeEventWatcher (RetriableDatanodeEventWatcher.java:onTimeout(47)) - RetriableDatanodeCommand type=deleteBlocksCommand with id=1569037782667 timed out. Retrying.
2019-09-21 03:49:53,520 [pool-7-thread-2] INFO  commands.RetriableDatanodeEventWatcher (RetriableDatanodeEventWatcher.java:onTimeout(47)) - RetriableDatanodeCommand type=deleteBlocksCommand with id=1569037782608 timed out. Retrying.
2019-09-21 03:49:53,532 [pool-7-thread-2] INFO  commands.RetriableDatanodeEventWatcher (RetriableDatanodeEventWatcher.java:onTimeout(47)) - RetriableDatanodeCommand type=deleteBlocksCommand with id=1569037782677 timed out. Retrying.
2019-09-21 03:49:53,536 [pool-7-thread-2] INFO  commands.RetriableDatanodeEventWatcher (RetriableDatanodeEventWatcher.java:onTimeout(47)) - RetriableDatanodeCommand type=deleteBlocksCommand with id=1569037782618 timed out. Retrying.
2019-09-21 03:49:53,547 [pool-7-thread-2] INFO  commands.RetriableDatanodeEventWatcher (RetriableDatanodeEventWatcher.java:onTimeout(47)) - RetriableDatanodeCommand type=deleteBlocksCommand with id=1569037782687 timed out. Retrying.
2019-09-21 03:49:53,550 [pool-7-thread-2] INFO  commands.RetriableDatanodeEventWatcher (RetriableDatanodeEventWatcher.java:onTimeout(47)) - RetriableDatanodeCommand type=deleteBlocksCommand with id=1569037782628 timed out. Retrying.
2019-09-21 03:49:53,560 [pool-7-thread-2] INFO  commands.RetriableDatanodeEventWatcher (RetriableDatanodeEventWatcher.java:onTimeout(47)) - RetriableDatanodeCommand type=deleteBlocksCommand with id=1569037782697 timed out. Retrying.
2019-09-21 03:49:53,569 [pool-7-thread-2] INFO  commands.RetriableDatanodeEventWatcher (RetriableDatanodeEventWatcher.java:onTimeout(47)) - RetriableDatanodeCommand type=deleteBlocksCommand with id=1569037782638 timed out. Retrying.
2019-09-21 03:49:53,571 [SCMBlockDeletingService#1] DEBUG block.SCMBlockDeletingService (SCMBlockDeletingService.java:call(138)) - Running DeletedBlockTransactionScanner
2019-09-21 03:49:53,572 [SCMBlockDeletingService#1] DEBUG block.SCMBlockDeletingService (SCMBlockDeletingService.java:call(155)) - Scanned deleted blocks log and got 3 delTX to process.
2019-09-21 03:49:53,572 [SCMBlockDeletingService#1] DEBUG block.SCMBlockDeletingService (SCMBlockDeletingService.java:call(171)) - Added delete block command for datanode 555a71b6-7320-443e-bd9a-47cd6ebfc0cf in the queue, number of delete block transactions: 3, TxID list: 1,2,3
2019-09-21 03:49:53,572 [SCMBlockDeletingService#1] INFO  block.SCMBlockDeletingService (SCMBlockDeletingService.java:call(182)) - Totally added 3 delete blocks command for 1 datanodes, task elapsed time: 1ms
2019-09-21 03:49:53,586 [pool-7-thread-2] INFO  commands.RetriableDatanodeEventWatcher (RetriableDatanodeEventWatcher.java:onTimeout(47)) - RetriableDatanodeCommand type=deleteBlocksCommand with id=1569037782648 timed out. Retrying.
2019-09-21 03:49:53,606 [pool-7-thread-2] INFO  commands.RetriableDatanodeEventWatcher (RetriableDatanodeEventWatcher.java:onTimeout(47)) - RetriableDatanodeCommand type=deleteBlocksCommand with id=1569037782658 timed out. Retrying.
2019-09-21 03:49:53,607 [pool-7-thread-2] INFO  commands.RetriableDatanodeEventWatcher (RetriableDatanodeEventWatcher.java:onTimeout(47)) - RetriableDatanodeCommand type=deleteBlocksCommand with id=1569037782599 timed out. Retrying.
2019-09-21 03:49:53,620 [pool-7-thread-2] INFO  commands.RetriableDatanodeEventWatcher (RetriableDatanodeEventWatcher.java:onTimeout(47)) - RetriableDatanodeCommand type=deleteBlocksCommand with id=1569037782668 timed out. Retrying.
2019-09-21 03:49:53,622 [pool-7-thread-2] INFO  commands.RetriableDatanodeEventWatcher (RetriableDatanodeEventWatcher.java:onTimeout(47)) - RetriableDatanodeCommand type=deleteBlocksCommand with id=1569037782609 timed out. Retrying.
2019-09-21 03:49:53,633 [pool-7-thread-2] INFO  commands.RetriableDatanodeEventWatcher (RetriableDatanodeEventWatcher.java:onTimeout(47)) - RetriableDatanodeCommand type=deleteBlocksCommand with id=1569037782678 timed out. Retrying.
2019-09-21 03:49:53,638 [pool-7-thread-2] INFO  commands.RetriableDatanodeEventWatcher (RetriableDatanodeEventWatcher.java:onTimeout(47)) - RetriableDatanodeCommand type=deleteBlocksCommand with id=1569037782619 timed out. Retrying.
2019-09-21 03:49:53,647 [pool-7-thread-2] INFO  commands.RetriableDatanodeEventWatcher (RetriableDatanodeEventWatcher.java:onTimeout(47)) - RetriableDatanodeCommand type=deleteBlocksCommand with id=1569037782688 timed out. Retrying.
2019-09-21 03:49:53,654 [pool-7-thread-2] INFO  commands.RetriableDatanodeEventWatcher (RetriableDatanodeEventWatcher.java:onTimeout(47)) - RetriableDatanodeCommand type=deleteBlocksCommand with id=1569037782629 timed out. Retrying.
2019-09-21 03:49:53,661 [pool-7-thread-2] INFO  commands.RetriableDatanodeEventWatcher (RetriableDatanodeEventWatcher.java:onTimeout(47)) - RetriableDatanodeCommand type=deleteBlocksCommand with id=1569037782698 timed out. Retrying.
2019-09-21 03:49:53,671 [pool-7-thread-2] INFO  commands.RetriableDatanodeEventWatcher (RetriableDatanodeEventWatcher.java:onTimeout(47)) - RetriableDatanodeCommand type=deleteBlocksCommand with id=1569037782639 timed out. Retrying.
2019-09-21 03:49:53,673 [SCMBlockDeletingService#1] DEBUG block.SCMBlockDeletingService (SCMBlockDeletingService.java:call(138)) - Running DeletedBlockTransactionScanner
2019-09-21 03:49:53,673 [SCMBlockDeletingService#1] DEBUG block.SCMBlockDeletingService (SCMBlockDeletingService.java:call(155)) - Scanned deleted blocks log and got 3 delTX to process.
2019-09-21 03:49:53,673 [SCMBlockDeletingService#1] DEBUG block.SCMBlockDeletingService (SCMBlockDeletingService.java:call(171)) - Added delete block command for datanode 555a71b6-7320-443e-bd9a-47cd6ebfc0cf in the queue, number of delete block transactions: 3, TxID list: 1,2,3
2019-09-21 03:49:53,673 [SCMBlockDeletingService#1] INFO  block.SCMBlockDeletingService (SCMBlockDeletingService.java:call(182)) - Totally added 3 delete blocks command for 1 datanodes, task elapsed time: 1ms
2019-09-21 03:49:53,694 [pool-7-thread-2] INFO  commands.RetriableDatanodeEventWatcher (RetriableDatanodeEventWatcher.java:onTimeout(47)) - RetriableDatanodeCommand type=deleteBlocksCommand with id=1569037782649 timed out. Retrying.
2019-09-21 03:49:53,705 [pool-7-thread-2] INFO  commands.RetriableDatanodeEventWatcher (RetriableDatanodeEventWatcher.java:onTimeout(47)) - RetriableDatanodeCommand type=deleteBlocksCommand with id=1569037782659 timed out. Retrying.
2019-09-21 03:49:53,710 [pool-7-thread-2] INFO  commands.RetriableDatanodeEventWatcher (RetriableDatanodeEventWatcher.java:onTimeout(47)) - RetriableDatanodeCommand type=deleteBlocksCommand with id=1569037782600 timed out. Retrying.
2019-09-21 03:49:53,720 [pool-7-thread-2] INFO  commands.RetriableDatanodeEventWatcher (RetriableDatanodeEventWatcher.java:onTimeout(47)) - RetriableDatanodeCommand type=deleteBlocksCommand with id=1569037782669 timed out. Retrying.
2019-09-21 03:49:53,727 [pool-7-thread-2] INFO  commands.RetriableDatanodeEventWatcher (RetriableDatanodeEventWatcher.java:onTimeout(47)) - RetriableDatanodeCommand type=deleteBlocksCommand with id=1569037782610 timed out. Retrying.
2019-09-21 03:49:53,735 [pool-7-thread-2] INFO  commands.RetriableDatanodeEventWatcher (RetriableDatanodeEventWatcher.java:onTimeout(47)) - RetriableDatanodeCommand type=deleteBlocksCommand with id=1569037782679 timed out. Retrying.
2019-09-21 03:49:53,739 [pool-7-thread-2] INFO  commands.RetriableDatanodeEventWatcher (RetriableDatanodeEventWatcher.java:onTimeout(47)) - RetriableDatanodeCommand type=deleteBlocksCommand with id=1569037782620 timed out. Retrying.
2019-09-21 03:49:53,750 [pool-7-thread-2] INFO  commands.RetriableDatanodeEventWatcher (RetriableDatanodeEventWatcher.java:onTimeout(47)) - RetriableDatanodeCommand type=deleteBlocksCommand with id=1569037782689 timed out. Retrying.
2019-09-21 03:49:53,755 [pool-7-thread-2] INFO  commands.RetriableDatanodeEventWatcher (RetriableDatanodeEventWatcher.java:onTimeout(47)) - RetriableDatanodeCommand type=deleteBlocksCommand with id=1569037782630 timed out. Retrying.
2019-09-21 03:49:53,764 [pool-7-thread-2] INFO  commands.RetriableDatanodeEventWatcher (RetriableDatanodeEventWatcher.java:onTimeout(47)) - RetriableDatanodeCommand type=deleteBlocksCommand with id=1569037782699 timed out. Retrying.
2019-09-21 03:49:53,770 [pool-7-thread-2] INFO  commands.RetriableDatanodeEventWatcher (RetriableDatanodeEventWatcher.java:onTimeout(47)) - RetriableDatanodeCommand type=deleteBlocksCommand with id=1569037782640 timed out. Retrying.
2019-09-21 03:49:53,774 [SCMBlockDeletingService#1] DEBUG block.SCMBlockDeletingService (SCMBlockDeletingService.java:call(138)) - Running DeletedBlockTransactionScanner
2019-09-21 03:49:53,774 [SCMBlockDeletingService#1] DEBUG block.SCMBlockDeletingService (SCMBlockDeletingService.java:call(155)) - Scanned deleted blocks log and got 3 delTX to process.
2019-09-21 03:49:53,774 [SCMBlockDeletingService#1] DEBUG block.SCMBlockDeletingService (SCMBlockDeletingService.java:call(171)) - Added delete block command for datanode 555a71b6-7320-443e-bd9a-47cd6ebfc0cf in the queue, number of delete block transactions: 3, TxID list: 1,2,3
2019-09-21 03:49:53,775 [SCMBlockDeletingService#1] INFO  block.SCMBlockDeletingService (SCMBlockDeletingService.java:call(182)) - Totally added 3 delete blocks command for 1 datanodes, task elapsed time: 1ms
2019-09-21 03:49:53,794 [pool-7-thread-2] INFO  commands.RetriableDatanodeEventWatcher (RetriableDatanodeEventWatcher.java:onTimeout(47)) - RetriableDatanodeCommand type=deleteBlocksCommand with id=1569037782650 timed out. Retrying.
2019-09-21 03:49:53,807 [pool-7-thread-2] INFO  commands.RetriableDatanodeEventWatcher (RetriableDatanodeEventWatcher.java:onTimeout(47)) - RetriableDatanodeCommand type=deleteBlocksCommand with id=1569037782660 timed out. Retrying.
2019-09-21 03:49:53,809 [pool-7-thread-2] INFO  commands.RetriableDatanodeEventWatcher (RetriableDatanodeEventWatcher.java:onTimeout(47)) - RetriableDatanodeCommand type=deleteBlocksCommand with id=1569037782601 timed out. Retrying.
2019-09-21 03:49:53,825 [pool-7-thread-2] INFO  commands.RetriableDatanodeEventWatcher (RetriableDatanodeEventWatcher.java:onTimeout(47)) - RetriableDatanodeCommand type=deleteBlocksCommand with id=1569037782670 timed out. Retrying.
2019-09-21 03:49:53,825 [pool-7-thread-1] INFO  commands.RetriableDatanodeEventWatcher (RetriableDatanodeEventWatcher.java:onTimeout(47)) - RetriableDatanodeCommand type=deleteBlocksCommand with id=1569037782611 timed out. Retrying.
2019-09-21 03:49:53,836 [pool-7-thread-1] INFO  commands.RetriableDatanodeEventWatcher (RetriableDatanodeEventWatcher.java:onTimeout(47)) - RetriableDatanodeCommand type=deleteBlocksCommand with id=1569037782680 timed out. Retrying.
2019-09-21 03:49:53,842 [pool-7-thread-1] INFO  commands.RetriableDatanodeEventWatcher (RetriableDatanodeEventWatcher.java:onTimeout(47)) - RetriableDatanodeCommand type=deleteBlocksCommand with id=1569037782621 timed out. Retrying.
2019-09-21 03:49:53,851 [pool-7-thread-1] INFO  commands.RetriableDatanodeEventWatcher (RetriableDatanodeEventWatcher.java:onTimeout(47)) - RetriableDatanodeCommand type=deleteBlocksCommand with id=1569037782690 timed out. Retrying.
2019-09-21 03:49:53,857 [pool-7-thread-1] INFO  commands.RetriableDatanodeEventWatcher (RetriableDatanodeEventWatcher.java:onTimeout(47)) - RetriableDatanodeCommand type=deleteBlocksCommand with id=1569037782631 timed out. Retrying.
2019-09-21 03:49:53,865 [pool-7-thread-1] INFO  commands.RetriableDatanodeEventWatcher (RetriableDatanodeEventWatcher.java:onTimeout(47)) - RetriableDatanodeCommand type=deleteBlocksCommand with id=1569037782700 timed out. Retrying.
2019-09-21 03:49:53,870 [pool-7-thread-1] INFO  commands.RetriableDatanodeEventWatcher (RetriableDatanodeEventWatcher.java:onTimeout(47)) - RetriableDatanodeCommand type=deleteBlocksCommand with id=1569037782641 timed out. Retrying.
2019-09-21 03:49:53,875 [SCMBlockDeletingService#1] DEBUG block.SCMBlockDeletingService (SCMBlockDeletingService.java:call(138)) - Running DeletedBlockTransactionScanner
2019-09-21 03:49:53,875 [SCMBlockDeletingService#1] DEBUG block.SCMBlockDeletingService (SCMBlockDeletingService.java:call(155)) - Scanned deleted blocks log and got 3 delTX to process.
2019-09-21 03:49:53,876 [SCMBlockDeletingService#1] DEBUG block.SCMBlockDeletingService (SCMBlockDeletingService.java:call(171)) - Added delete block command for datanode 555a71b6-7320-443e-bd9a-47cd6ebfc0cf in the queue, number of delete block transactions: 3, TxID list: 1,2,3
2019-09-21 03:49:53,876 [SCMBlockDeletingService#1] INFO  block.SCMBlockDeletingService (SCMBlockDeletingService.java:call(182)) - Totally added 3 delete blocks command for 1 datanodes, task elapsed time: 1ms
2019-09-21 03:49:53,898 [pool-7-thread-1] INFO  commands.RetriableDatanodeEventWatcher (RetriableDatanodeEventWatcher.java:onTimeout(47)) - RetriableDatanodeCommand type=deleteBlocksCommand with id=1569037782651 timed out. Retrying.
2019-09-21 03:49:53,908 [pool-7-thread-1] INFO  commands.RetriableDatanodeEventWatcher (RetriableDatanodeEventWatcher.java:onTimeout(47)) - RetriableDatanodeCommand type=deleteBlocksCommand with id=1569037782661 timed out. Retrying.
2019-09-21 03:49:53,915 [pool-7-thread-1] INFO  commands.RetriableDatanodeEventWatcher (RetriableDatanodeEventWatcher.java:onTimeout(47)) - RetriableDatanodeCommand type=deleteBlocksCommand with id=1569037782602 timed out. Retrying.
2019-09-21 03:49:53,923 [pool-7-thread-1] INFO  commands.RetriableDatanodeEventWatcher (RetriableDatanodeEventWatcher.java:onTimeout(47)) - RetriableDatanodeCommand type=deleteBlocksCommand with id=1569037782671 timed out. Retrying.
2019-09-21 03:49:53,927 [pool-7-thread-1] INFO  commands.RetriableDatanodeEventWatcher (RetriableDatanodeEventWatcher.java:onTimeout(47)) - RetriableDatanodeCommand type=deleteBlocksCommand with id=1569037782612 timed out. Retrying.
2019-09-21 03:49:53,939 [pool-7-thread-1] INFO  commands.RetriableDatanodeEventWatcher (RetriableDatanodeEventWatcher.java:onTimeout(47)) - RetriableDatanodeCommand type=deleteBlocksCommand with id=1569037782681 timed out. Retrying.
2019-09-21 03:49:53,943 [pool-7-thread-1] INFO  commands.RetriableDatanodeEventWatcher (RetriableDatanodeEventWatcher.java:onTimeout(47)) - RetriableDatanodeCommand type=deleteBlocksCommand with id=1569037782622 timed out. Retrying.
2019-09-21 03:49:53,951 [pool-7-thread-1] INFO  commands.RetriableDatanodeEventWatcher (RetriableDatanodeEventWatcher.java:onTimeout(47)) - RetriableDatanodeCommand type=deleteBlocksCommand with id=1569037782691 timed out. Retrying.
2019-09-21 03:49:53,957 [pool-7-thread-1] INFO  commands.RetriableDatanodeEventWatcher (RetriableDatanodeEventWatcher.java:onTimeout(47)) - RetriableDatanodeCommand type=deleteBlocksCommand with id=1569037782632 timed out. Retrying.
2019-09-21 03:49:53,965 [pool-7-thread-1] INFO  commands.RetriableDatanodeEventWatcher (RetriableDatanodeEventWatcher.java:onTimeout(47)) - RetriableDatanodeCommand type=deleteBlocksCommand with id=1569037782701 timed out. Retrying.
2019-09-21 03:49:53,976 [pool-7-thread-1] INFO  commands.RetriableDatanodeEventWatcher (RetriableDatanodeEventWatcher.java:onTimeout(47)) - RetriableDatanodeCommand type=deleteBlocksCommand with id=1569037782642 timed out. Retrying.
2019-09-21 03:49:53,976 [SCMBlockDeletingService#1] DEBUG block.SCMBlockDeletingService (SCMBlockDeletingService.java:call(138)) - Running DeletedBlockTransactionScanner
2019-09-21 03:49:53,977 [SCMBlockDeletingService#1] DEBUG block.SCMBlockDeletingService (SCMBlockDeletingService.java:call(155)) - Scanned deleted blocks log and got 3 delTX to process.
2019-09-21 03:49:53,977 [SCMBlockDeletingService#1] DEBUG block.SCMBlockDeletingService (SCMBlockDeletingService.java:call(171)) - Added delete block command for datanode 555a71b6-7320-443e-bd9a-47cd6ebfc0cf in the queue, number of delete block transactions: 3, TxID list: 1,2,3
2019-09-21 03:49:53,977 [SCMBlockDeletingService#1] INFO  block.SCMBlockDeletingService (SCMBlockDeletingService.java:call(182)) - Totally added 3 delete blocks command for 1 datanodes, task elapsed time: 1ms
2019-09-21 03:49:53,997 [pool-7-thread-1] INFO  commands.RetriableDatanodeEventWatcher (RetriableDatanodeEventWatcher.java:onTimeout(47)) - RetriableDatanodeCommand type=deleteBlocksCommand with id=1569037782652 timed out. Retrying.
2019-09-21 03:49:54,014 [pool-7-thread-2] INFO  commands.RetriableDatanodeEventWatcher (RetriableDatanodeEventWatcher.java:onTimeout(47)) - RetriableDatanodeCommand type=deleteBlocksCommand with id=1569037782603 timed out. Retrying.
2019-09-21 03:49:54,014 [pool-7-thread-1] INFO  commands.RetriableDatanodeEventWatcher (RetriableDatanodeEventWatcher.java:onTimeout(47)) - RetriableDatanodeCommand type=deleteBlocksCommand with id=1569037782662 timed out. Retrying.
2019-09-21 03:49:54,025 [pool-7-thread-1] INFO  commands.RetriableDatanodeEventWatcher (RetriableDatanodeEventWatcher.java:onTimeout(47)) - RetriableDatanodeCommand type=deleteBlocksCommand with id=1569037782672 timed out. Retrying.
2019-09-21 03:49:54,029 [pool-7-thread-1] INFO  commands.RetriableDatanodeEventWatcher (RetriableDatanodeEventWatcher.java:onTimeout(47)) - RetriableDatanodeCommand type=deleteBlocksCommand with id=1569037782613 timed out. Retrying.
2019-09-21 03:49:54,040 [pool-7-thread-1] INFO  commands.RetriableDatanodeEventWatcher (RetriableDatanodeEventWatcher.java:onTimeout(47)) - RetriableDatanodeCommand type=deleteBlocksCommand with id=1569037782682 timed out. Retrying.
2019-09-21 03:49:54,042 [pool-7-thread-1] INFO  commands.RetriableDatanodeEventWatcher (RetriableDatanodeEventWatcher.java:onTimeout(47)) - RetriableDatanodeCommand type=deleteBlocksCommand with id=1569037782623 timed out. Retrying.
2019-09-21 03:49:54,053 [pool-7-thread-1] INFO  commands.RetriableDatanodeEventWatcher (RetriableDatanodeEventWatcher.java:onTimeout(47)) - RetriableDatanodeCommand type=deleteBlocksCommand with id=1569037782692 timed out. Retrying.
2019-09-21 03:49:54,062 [pool-7-thread-1] INFO  commands.RetriableDatanodeEventWatcher (RetriableDatanodeEventWatcher.java:onTimeout(47)) - RetriableDatanodeCommand type=deleteBlocksCommand with id=1569037782633 timed out. Retrying.
2019-09-21 03:49:54,066 [pool-7-thread-1] INFO  commands.RetriableDatanodeEventWatcher (RetriableDatanodeEventWatcher.java:onTimeout(47)) - RetriableDatanodeCommand type=deleteBlocksCommand with id=1569037782702 timed out. Retrying.
2019-09-21 03:49:54,077 [pool-7-thread-1] INFO  commands.RetriableDatanodeEventWatcher (RetriableDatanodeEventWatcher.java:onTimeout(47)) - RetriableDatanodeCommand type=deleteBlocksCommand with id=1569037782643 timed out. Retrying.
2019-09-21 03:49:54,078 [SCMBlockDeletingService#1] DEBUG block.SCMBlockDeletingService (SCMBlockDeletingService.java:call(138)) - Running DeletedBlockTransactionScanner
2019-09-21 03:49:54,078 [SCMBlockDeletingService#1] DEBUG block.SCMBlockDeletingService (SCMBlockDeletingService.java:call(155)) - Scanned deleted blocks log and got 3 delTX to process.
2019-09-21 03:49:54,078 [SCMBlockDeletingService#1] DEBUG block.SCMBlockDeletingService (SCMBlockDeletingService.java:call(171)) - Added delete block command for datanode 555a71b6-7320-443e-bd9a-47cd6ebfc0cf in the queue, number of delete block transactions: 3, TxID list: 1,2,3
2019-09-21 03:49:54,078 [SCMBlockDeletingService#1] INFO  block.SCMBlockDeletingService (SCMBlockDeletingService.java:call(182)) - Totally added 3 delete blocks command for 1 datanodes, task elapsed time: 1ms
2019-09-21 03:49:54,099 [pool-7-thread-1] INFO  commands.RetriableDatanodeEventWatcher (RetriableDatanodeEventWatcher.java:onTimeout(47)) - RetriableDatanodeCommand type=deleteBlocksCommand with id=1569037782653 timed out. Retrying.
2019-09-21 03:49:54,113 [pool-7-thread-1] INFO  commands.RetriableDatanodeEventWatcher (RetriableDatanodeEventWatcher.java:onTimeout(47)) - RetriableDatanodeCommand type=deleteBlocksCommand with id=1569037782663 timed out. Retrying.
2019-09-21 03:49:54,115 [pool-7-thread-1] INFO  commands.RetriableDatanodeEventWatcher (RetriableDatanodeEventWatcher.java:onTimeout(47)) - RetriableDatanodeCommand type=deleteBlocksCommand with id=1569037782604 timed out. Retrying.
2019-09-21 03:49:54,128 [pool-7-thread-2] INFO  commands.RetriableDatanodeEventWatcher (RetriableDatanodeEventWatcher.java:onTimeout(47)) - RetriableDatanodeCommand type=deleteBlocksCommand with id=1569037782614 timed out. Retrying.
2019-09-21 03:49:54,128 [pool-7-thread-1] INFO  commands.RetriableDatanodeEventWatcher (RetriableDatanodeEventWatcher.java:onTimeout(47)) - RetriableDatanodeCommand type=deleteBlocksCommand with id=1569037782673 timed out. Retrying.
2019-09-21 03:49:54,141 [pool-7-thread-1] INFO  commands.RetriableDatanodeEventWatcher (RetriableDatanodeEventWatcher.java:onTimeout(47)) - RetriableDatanodeCommand type=deleteBlocksCommand with id=1569037782683 timed out. Retrying.
2019-09-21 03:49:54,147 [pool-7-thread-1] INFO  commands.RetriableDatanodeEventWatcher (RetriableDatanodeEventWatcher.java:onTimeout(47)) - RetriableDatanodeCommand type=deleteBlocksCommand with id=1569037782624 timed out. Retrying.
2019-09-21 03:49:54,155 [pool-7-thread-1] INFO  commands.RetriableDatanodeEventWatcher (RetriableDatanodeEventWatcher.java:onTimeout(47)) - RetriableDatanodeCommand type=deleteBlocksCommand with id=1569037782693 timed out. Retrying.
2019-09-21 03:49:54,159 [pool-7-thread-1] INFO  commands.RetriableDatanodeEventWatcher (RetriableDatanodeEventWatcher.java:onTimeout(47)) - RetriableDatanodeCommand type=deleteBlocksCommand with id=1569037782634 timed out. Retrying.
2019-09-21 03:49:54,168 [pool-7-thread-1] INFO  commands.RetriableDatanodeEventWatcher (RetriableDatanodeEventWatcher.java:onTimeout(47)) - RetriableDatanodeCommand type=deleteBlocksCommand with id=1569037782703 timed out. Retrying.
2019-09-21 03:49:54,177 [pool-7-thread-1] INFO  commands.RetriableDatanodeEventWatcher (RetriableDatanodeEventWatcher.java:onTimeout(47)) - RetriableDatanodeCommand type=deleteBlocksCommand with id=1569037782644 timed out. Retrying.
2019-09-21 03:49:54,179 [SCMBlockDeletingService#1] DEBUG block.SCMBlockDeletingService (SCMBlockDeletingService.java:call(138)) - Running DeletedBlockTransactionScanner
2019-09-21 03:49:54,179 [SCMBlockDeletingService#1] DEBUG block.SCMBlockDeletingService (SCMBlockDeletingService.java:call(155)) - Scanned deleted blocks log and got 3 delTX to process.
2019-09-21 03:49:54,179 [SCMBlockDeletingService#1] DEBUG block.SCMBlockDeletingService (SCMBlockDeletingService.java:call(171)) - Added delete block command for datanode 555a71b6-7320-443e-bd9a-47cd6ebfc0cf in the queue, number of delete block transactions: 3, TxID list: 1,2,3
2019-09-21 03:49:54,180 [SCMBlockDeletingService#1] INFO  block.SCMBlockDeletingService (SCMBlockDeletingService.java:call(182)) - Totally added 3 delete blocks command for 1 datanodes, task elapsed time: 1ms
2019-09-21 03:49:54,202 [pool-7-thread-1] INFO  commands.RetriableDatanodeEventWatcher (RetriableDatanodeEventWatcher.java:onTimeout(47)) - RetriableDatanodeCommand type=deleteBlocksCommand with id=1569037782654 timed out. Retrying.
2019-09-21 03:49:54,212 [pool-7-thread-1] INFO  commands.RetriableDatanodeEventWatcher (RetriableDatanodeEventWatcher.java:onTimeout(47)) - RetriableDatanodeCommand type=deleteBlocksCommand with id=1569037782664 timed out. Retrying.
2019-09-21 03:49:54,220 [pool-7-thread-1] INFO  commands.RetriableDatanodeEventWatcher (RetriableDatanodeEventWatcher.java:onTimeout(47)) - RetriableDatanodeCommand type=deleteBlocksCommand with id=1569037782605 timed out. Retrying.
2019-09-21 03:49:54,226 [pool-7-thread-1] INFO  commands.RetriableDatanodeEventWatcher (RetriableDatanodeEventWatcher.java:onTimeout(47)) - RetriableDatanodeCommand type=deleteBlocksCommand with id=1569037782674 timed out. Retrying.
2019-09-21 03:49:54,233 [pool-7-thread-1] INFO  commands.RetriableDatanodeEventWatcher (RetriableDatanodeEventWatcher.java:onTimeout(47)) - RetriableDatanodeCommand type=deleteBlocksCommand with id=1569037782615 timed out. Retrying.
2019-09-21 03:49:54,243 [pool-7-thread-1] INFO  commands.RetriableDatanodeEventWatcher (RetriableDatanodeEventWatcher.java:onTimeout(47)) - RetriableDatanodeCommand type=deleteBlocksCommand with id=1569037782684 timed out. Retrying.
2019-09-21 03:49:54,249 [pool-7-thread-1] INFO  commands.RetriableDatanodeEventWatcher (RetriableDatanodeEventWatcher.java:onTimeout(47)) - RetriableDatanodeCommand type=deleteBlocksCommand with id=1569037782625 timed out. Retrying.
2019-09-21 03:49:54,256 [pool-7-thread-1] INFO  commands.RetriableDatanodeEventWatcher (RetriableDatanodeEventWatcher.java:onTimeout(47)) - RetriableDatanodeCommand type=deleteBlocksCommand with id=1569037782694 timed out. Retrying.
2019-09-21 03:49:54,262 [pool-7-thread-1] INFO  commands.RetriableDatanodeEventWatcher (RetriableDatanodeEventWatcher.java:onTimeout(47)) - RetriableDatanodeCommand type=deleteBlocksCommand with id=1569037782635 timed out. Retrying.
2019-09-21 03:49:54,268 [pool-7-thread-1] INFO  commands.RetriableDatanodeEventWatcher (RetriableDatanodeEventWatcher.java:onTimeout(47)) - RetriableDatanodeCommand type=deleteBlocksCommand with id=1569037782704 timed out. Retrying.
2019-09-21 03:49:54,280 [SCMBlockDeletingService#1] DEBUG block.SCMBlockDeletingService (SCMBlockDeletingService.java:call(138)) - Running DeletedBlockTransactionScanner
2019-09-21 03:49:54,280 [SCMBlockDeletingService#1] DEBUG block.SCMBlockDeletingService (SCMBlockDeletingService.java:call(155)) - Scanned deleted blocks log and got 3 delTX to process.
2019-09-21 03:49:54,281 [SCMBlockDeletingService#1] DEBUG block.SCMBlockDeletingService (SCMBlockDeletingService.java:call(171)) - Added delete block command for datanode 555a71b6-7320-443e-bd9a-47cd6ebfc0cf in the queue, number of delete block transactions: 3, TxID list: 1,2,3
2019-09-21 03:49:54,281 [SCMBlockDeletingService#1] INFO  block.SCMBlockDeletingService (SCMBlockDeletingService.java:call(182)) - Totally added 3 delete blocks command for 1 datanodes, task elapsed time: 1ms
2019-09-21 03:49:54,282 [pool-7-thread-1] INFO  commands.RetriableDatanodeEventWatcher (RetriableDatanodeEventWatcher.java:onTimeout(47)) - RetriableDatanodeCommand type=deleteBlocksCommand with id=1569037782645 timed out. Retrying.
2019-09-21 03:49:54,301 [pool-7-thread-1] INFO  commands.RetriableDatanodeEventWatcher (RetriableDatanodeEventWatcher.java:onTimeout(47)) - RetriableDatanodeCommand type=deleteBlocksCommand with id=1569037782655 timed out. Retrying.
2019-09-21 03:49:54,314 [pool-7-thread-1] INFO  commands.RetriableDatanodeEventWatcher (RetriableDatanodeEventWatcher.java:onTimeout(47)) - RetriableDatanodeCommand type=deleteBlocksCommand with id=1569037782665 timed out. Retrying.
2019-09-21 03:49:54,322 [pool-7-thread-1] INFO  commands.RetriableDatanodeEventWatcher (RetriableDatanodeEventWatcher.java:onTimeout(47)) - RetriableDatanodeCommand type=deleteBlocksCommand with id=1569037782606 timed out. Retrying.
2019-09-21 03:49:54,329 [pool-7-thread-1] INFO  commands.RetriableDatanodeEventWatcher (RetriableDatanodeEventWatcher.java:onTimeout(47)) - RetriableDatanodeCommand type=deleteBlocksCommand with id=1569037782675 timed out. Retrying.
2019-09-21 03:49:54,332 [pool-7-thread-1] INFO  commands.RetriableDatanodeEventWatcher (RetriableDatanodeEventWatcher.java:onTimeout(47)) - RetriableDatanodeCommand type=deleteBlocksCommand with id=1569037782616 timed out. Retrying.
2019-09-21 03:49:54,344 [pool-7-thread-1] INFO  commands.RetriableDatanodeEventWatcher (RetriableDatanodeEventWatcher.java:onTimeout(47)) - RetriableDatanodeCommand type=deleteBlocksCommand with id=1569037782685 timed out. Retrying.
2019-09-21 03:49:54,350 [pool-7-thread-1] INFO  commands.RetriableDatanodeEventWatcher (RetriableDatanodeEventWatcher.java:onTimeout(47)) - RetriableDatanodeCommand type=deleteBlocksCommand with id=1569037782626 timed out. Retrying.
2019-09-21 03:49:54,357 [pool-7-thread-1] INFO  commands.RetriableDatanodeEventWatcher (RetriableDatanodeEventWatcher.java:onTimeout(47)) - RetriableDatanodeCommand type=deleteBlocksCommand with id=1569037782695 timed out. Retrying.
2019-09-21 03:49:54,367 [pool-7-thread-1] INFO  commands.RetriableDatanodeEventWatcher (RetriableDatanodeEventWatcher.java:onTimeout(47)) - RetriableDatanodeCommand type=deleteBlocksCommand with id=1569037782636 timed out. Retrying.
2019-09-21 03:49:54,369 [pool-7-thread-1] INFO  commands.RetriableDatanodeEventWatcher (RetriableDatanodeEventWatcher.java:onTimeout(47)) - RetriableDatanodeCommand type=deleteBlocksCommand with id=1569037782705 timed out. Retrying.
2019-09-21 03:49:54,381 [pool-7-thread-1] INFO  commands.RetriableDatanodeEventWatcher (RetriableDatanodeEventWatcher.java:onTimeout(47)) - RetriableDatanodeCommand type=deleteBlocksCommand with id=1569037782646 timed out. Retrying.
2019-09-21 03:49:54,381 [SCMBlockDeletingService#1] DEBUG block.SCMBlockDeletingService (SCMBlockDeletingService.java:call(138)) - Running DeletedBlockTransactionScanner
2019-09-21 03:49:54,382 [SCMBlockDeletingService#1] DEBUG block.SCMBlockDeletingService (SCMBlockDeletingService.java:call(155)) - Scanned deleted blocks log and got 3 delTX to process.
2019-09-21 03:49:54,382 [SCMBlockDeletingService#1] DEBUG block.SCMBlockDeletingService (SCMBlockDeletingService.java:call(171)) - Added delete block command for datanode 555a71b6-7320-443e-bd9a-47cd6ebfc0cf in the queue, number of delete block transactions: 3, TxID list: 1,2,3
2019-09-21 03:49:54,382 [SCMBlockDeletingService#1] INFO  block.SCMBlockDeletingService (SCMBlockDeletingService.java:call(182)) - Totally added 3 delete blocks command for 1 datanodes, task elapsed time: 1ms
2019-09-21 03:49:54,398 [main] INFO  ozone.MiniOzoneClusterImpl (MiniOzoneClusterImpl.java:lambda$waitForClusterToBeReady$0(147)) - Waiting for cluster to be ready. Got 0 of 1 DN Heartbeats.
2019-09-21 03:49:54,400 [EventQueue-PendingDeleteStatusForPendingDeleteHandler] INFO  block.SCMBlockDeletingService (SCMBlockDeletingService.java:handlePendingDeletes(115)) - Block deletion txnID mismatch in datanode 555a71b6-7320-443e-bd9a-47cd6ebfc0cf for containerID 1. Datanode delete txnID: 0, SCM txnID: 1
2019-09-21 03:49:54,400 [EventQueue-PendingDeleteStatusForPendingDeleteHandler] INFO  block.SCMBlockDeletingService (SCMBlockDeletingService.java:handlePendingDeletes(115)) - Block deletion txnID mismatch in datanode 555a71b6-7320-443e-bd9a-47cd6ebfc0cf for containerID 2. Datanode delete txnID: 0, SCM txnID: 2
2019-09-21 03:49:54,401 [EventQueue-PendingDeleteStatusForPendingDeleteHandler] INFO  block.SCMBlockDeletingService (SCMBlockDeletingService.java:handlePendingDeletes(115)) - Block deletion txnID mismatch in datanode 555a71b6-7320-443e-bd9a-47cd6ebfc0cf for containerID 3. Datanode delete txnID: 0, SCM txnID: 3
2019-09-21 03:49:54,403 [pool-7-thread-1] INFO  commands.RetriableDatanodeEventWatcher (RetriableDatanodeEventWatcher.java:onTimeout(47)) - RetriableDatanodeCommand type=deleteBlocksCommand with id=1569037782656 timed out. Retrying.
2019-09-21 03:49:54,418 [pool-7-thread-1] INFO  commands.RetriableDatanodeEventWatcher (RetriableDatanodeEventWatcher.java:onTimeout(47)) - RetriableDatanodeCommand type=deleteBlocksCommand with id=1569037782666 timed out. Retrying.
2019-09-21 03:49:54,422 [pool-7-thread-1] INFO  commands.RetriableDatanodeEventWatcher (RetriableDatanodeEventWatcher.java:onTimeout(47)) - RetriableDatanodeCommand type=deleteBlocksCommand with id=1569037782607 timed out. Retrying.
2019-09-21 03:49:54,431 [pool-7-thread-1] INFO  commands.RetriableDatanodeEventWatcher (RetriableDatanodeEventWatcher.java:onTimeout(47)) - RetriableDatanodeCommand type=deleteBlocksCommand with id=1569037782676 timed out. Retrying.
2019-09-21 03:49:54,434 [pool-7-thread-1] INFO  commands.RetriableDatanodeEventWatcher (RetriableDatanodeEventWatcher.java:onTimeout(47)) - RetriableDatanodeCommand type=deleteBlocksCommand with id=1569037782617 timed out. Retrying.
2019-09-21 03:49:54,445 [pool-7-thread-1] INFO  commands.RetriableDatanodeEventWatcher (RetriableDatanodeEventWatcher.java:onTimeout(47)) - RetriableDatanodeCommand type=deleteBlocksCommand with id=1569037782686 timed out. Retrying.
2019-09-21 03:49:54,452 [pool-7-thread-1] INFO  commands.RetriableDatanodeEventWatcher (RetriableDatanodeEventWatcher.java:onTimeout(47)) - RetriableDatanodeCommand type=deleteBlocksCommand with id=1569037782627 timed out. Retrying.
2019-09-21 03:49:54,458 [pool-7-thread-1] INFO  commands.RetriableDatanodeEventWatcher (RetriableDatanodeEventWatcher.java:onTimeout(47)) - RetriableDatanodeCommand type=deleteBlocksCommand with id=1569037782696 timed out. Retrying.
2019-09-21 03:49:54,469 [pool-7-thread-1] INFO  commands.RetriableDatanodeEventWatcher (RetriableDatanodeEventWatcher.java:onTimeout(47)) - RetriableDatanodeCommand type=deleteBlocksCommand with id=1569037782637 timed out. Retrying.
2019-09-21 03:49:54,470 [pool-7-thread-1] INFO  commands.RetriableDatanodeEventWatcher (RetriableDatanodeEventWatcher.java:onTimeout(47)) - RetriableDatanodeCommand type=deleteBlocksCommand with id=1569037782706 timed out. Retrying.
2019-09-21 03:49:54,479 [grpc-default-executor-2] INFO  impl.RaftServerProxy (RaftServerProxy.java:addNew(89)) - 555a71b6-7320-443e-bd9a-47cd6ebfc0cf: addNew group-D0FD825F2D3E:[555a71b6-7320-443e-bd9a-47cd6ebfc0cf:192.168.157.196:38034] returns group-D0FD825F2D3E:java.util.concurrent.CompletableFuture@453d184a[Not completed]
2019-09-21 03:49:54,482 [pool-592-thread-1] INFO  impl.RaftServerImpl (RaftServerImpl.java:<init>(95)) - 555a71b6-7320-443e-bd9a-47cd6ebfc0cf: new RaftServerImpl for group-D0FD825F2D3E:[555a71b6-7320-443e-bd9a-47cd6ebfc0cf:192.168.157.196:38034] with ContainerStateMachine:uninitialized
2019-09-21 03:49:54,482 [pool-592-thread-1] INFO  server.RaftServerConfigKeys (ConfUtils.java:logGet(43)) - raft.server.rpc.timeout.min = 5s (custom)
2019-09-21 03:49:54,482 [pool-592-thread-1] INFO  server.RaftServerConfigKeys (ConfUtils.java:logGet(43)) - raft.server.rpc.timeout.max = 5200ms (custom)
2019-09-21 03:49:54,482 [pool-592-thread-1] INFO  server.RaftServerConfigKeys (ConfUtils.java:logGet(43)) - raft.server.rpcslowness.timeout = 120s (custom)
2019-09-21 03:49:54,483 [pool-592-thread-1] INFO  server.RaftServerConfigKeys (ConfUtils.java:logGet(43)) - raft.server.sleep.deviation.threshold = 300 (default)
2019-09-21 03:49:54,483 [SCMBlockDeletingService#1] DEBUG block.SCMBlockDeletingService (SCMBlockDeletingService.java:call(138)) - Running DeletedBlockTransactionScanner
2019-09-21 03:49:54,483 [pool-592-thread-1] INFO  server.RaftServerConfigKeys (ConfUtils.java:logGet(43)) - raft.server.log.appender.install.snapshot.enabled = false (custom)
2019-09-21 03:49:54,483 [pool-592-thread-1] INFO  impl.RaftServerImpl (ServerState.java:<init>(103)) - 555a71b6-7320-443e-bd9a-47cd6ebfc0cf@group-D0FD825F2D3E: ConfigurationManager, init=-1: [555a71b6-7320-443e-bd9a-47cd6ebfc0cf:192.168.157.196:38034], old=null, confs=<EMPTY_MAP>
2019-09-21 03:49:54,483 [pool-592-thread-1] INFO  server.RaftServerConfigKeys (ConfUtils.java:logGet(43)) - raft.server.storage.dir = [/workdir/hadoop-ozone/integration-test/target/test-dir/MiniOzoneClusterImpl-9576e1a8-30c4-48cb-bc53-357cfd55dd46/datanode-0/data/ratis] (custom)
2019-09-21 03:49:54,484 [SCMBlockDeletingService#1] DEBUG block.SCMBlockDeletingService (SCMBlockDeletingService.java:call(155)) - Scanned deleted blocks log and got 3 delTX to process.
2019-09-21 03:49:54,484 [SCMBlockDeletingService#1] DEBUG block.SCMBlockDeletingService (SCMBlockDeletingService.java:call(171)) - Added delete block command for datanode 555a71b6-7320-443e-bd9a-47cd6ebfc0cf in the queue, number of delete block transactions: 3, TxID list: 1,2,3
2019-09-21 03:49:54,484 [pool-592-thread-1] INFO  storage.RaftStorageDirectory (RaftStorageDirectory.java:analyzeStorage(246)) - The storage directory /workdir/hadoop-ozone/integration-test/target/test-dir/MiniOzoneClusterImpl-9576e1a8-30c4-48cb-bc53-357cfd55dd46/datanode-0/data/ratis/106ba00b-14d1-404a-b5e9-d0fd825f2d3e does not exist. Creating ...
2019-09-21 03:49:54,485 [SCMBlockDeletingService#1] INFO  block.SCMBlockDeletingService (SCMBlockDeletingService.java:call(182)) - Totally added 3 delete blocks command for 1 datanodes, task elapsed time: 2ms
2019-09-21 03:49:54,485 [pool-7-thread-1] INFO  commands.RetriableDatanodeEventWatcher (RetriableDatanodeEventWatcher.java:onTimeout(47)) - RetriableDatanodeCommand type=deleteBlocksCommand with id=1569037782647 timed out. Retrying.
2019-09-21 03:49:54,502 [pool-7-thread-1] INFO  commands.RetriableDatanodeEventWatcher (RetriableDatanodeEventWatcher.java:onTimeout(47)) - RetriableDatanodeCommand type=deleteBlocksCommand with id=1569037782657 timed out. Retrying.
2019-09-21 03:49:54,520 [pool-7-thread-1] INFO  commands.RetriableDatanodeEventWatcher (RetriableDatanodeEventWatcher.java:onTimeout(47)) - RetriableDatanodeCommand type=deleteBlocksCommand with id=1569037782667 timed out. Retrying.
2019-09-21 03:49:54,520 [pool-7-thread-2] INFO  commands.RetriableDatanodeEventWatcher (RetriableDatanodeEventWatcher.java:onTimeout(47)) - RetriableDatanodeCommand type=deleteBlocksCommand with id=1569037782608 timed out. Retrying.
2019-09-21 03:49:54,533 [pool-7-thread-2] INFO  commands.RetriableDatanodeEventWatcher (RetriableDatanodeEventWatcher.java:onTimeout(47)) - RetriableDatanodeCommand type=deleteBlocksCommand with id=1569037782677 timed out. Retrying.
2019-09-21 03:49:54,536 [pool-7-thread-2] INFO  commands.RetriableDatanodeEventWatcher (RetriableDatanodeEventWatcher.java:onTimeout(47)) - RetriableDatanodeCommand type=deleteBlocksCommand with id=1569037782618 timed out. Retrying.
2019-09-21 03:49:54,548 [pool-7-thread-2] INFO  commands.RetriableDatanodeEventWatcher (RetriableDatanodeEventWatcher.java:onTimeout(47)) - RetriableDatanodeCommand type=deleteBlocksCommand with id=1569037782687 timed out. Retrying.
2019-09-21 03:49:54,550 [pool-7-thread-2] INFO  commands.RetriableDatanodeEventWatcher (RetriableDatanodeEventWatcher.java:onTimeout(47)) - RetriableDatanodeCommand type=deleteBlocksCommand with id=1569037782628 timed out. Retrying.
2019-09-21 03:49:54,561 [pool-7-thread-2] INFO  commands.RetriableDatanodeEventWatcher (RetriableDatanodeEventWatcher.java:onTimeout(47)) - RetriableDatanodeCommand type=deleteBlocksCommand with id=1569037782697 timed out. Retrying.
2019-09-21 03:49:54,569 [pool-7-thread-2] INFO  commands.RetriableDatanodeEventWatcher (RetriableDatanodeEventWatcher.java:onTimeout(47)) - RetriableDatanodeCommand type=deleteBlocksCommand with id=1569037782638 timed out. Retrying.
2019-09-21 03:49:54,572 [pool-7-thread-2] INFO  commands.RetriableDatanodeEventWatcher (RetriableDatanodeEventWatcher.java:onTimeout(47)) - RetriableDatanodeCommand type=deleteBlocksCommand with id=1569037782707 timed out. Retrying.
2019-09-21 03:49:54,582 [pool-592-thread-1] INFO  storage.RaftStorageDirectory (RaftStorageDirectory.java:tryLock(328)) - Lock on /workdir/hadoop-ozone/integration-test/target/test-dir/MiniOzoneClusterImpl-9576e1a8-30c4-48cb-bc53-357cfd55dd46/datanode-0/data/ratis/106ba00b-14d1-404a-b5e9-d0fd825f2d3e/in_use.lock acquired by nodename 2020@pr-hdds-2161-927ps-406439766
2019-09-21 03:49:54,585 [SCMBlockDeletingService#1] DEBUG block.SCMBlockDeletingService (SCMBlockDeletingService.java:call(138)) - Running DeletedBlockTransactionScanner
2019-09-21 03:49:54,586 [SCMBlockDeletingService#1] DEBUG block.SCMBlockDeletingService (SCMBlockDeletingService.java:call(155)) - Scanned deleted blocks log and got 3 delTX to process.
2019-09-21 03:49:54,586 [SCMBlockDeletingService#1] DEBUG block.SCMBlockDeletingService (SCMBlockDeletingService.java:call(171)) - Added delete block command for datanode 555a71b6-7320-443e-bd9a-47cd6ebfc0cf in the queue, number of delete block transactions: 3, TxID list: 1,2,3
2019-09-21 03:49:54,586 [pool-7-thread-2] INFO  commands.RetriableDatanodeEventWatcher (RetriableDatanodeEventWatcher.java:onTimeout(47)) - RetriableDatanodeCommand type=deleteBlocksCommand with id=1569037782648 timed out. Retrying.
2019-09-21 03:49:54,586 [SCMBlockDeletingService#1] INFO  block.SCMBlockDeletingService (SCMBlockDeletingService.java:call(182)) - Totally added 3 delete blocks command for 1 datanodes, task elapsed time: 1ms
2019-09-21 03:49:54,606 [pool-7-thread-2] INFO  commands.RetriableDatanodeEventWatcher (RetriableDatanodeEventWatcher.java:onTimeout(47)) - RetriableDatanodeCommand type=deleteBlocksCommand with id=1569037782658 timed out. Retrying.
2019-09-21 03:49:54,608 [pool-7-thread-2] INFO  commands.RetriableDatanodeEventWatcher (RetriableDatanodeEventWatcher.java:onTimeout(47)) - RetriableDatanodeCommand type=deleteBlocksCommand with id=1569037782599 timed out. Retrying.
2019-09-21 03:49:54,620 [pool-7-thread-2] INFO  commands.RetriableDatanodeEventWatcher (RetriableDatanodeEventWatcher.java:onTimeout(47)) - RetriableDatanodeCommand type=deleteBlocksCommand with id=1569037782668 timed out. Retrying.
2019-09-21 03:49:54,623 [pool-7-thread-2] INFO  commands.RetriableDatanodeEventWatcher (RetriableDatanodeEventWatcher.java:onTimeout(47)) - RetriableDatanodeCommand type=deleteBlocksCommand with id=1569037782609 timed out. Retrying.
2019-09-21 03:49:54,632 [pool-7-thread-2] INFO  commands.RetriableDatanodeEventWatcher (RetriableDatanodeEventWatcher.java:onTimeout(47)) - RetriableDatanodeCommand type=deleteBlocksCommand with id=1569037782678 timed out. Retrying.
2019-09-21 03:49:54,639 [pool-7-thread-2] INFO  commands.RetriableDatanodeEventWatcher (RetriableDatanodeEventWatcher.java:onTimeout(47)) - RetriableDatanodeCommand type=deleteBlocksCommand with id=1569037782619 timed out. Retrying.
2019-09-21 03:49:54,647 [pool-7-thread-2] INFO  commands.RetriableDatanodeEventWatcher (RetriableDatanodeEventWatcher.java:onTimeout(47)) - RetriableDatanodeCommand type=deleteBlocksCommand with id=1569037782688 timed out. Retrying.
2019-09-21 03:49:54,655 [pool-7-thread-2] INFO  commands.RetriableDatanodeEventWatcher (RetriableDatanodeEventWatcher.java:onTimeout(47)) - RetriableDatanodeCommand type=deleteBlocksCommand with id=1569037782629 timed out. Retrying.
2019-09-21 03:49:54,661 [pool-7-thread-2] INFO  commands.RetriableDatanodeEventWatcher (RetriableDatanodeEventWatcher.java:onTimeout(47)) - RetriableDatanodeCommand type=deleteBlocksCommand with id=1569037782698 timed out. Retrying.
2019-09-21 03:49:54,662 [pool-592-thread-1] INFO  storage.RaftStorage (RaftStorage.java:format(72)) - Storage directory /workdir/hadoop-ozone/integration-test/target/test-dir/MiniOzoneClusterImpl-9576e1a8-30c4-48cb-bc53-357cfd55dd46/datanode-0/data/ratis/106ba00b-14d1-404a-b5e9-d0fd825f2d3e has been successfully formatted.
2019-09-21 03:49:54,664 [pool-592-thread-1] INFO  ratis.ContainerStateMachine (ContainerStateMachine.java:loadSnapshot(230)) - group-D0FD825F2D3E: The snapshot info is null. Setting the last applied indexto:(t:0, i:~)
2019-09-21 03:49:54,664 [pool-592-thread-1] INFO  server.RaftServerConfigKeys (ConfUtils.java:logGet(43)) - raft.server.notification.no-leader.timeout = 120s (custom)
2019-09-21 03:49:54,664 [pool-592-thread-1] INFO  server.RaftServerConfigKeys (ConfUtils.java:logGet(43)) - raft.server.log.use.memory = false (default)
2019-09-21 03:49:54,665 [pool-592-thread-1] INFO  server.RaftServerConfigKeys (ConfUtils.java:logGet(43)) - raft.server.log.purge.gap = 1000000 (custom)
2019-09-21 03:49:54,665 [pool-592-thread-1] INFO  server.RaftServerConfigKeys (ConfUtils.java:logGet(43)) - raft.server.log.appender.buffer.byte-limit = 33554432 (custom)
2019-09-21 03:49:54,665 [pool-592-thread-1] INFO  server.RaftServerConfigKeys (ConfUtils.java:logGet(43)) - raft.server.log.segment.size.max = 1048576 (custom)
2019-09-21 03:49:54,665 [pool-592-thread-1] INFO  server.RaftServerConfigKeys (ConfUtils.java:logGet(43)) - raft.server.log.segment.cache.num.max = 2 (custom)
2019-09-21 03:49:54,666 [pool-592-thread-1] INFO  segmented.SegmentedRaftLogWorker (SegmentedRaftLogWorker.java:<init>(172)) - new 555a71b6-7320-443e-bd9a-47cd6ebfc0cf@group-D0FD825F2D3E-SegmentedRaftLogWorker for RaftStorage:Storage Directory /workdir/hadoop-ozone/integration-test/target/test-dir/MiniOzoneClusterImpl-9576e1a8-30c4-48cb-bc53-357cfd55dd46/datanode-0/data/ratis/106ba00b-14d1-404a-b5e9-d0fd825f2d3e
2019-09-21 03:49:54,666 [pool-592-thread-1] INFO  server.RaftServerConfigKeys (ConfUtils.java:logGet(43)) - raft.server.log.queue.byte-limit = 2147483647 (custom)
2019-09-21 03:49:54,666 [pool-592-thread-1] INFO  server.RaftServerConfigKeys (ConfUtils.java:logGet(43)) - raft.server.log.queue.element-limit = 1024 (custom)
2019-09-21 03:49:54,666 [pool-592-thread-1] INFO  server.RaftServerConfigKeys (ConfUtils.java:logGet(43)) - raft.server.log.segment.size.max = 1048576 (custom)
2019-09-21 03:49:54,667 [pool-592-thread-1] INFO  server.RaftServerConfigKeys (ConfUtils.java:logGet(43)) - raft.server.log.preallocated.size = 16384 (custom)
2019-09-21 03:49:54,667 [pool-592-thread-1] INFO  server.RaftServerConfigKeys (ConfUtils.java:logGet(43)) - raft.server.log.write.buffer.size = 33554432 (custom)
2019-09-21 03:49:54,667 [pool-592-thread-1] INFO  server.RaftServerConfigKeys (ConfUtils.java:logGet(43)) - raft.server.log.force.sync.num = 128 (default)
2019-09-21 03:49:54,667 [pool-592-thread-1] INFO  server.RaftServerConfigKeys (ConfUtils.java:logGet(43)) - raft.server.log.statemachine.data.sync = true (default)
2019-09-21 03:49:54,668 [pool-592-thread-1] INFO  server.RaftServerConfigKeys (ConfUtils.java:logGet(43)) - raft.server.log.statemachine.data.sync.timeout = 10s (default)
2019-09-21 03:49:54,668 [pool-592-thread-1] INFO  server.RaftServerConfigKeys (ConfUtils.java:logGet(43)) - raft.server.log.statemachine.data.sync.timeout.retry = -1 (default)
2019-09-21 03:49:54,668 [pool-592-thread-1] INFO  server.RaftServerConfigKeys (ConfUtils.java:logGet(43)) - raft.server.log.statemachine.data.caching.enabled = true (custom)
2019-09-21 03:49:54,669 [pool-592-thread-1] INFO  segmented.SegmentedRaftLogWorker (SegmentedRaftLogWorker.java:lambda$new$0(132)) - 555a71b6-7320-443e-bd9a-47cd6ebfc0cf@group-D0FD825F2D3E-SegmentedRaftLogWorker: flushIndex: setUnconditionally 0 -> -1
2019-09-21 03:49:54,669 [pool-592-thread-1] INFO  server.RaftServerConfigKeys (ConfUtils.java:logGet(43)) - raft.server.snapshot.auto.trigger.enabled = true (custom)
2019-09-21 03:49:54,669 [pool-592-thread-1] INFO  server.RaftServerConfigKeys (ConfUtils.java:logGet(43)) - raft.server.snapshot.auto.trigger.threshold = 10000 (custom)
2019-09-21 03:49:54,669 [pool-592-thread-1] INFO  server.RaftServerConfigKeys (ConfUtils.java:logGet(43)) - raft.server.snapshot.retention.num.files = 5 (custom)
2019-09-21 03:49:54,670 [pool-592-thread-1] INFO  server.RaftServerConfigKeys (ConfUtils.java:logGet(43)) - raft.server.retrycache.expirytime = 600000ms (custom)
2019-09-21 03:49:54,679 [pool-7-thread-2] INFO  commands.RetriableDatanodeEventWatcher (RetriableDatanodeEventWatcher.java:onTimeout(47)) - RetriableDatanodeCommand type=deleteBlocksCommand with id=1569037782708 timed out. Retrying.
2019-09-21 03:49:54,690 [SCMBlockDeletingService#1] DEBUG block.SCMBlockDeletingService (RetriableDatanodeEventWatcher.java:onTimeout(47)) - RetriableDatanodeCommand type=deleteBlocksCommand with id=1569037782639 timed out. Retrying.
SCMBlockDeletingService.java:call(138)) - Running DeletedBlockTransactionScanner
2019-09-21 03:49:54,687 [pool-7-thread-1] INFO  commands.RetriableDatanodeEventWatcher (RetriableDatanodeEventWatcher.java:onTimeout(47)) - RetriableDatanodeCommand type=deleteBlocksCommand with id=1569037782639 timed out. Retrying.
2019-09-21 03:49:54,698 [pool-7-thread-2] INFO  commands.RetriableDatanodeEventWatcher (RetriableDatanodeEventWatcher.java:onTimeout(47)) - RetriableDatanodeCommand type=deleteBlocksCommand with id=1569037782649 timed out. Retrying.
2019-09-21 03:49:54,698 [SCMBlockDeletingService#1] DEBUG block.SCMBlockDeletingService (SCMBlockDeletingService.java:call(155)) - Scanned deleted blocks log and got 3 delTX to process.
2019-09-21 03:49:54,699 [SCMBlockDeletingService#1] DEBUG block.SCMBlockDeletingService (SCMBlockDeletingService.java:call(171)) - Added delete block command for datanode 555a71b6-7320-443e-bd9a-47cd6ebfc0cf in the queue, number of delete block transactions: 3, TxID list: 1,2,3
2019-09-21 03:49:54,699 [SCMBlockDeletingService#1] INFO  block.SCMBlockDeletingService (SCMBlockDeletingService.java:call(182)) - Totally added 3 delete blocks command for 1 datanodes, task elapsed time: 8ms
2019-09-21 03:49:54,703 [pool-592-thread-1] INFO  impl.RaftServerImpl (RaftServerImpl.java:start(185)) - 555a71b6-7320-443e-bd9a-47cd6ebfc0cf@group-D0FD825F2D3E: start as a follower, conf=-1: [555a71b6-7320-443e-bd9a-47cd6ebfc0cf:192.168.157.196:38034], old=null
2019-09-21 03:49:54,703 [pool-592-thread-1] INFO  impl.RaftServerImpl (RaftServerImpl.java:setRole(174)) - 555a71b6-7320-443e-bd9a-47cd6ebfc0cf@group-D0FD825F2D3E: changes role from      null to FOLLOWER at term 0 for startAsFollower
2019-09-21 03:49:54,704 [pool-592-thread-1] INFO  impl.RoleInfo (RoleInfo.java:updateAndGet(143)) - 555a71b6-7320-443e-bd9a-47cd6ebfc0cf: start FollowerState
2019-09-21 03:49:54,704 [pool-592-thread-1] INFO  util.JmxRegister (JmxRegister.java:tryRegister(44)) - Successfully registered JMX Bean with object name Ratis:service=RaftServer,group=group-D0FD825F2D3E,id=555a71b6-7320-443e-bd9a-47cd6ebfc0cf
2019-09-21 03:49:54,706 [pool-7-thread-2] INFO  commands.RetriableDatanodeEventWatcher (RetriableDatanodeEventWatcher.java:onTimeout(47)) - RetriableDatanodeCommand type=deleteBlocksCommand with id=1569037782659 timed out. Retrying.
2019-09-21 03:49:54,710 [RatisPipelineUtilsThread] INFO  pipeline.PipelineStateManager (RetriableDatanodeEventWatcher.java:onTimeout(47)) - RetriableDatanodeCommand type=deleteBlocksCommand with id=1569037782600 timed out. Retrying.
PipelineStateManager.java:addPipeline(56)) - Created pipeline Pipeline[ Id: 106ba00b-14d1-404a-b5e9-d0fd825f2d3e, Nodes: 555a71b6-7320-443e-bd9a-47cd6ebfc0cf{ip: 192.168.157.196, host: pr-hdds-2161-927ps-406439766, networkLocation: /default-rack, certSerialId: null}, Type:RATIS, Factor:ONE, State:OPEN]
2019-09-21 03:49:54,710 [pool-7-thread-2] INFO  commands.RetriableDatanodeEventWatcher (RetriableDatanodeEventWatcher.java:onTimeout(47)) - RetriableDatanodeCommand type=deleteBlocksCommand with id=1569037782600 timed out. Retrying.
2019-09-21 03:49:54,721 [pool-7-thread-2] INFO  commands.RetriableDatanodeEventWatcher (RetriableDatanodeEventWatcher.java:onTimeout(47)) - RetriableDatanodeCommand type=deleteBlocksCommand with id=1569037782669 timed out. Retrying.
2019-09-21 03:49:54,726 [pool-7-thread-2] INFO  commands.RetriableDatanodeEventWatcher (RetriableDatanodeEventWatcher.java:onTimeout(47)) - RetriableDatanodeCommand type=deleteBlocksCommand with id=1569037782610 timed out. Retrying.
2019-09-21 03:49:54,736 [pool-7-thread-2] INFO  commands.RetriableDatanodeEventWatcher (RetriableDatanodeEventWatcher.java:onTimeout(47)) - RetriableDatanodeCommand type=deleteBlocksCommand with id=1569037782679 timed out. Retrying.
2019-09-21 03:49:54,739 [pool-7-thread-2] INFO  commands.RetriableDatanodeEventWatcher (RetriableDatanodeEventWatcher.java:onTimeout(47)) - RetriableDatanodeCommand type=deleteBlocksCommand with id=1569037782620 timed out. Retrying.
2019-09-21 03:49:54,750 [pool-7-thread-2] INFO  commands.RetriableDatanodeEventWatcher (RetriableDatanodeEventWatcher.java:onTimeout(47)) - RetriableDatanodeCommand type=deleteBlocksCommand with id=1569037782689 timed out. Retrying.
2019-09-21 03:49:54,755 [pool-7-thread-2] INFO  commands.RetriableDatanodeEventWatcher (RetriableDatanodeEventWatcher.java:onTimeout(47)) - RetriableDatanodeCommand type=deleteBlocksCommand with id=1569037782630 timed out. Retrying.
2019-09-21 03:49:54,765 [pool-7-thread-2] INFO  commands.RetriableDatanodeEventWatcher (RetriableDatanodeEventWatcher.java:onTimeout(47)) - RetriableDatanodeCommand type=deleteBlocksCommand with id=1569037782699 timed out. Retrying.
2019-09-21 03:49:54,770 [pool-7-thread-2] INFO  commands.RetriableDatanodeEventWatcher (RetriableDatanodeEventWatcher.java:onTimeout(47)) - RetriableDatanodeCommand type=deleteBlocksCommand with id=1569037782640 timed out. Retrying.
2019-09-21 03:49:54,775 [pool-7-thread-2] INFO  commands.RetriableDatanodeEventWatcher (RetriableDatanodeEventWatcher.java:onTimeout(47)) - RetriableDatanodeCommand type=deleteBlocksCommand with id=1569037782709 timed out. Retrying.
2019-09-21 03:49:54,793 [pool-7-thread-2] INFO  commands.RetriableDatanodeEventWatcher (RetriableDatanodeEventWatcher.java:onTimeout(47)) - RetriableDatanodeCommand type=deleteBlocksCommand with id=1569037782650 timed out. Retrying.
2019-09-21 03:49:54,799 [SCMBlockDeletingService#1] DEBUG block.SCMBlockDeletingService (SCMBlockDeletingService.java:call(138)) - Running DeletedBlockTransactionScanner
2019-09-21 03:49:54,801 [SCMBlockDeletingService#1] DEBUG block.SCMBlockDeletingService (SCMBlockDeletingService.java:call(155)) - Scanned deleted blocks log and got 3 delTX to process.
2019-09-21 03:49:54,801 [SCMBlockDeletingService#1] DEBUG block.SCMBlockDeletingService (SCMBlockDeletingService.java:call(171)) - Added delete block command for datanode 555a71b6-7320-443e-bd9a-47cd6ebfc0cf in the queue, number of delete block transactions: 3, TxID list: 1,2,3
2019-09-21 03:49:54,801 [SCMBlockDeletingService#1] INFO  block.SCMBlockDeletingService (SCMBlockDeletingService.java:call(182)) - Totally added 3 delete blocks command for 1 datanodes, task elapsed time: 2ms
2019-09-21 03:49:54,807 [pool-7-thread-2] INFO  commands.RetriableDatanodeEventWatcher (RetriableDatanodeEventWatcher.java:onTimeout(47)) - RetriableDatanodeCommand type=deleteBlocksCommand with id=1569037782660 timed out. Retrying.
2019-09-21 03:49:54,810 [pool-7-thread-2] INFO  commands.RetriableDatanodeEventWatcher (RetriableDatanodeEventWatcher.java:onTimeout(47)) - RetriableDatanodeCommand type=deleteBlocksCommand with id=1569037782601 timed out. Retrying.
2019-09-21 03:49:54,826 [pool-7-thread-2] INFO  commands.RetriableDatanodeEventWatcher (RetriableDatanodeEventWatcher.java:onTimeout(47)) - RetriableDatanodeCommand type=deleteBlocksCommand with id=1569037782670 timed out. Retrying.
2019-09-21 03:49:54,826 [pool-7-thread-1] INFO  commands.RetriableDatanodeEventWatcher (RetriableDatanodeEventWatcher.java:onTimeout(47)) - RetriableDatanodeCommand type=deleteBlocksCommand with id=1569037782611 timed out. Retrying.
2019-09-21 03:49:54,835 [pool-7-thread-1] INFO  commands.RetriableDatanodeEventWatcher (RetriableDatanodeEventWatcher.java:onTimeout(47)) - RetriableDatanodeCommand type=deleteBlocksCommand with id=1569037782680 timed out. Retrying.
2019-09-21 03:49:54,927 [pool-7-thread-1] INFO  commands.RetriableDatanodeEventWatcher (SCMBlockDeletingService.java:call(138)) - Running DeletedBlockTransactionScanner
2019-09-21 03:49:54,927 [pool-7-thread-1] INFO  commands.RetriableDatanodeEventWatcher (RetriableDatanodeEventWatcher.java:onTimeout(47)) - RetriableDatanodeCommand type=deleteBlocksCommand with id=1569037782671 timed out. Retrying.
2019-09-21 03:49:54,927 [pool-7-thread-2] INFO  commands.RetriableDatanodeEventWatcher (RetriableDatanodeEventWatcher.java:onTimeout(47)) - RetriableDatanodeCommand type=deleteBlocksCommand with id=1569037782661 timed out. Retrying.
2019-09-21 03:49:54,928 [pool-7-thread-3] INFO  commands.RetriableDatanodeEventWatcher (SCMBlockDeletingService.java:call(155)) - Scanned deleted blocks log and got 3 delTX to process.
2019-09-21 03:49:54,930 [SCMBlockDeletingService#1] DEBUG block.SCMBlockDeletingService (RetriableDatanodeEventWatcher.java:onTimeout(47)) - RetriableDatanodeCommand type=deleteBlocksCommand with id=1569037782710 timed out. Retrying.
SCMBlockDeletingService.java:call(171)) - Added delete block command for datanode 555a71b6-7320-443e-bd9a-47cd6ebfc0cf in the queue, number of delete block transactions: 3, TxID list: 1,2,3
2019-09-21 03:49:54,928 [pool-7-thread-3] INFO  commands.RetriableDatanodeEventWatcher (RetriableDatanodeEventWatcher.java:onTimeout(47)) - RetriableDatanodeCommand type=deleteBlocksCommand with id=1569037782710 timed out. Retrying.
2019-09-21 03:49:54,930 [pool-7-thread-1] INFO  commands.RetriableDatanodeEventWatcher (RetriableDatanodeEventWatcher.java:onTimeout(47)) - RetriableDatanodeCommand type=deleteBlocksCommand with id=1569037782700 timed out. Retrying.
2019-09-21 03:49:54,935 [pool-7-thread-8] INFO  commands.RetriableDatanodeEventWatcher (SCMBlockDeletingService.java:call(182)) - Totally added 3 delete blocks command for 1 datanodes, task elapsed time: 8ms
2019-09-21 03:49:54,935 [pool-7-thread-8] INFO  commands.RetriableDatanodeEventWatcher (RetriableDatanodeEventWatcher.java:onTimeout(47)) - RetriableDatanodeCommand type=deleteBlocksCommand with id=1569037782631 timed out. Retrying.
2019-09-21 03:49:54,935 [pool-7-thread-7] INFO  commands.RetriableDatanodeEventWatcher (RetriableDatanodeEventWatcher.java:onTimeout(47)) - RetriableDatanodeCommand type=deleteBlocksCommand with id=1569037782651 timed out. Retrying.
2019-09-21 03:49:54,935 [pool-7-thread-3] INFO  commands.RetriableDatanodeEventWatcher (RetriableDatanodeEventWatcher.java:onTimeout(47)) - RetriableDatanodeCommand type=deleteBlocksCommand with id=1569037782641 timed out. Retrying.
2019-09-21 03:49:54,936 [pool-7-thread-6] INFO  commands.RetriableDatanodeEventWatcher (RetriableDatanodeEventWatcher.java:onTimeout(47)) - RetriableDatanodeCommand type=deleteBlocksCommand with id=1569037782602 timed out. Retrying.
2019-09-21 03:49:54,936 [pool-7-thread-2] INFO  commands.RetriableDatanodeEventWatcher (RetriableDatanodeEventWatcher.java:onTimeout(47)) - RetriableDatanodeCommand type=deleteBlocksCommand with id=1569037782612 timed out. Retrying.
2019-09-21 03:49:54,936 [pool-7-thread-5] INFO  commands.RetriableDatanodeEventWatcher (RetriableDatanodeEventWatcher.java:onTimeout(47)) - RetriableDatanodeCommand type=deleteBlocksCommand with id=1569037782621 timed out. Retrying.
2019-09-21 03:49:54,936 [pool-7-thread-4] INFO  commands.RetriableDatanodeEventWatcher (RetriableDatanodeEventWatcher.java:onTimeout(47)) - RetriableDatanodeCommand type=deleteBlocksCommand with id=1569037782690 timed out. Retrying.
2019-09-21 03:49:54,940 [pool-7-thread-4] INFO  commands.RetriableDatanodeEventWatcher (RetriableDatanodeEventWatcher.java:onTimeout(47)) - RetriableDatanodeCommand type=deleteBlocksCommand with id=1569037782681 timed out. Retrying.
2019-09-21 03:49:54,943 [pool-7-thread-4] INFO  commands.RetriableDatanodeEventWatcher (RetriableDatanodeEventWatcher.java:onTimeout(47)) - RetriableDatanodeCommand type=deleteBlocksCommand with id=1569037782622 timed out. Retrying.
2019-09-21 03:49:54,952 [pool-7-thread-4] INFO  commands.RetriableDatanodeEventWatcher (RetriableDatanodeEventWatcher.java:onTimeout(47)) - RetriableDatanodeCommand type=deleteBlocksCommand with id=1569037782691 timed out. Retrying.
2019-09-21 03:49:54,957 [pool-7-thread-4] INFO  commands.RetriableDatanodeEventWatcher (RetriableDatanodeEventWatcher.java:onTimeout(47)) - RetriableDatanodeCommand type=deleteBlocksCommand with id=1569037782632 timed out. Retrying.
2019-09-21 03:49:54,966 [pool-7-thread-4] INFO  commands.RetriableDatanodeEventWatcher (RetriableDatanodeEventWatcher.java:onTimeout(47)) - RetriableDatanodeCommand type=deleteBlocksCommand with id=1569037782701 timed out. Retrying.
2019-09-21 03:49:54,977 [pool-7-thread-4] INFO  commands.RetriableDatanodeEventWatcher (RetriableDatanodeEventWatcher.java:onTimeout(47)) - RetriableDatanodeCommand type=deleteBlocksCommand with id=1569037782642 timed out. Retrying.
2019-09-21 03:49:54,977 [pool-7-thread-4] INFO  commands.RetriableDatanodeEventWatcher (RetriableDatanodeEventWatcher.java:onTimeout(47)) - RetriableDatanodeCommand type=deleteBlocksCommand with id=1569037782711 timed out. Retrying.
2019-09-21 03:49:54,997 [pool-7-thread-4] INFO  commands.RetriableDatanodeEventWatcher (RetriableDatanodeEventWatcher.java:onTimeout(47)) - RetriableDatanodeCommand type=deleteBlocksCommand with id=1569037782652 timed out. Retrying.
2019-09-21 03:49:55,014 [pool-7-thread-5] INFO  commands.RetriableDatanodeEventWatcher (RetriableDatanodeEventWatcher.java:onTimeout(47)) - RetriableDatanodeCommand type=deleteBlocksCommand with id=1569037782603 timed out. Retrying.
2019-09-21 03:49:55,015 [pool-7-thread-4] INFO  commands.RetriableDatanodeEventWatcher (RetriableDatanodeEventWatcher.java:onTimeout(47)) - RetriableDatanodeCommand type=deleteBlocksCommand with id=1569037782662 timed out. Retrying.
2019-09-21 03:49:55,025 [pool-7-thread-4] INFO  commands.RetriableDatanodeEventWatcher (RetriableDatanodeEventWatcher.java:onTimeout(47)) - RetriableDatanodeCommand type=deleteBlocksCommand with id=1569037782672 timed out. Retrying.
2019-09-21 03:49:55,030 [pool-7-thread-4] INFO  commands.RetriableDatanodeEventWatcher (RetriableDatanodeEventWatcher.java:onTimeout(47)) - RetriableDatanodeCommand type=deleteBlocksCommand with id=1569037782613 timed out. Retrying.
2019-09-21 03:49:55,035 [SCMBlockDeletingService#1] DEBUG block.SCMBlockDeletingService (SCMBlockDeletingService.java:call(138)) - Running DeletedBlockTransactionScanner
2019-09-21 03:49:55,036 [SCMBlockDeletingService#1] DEBUG block.SCMBlockDeletingService (SCMBlockDeletingService.java:call(155)) - Scanned deleted blocks log and got 3 delTX to process.
2019-09-21 03:49:55,036 [SCMBlockDeletingService#1] DEBUG block.SCMBlockDeletingService (SCMBlockDeletingService.java:call(171)) - Added delete block command for datanode 555a71b6-7320-443e-bd9a-47cd6ebfc0cf in the queue, number of delete block transactions: 3, TxID list: 1,2,3
2019-09-21 03:49:55,036 [SCMBlockDeletingService#1] INFO  block.SCMBlockDeletingService (SCMBlockDeletingService.java:call(182)) - Totally added 3 delete blocks command for 1 datanodes, task elapsed time: 1ms
2019-09-21 03:49:55,040 [pool-7-thread-4] INFO  commands.RetriableDatanodeEventWatcher (RetriableDatanodeEventWatcher.java:onTimeout(47)) - RetriableDatanodeCommand type=deleteBlocksCommand with id=1569037782682 timed out. Retrying.
2019-09-21 03:49:55,043 [pool-7-thread-4] INFO  commands.RetriableDatanodeEventWatcher (RetriableDatanodeEventWatcher.java:onTimeout(47)) - RetriableDatanodeCommand type=deleteBlocksCommand with id=1569037782623 timed out. Retrying.
2019-09-21 03:49:55,053 [pool-7-thread-4] INFO  commands.RetriableDatanodeEventWatcher (RetriableDatanodeEventWatcher.java:onTimeout(47)) - RetriableDatanodeCommand type=deleteBlocksCommand with id=1569037782692 timed out. Retrying.
2019-09-21 03:49:55,063 [pool-7-thread-4] INFO  commands.RetriableDatanodeEventWatcher (RetriableDatanodeEventWatcher.java:onTimeout(47)) - RetriableDatanodeCommand type=deleteBlocksCommand with id=1569037782633 timed out. Retrying.
2019-09-21 03:49:55,066 [pool-7-thread-4] INFO  commands.RetriableDatanodeEventWatcher (RetriableDatanodeEventWatcher.java:onTimeout(47)) - RetriableDatanodeCommand type=deleteBlocksCommand with id=1569037782702 timed out. Retrying.
2019-09-21 03:49:55,078 [pool-7-thread-4] INFO  commands.RetriableDatanodeEventWatcher (RetriableDatanodeEventWatcher.java:onTimeout(47)) - RetriableDatanodeCommand type=deleteBlocksCommand with id=1569037782643 timed out. Retrying.
2019-09-21 03:49:55,078 [pool-7-thread-4] INFO  commands.RetriableDatanodeEventWatcher (RetriableDatanodeEventWatcher.java:onTimeout(47)) - RetriableDatanodeCommand type=deleteBlocksCommand with id=1569037782712 timed out. Retrying.
2019-09-21 03:49:55,100 [pool-7-thread-4] INFO  commands.RetriableDatanodeEventWatcher (RetriableDatanodeEventWatcher.java:onTimeout(47)) - RetriableDatanodeCommand type=deleteBlocksCommand with id=1569037782653 timed out. Retrying.
2019-09-21 03:49:55,113 [pool-7-thread-4] INFO  commands.RetriableDatanodeEventWatcher (RetriableDatanodeEventWatcher.java:onTimeout(47)) - RetriableDatanodeCommand type=deleteBlocksCommand with id=1569037782663 timed out. Retrying.
2019-09-21 03:49:55,116 [pool-7-thread-4] INFO  commands.RetriableDatanodeEventWatcher (RetriableDatanodeEventWatcher.java:onTimeout(47)) - RetriableDatanodeCommand type=deleteBlocksCommand with id=1569037782604 timed out. Retrying.
2019-09-21 03:49:55,128 [pool-7-thread-4] INFO  commands.RetriableDatanodeEventWatcher (RetriableDatanodeEventWatcher.java:onTimeout(47)) - RetriableDatanodeCommand type=deleteBlocksCommand with id=1569037782673 timed out. Retrying.
2019-09-21 03:49:55,128 [pool-7-thread-5] INFO  commands.RetriableDatanodeEventWatcher (RetriableDatanodeEventWatcher.java:onTimeout(47)) - RetriableDatanodeCommand type=deleteBlocksCommand with id=1569037782614 timed out. Retrying.
2019-09-21 03:49:55,137 [SCMBlockDeletingService#1] DEBUG block.SCMBlockDeletingService (SCMBlockDeletingService.java:call(138)) - Running DeletedBlockTransactionScanner
2019-09-21 03:49:55,137 [SCMBlockDeletingService#1] DEBUG block.SCMBlockDeletingService (SCMBlockDeletingService.java:call(155)) - Scanned deleted blocks log and got 3 delTX to process.
2019-09-21 03:49:55,138 [SCMBlockDeletingService#1] DEBUG block.SCMBlockDeletingService (SCMBlockDeletingService.java:call(171)) - Added delete block command for datanode 555a71b6-7320-443e-bd9a-47cd6ebfc0cf in the queue, number of delete block transactions: 3, TxID list: 1,2,3
2019-09-21 03:49:55,138 [SCMBlockDeletingService#1] INFO  block.SCMBlockDeletingService (SCMBlockDeletingService.java:call(182)) - Totally added 3 delete blocks command for 1 datanodes, task elapsed time: 1ms
2019-09-21 03:49:55,142 [pool-7-thread-5] INFO  commands.RetriableDatanodeEventWatcher (RetriableDatanodeEventWatcher.java:onTimeout(47)) - RetriableDatanodeCommand type=deleteBlocksCommand with id=1569037782683 timed out. Retrying.
2019-09-21 03:49:55,147 [pool-7-thread-5] INFO  commands.RetriableDatanodeEventWatcher (RetriableDatanodeEventWatcher.java:onTimeout(47)) - RetriableDatanodeCommand type=deleteBlocksCommand with id=1569037782624 timed out. Retrying.
2019-09-21 03:49:55,156 [pool-7-thread-5] INFO  commands.RetriableDatanodeEventWatcher (RetriableDatanodeEventWatcher.java:onTimeout(47)) - RetriableDatanodeCommand type=deleteBlocksCommand with id=1569037782693 timed out. Retrying.
2019-09-21 03:49:55,159 [pool-7-thread-5] INFO  commands.RetriableDatanodeEventWatcher (RetriableDatanodeEventWatcher.java:onTimeout(47)) - RetriableDatanodeCommand type=deleteBlocksCommand with id=1569037782634 timed out. Retrying.
2019-09-21 03:49:55,169 [pool-7-thread-5] INFO  commands.RetriableDatanodeEventWatcher (RetriableDatanodeEventWatcher.java:onTimeout(47)) - RetriableDatanodeCommand type=deleteBlocksCommand with id=1569037782703 timed out. Retrying.
2019-09-21 03:49:55,177 [pool-7-thread-5] INFO  commands.RetriableDatanodeEventWatcher (RetriableDatanodeEventWatcher.java:onTimeout(47)) - RetriableDatanodeCommand type=deleteBlocksCommand with id=1569037782644 timed out. Retrying.
2019-09-21 03:49:55,180 [pool-7-thread-5] INFO  commands.RetriableDatanodeEventWatcher (RetriableDatanodeEventWatcher.java:onTimeout(47)) - RetriableDatanodeCommand type=deleteBlocksCommand with id=1569037782713 timed out. Retrying.
2019-09-21 03:49:55,201 [pool-7-thread-5] INFO  commands.RetriableDatanodeEventWatcher (RetriableDatanodeEventWatcher.java:onTimeout(47)) - RetriableDatanodeCommand type=deleteBlocksCommand with id=1569037782654 timed out. Retrying.
2019-09-21 03:49:55,213 [pool-7-thread-5] INFO  commands.RetriableDatanodeEventWatcher (RetriableDatanodeEventWatcher.java:onTimeout(47)) - RetriableDatanodeCommand type=deleteBlocksCommand with id=1569037782664 timed out. Retrying.
2019-09-21 03:49:55,221 [pool-7-thread-5] INFO  commands.RetriableDatanodeEventWatcher (RetriableDatanodeEventWatcher.java:onTimeout(47)) - RetriableDatanodeCommand type=deleteBlocksCommand with id=1569037782605 timed out. Retrying.
2019-09-21 03:49:55,227 [pool-7-thread-5] INFO  commands.RetriableDatanodeEventWatcher (RetriableDatanodeEventWatcher.java:onTimeout(47)) - RetriableDatanodeCommand type=deleteBlocksCommand with id=1569037782674 timed out. Retrying.
2019-09-21 03:49:55,233 [pool-7-thread-5] INFO  commands.RetriableDatanodeEventWatcher (RetriableDatanodeEventWatcher.java:onTimeout(47)) - RetriableDatanodeCommand type=deleteBlocksCommand with id=1569037782615 timed out. Retrying.
2019-09-21 03:49:55,238 [SCMBlockDeletingService#1] DEBUG block.SCMBlockDeletingService (SCMBlockDeletingService.java:call(138)) - Running DeletedBlockTransactionScanner
2019-09-21 03:49:55,239 [SCMBlockDeletingService#1] DEBUG block.SCMBlockDeletingService (SCMBlockDeletingService.java:call(155)) - Scanned deleted blocks log and got 3 delTX to process.
2019-09-21 03:49:55,239 [SCMBlockDeletingService#1] DEBUG block.SCMBlockDeletingService (SCMBlockDeletingService.java:call(171)) - Added delete block command for datanode 555a71b6-7320-443e-bd9a-47cd6ebfc0cf in the queue, number of delete block transactions: 3, TxID list: 1,2,3
2019-09-21 03:49:55,239 [SCMBlockDeletingService#1] INFO  block.SCMBlockDeletingService (SCMBlockDeletingService.java:call(182)) - Totally added 3 delete blocks command for 1 datanodes, task elapsed time: 1ms
2019-09-21 03:49:55,243 [pool-7-thread-5] INFO  commands.RetriableDatanodeEventWatcher (RetriableDatanodeEventWatcher.java:onTimeout(47)) - RetriableDatanodeCommand type=deleteBlocksCommand with id=1569037782684 timed out. Retrying.
2019-09-21 03:49:55,249 [pool-7-thread-5] INFO  commands.RetriableDatanodeEventWatcher (RetriableDatanodeEventWatcher.java:onTimeout(47)) - RetriableDatanodeCommand type=deleteBlocksCommand with id=1569037782625 timed out. Retrying.
2019-09-21 03:49:55,256 [pool-7-thread-5] INFO  commands.RetriableDatanodeEventWatcher (RetriableDatanodeEventWatcher.java:onTimeout(47)) - RetriableDatanodeCommand type=deleteBlocksCommand with id=1569037782694 timed out. Retrying.
2019-09-21 03:49:55,262 [pool-7-thread-5] INFO  commands.RetriableDatanodeEventWatcher (RetriableDatanodeEventWatcher.java:onTimeout(47)) - RetriableDatanodeCommand type=deleteBlocksCommand with id=1569037782635 timed out. Retrying.
2019-09-21 03:49:55,268 [pool-7-thread-5] INFO  commands.RetriableDatanodeEventWatcher (RetriableDatanodeEventWatcher.java:onTimeout(47)) - RetriableDatanodeCommand type=deleteBlocksCommand with id=1569037782704 timed out. Retrying.
2019-09-21 03:49:55,281 [pool-7-thread-5] INFO  commands.RetriableDatanodeEventWatcher (RetriableDatanodeEventWatcher.java:onTimeout(47)) - RetriableDatanodeCommand type=deleteBlocksCommand with id=1569037782714 timed out. Retrying.
2019-09-21 03:49:55,282 [pool-7-thread-5] INFO  commands.RetriableDatanodeEventWatcher (RetriableDatanodeEventWatcher.java:onTimeout(47)) - RetriableDatanodeCommand type=deleteBlocksCommand with id=1569037782645 timed out. Retrying.
2019-09-21 03:49:55,303 [pool-7-thread-5] INFO  commands.RetriableDatanodeEventWatcher (RetriableDatanodeEventWatcher.java:onTimeout(47)) - RetriableDatanodeCommand type=deleteBlocksCommand with id=1569037782655 timed out. Retrying.
2019-09-21 03:49:55,313 [pool-7-thread-5] INFO  commands.RetriableDatanodeEventWatcher (RetriableDatanodeEventWatcher.java:onTimeout(47)) - RetriableDatanodeCommand type=deleteBlocksCommand with id=1569037782665 timed out. Retrying.
2019-09-21 03:49:55,323 [pool-7-thread-5] INFO  commands.RetriableDatanodeEventWatcher (RetriableDatanodeEventWatcher.java:onTimeout(47)) - RetriableDatanodeCommand type=deleteBlocksCommand with id=1569037782606 timed out. Retrying.
2019-09-21 03:49:55,328 [pool-7-thread-5] INFO  commands.RetriableDatanodeEventWatcher (RetriableDatanodeEventWatcher.java:onTimeout(47)) - RetriableDatanodeCommand type=deleteBlocksCommand with id=1569037782675 timed out. Retrying.
2019-09-21 03:49:55,333 [pool-7-thread-5] INFO  commands.RetriableDatanodeEventWatcher (RetriableDatanodeEventWatcher.java:onTimeout(47)) - RetriableDatanodeCommand type=deleteBlocksCommand with id=1569037782616 timed out. Retrying.
2019-09-21 03:49:55,340 [SCMBlockDeletingService#1] DEBUG block.SCMBlockDeletingService (SCMBlockDeletingService.java:call(138)) - Running DeletedBlockTransactionScanner
2019-09-21 03:49:55,340 [SCMBlockDeletingService#1] DEBUG block.SCMBlockDeletingService (SCMBlockDeletingService.java:call(155)) - Scanned deleted blocks log and got 3 delTX to process.
2019-09-21 03:49:55,341 [SCMBlockDeletingService#1] DEBUG block.SCMBlockDeletingService (SCMBlockDeletingService.java:call(171)) - Added delete block command for datanode 555a71b6-7320-443e-bd9a-47cd6ebfc0cf in the queue, number of delete block transactions: 3, TxID list: 1,2,3
2019-09-21 03:49:55,341 [SCMBlockDeletingService#1] INFO  block.SCMBlockDeletingService (SCMBlockDeletingService.java:call(182)) - Totally added 3 delete blocks command for 1 datanodes, task elapsed time: 2ms
2019-09-21 03:49:55,345 [pool-7-thread-5] INFO  commands.RetriableDatanodeEventWatcher (RetriableDatanodeEventWatcher.java:onTimeout(47)) - RetriableDatanodeCommand type=deleteBlocksCommand with id=1569037782685 timed out. Retrying.
2019-09-21 03:49:55,350 [pool-7-thread-5] INFO  commands.RetriableDatanodeEventWatcher (RetriableDatanodeEventWatcher.java:onTimeout(47)) - RetriableDatanodeCommand type=deleteBlocksCommand with id=1569037782626 timed out. Retrying.
2019-09-21 03:49:55,358 [pool-7-thread-5] INFO  commands.RetriableDatanodeEventWatcher (RetriableDatanodeEventWatcher.java:onTimeout(47)) - RetriableDatanodeCommand type=deleteBlocksCommand with id=1569037782695 timed out. Retrying.
2019-09-21 03:49:55,368 [pool-7-thread-5] INFO  commands.RetriableDatanodeEventWatcher (RetriableDatanodeEventWatcher.java:onTimeout(47)) - RetriableDatanodeCommand type=deleteBlocksCommand with id=1569037782636 timed out. Retrying.
2019-09-21 03:49:55,370 [pool-7-thread-4] INFO  commands.RetriableDatanodeEventWatcher (RetriableDatanodeEventWatcher.java:onTimeout(47)) - RetriableDatanodeCommand type=deleteBlocksCommand with id=1569037782705 timed out. Retrying.
2019-09-21 03:49:55,381 [pool-7-thread-4] INFO  commands.RetriableDatanodeEventWatcher (RetriableDatanodeEventWatcher.java:onTimeout(47)) - RetriableDatanodeCommand type=deleteBlocksCommand with id=1569037782646 timed out. Retrying.
2019-09-21 03:49:55,383 [pool-7-thread-4] INFO  commands.RetriableDatanodeEventWatcher (RetriableDatanodeEventWatcher.java:onTimeout(47)) - RetriableDatanodeCommand type=deleteBlocksCommand with id=1569037782715 timed out. Retrying.
2019-09-21 03:49:55,398 [main] INFO  ozone.MiniOzoneClusterImpl (MiniOzoneClusterImpl.java:lambda$waitForClusterToBeReady$0(147)) - Cluster is ready. Got 1 of 1 DN Heartbeats.
2019-09-21 03:49:55,403 [pool-7-thread-4] INFO  commands.RetriableDatanodeEventWatcher (RetriableDatanodeEventWatcher.java:onTimeout(47)) - RetriableDatanodeCommand type=deleteBlocksCommand with id=1569037782656 timed out. Retrying.
2019-09-21 03:49:55,409 [Datanode State Machine Thread - 0] ERROR statemachine.EndpointStateMachine (EndpointStateMachine.java:logIfNeeded(204)) - Unable to communicate to SCM server at 0.0.0.0:39082 for past 0 seconds.
java.net.SocketTimeoutException: Call From pr-hdds-2161-927ps-406439766/192.168.157.196 to 0.0.0.0:39082 failed on socket timeout exception: java.net.SocketTimeoutException: 1000 millis timeout while waiting for channel to be ready for read. ch : java.nio.channels.SocketChannel[connected local=/192.168.157.196:60824 remote=/0.0.0.0:39082]; For more details see:  http://wiki.apache.org/hadoop/SocketTimeout
	at sun.reflect.NativeConstructorAccessorImpl.newInstance0(Native Method)
	at sun.reflect.NativeConstructorAccessorImpl.newInstance(NativeConstructorAccessorImpl.java:62)
	at sun.reflect.DelegatingConstructorAccessorImpl.newInstance(DelegatingConstructorAccessorImpl.java:45)
	at java.lang.reflect.Constructor.newInstance(Constructor.java:423)
	at org.apache.hadoop.net.NetUtils.wrapWithMessage(NetUtils.java:831)
	at org.apache.hadoop.net.NetUtils.wrapException(NetUtils.java:775)
	at org.apache.hadoop.ipc.Client.getRpcResponse(Client.java:1515)
	at org.apache.hadoop.ipc.Client.call(Client.java:1457)
	at org.apache.hadoop.ipc.Client.call(Client.java:1367)
	at org.apache.hadoop.ipc.ProtobufRpcEngine$Invoker.invoke(ProtobufRpcEngine.java:228)
	at org.apache.hadoop.ipc.ProtobufRpcEngine$Invoker.invoke(ProtobufRpcEngine.java:116)
	at com.sun.proxy.$Proxy33.sendHeartbeat(Unknown Source)
	at org.apache.hadoop.ozone.protocolPB.StorageContainerDatanodeProtocolClientSideTranslatorPB.sendHeartbeat(StorageContainerDatanodeProtocolClientSideTranslatorPB.java:131)
	at org.apache.hadoop.ozone.container.common.states.endpoint.HeartbeatEndpointTask.call(HeartbeatEndpointTask.java:143)
	at org.apache.hadoop.ozone.container.common.states.endpoint.HeartbeatEndpointTask.call(HeartbeatEndpointTask.java:74)
	at java.util.concurrent.FutureTask.run(FutureTask.java:266)
	at java.util.concurrent.Executors$RunnableAdapter.call(Executors.java:511)
	at java.util.concurrent.FutureTask.run(FutureTask.java:266)
	at java.util.concurrent.ThreadPoolExecutor.runWorker(ThreadPoolExecutor.java:1149)
	at java.util.concurrent.ThreadPoolExecutor$Worker.run(ThreadPoolExecutor.java:624)
	at java.lang.Thread.run(Thread.java:748)
Caused by: java.net.SocketTimeoutException: 1000 millis timeout while waiting for channel to be ready for read. ch : java.nio.channels.SocketChannel[connected local=/192.168.157.196:60824 remote=/0.0.0.0:39082]
	at org.apache.hadoop.net.SocketIOWithTimeout.doIO(SocketIOWithTimeout.java:164)
	at org.apache.hadoop.net.SocketInputStream.read(SocketInputStream.java:161)
	at org.apache.hadoop.net.SocketInputStream.read(SocketInputStream.java:131)
	at java.io.FilterInputStream.read(FilterInputStream.java:133)
	at java.io.BufferedInputStream.fill(BufferedInputStream.java:246)
	at java.io.BufferedInputStream.read(BufferedInputStream.java:265)
	at java.io.FilterInputStream.read(FilterInputStream.java:83)
	at java.io.FilterInputStream.read(FilterInputStream.java:83)
	at org.apache.hadoop.ipc.Client$Connection$PingInputStream.read(Client.java:557)
	at java.io.DataInputStream.readInt(DataInputStream.java:387)
	at org.apache.hadoop.ipc.Client$IpcStreams.readResponse(Client.java:1816)
	at org.apache.hadoop.ipc.Client$Connection.receiveRpcResponse(Client.java:1173)
	at org.apache.hadoop.ipc.Client$Connection.run(Client.java:1069)
2019-09-21 03:49:55,420 [pool-7-thread-4] INFO  commands.RetriableDatanodeEventWatcher (RetriableDatanodeEventWatcher.java:onTimeout(47)) - RetriableDatanodeCommand type=deleteBlocksCommand with id=1569037782666 timed out. Retrying.
2019-09-21 03:49:55,421 [EventQueue-PendingDeleteStatusForPendingDeleteHandler] INFO  block.SCMBlockDeletingService (SCMBlockDeletingService.java:handlePendingDeletes(115)) - Block deletion txnID mismatch in datanode 555a71b6-7320-443e-bd9a-47cd6ebfc0cf for containerID 1. Datanode delete txnID: 0, SCM txnID: 1
2019-09-21 03:49:55,421 [EventQueue-PendingDeleteStatusForPendingDeleteHandler] INFO  block.SCMBlockDeletingService (SCMBlockDeletingService.java:handlePendingDeletes(115)) - Block deletion txnID mismatch in datanode 555a71b6-7320-443e-bd9a-47cd6ebfc0cf for containerID 2. Datanode delete txnID: 0, SCM txnID: 2
2019-09-21 03:49:55,421 [EventQueue-PendingDeleteStatusForPendingDeleteHandler] INFO  block.SCMBlockDeletingService (SCMBlockDeletingService.java:handlePendingDeletes(115)) - Block deletion txnID mismatch in datanode 555a71b6-7320-443e-bd9a-47cd6ebfc0cf for containerID 3. Datanode delete txnID: 0, SCM txnID: 3
2019-09-21 03:49:55,423 [pool-7-thread-4] INFO  commands.RetriableDatanodeEventWatcher (RetriableDatanodeEventWatcher.java:onTimeout(47)) - RetriableDatanodeCommand type=deleteBlocksCommand with id=1569037782607 timed out. Retrying.
2019-09-21 03:49:55,431 [pool-7-thread-4] INFO  commands.RetriableDatanodeEventWatcher (RetriableDatanodeEventWatcher.java:onTimeout(47)) - RetriableDatanodeCommand type=deleteBlocksCommand with id=1569037782676 timed out. Retrying.
2019-09-21 03:49:55,435 [pool-7-thread-4] INFO  commands.RetriableDatanodeEventWatcher (RetriableDatanodeEventWatcher.java:onTimeout(47)) - RetriableDatanodeCommand type=deleteBlocksCommand with id=1569037782617 timed out. Retrying.
2019-09-21 03:49:55,441 [SCMBlockDeletingService#0] DEBUG block.SCMBlockDeletingService (SCMBlockDeletingService.java:call(138)) - Running DeletedBlockTransactionScanner
2019-09-21 03:49:55,489 [pool-7-thread-2] INFO  commands.RetriableDatanodeEventWatcher (RetriableDatanodeEventWatcher.java:onTimeout(47)) - RetriableDatanodeCommand type=deleteBlocksCommand with id=1569037782706 timed out. Retrying.
2019-09-21 03:49:55,489 [pool-7-thread-8] INFO  commands.RetriableDatanodeEventWatcher (RetriableDatanodeEventWatcher.java:onTimeout(47)) - RetriableDatanodeCommand type=deleteBlocksCommand with id=1569037782627 timed out. Retrying.
2019-09-21 03:49:55,489 [SCMBlockDeletingService#0] DEBUG block.SCMBlockDeletingService (SCMBlockDeletingService.java:call(155)) - Scanned deleted blocks log and got 3 delTX to process.
2019-09-21 03:49:55,490 [pool-7-thread-3] INFO  commands.RetriableDatanodeEventWatcher (RetriableDatanodeEventWatcher.java:onTimeout(47)) - RetriableDatanodeCommand type=deleteBlocksCommand with id=1569037782647 timed out. Retrying.
2019-09-21 03:49:55,490 [SCMBlockDeletingService#0] DEBUG block.SCMBlockDeletingService (SCMBlockDeletingService.java:call(171)) - Added delete block command for datanode 555a71b6-7320-443e-bd9a-47cd6ebfc0cf in the queue, number of delete block transactions: 3, TxID list: 1,2,3
2019-09-21 03:49:55,490 [pool-7-thread-7] INFO  commands.RetriableDatanodeEventWatcher (RetriableDatanodeEventWatcher.java:onTimeout(47)) - RetriableDatanodeCommand type=deleteBlocksCommand with id=1569037782637 timed out. Retrying.
2019-09-21 03:49:55,490 [SCMBlockDeletingService#0] INFO  block.SCMBlockDeletingService (RetriableDatanodeEventWatcher.java:onTimeout(47)) - RetriableDatanodeCommand type=deleteBlocksCommand with id=1569037782696 timed out. Retrying.
SCMBlockDeletingService.java:call(182)) - Totally added 3 delete blocks command for 1 datanodes, task elapsed time: 49ms
2019-09-21 03:49:55,490 [pool-7-thread-6] INFO  commands.RetriableDatanodeEventWatcher (RetriableDatanodeEventWatcher.java:onTimeout(47)) - RetriableDatanodeCommand type=deleteBlocksCommand with id=1569037782696 timed out. Retrying.
2019-09-21 03:49:55,491 [pool-7-thread-4] INFO  commands.RetriableDatanodeEventWatcher (RetriableDatanodeEventWatcher.java:onTimeout(47)) - RetriableDatanodeCommand type=deleteBlocksCommand with id=1569037782686 timed out. Retrying.
2019-09-21 03:49:55,491 [pool-7-thread-5] INFO  commands.RetriableDatanodeEventWatcher (RetriableDatanodeEventWatcher.java:onTimeout(47)) - RetriableDatanodeCommand type=deleteBlocksCommand with id=1569037782716 timed out. Retrying.
2019-09-21 03:49:55,501 [pool-7-thread-5] INFO  commands.RetriableDatanodeEventWatcher (RetriableDatanodeEventWatcher.java:onTimeout(47)) - RetriableDatanodeCommand type=deleteBlocksCommand with id=1569037782657 timed out. Retrying.
2019-09-21 03:49:55,521 [pool-7-thread-4] INFO  commands.RetriableDatanodeEventWatcher (RetriableDatanodeEventWatcher.java:onTimeout(47)) - RetriableDatanodeCommand type=deleteBlocksCommand with id=1569037782608 timed out. Retrying.
2019-09-21 03:49:55,521 [pool-7-thread-5] INFO  commands.RetriableDatanodeEventWatcher (RetriableDatanodeEventWatcher.java:onTimeout(47)) - RetriableDatanodeCommand type=deleteBlocksCommand with id=1569037782667 timed out. Retrying.
2019-09-21 03:49:55,534 [pool-7-thread-5] INFO  commands.RetriableDatanodeEventWatcher (RetriableDatanodeEventWatcher.java:onTimeout(47)) - RetriableDatanodeCommand type=deleteBlocksCommand with id=1569037782677 timed out. Retrying.
2019-09-21 03:49:55,536 [pool-7-thread-5] INFO  commands.RetriableDatanodeEventWatcher (RetriableDatanodeEventWatcher.java:onTimeout(47)) - RetriableDatanodeCommand type=deleteBlocksCommand with id=1569037782618 timed out. Retrying.
2019-09-21 03:49:55,549 [pool-7-thread-5] INFO  commands.RetriableDatanodeEventWatcher (RetriableDatanodeEventWatcher.java:onTimeout(47)) - RetriableDatanodeCommand type=deleteBlocksCommand with id=1569037782687 timed out. Retrying.
2019-09-21 03:49:55,550 [pool-7-thread-5] INFO  commands.RetriableDatanodeEventWatcher (RetriableDatanodeEventWatcher.java:onTimeout(47)) - RetriableDatanodeCommand type=deleteBlocksCommand with id=1569037782628 timed out. Retrying.
2019-09-21 03:49:55,562 [pool-7-thread-5] INFO  commands.RetriableDatanodeEventWatcher (RetriableDatanodeEventWatcher.java:onTimeout(47)) - RetriableDatanodeCommand type=deleteBlocksCommand with id=1569037782697 timed out. Retrying.
2019-09-21 03:49:55,569 [pool-7-thread-5] INFO  commands.RetriableDatanodeEventWatcher (RetriableDatanodeEventWatcher.java:onTimeout(47)) - RetriableDatanodeCommand type=deleteBlocksCommand with id=1569037782638 timed out. Retrying.
2019-09-21 03:49:55,573 [pool-7-thread-5] INFO  commands.RetriableDatanodeEventWatcher (RetriableDatanodeEventWatcher.java:onTimeout(47)) - RetriableDatanodeCommand type=deleteBlocksCommand with id=1569037782707 timed out. Retrying.
2019-09-21 03:49:55,586 [pool-7-thread-5] INFO  commands.RetriableDatanodeEventWatcher (RetriableDatanodeEventWatcher.java:onTimeout(47)) - RetriableDatanodeCommand type=deleteBlocksCommand with id=1569037782717 timed out. Retrying.
2019-09-21 03:49:55,587 [pool-7-thread-4] INFO  commands.RetriableDatanodeEventWatcher (RetriableDatanodeEventWatcher.java:onTimeout(47)) - RetriableDatanodeCommand type=deleteBlocksCommand with id=1569037782648 timed out. Retrying.
2019-09-21 03:49:55,591 [SCMBlockDeletingService#0] DEBUG block.SCMBlockDeletingService (SCMBlockDeletingService.java:call(138)) - Running DeletedBlockTransactionScanner
2019-09-21 03:49:55,591 [SCMBlockDeletingService#0] DEBUG block.SCMBlockDeletingService (SCMBlockDeletingService.java:call(155)) - Scanned deleted blocks log and got 3 delTX to process.
2019-09-21 03:49:55,592 [SCMBlockDeletingService#0] DEBUG block.SCMBlockDeletingService (SCMBlockDeletingService.java:call(171)) - Added delete block command for datanode 555a71b6-7320-443e-bd9a-47cd6ebfc0cf in the queue, number of delete block transactions: 3, TxID list: 1,2,3
2019-09-21 03:49:55,592 [SCMBlockDeletingService#0] INFO  block.SCMBlockDeletingService (SCMBlockDeletingService.java:call(182)) - Totally added 3 delete blocks command for 1 datanodes, task elapsed time: 2ms
2019-09-21 03:49:55,598 [Thread-4623] INFO  impl.FollowerState (FollowerState.java:run(106)) - 555a71b6-7320-443e-bd9a-47cd6ebfc0cf:group-A814ED1B11EB changes to CANDIDATE, lastRpcTime:5188, electionTimeout:5188ms
2019-09-21 03:49:55,599 [Thread-4623] INFO  impl.RoleInfo (RoleInfo.java:shutdownFollowerState(121)) - 555a71b6-7320-443e-bd9a-47cd6ebfc0cf: shutdown FollowerState
2019-09-21 03:49:55,600 [Thread-4623] INFO  impl.RaftServerImpl (RaftServerImpl.java:setRole(174)) - 555a71b6-7320-443e-bd9a-47cd6ebfc0cf@group-A814ED1B11EB: changes role from  FOLLOWER to CANDIDATE at term 1 for changeToCandidate
2019-09-21 03:49:55,600 [Thread-4623] INFO  impl.RoleInfo (RoleInfo.java:updateAndGet(143)) - 555a71b6-7320-443e-bd9a-47cd6ebfc0cf: start LeaderElection
2019-09-21 03:49:55,607 [pool-7-thread-4] INFO  commands.RetriableDatanodeEventWatcher (RetriableDatanodeEventWatcher.java:onTimeout(47)) - RetriableDatanodeCommand type=deleteBlocksCommand with id=1569037782658 timed out. Retrying.
2019-09-21 03:49:55,608 [pool-7-thread-4] INFO  commands.RetriableDatanodeEventWatcher (RetriableDatanodeEventWatcher.java:onTimeout(47)) - RetriableDatanodeCommand type=deleteBlocksCommand with id=1569037782599 timed out. Retrying.
2019-09-21 03:49:55,618 [555a71b6-7320-443e-bd9a-47cd6ebfc0cf@group-A814ED1B11EB:LeaderElection2] INFO  impl.LeaderElection (LeaderElection.java:askForVotes(182)) - 555a71b6-7320-443e-bd9a-47cd6ebfc0cf@group-A814ED1B11EB:LeaderElection2: begin an election at term 2 for 0: [555a71b6-7320-443e-bd9a-47cd6ebfc0cf:192.168.157.196:38034], old=null
2019-09-21 03:49:55,623 [pool-7-thread-4] INFO  commands.RetriableDatanodeEventWatcher (RetriableDatanodeEventWatcher.java:onTimeout(47)) - RetriableDatanodeCommand type=deleteBlocksCommand with id=1569037782668 timed out. Retrying.
2019-09-21 03:49:55,624 [pool-7-thread-5] INFO  commands.RetriableDatanodeEventWatcher (RoleInfo.java:shutdownLeaderElection(134)) - 555a71b6-7320-443e-bd9a-47cd6ebfc0cf: shutdown LeaderElection
2019-09-21 03:49:55,624 [555a71b6-7320-443e-bd9a-47cd6ebfc0cf@group-A814ED1B11EB:LeaderElection2] INFO  impl.RaftServerImpl (RetriableDatanodeEventWatcher.java:onTimeout(47)) - RetriableDatanodeCommand type=deleteBlocksCommand with id=1569037782609 timed out. Retrying.
RaftServerImpl.java:setRole(174)) - 555a71b6-7320-443e-bd9a-47cd6ebfc0cf@group-A814ED1B11EB: changes role from CANDIDATE to LEADER at term 2 for changeToLeader
2019-09-21 03:49:55,624 [pool-7-thread-5] INFO  commands.RetriableDatanodeEventWatcher (RetriableDatanodeEventWatcher.java:onTimeout(47)) - RetriableDatanodeCommand type=deleteBlocksCommand with id=1569037782609 timed out. Retrying.
2019-09-21 03:49:55,624 [555a71b6-7320-443e-bd9a-47cd6ebfc0cf@group-A814ED1B11EB:LeaderElection2] INFO  impl.RaftServerImpl (ServerState.java:setLeader(253)) - 555a71b6-7320-443e-bd9a-47cd6ebfc0cf@group-A814ED1B11EB: change Leader from null to 555a71b6-7320-443e-bd9a-47cd6ebfc0cf at term 2 for becomeLeader, leader elected after 7244ms
2019-09-21 03:49:55,625 [555a71b6-7320-443e-bd9a-47cd6ebfc0cf@group-A814ED1B11EB:LeaderElection2] INFO  server.RaftServerConfigKeys (ConfUtils.java:logGet(43)) - raft.server.staging.catchup.gap = 1000 (default)
2019-09-21 03:49:55,625 [555a71b6-7320-443e-bd9a-47cd6ebfc0cf@group-A814ED1B11EB:LeaderElection2] INFO  server.RaftServerConfigKeys (ConfUtils.java:logGet(43)) - raft.server.rpc.sleep.time = 25ms (default)
2019-09-21 03:49:55,625 [555a71b6-7320-443e-bd9a-47cd6ebfc0cf@group-A814ED1B11EB:LeaderElection2] INFO  server.RaftServerConfigKeys (ConfUtils.java:logGet(43)) - raft.server.write.element-limit = 4096 (default)
2019-09-21 03:49:55,626 [555a71b6-7320-443e-bd9a-47cd6ebfc0cf@group-A814ED1B11EB:LeaderElection2] INFO  server.RaftServerConfigKeys (ConfUtils.java:logGet(43)) - raft.server.watch.timeout = 10s (default)
2019-09-21 03:49:55,626 [555a71b6-7320-443e-bd9a-47cd6ebfc0cf@group-A814ED1B11EB:LeaderElection2] INFO  server.RaftServerConfigKeys (ConfUtils.java:logGet(43)) - raft.server.watch.timeout.denomination = 1s (default)
2019-09-21 03:49:55,626 [555a71b6-7320-443e-bd9a-47cd6ebfc0cf@group-A814ED1B11EB:LeaderElection2] INFO  server.RaftServerConfigKeys (ConfUtils.java:logGet(43)) - raft.server.watch.element-limit = 65536 (default)
2019-09-21 03:49:55,626 [555a71b6-7320-443e-bd9a-47cd6ebfc0cf@group-A814ED1B11EB:LeaderElection2] INFO  impl.RoleInfo (RoleInfo.java:updateAndGet(143)) - 555a71b6-7320-443e-bd9a-47cd6ebfc0cf: start LeaderState
2019-09-21 03:49:55,627 [555a71b6-7320-443e-bd9a-47cd6ebfc0cf@group-A814ED1B11EB:LeaderElection2] INFO  segmented.SegmentedRaftLogWorker (SegmentedRaftLogWorker.java:rollLogSegment(385)) - 555a71b6-7320-443e-bd9a-47cd6ebfc0cf@group-A814ED1B11EB-SegmentedRaftLogWorker: Rolling segment log-5287_5973 to index:5973
2019-09-21 03:49:55,629 [555a71b6-7320-443e-bd9a-47cd6ebfc0cf@group-A814ED1B11EB:LeaderElection2] INFO  impl.RaftServerImpl (ServerState.java:setRaftConf(354)) - 555a71b6-7320-443e-bd9a-47cd6ebfc0cf@group-A814ED1B11EB: set configuration 5974: [555a71b6-7320-443e-bd9a-47cd6ebfc0cf:192.168.157.196:38034], old=null at 5974
2019-09-21 03:49:55,629 [555a71b6-7320-443e-bd9a-47cd6ebfc0cf@group-A814ED1B11EB-SegmentedRaftLogWorker] INFO  segmented.SegmentedRaftLogWorker (SegmentedRaftLogWorker.java:execute(526)) - 555a71b6-7320-443e-bd9a-47cd6ebfc0cf@group-A814ED1B11EB-SegmentedRaftLogWorker: Rolled log segment from /workdir/hadoop-ozone/integration-test/target/test-dir/MiniOzoneClusterImpl-9576e1a8-30c4-48cb-bc53-357cfd55dd46/datanode-0/data/ratis/ac09d141-6968-4575-83ac-a814ed1b11eb/current/log_inprogress_5287 to /workdir/hadoop-ozone/integration-test/target/test-dir/MiniOzoneClusterImpl-9576e1a8-30c4-48cb-bc53-357cfd55dd46/datanode-0/data/ratis/ac09d141-6968-4575-83ac-a814ed1b11eb/current/log_5287-5973
2019-09-21 03:49:55,632 [pool-7-thread-5] INFO  commands.RetriableDatanodeEventWatcher (RetriableDatanodeEventWatcher.java:onTimeout(47)) - RetriableDatanodeCommand type=deleteBlocksCommand with id=1569037782678 timed out. Retrying.
2019-09-21 03:49:55,640 [pool-7-thread-5] INFO  commands.RetriableDatanodeEventWatcher (RetriableDatanodeEventWatcher.java:onTimeout(47)) - RetriableDatanodeCommand type=deleteBlocksCommand with id=1569037782619 timed out. Retrying.
2019-09-21 03:49:55,647 [pool-7-thread-5] INFO  commands.RetriableDatanodeEventWatcher (RetriableDatanodeEventWatcher.java:onTimeout(47)) - RetriableDatanodeCommand type=deleteBlocksCommand with id=1569037782688 timed out. Retrying.
2019-09-21 03:49:55,665 [pool-7-thread-5] INFO  commands.RetriableDatanodeEventWatcher (RetriableDatanodeEventWatcher.java:onTimeout(47)) - RetriableDatanodeCommand type=deleteBlocksCommand with id=1569037782698 timed out. Retrying.
SCMBlockDeletingService.java:handlePendingDeletes(115)) - Block deletion txnID mismatch in datanode 555a71b6-7320-443e-bd9a-47cd6ebfc0cf for containerID 1. Datanode delete txnID: 0, SCM txnID: 1
2019-09-21 03:49:55,665 [pool-7-thread-5] INFO  commands.RetriableDatanodeEventWatcher (RetriableDatanodeEventWatcher.java:onTimeout(47)) - RetriableDatanodeCommand type=deleteBlocksCommand with id=1569037782698 timed out. Retrying.
2019-09-21 03:49:55,665 [pool-7-thread-4] INFO  commands.RetriableDatanodeEventWatcher (SCMBlockDeletingService.java:handlePendingDeletes(115)) - Block deletion txnID mismatch in datanode 555a71b6-7320-443e-bd9a-47cd6ebfc0cf for containerID 2. Datanode delete txnID: 0, SCM txnID: 2
2019-09-21 03:49:55,665 [EventQueue-PendingDeleteStatusForPendingDeleteHandler] INFO  block.SCMBlockDeletingService (RetriableDatanodeEventWatcher.java:onTimeout(47)) - RetriableDatanodeCommand type=deleteBlocksCommand with id=1569037782629 timed out. Retrying.
SCMBlockDeletingService.java:handlePendingDeletes(115)) - Block deletion txnID mismatch in datanode 555a71b6-7320-443e-bd9a-47cd6ebfc0cf for containerID 3. Datanode delete txnID: 0, SCM txnID: 3
2019-09-21 03:49:55,665 [pool-7-thread-4] INFO  commands.RetriableDatanodeEventWatcher (RetriableDatanodeEventWatcher.java:onTimeout(47)) - RetriableDatanodeCommand type=deleteBlocksCommand with id=1569037782629 timed out. Retrying.
2019-09-21 03:49:55,685 [555a71b6-7320-443e-bd9a-47cd6ebfc0cf@group-A814ED1B11EB-SegmentedRaftLogWorker] INFO  segmented.SegmentedRaftLogWorker (SegmentedRaftLogWorker.java:execute(569)) - 555a71b6-7320-443e-bd9a-47cd6ebfc0cf@group-A814ED1B11EB-SegmentedRaftLogWorker: created new log segment /workdir/hadoop-ozone/integration-test/target/test-dir/MiniOzoneClusterImpl-9576e1a8-30c4-48cb-bc53-357cfd55dd46/datanode-0/data/ratis/ac09d141-6968-4575-83ac-a814ed1b11eb/current/log_inprogress_5974
2019-09-21 03:49:55,692 [SCMBlockDeletingService#0] DEBUG block.SCMBlockDeletingService (SCMBlockDeletingService.java:call(138)) - Running DeletedBlockTransactionScanner
2019-09-21 03:49:55,693 [SCMBlockDeletingService#0] DEBUG block.SCMBlockDeletingService (SCMBlockDeletingService.java:call(155)) - Scanned deleted blocks log and got 3 delTX to process.
2019-09-21 03:49:55,693 [SCMBlockDeletingService#0] DEBUG block.SCMBlockDeletingService (SCMBlockDeletingService.java:call(171)) - Added delete block command for datanode 555a71b6-7320-443e-bd9a-47cd6ebfc0cf in the queue, number of delete block transactions: 3, TxID list: 1,2,3
2019-09-21 03:49:55,693 [SCMBlockDeletingService#0] INFO  block.SCMBlockDeletingService (SCMBlockDeletingService.java:call(182)) - Totally added 3 delete blocks command for 1 datanodes, task elapsed time: 1ms
2019-09-21 03:49:55,698 [pool-7-thread-4] INFO  commands.RetriableDatanodeEventWatcher (RetriableDatanodeEventWatcher.java:onTimeout(47)) - RetriableDatanodeCommand type=deleteBlocksCommand with id=1569037782718 timed out. Retrying.
2019-09-21 03:49:55,699 [pool-7-thread-6] INFO  commands.RetriableDatanodeEventWatcher (RetriableDatanodeEventWatcher.java:onTimeout(47)) - RetriableDatanodeCommand type=deleteBlocksCommand with id=1569037782649 timed out. Retrying.
2019-09-21 03:49:55,699 [pool-7-thread-7] INFO  commands.RetriableDatanodeEventWatcher (RetriableDatanodeEventWatcher.java:onTimeout(47)) - RetriableDatanodeCommand type=deleteBlocksCommand with id=1569037782639 timed out. Retrying.
2019-09-21 03:49:55,699 [pool-7-thread-5] INFO  commands.RetriableDatanodeEventWatcher (RetriableDatanodeEventWatcher.java:onTimeout(47)) - RetriableDatanodeCommand type=deleteBlocksCommand with id=1569037782708 timed out. Retrying.
2019-09-21 03:49:55,707 [pool-7-thread-5] INFO  commands.RetriableDatanodeEventWatcher (RetriableDatanodeEventWatcher.java:onTimeout(47)) - RetriableDatanodeCommand type=deleteBlocksCommand with id=1569037782659 timed out. Retrying.
2019-09-21 03:49:55,710 [pool-7-thread-5] INFO  commands.RetriableDatanodeEventWatcher (RetriableDatanodeEventWatcher.java:onTimeout(47)) - RetriableDatanodeCommand type=deleteBlocksCommand with id=1569037782600 timed out. Retrying.
2019-09-21 03:49:55,722 [pool-7-thread-5] INFO  commands.RetriableDatanodeEventWatcher (RetriableDatanodeEventWatcher.java:onTimeout(47)) - RetriableDatanodeCommand type=deleteBlocksCommand with id=1569037782669 timed out. Retrying.
2019-09-21 03:49:55,726 [pool-7-thread-5] INFO  commands.RetriableDatanodeEventWatcher (RetriableDatanodeEventWatcher.java:onTimeout(47)) - RetriableDatanodeCommand type=deleteBlocksCommand with id=1569037782610 timed out. Retrying.
2019-09-21 03:49:55,774 [pool-7-thread-6] INFO  commands.RetriableDatanodeEventWatcher (RetriableDatanodeEventWatcher.java:onTimeout(47)) - RetriableDatanodeCommand type=deleteBlocksCommand with id=1569037782689 timed out. Retrying.
2019-09-21 03:49:55,774 [pool-7-thread-3] INFO  commands.RetriableDatanodeEventWatcher (RetriableDatanodeEventWatcher.java:onTimeout(47)) - RetriableDatanodeCommand type=deleteBlocksCommand with id=1569037782640 timed out. Retrying.
2019-09-21 03:49:55,774 [pool-7-thread-4] INFO  commands.RetriableDatanodeEventWatcher (RetriableDatanodeEventWatcher.java:onTimeout(47)) - RetriableDatanodeCommand type=deleteBlocksCommand with id=1569037782620 timed out. Retrying.
2019-09-21 03:49:55,775 [pool-7-thread-5] INFO  commands.RetriableDatanodeEventWatcher (RetriableDatanodeEventWatcher.java:onTimeout(47)) - RetriableDatanodeCommand type=deleteBlocksCommand with id=1569037782679 timed out. Retrying.
2019-09-21 03:49:55,775 [pool-7-thread-8] INFO  commands.RetriableDatanodeEventWatcher (RetriableDatanodeEventWatcher.java:onTimeout(47)) - RetriableDatanodeCommand type=deleteBlocksCommand with id=1569037782630 timed out. Retrying.
2019-09-21 03:49:55,775 [pool-7-thread-7] INFO  commands.RetriableDatanodeEventWatcher (RetriableDatanodeEventWatcher.java:onTimeout(47)) - RetriableDatanodeCommand type=deleteBlocksCommand with id=1569037782699 timed out. Retrying.
2019-09-21 03:49:55,775 [pool-7-thread-7] INFO  commands.RetriableDatanodeEventWatcher (RetriableDatanodeEventWatcher.java:onTimeout(47)) - RetriableDatanodeCommand type=deleteBlocksCommand with id=1569037782709 timed out. Retrying.
2019-09-21 03:49:55,794 [pool-7-thread-7] INFO  commands.RetriableDatanodeEventWatcher (SCMBlockDeletingService.java:call(138)) - Running DeletedBlockTransactionScanner
2019-09-21 03:49:55,794 [pool-7-thread-7] INFO  commands.RetriableDatanodeEventWatcher (RetriableDatanodeEventWatcher.java:onTimeout(47)) - RetriableDatanodeCommand type=deleteBlocksCommand with id=1569037782650 timed out. Retrying.
2019-09-21 03:49:55,795 [SCMBlockDeletingService#0] DEBUG block.SCMBlockDeletingService (SCMBlockDeletingService.java:call(155)) - Scanned deleted blocks log and got 3 delTX to process.
2019-09-21 03:49:55,796 [SCMBlockDeletingService#0] DEBUG block.SCMBlockDeletingService (SCMBlockDeletingService.java:call(171)) - Added delete block command for datanode 555a71b6-7320-443e-bd9a-47cd6ebfc0cf in the queue, number of delete block transactions: 3, TxID list: 1,2,3
2019-09-21 03:49:55,796 [SCMBlockDeletingService#0] INFO  block.SCMBlockDeletingService (SCMBlockDeletingService.java:call(182)) - Totally added 3 delete blocks command for 1 datanodes, task elapsed time: 2ms
2019-09-21 03:49:55,802 [pool-7-thread-7] INFO  commands.RetriableDatanodeEventWatcher (RetriableDatanodeEventWatcher.java:onTimeout(47)) - RetriableDatanodeCommand type=deleteBlocksCommand with id=1569037782719 timed out. Retrying.
2019-09-21 03:49:55,805 [EventQueue-PendingDeleteStatusForPendingDeleteHandler] INFO  block.SCMBlockDeletingService (SCMBlockDeletingService.java:handlePendingDeletes(115)) - Block deletion txnID mismatch in datanode 555a71b6-7320-443e-bd9a-47cd6ebfc0cf for containerID 1. Datanode delete txnID: 0, SCM txnID: 1
2019-09-21 03:49:55,805 [EventQueue-PendingDeleteStatusForPendingDeleteHandler] INFO  block.SCMBlockDeletingService (SCMBlockDeletingService.java:handlePendingDeletes(115)) - Block deletion txnID mismatch in datanode 555a71b6-7320-443e-bd9a-47cd6ebfc0cf for containerID 2. Datanode delete txnID: 0, SCM txnID: 2
2019-09-21 03:49:55,806 [EventQueue-PendingDeleteStatusForPendingDeleteHandler] INFO  block.SCMBlockDeletingService (SCMBlockDeletingService.java:handlePendingDeletes(115)) - Block deletion txnID mismatch in datanode 555a71b6-7320-443e-bd9a-47cd6ebfc0cf for containerID 3. Datanode delete txnID: 0, SCM txnID: 3
2019-09-21 03:49:55,807 [pool-7-thread-7] INFO  commands.RetriableDatanodeEventWatcher (RetriableDatanodeEventWatcher.java:onTimeout(47)) - RetriableDatanodeCommand type=deleteBlocksCommand with id=1569037782660 timed out. Retrying.
2019-09-21 03:49:55,810 [pool-7-thread-7] INFO  commands.RetriableDatanodeEventWatcher (RetriableDatanodeEventWatcher.java:onTimeout(47)) - RetriableDatanodeCommand type=deleteBlocksCommand with id=1569037782601 timed out. Retrying.
2019-09-21 03:49:55,826 [pool-7-thread-7] INFO  commands.RetriableDatanodeEventWatcher (RetriableDatanodeEventWatcher.java:onTimeout(47)) - RetriableDatanodeCommand type=deleteBlocksCommand with id=1569037782670 timed out. Retrying.
2019-09-21 03:49:55,827 [pool-7-thread-8] INFO  commands.RetriableDatanodeEventWatcher (RetriableDatanodeEventWatcher.java:onTimeout(47)) - RetriableDatanodeCommand type=deleteBlocksCommand with id=1569037782611 timed out. Retrying.
2019-09-21 03:49:55,835 [pool-7-thread-8] INFO  commands.RetriableDatanodeEventWatcher (RetriableDatanodeEventWatcher.java:onTimeout(47)) - RetriableDatanodeCommand type=deleteBlocksCommand with id=1569037782680 timed out. Retrying.
2019-09-21 03:49:55,840 [IPC Server handler 6 on 39082] WARN  ipc.Server (Server.java:setupResponse(2950)) - Large response size 4173502 for call Call#2111 Retry#0 org.apache.hadoop.ozone.protocol.StorageContainerDatanodeProtocol.sendHeartbeat from 192.168.157.196:60824
2019-09-21 03:49:55,840 [IPC Server handler 6 on 39082] WARN  ipc.Server (Server.java:processResponse(1523)) - IPC Server handler 6 on 39082, call Call#2111 Retry#0 org.apache.hadoop.ozone.protocol.StorageContainerDatanodeProtocol.sendHeartbeat from 192.168.157.196:60824: output error
2019-09-21 03:49:55,840 [IPC Server handler 6 on 39082] INFO  ipc.Server (Server.java:run(2695)) - IPC Server handler 6 on 39082 caught an exception
java.nio.channels.ClosedChannelException
	at sun.nio.ch.SocketChannelImpl.ensureWriteOpen(SocketChannelImpl.java:270)
	at sun.nio.ch.SocketChannelImpl.write(SocketChannelImpl.java:461)
	at org.apache.hadoop.ipc.Server.channelIO(Server.java:3298)
	at org.apache.hadoop.ipc.Server.channelWrite(Server.java:3250)
	at org.apache.hadoop.ipc.Server.access$1700(Server.java:137)
	at org.apache.hadoop.ipc.Server$Responder.processResponse(Server.java:1473)
	at org.apache.hadoop.ipc.Server$Responder.doRespond(Server.java:1543)
	at org.apache.hadoop.ipc.Server$Connection.sendResponse(Server.java:2593)
	at org.apache.hadoop.ipc.Server$Connection.access$300(Server.java:1615)
	at org.apache.hadoop.ipc.Server$RpcCall.doResponse(Server.java:940)
	at org.apache.hadoop.ipc.Server$Call.sendResponse(Server.java:774)
	at org.apache.hadoop.ipc.Server$RpcCall.run(Server.java:885)
	at org.apache.hadoop.ipc.Server$RpcCall.run(Server.java:822)
	at java.security.AccessController.doPrivileged(Native Method)
	at javax.security.auth.Subject.doAs(Subject.java:422)
	at org.apache.hadoop.security.UserGroupInformation.doAs(UserGroupInformation.java:1730)
	at org.apache.hadoop.ipc.Server$Handler.run(Server.java:2682)
2019-09-21 03:49:55,897 [SCMBlockDeletingService#0] DEBUG block.SCMBlockDeletingService (SCMBlockDeletingService.java:call(138)) - Running DeletedBlockTransactionScanner
2019-09-21 03:49:55,897 [SCMBlockDeletingService#0] DEBUG block.SCMBlockDeletingService (SCMBlockDeletingService.java:call(155)) - Scanned deleted blocks log and got 3 delTX to process.
2019-09-21 03:49:55,897 [SCMBlockDeletingService#0] DEBUG block.SCMBlockDeletingService (SCMBlockDeletingService.java:call(171)) - Added delete block command for datanode 555a71b6-7320-443e-bd9a-47cd6ebfc0cf in the queue, number of delete block transactions: 3, TxID list: 1,2,3
2019-09-21 03:49:55,898 [SCMBlockDeletingService#0] INFO  block.SCMBlockDeletingService (SCMBlockDeletingService.java:call(182)) - Totally added 3 delete blocks command for 1 datanodes, task elapsed time: 1ms
2019-09-21 03:49:55,934 [pool-7-thread-8] INFO  commands.RetriableDatanodeEventWatcher (RetriableDatanodeEventWatcher.java:onTimeout(47)) - RetriableDatanodeCommand type=deleteBlocksCommand with id=1569037782671 timed out. Retrying.
2019-09-21 03:49:55,935 [pool-7-thread-7] INFO  commands.RetriableDatanodeEventWatcher (RetriableDatanodeEventWatcher.java:onTimeout(47)) - RetriableDatanodeCommand type=deleteBlocksCommand with id=1569037782661 timed out. Retrying.
2019-09-21 03:49:55,936 [pool-7-thread-7] INFO  commands.RetriableDatanodeEventWatcher (RetriableDatanodeEventWatcher.java:onTimeout(47)) - RetriableDatanodeCommand type=deleteBlocksCommand with id=1569037782710 timed out. Retrying.
2019-09-21 03:49:55,937 [pool-7-thread-1] INFO  commands.RetriableDatanodeEventWatcher (RetriableDatanodeEventWatcher.java:onTimeout(47)) - RetriableDatanodeCommand type=deleteBlocksCommand with id=1569037782651 timed out. Retrying.
2019-09-21 03:49:55,937 [pool-7-thread-2] INFO  commands.RetriableDatanodeEventWatcher (RetriableDatanodeEventWatcher.java:onTimeout(47)) - RetriableDatanodeCommand type=deleteBlocksCommand with id=1569037782602 timed out. Retrying.
2019-09-21 03:49:55,937 [pool-7-thread-6] INFO  commands.RetriableDatanodeEventWatcher (RetriableDatanodeEventWatcher.java:onTimeout(47)) - RetriableDatanodeCommand type=deleteBlocksCommand with id=1569037782612 timed out. Retrying.
2019-09-21 03:49:55,938 [pool-7-thread-3] INFO  commands.RetriableDatanodeEventWatcher (RetriableDatanodeEventWatcher.java:onTimeout(47)) - RetriableDatanodeCommand type=deleteBlocksCommand with id=1569037782621 timed out. Retrying.
2019-09-21 03:49:55,938 [pool-7-thread-8] INFO  commands.RetriableDatanodeEventWatcher (RetriableDatanodeEventWatcher.java:onTimeout(47)) - RetriableDatanodeCommand type=deleteBlocksCommand with id=1569037782700 timed out. Retrying.
2019-09-21 03:49:55,938 [pool-7-thread-5] INFO  commands.RetriableDatanodeEventWatcher (RetriableDatanodeEventWatcher.java:onTimeout(47)) - RetriableDatanodeCommand type=deleteBlocksCommand with id=1569037782690 timed out. Retrying.
2019-09-21 03:49:55,938 [pool-7-thread-4] INFO  commands.RetriableDatanodeEventWatcher (RetriableDatanodeEventWatcher.java:onTimeout(47)) - RetriableDatanodeCommand type=deleteBlocksCommand with id=1569037782720 timed out. Retrying.
2019-09-21 03:49:55,939 [pool-7-thread-7] INFO  commands.RetriableDatanodeEventWatcher (RetriableDatanodeEventWatcher.java:onTimeout(47)) - RetriableDatanodeCommand type=deleteBlocksCommand with id=1569037782631 timed out. Retrying.
2019-09-21 03:49:55,939 [pool-7-thread-9] INFO  commands.RetriableDatanodeEventWatcher (RetriableDatanodeEventWatcher.java:onTimeout(47)) - RetriableDatanodeCommand type=deleteBlocksCommand with id=1569037782641 timed out. Retrying.
2019-09-21 03:49:55,940 [pool-7-thread-9] INFO  commands.RetriableDatanodeEventWatcher (RetriableDatanodeEventWatcher.java:onTimeout(47)) - RetriableDatanodeCommand type=deleteBlocksCommand with id=1569037782681 timed out. Retrying.
2019-09-21 03:49:55,944 [pool-7-thread-9] INFO  commands.RetriableDatanodeEventWatcher (RetriableDatanodeEventWatcher.java:onTimeout(47)) - RetriableDatanodeCommand type=deleteBlocksCommand with id=1569037782622 timed out. Retrying.
2019-09-21 03:49:55,952 [pool-7-thread-9] INFO  commands.RetriableDatanodeEventWatcher (RetriableDatanodeEventWatcher.java:onTimeout(47)) - RetriableDatanodeCommand type=deleteBlocksCommand with id=1569037782691 timed out. Retrying.
2019-09-21 03:49:55,958 [pool-7-thread-9] INFO  commands.RetriableDatanodeEventWatcher (RetriableDatanodeEventWatcher.java:onTimeout(47)) - RetriableDatanodeCommand type=deleteBlocksCommand with id=1569037782632 timed out. Retrying.
2019-09-21 03:49:55,966 [pool-7-thread-9] INFO  commands.RetriableDatanodeEventWatcher (RetriableDatanodeEventWatcher.java:onTimeout(47)) - RetriableDatanodeCommand type=deleteBlocksCommand with id=1569037782701 timed out. Retrying.
2019-09-21 03:49:55,977 [pool-7-thread-9] INFO  commands.RetriableDatanodeEventWatcher (RetriableDatanodeEventWatcher.java:onTimeout(47)) - RetriableDatanodeCommand type=deleteBlocksCommand with id=1569037782711 timed out. Retrying.
2019-09-21 03:49:55,977 [pool-7-thread-7] INFO  commands.RetriableDatanodeEventWatcher (RetriableDatanodeEventWatcher.java:onTimeout(47)) - RetriableDatanodeCommand type=deleteBlocksCommand with id=1569037782642 timed out. Retrying.
2019-09-21 03:49:55,998 [pool-7-thread-7] INFO  commands.RetriableDatanodeEventWatcher (RetriableDatanodeEventWatcher.java:onTimeout(47)) - RetriableDatanodeCommand type=deleteBlocksCommand with id=1569037782652 timed out. Retrying.
2019-09-21 03:49:55,998 [SCMBlockDeletingService#0] DEBUG block.SCMBlockDeletingService (SCMBlockDeletingService.java:call(138)) - Running DeletedBlockTransactionScanner
2019-09-21 03:49:55,998 [SCMBlockDeletingService#0] DEBUG block.SCMBlockDeletingService (SCMBlockDeletingService.java:call(155)) - Scanned deleted blocks log and got 3 delTX to process.
2019-09-21 03:49:55,999 [SCMBlockDeletingService#0] DEBUG block.SCMBlockDeletingService (SCMBlockDeletingService.java:call(171)) - Added delete block command for datanode 555a71b6-7320-443e-bd9a-47cd6ebfc0cf in the queue, number of delete block transactions: 3, TxID list: 1,2,3
2019-09-21 03:49:55,999 [SCMBlockDeletingService#0] INFO  block.SCMBlockDeletingService (SCMBlockDeletingService.java:call(182)) - Totally added 3 delete blocks command for 1 datanodes, task elapsed time: 1ms
2019-09-21 03:49:56,016 [pool-7-thread-7] INFO  commands.RetriableDatanodeEventWatcher (RetriableDatanodeEventWatcher.java:onTimeout(47)) - RetriableDatanodeCommand type=deleteBlocksCommand with id=1569037782662 timed out. Retrying.
2019-09-21 03:49:56,016 [pool-7-thread-9] INFO  commands.RetriableDatanodeEventWatcher (RetriableDatanodeEventWatcher.java:onTimeout(47)) - RetriableDatanodeCommand type=deleteBlocksCommand with id=1569037782603 timed out. Retrying.
2019-09-21 03:49:56,026 [pool-7-thread-9] INFO  commands.RetriableDatanodeEventWatcher (RetriableDatanodeEventWatcher.java:onTimeout(47)) - RetriableDatanodeCommand type=deleteBlocksCommand with id=1569037782672 timed out. Retrying.
2019-09-21 03:49:56,030 [pool-7-thread-9] INFO  commands.RetriableDatanodeEventWatcher (RetriableDatanodeEventWatcher.java:onTimeout(47)) - RetriableDatanodeCommand type=deleteBlocksCommand with id=1569037782613 timed out. Retrying.
2019-09-21 03:49:56,037 [pool-7-thread-9] INFO  commands.RetriableDatanodeEventWatcher (RetriableDatanodeEventWatcher.java:onTimeout(47)) - RetriableDatanodeCommand type=deleteBlocksCommand with id=1569037782721 timed out. Retrying.
2019-09-21 03:49:56,040 [pool-7-thread-9] INFO  commands.RetriableDatanodeEventWatcher (RetriableDatanodeEventWatcher.java:onTimeout(47)) - RetriableDatanodeCommand type=deleteBlocksCommand with id=1569037782682 timed out. Retrying.
2019-09-21 03:49:56,044 [pool-7-thread-9] INFO  commands.RetriableDatanodeEventWatcher (RetriableDatanodeEventWatcher.java:onTimeout(47)) - RetriableDatanodeCommand type=deleteBlocksCommand with id=1569037782623 timed out. Retrying.
2019-09-21 03:49:56,056 [pool-7-thread-9] INFO  commands.RetriableDatanodeEventWatcher (RetriableDatanodeEventWatcher.java:onTimeout(47)) - RetriableDatanodeCommand type=deleteBlocksCommand with id=1569037782692 timed out. Retrying.
2019-09-21 03:49:56,064 [pool-7-thread-9] INFO  commands.RetriableDatanodeEventWatcher (RetriableDatanodeEventWatcher.java:onTimeout(47)) - RetriableDatanodeCommand type=deleteBlocksCommand with id=1569037782633 timed out. Retrying.
2019-09-21 03:49:56,066 [pool-7-thread-9] INFO  commands.RetriableDatanodeEventWatcher (RetriableDatanodeEventWatcher.java:onTimeout(47)) - RetriableDatanodeCommand type=deleteBlocksCommand with id=1569037782702 timed out. Retrying.
2019-09-21 03:49:56,079 [pool-7-thread-9] INFO  commands.RetriableDatanodeEventWatcher (RetriableDatanodeEventWatcher.java:onTimeout(47)) - RetriableDatanodeCommand type=deleteBlocksCommand with id=1569037782712 timed out. Retrying.
2019-09-21 03:49:56,079 [pool-7-thread-7] INFO  commands.RetriableDatanodeEventWatcher (RetriableDatanodeEventWatcher.java:onTimeout(47)) - RetriableDatanodeCommand type=deleteBlocksCommand with id=1569037782643 timed out. Retrying.
2019-09-21 03:49:56,100 [SCMBlockDeletingService#0] DEBUG block.SCMBlockDeletingService (SCMBlockDeletingService.java:call(138)) - Running DeletedBlockTransactionScanner
2019-09-21 03:49:56,100 [SCMBlockDeletingService#0] DEBUG block.SCMBlockDeletingService (SCMBlockDeletingService.java:call(155)) - Scanned deleted blocks log and got 3 delTX to process.
2019-09-21 03:49:56,100 [SCMBlockDeletingService#0] DEBUG block.SCMBlockDeletingService (SCMBlockDeletingService.java:call(171)) - Added delete block command for datanode 555a71b6-7320-443e-bd9a-47cd6ebfc0cf in the queue, number of delete block transactions: 3, TxID list: 1,2,3
2019-09-21 03:49:56,100 [pool-7-thread-7] INFO  commands.RetriableDatanodeEventWatcher (RetriableDatanodeEventWatcher.java:onTimeout(47)) - RetriableDatanodeCommand type=deleteBlocksCommand with id=1569037782653 timed out. Retrying.
2019-09-21 03:49:56,100 [SCMBlockDeletingService#0] INFO  block.SCMBlockDeletingService (SCMBlockDeletingService.java:call(182)) - Totally added 3 delete blocks command for 1 datanodes, task elapsed time: 1ms
2019-09-21 03:49:56,114 [pool-7-thread-7] INFO  commands.RetriableDatanodeEventWatcher (RetriableDatanodeEventWatcher.java:onTimeout(47)) - RetriableDatanodeCommand type=deleteBlocksCommand with id=1569037782663 timed out. Retrying.
2019-09-21 03:49:56,116 [pool-7-thread-7] INFO  commands.RetriableDatanodeEventWatcher (RetriableDatanodeEventWatcher.java:onTimeout(47)) - RetriableDatanodeCommand type=deleteBlocksCommand with id=1569037782604 timed out. Retrying.
2019-09-21 03:49:56,129 [pool-7-thread-7] INFO  commands.RetriableDatanodeEventWatcher (RetriableDatanodeEventWatcher.java:onTimeout(47)) - RetriableDatanodeCommand type=deleteBlocksCommand with id=1569037782673 timed out. Retrying.
2019-09-21 03:49:56,129 [pool-7-thread-9] INFO  commands.RetriableDatanodeEventWatcher (RetriableDatanodeEventWatcher.java:onTimeout(47)) - RetriableDatanodeCommand type=deleteBlocksCommand with id=1569037782614 timed out. Retrying.
2019-09-21 03:49:56,137 [pool-7-thread-9] INFO  commands.RetriableDatanodeEventWatcher (RetriableDatanodeEventWatcher.java:onTimeout(47)) - RetriableDatanodeCommand type=deleteBlocksCommand with id=1569037782722 timed out. Retrying.
2019-09-21 03:49:56,143 [pool-7-thread-9] INFO  commands.RetriableDatanodeEventWatcher (RetriableDatanodeEventWatcher.java:onTimeout(47)) - RetriableDatanodeCommand type=deleteBlocksCommand with id=1569037782683 timed out. Retrying.
2019-09-21 03:49:56,147 [pool-7-thread-9] INFO  commands.RetriableDatanodeEventWatcher (RetriableDatanodeEventWatcher.java:onTimeout(47)) - RetriableDatanodeCommand type=deleteBlocksCommand with id=1569037782624 timed out. Retrying.
2019-09-21 03:49:56,157 [pool-7-thread-9] INFO  commands.RetriableDatanodeEventWatcher (RetriableDatanodeEventWatcher.java:onTimeout(47)) - RetriableDatanodeCommand type=deleteBlocksCommand with id=1569037782693 timed out. Retrying.
2019-09-21 03:49:56,159 [pool-7-thread-9] INFO  commands.RetriableDatanodeEventWatcher (RetriableDatanodeEventWatcher.java:onTimeout(47)) - RetriableDatanodeCommand type=deleteBlocksCommand with id=1569037782634 timed out. Retrying.
2019-09-21 03:49:56,170 [pool-7-thread-9] INFO  commands.RetriableDatanodeEventWatcher (RetriableDatanodeEventWatcher.java:onTimeout(47)) - RetriableDatanodeCommand type=deleteBlocksCommand with id=1569037782703 timed out. Retrying.
2019-09-21 03:49:56,177 [pool-7-thread-9] INFO  commands.RetriableDatanodeEventWatcher (RetriableDatanodeEventWatcher.java:onTimeout(47)) - RetriableDatanodeCommand type=deleteBlocksCommand with id=1569037782644 timed out. Retrying.
2019-09-21 03:49:56,181 [pool-7-thread-9] INFO  commands.RetriableDatanodeEventWatcher (RetriableDatanodeEventWatcher.java:onTimeout(47)) - RetriableDatanodeCommand type=deleteBlocksCommand with id=1569037782713 timed out. Retrying.
2019-09-21 03:49:56,201 [SCMBlockDeletingService#0] DEBUG block.SCMBlockDeletingService (SCMBlockDeletingService.java:call(138)) - Running DeletedBlockTransactionScanner
2019-09-21 03:49:56,201 [SCMBlockDeletingService#0] DEBUG block.SCMBlockDeletingService (SCMBlockDeletingService.java:call(155)) - Scanned deleted blocks log and got 3 delTX to process.
2019-09-21 03:49:56,202 [pool-7-thread-9] INFO  commands.RetriableDatanodeEventWatcher (SCMBlockDeletingService.java:call(171)) - Added delete block command for datanode 555a71b6-7320-443e-bd9a-47cd6ebfc0cf in the queue, number of delete block transactions: 3, TxID list: 1,2,3
2019-09-21 03:49:56,202 [pool-7-thread-9] INFO  commands.RetriableDatanodeEventWatcher (RetriableDatanodeEventWatcher.java:onTimeout(47)) - RetriableDatanodeCommand type=deleteBlocksCommand with id=1569037782654 timed out. Retrying.
2019-09-21 03:49:56,202 [SCMBlockDeletingService#0] INFO  block.SCMBlockDeletingService (SCMBlockDeletingService.java:call(182)) - Totally added 3 delete blocks command for 1 datanodes, task elapsed time: 2ms
2019-09-21 03:49:56,205 [EventQueue-PendingDeleteStatusForPendingDeleteHandler] INFO  block.SCMBlockDeletingService (SCMBlockDeletingService.java:handlePendingDeletes(115)) - Block deletion txnID mismatch in datanode 555a71b6-7320-443e-bd9a-47cd6ebfc0cf for containerID 1. Datanode delete txnID: 0, SCM txnID: 1
2019-09-21 03:49:56,206 [EventQueue-PendingDeleteStatusForPendingDeleteHandler] INFO  block.SCMBlockDeletingService (SCMBlockDeletingService.java:handlePendingDeletes(115)) - Block deletion txnID mismatch in datanode 555a71b6-7320-443e-bd9a-47cd6ebfc0cf for containerID 2. Datanode delete txnID: 0, SCM txnID: 2
2019-09-21 03:49:56,206 [EventQueue-PendingDeleteStatusForPendingDeleteHandler] INFO  block.SCMBlockDeletingService (SCMBlockDeletingService.java:handlePendingDeletes(115)) - Block deletion txnID mismatch in datanode 555a71b6-7320-443e-bd9a-47cd6ebfc0cf for containerID 3. Datanode delete txnID: 0, SCM txnID: 3
2019-09-21 03:49:56,213 [pool-7-thread-9] INFO  commands.RetriableDatanodeEventWatcher (RetriableDatanodeEventWatcher.java:onTimeout(47)) - RetriableDatanodeCommand type=deleteBlocksCommand with id=1569037782664 timed out. Retrying.
2019-09-21 03:49:56,221 [pool-7-thread-9] INFO  commands.RetriableDatanodeEventWatcher (RetriableDatanodeEventWatcher.java:onTimeout(47)) - RetriableDatanodeCommand type=deleteBlocksCommand with id=1569037782605 timed out. Retrying.
2019-09-21 03:49:56,228 [pool-7-thread-9] INFO  commands.RetriableDatanodeEventWatcher (RetriableDatanodeEventWatcher.java:onTimeout(47)) - RetriableDatanodeCommand type=deleteBlocksCommand with id=1569037782674 timed out. Retrying.
2019-09-21 03:49:56,232 [pool-7-thread-9] INFO  commands.RetriableDatanodeEventWatcher (RetriableDatanodeEventWatcher.java:onTimeout(47)) - RetriableDatanodeCommand type=deleteBlocksCommand with id=1569037782615 timed out. Retrying.
2019-09-21 03:49:56,240 [pool-7-thread-9] INFO  commands.RetriableDatanodeEventWatcher (RetriableDatanodeEventWatcher.java:onTimeout(47)) - RetriableDatanodeCommand type=deleteBlocksCommand with id=1569037782723 timed out. Retrying.
2019-09-21 03:49:56,243 [pool-7-thread-9] INFO  commands.RetriableDatanodeEventWatcher (RetriableDatanodeEventWatcher.java:onTimeout(47)) - RetriableDatanodeCommand type=deleteBlocksCommand with id=1569037782684 timed out. Retrying.
2019-09-21 03:49:56,250 [pool-7-thread-9] INFO  commands.RetriableDatanodeEventWatcher (RetriableDatanodeEventWatcher.java:onTimeout(47)) - RetriableDatanodeCommand type=deleteBlocksCommand with id=1569037782625 timed out. Retrying.
2019-09-21 03:49:56,256 [pool-7-thread-9] INFO  commands.RetriableDatanodeEventWatcher (RetriableDatanodeEventWatcher.java:onTimeout(47)) - RetriableDatanodeCommand type=deleteBlocksCommand with id=1569037782694 timed out. Retrying.
2019-09-21 03:49:56,263 [pool-7-thread-9] INFO  commands.RetriableDatanodeEventWatcher (RetriableDatanodeEventWatcher.java:onTimeout(47)) - RetriableDatanodeCommand type=deleteBlocksCommand with id=1569037782635 timed out. Retrying.
2019-09-21 03:49:56,268 [pool-7-thread-9] INFO  commands.RetriableDatanodeEventWatcher (RetriableDatanodeEventWatcher.java:onTimeout(47)) - RetriableDatanodeCommand type=deleteBlocksCommand with id=1569037782704 timed out. Retrying.
2019-09-21 03:49:56,282 [pool-7-thread-9] INFO  commands.RetriableDatanodeEventWatcher (RetriableDatanodeEventWatcher.java:onTimeout(47)) - RetriableDatanodeCommand type=deleteBlocksCommand with id=1569037782714 timed out. Retrying.
2019-09-21 03:49:56,283 [pool-7-thread-9] INFO  commands.RetriableDatanodeEventWatcher (RetriableDatanodeEventWatcher.java:onTimeout(47)) - RetriableDatanodeCommand type=deleteBlocksCommand with id=1569037782645 timed out. Retrying.
2019-09-21 03:49:56,303 [SCMBlockDeletingService#0] DEBUG block.SCMBlockDeletingService (SCMBlockDeletingService.java:call(138)) - Running DeletedBlockTransactionScanner
2019-09-21 03:49:56,303 [pool-7-thread-9] INFO  commands.RetriableDatanodeEventWatcher (SCMBlockDeletingService.java:call(155)) - Scanned deleted blocks log and got 3 delTX to process.
2019-09-21 03:49:56,303 [pool-7-thread-9] INFO  commands.RetriableDatanodeEventWatcher (RetriableDatanodeEventWatcher.java:onTimeout(47)) - RetriableDatanodeCommand type=deleteBlocksCommand with id=1569037782655 timed out. Retrying.
2019-09-21 03:49:56,304 [SCMBlockDeletingService#0] DEBUG block.SCMBlockDeletingService (SCMBlockDeletingService.java:call(171)) - Added delete block command for datanode 555a71b6-7320-443e-bd9a-47cd6ebfc0cf in the queue, number of delete block transactions: 3, TxID list: 1,2,3
2019-09-21 03:49:56,304 [SCMBlockDeletingService#0] INFO  block.SCMBlockDeletingService (SCMBlockDeletingService.java:call(182)) - Totally added 3 delete blocks command for 1 datanodes, task elapsed time: 1ms
2019-09-21 03:49:56,314 [pool-7-thread-9] INFO  commands.RetriableDatanodeEventWatcher (RetriableDatanodeEventWatcher.java:onTimeout(47)) - RetriableDatanodeCommand type=deleteBlocksCommand with id=1569037782665 timed out. Retrying.
2019-09-21 03:49:56,323 [pool-7-thread-9] INFO  commands.RetriableDatanodeEventWatcher (RetriableDatanodeEventWatcher.java:onTimeout(47)) - RetriableDatanodeCommand type=deleteBlocksCommand with id=1569037782606 timed out. Retrying.
2019-09-21 03:49:56,329 [pool-7-thread-9] INFO  commands.RetriableDatanodeEventWatcher (RetriableDatanodeEventWatcher.java:onTimeout(47)) - RetriableDatanodeCommand type=deleteBlocksCommand with id=1569037782675 timed out. Retrying.
2019-09-21 03:49:56,333 [pool-7-thread-9] INFO  commands.RetriableDatanodeEventWatcher (RetriableDatanodeEventWatcher.java:onTimeout(47)) - RetriableDatanodeCommand type=deleteBlocksCommand with id=1569037782616 timed out. Retrying.
2019-09-21 03:49:56,341 [pool-7-thread-9] INFO  commands.RetriableDatanodeEventWatcher (RetriableDatanodeEventWatcher.java:onTimeout(47)) - RetriableDatanodeCommand type=deleteBlocksCommand with id=1569037782724 timed out. Retrying.
2019-09-21 03:49:56,345 [pool-7-thread-9] INFO  commands.RetriableDatanodeEventWatcher (RetriableDatanodeEventWatcher.java:onTimeout(47)) - RetriableDatanodeCommand type=deleteBlocksCommand with id=1569037782685 timed out. Retrying.
2019-09-21 03:49:56,351 [pool-7-thread-9] INFO  commands.RetriableDatanodeEventWatcher (RetriableDatanodeEventWatcher.java:onTimeout(47)) - RetriableDatanodeCommand type=deleteBlocksCommand with id=1569037782626 timed out. Retrying.
2019-09-21 03:49:56,358 [pool-7-thread-9] INFO  commands.RetriableDatanodeEventWatcher (RetriableDatanodeEventWatcher.java:onTimeout(47)) - RetriableDatanodeCommand type=deleteBlocksCommand with id=1569037782695 timed out. Retrying.
2019-09-21 03:49:56,371 [pool-7-thread-9] INFO  commands.RetriableDatanodeEventWatcher (RetriableDatanodeEventWatcher.java:onTimeout(47)) - RetriableDatanodeCommand type=deleteBlocksCommand with id=1569037782705 timed out. Retrying.
2019-09-21 03:49:56,371 [pool-7-thread-7] INFO  commands.RetriableDatanodeEventWatcher (RetriableDatanodeEventWatcher.java:onTimeout(47)) - RetriableDatanodeCommand type=deleteBlocksCommand with id=1569037782636 timed out. Retrying.
2019-09-21 03:49:56,382 [pool-7-thread-7] INFO  commands.RetriableDatanodeEventWatcher (RetriableDatanodeEventWatcher.java:onTimeout(47)) - RetriableDatanodeCommand type=deleteBlocksCommand with id=1569037782646 timed out. Retrying.
2019-09-21 03:49:56,383 [pool-7-thread-7] INFO  commands.RetriableDatanodeEventWatcher (RetriableDatanodeEventWatcher.java:onTimeout(47)) - RetriableDatanodeCommand type=deleteBlocksCommand with id=1569037782715 timed out. Retrying.
2019-09-21 03:49:56,404 [pool-7-thread-7] INFO  commands.RetriableDatanodeEventWatcher (RetriableDatanodeEventWatcher.java:onTimeout(47)) - RetriableDatanodeCommand type=deleteBlocksCommand with id=1569037782656 timed out. Retrying.
2019-09-21 03:49:56,404 [SCMBlockDeletingService#0] DEBUG block.SCMBlockDeletingService (SCMBlockDeletingService.java:call(138)) - Running DeletedBlockTransactionScanner
2019-09-21 03:49:56,405 [Command processor thread] INFO  commandhandler.DeleteBlocksCommandHandler (SCMBlockDeletingService.java:call(155)) - Scanned deleted blocks log and got 3 delTX to process.
2019-09-21 03:49:56,405 [Command processor thread] INFO  commandhandler.DeleteBlocksCommandHandler (DeleteBlocksCommandHandler.java:handle(106)) - Start to delete container blocks, TXIDs=[1(0),2(0),3(0)], numOfContainers=3, numOfBlocks=553
2019-09-21 03:49:56,408 [SCMBlockDeletingService#0] DEBUG block.SCMBlockDeletingService (SCMBlockDeletingService.java:call(171)) - Added delete block command for datanode 555a71b6-7320-443e-bd9a-47cd6ebfc0cf in the queue, number of delete block transactions: 3, TxID list: 1,2,3
2019-09-21 03:49:56,408 [SCMBlockDeletingService#0] INFO  block.SCMBlockDeletingService (SCMBlockDeletingService.java:call(182)) - Totally added 3 delete blocks command for 1 datanodes, task elapsed time: 4ms
2019-09-21 03:49:56,408 [EventQueue-PendingDeleteStatusForPendingDeleteHandler] INFO  block.SCMBlockDeletingService (SCMBlockDeletingService.java:handlePendingDeletes(115)) - Block deletion txnID mismatch in datanode 555a71b6-7320-443e-bd9a-47cd6ebfc0cf for containerID 1. Datanode delete txnID: 0, SCM txnID: 1
2019-09-21 03:49:56,409 [EventQueue-PendingDeleteStatusForPendingDeleteHandler] INFO  block.SCMBlockDeletingService (SCMBlockDeletingService.java:handlePendingDeletes(115)) - Block deletion txnID mismatch in datanode 555a71b6-7320-443e-bd9a-47cd6ebfc0cf for containerID 2. Datanode delete txnID: 0, SCM txnID: 2
2019-09-21 03:49:56,409 [EventQueue-PendingDeleteStatusForPendingDeleteHandler] INFO  block.SCMBlockDeletingService (SCMBlockDeletingService.java:handlePendingDeletes(115)) - Block deletion txnID mismatch in datanode 555a71b6-7320-443e-bd9a-47cd6ebfc0cf for containerID 3. Datanode delete txnID: 0, SCM txnID: 3
2019-09-21 03:49:56,420 [pool-7-thread-7] INFO  commands.RetriableDatanodeEventWatcher (RetriableDatanodeEventWatcher.java:onTimeout(47)) - RetriableDatanodeCommand type=deleteBlocksCommand with id=1569037782666 timed out. Retrying.
2019-09-21 03:49:56,423 [pool-7-thread-7] INFO  commands.RetriableDatanodeEventWatcher (RetriableDatanodeEventWatcher.java:onTimeout(47)) - RetriableDatanodeCommand type=deleteBlocksCommand with id=1569037782607 timed out. Retrying.
2019-09-21 03:49:56,432 [pool-7-thread-7] INFO  commands.RetriableDatanodeEventWatcher (RetriableDatanodeEventWatcher.java:onTimeout(47)) - RetriableDatanodeCommand type=deleteBlocksCommand with id=1569037782676 timed out. Retrying.
2019-09-21 03:49:56,432 [BlockDeletingService#2] INFO  background.BlockDeletingService (BlockDeletingService.java:getTasks(130)) - Plan to choose 10 containers for block deletion, actually returns 1 valid containers.
2019-09-21 03:49:56,440 [pool-7-thread-7] INFO  commands.RetriableDatanodeEventWatcher (RetriableDatanodeEventWatcher.java:onTimeout(47)) - RetriableDatanodeCommand type=deleteBlocksCommand with id=1569037782617 timed out. Retrying.
2019-09-21 03:49:56,451 [Command processor thread] INFO  commandhandler.DeleteBlocksCommandHandler (DeleteBlocksCommandHandler.java:handle(106)) - Start to delete container blocks, TXIDs=[1(0),2(0),3(0)], numOfContainers=3, numOfBlocks=553
2019-09-21 03:49:56,492 [pool-7-thread-7] INFO  commands.RetriableDatanodeEventWatcher (RetriableDatanodeEventWatcher.java:onTimeout(47)) - RetriableDatanodeCommand type=deleteBlocksCommand with id=1569037782686 timed out. Retrying.
2019-09-21 03:49:56,492 [pool-7-thread-4] INFO  commands.RetriableDatanodeEventWatcher (RetriableDatanodeEventWatcher.java:onTimeout(47)) - RetriableDatanodeCommand type=deleteBlocksCommand with id=1569037782706 timed out. Retrying.
2019-09-21 03:49:56,493 [pool-7-thread-9] INFO  commands.RetriableDatanodeEventWatcher (RetriableDatanodeEventWatcher.java:onTimeout(47)) - RetriableDatanodeCommand type=deleteBlocksCommand with id=1569037782716 timed out. Retrying.
2019-09-21 03:49:56,493 [pool-7-thread-8] INFO  commands.RetriableDatanodeEventWatcher (RetriableDatanodeEventWatcher.java:onTimeout(47)) - RetriableDatanodeCommand type=deleteBlocksCommand with id=1569037782725 timed out. Retrying.
2019-09-21 03:49:56,493 [pool-7-thread-5] INFO  commands.RetriableDatanodeEventWatcher (RetriableDatanodeEventWatcher.java:onTimeout(47)) - RetriableDatanodeCommand type=deleteBlocksCommand with id=1569037782696 timed out. Retrying.
2019-09-21 03:49:56,493 [pool-7-thread-3] INFO  commands.RetriableDatanodeEventWatcher (RetriableDatanodeEventWatcher.java:onTimeout(47)) - RetriableDatanodeCommand type=deleteBlocksCommand with id=1569037782647 timed out. Retrying.
2019-09-21 03:49:56,493 [pool-7-thread-6] INFO  commands.RetriableDatanodeEventWatcher (RetriableDatanodeEventWatcher.java:onTimeout(47)) - RetriableDatanodeCommand type=deleteBlocksCommand with id=1569037782637 timed out. Retrying.
2019-09-21 03:49:56,494 [pool-7-thread-2] INFO  commands.RetriableDatanodeEventWatcher (RetriableDatanodeEventWatcher.java:onTimeout(47)) - RetriableDatanodeCommand type=deleteBlocksCommand with id=1569037782627 timed out. Retrying.
2019-09-21 03:49:56,502 [pool-7-thread-2] INFO  commands.RetriableDatanodeEventWatcher (RetriableDatanodeEventWatcher.java:onTimeout(47)) - RetriableDatanodeCommand type=deleteBlocksCommand with id=1569037782657 timed out. Retrying.
2019-09-21 03:49:56,508 [SCMBlockDeletingService#0] DEBUG block.SCMBlockDeletingService (SCMBlockDeletingService.java:call(138)) - Running DeletedBlockTransactionScanner
2019-09-21 03:49:56,509 [SCMBlockDeletingService#0] DEBUG block.SCMBlockDeletingService (SCMBlockDeletingService.java:call(155)) - Scanned deleted blocks log and got 3 delTX to process.
2019-09-21 03:49:56,509 [SCMBlockDeletingService#0] DEBUG block.SCMBlockDeletingService (SCMBlockDeletingService.java:call(171)) - Added delete block command for datanode 555a71b6-7320-443e-bd9a-47cd6ebfc0cf in the queue, number of delete block transactions: 3, TxID list: 1,2,3
2019-09-21 03:49:56,510 [SCMBlockDeletingService#0] INFO  block.SCMBlockDeletingService (SCMBlockDeletingService.java:call(182)) - Totally added 3 delete blocks command for 1 datanodes, task elapsed time: 1ms
2019-09-21 03:49:56,522 [pool-7-thread-6] INFO  commands.RetriableDatanodeEventWatcher (RetriableDatanodeEventWatcher.java:onTimeout(47)) - RetriableDatanodeCommand type=deleteBlocksCommand with id=1569037782608 timed out. Retrying.
2019-09-21 03:49:56,522 [pool-7-thread-2] INFO  commands.RetriableDatanodeEventWatcher (RetriableDatanodeEventWatcher.java:onTimeout(47)) - RetriableDatanodeCommand type=deleteBlocksCommand with id=1569037782667 timed out. Retrying.
2019-09-21 03:49:56,534 [pool-7-thread-2] INFO  commands.RetriableDatanodeEventWatcher (RetriableDatanodeEventWatcher.java:onTimeout(47)) - RetriableDatanodeCommand type=deleteBlocksCommand with id=1569037782677 timed out. Retrying.
2019-09-21 03:49:56,537 [pool-7-thread-2] INFO  commands.RetriableDatanodeEventWatcher (RetriableDatanodeEventWatcher.java:onTimeout(47)) - RetriableDatanodeCommand type=deleteBlocksCommand with id=1569037782618 timed out. Retrying.
2019-09-21 03:49:56,549 [pool-7-thread-2] INFO  commands.RetriableDatanodeEventWatcher (RetriableDatanodeEventWatcher.java:onTimeout(47)) - RetriableDatanodeCommand type=deleteBlocksCommand with id=1569037782687 timed out. Retrying.
2019-09-21 03:49:56,551 [pool-7-thread-2] INFO  commands.RetriableDatanodeEventWatcher (RetriableDatanodeEventWatcher.java:onTimeout(47)) - RetriableDatanodeCommand type=deleteBlocksCommand with id=1569037782628 timed out. Retrying.
2019-09-21 03:49:56,563 [pool-7-thread-2] INFO  commands.RetriableDatanodeEventWatcher (RetriableDatanodeEventWatcher.java:onTimeout(47)) - RetriableDatanodeCommand type=deleteBlocksCommand with id=1569037782697 timed out. Retrying.
2019-09-21 03:49:56,569 [pool-7-thread-2] INFO  commands.RetriableDatanodeEventWatcher (RetriableDatanodeEventWatcher.java:onTimeout(47)) - RetriableDatanodeCommand type=deleteBlocksCommand with id=1569037782638 timed out. Retrying.
2019-09-21 03:49:56,574 [pool-7-thread-2] INFO  commands.RetriableDatanodeEventWatcher (RetriableDatanodeEventWatcher.java:onTimeout(47)) - RetriableDatanodeCommand type=deleteBlocksCommand with id=1569037782707 timed out. Retrying.
2019-09-21 03:49:56,586 [pool-7-thread-2] INFO  commands.RetriableDatanodeEventWatcher (RetriableDatanodeEventWatcher.java:onTimeout(47)) - RetriableDatanodeCommand type=deleteBlocksCommand with id=1569037782717 timed out. Retrying.
2019-09-21 03:49:56,586 [pool-7-thread-6] INFO  commands.RetriableDatanodeEventWatcher (RetriableDatanodeEventWatcher.java:onTimeout(47)) - RetriableDatanodeCommand type=deleteBlocksCommand with id=1569037782648 timed out. Retrying.
2019-09-21 03:49:56,592 [pool-7-thread-6] INFO  commands.RetriableDatanodeEventWatcher (RetriableDatanodeEventWatcher.java:onTimeout(47)) - RetriableDatanodeCommand type=deleteBlocksCommand with id=1569037782726 timed out. Retrying.
2019-09-21 03:49:56,607 [pool-7-thread-6] INFO  commands.RetriableDatanodeEventWatcher (RetriableDatanodeEventWatcher.java:onTimeout(47)) - RetriableDatanodeCommand type=deleteBlocksCommand with id=1569037782658 timed out. Retrying.
2019-09-21 03:49:56,609 [pool-7-thread-6] INFO  commands.RetriableDatanodeEventWatcher (RetriableDatanodeEventWatcher.java:onTimeout(47)) - RetriableDatanodeCommand type=deleteBlocksCommand with id=1569037782599 timed out. Retrying.
2019-09-21 03:49:56,610 [SCMBlockDeletingService#0] DEBUG block.SCMBlockDeletingService (SCMBlockDeletingService.java:call(138)) - Running DeletedBlockTransactionScanner
2019-09-21 03:49:56,611 [SCMBlockDeletingService#0] DEBUG block.SCMBlockDeletingService (SCMBlockDeletingService.java:call(155)) - Scanned deleted blocks log and got 3 delTX to process.
2019-09-21 03:49:56,611 [SCMBlockDeletingService#0] DEBUG block.SCMBlockDeletingService (SCMBlockDeletingService.java:call(171)) - Added delete block command for datanode 555a71b6-7320-443e-bd9a-47cd6ebfc0cf in the queue, number of delete block transactions: 3, TxID list: 1,2,3
2019-09-21 03:49:56,611 [SCMBlockDeletingService#0] INFO  block.SCMBlockDeletingService (SCMBlockDeletingService.java:call(182)) - Totally added 3 delete blocks command for 1 datanodes, task elapsed time: 1ms
2019-09-21 03:49:56,625 [pool-7-thread-6] INFO  commands.RetriableDatanodeEventWatcher (RetriableDatanodeEventWatcher.java:onTimeout(47)) - RetriableDatanodeCommand type=deleteBlocksCommand with id=1569037782668 timed out. Retrying.
2019-09-21 03:49:56,625 [pool-7-thread-2] INFO  commands.RetriableDatanodeEventWatcher (RetriableDatanodeEventWatcher.java:onTimeout(47)) - RetriableDatanodeCommand type=deleteBlocksCommand with id=1569037782609 timed out. Retrying.
2019-09-21 03:49:56,633 [pool-7-thread-2] INFO  commands.RetriableDatanodeEventWatcher (RetriableDatanodeEventWatcher.java:onTimeout(47)) - RetriableDatanodeCommand type=deleteBlocksCommand with id=1569037782678 timed out. Retrying.
2019-09-21 03:49:56,640 [pool-7-thread-2] INFO  commands.RetriableDatanodeEventWatcher (RetriableDatanodeEventWatcher.java:onTimeout(47)) - RetriableDatanodeCommand type=deleteBlocksCommand with id=1569037782619 timed out. Retrying.
2019-09-21 03:49:56,647 [pool-7-thread-2] INFO  commands.RetriableDatanodeEventWatcher (RetriableDatanodeEventWatcher.java:onTimeout(47)) - RetriableDatanodeCommand type=deleteBlocksCommand with id=1569037782688 timed out. Retrying.
2019-09-21 03:49:56,666 [pool-7-thread-2] INFO  commands.RetriableDatanodeEventWatcher (RetriableDatanodeEventWatcher.java:onTimeout(47)) - RetriableDatanodeCommand type=deleteBlocksCommand with id=1569037782698 timed out. Retrying.
2019-09-21 03:49:56,666 [pool-7-thread-6] INFO  commands.RetriableDatanodeEventWatcher (RetriableDatanodeEventWatcher.java:onTimeout(47)) - RetriableDatanodeCommand type=deleteBlocksCommand with id=1569037782629 timed out. Retrying.
2019-09-21 03:49:56,693 [pool-7-thread-6] INFO  commands.RetriableDatanodeEventWatcher (RetriableDatanodeEventWatcher.java:onTimeout(47)) - RetriableDatanodeCommand type=deleteBlocksCommand with id=1569037782727 timed out. Retrying.
2019-09-21 03:49:56,700 [pool-7-thread-6] INFO  commands.RetriableDatanodeEventWatcher (RetriableDatanodeEventWatcher.java:onTimeout(47)) - RetriableDatanodeCommand type=deleteBlocksCommand with id=1569037782718 timed out. Retrying.
2019-09-21 03:49:56,700 [pool-7-thread-5] INFO  commands.RetriableDatanodeEventWatcher (RetriableDatanodeEventWatcher.java:onTimeout(47)) - RetriableDatanodeCommand type=deleteBlocksCommand with id=1569037782639 timed out. Retrying.
2019-09-21 03:49:56,700 [pool-7-thread-2] INFO  commands.RetriableDatanodeEventWatcher (RetriableDatanodeEventWatcher.java:onTimeout(47)) - RetriableDatanodeCommand type=deleteBlocksCommand with id=1569037782708 timed out. Retrying.
2019-09-21 03:49:56,701 [pool-7-thread-3] INFO  commands.RetriableDatanodeEventWatcher (RetriableDatanodeEventWatcher.java:onTimeout(47)) - RetriableDatanodeCommand type=deleteBlocksCommand with id=1569037782649 timed out. Retrying.
2019-09-21 03:49:56,707 [pool-7-thread-3] INFO  commands.RetriableDatanodeEventWatcher (RetriableDatanodeEventWatcher.java:onTimeout(47)) - RetriableDatanodeCommand type=deleteBlocksCommand with id=1569037782659 timed out. Retrying.
2019-09-21 03:49:56,710 [pool-7-thread-3] INFO  commands.RetriableDatanodeEventWatcher (RetriableDatanodeEventWatcher.java:onTimeout(47)) - RetriableDatanodeCommand type=deleteBlocksCommand with id=1569037782600 timed out. Retrying.
2019-09-21 03:49:56,711 [SCMBlockDeletingService#0] DEBUG block.SCMBlockDeletingService (SCMBlockDeletingService.java:call(138)) - Running DeletedBlockTransactionScanner
2019-09-21 03:49:56,712 [SCMBlockDeletingService#0] DEBUG block.SCMBlockDeletingService (SCMBlockDeletingService.java:call(155)) - Scanned deleted blocks log and got 3 delTX to process.
2019-09-21 03:49:56,712 [SCMBlockDeletingService#0] DEBUG block.SCMBlockDeletingService (SCMBlockDeletingService.java:call(171)) - Added delete block command for datanode 555a71b6-7320-443e-bd9a-47cd6ebfc0cf in the queue, number of delete block transactions: 3, TxID list: 1,2,3
2019-09-21 03:49:56,712 [SCMBlockDeletingService#0] INFO  block.SCMBlockDeletingService (SCMBlockDeletingService.java:call(182)) - Totally added 3 delete blocks command for 1 datanodes, task elapsed time: 1ms
2019-09-21 03:49:56,722 [pool-7-thread-3] INFO  commands.RetriableDatanodeEventWatcher (RetriableDatanodeEventWatcher.java:onTimeout(47)) - RetriableDatanodeCommand type=deleteBlocksCommand with id=1569037782669 timed out. Retrying.
2019-09-21 03:49:56,726 [pool-7-thread-3] INFO  commands.RetriableDatanodeEventWatcher (RetriableDatanodeEventWatcher.java:onTimeout(47)) - RetriableDatanodeCommand type=deleteBlocksCommand with id=1569037782610 timed out. Retrying.
2019-09-21 03:49:56,776 [pool-7-thread-3] INFO  commands.RetriableDatanodeEventWatcher (RetriableDatanodeEventWatcher.java:onTimeout(47)) - RetriableDatanodeCommand type=deleteBlocksCommand with id=1569037782679 timed out. Retrying.
2019-09-21 03:49:56,776 [pool-7-thread-4] INFO  commands.RetriableDatanodeEventWatcher (RetriableDatanodeEventWatcher.java:onTimeout(47)) - RetriableDatanodeCommand type=deleteBlocksCommand with id=1569037782630 timed out. Retrying.
2019-09-21 03:49:56,776 [pool-7-thread-9] INFO  commands.RetriableDatanodeEventWatcher (RetriableDatanodeEventWatcher.java:onTimeout(47)) - RetriableDatanodeCommand type=deleteBlocksCommand with id=1569037782640 timed out. Retrying.
2019-09-21 03:49:56,776 [pool-7-thread-5] INFO  commands.RetriableDatanodeEventWatcher (RetriableDatanodeEventWatcher.java:onTimeout(47)) - RetriableDatanodeCommand type=deleteBlocksCommand with id=1569037782699 timed out. Retrying.
2019-09-21 03:49:56,776 [pool-7-thread-6] INFO  commands.RetriableDatanodeEventWatcher (RetriableDatanodeEventWatcher.java:onTimeout(47)) - RetriableDatanodeCommand type=deleteBlocksCommand with id=1569037782689 timed out. Retrying.
2019-09-21 03:49:56,777 [pool-7-thread-8] INFO  commands.RetriableDatanodeEventWatcher (RetriableDatanodeEventWatcher.java:onTimeout(47)) - RetriableDatanodeCommand type=deleteBlocksCommand with id=1569037782620 timed out. Retrying.
2019-09-21 03:49:56,777 [pool-7-thread-2] INFO  commands.RetriableDatanodeEventWatcher (RetriableDatanodeEventWatcher.java:onTimeout(47)) - RetriableDatanodeCommand type=deleteBlocksCommand with id=1569037782709 timed out. Retrying.
2019-09-21 03:49:56,795 [pool-7-thread-2] INFO  commands.RetriableDatanodeEventWatcher (RetriableDatanodeEventWatcher.java:onTimeout(47)) - RetriableDatanodeCommand type=deleteBlocksCommand with id=1569037782728 timed out. Retrying.
2019-09-21 03:49:56,795 [pool-7-thread-8] INFO  commands.RetriableDatanodeEventWatcher (RetriableDatanodeEventWatcher.java:onTimeout(47)) - RetriableDatanodeCommand type=deleteBlocksCommand with id=1569037782650 timed out. Retrying.
2019-09-21 03:49:56,803 [pool-7-thread-8] INFO  commands.RetriableDatanodeEventWatcher (RetriableDatanodeEventWatcher.java:onTimeout(47)) - RetriableDatanodeCommand type=deleteBlocksCommand with id=1569037782719 timed out. Retrying.
2019-09-21 03:49:56,807 [pool-7-thread-8] INFO  commands.RetriableDatanodeEventWatcher (RetriableDatanodeEventWatcher.java:onTimeout(47)) - RetriableDatanodeCommand type=deleteBlocksCommand with id=1569037782660 timed out. Retrying.
2019-09-21 03:49:56,811 [pool-7-thread-8] INFO  commands.RetriableDatanodeEventWatcher (RetriableDatanodeEventWatcher.java:onTimeout(47)) - RetriableDatanodeCommand type=deleteBlocksCommand with id=1569037782601 timed out. Retrying.
2019-09-21 03:49:56,812 [EventQueue-DeleteBlockStatusForDeletedBlockLogImpl] DEBUG block.DeletedBlockLogImpl (DeletedBlockLogImpl.java:isTransactionFailed(245)) - Got block deletion ACK from datanode, TXIDs=1, success=true
2019-09-21 03:49:56,813 [SCMBlockDeletingService#0] DEBUG block.SCMBlockDeletingService (SCMBlockDeletingService.java:call(138)) - Running DeletedBlockTransactionScanner
2019-09-21 03:49:56,814 [EventQueue-DeleteBlockStatusForDeletedBlockLogImpl] DEBUG block.DeletedBlockLogImpl (DeletedBlockLogImpl.java:commitTransactions(227)) - Purging txId=1 from block deletion log
2019-09-21 03:49:56,814 [EventQueue-DeleteBlockStatusForDeletedBlockLogImpl] DEBUG block.DeletedBlockLogImpl (DeletedBlockLogImpl.java:commitTransactions(231)) - Datanode txId=1 containerId=#1 committed by dnId=555a71b6-7320-443e-bd9a-47cd6ebfc0cf
2019-09-21 03:49:56,814 [EventQueue-DeleteBlockStatusForDeletedBlockLogImpl] DEBUG block.DeletedBlockLogImpl (DeletedBlockLogImpl.java:isTransactionFailed(245)) - Got block deletion ACK from datanode, TXIDs=2, success=true
2019-09-21 03:49:56,814 [EventQueue-DeleteBlockStatusForDeletedBlockLogImpl] DEBUG block.DeletedBlockLogImpl (DeletedBlockLogImpl.java:commitTransactions(227)) - Purging txId=2 from block deletion log
2019-09-21 03:49:56,814 [EventQueue-DeleteBlockStatusForDeletedBlockLogImpl] DEBUG block.DeletedBlockLogImpl (DeletedBlockLogImpl.java:commitTransactions(231)) - Datanode txId=2 containerId=#2 committed by dnId=555a71b6-7320-443e-bd9a-47cd6ebfc0cf
2019-09-21 03:49:56,815 [EventQueue-DeleteBlockStatusForDeletedBlockLogImpl] DEBUG block.DeletedBlockLogImpl (DeletedBlockLogImpl.java:isTransactionFailed(245)) - Got block deletion ACK from datanode, TXIDs=3, success=true
2019-09-21 03:49:56,815 [EventQueue-DeleteBlockStatusForDeletedBlockLogImpl] DEBUG block.DeletedBlockLogImpl (DeletedBlockLogImpl.java:commitTransactions(227)) - Purging txId=3 from block deletion log
2019-09-21 03:49:56,815 [EventQueue-DeleteBlockStatusForDeletedBlockLogImpl] DEBUG block.DeletedBlockLogImpl (DeletedBlockLogImpl.java:commitTransactions(231)) - Datanode txId=3 containerId=#3 committed by dnId=555a71b6-7320-443e-bd9a-47cd6ebfc0cf
2019-09-21 03:49:56,815 [IPC Server handler 14 on 39082] WARN  block.DeletedBlockLogImpl (DeletedBlockLogImpl.java:incrementCount(141)) - Deleted TXID not found.
2019-09-21 03:49:56,815 [IPC Server handler 14 on 39082] WARN  block.DeletedBlockLogImpl (DeletedBlockLogImpl.java:incrementCount(141)) - Deleted TXID not found.
2019-09-21 03:49:56,816 [IPC Server handler 14 on 39082] WARN  block.DeletedBlockLogImpl (DeletedBlockLogImpl.java:incrementCount(141)) - Deleted TXID not found.
2019-09-21 03:49:56,816 [SCMBlockDeletingService#0] DEBUG block.SCMBlockDeletingService (SCMBlockDeletingService.java:call(155)) - Scanned deleted blocks log and got 0 delTX to process.
2019-09-21 03:49:56,816 [IPC Server handler 14 on 39082] WARN  block.DeletedBlockLogImpl (DeletedBlockLogImpl.java:incrementCount(141)) - Deleted TXID not found.
2019-09-21 03:49:56,816 [IPC Server handler 14 on 39082] WARN  block.DeletedBlockLogImpl (DeletedBlockLogImpl.java:incrementCount(141)) - Deleted TXID not found.
2019-09-21 03:49:56,816 [IPC Server handler 14 on 39082] WARN  block.DeletedBlockLogImpl (DeletedBlockLogImpl.java:incrementCount(141)) - Deleted TXID not found.
2019-09-21 03:49:56,816 [IPC Server handler 14 on 39082] WARN  block.DeletedBlockLogImpl (DeletedBlockLogImpl.java:incrementCount(141)) - Deleted TXID not found.
2019-09-21 03:49:56,817 [IPC Server handler 14 on 39082] WARN  block.DeletedBlockLogImpl (DeletedBlockLogImpl.java:incrementCount(141)) - Deleted TXID not found.
2019-09-21 03:49:56,817 [IPC Server handler 14 on 39082] WARN  block.DeletedBlockLogImpl (DeletedBlockLogImpl.java:incrementCount(141)) - Deleted TXID not found.
2019-09-21 03:49:56,817 [IPC Server handler 14 on 39082] WARN  block.DeletedBlockLogImpl (DeletedBlockLogImpl.java:incrementCount(141)) - Deleted TXID not found.
2019-09-21 03:49:56,817 [IPC Server handler 14 on 39082] WARN  block.DeletedBlockLogImpl (DeletedBlockLogImpl.java:incrementCount(141)) - Deleted TXID not found.
2019-09-21 03:49:56,817 [IPC Server handler 14 on 39082] WARN  block.DeletedBlockLogImpl (DeletedBlockLogImpl.java:incrementCount(141)) - Deleted TXID not found.
2019-09-21 03:49:56,817 [IPC Server handler 14 on 39082] WARN  block.DeletedBlockLogImpl (DeletedBlockLogImpl.java:incrementCount(141)) - Deleted TXID not found.
2019-09-21 03:49:56,818 [IPC Server handler 14 on 39082] WARN  block.DeletedBlockLogImpl (DeletedBlockLogImpl.java:incrementCount(141)) - Deleted TXID not found.
2019-09-21 03:49:56,818 [IPC Server handler 14 on 39082] WARN  block.DeletedBlockLogImpl (DeletedBlockLogImpl.java:incrementCount(141)) - Deleted TXID not found.
2019-09-21 03:49:56,818 [IPC Server handler 14 on 39082] WARN  block.DeletedBlockLogImpl (DeletedBlockLogImpl.java:incrementCount(141)) - Deleted TXID not found.
2019-09-21 03:49:56,818 [IPC Server handler 14 on 39082] WARN  block.DeletedBlockLogImpl (DeletedBlockLogImpl.java:incrementCount(141)) - Deleted TXID not found.
2019-09-21 03:49:56,818 [IPC Server handler 14 on 39082] WARN  block.DeletedBlockLogImpl (DeletedBlockLogImpl.java:incrementCount(141)) - Deleted TXID not found.
2019-09-21 03:49:56,818 [IPC Server handler 14 on 39082] WARN  block.DeletedBlockLogImpl (DeletedBlockLogImpl.java:incrementCount(141)) - Deleted TXID not found.
2019-09-21 03:49:56,819 [IPC Server handler 14 on 39082] WARN  block.DeletedBlockLogImpl (DeletedBlockLogImpl.java:incrementCount(141)) - Deleted TXID not found.
2019-09-21 03:49:56,819 [IPC Server handler 14 on 39082] WARN  block.DeletedBlockLogImpl (DeletedBlockLogImpl.java:incrementCount(141)) - Deleted TXID not found.
2019-09-21 03:49:56,819 [IPC Server handler 14 on 39082] WARN  block.DeletedBlockLogImpl (DeletedBlockLogImpl.java:incrementCount(141)) - Deleted TXID not found.
2019-09-21 03:49:56,819 [IPC Server handler 14 on 39082] WARN  block.DeletedBlockLogImpl (DeletedBlockLogImpl.java:incrementCount(141)) - Deleted TXID not found.
2019-09-21 03:49:56,819 [IPC Server handler 14 on 39082] WARN  block.DeletedBlockLogImpl (DeletedBlockLogImpl.java:incrementCount(141)) - Deleted TXID not found.
2019-09-21 03:49:56,819 [IPC Server handler 14 on 39082] WARN  block.DeletedBlockLogImpl (DeletedBlockLogImpl.java:incrementCount(141)) - Deleted TXID not found.
2019-09-21 03:49:56,819 [IPC Server handler 14 on 39082] WARN  block.DeletedBlockLogImpl (DeletedBlockLogImpl.java:incrementCount(141)) - Deleted TXID not found.
2019-09-21 03:49:56,820 [IPC Server handler 14 on 39082] WARN  block.DeletedBlockLogImpl (DeletedBlockLogImpl.java:incrementCount(141)) - Deleted TXID not found.
2019-09-21 03:49:56,820 [IPC Server handler 14 on 39082] WARN  block.DeletedBlockLogImpl (DeletedBlockLogImpl.java:incrementCount(141)) - Deleted TXID not found.
2019-09-21 03:49:56,820 [IPC Server handler 14 on 39082] WARN  block.DeletedBlockLogImpl (DeletedBlockLogImpl.java:incrementCount(141)) - Deleted TXID not found.
2019-09-21 03:49:56,820 [IPC Server handler 14 on 39082] WARN  block.DeletedBlockLogImpl (DeletedBlockLogImpl.java:incrementCount(141)) - Deleted TXID not found.
2019-09-21 03:49:56,820 [IPC Server handler 14 on 39082] WARN  block.DeletedBlockLogImpl (DeletedBlockLogImpl.java:incrementCount(141)) - Deleted TXID not found.
2019-09-21 03:49:56,820 [IPC Server handler 14 on 39082] WARN  block.DeletedBlockLogImpl (DeletedBlockLogImpl.java:incrementCount(141)) - Deleted TXID not found.
2019-09-21 03:49:56,821 [IPC Server handler 14 on 39082] WARN  block.DeletedBlockLogImpl (DeletedBlockLogImpl.java:incrementCount(141)) - Deleted TXID not found.
2019-09-21 03:49:56,821 [IPC Server handler 14 on 39082] WARN  block.DeletedBlockLogImpl (DeletedBlockLogImpl.java:incrementCount(141)) - Deleted TXID not found.
2019-09-21 03:49:56,821 [IPC Server handler 14 on 39082] WARN  block.DeletedBlockLogImpl (DeletedBlockLogImpl.java:incrementCount(141)) - Deleted TXID not found.
2019-09-21 03:49:56,821 [IPC Server handler 14 on 39082] WARN  block.DeletedBlockLogImpl (DeletedBlockLogImpl.java:incrementCount(141)) - Deleted TXID not found.
2019-09-21 03:49:56,821 [IPC Server handler 14 on 39082] WARN  block.DeletedBlockLogImpl (DeletedBlockLogImpl.java:incrementCount(141)) - Deleted TXID not found.
2019-09-21 03:49:56,821 [IPC Server handler 14 on 39082] WARN  block.DeletedBlockLogImpl (DeletedBlockLogImpl.java:incrementCount(141)) - Deleted TXID not found.
2019-09-21 03:49:56,821 [IPC Server handler 14 on 39082] WARN  block.DeletedBlockLogImpl (DeletedBlockLogImpl.java:incrementCount(141)) - Deleted TXID not found.
2019-09-21 03:49:56,822 [IPC Server handler 14 on 39082] WARN  block.DeletedBlockLogImpl (DeletedBlockLogImpl.java:incrementCount(141)) - Deleted TXID not found.
2019-09-21 03:49:56,822 [IPC Server handler 14 on 39082] WARN  block.DeletedBlockLogImpl (DeletedBlockLogImpl.java:incrementCount(141)) - Deleted TXID not found.
2019-09-21 03:49:56,822 [IPC Server handler 14 on 39082] WARN  block.DeletedBlockLogImpl (DeletedBlockLogImpl.java:incrementCount(141)) - Deleted TXID not found.
2019-09-21 03:49:56,822 [IPC Server handler 14 on 39082] WARN  block.DeletedBlockLogImpl (DeletedBlockLogImpl.java:incrementCount(141)) - Deleted TXID not found.
2019-09-21 03:49:56,822 [IPC Server handler 14 on 39082] WARN  block.DeletedBlockLogImpl (DeletedBlockLogImpl.java:incrementCount(141)) - Deleted TXID not found.
2019-09-21 03:49:56,822 [IPC Server handler 14 on 39082] WARN  block.DeletedBlockLogImpl (DeletedBlockLogImpl.java:incrementCount(141)) - Deleted TXID not found.
2019-09-21 03:49:56,823 [IPC Server handler 14 on 39082] WARN  block.DeletedBlockLogImpl (DeletedBlockLogImpl.java:incrementCount(141)) - Deleted TXID not found.
2019-09-21 03:49:56,823 [IPC Server handler 14 on 39082] WARN  block.DeletedBlockLogImpl (DeletedBlockLogImpl.java:incrementCount(141)) - Deleted TXID not found.
2019-09-21 03:49:56,823 [IPC Server handler 14 on 39082] WARN  block.DeletedBlockLogImpl (DeletedBlockLogImpl.java:incrementCount(141)) - Deleted TXID not found.
2019-09-21 03:49:56,823 [IPC Server handler 14 on 39082] WARN  block.DeletedBlockLogImpl (DeletedBlockLogImpl.java:incrementCount(141)) - Deleted TXID not found.
2019-09-21 03:49:56,823 [IPC Server handler 14 on 39082] WARN  block.DeletedBlockLogImpl (DeletedBlockLogImpl.java:incrementCount(141)) - Deleted TXID not found.
2019-09-21 03:49:56,823 [IPC Server handler 14 on 39082] WARN  block.DeletedBlockLogImpl (DeletedBlockLogImpl.java:incrementCount(141)) - Deleted TXID not found.
2019-09-21 03:49:56,823 [IPC Server handler 14 on 39082] WARN  block.DeletedBlockLogImpl (DeletedBlockLogImpl.java:incrementCount(141)) - Deleted TXID not found.
2019-09-21 03:49:56,824 [IPC Server handler 14 on 39082] WARN  block.DeletedBlockLogImpl (DeletedBlockLogImpl.java:incrementCount(141)) - Deleted TXID not found.
2019-09-21 03:49:56,824 [IPC Server handler 14 on 39082] WARN  block.DeletedBlockLogImpl (DeletedBlockLogImpl.java:incrementCount(141)) - Deleted TXID not found.
2019-09-21 03:49:56,824 [IPC Server handler 14 on 39082] WARN  block.DeletedBlockLogImpl (DeletedBlockLogImpl.java:incrementCount(141)) - Deleted TXID not found.
2019-09-21 03:49:56,824 [IPC Server handler 14 on 39082] WARN  block.DeletedBlockLogImpl (DeletedBlockLogImpl.java:incrementCount(141)) - Deleted TXID not found.
2019-09-21 03:49:56,824 [IPC Server handler 14 on 39082] WARN  block.DeletedBlockLogImpl (DeletedBlockLogImpl.java:incrementCount(141)) - Deleted TXID not found.
2019-09-21 03:49:56,824 [IPC Server handler 14 on 39082] WARN  block.DeletedBlockLogImpl (DeletedBlockLogImpl.java:incrementCount(141)) - Deleted TXID not found.
2019-09-21 03:49:56,825 [IPC Server handler 14 on 39082] WARN  block.DeletedBlockLogImpl (DeletedBlockLogImpl.java:incrementCount(141)) - Deleted TXID not found.
2019-09-21 03:49:56,825 [IPC Server handler 14 on 39082] WARN  block.DeletedBlockLogImpl (DeletedBlockLogImpl.java:incrementCount(141)) - Deleted TXID not found.
2019-09-21 03:49:56,825 [IPC Server handler 14 on 39082] WARN  block.DeletedBlockLogImpl (DeletedBlockLogImpl.java:incrementCount(141)) - Deleted TXID not found.
2019-09-21 03:49:56,825 [IPC Server handler 14 on 39082] WARN  block.DeletedBlockLogImpl (DeletedBlockLogImpl.java:incrementCount(141)) - Deleted TXID not found.
2019-09-21 03:49:56,825 [IPC Server handler 14 on 39082] WARN  block.DeletedBlockLogImpl (DeletedBlockLogImpl.java:incrementCount(141)) - Deleted TXID not found.
2019-09-21 03:49:56,825 [IPC Server handler 14 on 39082] WARN  block.DeletedBlockLogImpl (DeletedBlockLogImpl.java:incrementCount(141)) - Deleted TXID not found.
2019-09-21 03:49:56,825 [IPC Server handler 14 on 39082] WARN  block.DeletedBlockLogImpl (DeletedBlockLogImpl.java:incrementCount(141)) - Deleted TXID not found.
2019-09-21 03:49:56,826 [IPC Server handler 14 on 39082] WARN  block.DeletedBlockLogImpl (DeletedBlockLogImpl.java:incrementCount(141)) - Deleted TXID not found.
2019-09-21 03:49:56,826 [IPC Server handler 14 on 39082] WARN  block.DeletedBlockLogImpl (DeletedBlockLogImpl.java:incrementCount(141)) - Deleted TXID not found.
2019-09-21 03:49:56,826 [IPC Server handler 14 on 39082] WARN  block.DeletedBlockLogImpl (DeletedBlockLogImpl.java:incrementCount(141)) - Deleted TXID not found.
2019-09-21 03:49:56,826 [IPC Server handler 14 on 39082] WARN  block.DeletedBlockLogImpl (DeletedBlockLogImpl.java:incrementCount(141)) - Deleted TXID not found.
2019-09-21 03:49:56,826 [IPC Server handler 14 on 39082] WARN  block.DeletedBlockLogImpl (DeletedBlockLogImpl.java:incrementCount(141)) - Deleted TXID not found.
2019-09-21 03:49:56,826 [pool-7-thread-8] INFO  commands.RetriableDatanodeEventWatcher (DeletedBlockLogImpl.java:incrementCount(141)) - Deleted TXID not found.
2019-09-21 03:49:56,827 [IPC Server handler 14 on 39082] WARN  block.DeletedBlockLogImpl (RetriableDatanodeEventWatcher.java:onTimeout(47)) - RetriableDatanodeCommand type=deleteBlocksCommand with id=1569037782670 timed out. Retrying.
DeletedBlockLogImpl.java:incrementCount(141)) - Deleted TXID not found.
2019-09-21 03:49:56,826 [pool-7-thread-8] INFO  commands.RetriableDatanodeEventWatcher (RetriableDatanodeEventWatcher.java:onTimeout(47)) - RetriableDatanodeCommand type=deleteBlocksCommand with id=1569037782670 timed out. Retrying.
2019-09-21 03:49:56,827 [IPC Server handler 14 on 39082] WARN  block.DeletedBlockLogImpl (DeletedBlockLogImpl.java:incrementCount(141)) - Deleted TXID not found.
2019-09-21 03:49:56,827 [IPC Server handler 14 on 39082] WARN  block.DeletedBlockLogImpl (RetriableDatanodeEventWatcher.java:onTimeout(47)) - RetriableDatanodeCommand type=deleteBlocksCommand with id=1569037782611 timed out. Retrying.
DeletedBlockLogImpl.java:incrementCount(141)) - Deleted TXID not found.
2019-09-21 03:49:56,827 [pool-7-thread-8] INFO  commands.RetriableDatanodeEventWatcher (RetriableDatanodeEventWatcher.java:onTimeout(47)) - RetriableDatanodeCommand type=deleteBlocksCommand with id=1569037782611 timed out. Retrying.
2019-09-21 03:49:56,827 [IPC Server handler 14 on 39082] WARN  block.DeletedBlockLogImpl (DeletedBlockLogImpl.java:incrementCount(141)) - Deleted TXID not found.
2019-09-21 03:49:56,835 [pool-7-thread-8] INFO  commands.RetriableDatanodeEventWatcher (RetriableDatanodeEventWatcher.java:onTimeout(47)) - RetriableDatanodeCommand type=deleteBlocksCommand with id=1569037782680 timed out. Retrying.
2019-09-21 03:49:56,898 [pool-7-thread-8] INFO  commands.RetriableDatanodeEventWatcher (RetriableDatanodeEventWatcher.java:onTimeout(47)) - RetriableDatanodeCommand type=deleteBlocksCommand with id=1569037782729 timed out. Retrying.
2019-09-21 03:49:56,916 [SCMBlockDeletingService#0] DEBUG block.SCMBlockDeletingService (SCMBlockDeletingService.java:call(138)) - Running DeletedBlockTransactionScanner
2019-09-21 03:49:56,916 [SCMBlockDeletingService#0] DEBUG block.SCMBlockDeletingService (SCMBlockDeletingService.java:call(155)) - Scanned deleted blocks log and got 0 delTX to process.
2019-09-21 03:49:56,935 [pool-7-thread-8] INFO  commands.RetriableDatanodeEventWatcher (RetriableDatanodeEventWatcher.java:onTimeout(47)) - RetriableDatanodeCommand type=deleteBlocksCommand with id=1569037782671 timed out. Retrying.
2019-09-21 03:49:56,936 [pool-7-thread-2] INFO  commands.RetriableDatanodeEventWatcher (RetriableDatanodeEventWatcher.java:onTimeout(47)) - RetriableDatanodeCommand type=deleteBlocksCommand with id=1569037782661 timed out. Retrying.
2019-09-21 03:49:56,939 [pool-7-thread-8] INFO  commands.RetriableDatanodeEventWatcher (RetriableDatanodeEventWatcher.java:onTimeout(47)) - RetriableDatanodeCommand type=deleteBlocksCommand with id=1569037782700 timed out. Retrying.
2019-09-21 03:49:56,939 [pool-7-thread-7] INFO  commands.RetriableDatanodeEventWatcher (RetriableDatanodeEventWatcher.java:onTimeout(47)) - RetriableDatanodeCommand type=deleteBlocksCommand with id=1569037782651 timed out. Retrying.
2019-09-21 03:49:56,939 [pool-7-thread-1] INFO  commands.RetriableDatanodeEventWatcher (RetriableDatanodeEventWatcher.java:onTimeout(47)) - RetriableDatanodeCommand type=deleteBlocksCommand with id=1569037782641 timed out. Retrying.
2019-09-21 03:49:56,940 [pool-7-thread-9] INFO  commands.RetriableDatanodeEventWatcher (RetriableDatanodeEventWatcher.java:onTimeout(47)) - RetriableDatanodeCommand type=deleteBlocksCommand with id=1569037782621 timed out. Retrying.
2019-09-21 03:49:56,940 [pool-7-thread-5] INFO  commands.RetriableDatanodeEventWatcher (RetriableDatanodeEventWatcher.java:onTimeout(47)) - RetriableDatanodeCommand type=deleteBlocksCommand with id=1569037782720 timed out. Retrying.
2019-09-21 03:49:56,940 [pool-7-thread-4] INFO  commands.RetriableDatanodeEventWatcher (RetriableDatanodeEventWatcher.java:onTimeout(47)) - RetriableDatanodeCommand type=deleteBlocksCommand with id=1569037782612 timed out. Retrying.
2019-09-21 03:49:56,940 [pool-7-thread-3] INFO  commands.RetriableDatanodeEventWatcher (RetriableDatanodeEventWatcher.java:onTimeout(47)) - RetriableDatanodeCommand type=deleteBlocksCommand with id=1569037782602 timed out. Retrying.
2019-09-21 03:49:56,941 [pool-7-thread-6] INFO  commands.RetriableDatanodeEventWatcher (RetriableDatanodeEventWatcher.java:onTimeout(47)) - RetriableDatanodeCommand type=deleteBlocksCommand with id=1569037782690 timed out. Retrying.
2019-09-21 03:49:56,941 [pool-7-thread-2] INFO  commands.RetriableDatanodeEventWatcher (RetriableDatanodeEventWatcher.java:onTimeout(47)) - RetriableDatanodeCommand type=deleteBlocksCommand with id=1569037782710 timed out. Retrying.
2019-09-21 03:49:56,941 [pool-7-thread-3] INFO  commands.RetriableDatanodeEventWatcher (RetriableDatanodeEventWatcher.java:onTimeout(47)) - RetriableDatanodeCommand type=deleteBlocksCommand with id=1569037782681 timed out. Retrying.
2019-09-21 03:49:56,941 [pool-7-thread-10] INFO  commands.RetriableDatanodeEventWatcher (RetriableDatanodeEventWatcher.java:onTimeout(47)) - RetriableDatanodeCommand type=deleteBlocksCommand with id=1569037782631 timed out. Retrying.
2019-09-21 03:49:56,945 [pool-7-thread-10] INFO  commands.RetriableDatanodeEventWatcher (RetriableDatanodeEventWatcher.java:onTimeout(47)) - RetriableDatanodeCommand type=deleteBlocksCommand with id=1569037782622 timed out. Retrying.
2019-09-21 03:49:56,952 [pool-7-thread-10] INFO  commands.RetriableDatanodeEventWatcher (RetriableDatanodeEventWatcher.java:onTimeout(47)) - RetriableDatanodeCommand type=deleteBlocksCommand with id=1569037782691 timed out. Retrying.
2019-09-21 03:49:56,959 [pool-7-thread-10] INFO  commands.RetriableDatanodeEventWatcher (RetriableDatanodeEventWatcher.java:onTimeout(47)) - RetriableDatanodeCommand type=deleteBlocksCommand with id=1569037782632 timed out. Retrying.
2019-09-21 03:49:56,966 [pool-7-thread-10] INFO  commands.RetriableDatanodeEventWatcher (RetriableDatanodeEventWatcher.java:onTimeout(47)) - RetriableDatanodeCommand type=deleteBlocksCommand with id=1569037782701 timed out. Retrying.
2019-09-21 03:49:56,978 [pool-7-thread-10] INFO  commands.RetriableDatanodeEventWatcher (RetriableDatanodeEventWatcher.java:onTimeout(47)) - RetriableDatanodeCommand type=deleteBlocksCommand with id=1569037782711 timed out. Retrying.
2019-09-21 03:49:56,978 [pool-7-thread-3] INFO  commands.RetriableDatanodeEventWatcher (RetriableDatanodeEventWatcher.java:onTimeout(47)) - RetriableDatanodeCommand type=deleteBlocksCommand with id=1569037782642 timed out. Retrying.
2019-09-21 03:49:56,998 [pool-7-thread-3] INFO  commands.RetriableDatanodeEventWatcher (RetriableDatanodeEventWatcher.java:onTimeout(47)) - RetriableDatanodeCommand type=deleteBlocksCommand with id=1569037782730 timed out. Retrying.
2019-09-21 03:49:56,998 [pool-7-thread-10] INFO  commands.RetriableDatanodeEventWatcher (RetriableDatanodeEventWatcher.java:onTimeout(47)) - RetriableDatanodeCommand type=deleteBlocksCommand with id=1569037782652 timed out. Retrying.
2019-09-21 03:49:57,005 [IPC Server handler 8 on 39082] WARN  block.DeletedBlockLogImpl (DeletedBlockLogImpl.java:incrementCount(141)) - Deleted TXID not found.
2019-09-21 03:49:57,006 [IPC Server handler 8 on 39082] WARN  block.DeletedBlockLogImpl (DeletedBlockLogImpl.java:incrementCount(141)) - Deleted TXID not found.
2019-09-21 03:49:57,006 [IPC Server handler 8 on 39082] WARN  block.DeletedBlockLogImpl (DeletedBlockLogImpl.java:incrementCount(141)) - Deleted TXID not found.
2019-09-21 03:49:57,006 [IPC Server handler 8 on 39082] WARN  block.DeletedBlockLogImpl (DeletedBlockLogImpl.java:incrementCount(141)) - Deleted TXID not found.
2019-09-21 03:49:57,006 [IPC Server handler 8 on 39082] WARN  block.DeletedBlockLogImpl (DeletedBlockLogImpl.java:incrementCount(141)) - Deleted TXID not found.
2019-09-21 03:49:57,006 [IPC Server handler 8 on 39082] WARN  block.DeletedBlockLogImpl (DeletedBlockLogImpl.java:incrementCount(141)) - Deleted TXID not found.
2019-09-21 03:49:57,007 [IPC Server handler 8 on 39082] WARN  block.DeletedBlockLogImpl (DeletedBlockLogImpl.java:incrementCount(141)) - Deleted TXID not found.
2019-09-21 03:49:57,007 [IPC Server handler 8 on 39082] WARN  block.DeletedBlockLogImpl (DeletedBlockLogImpl.java:incrementCount(141)) - Deleted TXID not found.
2019-09-21 03:49:57,007 [IPC Server handler 8 on 39082] WARN  block.DeletedBlockLogImpl (DeletedBlockLogImpl.java:incrementCount(141)) - Deleted TXID not found.
2019-09-21 03:49:57,007 [IPC Server handler 8 on 39082] WARN  block.DeletedBlockLogImpl (DeletedBlockLogImpl.java:incrementCount(141)) - Deleted TXID not found.
2019-09-21 03:49:57,007 [IPC Server handler 8 on 39082] WARN  block.DeletedBlockLogImpl (DeletedBlockLogImpl.java:incrementCount(141)) - Deleted TXID not found.
2019-09-21 03:49:57,007 [IPC Server handler 8 on 39082] WARN  block.DeletedBlockLogImpl (DeletedBlockLogImpl.java:incrementCount(141)) - Deleted TXID not found.
2019-09-21 03:49:57,007 [IPC Server handler 8 on 39082] WARN  block.DeletedBlockLogImpl (DeletedBlockLogImpl.java:incrementCount(141)) - Deleted TXID not found.
2019-09-21 03:49:57,008 [IPC Server handler 8 on 39082] WARN  block.DeletedBlockLogImpl (DeletedBlockLogImpl.java:incrementCount(141)) - Deleted TXID not found.
2019-09-21 03:49:57,008 [IPC Server handler 8 on 39082] WARN  block.DeletedBlockLogImpl (DeletedBlockLogImpl.java:incrementCount(141)) - Deleted TXID not found.
2019-09-21 03:49:57,008 [IPC Server handler 8 on 39082] WARN  block.DeletedBlockLogImpl (DeletedBlockLogImpl.java:incrementCount(141)) - Deleted TXID not found.
2019-09-21 03:49:57,008 [IPC Server handler 8 on 39082] WARN  block.DeletedBlockLogImpl (DeletedBlockLogImpl.java:incrementCount(141)) - Deleted TXID not found.
2019-09-21 03:49:57,008 [IPC Server handler 8 on 39082] WARN  block.DeletedBlockLogImpl (DeletedBlockLogImpl.java:incrementCount(141)) - Deleted TXID not found.
2019-09-21 03:49:57,008 [IPC Server handler 8 on 39082] WARN  block.DeletedBlockLogImpl (DeletedBlockLogImpl.java:incrementCount(141)) - Deleted TXID not found.
2019-09-21 03:49:57,009 [IPC Server handler 8 on 39082] WARN  block.DeletedBlockLogImpl (DeletedBlockLogImpl.java:incrementCount(141)) - Deleted TXID not found.
2019-09-21 03:49:57,009 [IPC Server handler 8 on 39082] WARN  block.DeletedBlockLogImpl (DeletedBlockLogImpl.java:incrementCount(141)) - Deleted TXID not found.
2019-09-21 03:49:57,009 [IPC Server handler 8 on 39082] WARN  block.DeletedBlockLogImpl (DeletedBlockLogImpl.java:incrementCount(141)) - Deleted TXID not found.
2019-09-21 03:49:57,009 [IPC Server handler 8 on 39082] WARN  block.DeletedBlockLogImpl (DeletedBlockLogImpl.java:incrementCount(141)) - Deleted TXID not found.
2019-09-21 03:49:57,009 [IPC Server handler 8 on 39082] WARN  block.DeletedBlockLogImpl (DeletedBlockLogImpl.java:incrementCount(141)) - Deleted TXID not found.
2019-09-21 03:49:57,009 [IPC Server handler 8 on 39082] WARN  block.DeletedBlockLogImpl (DeletedBlockLogImpl.java:incrementCount(141)) - Deleted TXID not found.
2019-09-21 03:49:57,009 [IPC Server handler 8 on 39082] WARN  block.DeletedBlockLogImpl (DeletedBlockLogImpl.java:incrementCount(141)) - Deleted TXID not found.
2019-09-21 03:49:57,010 [IPC Server handler 8 on 39082] WARN  block.DeletedBlockLogImpl (DeletedBlockLogImpl.java:incrementCount(141)) - Deleted TXID not found.
2019-09-21 03:49:57,010 [IPC Server handler 8 on 39082] WARN  block.DeletedBlockLogImpl (DeletedBlockLogImpl.java:incrementCount(141)) - Deleted TXID not found.
2019-09-21 03:49:57,010 [IPC Server handler 8 on 39082] WARN  block.DeletedBlockLogImpl (DeletedBlockLogImpl.java:incrementCount(141)) - Deleted TXID not found.
2019-09-21 03:49:57,010 [IPC Server handler 8 on 39082] WARN  block.DeletedBlockLogImpl (DeletedBlockLogImpl.java:incrementCount(141)) - Deleted TXID not found.
2019-09-21 03:49:57,010 [IPC Server handler 8 on 39082] WARN  block.DeletedBlockLogImpl (DeletedBlockLogImpl.java:incrementCount(141)) - Deleted TXID not found.
2019-09-21 03:49:57,010 [IPC Server handler 8 on 39082] WARN  block.DeletedBlockLogImpl (DeletedBlockLogImpl.java:incrementCount(141)) - Deleted TXID not found.
2019-09-21 03:49:57,010 [IPC Server handler 8 on 39082] WARN  block.DeletedBlockLogImpl (DeletedBlockLogImpl.java:incrementCount(141)) - Deleted TXID not found.
2019-09-21 03:49:57,011 [IPC Server handler 8 on 39082] WARN  block.DeletedBlockLogImpl (DeletedBlockLogImpl.java:incrementCount(141)) - Deleted TXID not found.
2019-09-21 03:49:57,011 [IPC Server handler 8 on 39082] WARN  block.DeletedBlockLogImpl (DeletedBlockLogImpl.java:incrementCount(141)) - Deleted TXID not found.
2019-09-21 03:49:57,011 [IPC Server handler 8 on 39082] WARN  block.DeletedBlockLogImpl (DeletedBlockLogImpl.java:incrementCount(141)) - Deleted TXID not found.
2019-09-21 03:49:57,011 [IPC Server handler 8 on 39082] WARN  block.DeletedBlockLogImpl (DeletedBlockLogImpl.java:incrementCount(141)) - Deleted TXID not found.
2019-09-21 03:49:57,011 [IPC Server handler 8 on 39082] WARN  block.DeletedBlockLogImpl (DeletedBlockLogImpl.java:incrementCount(141)) - Deleted TXID not found.
2019-09-21 03:49:57,011 [IPC Server handler 8 on 39082] WARN  block.DeletedBlockLogImpl (DeletedBlockLogImpl.java:incrementCount(141)) - Deleted TXID not found.
2019-09-21 03:49:57,011 [IPC Server handler 8 on 39082] WARN  block.DeletedBlockLogImpl (DeletedBlockLogImpl.java:incrementCount(141)) - Deleted TXID not found.
2019-09-21 03:49:57,012 [IPC Server handler 8 on 39082] WARN  block.DeletedBlockLogImpl (DeletedBlockLogImpl.java:incrementCount(141)) - Deleted TXID not found.
2019-09-21 03:49:57,012 [IPC Server handler 8 on 39082] WARN  block.DeletedBlockLogImpl (DeletedBlockLogImpl.java:incrementCount(141)) - Deleted TXID not found.
2019-09-21 03:49:57,012 [IPC Server handler 8 on 39082] WARN  block.DeletedBlockLogImpl (DeletedBlockLogImpl.java:incrementCount(141)) - Deleted TXID not found.
2019-09-21 03:49:57,012 [IPC Server handler 8 on 39082] WARN  block.DeletedBlockLogImpl (DeletedBlockLogImpl.java:incrementCount(141)) - Deleted TXID not found.
2019-09-21 03:49:57,012 [IPC Server handler 8 on 39082] WARN  block.DeletedBlockLogImpl (DeletedBlockLogImpl.java:incrementCount(141)) - Deleted TXID not found.
2019-09-21 03:49:57,012 [IPC Server handler 8 on 39082] WARN  block.DeletedBlockLogImpl (DeletedBlockLogImpl.java:incrementCount(141)) - Deleted TXID not found.
2019-09-21 03:49:57,012 [IPC Server handler 8 on 39082] WARN  block.DeletedBlockLogImpl (DeletedBlockLogImpl.java:incrementCount(141)) - Deleted TXID not found.
2019-09-21 03:49:57,013 [IPC Server handler 8 on 39082] WARN  block.DeletedBlockLogImpl (DeletedBlockLogImpl.java:incrementCount(141)) - Deleted TXID not found.
2019-09-21 03:49:57,013 [IPC Server handler 8 on 39082] WARN  block.DeletedBlockLogImpl (DeletedBlockLogImpl.java:incrementCount(141)) - Deleted TXID not found.
2019-09-21 03:49:57,013 [IPC Server handler 8 on 39082] WARN  block.DeletedBlockLogImpl (DeletedBlockLogImpl.java:incrementCount(141)) - Deleted TXID not found.
2019-09-21 03:49:57,013 [IPC Server handler 8 on 39082] WARN  block.DeletedBlockLogImpl (DeletedBlockLogImpl.java:incrementCount(141)) - Deleted TXID not found.
2019-09-21 03:49:57,013 [IPC Server handler 8 on 39082] WARN  block.DeletedBlockLogImpl (DeletedBlockLogImpl.java:incrementCount(141)) - Deleted TXID not found.
2019-09-21 03:49:57,013 [IPC Server handler 8 on 39082] WARN  block.DeletedBlockLogImpl (DeletedBlockLogImpl.java:incrementCount(141)) - Deleted TXID not found.
2019-09-21 03:49:57,013 [IPC Server handler 8 on 39082] WARN  block.DeletedBlockLogImpl (DeletedBlockLogImpl.java:incrementCount(141)) - Deleted TXID not found.
2019-09-21 03:49:57,014 [IPC Server handler 8 on 39082] WARN  block.DeletedBlockLogImpl (DeletedBlockLogImpl.java:incrementCount(141)) - Deleted TXID not found.
2019-09-21 03:49:57,014 [IPC Server handler 8 on 39082] WARN  block.DeletedBlockLogImpl (DeletedBlockLogImpl.java:incrementCount(141)) - Deleted TXID not found.
2019-09-21 03:49:57,014 [IPC Server handler 8 on 39082] WARN  block.DeletedBlockLogImpl (DeletedBlockLogImpl.java:incrementCount(141)) - Deleted TXID not found.
2019-09-21 03:49:57,014 [IPC Server handler 8 on 39082] WARN  block.DeletedBlockLogImpl (DeletedBlockLogImpl.java:incrementCount(141)) - Deleted TXID not found.
2019-09-21 03:49:57,014 [IPC Server handler 8 on 39082] WARN  block.DeletedBlockLogImpl (DeletedBlockLogImpl.java:incrementCount(141)) - Deleted TXID not found.
2019-09-21 03:49:57,014 [IPC Server handler 8 on 39082] WARN  block.DeletedBlockLogImpl (DeletedBlockLogImpl.java:incrementCount(141)) - Deleted TXID not found.
2019-09-21 03:49:57,014 [IPC Server handler 8 on 39082] WARN  block.DeletedBlockLogImpl (DeletedBlockLogImpl.java:incrementCount(141)) - Deleted TXID not found.
2019-09-21 03:49:57,015 [IPC Server handler 8 on 39082] WARN  block.DeletedBlockLogImpl (DeletedBlockLogImpl.java:incrementCount(141)) - Deleted TXID not found.
2019-09-21 03:49:57,015 [IPC Server handler 8 on 39082] WARN  block.DeletedBlockLogImpl (DeletedBlockLogImpl.java:incrementCount(141)) - Deleted TXID not found.
2019-09-21 03:49:57,015 [IPC Server handler 8 on 39082] WARN  block.DeletedBlockLogImpl (DeletedBlockLogImpl.java:incrementCount(141)) - Deleted TXID not found.
2019-09-21 03:49:57,015 [IPC Server handler 8 on 39082] WARN  block.DeletedBlockLogImpl (DeletedBlockLogImpl.java:incrementCount(141)) - Deleted TXID not found.
2019-09-21 03:49:57,015 [IPC Server handler 8 on 39082] WARN  block.DeletedBlockLogImpl (DeletedBlockLogImpl.java:incrementCount(141)) - Deleted TXID not found.
2019-09-21 03:49:57,015 [IPC Server handler 8 on 39082] WARN  block.DeletedBlockLogImpl (DeletedBlockLogImpl.java:incrementCount(141)) - Deleted TXID not found.
2019-09-21 03:49:57,015 [IPC Server handler 8 on 39082] WARN  block.DeletedBlockLogImpl (DeletedBlockLogImpl.java:incrementCount(141)) - Deleted TXID not found.
2019-09-21 03:49:57,015 [IPC Server handler 8 on 39082] WARN  block.DeletedBlockLogImpl (DeletedBlockLogImpl.java:incrementCount(141)) - Deleted TXID not found.
2019-09-21 03:49:57,016 [IPC Server handler 8 on 39082] WARN  block.DeletedBlockLogImpl (DeletedBlockLogImpl.java:incrementCount(141)) - Deleted TXID not found.
2019-09-21 03:49:57,016 [IPC Server handler 8 on 39082] WARN  block.DeletedBlockLogImpl (DeletedBlockLogImpl.java:incrementCount(141)) - Deleted TXID not found.
2019-09-21 03:49:57,016 [IPC Server handler 8 on 39082] WARN  block.DeletedBlockLogImpl (DeletedBlockLogImpl.java:incrementCount(141)) - Deleted TXID not found.
2019-09-21 03:49:57,016 [IPC Server handler 8 on 39082] WARN  block.DeletedBlockLogImpl (DeletedBlockLogImpl.java:incrementCount(141)) - Deleted TXID not found.
2019-09-21 03:49:57,016 [IPC Server handler 8 on 39082] WARN  block.DeletedBlockLogImpl (DeletedBlockLogImpl.java:incrementCount(141)) - Deleted TXID not found.
2019-09-21 03:49:57,016 [IPC Server handler 8 on 39082] WARN  block.DeletedBlockLogImpl (DeletedBlockLogImpl.java:incrementCount(141)) - Deleted TXID not found.
2019-09-21 03:49:57,016 [IPC Server handler 8 on 39082] WARN  block.DeletedBlockLogImpl (DeletedBlockLogImpl.java:incrementCount(141)) - Deleted TXID not found.
2019-09-21 03:49:57,017 [SCMBlockDeletingService#0] DEBUG block.SCMBlockDeletingService (SCMBlockDeletingService.java:call(138)) - Running DeletedBlockTransactionScanner
2019-09-21 03:49:57,017 [IPC Server handler 8 on 39082] WARN  block.DeletedBlockLogImpl (DeletedBlockLogImpl.java:incrementCount(141)) - Deleted TXID not found.
2019-09-21 03:49:57,017 [IPC Server handler 8 on 39082] WARN  block.DeletedBlockLogImpl (RetriableDatanodeEventWatcher.java:onTimeout(47)) - RetriableDatanodeCommand type=deleteBlocksCommand with id=1569037782603 timed out. Retrying.
DeletedBlockLogImpl.java:incrementCount(141)) - Deleted TXID not found.
2019-09-21 03:49:57,017 [pool-7-thread-3] INFO  commands.RetriableDatanodeEventWatcher (RetriableDatanodeEventWatcher.java:onTimeout(47)) - RetriableDatanodeCommand type=deleteBlocksCommand with id=1569037782603 timed out. Retrying.
2019-09-21 03:49:57,017 [SCMBlockDeletingService#0] DEBUG block.SCMBlockDeletingService (RetriableDatanodeEventWatcher.java:onTimeout(47)) - RetriableDatanodeCommand type=deleteBlocksCommand with id=1569037782662 timed out. Retrying.
SCMBlockDeletingService.java:call(155)) - Scanned deleted blocks log and got 0 delTX to process.
2019-09-21 03:49:57,017 [pool-7-thread-10] INFO  commands.RetriableDatanodeEventWatcher (RetriableDatanodeEventWatcher.java:onTimeout(47)) - RetriableDatanodeCommand type=deleteBlocksCommand with id=1569037782662 timed out. Retrying.
2019-09-21 03:49:57,017 [IPC Server handler 8 on 39082] WARN  block.DeletedBlockLogImpl (DeletedBlockLogImpl.java:incrementCount(141)) - Deleted TXID not found.
2019-09-21 03:49:57,018 [IPC Server handler 8 on 39082] WARN  block.DeletedBlockLogImpl (DeletedBlockLogImpl.java:incrementCount(141)) - Deleted TXID not found.
2019-09-21 03:49:57,018 [IPC Server handler 8 on 39082] WARN  block.DeletedBlockLogImpl (DeletedBlockLogImpl.java:incrementCount(141)) - Deleted TXID not found.
2019-09-21 03:49:57,027 [pool-7-thread-10] INFO  commands.RetriableDatanodeEventWatcher (RetriableDatanodeEventWatcher.java:onTimeout(47)) - RetriableDatanodeCommand type=deleteBlocksCommand with id=1569037782672 timed out. Retrying.
2019-09-21 03:49:57,030 [pool-7-thread-10] INFO  commands.RetriableDatanodeEventWatcher (RetriableDatanodeEventWatcher.java:onTimeout(47)) - RetriableDatanodeCommand type=deleteBlocksCommand with id=1569037782613 timed out. Retrying.
2019-09-21 03:49:57,038 [pool-7-thread-10] INFO  commands.RetriableDatanodeEventWatcher (RetriableDatanodeEventWatcher.java:onTimeout(47)) - RetriableDatanodeCommand type=deleteBlocksCommand with id=1569037782721 timed out. Retrying.
2019-09-21 03:49:57,040 [pool-7-thread-10] INFO  commands.RetriableDatanodeEventWatcher (RetriableDatanodeEventWatcher.java:onTimeout(47)) - RetriableDatanodeCommand type=deleteBlocksCommand with id=1569037782682 timed out. Retrying.
2019-09-21 03:49:57,045 [pool-7-thread-10] INFO  commands.RetriableDatanodeEventWatcher (RetriableDatanodeEventWatcher.java:onTimeout(47)) - RetriableDatanodeCommand type=deleteBlocksCommand with id=1569037782623 timed out. Retrying.
2019-09-21 03:49:57,056 [pool-7-thread-10] INFO  commands.RetriableDatanodeEventWatcher (RetriableDatanodeEventWatcher.java:onTimeout(47)) - RetriableDatanodeCommand type=deleteBlocksCommand with id=1569037782692 timed out. Retrying.
2019-09-21 03:49:57,064 [pool-7-thread-10] INFO  commands.RetriableDatanodeEventWatcher (RetriableDatanodeEventWatcher.java:onTimeout(47)) - RetriableDatanodeCommand type=deleteBlocksCommand with id=1569037782633 timed out. Retrying.
2019-09-21 03:49:57,066 [pool-7-thread-10] INFO  commands.RetriableDatanodeEventWatcher (RetriableDatanodeEventWatcher.java:onTimeout(47)) - RetriableDatanodeCommand type=deleteBlocksCommand with id=1569037782702 timed out. Retrying.
2019-09-21 03:49:57,080 [pool-7-thread-10] INFO  commands.RetriableDatanodeEventWatcher (RetriableDatanodeEventWatcher.java:onTimeout(47)) - RetriableDatanodeCommand type=deleteBlocksCommand with id=1569037782712 timed out. Retrying.
2019-09-21 03:49:57,080 [pool-7-thread-3] INFO  commands.RetriableDatanodeEventWatcher (RetriableDatanodeEventWatcher.java:onTimeout(47)) - RetriableDatanodeCommand type=deleteBlocksCommand with id=1569037782643 timed out. Retrying.
2019-09-21 03:49:57,100 [pool-7-thread-3] INFO  commands.RetriableDatanodeEventWatcher (RetriableDatanodeEventWatcher.java:onTimeout(47)) - RetriableDatanodeCommand type=deleteBlocksCommand with id=1569037782731 timed out. Retrying.
2019-09-21 03:49:57,100 [pool-7-thread-10] INFO  commands.RetriableDatanodeEventWatcher (RetriableDatanodeEventWatcher.java:onTimeout(47)) - RetriableDatanodeCommand type=deleteBlocksCommand with id=1569037782653 timed out. Retrying.
2019-09-21 03:49:57,115 [pool-7-thread-10] INFO  commands.RetriableDatanodeEventWatcher (RetriableDatanodeEventWatcher.java:onTimeout(47)) - RetriableDatanodeCommand type=deleteBlocksCommand with id=1569037782663 timed out. Retrying.
2019-09-21 03:49:57,116 [pool-7-thread-10] INFO  commands.RetriableDatanodeEventWatcher (RetriableDatanodeEventWatcher.java:onTimeout(47)) - RetriableDatanodeCommand type=deleteBlocksCommand with id=1569037782604 timed out. Retrying.
2019-09-21 03:49:57,118 [SCMBlockDeletingService#0] DEBUG block.SCMBlockDeletingService (SCMBlockDeletingService.java:call(138)) - Running DeletedBlockTransactionScanner
2019-09-21 03:49:57,118 [SCMBlockDeletingService#0] DEBUG block.SCMBlockDeletingService (SCMBlockDeletingService.java:call(155)) - Scanned deleted blocks log and got 0 delTX to process.
2019-09-21 03:49:57,130 [pool-7-thread-10] INFO  commands.RetriableDatanodeEventWatcher (RetriableDatanodeEventWatcher.java:onTimeout(47)) - RetriableDatanodeCommand type=deleteBlocksCommand with id=1569037782673 timed out. Retrying.
2019-09-21 03:49:57,130 [pool-7-thread-3] INFO  commands.RetriableDatanodeEventWatcher (RetriableDatanodeEventWatcher.java:onTimeout(47)) - RetriableDatanodeCommand type=deleteBlocksCommand with id=1569037782614 timed out. Retrying.
2019-09-21 03:49:57,137 [pool-7-thread-3] INFO  commands.RetriableDatanodeEventWatcher (RetriableDatanodeEventWatcher.java:onTimeout(47)) - RetriableDatanodeCommand type=deleteBlocksCommand with id=1569037782722 timed out. Retrying.
2019-09-21 03:49:57,144 [pool-7-thread-3] INFO  commands.RetriableDatanodeEventWatcher (RetriableDatanodeEventWatcher.java:onTimeout(47)) - RetriableDatanodeCommand type=deleteBlocksCommand with id=1569037782683 timed out. Retrying.
2019-09-21 03:49:57,147 [pool-7-thread-3] INFO  commands.RetriableDatanodeEventWatcher (RetriableDatanodeEventWatcher.java:onTimeout(47)) - RetriableDatanodeCommand type=deleteBlocksCommand with id=1569037782624 timed out. Retrying.
2019-09-21 03:49:57,158 [pool-7-thread-3] INFO  commands.RetriableDatanodeEventWatcher (RetriableDatanodeEventWatcher.java:onTimeout(47)) - RetriableDatanodeCommand type=deleteBlocksCommand with id=1569037782693 timed out. Retrying.
2019-09-21 03:49:57,159 [pool-7-thread-3] INFO  commands.RetriableDatanodeEventWatcher (RetriableDatanodeEventWatcher.java:onTimeout(47)) - RetriableDatanodeCommand type=deleteBlocksCommand with id=1569037782634 timed out. Retrying.
2019-09-21 03:49:57,170 [pool-7-thread-3] INFO  commands.RetriableDatanodeEventWatcher (RetriableDatanodeEventWatcher.java:onTimeout(47)) - RetriableDatanodeCommand type=deleteBlocksCommand with id=1569037782703 timed out. Retrying.
2019-09-21 03:49:57,178 [pool-7-thread-3] INFO  commands.RetriableDatanodeEventWatcher (RetriableDatanodeEventWatcher.java:onTimeout(47)) - RetriableDatanodeCommand type=deleteBlocksCommand with id=1569037782644 timed out. Retrying.
2019-09-21 03:49:57,180 [pool-7-thread-3] INFO  commands.RetriableDatanodeEventWatcher (RetriableDatanodeEventWatcher.java:onTimeout(47)) - RetriableDatanodeCommand type=deleteBlocksCommand with id=1569037782713 timed out. Retrying.
2019-09-21 03:49:57,202 [pool-7-thread-3] INFO  commands.RetriableDatanodeEventWatcher (RetriableDatanodeEventWatcher.java:onTimeout(47)) - RetriableDatanodeCommand type=deleteBlocksCommand with id=1569037782732 timed out. Retrying.
2019-09-21 03:49:57,203 [pool-7-thread-3] INFO  commands.RetriableDatanodeEventWatcher (RetriableDatanodeEventWatcher.java:onTimeout(47)) - RetriableDatanodeCommand type=deleteBlocksCommand with id=1569037782654 timed out. Retrying.
2019-09-21 03:49:57,205 [IPC Server handler 17 on 39082] WARN  block.DeletedBlockLogImpl (DeletedBlockLogImpl.java:incrementCount(141)) - Deleted TXID not found.
2019-09-21 03:49:57,205 [IPC Server handler 17 on 39082] WARN  block.DeletedBlockLogImpl (DeletedBlockLogImpl.java:incrementCount(141)) - Deleted TXID not found.
2019-09-21 03:49:57,206 [IPC Server handler 17 on 39082] WARN  block.DeletedBlockLogImpl (DeletedBlockLogImpl.java:incrementCount(141)) - Deleted TXID not found.
2019-09-21 03:49:57,206 [IPC Server handler 17 on 39082] WARN  block.DeletedBlockLogImpl (DeletedBlockLogImpl.java:incrementCount(141)) - Deleted TXID not found.
2019-09-21 03:49:57,206 [IPC Server handler 17 on 39082] WARN  block.DeletedBlockLogImpl (DeletedBlockLogImpl.java:incrementCount(141)) - Deleted TXID not found.
2019-09-21 03:49:57,206 [IPC Server handler 17 on 39082] WARN  block.DeletedBlockLogImpl (DeletedBlockLogImpl.java:incrementCount(141)) - Deleted TXID not found.
2019-09-21 03:49:57,206 [IPC Server handler 17 on 39082] WARN  block.DeletedBlockLogImpl (DeletedBlockLogImpl.java:incrementCount(141)) - Deleted TXID not found.
2019-09-21 03:49:57,206 [IPC Server handler 17 on 39082] WARN  block.DeletedBlockLogImpl (DeletedBlockLogImpl.java:incrementCount(141)) - Deleted TXID not found.
2019-09-21 03:49:57,207 [IPC Server handler 17 on 39082] WARN  block.DeletedBlockLogImpl (DeletedBlockLogImpl.java:incrementCount(141)) - Deleted TXID not found.
2019-09-21 03:49:57,207 [IPC Server handler 17 on 39082] WARN  block.DeletedBlockLogImpl (DeletedBlockLogImpl.java:incrementCount(141)) - Deleted TXID not found.
2019-09-21 03:49:57,207 [IPC Server handler 17 on 39082] WARN  block.DeletedBlockLogImpl (DeletedBlockLogImpl.java:incrementCount(141)) - Deleted TXID not found.
2019-09-21 03:49:57,207 [IPC Server handler 17 on 39082] WARN  block.DeletedBlockLogImpl (DeletedBlockLogImpl.java:incrementCount(141)) - Deleted TXID not found.
2019-09-21 03:49:57,207 [IPC Server handler 17 on 39082] WARN  block.DeletedBlockLogImpl (DeletedBlockLogImpl.java:incrementCount(141)) - Deleted TXID not found.
2019-09-21 03:49:57,207 [IPC Server handler 17 on 39082] WARN  block.DeletedBlockLogImpl (DeletedBlockLogImpl.java:incrementCount(141)) - Deleted TXID not found.
2019-09-21 03:49:57,208 [IPC Server handler 17 on 39082] WARN  block.DeletedBlockLogImpl (DeletedBlockLogImpl.java:incrementCount(141)) - Deleted TXID not found.
2019-09-21 03:49:57,208 [IPC Server handler 17 on 39082] WARN  block.DeletedBlockLogImpl (DeletedBlockLogImpl.java:incrementCount(141)) - Deleted TXID not found.
2019-09-21 03:49:57,208 [IPC Server handler 17 on 39082] WARN  block.DeletedBlockLogImpl (DeletedBlockLogImpl.java:incrementCount(141)) - Deleted TXID not found.
2019-09-21 03:49:57,208 [IPC Server handler 17 on 39082] WARN  block.DeletedBlockLogImpl (DeletedBlockLogImpl.java:incrementCount(141)) - Deleted TXID not found.
2019-09-21 03:49:57,208 [IPC Server handler 17 on 39082] WARN  block.DeletedBlockLogImpl (DeletedBlockLogImpl.java:incrementCount(141)) - Deleted TXID not found.
2019-09-21 03:49:57,208 [IPC Server handler 17 on 39082] WARN  block.DeletedBlockLogImpl (DeletedBlockLogImpl.java:incrementCount(141)) - Deleted TXID not found.
2019-09-21 03:49:57,208 [IPC Server handler 17 on 39082] WARN  block.DeletedBlockLogImpl (DeletedBlockLogImpl.java:incrementCount(141)) - Deleted TXID not found.
2019-09-21 03:49:57,208 [IPC Server handler 17 on 39082] WARN  block.DeletedBlockLogImpl (DeletedBlockLogImpl.java:incrementCount(141)) - Deleted TXID not found.
2019-09-21 03:49:57,209 [IPC Server handler 17 on 39082] WARN  block.DeletedBlockLogImpl (DeletedBlockLogImpl.java:incrementCount(141)) - Deleted TXID not found.
2019-09-21 03:49:57,209 [IPC Server handler 17 on 39082] WARN  block.DeletedBlockLogImpl (DeletedBlockLogImpl.java:incrementCount(141)) - Deleted TXID not found.
2019-09-21 03:49:57,209 [IPC Server handler 17 on 39082] WARN  block.DeletedBlockLogImpl (DeletedBlockLogImpl.java:incrementCount(141)) - Deleted TXID not found.
2019-09-21 03:49:57,209 [IPC Server handler 17 on 39082] WARN  block.DeletedBlockLogImpl (DeletedBlockLogImpl.java:incrementCount(141)) - Deleted TXID not found.
2019-09-21 03:49:57,209 [IPC Server handler 17 on 39082] WARN  block.DeletedBlockLogImpl (DeletedBlockLogImpl.java:incrementCount(141)) - Deleted TXID not found.
2019-09-21 03:49:57,209 [IPC Server handler 17 on 39082] WARN  block.DeletedBlockLogImpl (DeletedBlockLogImpl.java:incrementCount(141)) - Deleted TXID not found.
2019-09-21 03:49:57,209 [IPC Server handler 17 on 39082] WARN  block.DeletedBlockLogImpl (DeletedBlockLogImpl.java:incrementCount(141)) - Deleted TXID not found.
2019-09-21 03:49:57,209 [IPC Server handler 17 on 39082] WARN  block.DeletedBlockLogImpl (DeletedBlockLogImpl.java:incrementCount(141)) - Deleted TXID not found.
2019-09-21 03:49:57,210 [IPC Server handler 17 on 39082] WARN  block.DeletedBlockLogImpl (DeletedBlockLogImpl.java:incrementCount(141)) - Deleted TXID not found.
2019-09-21 03:49:57,210 [IPC Server handler 17 on 39082] WARN  block.DeletedBlockLogImpl (DeletedBlockLogImpl.java:incrementCount(141)) - Deleted TXID not found.
2019-09-21 03:49:57,210 [IPC Server handler 17 on 39082] WARN  block.DeletedBlockLogImpl (DeletedBlockLogImpl.java:incrementCount(141)) - Deleted TXID not found.
2019-09-21 03:49:57,210 [IPC Server handler 17 on 39082] WARN  block.DeletedBlockLogImpl (DeletedBlockLogImpl.java:incrementCount(141)) - Deleted TXID not found.
2019-09-21 03:49:57,210 [IPC Server handler 17 on 39082] WARN  block.DeletedBlockLogImpl (DeletedBlockLogImpl.java:incrementCount(141)) - Deleted TXID not found.
2019-09-21 03:49:57,210 [IPC Server handler 17 on 39082] WARN  block.DeletedBlockLogImpl (DeletedBlockLogImpl.java:incrementCount(141)) - Deleted TXID not found.
2019-09-21 03:49:57,210 [IPC Server handler 17 on 39082] WARN  block.DeletedBlockLogImpl (DeletedBlockLogImpl.java:incrementCount(141)) - Deleted TXID not found.
2019-09-21 03:49:57,210 [IPC Server handler 17 on 39082] WARN  block.DeletedBlockLogImpl (DeletedBlockLogImpl.java:incrementCount(141)) - Deleted TXID not found.
2019-09-21 03:49:57,211 [IPC Server handler 17 on 39082] WARN  block.DeletedBlockLogImpl (DeletedBlockLogImpl.java:incrementCount(141)) - Deleted TXID not found.
2019-09-21 03:49:57,211 [IPC Server handler 17 on 39082] WARN  block.DeletedBlockLogImpl (DeletedBlockLogImpl.java:incrementCount(141)) - Deleted TXID not found.
2019-09-21 03:49:57,211 [IPC Server handler 17 on 39082] WARN  block.DeletedBlockLogImpl (DeletedBlockLogImpl.java:incrementCount(141)) - Deleted TXID not found.
2019-09-21 03:49:57,211 [IPC Server handler 17 on 39082] WARN  block.DeletedBlockLogImpl (DeletedBlockLogImpl.java:incrementCount(141)) - Deleted TXID not found.
2019-09-21 03:49:57,211 [IPC Server handler 17 on 39082] WARN  block.DeletedBlockLogImpl (DeletedBlockLogImpl.java:incrementCount(141)) - Deleted TXID not found.
2019-09-21 03:49:57,211 [IPC Server handler 17 on 39082] WARN  block.DeletedBlockLogImpl (DeletedBlockLogImpl.java:incrementCount(141)) - Deleted TXID not found.
2019-09-21 03:49:57,211 [IPC Server handler 17 on 39082] WARN  block.DeletedBlockLogImpl (DeletedBlockLogImpl.java:incrementCount(141)) - Deleted TXID not found.
2019-09-21 03:49:57,211 [IPC Server handler 17 on 39082] WARN  block.DeletedBlockLogImpl (DeletedBlockLogImpl.java:incrementCount(141)) - Deleted TXID not found.
2019-09-21 03:49:57,212 [IPC Server handler 17 on 39082] WARN  block.DeletedBlockLogImpl (DeletedBlockLogImpl.java:incrementCount(141)) - Deleted TXID not found.
2019-09-21 03:49:57,212 [IPC Server handler 17 on 39082] WARN  block.DeletedBlockLogImpl (DeletedBlockLogImpl.java:incrementCount(141)) - Deleted TXID not found.
2019-09-21 03:49:57,212 [IPC Server handler 17 on 39082] WARN  block.DeletedBlockLogImpl (DeletedBlockLogImpl.java:incrementCount(141)) - Deleted TXID not found.
2019-09-21 03:49:57,212 [IPC Server handler 17 on 39082] WARN  block.DeletedBlockLogImpl (DeletedBlockLogImpl.java:incrementCount(141)) - Deleted TXID not found.
2019-09-21 03:49:57,212 [IPC Server handler 17 on 39082] WARN  block.DeletedBlockLogImpl (DeletedBlockLogImpl.java:incrementCount(141)) - Deleted TXID not found.
2019-09-21 03:49:57,212 [IPC Server handler 17 on 39082] WARN  block.DeletedBlockLogImpl (DeletedBlockLogImpl.java:incrementCount(141)) - Deleted TXID not found.
2019-09-21 03:49:57,212 [IPC Server handler 17 on 39082] WARN  block.DeletedBlockLogImpl (DeletedBlockLogImpl.java:incrementCount(141)) - Deleted TXID not found.
2019-09-21 03:49:57,212 [IPC Server handler 17 on 39082] WARN  block.DeletedBlockLogImpl (DeletedBlockLogImpl.java:incrementCount(141)) - Deleted TXID not found.
2019-09-21 03:49:57,212 [IPC Server handler 17 on 39082] WARN  block.DeletedBlockLogImpl (DeletedBlockLogImpl.java:incrementCount(141)) - Deleted TXID not found.
2019-09-21 03:49:57,213 [IPC Server handler 17 on 39082] WARN  block.DeletedBlockLogImpl (DeletedBlockLogImpl.java:incrementCount(141)) - Deleted TXID not found.
2019-09-21 03:49:57,213 [IPC Server handler 17 on 39082] WARN  block.DeletedBlockLogImpl (DeletedBlockLogImpl.java:incrementCount(141)) - Deleted TXID not found.
2019-09-21 03:49:57,213 [IPC Server handler 17 on 39082] WARN  block.DeletedBlockLogImpl (DeletedBlockLogImpl.java:incrementCount(141)) - Deleted TXID not found.
2019-09-21 03:49:57,213 [IPC Server handler 17 on 39082] WARN  block.DeletedBlockLogImpl (DeletedBlockLogImpl.java:incrementCount(141)) - Deleted TXID not found.
2019-09-21 03:49:57,213 [IPC Server handler 17 on 39082] WARN  block.DeletedBlockLogImpl (DeletedBlockLogImpl.java:incrementCount(141)) - Deleted TXID not found.
2019-09-21 03:49:57,213 [IPC Server handler 17 on 39082] WARN  block.DeletedBlockLogImpl (DeletedBlockLogImpl.java:incrementCount(141)) - Deleted TXID not found.
2019-09-21 03:49:57,213 [IPC Server handler 17 on 39082] WARN  block.DeletedBlockLogImpl (DeletedBlockLogImpl.java:incrementCount(141)) - Deleted TXID not found.
2019-09-21 03:49:57,213 [pool-7-thread-3] INFO  commands.RetriableDatanodeEventWatcher (DeletedBlockLogImpl.java:incrementCount(141)) - Deleted TXID not found.
2019-09-21 03:49:57,214 [IPC Server handler 17 on 39082] WARN  block.DeletedBlockLogImpl (DeletedBlockLogImpl.java:incrementCount(141)) - Deleted TXID not found.
2019-09-21 03:49:57,214 [IPC Server handler 17 on 39082] WARN  block.DeletedBlockLogImpl (RetriableDatanodeEventWatcher.java:onTimeout(47)) - RetriableDatanodeCommand type=deleteBlocksCommand with id=1569037782664 timed out. Retrying.
DeletedBlockLogImpl.java:incrementCount(141)) - Deleted TXID not found.
2019-09-21 03:49:57,214 [IPC Server handler 17 on 39082] WARN  block.DeletedBlockLogImpl (DeletedBlockLogImpl.java:incrementCount(141)) - Deleted TXID not found.
2019-09-21 03:49:57,213 [pool-7-thread-3] INFO  commands.RetriableDatanodeEventWatcher (RetriableDatanodeEventWatcher.java:onTimeout(47)) - RetriableDatanodeCommand type=deleteBlocksCommand with id=1569037782664 timed out. Retrying.
2019-09-21 03:49:57,214 [IPC Server handler 17 on 39082] WARN  block.DeletedBlockLogImpl (DeletedBlockLogImpl.java:incrementCount(141)) - Deleted TXID not found.
2019-09-21 03:49:57,214 [IPC Server handler 17 on 39082] WARN  block.DeletedBlockLogImpl (DeletedBlockLogImpl.java:incrementCount(141)) - Deleted TXID not found.
2019-09-21 03:49:57,214 [IPC Server handler 17 on 39082] WARN  block.DeletedBlockLogImpl (DeletedBlockLogImpl.java:incrementCount(141)) - Deleted TXID not found.
2019-09-21 03:49:57,214 [IPC Server handler 17 on 39082] WARN  block.DeletedBlockLogImpl (DeletedBlockLogImpl.java:incrementCount(141)) - Deleted TXID not found.
2019-09-21 03:49:57,214 [IPC Server handler 17 on 39082] WARN  block.DeletedBlockLogImpl (DeletedBlockLogImpl.java:incrementCount(141)) - Deleted TXID not found.
2019-09-21 03:49:57,215 [IPC Server handler 17 on 39082] WARN  block.DeletedBlockLogImpl (DeletedBlockLogImpl.java:incrementCount(141)) - Deleted TXID not found.
2019-09-21 03:49:57,215 [IPC Server handler 17 on 39082] WARN  block.DeletedBlockLogImpl (DeletedBlockLogImpl.java:incrementCount(141)) - Deleted TXID not found.
2019-09-21 03:49:57,215 [IPC Server handler 17 on 39082] WARN  block.DeletedBlockLogImpl (DeletedBlockLogImpl.java:incrementCount(141)) - Deleted TXID not found.
2019-09-21 03:49:57,215 [IPC Server handler 17 on 39082] WARN  block.DeletedBlockLogImpl (DeletedBlockLogImpl.java:incrementCount(141)) - Deleted TXID not found.
2019-09-21 03:49:57,215 [IPC Server handler 17 on 39082] WARN  block.DeletedBlockLogImpl (DeletedBlockLogImpl.java:incrementCount(141)) - Deleted TXID not found.
2019-09-21 03:49:57,215 [IPC Server handler 17 on 39082] WARN  block.DeletedBlockLogImpl (DeletedBlockLogImpl.java:incrementCount(141)) - Deleted TXID not found.
2019-09-21 03:49:57,215 [IPC Server handler 17 on 39082] WARN  block.DeletedBlockLogImpl (DeletedBlockLogImpl.java:incrementCount(141)) - Deleted TXID not found.
2019-09-21 03:49:57,215 [IPC Server handler 17 on 39082] WARN  block.DeletedBlockLogImpl (DeletedBlockLogImpl.java:incrementCount(141)) - Deleted TXID not found.
2019-09-21 03:49:57,215 [IPC Server handler 17 on 39082] WARN  block.DeletedBlockLogImpl (DeletedBlockLogImpl.java:incrementCount(141)) - Deleted TXID not found.
2019-09-21 03:49:57,216 [IPC Server handler 17 on 39082] WARN  block.DeletedBlockLogImpl (DeletedBlockLogImpl.java:incrementCount(141)) - Deleted TXID not found.
2019-09-21 03:49:57,216 [IPC Server handler 17 on 39082] WARN  block.DeletedBlockLogImpl (DeletedBlockLogImpl.java:incrementCount(141)) - Deleted TXID not found.
2019-09-21 03:49:57,216 [IPC Server handler 17 on 39082] WARN  block.DeletedBlockLogImpl (DeletedBlockLogImpl.java:incrementCount(141)) - Deleted TXID not found.
2019-09-21 03:49:57,216 [IPC Server handler 17 on 39082] WARN  block.DeletedBlockLogImpl (DeletedBlockLogImpl.java:incrementCount(141)) - Deleted TXID not found.
2019-09-21 03:49:57,218 [SCMBlockDeletingService#0] DEBUG block.SCMBlockDeletingService (SCMBlockDeletingService.java:call(138)) - Running DeletedBlockTransactionScanner
2019-09-21 03:49:57,218 [SCMBlockDeletingService#0] DEBUG block.SCMBlockDeletingService (SCMBlockDeletingService.java:call(155)) - Scanned deleted blocks log and got 0 delTX to process.
2019-09-21 03:49:57,221 [pool-7-thread-3] INFO  commands.RetriableDatanodeEventWatcher (RetriableDatanodeEventWatcher.java:onTimeout(47)) - RetriableDatanodeCommand type=deleteBlocksCommand with id=1569037782605 timed out. Retrying.
2019-09-21 03:49:57,228 [pool-7-thread-3] INFO  commands.RetriableDatanodeEventWatcher (RetriableDatanodeEventWatcher.java:onTimeout(47)) - RetriableDatanodeCommand type=deleteBlocksCommand with id=1569037782674 timed out. Retrying.
2019-09-21 03:49:57,232 [pool-7-thread-3] INFO  commands.RetriableDatanodeEventWatcher (RetriableDatanodeEventWatcher.java:onTimeout(47)) - RetriableDatanodeCommand type=deleteBlocksCommand with id=1569037782615 timed out. Retrying.
2019-09-21 03:49:57,240 [pool-7-thread-3] INFO  commands.RetriableDatanodeEventWatcher (RetriableDatanodeEventWatcher.java:onTimeout(47)) - RetriableDatanodeCommand type=deleteBlocksCommand with id=1569037782723 timed out. Retrying.
2019-09-21 03:49:57,243 [pool-7-thread-3] INFO  commands.RetriableDatanodeEventWatcher (RetriableDatanodeEventWatcher.java:onTimeout(47)) - RetriableDatanodeCommand type=deleteBlocksCommand with id=1569037782684 timed out. Retrying.
2019-09-21 03:49:57,250 [pool-7-thread-3] INFO  commands.RetriableDatanodeEventWatcher (RetriableDatanodeEventWatcher.java:onTimeout(47)) - RetriableDatanodeCommand type=deleteBlocksCommand with id=1569037782625 timed out. Retrying.
2019-09-21 03:49:57,287 [pool-7-thread-3] INFO  commands.RetriableDatanodeEventWatcher (RetriableDatanodeEventWatcher.java:onTimeout(47)) - RetriableDatanodeCommand type=deleteBlocksCommand with id=1569037782714 timed out. Retrying.
2019-09-21 03:49:57,287 [pool-7-thread-4] INFO  commands.RetriableDatanodeEventWatcher (RetriableDatanodeEventWatcher.java:onTimeout(47)) - RetriableDatanodeCommand type=deleteBlocksCommand with id=1569037782635 timed out. Retrying.
2019-09-21 03:49:57,287 [pool-7-thread-10] INFO  commands.RetriableDatanodeEventWatcher (RetriableDatanodeEventWatcher.java:onTimeout(47)) - RetriableDatanodeCommand type=deleteBlocksCommand with id=1569037782704 timed out. Retrying.
2019-09-21 03:49:57,287 [pool-7-thread-2] INFO  commands.RetriableDatanodeEventWatcher (RetriableDatanodeEventWatcher.java:onTimeout(47)) - RetriableDatanodeCommand type=deleteBlocksCommand with id=1569037782694 timed out. Retrying.
2019-09-21 03:49:57,288 [pool-7-thread-6] INFO  commands.RetriableDatanodeEventWatcher (RetriableDatanodeEventWatcher.java:onTimeout(47)) - RetriableDatanodeCommand type=deleteBlocksCommand with id=1569037782645 timed out. Retrying.
2019-09-21 03:49:57,303 [pool-7-thread-2] INFO  commands.RetriableDatanodeEventWatcher (RetriableDatanodeEventWatcher.java:onTimeout(47)) - RetriableDatanodeCommand type=deleteBlocksCommand with id=1569037782655 timed out. Retrying.
2019-09-21 03:49:57,303 [pool-7-thread-6] INFO  commands.RetriableDatanodeEventWatcher (RetriableDatanodeEventWatcher.java:onTimeout(47)) - RetriableDatanodeCommand type=deleteBlocksCommand with id=1569037782733 timed out. Retrying.
2019-09-21 03:49:57,315 [pool-7-thread-6] INFO  commands.RetriableDatanodeEventWatcher (RetriableDatanodeEventWatcher.java:onTimeout(47)) - RetriableDatanodeCommand type=deleteBlocksCommand with id=1569037782665 timed out. Retrying.
2019-09-21 03:49:57,319 [SCMBlockDeletingService#0] DEBUG block.SCMBlockDeletingService (SCMBlockDeletingService.java:call(138)) - Running DeletedBlockTransactionScanner
2019-09-21 03:49:57,319 [SCMBlockDeletingService#0] DEBUG block.SCMBlockDeletingService (SCMBlockDeletingService.java:call(155)) - Scanned deleted blocks log and got 0 delTX to process.
2019-09-21 03:49:57,323 [pool-7-thread-6] INFO  commands.RetriableDatanodeEventWatcher (RetriableDatanodeEventWatcher.java:onTimeout(47)) - RetriableDatanodeCommand type=deleteBlocksCommand with id=1569037782606 timed out. Retrying.
2019-09-21 03:49:57,330 [pool-7-thread-6] INFO  commands.RetriableDatanodeEventWatcher (RetriableDatanodeEventWatcher.java:onTimeout(47)) - RetriableDatanodeCommand type=deleteBlocksCommand with id=1569037782675 timed out. Retrying.
2019-09-21 03:49:57,333 [pool-7-thread-6] INFO  commands.RetriableDatanodeEventWatcher (RetriableDatanodeEventWatcher.java:onTimeout(47)) - RetriableDatanodeCommand type=deleteBlocksCommand with id=1569037782616 timed out. Retrying.
2019-09-21 03:49:57,342 [pool-7-thread-6] INFO  commands.RetriableDatanodeEventWatcher (RetriableDatanodeEventWatcher.java:onTimeout(47)) - RetriableDatanodeCommand type=deleteBlocksCommand with id=1569037782724 timed out. Retrying.
2019-09-21 03:49:57,345 [pool-7-thread-6] INFO  commands.RetriableDatanodeEventWatcher (RetriableDatanodeEventWatcher.java:onTimeout(47)) - RetriableDatanodeCommand type=deleteBlocksCommand with id=1569037782685 timed out. Retrying.
2019-09-21 03:49:57,351 [pool-7-thread-6] INFO  commands.RetriableDatanodeEventWatcher (RetriableDatanodeEventWatcher.java:onTimeout(47)) - RetriableDatanodeCommand type=deleteBlocksCommand with id=1569037782626 timed out. Retrying.
2019-09-21 03:49:57,359 [pool-7-thread-6] INFO  commands.RetriableDatanodeEventWatcher (RetriableDatanodeEventWatcher.java:onTimeout(47)) - RetriableDatanodeCommand type=deleteBlocksCommand with id=1569037782695 timed out. Retrying.
2019-09-21 03:49:57,371 [pool-7-thread-2] INFO  commands.RetriableDatanodeEventWatcher (RetriableDatanodeEventWatcher.java:onTimeout(47)) - RetriableDatanodeCommand type=deleteBlocksCommand with id=1569037782636 timed out. Retrying.
2019-09-21 03:49:57,371 [pool-7-thread-6] INFO  commands.RetriableDatanodeEventWatcher (RetriableDatanodeEventWatcher.java:onTimeout(47)) - RetriableDatanodeCommand type=deleteBlocksCommand with id=1569037782705 timed out. Retrying.
2019-09-21 03:49:57,383 [pool-7-thread-6] INFO  commands.RetriableDatanodeEventWatcher (RetriableDatanodeEventWatcher.java:onTimeout(47)) - RetriableDatanodeCommand type=deleteBlocksCommand with id=1569037782646 timed out. Retrying.
2019-09-21 03:49:57,383 [pool-7-thread-6] INFO  commands.RetriableDatanodeEventWatcher (RetriableDatanodeEventWatcher.java:onTimeout(47)) - RetriableDatanodeCommand type=deleteBlocksCommand with id=1569037782715 timed out. Retrying.
2019-09-21 03:49:57,405 [IPC Server handler 4 on 39082] WARN  block.DeletedBlockLogImpl (DeletedBlockLogImpl.java:incrementCount(141)) - Deleted TXID not found.
2019-09-21 03:49:57,405 [IPC Server handler 4 on 39082] WARN  block.DeletedBlockLogImpl (DeletedBlockLogImpl.java:incrementCount(141)) - Deleted TXID not found.
2019-09-21 03:49:57,406 [IPC Server handler 4 on 39082] WARN  block.DeletedBlockLogImpl (DeletedBlockLogImpl.java:incrementCount(141)) - Deleted TXID not found.
2019-09-21 03:49:57,406 [IPC Server handler 4 on 39082] WARN  block.DeletedBlockLogImpl (DeletedBlockLogImpl.java:incrementCount(141)) - Deleted TXID not found.
2019-09-21 03:49:57,406 [IPC Server handler 4 on 39082] WARN  block.DeletedBlockLogImpl (DeletedBlockLogImpl.java:incrementCount(141)) - Deleted TXID not found.
2019-09-21 03:49:57,406 [IPC Server handler 4 on 39082] WARN  block.DeletedBlockLogImpl (DeletedBlockLogImpl.java:incrementCount(141)) - Deleted TXID not found.
2019-09-21 03:49:57,406 [IPC Server handler 4 on 39082] WARN  block.DeletedBlockLogImpl (DeletedBlockLogImpl.java:incrementCount(141)) - Deleted TXID not found.
2019-09-21 03:49:57,406 [IPC Server handler 4 on 39082] WARN  block.DeletedBlockLogImpl (DeletedBlockLogImpl.java:incrementCount(141)) - Deleted TXID not found.
2019-09-21 03:49:57,407 [IPC Server handler 4 on 39082] WARN  block.DeletedBlockLogImpl (DeletedBlockLogImpl.java:incrementCount(141)) - Deleted TXID not found.
2019-09-21 03:49:57,407 [IPC Server handler 4 on 39082] WARN  block.DeletedBlockLogImpl (DeletedBlockLogImpl.java:incrementCount(141)) - Deleted TXID not found.
2019-09-21 03:49:57,407 [IPC Server handler 4 on 39082] WARN  block.DeletedBlockLogImpl (DeletedBlockLogImpl.java:incrementCount(141)) - Deleted TXID not found.
2019-09-21 03:49:57,407 [IPC Server handler 4 on 39082] WARN  block.DeletedBlockLogImpl (DeletedBlockLogImpl.java:incrementCount(141)) - Deleted TXID not found.
2019-09-21 03:49:57,407 [IPC Server handler 4 on 39082] WARN  block.DeletedBlockLogImpl (DeletedBlockLogImpl.java:incrementCount(141)) - Deleted TXID not found.
2019-09-21 03:49:57,407 [IPC Server handler 4 on 39082] WARN  block.DeletedBlockLogImpl (DeletedBlockLogImpl.java:incrementCount(141)) - Deleted TXID not found.
2019-09-21 03:49:57,407 [IPC Server handler 4 on 39082] WARN  block.DeletedBlockLogImpl (DeletedBlockLogImpl.java:incrementCount(141)) - Deleted TXID not found.
2019-09-21 03:49:57,407 [IPC Server handler 4 on 39082] WARN  block.DeletedBlockLogImpl (RetriableDatanodeEventWatcher.java:onTimeout(47)) - RetriableDatanodeCommand type=deleteBlocksCommand with id=1569037782734 timed out. Retrying.
DeletedBlockLogImpl.java:incrementCount(141)) - Deleted TXID not found.
2019-09-21 03:49:57,407 [pool-7-thread-6] INFO  commands.RetriableDatanodeEventWatcher (RetriableDatanodeEventWatcher.java:onTimeout(47)) - RetriableDatanodeCommand type=deleteBlocksCommand with id=1569037782734 timed out. Retrying.
2019-09-21 03:49:57,408 [IPC Server handler 4 on 39082] WARN  block.DeletedBlockLogImpl (DeletedBlockLogImpl.java:incrementCount(141)) - Deleted TXID not found.
2019-09-21 03:49:57,408 [IPC Server handler 4 on 39082] WARN  block.DeletedBlockLogImpl (DeletedBlockLogImpl.java:incrementCount(141)) - Deleted TXID not found.
2019-09-21 03:49:57,408 [IPC Server handler 4 on 39082] WARN  block.DeletedBlockLogImpl (DeletedBlockLogImpl.java:incrementCount(141)) - Deleted TXID not found.
2019-09-21 03:49:57,408 [IPC Server handler 4 on 39082] WARN  block.DeletedBlockLogImpl (DeletedBlockLogImpl.java:incrementCount(141)) - Deleted TXID not found.
2019-09-21 03:49:57,408 [IPC Server handler 4 on 39082] WARN  block.DeletedBlockLogImpl (DeletedBlockLogImpl.java:incrementCount(141)) - Deleted TXID not found.
2019-09-21 03:49:57,408 [IPC Server handler 4 on 39082] WARN  block.DeletedBlockLogImpl (DeletedBlockLogImpl.java:incrementCount(141)) - Deleted TXID not found.
2019-09-21 03:49:57,409 [IPC Server handler 4 on 39082] WARN  block.DeletedBlockLogImpl (DeletedBlockLogImpl.java:incrementCount(141)) - Deleted TXID not found.
2019-09-21 03:49:57,409 [IPC Server handler 4 on 39082] WARN  block.DeletedBlockLogImpl (DeletedBlockLogImpl.java:incrementCount(141)) - Deleted TXID not found.
2019-09-21 03:49:57,409 [IPC Server handler 4 on 39082] WARN  block.DeletedBlockLogImpl (DeletedBlockLogImpl.java:incrementCount(141)) - Deleted TXID not found.
2019-09-21 03:49:57,409 [IPC Server handler 4 on 39082] WARN  block.DeletedBlockLogImpl (DeletedBlockLogImpl.java:incrementCount(141)) - Deleted TXID not found.
2019-09-21 03:49:57,409 [IPC Server handler 4 on 39082] WARN  block.DeletedBlockLogImpl (DeletedBlockLogImpl.java:incrementCount(141)) - Deleted TXID not found.
2019-09-21 03:49:57,409 [IPC Server handler 4 on 39082] WARN  block.DeletedBlockLogImpl (DeletedBlockLogImpl.java:incrementCount(141)) - Deleted TXID not found.
2019-09-21 03:49:57,409 [IPC Server handler 4 on 39082] WARN  block.DeletedBlockLogImpl (DeletedBlockLogImpl.java:incrementCount(141)) - Deleted TXID not found.
2019-09-21 03:49:57,410 [IPC Server handler 4 on 39082] WARN  block.DeletedBlockLogImpl (DeletedBlockLogImpl.java:incrementCount(141)) - Deleted TXID not found.
2019-09-21 03:49:57,410 [IPC Server handler 4 on 39082] WARN  block.DeletedBlockLogImpl (DeletedBlockLogImpl.java:incrementCount(141)) - Deleted TXID not found.
2019-09-21 03:49:57,410 [IPC Server handler 4 on 39082] WARN  block.DeletedBlockLogImpl (DeletedBlockLogImpl.java:incrementCount(141)) - Deleted TXID not found.
2019-09-21 03:49:57,410 [IPC Server handler 4 on 39082] WARN  block.DeletedBlockLogImpl (DeletedBlockLogImpl.java:incrementCount(141)) - Deleted TXID not found.
2019-09-21 03:49:57,410 [IPC Server handler 4 on 39082] WARN  block.DeletedBlockLogImpl (DeletedBlockLogImpl.java:incrementCount(141)) - Deleted TXID not found.
2019-09-21 03:49:57,410 [IPC Server handler 4 on 39082] WARN  block.DeletedBlockLogImpl (DeletedBlockLogImpl.java:incrementCount(141)) - Deleted TXID not found.
2019-09-21 03:49:57,410 [IPC Server handler 4 on 39082] WARN  block.DeletedBlockLogImpl (DeletedBlockLogImpl.java:incrementCount(141)) - Deleted TXID not found.
2019-09-21 03:49:57,411 [IPC Server handler 4 on 39082] WARN  block.DeletedBlockLogImpl (DeletedBlockLogImpl.java:incrementCount(141)) - Deleted TXID not found.
2019-09-21 03:49:57,411 [IPC Server handler 4 on 39082] WARN  block.DeletedBlockLogImpl (DeletedBlockLogImpl.java:incrementCount(141)) - Deleted TXID not found.
2019-09-21 03:49:57,411 [IPC Server handler 4 on 39082] WARN  block.DeletedBlockLogImpl (DeletedBlockLogImpl.java:incrementCount(141)) - Deleted TXID not found.
2019-09-21 03:49:57,411 [IPC Server handler 4 on 39082] WARN  block.DeletedBlockLogImpl (DeletedBlockLogImpl.java:incrementCount(141)) - Deleted TXID not found.
2019-09-21 03:49:57,411 [IPC Server handler 4 on 39082] WARN  block.DeletedBlockLogImpl (DeletedBlockLogImpl.java:incrementCount(141)) - Deleted TXID not found.
2019-09-21 03:49:57,411 [IPC Server handler 4 on 39082] WARN  block.DeletedBlockLogImpl (DeletedBlockLogImpl.java:incrementCount(141)) - Deleted TXID not found.
2019-09-21 03:49:57,411 [IPC Server handler 4 on 39082] WARN  block.DeletedBlockLogImpl (DeletedBlockLogImpl.java:incrementCount(141)) - Deleted TXID not found.
2019-09-21 03:49:57,412 [IPC Server handler 4 on 39082] WARN  block.DeletedBlockLogImpl (DeletedBlockLogImpl.java:incrementCount(141)) - Deleted TXID not found.
2019-09-21 03:49:57,412 [IPC Server handler 4 on 39082] WARN  block.DeletedBlockLogImpl (DeletedBlockLogImpl.java:incrementCount(141)) - Deleted TXID not found.
2019-09-21 03:49:57,412 [IPC Server handler 4 on 39082] WARN  block.DeletedBlockLogImpl (DeletedBlockLogImpl.java:incrementCount(141)) - Deleted TXID not found.
2019-09-21 03:49:57,412 [IPC Server handler 4 on 39082] WARN  block.DeletedBlockLogImpl (DeletedBlockLogImpl.java:incrementCount(141)) - Deleted TXID not found.
2019-09-21 03:49:57,412 [IPC Server handler 4 on 39082] WARN  block.DeletedBlockLogImpl (DeletedBlockLogImpl.java:incrementCount(141)) - Deleted TXID not found.
2019-09-21 03:49:57,412 [IPC Server handler 4 on 39082] WARN  block.DeletedBlockLogImpl (DeletedBlockLogImpl.java:incrementCount(141)) - Deleted TXID not found.
2019-09-21 03:49:57,413 [IPC Server handler 4 on 39082] WARN  block.DeletedBlockLogImpl (DeletedBlockLogImpl.java:incrementCount(141)) - Deleted TXID not found.
2019-09-21 03:49:57,413 [IPC Server handler 4 on 39082] WARN  block.DeletedBlockLogImpl (DeletedBlockLogImpl.java:incrementCount(141)) - Deleted TXID not found.
2019-09-21 03:49:57,413 [IPC Server handler 4 on 39082] WARN  block.DeletedBlockLogImpl (DeletedBlockLogImpl.java:incrementCount(141)) - Deleted TXID not found.
2019-09-21 03:49:57,413 [IPC Server handler 4 on 39082] WARN  block.DeletedBlockLogImpl (DeletedBlockLogImpl.java:incrementCount(141)) - Deleted TXID not found.
2019-09-21 03:49:57,413 [IPC Server handler 4 on 39082] WARN  block.DeletedBlockLogImpl (DeletedBlockLogImpl.java:incrementCount(141)) - Deleted TXID not found.
2019-09-21 03:49:57,413 [IPC Server handler 4 on 39082] WARN  block.DeletedBlockLogImpl (DeletedBlockLogImpl.java:incrementCount(141)) - Deleted TXID not found.
2019-09-21 03:49:57,413 [IPC Server handler 4 on 39082] WARN  block.DeletedBlockLogImpl (DeletedBlockLogImpl.java:incrementCount(141)) - Deleted TXID not found.
2019-09-21 03:49:57,414 [IPC Server handler 4 on 39082] WARN  block.DeletedBlockLogImpl (DeletedBlockLogImpl.java:incrementCount(141)) - Deleted TXID not found.
2019-09-21 03:49:57,414 [IPC Server handler 4 on 39082] WARN  block.DeletedBlockLogImpl (DeletedBlockLogImpl.java:incrementCount(141)) - Deleted TXID not found.
2019-09-21 03:49:57,414 [IPC Server handler 4 on 39082] WARN  block.DeletedBlockLogImpl (DeletedBlockLogImpl.java:incrementCount(141)) - Deleted TXID not found.
2019-09-21 03:49:57,414 [IPC Server handler 4 on 39082] WARN  block.DeletedBlockLogImpl (DeletedBlockLogImpl.java:incrementCount(141)) - Deleted TXID not found.
2019-09-21 03:49:57,414 [IPC Server handler 4 on 39082] WARN  block.DeletedBlockLogImpl (DeletedBlockLogImpl.java:incrementCount(141)) - Deleted TXID not found.
2019-09-21 03:49:57,414 [IPC Server handler 4 on 39082] WARN  block.DeletedBlockLogImpl (DeletedBlockLogImpl.java:incrementCount(141)) - Deleted TXID not found.
2019-09-21 03:49:57,414 [IPC Server handler 4 on 39082] WARN  block.DeletedBlockLogImpl (DeletedBlockLogImpl.java:incrementCount(141)) - Deleted TXID not found.
2019-09-21 03:49:57,415 [IPC Server handler 4 on 39082] WARN  block.DeletedBlockLogImpl (DeletedBlockLogImpl.java:incrementCount(141)) - Deleted TXID not found.
2019-09-21 03:49:57,415 [IPC Server handler 4 on 39082] WARN  block.DeletedBlockLogImpl (DeletedBlockLogImpl.java:incrementCount(141)) - Deleted TXID not found.
2019-09-21 03:49:57,415 [IPC Server handler 4 on 39082] WARN  block.DeletedBlockLogImpl (DeletedBlockLogImpl.java:incrementCount(141)) - Deleted TXID not found.
2019-09-21 03:49:57,415 [IPC Server handler 4 on 39082] WARN  block.DeletedBlockLogImpl (DeletedBlockLogImpl.java:incrementCount(141)) - Deleted TXID not found.
2019-09-21 03:49:57,415 [IPC Server handler 4 on 39082] WARN  block.DeletedBlockLogImpl (DeletedBlockLogImpl.java:incrementCount(141)) - Deleted TXID not found.
2019-09-21 03:49:57,415 [IPC Server handler 4 on 39082] WARN  block.DeletedBlockLogImpl (DeletedBlockLogImpl.java:incrementCount(141)) - Deleted TXID not found.
2019-09-21 03:49:57,415 [IPC Server handler 4 on 39082] WARN  block.DeletedBlockLogImpl (DeletedBlockLogImpl.java:incrementCount(141)) - Deleted TXID not found.
2019-09-21 03:49:57,416 [IPC Server handler 4 on 39082] WARN  block.DeletedBlockLogImpl (DeletedBlockLogImpl.java:incrementCount(141)) - Deleted TXID not found.
2019-09-21 03:49:57,416 [IPC Server handler 4 on 39082] WARN  block.DeletedBlockLogImpl (DeletedBlockLogImpl.java:incrementCount(141)) - Deleted TXID not found.
2019-09-21 03:49:57,416 [IPC Server handler 4 on 39082] WARN  block.DeletedBlockLogImpl (DeletedBlockLogImpl.java:incrementCount(141)) - Deleted TXID not found.
2019-09-21 03:49:57,416 [IPC Server handler 4 on 39082] WARN  block.DeletedBlockLogImpl (DeletedBlockLogImpl.java:incrementCount(141)) - Deleted TXID not found.
2019-09-21 03:49:57,416 [IPC Server handler 4 on 39082] WARN  block.DeletedBlockLogImpl (DeletedBlockLogImpl.java:incrementCount(141)) - Deleted TXID not found.
2019-09-21 03:49:57,416 [IPC Server handler 4 on 39082] WARN  block.DeletedBlockLogImpl (DeletedBlockLogImpl.java:incrementCount(141)) - Deleted TXID not found.
2019-09-21 03:49:57,416 [IPC Server handler 4 on 39082] WARN  block.DeletedBlockLogImpl (DeletedBlockLogImpl.java:incrementCount(141)) - Deleted TXID not found.
2019-09-21 03:49:57,417 [IPC Server handler 4 on 39082] WARN  block.DeletedBlockLogImpl (DeletedBlockLogImpl.java:incrementCount(141)) - Deleted TXID not found.
2019-09-21 03:49:57,417 [BlockDeletingService#0] INFO  background.BlockDeletingService (BlockDeletingService.java:call(314)) - Container: 1, deleted blocks: 185, task elapsed time: 978ms
2019-09-21 03:49:57,419 [SCMBlockDeletingService#0] DEBUG block.SCMBlockDeletingService (SCMBlockDeletingService.java:call(138)) - Running DeletedBlockTransactionScanner
2019-09-21 03:49:57,419 [SCMBlockDeletingService#0] DEBUG block.SCMBlockDeletingService (SCMBlockDeletingService.java:call(155)) - Scanned deleted blocks log and got 0 delTX to process.
2019-09-21 03:49:57,421 [pool-7-thread-6] INFO  commands.RetriableDatanodeEventWatcher (RetriableDatanodeEventWatcher.java:onTimeout(47)) - RetriableDatanodeCommand type=deleteBlocksCommand with id=1569037782666 timed out. Retrying.
2019-09-21 03:49:57,421 [Command processor thread] INFO  commandhandler.DeleteBlocksCommandHandler (DeleteBlocksCommandHandler.java:handle(106)) - Start to delete container blocks, TXIDs=[1(0),2(0),3(0)], numOfContainers=3, numOfBlocks=553
]]></system-out>
    <system-err><![CDATA[ERROR StatusLogger No Log4j 2 configuration file found. Using default configuration (logging only errors to the console), or user programmatically provided configurations. Set system property 'log4j2.debug' to show Log4j 2 internal initialization logging. See https://logging.apache.org/log4j/2.x/manual/configuration.html for instructions on how to configure Log4j 2
]]></system-err>
  </testcase>
</testsuite>